-- GAME --
P0 HAND: ADiamonds, 6Diamonds, 7Clubs, 6Clubs, 2Clubs, ASpades, 7Spades, 6Spades, 5Spades, 3Spades.
P1 HAND: KDiamonds, 4Diamonds, AClubs, JClubs, QClubs, AHearts, 4Hearts, KSpades, QSpades, 2Spades.
P2 HAND: JDiamonds, 3Diamonds, 2Diamonds, KClubs, 4Clubs, 7Hearts, KHearts, JHearts, 6Hearts, 2Hearts.
P3 HAND: 7Diamonds, QDiamonds, 5Diamonds, 5Clubs, 3Clubs, QHearts, 5Hearts, 3Hearts, JSpades, 4Spades.
P3 3Hearts P0 3Spades P1 AHearts P2 2Hearts 
P1 2Spades P2 2Diamonds P3 4Spades P0 ASpades 
P0 7Spades P1 QSpades P2 7Hearts P3 JSpades 
P0 ADiamonds P1 4Diamonds P2 JDiamonds P3 5Diamonds 
P0 6Spades P1 KSpades P2 3Diamonds P3 7Diamonds 
P1 4Hearts P2 6Hearts P3 5Hearts P0 6Diamonds 
P2 JHearts P3 QHearts P0 2Clubs P1 QClubs 
P1 JClubs P2 4Clubs P3 3Clubs P0 7Clubs 
P0 5Spades P1 AClubs P2 KHearts P3 QDiamonds 
P1 KDiamonds P2 KClubs P3 5Clubs P0 6Clubs 
-- /GAME --
P0 HAND: JDiamonds, 6Diamonds, 3Diamonds, AClubs, 5Clubs, 3Clubs, KHearts, JHearts, 3Hearts, 2Spades.
P1 HAND: QDiamonds, 5Diamonds, 2Diamonds, 7Clubs, QClubs, 4Clubs, AHearts, 7Hearts, 2Hearts, QSpades.
P2 HAND: ADiamonds, 7Diamonds, KDiamonds, JClubs, 6Clubs, 2Clubs, QHearts, 5Hearts, JSpades, 6Spades.
P3 HAND: 4Diamonds, KClubs, 6Hearts, 4Hearts, ASpades, 7Spades, KSpades, 5Spades, 4Spades, 3Spades.
P2 ADiamonds P3 4Diamonds P0 JDiamonds P1 2Diamonds 
P2 5Hearts P3 4Hearts P0 3Hearts P1 AHearts 
P1 2Hearts P2 QHearts P3 6Hearts P0 KHearts 
P0 2Spades P1 QSpades P2 6Spades P3 ASpades 
P3 3Spades P0 JHearts P1 5Diamonds P2 JSpades 
P2 2Clubs P3 KClubs P0 3Clubs P1 4Clubs 
P3 4Spades P0 6Diamonds P1 QDiamonds P2 6Clubs 
P2 JClubs P3 5Spades P0 5Clubs P1 QClubs 
P2 KDiamonds P3 KSpades P0 3Diamonds P1 7Clubs 
P1 7Hearts P2 7Diamonds P3 7Spades P0 AClubs 
-- /GAME --
P0 HAND: ADiamonds, QDiamonds, 5Clubs, 3Clubs, 7Hearts, KHearts, JHearts, 5Hearts, 3Hearts, 3Spades.
P1 HAND: 7Diamonds, 5Diamonds, 4Diamonds, 6Clubs, 4Clubs, 2Clubs, 7Spades, 6Spades, 4Spades, 2Spades.
P2 HAND: 6Diamonds, 3Diamonds, 7Clubs, JClubs, QClubs, AHearts, 4Hearts, ASpades, KSpades, QSpades.
P3 HAND: KDiamonds, JDiamonds, 2Diamonds, AClubs, KClubs, QHearts, 6Hearts, 2Hearts, JSpades, 5Spades.
P1 2Clubs P2 QClubs P3 AClubs P0 3Clubs 
P3 2Diamonds P0 QDiamonds P1 4Diamonds P2 6Diamonds 
P0 JHearts P1 2Spades P2 4Hearts P3 2Hearts 
P0 3Spades P1 4Spades P2 ASpades P3 5Spades 
P2 3Diamonds P3 JDiamonds P0 ADiamonds P1 5Diamonds 
P0 5Clubs P1 4Clubs P2 7Clubs P3 KClubs 
P2 QSpades P3 JSpades P0 5Hearts P1 6Spades 
P0 KHearts P1 6Clubs P2 AHearts P3 6Hearts 
P2 JClubs P3 QHearts P0 7Hearts P1 7Diamonds 
P0 3Hearts P1 7Spades P2 KSpades P3 KDiamonds 
-- /GAME --
P0 HAND: ADiamonds, 6Diamonds, 3Diamonds, AClubs, QClubs, 4Clubs, 6Hearts, 4Hearts, 2Hearts, 7Spades.
P1 HAND: KDiamonds, 2Diamonds, 7Clubs, KClubs, JClubs, AHearts, JHearts, 5Hearts, KSpades, 2Spades.
P2 HAND: 7Diamonds, QDiamonds, 5Diamonds, 6Clubs, 2Clubs, 7Hearts, ASpades, JSpades, 5Spades, 4Spades.
P3 HAND: JDiamonds, 4Diamonds, 5Clubs, 3Clubs, KHearts, QHearts, 3Hearts, QSpades, 6Spades, 3Spades.

