-- GAME --
P0 HAND: 2Diamonds, 2Clubs, 6Hearts, 3Hearts, 2Hearts, ASpades, KSpades, QSpades, 6Spades, 4Spades.
P1 HAND: ADiamonds, 6Diamonds, 5Diamonds, 7Clubs, 6Clubs, 5Clubs, 3Clubs, AHearts, JHearts, JSpades.
P2 HAND: KDiamonds, QDiamonds, 4Diamonds, 3Diamonds, KClubs, KHearts, QHearts, 5Hearts, 7Spades, 5Spades.
P3 HAND: 7Diamonds, JDiamonds, AClubs, JClubs, QClubs, 4Clubs, 7Hearts, 4Hearts, 3Spades, 2Spades.
P2 5Hearts P3 4Hearts P0 3Hearts P1 AHearts 
P1 3Clubs P2 KClubs P3 AClubs P0 2Clubs 
P3 2Spades P0 ASpades P1 JSpades P2 7Spades 
P0 KSpades P1 5Clubs P2 5Spades P3 3Spades 
P0 QSpades P1 6Clubs P2 KHearts P3 JDiamonds 
P3 4Clubs P0 2Diamonds P1 7Clubs P2 QHearts 
P0 2Hearts P1 JHearts P2 3Diamonds P3 7Hearts 
P2 4Diamonds P3 7Diamonds P0 6Hearts P1 5Diamonds 
P3 QClubs P0 6Spades P1 6Diamonds P2 QDiamonds 
P2 KDiamonds P3 JClubs P0 4Spades P1 ADiamonds 
-- /GAME --
P0 HAND: JDiamonds, 3Diamonds, 7Clubs, QClubs, 6Clubs, 5Clubs, JHearts, 4Hearts, 3Hearts, ASpades.
P1 HAND: ADiamonds, 6Diamonds, 3Clubs, 2Clubs, 2Hearts, KSpades, JSpades, 5Spades, 4Spades, 2Spades.
P2 HAND: 7Diamonds, 4Diamonds, 2Diamonds, JClubs, AHearts, 7Hearts, 6Hearts, 7Spades, 6Spades, 3Spades.
P3 HAND: KDiamonds, QDiamonds, 5Diamonds, AClubs, KClubs, 4Clubs, KHearts, QHearts, 5Hearts, QSpades.
P1 ADiamonds P2 2Diamonds P3 KDiamonds P0 3Diamonds 
P1 2Clubs P2 JClubs P3 AClubs P0 5Clubs 
P3 4Clubs P0 7Clubs P1 3Clubs P2 7Diamonds 
P0 ASpades P1 2Spades P2 7Spades P3 QSpades 
P0 QClubs P1 4Spades P2 3Spades P3 KClubs 
P3 5Diamonds P0 JDiamonds P1 6Diamonds P2 4Diamonds 
P0 6Clubs P1 5Spades P2 6Spades P3 QDiamonds 
P0 3Hearts 
