-- GAME --
P0 HAND: KDiamonds, 6Diamonds, AClubs, QClubs, 3Clubs, 5Hearts, 7Spades, 5Spades, 4Spades, 2Spades.
P1 HAND: ADiamonds, 7Diamonds, 2Diamonds, 6Clubs, 5Clubs, 7Hearts, KHearts, JHearts, 6Hearts, 6Spades.
P2 HAND: JDiamonds, QDiamonds, KClubs, JClubs, 4Clubs, 2Clubs, AHearts, 3Hearts, KSpades, QSpades.
P3 HAND: 5Diamonds, 4Diamonds, 3Diamonds, 7Clubs, QHearts, 4Hearts, 2Hearts, ASpades, JSpades, 3Spades.
P1 ADiamonds P2 QDiamonds P3 5Diamonds P0 6Diamonds 
P1 2Diamonds P2 JDiamonds P3 3Diamonds P0 KDiamonds 
P0 2Spades P1 6Spades P2 QSpades P3 3Spades 
P2 AHearts P3 2Hearts P0 5Hearts P1 6Hearts 
P2 2Clubs P3 7Clubs P0 AClubs P1 5Clubs 
P0 4Spades P1 6Clubs P2 KSpades P3 JSpades 
P2 3Hearts P3 4Hearts P0 7Spades P1 JHearts 
P0 3Clubs P1 KHearts P2 4Clubs P3 4Diamonds 
P2 JClubs P3 QHearts P0 QClubs P1 7Diamonds 
P2 KClubs P3 ASpades P0 5Spades P1 7Hearts 
-- /GAME --
P0 HAND: JDiamonds, 3Diamonds, 2Diamonds, 4Clubs, AHearts, QHearts, 6Hearts, 3Hearts, QSpades, 4Spades.
P1 HAND: KDiamonds, 5Diamonds, 7Clubs, KClubs, QClubs, KHearts, 5Hearts, 7Spades, JSpades, 5Spades.
P2 HAND: 7Diamonds, QDiamonds, 6Diamonds, AClubs, 6Clubs, 5Clubs, 7Hearts, 4Hearts, ASpades, 3Spades.
P3 HAND: ADiamonds, 4Diamonds, JClubs, 3Clubs, 2Clubs, JHearts, 2Hearts, KSpades, 6Spades, 2Spades.
P0 AHearts P1 5Hearts P2 7Hearts P3 2Hearts 
P0 4Clubs P1 QClubs P2 AClubs P3 2Clubs 
P2 ASpades P3 2Spades P0 QSpades P1 5Spades 
P2 3Spades P3 6Spades P0 4Spades P1 7Spades 
P1 JSpades P2 4Hearts P3 KSpades P0 JDiamonds 
P0 6Hearts P1 KHearts P2 5Clubs P3 JHearts 
P1 5Diamonds P2 6Diamonds P3 4Diamonds P0 2Diamonds 
P2 6Clubs P3 3Clubs P0 3Diamonds P1 KClubs 
P0 3Hearts P1 KDiamonds P2 QDiamonds P3 JClubs 
P1 7Clubs P2 7Diamonds P3 ADiamonds P0 QHearts 
-- /GAME --
P0 HAND: ADiamonds, 7Clubs, KClubs, 5Clubs, 4Clubs, 7Hearts, KHearts, 5Hearts, 7Spades, QSpades.
P1 HAND: KDiamonds, JDiamonds, 5Diamonds, 3Diamonds, 2Clubs, AHearts, JHearts, 3Hearts, ASpades, 2Spades.
P2 HAND: 7Diamonds, JClubs, 6Clubs, 3Clubs, QHearts, 6Hearts, 4Hearts, KSpades, 5Spades, 4Spades.
P3 HAND: QDiamonds, 6Diamonds, 4Diamonds, 2Diamonds, AClubs, QClubs, 2Hearts, JSpades, 6Spades, 3Spades.
P3 AClubs P0 4Clubs P1 2Clubs P2 3Clubs 
P3 2Diamonds P0 ADiamonds P1 3Diamonds P2 7Diamonds 
P0 KHearts P1 3Hearts P2 4Hearts P3 2Hearts 
P0 5Hearts P1 JHearts P2 6Hearts P3 JSpades 
P1 ASpades P2 4Spades P3 6Spades P0 QSpades 
P1 2Spades P2 5Spades P3 3Spades P0 7Spades 
P0 7Clubs P1 AHearts P2 6Clubs P3 QClubs 
P1 5Diamonds P2 QHearts P3 4Diamonds P0 5Clubs 
P2 JClubs P3 6Diamonds P0 KClubs P1 JDiamonds 
P0 7Hearts P1 KDiamonds P2 KSpades P3 QDiamonds 
-- /GAME --
P0 HAND: 2Clubs, QHearts, 6Hearts, 5Hearts, 4Hearts, ASpades, 7Spades, KSpades, JSpades, 4Spades.
P1 HAND: JDiamonds, QDiamonds, 6Diamonds, 5Diamonds, 2Diamonds, 5Clubs, AHearts, 7Hearts, 2Hearts, 2Spades.
P2 HAND: ADiamonds, 7Diamonds, 4Diamonds, 7Clubs, QClubs, 6Clubs, 4Clubs, QSpades, 6Spades, 3Spades.
P3 HAND: KDiamonds, 3Diamonds, AClubs, KClubs, JClubs, 3Clubs, KHearts, JHearts, 3Hearts, 5Spades.
P2 3Spades P3 5Spades P0 ASpades P1 2Spades 
P0 2Clubs P1 5Clubs P2 4Clubs P3 AClubs 
P3 3Clubs P0 4Hearts P1 2Hearts P2 7Clubs 
P2 6Clubs P3 JClubs P0 5Hearts P1 AHearts 
P3 3Hearts P0 QHearts P1 7Hearts P2 4Diamonds 
P2 6Spades P3 3Diamonds P0 4Spades P1 2Diamonds 
P3 JHearts P0 6Hearts P1 5Diamonds P2 QClubs 
P1 6Diamonds P2 7Diamonds P3 KDiamonds P0 7Spades 
P2 QSpades P3 KClubs P0 JSpades P1 QDiamonds 
P1 JDiamonds P2 ADiamonds P3 KHearts P0 KSpades 
-- /GAME --
P0 HAND: ADiamonds, KClubs, JClubs, QClubs, 6Clubs, 4Clubs, 6Hearts, 3Hearts, 5Spades, 3Spades.
P1 HAND: KDiamonds, JDiamonds, QDiamonds, 4Diamonds, 5Clubs, 3Clubs, 7Hearts, JHearts, QHearts, 2Spades.
P2 HAND: 5Diamonds, 3Diamonds, 2Diamonds, KHearts, 4Hearts, 2Hearts, 7Spades, KSpades, 6Spades, 4Spades.
P3 HAND: 7Diamonds, 6Diamonds, AClubs, 7Clubs, 2Clubs, AHearts, 5Hearts, ASpades, JSpades, QSpades.
P1 2Spades P2 4Spades P3 ASpades P0 3Spades 
P3 AHearts P0 3Hearts P1 7Hearts P2 2Hearts 
P3 5Hearts P0 6Hearts P1 QHearts P2 KHearts 
P2 2Diamonds P3 6Diamonds P0 ADiamonds P1 4Diamonds 
P0 4Clubs P1 3Clubs P2 3Diamonds P3 2Clubs 
P0 6Clubs P1 5Clubs P2 4Hearts P3 7Clubs 
P3 QSpades P0 5Spades P1 QDiamonds P2 7Spades 
P2 5Diamonds P3 7Diamonds P0 JClubs P1 JDiamonds 
P0 QClubs P1 JHearts P2 6Spades P3 AClubs 
P3 JSpades P0 KClubs P1 KDiamonds P2 KSpades 
-- /GAME --
P0 HAND: 3Diamonds, 7Clubs, KClubs, 3Clubs, JHearts, QHearts, ASpades, KSpades, QSpades, 3Spades.
P1 HAND: ADiamonds, JDiamonds, QDiamonds, 5Diamonds, JClubs, AHearts, 5Hearts, 3Hearts, 7Spades, JSpades.
P2 HAND: 7Diamonds, 6Diamonds, AClubs, 7Hearts, KHearts, 6Hearts, 4Hearts, 2Hearts, 4Spades, 2Spades.
P3 HAND: KDiamonds, 4Diamonds, 2Diamonds, QClubs, 6Clubs, 5Clubs, 4Clubs, 2Clubs, 6Spades, 5Spades.

