-- GAME --
P3 4Clubs 
P2 JSpades P3 6Spades P0 3Clubs P1 6Hearts 
P0 QClubs P1 KClubs P2 KSpades P3 5Clubs 
P1 KHearts P2 7Spades P3 6Diamonds P0 6Clubs 
-- /GAME --
P0 HAND: 7Diamonds, 6Diamonds, 7Clubs, 2Clubs, JHearts, 6Hearts, 5Hearts, KSpades, QSpades, 4Spades.
P1 HAND: ADiamonds, KDiamonds, AClubs, AHearts, KHearts, 4Hearts, 2Hearts, 7Spades, 5Spades, 3Spades.
P2 HAND: QDiamonds, 4Diamonds, 3Diamonds, JClubs, QClubs, 4Clubs, ASpades, JSpades, 6Spades, 2Spades.
P3 HAND: JDiamonds, 5Diamonds, 2Diamonds, KClubs, 6Clubs, 5Clubs, 3Clubs, 7Hearts, QHearts, 3Hearts.
P1 ADiamonds P2 3Diamonds P3 JDiamonds P0 6Diamonds 
P1 AClubs P2 4Clubs P3 KClubs P0 2Clubs 
P1 3Spades P2 ASpades P3 3Hearts P0 4Spades 
P3 2Diamonds P0 7Diamonds P1 KDiamonds P2 QDiamonds 
P0 5Hearts P1 2Hearts P2 2Spades P3 QHearts 
P3 3Clubs P0 7Clubs P1 4Hearts P2 QClubs 
P1 5Spades P2 6Spades P3 5Diamonds P0 KSpades 
P0 QSpades P1 7Spades P2 JSpades P3 6Clubs 
P1 KHearts P2 4Diamonds P3 7Hearts P0 6Hearts 
P3 5Clubs P0 JHearts P1 AHearts P2 JClubs 
-- /GAME --
P0 HAND: 7Clubs, 5Clubs, 4Clubs, 7Hearts, KHearts, 5Hearts, 7Spades, KSpades, JSpades, QSpades.
P1 HAND: 6Diamonds, 2Diamonds, KClubs, 6Clubs, 2Clubs, AHearts, 6Hearts, 2Hearts, ASpades, 4Spades.
P2 HAND: ADiamonds, 7Diamonds, KDiamonds, 5Diamonds, 4Diamonds, JClubs, 4Hearts, 3Hearts, 5Spades, 2Spades.
P3 HAND: JDiamonds, QDiamonds, 3Diamonds, AClubs, QClubs, 3Clubs, JHearts, QHearts, 6Spades, 3Spades.
P0 7Hearts P1 AHearts P2 3Hearts P3 JHearts 
P1 ASpades P2 2Spades P3 6Spades P0 JSpades 
P1 2Clubs P2 JClubs P3 AClubs P0 5Clubs 
P3 3Clubs P0 7Clubs P1 6Clubs P2 5Spades 
P0 7Spades P1 4Spades P2 4Hearts P3 3Spades 
P0 KSpades P1 2Hearts P2 4Diamonds P3 QClubs 
P2 5Diamonds P3 3Diamonds P0 KHearts P1 2Diamonds 
P2 KDiamonds P3 QDiamonds P0 5Hearts P1 6Diamonds 
P2 7Diamonds P3 JDiamonds P0 4Clubs P1 6Hearts 
P2 ADiamonds P3 QHearts P0 QSpades P1 KClubs 
-- /GAME --

