-- GAME --
P0 7Spades 
P0 6Clubs P1 KClubs P2 4Clubs P3 4Spades 
P3 ASpades P0 QSpades P1 KSpades P2 7Diamonds 
-- /GAME --
P0 HAND: 7Diamonds, JDiamonds, 7Clubs, 6Clubs, 3Clubs, KHearts, 3Hearts, QSpades, 4Spades, 2Spades.
P1 HAND: ADiamonds, QDiamonds, 4Diamonds, 3Diamonds, QHearts, 6Hearts, 4Hearts, 7Spades, 6Spades, 5Spades.
P2 HAND: KDiamonds, 5Diamonds, AClubs, JClubs, QClubs, 4Clubs, 7Hearts, 5Hearts, KSpades, 3Spades.
P3 HAND: 6Diamonds, 2Diamonds, KClubs, 5Clubs, 2Clubs, AHearts, JHearts, 2Hearts, ASpades, JSpades.
P0 JDiamonds P1 ADiamonds P2 5Diamonds P3 6Diamonds 
P1 3Diamonds P2 KDiamonds P3 2Diamonds P0 7Diamonds 
P0 3Clubs P1 4Diamonds P2 AClubs P3 2Clubs 
P2 3Spades P3 ASpades P0 2Spades P1 7Spades 
P3 5Clubs P0 6Clubs P1 5Spades P2 JClubs 
P2 4Clubs P3 KClubs P0 7Clubs P1 4Hearts 
P1 6Spades P2 KSpades P3 JSpades P0 QSpades 
P2 QClubs P3 2Hearts P0 KHearts P1 QDiamonds 
P0 4Spades P1 6Hearts P2 5Hearts P3 JHearts 
P3 AHearts P0 3Hearts P1 QHearts P2 7Hearts 
-- /GAME --
P0 HAND: JDiamonds, 5Diamonds, 4Diamonds, AClubs, 7Hearts, KHearts, 6Hearts, 5Hearts, 2Hearts, 2Spades.
P1 HAND: 7Diamonds, 6Diamonds, 3Diamonds, 7Clubs, JClubs, 5Clubs, 2Clubs, QHearts, JSpades, 4Spades.
P2 HAND: ADiamonds, KClubs, QClubs, 6Clubs, AHearts, 3Hearts, KSpades, QSpades, 5Spades, 3Spades.
P3 HAND: KDiamonds, QDiamonds, 2Diamonds, 4Clubs, 3Clubs, JHearts, 4Hearts, ASpades, 7Spades, 6Spades.
P3 ASpades P0 2Spades P1 JSpades P2 3Spades 
P3 2Diamonds P0 4Diamonds P1 3Diamonds P2 ADiamonds 
P2 5Spades P3 6Spades P0 2Hearts P1 4Spades 
P0 AClubs P1 2Clubs P2 KClubs P3 3Clubs 
P0 5Diamonds P1 6Diamonds P2 6Clubs P3 KDiamonds 
P3 4Clubs P0 KHearts P1 5Clubs P2 QClubs 
P0 JDiamonds P1 7Diamonds P2 3Hearts P3 QDiamonds 
P2 QSpades P3 7Spades P0 6Hearts P1 QHearts 
P1 JClubs P2 AHearts P3 4Hearts P0 5Hearts 
P2 KSpades P3 JHearts P0 7Hearts P1 7Clubs 

