-- GAME --
P0 HAND: 6Diamonds, 4Diamonds, 3Diamonds, 2Diamonds, 5Clubs, AHearts, 4Hearts, 2Hearts, 6Spades, 3Spades.
P1 HAND: ADiamonds, 7Diamonds, JDiamonds, 7Clubs, KHearts, QHearts, 6Hearts, QSpades, 4Spades, 2Spades.
P2 HAND: KDiamonds, QDiamonds, 5Diamonds, KClubs, QClubs, 3Clubs, 2Clubs, ASpades, KSpades, JSpades.
P3 HAND: AClubs, JClubs, 6Clubs, 4Clubs, 7Hearts, JHearts, 5Hearts, 3Hearts, 7Spades, 5Spades.
P0 5Clubs P1 7Clubs P2 2Clubs P3 AClubs 
P3 4Clubs P0 3Spades P1 2Spades P2 KClubs 
P2 3Clubs P3 6Clubs P0 6Spades P1 ADiamonds 
P3 5Spades P0 2Hearts P1 4Spades P2 ASpades 
P0 6Diamonds P1 7Diamonds P2 5Diamonds P3 7Spades 
P1 QSpades P2 JSpades P3 3Hearts P0 4Hearts 
P0 4Diamonds P1 JDiamonds P2 QDiamonds P3 JClubs 
P1 6Hearts P2 QClubs P3 5Hearts P0 AHearts 
P0 2Diamonds P1 QHearts P2 KDiamonds P3 JHearts 
P3 7Hearts P0 3Diamonds P1 KHearts P2 KSpades 
-- /GAME --
P0 HAND: QDiamonds, 7Clubs, 6Clubs, 5Clubs, AHearts, QHearts, ASpades, 7Spades, 6Spades, 4Spades.
P1 HAND: JDiamonds, AClubs, KClubs, 7Hearts, JHearts, 5Hearts, 4Hearts, 3Hearts, 2Hearts, 3Spades.
P2 HAND: 7Diamonds, 5Diamonds, 4Diamonds, 3Diamonds, 2Diamonds, 2Clubs, KHearts, 6Hearts, QSpades, 5Spades.
P3 HAND: ADiamonds, KDiamonds, 6Diamonds, JClubs, QClubs, 4Clubs, 3Clubs, KSpades, JSpades, 2Spades.
P3 2Spades P0 ASpades P1 3Spades P2 QSpades 
P0 AHearts P1 2Hearts P2 KHearts P3 6Diamonds 
P3 3Clubs P0 5Clubs P1 AClubs P2 2Clubs 
P1 3Hearts P2 6Hearts P3 4Clubs P0 QHearts 
P0 7Clubs P1 KClubs P2 5Spades P3 QClubs 
P0 6Clubs P1 4Hearts P2 2Diamonds P3 JClubs 
P2 3Diamonds P3 KDiamonds P0 QDiamonds P1 JDiamonds 
P3 JSpades P0 7Spades P1 5Hearts P2 4Diamonds 
P2 5Diamonds P3 ADiamonds P0 6Spades P1 7Hearts 
P3 KSpades P0 4Spades P1 JHearts P2 7Diamonds 
-- /GAME --
P0 HAND: ADiamonds, 7Diamonds, QDiamonds, 6Diamonds, 4Diamonds, 5Hearts, 3Hearts, 2Hearts, KSpades, 3Spades.
P1 HAND: JDiamonds, 3Diamonds, JClubs, 7Hearts, KHearts, ASpades, QSpades, 6Spades, 5Spades, 2Spades.
P2 HAND: 5Diamonds, 2Diamonds, AClubs, 4Clubs, 3Clubs, 6Hearts, 4Hearts, 7Spades, JSpades, 4Spades.
P3 HAND: KDiamonds, 7Clubs, KClubs, QClubs, 6Clubs, 5Clubs, 2Clubs, AHearts, JHearts, QHearts.
P2 AClubs P3 2Clubs P0 7Diamonds P1 JClubs 
P2 2Diamonds P3 KDiamonds P0 ADiamonds P1 3Diamonds 
P0 QDiamonds P1 JDiamonds P2 5Diamonds P3 AHearts 
P1 7Hearts P2 4Hearts P3 JHearts P0 2Hearts 
P1 2Spades P2 4Spades P3 5Clubs P0 3Spades 
P2 3Clubs P3 6Clubs P0 3Hearts P1 KHearts 
P3 QClubs P0 5Hearts P1 5Spades P2 4Clubs 
P1 6Spades P2 JSpades P3 QHearts P0 KSpades 
P0 4Diamonds P1 QSpades P2 6Hearts P3 7Clubs 
P1 ASpades P2 7Spades P3 KClubs P0 6Diamonds 
-- /GAME --
P0 HAND: QDiamonds, 3Diamonds, 2Diamonds, QClubs, 6Clubs, KHearts, 2Hearts, KSpades, 6Spades, 5Spades.
P1 HAND: 7Diamonds, 5Diamonds, 4Diamonds, KClubs, JClubs, 3Clubs, AHearts, 7Hearts, 6Hearts, 3Hearts.
P2 HAND: ADiamonds, KDiamonds, JDiamonds, 6Diamonds, AClubs, 4Clubs, JHearts, JSpades, 3Spades, 2Spades.
P3 HAND: 7Clubs, 5Clubs, 2Clubs, QHearts, 5Hearts, 4Hearts, ASpades, 7Spades, QSpades, 4Spades.
P1 AHearts P2 JHearts P3 QHearts P0 2Hearts 
P1 3Clubs P2 AClubs P3 2Clubs P0 QClubs 
P2 2Spades P3 ASpades P0 5Spades P1 7Hearts 
P3 4Hearts P0 KHearts P1 3Hearts P2 JSpades 
P0 KSpades P1 6Hearts P2 3Spades P3 7Spades 
P3 4Spades P0 6Spades P1 4Diamonds P2 4Clubs 
P1 JClubs P2 6Diamonds P3 5Clubs P0 6Clubs 
P2 JDiamonds P3 5Hearts P0 2Diamonds P1 5Diamonds 
P2 KDiamonds P3 QSpades P0 3Diamonds P1 7Diamonds 
P1 KClubs P2 ADiamonds P3 7Clubs P0 QDiamonds 
-- /GAME --
P0 HAND: 5Diamonds, 4Diamonds, 2Diamonds, 7Hearts, JHearts, 4Hearts, ASpades, KSpades, JSpades, 5Spades.
P1 HAND: ADiamonds, KDiamonds, QDiamonds, 7Clubs, KClubs, QClubs, 6Clubs, QHearts, 7Spades, 3Spades.
P2 HAND: 6Diamonds, 3Diamonds, 3Clubs, 2Clubs, AHearts, 3Hearts, 2Hearts, QSpades, 6Spades, 4Spades.
P3 HAND: 7Diamonds, JDiamonds, AClubs, JClubs, 5Clubs, 4Clubs, KHearts, 6Hearts, 5Hearts, 2Spades.
P0 ASpades P1 3Spades P2 QSpades P3 2Spades 
P0 7Hearts P1 QHearts P2 AHearts P3 5Hearts 
P2 2Hearts P3 6Hearts 
