-- GAME --
P0 HAND: ADiamonds, KDiamonds, 6Diamonds, 3Diamonds, 7Clubs, KClubs, QClubs, 4Clubs, 2Clubs, QSpades.
P1 HAND: QDiamonds, 6Clubs, 5Clubs, 3Clubs, KHearts, 3Hearts, KSpades, JSpades, 6Spades, 5Spades.
P2 HAND: 5Diamonds, 4Diamonds, JClubs, AHearts, 7Hearts, 6Hearts, ASpades, 7Spades, 4Spades, 3Spades.
P3 HAND: 7Diamonds, JDiamonds, 2Diamonds, AClubs, JHearts, QHearts, 5Hearts, 4Hearts, 2Hearts, 2Spades.
P2 AHearts P3 2Hearts P0 QSpades P1 3Hearts 
P2 3Spades P3 2Spades P0 KClubs P1 5Spades 
P0 2Clubs P1 3Clubs P2 JClubs P3 AClubs 
P3 2Diamonds P0 ADiamonds P1 QDiamonds P2 5Diamonds 
P0 4Clubs P1 5Clubs P2 4Diamonds P3 7Diamonds 
P1 6Spades P2 4Spades P3 4Hearts P0 3Diamonds 
P1 JSpades P2 7Spades P3 5Hearts P0 6Diamonds 
P2 6Hearts P3 QHearts P0 QClubs P1 KHearts 
P0 7Clubs P1 6Clubs P2 7Hearts P3 JDiamonds 
P0 KDiamonds P1 KSpades P2 ASpades P3 JHearts 
-- /GAME --
P0 HAND: KDiamonds, 6Diamonds, 3Diamonds, AClubs, QClubs, 3Clubs, 5Hearts, 4Hearts, 7Spades, QSpades.
P1 HAND: 7Diamonds, 5Diamonds, 4Diamonds, 2Clubs, KHearts, 2Hearts, ASpades, KSpades, 5Spades, 4Spades.
P2 HAND: ADiamonds, 7Clubs, KClubs, JClubs, 6Clubs, 4Clubs, AHearts, QHearts, 3Hearts, 2Spades.
P3 HAND: JDiamonds, QDiamonds, 2Diamonds, 5Clubs, 7Hearts, JHearts, 6Hearts, JSpades, 6Spades, 3Spades.
P1 ASpades P2 2Spades P3 JSpades P0 QSpades 
P1 2Clubs P2 4Clubs P3 5Clubs P0 QClubs 
P0 AClubs P1 2Hearts P2 6Clubs P3 JDiamonds 
P1 4Diamonds P2 ADiamonds P3 2Diamonds P0 KDiamonds 
P2 JClubs P3 3Spades P0 3Clubs P1 4Spades 
P2 3Hearts P3 6Hearts P0 4Hearts P1 KHearts 
P1 5Diamonds P2 QHearts P3 QDiamonds P0 6Diamonds 
P2 AHearts P3 JHearts P0 5Hearts P1 5Spades 
P2 KClubs P3 6Spades P0 7Spades P1 KSpades 
P2 7Clubs P3 7Hearts P0 3Diamonds P1 7Diamonds 
-- /GAME --
P0 HAND: ADiamonds, KDiamonds, QDiamonds, 3Diamonds, JClubs, 6Clubs, AHearts, 3Hearts, KSpades, QSpades.
P1 HAND: 7Clubs, QClubs, 3Clubs, KHearts, 2Hearts, 7Spades, JSpades, 6Spades, 5Spades, 4Spades.
P2 HAND: 7Diamonds, 5Diamonds, 4Diamonds, 2Diamonds, 2Clubs, 7Hearts, JHearts, QHearts, 5Hearts, 4Hearts.
P3 HAND: JDiamonds, 6Diamonds, AClubs, KClubs, 5Clubs, 4Clubs, 6Hearts, ASpades, 3Spades, 2Spades.
P0 ADiamonds P1 4Spades P2 2Diamonds P3 JDiamonds 
P1 2Hearts P2 4Hearts P3 6Hearts P0 3Hearts 
P3 AClubs P0 6Clubs P1 7Clubs P2 2Clubs 
P3 4Clubs P0 JClubs P1 3Clubs P2 7Diamonds 
P0 AHearts P1 KHearts P2 5Hearts P3 2Spades 
P3 5Clubs 
