-- GAME --
P0 3Hearts P1 5Hearts P2 6Hearts P3 AHearts 
P3 2Hearts P0 QHearts P1 JHearts P2 KHearts 
P2 2Clubs P3 JClubs P0 QClubs P1 AClubs 
P1 ADiamonds P2 4Diamonds P3 7Diamonds P0 6Diamonds 
P1 2Diamonds P2 KDiamonds P3 3Diamonds P0 QDiamonds 
P2 3Clubs P3 4Hearts P0 7Clubs P1 6Clubs 
P0 3Spades P1 2Spades P2 4Spades P3 6Spades 
P3 JDiamonds P0 5Spades P1 5Diamonds P2 5Clubs 
P0 KClubs P1 QSpades P2 4Clubs P3 7Hearts 
P1 ASpades P2 7Spades P3 KSpades P0 JSpades 
-- /GAME --
P0 HAND: 5Diamonds, 4Diamonds, 3Diamonds, 5Clubs, KHearts, QHearts, ASpades, QSpades, 4Spades, 2Spades.
P1 HAND: ADiamonds, AClubs, KClubs, 4Clubs, 3Clubs, 2Clubs, 7Hearts, 7Spades, JSpades, 5Spades.
P2 HAND: KDiamonds, 6Diamonds, 7Clubs, JClubs, QClubs, 6Hearts, 3Hearts, 2Hearts, KSpades, 3Spades.
P3 HAND: 7Diamonds, JDiamonds, QDiamonds, 2Diamonds, 6Clubs, AHearts, JHearts, 5Hearts, 4Hearts, 6Spades.
P3 AHearts P0 QHearts P1 7Hearts P2 2Hearts 
P3 2Diamonds P0 3Diamonds P1 ADiamonds P2 6Diamonds 
P1 5Spades P2 3Spades P3 6Spades P0 ASpades 
P0 4Diamonds P1 2Clubs P2 KDiamonds P3 7Diamonds 
P1 JSpades P2 KSpades P3 6Clubs P0 2Spades 
P3 4Hearts P0 KHearts P1 3Clubs P2 3Hearts 
P1 4Clubs P2 QClubs P3 5Hearts P0 5Clubs 
P2 6Hearts P3 JHearts P0 5Diamonds P1 7Spades 
P3 QDiamonds P0 4Spades P1 KClubs P2 7Clubs 
P2 JClubs P3 JDiamonds P0 QSpades P1 AClubs 
-- /GAME --
P0 HAND: 4Diamonds, 3Diamonds, QClubs, 5Hearts, 4Hearts, 3Hearts, ASpades, KSpades, JSpades, 3Spades.
P1 HAND: JDiamonds, QDiamonds, 2Diamonds, KClubs, 6Clubs, 3Clubs, 2Clubs, QHearts, 6Spades, 5Spades.
P2 HAND: ADiamonds, 7Diamonds, KDiamonds, JClubs, 7Hearts, KHearts, 6Hearts, 7Spades, 4Spades, 2Spades.
P3 HAND: 6Diamonds, 5Diamonds, AClubs, 7Clubs, 5Clubs, 4Clubs, AHearts, JHearts, 2Hearts, QSpades.
P1 2Diamonds P2 ADiamonds P3 5Diamonds P0 3Diamonds 
P2 6Hearts P3 AHearts P0 3Hearts P1 QHearts 
P3 AClubs P0 QClubs P1 KClubs P2 JClubs 
P3 2Hearts P0 5Hearts P1 2Clubs P2 7Hearts 
P2 2Spades P3 QSpades P0 3Spades P1 5Spades 
P3 4Clubs P0 4Diamonds P1 3Clubs P2 4Spades 
P2 7Spades P3 5Clubs P0 JSpades P1 6Spades 
P2 KDiamonds P3 6Diamonds P0 KSpades P1 QDiamonds 
P0 ASpades P1 6Clubs P2 KHearts P3 JHearts 
P0 4Hearts P1 JDiamonds P2 7Diamonds P3 7Clubs 
-- /GAME --
P0 HAND: 5Diamonds, AClubs, 4Clubs, 3Clubs, 2Clubs, QHearts, 6Hearts, 5Hearts, 4Hearts, 5Spades.
P1 HAND: ADiamonds, 4Diamonds, 3Diamonds, 7Clubs, AHearts, KHearts, 2Hearts, 6Spades, 4Spades, 2Spades.
P2 HAND: KDiamonds, JDiamonds, 6Diamonds, JClubs, QClubs, 5Clubs, JHearts, 7Spades, KSpades, QSpades.
P3 HAND: 7Diamonds, QDiamonds, 2Diamonds, KClubs, 6Clubs, 7Hearts, 3Hearts, ASpades, JSpades, 3Spades.

