-- GAME --
P0 HAND: ADiamonds, QDiamonds, AClubs, JClubs, 4Clubs, QHearts, 2Hearts, 7Spades, QSpades, 2Spades.
P1 HAND: 7Diamonds, KDiamonds, 2Diamonds, 7Clubs, 6Clubs, 5Clubs, AHearts, 7Hearts, 6Hearts, JSpades.
P2 HAND: JDiamonds, 4Diamonds, KClubs, 3Clubs, 2Clubs, JHearts, 5Hearts, ASpades, KSpades, 5Spades.
P3 HAND: 6Diamonds, 5Diamonds, 3Diamonds, QClubs, KHearts, 4Hearts, 3Hearts, 6Spades, 4Spades, 3Spades.
P3 3Diamonds P0 QDiamonds P1 2Diamonds P2 JDiamonds 
P2 ASpades P3 3Spades P0 QSpades P1 JSpades 
P2 4Diamonds P3 5Diamonds P0 ADiamonds P1 KDiamonds 
P0 JClubs P1 5Clubs P2 2Clubs P3 QClubs 
P0 AClubs P1 6Clubs P2 3Clubs P3 3Hearts 
P0 4Clubs P1 7Clubs P2 KClubs P3 KHearts 
P1 6Hearts P2 5Hearts P3 4Hearts P0 QHearts 
P0 7Spades P1 7Diamonds P2 KSpades P3 4Spades 
P0 2Hearts P1 7Hearts P2 JHearts P3 6Diamonds 
P1 AHearts P2 5Spades P3 6Spades P0 2Spades 
-- /GAME --
P0 HAND: KDiamonds, 5Diamonds, 6Clubs, 3Clubs, AHearts, KHearts, ASpades, 7Spades, JSpades, 3Spades.
P1 HAND: JDiamonds, 6Diamonds, 5Clubs, JHearts, 6Hearts, 4Hearts, 3Hearts, KSpades, QSpades, 5Spades.
P2 HAND: ADiamonds, 3Diamonds, 2Diamonds, KClubs, QClubs, 2Clubs, 5Hearts, 2Hearts, 6Spades, 4Spades.
P3 HAND: 7Diamonds, QDiamonds, 4Diamonds, AClubs, 7Clubs, JClubs, 4Clubs, 7Hearts, QHearts, 2Spades.
P2 ADiamonds P3 4Diamonds P0 KDiamonds P1 6Diamonds 
P2 2Diamonds P3 QDiamonds P0 5Diamonds P1 JDiamonds 
P1 5Clubs P2 2Clubs P3 AClubs P0 3Clubs 
P3 2Spades P0 ASpades P1 5Spades P2 6Spades 
P0 6Clubs P1 QSpades P2 QClubs P3 7Clubs 
P3 4Clubs P0 3Spades P1 3Hearts P2 KClubs 
P1 4Hearts P2 2Hearts P3 QHearts P0 KHearts 
P0 JSpades P1 KSpades P2 4Spades P3 7Diamonds 
P1 6Hearts P2 5Hearts P3 7Hearts P0 AHearts 
P0 7Spades P1 JHearts P2 3Diamonds P3 JClubs 
-- /GAME --
P0 HAND: ADiamonds, QDiamonds, QClubs, 3Clubs, AHearts, 7Hearts, JHearts, 6Hearts, ASpades, 7Spades.
P1 HAND: KDiamonds, JDiamonds, 5Diamonds, 4Diamonds, 7Clubs, QHearts, 3Hearts, KSpades, QSpades, 3Spades.
P2 HAND: 7Diamonds, 6Diamonds, AClubs, 5Clubs, KHearts, 5Hearts, 4Hearts, 2Hearts, JSpades, 5Spades.
P3 HAND: 3Diamonds, 2Diamonds, KClubs, JClubs, 6Clubs, 4Clubs, 2Clubs, 6Spades, 4Spades, 2Spades.
P1 3Spades P2 5Spades P3 2Spades P0 ASpades 
P0 3Clubs P1 7Clubs P2 AClubs P3 2Clubs 
P2 5Clubs P3 4Clubs P0 QClubs P1 4Diamonds 
P0 AHearts P1 3Hearts P2 2Hearts P3 2Diamonds 
P0 6Hearts P1 QHearts P2 4Hearts P3 KClubs 
P1 5Diamonds P2 6Diamonds P3 3Diamonds P0 QDiamonds 
P0 7Hearts P1 QSpades P2 5Hearts P3 4Spades 
P0 ADiamonds P1 JDiamonds P2 7Diamonds P3 6Clubs 
P0 7Spades P1 KSpades P2 JSpades P3 6Spades 
P0 JHearts P1 KDiamonds P2 KHearts P3 JClubs 
-- /GAME --
P0 HAND: 7Diamonds, 5Diamonds, AClubs, 3Clubs, 2Clubs, 7Hearts, JHearts, QHearts, 4Hearts, 7Spades.
P1 HAND: ADiamonds, 7Clubs, QClubs, 6Clubs, 5Hearts, 3Hearts, JSpades, QSpades, 6Spades, 5Spades.
P2 HAND: 6Diamonds, 3Diamonds, KClubs, 5Clubs, AHearts, 6Hearts, ASpades, 4Spades, 3Spades, 2Spades.
P3 HAND: KDiamonds, JDiamonds, QDiamonds, 4Diamonds, 2Diamonds, JClubs, 4Clubs, KHearts, 2Hearts, KSpades.
P0 AClubs P1 6Clubs P2 KClubs P3 4Clubs 

