-- GAME --
P0 HAND: ADiamonds, QDiamonds, 7Clubs, 4Hearts, 3Hearts, 2Hearts, ASpades, KSpades, 5Spades, 2Spades.
P1 HAND: KDiamonds, 6Diamonds, 4Diamonds, 3Diamonds, AClubs, 6Clubs, 4Clubs, 3Clubs, KHearts, QSpades.
P2 HAND: 7Diamonds, JClubs, QClubs, QHearts, 6Hearts, 5Hearts, 7Spades, JSpades, 6Spades, 3Spades.
P3 HAND: JDiamonds, 5Diamonds, 2Diamonds, KClubs, 5Clubs, 2Clubs, AHearts, 7Hearts, JHearts, 4Spades.
P2 3Spades P3 4Spades P0 2Spades P1 QSpades 
P1 AClubs P2 QClubs P3 KClubs P0 7Clubs 
P1 3Clubs P2 JClubs P3 2Clubs P0 ASpades 
P2 5Hearts P3 AHearts P0 2Hearts P1 KHearts 
P3 5Clubs P0 5Spades P1 4Clubs P2 6Hearts 
P3 JHearts P0 3Hearts P1 6Clubs P2 QHearts 
P3 2Diamonds P0 QDiamonds P1 3Diamonds P2 7Diamonds 
P2 6Spades P3 5Diamonds P0 KSpades P1 4Diamonds 
P3 JDiamonds P0 ADiamonds P1 6Diamonds P2 7Spades 
P0 4Hearts P1 KDiamonds P2 JSpades P3 7Hearts 
-- /GAME --
P0 HAND: ADiamonds, 6Diamonds, 5Diamonds, 2Diamonds, 7Clubs, 6Clubs, 4Clubs, 7Hearts, 2Hearts, 2Spades.
P1 HAND: KDiamonds, JDiamonds, AClubs, 5Clubs, 6Hearts, 5Hearts, 4Hearts, 3Hearts, JSpades, 3Spades.
P2 HAND: 7Diamonds, 4Diamonds, KClubs, JClubs, QClubs, 2Clubs, ASpades, 7Spades, 6Spades, 4Spades.
P3 HAND: QDiamonds, 3Diamonds, 3Clubs, AHearts, KHearts, JHearts, QHearts, KSpades, QSpades, 5Spades.

