-- GAME --
P0 HAND: ADiamonds, JDiamonds, 3Diamonds, KClubs, JClubs, 2Hearts, KSpades, QSpades, 5Spades, 3Spades.
P1 HAND: 7Diamonds, QDiamonds, 5Diamonds, 4Clubs, AHearts, 5Hearts, 4Hearts, 7Spades, 6Spades, 2Spades.
P2 HAND: KDiamonds, 4Diamonds, 7Clubs, 6Clubs, 5Clubs, 2Clubs, 7Hearts, QHearts, 6Hearts, 3Hearts.
P3 HAND: 6Diamonds, 2Diamonds, AClubs, QClubs, 3Clubs, KHearts, JHearts, ASpades, JSpades, 4Spades.
P0 ADiamonds P1 5Diamonds P2 KDiamonds P3 2Diamonds 
P0 2Hearts P1 AHearts P2 3Hearts P3 KHearts 
P1 2Spades P2 4Diamonds P3 ASpades P0 3Spades 
P3 4Spades P0 KSpades P1 6Spades P2 7Hearts 
P0 QSpades P1 7Spades P2 2Clubs P3 JSpades 
P2 6Hearts P3 JHearts P0 KClubs P1 4Hearts 
P0 5Spades P1 5Hearts P2 QHearts P3 6Diamonds 
P0 JDiamonds P1 QDiamonds P2 5Clubs P3 QClubs 
P3 3Clubs P0 JClubs P1 4Clubs P2 6Clubs 
P0 3Diamonds P1 7Diamonds P2 7Clubs P3 AClubs 
-- /GAME --
P0 HAND: 5Diamonds, 3Diamonds, 2Diamonds, 7Clubs, KClubs, JClubs, 3Clubs, 5Hearts, KSpades, 2Spades.
P1 HAND: 4Diamonds, QClubs, 6Clubs, 5Clubs, AHearts, JHearts, 4Hearts, ASpades, 5Spades, 3Spades.
P2 HAND: 7Diamonds, KDiamonds, JDiamonds, QDiamonds, 7Hearts, KHearts, QHearts, 3Hearts, 7Spades, 6Spades.
P3 HAND: ADiamonds, 6Diamonds, AClubs, 4Clubs, 2Clubs, 6Hearts, 2Hearts, JSpades, QSpades, 4Spades.
P3 ADiamonds P0 2Diamonds P1 4Diamonds P2 QDiamonds 
P3 AClubs P0 3Clubs P1 QClubs P2 3Hearts 
P2 6Spades P3 4Spades P0 2Spades P1 ASpades 
P1 3Spades P2 7Spades P3 QSpades P0 KSpades 
P2 JDiamonds P3 6Diamonds P0 3Diamonds P1 5Clubs 
P2 QHearts P3 2Hearts P0 5Hearts P1 4Hearts 
P2 KHearts P3 6Hearts P0 5Diamonds P1 JHearts 
P2 7Hearts P3 2Clubs P0 KClubs P1 AHearts 
P1 5Spades P2 KDiamonds P3 JSpades P0 JClubs 
P3 4Clubs P0 7Clubs P1 6Clubs P2 7Diamonds 
-- /GAME --
P0 HAND: QDiamonds, 2Diamonds, 6Clubs, 2Clubs, QHearts, 6Hearts, 5Hearts, 4Hearts, 3Hearts, 4Spades.
P1 HAND: 7Diamonds, JDiamonds, 4Diamonds, 7Clubs, 3Clubs, KHearts, 6Spades, 5Spades, 3Spades, 2Spades.
P2 HAND: ADiamonds, KDiamonds, 5Diamonds, AClubs, JClubs, 5Clubs, AHearts, 7Hearts, 7Spades, JSpades.
P3 HAND: 6Diamonds, 3Diamonds, KClubs, QClubs, 4Clubs, JHearts, 2Hearts, ASpades, KSpades, QSpades.
P2 ADiamonds P3 3Diamonds 
