-- GAME --
P0 HAND: ADiamonds, KDiamonds, QDiamonds, 6Diamonds, JClubs, 3Clubs, JHearts, 2Hearts, ASpades, 2Spades.
P1 HAND: 7Diamonds, 4Diamonds, 3Diamonds, 6Clubs, 4Clubs, AHearts, QHearts, 4Hearts, KSpades, 3Spades.
P2 HAND: 5Diamonds, 7Clubs, KClubs, 7Hearts, KHearts, 6Hearts, 3Hearts, JSpades, 5Spades, 4Spades.
P3 HAND: JDiamonds, 2Diamonds, AClubs, QClubs, 5Clubs, 2Clubs, 5Hearts, 7Spades, QSpades, 6Spades.
P1 AHearts P2 3Hearts P3 5Hearts P0 2Hearts 
P1 3Spades P2 4Spades P3 6Spades P0 2Spades 
P3 AClubs P0 3Clubs P1 6Clubs P2 KClubs 
P3 2Clubs P0 JClubs P1 4Clubs P2 7Clubs 
P2 5Spades P3 QSpades P0 ASpades P1 KSpades 
P0 JHearts P1 4Hearts P2 6Hearts P3 5Clubs 
P0 6Diamonds P1 3Diamonds P2 5Diamonds P3 2Diamonds 
P0 ADiamonds P1 4Diamonds P2 7Hearts P3 JDiamonds 
P0 QDiamonds P1 7Diamonds P2 JSpades P3 7Spades 
P1 QHearts P2 KHearts P3 QClubs P0 KDiamonds 
-- /GAME --
P0 HAND: 7Diamonds, KDiamonds, 5Diamonds, 7Clubs, JClubs, 6Clubs, 3Clubs, 5Hearts, JSpades, QSpades.
P1 HAND: 6Diamonds, QClubs, 2Clubs, AHearts, 4Hearts, 3Hearts, ASpades, 5Spades, 4Spades, 3Spades.
P2 HAND: ADiamonds, AClubs, 5Clubs, 4Clubs, KHearts, JHearts, 6Hearts, 2Hearts, 6Spades, 2Spades.
P3 HAND: JDiamonds, QDiamonds, 4Diamonds, 3Diamonds, 2Diamonds, KClubs, 7Hearts, QHearts, 7Spades, KSpades.
P0 5Hearts P1 AHearts P2 2Hearts P3 7Hearts 
P1 ASpades P2 2Spades P3 7Spades P0 QSpades 
P1 2Clubs P2 AClubs P3 KClubs P0 7Clubs 
P2 4Clubs P3 QHearts P0 JClubs P1 QClubs 
P0 JSpades P1 3Spades P2 6Spades P3 KSpades 
P3 2Diamonds 
