-- GAME --
P0 HAND: KDiamonds, 6Diamonds, 5Diamonds, KClubs, 6Clubs, 3Clubs, 2Clubs, ASpades, KSpades, QSpades.
P1 HAND: JDiamonds, 3Diamonds, 7Clubs, JClubs, AHearts, KHearts, 2Hearts, JSpades, 6Spades, 5Spades.
P2 HAND: ADiamonds, 7Diamonds, QDiamonds, 4Diamonds, 2Diamonds, 5Clubs, 7Hearts, 5Hearts, 3Hearts, 4Spades.
P3 HAND: AClubs, QClubs, 4Clubs, JHearts, QHearts, 6Hearts, 4Hearts, 7Spades, 3Spades, 2Spades.
P3 2Spades P0 QSpades P1 5Spades P2 4Spades 
P0 2Clubs P1 JClubs P2 5Clubs P3 4Clubs 
P1 AHearts P2 3Hearts P3 JHearts P0 KClubs 
P0 3Clubs P1 7Clubs P2 2Diamonds P3 QClubs 
P1 2Hearts P2 7Hearts P3 4Hearts P0 KSpades 
P2 4Diamonds P3 3Spades P0 5Diamonds P1 JDiamonds 
P1 3Diamonds P2 QDiamonds P3 6Hearts P0 KDiamonds 
P0 ASpades P1 6Spades P2 ADiamonds P3 7Spades 
P0 6Diamonds P1 JSpades P2 7Diamonds P3 AClubs 
P3 QHearts P0 6Clubs P1 KHearts P2 5Hearts 
-- /GAME --
P0 HAND: 7Diamonds, KDiamonds, QDiamonds, 2Diamonds, 7Clubs, AHearts, 7Hearts, KHearts, JHearts, 6Spades.
P1 HAND: 5Diamonds, JClubs, 6Clubs, 4Clubs, 2Clubs, QHearts, 6Hearts, 2Hearts, JSpades, 3Spades.
P2 HAND: 4Diamonds, 3Diamonds, AClubs, KClubs, QClubs, 3Hearts, KSpades, QSpades, 5Spades, 2Spades.
P3 HAND: ADiamonds, JDiamonds, 6Diamonds, 5Clubs, 3Clubs, 5Hearts, 4Hearts, ASpades, 7Spades, 4Spades.
P2 AClubs P3 3Clubs P0 7Clubs P1 2Clubs 
P2 2Spades P3 ASpades P0 6Spades P1 JSpades 
P3 4Hearts P0 AHearts P1 2Hearts P2 3Hearts 
P0 2Diamonds P1 5Diamonds P2 3Diamonds P3 6Diamonds 
P3 4Spades P0 JHearts P1 3Spades P2 KSpades 
P2 5Spades P3 7Spades P0 KDiamonds P1 4Clubs 
P0 QDiamonds P1 6Clubs P2 4Diamonds P3 JDiamonds 
P3 5Clubs P0 7Diamonds P1 JClubs P2 KClubs 
P0 KHearts P1 6Hearts P2 QClubs P3 5Hearts 
P0 7Hearts P1 QHearts P2 QSpades P3 ADiamonds 
-- /GAME --
P0 HAND: QDiamonds, 5Diamonds, AClubs, KClubs, 5Clubs, 4Clubs, 7Hearts, KSpades, 4Spades, 3Spades.
P1 HAND: JDiamonds, 3Diamonds, QClubs, KHearts, QHearts, 4Hearts, 7Spades, JSpades, 5Spades, 2Spades.
P2 HAND: 7Diamonds, KDiamonds, 6Diamonds, 4Diamonds, 7Clubs, 6Clubs, 3Clubs, JHearts, 5Hearts, QSpades.
P3 HAND: ADiamonds, 2Diamonds, JClubs, 2Clubs, AHearts, 6Hearts, 3Hearts, 2Hearts, ASpades, 6Spades.
P1 2Spades P2 QSpades P3 ASpades P0 3Spades 
P3 ADiamonds P0 5Diamonds P1 JDiamonds P2 4Diamonds 
P3 AHearts P0 7Hearts P1 KHearts P2 5Hearts 
P3 2Diamonds P0 QDiamonds P1 3Diamonds P2 7Diamonds 
P2 6Diamonds P3 2Hearts P0 4Spades P1 4Hearts 
P2 JHearts P3 3Hearts P0 KSpades P1 QHearts 
P2 3Clubs P3 2Clubs P0 5Clubs P1 QClubs 
P1 5Spades P2 6Clubs P3 6Spades P0 4Clubs 
P2 7Clubs P3 JClubs P0 KClubs P1 JSpades 
P2 KDiamonds P3 6Hearts P0 AClubs P1 7Spades 
-- /GAME --
P0 HAND: 7Diamonds, 3Diamonds, 6Clubs, QHearts, 5Hearts, 4Hearts, 2Hearts, JSpades, 5Spades, 2Spades.
P1 HAND: JDiamonds, 4Diamonds, AClubs, KClubs, QClubs, 3Clubs, JHearts, 3Hearts, KSpades, 4Spades.
P2 HAND: KDiamonds, 5Diamonds, 7Clubs, JClubs, 4Clubs, 7Hearts, KHearts, 6Hearts, 7Spades, 3Spades.
P3 HAND: ADiamonds, QDiamonds, 6Diamonds, 2Diamonds, 5Clubs, 2Clubs, AHearts, ASpades, QSpades, 6Spades.
P0 3Diamonds P1 4Diamonds P2 5Diamonds P3 2Diamonds 
P2 3Spades P3 ASpades P0 2Spades P1 KSpades 
P3 AHearts P0 2Hearts P1 JHearts P2 6Hearts 
P3 2Clubs P0 6Clubs P1 AClubs P2 4Clubs 
P1 3Clubs P2 JClubs P3 5Clubs P0 QHearts 
P2 KDiamonds P3 6Diamonds P0 7Diamonds P1 JDiamonds 
P0 JSpades P1 4Spades P2 7Spades P3 6Spades 
P2 KHearts P3 QSpades P0 4Hearts P1 3Hearts 
P2 7Clubs P3 QDiamonds P0 5Spades P1 KClubs 
P3 ADiamonds P0 5Hearts P1 QClubs P2 7Hearts 
-- /GAME --
P0 HAND: ADiamonds, 7Diamonds, QDiamonds, 3Diamonds, KClubs, 5Clubs, 3Clubs, 2Clubs, KHearts, QSpades.
P1 HAND: KDiamonds, 6Diamonds, 5Diamonds, 4Clubs, QHearts, 6Hearts, 5Hearts, 4Hearts, ASpades, KSpades.
P2 HAND: JDiamonds, AClubs, JClubs, QClubs, JHearts, 3Hearts, 7Spades, 6Spades, 4Spades, 3Spades.
P3 HAND: 4Diamonds, 2Diamonds, 7Clubs, 6Clubs, AHearts, 7Hearts, 2Hearts, JSpades, 5Spades, 2Spades.
P3 2Diamonds P0 ADiamonds P1 5Diamonds P2 JDiamonds 
P0 QSpades P1 ASpades P2 3Spades P3 JSpades 
P1 4Clubs P2 AClubs P3 6Clubs P0 KClubs 
P2 4Spades P3 2Spades P0 2Clubs P1 KSpades 
P1 6Diamonds P2 6Spades P3 4Diamonds P0 7Diamonds 
P0 3Diamonds P1 KDiamonds P2 QClubs P3 7Clubs 
P1 4Hearts P2 3Hearts P3 2Hearts P0 KHearts 

