-- GAME --
P0 HAND: 5Diamonds, 5Clubs, 4Clubs, 3Clubs, 2Hearts, ASpades, KSpades, QSpades, 4Spades, 3Spades.
P1 HAND: ADiamonds, KDiamonds, 4Diamonds, AClubs, 7Clubs, QClubs, 7Hearts, JHearts, 6Spades, 5Spades.
P2 HAND: 7Diamonds, JDiamonds, 3Diamonds, 2Diamonds, 6Clubs, 2Clubs, AHearts, QHearts, 3Hearts, JSpades.
P3 HAND: QDiamonds, 6Diamonds, KClubs, JClubs, KHearts, 6Hearts, 5Hearts, 4Hearts, 7Spades, 2Spades.
P1 ADiamonds P2 2Diamonds P3 QDiamonds P0 5Diamonds 
P1 AClubs P2 2Clubs P3 KClubs P0 3Clubs 
P1 4Diamonds P2 3Diamonds P3 6Diamonds P0 4Clubs 
P3 4Hearts P0 2Hearts P1 JHearts P2 AHearts 
P2 3Hearts P3 5Hearts P0 3Spades P1 7Hearts 
P0 5Clubs P1 QClubs P2 6Clubs P3 JClubs 
P3 6Hearts P0 4Spades P1 5Spades P2 QHearts 
P1 6Spades P2 JSpades P3 2Spades P0 QSpades 
P2 JDiamonds P3 7Spades P0 ASpades P1 KDiamonds 
P0 KSpades P1 7Clubs P2 7Diamonds P3 KHearts 
-- /GAME --
P0 HAND: 5Diamonds, 3Diamonds, 6Clubs, 5Clubs, 4Clubs, 2Clubs, QHearts, QSpades, 3Spades, 2Spades.
P1 HAND: KDiamonds, JDiamonds, QDiamonds, 6Diamonds, 2Diamonds, AHearts, 7Hearts, JHearts, 4Hearts, ASpades.
P2 HAND: 7Clubs, KClubs, QClubs, 3Clubs, KHearts, 3Hearts, 2Hearts, 7Spades, KSpades, 6Spades.
P3 HAND: ADiamonds, 7Diamonds, 4Diamonds, AClubs, JClubs, 6Hearts, 5Hearts, JSpades, 5Spades, 4Spades.
P0 3Spades P1 ASpades P2 6Spades P3 JSpades 
P1 AHearts P2 2Hearts P3 6Hearts P0 QHearts 
P1 2Diamonds P2 3Hearts P3 ADiamonds P0 3Diamonds 
P3 4Diamonds P0 5Diamonds P1 6Diamonds P2 3Clubs 
P2 QClubs P3 JClubs P0 2Clubs P1 7Hearts 
P3 4Spades P0 QSpades P1 4Hearts P2 7Spades 
P2 KClubs P3 AClubs P0 4Clubs P1 KDiamonds 
P3 5Hearts P0 5Clubs P1 JHearts P2 KHearts 
P0 6Clubs P1 QDiamonds P2 7Clubs P3 5Spades 
P2 KSpades P3 7Diamonds P0 2Spades P1 JDiamonds 
-- /GAME --
P0 HAND: 7Diamonds, JDiamonds, QDiamonds, 2Diamonds, AClubs, 7Clubs, 2Clubs, QSpades, 5Spades, 2Spades.
P1 HAND: 5Diamonds, JClubs, QClubs, 5Clubs, 4Clubs, 7Hearts, KHearts, 3Hearts, 4Spades, 3Spades.
P2 HAND: ADiamonds, KDiamonds, 3Diamonds, KClubs, 6Clubs, AHearts, QHearts, 4Hearts, 2Hearts, 7Spades.
P3 HAND: 6Diamonds, 4Diamonds, 3Clubs, JHearts, 6Hearts, 5Hearts, ASpades, KSpades, JSpades, 6Spades.
P3 ASpades P0 5Spades P1 4Spades P2 7Spades 
P3 3Clubs P0 AClubs P1 4Clubs P2 KClubs 
P0 7Clubs P1 5Clubs P2 6Clubs P3 4Diamonds 
P3 5Hearts P0 2Spades P1 3Hearts P2 AHearts 
P2 2Hearts P3 6Hearts P0 2Clubs P1 7Hearts 
P1 3Spades P2 4Hearts P3 6Spades P0 QSpades 
P0 2Diamonds P1 5Diamonds P2 3Diamonds P3 6Diamonds 
P3 JHearts P0 JDiamonds P1 KHearts P2 QHearts 
P0 QDiamonds P1 QClubs P2 KDiamonds P3 JSpades 
P2 ADiamonds P3 KSpades P0 7Diamonds P1 JClubs 
-- /GAME --
P0 HAND: JDiamonds, 5Diamonds, 4Diamonds, 2Diamonds, AClubs, 2Clubs, KHearts, 6Hearts, 5Hearts, ASpades.
P1 HAND: KDiamonds, 4Clubs, 3Clubs, AHearts, 7Hearts, 4Hearts, 3Hearts, JSpades, 3Spades, 2Spades.
P2 HAND: ADiamonds, QDiamonds, 6Diamonds, 3Diamonds, 7Clubs, QClubs, 7Spades, 6Spades, 5Spades, 4Spades.
P3 HAND: 7Diamonds, KClubs, JClubs, 6Clubs, 5Clubs, JHearts, QHearts, 2Hearts, KSpades, QSpades.
P2 ADiamonds P3 7Diamonds P0 JDiamonds P1 KDiamonds 
P2 3Diamonds P3 5Clubs P0 4Diamonds P1 2Spades 
P0 AClubs P1 3Clubs P2 7Clubs P3 6Clubs 
P0 ASpades P1 3Spades P2 7Spades P3 QSpades 
P0 5Diamonds P1 4Clubs P2 6Diamonds P3 2Hearts 
P3 JClubs P0 2Clubs P1 3Hearts P2 QClubs 
P1 JSpades P2 4Spades P3 KSpades P0 KHearts 
P0 6Hearts P1 4Hearts P2 5Spades P3 QHearts 
P3 JHearts P0 5Hearts P1 7Hearts P2 6Spades 
P1 AHearts P2 QDiamonds P3 KClubs P0 2Diamonds 
-- /GAME --
P0 HAND: JDiamonds, 6Diamonds, 4Diamonds, AClubs, KClubs, QClubs, 5Hearts, ASpades, JSpades, 3Spades.
P1 HAND: 5Diamonds, 7Clubs, 6Clubs, 4Clubs, 2Clubs, 6Hearts, 4Hearts, 2Hearts, QSpades, 2Spades.
P2 HAND: KDiamonds, 3Diamonds, JClubs, 5Clubs, 3Clubs, AHearts, 7Hearts, JHearts, 6Spades, 4Spades.
P3 HAND: ADiamonds, 7Diamonds, QDiamonds, 2Diamonds, KHearts, QHearts, 3Hearts, 7Spades, KSpades, 5Spades.
P1 2Clubs P2 3Clubs P3 2Diamonds P0 AClubs 
P0 6Diamonds P1 5Diamonds P2 3Diamonds P3 ADiamonds 
P3 3Hearts P0 5Hearts P1 2Hearts P2 AHearts 
P2 5Clubs P3 QDiamonds P0 KClubs P1 7Clubs 
P1 4Clubs P2 JClubs P3 QHearts P0 QClubs 
P2 JHearts P3 KHearts P0 3Spades P1 4Hearts 
P0 JDiamonds P1 6Clubs P2 KDiamonds P3 7Diamonds 
P3 5Spades P0 JSpades P1 2Spades P2 4Spades 
P0 ASpades P1 QSpades P2 6Spades P3 KSpades 
P0 4Diamonds P1 6Hearts P2 7Hearts P3 7Spades 
-- /GAME --
P0 HAND: JDiamonds, 6Diamonds, AClubs, KClubs, 3Clubs, AHearts, QHearts, 6Hearts, 3Hearts, 2Spades.
P1 HAND: ADiamonds, 7Diamonds, KDiamonds, QDiamonds, 5Diamonds, 4Diamonds, 4Hearts, 7Spades, QSpades, 5Spades.
P2 HAND: 7Clubs, JClubs, 5Clubs, 2Clubs, 7Hearts, JHearts, 5Hearts, 2Hearts, ASpades, KSpades.
P3 HAND: 3Diamonds, 2Diamonds, QClubs, 6Clubs, 4Clubs, KHearts, JSpades, 6Spades, 4Spades, 3Spades.
P0 AClubs P1 5Spades P2 2Clubs P3 QClubs 
P1 4Diamonds P2 2Hearts P3 2Diamonds P0 JDiamonds 
P0 AHearts P1 4Hearts P2 7Hearts P3 KHearts 
P0 KClubs P1 5Diamonds P2 7Clubs P3 4Clubs 
P2 5Clubs P3 6Clubs P0 3Clubs P1 ADiamonds 
P3 3Diamonds P0 6Diamonds P1 QDiamonds P2 5Hearts 
P1 QSpades P2 KSpades P3 3Spades P0 2Spades 
P2 JClubs P3 4Spades P0 3Hearts P1 7Diamonds 
P3 6Spades P0 6Hearts P1 7Spades P2 ASpades 
P2 JHearts P3 JSpades P0 QHearts P1 KDiamonds 
-- /GAME --
P0 HAND: ADiamonds, JDiamonds, 7Clubs, AHearts, 6Hearts, ASpades, 7Spades, KSpades, JSpades, 3Spades.
P1 HAND: 7Diamonds, 5Diamonds, 3Diamonds, KClubs, 3Clubs, 2Clubs, 5Hearts, 3Hearts, QSpades, 6Spades.
P2 HAND: KDiamonds, QDiamonds, JClubs, QClubs, 5Clubs, 4Clubs, 7Hearts, 2Hearts, 4Spades, 2Spades.
P3 HAND: 6Diamonds, 4Diamonds, 2Diamonds, AClubs, 6Clubs, KHearts, JHearts, QHearts, 4Hearts, 5Spades.

