-- GAME --
P0 HAND: ADiamonds, KDiamonds, QDiamonds, 2Clubs, 6Hearts, 2Hearts, 7Spades, JSpades, 5Spades, 3Spades.
P1 HAND: 6Diamonds, 3Diamonds, QClubs, 4Clubs, AHearts, JHearts, 5Hearts, 3Hearts, KSpades, QSpades.
P2 HAND: 7Diamonds, 4Diamonds, 2Diamonds, AClubs, KClubs, JClubs, 3Clubs, 7Hearts, KHearts, ASpades.
P3 HAND: JDiamonds, 5Diamonds, 7Clubs, 6Clubs, 5Clubs, QHearts, 4Hearts, 6Spades, 4Spades, 2Spades.
P2 AClubs P3 5Clubs P0 2Clubs P1 4Clubs 
P2 ASpades P3 2Spades P0 7Spades P1 QSpades 
P2 2Diamonds P3 5Diamonds P0 ADiamonds P1 3Diamonds 
P0 JSpades P1 KSpades P2 KHearts P3 4Spades 
P2 3Clubs P3 6Clubs P0 2Hearts P1 QClubs 
P0 5Spades P1 6Diamonds P2 4Diamonds P3 6Spades 
P3 JDiamonds P0 KDiamonds P1 3Hearts P2 7Diamonds 
P1 5Hearts P2 7Hearts P3 4Hearts P0 6Hearts 
P2 JClubs P3 7Clubs P0 QDiamonds P1 JHearts 
P1 AHearts P2 KClubs P3 QHearts P0 3Spades 
-- /GAME --
P0 HAND: 7Diamonds, KClubs, QClubs, 5Clubs, AHearts, KHearts, 4Hearts, 3Hearts, ASpades, 4Spades.
P1 HAND: ADiamonds, KDiamonds, JDiamonds, 2Diamonds, AClubs, 7Clubs, 7Hearts, 7Spades, 5Spades, 3Spades.
P2 HAND: 6Diamonds, 5Diamonds, 4Diamonds, 6Clubs, 4Clubs, 2Clubs, 5Hearts, KSpades, JSpades, QSpades.
P3 HAND: QDiamonds, 3Diamonds, JClubs, 3Clubs, JHearts, QHearts, 6Hearts, 2Hearts, 6Spades, 2Spades.
P1 ADiamonds P2 4Diamonds P3 QDiamonds P0 7Diamonds 
P1 2Diamonds P2 5Diamonds P3 3Diamonds P0 KClubs 
P0 ASpades P1 3Spades P2 KSpades P3 2Spades 
P0 AHearts P1 7Hearts P2 5Hearts P3 2Hearts 
P0 KHearts P1 5Spades P2 JSpades P3 6Hearts 
P0 4Hearts P1 7Clubs P2 6Diamonds P3 JHearts 
P1 JDiamonds P2 QSpades P3 3Clubs P0 5Clubs 
P0 3Hearts P1 AClubs P2 2Clubs P3 QHearts 
P1 KDiamonds P2 4Clubs P3 6Spades P0 4Spades 
P2 6Clubs P3 JClubs P0 QClubs P1 7Spades 
-- /GAME --
P0 HAND: 2Diamonds, 7Clubs, 4Clubs, AHearts, 7Hearts, KHearts, 6Hearts, ASpades, JSpades, 5Spades.
P1 HAND: 7Diamonds, KDiamonds, 6Diamonds, 4Diamonds, 6Clubs, 3Clubs, QHearts, 5Hearts, 2Hearts, 4Spades.
P2 HAND: JDiamonds, 5Diamonds, 3Diamonds, AClubs, 2Clubs, 3Hearts, 7Spades, KSpades, QSpades, 6Spades.
P3 HAND: ADiamonds, QDiamonds, KClubs, JClubs, QClubs, 5Clubs, JHearts, 4Hearts, 3Spades, 2Spades.
P0 AHearts P1 2Hearts P2 3Hearts P3 4Hearts 
P0 ASpades P1 4Spades P2 7Spades P3 2Spades 
P0 KHearts P1 5Hearts P2 3Diamonds P3 JHearts 
P0 2Diamonds P1 4Diamonds P2 5Diamonds P3 ADiamonds 
P3 3Spades P0 JSpades P1 6Diamonds P2 KSpades 
P2 6Spades P3 QDiamonds P0 5Spades P1 QHearts 
P2 QSpades P3 5Clubs P0 6Hearts P1 7Diamonds 
P3 QClubs P0 7Clubs P1 3Clubs P2 2Clubs 
P0 7Hearts P1 6Clubs P2 AClubs P3 JClubs 
P2 JDiamonds P3 KClubs P0 4Clubs P1 KDiamonds 
-- /GAME --
P0 HAND: 7Diamonds, QDiamonds, 6Diamonds, 5Diamonds, 7Hearts, 5Hearts, 7Spades, JSpades, QSpades, 2Spades.
P1 HAND: 3Diamonds, 2Diamonds, JClubs, 6Clubs, 3Clubs, 2Clubs, JHearts, 4Hearts, 6Spades, 5Spades.
P2 HAND: KDiamonds, JDiamonds, 4Diamonds, QClubs, 5Clubs, 4Clubs, QHearts, 6Hearts, 3Hearts, ASpades.
P3 HAND: ADiamonds, AClubs, 7Clubs, KClubs, AHearts, KHearts, 2Hearts, KSpades, 4Spades, 3Spades.
P3 ADiamonds P0 5Diamonds P1 3Diamonds P2 4Diamonds 
P3 AHearts P0 5Hearts P1 JHearts P2 3Hearts 
P3 2Hearts P0 7Hearts P1 4Hearts P2 QHearts 
P0 7Diamonds P1 2Diamonds P2 KDiamonds P3 KClubs 
P3 3Spades P0 7Spades P1 5Spades P2 ASpades 
P2 6Hearts P3 KHearts P0 2Spades P1 6Spades 
P3 4Spades P0 QSpades P1 2Clubs P2 4Clubs 
P2 JDiamonds P3 7Clubs P0 6Diamonds P1 3Clubs 
P3 AClubs P0 QDiamonds P1 6Clubs P2 5Clubs 
P3 KSpades P0 JSpades P1 JClubs P2 QClubs 
-- /GAME --

