-- GAME --
P0 HAND: 5Diamonds, 3Diamonds, 3Clubs, 7Hearts, 6Hearts, KSpades, 6Spades, 5Spades, 4Spades, 3Spades.
P1 HAND: ADiamonds, 6Clubs, 5Clubs, 4Clubs, KHearts, JHearts, 3Hearts, 2Hearts, QSpades, 2Spades.
P2 HAND: 7Diamonds, 4Diamonds, 7Clubs, AHearts, QHearts, 5Hearts, 4Hearts, ASpades, 7Spades, JSpades.
P3 HAND: KDiamonds, JDiamonds, QDiamonds, 6Diamonds, 2Diamonds, AClubs, KClubs, JClubs, QClubs, 2Clubs.
P3 2Diamonds P0 3Diamonds P1 ADiamonds P2 4Diamonds 
P1 2Spades P2 ASpades P3 2Clubs P0 KSpades 
P2 JSpades P3 6Diamonds P0 3Spades P1 QSpades 
P2 4Hearts P3 QDiamonds P0 6Hearts P1 2Hearts 
P0 3Clubs P1 4Clubs P2 7Clubs P3 AClubs 
P3 QClubs P0 7Hearts P1 5Clubs P2 7Diamonds 
P0 5Diamonds P1 6Clubs P2 5Hearts P3 JDiamonds 
P2 QHearts P3 JClubs P0 4Spades P1 JHearts 
P1 3Hearts P2 AHearts P3 KDiamonds P0 6Spades 
P2 7Spades P3 KClubs P0 5Spades P1 KHearts 
-- /GAME --
P0 HAND: 6Diamonds, 5Diamonds, AClubs, 7Clubs, 6Clubs, 2Clubs, JHearts, QHearts, 7Spades, 3Spades.
P1 HAND: QDiamonds, KClubs, QClubs, 4Clubs, 7Hearts, 5Hearts, 4Hearts, 2Hearts, ASpades, JSpades.
P2 HAND: ADiamonds, 7Diamonds, 4Diamonds, 3Diamonds, JClubs, 3Clubs, AHearts, 3Hearts, KSpades, 2Spades.
P3 HAND: KDiamonds, JDiamonds, 2Diamonds, 5Clubs, KHearts, 6Hearts, QSpades, 6Spades, 5Spades, 4Spades.
P2 AHearts P3 6Hearts P0 JHearts P1 2Hearts 
P2 2Spades P3 4Spades P0 3Spades P1 ASpades 
P1 4Clubs P2 3Clubs P3 5Clubs P0 AClubs 
P0 7Spades P1 JSpades P2 KSpades P3 5Spades 
P0 QHearts P1 4Hearts P2 3Hearts P3 KHearts 
P3 6Spades P0 6Diamonds P1 5Hearts P2 JClubs 
P0 5Diamonds P1 QDiamonds P2 3Diamonds P3 2Diamonds 
P1 QClubs P2 4Diamonds P3 QSpades P0 7Clubs 
P2 7Diamonds P3 JDiamonds P0 2Clubs P1 KClubs 
P2 ADiamonds P3 KDiamonds P0 6Clubs P1 7Hearts 
-- /GAME --
P0 HAND: KDiamonds, JDiamonds, QDiamonds, KHearts, JHearts, 6Hearts, 5Hearts, 4Hearts, ASpades, KSpades.
P1 HAND: 6Diamonds, 7Clubs, JClubs, 6Clubs, 4Clubs, 2Hearts, 7Spades, 6Spades, 4Spades, 2Spades.
P2 HAND: 7Diamonds, 5Diamonds, 3Diamonds, 2Diamonds, KClubs, QClubs, 5Clubs, 2Clubs, 7Hearts, QSpades.
P3 HAND: ADiamonds, 4Diamonds, AClubs, 3Clubs, AHearts, QHearts, 3Hearts, JSpades, 5Spades, 3Spades.
P1 2Hearts P2 7Hearts P3 AHearts P0 4Hearts 
P3 AClubs P0 KDiamonds P1 4Clubs P2 KClubs 
P0 ASpades P1 2Spades P2 QSpades P3 3Spades 
P0 KSpades P1 4Spades P2 2Clubs P3 5Spades 
P0 5Hearts P1 6Clubs P2 5Clubs P3 QHearts 
P3 3Clubs P0 JDiamonds P1 JClubs P2 QClubs 
P0 6Hearts P1 6Spades P2 2Diamonds P3 3Hearts 
P2 3Diamonds P3 4Diamonds P0 QDiamonds P1 6Diamonds 
P0 KHearts P1 7Clubs P2 5Diamonds P3 ADiamonds 
P3 JSpades P0 JHearts P1 7Spades P2 7Diamonds 
-- /GAME --

