-- GAME --
P0 HAND: 7Diamonds, KDiamonds, 3Diamonds, 2Diamonds, 5Clubs, 3Clubs, 6Hearts, ASpades, QSpades, 2Spades.
P1 HAND: ADiamonds, JDiamonds, AClubs, 7Clubs, 2Clubs, 7Hearts, JHearts, QHearts, 2Hearts, 3Spades.
P2 HAND: QDiamonds, 6Diamonds, KClubs, JClubs, QClubs, 4Clubs, 4Hearts, 3Hearts, 6Spades, 4Spades.
P3 HAND: 5Diamonds, 4Diamonds, 6Clubs, AHearts, KHearts, 5Hearts, 7Spades, KSpades, JSpades, 5Spades.
P2 3Hearts P3 AHearts P0 6Hearts P1 7Hearts 
P3 4Diamonds P0 2Diamonds P1 ADiamonds P2 6Diamonds 
P1 2Hearts P2 4Hearts P3 KHearts P0 3Clubs 
P0 7Diamonds P1 JDiamonds P2 QDiamonds P3 5Diamonds 
P0 ASpades P1 3Spades P2 6Spades P3 5Spades 
P0 KDiamonds P1 QHearts P2 4Clubs P3 6Clubs 
P3 5Hearts P0 5Clubs P1 JHearts P2 4Spades 
P0 QSpades P1 2Clubs P2 QClubs P3 JSpades 
P2 JClubs P3 KSpades P0 3Diamonds P1 7Clubs 
P1 AClubs P2 KClubs P3 7Spades P0 2Spades 
-- /GAME --
P0 HAND: 3Diamonds, AClubs, KClubs, 6Clubs, 2Clubs, QHearts, 4Hearts, QSpades, 6Spades, 5Spades.
P1 HAND: 6Diamonds, 5Diamonds, 2Diamonds, 5Clubs, 4Clubs, KHearts, JHearts, 7Spades, KSpades, 4Spades.
P2 HAND: 7Diamonds, JDiamonds, QDiamonds, 4Diamonds, 3Clubs, 7Hearts, 6Hearts, 5Hearts, 2Hearts, JSpades.
P3 HAND: ADiamonds, KDiamonds, 7Clubs, JClubs, QClubs, AHearts, 3Hearts, ASpades, 3Spades, 2Spades.
P1 2Diamonds P2 4Diamonds P3 ADiamonds P0 3Diamonds 
P3 AHearts P0 4Hearts P1 KHearts P2 2Hearts 
P3 ASpades P0 5Spades P1 7Spades P2 JSpades 
P3 2Spades P0 QSpades P1 KSpades P2 3Clubs 
P2 5Hearts P3 3Hearts P0 QHearts P1 JHearts 
P1 4Spades P2 6Hearts P3 3Spades P0 6Spades 
P0 2Clubs P1 4Clubs P2 QDiamonds P3 QClubs 
P3 JClubs P0 6Clubs P1 5Clubs P2 JDiamonds 
P3 7Clubs P0 AClubs P1 5Diamonds P2 7Diamonds 
P0 KClubs P1 6Diamonds P2 7Hearts P3 KDiamonds 
-- /GAME --
P0 HAND: QDiamonds, 2Diamonds, JClubs, 3Clubs, QHearts, 6Hearts, 2Hearts, 7Spades, KSpades, 3Spades.
P1 HAND: AClubs, 7Clubs, QClubs, 6Clubs, 5Clubs, 4Clubs, 5Hearts, 6Spades, 4Spades, 2Spades.
P2 HAND: 7Diamonds, JDiamonds, 6Diamonds, 5Diamonds, 4Diamonds, 3Diamonds, KClubs, KHearts, ASpades, JSpades.
P3 HAND: ADiamonds, KDiamonds, 2Clubs, AHearts, 7Hearts, JHearts, 4Hearts, 3Hearts, QSpades, 5Spades.
P0 2Diamonds P1 2Spades P2 3Diamonds P3 KDiamonds 
P3 2Clubs P0 3Clubs P1 AClubs P2 KClubs 
P1 4Clubs P2 4Diamonds P3 3Hearts P0 JClubs 
P2 ASpades P3 5Spades P0 7Spades P1 4Spades 
P2 JSpades P3 QSpades P0 KSpades P1 6Spades 
P0 3Spades P1 5Clubs P2 5Diamonds P3 4Hearts 
P2 6Diamonds P3 ADiamonds P0 QDiamonds P1 7Clubs 
P3 JHearts P0 QHearts P1 5Hearts P2 KHearts 
P2 JDiamonds P3 7Hearts P0 6Hearts P1 6Clubs 
P2 7Diamonds P3 AHearts P0 2Hearts P1 QClubs 
-- /GAME --
P0 HAND: 6Diamonds, 2Diamonds, AClubs, QClubs, KHearts, 5Hearts, JSpades, 5Spades, 3Spades, 2Spades.
P1 HAND: ADiamonds, 7Diamonds, KDiamonds, 5Diamonds, 4Diamonds, KClubs, JHearts, QHearts, 3Hearts, KSpades.
P2 HAND: 3Diamonds, 6Clubs, 2Clubs, AHearts, 7Hearts, 4Hearts, 2Hearts, ASpades, 6Spades, 4Spades.
P3 HAND: JDiamonds, QDiamonds, 7Clubs, JClubs, 5Clubs, 4Clubs, 3Clubs, 6Hearts, 7Spades, QSpades.
P3 6Hearts P0 KHearts P1 3Hearts P2 AHearts 
P2 ASpades P3 QSpades P0 JSpades P1 KSpades 
P2 2Hearts P3 QDiamonds P0 5Hearts P1 JHearts 
P1 4Diamonds P2 3Diamonds P3 JDiamonds P0 2Diamonds 
P3 3Clubs P0 AClubs P1 KClubs P2 2Clubs 
P0 6Diamonds P1 5Diamonds P2 4Hearts P3 4Clubs 
P3 5Clubs P0 QClubs P1 QHearts P2 6Clubs 
P0 5Spades P1 KDiamonds P2 4Spades P3 7Spades 
P3 JClubs P0 3Spades P1 7Diamonds P2 6Spades 
P3 7Clubs P0 2Spades P1 ADiamonds P2 7Hearts 
-- /GAME --
P0 HAND: 5Diamonds, 3Diamonds, AClubs, JClubs, QClubs, 5Clubs, AHearts, KHearts, 2Hearts, 5Spades.
P1 HAND: KDiamonds, 6Diamonds, 4Diamonds, 2Diamonds, 7Clubs, KClubs, 6Clubs, JSpades, QSpades, 4Spades.
P2 HAND: QDiamonds, JHearts, QHearts, 6Hearts, 5Hearts, 4Hearts, ASpades, 7Spades, 6Spades, 3Spades.
P3 HAND: ADiamonds, 7Diamonds, JDiamonds, 4Clubs, 3Clubs, 2Clubs, 7Hearts, 3Hearts, KSpades, 2Spades.
P2 ASpades P3 2Spades P0 5Spades P1 4Spades 
P2 3Spades P3 KSpades P0 5Clubs P1 QSpades 
P0 AHearts P1 6Clubs P2 4Hearts P3 7Hearts 
P1 2Diamonds P2 QDiamonds P3 ADiamonds P0 5Diamonds 
P3 3Hearts P0 KHearts P1 4Diamonds P2 JHearts 
P0 2Hearts P1 6Diamonds P2 5Hearts P3 2Clubs 
P3 JDiamonds P0 3Diamonds P1 KDiamonds P2 6Hearts 
P1 JSpades P2 6Spades P3 3Clubs P0 QClubs 
P0 AClubs P1 KClubs P2 7Spades P3 4Clubs 
P0 JClubs P1 7Clubs P2 QHearts P3 7Diamonds 
-- /GAME --

