-- GAME --
P0 HAND: KDiamonds, QDiamonds, 4Diamonds, KClubs, 4Clubs, 2Clubs, KHearts, JHearts, 6Hearts, 5Spades.
P1 HAND: ADiamonds, 7Diamonds, JDiamonds, 5Diamonds, 3Diamonds, 7Clubs, QHearts, ASpades, JSpades, 4Spades.
P2 HAND: 2Diamonds, AClubs, JClubs, QClubs, 3Clubs, 7Hearts, 2Hearts, 7Spades, QSpades, 6Spades.
P3 HAND: 6Diamonds, 6Clubs, 5Clubs, AHearts, 5Hearts, 4Hearts, 3Hearts, KSpades, 3Spades, 2Spades.
P1 3Diamonds P2 2Diamonds P3 6Diamonds P0 KDiamonds 
P0 4Diamonds P1 5Diamonds P2 2Hearts P3 AHearts 
P1 4Spades P2 6Spades P3 2Spades P0 5Spades 
P2 7Hearts P3 3Hearts P0 KHearts P1 QHearts 
P2 QSpades P3 3Spades P0 QDiamonds P1 ASpades 
P1 JDiamonds P2 3Clubs P3 4Hearts P0 JHearts 
P2 QClubs P3 5Clubs P0 2Clubs P1 7Clubs 
P1 JSpades P2 7Spades P3 KSpades P0 6Hearts 
P2 JClubs P3 6Clubs P0 4Clubs P1 7Diamonds 
P2 AClubs P3 5Hearts P0 KClubs P1 ADiamonds 
-- /GAME --
P0 HAND: JDiamonds, QDiamonds, 3Diamonds, QClubs, 3Clubs, AHearts, 7Hearts, 3Hearts, 3Spades, 2Spades.
P1 HAND: ADiamonds, KClubs, JClubs, 6Clubs, 4Clubs, 5Hearts, 2Hearts, ASpades, 6Spades, 4Spades.
P2 HAND: 4Diamonds, 2Diamonds, AClubs, 7Clubs, 2Clubs, KHearts, QHearts, 4Hearts, JSpades, QSpades.
P3 HAND: 7Diamonds, KDiamonds, 6Diamonds, 5Diamonds, 5Clubs, JHearts, 6Hearts, 7Spades, KSpades, 5Spades.
P0 AHearts P1 2Hearts P2 KHearts P3 6Hearts 
P0 7Hearts P1 5Hearts P2 QHearts P3 JHearts 
P0 3Hearts P1 4Clubs P2 4Hearts P3 5Diamonds 
P2 AClubs P3 5Clubs P0 QClubs P1 6Clubs 
P2 2Diamonds P3 6Diamonds P0 3Diamonds P1 ADiamonds 
P1 JClubs P2 2Clubs P3 5Spades P0 3Clubs 
P3 KSpades P0 2Spades P1 4Spades P2 QSpades 
P3 7Spades P0 3Spades P1 6Spades P2 JSpades 
P3 KDiamonds P0 JDiamonds P1 ASpades P2 4Diamonds 
P1 KClubs P2 7Clubs P3 7Diamonds P0 QDiamonds 
-- /GAME --
P0 HAND: 7Diamonds, KDiamonds, 6Diamonds, 5Diamonds, 4Diamonds, QHearts, 5Hearts, 3Hearts, 7Spades, 5Spades.
P1 HAND: 3Diamonds, JClubs, 5Clubs, 4Clubs, AHearts, ASpades, KSpades, JSpades, QSpades, 3Spades.
P2 HAND: JDiamonds, QDiamonds, QClubs, 6Clubs, 7Hearts, JHearts, 6Hearts, 4Hearts, 2Hearts, 4Spades.
P3 HAND: ADiamonds, 2Diamonds, AClubs, 7Clubs, KClubs, 3Clubs, 2Clubs, KHearts, 6Spades, 2Spades.
P3 ADiamonds P0 6Diamonds P1 3Diamonds P2 QDiamonds 
P3 2Diamonds P0 KDiamonds P1 4Clubs P2 JDiamonds 
P0 5Hearts P1 AHearts P2 2Hearts P3 KHearts 
P1 5Clubs P2 6Clubs P3 AClubs P0 7Spades 
P0 QHearts P1 3Spades P2 4Hearts P3 7Clubs 
P1 JClubs P2 QClubs P3 2Clubs P0 5Spades 
P0 3Hearts P1 QSpades P2 6Hearts P3 KClubs 
P1 JSpades P2 4Spades P3 2Spades P0 4Diamonds 
P1 KSpades P2 JHearts P3 6Spades P0 5Diamonds 
P1 ASpades P2 7Hearts P3 3Clubs P0 7Diamonds 
-- /GAME --
P0 HAND: JDiamonds, QDiamonds, 4Diamonds, AClubs, 6Clubs, KHearts, 4Hearts, 3Hearts, 7Spades, 2Spades.
P1 HAND: 7Diamonds, 6Diamonds, 7Clubs, JClubs, QClubs, 4Clubs, 7Hearts, 2Hearts, KSpades, 5Spades.
P2 HAND: ADiamonds, 3Diamonds, KClubs, 5Clubs, 3Clubs, AHearts, JHearts, 6Hearts, 5Hearts, ASpades.
P3 HAND: KDiamonds, 5Diamonds, 2Diamonds, 2Clubs, QHearts, JSpades, QSpades, 6Spades, 4Spades, 3Spades.
P2 ADiamonds P3 2Diamonds P0 JDiamonds P1 6Diamonds 
P2 AHearts P3 QHearts P0 KHearts P1 2Hearts 
P2 ASpades P3 3Spades P0 2Spades P1 5Spades 
P2 3Diamonds P3 5Diamonds P0 4Diamonds P1 7Diamonds 
P1 4Clubs P2 3Clubs P3 2Clubs P0 6Clubs 
P0 QDiamonds P1 QClubs P2 5Hearts P3 KDiamonds 
P1 JClubs P2 5Clubs P3 4Spades P0 AClubs 
P0 4Hearts P1 7Hearts P2 6Hearts P3 JSpades 
P1 7Clubs P2 KClubs P3 6Spades P0 3Hearts 
P1 KSpades P2 JHearts P3 QSpades P0 7Spades 
-- /GAME --
P0 HAND: ADiamonds, 7Diamonds, 5Diamonds, 3Diamonds, KClubs, AHearts, 7Hearts, 6Hearts, 4Hearts, ASpades.
P1 HAND: AClubs, 7Clubs, QClubs, 6Clubs, 4Clubs, JHearts, QHearts, QSpades, 5Spades, 4Spades.
P2 HAND: 6Diamonds, 4Diamonds, 2Diamonds, 3Clubs, 2Clubs, 3Hearts, 2Hearts, KSpades, JSpades, 3Spades.
P3 HAND: KDiamonds, JDiamonds, QDiamonds, JClubs, 5Clubs, KHearts, 5Hearts, 7Spades, 6Spades, 2Spades.
P1 4Clubs P2 2Clubs P3 5Clubs P0 KClubs 
P0 ASpades P1 4Spades P2 KSpades P3 2Spades 
P0 AHearts P1 QHearts P2 2Hearts P3 5Hearts 
P0 7Hearts P1 JHearts P2 3Hearts P3 KHearts 
P0 6Hearts P1 5Spades P2 2Diamonds P3 6Spades 
P0 ADiamonds P1 6Clubs P2 6Diamonds P3 QDiamonds 
P0 7Diamonds P1 QClubs P2 4Diamonds P3 JDiamonds 
P0 5Diamonds P1 QSpades P2 3Clubs P3 KDiamonds 
P3 JClubs P0 3Diamonds P1 7Clubs P2 3Spades 
P1 AClubs P2 JSpades P3 7Spades P0 4Hearts 
-- /GAME --

