-- GAME --
P0 HAND: ADiamonds, QDiamonds, 3Diamonds, 6Clubs, 2Clubs, JHearts, 5Hearts, 3Hearts, JSpades, QSpades.
P1 HAND: 7Diamonds, 5Diamonds, 4Diamonds, AClubs, JClubs, QClubs, KHearts, 2Hearts, ASpades, 5Spades.
P2 HAND: JDiamonds, 2Diamonds, KClubs, 4Clubs, 3Clubs, 7Hearts, QHearts, 6Hearts, KSpades, 4Spades.
P3 HAND: KDiamonds, 6Diamonds, 7Clubs, 5Clubs, AHearts, 4Hearts, 7Spades, 6Spades, 3Spades, 2Spades.
P1 AClubs P2 3Clubs P3 7Clubs P0 2Clubs 
P1 ASpades P2 4Spades P3 7Spades P0 JSpades 
P1 4Diamonds P2 2Diamonds P3 6Diamonds P0 QDiamonds 
P0 QSpades P1 5Spades P2 KSpades P3 2Spades 
P2 4Clubs P3 5Clubs P0 6Clubs P1 JClubs 
P1 5Diamonds P2 JDiamonds P3 KDiamonds P0 ADiamonds 
P0 3Diamonds P1 7Diamonds P2 6Hearts P3 AHearts 
P3 3Spades P0 3Hearts P1 QClubs P2 KClubs 
P0 5Hearts P1 2Hearts P2 QHearts P3 4Hearts 
P2 7Hearts P3 6Spades P0 JHearts P1 KHearts 
-- /GAME --
P0 HAND: 5Diamonds, 7Clubs, KClubs, JClubs, 6Clubs, 4Clubs, KHearts, 4Hearts, 5Spades, 2Spades.
P1 HAND: JDiamonds, QDiamonds, 3Diamonds, 2Diamonds, QClubs, 3Clubs, JHearts, 6Hearts, KSpades, 6Spades.
P2 HAND: ADiamonds, KDiamonds, 6Diamonds, AClubs, AHearts, 7Hearts, QHearts, 5Hearts, 7Spades, 3Spades.
P3 HAND: 7Diamonds, 4Diamonds, 5Clubs, 2Clubs, 3Hearts, 2Hearts, ASpades, JSpades, QSpades, 4Spades.
P0 6Clubs P1 3Clubs P2 AClubs P3 2Clubs 
P2 ADiamonds P3 4Diamonds P0 5Diamonds P1 2Diamonds 
P2 AHearts P3 2Hearts P0 KHearts P1 6Hearts 
P2 5Hearts P3 3Hearts P0 4Hearts P1 JHearts 
P1 3Diamonds P2 6Diamonds P3 7Diamonds P0 2Spades 
P0 7Clubs P1 QClubs P2 7Hearts P3 5Clubs 
P0 KClubs P1 QDiamonds P2 KDiamonds P3 4Spades 
P3 QSpades P0 5Spades P1 6Spades P2 3Spades 
P3 JSpades P0 4Clubs P1 KSpades P2 7Spades 
P2 QHearts P3 ASpades P0 JClubs P1 JDiamonds 
-- /GAME --
P0 HAND: JDiamonds, 2Diamonds, 7Clubs, KClubs, QClubs, AHearts, 6Hearts, 3Hearts, 7Spades, 3Spades.
P1 HAND: ADiamonds, 7Diamonds, 5Diamonds, 4Diamonds, 3Diamonds, 6Clubs, 4Clubs, JHearts, JSpades, QSpades.
P2 HAND: KDiamonds, 6Diamonds, 3Clubs, 2Clubs, 7Hearts, QHearts, 2Hearts, ASpades, KSpades, 5Spades.
P3 HAND: QDiamonds, AClubs, JClubs, 5Clubs, KHearts, 5Hearts, 4Hearts, 6Spades, 4Spades, 2Spades.
P3 AClubs P0 QClubs P1 6Clubs P2 2Clubs 
P3 4Hearts 
