-- GAME --
P0 HAND: JDiamonds, 3Diamonds, KClubs, 7Hearts, JHearts, 6Hearts, 4Hearts, ASpades, 7Spades, QSpades.
P1 HAND: QDiamonds, 5Diamonds, 4Diamonds, AClubs, 7Clubs, 6Clubs, KSpades, JSpades, 4Spades, 2Spades.
P2 HAND: 2Diamonds, JClubs, QClubs, 2Clubs, QHearts, 5Hearts, 3Hearts, 2Hearts, 6Spades, 5Spades.
P3 HAND: ADiamonds, 7Diamonds, KDiamonds, 6Diamonds, 5Clubs, 4Clubs, 3Clubs, AHearts, KHearts, 3Spades.
P3 AHearts P0 4Hearts P1 AClubs P2 2Hearts 
P3 3Clubs P0 KClubs P1 7Clubs P2 2Clubs 
P1 2Spades P2 5Spades P3 3Spades P0 ASpades 
P0 7Spades P1 4Spades P2 6Spades P3 6Diamonds 
P3 4Clubs P0 QSpades P1 6Clubs P2 JClubs 
P2 3Hearts P3 KHearts P0 7Hearts P1 4Diamonds 
P1 JSpades P2 5Hearts P3 5Clubs P0 JDiamonds 
P0 JHearts P1 5Diamonds P2 QHearts P3 KDiamonds 
P3 7Diamonds P0 3Diamonds P1 QDiamonds P2 2Diamonds 
P3 ADiamonds P0 6Hearts P1 KSpades P2 QClubs 
-- /GAME --
P0 HAND: ADiamonds, KDiamonds, 4Diamonds, JClubs, 6Clubs, 5Clubs, 3Clubs, 6Hearts, 3Hearts, 4Spades.
P1 HAND: 5Diamonds, 2Diamonds, 7Clubs, AHearts, 7Hearts, KHearts, JHearts, 4Hearts, JSpades, 2Spades.
P2 HAND: JDiamonds, QDiamonds, 6Diamonds, AClubs, KClubs, 4Clubs, ASpades, QSpades, 6Spades, 3Spades.
P3 HAND: 7Diamonds, 3Diamonds, QClubs, 2Clubs, QHearts, 5Hearts, 2Hearts, 7Spades, KSpades, 5Spades.
P2 AClubs P3 2Clubs P0 JClubs P1 7Clubs 
P2 ASpades P3 5Spades P0 4Spades P1 2Spades 
P2 3Spades P3 KSpades P0 KDiamonds P1 JSpades 
P0 3Hearts P1 AHearts P2 6Diamonds P3 2Hearts 
P2 4Clubs P3 QClubs P0 3Clubs P1 7Hearts 
P3 5Hearts P0 6Hearts P1 4Hearts P2 KClubs 
P0 5Clubs P1 2Diamonds P2 6Spades P3 7Spades 
P1 JHearts P2 QSpades P3 QHearts P0 4Diamonds 
P0 6Clubs P1 5Diamonds P2 QDiamonds P3 3Diamonds 
P2 JDiamonds P3 7Diamonds P0 ADiamonds P1 KHearts 
-- /GAME --
P0 HAND: 7Diamonds, 6Diamonds, 4Diamonds, JClubs, 4Clubs, JHearts, 7Spades, QSpades, 5Spades, 2Spades.
P1 HAND: ADiamonds, KDiamonds, JDiamonds, QDiamonds, 2Diamonds, KClubs, 2Clubs, KHearts, JSpades, 3Spades.
P2 HAND: 5Diamonds, 7Clubs, QClubs, 5Clubs, AHearts, 6Hearts, 5Hearts, 4Hearts, 3Hearts, 6Spades.
P3 HAND: 3Diamonds, AClubs, 6Clubs, 3Clubs, 7Hearts, QHearts, 2Hearts, ASpades, KSpades, 4Spades.
P1 2Diamonds P2 5Diamonds P3 3Diamonds P0 7Diamonds 
P0 JHearts P1 KHearts P2 AHearts P3 2Hearts 
P2 3Hearts P3 QHearts P0 4Diamonds P1 ADiamonds 
P3 AClubs P0 4Clubs P1 KClubs P2 5Clubs 
P3 3Clubs P0 JClubs P1 2Clubs P2 7Clubs 
P2 4Hearts P3 7Hearts P0 QSpades P1 JSpades 
P1 QDiamonds P2 5Hearts P3 6Clubs P0 6Diamonds 
P1 JDiamonds P2 6Hearts P3 4Spades P0 7Spades 
P0 2Spades P1 3Spades P2 6Spades P3 KSpades 
P3 ASpades P0 5Spades P1 KDiamonds P2 QClubs 
-- /GAME --
P0 HAND: 5Diamonds, AClubs, JClubs, 6Clubs, AHearts, KHearts, QHearts, 6Hearts, 7Spades, 5Spades.
P1 HAND: JDiamonds, 6Diamonds, 4Diamonds, 2Diamonds, 3Clubs, 3Hearts, 2Hearts, 6Spades, 3Spades, 2Spades.
P2 HAND: ADiamonds, QDiamonds, 4Clubs, 2Clubs, 7Hearts, JHearts, 5Hearts, ASpades, JSpades, 4Spades.
P3 HAND: 7Diamonds, KDiamonds, 3Diamonds, 7Clubs, KClubs, QClubs, 5Clubs, 4Hearts, KSpades, QSpades.
P0 AClubs P1 3Clubs P2 4Clubs P3 5Clubs 
P0 5Diamonds P1 2Diamonds P2 ADiamonds P3 3Diamonds 
P2 ASpades P3 QSpades P0 7Spades P1 2Spades 
P2 2Clubs P3 QClubs P0 6Clubs P1 JDiamonds 
P3 4Hearts P0 6Hearts P1 2Hearts P2 5Hearts 
P0 5Spades P1 3Spades P2 4Spades P3 KSpades 
P3 KDiamonds P0 QHearts P1 4Diamonds P2 QDiamonds 
P0 JClubs P1 6Diamonds P2 JHearts P3 KClubs 
P2 JSpades P3 7Diamonds P0 KHearts P1 6Spades 
P0 AHearts P1 3Hearts P2 7Hearts P3 7Clubs 
-- /GAME --
P0 HAND: 3Diamonds, AClubs, KClubs, 6Clubs, 4Clubs, 2Clubs, 7Hearts, KHearts, JSpades, 6Spades.
P1 HAND: KDiamonds, 6Diamonds, 5Diamonds, 7Clubs, AHearts, 6Hearts, 3Hearts, ASpades, KSpades, 4Spades.
P2 HAND: ADiamonds, 4Diamonds, JClubs, QClubs, JHearts, 5Hearts, 4Hearts, 7Spades, QSpades, 3Spades.
P3 HAND: 7Diamonds, JDiamonds, QDiamonds, 2Diamonds, 5Clubs, 3Clubs, QHearts, 2Hearts, 5Spades, 2Spades.
P3 2Hearts P0 KHearts P1 AHearts P2 4Hearts 
P1 ASpades P2 3Spades P3 5Spades P0 6Spades 
P1 3Hearts P2 5Hearts P3 QHearts P0 7Hearts 
P0 AClubs P1 7Clubs P2 JClubs P3 3Clubs 
P0 3Diamonds P1 5Diamonds P2 4Diamonds P3 2Diamonds 
P1 4Spades P2 QSpades P3 2Spades P0 JSpades 
P0 KClubs P1 6Hearts P2 QClubs P3 5Clubs 
P0 6Clubs P1 6Diamonds P2 ADiamonds P3 QDiamonds 
P2 JHearts P3 JDiamonds P0 2Clubs P1 KSpades 
P3 7Diamonds P0 4Clubs P1 KDiamonds P2 7Spades 
-- /GAME --
P0 HAND: ADiamonds, KDiamonds, 6Diamonds, 3Diamonds, 2Diamonds, QClubs, 3Clubs, QHearts, 7Spades, 4Spades.
P1 HAND: 7Diamonds, QDiamonds, 7Clubs, JClubs, 5Clubs, KHearts, 5Hearts, 4Hearts, 3Hearts, 3Spades.
P2 HAND: JDiamonds, 4Diamonds, KClubs, AHearts, 7Hearts, 6Hearts, 2Hearts, ASpades, KSpades, 5Spades.
P3 HAND: 5Diamonds, AClubs, 6Clubs, 4Clubs, 2Clubs, JHearts, JSpades, QSpades, 6Spades, 2Spades.
P2 ASpades P3 2Spades P0 7Spades P1 3Spades 
P2 4Diamonds P3 5Diamonds P0 ADiamonds P1 QDiamonds 
P0 4Spades P1 5Clubs P2 KSpades P3 6Spades 
P2 5Spades P3 QSpades P0 QHearts P1 3Hearts 
P0 3Clubs P1 JClubs P2 KClubs P3 AClubs 
P3 2Clubs P0 QClubs P1 7Clubs P2 2Hearts 
P2 JDiamonds P3 4Clubs P0 2Diamonds P1 7Diamonds 
P1 4Hearts P2 6Hearts P3 JHearts P0 3Diamonds 
P3 6Clubs P0 KDiamonds P1 5Hearts P2 7Hearts 
P2 AHearts P3 JSpades P0 6Diamonds P1 KHearts 
-- /GAME --
P0 HAND: 4Diamonds, 3Diamonds, 7Clubs, KClubs, JHearts, QHearts, 6Hearts, JSpades, QSpades, 5Spades.
P1 HAND: 7Diamonds, JDiamonds, 5Diamonds, AClubs, QClubs, 2Clubs, 4Hearts, 2Hearts, KSpades, 3Spades.
P2 HAND: QDiamonds, 5Clubs, 3Clubs, AHearts, 7Hearts, KHearts, 3Hearts, 6Spades, 4Spades, 2Spades.
P3 HAND: ADiamonds, KDiamonds, 6Diamonds, 2Diamonds, JClubs, 6Clubs, 4Clubs, 5Hearts, ASpades, 7Spades.
P1 AClubs P2 3Clubs P3 JClubs P0 KClubs 
P1 2Clubs P2 5Clubs P3 4Clubs P0 7Clubs 
P0 5Spades P1 3Spades P2 2Spades P3 ASpades 
P3 ADiamonds P0 4Diamonds P1 7Diamonds P2 QDiamonds 
P3 2Diamonds P0 3Diamonds P1 5Diamonds P2 4Spades 
P1 QClubs P2 6Spades P3 6Clubs P0 JHearts 
P0 JSpades P1 KSpades P2 3Hearts P3 7Spades 
P2 KHearts P3 5Hearts P0 QHearts P1 2Hearts 
P2 7Hearts P3 6Diamonds P0 6Hearts P1 4Hearts 
P2 AHearts P3 KDiamonds P0 QSpades P1 JDiamonds 
-- /GAME --
P0 HAND: 7Diamonds, 4Diamonds, 3Diamonds, AClubs, 4Clubs, 2Clubs, KSpades, QSpades, 5Spades, 2Spades.
P1 HAND: KDiamonds, JDiamonds, 2Diamonds, JClubs, 3Clubs, QHearts, 7Spades, JSpades, 6Spades, 4Spades.
P2 HAND: ADiamonds, 6Diamonds, 7Clubs, KClubs, 6Clubs, 5Clubs, 7Hearts, KHearts, JHearts, 5Hearts.
P3 HAND: QDiamonds, 5Diamonds, QClubs, AHearts, 6Hearts, 4Hearts, 3Hearts, 2Hearts, ASpades, 3Spades.
P0 AClubs P1 3Clubs P2 7Clubs P3 QClubs 
P0 2Clubs P1 JClubs P2 5Clubs P3 AHearts 
P1 4Spades P2 5Hearts P3 ASpades P0 2Spades 
P3 2Hearts P0 4Clubs P1 QHearts P2 7Hearts 
P2 6Clubs P3 3Hearts P0 5Spades P1 6Spades 
P2 JHearts P3 4Hearts P0 QSpades P1 2Diamonds 
P1 JSpades P2 6Diamonds P3 3Spades P0 KSpades 
P2 ADiamonds P3 5Diamonds P0 3Diamonds P1 JDiamonds 
P2 KClubs P3 6Hearts P0 4Diamonds P1 KDiamonds 
P1 7Spades P2 KHearts P3 QDiamonds P0 7Diamonds 
-- /GAME --
P0 HAND: ADiamonds, KDiamonds, 4Diamonds, 4Clubs, 3Clubs, JSpades, QSpades, 6Spades, 5Spades, 4Spades.
P1 HAND: 7Diamonds, 3Diamonds, 2Diamonds, 7Clubs, QClubs, 2Clubs, KHearts, QHearts, 3Hearts, KSpades.
P2 HAND: JDiamonds, 6Diamonds, AClubs, KClubs, JClubs, 6Clubs, 5Hearts, 7Spades, 3Spades, 2Spades.
P3 HAND: QDiamonds, 5Diamonds, 5Clubs, AHearts, 7Hearts, JHearts, 6Hearts, 4Hearts, 2Hearts, ASpades.
P3 2Hearts P0 3Clubs P1 3Hearts P2 5Hearts 
P2 6Diamonds P3 5Diamonds P0 ADiamonds P1 2Diamonds 
P0 4Clubs P1 2Clubs P2 AClubs P3 5Clubs 
P2 6Clubs P3 4Hearts P0 JSpades P1 QClubs 
P0 4Diamonds P1 3Diamonds P2 JDiamonds P3 QDiamonds 
P2 JClubs P3 6Hearts P0 4Spades P1 7Clubs 
P0 KDiamonds P1 7Diamonds P2 2Spades P3 ASpades 
P3 JHearts P0 5Spades P1 QHearts P2 KClubs 
P0 6Spades P1 KSpades P2 3Spades P3 AHearts 
P1 KHearts P2 7Spades P3 7Hearts P0 QSpades 
-- /GAME --

