-- GAME --
P0 HAND: 7Diamonds, KDiamonds, 4Diamonds, 7Clubs, JClubs, QClubs, 2Clubs, KHearts, QHearts, 6Hearts.
P1 HAND: 6Diamonds, 2Diamonds, AClubs, 4Clubs, 3Clubs, JHearts, 2Hearts, ASpades, KSpades, 3Spades.
P2 HAND: JDiamonds, QDiamonds, 3Diamonds, 6Clubs, 7Hearts, 5Hearts, 4Hearts, 3Hearts, 6Spades, 4Spades.
P3 HAND: ADiamonds, 5Diamonds, KClubs, 5Clubs, AHearts, 7Spades, JSpades, QSpades, 5Spades, 2Spades.
P3 ADiamonds P0 4Diamonds P1 6Diamonds P2 3Diamonds 
P3 2Spades P0 KHearts P1 3Spades P2 6Spades 
P0 7Diamonds P1 2Diamonds P2 JDiamonds P3 5Diamonds 
P0 KDiamonds P1 3Clubs P2 QDiamonds P3 AHearts 
P3 5Clubs P0 2Clubs P1 AClubs P2 6Clubs 
P1 4Clubs P2 4Spades P3 KClubs P0 7Clubs 
P0 6Hearts P1 2Hearts P2 3Hearts P3 5Spades 
P0 QClubs P1 JHearts P2 7Hearts P3 QSpades 
P2 4Hearts P3 JSpades P0 QHearts P1 KSpades 
P0 JClubs P1 ASpades P2 5Hearts P3 7Spades 
-- /GAME --
P0 HAND: 5Diamonds, 3Diamonds, 2Diamonds, 6Clubs, 5Clubs, 4Clubs, 5Hearts, KSpades, 6Spades, 4Spades.
P1 HAND: KDiamonds, 6Diamonds, AClubs, 7Clubs, QClubs, QHearts, 6Hearts, 3Hearts, 5Spades, 2Spades.
P2 HAND: KClubs, JClubs, 2Clubs, 7Hearts, JHearts, 2Hearts, ASpades, 7Spades, QSpades, 3Spades.
P3 HAND: ADiamonds, 7Diamonds, JDiamonds, QDiamonds, 4Diamonds, 3Clubs, AHearts, KHearts, 4Hearts, JSpades.
P2 ASpades P3 JSpades P0 4Spades P1 2Spades 
P2 2Hearts P3 AHearts P0 5Hearts P1 QHearts 
P3 4Diamonds P0 2Diamonds P1 6Diamonds P2 3Spades 
P1 3Hearts P2 JHearts P3 4Hearts P0 KSpades 
P2 QSpades P3 QDiamonds P0 6Spades P1 5Spades 
P2 2Clubs P3 3Clubs P0 4Clubs P1 QClubs 
P1 6Hearts P2 7Hearts P3 KHearts P0 3Diamonds 
P2 JClubs P3 JDiamonds P0 5Clubs P1 7Clubs 
P1 AClubs P2 KClubs P3 7Diamonds P0 6Clubs 
P1 KDiamonds P2 7Spades P3 ADiamonds P0 5Diamonds 
-- /GAME --
P0 HAND: KDiamonds, 3Diamonds, AClubs, 7Clubs, KClubs, AHearts, KHearts, 6Hearts, 5Spades, 3Spades.
P1 HAND: JDiamonds, 4Clubs, 7Hearts, QHearts, 5Hearts, 3Hearts, 7Spades, KSpades, QSpades, 4Spades.
P2 HAND: 7Diamonds, QDiamonds, 4Diamonds, 2Diamonds, QClubs, 6Clubs, JHearts, ASpades, JSpades, 2Spades.
P3 HAND: ADiamonds, 6Diamonds, 5Diamonds, JClubs, 5Clubs, 3Clubs, 2Clubs, 4Hearts, 2Hearts, 6Spades.
P1 3Hearts P2 JHearts P3 2Hearts P0 KHearts 
P0 3Spades P1 4Spades P2 2Spades P3 6Spades 
P3 ADiamonds P0 3Diamonds P1 JDiamonds P2 2Diamonds 
P3 2Clubs P0 AClubs P1 4Clubs P2 QClubs 
P0 5Spades P1 QSpades P2 JSpades P3 3Clubs 
P2 4Diamonds P3 5Diamonds P0 KDiamonds P1 5Hearts 
P0 AHearts P1 QHearts P2 7Diamonds P3 4Hearts 
P0 6Hearts P1 7Hearts P2 ASpades P3 5Clubs 
P2 6Clubs P3 JClubs P0 7Clubs P1 KSpades 
P1 7Spades P2 QDiamonds P3 6Diamonds P0 KClubs 
-- /GAME --
P0 HAND: 7Diamonds, KDiamonds, JDiamonds, 5Diamonds, 4Clubs, KHearts, 5Hearts, 4Hearts, QSpades, 3Spades.
P1 HAND: 6Diamonds, AClubs, AHearts, 7Hearts, JHearts, QHearts, 2Hearts, ASpades, 7Spades, 4Spades.
P2 HAND: QDiamonds, KClubs, JClubs, QClubs, 5Clubs, 2Clubs, 6Hearts, JSpades, 6Spades, 5Spades.
P3 HAND: ADiamonds, 4Diamonds, 3Diamonds, 2Diamonds, 7Clubs, 6Clubs, 3Clubs, 3Hearts, KSpades, 2Spades.
P0 4Clubs P1 AClubs P2 2Clubs P3 7Clubs 
P1 2Hearts P2 6Hearts P3 3Hearts P0 KHearts 
P0 4Hearts P1 QHearts P2 5Clubs P3 KSpades 
P1 4Spades P2 5Spades P3 2Spades P0 QSpades 
P0 5Hearts P1 JHearts P2 6Spades P3 6Clubs 
P1 6Diamonds P2 QDiamonds P3 2Diamonds P0 7Diamonds 
P0 5Diamonds P1 7Hearts P2 QClubs P3 ADiamonds 
P3 3Clubs P0 3Spades P1 7Spades P2 KClubs 
P2 JClubs P3 3Diamonds P0 JDiamonds P1 AHearts 
P0 KDiamonds P1 ASpades P2 JSpades P3 4Diamonds 
-- /GAME --
P0 HAND: 7Diamonds, 2Diamonds, AClubs, 7Clubs, 6Clubs, 3Clubs, KHearts, 3Hearts, 6Spades, 4Spades.
P1 HAND: KDiamonds, QDiamonds, 5Diamonds, 4Diamonds, QClubs, JHearts, 6Hearts, 2Hearts, 7Spades, QSpades.
P2 HAND: ADiamonds, JClubs, 5Clubs, 4Clubs, AHearts, 7Hearts, 5Hearts, 4Hearts, ASpades, 5Spades.
P3 HAND: JDiamonds, 6Diamonds, 3Diamonds, KClubs, 2Clubs, QHearts, KSpades, JSpades, 3Spades, 2Spades.
P3 2Clubs P0 AClubs P1 QClubs P2 JClubs 
P0 3Hearts P1 2Hearts P2 AHearts P3 QHearts 
P2 ADiamonds P3 3Diamonds P0 2Diamonds P1 4Diamonds 
P2 4Clubs P3 KClubs P0 7Clubs P1 QSpades 
P1 5Diamonds P2 4Hearts P3 6Diamonds P0 7Diamonds 
P0 KHearts P1 6Hearts P2 5Hearts P3 2Spades 
P3 JDiamonds P0 4Spades P1 QDiamonds P2 7Hearts 
P0 3Clubs P1 7Spades P2 5Clubs P3 3Spades 
P1 JHearts P2 5Spades P3 JSpades P0 6Clubs 
P3 KSpades P0 6Spades P1 KDiamonds P2 ASpades 
-- /GAME --
P0 HAND: ADiamonds, 7Diamonds, JDiamonds, QDiamonds, 6Diamonds, 5Clubs, 6Hearts, 3Hearts, 2Hearts, ASpades.
P1 HAND: KDiamonds, 2Diamonds, QClubs, JHearts, QHearts, 4Hearts, 7Spades, QSpades, 5Spades, 2Spades.
P2 HAND: JClubs, 6Clubs, 4Clubs, 2Clubs, AHearts, 7Hearts, 5Hearts, JSpades, 6Spades, 4Spades.
P3 HAND: 5Diamonds, 4Diamonds, 3Diamonds, AClubs, 7Clubs, KClubs, 3Clubs, KHearts, KSpades, 3Spades.
P2 2Clubs P3 AClubs P0 5Clubs P1 QClubs 
P3 3Diamonds P0 ADiamonds P1 2Diamonds P2 JClubs 
P0 7Diamonds P1 KDiamonds P2 JSpades P3 4Diamonds 
P0 JDiamonds P1 2Spades P2 6Clubs P3 5Diamonds 
P0 ASpades P1 5Spades P2 6Spades P3 3Spades 
P0 QDiamonds P1 QSpades P2 4Clubs P3 3Clubs 
P0 6Diamonds P1 4Hearts P2 4Spades P3 7Clubs 
P1 QHearts P2 5Hearts P3 KHearts P0 2Hearts 
P3 KClubs P0 3Hearts P1 JHearts P2 7Hearts 
P2 AHearts P3 KSpades P0 6Hearts P1 7Spades 
-- /GAME --
P0 HAND: KDiamonds, QDiamonds, 3Diamonds, 2Diamonds, JClubs, 3Hearts, ASpades, 7Spades, 6Spades, 2Spades.
P1 HAND: ADiamonds, JDiamonds, 7Clubs, QClubs, 6Clubs, 4Clubs, 2Clubs, 7Hearts, 4Hearts, 5Spades.
P2 HAND: 7Diamonds, 6Diamonds, 5Diamonds, 4Diamonds, 3Clubs, KHearts, QHearts, 5Hearts, KSpades, JSpades.
P3 HAND: AClubs, KClubs, 5Clubs, AHearts, JHearts, 6Hearts, 2Hearts, QSpades, 4Spades, 3Spades.
P1 2Clubs P2 3Clubs P3 AClubs P0 JClubs 
P3 AHearts P0 3Hearts P1 7Hearts P2 5Hearts 
P3 2Hearts P0 2Spades P1 4Hearts P2 KHearts 
P2 QHearts P3 6Hearts P0 6Spades P1 4Clubs 
P2 JSpades P3 3Spades P0 ASpades P1 5Spades 
P0 2Diamonds P1 JDiamonds P2 4Diamonds P3 KClubs 
P1 6Clubs P2 5Diamonds P3 5Clubs P0 7Spades 
P2 6Diamonds P3 4Spades P0 3Diamonds P1 ADiamonds 
P1 QClubs P2 7Diamonds P3 QSpades P0 QDiamonds 
P2 KSpades P3 JHearts P0 KDiamonds P1 7Clubs 
-- /GAME --
P0 HAND: KDiamonds, 5Diamonds, 3Diamonds, AClubs, 4Clubs, 2Hearts, 7Spades, QSpades, 5Spades, 3Spades.
P1 HAND: JClubs, 6Clubs, 5Clubs, 2Clubs, AHearts, 7Hearts, JHearts, QHearts, 6Hearts, ASpades.
P2 HAND: 7Diamonds, JDiamonds, QDiamonds, 6Diamonds, 7Clubs, 3Clubs, 3Hearts, KSpades, 6Spades, 2Spades.
P3 HAND: ADiamonds, 4Diamonds, 2Diamonds, KClubs, QClubs, KHearts, 5Hearts, 4Hearts, JSpades, 4Spades.
P0 2Hearts P1 6Hearts P2 3Hearts P3 4Hearts 
P1 ASpades P2 2Spades P3 JSpades P0 3Spades 
P1 2Clubs P2 3Clubs P3 QClubs P0 4Clubs 
P3 ADiamonds P0 3Diamonds P1 JClubs P2 6Diamonds 
P3 2Diamonds P0 KDiamonds P1 5Clubs P2 7Diamonds 
P2 6Spades P3 4Spades P0 7Spades P1 QHearts 
P1 6Clubs P2 7Clubs P3 KClubs P0 AClubs 
P0 5Diamonds P1 JHearts P2 QDiamonds P3 4Diamonds 
P1 7Hearts P2 JDiamonds P3 5Hearts P0 5Spades 
P1 AHearts P2 KSpades P3 KHearts P0 QSpades 
-- /GAME --
P0 HAND: QDiamonds, 5Diamonds, 2Diamonds, AClubs, QClubs, 4Clubs, KHearts, 5Hearts, KSpades, 3Spades.
P1 HAND: 7Clubs, JClubs, 6Clubs, 2Clubs, 7Hearts, 3Hearts, 2Hearts, ASpades, QSpades, 2Spades.
P2 HAND: ADiamonds, 7Diamonds, JDiamonds, 6Diamonds, 5Clubs, AHearts, QHearts, 4Hearts, 7Spades, 4Spades.
P3 HAND: KDiamonds, 4Diamonds, 3Diamonds, KClubs, 3Clubs, JHearts, 6Hearts, JSpades, 6Spades, 5Spades.
P3 3Diamonds P0 2Diamonds P1 2Clubs P2 ADiamonds 
P2 4Spades P3 5Spades P0 3Spades P1 ASpades 
P1 2Spades P2 7Spades P3 6Spades P0 KSpades 
P2 5Clubs P3 3Clubs P0 AClubs P1 6Clubs 
P0 4Clubs P1 JClubs P2 6Diamonds P3 KClubs 
P3 4Diamonds P0 QDiamonds P1 QSpades P2 7Diamonds 
P2 JDiamonds P3 KDiamonds P0 5Diamonds P1 7Clubs 
P3 JSpades P0 KHearts P1 7Hearts P2 AHearts 
P2 4Hearts P3 6Hearts P0 5Hearts P1 2Hearts 
P3 JHearts P0 QClubs P1 3Hearts P2 QHearts 
-- /GAME --
P0 HAND: QDiamonds, 5Diamonds, 3Diamonds, 5Clubs, 2Clubs, 7Hearts, 6Hearts, 2Hearts, JSpades, 6Spades.
P1 HAND: 7Diamonds, KDiamonds, AClubs, KClubs, 4Clubs, AHearts, 5Hearts, 7Spades, KSpades, 5Spades.
P2 HAND: ADiamonds, 6Diamonds, 2Diamonds, 6Clubs, KHearts, JHearts, QHearts, 3Hearts, ASpades, 4Spades.
P3 HAND: JDiamonds, 4Diamonds, 7Clubs, JClubs, QClubs, 3Clubs, 4Hearts, QSpades, 3Spades, 2Spades.
P3 2Spades P0 JSpades P1 5Spades P2 ASpades 
P2 3Hearts P3 4Hearts P0 2Hearts P1 AHearts 
P1 AClubs P2 6Clubs P3 7Clubs P0 2Clubs 
P1 4Clubs P2 4Spades P3 3Clubs P0 5Clubs 
P0 6Spades P1 KSpades P2 QHearts P3 QSpades 
P1 5Hearts P2 JHearts P3 3Spades P0 7Hearts 
P0 6Hearts P1 KDiamonds P2 KHearts P3 JClubs 
P1 7Diamonds P2 ADiamonds P3 4Diamonds P0 3Diamonds 
P2 2Diamonds P3 JDiamonds P0 5Diamonds P1 7Spades 
P3 QClubs P0 QDiamonds P1 KClubs P2 6Diamonds 
-- /GAME --
P0 HAND: ADiamonds, 7Clubs, JClubs, KHearts, 6Hearts, 5Hearts, 4Hearts, ASpades, 7Spades, 2Spades.
P1 HAND: KDiamonds, 6Diamonds, 5Diamonds, 2Diamonds, AClubs, KClubs, 6Clubs, 3Clubs, 3Hearts, 5Spades.
P2 HAND: 7Diamonds, JDiamonds, QDiamonds, 4Clubs, 2Clubs, JHearts, QHearts, KSpades, QSpades, 4Spades.
P3 HAND: 4Diamonds, 3Diamonds, QClubs, 5Clubs, AHearts, 7Hearts, 2Hearts, JSpades, 6Spades, 3Spades.
P2 2Clubs P3 5Clubs P0 JClubs P1 AClubs 
P1 3Clubs P2 4Clubs P3 QClubs P0 7Clubs 
P0 ASpades P1 5Spades P2 KSpades P3 3Spades 
P0 7Spades P1 2Diamonds P2 4Spades P3 JSpades 
P1 3Hearts P2 QHearts P3 AHearts P0 4Hearts 
P3 2Hearts P0 KHearts P1 6Clubs P2 JHearts 
P0 2Spades P1 5Diamonds P2 QSpades P3 6Spades 
P1 6Diamonds P2 QDiamonds P3 3Diamonds P0 ADiamonds 
P0 5Hearts P1 KDiamonds P2 JDiamonds P3 7Hearts 
P1 KClubs P2 7Diamonds P3 4Diamonds P0 6Hearts 
-- /GAME --
P0 HAND: 4Diamonds, 2Diamonds, 7Clubs, AHearts, 7Hearts, JHearts, 4Hearts, 6Spades, 5Spades, 4Spades.
P1 HAND: 7Diamonds, 5Diamonds, JClubs, 6Clubs, 4Clubs, 3Clubs, KHearts, 5Hearts, ASpades, JSpades.
P2 HAND: ADiamonds, KDiamonds, 6Diamonds, 5Clubs, 2Clubs, QHearts, 2Hearts, 7Spades, KSpades, QSpades.
P3 HAND: JDiamonds, QDiamonds, 3Diamonds, AClubs, KClubs, QClubs, 6Hearts, 3Hearts, 3Spades, 2Spades.
P1 ASpades P2 QSpades P3 3Spades P0 4Spades 
P1 3Clubs P2 2Clubs P3 AClubs P0 7Clubs 
P3 2Spades P0 5Spades P1 JSpades P2 7Spades 
P2 ADiamonds P3 3Diamonds P0 2Diamonds P1 5Diamonds 
P2 5Clubs P3 QClubs P0 4Diamonds P1 JClubs 
P1 4Clubs P2 6Diamonds P3 KClubs P0 4Hearts 
P0 AHearts P1 5Hearts P2 2Hearts P3 3Hearts 
P0 7Hearts P1 KHearts P2 QHearts P3 6Hearts 
P0 JHearts P1 6Clubs P2 KDiamonds P3 QDiamonds 
P0 6Spades P1 7Diamonds P2 KSpades P3 JDiamonds 
-- /GAME --
P0 HAND: KDiamonds, AClubs, JClubs, QClubs, 2Clubs, 7Hearts, KHearts, 6Hearts, KSpades, 3Spades.
P1 HAND: 6Diamonds, 4Diamonds, 6Clubs, AHearts, QHearts, 5Hearts, 4Hearts, 2Hearts, QSpades, 2Spades.
P2 HAND: ADiamonds, 7Diamonds, QDiamonds, 5Diamonds, KClubs, JHearts, 7Spades, 6Spades, 5Spades, 4Spades.
P3 HAND: JDiamonds, 3Diamonds, 2Diamonds, 7Clubs, 5Clubs, 4Clubs, 3Clubs, 3Hearts, ASpades, JSpades.
P0 KDiamonds P1 4Diamonds P2 ADiamonds P3 2Diamonds 
P2 4Spades P3 ASpades P0 3Spades P1 QSpades 
P3 3Diamonds P0 KSpades P1 6Diamonds P2 7Diamonds 
P2 5Diamonds P3 JDiamonds P0 QClubs P1 2Hearts 
P0 2Clubs P1 6Clubs P2 KClubs P3 3Clubs 
P2 5Spades P3 JSpades P0 JClubs P1 2Spades 
P0 AClubs P1 4Hearts P2 7Spades P3 4Clubs 
P0 KHearts P1 AHearts P2 JHearts P3 3Hearts 
P1 5Hearts P2 6Spades P3 5Clubs P0 6Hearts 
P3 7Clubs P0 7Hearts P1 QHearts P2 QDiamonds 
-- /GAME --
P0 HAND: ADiamonds, JDiamonds, AClubs, KClubs, JClubs, QHearts, 3Hearts, KSpades, JSpades, 6Spades.
P1 HAND: 7Diamonds, 4Diamonds, QClubs, 5Clubs, 4Clubs, 3Clubs, KHearts, 2Hearts, 5Spades, 4Spades.
P2 HAND: 7Clubs, 6Clubs, AHearts, JHearts, 5Hearts, 4Hearts, ASpades, 7Spades, QSpades, 3Spades.
P3 HAND: KDiamonds, QDiamonds, 6Diamonds, 5Diamonds, 3Diamonds, 2Diamonds, 2Clubs, 7Hearts, 6Hearts, 2Spades.
P3 2Diamonds P0 JDiamonds P1 4Diamonds P2 ASpades 
P0 ADiamonds P1 7Diamonds P2 7Clubs P3 3Diamonds 
P0 AClubs P1 3Clubs P2 6Clubs P3 2Clubs 
P0 KClubs P1 4Clubs P2 7Spades P3 6Hearts 
P3 2Spades P0 6Spades P1 4Spades P2 QSpades 
P2 3Spades P3 5Diamonds P0 JSpades P1 5Spades 
P0 JClubs P1 5Clubs P2 4Hearts P3 6Diamonds 
P2 5Hearts P3 7Hearts P0 3Hearts P1 2Hearts 
P3 QDiamonds P0 QHearts P1 QClubs P2 JHearts 
P2 AHearts P3 KDiamonds P0 KSpades P1 KHearts 
-- /GAME --
P0 HAND: QDiamonds, 5Diamonds, KClubs, 5Clubs, 3Clubs, 6Hearts, 3Hearts, 7Spades, KSpades, JSpades.
P1 HAND: 6Diamonds, 2Diamonds, 7Clubs, JClubs, QClubs, KHearts, ASpades, 6Spades, 4Spades, 2Spades.
P2 HAND: ADiamonds, 4Diamonds, 6Clubs, 4Clubs, 7Hearts, JHearts, 5Hearts, 4Hearts, 2Hearts, QSpades.
P3 HAND: 7Diamonds, KDiamonds, JDiamonds, 3Diamonds, AClubs, 2Clubs, AHearts, QHearts, 5Spades, 3Spades.
P1 2Diamonds P2 ADiamonds P3 3Diamonds P0 QDiamonds 
P2 2Hearts P3 AHearts P0 3Hearts P1 KHearts 
P3 AClubs P0 3Clubs P1 7Clubs P2 4Clubs 
P3 2Clubs P0 KClubs P1 QClubs P2 6Clubs 
P0 5Clubs P1 JClubs P2 4Diamonds P3 7Diamonds 
P1 6Diamonds P2 4Hearts P3 JDiamonds P0 5Diamonds 
P3 QHearts P0 6Hearts P1 2Spades P2 5Hearts 
P1 4Spades P2 QSpades P3 3Spades P0 7Spades 
P0 JSpades P1 6Spades P2 JHearts P3 5Spades 
P0 KSpades P1 ASpades P2 7Hearts P3 KDiamonds 
-- /GAME --
P0 HAND: ADiamonds, JDiamonds, QDiamonds, 7Hearts, JHearts, 6Hearts, 2Hearts, 7Spades, KSpades, 3Spades.
P1 HAND: KClubs, 6Clubs, 2Clubs, AHearts, 5Hearts, 4Hearts, ASpades, QSpades, 6Spades, 4Spades.
P2 HAND: 7Diamonds, KDiamonds, 5Diamonds, 3Diamonds, 7Clubs, QClubs, 5Clubs, 4Clubs, JSpades, 2Spades.
P3 HAND: 6Diamonds, 4Diamonds, 2Diamonds, AClubs, JClubs, 3Clubs, KHearts, QHearts, 3Hearts, 5Spades.
P0 QDiamonds P1 2Clubs P2 3Diamonds P3 2Diamonds 
P0 2Hearts P1 AHearts P2 5Diamonds P3 3Hearts 
P2 2Spades P3 5Spades P0 3Spades P1 ASpades 
P1 4Hearts P2 4Clubs P3 QHearts P0 7Hearts 
P0 7Spades P1 4Spades P2 JSpades P3 4Diamonds 
P3 3Clubs P0 JDiamonds P1 6Clubs P2 7Clubs 
P0 KSpades P1 6Spades P2 5Clubs P3 6Diamonds 
P3 JClubs P0 6Hearts P1 KClubs P2 QClubs 
P1 5Hearts P2 KDiamonds P3 KHearts P0 JHearts 
P2 7Diamonds P3 AClubs P0 ADiamonds P1 QSpades 
-- /GAME --
P0 HAND: QDiamonds, 4Diamonds, 5Clubs, 2Clubs, QHearts, 6Hearts, 2Hearts, ASpades, 7Spades, 6Spades.
P1 HAND: ADiamonds, 7Diamonds, QClubs, 6Clubs, 4Clubs, AHearts, 7Hearts, JHearts, 3Hearts, 4Spades.
P2 HAND: 5Diamonds, 3Diamonds, 2Diamonds, AClubs, 7Clubs, 3Clubs, KHearts, QSpades, 3Spades, 2Spades.
P3 HAND: KDiamonds, JDiamonds, 6Diamonds, KClubs, JClubs, 5Hearts, 4Hearts, KSpades, JSpades, 5Spades.
P3 4Hearts P0 2Hearts P1 AHearts P2 KHearts 
P1 3Hearts P2 2Spades P3 5Hearts P0 QHearts 
P0 6Hearts P1 JHearts P2 3Clubs P3 KClubs 
P1 4Clubs P2 AClubs P3 JClubs P0 2Clubs 
P2 3Spades P3 5Spades P0 ASpades P1 4Spades 
P0 7Spades P1 7Diamonds P2 QSpades P3 KSpades 
P1 6Clubs P2 7Clubs P3 6Diamonds P0 5Clubs 
P3 JSpades P0 6Spades P1 QClubs P2 2Diamonds 
P2 3Diamonds P3 JDiamonds P0 4Diamonds P1 ADiamonds 
P1 7Hearts P2 5Diamonds P3 KDiamonds P0 QDiamonds 
-- /GAME --
P0 HAND: QDiamonds, 6Diamonds, 6Clubs, 5Clubs, 3Clubs, JHearts, ASpades, JSpades, 6Spades, 2Spades.
P1 HAND: ADiamonds, 7Diamonds, JDiamonds, AClubs, 7Clubs, QHearts, 5Hearts, 4Hearts, 2Hearts, 4Spades.
P2 HAND: 5Diamonds, JClubs, QClubs, 4Clubs, 2Clubs, 7Hearts, 6Hearts, 3Hearts, QSpades, 5Spades.
P3 HAND: KDiamonds, 4Diamonds, 3Diamonds, 2Diamonds, KClubs, AHearts, KHearts, 7Spades, KSpades, 3Spades.
P2 2Clubs P3 KClubs P0 3Clubs P1 AClubs 
P1 2Hearts P2 3Hearts P3 AHearts P0 JHearts 
P3 3Spades P0 ASpades P1 4Spades P2 QSpades 
P0 5Clubs P1 7Clubs P2 4Clubs P3 7Spades 
P1 4Hearts P2 6Hearts P3 KHearts P0 QDiamonds 
P0 6Clubs P1 5Hearts P2 QClubs P3 2Diamonds 
P3 3Diamonds P0 6Diamonds P1 JDiamonds P2 5Diamonds 
P1 QHearts P2 7Hearts P3 4Diamonds P0 2Spades 
P3 KDiamonds P0 JSpades P1 7Diamonds P2 5Spades 
P1 ADiamonds P2 JClubs P3 KSpades P0 6Spades 
-- /GAME --
P0 HAND: 7Clubs, 5Clubs, 4Clubs, AHearts, 7Hearts, 5Hearts, 4Hearts, QSpades, 6Spades, 2Spades.
P1 HAND: ADiamonds, QDiamonds, 6Diamonds, 5Diamonds, 4Diamonds, KClubs, 2Clubs, JHearts, ASpades, JSpades.
P2 HAND: 7Diamonds, JDiamonds, 3Diamonds, 2Diamonds, JClubs, KHearts, QHearts, 2Hearts, 7Spades, 4Spades.
P3 HAND: KDiamonds, AClubs, QClubs, 6Clubs, 3Clubs, 6Hearts, 3Hearts, KSpades, 5Spades, 3Spades.
P1 2Clubs P2 JClubs P3 AClubs P0 4Clubs 
P3 3Clubs P0 7Clubs P1 KClubs P2 7Diamonds 
P0 5Clubs P1 4Diamonds P2 2Diamonds P3 QClubs 
P3 3Hearts P0 AHearts P1 JHearts P2 KHearts 
P0 2Spades P1 JSpades P2 4Spades P3 3Spades 
P1 5Diamonds P2 3Diamonds P3 KDiamonds P0 4Hearts 
P3 6Clubs P0 5Hearts P1 6Diamonds P2 2Hearts 
P3 6Hearts P0 7Hearts P1 ASpades P2 QHearts 
P1 QDiamonds P2 JDiamonds P3 5Spades P0 QSpades 
P0 6Spades P1 ADiamonds P2 7Spades P3 KSpades 
-- /GAME --
P0 HAND: QDiamonds, 5Diamonds, AClubs, 4Clubs, QHearts, 2Hearts, ASpades, KSpades, JSpades, 4Spades.
P1 HAND: 7Diamonds, 6Diamonds, KClubs, JClubs, QClubs, 6Clubs, 5Hearts, 3Hearts, 6Spades, 2Spades.
P2 HAND: 4Diamonds, 3Diamonds, 2Diamonds, 3Clubs, AHearts, 7Hearts, JHearts, 6Hearts, 4Hearts, 5Spades.
P3 HAND: ADiamonds, KDiamonds, JDiamonds, 7Clubs, 5Clubs, 2Clubs, KHearts, 7Spades, QSpades, 3Spades.
P0 2Hearts P1 3Hearts P2 AHearts P3 KHearts 
P2 2Diamonds P3 ADiamonds P0 5Diamonds P1 7Diamonds 
P3 3Spades P0 ASpades P1 2Spades P2 5Spades 
P0 QDiamonds P1 6Diamonds P2 3Diamonds P3 KDiamonds 
P3 QSpades P0 KSpades P1 6Spades P2 7Hearts 
P0 JSpades P1 5Hearts P2 4Diamonds P3 7Spades 
P3 JDiamonds P0 QHearts P1 6Clubs P2 4Hearts 
P1 QClubs P2 3Clubs P3 2Clubs P0 4Clubs 
P1 JClubs P2 6Hearts P3 5Clubs P0 AClubs 
P0 4Spades P1 KClubs P2 JHearts P3 7Clubs 
-- /GAME --
P0 HAND: KDiamonds, 7Clubs, KClubs, 3Clubs, KHearts, 6Hearts, KSpades, JSpades, 5Spades, 4Spades.
P1 HAND: QDiamonds, 3Diamonds, 2Diamonds, AClubs, JClubs, 6Clubs, AHearts, 4Hearts, 2Hearts, 2Spades.
P2 HAND: JDiamonds, 6Diamonds, 5Clubs, 4Clubs, 7Hearts, JHearts, 3Hearts, QSpades, 6Spades, 3Spades.
P3 HAND: ADiamonds, 7Diamonds, 5Diamonds, 4Diamonds, QClubs, 2Clubs, QHearts, 5Hearts, ASpades, 7Spades.
P3 ADiamonds P0 KDiamonds P1 QDiamonds P2 6Diamonds 
P3 2Clubs P0 3Clubs P1 AClubs P2 4Clubs 
P1 AHearts P2 3Hearts P3 QHearts P0 6Hearts 
P1 2Diamonds P2 JDiamonds P3 4Diamonds P0 KHearts 
P2 5Clubs P3 QClubs P0 7Clubs P1 6Clubs 
P0 JSpades P1 2Spades P2 3Spades P3 7Spades 
P3 5Diamonds P0 4Spades P1 3Diamonds P2 7Hearts 
P0 KSpades P1 2Hearts P2 6Spades P3 ASpades 
P3 5Hearts P0 5Spades P1 4Hearts P2 JHearts 
P0 KClubs P1 JClubs P2 QSpades P3 7Diamonds 
-- /GAME --
P0 HAND: 6Diamonds, 7Clubs, 3Clubs, 7Hearts, JHearts, 6Hearts, 4Hearts, KSpades, 5Spades, 3Spades.
P1 HAND: ADiamonds, 7Diamonds, JDiamonds, 6Clubs, 4Clubs, 2Clubs, KHearts, QHearts, 3Hearts, ASpades.
P2 HAND: KDiamonds, QDiamonds, KClubs, JClubs, QClubs, 5Clubs, 2Hearts, 7Spades, 6Spades, 2Spades.
P3 HAND: 5Diamonds, 4Diamonds, 3Diamonds, 2Diamonds, AClubs, AHearts, 5Hearts, JSpades, QSpades, 4Spades.
P2 2Hearts P3 AHearts P0 4Hearts P1 KHearts 
P3 2Diamonds P0 6Diamonds P1 ADiamonds P2 QDiamonds 
P1 ASpades P2 2Spades P3 JSpades P0 3Spades 
P1 3Hearts P2 6Spades P3 5Hearts P0 7Hearts 
P0 JHearts P1 QHearts P2 5Clubs P3 AClubs 
P3 3Diamonds P0 6Hearts P1 7Diamonds P2 KDiamonds 
P1 JDiamonds P2 QClubs P3 4Diamonds P0 KSpades 
P2 JClubs P3 4Spades P0 3Clubs P1 2Clubs 
P2 KClubs P3 5Diamonds P0 7Clubs P1 4Clubs 
P0 5Spades P1 6Clubs P2 7Spades P3 QSpades 
-- /GAME --
P0 HAND: 7Diamonds, 6Diamonds, 2Diamonds, 6Clubs, 3Clubs, 2Clubs, AHearts, 7Hearts, KHearts, 4Hearts.
P1 HAND: ADiamonds, KDiamonds, 7Clubs, KClubs, JClubs, QClubs, JHearts, 6Hearts, KSpades, 6Spades.
P2 HAND: JDiamonds, QDiamonds, 5Diamonds, 3Diamonds, AClubs, 5Clubs, 4Clubs, 7Spades, 5Spades, 4Spades.
P3 HAND: 4Diamonds, QHearts, 5Hearts, 3Hearts, 2Hearts, ASpades, JSpades, QSpades, 3Spades, 2Spades.
P1 6Hearts P2 4Clubs P3 2Hearts P0 AHearts 
P0 7Hearts P1 JHearts P2 AClubs P3 3Hearts 
P0 KHearts P1 6Spades P2 7Spades P3 5Hearts 
P0 4Hearts P1 QClubs P2 4Spades P3 QHearts 
P3 2Spades P0 7Diamonds P1 KSpades P2 5Spades 
P0 2Clubs P1 JClubs P2 5Clubs P3 ASpades 
P1 KDiamonds P2 3Diamonds P3 4Diamonds P0 2Diamonds 
P1 ADiamonds P2 5Diamonds P3 JSpades P0 6Diamonds 
P1 KClubs P2 QDiamonds P3 3Spades P0 3Clubs 
P2 JDiamonds P3 QSpades P0 6Clubs P1 7Clubs 
-- /GAME --
P0 HAND: ADiamonds, QDiamonds, 6Diamonds, 5Diamonds, KClubs, JClubs, 3Clubs, 2Clubs, 2Hearts, 3Spades.
P1 HAND: 3Diamonds, 6Clubs, 4Clubs, KHearts, JHearts, 3Hearts, JSpades, QSpades, 6Spades, 2Spades.
P2 HAND: KDiamonds, JDiamonds, 2Diamonds, 5Clubs, QHearts, 6Hearts, 5Hearts, 4Hearts, ASpades, 5Spades.
P3 HAND: 7Diamonds, 4Diamonds, AClubs, 7Clubs, QClubs, AHearts, 7Hearts, 7Spades, KSpades, 4Spades.
P0 3Spades P1 2Spades P2 ASpades P3 4Spades 
P2 2Diamonds P3 4Diamonds P0 ADiamonds P1 3Diamonds 
P0 5Diamonds P1 4Clubs P2 JDiamonds P3 7Diamonds 
P3 AClubs P0 2Clubs P1 6Clubs P2 5Clubs 
P3 QClubs P0 KClubs P1 3Hearts P2 4Hearts 
P2 5Spades P3 KSpades P0 2Hearts P1 6Spades 
P0 JClubs P1 QSpades P2 5Hearts P3 7Clubs 
P2 6Hearts P3 7Hearts P0 3Clubs P1 JHearts 
P3 AHearts P0 6Diamonds P1 KHearts P2 QHearts 
P3 7Spades P0 QDiamonds P1 JSpades P2 KDiamonds 
-- /GAME --
P0 HAND: KDiamonds, 7Clubs, JClubs, AHearts, KHearts, QHearts, 6Hearts, ASpades, KSpades, QSpades.
P1 HAND: 2Diamonds, 5Clubs, 4Clubs, 3Clubs, 2Clubs, JHearts, 4Hearts, 3Hearts, 7Spades, JSpades.
P2 HAND: ADiamonds, 7Diamonds, 6Diamonds, 5Diamonds, 4Diamonds, 3Diamonds, QClubs, 6Clubs, 2Hearts, 3Spades.
P3 HAND: JDiamonds, QDiamonds, AClubs, KClubs, 7Hearts, 5Hearts, 6Spades, 5Spades, 4Spades, 2Spades.
P0 KDiamonds P1 2Diamonds P2 ADiamonds P3 QDiamonds 
P2 2Hearts P3 5Hearts P0 AHearts P1 3Hearts 
P0 6Hearts P1 4Hearts P2 3Diamonds P3 7Hearts 
P3 AClubs P0 JClubs P1 5Clubs P2 6Clubs 
P3 JDiamonds P0 QSpades P1 JSpades P2 4Diamonds 
P1 2Clubs P2 QClubs P3 KClubs P0 7Clubs 
P0 KSpades P1 7Spades P2 3Spades P3 2Spades 
P1 3Clubs P2 5Diamonds P3 4Spades P0 QHearts 
P3 5Spades P0 ASpades P1 4Clubs P2 7Diamonds 
P0 KHearts P1 JHearts P2 6Diamonds P3 6Spades 
-- /GAME --
P0 HAND: KDiamonds, QDiamonds, AClubs, QClubs, 6Clubs, 4Clubs, 5Hearts, 4Hearts, 3Hearts, 2Hearts.
P1 HAND: ADiamonds, JDiamonds, 6Diamonds, 3Diamonds, 2Clubs, 7Hearts, QHearts, 6Hearts, ASpades, 6Spades.
P2 HAND: 7Diamonds, 4Diamonds, KClubs, 5Clubs, 3Clubs, AHearts, JHearts, JSpades, QSpades, 4Spades.
P3 HAND: 5Diamonds, 2Diamonds, 7Clubs, JClubs, KHearts, 7Spades, KSpades, 5Spades, 3Spades, 2Spades.
P3 2Diamonds P0 QDiamonds P1 ADiamonds P2 4Diamonds 
P1 ASpades P2 4Spades P3 7Spades P0 QClubs 
P0 2Hearts P1 6Hearts P2 AHearts P3 KHearts 
P2 QSpades P3 2Spades P0 4Clubs P1 6Spades 
P0 3Hearts P1 QHearts P2 JHearts P3 JClubs 
P3 3Spades P0 KDiamonds P1 3Diamonds P2 JSpades 
P2 3Clubs P3 7Clubs P0 AClubs P1 2Clubs 
P0 4Hearts P1 7Hearts P2 5Clubs P3 5Diamonds 
P2 KClubs P3 5Spades P0 6Clubs P1 6Diamonds 
P2 7Diamonds P3 KSpades P0 5Hearts P1 JDiamonds 
-- /GAME --
P0 HAND: ADiamonds, 7Diamonds, KDiamonds, JDiamonds, 4Diamonds, AClubs, AHearts, 3Hearts, JSpades, 6Spades.
P1 HAND: 3Diamonds, 2Diamonds, 7Clubs, JClubs, 5Clubs, 7Hearts, JHearts, 2Hearts, ASpades, 3Spades.
P2 HAND: 6Diamonds, 6Clubs, 2Clubs, QHearts, 4Hearts, 7Spades, KSpades, 5Spades, 4Spades, 2Spades.
P3 HAND: QDiamonds, 5Diamonds, KClubs, QClubs, 4Clubs, 3Clubs, KHearts, 6Hearts, 5Hearts, QSpades.
P2 2Clubs P3 3Clubs P0 AClubs P1 5Clubs 
P0 JSpades P1 ASpades P2 2Spades P3 QSpades 
P1 2Diamonds P2 6Diamonds P3 5Diamonds P0 ADiamonds 
P0 6Spades P1 3Spades P2 4Spades P3 4Clubs 
P0 JDiamonds P1 3Diamonds P2 5Spades P3 QDiamonds 
P0 KDiamonds P1 2Hearts P2 6Clubs P3 KClubs 
P1 JClubs P2 4Hearts P3 QClubs P0 7Diamonds 
P2 QHearts P3 5Hearts P0 3Hearts P1 JHearts 
P1 7Hearts P2 KSpades P3 6Hearts P0 AHearts 
P0 4Diamonds P1 7Clubs P2 7Spades P3 KHearts 
-- /GAME --
P0 HAND: KDiamonds, JDiamonds, QClubs, 2Clubs, KHearts, JHearts, 5Hearts, 4Hearts, 2Hearts, 4Spades.
P1 HAND: 6Diamonds, 4Diamonds, 3Diamonds, AClubs, 5Clubs, 3Clubs, ASpades, KSpades, QSpades, 3Spades.
P2 HAND: 7Diamonds, QDiamonds, 5Diamonds, 2Diamonds, KClubs, AHearts, QHearts, 6Hearts, 3Hearts, 6Spades.
P3 HAND: ADiamonds, 7Clubs, JClubs, 6Clubs, 4Clubs, 7Hearts, 7Spades, JSpades, 5Spades, 2Spades.
P2 AHearts P3 7Hearts P0 KHearts P1 3Clubs 
P1 ASpades P2 6Spades P3 7Spades P0 4Spades 
P1 3Diamonds P2 2Diamonds P3 ADiamonds P0 JDiamonds 
P3 2Spades P0 KDiamonds P1 KSpades P2 KClubs 
P2 3Hearts P3 5Spades P0 JHearts P1 3Spades 
P0 5Hearts P1 4Diamonds P2 6Hearts P3 4Clubs 
P3 JSpades P0 QClubs P1 QSpades P2 7Diamonds 
P0 4Hearts P1 6Diamonds P2 QHearts P3 6Clubs 
P3 JClubs P0 2Clubs P1 5Clubs P2 5Diamonds 
P3 7Clubs P0 2Hearts P1 AClubs P2 QDiamonds 
-- /GAME --
P0 HAND: KDiamonds, JDiamonds, 5Diamonds, AClubs, KClubs, JClubs, 2Clubs, 6Hearts, 4Hearts, 3Hearts.
P1 HAND: 7Diamonds, 2Diamonds, QClubs, 4Clubs, AHearts, 7Hearts, JHearts, QHearts, 2Hearts, 3Spades.
P2 HAND: ADiamonds, 4Diamonds, 7Clubs, 6Clubs, 5Clubs, KHearts, ASpades, 7Spades, QSpades, 6Spades.
P3 HAND: QDiamonds, 6Diamonds, 3Diamonds, 3Clubs, 5Hearts, KSpades, JSpades, 5Spades, 4Spades, 2Spades.
P1 2Hearts P2 KHearts P3 5Hearts P0 3Hearts 
P2 ASpades P3 2Spades P0 KClubs P1 3Spades 
P2 5Clubs P3 3Clubs P0 AClubs P1 4Clubs 
P0 2Clubs P1 QClubs P2 6Clubs P3 KSpades 
P1 QHearts P2 6Spades P3 4Spades P0 4Hearts 
P1 JHearts P2 QSpades P3 3Diamonds P0 6Hearts 
P3 5Spades P0 JClubs P1 2Diamonds P2 7Spades 
P1 7Diamonds P2 ADiamonds P3 6Diamonds P0 5Diamonds 
P2 4Diamonds P3 QDiamonds P0 JDiamonds P1 7Hearts 
P0 KDiamonds P1 AHearts P2 7Clubs P3 JSpades 
-- /GAME --
P0 HAND: 7Diamonds, 6Diamonds, 5Diamonds, 7Clubs, 3Clubs, QHearts, 3Hearts, ASpades, 6Spades, 2Spades.
P1 HAND: ADiamonds, 4Diamonds, 3Diamonds, 2Clubs, AHearts, KHearts, 6Hearts, 5Hearts, 4Hearts, 4Spades.
P2 HAND: JDiamonds, QDiamonds, 2Diamonds, AClubs, QClubs, 5Clubs, 4Clubs, 7Hearts, JSpades, QSpades.
P3 HAND: KDiamonds, KClubs, JClubs, 6Clubs, JHearts, 2Hearts, 7Spades, KSpades, 5Spades, 3Spades.
P0 QHearts P1 AHearts P2 7Hearts P3 JHearts 
P1 ADiamonds P2 2Diamonds P3 KDiamonds P0 5Diamonds 
P1 3Diamonds P2 QDiamonds P3 2Hearts P0 7Diamonds 
P0 ASpades P1 4Spades P2 JSpades P3 3Spades 
P0 3Hearts P1 4Hearts P2 QSpades P3 7Spades 
P1 4Diamonds P2 JDiamonds P3 5Spades P0 6Diamonds 
P2 4Clubs P3 6Clubs P0 7Clubs P1 2Clubs 
P0 2Spades P1 5Hearts P2 5Clubs P3 KSpades 
P2 QClubs P3 JClubs P0 3Clubs P1 KHearts 
P3 KClubs P0 6Spades P1 6Hearts P2 AClubs 
-- /GAME --
P0 HAND: QDiamonds, KClubs, 3Clubs, AHearts, KHearts, JHearts, 2Hearts, ASpades, KSpades, 3Spades.
P1 HAND: KDiamonds, 7Clubs, QClubs, 6Clubs, QHearts, 3Hearts, 7Spades, 6Spades, 5Spades, 4Spades.
P2 HAND: ADiamonds, JDiamonds, 6Diamonds, 5Diamonds, 2Diamonds, AClubs, 5Clubs, 4Clubs, 7Hearts, 4Hearts.
P3 HAND: 7Diamonds, 4Diamonds, 3Diamonds, JClubs, 2Clubs, 6Hearts, 5Hearts, JSpades, QSpades, 2Spades.
P3 2Clubs P0 3Clubs P1 6Clubs P2 AClubs 
P2 2Diamonds P3 3Diamonds P0 QDiamonds P1 KDiamonds 
P1 4Spades P2 4Clubs P3 2Spades P0 3Spades 
P1 5Spades P2 5Diamonds P3 QSpades P0 KSpades 
P0 AHearts P1 3Hearts P2 4Hearts P3 5Hearts 
P0 2Hearts P1 QHearts P2 7Hearts P3 6Hearts 
P2 5Clubs P3 JClubs P0 KClubs P1 7Clubs 
P1 6Spades P2 6Diamonds P3 JSpades P0 ASpades 
P0 JHearts P1 QClubs P2 JDiamonds P3 4Diamonds 
P0 KHearts P1 7Spades P2 ADiamonds P3 7Diamonds 
-- /GAME --
P0 HAND: ADiamonds, 7Diamonds, JDiamonds, 3Clubs, 7Hearts, 5Hearts, 3Hearts, 4Spades, 3Spades, 2Spades.
P1 HAND: QDiamonds, 3Diamonds, 2Diamonds, 5Clubs, AHearts, 6Hearts, 2Hearts, ASpades, KSpades, JSpades.
P2 HAND: KDiamonds, 5Diamonds, QClubs, 4Clubs, 2Clubs, KHearts, JHearts, 4Hearts, 7Spades, 5Spades.
P3 HAND: 6Diamonds, 4Diamonds, AClubs, 7Clubs, KClubs, JClubs, 6Clubs, QHearts, QSpades, 6Spades.
P3 6Clubs P0 3Clubs P1 5Clubs P2 QClubs 
P2 2Clubs P3 JClubs P0 JDiamonds P1 2Hearts 
P0 2Spades P1 ASpades P2 5Spades P3 QSpades 
P1 AHearts P2 4Hearts P3 QHearts P0 3Hearts 
P1 6Hearts P2 JHearts P3 6Spades P0 7Hearts 
P0 5Hearts P1 2Diamonds P2 KHearts P3 AClubs 
P1 JSpades P2 7Spades P3 4Diamonds P0 3Spades 
P3 6Diamonds P0 7Diamonds P1 3Diamonds P2 5Diamonds 
P0 4Spades P1 KSpades P2 4Clubs P3 7Clubs 
P1 QDiamonds P2 KDiamonds P3 KClubs P0 ADiamonds 
-- /GAME --
P0 HAND: ADiamonds, 6Diamonds, 2Diamonds, JClubs, 4Clubs, 7Hearts, QHearts, 6Hearts, JSpades, 4Spades.
P1 HAND: 7Diamonds, 4Diamonds, 3Diamonds, AClubs, QClubs, 3Clubs, JHearts, 7Spades, KSpades, 2Spades.
P2 HAND: QDiamonds, 7Clubs, KClubs, 5Clubs, KHearts, 5Hearts, 4Hearts, 2Hearts, QSpades, 5Spades.
P3 HAND: KDiamonds, JDiamonds, 5Diamonds, 6Clubs, 2Clubs, AHearts, 3Hearts, ASpades, 6Spades, 3Spades.
P2 2Hearts P3 AHearts P0 6Hearts P1 JHearts 
P3 ASpades P0 4Spades P1 7Spades P2 5Spades 
P3 2Clubs P0 JClubs P1 AClubs P2 5Clubs 
P1 2Spades P2 QSpades P3 3Spades P0 JSpades 
P0 4Clubs P1 3Clubs P2 7Clubs P3 6Clubs 
P2 4Hearts P3 3Hearts P0 QHearts P1 QClubs 
P0 2Diamonds P1 3Diamonds P2 QDiamonds P3 5Diamonds 
P2 5Hearts P3 6Spades P0 7Hearts P1 4Diamonds 
P1 7Diamonds P2 KClubs P3 JDiamonds P0 ADiamonds 
P0 6Diamonds P1 KSpades P2 KHearts P3 KDiamonds 
-- /GAME --
P0 HAND: QDiamonds, 5Diamonds, 2Diamonds, 5Hearts, 7Spades, JSpades, QSpades, 6Spades, 5Spades, 3Spades.
P1 HAND: JDiamonds, 6Diamonds, AClubs, 7Clubs, QClubs, 3Clubs, 7Hearts, 6Hearts, ASpades, KSpades.
P2 HAND: ADiamonds, 4Diamonds, KClubs, 5Clubs, 2Clubs, AHearts, QHearts, 4Hearts, 4Spades, 2Spades.
P3 HAND: 7Diamonds, KDiamonds, 3Diamonds, JClubs, 6Clubs, 4Clubs, KHearts, JHearts, 3Hearts, 2Hearts.
P1 AClubs P2 2Clubs P3 JClubs P0 3Spades 
P0 5Spades P1 KSpades P2 2Spades P3 7Diamonds 
P1 3Clubs P2 5Clubs P3 4Clubs P0 QDiamonds 
P2 ADiamonds P3 3Diamonds P0 2Diamonds P1 6Diamonds 
P2 AHearts P3 2Hearts P0 5Hearts P1 6Hearts 
P2 4Diamonds P3 KDiamonds P0 5Diamonds P1 JDiamonds 
P3 3Hearts P0 JSpades P1 7Hearts P2 QHearts 
P0 6Spades P1 ASpades P2 4Spades P3 KHearts 
P1 QClubs P2 KClubs P3 6Clubs P0 QSpades 
P0 7Spades P1 7Clubs P2 4Hearts P3 JHearts 
-- /GAME --
P0 HAND: 7Diamonds, KDiamonds, QDiamonds, QClubs, KHearts, QHearts, 6Hearts, JSpades, 4Spades, 3Spades.
P1 HAND: ADiamonds, 6Diamonds, 5Diamonds, 2Diamonds, 7Clubs, 4Clubs, 3Hearts, 2Hearts, ASpades, 5Spades.
P2 HAND: JClubs, 6Clubs, 5Clubs, AHearts, 7Hearts, JHearts, 4Hearts, KSpades, 6Spades, 2Spades.
P3 HAND: JDiamonds, 4Diamonds, 3Diamonds, AClubs, KClubs, 3Clubs, 2Clubs, 5Hearts, 7Spades, QSpades.
P0 QClubs P1 4Clubs P2 5Clubs P3 AClubs 
P3 2Clubs P0 KHearts P1 7Clubs P2 6Clubs 
P1 ADiamonds P2 2Spades P3 3Diamonds P0 7Diamonds 
P2 4Hearts P3 5Hearts P0 6Hearts P1 2Hearts 
P0 KDiamonds P1 2Diamonds P2 AHearts P3 4Diamonds 
P0 QDiamonds P1 5Diamonds P2 6Spades P3 JDiamonds 
P2 JClubs P3 3Clubs P0 QHearts P1 5Spades 
P1 3Hearts P2 JHearts P3 QSpades P0 JSpades 
P0 3Spades P1 ASpades P2 KSpades P3 7Spades 
P1 6Diamonds P2 7Hearts P3 KClubs P0 4Spades 
-- /GAME --
P0 HAND: ADiamonds, 7Diamonds, QDiamonds, 4Diamonds, 7Clubs, 5Clubs, 4Clubs, JHearts, 2Hearts, ASpades.
P1 HAND: KDiamonds, 3Diamonds, 2Diamonds, AClubs, JClubs, 2Clubs, QHearts, KSpades, JSpades, 2Spades.
P2 HAND: 6Diamonds, 5Diamonds, KClubs, QClubs, 3Clubs, 3Hearts, 7Spades, QSpades, 6Spades, 4Spades.
P3 HAND: JDiamonds, 6Clubs, AHearts, 7Hearts, KHearts, 6Hearts, 5Hearts, 4Hearts, 5Spades, 3Spades.
P3 4Hearts P0 2Hearts P1 QHearts P2 3Hearts 
P1 AClubs P2 3Clubs P3 6Clubs P0 4Clubs 
P1 2Diamonds P2 5Diamonds P3 JDiamonds P0 ADiamonds 
P0 JHearts P1 2Clubs P2 6Diamonds P3 AHearts 
P3 5Hearts P0 QDiamonds P1 3Diamonds P2 QClubs 
P3 6Hearts P0 4Diamonds P1 2Spades P2 4Spades 
P2 6Spades P3 3Spades P0 ASpades P1 JSpades 
P0 7Diamonds P1 KDiamonds P2 QSpades P3 KHearts 
P2 7Spades P3 5Spades P0 7Clubs P1 KSpades 
P2 KClubs P3 7Hearts P0 5Clubs P1 JClubs 
-- /GAME --
P0 HAND: 5Diamonds, 7Clubs, QClubs, 6Clubs, AHearts, 7Hearts, JHearts, 4Hearts, 6Spades, 2Spades.
P1 HAND: QDiamonds, 2Diamonds, AClubs, 5Clubs, 2Clubs, KHearts, QHearts, 2Hearts, 5Spades, 4Spades.
P2 HAND: 7Diamonds, 6Diamonds, 3Diamonds, 4Clubs, 6Hearts, 5Hearts, 3Hearts, ASpades, QSpades, 3Spades.
P3 HAND: ADiamonds, KDiamonds, JDiamonds, 4Diamonds, KClubs, JClubs, 3Clubs, 7Spades, KSpades, JSpades.
P2 ASpades P3 JSpades P0 2Spades P1 4Spades 
P2 3Diamonds P3 ADiamonds P0 5Diamonds P1 QDiamonds 
P3 3Clubs P0 6Clubs P1 AClubs P2 4Clubs 
P1 2Diamonds P2 6Diamonds P3 4Diamonds P0 6Spades 
P2 3Spades P3 KSpades P0 4Hearts P1 5Spades 
P0 AHearts P1 2Hearts P2 3Hearts P3 JDiamonds 
P0 JHearts P1 QHearts P2 5Hearts P3 JClubs 
P0 7Hearts P1 KHearts P2 6Hearts P3 KDiamonds 
P0 7Clubs P1 2Clubs P2 7Diamonds P3 KClubs 
P0 QClubs P1 5Clubs P2 QSpades P3 7Spades 
-- /GAME --

