-- GAME --
P0 HAND: ADiamonds, 3Diamonds, KClubs, 5Clubs, 7Hearts, ASpades, 7Spades, JSpades, 5Spades, 2Spades.
P1 HAND: 7Diamonds, 6Diamonds, 2Diamonds, AClubs, 7Clubs, 2Clubs, JHearts, 6Hearts, 5Hearts, 4Hearts.
P2 HAND: KDiamonds, QDiamonds, 5Diamonds, JClubs, QClubs, 3Clubs, 3Hearts, KSpades, QSpades, 4Spades.
P3 HAND: JDiamonds, 4Diamonds, 6Clubs, 4Clubs, AHearts, KHearts, QHearts, 2Hearts, 6Spades, 3Spades.
P0 ASpades P1 2Diamonds P2 4Spades P3 6Spades 
P1 AClubs P2 3Clubs P3 6Clubs P0 5Clubs 
P1 2Clubs P2 QClubs P3 4Clubs P0 KClubs 
P0 7Hearts P1 4Hearts P2 3Hearts P3 AHearts 
P3 2Hearts P0 JSpades P1 5Hearts P2 QSpades 
P1 6Hearts P2 5Diamonds P3 QHearts P0 7Spades 
P2 JClubs P3 3Spades P0 3Diamonds P1 7Clubs 
P0 5Spades P1 6Diamonds P2 KSpades P3 KHearts 
P1 JHearts P2 QDiamonds P3 JDiamonds P0 2Spades 
P3 4Diamonds P0 ADiamonds P1 7Diamonds P2 KDiamonds 
-- /GAME --
P0 HAND: 7Diamonds, QDiamonds, 4Clubs, AHearts, JHearts, 6Hearts, ASpades, 6Spades, 5Spades, 2Spades.
P1 HAND: KDiamonds, 6Diamonds, 5Diamonds, 3Diamonds, 2Diamonds, 5Clubs, 3Clubs, 4Hearts, 7Spades, QSpades.
P2 HAND: 4Diamonds, AClubs, 7Clubs, QClubs, 6Clubs, 7Hearts, KHearts, 3Hearts, KSpades, 3Spades.
P3 HAND: ADiamonds, JDiamonds, KClubs, JClubs, 2Clubs, QHearts, 5Hearts, 2Hearts, JSpades, 4Spades.
P3 ADiamonds P0 QDiamonds P1 KDiamonds P2 4Diamonds 
P3 2Clubs P0 4Clubs P1 3Clubs P2 AClubs 
P2 3Hearts P3 2Hearts P0 AHearts P1 4Hearts 
P0 6Hearts P1 2Diamonds P2 7Hearts P3 5Hearts 
P2 6Clubs P3 JClubs P0 6Spades P1 5Clubs 
P0 7Diamonds P1 3Diamonds P2 7Clubs P3 JDiamonds 
P0 JHearts P1 5Diamonds P2 KHearts P3 QHearts 
P2 QClubs P3 KClubs P0 5Spades P1 QSpades 
P1 6Diamonds P2 3Spades P3 4Spades P0 2Spades 
P3 JSpades P0 ASpades P1 7Spades P2 KSpades 
-- /GAME --
P0 HAND: AClubs, JClubs, 4Clubs, AHearts, KHearts, 5Hearts, 4Hearts, 6Spades, 3Spades, 2Spades.
P1 HAND: 7Diamonds, KDiamonds, QDiamonds, QClubs, 5Clubs, 3Clubs, 7Hearts, JHearts, 3Hearts, 5Spades.
P2 HAND: ADiamonds, JDiamonds, 6Diamonds, 5Diamonds, 2Diamonds, KClubs, 2Hearts, 7Spades, KSpades, QSpades.
P3 HAND: 4Diamonds, 3Diamonds, 7Clubs, 6Clubs, 2Clubs, QHearts, 6Hearts, ASpades, JSpades, 4Spades.
P2 2Hearts P3 6Hearts P0 AHearts P1 3Hearts 
P0 AClubs P1 3Clubs P2 KClubs P3 2Clubs 
P0 2Spades P1 5Spades P2 QSpades P3 ASpades 
P3 4Spades P0 6Spades P1 5Clubs P2 7Spades 
P2 2Diamonds P3 3Diamonds P0 4Hearts P1 QDiamonds 
P1 QClubs P2 5Diamonds P3 6Clubs P0 JClubs 
P2 6Diamonds P3 4Diamonds P0 4Clubs P1 KDiamonds 
P1 JHearts P2 JDiamonds P3 QHearts P0 KHearts 
P2 ADiamonds P3 JSpades P0 5Hearts P1 7Diamonds 
P2 KSpades P3 7Clubs P0 3Spades P1 7Hearts 
-- /GAME --

