-- GAME --
P0 HAND: 7Diamonds, JDiamonds, QDiamonds, 4Diamonds, 2Diamonds, 7Hearts, KHearts, JHearts, QHearts, ASpades.
P1 HAND: 5Diamonds, 3Diamonds, AClubs, QClubs, 5Clubs, 4Clubs, 4Hearts, 7Spades, KSpades, 2Spades.
P2 HAND: ADiamonds, JClubs, 3Clubs, AHearts, 5Hearts, 2Hearts, JSpades, QSpades, 6Spades, 4Spades.
P3 HAND: KDiamonds, 6Diamonds, 7Clubs, KClubs, 6Clubs, 2Clubs, 6Hearts, 3Hearts, 5Spades, 3Spades.
P2 ADiamonds P3 6Diamonds P0 7Diamonds P1 3Diamonds 
P2 AHearts P3 3Hearts P0 7Hearts P1 4Hearts 
P2 2Hearts P3 6Hearts P0 QHearts P1 4Clubs 
P0 JHearts P1 5Diamonds P2 5Hearts P3 2Clubs 
P0 KHearts P1 5Clubs P2 3Clubs P3 6Clubs 
P0 JDiamonds P1 QClubs P2 4Spades P3 KDiamonds 
P2 JClubs P3 KClubs P0 2Diamonds P1 AClubs 
P1 2Spades P2 6Spades P3 3Spades P0 ASpades 
P0 QDiamonds P1 KSpades P2 QSpades P3 7Clubs 
P1 7Spades P2 JSpades P3 5Spades P0 4Diamonds 
-- /GAME --
P0 HAND: JDiamonds, KClubs, 6Clubs, 5Clubs, 2Clubs, 7Hearts, 3Hearts, ASpades, QSpades, 4Spades.
P1 HAND: ADiamonds, 3Diamonds, 4Clubs, 3Clubs, JHearts, QHearts, 6Hearts, 7Spades, JSpades, 3Spades.
P2 HAND: QDiamonds, 4Diamonds, 2Diamonds, AClubs, JClubs, AHearts, 5Hearts, 6Spades, 5Spades, 2Spades.
P3 HAND: 7Diamonds, KDiamonds, 6Diamonds, 5Diamonds, 7Clubs, QClubs, KHearts, 4Hearts, 2Hearts, KSpades.
P1 ADiamonds P2 2Diamonds P3 7Diamonds 
