-- GAME --
P0 HAND: ADiamonds, 5Diamonds, 3Diamonds, JClubs, QClubs, 2Clubs, KHearts, 4Spades, 3Spades, 2Spades.
P1 HAND: 7Diamonds, 6Diamonds, 4Diamonds, AClubs, 7Clubs, 6Hearts, 5Hearts, 4Hearts, KSpades, QSpades.
P2 HAND: JDiamonds, QDiamonds, KClubs, 4Clubs, 3Clubs, 7Hearts, 3Hearts, 2Hearts, ASpades, JSpades.
P3 HAND: KDiamonds, 2Diamonds, 6Clubs, 5Clubs, AHearts, JHearts, QHearts, 7Spades, 6Spades, 5Spades.
P3 2Diamonds P0 ADiamonds P1 4Diamonds P2 JDiamonds 
P0 3Diamonds P1 6Diamonds P2 QDiamonds P3 KDiamonds 
P3 5Clubs P0 2Clubs P1 AClubs P2 3Clubs 
P1 QSpades P2 ASpades P3 5Spades P0 2Spades 
P2 4Clubs P3 6Clubs P0 JClubs P1 7Clubs 
P1 4Hearts P2 2Hearts P3 QHearts P0 KHearts 
P0 QClubs P1 5Hearts P2 KClubs P3 7Spades 
P1 6Hearts P2 3Hearts P3 JHearts P0 5Diamonds 
P3 6Spades P0 4Spades P1 KSpades P2 JSpades 
P1 7Diamonds P2 7Hearts P3 AHearts P0 3Spades 
-- /GAME --
P0 HAND: 6Diamonds, 2Diamonds, AClubs, 4Clubs, AHearts, KHearts, JHearts, 7Spades, 6Spades, 2Spades.
P1 HAND: ADiamonds, 7Diamonds, KClubs, JClubs, 5Clubs, 3Clubs, 6Hearts, 5Hearts, KSpades, 5Spades.
P2 HAND: 5Diamonds, 4Diamonds, 3Diamonds, 6Clubs, 2Clubs, QHearts, 4Hearts, JSpades, QSpades, 3Spades.
P3 HAND: KDiamonds, JDiamonds, QDiamonds, 7Clubs, QClubs, 7Hearts, 3Hearts, 2Hearts, ASpades, 4Spades.
P2 2Clubs P3 QClubs 
