-- GAME --
P0 HAND: ADiamonds, KDiamonds, 6Diamonds, 7Clubs, QClubs, 5Clubs, QHearts, 6Hearts, QSpades, 5Spades.
P1 HAND: QDiamonds, 5Diamonds, 6Clubs, 4Clubs, 3Clubs, AHearts, 7Hearts, KHearts, 2Hearts, JSpades.
P2 HAND: 7Diamonds, 4Diamonds, 2Diamonds, AClubs, 5Hearts, 4Hearts, ASpades, KSpades, 6Spades, 4Spades.
P3 HAND: JDiamonds, 3Diamonds, KClubs, JClubs, 2Clubs, JHearts, 3Hearts, 7Spades, 3Spades, 2Spades.
P2 AClubs P3 2Clubs P0 7Clubs P1 3Clubs 
P2 ASpades P3 2Spades P0 QSpades P1 JSpades 
P2 2Diamonds P3 3Diamonds P0 ADiamonds P1 5Diamonds 
P0 5Spades P1 4Clubs P2 4Spades P3 7Spades 
P3 3Spades P0 5Clubs P1 6Clubs P2 KSpades 
P2 4Diamonds P3 JDiamonds P0 6Diamonds P1 QDiamonds 
P3 JClubs P0 QClubs P1 2Hearts P2 4Hearts 
P2 6Spades P3 3Hearts P0 6Hearts P1 KHearts 
P1 7Hearts P2 5Hearts P3 JHearts P0 QHearts 
P1 AHearts P2 7Diamonds P3 KClubs P0 KDiamonds 
-- /GAME --
P0 HAND: ADiamonds, 5Diamonds, 2Diamonds, 5Clubs, 3Clubs, 6Hearts, 3Hearts, ASpades, 3Spades, 2Spades.
P1 HAND: 7Diamonds, QDiamonds, 4Diamonds, 3Diamonds, AClubs, 7Clubs, 4Clubs, 5Hearts, 4Hearts, 6Spades.
P2 HAND: JDiamonds, KClubs, QClubs, 6Clubs, KHearts, JHearts, KSpades, JSpades, QSpades, 5Spades.
P3 HAND: KDiamonds, 6Diamonds, JClubs, 2Clubs, AHearts, 7Hearts, QHearts, 2Hearts, 7Spades, 4Spades.
P1 AClubs P2 6Clubs P3 JClubs P0 5Clubs 
P1 4Clubs P2 QClubs P3 2Clubs P0 3Clubs 
P2 5Spades P3 4Spades P0 3Spades P1 6Spades 
P1 4Hearts P2 JHearts P3 AHearts P0 3Hearts 
P3 2Hearts P0 6Hearts P1 5Hearts P2 KHearts 
P2 QSpades P3 7Spades P0 ASpades P1 3Diamonds 
P1 4Diamonds P2 JDiamonds P3 6Diamonds P0 2Diamonds 
P2 JSpades P3 QHearts P0 2Spades P1 QDiamonds 
P1 7Diamonds P2 KClubs P3 KDiamonds P0 ADiamonds 
P0 5Diamonds P1 7Clubs P2 KSpades P3 7Hearts 
-- /GAME --
P0 HAND: 7Diamonds, 6Diamonds, 3Diamonds, 6Clubs, 4Clubs, KHearts, 2Hearts, 7Spades, QSpades, 3Spades.
P1 HAND: ADiamonds, JDiamonds, AClubs, 7Clubs, JClubs, 5Clubs, 3Clubs, 7Hearts, QHearts, 4Spades.
P2 HAND: KDiamonds, 5Diamonds, QClubs, AHearts, JHearts, 6Hearts, 5Hearts, KSpades, JSpades, 5Spades.
P3 HAND: QDiamonds, 4Diamonds, 2Diamonds, KClubs, 2Clubs, 4Hearts, 3Hearts, ASpades, 6Spades, 2Spades.
P0 6Clubs P1 AClubs P2 QClubs P3 KClubs 
P1 3Clubs P2 5Hearts P3 2Clubs P0 4Clubs 
P0 3Spades P1 4Spades P2 5Spades P3 ASpades 
P3 2Spades P0 7Spades P1 JDiamonds P2 JSpades 
P1 5Clubs P2 6Hearts P3 3Hearts P0 KHearts 
P1 QHearts P2 JHearts P3 4Hearts P0 2Hearts 
P2 5Diamonds P3 2Diamonds P0 6Diamonds P1 ADiamonds 
P1 JClubs P2 KDiamonds P3 6Spades P0 QSpades 
P2 KSpades P3 4Diamonds P0 7Diamonds P1 7Clubs 
P0 3Diamonds P1 7Hearts P2 AHearts P3 QDiamonds 
-- /GAME --
P0 HAND: KDiamonds, KClubs, JClubs, 6Clubs, KHearts, JHearts, QHearts, 4Hearts, 6Spades, 3Spades.
P1 HAND: JDiamonds, QDiamonds, 4Diamonds, 3Diamonds, QClubs, 5Clubs, 5Hearts, 2Hearts, KSpades, 5Spades.
P2 HAND: ADiamonds, 7Diamonds, 2Diamonds, 7Clubs, 4Clubs, 3Clubs, 2Clubs, ASpades, JSpades, 4Spades.
P3 HAND: 6Diamonds, 5Diamonds, AClubs, AHearts, 7Hearts, 6Hearts, 3Hearts, 7Spades, QSpades, 2Spades.
P3 AClubs P0 6Clubs P1 QClubs P2 2Clubs 
P3 AHearts P0 4Hearts P1 5Hearts P2 2Diamonds 
P2 ASpades P3 2Spades P0 6Spades P1 5Spades 
P2 3Clubs P3 3Hearts P0 KClubs P1 5Clubs 
P0 JClubs P1 2Hearts P2 4Clubs P3 6Hearts 
P0 KHearts P1 3Diamonds P2 4Spades P3 7Hearts 
P1 4Diamonds P2 7Diamonds P3 5Diamonds P0 KDiamonds 
P2 JSpades P3 QSpades P0 3Spades P1 KSpades 
P1 QDiamonds P2 ADiamonds P3 6Diamonds P0 JHearts 
P2 7Clubs P3 7Spades P0 QHearts P1 JDiamonds 
-- /GAME --
P0 HAND: ADiamonds, QDiamonds, 3Diamonds, KClubs, QClubs, 6Clubs, 7Hearts, 2Hearts, JSpades, 5Spades.
P1 HAND: KDiamonds, JDiamonds, 5Diamonds, AClubs, 7Clubs, 5Clubs, 5Hearts, KSpades, QSpades, 2Spades.
P2 HAND: 2Diamonds, JClubs, 4Clubs, 2Clubs, AHearts, KHearts, JHearts, 3Hearts, 4Spades, 3Spades.
P3 HAND: 7Diamonds, 6Diamonds, 4Diamonds, 3Clubs, QHearts, 6Hearts, 4Hearts, ASpades, 7Spades, 6Spades.
P2 AHearts P3 4Hearts P0 7Hearts P1 5Hearts 
P2 2Clubs P3 3Clubs P0 6Clubs P1 AClubs 
P1 2Spades P2 3Spades P3 ASpades P0 5Spades 
P3 6Hearts P0 2Hearts P1 5Clubs P2 KHearts 
P2 3Hearts P3 QHearts P0 3Diamonds P1 QSpades 

