-- GAME --
P0 HAND: QDiamonds, 5Diamonds, KClubs, 4Clubs, 3Clubs, 6Hearts, 7Spades, JSpades, QSpades, 6Spades.
P1 HAND: ADiamonds, JDiamonds, 6Diamonds, 2Diamonds, AClubs, 7Clubs, 6Clubs, KHearts, 2Hearts, 3Spades.
P2 HAND: KDiamonds, 4Diamonds, QClubs, JHearts, QHearts, 4Hearts, 3Hearts, ASpades, 5Spades, 2Spades.
P3 HAND: 7Diamonds, 3Diamonds, JClubs, 5Clubs, 2Clubs, AHearts, 7Hearts, 5Hearts, KSpades, 4Spades.
P1 ADiamonds P2 4Diamonds P3 7Diamonds P0 5Diamonds 
P1 AClubs P2 QClubs P3 JClubs P0 3Clubs 
P1 2Diamonds P2 KDiamonds P3 3Diamonds P0 QDiamonds 
P2 3Hearts P3 AHearts P0 6Hearts P1 KHearts 
P3 2Clubs P0 KClubs P1 7Clubs P2 2Spades 
P2 4Hearts P3 5Hearts P0 4Clubs P1 2Hearts 
P3 5Clubs P0 6Spades P1 6Clubs P2 JHearts 
P0 QSpades P1 3Spades P2 5Spades P3 4Spades 
P0 JSpades P1 6Diamonds P2 ASpades P3 KSpades 
P2 QHearts P3 7Hearts P0 7Spades P1 JDiamonds 
-- /GAME --
P0 HAND: QDiamonds, 2Diamonds, 2Clubs, 7Hearts, 6Hearts, 3Hearts, 7Spades, 5Spades, 4Spades, 2Spades.
P1 HAND: ADiamonds, 5Diamonds, JClubs, QClubs, KHearts, 5Hearts, 4Hearts, ASpades, QSpades, 3Spades.
P2 HAND: 7Diamonds, JDiamonds, 4Diamonds, AClubs, 7Clubs, KClubs, 4Clubs, JHearts, KSpades, JSpades.
P3 HAND: KDiamonds, 6Diamonds, 3Diamonds, 6Clubs, 5Clubs, 3Clubs, AHearts, QHearts, 2Hearts, 6Spades.
P0 2Diamonds P1 ADiamonds P2 4Diamonds P3 KDiamonds 
P1 ASpades P2 JSpades P3 6Spades P0 2Spades 
P1 3Spades P2 KSpades P3 2Hearts P0 7Spades 
P0 QDiamonds P1 5Diamonds P2 7Diamonds P3 3Diamonds 
P2 JDiamonds P3 6Diamonds P0 4Spades P1 4Hearts 
P2 JHearts P3 AHearts P0 3Hearts P1 KHearts 
P3 QHearts P0 7Hearts P1 5Hearts P2 4Clubs 
P2 KClubs P3 3Clubs P0 2Clubs P1 QClubs 
P2 7Clubs P3 5Clubs P0 5Spades P1 JClubs 
P2 AClubs P3 6Clubs P0 6Hearts P1 QSpades 
-- /GAME --
P0 HAND: ADiamonds, JDiamonds, 6Diamonds, 7Clubs, 4Clubs, 7Hearts, QHearts, 7Spades, KSpades, 2Spades.
P1 HAND: 4Diamonds, KClubs, AHearts, KHearts, JHearts, 5Hearts, ASpades, 5Spades, 4Spades, 3Spades.
P2 HAND: KDiamonds, QDiamonds, 5Diamonds, 2Diamonds, AClubs, JClubs, 2Clubs, 4Hearts, JSpades, 6Spades.
P3 HAND: 7Diamonds, 3Diamonds, QClubs, 6Clubs, 5Clubs, 3Clubs, 6Hearts, 3Hearts, 2Hearts, QSpades.
P3 2Hearts P0 QHearts P1 AHearts P2 4Hearts 
P1 ASpades P2 6Spades P3 QSpades P0 2Spades 
P1 3Spades P2 JSpades P3 3Diamonds P0 7Spades 
P0 ADiamonds P1 4Diamonds P2 KDiamonds P3 7Diamonds 
P0 7Hearts P1 5Hearts P2 QDiamonds P3 3Hearts 
P0 KSpades P1 4Spades P2 2Diamonds P3 6Hearts 
P0 JDiamonds P1 5Spades P2 5Diamonds P3 3Clubs 
P3 5Clubs P0 4Clubs P1 KClubs P2 2Clubs 
P1 JHearts P2 JClubs P3 6Clubs P0 7Clubs 
P0 6Diamonds P1 KHearts P2 AClubs P3 QClubs 
-- /GAME --
P0 HAND: ADiamonds, 4Diamonds, 2Diamonds, KClubs, 5Clubs, JHearts, 4Hearts, 3Hearts, 7Spades, JSpades.
P1 HAND: 3Diamonds, AClubs, JClubs, 4Clubs, AHearts, 7Hearts, KSpades, QSpades, 6Spades, 2Spades.
P2 HAND: 7Diamonds, QDiamonds, 6Diamonds, 5Diamonds, 7Clubs, 3Clubs, 2Clubs, KHearts, 6Hearts, 5Spades.
P3 HAND: KDiamonds, JDiamonds, QClubs, 6Clubs, QHearts, 5Hearts, 2Hearts, ASpades, 4Spades, 3Spades.
P2 2Clubs P3 6Clubs P0 5Clubs P1 AClubs 
P1 AHearts P2 6Hearts P3 QHearts P0 3Hearts 
P1 3Diamonds P2 5Diamonds P3 JDiamonds P0 ADiamonds 
P0 4Hearts P1 7Hearts P2 KHearts P3 5Hearts 
P1 4Clubs P2 3Clubs P3 QClubs P0 KClubs 
P0 JHearts P1 2Spades P2 6Diamonds P3 2Hearts 
P1 JClubs P2 7Clubs P3 3Spades P0 7Spades 
P0 2Diamonds P1 6Spades P2 QDiamonds P3 KDiamonds 
P1 QSpades P2 5Spades P3 4Spades P0 JSpades 
P0 4Diamonds P1 KSpades P2 7Diamonds P3 ASpades 
-- /GAME --
P0 HAND: ADiamonds, JDiamonds, QDiamonds, 6Diamonds, 2Diamonds, 2Clubs, 7Hearts, 6Hearts, 3Hearts, QSpades.
P1 HAND: 7Clubs, KClubs, 6Clubs, 4Clubs, AHearts, JHearts, 7Spades, KSpades, 3Spades, 2Spades.
P2 HAND: KDiamonds, 5Diamonds, 4Diamonds, JClubs, 5Clubs, KHearts, QHearts, 4Hearts, ASpades, JSpades.
P3 HAND: 7Diamonds, 3Diamonds, AClubs, QClubs, 3Clubs, 5Hearts, 2Hearts, 6Spades, 5Spades, 4Spades.
P1 AHearts P2 4Hearts P3 5Hearts P0 3Hearts 
P1 2Spades P2 ASpades P3 4Spades P0 QSpades 
P2 5Clubs P3 AClubs P0 2Clubs P1 7Clubs 
P3 2Hearts P0 7Hearts P1 JHearts P2 KHearts 
P0 6Hearts P1 3Spades P2 QHearts P3 3Clubs 
P2 JClubs P3 QClubs P0 2Diamonds P1 4Clubs 
P0 6Diamonds P1 6Clubs P2 4Diamonds P3 3Diamonds 
P0 QDiamonds P1 KClubs P2 5Diamonds P3 7Diamonds 
P3 5Spades P0 JDiamonds P1 KSpades P2 JSpades 
P0 ADiamonds P1 7Spades P2 KDiamonds P3 6Spades 
-- /GAME --
P0 HAND: ADiamonds, 6Diamonds, 3Diamonds, 6Clubs, 2Clubs, KHearts, 3Hearts, KSpades, 6Spades, 3Spades.
P1 HAND: KDiamonds, JDiamonds, QDiamonds, 5Diamonds, AClubs, JClubs, 4Clubs, AHearts, 7Hearts, 5Hearts.
P2 HAND: KClubs, QClubs, 5Clubs, 6Hearts, 4Hearts, ASpades, 7Spades, JSpades, 5Spades, 4Spades.
P3 HAND: 7Diamonds, 4Diamonds, 2Diamonds, 7Clubs, 3Clubs, JHearts, QHearts, 2Hearts, QSpades, 2Spades.

