-- GAME --
P0 6Spades P1 7Spades 
P1 2Diamonds P2 6Diamonds P3 4Diamonds P0 7Diamonds 
P0 2Clubs P1 KClubs P2 3Hearts P3 5Diamonds 
P3 QDiamonds P0 3Spades P1 JDiamonds P2 ADiamonds 
P2 6Hearts P3 KDiamonds P0 QSpades P1 KSpades 
-- /GAME --
P0 HAND: ADiamonds, 3Diamonds, 2Diamonds, 7Clubs, KClubs, QClubs, 3Clubs, AHearts, 4Hearts, 3Spades.
P1 HAND: JDiamonds, QDiamonds, 4Diamonds, 5Clubs, 4Clubs, 7Hearts, 5Hearts, KSpades, 5Spades, 2Spades.
P2 HAND: 7Diamonds, KDiamonds, 5Diamonds, KHearts, JHearts, 3Hearts, 7Spades, JSpades, QSpades, 4Spades.
P3 HAND: 6Diamonds, AClubs, JClubs, 6Clubs, 2Clubs, QHearts, 6Hearts, 2Hearts, ASpades, 6Spades.
P0 3Spades P1 2Spades P2 4Spades P3 ASpades 
P3 2Hearts P0 4Hearts P1 5Hearts P2 KHearts 
P2 3Hearts P3 6Hearts P0 AHearts P1 7Hearts 
P0 ADiamonds P1 4Diamonds P2 7Diamonds P3 6Diamonds 
P0 3Diamonds P1 QDiamonds P2 KDiamonds P3 2Clubs 
P3 6Spades P0 2Diamonds P1 5Spades P2 7Spades 
P2 5Diamonds P3 QHearts P0 KClubs P1 JDiamonds 
P0 QClubs P1 4Clubs P2 QSpades P3 6Clubs 
P0 3Clubs P1 5Clubs P2 JHearts P3 JClubs 
P3 AClubs P0 7Clubs P1 KSpades P2 JSpades 
-- /GAME --
P0 HAND: ADiamonds, 5Diamonds, 4Diamonds, KClubs, 4Clubs, 2Clubs, JHearts, ASpades, 7Spades, 3Spades.
P1 HAND: 7Diamonds, KDiamonds, JDiamonds, JClubs, AHearts, 7Hearts, KHearts, 5Hearts, JSpades, 4Spades.
P2 HAND: 6Diamonds, 3Diamonds, 2Diamonds, QClubs, 5Clubs, 3Clubs, 3Hearts, KSpades, QSpades, 6Spades.
P3 HAND: QDiamonds, AClubs, 7Clubs, 6Clubs, QHearts, 6Hearts, 4Hearts, 2Hearts, 5Spades, 2Spades.

