-- GAME --
P0 HAND: KDiamonds, 2Diamonds, AClubs, 7Clubs, 4Clubs, 7Hearts, QHearts, 3Hearts, 7Spades, 3Spades.
P1 HAND: QDiamonds, 2Clubs, AHearts, JHearts, 4Hearts, JSpades, QSpades, 6Spades, 5Spades, 2Spades.
P2 HAND: ADiamonds, 6Diamonds, 4Diamonds, 3Diamonds, 5Clubs, KHearts, 5Hearts, 2Hearts, ASpades, KSpades.
P3 HAND: 7Diamonds, JDiamonds, 5Diamonds, KClubs, JClubs, QClubs, 6Clubs, 3Clubs, 6Hearts, 4Spades.
P1 AHearts P2 2Hearts P3 6Hearts P0 3Hearts 
P1 2Clubs P2 5Clubs P3 3Clubs P0 AClubs 
P0 7Clubs P1 QDiamonds P2 ADiamonds P3 6Clubs 
P2 ASpades P3 4Spades P0 7Spades P1 2Spades 
P2 5Hearts P3 QClubs P0 7Hearts P1 4Hearts 
P0 3Spades P1 5Spades P2 KSpades P3 5Diamonds 
P3 JClubs P0 4Clubs P1 6Spades P2 3Diamonds 
P2 4Diamonds P3 JDiamonds P0 KDiamonds P1 QSpades 
P0 QHearts P1 JHearts P2 KHearts P3 7Diamonds 
P3 KClubs P0 2Diamonds P1 JSpades P2 6Diamonds 
-- /GAME --
P0 HAND: ADiamonds, KDiamonds, 4Diamonds, 2Diamonds, AClubs, AHearts, 4Hearts, 3Hearts, JSpades, 4Spades.
P1 HAND: JDiamonds, QDiamonds, 7Clubs, 6Clubs, 4Clubs, 3Clubs, KHearts, QHearts, 7Spades, 6Spades.
P2 HAND: 7Diamonds, 6Diamonds, 3Diamonds, JClubs, 2Clubs, 6Hearts, 5Hearts, 5Spades, 3Spades, 2Spades.
P3 HAND: 5Diamonds, KClubs, QClubs, 5Clubs, 7Hearts, JHearts, 2Hearts, ASpades, KSpades, QSpades.
P0 ADiamonds P1 QDiamonds P2 7Diamonds P3 5Diamonds 
P0 AHearts P1 QHearts P2 6Hearts P3 2Hearts 
P0 4Spades P1 6Spades P2 2Spades P3 ASpades 
P3 QSpades P0 JSpades P1 7Spades P2 3Spades 
P1 JDiamonds P2 3Diamonds P3 5Clubs P0 2Diamonds 
P3 JHearts P0 4Hearts P1 KHearts P2 5Hearts 
P1 3Clubs P2 2Clubs P3 QClubs P0 AClubs 
P0 3Hearts P1 4Clubs P2 5Spades P3 7Hearts 
P1 6Clubs P2 JClubs P3 KClubs P0 4Diamonds 
P3 KSpades P0 KDiamonds P1 7Clubs P2 6Diamonds 
-- /GAME --
P0 HAND: ADiamonds, 7Diamonds, 4Diamonds, 6Clubs, AHearts, 7Hearts, KHearts, ASpades, 7Spades, 2Spades.
P1 HAND: 6Diamonds, 3Diamonds, 4Clubs, 3Clubs, 2Clubs, JHearts, 3Hearts, 5Spades, 4Spades, 3Spades.
P2 HAND: QDiamonds, 5Diamonds, 2Diamonds, AClubs, 7Clubs, QClubs, 6Hearts, 4Hearts, QSpades, 6Spades.
P3 HAND: KDiamonds, JDiamonds, KClubs, JClubs, 5Clubs, QHearts, 5Hearts, 2Hearts, KSpades, JSpades.
P3 5Clubs P0 6Clubs P1 2Clubs P2 AClubs 
P2 2Diamonds P3 JDiamonds P0 ADiamonds P1 3Diamonds 
P0 AHearts P1 3Hearts P2 4Hearts P3 2Hearts 
P0 7Hearts P1 JHearts P2 6Hearts P3 5Hearts 
P0 KHearts P1 3Clubs P2 5Diamonds P3 QHearts 
P0 7Diamonds P1 6Diamonds P2 QDiamonds P3 KDiamonds 
P0 ASpades P1 3Spades P2 QSpades P3 JSpades 
P0 7Spades P1 4Spades P2 6Spades P3 KSpades 
P0 2Spades P1 5Spades P2 QClubs P3 KClubs 
P1 4Clubs P2 7Clubs P3 JClubs P0 4Diamonds 
-- /GAME --
P0 HAND: ADiamonds, KDiamonds, QDiamonds, 5Diamonds, 4Diamonds, KClubs, KHearts, 7Spades, KSpades, 2Spades.
P1 HAND: 2Diamonds, JClubs, 5Clubs, 7Hearts, JHearts, QHearts, 4Hearts, QSpades, 5Spades, 3Spades.
P2 HAND: 6Diamonds, 3Diamonds, 6Clubs, 4Clubs, 2Clubs, 6Hearts, 2Hearts, ASpades, JSpades, 4Spades.
P3 HAND: 7Diamonds, JDiamonds, AClubs, 7Clubs, QClubs, 3Clubs, AHearts, 5Hearts, 3Hearts, 6Spades.
P2 2Clubs P3 AClubs P0 KClubs P1 JClubs 
P3 AHearts P0 KHearts P1 7Hearts P2 2Hearts 
P3 3Clubs P0 4Diamonds P1 5Clubs P2 6Clubs 
P2 3Diamonds P3 JDiamonds P0 ADiamonds P1 2Diamonds 
P0 2Spades P1 3Spades P2 4Spades P3 6Spades 
P3 3Hearts P0 5Diamonds P1 JHearts P2 6Hearts 
P1 4Hearts P2 4Clubs P3 5Hearts P0 7Spades 
P0 QDiamonds P1 QHearts P2 6Diamonds P3 7Diamonds 
P3 QClubs P0 KSpades P1 5Spades P2 JSpades 
P0 KDiamonds P1 QSpades P2 ASpades P3 7Clubs 
-- /GAME --
P0 HAND: AClubs, KClubs, JClubs, 6Clubs, 2Clubs, QHearts, KSpades, QSpades, 6Spades, 3Spades.
P1 HAND: ADiamonds, KDiamonds, 2Diamonds, 7Clubs, QClubs, 5Clubs, 3Clubs, JHearts, JSpades, 2Spades.
P2 HAND: 7Diamonds, 6Diamonds, 5Diamonds, 4Diamonds, 3Diamonds, 4Clubs, KHearts, 4Hearts, 3Hearts, ASpades.
P3 HAND: JDiamonds, QDiamonds, AHearts, 7Hearts, 6Hearts, 5Hearts, 2Hearts, 7Spades, 5Spades, 4Spades.

