-- GAME --
P0 HAND: QDiamonds, 2Diamonds, 3Clubs, AHearts, QHearts, 6Hearts, KSpades, JSpades, 4Spades, 3Spades.
P1 HAND: ADiamonds, JDiamonds, 6Diamonds, 5Diamonds, 7Hearts, 3Hearts, 2Hearts, ASpades, 7Spades, QSpades.
P2 HAND: KDiamonds, AClubs, KClubs, QClubs, 6Clubs, 5Clubs, 2Clubs, KHearts, 5Hearts, 6Spades.
P3 HAND: 7Diamonds, 4Diamonds, 3Diamonds, 7Clubs, JClubs, 4Clubs, JHearts, 4Hearts, 5Spades, 2Spades.
P2 2Clubs P3 4Clubs P0 3Clubs P1 ADiamonds 
P3 7Diamonds P0 2Diamonds P1 JDiamonds P2 KDiamonds 
P3 2Spades P0 JSpades P1 ASpades P2 6Spades 
P1 5Diamonds P2 5Clubs P3 3Diamonds P0 QDiamonds 
P0 4Spades P1 QSpades P2 6Clubs P3 5Spades 
P1 6Diamonds P2 QClubs P3 4Diamonds P0 3Spades 
P1 2Hearts P2 5Hearts P3 4Hearts P0 QHearts 
P0 KSpades P1 7Spades P2 KHearts P3 JClubs 
P2 KClubs P3 7Clubs P0 AHearts P1 3Hearts 
P0 6Hearts P1 7Hearts P2 AClubs P3 JHearts 
-- /GAME --
P0 HAND: 7Diamonds, QDiamonds, 6Diamonds, 5Diamonds, 4Diamonds, 7Clubs, 4Clubs, 3Clubs, 3Spades, 2Spades.
P1 HAND: AClubs, JClubs, QClubs, 7Hearts, KHearts, QHearts, 6Hearts, 4Hearts, 5Spades, 4Spades.
P2 HAND: KDiamonds, 2Diamonds, 2Clubs, JHearts, 5Hearts, ASpades, 7Spades, KSpades, QSpades, 6Spades.
P3 HAND: ADiamonds, JDiamonds, 3Diamonds, KClubs, 6Clubs, 5Clubs, AHearts, 3Hearts, 2Hearts, JSpades.
P1 AClubs P2 2Clubs P3 KClubs P0 3Clubs 
P1 4Hearts P2 5Hearts P3 AHearts P0 7Diamonds 
P0 3Spades P1 4Spades P2 ASpades P3 JSpades 
P2 6Spades P3 2Hearts P0 2Spades P1 5Spades 
P2 QSpades P3 3Hearts P0 4Clubs P1 6Hearts 
P2 JHearts P3 5Clubs P0 QDiamonds P1 QHearts 
P0 6Diamonds P1 QClubs P2 2Diamonds P3 3Diamonds 
P0 5Diamonds P1 JClubs P2 KDiamonds P3 ADiamonds 
P3 6Clubs P0 7Clubs P1 KHearts P2 7Spades 
P0 4Diamonds P1 7Hearts P2 KSpades P3 JDiamonds 
-- /GAME --
P0 HAND: ADiamonds, 3Diamonds, 2Diamonds, AClubs, QClubs, 4Clubs, AHearts, KHearts, JHearts, 4Hearts.
P1 HAND: 7Diamonds, QDiamonds, 6Diamonds, 6Clubs, 3Clubs, 5Hearts, JSpades, QSpades, 4Spades, 3Spades.
P2 HAND: JDiamonds, 4Diamonds, 7Clubs, 5Clubs, 2Clubs, 7Hearts, QHearts, KSpades, 6Spades, 2Spades.
P3 HAND: KDiamonds, 5Diamonds, KClubs, JClubs, 6Hearts, 3Hearts, 2Hearts, ASpades, 7Spades, 5Spades.

