-- GAME --
P0 HAND: JDiamonds, 5Diamonds, QClubs, 6Clubs, 5Clubs, 4Clubs, 5Hearts, JSpades, 6Spades, 2Spades.
P1 HAND: ADiamonds, QDiamonds, KClubs, JClubs, AHearts, 4Hearts, ASpades, QSpades, 5Spades, 4Spades.
P2 HAND: KDiamonds, 2Diamonds, 7Clubs, 3Clubs, 7Hearts, KHearts, QHearts, 3Hearts, 7Spades, 3Spades.
P3 HAND: 7Diamonds, 6Diamonds, 4Diamonds, 3Diamonds, AClubs, 2Clubs, JHearts, 6Hearts, 2Hearts, KSpades.
P2 2Diamonds P3 3Diamonds P0 5Diamonds P1 ADiamonds 
P1 AHearts P2 3Hearts P3 JHearts P0 5Hearts 
P1 ASpades P2 3Spades P3 KSpades P0 2Spades 
P1 4Hearts P2 QHearts P3 2Hearts P0 JDiamonds 
P2 3Clubs P3 2Clubs P0 4Clubs P1 JClubs 
P1 4Spades P2 7Spades P3 AClubs P0 6Spades 
P3 4Diamonds P0 6Clubs P1 QDiamonds P2 KDiamonds 
P0 JSpades P1 5Spades P2 7Clubs P3 6Diamonds 
P2 KHearts P3 6Hearts P0 QClubs P1 KClubs 
P1 QSpades P2 7Hearts P3 7Diamonds P0 5Clubs 
-- /GAME --
P0 HAND: 7Diamonds, JDiamonds, 6Diamonds, AClubs, KClubs, QClubs, 5Clubs, 7Hearts, 5Hearts, 4Spades.
P1 HAND: 5Diamonds, 6Clubs, 3Clubs, 2Clubs, KHearts, QHearts, 3Hearts, 2Hearts, ASpades, 7Spades.
P2 HAND: ADiamonds, QDiamonds, 4Diamonds, 2Diamonds, 7Clubs, JClubs, AHearts, JHearts, KSpades, 2Spades.
P3 HAND: KDiamonds, 3Diamonds, 4Clubs, 6Hearts, 4Hearts, JSpades, QSpades, 6Spades, 5Spades, 3Spades.
P1 ASpades P2 2Spades P3 JSpades P0 4Spades 
P1 2Clubs P2 JClubs P3 4Clubs P0 AClubs 
P0 KClubs P1 3Clubs P2 7Clubs P3 3Diamonds 
P3 3Spades P0 6Diamonds P1 7Spades P2 KSpades 

