-- GAME --
P0 HAND: JDiamonds, 5Diamonds, QClubs, 6Clubs, 4Clubs, 3Clubs, 7Hearts, KHearts, 7Spades, 2Spades.
P1 HAND: ADiamonds, QDiamonds, 4Diamonds, KClubs, AHearts, 6Hearts, 5Hearts, 4Hearts, 2Hearts, 3Spades.
P2 HAND: 3Diamonds, 2Diamonds, AClubs, JClubs, JHearts, QHearts, 3Hearts, QSpades, 5Spades, 4Spades.
P3 HAND: 7Diamonds, KDiamonds, 6Diamonds, 7Clubs, 5Clubs, 2Clubs, ASpades, KSpades, JSpades, 6Spades.
P1 ADiamonds P2 2Diamonds P3 7Diamonds P0 5Diamonds 
P1 2Hearts P2 3Hearts P3 2Clubs P0 7Hearts 
P0 JDiamonds P1 4Diamonds P2 3Diamonds P3 KDiamonds 
P3 5Clubs P0 QClubs P1 KClubs P2 AClubs 
P2 QHearts P3 6Diamonds P0 KHearts P1 AHearts 
P1 4Hearts P2 JHearts P3 6Spades P0 3Clubs 
P3 JSpades P0 7Spades P1 3Spades P2 4Spades 
P0 6Clubs P1 5Hearts P2 JClubs P3 7Clubs 
P3 KSpades P0 2Spades P1 6Hearts P2 5Spades 
P3 ASpades P0 4Clubs P1 QDiamonds P2 QSpades 
-- /GAME --
P0 HAND: QDiamonds, 5Diamonds, 4Diamonds, 2Diamonds, QClubs, 7Hearts, QHearts, JSpades, 6Spades, 3Spades.
P1 HAND: 7Diamonds, JDiamonds, 3Diamonds, KClubs, 5Clubs, 3Clubs, AHearts, KHearts, 4Hearts, QSpades.
P2 HAND: ADiamonds, 7Clubs, JHearts, 3Hearts, 2Hearts, ASpades, 7Spades, KSpades, 4Spades, 2Spades.
P3 HAND: KDiamonds, 6Diamonds, AClubs, JClubs, 6Clubs, 4Clubs, 2Clubs, 6Hearts, 5Hearts, 5Spades.
P0 QClubs P1 3Clubs P2 7Clubs P3 AClubs 
P3 5Hearts P0 7Hearts P1 AHearts P2 2Hearts 

