-- GAME --
P0 HAND: KDiamonds, 6Diamonds, 3Diamonds, AClubs, 7Clubs, JClubs, QClubs, 5Clubs, 4Hearts, 2Spades.
P1 HAND: 4Diamonds, 6Clubs, 4Clubs, 3Clubs, 2Clubs, 2Hearts, 7Spades, KSpades, 4Spades, 3Spades.
P2 HAND: 7Diamonds, QDiamonds, 2Diamonds, AHearts, 7Hearts, JHearts, ASpades, JSpades, 6Spades, 5Spades.
P3 HAND: ADiamonds, JDiamonds, 5Diamonds, KClubs, KHearts, QHearts, 6Hearts, 5Hearts, 3Hearts, QSpades.
P3 3Hearts P0 4Hearts P1 2Hearts P2 AHearts 
P2 ASpades P3 QSpades P0 2Spades P1 3Spades 
P2 5Spades P3 5Hearts P0 5Clubs P1 7Spades 
P1 2Clubs P2 6Spades P3 KClubs P0 AClubs 
P0 7Clubs P1 3Clubs P2 7Hearts P3 5Diamonds 
P3 6Hearts P0 QClubs P1 4Clubs P2 JHearts 
P2 JSpades P3 QHearts P0 JClubs P1 KSpades 
P1 4Spades P2 2Diamonds P3 JDiamonds P0 3Diamonds 
P3 ADiamonds P0 6Diamonds P1 4Diamonds P2 QDiamonds 
P3 KHearts P0 KDiamonds P1 6Clubs P2 7Diamonds 
-- /GAME --
P0 HAND: 7Diamonds, KDiamonds, AClubs, 6Clubs, 5Clubs, 4Clubs, 6Hearts, ASpades, 5Spades, 2Spades.
P1 HAND: ADiamonds, QDiamonds, 6Diamonds, 5Diamonds, 2Diamonds, 7Clubs, 3Clubs, 2Clubs, 5Hearts, KSpades.
P2 HAND: 4Diamonds, JClubs, JHearts, QHearts, 4Hearts, 3Hearts, 7Spades, JSpades, QSpades, 3Spades.
P3 HAND: JDiamonds, 3Diamonds, KClubs, QClubs, AHearts, 7Hearts, KHearts, 2Hearts, 6Spades, 4Spades.
P2 3Hearts P3 AHearts P0 6Hearts P1 5Hearts 
P3 2Hearts P0 KDiamonds P1 2Diamonds P2 JHearts 
P2 3Spades P3 4Spades P0 ASpades P1 KSpades 
P0 7Diamonds P1 5Diamonds P2 4Diamonds P3 3Diamonds 
P0 2Spades P1 6Diamonds P2 7Spades P3 6Spades 
P2 4Hearts P3 KHearts P0 5Spades P1 ADiamonds 
P3 JDiamonds P0 4Clubs P1 QDiamonds P2 JSpades 
P0 5Clubs P1 2Clubs P2 JClubs P3 QClubs 
P2 QHearts P3 7Hearts P0 6Clubs P1 7Clubs 
P1 3Clubs P2 QSpades P3 KClubs P0 AClubs 
-- /GAME --
P0 HAND: 7Diamonds, QDiamonds, AClubs, 7Clubs, KClubs, 7Hearts, 5Hearts, ASpades, JSpades, QSpades.
P1 HAND: ADiamonds, JDiamonds, 4Diamonds, 3Diamonds, JClubs, 6Clubs, 2Clubs, 6Spades, 4Spades, 3Spades.
P2 HAND: 6Diamonds, 2Diamonds, 3Clubs, AHearts, JHearts, 6Hearts, 2Hearts, 7Spades, KSpades, 5Spades.
P3 HAND: KDiamonds, 5Diamonds, QClubs, 5Clubs, 4Clubs, KHearts, QHearts, 4Hearts, 3Hearts, 2Spades.
P1 ADiamonds P2 2Diamonds P3 KDiamonds P0 QDiamonds 
P1 2Clubs P2 3Clubs P3 4Clubs P0 AClubs 
P0 7Diamonds P1 3Diamonds P2 6Diamonds P3 5Diamonds 
P0 7Clubs P1 6Clubs P2 7Spades P3 5Clubs 
P0 KClubs P1 JClubs P2 2Hearts P3 QClubs 
P2 5Spades P3 2Spades P0 ASpades P1 3Spades 
P0 JSpades P1 4Spades P2 KSpades P3 3Hearts 
P3 4Hearts P0 5Hearts P1 4Diamonds P2 6Hearts 
P2 JHearts P3 QHearts P0 7Hearts P1 6Spades 
P0 QSpades P1 JDiamonds P2 AHearts P3 KHearts 
-- /GAME --

