-- GAME --
P0 HAND: 7Diamonds, KDiamonds, 3Diamonds, AClubs, JClubs, QClubs, AHearts, 6Hearts, 2Hearts, 4Spades.
P1 HAND: 4Diamonds, 2Clubs, 7Hearts, KHearts, QHearts, 5Hearts, 3Hearts, 7Spades, JSpades, 5Spades.
P2 HAND: ADiamonds, QDiamonds, 6Diamonds, 2Diamonds, KClubs, 4Clubs, 3Clubs, JHearts, 3Spades, 2Spades.
P3 HAND: JDiamonds, 5Diamonds, 7Clubs, 6Clubs, 5Clubs, 4Hearts, ASpades, KSpades, QSpades, 6Spades.
P3 4Hearts P0 AHearts P1 3Hearts P2 JHearts 
P0 AClubs P1 2Clubs P2 KClubs P3 5Clubs 
P0 2Hearts P1 5Hearts P2 2Diamonds P3 7Clubs 
P1 4Diamonds P2 ADiamonds P3 5Diamonds P0 7Diamonds 
P2 3Clubs P3 6Clubs P0 JClubs P1 QHearts 
P0 KDiamonds P1 5Spades P2 6Diamonds P3 JDiamonds 
P1 JSpades P2 2Spades P3 6Spades P0 4Spades 
P1 7Spades P2 3Spades P3 QSpades P0 6Hearts 
P1 KHearts P2 4Clubs P3 KSpades P0 3Diamonds 
P3 ASpades P0 QClubs P1 7Hearts P2 QDiamonds 
-- /GAME --
P0 HAND: ADiamonds, QDiamonds, 4Diamonds, AClubs, 7Clubs, 6Clubs, 5Clubs, 3Clubs, 4Hearts, QSpades.
P1 HAND: 7Diamonds, KDiamonds, 5Diamonds, 2Clubs, 7Hearts, KHearts, 5Hearts, 7Spades, 4Spades, 2Spades.
P2 HAND: JDiamonds, 6Diamonds, 2Diamonds, JClubs, QClubs, 4Clubs, AHearts, 2Hearts, JSpades, 5Spades.
P3 HAND: 3Diamonds, KClubs, JHearts, QHearts, 6Hearts, 3Hearts, ASpades, KSpades, 6Spades, 3Spades.
P2 AHearts P3 3Hearts P0 4Hearts P1 5Hearts 
P2 2Diamonds P3 3Diamonds P0 ADiamonds P1 5Diamonds 
P0 AClubs P1 2Clubs P2 JClubs P3 KClubs 
P0 4Diamonds P1 KDiamonds P2 6Diamonds P3 JHearts 
P1 2Spades P2 5Spades P3 3Spades P0 QSpades 
P0 QDiamonds P1 7Diamonds P2 JDiamonds P3 QHearts 
P1 4Spades P2 JSpades P3 6Spades P0 7Clubs 
P2 2Hearts P3 6Hearts P0 3Clubs P1 7Hearts 
P1 7Spades P2 4Clubs P3 KSpades P0 5Clubs 
P1 KHearts P2 QClubs P3 ASpades P0 6Clubs 
-- /GAME --
P0 HAND: QDiamonds, 6Diamonds, 2Diamonds, AClubs, 7Clubs, JClubs, 3Clubs, 2Clubs, 6Hearts, 2Spades.
P1 HAND: ADiamonds, QClubs, 5Clubs, AHearts, 4Hearts, 2Hearts, JSpades, 6Spades, 5Spades, 3Spades.
P2 HAND: 7Diamonds, KDiamonds, 5Diamonds, 6Clubs, 4Clubs, 7Hearts, KHearts, JHearts, 7Spades, QSpades.
P3 HAND: JDiamonds, 4Diamonds, 3Diamonds, KClubs, QHearts, 5Hearts, 3Hearts, ASpades, KSpades, 4Spades.
P1 ADiamonds P2 5Diamonds P3 JDiamonds P0 2Diamonds 
P1 AHearts P2 JHearts P3 QHearts P0 6Hearts 
P1 2Hearts P2 KHearts P3 3Hearts P0 QDiamonds 
P2 QSpades P3 ASpades P0 2Spades P1 JSpades 
P3 3Diamonds P0 6Diamonds P1 3Spades P2 7Diamonds 
P2 4Clubs P3 KClubs P0 7Clubs P1 5Clubs 
P0 JClubs P1 QClubs P2 6Clubs P3 4Diamonds 
P0 AClubs P1 4Hearts P2 KDiamonds P3 4Spades 
P0 2Clubs P1 5Spades P2 7Hearts P3 5Hearts 
P0 3Clubs P1 6Spades P2 7Spades P3 KSpades 
-- /GAME --
P0 HAND: 5Diamonds, 2Diamonds, AClubs, AHearts, 7Hearts, KHearts, 5Hearts, JSpades, 6Spades, 4Spades.
P1 HAND: QDiamonds, KClubs, QClubs, JHearts, 4Hearts, 3Hearts, KSpades, QSpades, 3Spades, 2Spades.
P2 HAND: KDiamonds, JDiamonds, 7Clubs, JClubs, 5Clubs, 3Clubs, QHearts, 2Hearts, ASpades, 7Spades.
P3 HAND: ADiamonds, 7Diamonds, 6Diamonds, 4Diamonds, 3Diamonds, 6Clubs, 4Clubs, 2Clubs, 6Hearts, 5Spades.
P0 AClubs P1 QClubs P2 7Clubs P3 2Clubs 
P0 2Diamonds P1 QDiamonds P2 JDiamonds P3 ADiamonds 
P3 3Diamonds P0 5Diamonds P1 2Spades P2 KDiamonds 
P2 ASpades P3 5Spades P0 JSpades P1 3Spades 
P2 3Clubs P3 4Clubs P0 5Hearts P1 KClubs 
P0 6Spades P1 QSpades P2 7Spades P3 6Hearts 
P3 4Diamonds P0 KHearts P1 3Hearts P2 JClubs 
P0 4Spades P1 KSpades P2 5Clubs P3 7Diamonds 
P1 4Hearts P2 2Hearts P3 6Diamonds P0 7Hearts 
P0 AHearts P1 JHearts P2 QHearts P3 6Clubs 
-- /GAME --
P0 HAND: 3Diamonds, 7Clubs, KClubs, QClubs, 3Clubs, AHearts, KHearts, ASpades, KSpades, 5Spades.
P1 HAND: ADiamonds, 5Diamonds, 4Diamonds, AClubs, 6Clubs, 5Clubs, QHearts, 3Hearts, JSpades, QSpades.
P2 HAND: JDiamonds, 6Diamonds, 2Diamonds, JClubs, 7Hearts, JHearts, 5Hearts, 7Spades, 6Spades, 3Spades.
P3 HAND: 7Diamonds, KDiamonds, QDiamonds, 4Clubs, 2Clubs, 6Hearts, 4Hearts, 2Hearts, 4Spades, 2Spades.
P3 2Clubs P0 3Clubs P1 AClubs P2 JClubs 
P1 ADiamonds P2 2Diamonds P3 7Diamonds P0 3Diamonds 
P1 4Diamonds P2 6Diamonds P3 KDiamonds P0 KHearts 
P0 ASpades P1 QSpades P2 7Spades P3 2Spades 
P0 KSpades P1 JSpades P2 6Spades P3 4Spades 
P0 5Spades P1 5Diamonds P2 3Spades P3 4Clubs 
P0 AHearts P1 3Hearts P2 5Hearts P3 2Hearts 
P0 7Clubs P1 5Clubs P2 JDiamonds P3 4Hearts 
P3 QDiamonds P0 QClubs P1 6Clubs P2 JHearts 
P2 7Hearts P3 6Hearts P0 KClubs P1 QHearts 
-- /GAME --
P0 HAND: 6Diamonds, 5Diamonds, 3Diamonds, 4Clubs, KHearts, JHearts, 5Hearts, 3Hearts, 6Spades, 3Spades.
P1 HAND: 7Diamonds, KDiamonds, KClubs, 2Clubs, 7Hearts, 6Hearts, 2Hearts, ASpades, 7Spades, 5Spades.
P2 HAND: ADiamonds, 2Diamonds, AClubs, 7Clubs, JClubs, QClubs, 6Clubs, 5Clubs, QSpades, 2Spades.
P3 HAND: JDiamonds, QDiamonds, 4Diamonds, 3Clubs, AHearts, QHearts, 4Hearts, KSpades, JSpades, 4Spades.
P2 ADiamonds P3 4Diamonds P0 3Diamonds P1 KDiamonds 
P2 2Diamonds P3 QDiamonds P0 5Diamonds P1 7Diamonds 
P1 ASpades P2 2Spades P3 KSpades P0 3Spades 
P1 2Clubs P2 5Clubs P3 3Clubs P0 4Clubs 
P2 6Clubs P3 4Spades P0 6Spades P1 KClubs 
P1 5Spades P2 QSpades P3 JSpades P0 KHearts 
P0 6Diamonds P1 2Hearts P2 QClubs P3 JDiamonds 
P1 6Hearts P2 JClubs P3 4Hearts P0 JHearts 
P0 3Hearts P1 7Hearts P2 7Clubs P3 QHearts 
P1 7Spades P2 AClubs P3 AHearts P0 5Hearts 
-- /GAME --
P0 HAND: QDiamonds, KClubs, QClubs, 6Clubs, QHearts, 2Hearts, ASpades, JSpades, 5Spades, 2Spades.
P1 HAND: AClubs, 7Clubs, 4Clubs, KHearts, JHearts, 4Hearts, 3Hearts, 7Spades, QSpades, 3Spades.
P2 HAND: ADiamonds, KDiamonds, 6Diamonds, 5Clubs, 2Clubs, AHearts, 7Hearts, 6Hearts, 5Hearts, KSpades.
P3 HAND: 7Diamonds, JDiamonds, 5Diamonds, 4Diamonds, 3Diamonds, 2Diamonds, JClubs, 3Clubs, 6Spades, 4Spades.

