-- GAME --
P0 HAND: 7Diamonds, QDiamonds, 2Diamonds, JClubs, QClubs, 5Clubs, 4Clubs, 3Clubs, 3Hearts, ASpades.
P1 HAND: ADiamonds, 5Diamonds, AClubs, 7Clubs, 7Hearts, KHearts, JHearts, 7Spades, 6Spades, 2Spades.
P2 HAND: KDiamonds, 6Diamonds, 3Diamonds, AHearts, QHearts, 5Hearts, 2Hearts, KSpades, JSpades, 4Spades.
P3 HAND: JDiamonds, 4Diamonds, KClubs, 6Clubs, 2Clubs, 6Hearts, 4Hearts, QSpades, 5Spades, 3Spades.
P2 AHearts P3 4Hearts P0 3Hearts P1 JHearts 
P2 2Hearts P3 6Hearts P0 2Diamonds P1 7Hearts 
P1 ADiamonds P2 3Diamonds P3 JDiamonds P0 QDiamonds 
P1 2Spades P2 4Spades P3 3Spades P0 ASpades 
P0 3Clubs P1 7Clubs P2 5Hearts P3 2Clubs 
P1 5Diamonds P2 6Diamonds P3 4Diamonds P0 7Diamonds 
P0 4Clubs P1 AClubs P2 QHearts P3 6Clubs 
P1 6Spades P2 JSpades P3 5Spades P0 JClubs 
P0 5Clubs P1 KHearts P2 KDiamonds P3 KClubs 
P3 QSpades P0 QClubs P1 7Spades P2 KSpades 
-- /GAME --
P0 HAND: KDiamonds, QDiamonds, KClubs, QClubs, AHearts, 4Hearts, 2Hearts, 7Spades, 5Spades, 2Spades.
P1 HAND: 7Diamonds, 6Diamonds, 7Clubs, JClubs, 5Clubs, KHearts, QHearts, 6Hearts, ASpades, 6Spades.
P2 HAND: ADiamonds, JDiamonds, 5Diamonds, 6Clubs, 4Clubs, 3Clubs, 5Hearts, 3Hearts, JSpades, 3Spades.
P3 HAND: 4Diamonds, 3Diamonds, 2Diamonds, AClubs, 2Clubs, 7Hearts, JHearts, KSpades, QSpades, 4Spades.
P1 ASpades P2 3Spades 
