-- GAME --
P0 HAND: ADiamonds, JDiamonds, 6Diamonds, 4Diamonds, 7Clubs, 7Hearts, 6Hearts, 5Hearts, 7Spades, 6Spades.
P1 HAND: 7Diamonds, QClubs, 5Clubs, AHearts, JHearts, QHearts, 3Hearts, ASpades, 4Spades, 2Spades.
P2 HAND: 5Diamonds, 2Diamonds, AClubs, JClubs, 4Clubs, 3Clubs, 4Hearts, 2Hearts, KSpades, JSpades.
P3 HAND: KDiamonds, QDiamonds, 3Diamonds, KClubs, 6Clubs, 2Clubs, KHearts, QSpades, 5Spades, 3Spades.
P3 2Clubs P0 7Clubs P1 5Clubs P2 AClubs 
P2 2Diamonds P3 3Diamonds P0 ADiamonds P1 7Diamonds 
P0 6Spades P1 ASpades P2 JSpades P3 QSpades 
P1 2Spades P2 KSpades P3 3Spades P0 7Spades 
P0 4Diamonds P1 4Spades P2 5Diamonds P3 KDiamonds 
P3 5Spades P0 7Hearts P1 AHearts P2 3Clubs 
P1 QClubs P2 4Clubs P3 6Clubs P0 6Hearts 
P0 6Diamonds P1 3Hearts P2 2Hearts P3 QDiamonds 
P1 QHearts P2 4Hearts P3 KHearts P0 5Hearts 
P3 KClubs P0 JDiamonds P1 JHearts P2 JClubs 
-- /GAME --
P0 HAND: 4Diamonds, 7Clubs, KClubs, 4Clubs, 3Clubs, KHearts, 7Spades, JSpades, 5Spades, 4Spades.
P1 HAND: 5Diamonds, 3Diamonds, QClubs, 2Clubs, 7Hearts, 5Hearts, 4Hearts, ASpades, KSpades, QSpades.
P2 HAND: ADiamonds, JDiamonds, AClubs, JClubs, AHearts, JHearts, QHearts, 3Hearts, 6Spades, 3Spades.
P3 HAND: 7Diamonds, KDiamonds, QDiamonds, 6Diamonds, 2Diamonds, 6Clubs, 5Clubs, 6Hearts, 2Hearts, 2Spades.
P2 ADiamonds P3 2Diamonds P0 4Diamonds P1 3Diamonds 
P2 AClubs P3 5Clubs P0 7Clubs P1 2Clubs 
P2 AHearts P3 2Hearts P0 KHearts P1 4Hearts 
P2 3Hearts P3 6Hearts P0 JSpades P1 5Hearts 
P0 4Spades P1 QSpades P2 3Spades P3 2Spades 
P1 5Diamonds P2 JDiamonds P3 6Diamonds P0 KClubs 
P2 QHearts P3 6Clubs P0 7Spades P1 7Hearts 
P0 4Clubs P1 QClubs P2 JClubs P3 QDiamonds 
P2 JHearts P3 KDiamonds P0 5Spades P1 KSpades 
P1 ASpades P2 6Spades P3 7Diamonds P0 3Clubs 
-- /GAME --
P0 HAND: ADiamonds, 6Diamonds, 5Diamonds, JClubs, QClubs, 5Clubs, 3Clubs, AHearts, 3Hearts, 6Spades.
P1 HAND: 7Diamonds, KDiamonds, 4Diamonds, 7Clubs, 2Clubs, QHearts, 5Hearts, QSpades, 5Spades, 2Spades.
P2 HAND: JDiamonds, 3Diamonds, AClubs, 7Hearts, JHearts, 4Hearts, ASpades, 7Spades, 4Spades, 3Spades.
P3 HAND: QDiamonds, 2Diamonds, KClubs, 6Clubs, 4Clubs, KHearts, 6Hearts, 2Hearts, KSpades, JSpades.
P1 2Spades P2 ASpades P3 JSpades P0 6Spades 
P2 3Diamonds P3 2Diamonds P0 ADiamonds P1 4Diamonds 
P0 AHearts P1 5Hearts P2 7Hearts P3 2Hearts 
P0 3Hearts P1 QHearts P2 4Hearts P3 KHearts 
P3 6Hearts P0 QClubs P1 5Spades P2 JHearts 
P0 5Diamonds P1 KDiamonds P2 JDiamonds P3 QDiamonds 
P1 QSpades P2 3Spades P3 KSpades P0 JClubs 
P0 6Diamonds P1 7Diamonds P2 AClubs P3 4Clubs 
P2 4Spades P3 6Clubs P0 3Clubs P1 2Clubs 
P3 KClubs P0 5Clubs P1 7Clubs P2 7Spades 
-- /GAME --
P0 HAND: ADiamonds, AClubs, QClubs, 4Clubs, 7Hearts, KHearts, ASpades, 6Spades, 5Spades, 3Spades.
P1 HAND: JDiamonds, QDiamonds, 7Clubs, JClubs, 5Clubs, 6Hearts, 5Hearts, 4Hearts, 7Spades, 2Spades.
P2 HAND: 7Diamonds, KDiamonds, 3Clubs, 2Clubs, AHearts, JHearts, QHearts, 2Hearts, QSpades, 4Spades.
P3 HAND: 6Diamonds, 5Diamonds, 4Diamonds, 3Diamonds, 2Diamonds, KClubs, 6Clubs, 3Hearts, KSpades, JSpades.
P0 ADiamonds P1 QDiamonds P2 7Diamonds P3 2Diamonds 
P0 ASpades P1 2Spades P2 QSpades P3 JSpades 
P0 AClubs P1 5Clubs P2 3Clubs P3 6Clubs 
P0 3Spades P1 7Spades P2 4Spades P3 KSpades 
P1 JDiamonds P2 KDiamonds P3 3Diamonds P0 QClubs 
P2 2Clubs P3 KClubs P0 4Clubs P1 7Clubs 
P1 JClubs P2 2Hearts P3 4Diamonds P0 7Hearts 
P0 5Spades P1 4Hearts P2 QHearts P3 5Diamonds 
P2 JHearts P3 3Hearts P0 KHearts P1 5Hearts 
P0 6Spades P1 6Hearts P2 AHearts P3 6Diamonds 
-- /GAME --
P0 HAND: KDiamonds, 4Diamonds, 2Diamonds, AClubs, JClubs, QClubs, 7Hearts, 6Hearts, 3Hearts, 7Spades.
P1 HAND: 7Diamonds, 6Diamonds, KClubs, 6Clubs, 2Clubs, KHearts, JHearts, 6Spades, 4Spades, 2Spades.
P2 HAND: ADiamonds, JDiamonds, 7Clubs, 4Clubs, 3Clubs, AHearts, QHearts, 5Hearts, 4Hearts, JSpades.
P3 HAND: QDiamonds, 5Diamonds, 3Diamonds, 5Clubs, 2Hearts, ASpades, KSpades, QSpades, 5Spades, 3Spades.
P3 3Diamonds P0 2Diamonds P1 6Diamonds P2 ADiamonds 
P2 3Clubs P3 5Clubs P0 AClubs P1 2Clubs 
P0 KDiamonds P1 7Diamonds P2 JDiamonds P3 QDiamonds 
P1 2Spades P2 JSpades P3 ASpades P0 7Spades 
P3 3Spades P0 4Diamonds P1 4Spades P2 4Clubs 
P1 6Clubs P2 7Clubs P3 2Hearts 
