-- GAME --
P0 HAND: QDiamonds, 6Diamonds, 2Diamonds, AClubs, JHearts, 4Hearts, KSpades, JSpades, QSpades, 5Spades.
P1 HAND: KDiamonds, JDiamonds, 4Diamonds, AHearts, KHearts, 6Hearts, 5Hearts, 2Hearts, 3Spades, 2Spades.
P2 HAND: ADiamonds, 5Diamonds, 3Diamonds, JClubs, 3Clubs, 7Hearts, QHearts, 3Hearts, ASpades, 7Spades.
P3 HAND: 7Diamonds, 7Clubs, KClubs, QClubs, 6Clubs, 5Clubs, 4Clubs, 2Clubs, 6Spades, 4Spades.
P0 4Hearts P1 AHearts P2 3Hearts P3 7Diamonds 
P1 2Hearts P2 QHearts P3 4Spades P0 JHearts 
P0 2Diamonds P1 4Diamonds P2 ADiamonds P3 2Clubs 
P3 6Spades P0 KSpades P1 2Spades P2 ASpades 
P2 3Diamonds P3 4Clubs P0 6Diamonds P1 KDiamonds 
P3 5Clubs P0 AClubs P1 3Spades P2 3Clubs 
P0 5Spades P1 5Hearts P2 7Spades P3 6Clubs 
P3 QClubs P0 QDiamonds P1 6Hearts P2 JClubs 
P2 5Diamonds P3 KClubs P0 QSpades P1 JDiamonds 
P3 7Clubs P0 JSpades P1 KHearts P2 7Hearts 
-- /GAME --
P0 HAND: 7Diamonds, KDiamonds, QDiamonds, KClubs, KHearts, 3Hearts, 2Hearts, ASpades, 7Spades, 3Spades.
P1 HAND: ADiamonds, 5Diamonds, 7Clubs, JClubs, 5Clubs, AHearts, JHearts, QHearts, 4Spades, 2Spades.
P2 HAND: JDiamonds, 4Diamonds, 2Diamonds, 6Clubs, 4Clubs, 3Clubs, 2Clubs, 5Hearts, 4Hearts, 6Spades.
P3 HAND: 6Diamonds, 3Diamonds, AClubs, QClubs, 7Hearts, 6Hearts, KSpades, JSpades, QSpades, 5Spades.
P3 AClubs P0 KClubs P1 7Clubs P2 2Clubs 
P3 5Spades P0 ASpades P1 2Spades P2 6Spades 
P0 7Spades P1 4Spades P2 6Clubs P3 QSpades 
P0 2Hearts P1 AHearts P2 4Hearts P3 7Hearts 
P1 5Clubs P2 3Clubs P3 QClubs P0 3Spades 
P3 6Hearts P0 KHearts P1 QHearts P2 5Hearts 
P0 KDiamonds P1 5Diamonds P2 2Diamonds P3 3Diamonds 
P0 QDiamonds P1 ADiamonds P2 4Diamonds P3 6Diamonds 
P1 JClubs P2 4Clubs P3 JSpades P0 3Hearts 
P1 JHearts P2 JDiamonds P3 KSpades P0 7Diamonds 
-- /GAME --
P0 HAND: KDiamonds, KClubs, JClubs, 5Clubs, 7Hearts, KHearts, 3Hearts, KSpades, JSpades, QSpades.
P1 HAND: 7Diamonds, QDiamonds, 3Diamonds, 7Clubs, 3Clubs, JHearts, 5Hearts, 2Hearts, 6Spades, 3Spades.
P2 HAND: JDiamonds, 6Diamonds, 5Diamonds, 4Diamonds, QClubs, 4Clubs, 2Clubs, AHearts, QHearts, ASpades.
P3 HAND: ADiamonds, 2Diamonds, AClubs, 6Clubs, 6Hearts, 4Hearts, 7Spades, 5Spades, 4Spades, 2Spades.
P2 AHearts P3 4Hearts P0 7Hearts P1 2Hearts 
P2 2Clubs P3 AClubs P0 5Clubs P1 7Clubs 
P3 ADiamonds P0 KDiamonds P1 7Diamonds P2 4Diamonds 
P3 2Diamonds P0 3Hearts P1 3Diamonds P2 JDiamonds 
P2 4Clubs P3 6Clubs P0 KClubs P1 3Clubs 
P0 JClubs P1 5Hearts P2 QClubs P3 2Spades 
P3 6Hearts P0 KHearts P1 JHearts P2 QHearts 
P0 QSpades P1 3Spades P2 ASpades P3 4Spades 
P2 5Diamonds P3 5Spades P0 KSpades P1 QDiamonds 
P0 JSpades P1 6Spades P2 6Diamonds P3 7Spades 
-- /GAME --
P0 HAND: 4Diamonds, 3Diamonds, 6Clubs, 5Clubs, 3Clubs, QHearts, KSpades, JSpades, 3Spades, 2Spades.
P1 HAND: ADiamonds, JDiamonds, 2Diamonds, 7Clubs, JClubs, JHearts, 4Hearts, ASpades, 7Spades, QSpades.
P2 HAND: 7Diamonds, KDiamonds, AClubs, KClubs, QClubs, AHearts, 7Hearts, 6Hearts, 2Hearts, 5Spades.
P3 HAND: QDiamonds, 6Diamonds, 5Diamonds, 4Clubs, 2Clubs, KHearts, 5Hearts, 3Hearts, 6Spades, 4Spades.
P1 ADiamonds P2 KDiamonds P3 QDiamonds P0 3Diamonds 
P1 ASpades P2 5Spades P3 6Spades P0 2Spades 
P1 2Diamonds P2 7Diamonds P3 5Diamonds P0 4Diamonds 
P2 AHearts P3 3Hearts P0 QHearts P1 4Hearts 
P2 2Hearts P3 5Hearts P0 3Spades P1 JHearts 
P1 QSpades P2 6Hearts P3 4Spades P0 KSpades 
P0 JSpades P1 7Spades P2 QClubs P3 6Diamonds 
P2 KClubs P3 2Clubs P0 3Clubs P1 JClubs 
P2 AClubs P3 4Clubs P0 5Clubs P1 7Clubs 
P2 7Hearts P3 KHearts P0 6Clubs P1 JDiamonds 
-- /GAME --
P0 HAND: JDiamonds, 6Diamonds, 4Diamonds, 7Clubs, QHearts, 3Hearts, ASpades, KSpades, JSpades, 5Spades.
P1 HAND: 7Diamonds, KDiamonds, 5Diamonds, 3Diamonds, 3Clubs, 5Hearts, 4Hearts, QSpades, 6Spades, 3Spades.
P2 HAND: ADiamonds, QDiamonds, 2Diamonds, KClubs, JClubs, 5Clubs, AHearts, JHearts, 2Hearts, 7Spades.
P3 HAND: AClubs, QClubs, 6Clubs, 4Clubs, 2Clubs, 7Hearts, KHearts, 6Hearts, 4Spades, 2Spades.
P0 QHearts P1 4Hearts P2 AHearts P3 6Hearts 
P2 ADiamonds P3 2Spades P0 4Diamonds P1 7Diamonds 
P3 2Clubs P0 7Clubs P1 3Clubs P2 KClubs 
P0 3Hearts P1 5Hearts P2 2Hearts P3 7Hearts 
P3 4Clubs P0 JDiamonds P1 3Diamonds P2 JClubs 
P2 2Diamonds P3 6Clubs P0 6Diamonds P1 KDiamonds 
P1 5Diamonds P2 QDiamonds P3 QClubs P0 KSpades 
P0 5Spades P1 3Spades P2 7Spades P3 4Spades 
P2 5Clubs P3 AClubs P0 JSpades P1 6Spades 
P0 ASpades P1 QSpades P2 JHearts P3 KHearts 
-- /GAME --
P0 HAND: ADiamonds, 7Diamonds, AClubs, 5Clubs, JHearts, 5Hearts, 2Hearts, 7Spades, JSpades, QSpades.
P1 HAND: 5Diamonds, 4Diamonds, 3Diamonds, KClubs, JClubs, QClubs, 4Hearts, KSpades, 5Spades, 4Spades.
P2 HAND: KDiamonds, QDiamonds, 2Diamonds, 7Clubs, 6Clubs, QHearts, 6Hearts, ASpades, 6Spades, 3Spades.
P3 HAND: JDiamonds, 6Diamonds, 4Clubs, 3Clubs, 2Clubs, AHearts, 7Hearts, KHearts, 3Hearts, 2Spades.
P3 AHearts P0 JHearts P1 4Hearts P2 6Hearts 

