-- GAME --
P0 HAND: 7Diamonds, JDiamonds, 6Diamonds, 2Diamonds, AClubs, KClubs, JClubs, KHearts, KSpades, 4Spades.
P1 HAND: KDiamonds, QDiamonds, 7Clubs, 4Clubs, JHearts, QHearts, 7Spades, JSpades, 6Spades, 5Spades.
P2 HAND: 5Diamonds, 3Diamonds, QClubs, 6Clubs, 2Clubs, AHearts, 4Hearts, 3Hearts, 3Spades, 2Spades.
P3 HAND: ADiamonds, 4Diamonds, 5Clubs, 3Clubs, 7Hearts, 6Hearts, 5Hearts, 2Hearts, ASpades, QSpades.
P2 AHearts P3 2Hearts P0 KHearts P1 QHearts 
P2 2Spades P3 ASpades P0 4Spades P1 7Spades 
P3 ADiamonds P0 2Diamonds P1 KDiamonds P2 3Diamonds 
P3 4Diamonds P0 JDiamonds P1 QDiamonds P2 5Diamonds 
P0 JClubs P1 4Clubs P2 2Clubs P3 3Clubs 
P0 KClubs P1 7Clubs P2 6Clubs P3 5Clubs 
P1 5Spades P2 3Spades P3 QSpades P0 KSpades 
P0 AClubs P1 6Spades P2 QClubs P3 5Hearts 
P0 7Diamonds P1 JHearts P2 3Hearts P3 6Hearts 
P0 6Diamonds P1 JSpades P2 4Hearts P3 7Hearts 
-- /GAME --
P0 HAND: ADiamonds, 4Diamonds, AClubs, QClubs, 6Clubs, 3Clubs, 6Hearts, 4Hearts, KSpades, 3Spades.
P1 HAND: 7Diamonds, QDiamonds, 6Diamonds, 2Diamonds, 7Clubs, 4Clubs, KHearts, QHearts, 5Hearts, 2Hearts.
P2 HAND: JDiamonds, 3Diamonds, 5Clubs, 2Clubs, JHearts, 3Hearts, 7Spades, QSpades, 5Spades, 4Spades.
P3 HAND: KDiamonds, 5Diamonds, KClubs, JClubs, AHearts, 7Hearts, ASpades, JSpades, 6Spades, 2Spades.
P1 2Hearts P2 3Hearts P3 AHearts P0 4Hearts 
P3 ASpades P0 3Spades P1 7Clubs P2 4Spades 
P3 2Spades P0 KSpades P1 4Clubs P2 7Spades 
P2 2Clubs P3 JClubs P0 AClubs P1 2Diamonds 
P1 5Hearts P2 JHearts P3 7Hearts P0 6Hearts 
P3 6Spades P0 3Clubs P1 QHearts P2 QSpades 
P2 5Clubs P3 KClubs P0 6Clubs P1 KHearts 
P3 JSpades P0 4Diamonds P1 6Diamonds P2 5Spades 
P1 QDiamonds P2 3Diamonds P3 5Diamonds P0 ADiamonds 
P0 QClubs P1 7Diamonds P2 JDiamonds P3 KDiamonds 
-- /GAME --
P0 HAND: 7Diamonds, KDiamonds, AClubs, KClubs, QClubs, 2Clubs, 3Hearts, 7Spades, 6Spades, 4Spades.
P1 HAND: QDiamonds, 6Diamonds, 5Diamonds, 3Diamonds, 6Clubs, AHearts, JHearts, 4Hearts, QSpades, 5Spades.
P2 HAND: JDiamonds, 2Diamonds, 7Clubs, JClubs, 4Clubs, 7Hearts, KHearts, QHearts, 5Hearts, 2Spades.
P3 HAND: ADiamonds, 4Diamonds, 5Clubs, 3Clubs, 6Hearts, 2Hearts, ASpades, KSpades, JSpades, 3Spades.
P0 6Spades P1 5Spades P2 2Spades P3 3Spades 
P0 4Spades P1 QSpades P2 2Diamonds P3 JSpades 
P3 ADiamonds P0 KDiamonds P1 QDiamonds P2 JDiamonds 
P3 2Hearts P0 3Hearts P1 AHearts P2 5Hearts 
P1 3Diamonds P2 4Clubs P3 4Diamonds P0 7Diamonds 
P0 AClubs P1 6Clubs P2 7Clubs P3 3Clubs 
P0 KClubs P1 4Hearts P2 JClubs P3 5Clubs 
P0 QClubs P1 5Diamonds P2 QHearts P3 6Hearts 
P0 2Clubs P1 6Diamonds P2 KHearts P3 KSpades 
P3 ASpades P0 7Spades P1 JHearts P2 7Hearts 
-- /GAME --
P0 HAND: 2Diamonds, 7Clubs, 5Clubs, 7Hearts, KHearts, 4Hearts, 3Hearts, QSpades, 6Spades, 4Spades.
P1 HAND: ADiamonds, 7Diamonds, KDiamonds, 3Diamonds, QClubs, 3Clubs, 2Clubs, 5Hearts, KSpades, 5Spades.
P2 HAND: JDiamonds, 4Clubs, AHearts, JHearts, QHearts, 6Hearts, 2Hearts, 7Spades, 3Spades, 2Spades.
P3 HAND: QDiamonds, 6Diamonds, 5Diamonds, 4Diamonds, AClubs, KClubs, JClubs, 6Clubs, ASpades, JSpades.
P3 AClubs P0 5Clubs P1 QClubs P2 4Clubs 
P3 4Diamonds P0 2Diamonds P1 ADiamonds P2 JDiamonds 
P1 2Clubs P2 2Hearts P3 6Clubs P0 7Clubs 
P0 QSpades P1 5Spades P2 2Spades P3 JSpades 
P3 5Diamonds P0 3Hearts P1 7Diamonds P2 3Spades 
P2 6Hearts P3 6Diamonds P0 KHearts P1 5Hearts 
P0 4Spades P1 KSpades P2 7Spades P3 ASpades 
P3 QDiamonds P0 6Spades P1 3Diamonds P2 AHearts 
P0 7Hearts P1 3Clubs P2 QHearts P3 JClubs 
P0 4Hearts P1 KDiamonds P2 JHearts P3 KClubs 
-- /GAME --
P0 HAND: 7Diamonds, 5Diamonds, 3Diamonds, JClubs, 7Hearts, KHearts, 7Spades, KSpades, QSpades, 6Spades.
P1 HAND: ADiamonds, KDiamonds, JDiamonds, 5Clubs, QHearts, 4Hearts, 3Hearts, 2Hearts, 5Spades, 3Spades.
P2 HAND: 4Diamonds, 7Clubs, QClubs, 6Clubs, 2Clubs, AHearts, 6Hearts, 5Hearts, 4Spades, 2Spades.
P3 HAND: QDiamonds, 6Diamonds, 2Diamonds, AClubs, KClubs, 4Clubs, 3Clubs, JHearts, ASpades, JSpades.
P2 AHearts P3 JHearts P0 7Hearts P1 2Hearts 
P2 2Clubs P3 AClubs P0 JClubs P1 5Clubs 
P3 ASpades P0 6Spades P1 5Spades P2 2Spades 
P3 3Clubs P0 KHearts P1 3Hearts P2 7Clubs 
P2 4Spades P3 JSpades P0 KSpades P1 3Spades 
P0 3Diamonds P1 JDiamonds P2 4Diamonds P3 2Diamonds 
P1 4Hearts P2 5Hearts P3 4Clubs P0 7Spades 
P2 6Clubs P3 KClubs P0 7Diamonds P1 ADiamonds 
P1 QHearts P2 6Hearts P3 6Diamonds P0 QSpades 
P3 QDiamonds P0 5Diamonds P1 KDiamonds P2 QClubs 
-- /GAME --
P0 HAND: QDiamonds, 3Diamonds, KHearts, JHearts, 5Hearts, 3Hearts, 2Hearts, ASpades, KSpades, 2Spades.
P1 HAND: KDiamonds, AClubs, 7Clubs, JClubs, 4Clubs, 3Clubs, 7Hearts, 7Spades, QSpades, 3Spades.
P2 HAND: 6Diamonds, 5Diamonds, 4Diamonds, 6Clubs, 5Clubs, AHearts, 6Hearts, 4Hearts, 5Spades, 4Spades.
P3 HAND: ADiamonds, 7Diamonds, JDiamonds, 2Diamonds, KClubs, QClubs, 2Clubs, QHearts, JSpades, 6Spades.
P1 3Clubs P2 5Clubs P3 2Clubs P0 QDiamonds 
P2 AHearts P3 QHearts P0 KHearts P1 7Hearts 
P2 4Diamonds P3 ADiamonds P0 3Diamonds P1 KDiamonds 
P3 2Diamonds P0 2Hearts P1 4Clubs P2 6Diamonds 
P2 4Hearts P3 QClubs P0 JHearts P1 3Spades 
P1 JClubs P2 6Clubs P3 KClubs P0 3Hearts 
P3 JDiamonds P0 5Hearts P1 QSpades P2 5Diamonds 
P1 7Spades P2 4Spades P3 6Spades P0 ASpades 
P0 KSpades P1 7Clubs P2 5Spades P3 JSpades 
P0 2Spades P1 AClubs P2 6Hearts P3 7Diamonds 
-- /GAME --
P0 HAND: 7Diamonds, 4Diamonds, 5Clubs, 3Clubs, 7Spades, QSpades, 5Spades, 4Spades, 3Spades, 2Spades.
P1 HAND: ADiamonds, KDiamonds, KClubs, 4Clubs, 7Hearts, JHearts, 6Hearts, 5Hearts, 3Hearts, KSpades.
P2 HAND: QDiamonds, 6Diamonds, 5Diamonds, 6Clubs, 2Clubs, AHearts, 4Hearts, 2Hearts, ASpades, 6Spades.
P3 HAND: JDiamonds, 3Diamonds, 2Diamonds, AClubs, 7Clubs, JClubs, QClubs, KHearts, QHearts, JSpades.
P0 3Clubs P1 4Clubs P2 2Clubs P3 AClubs 
P3 2Diamonds P0 7Diamonds P1 ADiamonds P2 5Diamonds 
P1 3Hearts P2 2Hearts P3 QHearts P0 4Diamonds 
P3 3Diamonds P0 5Clubs P1 KDiamonds P2 6Diamonds 
P1 5Hearts P2 4Hearts P3 KHearts P0 2Spades 
P3 QClubs P0 7Spades P1 KClubs P2 6Clubs 
P1 6Hearts P2 AHearts P3 JDiamonds P0 3Spades 
P2 6Spades P3 JSpades P0 4Spades P1 KSpades 
P1 JHearts P2 QDiamonds P3 JClubs P0 5Spades 
P1 7Hearts P2 ASpades P3 7Clubs P0 QSpades 
-- /GAME --
P0 HAND: 7Clubs, KClubs, JClubs, 5Clubs, 7Hearts, 6Hearts, 4Hearts, ASpades, 4Spades, 2Spades.
P1 HAND: 7Diamonds, JDiamonds, QDiamonds, 2Diamonds, AClubs, QClubs, 3Hearts, QSpades, 6Spades, 3Spades.
P2 HAND: ADiamonds, KDiamonds, 6Diamonds, 5Diamonds, 4Diamonds, 3Diamonds, 6Clubs, 4Clubs, KSpades, JSpades.
P3 HAND: 3Clubs, 2Clubs, AHearts, KHearts, JHearts, QHearts, 5Hearts, 2Hearts, 7Spades, 5Spades.

