-- GAME --
P0 HAND: KDiamonds, JClubs, AHearts, 7Hearts, KHearts, QHearts, 3Hearts, ASpades, QSpades, 5Spades.
P1 HAND: 7Diamonds, 5Diamonds, 3Diamonds, AClubs, 3Clubs, 6Hearts, 5Hearts, KSpades, 6Spades, 2Spades.
P2 HAND: QDiamonds, 6Diamonds, 4Diamonds, 2Diamonds, KClubs, 6Clubs, 5Clubs, 4Clubs, 2Hearts, JSpades.
P3 HAND: ADiamonds, JDiamonds, 7Clubs, QClubs, 2Clubs, JHearts, 4Hearts, 7Spades, 4Spades, 3Spades.
P0 AHearts P1 5Hearts P2 2Hearts P3 4Hearts 
P0 ASpades P1 2Spades P2 JSpades P3 3Spades 
P0 7Hearts P1 6Hearts P2 QDiamonds P3 JHearts 
P0 KDiamonds P1 3Diamonds P2 2Diamonds P3 ADiamonds 
P3 4Spades P0 QSpades P1 6Spades P2 6Diamonds 
P0 5Spades P1 KSpades P2 4Diamonds P3 7Spades 
P3 JDiamonds P0 JClubs P1 5Diamonds P2 4Clubs 
P0 KHearts P1 3Clubs P2 5Clubs P3 2Clubs 
P2 6Clubs P3 QClubs P0 3Hearts P1 AClubs 
P1 7Diamonds P2 KClubs P3 7Clubs P0 QHearts 
-- /GAME --
P0 HAND: ADiamonds, JDiamonds, 3Diamonds, KClubs, QClubs, 7Hearts, KHearts, 6Hearts, ASpades, 3Spades.
P1 HAND: 7Diamonds, QDiamonds, AClubs, 7Clubs, AHearts, JHearts, QHearts, 7Spades, JSpades, 2Spades.
P2 HAND: KDiamonds, 6Diamonds, 4Diamonds, 2Diamonds, 4Clubs, 3Clubs, 2Clubs, 2Hearts, QSpades, 4Spades.
P3 HAND: 5Diamonds, JClubs, 6Clubs, 5Clubs, 5Hearts, 4Hearts, 3Hearts, KSpades, 6Spades, 5Spades.
P3 5Diamonds P0 ADiamonds P1 QDiamonds P2 KDiamonds 
P0 ASpades P1 2Spades P2 QSpades P3 5Spades 
P0 JDiamonds P1 7Diamonds P2 2Diamonds P3 KSpades 
P1 AClubs P2 2Clubs P3 JClubs P0 QClubs 
P1 JSpades P2 4Spades P3 6Spades P0 3Spades 
P1 QHearts P2 2Hearts P3 3Hearts P0 KHearts 
P0 3Diamonds P1 JHearts P2 4Diamonds P3 6Clubs 
P1 AHearts P2 3Clubs P3 4Hearts P0 6Hearts 
P1 7Clubs P2 4Clubs P3 5Clubs P0 KClubs 
P1 7Spades P2 6Diamonds P3 5Hearts P0 7Hearts 
-- /GAME --
P0 HAND: KDiamonds, 6Diamonds, 7Clubs, KClubs, 3Clubs, 6Hearts, 7Spades, 4Spades, 3Spades, 2Spades.
P1 HAND: JDiamonds, 3Diamonds, AClubs, JClubs, AHearts, 7Hearts, 3Hearts, 2Hearts, ASpades, 5Spades.
P2 HAND: 7Diamonds, QClubs, 6Clubs, 4Clubs, JHearts, QHearts, 5Hearts, 4Hearts, KSpades, JSpades.
P3 HAND: ADiamonds, QDiamonds, 5Diamonds, 4Diamonds, 2Diamonds, 5Clubs, 2Clubs, KHearts, QSpades, 6Spades.
P2 4Clubs P3 2Clubs P0 3Clubs P1 AClubs 
P1 AHearts P2 4Hearts P3 KHearts P0 6Hearts 
P1 2Hearts P2 5Hearts P3 2Diamonds P0 6Diamonds 
P2 6Clubs P3 5Clubs P0 7Clubs P1 JClubs 
P0 KDiamonds P1 3Diamonds P2 7Diamonds P3 ADiamonds 
P3 4Diamonds P0 KClubs P1 JDiamonds P2 JSpades 
P2 QClubs P3 5Diamonds P0 2Spades P1 3Hearts 
P0 3Spades P1 5Spades P2 KSpades P3 6Spades 
P2 QHearts P3 QDiamonds P0 4Spades P1 7Hearts 
P0 7Spades P1 ASpades P2 JHearts P3 QSpades 
-- /GAME --
P0 HAND: 7Diamonds, JDiamonds, 7Clubs, KClubs, JClubs, JHearts, 4Hearts, 7Spades, KSpades, 4Spades.
P1 HAND: ADiamonds, AClubs, 6Clubs, 4Clubs, 2Clubs, KHearts, QHearts, 3Hearts, QSpades, 5Spades.
P2 HAND: KDiamonds, QDiamonds, 4Diamonds, 2Diamonds, 6Hearts, 5Hearts, 2Hearts, ASpades, 6Spades, 3Spades.
P3 HAND: 6Diamonds, 5Diamonds, 3Diamonds, QClubs, 5Clubs, 3Clubs, AHearts, 7Hearts, JSpades, 2Spades.
P1 ADiamonds P2 2Diamonds P3 6Diamonds P0 JDiamonds 
P1 3Hearts P2 2Hearts P3 AHearts P0 4Hearts 
P3 2Spades P0 7Spades P1 5Spades P2 ASpades 
P2 3Spades P3 JSpades P0 KSpades P1 QSpades 
P0 7Diamonds P1 2Clubs P2 4Diamonds P3 5Diamonds 
P1 QHearts P2 5Hearts P3 7Hearts P0 JHearts 
P3 3Diamonds P0 4Spades P1 4Clubs P2 QDiamonds 
P1 6Clubs P2 6Hearts P3 3Clubs P0 7Clubs 
P0 JClubs P1 AClubs P2 6Spades P3 5Clubs 
P1 KHearts P2 KDiamonds P3 QClubs P0 KClubs 
-- /GAME --
P0 HAND: ADiamonds, 7Diamonds, 3Diamonds, QClubs, 5Clubs, 3Clubs, 2Hearts, ASpades, 5Spades, 4Spades.
P1 HAND: 6Diamonds, AClubs, JClubs, 6Clubs, 4Clubs, JHearts, QHearts, 6Hearts, 7Spades, 2Spades.
P2 HAND: KDiamonds, QDiamonds, 4Diamonds, KClubs, AHearts, 7Hearts, KHearts, 4Hearts, QSpades, 3Spades.
P3 HAND: JDiamonds, 5Diamonds, 2Diamonds, 7Clubs, 2Clubs, 5Hearts, 3Hearts, KSpades, JSpades, 6Spades.

