-- GAME --
P0 HAND: KDiamonds, 6Diamonds, 5Diamonds, KClubs, QClubs, 3Clubs, 2Clubs, 7Hearts, 5Hearts, ASpades.
P1 HAND: 7Diamonds, 2Diamonds, 6Clubs, 4Clubs, AHearts, 3Hearts, JSpades, QSpades, 5Spades, 3Spades.
P2 HAND: ADiamonds, QDiamonds, 4Diamonds, 5Clubs, KHearts, 6Hearts, 4Hearts, KSpades, 4Spades, 2Spades.
P3 HAND: JDiamonds, 3Diamonds, AClubs, 7Clubs, JClubs, JHearts, QHearts, 2Hearts, 7Spades, 6Spades.
P0 ASpades P1 3Spades P2 KSpades P3 6Spades 
P0 5Diamonds P1 2Diamonds P2 ADiamonds P3 3Diamonds 
P2 2Spades P3 7Spades P0 7Hearts P1 5Spades 
P0 QClubs P1 4Clubs P2 5Clubs P3 AClubs 
P3 JDiamonds P0 KDiamonds P1 7Diamonds P2 4Diamonds 
P1 6Clubs P2 4Spades P3 7Clubs P0 2Clubs 
P3 JClubs P0 KClubs P1 3Hearts P2 4Hearts 
P2 QDiamonds P3 2Hearts P0 6Diamonds P1 JSpades 
P3 QHearts P0 5Hearts P1 AHearts P2 6Hearts 
P1 QSpades P2 KHearts P3 JHearts P0 3Clubs 
-- /GAME --
P0 HAND: QDiamonds, AClubs, 7Clubs, 5Clubs, 3Clubs, QHearts, 4Hearts, ASpades, JSpades, QSpades.
P1 HAND: 7Diamonds, JDiamonds, 3Diamonds, JClubs, 6Clubs, 4Clubs, AHearts, 5Hearts, KSpades, 5Spades.
P2 HAND: ADiamonds, 5Diamonds, 4Diamonds, 2Diamonds, 7Hearts, KHearts, JHearts, 3Hearts, 4Spades, 2Spades.
P3 HAND: KDiamonds, 6Diamonds, KClubs, QClubs, 2Clubs, 6Hearts, 2Hearts, 7Spades, 6Spades, 3Spades.
P3 2Clubs P0 AClubs P1 4Clubs P2 7Hearts 
P0 ASpades P1 5Spades P2 4Spades P3 3Spades 
P0 7Clubs P1 6Clubs P2 KHearts P3 QClubs 
P0 QHearts P1 AHearts P2 3Hearts P3 6Hearts 
P1 5Hearts P2 JHearts P3 2Hearts P0 4Hearts 
P2 2Spades P3 6Spades P0 QSpades P1 KSpades 
P1 JClubs P2 2Diamonds P3 KClubs P0 3Clubs 
P2 4Diamonds P3 6Diamonds P0 QDiamonds P1 3Diamonds 
P0 5Clubs P1 JDiamonds P2 5Diamonds P3 7Spades 
P1 7Diamonds P2 ADiamonds P3 KDiamonds P0 JSpades 
-- /GAME --
P0 HAND: 7Diamonds, 7Clubs, JClubs, QClubs, 6Clubs, JHearts, 3Hearts, 6Spades, 4Spades, 2Spades.
P1 HAND: KDiamonds, 5Diamonds, 4Diamonds, 2Diamonds, 5Clubs, 4Clubs, 3Clubs, AHearts, 2Hearts, 5Spades.
P2 HAND: QDiamonds, 6Diamonds, 7Hearts, KHearts, 6Hearts, 5Hearts, 4Hearts, KSpades, QSpades, 3Spades.
P3 HAND: ADiamonds, JDiamonds, 3Diamonds, AClubs, KClubs, 2Clubs, QHearts, ASpades, 7Spades, JSpades.
P2 3Spades P3 ASpades P0 4Spades P1 5Spades 
P3 ADiamonds P0 7Diamonds P1 KDiamonds P2 6Diamonds 
P3 AClubs P0 6Clubs P1 5Clubs P2 4Hearts 
P2 QDiamonds P3 3Diamonds P0 JHearts P1 2Diamonds 
P0 7Clubs P1 3Clubs P2 KSpades P3 2Clubs 
P0 JClubs P1 4Clubs P2 QSpades P3 KClubs 
P3 JDiamonds P0 3Hearts P1 4Diamonds P2 5Hearts 
P2 6Hearts P3 QHearts P0 2Spades P1 2Hearts 
P3 JSpades P0 6Spades P1 5Diamonds P2 KHearts 
P2 7Hearts P3 7Spades P0 QClubs P1 AHearts 
-- /GAME --
P0 HAND: 6Diamonds, 5Diamonds, QClubs, 6Clubs, 4Clubs, JHearts, ASpades, 7Spades, QSpades, 5Spades.
P1 HAND: JDiamonds, 3Diamonds, 7Clubs, KClubs, JClubs, 3Clubs, 7Hearts, QHearts, 3Hearts, 2Spades.
P2 HAND: ADiamonds, 7Diamonds, KDiamonds, 4Diamonds, AClubs, 5Clubs, KHearts, 2Hearts, 6Spades, 3Spades.
P3 HAND: QDiamonds, 2Diamonds, 2Clubs, AHearts, 6Hearts, 5Hearts, 4Hearts, KSpades, JSpades, 4Spades.
P1 3Diamonds P2 ADiamonds P3 2Diamonds P0 5Diamonds 
P2 AClubs P3 2Clubs P0 QClubs P1 3Clubs 
P2 2Hearts P3 AHearts P0 JHearts P1 7Hearts 
P3 4Hearts P0 6Diamonds P1 3Hearts P2 KHearts 
P2 4Diamonds P3 QDiamonds P0 5Spades P1 JDiamonds 
P0 4Clubs P1 JClubs P2 5Clubs P3 6Hearts 
P1 QHearts P2 3Spades P3 5Hearts P0 6Clubs 
P2 6Spades P3 4Spades P0 ASpades P1 2Spades 
P0 7Spades P1 KClubs P2 7Diamonds P3 JSpades 
P0 QSpades P1 7Clubs P2 KDiamonds P3 KSpades 
-- /GAME --

