-- GAME --
P3 KClubs P0 2Clubs P1 AClubs 
P1 JSpades P2 QClubs P3 6Spades P0 4Hearts 
P2 JClubs P3 QSpades P0 5Clubs P1 KSpades 
P2 7Hearts P3 ASpades P0 7Clubs P1 7Spades 
-- /GAME --
P0 HAND: JDiamonds, QDiamonds, 4Diamonds, 3Diamonds, QClubs, 3Clubs, 2Hearts, KSpades, 6Spades, 5Spades.
P1 HAND: ADiamonds, KDiamonds, 6Diamonds, AClubs, 6Clubs, AHearts, JHearts, 3Hearts, 4Spades, 3Spades.
P2 HAND: 5Diamonds, 7Clubs, 5Clubs, 2Clubs, KHearts, 5Hearts, 7Spades, JSpades, QSpades, 2Spades.
P3 HAND: 7Diamonds, 2Diamonds, KClubs, JClubs, 4Clubs, 7Hearts, QHearts, 6Hearts, 4Hearts, ASpades.
P1 ADiamonds P2 5Diamonds P3 7Diamonds P0 3Diamonds 
P1 AClubs P2 2Clubs P3 KClubs P0 3Clubs 
P1 3Spades P2 2Spades P3 ASpades P0 5Spades 
P3 2Diamonds P0 4Diamonds P1 KDiamonds P2 5Clubs 
P1 4Spades P2 QSpades P3 4Clubs P0 KSpades 
P0 QClubs P1 6Clubs P2 7Clubs P3 JClubs 
P2 JSpades P3 4Hearts P0 6Spades P1 6Diamonds 
P3 6Hearts P0 2Hearts P1 3Hearts P2 5Hearts 
P3 QHearts P0 JDiamonds P1 JHearts P2 KHearts 
P2 7Spades P3 7Hearts P0 QDiamonds P1 AHearts 
-- /GAME --
P0 HAND: AClubs, KClubs, JClubs, 6Clubs, JHearts, QHearts, 2Hearts, KSpades, 5Spades, 4Spades.
P1 HAND: JDiamonds, QDiamonds, 5Diamonds, 4Diamonds, 2Diamonds, 7Clubs, QClubs, 3Hearts, ASpades, 6Spades.
P2 HAND: ADiamonds, 7Diamonds, 6Diamonds, 3Diamonds, 5Clubs, 7Hearts, KHearts, 4Hearts, 7Spades, 3Spades.
P3 HAND: KDiamonds, 4Clubs, 3Clubs, 2Clubs, AHearts, 6Hearts, 5Hearts, JSpades, QSpades, 2Spades.
P0 KClubs P1 QClubs P2 5Clubs P3 2Clubs 
P0 2Hearts P1 3Hearts P2 4Hearts P3 AHearts 
P3 2Spades P0 KSpades P1 ASpades P2 3Spades 
P1 6Spades P2 7Spades P3 QSpades P0 4Spades 
P2 3Diamonds P3 KDiamonds P0 5Spades P1 2Diamonds 
P3 3Clubs P0 JClubs P1 7Clubs P2 6Diamonds 
P2 7Diamonds P3 4Clubs P0 JHearts P1 4Diamonds 
P2 ADiamonds P3 5Hearts P0 AClubs P1 5Diamonds 
P2 KHearts P3 6Hearts P0 QHearts P1 QDiamonds 
P1 JDiamonds P2 7Hearts P3 JSpades P0 6Clubs 
-- /GAME --
P0 HAND: ADiamonds, 5Diamonds, 7Clubs, 5Clubs, JHearts, 4Hearts, KSpades, 6Spades, 5Spades, 3Spades.
P1 HAND: 6Diamonds, 2Diamonds, KClubs, 2Clubs, 3Hearts, ASpades, 7Spades, JSpades, QSpades, 4Spades.
P2 HAND: 7Diamonds, QDiamonds, 4Diamonds, 3Diamonds, JClubs, AHearts, QHearts, 5Hearts, 2Hearts, 2Spades.
P3 HAND: KDiamonds, JDiamonds, AClubs, QClubs, 6Clubs, 4Clubs, 3Clubs, 7Hearts, KHearts, 6Hearts.
P3 3Clubs P0 5Clubs P1 2Clubs P2 JClubs 
P2 AHearts P3 6Hearts P0 JHearts P1 3Hearts 
P2 2Hearts P3 KHearts P0 4Hearts P1 ASpades 
P3 4Clubs P0 7Clubs P1 KClubs P2 QHearts 
P0 6Spades P1 7Spades P2 2Spades P3 AClubs 
P1 4Spades P2 5Hearts P3 6Clubs P0 KSpades 
P0 3Spades P1 QSpades P2 3Diamonds P3 QClubs 
P2 4Diamonds P3 JDiamonds P0 5Diamonds P1 2Diamonds 
P3 KDiamonds P0 ADiamonds P1 6Diamonds P2 QDiamonds 
P0 5Spades P1 JSpades P2 7Diamonds 
