-- GAME --
P0 HAND: QDiamonds, 2Diamonds, 3Clubs, 2Clubs, AHearts, QHearts, 5Hearts, ASpades, 4Spades, 3Spades.
P1 HAND: JDiamonds, 6Diamonds, 5Diamonds, 4Diamonds, AClubs, KClubs, JClubs, 6Hearts, KSpades, 2Spades.
P2 HAND: KDiamonds, 3Diamonds, 7Clubs, QClubs, 6Clubs, 3Hearts, 2Hearts, JSpades, 6Spades, 5Spades.
P3 HAND: ADiamonds, 7Diamonds, 5Clubs, 4Clubs, 7Hearts, KHearts, JHearts, 4Hearts, 7Spades, QSpades.
P3 ADiamonds P0 2Diamonds P1 JDiamonds P2 3Diamonds 
P3 4Hearts P0 AHearts P1 6Hearts P2 3Hearts 
P0 ASpades P1 2Spades P2 JSpades P3 QSpades 
P0 3Spades P1 KSpades P2 5Spades P3 7Spades 
P3 JHearts P0 5Hearts P1 4Diamonds P2 2Hearts 
P3 4Clubs P0 2Clubs P1 JClubs P2 6Clubs 
P1 5Diamonds P2 KDiamonds P3 7Diamonds P0 QDiamonds 
P3 5Clubs P0 3Clubs P1 KClubs P2 QClubs 
P1 6Diamonds P2 6Spades P3 KHearts P0 QHearts 
P1 AClubs P2 7Clubs P3 7Hearts P0 4Spades 
-- /GAME --
P0 HAND: KDiamonds, 6Diamonds, 2Diamonds, JClubs, 6Clubs, AHearts, 7Hearts, QHearts, 3Hearts, 6Spades.
P1 HAND: 7Diamonds, 5Diamonds, AClubs, 7Clubs, 3Clubs, JHearts, 2Hearts, KSpades, QSpades, 2Spades.
P2 HAND: ADiamonds, QDiamonds, 5Clubs, 4Clubs, 6Hearts, 5Hearts, 7Spades, 5Spades, 4Spades, 3Spades.
P3 HAND: JDiamonds, 4Diamonds, 3Diamonds, KClubs, QClubs, 2Clubs, KHearts, 4Hearts, ASpades, JSpades.
P2 ADiamonds P3 3Diamonds P0 KDiamonds P1 5Diamonds 
P2 3Spades P3 ASpades P0 6Spades P1 KSpades 
P3 4Diamonds P0 6Diamonds P1 7Diamonds P2 QDiamonds 
P1 2Hearts P2 5Hearts P3 4Hearts P0 AHearts 
P0 7Hearts P1 JHearts P2 6Hearts P3 KHearts 
P0 2Diamonds P1 2Spades P2 4Spades P3 JDiamonds 
P3 JSpades P0 3Hearts P1 QSpades P2 7Spades 
P2 5Spades P3 2Clubs P0 6Clubs P1 3Clubs 
P0 QHearts P1 7Clubs P2 4Clubs P3 QClubs 
P1 AClubs P2 5Clubs P3 KClubs P0 JClubs 
-- /GAME --
P0 HAND: 6Diamonds, 5Diamonds, 7Clubs, QClubs, 5Clubs, 4Clubs, AHearts, QHearts, 6Spades, 4Spades.
P1 HAND: 4Diamonds, AClubs, JClubs, 3Clubs, 7Hearts, 6Hearts, 5Hearts, 4Hearts, JSpades, QSpades.
P2 HAND: ADiamonds, 3Diamonds, 2Clubs, KHearts, 2Hearts, ASpades, 7Spades, KSpades, 5Spades, 2Spades.
P3 HAND: 7Diamonds, KDiamonds, JDiamonds, QDiamonds, 2Diamonds, KClubs, 6Clubs, JHearts, 3Hearts, 3Spades.
P1 AClubs P2 2Clubs P3 KClubs 
