-- GAME --
P0 HAND: 5Diamonds, 3Diamonds, AClubs, 7Clubs, JHearts, 6Hearts, 2Hearts, JSpades, 6Spades, 3Spades.
P1 HAND: QDiamonds, KClubs, JClubs, 3Clubs, 7Hearts, QHearts, 4Hearts, ASpades, KSpades, 4Spades.
P2 HAND: ADiamonds, 6Diamonds, 4Diamonds, QClubs, 4Clubs, AHearts, KHearts, 7Spades, 5Spades, 2Spades.
P3 HAND: 7Diamonds, KDiamonds, JDiamonds, 2Diamonds, 6Clubs, 5Clubs, 2Clubs, 5Hearts, 3Hearts, QSpades.
P1 3Clubs P2 4Clubs P3 2Clubs P0 AClubs 
P0 7Clubs P1 JClubs P2 QClubs P3 5Clubs 
P0 3Diamonds P1 QDiamonds P2 ADiamonds P3 2Diamonds 
P2 AHearts P3 3Hearts P0 JHearts P1 4Hearts 
P2 4Diamonds P3 JDiamonds P0 5Diamonds P1 7Hearts 
P3 5Hearts P0 6Hearts P1 QHearts P2 KHearts 
P2 6Diamonds P3 KDiamonds P0 3Spades P1 4Spades 
P1 KSpades P2 2Spades P3 QSpades P0 6Spades 
P1 ASpades P2 5Spades P3 7Diamonds P0 JSpades 
P1 KClubs P2 7Spades P3 6Clubs P0 2Hearts 
-- /GAME --
P0 HAND: ADiamonds, QDiamonds, 4Diamonds, 3Diamonds, 2Diamonds, 5Clubs, 4Clubs, AHearts, 3Hearts, 5Spades.
P1 HAND: JDiamonds, AClubs, JClubs, QClubs, 6Clubs, KHearts, 6Hearts, ASpades, 6Spades, 3Spades.
P2 HAND: KDiamonds, 5Diamonds, 7Clubs, 3Clubs, 7Hearts, QHearts, 4Hearts, 2Hearts, 7Spades, JSpades.
P3 HAND: 7Diamonds, 6Diamonds, KClubs, 2Clubs, JHearts, 5Hearts, KSpades, QSpades, 4Spades, 2Spades.
P0 ADiamonds P1 JDiamonds P2 KDiamonds P3 6Diamonds 
P0 AHearts P1 6Hearts P2 7Hearts P3 5Hearts 
P0 5Spades P1 ASpades P2 JSpades P3 KSpades 
P1 3Spades P2 7Spades P3 2Spades P0 QDiamonds 
P2 2Hearts P3 JHearts P0 3Hearts P1 KHearts 
P1 6Spades P2 4Hearts P3 4Spades P0 2Diamonds 
P1 6Clubs P2 3Clubs P3 2Clubs P0 4Clubs 
P1 QClubs P2 7Clubs P3 KClubs P0 5Clubs 
P2 5Diamonds P3 7Diamonds P0 3Diamonds P1 JClubs 
P1 AClubs P2 QHearts P3 QSpades P0 4Diamonds 
-- /GAME --
P0 HAND: ADiamonds, 7Diamonds, KDiamonds, 3Clubs, 2Clubs, 3Hearts, 7Spades, KSpades, JSpades, 6Spades.
P1 HAND: JClubs, QClubs, 6Clubs, 5Clubs, 7Hearts, JHearts, QHearts, 5Hearts, 4Hearts, 2Spades.
P2 HAND: JDiamonds, 6Diamonds, 4Diamonds, 2Diamonds, 7Clubs, KClubs, 4Clubs, 2Hearts, ASpades, 5Spades.
P3 HAND: QDiamonds, 5Diamonds, 3Diamonds, AClubs, AHearts, KHearts, 6Hearts, QSpades, 4Spades, 3Spades.
P3 AClubs P0 2Clubs P1 JClubs P2 4Clubs 
P3 AHearts P0 3Hearts P1 7Hearts P2 2Hearts 
P3 3Spades P0 KSpades P1 2Spades P2 ASpades 
P2 5Spades P3 4Spades P0 6Spades P1 4Hearts 
P0 3Clubs P1 5Clubs P2 7Clubs P3 3Diamonds 
P3 6Hearts P0 7Spades P1 5Hearts P2 2Diamonds 
P2 4Diamonds P3 5Diamonds P0 KDiamonds P1 6Clubs 
P0 ADiamonds P1 QClubs P2 6Diamonds P3 QDiamonds 
P0 7Diamonds P1 QHearts P2 JDiamonds P3 QSpades 
P0 JSpades P1 JHearts P2 KClubs P3 KHearts 
-- /GAME --
P0 HAND: ADiamonds, KDiamonds, 5Diamonds, AClubs, QHearts, 4Hearts, 2Hearts, ASpades, JSpades, QSpades.
P1 HAND: JDiamonds, 2Diamonds, JClubs, AHearts, 7Hearts, JHearts, 6Hearts, 5Hearts, 7Spades, 2Spades.
P2 HAND: 4Diamonds, 3Diamonds, 7Clubs, KClubs, QClubs, 5Clubs, KHearts, 3Hearts, KSpades, 4Spades.
P3 HAND: 7Diamonds, QDiamonds, 6Diamonds, 6Clubs, 4Clubs, 3Clubs, 2Clubs, 6Spades, 5Spades, 3Spades.
P2 3Diamonds P3 6Diamonds P0 ADiamonds P1 2Diamonds 
P0 AClubs P1 JClubs P2 7Clubs P3 2Clubs 
P0 4Hearts P1 AHearts P2 3Hearts P3 7Diamonds 
P1 5Hearts P2 KHearts P3 3Clubs P0 2Hearts 
P2 4Diamonds P3 QDiamonds P0 KDiamonds P1 JDiamonds 
P0 QHearts P1 6Hearts P2 5Clubs P3 4Clubs 
P0 5Diamonds P1 2Spades P2 QClubs P3 6Clubs 
P1 JHearts P2 4Spades P3 3Spades P0 QSpades 
P0 ASpades P1 7Spades P2 KSpades P3 5Spades 
P0 JSpades P1 7Hearts P2 KClubs P3 6Spades 
-- /GAME --

