-- GAME --
P0 HAND: 2Diamonds, KClubs, 6Clubs, 4Clubs, 3Clubs, 2Clubs, 6Hearts, 5Hearts, 7Spades, JSpades.
P1 HAND: QDiamonds, 3Diamonds, AClubs, AHearts, 3Hearts, 2Hearts, KSpades, QSpades, 4Spades, 3Spades.
P2 HAND: 7Diamonds, KDiamonds, JDiamonds, 4Diamonds, 5Clubs, 7Hearts, JHearts, QHearts, 4Hearts, 5Spades.
P3 HAND: ADiamonds, 6Diamonds, 5Diamonds, 7Clubs, JClubs, QClubs, KHearts, ASpades, 6Spades, 2Spades.
P0 2Diamonds P1 3Diamonds P2 4Diamonds P3 ADiamonds 
P3 ASpades P0 JSpades P1 KSpades P2 5Spades 
P3 2Spades P0 7Spades P1 3Spades P2 7Diamonds 
P0 5Hearts P1 AHearts P2 4Hearts P3 KHearts 
P1 2Hearts P2 QHearts P3 5Diamonds P0 6Hearts 
P2 JDiamonds P3 6Diamonds P0 KClubs P1 QDiamonds 
P0 2Clubs P1 AClubs P2 5Clubs P3 QClubs 
P1 3Hearts P2 JHearts P3 6Spades P0 6Clubs 
P0 3Clubs P1 4Spades P2 KDiamonds P3 JClubs 
P3 7Clubs P0 4Clubs P1 QSpades P2 7Hearts 
-- /GAME --
P0 HAND: KDiamonds, QDiamonds, 6Diamonds, AClubs, JClubs, 3Clubs, JSpades, QSpades, 5Spades, 3Spades.
P1 HAND: 7Diamonds, 5Diamonds, 3Diamonds, 6Clubs, 5Clubs, 4Clubs, 7Hearts, KHearts, 3Hearts, 4Spades.
P2 HAND: 4Diamonds, 2Diamonds, KClubs, 2Clubs, AHearts, 5Hearts, 2Hearts, 7Spades, 6Spades, 2Spades.
P3 HAND: ADiamonds, JDiamonds, 7Clubs, QClubs, JHearts, QHearts, 6Hearts, 4Hearts, ASpades, KSpades.
P3 ADiamonds P0 6Diamonds P1 7Diamonds P2 2Diamonds 
P3 ASpades P0 3Spades P1 4Spades P2 2Spades 
P3 QClubs P0 AClubs P1 4Clubs P2 KClubs 
P0 5Spades P1 3Diamonds P2 7Spades P3 KSpades 
P2 2Clubs P3 7Clubs P0 3Clubs P1 6Clubs 
P3 JDiamonds P0 KDiamonds P1 5Diamonds P2 4Diamonds 
P0 JSpades P1 5Clubs P2 6Spades P3 4Hearts 
P3 6Hearts P0 JClubs P1 3Hearts P2 2Hearts 
P3 QHearts P0 QSpades P1 KHearts P2 AHearts 
P2 5Hearts P3 JHearts P0 QDiamonds P1 7Hearts 
-- /GAME --
P0 HAND: ADiamonds, 5Diamonds, 4Clubs, 2Clubs, AHearts, 6Hearts, 5Hearts, ASpades, 6Spades, 5Spades.
P1 HAND: 2Diamonds, QClubs, 6Clubs, 3Clubs, 7Hearts, JHearts, 4Hearts, KSpades, JSpades, 4Spades.
P2 HAND: 7Diamonds, QDiamonds, 6Diamonds, 4Diamonds, KClubs, KHearts, QHearts, 3Hearts, 2Hearts, QSpades.
P3 HAND: KDiamonds, JDiamonds, 3Diamonds, AClubs, 7Clubs, JClubs, 5Clubs, 7Spades, 3Spades, 2Spades.
P2 4Diamonds P3 3Diamonds P0 ADiamonds 
