-- GAME --
P0 HAND: JDiamonds, 2Diamonds, 7Clubs, JClubs, 3Clubs, QHearts, 6Hearts, 2Hearts, KSpades, 3Spades.
P1 HAND: QDiamonds, 6Diamonds, 3Diamonds, 5Clubs, KHearts, 5Hearts, ASpades, JSpades, 6Spades, 5Spades.
P2 HAND: KDiamonds, 5Diamonds, 4Clubs, AHearts, 7Hearts, 3Hearts, 7Spades, QSpades, 4Spades, 2Spades.
P3 HAND: ADiamonds, 7Diamonds, 4Diamonds, AClubs, KClubs, QClubs, 6Clubs, 2Clubs, JHearts, 4Hearts.
P1 ASpades P2 2Spades P3 AClubs P0 3Spades 
P1 5Clubs P2 4Clubs P3 2Clubs P0 7Clubs 
P0 2Hearts P1 5Hearts P2 AHearts P3 4Hearts 
P2 3Hearts P3 JHearts P0 6Hearts P1 KHearts 
P1 5Spades P2 4Spades P3 6Clubs P0 KSpades 
P0 3Clubs P1 6Spades P2 QSpades P3 KClubs 
P3 QClubs P0 JClubs P1 3Diamonds P2 5Diamonds 
P2 KDiamonds P3 4Diamonds P0 2Diamonds P1 6Diamonds 
P2 7Hearts P3 7Diamonds P0 QHearts P1 JSpades 
P3 ADiamonds P0 JDiamonds P1 QDiamonds P2 7Spades 
-- /GAME --
P0 HAND: 7Diamonds, KDiamonds, JDiamonds, 6Diamonds, 7Clubs, AHearts, ASpades, KSpades, JSpades, 4Spades.
P1 HAND: 4Diamonds, KClubs, QClubs, 3Clubs, JHearts, QHearts, 6Hearts, 3Hearts, 2Hearts, 7Spades.
P2 HAND: ADiamonds, QDiamonds, 5Diamonds, 2Diamonds, 2Clubs, 7Hearts, 5Hearts, 6Spades, 3Spades, 2Spades.
P3 HAND: 3Diamonds, AClubs, JClubs, 6Clubs, 5Clubs, 4Clubs, KHearts, 4Hearts, QSpades, 5Spades.
P0 ASpades P1 7Spades P2 6Spades P3 5Spades 
P0 AHearts P1 2Hearts P2 7Hearts P3 4Hearts 
P0 4Spades P1 3Clubs P2 2Spades P3 QSpades 
P3 4Clubs P0 7Clubs P1 QClubs P2 2Clubs 
P0 JSpades P1 3Hearts P2 3Spades P3 5Clubs 
P0 6Diamonds P1 4Diamonds P2 2Diamonds P3 3Diamonds 
P0 JDiamonds P1 6Hearts P2 5Diamonds P3 6Clubs 
P0 KSpades P1 QHearts P2 QDiamonds P3 JClubs 
P2 5Hearts P3 KHearts P0 KDiamonds P1 JHearts 
P0 7Diamonds P1 KClubs P2 ADiamonds P3 AClubs 
-- /GAME --
P0 HAND: 7Diamonds, 4Diamonds, 2Diamonds, 7Clubs, 6Clubs, 5Clubs, AHearts, KHearts, 2Hearts, QSpades.
P1 HAND: QDiamonds, 3Diamonds, QClubs, 4Clubs, 2Clubs, 7Hearts, 6Hearts, 3Hearts, 5Spades, 3Spades.
P2 HAND: ADiamonds, JDiamonds, KClubs, JHearts, 5Hearts, ASpades, 7Spades, KSpades, JSpades, 4Spades.
P3 HAND: KDiamonds, 6Diamonds, 5Diamonds, AClubs, JClubs, 3Clubs, QHearts, 4Hearts, 6Spades, 2Spades.
P3 AClubs P0 5Clubs P1 QClubs P2 KClubs 
P3 3Clubs P0 6Clubs P1 2Clubs P2 ADiamonds 
P0 AHearts P1 3Hearts P2 JHearts P3 4Hearts 
P0 2Diamonds P1 3Diamonds P2 JDiamonds P3 KDiamonds 
P3 5Diamonds P0 4Diamonds P1 QDiamonds P2 5Hearts 
P1 4Clubs P2 4Spades P3 JClubs P0 7Clubs 
P2 JSpades P3 2Spades P0 QSpades P1 3Spades 
P2 KSpades P3 6Spades P0 7Diamonds P1 5Spades 
P2 7Spades P3 6Diamonds P0 KHearts P1 6Hearts 
P2 ASpades P3 QHearts P0 2Hearts P1 7Hearts 
-- /GAME --

