-- GAME --
P0 HAND: ADiamonds, JDiamonds, QDiamonds, 3Diamonds, KClubs, AHearts, ASpades, 7Spades, QSpades, 2Spades.
P1 HAND: 7Clubs, 6Clubs, 5Clubs, 2Clubs, KHearts, 5Hearts, 3Hearts, JSpades, 6Spades, 5Spades.
P2 HAND: KDiamonds, 6Diamonds, 5Diamonds, 4Diamonds, 2Diamonds, QClubs, 4Hearts, KSpades, 4Spades, 3Spades.
P3 HAND: 7Diamonds, AClubs, JClubs, 4Clubs, 3Clubs, 7Hearts, JHearts, QHearts, 6Hearts, 2Hearts.
P3 AClubs P0 KClubs P1 7Clubs P2 QClubs 
P3 2Hearts P0 AHearts P1 3Hearts P2 4Hearts 
P0 JDiamonds P1 2Clubs P2 2Diamonds P3 7Diamonds 
P3 3Clubs P0 3Diamonds P1 5Clubs P2 KSpades 
P0 QDiamonds P1 5Hearts P2 4Diamonds P3 4Clubs 
P0 ASpades P1 5Spades P2 4Spades P3 6Hearts 
P0 7Spades P1 6Spades P2 3Spades P3 QHearts 
P0 QSpades P1 JSpades P2 5Diamonds P3 JClubs 
P2 6Diamonds P3 JHearts P0 ADiamonds P1 6Clubs 
P0 2Spades P1 KHearts P2 KDiamonds P3 7Hearts 
-- /GAME --
P0 HAND: ADiamonds, JDiamonds, 5Diamonds, 4Diamonds, 5Clubs, 7Hearts, KHearts, 7Spades, 6Spades, 2Spades.
P1 HAND: QDiamonds, 3Diamonds, QClubs, 6Clubs, 4Clubs, JHearts, 6Hearts, 5Hearts, 5Spades, 3Spades.
P2 HAND: 6Diamonds, AClubs, KClubs, JClubs, AHearts, 4Hearts, 2Hearts, JSpades, QSpades, 4Spades.
P3 HAND: 7Diamonds, KDiamonds, 2Diamonds, 7Clubs, 3Clubs, 2Clubs, QHearts, 3Hearts, ASpades, KSpades.
P2 AClubs P3 2Clubs P0 5Clubs P1 4Clubs 
P2 4Spades P3 ASpades P0 2Spades P1 5Spades 
P3 2Diamonds P0 ADiamonds P1 3Diamonds P2 6Diamonds 
P0 4Diamonds P1 QDiamonds P2 QSpades P3 7Diamonds 
P3 3Clubs P0 JDiamonds P1 6Clubs P2 KClubs 
P2 JClubs P3 7Clubs P0 7Hearts P1 QClubs 
P0 KHearts P1 5Hearts P2 2Hearts P3 3Hearts 
P0 5Diamonds P1 3Spades P2 4Hearts P3 KDiamonds 
P2 JSpades P3 KSpades P0 7Spades P1 6Hearts 
P1 JHearts P2 AHearts P3 QHearts P0 6Spades 
-- /GAME --
P0 HAND: JDiamonds, QDiamonds, 5Diamonds, 3Diamonds, AClubs, 5Clubs, 2Clubs, JHearts, 2Hearts, 4Spades.
P1 HAND: 7Diamonds, KClubs, JClubs, 6Clubs, 3Clubs, AHearts, 3Hearts, ASpades, 5Spades, 3Spades.
P2 HAND: ADiamonds, KDiamonds, 6Diamonds, 7Clubs, QClubs, 4Clubs, 6Hearts, 5Hearts, 7Spades, KSpades.
P3 HAND: 4Diamonds, 2Diamonds, 7Hearts, KHearts, QHearts, 4Hearts, JSpades, QSpades, 6Spades, 2Spades.
P1 AHearts P2 5Hearts P3 7Hearts P0 2Hearts 
P1 ASpades P2 KSpades P3 JSpades P0 4Spades 
P1 3Hearts P2 6Hearts P3 4Hearts P0 JHearts 
P0 2Clubs P1 3Clubs P2 4Clubs P3 2Diamonds 
P2 ADiamonds P3 4Diamonds P0 JDiamonds P1 7Diamonds 
P2 6Diamonds P3 2Spades P0 3Diamonds P1 3Spades 
P2 QClubs P3 6Spades P0 AClubs P1 6Clubs 
P0 5Diamonds P1 5Spades P2 KDiamonds P3 QHearts 
P2 7Clubs P3 QSpades P0 5Clubs P1 JClubs 
P2 7Spades P3 KHearts P0 QDiamonds P1 KClubs 
-- /GAME --
P0 HAND: KDiamonds, JDiamonds, AClubs, 3Clubs, JHearts, QHearts, 3Hearts, QSpades, 6Spades, 4Spades.
P1 HAND: 7Diamonds, 6Diamonds, 5Diamonds, 7Clubs, JClubs, QClubs, 6Clubs, KHearts, 7Spades, 3Spades.
P2 HAND: ADiamonds, 3Diamonds, 2Diamonds, 2Clubs, 5Hearts, 4Hearts, ASpades, KSpades, 5Spades, 2Spades.
P3 HAND: QDiamonds, 4Diamonds, KClubs, 5Clubs, 4Clubs, AHearts, 7Hearts, 6Hearts, 2Hearts, JSpades.
P0 6Spades P1 3Spades P2 ASpades P3 JSpades 
P2 ADiamonds P3 4Diamonds P0 KDiamonds P1 5Diamonds 
P2 2Diamonds P3 QDiamonds P0 JDiamonds P1 7Diamonds 
P1 6Diamonds P2 3Diamonds P3 2Hearts P0 4Spades 
P1 6Clubs P2 2Clubs P3 4Clubs P0 3Clubs 
P1 QClubs P2 2Spades P3 5Clubs P0 AClubs 
P0 QSpades P1 7Spades P2 5Spades P3 AHearts 
P1 JClubs P2 4Hearts P3 KClubs P0 3Hearts 
P3 6Hearts P0 JHearts P1 KHearts P2 5Hearts 
P1 7Clubs P2 KSpades P3 7Hearts P0 QHearts 
-- /GAME --
P0 HAND: ADiamonds, AClubs, 6Clubs, 6Hearts, 2Hearts, ASpades, KSpades, 6Spades, 5Spades, 3Spades.
P1 HAND: 7Diamonds, KDiamonds, 5Diamonds, KClubs, JClubs, QClubs, 3Clubs, QHearts, 4Hearts, JSpades.
P2 HAND: JDiamonds, 3Diamonds, 2Diamonds, 5Clubs, 4Clubs, JHearts, 5Hearts, 3Hearts, QSpades, 4Spades.
P3 HAND: QDiamonds, 6Diamonds, 4Diamonds, 7Clubs, 2Clubs, AHearts, 7Hearts, KHearts, 7Spades, 2Spades.
P3 AHearts P0 2Hearts P1 QHearts P2 3Hearts 
P3 2Clubs P0 6Clubs P1 3Clubs P2 5Clubs 
P0 KSpades P1 JSpades P2 4Spades P3 7Spades 
P3 4Diamonds P0 ADiamonds P1 5Diamonds P2 JDiamonds 
P0 3Spades P1 4Hearts P2 QSpades P3 2Spades 
P2 2Diamonds P3 6Diamonds P0 6Hearts P1 7Diamonds 
P1 QClubs P2 4Clubs P3 7Clubs P0 AClubs 
P0 ASpades P1 JClubs P2 JHearts P3 QDiamonds 
P0 6Spades P1 KDiamonds P2 3Diamonds P3 KHearts 
P0 5Spades P1 KClubs P2 5Hearts P3 7Hearts 
-- /GAME --
P0 HAND: QDiamonds, 5Diamonds, AClubs, 2Clubs, 7Hearts, QHearts, 6Hearts, 4Hearts, KSpades, 2Spades.
P1 HAND: 7Diamonds, JDiamonds, 3Diamonds, 2Diamonds, 7Clubs, KClubs, QClubs, 4Clubs, KHearts, QSpades.
P2 HAND: KDiamonds, 6Diamonds, 4Diamonds, 5Clubs, AHearts, JHearts, 5Hearts, JSpades, 5Spades, 3Spades.
P3 HAND: ADiamonds, JClubs, 6Clubs, 3Clubs, 3Hearts, 2Hearts, ASpades, 7Spades, 6Spades, 4Spades.
P0 2Clubs P1 4Clubs P2 5Clubs P3 JClubs 
P3 ADiamonds P0 5Diamonds P1 7Diamonds P2 4Diamonds 
P3 2Hearts P0 QHearts P1 KHearts P2 AHearts 
P2 5Hearts P3 3Hearts P0 7Hearts P1 QSpades 
P1 2Diamonds P2 6Diamonds P3 3Clubs P0 QDiamonds 
P0 KSpades P1 3Diamonds P2 3Spades P3 4Spades 
P0 2Spades P1 QClubs P2 5Spades P3 6Spades 
P3 6Clubs P0 AClubs P1 KClubs P2 KDiamonds 
P0 6Hearts P1 JDiamonds P2 JHearts P3 7Spades 
P3 ASpades P0 4Hearts P1 7Clubs P2 JSpades 
-- /GAME --
P0 HAND: 4Diamonds, JClubs, QClubs, 3Clubs, AHearts, KHearts, 5Hearts, 4Hearts, 3Hearts, ASpades.
P1 HAND: KDiamonds, JDiamonds, 3Diamonds, 2Diamonds, 4Clubs, 2Clubs, 2Hearts, KSpades, QSpades, 2Spades.
P2 HAND: ADiamonds, 6Diamonds, 5Diamonds, AClubs, 7Clubs, 5Clubs, 6Hearts, 7Spades, 6Spades, 5Spades.
P3 HAND: 7Diamonds, QDiamonds, KClubs, 6Clubs, 7Hearts, JHearts, QHearts, JSpades, 4Spades, 3Spades.
P3 3Spades P0 ASpades P1 2Spades P2 7Spades 
P0 4Diamonds P1 2Diamonds P2 ADiamonds P3 QDiamonds 
P2 5Diamonds P3 7Diamonds P0 JClubs P1 3Diamonds 
P0 QClubs P1 2Clubs P2 5Clubs P3 6Clubs 
P0 AHearts P1 2Hearts P2 6Hearts P3 QHearts 
P0 5Hearts P1 QSpades P2 5Spades P3 7Hearts 
P3 4Spades P0 4Hearts P1 KSpades P2 6Spades 
P1 JDiamonds P2 6Diamonds P3 KClubs P0 3Hearts 
P3 JHearts P0 KHearts P1 4Clubs P2 7Clubs 
P2 AClubs P3 JSpades P0 3Clubs P1 KDiamonds 
-- /GAME --
P0 HAND: ADiamonds, 2Diamonds, AClubs, QClubs, 7Hearts, 6Hearts, 3Hearts, 7Spades, QSpades, 5Spades.
P1 HAND: JDiamonds, 6Diamonds, 5Diamonds, 4Diamonds, JClubs, AHearts, 5Hearts, 4Hearts, 2Hearts, KSpades.
P2 HAND: 7Diamonds, KDiamonds, QDiamonds, KClubs, 5Clubs, 3Clubs, JHearts, ASpades, JSpades, 2Spades.
P3 HAND: 3Diamonds, 7Clubs, 6Clubs, 4Clubs, 2Clubs, KHearts, QHearts, 6Spades, 4Spades, 3Spades.
P2 ASpades P3 3Spades P0 7Spades P1 KSpades 
P2 2Spades P3 4Spades P0 QSpades P1 4Diamonds 
P0 3Hearts P1 2Hearts P2 JHearts P3 QHearts 
P2 3Clubs P3 2Clubs P0 AClubs P1 JClubs 
P0 6Hearts P1 4Hearts P2 5Clubs P3 KHearts 
P3 3Diamonds P0 ADiamonds P1 5Diamonds P2 7Diamonds 
P0 5Spades P1 6Diamonds P2 JSpades P3 6Spades 
P2 QDiamonds P3 4Clubs P0 2Diamonds P1 JDiamonds 
P1 5Hearts P2 KDiamonds P3 6Clubs P0 7Hearts 
P0 QClubs P1 AHearts P2 KClubs P3 7Clubs 
-- /GAME --
P0 HAND: KDiamonds, QDiamonds, 2Diamonds, 4Clubs, 2Clubs, 5Hearts, 4Hearts, ASpades, QSpades, 4Spades.
P1 HAND: ADiamonds, JDiamonds, 6Diamonds, 3Diamonds, 3Clubs, 7Hearts, 2Hearts, 7Spades, JSpades, 3Spades.
P2 HAND: 7Diamonds, 5Diamonds, JClubs, QClubs, AHearts, KHearts, JHearts, QHearts, KSpades, 5Spades.
P3 HAND: 4Diamonds, AClubs, 7Clubs, KClubs, 6Clubs, 5Clubs, 6Hearts, 3Hearts, 6Spades, 2Spades.
P1 ADiamonds P2 5Diamonds P3 4Diamonds P0 2Diamonds 
P1 3Diamonds P2 7Diamonds P3 3Hearts P0 QDiamonds 
P3 2Spades P0 QSpades P1 3Spades P2 KSpades 
P2 5Spades P3 6Spades P0 ASpades P1 JSpades 
P0 4Spades P1 7Spades P2 QHearts P3 5Clubs 
P2 QClubs P3 AClubs P0 2Clubs P1 3Clubs 
P3 6Clubs P0 4Clubs P1 6Diamonds P2 JClubs 
P2 JHearts P3 6Hearts P0 4Hearts P1 2Hearts 
P2 KHearts P3 KClubs P0 5Hearts P1 7Hearts 
P1 JDiamonds P2 AHearts P3 7Clubs P0 KDiamonds 
-- /GAME --
P0 HAND: QDiamonds, 4Diamonds, JClubs, 6Clubs, AHearts, 7Hearts, QHearts, ASpades, KSpades, 5Spades.
P1 HAND: ADiamonds, 5Diamonds, 2Diamonds, 5Clubs, 2Clubs, 6Hearts, 5Hearts, 6Spades, 4Spades, 3Spades.
P2 HAND: 6Diamonds, AClubs, 4Clubs, JHearts, 4Hearts, 3Hearts, 7Spades, JSpades, QSpades, 2Spades.
P3 HAND: 7Diamonds, KDiamonds, JDiamonds, 3Diamonds, 7Clubs, KClubs, QClubs, 3Clubs, KHearts, 2Hearts.
P0 AHearts P1 5Hearts P2 JHearts P3 2Hearts 
P0 ASpades P1 3Spades P2 7Spades P3 3Diamonds 
P3 3Clubs P0 JClubs P1 2Clubs P2 AClubs 
P2 2Spades P3 QClubs P0 KSpades P1 4Spades 
P0 6Clubs P1 5Clubs P2 4Clubs P3 7Clubs 
P3 JDiamonds P0 4Diamonds P1 2Diamonds P2 6Diamonds 
P3 KDiamonds P0 QDiamonds P1 5Diamonds P2 3Hearts 
P3 7Diamonds P0 5Spades P1 ADiamonds P2 4Hearts 
P1 6Hearts P2 QSpades P3 KHearts P0 7Hearts 
P0 QHearts P1 6Spades P2 JSpades P3 KClubs 
-- /GAME --
P0 HAND: 7Diamonds, KDiamonds, 4Diamonds, 3Diamonds, JClubs, 5Clubs, 7Hearts, 6Hearts, 3Hearts, 2Hearts.
P1 HAND: ADiamonds, 6Diamonds, 5Diamonds, KClubs, 4Clubs, 5Hearts, 7Spades, JSpades, 6Spades, 5Spades.
P2 HAND: QDiamonds, QClubs, 3Clubs, AHearts, JHearts, QHearts, 4Hearts, KSpades, 3Spades, 2Spades.
P3 HAND: JDiamonds, 2Diamonds, AClubs, 7Clubs, 6Clubs, 2Clubs, KHearts, ASpades, QSpades, 4Spades.
P3 AClubs P0 5Clubs P1 KClubs P2 3Clubs 
P3 ASpades P0 2Hearts P1 5Spades P2 KSpades 
P0 JClubs P1 4Clubs P2 QClubs P3 7Clubs 
P3 2Diamonds P0 KDiamonds P1 ADiamonds P2 QDiamonds 
P1 5Diamonds P2 2Spades P3 JDiamonds P0 7Diamonds 
P0 3Diamonds P1 6Diamonds P2 3Spades P3 QSpades 
P1 6Spades P2 4Hearts P3 4Spades P0 4Diamonds 
P2 QHearts P3 KHearts P0 3Hearts P1 5Hearts 
P3 2Clubs P0 7Hearts P1 JSpades P2 JHearts 
P0 6Hearts P1 7Spades P2 AHearts P3 6Clubs 
-- /GAME --
P0 HAND: JDiamonds, 3Diamonds, 2Diamonds, QClubs, 6Clubs, 5Clubs, AHearts, 2Hearts, ASpades, KSpades.
P1 HAND: KDiamonds, QDiamonds, 6Diamonds, 4Diamonds, 3Clubs, 2Clubs, JHearts, 6Hearts, 3Hearts, 7Spades.
P2 HAND: ADiamonds, 5Diamonds, AClubs, 7Clubs, 4Clubs, KHearts, QSpades, 6Spades, 5Spades, 2Spades.
P3 HAND: 7Diamonds, KClubs, JClubs, 7Hearts, QHearts, 5Hearts, 4Hearts, JSpades, 4Spades, 3Spades.
P2 AClubs P3 JClubs P0 QClubs P1 2Clubs 
P2 2Spades P3 3Spades P0 KSpades P1 7Spades 
P1 3Clubs P2 4Clubs P3 KClubs P0 5Clubs 
P3 4Hearts P0 AHearts P1 3Hearts P2 KHearts 
P0 JDiamonds P1 4Diamonds P2 5Diamonds P3 7Diamonds 
P3 4Spades P0 ASpades P1 6Diamonds P2 5Spades 
P1 6Hearts P2 6Spades P3 7Hearts P0 2Hearts 
P3 5Hearts P0 6Clubs P1 JHearts P2 QSpades 
P1 QDiamonds P2 ADiamonds P3 QHearts P0 2Diamonds 
P2 7Clubs P3 JSpades P0 3Diamonds P1 KDiamonds 
-- /GAME --
P0 HAND: ADiamonds, QDiamonds, 5Diamonds, QClubs, 4Clubs, 7Hearts, 6Hearts, 5Hearts, 2Hearts, KSpades.
P1 HAND: KDiamonds, 4Diamonds, 3Diamonds, 2Diamonds, AClubs, 2Clubs, 4Hearts, ASpades, 4Spades, 3Spades.
P2 HAND: 7Diamonds, KClubs, AHearts, KHearts, JHearts, QHearts, 3Hearts, 7Spades, QSpades, 5Spades.
P3 HAND: JDiamonds, 6Diamonds, 7Clubs, JClubs, 6Clubs, 5Clubs, 3Clubs, JSpades, 6Spades, 2Spades.
P1 AClubs P2 KClubs P3 7Clubs P0 4Clubs 
P1 ASpades P2 5Spades P3 JSpades P0 KSpades 
P1 2Clubs P2 3Hearts P3 3Clubs P0 QClubs 
P0 QDiamonds P1 2Diamonds P2 7Diamonds P3 6Diamonds 
P2 QHearts P3 2Spades P0 2Hearts P1 4Hearts 
P2 QSpades P3 6Spades P0 5Hearts P1 3Spades 
P2 JHearts P3 5Clubs P0 7Hearts P1 3Diamonds 
P1 4Spades P2 7Spades P3 JDiamonds P0 6Hearts 
P3 6Clubs P0 5Diamonds P1 4Diamonds P2 AHearts 
P0 ADiamonds P1 KDiamonds P2 KHearts P3 JClubs 
-- /GAME --
P0 HAND: 5Diamonds, 3Diamonds, 2Diamonds, 2Clubs, AHearts, 5Hearts, 4Hearts, 3Hearts, ASpades, JSpades.
P1 HAND: ADiamonds, KDiamonds, JDiamonds, 7Clubs, 4Clubs, 7Hearts, KHearts, QHearts, KSpades, 6Spades.
P2 HAND: 7Diamonds, 6Diamonds, 4Diamonds, JClubs, 6Clubs, 7Spades, QSpades, 5Spades, 3Spades, 2Spades.
P3 HAND: QDiamonds, AClubs, KClubs, QClubs, 5Clubs, 3Clubs, JHearts, 6Hearts, 2Hearts, 4Spades.
P0 2Clubs P1 4Clubs P2 6Clubs P3 3Clubs 
P2 2Spades P3 4Spades P0 JSpades P1 KSpades 
P1 ADiamonds P2 4Diamonds P3 QDiamonds P0 2Diamonds 
P1 6Spades P2 3Spades P3 2Hearts P0 ASpades 
P0 AHearts P1 QHearts P2 7Diamonds P3 6Hearts 
P0 5Hearts P1 KHearts P2 5Spades P3 JHearts 
P1 JDiamonds P2 6Diamonds P3 5Clubs P0 3Diamonds 
P3 QClubs P0 5Diamonds P1 7Clubs P2 JClubs 
P1 KDiamonds P2 QSpades P3 KClubs P0 3Hearts 
P3 AClubs P0 4Hearts P1 7Hearts P2 7Spades 
-- /GAME --
P0 HAND: 4Diamonds, AClubs, 7Clubs, AHearts, KHearts, 5Hearts, 4Hearts, 7Spades, 6Spades, 4Spades.
P1 HAND: ADiamonds, KDiamonds, 2Diamonds, JClubs, QClubs, 6Clubs, 3Clubs, 2Hearts, JSpades, 3Spades.
P2 HAND: QDiamonds, 3Diamonds, 5Clubs, 4Clubs, JHearts, QHearts, 6Hearts, 3Hearts, ASpades, QSpades.
P3 HAND: 7Diamonds, JDiamonds, 6Diamonds, 5Diamonds, KClubs, 2Clubs, 7Hearts, KSpades, 5Spades, 2Spades.
P1 ADiamonds P2 3Diamonds P3 7Diamonds P0 4Diamonds 
P1 2Diamonds P2 QDiamonds P3 5Diamonds P0 5Hearts 
P2 3Hearts P3 7Hearts P0 AHearts P1 2Hearts 
P0 4Spades P1 3Spades P2 QSpades P3 2Spades 
P2 4Clubs P3 2Clubs P0 AClubs P1 3Clubs 
P0 6Spades P1 JSpades P2 ASpades P3 5Spades 
P2 5Clubs P3 KClubs P0 7Clubs P1 6Clubs 
P0 7Spades P1 QClubs P2 6Hearts P3 KSpades 
P0 KHearts P1 JClubs P2 QHearts P3 6Diamonds 
P0 4Hearts P1 KDiamonds P2 JHearts P3 JDiamonds 
-- /GAME --
P0 HAND: ADiamonds, 6Diamonds, 3Diamonds, 2Diamonds, 7Clubs, 4Clubs, AHearts, 5Hearts, QSpades, 2Spades.
P1 HAND: JDiamonds, QClubs, 5Clubs, 3Clubs, 7Hearts, 3Hearts, ASpades, 7Spades, 6Spades, 3Spades.
P2 HAND: 7Diamonds, QDiamonds, 4Diamonds, AClubs, 6Clubs, 2Clubs, QHearts, 6Hearts, 4Hearts, KSpades.
P3 HAND: KDiamonds, 5Diamonds, KClubs, JClubs, KHearts, JHearts, 2Hearts, JSpades, 5Spades, 4Spades.
P0 ADiamonds P1 JDiamonds P2 4Diamonds P3 5Diamonds 
P0 2Diamonds P1 3Clubs P2 QDiamonds P3 KDiamonds 
P3 2Hearts P0 5Hearts P1 3Hearts P2 QHearts 
P2 AClubs P3 JClubs P0 4Clubs P1 5Clubs 
P2 2Clubs P3 KClubs P0 7Clubs P1 QClubs 
P0 3Diamonds P1 3Spades P2 7Diamonds P3 4Spades 
P2 4Hearts P3 JHearts P0 AHearts P1 7Hearts 
P0 2Spades P1 ASpades P2 KSpades P3 JSpades 
P1 6Spades P2 6Clubs P3 5Spades P0 QSpades 
P0 6Diamonds P1 7Spades P2 6Hearts P3 KHearts 
-- /GAME --
P0 HAND: QDiamonds, 4Diamonds, AClubs, QClubs, 5Clubs, 4Clubs, 2Clubs, 3Hearts, KSpades, 6Spades.
P1 HAND: 6Diamonds, 3Diamonds, 7Clubs, KClubs, 6Clubs, 7Hearts, KHearts, 6Hearts, ASpades, 7Spades.
P2 HAND: ADiamonds, 7Diamonds, KDiamonds, JDiamonds, JClubs, QHearts, 5Hearts, 2Hearts, QSpades, 3Spades.
P3 HAND: 5Diamonds, 2Diamonds, 3Clubs, AHearts, JHearts, 4Hearts, JSpades, 5Spades, 4Spades, 2Spades.

