-- GAME --
P0 QClubs P1 JClubs 
P3 JDiamonds P0 7Spades P1 6Clubs P2 QDiamonds 
P0 4Spades P1 5Spades P2 2Spades P3 ASpades 
P3 KClubs P0 KSpades P1 QSpades P2 QHearts 
P0 3Spades P1 JSpades P2 6Spades P3 7Diamonds 
-- /GAME --
P0 HAND: 7Diamonds, 7Clubs, KClubs, 6Clubs, 5Clubs, 4Clubs, 2Clubs, KHearts, 5Hearts, KSpades.
P1 HAND: KDiamonds, QDiamonds, 5Diamonds, 2Diamonds, 7Hearts, 6Hearts, 4Hearts, 3Hearts, 4Spades, 3Spades.
P2 HAND: ADiamonds, 4Diamonds, QClubs, 3Clubs, 2Hearts, ASpades, JSpades, QSpades, 6Spades, 5Spades.
P3 HAND: JDiamonds, 6Diamonds, 3Diamonds, AClubs, JClubs, AHearts, JHearts, QHearts, 7Spades, 2Spades.
P1 2Diamonds P2 ADiamonds P3 3Diamonds P0 7Diamonds 
P2 2Hearts P3 AHearts P0 KHearts P1 7Hearts 
P3 2Spades P0 KSpades P1 3Spades P2 ASpades 
P2 4Diamonds P3 6Diamonds P0 5Hearts P1 KDiamonds 
P1 3Hearts P2 5Spades P3 JHearts P0 KClubs 
P0 6Clubs P1 4Hearts P2 3Clubs P3 JClubs 
P3 QHearts P0 2Clubs P1 6Hearts P2 JSpades 
P0 5Clubs P1 4Spades P2 QClubs P3 AClubs 
P3 JDiamonds P0 4Clubs P1 5Diamonds P2 QSpades 
P0 7Clubs P1 QDiamonds P2 6Spades P3 7Spades 
-- /GAME --
P0 HAND: 7Diamonds, JDiamonds, QDiamonds, 6Diamonds, 2Diamonds, JClubs, AHearts, 7Spades, 6Spades, 4Spades.
P1 HAND: ADiamonds, KDiamonds, 5Diamonds, KClubs, 5Clubs, JHearts, QHearts, 4Hearts, 2Hearts, JSpades.
P2 HAND: 4Diamonds, 3Diamonds, 4Clubs, 3Clubs, 2Clubs, 6Hearts, 5Hearts, 3Hearts, 5Spades, 2Spades.
P3 HAND: AClubs, 7Clubs, QClubs, 6Clubs, 7Hearts, KHearts, ASpades, KSpades, QSpades, 3Spades.
P0 6Spades P1 JSpades P2 2Spades P3 ASpades 
P3 3Spades P0 7Spades P1 5Clubs P2 5Spades 
P1 ADiamonds P2 3Diamonds P3 7Hearts P0 JDiamonds 
P1 2Hearts P2 3Hearts P3 KHearts P0 AHearts 
P0 QDiamonds P1 5Diamonds P2 4Diamonds P3 QSpades 
P0 6Diamonds P1 KDiamonds P2 5Hearts P3 KSpades 
P1 4Hearts P2 6Hearts P3 6Clubs P0 4Spades 
P3 QClubs P0 JClubs P1 KClubs P2 2Clubs 
P1 QHearts P2 3Clubs P3 7Clubs P0 2Diamonds 
P3 AClubs P0 7Diamonds P1 JHearts P2 4Clubs 
-- /GAME --
P0 HAND: JDiamonds, AHearts, 7Hearts, JHearts, QHearts, 6Hearts, 5Spades, 4Spades, 3Spades, 2Spades.
P1 HAND: KDiamonds, 5Diamonds, 2Diamonds, KClubs, 4Clubs, KHearts, 5Hearts, 3Hearts, 7Spades, 6Spades.
P2 HAND: ADiamonds, 7Diamonds, QDiamonds, 6Diamonds, JClubs, 6Clubs, 2Hearts, ASpades, JSpades, QSpades.
P3 HAND: 4Diamonds, 3Diamonds, AClubs, 7Clubs, QClubs, 5Clubs, 3Clubs, 2Clubs, 4Hearts, KSpades.

