-- GAME --
P0 HAND: ADiamonds, 7Diamonds, JDiamonds, JClubs, 7Hearts, JHearts, QHearts, 5Hearts, JSpades, 5Spades.
P1 HAND: QDiamonds, 4Diamonds, 2Diamonds, KClubs, 2Clubs, KHearts, 6Hearts, ASpades, 7Spades, 2Spades.
P2 HAND: 6Diamonds, 5Diamonds, 3Diamonds, 5Clubs, 3Clubs, AHearts, 2Hearts, KSpades, 6Spades, 4Spades.
P3 HAND: KDiamonds, AClubs, 7Clubs, QClubs, 6Clubs, 4Clubs, 4Hearts, 3Hearts, QSpades, 3Spades.
P0 ADiamonds P1 2Diamonds P2 6Diamonds P3 KDiamonds 
P0 5Spades P1 ASpades P2 4Spades P3 QSpades 
P1 2Clubs P2 3Clubs P3 AClubs P0 JClubs 
P3 3Spades P0 JSpades P1 7Spades P2 6Spades 
P1 2Spades P2 KSpades P3 4Clubs P0 7Diamonds 
P2 3Diamonds P3 6Clubs P0 JDiamonds P1 4Diamonds 
P0 5Hearts P1 6Hearts P2 2Hearts P3 3Hearts 
P1 QDiamonds P2 5Diamonds P3 QClubs P0 7Hearts 
P0 QHearts P1 KHearts P2 AHearts P3 4Hearts 
P2 5Clubs P3 7Clubs P0 JHearts P1 KClubs 
-- /GAME --
P0 HAND: QDiamonds, 6Diamonds, AClubs, KClubs, QClubs, KHearts, 4Hearts, 2Hearts, 7Spades, JSpades.
P1 HAND: ADiamonds, KDiamonds, 3Diamonds, JClubs, 3Clubs, AHearts, QHearts, ASpades, 6Spades, 4Spades.
P2 HAND: JDiamonds, 5Diamonds, 2Diamonds, 7Clubs, 4Clubs, 7Hearts, 3Hearts, KSpades, 5Spades, 2Spades.
P3 HAND: 7Diamonds, 4Diamonds, 6Clubs, 5Clubs, 2Clubs, JHearts, 6Hearts, 5Hearts, QSpades, 3Spades.
P3 2Clubs P0 AClubs P1 3Clubs P2 7Clubs 
P0 2Hearts P1 AHearts P2 3Hearts P3 JHearts 
P1 ASpades P2 2Spades P3 QSpades P0 JSpades 
P1 4Spades P2 5Spades P3 3Spades P0 7Spades 
P0 QClubs P1 JClubs P2 4Clubs P3 6Clubs 
P1 6Spades P2 KSpades P3 5Clubs P0 KClubs 
P2 2Diamonds P3 4Diamonds P0 6Diamonds P1 3Diamonds 
P0 4Hearts P1 QHearts P2 7Hearts P3 5Hearts 
P2 5Diamonds P3 7Diamonds P0 QDiamonds P1 KDiamonds 
P3 6Hearts P0 KHearts P1 ADiamonds P2 JDiamonds 
-- /GAME --
P0 HAND: 3Diamonds, 2Diamonds, AClubs, 7Clubs, 4Clubs, 3Clubs, 2Hearts, 6Spades, 5Spades, 4Spades.
P1 HAND: ADiamonds, 7Diamonds, AHearts, QHearts, 4Hearts, 3Hearts, KSpades, JSpades, QSpades, 2Spades.
P2 HAND: QDiamonds, 6Diamonds, 5Diamonds, KClubs, 6Clubs, 5Clubs, 2Clubs, 7Hearts, ASpades, 3Spades.
P3 HAND: KDiamonds, JDiamonds, 4Diamonds, JClubs, QClubs, KHearts, JHearts, 6Hearts, 5Hearts, 7Spades.
P2 ASpades P3 7Spades P0 6Spades P1 2Spades 
P2 2Clubs P3 QClubs P0 AClubs P1 3Hearts 
P1 ADiamonds P2 5Diamonds P3 KDiamonds P0 2Diamonds 
P1 QSpades P2 3Spades P3 4Diamonds P0 5Spades 
P1 JSpades P2 5Clubs P3 5Hearts P0 4Spades 
P3 JDiamonds P0 3Diamonds P1 7Diamonds P2 6Diamonds 
P1 4Hearts P2 7Hearts P3 6Hearts P0 2Hearts 
P2 6Clubs P3 JClubs P0 3Clubs P1 KSpades 
P3 JHearts P0 4Clubs P1 QHearts P2 QDiamonds 
P3 KHearts P0 7Clubs P1 AHearts P2 KClubs 
-- /GAME --
P0 HAND: ADiamonds, JClubs, QClubs, AHearts, 6Hearts, 5Hearts, ASpades, 7Spades, 4Spades, 2Spades.
P1 HAND: 7Diamonds, JDiamonds, 6Diamonds, 6Clubs, 2Clubs, 7Hearts, QHearts, 4Hearts, 2Hearts, JSpades.
P2 HAND: QDiamonds, 3Diamonds, KClubs, 4Clubs, JHearts, 3Hearts, KSpades, 6Spades, 5Spades, 3Spades.
P3 HAND: KDiamonds, 5Diamonds, 4Diamonds, 2Diamonds, AClubs, 7Clubs, 5Clubs, 3Clubs, KHearts, QSpades.
P1 2Clubs P2 4Clubs P3 AClubs P0 QClubs 
P3 3Clubs P0 JClubs P1 6Clubs P2 KClubs 
P2 3Hearts P3 KHearts P0 AHearts P1 2Hearts 
P0 ASpades P1 JSpades P2 KSpades P3 QSpades 
P0 5Hearts P1 4Hearts P2 JHearts P3 5Clubs 
P2 3Spades P3 2Diamonds P0 2Spades P1 7Hearts 
P3 4Diamonds P0 ADiamonds P1 6Diamonds P2 3Diamonds 
P0 4Spades P1 QHearts P2 5Spades P3 5Diamonds 
P3 KDiamonds P0 6Hearts P1 JDiamonds P2 QDiamonds 
P3 7Clubs P0 7Spades P1 7Diamonds P2 6Spades 
-- /GAME --
P0 HAND: ADiamonds, 7Diamonds, 2Diamonds, 7Hearts, KHearts, 5Hearts, 3Hearts, 6Spades, 5Spades, 2Spades.
P1 HAND: 6Diamonds, AClubs, 7Clubs, 6Clubs, 4Clubs, 3Clubs, 6Hearts, 2Hearts, QSpades, 4Spades.
P2 HAND: 5Diamonds, 3Diamonds, JClubs, 5Clubs, 2Clubs, AHearts, JHearts, QHearts, ASpades, JSpades.
P3 HAND: KDiamonds, JDiamonds, QDiamonds, 4Diamonds, KClubs, QClubs, 4Hearts, 7Spades, KSpades, 3Spades.
P0 3Hearts P1 2Hearts P2 AHearts P3 4Hearts 
P2 2Clubs P3 QClubs P0 6Spades P1 3Clubs 
P0 ADiamonds P1 6Diamonds P2 5Diamonds P3 4Diamonds 
P0 7Diamonds P1 4Spades P2 3Diamonds P3 KDiamonds 
P1 4Clubs P2 5Clubs P3 KClubs P0 5Spades 
P0 2Diamonds P1 6Clubs P2 QHearts P3 JDiamonds 
P3 QDiamonds P0 5Hearts P1 6Hearts P2 JSpades 
P2 JClubs P3 3Spades P0 2Spades P1 AClubs 
P3 KSpades P0 7Hearts P1 QSpades P2 ASpades 
P2 JHearts P3 7Spades P0 KHearts P1 7Clubs 
-- /GAME --
P0 HAND: KDiamonds, JDiamonds, 4Diamonds, 2Diamonds, 2Hearts, 7Spades, KSpades, QSpades, 4Spades, 3Spades.
P1 HAND: 7Diamonds, 6Diamonds, KClubs, JClubs, 3Clubs, KHearts, 6Hearts, 4Hearts, ASpades, JSpades.
P2 HAND: ADiamonds, 5Diamonds, AClubs, 7Clubs, AHearts, JHearts, 5Hearts, 3Hearts, 6Spades, 5Spades.
P3 HAND: QDiamonds, 3Diamonds, QClubs, 6Clubs, 5Clubs, 4Clubs, 2Clubs, 7Hearts, QHearts, 2Spades.
P3 2Spades P0 3Spades P1 ASpades P2 5Spades 
P1 4Hearts P2 AHearts P3 QHearts P0 2Hearts 
P2 ADiamonds P3 3Diamonds P0 KDiamonds P1 6Diamonds 
P2 3Hearts P3 7Hearts P0 2Diamonds P1 KHearts 
P3 QDiamonds P0 4Diamonds P1 7Diamonds P2 5Diamonds 
P1 6Hearts P2 5Hearts P3 2Clubs P0 4Spades 
P3 4Clubs P0 QSpades P1 3Clubs P2 7Clubs 
P2 6Spades P3 5Clubs P0 KSpades P1 JSpades 
P3 6Clubs P0 7Spades P1 JClubs P2 AClubs 
P2 JHearts P3 QClubs P0 JDiamonds P1 KClubs 
-- /GAME --
P0 HAND: QDiamonds, 5Diamonds, QClubs, 3Clubs, 7Hearts, 3Hearts, 2Hearts, ASpades, JSpades, QSpades.
P1 HAND: ADiamonds, 6Diamonds, 4Diamonds, 3Diamonds, 2Diamonds, 6Clubs, KHearts, JHearts, 6Hearts, 7Spades.
P2 HAND: KDiamonds, JDiamonds, 5Clubs, 4Clubs, 2Clubs, AHearts, QHearts, 5Hearts, 6Spades, 4Spades.
P3 HAND: 7Diamonds, AClubs, 7Clubs, KClubs, JClubs, 4Hearts, KSpades, 5Spades, 3Spades, 2Spades.
P2 AHearts P3 4Hearts P0 7Hearts P1 6Hearts 
P2 2Clubs P3 AClubs P0 3Clubs P1 6Clubs 
P3 2Spades P0 ASpades P1 7Spades P2 6Spades 
P0 QClubs P1 2Diamonds P2 4Clubs P3 7Clubs 
P1 JHearts P2 5Hearts P3 3Spades P0 2Hearts 
P1 3Diamonds P2 JDiamonds P3 7Diamonds P0 5Diamonds 
P3 5Spades P0 JSpades P1 4Diamonds P2 4Spades 
P1 6Diamonds P2 KDiamonds P3 JClubs P0 QDiamonds 
P2 5Clubs P3 KClubs P0 QSpades P1 KHearts 
P3 KSpades P0 3Hearts P1 ADiamonds P2 QHearts 
-- /GAME --

