-- GAME --
P0 HAND: JDiamonds, 2Diamonds, 7Clubs, 4Clubs, 7Hearts, KHearts, 6Hearts, 2Hearts, 7Spades, 6Spades.
P1 HAND: ADiamonds, 7Diamonds, 3Diamonds, AClubs, KClubs, JClubs, 3Clubs, 2Clubs, AHearts, 5Spades.
P2 HAND: KDiamonds, QDiamonds, 5Diamonds, 4Diamonds, QClubs, 6Clubs, 5Hearts, 3Hearts, KSpades, 3Spades.
P3 HAND: 6Diamonds, 5Clubs, JHearts, QHearts, 4Hearts, ASpades, JSpades, QSpades, 4Spades, 2Spades.
P0 2Diamonds P1 ADiamonds P2 4Diamonds P3 6Diamonds 
P1 2Clubs P2 6Clubs P3 5Clubs P0 7Clubs 
P0 JDiamonds P1 3Diamonds P2 5Diamonds P3 2Spades 
P0 4Clubs P1 3Clubs P2 QClubs P3 4Spades 
P2 3Spades P3 ASpades P0 6Spades P1 5Spades 
P3 QSpades P0 7Spades P1 AHearts P2 KSpades 
P1 JClubs P2 QDiamonds P3 4Hearts P0 6Hearts 
P0 7Hearts P1 KClubs P2 3Hearts P3 QHearts 
P0 KHearts P1 7Diamonds P2 5Hearts P3 JHearts 
P0 2Hearts P1 AClubs P2 KDiamonds P3 JSpades 
-- /GAME --
P0 HAND: AClubs, 7Clubs, KClubs, 6Clubs, 5Clubs, 2Clubs, 3Hearts, 2Hearts, ASpades, JSpades.
P1 HAND: 3Diamonds, 2Diamonds, QClubs, 6Hearts, 5Hearts, 4Hearts, 7Spades, 6Spades, 5Spades, 4Spades.
P2 HAND: 5Diamonds, 4Diamonds, 3Clubs, 7Hearts, JHearts, QHearts, KSpades, QSpades, 3Spades, 2Spades.
P3 HAND: ADiamonds, 7Diamonds, KDiamonds, JDiamonds, QDiamonds, 6Diamonds, JClubs, 4Clubs, AHearts, KHearts.
P3 6Diamonds P0 JSpades P1 2Diamonds P2 4Diamonds 
P3 QDiamonds P0 3Hearts P1 3Diamonds P2 5Diamonds 
P3 JDiamonds P0 2Hearts P1 4Hearts P2 2Spades 
P3 4Clubs P0 AClubs P1 QClubs P2 3Clubs 
P0 7Clubs P1 4Spades P2 7Hearts P3 JClubs 
P0 KClubs P1 5Hearts P2 KSpades P3 KDiamonds 
P0 6Clubs P1 5Spades P2 3Spades P3 KHearts 
P0 5Clubs P1 6Hearts P2 QHearts P3 7Diamonds 
P0 2Clubs P1 6Spades P2 QSpades P3 ADiamonds 
P0 ASpades P1 7Spades P2 JHearts P3 AHearts 
-- /GAME --
P0 HAND: 7Diamonds, QDiamonds, 5Diamonds, 3Diamonds, 7Clubs, 5Clubs, KHearts, JHearts, 6Hearts, JSpades.
P1 HAND: ADiamonds, KDiamonds, 6Diamonds, 4Diamonds, JClubs, 6Clubs, AHearts, 4Hearts, QSpades, 3Spades.
P2 HAND: JDiamonds, 2Diamonds, QClubs, 3Clubs, 2Clubs, QHearts, ASpades, 7Spades, KSpades, 5Spades.
P3 HAND: AClubs, KClubs, 4Clubs, 7Hearts, 5Hearts, 3Hearts, 2Hearts, 6Spades, 4Spades, 2Spades.
P2 ASpades P3 2Spades P0 JSpades P1 3Spades 
P2 2Diamonds P3 2Hearts 
