-- GAME --
P0 HAND: QDiamonds, 6Clubs, 5Clubs, 3Clubs, 2Clubs, 7Hearts, JSpades, QSpades, 6Spades, 5Spades.
P1 HAND: 7Diamonds, 5Diamonds, 2Diamonds, 7Clubs, JClubs, QHearts, 5Hearts, 7Spades, 4Spades, 3Spades.
P2 HAND: ADiamonds, JDiamonds, 6Diamonds, AClubs, KClubs, KHearts, JHearts, 3Hearts, 2Hearts, ASpades.
P3 HAND: KDiamonds, 4Diamonds, 3Diamonds, QClubs, 4Clubs, AHearts, 6Hearts, 4Hearts, KSpades, 2Spades.
P0 QDiamonds P1 2Diamonds P2 ADiamonds P3 3Diamonds 
P2 ASpades P3 2Spades P0 JSpades P1 3Spades 
P2 2Hearts P3 AHearts P0 7Hearts P1 QHearts 
P3 4Diamonds P0 5Spades P1 7Diamonds P2 6Diamonds 
P1 4Spades P2 3Hearts P3 KSpades P0 6Spades 
P3 4Hearts P0 QSpades P1 5Hearts P2 KHearts 
P2 JDiamonds P3 KDiamonds P0 2Clubs P1 5Diamonds 
P0 3Clubs P1 JClubs P2 KClubs P3 4Clubs 
P2 JHearts P3 6Hearts P0 5Clubs P1 7Clubs 
P1 7Spades P2 AClubs P3 QClubs P0 6Clubs 
-- /GAME --
P0 HAND: JDiamonds, 4Diamonds, AClubs, KClubs, KHearts, 6Hearts, 5Hearts, 3Hearts, 4Spades, 2Spades.
P1 HAND: KDiamonds, 3Diamonds, 7Clubs, JClubs, 5Clubs, 7Hearts, QHearts, JSpades, 5Spades, 3Spades.
P2 HAND: ADiamonds, 7Diamonds, QDiamonds, 6Diamonds, 5Diamonds, QClubs, 6Clubs, 7Spades, QSpades, 6Spades.
P3 HAND: 2Diamonds, 4Clubs, 3Clubs, 2Clubs, AHearts, JHearts, 4Hearts, 2Hearts, ASpades, KSpades.
P3 AHearts P0 3Hearts P1 7Hearts P2 6Spades 
P2 5Diamonds P3 2Diamonds P0 4Diamonds P1 KDiamonds 
P1 3Diamonds P2 6Diamonds P3 2Clubs P0 JDiamonds 
P0 AClubs P1 5Clubs P2 QClubs P3 3Clubs 
P0 KClubs P1 JClubs P2 6Clubs P3 4Clubs 
P0 KHearts P1 QHearts P2 ADiamonds P3 2Hearts 
P0 6Hearts P1 3Spades P2 QDiamonds P3 JHearts 
P1 5Spades P2 QSpades P3 KSpades P0 2Spades 
P3 4Hearts P0 5Hearts P1 JSpades P2 7Spades 
P2 7Diamonds P3 ASpades P0 4Spades P1 7Clubs 
-- /GAME --
P0 HAND: KDiamonds, 4Diamonds, 7Clubs, 6Clubs, AHearts, KHearts, JHearts, 5Hearts, 2Hearts, 2Spades.
P1 HAND: 5Diamonds, 2Diamonds, AClubs, 3Clubs, 6Hearts, 3Hearts, ASpades, JSpades, QSpades, 4Spades.
P2 HAND: ADiamonds, QDiamonds, KClubs, QClubs, 5Clubs, 4Hearts, 7Spades, KSpades, 6Spades, 3Spades.
P3 HAND: 7Diamonds, JDiamonds, 6Diamonds, 3Diamonds, JClubs, 4Clubs, 2Clubs, 7Hearts, QHearts, 5Spades.
P2 3Spades P3 5Spades P0 2Spades P1 ASpades 
P1 AClubs P2 5Clubs P3 JClubs P0 6Clubs 
P1 3Clubs P2 QClubs P3 2Clubs P0 7Clubs 
P0 AHearts P1 3Hearts P2 4Hearts P3 QHearts 
P0 KHearts P1 6Hearts P2 6Spades P3 7Hearts 
P3 4Clubs P0 JHearts P1 4Spades P2 KClubs 
P2 QDiamonds P3 3Diamonds P0 KDiamonds P1 2Diamonds 
P0 5Hearts P1 QSpades P2 ADiamonds P3 6Diamonds 
P2 KSpades P3 JDiamonds P0 2Hearts P1 JSpades 
P3 7Diamonds P0 4Diamonds P1 5Diamonds P2 7Spades 
-- /GAME --

