-- GAME --
P0 HAND: AClubs, 7Clubs, 3Clubs, 2Clubs, 7Hearts, 4Hearts, 3Hearts, JSpades, QSpades, 5Spades.
P1 HAND: ADiamonds, KDiamonds, 6Diamonds, 5Diamonds, 2Diamonds, 6Clubs, 5Clubs, JHearts, 2Hearts, 4Spades.
P2 HAND: QDiamonds, KClubs, JClubs, AHearts, KHearts, 6Hearts, 5Hearts, ASpades, 6Spades, 2Spades.
P3 HAND: 7Diamonds, JDiamonds, 4Diamonds, 3Diamonds, QClubs, 4Clubs, QHearts, 7Spades, KSpades, 3Spades.
P0 AClubs P1 5Clubs P2 KClubs P3 4Clubs 
P0 5Spades P1 4Spades P2 ASpades P3 3Spades 
P2 AHearts P3 QHearts P0 7Hearts P1 2Hearts 
P2 2Spades P3 KSpades P0 QSpades P1 JHearts 
P3 QClubs P0 7Clubs P1 6Clubs P2 JClubs 
P0 2Clubs P1 2Diamonds P2 5Hearts P3 7Spades 
P1 5Diamonds P2 QDiamonds P3 3Diamonds P0 JSpades 
P2 6Hearts P3 4Diamonds P0 3Hearts P1 6Diamonds 
P1 KDiamonds P2 6Spades P3 JDiamonds P0 4Hearts 
P1 ADiamonds P2 KHearts P3 7Diamonds P0 3Clubs 
-- /GAME --
P0 HAND: KDiamonds, QDiamonds, 4Diamonds, 3Diamonds, QClubs, 6Clubs, AHearts, 7Hearts, 6Hearts, 5Spades.
P1 HAND: 7Diamonds, AClubs, 7Clubs, 3Clubs, QHearts, 5Hearts, 6Spades, 4Spades, 3Spades, 2Spades.
P2 HAND: 2Diamonds, KClubs, 5Clubs, 2Clubs, KHearts, JHearts, 3Hearts, KSpades, JSpades, QSpades.
P3 HAND: ADiamonds, JDiamonds, 6Diamonds, 5Diamonds, JClubs, 4Clubs, 4Hearts, 2Hearts, ASpades, 7Spades.
P3 ADiamonds P0 3Diamonds P1 7Diamonds P2 2Diamonds 
P3 2Hearts P0 AHearts P1 5Hearts P2 KHearts 
P0 7Hearts P1 QHearts P2 JHearts P3 4Hearts 
P0 KDiamonds P1 3Clubs P2 KClubs P3 5Diamonds 
P0 6Clubs P1 AClubs P2 2Clubs P3 JClubs 
P1 2Spades P2 QSpades P3 7Spades P0 5Spades 
P3 4Clubs P0 QClubs P1 7Clubs P2 5Clubs 
P1 3Spades P2 JSpades P3 ASpades P0 6Hearts 
P3 6Diamonds P0 QDiamonds P1 4Spades P2 3Hearts 
P1 6Spades P2 KSpades P3 JDiamonds P0 4Diamonds 
-- /GAME --
P0 HAND: 6Diamonds, 4Diamonds, QClubs, AHearts, JHearts, 2Hearts, ASpades, JSpades, 5Spades, 3Spades.
P1 HAND: 7Diamonds, KDiamonds, 5Diamonds, KClubs, 6Clubs, 5Clubs, 3Clubs, 7Hearts, 5Hearts, KSpades.
P2 HAND: QDiamonds, 3Diamonds, 2Diamonds, 4Clubs, QHearts, 3Hearts, 7Spades, 6Spades, 4Spades, 2Spades.
P3 HAND: ADiamonds, JDiamonds, AClubs, 7Clubs, JClubs, 2Clubs, KHearts, 6Hearts, 4Hearts, QSpades.
P2 2Diamonds P3 ADiamonds P0 6Diamonds P1 7Diamonds 
P3 4Hearts P0 AHearts P1 5Hearts P2 QHearts 
P0 ASpades P1 KSpades P2 7Spades P3 QSpades 
P0 2Hearts P1 7Hearts P2 3Hearts P3 KHearts 
P1 5Diamonds P2 3Diamonds P3 JDiamonds P0 4Diamonds 
P3 6Hearts P0 JHearts P1 3Clubs P2 2Spades 
P1 5Clubs P2 4Clubs P3 2Clubs P0 QClubs 
P0 JSpades P1 6Clubs P2 4Spades P3 JClubs 
P3 7Clubs P0 5Spades P1 KClubs P2 6Spades 
P3 AClubs P0 3Spades P1 KDiamonds P2 QDiamonds 
-- /GAME --

