-- GAME --
P0 HAND: ADiamonds, QDiamonds, 4Diamonds, 3Diamonds, QClubs, 5Clubs, 4Clubs, 2Clubs, JHearts, 3Hearts.
P1 HAND: JDiamonds, 5Diamonds, 7Clubs, 6Clubs, 7Hearts, QHearts, 4Hearts, 7Spades, 5Spades, 4Spades.
P2 HAND: 7Diamonds, 6Diamonds, AClubs, JClubs, KHearts, 6Hearts, 5Hearts, 2Hearts, QSpades, 6Spades.
P3 HAND: KDiamonds, 2Diamonds, KClubs, 3Clubs, AHearts, ASpades, KSpades, JSpades, 3Spades, 2Spades.
P0 3Hearts P1 4Hearts P2 2Hearts P3 AHearts 
P3 2Spades P0 3Diamonds P1 4Spades P2 QSpades 
P0 JHearts P1 QHearts P2 5Hearts P3 2Diamonds 
P3 3Clubs P0 5Clubs P1 6Clubs P2 AClubs 
P2 6Hearts P3 3Spades P0 4Diamonds P1 7Hearts 
P0 2Clubs P1 7Clubs P2 JClubs P3 KClubs 
P1 5Spades P2 6Spades P3 JSpades P0 4Clubs 
P3 KDiamonds P0 QDiamonds P1 5Diamonds P2 7Diamonds 
P2 6Diamonds P3 KSpades P0 ADiamonds P1 JDiamonds 
P0 QClubs P1 7Spades P2 KHearts P3 ASpades 
-- /GAME --
P0 HAND: ADiamonds, 7Diamonds, 5Clubs, 4Clubs, 3Clubs, 4Hearts, 2Hearts, ASpades, QSpades, 2Spades.
P1 HAND: JDiamonds, 4Diamonds, 3Diamonds, 7Clubs, KClubs, AHearts, QHearts, 7Spades, 5Spades, 3Spades.
P2 HAND: KDiamonds, QDiamonds, JClubs, 6Clubs, 7Hearts, 6Hearts, 5Hearts, KSpades, 6Spades, 4Spades.
P3 HAND: 6Diamonds, 5Diamonds, 2Diamonds, AClubs, QClubs, 2Clubs, KHearts, JHearts, 3Hearts, JSpades.
P3 AClubs P0 3Clubs P1 7Clubs P2 6Clubs 

