-- GAME --
P0 HAND: 7Diamonds, 5Diamonds, JClubs, 6Clubs, 5Clubs, 3Clubs, KHearts, 5Hearts, 7Spades, JSpades.
P1 HAND: ADiamonds, JDiamonds, KClubs, 4Clubs, QHearts, 3Hearts, 2Hearts, KSpades, 6Spades, 2Spades.
P2 HAND: KDiamonds, QDiamonds, 4Diamonds, 7Clubs, AHearts, 7Hearts, 4Hearts, ASpades, 5Spades, 4Spades.
P3 HAND: 6Diamonds, 3Diamonds, 2Diamonds, AClubs, QClubs, 2Clubs, JHearts, 6Hearts, QSpades, 3Spades.
P0 5Hearts P1 2Hearts P2 AHearts P3 6Hearts 
P2 ASpades P3 3Spades P0 JSpades P1 2Spades 
P2 4Hearts P3 JHearts P0 KHearts P1 3Hearts 
P0 7Spades P1 6Spades P2 5Spades P3 QSpades 
P0 5Clubs P1 4Clubs P2 7Clubs P3 AClubs 
P3 2Clubs P0 JClubs P1 KClubs P2 4Diamonds 
P2 4Spades P3 QClubs P0 6Clubs P1 KSpades 
P1 QHearts P2 7Hearts P3 2Diamonds P0 7Diamonds 
P0 3Clubs P1 JDiamonds P2 QDiamonds P3 3Diamonds 
P1 ADiamonds P2 KDiamonds P3 6Diamonds P0 5Diamonds 
-- /GAME --
P0 HAND: KDiamonds, 5Diamonds, 4Diamonds, 3Clubs, QHearts, 5Hearts, 2Hearts, QSpades, 3Spades, 2Spades.
P1 HAND: QDiamonds, 3Diamonds, AClubs, KClubs, 4Clubs, AHearts, JHearts, KSpades, JSpades, 6Spades.
P2 HAND: 7Diamonds, 6Diamonds, 7Clubs, JClubs, 2Clubs, 7Hearts, 3Hearts, 7Spades, 5Spades, 4Spades.
P3 HAND: ADiamonds, JDiamonds, 2Diamonds, QClubs, 6Clubs, 5Clubs, KHearts, 6Hearts, 4Hearts, ASpades.
P3 ADiamonds P0 5Diamonds P1 QDiamonds P2 6Diamonds 
P3 ASpades P0 3Spades P1 KSpades P2 4Spades 
P3 2Diamonds P0 KDiamonds P1 3Diamonds P2 7Diamonds 
P2 3Hearts P3 4Hearts P0 5Hearts P1 AHearts 
P1 6Spades P2 5Spades P3 6Hearts P0 QSpades 
P0 2Spades P1 JSpades P2 7Spades P3 5Clubs 
P3 JDiamonds P0 4Diamonds P1 4Clubs P2 2Clubs 
P1 JHearts P2 7Hearts P3 KHearts P0 QHearts 
P2 JClubs P3 6Clubs P0 3Clubs P1 KClubs 
P1 AClubs P2 7Clubs P3 QClubs P0 2Hearts 
-- /GAME --
P0 HAND: ADiamonds, 7Clubs, 3Clubs, 2Clubs, AHearts, 6Hearts, 5Hearts, 3Hearts, 6Spades, 5Spades.
P1 HAND: 6Diamonds, 5Diamonds, 3Diamonds, AClubs, JClubs, QClubs, 6Clubs, 4Clubs, KSpades, 2Spades.
P2 HAND: 7Diamonds, JDiamonds, 7Hearts, KHearts, JHearts, QHearts, ASpades, 7Spades, JSpades, 3Spades.
P3 HAND: KDiamonds, QDiamonds, 4Diamonds, 2Diamonds, KClubs, 5Clubs, 4Hearts, 2Hearts, QSpades, 4Spades.
P2 ASpades P3 4Spades P0 6Spades P1 2Spades 
P2 3Spades P3 QSpades P0 5Spades P1 KSpades 
P1 4Clubs P2 QHearts P3 5Clubs P0 7Clubs 
P0 3Clubs P1 6Clubs P2 JDiamonds P3 KClubs 
P2 JHearts P3 2Hearts P0 AHearts P1 3Diamonds 
P1 QClubs P2 7Diamonds P3 4Hearts P0 2Clubs 
P2 JSpades P3 2Diamonds P0 5Hearts P1 AClubs 
P3 4Diamonds P0 ADiamonds P1 5Diamonds P2 7Hearts 
P0 6Hearts P1 6Diamonds P2 KHearts P3 QDiamonds 
P3 KDiamonds P0 3Hearts P1 JClubs P2 7Spades 
-- /GAME --
P0 HAND: 5Diamonds, 4Diamonds, 7Clubs, JClubs, 6Clubs, 5Clubs, 4Clubs, 3Clubs, 7Hearts, JSpades.
P1 HAND: QDiamonds, 2Clubs, KHearts, JHearts, QHearts, 5Hearts, 3Hearts, QSpades, 4Spades, 2Spades.
P2 HAND: 6Diamonds, 3Diamonds, KClubs, AHearts, 6Hearts, 4Hearts, KSpades, 6Spades, 5Spades, 3Spades.
P3 HAND: ADiamonds, 7Diamonds, KDiamonds, JDiamonds, 2Diamonds, AClubs, QClubs, 2Hearts, ASpades, 7Spades.
P1 2Clubs P2 KClubs P3 AClubs P0 6Clubs 
P3 2Diamonds P0 5Diamonds P1 QDiamonds P2 3Diamonds 
P1 2Spades P2 3Spades P3 ASpades P0 JSpades 
P3 QClubs P0 7Clubs P1 3Hearts P2 4Hearts 
P2 5Spades P3 7Spades P0 7Hearts P1 4Spades 
P0 4Diamonds P1 QSpades P2 6Diamonds P3 ADiamonds 
P3 JDiamonds P0 4Clubs P1 5Hearts P2 6Spades 
P1 QHearts P2 6Hearts P3 2Hearts P0 3Clubs 
P1 JHearts P2 AHearts P3 KDiamonds P0 JClubs 
P2 KSpades P3 7Diamonds P0 5Clubs P1 KHearts 
-- /GAME --
P0 HAND: JDiamonds, 5Diamonds, QClubs, 2Clubs, JHearts, 6Hearts, 5Hearts, ASpades, 6Spades, 4Spades.
P1 HAND: 7Diamonds, 6Diamonds, 3Diamonds, 7Clubs, 3Clubs, KHearts, 4Hearts, KSpades, 3Spades, 2Spades.
P2 HAND: ADiamonds, 4Diamonds, AClubs, 5Clubs, 4Clubs, 7Hearts, QHearts, 2Hearts, 7Spades, QSpades.
P3 HAND: KDiamonds, QDiamonds, 2Diamonds, KClubs, JClubs, 6Clubs, AHearts, 3Hearts, JSpades, 5Spades.
P2 ADiamonds P3 2Diamonds P0 JDiamonds P1 3Diamonds 
P2 AClubs P3 6Clubs P0 QClubs P1 3Clubs 
P2 2Hearts P3 AHearts P0 6Hearts P1 KHearts 
P3 3Hearts P0 JHearts P1 4Hearts P2 7Hearts 
P2 4Diamonds P3 QDiamonds P0 5Diamonds P1 7Diamonds 
P1 6Diamonds P2 4Clubs P3 KDiamonds P0 4Spades 
P0 2Clubs P1 7Clubs P2 5Clubs P3 KClubs 
P1 2Spades P2 QSpades P3 5Spades P0 6Spades 
P2 QHearts P3 JSpades P0 5Hearts P1 3Spades 
P3 JClubs P0 ASpades P1 KSpades P2 7Spades 
-- /GAME --
P0 HAND: 7Diamonds, 4Diamonds, KClubs, 6Clubs, 5Hearts, 3Hearts, 2Hearts, ASpades, KSpades, 5Spades.
P1 HAND: QDiamonds, 5Clubs, 4Clubs, 3Clubs, AHearts, QHearts, 6Hearts, JSpades, 3Spades, 2Spades.
P2 HAND: KDiamonds, 6Diamonds, 5Diamonds, 3Diamonds, 2Diamonds, AClubs, 7Clubs, 2Clubs, QSpades, 4Spades.
P3 HAND: ADiamonds, JDiamonds, JClubs, QClubs, 7Hearts, KHearts, JHearts, 4Hearts, 7Spades, 6Spades.
P1 AHearts P2 4Spades P3 4Hearts P0 5Hearts 
P2 AClubs P3 QClubs P0 KClubs P1 3Clubs 
P2 2Diamonds P3 ADiamonds P0 4Diamonds P1 QDiamonds 
P3 JDiamonds P0 7Diamonds P1 2Spades P2 3Diamonds 
P1 4Clubs P2 2Clubs P3 JClubs P0 6Clubs 
P3 JHearts P0 3Hearts P1 6Hearts P2 5Diamonds 
P3 6Spades P0 5Spades P1 3Spades P2 QSpades 
P2 6Diamonds P3 7Spades P0 ASpades P1 5Clubs 
P0 2Hearts P1 QHearts P2 KDiamonds P3 7Hearts 
P3 KHearts P0 KSpades P1 JSpades P2 7Clubs 
-- /GAME --
P0 HAND: 7Diamonds, JDiamonds, 3Diamonds, 2Diamonds, QClubs, 4Clubs, 7Hearts, JHearts, QHearts, ASpades.
P1 HAND: QDiamonds, KClubs, JClubs, 6Clubs, 3Clubs, 3Hearts, 7Spades, KSpades, JSpades, 5Spades.
P2 HAND: ADiamonds, KDiamonds, AClubs, 7Clubs, AHearts, 6Hearts, 4Hearts, QSpades, 4Spades, 3Spades.
P3 HAND: 6Diamonds, 5Diamonds, 4Diamonds, 5Clubs, 2Clubs, KHearts, 5Hearts, 2Hearts, 6Spades, 2Spades.
P0 2Diamonds P1 QDiamonds P2 ADiamonds P3 4Diamonds 
P2 AClubs P3 2Clubs P0 QClubs P1 3Clubs 
P2 AHearts P3 2Hearts P0 7Hearts P1 3Hearts 
P2 4Hearts P3 5Hearts P0 JHearts P1 6Clubs 

