-- GAME --
P0 HAND: 7Diamonds, 4Diamonds, QClubs, 6Clubs, 4Clubs, 7Hearts, QHearts, 4Hearts, 6Spades, 2Spades.
P1 HAND: ADiamonds, JDiamonds, 5Diamonds, KClubs, JClubs, 3Clubs, KHearts, ASpades, QSpades, 3Spades.
P2 HAND: QDiamonds, 6Diamonds, 3Diamonds, AClubs, AHearts, 5Hearts, 2Hearts, 7Spades, JSpades, 4Spades.
P3 HAND: KDiamonds, 2Diamonds, 7Clubs, 5Clubs, 2Clubs, JHearts, 6Hearts, 3Hearts, KSpades, 5Spades.
P0 2Spades P1 ASpades P2 4Spades P3 KSpades 
P1 ADiamonds P2 3Diamonds P3 KDiamonds P0 4Diamonds 
P1 3Spades P2 JSpades P3 5Spades P0 6Spades 
P2 AHearts P3 3Hearts P0 7Hearts P1 KHearts 
P2 2Hearts P3 6Hearts P0 QHearts P1 5Diamonds 
P0 4Hearts P1 QSpades P2 5Hearts P3 JHearts 
P3 2Diamonds P0 7Diamonds P1 JDiamonds P2 QDiamonds 
P0 4Clubs P1 3Clubs P2 AClubs P3 2Clubs 
P2 6Diamonds P3 5Clubs P0 6Clubs P1 JClubs 
P1 KClubs P2 7Spades P3 7Clubs P0 QClubs 
-- /GAME --
P0 HAND: 6Diamonds, 7Clubs, JClubs, QClubs, 6Clubs, 3Clubs, JHearts, 5Hearts, 4Hearts, 2Hearts.
P1 HAND: KDiamonds, JDiamonds, 4Diamonds, 3Diamonds, 3Hearts, ASpades, JSpades, QSpades, 6Spades, 2Spades.
P2 HAND: ADiamonds, 7Diamonds, QDiamonds, KClubs, 5Clubs, 4Clubs, AHearts, 7Spades, KSpades, 5Spades.
P3 HAND: 5Diamonds, 2Diamonds, AClubs, 2Clubs, 7Hearts, KHearts, QHearts, 6Hearts, 4Spades, 3Spades.
P3 AClubs P0 3Clubs P1 ASpades P2 4Clubs 
P3 2Clubs P0 7Clubs P1 3Diamonds P2 5Clubs 
P1 2Spades P2 7Spades P3 3Spades P0 JClubs 
P2 AHearts P3 6Hearts P0 JHearts P1 3Hearts 
P2 5Spades P3 4Spades P0 2Hearts P1 JSpades 
P1 6Spades P2 KSpades P3 QHearts P0 QClubs 
P2 QDiamonds P3 2Diamonds P0 6Diamonds P1 4Diamonds 
P2 7Diamonds P3 5Diamonds P0 5Hearts P1 JDiamonds 
P2 ADiamonds P3 KHearts P0 4Hearts P1 KDiamonds 
P2 KClubs P3 7Hearts P0 6Clubs P1 QSpades 
-- /GAME --
P0 HAND: 5Diamonds, 4Diamonds, 7Clubs, 5Clubs, AHearts, 4Hearts, 3Hearts, JSpades, 3Spades, 2Spades.
P1 HAND: 7Diamonds, JDiamonds, AClubs, JClubs, KHearts, 6Hearts, 2Hearts, 7Spades, KSpades, 5Spades.
P2 HAND: KDiamonds, 6Diamonds, 3Diamonds, 2Diamonds, KClubs, QClubs, 3Clubs, 7Hearts, 5Hearts, QSpades.
P3 HAND: ADiamonds, QDiamonds, 6Clubs, 4Clubs, 2Clubs, JHearts, QHearts, ASpades, 6Spades, 4Spades.
P2 2Diamonds 
