-- GAME --
P0 HAND: 6Diamonds, 5Diamonds, 3Diamonds, 7Clubs, 6Clubs, 3Clubs, JHearts, KSpades, 6Spades, 4Spades.
P1 HAND: KDiamonds, JDiamonds, 2Diamonds, KClubs, 7Hearts, 5Hearts, 4Hearts, ASpades, 7Spades, JSpades.
P2 HAND: ADiamonds, 7Diamonds, 4Diamonds, QClubs, 2Clubs, QHearts, 6Hearts, 2Hearts, QSpades, 2Spades.
P3 HAND: QDiamonds, AClubs, JClubs, 5Clubs, 4Clubs, AHearts, KHearts, 3Hearts, 5Spades, 3Spades.
P0 JHearts P1 4Hearts P2 2Hearts P3 AHearts 
P3 3Hearts P0 3Clubs P1 5Hearts P2 QHearts 
P0 4Spades P1 ASpades P2 2Spades P3 5Spades 
P1 2Diamonds P2 ADiamonds P3 QDiamonds P0 3Diamonds 
P2 4Diamonds P3 3Spades P0 5Diamonds P1 KDiamonds 
P1 JDiamonds P2 7Diamonds P3 4Clubs P0 6Diamonds 
P3 5Clubs P0 7Clubs P1 KClubs P2 2Clubs 
P0 6Spades P1 JSpades P2 QSpades P3 KHearts 
P1 7Hearts P2 6Hearts P3 JClubs P0 6Clubs 
P3 AClubs P0 KSpades P1 7Spades P2 QClubs 
-- /GAME --
P0 HAND: 6Diamonds, 7Clubs, KClubs, 5Clubs, 2Clubs, JHearts, 6Hearts, 3Hearts, ASpades, 2Spades.
P1 HAND: 7Diamonds, JDiamonds, 3Diamonds, 2Diamonds, QClubs, 6Clubs, 4Clubs, 4Hearts, 2Hearts, 6Spades.
P2 HAND: KDiamonds, 4Diamonds, JClubs, 3Clubs, 7Hearts, KHearts, QHearts, 7Spades, 5Spades, 3Spades.
P3 HAND: ADiamonds, QDiamonds, 5Diamonds, AClubs, AHearts, 5Hearts, KSpades, JSpades, QSpades, 4Spades.
P3 ADiamonds P0 6Diamonds P1 7Diamonds P2 4Diamonds 
P3 AClubs P0 2Clubs P1 QClubs P2 3Clubs 
P3 AHearts P0 3Hearts P1 4Hearts P2 QHearts 
P3 5Diamonds P0 2Spades P1 2Diamonds P2 KDiamonds 
P0 6Hearts P1 2Hearts P2 7Hearts P3 5Hearts 
P2 JClubs P3 QDiamonds P0 7Clubs P1 4Clubs 
P0 5Clubs P1 6Clubs P2 3Spades P3 4Spades 
P3 QSpades P0 ASpades P1 6Spades P2 5Spades 
P0 KClubs P1 3Diamonds P2 7Spades P3 JSpades 
P2 KHearts P3 KSpades P0 JHearts P1 JDiamonds 
-- /GAME --
P0 HAND: ADiamonds, 6Diamonds, 4Diamonds, AClubs, 7Hearts, 4Hearts, ASpades, JSpades, 6Spades, 2Spades.
P1 HAND: 7Diamonds, 5Diamonds, 3Diamonds, 2Diamonds, 7Clubs, JHearts, 5Hearts, 7Spades, KSpades, 4Spades.
P2 HAND: KDiamonds, KClubs, QClubs, 6Clubs, 4Clubs, 2Clubs, KHearts, 6Hearts, 2Hearts, 5Spades.
P3 HAND: JDiamonds, QDiamonds, JClubs, 5Clubs, 3Clubs, AHearts, QHearts, 3Hearts, QSpades, 3Spades.
P2 2Clubs P3 3Clubs P0 AClubs P1 7Clubs 
P0 ASpades P1 4Spades P2 5Spades P3 3Spades 
P0 ADiamonds P1 2Diamonds P2 KDiamonds P3 QDiamonds 
P0 4Hearts P1 5Hearts P2 2Hearts P3 3Hearts 
P1 3Diamonds P2 4Clubs P3 JDiamonds P0 6Diamonds 
P3 5Clubs P0 7Hearts P1 5Diamonds P2 KClubs 
P0 2Spades P1 KSpades P2 6Clubs P3 QSpades 
P1 JHearts P2 6Hearts P3 QHearts P0 6Spades 
P1 7Diamonds P2 KHearts P3 AHearts P0 4Diamonds 
P3 JClubs P0 JSpades P1 7Spades P2 QClubs 
-- /GAME --
P0 HAND: 3Diamonds, 7Clubs, 4Clubs, AHearts, 6Hearts, 5Hearts, ASpades, KSpades, 6Spades, 2Spades.
P1 HAND: ADiamonds, KDiamonds, JDiamonds, QDiamonds, 5Diamonds, QClubs, 6Clubs, 5Spades, 4Spades, 3Spades.
P2 HAND: 2Diamonds, AClubs, KClubs, 2Clubs, 7Hearts, KHearts, QHearts, 3Hearts, 2Hearts, JSpades.
P3 HAND: 7Diamonds, 6Diamonds, 4Diamonds, JClubs, 5Clubs, 3Clubs, JHearts, 4Hearts, 7Spades, QSpades.
P1 5Diamonds P2 2Diamonds P3 4Diamonds P0 3Diamonds 
P1 6Clubs P2 AClubs P3 3Clubs P0 7Clubs 
P2 2Clubs P3 5Clubs P0 4Clubs P1 QClubs 
P1 QDiamonds P2 2Hearts P3 6Diamonds P0 5Hearts 
P1 JDiamonds P2 3Hearts P3 7Diamonds P0 2Spades 
P0 AHearts P1 3Spades P2 QHearts P3 JHearts 
P1 4Spades P2 JSpades P3 QSpades P0 6Spades 
P2 KClubs P3 JClubs P0 KSpades P1 KDiamonds 
P0 ASpades P1 5Spades P2 KHearts P3 7Spades 
P0 6Hearts P1 ADiamonds P2 7Hearts P3 4Hearts 
-- /GAME --
P0 HAND: 5Diamonds, QClubs, 6Clubs, 4Clubs, 2Clubs, AHearts, 7Hearts, JHearts, ASpades, JSpades.
P1 HAND: 6Diamonds, 4Diamonds, KClubs, JClubs, 3Clubs, QHearts, 6Hearts, 5Hearts, KSpades, 3Spades.
P2 HAND: JDiamonds, 3Diamonds, 2Diamonds, AClubs, 5Clubs, KHearts, 3Hearts, 2Hearts, 4Spades, 2Spades.
P3 HAND: ADiamonds, 7Diamonds, KDiamonds, QDiamonds, 7Clubs, 4Hearts, 7Spades, QSpades, 6Spades, 5Spades.
P0 ASpades P1 3Spades P2 4Spades P3 5Spades 
P0 AHearts P1 5Hearts P2 KHearts P3 4Hearts 
P0 7Hearts P1 6Hearts P2 3Hearts P3 QDiamonds 
P3 6Spades P0 JSpades P1 KSpades P2 2Spades 
P1 3Clubs P2 AClubs P3 7Clubs P0 QClubs 
P2 2Hearts P3 QSpades P0 JHearts P1 QHearts 
P0 5Diamonds P1 4Diamonds P2 2Diamonds P3 KDiamonds 
P3 7Diamonds P0 6Clubs P1 6Diamonds P2 3Diamonds 
P3 ADiamonds P0 4Clubs P1 JClubs P2 JDiamonds 
P3 7Spades P0 2Clubs P1 KClubs P2 5Clubs 
-- /GAME --
P0 HAND: ADiamonds, 7Diamonds, 6Diamonds, AClubs, KHearts, 6Hearts, 3Hearts, 2Hearts, 7Spades, 6Spades.
P1 HAND: JDiamonds, 5Diamonds, 3Diamonds, 2Diamonds, QClubs, 5Clubs, 3Clubs, 2Clubs, QHearts, JSpades.
P2 HAND: KDiamonds, QDiamonds, 4Diamonds, JClubs, 6Clubs, 4Clubs, 7Hearts, 5Hearts, ASpades, 2Spades.
P3 HAND: 7Clubs, KClubs, AHearts, JHearts, 4Hearts, KSpades, QSpades, 5Spades, 4Spades, 3Spades.
P1 2Diamonds P2 4Diamonds P3 3Spades P0 ADiamonds 
P0 AClubs P1 2Clubs P2 JClubs P3 KClubs 
P0 7Spades P1 JSpades P2 ASpades P3 4Spades 
P2 2Spades P3 5Spades P0 6Spades P1 3Diamonds 
P0 2Hearts P1 QHearts P2 5Hearts P3 4Hearts 
P1 3Clubs P2 4Clubs P3 7Clubs P0 3Hearts 
P0 6Hearts P1 5Diamonds P2 7Hearts P3 AHearts 
P3 QSpades P0 KHearts P1 5Clubs P2 KDiamonds 
P0 6Diamonds P1 JDiamonds P2 QDiamonds P3 KSpades 
P1 QClubs P2 6Clubs P3 JHearts P0 7Diamonds 
-- /GAME --
P0 HAND: QDiamonds, 6Diamonds, 7Clubs, 5Clubs, 2Clubs, 7Hearts, 6Hearts, ASpades, JSpades, 5Spades.
P1 HAND: 7Diamonds, KDiamonds, 4Diamonds, 6Clubs, 3Clubs, JHearts, QHearts, 4Spades, 3Spades, 2Spades.
P2 HAND: 5Diamonds, 2Diamonds, JClubs, QClubs, 4Clubs, KHearts, 5Hearts, 2Hearts, QSpades, 6Spades.
P3 HAND: ADiamonds, JDiamonds, 3Diamonds, AClubs, KClubs, AHearts, 4Hearts, 3Hearts, 7Spades, KSpades.
P0 ASpades P1 2Spades P2 QSpades P3 KSpades 
P0 6Diamonds P1 4Diamonds P2 2Diamonds P3 ADiamonds 
P3 AClubs P0 2Clubs P1 6Clubs P2 4Clubs 
P3 3Diamonds P0 QDiamonds P1 7Diamonds P2 5Diamonds 
P1 3Clubs P2 QClubs P3 KClubs P0 7Clubs 
P0 6Hearts P1 QHearts P2 2Hearts P3 3Hearts 
P1 3Spades P2 6Spades P3 7Spades P0 5Spades 
P3 JDiamonds P0 7Hearts P1 KDiamonds P2 JClubs 
P0 5Clubs P1 4Spades P2 5Hearts P3 4Hearts 
P2 KHearts P3 AHearts P0 JSpades P1 JHearts 
-- /GAME --
P0 HAND: ADiamonds, QClubs, 5Clubs, 2Clubs, AHearts, 7Hearts, 6Hearts, 2Hearts, ASpades, 4Spades.
P1 HAND: JDiamonds, 6Diamonds, 5Diamonds, 4Clubs, 3Clubs, KHearts, QHearts, 6Spades, 3Spades, 2Spades.
P2 HAND: 7Diamonds, QDiamonds, 4Diamonds, 7Clubs, JClubs, 6Clubs, 4Hearts, 3Hearts, 7Spades, QSpades.
P3 HAND: KDiamonds, 3Diamonds, 2Diamonds, AClubs, KClubs, JHearts, 5Hearts, KSpades, JSpades, 5Spades.
P3 AClubs P0 2Clubs P1 4Clubs P2 6Clubs 
P3 2Diamonds P0 ADiamonds P1 5Diamonds P2 7Diamonds 
P0 ASpades P1 2Spades P2 7Spades P3 5Spades 
P0 4Spades P1 3Spades P2 QSpades P3 KSpades 
P3 3Diamonds P0 2Hearts P1 6Diamonds P2 QDiamonds 
P0 6Hearts P1 QHearts P2 3Hearts P3 5Hearts 
P1 3Clubs P2 JClubs P3 KClubs P0 5Clubs 
P3 JSpades P0 7Hearts P1 6Spades P2 7Clubs 
P0 QClubs P1 KHearts P2 4Diamonds P3 KDiamonds 
P1 JDiamonds P2 4Hearts P3 JHearts P0 AHearts 
-- /GAME --
P0 HAND: ADiamonds, JDiamonds, 5Diamonds, KHearts, 6Hearts, 3Hearts, KSpades, JSpades, 6Spades, 2Spades.
P1 HAND: 7Diamonds, KDiamonds, QDiamonds, 6Diamonds, 7Clubs, 4Clubs, 2Clubs, JHearts, QHearts, 5Hearts.
P2 HAND: 4Diamonds, 3Diamonds, AClubs, KClubs, QClubs, 6Clubs, 3Clubs, 2Hearts, 7Spades, 5Spades.
P3 HAND: 2Diamonds, JClubs, 5Clubs, AHearts, 7Hearts, 4Hearts, ASpades, QSpades, 4Spades, 3Spades.
P2 3Diamonds P3 2Diamonds P0 ADiamonds P1 6Diamonds 
P0 5Diamonds P1 QDiamonds P2 4Diamonds P3 ASpades 
P1 2Clubs P2 AClubs P3 5Clubs P0 KSpades 
P2 7Spades P3 3Spades P0 JSpades P1 5Hearts 
P1 4Clubs P2 3Clubs P3 JClubs P0 3Hearts 
P0 JDiamonds P1 KDiamonds P2 2Hearts P3 4Hearts 
P3 4Spades P0 6Spades P1 QHearts P2 5Spades 
P1 JHearts P2 6Clubs P3 7Hearts P0 6Hearts 
P3 QSpades P0 2Spades P1 7Diamonds P2 QClubs 
P3 AHearts P0 KHearts P1 7Clubs P2 KClubs 
-- /GAME --
P0 HAND: KDiamonds, 3Diamonds, 2Diamonds, 2Clubs, QHearts, 4Hearts, 7Spades, KSpades, JSpades, 5Spades.
P1 HAND: 7Diamonds, 6Diamonds, AClubs, 7Clubs, JClubs, QClubs, 3Clubs, KHearts, QSpades, 6Spades.
P2 HAND: QDiamonds, 4Diamonds, KClubs, 6Clubs, 5Clubs, 7Hearts, 5Hearts, 3Hearts, 2Hearts, 3Spades.
P3 HAND: ADiamonds, JDiamonds, 5Diamonds, 4Clubs, AHearts, JHearts, 6Hearts, ASpades, 4Spades, 2Spades.
P1 3Clubs P2 5Clubs 
