-- GAME --
P0 HAND: 7Diamonds, 4Diamonds, 3Diamonds, AClubs, JClubs, AHearts, 5Hearts, 4Hearts, 2Hearts, KSpades.
P1 HAND: JDiamonds, 2Diamonds, KClubs, 6Clubs, 4Clubs, 6Hearts, 3Hearts, 7Spades, JSpades, 6Spades.
P2 HAND: ADiamonds, 7Clubs, QClubs, 5Clubs, 3Clubs, 2Clubs, KHearts, JHearts, QHearts, QSpades.
P3 HAND: KDiamonds, QDiamonds, 6Diamonds, 5Diamonds, 7Hearts, ASpades, 5Spades, 4Spades, 3Spades, 2Spades.
P3 2Spades P0 KSpades P1 6Spades P2 QSpades 
P0 AClubs P1 4Clubs P2 7Clubs P3 7Hearts 
P3 3Spades P0 3Diamonds P1 JSpades P2 2Clubs 
P1 2Diamonds P2 ADiamonds P3 5Diamonds P0 7Diamonds 
P2 3Clubs P3 4Spades P0 JClubs P1 KClubs 
P1 6Clubs P2 5Clubs P3 5Spades P0 4Diamonds 
P1 JDiamonds P2 QClubs P3 6Diamonds P0 2Hearts 
P0 AHearts P1 3Hearts P2 QHearts P3 QDiamonds 
P0 4Hearts P1 6Hearts P2 JHearts P3 KDiamonds 
P2 KHearts P3 ASpades P0 5Hearts P1 7Spades 
-- /GAME --
P0 HAND: ADiamonds, 7Diamonds, KDiamonds, 6Diamonds, 5Diamonds, 6Hearts, 2Hearts, JSpades, 3Spades, 2Spades.
P1 HAND: QDiamonds, 2Diamonds, AClubs, JClubs, 4Clubs, 7Hearts, JHearts, KSpades, QSpades, 6Spades.
P2 HAND: 3Diamonds, 7Clubs, KClubs, QClubs, 2Clubs, AHearts, KHearts, 5Hearts, 5Spades, 4Spades.
P3 HAND: JDiamonds, 4Diamonds, 6Clubs, 5Clubs, 3Clubs, QHearts, 4Hearts, 3Hearts, ASpades, 7Spades.
P2 AHearts P3 3Hearts P0 2Hearts P1 JHearts 
P2 3Diamonds P3 4Diamonds P0 ADiamonds P1 2Diamonds 
P0 2Spades P1 6Spades P2 4Spades P3 ASpades 
P3 4Hearts P0 6Hearts P1 7Hearts P2 5Hearts 
P1 QDiamonds P2 5Spades P3 JDiamonds P0 7Diamonds 
P0 3Spades P1 QSpades P2 2Clubs P3 7Spades 
P2 QClubs P3 3Clubs P0 JSpades P1 JClubs 
P1 4Clubs P2 KClubs P3 5Clubs P0 KDiamonds 
P2 7Clubs P3 6Clubs P0 5Diamonds P1 AClubs 
P1 KSpades P2 KHearts P3 QHearts P0 6Diamonds 
-- /GAME --
P0 HAND: 7Diamonds, 2Diamonds, 7Clubs, JClubs, 6Clubs, 5Clubs, AHearts, 5Hearts, 3Hearts, QSpades.
P1 HAND: ADiamonds, QDiamonds, 5Diamonds, 4Clubs, 3Clubs, KHearts, JHearts, QHearts, KSpades, 6Spades.
P2 HAND: KDiamonds, 4Diamonds, AClubs, KClubs, 7Hearts, 2Hearts, JSpades, 4Spades, 3Spades, 2Spades.
P3 HAND: JDiamonds, 6Diamonds, 3Diamonds, QClubs, 2Clubs, 6Hearts, 4Hearts, ASpades, 7Spades, 5Spades.
P1 3Clubs P2 AClubs P3 2Clubs P0 7Clubs 
P2 2Hearts P3 4Hearts P0 AHearts P1 QHearts 
P0 QSpades P1 6Spades P2 2Spades P3 ASpades 
P3 5Spades P0 3Hearts P1 KSpades P2 3Spades 
P1 4Clubs P2 KClubs P3 QClubs P0 JClubs 
P2 4Spades P3 7Spades P0 7Diamonds P1 ADiamonds 
P1 JHearts P2 7Hearts P3 6Hearts P0 5Hearts 
P2 JSpades P3 3Diamonds P0 5Clubs P1 KHearts 
P3 6Diamonds P0 2Diamonds P1 5Diamonds P2 4Diamonds 
P3 JDiamonds P0 6Clubs P1 QDiamonds P2 KDiamonds 
-- /GAME --
P0 HAND: JDiamonds, 3Diamonds, 3Clubs, 7Hearts, JHearts, 4Hearts, 2Hearts, KSpades, JSpades, 5Spades.
P1 HAND: QDiamonds, 6Diamonds, AClubs, JClubs, 5Clubs, 5Hearts, QSpades, 4Spades, 3Spades, 2Spades.
P2 HAND: ADiamonds, KDiamonds, 5Diamonds, 4Diamonds, 7Clubs, 4Clubs, QHearts, 6Hearts, 3Hearts, 7Spades.
P3 HAND: 7Diamonds, 2Diamonds, KClubs, QClubs, 6Clubs, 2Clubs, AHearts, KHearts, ASpades, 6Spades.
P0 3Clubs P1 AClubs P2 4Clubs P3 KClubs 
P1 2Spades P2 7Spades P3 ASpades P0 5Spades 
P3 2Diamonds P0 3Diamonds P1 6Diamonds P2 ADiamonds 
P2 4Diamonds P3 7Diamonds P0 JDiamonds P1 QDiamonds 
P3 2Clubs P0 2Hearts P1 5Clubs P2 7Clubs 
P0 JSpades P1 3Spades P2 5Diamonds P3 6Spades 
P0 KSpades P1 4Spades P2 3Hearts P3 6Clubs 
P2 6Hearts P3 KHearts P0 7Hearts P1 5Hearts 
P0 4Hearts P1 QSpades P2 QHearts P3 AHearts 
P3 QClubs P0 JHearts P1 JClubs P2 KDiamonds 
-- /GAME --
P0 HAND: 7Diamonds, JDiamonds, QDiamonds, 6Diamonds, JClubs, 2Clubs, 3Hearts, ASpades, QSpades, 3Spades.
P1 HAND: ADiamonds, AClubs, 7Clubs, QClubs, JHearts, 6Hearts, 5Hearts, 7Spades, JSpades, 6Spades.
P2 HAND: KDiamonds, 5Diamonds, 3Diamonds, 6Clubs, 4Clubs, 7Hearts, KHearts, 4Hearts, 5Spades, 4Spades.
P3 HAND: 4Diamonds, 2Diamonds, KClubs, 5Clubs, 3Clubs, AHearts, QHearts, 2Hearts, KSpades, 2Spades.
P3 2Diamonds P0 6Diamonds P1 ADiamonds P2 3Diamonds 
P1 AClubs P2 4Clubs P3 KClubs P0 2Clubs 
P1 6Spades P2 4Spades P3 2Spades P0 ASpades 
P0 3Spades P1 JSpades P2 5Spades P3 KSpades 
P3 3Clubs P0 JClubs P1 7Clubs P2 6Clubs 
P1 QClubs P2 5Diamonds P3 5Clubs P0 3Hearts 
P0 QSpades P1 7Spades P2 4Hearts P3 QHearts 
P3 4Diamonds P0 7Diamonds P1 5Hearts P2 KDiamonds 
P1 6Hearts P2 KHearts P3 2Hearts P0 JDiamonds 
P2 7Hearts P3 AHearts P0 QDiamonds P1 JHearts 
-- /GAME --
P0 HAND: 7Diamonds, QDiamonds, 5Diamonds, 4Diamonds, 7Clubs, 7Hearts, JHearts, 4Spades, 3Spades, 2Spades.
P1 HAND: KDiamonds, JClubs, QClubs, 3Clubs, QHearts, 2Hearts, ASpades, 7Spades, KSpades, QSpades.
P2 HAND: ADiamonds, JDiamonds, 6Diamonds, 2Diamonds, AClubs, 6Clubs, 2Clubs, KHearts, 5Hearts, 4Hearts.
P3 HAND: 3Diamonds, KClubs, 5Clubs, 4Clubs, AHearts, 6Hearts, 3Hearts, JSpades, 6Spades, 5Spades.
P2 AClubs P3 4Clubs P0 7Clubs P1 3Clubs 
P2 2Clubs P3 5Clubs P0 2Spades P1 JClubs 
P1 2Hearts P2 4Hearts P3 AHearts P0 JHearts 
P3 3Hearts P0 7Hearts P1 QHearts P2 KHearts 
P0 3Spades P1 ASpades P2 2Diamonds P3 5Spades 
P2 5Hearts P3 6Hearts P0 4Diamonds P1 QClubs 
P0 4Spades P1 QSpades P2 6Clubs P3 JSpades 
P3 6Spades P0 5Diamonds P1 KSpades P2 6Diamonds 
P2 JDiamonds P3 3Diamonds P0 QDiamonds P1 KDiamonds 
P1 7Spades P2 ADiamonds P3 KClubs P0 7Diamonds 
-- /GAME --
P0 HAND: KDiamonds, QClubs, 6Clubs, 7Hearts, KHearts, JHearts, 6Hearts, 2Hearts, 5Spades, 2Spades.
P1 HAND: JDiamonds, QDiamonds, 4Diamonds, 7Clubs, KClubs, 5Clubs, 4Hearts, 7Spades, QSpades, 4Spades.
P2 HAND: 7Diamonds, 5Diamonds, 3Clubs, 2Clubs, AHearts, QHearts, 3Hearts, ASpades, 6Spades, 3Spades.
P3 HAND: ADiamonds, 6Diamonds, 3Diamonds, 2Diamonds, AClubs, JClubs, 4Clubs, 5Hearts, KSpades, JSpades.
P1 4Diamonds P2 5Diamonds P3 ADiamonds P0 KDiamonds 
P3 AClubs P0 6Clubs P1 7Clubs P2 2Clubs 
P3 2Diamonds P0 2Hearts P1 QDiamonds P2 7Diamonds 
P2 AHearts P3 5Hearts P0 7Hearts P1 4Hearts 
P2 3Clubs P3 4Clubs P0 QClubs P1 KClubs 
P1 5Clubs P2 3Hearts P3 JClubs P0 5Spades 
P0 6Hearts P1 4Spades P2 QHearts P3 6Diamonds 
P1 JDiamonds P2 3Spades P3 3Diamonds P0 KHearts 
P2 6Spades P3 JSpades P0 2Spades P1 QSpades 
P3 KSpades P0 JHearts P1 7Spades P2 ASpades 
-- /GAME --
P0 HAND: JDiamonds, QDiamonds, 6Diamonds, 3Diamonds, JClubs, 3Clubs, AHearts, JHearts, 5Hearts, 2Hearts.
P1 HAND: 4Diamonds, 7Clubs, QClubs, KHearts, QHearts, 7Spades, KSpades, QSpades, 5Spades, 3Spades.
P2 HAND: 7Diamonds, 5Diamonds, 2Diamonds, KClubs, 4Clubs, 6Hearts, 4Hearts, ASpades, JSpades, 2Spades.
P3 HAND: ADiamonds, KDiamonds, AClubs, 6Clubs, 5Clubs, 2Clubs, 7Hearts, 3Hearts, 6Spades, 4Spades.
P2 ASpades P3 4Spades P0 JDiamonds P1 3Spades 
P2 2Diamonds P3 ADiamonds P0 3Diamonds P1 4Diamonds 
P3 3Hearts P0 AHearts P1 QHearts P2 6Hearts 
P0 QDiamonds P1 5Spades P2 7Diamonds P3 KDiamonds 
P2 2Spades P3 6Spades P0 6Diamonds P1 7Spades 
P1 QSpades P2 JSpades P3 2Clubs P0 3Clubs 
P0 JHearts P1 KHearts P2 4Hearts P3 7Hearts 
P3 5Clubs P0 JClubs P1 QClubs P2 4Clubs 
P0 5Hearts P1 7Clubs P2 5Diamonds P3 6Clubs 
P1 KSpades P2 KClubs P3 AClubs P0 2Hearts 
-- /GAME --
P0 HAND: 7Diamonds, 6Diamonds, 3Diamonds, 6Clubs, 2Clubs, 7Hearts, KHearts, 5Hearts, JSpades, QSpades.
P1 HAND: ADiamonds, 5Diamonds, 2Diamonds, AClubs, QClubs, 4Clubs, QHearts, 4Hearts, 6Spades, 4Spades.
P2 HAND: KDiamonds, 4Diamonds, 7Clubs, JClubs, JHearts, ASpades, KSpades, 5Spades, 3Spades, 2Spades.
P3 HAND: JDiamonds, QDiamonds, KClubs, 5Clubs, 3Clubs, AHearts, 6Hearts, 3Hearts, 2Hearts, 7Spades.
P1 AClubs P2 JClubs P3 KClubs P0 2Clubs 
P1 4Clubs P2 7Clubs P3 3Clubs P0 6Clubs 
P2 2Spades P3 7Spades P0 QSpades P1 6Spades 
P3 AHearts P0 5Hearts P1 QHearts P2 JHearts 
P3 2Hearts P0 7Hearts P1 4Hearts P2 ASpades 
P0 KHearts P1 4Spades P2 KSpades P3 3Hearts 
P0 JSpades P1 QClubs P2 3Spades P3 QDiamonds 
P3 5Clubs P0 3Diamonds P1 2Diamonds P2 5Spades 
P0 6Diamonds P1 5Diamonds P2 4Diamonds P3 JDiamonds 
P3 6Hearts P0 7Diamonds P1 ADiamonds P2 KDiamonds 
-- /GAME --
P0 HAND: ADiamonds, AClubs, 5Clubs, JHearts, QHearts, 3Hearts, KSpades, 6Spades, 5Spades, 4Spades.
P1 HAND: 7Diamonds, JDiamonds, 5Diamonds, QClubs, 4Clubs, 3Clubs, KHearts, 6Hearts, 2Hearts, 3Spades.
P2 HAND: QDiamonds, 3Diamonds, 7Clubs, JClubs, AHearts, 7Hearts, 4Hearts, ASpades, QSpades, 2Spades.
P3 HAND: KDiamonds, 6Diamonds, 4Diamonds, 2Diamonds, KClubs, 6Clubs, 2Clubs, 5Hearts, 7Spades, JSpades.
P0 ADiamonds P1 5Diamonds P2 QDiamonds P3 2Diamonds 
P0 4Spades P1 3Spades P2 ASpades P3 JSpades 
P2 AHearts P3 5Hearts P0 JHearts P1 2Hearts 
P2 2Spades P3 7Spades P0 5Spades P1 7Diamonds 
P3 4Diamonds P0 3Hearts P1 JDiamonds P2 3Diamonds 
P1 6Hearts P2 4Hearts P3 6Diamonds P0 QHearts 
P0 KSpades P1 3Clubs P2 QSpades P3 KDiamonds 
P1 4Clubs P2 JClubs P3 2Clubs P0 5Clubs 
P2 7Clubs P3 6Clubs P0 AClubs P1 QClubs 
P0 6Spades P1 KHearts P2 7Hearts P3 KClubs 
-- /GAME --
P0 HAND: QDiamonds, 4Clubs, 3Clubs, AHearts, KHearts, JHearts, QSpades, 6Spades, 3Spades, 2Spades.
P1 HAND: ADiamonds, KDiamonds, 5Diamonds, 7Clubs, 2Clubs, QHearts, 4Hearts, 3Hearts, 2Hearts, KSpades.
P2 HAND: 7Diamonds, 6Diamonds, 3Diamonds, 2Diamonds, AClubs, KClubs, QClubs, 5Clubs, 7Hearts, 5Spades.
P3 HAND: JDiamonds, 4Diamonds, JClubs, 6Clubs, 6Hearts, 5Hearts, ASpades, 7Spades, JSpades, 4Spades.
P3 ASpades P0 2Spades P1 KSpades P2 5Spades 
P3 4Diamonds P0 QDiamonds P1 ADiamonds P2 2Diamonds 
P1 2Hearts P2 7Hearts P3 5Hearts P0 AHearts 
P0 3Spades P1 3Hearts P2 3Diamonds P3 7Spades 
P3 4Spades P0 QSpades P1 4Hearts P2 7Diamonds 
P0 6Spades P1 5Diamonds P2 6Diamonds P3 JSpades 
P3 6Hearts P0 KHearts P1 QHearts P2 5Clubs 
P2 QClubs P3 6Clubs P0 3Clubs P1 2Clubs 
P2 KClubs P3 JClubs P0 4Clubs P1 7Clubs 
P1 KDiamonds P2 AClubs P3 JDiamonds P0 JHearts 
-- /GAME --
P0 HAND: JDiamonds, 3Diamonds, 3Clubs, 2Clubs, AHearts, QHearts, 3Hearts, 6Spades, 5Spades, 3Spades.
P1 HAND: ADiamonds, KDiamonds, 4Diamonds, 7Clubs, JHearts, 4Hearts, 7Spades, KSpades, JSpades, 2Spades.
P2 HAND: 7Diamonds, QDiamonds, 5Diamonds, KClubs, JClubs, QClubs, 7Hearts, 6Hearts, 2Hearts, ASpades.
P3 HAND: 6Diamonds, 2Diamonds, AClubs, 6Clubs, 5Clubs, 4Clubs, KHearts, 5Hearts, QSpades, 4Spades.
P2 ASpades P3 4Spades P0 6Spades P1 2Spades 
P2 5Diamonds P3 2Diamonds P0 3Diamonds P1 ADiamonds 
P1 4Diamonds P2 QDiamonds P3 6Diamonds P0 JDiamonds 
P0 3Spades P1 JSpades P2 QClubs P3 QSpades 
P1 4Hearts P2 2Hearts P3 5Hearts P0 3Hearts 
P3 4Clubs P0 3Clubs P1 7Clubs P2 JClubs 
P1 JHearts P2 6Hearts P3 KHearts P0 AHearts 
P0 2Clubs P1 KDiamonds P2 KClubs P3 AClubs 
P3 5Clubs P0 5Spades P1 KSpades P2 7Hearts 
P2 7Diamonds P3 6Clubs P0 QHearts P1 7Spades 
-- /GAME --
P0 HAND: ADiamonds, KDiamonds, QDiamonds, 7Clubs, QClubs, 6Clubs, 2Clubs, KHearts, JHearts, 7Spades.
P1 HAND: 7Diamonds, 6Diamonds, 4Diamonds, AClubs, 4Clubs, 3Clubs, 7Hearts, 3Hearts, 6Spades, 5Spades.
P2 HAND: KClubs, JClubs, 5Clubs, 6Hearts, 5Hearts, 4Hearts, 2Hearts, ASpades, 4Spades, 3Spades.
P3 HAND: JDiamonds, 5Diamonds, 3Diamonds, 2Diamonds, AHearts, QHearts, KSpades, JSpades, QSpades, 2Spades.
P1 3Hearts P2 2Hearts P3 AHearts P0 JHearts 
P3 2Diamonds P0 ADiamonds P1 4Diamonds P2 ASpades 
P0 7Spades P1 5Spades P2 4Spades P3 2Spades 
P0 KHearts P1 7Hearts P2 4Hearts P3 QHearts 
P1 6Diamonds P2 3Spades P3 3Diamonds P0 KDiamonds 
P0 QDiamonds P1 7Diamonds P2 5Clubs P3 5Diamonds 
P2 5Hearts P3 QSpades P0 7Clubs P1 AClubs 
P1 6Spades P2 6Hearts P3 JSpades P0 QClubs 
P0 2Clubs P1 3Clubs P2 JClubs P3 JDiamonds 
P2 KClubs P3 KSpades P0 6Clubs P1 4Clubs 
-- /GAME --
P0 HAND: QDiamonds, 6Diamonds, 2Diamonds, 7Clubs, AHearts, 6Hearts, 5Hearts, 4Hearts, 3Hearts, ASpades.
P1 HAND: 5Diamonds, JClubs, QClubs, 6Clubs, 5Clubs, QHearts, 7Spades, KSpades, 6Spades, 2Spades.
P2 HAND: ADiamonds, KDiamonds, AClubs, KClubs, 4Clubs, 7Hearts, 2Hearts, JSpades, QSpades, 4Spades.
P3 HAND: 7Diamonds, JDiamonds, 4Diamonds, 3Diamonds, 3Clubs, 2Clubs, KHearts, JHearts, 5Spades, 3Spades.
P3 2Clubs 
