-- GAME --
P0 HAND: KDiamonds, AClubs, JClubs, 6Hearts, 4Hearts, 3Hearts, ASpades, 7Spades, 3Spades, 2Spades.
P1 HAND: QDiamonds, 6Clubs, 4Clubs, 3Clubs, 2Clubs, KHearts, 5Hearts, 2Hearts, 6Spades, 4Spades.
P2 HAND: ADiamonds, 6Diamonds, 5Diamonds, 2Diamonds, 7Clubs, 5Clubs, AHearts, 7Hearts, JSpades, QSpades.
P3 HAND: 7Diamonds, JDiamonds, 4Diamonds, 3Diamonds, KClubs, QClubs, JHearts, QHearts, KSpades, 5Spades.
P2 ADiamonds P3 3Diamonds P0 KDiamonds P1 QDiamonds 
P2 AHearts P3 QHearts P0 6Hearts P1 2Hearts 
P2 2Diamonds P3 4Diamonds P0 JClubs P1 4Spades 
P0 AClubs P1 2Clubs P2 5Clubs P3 QClubs 
P0 ASpades P1 6Spades P2 JSpades P3 5Spades 
P0 7Spades P1 3Clubs P2 QSpades P3 KSpades 
P1 5Hearts P2 7Hearts P3 JHearts P0 3Hearts 
P2 5Diamonds P3 JDiamonds P0 4Hearts P1 KHearts 
P3 KClubs P0 3Spades P1 4Clubs P2 7Clubs 
P2 6Diamonds P3 7Diamonds P0 2Spades P1 6Clubs 
-- /GAME --
P0 HAND: QDiamonds, 7Clubs, KClubs, 5Clubs, KHearts, 4Hearts, 3Hearts, ASpades, 6Spades, 3Spades.
P1 HAND: 6Diamonds, 5Diamonds, 4Diamonds, AClubs, 3Clubs, JHearts, 6Hearts, 7Spades, JSpades, 2Spades.
P2 HAND: 7Diamonds, KDiamonds, JClubs, QClubs, 4Clubs, QHearts, 2Hearts, QSpades, 5Spades, 4Spades.
P3 HAND: ADiamonds, JDiamonds, 3Diamonds, 2Diamonds, 6Clubs, 2Clubs, AHearts, 7Hearts, 5Hearts, KSpades.
P1 AClubs P2 4Clubs P3 6Clubs P0 5Clubs 
P1 3Clubs P2 QClubs P3 2Clubs P0 7Clubs 
P0 QDiamonds P1 4Diamonds P2 KDiamonds P3 ADiamonds 
P3 AHearts P0 3Hearts P1 JHearts P2 2Hearts 
P3 2Diamonds P0 KClubs P1 5Diamonds P2 7Diamonds 
P2 QHearts P3 5Hearts P0 4Hearts P1 6Hearts 
P2 JClubs P3 3Diamonds P0 KHearts P1 2Spades 
P1 6Diamonds P2 4Spades P3 JDiamonds P0 3Spades 
P2 5Spades P3 KSpades P0 6Spades P1 JSpades 
P3 7Hearts P0 ASpades P1 7Spades P2 QSpades 
-- /GAME --
P0 HAND: QDiamonds, 5Diamonds, 4Diamonds, 7Clubs, 6Clubs, 4Clubs, 3Clubs, QSpades, 6Spades, 4Spades.
P1 HAND: 7Diamonds, 6Diamonds, 3Diamonds, 2Diamonds, JClubs, QClubs, KHearts, 6Hearts, 4Hearts, 2Spades.
P2 HAND: ADiamonds, JDiamonds, KClubs, AHearts, JHearts, QHearts, 5Hearts, 7Spades, 5Spades, 3Spades.
P3 HAND: KDiamonds, AClubs, 5Clubs, 2Clubs, 7Hearts, 3Hearts, 2Hearts, ASpades, KSpades, JSpades.

