-- GAME --
P0 HAND: 5Diamonds, 4Diamonds, QClubs, QHearts, 3Hearts, ASpades, JSpades, 6Spades, 4Spades, 3Spades.
P1 HAND: KDiamonds, JDiamonds, 7Clubs, KClubs, JClubs, 5Clubs, AHearts, 7Hearts, KHearts, 4Hearts.
P2 HAND: QDiamonds, 6Clubs, 4Clubs, 3Clubs, 6Hearts, 5Hearts, 2Hearts, 7Spades, KSpades, 2Spades.
P3 HAND: ADiamonds, 7Diamonds, 6Diamonds, 3Diamonds, 2Diamonds, AClubs, 2Clubs, JHearts, QSpades, 5Spades.
P2 2Hearts P3 JHearts P0 3Hearts P1 AHearts 
P1 4Hearts P2 5Hearts P3 2Diamonds P0 QHearts 
P0 ASpades P1 5Clubs P2 2Spades P3 QSpades 
P1 JDiamonds P2 QDiamonds P3 ADiamonds P0 5Diamonds 
P3 3Diamonds P0 4Diamonds P1 KDiamonds P2 6Hearts 
P1 JClubs P2 3Clubs P3 2Clubs P0 QClubs 
P1 KClubs P2 4Clubs P3 AClubs P0 3Spades 
P3 5Spades P0 4Spades P1 7Clubs P2 KSpades 
P1 KHearts P2 6Clubs P3 6Diamonds P0 JSpades 
P2 7Spades P3 7Diamonds P0 6Spades P1 7Hearts 
-- /GAME --
P0 HAND: 2Diamonds, AClubs, 7Clubs, 5Clubs, 7Hearts, JHearts, ASpades, JSpades, 6Spades, 5Spades.
P1 HAND: JDiamonds, 6Diamonds, KClubs, 6Clubs, 4Clubs, QHearts, 3Hearts, 2Hearts, QSpades, 4Spades.
P2 HAND: 7Diamonds, KDiamonds, 5Diamonds, JClubs, 3Clubs, KHearts, 4Hearts, 7Spades, KSpades, 3Spades.
P3 HAND: ADiamonds, QDiamonds, 4Diamonds, 3Diamonds, QClubs, 2Clubs, AHearts, 6Hearts, 5Hearts, 2Spades.
P1 2Hearts P2 4Hearts P3 AHearts P0 JHearts 
P3 ADiamonds P0 2Diamonds P1 JDiamonds P2 5Diamonds 
P3 2Clubs P0 AClubs P1 4Clubs P2 JClubs 
P0 7Clubs P1 6Clubs P2 3Clubs P3 QClubs 
P0 7Hearts P1 3Hearts P2 KHearts P3 5Hearts 
P0 5Clubs P1 KClubs P2 3Spades P3 3Diamonds 
P2 KSpades P3 2Spades P0 5Spades P1 4Spades 
P2 7Spades P3 4Diamonds P0 6Spades P1 QSpades 
P2 KDiamonds P3 QDiamonds P0 JSpades P1 6Diamonds 
P0 ASpades P1 QHearts P2 7Diamonds P3 6Hearts 
-- /GAME --
P0 HAND: 7Diamonds, KDiamonds, 4Diamonds, 2Diamonds, KClubs, 3Clubs, 2Clubs, 7Hearts, 5Hearts, 4Spades.
P1 HAND: QDiamonds, 7Clubs, QClubs, JHearts, QHearts, 4Hearts, 2Hearts, QSpades, 6Spades, 3Spades.
P2 HAND: 6Diamonds, 5Diamonds, JClubs, 6Clubs, 4Clubs, KHearts, 6Hearts, 7Spades, JSpades, 2Spades.
P3 HAND: ADiamonds, JDiamonds, 3Diamonds, AClubs, 5Clubs, AHearts, 3Hearts, ASpades, KSpades, 5Spades.
P0 2Diamonds P1 QDiamonds P2 5Diamonds P3 ADiamonds 
P3 AClubs P0 2Clubs P1 7Clubs P2 4Clubs 
P3 ASpades P0 4Spades P1 QSpades P2 2Spades 
P3 3Diamonds P0 7Diamonds P1 2Hearts P2 6Diamonds 
P1 3Spades P2 JSpades P3 5Spades P0 KDiamonds 
P2 6Clubs P3 5Clubs P0 KClubs P1 QClubs 
P0 3Clubs P1 6Spades P2 JClubs P3 3Hearts 
P3 JDiamonds P0 4Diamonds P1 4Hearts P2 6Hearts 
P2 KHearts P3 AHearts P0 5Hearts P1 QHearts 
P3 KSpades P0 7Hearts P1 JHearts P2 7Spades 
-- /GAME --
P0 HAND: 5Diamonds, 3Diamonds, 2Diamonds, QClubs, 6Clubs, 5Hearts, 4Hearts, 3Hearts, QSpades, 6Spades.
P1 HAND: KDiamonds, 4Diamonds, 7Clubs, AHearts, 7Hearts, QHearts, 6Hearts, 2Hearts, 3Spades, 2Spades.
P2 HAND: ADiamonds, 7Diamonds, QDiamonds, KClubs, JClubs, 3Clubs, 2Clubs, KHearts, 5Spades, 4Spades.
P3 HAND: JDiamonds, 6Diamonds, AClubs, 5Clubs, 4Clubs, JHearts, ASpades, 7Spades, KSpades, JSpades.
P3 AClubs P0 6Clubs P1 7Clubs P2 2Clubs 
P3 4Clubs P0 QClubs P1 2Hearts P2 KClubs 
P2 ADiamonds P3 6Diamonds P0 5Diamonds P1 4Diamonds 
P2 3Clubs P3 5Clubs P0 6Spades P1 6Hearts 
P0 5Hearts P1 AHearts P2 KHearts P3 JHearts 
P1 QHearts P2 QDiamonds P3 JSpades P0 4Hearts 
P3 JDiamonds P0 2Diamonds P1 KDiamonds P2 7Diamonds 
P2 JClubs P3 KSpades P0 3Hearts P1 7Hearts 
P3 7Spades P0 QSpades P1 2Spades P2 4Spades 
P3 ASpades P0 3Diamonds P1 3Spades P2 5Spades 
-- /GAME --
P0 HAND: ADiamonds, 7Diamonds, 5Diamonds, JClubs, QClubs, 7Hearts, 4Hearts, 6Spades, 5Spades, 2Spades.
P1 HAND: JDiamonds, QDiamonds, 3Diamonds, 7Clubs, KClubs, 3Clubs, 2Clubs, JHearts, 5Hearts, QSpades.
P2 HAND: 6Diamonds, 4Diamonds, 6Clubs, 5Clubs, 4Clubs, QHearts, 2Hearts, 7Spades, KSpades, 4Spades.
P3 HAND: KDiamonds, 2Diamonds, AClubs, AHearts, KHearts, 6Hearts, 3Hearts, ASpades, JSpades, 3Spades.
P2 2Hearts P3 AHearts P0 4Hearts P1 JHearts 
P3 AClubs P0 QClubs P1 7Clubs P2 4Clubs 
P3 ASpades P0 5Spades P1 QSpades P2 4Spades 
P3 3Hearts P0 7Hearts P1 5Hearts P2 QHearts 
P0 6Spades P1 2Clubs P2 7Spades P3 3Spades 
P2 5Clubs P3 6Hearts P0 JClubs P1 KClubs 
P1 3Clubs P2 6Clubs P3 2Diamonds 
