-- GAME --
P0 HAND: KDiamonds, 6Diamonds, JClubs, 4Clubs, AHearts, JHearts, 5Hearts, 3Hearts, QSpades, 4Spades.
P1 HAND: AClubs, 7Clubs, QClubs, 5Clubs, 2Clubs, ASpades, 7Spades, 6Spades, 5Spades, 2Spades.
P2 HAND: ADiamonds, QDiamonds, 4Diamonds, 3Diamonds, 6Clubs, KHearts, QHearts, 2Hearts, JSpades, 3Spades.
P3 HAND: 7Diamonds, JDiamonds, 5Diamonds, 2Diamonds, KClubs, 3Clubs, 7Hearts, 6Hearts, 4Hearts, KSpades.
P0 AHearts P1 2Clubs P2 2Hearts P3 7Hearts 
P1 2Spades P2 3Spades P3 KSpades P0 4Spades 
P3 2Diamonds P0 6Diamonds P1 5Spades P2 ADiamonds 
P2 3Diamonds P3 5Diamonds P0 KDiamonds P1 6Spades 
P0 3Hearts P1 5Clubs P2 QHearts P3 6Hearts 
P1 QClubs P2 6Clubs P3 3Clubs P0 JClubs 
P0 5Hearts P1 7Clubs P2 KHearts P3 4Hearts 
P1 AClubs P2 4Diamonds P3 KClubs P0 4Clubs 
P1 7Spades P2 JSpades P3 JDiamonds P0 QSpades 
P1 ASpades P2 QDiamonds P3 7Diamonds P0 JHearts 
-- /GAME --
P0 HAND: QDiamonds, 3Diamonds, KClubs, JClubs, 6Clubs, 3Clubs, 2Clubs, 6Hearts, 4Spades, 2Spades.
P1 HAND: 7Diamonds, 6Diamonds, 5Diamonds, 7Clubs, 4Clubs, KHearts, JHearts, 5Hearts, 3Hearts, 3Spades.
P2 HAND: ADiamonds, KDiamonds, JDiamonds, QClubs, AHearts, 7Hearts, QHearts, 7Spades, QSpades, 5Spades.
P3 HAND: 4Diamonds, 2Diamonds, AClubs, 5Clubs, 4Hearts, 2Hearts, ASpades, KSpades, JSpades, 6Spades.
P3 AClubs P0 2Clubs P1 7Clubs P2 QClubs 
P3 2Diamonds P0 3Diamonds P1 5Diamonds P2 ADiamonds 
P2 AHearts P3 2Hearts P0 6Hearts P1 3Hearts 
P2 QHearts P3 4Hearts P0 3Clubs P1 KHearts 
P1 4Clubs P2 5Spades P3 5Clubs P0 KClubs 
P2 JDiamonds P3 4Diamonds P0 QDiamonds P1 7Diamonds 
P1 5Hearts P2 7Hearts P3 6Spades P0 6Clubs 
P3 JSpades P0 2Spades P1 3Spades P2 QSpades 
P3 KSpades P0 4Spades P1 6Diamonds P2 7Spades 
P2 KDiamonds P3 ASpades P0 JClubs P1 JHearts 
-- /GAME --
P0 HAND: 6Diamonds, 4Diamonds, QClubs, 6Clubs, KHearts, JHearts, 5Hearts, 2Hearts, ASpades, 5Spades.
P1 HAND: 3Diamonds, AClubs, 7Clubs, 4Clubs, 7Hearts, 6Hearts, 3Hearts, QSpades, 6Spades, 3Spades.
P2 HAND: KDiamonds, JDiamonds, 5Diamonds, 2Diamonds, 5Clubs, 3Clubs, QHearts, 7Spades, KSpades, JSpades.
P3 HAND: ADiamonds, 7Diamonds, QDiamonds, KClubs, JClubs, 2Clubs, AHearts, 4Hearts, 4Spades, 2Spades.
P2 2Diamonds P3 ADiamonds P0 4Diamonds P1 3Diamonds 
P3 AHearts P0 2Hearts P1 7Hearts P2 QHearts 
P3 2Clubs P0 6Clubs P1 AClubs P2 3Clubs 
P1 3Hearts P2 5Diamonds P3 4Hearts P0 KHearts 
P0 6Diamonds P1 4Clubs P2 JDiamonds P3 7Diamonds 
P3 QDiamonds P0 5Hearts P1 6Hearts P2 KDiamonds 
P2 5Clubs P3 JClubs P0 QClubs P1 7Clubs 
P1 3Spades P2 JSpades P3 2Spades P0 5Spades 
P2 KSpades P3 4Spades P0 ASpades P1 6Spades 
P0 JHearts P1 QSpades P2 7Spades P3 KClubs 
-- /GAME --
P0 HAND: KDiamonds, 6Diamonds, 5Diamonds, 6Clubs, 3Clubs, 7Hearts, 6Hearts, 3Hearts, 5Spades, 4Spades.
P1 HAND: QDiamonds, 2Diamonds, AClubs, JClubs, 4Clubs, KHearts, 7Spades, KSpades, QSpades, 6Spades.
P2 HAND: 7Diamonds, JDiamonds, 7Clubs, KClubs, QClubs, 5Clubs, JHearts, 4Hearts, 3Spades, 2Spades.
P3 HAND: ADiamonds, 4Diamonds, 3Diamonds, 2Clubs, AHearts, QHearts, 5Hearts, 2Hearts, ASpades, JSpades.

