-- GAME --
P0 HAND: ADiamonds, JDiamonds, QDiamonds, 6Diamonds, AClubs, KClubs, AHearts, 7Hearts, 6Hearts, 3Hearts.
P1 HAND: 5Diamonds, 3Diamonds, 6Clubs, 5Clubs, QHearts, 4Hearts, KSpades, JSpades, QSpades, 6Spades.
P2 HAND: 7Diamonds, KDiamonds, 4Diamonds, 2Diamonds, 7Clubs, JClubs, QClubs, 4Clubs, 2Clubs, 5Hearts.
P3 HAND: 3Clubs, KHearts, JHearts, 2Hearts, ASpades, 7Spades, 5Spades, 4Spades, 3Spades, 2Spades.
P1 3Diamonds P2 2Diamonds P3 2Spades P0 ADiamonds 
P0 AClubs P1 5Clubs P2 7Clubs P3 3Clubs 
P0 KClubs P1 6Clubs P2 2Clubs P3 3Spades 
P0 AHearts P1 4Hearts P2 5Hearts P3 2Hearts 
P0 7Hearts P1 QHearts P2 7Diamonds P3 JHearts 
P0 6Hearts P1 5Diamonds P2 4Diamonds P3 KHearts 
P3 4Spades P0 3Hearts P1 6Spades P2 KDiamonds 
P0 JDiamonds P1 QSpades P2 4Clubs P3 5Spades 
P0 QDiamonds P1 JSpades P2 QClubs P3 7Spades 
P0 6Diamonds P1 KSpades P2 JClubs P3 ASpades 
-- /GAME --
P0 HAND: JDiamonds, QDiamonds, 3Diamonds, 2Diamonds, QClubs, 3Clubs, 6Hearts, 5Hearts, 7Spades, 2Spades.
P1 HAND: 7Diamonds, AClubs, 7Clubs, KClubs, 2Clubs, 7Hearts, JHearts, 4Hearts, ASpades, QSpades.
P2 HAND: KDiamonds, JClubs, 3Hearts, 2Hearts, KSpades, JSpades, 6Spades, 5Spades, 4Spades, 3Spades.
P3 HAND: ADiamonds, 6Diamonds, 5Diamonds, 4Diamonds, 6Clubs, 5Clubs, 4Clubs, AHearts, KHearts, QHearts.
P0 5Hearts P1 4Hearts P2 2Hearts P3 AHearts 
P3 4Clubs P0 3Clubs P1 AClubs P2 JClubs 
P1 ASpades P2 3Spades P3 KHearts P0 2Spades 
P1 2Clubs P2 3Hearts P3 5Clubs P0 QClubs 
P0 2Diamonds P1 7Diamonds P2 KDiamonds P3 4Diamonds 
P1 QSpades P2 4Spades P3 6Clubs P0 7Spades 
P0 3Diamonds P1 JHearts P2 5Spades P3 5Diamonds 
P3 QHearts P0 6Hearts P1 7Hearts P2 6Spades 
P1 KClubs P2 JSpades P3 6Diamonds P0 JDiamonds 
P0 QDiamonds P1 7Clubs P2 KSpades P3 ADiamonds 
-- /GAME --
P0 HAND: 5Diamonds, 4Diamonds, 3Diamonds, QClubs, 5Clubs, AHearts, 7Hearts, JHearts, 2Hearts, ASpades.
P1 HAND: QDiamonds, JClubs, 4Clubs, 3Clubs, KHearts, 4Hearts, 7Spades, JSpades, QSpades, 5Spades.
P2 HAND: ADiamonds, KDiamonds, JDiamonds, 7Clubs, 6Clubs, 2Clubs, 5Hearts, 3Hearts, 6Spades, 4Spades.
P3 HAND: 7Diamonds, 6Diamonds, 2Diamonds, AClubs, KClubs, QHearts, 6Hearts, KSpades, 3Spades, 2Spades.
P3 AClubs P0 5Clubs P1 JClubs P2 2Clubs 
P3 2Diamonds P0 4Diamonds P1 QDiamonds P2 ADiamonds 
P2 3Hearts P3 6Hearts P0 AHearts P1 4Hearts 
P0 7Hearts P1 KHearts P2 5Hearts P3 QHearts 
P0 QClubs P1 3Clubs P2 7Clubs P3 KClubs 
P2 6Clubs P3 6Diamonds P0 2Hearts P1 4Clubs 
P2 JDiamonds P3 7Diamonds P0 3Diamonds P1 5Spades 
P1 QSpades P2 4Spades P3 2Spades P0 ASpades 
P0 5Diamonds P1 JSpades P2 KDiamonds P3 3Spades 
P1 7Spades P2 6Spades P3 KSpades P0 JHearts 
-- /GAME --
P0 HAND: 6Diamonds, 5Diamonds, KClubs, JClubs, 2Clubs, JHearts, 4Hearts, 3Hearts, 2Hearts, JSpades.
P1 HAND: ADiamonds, QDiamonds, 4Diamonds, 2Diamonds, AClubs, KHearts, 5Hearts, 7Spades, 6Spades, 2Spades.
P2 HAND: KDiamonds, JDiamonds, 6Clubs, 4Clubs, 3Clubs, QHearts, ASpades, QSpades, 5Spades, 3Spades.
P3 HAND: 7Diamonds, 3Diamonds, 7Clubs, QClubs, 5Clubs, AHearts, 7Hearts, 6Hearts, KSpades, 4Spades.
P2 ASpades P3 4Spades P0 JSpades P1 2Spades 
P2 3Spades P3 KSpades P0 KClubs P1 6Spades 
P0 5Diamonds P1 ADiamonds P2 JDiamonds P3 7Diamonds 
P1 2Diamonds P2 KDiamonds P3 3Diamonds P0 6Diamonds 
P2 5Spades P3 6Hearts P0 2Hearts P1 7Spades 
P1 4Diamonds P2 QHearts P3 5Clubs P0 3Hearts 
P3 QClubs P0 JClubs P1 AClubs P2 3Clubs 
P1 5Hearts P2 QSpades P3 AHearts P0 4Hearts 
P3 7Clubs P0 2Clubs P1 KHearts P2 4Clubs 
P3 7Hearts P0 JHearts P1 QDiamonds P2 6Clubs 
-- /GAME --
P0 HAND: KDiamonds, 5Diamonds, JClubs, QClubs, 2Clubs, KHearts, 5Hearts, JSpades, 6Spades, 2Spades.
P1 HAND: QDiamonds, KClubs, 3Clubs, AHearts, 7Hearts, JHearts, 6Hearts, 2Hearts, KSpades, 4Spades.
P2 HAND: ADiamonds, JDiamonds, 4Diamonds, AClubs, 7Clubs, 4Clubs, QHearts, 3Hearts, 7Spades, 5Spades.
P3 HAND: 7Diamonds, 6Diamonds, 3Diamonds, 2Diamonds, 6Clubs, 5Clubs, 4Hearts, ASpades, QSpades, 3Spades.
P1 2Hearts P2 3Hearts P3 4Hearts P0 KHearts 
P0 5Hearts P1 6Hearts P2 QHearts P3 3Spades 
P2 AClubs P3 5Clubs P0 JClubs P1 3Clubs 
P2 4Clubs P3 6Clubs P0 2Clubs P1 KClubs 
P1 4Spades P2 5Spades P3 ASpades P0 2Spades 
P3 QSpades P0 JSpades P1 KSpades P2 7Spades 
P2 4Diamonds P3 2Diamonds P0 5Diamonds P1 QDiamonds 
P1 JHearts P2 JDiamonds P3 7Diamonds P0 6Spades 
P3 3Diamonds P0 KDiamonds P1 7Hearts P2 ADiamonds 
P2 7Clubs P3 6Diamonds P0 QClubs P1 AHearts 
-- /GAME --
P0 HAND: 3Diamonds, 2Diamonds, KClubs, JClubs, 6Hearts, 2Hearts, 7Spades, QSpades, 6Spades, 2Spades.
P1 HAND: 7Diamonds, 4Diamonds, 5Clubs, 3Clubs, 2Clubs, AHearts, 7Hearts, JHearts, 3Hearts, KSpades.
P2 HAND: ADiamonds, QDiamonds, AClubs, 7Clubs, 6Clubs, QHearts, 4Hearts, ASpades, JSpades, 5Spades.
P3 HAND: KDiamonds, JDiamonds, 6Diamonds, 5Diamonds, QClubs, 4Clubs, KHearts, 5Hearts, 4Spades, 3Spades.
P2 ADiamonds P3 5Diamonds P0 2Diamonds P1 4Diamonds 
P2 AClubs P3 4Clubs P0 KClubs P1 2Clubs 
P2 ASpades P3 3Spades P0 7Spades P1 KSpades 
P2 5Spades P3 4Spades 
