-- GAME --
P0 6Hearts P1 4Hearts P2 AHearts 
P2 5Clubs P3 KClubs P0 AClubs P1 3Clubs 
P0 2Spades P1 KSpades P2 3Spades P3 JSpades 
P1 4Diamonds P2 KDiamonds P3 QDiamonds P0 6Diamonds 
P2 6Clubs P3 7Clubs P0 2Clubs P1 JClubs 
P3 3Hearts P0 7Hearts P1 5Hearts P2 JHearts 
P0 4Clubs P1 QClubs P2 6Spades P3 QHearts 
P2 QSpades P3 JDiamonds P0 4Spades P1 7Spades 
P1 7Diamonds P2 ASpades P3 KHearts P0 5Spades 
-- /GAME --
P0 HAND: ADiamonds, KDiamonds, 5Diamonds, 2Diamonds, 7Clubs, 5Clubs, 3Clubs, 5Hearts, 3Hearts, QSpades.
P1 HAND: QDiamonds, 4Diamonds, KClubs, 6Clubs, 4Clubs, KHearts, ASpades, KSpades, JSpades, 6Spades.
P2 HAND: 7Diamonds, JDiamonds, 3Diamonds, AClubs, QClubs, 2Clubs, 2Hearts, 7Spades, 5Spades, 2Spades.
P3 HAND: 6Diamonds, JClubs, AHearts, 7Hearts, JHearts, QHearts, 6Hearts, 4Hearts, 4Spades, 3Spades.
P0 ADiamonds P1 4Diamonds P2 7Diamonds P3 6Diamonds 
P0 KDiamonds P1 QDiamonds P2 JDiamonds P3 JClubs 
P3 3Spades P0 QSpades P1 ASpades P2 2Spades 
P1 6Spades P2 5Spades P3 4Spades P0 3Hearts 
P1 JSpades P2 7Spades P3 4Hearts P0 5Hearts 
P2 2Hearts P3 6Hearts P0 5Diamonds P1 KHearts 
P1 4Clubs P2 2Clubs P3 QHearts P0 3Clubs 
P1 6Clubs P2 QClubs P3 JHearts P0 7Clubs 
P0 2Diamonds P1 KClubs P2 3Diamonds P3 AHearts 
P1 KSpades P2 AClubs P3 7Hearts P0 5Clubs 
-- /GAME --
P0 HAND: 3Diamonds, 6Clubs, 3Clubs, 7Hearts, JHearts, QHearts, 6Hearts, 4Hearts, KSpades, 4Spades.
P1 HAND: 5Diamonds, 4Diamonds, AClubs, 7Clubs, 5Clubs, 4Clubs, KHearts, 3Hearts, 2Hearts, 2Spades.
P2 HAND: ADiamonds, JDiamonds, QDiamonds, 2Diamonds, KClubs, JClubs, QClubs, QSpades, 6Spades, 5Spades.
P3 HAND: 7Diamonds, KDiamonds, 6Diamonds, 2Clubs, AHearts, 5Hearts, ASpades, 7Spades, JSpades, 3Spades.
P3 AHearts P0 4Hearts P1 KHearts P2 5Spades 
P2 ADiamonds P3 6Diamonds P0 3Diamonds P1 4Diamonds 
P2 2Diamonds P3 KDiamonds P0 KSpades P1 5Diamonds 
P0 7Hearts P1 2Hearts P2 KClubs P3 5Hearts 
P0 JHearts P1 3Hearts P2 JDiamonds P3 3Spades 
P3 2Clubs P0 3Clubs P1 AClubs P2 QClubs 
P1 4Clubs P2 JClubs P3 JSpades P0 6Clubs 
P3 7Spades P0 4Spades P1 2Spades P2 6Spades 
P3 ASpades P0 6Hearts P1 5Clubs P2 QSpades 
P3 7Diamonds P0 QHearts P1 7Clubs P2 QDiamonds 
-- /GAME --
P0 HAND: 7Diamonds, 3Diamonds, 7Clubs, KClubs, QClubs, 5Clubs, 2Clubs, KHearts, 6Hearts, 5Hearts.
P1 HAND: KDiamonds, 4Clubs, 3Clubs, 7Hearts, JHearts, ASpades, 7Spades, QSpades, 6Spades, 3Spades.
P2 HAND: QDiamonds, 6Diamonds, 5Diamonds, 4Diamonds, AClubs, JClubs, QHearts, 3Hearts, 2Hearts, 4Spades.
P3 HAND: ADiamonds, JDiamonds, 2Diamonds, 6Clubs, AHearts, 4Hearts, KSpades, JSpades, 5Spades, 2Spades.
P2 AClubs P3 6Clubs P0 7Clubs P1 3Clubs 
P2 4Diamonds P3 ADiamonds P0 3Diamonds P1 KDiamonds 
P3 2Diamonds P0 7Diamonds P1 JHearts P2 5Diamonds 
P1 3Spades P2 4Spades P3 2Spades P0 KClubs 
P2 6Diamonds P3 JDiamonds P0 6Hearts P1 4Clubs 
P0 2Clubs P1 6Spades P2 JClubs P3 5Spades 
P2 QDiamonds P3 4Hearts P0 5Hearts P1 QSpades 
P0 5Clubs P1 7Hearts P2 2Hearts P3 KSpades 
P1 7Spades P2 3Hearts P3 JSpades P0 KHearts 
P0 QClubs P1 ASpades P2 QHearts P3 AHearts 
-- /GAME --
P0 HAND: KDiamonds, QDiamonds, 3Diamonds, AClubs, 3Clubs, 2Clubs, JHearts, QHearts, 4Hearts, ASpades.
P1 HAND: ADiamonds, 4Diamonds, JClubs, 5Clubs, AHearts, KHearts, 6Hearts, 5Hearts, JSpades, 6Spades.
P2 HAND: JDiamonds, 6Diamonds, 2Diamonds, QClubs, 4Clubs, 2Hearts, QSpades, 4Spades, 3Spades, 2Spades.
P3 HAND: 7Diamonds, 5Diamonds, 7Clubs, KClubs, 6Clubs, 7Hearts, 3Hearts, 7Spades, KSpades, 5Spades.
P1 ADiamonds P2 2Diamonds P3 7Diamonds P0 3Diamonds 
P1 AHearts P2 2Hearts 
