-- GAME --
P0 HAND: ADiamonds, JDiamonds, 7Clubs, 4Clubs, AHearts, KHearts, QHearts, 3Hearts, 5Spades, 2Spades.
P1 HAND: 7Diamonds, 6Diamonds, 5Diamonds, AClubs, KClubs, 3Clubs, 2Clubs, KSpades, JSpades, 3Spades.
P2 HAND: 4Diamonds, 3Diamonds, JClubs, QClubs, 6Clubs, JHearts, 5Hearts, 7Spades, QSpades, 6Spades.
P3 HAND: KDiamonds, QDiamonds, 2Diamonds, 5Clubs, 7Hearts, 6Hearts, 4Hearts, 2Hearts, ASpades, 4Spades.
P3 ASpades P0 2Spades P1 KSpades P2 6Spades 
P3 2Diamonds P0 JDiamonds P1 5Diamonds P2 4Diamonds 
P0 ADiamonds P1 6Diamonds P2 3Diamonds P3 QDiamonds 
P0 5Spades P1 3Spades P2 7Spades P3 4Spades 
P2 6Clubs P3 5Clubs P0 7Clubs P1 AClubs 
P1 2Clubs P2 QClubs P3 2Hearts P0 4Clubs 
P3 4Hearts P0 3Hearts P1 3Clubs P2 5Hearts 
P2 QSpades P3 6Hearts P0 QHearts P1 JSpades 
P0 AHearts P1 KClubs P2 JHearts P3 7Hearts 
P0 KHearts P1 7Diamonds P2 JClubs P3 KDiamonds 
-- /GAME --
P0 HAND: JDiamonds, 6Diamonds, AClubs, 4Clubs, 7Hearts, 6Hearts, 4Hearts, KSpades, 5Spades, 3Spades.
P1 HAND: KDiamonds, 3Diamonds, 7Clubs, JClubs, 3Clubs, JHearts, 2Hearts, 7Spades, 4Spades, 2Spades.
P2 HAND: QDiamonds, 4Diamonds, 2Diamonds, QClubs, AHearts, QHearts, 5Hearts, 3Hearts, QSpades, 6Spades.
P3 HAND: ADiamonds, 7Diamonds, 5Diamonds, KClubs, 6Clubs, 5Clubs, 2Clubs, KHearts, ASpades, JSpades.
P2 AHearts P3 KHearts P0 4Hearts P1 2Hearts 
P2 2Diamonds P3 ADiamonds P0 6Diamonds P1 KDiamonds 
P3 2Clubs P0 AClubs P1 3Clubs P2 QClubs 
P0 7Hearts P1 JHearts P2 3Hearts P3 JSpades 
P3 5Diamonds P0 JDiamonds P1 3Diamonds P2 QDiamonds 
P0 6Hearts P1 2Spades P2 5Hearts P3 7Diamonds 
P1 JClubs P2 4Diamonds P3 5Clubs P0 4Clubs 
P1 4Spades P2 6Spades P3 ASpades P0 3Spades 
P3 6Clubs P0 5Spades P1 7Clubs P2 QHearts 
P0 KSpades P1 7Spades P2 QSpades P3 KClubs 
-- /GAME --
P0 HAND: 7Diamonds, KDiamonds, 4Diamonds, QClubs, 3Clubs, AHearts, 7Hearts, 7Spades, KSpades, 6Spades.
P1 HAND: ADiamonds, 5Diamonds, 3Diamonds, 7Clubs, KClubs, KHearts, QHearts, 6Hearts, ASpades, QSpades.
P2 HAND: JDiamonds, 2Diamonds, AClubs, 6Clubs, 4Clubs, JHearts, 3Hearts, 2Hearts, 5Spades, 3Spades.
P3 HAND: QDiamonds, 6Diamonds, JClubs, 5Clubs, 2Clubs, 5Hearts, 4Hearts, JSpades, 4Spades, 2Spades.
P1 ADiamonds P2 2Diamonds P3 QDiamonds P0 4Diamonds 
P1 3Diamonds P2 JDiamonds P3 6Diamonds P0 7Diamonds 
P0 AHearts P1 6Hearts P2 JHearts P3 4Hearts 
P0 7Hearts P1 QHearts P2 3Hearts P3 5Hearts 
P0 KDiamonds P1 5Diamonds P2 2Hearts P3 2Clubs 
P0 6Spades P1 QSpades P2 3Spades P3 2Spades 
P1 ASpades P2 5Spades P3 4Spades P0 KSpades 
P1 KClubs P2 AClubs P3 5Clubs P0 QClubs 
P2 4Clubs P3 JClubs P0 3Clubs P1 7Clubs 
P1 KHearts P2 6Clubs P3 JSpades P0 7Spades 
-- /GAME --
P0 HAND: JDiamonds, 2Diamonds, 5Clubs, 2Clubs, AHearts, 6Hearts, 4Hearts, 7Spades, 5Spades, 2Spades.
P1 HAND: ADiamonds, 7Diamonds, KDiamonds, 7Clubs, 4Clubs, KHearts, 5Hearts, 2Hearts, QSpades, 6Spades.
P2 HAND: QDiamonds, AClubs, JClubs, QClubs, 6Clubs, 3Clubs, JHearts, QHearts, ASpades, KSpades.
P3 HAND: 6Diamonds, 5Diamonds, 4Diamonds, 3Diamonds, KClubs, 7Hearts, 3Hearts, JSpades, 4Spades, 3Spades.
P0 AHearts P1 2Hearts P2 JHearts P3 3Hearts 
P0 6Hearts P1 5Hearts P2 QHearts P3 7Hearts 
P3 3Spades P0 2Spades P1 6Spades P2 ASpades 
P2 3Clubs P3 KClubs P0 2Clubs P1 7Clubs 
P1 4Clubs P2 6Clubs P3 4Spades P0 5Clubs 
P2 QClubs P3 3Diamonds P0 4Hearts P1 KHearts 
P3 JSpades P0 7Spades P1 QSpades P2 KSpades 
P0 5Spades P1 KDiamonds P2 QDiamonds P3 4Diamonds 
P1 7Diamonds P2 JClubs P3 5Diamonds P0 2Diamonds 
P1 ADiamonds P2 AClubs P3 6Diamonds P0 JDiamonds 
-- /GAME --
P0 HAND: ADiamonds, QDiamonds, 4Clubs, 3Clubs, KHearts, JHearts, 6Hearts, 3Hearts, 4Spades, 2Spades.
P1 HAND: 7Diamonds, 5Diamonds, JClubs, 5Clubs, 2Clubs, AHearts, QHearts, ASpades, 5Spades, 3Spades.
P2 HAND: KDiamonds, 3Diamonds, KClubs, QClubs, 7Hearts, 7Spades, KSpades, JSpades, QSpades, 6Spades.
P3 HAND: JDiamonds, 6Diamonds, 4Diamonds, 2Diamonds, AClubs, 7Clubs, 6Clubs, 5Hearts, 4Hearts, 2Hearts.
P3 AClubs P0 3Clubs P1 JClubs P2 QClubs 
P3 2Diamonds P0 ADiamonds P1 5Diamonds P2 KDiamonds 

