-- GAME --
P0 HAND: ADiamonds, 7Clubs, KClubs, 3Clubs, 2Clubs, 5Hearts, 4Hearts, QSpades, 5Spades, 4Spades.
P1 HAND: JDiamonds, JClubs, 5Clubs, KHearts, JHearts, QHearts, ASpades, JSpades, 6Spades, 2Spades.
P2 HAND: KDiamonds, QDiamonds, 6Diamonds, 3Diamonds, QClubs, 4Clubs, AHearts, 6Hearts, 7Spades, KSpades.
P3 HAND: 7Diamonds, 5Diamonds, 4Diamonds, 2Diamonds, AClubs, 6Clubs, 7Hearts, 3Hearts, 2Hearts, 3Spades.
P2 AHearts P3 2Hearts P0 4Hearts P1 QHearts 
P2 3Diamonds P3 2Diamonds P0 ADiamonds P1 JDiamonds 
P0 5Hearts P1 JHearts P2 6Hearts P3 7Hearts 
P3 AClubs P0 2Clubs P1 JClubs P2 4Clubs 
P3 3Hearts P0 3Clubs P1 KHearts P2 6Diamonds 
P1 5Clubs P2 QClubs P3 6Clubs P0 7Clubs 
P0 KClubs P1 2Spades P2 QDiamonds P3 7Diamonds 
P1 6Spades P2 KSpades P3 3Spades P0 4Spades 
P2 7Spades P3 4Diamonds P0 5Spades P1 ASpades 
P1 JSpades P2 KDiamonds P3 5Diamonds P0 QSpades 
-- /GAME --
P0 HAND: 4Diamonds, 7Clubs, JClubs, 2Clubs, AHearts, 7Hearts, 4Hearts, 3Hearts, 5Spades, 4Spades.
P1 HAND: ADiamonds, 5Diamonds, KClubs, QClubs, KHearts, JHearts, ASpades, KSpades, JSpades, 2Spades.
P2 HAND: 7Diamonds, KDiamonds, JDiamonds, QDiamonds, 3Diamonds, 2Diamonds, 6Clubs, QHearts, 5Hearts, 6Spades.
P3 HAND: 6Diamonds, AClubs, 5Clubs, 4Clubs, 3Clubs, 6Hearts, 2Hearts, 7Spades, QSpades, 3Spades.
P1 ADiamonds P2 2Diamonds P3 6Diamonds P0 4Diamonds 
P1 5Diamonds P2 3Diamonds P3 2Hearts P0 3Hearts 
P1 QClubs P2 6Clubs P3 AClubs P0 2Clubs 
P3 3Clubs P0 7Clubs P1 KClubs P2 7Diamonds 
P0 AHearts P1 JHearts P2 QHearts P3 6Hearts 
P0 JClubs P1 2Spades P2 5Hearts P3 5Clubs 
P1 JSpades P2 6Spades P3 3Spades P0 4Spades 
P1 KSpades P2 QDiamonds P3 QSpades P0 5Spades 
P1 ASpades P2 JDiamonds P3 7Spades P0 4Hearts 
P1 KHearts P2 KDiamonds P3 4Clubs P0 7Hearts 
-- /GAME --
P0 HAND: JDiamonds, 5Diamonds, 4Diamonds, 6Clubs, 2Clubs, AHearts, 5Hearts, 4Hearts, JSpades, 5Spades.
P1 HAND: 3Diamonds, KClubs, JClubs, QClubs, 7Hearts, QHearts, 3Hearts, 2Hearts, ASpades, 3Spades.
P2 HAND: ADiamonds, 7Diamonds, QDiamonds, 2Diamonds, 5Clubs, 3Clubs, KSpades, QSpades, 6Spades, 2Spades.
P3 HAND: KDiamonds, 6Diamonds, AClubs, 7Clubs, 4Clubs, KHearts, JHearts, 6Hearts, 7Spades, 4Spades.
P0 5Spades P1 ASpades P2 2Spades P3 7Spades 
P1 3Diamonds P2 ADiamonds P3 6Diamonds P0 JDiamonds 
P2 2Diamonds P3 KDiamonds P0 4Diamonds P1 KClubs 
P3 AClubs P0 2Clubs P1 JClubs P2 3Clubs 
P3 4Clubs P0 6Clubs P1 QClubs P2 5Clubs 
P1 3Spades P2 6Spades P3 4Spades P0 JSpades 
P0 4Hearts P1 2Hearts P2 QDiamonds P3 6Hearts 
P3 JHearts P0 5Hearts P1 3Hearts P2 QSpades 
P3 KHearts P0 AHearts P1 QHearts P2 7Diamonds 
P0 5Diamonds P1 7Hearts P2 KSpades P3 7Clubs 
-- /GAME --
P0 HAND: 4Diamonds, 3Diamonds, 5Clubs, JHearts, 4Hearts, ASpades, JSpades, 6Spades, 4Spades, 2Spades.
P1 HAND: KDiamonds, JDiamonds, 5Diamonds, AClubs, 3Clubs, KHearts, QHearts, 6Hearts, 2Hearts, KSpades.
P2 HAND: 7Diamonds, QDiamonds, 7Clubs, JClubs, 6Clubs, 2Clubs, AHearts, 5Hearts, 3Hearts, 3Spades.
P3 HAND: ADiamonds, 6Diamonds, 2Diamonds, KClubs, QClubs, 4Clubs, 7Hearts, 7Spades, QSpades, 5Spades.
P3 ADiamonds P0 3Diamonds P1 KDiamonds P2 QDiamonds 
P3 2Diamonds P0 4Diamonds P1 5Diamonds P2 7Diamonds 
P2 2Clubs P3 4Clubs P0 5Clubs P1 AClubs 
P1 3Clubs P2 6Clubs P3 QClubs P0 JSpades 
P3 5Spades P0 ASpades P1 KSpades P2 3Spades 
P0 4Hearts P1 2Hearts P2 3Hearts P3 7Hearts 
P3 6Diamonds P0 2Spades P1 JDiamonds P2 5Hearts 
P2 JClubs P3 KClubs P0 JHearts P1 KHearts 
P1 6Hearts P2 AHearts P3 QSpades P0 4Spades 
P2 7Clubs P3 7Spades P0 6Spades P1 QHearts 
-- /GAME --

