-- GAME --
P3 ADiamonds 
P1 JClubs P2 6Clubs P3 5Clubs P0 4Clubs 
P1 KClubs P2 KHearts P3 7Clubs P0 6Hearts 
P3 JDiamonds P0 JHearts P1 AClubs P2 AHearts 
-- /GAME --
P0 HAND: ADiamonds, 7Diamonds, KDiamonds, 4Diamonds, KHearts, QHearts, 7Spades, 6Spades, 4Spades, 3Spades.
P1 HAND: QDiamonds, 2Diamonds, JClubs, 6Clubs, 5Clubs, JHearts, 5Hearts, 4Hearts, 2Hearts, KSpades.
P2 HAND: 6Diamonds, 5Diamonds, AClubs, 7Clubs, KClubs, 4Clubs, 2Clubs, AHearts, 7Hearts, QSpades.
P3 HAND: JDiamonds, 3Diamonds, QClubs, 3Clubs, 6Hearts, 3Hearts, ASpades, JSpades, 5Spades, 2Spades.
P0 3Spades P1 KSpades P2 QSpades P3 ASpades 
P3 2Spades P0 4Spades P1 2Hearts P2 AClubs 
P0 ADiamonds P1 2Diamonds P2 5Diamonds P3 3Diamonds 
P0 7Diamonds P1 QDiamonds P2 6Diamonds P3 JDiamonds 
P0 7Spades P1 4Hearts P2 AHearts P3 5Spades 
P0 QHearts P1 5Hearts P2 7Hearts P3 3Hearts 
P2 2Clubs P3 3Clubs P0 6Spades P1 JClubs 
P1 5Clubs P2 4Clubs P3 QClubs P0 4Diamonds 
P0 KHearts P1 JHearts P2 KClubs P3 6Hearts 
P0 KDiamonds P1 6Clubs P2 7Clubs P3 JSpades 
-- /GAME --
P0 HAND: 5Diamonds, 4Diamonds, 7Clubs, KClubs, JClubs, 2Clubs, KHearts, 6Hearts, 4Hearts, JSpades.
P1 HAND: 2Diamonds, AClubs, 5Clubs, 4Clubs, 5Hearts, 3Hearts, 7Spades, QSpades, 6Spades, 5Spades.
P2 HAND: ADiamonds, KDiamonds, QDiamonds, 3Diamonds, QClubs, JHearts, QHearts, 2Hearts, ASpades, KSpades.
P3 HAND: 7Diamonds, JDiamonds, 6Diamonds, 6Clubs, 3Clubs, AHearts, 7Hearts, 4Spades, 3Spades, 2Spades.
P3 AHearts P0 4Hearts P1 5Hearts P2 2Hearts 
P3 2Spades P0 JSpades P1 5Spades P2 ASpades 
P2 ADiamonds P3 6Diamonds P0 4Diamonds P1 2Diamonds 
P2 3Diamonds P3 JDiamonds P0 5Diamonds P1 7Spades 
P3 3Spades P0 7Clubs P1 6Spades P2 KSpades 
P0 2Clubs P1 4Clubs P2 QClubs P3 3Clubs 
P2 QDiamonds P3 7Diamonds P0 KClubs P1 AClubs 
P1 3Hearts P2 QHearts P3 7Hearts P0 6Hearts 
P3 4Spades P0 JClubs P1 QSpades P2 KDiamonds 
P0 KHearts P1 5Clubs P2 JHearts P3 6Clubs 
-- /GAME --
P0 HAND: 6Diamonds, 3Diamonds, 7Clubs, 5Clubs, AHearts, KHearts, 4Hearts, 3Hearts, QSpades, 6Spades.
P1 HAND: QDiamonds, 2Diamonds, AClubs, 3Clubs, 2Clubs, 7Hearts, 2Hearts, JSpades, 4Spades, 3Spades.
P2 HAND: ADiamonds, 7Diamonds, JDiamonds, 4Diamonds, JClubs, JHearts, QHearts, 6Hearts, 5Hearts, 7Spades.
P3 HAND: KDiamonds, 5Diamonds, KClubs, QClubs, 6Clubs, 4Clubs, ASpades, KSpades, 5Spades, 2Spades.
P2 ADiamonds P3 5Diamonds P0 3Diamonds P1 2Diamonds 
P2 4Diamonds P3 KDiamonds P0 6Diamonds P1 QDiamonds 
P3 ASpades P0 6Spades P1 JSpades P2 7Spades 
P3 2Spades P0 QSpades P1 3Spades P2 7Diamonds 
P0 AHearts P1 2Hearts P2 5Hearts P3 4Clubs 
P0 3Hearts P1 7Hearts P2 6Hearts P3 KClubs 
P1 2Clubs P2 JClubs P3 6Clubs P0 7Clubs 
P0 KHearts P1 3Clubs P2 QHearts P3 5Spades 
P0 5Clubs P1 AClubs P2 JHearts P3 QClubs 
P2 JDiamonds P3 KSpades P0 4Hearts P1 4Spades 
-- /GAME --
P0 HAND: JDiamonds, 3Diamonds, 6Clubs, 3Clubs, 7Hearts, KHearts, QHearts, QSpades, 6Spades, 3Spades.
P1 HAND: 7Diamonds, 6Diamonds, AClubs, JClubs, AHearts, 3Hearts, ASpades, JSpades, 5Spades, 2Spades.
P2 HAND: ADiamonds, KDiamonds, QDiamonds, 2Diamonds, QClubs, 5Clubs, 2Clubs, 6Hearts, 4Hearts, 7Spades.
P3 HAND: 5Diamonds, 4Diamonds, 7Clubs, KClubs, 4Clubs, JHearts, 5Hearts, 2Hearts, KSpades, 4Spades.
P1 AClubs P2 2Clubs P3 7Clubs P0 3Clubs 
P1 ASpades P2 7Spades P3 KSpades P0 3Spades 
P1 2Spades P2 2Diamonds P3 4Spades P0 QSpades 
P0 QHearts P1 3Hearts P2 4Hearts P3 2Hearts 
P0 6Spades P1 5Spades P2 5Clubs P3 4Diamonds 
P0 6Clubs P1 JClubs P2 QClubs P3 KClubs 
P3 4Clubs P0 3Diamonds P1 6Diamonds P2 QDiamonds 
P3 5Diamonds P0 JDiamonds P1 7Diamonds P2 ADiamonds 
P2 6Hearts P3 5Hearts P0 7Hearts P1 AHearts 
P1 JSpades P2 KDiamonds P3 JHearts P0 KHearts 
-- /GAME --
P0 HAND: JDiamonds, AClubs, KClubs, QClubs, 4Clubs, 6Hearts, 5Hearts, 4Hearts, JSpades, 3Spades.
P1 HAND: ADiamonds, KDiamonds, 5Clubs, 2Clubs, AHearts, KHearts, 2Hearts, ASpades, KSpades, QSpades.
P2 HAND: QDiamonds, 5Diamonds, 3Diamonds, JClubs, 3Clubs, 7Hearts, JHearts, QHearts, 6Spades, 5Spades.
P3 HAND: 7Diamonds, 6Diamonds, 4Diamonds, 2Diamonds, 7Clubs, 6Clubs, 3Hearts, 7Spades, 4Spades, 2Spades.
P0 JDiamonds P1 KDiamonds P2 3Diamonds P3 2Diamonds 
P1 AHearts P2 QHearts P3 3Hearts P0 4Hearts 
P1 ASpades P2 5Spades P3 7Spades P0 3Spades 
P1 2Clubs P2 3Clubs P3 6Clubs P0 KClubs 
P0 5Hearts P1 2Hearts P2 7Hearts P3 4Diamonds 
P3 2Spades P0 JSpades P1 KSpades P2 6Spades 
P1 5Clubs P2 JClubs P3 7Clubs P0 AClubs 
P0 QClubs P1 QSpades P2 5Diamonds P3 4Spades 
P2 JHearts P3 6Diamonds P0 6Hearts P1 KHearts 
P3 7Diamonds P0 4Clubs P1 ADiamonds P2 QDiamonds 
-- /GAME --
P0 HAND: QDiamonds, AClubs, 7Clubs, AHearts, KHearts, 6Hearts, 5Hearts, 4Hearts, ASpades, KSpades.
P1 HAND: 7Diamonds, 4Diamonds, 2Diamonds, KClubs, QClubs, 6Clubs, QSpades, 6Spades, 5Spades, 2Spades.
P2 HAND: KDiamonds, JDiamonds, 6Diamonds, 5Diamonds, 3Diamonds, 5Clubs, 3Clubs, 2Clubs, QHearts, 3Spades.
P3 HAND: ADiamonds, JClubs, 4Clubs, 7Hearts, JHearts, 3Hearts, 2Hearts, 7Spades, JSpades, 4Spades.
P3 2Hearts P0 AHearts P1 2Diamonds P2 QHearts 
P1 2Spades P2 3Spades P3 4Spades P0 KSpades 
P0 AClubs P1 6Clubs P2 5Clubs P3 4Clubs 
P0 7Clubs P1 QClubs P2 3Clubs P3 JClubs 
P0 ASpades P1 5Spades P2 2Clubs P3 JSpades 
P0 4Hearts P1 6Spades P2 3Diamonds P3 3Hearts 
P2 5Diamonds P3 ADiamonds P0 QDiamonds P1 4Diamonds 
P3 JHearts P0 5Hearts P1 QSpades P2 6Diamonds 
P2 JDiamonds P3 7Hearts P0 KHearts P1 7Diamonds 
P1 KClubs P2 KDiamonds P3 7Spades P0 6Hearts 
-- /GAME --
P0 HAND: JDiamonds, QDiamonds, 7Clubs, KClubs, 6Clubs, 4Clubs, 6Hearts, 5Hearts, 6Spades, 2Spades.
P1 HAND: 2Diamonds, AClubs, 3Clubs, 3Hearts, ASpades, 7Spades, KSpades, JSpades, 5Spades, 3Spades.
P2 HAND: KDiamonds, 6Diamonds, 5Diamonds, JClubs, 5Clubs, 2Clubs, AHearts, 2Hearts, QSpades, 4Spades.
P3 HAND: ADiamonds, 7Diamonds, 4Diamonds, 3Diamonds, QClubs, 7Hearts, KHearts, JHearts, QHearts, 4Hearts.
P3 ADiamonds P0 QDiamonds P1 2Diamonds P2 5Diamonds 
P3 3Diamonds P0 JDiamonds P1 3Hearts P2 KDiamonds 
P2 AHearts P3 4Hearts P0 6Hearts P1 3Clubs 
P1 3Spades P2 4Spades P3 4Diamonds P0 2Spades 
P2 2Hearts P3 QHearts P0 5Hearts P1 ASpades 
P3 JHearts P0 6Spades P1 5Spades P2 6Diamonds 
P3 QClubs P0 KClubs P1 AClubs P2 2Clubs 
P1 JSpades P2 QSpades P3 KHearts P0 4Clubs 
P0 7Clubs P1 KSpades P2 5Clubs P3 7Diamonds 
P0 6Clubs P1 7Spades P2 JClubs P3 7Hearts 
-- /GAME --
P0 HAND: KDiamonds, JDiamonds, 2Diamonds, KClubs, KHearts, 7Spades, JSpades, QSpades, 4Spades, 2Spades.
P1 HAND: 4Diamonds, AClubs, JClubs, 6Clubs, 5Clubs, 3Clubs, JHearts, 6Hearts, 4Hearts, ASpades.
P2 HAND: 5Diamonds, 7Clubs, 4Clubs, AHearts, 7Hearts, QHearts, 5Hearts, 3Hearts, 2Hearts, KSpades.
P3 HAND: ADiamonds, 7Diamonds, QDiamonds, 6Diamonds, 3Diamonds, QClubs, 2Clubs, 6Spades, 5Spades, 3Spades.
P2 2Hearts P3 3Diamonds P0 KHearts P1 4Hearts 
P0 JDiamonds P1 4Diamonds P2 5Diamonds P3 ADiamonds 
P3 3Spades P0 QSpades P1 ASpades P2 KSpades 
P1 6Hearts P2 3Hearts P3 5Spades P0 2Spades 
P1 JHearts P2 5Hearts P3 6Diamonds P0 KDiamonds 
P1 3Clubs P2 4Clubs P3 2Clubs P0 KClubs 
P0 2Diamonds P1 5Clubs P2 QHearts P3 7Diamonds 
P1 6Clubs P2 7Clubs P3 QClubs P0 7Spades 
P2 7Hearts P3 6Spades P0 JSpades P1 JClubs 
P1 AClubs P2 AHearts P3 QDiamonds P0 4Spades 
-- /GAME --
P0 HAND: 5Diamonds, 3Diamonds, 7Clubs, 5Clubs, AHearts, 7Hearts, KHearts, 6Hearts, ASpades, 7Spades.
P1 HAND: 7Diamonds, 6Diamonds, 4Diamonds, 2Diamonds, AClubs, 6Clubs, 4Clubs, 5Hearts, QSpades, 2Spades.
P2 HAND: ADiamonds, KDiamonds, JDiamonds, KClubs, 2Clubs, JHearts, QHearts, KSpades, 6Spades, 4Spades.
P3 HAND: QDiamonds, JClubs, QClubs, 3Clubs, 4Hearts, 3Hearts, 2Hearts, JSpades, 5Spades, 3Spades.
P1 AClubs P2 2Clubs P3 JClubs P0 5Clubs 
P1 2Diamonds P2 ADiamonds P3 QDiamonds P0 3Diamonds 
P2 4Spades P3 3Spades P0 ASpades P1 2Spades 
P0 AHearts P1 5Hearts P2 QHearts P3 2Hearts 
P0 7Hearts P1 4Diamonds P2 JHearts P3 3Hearts 
P0 KHearts P1 4Clubs P2 KDiamonds P3 4Hearts 
P0 7Spades P1 QSpades P2 KSpades P3 5Spades 
P0 7Clubs P1 6Clubs P2 KClubs P3 3Clubs 
P0 5Diamonds P1 6Diamonds P2 JDiamonds P3 QClubs 
P2 6Spades P3 JSpades P0 6Hearts P1 7Diamonds 
-- /GAME --
P0 HAND: JDiamonds, 6Clubs, 7Hearts, JHearts, 5Hearts, 3Hearts, 2Hearts, ASpades, KSpades, 6Spades.
P1 HAND: ADiamonds, 7Diamonds, 4Diamonds, 7Clubs, JClubs, QClubs, 5Clubs, AHearts, QHearts, 7Spades.
P2 HAND: AClubs, KClubs, 4Clubs, 3Clubs, 2Clubs, KHearts, 6Hearts, QSpades, 5Spades, 4Spades.
P3 HAND: KDiamonds, QDiamonds, 6Diamonds, 5Diamonds, 3Diamonds, 2Diamonds, 4Hearts, JSpades, 3Spades, 2Spades.
P0 6Clubs P1 5Clubs P2 AClubs P3 2Spades 
P3 2Diamonds P0 JDiamonds P1 ADiamonds P2 4Spades 
P2 2Clubs P3 3Diamonds P0 6Spades P1 QClubs 
P0 7Hearts P1 AHearts P2 6Hearts P3 4Hearts 
P1 4Diamonds P2 3Clubs P3 5Diamonds P0 2Hearts 
P3 6Diamonds P0 3Hearts P1 7Diamonds P2 5Spades 
P2 4Clubs P3 QDiamonds P0 KSpades P1 JClubs 
P0 JHearts P1 QHearts P2 KHearts P3 3Spades 
P3 JSpades P0 ASpades P1 7Spades P2 QSpades 
P0 5Hearts P1 7Clubs P2 KClubs P3 KDiamonds 
-- /GAME --
P0 HAND: QClubs, 4Clubs, 2Clubs, AHearts, JHearts, QHearts, 6Hearts, 2Hearts, JSpades, 2Spades.
P1 HAND: QDiamonds, 6Diamonds, 4Diamonds, 2Diamonds, 7Clubs, KClubs, 6Clubs, KSpades, QSpades, 4Spades.
P2 HAND: ADiamonds, 5Diamonds, 3Diamonds, JClubs, 3Clubs, 3Hearts, ASpades, 7Spades, 5Spades, 3Spades.
P3 HAND: 7Diamonds, KDiamonds, JDiamonds, AClubs, 5Clubs, 7Hearts, KHearts, 5Hearts, 4Hearts, 6Spades.

