-- GAME --
P0 HAND: 5Diamonds, 3Diamonds, KClubs, 5Clubs, 5Hearts, 3Hearts, JSpades, 6Spades, 5Spades, 4Spades.
P1 HAND: QDiamonds, 6Diamonds, 6Clubs, 3Clubs, 2Clubs, JHearts, 4Hearts, 7Spades, QSpades, 3Spades.
P2 HAND: ADiamonds, 7Diamonds, JDiamonds, 2Diamonds, 7Clubs, QClubs, AHearts, QHearts, 2Hearts, ASpades.
P3 HAND: KDiamonds, 4Diamonds, AClubs, JClubs, 4Clubs, 7Hearts, KHearts, 6Hearts, KSpades, 2Spades.
P3 2Spades P0 4Spades P1 3Spades P2 ASpades 
P2 ADiamonds P3 4Diamonds P0 3Diamonds P1 6Diamonds 
P2 AHearts P3 6Hearts P0 3Hearts P1 4Hearts 
P2 2Diamonds P3 KDiamonds P0 5Diamonds P1 QDiamonds 
P3 4Clubs P0 KClubs P1 2Clubs P2 QClubs 
P0 5Hearts P1 JHearts P2 2Hearts P3 7Hearts 
P3 JClubs P0 5Clubs P1 3Clubs P2 7Clubs 
P2 QHearts P3 KHearts P0 5Spades P1 7Spades 
P3 AClubs P0 6Spades P1 6Clubs P2 JDiamonds 
P3 KSpades P0 JSpades P1 QSpades P2 7Diamonds 
-- /GAME --
P0 HAND: 2Diamonds, QClubs, 4Clubs, 2Clubs, QHearts, 4Hearts, 2Hearts, 6Spades, 4Spades, 2Spades.
P1 HAND: ADiamonds, 5Diamonds, 3Diamonds, KClubs, 6Clubs, 5Clubs, 6Hearts, 7Spades, 5Spades, 3Spades.
P2 HAND: 7Diamonds, KDiamonds, 7Clubs, JClubs, 3Clubs, AHearts, 7Hearts, 5Hearts, 3Hearts, JSpades.
P3 HAND: JDiamonds, QDiamonds, 6Diamonds, 4Diamonds, AClubs, KHearts, JHearts, ASpades, KSpades, QSpades.

