-- GAME --
P0 HAND: KDiamonds, AClubs, JClubs, 2Clubs, 5Hearts, 3Hearts, 2Hearts, JSpades, 4Spades, 2Spades.
P1 HAND: ADiamonds, JDiamonds, 4Diamonds, 5Clubs, 4Clubs, KHearts, JHearts, KSpades, 6Spades, 3Spades.
P2 HAND: QDiamonds, 2Diamonds, KClubs, 6Clubs, QHearts, 6Hearts, 4Hearts, ASpades, QSpades, 5Spades.
P3 HAND: 7Diamonds, 6Diamonds, 5Diamonds, 3Diamonds, 7Clubs, QClubs, 3Clubs, AHearts, 7Hearts, 7Spades.
P3 AHearts P0 2Hearts P1 KHearts P2 4Hearts 
P3 3Diamonds P0 KDiamonds P1 ADiamonds P2 2Diamonds 
P1 3Spades P2 ASpades P3 7Spades P0 JSpades 
P2 5Spades P3 5Diamonds P0 2Spades P1 KSpades 
P1 4Diamonds P2 QDiamonds P3 6Diamonds P0 5Hearts 
P2 6Hearts P3 7Hearts P0 3Hearts P1 JHearts 
P3 3Clubs P0 2Clubs P1 4Clubs P2 6Clubs 
P2 QHearts P3 QClubs P0 JClubs P1 6Spades 
P0 4Spades P1 5Clubs P2 QSpades P3 7Diamonds 
P1 JDiamonds P2 KClubs P3 7Clubs P0 AClubs 
-- /GAME --
P0 HAND: JDiamonds, 5Diamonds, 2Diamonds, KClubs, 2Clubs, 7Hearts, KHearts, ASpades, 7Spades, 5Spades.
P1 HAND: ADiamonds, 7Diamonds, KDiamonds, QDiamonds, AClubs, 6Clubs, AHearts, JHearts, 2Hearts, QSpades.
P2 HAND: 6Diamonds, 3Diamonds, 7Clubs, 3Clubs, 5Hearts, KSpades, JSpades, 6Spades, 3Spades, 2Spades.
P3 HAND: 4Diamonds, JClubs, QClubs, 5Clubs, 4Clubs, QHearts, 6Hearts, 4Hearts, 3Hearts, 4Spades.
P2 2Spades P3 4Spades P0 ASpades P1 QSpades 
P0 5Diamonds P1 ADiamonds P2 3Diamonds P3 4Diamonds 
P1 AHearts P2 5Hearts P3 QHearts P0 KHearts 
P1 2Hearts P2 3Spades P3 3Hearts P0 7Hearts 
P0 2Diamonds P1 QDiamonds P2 6Diamonds P3 6Hearts 
P1 JHearts P2 6Spades P3 4Hearts P0 KClubs 
P0 JDiamonds P1 KDiamonds P2 3Clubs P3 4Clubs 
P3 5Clubs P0 2Clubs P1 6Clubs P2 7Clubs 
P2 JSpades P3 QClubs P0 5Spades P1 7Diamonds 
P3 JClubs P0 7Spades P1 AClubs P2 KSpades 
-- /GAME --
P0 HAND: 4Diamonds, JClubs, 5Clubs, 2Clubs, JHearts, QHearts, 5Hearts, 2Hearts, 3Spades, 2Spades.
P1 HAND: ADiamonds, KDiamonds, JDiamonds, QDiamonds, 2Diamonds, 7Clubs, QClubs, 7Hearts, KHearts, 7Spades.
P2 HAND: 7Diamonds, 3Diamonds, 6Clubs, AHearts, 4Hearts, ASpades, JSpades, QSpades, 6Spades, 4Spades.
P3 HAND: 6Diamonds, 5Diamonds, AClubs, KClubs, 4Clubs, 3Clubs, 6Hearts, 3Hearts, KSpades, 5Spades.
P1 2Diamonds P2 3Diamonds P3 5Diamonds P0 4Diamonds 
P3 3Hearts P0 QHearts P1 KHearts P2 AHearts 
P2 4Hearts P3 6Hearts P0 2Hearts P1 7Hearts 
P1 QDiamonds P2 7Diamonds P3 6Diamonds P0 JHearts 
P2 4Spades P3 5Spades P0 2Spades P1 7Spades 
P1 JDiamonds P2 6Spades P3 3Clubs P0 JClubs 
P0 3Spades P1 QClubs P2 QSpades P3 KSpades 
P1 7Clubs P2 6Clubs P3 4Clubs P0 2Clubs 
P1 KDiamonds P2 JSpades P3 KClubs P0 5Hearts 
P3 AClubs P0 5Clubs P1 ADiamonds P2 ASpades 
-- /GAME --
P0 HAND: JDiamonds, 5Diamonds, 4Diamonds, 2Diamonds, 5Clubs, KHearts, JHearts, 6Hearts, ASpades, JSpades.
P1 HAND: 7Diamonds, 6Diamonds, KClubs, 6Clubs, 2Clubs, 7Hearts, 5Hearts, 4Hearts, 6Spades, 2Spades.
P2 HAND: QDiamonds, 3Diamonds, JClubs, QClubs, 4Clubs, QHearts, 3Hearts, 7Spades, 4Spades, 3Spades.
P3 HAND: ADiamonds, KDiamonds, AClubs, 7Clubs, 3Clubs, AHearts, 2Hearts, KSpades, QSpades, 5Spades.
P0 5Clubs P1 2Clubs P2 4Clubs P3 AClubs 
P3 ADiamonds P0 2Diamonds P1 7Diamonds P2 3Diamonds 
P3 AHearts P0 6Hearts P1 7Hearts P2 3Hearts 
P3 2Hearts P0 KHearts P1 4Hearts P2 QHearts 
P0 5Diamonds P1 6Diamonds P2 QDiamonds P3 KDiamonds 
P3 3Clubs P0 JHearts P1 6Clubs P2 JClubs 
P2 QClubs P3 7Clubs P0 ASpades P1 KClubs 
P0 4Diamonds P1 5Hearts P2 3Spades P3 5Spades 
P3 QSpades P0 JSpades P1 2Spades P2 4Spades 
P0 JDiamonds P1 6Spades P2 7Spades P3 KSpades 
-- /GAME --
P0 HAND: KDiamonds, 3Diamonds, QClubs, 6Clubs, 5Clubs, 6Hearts, 4Hearts, 7Spades, JSpades, 3Spades.
P1 HAND: QDiamonds, KClubs, 3Clubs, 2Clubs, 7Hearts, KHearts, JHearts, 2Hearts, KSpades, 5Spades.
P2 HAND: ADiamonds, 6Diamonds, 5Diamonds, 2Diamonds, 4Clubs, QHearts, 5Hearts, QSpades, 6Spades, 2Spades.
P3 HAND: 7Diamonds, JDiamonds, 4Diamonds, AClubs, 7Clubs, JClubs, AHearts, 3Hearts, ASpades, 4Spades.
P3 AClubs P0 5Clubs P1 KClubs P2 4Clubs 
P3 ASpades P0 3Spades P1 KSpades P2 2Spades 
P3 4Diamonds P0 KDiamonds P1 QDiamonds P2 ADiamonds 
P2 2Diamonds P3 JDiamonds P0 3Diamonds P1 5Spades 
P3 4Spades P0 7Spades P1 2Hearts P2 6Spades 
P1 2Clubs P2 5Diamonds P3 7Clubs P0 6Clubs 
P3 JClubs P0 QClubs P1 3Clubs P2 5Hearts 
P2 6Diamonds P3 7Diamonds P0 6Hearts P1 JHearts 
P1 KHearts P2 QHearts P3 3Hearts P0 4Hearts 
P1 7Hearts P2 QSpades P3 AHearts P0 JSpades 
-- /GAME --
P0 HAND: 7Diamonds, QDiamonds, 6Diamonds, AClubs, 7Clubs, KClubs, JClubs, 7Hearts, QHearts, 2Spades.
P1 HAND: KDiamonds, 5Diamonds, 4Clubs, 3Clubs, AHearts, 6Hearts, 5Hearts, 4Hearts, 7Spades, 6Spades.
P2 HAND: 2Diamonds, JHearts, 3Hearts, ASpades, KSpades, JSpades, QSpades, 5Spades, 4Spades, 3Spades.
P3 HAND: ADiamonds, JDiamonds, 4Diamonds, 3Diamonds, QClubs, 6Clubs, 5Clubs, 2Clubs, KHearts, 2Hearts.
P2 2Diamonds P3 ADiamonds P0 6Diamonds P1 KDiamonds 
P3 2Clubs P0 AClubs P1 3Clubs P2 ASpades 
P0 7Clubs P1 4Clubs P2 KSpades P3 5Clubs 
P0 2Spades P1 7Spades P2 3Spades P3 JDiamonds 
P1 5Diamonds P2 4Spades P3 3Diamonds P0 7Diamonds 
P0 QDiamonds P1 6Spades P2 5Spades P3 4Diamonds 
P0 JClubs P1 4Hearts P2 QSpades P3 QClubs 
P1 5Hearts P2 3Hearts P3 2Hearts P0 7Hearts 
P0 KClubs P1 6Hearts P2 JHearts P3 6Clubs 
P2 JSpades P3 KHearts P0 QHearts P1 AHearts 
-- /GAME --
P0 HAND: ADiamonds, 7Diamonds, KDiamonds, JDiamonds, 6Diamonds, 7Clubs, QClubs, 7Hearts, 6Hearts, QSpades.
P1 HAND: 5Diamonds, 4Diamonds, JClubs, 5Clubs, 4Clubs, 3Clubs, KHearts, ASpades, 4Spades, 3Spades.
P2 HAND: QDiamonds, 3Diamonds, KClubs, 2Clubs, AHearts, JHearts, QHearts, 4Hearts, 2Hearts, KSpades.
P3 HAND: 2Diamonds, AClubs, 6Clubs, 5Hearts, 3Hearts, 7Spades, JSpades, 6Spades, 5Spades, 2Spades.
P1 ASpades P2 KSpades P3 7Spades P0 QSpades 
P1 3Clubs P2 2Clubs P3 AClubs P0 QClubs 
P3 2Spades P0 6Diamonds P1 3Spades P2 AHearts 
P0 7Diamonds P1 4Diamonds P2 3Diamonds P3 2Diamonds 
P0 ADiamonds P1 5Diamonds P2 QDiamonds P3 3Hearts 
P0 KDiamonds P1 4Clubs P2 2Hearts P3 5Hearts 
P0 JDiamonds P1 4Spades P2 4Hearts P3 5Spades 
P0 7Hearts P1 KHearts P2 QHearts P3 6Clubs 
P0 7Clubs P1 5Clubs P2 KClubs P3 6Spades 
P0 6Hearts P1 JClubs P2 JHearts P3 JSpades 
-- /GAME --
P0 HAND: 7Diamonds, 6Clubs, 3Clubs, KHearts, QHearts, 5Hearts, 3Hearts, ASpades, 4Spades, 3Spades.
P1 HAND: KDiamonds, JDiamonds, 5Diamonds, 4Diamonds, KClubs, QClubs, 7Hearts, 6Hearts, 2Hearts, 7Spades.
P2 HAND: ADiamonds, QDiamonds, 6Diamonds, 3Diamonds, AHearts, JHearts, 4Hearts, JSpades, QSpades, 6Spades.
P3 HAND: 2Diamonds, AClubs, 7Clubs, JClubs, 5Clubs, 4Clubs, 2Clubs, KSpades, 5Spades, 2Spades.
P0 7Diamonds P1 4Diamonds P2 ADiamonds P3 2Diamonds 
P2 AHearts P3 2Spades P0 3Hearts P1 7Hearts 
P3 2Clubs P0 6Clubs P1 QClubs P2 3Diamonds 
P1 2Hearts P2 4Hearts P3 4Clubs P0 KHearts 
P0 3Clubs P1 KClubs P2 6Diamonds P3 AClubs 
P3 5Clubs P0 QHearts P1 5Diamonds P2 QDiamonds 
P3 JClubs P0 5Hearts P1 6Hearts P2 6Spades 
P2 JHearts P3 5Spades P0 3Spades P1 KDiamonds 
P3 KSpades P0 4Spades P1 7Spades P2 QSpades 
P1 JDiamonds P2 JSpades P3 7Clubs P0 ASpades 
-- /GAME --
P0 HAND: KDiamonds, JDiamonds, QDiamonds, 7Clubs, AHearts, QHearts, 4Hearts, JSpades, QSpades, 5Spades.
P1 HAND: ADiamonds, 4Diamonds, 3Diamonds, AClubs, JClubs, KHearts, 5Hearts, 2Hearts, ASpades, 3Spades.
P2 HAND: 7Diamonds, 6Diamonds, 5Diamonds, 2Diamonds, KClubs, QClubs, 3Clubs, 2Clubs, JHearts, 2Spades.
P3 HAND: 6Clubs, 5Clubs, 4Clubs, 7Hearts, 6Hearts, 3Hearts, 7Spades, KSpades, 6Spades, 4Spades.
P3 3Hearts P0 AHearts P1 2Hearts P2 JHearts 
P0 QSpades P1 ASpades P2 2Spades P3 7Spades 
P1 ADiamonds P2 2Diamonds P3 7Hearts P0 QDiamonds 
P1 3Diamonds P2 5Diamonds P3 4Spades P0 KDiamonds 
P0 QHearts P1 5Hearts P2 6Diamonds P3 6Hearts 
P0 4Hearts P1 KHearts P2 2Clubs P3 6Spades 
P2 3Clubs P3 4Clubs P0 7Clubs P1 AClubs 
P1 3Spades P2 QClubs P3 KSpades P0 JSpades 
P2 KClubs P3 5Clubs P0 JDiamonds P1 JClubs 
P2 7Diamonds P3 6Clubs P0 5Spades P1 4Diamonds 
-- /GAME --
P0 HAND: 5Diamonds, 3Diamonds, 7Clubs, JClubs, 6Clubs, 4Clubs, KHearts, 4Hearts, 5Spades, 2Spades.
P1 HAND: 7Diamonds, QDiamonds, 6Diamonds, AClubs, KClubs, 5Clubs, 3Clubs, 2Clubs, AHearts, JHearts.
P2 HAND: ADiamonds, KDiamonds, JDiamonds, QHearts, 5Hearts, 3Hearts, 7Spades, KSpades, QSpades, 3Spades.
P3 HAND: 4Diamonds, 2Diamonds, QClubs, 7Hearts, 6Hearts, 2Hearts, ASpades, JSpades, 6Spades, 4Spades.

