-- GAME --
P0 KDiamonds 
P0 5Spades P1 4Spades P2 7Spades P3 3Spades 
P2 3Clubs P3 KClubs P0 AClubs P1 6Clubs 
P0 4Hearts P1 QDiamonds P2 5Diamonds P3 KHearts 
P3 JHearts P0 2Spades P1 JSpades P2 ASpades 
P2 5Clubs P3 6Spades P0 4Clubs P1 7Diamonds 
P3 QSpades P0 JClubs P1 KSpades P2 7Clubs 
-- /GAME --
P0 HAND: JDiamonds, KClubs, JClubs, QClubs, 4Clubs, 3Hearts, ASpades, QSpades, 6Spades, 2Spades.
P1 HAND: ADiamonds, 7Diamonds, KDiamonds, QDiamonds, 5Diamonds, 3Diamonds, 7Hearts, 4Hearts, JSpades, 3Spades.
P2 HAND: 6Diamonds, 3Clubs, 2Clubs, AHearts, QHearts, 6Hearts, 5Hearts, 7Spades, 5Spades, 4Spades.
P3 HAND: 4Diamonds, 2Diamonds, AClubs, 7Clubs, 6Clubs, 5Clubs, KHearts, JHearts, 2Hearts, KSpades.
P0 QClubs P1 3Diamonds P2 2Clubs P3 5Clubs 
P0 3Hearts P1 4Hearts P2 AHearts P3 2Hearts 
P2 4Spades P3 KSpades P0 ASpades P1 3Spades 
P0 JDiamonds P1 5Diamonds P2 6Diamonds P3 2Diamonds 
P0 6Spades P1 JSpades P2 7Spades P3 6Clubs 
P3 4Diamonds P0 2Spades P1 QDiamonds P2 5Hearts 
P1 KDiamonds P2 5Spades P3 7Clubs P0 QSpades 
P3 JHearts P0 KClubs P1 7Hearts P2 QHearts 
P0 4Clubs P1 7Diamonds P2 3Clubs P3 AClubs 
P3 KHearts P0 JClubs P1 ADiamonds P2 6Hearts 
-- /GAME --
P0 HAND: 6Diamonds, 4Diamonds, 2Diamonds, 7Clubs, 6Clubs, 5Clubs, ASpades, QSpades, 6Spades, 4Spades.
P1 HAND: KDiamonds, 3Diamonds, 4Clubs, AHearts, 7Hearts, QHearts, 5Hearts, 3Hearts, JSpades, 2Spades.
P2 HAND: ADiamonds, JDiamonds, 5Diamonds, AClubs, KClubs, JClubs, QClubs, 3Clubs, KSpades, 5Spades.
P3 HAND: 7Diamonds, QDiamonds, 2Clubs, KHearts, JHearts, 6Hearts, 4Hearts, 2Hearts, 7Spades, 3Spades.
P3 2Hearts P0 6Diamonds P1 AHearts P2 3Clubs 
P2 ADiamonds P3 QDiamonds P0 4Diamonds P1 3Diamonds 
P2 5Diamonds P3 7Diamonds P0 2Diamonds P1 KDiamonds 
P3 3Spades P0 ASpades P1 2Spades P2 KSpades 
P0 6Spades P1 JSpades P2 5Spades P3 7Spades 
P3 4Hearts P0 QSpades P1 3Hearts P2 QClubs 
P2 JDiamonds P3 6Hearts P0 4Spades P1 5Hearts 
P2 JClubs P3 2Clubs P0 5Clubs P1 4Clubs 
P2 KClubs P3 JHearts P0 6Clubs P1 QHearts 
P2 AClubs P3 KHearts P0 7Clubs P1 7Hearts 
-- /GAME --

