-- GAME --
P0 HAND: 7Diamonds, 6Clubs, 5Clubs, 3Clubs, 7Hearts, 3Hearts, 2Hearts, JSpades, 6Spades, 2Spades.
P1 HAND: 6Diamonds, 4Diamonds, 2Diamonds, AClubs, 7Clubs, KClubs, QClubs, JHearts, 4Hearts, 4Spades.
P2 HAND: QDiamonds, 3Diamonds, 4Clubs, AHearts, KHearts, 6Hearts, 5Hearts, ASpades, 5Spades, 3Spades.
P3 HAND: ADiamonds, KDiamonds, JDiamonds, 5Diamonds, JClubs, 2Clubs, QHearts, 7Spades, KSpades, QSpades.
P3 2Clubs P0 6Clubs P1 AClubs P2 4Clubs 
P1 4Hearts P2 AHearts P3 QHearts P0 2Hearts 
P2 ASpades P3 QSpades P0 2Spades P1 4Spades 
P2 3Spades P3 KSpades P0 6Spades P1 7Clubs 
P3 JClubs P0 3Clubs P1 QClubs P2 3Diamonds 
P2 5Hearts P3 5Diamonds P0 3Hearts P1 JHearts 
P3 JDiamonds P0 7Diamonds P1 2Diamonds P2 QDiamonds 
P0 5Clubs P1 KClubs P2 5Spades P3 7Spades 
P1 4Diamonds P2 6Hearts P3 KDiamonds P0 7Hearts 
P3 ADiamonds P0 JSpades P1 6Diamonds P2 KHearts 
-- /GAME --
P0 HAND: JDiamonds, 4Diamonds, AClubs, QHearts, 5Hearts, 3Hearts, ASpades, JSpades, QSpades, 6Spades.
P1 HAND: 7Diamonds, KDiamonds, 7Clubs, 6Clubs, 5Clubs, 3Clubs, 2Clubs, 7Hearts, 6Hearts, 5Spades.
P2 HAND: ADiamonds, QDiamonds, 3Diamonds, 2Diamonds, KClubs, AHearts, JHearts, 4Hearts, 2Hearts, 4Spades.
P3 HAND: 6Diamonds, 5Diamonds, JClubs, QClubs, 4Clubs, KHearts, 7Spades, KSpades, 3Spades, 2Spades.
P2 ADiamonds P3 5Diamonds P0 4Diamonds P1 KDiamonds 
P2 AHearts P3 KHearts P0 3Hearts P1 6Hearts 
P2 2Diamonds P3 6Diamonds P0 JDiamonds P1 7Diamonds 
P1 5Spades P2 4Spades P3 2Spades P0 ASpades 
P0 AClubs P1 2Clubs P2 KClubs P3 4Clubs 
P0 JSpades P1 3Clubs P2 2Hearts P3 7Spades 
P1 5Clubs P2 3Diamonds P3 QClubs P0 6Spades 
P3 3Spades P0 QSpades P1 6Clubs P2 4Hearts 
P1 7Clubs P2 QDiamonds P3 JClubs P0 5Hearts 
P1 7Hearts P2 JHearts P3 KSpades P0 QHearts 
-- /GAME --
P0 HAND: ADiamonds, 7Diamonds, JDiamonds, 5Diamonds, 2Diamonds, 7Clubs, 4Clubs, KHearts, 6Hearts, ASpades.
P1 HAND: QDiamonds, 4Diamonds, AClubs, QClubs, AHearts, QHearts, 4Hearts, 7Spades, KSpades, QSpades.
P2 HAND: KDiamonds, 3Diamonds, KClubs, 5Clubs, 2Clubs, 7Hearts, JHearts, 2Hearts, JSpades, 2Spades.
P3 HAND: 6Diamonds, JClubs, 6Clubs, 3Clubs, 5Hearts, 3Hearts, 6Spades, 5Spades, 4Spades, 3Spades.
P1 AClubs P2 2Clubs P3 JClubs P0 4Clubs 
P1 AHearts P2 2Hearts P3 5Hearts P0 6Hearts 
P1 4Hearts P2 JHearts P3 3Hearts P0 KHearts 
P0 ASpades P1 QSpades P2 JSpades P3 3Spades 
P0 7Clubs P1 QClubs P2 KClubs P3 3Clubs 
P0 ADiamonds P1 4Diamonds P2 3Diamonds P3 6Diamonds 
P0 7Diamonds P1 QDiamonds P2 KDiamonds P3 4Spades 
P0 JDiamonds P1 QHearts P2 2Spades P3 5Spades 
P0 5Diamonds P1 KSpades P2 5Clubs P3 6Clubs 
P0 2Diamonds P1 7Spades P2 7Hearts P3 6Spades 
-- /GAME --
P0 HAND: KDiamonds, 4Diamonds, 7Clubs, JClubs, AHearts, KHearts, 6Hearts, 5Hearts, 2Hearts, 5Spades.
P1 HAND: 2Diamonds, AClubs, KClubs, 6Clubs, 5Clubs, JHearts, ASpades, KSpades, JSpades, 3Spades.
P2 HAND: 7Diamonds, JDiamonds, 6Diamonds, 4Clubs, 3Clubs, 7Hearts, QHearts, 4Hearts, 3Hearts, 2Spades.
P3 HAND: ADiamonds, QDiamonds, 5Diamonds, 3Diamonds, QClubs, 2Clubs, 7Spades, QSpades, 6Spades, 4Spades.
P0 AHearts P1 JHearts P2 7Hearts P3 3Diamonds 
P3 2Clubs P0 7Clubs P1 AClubs P2 3Clubs 
P1 ASpades P2 2Spades P3 7Spades P0 5Spades 
P1 3Spades P2 3Hearts P3 4Spades P0 2Hearts 
P3 6Spades P0 4Diamonds P1 JSpades P2 QHearts 
P0 KHearts P1 5Clubs P2 4Hearts P3 QClubs 
P0 6Hearts P1 6Clubs P2 4Clubs P3 QSpades 
P0 5Hearts P1 2Diamonds P2 6Diamonds P3 5Diamonds 
P2 JDiamonds P3 QDiamonds P0 KDiamonds P1 KClubs 
P0 JClubs P1 KSpades P2 7Diamonds P3 ADiamonds 
-- /GAME --
P0 HAND: 7Diamonds, JDiamonds, QDiamonds, AClubs, 5Clubs, QHearts, ASpades, QSpades, 6Spades, 5Spades.
P1 HAND: ADiamonds, 6Diamonds, 4Diamonds, 3Diamonds, 2Diamonds, 3Clubs, AHearts, KHearts, 7Spades, JSpades.
P2 HAND: KDiamonds, 5Diamonds, KClubs, 6Clubs, JHearts, 5Hearts, 3Hearts, 2Hearts, 4Spades, 2Spades.
P3 HAND: 7Clubs, JClubs, QClubs, 4Clubs, 2Clubs, 7Hearts, 6Hearts, 4Hearts, KSpades, 3Spades.
P1 2Diamonds P2 5Diamonds P3 2Clubs P0 7Diamonds 
P0 JDiamonds P1 3Diamonds P2 KDiamonds P3 3Spades 
P3 4Clubs P0 AClubs P1 3Clubs P2 KClubs 
P0 QDiamonds P1 4Diamonds P2 2Hearts P3 4Hearts 
P0 5Clubs P1 6Diamonds P2 6Clubs P3 7Clubs 
P3 6Hearts P0 QHearts P1 AHearts P2 3Hearts 
P1 JSpades P2 2Spades P3 KSpades P0 ASpades 
P0 6Spades P1 7Spades 
