-- GAME --
P0 HAND: 2Diamonds, JClubs, 4Clubs, AHearts, 7Hearts, QHearts, 4Hearts, 3Hearts, 2Hearts, 2Spades.
P1 HAND: ADiamonds, 7Diamonds, KDiamonds, JDiamonds, KClubs, 6Clubs, 3Clubs, ASpades, 7Spades, JSpades.
P2 HAND: QDiamonds, 6Diamonds, 5Diamonds, 7Clubs, 5Clubs, JHearts, KSpades, QSpades, 6Spades, 4Spades.
P3 HAND: 4Diamonds, 3Diamonds, AClubs, QClubs, 2Clubs, KHearts, 6Hearts, 5Hearts, 5Spades, 3Spades.
P0 AHearts P1 3Clubs P2 JHearts P3 KHearts 
P1 ADiamonds P2 5Diamonds P3 4Diamonds P0 2Diamonds 
P1 ASpades P2 4Spades P3 5Spades P0 2Spades 
P1 JDiamonds P2 6Diamonds P3 3Diamonds P0 2Hearts 
P1 JSpades P2 6Spades P3 3Spades P0 3Hearts 
P1 6Clubs P2 5Clubs P3 2Clubs P0 JClubs 
P0 4Clubs P1 KClubs P2 7Clubs P3 AClubs 
P3 5Hearts P0 7Hearts P1 KDiamonds P2 KSpades 
P0 QHearts P1 7Diamonds P2 QDiamonds P3 6Hearts 
P0 4Hearts P1 7Spades P2 QSpades P3 QClubs 
-- /GAME --
P0 HAND: ADiamonds, KDiamonds, JDiamonds, 4Diamonds, 2Diamonds, 5Clubs, 4Clubs, AHearts, 7Hearts, 6Spades.
P1 HAND: 7Diamonds, 5Diamonds, 3Diamonds, KClubs, 2Clubs, 6Hearts, 3Hearts, JSpades, 5Spades, 4Spades.
P2 HAND: AClubs, 7Clubs, JClubs, QClubs, JHearts, QHearts, ASpades, QSpades, 3Spades, 2Spades.
P3 HAND: QDiamonds, 6Diamonds, 6Clubs, 3Clubs, KHearts, 5Hearts, 4Hearts, 2Hearts, 7Spades, KSpades.
P3 2Hearts P0 AHearts P1 3Hearts P2 JHearts 
P0 7Hearts P1 6Hearts P2 QHearts P3 4Hearts 
P0 ADiamonds P1 3Diamonds P2 AClubs P3 6Diamonds 
P0 KDiamonds P1 5Diamonds P2 QClubs P3 QDiamonds 
P0 JDiamonds P1 7Diamonds P2 2Spades P3 KSpades 
P3 3Clubs P0 4Clubs P1 2Clubs P2 7Clubs 
P2 JClubs P3 6Clubs P0 5Clubs P1 KClubs 
P1 4Spades P2 3Spades P3 7Spades P0 6Spades 
P3 5Hearts P0 4Diamonds P1 5Spades P2 QSpades 
P2 ASpades P3 KHearts P0 2Diamonds P1 JSpades 
-- /GAME --
P0 HAND: 7Diamonds, KDiamonds, QDiamonds, 4Diamonds, 6Clubs, 2Clubs, 7Hearts, KHearts, ASpades, 6Spades.
P1 HAND: JDiamonds, 5Diamonds, KClubs, 4Clubs, QHearts, 6Hearts, 3Hearts, 7Spades, 4Spades, 2Spades.
P2 HAND: ADiamonds, 3Diamonds, AClubs, 7Clubs, JClubs, QClubs, 2Hearts, KSpades, QSpades, 3Spades.
P3 HAND: 6Diamonds, 2Diamonds, 5Clubs, 3Clubs, AHearts, JHearts, 5Hearts, 4Hearts, JSpades, 5Spades.
P2 ADiamonds P3 2Diamonds 
