-- GAME --
P0 HAND: 4Diamonds, 3Diamonds, JClubs, JHearts, QHearts, 2Hearts, KSpades, 6Spades, 5Spades, 4Spades.
P1 HAND: KDiamonds, QDiamonds, AClubs, QClubs, 7Hearts, 6Hearts, 7Spades, JSpades, 3Spades, 2Spades.
P2 HAND: 5Diamonds, 2Diamonds, KClubs, 5Clubs, 4Clubs, 3Clubs, 2Clubs, KHearts, 3Hearts, QSpades.
P3 HAND: ADiamonds, 7Diamonds, JDiamonds, 6Diamonds, 7Clubs, 6Clubs, AHearts, 5Hearts, 4Hearts, ASpades.
P2 2Diamonds P3 ADiamonds P0 3Diamonds P1 KDiamonds 
P3 AHearts P0 2Hearts P1 7Hearts P2 3Hearts 
P3 4Hearts P0 JHearts P1 6Hearts P2 KHearts 
P2 2Clubs P3 6Clubs P0 JClubs P1 AClubs 
P1 QDiamonds P2 5Diamonds P3 6Diamonds P0 4Diamonds 
P1 QClubs P2 3Clubs P3 7Clubs P0 4Spades 
P0 QHearts P1 2Spades P2 4Clubs P3 5Hearts 
P1 3Spades P2 QSpades P3 ASpades P0 5Spades 
P3 JDiamonds P0 6Spades P1 JSpades P2 5Clubs 
P1 7Spades P2 KClubs P3 7Diamonds P0 KSpades 
-- /GAME --
P0 HAND: ADiamonds, 5Diamonds, QClubs, 6Clubs, 5Clubs, 4Clubs, 3Hearts, KSpades, JSpades, 5Spades.
P1 HAND: 6Diamonds, 4Diamonds, 7Clubs, JClubs, KHearts, 6Hearts, 5Hearts, 4Hearts, ASpades, 2Spades.
P2 HAND: QDiamonds, 3Diamonds, 2Diamonds, AClubs, KClubs, AHearts, 7Hearts, QHearts, 7Spades, 4Spades.
P3 HAND: 7Diamonds, KDiamonds, JDiamonds, 3Clubs, 2Clubs, JHearts, 2Hearts, QSpades, 6Spades, 3Spades.
P1 ASpades P2 4Spades P3 QSpades P0 5Spades 
P1 2Spades P2 7Spades P3 3Spades P0 KSpades 
P2 AHearts P3 2Hearts P0 3Hearts P1 4Hearts 
P2 2Diamonds P3 JDiamonds P0 ADiamonds P1 4Diamonds 
P0 5Diamonds P1 6Diamonds P2 3Diamonds P3 7Diamonds 
P3 6Spades P0 JSpades P1 5Hearts P2 7Hearts 
P0 4Clubs P1 JClubs P2 KClubs P3 2Clubs 
P2 QDiamonds P3 KDiamonds P0 5Clubs P1 7Clubs 
P1 6Hearts P2 QHearts P3 JHearts P0 QClubs 
P0 6Clubs P1 KHearts P2 AClubs P3 3Clubs 
-- /GAME --
P0 HAND: 3Diamonds, AClubs, 7Clubs, JClubs, QClubs, KHearts, JHearts, JSpades, 4Spades, 3Spades.
P1 HAND: ADiamonds, KDiamonds, 5Diamonds, 6Clubs, QHearts, 6Hearts, ASpades, QSpades, 6Spades, 2Spades.
P2 HAND: 7Diamonds, QDiamonds, KClubs, AHearts, 7Hearts, 4Hearts, 3Hearts, 2Hearts, KSpades, 5Spades.
P3 HAND: JDiamonds, 6Diamonds, 4Diamonds, 2Diamonds, 5Clubs, 4Clubs, 3Clubs, 2Clubs, 5Hearts, 7Spades.
P0 JHearts P1 6Hearts P2 2Hearts P3 5Hearts 
P0 3Diamonds P1 ADiamonds P2 QDiamonds P3 JDiamonds 
P1 ASpades P2 5Spades P3 7Spades P0 3Spades 
P1 2Spades P2 KSpades P3 2Diamonds P0 JSpades 
P2 3Hearts P3 2Clubs P0 KHearts P1 QHearts 
P0 AClubs P1 6Clubs P2 KClubs P3 3Clubs 
P0 4Spades P1 6Spades P2 4Hearts P3 4Diamonds 
P2 7Hearts P3 4Clubs P0 7Clubs P1 5Diamonds 
P2 AHearts P3 5Clubs P0 JClubs P1 QSpades 
P2 7Diamonds P3 6Diamonds P0 QClubs P1 KDiamonds 
-- /GAME --
P0 HAND: 6Diamonds, 5Diamonds, 4Diamonds, 6Clubs, 5Clubs, 4Clubs, 3Clubs, QHearts, 6Spades, 3Spades.
P1 HAND: JDiamonds, QDiamonds, AClubs, 7Clubs, KClubs, KHearts, 6Hearts, ASpades, KSpades, 2Spades.
P2 HAND: ADiamonds, JClubs, QClubs, 2Clubs, AHearts, 5Hearts, 4Hearts, 7Spades, 5Spades, 4Spades.
P3 HAND: 7Diamonds, KDiamonds, 3Diamonds, 2Diamonds, 7Hearts, JHearts, 3Hearts, 2Hearts, JSpades, QSpades.
P3 2Diamonds P0 4Diamonds P1 QDiamonds P2 ADiamonds 
P2 AHearts P3 2Hearts P0 QHearts P1 6Hearts 
P2 2Clubs P3 3Diamonds P0 3Clubs P1 AClubs 
P1 JDiamonds P2 4Hearts P3 7Diamonds P0 5Diamonds 
P3 3Hearts P0 6Diamonds P1 KHearts P2 5Hearts 
P1 2Spades P2 4Spades P3 QSpades P0 3Spades 
P3 JHearts P0 6Spades P1 KSpades P2 7Spades 
P2 QClubs P3 JSpades P0 4Clubs P1 7Clubs 
P3 KDiamonds P0 5Clubs P1 ASpades P2 JClubs 
P1 KClubs P2 5Spades P3 7Hearts P0 6Clubs 
-- /GAME --
P0 HAND: JDiamonds, QDiamonds, 7Clubs, 6Clubs, 5Clubs, 2Clubs, AHearts, 7Hearts, KHearts, JSpades.
P1 HAND: 7Diamonds, 5Diamonds, 4Diamonds, 3Diamonds, 3Clubs, QHearts, 5Hearts, ASpades, 7Spades, 5Spades.
P2 HAND: 6Diamonds, KClubs, JClubs, QClubs, 4Clubs, JHearts, 4Hearts, QSpades, 6Spades, 4Spades.
P3 HAND: ADiamonds, KDiamonds, 2Diamonds, AClubs, 6Hearts, 3Hearts, 2Hearts, KSpades, 3Spades, 2Spades.

