-- GAME --
P0 HAND: 2Diamonds, 5Clubs, 3Clubs, JHearts, 3Hearts, 7Spades, JSpades, QSpades, 6Spades, 4Spades.
P1 HAND: KDiamonds, QDiamonds, 6Diamonds, AClubs, KClubs, 2Clubs, AHearts, 7Hearts, 6Hearts, 3Spades.
P2 HAND: 7Diamonds, JDiamonds, 5Diamonds, 4Diamonds, 7Clubs, 6Clubs, 4Clubs, 2Hearts, KSpades, 2Spades.
P3 HAND: ADiamonds, 3Diamonds, JClubs, QClubs, KHearts, QHearts, 5Hearts, 4Hearts, ASpades, 5Spades.
P0 2Diamonds P1 6Diamonds P2 4Diamonds P3 ADiamonds 
P3 ASpades P0 6Spades P1 3Spades P2 2Spades 
P3 3Diamonds P0 5Clubs P1 QDiamonds P2 7Diamonds 
P2 4Clubs P3 QClubs P0 3Clubs P1 AClubs 
P1 2Clubs P2 6Clubs P3 JClubs P0 3Hearts 
P0 4Spades P1 6Hearts P2 KSpades P3 5Spades 
P1 7Hearts P2 2Hearts P3 4Hearts P0 JHearts 
P1 AHearts P2 5Diamonds P3 5Hearts P0 QSpades 
P1 KDiamonds P2 JDiamonds P3 QHearts P0 JSpades 
P3 KHearts P0 7Spades P1 KClubs P2 7Clubs 
-- /GAME --
P0 HAND: KDiamonds, 7Clubs, JClubs, 6Clubs, 4Clubs, AHearts, KHearts, 5Hearts, 3Hearts, 7Spades.
P1 HAND: 7Diamonds, 6Diamonds, AClubs, QClubs, 5Clubs, 2Clubs, 6Hearts, 2Hearts, 6Spades, 4Spades.
P2 HAND: QDiamonds, 4Diamonds, 3Clubs, 7Hearts, 4Hearts, ASpades, KSpades, JSpades, 5Spades, 3Spades.
P3 HAND: ADiamonds, JDiamonds, 5Diamonds, 3Diamonds, 2Diamonds, KClubs, JHearts, QHearts, QSpades, 2Spades.
P3 2Spades P0 7Spades P1 4Spades P2 ASpades 
P2 3Clubs P3 KClubs P0 4Clubs P1 AClubs 
P1 2Clubs P2 3Spades P3 QHearts P0 7Clubs 
P0 JClubs P1 5Clubs P2 4Hearts P3 QSpades 
P0 6Clubs P1 QClubs P2 5Spades P3 JHearts 
P1 2Hearts P2 7Hearts P3 2Diamonds P0 5Hearts 
P3 3Diamonds P0 KDiamonds P1 6Diamonds P2 4Diamonds 
P0 3Hearts P1 6Hearts P2 QDiamonds P3 5Diamonds 
P2 JSpades P3 JDiamonds P0 KHearts P1 6Spades 
P3 ADiamonds P0 AHearts P1 7Diamonds P2 KSpades 
-- /GAME --
P0 HAND: ADiamonds, 7Diamonds, KDiamonds, 4Diamonds, 2Diamonds, 7Hearts, 5Hearts, KSpades, 6Spades, 4Spades.
P1 HAND: JDiamonds, 3Diamonds, AClubs, QClubs, AHearts, KHearts, QHearts, ASpades, JSpades, 3Spades.
P2 HAND: 7Clubs, KClubs, 2Clubs, JHearts, 4Hearts, 2Hearts, 7Spades, QSpades, 5Spades, 2Spades.
P3 HAND: QDiamonds, 6Diamonds, 5Diamonds, JClubs, 6Clubs, 5Clubs, 4Clubs, 3Clubs, 6Hearts, 3Hearts.
P2 2Clubs P3 3Clubs P0 2Diamonds P1 QClubs 
P0 5Hearts P1 AHearts P2 2Hearts P3 6Hearts 
P1 3Spades P2 2Spades P3 3Hearts P0 KSpades 
P0 7Hearts P1 QHearts P2 4Hearts P3 5Diamonds 
P3 4Clubs P0 4Spades P1 AClubs P2 KClubs 
P1 JSpades P2 5Spades P3 5Clubs P0 6Spades 
P1 3Diamonds P2 QSpades P3 6Diamonds P0 KDiamonds 
P0 ADiamonds P1 JDiamonds P2 7Clubs P3 QDiamonds 
P0 7Diamonds P1 KHearts P2 JHearts P3 6Clubs 
P0 4Diamonds P1 ASpades P2 7Spades P3 JClubs 
-- /GAME --
P0 HAND: KDiamonds, 3Diamonds, 5Clubs, JHearts, 6Hearts, 4Hearts, 3Hearts, JSpades, 6Spades, 4Spades.
P1 HAND: QDiamonds, 2Diamonds, 7Clubs, QClubs, 4Clubs, 2Clubs, AHearts, ASpades, 3Spades, 2Spades.
P2 HAND: 7Diamonds, 6Diamonds, AClubs, JClubs, 7Hearts, KHearts, QHearts, 5Hearts, 7Spades, QSpades.
P3 HAND: ADiamonds, JDiamonds, 5Diamonds, 4Diamonds, KClubs, 6Clubs, 3Clubs, 2Hearts, KSpades, 5Spades.
P1 ASpades P2 QSpades P3 KSpades P0 4Spades 
P1 2Diamonds P2 6Diamonds P3 ADiamonds P0 3Diamonds 
P3 3Clubs 
