-- GAME --
P0 HAND: ADiamonds, 6Diamonds, 5Clubs, 3Clubs, AHearts, JHearts, 7Spades, 6Spades, 4Spades, 3Spades.
P1 HAND: 7Diamonds, KDiamonds, QDiamonds, 3Diamonds, 2Diamonds, KClubs, 7Hearts, QHearts, 3Hearts, 2Hearts.
P2 HAND: 5Diamonds, 4Diamonds, AClubs, JClubs, 6Clubs, 2Clubs, 4Hearts, KSpades, QSpades, 5Spades.
P3 HAND: JDiamonds, 7Clubs, QClubs, 4Clubs, KHearts, 6Hearts, 5Hearts, ASpades, JSpades, 2Spades.
P1 2Hearts P2 4Hearts P3 5Hearts P0 AHearts 
P0 5Clubs P1 KClubs P2 AClubs P3 4Clubs 
P2 2Clubs P3 QClubs P0 3Clubs P1 7Hearts 
P3 ASpades P0 6Spades P1 QHearts P2 5Spades 
P3 2Spades P0 4Spades P1 3Hearts P2 KSpades 
P2 6Clubs P3 7Clubs P0 6Diamonds P1 QDiamonds 
P1 2Diamonds P2 4Diamonds P3 JDiamonds P0 ADiamonds 
P0 3Spades P1 3Diamonds P2 QSpades P3 JSpades 
P1 KDiamonds P2 5Diamonds P3 6Hearts P0 JHearts 
P1 7Diamonds P2 JClubs P3 KHearts P0 7Spades 
-- /GAME --
P0 HAND: 7Diamonds, 6Diamonds, KClubs, 6Clubs, 4Clubs, AHearts, 6Hearts, KSpades, JSpades, 6Spades.
P1 HAND: ADiamonds, JDiamonds, QDiamonds, QClubs, JHearts, QHearts, 5Hearts, 2Hearts, 7Spades, 5Spades.
P2 HAND: KDiamonds, 4Diamonds, 3Diamonds, 2Diamonds, AClubs, JClubs, 5Clubs, 2Clubs, QSpades, 2Spades.
P3 HAND: 5Diamonds, 7Clubs, 3Clubs, 7Hearts, KHearts, 4Hearts, 3Hearts, ASpades, 4Spades, 3Spades.

