-- GAME --
P0 HAND: 7Diamonds, JDiamonds, 2Diamonds, 3Clubs, AHearts, JHearts, QHearts, 5Hearts, JSpades, 5Spades.
P1 HAND: 5Diamonds, 3Diamonds, AClubs, 6Clubs, 4Clubs, 7Hearts, 3Hearts, 2Hearts, ASpades, KSpades.
P2 HAND: KDiamonds, QDiamonds, 4Diamonds, JClubs, QClubs, 2Clubs, KHearts, 6Hearts, 6Spades, 4Spades.
P3 HAND: ADiamonds, 6Diamonds, 7Clubs, KClubs, 5Clubs, 4Hearts, 7Spades, QSpades, 3Spades, 2Spades.
P2 4Diamonds P3 ADiamonds P0 2Diamonds P1 5Diamonds 
P3 2Spades P0 5Spades P1 ASpades P2 4Spades 
P1 2Hearts P2 6Hearts P3 4Hearts P0 AHearts 
P0 7Diamonds P1 3Diamonds P2 KDiamonds P3 6Diamonds 
P0 JDiamonds P1 3Hearts P2 QDiamonds P3 5Clubs 
P3 3Spades P0 JSpades P1 KSpades P2 6Spades 
P1 4Clubs P2 2Clubs P3 KClubs P0 3Clubs 
P3 QSpades P0 JHearts P1 6Clubs P2 QClubs 
P2 JClubs P3 7Clubs P0 5Hearts P1 AClubs 
P1 7Hearts P2 KHearts P3 7Spades P0 QHearts 
-- /GAME --
P0 HAND: 7Diamonds, JDiamonds, AClubs, JClubs, 5Clubs, 4Clubs, 3Clubs, QHearts, JSpades, QSpades.
P1 HAND: QDiamonds, 6Diamonds, QClubs, 2Clubs, 7Hearts, KHearts, KSpades, 5Spades, 4Spades, 3Spades.
P2 HAND: ADiamonds, KDiamonds, 5Diamonds, KClubs, 6Clubs, AHearts, JHearts, 4Hearts, 7Spades, 2Spades.
P3 HAND: 4Diamonds, 3Diamonds, 2Diamonds, 7Clubs, 6Hearts, 5Hearts, 3Hearts, 2Hearts, ASpades, 6Spades.
P1 3Spades P2 2Spades P3 ASpades P0 QSpades 
P3 2Diamonds P0 JDiamonds P1 6Diamonds P2 ADiamonds 
P2 AHearts P3 2Hearts P0 QHearts P1 KHearts 
P2 4Hearts P3 3Hearts P0 JSpades P1 7Hearts 
P1 4Spades P2 7Spades P3 6Spades P0 7Diamonds 
P2 5Diamonds P3 3Diamonds P0 3Clubs P1 QDiamonds 
P0 4Clubs P1 2Clubs P2 6Clubs P3 7Clubs 
P3 4Diamonds P0 5Clubs P1 5Spades P2 KDiamonds 
P0 AClubs P1 QClubs P2 KClubs P3 5Hearts 
P0 JClubs P1 KSpades P2 JHearts P3 6Hearts 
-- /GAME --
P0 HAND: 6Diamonds, 5Diamonds, 2Diamonds, 4Clubs, 3Clubs, AHearts, 7Hearts, 3Hearts, 2Hearts, 7Spades.
P1 HAND: JDiamonds, 4Diamonds, KClubs, JClubs, QClubs, 5Clubs, QHearts, 5Hearts, 4Hearts, 5Spades.
P2 HAND: ADiamonds, 7Diamonds, KDiamonds, QDiamonds, 3Diamonds, 2Clubs, KHearts, ASpades, KSpades, 4Spades.
P3 HAND: AClubs, 7Clubs, 6Clubs, JHearts, 6Hearts, JSpades, QSpades, 6Spades, 3Spades, 2Spades.
P0 7Spades P1 5Spades P2 ASpades P3 2Spades 
P2 3Diamonds P3 3Spades P0 2Diamonds P1 JDiamonds 
P1 4Diamonds P2 QDiamonds P3 6Hearts P0 5Diamonds 
P2 4Spades P3 6Spades P0 6Diamonds P1 QHearts 
P3 QSpades P0 2Hearts P1 4Hearts P2 KSpades 
P2 2Clubs P3 6Clubs P0 3Clubs P1 5Clubs 
P3 JHearts P0 AHearts P1 5Hearts P2 KHearts 
P0 3Hearts P1 QClubs P2 KDiamonds P3 JSpades 
P1 JClubs P2 7Diamonds P3 7Clubs P0 4Clubs 
P3 AClubs P0 7Hearts P1 KClubs P2 ADiamonds 
-- /GAME --
P0 HAND: KDiamonds, 6Diamonds, 5Diamonds, 4Diamonds, 7Clubs, 2Clubs, 7Hearts, KSpades, JSpades, 6Spades.
P1 HAND: ADiamonds, 2Diamonds, AClubs, 3Clubs, AHearts, JHearts, QHearts, 6Hearts, 5Hearts, 5Spades.
P2 HAND: QDiamonds, 3Diamonds, KClubs, JClubs, 6Clubs, 4Clubs, 7Spades, QSpades, 4Spades, 2Spades.
P3 HAND: 7Diamonds, JDiamonds, QClubs, 5Clubs, KHearts, 4Hearts, 3Hearts, 2Hearts, ASpades, 3Spades.
P3 2Hearts P0 7Hearts P1 AHearts P2 2Spades 
P2 3Diamonds P3 JDiamonds P0 4Diamonds P1 ADiamonds 
P1 AClubs P2 4Clubs P3 QClubs P0 2Clubs 
P1 2Diamonds P2 QDiamonds P3 7Diamonds P0 6Diamonds 
P3 3Hearts P0 KDiamonds P1 5Hearts P2 6Clubs 
P1 3Clubs P2 JClubs P3 5Clubs P0 7Clubs 
P0 5Diamonds P1 6Hearts P2 4Spades P3 4Hearts 
P2 QSpades P3 3Spades P0 JSpades P1 5Spades 
P0 6Spades P1 QHearts P2 7Spades P3 ASpades 
P3 KHearts P0 KSpades P1 JHearts P2 KClubs 
-- /GAME --
P0 HAND: 7Diamonds, QDiamonds, 6Diamonds, 4Diamonds, 3Diamonds, 7Clubs, 2Clubs, QHearts, 4Spades, 3Spades.
P1 HAND: KClubs, QClubs, 5Clubs, AHearts, KHearts, 3Hearts, KSpades, JSpades, QSpades, 6Spades.
P2 HAND: ADiamonds, KDiamonds, AClubs, JClubs, 6Clubs, 4Clubs, 7Hearts, JHearts, 5Hearts, 2Spades.
P3 HAND: JDiamonds, 5Diamonds, 2Diamonds, 3Clubs, 6Hearts, 4Hearts, 2Hearts, ASpades, 7Spades, 5Spades.
P2 ADiamonds P3 2Diamonds P0 7Diamonds P1 5Clubs 
P1 AHearts P2 5Hearts P3 6Hearts P0 QHearts 
P1 3Hearts P2 JHearts P3 2Hearts P0 QDiamonds 
P2 2Spades P3 ASpades P0 3Spades P1 KSpades 
P3 4Hearts P0 4Spades P1 KHearts P2 7Hearts 
P2 4Clubs P3 3Clubs P0 2Clubs P1 QClubs 
P1 6Spades P2 6Clubs P3 5Spades P0 3Diamonds 
P2 JClubs P3 5Diamonds P0 7Clubs P1 KClubs 
P0 4Diamonds P1 QSpades P2 KDiamonds P3 JDiamonds 
P2 AClubs P3 7Spades P0 6Diamonds P1 JSpades 
-- /GAME --
P0 HAND: KDiamonds, JDiamonds, 3Diamonds, 7Clubs, QClubs, 2Clubs, 7Hearts, QHearts, 6Spades, 3Spades.
P1 HAND: 6Diamonds, 4Diamonds, 6Clubs, AHearts, KHearts, JHearts, 3Hearts, ASpades, QSpades, 4Spades.
P2 HAND: 7Diamonds, KClubs, JClubs, 4Clubs, 3Clubs, 5Hearts, KSpades, JSpades, 5Spades, 2Spades.
P3 HAND: ADiamonds, QDiamonds, 5Diamonds, 2Diamonds, AClubs, 5Clubs, 6Hearts, 4Hearts, 2Hearts, 7Spades.
P1 AHearts P2 5Hearts P3 6Hearts P0 QHearts 
P1 ASpades P2 2Spades P3 7Spades P0 3Spades 
P1 3Hearts P2 3Clubs P3 2Hearts P0 7Hearts 
P0 6Spades P1 4Spades P2 5Spades P3 4Hearts 
P0 2Clubs P1 6Clubs P2 4Clubs P3 AClubs 
P3 5Clubs P0 7Clubs P1 4Diamonds P2 JClubs 
P1 QSpades P2 JSpades P3 2Diamonds P0 KDiamonds 
P0 QClubs P1 6Diamonds P2 KClubs P3 5Diamonds 
P1 JHearts P2 7Diamonds P3 ADiamonds P0 3Diamonds 
P3 QDiamonds P0 JDiamonds P1 KHearts P2 KSpades 
-- /GAME --
P0 HAND: ADiamonds, 7Diamonds, 4Diamonds, 7Clubs, AHearts, 7Hearts, QHearts, 3Hearts, 6Spades, 4Spades.
P1 HAND: QDiamonds, 6Diamonds, 3Diamonds, 6Clubs, 4Clubs, 3Clubs, 4Hearts, 7Spades, KSpades, JSpades.
P2 HAND: KDiamonds, 5Diamonds, AClubs, QClubs, 5Clubs, 2Clubs, KHearts, ASpades, QSpades, 5Spades.
P3 HAND: JDiamonds, 2Diamonds, KClubs, JClubs, JHearts, 6Hearts, 5Hearts, 2Hearts, 3Spades, 2Spades.
P3 2Diamonds P0 ADiamonds P1 3Diamonds P2 KDiamonds 
P0 AHearts P1 4Hearts P2 KHearts P3 2Hearts 
P0 4Spades P1 JSpades P2 ASpades P3 2Spades 
P2 5Diamonds P3 JDiamonds P0 7Diamonds P1 6Diamonds 
P0 6Spades P1 KSpades P2 5Spades P3 3Spades 
P1 QDiamonds P2 QSpades P3 5Hearts P0 4Diamonds 
P1 3Clubs P2 2Clubs P3 JClubs P0 7Clubs 
P0 QHearts P1 4Clubs P2 5Clubs P3 6Hearts 
P2 QClubs P3 KClubs P0 3Hearts P1 6Clubs 
P3 JHearts P0 7Hearts P1 7Spades P2 AClubs 
-- /GAME --
P0 HAND: QDiamonds, 3Diamonds, 3Clubs, 2Clubs, 6Hearts, ASpades, 6Spades, 5Spades, 4Spades, 2Spades.
P1 HAND: ADiamonds, 7Diamonds, KDiamonds, 5Diamonds, 2Diamonds, AClubs, JClubs, QClubs, 7Hearts, QHearts.
P2 HAND: 6Diamonds, 6Clubs, 5Clubs, 4Clubs, JHearts, 2Hearts, KSpades, JSpades, QSpades, 3Spades.
P3 HAND: JDiamonds, 4Diamonds, 7Clubs, KClubs, AHearts, KHearts, 5Hearts, 4Hearts, 3Hearts, 7Spades.
P2 2Hearts P3 AHearts P0 6Hearts P1 7Hearts 
P3 3Hearts P0 3Diamonds P1 QHearts P2 JHearts 
P2 3Spades P3 7Spades P0 ASpades P1 QClubs 
P1 2Diamonds P2 6Diamonds P3 4Diamonds P0 QDiamonds 
P0 5Spades P1 5Diamonds P2 KSpades P3 4Hearts 
P2 QSpades P3 5Hearts P0 4Spades P1 JClubs 
P1 AClubs P2 4Clubs P3 KClubs P0 3Clubs 
P1 KDiamonds P2 5Clubs P3 JDiamonds P0 2Spades 
P2 JSpades P3 7Clubs P0 6Spades P1 ADiamonds 
P3 KHearts P0 2Clubs P1 7Diamonds P2 6Clubs 
-- /GAME --
P0 HAND: JDiamonds, 5Diamonds, 2Diamonds, AClubs, KClubs, 5Clubs, QHearts, 5Hearts, 3Hearts, ASpades.
P1 HAND: 7Diamonds, KDiamonds, JClubs, 3Clubs, 2Clubs, KHearts, JHearts, 6Hearts, 7Spades, 6Spades.
P2 HAND: ADiamonds, QDiamonds, 6Diamonds, 3Diamonds, 7Clubs, 6Clubs, 7Hearts, 4Hearts, KSpades, 5Spades.
P3 HAND: 4Diamonds, QClubs, 4Clubs, AHearts, 2Hearts, JSpades, QSpades, 4Spades, 3Spades, 2Spades.
P1 2Clubs P2 6Clubs P3 4Clubs P0 KClubs 
P0 AClubs P1 3Clubs P2 7Clubs P3 QClubs 
P0 2Diamonds P1 KDiamonds P2 ADiamonds P3 4Diamonds 
P2 3Diamonds P3 2Hearts P0 5Diamonds P1 7Diamonds 
P1 6Hearts P2 4Hearts P3 AHearts P0 3Hearts 
P3 2Spades P0 ASpades P1 6Spades P2 5Spades 
P0 QHearts P1 JHearts P2 7Hearts P3 3Spades 
P3 4Spades P0 JDiamonds P1 7Spades P2 KSpades 
P1 JClubs P2 6Diamonds P3 QSpades P0 5Clubs 
P3 JSpades P0 5Hearts P1 KHearts P2 QDiamonds 
-- /GAME --
P0 HAND: ADiamonds, 7Diamonds, QDiamonds, 4Diamonds, 7Clubs, 6Hearts, 5Hearts, 2Hearts, ASpades, JSpades.
P1 HAND: JDiamonds, 6Diamonds, AClubs, AHearts, 7Hearts, KHearts, 4Hearts, 3Hearts, KSpades, 4Spades.
P2 HAND: KDiamonds, 5Diamonds, 3Diamonds, 2Diamonds, 5Clubs, 2Clubs, JHearts, 7Spades, 5Spades, 3Spades.
P3 HAND: KClubs, JClubs, QClubs, 6Clubs, 4Clubs, 3Clubs, QHearts, QSpades, 6Spades, 2Spades.
P0 7Clubs P1 AClubs P2 2Clubs P3 KClubs 
P1 3Hearts P2 JHearts P3 QHearts P0 5Hearts 
P2 2Diamonds P3 3Clubs P0 ADiamonds P1 6Diamonds 
P0 2Hearts P1 4Hearts P2 3Diamonds P3 JClubs 
P1 JDiamonds P2 5Diamonds P3 4Clubs P0 7Diamonds 
P0 6Hearts P1 KHearts P2 5Clubs P3 QClubs 
P1 4Spades P2 3Spades P3 2Spades P0 JSpades 
P0 ASpades P1 KSpades P2 5Spades P3 6Spades 
P0 4Diamonds P1 7Hearts P2 KDiamonds P3 QSpades 
P3 6Clubs P0 QDiamonds P1 AHearts P2 7Spades 
-- /GAME --
P0 HAND: QDiamonds, KClubs, QClubs, 5Clubs, 7Hearts, 3Hearts, QSpades, 6Spades, 3Spades, 2Spades.
P1 HAND: JDiamonds, 6Diamonds, 5Diamonds, JClubs, 2Clubs, KHearts, 2Hearts, KSpades, 5Spades, 4Spades.
P2 HAND: ADiamonds, 7Diamonds, KDiamonds, 3Diamonds, 2Diamonds, 3Clubs, AHearts, JHearts, 5Hearts, 4Hearts.
P3 HAND: 4Diamonds, AClubs, 7Clubs, 6Clubs, 4Clubs, QHearts, 6Hearts, ASpades, 7Spades, JSpades.
P3 AClubs P0 5Clubs P1 JClubs P2 3Clubs 
P3 ASpades P0 3Spades P1 KSpades P2 4Hearts 
P2 2Diamonds P3 4Diamonds P0 QDiamonds P1 JDiamonds 
P1 2Clubs P2 3Diamonds P3 7Clubs P0 QClubs 
P3 4Clubs P0 KClubs P1 4Spades P2 ADiamonds 
P0 6Spades P1 5Spades P2 5Hearts P3 JSpades 
P2 JHearts P3 6Hearts P0 3Hearts P1 2Hearts 
P2 AHearts P3 QHearts P0 7Hearts P1 KHearts 
P2 KDiamonds P3 6Clubs P0 2Spades P1 5Diamonds 
P2 7Diamonds P3 7Spades P0 QSpades P1 6Diamonds 
-- /GAME --
P0 HAND: 4Diamonds, 3Diamonds, AClubs, 7Clubs, KClubs, JClubs, KHearts, 6Hearts, JSpades, 3Spades.
P1 HAND: 7Diamonds, JDiamonds, 6Diamonds, 5Clubs, 4Clubs, 7Hearts, JHearts, QHearts, 3Hearts, 4Spades.
P2 HAND: ADiamonds, KDiamonds, QClubs, 6Clubs, 3Clubs, 5Hearts, ASpades, 7Spades, QSpades, 5Spades.
P3 HAND: QDiamonds, 5Diamonds, 2Diamonds, 2Clubs, AHearts, 4Hearts, 2Hearts, KSpades, 6Spades, 2Spades.

