-- GAME --
P0 HAND: ADiamonds, 6Diamonds, 4Diamonds, 2Diamonds, AClubs, QClubs, 6Hearts, 3Hearts, KSpades, 2Spades.
P1 HAND: 7Diamonds, QDiamonds, 5Diamonds, 7Clubs, 4Clubs, 2Clubs, 7Hearts, 2Hearts, JSpades, QSpades.
P2 HAND: JDiamonds, KClubs, JClubs, 6Clubs, 5Clubs, 3Clubs, AHearts, 5Hearts, 6Spades, 5Spades.
P3 HAND: KDiamonds, 3Diamonds, KHearts, JHearts, QHearts, 4Hearts, ASpades, 7Spades, 4Spades, 3Spades.
P2 AHearts P3 4Hearts P0 3Hearts P1 2Hearts 
P2 5Hearts P3 QHearts P0 6Hearts P1 7Hearts 
P1 5Diamonds P2 JDiamonds P3 3Diamonds P0 ADiamonds 
P0 2Diamonds P1 QDiamonds P2 5Spades P3 KDiamonds 
P3 3Spades P0 2Spades P1 QSpades P2 6Spades 
P1 JSpades P2 3Clubs P3 4Spades P0 KSpades 
P2 5Clubs P3 JHearts P0 QClubs P1 7Clubs 
P1 2Clubs P2 6Clubs P3 KHearts P0 AClubs 
P0 4Diamonds P1 7Diamonds P2 JClubs P3 7Spades 
P2 KClubs P3 ASpades P0 6Diamonds P1 4Clubs 
-- /GAME --
P0 HAND: 7Diamonds, 5Diamonds, KClubs, QClubs, 6Clubs, AHearts, 7Spades, JSpades, 5Spades, 3Spades.
P1 HAND: JDiamonds, QDiamonds, 4Diamonds, 3Diamonds, JClubs, 3Clubs, 5Hearts, 4Hearts, 3Hearts, ASpades.
P2 HAND: ADiamonds, 6Diamonds, 7Clubs, 7Hearts, KHearts, JHearts, QHearts, 2Hearts, KSpades, 2Spades.
P3 HAND: KDiamonds, 2Diamonds, AClubs, 5Clubs, 4Clubs, 2Clubs, 6Hearts, QSpades, 6Spades, 4Spades.
P1 ASpades P2 2Spades P3 QSpades P0 3Spades 
P1 3Clubs P2 7Clubs P3 AClubs P0 6Clubs 
P3 2Clubs P0 KClubs P1 JClubs P2 7Hearts 
P0 AHearts P1 3Hearts P2 KHearts P3 6Hearts 
P0 QClubs P1 4Hearts P2 KSpades P3 4Clubs 
P0 7Spades P1 3Diamonds P2 6Diamonds P3 4Spades 
P2 2Hearts P3 5Clubs P0 5Spades P1 5Hearts 
P1 4Diamonds P2 ADiamonds P3 2Diamonds P0 5Diamonds 
P2 QHearts P3 6Spades P0 JSpades P1 QDiamonds 
P1 JDiamonds P2 JHearts P3 KDiamonds P0 7Diamonds 
-- /GAME --
P0 HAND: KDiamonds, JDiamonds, 4Diamonds, 2Diamonds, KClubs, 6Clubs, 4Clubs, 6Hearts, KSpades, QSpades.
P1 HAND: ADiamonds, 7Diamonds, 6Diamonds, AClubs, JClubs, KHearts, JHearts, 4Hearts, ASpades, 4Spades.
P2 HAND: QDiamonds, 3Diamonds, QClubs, 5Clubs, 2Clubs, AHearts, 5Hearts, 7Spades, 5Spades, 2Spades.
P3 HAND: 5Diamonds, 7Clubs, 3Clubs, 7Hearts, QHearts, 3Hearts, 2Hearts, JSpades, 6Spades, 3Spades.
P0 4Clubs P1 AClubs P2 2Clubs P3 7Clubs 
P1 ADiamonds P2 3Diamonds P3 5Diamonds P0 2Diamonds 
P1 ASpades P2 2Spades P3 JSpades P0 QSpades 
P1 4Spades P2 5Spades P3 3Spades P0 KSpades 
P0 KDiamonds P1 6Diamonds P2 QDiamonds P3 2Hearts 
P3 3Clubs P0 KClubs P1 JClubs P2 QClubs 
P0 6Clubs P1 4Hearts P2 5Clubs P3 6Spades 
P1 JHearts P2 5Hearts P3 3Hearts P0 6Hearts 
P1 KHearts P2 AHearts P3 QHearts P0 JDiamonds 
P2 7Spades P3 7Hearts P0 4Diamonds P1 7Diamonds 
-- /GAME --
P0 HAND: JDiamonds, 5Diamonds, 4Diamonds, 7Clubs, 6Clubs, 3Clubs, AHearts, ASpades, 6Spades, 2Spades.
P1 HAND: ADiamonds, 7Diamonds, 2Diamonds, AClubs, QClubs, 4Clubs, 7Hearts, JHearts, 4Hearts, 4Spades.
P2 HAND: QDiamonds, 6Diamonds, JClubs, 2Clubs, 6Hearts, 5Hearts, 3Hearts, KSpades, JSpades, QSpades.
P3 HAND: KDiamonds, 3Diamonds, KClubs, 5Clubs, KHearts, QHearts, 2Hearts, 7Spades, 5Spades, 3Spades.
P3 3Diamonds P0 4Diamonds P1 ADiamonds P2 6Diamonds 
P1 AClubs P2 2Clubs P3 KClubs P0 3Clubs 
P1 2Diamonds P2 QDiamonds P3 KDiamonds P0 5Diamonds 
P3 3Spades P0 ASpades P1 4Spades P2 KSpades 
P0 6Spades P1 4Clubs P2 QSpades P3 7Spades 
P3 5Clubs P0 7Clubs P1 QClubs P2 JClubs 
P0 6Clubs P1 4Hearts P2 3Hearts P3 5Spades 
P1 JHearts P2 5Hearts P3 2Hearts P0 AHearts 
P0 2Spades P1 7Hearts P2 JSpades P3 QHearts 
P1 7Diamonds P2 6Hearts P3 KHearts P0 JDiamonds 
-- /GAME --
P0 HAND: AClubs, 7Clubs, QClubs, 5Clubs, 2Clubs, 2Hearts, QSpades, 6Spades, 4Spades, 3Spades.
P1 HAND: 7Diamonds, QDiamonds, 6Diamonds, 5Diamonds, 4Diamonds, KClubs, JClubs, 6Hearts, 3Hearts, ASpades.
P2 HAND: ADiamonds, 3Diamonds, 4Clubs, 3Clubs, 7Hearts, KHearts, QHearts, 4Hearts, 7Spades, JSpades.
P3 HAND: KDiamonds, JDiamonds, 2Diamonds, 6Clubs, AHearts, JHearts, 5Hearts, KSpades, 5Spades, 2Spades.

