-- GAME --
P0 HAND: KDiamonds, QDiamonds, QClubs, 3Clubs, 6Hearts, 4Hearts, QSpades, 6Spades, 4Spades, 2Spades.
P1 HAND: 7Diamonds, JDiamonds, 7Clubs, 6Clubs, 2Clubs, JHearts, ASpades, 7Spades, KSpades, JSpades.
P2 HAND: ADiamonds, 6Diamonds, 4Diamonds, 2Diamonds, AClubs, KClubs, 5Clubs, 5Hearts, 5Spades, 3Spades.
P3 HAND: 5Diamonds, 3Diamonds, JClubs, 4Clubs, AHearts, 7Hearts, KHearts, QHearts, 3Hearts, 2Hearts.
P3 2Hearts P0 4Hearts P1 JHearts P2 5Hearts 
P1 ASpades P2 3Spades P3 AHearts P0 2Spades 
P1 JDiamonds P2 ADiamonds P3 3Diamonds P0 KDiamonds 
P2 2Diamonds P3 5Diamonds P0 QDiamonds P1 7Diamonds 
P1 JSpades P2 5Spades P3 3Hearts P0 QSpades 
P1 2Clubs P2 5Clubs P3 4Clubs P0 QClubs 
P0 6Hearts P1 6Clubs P2 4Diamonds P3 7Hearts 
P1 7Clubs P2 AClubs P3 JClubs P0 3Clubs 
P2 6Diamonds P3 QHearts P0 4Spades P1 KSpades 
P2 KClubs P3 KHearts P0 6Spades P1 7Spades 
-- /GAME --
P0 HAND: ADiamonds, JDiamonds, AClubs, 7Clubs, QClubs, 5Clubs, AHearts, KHearts, 6Hearts, 3Hearts.
P1 HAND: 5Diamonds, 4Diamonds, KClubs, 6Clubs, 2Hearts, ASpades, 7Spades, KSpades, 5Spades, 4Spades.
P2 HAND: KDiamonds, QDiamonds, 3Diamonds, JClubs, 4Clubs, QHearts, 4Hearts, JSpades, 3Spades, 2Spades.
P3 HAND: 7Diamonds, 6Diamonds, 2Diamonds, 3Clubs, 2Clubs, 7Hearts, JHearts, 5Hearts, QSpades, 6Spades.
P2 2Spades P3 6Spades P0 JDiamonds P1 ASpades 
P1 4Diamonds P2 3Diamonds P3 2Diamonds P0 ADiamonds 
P0 6Hearts P1 2Hearts P2 4Hearts P3 5Hearts 
P0 AHearts P1 4Spades P2 QHearts P3 JHearts 
P0 3Hearts P1 5Diamonds P2 3Spades P3 7Hearts 
P3 2Clubs P0 AClubs P1 6Clubs P2 JClubs 
P0 KHearts P1 5Spades P2 4Clubs P3 3Clubs 
P0 7Clubs P1 KClubs P2 KDiamonds P3 6Diamonds 
P0 QClubs P1 KSpades P2 QDiamonds P3 QSpades 
P0 5Clubs P1 7Spades P2 JSpades P3 7Diamonds 
-- /GAME --
P0 HAND: 7Diamonds, KDiamonds, 2Clubs, 4Hearts, ASpades, 7Spades, JSpades, QSpades, 5Spades, 3Spades.
P1 HAND: QDiamonds, 5Diamonds, 3Diamonds, 2Diamonds, QClubs, 4Clubs, 7Hearts, 3Hearts, 2Hearts, 2Spades.
P2 HAND: ADiamonds, 6Diamonds, 4Diamonds, KClubs, 6Clubs, AHearts, KHearts, QHearts, KSpades, 4Spades.
P3 HAND: JDiamonds, AClubs, 7Clubs, JClubs, 5Clubs, 3Clubs, JHearts, 6Hearts, 5Hearts, 6Spades.
P1 2Diamonds P2 ADiamonds P3 JDiamonds P0 7Diamonds 
P2 AHearts P3 5Hearts P0 4Hearts P1 2Hearts 
P2 4Diamonds P3 3Clubs P0 KDiamonds P1 3Diamonds 
P0 2Clubs P1 4Clubs P2 6Clubs P3 AClubs 
P3 5Clubs P0 3Spades P1 QClubs P2 KClubs 
P0 ASpades P1 2Spades P2 4Spades P3 6Spades 
P0 7Spades P1 3Hearts P2 KSpades P3 6Hearts 
P0 JSpades P1 5Diamonds P2 6Diamonds P3 JClubs 
P0 QSpades P1 QDiamonds P2 QHearts P3 JHearts 
P0 5Spades P1 7Hearts P2 KHearts P3 7Clubs 
-- /GAME --

