-- GAME --
P0 HAND: 7Diamonds, KDiamonds, 6Diamonds, 4Diamonds, AClubs, 6Clubs, 2Clubs, 7Hearts, 6Hearts, 2Hearts.
P1 HAND: ADiamonds, QDiamonds, 3Diamonds, 2Diamonds, 7Clubs, 4Clubs, 3Clubs, 3Hearts, 6Spades, 5Spades.
P2 HAND: JDiamonds, KClubs, JClubs, QClubs, 5Clubs, KHearts, 7Spades, KSpades, 4Spades, 3Spades.
P3 HAND: 5Diamonds, AHearts, JHearts, QHearts, 5Hearts, 4Hearts, ASpades, JSpades, QSpades, 2Spades.
P0 AClubs P1 3Clubs P2 KClubs P3 4Hearts 
P3 ASpades P0 2Hearts P1 5Spades P2 7Spades 
P0 4Diamonds P1 ADiamonds P2 JDiamonds P3 5Diamonds 
P1 2Diamonds P2 3Spades P3 2Spades P0 7Diamonds 
P0 2Clubs P1 7Clubs P2 5Clubs P3 JSpades 
P1 3Diamonds P2 4Spades P3 QSpades P0 KDiamonds 
P0 6Clubs P1 4Clubs P2 QClubs P3 5Hearts 
P3 QHearts P0 6Hearts P1 3Hearts P2 KHearts 
P2 JClubs P3 JHearts P0 7Hearts P1 6Spades 
P0 6Diamonds P1 QDiamonds P2 KSpades P3 AHearts 
-- /GAME --
P0 HAND: 4Diamonds, 2Diamonds, 4Clubs, 2Clubs, AHearts, KHearts, 6Hearts, KSpades, JSpades, 3Spades.
P1 HAND: KDiamonds, JDiamonds, QDiamonds, 6Diamonds, KClubs, JClubs, QClubs, 5Clubs, 3Hearts, ASpades.
P2 HAND: 5Diamonds, AClubs, 6Clubs, JHearts, 5Hearts, 4Hearts, 2Hearts, QSpades, 6Spades, 4Spades.
P3 HAND: ADiamonds, 7Diamonds, 3Diamonds, 7Clubs, 3Clubs, 7Hearts, QHearts, 7Spades, 5Spades, 2Spades.
P3 ADiamonds P0 2Diamonds P1 KDiamonds P2 5Diamonds 
P3 2Spades P0 3Spades P1 ASpades P2 4Spades 
P1 5Clubs P2 AClubs P3 3Clubs P0 4Clubs 
P2 6Clubs P3 7Clubs P0 2Clubs P1 KClubs 
P3 3Diamonds P0 4Diamonds P1 6Diamonds P2 6Spades 
P1 QDiamonds P2 QSpades P3 7Diamonds P0 6Hearts 
P0 JSpades P1 QClubs P2 2Hearts P3 5Spades 
P2 4Hearts P3 QHearts P0 AHearts P1 3Hearts 
P0 KHearts P1 JDiamonds P2 5Hearts P3 7Hearts 
P3 7Spades P0 KSpades P1 JClubs P2 JHearts 
-- /GAME --
P0 HAND: 6Diamonds, 3Diamonds, KClubs, QClubs, 2Clubs, AHearts, JHearts, 5Hearts, 7Spades, JSpades.
P1 HAND: JDiamonds, QDiamonds, 5Diamonds, AClubs, 5Clubs, 3Clubs, QHearts, 2Hearts, KSpades, QSpades.
P2 HAND: 7Diamonds, KDiamonds, 2Diamonds, 7Clubs, 6Hearts, 3Hearts, 6Spades, 4Spades, 3Spades, 2Spades.
P3 HAND: ADiamonds, 4Diamonds, JClubs, 6Clubs, 4Clubs, 7Hearts, KHearts, 4Hearts, ASpades, 5Spades.
P2 2Spades P3 ASpades P0 JSpades P1 KSpades 
P3 4Clubs P0 QClubs P1 AClubs P2 7Clubs 
P1 2Hearts P2 3Hearts P3 4Hearts P0 JHearts 
P0 AHearts P1 QHearts P2 6Hearts P3 KHearts 
P0 2Clubs P1 3Clubs P2 3Spades P3 JClubs 
P3 5Spades P0 7Spades P1 QSpades P2 6Spades 
P0 KClubs P1 5Clubs P2 4Spades P3 6Clubs 
P0 5Hearts P1 5Diamonds P2 2Diamonds P3 7Hearts 
P1 QDiamonds P2 KDiamonds P3 ADiamonds P0 3Diamonds 
P3 4Diamonds P0 6Diamonds P1 JDiamonds P2 7Diamonds 
-- /GAME --
P0 HAND: AClubs, 7Clubs, KClubs, 5Clubs, AHearts, 2Hearts, JSpades, 6Spades, 4Spades, 2Spades.
P1 HAND: 7Diamonds, QDiamonds, 3Clubs, 7Hearts, KHearts, QHearts, 4Hearts, 7Spades, 5Spades, 3Spades.
P2 HAND: ADiamonds, 6Diamonds, 4Diamonds, JClubs, 4Clubs, JHearts, 3Hearts, ASpades, KSpades, QSpades.
P3 HAND: KDiamonds, JDiamonds, 5Diamonds, 3Diamonds, 2Diamonds, QClubs, 6Clubs, 2Clubs, 6Hearts, 5Hearts.
P1 3Clubs P2 4Clubs P3 2Clubs P0 AClubs 
P0 7Clubs P1 3Spades P2 JClubs P3 QClubs 
P1 4Hearts P2 3Hearts P3 5Hearts P0 AHearts 
P0 2Hearts P1 QHearts P2 JHearts P3 6Hearts 
P2 ADiamonds P3 2Diamonds P0 KClubs P1 QDiamonds 
P2 4Diamonds P3 3Diamonds P0 2Spades P1 7Diamonds 
P0 5Clubs P1 5Spades P2 6Diamonds P3 6Clubs 
P1 7Spades P2 ASpades P3 5Diamonds P0 4Spades 
P2 QSpades P3 JDiamonds P0 6Spades P1 KHearts 
P2 KSpades P3 KDiamonds P0 JSpades P1 7Hearts 
-- /GAME --
P0 HAND: 7Diamonds, 4Diamonds, 2Diamonds, 6Clubs, AHearts, KHearts, 3Hearts, KSpades, JSpades, 4Spades.
P1 HAND: KDiamonds, AClubs, 5Clubs, JHearts, QHearts, 6Hearts, 4Hearts, 7Spades, 6Spades, 3Spades.
P2 HAND: ADiamonds, JDiamonds, QDiamonds, 4Clubs, 3Clubs, 7Hearts, 2Hearts, QSpades, 5Spades, 2Spades.
P3 HAND: 6Diamonds, 5Diamonds, 3Diamonds, 7Clubs, KClubs, JClubs, QClubs, 2Clubs, 5Hearts, ASpades.
P0 AHearts P1 4Hearts P2 7Hearts P3 5Hearts 
P0 2Diamonds P1 KDiamonds P2 ADiamonds P3 3Diamonds 
P2 2Hearts P3 5Diamonds 
