-- GAME --
P0 HAND: 4Diamonds, 2Diamonds, QClubs, 5Clubs, 4Clubs, 3Clubs, AHearts, 6Hearts, 2Hearts, ASpades.
P1 HAND: KDiamonds, 5Diamonds, 7Clubs, KClubs, KHearts, 5Hearts, 3Hearts, JSpades, 5Spades, 4Spades.
P2 HAND: 7Diamonds, QDiamonds, AClubs, 6Clubs, 7Hearts, 4Hearts, KSpades, QSpades, 6Spades, 2Spades.
P3 HAND: ADiamonds, JDiamonds, 6Diamonds, 3Diamonds, JClubs, 2Clubs, JHearts, QHearts, 7Spades, 3Spades.
P3 ADiamonds P0 2Diamonds P1 KDiamonds P2 QDiamonds 
P3 3Diamonds P0 4Diamonds P1 5Diamonds P2 7Diamonds 
P2 2Spades P3 3Spades P0 ASpades P1 4Spades 
P0 AHearts P1 3Hearts P2 7Hearts P3 QHearts 
P0 2Hearts P1 5Hearts P2 4Hearts P3 JHearts 
P3 6Diamonds P0 6Hearts P1 5Spades P2 6Spades 
P3 JDiamonds P0 3Clubs P1 KClubs P2 AClubs 
P2 QSpades P3 7Spades P0 QClubs P1 JSpades 
P0 4Clubs P1 7Clubs P2 6Clubs P3 2Clubs 
P1 KHearts P2 KSpades P3 JClubs P0 5Clubs 
-- /GAME --
P0 HAND: ADiamonds, KDiamonds, AClubs, 6Clubs, KHearts, 6Hearts, 3Hearts, 2Hearts, ASpades, 7Spades.
P1 HAND: QDiamonds, 3Diamonds, QClubs, 5Clubs, 4Clubs, AHearts, 7Hearts, 5Hearts, JSpades, 3Spades.
P2 HAND: 5Diamonds, 2Diamonds, 7Clubs, JHearts, QHearts, QSpades, 6Spades, 5Spades, 4Spades, 2Spades.
P3 HAND: 7Diamonds, JDiamonds, 6Diamonds, 4Diamonds, KClubs, JClubs, 3Clubs, 2Clubs, 4Hearts, KSpades.
P2 2Diamonds P3 4Diamonds P0 ADiamonds P1 3Diamonds 
P0 AClubs P1 4Clubs P2 7Clubs P3 2Clubs 
P0 6Clubs P1 5Clubs P2 5Diamonds P3 KClubs 
P3 3Clubs P0 2Hearts P1 QClubs P2 QHearts 
P1 5Hearts P2 JHearts P3 4Hearts P0 KHearts 
P0 3Hearts P1 7Hearts P2 2Spades P3 KSpades 
P3 6Diamonds P0 KDiamonds P1 QDiamonds P2 4Spades 
P2 5Spades P3 JDiamonds P0 7Spades P1 3Spades 
P0 6Hearts P1 AHearts P2 6Spades P3 JClubs 
P2 QSpades 
