-- GAME --
P0 HAND: ADiamonds, KDiamonds, 3Diamonds, 5Hearts, 2Hearts, KSpades, JSpades, 6Spades, 5Spades, 4Spades.
P1 HAND: 6Diamonds, 2Diamonds, AClubs, 7Clubs, KClubs, QClubs, 5Clubs, 2Clubs, AHearts, JHearts.
P2 HAND: 5Diamonds, JClubs, 6Clubs, 7Hearts, KHearts, QHearts, 4Hearts, ASpades, QSpades, 3Spades.
P3 HAND: 7Diamonds, JDiamonds, QDiamonds, 4Diamonds, 4Clubs, 3Clubs, 6Hearts, 3Hearts, 7Spades, 2Spades.
P3 3Clubs P0 2Hearts P1 AClubs P2 6Clubs 
P1 AHearts P2 4Hearts P3 6Hearts P0 5Hearts 
P1 2Diamonds P2 5Diamonds P3 4Diamonds P0 ADiamonds 
P0 KDiamonds P1 6Diamonds P2 QHearts P3 7Diamonds 
P3 3Hearts P0 3Diamonds P1 JHearts P2 7Hearts 
P2 JClubs P3 4Clubs P0 4Spades P1 2Clubs 
P0 5Spades P1 5Clubs P2 3Spades P3 2Spades 
P0 6Spades P1 QClubs P2 QSpades P3 7Spades 
P3 QDiamonds P0 JSpades P1 KClubs P2 KHearts 
P0 KSpades P1 7Clubs P2 ASpades P3 JDiamonds 
-- /GAME --
P0 HAND: JDiamonds, 4Diamonds, KClubs, JClubs, 5Clubs, 3Clubs, QHearts, 4Hearts, 5Spades, 4Spades.
P1 HAND: ADiamonds, 7Diamonds, QDiamonds, 3Diamonds, QClubs, 4Clubs, 2Clubs, AHearts, 7Hearts, 3Hearts.
P2 HAND: KDiamonds, 5Diamonds, 6Clubs, KHearts, JHearts, 6Hearts, 2Hearts, ASpades, KSpades, 2Spades.
P3 HAND: 6Diamonds, 2Diamonds, AClubs, 7Clubs, 5Hearts, 7Spades, JSpades, QSpades, 6Spades, 3Spades.
P2 ASpades P3 3Spades P0 4Spades P1 3Hearts 
P1 ADiamonds P2 5Diamonds P3 6Diamonds P0 4Diamonds 
P1 2Clubs P2 6Clubs P3 AClubs P0 3Clubs 
P3 2Diamonds P0 JDiamonds P1 3Diamonds P2 KDiamonds 
P2 2Spades P3 6Spades P0 5Spades P1 7Diamonds 
P3 QSpades P0 4Hearts P1 4Clubs P2 KSpades 
P0 KClubs P1 QClubs P2 2Hearts P3 7Clubs 
P2 6Hearts P3 5Hearts P0 QHearts P1 7Hearts 
P1 QDiamonds P2 JHearts P3 JSpades P0 JClubs 
P2 KHearts P3 7Spades P0 5Clubs P1 AHearts 
-- /GAME --
P0 HAND: KDiamonds, JDiamonds, 3Diamonds, 3Clubs, 2Clubs, QHearts, 4Hearts, 2Hearts, KSpades, 3Spades.
P1 HAND: 7Clubs, KClubs, 6Clubs, 5Clubs, 7Hearts, KHearts, ASpades, 7Spades, 6Spades, 2Spades.
P2 HAND: QDiamonds, 5Diamonds, JClubs, QClubs, 4Clubs, AHearts, 6Hearts, QSpades, 5Spades, 4Spades.
P3 HAND: ADiamonds, 7Diamonds, 6Diamonds, 4Diamonds, 2Diamonds, AClubs, JHearts, 5Hearts, 3Hearts, JSpades.
P1 ASpades P2 4Spades P3 JSpades P0 3Spades 
P1 2Spades P2 5Spades P3 2Diamonds P0 KSpades 
P0 3Diamonds P1 5Clubs P2 5Diamonds P3 ADiamonds 
P3 AClubs P0 2Clubs P1 7Clubs P2 4Clubs 
P3 4Diamonds P0 KDiamonds P1 6Clubs P2 QDiamonds 
P0 JDiamonds P1 6Spades P2 QClubs P3 7Diamonds 
P3 6Diamonds P0 2Hearts P1 KHearts P2 QSpades 
P1 7Hearts P2 AHearts P3 3Hearts P0 4Hearts 
P2 JClubs P3 5Hearts P0 3Clubs P1 KClubs 
P3 JHearts P0 QHearts P1 7Spades P2 6Hearts 
-- /GAME --
P0 HAND: QDiamonds, 5Diamonds, AClubs, 4Clubs, 3Clubs, 2Clubs, AHearts, JHearts, 3Hearts, 6Spades.
P1 HAND: 7Diamonds, 4Diamonds, 7Clubs, 7Hearts, KHearts, 4Hearts, 2Hearts, 7Spades, KSpades, 3Spades.
P2 HAND: ADiamonds, KDiamonds, 6Diamonds, 3Diamonds, 6Clubs, 5Clubs, QHearts, 5Hearts, ASpades, QSpades.
P3 HAND: JDiamonds, 2Diamonds, KClubs, JClubs, QClubs, 6Hearts, JSpades, 5Spades, 4Spades, 2Spades.
P0 AHearts P1 2Hearts P2 QHearts P3 6Hearts 
P0 6Spades P1 3Spades P2 ASpades P3 2Spades 
P2 ADiamonds P3 2Diamonds P0 QDiamonds P1 4Diamonds 
P2 3Diamonds P3 JDiamonds P0 5Diamonds P1 7Diamonds 
P1 4Hearts P2 5Hearts P3 4Spades P0 JHearts 
P0 3Hearts P1 KHearts P2 6Diamonds P3 JSpades 
P1 7Clubs P2 5Clubs P3 QClubs P0 AClubs 
P0 2Clubs P1 KSpades P2 6Clubs P3 JClubs 
P3 5Spades P0 3Clubs P1 7Spades P2 QSpades 
P0 4Clubs P1 7Hearts P2 KDiamonds P3 KClubs 
-- /GAME --
P0 HAND: 7Diamonds, QDiamonds, KClubs, 6Clubs, 5Clubs, AHearts, KHearts, 2Hearts, 7Spades, 6Spades.
P1 HAND: ADiamonds, 6Diamonds, AClubs, QClubs, JHearts, QHearts, 6Hearts, 3Hearts, JSpades, 5Spades.
P2 HAND: KDiamonds, JDiamonds, 5Diamonds, 4Diamonds, 2Diamonds, 4Clubs, 3Clubs, 7Hearts, 5Hearts, 3Spades.
P3 HAND: 3Diamonds, 7Clubs, JClubs, 2Clubs, 4Hearts, ASpades, KSpades, QSpades, 4Spades, 2Spades.
P3 2Clubs P0 5Clubs P1 AClubs P2 3Clubs 
P1 ADiamonds P2 2Diamonds P3 3Diamonds P0 QDiamonds 
P1 3Hearts P2 5Hearts P3 4Hearts P0 AHearts 
P0 7Diamonds P1 6Diamonds P2 4Diamonds P3 2Spades 
P3 JClubs P0 KClubs P1 QClubs P2 4Clubs 
P0 KHearts P1 6Hearts P2 7Hearts P3 4Spades 
P3 QSpades P0 7Spades P1 5Spades P2 3Spades 
P0 6Clubs P1 QHearts P2 5Diamonds P3 7Clubs 
P3 KSpades P0 6Spades P1 JSpades P2 JDiamonds 
P3 ASpades P0 2Hearts P1 JHearts P2 KDiamonds 
-- /GAME --
P0 HAND: QDiamonds, 6Diamonds, 5Diamonds, 3Diamonds, JClubs, 2Clubs, QHearts, ASpades, JSpades, 4Spades.
P1 HAND: 7Diamonds, 4Diamonds, 6Clubs, 5Clubs, 3Clubs, 5Hearts, 4Hearts, 2Hearts, 6Spades, 5Spades.
P2 HAND: ADiamonds, KDiamonds, JDiamonds, AClubs, 7Clubs, KClubs, 4Clubs, JHearts, 7Spades, QSpades.
P3 HAND: 2Diamonds, QClubs, AHearts, 7Hearts, KHearts, 6Hearts, 3Hearts, KSpades, 3Spades, 2Spades.
P2 ADiamonds P3 2Diamonds P0 QDiamonds P1 4Diamonds 
P2 AClubs P3 QClubs P0 JClubs P1 3Clubs 
P2 4Clubs P3 3Hearts P0 2Clubs P1 6Clubs 
P1 2Hearts P2 JHearts P3 AHearts P0 QHearts 
P3 6Hearts P0 6Diamonds P1 4Hearts P2 QSpades 
P2 JDiamonds P3 2Spades P0 3Diamonds P1 7Diamonds 
P3 3Spades P0 4Spades P1 5Spades P2 7Spades 
P2 KDiamonds P3 KSpades P0 5Diamonds P1 5Clubs 
P3 KHearts P0 ASpades P1 5Hearts P2 7Clubs 
P0 JSpades P1 6Spades P2 KClubs P3 7Hearts 
-- /GAME --
P0 HAND: ADiamonds, 6Diamonds, 5Clubs, 3Clubs, JHearts, 3Hearts, 7Spades, JSpades, QSpades, 4Spades.
P1 HAND: 7Diamonds, KDiamonds, 5Diamonds, 4Diamonds, 3Diamonds, 2Diamonds, JClubs, 7Hearts, KHearts, QHearts.
P2 HAND: AClubs, 7Clubs, QClubs, 4Clubs, 2Clubs, 6Hearts, 5Hearts, 4Hearts, 3Spades, 2Spades.
P3 HAND: JDiamonds, QDiamonds, KClubs, 6Clubs, AHearts, 2Hearts, ASpades, KSpades, 6Spades, 5Spades.
P1 2Diamonds P2 2Clubs P3 QDiamonds P0 ADiamonds 
P0 3Clubs P1 JClubs P2 AClubs P3 6Clubs 
P2 4Clubs P3 KClubs P0 5Clubs P1 7Diamonds 
P3 AHearts P0 JHearts P1 7Hearts P2 4Hearts 
P3 2Hearts P0 3Hearts P1 KHearts P2 5Hearts 
P1 3Diamonds P2 6Hearts P3 JDiamonds P0 6Diamonds 
P3 5Spades P0 4Spades P1 4Diamonds P2 2Spades 
P3 6Spades P0 7Spades P1 5Diamonds P2 3Spades 
P0 QSpades P1 QHearts P2 QClubs P3 KSpades 
P3 ASpades P0 JSpades P1 KDiamonds P2 7Clubs 
-- /GAME --
P0 HAND: JDiamonds, QDiamonds, 5Diamonds, 4Diamonds, AClubs, 7Clubs, 5Clubs, 3Clubs, 4Hearts, 7Spades.
P1 HAND: KClubs, JClubs, 2Clubs, AHearts, 7Hearts, JHearts, QHearts, JSpades, 3Spades, 2Spades.
P2 HAND: ADiamonds, KDiamonds, 2Diamonds, 4Clubs, 6Hearts, 3Hearts, 2Hearts, ASpades, KSpades, QSpades.
P3 HAND: 7Diamonds, 6Diamonds, 3Diamonds, QClubs, 6Clubs, KHearts, 5Hearts, 6Spades, 5Spades, 4Spades.
P1 2Clubs P2 4Clubs P3 6Clubs P0 AClubs 
P0 7Clubs P1 JClubs P2 ADiamonds P3 QClubs 
P0 5Diamonds P1 2Spades P2 2Diamonds P3 7Diamonds 
P3 3Diamonds P0 JDiamonds P1 3Spades P2 KDiamonds 
P2 QSpades P3 4Spades P0 7Spades P1 JSpades 
P0 5Clubs P1 KClubs P2 2Hearts P3 5Spades 
P2 3Hearts P3 5Hearts P0 4Hearts P1 QHearts 
P1 JHearts P2 6Hearts P3 KHearts P0 3Clubs 
P3 6Diamonds P0 QDiamonds P1 7Hearts P2 KSpades 
P1 AHearts P2 ASpades P3 6Spades P0 4Diamonds 
-- /GAME --
P0 HAND: 6Diamonds, 4Diamonds, 3Diamonds, AClubs, 7Clubs, 3Clubs, AHearts, 2Hearts, 6Spades, 3Spades.
P1 HAND: JDiamonds, 5Clubs, 7Hearts, 5Hearts, 3Hearts, ASpades, 7Spades, KSpades, 4Spades, 2Spades.
P2 HAND: ADiamonds, 5Diamonds, JClubs, QClubs, 6Clubs, 4Clubs, KHearts, QHearts, 6Hearts, 5Spades.
P3 HAND: 7Diamonds, KDiamonds, QDiamonds, 2Diamonds, KClubs, 2Clubs, JHearts, 4Hearts, JSpades, QSpades.
P0 AClubs P1 5Clubs P2 JClubs P3 2Clubs 
P0 7Clubs P1 3Hearts P2 4Clubs P3 KClubs 
P1 2Spades P2 5Spades P3 QSpades P0 3Spades 
P3 2Diamonds P0 3Diamonds P1 JDiamonds P2 ADiamonds 
P2 5Diamonds P3 QDiamonds P0 4Diamonds P1 ASpades 
P3 JSpades P0 6Spades P1 4Spades P2 6Clubs 
P3 4Hearts P0 2Hearts P1 5Hearts P2 6Hearts 
P2 QClubs P3 JHearts P0 3Clubs P1 7Spades 
P3 KDiamonds P0 6Diamonds P1 7Hearts P2 QHearts 
P1 KSpades P2 KHearts P3 7Diamonds P0 AHearts 
-- /GAME --

