-- GAME --
P2 KHearts P3 2Hearts 
P0 2Clubs P1 4Clubs P2 5Clubs P3 AClubs 
P3 2Spades P0 JDiamonds P1 5Spades P2 KSpades 
P0 7Clubs P1 2Diamonds P2 KClubs P3 3Clubs 
P1 6Spades P2 JSpades P3 QSpades P0 KDiamonds 
P0 6Clubs P1 4Diamonds P2 3Hearts P3 6Hearts 
P1 QDiamonds P2 3Diamonds P3 5Diamonds P0 7Diamonds 
P0 QClubs P1 ADiamonds P2 QHearts P3 5Hearts 
P1 7Spades P2 JHearts P3 4Hearts P0 JClubs 
-- /GAME --
P0 HAND: 7Diamonds, KDiamonds, 5Diamonds, 7Clubs, JClubs, KHearts, JHearts, 2Hearts, 5Spades, 4Spades.
P1 HAND: ADiamonds, QDiamonds, 4Diamonds, AClubs, 4Clubs, 4Hearts, 3Hearts, 7Spades, 6Spades, 2Spades.
P2 HAND: 3Diamonds, KClubs, QClubs, 6Clubs, 5Clubs, 3Clubs, 6Hearts, ASpades, JSpades, QSpades.
P3 HAND: JDiamonds, 6Diamonds, 2Diamonds, 2Clubs, AHearts, 7Hearts, QHearts, 5Hearts, KSpades, 3Spades.
P0 5Diamonds P1 4Diamonds P2 3Diamonds P3 2Diamonds 
P0 4Spades P1 2Spades P2 ASpades P3 3Spades 
P2 3Clubs P3 2Clubs P0 JClubs P1 AClubs 
P1 3Hearts P2 6Hearts P3 AHearts P0 2Hearts 
P3 5Hearts P0 KHearts P1 4Hearts P2 KClubs 
P0 7Clubs P1 4Clubs P2 5Clubs P3 6Diamonds 
P3 QHearts P0 JHearts P1 QDiamonds P2 6Clubs 
P1 6Spades P2 QSpades P3 KSpades P0 5Spades 
P3 JDiamonds P0 KDiamonds P1 ADiamonds P2 QClubs 
P1 7Spades P2 JSpades P3 7Hearts P0 7Diamonds 
-- /GAME --

