-- GAME --
P0 HAND: KDiamonds, 6Diamonds, QClubs, 4Clubs, 3Clubs, QHearts, 6Hearts, 7Spades, KSpades, JSpades.
P1 HAND: JDiamonds, 4Diamonds, 2Diamonds, AClubs, KClubs, JClubs, 2Hearts, ASpades, QSpades, 3Spades.
P2 HAND: ADiamonds, 5Diamonds, 7Clubs, 5Clubs, 2Clubs, AHearts, JHearts, 3Hearts, 4Spades, 2Spades.
P3 HAND: 7Diamonds, QDiamonds, 3Diamonds, 6Clubs, 7Hearts, KHearts, 5Hearts, 4Hearts, 6Spades, 5Spades.
P3 3Diamonds P0 KDiamonds P1 2Diamonds P2 ADiamonds 
P2 AHearts P3 4Hearts P0 QHearts P1 2Hearts 
P2 2Spades P3 5Spades P0 JSpades P1 ASpades 
P1 3Spades P2 4Spades P3 6Spades P0 7Spades 
P0 6Hearts P1 4Diamonds P2 3Hearts P3 7Hearts 
P3 5Hearts P0 6Diamonds P1 QSpades P2 JHearts 
P2 5Diamonds P3 QDiamonds P0 QClubs P1 JDiamonds 
P0 3Clubs P1 JClubs P2 2Clubs P3 6Clubs 
P1 KClubs P2 5Clubs P3 KHearts P0 4Clubs 
P1 AClubs P2 7Clubs P3 7Diamonds P0 KSpades 
-- /GAME --
P0 HAND: KDiamonds, QDiamonds, AClubs, 4Clubs, 2Clubs, AHearts, QHearts, KSpades, JSpades, 6Spades.
P1 HAND: 7Diamonds, JDiamonds, QClubs, 5Clubs, JHearts, 5Hearts, 4Hearts, 3Hearts, 2Hearts, ASpades.
P2 HAND: ADiamonds, 6Diamonds, 3Diamonds, 7Clubs, 6Clubs, 3Clubs, QSpades, 5Spades, 3Spades, 2Spades.
P3 HAND: 5Diamonds, 4Diamonds, 2Diamonds, KClubs, JClubs, 7Hearts, KHearts, 6Hearts, 7Spades, 4Spades.
P2 ADiamonds P3 2Diamonds P0 QDiamonds P1 JDiamonds 
P2 2Spades P3 4Spades P0 6Spades P1 ASpades 
P1 5Clubs P2 3Clubs P3 JClubs P0 4Clubs 
P3 4Diamonds P0 KDiamonds P1 7Diamonds P2 3Diamonds 
P1 QClubs P2 6Clubs P3 KClubs P0 AClubs 
P0 2Clubs P1 2Hearts P2 7Clubs P3 7Spades 
P1 3Hearts P2 3Spades P3 6Hearts P0 QHearts 
P0 JSpades P1 4Hearts P2 5Spades P3 5Diamonds 
P1 5Hearts P2 6Diamonds P3 KHearts P0 AHearts 
P0 KSpades P1 JHearts P2 QSpades P3 7Hearts 
-- /GAME --
P0 HAND: JDiamonds, 6Diamonds, 5Diamonds, KClubs, 4Clubs, QHearts, 3Hearts, ASpades, 4Spades, 3Spades.
P1 HAND: KDiamonds, AClubs, QClubs, 5Clubs, 7Hearts, 6Hearts, KSpades, JSpades, QSpades, 2Spades.
P2 HAND: ADiamonds, 2Diamonds, JClubs, 6Clubs, AHearts, JHearts, 4Hearts, 2Hearts, 7Spades, 5Spades.
P3 HAND: 7Diamonds, QDiamonds, 4Diamonds, 3Diamonds, 7Clubs, 3Clubs, 2Clubs, KHearts, 5Hearts, 6Spades.
P1 AClubs P2 6Clubs P3 7Clubs P0 4Clubs 
P1 5Clubs P2 JClubs P3 2Clubs P0 KClubs 
P0 QHearts P1 6Hearts P2 AHearts P3 5Hearts 
P2 ADiamonds P3 3Diamonds P0 JDiamonds P1 KDiamonds 
P2 2Diamonds P3 4Diamonds P0 6Diamonds P1 QClubs 
P0 5Diamonds P1 2Spades P2 2Hearts P3 7Diamonds 
P1 QSpades P2 5Spades P3 6Spades P0 3Spades 
P1 JSpades P2 7Spades P3 3Clubs P0 4Spades 
P2 4Hearts P3 KHearts P0 3Hearts P1 7Hearts 
P1 KSpades P2 JHearts P3 QDiamonds P0 ASpades 
-- /GAME --
P0 HAND: JDiamonds, 6Diamonds, 7Clubs, JClubs, AHearts, 7Hearts, 3Hearts, 7Spades, 5Spades, 2Spades.
P1 HAND: ADiamonds, 5Diamonds, 4Diamonds, 3Diamonds, 5Clubs, 3Clubs, 6Hearts, 5Hearts, 4Hearts, 6Spades.
P2 HAND: KDiamonds, 2Diamonds, AClubs, KClubs, JHearts, ASpades, KSpades, JSpades, 4Spades, 3Spades.
P3 HAND: 7Diamonds, QDiamonds, QClubs, 6Clubs, 4Clubs, 2Clubs, KHearts, QHearts, 2Hearts, QSpades.
P0 2Spades P1 6Spades P2 3Spades P3 QSpades 
P3 2Clubs P0 JClubs P1 3Clubs P2 AClubs 
P2 2Diamonds P3 QDiamonds P0 6Diamonds P1 ADiamonds 
P1 3Diamonds P2 KDiamonds P3 7Diamonds P0 JDiamonds 
P3 2Hearts P0 AHearts P1 4Hearts P2 JHearts 
P0 7Clubs P1 5Clubs P2 KClubs P3 4Clubs 
P0 5Spades P1 4Diamonds P2 4Spades P3 6Clubs 
P0 7Hearts P1 5Hearts P2 JSpades P3 QHearts 
P2 KSpades P3 QClubs P0 7Spades P1 5Diamonds 
P0 3Hearts P1 6Hearts P2 ASpades P3 KHearts 
-- /GAME --
P0 HAND: ADiamonds, KDiamonds, JDiamonds, AClubs, JClubs, 4Hearts, ASpades, 7Spades, QSpades, 5Spades.
P1 HAND: 7Diamonds, QDiamonds, 5Diamonds, 6Clubs, 4Clubs, 2Clubs, 7Hearts, 6Hearts, KSpades, 4Spades.
P2 HAND: 3Diamonds, 2Diamonds, 7Clubs, QClubs, AHearts, KHearts, JHearts, 5Hearts, 3Hearts, JSpades.
P3 HAND: 6Diamonds, 4Diamonds, KClubs, 5Clubs, 3Clubs, QHearts, 2Hearts, 6Spades, 3Spades, 2Spades.
P3 2Spades P0 ASpades P1 4Spades P2 JSpades 
P0 4Hearts P1 6Hearts P2 3Hearts P3 2Hearts 
P1 2Clubs P2 QClubs P3 3Clubs P0 JClubs 
P0 ADiamonds P1 5Diamonds P2 3Diamonds P3 4Diamonds 
P0 AClubs P1 4Clubs P2 7Clubs P3 5Clubs 
P0 JDiamonds P1 QDiamonds P2 2Diamonds P3 6Diamonds 
P0 KDiamonds P1 7Diamonds P2 5Hearts P3 QHearts 
P3 3Spades P0 7Spades P1 KSpades P2 JHearts 
P2 KHearts P3 6Spades P0 5Spades P1 7Hearts 
P1 6Clubs P2 AHearts P3 KClubs P0 QSpades 
-- /GAME --
P0 HAND: QDiamonds, 7Clubs, QClubs, 5Clubs, JHearts, QHearts, 2Hearts, ASpades, 7Spades, JSpades.
P1 HAND: ADiamonds, 7Diamonds, 2Diamonds, 2Clubs, 7Hearts, KHearts, 5Hearts, 6Spades, 5Spades, 4Spades.
P2 HAND: KDiamonds, JDiamonds, 5Diamonds, 3Diamonds, AClubs, KClubs, JClubs, 4Hearts, KSpades, 2Spades.
P3 HAND: 6Diamonds, 4Diamonds, 6Clubs, 4Clubs, 3Clubs, AHearts, 6Hearts, 3Hearts, QSpades, 3Spades.
P2 AClubs P3 3Clubs P0 7Clubs P1 2Clubs 
P2 2Spades P3 3Spades P0 ASpades P1 4Spades 
P0 7Spades P1 5Spades P2 KSpades P3 QSpades 
P0 QHearts P1 5Hearts P2 4Hearts P3 AHearts 
P3 3Hearts P0 JHearts P1 7Hearts P2 3Diamonds 
P2 JClubs P3 4Clubs P0 5Clubs P1 6Spades 
P2 5Diamonds P3 4Diamonds P0 QDiamonds P1 2Diamonds 
P0 JSpades P1 7Diamonds P2 KClubs P3 6Clubs 
P1 ADiamonds P2 JDiamonds P3 6Diamonds P0 2Hearts 
P1 KHearts P2 KDiamonds P3 6Hearts P0 QClubs 
-- /GAME --

