-- GAME --
P0 HAND: KDiamonds, JDiamonds, QDiamonds, 6Diamonds, 4Diamonds, AClubs, 2Clubs, JHearts, 4Hearts, ASpades.
P1 HAND: ADiamonds, 7Diamonds, 3Diamonds, KClubs, JClubs, 3Clubs, KHearts, 5Hearts, 3Hearts, JSpades.
P2 HAND: 5Diamonds, 7Clubs, QClubs, 6Clubs, 5Clubs, 4Clubs, 7Hearts, 6Hearts, KSpades, 3Spades.
P3 HAND: 2Diamonds, AHearts, QHearts, 2Hearts, 7Spades, QSpades, 6Spades, 5Spades, 4Spades, 2Spades.
P1 3Clubs P2 4Clubs P3 2Hearts P0 2Clubs 
P2 3Spades P3 2Spades P0 ASpades P1 JSpades 
P0 QDiamonds P1 3Diamonds P2 5Diamonds P3 2Diamonds 
P0 6Diamonds P1 7Diamonds P2 5Clubs P3 AHearts 
P1 3Hearts P2 7Hearts P3 QHearts P0 4Hearts 
P2 6Clubs P3 4Spades P0 AClubs P1 JClubs 
P0 4Diamonds P1 ADiamonds P2 6Hearts P3 7Spades 
P1 5Hearts P2 QClubs P3 5Spades P0 JHearts 
P0 JDiamonds P1 KClubs P2 KSpades P3 6Spades 
P0 KDiamonds P1 KHearts P2 7Clubs P3 QSpades 
-- /GAME --
P0 HAND: 7Diamonds, 5Diamonds, 3Clubs, 2Clubs, KHearts, 3Hearts, JSpades, QSpades, 6Spades, 5Spades.
P1 HAND: ADiamonds, QDiamonds, 6Diamonds, 2Diamonds, 6Clubs, 5Clubs, AHearts, ASpades, 7Spades, 3Spades.
P2 HAND: 3Diamonds, AClubs, 7Clubs, JClubs, QClubs, JHearts, QHearts, 6Hearts, 5Hearts, 2Spades.
P3 HAND: KDiamonds, JDiamonds, 4Diamonds, KClubs, 4Clubs, 7Hearts, 4Hearts, 2Hearts, KSpades, 4Spades.
P0 2Clubs P1 5Clubs P2 AClubs P3 4Clubs 
P2 2Spades P3 4Spades P0 5Spades P1 ASpades 
P1 AHearts P2 5Hearts P3 7Hearts P0 3Hearts 
P1 3Spades P2 6Hearts P3 KSpades P0 6Spades 
P3 2Hearts P0 KHearts P1 6Clubs P2 JHearts 
P0 3Clubs P1 2Diamonds P2 QClubs P3 KClubs 
P1 6Diamonds P2 3Diamonds P3 4Diamonds P0 7Diamonds 
P0 QSpades P1 7Spades P2 QHearts P3 4Hearts 
P1 QDiamonds P2 JClubs P3 JDiamonds P0 5Diamonds 
P3 KDiamonds P0 JSpades P1 ADiamonds P2 7Clubs 
-- /GAME --
P0 HAND: AClubs, KClubs, QClubs, 3Clubs, 2Clubs, 7Hearts, 6Hearts, 7Spades, JSpades, 6Spades.
P1 HAND: JDiamonds, QDiamonds, 3Diamonds, KHearts, JHearts, QHearts, 2Hearts, QSpades, 4Spades, 3Spades.
P2 HAND: ADiamonds, 7Diamonds, 6Diamonds, 7Clubs, JClubs, 5Clubs, 5Hearts, 4Hearts, ASpades, 5Spades.
P3 2Diamonds P3 HAND: KDiamonds, 5Diamonds, 4Diamonds, 6Clubs, 4Clubs, AHearts, 3Hearts, KSpades, 2Spades.
P0 2Clubs P1 3Diamonds P2 ADiamonds 
P2 ASpades P3 2Spades P0 7Spades P1 3Spades 
P2 5Clubs P3 4Clubs P0 AClubs P1 2Hearts 
P1 4Spades P2 5Spades P3 KSpades P0 6Spades 
P3 4Diamonds P0 3Clubs P1 QDiamonds P2 7Diamonds 
P2 6Diamonds P3 5Diamonds P0 7Hearts P1 JDiamonds 
P0 6Hearts P1 QHearts P2 4Hearts P3 3Hearts 
P1 QSpades P2 5Hearts P3 6Clubs P0 JSpades 
P2 JClubs P3 AHearts P0 QClubs P1 JHearts 
P3 KDiamonds P0 KClubs P1 KHearts P2 7Clubs 
-- /GAME --
P0 HAND: KDiamonds, JDiamonds, 5Diamonds, 2Diamonds, JClubs, AHearts, KHearts, 7Spades, QSpades, 4Spades.
P1 HAND: 7Diamonds, 6Diamonds, AClubs, 3Clubs, 2Clubs, 6Hearts, 5Hearts, ASpades, 6Spades, 5Spades.
P2 HAND: QDiamonds, 4Diamonds, 7Clubs, 6Clubs, 5Clubs, 4Clubs, 7Hearts, JHearts, 2Hearts, JSpades.
P3 HAND: ADiamonds, 3Diamonds, KClubs, QClubs, QHearts, 4Hearts, 3Hearts, KSpades, 3Spades, 2Spades.
P2 2Hearts P3 3Hearts P0 KHearts P1 5Hearts 
P0 JClubs P1 2Clubs P2 4Clubs P3 QClubs 
P0 AHearts P1 6Hearts P2 7Hearts P3 4Hearts 
P0 2Diamonds P1 6Diamonds P2 4Diamonds P3 ADiamonds 
P3 2Spades P0 4Spades P1 ASpades P2 JSpades 
P1 5Spades P2 QDiamonds P3 3Spades P0 7Spades 
P0 QSpades P1 6Spades P2 5Clubs P3 KSpades 
P2 JHearts P3 QHearts P0 JDiamonds P1 3Clubs 
P1 AClubs P2 6Clubs P3 KClubs P0 5Diamonds 
P1 7Diamonds P2 7Clubs P3 3Diamonds P0 KDiamonds 
-- /GAME --
P0 HAND: QDiamonds, 6Diamonds, 6Clubs, 5Clubs, 6Hearts, 3Hearts, 2Hearts, JSpades, QSpades, 3Spades.
P1 HAND: 7Diamonds, KDiamonds, 7Clubs, 2Clubs, AHearts, KHearts, 4Hearts, ASpades, 7Spades, 4Spades.
P2 HAND: ADiamonds, 5Diamonds, 4Diamonds, KClubs, JClubs, 3Clubs, QHearts, 5Hearts, KSpades, 5Spades.
P1 ASpades P3 HAND: JDiamonds, 3Diamonds, 2Diamonds, AClubs, QClubs, 4Clubs, 7Hearts, JHearts, 6Spades, 2Spades.
P2 5Spades P3 6Spades P0 3Spades 
P1 2Clubs P2 3Clubs P3 AClubs P0 5Clubs 
P3 2Diamonds P0 6Diamonds P1 KDiamonds P2 ADiamonds 
P2 4Diamonds P3 3Diamonds P0 QDiamonds P1 7Diamonds 
P1 4Spades P2 KSpades P3 2Spades P0 JSpades 
P2 5Diamonds P3 JDiamonds P0 2Hearts P1 4Hearts 
P1 KHearts P2 5Hearts P3 JHearts P0 3Hearts 
P1 AHearts P2 QHearts P3 7Hearts P0 6Hearts 
P1 7Clubs P2 JClubs P3 QClubs P0 6Clubs 
P1 7Spades P2 KClubs P3 4Clubs P0 QSpades 
-- /GAME --
P0 HAND: JDiamonds, 2Diamonds, 7Clubs, JClubs, 4Clubs, 4Hearts, 3Hearts, 7Spades, 5Spades, 3Spades.
P1 HAND: 7Diamonds, 6Diamonds, 6Clubs, 5Clubs, 3Clubs, 7Hearts, KSpades, JSpades, 6Spades, 4Spades.
P2 HAND: 5Diamonds, 4Diamonds, AClubs, KClubs, QClubs, 2Clubs, AHearts, QHearts, 2Hearts, 2Spades.
P3 HAND: ADiamonds, KDiamonds, QDiamonds, 3Diamonds, KHearts, JHearts, 6Hearts, 5Hearts, ASpades, QSpades.
P0 JClubs P1 3Clubs P2 AClubs P3 5Hearts 
P3 ADiamonds 
