-- GAME --
P0 3Clubs P1 JClubs 
P3 AHearts P0 JHearts P1 5Hearts P2 2Hearts 
P3 3Spades P0 KSpades P1 ASpades P2 4Spades 
P1 3Hearts P2 4Hearts P3 6Hearts P0 7Hearts 
P0 7Clubs P1 6Clubs P2 KClubs P3 5Clubs 
P0 4Clubs P1 QSpades P2 QClubs P3 2Diamonds 
P3 5Diamonds P0 4Diamonds P1 3Diamonds P2 ADiamonds 
P2 QHearts P3 KHearts P0 2Spades P1 QDiamonds 
P1 JDiamonds P2 JSpades P3 6Diamonds P0 5Spades 
P1 KDiamonds P2 7Spades P3 7Diamonds P0 6Spades 
-- /GAME --
P0 HAND: JDiamonds, 6Diamonds, 4Diamonds, 7Clubs, 5Clubs, 2Clubs, QHearts, 4Hearts, ASpades, 3Spades.
P1 HAND: ADiamonds, 2Diamonds, AClubs, KClubs, QClubs, 6Clubs, 3Clubs, KHearts, 7Spades, 4Spades.
P2 HAND: 7Diamonds, QDiamonds, 5Diamonds, 3Diamonds, JClubs, 7Hearts, 6Hearts, KSpades, JSpades, 2Spades.
P3 HAND: KDiamonds, 4Clubs, AHearts, JHearts, 5Hearts, 3Hearts, 2Hearts, QSpades, 6Spades, 5Spades.
P1 3Clubs P2 JClubs P3 4Clubs P0 7Clubs 
P0 ASpades P1 4Spades P2 KSpades P3 5Spades 
P0 QHearts P1 KHearts P2 6Hearts P3 AHearts 
P3 2Hearts P0 4Hearts P1 6Clubs P2 7Hearts 
P2 2Spades P3 6Spades P0 3Spades P1 7Spades 
P1 QClubs P2 3Diamonds P3 3Hearts P0 2Clubs 
P2 JSpades P3 QSpades P0 5Clubs P1 2Diamonds 
P1 ADiamonds P2 5Diamonds P3 KDiamonds P0 4Diamonds 
P1 KClubs P2 QDiamonds P3 5Hearts P0 JDiamonds 
P0 6Diamonds P1 AClubs P2 7Diamonds P3 JHearts 
-- /GAME --
P0 HAND: 7Diamonds, QDiamonds, 2Diamonds, JClubs, 2Clubs, KHearts, QHearts, 6Hearts, 4Spades, 3Spades.
P1 HAND: KDiamonds, 7Clubs, 6Clubs, 4Clubs, 3Clubs, 7Hearts, 4Hearts, 3Hearts, 7Spades, KSpades.
P2 HAND: ADiamonds, JDiamonds, 6Diamonds, 5Diamonds, AClubs, 5Clubs, 5Hearts, 2Hearts, ASpades, JSpades.
P3 HAND: 4Diamonds, 3Diamonds, KClubs, QClubs, AHearts, JHearts, QSpades, 6Spades, 5Spades, 2Spades.
P0 2Clubs P1 3Clubs P2 AClubs P3 QClubs 
P2 ADiamonds P3 3Diamonds P0 7Diamonds P1 KDiamonds 
P2 2Hearts P3 AHearts P0 6Hearts P1 7Hearts 
P3 4Diamonds P0 QDiamonds P1 3Hearts P2 JDiamonds 
P2 5Diamonds P3 2Spades P0 2Diamonds P1 7Clubs 
P3 JHearts P0 KHearts P1 4Hearts P2 5Hearts 
P0 JClubs P1 4Clubs P2 5Clubs P3 KClubs 
P3 5Spades P0 3Spades P1 KSpades P2 JSpades 
P1 6Clubs P2 6Diamonds P3 6Spades P0 QHearts 
P3 QSpades P0 4Spades P1 7Spades P2 ASpades 
-- /GAME --
P0 HAND: ADiamonds, JDiamonds, 5Diamonds, 7Clubs, JClubs, 4Clubs, 3Clubs, 2Clubs, 7Hearts, 5Hearts.
P1 HAND: 7Diamonds, 4Diamonds, QClubs, 5Clubs, QHearts, 4Hearts, 7Spades, 6Spades, 5Spades, 4Spades.
P2 HAND: KDiamonds, 6Diamonds, KClubs, 6Clubs, AHearts, KHearts, 3Hearts, 2Hearts, JSpades, QSpades.
P3 HAND: QDiamonds, 3Diamonds, 2Diamonds, AClubs, JHearts, 6Hearts, ASpades, KSpades, 3Spades, 2Spades.
P3 AClubs P0 4Clubs P1 QClubs P2 6Clubs 
P3 2Diamonds P0 ADiamonds P1 4Diamonds P2 KDiamonds 
P0 7Clubs P1 5Clubs P2 KClubs P3 2Spades 
P3 3Diamonds P0 JDiamonds P1 7Diamonds P2 6Diamonds 
P1 4Hearts P2 AHearts P3 6Hearts P0 7Hearts 
P2 2Hearts P3 JHearts P0 5Hearts P1 QHearts 
P3 QDiamonds P0 5Diamonds P1 4Spades P2 3Hearts 
P1 5Spades P2 QSpades P3 3Spades P0 JClubs 
P2 JSpades P3 KSpades P0 2Clubs P1 6Spades 
P3 ASpades P0 3Clubs P1 7Spades P2 KHearts 
-- /GAME --
P0 HAND: KDiamonds, 4Diamonds, QClubs, 6Clubs, 3Clubs, 7Hearts, QHearts, 4Hearts, 2Hearts, 5Spades.
P1 HAND: JDiamonds, 3Diamonds, 2Diamonds, AClubs, AHearts, 6Hearts, ASpades, KSpades, 6Spades, 2Spades.
P2 HAND: 7Diamonds, 7Clubs, JClubs, 5Clubs, 2Clubs, 5Hearts, 3Hearts, 7Spades, JSpades, QSpades.
P3 HAND: ADiamonds, QDiamonds, 6Diamonds, 5Diamonds, KClubs, 4Clubs, KHearts, JHearts, 4Spades, 3Spades.
P2 2Clubs P3 4Clubs P0 3Clubs P1 AClubs 
P1 AHearts P2 3Hearts P3 KHearts P0 2Hearts 
P1 2Diamonds P2 7Diamonds P3 ADiamonds P0 4Diamonds 
P3 5Diamonds P0 KDiamonds P1 3Diamonds P2 7Clubs 
P0 7Hearts P1 6Hearts P2 5Hearts P3 JHearts 
P0 QHearts P1 2Spades P2 5Clubs P3 KClubs 
P1 JDiamonds P2 QSpades P3 6Diamonds P0 QClubs 
P2 JClubs P3 QDiamonds P0 6Clubs P1 6Spades 
P1 KSpades P2 JSpades P3 3Spades P0 5Spades 
P1 ASpades P2 7Spades P3 4Spades P0 4Hearts 
-- /GAME --
P0 HAND: 7Diamonds, JDiamonds, QDiamonds, KClubs, 6Clubs, KHearts, QHearts, 4Hearts, ASpades, 6Spades.
P1 HAND: ADiamonds, 5Diamonds, 4Diamonds, 3Diamonds, JClubs, QClubs, 2Clubs, KSpades, QSpades, 2Spades.
P2 HAND: KDiamonds, 2Diamonds, 7Clubs, 4Clubs, 3Clubs, 3Hearts, 2Hearts, 7Spades, 4Spades, 3Spades.
P3 HAND: 6Diamonds, AClubs, 5Clubs, AHearts, 7Hearts, JHearts, 6Hearts, 5Hearts, JSpades, 5Spades.
P1 ADiamonds P2 2Diamonds P3 6Diamonds P0 QDiamonds 
P1 2Clubs P2 3Clubs P3 AClubs P0 6Clubs 
P3 5Clubs P0 KClubs P1 QClubs P2 7Clubs 
P2 3Spades P3 5Spades P0 ASpades P1 2Spades 
P0 7Diamonds P1 3Diamonds P2 KDiamonds P3 5Hearts 
P3 JSpades P0 6Spades P1 QSpades P2 7Spades 
P2 4Clubs P3 6Hearts P0 KHearts P1 JClubs 
P0 JDiamonds P1 4Diamonds P2 4Spades P3 JHearts 
P3 7Hearts P0 4Hearts P1 5Diamonds P2 2Hearts 
P3 AHearts P0 QHearts P1 KSpades P2 3Hearts 
-- /GAME --

