-- GAME --
P0 HAND: KDiamonds, JDiamonds, QDiamonds, 5Diamonds, 5Clubs, 6Hearts, JSpades, 4Spades, 3Spades, 2Spades.
P1 HAND: ADiamonds, 4Clubs, 2Clubs, AHearts, 7Hearts, 5Hearts, 4Hearts, 7Spades, QSpades, 5Spades.
P2 HAND: 6Diamonds, 3Diamonds, 7Clubs, QClubs, JHearts, QHearts, 3Hearts, ASpades, KSpades, 6Spades.
P3 HAND: 7Diamonds, 4Diamonds, 2Diamonds, AClubs, KClubs, JClubs, 6Clubs, 3Clubs, KHearts, 2Hearts.
P2 ASpades P3 2Diamonds P0 2Spades P1 7Spades 
P3 2Hearts P0 6Hearts P1 AHearts P2 3Hearts 
P1 2Clubs P2 QClubs P3 AClubs P0 5Clubs 
P3 3Clubs P0 3Spades P1 4Clubs P2 7Clubs 
P2 6Spades P3 6Clubs P0 JSpades P1 5Spades 
P0 4Spades P1 QSpades P2 KSpades P3 4Diamonds 
P3 JClubs P0 QDiamonds P1 ADiamonds P2 QHearts 
P1 4Hearts P2 JHearts P3 KHearts P0 5Diamonds 
P0 JDiamonds P1 5Hearts P2 3Diamonds P3 7Diamonds 
P3 KClubs P0 KDiamonds P1 7Hearts P2 6Diamonds 
-- /GAME --
P0 HAND: 7Diamonds, QDiamonds, AClubs, KClubs, JClubs, 7Hearts, 6Hearts, 5Hearts, 6Spades, 5Spades.
P1 HAND: 6Diamonds, 3Diamonds, QClubs, 3Clubs, AHearts, KHearts, QHearts, 4Hearts, JSpades, QSpades.
P2 HAND: ADiamonds, JDiamonds, 4Diamonds, 2Diamonds, 5Clubs, 2Clubs, ASpades, 4Spades, 3Spades, 2Spades.
P3 HAND: KDiamonds, 5Diamonds, 7Clubs, 6Clubs, 4Clubs, JHearts, 3Hearts, 2Hearts, 7Spades, KSpades.
P1 AHearts P2 2Clubs P3 2Hearts P0 5Hearts 
P2 ADiamonds P3 5Diamonds P0 7Diamonds P1 3Diamonds 
P2 ASpades P3 KSpades P0 6Spades P1 QSpades 
P2 2Diamonds P3 KDiamonds P0 QDiamonds P1 6Diamonds 
P3 3Hearts P0 7Hearts P1 4Hearts P2 JDiamonds 
P0 5Spades P1 JSpades P2 2Spades P3 7Spades 
P3 JHearts P0 6Hearts P1 QHearts P2 5Clubs 
P2 3Spades P3 4Clubs P0 JClubs P1 3Clubs 
P0 KClubs P1 QClubs P2 4Diamonds P3 7Clubs 
P3 6Clubs P0 AClubs P1 KHearts P2 4Spades 
-- /GAME --
P0 HAND: 7Diamonds, 7Clubs, QClubs, 5Clubs, AHearts, 5Hearts, ASpades, 7Spades, JSpades, 3Spades.
P1 HAND: ADiamonds, JDiamonds, QDiamonds, 3Diamonds, KClubs, 6Clubs, 4Clubs, 2Clubs, 3Hearts, 4Spades.
P2 HAND: JClubs, KHearts, JHearts, 6Hearts, 4Hearts, 2Hearts, QSpades, 6Spades, 5Spades, 2Spades.
P3 HAND: KDiamonds, 6Diamonds, 5Diamonds, 4Diamonds, 2Diamonds, AClubs, 3Clubs, 7Hearts, QHearts, KSpades.
P0 ASpades P1 4Spades P2 QSpades P3 KSpades 
P0 AHearts P1 3Hearts P2 KHearts P3 QHearts 
P0 5Clubs P1 2Clubs P2 JClubs P3 AClubs 
P3 3Clubs P0 QClubs P1 4Clubs P2 JHearts 
P0 5Hearts P1 6Clubs P2 2Hearts P3 7Hearts 
P3 2Diamonds P0 7Diamonds P1 ADiamonds P2 2Spades 
P1 3Diamonds P2 4Hearts P3 4Diamonds P0 3Spades 
P3 5Diamonds P0 JSpades P1 QDiamonds P2 5Spades 
P1 JDiamonds P2 6Hearts P3 6Diamonds P0 7Spades 
P1 KClubs P2 6Spades P3 KDiamonds P0 7Clubs 
-- /GAME --
P0 HAND: JDiamonds, 6Diamonds, 6Clubs, 3Clubs, 2Clubs, KHearts, JHearts, 2Hearts, 7Spades, KSpades.
P1 HAND: ADiamonds, 7Diamonds, 4Diamonds, 7Clubs, JClubs, 5Clubs, 6Hearts, 6Spades, 5Spades, 2Spades.
P2 HAND: KClubs, 4Clubs, AHearts, QHearts, 5Hearts, ASpades, JSpades, QSpades, 4Spades, 3Spades.
P3 HAND: KDiamonds, QDiamonds, 5Diamonds, 3Diamonds, 2Diamonds, AClubs, QClubs, 7Hearts, 4Hearts, 3Hearts.
P3 AClubs P0 6Clubs P1 7Clubs P2 4Clubs 
P3 2Diamonds P0 JDiamonds P1 ADiamonds P2 3Spades 
P2 AHearts P3 3Hearts P0 KHearts P1 6Hearts 
P2 5Hearts P3 4Hearts P0 JHearts P1 4Diamonds 
P0 2Clubs P1 5Clubs P2 KClubs P3 QClubs 
P2 QHearts P3 7Hearts P0 2Hearts P1 7Diamonds 
P3 3Diamonds P0 6Diamonds P1 2Spades P2 4Spades 
P2 QSpades P3 5Diamonds P0 KSpades P1 5Spades 
P0 3Clubs P1 JClubs P2 JSpades P3 QDiamonds 
P2 ASpades P3 KDiamonds P0 7Spades P1 6Spades 
-- /GAME --
P0 HAND: 7Diamonds, JDiamonds, QDiamonds, 4Diamonds, 2Diamonds, KClubs, 3Hearts, 2Hearts, ASpades, JSpades.
P1 HAND: 5Diamonds, 3Diamonds, JClubs, 6Clubs, 5Clubs, 3Clubs, 6Hearts, KSpades, 6Spades, 3Spades.
P2 HAND: ADiamonds, AClubs, QClubs, 4Clubs, AHearts, KHearts, JHearts, 4Hearts, 7Spades, 4Spades.
P3 HAND: KDiamonds, 6Diamonds, 7Clubs, 2Clubs, 7Hearts, QHearts, 5Hearts, QSpades, 5Spades, 2Spades.
P2 AClubs P3 2Clubs P0 KClubs P1 3Clubs 
P2 AHearts P3 5Hearts P0 2Hearts P1 6Hearts 
P2 4Clubs P3 7Clubs P0 3Hearts P1 JClubs 
P3 2Spades P0 ASpades P1 3Spades P2 7Spades 
P0 JSpades P1 6Spades P2 4Spades P3 5Spades 
P0 2Diamonds P1 3Diamonds P2 ADiamonds P3 6Diamonds 
P2 4Hearts P3 QHearts P0 4Diamonds P1 5Clubs 
P0 QDiamonds P1 5Diamonds P2 QClubs P3 KDiamonds 
P3 QSpades P0 JDiamonds P1 KSpades P2 KHearts 
P0 7Diamonds P1 6Clubs P2 JHearts P3 7Hearts 
-- /GAME --

