-- GAME --
P0 HAND: JDiamonds, 6Diamonds, 5Diamonds, AClubs, AHearts, KHearts, 3Hearts, KSpades, JSpades, 5Spades.
P1 HAND: QDiamonds, 4Diamonds, QClubs, 5Clubs, 4Clubs, JHearts, QHearts, 6Hearts, 4Hearts, 4Spades.
P2 HAND: ADiamonds, 7Diamonds, KDiamonds, 2Diamonds, 7Clubs, KClubs, JClubs, 5Hearts, 2Hearts, ASpades.
P3 HAND: 3Diamonds, 6Clubs, 3Clubs, 2Clubs, 7Hearts, 7Spades, QSpades, 6Spades, 3Spades, 2Spades.
P0 AClubs P1 4Clubs P2 7Clubs P3 2Clubs 
P0 AHearts P1 4Hearts P2 5Hearts P3 7Hearts 
P0 5Diamonds P1 4Diamonds P2 ADiamonds P3 3Diamonds 
P2 2Diamonds P3 3Clubs P0 6Diamonds P1 QDiamonds 
P1 5Clubs P2 JClubs P3 6Clubs P0 JDiamonds 
P2 2Hearts P3 2Spades P0 3Hearts P1 JHearts 
P3 3Spades P0 KSpades P1 4Spades P2 ASpades 
P2 KDiamonds P3 6Spades P0 JSpades P1 6Hearts 
P0 KHearts P1 QHearts P2 KClubs P3 QSpades 
P3 7Spades P0 5Spades P1 QClubs P2 7Diamonds 
-- /GAME --
P0 HAND: KDiamonds, JDiamonds, 6Diamonds, 3Diamonds, AClubs, 7Clubs, JHearts, 4Hearts, JSpades, 6Spades.
P1 HAND: 7Diamonds, JClubs, QClubs, 2Clubs, AHearts, 7Hearts, 6Hearts, ASpades, 5Spades, 3Spades.
P2 HAND: ADiamonds, 4Diamonds, 6Clubs, 5Clubs, 3Clubs, 5Hearts, 2Hearts, 7Spades, KSpades, 4Spades.
P3 HAND: QDiamonds, 5Diamonds, 2Diamonds, KClubs, 4Clubs, KHearts, QHearts, 3Hearts, QSpades, 2Spades.
P3 2Diamonds 
