-- GAME --
P0 HAND: KDiamonds, 6Diamonds, 3Diamonds, 7Clubs, KClubs, 6Hearts, 3Hearts, JSpades, 6Spades, 3Spades.
P1 HAND: ADiamonds, 7Diamonds, JDiamonds, 4Clubs, 3Clubs, AHearts, 2Hearts, ASpades, 7Spades, QSpades.
P2 HAND: QDiamonds, 5Diamonds, 4Diamonds, AClubs, 7Hearts, JHearts, QHearts, 5Hearts, 4Hearts, KSpades.
P3 HAND: 2Diamonds, JClubs, QClubs, 6Clubs, 5Clubs, 2Clubs, KHearts, 5Spades, 4Spades, 2Spades.
P3 2Diamonds P0 3Diamonds P1 ADiamonds P2 4Diamonds 
P1 ASpades P2 KSpades P3 5Spades P0 3Spades 
P1 3Clubs P2 AClubs P3 2Clubs P0 7Clubs 
P2 5Diamonds P3 2Spades P0 KDiamonds P1 7Diamonds 
P1 4Clubs P2 QDiamonds P3 5Clubs P0 KClubs 
P0 3Hearts P1 2Hearts P2 4Hearts P3 KHearts 
P3 4Spades P0 JSpades P1 QSpades P2 5Hearts 
P2 QHearts P3 6Clubs P0 6Hearts P1 AHearts 
P1 JDiamonds P2 JHearts P3 QClubs P0 6Diamonds 
P2 7Hearts P3 JClubs P0 6Spades P1 7Spades 
-- /GAME --
P0 HAND: ADiamonds, 7Diamonds, 5Diamonds, 3Diamonds, 6Clubs, 3Clubs, 3Hearts, ASpades, JSpades, 2Spades.
P1 HAND: KDiamonds, 6Diamonds, KClubs, QClubs, 2Clubs, QHearts, QSpades, 6Spades, 5Spades, 3Spades.
P2 HAND: JDiamonds, QDiamonds, 4Diamonds, AClubs, 7Clubs, JClubs, 7Hearts, 6Hearts, KSpades, 4Spades.
P3 HAND: 2Diamonds, 5Clubs, 4Clubs, AHearts, KHearts, JHearts, 5Hearts, 4Hearts, 2Hearts, 7Spades.
P2 AClubs P3 4Clubs 
