-- GAME --
P0 HAND: 7Diamonds, 3Diamonds, KClubs, QClubs, 6Clubs, 3Clubs, QHearts, 2Hearts, ASpades, 3Spades.
P1 HAND: KDiamonds, AClubs, 5Clubs, 4Clubs, 7Hearts, 3Hearts, 7Spades, QSpades, 4Spades, 2Spades.
P2 HAND: ADiamonds, JDiamonds, QDiamonds, 6Diamonds, 5Diamonds, 4Diamonds, AHearts, KHearts, JHearts, 5Hearts.
P3 HAND: 2Diamonds, 7Clubs, JClubs, 2Clubs, 6Hearts, 4Hearts, KSpades, JSpades, 6Spades, 5Spades.
P0 ASpades P1 2Spades P2 ADiamonds P3 5Spades 
P0 7Diamonds P1 KDiamonds P2 JDiamonds P3 2Diamonds 
P0 3Spades P1 4Spades P2 4Diamonds P3 KSpades 
P3 2Clubs P0 3Clubs P1 AClubs P2 5Hearts 
P2 5Diamonds P3 6Spades P0 3Diamonds P1 4Clubs 
P2 6Diamonds P3 4Hearts P0 6Clubs P1 7Spades 
P3 JClubs P0 KClubs P1 5Clubs P2 QDiamonds 
P0 QClubs P1 QSpades P2 JHearts P3 7Clubs 
P2 KHearts P3 6Hearts P0 QHearts P1 7Hearts 
P1 3Hearts P2 AHearts P3 JSpades P0 2Hearts 
-- /GAME --
P0 HAND: 5Diamonds, 2Diamonds, JClubs, 6Clubs, 3Clubs, 6Hearts, 2Hearts, ASpades, JSpades, 5Spades.
P1 HAND: ADiamonds, 6Diamonds, 4Diamonds, 7Clubs, 4Clubs, AHearts, JHearts, QHearts, 5Hearts, 2Spades.
P2 HAND: KDiamonds, QDiamonds, 3Diamonds, AClubs, 2Clubs, 4Hearts, QSpades, 6Spades, 4Spades, 3Spades.
P3 HAND: 7Diamonds, JDiamonds, KClubs, QClubs, 5Clubs, 7Hearts, KHearts, 3Hearts, 7Spades, KSpades.
P3 3Hearts P0 2Hearts P1 AHearts P2 4Hearts 
P1 ADiamonds P2 3Diamonds P3 7Diamonds P0 2Diamonds 
P1 2Spades P2 3Spades P3 KSpades P0 ASpades 
P0 6Hearts P1 5Hearts P2 4Spades P3 7Hearts 
P3 JDiamonds P0 5Diamonds P1 4Diamonds P2 KDiamonds 
P2 6Spades P3 7Spades P0 5Spades P1 JHearts 
P3 5Clubs P0 JClubs P1 4Clubs P2 2Clubs 
P0 JSpades P1 6Diamonds P2 QSpades P3 QClubs 
P3 KClubs P0 3Clubs P1 7Clubs P2 AClubs 
P2 QDiamonds P3 KHearts P0 6Clubs P1 QHearts 
-- /GAME --
P0 HAND: 2Diamonds, 7Clubs, 6Clubs, AHearts, 7Hearts, 3Hearts, JSpades, 6Spades, 5Spades, 2Spades.
P1 HAND: JDiamonds, 5Diamonds, 4Diamonds, KClubs, JHearts, 6Hearts, 5Hearts, 4Hearts, KSpades, 4Spades.
P2 HAND: 7Diamonds, KDiamonds, QDiamonds, 6Diamonds, 3Diamonds, QClubs, QHearts, 2Hearts, 7Spades, 3Spades.
P3 HAND: ADiamonds, AClubs, JClubs, 5Clubs, 4Clubs, 3Clubs, 2Clubs, KHearts, ASpades, QSpades.
P2 3Diamonds P3 ADiamonds P0 2Diamonds P1 JDiamonds 
P3 2Clubs P0 6Clubs P1 KClubs P2 QClubs 
P1 4Diamonds P2 6Diamonds P3 3Clubs P0 7Clubs 
P2 3Spades P3 ASpades P0 2Spades P1 KSpades 
P3 4Clubs P0 JSpades P1 4Spades P2 QDiamonds 
P3 5Clubs P0 5Spades P1 5Diamonds P2 2Hearts 
P2 QHearts P3 KHearts P0 AHearts P1 4Hearts 
P0 6Spades P1 5Hearts P2 7Spades P3 QSpades 
P1 6Hearts P2 KDiamonds P3 JClubs P0 7Hearts 
P0 3Hearts P1 JHearts P2 7Diamonds P3 AClubs 
-- /GAME --
P0 HAND: 7Clubs, KClubs, 4Clubs, 3Clubs, 7Hearts, JHearts, QHearts, 6Hearts, JSpades, 4Spades.
P1 HAND: JDiamonds, 3Diamonds, AClubs, JClubs, QClubs, 5Hearts, 3Hearts, 2Hearts, 5Spades, 3Spades.
P2 HAND: ADiamonds, KDiamonds, 6Diamonds, 4Diamonds, 6Clubs, 5Clubs, KHearts, 4Hearts, KSpades, 6Spades.
P3 HAND: 7Diamonds, QDiamonds, 5Diamonds, 2Diamonds, 2Clubs, AHearts, ASpades, 7Spades, QSpades, 2Spades.
P1 2Hearts P2 4Hearts P3 AHearts P0 6Hearts 
P3 ASpades P0 4Spades P1 5Spades P2 6Spades 
P3 2Diamonds P0 JSpades P1 3Diamonds P2 ADiamonds 
P2 4Diamonds P3 5Diamonds P0 7Clubs P1 JDiamonds 
P0 3Clubs P1 QClubs P2 5Clubs P3 2Clubs 
P1 3Hearts P2 KHearts P3 2Spades P0 7Hearts 
P0 4Clubs P1 JClubs P2 6Clubs P3 7Diamonds 
P1 3Spades P2 KSpades P3 QSpades P0 JHearts 
P2 6Diamonds P3 QDiamonds P0 KClubs P1 AClubs 
P1 5Hearts P2 KDiamonds P3 7Spades P0 QHearts 
-- /GAME --
P0 HAND: 7Diamonds, JDiamonds, 4Diamonds, AClubs, KClubs, 6Clubs, AHearts, KHearts, 6Spades, 2Spades.
P1 HAND: 6Diamonds, JClubs, 4Clubs, 2Clubs, 6Hearts, 5Hearts, 4Hearts, 2Hearts, 7Spades, 4Spades.
P2 HAND: ADiamonds, KDiamonds, 5Diamonds, 2Diamonds, 7Clubs, 5Clubs, 7Hearts, JHearts, JSpades, 3Spades.
P3 HAND: QDiamonds, 3Diamonds, QClubs, 3Clubs, QHearts, 3Hearts, ASpades, KSpades, QSpades, 5Spades.
P0 KClubs P1 2Clubs P2 5Clubs P3 3Clubs 
P0 2Spades P1 4Spades P2 3Spades P3 ASpades 
P3 3Diamonds P0 4Diamonds P1 6Diamonds P2 ADiamonds 
P2 2Diamonds P3 QDiamonds P0 7Diamonds P1 4Clubs 
P1 2Hearts P2 JHearts P3 3Hearts P0 KHearts 
P0 6Clubs P1 JClubs P2 7Clubs P3 QClubs 
P2 5Diamonds P3 5Spades P0 JDiamonds P1 4Hearts 
P0 AClubs P1 5Hearts P2 JSpades P3 QHearts 
P0 AHearts P1 6Hearts P2 7Hearts P3 QSpades 
P0 6Spades P1 7Spades P2 KDiamonds P3 KSpades 
-- /GAME --
P0 HAND: QDiamonds, 3Diamonds, 2Diamonds, AClubs, 2Clubs, AHearts, 4Hearts, JSpades, 6Spades, 2Spades.
P1 HAND: JClubs, 6Clubs, 7Hearts, KHearts, 6Hearts, 2Hearts, ASpades, 7Spades, 4Spades, 3Spades.
P2 HAND: ADiamonds, 5Diamonds, KClubs, 5Clubs, 4Clubs, 3Clubs, JHearts, QHearts, 5Hearts, 5Spades.
P3 HAND: 7Diamonds, KDiamonds, JDiamonds, 6Diamonds, 4Diamonds, 7Clubs, QClubs, 3Hearts, KSpades, QSpades.
P3 3Hearts P0 4Hearts P1 2Hearts P2 JHearts 
P2 3Clubs P3 QClubs P0 AClubs P1 6Clubs 
P0 QDiamonds P1 3Spades P2 5Diamonds P3 4Diamonds 
P0 2Diamonds P1 4Spades P2 ADiamonds P3 6Diamonds 
P2 4Clubs P3 7Clubs P0 2Clubs P1 JClubs 
P3 QSpades P0 2Spades P1 ASpades P2 5Spades 
P1 6Hearts P2 5Hearts P3 JDiamonds P0 AHearts 
P3 KDiamonds P0 3Diamonds P1 KHearts P2 5Clubs 
P3 7Diamonds P0 6Spades P1 7Hearts P2 QHearts 
P3 KSpades P0 JSpades P1 7Spades P2 KClubs 
-- /GAME --
P0 HAND: 7Diamonds, 3Diamonds, JClubs, 7Hearts, QHearts, 6Hearts, 2Hearts, 7Spades, KSpades, 6Spades.
P1 HAND: KDiamonds, KClubs, 3Clubs, 2Clubs, AHearts, KHearts, JHearts, 5Hearts, JSpades, 4Spades.
P2 HAND: ADiamonds, JDiamonds, 5Diamonds, 4Diamonds, 2Diamonds, AClubs, 6Clubs, 4Hearts, ASpades, 3Spades.
P3 HAND: QDiamonds, 6Diamonds, 7Clubs, QClubs, 5Clubs, 4Clubs, 3Hearts, QSpades, 5Spades, 2Spades.
P1 2Clubs P2 AClubs P3 4Clubs P0 JClubs 
P2 2Diamonds P3 6Diamonds P0 3Diamonds P1 KDiamonds 
P1 3Clubs P2 6Clubs P3 5Clubs P0 7Diamonds 
P2 3Spades P3 2Spades P0 6Spades P1 JSpades 
P1 4Spades P2 ASpades P3 5Spades P0 7Spades 
P2 4Diamonds P3 QDiamonds P0 QHearts P1 5Hearts 
P0 2Hearts P1 JHearts P2 4Hearts P3 3Hearts 
P1 KHearts P2 5Diamonds P3 QClubs P0 7Hearts 
P0 KSpades P1 AHearts P2 JDiamonds P3 QSpades 
P1 KClubs P2 ADiamonds P3 7Clubs P0 6Hearts 
-- /GAME --
P0 HAND: ADiamonds, 6Diamonds, 4Diamonds, AClubs, 7Clubs, 5Clubs, JHearts, ASpades, JSpades, 2Spades.
P1 HAND: KDiamonds, JDiamonds, 5Diamonds, 4Clubs, AHearts, 5Hearts, 3Hearts, QSpades, 5Spades, 3Spades.
P2 HAND: 7Diamonds, 2Diamonds, KClubs, 6Clubs, 3Clubs, KHearts, 2Hearts, 7Spades, KSpades, 6Spades.
P3 HAND: QDiamonds, 3Diamonds, JClubs, QClubs, 2Clubs, 7Hearts, QHearts, 6Hearts, 4Hearts, 4Spades.
P0 JHearts P1 AHearts P2 2Hearts P3 7Hearts 
P1 3Hearts P2 KHearts P3 4Hearts P0 JSpades 
P2 2Diamonds P3 3Diamonds P0 ADiamonds P1 5Diamonds 
P0 ASpades P1 3Spades P2 7Spades P3 4Spades 
P0 2Spades P1 5Spades P2 6Spades P3 6Hearts 
P2 3Clubs P3 2Clubs P0 5Clubs P1 4Clubs 
P0 7Clubs P1 5Hearts P2 6Clubs P3 QClubs 
P0 AClubs P1 QSpades P2 KClubs P3 JClubs 
P0 4Diamonds P1 JDiamonds P2 7Diamonds P3 QDiamonds 
P2 KSpades P3 QHearts P0 6Diamonds P1 KDiamonds 
-- /GAME --
P0 HAND: 7Diamonds, 6Diamonds, AClubs, QClubs, AHearts, KHearts, JHearts, QHearts, 5Hearts, KSpades.
P1 HAND: JDiamonds, 5Diamonds, 3Diamonds, KClubs, JClubs, 4Clubs, 2Hearts, ASpades, 5Spades, 4Spades.
P2 HAND: QDiamonds, 4Diamonds, 6Clubs, 3Clubs, 2Clubs, 7Hearts, 3Hearts, 7Spades, JSpades, 3Spades.
P3 HAND: ADiamonds, KDiamonds, 2Diamonds, 7Clubs, 5Clubs, 6Hearts, 4Hearts, QSpades, 6Spades, 2Spades.
P3 ADiamonds P0 6Diamonds P1 JDiamonds P2 4Diamonds 
P3 2Diamonds P0 7Diamonds P1 3Diamonds P2 QDiamonds 
P0 JHearts P1 2Hearts P2 3Hearts P3 4Hearts 
P0 QClubs P1 4Clubs P2 2Clubs P3 7Clubs 
P3 2Spades P0 KSpades P1 ASpades P2 3Spades 
P1 4Spades P2 JSpades P3 6Spades P0 AClubs 
P2 3Clubs P3 5Clubs P0 KHearts P1 JClubs 
P0 AHearts P1 5Diamonds P2 7Hearts P3 6Hearts 
P0 QHearts P1 5Spades P2 6Clubs P3 QSpades 
P0 5Hearts P1 KClubs P2 7Spades P3 KDiamonds 
-- /GAME --
P0 HAND: 6Diamonds, 4Diamonds, 2Diamonds, KClubs, QClubs, 5Clubs, KHearts, 5Hearts, QSpades, 4Spades.
P1 HAND: 5Diamonds, 3Diamonds, 4Clubs, 2Clubs, JHearts, 4Hearts, 2Hearts, 7Spades, 5Spades, 3Spades.
P2 HAND: ADiamonds, QDiamonds, 7Clubs, JClubs, 3Clubs, AHearts, 3Hearts, ASpades, 6Spades, 2Spades.
P3 HAND: 7Diamonds, KDiamonds, JDiamonds, AClubs, 6Clubs, 7Hearts, QHearts, 6Hearts, KSpades, JSpades.
P1 2Hearts P2 AHearts P3 6Hearts P0 KHearts 
P2 ADiamonds P3 JDiamonds P0 2Diamonds P1 3Diamonds 
P2 ASpades P3 JSpades P0 QSpades P1 3Spades 
P2 2Spades P3 KSpades P0 4Spades P1 7Spades 
P1 4Hearts P2 3Hearts P3 7Hearts P0 5Hearts 
P3 QHearts P0 6Diamonds P1 JHearts P2 3Clubs 
P2 6Spades P3 6Clubs P0 4Diamonds P1 5Spades 
P3 AClubs P0 5Clubs P1 2Clubs P2 JClubs 
P3 KDiamonds P0 KClubs P1 5Diamonds P2 QDiamonds 
P0 QClubs P1 4Clubs P2 7Clubs P3 7Diamonds 
-- /GAME --
P0 HAND: 6Diamonds, KClubs, JClubs, 6Clubs, 3Clubs, AHearts, JHearts, 6Hearts, 7Spades, JSpades.
P1 HAND: 5Diamonds, 4Diamonds, 3Diamonds, AClubs, 5Clubs, 2Clubs, 5Hearts, 3Hearts, 4Spades, 3Spades.
P2 HAND: 7Diamonds, QDiamonds, 2Diamonds, QClubs, 4Clubs, 7Hearts, 4Hearts, 2Hearts, KSpades, 2Spades.
P3 HAND: ADiamonds, KDiamonds, JDiamonds, 7Clubs, KHearts, QHearts, ASpades, QSpades, 6Spades, 5Spades.
P0 6Diamonds P1 3Diamonds P2 2Diamonds P3 JDiamonds 
P3 ASpades P0 JSpades P1 4Spades P2 2Spades 
P3 5Spades P0 7Spades P1 3Spades P2 KSpades 
P0 AHearts P1 3Hearts P2 7Hearts P3 QHearts 
P0 6Hearts P1 5Hearts P2 2Hearts P3 KHearts 
P3 6Spades P0 JClubs P1 2Clubs P2 4Clubs 
P3 QSpades P0 6Clubs P1 5Clubs P2 4Hearts 
P3 KDiamonds P0 3Clubs P1 4Diamonds P2 QDiamonds 
P3 ADiamonds P0 JHearts P1 5Diamonds P2 7Diamonds 
P3 7Clubs P0 KClubs P1 AClubs P2 QClubs 
-- /GAME --
P0 HAND: QDiamonds, QClubs, 2Clubs, JHearts, 5Hearts, 2Hearts, JSpades, QSpades, 6Spades, 4Spades.
P1 HAND: ADiamonds, 7Diamonds, JDiamonds, 5Diamonds, 4Diamonds, AClubs, KClubs, 6Clubs, 6Hearts, 5Spades.
P2 HAND: 2Diamonds, 7Clubs, JClubs, 5Clubs, 4Clubs, QHearts, 3Hearts, 7Spades, KSpades, 3Spades.
P3 HAND: KDiamonds, 6Diamonds, 3Diamonds, 3Clubs, AHearts, 7Hearts, KHearts, 4Hearts, ASpades, 2Spades.
P3 AHearts P0 2Hearts P1 6Hearts P2 3Hearts 
P3 ASpades P0 4Spades P1 5Spades P2 3Spades 
P3 2Spades P0 JSpades P1 4Diamonds P2 7Spades 
P2 2Diamonds P3 3Diamonds P0 QDiamonds P1 ADiamonds 
P1 5Diamonds P2 QHearts P3 6Diamonds P0 6Spades 
P3 4Hearts P0 JHearts P1 6Clubs P2 4Clubs 
P1 JDiamonds P2 5Clubs P3 KDiamonds P0 5Hearts 
P2 JClubs P3 3Clubs P0 QClubs P1 KClubs 
P1 AClubs P2 7Clubs P3 KHearts P0 2Clubs 
P1 7Diamonds P2 KSpades P3 7Hearts P0 QSpades 
-- /GAME --
P0 HAND: 6Diamonds, 7Clubs, 7Hearts, KHearts, 5Hearts, KSpades, JSpades, 6Spades, 5Spades, 4Spades.
P1 HAND: ADiamonds, JDiamonds, 3Diamonds, 2Diamonds, 4Clubs, JHearts, QHearts, 6Hearts, ASpades, 3Spades.
P2 HAND: KDiamonds, 4Diamonds, KClubs, JClubs, 5Clubs, AHearts, 4Hearts, 2Hearts, 7Spades, QSpades.
P3 HAND: 7Diamonds, QDiamonds, 5Diamonds, AClubs, QClubs, 6Clubs, 3Clubs, 2Clubs, 3Hearts, 2Spades.
P2 AHearts P3 3Hearts P0 7Hearts P1 6Hearts 
P2 2Hearts P3 2Clubs P0 KHearts P1 QHearts 
P0 4Spades P1 3Spades P2 QSpades P3 2Spades 
P2 4Diamonds P3 5Diamonds P0 6Diamonds P1 ADiamonds 
P1 2Diamonds P2 KDiamonds P3 7Diamonds P0 KSpades 
P0 5Spades P1 ASpades P2 7Spades P3 AClubs 
P1 3Diamonds P2 4Hearts P3 QDiamonds P0 5Hearts 
P3 3Clubs P0 7Clubs P1 4Clubs P2 KClubs 
P0 JSpades P1 JDiamonds P2 5Clubs P3 6Clubs 
P0 6Spades P1 JHearts P2 JClubs P3 QClubs 
-- /GAME --
P0 HAND: QDiamonds, 6Diamonds, 7Clubs, JClubs, 2Clubs, KHearts, 6Hearts, ASpades, 6Spades, 5Spades.
P1 HAND: 4Diamonds, AClubs, QClubs, 5Clubs, 4Clubs, 3Hearts, 2Hearts, 7Spades, KSpades, 3Spades.
P2 HAND: ADiamonds, KDiamonds, JDiamonds, 2Diamonds, KClubs, 6Clubs, JHearts, QHearts, JSpades, 2Spades.
P3 HAND: 7Diamonds, 5Diamonds, 3Diamonds, 3Clubs, AHearts, 7Hearts, 5Hearts, 4Hearts, QSpades, 4Spades.
P1 2Hearts P2 QHearts P3 AHearts P0 6Hearts 
P3 3Diamonds P0 QDiamonds P1 4Diamonds P2 ADiamonds 
P2 2Diamonds P3 5Diamonds P0 6Diamonds P1 3Hearts 
P0 KHearts P1 3Spades P2 JHearts P3 7Hearts 
P3 4Hearts P0 5Spades P1 4Clubs P2 2Spades 
P1 5Clubs P2 6Clubs P3 3Clubs P0 7Clubs 
P0 2Clubs P1 QClubs P2 KClubs P3 4Spades 
P2 JDiamonds P3 7Diamonds P0 JClubs P1 AClubs 
P1 KSpades P2 JSpades P3 QSpades P0 6Spades 
P1 7Spades P2 KDiamonds P3 5Hearts P0 ASpades 
-- /GAME --
P0 HAND: JDiamonds, 6Diamonds, 2Diamonds, 7Clubs, QClubs, 5Clubs, JHearts, 3Hearts, 7Spades, 4Spades.
P1 HAND: ADiamonds, KDiamonds, 4Diamonds, AClubs, KClubs, JClubs, KHearts, 5Spades, 3Spades, 2Spades.
P2 HAND: 5Diamonds, 2Clubs, 7Hearts, QHearts, 6Hearts, ASpades, KSpades, JSpades, QSpades, 6Spades.
P3 HAND: 7Diamonds, QDiamonds, 3Diamonds, 6Clubs, 4Clubs, 3Clubs, AHearts, 5Hearts, 4Hearts, 2Hearts.
P3 AHearts P0 3Hearts P1 KHearts P2 6Hearts 
P3 2Hearts P0 JHearts P1 4Diamonds P2 7Hearts 
P2 2Clubs P3 3Clubs P0 5Clubs P1 AClubs 
P1 ADiamonds P2 5Diamonds P3 7Diamonds P0 2Diamonds 
P1 JClubs P2 QHearts P3 4Clubs P0 7Clubs 
P0 QClubs P1 KClubs P2 6Spades P3 6Clubs 
P2 QSpades P3 3Diamonds P0 4Spades P1 2Spades 
P2 JSpades P3 4Hearts P0 7Spades P1 3Spades 
P0 JDiamonds P1 KDiamonds P2 KSpades P3 QDiamonds 
P2 ASpades P3 5Hearts P0 6Diamonds P1 5Spades 
-- /GAME --
P0 HAND: KDiamonds, QDiamonds, QClubs, 5Clubs, 4Clubs, 3Clubs, KHearts, JHearts, 6Spades, 3Spades.
P1 HAND: JDiamonds, 6Diamonds, 7Clubs, 2Clubs, QHearts, 6Hearts, 3Hearts, JSpades, 5Spades, 4Spades.
P2 HAND: 5Diamonds, 4Diamonds, 3Diamonds, 2Diamonds, KClubs, 7Hearts, 5Hearts, ASpades, KSpades, QSpades.
P3 HAND: ADiamonds, 7Diamonds, AClubs, JClubs, 6Clubs, AHearts, 4Hearts, 2Hearts, 7Spades, 2Spades.
P2 2Diamonds P3 ADiamonds P0 QDiamonds P1 JDiamonds 
P3 AClubs P0 4Clubs P1 7Clubs P2 KClubs 
P3 AHearts P0 JHearts P1 QHearts P2 5Hearts 
P3 2Hearts P0 KHearts P1 3Hearts P2 7Hearts 
P2 3Diamonds P3 7Diamonds P0 KDiamonds P1 6Diamonds 
P3 4Hearts P0 3Clubs P1 6Hearts P2 4Diamonds 
P1 2Clubs P2 5Diamonds P3 JClubs P0 5Clubs 
P3 6Clubs P0 QClubs P1 4Spades P2 QSpades 
P2 KSpades P3 2Spades P0 3Spades P1 5Spades 
P2 ASpades P3 7Spades P0 6Spades P1 JSpades 
-- /GAME --
P0 HAND: AClubs, JClubs, 6Clubs, 5Clubs, 3Clubs, AHearts, KHearts, 4Spades, 3Spades, 2Spades.
P1 HAND: 6Diamonds, 5Diamonds, 3Diamonds, 7Clubs, QClubs, 7Hearts, 6Hearts, KSpades, 6Spades, 5Spades.
P2 HAND: ADiamonds, QDiamonds, 2Diamonds, KClubs, 4Clubs, 2Clubs, 2Hearts, ASpades, JSpades, QSpades.
P3 HAND: 7Diamonds, KDiamonds, JDiamonds, 4Diamonds, JHearts, QHearts, 5Hearts, 4Hearts, 3Hearts, 7Spades.
P1 3Diamonds P2 ADiamonds P3 4Diamonds P0 KHearts 
P2 2Diamonds P3 JDiamonds P0 2Spades P1 5Diamonds 
P0 3Spades P1 5Spades P2 QSpades P3 7Spades 
P3 3Hearts P0 AHearts P1 6Hearts P2 2Hearts 
P0 AClubs P1 QClubs P2 KClubs P3 4Hearts 
P0 5Clubs P1 7Clubs P2 2Clubs P3 7Diamonds 
P1 6Diamonds P2 QDiamonds P3 KDiamonds P0 4Spades 
P0 JClubs P1 6Spades P2 4Clubs P3 JHearts 
P1 KSpades P2 JSpades P3 5Hearts P0 3Clubs 
P1 7Hearts P2 ASpades P3 QHearts P0 6Clubs 
-- /GAME --
P0 HAND: JDiamonds, 3Diamonds, AClubs, 7Clubs, 6Clubs, 5Clubs, QHearts, 4Hearts, JSpades, 3Spades.
P1 HAND: 7Diamonds, 5Diamonds, 4Diamonds, 2Diamonds, QClubs, 3Clubs, KHearts, 7Spades, QSpades, 4Spades.
P2 HAND: QDiamonds, KClubs, JClubs, 4Clubs, AHearts, 7Hearts, 3Hearts, 2Hearts, ASpades, KSpades.
P3 HAND: ADiamonds, KDiamonds, 6Diamonds, 2Clubs, JHearts, 6Hearts, 5Hearts, 6Spades, 5Spades, 2Spades.
P0 JSpades P1 4Spades P2 KSpades P3 2Spades 
P2 AHearts P3 5Hearts P0 QHearts P1 KHearts 
P2 2Hearts P3 6Hearts P0 4Hearts P1 7Diamonds 
P3 ADiamonds P0 3Diamonds P1 5Diamonds P2 QDiamonds 
P3 2Clubs P0 AClubs P1 3Clubs P2 KClubs 
P0 3Spades P1 QSpades P2 ASpades P3 5Spades 
P2 3Hearts P3 JHearts P0 5Clubs P1 QClubs 
P3 6Diamonds P0 JDiamonds P1 2Diamonds P2 7Hearts 
P0 7Clubs P1 7Spades P2 4Clubs P3 KDiamonds 
P1 4Diamonds P2 JClubs P3 6Spades P0 6Clubs 
-- /GAME --
P0 HAND: 7Diamonds, KDiamonds, QDiamonds, AClubs, JClubs, QClubs, 6Hearts, 5Hearts, QSpades, 3Spades.
P1 HAND: JDiamonds, 4Diamonds, 7Clubs, KClubs, 4Clubs, KHearts, ASpades, 7Spades, KSpades, 6Spades.
P2 HAND: 6Diamonds, 3Diamonds, 5Clubs, AHearts, 7Hearts, JHearts, 3Hearts, 2Hearts, 4Spades, 2Spades.
P3 HAND: ADiamonds, 5Diamonds, 2Diamonds, 6Clubs, 3Clubs, 2Clubs, QHearts, 4Hearts, JSpades, 5Spades.
P3 ADiamonds P0 QDiamonds P1 JDiamonds P2 3Diamonds 
P3 2Diamonds P0 7Diamonds P1 4Diamonds P2 6Diamonds 
P0 5Hearts P1 KHearts P2 2Hearts P3 4Hearts 
P1 ASpades P2 2Spades P3 JSpades P0 3Spades 
P1 4Clubs P2 5Clubs P3 2Clubs P0 JClubs 
P0 6Hearts P1 6Spades P2 3Hearts P3 QHearts 
P3 3Clubs P0 QClubs P1 KClubs P2 JHearts 
P2 4Spades P3 5Spades P0 QSpades P1 7Spades 
P1 KSpades P2 7Hearts P3 5Diamonds P0 KDiamonds 
P2 AHearts P3 6Clubs P0 AClubs P1 7Clubs 
-- /GAME --
P0 HAND: 7Diamonds, 5Diamonds, KClubs, 4Clubs, 7Hearts, 5Hearts, JSpades, QSpades, 6Spades, 5Spades.
P1 HAND: ADiamonds, KDiamonds, 4Diamonds, 7Clubs, AHearts, JHearts, 6Hearts, 4Hearts, KSpades, 2Spades.
P2 HAND: JDiamonds, 3Diamonds, 2Diamonds, QClubs, 5Clubs, 2Clubs, 3Hearts, ASpades, 7Spades, 4Spades.
P3 HAND: QDiamonds, 6Diamonds, AClubs, JClubs, 6Clubs, 3Clubs, KHearts, QHearts, 2Hearts, 3Spades.
P3 AClubs P0 4Clubs P1 7Clubs P2 2Clubs 
P3 2Hearts P0 5Hearts P1 AHearts P2 3Hearts 
P1 ADiamonds P2 2Diamonds P3 QDiamonds P0 5Diamonds 
P1 4Diamonds P2 3Diamonds P3 6Diamonds P0 7Diamonds 
P0 JSpades P1 2Spades P2 4Spades P3 3Spades 
P0 QSpades P1 KSpades P2 7Spades P3 3Clubs 
P2 5Clubs P3 6Clubs P0 KClubs P1 4Hearts 
P0 5Spades P1 6Hearts P2 ASpades P3 QHearts 
P2 QClubs P3 JClubs P0 6Spades P1 JHearts 
P0 7Hearts P1 KDiamonds P2 JDiamonds P3 KHearts 
-- /GAME --
P0 HAND: JDiamonds, 3Diamonds, AClubs, JClubs, 6Clubs, 7Hearts, 6Hearts, 5Hearts, 4Hearts, 7Spades.
P1 HAND: ADiamonds, KDiamonds, QClubs, KHearts, 3Hearts, KSpades, QSpades, 6Spades, 5Spades, 3Spades.
P2 HAND: 7Diamonds, QDiamonds, 6Diamonds, 4Diamonds, 3Clubs, AHearts, JHearts, 2Hearts, JSpades, 2Spades.
P3 HAND: 5Diamonds, 2Diamonds, 7Clubs, KClubs, 5Clubs, 4Clubs, 2Clubs, QHearts, ASpades, 4Spades.
P2 AHearts P3 QHearts P0 7Hearts P1 3Hearts 
P2 2Hearts P3 2Diamonds P0 4Hearts P1 KHearts 
P1 ADiamonds P2 4Diamonds P3 5Diamonds P0 3Diamonds 
P1 QClubs P2 3Clubs P3 2Clubs P0 AClubs 
P0 JDiamonds P1 KDiamonds P2 6Diamonds P3 7Clubs 
P1 3Spades P2 2Spades P3 4Spades P0 7Spades 
P0 JClubs P1 5Spades P2 QDiamonds P3 KClubs 
P1 6Spades P2 JSpades P3 ASpades P0 5Hearts 
P3 4Clubs P0 6Clubs P1 QSpades P2 JHearts 
P1 KSpades P2 7Diamonds P3 5Clubs P0 6Hearts 
-- /GAME --
P0 HAND: 6Diamonds, 2Diamonds, KClubs, 5Clubs, KHearts, 6Hearts, 2Hearts, ASpades, 7Spades, 4Spades.
P1 HAND: KDiamonds, AClubs, 7Clubs, JClubs, QClubs, 6Clubs, AHearts, 7Hearts, QHearts, 4Hearts.
P2 HAND: QDiamonds, 5Diamonds, 4Diamonds, 4Clubs, 2Clubs, 5Hearts, 3Hearts, JSpades, QSpades, 6Spades.
P3 HAND: ADiamonds, 7Diamonds, JDiamonds, 3Diamonds, 3Clubs, JHearts, KSpades, 5Spades, 3Spades, 2Spades.
P1 4Hearts P2 3Hearts P3 JHearts P0 KHearts 
P0 7Spades P1 6Clubs P2 6Spades P3 2Spades 
P0 2Hearts P1 QHearts P2 5Hearts P3 ADiamonds 
P1 QClubs P2 2Clubs P3 3Clubs P0 KClubs 
P0 5Clubs P1 JClubs P2 4Clubs P3 7Diamonds 
P1 KDiamonds P2 4Diamonds P3 JDiamonds P0 2Diamonds 
P1 7Clubs P2 QSpades P3 KSpades P0 ASpades 
P0 6Hearts P1 7Hearts P2 JSpades P3 3Diamonds 
P2 5Diamonds P3 3Spades P0 6Diamonds P1 AClubs 
P3 5Spades P0 4Spades P1 AHearts P2 QDiamonds 
-- /GAME --
P0 HAND: ADiamonds, 7Diamonds, 5Diamonds, 2Diamonds, QClubs, 6Clubs, KHearts, 2Hearts, KSpades, 6Spades.
P1 HAND: QDiamonds, 4Diamonds, AClubs, KClubs, 2Clubs, AHearts, JHearts, QHearts, 5Hearts, 4Hearts.
P2 HAND: JDiamonds, 6Diamonds, 3Diamonds, 4Clubs, ASpades, 7Spades, JSpades, 5Spades, 3Spades, 2Spades.
P3 HAND: KDiamonds, 7Clubs, JClubs, 5Clubs, 3Clubs, 7Hearts, 6Hearts, 3Hearts, QSpades, 4Spades.
P0 QClubs P1 AClubs P2 4Clubs P3 7Clubs 
P1 2Clubs P2 2Spades P3 3Clubs 
