-- GAME --
P0 HAND: KDiamonds, JDiamonds, 5Diamonds, AClubs, 7Clubs, QClubs, KHearts, 4Hearts, KSpades, 3Spades.
P1 HAND: 2Diamonds, 5Clubs, 4Clubs, 2Clubs, 7Hearts, 6Hearts, 3Hearts, 7Spades, JSpades, 5Spades.
P2 HAND: QDiamonds, 6Diamonds, 3Diamonds, KClubs, JClubs, 3Clubs, AHearts, 5Hearts, 6Spades, 2Spades.
P3 HAND: ADiamonds, 7Diamonds, 4Diamonds, 6Clubs, JHearts, QHearts, 2Hearts, ASpades, QSpades, 4Spades.
P2 AHearts P3 2Hearts P0 KHearts P1 3Hearts 
P2 3Diamonds P3 ADiamonds P0 5Diamonds P1 2Diamonds 
P3 4Diamonds P0 JDiamonds P1 2Clubs P2 QDiamonds 
P0 AClubs P1 4Clubs P2 KClubs P3 6Clubs 
P0 3Spades P1 5Spades P2 2Spades P3 4Spades 
P1 5Clubs P2 3Clubs P3 QHearts P0 7Clubs 
P0 KSpades P1 JSpades P2 6Spades P3 ASpades 
P3 JHearts P0 4Hearts P1 6Hearts P2 5Hearts 
P3 QSpades P0 QClubs P1 7Spades P2 6Diamonds 
P1 7Hearts P2 JClubs P3 7Diamonds P0 KDiamonds 
-- /GAME --
P0 HAND: QDiamonds, 3Diamonds, QClubs, 3Clubs, JHearts, QHearts, 6Hearts, 5Hearts, ASpades, 2Spades.
P1 HAND: JDiamonds, 7Clubs, JClubs, 6Clubs, 5Clubs, 2Clubs, 4Hearts, JSpades, QSpades, 5Spades.
P2 HAND: ADiamonds, 6Diamonds, 5Diamonds, AClubs, 4Clubs, AHearts, KHearts, 3Hearts, KSpades, 4Spades.
P3 HAND: 7Diamonds, KDiamonds, 4Diamonds, 2Diamonds, KClubs, 7Hearts, 2Hearts, 7Spades, 6Spades, 3Spades.
P1 2Clubs P2 AClubs P3 KClubs P0 QClubs 
P2 ADiamonds P3 2Diamonds P0 QDiamonds P1 JDiamonds 
P2 4Clubs P3 3Spades P0 3Clubs P1 7Clubs 
P1 5Clubs P2 4Spades P3 4Diamonds P0 2Spades 
P1 5Spades P2 KSpades P3 6Spades P0 ASpades 
P0 5Hearts P1 4Hearts P2 3Hearts P3 2Hearts 
P0 6Hearts P1 6Clubs P2 KHearts P3 7Hearts 
P3 KDiamonds P0 3Diamonds P1 QSpades P2 5Diamonds 
P3 7Diamonds P0 QHearts P1 JClubs P2 6Diamonds 
P0 JHearts P1 JSpades P2 AHearts P3 7Spades 
-- /GAME --
P0 HAND: 7Diamonds, 2Diamonds, 5Clubs, KHearts, JHearts, 7Spades, JSpades, 5Spades, 4Spades, 3Spades.
P1 HAND: ADiamonds, KClubs, QClubs, 4Clubs, 3Clubs, 7Hearts, 3Hearts, ASpades, 6Spades, 2Spades.
P2 HAND: KDiamonds, JDiamonds, 6Diamonds, 5Diamonds, AClubs, 7Clubs, 6Clubs, AHearts, QHearts, 6Hearts.
P3 HAND: QDiamonds, 4Diamonds, 3Diamonds, JClubs, 2Clubs, 5Hearts, 4Hearts, 2Hearts, KSpades, QSpades.
P0 5Clubs P1 3Clubs P2 AClubs P3 2Clubs 
P2 5Diamonds P3 3Diamonds P0 2Diamonds P1 ADiamonds 
P1 ASpades P2 6Hearts P3 QSpades P0 7Spades 
P2 6Diamonds P3 4Diamonds P0 7Diamonds P1 3Hearts 
P1 2Spades P2 6Clubs P3 KSpades P0 3Spades 
P3 QDiamonds P0 4Spades P1 4Clubs P2 KDiamonds 
P2 JDiamonds P3 2Hearts P0 5Spades P1 KClubs 
P3 JClubs P0 JHearts P1 QClubs P2 7Clubs 
P0 JSpades P1 6Spades P2 QHearts P3 4Hearts 
P2 AHearts P3 5Hearts P0 KHearts P1 7Hearts 
-- /GAME --
P0 HAND: KDiamonds, 4Diamonds, 7Clubs, 6Clubs, 4Clubs, QHearts, 6Hearts, 4Hearts, 3Hearts, 6Spades.
P1 HAND: ADiamonds, QDiamonds, 3Diamonds, QClubs, 3Clubs, 2Hearts, 7Spades, JSpades, 5Spades, 4Spades.
P2 HAND: JDiamonds, 5Diamonds, 2Diamonds, AClubs, KClubs, JClubs, AHearts, JHearts, 5Hearts, ASpades.
P3 HAND: 7Diamonds, 6Diamonds, 5Clubs, 2Clubs, 7Hearts, KHearts, KSpades, QSpades, 3Spades, 2Spades.
P3 2Clubs P0 4Clubs P1 3Clubs P2 AClubs 
P2 ASpades P3 2Spades P0 6Spades P1 4Spades 
P2 2Diamonds P3 6Diamonds P0 4Diamonds P1 ADiamonds 
P1 3Diamonds P2 5Diamonds P3 7Diamonds P0 KDiamonds 
P3 3Spades P0 3Hearts P1 5Spades P2 KClubs 
P0 4Hearts P1 2Hearts P2 5Hearts P3 KHearts 
P3 5Clubs P0 6Clubs P1 QClubs P2 JClubs 
P2 JDiamonds P3 QSpades P0 6Hearts P1 QDiamonds 
P0 QHearts P1 JSpades P2 JHearts P3 7Hearts 
P3 KSpades P0 7Clubs P1 7Spades P2 AHearts 
-- /GAME --
P0 HAND: 7Diamonds, 4Diamonds, 3Diamonds, KClubs, 6Clubs, AHearts, KHearts, 2Hearts, 6Spades, 5Spades.
P1 HAND: QDiamonds, 2Diamonds, QClubs, 3Clubs, 2Clubs, 7Hearts, JHearts, 6Hearts, 3Spades, 2Spades.
P2 HAND: ADiamonds, KDiamonds, JDiamonds, 6Diamonds, 5Diamonds, JClubs, 4Hearts, 7Spades, KSpades, QSpades.
P3 HAND: AClubs, 7Clubs, 5Clubs, 4Clubs, QHearts, 5Hearts, 3Hearts, ASpades, JSpades, 4Spades.
P2 4Hearts P3 3Hearts P0 AHearts P1 6Hearts 
P0 6Spades P1 2Spades P2 QSpades P3 ASpades 
P3 AClubs P0 6Clubs P1 QClubs P2 JClubs 
P3 4Clubs P0 KClubs P1 2Clubs P2 7Spades 
P0 5Spades P1 3Spades P2 KSpades P3 4Spades 
P2 5Diamonds P3 5Clubs P0 3Diamonds P1 2Diamonds 
P2 6Diamonds P3 5Hearts P0 4Diamonds P1 QDiamonds 
P1 3Clubs P2 JDiamonds P3 7Clubs P0 7Diamonds 
P0 KHearts P1 JHearts P2 KDiamonds P3 QHearts 
P2 ADiamonds P3 JSpades P0 2Hearts P1 7Hearts 
-- /GAME --
P0 HAND: KDiamonds, AClubs, JClubs, 6Clubs, 5Clubs, 7Hearts, KHearts, 6Hearts, 2Hearts, ASpades.
P1 HAND: ADiamonds, 7Diamonds, 2Diamonds, QClubs, 4Clubs, 3Clubs, 2Clubs, AHearts, JSpades, 6Spades.
P2 HAND: QDiamonds, 6Diamonds, 5Diamonds, 4Diamonds, 3Diamonds, 7Clubs, QHearts, 3Hearts, 5Spades, 4Spades.
P3 HAND: JDiamonds, KClubs, JHearts, 5Hearts, 4Hearts, 7Spades, KSpades, QSpades, 3Spades, 2Spades.
P1 ADiamonds P2 3Diamonds P3 JDiamonds P0 KDiamonds 
P1 2Diamonds P2 4Diamonds P3 2Spades P0 ASpades 
P2 4Spades P3 3Spades P0 2Hearts P1 6Spades 
P0 AClubs P1 2Clubs P2 7Clubs P3 KClubs 
P0 JClubs P1 3Clubs P2 QDiamonds P3 4Hearts 
P3 QSpades P0 5Clubs P1 JSpades P2 5Spades 
P1 4Clubs P2 5Diamonds P3 5Hearts P0 6Clubs 
P3 JHearts P0 6Hearts P1 AHearts P2 3Hearts 
P1 QClubs P2 6Diamonds P3 KSpades P0 KHearts 
P0 7Hearts P1 7Diamonds P2 QHearts P3 7Spades 
-- /GAME --
P0 HAND: 3Diamonds, 7Clubs, 5Clubs, 4Clubs, 2Clubs, AHearts, 7Hearts, KHearts, 6Spades, 5Spades.
P1 HAND: ADiamonds, KDiamonds, 2Diamonds, QClubs, 3Clubs, 5Hearts, 3Hearts, 2Hearts, 7Spades, QSpades.
P2 HAND: 7Diamonds, QDiamonds, AClubs, JClubs, JHearts, QHearts, 6Hearts, 4Hearts, 4Spades, 3Spades.
P3 HAND: JDiamonds, 6Diamonds, 5Diamonds, 4Diamonds, KClubs, 6Clubs, ASpades, KSpades, JSpades, 2Spades.
P0 AHearts P1 2Hearts P2 JHearts P3 4Diamonds 
P3 ASpades P0 5Spades P1 7Spades P2 3Spades 
P3 2Spades P0 6Spades P1 QSpades P2 4Spades 
P1 3Clubs P2 AClubs P3 6Clubs P0 7Clubs 
P2 4Hearts P3 5Diamonds P0 KHearts P1 5Hearts 
P3 JSpades P0 3Diamonds P1 3Hearts P2 JClubs 
P0 2Clubs P1 QClubs P2 6Hearts P3 KClubs 
P3 6Diamonds P0 7Hearts P1 2Diamonds P2 QDiamonds 
P2 QHearts P3 JDiamonds P0 4Clubs P1 KDiamonds 
P1 ADiamonds P2 7Diamonds P3 KSpades P0 5Clubs 
-- /GAME --
P0 HAND: ADiamonds, KDiamonds, 5Diamonds, 3Diamonds, AClubs, QClubs, 5Hearts, 3Hearts, JSpades, QSpades.
P1 HAND: JDiamonds, 2Diamonds, 7Clubs, JClubs, 2Clubs, AHearts, 7Hearts, JHearts, 7Spades, 5Spades.
P2 HAND: QDiamonds, 6Diamonds, 4Diamonds, 6Clubs, 6Hearts, 4Hearts, 2Hearts, KSpades, 3Spades, 2Spades.
P3 HAND: 7Diamonds, KClubs, 5Clubs, 4Clubs, 3Clubs, KHearts, QHearts, ASpades, 6Spades, 4Spades.
P3 3Clubs 
