-- GAME --
P0 ADiamonds P1 4Diamonds P2 AClubs P3 2Diamonds 
P0 6Clubs P1 3Clubs P2 2Clubs P3 7Clubs 
P3 3Diamonds P0 QDiamonds P1 7Diamonds P2 KSpades 
P2 4Clubs P3 4Hearts P0 QClubs P1 3Hearts 
P0 6Diamonds P1 2Spades P2 5Clubs P3 KDiamonds 
P1 AHearts P2 5Hearts P3 JDiamonds P0 2Hearts 
P1 JHearts P2 KHearts P3 6Spades P0 6Hearts 
P3 5Diamonds P0 7Hearts P1 3Spades P2 ASpades 
P2 JClubs P3 QSpades P0 QHearts P1 4Spades 
P3 JSpades P0 5Spades P1 7Spades P2 KClubs 
-- /GAME --
P0 HAND: 7Diamonds, 5Diamonds, KClubs, 4Clubs, QHearts, 4Hearts, ASpades, KSpades, QSpades, 2Spades.
P1 HAND: JDiamonds, 6Diamonds, 3Diamonds, 7Clubs, QClubs, 6Clubs, AHearts, 7Hearts, KHearts, 5Hearts.
P2 HAND: QDiamonds, 4Diamonds, 2Diamonds, JClubs, JHearts, 3Hearts, 7Spades, JSpades, 5Spades, 3Spades.
P3 HAND: ADiamonds, KDiamonds, AClubs, 5Clubs, 3Clubs, 2Clubs, 6Hearts, 2Hearts, 6Spades, 4Spades.
P3 ADiamonds P0 5Diamonds P1 JDiamonds P2 2Diamonds 
P3 AClubs P0 4Clubs P1 7Clubs P2 JClubs 
P3 2Clubs P0 KClubs P1 6Clubs P2 JHearts 
P0 ASpades P1 3Diamonds P2 3Spades P3 4Spades 
P0 QSpades P1 5Hearts P2 5Spades P3 6Spades 
P0 2Spades P1 6Diamonds P2 JSpades P3 2Hearts 
P2 3Hearts P3 6Hearts P0 QHearts P1 AHearts 
P1 QClubs P2 4Diamonds P3 3Clubs P0 KSpades 
P0 7Diamonds P1 KHearts P2 QDiamonds P3 KDiamonds 
P0 4Hearts P1 7Hearts P2 7Spades P3 5Clubs 
-- /GAME --
P0 HAND: JDiamonds, 7Clubs, JClubs, QClubs, 6Clubs, 4Clubs, 6Hearts, 5Hearts, QSpades, 2Spades.
P1 HAND: KDiamonds, 4Diamonds, AClubs, 5Clubs, AHearts, 7Hearts, KHearts, 2Hearts, 7Spades, 3Spades.
P2 HAND: 7Diamonds, QDiamonds, 6Diamonds, 2Diamonds, KClubs, QHearts, ASpades, KSpades, JSpades, 5Spades.
P3 HAND: ADiamonds, 5Diamonds, 3Diamonds, 3Clubs, 2Clubs, JHearts, 4Hearts, 3Hearts, 6Spades, 4Spades.
P2 ASpades P3 4Spades P0 QSpades P1 3Spades 
P2 2Diamonds P3 ADiamonds P0 JDiamonds P1 KDiamonds 
P3 2Clubs P0 4Clubs P1 AClubs P2 KClubs 
P1 4Diamonds P2 6Diamonds P3 3Diamonds P0 7Clubs 
P2 5Spades P3 6Spades P0 2Spades P1 7Spades 
P1 5Clubs P2 QDiamonds P3 3Clubs P0 JClubs 
P0 QClubs P1 2Hearts P2 QHearts P3 5Diamonds 
P2 JSpades P3 3Hearts P0 5Hearts P1 KHearts 
P1 7Hearts P2 KSpades P3 4Hearts P0 6Hearts 
P1 AHearts P2 7Diamonds P3 JHearts P0 6Clubs 
-- /GAME --
P0 HAND: KDiamonds, QDiamonds, 6Diamonds, 5Diamonds, AHearts, QHearts, 7Spades, JSpades, QSpades, 3Spades.
P1 HAND: ADiamonds, 7Diamonds, JDiamonds, AClubs, KClubs, 7Hearts, 4Hearts, 2Hearts, ASpades, 2Spades.
P2 HAND: QClubs, 6Clubs, 4Clubs, 3Clubs, KHearts, JHearts, 6Hearts, 5Hearts, KSpades, 5Spades.
P3 HAND: 4Diamonds, 3Diamonds, 2Diamonds, 7Clubs, JClubs, 5Clubs, 2Clubs, 3Hearts, 6Spades, 4Spades.
P1 ADiamonds P2 5Spades P3 2Diamonds P0 5Diamonds 
P2 3Clubs P3 2Clubs P0 3Spades P1 KClubs 
P0 AHearts P1 2Hearts P2 KHearts P3 3Hearts 
P0 KDiamonds P1 JDiamonds P2 KSpades P3 3Diamonds 
P2 4Clubs P3 5Clubs P0 QSpades P1 AClubs 
P0 QHearts P1 4Hearts P2 5Hearts P3 4Diamonds 
P0 QDiamonds P1 7Diamonds P2 6Clubs P3 7Clubs 
P1 2Spades P2 6Hearts P3 4Spades P0 7Spades 
P0 6Diamonds P1 ASpades P2 QClubs P3 JClubs 
P1 7Hearts P2 JHearts P3 6Spades P0 JSpades 
-- /GAME --
P0 HAND: 7Diamonds, 2Diamonds, 7Clubs, JClubs, QHearts, 3Hearts, KSpades, JSpades, 4Spades, 2Spades.
P1 HAND: QDiamonds, AClubs, KClubs, QClubs, 4Clubs, 2Clubs, KHearts, 6Hearts, QSpades, 6Spades.
P2 HAND: ADiamonds, JDiamonds, 5Diamonds, 4Diamonds, 3Diamonds, AHearts, JHearts, 4Hearts, 2Hearts, ASpades.
P3 HAND: KDiamonds, 6Diamonds, 6Clubs, 5Clubs, 3Clubs, 7Hearts, 5Hearts, 7Spades, 5Spades, 3Spades.
P0 QHearts P1 6Hearts P2 AHearts P3 5Hearts 
P2 2Hearts P3 7Hearts P0 3Hearts P1 KHearts 
P3 3Spades P0 2Spades P1 6Spades P2 ASpades 
P2 3Diamonds P3 6Diamonds P0 2Diamonds P1 QDiamonds 
P1 QSpades P2 4Diamonds P3 7Spades P0 4Spades 
P3 5Spades P0 KSpades P1 2Clubs P2 4Hearts 
P1 4Clubs P2 5Diamonds P3 3Clubs P0 7Clubs 
P0 JSpades P1 QClubs P2 JDiamonds P3 KDiamonds 
P1 KClubs P2 JHearts P3 5Clubs P0 JClubs 
P1 AClubs P2 ADiamonds P3 6Clubs P0 7Diamonds 
-- /GAME --
P0 HAND: 4Diamonds, 2Diamonds, 7Clubs, JClubs, 6Clubs, 5Hearts, 2Hearts, ASpades, JSpades, 2Spades.
P1 HAND: 7Diamonds, KDiamonds, QDiamonds, 5Diamonds, KClubs, QClubs, 2Clubs, 4Hearts, 3Hearts, 5Spades.
P2 HAND: 3Diamonds, AClubs, 5Clubs, 4Clubs, AHearts, JHearts, 7Spades, 6Spades, 4Spades, 3Spades.
P3 HAND: ADiamonds, JDiamonds, 6Diamonds, 3Clubs, 7Hearts, KHearts, QHearts, 6Hearts, KSpades, QSpades.
P3 ADiamonds P0 4Diamonds P1 7Diamonds P2 3Diamonds 
P3 6Diamonds P0 2Diamonds P1 5Diamonds P2 3Spades 
P3 6Hearts P0 5Hearts P1 3Hearts P2 AHearts 
P2 4Spades P3 QSpades P0 ASpades P1 5Spades 
P0 2Spades P1 4Hearts P2 7Spades P3 KSpades 
P2 6Spades P3 QHearts P0 JSpades P1 2Clubs 
P1 QDiamonds P2 4Clubs P3 JDiamonds P0 2Hearts 
P2 JHearts P3 KHearts P0 JClubs P1 KClubs 
P1 QClubs P2 5Clubs P3 3Clubs P0 7Clubs 
P0 6Clubs P1 KDiamonds P2 AClubs P3 7Hearts 
-- /GAME --
P0 HAND: 7Diamonds, 7Clubs, KClubs, 6Clubs, 3Clubs, 2Clubs, AHearts, 7Hearts, 5Hearts, 7Spades.
P1 HAND: KDiamonds, QDiamonds, 6Diamonds, 3Diamonds, JClubs, 5Clubs, 4Clubs, 6Spades, 4Spades, 3Spades.
P2 HAND: 4Diamonds, AClubs, QClubs, KHearts, 4Hearts, 3Hearts, 2Hearts, JSpades, 5Spades, 2Spades.
P3 HAND: ADiamonds, JDiamonds, 5Diamonds, 2Diamonds, JHearts, QHearts, 6Hearts, ASpades, KSpades, QSpades.

