-- GAME --
P0 HAND: ADiamonds, KDiamonds, 7Clubs, JClubs, 5Clubs, KHearts, JSpades, 6Spades, 4Spades, 3Spades.
P1 HAND: JDiamonds, 3Diamonds, 6Clubs, 4Clubs, 2Clubs, AHearts, QHearts, 3Hearts, KSpades, 2Spades.
P2 HAND: 6Diamonds, 4Diamonds, 2Diamonds, KClubs, 3Clubs, 7Hearts, JHearts, 5Hearts, 4Hearts, QSpades.
P3 HAND: 7Diamonds, QDiamonds, 5Diamonds, AClubs, QClubs, 6Hearts, 2Hearts, ASpades, 7Spades, 5Spades.
P3 AClubs P0 5Clubs P1 6Clubs P2 3Clubs 
P3 ASpades P0 3Spades P1 KSpades P2 QSpades 
P3 2Hearts P0 KHearts P1 AHearts P2 4Hearts 
P1 2Clubs P2 KClubs P3 QClubs P0 7Clubs 
P0 JClubs P1 4Clubs P2 5Hearts P3 5Spades 
P0 KDiamonds P1 3Diamonds P2 2Diamonds P3 5Diamonds 
P0 ADiamonds P1 JDiamonds P2 4Diamonds P3 QDiamonds 
P0 4Spades P1 2Spades P2 6Diamonds P3 7Spades 
P2 JHearts P3 6Hearts P0 6Spades P1 3Hearts 
P2 7Hearts P3 7Diamonds P0 JSpades P1 QHearts 
-- /GAME --
P0 HAND: 7Diamonds, 6Diamonds, 7Clubs, KClubs, JClubs, 2Clubs, 7Hearts, JHearts, 7Spades, 4Spades.
P1 HAND: ADiamonds, 2Diamonds, AClubs, 4Clubs, QHearts, 5Hearts, ASpades, KSpades, JSpades, QSpades.
P2 HAND: JDiamonds, 5Diamonds, 4Diamonds, 5Clubs, 3Clubs, AHearts, KHearts, 4Hearts, 3Hearts, 6Spades.
P3 HAND: KDiamonds, QDiamonds, 3Diamonds, QClubs, 6Clubs, 6Hearts, 2Hearts, 5Spades, 3Spades, 2Spades.
P2 AHearts P3 2Hearts P0 JHearts P1 5Hearts 
P2 3Hearts P3 6Hearts P0 7Hearts P1 QHearts 
P0 6Diamonds P1 ADiamonds P2 4Diamonds P3 KDiamonds 
P1 ASpades P2 6Spades P3 5Spades P0 4Spades 
P1 2Diamonds P2 5Diamonds P3 3Diamonds P0 7Diamonds 
P0 7Spades P1 QSpades P2 KHearts P3 2Spades 
P0 2Clubs P1 4Clubs P2 3Clubs P3 6Clubs 
P3 3Spades P0 7Clubs P1 JSpades P2 JDiamonds 
P0 JClubs P1 AClubs P2 5Clubs P3 QClubs 
P1 KSpades P2 4Hearts P3 QDiamonds P0 KClubs 
-- /GAME --
P0 HAND: 5Diamonds, 7Clubs, KClubs, QClubs, 6Clubs, 7Hearts, 4Hearts, 7Spades, KSpades, JSpades.
P1 HAND: 7Diamonds, JDiamonds, QDiamonds, 4Diamonds, 3Diamonds, AHearts, 5Hearts, 5Spades, 4Spades, 2Spades.
P2 HAND: ADiamonds, 2Diamonds, JClubs, 4Clubs, JHearts, QHearts, 3Hearts, ASpades, QSpades, 6Spades.
P3 HAND: KDiamonds, 6Diamonds, AClubs, 5Clubs, 3Clubs, 2Clubs, KHearts, 6Hearts, 2Hearts, 3Spades.
P1 AHearts P2 3Hearts P3 KHearts P0 4Hearts 
P1 3Diamonds P2 ADiamonds P3 6Diamonds P0 5Diamonds 
P2 2Diamonds P3 KDiamonds P0 7Spades P1 4Diamonds 
P0 6Clubs P1 5Hearts P2 4Clubs P3 AClubs 
P3 2Clubs P0 QClubs P1 QDiamonds P2 JClubs 
P2 QHearts P3 2Hearts P0 7Hearts P1 2Spades 
P1 JDiamonds P2 6Spades P3 3Clubs P0 7Clubs 
P2 JHearts P3 6Hearts P0 KClubs P1 4Spades 
P1 5Spades P2 QSpades P3 3Spades P0 KSpades 
P0 JSpades P1 7Diamonds P2 ASpades P3 5Clubs 
-- /GAME --

