-- GAME --
P0 HAND: ADiamonds, QDiamonds, 3Diamonds, 7Clubs, AHearts, 7Hearts, 5Hearts, ASpades, 6Spades, 3Spades.
P1 HAND: 7Diamonds, KDiamonds, 5Diamonds, 6Clubs, 4Clubs, KHearts, JHearts, QHearts, 7Spades, KSpades.
P2 HAND: AClubs, KClubs, JClubs, 3Clubs, 3Hearts, JSpades, QSpades, 5Spades, 4Spades, 2Spades.
P3 HAND: JDiamonds, 6Diamonds, 4Diamonds, 2Diamonds, QClubs, 5Clubs, 2Clubs, 6Hearts, 4Hearts, 2Hearts.
P1 4Clubs P2 AClubs P3 2Clubs P0 7Clubs 
P2 2Spades P3 2Diamonds P0 3Spades P1 7Spades 
P1 5Diamonds P2 3Clubs P3 4Diamonds P0 ADiamonds 
P0 AHearts P1 QHearts P2 3Hearts P3 2Hearts 
P0 7Hearts P1 JHearts P2 KClubs P3 4Hearts 
P0 ASpades P1 KSpades P2 4Spades P3 6Hearts 
P3 5Clubs P0 6Spades P1 6Clubs P2 JClubs 
P2 5Spades P3 6Diamonds P0 3Diamonds P1 KHearts 
P1 KDiamonds P2 QSpades P3 JDiamonds P0 QDiamonds 
P1 7Diamonds P2 JSpades P3 QClubs P0 5Hearts 
-- /GAME --
P0 HAND: 6Diamonds, 5Clubs, 4Clubs, 3Clubs, QHearts, 6Hearts, 5Hearts, 3Hearts, 6Spades, 3Spades.
P1 HAND: JDiamonds, 5Diamonds, 4Diamonds, 7Clubs, AHearts, 7Hearts, KHearts, 2Hearts, ASpades, QSpades.
P2 HAND: 7Diamonds, QDiamonds, 2Diamonds, AClubs, 6Clubs, 4Hearts, 7Spades, KSpades, JSpades, 2Spades.
P3 HAND: ADiamonds, KDiamonds, 3Diamonds, KClubs, JClubs, QClubs, 2Clubs, JHearts, 5Spades, 4Spades.

