-- GAME --
P0 HAND: ADiamonds, JDiamonds, 4Diamonds, 2Diamonds, JClubs, QClubs, 3Clubs, 5Hearts, 7Spades, 3Spades.
P1 HAND: 7Diamonds, 5Diamonds, 3Diamonds, AClubs, AHearts, 2Hearts, QSpades, 6Spades, 4Spades, 2Spades.
P2 HAND: KDiamonds, QDiamonds, KClubs, 6Clubs, 7Hearts, KHearts, JHearts, QHearts, ASpades, JSpades.
P3 HAND: 6Diamonds, 7Clubs, 5Clubs, 4Clubs, 2Clubs, 6Hearts, 4Hearts, 3Hearts, KSpades, 5Spades.
P0 ADiamonds P1 3Diamonds P2 KDiamonds P3 6Diamonds 
P0 JClubs P1 AClubs P2 6Clubs P3 2Clubs 
P1 AHearts P2 QHearts P3 6Hearts P0 5Hearts 
P1 2Hearts P2 JHearts P3 3Hearts P0 7Spades 
P2 ASpades P3 5Spades P0 3Spades P1 2Spades 
P2 QDiamonds P3 4Hearts P0 JDiamonds P1 7Diamonds 
P1 4Spades P2 JSpades P3 KSpades P0 QClubs 
P0 3Clubs P1 5Diamonds P2 KClubs P3 4Clubs 
P2 KHearts P3 5Clubs P0 2Diamonds P1 QSpades 
P3 7Clubs P0 4Diamonds P1 6Spades P2 7Hearts 
-- /GAME --
P0 HAND: 4Diamonds, 3Diamonds, KClubs, QClubs, 2Clubs, AHearts, 6Hearts, 2Hearts, QSpades, 5Spades.
P1 HAND: KDiamonds, QDiamonds, 7Hearts, JHearts, QHearts, 7Spades, KSpades, 6Spades, 4Spades, 3Spades.
P2 HAND: ADiamonds, JDiamonds, 6Diamonds, 5Diamonds, AClubs, 5Hearts, 4Hearts, ASpades, JSpades, 2Spades.
P3 HAND: 7Diamonds, 2Diamonds, 7Clubs, JClubs, 6Clubs, 5Clubs, 4Clubs, 3Clubs, KHearts, 3Hearts.
P3 2Diamonds P0 3Diamonds P1 QDiamonds P2 ADiamonds 
P2 ASpades P3 3Clubs P0 QSpades P1 7Spades 
P3 3Hearts P0 2Hearts P1 QHearts P2 4Hearts 
P1 3Spades P2 2Spades P3 4Clubs P0 5Spades 
P3 5Clubs P0 KClubs P1 4Spades P2 AClubs 
P2 5Diamonds P3 7Diamonds P0 4Diamonds P1 KDiamonds 
P3 6Clubs P0 QClubs P1 6Spades P2 JDiamonds 
P0 2Clubs P1 JHearts P2 5Hearts P3 JClubs 
P3 7Clubs P0 6Hearts P1 KSpades P2 6Diamonds 
P3 KHearts P0 AHearts P1 7Hearts P2 JSpades 
-- /GAME --
P0 HAND: ADiamonds, 7Diamonds, QDiamonds, 5Diamonds, 3Diamonds, 2Diamonds, 3Clubs, 2Clubs, KHearts, KSpades.
P1 HAND: KDiamonds, JDiamonds, 6Diamonds, KClubs, QClubs, AHearts, 7Hearts, 5Hearts, 7Spades, JSpades.
P2 HAND: 4Diamonds, AClubs, 7Clubs, 5Clubs, 4Clubs, 6Hearts, 4Hearts, 6Spades, 5Spades, 3Spades.
P3 HAND: JClubs, 6Clubs, JHearts, QHearts, 3Hearts, 2Hearts, ASpades, QSpades, 4Spades, 2Spades.
P2 AClubs P3 6Clubs P0 2Clubs P1 QClubs 
P2 3Spades P3 ASpades P0 KSpades P1 7Spades 
P3 2Hearts P0 KHearts P1 AHearts P2 4Hearts 
P1 5Hearts P2 6Hearts P3 3Hearts P0 3Clubs 
P2 4Clubs P3 JClubs P0 2Diamonds P1 KClubs 
P0 ADiamonds P1 6Diamonds P2 4Diamonds P3 2Spades 
P0 7Diamonds P1 JDiamonds P2 5Clubs P3 4Spades 
P0 3Diamonds P1 KDiamonds P2 5Spades P3 JHearts 
P1 JSpades P2 6Spades P3 QSpades P0 5Diamonds 
P0 QDiamonds P1 7Hearts P2 7Clubs P3 QHearts 
-- /GAME --
P0 HAND: 6Diamonds, QClubs, 2Clubs, AHearts, 2Hearts, ASpades, 7Spades, KSpades, QSpades, 2Spades.
P1 HAND: JDiamonds, 3Diamonds, 5Clubs, 4Clubs, 3Clubs, QHearts, 6Hearts, 4Hearts, 3Hearts, 6Spades.
P2 HAND: ADiamonds, 5Diamonds, 4Diamonds, 2Diamonds, AClubs, 6Clubs, 7Hearts, KHearts, 4Spades, 3Spades.
P3 HAND: 7Diamonds, KDiamonds, QDiamonds, 7Clubs, KClubs, JClubs, JHearts, 5Hearts, JSpades, 5Spades.
P1 3Diamonds P2 ADiamonds P3 QDiamonds P0 6Diamonds 
P2 2Diamonds P3 KDiamonds P0 QClubs P1 JDiamonds 
P0 AHearts P1 3Hearts P2 7Hearts P3 5Hearts 
P0 2Clubs P1 3Clubs P2 6Clubs P3 JClubs 
P3 5Spades P0 ASpades P1 6Spades P2 4Spades 
P0 2Hearts P1 4Hearts P2 KHearts P3 JHearts 
P2 3Spades P3 JSpades P0 KSpades P1 4Clubs 
P1 6Hearts P2 4Diamonds P3 KClubs P0 2Spades 
P3 7Clubs P0 7Spades P1 5Clubs P2 AClubs 
P2 5Diamonds P3 7Diamonds P0 QSpades P1 QHearts 
-- /GAME --
P0 HAND: JDiamonds, AClubs, 5Clubs, JHearts, 5Hearts, 4Hearts, ASpades, QSpades, 6Spades, 3Spades.
P1 HAND: 4Diamonds, JClubs, QClubs, QHearts, 6Hearts, 7Spades, JSpades, 5Spades, 4Spades, 2Spades.
P2 HAND: ADiamonds, 7Diamonds, KDiamonds, QDiamonds, 3Diamonds, 2Diamonds, 4Clubs, AHearts, 3Hearts, KSpades.
P3 HAND: 6Diamonds, 5Diamonds, 7Clubs, KClubs, 6Clubs, 3Clubs, 2Clubs, 7Hearts, KHearts, 2Hearts.
P1 4Diamonds P2 2Diamonds P3 5Diamonds P0 JDiamonds 
P0 AClubs P1 QClubs P2 4Clubs P3 2Clubs 
P0 QSpades P1 2Spades P2 KSpades P3 2Hearts 
P2 3Diamonds P3 6Diamonds P0 5Clubs P1 JClubs 
P3 3Clubs P0 JHearts P1 6Hearts P2 3Hearts 
P3 6Clubs P0 5Hearts P1 QHearts P2 QDiamonds 
P3 KClubs P0 4Hearts P1 4Spades P2 KDiamonds 
P1 5Spades P2 7Diamonds P3 KHearts P0 6Spades 
P0 3Spades P1 JSpades P2 ADiamonds P3 7Clubs 
P1 7Spades P2 AHearts P3 7Hearts P0 ASpades 
-- /GAME --
P0 HAND: QDiamonds, 4Diamonds, JClubs, 4Clubs, 7Hearts, KHearts, KSpades, QSpades, 4Spades, 2Spades.
P1 HAND: 7Diamonds, KDiamonds, JDiamonds, QClubs, 3Clubs, 2Clubs, JHearts, 5Hearts, 6Spades, 5Spades.
P2 HAND: ADiamonds, 2Diamonds, 7Clubs, 5Clubs, AHearts, 4Hearts, 3Hearts, ASpades, 7Spades, JSpades.
P3 HAND: 6Diamonds, 5Diamonds, 3Diamonds, AClubs, KClubs, 6Clubs, QHearts, 6Hearts, 2Hearts, 3Spades.

