-- GAME --
P0 HAND: ADiamonds, 7Diamonds, 6Diamonds, AClubs, 7Clubs, 3Clubs, KHearts, ASpades, QSpades, 2Spades.
P1 HAND: 2Diamonds, 5Clubs, AHearts, 7Hearts, QHearts, 4Hearts, 3Hearts, JSpades, 6Spades, 5Spades.
P2 HAND: QDiamonds, 3Diamonds, QClubs, 6Clubs, 2Clubs, 6Hearts, 7Spades, KSpades, 4Spades, 3Spades.
P3 HAND: KDiamonds, JDiamonds, 5Diamonds, 4Diamonds, KClubs, JClubs, 4Clubs, JHearts, 5Hearts, 2Hearts.
P2 2Clubs P3 4Clubs P0 AClubs P1 5Clubs 
P0 7Clubs P1 3Hearts P2 6Clubs P3 KClubs 
P1 2Diamonds P2 3Diamonds P3 4Diamonds P0 ADiamonds 
P0 ASpades P1 5Spades P2 7Spades P3 2Hearts 
P3 5Diamonds P0 6Diamonds P1 6Spades P2 QDiamonds 
P2 3Spades P3 5Hearts P0 QSpades P1 JSpades 
P3 JDiamonds P0 7Diamonds P1 4Hearts P2 6Hearts 
P2 4Spades P3 JHearts P0 2Spades P1 QHearts 
P3 JClubs P0 3Clubs P1 7Hearts P2 QClubs 
P1 AHearts P2 KSpades P3 KDiamonds P0 KHearts 
-- /GAME --
P0 HAND: ADiamonds, KDiamonds, 2Diamonds, JClubs, 3Clubs, 6Hearts, 4Hearts, 2Hearts, 4Spades, 3Spades.
P1 HAND: 7Diamonds, 3Diamonds, AClubs, 6Clubs, 7Hearts, KHearts, QHearts, 3Hearts, ASpades, QSpades.
P2 HAND: QDiamonds, 6Diamonds, 5Diamonds, QClubs, 5Clubs, JHearts, 7Spades, KSpades, JSpades, 2Spades.
P3 HAND: JDiamonds, 4Diamonds, 7Clubs, KClubs, 4Clubs, 2Clubs, AHearts, 5Hearts, 6Spades, 5Spades.
P1 AClubs P2 5Clubs P3 7Clubs P0 3Clubs 
P1 ASpades P2 2Spades P3 6Spades P0 3Spades 
P1 3Diamonds P2 5Diamonds P3 4Diamonds P0 ADiamonds 
P0 4Spades P1 QSpades P2 JSpades P3 5Spades 
P2 6Diamonds P3 JDiamonds P0 KDiamonds P1 7Diamonds 
P1 6Clubs P2 QClubs P3 2Clubs P0 JClubs 

