-- GAME --
P0 HAND: ADiamonds, 6Diamonds, 5Diamonds, 6Clubs, 3Clubs, 2Clubs, 7Hearts, KHearts, 7Spades, 4Spades.
P1 HAND: 7Diamonds, QDiamonds, 4Diamonds, 5Clubs, QHearts, KSpades, JSpades, 5Spades, 3Spades, 2Spades.
P2 HAND: KDiamonds, JDiamonds, 3Diamonds, 2Diamonds, 4Clubs, AHearts, JHearts, 5Hearts, 4Hearts, 3Hearts.
P3 HAND: AClubs, 7Clubs, KClubs, JClubs, QClubs, 6Hearts, 2Hearts, ASpades, QSpades, 6Spades.
P0 ADiamonds P1 4Diamonds P2 KDiamonds P3 2Hearts 
P3 6Spades P0 4Spades P1 2Spades P2 2Diamonds 
P3 QClubs P0 2Clubs P1 5Clubs P2 4Clubs 
P3 QSpades P0 7Spades P1 3Spades P2 JDiamonds 
P0 KHearts P1 QHearts P2 3Hearts P3 6Hearts 
P0 5Diamonds P1 QDiamonds P2 3Diamonds P3 AClubs 
P1 5Spades P2 4Hearts P3 ASpades P0 6Diamonds 
P2 5Hearts P3 JClubs P0 7Hearts P1 JSpades 
P0 6Clubs P1 KSpades P2 JHearts P3 KClubs 
P2 AHearts P3 7Clubs P0 3Clubs P1 7Diamonds 
-- /GAME --
P0 HAND: JDiamonds, 6Diamonds, 5Clubs, 2Clubs, AHearts, 6Hearts, 5Hearts, 7Spades, QSpades, 6Spades.
P1 HAND: QDiamonds, 5Diamonds, 4Diamonds, 3Diamonds, AClubs, JHearts, 2Hearts, KSpades, JSpades, 5Spades.
P2 HAND: KClubs, QClubs, 4Clubs, 7Hearts, 4Hearts, 3Hearts, ASpades, 4Spades, 3Spades, 2Spades.
P3 HAND: ADiamonds, 7Diamonds, KDiamonds, 2Diamonds, 7Clubs, JClubs, 6Clubs, 3Clubs, KHearts, QHearts.
P3 ADiamonds P0 6Diamonds P1 QDiamonds P2 3Hearts 
P2 ASpades P3 QHearts P0 6Spades P1 KSpades 
P3 2Diamonds P0 JDiamonds P1 3Diamonds P2 KClubs 
P0 5Hearts P1 2Hearts P2 4Hearts P3 KHearts 
P3 3Clubs P0 5Clubs P1 AClubs P2 4Clubs 
P1 4Diamonds P2 2Spades P3 KDiamonds P0 2Clubs 
P3 6Clubs P0 QSpades P1 5Diamonds P2 QClubs 
P2 3Spades P3 JClubs P0 7Spades P1 5Spades 
P0 AHearts P1 JHearts P2 7Hearts P3 7Diamonds 
P0 6Hearts P1 JSpades P2 4Spades P3 7Clubs 
-- /GAME --
P0 HAND: KDiamonds, 7Clubs, KClubs, 4Clubs, 2Clubs, AHearts, KHearts, 4Hearts, 6Spades, 4Spades.
P1 HAND: ADiamonds, 5Diamonds, 2Diamonds, QClubs, 6Clubs, JHearts, 5Hearts, 5Spades, 3Spades, 2Spades.
P2 HAND: 7Diamonds, JDiamonds, 6Diamonds, AClubs, 5Clubs, 7Hearts, 2Hearts, 7Spades, JSpades, QSpades.
P3 HAND: QDiamonds, 4Diamonds, 3Diamonds, JClubs, 3Clubs, QHearts, 6Hearts, 3Hearts, ASpades, KSpades.
P2 AClubs P3 3Clubs P0 7Clubs P1 6Clubs 
P2 2Hearts P3 3Hearts P0 AHearts P1 5Hearts 
P0 KDiamonds P1 ADiamonds P2 6Diamonds P3 QDiamonds 
P1 2Diamonds P2 JDiamonds P3 3Diamonds P0 KClubs 
P2 5Clubs P3 JClubs P0 2Clubs P1 QClubs 
P3 4Diamonds P0 KHearts P1 5Diamonds P2 7Diamonds 
P2 QSpades P3 KSpades P0 4Spades P1 2Spades 
P3 6Hearts P0 4Hearts P1 JHearts P2 7Hearts 
P2 JSpades P3 ASpades P0 6Spades P1 3Spades 
P3 QHearts P0 4Clubs P1 5Spades P2 7Spades 
-- /GAME --
P0 HAND: JDiamonds, 6Diamonds, 4Diamonds, 2Diamonds, AClubs, QClubs, AHearts, 5Hearts, 4Hearts, 7Spades.
P1 HAND: KDiamonds, 5Diamonds, JClubs, 4Clubs, KHearts, JHearts, QHearts, KSpades, 5Spades, 3Spades.
P2 HAND: 3Diamonds, KClubs, 5Clubs, 2Clubs, 7Hearts, 2Hearts, ASpades, JSpades, QSpades, 2Spades.
P3 HAND: ADiamonds, 7Diamonds, QDiamonds, 7Clubs, 6Clubs, 3Clubs, 6Hearts, 3Hearts, 6Spades, 4Spades.
P1 3Spades P2 ASpades P3 4Spades P0 7Spades 
P2 2Hearts P3 3Hearts 
