-- GAME --
P0 HAND: KDiamonds, 6Diamonds, 3Diamonds, KClubs, JHearts, 5Hearts, 2Hearts, KSpades, QSpades, 5Spades.
P1 HAND: ADiamonds, 7Clubs, JClubs, QClubs, 6Clubs, 5Clubs, 3Clubs, 2Clubs, 4Spades, 3Spades.
P2 HAND: 7Diamonds, JDiamonds, 5Diamonds, 4Diamonds, 2Diamonds, AHearts, 6Hearts, 3Hearts, 7Spades, 2Spades.
P3 HAND: QDiamonds, AClubs, 4Clubs, 7Hearts, KHearts, QHearts, 4Hearts, ASpades, JSpades, 6Spades.
P0 5Hearts P1 2Clubs P2 3Hearts P3 4Hearts 
P0 JHearts P1 3Clubs P2 6Hearts P3 QHearts 
P0 2Hearts P1 3Spades P2 AHearts P3 KHearts 
P2 2Diamonds P3 QDiamonds P0 6Diamonds P1 ADiamonds 
P1 4Spades P2 2Spades P3 ASpades P0 KSpades 
P3 AClubs P0 KClubs P1 5Clubs P2 4Diamonds 
P3 4Clubs P0 KDiamonds P1 6Clubs P2 5Diamonds 
P1 QClubs P2 JDiamonds P3 7Hearts P0 5Spades 
P3 6Spades P0 QSpades P1 JClubs P2 7Spades 
P2 7Diamonds P3 JSpades P0 3Diamonds P1 7Clubs 
-- /GAME --
P0 HAND: 7Diamonds, QDiamonds, 5Diamonds, KClubs, 6Clubs, 5Clubs, 6Hearts, 6Spades, 3Spades, 2Spades.
P1 HAND: 2Diamonds, 7Clubs, JClubs, 4Clubs, AHearts, 7Hearts, KHearts, 5Hearts, KSpades, 4Spades.
P2 HAND: ADiamonds, KDiamonds, JDiamonds, 3Diamonds, AClubs, 4Hearts, 3Hearts, 2Hearts, 7Spades, 5Spades.
P3 HAND: 6Diamonds, 4Diamonds, QClubs, 3Clubs, 2Clubs, JHearts, QHearts, ASpades, JSpades, QSpades.
P3 ASpades P0 2Spades P1 KSpades P2 5Spades 
P3 2Clubs P0 KClubs P1 4Clubs P2 AClubs 
P2 ADiamonds P3 4Diamonds P0 7Diamonds P1 2Diamonds 
P2 3Diamonds P3 6Diamonds P0 QDiamonds P1 4Spades 
P0 5Diamonds P1 5Hearts P2 JDiamonds P3 JSpades 
P1 JClubs P2 2Hearts P3 3Clubs P0 5Clubs 
P2 3Hearts P3 QHearts P0 6Hearts P1 KHearts 
P1 7Hearts P2 4Hearts P3 JHearts P0 6Clubs 
P1 AHearts P2 KDiamonds P3 QClubs P0 3Spades 
P1 7Clubs P2 7Spades P3 QSpades P0 6Spades 
-- /GAME --
P0 HAND: KDiamonds, 4Diamonds, 3Diamonds, KClubs, 6Hearts, 3Hearts, 2Hearts, ASpades, 6Spades, 3Spades.
P1 HAND: ADiamonds, QDiamonds, 6Diamonds, AClubs, 7Clubs, 5Clubs, KHearts, QHearts, 5Hearts, 4Hearts.
P2 HAND: 7Diamonds, JDiamonds, 2Diamonds, JClubs, QClubs, 3Clubs, AHearts, 7Hearts, JHearts, KSpades.
P3 HAND: 5Diamonds, 6Clubs, 4Clubs, 2Clubs, 7Spades, JSpades, QSpades, 5Spades, 4Spades, 2Spades.

