-- GAME --
P0 HAND: QDiamonds, KClubs, 5Clubs, AHearts, 7Hearts, 5Hearts, 7Spades, KSpades, 4Spades, 3Spades.
P1 HAND: ADiamonds, 7Diamonds, JDiamonds, 5Diamonds, 4Diamonds, 7Clubs, QClubs, QHearts, ASpades, QSpades.
P2 HAND: KDiamonds, AClubs, JClubs, 6Clubs, 4Clubs, 3Clubs, JHearts, 4Hearts, 3Hearts, 2Hearts.
P3 HAND: 6Diamonds, 3Diamonds, 2Diamonds, 2Clubs, KHearts, 6Hearts, JSpades, 6Spades, 5Spades, 2Spades.
P1 4Diamonds P2 KDiamonds P3 2Diamonds P0 QDiamonds 
P2 2Hearts P3 6Hearts P0 AHearts P1 QHearts 
P0 5Clubs P1 QClubs P2 AClubs P3 2Clubs 
P2 3Clubs P3 3Diamonds P0 KClubs P1 7Clubs 
P1 5Diamonds P2 3Hearts P3 6Diamonds P0 5Hearts 
P3 2Spades P0 3Spades P1 QSpades P2 4Clubs 
P1 JDiamonds P2 4Hearts P3 5Spades P0 4Spades 
P3 6Spades P0 KSpades P1 ASpades P2 6Clubs 
P1 7Diamonds P2 JClubs P3 JSpades P0 7Spades 
P0 7Hearts P1 ADiamonds P2 JHearts P3 KHearts 
-- /GAME --
P0 HAND: KDiamonds, 5Diamonds, KClubs, QClubs, 3Clubs, 4Hearts, 3Hearts, JSpades, 6Spades, 4Spades.
P1 HAND: JDiamonds, 3Diamonds, 2Diamonds, 7Clubs, JClubs, 5Clubs, AHearts, JHearts, 2Hearts, 2Spades.
P2 HAND: 7Diamonds, QDiamonds, 6Clubs, 7Hearts, KHearts, 5Hearts, ASpades, 7Spades, KSpades, 3Spades.
P3 HAND: ADiamonds, 6Diamonds, 4Diamonds, AClubs, 4Clubs, 2Clubs, QHearts, 6Hearts, QSpades, 5Spades.
P0 3Hearts P1 AHearts P2 5Hearts 
