-- GAME --
P0 HAND: KDiamonds, 4Diamonds, 2Diamonds, 2Clubs, JHearts, 2Hearts, ASpades, 7Spades, 6Spades, 3Spades.
P1 HAND: 7Diamonds, KClubs, QClubs, 5Clubs, 4Clubs, 3Clubs, 7Hearts, KHearts, QHearts, 6Hearts.
P2 HAND: QDiamonds, 6Diamonds, 5Diamonds, 3Diamonds, AClubs, JClubs, 4Hearts, 3Hearts, KSpades, 5Spades.
P3 HAND: ADiamonds, JDiamonds, 7Clubs, 6Clubs, AHearts, 5Hearts, JSpades, QSpades, 4Spades, 2Spades.
P0 2Clubs P1 3Clubs P2 AClubs P3 6Clubs 
P2 3Diamonds P3 ADiamonds P0 2Diamonds P1 7Diamonds 
P3 AHearts P0 2Hearts P1 7Hearts P2 3Hearts 
P3 5Hearts P0 JHearts P1 6Hearts P2 4Hearts 
P0 4Diamonds P1 4Clubs P2 5Diamonds P3 JDiamonds 
P3 2Spades P0 3Spades P1 5Clubs P2 5Spades 
P2 6Diamonds P3 4Spades P0 KDiamonds P1 KClubs 
P3 QSpades P0 6Spades P1 QClubs P2 KSpades 
P2 QDiamonds P3 JSpades P0 7Spades P1 QHearts 
P0 ASpades P1 KHearts P2 JClubs P3 7Clubs 
-- /GAME --
P0 HAND: QDiamonds, 5Diamonds, AClubs, QClubs, 4Clubs, 2Clubs, 7Hearts, 4Hearts, ASpades, KSpades.
P1 HAND: 7Diamonds, KDiamonds, JDiamonds, 6Diamonds, 4Diamonds, 7Clubs, 5Clubs, 2Hearts, 7Spades, 6Spades.
P2 HAND: ADiamonds, 3Diamonds, KClubs, 3Clubs, AHearts, KHearts, QHearts, 5Hearts, JSpades, 2Spades.
P3 HAND: 2Diamonds, JClubs, 6Clubs, JHearts, 6Hearts, 3Hearts, QSpades, 5Spades, 4Spades, 3Spades.
P3 2Diamonds P0 5Diamonds P1 4Diamonds P2 ADiamonds 
P2 AHearts P3 3Hearts P0 7Hearts P1 2Hearts 
P2 2Spades P3 3Spades P0 ASpades P1 6Spades 
P0 4Hearts P1 6Diamonds P2 KHearts P3 6Hearts 
P2 3Diamonds P3 4Spades P0 QDiamonds P1 7Diamonds 
P1 JDiamonds P2 5Hearts P3 5Spades P0 2Clubs 
P0 KSpades P1 7Spades P2 JSpades P3 QSpades 
P1 5Clubs P2 3Clubs P3 6Clubs P0 4Clubs 
P3 JHearts P0 QClubs P1 7Clubs P2 QHearts 
P1 KDiamonds P2 KClubs P3 JClubs P0 AClubs 
-- /GAME --
P0 HAND: KDiamonds, 6Diamonds, QClubs, 6Clubs, JHearts, 5Hearts, 2Hearts, JSpades, QSpades, 2Spades.
P1 HAND: 2Diamonds, KClubs, 5Clubs, 2Clubs, AHearts, 7Hearts, ASpades, KSpades, 4Spades, 3Spades.
P2 HAND: QDiamonds, 5Diamonds, 3Diamonds, AClubs, 7Clubs, JClubs, QHearts, 6Hearts, 4Hearts, 3Hearts.
P3 HAND: ADiamonds, 7Diamonds, JDiamonds, 4Diamonds, 4Clubs, 3Clubs, KHearts, 7Spades, 6Spades, 5Spades.
P2 AClubs P3 3Clubs P0 QClubs P1 2Clubs 
P2 3Diamonds P3 ADiamonds P0 6Diamonds P1 2Diamonds 
P3 4Diamonds P0 KDiamonds P1 5Clubs P2 QDiamonds 
P0 2Hearts P1 AHearts P2 3Hearts P3 KHearts 
P1 3Spades P2 4Hearts P3 5Spades P0 2Spades 
P3 4Clubs P0 6Clubs P1 KClubs P2 7Clubs 
P2 5Diamonds P3 JDiamonds P0 5Hearts P1 7Hearts 
P3 6Spades P0 QSpades P1 4Spades P2 JClubs 
P0 JSpades P1 KSpades P2 6Hearts P3 7Spades 
P3 7Diamonds P0 JHearts P1 ASpades P2 QHearts 
-- /GAME --
P0 HAND: ADiamonds, 7Diamonds, 3Diamonds, AClubs, KClubs, AHearts, 5Hearts, 5Spades, 3Spades, 2Spades.
P1 HAND: 4Diamonds, 7Clubs, 4Clubs, 2Clubs, 7Hearts, JHearts, 2Hearts, ASpades, 7Spades, KSpades.
P2 HAND: JDiamonds, 5Diamonds, 2Diamonds, 5Clubs, 3Clubs, KHearts, QHearts, 3Hearts, QSpades, 4Spades.
P3 HAND: KDiamonds, QDiamonds, 6Diamonds, JClubs, QClubs, 6Clubs, 6Hearts, 4Hearts, JSpades, 6Spades.
P1 2Clubs P2 3Clubs P3 6Clubs P0 KClubs 
P0 AClubs P1 4Clubs P2 5Clubs P3 QClubs 
P0 ADiamonds P1 4Diamonds P2 JDiamonds P3 6Diamonds 
P0 AHearts P1 2Hearts P2 KHearts P3 4Hearts 
P0 5Hearts P1 JHearts P2 3Hearts P3 6Hearts 
P1 KSpades P2 4Spades P3 6Spades P0 2Spades 
P1 7Spades P2 QSpades P3 JSpades P0 3Spades 
P1 ASpades P2 2Diamonds P3 QDiamonds P0 5Spades 
P1 7Clubs P2 5Diamonds P3 JClubs P0 3Diamonds 
P1 7Hearts P2 QHearts P3 KDiamonds P0 7Diamonds 
-- /GAME --
P0 HAND: ADiamonds, JDiamonds, QDiamonds, 3Diamonds, 4Clubs, 5Hearts, ASpades, JSpades, 4Spades, 3Spades.
P1 HAND: 7Diamonds, 6Diamonds, 4Diamonds, 2Diamonds, AClubs, QHearts, 4Hearts, 2Hearts, KSpades, 6Spades.
P2 HAND: KDiamonds, 7Clubs, KClubs, JClubs, QClubs, 6Clubs, AHearts, JHearts, 6Hearts, QSpades.
P3 HAND: 5Diamonds, 5Clubs, 3Clubs, 2Clubs, 7Hearts, KHearts, 3Hearts, 7Spades, 5Spades, 2Spades.
P0 ADiamonds P1 2Diamonds P2 KDiamonds P3 5Diamonds 
P0 5Hearts P1 2Hearts P2 AHearts P3 3Hearts 
P2 6Clubs P3 2Clubs P0 4Clubs P1 AClubs 
P1 4Diamonds P2 6Hearts P3 3Clubs P0 JDiamonds 
P0 3Diamonds P1 6Diamonds P2 QClubs P3 7Hearts 
P1 4Hearts P2 JHearts P3 KHearts P0 3Spades 
P0 QDiamonds P1 7Diamonds P2 QSpades P3 7Spades 
P3 5Clubs P0 4Spades P1 QHearts P2 7Clubs 
P0 JSpades P1 6Spades P2 JClubs P3 2Spades 
P0 ASpades P1 KSpades P2 KClubs P3 5Spades 
-- /GAME --
P0 HAND: KClubs, JClubs, QClubs, 7Hearts, KHearts, JHearts, 6Hearts, 7Spades, KSpades, 5Spades.
P1 HAND: ADiamonds, QDiamonds, 5Diamonds, 3Diamonds, 2Diamonds, 5Clubs, 3Clubs, 4Hearts, 3Hearts, ASpades.
P2 HAND: 7Diamonds, 6Diamonds, AClubs, 6Clubs, 4Clubs, AHearts, 2Hearts, JSpades, 4Spades, 3Spades.
P3 HAND: KDiamonds, JDiamonds, 4Diamonds, 7Clubs, 2Clubs, QHearts, 5Hearts, QSpades, 6Spades, 2Spades.
P3 2Spades P0 7Spades P1 ASpades P2 3Spades 
P1 2Diamonds P2 6Diamonds P3 4Diamonds P0 5Spades 
P2 AHearts P3 5Hearts P0 7Hearts P1 3Hearts 
P2 2Hearts P3 QHearts P0 KHearts P1 4Hearts 
P0 6Hearts P1 3Diamonds P2 4Spades P3 6Spades 
P0 KSpades P1 5Diamonds P2 JSpades P3 QSpades 
P0 JHearts P1 QDiamonds P2 4Clubs P3 7Clubs 
P3 JDiamonds P0 QClubs P1 ADiamonds P2 7Diamonds 
P0 JClubs P1 3Clubs P2 6Clubs P3 2Clubs 
P0 KClubs P1 5Clubs P2 AClubs P3 KDiamonds 
-- /GAME --

