-- GAME --
P0 HAND: ADiamonds, 7Diamonds, QDiamonds, 6Diamonds, KClubs, AHearts, JHearts, 2Hearts, KSpades, 4Spades.
P1 HAND: 6Clubs, 5Clubs, 7Hearts, KHearts, QHearts, 5Hearts, 4Hearts, 3Hearts, 7Spades, 6Spades.
P2 HAND: KDiamonds, 3Diamonds, 7Clubs, QClubs, 4Clubs, 2Clubs, 6Hearts, JSpades, 3Spades, 2Spades.
P3 HAND: JDiamonds, 5Diamonds, 4Diamonds, 2Diamonds, AClubs, JClubs, 3Clubs, ASpades, QSpades, 5Spades.
P1 5Clubs P2 2Clubs P3 AClubs P0 KClubs 
P3 ASpades P0 4Spades P1 7Spades P2 2Spades 
P3 2Diamonds P0 QDiamonds P1 6Clubs P2 KDiamonds 
P2 3Diamonds P3 4Diamonds P0 6Diamonds P1 6Spades 
P0 ADiamonds P1 3Hearts P2 6Hearts P3 5Diamonds 
P2 3Spades P3 5Spades P0 KSpades P1 4Hearts 
P1 5Hearts P2 4Clubs P3 3Clubs P0 AHearts 
P0 7Diamonds P1 QHearts P2 QClubs P3 JDiamonds 
P1 KHearts P2 JSpades P3 QSpades P0 JHearts 
P1 7Hearts P2 7Clubs P3 JClubs P0 2Hearts 
-- /GAME --
P0 HAND: 6Diamonds, 4Diamonds, QClubs, 3Clubs, QHearts, 5Hearts, 2Hearts, KSpades, 5Spades, 3Spades.
P1 HAND: KDiamonds, 5Diamonds, KClubs, 5Clubs, 4Clubs, 2Clubs, AHearts, 3Hearts, 6Spades, 4Spades.
P2 HAND: ADiamonds, 7Diamonds, 3Diamonds, 2Diamonds, JClubs, 6Clubs, 6Hearts, ASpades, JSpades, 2Spades.
P3 HAND: JDiamonds, QDiamonds, AClubs, 7Clubs, 7Hearts, KHearts, JHearts, 4Hearts, 7Spades, QSpades.
P0 QHearts P1 3Hearts P2 6Hearts P3 4Hearts 
P0 5Hearts P1 AHearts P2 2Diamonds P3 JHearts 
P1 2Clubs P2 6Clubs P3 AClubs P0 QClubs 
P3 QDiamonds P0 4Diamonds P1 5Diamonds P2 ADiamonds 
P2 ASpades P3 QSpades P0 3Spades P1 4Spades 
P2 2Spades P3 7Spades P0 5Spades P1 6Spades 
P3 JDiamonds P0 6Diamonds P1 KDiamonds P2 7Diamonds 
P2 3Diamonds P3 KHearts P0 3Clubs P1 KClubs 
P3 7Hearts P0 2Hearts P1 4Clubs P2 JClubs 
P3 7Clubs P0 KSpades P1 5Clubs P2 JSpades 
-- /GAME --
P0 HAND: 7Diamonds, JDiamonds, QDiamonds, 6Diamonds, 5Diamonds, 6Clubs, 4Clubs, 2Clubs, QHearts, 5Hearts.
P1 HAND: KDiamonds, 2Diamonds, AClubs, QClubs, 3Clubs, 6Hearts, ASpades, QSpades, 3Spades, 2Spades.
P2 HAND: ADiamonds, 4Diamonds, 3Diamonds, AHearts, 7Hearts, 3Hearts, 2Hearts, KSpades, 5Spades, 4Spades.
P3 HAND: 7Clubs, KClubs, JClubs, 5Clubs, KHearts, JHearts, 4Hearts, 7Spades, JSpades, 6Spades.

