-- GAME --
P0 HAND: JDiamonds, QDiamonds, 7Clubs, 3Clubs, JHearts, 3Hearts, 2Hearts, KSpades, JSpades, 5Spades.
P1 HAND: 7Diamonds, KDiamonds, 4Diamonds, 6Clubs, 4Clubs, KHearts, QHearts, 6Hearts, 7Spades, 3Spades.
P2 HAND: ADiamonds, 5Diamonds, 3Diamonds, KClubs, QClubs, 7Hearts, QSpades, 6Spades, 4Spades, 2Spades.
P3 HAND: 6Diamonds, 2Diamonds, AClubs, JClubs, 5Clubs, 2Clubs, AHearts, 5Hearts, 4Hearts, ASpades.
P2 2Spades P3 ASpades P0 5Spades P1 7Spades 
P3 AClubs P0 3Clubs P1 6Clubs P2 QClubs 
P3 AHearts P0 2Hearts P1 KHearts P2 7Hearts 
P3 2Clubs P0 7Clubs P1 4Clubs P2 KClubs 
P0 3Hearts P1 6Hearts P2 4Spades P3 5Hearts 
P1 3Spades P2 6Spades P3 4Hearts P0 KSpades 
P0 JHearts P1 QHearts P2 3Diamonds P3 6Diamonds 
P3 5Clubs P0 JSpades P1 4Diamonds P2 QSpades 
P1 KDiamonds P2 5Diamonds P3 2Diamonds P0 JDiamonds 
P1 7Diamonds P2 ADiamonds P3 JClubs P0 QDiamonds 
-- /GAME --
P0 HAND: 7Diamonds, QDiamonds, 5Diamonds, 3Diamonds, 2Diamonds, JClubs, 4Clubs, QHearts, ASpades, KSpades.
P1 HAND: 4Diamonds, 7Clubs, QClubs, 2Clubs, AHearts, 7Hearts, KHearts, 5Hearts, 3Hearts, 3Spades.
P2 HAND: ADiamonds, 6Clubs, 5Clubs, 3Clubs, JHearts, 6Hearts, 7Spades, JSpades, 6Spades, 2Spades.
P3 HAND: KDiamonds, JDiamonds, 6Diamonds, AClubs, KClubs, 4Hearts, 2Hearts, QSpades, 5Spades, 4Spades.
P1 2Clubs P2 3Clubs P3 AClubs P0 4Clubs 
P3 2Hearts P0 QHearts P1 AHearts P2 6Hearts 
P1 3Hearts P2 JHearts P3 4Hearts P0 ASpades 
P2 2Spades P3 4Spades P0 KSpades P1 3Spades 
P0 JClubs P1 QClubs P2 5Clubs P3 KClubs 
P3 5Spades P0 2Diamonds P1 5Hearts P2 7Spades 
P0 3Diamonds P1 4Diamonds P2 ADiamonds P3 6Diamonds 
P2 6Clubs P3 QSpades P0 5Diamonds P1 7Clubs 
P0 QDiamonds P1 KHearts P2 6Spades P3 JDiamonds 
P3 KDiamonds P0 7Diamonds P1 7Hearts P2 JSpades 
-- /GAME --
P0 HAND: ADiamonds, 3Diamonds, 7Clubs, KClubs, 6Clubs, 7Hearts, JHearts, 4Hearts, KSpades, JSpades.
P1 HAND: JDiamonds, QDiamonds, 5Diamonds, 2Diamonds, AClubs, QClubs, 5Clubs, 3Clubs, AHearts, QHearts.
P2 HAND: KDiamonds, 4Diamonds, 2Clubs, KHearts, 6Hearts, ASpades, QSpades, 6Spades, 4Spades, 3Spades.
P3 HAND: 7Diamonds, 6Diamonds, JClubs, 4Clubs, 5Hearts, 3Hearts, 2Hearts, 7Spades, 5Spades, 2Spades.

