-- GAME --
P2 3Spades 
P1 AClubs P2 2Clubs P3 5Clubs P0 6Clubs 
P1 4Spades P2 JSpades P3 6Spades P0 2Diamonds 
P2 3Diamonds P3 5Diamonds P0 ADiamonds P1 6Diamonds 
P0 AHearts P1 QDiamonds P2 4Hearts P3 2Hearts 
P0 7Hearts P1 QSpades P2 5Hearts P3 KHearts 
P0 JHearts P1 JDiamonds P2 6Hearts P3 4Clubs 
P0 3Hearts P1 JClubs P2 QHearts P3 KSpades 
P2 3Clubs P3 7Diamonds P0 7Clubs P1 KClubs 
P0 4Diamonds P1 KDiamonds P2 QClubs P3 7Spades 
-- /GAME --
P0 HAND: 4Diamonds, 2Diamonds, AClubs, QClubs, AHearts, JHearts, 6Hearts, 5Hearts, JSpades, 5Spades.
P1 HAND: ADiamonds, KDiamonds, QDiamonds, 6Diamonds, KClubs, 5Clubs, 2Clubs, QHearts, 3Hearts, 7Spades.
P2 HAND: 3Diamonds, 7Clubs, JClubs, 6Clubs, 4Hearts, 2Hearts, KSpades, 4Spades, 3Spades, 2Spades.
P3 HAND: 7Diamonds, JDiamonds, 5Diamonds, 4Clubs, 3Clubs, 7Hearts, KHearts, ASpades, QSpades, 6Spades.
P2 2Hearts P3 KHearts P0 AHearts P1 3Hearts 
P0 AClubs P1 2Clubs P2 7Clubs P3 3Clubs 
P0 5Spades P1 7Spades P2 2Spades P3 ASpades 
P3 4Clubs P0 QClubs P1 KClubs P2 6Clubs 
P1 5Clubs P2 JClubs P3 6Spades P0 JSpades 
P2 3Spades P3 QSpades P0 2Diamonds P1 QHearts 
P0 JHearts P1 6Diamonds P2 4Hearts P3 7Hearts 
P1 QDiamonds P2 3Diamonds P3 5Diamonds P0 4Diamonds 
P1 KDiamonds P2 4Spades P3 JDiamonds P0 5Hearts 
P1 ADiamonds P2 KSpades P3 7Diamonds P0 6Hearts 
-- /GAME --
P0 HAND: ADiamonds, 7Diamonds, AClubs, 7Clubs, JHearts, QHearts, 3Hearts, JSpades, 5Spades, 3Spades.
P1 HAND: JDiamonds, QDiamonds, 2Diamonds, QClubs, 5Clubs, 4Clubs, 2Clubs, 6Spades, 4Spades, 2Spades.
P2 HAND: 3Diamonds, KClubs, 6Clubs, 3Clubs, AHearts, KHearts, 4Hearts, 2Hearts, 7Spades, QSpades.
P3 HAND: KDiamonds, 6Diamonds, 5Diamonds, 4Diamonds, JClubs, 7Hearts, 6Hearts, 5Hearts, ASpades, KSpades.
P1 2Diamonds P2 3Diamonds P3 4Diamonds P0 ADiamonds 
P0 AClubs P1 2Clubs P2 KClubs P3 JClubs 
P0 QHearts P1 2Spades P2 2Hearts P3 5Hearts 
P0 JHearts P1 4Clubs P2 4Hearts P3 6Hearts 
P0 3Hearts P1 4Spades P2 KHearts P3 7Hearts 
P3 ASpades P0 5Spades P1 6Spades P2 QSpades 
P3 5Diamonds P0 7Diamonds P1 QDiamonds P2 7Spades 
P0 JSpades P1 5Clubs P2 3Clubs P3 KSpades 
P3 6Diamonds P0 3Spades P1 JDiamonds P2 6Clubs 
P1 QClubs P2 AHearts P3 KDiamonds P0 7Clubs 
-- /GAME --
P0 HAND: JDiamonds, QDiamonds, 5Diamonds, 4Diamonds, 2Diamonds, 6Clubs, 4Clubs, AHearts, 6Hearts, 2Hearts.
P1 HAND: ADiamonds, 7Diamonds, 6Diamonds, 7Clubs, KClubs, 7Hearts, ASpades, KSpades, JSpades, 6Spades.
P2 HAND: AClubs, 3Clubs, KHearts, JHearts, 4Hearts, 3Hearts, 7Spades, QSpades, 5Spades, 3Spades.
P3 HAND: KDiamonds, 3Diamonds, JClubs, QClubs, 5Clubs, 2Clubs, QHearts, 5Hearts, 4Spades, 2Spades.
P2 AClubs P3 2Clubs P0 4Clubs P1 KClubs 
P2 3Clubs P3 5Clubs P0 6Clubs P1 7Clubs 
P1 ASpades P2 3Spades P3 4Spades P0 JDiamonds 
P0 QDiamonds P1 6Diamonds P2 3Hearts P3 3Diamonds 
P0 2Diamonds P1 7Diamonds P2 4Hearts P3 KDiamonds 
P1 6Spades P2 5Spades P3 2Spades P0 2Hearts 
P1 JSpades P2 QSpades P3 5Hearts P0 6Hearts 
P1 ADiamonds P2 JHearts P3 JClubs P0 4Diamonds 
P1 KSpades P2 7Spades P3 QClubs P0 5Diamonds 
P0 AHearts P1 7Hearts P2 KHearts P3 QHearts 
-- /GAME --
P0 HAND: 5Diamonds, 2Diamonds, 7Clubs, 5Clubs, 3Clubs, 5Hearts, 4Hearts, KSpades, QSpades, 2Spades.
P1 HAND: 7Diamonds, JDiamonds, QDiamonds, 3Diamonds, AClubs, 2Hearts, 7Spades, JSpades, 6Spades, 4Spades.
P2 HAND: 6Diamonds, KClubs, QClubs, 6Clubs, 2Clubs, 7Hearts, KHearts, 3Hearts, ASpades, 3Spades.
P3 HAND: ADiamonds, KDiamonds, 4Diamonds, JClubs, 4Clubs, AHearts, JHearts, QHearts, 6Hearts, 5Spades.
P1 2Hearts P2 3Hearts P3 AHearts P0 4Hearts 
P3 ADiamonds P0 2Diamonds P1 7Diamonds P2 6Diamonds 
P3 4Diamonds P0 5Diamonds P1 3Diamonds P2 ASpades 
P0 5Hearts P1 4Spades P2 7Hearts P3 6Hearts 
P2 3Spades P3 5Spades P0 QSpades P1 7Spades 
P1 6Spades P2 2Clubs P3 QHearts P0 KSpades 
P2 6Clubs P3 4Clubs P0 3Clubs P1 AClubs 
P1 QDiamonds P2 QClubs P3 KDiamonds P0 2Spades 
P2 KClubs P3 JClubs P0 5Clubs P1 JDiamonds 
P2 KHearts P3 JHearts P0 7Clubs P1 JSpades 
-- /GAME --
P0 HAND: KDiamonds, 3Diamonds, 2Diamonds, KClubs, JClubs, 6Clubs, 3Clubs, QHearts, 4Hearts, JSpades.
P1 HAND: ADiamonds, QDiamonds, 5Diamonds, AClubs, 7Hearts, 6Hearts, 5Hearts, 2Hearts, KSpades, 3Spades.
P2 HAND: 7Diamonds, 6Diamonds, 4Diamonds, 7Clubs, QClubs, 5Clubs, 3Hearts, QSpades, 5Spades, 2Spades.
P3 HAND: JDiamonds, 4Clubs, 2Clubs, AHearts, KHearts, JHearts, ASpades, 7Spades, 6Spades, 4Spades.
P0 JSpades P1 3Spades P2 2Spades P3 ASpades 
P3 2Clubs P0 JClubs P1 AClubs P2 5Clubs 
P1 ADiamonds P2 4Diamonds P3 JDiamonds P0 2Diamonds 
P1 5Diamonds P2 6Diamonds P3 4Clubs P0 KDiamonds 
P0 3Diamonds P1 QDiamonds P2 7Diamonds P3 JHearts 
P3 4Spades P0 QHearts P1 KSpades P2 QSpades 
P0 KClubs P1 2Hearts P2 QClubs P3 7Spades 
P1 5Hearts P2 3Hearts P3 KHearts P0 4Hearts 
P3 6Spades P0 6Clubs P1 6Hearts P2 5Spades 
P1 7Hearts P2 7Clubs P3 AHearts P0 3Clubs 
-- /GAME --
P0 HAND: ADiamonds, 5Diamonds, AClubs, 6Clubs, 4Clubs, KHearts, QHearts, 7Spades, JSpades, 5Spades.
P1 HAND: 2Diamonds, 7Clubs, JClubs, 7Hearts, JHearts, 6Hearts, 2Hearts, ASpades, KSpades, 4Spades.
P2 HAND: KDiamonds, JDiamonds, 6Diamonds, 4Diamonds, QClubs, AHearts, 5Hearts, 6Spades, 3Spades, 2Spades.
P3 HAND: 7Diamonds, QDiamonds, 3Diamonds, KClubs, 5Clubs, 3Clubs, 2Clubs, 4Hearts, 3Hearts, QSpades.
P3 2Clubs P0 AClubs P1 JClubs P2 QClubs 
P0 QHearts P1 2Hearts P2 AHearts P3 3Hearts 
P2 2Spades P3 QSpades P0 5Spades P1 ASpades 
P1 4Spades P2 3Spades P3 3Clubs P0 7Spades 
P0 4Clubs P1 7Clubs P2 4Diamonds P3 5Clubs 
P2 5Hearts P3 4Hearts P0 KHearts P1 7Hearts 
P1 6Hearts P2 6Spades P3 3Diamonds P0 6Clubs 
P3 QDiamonds P0 5Diamonds P1 2Diamonds P2 6Diamonds 
P3 7Diamonds P0 ADiamonds P1 JHearts P2 JDiamonds 
P0 JSpades P1 KSpades P2 KDiamonds P3 KClubs 
-- /GAME --

