-- GAME --
P0 HAND: 7Diamonds, KDiamonds, QDiamonds, 6Diamonds, 7Clubs, 4Clubs, 7Hearts, KHearts, 4Spades, 3Spades.
P1 HAND: JDiamonds, 2Diamonds, KClubs, QClubs, 6Clubs, 2Clubs, AHearts, JSpades, 6Spades, 2Spades.
P2 HAND: 5Diamonds, AClubs, 5Clubs, 3Clubs, JHearts, 5Hearts, 3Hearts, 7Spades, KSpades, 5Spades.
P3 HAND: ADiamonds, 4Diamonds, 3Diamonds, JClubs, QHearts, 6Hearts, 4Hearts, 2Hearts, ASpades, QSpades.
P1 2Diamonds P2 5Diamonds P3 ADiamonds P0 6Diamonds 
P3 ASpades P0 3Spades P1 JSpades P2 5Spades 
P3 3Diamonds P0 7Diamonds P1 JDiamonds P2 AClubs 
P0 7Clubs P1 2Clubs P2 5Clubs P3 JClubs 
P0 KDiamonds P1 2Spades P2 7Spades P3 4Diamonds 
P0 QDiamonds P1 6Clubs P2 3Clubs P3 QSpades 
P0 4Clubs P1 QClubs P2 3Hearts P3 2Hearts 
P2 5Hearts P3 4Hearts P0 7Hearts P1 AHearts 
P1 6Spades P2 KSpades P3 6Hearts P0 4Spades 
P3 QHearts P0 KHearts P1 KClubs P2 JHearts 
-- /GAME --
P0 HAND: 7Diamonds, 4Diamonds, 3Diamonds, 7Clubs, 2Clubs, 4Hearts, 3Hearts, 2Hearts, ASpades, 2Spades.
P1 HAND: JDiamonds, QDiamonds, 6Diamonds, 5Diamonds, KClubs, 7Hearts, KHearts, QHearts, 6Hearts, 7Spades.
P2 HAND: 2Diamonds, 4Clubs, JHearts, 5Hearts, KSpades, JSpades, QSpades, 5Spades, 4Spades, 3Spades.
P3 HAND: ADiamonds, KDiamonds, AClubs, JClubs, QClubs, 6Clubs, 5Clubs, 3Clubs, AHearts, 6Spades.

