-- GAME --
P0 HAND: ADiamonds, 7Diamonds, AClubs, 7Clubs, 5Clubs, 4Clubs, 2Hearts, KSpades, QSpades, 5Spades.
P1 HAND: QDiamonds, 4Diamonds, JClubs, 3Clubs, 2Clubs, QHearts, 3Hearts, JSpades, 6Spades, 3Spades.
P2 HAND: KDiamonds, 6Diamonds, 5Diamonds, 3Diamonds, KClubs, QClubs, AHearts, 7Hearts, 5Hearts, 2Spades.
P3 HAND: JDiamonds, 2Diamonds, 6Clubs, KHearts, JHearts, 6Hearts, 4Hearts, ASpades, 7Spades, 4Spades.
P1 2Clubs P2 QClubs P3 6Clubs P0 AClubs 
P0 ADiamonds P1 4Diamonds P2 KDiamonds P3 2Diamonds 
P0 7Diamonds P1 QDiamonds P2 3Diamonds P3 JDiamonds 
P0 2Hearts P1 3Hearts P2 AHearts P3 4Hearts 
P2 5Diamonds P3 6Hearts P0 4Clubs P1 3Clubs 
P2 5Hearts P3 JHearts P0 5Clubs P1 QHearts 
P3 4Spades P0 5Spades P1 3Spades P2 2Spades 
P0 QSpades P1 6Spades P2 6Diamonds P3 7Spades 
P3 ASpades P0 KSpades P1 JSpades P2 KClubs 
P3 KHearts P0 7Clubs P1 JClubs P2 7Hearts 
-- /GAME --
P0 HAND: 5Diamonds, 4Diamonds, 3Diamonds, 7Clubs, JHearts, 6Hearts, 4Hearts, 2Hearts, ASpades, 5Spades.
P1 HAND: AClubs, KClubs, 5Clubs, 2Clubs, KHearts, QHearts, 5Hearts, KSpades, JSpades, QSpades.
P2 HAND: KDiamonds, JDiamonds, QDiamonds, 6Diamonds, 2Diamonds, QClubs, 4Clubs, 3Clubs, 7Hearts, 2Spades.
P3 HAND: ADiamonds, 7Diamonds, JClubs, 6Clubs, AHearts, 3Hearts, 7Spades, 6Spades, 4Spades, 3Spades.
P0 2Hearts P1 5Hearts P2 7Hearts P3 AHearts 
P3 ADiamonds P0 3Diamonds P1 AClubs P2 2Diamonds 
P3 7Diamonds P0 4Diamonds P1 KClubs P2 6Diamonds 
P3 3Hearts P0 4Hearts P1 KHearts P2 3Clubs 
P1 2Clubs P2 4Clubs P3 6Clubs P0 7Clubs 
P0 5Diamonds P1 5Clubs P2 QDiamonds P3 3Spades 
P3 JClubs P0 5Spades P1 QHearts P2 QClubs 
P0 JHearts P1 QSpades P2 JDiamonds P3 4Spades 
P1 JSpades P2 2Spades P3 6Spades P0 ASpades 
P0 6Hearts P1 KSpades P2 KDiamonds P3 7Spades 
-- /GAME --
P0 HAND: 7Diamonds, 5Diamonds, 4Diamonds, KClubs, 6Clubs, 2Clubs, 6Hearts, 5Hearts, QSpades, 4Spades.
P1 HAND: ADiamonds, KDiamonds, JDiamonds, 2Diamonds, AClubs, 5Clubs, QHearts, 4Hearts, ASpades, 2Spades.
P2 HAND: QDiamonds, 6Diamonds, JClubs, 7Hearts, 3Hearts, 2Hearts, 7Spades, JSpades, 5Spades, 3Spades.
P3 HAND: 3Diamonds, 7Clubs, QClubs, 4Clubs, 3Clubs, AHearts, KHearts, JHearts, KSpades, 6Spades.
P3 AHearts P0 5Hearts P1 QHearts P2 2Hearts 
P3 3Diamonds P0 4Diamonds P1 ADiamonds P2 6Diamonds 
P1 ASpades P2 3Spades P3 KSpades P0 4Spades 
P1 2Diamonds P2 QDiamonds P3 6Spades P0 7Diamonds 
P0 5Diamonds P1 JDiamonds P2 3Hearts P3 KHearts 
P1 2Spades P2 5Spades P3 3Clubs P0 QSpades 
P3 JHearts P0 6Hearts P1 4Hearts P2 7Hearts 
P2 JSpades P3 4Clubs P0 KClubs P1 AClubs 
P1 5Clubs P2 JClubs P3 QClubs P0 2Clubs 
P2 7Spades P3 7Clubs P0 6Clubs P1 KDiamonds 
-- /GAME --
P0 HAND: ADiamonds, 7Diamonds, JDiamonds, 5Diamonds, 3Diamonds, 2Diamonds, AHearts, QHearts, 6Spades, 4Spades.
P1 HAND: KDiamonds, QClubs, 3Clubs, 2Clubs, 7Hearts, KHearts, 6Hearts, 7Spades, KSpades, 2Spades.
P2 HAND: 6Diamonds, 4Diamonds, KClubs, 6Clubs, 5Clubs, 4Clubs, ASpades, JSpades, QSpades, 5Spades.
P3 HAND: QDiamonds, AClubs, 7Clubs, JClubs, JHearts, 5Hearts, 4Hearts, 3Hearts, 2Hearts, 3Spades.
P2 ASpades P3 3Spades P0 4Spades P1 2Spades 
P2 4Diamonds P3 QDiamonds P0 ADiamonds P1 KDiamonds 
P0 6Spades P1 KSpades P2 5Spades P3 AClubs 
P1 2Clubs P2 4Clubs P3 7Clubs P0 QHearts 
P0 2Diamonds P1 3Clubs P2 6Diamonds P3 2Hearts 
P3 JClubs P0 3Diamonds P1 QClubs P2 KClubs 
P2 5Clubs P3 3Hearts P0 5Diamonds P1 7Spades 
P3 4Hearts P0 AHearts P1 6Hearts P2 JSpades 
P0 JDiamonds P1 KHearts P2 6Clubs P3 5Hearts 
P1 7Hearts P2 QSpades P3 JHearts P0 7Diamonds 
-- /GAME --
P0 HAND: ADiamonds, 7Diamonds, 2Clubs, AHearts, 7Hearts, QHearts, 5Hearts, 7Spades, 4Spades, 3Spades.
P1 HAND: JDiamonds, 6Diamonds, 7Clubs, 6Clubs, 5Clubs, 4Clubs, 6Hearts, 4Hearts, 5Spades, 2Spades.
P2 HAND: QDiamonds, 2Diamonds, AClubs, JClubs, QClubs, 3Clubs, KHearts, ASpades, KSpades, JSpades.
P3 HAND: KDiamonds, 5Diamonds, 4Diamonds, 3Diamonds, KClubs, JHearts, 3Hearts, 2Hearts, QSpades, 6Spades.
P1 4Clubs P2 AClubs P3 KClubs P0 2Clubs 
P2 2Diamonds P3 3Diamonds P0 ADiamonds P1 6Diamonds 
P0 7Diamonds P1 JDiamonds P2 QDiamonds P3 4Diamonds 
P0 AHearts P1 4Hearts P2 KHearts P3 2Hearts 
P0 5Hearts P1 6Hearts P2 3Clubs P3 JHearts 
P3 3Hearts P0 QHearts P1 5Clubs P2 JClubs 
P0 3Spades P1 2Spades P2 JSpades P3 6Spades 
P2 QClubs P3 5Diamonds P0 4Spades P1 6Clubs 
P0 7Hearts P1 5Spades P2 KSpades P3 KDiamonds 
P2 ASpades P3 QSpades P0 7Spades P1 7Clubs 
-- /GAME --

