-- GAME --
P0 HAND: ADiamonds, JDiamonds, 5Diamonds, 3Diamonds, AClubs, 7Clubs, QClubs, 2Clubs, KHearts, 2Spades.
P1 HAND: 7Diamonds, 5Clubs, QHearts, 6Hearts, 2Hearts, ASpades, 7Spades, KSpades, 6Spades, 3Spades.
P2 HAND: QDiamonds, 6Diamonds, 4Diamonds, 6Clubs, 4Clubs, 3Clubs, 7Hearts, 5Hearts, 3Hearts, JSpades.
P3 HAND: KDiamonds, 2Diamonds, KClubs, JClubs, AHearts, JHearts, 4Hearts, QSpades, 5Spades, 4Spades.
P1 2Hearts P2 3Hearts P3 AHearts P0 KHearts 
P3 2Diamonds P0 ADiamonds P1 7Diamonds P2 QDiamonds 
P0 JDiamonds P1 3Spades P2 4Diamonds P3 KDiamonds 
P3 4Hearts P0 2Spades P1 6Hearts P2 7Hearts 
P2 5Hearts P3 JHearts P0 5Diamonds P1 QHearts 
P3 4Spades P0 QClubs P1 6Spades P2 JSpades 
P0 3Diamonds P1 5Clubs P2 6Diamonds P3 QSpades 
P1 KSpades P2 3Clubs P3 5Spades P0 2Clubs 
P2 4Clubs P3 JClubs P0 7Clubs P1 7Spades 
P0 AClubs P1 ASpades P2 6Clubs P3 KClubs 
-- /GAME --
P0 HAND: 5Diamonds, 4Diamonds, 7Clubs, JClubs, 2Clubs, JHearts, 6Hearts, 5Hearts, 2Hearts, QSpades.
P1 HAND: 7Diamonds, JDiamonds, KClubs, QClubs, 4Clubs, 3Clubs, 7Hearts, ASpades, 4Spades, 2Spades.
P2 HAND: KDiamonds, 3Diamonds, 5Clubs, AHearts, QHearts, 4Hearts, 3Hearts, 7Spades, KSpades, JSpades.
P3 HAND: ADiamonds, QDiamonds, 6Diamonds, 2Diamonds, AClubs, 6Clubs, KHearts, 6Spades, 5Spades, 3Spades.

