-- GAME --
P0 HAND: QDiamonds, 4Diamonds, 3Diamonds, 4Clubs, QHearts, 5Hearts, 2Hearts, 7Spades, QSpades, 6Spades.
P1 HAND: ADiamonds, 7Clubs, JClubs, 6Clubs, 5Clubs, 3Clubs, AHearts, KSpades, JSpades, 3Spades.
P2 HAND: KDiamonds, 6Diamonds, 5Diamonds, KClubs, QClubs, 2Clubs, JHearts, 4Hearts, 3Hearts, ASpades.
P3 HAND: 7Diamonds, JDiamonds, 2Diamonds, AClubs, 7Hearts, KHearts, 6Hearts, 5Spades, 4Spades, 2Spades.
P2 ASpades P3 2Spades P0 7Spades P1 3Spades 
P2 3Hearts P3 6Hearts P0 2Hearts P1 AHearts 
P1 ADiamonds P2 5Diamonds P3 7Diamonds P0 3Diamonds 
P1 JSpades P2 4Hearts P3 4Spades P0 6Spades 
P1 3Clubs P2 2Clubs P3 AClubs P0 4Clubs 
P3 2Diamonds P0 QDiamonds P1 5Clubs P2 6Diamonds 
P1 6Clubs P2 QClubs P3 5Spades P0 QSpades 
P2 JHearts P3 KHearts P0 5Hearts P1 KSpades 
P3 JDiamonds P0 4Diamonds P1 JClubs P2 KDiamonds 
P1 7Clubs P2 KClubs P3 7Hearts P0 QHearts 
-- /GAME --
P0 HAND: 6Diamonds, 5Diamonds, 5Clubs, 4Clubs, 2Clubs, QHearts, JSpades, 6Spades, 4Spades, 2Spades.
P1 HAND: KDiamonds, JDiamonds, 4Diamonds, 2Diamonds, KClubs, AHearts, 4Hearts, 2Hearts, 7Spades, 3Spades.
P2 HAND: ADiamonds, 7Diamonds, AClubs, 3Clubs, JHearts, 6Hearts, 5Hearts, 3Hearts, QSpades, 5Spades.
P3 HAND: QDiamonds, 3Diamonds, 7Clubs, JClubs, QClubs, 6Clubs, 7Hearts, KHearts, ASpades, KSpades.
P1 AHearts P2 3Hearts P3 7Hearts P0 QHearts 
P1 2Diamonds P2 ADiamonds P3 3Diamonds P0 6Diamonds 
P2 5Hearts P3 KHearts P0 5Clubs P1 2Hearts 
P0 5Diamonds P1 4Diamonds P2 7Diamonds P3 QDiamonds 
P2 5Spades P3 ASpades P0 2Spades P1 7Spades 
P3 6Clubs P0 2Clubs P1 KClubs P2 3Clubs 
P1 3Spades P2 QSpades P3 KSpades P0 4Spades 
P3 QClubs P0 4Clubs P1 4Hearts P2 AClubs 
P2 6Hearts P3 JClubs P0 6Spades P1 KDiamonds 
P3 7Clubs P0 JSpades P1 JDiamonds P2 JHearts 
-- /GAME --
P0 HAND: 2Diamonds, QClubs, 6Clubs, 5Clubs, 3Clubs, 3Hearts, KSpades, QSpades, 4Spades, 3Spades.
P1 HAND: QDiamonds, 3Diamonds, KClubs, JClubs, 2Clubs, 4Hearts, 2Hearts, 7Spades, 6Spades, 5Spades.
P2 HAND: 6Diamonds, 4Diamonds, AClubs, 7Clubs, AHearts, 7Hearts, JHearts, QHearts, ASpades, 2Spades.
P3 HAND: ADiamonds, 7Diamonds, KDiamonds, JDiamonds, 5Diamonds, 4Clubs, KHearts, 6Hearts, 5Hearts, JSpades.
P0 2Diamonds P1 3Diamonds P2 4Diamonds P3 ADiamonds 
P3 4Clubs P0 QClubs P1 2Clubs P2 AClubs 
P2 ASpades P3 JSpades P0 KSpades P1 5Spades 
P2 2Spades P3 5Diamonds P0 3Spades P1 7Spades 
P1 6Spades P2 6Diamonds P3 5Hearts P0 4Spades 
P3 JDiamonds P0 3Hearts P1 QDiamonds P2 7Clubs 
P0 QSpades P1 2Hearts P2 QHearts P3 6Hearts 
P2 JHearts P3 KHearts P0 3Clubs P1 4Hearts 
P3 KDiamonds P0 6Clubs P1 JClubs P2 7Hearts 
P2 AHearts P3 7Diamonds P0 5Clubs P1 KClubs 
-- /GAME --
P0 HAND: JDiamonds, 5Diamonds, 7Clubs, JClubs, 4Clubs, 7Hearts, 5Hearts, JSpades, QSpades, 3Spades.
P1 HAND: ADiamonds, 7Diamonds, 4Diamonds, 2Diamonds, 6Clubs, 2Clubs, KHearts, 2Hearts, 7Spades, KSpades.
P2 HAND: QDiamonds, 6Diamonds, 3Diamonds, AClubs, KClubs, QClubs, JHearts, 6Hearts, 3Hearts, 2Spades.
P3 HAND: KDiamonds, 5Clubs, 3Clubs, AHearts, QHearts, 4Hearts, ASpades, 6Spades, 5Spades, 4Spades.
P3 ASpades P0 3Spades P1 7Spades P2 2Spades 
P3 3Clubs P0 JClubs P1 2Clubs P2 AClubs 
P2 3Diamonds P3 KDiamonds P0 5Diamonds P1 ADiamonds 
P1 2Diamonds P2 6Diamonds P3 4Spades P0 JDiamonds 
P0 JSpades P1 KSpades P2 3Hearts P3 5Spades 
P2 QDiamonds P3 5Clubs P0 7Hearts P1 4Diamonds 
P0 QSpades P1 6Clubs P2 QClubs P3 6Spades 
P0 5Hearts P1 2Hearts P2 6Hearts P3 4Hearts 
P2 JHearts P3 QHearts P0 4Clubs P1 KHearts 
P1 7Diamonds P2 KClubs P3 AHearts P0 7Clubs 
-- /GAME --
P0 HAND: ADiamonds, KDiamonds, 3Diamonds, 5Clubs, 4Hearts, 3Hearts, 2Hearts, JSpades, QSpades, 5Spades.
P1 HAND: 2Diamonds, 7Clubs, 6Clubs, 3Clubs, 7Hearts, JHearts, KSpades, 6Spades, 4Spades, 2Spades.
P2 HAND: JDiamonds, QDiamonds, 6Diamonds, 5Diamonds, AClubs, KClubs, JClubs, 4Clubs, KHearts, 7Spades.
P3 HAND: 7Diamonds, 4Diamonds, QClubs, 2Clubs, AHearts, QHearts, 6Hearts, 5Hearts, ASpades, 3Spades.
P0 2Hearts P1 JHearts P2 KHearts P3 AHearts 
P3 ASpades P0 5Spades P1 KSpades P2 7Spades 
P3 2Clubs P0 5Clubs P1 3Clubs P2 AClubs 
P2 4Clubs P3 QClubs P0 3Hearts P1 6Clubs 
P0 4Hearts P1 7Hearts P2 5Diamonds P3 5Hearts 
P1 2Diamonds P2 6Diamonds P3 4Diamonds P0 KDiamonds 
P0 ADiamonds P1 2Spades P2 JDiamonds P3 7Diamonds 
P0 JSpades P1 4Spades P2 KClubs P3 3Spades 
P0 QSpades P1 6Spades P2 QDiamonds P3 6Hearts 
P3 QHearts P0 3Diamonds P1 7Clubs P2 JClubs 
-- /GAME --
P0 HAND: ADiamonds, 6Diamonds, 5Diamonds, 4Clubs, 3Clubs, KHearts, QHearts, 6Hearts, JSpades, 3Spades.
P1 HAND: 7Diamonds, 7Clubs, KClubs, JClubs, 6Clubs, 2Clubs, AHearts, 7Hearts, 7Spades, 6Spades.
P2 HAND: KDiamonds, QDiamonds, 2Diamonds, QClubs, JHearts, 5Hearts, KSpades, QSpades, 5Spades, 4Spades.
P3 HAND: JDiamonds, 4Diamonds, 3Diamonds, AClubs, 5Clubs, 4Hearts, 3Hearts, 2Hearts, ASpades, 2Spades.
P3 AClubs P0 3Clubs P1 7Clubs P2 QClubs 
P3 ASpades P0 3Spades P1 7Spades P2 4Spades 
P3 2Hearts P0 6Hearts P1 AHearts P2 5Hearts 
P1 2Clubs P2 5Spades P3 5Clubs P0 4Clubs 
P3 2Spades P0 JSpades P1 6Spades P2 KSpades 
P2 QSpades P3 3Hearts P0 QHearts P1 6Clubs 
P2 JHearts P3 4Hearts P0 KHearts P1 7Hearts 
P1 JClubs P2 2Diamonds P3 3Diamonds P0 5Diamonds 
P0 6Diamonds P1 7Diamonds P2 QDiamonds P3 4Diamonds 
P1 KClubs P2 KDiamonds P3 JDiamonds P0 ADiamonds 
-- /GAME --
P0 HAND: KClubs, 5Clubs, KHearts, JHearts, QHearts, 7Spades, QSpades, 6Spades, 4Spades, 2Spades.
P1 HAND: QDiamonds, 5Diamonds, 4Diamonds, JClubs, QClubs, 6Clubs, 2Clubs, 7Hearts, 3Hearts, 2Hearts.
P2 HAND: ADiamonds, 7Diamonds, 3Diamonds, 2Diamonds, 4Clubs, 3Clubs, AHearts, 6Hearts, 4Hearts, KSpades.
P3 HAND: KDiamonds, JDiamonds, 6Diamonds, AClubs, 7Clubs, 5Hearts, ASpades, JSpades, 5Spades, 3Spades.
P2 ADiamonds P3 6Diamonds P0 7Spades P1 4Diamonds 
P2 AHearts P3 5Hearts P0 KHearts P1 2Hearts 
P2 2Diamonds P3 JDiamonds P0 KClubs P1 5Diamonds 
P0 QHearts P1 3Hearts P2 4Hearts P3 3Spades 
P0 JHearts P1 7Hearts P2 6Hearts P3 ASpades 
P1 QDiamonds P2 3Diamonds P3 KDiamonds P0 5Clubs 
P0 QSpades P1 2Clubs P2 KSpades P3 JSpades 
P1 6Clubs P2 3Clubs P3 7Clubs P0 2Spades 
P3 5Spades P0 4Spades P1 QClubs P2 4Clubs 
P1 JClubs P2 7Diamonds P3 AClubs P0 6Spades 
-- /GAME --
P0 HAND: KDiamonds, AClubs, KClubs, 3Clubs, AHearts, 4Hearts, 3Hearts, 7Spades, 6Spades, 5Spades.
P1 HAND: JDiamonds, 6Diamonds, 4Diamonds, 6Clubs, 2Clubs, KHearts, QHearts, JSpades, 4Spades, 2Spades.
P2 HAND: ADiamonds, QDiamonds, 5Diamonds, QClubs, 4Clubs, 7Hearts, 6Hearts, 5Hearts, 2Hearts, KSpades.
P3 HAND: 7Diamonds, 3Diamonds, 2Diamonds, 7Clubs, JClubs, 5Clubs, JHearts, ASpades, QSpades, 3Spades.
P1 2Spades P2 KSpades P3 ASpades P0 5Spades 
P3 2Diamonds P0 KDiamonds P1 4Diamonds P2 ADiamonds 
P2 2Hearts P3 JHearts P0 3Hearts P1 KHearts 
P1 4Spades P2 5Diamonds P3 3Spades P0 6Spades 
P0 KClubs P1 2Clubs P2 4Clubs P3 5Clubs 
P0 AClubs P1 6Clubs P2 QClubs P3 JClubs 
P0 3Clubs P1 6Diamonds P2 5Hearts P3 7Clubs 
P3 3Diamonds P0 4Hearts P1 JDiamonds P2 QDiamonds 
P1 QHearts P2 6Hearts P3 QSpades P0 AHearts 
P0 7Spades P1 JSpades P2 7Hearts P3 7Diamonds 
-- /GAME --
P0 HAND: ADiamonds, 2Diamonds, QClubs, 6Clubs, 2Clubs, QHearts, 4Hearts, 2Hearts, 7Spades, KSpades.
P1 HAND: 6Diamonds, KClubs, 5Clubs, 3Clubs, AHearts, 7Hearts, JSpades, 6Spades, 4Spades, 2Spades.
P2 HAND: 7Diamonds, JDiamonds, QDiamonds, 7Clubs, JClubs, 4Clubs, KHearts, JHearts, 3Hearts, 5Spades.
P3 HAND: KDiamonds, 5Diamonds, 4Diamonds, 3Diamonds, AClubs, 6Hearts, 5Hearts, ASpades, QSpades, 3Spades.
P0 6Clubs P1 3Clubs P2 4Clubs P3 AClubs 
P3 ASpades P0 KSpades P1 JSpades P2 5Spades 
P3 3Diamonds P0 2Diamonds P1 6Diamonds P2 7Diamonds 
P2 3Hearts P3 5Hearts P0 2Hearts P1 AHearts 
P1 2Spades P2 QDiamonds P3 3Spades P0 7Spades 
P0 2Clubs P1 5Clubs P2 JClubs P3 4Diamonds 
P2 JDiamonds P3 5Diamonds P0 ADiamonds P1 KClubs 
P1 4Spades P2 7Clubs P3 QSpades P0 QHearts 
P2 JHearts P3 6Hearts P0 4Hearts P1 7Hearts 
P1 6Spades P2 KHearts P3 KDiamonds P0 QClubs 
-- /GAME --
P0 HAND: QDiamonds, 2Diamonds, AClubs, 7Clubs, 2Clubs, QHearts, 6Hearts, QSpades, 6Spades, 3Spades.
P1 HAND: ADiamonds, 7Diamonds, JDiamonds, KClubs, QClubs, 5Clubs, 3Clubs, 7Hearts, 5Spades, 4Spades.
P2 HAND: 5Diamonds, 4Diamonds, 6Clubs, AHearts, KHearts, JHearts, 5Hearts, 3Hearts, 2Hearts, 2Spades.
P3 HAND: KDiamonds, 6Diamonds, 3Diamonds, JClubs, 4Clubs, 4Hearts, ASpades, 7Spades, KSpades, JSpades.
P3 ASpades P0 3Spades P1 5Spades P2 2Spades 
P3 4Clubs P0 AClubs P1 3Clubs P2 6Clubs 
P0 6Hearts P1 7Hearts P2 AHearts P3 4Hearts 
P2 2Hearts P3 3Diamonds P0 QHearts P1 KClubs 
P3 JClubs P0 7Clubs P1 5Clubs P2 KHearts 
P0 2Clubs P1 QClubs P2 3Hearts P3 7Spades 
P1 4Spades P2 5Hearts P3 KSpades P0 6Spades 
P3 JSpades P0 QSpades P1 JDiamonds P2 JHearts 
P1 7Diamonds P2 4Diamonds P3 6Diamonds P0 2Diamonds 
P1 ADiamonds P2 5Diamonds P3 KDiamonds P0 QDiamonds 
-- /GAME --
P0 HAND: ADiamonds, 7Diamonds, KDiamonds, JClubs, 4Clubs, 2Clubs, AHearts, 5Hearts, 4Hearts, 7Spades.
P1 HAND: 2Diamonds, KClubs, 6Clubs, 3Clubs, 7Hearts, QHearts, 2Hearts, JSpades, QSpades, 3Spades.
P2 HAND: JDiamonds, QDiamonds, 4Diamonds, 7Clubs, 5Clubs, 3Hearts, ASpades, 6Spades, 4Spades, 2Spades.
P3 HAND: 6Diamonds, 5Diamonds, 3Diamonds, AClubs, QClubs, KHearts, JHearts, 6Hearts, KSpades, 5Spades.
P2 3Hearts P3 6Hearts P0 AHearts P1 2Hearts 
P0 ADiamonds P1 2Diamonds P2 JDiamonds P3 3Diamonds 
P0 7Diamonds P1 3Spades P2 4Diamonds P3 6Diamonds 
P1 3Clubs P2 5Clubs P3 AClubs P0 2Clubs 
P3 5Diamonds P0 KDiamonds P1 6Clubs P2 QDiamonds 
P0 JClubs P1 KClubs P2 7Clubs P3 QClubs 
P2 2Spades P3 5Spades P0 7Spades P1 QSpades 
P0 4Clubs P1 QHearts P2 4Spades P3 KSpades 
P3 JHearts P0 4Hearts P1 7Hearts P2 6Spades 
P2 ASpades P3 KHearts P0 5Hearts P1 JSpades 
-- /GAME --
P0 HAND: 7Diamonds, 6Diamonds, 4Diamonds, 3Diamonds, 2Diamonds, KClubs, 4Clubs, AHearts, 3Hearts, 4Spades.
P1 HAND: JDiamonds, AClubs, JClubs, QClubs, 6Clubs, 2Clubs, 7Hearts, 5Hearts, ASpades, 5Spades.
P2 HAND: QDiamonds, 3Clubs, QHearts, 4Hearts, 2Hearts, 7Spades, KSpades, QSpades, 3Spades, 2Spades.
P3 HAND: ADiamonds, KDiamonds, 5Diamonds, 7Clubs, 5Clubs, KHearts, JHearts, 6Hearts, JSpades, 6Spades.
P1 ASpades P2 2Spades P3 JSpades P0 4Spades 
P1 5Hearts P2 2Hearts P3 6Hearts P0 3Hearts 
P3 ADiamonds P0 2Diamonds P1 JDiamonds P2 QDiamonds 
P3 5Diamonds P0 7Diamonds P1 2Clubs P2 3Clubs 
P2 3Spades P3 6Spades P0 KClubs P1 5Spades 
P0 4Clubs P1 6Clubs P2 4Hearts P3 5Clubs 
P1 QClubs P2 QHearts P3 7Clubs P0 3Diamonds 
P3 JHearts P0 AHearts P1 7Hearts P2 7Spades 
P0 4Diamonds P1 JClubs P2 QSpades P3 KDiamonds 
P1 AClubs P2 KSpades P3 KHearts P0 6Diamonds 
-- /GAME --
P0 HAND: KDiamonds, JDiamonds, 7Clubs, JClubs, 6Clubs, 4Clubs, 7Hearts, 4Hearts, JSpades, 6Spades.
P1 HAND: 7Diamonds, QDiamonds, 6Diamonds, 2Diamonds, AClubs, QClubs, JHearts, QHearts, KSpades, 4Spades.
P2 HAND: ADiamonds, 5Clubs, 3Clubs, 6Hearts, 3Hearts, 2Hearts, ASpades, QSpades, 5Spades, 3Spades.
P3 HAND: 5Diamonds, 4Diamonds, 3Diamonds, KClubs, 2Clubs, AHearts, KHearts, 5Hearts, 7Spades, 2Spades.
P0 JClubs P1 QClubs P2 3Clubs P3 KClubs 
P3 AHearts P0 4Hearts P1 JHearts P2 2Hearts 
P3 2Spades P0 JSpades P1 4Spades P2 ASpades 
P2 ADiamonds P3 3Diamonds P0 KDiamonds P1 2Diamonds 
P2 3Hearts P3 5Hearts P0 7Hearts P1 QHearts 
P0 4Clubs P1 AClubs P2 5Clubs P3 2Clubs 
P1 6Diamonds P2 3Spades P3 4Diamonds P0 JDiamonds 
P0 7Clubs P1 QDiamonds P2 5Spades P3 5Diamonds 
P0 6Clubs P1 KSpades P2 6Hearts P3 KHearts 
P0 6Spades P1 7Diamonds P2 QSpades P3 7Spades 
-- /GAME --
P0 HAND: ADiamonds, 7Diamonds, 6Diamonds, 2Diamonds, AHearts, KHearts, 2Hearts, KSpades, 4Spades, 2Spades.
P1 HAND: JDiamonds, QDiamonds, 5Diamonds, 4Diamonds, JClubs, 5Clubs, 2Clubs, JHearts, 5Hearts, JSpades.
P2 HAND: KDiamonds, 3Diamonds, KClubs, 6Clubs, 4Clubs, 6Hearts, 4Hearts, 3Hearts, 7Spades, QSpades.
P3 HAND: AClubs, 7Clubs, QClubs, 3Clubs, 7Hearts, QHearts, ASpades, 6Spades, 5Spades, 3Spades.
P3 ASpades P0 2Spades P1 JSpades P2 QSpades 
P3 3Spades P0 KSpades P1 4Diamonds P2 7Spades 
P2 3Diamonds P3 5Spades P0 ADiamonds P1 5Diamonds 
P0 AHearts P1 5Hearts P2 6Hearts P3 QHearts 
P0 4Spades P1 QDiamonds P2 3Hearts P3 6Spades 
P3 3Clubs P0 7Diamonds P1 2Clubs P2 4Clubs 
P2 4Hearts P3 7Hearts P0 2Hearts P1 JHearts 
P3 QClubs P0 KHearts P1 5Clubs P2 KClubs 
P2 6Clubs P3 7Clubs P0 2Diamonds P1 JClubs 
P3 AClubs P0 6Diamonds P1 JDiamonds P2 KDiamonds 
-- /GAME --
P0 HAND: ADiamonds, 7Diamonds, 2Diamonds, AClubs, 7Clubs, 6Clubs, 3Clubs, AHearts, 4Hearts, 3Hearts.
P1 HAND: 6Diamonds, 4Diamonds, 5Clubs, 7Hearts, ASpades, 7Spades, KSpades, 5Spades, 3Spades, 2Spades.
P2 HAND: JDiamonds, 5Diamonds, 3Diamonds, KClubs, KHearts, JHearts, QHearts, 6Hearts, QSpades, 4Spades.
P3 HAND: KDiamonds, QDiamonds, JClubs, QClubs, 4Clubs, 2Clubs, 5Hearts, 2Hearts, JSpades, 6Spades.
P2 3Diamonds P3 QDiamonds P0 ADiamonds P1 4Diamonds 
P0 AHearts P1 7Hearts P2 KHearts P3 2Hearts 
P0 AClubs P1 5Clubs P2 KClubs P3 2Clubs 
P0 7Clubs P1 2Spades P2 4Spades P3 4Clubs 
P2 5Diamonds P3 KDiamonds P0 7Diamonds P1 6Diamonds 
P0 2Diamonds P1 3Spades P2 JDiamonds P3 JClubs 
P1 5Spades P2 QSpades P3 6Spades P0 3Hearts 
P2 6Hearts P3 5Hearts P0 4Hearts P1 KSpades 
P1 7Spades P2 QHearts P3 JSpades P0 3Clubs 
P1 ASpades P2 JHearts P3 QClubs P0 6Clubs 
-- /GAME --
P0 HAND: AClubs, QClubs, 4Clubs, 3Clubs, JHearts, 3Hearts, KSpades, 5Spades, 3Spades, 2Spades.
P1 HAND: ADiamonds, 7Diamonds, QDiamonds, 5Diamonds, KClubs, AHearts, QHearts, 4Hearts, 2Hearts, 4Spades.
P2 HAND: KDiamonds, JDiamonds, 3Diamonds, 5Clubs, 2Clubs, 7Hearts, KHearts, ASpades, 7Spades, JSpades.
P3 HAND: 6Diamonds, 4Diamonds, 2Diamonds, 7Clubs, JClubs, 6Clubs, 6Hearts, 5Hearts, QSpades, 6Spades.
P2 ASpades P3 6Spades P0 KSpades P1 4Spades 
P2 2Clubs 
