-- GAME --
P0 HAND: ADiamonds, 7Diamonds, 6Diamonds, 4Diamonds, 2Diamonds, 6Clubs, 7Hearts, 6Hearts, 4Hearts, 2Spades.
P1 HAND: 3Diamonds, AClubs, JClubs, 5Clubs, KHearts, 5Hearts, ASpades, KSpades, QSpades, 3Spades.
P2 HAND: KDiamonds, KClubs, 4Clubs, JHearts, 3Hearts, 7Spades, JSpades, 6Spades, 5Spades, 4Spades.
P3 HAND: JDiamonds, QDiamonds, 5Diamonds, 7Clubs, QClubs, 3Clubs, 2Clubs, AHearts, QHearts, 2Hearts.
P0 2Spades P1 ASpades P2 4Spades P3 AHearts 
P1 AClubs P2 4Clubs P3 7Clubs P0 6Clubs 
P1 3Spades P2 5Spades P3 2Clubs P0 7Hearts 
P2 3Hearts P3 2Hearts P0 6Hearts P1 KHearts 
P1 5Clubs P2 KClubs P3 3Clubs P0 4Hearts 
P2 6Spades P3 QClubs P0 2Diamonds P1 QSpades 
P0 ADiamonds P1 3Diamonds P2 KDiamonds P3 5Diamonds 
P0 7Diamonds P1 5Hearts P2 7Spades P3 QDiamonds 
P0 4Diamonds P1 JClubs P2 JHearts P3 JDiamonds 
P3 QHearts P0 6Diamonds P1 KSpades P2 JSpades 
-- /GAME --
P0 HAND: KDiamonds, JDiamonds, QDiamonds, 3Diamonds, 6Clubs, 4Clubs, 3Clubs, 3Hearts, JSpades, QSpades.
P1 HAND: 7Diamonds, 6Diamonds, 4Diamonds, JClubs, 7Hearts, JHearts, 6Hearts, 4Hearts, 6Spades, 5Spades.
P2 HAND: ADiamonds, 5Diamonds, 7Clubs, KClubs, KHearts, 5Hearts, 2Hearts, ASpades, KSpades, 3Spades.
P3 HAND: 2Diamonds, AClubs, QClubs, 5Clubs, 2Clubs, AHearts, QHearts, 7Spades, 4Spades, 2Spades.
P3 AClubs P0 6Clubs P1 JClubs P2 KClubs 
P3 2Diamonds P0 3Diamonds P1 4Diamonds P2 ADiamonds 
P2 ASpades P3 2Spades P0 JSpades P1 5Spades 
P2 3Spades P3 4Spades P0 QSpades P1 6Spades 
P0 3Clubs P1 6Diamonds P2 7Clubs P3 2Clubs 
P2 5Diamonds P3 5Clubs P0 QDiamonds P1 7Diamonds 
P1 4Hearts P2 2Hearts P3 QHearts P0 3Hearts 
P3 QClubs P0 4Clubs P1 6Hearts P2 5Hearts 
P1 JHearts P2 KHearts P3 AHearts P0 JDiamonds 
P3 7Spades P0 KDiamonds P1 7Hearts P2 KSpades 
-- /GAME --
P0 HAND: QDiamonds, 4Diamonds, 3Diamonds, JClubs, 6Clubs, 6Hearts, 5Hearts, KSpades, 6Spades, 5Spades.
P1 HAND: 7Diamonds, 5Diamonds, QClubs, 5Clubs, 2Clubs, AHearts, JHearts, 7Spades, QSpades, 3Spades.
P2 HAND: KDiamonds, 7Clubs, KClubs, 7Hearts, KHearts, QHearts, 3Hearts, 2Hearts, ASpades, JSpades.
P3 HAND: ADiamonds, JDiamonds, 6Diamonds, 2Diamonds, AClubs, 4Clubs, 3Clubs, 4Hearts, 4Spades, 2Spades.
P2 2Hearts P3 4Hearts P0 5Hearts P1 AHearts 
P1 2Clubs P2 KClubs P3 AClubs P0 6Clubs 
P3 ADiamonds P0 3Diamonds P1 7Diamonds P2 KDiamonds 
P3 2Diamonds P0 4Diamonds P1 5Diamonds P2 3Hearts 
P1 5Clubs P2 7Clubs P3 3Clubs P0 JClubs 
P2 QHearts P3 4Clubs P0 6Hearts P1 JHearts 
P1 QClubs P2 JSpades P3 6Diamonds P0 QDiamonds 
P2 ASpades P3 2Spades P0 5Spades P1 3Spades 
P2 KHearts P3 4Spades P0 KSpades P1 7Spades 
P1 QSpades P2 7Hearts P3 JDiamonds P0 6Spades 
-- /GAME --
P0 HAND: 7Diamonds, 6Diamonds, 4Diamonds, 3Diamonds, JClubs, QClubs, 4Clubs, QHearts, 2Hearts, 3Spades.
P1 HAND: JDiamonds, QDiamonds, 5Diamonds, KClubs, 6Clubs, 3Clubs, 2Clubs, JSpades, 4Spades, 2Spades.
P2 HAND: ADiamonds, AHearts, 7Hearts, 5Hearts, 3Hearts, ASpades, 7Spades, KSpades, QSpades, 5Spades.
P3 HAND: KDiamonds, 2Diamonds, AClubs, 7Clubs, 5Clubs, KHearts, JHearts, 6Hearts, 4Hearts, 6Spades.
P1 2Clubs P2 5Spades P3 AClubs P0 4Clubs 
P3 2Diamonds P0 3Diamonds P1 5Diamonds P2 ADiamonds 
P2 QSpades P3 6Spades P0 3Spades P1 JSpades 
P1 2Spades P2 KSpades P3 5Clubs P0 7Diamonds 
P2 3Hearts P3 4Hearts P0 2Hearts P1 KClubs 
P3 6Hearts P0 QHearts P1 3Clubs P2 5Hearts 
P0 4Diamonds P1 QDiamonds P2 7Hearts P3 KDiamonds 
P2 AHearts P3 JHearts P0 JClubs P1 4Spades 
P2 7Spades P3 KHearts P0 6Diamonds P1 JDiamonds 
P3 7Clubs P0 QClubs P1 6Clubs P2 ASpades 
-- /GAME --
P0 HAND: KDiamonds, 6Diamonds, 5Diamonds, 3Clubs, 7Hearts, KHearts, JHearts, 4Hearts, 2Hearts, 4Spades.
P1 HAND: 4Diamonds, KClubs, QClubs, 6Clubs, 2Clubs, AHearts, 6Hearts, 5Hearts, 3Hearts, 7Spades.
P2 HAND: ADiamonds, 7Diamonds, QDiamonds, 3Diamonds, 2Diamonds, AClubs, KSpades, JSpades, QSpades, 5Spades.
P3 HAND: JDiamonds, 7Clubs, JClubs, 5Clubs, 4Clubs, QHearts, ASpades, 6Spades, 3Spades, 2Spades.
P0 7Hearts P1 AHearts P2 5Spades P3 QHearts 

