-- GAME --
P1 AHearts P2 JHearts P3 QHearts P0 3Hearts 
P1 2Hearts P2 3Clubs P3 4Hearts P0 KHearts 
P0 6Hearts P1 5Hearts P2 5Clubs P3 2Clubs 
P0 6Clubs P1 4Clubs P2 AClubs P3 QClubs 
P2 QSpades P3 5Spades P0 ASpades P1 3Spades 
P0 2Spades P1 4Spades P2 JSpades P3 7Spades 
P3 6Spades P0 JDiamonds P1 KSpades P2 7Clubs 
P0 3Diamonds P1 QDiamonds P2 2Diamonds P3 4Diamonds 
P1 ADiamonds P2 7Diamonds P3 KDiamonds P0 5Diamonds 
P1 7Hearts P2 JClubs P3 KClubs P0 6Diamonds 
-- /GAME --
P0 HAND: KDiamonds, JDiamonds, KClubs, 2Clubs, 7Hearts, KHearts, JHearts, 6Hearts, 2Hearts, 4Spades.
P1 HAND: ADiamonds, QDiamonds, 3Diamonds, AClubs, AHearts, QHearts, 7Spades, KSpades, JSpades, 3Spades.
P2 HAND: 7Diamonds, 4Diamonds, 5Clubs, 4Clubs, 3Clubs, 5Hearts, 4Hearts, 3Hearts, ASpades, QSpades.
P3 HAND: 6Diamonds, 5Diamonds, 2Diamonds, 7Clubs, JClubs, QClubs, 6Clubs, 6Spades, 5Spades, 2Spades.
P0 2Clubs P1 AClubs P2 3Clubs P3 7Clubs 
P1 ADiamonds P2 4Diamonds P3 6Diamonds P0 JDiamonds 
P1 AHearts P2 3Hearts P3 JClubs P0 2Hearts 
P1 3Diamonds P2 7Diamonds P3 2Diamonds P0 KDiamonds 
P2 4Clubs P3 6Clubs P0 KClubs P1 QDiamonds 
P0 4Spades P1 3Spades P2 QSpades P3 2Spades 
P2 4Hearts P3 5Diamonds P0 JHearts P1 QHearts 
P0 KHearts P1 JSpades P2 5Hearts P3 QClubs 
P1 KSpades P2 ASpades P3 5Spades P0 7Hearts 
P2 5Clubs P3 6Spades P0 6Hearts P1 7Spades 
-- /GAME --

