-- GAME --
P0 HAND: 7Diamonds, 4Diamonds, 3Diamonds, QClubs, 4Clubs, 6Hearts, 3Hearts, JSpades, 3Spades, 2Spades.
P1 HAND: ADiamonds, 6Clubs, 5Clubs, 3Clubs, AHearts, 7Hearts, JHearts, QHearts, 5Hearts, 2Hearts.
P2 HAND: 6Diamonds, 2Diamonds, KClubs, 2Clubs, KHearts, 4Hearts, 7Spades, KSpades, QSpades, 6Spades.
P3 HAND: KDiamonds, JDiamonds, QDiamonds, 5Diamonds, AClubs, 7Clubs, JClubs, ASpades, 5Spades, 4Spades.
P3 AClubs P0 4Clubs P1 6Clubs P2 2Clubs 
P3 ASpades P0 2Spades P1 AHearts P2 6Spades 
P3 4Spades P0 JSpades P1 2Hearts P2 7Spades 
P2 4Hearts P3 5Spades P0 6Hearts P1 7Hearts 
P1 3Clubs P2 KClubs P3 7Clubs P0 QClubs 
P3 JClubs P0 3Spades P1 5Clubs P2 QSpades 
P3 5Diamonds P0 3Diamonds P1 ADiamonds P2 2Diamonds 
P1 5Hearts P2 KHearts P3 QDiamonds P0 3Hearts 
P3 JDiamonds P0 4Diamonds P1 QHearts P2 6Diamonds 
P3 KDiamonds P0 7Diamonds P1 JHearts P2 KSpades 
-- /GAME --
P0 HAND: JDiamonds, QDiamonds, 4Diamonds, 3Diamonds, 7Clubs, 4Clubs, 7Hearts, ASpades, KSpades, QSpades.
P1 HAND: KClubs, JClubs, 3Clubs, QHearts, 3Hearts, 2Hearts, JSpades, 6Spades, 5Spades, 4Spades.
P2 HAND: KDiamonds, 6Diamonds, 5Clubs, 2Clubs, KHearts, JHearts, 6Hearts, 5Hearts, 3Spades, 2Spades.
P3 HAND: ADiamonds, 7Diamonds, 5Diamonds, 2Diamonds, AClubs, QClubs, 6Clubs, AHearts, 4Hearts, 7Spades.
P2 2Spades P3 7Spades P0 ASpades P1 4Spades 
P0 3Diamonds P1 2Hearts P2 6Diamonds P3 ADiamonds 
P3 AHearts P0 7Hearts P1 QHearts P2 5Hearts 
P3 2Diamonds P0 JDiamonds P1 3Hearts P2 KDiamonds 
P2 3Spades P3 4Hearts P0 KSpades P1 5Spades 
P0 QSpades P1 6Spades P2 6Hearts P3 5Diamonds 
P0 QDiamonds P1 3Clubs P2 2Clubs P3 7Diamonds 
P1 JSpades P2 5Clubs P3 6Clubs P0 4Diamonds 
P3 QClubs P0 7Clubs P1 JClubs P2 KHearts 
P0 4Clubs P1 KClubs P2 JHearts P3 AClubs 
-- /GAME --
P0 HAND: 7Diamonds, JDiamonds, 7Clubs, QClubs, 3Clubs, 4Hearts, QSpades, 5Spades, 4Spades, 3Spades.
P1 HAND: QDiamonds, 5Diamonds, 3Diamonds, 2Diamonds, KClubs, JClubs, 6Clubs, 4Clubs, 6Hearts, 2Spades.
P2 HAND: ADiamonds, KDiamonds, 6Diamonds, 4Diamonds, 7Hearts, JHearts, QHearts, 5Hearts, 2Hearts, 6Spades.
P3 HAND: AClubs, 5Clubs, 2Clubs, AHearts, KHearts, 3Hearts, ASpades, 7Spades, KSpades, JSpades.

