-- GAME --
P0 HAND: 2Diamonds, AClubs, 7Clubs, 6Clubs, AHearts, 7Hearts, 6Hearts, QSpades, 6Spades, 5Spades.
P1 HAND: 7Diamonds, KDiamonds, 6Diamonds, 5Diamonds, 4Diamonds, QClubs, QHearts, 4Spades, 3Spades, 2Spades.
P2 HAND: KClubs, 5Clubs, 3Clubs, 2Clubs, 5Hearts, 4Hearts, 3Hearts, ASpades, 7Spades, JSpades.
P3 HAND: ADiamonds, JDiamonds, QDiamonds, 3Diamonds, JClubs, 4Clubs, KHearts, JHearts, 2Hearts, KSpades.
P2 ASpades P3 KSpades P0 6Spades P1 2Spades 
P2 2Clubs P3 4Clubs P0 AClubs P1 QClubs 
P0 AHearts P1 QHearts P2 5Hearts P3 2Hearts 
P0 7Hearts P1 4Diamonds P2 3Hearts P3 KHearts 
P1 3Spades P2 JSpades P3 3Diamonds P0 5Spades 
P3 JClubs P0 7Clubs P1 5Diamonds P2 3Clubs 
P1 4Spades P2 7Spades P3 QDiamonds P0 QSpades 
P3 JHearts P0 6Hearts P1 6Diamonds P2 4Hearts 
P1 KDiamonds P2 5Clubs P3 JDiamonds P0 2Diamonds 
P1 7Diamonds P2 KClubs P3 ADiamonds P0 6Clubs 
-- /GAME --
P0 HAND: ADiamonds, 7Diamonds, QDiamonds, 2Diamonds, 5Clubs, KHearts, 2Hearts, 6Spades, 5Spades, 3Spades.
P1 HAND: KDiamonds, JDiamonds, 5Diamonds, KClubs, JClubs, AHearts, JHearts, 3Hearts, KSpades, 2Spades.
P2 HAND: 6Diamonds, 4Diamonds, 3Diamonds, 7Clubs, 4Clubs, 2Clubs, 6Hearts, 5Hearts, ASpades, QSpades.
P3 HAND: AClubs, QClubs, 6Clubs, 3Clubs, 7Hearts, QHearts, 4Hearts, 7Spades, JSpades, 4Spades.
P1 AHearts P2 5Hearts P3 7Hearts P0 2Hearts 
P1 2Spades P2 ASpades P3 4Spades P0 3Spades 
P2 3Diamonds P3 4Hearts P0 ADiamonds P1 5Diamonds 
P0 5Spades P1 KSpades P2 QSpades P3 7Spades 
P3 QHearts P0 KHearts P1 3Hearts P2 6Hearts 
P0 6Spades P1 JClubs P2 4Diamonds P3 JSpades 
P1 JDiamonds P2 6Diamonds P3 3Clubs P0 2Diamonds 
P3 6Clubs P0 5Clubs P1 KClubs P2 2Clubs 
P1 JHearts P2 4Clubs P3 QClubs P0 QDiamonds 
P3 AClubs P0 7Diamonds P1 KDiamonds P2 7Clubs 
-- /GAME --
P0 HAND: 7Diamonds, 5Diamonds, 7Clubs, JClubs, QClubs, JHearts, ASpades, 6Spades, 5Spades, 4Spades.
P1 HAND: JDiamonds, QDiamonds, 6Diamonds, AClubs, KClubs, 6Clubs, 4Clubs, AHearts, 5Hearts, JSpades.
P2 HAND: KDiamonds, 4Diamonds, 3Diamonds, 5Clubs, KHearts, QHearts, 6Hearts, 2Hearts, KSpades, 3Spades.
P3 HAND: ADiamonds, 2Diamonds, 3Clubs, 2Clubs, 7Hearts, 4Hearts, 3Hearts, 7Spades, QSpades, 2Spades.
P0 JHearts P1 AHearts P2 2Hearts P3 7Hearts 
P1 AClubs P2 5Clubs P3 3Clubs P0 QClubs 
P1 4Clubs P2 3Diamonds P3 2Clubs P0 7Clubs 
P0 JClubs P1 6Clubs P2 4Diamonds P3 2Diamonds 
P0 5Spades P1 JSpades P2 3Spades P3 2Spades 
P1 5Hearts P2 6Hearts P3 3Hearts P0 5Diamonds 
P2 QHearts P3 4Hearts P0 4Spades P1 6Diamonds 
P0 ASpades P1 QDiamonds P2 KSpades P3 QSpades 
P0 6Spades P1 JDiamonds P2 KDiamonds P3 7Spades 
P3 ADiamonds P0 7Diamonds P1 KClubs P2 KHearts 
-- /GAME --
P0 HAND: 4Diamonds, 2Diamonds, AClubs, 7Clubs, 6Clubs, 5Clubs, 2Clubs, 6Hearts, JSpades, 3Spades.
P1 HAND: 4Clubs, 3Clubs, AHearts, KHearts, 4Hearts, 2Hearts, 7Spades, QSpades, 4Spades, 2Spades.
P2 HAND: ADiamonds, 7Diamonds, QDiamonds, 6Diamonds, 5Diamonds, 3Diamonds, JHearts, 5Hearts, 6Spades, 5Spades.
P3 HAND: KDiamonds, JDiamonds, KClubs, JClubs, QClubs, 7Hearts, QHearts, 3Hearts, ASpades, KSpades.
P0 AClubs P1 3Clubs P2 ADiamonds P3 QClubs 
P0 3Spades P1 2Spades P2 5Spades P3 ASpades 
P3 JDiamonds P0 2Diamonds P1 4Clubs P2 7Diamonds 
P2 3Diamonds P3 KDiamonds P0 4Diamonds P1 7Spades 
P3 JClubs P0 2Clubs P1 4Spades P2 5Diamonds 
P3 3Hearts P0 6Hearts P1 2Hearts P2 5Hearts 
P0 7Clubs P1 4Hearts P2 JHearts P3 KClubs 
P2 6Diamonds P3 QHearts 
