-- GAME --
P0 HAND: 7Diamonds, 4Diamonds, 3Diamonds, KClubs, 3Clubs, QHearts, 6Hearts, 7Spades, 3Spades, 2Spades.
P1 HAND: KDiamonds, 2Diamonds, QClubs, 5Clubs, AHearts, KHearts, 2Hearts, ASpades, JSpades, QSpades.
P2 HAND: ADiamonds, JDiamonds, QDiamonds, 6Diamonds, JClubs, 6Clubs, 4Clubs, 5Hearts, 3Hearts, 6Spades.
P3 HAND: 5Diamonds, AClubs, 7Clubs, 2Clubs, 7Hearts, JHearts, 4Hearts, KSpades, 5Spades, 4Spades.
P1 AHearts P2 3Hearts P3 7Hearts P0 6Hearts 
P1 ASpades P2 6Spades P3 KSpades P0 2Spades 
P1 2Hearts P2 5Hearts P3 4Hearts P0 QHearts 
P0 7Spades P1 QSpades P2 JClubs P3 4Spades 
P0 3Spades P1 JSpades P2 4Clubs P3 5Spades 
P1 5Clubs P2 6Clubs P3 AClubs P0 3Clubs 
P3 2Clubs P0 KClubs P1 QClubs P2 6Diamonds 
P2 QDiamonds P3 5Diamonds P0 7Diamonds P1 2Diamonds 
P0 3Diamonds P1 KDiamonds P2 JDiamonds P3 7Clubs 
P1 KHearts P2 ADiamonds P3 JHearts P0 4Diamonds 
-- /GAME --
P0 HAND: ADiamonds, KDiamonds, 6Diamonds, 5Diamonds, 4Diamonds, 7Clubs, 3Clubs, 7Hearts, 7Spades, 4Spades.
P1 HAND: 7Diamonds, 2Diamonds, QClubs, 4Clubs, AHearts, JHearts, 6Hearts, 4Hearts, ASpades, 2Spades.
P2 HAND: JDiamonds, 3Diamonds, AClubs, QHearts, 5Hearts, 3Hearts, 2Hearts, JSpades, 5Spades, 3Spades.
P3 HAND: QDiamonds, KClubs, JClubs, 6Clubs, 5Clubs, 2Clubs, KHearts, KSpades, QSpades, 6Spades.
P0 ADiamonds P1 2Diamonds P2 JDiamonds P3 QDiamonds 
P0 3Clubs P1 4Clubs P2 AClubs P3 2Clubs 
P2 2Hearts P3 KHearts P0 7Hearts P1 AHearts 
P1 4Hearts P2 3Hearts P3 5Clubs P0 4Diamonds 
P1 6Hearts P2 5Hearts P3 6Clubs P0 7Spades 
P0 7Clubs P1 QClubs P2 QHearts P3 JClubs 
P0 KDiamonds P1 7Diamonds P2 3Diamonds P3 KClubs 
P1 JHearts P2 3Spades P3 6Spades P0 5Diamonds 
P3 QSpades P0 4Spades P1 2Spades P2 5Spades 
P3 KSpades P0 6Diamonds P1 ASpades P2 JSpades 
-- /GAME --
P0 HAND: KDiamonds, QDiamonds, 3Diamonds, JClubs, 6Clubs, 3Clubs, QHearts, 4Hearts, QSpades, 2Spades.
P1 HAND: 5Diamonds, KClubs, QClubs, 2Clubs, AHearts, 5Hearts, KSpades, 6Spades, 5Spades, 4Spades.
P2 HAND: ADiamonds, 7Diamonds, 2Diamonds, AClubs, 7Clubs, 5Clubs, JHearts, 6Hearts, 2Hearts, JSpades.
P3 HAND: JDiamonds, 6Diamonds, 4Diamonds, 4Clubs, 7Hearts, KHearts, 3Hearts, ASpades, 7Spades, 3Spades.
P3 ASpades P0 2Spades P1 KSpades P2 JSpades 
P3 3Hearts P0 4Hearts P1 AHearts P2 2Hearts 
P1 2Clubs P2 AClubs P3 4Clubs P0 JClubs 
P2 5Clubs P3 3Spades P0 3Clubs P1 KClubs 
P1 4Spades P2 6Hearts P3 7Spades P0 QSpades 
P3 4Diamonds P0 KDiamonds P1 5Diamonds P2 2Diamonds 
P0 QHearts P1 5Hearts P2 JHearts P3 7Hearts 
P3 6Diamonds P0 QDiamonds P1 5Spades P2 7Diamonds 
P2 ADiamonds P3 JDiamonds P0 3Diamonds P1 6Spades 
P2 7Clubs P3 KHearts P0 6Clubs P1 QClubs 
-- /GAME --
P0 HAND: 7Diamonds, KDiamonds, AClubs, 7Clubs, 3Clubs, 4Hearts, JSpades, 6Spades, 5Spades, 2Spades.
P1 HAND: ADiamonds, JDiamonds, QDiamonds, 3Diamonds, 5Clubs, KHearts, 6Hearts, 3Hearts, ASpades, KSpades.
P2 HAND: 6Diamonds, 5Diamonds, 4Diamonds, KClubs, JClubs, 6Clubs, 7Hearts, QHearts, QSpades, 4Spades.
P3 HAND: 2Diamonds, QClubs, 4Clubs, 2Clubs, AHearts, JHearts, 5Hearts, 2Hearts, 7Spades, 3Spades.
P2 4Spades P3 3Spades P0 6Spades P1 ASpades 
P1 3Hearts P2 QHearts P3 AHearts P0 4Hearts 
P3 2Clubs P0 AClubs P1 5Clubs P2 KClubs 
P0 7Clubs P1 3Diamonds P2 6Clubs P3 QClubs 
P1 6Hearts P2 7Hearts P3 2Hearts P0 3Clubs 
P2 QSpades P3 7Spades P0 2Spades P1 KSpades 
P3 4Clubs P0 5Spades P1 QDiamonds P2 JClubs 
P1 JDiamonds P2 4Diamonds P3 2Diamonds P0 7Diamonds 
P0 JSpades P1 ADiamonds P2 5Diamonds P3 JHearts 
P1 KHearts P2 6Diamonds P3 5Hearts P0 KDiamonds 
-- /GAME --
P0 HAND: JDiamonds, AClubs, 7Clubs, JClubs, QClubs, 5Clubs, 3Hearts, ASpades, QSpades, 2Spades.
P1 HAND: KDiamonds, 4Diamonds, 2Diamonds, KClubs, 6Clubs, 3Clubs, QHearts, 4Hearts, 7Spades, JSpades.
P2 HAND: ADiamonds, 7Diamonds, 5Diamonds, 4Clubs, AHearts, 7Hearts, KSpades, 6Spades, 5Spades, 3Spades.
P3 HAND: QDiamonds, 6Diamonds, 3Diamonds, 2Clubs, KHearts, JHearts, 6Hearts, 5Hearts, 2Hearts, 4Spades.
P1 3Clubs P2 4Clubs P3 2Clubs P0 AClubs 
P0 ASpades P1 JSpades P2 KSpades P3 4Spades 
P0 3Hearts P1 4Hearts P2 AHearts P3 2Hearts 
P2 3Spades P3 5Hearts P0 QSpades P1 7Spades 
P1 6Clubs P2 5Spades P3 6Hearts P0 7Clubs 
P0 JClubs P1 KClubs P2 5Diamonds P3 6Diamonds 
P3 JHearts P0 JDiamonds P1 QHearts P2 7Hearts 
P0 QClubs P1 2Diamonds P2 6Spades P3 KHearts 
P1 4Diamonds P2 7Diamonds P3 3Diamonds P0 5Clubs 
P2 ADiamonds P3 QDiamonds P0 2Spades P1 KDiamonds 
-- /GAME --
P0 HAND: KDiamonds, AClubs, KClubs, JHearts, 4Hearts, 2Hearts, ASpades, 7Spades, QSpades, 6Spades.
P1 HAND: QDiamonds, 7Clubs, QClubs, 5Clubs, 4Clubs, 3Clubs, 2Clubs, KHearts, 3Spades, 2Spades.
P2 HAND: ADiamonds, JDiamonds, 4Diamonds, 6Clubs, QHearts, 6Hearts, 5Hearts, 3Hearts, 5Spades, 4Spades.
P3 HAND: 7Diamonds, 6Diamonds, 5Diamonds, 3Diamonds, 2Diamonds, JClubs, AHearts, 7Hearts, KSpades, JSpades.
P0 ASpades P1 2Spades P2 5Spades P3 JSpades 
P0 AClubs P1 2Clubs P2 6Clubs P3 JClubs 
P0 KClubs P1 3Clubs P2 3Hearts P3 2Diamonds 
P3 AHearts P0 JHearts P1 KHearts P2 5Hearts 
P3 3Diamonds P0 KDiamonds P1 QDiamonds P2 4Diamonds 
P0 7Spades P1 3Spades P2 4Spades P3 KSpades 
P0 QSpades P1 4Clubs P2 6Hearts P3 5Diamonds 
P3 6Diamonds P0 6Spades P1 5Clubs P2 JDiamonds 
P2 QHearts P3 7Hearts P0 2Hearts P1 7Clubs 
P3 7Diamonds P0 4Hearts P1 QClubs P2 ADiamonds 
-- /GAME --
P0 HAND: 6Diamonds, 5Diamonds, 3Diamonds, 7Clubs, KClubs, 7Hearts, KHearts, 2Hearts, JSpades, 2Spades.
P1 HAND: KDiamonds, QClubs, 6Clubs, 5Hearts, 3Hearts, ASpades, 7Spades, KSpades, 5Spades, 4Spades.
P2 HAND: ADiamonds, 7Diamonds, QDiamonds, 4Diamonds, AClubs, 5Clubs, 3Clubs, QHearts, 6Spades, 3Spades.
P3 HAND: JDiamonds, 2Diamonds, JClubs, 4Clubs, 2Clubs, AHearts, JHearts, 6Hearts, 4Hearts, QSpades.
P3 AHearts P0 2Hearts P1 5Hearts P2 QHearts 
P3 2Clubs P0 KClubs P1 6Clubs P2 AClubs 
P2 3Clubs P3 4Clubs P0 7Clubs P1 QClubs 
P0 JSpades P1 ASpades P2 3Spades P3 QSpades 
P1 3Hearts P2 5Clubs P3 4Hearts P0 7Hearts 
P0 KHearts P1 4Spades P2 6Spades P3 6Hearts 
P0 2Spades P1 5Spades P2 4Diamonds P3 2Diamonds 
P2 QDiamonds P3 JDiamonds P0 3Diamonds P1 KDiamonds 
P1 KSpades P2 7Diamonds P3 JClubs P0 5Diamonds 
P2 ADiamonds P3 JHearts P0 6Diamonds P1 7Spades 
-- /GAME --
P0 HAND: 5Diamonds, 4Diamonds, 6Clubs, 3Clubs, 2Clubs, AHearts, QHearts, 6Hearts, 5Hearts, 4Spades.
P1 HAND: JDiamonds, QDiamonds, 3Diamonds, 4Clubs, 7Hearts, 3Hearts, 7Spades, JSpades, 5Spades, 2Spades.
P2 HAND: 7Diamonds, 6Diamonds, AClubs, QClubs, 5Clubs, KHearts, 4Hearts, KSpades, QSpades, 6Spades.
P3 HAND: ADiamonds, KDiamonds, 2Diamonds, 7Clubs, KClubs, JClubs, JHearts, 2Hearts, ASpades, 3Spades.
P0 AHearts P1 3Hearts P2 KHearts P3 2Hearts 
P0 4Spades P1 2Spades P2 6Spades P3 ASpades 
P3 ADiamonds P0 5Diamonds P1 JDiamonds P2 6Diamonds 
P3 2Diamonds P0 4Diamonds P1 3Diamonds P2 7Diamonds 
P2 4Hearts P3 JHearts P0 5Hearts P1 7Hearts 
P1 5Spades P2 QSpades P3 3Spades P0 QHearts 
P2 5Clubs P3 JClubs P0 6Clubs P1 4Clubs 
P3 KClubs P0 2Clubs P1 QDiamonds P2 AClubs 
P2 QClubs P3 7Clubs P0 3Clubs P1 7Spades 
P3 KDiamonds P0 6Hearts P1 JSpades P2 KSpades 
-- /GAME --
P0 HAND: JClubs, QClubs, 3Clubs, 2Clubs, AHearts, 6Hearts, 7Spades, QSpades, 6Spades, 2Spades.
P1 HAND: 7Diamonds, KDiamonds, 4Diamonds, 3Diamonds, 7Clubs, 5Clubs, 4Clubs, QHearts, 3Hearts, 4Spades.
P2 HAND: QDiamonds, 5Diamonds, 2Diamonds, AClubs, KClubs, 6Clubs, 7Hearts, KSpades, JSpades, 5Spades.
P3 HAND: ADiamonds, JDiamonds, 6Diamonds, KHearts, JHearts, 5Hearts, 4Hearts, 2Hearts, ASpades, 3Spades.

