-- GAME --
P0 HAND: ADiamonds, 7Diamonds, KClubs, 5Clubs, 3Clubs, 2Clubs, 7Hearts, KHearts, JHearts, 4Hearts.
P1 HAND: 5Diamonds, 3Diamonds, 6Clubs, AHearts, 6Hearts, 3Hearts, ASpades, 7Spades, JSpades, QSpades.
P2 HAND: KDiamonds, 4Diamonds, 2Diamonds, 7Clubs, JClubs, 4Clubs, QHearts, 2Hearts, 4Spades, 3Spades.
P3 HAND: JDiamonds, QDiamonds, 6Diamonds, AClubs, QClubs, 5Hearts, KSpades, 6Spades, 5Spades, 2Spades.
P3 AClubs P0 2Clubs P1 6Clubs P2 4Clubs 
P3 2Spades P0 3Clubs P1 ASpades P2 3Spades 
P1 AHearts P2 2Hearts P3 5Hearts P0 4Hearts 
P1 3Hearts P2 QHearts P3 5Spades P0 7Hearts 
P0 KClubs P1 6Hearts P2 7Clubs P3 QClubs 
P2 4Spades P3 6Spades P0 7Diamonds P1 QSpades 
P0 5Clubs P1 3Diamonds P2 JClubs P3 KSpades 
P1 JSpades P2 2Diamonds P3 6Diamonds P0 JHearts 
P3 QDiamonds P0 ADiamonds P1 5Diamonds P2 4Diamonds 
P0 KHearts P1 7Spades P2 KDiamonds P3 JDiamonds 
-- /GAME --
P0 HAND: ADiamonds, JDiamonds, QDiamonds, 6Diamonds, 6Clubs, 3Clubs, 2Clubs, 7Hearts, 6Hearts, 6Spades.
P1 HAND: KDiamonds, 2Diamonds, AClubs, KClubs, QClubs, AHearts, JHearts, 3Hearts, 2Hearts, 5Spades.
P2 HAND: 5Diamonds, 7Clubs, KHearts, 5Hearts, ASpades, 7Spades, KSpades, JSpades, QSpades, 2Spades.
P3 HAND: 7Diamonds, 4Diamonds, 3Diamonds, JClubs, 5Clubs, 4Clubs, QHearts, 4Hearts, 4Spades, 3Spades.
P2 2Spades P3 3Spades P0 6Spades P1 5Spades 
P0 ADiamonds P1 2Diamonds P2 5Diamonds P3 3Diamonds 
P0 6Clubs P1 AClubs P2 7Clubs P3 JClubs 
P1 QClubs P2 QSpades P3 4Clubs P0 2Clubs 
P1 2Hearts P2 5Hearts P3 4Hearts P0 7Hearts 
P0 3Clubs P1 KClubs P2 KHearts P3 5Clubs 
P2 JSpades P3 4Spades P0 6Diamonds P1 3Hearts 
P1 JHearts P2 KSpades P3 QHearts P0 6Hearts 
P1 AHearts P2 7Spades P3 4Diamonds P0 QDiamonds 
P1 KDiamonds P2 ASpades P3 7Diamonds P0 JDiamonds 
-- /GAME --
P0 HAND: ADiamonds, KDiamonds, QDiamonds, 2Diamonds, AClubs, QClubs, 2Clubs, 5Hearts, ASpades, 6Spades.
P1 HAND: 5Diamonds, 4Diamonds, KClubs, AHearts, 6Hearts, 3Hearts, 2Hearts, KSpades, JSpades, 5Spades.
P2 HAND: 7Diamonds, JDiamonds, 7Clubs, 6Clubs, 4Clubs, KHearts, 4Hearts, QSpades, 4Spades, 2Spades.
P3 HAND: 6Diamonds, 3Diamonds, JClubs, 5Clubs, 3Clubs, 7Hearts, JHearts, QHearts, 7Spades, 3Spades.
P1 AHearts P2 4Hearts P3 7Hearts P0 5Hearts 
P1 2Hearts P2 KHearts P3 QHearts P0 QClubs 
P2 2Spades P3 3Spades P0 ASpades P1 5Spades 
P0 AClubs P1 KClubs P2 7Clubs P3 3Clubs 
P0 6Spades P1 JSpades P2 4Spades P3 7Spades 
P3 5Clubs P0 2Clubs P1 3Hearts P2 6Clubs 
P2 4Clubs P3 JClubs P0 2Diamonds P1 6Hearts 
P0 ADiamonds P1 4Diamonds P2 JDiamonds P3 3Diamonds 
P0 QDiamonds P1 5Diamonds P2 7Diamonds P3 6Diamonds 
P2 QSpades P3 JHearts P0 KDiamonds P1 KSpades 
-- /GAME --
P0 HAND: JDiamonds, 6Diamonds, 2Diamonds, 5Clubs, JHearts, 5Hearts, 3Hearts, JSpades, QSpades, 6Spades.
P1 HAND: 5Diamonds, 4Diamonds, AClubs, KClubs, QClubs, AHearts, KHearts, QHearts, 7Spades, 3Spades.
P2 HAND: KDiamonds, 3Diamonds, 7Clubs, JClubs, 6Clubs, 2Clubs, 6Hearts, 4Hearts, 2Hearts, 4Spades.
P3 HAND: ADiamonds, 7Diamonds, QDiamonds, 4Clubs, 3Clubs, 7Hearts, ASpades, KSpades, 5Spades, 2Spades.
P0 5Clubs P1 AClubs P2 2Clubs P3 4Clubs 
P1 AHearts P2 2Hearts P3 7Hearts P0 3Hearts 
P1 4Diamonds P2 3Diamonds P3 ADiamonds P0 2Diamonds 
P3 3Clubs P0 6Spades P1 QClubs P2 7Clubs 
P0 JDiamonds P1 5Diamonds P2 KDiamonds P3 7Diamonds 
P3 QDiamonds P0 6Diamonds P1 QHearts P2 4Hearts 
P3 2Spades P0 QSpades P1 3Spades P2 4Spades 
P0 JHearts P1 KHearts P2 6Hearts P3 5Spades 
P3 KSpades P0 JSpades P1 7Spades P2 6Clubs 
P1 KClubs P2 JClubs P3 ASpades P0 5Hearts 
-- /GAME --

