-- GAME --
P0 JSpades P1 6Spades P2 5Clubs P3 3Diamonds 
P3 AClubs P0 JClubs P1 QClubs P2 6Clubs 
P3 4Diamonds P0 6Diamonds P1 5Diamonds P2 2Diamonds 
P0 QSpades P1 2Clubs P2 QDiamonds P3 JDiamonds 
P3 7Diamonds P0 KClubs P1 3Clubs P2 KDiamonds 
P3 ADiamonds P0 7Clubs P1 4Clubs P2 JHearts 
-- /GAME --
P0 HAND: 7Diamonds, KDiamonds, 7Clubs, JClubs, 5Clubs, 7Hearts, 5Hearts, 4Hearts, JSpades, 4Spades.
P1 HAND: ADiamonds, JDiamonds, QDiamonds, 6Diamonds, 4Diamonds, AClubs, 4Clubs, KHearts, QHearts, 7Spades.
P2 HAND: 2Diamonds, KClubs, QClubs, 6Clubs, 2Clubs, AHearts, 6Hearts, KSpades, QSpades, 3Spades.
P3 HAND: 5Diamonds, 3Diamonds, 3Clubs, JHearts, 3Hearts, 2Hearts, ASpades, 6Spades, 5Spades, 2Spades.
P1 4Diamonds P2 2Diamonds P3 3Diamonds P0 7Diamonds 
P0 4Spades P1 7Spades P2 3Spades P3 ASpades 
P3 2Hearts P0 4Hearts P1 QHearts P2 AHearts 
P2 6Hearts P3 3Hearts P0 7Hearts P1 KHearts 
P0 JSpades P1 6Diamonds P2 KSpades P3 2Spades 
P2 QSpades P3 5Spades P0 5Hearts P1 QDiamonds 
P2 2Clubs P3 3Clubs P0 5Clubs P1 4Clubs 
P0 KDiamonds P1 JDiamonds P2 6Clubs P3 5Diamonds 
P2 QClubs P3 6Spades P0 JClubs P1 AClubs 
P1 ADiamonds P2 KClubs P3 JHearts P0 7Clubs 
-- /GAME --
P0 HAND: ADiamonds, 7Diamonds, KDiamonds, 4Clubs, 3Clubs, AHearts, 5Hearts, 2Hearts, 5Spades, 2Spades.
P1 HAND: 5Diamonds, 4Diamonds, 7Clubs, KClubs, 6Clubs, 5Clubs, 7Hearts, JHearts, ASpades, JSpades.
P2 HAND: JDiamonds, AClubs, JClubs, 2Clubs, QHearts, 6Hearts, 4Hearts, KSpades, 6Spades, 4Spades.
P3 HAND: QDiamonds, 6Diamonds, 3Diamonds, 2Diamonds, QClubs, KHearts, 3Hearts, 7Spades, QSpades, 3Spades.
P2 AClubs P3 QClubs P0 3Clubs P1 5Clubs 
P2 2Clubs P3 2Diamonds P0 4Clubs P1 7Clubs 
P1 4Diamonds P2 JDiamonds P3 3Diamonds P0 ADiamonds 
P0 AHearts P1 JHearts P2 QHearts P3 3Hearts 
P0 7Diamonds P1 5Diamonds P2 JClubs P3 6Diamonds 
P0 2Hearts P1 7Hearts P2 4Hearts P3 KHearts 
P1 6Clubs P2 6Hearts P3 QDiamonds P0 2Spades 
P0 5Hearts P1 JSpades P2 4Spades P3 3Spades 
P1 ASpades P2 6Spades P3 QSpades P0 5Spades 
P1 KClubs P2 KSpades P3 7Spades P0 KDiamonds 
-- /GAME --
P0 HAND: JDiamonds, 6Diamonds, 4Diamonds, 3Diamonds, 4Clubs, 3Clubs, 7Hearts, 2Hearts, 3Spades, 2Spades.
P1 HAND: QDiamonds, 5Diamonds, AClubs, 6Clubs, AHearts, 5Hearts, ASpades, 7Spades, KSpades, 5Spades.
P2 HAND: ADiamonds, KDiamonds, 7Clubs, JClubs, QClubs, 2Clubs, JHearts, 3Hearts, QSpades, 6Spades.
P3 HAND: 7Diamonds, 2Diamonds, KClubs, 5Clubs, KHearts, QHearts, 6Hearts, 4Hearts, JSpades, 4Spades.
P1 AClubs P2 2Clubs P3 KClubs P0 4Clubs 
P1 AHearts P2 3Hearts P3 KHearts P0 2Hearts 
P1 5Diamonds P2 ADiamonds P3 2Diamonds P0 JDiamonds 
P2 QClubs P3 5Clubs P0 3Clubs P1 6Clubs 
P2 JClubs P3 4Hearts P0 2Spades P1 5Hearts 
P0 3Spades P1 5Spades P2 6Spades P3 4Spades 
P2 JHearts P3 6Hearts P0 7Hearts P1 KSpades 
P1 QDiamonds P2 KDiamonds P3 7Diamonds P0 6Diamonds 
P3 QHearts P0 4Diamonds P1 7Spades P2 7Clubs 
P1 ASpades P2 QSpades P3 JSpades P0 3Diamonds 
-- /GAME --
P0 HAND: ADiamonds, 4Diamonds, 3Diamonds, 7Clubs, JClubs, 6Clubs, 4Clubs, 3Clubs, JHearts, QSpades.
P1 HAND: JDiamonds, 2Diamonds, 7Hearts, QHearts, 7Spades, KSpades, JSpades, 6Spades, 4Spades, 2Spades.
P2 HAND: 7Diamonds, QDiamonds, KClubs, 5Clubs, 2Clubs, 6Hearts, 5Hearts, 4Hearts, 3Hearts, 5Spades.
P3 HAND: KDiamonds, 6Diamonds, 5Diamonds, AClubs, QClubs, AHearts, KHearts, 2Hearts, ASpades, 3Spades.
P0 ADiamonds P1 2Diamonds P2 7Diamonds P3 5Diamonds 
P0 QSpades P1 2Spades P2 5Spades P3 ASpades 
P3 AClubs P0 7Clubs P1 7Spades P2 2Clubs 
P3 3Spades P0 4Diamonds P1 4Spades P2 5Clubs 
P1 6Spades P2 QDiamonds P3 6Diamonds P0 3Diamonds 
P1 JDiamonds P2 3Hearts P3 KDiamonds P0 JClubs 
P2 4Hearts P3 2Hearts P0 JHearts P1 QHearts 
P0 6Clubs P1 7Hearts P2 KClubs P3 QClubs 
P1 JSpades P2 5Hearts P3 KHearts P0 4Clubs 
P3 AHearts P0 3Clubs P1 KSpades P2 6Hearts 
-- /GAME --
P0 HAND: 7Diamonds, KDiamonds, 3Diamonds, QHearts, 5Hearts, 4Hearts, ASpades, KSpades, JSpades, 5Spades.
P1 HAND: QDiamonds, 5Diamonds, 2Diamonds, AClubs, 7Clubs, 4Clubs, AHearts, 3Hearts, QSpades, 2Spades.
P2 HAND: JDiamonds, 4Diamonds, JClubs, QClubs, 3Clubs, 2Clubs, JHearts, 2Hearts, 7Spades, 3Spades.
P3 HAND: ADiamonds, 6Diamonds, KClubs, 6Clubs, 5Clubs, 7Hearts, KHearts, 6Hearts, 6Spades, 4Spades.

