-- GAME --
P0 HAND: 2Diamonds, 3Clubs, 7Hearts, KHearts, JHearts, QHearts, 2Hearts, JSpades, 4Spades, 2Spades.
P1 HAND: 7Diamonds, KDiamonds, 5Diamonds, AClubs, QClubs, 2Clubs, AHearts, QSpades, 6Spades, 5Spades.
P2 HAND: 6Diamonds, 4Diamonds, 7Clubs, KClubs, 6Clubs, 5Clubs, 4Clubs, 6Hearts, 4Hearts, 3Hearts.
P3 HAND: ADiamonds, JDiamonds, QDiamonds, 3Diamonds, JClubs, 5Hearts, ASpades, 7Spades, KSpades, 3Spades.
P2 3Hearts P3 5Hearts P0 2Hearts P1 AHearts 
P1 AClubs P2 4Clubs P3 JClubs P0 3Clubs 
P1 2Clubs P2 5Clubs P3 3Spades P0 7Hearts 
P2 4Hearts P3 3Diamonds P0 QHearts P1 QClubs 
P3 ASpades P0 2Spades P1 QSpades P2 4Diamonds 
P2 6Clubs P3 QDiamonds P0 4Spades P1 6Spades 
P3 JDiamonds P0 2Diamonds P1 5Diamonds P2 6Diamonds 
P3 ADiamonds P0 JSpades P1 KDiamonds P2 6Hearts 
P3 KSpades P0 KHearts P1 5Spades P2 KClubs 
P3 7Spades P0 JHearts P1 7Diamonds P2 7Clubs 
-- /GAME --
P0 HAND: 7Diamonds, 3Diamonds, AClubs, QClubs, 5Clubs, 7Hearts, KHearts, 6Hearts, 4Hearts, 3Spades.
P1 HAND: JDiamonds, 2Diamonds, 7Clubs, 6Clubs, 2Clubs, 5Hearts, 2Hearts, KSpades, 4Spades, 2Spades.
P2 HAND: ADiamonds, 6Diamonds, 5Diamonds, KClubs, 3Clubs, JHearts, QHearts, 3Hearts, ASpades, JSpades.
P3 HAND: KDiamonds, QDiamonds, 4Diamonds, JClubs, 4Clubs, AHearts, 7Spades, QSpades, 6Spades, 5Spades.

