-- GAME --
P0 HAND: QDiamonds, 2Diamonds, JClubs, 5Clubs, 2Clubs, 5Hearts, 4Hearts, ASpades, JSpades, 6Spades.
P1 HAND: ADiamonds, 6Diamonds, 5Diamonds, 4Diamonds, 7Clubs, 4Clubs, JHearts, KSpades, QSpades, 3Spades.
P2 HAND: KDiamonds, JDiamonds, 3Diamonds, AClubs, KClubs, QClubs, 6Clubs, 3Hearts, 7Spades, 2Spades.
P3 HAND: 7Diamonds, 3Clubs, AHearts, 7Hearts, KHearts, QHearts, 6Hearts, 2Hearts, 5Spades, 4Spades.
P0 ASpades P1 3Spades P2 7Spades P3 4Spades 
P0 2Clubs P1 4Clubs P2 AClubs P3 3Clubs 
P2 2Spades P3 5Spades P0 JSpades P1 KSpades 
P1 ADiamonds P2 3Diamonds P3 7Diamonds P0 2Diamonds 
P1 4Diamonds P2 JDiamonds P3 2Hearts P0 QDiamonds 
P3 6Hearts P0 4Hearts P1 JHearts P2 3Hearts 
P1 5Diamonds P2 KDiamonds P3 QHearts P0 6Spades 
P3 KHearts P0 5Hearts P1 6Diamonds P2 6Clubs 
P3 7Hearts P0 5Clubs P1 QSpades P2 QClubs 
P3 AHearts P0 JClubs P1 7Clubs P2 KClubs 
-- /GAME --
P0 HAND: JDiamonds, QDiamonds, 7Clubs, AHearts, QHearts, 5Hearts, 4Hearts, 2Hearts, JSpades, 4Spades.
P1 HAND: 4Diamonds, 3Diamonds, 2Diamonds, JClubs, 4Clubs, 3Clubs, ASpades, 7Spades, QSpades, 5Spades.
P2 HAND: ADiamonds, 7Diamonds, 6Diamonds, AClubs, 6Clubs, 2Clubs, 7Hearts, JHearts, 3Spades, 2Spades.
P3 HAND: KDiamonds, 5Diamonds, KClubs, QClubs, 5Clubs, KHearts, 6Hearts, 3Hearts, KSpades, 6Spades.
P3 3Hearts P0 AHearts P1 2Diamonds P2 JHearts 
P1 ASpades 
