-- GAME --
P0 HAND: ADiamonds, 5Diamonds, 4Diamonds, 3Diamonds, 2Diamonds, AClubs, KClubs, 7Hearts, ASpades, QSpades.
P1 HAND: 7Diamonds, JDiamonds, 7Clubs, 5Clubs, 4Clubs, KHearts, 2Hearts, 7Spades, KSpades, 2Spades.
P2 HAND: KDiamonds, QDiamonds, 6Clubs, 3Clubs, QHearts, 4Hearts, 3Hearts, 6Spades, 5Spades, 4Spades.
P3 HAND: 6Diamonds, JClubs, QClubs, 2Clubs, AHearts, JHearts, 6Hearts, 5Hearts, JSpades, 3Spades.
P0 AClubs P1 4Clubs P2 6Clubs P3 2Clubs 
P0 ASpades P1 2Spades P2 6Spades P3 3Spades 
P0 ADiamonds P1 JDiamonds P2 KDiamonds P3 6Diamonds 
P0 2Diamonds P1 7Diamonds P2 QDiamonds P3 JClubs 
P1 5Clubs P2 3Clubs P3 QClubs P0 KClubs 
P0 3Diamonds P1 2Hearts P2 4Spades P3 JSpades 
P1 KHearts P2 3Hearts P3 5Hearts P0 7Hearts 
P0 4Diamonds P1 KSpades P2 5Spades P3 6Hearts 
P3 JHearts P0 5Diamonds P1 7Clubs P2 4Hearts 
P3 AHearts P0 QSpades P1 7Spades P2 QHearts 
-- /GAME --
P0 HAND: 6Clubs, 3Clubs, 2Clubs, AHearts, 7Hearts, KHearts, JHearts, 6Hearts, 5Hearts, KSpades.
P1 HAND: 4Diamonds, 3Diamonds, 2Diamonds, 7Clubs, JClubs, QClubs, 5Clubs, QHearts, 7Spades, 5Spades.
P2 HAND: ADiamonds, JDiamonds, QDiamonds, 6Diamonds, AClubs, 2Hearts, QSpades, 6Spades, 4Spades, 2Spades.
P3 HAND: 7Diamonds, KDiamonds, 5Diamonds, KClubs, 4Clubs, 4Hearts, 3Hearts, ASpades, JSpades, 3Spades.
P3 ASpades P0 KSpades P1 7Spades P2 2Spades 
P3 3Hearts P0 AHearts P1 QHearts P2 2Hearts 
P0 5Hearts P1 2Diamonds P2 4Spades P3 4Hearts 
P0 6Hearts P1 3Diamonds P2 6Diamonds P3 3Spades 
P0 JHearts P1 4Diamonds P2 6Spades P3 5Diamonds 
P0 KHearts P1 5Spades P2 QDiamonds P3 4Clubs 
P3 JSpades P0 2Clubs P1 5Clubs P2 QSpades 
P1 QClubs P2 AClubs P3 KClubs P0 3Clubs 
P2 JDiamonds P3 KDiamonds P0 6Clubs P1 JClubs 
P1 7Clubs P2 ADiamonds P3 7Diamonds P0 7Hearts 
-- /GAME --
P0 HAND: 7Diamonds, 2Diamonds, AClubs, QClubs, 5Clubs, 3Hearts, 2Hearts, KSpades, JSpades, 6Spades.
P1 HAND: ADiamonds, KDiamonds, JDiamonds, 4Clubs, 3Clubs, AHearts, 7Hearts, QHearts, 5Spades, 4Spades.
P2 HAND: QDiamonds, 5Diamonds, 4Diamonds, KClubs, JClubs, 2Clubs, KHearts, 4Hearts, 7Spades, QSpades.
P3 HAND: 6Diamonds, 3Diamonds, 7Clubs, 6Clubs, JHearts, 6Hearts, 5Hearts, ASpades, 3Spades, 2Spades.
P2 2Clubs P3 6Clubs P0 AClubs P1 3Clubs 
P0 2Hearts P1 AHearts P2 4Hearts P3 JHearts 
P1 4Clubs P2 JClubs P3 7Clubs P0 5Clubs 
P3 ASpades P0 6Spades P1 5Spades P2 QSpades 
P3 2Spades P0 KSpades P1 4Spades P2 7Spades 
P2 4Diamonds P3 3Diamonds P0 2Diamonds P1 JDiamonds 
P1 QHearts P2 KHearts P3 5Hearts P0 3Hearts 
P2 5Diamonds P3 6Diamonds P0 7Diamonds P1 ADiamonds 
P1 KDiamonds P2 QDiamonds P3 3Spades P0 QClubs 
P1 7Hearts P2 KClubs P3 6Hearts P0 JSpades 
-- /GAME --
P0 HAND: ADiamonds, 2Diamonds, KClubs, AHearts, 5Hearts, 3Hearts, 2Hearts, ASpades, JSpades, 6Spades.
P1 HAND: 7Diamonds, JDiamonds, QDiamonds, 5Diamonds, 4Diamonds, QClubs, 3Clubs, 6Hearts, QSpades, 5Spades.
P2 HAND: KDiamonds, 3Diamonds, JClubs, 6Clubs, 5Clubs, 4Clubs, QHearts, 4Hearts, 3Spades, 2Spades.
P3 HAND: 6Diamonds, AClubs, 7Clubs, 2Clubs, 7Hearts, KHearts, JHearts, 7Spades, KSpades, 4Spades.
P1 3Clubs P2 4Clubs P3 AClubs P0 KClubs 
P3 2Clubs P0 2Hearts P1 QClubs P2 JClubs 
P2 3Diamonds P3 6Diamonds P0 ADiamonds P1 4Diamonds 
P0 AHearts P1 6Hearts P2 QHearts P3 JHearts 
P0 2Diamonds P1 5Diamonds P2 KDiamonds P3 4Spades 
P3 KSpades P0 6Spades P1 5Spades P2 2Spades 
P3 7Spades P0 ASpades P1 QSpades P2 3Spades 
P0 3Hearts P1 QDiamonds P2 4Hearts P3 7Hearts 
P3 KHearts P0 5Hearts P1 JDiamonds P2 5Clubs 
P3 7Clubs P0 JSpades P1 7Diamonds P2 6Clubs 
-- /GAME --
P0 HAND: ADiamonds, JDiamonds, 7Clubs, KClubs, QClubs, 5Clubs, 3Clubs, AHearts, QHearts, 4Hearts.
P1 HAND: KDiamonds, QDiamonds, JClubs, 7Spades, KSpades, JSpades, 6Spades, 5Spades, 3Spades, 2Spades.
P2 HAND: 7Diamonds, 4Diamonds, 2Diamonds, 4Clubs, 2Clubs, 7Hearts, KHearts, JHearts, 5Hearts, 3Hearts.
P3 HAND: 6Diamonds, 5Diamonds, 3Diamonds, AClubs, 6Clubs, 6Hearts, 2Hearts, ASpades, QSpades, 4Spades.
P0 ADiamonds P1 QDiamonds P2 7Diamonds P3 3Diamonds 
P0 3Clubs P1 JClubs P2 2Clubs P3 AClubs 
P3 ASpades P0 4Hearts P1 2Spades P2 4Diamonds 
P0 5Clubs P1 3Spades P2 4Clubs P3 6Clubs 
P3 4Spades P0 QHearts P1 5Spades P2 2Diamonds 
P0 QClubs P1 6Spades P2 3Hearts P3 5Diamonds 
P2 5Hearts P3 2Hearts P0 AHearts P1 JSpades 
P0 7Clubs P1 KDiamonds P2 JHearts P3 6Diamonds 
P2 KHearts P3 6Hearts P0 KClubs P1 KSpades 
P2 7Hearts P3 QSpades P0 JDiamonds P1 7Spades 
-- /GAME --
P0 HAND: ADiamonds, KDiamonds, 4Diamonds, 3Diamonds, 2Diamonds, KClubs, QHearts, 4Hearts, 6Spades, 5Spades.
P1 HAND: JDiamonds, 7Clubs, QClubs, 3Clubs, 7Hearts, KHearts, 6Hearts, 3Hearts, ASpades, QSpades.
P2 HAND: 7Diamonds, QDiamonds, JClubs, 5Clubs, 4Clubs, 2Clubs, 5Hearts, 2Hearts, 7Spades, 3Spades.
P3 HAND: 6Diamonds, 5Diamonds, AClubs, 6Clubs, AHearts, JHearts, KSpades, JSpades, 4Spades, 2Spades.
P3 AHearts P0 4Hearts P1 7Hearts P2 2Hearts 
P3 2Spades P0 5Spades P1 ASpades P2 3Spades 
P1 3Hearts P2 5Hearts P3 JHearts P0 QHearts 
P3 4Spades P0 6Spades P1 QSpades P2 7Spades 
P2 QDiamonds P3 5Diamonds P0 ADiamonds P1 JDiamonds 
P0 2Diamonds P1 6Hearts P2 7Diamonds P3 6Diamonds 
P2 2Clubs P3 6Clubs P0 KClubs P1 3Clubs 
P0 3Diamonds P1 QClubs P2 4Clubs P3 KSpades 
P1 7Clubs P2 5Clubs P3 AClubs P0 4Diamonds 
P3 JSpades P0 KDiamonds P1 KHearts P2 JClubs 
-- /GAME --

