-- GAME --
P0 2Clubs P1 7Clubs P2 4Clubs 
P3 2Hearts P0 JHearts P1 AHearts P2 3Hearts 
P1 ASpades P2 4Spades P3 7Spades P0 5Spades 
P1 2Spades P2 6Spades P3 3Clubs P0 QSpades 
P0 3Spades P1 JSpades P2 KSpades P3 6Diamonds 
P3 5Hearts P0 KHearts P1 4Hearts P2 QClubs 
P0 2Diamonds P1 5Clubs P2 3Diamonds P3 ADiamonds 
P3 6Hearts P0 4Diamonds P1 QHearts P2 5Diamonds 
P2 JDiamonds P3 JClubs P0 QDiamonds P1 6Clubs 
P2 KDiamonds P3 KClubs P0 7Diamonds P1 7Hearts 
-- /GAME --
P0 HAND: 7Diamonds, JDiamonds, 3Clubs, 7Hearts, 6Hearts, 3Hearts, KSpades, 6Spades, 4Spades, 3Spades.
P1 HAND: ADiamonds, 6Diamonds, 3Diamonds, 2Diamonds, JClubs, 5Clubs, 4Clubs, QHearts, 5Hearts, 2Hearts.
P2 HAND: KDiamonds, QDiamonds, 4Diamonds, AClubs, 7Clubs, KClubs, QClubs, AHearts, 4Hearts, 5Spades.
P3 HAND: 5Diamonds, 6Clubs, 2Clubs, KHearts, JHearts, ASpades, 7Spades, JSpades, QSpades, 2Spades.
P2 AClubs P3 2Clubs P0 3Clubs P1 4Clubs 
P2 AHearts P3 JHearts P0 7Hearts P1 2Hearts 
P2 4Hearts P3 KHearts P0 6Hearts P1 QHearts 
P3 2Spades P0 4Spades P1 5Clubs P2 5Spades 
P2 QClubs P3 6Clubs P0 7Diamonds P1 JClubs 
P0 KSpades P1 5Hearts P2 4Diamonds P3 QSpades 
P2 QDiamonds P3 5Diamonds P0 JDiamonds P1 ADiamonds 
P1 2Diamonds P2 KDiamonds P3 JSpades P0 3Hearts 
P2 KClubs P3 7Spades P0 6Spades P1 3Diamonds 
P1 6Diamonds P2 7Clubs P3 ASpades P0 3Spades 
-- /GAME --
P0 HAND: 7Diamonds, QDiamonds, 4Diamonds, 3Diamonds, 4Clubs, 3Clubs, KHearts, 2Hearts, 3Spades, 2Spades.
P1 HAND: 6Diamonds, 2Diamonds, AClubs, 5Clubs, 2Clubs, QHearts, 3Hearts, ASpades, KSpades, JSpades.
P2 HAND: ADiamonds, KDiamonds, 7Clubs, KClubs, QClubs, 7Hearts, JHearts, 6Hearts, 5Hearts, 7Spades.
P3 HAND: JDiamonds, 5Diamonds, JClubs, 6Clubs, AHearts, 4Hearts, QSpades, 6Spades, 5Spades, 4Spades.
P1 AClubs P2 QClubs P3 JClubs P0 4Clubs 
P1 2Diamonds P2 ADiamonds P3 5Diamonds P0 7Diamonds 
P2 5Hearts P3 AHearts P0 2Hearts P1 QHearts 
P3 4Hearts P0 KHearts P1 3Hearts P2 7Hearts 
P2 6Hearts P3 6Clubs P0 QDiamonds P1 2Clubs 
P2 JHearts P3 4Spades P0 4Diamonds P1 6Diamonds 
P3 JDiamonds P0 3Diamonds P1 5Clubs P2 KDiamonds 
P2 7Spades P3 5Spades P0 2Spades P1 ASpades 
P1 JSpades P2 KClubs P3 6Spades P0 3Spades 
P1 KSpades P2 7Clubs P3 QSpades P0 3Clubs 
-- /GAME --
P0 HAND: 6Diamonds, 3Diamonds, KClubs, 4Clubs, AHearts, 6Hearts, 3Hearts, 2Hearts, 7Spades, 4Spades.
P1 HAND: QDiamonds, 5Diamonds, 4Diamonds, AClubs, QClubs, JHearts, 4Hearts, ASpades, 5Spades, 2Spades.
P2 HAND: 7Diamonds, JDiamonds, 2Diamonds, 7Clubs, 6Clubs, 5Hearts, KSpades, JSpades, QSpades, 3Spades.
P3 HAND: ADiamonds, KDiamonds, JClubs, 5Clubs, 3Clubs, 2Clubs, 7Hearts, KHearts, QHearts, 6Spades.

