-- GAME --
P0 HAND: 7Diamonds, KDiamonds, 5Clubs, 4Clubs, 2Clubs, AHearts, 4Hearts, 2Hearts, 5Spades, 4Spades.
P1 HAND: ADiamonds, 6Diamonds, AClubs, JClubs, QClubs, KHearts, QHearts, KSpades, 6Spades, 3Spades.
P2 HAND: JDiamonds, QDiamonds, 5Diamonds, 7Clubs, 6Clubs, 3Clubs, 7Hearts, JHearts, ASpades, 7Spades.
P3 HAND: 4Diamonds, 3Diamonds, 2Diamonds, KClubs, 6Hearts, 5Hearts, 3Hearts, JSpades, QSpades, 2Spades.
P2 ASpades P3 2Spades P0 5Spades P1 3Spades 
P2 5Diamonds P3 2Diamonds P0 KDiamonds P1 ADiamonds 
P1 6Diamonds P2 QDiamonds P3 3Diamonds P0 7Diamonds 
P0 AHearts P1 QHearts P2 7Hearts P3 3Hearts 
P0 4Spades P1 6Spades P2 7Spades P3 QSpades 
P2 JDiamonds P3 4Diamonds P0 5Clubs P1 QClubs 
P1 JClubs P2 3Clubs P3 KClubs P0 2Clubs 
P3 5Hearts P0 4Hearts P1 KHearts P2 JHearts 
P1 AClubs P2 6Clubs P3 JSpades P0 4Clubs 
P1 KSpades P2 7Clubs P3 6Hearts P0 2Hearts 
-- /GAME --
P0 HAND: ADiamonds, KClubs, QClubs, 6Clubs, 4Clubs, 7Hearts, QHearts, 5Hearts, 3Hearts, 2Spades.
P1 HAND: 7Diamonds, KDiamonds, JDiamonds, QDiamonds, 6Diamonds, 3Clubs, AHearts, JHearts, ASpades, 6Spades.
P2 HAND: 5Diamonds, 3Diamonds, 2Diamonds, 7Clubs, 2Clubs, 4Hearts, 7Spades, QSpades, 4Spades, 3Spades.
P3 HAND: 4Diamonds, AClubs, JClubs, 5Clubs, KHearts, 6Hearts, 2Hearts, KSpades, JSpades, 5Spades.
P1 ASpades P2 3Spades P3 KSpades P0 2Spades 
P1 3Clubs P2 2Clubs P3 AClubs P0 4Clubs 
P3 4Diamonds P0 ADiamonds P1 6Diamonds P2 5Diamonds 
P0 3Hearts P1 JHearts P2 4Hearts P3 2Hearts 
P1 6Spades P2 4Spades P3 5Spades P0 6Clubs 
P1 QDiamonds P2 2Diamonds P3 5Clubs P0 QClubs 

