-- GAME --
P0 HAND: 3Diamonds, AClubs, QClubs, 5Clubs, QHearts, 5Hearts, 4Hearts, 3Hearts, KSpades, 5Spades.
P1 HAND: QDiamonds, 5Diamonds, 7Clubs, 3Clubs, 2Hearts, ASpades, 7Spades, QSpades, 6Spades, 3Spades.
P2 HAND: ADiamonds, KDiamonds, JDiamonds, 6Diamonds, KClubs, JClubs, 6Clubs, 2Clubs, AHearts, KHearts.
P3 HAND: 7Diamonds, 4Diamonds, 2Diamonds, 4Clubs, 7Hearts, JHearts, 6Hearts, JSpades, 4Spades, 2Spades.
P2 ADiamonds P3 2Diamonds P0 3Diamonds P1 5Diamonds 
P2 AHearts P3 6Hearts P0 QHearts P1 2Hearts 
P2 2Clubs P3 4Clubs P0 AClubs P1 3Clubs 
P0 3Hearts P1 QDiamonds P2 KHearts P3 7Hearts 
P3 4Diamonds P0 5Spades P1 3Spades P2 KDiamonds 
P0 4Hearts P1 6Spades P2 6Diamonds P3 JHearts 
P1 QSpades P2 6Clubs P3 2Spades P0 KSpades 
P0 QClubs P1 7Clubs P2 JClubs P3 7Diamonds 
P1 7Spades P2 JDiamonds P3 4Spades P0 5Hearts 
P1 ASpades P2 KClubs P3 JSpades P0 5Clubs 
-- /GAME --
P0 HAND: 7Diamonds, 6Diamonds, JClubs, QClubs, 4Clubs, 3Clubs, 2Clubs, 7Hearts, KHearts, 6Hearts.
P1 HAND: QDiamonds, 5Diamonds, 4Diamonds, 2Diamonds, 6Clubs, 5Hearts, 3Hearts, 6Spades, 3Spades, 2Spades.
P2 HAND: AClubs, 5Clubs, JHearts, QHearts, 4Hearts, ASpades, 7Spades, JSpades, QSpades, 4Spades.
P3 HAND: ADiamonds, KDiamonds, JDiamonds, 3Diamonds, 7Clubs, KClubs, AHearts, 2Hearts, KSpades, 5Spades.
P1 2Diamonds P2 4Spades P3 ADiamonds P0 6Diamonds 
P3 3Diamonds P0 7Diamonds P1 4Diamonds P2 AClubs 
P0 2Clubs P1 6Clubs P2 5Clubs P3 7Clubs 
P3 5Spades P0 7Hearts P1 2Spades P2 ASpades 
P0 JClubs P1 3Spades P2 QSpades P3 KClubs 
P3 JDiamonds P0 KHearts P1 5Diamonds P2 7Spades 
P0 QClubs P1 6Spades P2 JSpades P3 2Hearts 
P3 AHearts P0 6Hearts P1 3Hearts P2 4Hearts 
P3 KDiamonds P0 3Clubs P1 QDiamonds P2 QHearts 
P2 JHearts P3 KSpades P0 4Clubs P1 5Hearts 
-- /GAME --
P0 HAND: 6Diamonds, JClubs, QClubs, 4Clubs, 2Clubs, AHearts, 7Hearts, ASpades, JSpades, 5Spades.
P1 HAND: 7Diamonds, KDiamonds, 5Diamonds, KClubs, 6Clubs, QHearts, 4Hearts, 2Hearts, QSpades, 6Spades.
P2 HAND: QDiamonds, 4Diamonds, 3Diamonds, AClubs, 7Clubs, 5Clubs, KHearts, 3Hearts, 7Spades, 3Spades.
P3 HAND: ADiamonds, JDiamonds, 2Diamonds, 3Clubs, JHearts, 6Hearts, 5Hearts, KSpades, 4Spades, 2Spades.
P0 ASpades P1 6Spades P2 7Spades P3 2Spades 
P0 AHearts P1 2Hearts P2 KHearts P3 5Hearts 
P0 7Hearts P1 4Hearts P2 3Hearts P3 6Hearts 
P0 2Clubs P1 6Clubs P2 5Clubs P3 3Clubs 
P1 5Diamonds P2 3Diamonds P3 ADiamonds P0 6Diamonds 
P3 2Diamonds P0 QClubs P1 KDiamonds P2 QDiamonds 
P0 4Clubs P1 KClubs P2 7Clubs P3 4Spades 
P2 3Spades P3 KSpades P0 5Spades P1 QSpades 
P3 JDiamonds P0 JClubs P1 7Diamonds P2 4Diamonds 
P0 JSpades P1 QHearts P2 AClubs P3 JHearts 
-- /GAME --
P0 HAND: 4Diamonds, 2Diamonds, AClubs, 7Clubs, 3Clubs, JHearts, QHearts, 3Hearts, 7Spades, 3Spades.
P1 HAND: 7Diamonds, 3Diamonds, KClubs, QClubs, 6Clubs, 7Hearts, 5Hearts, KSpades, JSpades, 6Spades.
P2 HAND: JDiamonds, 6Diamonds, 4Clubs, KHearts, 6Hearts, 4Hearts, 2Hearts, ASpades, 4Spades, 2Spades.
P3 HAND: ADiamonds, KDiamonds, QDiamonds, 5Diamonds, JClubs, 5Clubs, 2Clubs, AHearts, QSpades, 5Spades.
P3 ADiamonds P0 2Diamonds P1 7Diamonds P2 6Diamonds 
P3 2Clubs P0 AClubs P1 6Clubs P2 4Clubs 
P0 7Clubs P1 QClubs P2 ASpades P3 5Clubs 
P0 7Spades P1 6Spades P2 4Spades P3 5Spades 
P0 3Spades P1 JSpades P2 2Spades P3 QSpades 
P1 3Diamonds P2 JDiamonds P3 5Diamonds P0 4Diamonds 
P2 2Hearts P3 AHearts P0 3Hearts P1 5Hearts 
P3 QDiamonds P0 JHearts P1 7Hearts P2 4Hearts 
P1 KClubs P2 6Hearts P3 JClubs P0 3Clubs 
P2 KHearts P3 KDiamonds P0 QHearts P1 KSpades 
-- /GAME --

