-- GAME --
P0 HAND: 5Diamonds, KClubs, 2Clubs, AHearts, 7Hearts, JHearts, QHearts, 5Hearts, KSpades, QSpades.
P1 HAND: KDiamonds, QDiamonds, 3Diamonds, 7Clubs, 3Clubs, 6Hearts, 7Spades, 5Spades, 3Spades, 2Spades.
P2 HAND: 6Diamonds, 2Diamonds, AClubs, JClubs, 5Clubs, 4Clubs, ASpades, JSpades, 6Spades, 4Spades.
P3 HAND: ADiamonds, 7Diamonds, JDiamonds, 4Diamonds, QClubs, 6Clubs, KHearts, 4Hearts, 3Hearts, 2Hearts.
P2 AClubs P3 6Clubs P0 KClubs P1 3Clubs 
P2 ASpades P3 2Hearts P0 QSpades P1 7Spades 
P3 ADiamonds P0 5Diamonds P1 KDiamonds P2 2Diamonds 
P3 4Diamonds P0 5Hearts P1 3Diamonds P2 6Diamonds 
P0 2Clubs P1 7Clubs P2 4Clubs P3 QClubs 
P1 2Spades P2 4Spades P3 3Hearts P0 KSpades 
P3 JDiamonds P0 QHearts P1 QDiamonds P2 JClubs 
P0 7Hearts P1 6Hearts P2 5Clubs P3 4Hearts 
P0 AHearts P1 3Spades P2 JSpades P3 KHearts 
P0 JHearts P1 5Spades P2 6Spades P3 7Diamonds 
-- /GAME --
P0 HAND: QDiamonds, 6Diamonds, KClubs, AHearts, QHearts, 4Hearts, 3Hearts, 7Spades, JSpades, 4Spades.
P1 HAND: ADiamonds, 6Clubs, 5Clubs, 4Clubs, 2Clubs, 7Hearts, JHearts, 5Hearts, ASpades, KSpades.
P2 HAND: 7Diamonds, KDiamonds, 5Diamonds, 3Diamonds, 7Clubs, JClubs, 3Clubs, 2Hearts, 6Spades, 3Spades.
P3 HAND: JDiamonds, 4Diamonds, 2Diamonds, AClubs, QClubs, KHearts, 6Hearts, QSpades, 5Spades, 2Spades.
P1 ADiamonds P2 3Diamonds P3 JDiamonds P0 6Diamonds 
P1 2Clubs P2 3Clubs P3 AClubs P0 KClubs 
P3 2Diamonds P0 QDiamonds P1 4Clubs P2 7Diamonds 
P2 2Hearts 
