-- GAME --
P0 HAND: ADiamonds, 4Clubs, 3Clubs, KHearts, JHearts, QHearts, 4Hearts, JSpades, QSpades, 5Spades.
P1 HAND: JDiamonds, QDiamonds, 6Diamonds, 7Clubs, KClubs, 6Clubs, AHearts, 7Spades, KSpades, 3Spades.
P2 HAND: KDiamonds, 3Diamonds, AClubs, JClubs, QClubs, 5Clubs, 7Hearts, 6Hearts, 5Hearts, 4Spades.
P3 HAND: 7Diamonds, 5Diamonds, 4Diamonds, 2Diamonds, 2Clubs, 3Hearts, 2Hearts, ASpades, 6Spades, 2Spades.
P0 ADiamonds P1 6Diamonds P2 KDiamonds P3 2Diamonds 
P0 4Hearts P1 AHearts P2 5Hearts P3 3Hearts 
P1 3Spades P2 4Spades P3 ASpades P0 5Spades 
P3 2Hearts P0 JHearts P1 QDiamonds P2 7Hearts 
P2 3Diamonds P3 4Diamonds P0 3Clubs P1 JDiamonds 
P0 JSpades P1 KSpades P2 5Clubs P3 2Spades 
P2 6Hearts P3 5Diamonds P0 KHearts P1 6Clubs 
P1 KClubs P2 QClubs P3 2Clubs P0 4Clubs 
P1 7Clubs P2 AClubs P3 6Spades P0 QHearts 
P2 JClubs P3 7Diamonds P0 QSpades P1 7Spades 
-- /GAME --
P0 HAND: 7Diamonds, 5Diamonds, 4Diamonds, 7Clubs, KClubs, 6Clubs, 2Clubs, JHearts, 6Hearts, 3Spades.
P1 HAND: JDiamonds, QDiamonds, 6Diamonds, QClubs, 4Clubs, AHearts, QHearts, 7Spades, 5Spades, 2Spades.
P2 HAND: KDiamonds, 2Diamonds, 5Clubs, 7Hearts, 5Hearts, 4Hearts, 3Hearts, ASpades, QSpades, 6Spades.
P3 HAND: ADiamonds, 3Diamonds, AClubs, JClubs, 3Clubs, KHearts, 2Hearts, KSpades, JSpades, 4Spades.
P3 AClubs P0 2Clubs P1 QClubs P2 5Clubs 
P3 2Hearts P0 JHearts P1 AHearts P2 3Hearts 
P1 2Spades P2 ASpades P3 4Spades P0 3Spades 
P2 4Hearts P3 KHearts P0 6Hearts P1 QHearts 
P3 3Clubs P0 7Clubs P1 4Clubs P2 7Hearts 
P0 KClubs P1 5Spades P2 QSpades P3 JClubs 
P0 6Clubs P1 6Diamonds P2 5Hearts P3 KSpades 
P1 QDiamonds P2 2Diamonds P3 3Diamonds P0 7Diamonds 
P0 4Diamonds P1 JDiamonds P2 KDiamonds P3 ADiamonds 
P3 JSpades P0 5Diamonds P1 7Spades P2 6Spades 
-- /GAME --
P0 HAND: 7Diamonds, 5Diamonds, 4Diamonds, 2Diamonds, QClubs, 5Clubs, 2Clubs, JHearts, 4Hearts, 3Spades.
P1 HAND: QDiamonds, 3Diamonds, AClubs, 7Clubs, KHearts, QHearts, 6Hearts, 7Spades, KSpades, 5Spades.
P2 HAND: ADiamonds, JDiamonds, 6Diamonds, KClubs, JClubs, 6Clubs, 7Hearts, 3Hearts, 2Hearts, JSpades.
P3 HAND: KDiamonds, 4Clubs, 3Clubs, AHearts, 5Hearts, ASpades, QSpades, 6Spades, 4Spades, 2Spades.
P2 2Hearts P3 AHearts P0 4Hearts P1 KHearts 
P3 2Spades P0 3Spades P1 5Spades P2 JSpades 
P2 3Hearts P3 5Hearts P0 JHearts P1 6Hearts 
P0 2Clubs P1 AClubs P2 6Clubs P3 4Clubs 
P1 QHearts P2 7Hearts P3 KDiamonds P0 7Diamonds 
P0 5Clubs P1 7Clubs P2 JClubs P3 3Clubs 
P1 3Diamonds P2 6Diamonds P3 4Spades P0 2Diamonds 
P2 JDiamonds P3 6Spades P0 4Diamonds P1 QDiamonds 
P2 ADiamonds P3 QSpades P0 5Diamonds P1 KSpades 
P2 KClubs P3 ASpades P0 QClubs P1 7Spades 
-- /GAME --
P0 HAND: 7Diamonds, 5Diamonds, 4Diamonds, 2Diamonds, AClubs, 7Clubs, 3Clubs, 2Clubs, 6Hearts, KSpades.
P1 HAND: ADiamonds, KDiamonds, 6Diamonds, 7Hearts, KHearts, JHearts, JSpades, QSpades, 3Spades, 2Spades.
P2 HAND: QDiamonds, KClubs, JClubs, 5Hearts, 4Hearts, 3Hearts, 2Hearts, ASpades, 7Spades, 5Spades.
P3 HAND: JDiamonds, 3Diamonds, QClubs, 6Clubs, 5Clubs, 4Clubs, AHearts, QHearts, 6Spades, 4Spades.
P1 ADiamonds P2 QDiamonds P3 JDiamonds P0 2Diamonds 
P1 2Spades P2 ASpades P3 4Spades P0 KSpades 
P2 2Hearts P3 AHearts P0 6Hearts P1 7Hearts 
P3 3Diamonds P0 7Diamonds P1 6Diamonds P2 7Spades 
P0 5Diamonds P1 KDiamonds P2 3Hearts P3 QHearts 
P1 3Spades P2 5Spades P3 6Spades P0 4Diamonds 
P3 4Clubs P0 2Clubs P1 QSpades P2 JClubs 
P2 4Hearts P3 5Clubs P0 3Clubs P1 KHearts 
P3 6Clubs P0 AClubs P1 JHearts P2 KClubs 
P0 7Clubs P1 JSpades P2 5Hearts P3 QClubs 
-- /GAME --

