-- GAME --
P0 HAND: 7Clubs, KClubs, 5Clubs, 2Clubs, AHearts, 5Hearts, KSpades, JSpades, 6Spades, 5Spades.
P1 HAND: KDiamonds, QDiamonds, 4Diamonds, 2Diamonds, QClubs, 6Clubs, 7Hearts, KHearts, JHearts, 6Hearts.
P2 HAND: JDiamonds, 5Diamonds, AClubs, JClubs, 3Clubs, 4Hearts, 3Hearts, 7Spades, QSpades, 2Spades.
P3 HAND: ADiamonds, 7Diamonds, 6Diamonds, 3Diamonds, 4Clubs, QHearts, 2Hearts, ASpades, 4Spades, 3Spades.
P3 ADiamonds P0 2Clubs P1 2Diamonds P2 JDiamonds 
P0 AHearts P1 6Hearts P2 4Hearts P3 2Hearts 
P0 5Spades P1 4Diamonds P2 2Spades P3 ASpades 
P3 3Diamonds P0 5Hearts P1 QDiamonds P2 5Diamonds 
P1 JHearts P2 3Hearts P3 QHearts P0 6Spades 
P1 6Clubs P2 3Clubs P3 4Clubs P0 7Clubs 
P0 KSpades P1 QClubs P2 QSpades P3 4Spades 
P1 KDiamonds P2 JClubs P3 6Diamonds P0 JSpades 
P2 AClubs P3 3Spades P0 5Clubs P1 KHearts 
P2 7Spades P3 7Diamonds P0 KClubs P1 7Hearts 
-- /GAME --
P0 HAND: ADiamonds, 6Diamonds, 4Diamonds, KClubs, 4Clubs, 2Clubs, JHearts, 5Hearts, 2Hearts, ASpades.
P1 HAND: QDiamonds, 6Clubs, 5Clubs, AHearts, 7Hearts, 4Hearts, 3Hearts, KSpades, QSpades, 4Spades.
P2 HAND: 7Diamonds, JDiamonds, 2Diamonds, 7Clubs, 3Clubs, KHearts, 6Hearts, JSpades, 6Spades, 3Spades.
P3 HAND: KDiamonds, 5Diamonds, 3Diamonds, AClubs, JClubs, QClubs, QHearts, 7Spades, 5Spades, 2Spades.
P2 2Diamonds P3 3Diamonds P0 6Diamonds P1 QDiamonds 
P1 AHearts P2 6Hearts P3 QHearts P0 2Hearts 
P1 3Hearts P2 KHearts P3 5Diamonds P0 JHearts 
P2 3Clubs P3 AClubs 
