-- GAME --
P0 HAND: 6Diamonds, 3Diamonds, AClubs, 7Clubs, QClubs, KHearts, 3Hearts, 2Hearts, 7Spades, 4Spades.
P1 HAND: QDiamonds, 2Diamonds, 6Clubs, 4Clubs, AHearts, 7Hearts, ASpades, KSpades, 6Spades, 5Spades.
P2 HAND: JDiamonds, 5Diamonds, 4Diamonds, KClubs, 2Clubs, QHearts, 5Hearts, 4Hearts, JSpades, QSpades.
P3 HAND: ADiamonds, 7Diamonds, KDiamonds, JClubs, 5Clubs, 3Clubs, JHearts, 6Hearts, 3Spades, 2Spades.
P3 ADiamonds P0 3Diamonds P1 QDiamonds P2 4Diamonds 
P3 3Clubs P0 AClubs P1 4Clubs P2 KClubs 
P0 6Diamonds P1 2Diamonds P2 5Diamonds P3 7Diamonds 
P3 5Clubs P0 7Clubs P1 6Clubs P2 2Clubs 
P0 2Hearts P1 AHearts P2 4Hearts P3 JHearts 
P1 5Spades P2 QSpades P3 2Spades P0 7Spades 
P0 3Hearts P1 7Hearts P2 5Hearts P3 6Hearts 
P1 6Spades P2 JSpades P3 3Spades P0 4Spades 
P2 QHearts P3 JClubs P0 KHearts P1 KSpades 
P1 ASpades P2 JDiamonds P3 KDiamonds P0 QClubs 
-- /GAME --
P0 HAND: ADiamonds, QDiamonds, 5Diamonds, 4Diamonds, 3Diamonds, AClubs, 5Hearts, ASpades, 7Spades, 2Spades.
P1 HAND: 7Diamonds, JDiamonds, 6Diamonds, AHearts, KHearts, QHearts, 6Hearts, 3Hearts, 5Spades, 4Spades.
P2 HAND: KDiamonds, KClubs, JClubs, QClubs, 6Clubs, 7Hearts, 2Hearts, KSpades, 6Spades, 3Spades.
P3 HAND: 2Diamonds, 7Clubs, 5Clubs, 4Clubs, 3Clubs, 2Clubs, JHearts, 4Hearts, JSpades, QSpades.
P2 3Spades P3 QSpades P0 ASpades P1 4Spades 
P0 AClubs P1 3Hearts P2 6Clubs P3 7Clubs 
P1 5Spades P2 6Spades P3 JSpades P0 7Spades 
P0 2Spades P1 6Diamonds P2 KSpades P3 2Diamonds 
P2 QClubs P3 2Clubs P0 3Diamonds P1 6Hearts 
P1 JDiamonds P2 KDiamonds P3 4Hearts P0 4Diamonds 
P3 3Clubs P0 5Diamonds P1 QHearts P2 JClubs 
P1 KHearts P2 2Hearts P3 JHearts P0 5Hearts 
P1 AHearts P2 7Hearts P3 4Clubs P0 QDiamonds 
P1 7Diamonds P2 KClubs P3 5Clubs P0 ADiamonds 
-- /GAME --
P0 HAND: 6Diamonds, 5Diamonds, AClubs, QClubs, 2Clubs, KHearts, QHearts, 2Hearts, ASpades, 4Spades.
P1 HAND: ADiamonds, KDiamonds, 7Clubs, AHearts, JHearts, 6Hearts, 5Hearts, KSpades, 6Spades, 2Spades.
P2 HAND: JDiamonds, 4Diamonds, 2Diamonds, JClubs, 4Clubs, 3Clubs, 4Hearts, 7Spades, JSpades, 3Spades.
P3 HAND: 7Diamonds, QDiamonds, 3Diamonds, KClubs, 6Clubs, 5Clubs, 7Hearts, 3Hearts, QSpades, 5Spades.
P1 ADiamonds P2 2Diamonds P3 7Diamonds P0 5Diamonds 
P1 2Spades P2 3Spades P3 5Spades P0 4Spades 
P3 3Diamonds P0 6Diamonds P1 KDiamonds P2 4Diamonds 
P1 6Spades P2 JSpades P3 QSpades P0 ASpades 
P0 AClubs P1 7Clubs P2 JClubs P3 5Clubs 
P0 2Clubs P1 5Hearts P2 3Clubs P3 KClubs 
P1 6Hearts P2 4Hearts P3 3Hearts P0 KHearts 
P0 2Hearts P1 JHearts P2 4Clubs P3 7Hearts 
P3 6Clubs P0 QClubs P1 AHearts P2 JDiamonds 
P1 KSpades P2 7Spades P3 QDiamonds P0 QHearts 
-- /GAME --
P0 HAND: QDiamonds, 5Diamonds, 3Diamonds, KClubs, 6Clubs, 4Clubs, 4Hearts, 7Spades, KSpades, JSpades.
P1 HAND: 7Clubs, QClubs, 5Clubs, 3Clubs, 7Hearts, QHearts, 6Hearts, 3Hearts, 6Spades, 4Spades.
P2 HAND: ADiamonds, 7Diamonds, JDiamonds, 6Diamonds, 4Diamonds, 2Clubs, AHearts, QSpades, 5Spades, 2Spades.
P3 HAND: KDiamonds, 2Diamonds, AClubs, JClubs, KHearts, JHearts, 5Hearts, 2Hearts, ASpades, 3Spades.
P0 4Hearts P1 3Hearts P2 AHearts P3 2Hearts 
P2 2Clubs P3 AClubs P0 4Clubs P1 7Clubs 
P3 ASpades P0 JSpades P1 6Spades P2 2Spades 
P3 3Spades P0 7Spades P1 4Spades P2 QSpades 
P0 6Clubs P1 3Clubs P2 5Spades P3 JClubs 
P3 5Hearts P0 3Diamonds P1 6Hearts P2 4Diamonds 
P2 6Diamonds P3 2Diamonds P0 5Diamonds P1 5Clubs 
P2 JDiamonds P3 KDiamonds P0 QDiamonds P1 7Hearts 
P3 JHearts P0 KClubs P1 QHearts P2 7Diamonds 
P2 ADiamonds P3 KHearts P0 KSpades P1 QClubs 
-- /GAME --
P0 HAND: ADiamonds, KDiamonds, 4Diamonds, JClubs, 4Clubs, 7Hearts, ASpades, JSpades, QSpades, 3Spades.
P1 HAND: 5Diamonds, 2Diamonds, 7Clubs, 5Clubs, AHearts, JHearts, 6Hearts, 2Hearts, 6Spades, 2Spades.
P2 HAND: JDiamonds, QDiamonds, 6Clubs, KHearts, QHearts, 5Hearts, 4Hearts, 3Hearts, 5Spades, 4Spades.
P3 HAND: 7Diamonds, 6Diamonds, 3Diamonds, AClubs, KClubs, QClubs, 3Clubs, 2Clubs, 7Spades, KSpades.
P3 2Clubs P0 4Clubs P1 5Clubs P2 6Clubs 
P2 4Spades P3 KSpades P0 ASpades P1 2Spades 
P0 3Spades P1 6Spades P2 5Spades P3 7Spades 
P3 3Diamonds P0 ADiamonds P1 2Diamonds P2 JDiamonds 
P0 QSpades P1 5Diamonds P2 QDiamonds P3 3Clubs 
P0 JSpades P1 2Hearts P2 3Hearts P3 6Diamonds 
P2 4Hearts P3 QClubs P0 7Hearts P1 AHearts 
P1 6Hearts P2 5Hearts P3 KClubs P0 4Diamonds 
P1 JHearts P2 QHearts P3 7Diamonds P0 JClubs 
P1 7Clubs P2 KHearts P3 AClubs P0 KDiamonds 
-- /GAME --
P0 HAND: QClubs, AHearts, 2Hearts, ASpades, JSpades, 6Spades, 5Spades, 4Spades, 3Spades, 2Spades.
P1 HAND: ADiamonds, KDiamonds, 4Diamonds, KClubs, JClubs, 5Clubs, 7Hearts, 6Hearts, 4Hearts, 3Hearts.
P2 HAND: JDiamonds, 6Diamonds, 3Diamonds, 2Diamonds, 3Clubs, 2Clubs, JHearts, 5Hearts, 7Spades, QSpades.
P3 HAND: 7Diamonds, QDiamonds, 5Diamonds, AClubs, 7Clubs, 6Clubs, 4Clubs, KHearts, QHearts, KSpades.
P2 2Diamonds P3 5Diamonds P0 2Spades P1 ADiamonds 
P1 4Diamonds P2 3Diamonds P3 QDiamonds P0 3Spades 
P3 AClubs P0 QClubs P1 KClubs P2 2Clubs 
P3 4Clubs P0 4Spades P1 5Clubs P2 3Clubs 
P1 JClubs P2 6Diamonds P3 6Clubs P0 5Spades 
P1 3Hearts P2 5Hearts P3 QHearts P0 2Hearts 
P3 KHearts P0 AHearts P1 4Hearts P2 JHearts 
P0 6Spades P1 6Hearts P2 QSpades P3 KSpades 
P1 7Hearts P2 JDiamonds P3 7Diamonds P0 JSpades 
P1 KDiamonds P2 7Spades P3 7Clubs P0 ASpades 
-- /GAME --
P0 HAND: ADiamonds, 7Diamonds, JDiamonds, QDiamonds, 5Diamonds, AClubs, 3Hearts, KSpades, JSpades, 6Spades.
P1 HAND: 4Diamonds, 3Diamonds, 2Diamonds, 4Clubs, 7Hearts, KHearts, JHearts, 6Hearts, ASpades, 4Spades.
P2 HAND: KDiamonds, KClubs, 6Clubs, 5Clubs, 3Clubs, 2Clubs, AHearts, 5Hearts, 4Hearts, 7Spades.
P3 HAND: 6Diamonds, 7Clubs, JClubs, QClubs, QHearts, 2Hearts, QSpades, 5Spades, 3Spades, 2Spades.
P0 3Hearts P1 6Hearts P2 AHearts P3 2Hearts 
P2 4Hearts P3 QHearts P0 6Spades P1 7Hearts 
P1 ASpades P2 7Spades P3 QSpades P0 JSpades 
P1 2Diamonds P2 KDiamonds P3 6Diamonds P0 ADiamonds 
P0 5Diamonds P1 3Diamonds P2 5Hearts P3 2Spades 
P0 QDiamonds P1 4Diamonds P2 2Clubs P3 3Spades 
P2 3Clubs P3 QClubs P0 AClubs P1 4Clubs 
P0 KSpades P1 4Spades P2 5Clubs P3 5Spades 
P2 6Clubs P3 JClubs P0 JDiamonds P1 KHearts 
P3 7Clubs P0 7Diamonds P1 JHearts P2 KClubs 
-- /GAME --
P0 HAND: 7Diamonds, KDiamonds, AClubs, 7Clubs, JClubs, 7Hearts, JHearts, 2Hearts, ASpades, 5Spades.
P1 HAND: 2Diamonds, KClubs, AHearts, KHearts, 4Hearts, 3Hearts, 7Spades, KSpades, 4Spades, 2Spades.
P2 HAND: QDiamonds, 6Diamonds, 5Diamonds, 5Clubs, 4Clubs, 3Clubs, QHearts, 5Hearts, JSpades, 3Spades.
P3 HAND: ADiamonds, JDiamonds, 4Diamonds, 3Diamonds, QClubs, 6Clubs, 2Clubs, 6Hearts, QSpades, 6Spades.
P3 2Clubs P0 AClubs P1 KClubs P2 5Clubs 
P0 ASpades P1 2Spades P2 JSpades P3 6Spades 
P0 5Spades P1 4Spades P2 3Spades P3 QSpades 
P3 6Clubs P0 7Clubs P1 2Diamonds P2 3Clubs 
P1 AHearts P2 5Hearts P3 6Hearts P0 2Hearts 
P1 3Hearts P2 QHearts P3 QClubs P0 7Hearts 
P0 JHearts P1 4Hearts P2 4Clubs P3 3Diamonds 
P3 4Diamonds P0 7Diamonds P1 KHearts P2 5Diamonds 
P0 JClubs P1 KSpades P2 6Diamonds P3 JDiamonds 
P3 ADiamonds P0 KDiamonds P1 7Spades P2 QDiamonds 
-- /GAME --
P0 HAND: 2Diamonds, 7Clubs, KClubs, JClubs, 6Clubs, AHearts, 2Hearts, ASpades, 5Spades, 4Spades.
P1 HAND: 4Diamonds, 3Diamonds, 5Clubs, 4Clubs, 3Clubs, JHearts, 6Hearts, 3Hearts, 7Spades, 2Spades.
P2 HAND: JDiamonds, QDiamonds, 6Diamonds, QClubs, 7Hearts, 5Hearts, KSpades, QSpades, 6Spades, 3Spades.
P3 HAND: ADiamonds, 7Diamonds, KDiamonds, 5Diamonds, AClubs, 2Clubs, KHearts, QHearts, 4Hearts, JSpades.
P2 3Spades P3 JSpades P0 ASpades P1 2Spades 
P0 2Diamonds P1 3Diamonds P2 6Diamonds P3 ADiamonds 
P3 4Hearts P0 AHearts P1 3Hearts P2 7Hearts 
P0 4Spades P1 7Spades P2 6Spades P3 7Diamonds 
P1 4Diamonds P2 QDiamonds P3 5Diamonds P0 2Hearts 
P2 5Hearts P3 QHearts P0 5Spades P1 JHearts 
P1 6Hearts P2 QSpades P3 KHearts P0 7Clubs 
P0 6Clubs P1 3Clubs P2 QClubs P3 2Clubs 
P2 JDiamonds P3 KDiamonds P0 KClubs P1 4Clubs 
P0 JClubs P1 5Clubs P2 KSpades P3 AClubs 
-- /GAME --
P0 HAND: ADiamonds, 7Diamonds, QDiamonds, 3Diamonds, 7Clubs, KClubs, QClubs, KHearts, QHearts, KSpades.
P1 HAND: KDiamonds, 5Diamonds, AClubs, 6Hearts, 5Hearts, 4Hearts, 2Hearts, 7Spades, 6Spades, 3Spades.
P2 HAND: 6Diamonds, 4Diamonds, 2Diamonds, JClubs, 6Clubs, 5Clubs, 4Clubs, 3Hearts, JSpades, 5Spades.
P3 HAND: JDiamonds, 3Clubs, 2Clubs, AHearts, 7Hearts, JHearts, ASpades, QSpades, 4Spades, 2Spades.
P1 AClubs P2 4Clubs P3 3Clubs P0 QClubs 
P1 2Hearts P2 3Hearts P3 AHearts P0 QHearts 
P3 ASpades P0 KSpades P1 7Spades P2 5Spades 
P3 2Clubs P0 7Clubs P1 5Diamonds P2 5Clubs 
P1 3Spades P2 JSpades P3 2Spades P0 KHearts 
P2 6Clubs P3 4Spades P0 KClubs P1 4Hearts 
P0 ADiamonds P1 KDiamonds P2 2Diamonds P3 JDiamonds 
P0 QDiamonds P1 5Hearts P2 4Diamonds P3 QSpades 
P0 7Diamonds P1 6Hearts P2 6Diamonds P3 JHearts 
P0 3Diamonds P1 6Spades P2 JClubs P3 7Hearts 
-- /GAME --
P0 HAND: 5Diamonds, 4Diamonds, 3Diamonds, JClubs, 6Clubs, 5Clubs, 2Clubs, 7Hearts, QSpades, 3Spades.
P1 HAND: KDiamonds, QDiamonds, AClubs, 7Clubs, KHearts, 5Hearts, 3Hearts, 2Hearts, ASpades, 6Spades.
P2 HAND: ADiamonds, JDiamonds, 2Diamonds, QClubs, 3Clubs, JHearts, QHearts, 6Hearts, 4Hearts, KSpades.
P3 HAND: 7Diamonds, 6Diamonds, KClubs, 4Clubs, AHearts, 7Spades, JSpades, 5Spades, 4Spades, 2Spades.
P0 2Clubs P1 AClubs P2 3Clubs P3 KClubs 
P1 2Hearts P2 4Hearts P3 AHearts P0 7Hearts 
P3 4Clubs P0 5Clubs P1 7Clubs P2 QClubs 
P1 3Hearts P2 6Hearts P3 6Diamonds P0 3Diamonds 
P2 2Diamonds P3 7Diamonds P0 4Diamonds P1 KDiamonds 
P3 2Spades P0 3Spades P1 6Spades P2 KSpades 
P2 QHearts P3 4Spades P0 QSpades P1 5Hearts 
P0 6Clubs P1 QDiamonds P2 JDiamonds P3 5Spades 
P3 JSpades P0 5Diamonds P1 ASpades P2 JHearts 
P1 KHearts P2 ADiamonds P3 7Spades P0 JClubs 
-- /GAME --
P0 HAND: 5Diamonds, 4Diamonds, 3Diamonds, 2Diamonds, 7Clubs, 4Clubs, AHearts, 7Hearts, 7Spades, 2Spades.
P1 HAND: KDiamonds, QDiamonds, 6Diamonds, KClubs, 3Clubs, 4Hearts, 2Hearts, KSpades, JSpades, 4Spades.
P2 HAND: ADiamonds, 7Diamonds, AClubs, JClubs, QClubs, KHearts, JHearts, 6Hearts, 3Hearts, QSpades.
P3 HAND: JDiamonds, 6Clubs, 5Clubs, 2Clubs, QHearts, 5Hearts, ASpades, 6Spades, 5Spades, 3Spades.
P1 2Hearts P2 3Hearts P3 5Hearts 
