-- GAME --
P0 HAND: KDiamonds, JDiamonds, QDiamonds, 6Diamonds, QClubs, 5Clubs, 4Clubs, KHearts, JHearts, 7Spades.
P1 HAND: 4Diamonds, AClubs, 6Clubs, 3Clubs, 5Hearts, 4Hearts, 2Hearts, ASpades, KSpades, JSpades.
P2 HAND: ADiamonds, 7Diamonds, 3Diamonds, 2Diamonds, KClubs, 7Hearts, QHearts, 6Spades, 4Spades, 2Spades.
P3 HAND: 5Diamonds, 7Clubs, JClubs, 2Clubs, AHearts, 6Hearts, 3Hearts, QSpades, 5Spades, 3Spades.
P1 AClubs P2 KClubs P3 7Clubs P0 4Clubs 
P1 ASpades P2 2Spades P3 QSpades P0 7Spades 
P1 3Clubs P2 2Diamonds P3 JClubs P0 5Clubs 
P3 2Clubs P0 QClubs P1 6Clubs P2 ADiamonds 
P0 6Diamonds P1 4Diamonds P2 7Diamonds P3 5Diamonds 
P2 3Diamonds P3 3Spades P0 KDiamonds P1 2Hearts 
P1 JSpades P2 4Spades P3 5Spades P0 KHearts 
P0 QDiamonds P1 4Hearts P2 6Spades P3 3Hearts 
P1 5Hearts P2 QHearts P3 6Hearts P0 JHearts 
P0 JDiamonds P1 KSpades P2 7Hearts P3 AHearts 
-- /GAME --
P0 HAND: JDiamonds, AClubs, 3Clubs, AHearts, QHearts, 2Hearts, 5Spades, 4Spades, 3Spades, 2Spades.
P1 HAND: ADiamonds, QDiamonds, 4Diamonds, 7Clubs, 5Clubs, 7Hearts, KHearts, 6Hearts, 4Hearts, QSpades.
P2 HAND: 7Diamonds, KDiamonds, 5Diamonds, 6Clubs, 2Clubs, JHearts, 5Hearts, ASpades, 7Spades, JSpades.
P3 HAND: 6Diamonds, 3Diamonds, 2Diamonds, KClubs, JClubs, QClubs, 4Clubs, 3Hearts, KSpades, 6Spades.
P0 AClubs P1 5Clubs P2 6Clubs P3 4Clubs 
P0 AHearts P1 4Hearts P2 JHearts P3 3Hearts 
P0 2Spades P1 QSpades P2 ASpades P3 6Spades 
P2 2Clubs P3 QClubs P0 3Clubs P1 7Clubs 
P1 6Hearts P2 5Hearts P3 2Diamonds P0 2Hearts 
P3 JClubs P0 JDiamonds P1 ADiamonds P2 JSpades 
P1 4Diamonds P2 5Diamonds P3 3Diamonds P0 QHearts 
P2 KDiamonds P3 6Diamonds P0 5Spades P1 QDiamonds 
P2 7Diamonds P3 KClubs P0 4Spades P1 KHearts 
P2 7Spades P3 KSpades P0 3Spades P1 7Hearts 
-- /GAME --
P0 HAND: ADiamonds, QDiamonds, 6Diamonds, 3Diamonds, 2Diamonds, AClubs, JHearts, 7Spades, QSpades, 2Spades.
P1 HAND: KDiamonds, JDiamonds, JClubs, QClubs, 7Hearts, KHearts, 3Hearts, 2Hearts, ASpades, 5Spades.
P2 HAND: 7Diamonds, 5Diamonds, 4Diamonds, 5Clubs, 4Clubs, 3Clubs, QHearts, 6Hearts, 4Hearts, 6Spades.
P3 HAND: 7Clubs, KClubs, 6Clubs, 2Clubs, AHearts, 5Hearts, KSpades, JSpades, 4Spades, 3Spades.
P3 AHearts P0 JHearts P1 7Hearts P2 4Hearts 
P3 2Clubs P0 AClubs P1 QClubs P2 5Clubs 
P0 2Spades P1 ASpades P2 6Spades P3 KSpades 
P1 2Hearts P2 6Hearts P3 5Hearts P0 7Spades 
P2 3Clubs P3 6Clubs P0 QSpades P1 JClubs 
P1 3Hearts P2 QHearts P3 3Spades P0 2Diamonds 
P0 3Diamonds P1 JDiamonds P2 4Diamonds P3 7Clubs 
P1 5Spades P2 4Clubs P3 4Spades P0 QDiamonds 
P0 6Diamonds P1 KDiamonds P2 5Diamonds P3 KClubs 
P1 KHearts P2 7Diamonds P3 JSpades P0 ADiamonds 
-- /GAME --
P0 HAND: 2Diamonds, JClubs, 6Clubs, 5Clubs, 7Hearts, KHearts, 4Hearts, QSpades, 6Spades, 5Spades.
P1 HAND: ADiamonds, KDiamonds, QDiamonds, 3Diamonds, 7Clubs, KClubs, 4Clubs, 6Hearts, 7Spades, 3Spades.
P2 HAND: JDiamonds, AClubs, QClubs, 3Clubs, 2Clubs, JHearts, QHearts, ASpades, KSpades, 4Spades.
P3 HAND: 7Diamonds, 6Diamonds, 5Diamonds, 4Diamonds, AHearts, 5Hearts, 3Hearts, 2Hearts, JSpades, 2Spades.
P2 AClubs P3 2Hearts P0 5Clubs P1 7Clubs 
P3 2Spades P0 5Spades P1 3Spades P2 ASpades 
P2 2Clubs P3 4Diamonds P0 JClubs P1 KClubs 
P1 3Diamonds P2 JDiamonds P3 5Diamonds P0 2Diamonds 
P2 3Clubs P3 6Diamonds P0 6Clubs P1 4Clubs 
P0 QSpades P1 7Spades P2 4Spades P3 JSpades 
P1 QDiamonds P2 QClubs P3 7Diamonds P0 7Hearts 
P0 6Spades P1 6Hearts P2 KSpades P3 3Hearts 
P1 KDiamonds P2 QHearts P3 AHearts P0 4Hearts 
P3 5Hearts P0 KHearts P1 ADiamonds P2 JHearts 
-- /GAME --
P0 HAND: KDiamonds, 7Clubs, JClubs, 6Clubs, 7Hearts, 6Hearts, 4Hearts, QSpades, 6Spades, 2Spades.
P1 HAND: 7Diamonds, JDiamonds, 3Diamonds, QClubs, AHearts, QHearts, 5Hearts, 3Hearts, ASpades, JSpades.
P2 HAND: QDiamonds, 5Diamonds, 2Diamonds, 4Clubs, 3Clubs, KHearts, JHearts, 7Spades, 5Spades, 3Spades.
P3 HAND: ADiamonds, 6Diamonds, 4Diamonds, AClubs, KClubs, 5Clubs, 2Clubs, 2Hearts, KSpades, 4Spades.
P1 AHearts P2 JHearts P3 2Hearts P0 4Hearts 
P1 3Diamonds P2 2Diamonds P3 ADiamonds P0 KDiamonds 
P3 AClubs P0 6Clubs P1 QClubs P2 3Clubs 
P3 2Clubs P0 7Clubs P1 JSpades P2 4Clubs 
P1 3Hearts P2 KHearts P3 4Diamonds P0 7Hearts 
P0 JClubs P1 5Hearts P2 5Diamonds P3 KClubs 
P3 5Clubs P0 6Hearts P1 QHearts P2 QDiamonds 
P3 6Diamonds P0 2Spades P1 JDiamonds P2 3Spades 
P2 5Spades P3 4Spades P0 6Spades P1 ASpades 
P1 7Diamonds P2 7Spades P3 KSpades P0 QSpades 
-- /GAME --
P0 HAND: ADiamonds, 7Diamonds, QDiamonds, 6Diamonds, JClubs, 6Clubs, 4Clubs, 3Clubs, 7Spades, 3Spades.
P1 HAND: KDiamonds, 5Diamonds, AHearts, KHearts, JHearts, QHearts, 6Hearts, 5Hearts, QSpades, 6Spades.
P2 HAND: 3Diamonds, 2Diamonds, AClubs, KClubs, QClubs, 2Clubs, 7Hearts, JSpades, 5Spades, 2Spades.
P3 HAND: JDiamonds, 4Diamonds, 7Clubs, 5Clubs, 4Hearts, 3Hearts, 2Hearts, ASpades, KSpades, 4Spades.

