-- GAME --
P0 HAND: 6Diamonds, 5Diamonds, 4Diamonds, 3Clubs, KHearts, JHearts, QHearts, 4Hearts, 6Spades, 4Spades.
P1 HAND: 7Diamonds, 2Diamonds, KClubs, 5Clubs, AHearts, 6Hearts, 5Hearts, 3Hearts, 2Hearts, 2Spades.
P2 HAND: KDiamonds, 3Diamonds, QClubs, 6Clubs, 2Clubs, 7Hearts, ASpades, JSpades, QSpades, 3Spades.
P3 HAND: ADiamonds, JDiamonds, QDiamonds, AClubs, 7Clubs, JClubs, 4Clubs, 7Spades, KSpades, 5Spades.
P3 AClubs P0 3Clubs P1 KClubs P2 2Clubs 
P3 4Clubs P0 6Spades P1 5Clubs P2 QClubs 
P2 3Spades P3 5Spades P0 4Spades P1 2Spades 
P3 JClubs P0 5Diamonds P1 2Hearts P2 6Clubs 
P0 4Hearts P1 AHearts P2 7Hearts P3 7Clubs 
P1 3Hearts P2 QSpades P3 QDiamonds P0 QHearts 
P3 JDiamonds P0 4Diamonds P1 2Diamonds P2 3Diamonds 
P3 ADiamonds P0 6Diamonds P1 7Diamonds P2 KDiamonds 
P3 KSpades P0 KHearts P1 5Hearts P2 ASpades 
P2 JSpades P3 7Spades P0 JHearts P1 6Hearts 
-- /GAME --
P0 HAND: QDiamonds, 3Diamonds, 2Diamonds, 5Clubs, KHearts, JHearts, QHearts, QSpades, 6Spades, 2Spades.
P1 HAND: KDiamonds, JDiamonds, 6Diamonds, 5Diamonds, AClubs, KClubs, 3Clubs, 6Hearts, 4Hearts, KSpades.
P2 HAND: 7Diamonds, JClubs, QClubs, 7Hearts, 3Hearts, 7Spades, JSpades, 5Spades, 4Spades, 3Spades.
P3 HAND: ADiamonds, 4Diamonds, 7Clubs, 6Clubs, 4Clubs, 2Clubs, AHearts, 5Hearts, 2Hearts, ASpades.
P2 3Hearts P3 AHearts P0 QHearts P1 6Hearts 
P3 ADiamonds P0 3Diamonds P1 KDiamonds P2 7Diamonds 
P3 ASpades P0 6Spades P1 KSpades P2 3Spades 
P3 2Hearts P0 JHearts P1 4Hearts P2 7Hearts 
P2 4Spades P3 4Diamonds P0 2Spades P1 5Diamonds 
P2 5Spades P3 5Hearts P0 QSpades P1 6Diamonds 
P0 2Diamonds P1 JDiamonds P2 QClubs P3 7Clubs 
P3 2Clubs P0 5Clubs P1 3Clubs P2 JClubs 
P2 JSpades P3 4Clubs P0 QDiamonds P1 KClubs 
P1 AClubs P2 7Spades P3 6Clubs P0 KHearts 
-- /GAME --
P0 HAND: QDiamonds, 6Diamonds, 4Diamonds, 3Diamonds, QClubs, 6Clubs, 4Clubs, 2Clubs, 3Hearts, 2Hearts.
P1 HAND: 2Diamonds, 7Clubs, 3Clubs, KHearts, JHearts, ASpades, JSpades, 6Spades, 3Spades, 2Spades.
P2 HAND: ADiamonds, JDiamonds, 5Diamonds, 5Clubs, 7Hearts, 6Hearts, 7Spades, KSpades, QSpades, 4Spades.
P3 HAND: 7Diamonds, KDiamonds, AClubs, KClubs, JClubs, AHearts, QHearts, 5Hearts, 4Hearts, 5Spades.

