-- GAME --
P0 HAND: KDiamonds, QDiamonds, 4Diamonds, 7Clubs, 3Clubs, AHearts, 7Hearts, JHearts, 5Hearts, 4Spades.
P1 HAND: ADiamonds, JDiamonds, 5Diamonds, JClubs, KHearts, QHearts, 6Hearts, 3Hearts, 2Hearts, 6Spades.
P2 HAND: 6Diamonds, 3Diamonds, QClubs, 6Clubs, 5Clubs, 4Clubs, 7Spades, JSpades, 5Spades, 2Spades.
P3 HAND: 7Diamonds, 2Diamonds, AClubs, KClubs, 2Clubs, 4Hearts, ASpades, KSpades, QSpades, 3Spades.
P3 ASpades P0 4Spades P1 6Spades P2 2Spades 
P3 2Diamonds P0 KDiamonds P1 ADiamonds P2 3Diamonds 
P1 2Hearts P2 5Spades P3 4Hearts P0 7Hearts 
P0 QDiamonds P1 5Diamonds P2 6Diamonds P3 7Diamonds 
P3 3Spades P0 4Diamonds P1 3Hearts P2 7Spades 
P2 JSpades P3 QSpades P0 JHearts P1 JClubs 
P1 6Hearts P2 4Clubs P3 2Clubs P0 5Hearts 
P2 5Clubs P3 KClubs P0 7Clubs P1 QHearts 
P0 3Clubs P1 JDiamonds P2 6Clubs P3 AClubs 
P3 KSpades P0 AHearts P1 KHearts P2 QClubs 
-- /GAME --
P0 HAND: KDiamonds, QDiamonds, 3Diamonds, AClubs, 4Clubs, AHearts, QHearts, 4Hearts, QSpades, 2Spades.
P1 HAND: 7Diamonds, JDiamonds, 4Diamonds, 7Clubs, 7Hearts, 3Hearts, 2Hearts, KSpades, JSpades, 6Spades.
P2 HAND: ADiamonds, 6Diamonds, 2Diamonds, JClubs, 6Clubs, 3Clubs, 2Clubs, JHearts, 6Hearts, 4Spades.
P3 HAND: 5Diamonds, KClubs, QClubs, 5Clubs, KHearts, 5Hearts, ASpades, 7Spades, 5Spades, 3Spades.

