-- GAME --
P0 HAND: ADiamonds, 7Diamonds, QDiamonds, 4Diamonds, 2Diamonds, 7Clubs, 6Clubs, 4Clubs, KSpades, 3Spades.
P1 HAND: KDiamonds, 3Diamonds, AClubs, 5Clubs, 3Clubs, 7Hearts, JHearts, QSpades, 6Spades, 2Spades.
P2 HAND: JDiamonds, 6Diamonds, JClubs, 2Clubs, KHearts, 3Hearts, 2Hearts, ASpades, 7Spades, JSpades.
P3 HAND: 5Diamonds, KClubs, QClubs, AHearts, QHearts, 6Hearts, 5Hearts, 4Hearts, 5Spades, 4Spades.
P2 ASpades P3 4Spades P0 KSpades P1 2Spades 
P2 2Hearts P3 AHearts P0 7Clubs P1 JHearts 
P0 ADiamonds P1 3Diamonds P2 JDiamonds P3 5Diamonds 
P0 3Spades P1 6Spades P2 7Spades P3 5Spades 
P2 3Hearts P3 4Hearts P0 2Diamonds P1 7Hearts 
P1 QSpades P2 JSpades P3 QClubs P0 4Diamonds 
P3 5Hearts P0 QDiamonds P1 3Clubs P2 KHearts 
P1 5Clubs P2 2Clubs P3 KClubs P0 4Clubs 
P3 6Hearts P0 7Diamonds P1 AClubs P2 6Diamonds 
P1 KDiamonds P2 JClubs P3 QHearts P0 6Clubs 
-- /GAME --
P0 HAND: 7Diamonds, KDiamonds, 6Diamonds, AClubs, 7Clubs, 4Clubs, AHearts, KHearts, 3Hearts, 7Spades.
P1 HAND: ADiamonds, 5Diamonds, 2Diamonds, QClubs, 6Clubs, 5Clubs, 4Hearts, KSpades, 4Spades, 3Spades.
P2 HAND: JDiamonds, 4Diamonds, 3Clubs, JHearts, 6Hearts, 2Hearts, ASpades, JSpades, QSpades, 6Spades.
P3 HAND: QDiamonds, 3Diamonds, KClubs, JClubs, 2Clubs, 7Hearts, QHearts, 5Hearts, 5Spades, 2Spades.
P1 3Spades P2 ASpades P3 2Spades P0 7Spades 
P2 2Hearts P3 5Hearts P0 KHearts P1 4Hearts 
P0 KDiamonds P1 2Diamonds P2 4Diamonds P3 3Diamonds 
P0 6Diamonds P1 5Diamonds P2 JDiamonds P3 QDiamonds 
P2 3Clubs P3 2Clubs P0 AClubs P1 5Clubs 
P0 7Clubs P1 6Clubs P2 JHearts P3 JClubs 
P0 4Clubs P1 QClubs P2 6Hearts P3 KClubs 
P3 5Spades P0 3Hearts P1 KSpades P2 6Spades 
P1 4Spades P2 QSpades P3 QHearts P0 AHearts 
P2 JSpades P3 7Hearts P0 7Diamonds P1 ADiamonds 
-- /GAME --
P0 HAND: KClubs, JClubs, 4Clubs, 2Clubs, AHearts, JHearts, ASpades, 7Spades, JSpades, 4Spades.
P1 HAND: 7Diamonds, 4Diamonds, 7Clubs, 5Clubs, 7Hearts, 3Hearts, 2Hearts, QSpades, 6Spades, 5Spades.
P2 HAND: QDiamonds, 6Diamonds, 5Diamonds, 3Diamonds, AClubs, 6Clubs, 3Clubs, 5Hearts, KSpades, 2Spades.
P3 HAND: ADiamonds, KDiamonds, JDiamonds, 2Diamonds, QClubs, KHearts, QHearts, 6Hearts, 4Hearts, 3Spades.

