-- GAME --
P0 HAND: 5Diamonds, AClubs, JClubs, 5Clubs, 3Clubs, 7Hearts, KHearts, 7Spades, KSpades, 2Spades.
P1 HAND: QDiamonds, KClubs, QClubs, 4Clubs, JHearts, QHearts, 4Hearts, 2Hearts, JSpades, 4Spades.
P2 HAND: 7Diamonds, JDiamonds, 6Clubs, 2Clubs, AHearts, 6Hearts, 3Hearts, QSpades, 5Spades, 3Spades.
P3 HAND: ADiamonds, KDiamonds, 6Diamonds, 4Diamonds, 3Diamonds, 2Diamonds, 7Clubs, 5Hearts, ASpades, 6Spades.
P3 2Diamonds P0 5Diamonds P1 QDiamonds P2 7Diamonds 
P2 AHearts P3 5Hearts P0 7Hearts P1 2Hearts 
P2 2Clubs P3 7Clubs P0 AClubs P1 4Clubs 
P0 5Clubs P1 QClubs P2 6Clubs P3 ADiamonds 
P1 4Hearts P2 3Hearts P3 3Diamonds P0 KHearts 
P0 JClubs P1 KClubs P2 3Spades P3 6Spades 
P3 4Diamonds P0 3Clubs P1 QHearts P2 JDiamonds 
P2 6Hearts P3 6Diamonds P0 7Spades P1 JHearts 
P0 2Spades P1 4Spades P2 5Spades P3 ASpades 
P3 KDiamonds P0 KSpades P1 JSpades P2 QSpades 
-- /GAME --
P0 HAND: 6Diamonds, 5Diamonds, AClubs, 7Clubs, 5Clubs, 4Clubs, 3Clubs, 5Hearts, 7Spades, 2Spades.
P1 HAND: ADiamonds, 7Diamonds, KDiamonds, JDiamonds, AHearts, KHearts, QHearts, JSpades, 6Spades, 4Spades.
P2 HAND: QDiamonds, 3Diamonds, JClubs, QClubs, 7Hearts, JHearts, 3Hearts, ASpades, QSpades, 3Spades.
P3 HAND: 4Diamonds, 2Diamonds, KClubs, 6Clubs, 2Clubs, 6Hearts, 4Hearts, 2Hearts, KSpades, 5Spades.
P2 ASpades P3 5Spades P0 7Spades P1 4Spades 
P2 3Hearts P3 2Hearts P0 5Hearts P1 AHearts 
P1 6Spades P2 3Spades P3 KSpades P0 2Spades 
P3 2Clubs P0 AClubs P1 JDiamonds P2 QClubs 
P1 QHearts P2 JHearts P3 4Hearts P0 7Clubs 
P2 QSpades P3 6Clubs P0 5Clubs P1 JSpades 
P1 KDiamonds P2 3Diamonds P3 2Diamonds P0 5Diamonds 
P1 7Diamonds P2 QDiamonds P3 4Diamonds P0 6Diamonds 
P1 ADiamonds P2 JClubs P3 6Hearts P0 3Clubs 
P1 KHearts P2 7Hearts P3 KClubs P0 4Clubs 
-- /GAME --
P0 HAND: JDiamonds, QDiamonds, 5Diamonds, QClubs, 2Clubs, 4Hearts, 2Hearts, KSpades, 5Spades, 3Spades.
P1 HAND: KDiamonds, 4Diamonds, 3Diamonds, 2Diamonds, 5Clubs, 4Clubs, KHearts, QHearts, 3Hearts, 7Spades.
P2 HAND: 7Diamonds, 7Clubs, JClubs, 6Clubs, AHearts, 7Hearts, JHearts, 6Hearts, 5Hearts, 4Spades.
P3 HAND: ADiamonds, 6Diamonds, AClubs, KClubs, 3Clubs, ASpades, JSpades, QSpades, 6Spades, 2Spades.
P1 2Diamonds P2 7Diamonds P3 ADiamonds P0 5Diamonds 
P3 AClubs P0 2Clubs P1 5Clubs P2 6Clubs 
P3 2Spades P0 KSpades P1 7Spades P2 4Spades 
P1 3Diamonds P2 5Hearts P3 6Diamonds P0 JDiamonds 
P2 JClubs P3 3Clubs P0 QClubs P1 4Clubs 
P2 6Hearts P3 6Spades P0 2Hearts P1 3Hearts 
P2 JHearts P3 QSpades P0 4Hearts P1 KHearts 
P1 4Diamonds P2 7Hearts P3 JSpades P0 QDiamonds 
P2 AHearts P3 KClubs P0 5Spades P1 QHearts 
P2 7Clubs P3 ASpades P0 3Spades P1 KDiamonds 
-- /GAME --
P0 HAND: 7Diamonds, 5Diamonds, AHearts, 7Hearts, JHearts, QHearts, 6Hearts, 4Hearts, 2Hearts, 6Spades.
P1 HAND: ADiamonds, 6Diamonds, 2Diamonds, 7Clubs, 5Clubs, 2Clubs, KHearts, QSpades, 5Spades, 4Spades.
P2 HAND: JDiamonds, KClubs, JClubs, QClubs, 6Clubs, 4Clubs, 3Clubs, 7Spades, KSpades, 3Spades.
P3 HAND: KDiamonds, QDiamonds, 4Diamonds, 3Diamonds, AClubs, 5Hearts, 3Hearts, ASpades, JSpades, 2Spades.
P0 6Spades P1 4Spades P2 3Spades P3 ASpades 
P3 AClubs P0 7Hearts P1 2Clubs P2 KClubs 
P0 5Diamonds P1 ADiamonds P2 JDiamonds P3 KDiamonds 
P1 2Diamonds P2 3Clubs P3 3Diamonds P0 7Diamonds 
P0 AHearts P1 KHearts P2 7Spades P3 3Hearts 
P0 JHearts P1 5Clubs P2 KSpades P3 5Hearts 
P0 QHearts P1 5Spades P2 JClubs P3 2Spades 
P0 6Hearts P1 6Diamonds P2 4Clubs P3 4Diamonds 
P0 4Hearts P1 QSpades P2 6Clubs P3 QDiamonds 
P0 2Hearts P1 7Clubs P2 QClubs P3 JSpades 
-- /GAME --
P0 HAND: 7Diamonds, QDiamonds, 3Diamonds, 2Diamonds, AClubs, JClubs, 4Clubs, 7Hearts, QHearts, KSpades.
P1 HAND: 6Diamonds, QClubs, 2Clubs, KHearts, 3Hearts, 2Hearts, JSpades, 5Spades, 4Spades, 3Spades.
P2 HAND: ADiamonds, KDiamonds, 5Diamonds, 7Clubs, KClubs, 6Clubs, 5Clubs, 6Hearts, 7Spades, 6Spades.
P3 HAND: JDiamonds, 4Diamonds, 3Clubs, AHearts, JHearts, 5Hearts, 4Hearts, ASpades, QSpades, 2Spades.
P3 AHearts P0 QHearts P1 KHearts P2 6Hearts 
P3 ASpades P0 KSpades P1 JSpades P2 6Spades 
P3 2Spades P0 4Clubs P1 3Spades P2 7Spades 
P2 5Clubs P3 3Clubs P0 JClubs P1 2Clubs 
P0 AClubs P1 QClubs P2 6Clubs P3 4Diamonds 
P3 4Hearts P0 7Hearts P1 2Hearts P2 7Clubs 
P0 3Diamonds P1 6Diamonds P2 5Diamonds P3 JDiamonds 
P3 5Hearts P0 7Diamonds P1 3Hearts P2 KClubs 
P0 2Diamonds P1 4Spades P2 KDiamonds P3 QSpades 
P2 ADiamonds P3 JHearts P0 QDiamonds P1 5Spades 
-- /GAME --
P0 HAND: KDiamonds, 5Diamonds, 3Diamonds, 7Clubs, 3Clubs, 4Hearts, KSpades, QSpades, 5Spades, 3Spades.
P1 HAND: 7Diamonds, QDiamonds, AClubs, 6Clubs, 4Clubs, AHearts, JHearts, 6Hearts, ASpades, 6Spades.
P2 HAND: JDiamonds, 4Diamonds, JClubs, QClubs, 7Hearts, KHearts, 3Hearts, 2Hearts, 7Spades, 4Spades.
P3 HAND: ADiamonds, 6Diamonds, 2Diamonds, KClubs, 5Clubs, 2Clubs, QHearts, 5Hearts, JSpades, 2Spades.
P2 2Hearts P3 5Hearts P0 4Hearts P1 AHearts 
P1 AClubs P2 QClubs P3 KClubs P0 3Clubs 
P1 4Clubs P2 JClubs P3 2Clubs P0 7Clubs 
P0 3Diamonds P1 QDiamonds P2 4Diamonds P3 ADiamonds 
P3 2Diamonds P0 5Diamonds P1 7Diamonds P2 JDiamonds 
P1 6Clubs P2 3Hearts P3 5Clubs P0 QSpades 
P0 5Spades P1 6Spades P2 4Spades P3 2Spades 
P1 6Hearts P2 KHearts P3 QHearts P0 KDiamonds 
P2 7Spades P3 JSpades P0 3Spades P1 ASpades 
P1 JHearts P2 7Hearts P3 6Diamonds P0 KSpades 
-- /GAME --
P0 HAND: KDiamonds, 3Diamonds, 2Diamonds, 5Clubs, 4Clubs, 2Clubs, ASpades, 7Spades, KSpades, 6Spades.
P1 HAND: JDiamonds, 6Diamonds, AClubs, QClubs, 3Clubs, 5Hearts, JSpades, 5Spades, 4Spades, 2Spades.
P2 HAND: 7Diamonds, QDiamonds, 5Diamonds, 4Diamonds, 7Clubs, KClubs, 6Clubs, AHearts, 2Hearts, 3Spades.
P3 HAND: ADiamonds, JClubs, 7Hearts, KHearts, JHearts, QHearts, 6Hearts, 4Hearts, 3Hearts, QSpades.
P1 AClubs P2 6Clubs P3 JClubs P0 5Clubs 
P1 2Spades P2 3Spades P3 QSpades P0 ASpades 
P0 3Diamonds P1 6Diamonds P2 4Diamonds P3 ADiamonds 
P3 3Hearts P0 4Clubs P1 5Hearts P2 AHearts 
P2 2Hearts P3 4Hearts P0 KDiamonds P1 3Clubs 
P0 2Diamonds P1 JDiamonds P2 5Diamonds P3 7Hearts 
P1 4Spades P2 QDiamonds P3 6Hearts P0 7Spades 
P2 7Diamonds P3 QHearts P0 KSpades P1 5Spades 
P2 KClubs P3 JHearts P0 2Clubs P1 QClubs 
P2 7Clubs P3 KHearts P0 6Spades P1 JSpades 
-- /GAME --
P0 HAND: QDiamonds, AClubs, QClubs, 5Clubs, AHearts, QHearts, 5Hearts, 2Hearts, 5Spades, 3Spades.
P1 HAND: KDiamonds, 4Diamonds, 2Clubs, 7Hearts, KHearts, ASpades, 7Spades, QSpades, 4Spades, 2Spades.
P2 HAND: ADiamonds, 7Diamonds, 6Diamonds, 5Diamonds, 7Clubs, JClubs, 6Clubs, 4Clubs, 6Hearts, 4Hearts.
P3 HAND: JDiamonds, 3Diamonds, 2Diamonds, KClubs, 3Clubs, JHearts, 3Hearts, KSpades, JSpades, 6Spades.
P0 QDiamonds P1 4Diamonds P2 ADiamonds P3 2Diamonds 
P2 4Clubs P3 3Clubs P0 5Clubs P1 2Clubs 
P0 5Spades P1 ASpades P2 4Hearts P3 6Spades 
P2 5Diamonds P3 3Diamonds P0 3Spades P1 KDiamonds 
P1 2Spades P2 6Diamonds P3 JSpades P0 QClubs 
P3 JDiamonds P0 QHearts P1 KHearts P2 7Diamonds 
P1 4Spades P2 6Clubs P3 KSpades P0 5Hearts 
P0 2Hearts P1 7Hearts P2 6Hearts P3 3Hearts 
P1 QSpades P2 JClubs P3 JHearts P0 AHearts 
P0 AClubs P1 7Spades P2 7Clubs P3 KClubs 
-- /GAME --
P0 HAND: JDiamonds, 5Diamonds, 5Clubs, 4Clubs, 3Clubs, 2Clubs, 5Hearts, ASpades, 6Spades, 5Spades.
P1 HAND: ADiamonds, QDiamonds, 6Diamonds, 7Clubs, KClubs, AHearts, 7Hearts, JHearts, QHearts, 3Hearts.
P2 HAND: 7Diamonds, 4Diamonds, 3Diamonds, 2Diamonds, QClubs, 6Clubs, 6Hearts, 2Hearts, 7Spades, 3Spades.
P3 HAND: KDiamonds, AClubs, JClubs, KHearts, 4Hearts, KSpades, JSpades, QSpades, 4Spades, 2Spades.
P3 AClubs P0 3Clubs P1 7Clubs P2 6Clubs 
P3 2Spades P0 5Spades P1 3Hearts P2 7Spades 
P2 2Hearts P3 4Hearts P0 5Hearts P1 AHearts 
P1 QHearts P2 6Hearts P3 KHearts P0 JDiamonds 
P0 ASpades P1 6Diamonds P2 3Spades P3 KSpades 
P1 JHearts P2 QClubs P3 KDiamonds P0 6Spades 
P3 4Spades P0 5Clubs P1 QDiamonds P2 2Diamonds 
P1 ADiamonds P2 3Diamonds P3 JClubs P0 5Diamonds 
P1 KClubs P2 4Diamonds P3 QSpades P0 4Clubs 
P2 7Diamonds P3 JSpades P0 2Clubs P1 7Hearts 
-- /GAME --
P0 HAND: ADiamonds, QDiamonds, 4Diamonds, AClubs, 7Clubs, JClubs, QClubs, 2Clubs, QHearts, 5Spades.
P1 HAND: 7Diamonds, 5Diamonds, KClubs, 5Clubs, KHearts, JHearts, ASpades, KSpades, JSpades, 6Spades.
P2 HAND: KDiamonds, JDiamonds, 6Clubs, 3Clubs, AHearts, 5Hearts, 4Hearts, 7Spades, QSpades, 3Spades.
P3 HAND: 6Diamonds, 3Diamonds, 2Diamonds, 4Clubs, 7Hearts, 6Hearts, 3Hearts, 2Hearts, 4Spades, 2Spades.
P2 AHearts P3 2Hearts P0 QHearts P1 JHearts 
P2 3Clubs P3 4Clubs P0 AClubs P1 5Clubs 
P0 5Spades P1 6Spades P2 3Spades P3 2Spades 
P1 5Diamonds P2 JDiamonds P3 2Diamonds P0 QDiamonds 
P2 4Hearts P3 3Hearts P0 4Diamonds P1 KHearts 
P1 JSpades P2 QSpades P3 4Spades P0 2Clubs 
P1 KSpades P2 7Spades P3 3Diamonds P0 7Clubs 
P2 5Hearts P3 6Hearts P0 QClubs P1 7Diamonds 
P3 6Diamonds P0 ADiamonds P1 ASpades P2 KDiamonds 
P1 KClubs P2 6Clubs P3 7Hearts P0 JClubs 
-- /GAME --
P0 HAND: JDiamonds, AClubs, KClubs, QClubs, 6Clubs, 4Clubs, 2Clubs, AHearts, KHearts, JHearts.
P1 HAND: QDiamonds, 5Diamonds, 3Diamonds, JClubs, 3Clubs, QHearts, 6Hearts, JSpades, 6Spades, 2Spades.
P2 HAND: ADiamonds, 7Diamonds, 6Diamonds, 4Diamonds, 7Clubs, 5Hearts, 4Hearts, 2Hearts, KSpades, 3Spades.
P3 HAND: KDiamonds, 2Diamonds, 5Clubs, 7Hearts, 3Hearts, ASpades, 7Spades, QSpades, 5Spades, 4Spades.
P1 2Spades P2 3Spades P3 ASpades P0 6Clubs 
P3 2Diamonds P0 JDiamonds P1 3Diamonds P2 ADiamonds 
P2 4Diamonds P3 KDiamonds P0 2Clubs P1 QDiamonds 
P3 4Spades P0 4Clubs P1 6Spades P2 KSpades 
P2 6Diamonds P3 5Clubs P0 QClubs P1 5Diamonds 
P2 2Hearts P3 3Hearts P0 JHearts P1 6Hearts 
P0 KHearts P1 QHearts P2 4Hearts P3 7Hearts 
P3 5Spades P0 KClubs P1 JSpades P2 5Hearts 
P2 7Diamonds P3 QSpades P0 AClubs P1 3Clubs 
P2 7Clubs P3 7Spades P0 AHearts P1 JClubs 
-- /GAME --

