-- GAME --
P0 HAND: 5Diamonds, KClubs, 5Clubs, 7Hearts, 6Hearts, 7Spades, KSpades, 6Spades, 5Spades, 2Spades.
P1 HAND: ADiamonds, 7Clubs, 6Clubs, 3Clubs, JHearts, QHearts, 4Hearts, 2Hearts, JSpades, 4Spades.
P2 HAND: KDiamonds, QDiamonds, 4Diamonds, AClubs, JClubs, 4Clubs, AHearts, KHearts, ASpades, 3Spades.
P3 HAND: 7Diamonds, JDiamonds, 6Diamonds, 3Diamonds, 2Diamonds, QClubs, 2Clubs, 5Hearts, 3Hearts, QSpades.
P1 ADiamonds P2 4Diamonds P3 7Diamonds P0 5Diamonds 
P1 2Hearts P2 AHearts P3 3Hearts P0 7Hearts 
P2 AClubs P3 2Clubs P0 KClubs P1 3Clubs 
P2 4Clubs P3 QClubs P0 5Clubs P1 7Clubs 
P1 4Hearts P2 KHearts P3 5Hearts P0 6Hearts 
P2 QDiamonds P3 2Diamonds P0 2Spades P1 6Clubs 
P0 5Spades P1 4Spades P2 3Spades P3 QSpades 
P3 3Diamonds P0 6Spades P1 QHearts P2 KDiamonds 
P0 KSpades P1 JSpades P2 ASpades P3 6Diamonds 
P2 JClubs P3 JDiamonds P0 7Spades P1 JHearts 
-- /GAME --
P0 HAND: ADiamonds, 4Diamonds, AClubs, JClubs, QClubs, 6Clubs, 5Hearts, 3Hearts, ASpades, 5Spades.
P1 HAND: 7Diamonds, 3Diamonds, 2Diamonds, 7Clubs, 3Clubs, 6Hearts, KSpades, 4Spades, 3Spades, 2Spades.
P2 HAND: 5Diamonds, 5Clubs, 2Clubs, 7Hearts, KHearts, JHearts, 4Hearts, 2Hearts, JSpades, QSpades.
P3 HAND: KDiamonds, JDiamonds, QDiamonds, 6Diamonds, KClubs, 4Clubs, AHearts, QHearts, 7Spades, 6Spades.
P0 ADiamonds P1 2Diamonds P2 5Diamonds P3 6Diamonds 
P0 ASpades P1 2Spades P2 JSpades P3 6Spades 
P0 AClubs P1 3Clubs P2 5Clubs P3 4Clubs 
P0 4Diamonds P1 3Diamonds P2 2Clubs P3 KDiamonds 
P3 QDiamonds P0 5Spades P1 7Diamonds P2 2Hearts 
P2 QSpades P3 7Spades P0 6Clubs P1 KSpades 
P3 JDiamonds P0 JClubs 
