-- GAME --
P0 HAND: 7Diamonds, QDiamonds, 6Diamonds, 3Diamonds, 7Clubs, 5Clubs, 4Clubs, QHearts, 4Hearts, ASpades.
P1 HAND: 2Diamonds, KClubs, 6Clubs, 3Clubs, 2Clubs, 7Hearts, 3Hearts, QSpades, 4Spades, 3Spades.
P2 HAND: ADiamonds, KDiamonds, JDiamonds, AClubs, AHearts, KHearts, 5Hearts, 2Hearts, 7Spades, 6Spades.
P3 HAND: 5Diamonds, 4Diamonds, JClubs, QClubs, JHearts, 6Hearts, KSpades, JSpades, 5Spades, 2Spades.
P0 4Hearts P1 3Hearts P2 AHearts P3 6Hearts 
P2 ADiamonds P3 4Diamonds P0 7Diamonds P1 2Diamonds 
P2 AClubs P3 QClubs P0 7Clubs P1 2Clubs 
P2 2Hearts P3 JHearts P0 QHearts P1 7Hearts 
P1 3Clubs P2 5Hearts P3 JClubs P0 4Clubs 
P3 5Diamonds P0 3Diamonds P1 6Clubs P2 KDiamonds 
P2 JDiamonds P3 2Spades P0 6Diamonds P1 KClubs 
P3 5Spades P0 ASpades P1 3Spades P2 6Spades 
P0 5Clubs P1 4Spades P2 7Spades P3 JSpades 
P2 KHearts P3 KSpades P0 QDiamonds P1 QSpades 
-- /GAME --
P0 HAND: KDiamonds, QDiamonds, 5Diamonds, 3Diamonds, AClubs, 5Clubs, 4Clubs, 3Hearts, 2Hearts, ASpades.
P1 HAND: 6Diamonds, 4Diamonds, JClubs, QClubs, 2Clubs, KHearts, 4Hearts, QSpades, 6Spades, 4Spades.
P2 HAND: ADiamonds, 7Diamonds, JDiamonds, KClubs, 7Hearts, JHearts, QHearts, KSpades, JSpades, 3Spades.
P3 HAND: 2Diamonds, 7Clubs, 6Clubs, 3Clubs, AHearts, 6Hearts, 5Hearts, 7Spades, 5Spades, 2Spades.
P3 AHearts P0 2Hearts P1 KHearts P2 QHearts 
P3 2Spades P0 ASpades P1 4Spades P2 KSpades 
P0 3Hearts P1 4Hearts P2 7Hearts P3 5Hearts 
P2 3Spades P3 5Spades P0 4Clubs P1 QSpades 
P1 2Clubs P2 KClubs P3 3Clubs P0 AClubs 
P0 3Diamonds P1 4Diamonds P2 JDiamonds P3 2Diamonds 
P2 JHearts P3 6Hearts P0 QDiamonds P1 6Spades 
P0 5Clubs P1 QClubs P2 7Diamonds P3 6Clubs 
P2 JSpades P3 7Spades P0 KDiamonds P1 JClubs 
P0 5Diamonds P1 6Diamonds P2 ADiamonds P3 7Clubs 
-- /GAME --
P0 HAND: KClubs, JClubs, QClubs, 6Clubs, 4Clubs, JHearts, 3Hearts, KSpades, 6Spades, 2Spades.
P1 HAND: ADiamonds, 6Diamonds, 4Diamonds, 3Clubs, 7Hearts, KHearts, QHearts, JSpades, QSpades, 5Spades.
P2 HAND: AClubs, 7Clubs, 5Clubs, 2Clubs, AHearts, 5Hearts, 4Hearts, 2Hearts, 7Spades, 4Spades.
P3 HAND: 7Diamonds, KDiamonds, JDiamonds, QDiamonds, 5Diamonds, 3Diamonds, 2Diamonds, 6Hearts, ASpades, 3Spades.
P2 AClubs P3 3Spades P0 4Clubs P1 3Clubs 
P3 2Diamonds P0 KClubs P1 ADiamonds P2 4Spades 
P2 AHearts P3 6Hearts P0 3Hearts P1 QHearts 
P2 2Clubs P3 3Diamonds P0 6Clubs P1 4Diamonds 
P0 JHearts P1 KHearts P2 2Hearts P3 7Diamonds 
P1 6Diamonds P2 4Hearts P3 5Diamonds P0 2Spades 
P0 6Spades P1 5Spades P2 7Spades P3 ASpades 
P3 QDiamonds P0 JClubs P1 QSpades P2 5Clubs 
P1 JSpades P2 5Hearts P3 JDiamonds P0 KSpades 
P0 QClubs P1 7Hearts P2 7Clubs P3 KDiamonds 
-- /GAME --

