-- GAME --
P0 HAND: 6Diamonds, 5Diamonds, 5Clubs, 2Clubs, 3Hearts, 2Hearts, ASpades, QSpades, 5Spades, 3Spades.
P1 HAND: ADiamonds, 7Diamonds, 4Diamonds, 7Clubs, KClubs, JClubs, 4Clubs, 7Hearts, KHearts, KSpades.
P2 HAND: JDiamonds, AClubs, 3Clubs, AHearts, 6Hearts, 5Hearts, 4Hearts, 7Spades, 4Spades, 2Spades.
P3 HAND: KDiamonds, QDiamonds, 3Diamonds, 2Diamonds, QClubs, 6Clubs, JHearts, QHearts, JSpades, 6Spades.
P0 ASpades P1 KSpades P2 7Spades P3 6Spades 
P0 QSpades P1 4Diamonds P2 2Spades P3 JSpades 
P3 2Diamonds P0 5Diamonds P1 ADiamonds P2 JDiamonds 
P1 4Clubs P2 3Clubs P3 6Clubs P0 2Clubs 
P3 3Diamonds P0 6Diamonds P1 7Diamonds P2 AClubs 
P2 AHearts P3 QHearts P0 2Hearts P1 KHearts 
P2 4Hearts P3 JHearts P0 3Hearts P1 7Hearts 
P1 JClubs P2 4Spades P3 QClubs P0 5Clubs 
P1 KClubs P2 5Hearts P3 QDiamonds P0 3Spades 
P1 7Clubs P2 6Hearts P3 KDiamonds P0 5Spades 
-- /GAME --
P0 HAND: 7Diamonds, JDiamonds, QDiamonds, 3Diamonds, 7Clubs, 5Clubs, 3Clubs, 7Hearts, 7Spades, 3Spades.
P1 HAND: 5Diamonds, QClubs, KHearts, JHearts, 6Hearts, 5Hearts, 2Hearts, KSpades, 4Spades, 2Spades.
P2 HAND: ADiamonds, KDiamonds, 4Diamonds, AClubs, JClubs, ASpades, JSpades, QSpades, 6Spades, 5Spades.
P3 HAND: 6Diamonds, 2Diamonds, KClubs, 6Clubs, 4Clubs, 2Clubs, AHearts, QHearts, 4Hearts, 3Hearts.
P3 AHearts P0 7Hearts P1 KHearts P2 5Spades 
P2 ADiamonds P3 2Diamonds P0 7Diamonds P1 5Diamonds 
P2 AClubs P3 2Clubs P0 7Clubs P1 QClubs 
P2 4Diamonds P3 6Diamonds P0 QDiamonds P1 2Hearts 
P0 JDiamonds P1 5Hearts P2 KDiamonds P3 3Hearts 
P2 JClubs P3 4Clubs P0 5Clubs P1 6Hearts 
P2 6Spades P3 4Hearts P0 3Spades P1 2Spades 
P2 QSpades P3 6Clubs P0 7Spades P1 4Spades 
P0 3Clubs P1 KSpades P2 JSpades P3 KClubs 
P1 JHearts P2 ASpades P3 QHearts P0 3Diamonds 
-- /GAME --
P0 HAND: JDiamonds, 4Diamonds, 3Diamonds, AClubs, QHearts, 5Hearts, JSpades, 5Spades, 4Spades, 3Spades.
P1 HAND: ADiamonds, KDiamonds, 6Diamonds, 2Diamonds, JClubs, QClubs, 3Clubs, 2Clubs, 2Hearts, 6Spades.
P2 HAND: 7Diamonds, QDiamonds, 5Diamonds, 5Clubs, 4Clubs, KHearts, JHearts, 3Hearts, 7Spades, QSpades.
P3 HAND: 7Clubs, KClubs, 6Clubs, AHearts, 7Hearts, 6Hearts, 4Hearts, ASpades, KSpades, 2Spades.
P2 3Hearts P3 AHearts P0 5Hearts P1 2Hearts 
P3 ASpades P0 5Spades P1 6Spades P2 QSpades 
P3 2Spades P0 JSpades P1 2Diamonds P2 7Spades 
P2 5Diamonds P3 4Hearts P0 3Diamonds P1 ADiamonds 
P1 6Diamonds P2 QDiamonds P3 6Hearts P0 JDiamonds 
P0 4Diamonds P1 KDiamonds P2 7Diamonds P3 6Clubs 
P3 KClubs P0 AClubs P1 2Clubs P2 4Clubs 
P0 QHearts P1 3Clubs P2 JHearts P3 7Hearts 
P1 QClubs P2 5Clubs P3 7Clubs P0 3Spades 
P3 KSpades P0 4Spades P1 JClubs P2 KHearts 
-- /GAME --

