-- GAME --
P0 HAND: ADiamonds, KDiamonds, AClubs, 3Clubs, AHearts, 7Hearts, 7Spades, JSpades, 6Spades, 4Spades.
P1 HAND: 6Diamonds, JClubs, QClubs, 6Clubs, 6Hearts, 5Hearts, 4Hearts, ASpades, QSpades, 2Spades.
P2 HAND: 7Diamonds, 5Diamonds, 4Diamonds, 7Clubs, 4Clubs, JHearts, QHearts, 3Hearts, 5Spades, 3Spades.
P3 HAND: JDiamonds, QDiamonds, 3Diamonds, 2Diamonds, KClubs, 5Clubs, 2Clubs, KHearts, 2Hearts, KSpades.
P3 2Diamonds P0 ADiamonds P1 6Diamonds P2 7Diamonds 
P0 AHearts P1 4Hearts P2 JHearts P3 2Hearts 
P0 7Hearts P1 5Hearts P2 QHearts P3 KHearts 
P0 KDiamonds P1 2Spades P2 5Diamonds P3 3Diamonds 
P0 4Spades P1 ASpades P2 3Spades P3 KSpades 
P1 6Hearts P2 3Hearts P3 QDiamonds P0 6Spades 
P1 QSpades P2 5Spades P3 2Clubs P0 JSpades 
P3 JDiamonds P0 3Clubs P1 6Clubs P2 4Diamonds 
P1 QClubs P2 4Clubs P3 5Clubs P0 AClubs 
P0 7Spades P1 JClubs P2 7Clubs P3 KClubs 
-- /GAME --
P0 HAND: ADiamonds, 7Diamonds, KDiamonds, 2Diamonds, 4Clubs, AHearts, 6Hearts, JSpades, 6Spades, 5Spades.
P1 HAND: JDiamonds, 7Clubs, JClubs, 6Clubs, 3Clubs, QHearts, 3Hearts, 7Spades, QSpades, 3Spades.
P2 HAND: 5Diamonds, 4Diamonds, 3Diamonds, 5Clubs, KHearts, JHearts, 5Hearts, 2Hearts, KSpades, 4Spades.
P3 HAND: QDiamonds, 6Diamonds, AClubs, KClubs, QClubs, 2Clubs, 7Hearts, 4Hearts, ASpades, 2Spades.
P2 2Hearts P3 4Hearts P0 AHearts P1 3Hearts 
P0 ADiamonds P1 JDiamonds P2 5Diamonds P3 6Diamonds 
P0 7Diamonds P1 3Clubs P2 3Diamonds P3 QDiamonds 
P1 3Spades P2 4Spades P3 ASpades P0 6Spades 
P3 2Spades P0 JSpades P1 7Spades P2 KSpades 
P1 QHearts P2 5Hearts P3 7Hearts P0 6Hearts 
P3 2Clubs P0 4Clubs P1 6Clubs P2 5Clubs 
P1 QSpades P2 4Diamonds P3 QClubs P0 5Spades 
P3 KClubs P0 2Diamonds P1 JClubs P2 JHearts 
P3 AClubs P0 KDiamonds P1 7Clubs P2 KHearts 
-- /GAME --
P0 HAND: 5Diamonds, KClubs, QClubs, 4Clubs, 3Clubs, 2Clubs, JHearts, 3Hearts, 2Hearts, 5Spades.
P1 HAND: ADiamonds, 7Diamonds, 4Diamonds, 3Diamonds, AHearts, 5Hearts, 4Hearts, 6Spades, 4Spades, 2Spades.
P2 HAND: 6Diamonds, 2Diamonds, AClubs, 7Clubs, 6Clubs, 7Hearts, QHearts, 7Spades, JSpades, QSpades.
P3 HAND: KDiamonds, JDiamonds, QDiamonds, JClubs, 5Clubs, KHearts, 6Hearts, ASpades, KSpades, 3Spades.
P1 ADiamonds P2 2Diamonds P3 KDiamonds P0 5Diamonds 
P1 2Spades P2 QSpades P3 ASpades P0 5Spades 
P3 3Spades P0 4Clubs P1 4Spades P2 7Spades 
P2 AClubs P3 5Clubs P0 KClubs P1 4Hearts 
P1 3Diamonds P2 6Diamonds 
