-- GAME --
P0 HAND: ADiamonds, 7Clubs, QClubs, 2Clubs, 7Hearts, 6Hearts, KSpades, QSpades, 4Spades, 3Spades.
P1 HAND: KDiamonds, JDiamonds, 6Diamonds, KClubs, JClubs, 5Clubs, JHearts, 3Hearts, 7Spades, JSpades.
P2 HAND: 7Diamonds, 4Diamonds, 3Diamonds, 2Diamonds, 4Clubs, KHearts, 5Hearts, 2Hearts, ASpades, 2Spades.
P3 HAND: QDiamonds, 5Diamonds, AClubs, 6Clubs, 3Clubs, AHearts, QHearts, 4Hearts, 6Spades, 5Spades.
P2 ASpades P3 5Spades P0 KSpades P1 JSpades 
P2 2Diamonds P3 5Diamonds P0 ADiamonds P1 6Diamonds 
P0 QSpades P1 7Spades P2 2Spades P3 6Spades 
P1 3Hearts P2 2Hearts P3 AHearts P0 6Hearts 
P3 4Hearts P0 7Hearts P1 JHearts P2 KHearts 
P0 4Spades P1 5Clubs P2 3Diamonds P3 QDiamonds 
P1 JDiamonds P2 4Diamonds P3 QHearts P0 7Clubs 
P0 3Spades P1 JClubs P2 5Hearts P3 3Clubs 
P1 KClubs P2 4Clubs P3 6Clubs P0 2Clubs 
P1 KDiamonds P2 7Diamonds P3 AClubs P0 QClubs 
-- /GAME --
P0 HAND: 7Diamonds, JDiamonds, 6Diamonds, AClubs, 3Clubs, 2Clubs, 7Hearts, JHearts, 7Spades, KSpades.
P1 HAND: ADiamonds, KDiamonds, QDiamonds, 7Clubs, QClubs, KHearts, 6Hearts, 5Hearts, 2Hearts, JSpades.
P2 HAND: 2Diamonds, KClubs, JClubs, 6Clubs, 5Clubs, 4Clubs, 4Hearts, 6Spades, 4Spades, 3Spades.
P3 HAND: 5Diamonds, 4Diamonds, 3Diamonds, AHearts, QHearts, 3Hearts, ASpades, QSpades, 5Spades, 2Spades.
P1 ADiamonds P2 2Diamonds P3 5Diamonds P0 6Diamonds 
P1 QDiamonds P2 3Spades P3 3Diamonds P0 7Diamonds 
P0 AClubs P1 QClubs P2 KClubs P3 3Hearts 
P3 2Spades P0 7Spades P1 JSpades P2 6Spades 
P0 KSpades P1 2Hearts P2 4Spades P3 ASpades 
P1 7Clubs P2 4Clubs P3 QSpades 
