-- GAME --
P0 HAND: QDiamonds, AClubs, 7Clubs, KClubs, QHearts, 6Hearts, 5Hearts, 3Hearts, 7Spades, 2Spades.
P1 HAND: 7Diamonds, 5Diamonds, QClubs, 6Clubs, 4Clubs, 2Clubs, JHearts, JSpades, 5Spades, 3Spades.
P2 HAND: 6Diamonds, 2Diamonds, 5Clubs, 3Clubs, 7Hearts, KHearts, 4Hearts, 2Hearts, QSpades, 6Spades.
P3 HAND: ADiamonds, KDiamonds, JDiamonds, 4Diamonds, 3Diamonds, JClubs, AHearts, ASpades, KSpades, 4Spades.
P3 3Diamonds P0 QDiamonds P1 5Diamonds P2 6Diamonds 
P0 2Spades P1 3Spades P2 6Spades P3 ASpades 
P3 4Diamonds P0 AClubs P1 7Diamonds P2 2Diamonds 
P1 2Clubs P2 3Clubs P3 JClubs P0 KClubs 
P0 7Clubs P1 4Clubs P2 5Clubs P3 AHearts 
P3 4Spades P0 7Spades P1 5Spades P2 QSpades 
P0 3Hearts P1 JHearts P2 2Hearts P3 ADiamonds 
P1 6Clubs P2 4Hearts P3 JDiamonds P0 5Hearts 
P0 6Hearts P1 QClubs P2 KHearts P3 KDiamonds 
P2 7Hearts P3 KSpades P0 QHearts P1 JSpades 
-- /GAME --
P0 HAND: KDiamonds, JDiamonds, 6Diamonds, 3Diamonds, 2Diamonds, KClubs, AHearts, 2Hearts, QSpades, 5Spades.
P1 HAND: QDiamonds, 4Diamonds, AClubs, JClubs, 2Clubs, JHearts, QHearts, 7Spades, 6Spades, 3Spades.
P2 HAND: ADiamonds, 5Clubs, 4Clubs, 7Hearts, 5Hearts, 4Hearts, ASpades, JSpades, 4Spades, 2Spades.
P3 HAND: 7Diamonds, 5Diamonds, 7Clubs, QClubs, 6Clubs, 3Clubs, KHearts, 6Hearts, 3Hearts, KSpades.

