-- GAME --
P0 HAND: QDiamonds, 7Clubs, QClubs, 2Clubs, 6Hearts, 5Hearts, 2Hearts, KSpades, 6Spades, 5Spades.
P1 HAND: ADiamonds, 7Diamonds, KDiamonds, 5Diamonds, AHearts, KHearts, 4Hearts, 7Spades, 4Spades, 3Spades.
P2 HAND: JDiamonds, 4Diamonds, 2Diamonds, JClubs, 6Clubs, 5Clubs, 3Clubs, 7Hearts, ASpades, JSpades.
P3 HAND: 6Diamonds, 3Diamonds, AClubs, KClubs, 4Clubs, JHearts, QHearts, 3Hearts, QSpades, 2Spades.
P2 ASpades P3 2Spades P0 5Spades P1 3Spades 
P2 3Clubs P3 AClubs P0 2Clubs P1 AHearts 
P3 3Hearts P0 2Hearts P1 4Hearts P2 7Hearts 
P2 5Clubs P3 4Clubs P0 QClubs P1 4Spades 
P0 7Clubs P1 5Diamonds P2 6Clubs P3 KClubs 
P1 KDiamonds P2 2Diamonds P3 3Diamonds P0 QDiamonds 
P1 7Diamonds P2 4Diamonds P3 6Diamonds P0 5Hearts 
P1 ADiamonds P2 JDiamonds P3 QHearts P0 6Hearts 
P1 KHearts P2 JClubs P3 JHearts P0 6Spades 
P1 7Spades P2 JSpades P3 QSpades P0 KSpades 
-- /GAME --
P0 HAND: KDiamonds, QDiamonds, 4Diamonds, KClubs, 6Clubs, AHearts, KHearts, 4Hearts, 7Spades, 3Spades.
P1 HAND: 5Diamonds, 2Diamonds, AClubs, 7Clubs, QClubs, 7Hearts, 6Hearts, 5Hearts, KSpades, 6Spades.
P2 HAND: 7Diamonds, 6Diamonds, 5Clubs, 4Clubs, 2Clubs, QHearts, 3Hearts, ASpades, QSpades, 2Spades.
P3 HAND: ADiamonds, JDiamonds, 3Diamonds, JClubs, 3Clubs, JHearts, 2Hearts, JSpades, 5Spades, 4Spades.
P1 AClubs P2 2Clubs P3 JClubs P0 6Clubs 
P1 2Diamonds P2 6Diamonds P3 ADiamonds P0 4Diamonds 
P3 3Diamonds P0 QDiamonds P1 5Diamonds P2 7Diamonds 
P2 ASpades P3 4Spades P0 3Spades P1 6Spades 
P2 2Spades P3 5Spades P0 7Spades P1 KSpades 
P0 KClubs P1 QClubs P2 4Clubs P3 3Clubs 
P0 KDiamonds P1 5Hearts P2 5Clubs P3 JDiamonds 
P1 6Hearts P2 3Hearts P3 2Hearts P0 KHearts 
P0 AHearts P1 7Hearts P2 QHearts P3 JHearts 
P0 4Hearts P1 7Clubs P2 QSpades P3 JSpades 
-- /GAME --
P0 HAND: ADiamonds, 6Diamonds, 4Diamonds, 2Diamonds, KHearts, JHearts, 4Hearts, 2Hearts, ASpades, 6Spades.
P1 HAND: 7Clubs, KClubs, 4Clubs, QHearts, 6Hearts, 5Hearts, 3Hearts, KSpades, QSpades, 3Spades.
P2 HAND: 5Diamonds, AClubs, QClubs, 6Clubs, 5Clubs, 3Clubs, AHearts, 7Hearts, 7Spades, 5Spades.
P3 HAND: 7Diamonds, KDiamonds, JDiamonds, QDiamonds, 3Diamonds, JClubs, 2Clubs, JSpades, 4Spades, 2Spades.
P0 ADiamonds P1 4Clubs P2 5Diamonds P3 7Diamonds 
P1 3Hearts P2 AHearts P3 2Clubs P0 2Hearts 
P3 2Spades P0 ASpades P1 3Spades P2 7Spades 
P0 6Spades P1 QSpades P2 5Spades P3 JSpades 
P3 3Diamonds P0 6Diamonds P1 5Hearts P2 7Hearts 
P0 2Diamonds P1 6Hearts P2 3Clubs P3 QDiamonds 
P2 5Clubs P3 JClubs P0 4Hearts P1 KClubs 
P1 QHearts P2 6Clubs P3 4Spades P0 JHearts 
P2 QClubs P3 JDiamonds P0 4Diamonds P1 7Clubs 
P1 KSpades P2 AClubs P3 KDiamonds P0 KHearts 
-- /GAME --
P0 HAND: KDiamonds, 6Diamonds, 5Clubs, 4Clubs, AHearts, 7Hearts, JHearts, 2Hearts, JSpades, 4Spades.
P1 HAND: 7Diamonds, QDiamonds, 4Diamonds, KClubs, JClubs, KHearts, QHearts, 5Hearts, 4Hearts, ASpades.
P2 HAND: ADiamonds, JDiamonds, 5Diamonds, 2Diamonds, 7Clubs, 3Clubs, 7Spades, QSpades, 5Spades, 2Spades.
P3 HAND: 3Diamonds, AClubs, QClubs, 6Clubs, 2Clubs, 6Hearts, 3Hearts, KSpades, 6Spades, 3Spades.
P3 3Diamonds P0 6Diamonds P1 4Diamonds P2 ADiamonds 
P2 2Diamonds P3 3Hearts P0 KDiamonds P1 7Diamonds 
P1 ASpades P2 2Spades P3 KSpades P0 4Spades 
P1 4Hearts P2 5Diamonds P3 6Hearts P0 AHearts 
P0 7Hearts P1 5Hearts P2 7Spades P3 2Clubs 
P3 3Spades P0 JSpades P1 QDiamonds P2 QSpades 
P0 4Clubs P1 JClubs P2 3Clubs P3 6Clubs 
P1 QHearts P2 5Spades P3 6Spades 
