-- GAME --
P0 HAND: 3Diamonds, QClubs, 5Clubs, 7Hearts, QHearts, 6Hearts, 4Hearts, KSpades, JSpades, 4Spades.
P1 HAND: ADiamonds, 7Diamonds, JDiamonds, 6Diamonds, 5Diamonds, 7Clubs, AHearts, JHearts, 2Hearts, 6Spades.
P2 HAND: KDiamonds, AClubs, 4Clubs, 2Clubs, KHearts, 5Hearts, ASpades, QSpades, 5Spades, 3Spades.
P3 HAND: QDiamonds, 4Diamonds, 2Diamonds, KClubs, JClubs, 6Clubs, 3Clubs, 3Hearts, 7Spades, 2Spades.
P0 3Diamonds P1 ADiamonds P2 KDiamonds P3 QDiamonds 
P1 AHearts P2 5Hearts P3 3Hearts P0 4Hearts 
P1 2Hearts P2 KHearts P3 2Diamonds P0 7Hearts 
P0 QHearts P1 JHearts P2 3Spades P3 7Spades 
P3 3Clubs P0 5Clubs P1 7Clubs P2 AClubs 
P2 2Clubs P3 6Clubs P0 QClubs P1 5Diamonds 
P0 JSpades P1 6Spades P2 5Spades P3 2Spades 
P0 4Spades P1 6Diamonds P2 QSpades P3 4Diamonds 
P2 4Clubs P3 JClubs P0 KSpades P1 JDiamonds 
P0 6Hearts P1 7Diamonds P2 ASpades P3 KClubs 
-- /GAME --
P0 HAND: ADiamonds, 7Clubs, QClubs, 6Clubs, 4Clubs, QHearts, 3Hearts, KSpades, JSpades, QSpades.
P1 HAND: 6Diamonds, 4Diamonds, 3Diamonds, 2Clubs, 7Hearts, KHearts, 4Hearts, 2Hearts, 7Spades, 5Spades.
P2 HAND: KDiamonds, JDiamonds, 2Diamonds, AClubs, KClubs, JClubs, 5Clubs, AHearts, 5Hearts, ASpades.
P3 HAND: 7Diamonds, QDiamonds, 5Diamonds, 3Clubs, JHearts, 6Hearts, 6Spades, 4Spades, 3Spades, 2Spades.

