-- GAME --
P2 3Clubs P3 6Clubs P0 3Diamonds P1 QClubs 
P1 2Hearts P2 6Hearts P3 3Hearts P0 7Hearts 
P0 2Spades P1 4Hearts P2 JDiamonds P3 JClubs 
P1 KHearts P2 KDiamonds P3 5Hearts P0 JHearts 
P1 AHearts P2 KClubs P3 QHearts P0 3Spades 
-- /GAME --
P0 HAND: KDiamonds, 6Diamonds, 2Diamonds, 4Clubs, AHearts, 7Hearts, 4Hearts, 3Hearts, QSpades, 2Spades.
P1 HAND: JDiamonds, 5Diamonds, AClubs, KClubs, QClubs, 6Clubs, KHearts, 5Hearts, KSpades, JSpades.
P2 HAND: ADiamonds, QDiamonds, 4Diamonds, 3Diamonds, JClubs, 3Clubs, JHearts, 2Hearts, 5Spades, 4Spades.
P3 HAND: 7Diamonds, 7Clubs, 5Clubs, 2Clubs, QHearts, 6Hearts, ASpades, 7Spades, 6Spades, 3Spades.
P0 4Clubs P1 AClubs P2 3Clubs P3 7Clubs 
P1 5Diamonds P2 ADiamonds P3 7Diamonds P0 KDiamonds 
P2 3Diamonds P3 2Clubs P0 2Diamonds P1 JDiamonds 
P1 6Clubs P2 JClubs P3 5Clubs P0 QSpades 
P2 4Diamonds P3 3Spades P0 6Diamonds P1 QClubs 
P0 3Hearts P1 5Hearts P2 2Hearts P3 6Hearts 
P3 6Spades P0 2Spades P1 JSpades P2 4Spades 
P1 KHearts P2 JHearts P3 QHearts P0 7Hearts 
P0 4Hearts P1 KClubs P2 5Spades P3 7Spades 
P0 AHearts P1 KSpades P2 QDiamonds P3 ASpades 
-- /GAME --

