-- GAME --
P0 HAND: ADiamonds, 3Diamonds, 2Diamonds, KClubs, 5Clubs, 7Hearts, 6Hearts, 3Hearts, 7Spades, 5Spades.
P1 HAND: 7Diamonds, JDiamonds, 5Diamonds, AClubs, 4Clubs, 2Clubs, 5Hearts, 4Hearts, QSpades, 2Spades.
P2 HAND: 4Diamonds, QClubs, 6Clubs, AHearts, QHearts, 2Hearts, ASpades, KSpades, JSpades, 6Spades.
P3 HAND: KDiamonds, QDiamonds, 6Diamonds, 7Clubs, JClubs, 3Clubs, KHearts, JHearts, 4Spades, 3Spades.
P3 3Clubs P0 5Clubs P1 AClubs P2 6Clubs 
P1 2Clubs P2 QClubs P3 7Clubs P0 KClubs 
P3 6Diamonds P0 ADiamonds P1 5Diamonds P2 4Diamonds 
P0 7Hearts P1 4Hearts P2 AHearts P3 JHearts 
P2 2Hearts P3 KHearts P0 3Hearts P1 5Hearts 
P3 QDiamonds P0 2Diamonds P1 7Diamonds P2 6Spades 
P2 QHearts P3 3Spades P0 6Hearts P1 JDiamonds 
P3 JClubs P0 5Spades P1 4Clubs P2 JSpades 
P2 KSpades P3 4Spades P0 7Spades P1 2Spades 
P0 3Diamonds P1 QSpades P2 ASpades P3 KDiamonds 
-- /GAME --
P0 HAND: ADiamonds, JDiamonds, 6Diamonds, 2Clubs, JHearts, 7Spades, JSpades, 4Spades, 3Spades, 2Spades.
P1 HAND: 5Diamonds, 4Diamonds, 2Diamonds, AClubs, 7Clubs, JClubs, 3Clubs, QHearts, 5Hearts, QSpades.
P2 HAND: KDiamonds, QDiamonds, QClubs, 6Clubs, 5Clubs, 4Clubs, AHearts, 4Hearts, 2Hearts, KSpades.
P3 HAND: 7Diamonds, 3Diamonds, KClubs, 7Hearts, KHearts, 6Hearts, 3Hearts, ASpades, 6Spades, 5Spades.
P2 4Clubs P3 KClubs P0 2Clubs P1 AClubs 
P1 2Diamonds P2 QDiamonds P3 3Diamonds P0 ADiamonds 
P0 2Spades P1 QSpades P2 KSpades P3 ASpades 
P3 5Spades P0 7Spades P1 5Hearts P2 AHearts 
P2 5Clubs P3 6Spades P0 6Diamonds P1 7Clubs 
P1 3Clubs P2 6Clubs P3 3Hearts P0 3Spades 
P3 6Hearts P0 JHearts P1 QHearts P2 2Hearts 
P0 JDiamonds P1 4Diamonds P2 KDiamonds P3 7Diamonds 
P3 KHearts P0 4Spades P1 5Diamonds P2 4Hearts 
P3 7Hearts P0 JSpades P1 JClubs P2 QClubs 
-- /GAME --
P0 HAND: 7Diamonds, 6Diamonds, 5Diamonds, KClubs, JClubs, 6Clubs, AHearts, 7Hearts, 2Hearts, ASpades.
P1 HAND: KDiamonds, QDiamonds, 3Diamonds, 5Clubs, 4Clubs, 5Hearts, 4Hearts, 3Hearts, 7Spades, JSpades.
P2 HAND: ADiamonds, JDiamonds, 3Clubs, QHearts, 6Hearts, KSpades, QSpades, 5Spades, 4Spades, 2Spades.
P3 HAND: 4Diamonds, 2Diamonds, AClubs, 7Clubs, QClubs, 2Clubs, KHearts, JHearts, 6Spades, 3Spades.
P1 3Diamonds P2 ADiamonds P3 2Diamonds P0 7Diamonds 
P2 2Spades P3 3Spades P0 ASpades P1 JSpades 
P0 AHearts P1 3Hearts P2 QHearts P3 JHearts 
P0 5Diamonds P1 QDiamonds P2 JDiamonds P3 4Diamonds 
P2 4Spades P3 6Spades P0 6Diamonds P1 7Spades 
P1 4Hearts P2 6Hearts P3 KHearts P0 7Hearts 
P0 2Hearts P1 5Hearts P2 5Spades P3 2Clubs 
P3 QClubs P0 KClubs P1 4Clubs P2 3Clubs 
P0 JClubs P1 5Clubs P2 QSpades P3 7Clubs 
P3 AClubs P0 6Clubs P1 KDiamonds P2 KSpades 
-- /GAME --
P0 HAND: 7Diamonds, KDiamonds, JDiamonds, 5Clubs, 4Clubs, AHearts, 7Hearts, 5Hearts, 2Hearts, 3Spades.
P1 HAND: 6Diamonds, 4Diamonds, 2Diamonds, 7Clubs, KClubs, KHearts, 3Hearts, ASpades, 7Spades, 2Spades.
P2 HAND: 5Diamonds, AClubs, JClubs, QClubs, 3Clubs, JHearts, JSpades, QSpades, 5Spades, 4Spades.
P3 HAND: ADiamonds, QDiamonds, 3Diamonds, 6Clubs, 2Clubs, QHearts, 6Hearts, 4Hearts, KSpades, 6Spades.
P0 AHearts P1 3Hearts P2 JHearts P3 4Hearts 
P0 3Spades P1 ASpades P2 4Spades P3 KSpades 
P1 2Diamonds P2 5Diamonds P3 ADiamonds P0 JDiamonds 
P3 3Diamonds P0 7Diamonds P1 4Diamonds P2 JSpades 
P0 KDiamonds P1 6Diamonds P2 5Spades P3 QDiamonds 
P0 2Hearts P1 KHearts P2 QSpades P3 QHearts 
P1 2Spades P2 3Clubs P3 6Spades P0 7Hearts 
P2 QClubs P3 2Clubs P0 4Clubs P1 KClubs 
P1 7Clubs P2 AClubs P3 6Clubs P0 5Clubs 
P2 JClubs P3 6Hearts P0 5Hearts P1 7Spades 
-- /GAME --
P0 HAND: ADiamonds, 5Diamonds, 3Diamonds, JClubs, QHearts, 6Hearts, 5Hearts, KSpades, QSpades, 4Spades.
P1 HAND: KDiamonds, JDiamonds, QDiamonds, 6Diamonds, 2Diamonds, 6Clubs, KHearts, ASpades, JSpades, 5Spades.
P2 HAND: QClubs, 4Clubs, 3Clubs, AHearts, 7Hearts, 3Hearts, 7Spades, 6Spades, 3Spades, 2Spades.
P3 HAND: 7Diamonds, 4Diamonds, AClubs, 7Clubs, KClubs, 5Clubs, 2Clubs, JHearts, 4Hearts, 2Hearts.
P3 2Clubs P0 JClubs P1 6Clubs P2 QClubs 
P0 ADiamonds P1 2Diamonds P2 7Spades P3 4Diamonds 
P0 4Spades P1 ASpades P2 2Spades P3 AClubs 
P1 5Spades P2 3Spades P3 5Clubs P0 KSpades 
P0 QSpades P1 JSpades P2 6Spades P3 7Diamonds 
P1 6Diamonds P2 3Clubs P3 2Hearts P0 3Diamonds 
P3 4Hearts P0 5Hearts P1 KHearts P2 3Hearts 
P1 QDiamonds P2 4Clubs P3 JHearts P0 5Diamonds 
P3 KClubs P0 QHearts P1 JDiamonds P2 7Hearts 
P2 AHearts P3 7Clubs P0 6Hearts P1 KDiamonds 
-- /GAME --

