-- GAME --
P0 HAND: ADiamonds, KDiamonds, QDiamonds, 7Clubs, 4Clubs, 3Clubs, 7Hearts, JHearts, 7Spades, JSpades.
P1 HAND: 7Diamonds, 4Diamonds, QClubs, KHearts, 5Hearts, 3Hearts, 2Hearts, ASpades, KSpades, 6Spades.
P2 HAND: JDiamonds, 2Diamonds, AClubs, JClubs, 5Clubs, QHearts, 4Hearts, QSpades, 4Spades, 3Spades.
P3 HAND: 6Diamonds, 5Diamonds, 3Diamonds, KClubs, 6Clubs, 2Clubs, AHearts, 6Hearts, 5Spades, 2Spades.
P3 2Clubs P0 3Clubs P1 QClubs P2 AClubs 
P2 2Diamonds P3 3Diamonds P0 ADiamonds P1 4Diamonds 
P0 QDiamonds P1 7Diamonds P2 JDiamonds P3 6Diamonds 
P1 ASpades P2 3Spades P3 5Spades P0 JSpades 
P1 6Spades P2 4Spades P3 2Spades P0 7Spades 
P0 JHearts P1 2Hearts P2 4Hearts P3 6Hearts 
P0 KDiamonds P1 3Hearts P2 5Clubs P3 5Diamonds 
P1 5Hearts P2 QHearts P3 AHearts P0 7Hearts 
P3 6Clubs P0 7Clubs P1 KHearts P2 JClubs 
P1 KSpades P2 QSpades P3 KClubs P0 4Clubs 
-- /GAME --
P0 HAND: 7Diamonds, QDiamonds, 6Diamonds, 5Clubs, AHearts, 7Hearts, KHearts, QSpades, 4Spades, 2Spades.
P1 HAND: ADiamonds, 4Diamonds, 3Diamonds, 2Diamonds, JClubs, QHearts, 4Hearts, 2Hearts, 7Spades, 3Spades.
P2 HAND: 5Diamonds, AClubs, 3Clubs, 2Clubs, 6Hearts, 5Hearts, 3Hearts, ASpades, KSpades, 6Spades.
P3 HAND: KDiamonds, JDiamonds, 7Clubs, KClubs, QClubs, 6Clubs, 4Clubs, JHearts, JSpades, 5Spades.
P2 AClubs P3 4Clubs P0 5Clubs P1 JClubs 
P2 ASpades P3 5Spades P0 QSpades P1 3Spades 
P2 2Clubs P3 6Clubs P0 2Spades P1 7Spades 
P3 QClubs P0 4Spades P1 2Hearts P2 3Clubs 
P3 JHearts P0 AHearts P1 4Hearts P2 6Hearts 
P0 QDiamonds P1 2Diamonds P2 5Diamonds P3 JDiamonds 
P3 JSpades P0 7Diamonds P1 ADiamonds P2 6Spades 
P1 QHearts P2 3Hearts P3 KDiamonds P0 KHearts 
P3 KClubs P0 6Diamonds P1 3Diamonds P2 KSpades 
P0 7Hearts P1 4Diamonds P2 5Hearts P3 7Clubs 
-- /GAME --
P0 HAND: QDiamonds, 2Diamonds, AClubs, QClubs, AHearts, 7Hearts, KHearts, QHearts, ASpades, 3Spades.
P1 HAND: 6Diamonds, 4Diamonds, KClubs, JClubs, JHearts, 4Hearts, 2Hearts, 7Spades, KSpades, 4Spades.
P2 HAND: 7Diamonds, KDiamonds, JDiamonds, 3Diamonds, 7Clubs, 6Clubs, 3Clubs, 2Clubs, 6Hearts, 3Hearts.
P3 HAND: ADiamonds, 5Diamonds, 5Clubs, 4Clubs, 5Hearts, JSpades, QSpades, 6Spades, 5Spades, 2Spades.
P1 4Diamonds P2 3Diamonds P3 ADiamonds P0 2Diamonds 
P3 2Spades P0 ASpades P1 4Spades P2 7Diamonds 
P0 3Spades P1 KSpades P2 2Clubs P3 JSpades 
P1 6Diamonds P2 JDiamonds P3 5Diamonds P0 QDiamonds 
P2 3Clubs P3 4Clubs P0 AClubs P1 JClubs 
P0 QClubs P1 KClubs P2 6Clubs P3 5Clubs 
P1 2Hearts P2 3Hearts P3 5Hearts P0 QHearts 
P0 AHearts P1 4Hearts P2 6Hearts P3 5Spades 
P0 7Hearts P1 JHearts P2 KDiamonds P3 6Spades 
P0 KHearts P1 7Spades P2 7Clubs P3 QSpades 
-- /GAME --
P0 HAND: ADiamonds, 6Diamonds, KClubs, 6Clubs, 5Clubs, 2Clubs, AHearts, 5Hearts, ASpades, 7Spades.
P1 HAND: 7Diamonds, AClubs, 7Clubs, QClubs, QHearts, 6Hearts, 2Hearts, JSpades, QSpades, 4Spades.
P2 HAND: KDiamonds, JDiamonds, 3Diamonds, JClubs, 3Clubs, KHearts, 4Hearts, 3Hearts, KSpades, 5Spades.
P3 HAND: QDiamonds, 5Diamonds, 4Diamonds, 2Diamonds, 4Clubs, 7Hearts, JHearts, 6Spades, 3Spades, 2Spades.

