-- GAME --
P0 HAND: ADiamonds, KDiamonds, 2Diamonds, AClubs, KClubs, QClubs, JHearts, 3Hearts, 7Spades, 5Spades.
P1 HAND: QDiamonds, 6Clubs, 5Clubs, 3Clubs, 7Hearts, 5Hearts, 4Hearts, 2Hearts, KSpades, 6Spades.
P2 HAND: 7Diamonds, 6Diamonds, 3Diamonds, JClubs, 4Clubs, 2Clubs, KHearts, QHearts, 6Hearts, QSpades.
P3 HAND: JDiamonds, 5Diamonds, 4Diamonds, 7Clubs, AHearts, ASpades, JSpades, 4Spades, 3Spades, 2Spades.
P1 2Hearts P2 6Hearts P3 AHearts P0 3Hearts 
P3 2Spades P0 5Spades P1 6Spades P2 QSpades 
P2 2Clubs P3 7Clubs P0 AClubs P1 3Clubs 
P0 7Spades P1 KSpades P2 3Diamonds P3 3Spades 
P2 4Clubs P3 4Spades P0 KClubs P1 5Clubs 
P0 JHearts P1 4Hearts P2 QHearts P3 4Diamonds 
P3 JSpades P0 2Diamonds P1 5Hearts P2 KHearts 
P0 ADiamonds P1 QDiamonds P2 6Diamonds P3 5Diamonds 
P0 QClubs P1 6Clubs P2 JClubs P3 JDiamonds 
P3 ASpades P0 KDiamonds P1 7Hearts P2 7Diamonds 
-- /GAME --
P0 HAND: 7Diamonds, KDiamonds, AClubs, QClubs, 4Clubs, 3Clubs, 4Hearts, 2Hearts, KSpades, 4Spades.
P1 HAND: 6Diamonds, JClubs, AHearts, JHearts, 5Hearts, 3Hearts, ASpades, JSpades, QSpades, 6Spades.
P2 HAND: ADiamonds, QDiamonds, 3Diamonds, 2Diamonds, 7Hearts, KHearts, QHearts, 6Hearts, 3Spades, 2Spades.
P3 HAND: JDiamonds, 5Diamonds, 4Diamonds, 7Clubs, KClubs, 6Clubs, 5Clubs, 2Clubs, 7Spades, 5Spades.
P0 2Hearts P1 AHearts P2 6Hearts P3 7Spades 
P1 3Hearts P2 QHearts P3 4Diamonds P0 4Hearts 
P2 2Diamonds P3 5Diamonds P0 KDiamonds P1 6Diamonds 
P0 4Spades P1 ASpades P2 2Spades P3 5Spades 
P1 5Hearts P2 KHearts P3 2Clubs P0 3Clubs 
P0 KSpades P1 6Spades P2 3Spades P3 5Clubs 
P3 JDiamonds P0 7Diamonds P1 JClubs P2 3Diamonds 
P1 QSpades P2 QDiamonds P3 6Clubs P0 QClubs 
P0 AClubs P1 JHearts P2 ADiamonds P3 KClubs 
P0 4Clubs P1 JSpades P2 7Hearts P3 7Clubs 
-- /GAME --

