-- GAME --
P0 ADiamonds P1 3Diamonds P2 6Diamonds P3 2Diamonds 
P0 3Spades P1 4Spades P2 JSpades P3 ASpades 
P3 2Spades P0 QSpades P1 7Spades P2 KSpades 
P1 AHearts P2 2Hearts P3 QHearts P0 3Hearts 
P1 JHearts P2 4Hearts P3 6Hearts P0 KHearts 
P0 3Clubs P1 5Clubs P2 6Clubs P3 2Clubs 
P2 5Diamonds P3 4Diamonds P0 JDiamonds P1 KDiamonds 
P1 QClubs P2 KClubs P3 JClubs P0 4Clubs 
P2 5Hearts P3 5Spades P0 QDiamonds P1 7Clubs 
P1 AClubs P2 7Hearts P3 6Spades P0 7Diamonds 
-- /GAME --
P0 HAND: 7Diamonds, 3Diamonds, QClubs, KHearts, JHearts, 4Hearts, 3Hearts, 2Hearts, JSpades, 6Spades.
P1 HAND: JDiamonds, 5Diamonds, 2Diamonds, KClubs, JClubs, 6Hearts, 5Hearts, ASpades, KSpades, 4Spades.
P2 HAND: ADiamonds, KDiamonds, 6Clubs, 5Clubs, 4Clubs, 3Clubs, 7Spades, 5Spades, 3Spades, 2Spades.
P3 HAND: QDiamonds, 6Diamonds, 4Diamonds, AClubs, 7Clubs, 2Clubs, AHearts, 7Hearts, QHearts, QSpades.
P3 AHearts P0 2Hearts P1 6Hearts P2 3Clubs 
P2 ADiamonds P3 4Diamonds P0 7Diamonds P1 2Diamonds 
P2 2Spades P3 QSpades P0 6Spades P1 ASpades 
P1 4Spades P2 3Spades P3 6Diamonds P0 JSpades 
P0 KHearts P1 5Hearts P2 5Spades P3 7Hearts 
P3 QDiamonds P0 3Diamonds P1 5Diamonds P2 KDiamonds 
P2 4Clubs P3 2Clubs P0 QClubs P1 JClubs 
P1 JDiamonds P2 5Clubs P3 QHearts P0 JHearts 
P2 6Clubs P3 7Clubs P0 4Hearts P1 KClubs 
P3 AClubs P0 3Hearts P1 KSpades P2 7Spades 
-- /GAME --

