-- GAME --
P0 HAND: ADiamonds, JDiamonds, 6Diamonds, 7Clubs, KClubs, QClubs, 5Clubs, 7Hearts, KHearts, ASpades.
P1 HAND: 7Diamonds, 3Diamonds, 2Clubs, QHearts, 6Hearts, 4Hearts, 3Hearts, 2Hearts, 7Spades, 4Spades.
P2 HAND: QDiamonds, 5Diamonds, AClubs, 6Clubs, AHearts, JHearts, KSpades, QSpades, 6Spades, 2Spades.
P3 HAND: KDiamonds, 4Diamonds, 2Diamonds, JClubs, 4Clubs, 3Clubs, 5Hearts, JSpades, 5Spades, 3Spades.
P2 AClubs P3 3Clubs P0 7Clubs P1 2Clubs 
P2 AHearts P3 5Hearts P0 7Hearts P1 2Hearts 
P2 5Diamonds P3 2Diamonds P0 ADiamonds P1 3Diamonds 
P0 KHearts P1 3Hearts P2 JHearts P3 3Spades 
P3 4Diamonds P0 JDiamonds P1 7Diamonds P2 QDiamonds 
P1 4Hearts P2 6Clubs P3 4Clubs P0 6Diamonds 
P1 6Hearts P2 2Spades P3 5Spades P0 5Clubs 
P3 JClubs P0 KClubs P1 4Spades P2 6Spades 
P2 QSpades P3 JSpades P0 ASpades P1 7Spades 
P0 QClubs P1 QHearts P2 KSpades P3 KDiamonds 
-- /GAME --
P0 HAND: 6Diamonds, 3Diamonds, 7Clubs, 5Clubs, 3Clubs, AHearts, JHearts, 6Hearts, ASpades, 6Spades.
P1 HAND: JDiamonds, 5Diamonds, AClubs, KClubs, 2Clubs, KHearts, 4Hearts, QSpades, 5Spades, 4Spades.
P2 HAND: 4Diamonds, JClubs, QClubs, 6Clubs, 7Hearts, QHearts, 3Hearts, 2Hearts, KSpades, JSpades.
P3 HAND: ADiamonds, 7Diamonds, KDiamonds, QDiamonds, 2Diamonds, 4Clubs, 5Hearts, 7Spades, 3Spades, 2Spades.
P1 AClubs P2 6Clubs P3 4Clubs P0 3Clubs 
P1 2Clubs P2 QClubs P3 2Diamonds P0 7Clubs 
P0 AHearts P1 4Hearts P2 7Hearts P3 5Hearts 
P0 5Clubs P1 KClubs P2 JClubs P3 ADiamonds 
P1 5Diamonds P2 4Diamonds P3 7Diamonds P0 3Diamonds 
P3 QDiamonds P0 6Diamonds P1 JDiamonds P2 JSpades 
P2 2Hearts P3 2Spades P0 6Hearts P1 KHearts 
P3 3Spades P0 6Spades P1 4Spades P2 KSpades 
P2 3Hearts P3 7Spades P0 JHearts P1 5Spades 
P3 KDiamonds P0 ASpades P1 QSpades P2 QHearts 
-- /GAME --
P0 HAND: JDiamonds, 6Diamonds, 5Diamonds, 3Diamonds, JClubs, 5Hearts, 4Hearts, 6Spades, 3Spades, 2Spades.
P1 HAND: KDiamonds, 3Clubs, 2Clubs, AHearts, KHearts, 3Hearts, ASpades, 7Spades, JSpades, QSpades.
P2 HAND: 7Diamonds, 7Clubs, QClubs, 6Clubs, 5Clubs, 4Clubs, 7Hearts, 2Hearts, 5Spades, 4Spades.
P3 HAND: ADiamonds, QDiamonds, 4Diamonds, 2Diamonds, AClubs, KClubs, JHearts, QHearts, 6Hearts, KSpades.
P0 JClubs P1 2Clubs P2 4Clubs P3 AClubs 
P3 ADiamonds P0 3Diamonds P1 KDiamonds P2 7Diamonds 
P3 2Diamonds P0 JDiamonds P1 3Clubs P2 7Clubs 
P0 6Diamonds P1 QSpades P2 4Spades P3 QDiamonds 
P3 4Diamonds P0 5Diamonds P1 3Hearts P2 5Clubs 
P1 JSpades P2 5Spades P3 KSpades P0 2Spades 
P3 6Hearts P0 4Hearts P1 KHearts P2 2Hearts 
P1 AHearts P2 7Hearts P3 QHearts P0 5Hearts 
P1 7Spades P2 6Clubs P3 JHearts P0 3Spades 
P3 KClubs P0 6Spades P1 ASpades P2 QClubs 
-- /GAME --
P0 HAND: 7Diamonds, JDiamonds, 3Diamonds, AClubs, 7Clubs, KClubs, QClubs, 6Hearts, 5Hearts, 2Spades.
P1 HAND: KDiamonds, 5Diamonds, 2Diamonds, 5Clubs, 2Clubs, AHearts, 3Hearts, ASpades, 5Spades, 4Spades.
P2 HAND: ADiamonds, QDiamonds, 4Diamonds, 6Clubs, JHearts, QHearts, 4Hearts, 2Hearts, 6Spades, 3Spades.
P3 HAND: 6Diamonds, JClubs, 4Clubs, 3Clubs, 7Hearts, KHearts, 7Spades, KSpades, JSpades, QSpades.
P3 3Clubs P0 AClubs P1 2Clubs P2 6Clubs 
P0 2Spades P1 ASpades P2 3Spades P3 7Spades 
P1 AHearts P2 2Hearts P3 7Hearts P0 5Hearts 
P1 3Hearts P2 4Hearts P3 KHearts P0 6Hearts 
P3 4Clubs P0 7Clubs P1 5Clubs P2 JHearts 
P0 KClubs P1 4Spades P2 QHearts P3 JClubs 
P0 QClubs P1 5Spades P2 6Spades P3 QSpades 
P0 JDiamonds P1 2Diamonds P2 4Diamonds P3 6Diamonds 
P0 3Diamonds P1 5Diamonds P2 QDiamonds P3 JSpades 
P2 ADiamonds P3 KSpades P0 7Diamonds P1 KDiamonds 
-- /GAME --

