-- GAME --
P0 HAND: JDiamonds, 2Diamonds, JClubs, AHearts, 6Hearts, 5Hearts, 2Hearts, ASpades, JSpades, 3Spades.
P1 HAND: ADiamonds, 5Diamonds, AClubs, QClubs, 6Clubs, 7Hearts, QSpades, 6Spades, 5Spades, 2Spades.
P2 HAND: 6Diamonds, 3Diamonds, 7Clubs, 5Clubs, 2Clubs, JHearts, 4Hearts, 3Hearts, KSpades, 4Spades.
P3 HAND: 7Diamonds, KDiamonds, QDiamonds, 4Diamonds, KClubs, 4Clubs, 3Clubs, KHearts, QHearts, 7Spades.
P2 3Diamonds P3 4Diamonds P0 2Diamonds P1 ADiamonds 
P1 2Spades P2 4Spades P3 7Spades P0 ASpades 
P0 AHearts P1 7Hearts P2 JHearts P3 QHearts 
P0 JDiamonds P1 5Diamonds P2 6Diamonds P3 7Diamonds 
P3 QDiamonds P0 JClubs P1 AClubs P2 3Hearts 
P1 5Spades P2 KSpades P3 3Clubs P0 3Spades 
P3 4Clubs P0 5Hearts P1 6Clubs P2 2Clubs 
P1 6Spades P2 4Hearts P3 KClubs P0 JSpades 
P3 KDiamonds P0 6Hearts P1 QSpades P2 5Clubs 
P2 7Clubs P3 KHearts P0 2Hearts P1 QClubs 
-- /GAME --
P0 HAND: ADiamonds, 5Diamonds, JClubs, 6Clubs, 2Clubs, KHearts, 6Hearts, 7Spades, JSpades, QSpades.
P1 HAND: 6Diamonds, 4Diamonds, QClubs, 5Clubs, JHearts, QHearts, 2Hearts, KSpades, 4Spades, 3Spades.
P2 HAND: KDiamonds, AClubs, KClubs, 3Clubs, 7Hearts, 5Hearts, 4Hearts, 3Hearts, 5Spades, 2Spades.
P3 HAND: 7Diamonds, JDiamonds, QDiamonds, 3Diamonds, 2Diamonds, 7Clubs, 4Clubs, AHearts, ASpades, 6Spades.
P3 ASpades P0 QSpades P1 KSpades P2 2Spades 
P3 2Diamonds P0 5Diamonds P1 4Diamonds P2 KDiamonds 
P2 AClubs P3 4Clubs P0 JClubs P1 5Clubs 
P2 3Clubs P3 7Clubs P0 6Clubs P1 QClubs 
P3 3Diamonds P0 ADiamonds P1 6Diamonds P2 KClubs 
P0 7Spades P1 3Spades P2 5Spades P3 6Spades 
P0 JSpades P1 4Spades P2 3Hearts P3 QDiamonds 
P2 4Hearts P3 AHearts P0 6Hearts P1 2Hearts 
P3 JDiamonds P0 KHearts P1 QHearts P2 5Hearts 
P0 2Clubs P1 JHearts P2 7Hearts P3 7Diamonds 
-- /GAME --
P0 HAND: ADiamonds, 7Diamonds, 4Diamonds, 3Diamonds, 7Clubs, KClubs, QClubs, 3Clubs, KHearts, 2Spades.
P1 HAND: 6Diamonds, AClubs, JClubs, 5Clubs, 2Clubs, JHearts, 2Hearts, ASpades, 4Spades, 3Spades.
P2 HAND: QDiamonds, 5Diamonds, 4Clubs, AHearts, QHearts, 5Hearts, 7Spades, KSpades, JSpades, 5Spades.
P3 HAND: KDiamonds, JDiamonds, 2Diamonds, 6Clubs, 7Hearts, 6Hearts, 4Hearts, 3Hearts, QSpades, 6Spades.
P2 AHearts P3 3Hearts P0 KHearts P1 2Hearts 
P2 4Clubs P3 6Clubs P0 3Clubs P1 AClubs 
P1 ASpades P2 5Spades P3 QSpades P0 2Spades 
P1 2Clubs P2 5Hearts P3 4Hearts P0 7Clubs 
P0 KClubs P1 5Clubs P2 QHearts P3 2Diamonds 
P3 6Hearts P0 3Diamonds P1 JHearts P2 7Spades 
P0 4Diamonds P1 6Diamonds P2 5Diamonds P3 JDiamonds 
P3 6Spades P0 QClubs P1 3Spades P2 KSpades 
P2 JSpades P3 KDiamonds P0 ADiamonds P1 4Spades 
P0 7Diamonds P1 JClubs P2 QDiamonds P3 7Hearts 
-- /GAME --
P0 HAND: KDiamonds, QDiamonds, 2Diamonds, AClubs, KClubs, AHearts, KHearts, JHearts, 6Spades, 2Spades.
P1 HAND: ADiamonds, 5Diamonds, 4Diamonds, JClubs, 4Clubs, 3Clubs, 7Hearts, 3Hearts, ASpades, KSpades.
P2 HAND: 3Diamonds, QClubs, 6Clubs, 5Clubs, QHearts, 5Hearts, 4Hearts, 2Hearts, JSpades, 3Spades.
P3 HAND: 7Diamonds, JDiamonds, 6Diamonds, 7Clubs, 2Clubs, 6Hearts, 7Spades, QSpades, 5Spades, 4Spades.
P1 ADiamonds P2 3Diamonds P3 7Diamonds P0 2Diamonds 
P1 ASpades P2 3Spades P3 7Spades P0 6Spades 
P1 3Clubs P2 5Clubs P3 2Clubs P0 KClubs 
P0 AClubs P1 4Clubs P2 QClubs P3 7Clubs 
P0 KDiamonds P1 4Diamonds P2 JSpades P3 6Diamonds 
P0 QDiamonds P1 5Diamonds P2 6Clubs P3 JDiamonds 
P3 4Spades P0 2Spades P1 KSpades P2 2Hearts 
P2 4Hearts P3 6Hearts P0 KHearts P1 3Hearts 
P0 AHearts P1 7Hearts P2 5Hearts P3 5Spades 
P0 JHearts P1 JClubs P2 QHearts P3 QSpades 
-- /GAME --
P0 HAND: 7Clubs, KClubs, KHearts, 3Hearts, ASpades, KSpades, JSpades, 5Spades, 3Spades, 2Spades.
P1 HAND: QDiamonds, 5Diamonds, 4Diamonds, AClubs, 6Clubs, 5Clubs, AHearts, 7Hearts, JHearts, QHearts.
P2 HAND: 7Diamonds, KDiamonds, JDiamonds, 6Diamonds, 3Diamonds, JClubs, QClubs, 4Clubs, 5Hearts, 4Hearts.
P3 HAND: ADiamonds, 2Diamonds, 3Clubs, 2Clubs, 6Hearts, 2Hearts, 7Spades, QSpades, 6Spades, 4Spades.
P0 ASpades P1 5Clubs P2 QClubs P3 4Spades 
P2 3Diamonds P3 ADiamonds P0 7Clubs P1 4Diamonds 
P0 2Spades P1 5Diamonds P2 4Hearts P3 7Spades 
P3 2Diamonds P0 3Hearts P1 QDiamonds P2 7Diamonds 
P2 5Hearts P3 2Hearts P0 KHearts P1 AHearts 
P1 QHearts P2 6Diamonds P3 6Hearts P0 5Spades 
P1 JHearts P2 4Clubs P3 6Spades P0 KSpades 
P2 JDiamonds P3 QSpades P0 KClubs P1 AClubs 
P1 6Clubs P2 JClubs P3 2Clubs P0 JSpades 
P2 KDiamonds P3 3Clubs P0 3Spades P1 7Hearts 
-- /GAME --
P0 HAND: 7Clubs, 4Clubs, 2Clubs, AHearts, 7Hearts, JHearts, 2Hearts, QSpades, 3Spades, 2Spades.
P1 HAND: JDiamonds, 5Diamonds, JClubs, 5Clubs, 3Clubs, QHearts, 6Hearts, 3Hearts, ASpades, 5Spades.
P2 HAND: ADiamonds, 7Diamonds, KDiamonds, QDiamonds, 4Diamonds, KClubs, QClubs, KHearts, 6Spades, 4Spades.
P3 HAND: 6Diamonds, 3Diamonds, 2Diamonds, AClubs, 6Clubs, 5Hearts, 4Hearts, 7Spades, KSpades, JSpades.
P3 AClubs P0 4Clubs P1 JClubs P2 QClubs 
P3 2Diamonds P0 3Spades P1 5Diamonds P2 ADiamonds 
P2 4Diamonds P3 3Diamonds P0 2Hearts P1 JDiamonds 
P0 7Clubs P1 3Clubs P2 KClubs P3 6Clubs 
P0 2Clubs P1 5Clubs P2 4Spades P3 7Spades 
P1 5Spades P2 6Spades P3 JSpades P0 2Spades 
P3 6Diamonds P0 QSpades P1 3Hearts P2 QDiamonds 
P1 6Hearts P2 KHearts P3 4Hearts P0 JHearts 
P2 KDiamonds P3 5Hearts P0 7Hearts P1 ASpades 
P0 AHearts P1 QHearts P2 7Diamonds P3 KSpades 
-- /GAME --
P0 HAND: QDiamonds, 7Clubs, 2Clubs, 7Hearts, 6Hearts, ASpades, 7Spades, JSpades, 4Spades, 2Spades.
P1 HAND: ADiamonds, 7Diamonds, KDiamonds, 3Diamonds, JClubs, KHearts, JHearts, 3Hearts, KSpades, 5Spades.
P2 HAND: JDiamonds, 5Diamonds, 4Diamonds, QClubs, 4Clubs, AHearts, 5Hearts, 2Hearts, QSpades, 3Spades.
P3 HAND: 6Diamonds, 2Diamonds, AClubs, KClubs, 6Clubs, 5Clubs, 3Clubs, QHearts, 4Hearts, 6Spades.
P2 AHearts P3 4Hearts P0 6Hearts P1 3Hearts 
P2 2Hearts P3 QHearts P0 7Hearts P1 JHearts 
P0 ASpades P1 5Spades P2 QSpades P3 6Spades 
P0 7Spades P1 KSpades P2 3Spades P3 3Clubs 
P3 2Diamonds P0 QDiamonds P1 ADiamonds P2 4Diamonds 
P1 3Diamonds P2 5Diamonds P3 6Diamonds P0 4Spades 
P3 5Clubs P0 7Clubs P1 JClubs P2 4Clubs 
P0 2Spades P1 KDiamonds P2 5Hearts P3 6Clubs 
P3 KClubs P0 2Clubs P1 KHearts P2 QClubs 
P3 AClubs P0 JSpades P1 7Diamonds P2 JDiamonds 
-- /GAME --
P0 HAND: 6Diamonds, 4Diamonds, 7Clubs, JClubs, QClubs, 6Clubs, 3Hearts, QSpades, 5Spades, 3Spades.
P1 HAND: ADiamonds, QDiamonds, 3Diamonds, AClubs, KClubs, 5Clubs, 7Hearts, 4Hearts, KSpades, 2Spades.
P2 HAND: JDiamonds, 3Clubs, AHearts, KHearts, JHearts, QHearts, 6Hearts, 5Hearts, ASpades, 4Spades.
P3 HAND: 7Diamonds, KDiamonds, 5Diamonds, 2Diamonds, 4Clubs, 2Clubs, 2Hearts, 7Spades, JSpades, 6Spades.
P1 ADiamonds P2 JDiamonds P3 7Diamonds P0 6Diamonds 
P1 2Spades P2 ASpades P3 6Spades P0 QSpades 
P2 4Spades P3 JSpades P0 5Spades P1 KSpades 
P1 3Diamonds P2 5Hearts P3 KDiamonds P0 4Diamonds 
P3 2Diamonds P0 3Hearts P1 QDiamonds P2 6Hearts 
P1 4Hearts P2 QHearts P3 2Hearts P0 3Spades 
P2 JHearts P3 5Diamonds P0 QClubs P1 7Hearts 
P0 JClubs P1 5Clubs P2 3Clubs P3 2Clubs 
P0 6Clubs P1 KClubs P2 KHearts P3 4Clubs 
P1 AClubs P2 AHearts P3 7Spades P0 7Clubs 
-- /GAME --
P0 HAND: KDiamonds, 5Diamonds, KClubs, 6Clubs, 3Clubs, 7Hearts, KHearts, JHearts, QHearts, 4Hearts.
P1 HAND: JDiamonds, 6Diamonds, 3Diamonds, 2Diamonds, AHearts, 3Hearts, ASpades, 7Spades, KSpades, JSpades.
P2 HAND: 4Diamonds, AClubs, 7Clubs, QClubs, 4Clubs, 6Hearts, QSpades, 6Spades, 4Spades, 2Spades.
P3 HAND: ADiamonds, 7Diamonds, QDiamonds, JClubs, 5Clubs, 2Clubs, 5Hearts, 2Hearts, 5Spades, 3Spades.
P0 5Diamonds P1 2Diamonds P2 4Diamonds P3 ADiamonds 
P3 2Clubs P0 6Clubs P1 3Diamonds P2 AClubs 
P2 4Clubs P3 5Clubs P0 KClubs P1 3Hearts 
P0 3Clubs P1 6Diamonds P2 QClubs P3 JClubs 
P3 2Hearts P0 QHearts P1 AHearts P2 6Hearts 
P1 JDiamonds P2 2Spades P3 QDiamonds P0 KDiamonds 
P2 4Spades P3 3Spades P0 4Hearts P1 JSpades 
P1 KSpades P2 6Spades P3 5Spades P0 JHearts 
P1 7Spades P2 QSpades P3 5Hearts P0 KHearts 
P1 ASpades P2 7Clubs P3 7Diamonds P0 7Hearts 
-- /GAME --
P0 HAND: ADiamonds, 3Diamonds, QClubs, AHearts, KHearts, QHearts, ASpades, KSpades, 5Spades, 2Spades.
P1 HAND: 6Diamonds, 5Diamonds, 7Clubs, 5Clubs, 3Clubs, 6Hearts, 4Hearts, 2Hearts, JSpades, QSpades.
P2 HAND: KDiamonds, QDiamonds, 4Diamonds, AClubs, 6Clubs, JHearts, 3Hearts, 7Spades, 6Spades, 4Spades.
P3 HAND: 7Diamonds, JDiamonds, 2Diamonds, KClubs, JClubs, 4Clubs, 2Clubs, 7Hearts, 5Hearts, 3Spades.
P1 2Hearts P2 3Hearts P3 5Hearts P0 KHearts 
P0 AHearts P1 4Hearts P2 JHearts P3 7Hearts 
P0 ADiamonds P1 5Diamonds P2 KDiamonds P3 2Diamonds 
P0 3Diamonds P1 6Diamonds P2 4Diamonds P3 7Diamonds 
P3 2Clubs P0 QClubs P1 3Clubs P2 AClubs 
P2 6Clubs P3 4Clubs P0 2Spades P1 5Clubs 
P0 5Spades P1 QSpades P2 4Spades P3 3Spades 
P1 6Hearts P2 QDiamonds P3 JDiamonds P0 QHearts 
P0 KSpades P1 JSpades P2 6Spades P3 JClubs 
P0 ASpades P1 7Clubs P2 7Spades P3 KClubs 
-- /GAME --
P0 HAND: 7Diamonds, QDiamonds, 3Diamonds, 6Clubs, KHearts, 4Hearts, 2Hearts, ASpades, JSpades, 6Spades.
P1 HAND: ADiamonds, 5Diamonds, QClubs, 3Clubs, 2Clubs, 7Hearts, QHearts, 6Hearts, 5Spades, 2Spades.
P2 HAND: 6Diamonds, 2Diamonds, AClubs, 5Clubs, AHearts, 7Spades, KSpades, QSpades, 4Spades, 3Spades.
P3 HAND: KDiamonds, JDiamonds, 4Diamonds, 7Clubs, KClubs, JClubs, 4Clubs, JHearts, 5Hearts, 3Hearts.
P0 6Clubs P1 2Clubs P2 AClubs P3 4Clubs 
P2 AHearts P3 3Hearts P0 KHearts P1 6Hearts 
P2 3Spades P3 5Hearts P0 ASpades P1 2Spades 
P0 4Hearts P1 QHearts P2 4Spades P3 JHearts 
P3 JClubs P0 2Hearts P1 3Clubs P2 5Clubs 
P3 4Diamonds P0 3Diamonds P1 5Diamonds P2 2Diamonds 
P1 5Spades P2 QSpades P3 JDiamonds P0 6Spades 
P3 KDiamonds P0 7Diamonds P1 ADiamonds P2 6Diamonds 
P1 QClubs P2 KSpades P3 KClubs P0 QDiamonds 
P0 JSpades P1 7Hearts P2 7Spades P3 7Clubs 
-- /GAME --
P0 HAND: JDiamonds, QDiamonds, 6Diamonds, 5Diamonds, 3Diamonds, 7Clubs, 7Hearts, JHearts, JSpades, 4Spades.
P1 HAND: 4Diamonds, JClubs, 6Clubs, 5Clubs, AHearts, KHearts, QHearts, 6Hearts, QSpades, 3Spades.
P2 HAND: ADiamonds, 2Diamonds, 3Clubs, 2Clubs, 5Hearts, 4Hearts, 2Hearts, ASpades, 7Spades, 2Spades.
P3 HAND: 7Diamonds, KDiamonds, AClubs, KClubs, QClubs, 4Clubs, 3Hearts, KSpades, 6Spades, 5Spades.
P3 AClubs P0 7Clubs P1 JClubs P2 2Clubs 
P3 3Hearts P0 JHearts P1 AHearts P2 2Hearts 
P1 3Spades P2 ASpades P3 5Spades P0 JSpades 
P2 2Spades P3 6Spades P0 4Spades P1 QSpades 
P1 5Clubs P2 3Clubs P3 4Clubs P0 3Diamonds 
P0 QDiamonds P1 4Diamonds P2 2Diamonds P3 KDiamonds 
P3 QClubs P0 5Diamonds P1 6Clubs P2 7Spades 
P0 6Diamonds P1 6Hearts P2 ADiamonds P3 7Diamonds 
P2 4Hearts P3 KClubs P0 7Hearts P1 QHearts 
P0 JDiamonds P1 KHearts P2 5Hearts P3 KSpades 
-- /GAME --
P0 HAND: JDiamonds, JClubs, QClubs, 6Clubs, 5Clubs, 7Hearts, JHearts, QSpades, 6Spades, 2Spades.
P1 HAND: 5Diamonds, 7Clubs, KHearts, 6Hearts, 4Hearts, 2Hearts, ASpades, KSpades, JSpades, 5Spades.
P2 HAND: ADiamonds, KDiamonds, 4Diamonds, 2Diamonds, KClubs, 4Clubs, 3Clubs, 5Hearts, 3Hearts, 7Spades.
P3 HAND: 7Diamonds, QDiamonds, 6Diamonds, 3Diamonds, AClubs, 2Clubs, AHearts, QHearts, 4Spades, 3Spades.
P2 ADiamonds P3 3Diamonds P0 JDiamonds P1 5Diamonds 
P2 2Diamonds P3 6Diamonds P0 2Spades P1 2Hearts 
P0 JHearts P1 4Hearts P2 3Hearts P3 AHearts 
P3 AClubs P0 5Clubs P1 7Clubs P2 3Clubs 
P3 2Clubs P0 QClubs P1 6Hearts P2 KClubs 
P2 4Diamonds P3 QDiamonds P0 QSpades P1 5Spades 
P0 7Hearts P1 KHearts P2 5Hearts P3 QHearts 
P0 JClubs P1 JSpades P2 4Clubs P3 7Diamonds 
P1 KSpades P2 7Spades P3 3Spades P0 6Spades 
P2 KDiamonds P3 4Spades P0 6Clubs P1 ASpades 
-- /GAME --
P0 HAND: ADiamonds, KDiamonds, 6Diamonds, 3Diamonds, AClubs, JClubs, QClubs, KSpades, JSpades, 3Spades.
P1 HAND: JDiamonds, 2Diamonds, 7Clubs, KClubs, 5Clubs, 3Clubs, JHearts, 2Hearts, 7Spades, 2Spades.
P2 HAND: QDiamonds, 5Diamonds, 4Diamonds, 6Clubs, 7Hearts, KHearts, 6Hearts, 4Hearts, 3Hearts, ASpades.
P3 HAND: 7Diamonds, 4Clubs, 2Clubs, AHearts, QHearts, 5Hearts, QSpades, 6Spades, 5Spades, 4Spades.
P1 2Diamonds P2 4Diamonds P3 7Diamonds P0 ADiamonds 
P0 AClubs P1 3Clubs P2 6Clubs P3 2Clubs 
P0 KDiamonds P1 JDiamonds P2 QDiamonds P3 4Spades 
P3 AHearts P0 KSpades P1 2Hearts P2 7Hearts 
P0 6Diamonds P1 5Clubs P2 5Diamonds P3 4Clubs 
P0 3Diamonds P1 2Spades P2 3Hearts P3 QHearts 
P1 JHearts P2 4Hearts P3 5Hearts P0 JSpades 
P0 QClubs P1 KClubs P2 ASpades P3 5Spades 
P2 6Hearts P3 6Spades P0 3Spades P1 7Clubs 
P3 QSpades P0 JClubs P1 7Spades P2 KHearts 
-- /GAME --
P0 HAND: ADiamonds, JClubs, 2Clubs, AHearts, 7Hearts, JHearts, QHearts, 6Hearts, ASpades, JSpades.
P1 HAND: 5Diamonds, 3Diamonds, AClubs, KClubs, QClubs, 6Clubs, 5Clubs, 7Spades, KSpades, 2Spades.
P2 HAND: 7Diamonds, JDiamonds, 2Diamonds, 7Clubs, 3Clubs, KHearts, 3Hearts, 2Hearts, QSpades, 3Spades.
P3 HAND: KDiamonds, QDiamonds, 6Diamonds, 4Diamonds, 4Clubs, 5Hearts, 4Hearts, 6Spades, 5Spades, 4Spades.
P0 AHearts P1 3Diamonds P2 2Hearts P3 5Hearts 
P1 2Spades P2 3Spades P3 4Spades P0 JSpades 
P0 ASpades P1 KSpades P2 QSpades P3 5Spades 
P0 2Clubs P1 AClubs P2 3Clubs P3 4Clubs 
P1 5Clubs P2 7Clubs P3 4Diamonds P0 JClubs 
P3 4Hearts P0 JHearts P1 6Clubs P2 KHearts 
P2 3Hearts P3 6Spades P0 QHearts P1 QClubs 
P0 6Hearts P1 5Diamonds P2 2Diamonds P3 6Diamonds 
P3 QDiamonds P0 ADiamonds P1 KClubs P2 JDiamonds 
P0 7Hearts P1 7Spades P2 7Diamonds P3 KDiamonds 
-- /GAME --
P0 HAND: ADiamonds, KDiamonds, 6Diamonds, QClubs, 5Clubs, 7Hearts, 7Spades, JSpades, 4Spades, 2Spades.
P1 HAND: 3Diamonds, 2Diamonds, 7Clubs, KClubs, JClubs, JHearts, QHearts, 3Hearts, KSpades, QSpades.
P2 HAND: JDiamonds, QDiamonds, 5Diamonds, 4Diamonds, AClubs, 6Clubs, 3Clubs, 6Hearts, 5Hearts, 5Spades.
P3 HAND: 7Diamonds, 4Clubs, 2Clubs, AHearts, KHearts, 4Hearts, 2Hearts, ASpades, 6Spades, 3Spades.

