-- GAME --
P0 HAND: 5Diamonds, 3Diamonds, 6Clubs, 5Clubs, 6Hearts, 4Hearts, 3Hearts, ASpades, KSpades, 3Spades.
P1 HAND: JDiamonds, 4Diamonds, 2Diamonds, AClubs, QClubs, 4Clubs, 3Clubs, 7Hearts, QHearts, 2Hearts.
P2 HAND: 6Diamonds, 7Clubs, JClubs, 2Clubs, KHearts, JHearts, 5Hearts, 7Spades, 4Spades, 2Spades.
P3 HAND: ADiamonds, 7Diamonds, KDiamonds, QDiamonds, KClubs, AHearts, JSpades, QSpades, 6Spades, 5Spades.
P2 2Clubs P3 KClubs P0 5Clubs P1 AClubs 
P1 2Diamonds P2 6Diamonds P3 ADiamonds P0 3Diamonds 
P3 5Spades P0 KSpades P1 3Clubs P2 7Spades 
P2 2Spades P3 6Spades P0 ASpades P1 2Hearts 
P1 4Diamonds P2 4Spades P3 7Diamonds P0 5Diamonds 
P3 QDiamonds P0 6Clubs P1 JDiamonds P2 5Hearts 
P2 JClubs P3 QSpades P0 3Spades P1 4Clubs 
P2 JHearts P3 AHearts P0 4Hearts P1 QHearts 
P3 JSpades P0 6Hearts P1 QClubs P2 7Clubs 
P0 3Hearts P1 7Hearts P2 KHearts P3 KDiamonds 
-- /GAME --
P0 HAND: 6Diamonds, 5Diamonds, QClubs, 7Hearts, JHearts, QHearts, 6Hearts, 5Hearts, ASpades, 2Spades.
P1 HAND: ADiamonds, QDiamonds, 4Diamonds, 2Diamonds, KClubs, 5Clubs, 3Clubs, 2Clubs, 3Hearts, 3Spades.
P2 HAND: 3Diamonds, AClubs, 7Clubs, 6Clubs, AHearts, KHearts, 2Hearts, 7Spades, QSpades, 4Spades.
P3 HAND: 7Diamonds, KDiamonds, JDiamonds, JClubs, 4Clubs, 4Hearts, KSpades, JSpades, 6Spades, 5Spades.
P1 ADiamonds P2 3Diamonds P3 7Diamonds P0 5Diamonds 
P1 2Diamonds P2 4Spades P3 KDiamonds P0 6Diamonds 
P3 4Clubs P0 QClubs P1 2Clubs P2 AClubs 
P2 6Clubs P3 JClubs P0 2Spades P1 KClubs 
P1 3Clubs P2 7Clubs P3 4Hearts P0 5Hearts 
P0 JHearts P1 3Hearts P2 2Hearts P3 5Spades 
P0 QHearts P1 3Spades P2 KHearts P3 6Spades 
P2 QSpades P3 JSpades P0 ASpades P1 4Diamonds 
P0 6Hearts P1 5Clubs P2 AHearts P3 JDiamonds 
P2 7Spades P3 KSpades P0 7Hearts P1 QDiamonds 
-- /GAME --
P0 HAND: JDiamonds, QDiamonds, 6Diamonds, 7Clubs, KClubs, JClubs, 2Clubs, 7Hearts, 3Hearts, 2Hearts.
P1 HAND: 7Diamonds, KDiamonds, 5Diamonds, QClubs, JHearts, QHearts, 6Hearts, ASpades, JSpades, 2Spades.
P2 HAND: ADiamonds, 4Diamonds, 3Diamonds, AClubs, 5Clubs, AHearts, 5Hearts, 7Spades, 4Spades, 3Spades.
P3 HAND: 2Diamonds, 6Clubs, 4Clubs, 3Clubs, KHearts, 4Hearts, KSpades, QSpades, 6Spades, 5Spades.
P0 QDiamonds P1 5Diamonds 
