-- GAME --
P0 HAND: ADiamonds, KDiamonds, 6Diamonds, JClubs, 6Clubs, 5Clubs, AHearts, JHearts, 4Hearts, 4Spades.
P1 HAND: AClubs, QClubs, 2Clubs, KHearts, QHearts, 5Hearts, 3Hearts, JSpades, QSpades, 6Spades.
P2 HAND: 7Diamonds, 4Diamonds, 3Diamonds, 2Diamonds, 4Clubs, 2Hearts, ASpades, 7Spades, 5Spades, 3Spades.
P3 HAND: JDiamonds, QDiamonds, 5Diamonds, 7Clubs, KClubs, 3Clubs, 7Hearts, 6Hearts, KSpades, 2Spades.
P2 ASpades P3 2Spades P0 4Spades P1 6Spades 
P2 2Diamonds P3 5Diamonds P0 ADiamonds P1 2Clubs 
P1 3Hearts P2 2Hearts P3 6Hearts P0 JHearts 
P0 AHearts P1 5Hearts P2 7Diamonds P3 7Hearts 
P0 KDiamonds P1 QHearts P2 4Diamonds P3 QDiamonds 
P0 4Hearts P1 KHearts P2 3Diamonds P3 KSpades 
P1 QSpades P2 3Spades P3 3Clubs P0 JClubs 
P0 6Diamonds P1 QClubs P2 5Spades P3 JDiamonds 
P1 JSpades P2 7Spades P3 KClubs P0 5Clubs 
P3 7Clubs P0 6Clubs P1 AClubs P2 4Clubs 
-- /GAME --
P0 HAND: 7Diamonds, 4Diamonds, 3Diamonds, 2Diamonds, 5Clubs, AHearts, 7Hearts, 2Hearts, ASpades, 5Spades.
P1 HAND: QDiamonds, 6Diamonds, 7Clubs, 6Clubs, JHearts, 6Hearts, 5Hearts, 3Hearts, 4Spades, 3Spades.
P2 HAND: JDiamonds, AClubs, KClubs, JClubs, 2Clubs, KHearts, QHearts, KSpades, QSpades, 2Spades.
P3 HAND: ADiamonds, KDiamonds, 5Diamonds, QClubs, 4Clubs, 3Clubs, 4Hearts, 7Spades, JSpades, 6Spades.
P1 3Spades P2 2Spades P3 6Spades P0 5Spades 
P3 ADiamonds P0 2Diamonds P1 QDiamonds P2 JDiamonds 
P3 3Clubs P0 5Clubs P1 6Clubs P2 AClubs 
P2 2Clubs P3 4Clubs P0 2Hearts P1 7Clubs 
P0 AHearts P1 3Hearts P2 QHearts P3 4Hearts 
P0 7Hearts P1 5Hearts P2 KHearts P3 5Diamonds 
P0 ASpades P1 4Spades P2 KSpades P3 JSpades 
P0 7Diamonds P1 6Diamonds P2 KClubs P3 KDiamonds 
P0 3Diamonds P1 6Hearts P2 QSpades P3 7Spades 
P1 JHearts P2 JClubs P3 QClubs P0 4Diamonds 
-- /GAME --
P0 HAND: KDiamonds, JDiamonds, 3Diamonds, JClubs, 6Clubs, 2Clubs, AHearts, 4Hearts, 2Hearts, QSpades.
P1 HAND: ADiamonds, QDiamonds, KClubs, 5Clubs, KHearts, 3Hearts, ASpades, KSpades, 6Spades, 4Spades.
P2 HAND: 7Diamonds, 6Diamonds, AClubs, 7Clubs, QClubs, 4Clubs, 7Hearts, JSpades, 3Spades, 2Spades.
P3 HAND: 5Diamonds, 4Diamonds, 2Diamonds, 3Clubs, JHearts, QHearts, 6Hearts, 5Hearts, 7Spades, 5Spades.
P0 AHearts P1 3Hearts P2 7Hearts P3 5Hearts 
P0 2Hearts P1 KHearts P2 2Spades P3 JHearts 
P1 ADiamonds P2 6Diamonds P3 5Diamonds P0 3Diamonds 
P1 4Spades P2 3Spades P3 5Spades P0 QSpades 
P0 JDiamonds P1 QDiamonds P2 7Diamonds P3 2Diamonds 
P2 JSpades P3 7Spades P0 6Clubs P1 6Spades 
P0 KDiamonds P1 5Clubs 
