-- GAME --
P0 HAND: KDiamonds, 6Diamonds, 5Diamonds, 2Diamonds, KClubs, 2Clubs, JHearts, QHearts, 5Hearts, 2Hearts.
P1 HAND: 4Diamonds, QClubs, 5Clubs, 4Clubs, AHearts, 7Hearts, KHearts, QSpades, 5Spades, 3Spades.
P2 HAND: ADiamonds, JDiamonds, QDiamonds, 3Diamonds, JClubs, 6Clubs, 6Hearts, 4Hearts, 3Hearts, KSpades.
P3 HAND: 7Diamonds, AClubs, 7Clubs, 3Clubs, ASpades, 7Spades, JSpades, 6Spades, 4Spades, 2Spades.
P0 2Clubs P1 4Clubs P2 6Clubs P3 AClubs 
P3 3Clubs P0 KClubs P1 5Clubs P2 JClubs 
P0 2Hearts P1 AHearts P2 3Hearts P3 7Diamonds 
P1 4Diamonds P2 ADiamonds P3 2Spades P0 KDiamonds 
P3 4Spades P0 6Diamonds P1 3Spades P2 KSpades 
P2 3Diamonds P3 6Spades P0 2Diamonds P1 7Hearts 
P3 JSpades P0 5Diamonds P1 5Spades P2 4Hearts 
P3 7Spades P0 5Hearts P1 QSpades P2 6Hearts 
P3 ASpades P0 QHearts P1 QClubs P2 QDiamonds 
P3 7Clubs P0 JHearts P1 KHearts P2 JDiamonds 
-- /GAME --
P0 HAND: 7Diamonds, KDiamonds, 7Clubs, QClubs, 4Clubs, 2Clubs, 6Hearts, 5Hearts, 7Spades, KSpades.
P1 HAND: JDiamonds, 5Diamonds, 6Clubs, 5Clubs, AHearts, 7Hearts, 4Hearts, 2Hearts, JSpades, QSpades.
P2 HAND: 6Diamonds, 3Diamonds, 2Diamonds, AClubs, KClubs, JHearts, 3Hearts, 6Spades, 5Spades, 2Spades.
P3 HAND: ADiamonds, QDiamonds, 4Diamonds, JClubs, 3Clubs, KHearts, QHearts, ASpades, 4Spades, 3Spades.
P3 ADiamonds P0 KDiamonds P1 JDiamonds P2 2Diamonds 
P3 3Clubs P0 4Clubs P1 5Clubs P2 AClubs 
P2 3Diamonds P3 4Diamonds P0 7Diamonds P1 5Diamonds 
P0 5Hearts P1 AHearts P2 3Hearts P3 KHearts 
P1 2Hearts P2 JHearts P3 QHearts P0 6Hearts 
P2 6Diamonds P3 QDiamonds P0 2Clubs P1 7Hearts 
P3 JClubs P0 7Clubs P1 6Clubs P2 KClubs 
P0 QClubs P1 4Hearts P2 2Spades P3 3Spades 
P3 4Spades P0 KSpades P1 QSpades P2 5Spades 
P0 7Spades P1 JSpades P2 6Spades P3 ASpades 
-- /GAME --
P0 HAND: ADiamonds, 5Clubs, 7Hearts, JHearts, ASpades, 7Spades, KSpades, JSpades, QSpades, 6Spades.
P1 HAND: KDiamonds, QDiamonds, 5Diamonds, 3Diamonds, KClubs, 4Clubs, 3Clubs, 2Clubs, KHearts, 2Hearts.
P2 HAND: 6Diamonds, 7Clubs, JClubs, 6Clubs, AHearts, 6Hearts, 5Hearts, 4Hearts, 3Hearts, 3Spades.
P3 HAND: 7Diamonds, JDiamonds, 4Diamonds, 2Diamonds, AClubs, QClubs, QHearts, 5Spades, 4Spades, 2Spades.
P2 3Hearts P3 QHearts P0 JHearts P1 KHearts 
P1 2Hearts P2 4Hearts P3 2Diamonds P0 7Hearts 
P0 ADiamonds P1 3Diamonds P2 6Diamonds P3 4Diamonds 
P0 ASpades P1 2Clubs P2 3Spades P3 5Spades 
P1 5Diamonds P2 5Hearts P3 7Diamonds P0 5Clubs 
P0 6Spades P1 QDiamonds P2 6Hearts P3 2Spades 
P0 QSpades P1 3Clubs P2 6Clubs P3 4Spades 
P2 JClubs P3 QClubs P0 JSpades P1 KClubs 
P1 4Clubs P2 7Clubs P3 AClubs P0 KSpades 
P3 JDiamonds P0 7Spades P1 KDiamonds P2 AHearts 
-- /GAME --
P0 HAND: ADiamonds, QDiamonds, 6Clubs, 4Clubs, 2Clubs, AHearts, 4Hearts, ASpades, 7Spades, 5Spades.
P1 HAND: 4Diamonds, KClubs, JClubs, 5Clubs, KHearts, JHearts, QHearts, 5Hearts, 4Spades, 3Spades.
P2 HAND: 6Diamonds, 3Diamonds, AClubs, 7Clubs, 3Clubs, 6Hearts, 3Hearts, 2Hearts, KSpades, 6Spades.
P3 HAND: 7Diamonds, KDiamonds, JDiamonds, 5Diamonds, 2Diamonds, QClubs, 7Hearts, JSpades, QSpades, 2Spades.
P2 2Hearts P3 7Hearts P0 AHearts P1 5Hearts 
P0 ADiamonds P1 4Diamonds P2 6Diamonds P3 2Diamonds 
P0 4Hearts P1 QHearts P2 3Hearts P3 7Diamonds 
P1 3Spades P2 6Spades P3 2Spades P0 ASpades 
P0 2Clubs P1 5Clubs P2 3Clubs P3 QClubs 
P3 5Diamonds P0 QDiamonds P1 4Spades P2 3Diamonds 
P0 4Clubs P1 JClubs P2 7Clubs P3 QSpades 
P2 6Hearts P3 JDiamonds P0 5Spades P1 KHearts 
P1 JHearts P2 AClubs P3 JSpades P0 7Spades 
P2 KSpades P3 KDiamonds P0 6Clubs P1 KClubs 
-- /GAME --
P0 HAND: 4Diamonds, 7Clubs, 5Clubs, AHearts, KHearts, 6Hearts, 5Hearts, 2Hearts, 7Spades, 2Spades.
P1 HAND: JDiamonds, 2Diamonds, AClubs, 4Clubs, 7Hearts, JHearts, 4Hearts, 3Hearts, ASpades, 3Spades.
P2 HAND: ADiamonds, 7Diamonds, 6Diamonds, 3Diamonds, KClubs, QHearts, KSpades, JSpades, 5Spades, 4Spades.
P3 HAND: KDiamonds, QDiamonds, 5Diamonds, JClubs, QClubs, 6Clubs, 3Clubs, 2Clubs, QSpades, 6Spades.
P1 ASpades P2 4Spades P3 QSpades P0 2Spades 
P1 2Diamonds P2 ADiamonds P3 5Diamonds P0 4Diamonds 
P2 3Diamonds P3 QDiamonds P0 2Hearts P1 JDiamonds 
P1 3Hearts P2 QHearts P3 6Spades P0 AHearts 
P0 5Hearts P1 4Hearts P2 5Spades P3 2Clubs 
P3 3Clubs P0 7Clubs P1 AClubs P2 KClubs 
P1 3Spades P2 JSpades P3 6Clubs P0 7Spades 
P3 QClubs P0 5Clubs P1 4Clubs P2 6Diamonds 
P3 JClubs P0 6Hearts P1 JHearts P2 KSpades 
P3 KDiamonds P0 KHearts P1 7Hearts P2 7Diamonds 
-- /GAME --
P0 HAND: KDiamonds, KClubs, 3Clubs, KHearts, 6Hearts, 5Hearts, 4Hearts, 3Hearts, 4Spades, 3Spades.
P1 HAND: 6Diamonds, 2Diamonds, AClubs, 5Clubs, 2Clubs, 7Hearts, ASpades, KSpades, QSpades, 2Spades.
P2 HAND: ADiamonds, 3Diamonds, 7Clubs, JClubs, QClubs, 4Clubs, AHearts, 2Hearts, 6Spades, 5Spades.
P3 HAND: 7Diamonds, JDiamonds, QDiamonds, 5Diamonds, 4Diamonds, 6Clubs, JHearts, QHearts, 7Spades, JSpades.
P0 3Hearts P1 7Hearts P2 AHearts P3 QHearts 
P2 ADiamonds P3 4Diamonds P0 KDiamonds P1 2Diamonds 
P2 2Hearts P3 JHearts P0 KHearts P1 2Spades 
P1 AClubs P2 4Clubs P3 6Clubs P0 3Clubs 
P1 2Clubs P2 QClubs P3 5Diamonds P0 KClubs 
P0 3Spades P1 QSpades P2 5Spades P3 JSpades 
P3 QDiamonds P0 4Spades P1 6Diamonds P2 3Diamonds 
P0 4Hearts P1 5Clubs P2 6Spades P3 7Spades 
P3 JDiamonds P0 5Hearts P1 KSpades P2 JClubs 
P1 ASpades P2 7Clubs P3 7Diamonds P0 6Hearts 
-- /GAME --
P0 HAND: JDiamonds, QDiamonds, 3Diamonds, AClubs, KClubs, QHearts, 4Hearts, 3Hearts, 3Spades, 2Spades.
P1 HAND: 7Diamonds, KDiamonds, 2Diamonds, JClubs, 2Clubs, JHearts, 6Hearts, 7Spades, JSpades, QSpades.
P2 HAND: ADiamonds, 6Diamonds, 5Diamonds, 6Clubs, 4Clubs, 5Hearts, 2Hearts, 6Spades, 5Spades, 4Spades.
P3 HAND: 4Diamonds, 7Clubs, QClubs, 5Clubs, 3Clubs, AHearts, 7Hearts, KHearts, ASpades, KSpades.
P3 AHearts P0 3Hearts P1 JHearts P2 2Hearts 
P3 ASpades P0 2Spades P1 7Spades P2 4Spades 
P3 4Diamonds P0 JDiamonds P1 2Diamonds P2 ADiamonds 
P2 5Diamonds P3 3Clubs P0 3Diamonds P1 7Diamonds 
P3 5Clubs P0 KClubs P1 2Clubs P2 4Clubs 
P0 AClubs P1 JClubs P2 6Clubs P3 QClubs 
P0 4Hearts P1 6Hearts P2 5Hearts P3 7Hearts 
P3 7Clubs P0 3Spades P1 QSpades P2 5Spades 
P3 KHearts P0 QHearts P1 JSpades P2 6Diamonds 
P3 KSpades P0 QDiamonds P1 KDiamonds P2 6Spades 
-- /GAME --
P0 HAND: ADiamonds, 6Diamonds, 6Clubs, 7Hearts, QHearts, 2Hearts, JSpades, 6Spades, 5Spades, 3Spades.
P1 HAND: QDiamonds, 5Diamonds, 2Diamonds, AClubs, 7Clubs, 5Clubs, 2Clubs, 5Hearts, 3Hearts, KSpades.
P2 HAND: 7Diamonds, KDiamonds, KClubs, 4Clubs, 3Clubs, KHearts, 6Hearts, 4Hearts, QSpades, 2Spades.
P3 HAND: JDiamonds, 4Diamonds, 3Diamonds, JClubs, QClubs, AHearts, JHearts, ASpades, 7Spades, 4Spades.
P2 2Spades P3 ASpades P0 3Spades P1 KSpades 
P3 3Diamonds P0 ADiamonds P1 2Diamonds P2 7Diamonds 
P0 6Diamonds P1 5Diamonds P2 KDiamonds P3 4Diamonds 
P2 3Clubs P3 QClubs P0 6Clubs P1 AClubs 
P1 2Clubs P2 4Clubs P3 JClubs P0 7Hearts 
P0 2Hearts P1 3Hearts P2 4Hearts P3 JHearts 
P3 4Spades P0 5Spades P1 5Clubs P2 QSpades 
P2 6Hearts P3 AHearts P0 QHearts P1 5Hearts 
P3 JDiamonds P0 6Spades P1 QDiamonds P2 KHearts 
P2 KClubs P3 7Spades P0 JSpades P1 7Clubs 
-- /GAME --
P0 HAND: ADiamonds, 7Diamonds, 6Diamonds, 5Diamonds, 3Diamonds, QClubs, 4Clubs, ASpades, KSpades, 5Spades.
P1 HAND: KDiamonds, 4Diamonds, 7Clubs, 6Clubs, 7Hearts, KHearts, 7Spades, JSpades, 4Spades, 3Spades.
P2 HAND: 2Diamonds, 3Clubs, AHearts, JHearts, QHearts, 4Hearts, 3Hearts, 2Hearts, 6Spades, 2Spades.
P3 HAND: JDiamonds, QDiamonds, AClubs, KClubs, JClubs, 5Clubs, 2Clubs, 6Hearts, 5Hearts, QSpades.
P3 2Clubs P0 4Clubs P1 6Clubs P2 3Clubs 
P1 3Spades P2 2Spades P3 QSpades P0 ASpades 
P0 3Diamonds P1 4Diamonds P2 2Diamonds P3 JDiamonds 
P3 5Clubs P0 QClubs P1 7Clubs P2 2Hearts 
P2 6Spades P3 QDiamonds P0 5Spades P1 7Spades 
P1 4Spades P2 3Hearts P3 5Hearts P0 KSpades 
P3 JClubs P0 5Diamonds P1 KHearts P2 AHearts 
P2 4Hearts P3 6Hearts P0 6Diamonds P1 7Hearts 
P1 JSpades P2 QHearts P3 KClubs P0 ADiamonds 
P2 JHearts P3 AClubs P0 7Diamonds P1 KDiamonds 
-- /GAME --
P0 HAND: JDiamonds, QDiamonds, 4Diamonds, KClubs, 4Clubs, 2Clubs, 7Hearts, 6Hearts, KSpades, JSpades.
P1 HAND: KDiamonds, 5Diamonds, 2Diamonds, AClubs, 7Clubs, 3Clubs, AHearts, 2Hearts, ASpades, 2Spades.
P2 HAND: 6Diamonds, JClubs, 6Clubs, 5Clubs, JHearts, 4Hearts, 3Hearts, QSpades, 6Spades, 4Spades.
P3 HAND: ADiamonds, 7Diamonds, 3Diamonds, QClubs, KHearts, QHearts, 5Hearts, 7Spades, 5Spades, 3Spades.
P2 3Hearts P3 5Hearts P0 6Hearts P1 AHearts 
P1 AClubs P2 5Clubs P3 QClubs P0 2Clubs 
P1 ASpades P2 4Spades P3 7Spades P0 JSpades 
P1 2Hearts P2 4Hearts P3 QHearts P0 7Hearts 
P0 4Clubs P1 3Clubs P2 6Clubs P3 3Spades 
P2 6Spades P3 5Spades P0 KSpades P1 2Spades 
P0 4Diamonds P1 2Diamonds P2 6Diamonds P3 3Diamonds 
P2 QSpades P3 7Diamonds P0 KClubs P1 7Clubs 
P3 ADiamonds P0 QDiamonds P1 5Diamonds P2 JClubs 
P3 KHearts P0 JDiamonds P1 KDiamonds P2 JHearts 
-- /GAME --
P0 HAND: JDiamonds, 4Diamonds, KClubs, 5Clubs, AHearts, 2Hearts, ASpades, KSpades, 4Spades, 2Spades.
P1 HAND: KDiamonds, 7Clubs, 3Clubs, 7Hearts, 4Hearts, JSpades, QSpades, 6Spades, 5Spades, 3Spades.
P2 HAND: ADiamonds, 7Diamonds, 2Diamonds, JClubs, 4Clubs, 2Clubs, KHearts, QHearts, 3Hearts, 7Spades.
P3 HAND: QDiamonds, 6Diamonds, 5Diamonds, 3Diamonds, AClubs, QClubs, 6Clubs, JHearts, 6Hearts, 5Hearts.
P1 3Spades P2 7Spades P3 6Clubs P0 ASpades 
P3 3Diamonds P0 4Diamonds P1 KDiamonds P2 ADiamonds 
P2 2Diamonds P3 5Diamonds P0 JDiamonds P1 4Hearts 
P0 AHearts P1 7Hearts P2 KHearts P3 5Hearts 
P0 2Hearts P1 5Spades P2 3Hearts P3 JHearts 
P3 6Diamonds P0 KClubs P1 6Spades P2 7Diamonds 
P0 5Clubs P1 3Clubs P2 2Clubs P3 QClubs 
P3 6Hearts P0 2Spades P1 QSpades P2 QHearts 
P2 4Clubs P3 AClubs P0 4Spades P1 7Clubs 
P3 QDiamonds P0 KSpades P1 JSpades P2 JClubs 
-- /GAME --
P0 HAND: KDiamonds, QDiamonds, 5Diamonds, 4Diamonds, 3Diamonds, 7Clubs, 3Clubs, 7Hearts, QHearts, 3Spades.
P1 HAND: ADiamonds, AClubs, JClubs, QClubs, 4Clubs, 2Clubs, JHearts, 6Hearts, 5Spades, 2Spades.
P2 HAND: 7Diamonds, JDiamonds, 2Diamonds, 5Clubs, 5Hearts, 4Hearts, 2Hearts, KSpades, QSpades, 6Spades.
P3 HAND: 6Diamonds, KClubs, 6Clubs, AHearts, KHearts, 3Hearts, ASpades, 7Spades, JSpades, 4Spades.
P0 7Hearts P1 6Hearts P2 2Hearts P3 AHearts 
P3 ASpades P0 3Spades P1 5Spades P2 6Spades 
P3 4Spades P0 QHearts P1 2Spades P2 KSpades 
P0 3Clubs P1 AClubs P2 5Clubs P3 KClubs 
P1 ADiamonds P2 2Diamonds P3 6Diamonds P0 3Diamonds 
P1 2Clubs P2 QSpades P3 6Clubs P0 7Clubs 
P0 4Diamonds P1 4Clubs P2 7Diamonds P3 3Hearts 
P3 JSpades P0 5Diamonds P1 QClubs P2 4Hearts 
P2 JDiamonds P3 KHearts P0 QDiamonds P1 JClubs 
P3 7Spades P0 KDiamonds P1 JHearts P2 5Hearts 
-- /GAME --
P0 HAND: 4Diamonds, KClubs, JClubs, 5Clubs, 3Clubs, 5Hearts, 2Hearts, ASpades, QSpades, 4Spades.
P1 HAND: ADiamonds, 7Diamonds, 6Diamonds, 2Diamonds, 7Clubs, JHearts, QHearts, 4Hearts, 3Hearts, JSpades.
P2 HAND: JDiamonds, QDiamonds, 5Diamonds, 2Clubs, KHearts, 6Hearts, 7Spades, 6Spades, 3Spades, 2Spades.
P3 HAND: KDiamonds, 3Diamonds, AClubs, QClubs, 6Clubs, 4Clubs, AHearts, 7Hearts, KSpades, 5Spades.
P1 ADiamonds P2 5Diamonds P3 KDiamonds P0 4Diamonds 
P1 2Diamonds P2 QDiamonds P3 3Diamonds P0 QSpades 
P2 2Spades P3 5Spades P0 ASpades P1 JSpades 
P0 4Spades P1 3Hearts P2 3Spades P3 KSpades 
P3 AHearts P0 2Hearts P1 JHearts P2 6Hearts 
P3 4Clubs P0 3Clubs P1 7Clubs P2 2Clubs 
P1 4Hearts P2 KHearts P3 7Hearts P0 5Hearts 
P3 6Clubs P0 5Clubs P1 6Diamonds P2 6Spades 
P3 QClubs P0 JClubs P1 QHearts P2 7Spades 
P0 KClubs P1 7Diamonds P2 JDiamonds P3 AClubs 
-- /GAME --
P0 HAND: JDiamonds, 5Diamonds, 3Diamonds, 2Diamonds, AClubs, QClubs, 3Clubs, 2Clubs, 2Hearts, ASpades.
P1 HAND: KDiamonds, QDiamonds, 7Hearts, KHearts, QHearts, 6Hearts, KSpades, JSpades, 4Spades, 2Spades.
P2 HAND: ADiamonds, 7Diamonds, 7Clubs, JClubs, 5Clubs, JHearts, 5Hearts, 3Hearts, QSpades, 6Spades.
P3 HAND: 6Diamonds, 4Diamonds, KClubs, 6Clubs, 4Clubs, AHearts, 4Hearts, 7Spades, 5Spades, 3Spades.
P0 AClubs P1 6Hearts P2 5Clubs P3 KClubs 
P1 2Spades P2 6Spades P3 3Spades P0 ASpades 
P0 2Clubs P1 4Spades P2 7Clubs P3 4Clubs 
P2 ADiamonds P3 4Diamonds P0 JDiamonds P1 QDiamonds 
P2 QSpades P3 5Spades P0 2Hearts P1 JSpades 
P0 3Clubs P1 QHearts P2 JClubs P3 6Clubs 
P1 KHearts P2 3Hearts P3 4Hearts P0 2Diamonds 
P1 7Hearts P2 5Hearts P3 AHearts P0 3Diamonds 
P3 6Diamonds P0 5Diamonds P1 KDiamonds P2 7Diamonds 
P2 JHearts P3 7Spades P0 QClubs P1 KSpades 
-- /GAME --
P0 HAND: JDiamonds, 4Diamonds, QClubs, 6Clubs, 3Clubs, 2Clubs, AHearts, JHearts, 4Hearts, 2Hearts.
P1 HAND: KDiamonds, QDiamonds, 5Diamonds, KClubs, 4Clubs, KHearts, 6Hearts, 5Hearts, JSpades, 2Spades.
P2 HAND: 7Diamonds, AClubs, 7Clubs, JClubs, ASpades, 7Spades, KSpades, QSpades, 6Spades, 5Spades.
P3 HAND: ADiamonds, 6Diamonds, 3Diamonds, 2Diamonds, 5Clubs, 7Hearts, QHearts, 3Hearts, 4Spades, 3Spades.
P3 ADiamonds P0 4Diamonds P1 KDiamonds P2 7Diamonds 
P3 2Diamonds P0 JDiamonds P1 5Diamonds P2 AClubs 
P0 2Clubs P1 4Clubs P2 7Clubs P3 5Clubs 
P2 JClubs P3 3Diamonds P0 QClubs P1 KClubs 
P1 5Hearts P2 5Spades P3 3Hearts P0 JHearts 
P2 6Spades P3 3Spades P0 3Clubs P1 2Spades 
P2 QSpades P3 4Spades P0 2Hearts P1 JSpades 
P1 6Hearts P2 KSpades P3 QHearts P0 AHearts 
P2 7Spades P3 6Diamonds P0 6Clubs P1 QDiamonds 
P2 ASpades P3 7Hearts P0 4Hearts P1 KHearts 
-- /GAME --
P0 HAND: JDiamonds, QDiamonds, 4Diamonds, KClubs, QClubs, 4Clubs, AHearts, 5Hearts, 4Hearts, ASpades.
P1 HAND: ADiamonds, KDiamonds, 6Diamonds, 2Diamonds, AClubs, 2Clubs, KHearts, 7Spades, 5Spades, 3Spades.
P2 HAND: 3Diamonds, 7Clubs, JClubs, 5Clubs, JHearts, 3Hearts, KSpades, JSpades, 4Spades, 2Spades.
P3 HAND: 7Diamonds, 5Diamonds, 6Clubs, 3Clubs, 7Hearts, QHearts, 6Hearts, 2Hearts, QSpades, 6Spades.

