-- GAME --
P0 HAND: ADiamonds, QDiamonds, 4Diamonds, AClubs, 7Clubs, 5Hearts, ASpades, KSpades, QSpades, 5Spades.
P1 HAND: 7Diamonds, 3Diamonds, 6Clubs, 5Clubs, 3Clubs, 2Clubs, KHearts, 4Hearts, 3Hearts, 7Spades.
P2 HAND: JDiamonds, 2Diamonds, JClubs, AHearts, QHearts, 2Hearts, JSpades, 6Spades, 4Spades, 2Spades.
P3 HAND: KDiamonds, 6Diamonds, 5Diamonds, KClubs, QClubs, 4Clubs, 7Hearts, JHearts, 6Hearts, 3Spades.
P3 3Spades P0 ASpades P1 7Spades P2 JSpades 
P0 ADiamonds P1 3Diamonds P2 JDiamonds P3 5Diamonds 
P0 AClubs P1 2Clubs P2 JClubs P3 4Clubs 
P0 7Clubs P1 3Clubs P2 6Spades P3 QClubs 
P0 5Spades P1 5Clubs P2 2Spades P3 6Diamonds 
P0 QSpades P1 6Clubs P2 4Spades P3 6Hearts 
P3 JHearts P0 5Hearts P1 3Hearts P2 2Hearts 
P3 7Hearts P0 4Diamonds P1 4Hearts P2 AHearts 
P2 2Diamonds P3 KDiamonds P0 QDiamonds P1 7Diamonds 
P1 KHearts P2 QHearts P3 KClubs P0 KSpades 
-- /GAME --
P0 HAND: 7Diamonds, 3Diamonds, KClubs, QClubs, 5Clubs, 3Clubs, 2Hearts, 7Spades, KSpades, 3Spades.
P1 HAND: 7Clubs, 6Clubs, 7Hearts, KHearts, QHearts, 6Hearts, 5Hearts, 4Hearts, 3Hearts, ASpades.
P2 HAND: ADiamonds, KDiamonds, JDiamonds, 5Diamonds, 4Diamonds, JClubs, 4Clubs, JSpades, QSpades, 6Spades.
P3 HAND: QDiamonds, 6Diamonds, 2Diamonds, AClubs, 2Clubs, AHearts, JHearts, 5Spades, 4Spades, 2Spades.

