-- GAME --
P0 HAND: KClubs, 2Clubs, AHearts, KHearts, JHearts, 6Hearts, 5Hearts, 4Hearts, 3Hearts, 6Spades.
P1 HAND: JDiamonds, QDiamonds, 2Diamonds, AClubs, 6Clubs, QHearts, 7Spades, QSpades, 3Spades, 2Spades.
P2 HAND: ADiamonds, KDiamonds, 3Diamonds, 7Clubs, QClubs, 3Clubs, 2Hearts, ASpades, KSpades, 5Spades.
P3 HAND: 7Diamonds, 6Diamonds, 5Diamonds, 4Diamonds, JClubs, 5Clubs, 4Clubs, 7Hearts, JSpades, 4Spades.
P2 ADiamonds P3 4Diamonds P0 6Spades P1 2Diamonds 
P2 ASpades P3 4Spades P0 AHearts P1 2Spades 
P2 2Hearts P3 7Hearts P0 3Hearts P1 QHearts 
P3 5Diamonds P0 2Clubs P1 QDiamonds P2 KDiamonds 
P0 KHearts P1 3Spades P2 KSpades P3 4Clubs 
P3 6Diamonds P0 4Hearts P1 JDiamonds P2 3Diamonds 
P1 QSpades P2 5Spades P3 JSpades P0 KClubs 
P0 JHearts P1 6Clubs P2 3Clubs P3 7Diamonds 
P1 AClubs P2 QClubs P3 5Clubs P0 5Hearts 
P1 7Spades P2 7Clubs P3 JClubs P0 6Hearts 
-- /GAME --
P0 HAND: 7Diamonds, QDiamonds, 3Diamonds, 6Clubs, 5Clubs, 4Clubs, KHearts, 4Hearts, ASpades, JSpades.
P1 HAND: ADiamonds, 4Diamonds, 7Clubs, KClubs, JClubs, QHearts, 6Hearts, QSpades, 4Spades, 2Spades.
P2 HAND: KDiamonds, JDiamonds, 2Diamonds, 3Clubs, JHearts, 5Hearts, 3Hearts, 7Spades, KSpades, 3Spades.
P3 HAND: 6Diamonds, 5Diamonds, AClubs, QClubs, 2Clubs, AHearts, 7Hearts, 2Hearts, 6Spades, 5Spades.
P1 ADiamonds P2 2Diamonds P3 6Diamonds P0 3Diamonds 
P1 4Diamonds P2 JDiamonds P3 5Diamonds P0 7Diamonds 
P0 6Clubs P1 JClubs P2 3Clubs P3 AClubs 
P3 AHearts P0 4Hearts P1 QHearts P2 3Hearts 
P3 2Clubs P0 5Clubs P1 7Clubs P2 3Spades 
P2 5Hearts P3 2Hearts P0 KHearts P1 6Hearts 
P0 QDiamonds P1 2Spades P2 KDiamonds P3 7Hearts 
P1 4Spades P2 KSpades P3 5Spades P0 JSpades 
P2 JHearts P3 QClubs P0 4Clubs P1 QSpades 
P1 KClubs P2 7Spades P3 6Spades P0 ASpades 
-- /GAME --

