-- GAME --
P0 HAND: ADiamonds, JDiamonds, JClubs, 4Clubs, 3Clubs, AHearts, KSpades, 5Spades, 4Spades, 2Spades.
P1 HAND: QDiamonds, 6Diamonds, 5Diamonds, KClubs, QClubs, 6Clubs, 7Hearts, QHearts, ASpades, JSpades.
P2 HAND: 4Diamonds, 3Diamonds, 2Diamonds, 5Clubs, 2Clubs, JHearts, 6Hearts, 5Hearts, 3Hearts, 3Spades.
P3 HAND: 7Diamonds, KDiamonds, AClubs, 7Clubs, KHearts, 4Hearts, 2Hearts, 7Spades, QSpades, 6Spades.
P2 2Clubs P3 AClubs P0 3Clubs P1 KClubs 
P3 2Hearts P0 AHearts P1 QHearts P2 JHearts 
P0 2Spades P1 ASpades P2 3Spades P3 7Spades 
P1 6Clubs P2 5Clubs P3 7Clubs P0 4Clubs 
P3 4Hearts P0 4Spades P1 7Hearts P2 3Hearts 
P1 QClubs P2 5Hearts P3 6Spades P0 JClubs 
P0 5Spades P1 JSpades P2 6Hearts P3 QSpades 
P1 5Diamonds P2 2Diamonds P3 KDiamonds P0 JDiamonds 
P3 7Diamonds P0 ADiamonds P1 6Diamonds P2 3Diamonds 
P0 KSpades P1 QDiamonds P2 4Diamonds P3 KHearts 
-- /GAME --
P0 HAND: JDiamonds, QDiamonds, 6Diamonds, 5Diamonds, 2Diamonds, AHearts, JHearts, 2Hearts, KSpades, QSpades.
P1 HAND: ADiamonds, KDiamonds, 5Clubs, QHearts, 6Hearts, 4Hearts, 3Hearts, 5Spades, 3Spades, 2Spades.
P2 HAND: 3Diamonds, AClubs, 7Clubs, JClubs, 3Clubs, 7Hearts, KHearts, 5Hearts, 7Spades, JSpades.
P3 HAND: 7Diamonds, 4Diamonds, KClubs, QClubs, 6Clubs, 4Clubs, 2Clubs, ASpades, 6Spades, 4Spades.
P1 ADiamonds P2 3Diamonds P3 7Diamonds P0 2Diamonds 
P1 2Spades P2 JSpades P3 ASpades P0 QSpades 
P3 2Clubs P0 KSpades P1 5Clubs P2 AClubs 
P2 3Clubs P3 4Clubs P0 2Hearts P1 3Spades 
P0 JDiamonds P1 KDiamonds P2 5Hearts P3 4Diamonds 
P2 JClubs P3 6Clubs P0 JHearts P1 5Spades 
P0 5Diamonds P1 3Hearts P2 KHearts P3 4Spades 
P2 7Hearts P3 6Spades P0 AHearts P1 4Hearts 
P0 6Diamonds P1 6Hearts P2 7Clubs P3 KClubs 
P1 QHearts P2 7Spades P3 QClubs P0 QDiamonds 
-- /GAME --

