-- GAME --
P0 KDiamonds 
P2 AClubs P3 2Clubs P0 3Clubs P1 5Clubs 
P2 4Clubs P3 JClubs P0 QHearts P1 6Clubs 
P0 2Spades P1 4Spades P2 QSpades P3 ASpades 
P3 3Spades P0 7Spades P1 4Hearts P2 JSpades 
P1 JDiamonds P2 5Diamonds P3 4Diamonds P0 JHearts 
P0 5Spades P1 6Hearts P2 6Diamonds P3 7Diamonds 
P1 7Hearts P2 2Hearts P3 5Hearts P0 KHearts 
P1 KClubs P2 QClubs P3 AHearts P0 6Spades 
P3 QDiamonds P0 KSpades P1 7Clubs P2 3Hearts 
-- /GAME --
P0 HAND: 7Diamonds, 5Diamonds, 2Clubs, 7Hearts, 4Hearts, 3Hearts, JSpades, QSpades, 5Spades, 4Spades.
P1 HAND: ADiamonds, JDiamonds, 7Clubs, QClubs, 4Clubs, AHearts, JHearts, 6Hearts, KSpades, 2Spades.
P2 HAND: KDiamonds, 6Diamonds, 4Diamonds, 2Diamonds, JClubs, 3Clubs, KHearts, 5Hearts, ASpades, 6Spades.
P3 HAND: QDiamonds, 3Diamonds, AClubs, KClubs, 6Clubs, 5Clubs, QHearts, 2Hearts, 7Spades, 3Spades.
P0 4Spades P1 2Spades P2 ASpades P3 3Spades 
P2 2Diamonds P3 3Diamonds P0 5Diamonds P1 ADiamonds 
P1 AHearts P2 5Hearts P3 QHearts P0 3Hearts 
P1 6Hearts P2 KHearts P3 2Hearts P0 7Hearts 
P0 4Hearts P1 JHearts P2 4Diamonds P3 7Spades 
P1 JDiamonds P2 6Diamonds P3 QDiamonds P0 7Diamonds 
P0 5Spades P1 KSpades P2 6Spades P3 5Clubs 
P3 6Clubs P0 2Clubs P1 4Clubs P2 3Clubs 
P3 KClubs P0 QSpades P1 QClubs P2 JClubs 
P3 AClubs P0 JSpades P1 7Clubs P2 KDiamonds 
-- /GAME --
P0 HAND: ADiamonds, 7Diamonds, 6Diamonds, 7Clubs, KClubs, 5Clubs, 4Hearts, 7Spades, 5Spades, 2Spades.
P1 HAND: JDiamonds, QDiamonds, 5Diamonds, 2Diamonds, 3Clubs, 2Clubs, 3Hearts, KSpades, JSpades, 6Spades.
P2 HAND: 4Diamonds, 3Diamonds, AClubs, JClubs, 4Clubs, KHearts, QHearts, 5Hearts, 2Hearts, QSpades.
P3 HAND: KDiamonds, QClubs, 6Clubs, AHearts, 7Hearts, JHearts, 6Hearts, ASpades, 4Spades, 3Spades.
P3 AHearts P0 4Hearts P1 3Hearts P2 2Hearts 
P3 ASpades P0 2Spades P1 KSpades P2 QSpades 
P3 3Spades P0 5Spades P1 6Spades P2 3Diamonds 
P1 2Diamonds P2 4Diamonds P3 KDiamonds P0 ADiamonds 
P0 6Diamonds P1 5Diamonds P2 5Hearts P3 4Spades 
P0 5Clubs P1 2Clubs P2 4Clubs P3 6Clubs 
P3 6Hearts P0 KClubs P1 QDiamonds P2 KHearts 
P0 7Diamonds P1 JDiamonds P2 JClubs P3 JHearts 
P2 QHearts P3 7Hearts P0 7Clubs P1 JSpades 
P0 7Spades P1 3Clubs P2 AClubs P3 QClubs 
-- /GAME --
P0 HAND: 6Diamonds, 2Diamonds, 7Clubs, 5Clubs, 4Clubs, 2Clubs, KHearts, 6Spades, 5Spades, 4Spades.
P1 HAND: KDiamonds, JDiamonds, QDiamonds, 5Diamonds, 6Clubs, AHearts, 7Hearts, JHearts, 7Spades, QSpades.
P2 HAND: ADiamonds, 3Diamonds, AClubs, KClubs, JClubs, 3Clubs, 4Hearts, 2Hearts, 3Spades, 2Spades.
P3 HAND: 7Diamonds, 4Diamonds, QClubs, QHearts, 6Hearts, 5Hearts, 3Hearts, ASpades, KSpades, JSpades.
P2 ADiamonds P3 4Diamonds P0 6Diamonds P1 5Diamonds 
P2 AClubs P3 QClubs P0 7Clubs P1 6Clubs 
P2 2Spades P3 ASpades P0 4Spades P1 7Spades 
P3 JSpades P0 5Spades P1 QSpades P2 3Spades 
P3 3Hearts P0 KHearts P1 JHearts P2 2Hearts 
P0 6Spades P1 QDiamonds P2 3Diamonds P3 KSpades 
P3 5Hearts P0 2Clubs P1 7Hearts P2 4Hearts 
P1 JDiamonds P2 3Clubs P3 7Diamonds P0 2Diamonds 
P3 6Hearts P0 5Clubs P1 AHearts P2 JClubs 
P1 KDiamonds P2 KClubs P3 QHearts P0 4Clubs 
-- /GAME --
P0 HAND: ADiamonds, 6Diamonds, 5Diamonds, AClubs, JClubs, 3Clubs, 2Clubs, AHearts, ASpades, 4Spades.
P1 HAND: 7Diamonds, 3Diamonds, 7Clubs, 6Clubs, JHearts, QHearts, 6Hearts, 2Hearts, JSpades, 3Spades.
P2 HAND: KDiamonds, JDiamonds, QDiamonds, QClubs, 5Clubs, KHearts, 5Hearts, 4Hearts, KSpades, 2Spades.
P3 HAND: 4Diamonds, 2Diamonds, KClubs, 4Clubs, 7Hearts, 3Hearts, 7Spades, QSpades, 6Spades, 5Spades.
P1 2Hearts P2 4Hearts P3 3Hearts P0 AHearts 
P0 AClubs P1 6Clubs P2 QClubs P3 4Clubs 
P0 ADiamonds P1 3Diamonds P2 KDiamonds P3 2Diamonds 
P0 5Diamonds P1 7Diamonds P2 QDiamonds P3 4Diamonds 
P1 6Hearts P2 5Hearts P3 7Hearts P0 4Spades 
P0 6Diamonds P1 QHearts P2 JDiamonds P3 5Spades 
P3 6Spades P0 ASpades P1 3Spades P2 2Spades 
P0 JClubs P1 7Clubs P2 5Clubs P3 KClubs 
P1 JHearts P2 KHearts P3 QSpades P0 2Clubs 
P3 7Spades P0 3Clubs P1 JSpades P2 KSpades 
-- /GAME --
P0 HAND: 2Diamonds, KClubs, JClubs, 6Clubs, KHearts, QHearts, 5Hearts, 3Hearts, JSpades, 2Spades.
P1 HAND: QDiamonds, 4Diamonds, AClubs, 5Clubs, JHearts, ASpades, KSpades, 6Spades, 5Spades, 3Spades.
P2 HAND: 7Diamonds, KDiamonds, JDiamonds, 3Diamonds, 7Clubs, QClubs, 4Clubs, 2Clubs, 7Hearts, QSpades.
P3 HAND: ADiamonds, 6Diamonds, 5Diamonds, 3Clubs, AHearts, 6Hearts, 4Hearts, 2Hearts, 7Spades, 4Spades.
P0 2Spades P1 ASpades P2 QSpades P3 7Spades 
P1 AClubs P2 2Clubs P3 3Clubs P0 6Clubs 
P1 3Spades P2 3Diamonds P3 4Spades P0 JSpades 
P0 2Diamonds P1 4Diamonds P2 JDiamonds P3 ADiamonds 
P3 5Diamonds P0 3Hearts P1 QDiamonds P2 7Diamonds 
P0 JClubs P1 5Clubs P2 4Clubs P3 6Diamonds 
P0 KClubs P1 5Spades P2 QClubs P3 2Hearts 
P3 4Hearts P0 5Hearts P1 JHearts P2 7Hearts 
P2 KDiamonds P3 6Hearts P0 QHearts P1 6Spades 
P0 KHearts P1 KSpades P2 7Clubs P3 AHearts 
-- /GAME --

