-- GAME --
P0 HAND: 7Diamonds, 3Diamonds, 3Clubs, AHearts, JHearts, 5Hearts, ASpades, KSpades, QSpades, 5Spades.
P1 HAND: QDiamonds, 4Diamonds, 2Diamonds, 4Clubs, 3Hearts, 2Hearts, 7Spades, 6Spades, 4Spades, 3Spades.
P2 HAND: ADiamonds, KDiamonds, 5Diamonds, AClubs, 6Clubs, 5Clubs, 7Hearts, KHearts, JSpades, 2Spades.
P3 HAND: JDiamonds, 6Diamonds, 7Clubs, KClubs, JClubs, QClubs, 2Clubs, QHearts, 6Hearts, 4Hearts.
P2 AClubs P3 2Clubs P0 3Clubs P1 4Clubs 
P2 2Spades P3 4Hearts P0 ASpades P1 3Spades 
P0 AHearts P1 2Hearts P2 7Hearts P3 6Hearts 
P0 KSpades P1 4Spades P2 JSpades P3 6Diamonds 
P3 QClubs P0 3Diamonds P1 3Hearts P2 6Clubs 
P0 JHearts P1 6Spades P2 KHearts P3 QHearts 
P2 5Clubs P3 JClubs P0 7Diamonds P1 7Spades 
P0 QSpades P1 2Diamonds P2 5Diamonds P3 JDiamonds 
P3 KClubs P0 5Hearts P1 4Diamonds P2 KDiamonds 
P2 ADiamonds P3 7Clubs P0 5Spades P1 QDiamonds 
-- /GAME --
P0 HAND: 7Diamonds, 4Diamonds, 3Diamonds, KClubs, 3Clubs, JHearts, 6Hearts, 2Hearts, KSpades, 2Spades.
P1 HAND: 6Diamonds, 2Diamonds, AClubs, 7Clubs, 4Clubs, 2Clubs, AHearts, 7Hearts, QHearts, 4Spades.
P2 HAND: ADiamonds, QDiamonds, 5Diamonds, QClubs, 4Hearts, 3Hearts, ASpades, 7Spades, QSpades, 6Spades.
P3 HAND: KDiamonds, JDiamonds, JClubs, 6Clubs, 5Clubs, KHearts, 5Hearts, JSpades, 5Spades, 3Spades.
P1 AClubs P2 QClubs P3 JClubs P0 3Clubs 
P1 2Diamonds P2 ADiamonds P3 JDiamonds P0 4Diamonds 
P2 ASpades P3 3Spades P0 KSpades P1 4Spades 
P2 5Diamonds P3 KDiamonds P0 7Diamonds P1 6Diamonds 
P0 KClubs P1 2Clubs P2 6Spades P3 5Clubs 
P0 2Spades P1 4Clubs P2 7Spades P3 5Spades 
P2 QDiamonds P3 6Clubs P0 3Diamonds P1 QHearts 
P1 7Hearts P2 3Hearts P3 5Hearts P0 2Hearts 
P1 AHearts P2 4Hearts P3 KHearts P0 6Hearts 
P1 7Clubs P2 QSpades P3 JSpades P0 JHearts 
-- /GAME --
P0 HAND: JDiamonds, 4Diamonds, 3Diamonds, KClubs, JClubs, 4Clubs, 7Hearts, 6Hearts, 6Spades, 5Spades.
P1 HAND: AClubs, 7Clubs, QClubs, 6Clubs, 3Clubs, 2Clubs, AHearts, KHearts, 4Spades, 2Spades.
P2 HAND: ADiamonds, 7Diamonds, KDiamonds, 5Clubs, JHearts, 5Hearts, 3Hearts, 2Hearts, KSpades, JSpades.
P3 HAND: QDiamonds, 6Diamonds, 5Diamonds, 2Diamonds, QHearts, 4Hearts, ASpades, 7Spades, QSpades, 3Spades.

