-- GAME --
P0 HAND: 5Diamonds, 6Clubs, 2Clubs, 7Hearts, JHearts, 5Hearts, 4Hearts, 2Hearts, KSpades, 3Spades.
P1 HAND: 7Diamonds, 6Diamonds, 4Diamonds, AClubs, JClubs, QClubs, 4Clubs, AHearts, ASpades, 5Spades.
P2 HAND: KDiamonds, JDiamonds, QDiamonds, KClubs, 3Clubs, 6Hearts, 7Spades, QSpades, 4Spades, 2Spades.
P3 HAND: ADiamonds, 3Diamonds, 2Diamonds, 7Clubs, 5Clubs, KHearts, QHearts, 3Hearts, JSpades, 6Spades.
P2 2Spades P3 6Spades P0 3Spades P1 ASpades 
P1 AHearts P2 6Hearts P3 KHearts P0 2Hearts 
P1 4Diamonds P2 QDiamonds P3 ADiamonds P0 5Diamonds 
P3 2Diamonds P0 KSpades P1 7Diamonds P2 JDiamonds 
P1 5Spades P2 4Spades P3 JSpades P0 4Hearts 
P3 3Diamonds P0 5Hearts P1 6Diamonds P2 KDiamonds 
P2 QSpades P3 3Hearts P0 JHearts P1 4Clubs 
P1 QClubs P2 3Clubs P3 5Clubs P0 2Clubs 
P1 JClubs P2 KClubs P3 7Clubs P0 6Clubs 
P3 QHearts P0 7Hearts P1 AClubs P2 7Spades 
-- /GAME --
P0 HAND: ADiamonds, JDiamonds, AClubs, 6Clubs, 5Clubs, 2Clubs, JSpades, 6Spades, 5Spades, 4Spades.
P1 HAND: 7Diamonds, KDiamonds, 3Diamonds, KClubs, JClubs, 7Hearts, 4Hearts, 3Hearts, 2Hearts, ASpades.
P2 HAND: 6Diamonds, 4Diamonds, QClubs, 4Clubs, 3Clubs, KHearts, JHearts, 5Hearts, KSpades, QSpades.
P3 HAND: QDiamonds, 5Diamonds, 2Diamonds, 7Clubs, AHearts, QHearts, 6Hearts, 7Spades, 3Spades, 2Spades.
P1 ASpades P2 QSpades P3 7Spades P0 4Spades 
P1 2Hearts P2 5Hearts P3 AHearts P0 JDiamonds 
P0 AClubs P1 JClubs P2 QClubs P3 7Clubs 
P0 6Clubs P1 KClubs P2 3Clubs P3 QHearts 
P1 3Hearts P2 JHearts P3 6Hearts P0 JSpades 
P2 4Clubs P3 2Spades P0 5Clubs P1 4Hearts 
P0 6Spades P1 3Diamonds P2 KSpades P3 3Spades 
P1 KDiamonds P2 4Diamonds P3 2Diamonds P0 ADiamonds 
P0 2Clubs P1 7Diamonds P2 KHearts P3 5Diamonds 
P1 7Hearts P2 6Diamonds P3 QDiamonds P0 5Spades 
-- /GAME --
P0 HAND: KDiamonds, 3Clubs, AHearts, 4Hearts, 3Hearts, ASpades, 6Spades, 5Spades, 4Spades, 3Spades.
P1 HAND: ADiamonds, 7Diamonds, JClubs, 4Clubs, 2Clubs, KHearts, 6Hearts, 7Spades, QSpades, 2Spades.
P2 HAND: QDiamonds, 6Diamonds, 3Diamonds, 2Diamonds, AClubs, QClubs, 6Clubs, 5Clubs, JHearts, 5Hearts.
P3 HAND: JDiamonds, 5Diamonds, 4Diamonds, 7Clubs, KClubs, 7Hearts, QHearts, 2Hearts, KSpades, JSpades.

