-- GAME --
P0 HAND: KDiamonds, 5Diamonds, KClubs, 3Clubs, 2Clubs, KHearts, JHearts, 4Hearts, ASpades, 3Spades.
P1 HAND: ADiamonds, 7Diamonds, QDiamonds, 6Diamonds, AClubs, QClubs, 7Hearts, KSpades, JSpades, QSpades.
P2 HAND: JDiamonds, 4Clubs, QHearts, 6Hearts, 5Hearts, 3Hearts, 2Hearts, 6Spades, 5Spades, 2Spades.
P3 HAND: 4Diamonds, 3Diamonds, 2Diamonds, 7Clubs, JClubs, 6Clubs, 5Clubs, AHearts, 7Spades, 4Spades.
P2 2Spades P3 4Spades P0 3Spades P1 KSpades 
P1 ADiamonds P2 JDiamonds P3 4Diamonds P0 5Diamonds 
P1 AClubs P2 4Clubs P3 7Clubs P0 KClubs 
P1 6Diamonds P2 5Spades P3 2Diamonds P0 KDiamonds 
P0 3Clubs P1 QClubs P2 6Spades P3 JClubs 
P3 3Diamonds P0 2Clubs P1 QDiamonds P2 2Hearts 
P2 3Hearts P3 AHearts P0 KHearts P1 7Hearts 
P3 5Clubs P0 ASpades P1 QSpades P2 5Hearts 
P2 6Hearts P3 6Clubs P0 4Hearts P1 JSpades 
P2 QHearts P3 7Spades P0 JHearts P1 7Diamonds 
-- /GAME --
P0 HAND: ADiamonds, 6Diamonds, 2Diamonds, 7Clubs, JClubs, 5Clubs, KHearts, 6Spades, 5Spades, 3Spades.
P1 HAND: 7Diamonds, AClubs, 6Clubs, 4Clubs, 7Hearts, 2Hearts, ASpades, 7Spades, 4Spades, 2Spades.
P2 HAND: KDiamonds, JDiamonds, 5Diamonds, 4Diamonds, 3Clubs, 2Clubs, JHearts, QHearts, 5Hearts, QSpades.
P3 HAND: QDiamonds, 3Diamonds, KClubs, QClubs, AHearts, 6Hearts, 4Hearts, 3Hearts, KSpades, JSpades.
P1 ASpades P2 QSpades P3 KSpades P0 6Spades 
P1 2Hearts P2 5Hearts P3 AHearts P0 KHearts 
P3 3Diamonds P0 6Diamonds P1 7Diamonds P2 4Diamonds 
P1 2Spades P2 5Diamonds P3 JSpades P0 5Spades 
P3 3Hearts P0 3Spades P1 7Hearts P2 QHearts 
P1 4Spades P2 2Clubs P3 4Hearts P0 2Diamonds 
P2 JDiamonds P3 QDiamonds P0 ADiamonds P1 4Clubs 
P1 6Clubs P2 3Clubs P3 QClubs P0 5Clubs 
P3 6Hearts P0 JClubs P1 AClubs P2 JHearts 
P1 7Spades P2 KDiamonds P3 KClubs P0 7Clubs 
-- /GAME --
P0 HAND: JDiamonds, QDiamonds, 2Diamonds, JClubs, JHearts, 3Hearts, 2Hearts, ASpades, 7Spades, JSpades.
P1 HAND: 7Diamonds, 6Diamonds, AClubs, 4Clubs, 3Clubs, 7Hearts, KHearts, 6Hearts, 3Spades, 2Spades.
P2 HAND: ADiamonds, KDiamonds, 3Diamonds, 7Clubs, QClubs, 2Clubs, AHearts, 5Hearts, 4Hearts, 6Spades.
P3 HAND: 5Diamonds, 4Diamonds, KClubs, 6Clubs, 5Clubs, QHearts, KSpades, QSpades, 5Spades, 4Spades.
P0 JHearts P1 6Hearts P2 AHearts P3 QHearts 
P2 ADiamonds P3 4Diamonds P0 QDiamonds P1 6Diamonds 
P2 3Diamonds P3 5Diamonds P0 JDiamonds P1 7Diamonds 
P1 2Spades P2 6Spades P3 4Spades P0 JSpades 
P0 7Spades P1 3Spades P2 2Clubs P3 5Spades 
P2 4Hearts P3 QSpades P0 3Hearts P1 7Hearts 
P1 3Clubs P2 QClubs P3 5Clubs P0 JClubs 
P0 ASpades P1 4Clubs P2 7Clubs P3 KSpades 
P2 5Hearts P3 6Clubs P0 2Hearts P1 KHearts 
P3 KClubs P0 2Diamonds P1 AClubs P2 KDiamonds 
-- /GAME --
P0 HAND: ADiamonds, 6Diamonds, 3Diamonds, AClubs, 7Clubs, KHearts, JHearts, 6Hearts, 2Hearts, 2Spades.
P1 HAND: 7Diamonds, JDiamonds, 4Diamonds, 2Diamonds, 3Clubs, 5Hearts, 4Hearts, 3Hearts, QSpades, 3Spades.
P2 HAND: KDiamonds, QDiamonds, 5Diamonds, JClubs, 6Clubs, 4Clubs, QHearts, JSpades, 5Spades, 4Spades.
P3 HAND: KClubs, QClubs, 5Clubs, 2Clubs, AHearts, 7Hearts, ASpades, 7Spades, KSpades, 6Spades.
P3 AHearts P0 KHearts P1 5Hearts P2 QHearts 
P3 ASpades P0 2Spades P1 QSpades P2 4Spades 

