-- GAME --
P0 HAND: 3Diamonds, 6Clubs, 4Clubs, 3Clubs, KHearts, 6Hearts, 5Hearts, 4Hearts, 2Hearts, 2Spades.
P1 HAND: 7Diamonds, 6Diamonds, 5Diamonds, JClubs, 5Clubs, 2Clubs, 7Hearts, QHearts, ASpades, 6Spades.
P2 HAND: ADiamonds, JDiamonds, 4Diamonds, 2Diamonds, QClubs, JHearts, KSpades, QSpades, 5Spades, 3Spades.
P3 HAND: KDiamonds, QDiamonds, AClubs, 7Clubs, KClubs, AHearts, 3Hearts, 7Spades, JSpades, 4Spades.
P0 2Hearts P1 QHearts P2 JHearts P3 AHearts 
P3 AClubs P0 3Clubs P1 JClubs P2 QClubs 
P3 3Hearts P0 KHearts P1 7Hearts P2 3Spades 
P2 ADiamonds P3 QDiamonds P0 3Diamonds P1 5Diamonds 
P2 2Diamonds P3 KDiamonds P0 2Spades P1 6Diamonds 
P0 4Hearts P1 2Clubs P2 4Diamonds P3 4Spades 
P3 JSpades P0 5Hearts P1 6Spades P2 5Spades 
P3 7Spades P0 6Hearts P1 ASpades P2 QSpades 
P1 5Clubs P2 KSpades P3 KClubs P0 4Clubs 
P2 JDiamonds P3 7Clubs P0 6Clubs P1 7Diamonds 
-- /GAME --
P0 HAND: 6Diamonds, 5Diamonds, 3Diamonds, KClubs, 2Clubs, 7Hearts, 6Hearts, ASpades, QSpades, 5Spades.
P1 HAND: KDiamonds, QDiamonds, AClubs, QClubs, 5Clubs, KHearts, 3Hearts, 2Hearts, JSpades, 4Spades.
P2 HAND: 4Diamonds, 2Diamonds, JClubs, AHearts, JHearts, 5Hearts, KSpades, 6Spades, 3Spades, 2Spades.
P3 HAND: ADiamonds, 7Diamonds, JDiamonds, 7Clubs, 6Clubs, 4Clubs, 3Clubs, QHearts, 4Hearts, 7Spades.
P3 ADiamonds P0 3Diamonds P1 KDiamonds P2 2Diamonds 
P3 3Clubs P0 2Clubs P1 AClubs P2 JClubs 
P1 2Hearts P2 AHearts P3 4Hearts P0 7Hearts 
P2 4Diamonds P3 JDiamonds P0 6Diamonds P1 QDiamonds 
P3 4Clubs P0 KClubs P1 5Clubs P2 JHearts 
P0 6Hearts P1 3Hearts P2 5Hearts P3 QHearts 
P3 6Clubs P0 5Spades P1 QClubs P2 2Spades 
P0 5Diamonds P1 4Spades P2 3Spades P3 7Diamonds 
P1 JSpades P2 6Spades P3 7Spades P0 ASpades 
P0 QSpades P1 KHearts P2 KSpades P3 7Clubs 
-- /GAME --
P0 HAND: 7Diamonds, AClubs, JClubs, 6Clubs, 4Clubs, AHearts, JHearts, 6Hearts, ASpades, 2Spades.
P1 HAND: 6Diamonds, 2Diamonds, 7Clubs, 5Clubs, 3Clubs, KHearts, 4Hearts, 7Spades, QSpades, 3Spades.
P2 HAND: KDiamonds, JDiamonds, 4Diamonds, KClubs, 2Clubs, QHearts, 5Hearts, 3Hearts, 2Hearts, 5Spades.
P3 HAND: ADiamonds, QDiamonds, 5Diamonds, 3Diamonds, QClubs, 7Hearts, KSpades, JSpades, 6Spades, 4Spades.
P2 2Clubs P3 QClubs P0 AClubs P1 3Clubs 
P0 AHearts P1 4Hearts P2 QHearts P3 7Hearts 
P0 ASpades P1 3Spades P2 5Spades P3 4Spades 
P0 2Spades P1 QSpades P2 2Hearts P3 KSpades 
P3 6Spades P0 7Diamonds P1 7Spades P2 KClubs 
P0 JClubs P1 5Clubs P2 3Hearts P3 3Diamonds 
P3 JSpades P0 6Hearts P1 2Diamonds P2 5Hearts 
P1 6Diamonds P2 4Diamonds P3 5Diamonds P0 4Clubs 
P1 KHearts P2 JDiamonds P3 ADiamonds P0 JHearts 
P3 QDiamonds P0 6Clubs P1 7Clubs P2 KDiamonds 
-- /GAME --
P0 HAND: ADiamonds, 7Diamonds, 5Diamonds, JClubs, QClubs, 5Hearts, ASpades, 7Spades, KSpades, 3Spades.
P1 HAND: JDiamonds, 3Diamonds, AClubs, 7Clubs, 5Clubs, 4Clubs, 4Hearts, JSpades, QSpades, 4Spades.
P2 HAND: 6Diamonds, 4Diamonds, 6Clubs, 3Clubs, AHearts, 7Hearts, KHearts, QHearts, 2Hearts, 6Spades.
P3 HAND: KDiamonds, QDiamonds, 2Diamonds, KClubs, 2Clubs, JHearts, 6Hearts, 3Hearts, 5Spades, 2Spades.
P1 3Diamonds P2 4Diamonds P3 2Diamonds P0 ADiamonds 
P0 7Diamonds P1 JDiamonds P2 6Diamonds P3 QDiamonds 
P0 ASpades P1 4Spades P2 6Spades P3 2Spades 
P0 7Spades P1 QSpades P2 AHearts P3 5Spades 
P0 5Diamonds P1 4Hearts P2 2Hearts P3 KDiamonds 
P3 3Hearts P0 5Hearts P1 4Clubs P2 QHearts 
P1 JSpades P2 3Clubs P3 6Hearts P0 KSpades 
P2 6Clubs P3 2Clubs P0 JClubs P1 5Clubs 
P0 3Spades P1 7Clubs P2 KHearts P3 JHearts 
P1 AClubs P2 7Hearts P3 KClubs P0 QClubs 
-- /GAME --
P0 HAND: ADiamonds, QDiamonds, 4Diamonds, 7Hearts, KHearts, 3Hearts, KSpades, JSpades, 5Spades, 2Spades.
P1 HAND: 7Diamonds, JDiamonds, 3Diamonds, AClubs, 7Clubs, 6Clubs, 5Hearts, 7Spades, QSpades, 6Spades.
P2 HAND: KDiamonds, 6Diamonds, JClubs, QClubs, 4Clubs, JHearts, QHearts, 6Hearts, 4Hearts, 3Spades.
P3 HAND: 5Diamonds, 2Diamonds, KClubs, 5Clubs, 3Clubs, 2Clubs, AHearts, 2Hearts, ASpades, 4Spades.
P0 ADiamonds P1 3Diamonds P2 KDiamonds P3 2Diamonds 
P0 2Spades P1 6Spades P2 3Spades P3 ASpades 
P3 AHearts P0 3Hearts P1 5Hearts P2 4Hearts 
P3 2Hearts P0 7Hearts P1 6Clubs P2 6Hearts 
P1 QSpades P2 6Diamonds P3 4Spades P0 KSpades 
P0 KHearts P1 7Clubs P2 QHearts P3 5Diamonds 
P1 JDiamonds P2 4Clubs P3 2Clubs P0 QDiamonds 
P2 JHearts P3 3Clubs P0 5Spades P1 7Diamonds 
P3 5Clubs P0 4Diamonds P1 AClubs P2 QClubs 
P1 7Spades P2 JClubs P3 KClubs P0 JSpades 
-- /GAME --
P0 HAND: 3Diamonds, 2Diamonds, 5Clubs, 4Clubs, 3Clubs, 7Hearts, KHearts, 2Hearts, 7Spades, 4Spades.
P1 HAND: QDiamonds, 5Diamonds, 4Diamonds, AClubs, QClubs, AHearts, 6Hearts, 4Hearts, ASpades, 2Spades.
P2 HAND: ADiamonds, 7Diamonds, KDiamonds, JDiamonds, 7Clubs, JHearts, 5Hearts, KSpades, JSpades, 6Spades.
P3 HAND: 6Diamonds, KClubs, JClubs, 6Clubs, 2Clubs, QHearts, 3Hearts, QSpades, 5Spades, 3Spades.
P3 2Clubs P0 3Clubs P1 AClubs P2 7Clubs 
P1 AHearts P2 5Hearts P3 QHearts P0 2Hearts 
P1 4Diamonds P2 ADiamonds P3 6Diamonds P0 3Diamonds 
P2 JDiamonds P3 3Hearts P0 2Diamonds P1 5Diamonds 
P2 JHearts P3 6Clubs P0 7Hearts P1 4Hearts 
P0 KHearts P1 6Hearts P2 6Spades P3 3Spades 
P2 JSpades P3 5Spades P0 7Spades P1 ASpades 
P1 QDiamonds P2 KDiamonds P3 QSpades P0 4Clubs 
P3 JClubs P0 5Clubs P1 QClubs P2 KSpades 
P2 7Diamonds P3 KClubs P0 4Spades P1 2Spades 
-- /GAME --

