-- GAME --
P0 HAND: ADiamonds, JDiamonds, 6Diamonds, 3Diamonds, AClubs, 4Clubs, 6Hearts, 2Hearts, 7Spades, 6Spades.
P1 HAND: 7Diamonds, 2Diamonds, QClubs, 7Hearts, KHearts, 4Hearts, KSpades, 5Spades, 4Spades, 2Spades.
P2 HAND: KDiamonds, QDiamonds, 4Diamonds, 7Clubs, KClubs, 6Clubs, 3Clubs, JHearts, QHearts, 5Hearts.
P3 HAND: 5Diamonds, JClubs, 5Clubs, 2Clubs, AHearts, 3Hearts, ASpades, JSpades, QSpades, 3Spades.
P2 3Clubs P3 2Clubs P0 AClubs P1 QClubs 
P0 ADiamonds P1 2Diamonds P2 KDiamonds P3 5Diamonds 
P0 2Hearts P1 4Hearts P2 5Hearts P3 AHearts 
P3 3Hearts P0 6Hearts P1 7Hearts P2 QHearts 
P1 2Spades P2 4Diamonds P3 3Spades P0 6Spades 
P0 4Clubs P1 4Spades P2 6Clubs P3 JClubs 
P1 5Spades P2 QDiamonds P3 QSpades P0 7Spades 
P0 3Diamonds P1 7Diamonds P2 JHearts P3 5Clubs 
P1 KSpades P2 KClubs P3 JSpades P0 6Diamonds 
P1 KHearts P2 7Clubs P3 ASpades P0 JDiamonds 
-- /GAME --
P0 HAND: 5Diamonds, 4Diamonds, AClubs, 3Clubs, 2Clubs, KHearts, JHearts, ASpades, 7Spades, 3Spades.
P1 HAND: ADiamonds, KClubs, JClubs, 5Clubs, AHearts, 6Hearts, 5Hearts, JSpades, 5Spades, 4Spades.
P2 HAND: KDiamonds, JDiamonds, QDiamonds, 6Diamonds, 2Diamonds, 7Clubs, QClubs, 7Hearts, QHearts, 2Hearts.
P3 HAND: 7Diamonds, 3Diamonds, 6Clubs, 4Clubs, 4Hearts, 3Hearts, KSpades, QSpades, 6Spades, 2Spades.
P1 ADiamonds P2 2Diamonds P3 7Diamonds P0 4Diamonds 
P1 AHearts P2 2Hearts P3 4Hearts P0 JHearts 
P1 4Spades P2 6Diamonds P3 2Spades P0 7Spades 
P0 ASpades P1 5Spades P2 7Hearts P3 6Spades 
P0 3Spades P1 JSpades P2 QDiamonds P3 KSpades 
P3 3Diamonds P0 5Diamonds P1 5Hearts P2 KDiamonds 
P2 QHearts P3 3Hearts P0 KHearts P1 6Hearts 
P0 2Clubs P1 5Clubs P2 QClubs P3 4Clubs 
P2 JDiamonds P3 QSpades P0 3Clubs P1 JClubs 
P1 KClubs P2 7Clubs P3 6Clubs P0 AClubs 
-- /GAME --
P0 HAND: 7Diamonds, QDiamonds, 6Diamonds, 7Clubs, KClubs, QClubs, KHearts, 7Spades, KSpades, 4Spades.
P1 HAND: ADiamonds, JDiamonds, 4Diamonds, 2Diamonds, JClubs, 3Clubs, 4Hearts, 2Hearts, 6Spades, 5Spades.
P2 HAND: KDiamonds, 3Diamonds, 5Clubs, 2Clubs, AHearts, 7Hearts, 5Hearts, 3Hearts, ASpades, JSpades.
P3 HAND: 5Diamonds, AClubs, 6Clubs, 4Clubs, JHearts, QHearts, 6Hearts, QSpades, 3Spades, 2Spades.
P0 KHearts P1 2Hearts P2 AHearts P3 6Hearts 
P2 2Clubs P3 AClubs P0 QClubs P1 JClubs 
P3 4Clubs P0 7Clubs P1 3Clubs P2 5Clubs 
P0 6Diamonds P1 ADiamonds P2 3Diamonds P3 5Diamonds 
P1 2Diamonds P2 KDiamonds P3 6Clubs P0 7Diamonds 
P0 KClubs P1 4Diamonds P2 3Hearts P3 QHearts 
P0 QDiamonds P1 JDiamonds P2 JSpades P3 JHearts 
P2 5Hearts P3 2Spades P0 4Spades P1 4Hearts 
P0 KSpades P1 5Spades P2 ASpades P3 3Spades 
P2 7Hearts P3 QSpades P0 7Spades P1 6Spades 
-- /GAME --
P0 HAND: 7Diamonds, KDiamonds, 5Diamonds, 3Diamonds, 2Diamonds, KHearts, 2Hearts, KSpades, 6Spades, 4Spades.
P1 HAND: ADiamonds, QDiamonds, 4Diamonds, JClubs, 6Clubs, 3Clubs, AHearts, 4Hearts, 3Hearts, 5Spades.
P2 HAND: AClubs, KClubs, QClubs, 5Clubs, 4Clubs, 2Clubs, 7Hearts, 7Spades, JSpades, 2Spades.
P3 HAND: JDiamonds, 6Diamonds, 7Clubs, JHearts, QHearts, 6Hearts, 5Hearts, ASpades, QSpades, 3Spades.
P3 ASpades P0 4Spades P1 5Spades P2 2Spades 
P3 3Spades P0 KSpades P1 3Clubs P2 7Spades 
P2 2Clubs P3 7Clubs P0 KHearts P1 6Clubs 
P0 2Diamonds P1 ADiamonds P2 7Hearts P3 6Diamonds 
P2 4Clubs P3 QSpades P0 2Hearts P1 JClubs 
P0 3Diamonds P1 4Diamonds P2 5Clubs P3 JDiamonds 
P3 5Hearts P0 6Spades P1 3Hearts P2 QClubs 
P3 6Hearts P0 5Diamonds P1 4Hearts P2 JSpades 
P3 QHearts P0 KDiamonds P1 AHearts P2 KClubs 
P1 QDiamonds P2 AClubs P3 JHearts P0 7Diamonds 
-- /GAME --
P0 HAND: KDiamonds, JDiamonds, QDiamonds, 2Diamonds, KClubs, JClubs, QClubs, QHearts, 6Spades, 3Spades.
P1 HAND: ADiamonds, 5Diamonds, AClubs, 6Clubs, KHearts, 3Hearts, 2Hearts, 7Spades, 4Spades, 2Spades.
P2 HAND: 6Diamonds, 4Diamonds, 3Diamonds, 7Clubs, 5Clubs, 6Hearts, 4Hearts, KSpades, QSpades, 5Spades.
P3 HAND: 7Diamonds, 4Clubs, 3Clubs, 2Clubs, AHearts, 7Hearts, JHearts, 5Hearts, ASpades, JSpades.
P2 3Diamonds P3 7Diamonds P0 2Diamonds P1 ADiamonds 
P1 2Hearts P2 4Hearts P3 AHearts P0 QHearts 
P3 ASpades P0 3Spades P1 7Spades P2 5Spades 
P3 5Hearts P0 QClubs P1 3Hearts P2 6Hearts 
P0 6Spades P1 2Spades P2 KSpades P3 JSpades 
P2 4Diamonds P3 2Clubs P0 QDiamonds P1 5Diamonds 
P3 JHearts P0 JDiamonds P1 KHearts P2 5Clubs 
P2 6Diamonds P3 3Clubs P0 KDiamonds P1 4Spades 
P3 4Clubs P0 JClubs P1 6Clubs P2 7Clubs 
P2 QSpades P3 7Hearts P0 KClubs P1 AClubs 
-- /GAME --

