-- GAME --
P0 HAND: 7Diamonds, QDiamonds, 3Diamonds, JClubs, 6Clubs, AHearts, 5Hearts, KSpades, 5Spades, 4Spades.
P1 HAND: ADiamonds, KClubs, QClubs, 3Clubs, 7Hearts, KHearts, 4Hearts, 3Hearts, QSpades, 6Spades.
P2 HAND: KDiamonds, 6Diamonds, 5Diamonds, 4Diamonds, AClubs, 4Clubs, 2Hearts, 7Spades, 3Spades, 2Spades.
P3 HAND: JDiamonds, 2Diamonds, 7Clubs, 5Clubs, 2Clubs, JHearts, QHearts, 6Hearts, ASpades, JSpades.
P0 AHearts P1 3Hearts P2 2Hearts P3 6Hearts 
P0 4Spades P1 6Spades P2 2Spades P3 ASpades 
P3 2Diamonds P0 3Diamonds P1 ADiamonds P2 4Diamonds 
P1 4Hearts P2 3Spades P3 QHearts P0 5Hearts 
P3 JDiamonds P0 QDiamonds P1 3Clubs P2 5Diamonds 
P1 QSpades P2 7Spades P3 JSpades P0 KSpades 
P2 6Diamonds P3 2Clubs P0 7Diamonds P1 7Hearts 
P3 JHearts P0 5Spades P1 KHearts P2 4Clubs 
P2 AClubs P3 5Clubs P0 JClubs P1 QClubs 
P2 KDiamonds P3 7Clubs P0 6Clubs P1 KClubs 
-- /GAME --
P0 HAND: ADiamonds, 7Diamonds, 4Diamonds, AClubs, 7Clubs, 5Clubs, 2Hearts, 7Spades, 6Spades, 5Spades.
P1 HAND: JDiamonds, QDiamonds, 3Diamonds, 2Diamonds, 4Clubs, QHearts, 6Hearts, 5Hearts, 3Hearts, 3Spades.
P2 HAND: KDiamonds, 6Diamonds, QClubs, 6Clubs, 3Clubs, AHearts, KHearts, JHearts, KSpades, 2Spades.
P3 HAND: 5Diamonds, KClubs, JClubs, 2Clubs, 7Hearts, 4Hearts, ASpades, JSpades, QSpades, 4Spades.
P3 ASpades P0 5Spades P1 3Spades P2 2Spades 
P3 2Clubs P0 AClubs P1 4Clubs P2 QClubs 
P0 ADiamonds P1 2Diamonds P2 KDiamonds P3 5Diamonds 
P0 6Spades P1 3Diamonds P2 KSpades P3 4Spades 
P2 3Clubs P3 JClubs P0 7Clubs P1 3Hearts 
P1 QDiamonds P2 6Diamonds P3 QSpades P0 7Diamonds 
P0 4Diamonds P1 JDiamonds P2 6Clubs P3 KClubs 
P1 5Hearts P2 JHearts P3 4Hearts P0 2Hearts 
P2 KHearts P3 7Hearts P0 5Clubs P1 6Hearts 
P3 JSpades P0 7Spades P1 QHearts P2 AHearts 
-- /GAME --
P0 HAND: JDiamonds, QDiamonds, 5Diamonds, 7Clubs, KClubs, AHearts, JHearts, 2Hearts, JSpades, 4Spades.
P1 HAND: 7Diamonds, KDiamonds, 6Diamonds, 4Diamonds, 5Clubs, 5Hearts, 3Hearts, ASpades, 7Spades, 3Spades.
P2 HAND: 2Diamonds, AClubs, 6Clubs, 4Clubs, 3Clubs, 2Clubs, 7Hearts, KSpades, QSpades, 5Spades.
P3 HAND: ADiamonds, 3Diamonds, JClubs, QClubs, KHearts, QHearts, 6Hearts, 4Hearts, 6Spades, 2Spades.
P2 2Diamonds P3 ADiamonds 
