-- GAME --
P0 HAND: 2Diamonds, 5Clubs, QHearts, 5Hearts, 4Hearts, 3Hearts, 2Hearts, KSpades, JSpades, 4Spades.
P1 HAND: 7Diamonds, JDiamonds, QDiamonds, JClubs, 4Clubs, 3Clubs, 7Spades, QSpades, 5Spades, 3Spades.
P2 HAND: KDiamonds, 5Diamonds, 4Diamonds, 7Clubs, 6Clubs, 2Clubs, AHearts, JHearts, 6Hearts, 2Spades.
P3 HAND: ADiamonds, 6Diamonds, 3Diamonds, AClubs, KClubs, QClubs, 7Hearts, KHearts, ASpades, 6Spades.
P1 3Clubs P2 2Clubs P3 AClubs P0 5Clubs 
P3 ADiamonds P0 2Diamonds P1 7Diamonds P2 4Diamonds 
P3 3Diamonds P0 2Hearts P1 QDiamonds P2 KDiamonds 
P2 AHearts P3 KHearts P0 QHearts P1 3Spades 
P1 4Clubs P2 6Clubs P3 QClubs P0 5Hearts 
P3 6Diamonds P0 3Hearts P1 JDiamonds P2 5Diamonds 
P1 JClubs P2 7Clubs P3 KClubs P0 4Hearts 
P2 6Hearts P3 7Hearts P0 KSpades P1 7Spades 
P1 5Spades P2 2Spades P3 6Spades P0 JSpades 
P0 4Spades P1 QSpades P2 JHearts P3 ASpades 
-- /GAME --
P0 HAND: QDiamonds, 2Diamonds, KClubs, QClubs, 7Hearts, 5Hearts, ASpades, 7Spades, JSpades, 4Spades.
P1 HAND: ADiamonds, 4Diamonds, 3Diamonds, 7Clubs, 5Clubs, AHearts, JHearts, 4Hearts, 2Hearts, 2Spades.
P2 HAND: 7Diamonds, 6Diamonds, JClubs, 6Clubs, KHearts, QHearts, 6Hearts, 3Hearts, QSpades, 6Spades.
P3 HAND: KDiamonds, JDiamonds, 5Diamonds, AClubs, 4Clubs, 3Clubs, 2Clubs, KSpades, 5Spades, 3Spades.
P0 5Hearts P1 AHearts P2 3Hearts P3 AClubs 
P1 7Clubs P2 6Clubs P3 4Clubs P0 QClubs 
P1 2Hearts P2 6Hearts P3 2Clubs P0 7Hearts 
P0 ASpades P1 2Spades P2 QSpades P3 3Spades 
P0 KClubs P1 5Clubs P2 JClubs P3 3Clubs 
P0 4Spades P1 4Hearts P2 6Spades P3 KSpades 
P3 5Spades P0 JSpades P1 3Diamonds P2 QHearts 
P1 JHearts P2 KHearts P3 5Diamonds P0 QDiamonds 
P0 7Spades P1 4Diamonds P2 6Diamonds P3 JDiamonds 
P3 KDiamonds P0 2Diamonds P1 ADiamonds P2 7Diamonds 
-- /GAME --
P0 HAND: QDiamonds, 5Diamonds, AClubs, QClubs, 5Clubs, QHearts, 5Hearts, 4Hearts, ASpades, 6Spades.
P1 HAND: KDiamonds, 2Diamonds, JClubs, 2Clubs, 7Hearts, KSpades, QSpades, 5Spades, 4Spades, 2Spades.
P2 HAND: JDiamonds, 6Diamonds, 4Diamonds, 3Diamonds, 4Clubs, 3Clubs, AHearts, JHearts, 6Hearts, 7Spades.
P3 HAND: ADiamonds, 7Diamonds, 7Clubs, KClubs, 6Clubs, KHearts, 3Hearts, 2Hearts, JSpades, 3Spades.
P3 ADiamonds P0 5Diamonds P1 KDiamonds P2 3Diamonds 
P3 3Spades P0 6Spades P1 2Spades P2 7Spades 
P2 3Clubs P3 6Clubs P0 AClubs P1 2Clubs 
P0 QDiamonds P1 2Diamonds P2 4Diamonds P3 7Diamonds 
P3 JSpades P0 ASpades P1 4Spades P2 JDiamonds 
P0 5Clubs P1 JClubs P2 4Clubs P3 7Clubs 
P3 2Hearts P0 4Hearts P1 7Hearts P2 AHearts 
P2 6Diamonds P3 3Hearts P0 QHearts P1 5Spades 
P0 QClubs P1 QSpades P2 6Hearts P3 KClubs 
P2 JHearts P3 KHearts P0 5Hearts P1 KSpades 
-- /GAME --
P0 HAND: JDiamonds, 5Diamonds, 2Diamonds, 7Clubs, KClubs, QClubs, 5Hearts, 7Spades, 6Spades, 5Spades.
P1 HAND: 7Diamonds, 3Diamonds, 2Clubs, JHearts, QHearts, 6Hearts, 3Hearts, ASpades, 3Spades, 2Spades.
P2 HAND: ADiamonds, KDiamonds, AClubs, 4Clubs, 3Clubs, AHearts, KHearts, KSpades, JSpades, 4Spades.
P3 HAND: QDiamonds, 6Diamonds, 4Diamonds, JClubs, 6Clubs, 5Clubs, 7Hearts, 4Hearts, 2Hearts, QSpades.
P2 ADiamonds P3 4Diamonds P0 JDiamonds P1 3Diamonds 
P2 AClubs P3 5Clubs P0 7Clubs P1 2Clubs 
P2 3Clubs P3 6Clubs P0 KClubs P1 2Spades 
P0 QClubs P1 3Spades P2 4Clubs P3 JClubs 
P3 6Diamonds P0 5Diamonds P1 7Diamonds P2 KDiamonds 
P1 ASpades P2 4Spades P3 QSpades P0 5Spades 
P1 3Hearts P2 KHearts P3 2Hearts P0 5Hearts 
P2 JSpades P3 QDiamonds P0 7Spades P1 6Hearts 
P1 QHearts P2 AHearts P3 4Hearts P0 2Diamonds 
P2 KSpades P3 7Hearts P0 6Spades P1 JHearts 
-- /GAME --
P0 HAND: 7Diamonds, KDiamonds, 4Diamonds, AClubs, 7Clubs, 6Clubs, 2Clubs, KHearts, QSpades, 4Spades.
P1 HAND: 5Diamonds, 2Diamonds, QClubs, AHearts, JHearts, QHearts, 6Hearts, 5Hearts, 3Hearts, JSpades.
P2 HAND: ADiamonds, JDiamonds, QDiamonds, 3Diamonds, 3Clubs, 4Hearts, ASpades, KSpades, 5Spades, 3Spades.
P3 HAND: 6Diamonds, KClubs, JClubs, 5Clubs, 4Clubs, 7Hearts, 2Hearts, 7Spades, 6Spades, 2Spades.
P1 3Hearts P2 4Hearts P3 2Hearts P0 KHearts 
P0 AClubs P1 QClubs P2 3Clubs P3 4Clubs 
P0 4Spades P1 JSpades P2 ASpades P3 2Spades 
P2 3Spades P3 6Spades P0 QSpades P1 5Hearts 
P0 4Diamonds P1 2Diamonds P2 3Diamonds P3 6Diamonds 
P3 5Clubs P0 7Clubs P1 5Diamonds P2 QDiamonds 
P2 5Spades P3 7Spades P0 7Diamonds P1 6Hearts 
P0 2Clubs P1 QHearts P2 JDiamonds P3 JClubs 
P2 ADiamonds P3 KClubs P0 KDiamonds P1 JHearts 
P2 KSpades P3 7Hearts P0 6Clubs P1 AHearts 
-- /GAME --
P0 HAND: ADiamonds, 7Diamonds, 4Diamonds, 2Diamonds, 7Clubs, KClubs, QClubs, 2Clubs, KHearts, 4Hearts.
P1 HAND: KDiamonds, AClubs, JClubs, 6Clubs, 3Clubs, AHearts, 6Hearts, ASpades, KSpades, 6Spades.
P2 HAND: JDiamonds, 3Diamonds, 5Clubs, 5Hearts, 3Hearts, 2Hearts, JSpades, 5Spades, 4Spades, 2Spades.
P3 HAND: QDiamonds, 6Diamonds, 5Diamonds, 4Clubs, 7Hearts, JHearts, QHearts, 7Spades, QSpades, 3Spades.
P1 AClubs P2 5Clubs P3 4Clubs P0 2Clubs 
P1 AHearts P2 2Hearts P3 7Hearts P0 4Hearts 
P1 ASpades P2 2Spades P3 7Spades P0 2Diamonds 
P0 KHearts P1 6Hearts P2 5Hearts P3 QHearts 
P0 4Diamonds P1 KDiamonds P2 3Diamonds P3 5Diamonds 
P1 3Clubs P2 3Hearts P3 3Spades P0 7Clubs 
P0 QClubs P1 6Clubs P2 4Spades P3 QSpades 
P0 KClubs P1 JClubs P2 JDiamonds P3 JHearts 
P2 5Spades P3 6Diamonds P0 ADiamonds P1 6Spades 
P0 7Diamonds P1 KSpades P2 JSpades P3 QDiamonds 
-- /GAME --
P0 HAND: 7Diamonds, 5Diamonds, JClubs, 6Clubs, KHearts, 6Hearts, 5Hearts, 4Hearts, 3Hearts, 4Spades.
P1 HAND: ADiamonds, JDiamonds, 3Diamonds, KClubs, AHearts, 7Hearts, ASpades, 6Spades, 3Spades, 2Spades.
P2 HAND: KDiamonds, 6Diamonds, 4Diamonds, 7Clubs, QClubs, 4Clubs, 3Clubs, JSpades, QSpades, 5Spades.
P3 HAND: QDiamonds, 2Diamonds, AClubs, 5Clubs, 2Clubs, JHearts, QHearts, 2Hearts, 7Spades, KSpades.
P0 5Diamonds P1 ADiamonds P2 4Diamonds P3 QDiamonds 
P1 AHearts P2 5Spades P3 2Hearts P0 KHearts 
P2 3Clubs P3 AClubs P0 6Clubs P1 KClubs 
P3 2Diamonds P0 7Diamonds P1 3Diamonds P2 KDiamonds 
P0 JClubs P1 2Spades P2 4Clubs P3 5Clubs 
P1 JDiamonds P2 6Diamonds P3 2Clubs P0 4Spades 
P0 3Hearts P1 7Hearts P2 QSpades P3 QHearts 
P2 QClubs P3 KSpades P0 4Hearts P1 3Spades 
P3 JHearts P0 6Hearts P1 6Spades P2 JSpades 
P2 7Clubs P3 7Spades P0 5Hearts P1 ASpades 
-- /GAME --
P0 HAND: KDiamonds, KClubs, AHearts, JHearts, QHearts, 3Hearts, ASpades, 7Spades, 6Spades, 3Spades.
P1 HAND: JDiamonds, 3Diamonds, AClubs, JClubs, 3Clubs, KHearts, 6Hearts, 4Hearts, KSpades, 5Spades.
P2 HAND: QDiamonds, 6Diamonds, 7Clubs, QClubs, 5Clubs, 4Clubs, 2Clubs, 5Hearts, 2Hearts, 2Spades.
P3 HAND: ADiamonds, 7Diamonds, 5Diamonds, 4Diamonds, 2Diamonds, 6Clubs, 7Hearts, JSpades, QSpades, 4Spades.

