-- GAME --
P0 HAND: KDiamonds, JDiamonds, 5Diamonds, 3Diamonds, 2Diamonds, 3Clubs, JHearts, 3Hearts, 2Hearts, QSpades.
P1 HAND: 6Diamonds, KClubs, 6Clubs, 2Clubs, 7Hearts, QHearts, 7Spades, KSpades, 4Spades, 2Spades.
P2 HAND: QDiamonds, 4Diamonds, 7Clubs, JClubs, AHearts, KHearts, 6Hearts, 5Hearts, 4Hearts, ASpades.
P3 HAND: ADiamonds, 7Diamonds, AClubs, QClubs, 5Clubs, 4Clubs, JSpades, 6Spades, 5Spades, 3Spades.
P1 2Clubs P2 JClubs P3 AClubs P0 3Clubs 
P3 ADiamonds P0 2Diamonds P1 6Diamonds P2 4Diamonds 
P3 3Spades P0 QSpades P1 2Spades P2 ASpades 
P2 QDiamonds P3 7Diamonds P0 3Diamonds P1 7Spades 
P3 4Clubs P0 3Hearts P1 6Clubs P2 7Clubs 
P0 5Diamonds P1 4Spades P2 4Hearts P3 5Clubs 
P2 5Hearts P3 5Spades P0 JHearts P1 QHearts 
P0 JDiamonds P1 7Hearts P2 AHearts P3 6Spades 
P2 6Hearts P3 QClubs P0 2Hearts P1 KClubs 
P2 KHearts P3 JSpades P0 KDiamonds P1 KSpades 
-- /GAME --
P0 HAND: KDiamonds, KClubs, 2Clubs, 7Hearts, 7Spades, QSpades, 6Spades, 5Spades, 3Spades, 2Spades.
P1 HAND: JDiamonds, 6Diamonds, 4Diamonds, 7Clubs, 5Clubs, AHearts, KHearts, 6Hearts, 3Hearts, JSpades.
P2 HAND: ADiamonds, 7Diamonds, QDiamonds, AClubs, JClubs, 6Clubs, 5Hearts, 2Hearts, ASpades, 4Spades.
P3 HAND: 5Diamonds, 3Diamonds, 2Diamonds, QClubs, 4Clubs, 3Clubs, JHearts, QHearts, 4Hearts, KSpades.
P0 KDiamonds P1 4Diamonds P2 ADiamonds P3 2Diamonds 
P2 AClubs P3 3Clubs P0 KClubs P1 5Clubs 
P2 ASpades P3 KSpades P0 7Spades P1 JSpades 
P2 4Spades P3 3Diamonds P0 QSpades P1 6Diamonds 
P0 2Clubs P1 7Clubs P2 6Clubs P3 QClubs 
P1 JDiamonds P2 QDiamonds P3 5Diamonds P0 7Hearts 
P0 6Spades P1 3Hearts P2 2Hearts P3 4Clubs 
P1 6Hearts P2 5Hearts P3 4Hearts P0 5Spades 
P1 KHearts P2 JClubs P3 QHearts P0 3Spades 
P1 AHearts P2 7Diamonds P3 JHearts P0 2Spades 
-- /GAME --
P0 HAND: ADiamonds, JClubs, 6Clubs, 5Clubs, 3Clubs, JHearts, 4Hearts, 6Spades, 5Spades, 3Spades.
P1 HAND: 7Diamonds, 4Diamonds, 3Diamonds, KClubs, 4Clubs, 2Clubs, 7Spades, KSpades, QSpades, 4Spades.
P2 HAND: QDiamonds, 6Diamonds, AClubs, 7Clubs, AHearts, 7Hearts, KHearts, QHearts, 6Hearts, 2Hearts.
P3 HAND: KDiamonds, JDiamonds, 5Diamonds, 2Diamonds, QClubs, 5Hearts, 3Hearts, ASpades, JSpades, 2Spades.
P3 ASpades P0 6Spades P1 7Spades P2 7Clubs 
P2 2Hearts P3 3Hearts P0 JHearts P1 3Diamonds 
P0 ADiamonds P1 4Diamonds P2 QDiamonds P3 2Diamonds 
P0 4Hearts P1 4Spades P2 6Hearts P3 5Hearts 
P2 6Diamonds P3 5Diamonds P0 3Clubs P1 7Diamonds 
P0 5Spades P1 QSpades P2 QHearts P3 JSpades 
P3 2Spades P0 3Spades P1 KSpades P2 AClubs 
P2 KHearts P3 QClubs P0 JClubs P1 KClubs 
P1 2Clubs P2 7Hearts P3 JDiamonds P0 6Clubs 
P0 5Clubs P1 4Clubs P2 AHearts P3 KDiamonds 
-- /GAME --
P0 HAND: 4Diamonds, 3Diamonds, 7Clubs, KClubs, 2Clubs, AHearts, 6Hearts, 4Hearts, 3Hearts, 3Spades.
P1 HAND: 5Diamonds, 2Diamonds, AClubs, 5Clubs, 3Clubs, KHearts, 5Hearts, 2Hearts, KSpades, 2Spades.
P2 HAND: ADiamonds, 7Diamonds, JDiamonds, JClubs, QClubs, 7Hearts, JSpades, QSpades, 6Spades, 5Spades.
P3 HAND: KDiamonds, QDiamonds, 6Diamonds, 6Clubs, 4Clubs, JHearts, QHearts, ASpades, 7Spades, 4Spades.

