-- GAME --
P0 HAND: QDiamonds, 6Diamonds, 3Diamonds, 2Diamonds, 3Clubs, AHearts, KSpades, 6Spades, 5Spades, 2Spades.
P1 HAND: KDiamonds, 5Diamonds, KClubs, JClubs, KHearts, QHearts, 5Hearts, 3Hearts, QSpades, 3Spades.
P2 HAND: 7Diamonds, AClubs, 7Clubs, QClubs, 5Clubs, 4Clubs, JHearts, 6Hearts, 2Hearts, 7Spades.
P3 HAND: ADiamonds, JDiamonds, 4Diamonds, 6Clubs, 2Clubs, 7Hearts, 4Hearts, ASpades, JSpades, 4Spades.
P0 3Clubs P1 JClubs P2 AClubs P3 2Clubs 
P2 4Clubs P3 6Clubs P0 AHearts P1 KClubs 
P0 2Diamonds P1 5Diamonds P2 7Diamonds P3 ADiamonds 
P3 ASpades P0 2Spades P1 QSpades P2 7Spades 
P3 4Diamonds P0 3Diamonds P1 KDiamonds P2 5Clubs 
P1 3Spades P2 QClubs P3 4Spades P0 KSpades 
P0 5Spades P1 3Hearts P2 2Hearts P3 JSpades 
P1 5Hearts P2 6Hearts P3 4Hearts P0 QDiamonds 
P2 JHearts P3 7Hearts P0 6Diamonds P1 QHearts 
P3 JDiamonds P0 6Spades P1 KHearts P2 7Clubs 
-- /GAME --
P0 HAND: ADiamonds, QDiamonds, 4Diamonds, 6Clubs, AHearts, 7Hearts, JHearts, 3Hearts, JSpades, 6Spades.
P1 HAND: 7Diamonds, 6Diamonds, 5Diamonds, AClubs, KClubs, 5Clubs, 6Hearts, ASpades, 7Spades, 2Spades.
P2 HAND: KDiamonds, 3Diamonds, 7Clubs, JClubs, QClubs, 4Clubs, QHearts, 2Hearts, QSpades, 3Spades.
P3 HAND: JDiamonds, 2Diamonds, 3Clubs, 2Clubs, KHearts, 5Hearts, 4Hearts, KSpades, 5Spades, 4Spades.
P3 2Diamonds P0 QDiamonds P1 5Diamonds P2 KDiamonds 
P2 2Hearts P3 4Hearts P0 AHearts P1 6Hearts 
P0 6Clubs P1 AClubs P2 4Clubs P3 3Clubs 
P1 5Clubs P2 QClubs P3 2Clubs P0 7Hearts 
P2 3Diamonds P3 JDiamonds P0 ADiamonds P1 6Diamonds 
P0 3Hearts P1 2Spades P2 QHearts P3 KHearts 
P1 7Spades P2 3Spades P3 4Spades P0 6Spades 
P1 ASpades P2 QSpades P3 5Spades P0 JSpades 
P1 KClubs P2 JClubs P3 KSpades P0 4Diamonds 
P3 5Hearts P0 JHearts P1 7Diamonds P2 7Clubs 
-- /GAME --
P0 HAND: JDiamonds, 6Clubs, AHearts, KHearts, 6Hearts, 4Hearts, ASpades, 7Spades, 3Spades, 2Spades.
P1 HAND: KDiamonds, 3Diamonds, AClubs, QClubs, 3Clubs, QHearts, 3Hearts, 2Hearts, KSpades, 4Spades.
P2 HAND: QDiamonds, 6Diamonds, 4Diamonds, KClubs, 5Clubs, 4Clubs, 7Hearts, 5Hearts, QSpades, 6Spades.
P3 HAND: ADiamonds, 7Diamonds, 5Diamonds, 2Diamonds, 7Clubs, JClubs, 2Clubs, JHearts, JSpades, 5Spades.

