-- GAME --
P0 HAND: ADiamonds, 7Diamonds, JDiamonds, 3Diamonds, KClubs, 5Clubs, 2Clubs, 6Hearts, 5Hearts, 2Hearts.
P1 HAND: AClubs, JClubs, 4Clubs, 7Hearts, JHearts, QHearts, 4Hearts, KSpades, JSpades, 3Spades.
P2 HAND: QDiamonds, 5Diamonds, 4Diamonds, 7Clubs, 3Clubs, AHearts, KHearts, ASpades, 7Spades, 5Spades.
P3 HAND: KDiamonds, 6Diamonds, 2Diamonds, QClubs, 6Clubs, 3Hearts, QSpades, 6Spades, 4Spades, 2Spades.
P0 ADiamonds P1 3Spades P2 4Diamonds P3 KDiamonds 
P1 AClubs P2 3Clubs P3 QClubs P0 2Clubs 
P1 4Clubs P2 7Clubs P3 6Clubs P0 KClubs 
P2 AHearts P3 3Hearts P0 6Hearts P1 4Hearts 
P2 5Diamonds P3 2Diamonds P0 3Diamonds P1 QHearts 
P2 QDiamonds P3 6Diamonds P0 JDiamonds P1 JSpades 
P1 JClubs P2 5Spades P3 2Spades P0 5Clubs 
P2 7Spades P3 4Spades P0 7Diamonds P1 KSpades 
P2 ASpades P3 6Spades P0 2Hearts P1 JHearts 
P2 KHearts P3 QSpades P0 5Hearts P1 7Hearts 
-- /GAME --
P0 HAND: 5Diamonds, 4Diamonds, 3Diamonds, AClubs, 6Clubs, 5Clubs, 3Clubs, 6Hearts, 7Spades, 3Spades.
P1 HAND: 2Diamonds, 7Clubs, KClubs, JClubs, QHearts, 4Hearts, 2Hearts, ASpades, KSpades, 2Spades.
P2 HAND: JDiamonds, QDiamonds, 6Diamonds, 2Clubs, AHearts, KHearts, 3Hearts, QSpades, 6Spades, 5Spades.
P3 HAND: ADiamonds, 7Diamonds, KDiamonds, QClubs, 4Clubs, 7Hearts, JHearts, 5Hearts, JSpades, 4Spades.
P3 ADiamonds P0 3Diamonds P1 2Diamonds P2 6Diamonds 
P3 4Clubs P0 AClubs P1 JClubs P2 2Clubs 
P0 6Clubs P1 KClubs P2 3Hearts P3 QClubs 
P1 2Hearts P2 AHearts P3 5Hearts P0 6Hearts 
P2 QDiamonds P3 KDiamonds P0 5Diamonds P1 7Clubs 
P3 JHearts P0 7Spades P1 4Hearts P2 KHearts 
P0 5Clubs P1 QHearts P2 5Spades P3 4Spades 
P2 JDiamonds P3 7Diamonds P0 4Diamonds P1 2Spades 
P1 KSpades P2 6Spades P3 JSpades P0 3Spades 
P1 ASpades P2 QSpades P3 7Hearts P0 3Clubs 
-- /GAME --
P0 HAND: ADiamonds, 6Diamonds, AClubs, JClubs, 2Clubs, KHearts, JHearts, 4Hearts, 7Spades, 4Spades.
P1 HAND: 7Diamonds, 4Diamonds, 3Diamonds, 2Diamonds, 7Clubs, 3Clubs, AHearts, 7Hearts, ASpades, 6Spades.
P2 HAND: KDiamonds, QDiamonds, 5Diamonds, QClubs, 5Clubs, 4Clubs, 6Hearts, 5Hearts, 2Hearts, QSpades.
P3 HAND: JDiamonds, KClubs, 6Clubs, QHearts, 3Hearts, KSpades, JSpades, 5Spades, 3Spades, 2Spades.
P2 4Clubs P3 6Clubs P0 AClubs P1 3Clubs 
P0 2Clubs P1 7Clubs P2 5Clubs P3 KClubs 
P1 ASpades P2 QSpades P3 KSpades P0 4Spades 
P1 2Diamonds P2 5Diamonds P3 JDiamonds P0 6Diamonds 
P3 2Spades P0 7Spades P1 6Spades P2 KDiamonds 
P0 JHearts P1 7Hearts P2 2Hearts P3 3Hearts 
P1 3Diamonds P2 QDiamonds P3 3Spades P0 ADiamonds 
P0 4Hearts P1 AHearts P2 5Hearts P3 QHearts 
P1 4Diamonds P2 QClubs P3 5Spades P0 JClubs 
P1 7Diamonds P2 6Hearts P3 JSpades P0 KHearts 
-- /GAME --
P0 HAND: QDiamonds, AClubs, 6Clubs, 3Clubs, 2Clubs, 3Hearts, 2Hearts, KSpades, 6Spades, 3Spades.
P1 HAND: KDiamonds, JDiamonds, 5Diamonds, KClubs, AHearts, 6Hearts, 5Hearts, ASpades, QSpades, 4Spades.
P2 HAND: 7Diamonds, 3Diamonds, 2Diamonds, JClubs, QClubs, 5Clubs, QHearts, 4Hearts, 5Spades, 2Spades.
P3 HAND: ADiamonds, 6Diamonds, 4Diamonds, 7Clubs, 4Clubs, 7Hearts, KHearts, JHearts, 7Spades, JSpades.

