-- GAME --
P0 HAND: ADiamonds, 7Diamonds, JDiamonds, 6Diamonds, AClubs, 7Clubs, 3Clubs, 5Hearts, 3Hearts, 2Spades.
P1 HAND: 5Diamonds, KClubs, JClubs, 6Clubs, 2Clubs, AHearts, QHearts, 6Hearts, ASpades, 4Spades.
P2 HAND: KDiamonds, QDiamonds, 3Diamonds, 2Diamonds, 4Clubs, 7Hearts, KHearts, 7Spades, 6Spades, 3Spades.
P3 HAND: 4Diamonds, QClubs, 5Clubs, JHearts, 4Hearts, 2Hearts, KSpades, JSpades, QSpades, 5Spades.
P0 AClubs P1 2Clubs P2 4Clubs P3 5Clubs 
P0 7Clubs P1 6Clubs P2 7Hearts P3 QClubs 
P0 ADiamonds P1 5Diamonds P2 KDiamonds P3 4Diamonds 
P0 7Diamonds P1 4Spades P2 2Diamonds P3 JHearts 
P1 6Hearts P2 KHearts P3 2Hearts P0 5Hearts 
P2 3Diamonds P3 4Hearts P0 JDiamonds P1 QHearts 
P0 6Diamonds P1 ASpades P2 QDiamonds P3 5Spades 
P1 JClubs P2 3Spades P3 QSpades P0 3Clubs 
P3 JSpades P0 2Spades P1 KClubs P2 7Spades 
P2 6Spades P3 KSpades P0 3Hearts P1 AHearts 
-- /GAME --
P0 HAND: JDiamonds, 4Diamonds, 7Clubs, 3Clubs, JHearts, ASpades, 7Spades, JSpades, QSpades, 4Spades.
P1 HAND: 5Diamonds, 3Diamonds, 2Diamonds, KClubs, JClubs, 5Clubs, 7Hearts, 4Hearts, KSpades, 5Spades.
P2 HAND: KDiamonds, AClubs, QClubs, 6Clubs, 4Clubs, 2Clubs, AHearts, QHearts, 5Hearts, 2Spades.
P3 HAND: ADiamonds, 7Diamonds, QDiamonds, 6Diamonds, KHearts, 6Hearts, 3Hearts, 2Hearts, 6Spades, 3Spades.

