-- GAME --
P0 HAND: ADiamonds, 7Diamonds, 3Diamonds, 4Clubs, 3Clubs, 2Clubs, AHearts, JHearts, QSpades, 5Spades.
P1 HAND: QDiamonds, 6Diamonds, 5Diamonds, AClubs, 5Clubs, KHearts, 4Hearts, 3Hearts, 2Hearts, 4Spades.
P2 HAND: KDiamonds, 4Diamonds, 2Diamonds, KClubs, 6Clubs, QHearts, 6Hearts, ASpades, 7Spades, JSpades.
P3 HAND: JDiamonds, 7Clubs, JClubs, QClubs, 7Hearts, 5Hearts, KSpades, 6Spades, 3Spades, 2Spades.
P0 ADiamonds P1 5Diamonds P2 KDiamonds P3 JDiamonds 
P0 7Diamonds P1 6Diamonds P2 4Diamonds P3 2Spades 
P3 5Hearts P0 JHearts P1 2Hearts P2 QHearts 
P0 AHearts P1 3Hearts P2 6Hearts P3 7Hearts 
P0 3Diamonds P1 QDiamonds P2 2Diamonds P3 7Clubs 
P1 AClubs P2 6Clubs P3 JClubs P0 2Clubs 
P1 4Hearts P2 JSpades P3 QClubs P0 QSpades 
P2 7Spades P3 3Spades P0 5Spades P1 4Spades 
P2 ASpades P3 6Spades P0 4Clubs P1 5Clubs 
P2 KClubs P3 KSpades P0 3Clubs P1 KHearts 
-- /GAME --
P0 HAND: 3Diamonds, AClubs, 7Clubs, KClubs, 4Clubs, 3Clubs, 2Clubs, ASpades, KSpades, 6Spades.
P1 HAND: ADiamonds, 7Diamonds, 5Diamonds, 2Diamonds, AHearts, JHearts, 4Hearts, 2Hearts, 7Spades, JSpades.
P2 HAND: KDiamonds, JDiamonds, QDiamonds, 6Diamonds, JClubs, QClubs, 7Hearts, 5Hearts, 5Spades, 2Spades.
P3 HAND: 4Diamonds, 6Clubs, 5Clubs, KHearts, QHearts, 6Hearts, 3Hearts, QSpades, 4Spades, 3Spades.
P3 3Hearts P0 3Diamonds P1 2Hearts P2 7Hearts 
P0 AClubs P1 2Diamonds P2 QClubs P3 6Clubs 
P1 4Hearts P2 5Hearts P3 6Hearts P0 3Clubs 
P3 3Spades P0 KSpades P1 JSpades P2 5Spades 
P0 ASpades P1 7Spades P2 2Spades P3 4Spades 
P0 KClubs P1 5Diamonds P2 JClubs P3 5Clubs 
P1 JHearts P2 6Diamonds P3 QHearts P0 7Clubs 
P2 QDiamonds P3 4Diamonds P0 4Clubs P1 7Diamonds 
P1 ADiamonds P2 JDiamonds P3 QSpades P0 2Clubs 
P1 AHearts P2 KDiamonds P3 KHearts P0 6Spades 
-- /GAME --
P0 HAND: 3Diamonds, 7Clubs, KClubs, 6Clubs, KHearts, 6Hearts, 5Hearts, ASpades, KSpades, 4Spades.
P1 HAND: ADiamonds, 7Diamonds, JDiamonds, QDiamonds, 5Diamonds, JClubs, 5Clubs, 3Clubs, JSpades, 3Spades.
P2 HAND: KDiamonds, 2Diamonds, 4Clubs, 2Clubs, QHearts, 3Hearts, 2Hearts, 7Spades, 6Spades, 2Spades.
P3 HAND: 6Diamonds, 4Diamonds, AClubs, QClubs, AHearts, 7Hearts, JHearts, 4Hearts, QSpades, 5Spades.
P2 2Diamonds P3 4Diamonds P0 3Diamonds P1 ADiamonds 
P1 3Clubs P2 2Clubs P3 AClubs P0 6Clubs 
P3 AHearts P0 5Hearts P1 7Diamonds P2 2Hearts 
P3 4Hearts P0 KHearts P1 5Diamonds P2 QHearts 
P0 4Spades P1 3Spades P2 2Spades P3 5Spades 
P3 6Diamonds P0 KSpades P1 QDiamonds P2 KDiamonds 
P0 ASpades P1 JSpades P2 6Spades P3 QSpades 
P0 KClubs P1 5Clubs P2 4Clubs P3 QClubs 
P0 7Clubs P1 JClubs P2 7Spades P3 JHearts 
P2 3Hearts P3 7Hearts P0 6Hearts P1 JDiamonds 
-- /GAME --
P0 HAND: 7Diamonds, KDiamonds, 5Diamonds, 3Diamonds, 6Clubs, AHearts, 7Hearts, JHearts, 6Hearts, 4Spades.
P1 HAND: QDiamonds, 6Diamonds, 2Diamonds, 5Clubs, 4Clubs, KHearts, 4Hearts, ASpades, QSpades, 2Spades.
P2 HAND: ADiamonds, 7Clubs, KClubs, QClubs, QHearts, 5Hearts, 3Hearts, KSpades, JSpades, 5Spades.
P3 HAND: JDiamonds, 4Diamonds, AClubs, JClubs, 3Clubs, 2Clubs, 2Hearts, 7Spades, 6Spades, 3Spades.
P1 ASpades P2 5Spades P3 7Spades P0 4Spades 
P1 2Diamonds P2 ADiamonds P3 4Diamonds P0 7Diamonds 
P2 QClubs P3 AClubs P0 6Clubs P1 5Clubs 
P3 2Clubs P0 JHearts P1 4Clubs P2 7Clubs 
P0 3Diamonds P1 6Diamonds P2 3Hearts P3 JDiamonds 
P2 JSpades P3 3Spades P0 6Hearts P1 2Spades 
P0 KDiamonds P1 QDiamonds P2 5Hearts P3 3Clubs 
P2 QHearts P3 2Hearts P0 7Hearts P1 4Hearts 
P0 5Diamonds P1 QSpades P2 KClubs P3 6Spades 
P0 AHearts P1 KHearts P2 KSpades P3 JClubs 
-- /GAME --
P0 HAND: ADiamonds, QDiamonds, 3Diamonds, 2Diamonds, 7Clubs, KClubs, 3Hearts, 2Hearts, KSpades, 3Spades.
P1 HAND: KDiamonds, 4Diamonds, 5Clubs, 4Clubs, 3Clubs, JHearts, 5Hearts, ASpades, 5Spades, 2Spades.
P2 HAND: 7Diamonds, JDiamonds, 6Diamonds, QClubs, 6Clubs, 2Clubs, AHearts, 4Hearts, JSpades, 6Spades.
P3 HAND: 5Diamonds, AClubs, JClubs, 7Hearts, KHearts, QHearts, 6Hearts, 7Spades, QSpades, 4Spades.
P1 ASpades P2 6Spades P3 7Spades P0 3Spades 
P1 2Spades P2 JSpades P3 4Spades P0 KSpades 
P0 KClubs P1 3Clubs P2 2Clubs P3 AClubs 
P3 5Diamonds P0 ADiamonds P1 4Diamonds P2 7Diamonds 
P0 2Hearts P1 5Hearts P2 4Hearts P3 6Hearts 
P3 QSpades P0 3Hearts P1 5Spades P2 JDiamonds 
P0 3Diamonds P1 KDiamonds P2 6Diamonds P3 JClubs 
P1 4Clubs P2 6Clubs P3 QHearts P0 7Clubs 
P3 KHearts P0 2Diamonds P1 JHearts P2 AHearts 
P2 QClubs P3 7Hearts P0 QDiamonds P1 5Clubs 
-- /GAME --
P0 HAND: 7Diamonds, QDiamonds, 5Diamonds, JClubs, AHearts, KHearts, 5Hearts, 4Hearts, 3Hearts, 7Spades.
P1 HAND: 2Diamonds, 7Clubs, JHearts, 2Hearts, KSpades, QSpades, 6Spades, 5Spades, 4Spades, 2Spades.
P2 HAND: KDiamonds, 6Diamonds, 4Diamonds, 3Diamonds, QClubs, 4Clubs, 2Clubs, 7Hearts, 6Hearts, 3Spades.
P3 HAND: ADiamonds, JDiamonds, AClubs, KClubs, 6Clubs, 5Clubs, 3Clubs, QHearts, ASpades, JSpades.
P0 4Hearts P1 2Hearts P2 6Hearts P3 QHearts 
P3 ADiamonds P0 5Diamonds P1 2Diamonds P2 3Diamonds 
P3 ASpades P0 7Spades P1 KSpades P2 3Spades 
P3 JDiamonds P0 7Diamonds P1 7Clubs P2 4Diamonds 
P1 2Spades P2 6Diamonds P3 JSpades P0 3Hearts 
P3 3Clubs P0 JClubs P1 4Spades P2 2Clubs 
P0 KHearts P1 JHearts P2 7Hearts P3 5Clubs 
P3 6Clubs P0 5Hearts P1 5Spades P2 4Clubs 
P3 KClubs P0 QDiamonds P1 6Spades P2 QClubs 
P3 AClubs P0 AHearts P1 QSpades P2 KDiamonds 
-- /GAME --
P0 HAND: KDiamonds, 3Diamonds, AClubs, KClubs, JClubs, 4Clubs, JHearts, 6Hearts, QSpades, 5Spades.
P1 HAND: ADiamonds, JDiamonds, QDiamonds, 6Diamonds, 5Diamonds, 4Diamonds, 2Diamonds, 7Hearts, 5Hearts, 3Hearts.
P2 HAND: 6Clubs, 3Clubs, 2Clubs, AHearts, QHearts, 4Hearts, 7Spades, KSpades, 6Spades, 4Spades.
P3 HAND: 7Diamonds, 7Clubs, QClubs, 5Clubs, KHearts, 2Hearts, ASpades, JSpades, 3Spades, 2Spades.
P3 ASpades P0 5Spades P1 ADiamonds P2 4Spades 
P3 7Diamonds P0 3Diamonds P1 2Diamonds P2 2Clubs 
P2 AHearts P3 2Hearts P0 JHearts P1 3Hearts 
P2 4Hearts P3 KHearts P0 6Hearts P1 7Hearts 
P1 4Diamonds P2 6Spades P3 2Spades P0 KDiamonds 
P0 AClubs P1 5Diamonds P2 3Clubs P3 5Clubs 
P0 KClubs P1 5Hearts P2 6Clubs P3 QClubs 
P0 JClubs P1 6Diamonds P2 QHearts P3 7Clubs 
P3 3Spades P0 QSpades P1 QDiamonds P2 7Spades 
P2 KSpades P3 JSpades P0 4Clubs P1 JDiamonds 
-- /GAME --
P0 HAND: 7Diamonds, KClubs, KHearts, 6Hearts, 2Hearts, 7Spades, KSpades, QSpades, 4Spades, 3Spades.
P1 HAND: ADiamonds, KDiamonds, QDiamonds, 5Diamonds, 3Diamonds, 6Clubs, 5Hearts, 3Hearts, 6Spades, 2Spades.
P2 HAND: 6Diamonds, 4Diamonds, 2Diamonds, 7Clubs, 5Clubs, 2Clubs, QHearts, ASpades, JSpades, 5Spades.
P3 HAND: JDiamonds, AClubs, JClubs, QClubs, 4Clubs, 3Clubs, AHearts, 7Hearts, JHearts, 4Hearts.
P2 ASpades P3 JDiamonds P0 3Spades P1 6Spades 
P3 3Clubs P0 KClubs P1 6Clubs P2 7Clubs 
P2 2Clubs P3 4Clubs P0 7Diamonds P1 ADiamonds 
P1 2Spades P2 5Spades P3 4Hearts P0 7Spades 
P0 KSpades P1 3Hearts P2 JSpades P3 QClubs 
P0 QSpades P1 5Hearts P2 5Clubs P3 JClubs 
P0 4Spades P1 3Diamonds P2 QHearts P3 AClubs 
P1 5Diamonds P2 2Diamonds P3 JHearts P0 2Hearts 
P1 QDiamonds P2 4Diamonds P3 7Hearts P0 6Hearts 
P1 KDiamonds P2 6Diamonds P3 AHearts P0 KHearts 
-- /GAME --
P0 HAND: KDiamonds, QDiamonds, 2Diamonds, KClubs, JClubs, 6Clubs, 2Hearts, ASpades, KSpades, 3Spades.
P1 HAND: 7Diamonds, 5Diamonds, 3Diamonds, AClubs, 7Clubs, AHearts, 7Hearts, 6Spades, 5Spades, 4Spades.
P2 HAND: JDiamonds, 6Diamonds, QClubs, 5Clubs, 4Clubs, 3Clubs, 2Clubs, JHearts, QHearts, QSpades.
P3 HAND: ADiamonds, 4Diamonds, KHearts, 6Hearts, 5Hearts, 4Hearts, 3Hearts, 7Spades, JSpades, 2Spades.
P1 AClubs P2 2Clubs P3 ADiamonds P0 6Clubs 
P1 AHearts P2 QHearts P3 KHearts P0 2Hearts 
P1 7Diamonds P2 6Diamonds P3 4Diamonds P0 2Diamonds 
P1 7Clubs P2 3Clubs P3 6Hearts P0 JClubs 
P1 3Diamonds P2 JDiamonds P3 3Hearts P0 KDiamonds 
P0 QDiamonds P1 5Diamonds P2 4Clubs P3 4Hearts 
P0 ASpades P1 4Spades P2 QSpades P3 2Spades 
P0 KSpades P1 5Spades P2 5Clubs P3 JSpades 
P0 KClubs P1 6Spades P2 QClubs P3 5Hearts 
P1 7Hearts P2 JHearts P3 7Spades P0 3Spades 
-- /GAME --
P0 HAND: KDiamonds, 2Diamonds, 7Clubs, QClubs, 5Clubs, 3Clubs, 7Hearts, 4Hearts, 7Spades, 3Spades.
P1 HAND: 7Diamonds, JDiamonds, QDiamonds, 5Diamonds, 3Diamonds, KClubs, AHearts, QHearts, QSpades, 6Spades.
P2 HAND: ADiamonds, 4Diamonds, 6Clubs, 4Clubs, 2Clubs, KHearts, JHearts, 6Hearts, 5Hearts, 3Hearts.
P3 HAND: 6Diamonds, AClubs, JClubs, 2Hearts, ASpades, KSpades, JSpades, 5Spades, 4Spades, 2Spades.
P0 QClubs P1 KClubs P2 2Clubs P3 AClubs 
P3 2Hearts P0 4Hearts P1 AHearts P2 3Hearts 
P1 3Diamonds P2 ADiamonds P3 6Diamonds P0 KDiamonds 
P2 4Diamonds P3 2Spades P0 2Diamonds P1 7Diamonds 
P3 JClubs P0 3Clubs P1 5Diamonds P2 4Clubs 
P3 4Spades P0 3Spades P1 6Spades P2 5Hearts 
P1 QDiamonds P2 6Clubs P3 5Spades P0 7Spades 
P0 5Clubs P1 QHearts P2 6Hearts P3 JSpades 
P3 KSpades P0 7Hearts P1 QSpades P2 JHearts 
P3 ASpades P0 7Clubs P1 JDiamonds P2 KHearts 
-- /GAME --
P0 HAND: 4Diamonds, KClubs, JClubs, QClubs, 3Clubs, KHearts, QHearts, 2Hearts, 7Spades, 6Spades.
P1 HAND: 7Diamonds, JDiamonds, 6Diamonds, AHearts, 5Hearts, ASpades, KSpades, JSpades, 5Spades, 3Spades.
P2 HAND: ADiamonds, 2Diamonds, 7Clubs, 5Clubs, 4Clubs, JHearts, 6Hearts, 4Hearts, QSpades, 2Spades.
P3 HAND: KDiamonds, QDiamonds, 5Diamonds, 3Diamonds, AClubs, 6Clubs, 2Clubs, 7Hearts, 3Hearts, 4Spades.

