-- GAME --
P0 HAND: 2Diamonds, AClubs, QClubs, 3Clubs, JHearts, QHearts, 6Hearts, 4Hearts, 5Spades, 3Spades.
P1 HAND: ADiamonds, JDiamonds, QDiamonds, JClubs, 5Clubs, 2Clubs, 7Hearts, 5Hearts, QSpades, 6Spades.
P2 HAND: 7Diamonds, KDiamonds, 5Diamonds, 3Diamonds, 7Clubs, 3Hearts, 2Hearts, 7Spades, JSpades, 4Spades.
P3 HAND: 6Diamonds, 4Diamonds, KClubs, 6Clubs, 4Clubs, AHearts, KHearts, ASpades, KSpades, 2Spades.
P3 AHearts P0 4Hearts P1 7Hearts P2 2Hearts 
P3 4Diamonds P0 2Diamonds P1 ADiamonds P2 3Diamonds 
P1 2Clubs P2 7Clubs P3 4Clubs P0 QClubs 
P2 3Hearts P3 KHearts P0 6Hearts P1 5Hearts 
P3 6Diamonds P0 3Spades P1 QDiamonds P2 7Diamonds 
P0 AClubs P1 5Clubs P2 KDiamonds P3 6Clubs 
P0 3Clubs P1 JClubs P2 5Diamonds P3 KClubs 
P3 2Spades P0 5Spades P1 6Spades P2 4Spades 
P1 JDiamonds P2 JSpades P3 KSpades P0 QHearts 
P3 ASpades P0 JHearts P1 QSpades P2 7Spades 
-- /GAME --
P0 HAND: 7Diamonds, JDiamonds, 5Diamonds, 3Diamonds, KClubs, JClubs, 2Clubs, 5Hearts, 2Hearts, 7Spades.
P1 HAND: ADiamonds, QClubs, 6Clubs, 4Clubs, 3Clubs, 7Hearts, 6Hearts, ASpades, 6Spades, 4Spades.
P2 HAND: KDiamonds, AClubs, JHearts, 3Hearts, KSpades, JSpades, QSpades, 5Spades, 3Spades, 2Spades.
P3 HAND: QDiamonds, 6Diamonds, 4Diamonds, 2Diamonds, 7Clubs, 5Clubs, AHearts, KHearts, QHearts, 4Hearts.
P2 AClubs P3 5Clubs P0 KClubs P1 3Clubs 
P2 2Spades P3 2Diamonds P0 7Spades P1 ASpades 
P1 ADiamonds P2 KDiamonds P3 QDiamonds 
