-- GAME --
P0 HAND: ADiamonds, JDiamonds, 6Diamonds, 3Diamonds, 2Diamonds, 3Clubs, KHearts, QHearts, 4Hearts, 5Spades.
P1 HAND: KDiamonds, QDiamonds, 4Diamonds, 7Clubs, 6Clubs, 5Hearts, 7Spades, KSpades, 6Spades, 3Spades.
P2 HAND: 7Diamonds, AClubs, 5Clubs, 2Clubs, AHearts, 7Hearts, 6Hearts, JSpades, QSpades, 2Spades.
P3 HAND: 5Diamonds, KClubs, JClubs, QClubs, 4Clubs, JHearts, 3Hearts, 2Hearts, ASpades, 4Spades.
P3 ASpades P0 5Spades P1 7Spades P2 2Spades 
P3 4Clubs P0 3Clubs P1 6Clubs P2 AClubs 
P2 2Clubs P3 QClubs P0 KHearts P1 7Clubs 
P0 ADiamonds P1 4Diamonds P2 7Diamonds P3 5Diamonds 
P0 2Diamonds P1 QDiamonds P2 5Clubs P3 KClubs 
P1 3Spades P2 QSpades P3 4Spades P0 JDiamonds 
P2 JSpades P3 2Hearts P0 QHearts P1 6Spades 
P0 6Diamonds P1 KDiamonds P2 6Hearts P3 3Hearts 
P2 7Hearts P3 JHearts P0 4Hearts P1 5Hearts 
P2 AHearts P3 JClubs P0 3Diamonds P1 KSpades 
-- /GAME --
P0 HAND: 6Diamonds, 5Diamonds, 2Diamonds, AHearts, JHearts, 7Spades, KSpades, QSpades, 6Spades, 3Spades.
P1 HAND: ADiamonds, JDiamonds, 2Clubs, KHearts, 5Hearts, 4Hearts, 2Hearts, ASpades, 5Spades, 2Spades.
P2 HAND: 3Diamonds, 7Clubs, QClubs, 6Clubs, 5Clubs, 3Clubs, 7Hearts, 6Hearts, JSpades, 4Spades.
P3 HAND: 7Diamonds, KDiamonds, QDiamonds, 4Diamonds, AClubs, KClubs, JClubs, 4Clubs, QHearts, 3Hearts.
P2 3Diamonds P3 4Diamonds P0 5Diamonds P1 ADiamonds 
P1 2Clubs P2 3Clubs P3 AClubs P0 QSpades 
P0 KSpades P1 2Spades P2 4Spades P3 3Hearts 
P0 6Spades P1 5Spades P2 JSpades P3 4Clubs 
P2 5Clubs P3 JClubs P0 JHearts P1 KHearts 
P3 QDiamonds P0 2Diamonds P1 JDiamonds P2 6Clubs 
P1 2Hearts P2 6Hearts P3 QHearts P0 AHearts 
P0 3Spades P1 ASpades P2 QClubs P3 7Diamonds 
P1 4Hearts P2 7Hearts P3 KDiamonds P0 6Diamonds 
P2 7Clubs P3 KClubs P0 7Spades P1 5Hearts 
-- /GAME --
P0 HAND: ADiamonds, 7Diamonds, 4Diamonds, AClubs, 5Clubs, 4Clubs, 2Clubs, QHearts, 5Hearts, JSpades.
P1 HAND: JDiamonds, 5Diamonds, 2Diamonds, KClubs, AHearts, KHearts, JHearts, KSpades, 6Spades, 5Spades.
P2 HAND: QDiamonds, JClubs, QClubs, 3Clubs, 7Hearts, 4Hearts, 3Hearts, QSpades, 4Spades, 2Spades.
P3 HAND: KDiamonds, 6Diamonds, 3Diamonds, 7Clubs, 6Clubs, 6Hearts, 2Hearts, ASpades, 7Spades, 3Spades.
P1 AHearts P2 3Hearts P3 6Hearts P0 5Hearts 
P1 5Spades P2 2Spades P3 ASpades P0 JSpades 
P3 2Hearts P0 QHearts P1 JHearts P2 7Hearts 
P2 3Clubs P3 6Clubs P0 AClubs P1 KClubs 
P0 2Clubs P1 6Spades P2 QClubs P3 7Clubs 
P3 3Spades P0 4Clubs P1 KSpades P2 4Spades 
P1 2Diamonds P2 QDiamonds P3 3Diamonds P0 4Diamonds 
P2 4Hearts P3 6Diamonds P0 5Clubs P1 KHearts 
P3 KDiamonds P0 ADiamonds P1 5Diamonds P2 JClubs 
P0 7Diamonds P1 JDiamonds P2 QSpades P3 7Spades 
-- /GAME --
P0 HAND: ADiamonds, KDiamonds, QClubs, 5Clubs, JHearts, 3Hearts, 7Spades, QSpades, 6Spades, 4Spades.
P1 HAND: QDiamonds, 6Diamonds, 3Diamonds, 2Diamonds, 7Clubs, KClubs, 4Clubs, 6Hearts, JSpades, 3Spades.
P2 HAND: 7Diamonds, JDiamonds, 4Diamonds, JClubs, 2Clubs, AHearts, QHearts, 5Hearts, KSpades, 5Spades.
P3 HAND: 5Diamonds, AClubs, 6Clubs, 3Clubs, 7Hearts, KHearts, 4Hearts, 2Hearts, ASpades, 2Spades.
P0 QSpades P1 3Spades P2 5Spades P3 2Spades 
P0 4Spades P1 JSpades P2 KSpades P3 ASpades 
P3 AClubs P0 5Clubs P1 7Clubs P2 2Clubs 
P3 2Hearts P0 3Hearts P1 6Hearts P2 AHearts 
P2 4Diamonds P3 5Diamonds P0 KDiamonds P1 2Diamonds 
P0 ADiamonds P1 3Diamonds P2 7Diamonds P3 3Clubs 
P0 QClubs P1 4Clubs P2 JClubs P3 6Clubs 
P2 5Hearts P3 4Hearts P0 JHearts P1 6Diamonds 
P0 6Spades P1 QDiamonds P2 QHearts P3 KHearts 
P0 7Spades P1 KClubs P2 JDiamonds P3 7Hearts 
-- /GAME --
P0 HAND: 6Diamonds, 5Diamonds, AClubs, JClubs, 3Clubs, KHearts, JHearts, 4Hearts, KSpades, 2Spades.
P1 HAND: ADiamonds, KDiamonds, 4Diamonds, 7Clubs, QClubs, 6Clubs, 4Clubs, 2Clubs, 5Hearts, QSpades.
P2 HAND: 7Diamonds, JDiamonds, QDiamonds, 2Diamonds, 5Clubs, AHearts, 7Hearts, 6Hearts, 3Hearts, 3Spades.
P3 HAND: 3Diamonds, KClubs, QHearts, 2Hearts, ASpades, 7Spades, JSpades, 6Spades, 5Spades, 4Spades.
P3 3Diamonds P0 5Diamonds P1 ADiamonds P2 2Diamonds 
P1 2Clubs P2 5Clubs P3 KClubs P0 AClubs 
P0 6Diamonds P1 4Diamonds P2 QDiamonds P3 4Spades 
P2 3Spades P3 5Spades P0 2Spades P1 QSpades 
P1 4Clubs P2 3Hearts P3 6Spades P0 JClubs 
P2 JDiamonds P3 2Hearts P0 KHearts P1 KDiamonds 
P0 JHearts P1 5Hearts P2 6Hearts P3 QHearts 
P0 4Hearts P1 6Clubs P2 7Hearts P3 JSpades 
P2 AHearts P3 7Spades P0 KSpades P1 QClubs 
P2 7Diamonds P3 ASpades P0 3Clubs P1 7Clubs 
-- /GAME --
P0 HAND: ADiamonds, KClubs, 7Hearts, 3Hearts, 2Hearts, 7Spades, KSpades, 6Spades, 3Spades, 2Spades.
P1 HAND: JDiamonds, 6Diamonds, 5Diamonds, 4Diamonds, 7Clubs, 5Clubs, 4Clubs, AHearts, KHearts, 5Hearts.
P2 HAND: QDiamonds, 2Diamonds, JClubs, 6Clubs, JHearts, QHearts, 6Hearts, 4Hearts, 5Spades, 4Spades.
P3 HAND: 7Diamonds, KDiamonds, 3Diamonds, AClubs, QClubs, 3Clubs, 2Clubs, ASpades, JSpades, QSpades.
P2 2Diamonds P3 3Diamonds P0 ADiamonds P1 4Diamonds 
P0 2Spades P1 4Clubs P2 4Spades P3 ASpades 
P3 2Clubs P0 KClubs P1 5Clubs P2 JClubs 
P0 KSpades P1 5Diamonds P2 5Spades P3 QSpades 
P0 6Spades P1 6Diamonds P2 6Clubs P3 JSpades 
P3 3Clubs P0 3Spades P1 7Clubs P2 4Hearts 
P2 QDiamonds P3 KDiamonds P0 2Hearts P1 JDiamonds 
P0 7Spades P1 5Hearts P2 6Hearts P3 QClubs 
P2 QHearts P3 7Diamonds P0 7Hearts P1 AHearts 
P1 KHearts P2 JHearts P3 AClubs P0 3Hearts 
-- /GAME --
P0 HAND: QDiamonds, 6Diamonds, AClubs, KClubs, 3Clubs, AHearts, KHearts, 6Hearts, 6Spades, 3Spades.
P1 HAND: 5Diamonds, 4Diamonds, 3Diamonds, 2Diamonds, 7Clubs, 4Clubs, 2Clubs, QHearts, 4Hearts, 2Spades.
P2 HAND: KDiamonds, JDiamonds, QClubs, 5Clubs, 7Hearts, 5Hearts, ASpades, 7Spades, JSpades, 4Spades.
P3 HAND: ADiamonds, 7Diamonds, JClubs, 6Clubs, JHearts, 3Hearts, 2Hearts, KSpades, QSpades, 5Spades.
P1 2Clubs P2 5Clubs P3 6Clubs P0 AClubs 
P0 AHearts P1 4Hearts P2 7Hearts P3 2Hearts 
P0 KHearts P1 QHearts P2 5Hearts P3 3Hearts 
P0 3Spades P1 2Spades P2 ASpades P3 5Spades 
P2 4Spades P3 QSpades P0 6Spades P1 7Clubs 
P3 JClubs P0 KClubs P1 4Clubs P2 QClubs 
P0 6Hearts P1 2Diamonds P2 JDiamonds P3 JHearts 
P2 JSpades P3 KSpades P0 6Diamonds P1 3Diamonds 
P0 3Clubs P1 4Diamonds P2 KDiamonds P3 7Diamonds 
P3 ADiamonds P0 QDiamonds P1 5Diamonds P2 7Spades 
-- /GAME --
P0 HAND: KDiamonds, QDiamonds, 3Diamonds, 7Clubs, KHearts, 4Hearts, 3Hearts, 2Hearts, ASpades, 7Spades.
P1 HAND: ADiamonds, 7Diamonds, 6Diamonds, KClubs, JClubs, 2Clubs, 6Hearts, 6Spades, 5Spades, 3Spades.
P2 HAND: JDiamonds, 5Diamonds, 4Diamonds, QClubs, 4Clubs, 3Clubs, QHearts, QSpades, 4Spades, 2Spades.
P3 HAND: 2Diamonds, AClubs, 6Clubs, 5Clubs, AHearts, 7Hearts, JHearts, 5Hearts, KSpades, JSpades.

