-- GAME --
P0 HAND: ADiamonds, 5Diamonds, 4Diamonds, 7Clubs, 2Clubs, 2Hearts, 7Spades, JSpades, 5Spades, 2Spades.
P1 HAND: 7Diamonds, QDiamonds, 3Diamonds, 2Diamonds, AClubs, QClubs, AHearts, ASpades, 4Spades, 3Spades.
P2 HAND: KDiamonds, JDiamonds, 6Diamonds, KClubs, JClubs, 6Clubs, 5Clubs, JHearts, 5Hearts, 3Hearts.
P3 HAND: 4Clubs, 3Clubs, 7Hearts, KHearts, QHearts, 6Hearts, 4Hearts, KSpades, QSpades, 6Spades.
P1 AClubs P2 5Clubs P3 4Clubs P0 2Clubs 
P1 AHearts P2 3Hearts P3 7Hearts P0 2Hearts 
P1 2Diamonds P2 6Diamonds P3 3Clubs P0 ADiamonds 
P0 7Clubs P1 QClubs P2 6Clubs P3 6Spades 
P3 4Hearts P0 2Spades P1 3Diamonds P2 JHearts 
P0 4Diamonds P1 QDiamonds P2 JDiamonds P3 QSpades 
P3 6Hearts P0 5Spades P1 3Spades P2 5Hearts 
P0 JSpades P1 4Spades P2 JClubs P3 KSpades 
P3 QHearts P0 7Spades P1 ASpades P2 KDiamonds 
P1 7Diamonds P2 KClubs P3 KHearts P0 5Diamonds 
-- /GAME --
P0 HAND: 7Diamonds, KDiamonds, JDiamonds, 2Diamonds, AClubs, QClubs, 6Clubs, AHearts, 7Spades, 2Spades.
P1 HAND: ADiamonds, KClubs, JHearts, QHearts, 6Hearts, 2Hearts, KSpades, JSpades, QSpades, 3Spades.
P2 HAND: 5Diamonds, 4Diamonds, 3Diamonds, 5Clubs, 7Hearts, 5Hearts, ASpades, 6Spades, 5Spades, 4Spades.
P3 HAND: QDiamonds, 6Diamonds, 7Clubs, JClubs, 4Clubs, 3Clubs, 2Clubs, KHearts, 4Hearts, 3Hearts.
P0 AHearts P1 2Hearts P2 7Hearts P3 3Hearts 
P0 AClubs P1 KClubs P2 5Clubs P3 2Clubs 
P0 6Clubs P1 3Spades P2 4Spades P3 7Clubs 
P3 3Clubs P0 QClubs P1 6Hearts P2 ASpades 
P0 2Diamonds P1 ADiamonds P2 3Diamonds P3 6Diamonds 
P1 QHearts P2 5Hearts P3 4Hearts P0 JDiamonds 
P0 2Spades P1 QSpades P2 5Spades P3 KHearts 
P1 JHearts P2 6Spades P3 4Clubs P0 KDiamonds 
P0 7Diamonds P1 JSpades P2 4Diamonds P3 QDiamonds 
P0 7Spades P1 KSpades P2 5Diamonds P3 JClubs 
-- /GAME --
P0 HAND: KDiamonds, 2Diamonds, KClubs, 4Clubs, 2Clubs, 7Hearts, ASpades, KSpades, JSpades, 2Spades.
P1 HAND: JDiamonds, 6Diamonds, QClubs, 6Clubs, 3Clubs, AHearts, QHearts, 6Hearts, 7Spades, 3Spades.
P2 HAND: QDiamonds, 4Diamonds, 3Diamonds, 7Clubs, JClubs, 5Hearts, 4Hearts, QSpades, 6Spades, 5Spades.
P3 HAND: ADiamonds, 7Diamonds, 5Diamonds, AClubs, 5Clubs, KHearts, JHearts, 3Hearts, 2Hearts, 4Spades.
P3 ADiamonds P0 2Diamonds P1 JDiamonds P2 3Diamonds 
P3 AClubs P0 2Clubs P1 QClubs P2 JClubs 
P3 2Hearts P0 7Hearts P1 AHearts P2 4Hearts 
P1 3Clubs P2 7Clubs P3 5Clubs P0 KClubs 
P2 4Diamonds P3 5Diamonds P0 KDiamonds P1 6Diamonds 
P0 4Clubs P1 6Clubs P2 5Hearts P3 7Diamonds 
P1 6Hearts P2 QDiamonds P3 3Hearts P0 2Spades 
P0 ASpades P1 3Spades P2 5Spades P3 4Spades 
P0 JSpades P1 7Spades P2 6Spades P3 KHearts 
P1 QHearts P2 QSpades P3 JHearts P0 KSpades 
-- /GAME --
P0 HAND: 7Diamonds, KDiamonds, QDiamonds, 6Diamonds, AClubs, 7Clubs, KClubs, 5Hearts, 4Hearts, 3Spades.
P1 HAND: JDiamonds, 5Diamonds, 4Diamonds, 2Diamonds, 3Clubs, JHearts, 3Hearts, 6Spades, 5Spades, 2Spades.
P2 HAND: 3Diamonds, JClubs, 5Clubs, 4Clubs, QHearts, 2Hearts, 7Spades, KSpades, JSpades, QSpades.
P3 HAND: ADiamonds, QClubs, 6Clubs, 2Clubs, AHearts, 7Hearts, KHearts, 6Hearts, ASpades, 4Spades.
P2 3Diamonds P3 ADiamonds P0 6Diamonds P1 JDiamonds 
P3 ASpades P0 3Spades P1 6Spades P2 QSpades 
P3 2Clubs P0 AClubs P1 3Clubs P2 JClubs 
P0 7Clubs P1 3Hearts P2 4Clubs P3 QClubs 
P1 2Diamonds P2 5Clubs P3 4Spades P0 7Diamonds 
P0 4Hearts P1 JHearts P2 2Hearts P3 6Hearts 
P1 2Spades P2 JSpades P3 6Clubs P0 KClubs 
P2 QHearts P3 KHearts P0 5Hearts P1 5Diamonds 
P3 7Hearts P0 QDiamonds P1 4Diamonds P2 KSpades 
P3 AHearts P0 KDiamonds P1 5Spades P2 7Spades 
-- /GAME --

