-- GAME --
P2 AHearts P3 2Hearts P0 4Hearts P1 5Hearts 
P2 2Diamonds P3 5Diamonds P0 ADiamonds P1 6Diamonds 
P0 6Hearts P1 3Spades P2 QHearts P3 7Hearts 
P3 3Hearts P0 5Spades P1 6Spades P2 JHearts 
P2 QDiamonds P3 4Spades P0 7Diamonds P1 JDiamonds 
P0 3Diamonds P1 4Clubs P2 KDiamonds P3 KHearts 
P1 JClubs P2 6Clubs P3 2Clubs P0 5Clubs 
P1 7Clubs P2 QClubs P3 3Clubs P0 AClubs 
P0 4Diamonds P1 7Spades P2 QSpades P3 KClubs 
P3 KSpades P0 2Spades P1 ASpades P2 JSpades 
-- /GAME --
P0 HAND: 7Diamonds, KDiamonds, 5Diamonds, 6Clubs, 5Clubs, AHearts, 7Hearts, QHearts, 6Hearts, 6Spades.
P1 HAND: ADiamonds, 6Diamonds, 7Clubs, JClubs, 4Clubs, 5Hearts, 4Hearts, 2Hearts, 7Spades, QSpades.
P2 HAND: QDiamonds, 3Diamonds, AClubs, KClubs, QClubs, 3Clubs, 2Clubs, KHearts, KSpades, 3Spades.
P3 HAND: JDiamonds, 4Diamonds, 2Diamonds, JHearts, 3Hearts, ASpades, JSpades, 5Spades, 4Spades, 2Spades.
P1 ADiamonds P2 3Diamonds P3 JDiamonds P0 5Diamonds 
P1 2Hearts P2 KHearts P3 3Hearts P0 AHearts 
P0 6Spades P1 QSpades P2 3Spades P3 ASpades 
P3 2Diamonds P0 7Diamonds P1 6Diamonds P2 QDiamonds 
P0 5Clubs P1 4Clubs P2 2Clubs 
