-- GAME --
P0 HAND: ADiamonds, 6Diamonds, 5Diamonds, 4Diamonds, KClubs, 4Clubs, 2Clubs, 6Hearts, QSpades, 4Spades.
P1 HAND: 7Diamonds, JDiamonds, 7Clubs, 6Clubs, 5Clubs, 7Hearts, QHearts, 2Hearts, 7Spades, 2Spades.
P2 HAND: 3Diamonds, JHearts, 5Hearts, 3Hearts, ASpades, KSpades, JSpades, 6Spades, 5Spades, 3Spades.
P3 HAND: KDiamonds, QDiamonds, 2Diamonds, AClubs, JClubs, QClubs, 3Clubs, AHearts, KHearts, 4Hearts.
P3 AClubs P0 2Clubs P1 7Clubs P2 3Spades 
P2 3Diamonds P3 2Diamonds P0 ADiamonds P1 JDiamonds 
P0 6Diamonds P1 7Diamonds P2 5Spades P3 QDiamonds 
P2 3Hearts P3 AHearts P0 6Hearts P1 7Hearts 
P3 3Clubs P0 KClubs P1 5Clubs P2 JHearts 
P0 5Diamonds P1 2Hearts P2 5Hearts P3 KDiamonds 
P3 4Hearts P0 4Diamonds P1 QHearts P2 6Spades 
P2 JSpades P3 QClubs P0 4Spades P1 7Spades 
P1 6Clubs P2 KSpades P3 JClubs P0 4Clubs 
P2 ASpades P3 KHearts P0 QSpades P1 2Spades 
-- /GAME --
P0 HAND: QDiamonds, 6Diamonds, 5Diamonds, 3Diamonds, AClubs, 6Clubs, 5Clubs, KHearts, 6Hearts, JSpades.
P1 HAND: 4Diamonds, KClubs, QClubs, 4Clubs, 3Clubs, JHearts, 4Hearts, 2Hearts, QSpades, 2Spades.
P2 HAND: 7Diamonds, JDiamonds, 2Diamonds, 7Clubs, JClubs, QHearts, 3Hearts, 6Spades, 5Spades, 3Spades.
P3 HAND: ADiamonds, KDiamonds, 2Clubs, AHearts, 7Hearts, 5Hearts, ASpades, 7Spades, KSpades, 4Spades.
P2 2Diamonds P3 ADiamonds 
