-- GAME --
P1 4Diamonds P2 ADiamonds P3 3Diamonds P0 7Clubs 
P2 2Diamonds P3 5Diamonds P0 KSpades P1 JDiamonds 
P0 AHearts P1 QHearts P2 7Hearts P3 5Hearts 
P0 KClubs P1 5Clubs P2 QDiamonds P3 2Clubs 
P0 KHearts P1 6Clubs P2 2Hearts P3 6Hearts 
P0 3Hearts P1 7Spades P2 2Spades P3 JHearts 
P1 ASpades P2 3Spades P3 JSpades P0 6Spades 
P1 KDiamonds P2 4Spades P3 6Diamonds P0 4Hearts 
P2 5Spades P3 3Clubs P0 QSpades P1 7Diamonds 
-- /GAME --
P0 HAND: JDiamonds, 5Diamonds, 4Clubs, 7Hearts, 2Hearts, ASpades, QSpades, 6Spades, 5Spades, 4Spades.
P1 HAND: KDiamonds, QDiamonds, 6Diamonds, 3Diamonds, 2Diamonds, JClubs, QClubs, 3Clubs, JHearts, 4Hearts.
P2 HAND: ADiamonds, 7Diamonds, AClubs, 7Clubs, 6Clubs, AHearts, KHearts, 6Hearts, 5Hearts, 3Hearts.
P3 HAND: 4Diamonds, KClubs, 5Clubs, 2Clubs, QHearts, 7Spades, KSpades, JSpades, 3Spades, 2Spades.
P3 2Spades P0 ASpades P1 3Clubs P2 6Clubs 
P2 ADiamonds P3 4Diamonds P0 JDiamonds P1 2Diamonds 
P2 3Hearts P3 QHearts P0 2Hearts P1 JHearts 
P1 3Diamonds P2 7Diamonds P3 2Clubs P0 5Diamonds 
P3 3Spades P0 QSpades P1 4Hearts P2 AHearts 
P0 6Spades P1 6Diamonds P2 5Hearts P3 7Spades 
P3 JSpades P0 5Spades P1 QDiamonds P2 7Clubs 
P2 6Hearts P3 5Clubs P0 7Hearts P1 KDiamonds 
P3 KClubs P0 4Clubs P1 QClubs P2 AClubs 
P2 KHearts P3 KSpades P0 4Spades P1 JClubs 
-- /GAME --
P0 HAND: 5Diamonds, JClubs, QClubs, 6Clubs, 7Hearts, 6Hearts, 5Hearts, 4Hearts, ASpades, 4Spades.
P1 HAND: ADiamonds, KDiamonds, 6Diamonds, 3Diamonds, 2Diamonds, 5Clubs, 4Clubs, 3Hearts, 7Spades, 6Spades.
P2 HAND: 7Diamonds, JDiamonds, QDiamonds, 4Diamonds, AClubs, 7Clubs, KClubs, AHearts, JHearts, QHearts.
P3 HAND: 3Clubs, 2Clubs, KHearts, 2Hearts, KSpades, JSpades, QSpades, 5Spades, 3Spades, 2Spades.
P2 AClubs P3 2Clubs P0 JClubs P1 4Clubs 
P2 AHearts P3 2Hearts P0 7Hearts P1 3Hearts 
P2 QHearts P3 KHearts P0 6Hearts P1 7Spades 
P3 2Spades P0 ASpades P1 6Spades P2 7Clubs 
P0 4Spades P1 5Clubs P2 4Diamonds P3 3Spades 
P2 JHearts P3 3Clubs P0 4Hearts P1 2Diamonds 
P1 3Diamonds P2 QDiamonds P3 5Spades P0 5Diamonds 
P2 JDiamonds P3 QSpades P0 5Hearts P1 KDiamonds 
P1 6Diamonds P2 7Diamonds P3 JSpades P0 QClubs 
P2 KClubs P3 KSpades P0 6Clubs P1 ADiamonds 
-- /GAME --

