-- GAME --
P0 HAND: 5Diamonds, 3Diamonds, AClubs, 7Clubs, 5Clubs, 5Hearts, 4Hearts, 2Hearts, QSpades, 4Spades.
P1 HAND: JClubs, QClubs, 6Clubs, 2Clubs, AHearts, 6Hearts, 3Hearts, ASpades, JSpades, 2Spades.
P2 HAND: ADiamonds, 7Diamonds, JDiamonds, 6Diamonds, 2Diamonds, KClubs, 4Clubs, 3Clubs, 7Hearts, 3Spades.
P3 HAND: KDiamonds, QDiamonds, 4Diamonds, KHearts, JHearts, QHearts, 7Spades, KSpades, 6Spades, 5Spades.
P1 AHearts P2 7Hearts P3 KHearts P0 2Hearts 
P1 2Clubs P2 3Clubs P3 4Diamonds P0 AClubs 
P0 QSpades P1 2Spades P2 3Spades P3 5Spades 
P0 4Spades P1 JSpades P2 2Diamonds P3 6Spades 
P1 3Hearts P2 4Clubs P3 JHearts P0 5Hearts 
P3 QDiamonds P0 3Diamonds P1 6Clubs P2 ADiamonds 
P2 6Diamonds P3 KDiamonds P0 5Diamonds P1 JClubs 
P3 QHearts P0 4Hearts P1 6Hearts P2 JDiamonds 
P3 KSpades P0 5Clubs P1 ASpades P2 KClubs 
P1 QClubs P2 7Diamonds P3 7Spades P0 7Clubs 
-- /GAME --
P0 HAND: ADiamonds, 6Diamonds, 5Diamonds, 2Diamonds, 7Clubs, 3Clubs, 7Hearts, KHearts, QHearts, 2Hearts.
P1 HAND: KDiamonds, 3Diamonds, KClubs, JClubs, 5Clubs, AHearts, JHearts, 4Hearts, 6Spades, 3Spades.
P2 HAND: JDiamonds, 6Clubs, 2Clubs, 6Hearts, 5Hearts, 3Hearts, 7Spades, KSpades, QSpades, 5Spades.
P3 HAND: 7Diamonds, QDiamonds, 4Diamonds, AClubs, QClubs, 4Clubs, ASpades, JSpades, 4Spades, 2Spades.

