-- GAME --
P2 AHearts P3 2Hearts P0 KHearts P1 4Hearts 
P2 5Clubs P3 JClubs P0 AClubs P1 3Clubs 
P0 3Diamonds P1 ADiamonds P2 6Diamonds P3 QDiamonds 
P1 4Clubs P2 2Spades P3 2Diamonds P0 7Clubs 
P2 JDiamonds P3 4Diamonds P0 5Diamonds P1 5Hearts 
P2 6Spades P3 3Spades P0 QSpades P1 4Spades 
P0 JHearts P1 6Hearts P2 KSpades P3 3Hearts 
P2 7Spades P3 ASpades P0 5Spades P1 JSpades 
P3 QHearts P0 2Clubs P1 6Clubs P2 KDiamonds 
P3 7Hearts P0 KClubs P1 QClubs P2 7Diamonds 
-- /GAME --
P0 HAND: JDiamonds, 4Diamonds, JClubs, JHearts, QHearts, 4Hearts, 3Hearts, JSpades, 3Spades, 2Spades.
P1 HAND: ADiamonds, 3Diamonds, 2Diamonds, 7Clubs, KClubs, 6Clubs, 5Clubs, KHearts, 7Spades, 4Spades.
P2 HAND: 7Diamonds, QClubs, 4Clubs, 3Clubs, 6Hearts, 5Hearts, 2Hearts, ASpades, QSpades, 5Spades.
P3 HAND: KDiamonds, QDiamonds, 6Diamonds, 5Diamonds, AClubs, 2Clubs, AHearts, 7Hearts, KSpades, 6Spades.
P1 ADiamonds P2 7Diamonds P3 KDiamonds P0 4Diamonds 
P1 2Diamonds P2 3Clubs P3 5Diamonds P0 JDiamonds 
P0 2Spades P1 4Spades P2 ASpades P3 6Spades 
P2 4Clubs P3 AClubs P0 JClubs P1 7Clubs 
P3 2Clubs P0 QHearts P1 5Clubs P2 QClubs 
P0 3Spades P1 7Spades P2 5Spades P3 KSpades 
P1 3Diamonds P2 QSpades P3 6Diamonds P0 JHearts 
P0 JSpades P1 6Clubs P2 2Hearts P3 QDiamonds 
P2 5Hearts P3 7Hearts P0 3Hearts P1 KHearts 
P3 AHearts P0 4Hearts P1 KClubs P2 6Hearts 
-- /GAME --
P0 HAND: 3Diamonds, 2Diamonds, KClubs, 5Clubs, 3Clubs, 7Hearts, 6Hearts, 4Hearts, 7Spades, 5Spades.
P1 HAND: QDiamonds, 5Diamonds, 4Diamonds, AClubs, JClubs, 5Hearts, 3Hearts, 2Hearts, JSpades, 3Spades.
P2 HAND: 7Diamonds, 6Diamonds, 7Clubs, 2Clubs, AHearts, JHearts, KSpades, QSpades, 4Spades, 2Spades.
P3 HAND: ADiamonds, KDiamonds, JDiamonds, QClubs, 6Clubs, 4Clubs, KHearts, QHearts, ASpades, 6Spades.
P0 5Spades P1 3Spades P2 2Spades P3 ASpades 
P3 4Clubs P0 KClubs P1 AClubs P2 2Clubs 
P1 2Hearts P2 AHearts P3 QHearts P0 7Hearts 
P2 4Spades P3 6Spades P0 7Spades P1 JSpades 
P0 3Clubs P1 JClubs P2 7Clubs P3 6Clubs 
P2 QSpades P3 QClubs P0 2Diamonds P1 3Hearts 
P0 5Clubs P1 5Hearts P2 6Diamonds P3 JDiamonds 
P3 KDiamonds P0 3Diamonds P1 4Diamonds P2 7Diamonds 
P2 JHearts P3 KHearts P0 4Hearts P1 5Diamonds 
P1 QDiamonds P2 KSpades P3 ADiamonds P0 6Hearts 
-- /GAME --
P0 HAND: KDiamonds, 6Diamonds, 2Diamonds, JClubs, 6Clubs, 2Hearts, ASpades, KSpades, JSpades, QSpades.
P1 HAND: ADiamonds, 5Diamonds, 7Clubs, JHearts, 5Hearts, 3Hearts, 6Spades, 4Spades, 3Spades, 2Spades.
P2 HAND: 7Diamonds, 4Diamonds, 3Diamonds, QClubs, 3Clubs, 2Clubs, AHearts, 6Hearts, 4Hearts, 5Spades.
P3 HAND: JDiamonds, QDiamonds, AClubs, KClubs, 5Clubs, 4Clubs, 7Hearts, KHearts, QHearts, 7Spades.
P3 AClubs P0 6Clubs P1 7Clubs P2 2Clubs 
P3 4Clubs P0 JClubs P1 2Spades P2 QClubs 
P0 ASpades P1 3Spades P2 5Spades P3 7Spades 
P0 2Diamonds P1 ADiamonds P2 3Diamonds P3 JDiamonds 
P1 4Spades P2 3Clubs P3 5Clubs P0 KSpades 
P0 QSpades P1 6Spades P2 4Diamonds P3 QDiamonds 
P0 JSpades P1 5Diamonds P2 4Hearts P3 QHearts 
P3 KHearts P0 2Hearts P1 3Hearts P2 6Hearts 
P3 7Hearts P0 KDiamonds P1 5Hearts P2 AHearts 
P2 7Diamonds P3 KClubs P0 6Diamonds P1 JHearts 
-- /GAME --

