-- GAME --
P0 HAND: ADiamonds, KDiamonds, AClubs, KClubs, 3Clubs, 7Hearts, 6Hearts, 4Hearts, JSpades, QSpades.
P1 HAND: JDiamonds, 5Diamonds, 3Diamonds, 7Clubs, 2Clubs, JHearts, 5Hearts, 3Hearts, ASpades, 2Spades.
P2 HAND: QDiamonds, 6Diamonds, 4Diamonds, 2Diamonds, AHearts, QHearts, 2Hearts, 7Spades, 5Spades, 4Spades.
P3 HAND: 7Diamonds, JClubs, QClubs, 6Clubs, 5Clubs, 4Clubs, KHearts, KSpades, 6Spades, 3Spades.
P2 AHearts P3 KHearts P0 7Hearts P1 3Hearts 
P2 2Diamonds P3 7Diamonds P0 ADiamonds P1 3Diamonds 
P0 KDiamonds P1 5Diamonds P2 4Diamonds P3 3Spades 
P0 4Hearts P1 5Hearts P2 2Hearts P3 KSpades 
P1 ASpades P2 4Spades P3 6Spades P0 QSpades 
P1 2Spades P2 5Spades P3 4Clubs P0 JSpades 
P3 5Clubs P0 3Clubs P1 2Clubs P2 6Diamonds 
P3 6Clubs P0 KClubs P1 7Clubs P2 QDiamonds 
P1 JDiamonds P2 QHearts P3 QClubs P0 6Hearts 
P3 JClubs P0 AClubs P1 JHearts P2 7Spades 
-- /GAME --
P0 HAND: 7Diamonds, KDiamonds, QDiamonds, 3Diamonds, AHearts, KHearts, ASpades, KSpades, 6Spades, 5Spades.
P1 HAND: 2Diamonds, QClubs, 3Clubs, 2Clubs, QHearts, 3Hearts, QSpades, 4Spades, 3Spades, 2Spades.
P2 HAND: ADiamonds, 5Diamonds, 4Diamonds, AClubs, KClubs, JClubs, 4Clubs, JHearts, 6Hearts, 7Spades.
P3 HAND: JDiamonds, 6Diamonds, 7Clubs, 6Clubs, 5Clubs, 7Hearts, 5Hearts, 4Hearts, 2Hearts, JSpades.
P1 2Diamonds P2 ADiamonds P3 6Diamonds P0 7Diamonds 
P2 AClubs P3 5Clubs P0 KHearts P1 2Clubs 
P2 4Diamonds P3 JDiamonds P0 KDiamonds P1 2Spades 
P1 3Clubs P2 4Clubs P3 6Clubs P0 3Diamonds 
P3 2Hearts P0 AHearts P1 3Hearts P2 JHearts 
P0 ASpades P1 3Spades P2 7Spades P3 JSpades 
P0 KSpades P1 4Spades P2 KClubs P3 4Hearts 
P0 5Spades P1 QSpades P2 5Diamonds P3 7Clubs 
P1 QClubs P2 JClubs P3 5Hearts P0 QDiamonds 
P2 6Hearts P3 7Hearts P0 6Spades P1 QHearts 
-- /GAME --
P0 HAND: 5Diamonds, 7Clubs, 3Clubs, JHearts, QHearts, 2Hearts, ASpades, KSpades, JSpades, 3Spades.
P1 HAND: 3Diamonds, AClubs, QClubs, 6Clubs, 4Clubs, AHearts, 7Hearts, 6Hearts, 5Hearts, 3Hearts.
P2 HAND: 7Diamonds, KDiamonds, 6Diamonds, 2Clubs, KHearts, 4Hearts, 7Spades, QSpades, 4Spades, 2Spades.
P3 HAND: ADiamonds, JDiamonds, QDiamonds, 4Diamonds, 2Diamonds, KClubs, JClubs, 5Clubs, 6Spades, 5Spades.
P0 ASpades P1 3Diamonds P2 2Spades P3 5Spades 
P0 5Diamonds P1 3Hearts P2 6Diamonds P3 ADiamonds 
P3 2Diamonds P0 JHearts P1 4Clubs P2 7Diamonds 
P2 2Clubs P3 5Clubs P0 7Clubs P1 AClubs 
P1 5Hearts P2 4Hearts P3 4Diamonds P0 QHearts 
P0 2Hearts P1 6Hearts P2 KHearts P3 QDiamonds 
P2 4Spades P3 6Spades P0 KSpades P1 6Clubs 
P0 3Clubs P1 QClubs P2 QSpades P3 JClubs 
P2 7Spades P3 JDiamonds P0 3Spades P1 7Hearts 
P2 KDiamonds P3 KClubs P0 JSpades P1 AHearts 
-- /GAME --
P0 HAND: KDiamonds, QDiamonds, 6Clubs, AHearts, KHearts, 5Hearts, 4Hearts, JSpades, QSpades, 2Spades.
P1 HAND: 7Diamonds, JDiamonds, 6Diamonds, 4Diamonds, 2Diamonds, 7Clubs, KClubs, ASpades, KSpades, 6Spades.
P2 HAND: 5Diamonds, QClubs, 3Clubs, 7Hearts, JHearts, 6Hearts, 2Hearts, 7Spades, 5Spades, 4Spades.
P3 HAND: ADiamonds, 3Diamonds, AClubs, JClubs, 5Clubs, 4Clubs, 2Clubs, QHearts, 3Hearts, 3Spades.
P0 AHearts P1 2Diamonds P2 2Hearts P3 QHearts 
P1 ASpades P2 4Spades P3 3Spades P0 2Spades 
P1 6Spades P2 5Spades P3 2Clubs P0 JSpades 
P0 4Hearts P1 4Diamonds P2 6Hearts P3 3Hearts 
P1 6Diamonds P2 5Diamonds P3 3Diamonds P0 KDiamonds 
P0 6Clubs P1 KClubs P2 3Clubs P3 AClubs 
P3 4Clubs P0 QDiamonds P1 7Clubs P2 QClubs 
P0 QSpades P1 KSpades P2 7Spades P3 ADiamonds 
P3 5Clubs P0 KHearts P1 JDiamonds P2 JHearts 
P1 7Diamonds P2 7Hearts P3 JClubs P0 5Hearts 
-- /GAME --

