-- GAME --
P0 HAND: 6Diamonds, 7Clubs, 6Clubs, 4Clubs, 2Clubs, AHearts, 6Hearts, 4Hearts, 4Spades, 2Spades.
P1 HAND: ADiamonds, 7Diamonds, QDiamonds, 3Diamonds, 5Hearts, 3Hearts, 2Hearts, 7Spades, QSpades, 5Spades.
P2 HAND: JDiamonds, 5Diamonds, 4Diamonds, AClubs, QClubs, KHearts, JHearts, ASpades, KSpades, 6Spades.
P3 HAND: KDiamonds, 2Diamonds, KClubs, JClubs, 5Clubs, 3Clubs, 7Hearts, QHearts, JSpades, 3Spades.
P3 2Diamonds P0 6Diamonds P1 ADiamonds P2 4Diamonds 
P1 3Diamonds P2 5Diamonds P3 KDiamonds P0 2Spades 
P3 3Clubs P0 2Clubs P1 5Spades P2 AClubs 
P2 6Spades P3 3Spades P0 4Spades P1 7Spades 
P1 QDiamonds P2 JDiamonds P3 QHearts P0 4Clubs 
P3 5Clubs P0 6Clubs P1 QSpades P2 QClubs 
P2 JHearts P3 7Hearts P0 AHearts P1 2Hearts 
P0 4Hearts P1 3Hearts P2 KHearts P3 JClubs 
P2 KSpades P3 JSpades P0 6Hearts P1 7Diamonds 
P0 7Clubs P1 5Hearts P2 ASpades P3 KClubs 
-- /GAME --
P0 HAND: JDiamonds, QDiamonds, 3Diamonds, 5Clubs, 4Clubs, 2Clubs, QHearts, 4Hearts, JSpades, 2Spades.
P1 HAND: 7Diamonds, AClubs, KClubs, JClubs, 3Clubs, JHearts, 6Hearts, 3Hearts, QSpades, 5Spades.
P2 HAND: KDiamonds, 6Diamonds, 7Clubs, 6Clubs, AHearts, KHearts, 5Hearts, 2Hearts, KSpades, 6Spades.
P3 HAND: ADiamonds, 5Diamonds, 4Diamonds, 2Diamonds, QClubs, 7Hearts, ASpades, 7Spades, 4Spades, 3Spades.
P2 AHearts P3 7Hearts P0 QHearts P1 3Hearts 
P2 2Hearts P3 2Diamonds P0 4Hearts P1 JHearts 
P1 5Spades P2 6Spades P3 ASpades P0 2Spades 
P3 ADiamonds P0 3Diamonds P1 7Diamonds P2 6Diamonds 
P3 3Spades P0 JSpades P1 QSpades P2 KSpades 
P2 5Hearts P3 4Diamonds P0 QDiamonds P1 6Hearts 
P1 3Clubs P2 6Clubs P3 QClubs P0 2Clubs 
P3 4Spades P0 JDiamonds P1 JClubs P2 7Clubs 
P2 KDiamonds P3 5Diamonds P0 5Clubs P1 KClubs 
P1 AClubs P2 KHearts P3 7Spades P0 4Clubs 
-- /GAME --
P0 HAND: KClubs, JClubs, 5Clubs, AHearts, 7Hearts, QHearts, 2Hearts, KSpades, JSpades, 2Spades.
P1 HAND: 7Diamonds, KDiamonds, JDiamonds, 5Diamonds, 6Clubs, 3Clubs, KHearts, JHearts, 3Hearts, 7Spades.
P2 HAND: ADiamonds, 6Diamonds, 3Diamonds, AClubs, 4Clubs, 6Hearts, 5Hearts, QSpades, 5Spades, 3Spades.
P3 HAND: QDiamonds, 4Diamonds, 2Diamonds, 7Clubs, QClubs, 2Clubs, 4Hearts, ASpades, 6Spades, 4Spades.
P1 3Clubs P2 AClubs P3 2Clubs P0 KClubs 
P2 ADiamonds P3 2Diamonds P0 KSpades P1 5Diamonds 
P2 3Diamonds P3 4Diamonds P0 2Hearts P1 JDiamonds 
P0 2Spades P1 7Spades P2 3Spades P3 ASpades 
P3 4Spades P0 JSpades P1 6Clubs P2 QSpades 
P0 JClubs P1 3Hearts P2 4Clubs P3 7Clubs 
P1 JHearts P2 5Hearts P3 4Hearts P0 QHearts 
P1 KHearts P2 6Hearts P3 6Spades P0 7Hearts 
P0 5Clubs P1 KDiamonds P2 5Spades P3 QClubs 
P3 QDiamonds P0 AHearts P1 7Diamonds P2 6Diamonds 
-- /GAME --
P0 HAND: 7Diamonds, 5Diamonds, QClubs, AHearts, KHearts, 6Hearts, 4Hearts, JSpades, 4Spades, 2Spades.
P1 HAND: QDiamonds, 6Diamonds, 4Diamonds, 3Diamonds, 7Clubs, JClubs, 5Clubs, JHearts, 5Hearts, 2Hearts.
P2 HAND: KDiamonds, JDiamonds, AClubs, 6Clubs, 4Clubs, 2Clubs, QHearts, 7Spades, KSpades, 5Spades.
P3 HAND: ADiamonds, 2Diamonds, KClubs, 3Clubs, 7Hearts, 3Hearts, ASpades, QSpades, 6Spades, 3Spades.
P0 AHearts P1 2Hearts P2 QHearts P3 3Hearts 
P0 QClubs P1 5Clubs P2 AClubs P3 3Clubs 
P2 2Clubs P3 KClubs P0 JSpades P1 JClubs 
P0 KHearts P1 5Hearts P2 4Clubs P3 7Hearts 
P3 ADiamonds P0 5Diamonds P1 QDiamonds P2 JDiamonds 
P3 2Diamonds P0 7Diamonds P1 3Diamonds P2 KDiamonds 
P0 6Hearts P1 JHearts P2 6Clubs P3 3Spades 
P3 6Spades P0 2Spades P1 4Diamonds P2 5Spades 
P3 QSpades P0 4Spades P1 6Diamonds P2 KSpades 
P2 7Spades P3 ASpades P0 4Hearts P1 7Clubs 
-- /GAME --

