-- GAME --
P0 7Clubs P1 5Clubs 
P2 3Clubs P3 2Hearts P0 6Clubs P1 2Diamonds 
P0 QHearts P1 AHearts P2 4Hearts P3 6Hearts 
P1 JHearts P2 KHearts P3 3Hearts P0 JClubs 
P2 QDiamonds P3 ADiamonds P0 6Diamonds P1 7Hearts 
P3 4Diamonds P0 5Diamonds P1 2Spades P2 7Diamonds 
P1 3Spades P2 6Spades P3 7Spades P0 KSpades 
P3 5Hearts P0 3Diamonds P1 4Spades P2 QSpades 
P2 JSpades P3 JDiamonds P0 4Clubs P1 ASpades 
P1 5Spades P2 KClubs P3 KDiamonds P0 2Clubs 
-- /GAME --
P0 HAND: KDiamonds, 3Diamonds, 2Diamonds, 6Clubs, AHearts, 7Hearts, KHearts, JHearts, QSpades, 3Spades.
P1 HAND: 7Diamonds, JDiamonds, 5Diamonds, 4Diamonds, AClubs, JClubs, 2Clubs, QHearts, 6Hearts, 7Spades.
P2 HAND: ADiamonds, 6Diamonds, 3Clubs, 3Hearts, ASpades, KSpades, JSpades, 6Spades, 5Spades, 4Spades.
P3 HAND: QDiamonds, 7Clubs, KClubs, QClubs, 5Clubs, 4Clubs, 5Hearts, 4Hearts, 2Hearts, 2Spades.
P1 AClubs P2 3Clubs P3 7Clubs P0 6Clubs 
P1 2Clubs P2 3Hearts P3 4Clubs P0 3Spades 
P3 2Hearts P0 AHearts P1 6Hearts P2 ASpades 
P0 KDiamonds P1 4Diamonds P2 6Diamonds P3 QDiamonds 
P0 3Diamonds P1 5Diamonds P2 ADiamonds P3 2Spades 
P2 4Spades P3 4Hearts P0 QSpades P1 7Spades 
P1 QHearts P2 5Spades P3 5Hearts P0 7Hearts 
P0 KHearts P1 JDiamonds P2 6Spades P3 KClubs 
P1 JClubs P2 JSpades P3 5Clubs P0 2Diamonds 
P0 JHearts P1 7Diamonds P2 KSpades P3 QClubs 
-- /GAME --
P0 HAND: 6Diamonds, 3Diamonds, 7Clubs, QClubs, 5Clubs, QHearts, 3Hearts, QSpades, 6Spades, 3Spades.
P1 HAND: ADiamonds, QDiamonds, 4Clubs, AHearts, 7Hearts, KHearts, 5Hearts, 4Hearts, KSpades, 4Spades.
P2 HAND: 7Diamonds, KDiamonds, JDiamonds, 5Diamonds, 2Diamonds, KClubs, 3Clubs, JSpades, 5Spades, 2Spades.
P3 HAND: 4Diamonds, AClubs, JClubs, 6Clubs, 2Clubs, JHearts, 6Hearts, 2Hearts, ASpades, 7Spades.
P0 6Diamonds P1 ADiamonds P2 2Diamonds P3 4Diamonds 
P1 4Clubs P2 3Clubs P3 AClubs P0 5Clubs 
P3 ASpades 
