-- GAME --
P0 HAND: KDiamonds, JDiamonds, AClubs, 7Clubs, 4Hearts, 7Spades, KSpades, 6Spades, 5Spades, 4Spades.
P1 HAND: ADiamonds, 2Clubs, AHearts, KHearts, JHearts, QHearts, 5Hearts, JSpades, QSpades, 2Spades.
P2 HAND: 7Diamonds, QDiamonds, 6Diamonds, 5Diamonds, 4Diamonds, 3Diamonds, QClubs, 4Clubs, 6Hearts, ASpades.
P3 HAND: 2Diamonds, KClubs, JClubs, 6Clubs, 5Clubs, 3Clubs, 7Hearts, 3Hearts, 2Hearts, 3Spades.
P3 2Hearts P0 4Hearts P1 AHearts P2 6Hearts 
P1 2Clubs P2 4Clubs P3 3Clubs P0 AClubs 
P0 7Clubs P1 ADiamonds P2 QClubs P3 KClubs 
P1 2Spades P2 ASpades P3 3Spades P0 7Spades 
P2 3Diamonds P3 2Diamonds P0 JDiamonds P1 5Hearts 
P0 KSpades P1 QSpades P2 4Diamonds P3 3Hearts 
P2 5Diamonds P3 5Clubs P0 KDiamonds P1 QHearts 
P0 6Spades P1 JSpades P2 6Diamonds P3 6Clubs 
P2 QDiamonds P3 JClubs P0 4Spades P1 JHearts 
P2 7Diamonds P3 7Hearts P0 5Spades P1 KHearts 
-- /GAME --
P0 HAND: 7Diamonds, JDiamonds, QDiamonds, 6Clubs, 7Hearts, 2Hearts, ASpades, 7Spades, KSpades, 4Spades.
P1 HAND: ADiamonds, KDiamonds, 5Diamonds, 3Diamonds, QClubs, 3Clubs, 2Clubs, KHearts, QSpades, 6Spades.
P2 HAND: 6Diamonds, 4Diamonds, AClubs, 7Clubs, JClubs, 4Clubs, JHearts, JSpades, 5Spades, 2Spades.
P3 HAND: 2Diamonds, KClubs, 5Clubs, AHearts, QHearts, 6Hearts, 5Hearts, 4Hearts, 3Hearts, 3Spades.
P2 AClubs P3 5Clubs P0 6Clubs P1 2Clubs 
P2 2Spades P3 3Spades P0 ASpades P1 6Spades 
P0 2Hearts P1 KHearts P2 JHearts P3 AHearts 
P3 3Hearts P0 7Hearts P1 3Diamonds P2 4Diamonds 
P2 4Clubs P3 KClubs P0 7Diamonds P1 3Clubs 
P0 QDiamonds P1 5Diamonds P2 6Diamonds P3 2Diamonds 
P0 7Spades P1 QSpades P2 JSpades P3 4Hearts 
P0 KSpades P1 QClubs P2 5Spades P3 5Hearts 
P0 4Spades P1 KDiamonds P2 JClubs P3 QHearts 
P1 ADiamonds P2 7Clubs P3 6Hearts P0 JDiamonds 
-- /GAME --
P0 HAND: ADiamonds, AClubs, KClubs, 3Clubs, 2Clubs, JHearts, QHearts, 2Hearts, QSpades, 5Spades.
P1 HAND: 7Diamonds, KDiamonds, 6Diamonds, 4Diamonds, 7Clubs, AHearts, KHearts, 6Hearts, 3Hearts, KSpades.
P2 HAND: 5Diamonds, JClubs, 5Clubs, 4Clubs, 7Hearts, 5Hearts, ASpades, 6Spades, 4Spades, 3Spades.
P3 HAND: JDiamonds, QDiamonds, 3Diamonds, 2Diamonds, QClubs, 6Clubs, 4Hearts, 7Spades, JSpades, 2Spades.
P1 AHearts P2 5Hearts P3 4Hearts P0 2Hearts 
P1 3Hearts P2 7Hearts P3 2Spades P0 QHearts 
P3 2Diamonds P0 ADiamonds P1 4Diamonds P2 5Diamonds 
P0 AClubs P1 7Clubs P2 JClubs P3 6Clubs 
P0 JHearts P1 6Hearts P2 4Clubs P3 3Diamonds 
P0 QSpades P1 KSpades P2 ASpades P3 JSpades 
P2 5Clubs P3 QClubs P0 KClubs P1 6Diamonds 
P0 3Clubs P1 KDiamonds P2 3Spades P3 QDiamonds 
P2 4Spades P3 7Spades P0 5Spades P1 7Diamonds 
P3 JDiamonds P0 2Clubs P1 KHearts P2 6Spades 
-- /GAME --
P0 HAND: 7Diamonds, 4Diamonds, 7Clubs, QClubs, 5Clubs, 4Clubs, KSpades, JSpades, 3Spades, 2Spades.
P1 HAND: 3Diamonds, KClubs, 6Clubs, 7Hearts, JHearts, QHearts, 6Hearts, 3Hearts, ASpades, 4Spades.
P2 HAND: JDiamonds, QDiamonds, 5Diamonds, JClubs, 2Clubs, AHearts, KHearts, 7Spades, QSpades, 5Spades.
P3 HAND: ADiamonds, KDiamonds, 6Diamonds, 2Diamonds, AClubs, 3Clubs, 5Hearts, 4Hearts, 2Hearts, 6Spades.
P0 2Spades P1 ASpades P2 5Spades P3 6Spades 
P1 3Hearts P2 AHearts P3 2Hearts P0 7Clubs 
P2 2Clubs P3 AClubs P0 4Clubs P1 KClubs 
P3 3Clubs P0 QClubs P1 6Clubs P2 JClubs 
P2 QSpades P3 4Hearts P0 KSpades P1 4Spades 
P0 JSpades P1 6Hearts P2 7Spades P3 2Diamonds 
P3 5Hearts P0 3Spades P1 QHearts P2 KHearts 
P2 5Diamonds P3 6Diamonds P0 7Diamonds P1 3Diamonds 
P0 5Clubs P1 JHearts P2 QDiamonds P3 KDiamonds 
P3 ADiamonds P0 4Diamonds P1 7Hearts P2 JDiamonds 
-- /GAME --
P0 HAND: JDiamonds, 6Diamonds, AClubs, 7Clubs, 3Clubs, 5Hearts, 3Hearts, 2Hearts, ASpades, 6Spades.
P1 HAND: 7Diamonds, KDiamonds, 5Diamonds, 6Clubs, AHearts, KHearts, 7Spades, KSpades, 5Spades, 4Spades.
P2 HAND: QDiamonds, 4Diamonds, 3Diamonds, JClubs, QClubs, 4Clubs, 2Clubs, QHearts, JSpades, 2Spades.
P3 HAND: ADiamonds, 2Diamonds, KClubs, 5Clubs, 7Hearts, JHearts, 6Hearts, 4Hearts, QSpades, 3Spades.
P3 3Spades P0 ASpades P1 4Spades P2 JSpades 
P0 AClubs P1 6Clubs P2 JClubs P3 5Clubs 
P0 7Clubs P1 5Diamonds P2 2Clubs P3 KClubs 
P1 AHearts P2 QHearts P3 7Hearts P0 2Hearts 
P1 5Spades P2 2Spades P3 QSpades P0 6Spades 
P3 4Hearts P0 3Hearts P1 KHearts P2 4Clubs 
P1 KDiamonds P2 3Diamonds P3 2Diamonds P0 6Diamonds 
P1 7Diamonds P2 4Diamonds P3 ADiamonds P0 JDiamonds 
P3 6Hearts P0 5Hearts P1 KSpades P2 QClubs 
P3 JHearts P0 3Clubs P1 7Spades P2 QDiamonds 
-- /GAME --
P0 HAND: 6Diamonds, QClubs, 2Clubs, 7Hearts, JHearts, 6Hearts, 7Spades, QSpades, 5Spades, 2Spades.
P1 HAND: 3Diamonds, KClubs, 6Clubs, 5Clubs, 4Clubs, KHearts, 5Hearts, 3Hearts, KSpades, 4Spades.
P2 HAND: ADiamonds, 2Diamonds, JClubs, 3Clubs, AHearts, QHearts, 4Hearts, 2Hearts, ASpades, 6Spades.
P3 HAND: 7Diamonds, KDiamonds, JDiamonds, QDiamonds, 5Diamonds, 4Diamonds, AClubs, 7Clubs, JSpades, 3Spades.
P2 ADiamonds P3 4Diamonds P0 6Diamonds P1 3Diamonds 
P2 AHearts P3 3Spades P0 6Hearts P1 KHearts 
P3 AClubs P0 2Clubs P1 KClubs P2 3Clubs 
P3 5Diamonds P0 QClubs P1 3Hearts P2 2Diamonds 
P3 QDiamonds P0 JHearts P1 4Spades P2 6Spades 
P2 2Hearts P3 JSpades P0 7Hearts P1 5Hearts 
P3 JDiamonds P0 QSpades P1 KSpades P2 ASpades 
P2 4Hearts P3 KDiamonds P0 2Spades P1 4Clubs 
P0 5Spades P1 5Clubs P2 QHearts P3 7Diamonds 
P0 7Spades P1 6Clubs P2 JClubs P3 7Clubs 
-- /GAME --
P0 HAND: 7Clubs, KClubs, 7Hearts, QHearts, 6Hearts, 3Hearts, ASpades, 7Spades, JSpades, 5Spades.
P1 HAND: 6Diamonds, 4Diamonds, 3Diamonds, JClubs, QClubs, AHearts, JHearts, 5Hearts, 4Hearts, QSpades.
P2 HAND: 7Diamonds, KDiamonds, 5Diamonds, 2Diamonds, AClubs, 6Clubs, 4Clubs, 2Hearts, KSpades, 2Spades.
P3 HAND: ADiamonds, JDiamonds, QDiamonds, 5Clubs, 3Clubs, 2Clubs, KHearts, 6Spades, 4Spades, 3Spades.
P2 AClubs P3 2Clubs P0 7Clubs P1 QClubs 
P2 2Hearts P3 KHearts P0 3Hearts P1 AHearts 
P1 4Hearts P2 2Spades P3 3Clubs P0 7Hearts 
P0 ASpades P1 QSpades P2 KSpades P3 3Spades 
P0 KClubs P1 JClubs P2 4Clubs P3 5Clubs 
P0 QHearts P1 5Hearts P2 6Clubs P3 4Spades 
P0 6Hearts P1 JHearts P2 2Diamonds P3 6Spades 
P2 5Diamonds P3 QDiamonds P0 5Spades P1 3Diamonds 
P3 JDiamonds P0 JSpades P1 4Diamonds P2 KDiamonds 
P2 7Diamonds P3 ADiamonds P0 7Spades P1 6Diamonds 
-- /GAME --
P0 HAND: 7Diamonds, QDiamonds, 3Clubs, AHearts, 7Hearts, KHearts, 5Hearts, QSpades, 5Spades, 3Spades.
P1 HAND: ADiamonds, 6Diamonds, 5Diamonds, 4Diamonds, 3Diamonds, QClubs, JHearts, 3Hearts, 2Hearts, 6Spades.
P2 HAND: KDiamonds, JDiamonds, AClubs, 7Clubs, JClubs, QHearts, 4Hearts, 7Spades, JSpades, 4Spades.
P3 HAND: 2Diamonds, KClubs, 6Clubs, 5Clubs, 4Clubs, 2Clubs, 6Hearts, ASpades, KSpades, 2Spades.
P1 2Hearts P2 4Hearts 
