-- GAME --
P0 HAND: AClubs, KClubs, JClubs, 6Hearts, 5Hearts, 4Hearts, KSpades, QSpades, 4Spades, 3Spades.
P1 HAND: 7Diamonds, KDiamonds, 5Diamonds, 7Clubs, AHearts, 7Hearts, JHearts, 3Hearts, ASpades, 5Spades.
P2 HAND: QDiamonds, 6Diamonds, 4Diamonds, 3Diamonds, 5Clubs, 3Clubs, QHearts, 2Hearts, JSpades, 2Spades.
P3 HAND: ADiamonds, JDiamonds, 2Diamonds, QClubs, 6Clubs, 4Clubs, 2Clubs, KHearts, 7Spades, 6Spades.
P1 AHearts P2 2Hearts P3 KHearts P0 4Hearts 
P1 3Hearts P2 QHearts P3 2Diamonds P0 6Hearts 
P2 3Diamonds P3 ADiamonds P0 KClubs P1 7Diamonds 
P3 2Clubs P0 AClubs P1 7Clubs P2 5Clubs 
P0 JClubs P1 5Diamonds P2 3Clubs P3 4Clubs 
P0 5Hearts P1 JHearts P2 4Diamonds P3 JDiamonds 
P1 5Spades P2 2Spades P3 6Spades P0 QSpades 
P0 KSpades P1 ASpades P2 JSpades P3 7Spades 
P1 KDiamonds P2 6Diamonds P3 6Clubs P0 4Spades 
P0 3Spades P1 7Hearts P2 QDiamonds P3 QClubs 
-- /GAME --
P0 HAND: 3Diamonds, AClubs, JClubs, QClubs, AHearts, KHearts, QHearts, 6Hearts, 5Hearts, 4Spades.
P1 HAND: ADiamonds, QDiamonds, 6Diamonds, KClubs, 4Hearts, 3Hearts, 2Hearts, 7Spades, JSpades, 2Spades.
P2 HAND: KDiamonds, JDiamonds, 4Diamonds, 4Clubs, 3Clubs, 7Hearts, JHearts, ASpades, QSpades, 5Spades.
P3 HAND: 7Diamonds, 5Diamonds, 2Diamonds, 7Clubs, 6Clubs, 5Clubs, 2Clubs, KSpades, 6Spades, 3Spades.
P0 3Diamonds P1 6Diamonds P2 4Diamonds P3 2Diamonds 
P1 2Hearts P2 JHearts P3 2Clubs P0 KHearts 
P0 AHearts P1 3Hearts P2 7Hearts P3 5Diamonds 
P3 3Spades P0 4Spades P1 2Spades P2 ASpades 
P2 3Clubs P3 5Clubs P0 AClubs P1 KClubs 
P0 QHearts P1 4Hearts P2 4Clubs P3 6Clubs 
P0 JClubs P1 QDiamonds P2 JDiamonds P3 7Clubs 
P2 5Spades P3 6Spades P0 QClubs P1 7Spades 
P1 JSpades P2 QSpades P3 KSpades P0 6Hearts 
P3 7Diamonds P0 5Hearts P1 ADiamonds P2 KDiamonds 
-- /GAME --

