-- GAME --
P0 HAND: KDiamonds, QDiamonds, 2Diamonds, 5Clubs, 3Clubs, KHearts, 7Spades, KSpades, 3Spades, 2Spades.
P1 HAND: 3Diamonds, AClubs, JClubs, 2Clubs, 7Hearts, JHearts, 3Hearts, JSpades, 6Spades, 4Spades.
P2 HAND: 7Diamonds, JDiamonds, 5Diamonds, 4Diamonds, 7Clubs, KClubs, QHearts, 6Hearts, 5Hearts, QSpades.
P3 HAND: ADiamonds, 6Diamonds, QClubs, 6Clubs, 4Clubs, AHearts, 4Hearts, 2Hearts, ASpades, 5Spades.
P2 4Diamonds P3 ADiamonds P0 2Diamonds P1 3Diamonds 
P3 ASpades P0 2Spades P1 JSpades P2 QSpades 
P3 4Clubs P0 3Clubs P1 AClubs P2 KClubs 
P1 2Clubs P2 7Clubs P3 6Clubs P0 5Clubs 
P2 5Diamonds P3 6Diamonds P0 KDiamonds P1 4Spades 
P0 QDiamonds P1 6Spades P2 JDiamonds P3 2Hearts 
P3 5Spades P0 7Spades P1 3Hearts P2 5Hearts 
P2 6Hearts P3 4Hearts P0 KHearts P1 JHearts 
P0 KSpades P1 7Hearts P2 7Diamonds P3 QClubs 
P1 JClubs P2 QHearts P3 AHearts P0 3Spades 
-- /GAME --
P0 HAND: JClubs, QClubs, 4Clubs, 2Clubs, KHearts, 5Hearts, ASpades, KSpades, JSpades, 2Spades.
P1 HAND: 7Diamonds, 4Diamonds, 3Diamonds, 3Clubs, AHearts, 7Hearts, QHearts, 6Hearts, 3Hearts, 5Spades.
P2 HAND: ADiamonds, AClubs, 7Clubs, JHearts, 4Hearts, 7Spades, QSpades, 6Spades, 4Spades, 3Spades.
P3 HAND: KDiamonds, JDiamonds, QDiamonds, 6Diamonds, 5Diamonds, 2Diamonds, KClubs, 6Clubs, 5Clubs, 2Hearts.
P1 3Diamonds P2 ADiamonds P3 2Diamonds P0 KHearts 
P2 3Spades P3 2Hearts P0 KSpades P1 5Spades 
P0 5Hearts P1 3Hearts P2 4Hearts P3 5Diamonds 
P0 2Clubs P1 3Clubs P2 7Clubs P3 5Clubs 
P2 4Spades P3 6Diamonds P0 2Spades P1 4Diamonds 
P2 6Spades P3 QDiamonds P0 JSpades P1 6Hearts 
P0 4Clubs P1 QHearts P2 AClubs P3 6Clubs 
P2 QSpades P3 KClubs P0 ASpades P1 AHearts 
P3 JDiamonds P0 QClubs P1 7Diamonds P2 7Spades 
P0 JClubs P1 7Hearts P2 JHearts P3 KDiamonds 
-- /GAME --
P0 HAND: ADiamonds, 6Diamonds, JClubs, QClubs, 5Clubs, 4Clubs, 2Hearts, JSpades, 4Spades, 3Spades.
P1 HAND: 7Diamonds, 4Diamonds, 3Diamonds, AClubs, KClubs, QHearts, 7Spades, 6Spades, 5Spades, 2Spades.
P2 HAND: KDiamonds, JDiamonds, QDiamonds, 5Diamonds, 2Diamonds, 3Clubs, 2Clubs, JHearts, 6Hearts, 4Hearts.
P3 HAND: 7Clubs, 6Clubs, AHearts, 7Hearts, KHearts, 5Hearts, 3Hearts, ASpades, KSpades, QSpades.
P0 4Spades P1 2Spades P2 2Diamonds P3 ASpades 
P3 6Clubs P0 4Clubs P1 AClubs P2 2Clubs 
P1 3Diamonds P2 5Diamonds P3 QSpades P0 ADiamonds 
P0 3Spades P1 5Spades P2 3Clubs P3 KSpades 
P3 3Hearts P0 2Hearts P1 QHearts P2 4Hearts 
P1 4Diamonds P2 QDiamonds P3 5Hearts P0 6Diamonds 
P3 KHearts P0 5Clubs P1 6Spades P2 6Hearts 
P3 7Hearts P0 QClubs P1 KClubs P2 JHearts 
P3 AHearts P0 JSpades P1 7Diamonds P2 JDiamonds 
P3 7Clubs P0 JClubs P1 7Spades P2 KDiamonds 
-- /GAME --
P0 HAND: KDiamonds, QDiamonds, 6Diamonds, 5Diamonds, 2Diamonds, JHearts, 5Hearts, JSpades, 4Spades, 3Spades.
P1 HAND: JDiamonds, 3Diamonds, KClubs, QClubs, AHearts, QHearts, 6Hearts, 6Spades, 5Spades, 2Spades.
P2 HAND: ADiamonds, 7Diamonds, AClubs, 7Clubs, 4Clubs, 4Hearts, 3Hearts, 2Hearts, ASpades, KSpades.
P3 HAND: 4Diamonds, JClubs, 6Clubs, 5Clubs, 3Clubs, 2Clubs, 7Hearts, KHearts, 7Spades, QSpades.
P3 4Diamonds P0 2Diamonds P1 3Diamonds P2 ADiamonds 
P2 ASpades P3 QSpades P0 JSpades P1 2Spades 
P2 2Hearts P3 KHearts P0 5Hearts P1 AHearts 
P1 5Spades P2 KSpades P3 7Spades P0 3Spades 
P3 2Clubs P0 4Spades P1 QClubs P2 4Clubs 
P1 6Hearts P2 3Hearts P3 7Hearts P0 JHearts 
P3 3Clubs P0 5Diamonds P1 KClubs P2 7Clubs 
P2 4Hearts P3 5Clubs P0 6Diamonds P1 QHearts 
P3 6Clubs P0 QDiamonds P1 6Spades P2 AClubs 
P2 7Diamonds P3 JClubs P0 KDiamonds P1 JDiamonds 
-- /GAME --
P0 HAND: 7Diamonds, AClubs, JClubs, QClubs, 3Clubs, 7Hearts, JHearts, QSpades, 4Spades, 3Spades.
P1 HAND: ADiamonds, JDiamonds, 5Diamonds, 4Diamonds, KClubs, 2Clubs, ASpades, JSpades, 5Spades, 2Spades.
P2 HAND: KDiamonds, QDiamonds, 6Diamonds, 7Clubs, 6Clubs, 5Clubs, 4Clubs, QHearts, 3Hearts, 2Hearts.
P3 HAND: 3Diamonds, 2Diamonds, AHearts, KHearts, 6Hearts, 5Hearts, 4Hearts, 7Spades, KSpades, 6Spades.

