-- GAME --
P3 KClubs P0 3Hearts 
P1 7Clubs P2 KHearts P3 7Hearts P0 JHearts 
-- /GAME --
P0 HAND: JDiamonds, QDiamonds, 3Diamonds, KClubs, 4Clubs, 7Hearts, 4Hearts, KSpades, 5Spades, 3Spades.
P1 HAND: ADiamonds, 7Diamonds, KDiamonds, JClubs, 2Clubs, KHearts, JHearts, 5Hearts, 2Hearts, 7Spades.
P2 HAND: 6Diamonds, 4Diamonds, 2Diamonds, 5Clubs, AHearts, QHearts, JSpades, 6Spades, 4Spades, 2Spades.
P3 HAND: 5Diamonds, AClubs, 7Clubs, QClubs, 6Clubs, 3Clubs, 6Hearts, 3Hearts, ASpades, QSpades.
P2 2Diamonds P3 5Diamonds P0 3Diamonds P1 ADiamonds 
P1 2Clubs P2 5Clubs P3 AClubs P0 4Clubs 
P3 ASpades P0 3Spades P1 7Spades P2 2Spades 
P3 3Clubs P0 KClubs P1 JClubs P2 JSpades 
P0 KSpades P1 2Hearts P2 4Spades P3 QSpades 
P1 5Hearts P2 QHearts P3 3Hearts P0 7Hearts 
P0 5Spades P1 JHearts P2 6Spades P3 7Clubs 
P1 KHearts P2 AHearts P3 6Hearts P0 4Hearts 
P2 4Diamonds P3 6Clubs P0 QDiamonds P1 7Diamonds 
P1 KDiamonds P2 6Diamonds P3 QClubs P0 JDiamonds 
-- /GAME --
P0 HAND: ADiamonds, 7Diamonds, 4Diamonds, 2Diamonds, 7Clubs, JClubs, 2Clubs, JHearts, JSpades, 2Spades.
P1 HAND: KDiamonds, 5Diamonds, AClubs, 6Clubs, 4Clubs, KHearts, 6Hearts, 7Spades, QSpades, 6Spades.
P2 HAND: JDiamonds, 6Diamonds, 3Diamonds, QClubs, 5Clubs, AHearts, 7Hearts, 5Hearts, 4Hearts, 4Spades.
P3 HAND: QDiamonds, KClubs, 3Clubs, QHearts, 3Hearts, 2Hearts, ASpades, KSpades, 5Spades, 3Spades.
P1 AClubs P2 5Clubs P3 KClubs P0 2Clubs 
P1 4Clubs P2 QClubs P3 3Clubs P0 7Clubs 
P0 ADiamonds P1 5Diamonds P2 JDiamonds P3 QDiamonds 
P0 7Diamonds P1 KDiamonds P2 6Diamonds P3 2Hearts 
P3 ASpades P0 2Spades P1 7Spades P2 4Spades 
P3 3Spades P0 JSpades P1 6Spades P2 3Diamonds 
P0 JClubs P1 6Clubs P2 4Hearts P3 5Spades 
P2 5Hearts P3 3Hearts P0 JHearts P1 6Hearts 
P0 4Diamonds P1 QSpades P2 7Hearts P3 KSpades 
P2 AHearts P3 QHearts P0 2Diamonds P1 KHearts 
-- /GAME --
P0 HAND: 6Diamonds, 5Diamonds, JClubs, 5Clubs, 4Clubs, 2Clubs, AHearts, QHearts, 2Hearts, 5Spades.
P1 HAND: 7Clubs, 7Hearts, KHearts, JHearts, 6Hearts, 4Hearts, KSpades, QSpades, 6Spades, 4Spades.
P2 HAND: ADiamonds, KDiamonds, JDiamonds, AClubs, 3Clubs, 5Hearts, 3Hearts, ASpades, 7Spades, 2Spades.
P3 HAND: 7Diamonds, QDiamonds, 4Diamonds, 3Diamonds, 2Diamonds, KClubs, QClubs, 6Clubs, JSpades, 3Spades.
P0 AHearts P1 4Hearts P2 5Hearts P3 3Spades 
P3 2Diamonds P0 6Diamonds P1 6Hearts P2 ADiamonds 
P2 AClubs P3 6Clubs P0 JClubs P1 7Clubs 
P2 3Clubs P3 QClubs P0 5Clubs P1 7Hearts 
P3 3Diamonds P0 5Diamonds P1 4Spades P2 JDiamonds 
P1 JHearts P2 3Hearts P3 4Diamonds P0 2Hearts 
P1 6Spades P2 2Spades P3 JSpades P0 5Spades 
P3 QDiamonds P0 4Clubs P1 QSpades P2 KDiamonds 
P1 KSpades P2 7Spades P3 KClubs P0 QHearts 
P2 ASpades P3 7Diamonds P0 2Clubs P1 KHearts 
-- /GAME --
P0 HAND: KDiamonds, 5Diamonds, 4Diamonds, 3Diamonds, 3Clubs, 2Clubs, AHearts, QHearts, 6Spades, 2Spades.
P1 HAND: 7Diamonds, QDiamonds, KClubs, 7Hearts, KHearts, 5Hearts, 3Hearts, 2Hearts, ASpades, 7Spades.
P2 HAND: 6Diamonds, 2Diamonds, 7Clubs, JClubs, QClubs, 6Clubs, 4Clubs, KSpades, 5Spades, 4Spades.
P3 HAND: ADiamonds, JDiamonds, AClubs, 5Clubs, JHearts, 6Hearts, 4Hearts, JSpades, QSpades, 3Spades.
P3 ADiamonds P0 4Diamonds P1 7Diamonds P2 2Diamonds 
P3 AClubs P0 3Clubs P1 KClubs P2 4Clubs 
P3 4Hearts P0 QHearts P1 2Hearts P2 7Clubs 
P0 AHearts P1 3Hearts P2 JClubs P3 6Hearts 
P0 2Clubs P1 5Hearts P2 6Clubs P3 5Clubs 
P2 6Diamonds P3 JDiamonds P0 KDiamonds P1 QDiamonds 
P0 5Diamonds P1 7Spades P2 QClubs P3 JHearts 
P1 ASpades P2 4Spades P3 3Spades P0 2Spades 
P1 KHearts P2 5Spades P3 QSpades P0 3Diamonds 
P3 JSpades P0 6Spades P1 7Hearts P2 KSpades 
-- /GAME --
P0 HAND: QDiamonds, 2Diamonds, AClubs, 7Clubs, 2Clubs, AHearts, 7Hearts, KHearts, QHearts, ASpades.
P1 HAND: 5Diamonds, 4Diamonds, 3Diamonds, 5Clubs, 4Clubs, 6Hearts, 5Hearts, 4Hearts, 2Hearts, 2Spades.
P2 HAND: ADiamonds, 7Diamonds, KDiamonds, JDiamonds, KClubs, QClubs, 3Hearts, 7Spades, KSpades, 4Spades.
P3 HAND: 6Diamonds, JClubs, 6Clubs, 3Clubs, JHearts, JSpades, QSpades, 6Spades, 5Spades, 3Spades.
P2 ADiamonds P3 6Diamonds P0 QDiamonds P1 3Diamonds 
P2 4Spades P3 3Spades P0 ASpades P1 2Spades 
P0 AClubs P1 4Clubs P2 KClubs P3 3Clubs 
P0 7Clubs P1 5Clubs P2 QClubs P3 6Clubs 
P0 2Clubs P1 4Diamonds P2 3Hearts P3 JClubs 
P2 JDiamonds P3 5Spades P0 2Diamonds P1 5Diamonds 
P2 KDiamonds P3 6Spades P0 QHearts P1 2Hearts 
P0 AHearts P1 4Hearts P2 7Diamonds P3 JHearts 
P0 7Hearts P1 5Hearts P2 7Spades P3 QSpades 
P0 KHearts P1 6Hearts P2 KSpades P3 JSpades 
-- /GAME --
P0 HAND: QDiamonds, AClubs, JClubs, AHearts, JHearts, 4Hearts, ASpades, QSpades, 4Spades, 2Spades.
P1 HAND: ADiamonds, 3Diamonds, KClubs, 6Clubs, 5Clubs, 4Clubs, 2Clubs, 7Hearts, 5Hearts, 5Spades.
P2 HAND: 7Diamonds, 4Diamonds, 2Diamonds, 3Clubs, QHearts, 3Hearts, 7Spades, KSpades, JSpades, 6Spades.
P3 HAND: KDiamonds, JDiamonds, 6Diamonds, 5Diamonds, 7Clubs, QClubs, KHearts, 6Hearts, 2Hearts, 3Spades.
P1 ADiamonds P2 2Diamonds P3 KDiamonds P0 QDiamonds 
P1 2Clubs P2 3Clubs P3 QClubs P0 JClubs 
P0 4Hearts P1 5Hearts P2 3Hearts P3 2Hearts 
P1 3Diamonds P2 4Diamonds P3 5Diamonds P0 4Spades 
P3 3Spades P0 QSpades P1 5Spades P2 7Spades 
P2 6Spades P3 6Diamonds P0 ASpades P1 7Hearts 
P1 4Clubs P2 QHearts P3 7Clubs P0 AClubs 
P2 JSpades P3 6Hearts P0 2Spades P1 KClubs 
P3 JDiamonds P0 JHearts P1 5Clubs P2 7Diamonds 
P0 AHearts P1 6Clubs P2 KSpades P3 KHearts 
-- /GAME --
P0 HAND: KDiamonds, 4Diamonds, JClubs, QClubs, 6Clubs, KHearts, JHearts, 5Hearts, 4Hearts, JSpades.
P1 HAND: ADiamonds, 7Diamonds, 3Diamonds, 5Clubs, QHearts, 6Hearts, 7Spades, KSpades, 3Spades, 2Spades.
P2 HAND: 5Diamonds, 2Diamonds, AClubs, 4Clubs, 2Clubs, 3Hearts, 2Hearts, ASpades, 6Spades, 5Spades.
P3 HAND: JDiamonds, QDiamonds, 6Diamonds, 7Clubs, KClubs, 3Clubs, AHearts, 7Hearts, QSpades, 4Spades.
P0 JSpades P1 2Spades P2 ASpades P3 4Spades 
P2 AClubs P3 3Clubs P0 JClubs P1 5Clubs 
P2 2Clubs P3 KClubs P0 6Clubs P1 7Spades 
P3 AHearts P0 4Hearts P1 QHearts P2 2Hearts 
P3 QSpades P0 4Diamonds P1 3Spades P2 6Spades 
P0 QClubs P1 6Hearts P2 4Clubs P3 7Clubs 
P3 6Diamonds P0 KDiamonds P1 3Diamonds P2 2Diamonds 
P0 JHearts P1 7Diamonds P2 3Hearts P3 7Hearts 
P1 ADiamonds P2 5Diamonds P3 QDiamonds P0 5Hearts 
P1 KSpades P2 5Spades P3 JDiamonds P0 KHearts 
-- /GAME --
P0 HAND: KDiamonds, JDiamonds, 4Diamonds, 3Diamonds, 2Diamonds, AClubs, 2Clubs, ASpades, 6Spades, 2Spades.
P1 HAND: JClubs, 5Clubs, 4Clubs, JHearts, 6Hearts, 3Hearts, 7Spades, KSpades, QSpades, 4Spades.
P2 HAND: ADiamonds, 5Diamonds, 7Clubs, 6Clubs, AHearts, 7Hearts, KHearts, 5Hearts, JSpades, 3Spades.
P3 HAND: 7Diamonds, QDiamonds, 6Diamonds, KClubs, QClubs, 3Clubs, QHearts, 4Hearts, 2Hearts, 5Spades.
P3 2Hearts P0 2Clubs P1 3Hearts P2 AHearts 
P2 3Spades P3 5Spades P0 6Spades P1 7Spades 
P1 4Clubs P2 6Clubs P3 3Clubs P0 AClubs 
P0 JDiamonds P1 4Spades P2 5Diamonds P3 6Diamonds 
P0 2Diamonds P1 5Clubs P2 ADiamonds P3 QDiamonds 
P2 5Hearts P3 4Hearts P0 2Spades P1 JHearts 
P1 6Hearts P2 KHearts P3 QHearts P0 ASpades 
P2 JSpades P3 QClubs P0 3Diamonds P1 QSpades 
P0 KDiamonds P1 JClubs P2 7Clubs P3 7Diamonds 
P3 KClubs P0 4Diamonds P1 KSpades P2 7Hearts 
-- /GAME --
P0 HAND: KDiamonds, QDiamonds, 3Diamonds, 2Diamonds, AClubs, QClubs, 6Clubs, 2Hearts, QSpades, 5Spades.
P1 HAND: ADiamonds, 6Diamonds, 5Diamonds, 7Clubs, 3Clubs, 7Hearts, JHearts, 5Hearts, ASpades, 3Spades.
P2 HAND: 7Diamonds, JDiamonds, KClubs, JClubs, 4Clubs, KHearts, 6Hearts, 3Hearts, 7Spades, KSpades.
P3 HAND: 4Diamonds, 5Clubs, 2Clubs, AHearts, QHearts, 4Hearts, JSpades, 6Spades, 4Spades, 2Spades.
P2 3Hearts P3 AHearts P0 2Hearts P1 7Hearts 
P3 2Clubs P0 6Clubs P1 3Clubs P2 KClubs 
P2 4Clubs P3 5Clubs P0 AClubs P1 7Clubs 
P0 QClubs P1 5Diamonds P2 JClubs P3 2Spades 
P3 4Diamonds P0 3Diamonds P1 ADiamonds P2 JDiamonds 
P1 5Hearts P2 6Hearts P3 4Hearts P0 KDiamonds 
P2 KSpades P3 4Spades P0 5Spades P1 3Spades 
P2 7Spades P3 6Spades P0 QSpades P1 ASpades 
P1 6Diamonds P2 7Diamonds P3 JSpades P0 2Diamonds 
P3 QHearts P0 QDiamonds P1 JHearts P2 KHearts 
-- /GAME --
P0 HAND: 7Diamonds, QDiamonds, 5Diamonds, JClubs, 6Clubs, 6Hearts, 2Hearts, KSpades, 6Spades, 4Spades.
P1 HAND: 4Diamonds, 2Diamonds, AClubs, KClubs, 5Clubs, AHearts, 7Hearts, KHearts, QHearts, 3Hearts.
P2 HAND: ADiamonds, KDiamonds, JDiamonds, 6Diamonds, QClubs, 4Clubs, 3Clubs, JHearts, 3Spades, 2Spades.
P3 HAND: 3Diamonds, 7Clubs, 2Clubs, 5Hearts, 4Hearts, ASpades, 7Spades, JSpades, QSpades, 5Spades.
P1 AClubs P2 3Clubs P3 7Clubs P0 6Clubs 
P1 2Diamonds P2 ADiamonds P3 3Diamonds P0 QDiamonds 
P2 4Clubs P3 2Clubs P0 JClubs P1 KClubs 
P1 3Hearts P2 JHearts P3 4Hearts P0 6Hearts 
P2 6Diamonds P3 5Hearts P0 7Diamonds P1 4Diamonds 
P0 5Diamonds P1 5Clubs P2 JDiamonds P3 5Spades 
P3 QSpades P0 KSpades P1 QHearts P2 2Spades 
P0 2Hearts P1 KHearts P2 QClubs P3 JSpades 
P3 7Spades P0 4Spades P1 7Hearts P2 3Spades 
P3 ASpades P0 6Spades P1 AHearts P2 KDiamonds 
-- /GAME --
P0 HAND: KDiamonds, 7Clubs, JClubs, QClubs, 6Clubs, 2Clubs, 7Spades, JSpades, 4Spades, 2Spades.
P1 HAND: ADiamonds, JDiamonds, QDiamonds, 5Diamonds, 3Clubs, QHearts, 3Hearts, 2Hearts, KSpades, 5Spades.
P2 HAND: 7Diamonds, 6Diamonds, 4Diamonds, 3Diamonds, KClubs, 5Clubs, 4Clubs, 6Hearts, ASpades, QSpades.
P3 HAND: 2Diamonds, AClubs, AHearts, 7Hearts, KHearts, JHearts, 5Hearts, 4Hearts, 6Spades, 3Spades.
P0 KDiamonds P1 ADiamonds P2 3Diamonds P3 2Diamonds 
P1 2Hearts P2 6Hearts P3 AHearts P0 7Spades 
P0 2Spades P1 5Spades P2 QSpades P3 3Spades 
P2 4Diamonds P3 4Hearts P0 2Clubs P1 JDiamonds 
P1 3Clubs P2 4Clubs P3 AClubs P0 6Clubs 
P3 5Hearts P0 QClubs P1 3Hearts P2 5Clubs 
P3 JHearts P0 4Spades P1 QHearts P2 7Diamonds 
P0 JClubs P1 5Diamonds P2 KClubs P3 6Spades 
P3 KHearts P0 JSpades P1 KSpades P2 ASpades 
P2 6Diamonds P3 7Hearts P0 7Clubs P1 QDiamonds 
-- /GAME --
P0 HAND: QDiamonds, 6Diamonds, 4Diamonds, 7Clubs, KClubs, 2Clubs, KSpades, QSpades, 6Spades, 4Spades.
P1 HAND: 7Diamonds, KDiamonds, QClubs, 6Clubs, KHearts, 6Hearts, 5Hearts, 3Hearts, 5Spades, 2Spades.
P2 HAND: JDiamonds, 3Diamonds, AClubs, JClubs, 5Clubs, 3Clubs, JHearts, QHearts, ASpades, 7Spades.
P3 HAND: ADiamonds, 5Diamonds, 2Diamonds, 4Clubs, AHearts, 7Hearts, 4Hearts, 2Hearts, JSpades, 3Spades.
P3 ADiamonds P0 4Diamonds P1 7Diamonds P2 3Diamonds 
P3 AHearts P0 7Clubs P1 3Hearts P2 JHearts 
P0 6Diamonds P1 KDiamonds P2 JDiamonds P3 5Diamonds 
P1 2Spades P2 ASpades P3 3Spades P0 KSpades 
P2 QHearts P3 2Hearts P0 2Clubs P1 5Hearts 
P0 QSpades P1 5Spades P2 7Spades P3 JSpades 
P2 3Clubs P3 4Clubs P0 KClubs P1 6Clubs 
P0 6Spades P1 6Hearts P2 5Clubs P3 2Diamonds 
P2 JClubs P3 4Hearts P0 4Spades P1 QClubs 
P2 AClubs P3 7Hearts P0 QDiamonds P1 KHearts 
-- /GAME --
P0 HAND: ADiamonds, 3Diamonds, 5Clubs, KHearts, 6Hearts, 3Hearts, 7Spades, JSpades, QSpades, 4Spades.
P1 HAND: AClubs, 7Clubs, KClubs, JClubs, 6Clubs, 7Hearts, QHearts, 5Hearts, 4Hearts, 2Spades.
P2 HAND: KDiamonds, JDiamonds, QDiamonds, 6Diamonds, 5Diamonds, 4Diamonds, 3Clubs, AHearts, JHearts, 6Spades.
P3 HAND: 7Diamonds, 2Diamonds, QClubs, 4Clubs, 2Clubs, 2Hearts, ASpades, KSpades, 5Spades, 3Spades.
P0 5Clubs P1 AClubs P2 3Clubs P3 QClubs 
P1 4Hearts P2 AHearts P3 2Hearts P0 KHearts 
P2 4Diamonds P3 2Diamonds P0 ADiamonds P1 2Spades 
P1 5Hearts P2 JHearts P3 2Clubs P0 6Hearts 
P2 5Diamonds P3 7Diamonds P0 3Diamonds P1 7Clubs 
P3 4Clubs P0 3Hearts P1 6Clubs P2 6Diamonds 
P1 QHearts P2 QDiamonds P3 3Spades P0 7Spades 
P0 QSpades P1 JClubs P2 6Spades P3 KSpades 
P3 5Spades P0 JSpades P1 KClubs P2 KDiamonds 
P0 4Spades P1 7Hearts P2 JDiamonds P3 ASpades 
-- /GAME --
P0 HAND: KDiamonds, JDiamonds, 2Diamonds, 7Clubs, 6Clubs, 5Clubs, 6Hearts, 2Hearts, JSpades, 2Spades.
P1 HAND: 7Diamonds, KClubs, JClubs, QClubs, AHearts, 7Hearts, QHearts, KSpades, 6Spades, 3Spades.
P2 HAND: ADiamonds, 5Diamonds, 3Diamonds, AClubs, 2Clubs, KHearts, 3Hearts, ASpades, QSpades, 4Spades.
P3 HAND: QDiamonds, 6Diamonds, 4Diamonds, 4Clubs, 3Clubs, JHearts, 5Hearts, 4Hearts, 7Spades, 5Spades.
P3 3Clubs P0 6Clubs P1 QClubs P2 AClubs 
P2 ASpades P3 5Spades P0 JSpades P1 3Spades 
P2 2Clubs P3 4Clubs P0 5Clubs P1 KClubs 
P1 AHearts P2 3Hearts P3 JHearts P0 6Hearts 
P1 6Spades P2 4Spades P3 7Spades P0 2Spades 
P3 4Hearts P0 2Hearts P1 7Hearts P2 KHearts 
P1 QHearts P2 QSpades P3 5Hearts P0 KDiamonds 
P0 2Diamonds P1 7Diamonds P2 ADiamonds P3 4Diamonds 
P2 3Diamonds P3 6Diamonds P0 JDiamonds P1 JClubs 
P0 7Clubs P1 KSpades P2 5Diamonds P3 QDiamonds 
-- /GAME --
P0 HAND: ADiamonds, 4Diamonds, 3Diamonds, 3Clubs, 7Hearts, 4Hearts, 3Hearts, 5Spades, 3Spades, 2Spades.
P1 HAND: KDiamonds, QDiamonds, 7Clubs, QClubs, 5Clubs, 2Clubs, AHearts, QHearts, QSpades, 6Spades.
P2 HAND: JDiamonds, 6Diamonds, 5Diamonds, 2Diamonds, AClubs, JClubs, KHearts, KSpades, JSpades, 4Spades.
P3 HAND: 7Diamonds, KClubs, 6Clubs, 4Clubs, JHearts, 6Hearts, 5Hearts, 2Hearts, ASpades, 7Spades.
P2 AClubs P3 4Clubs P0 3Clubs P1 2Clubs 
P2 2Diamonds P3 7Diamonds P0 ADiamonds P1 QDiamonds 
P0 4Diamonds P1 KDiamonds P2 5Diamonds P3 ASpades 
P1 5Clubs P2 JClubs P3 6Clubs P0 3Diamonds 
P2 4Spades P3 7Spades P0 3Spades P1 QSpades 
P3 2Hearts P0 3Hearts P1 QHearts P2 KHearts 
P2 6Diamonds P3 5Hearts P0 7Hearts P1 AHearts 
P1 6Spades P2 JSpades P3 6Hearts P0 2Spades 
P3 JHearts P0 4Hearts P1 QClubs P2 JDiamonds 
P3 KClubs P0 5Spades P1 7Clubs P2 KSpades 
-- /GAME --
P0 HAND: ADiamonds, 2Diamonds, 7Clubs, JClubs, 5Clubs, 4Clubs, KHearts, KSpades, 5Spades, 4Spades.
P1 HAND: QDiamonds, 3Diamonds, AClubs, 6Clubs, 3Clubs, 2Clubs, 7Hearts, 4Hearts, 3Hearts, 7Spades.
P2 HAND: JDiamonds, 5Diamonds, KClubs, AHearts, JHearts, 5Hearts, ASpades, QSpades, 3Spades, 2Spades.
P3 HAND: 7Diamonds, KDiamonds, 6Diamonds, 4Diamonds, QClubs, QHearts, 6Hearts, 2Hearts, JSpades, 6Spades.
P1 AClubs P2 KClubs P3 QClubs P0 4Clubs 
P1 2Clubs P2 5Diamonds P3 2Hearts P0 7Clubs 
P0 ADiamonds P1 3Diamonds P2 JDiamonds P3 4Diamonds 
P0 2Diamonds P1 QDiamonds P2 5Hearts P3 7Diamonds 
P3 6Diamonds P0 KHearts P1 3Clubs P2 2Spades 
P2 JHearts P3 6Hearts P0 5Clubs P1 7Hearts 
P1 3Hearts P2 AHearts P3 QHearts P0 JClubs 
P2 3Spades P3 6Spades P0 5Spades P1 7Spades 
P1 4Hearts P2 QSpades P3 JSpades P0 KSpades 
P0 4Spades P1 6Clubs P2 ASpades P3 KDiamonds 
-- /GAME --
P0 HAND: KDiamonds, 5Diamonds, 4Diamonds, QClubs, 6Clubs, 4Clubs, 5Hearts, JSpades, 6Spades, 2Spades.
P1 HAND: ADiamonds, 7Diamonds, JDiamonds, 3Diamonds, KClubs, AHearts, QHearts, 6Hearts, ASpades, 7Spades.
P2 HAND: QDiamonds, 6Diamonds, 2Diamonds, AClubs, 7Clubs, JClubs, 2Clubs, 4Hearts, 3Hearts, QSpades.
P3 HAND: 5Clubs, 3Clubs, 7Hearts, KHearts, JHearts, 2Hearts, KSpades, 5Spades, 4Spades, 3Spades.
P0 5Hearts P1 AHearts P2 3Hearts P3 7Hearts 
P1 ADiamonds P2 2Diamonds P3 KHearts P0 4Diamonds 
P1 3Diamonds P2 6Diamonds P3 2Hearts P0 KDiamonds 
P0 4Clubs P1 KClubs P2 AClubs P3 3Clubs 
P2 2Clubs P3 5Clubs P0 6Clubs P1 6Hearts 
P0 QClubs P1 QHearts P2 JClubs P3 3Spades 
P3 JHearts P0 5Diamonds P1 7Spades P2 4Hearts 
P1 JDiamonds P2 QDiamonds P3 4Spades P0 JSpades 
P0 2Spades P1 ASpades P2 QSpades P3 5Spades 
P1 7Diamonds P2 7Clubs P3 KSpades P0 6Spades 
-- /GAME --
P0 HAND: KDiamonds, QDiamonds, AClubs, 7Clubs, 6Clubs, 2Clubs, AHearts, KHearts, 2Hearts, ASpades.
P1 HAND: 7Diamonds, JDiamonds, 2Diamonds, 3Clubs, 6Hearts, 7Spades, KSpades, JSpades, 3Spades, 2Spades.
P2 HAND: ADiamonds, 6Diamonds, 3Diamonds, 5Clubs, 4Clubs, 7Hearts, JHearts, 5Hearts, 3Hearts, QSpades.
P3 HAND: 5Diamonds, 4Diamonds, KClubs, JClubs, QClubs, QHearts, 4Hearts, 6Spades, 5Spades, 4Spades.
P2 3Hearts P3 4Hearts P0 AHearts P1 6Hearts 
P0 ASpades P1 2Spades P2 QSpades P3 4Spades 
P0 AClubs P1 3Clubs P2 5Clubs P3 QClubs 
P0 7Clubs P1 2Diamonds P2 4Clubs P3 KClubs 
P1 3Spades P2 5Hearts P3 5Spades P0 6Clubs 
P3 6Spades P0 2Clubs P1 JSpades P2 3Diamonds 
P2 JHearts P3 QHearts P0 2Hearts P1 JDiamonds 
P1 7Diamonds P2 ADiamonds P3 4Diamonds P0 QDiamonds 
P2 6Diamonds P3 5Diamonds P0 KDiamonds P1 KSpades 
P0 KHearts P1 7Spades P2 7Hearts P3 JClubs 
-- /GAME --
P0 HAND: 7Diamonds, 4Diamonds, 7Clubs, JClubs, QClubs, 3Clubs, 7Hearts, 5Hearts, 7Spades, QSpades.
P1 HAND: JDiamonds, 5Diamonds, 2Diamonds, 4Clubs, 2Clubs, 6Hearts, ASpades, 6Spades, 4Spades, 2Spades.
P2 HAND: QDiamonds, AClubs, KClubs, 6Clubs, AHearts, KHearts, JHearts, 4Hearts, KSpades, 5Spades.
P3 HAND: ADiamonds, KDiamonds, 6Diamonds, 3Diamonds, 5Clubs, QHearts, 3Hearts, 2Hearts, JSpades, 3Spades.
P1 ASpades P2 5Spades P3 JSpades P0 QSpades 
P1 2Diamonds P2 QDiamonds P3 ADiamonds P0 4Diamonds 
P3 2Hearts P0 5Hearts P1 6Hearts P2 AHearts 
P2 4Hearts P3 3Hearts P0 7Hearts P1 2Clubs 
P1 2Spades P2 KSpades P3 3Spades P0 7Spades 
P0 JClubs P1 4Clubs P2 6Clubs P3 5Clubs 
P0 3Clubs P1 4Spades P2 KClubs P3 3Diamonds 
P2 JHearts P3 QHearts P0 QClubs P1 5Diamonds 
P0 7Diamonds P1 JDiamonds P2 KHearts P3 6Diamonds 
P0 7Clubs P1 6Spades P2 AClubs P3 KDiamonds 
-- /GAME --
P0 HAND: 7Diamonds, AClubs, 7Clubs, QClubs, 2Clubs, 2Hearts, ASpades, QSpades, 6Spades, 3Spades.
P1 HAND: KDiamonds, 4Diamonds, 3Diamonds, 2Diamonds, 3Clubs, JHearts, QHearts, 4Hearts, 7Spades, JSpades.
P2 HAND: KClubs, 6Clubs, 5Clubs, AHearts, 7Hearts, KHearts, 6Hearts, 5Hearts, 3Hearts, 5Spades.
P3 HAND: ADiamonds, JDiamonds, QDiamonds, 6Diamonds, 5Diamonds, JClubs, 4Clubs, KSpades, 4Spades, 2Spades.
P0 2Hearts P1 4Hearts P2 AHearts P3 5Diamonds 
P3 2Spades P0 ASpades P1 JSpades P2 5Spades 
P0 AClubs P1 3Clubs P2 KClubs P3 4Clubs 
P0 7Clubs P1 2Diamonds P2 5Clubs P3 JClubs 
P1 QHearts P2 3Hearts P3 4Spades P0 2Clubs 
P1 JHearts P2 5Hearts P3 6Diamonds P0 7Diamonds 
P0 QClubs P1 3Diamonds P2 6Clubs P3 KSpades 
P1 4Diamonds P2 6Hearts P3 QDiamonds P0 3Spades 
P3 JDiamonds P0 6Spades P1 KDiamonds P2 KHearts 
P1 7Spades P2 7Hearts P3 ADiamonds P0 QSpades 
-- /GAME --
P0 HAND: 7Diamonds, QDiamonds, 4Clubs, 3Clubs, 2Clubs, 7Hearts, 4Hearts, JSpades, QSpades, 3Spades.
P1 HAND: KDiamonds, AClubs, 7Clubs, 6Clubs, 5Clubs, JHearts, 2Hearts, ASpades, 7Spades, 4Spades.
P2 HAND: 3Diamonds, QClubs, AHearts, KHearts, 6Hearts, 5Hearts, KSpades, 6Spades, 5Spades, 2Spades.
P3 HAND: ADiamonds, JDiamonds, 6Diamonds, 5Diamonds, 4Diamonds, 2Diamonds, KClubs, JClubs, QHearts, 3Hearts.
P3 2Diamonds P0 QDiamonds P1 KDiamonds P2 3Diamonds 
P1 AClubs P2 QClubs P3 KClubs P0 3Clubs 
P1 2Hearts P2 AHearts P3 3Hearts P0 4Hearts 
P2 5Hearts P3 QHearts P0 7Hearts P1 JHearts 
P0 2Clubs P1 5Clubs P2 6Hearts P3 JClubs 
P3 4Diamonds P0 7Diamonds P1 4Spades P2 5Spades 
P2 2Spades P3 5Diamonds P0 JSpades P1 7Spades 
P1 6Clubs P2 6Spades P3 6Diamonds P0 4Clubs 
P2 KSpades P3 JDiamonds P0 3Spades P1 ASpades 
P1 7Clubs P2 KHearts P3 ADiamonds P0 QSpades 
-- /GAME --
P0 HAND: ADiamonds, AClubs, JClubs, 6Clubs, 5Hearts, 7Spades, KSpades, 6Spades, 5Spades, 2Spades.
P1 HAND: QDiamonds, 5Diamonds, 7Clubs, KClubs, 3Clubs, AHearts, JHearts, 6Hearts, QSpades, 4Spades.
P2 HAND: 7Diamonds, KDiamonds, JDiamonds, 6Diamonds, 2Diamonds, QClubs, KHearts, 4Hearts, 3Hearts, JSpades.
P3 HAND: 4Diamonds, 3Diamonds, 5Clubs, 4Clubs, 2Clubs, 7Hearts, QHearts, 2Hearts, ASpades, 3Spades.
P1 AHearts P2 3Hearts P3 7Hearts P0 5Hearts 
P1 4Spades P2 JSpades P3 ASpades P0 5Spades 
P3 2Hearts P0 ADiamonds P1 6Hearts P2 KHearts 
P2 2Diamonds P3 3Diamonds P0 6Spades P1 QDiamonds 
P1 5Diamonds P2 6Diamonds P3 4Diamonds P0 7Spades 
P2 4Hearts P3 QHearts P0 6Clubs P1 JHearts 
P0 JClubs P1 3Clubs P2 QClubs P3 2Clubs 
P0 AClubs P1 KClubs P2 7Diamonds P3 4Clubs 
P0 2Spades P1 QSpades P2 JDiamonds P3 3Spades 
P1 7Clubs P2 KDiamonds P3 5Clubs P0 KSpades 
-- /GAME --
P0 HAND: ADiamonds, 5Diamonds, 3Diamonds, 4Clubs, 2Clubs, QHearts, 6Hearts, 5Hearts, 7Spades, 3Spades.
P1 HAND: 7Diamonds, JDiamonds, 2Diamonds, AClubs, JClubs, 3Clubs, KHearts, JHearts, 4Hearts, 2Hearts.
P2 HAND: KDiamonds, 6Diamonds, 4Diamonds, 7Clubs, 5Clubs, AHearts, KSpades, JSpades, 4Spades, 2Spades.
P3 HAND: QDiamonds, KClubs, QClubs, 6Clubs, 7Hearts, 3Hearts, ASpades, QSpades, 6Spades, 5Spades.
P0 2Clubs P1 AClubs P2 5Clubs P3 KClubs 
P1 2Diamonds P2 4Diamonds P3 QDiamonds P0 ADiamonds 
P0 4Clubs P1 3Clubs P2 7Clubs P3 6Clubs 
P2 AHearts P3 3Hearts P0 QHearts P1 2Hearts 
P2 6Diamonds P3 QClubs P0 5Diamonds P1 7Diamonds 
P1 4Hearts P2 2Spades P3 7Hearts P0 5Hearts 
P2 4Spades P3 5Spades P0 7Spades P1 JDiamonds 
P0 6Hearts P1 JHearts P2 JSpades P3 ASpades 
P3 6Spades P0 3Spades P1 JClubs P2 KSpades 
P2 KDiamonds P3 QSpades P0 3Diamonds P1 KHearts 
-- /GAME --
P0 HAND: JDiamonds, 3Diamonds, AClubs, 7Clubs, KClubs, 5Clubs, 4Clubs, 2Clubs, KHearts, 6Hearts.
P1 HAND: ADiamonds, 7Diamonds, KDiamonds, QDiamonds, QClubs, JHearts, 5Hearts, ASpades, QSpades, 2Spades.
P2 HAND: 6Diamonds, 5Diamonds, 4Diamonds, 2Diamonds, 3Clubs, 3Hearts, 2Hearts, JSpades, 5Spades, 4Spades.
P3 HAND: JClubs, 6Clubs, AHearts, 7Hearts, QHearts, 4Hearts, 7Spades, KSpades, 6Spades, 3Spades.
P3 AHearts P0 6Hearts P1 JHearts P2 2Hearts 
P3 3Spades P0 3Diamonds P1 2Spades P2 JSpades 
P0 AClubs P1 QClubs P2 3Clubs P3 6Clubs 
P0 KClubs P1 5Hearts P2 3Hearts P3 JClubs 
P0 5Clubs P1 QSpades P2 4Spades P3 4Hearts 
P0 2Clubs P1 QDiamonds P2 5Spades P3 7Hearts 
P1 KDiamonds P2 2Diamonds P3 6Spades P0 JDiamonds 
P1 7Diamonds P2 4Diamonds P3 QHearts P0 4Clubs 
P1 ADiamonds P2 5Diamonds P3 KSpades P0 7Clubs 
P1 ASpades P2 6Diamonds P3 7Spades P0 KHearts 
-- /GAME --
P0 HAND: 5Diamonds, 3Diamonds, JClubs, 2Clubs, AHearts, 7Hearts, ASpades, 7Spades, 6Spades, 4Spades.
P1 HAND: 7Diamonds, QDiamonds, AClubs, 6Clubs, 5Clubs, JHearts, 6Hearts, 5Hearts, 3Hearts, JSpades.
P2 HAND: JDiamonds, 6Diamonds, 4Diamonds, 2Diamonds, QClubs, 4Clubs, 2Hearts, KSpades, 5Spades, 2Spades.
P3 HAND: ADiamonds, KDiamonds, 7Clubs, KClubs, 3Clubs, KHearts, QHearts, 4Hearts, QSpades, 3Spades.
P2 2Diamonds P3 ADiamonds P0 5Diamonds P1 7Diamonds 
P3 3Clubs P0 JClubs P1 AClubs P2 4Clubs 
P1 5Clubs P2 QClubs P3 7Clubs P0 2Clubs 
P3 3Spades P0 ASpades P1 JSpades P2 KSpades 
P0 6Spades P1 6Clubs P2 2Spades P3 QSpades 
P3 4Hearts P0 7Hearts P1 3Hearts P2 2Hearts 
P0 4Spades P1 QDiamonds P2 5Spades P3 QHearts 
P3 KHearts P0 AHearts P1 5Hearts P2 JDiamonds 
P0 3Diamonds P1 6Hearts P2 4Diamonds P3 KDiamonds 
P1 JHearts P2 6Diamonds P3 KClubs P0 7Spades 
-- /GAME --
P0 HAND: JDiamonds, QDiamonds, 6Diamonds, 2Diamonds, 4Clubs, 7Hearts, JHearts, 4Hearts, 3Hearts, 2Hearts.
P1 HAND: 5Diamonds, 4Diamonds, 7Clubs, KClubs, QClubs, 2Clubs, QHearts, 6Hearts, QSpades, 6Spades.
P2 HAND: 7Diamonds, JClubs, 3Clubs, AHearts, ASpades, KSpades, JSpades, 4Spades, 3Spades, 2Spades.
P3 HAND: ADiamonds, KDiamonds, 3Diamonds, AClubs, 6Clubs, 5Clubs, KHearts, 5Hearts, 7Spades, 5Spades.
P1 2Clubs P2 3Clubs P3 AClubs P0 4Clubs 
P3 5Clubs P0 4Hearts P1 7Clubs P2 JClubs 
P1 6Hearts P2 AHearts P3 5Hearts P0 JHearts 
P2 2Spades P3 5Spades P0 2Diamonds P1 6Spades 
P0 7Hearts P1 QHearts P2 ASpades P3 KHearts 
P0 3Hearts P1 QClubs P2 3Spades P3 6Clubs 
P0 2Hearts P1 QSpades P2 4Spades P3 3Diamonds 
P3 KDiamonds P0 6Diamonds P1 4Diamonds P2 7Diamonds 
P2 JSpades P3 7Spades P0 JDiamonds P1 KClubs 
P0 QDiamonds P1 5Diamonds P2 KSpades P3 ADiamonds 
-- /GAME --

