-- GAME --
P0 HAND: 3Diamonds, 4Clubs, 2Clubs, AHearts, JHearts, 5Hearts, 3Hearts, 7Spades, 6Spades, 5Spades.
P1 HAND: ADiamonds, 4Diamonds, AClubs, 3Clubs, QHearts, 6Hearts, 2Hearts, KSpades, JSpades, 4Spades.
P2 HAND: 7Diamonds, QDiamonds, 6Diamonds, 5Diamonds, JClubs, QClubs, KHearts, 4Hearts, ASpades, QSpades.
P3 HAND: KDiamonds, JDiamonds, 2Diamonds, 7Clubs, KClubs, 6Clubs, 5Clubs, 7Hearts, 3Spades, 2Spades.
P0 AHearts P1 2Hearts P2 KHearts P3 7Hearts 
P0 5Hearts P1 6Hearts P2 4Hearts P3 7Clubs 
P1 AClubs P2 QClubs P3 KClubs P0 2Clubs 
P1 3Clubs P2 JClubs P3 5Clubs P0 4Clubs 
P2 ASpades P3 2Spades P0 7Spades P1 4Spades 
P2 QSpades P3 3Spades P0 6Spades P1 KSpades 
P1 QHearts P2 5Diamonds P3 6Clubs P0 JHearts 
P2 6Diamonds P3 2Diamonds P0 3Diamonds P1 4Diamonds 
P2 QDiamonds P3 JDiamonds P0 3Hearts P1 ADiamonds 
P1 JSpades P2 7Diamonds P3 KDiamonds P0 5Spades 
-- /GAME --
P0 HAND: KDiamonds, JClubs, 6Clubs, JHearts, 6Hearts, 2Hearts, ASpades, JSpades, QSpades, 5Spades.
P1 HAND: QDiamonds, QClubs, 5Clubs, 4Clubs, 2Clubs, AHearts, 7Hearts, KHearts, KSpades, 3Spades.
P2 HAND: ADiamonds, 6Diamonds, 4Diamonds, 2Diamonds, AClubs, 7Clubs, KClubs, 3Clubs, 4Hearts, 4Spades.
P3 HAND: 7Diamonds, JDiamonds, 5Diamonds, 3Diamonds, QHearts, 5Hearts, 3Hearts, 7Spades, 6Spades, 2Spades.
P3 2Spades P0 ASpades P1 3Spades P2 4Spades 
P0 5Spades P1 KSpades P2 3Clubs P3 7Spades 

