-- GAME --
P0 HAND: JClubs, QClubs, 6Clubs, 4Clubs, KHearts, 6Hearts, 2Hearts, 6Spades, 4Spades, 2Spades.
P1 HAND: 6Diamonds, 2Diamonds, KClubs, 5Clubs, AHearts, QHearts, 3Hearts, 7Spades, QSpades, 5Spades.
P2 HAND: ADiamonds, KDiamonds, JDiamonds, 5Diamonds, 3Diamonds, 3Clubs, 2Clubs, ASpades, JSpades, 3Spades.
P3 HAND: 7Diamonds, QDiamonds, 4Diamonds, AClubs, 7Clubs, 7Hearts, JHearts, 5Hearts, 4Hearts, KSpades.
P2 ASpades P3 KSpades P0 4Spades P1 5Spades 
P2 2Clubs P3 AClubs P0 4Clubs P1 KClubs 
P3 4Hearts P0 6Hearts P1 AHearts P2 3Diamonds 
P2 3Clubs P3 7Clubs P0 6Clubs P1 5Clubs 
P3 5Hearts P0 KHearts P1 3Hearts P2 JSpades 
P0 2Hearts P1 QHearts P2 3Spades P3 7Hearts 
P3 JHearts P0 JClubs P1 2Diamonds P2 5Diamonds 
P2 JDiamonds P3 4Diamonds P0 2Spades P1 6Diamonds 
P2 KDiamonds P3 QDiamonds P0 QClubs P1 QSpades 
P2 ADiamonds P3 7Diamonds P0 6Spades P1 7Spades 
-- /GAME --
P0 HAND: 7Diamonds, 6Diamonds, 5Diamonds, JClubs, AHearts, 7Hearts, KHearts, QHearts, ASpades, QSpades.
P1 HAND: QDiamonds, 4Clubs, JHearts, 6Hearts, 5Hearts, 4Hearts, 3Hearts, 7Spades, JSpades, 5Spades.
P2 HAND: KDiamonds, 3Diamonds, 7Clubs, KClubs, QClubs, 5Clubs, 2Hearts, KSpades, 3Spades, 2Spades.
P3 HAND: ADiamonds, JDiamonds, 4Diamonds, 2Diamonds, AClubs, 6Clubs, 3Clubs, 2Clubs, 6Spades, 4Spades.

