-- GAME --
P0 HAND: KDiamonds, 2Diamonds, AClubs, 7Clubs, JClubs, QClubs, AHearts, 7Spades, JSpades, 5Spades.
P1 HAND: 7Diamonds, 4Diamonds, 6Clubs, 2Clubs, 7Hearts, 6Hearts, 4Hearts, KSpades, QSpades, 6Spades.
P2 HAND: ADiamonds, QDiamonds, 5Diamonds, 3Diamonds, KClubs, 5Clubs, KHearts, 3Hearts, 2Hearts, 3Spades.
P3 HAND: JDiamonds, 6Diamonds, 4Clubs, 3Clubs, JHearts, QHearts, 5Hearts, ASpades, 4Spades, 2Spades.
P1 4Diamonds P2 ADiamonds P3 6Diamonds P0 2Diamonds 
P2 2Hearts P3 5Hearts P0 AHearts P1 4Hearts 
P0 5Spades P1 6Spades P2 3Spades P3 ASpades 
P3 2Spades P0 JSpades P1 QSpades P2 KHearts 
P0 7Spades P1 KSpades P2 5Clubs P3 4Spades 
P2 3Diamonds P3 JDiamonds P0 KDiamonds P1 7Diamonds 
P1 6Hearts P2 3Hearts P3 QHearts P0 AClubs 
P0 JClubs P1 2Clubs P2 KClubs P3 3Clubs 
P2 5Diamonds P3 4Clubs P0 7Clubs P1 7Hearts 
P0 QClubs P1 6Clubs P2 QDiamonds P3 JHearts 
-- /GAME --
P0 HAND: JDiamonds, 4Diamonds, AClubs, QClubs, 5Clubs, 3Clubs, 2Clubs, 7Hearts, QHearts, 2Hearts.
P1 HAND: 6Diamonds, 3Diamonds, AHearts, JHearts, 5Hearts, ASpades, KSpades, QSpades, 6Spades, 2Spades.
P2 HAND: 7Diamonds, KDiamonds, QDiamonds, JClubs, 4Clubs, KHearts, 4Hearts, 3Hearts, 5Spades, 4Spades.
P3 HAND: ADiamonds, 5Diamonds, 2Diamonds, 7Clubs, KClubs, 6Clubs, 6Hearts, 7Spades, JSpades, 3Spades.
P0 4Diamonds P1 3Diamonds P2 QDiamonds P3 ADiamonds 
P3 2Diamonds P0 JDiamonds P1 6Diamonds P2 7Diamonds 
P2 3Hearts P3 6Hearts P0 7Hearts P1 AHearts 
P1 5Hearts P2 4Hearts P3 5Diamonds P0 2Hearts 
P1 JHearts P2 KHearts P3 3Spades 
