-- GAME --
P0 HAND: 6Diamonds, 5Diamonds, 7Clubs, 5Clubs, 3Clubs, KHearts, 4Hearts, 7Spades, QSpades, 6Spades.
P1 HAND: 7Diamonds, QDiamonds, JClubs, 6Clubs, 7Hearts, QHearts, 6Hearts, 5Hearts, ASpades, JSpades.
P2 HAND: JDiamonds, 4Diamonds, 3Diamonds, 2Diamonds, KClubs, QClubs, 4Clubs, 2Clubs, 2Hearts, 5Spades.
P3 HAND: ADiamonds, KDiamonds, AClubs, AHearts, JHearts, 3Hearts, KSpades, 4Spades, 3Spades, 2Spades.
P2 2Clubs P3 AClubs P0 3Clubs P1 JClubs 
P3 AHearts P0 4Hearts P1 7Hearts P2 2Hearts 
P3 2Spades P0 QSpades P1 ASpades P2 5Spades 
P1 5Hearts P2 4Clubs P3 3Hearts P0 KHearts 
P0 6Diamonds P1 QDiamonds P2 2Diamonds P3 KDiamonds 
P3 3Spades P0 6Spades P1 JSpades P2 QClubs 
P1 6Clubs P2 KClubs P3 4Spades P0 7Clubs 
P0 5Diamonds P1 7Diamonds P2 3Diamonds P3 ADiamonds 
P3 JHearts P0 5Clubs P1 6Hearts P2 4Diamonds 
P2 JDiamonds P3 KSpades P0 7Spades P1 QHearts 
-- /GAME --
P0 HAND: 7Diamonds, 5Diamonds, 4Diamonds, AClubs, KHearts, QHearts, 4Hearts, 3Hearts, 3Spades, 2Spades.
P1 HAND: ADiamonds, JDiamonds, 3Diamonds, KClubs, QClubs, 6Clubs, 4Clubs, 3Clubs, 7Hearts, ASpades.
P2 HAND: KDiamonds, QDiamonds, JClubs, AHearts, 6Hearts, KSpades, QSpades, 6Spades, 5Spades, 4Spades.
P3 HAND: 6Diamonds, 2Diamonds, 7Clubs, 5Clubs, 2Clubs, JHearts, 5Hearts, 2Hearts, 7Spades, JSpades.
P1 ADiamonds P2 QDiamonds P3 6Diamonds 
