-- GAME --
P0 HAND: ADiamonds, 7Diamonds, JDiamonds, 5Diamonds, 7Clubs, QClubs, 3Clubs, 7Hearts, 4Hearts, 3Spades.
P1 HAND: KDiamonds, 6Diamonds, KClubs, JClubs, 5Clubs, AHearts, KHearts, 6Hearts, ASpades, QSpades.
P2 HAND: QDiamonds, 3Diamonds, 2Diamonds, AClubs, 6Clubs, QHearts, 3Hearts, KSpades, 5Spades, 2Spades.
P3 HAND: 4Diamonds, 4Clubs, 2Clubs, JHearts, 5Hearts, 2Hearts, 7Spades, JSpades, 6Spades, 4Spades.
P0 3Spades P1 ASpades P2 2Spades P3 7Spades 
P1 AHearts P2 3Hearts P3 JHearts P0 4Hearts 
P1 6Diamonds P2 2Diamonds P3 4Diamonds P0 ADiamonds 
P0 7Diamonds P1 KDiamonds P2 QDiamonds P3 2Clubs 
P3 2Hearts P0 7Hearts P1 6Hearts P2 QHearts 
P0 JDiamonds P1 QSpades P2 3Diamonds P3 4Clubs 
P3 4Spades P0 5Diamonds P1 5Clubs P2 5Spades 
P1 JClubs P2 6Clubs P3 5Hearts P0 7Clubs 
P0 3Clubs P1 KClubs P2 AClubs P3 6Spades 
P2 KSpades P3 JSpades P0 QClubs P1 KHearts 
-- /GAME --
P0 HAND: ADiamonds, 7Diamonds, 6Diamonds, 4Diamonds, 2Diamonds, 7Clubs, 5Clubs, JHearts, 3Hearts, 4Spades.
P1 HAND: JDiamonds, 3Diamonds, AClubs, 6Clubs, 3Clubs, 2Clubs, 7Spades, 6Spades, 5Spades, 3Spades.
P2 HAND: KDiamonds, QDiamonds, 5Diamonds, JClubs, QClubs, AHearts, KHearts, 5Hearts, 4Hearts, 2Spades.
P3 HAND: KClubs, 4Clubs, 7Hearts, QHearts, 6Hearts, 2Hearts, ASpades, KSpades, JSpades, QSpades.
P3 ASpades P0 4Spades P1 7Spades P2 2Spades 
P3 4Clubs P0 5Clubs P1 AClubs P2 QClubs 
P1 2Clubs P2 JClubs P3 KClubs P0 7Clubs 
P0 ADiamonds P1 3Diamonds P2 KDiamonds P3 2Hearts 
P3 QSpades P0 2Diamonds P1 3Spades P2 5Diamonds 
P3 JSpades P0 3Hearts P1 5Spades P2 QDiamonds 
P0 6Diamonds P1 JDiamonds P2 4Hearts P3 6Hearts 
P3 QHearts P0 JHearts P1 3Clubs P2 5Hearts 
P0 4Diamonds P1 6Clubs P2 KHearts P3 7Hearts 
P3 KSpades P0 7Diamonds P1 6Spades P2 AHearts 
-- /GAME --
P0 HAND: KDiamonds, QDiamonds, 6Diamonds, 7Clubs, JClubs, 3Clubs, JHearts, 2Hearts, 4Spades, 2Spades.
P1 HAND: 7Diamonds, 5Diamonds, KClubs, QClubs, 4Clubs, QHearts, ASpades, 7Spades, KSpades, 6Spades.
P2 HAND: ADiamonds, 4Diamonds, 3Diamonds, 2Diamonds, 6Clubs, 2Clubs, 5Hearts, 4Hearts, QSpades, 3Spades.
P3 HAND: JDiamonds, AClubs, 5Clubs, AHearts, 7Hearts, KHearts, 6Hearts, 3Hearts, JSpades, 5Spades.
P2 ADiamonds P3 JDiamonds P0 KDiamonds P1 5Diamonds 
P2 2Diamonds P3 3Hearts P0 QDiamonds P1 7Diamonds 
P1 ASpades P2 3Spades P3 JSpades P0 2Spades 
P1 6Spades P2 QSpades P3 5Spades P0 4Spades 
P2 3Diamonds P3 6Hearts P0 6Diamonds P1 QHearts 
P0 JHearts P1 4Clubs P2 4Hearts P3 AHearts 
P1 QClubs P2 2Clubs P3 5Clubs P0 7Clubs 
P0 2Hearts P1 KClubs P2 5Hearts P3 7Hearts 
P1 KSpades P2 4Diamonds P3 AClubs P0 JClubs 
P3 KHearts P0 3Clubs P1 7Spades P2 6Clubs 
-- /GAME --
P0 HAND: ADiamonds, JDiamonds, KClubs, KHearts, 4Hearts, 7Spades, JSpades, 5Spades, 4Spades, 2Spades.
P1 HAND: 2Diamonds, AClubs, JClubs, 4Clubs, 2Clubs, 5Hearts, KSpades, QSpades, 6Spades, 3Spades.
P2 HAND: 7Diamonds, QDiamonds, 4Diamonds, 3Diamonds, QClubs, 6Clubs, 7Hearts, JHearts, 6Hearts, ASpades.
P3 HAND: KDiamonds, 6Diamonds, 5Diamonds, 7Clubs, 5Clubs, 3Clubs, AHearts, QHearts, 3Hearts, 2Hearts.
P1 AClubs P2 6Clubs P3 7Clubs P0 KClubs 
P1 2Clubs P2 QClubs P3 3Clubs P0 KHearts 
P2 ASpades P3 5Diamonds P0 4Spades P1 KSpades 
P3 2Hearts P0 4Hearts P1 5Hearts P2 7Hearts 
P2 6Hearts P3 3Hearts P0 JDiamonds P1 3Spades 
P0 JSpades P1 6Spades P2 3Diamonds P3 5Clubs 
P2 JHearts P3 QHearts P0 5Spades P1 2Diamonds 
P1 4Clubs P2 4Diamonds P3 6Diamonds P0 2Spades 
P3 KDiamonds P0 ADiamonds P1 QSpades P2 QDiamonds 
P0 7Spades P1 JClubs P2 7Diamonds P3 AHearts 
-- /GAME --
P0 HAND: 6Diamonds, 3Diamonds, 7Clubs, 4Clubs, JHearts, 4Hearts, ASpades, KSpades, 5Spades, 3Spades.
P1 HAND: KClubs, JClubs, 6Clubs, AHearts, 7Hearts, QHearts, 7Spades, QSpades, 4Spades, 2Spades.
P2 HAND: ADiamonds, 7Diamonds, JDiamonds, QClubs, 3Clubs, 2Clubs, KHearts, 5Hearts, 3Hearts, JSpades.
P3 HAND: KDiamonds, QDiamonds, 5Diamonds, 4Diamonds, 2Diamonds, AClubs, 5Clubs, 6Hearts, 2Hearts, 6Spades.
P0 7Clubs P1 6Clubs P2 2Clubs P3 AClubs 
P3 2Hearts P0 JHearts P1 AHearts P2 3Hearts 
P1 2Spades P2 JSpades P3 6Spades P0 ASpades 
P0 4Hearts P1 QHearts P2 5Hearts P3 6Hearts 
P1 4Spades P2 3Clubs P3 5Clubs P0 KSpades 
P0 4Clubs P1 JClubs P2 QClubs P3 2Diamonds 
P3 4Diamonds P0 6Diamonds P1 QSpades P2 JDiamonds 
P2 7Diamonds P3 5Diamonds P0 3Diamonds P1 KClubs 
P2 ADiamonds P3 QDiamonds P0 5Spades P1 7Hearts 
P2 KHearts P3 KDiamonds P0 3Spades P1 7Spades 
-- /GAME --
P0 HAND: QDiamonds, 6Diamonds, 5Diamonds, 4Diamonds, KHearts, 5Hearts, KSpades, 6Spades, 5Spades, 2Spades.
P1 HAND: ADiamonds, 7Diamonds, KDiamonds, 2Diamonds, JClubs, 6Clubs, 3Clubs, QSpades, 4Spades, 3Spades.
P2 HAND: AClubs, KClubs, QClubs, 2Clubs, AHearts, QHearts, 2Hearts, ASpades, 7Spades, JSpades.
P3 HAND: JDiamonds, 3Diamonds, 7Clubs, 5Clubs, 4Clubs, 7Hearts, JHearts, 6Hearts, 4Hearts, 3Hearts.
P3 3Diamonds P0 5Diamonds P1 ADiamonds P2 2Clubs 
P2 AHearts P3 3Hearts P0 KHearts P1 3Clubs 
P1 2Diamonds P2 2Hearts P3 JDiamonds P0 6Diamonds 
P3 4Hearts P0 5Hearts P1 3Spades P2 QHearts 
P2 ASpades P3 4Clubs P0 KSpades P1 QSpades 
P3 6Hearts P0 4Diamonds P1 4Spades P2 QClubs 
P2 JSpades P3 5Clubs P0 6Spades P1 7Diamonds 
P3 JHearts P0 5Spades P1 6Clubs P2 KClubs 
P2 AClubs P3 7Clubs P0 QDiamonds P1 JClubs 
P2 7Spades P3 7Hearts P0 2Spades P1 KDiamonds 
-- /GAME --
P0 HAND: 6Diamonds, 4Diamonds, QClubs, 4Clubs, 4Hearts, 3Hearts, 2Hearts, KSpades, JSpades, 4Spades.
P1 HAND: ADiamonds, 7Diamonds, KDiamonds, 5Diamonds, AClubs, JClubs, 5Clubs, KHearts, 5Spades, 2Spades.
P2 HAND: QDiamonds, 3Diamonds, 2Diamonds, 7Clubs, 2Clubs, AHearts, JHearts, 6Hearts, ASpades, 3Spades.
P3 HAND: JDiamonds, KClubs, 6Clubs, 3Clubs, 7Hearts, QHearts, 5Hearts, 7Spades, QSpades, 6Spades.
P2 AHearts P3 5Hearts P0 4Hearts P1 KHearts 
P2 ASpades P3 6Spades P0 KSpades P1 2Spades 
P2 2Clubs P3 3Clubs P0 4Clubs P1 AClubs 
P1 5Clubs P2 7Clubs P3 6Clubs P0 QClubs 
P2 3Spades P3 QSpades P0 JSpades P1 5Spades 
P0 4Spades P1 5Diamonds P2 6Hearts P3 7Spades 
P1 JClubs P2 2Diamonds P3 KClubs P0 3Hearts 
P2 JHearts P3 QHearts P0 2Hearts P1 KDiamonds 
P1 7Diamonds P2 3Diamonds P3 JDiamonds P0 6Diamonds 
P1 ADiamonds P2 QDiamonds P3 7Hearts P0 4Diamonds 
-- /GAME --
P0 HAND: KDiamonds, 6Diamonds, AClubs, 2Clubs, 6Hearts, 4Hearts, KSpades, JSpades, 5Spades, 2Spades.
P1 HAND: 3Diamonds, 2Diamonds, 7Clubs, 6Clubs, 4Clubs, AHearts, ASpades, 7Spades, QSpades, 4Spades.
P2 HAND: 7Diamonds, QDiamonds, KClubs, 5Clubs, 3Clubs, 7Hearts, KHearts, 5Hearts, 2Hearts, 3Spades.
P3 HAND: ADiamonds, JDiamonds, 5Diamonds, 4Diamonds, JClubs, QClubs, JHearts, QHearts, 3Hearts, 6Spades.
P1 AHearts P2 2Hearts P3 JHearts P0 6Hearts 
P1 ASpades P2 3Spades P3 6Spades P0 5Spades 
P1 2Diamonds P2 QDiamonds P3 ADiamonds P0 6Diamonds 
P3 3Hearts P0 4Hearts P1 3Diamonds P2 7Hearts 
P2 5Hearts P3 QHearts P0 KDiamonds P1 7Spades 
P3 4Diamonds P0 JSpades P1 4Spades P2 7Diamonds 
P2 3Clubs P3 QClubs P0 2Clubs P1 4Clubs 
P3 5Diamonds P0 2Spades P1 QSpades P2 5Clubs 
P2 KClubs P3 JClubs P0 AClubs P1 6Clubs 
P0 KSpades P1 7Clubs P2 KHearts P3 JDiamonds 
-- /GAME --
P0 HAND: 6Diamonds, AClubs, AHearts, KHearts, 5Hearts, 4Hearts, 3Hearts, JSpades, 5Spades, 4Spades.
P1 HAND: 7Diamonds, KDiamonds, JDiamonds, 3Diamonds, KClubs, QClubs, 6Clubs, 2Clubs, 2Hearts, 2Spades.
P2 HAND: ADiamonds, 5Diamonds, 4Diamonds, 2Diamonds, 7Clubs, JClubs, 3Clubs, ASpades, 7Spades, 3Spades.
P3 HAND: QDiamonds, 5Clubs, 4Clubs, 7Hearts, JHearts, QHearts, 6Hearts, KSpades, QSpades, 6Spades.
P3 4Clubs P0 AClubs P1 2Clubs P2 7Clubs 
P0 AHearts P1 2Hearts P2 ASpades P3 6Hearts 
P0 5Hearts P1 2Spades P2 3Clubs P3 7Hearts 
P3 5Clubs P0 5Spades P1 6Clubs P2 JClubs 
P2 3Spades P3 6Spades P0 JSpades P1 QClubs 
P0 4Spades P1 3Diamonds P2 7Spades P3 KSpades 
P1 JDiamonds P2 2Diamonds P3 QDiamonds P0 6Diamonds 
P1 KDiamonds P2 4Diamonds P3 QHearts P0 3Hearts 
P1 7Diamonds P2 ADiamonds P3 QSpades P0 KHearts 
P2 5Diamonds P3 JHearts P0 4Hearts P1 KClubs 
-- /GAME --
P0 HAND: 6Diamonds, 5Diamonds, QClubs, 5Clubs, 7Hearts, KHearts, JHearts, 5Hearts, QSpades, 4Spades.
P1 HAND: 7Diamonds, KDiamonds, 4Diamonds, 3Diamonds, 7Clubs, KClubs, JClubs, 4Clubs, QHearts, 6Spades.
P2 HAND: JDiamonds, QDiamonds, 2Diamonds, 6Clubs, AHearts, 3Hearts, 2Hearts, 7Spades, KSpades, 3Spades.
P3 HAND: ADiamonds, AClubs, 3Clubs, 2Clubs, 6Hearts, 4Hearts, ASpades, JSpades, 5Spades, 2Spades.
P2 AHearts P3 4Hearts P0 7Hearts P1 QHearts 
P2 2Diamonds P3 ADiamonds P0 6Diamonds P1 7Diamonds 
P3 ASpades P0 4Spades P1 6Spades P2 3Spades 
P3 2Spades P0 QSpades P1 3Diamonds P2 7Spades 
P2 2Hearts P3 6Hearts P0 KHearts P1 4Diamonds 
P0 JHearts P1 4Clubs P2 3Hearts P3 JSpades 
P1 JClubs P2 6Clubs P3 2Clubs P0 5Clubs 
P1 KClubs P2 QDiamonds P3 3Clubs P0 QClubs 
P1 7Clubs P2 JDiamonds P3 AClubs 
