-- GAME --
P0 HAND: 7Clubs, JClubs, QClubs, 6Clubs, 3Clubs, 2Clubs, QHearts, 2Hearts, QSpades, 2Spades.
P1 HAND: 6Diamonds, 3Diamonds, AClubs, KClubs, 4Clubs, AHearts, 4Hearts, JSpades, 5Spades, 4Spades.
P2 HAND: 7Diamonds, QDiamonds, 5Diamonds, 4Diamonds, KHearts, 6Hearts, 5Hearts, 7Spades, 6Spades, 3Spades.
P3 HAND: ADiamonds, KDiamonds, JDiamonds, 2Diamonds, 5Clubs, 7Hearts, JHearts, 3Hearts, ASpades, KSpades.
P0 2Spades P1 4Spades P2 3Spades P3 ASpades 
P3 3Hearts P0 QHearts P1 AHearts P2 5Hearts 
P1 AClubs P2 4Diamonds P3 5Clubs P0 7Clubs 
P2 6Hearts P3 JHearts P0 2Hearts P1 4Hearts 
P3 2Diamonds P0 2Clubs P1 3Diamonds P2 5Diamonds 
P2 6Spades P3 KSpades P0 QSpades P1 JSpades 
P3 JDiamonds P0 3Clubs P1 6Diamonds P2 QDiamonds 
P3 KDiamonds P0 6Clubs P1 4Clubs P2 7Diamonds 
P2 KHearts P3 7Hearts P0 QClubs P1 KClubs 
P3 ADiamonds P0 JClubs P1 5Spades P2 7Spades 
-- /GAME --
P0 HAND: KDiamonds, 7Clubs, 3Clubs, AHearts, KHearts, JHearts, 5Hearts, 3Hearts, ASpades, QSpades.
P1 HAND: 7Diamonds, 6Diamonds, 4Diamonds, QClubs, 4Clubs, QHearts, 6Spades, 5Spades, 4Spades, 2Spades.
P2 HAND: ADiamonds, QDiamonds, 5Diamonds, 3Diamonds, AClubs, 6Clubs, 6Hearts, 2Hearts, 7Spades, JSpades.
P3 HAND: JDiamonds, 2Diamonds, KClubs, JClubs, 5Clubs, 2Clubs, 7Hearts, 4Hearts, KSpades, 3Spades.

