-- GAME --
P0 3Hearts P1 KHearts P2 3Diamonds 
P2 5Clubs P3 7Clubs P0 6Diamonds P1 KDiamonds 
P1 2Diamonds P2 5Diamonds P3 4Diamonds P0 KSpades 
P2 QDiamonds P3 JDiamonds P0 6Hearts P1 ADiamonds 
P1 7Spades P2 7Diamonds P3 7Hearts P0 JHearts 
-- /GAME --
P0 HAND: ADiamonds, AClubs, 5Clubs, 2Clubs, JHearts, QHearts, 5Hearts, ASpades, 6Spades, 3Spades.
P1 HAND: KDiamonds, 6Diamonds, 3Diamonds, KClubs, 6Clubs, AHearts, 6Hearts, KSpades, JSpades, QSpades.
P2 HAND: JDiamonds, QDiamonds, 5Diamonds, 7Clubs, JClubs, QClubs, 4Clubs, KHearts, 3Hearts, 7Spades.
P3 HAND: 7Diamonds, 4Diamonds, 2Diamonds, 3Clubs, 7Hearts, 4Hearts, 2Hearts, 5Spades, 4Spades, 2Spades.
P3 2Diamonds P0 ADiamonds P1 3Diamonds P2 JDiamonds 
P0 AClubs P1 6Clubs P2 7Clubs P3 3Clubs 
P0 ASpades P1 QSpades P2 7Spades P3 2Spades 
P0 5Hearts P1 6Hearts P2 3Hearts P3 2Hearts 
P1 6Diamonds P2 5Diamonds P3 7Diamonds P0 QHearts 
P0 3Spades P1 JSpades P2 4Clubs P3 5Spades 
P1 AHearts P2 KHearts P3 4Hearts P0 JHearts 
P1 KDiamonds P2 QDiamonds P3 4Diamonds P0 6Spades 
P1 KClubs P2 QClubs P3 4Spades P0 2Clubs 
P1 KSpades P2 JClubs P3 7Hearts P0 5Clubs 
-- /GAME --
P0 HAND: KDiamonds, QDiamonds, 4Diamonds, 7Clubs, JClubs, 2Clubs, JHearts, QHearts, 4Hearts, QSpades.
P1 HAND: ADiamonds, 7Diamonds, 5Diamonds, 5Clubs, AHearts, KHearts, 6Hearts, 3Hearts, 2Hearts, 2Spades.
P2 HAND: JDiamonds, 3Diamonds, KClubs, 6Clubs, 3Clubs, 7Hearts, 5Hearts, ASpades, 7Spades, 4Spades.
P3 HAND: 6Diamonds, 2Diamonds, AClubs, QClubs, 4Clubs, KSpades, JSpades, 6Spades, 5Spades, 3Spades.
P2 ASpades P3 3Spades P0 QSpades P1 2Spades 
P2 3Diamonds P3 2Diamonds P0 4Diamonds P1 ADiamonds 
P1 2Hearts P2 5Hearts P3 5Spades P0 JHearts 
P0 4Hearts P1 3Hearts P2 7Hearts P3 4Clubs 
P3 6Diamonds P0 KDiamonds P1 7Diamonds P2 JDiamonds 
P1 5Diamonds P2 4Spades P3 6Spades P0 QDiamonds 
P0 QHearts P1 6Hearts P2 3Clubs P3 QClubs 
P3 JSpades P0 2Clubs P1 5Clubs P2 7Spades 
P1 KHearts P2 6Clubs P3 AClubs P0 JClubs 
P3 KSpades P0 7Clubs P1 AHearts P2 KClubs 
-- /GAME --
P0 HAND: QDiamonds, 4Diamonds, 3Diamonds, 7Clubs, KClubs, 5Clubs, 3Hearts, 7Spades, 6Spades, 5Spades.
P1 HAND: 6Diamonds, 5Diamonds, 2Diamonds, 6Clubs, AHearts, KHearts, 4Hearts, ASpades, 4Spades, 2Spades.
P2 HAND: KDiamonds, AClubs, JClubs, 4Clubs, 2Clubs, 6Hearts, 5Hearts, JSpades, QSpades, 3Spades.
P3 HAND: ADiamonds, 7Diamonds, JDiamonds, QClubs, 3Clubs, 7Hearts, JHearts, QHearts, 2Hearts, KSpades.
P1 AHearts P2 5Hearts P3 7Hearts P0 3Hearts 
P1 2Diamonds P2 KDiamonds P3 ADiamonds P0 3Diamonds 
P3 2Hearts P0 5Spades P1 4Hearts P2 6Hearts 
P0 5Clubs P1 6Clubs P2 AClubs P3 3Clubs 
P2 2Clubs P3 QClubs P0 7Clubs P1 2Spades 
P1 5Diamonds P2 4Clubs P3 7Diamonds P0 4Diamonds 
P3 QHearts P0 QDiamonds P1 KHearts P2 3Spades 
P2 JClubs P3 KSpades P0 KClubs P1 6Diamonds 
P3 JDiamonds P0 7Spades P1 ASpades P2 QSpades 
P1 4Spades P2 JSpades P3 JHearts P0 6Spades 
-- /GAME --
P0 HAND: 5Diamonds, AClubs, 7Clubs, 5Clubs, 4Clubs, 2Hearts, 7Spades, JSpades, 4Spades, 2Spades.
P1 HAND: ADiamonds, KDiamonds, QDiamonds, KClubs, JHearts, 4Hearts, 3Hearts, QSpades, 6Spades, 5Spades.
P2 HAND: JDiamonds, 4Diamonds, 2Diamonds, 6Clubs, 2Clubs, AHearts, 7Hearts, KHearts, ASpades, KSpades.
P3 HAND: 7Diamonds, 6Diamonds, 3Diamonds, JClubs, QClubs, 3Clubs, QHearts, 6Hearts, 5Hearts, 3Spades.

