-- GAME --
P0 HAND: ADiamonds, JDiamonds, 5Diamonds, 4Diamonds, 3Diamonds, KHearts, 6Hearts, 5Hearts, QSpades, 2Spades.
P1 HAND: 7Diamonds, QDiamonds, 7Clubs, KClubs, QClubs, 6Clubs, 5Clubs, 2Clubs, JHearts, 5Spades.
P2 HAND: KDiamonds, 6Diamonds, AClubs, JClubs, 3Hearts, ASpades, JSpades, 6Spades, 4Spades, 3Spades.
P3 HAND: 2Diamonds, 4Clubs, 3Clubs, AHearts, 7Hearts, QHearts, 4Hearts, 2Hearts, 7Spades, KSpades.
P3 2Hearts P0 5Hearts P1 JHearts P2 3Hearts 
P1 2Clubs P2 AClubs P3 3Clubs P0 KHearts 
P2 3Spades P3 KSpades P0 2Spades P1 5Spades 
P3 4Clubs P0 QSpades P1 5Clubs P2 JClubs 
P2 4Spades P3 7Spades P0 JDiamonds P1 7Diamonds 
P1 6Clubs P2 6Spades P3 4Hearts P0 6Hearts 
P1 QClubs P2 6Diamonds P3 QHearts P0 3Diamonds 
P2 JSpades P3 2Diamonds P0 4Diamonds P1 QDiamonds 
P1 KClubs P2 KDiamonds P3 7Hearts P0 5Diamonds 
P2 ASpades P3 AHearts P0 ADiamonds P1 7Clubs 
-- /GAME --
P0 HAND: 7Diamonds, 6Diamonds, 5Diamonds, 3Diamonds, 6Clubs, 5Clubs, 2Clubs, 2Hearts, JSpades, 6Spades.
P1 HAND: QDiamonds, 4Diamonds, 2Diamonds, 7Clubs, KClubs, JHearts, 6Hearts, 4Hearts, ASpades, 2Spades.
P2 HAND: ADiamonds, AClubs, JClubs, QClubs, 3Hearts, 7Spades, QSpades, 5Spades, 4Spades, 3Spades.
P3 HAND: KDiamonds, JDiamonds, 4Clubs, 3Clubs, AHearts, 7Hearts, KHearts, QHearts, 5Hearts, KSpades.
P2 ADiamonds P3 JDiamonds P0 7Diamonds P1 2Diamonds 
P2 AClubs P3 3Clubs P0 2Clubs P1 KClubs 
P2 3Hearts P3 AHearts P0 2Hearts P1 JHearts 
P3 4Clubs P0 5Clubs P1 7Clubs P2 QClubs 
P1 4Diamonds P2 3Spades P3 KDiamonds P0 3Diamonds 
P2 JClubs P3 5Hearts P0 6Clubs P1 4Hearts 
P2 4Spades P3 KSpades P0 6Spades P1 2Spades 
P3 QHearts P0 JSpades P1 6Hearts P2 5Spades 
P0 5Diamonds P1 QDiamonds P2 QSpades P3 KHearts 
P2 7Spades P3 7Hearts P0 6Diamonds P1 ASpades 
-- /GAME --
P0 HAND: KDiamonds, 2Diamonds, AClubs, KClubs, 3Clubs, 2Clubs, 7Hearts, 4Hearts, 2Hearts, 4Spades.
P1 HAND: ADiamonds, JDiamonds, QDiamonds, 6Diamonds, 7Clubs, JClubs, 5Clubs, QHearts, 3Hearts, 2Spades.
P2 HAND: 7Diamonds, 3Diamonds, QClubs, 6Clubs, 4Clubs, AHearts, JHearts, 6Hearts, JSpades, QSpades.
P3 HAND: 5Diamonds, 4Diamonds, KHearts, 5Hearts, ASpades, 7Spades, KSpades, 6Spades, 5Spades, 3Spades.
P1 ADiamonds P2 3Diamonds P3 5Diamonds P0 2Diamonds 
P1 2Spades P2 QSpades P3 ASpades P0 4Spades 
P3 3Spades P0 KDiamonds P1 3Hearts P2 JSpades 
P2 AHearts P3 5Hearts P0 7Hearts P1 QHearts 
P2 6Hearts P3 KHearts P0 2Hearts P1 JDiamonds 
P3 4Diamonds P0 4Hearts P1 6Diamonds P2 7Diamonds 
P2 JHearts P3 5Spades P0 2Clubs P1 QDiamonds 
P0 3Clubs P1 5Clubs P2 4Clubs P3 7Spades 
P1 JClubs P2 6Clubs P3 6Spades P0 KClubs 
P0 AClubs P1 7Clubs P2 QClubs P3 KSpades 
-- /GAME --
P0 HAND: 7Diamonds, KDiamonds, 2Clubs, 7Hearts, JHearts, 6Hearts, 3Hearts, 7Spades, JSpades, 2Spades.
P1 HAND: ADiamonds, JDiamonds, 5Diamonds, 2Diamonds, QClubs, 6Clubs, 4Clubs, 4Hearts, QSpades, 4Spades.
P2 HAND: 3Diamonds, 5Clubs, 3Clubs, AHearts, KHearts, QHearts, 2Hearts, ASpades, 5Spades, 3Spades.
P3 HAND: QDiamonds, 6Diamonds, 4Diamonds, AClubs, 7Clubs, KClubs, JClubs, 5Hearts, KSpades, 6Spades.

