-- GAME --
P0 HAND: JDiamonds, 3Diamonds, AClubs, 7Clubs, 3Clubs, AHearts, JHearts, 3Hearts, 2Hearts, 5Spades.
P1 HAND: KDiamonds, 4Diamonds, JClubs, 5Clubs, 4Clubs, 2Clubs, KHearts, 4Hearts, KSpades, 2Spades.
P2 HAND: ADiamonds, 6Diamonds, 2Diamonds, KClubs, QClubs, 6Clubs, 5Hearts, JSpades, QSpades, 3Spades.
P3 HAND: 7Diamonds, QDiamonds, 5Diamonds, 7Hearts, QHearts, 6Hearts, ASpades, 7Spades, 6Spades, 4Spades.
P3 ASpades P0 5Spades P1 KSpades P2 3Spades 
P3 4Spades P0 3Clubs P1 2Spades P2 JSpades 
P0 AHearts P1 4Hearts P2 5Hearts P3 6Hearts 
P0 3Diamonds P1 4Diamonds P2 ADiamonds P3 5Diamonds 
P2 2Diamonds P3 QDiamonds P0 JDiamonds P1 KDiamonds 
P1 2Clubs P2 6Clubs P3 6Spades P0 AClubs 
P0 2Hearts P1 KHearts P2 6Diamonds P3 7Hearts 
P3 QHearts P0 JHearts P1 4Clubs P2 QClubs 
P2 QSpades P3 7Spades P0 7Clubs P1 5Clubs 
P0 3Hearts P1 JClubs P2 KClubs P3 7Diamonds 
-- /GAME --
P0 HAND: 5Diamonds, 4Diamonds, 2Diamonds, 3Clubs, AHearts, QHearts, 6Hearts, 2Hearts, ASpades, 5Spades.
P1 HAND: JDiamonds, AClubs, 5Clubs, 7Hearts, KHearts, JHearts, 3Hearts, 7Spades, JSpades, QSpades.
P2 HAND: KDiamonds, QDiamonds, 3Diamonds, 7Clubs, JClubs, 5Hearts, 4Hearts, KSpades, 4Spades, 2Spades.
P3 HAND: ADiamonds, 7Diamonds, 6Diamonds, KClubs, QClubs, 6Clubs, 4Clubs, 2Clubs, 6Spades, 3Spades.
P2 3Diamonds P3 ADiamonds P0 2Diamonds P1 JDiamonds 
P3 2Clubs P0 3Clubs P1 AClubs P2 JClubs 
P1 3Hearts P2 4Hearts P3 4Clubs P0 AHearts 
P0 2Hearts P1 JHearts P2 5Hearts P3 7Diamonds 
P1 5Clubs P2 7Clubs P3 6Clubs P0 QHearts 
P2 QDiamonds P3 6Diamonds P0 4Diamonds P1 QSpades 
P1 JSpades P2 2Spades P3 3Spades P0 5Spades 
P1 7Spades P2 4Spades P3 6Spades P0 ASpades 
P0 6Hearts P1 KHearts P2 KSpades P3 QClubs 
P2 KDiamonds P3 KClubs P0 5Diamonds P1 7Hearts 
-- /GAME --
P0 HAND: ADiamonds, JDiamonds, QDiamonds, 5Diamonds, QClubs, 4Clubs, 3Clubs, 4Hearts, JSpades, 3Spades.
P1 HAND: KDiamonds, 2Diamonds, AClubs, 7Clubs, 2Clubs, AHearts, KHearts, 6Hearts, 5Hearts, QSpades.
P2 HAND: 7Diamonds, 6Diamonds, 3Diamonds, KClubs, JClubs, 7Hearts, 3Hearts, 2Hearts, 7Spades, 5Spades.
P3 HAND: 4Diamonds, 6Clubs, 5Clubs, JHearts, QHearts, ASpades, KSpades, 6Spades, 4Spades, 2Spades.
P1 AClubs P2 JClubs P3 6Clubs P0 3Clubs 
P1 AHearts P2 2Hearts P3 JHearts P0 4Hearts 
P1 2Clubs P2 KClubs P3 5Clubs P0 QClubs 
P2 3Hearts P3 QHearts P0 5Diamonds P1 5Hearts 
P0 4Clubs P1 7Clubs P2 3Diamonds P3 4Diamonds 
P3 2Spades P0 JSpades P1 QSpades P2 7Spades 
P2 5Spades P3 4Spades P0 3Spades P1 6Hearts 
P2 6Diamonds P3 6Spades P0 QDiamonds P1 2Diamonds 
P0 JDiamonds P1 KDiamonds P2 7Diamonds P3 KSpades 
P2 7Hearts P3 ASpades P0 ADiamonds P1 KHearts 
-- /GAME --
P0 HAND: 6Diamonds, 7Clubs, KClubs, JClubs, 6Clubs, 5Clubs, 3Clubs, 2Clubs, 7Hearts, 2Hearts.
P1 HAND: 7Diamonds, JDiamonds, AClubs, AHearts, 6Hearts, 4Hearts, 3Hearts, ASpades, JSpades, 3Spades.
P2 HAND: ADiamonds, 4Diamonds, 3Diamonds, 4Clubs, KHearts, JHearts, 5Hearts, 7Spades, 5Spades, 2Spades.
P3 HAND: KDiamonds, QDiamonds, 5Diamonds, 2Diamonds, QClubs, QHearts, KSpades, QSpades, 6Spades, 4Spades.
P0 6Diamonds P1 JDiamonds P2 3Diamonds P3 2Diamonds 
P1 AClubs P2 4Clubs P3 QClubs P0 2Clubs 
P1 AHearts P2 5Hearts P3 QHearts P0 2Hearts 
P1 ASpades P2 2Spades P3 KSpades P0 3Clubs 
P1 3Hearts P2 JHearts P3 4Spades P0 7Hearts 
P0 5Clubs P1 3Spades P2 5Spades P3 6Spades 

