-- GAME --
P0 HAND: ADiamonds, 6Diamonds, 3Diamonds, 2Diamonds, AClubs, QClubs, 6Clubs, 4Clubs, 4Hearts, ASpades.
P1 HAND: QDiamonds, 4Diamonds, 7Clubs, 5Clubs, 3Clubs, AHearts, 7Hearts, 6Hearts, 3Spades, 2Spades.
P2 HAND: 7Diamonds, KDiamonds, JClubs, KHearts, JHearts, 5Hearts, KSpades, JSpades, QSpades, 4Spades.
P3 HAND: JDiamonds, 5Diamonds, KClubs, 2Clubs, QHearts, 3Hearts, 2Hearts, 7Spades, 6Spades, 5Spades.
P3 2Clubs P0 AClubs P1 3Clubs P2 JClubs 
P0 ASpades P1 2Spades P2 KSpades P3 5Spades 
P0 ADiamonds P1 4Diamonds P2 7Diamonds P3 5Diamonds 
P0 6Diamonds P1 QDiamonds P2 KDiamonds P3 JDiamonds 
P2 4Spades P3 6Spades P0 4Hearts P1 3Spades 
P0 3Diamonds P1 5Clubs P2 QSpades P3 2Hearts 
P3 3Hearts P0 QClubs P1 6Hearts P2 5Hearts 
P1 7Hearts P2 JHearts P3 QHearts P0 2Diamonds 
P1 AHearts P2 KHearts P3 KClubs P0 6Clubs 
P1 7Clubs P2 JSpades P3 7Spades P0 4Clubs 
-- /GAME --
P0 HAND: 6Diamonds, 5Diamonds, 3Diamonds, 7Clubs, JClubs, 6Clubs, 4Clubs, 2Clubs, QHearts, KSpades.
P1 HAND: 2Diamonds, 5Clubs, AHearts, 7Hearts, JHearts, ASpades, 5Spades, 4Spades, 3Spades, 2Spades.
P2 HAND: 7Diamonds, QDiamonds, AClubs, KClubs, 3Clubs, KHearts, 4Hearts, JSpades, QSpades, 6Spades.
P3 HAND: ADiamonds, KDiamonds, JDiamonds, 4Diamonds, QClubs, 6Hearts, 5Hearts, 3Hearts, 2Hearts, 7Spades.
P2 AClubs P3 QClubs 
