-- GAME --
P0 HAND: KDiamonds, 5Diamonds, 3Diamonds, KHearts, QHearts, 5Hearts, 7Spades, QSpades, 5Spades, 3Spades.
P1 HAND: ADiamonds, QDiamonds, 4Diamonds, 2Diamonds, AClubs, JHearts, 6Hearts, 6Spades, 4Spades, 2Spades.
P2 HAND: JDiamonds, 6Diamonds, 7Clubs, 5Clubs, 4Clubs, 3Clubs, 2Clubs, AHearts, 3Hearts, 2Hearts.
P3 HAND: 7Diamonds, KClubs, JClubs, QClubs, 6Clubs, 7Hearts, 4Hearts, ASpades, KSpades, JSpades.
P1 ADiamonds P2 6Diamonds P3 7Diamonds P0 3Diamonds 
P1 AClubs P2 2Clubs P3 KClubs P0 7Spades 
P0 5Diamonds P1 2Diamonds P2 JDiamonds P3 4Hearts 
P2 AHearts P3 7Hearts P0 KHearts P1 6Hearts 
P2 2Hearts P3 6Clubs P0 QHearts P1 JHearts 
P1 4Diamonds P2 3Clubs P3 QClubs P0 KDiamonds 
P0 5Hearts P1 QDiamonds P2 3Hearts P3 JSpades 
P3 JClubs P0 3Spades P1 2Spades P2 7Clubs 
P0 5Spades P1 4Spades P2 4Clubs P3 KSpades 
P3 ASpades P0 QSpades P1 6Spades P2 5Clubs 
-- /GAME --
P0 HAND: 5Diamonds, 3Diamonds, KClubs, 3Clubs, 7Hearts, JHearts, QHearts, 4Hearts, 2Hearts, 4Spades.
P1 HAND: ADiamonds, 6Diamonds, 4Diamonds, 6Clubs, 4Clubs, KHearts, 6Spades, 5Spades, 3Spades, 2Spades.
P2 HAND: 7Diamonds, JDiamonds, JClubs, 5Clubs, 2Clubs, AHearts, 5Hearts, 3Hearts, ASpades, QSpades.
P3 HAND: KDiamonds, QDiamonds, 2Diamonds, AClubs, 7Clubs, QClubs, 6Hearts, 7Spades, KSpades, JSpades.
P0 4Spades P1 2Spades P2 ASpades P3 JSpades 
P2 AHearts P3 6Hearts P0 7Hearts P1 KHearts 
P2 2Clubs P3 AClubs P0 KClubs P1 6Clubs 
P3 QClubs P0 3Clubs P1 4Clubs P2 JClubs 
P2 3Hearts P3 2Diamonds P0 2Hearts P1 6Spades 
P3 QDiamonds P0 3Diamonds P1 4Diamonds P2 JDiamonds 
P2 5Clubs P3 7Clubs P0 5Diamonds P1 6Diamonds 
P1 3Spades P2 QSpades P3 KSpades P0 4Hearts 
P3 KDiamonds P0 JHearts P1 ADiamonds P2 7Diamonds 
P1 5Spades P2 5Hearts P3 7Spades P0 QHearts 
-- /GAME --
P0 HAND: 7Diamonds, KDiamonds, JDiamonds, 7Hearts, QHearts, 7Spades, KSpades, 5Spades, 3Spades, 2Spades.
P1 HAND: ADiamonds, 6Diamonds, 3Diamonds, KClubs, QClubs, 4Clubs, 3Clubs, JHearts, 2Hearts, JSpades.
P2 HAND: QDiamonds, 5Diamonds, 5Clubs, 2Clubs, KHearts, 6Hearts, 5Hearts, 4Hearts, ASpades, 4Spades.
P3 HAND: 4Diamonds, 2Diamonds, AClubs, 7Clubs, JClubs, 6Clubs, AHearts, 3Hearts, QSpades, 6Spades.
P3 AClubs P0 7Hearts P1 3Clubs P2 5Clubs 
P0 JDiamonds P1 ADiamonds P2 5Diamonds P3 4Diamonds 
P1 3Diamonds P2 QDiamonds P3 2Diamonds P0 7Diamonds 
P0 QHearts P1 2Hearts P2 4Hearts P3 3Hearts 
P0 KDiamonds P1 6Diamonds P2 2Clubs P3 6Clubs 
P0 2Spades P1 JSpades P2 ASpades P3 6Spades 
P2 4Spades P3 QSpades P0 KSpades P1 JHearts 
P1 4Clubs P2 5Hearts P3 JClubs P0 7Spades 
P2 6Hearts P3 AHearts P0 3Spades P1 KClubs 
P3 7Clubs P0 5Spades P1 QClubs P2 KHearts 
-- /GAME --
P0 HAND: 7Diamonds, KDiamonds, JDiamonds, 4Diamonds, 5Hearts, 4Hearts, ASpades, KSpades, JSpades, 6Spades.
P1 HAND: QDiamonds, 6Diamonds, KClubs, QClubs, 6Clubs, 2Clubs, AHearts, JHearts, 3Hearts, 7Spades.
P2 HAND: ADiamonds, 5Diamonds, 2Diamonds, AClubs, 7Clubs, JClubs, 3Clubs, QHearts, 6Hearts, 3Spades.
P3 HAND: 3Diamonds, 5Clubs, 4Clubs, 7Hearts, KHearts, 2Hearts, QSpades, 5Spades, 4Spades, 2Spades.
P2 ADiamonds P3 3Diamonds P0 7Diamonds P1 6Diamonds 
P2 AClubs P3 4Clubs P0 KDiamonds P1 2Clubs 
P2 2Diamonds P3 2Spades P0 JDiamonds P1 QDiamonds 
P0 5Hearts P1 3Hearts P2 6Hearts P3 2Hearts 
P2 3Clubs P3 5Clubs P0 4Diamonds P1 KClubs 
P1 6Clubs P2 JClubs P3 4Spades P0 KSpades 
P2 3Spades P3 5Spades P0 ASpades P1 7Spades 
P0 JSpades P1 QClubs P2 7Clubs P3 QSpades 
P0 6Spades P1 JHearts P2 5Diamonds P3 KHearts 
P3 7Hearts P0 4Hearts P1 AHearts P2 QHearts 
-- /GAME --
P0 HAND: 7Diamonds, KDiamonds, JDiamonds, QClubs, 5Clubs, AHearts, 3Hearts, 2Hearts, JSpades, 2Spades.
P1 HAND: 3Diamonds, 7Clubs, KClubs, JClubs, 6Clubs, 4Clubs, 7Hearts, KHearts, KSpades, 4Spades.
P2 HAND: ADiamonds, 5Diamonds, 3Clubs, QHearts, 5Hearts, 4Hearts, 7Spades, QSpades, 6Spades, 5Spades.
P3 HAND: QDiamonds, 6Diamonds, 4Diamonds, 2Diamonds, AClubs, 2Clubs, JHearts, 6Hearts, ASpades, 3Spades.
P1 4Clubs P2 3Clubs P3 AClubs P0 5Clubs 
P3 ASpades P0 2Spades P1 KSpades P2 5Spades 
P3 2Clubs P0 QClubs P1 6Clubs P2 7Spades 
P0 AHearts P1 KHearts P2 QHearts P3 6Hearts 
P0 JSpades P1 4Spades P2 6Spades P3 3Spades 
P0 2Hearts P1 7Hearts P2 4Hearts P3 JHearts 
P1 JClubs P2 5Hearts P3 2Diamonds P0 7Diamonds 
P0 KDiamonds P1 3Diamonds P2 5Diamonds P3 4Diamonds 
P0 JDiamonds P1 KClubs P2 ADiamonds P3 6Diamonds 
P2 QSpades P3 QDiamonds P0 3Hearts P1 7Clubs 
-- /GAME --

