-- GAME --
P0 HAND: KDiamonds, AClubs, KClubs, 2Clubs, KHearts, 4Hearts, 3Hearts, KSpades, JSpades, 3Spades.
P1 HAND: ADiamonds, QDiamonds, 4Diamonds, JClubs, QClubs, 7Hearts, QHearts, 6Hearts, 7Spades, 2Spades.
P2 HAND: JDiamonds, 5Diamonds, 4Clubs, AHearts, JHearts, 5Hearts, 2Hearts, ASpades, QSpades, 5Spades.
P3 HAND: 7Diamonds, 6Diamonds, 3Diamonds, 2Diamonds, 7Clubs, 6Clubs, 5Clubs, 3Clubs, 6Spades, 4Spades.
P1 ADiamonds P2 5Diamonds P3 7Diamonds P0 KDiamonds 
P1 4Diamonds P2 JDiamonds P3 2Diamonds P0 KHearts 
P2 2Hearts P3 3Diamonds P0 4Hearts P1 7Hearts 
P1 6Hearts P2 5Hearts P3 3Clubs P0 3Hearts 
P1 QDiamonds P2 4Clubs P3 6Diamonds P0 2Clubs 
P1 QClubs P2 5Spades P3 5Clubs P0 AClubs 
P2 JHearts P3 6Clubs P0 KSpades P1 QHearts 
P0 KClubs P1 JClubs P2 QSpades P3 7Clubs 
P2 ASpades P3 4Spades P0 3Spades P1 2Spades 
P2 AHearts P3 6Spades P0 JSpades P1 7Spades 
-- /GAME --
P0 HAND: 5Diamonds, 3Diamonds, AClubs, JHearts, QHearts, 6Hearts, 5Hearts, 3Hearts, JSpades, 4Spades.
P1 HAND: ADiamonds, KClubs, JClubs, 3Clubs, 7Hearts, KHearts, ASpades, KSpades, 3Spades, 2Spades.
P2 HAND: KDiamonds, QDiamonds, 4Diamonds, 2Diamonds, 7Clubs, 5Clubs, 4Clubs, 2Clubs, 4Hearts, 6Spades.
P3 HAND: 7Diamonds, JDiamonds, 6Diamonds, QClubs, 6Clubs, AHearts, 2Hearts, 7Spades, QSpades, 5Spades.
P0 AClubs P1 3Clubs P2 7Clubs P3 6Clubs 

