-- GAME --
P0 HAND: 7Diamonds, QDiamonds, 5Diamonds, AClubs, 7Clubs, JClubs, 3Clubs, 4Hearts, 3Hearts, 2Spades.
P1 HAND: ADiamonds, KDiamonds, 6Clubs, 5Clubs, 7Hearts, JHearts, 6Hearts, 5Hearts, KSpades, JSpades.
P2 HAND: JDiamonds, 2Diamonds, KClubs, 4Clubs, 2Clubs, KHearts, QHearts, ASpades, 6Spades, 3Spades.
P3 HAND: 6Diamonds, 4Diamonds, 3Diamonds, QClubs, AHearts, 2Hearts, 7Spades, QSpades, 5Spades, 4Spades.
P2 2Diamonds P3 3Diamonds P0 5Diamonds P1 ADiamonds 
P1 5Clubs P2 2Clubs P3 QClubs P0 AClubs 
P0 3Hearts P1 5Hearts P2 QHearts P3 AHearts 
P3 2Hearts P0 4Hearts P1 6Hearts P2 KHearts 
P2 4Clubs P3 4Diamonds P0 7Clubs P1 6Clubs 
P0 2Spades P1 JSpades P2 3Spades P3 4Spades 
P1 JHearts P2 6Spades P3 6Diamonds P0 7Diamonds 
P2 JDiamonds P3 5Spades P0 QDiamonds P1 KDiamonds 
P3 QSpades P0 3Clubs P1 KSpades P2 ASpades 
P2 KClubs P3 7Spades P0 JClubs P1 7Hearts 
-- /GAME --
P0 HAND: 7Diamonds, 6Diamonds, 4Diamonds, KClubs, QClubs, 2Clubs, AHearts, ASpades, JSpades, 4Spades.
P1 HAND: KDiamonds, JDiamonds, 7Clubs, 7Hearts, QHearts, 6Hearts, 5Hearts, 7Spades, 5Spades, 2Spades.
P2 HAND: ADiamonds, QDiamonds, 5Diamonds, 2Diamonds, AClubs, JClubs, KSpades, QSpades, 6Spades, 3Spades.
P3 HAND: 3Diamonds, 6Clubs, 5Clubs, 4Clubs, 3Clubs, KHearts, JHearts, 4Hearts, 3Hearts, 2Hearts.
P1 2Spades P2 3Spades P3 2Hearts P0 ASpades 
P0 AHearts P1 5Hearts P2 AClubs P3 3Hearts 
P0 2Clubs P1 7Clubs P2 JClubs P3 6Clubs 
P1 5Spades P2 6Spades P3 3Clubs P0 JSpades 
P0 KClubs P1 6Hearts P2 KSpades P3 4Clubs 
P0 QClubs P1 QHearts P2 QSpades P3 5Clubs 
P0 4Spades P1 7Spades P2 2Diamonds P3 3Diamonds 
P3 4Hearts P0 6Diamonds P1 7Hearts P2 5Diamonds 
P0 4Diamonds P1 JDiamonds P2 QDiamonds P3 KHearts 
P1 KDiamonds P2 ADiamonds P3 JHearts P0 7Diamonds 
-- /GAME --
P0 HAND: 7Diamonds, 6Diamonds, AClubs, QClubs, 2Clubs, 7Hearts, KHearts, JHearts, QHearts, 6Spades.
P1 HAND: KDiamonds, QDiamonds, 4Diamonds, 3Diamonds, 7Clubs, 5Clubs, AHearts, 5Hearts, 2Hearts, KSpades.
P2 HAND: 4Clubs, 3Clubs, 6Hearts, 4Hearts, 7Spades, JSpades, QSpades, 5Spades, 3Spades, 2Spades.
P3 HAND: ADiamonds, JDiamonds, 5Diamonds, 2Diamonds, KClubs, JClubs, 6Clubs, 3Hearts, ASpades, 4Spades.
P0 KHearts P1 2Hearts P2 4Hearts P3 3Hearts 
P0 QHearts P1 5Hearts P2 6Hearts P3 2Diamonds 
P0 AClubs P1 5Clubs P2 4Clubs P3 6Clubs 
P0 6Spades P1 KSpades P2 2Spades P3 ASpades 
P3 ADiamonds P0 6Diamonds P1 KDiamonds P2 3Clubs 
P3 4Spades P0 2Clubs P1 3Diamonds P2 7Spades 
P2 3Spades P3 5Diamonds P0 QClubs P1 4Diamonds 
P2 5Spades P3 JDiamonds P0 7Diamonds P1 AHearts 
P1 QDiamonds P2 QSpades P3 JClubs P0 JHearts 
P0 7Hearts P1 7Clubs P2 JSpades P3 KClubs 
-- /GAME --
P0 HAND: ADiamonds, 5Diamonds, 3Diamonds, KClubs, 6Clubs, 5Clubs, 2Clubs, JHearts, 3Hearts, 6Spades.
P1 HAND: 7Clubs, QClubs, AHearts, 4Hearts, 2Hearts, ASpades, 7Spades, JSpades, 5Spades, 3Spades.
P2 HAND: 7Diamonds, KDiamonds, JDiamonds, JClubs, 3Clubs, 7Hearts, KHearts, 6Hearts, 5Hearts, KSpades.
P3 HAND: QDiamonds, 6Diamonds, 4Diamonds, 2Diamonds, AClubs, 4Clubs, QHearts, QSpades, 4Spades, 2Spades.
P3 AClubs P0 2Clubs P1 7Clubs P2 3Clubs 
P3 2Spades P0 6Spades P1 ASpades P2 KSpades 
P1 AHearts P2 5Hearts P3 QHearts P0 3Hearts 
P1 2Hearts P2 6Hearts P3 4Clubs P0 JHearts 
P0 3Diamonds P1 3Spades P2 JDiamonds P3 2Diamonds 
P2 JClubs P3 4Spades P0 5Clubs P1 QClubs 
P2 KDiamonds P3 4Diamonds P0 5Diamonds P1 4Hearts 
P2 7Diamonds P3 6Diamonds P0 ADiamonds P1 5Spades 
P0 KClubs P1 JSpades P2 KHearts P3 QDiamonds 
P3 QSpades P0 6Clubs P1 7Spades P2 7Hearts 
-- /GAME --
P0 HAND: KDiamonds, 6Diamonds, QClubs, 5Clubs, 4Clubs, 2Clubs, KHearts, 6Hearts, 4Spades, 3Spades.
P1 HAND: ADiamonds, 4Diamonds, KClubs, 6Clubs, 3Clubs, 5Hearts, 2Hearts, ASpades, QSpades, 6Spades.
P2 HAND: JDiamonds, QDiamonds, 3Diamonds, 2Diamonds, AClubs, JClubs, 7Hearts, JHearts, KSpades, 5Spades.
P3 HAND: 7Diamonds, 5Diamonds, 7Clubs, AHearts, QHearts, 4Hearts, 3Hearts, 7Spades, JSpades, 2Spades.
P2 2Diamonds P3 5Diamonds P0 6Diamonds P1 ADiamonds 
P1 ASpades P2 5Spades P3 7Spades P0 3Spades 
P1 2Hearts P2 JHearts P3 AHearts P0 6Hearts 
P3 2Spades P0 4Spades P1 6Spades P2 KSpades 
P2 3Diamonds P3 7Diamonds P0 KDiamonds P1 4Diamonds 
P3 3Hearts P0 KHearts P1 5Hearts P2 7Hearts 
P2 QDiamonds P3 4Hearts P0 4Clubs P1 QSpades 
P0 2Clubs P1 3Clubs P2 JClubs P3 7Clubs 
P3 QHearts P0 QClubs P1 6Clubs P2 JDiamonds 
P0 5Clubs P1 KClubs P2 AClubs P3 JSpades 
-- /GAME --
P0 HAND: 2Diamonds, JClubs, 6Clubs, 3Clubs, 2Clubs, KHearts, 3Hearts, QSpades, 5Spades, 2Spades.
P1 HAND: ADiamonds, QDiamonds, 7Clubs, 4Clubs, 7Hearts, 4Hearts, 2Hearts, ASpades, 7Spades, JSpades.
P2 HAND: 7Diamonds, JDiamonds, 3Diamonds, AClubs, KClubs, QClubs, JHearts, KSpades, 4Spades, 3Spades.
P3 HAND: KDiamonds, 6Diamonds, 5Diamonds, 4Diamonds, 5Clubs, AHearts, QHearts, 6Hearts, 5Hearts, 6Spades.
P1 ADiamonds P2 3Diamonds P3 KDiamonds P0 2Diamonds 
P1 2Hearts P2 JHearts P3 AHearts P0 3Hearts 
P3 4Diamonds P0 KHearts P1 QDiamonds P2 7Diamonds 
P2 AClubs P3 5Clubs P0 JClubs P1 4Clubs 
P2 QClubs P3 5Diamonds P0 2Clubs P1 7Clubs 
P1 4Hearts P2 3Spades P3 5Hearts P0 3Clubs 
P2 JDiamonds P3 6Diamonds P0 2Spades P1 JSpades 
P1 7Spades P2 4Spades P3 6Spades P0 5Spades 
P1 ASpades P2 KSpades P3 6Hearts P0 QSpades 
P1 7Hearts P2 KClubs P3 QHearts P0 6Clubs 
-- /GAME --
P0 HAND: 7Diamonds, 7Clubs, 4Clubs, AHearts, KHearts, QHearts, 6Hearts, 4Hearts, 3Hearts, 3Spades.
P1 HAND: ADiamonds, QDiamonds, 3Diamonds, JClubs, 6Clubs, 2Clubs, JHearts, ASpades, KSpades, 4Spades.
P2 HAND: 6Diamonds, 2Diamonds, KClubs, QClubs, 5Clubs, 7Spades, JSpades, 6Spades, 5Spades, 2Spades.
P3 HAND: KDiamonds, JDiamonds, 5Diamonds, 4Diamonds, AClubs, 3Clubs, 7Hearts, 5Hearts, 2Hearts, QSpades.

