-- GAME --
P0 3Spades P1 5Spades P2 4Spades 
P1 QHearts P2 4Hearts P3 7Hearts P0 KHearts 
P3 6Spades P0 QSpades P1 KSpades P2 ASpades 
P2 JClubs P3 JSpades P0 2Clubs P1 7Spades 
-- /GAME --
P0 HAND: 5Diamonds, 2Diamonds, 7Clubs, 3Clubs, 2Clubs, KHearts, 6Hearts, KSpades, JSpades, 6Spades.
P1 HAND: QDiamonds, QClubs, 6Clubs, 5Clubs, 4Clubs, QHearts, 7Spades, QSpades, 5Spades, 3Spades.
P2 HAND: ADiamonds, 7Diamonds, AClubs, JClubs, AHearts, 7Hearts, 4Hearts, 3Hearts, 2Hearts, ASpades.
P3 HAND: KDiamonds, JDiamonds, 6Diamonds, 4Diamonds, 3Diamonds, KClubs, JHearts, 5Hearts, 4Spades, 2Spades.
P2 ADiamonds P3 3Diamonds P0 2Diamonds P1 QDiamonds 
P2 2Hearts P3 5Hearts P0 6Hearts P1 QHearts 
P1 3Spades P2 ASpades P3 2Spades P0 KSpades 
P2 3Hearts P3 JHearts P0 KHearts P1 4Clubs 
P1 5Spades P2 4Hearts P3 4Spades P0 JSpades 
P0 6Spades P1 QSpades P2 JClubs P3 KClubs 
P3 4Diamonds P0 5Diamonds P1 5Clubs P2 7Diamonds 
P1 6Clubs P2 AClubs P3 6Diamonds P0 2Clubs 
P2 7Hearts P3 JDiamonds P0 7Clubs P1 7Spades 
P0 3Clubs P1 QClubs P2 AHearts P3 KDiamonds 
-- /GAME --
P0 HAND: KDiamonds, 6Diamonds, JClubs, 5Clubs, 4Clubs, 7Hearts, KHearts, JHearts, QHearts, 5Spades.
P1 HAND: 7Diamonds, 5Diamonds, 7Clubs, KClubs, QClubs, 6Clubs, 2Clubs, ASpades, QSpades, 2Spades.
P2 HAND: QDiamonds, 3Diamonds, AClubs, 3Clubs, AHearts, 6Hearts, 4Hearts, 7Spades, 6Spades, 4Spades.
P3 HAND: ADiamonds, JDiamonds, 4Diamonds, 2Diamonds, 5Hearts, 3Hearts, 2Hearts, KSpades, JSpades, 3Spades.

