-- GAME --
P0 HAND: 7Diamonds, JDiamonds, KClubs, QClubs, KHearts, QHearts, 5Hearts, 3Hearts, QSpades, 3Spades.
P1 HAND: KDiamonds, QDiamonds, 6Diamonds, 2Diamonds, 5Clubs, 2Clubs, 7Hearts, JHearts, 2Hearts, JSpades.
P2 HAND: 7Clubs, JClubs, 6Clubs, 4Clubs, 6Hearts, 4Hearts, ASpades, KSpades, 6Spades, 2Spades.
P3 HAND: ADiamonds, 5Diamonds, 4Diamonds, 3Diamonds, AClubs, 3Clubs, AHearts, 7Spades, 5Spades, 4Spades.
P2 ASpades P3 4Spades P0 QSpades P1 JSpades 
P2 2Spades P3 5Spades P0 3Spades P1 7Hearts 
P3 ADiamonds P0 7Diamonds P1 KDiamonds P2 4Clubs 
P2 4Hearts P3 AHearts P0 3Hearts P1 JHearts 
P3 3Diamonds P0 JDiamonds P1 2Diamonds P2 KSpades 
P0 5Hearts P1 2Hearts P2 6Hearts P3 4Diamonds 
P2 6Spades P3 7Spades P0 KClubs P1 6Diamonds 
P0 KHearts P1 QDiamonds P2 6Clubs P3 AClubs 
P3 5Diamonds P0 QClubs P1 2Clubs P2 JClubs 
P2 7Clubs P3 3Clubs P0 QHearts P1 5Clubs 
-- /GAME --
P0 HAND: ADiamonds, AClubs, JClubs, 4Clubs, 3Clubs, AHearts, KSpades, JSpades, QSpades, 4Spades.
P1 HAND: QDiamonds, 5Diamonds, QClubs, 2Clubs, 7Hearts, KHearts, JHearts, QHearts, 5Hearts, 3Spades.
P2 HAND: 7Diamonds, KDiamonds, JDiamonds, 2Diamonds, 7Clubs, 6Hearts, 2Hearts, 7Spades, 5Spades, 2Spades.
P3 HAND: 6Diamonds, 4Diamonds, 3Diamonds, KClubs, 6Clubs, 5Clubs, 4Hearts, 3Hearts, ASpades, 6Spades.
P1 3Spades P2 2Spades P3 ASpades P0 4Spades 
P3 3Diamonds P0 ADiamonds P1 5Diamonds P2 7Diamonds 
P0 AHearts P1 5Hearts P2 6Hearts P3 3Hearts 
P0 QSpades P1 QDiamonds P2 7Spades P3 6Spades 
P2 2Diamonds P3 4Diamonds P0 3Clubs P1 QHearts 
P0 KSpades P1 2Clubs P2 5Spades P3 6Diamonds 
P1 JHearts P2 2Hearts P3 4Hearts P0 JClubs 
P0 JSpades P1 QClubs P2 7Clubs P3 5Clubs 
P2 JDiamonds P3 6Clubs P0 AClubs P1 KHearts 
P0 4Clubs P1 7Hearts P2 KDiamonds P3 KClubs 
-- /GAME --
P0 HAND: 7Clubs, 5Clubs, 3Clubs, 2Clubs, AHearts, 6Hearts, ASpades, 7Spades, JSpades, 3Spades.
P1 HAND: KDiamonds, 5Diamonds, 4Diamonds, AClubs, KClubs, JClubs, JHearts, QHearts, QSpades, 2Spades.
P2 HAND: ADiamonds, JDiamonds, 2Diamonds, QClubs, 5Hearts, 4Hearts, 3Hearts, KSpades, 6Spades, 5Spades.
P3 HAND: 7Diamonds, QDiamonds, 6Diamonds, 3Diamonds, 6Clubs, 4Clubs, 7Hearts, KHearts, 2Hearts, 4Spades.
P0 AHearts P1 QHearts P2 5Hearts P3 2Hearts 
P0 2Clubs P1 AClubs P2 QClubs P3 6Clubs 
P1 4Diamonds P2 ADiamonds P3 3Diamonds P0 7Clubs 
P2 2Diamonds P3 6Diamonds P0 3Spades P1 5Diamonds 
P0 5Clubs P1 JClubs P2 3Hearts P3 4Clubs 
P1 JHearts P2 4Hearts P3 KHearts P0 6Hearts 
P3 QDiamonds P0 3Clubs P1 KDiamonds P2 JDiamonds 
P1 2Spades P2 5Spades P3 4Spades P0 JSpades 
P0 ASpades P1 QSpades P2 6Spades P3 7Diamonds 
P0 7Spades P1 KClubs P2 KSpades P3 7Hearts 
-- /GAME --
P0 HAND: QDiamonds, 7Clubs, QClubs, 6Clubs, 4Clubs, 2Clubs, AHearts, QHearts, 2Hearts, QSpades.
P1 HAND: ADiamonds, 7Diamonds, 5Diamonds, 3Diamonds, JHearts, 4Hearts, 3Hearts, 6Spades, 5Spades, 4Spades.
P2 HAND: KDiamonds, JDiamonds, 6Diamonds, 2Diamonds, JClubs, 5Clubs, 7Hearts, ASpades, JSpades, 3Spades.
P3 HAND: 4Diamonds, AClubs, KClubs, 3Clubs, KHearts, 6Hearts, 5Hearts, 7Spades, KSpades, 2Spades.
P3 AClubs P0 2Clubs P1 ADiamonds P2 5Clubs 
P3 3Clubs P0 4Clubs P1 3Diamonds P2 JClubs 
P2 2Diamonds P3 4Diamonds P0 QDiamonds P1 7Diamonds 
P1 3Hearts P2 7Hearts P3 5Hearts P0 AHearts 
P0 2Hearts P1 4Hearts P2 6Diamonds P3 KHearts 
P3 6Hearts P0 QHearts P1 JHearts P2 3Spades 
P2 JDiamonds P3 2Spades P0 QSpades P1 5Diamonds 
P0 6Clubs P1 4Spades P2 JSpades P3 KClubs 
P2 ASpades P3 KSpades P0 7Clubs P1 5Spades 
P2 KDiamonds P3 7Spades P0 QClubs P1 6Spades 
-- /GAME --
P0 HAND: 5Diamonds, JClubs, QClubs, 5Clubs, 7Hearts, KHearts, 3Hearts, 2Hearts, KSpades, 2Spades.
P1 HAND: QDiamonds, 4Diamonds, 4Clubs, JHearts, 5Hearts, 4Hearts, ASpades, 5Spades, 4Spades, 3Spades.
P2 HAND: ADiamonds, JDiamonds, 3Diamonds, 2Diamonds, 6Clubs, 3Clubs, 2Clubs, 6Hearts, JSpades, 6Spades.
P3 HAND: 7Diamonds, KDiamonds, 6Diamonds, AClubs, 7Clubs, KClubs, AHearts, QHearts, 7Spades, QSpades.
P3 AHearts P0 2Hearts P1 JHearts P2 6Hearts 
P3 6Diamonds P0 5Diamonds P1 4Diamonds P2 ADiamonds 
P2 2Diamonds P3 KDiamonds P0 7Hearts P1 QDiamonds 
P3 QHearts P0 KHearts P1 4Hearts P2 JDiamonds 
P0 3Hearts P1 5Hearts P2 3Diamonds P3 7Diamonds 
P1 ASpades P2 6Spades P3 7Spades P0 2Spades 
P1 3Spades P2 JSpades P3 QSpades P0 KSpades 
P0 5Clubs P1 4Clubs P2 2Clubs P3 KClubs 
P3 7Clubs P0 QClubs P1 4Spades P2 3Clubs 
P3 AClubs P0 JClubs P1 5Spades P2 6Clubs 
-- /GAME --
P0 HAND: KDiamonds, JDiamonds, QDiamonds, KClubs, 4Clubs, 5Hearts, JSpades, 6Spades, 5Spades, 2Spades.
P1 HAND: 7Diamonds, 2Diamonds, QClubs, 3Clubs, 2Clubs, JHearts, 6Hearts, 3Hearts, KSpades, 4Spades.
P2 HAND: ADiamonds, 6Diamonds, 4Diamonds, 7Clubs, 6Clubs, 5Clubs, 7Hearts, QHearts, ASpades, 3Spades.
P3 HAND: 5Diamonds, 3Diamonds, AClubs, JClubs, AHearts, KHearts, 4Hearts, 2Hearts, 7Spades, QSpades.
P2 ADiamonds P3 3Diamonds P0 KDiamonds P1 2Diamonds 
P2 ASpades P3 QSpades P0 JSpades P1 4Spades 
P2 3Spades P3 7Spades P0 6Spades P1 KSpades 
P3 AHearts P0 5Hearts P1 JHearts P2 QHearts 
P3 2Hearts P0 QDiamonds P1 3Hearts P2 7Hearts 
P2 4Diamonds P3 5Diamonds P0 JDiamonds P1 7Diamonds 
P1 6Hearts P2 6Diamonds P3 4Hearts P0 KClubs 
P0 5Spades P1 2Clubs P2 5Clubs P3 JClubs 
P3 AClubs P0 4Clubs P1 3Clubs P2 6Clubs 
P3 KHearts P0 2Spades P1 QClubs P2 7Clubs 
-- /GAME --
P0 HAND: 7Diamonds, KDiamonds, 6Diamonds, 5Diamonds, 6Clubs, 5Clubs, 7Hearts, 6Hearts, 3Hearts, 7Spades.
P1 HAND: ADiamonds, QDiamonds, 4Diamonds, KClubs, QClubs, 4Clubs, 3Clubs, QHearts, KSpades, 2Spades.
P2 HAND: 3Diamonds, 2Diamonds, 7Clubs, 2Clubs, AHearts, JHearts, 5Hearts, 4Hearts, ASpades, JSpades.
P3 HAND: JDiamonds, AClubs, JClubs, KHearts, 2Hearts, QSpades, 6Spades, 5Spades, 4Spades, 3Spades.
P1 ADiamonds P2 2Diamonds P3 JDiamonds P0 5Diamonds 
P1 2Spades P2 ASpades P3 3Spades P0 7Spades 
P2 2Clubs P3 AClubs P0 6Clubs P1 KClubs 
P3 4Spades P0 7Hearts P1 KSpades P2 JSpades 
P0 5Clubs P1 3Clubs P2 7Clubs P3 JClubs 
P2 3Diamonds P3 5Spades P0 KDiamonds P1 4Diamonds 
P0 6Diamonds P1 QDiamonds P2 4Hearts P3 6Spades 
P2 5Hearts P3 2Hearts P0 3Hearts P1 QHearts 
P1 4Clubs P2 JHearts P3 QSpades P0 7Diamonds 
P2 AHearts P3 KHearts P0 6Hearts P1 QClubs 
-- /GAME --
P0 HAND: 7Diamonds, 5Diamonds, KClubs, JClubs, QClubs, AHearts, 6Hearts, 3Hearts, 2Hearts, 2Spades.
P1 HAND: ADiamonds, QDiamonds, 2Diamonds, AClubs, 6Clubs, 5Clubs, ASpades, JSpades, 4Spades, 3Spades.
P2 HAND: 6Diamonds, 3Diamonds, 7Clubs, 4Clubs, 3Clubs, KHearts, QHearts, KSpades, QSpades, 5Spades.
P3 HAND: KDiamonds, JDiamonds, 4Diamonds, 2Clubs, 7Hearts, JHearts, 5Hearts, 4Hearts, 7Spades, 6Spades.
P0 AHearts P1 2Diamonds P2 QHearts P3 7Hearts 
P1 AClubs P2 3Clubs P3 2Clubs P0 QClubs 
P1 ASpades P2 5Spades P3 7Spades P0 2Spades 
P1 3Spades P2 QSpades P3 6Spades P0 7Diamonds 
P0 KClubs P1 5Clubs P2 7Clubs P3 4Diamonds 
P3 4Hearts P0 6Hearts P1 4Spades P2 KHearts 
P2 4Clubs P3 5Hearts P0 JClubs P1 6Clubs 
P0 3Hearts P1 QDiamonds P2 3Diamonds P3 JHearts 
P1 JSpades P2 KSpades P3 JDiamonds P0 2Hearts 
P3 KDiamonds P0 5Diamonds P1 ADiamonds P2 6Diamonds 
-- /GAME --
P0 HAND: 6Diamonds, 3Diamonds, 2Diamonds, AClubs, 6Clubs, 4Clubs, 2Clubs, 4Hearts, 7Spades, 5Spades.
P1 HAND: 7Diamonds, 7Clubs, JClubs, AHearts, KHearts, QHearts, 3Hearts, 2Hearts, QSpades, 2Spades.
P2 HAND: KDiamonds, JDiamonds, 4Diamonds, QClubs, 3Clubs, 7Hearts, JHearts, ASpades, KSpades, 4Spades.
P3 HAND: ADiamonds, QDiamonds, 5Diamonds, KClubs, 5Clubs, 6Hearts, 5Hearts, JSpades, 6Spades, 3Spades.
P2 ASpades P3 3Spades P0 7Spades P1 2Spades 
P2 3Clubs P3 5Clubs P0 AClubs P1 JClubs 
P0 2Diamonds P1 7Diamonds P2 4Diamonds P3 ADiamonds 
P3 5Diamonds P0 6Diamonds P1 QSpades P2 KDiamonds 
P2 4Spades P3 6Spades P0 5Spades P1 7Clubs 
P3 QDiamonds P0 3Diamonds P1 2Hearts P2 JDiamonds 
P1 3Hearts P2 JHearts P3 5Hearts P0 4Hearts 
P2 QClubs P3 KClubs P0 2Clubs P1 QHearts 
P1 KHearts P2 7Hearts P3 6Hearts P0 6Clubs 
P2 KSpades P3 JSpades P0 4Clubs P1 AHearts 
-- /GAME --
P0 HAND: KDiamonds, 6Diamonds, KClubs, 4Clubs, 2Clubs, AHearts, 7Hearts, 7Spades, 5Spades, 4Spades.
P1 HAND: 7Diamonds, JDiamonds, QDiamonds, AClubs, 6Clubs, 5Clubs, 3Clubs, QHearts, 6Hearts, 2Hearts.
P2 HAND: 2Diamonds, 7Clubs, QClubs, 5Hearts, 4Hearts, ASpades, KSpades, JSpades, 6Spades, 3Spades.
P3 HAND: ADiamonds, 5Diamonds, 4Diamonds, 3Diamonds, JClubs, KHearts, JHearts, 3Hearts, QSpades, 2Spades.
P1 AClubs P2 QClubs P3 JClubs P0 2Clubs 
P1 3Clubs P2 7Clubs P3 3Hearts P0 4Clubs 
P3 ADiamonds P0 6Diamonds P1 7Diamonds P2 2Diamonds 
P3 2Spades P0 4Spades P1 5Clubs P2 ASpades 
P2 3Spades P3 QSpades P0 7Spades P1 2Hearts 
P1 6Clubs P2 6Spades P3 3Diamonds P0 KClubs 
P0 7Hearts P1 6Hearts P2 4Hearts P3 JHearts 
P0 AHearts P1 QHearts P2 5Hearts P3 KHearts 
P0 KDiamonds P1 QDiamonds P2 KSpades P3 4Diamonds 
P0 5Spades P1 JDiamonds P2 JSpades P3 5Diamonds 
-- /GAME --
P0 HAND: QDiamonds, 6Diamonds, 4Diamonds, KHearts, JHearts, QHearts, 6Hearts, 5Spades, 4Spades, 3Spades.
P1 HAND: ADiamonds, 7Diamonds, KDiamonds, JDiamonds, AClubs, JClubs, AHearts, 7Hearts, 2Hearts, QSpades.
P2 HAND: 3Diamonds, 7Clubs, KClubs, QClubs, 5Clubs, 4Hearts, ASpades, JSpades, 6Spades, 2Spades.
P3 HAND: 5Diamonds, 2Diamonds, 6Clubs, 4Clubs, 3Clubs, 2Clubs, 5Hearts, 3Hearts, 7Spades, KSpades.
P0 4Diamonds P1 ADiamonds P2 3Diamonds P3 5Diamonds 
P1 AClubs P2 5Clubs P3 6Clubs P0 5Spades 
P0 6Hearts P1 AHearts P2 4Hearts P3 5Hearts 
P1 2Hearts P2 QClubs P3 3Hearts P0 KHearts 
P0 JHearts P1 7Hearts P2 2Spades P3 KSpades 
P3 2Diamonds P0 QDiamonds P1 JDiamonds P2 6Spades 
P2 JSpades P3 7Spades P0 3Spades P1 QSpades 
P3 2Clubs P0 4Spades P1 JClubs P2 7Clubs 
P0 QHearts P1 KDiamonds P2 ASpades P3 3Clubs 
P2 KClubs P3 4Clubs P0 6Diamonds P1 7Diamonds 
-- /GAME --
P0 HAND: 3Diamonds, 2Diamonds, AClubs, 4Clubs, AHearts, 6Hearts, 2Hearts, 7Spades, QSpades, 6Spades.
P1 HAND: ADiamonds, 7Diamonds, QDiamonds, 6Diamonds, QClubs, 6Clubs, 2Clubs, 7Hearts, QHearts, ASpades.
P2 HAND: KDiamonds, 5Diamonds, KClubs, 3Clubs, JHearts, 3Hearts, KSpades, JSpades, 5Spades, 4Spades.
P3 HAND: JDiamonds, 4Diamonds, 7Clubs, JClubs, 5Clubs, KHearts, 5Hearts, 4Hearts, 3Spades, 2Spades.
P3 2Spades P0 6Spades P1 ASpades P2 4Spades 
P1 ADiamonds P2 5Diamonds P3 JDiamonds P0 2Diamonds 
P1 2Clubs P2 3Clubs P3 5Clubs P0 AClubs 
P0 QSpades P1 6Diamonds P2 5Spades P3 3Spades 
P0 3Diamonds P1 QDiamonds P2 KDiamonds P3 4Diamonds 
P2 JSpades P3 4Hearts P0 7Spades P1 7Diamonds 
P3 JClubs P0 4Clubs P1 6Clubs P2 KClubs 
P2 3Hearts P3 5Hearts P0 AHearts P1 QHearts 
P0 2Hearts P1 7Hearts P2 JHearts P3 KHearts 
P1 QClubs P2 KSpades P3 7Clubs P0 6Hearts 
-- /GAME --
P0 HAND: ADiamonds, 5Diamonds, 4Diamonds, JClubs, 2Clubs, AHearts, JHearts, 5Hearts, 4Hearts, 3Spades.
P1 HAND: 7Diamonds, QDiamonds, 2Diamonds, AClubs, 6Clubs, 3Clubs, 7Hearts, KHearts, 6Hearts, 2Spades.
P2 HAND: JDiamonds, 6Diamonds, KClubs, 5Clubs, 4Clubs, 3Hearts, ASpades, 7Spades, 5Spades, 4Spades.
P3 HAND: KDiamonds, 3Diamonds, 7Clubs, QClubs, QHearts, 2Hearts, KSpades, JSpades, QSpades, 6Spades.
P2 ASpades P3 6Spades P0 3Spades P1 2Spades 
P2 3Hearts P3 2Hearts P0 AHearts P1 6Hearts 
P0 2Clubs P1 AClubs P2 4Clubs P3 7Clubs 
P1 3Clubs P2 5Clubs P3 QClubs P0 JClubs 
P0 JHearts P1 KHearts P2 6Diamonds P3 QHearts 
P2 4Spades P3 QSpades P0 4Diamonds P1 6Clubs 
P0 ADiamonds P1 2Diamonds P2 JDiamonds P3 3Diamonds 
P0 4Hearts P1 7Hearts P2 5Spades P3 KSpades 
P1 QDiamonds P2 KClubs P3 KDiamonds P0 5Diamonds 
P3 JSpades P0 5Hearts P1 7Diamonds P2 7Spades 
-- /GAME --
P0 HAND: ADiamonds, KDiamonds, 3Diamonds, KClubs, 5Clubs, 2Clubs, QHearts, ASpades, QSpades, 3Spades.
P1 HAND: AClubs, 7Clubs, 6Clubs, 4Clubs, AHearts, KHearts, 4Hearts, 2Hearts, 7Spades, 4Spades.
P2 HAND: JDiamonds, 5Diamonds, 2Diamonds, QClubs, 3Clubs, JHearts, 5Hearts, JSpades, 5Spades, 2Spades.
P3 HAND: 7Diamonds, QDiamonds, 6Diamonds, 4Diamonds, JClubs, 7Hearts, 6Hearts, 3Hearts, KSpades, 6Spades.
P1 AHearts P2 5Hearts P3 7Hearts P0 QHearts 
P1 2Hearts P2 JHearts P3 3Hearts P0 KDiamonds 
P2 2Diamonds P3 4Diamonds P0 ADiamonds P1 4Clubs 
P1 4Hearts P2 2Spades P3 6Hearts P0 3Diamonds 
P3 6Diamonds P0 2Clubs P1 4Spades P2 JDiamonds 
P0 ASpades P1 7Spades P2 JSpades P3 6Spades 
P0 QSpades P1 6Clubs P2 5Spades P3 KSpades 
P1 7Clubs P2 3Clubs P3 JClubs P0 5Clubs 
P1 AClubs P2 QClubs P3 QDiamonds P0 KClubs 
P1 KHearts P2 5Diamonds P3 7Diamonds P0 3Spades 
-- /GAME --

