-- GAME --
P3 2Diamonds P0 KDiamonds P1 4Diamonds P2 ADiamonds 
P2 AClubs P3 2Clubs P0 7Clubs P1 4Clubs 
P2 2Hearts P3 4Hearts P0 AHearts P1 QHearts 
P0 3Clubs P1 QClubs P2 6Clubs P3 KClubs 
P3 5Clubs P0 3Hearts P1 6Diamonds P2 3Diamonds 
P3 JDiamonds P0 5Hearts P1 7Diamonds P2 5Diamonds 
P1 2Spades P2 JSpades P3 3Spades P0 QSpades 
P2 6Hearts P3 7Hearts P0 JHearts P1 4Spades 
P1 5Spades P2 7Spades P3 KSpades P0 ASpades 
P0 KHearts P1 6Spades P2 QDiamonds P3 JClubs 
-- /GAME --
P0 HAND: KDiamonds, 5Diamonds, 3Diamonds, 6Clubs, 5Clubs, 4Clubs, 3Clubs, 6Hearts, ASpades, KSpades.
P1 HAND: 7Diamonds, QDiamonds, 4Diamonds, AClubs, KClubs, 2Clubs, JHearts, 5Hearts, 3Hearts, 4Spades.
P2 HAND: ADiamonds, JDiamonds, QClubs, AHearts, 4Hearts, 7Spades, JSpades, 6Spades, 5Spades, 3Spades.
P3 HAND: 6Diamonds, 2Diamonds, 7Clubs, JClubs, 7Hearts, KHearts, QHearts, 2Hearts, QSpades, 2Spades.
P2 AHearts P3 2Hearts P0 6Hearts P1 3Hearts 
P2 3Spades P3 2Spades P0 ASpades P1 4Spades 
P0 3Clubs P1 AClubs P2 QClubs P3 7Clubs 
P1 2Clubs P2 4Hearts P3 JClubs P0 4Clubs 
P3 QHearts P0 3Diamonds P1 5Hearts P2 7Spades 
P0 5Clubs P1 KClubs P2 5Spades P3 7Hearts 
P1 JHearts P2 6Spades P3 KHearts P0 5Diamonds 
P0 6Clubs P1 4Diamonds P2 JDiamonds P3 QSpades 
P2 JSpades P3 2Diamonds P0 KSpades P1 QDiamonds 
P1 7Diamonds P2 ADiamonds P3 6Diamonds P0 KDiamonds 
-- /GAME --
P0 HAND: 6Diamonds, 2Clubs, AHearts, KHearts, 6Hearts, 4Hearts, 3Hearts, 2Hearts, 7Spades, JSpades.
P1 HAND: ADiamonds, QDiamonds, 2Diamonds, 5Clubs, 3Clubs, JHearts, QSpades, 6Spades, 4Spades, 3Spades.
P2 HAND: KDiamonds, 4Diamonds, AClubs, 7Clubs, KClubs, QClubs, 7Hearts, ASpades, KSpades, 2Spades.
P3 HAND: 7Diamonds, JDiamonds, 5Diamonds, 3Diamonds, JClubs, 6Clubs, 4Clubs, QHearts, 5Hearts, 5Spades.
P1 ADiamonds P2 4Diamonds P3 7Diamonds P0 6Diamonds 
P1 2Diamonds P2 KDiamonds P3 3Diamonds P0 7Spades 
P2 AClubs P3 4Clubs P0 2Clubs P1 3Clubs 
P2 ASpades P3 5Spades P0 JSpades P1 3Spades 
P2 2Spades P3 5Diamonds P0 2Hearts P1 4Spades 
P0 6Hearts P1 JHearts P2 7Hearts P3 5Hearts 
P2 QClubs P3 6Clubs P0 3Hearts P1 5Clubs 
P0 4Hearts P1 6Spades P2 KClubs P3 QHearts 
P3 JDiamonds 
