-- GAME --
P0 HAND: 7Diamonds, 3Diamonds, AClubs, KClubs, 2Clubs, JHearts, QHearts, 2Hearts, 7Spades, 4Spades.
P1 HAND: KDiamonds, 6Diamonds, 5Diamonds, JClubs, 3Clubs, KHearts, 6Hearts, 3Hearts, 6Spades, 2Spades.
P2 HAND: ADiamonds, 7Clubs, QClubs, 6Clubs, 5Clubs, 4Clubs, AHearts, 7Hearts, 4Hearts, KSpades.
P3 HAND: JDiamonds, QDiamonds, 4Diamonds, 2Diamonds, 5Hearts, ASpades, JSpades, QSpades, 5Spades, 3Spades.
P2 ADiamonds P3 2Diamonds P0 3Diamonds P1 5Diamonds 
P2 AHearts P3 5Hearts P0 JHearts P1 3Hearts 
P2 4Hearts P3 3Spades P0 2Hearts P1 KHearts 
P1 2Spades P2 KSpades P3 ASpades P0 4Spades 
P3 4Diamonds P0 7Diamonds P1 6Diamonds P2 7Hearts 
P0 2Clubs P1 3Clubs P2 4Clubs P3 5Spades 
P2 5Clubs P3 QDiamonds P0 KClubs P1 JClubs 
P0 QHearts P1 6Hearts P2 6Clubs P3 QSpades 
P2 QClubs P3 JDiamonds P0 AClubs P1 6Spades 
P0 7Spades P1 KDiamonds P2 7Clubs P3 JSpades 
-- /GAME --
P0 HAND: ADiamonds, 7Diamonds, 6Diamonds, 4Diamonds, 2Clubs, 7Hearts, 3Hearts, ASpades, KSpades, JSpades.
P1 HAND: 3Diamonds, 7Clubs, KClubs, 3Clubs, KHearts, 2Hearts, 7Spades, QSpades, 6Spades, 2Spades.
P2 HAND: QDiamonds, 2Diamonds, JClubs, QClubs, 6Clubs, JHearts, QHearts, 6Hearts, 4Hearts, 5Spades.
P3 HAND: KDiamonds, JDiamonds, 5Diamonds, AClubs, 5Clubs, 4Clubs, AHearts, 5Hearts, 4Spades, 3Spades.
P1 2Hearts P2 4Hearts P3 AHearts P0 3Hearts 
P3 AClubs P0 2Clubs P1 7Clubs P2 6Clubs 
P3 4Clubs P0 6Diamonds P1 KClubs P2 QClubs 
P1 3Diamonds P2 2Diamonds P3 5Diamonds P0 ADiamonds 
P0 JSpades P1 2Spades P2 5Spades P3 3Spades 
P0 4Diamonds P1 3Clubs P2 QDiamonds P3 KDiamonds 
P3 5Clubs P0 KSpades P1 6Spades P2 JClubs 
P0 ASpades P1 QSpades P2 JHearts P3 4Spades 
P0 7Diamonds P1 7Spades P2 6Hearts P3 JDiamonds 
P1 KHearts P2 QHearts P3 5Hearts P0 7Hearts 
-- /GAME --
P0 HAND: 4Diamonds, 7Clubs, 6Clubs, 4Hearts, ASpades, 7Spades, QSpades, 6Spades, 5Spades, 2Spades.
P1 HAND: KDiamonds, 6Diamonds, 5Diamonds, 3Diamonds, AClubs, 5Clubs, 2Clubs, AHearts, 7Hearts, 3Hearts.
P2 HAND: ADiamonds, 7Diamonds, QDiamonds, 2Diamonds, KClubs, QClubs, 5Hearts, 2Hearts, KSpades, 4Spades.
P3 HAND: JDiamonds, JClubs, 4Clubs, 3Clubs, KHearts, JHearts, QHearts, 6Hearts, JSpades, 3Spades.
P0 4Hearts P1 AHearts P2 2Hearts P3 KHearts 
P1 3Diamonds P2 ADiamonds P3 JDiamonds P0 4Diamonds 
P2 2Diamonds P3 3Spades P0 6Spades P1 KDiamonds 
P1 3Hearts P2 5Hearts P3 6Hearts P0 5Spades 
P3 QHearts P0 2Spades P1 7Hearts P2 QClubs 
P2 4Spades P3 JSpades P0 ASpades P1 2Clubs 
P1 5Diamonds P2 QDiamonds P3 3Clubs P0 QSpades 
P3 JHearts P0 6Clubs P1 6Diamonds P2 7Diamonds 
P0 7Clubs P1 AClubs P2 KClubs P3 4Clubs 
P1 5Clubs P2 KSpades P3 JClubs P0 7Spades 
-- /GAME --
P0 HAND: KDiamonds, JDiamonds, 5Diamonds, QClubs, 2Hearts, 7Spades, KSpades, 5Spades, 4Spades, 3Spades.
P1 HAND: 7Diamonds, 6Diamonds, KClubs, 4Clubs, 3Clubs, 2Clubs, 6Hearts, 3Hearts, 6Spades, 2Spades.
P2 HAND: QDiamonds, 3Diamonds, 2Diamonds, 6Clubs, 5Clubs, AHearts, 7Hearts, KHearts, QHearts, 5Hearts.
P3 HAND: ADiamonds, 4Diamonds, AClubs, 7Clubs, JClubs, JHearts, 4Hearts, ASpades, JSpades, QSpades.
P3 ADiamonds P0 5Diamonds P1 7Diamonds P2 2Diamonds 
P3 AClubs P0 QClubs P1 KClubs P2 5Clubs 
P3 ASpades P0 3Spades P1 6Spades P2 5Hearts 
P2 3Diamonds P3 4Diamonds P0 KDiamonds P1 6Diamonds 
P0 JDiamonds P1 2Clubs P2 QDiamonds P3 4Hearts 
P3 QSpades P0 7Spades P1 2Spades P2 6Clubs 
P0 2Hearts P1 3Hearts P2 QHearts P3 JHearts 
P3 JClubs P0 KSpades P1 3Clubs P2 KHearts 
P2 7Hearts P3 JSpades P0 5Spades P1 6Hearts 
P2 AHearts P3 7Clubs P0 4Spades P1 4Clubs 
-- /GAME --
P0 HAND: 6Diamonds, 4Diamonds, 2Diamonds, 7Clubs, QClubs, 2Clubs, QHearts, 6Hearts, 2Hearts, 3Spades.
P1 HAND: 7Diamonds, JDiamonds, QDiamonds, KClubs, 5Clubs, 3Clubs, 7Hearts, KHearts, 3Hearts, 2Spades.
P2 HAND: ADiamonds, 5Diamonds, AClubs, 5Hearts, 4Hearts, ASpades, KSpades, QSpades, 5Spades, 4Spades.
P3 HAND: KDiamonds, 3Diamonds, JClubs, 6Clubs, 4Clubs, AHearts, JHearts, 7Spades, JSpades, 6Spades.
P2 AClubs P3 4Clubs P0 QClubs P1 3Clubs 
P2 4Hearts P3 AHearts P0 6Hearts P1 7Hearts 
P3 6Clubs P0 2Clubs P1 5Clubs P2 4Spades 
P3 6Spades P0 3Spades P1 2Spades P2 ASpades 
P2 5Hearts P3 JHearts P0 2Hearts P1 KHearts 
P1 3Hearts P2 5Spades P3 3Diamonds P0 QHearts 
P3 JClubs P0 7Clubs P1 KClubs P2 KSpades 
P0 2Diamonds P1 QDiamonds P2 5Diamonds P3 KDiamonds 
P3 JSpades P0 6Diamonds P1 JDiamonds P2 QSpades 
P1 7Diamonds P2 ADiamonds P3 7Spades P0 4Diamonds 
-- /GAME --

