-- GAME --
P0 HAND: KDiamonds, 3Diamonds, 7Clubs, 4Clubs, 3Clubs, 3Hearts, 2Hearts, 7Spades, 6Spades, 3Spades.
P1 HAND: ADiamonds, JDiamonds, 6Diamonds, QClubs, 2Clubs, 7Hearts, 6Hearts, 5Hearts, JSpades, 5Spades.
P2 HAND: QDiamonds, 5Diamonds, 2Diamonds, AClubs, AHearts, KHearts, 4Hearts, ASpades, QSpades, 2Spades.
P3 HAND: 7Diamonds, 4Diamonds, KClubs, JClubs, 6Clubs, 5Clubs, JHearts, QHearts, KSpades, 4Spades.
P3 4Spades P0 3Spades P1 5Spades P2 ASpades 
P2 AClubs P3 5Clubs P0 7Clubs P1 2Clubs 
P2 AHearts P3 QHearts P0 3Hearts P1 5Hearts 
P2 2Spades P3 KSpades P0 7Spades P1 JSpades 
P0 2Hearts P1 6Hearts P2 4Hearts P3 JHearts 
P3 6Clubs P0 4Clubs P1 QClubs P2 QSpades 
P1 6Diamonds P2 2Diamonds P3 4Diamonds P0 3Diamonds 
P1 JDiamonds P2 5Diamonds P3 7Diamonds P0 KDiamonds 
P3 JClubs P0 3Clubs P1 ADiamonds P2 KHearts 
P1 7Hearts P2 QDiamonds P3 KClubs P0 6Spades 
-- /GAME --
P0 HAND: ADiamonds, 7Diamonds, JDiamonds, 3Clubs, QHearts, 6Hearts, 7Spades, KSpades, JSpades, 3Spades.
P1 HAND: KDiamonds, 4Diamonds, 2Diamonds, 7Clubs, KClubs, 2Clubs, JHearts, 5Hearts, ASpades, QSpades.
P2 HAND: QDiamonds, 6Diamonds, 5Diamonds, 3Diamonds, AClubs, 6Clubs, 4Hearts, 3Hearts, 6Spades, 2Spades.
P3 HAND: JClubs, QClubs, 5Clubs, 4Clubs, AHearts, 7Hearts, KHearts, 2Hearts, 5Spades, 4Spades.
P2 AClubs P3 4Clubs P0 3Clubs P1 2Clubs 
P2 2Spades P3 4Spades P0 3Spades P1 ASpades 
P1 2Diamonds P2 3Diamonds P3 5Clubs P0 ADiamonds 
P0 6Hearts P1 5Hearts P2 3Hearts P3 2Hearts 
P0 QHearts P1 JHearts P2 4Hearts P3 KHearts 
P3 5Spades P0 7Spades P1 QSpades P2 6Spades 
P0 7Diamonds P1 4Diamonds P2 5Diamonds P3 7Hearts 
P3 QClubs P0 JSpades P1 7Clubs P2 6Clubs 
P1 KDiamonds P2 6Diamonds P3 JClubs P0 JDiamonds 
P1 KClubs P2 QDiamonds P3 AHearts P0 KSpades 
-- /GAME --

