-- GAME --
P0 HAND: KDiamonds, 4Diamonds, 3Diamonds, AClubs, JHearts, 3Hearts, JSpades, 5Spades, 4Spades, 3Spades.
P1 HAND: ADiamonds, 7Diamonds, QDiamonds, KClubs, QClubs, AHearts, KHearts, 6Hearts, ASpades, 7Spades.
P2 HAND: 6Diamonds, 5Diamonds, 2Diamonds, 7Clubs, JClubs, 6Clubs, 3Clubs, 2Hearts, 6Spades, 2Spades.
P3 HAND: JDiamonds, 5Clubs, 4Clubs, 2Clubs, 7Hearts, QHearts, 5Hearts, 4Hearts, KSpades, QSpades.
P3 4Hearts P0 3Hearts P1 AHearts P2 2Hearts 
P1 ADiamonds P2 2Diamonds P3 JDiamonds P0 3Diamonds 
P1 ASpades P2 2Spades P3 KSpades P0 3Spades 
P1 6Hearts P2 5Diamonds P3 7Hearts P0 JHearts 
P3 5Hearts P0 4Diamonds P1 KHearts P2 6Diamonds 
P1 QDiamonds P2 6Spades P3 QHearts P0 KDiamonds 
P0 4Spades P1 7Spades P2 3Clubs P3 QSpades 
P2 6Clubs P3 2Clubs P0 AClubs P1 QClubs 
P0 JSpades P1 KClubs P2 7Clubs P3 4Clubs 
P2 JClubs P3 5Clubs P0 5Spades P1 7Diamonds 
-- /GAME --
P0 HAND: QDiamonds, 2Diamonds, 6Clubs, 4Clubs, 7Hearts, JHearts, QHearts, JSpades, 3Spades, 2Spades.
P1 HAND: 6Diamonds, 5Diamonds, 4Diamonds, 4Hearts, 3Hearts, 7Spades, KSpades, QSpades, 6Spades, 4Spades.
P2 HAND: KDiamonds, 3Diamonds, 7Clubs, JClubs, QClubs, 2Clubs, AHearts, 5Hearts, ASpades, 5Spades.
P3 HAND: ADiamonds, 7Diamonds, JDiamonds, AClubs, KClubs, 5Clubs, 3Clubs, KHearts, 6Hearts, 2Hearts.
P2 AHearts P3 2Hearts P0 7Hearts P1 3Hearts 
P2 2Clubs P3 AClubs P0 4Clubs P1 6Diamonds 
P3 ADiamonds P0 2Diamonds P1 5Diamonds P2 3Diamonds 
P3 3Clubs P0 6Clubs P1 4Diamonds P2 7Clubs 
P2 5Hearts P3 6Hearts P0 QHearts P1 4Hearts 
P0 JHearts P1 4Spades P2 QClubs P3 KHearts 
P1 6Spades P2 5Spades P3 5Clubs P0 JSpades 
P0 QDiamonds P1 QSpades P2 KDiamonds P3 7Diamonds 
P1 KSpades P2 ASpades P3 JDiamonds P0 2Spades 
P2 JClubs P3 KClubs P0 3Spades P1 7Spades 
-- /GAME --
P0 HAND: 4Diamonds, 2Diamonds, QClubs, AHearts, KHearts, 5Hearts, 4Hearts, 3Hearts, 6Spades, 5Spades.
P1 HAND: 7Diamonds, 3Diamonds, AClubs, KClubs, JClubs, 6Clubs, 2Clubs, QHearts, 2Hearts, 4Spades.
P2 HAND: ADiamonds, KDiamonds, QDiamonds, 5Diamonds, 7Hearts, JHearts, KSpades, JSpades, QSpades, 3Spades.
P3 HAND: JDiamonds, 6Diamonds, 7Clubs, 5Clubs, 4Clubs, 3Clubs, 6Hearts, ASpades, 7Spades, 2Spades.
P1 2Clubs P2 3Spades P3 3Clubs P0 QClubs 
P0 5Spades P1 4Spades P2 QSpades P3 ASpades 
P3 2Spades P0 6Spades P1 2Hearts P2 KSpades 
P2 JHearts P3 6Hearts P0 AHearts P1 QHearts 
P0 KHearts P1 6Clubs P2 7Hearts P3 6Diamonds 
P3 4Clubs P0 3Hearts P1 JClubs P2 5Diamonds 
P2 JSpades P3 7Spades P0 2Diamonds P1 3Diamonds 
P1 7Diamonds P2 ADiamonds P3 JDiamonds P0 4Diamonds 
P2 QDiamonds P3 5Clubs P0 5Hearts P1 KClubs 
P2 KDiamonds P3 7Clubs P0 4Hearts P1 AClubs 
-- /GAME --
P0 HAND: 7Diamonds, JDiamonds, 4Clubs, AHearts, JHearts, 3Hearts, JSpades, 6Spades, 3Spades, 2Spades.
P1 HAND: ADiamonds, QDiamonds, 5Diamonds, 3Diamonds, 7Clubs, 7Hearts, 4Hearts, ASpades, 7Spades, KSpades.
P2 HAND: KDiamonds, AClubs, KClubs, JClubs, 6Clubs, 3Clubs, KHearts, 5Hearts, QSpades, 4Spades.
P3 HAND: 6Diamonds, 4Diamonds, 2Diamonds, QClubs, 5Clubs, 2Clubs, QHearts, 6Hearts, 2Hearts, 5Spades.

