-- GAME --
P3 2Diamonds P0 6Clubs P1 5Diamonds P2 3Diamonds 
P1 JDiamonds P2 6Diamonds P3 4Diamonds P0 JSpades 
P1 KDiamonds P2 QDiamonds P3 7Diamonds P0 QSpades 
P3 7Clubs P0 7Spades P1 ADiamonds P2 KSpades 
-- /GAME --
P0 HAND: ADiamonds, 5Diamonds, 6Clubs, 5Clubs, 2Clubs, AHearts, JHearts, 2Hearts, QSpades, 5Spades.
P1 HAND: 7Diamonds, JDiamonds, 7Clubs, KClubs, 3Clubs, QHearts, 3Hearts, 7Spades, 6Spades, 4Spades.
P2 HAND: 6Diamonds, 3Diamonds, AClubs, JClubs, 6Hearts, 5Hearts, 4Hearts, ASpades, KSpades, 2Spades.
P3 HAND: KDiamonds, QDiamonds, 4Diamonds, 2Diamonds, QClubs, 4Clubs, 7Hearts, KHearts, JSpades, 3Spades.
P3 2Diamonds P0 ADiamonds P1 JDiamonds P2 6Diamonds 
P0 2Clubs P1 3Clubs P2 AClubs P3 4Clubs 
P2 ASpades P3 3Spades P0 5Spades P1 4Spades 
P2 2Spades P3 JSpades P0 QSpades P1 7Spades 
P1 6Spades P2 KSpades P3 4Diamonds P0 5Diamonds 
P2 3Diamonds P3 QDiamonds P0 5Clubs P1 7Diamonds 
P1 3Hearts P2 4Hearts P3 KHearts P0 2Hearts 
P3 QClubs P0 6Clubs P1 KClubs P2 JClubs 
P1 QHearts P2 5Hearts P3 7Hearts P0 AHearts 
P0 JHearts P1 7Clubs P2 6Hearts P3 KDiamonds 
-- /GAME --
P0 HAND: 5Diamonds, 3Diamonds, 2Diamonds, 4Clubs, KHearts, JHearts, QHearts, 5Hearts, ASpades, 3Spades.
P1 HAND: 6Diamonds, QClubs, 2Clubs, 4Hearts, 2Hearts, 7Spades, KSpades, JSpades, QSpades, 6Spades.
P2 HAND: QDiamonds, 4Diamonds, AClubs, KClubs, JClubs, 5Clubs, AHearts, 6Hearts, 3Hearts, 5Spades.
P3 HAND: ADiamonds, 7Diamonds, KDiamonds, JDiamonds, 7Clubs, 6Clubs, 3Clubs, 7Hearts, 4Spades, 2Spades.
P2 AHearts P3 7Hearts P0 5Hearts P1 2Hearts 
P2 3Hearts P3 2Spades P0 QHearts P1 4Hearts 
P0 ASpades P1 6Spades P2 5Spades P3 4Spades 
P0 KHearts P1 6Diamonds P2 6Hearts P3 3Clubs 
P3 JDiamonds P0 2Diamonds P1 QSpades P2 4Diamonds 
P3 6Clubs P0 4Clubs P1 2Clubs P2 5Clubs 
P3 7Clubs P0 3Diamonds P1 QClubs P2 AClubs 
P2 QDiamonds P3 KDiamonds P0 5Diamonds P1 7Spades 
P3 7Diamonds P0 3Spades P1 JSpades P2 JClubs 
P2 KClubs P3 ADiamonds P0 JHearts P1 KSpades 
-- /GAME --
P0 HAND: ADiamonds, KDiamonds, QDiamonds, 5Diamonds, JClubs, 4Clubs, JHearts, QHearts, ASpades, 2Spades.
P1 HAND: 7Diamonds, 6Diamonds, 3Diamonds, 2Diamonds, 5Clubs, 3Clubs, 2Clubs, 7Spades, QSpades, 4Spades.
P2 HAND: AClubs, QClubs, 6Clubs, AHearts, 7Hearts, KHearts, 3Hearts, 2Hearts, KSpades, 6Spades.
P3 HAND: JDiamonds, 4Diamonds, 7Clubs, KClubs, 6Hearts, 5Hearts, 4Hearts, JSpades, 5Spades, 3Spades.
P3 3Spades P0 2Spades P1 4Spades P2 KSpades 
P2 AClubs P3 KClubs P0 4Clubs P1 2Clubs 
P2 6Clubs P3 7Clubs P0 JClubs P1 5Clubs 
P3 4Diamonds P0 ADiamonds P1 2Diamonds P2 QClubs 
P0 ASpades P1 QSpades P2 6Spades P3 5Spades 
P0 KDiamonds P1 3Diamonds P2 2Hearts P3 JDiamonds 
P2 3Hearts P3 4Hearts 
