-- GAME --
P0 HAND: KDiamonds, 3Diamonds, AClubs, QClubs, 2Clubs, AHearts, JHearts, KSpades, QSpades, 6Spades.
P1 HAND: JDiamonds, 6Diamonds, 5Diamonds, 6Clubs, 7Hearts, 6Hearts, 4Hearts, 3Hearts, 4Spades, 2Spades.
P2 HAND: 7Diamonds, QDiamonds, JClubs, 5Clubs, 4Clubs, KHearts, QHearts, 5Hearts, 7Spades, JSpades.
P3 HAND: ADiamonds, 4Diamonds, 2Diamonds, 7Clubs, KClubs, 3Clubs, 2Hearts, ASpades, 5Spades, 3Spades.
P3 ADiamonds P0 3Diamonds P1 JDiamonds P2 QDiamonds 
P3 2Diamonds P0 KDiamonds P1 5Diamonds P2 7Diamonds 
P2 4Clubs P3 3Clubs P0 AClubs P1 6Clubs 
P0 AHearts P1 3Hearts P2 KHearts P3 2Hearts 
P0 2Clubs P1 4Hearts P2 5Clubs P3 7Clubs 
P3 4Diamonds P0 JHearts P1 6Diamonds P2 5Hearts 
P1 6Hearts P2 QHearts P3 3Spades P0 KSpades 
P0 QClubs P1 2Spades P2 JClubs P3 KClubs 
P1 4Spades P2 JSpades P3 5Spades P0 QSpades 
P2 7Spades P3 ASpades P0 6Spades P1 7Hearts 
-- /GAME --
P0 HAND: 5Diamonds, 4Diamonds, 2Diamonds, KClubs, 4Clubs, 7Hearts, 5Hearts, 3Hearts, 7Spades, 3Spades.
P1 HAND: ADiamonds, KDiamonds, 6Diamonds, 7Clubs, 5Clubs, 2Clubs, KHearts, 4Hearts, JSpades, 2Spades.
P2 HAND: 7Diamonds, JDiamonds, QDiamonds, 3Diamonds, QClubs, 6Clubs, 3Clubs, KSpades, 6Spades, 5Spades.
P3 HAND: AClubs, JClubs, AHearts, JHearts, QHearts, 6Hearts, 2Hearts, ASpades, QSpades, 4Spades.
P2 3Diamonds P3 4Spades P0 2Diamonds P1 ADiamonds 
P1 2Clubs P2 3Clubs P3 AClubs P0 4Clubs 
P3 ASpades P0 3Spades P1 JSpades P2 5Spades 
P3 QSpades P0 7Spades P1 2Spades P2 KSpades 
P0 4Diamonds P1 6Diamonds P2 QDiamonds P3 2Hearts 
P3 JClubs P0 KClubs P1 7Clubs P2 6Clubs 
P1 5Clubs P2 QClubs P3 6Hearts P0 7Hearts 
P0 3Hearts P1 4Hearts P2 6Spades P3 QHearts 
P3 JHearts P0 5Hearts P1 KHearts P2 JDiamonds 
P1 KDiamonds P2 7Diamonds P3 AHearts P0 5Diamonds 

