-- GAME --
P0 HAND: KDiamonds, JDiamonds, QDiamonds, 5Diamonds, 7Clubs, 2Clubs, AHearts, 7Hearts, KHearts, JHearts.
P1 HAND: 6Diamonds, 4Diamonds, 4Clubs, 3Clubs, QHearts, 6Hearts, 3Hearts, KSpades, 6Spades, 5Spades.
P2 HAND: ADiamonds, 7Diamonds, 2Diamonds, KClubs, JClubs, QClubs, 5Clubs, JSpades, QSpades, 4Spades.
P3 HAND: 3Diamonds, AClubs, 6Clubs, 5Hearts, 4Hearts, 2Hearts, ASpades, 7Spades, 3Spades, 2Spades.
P3 ASpades P0 7Clubs P1 5Spades P2 JSpades 
P0 AHearts P1 3Hearts P2 ADiamonds P3 2Hearts 
P0 5Diamonds P1 4Diamonds P2 7Diamonds P3 3Diamonds 
P2 2Diamonds P3 2Spades P0 QDiamonds P1 6Diamonds 
P0 JDiamonds P1 6Hearts P2 4Spades P3 3Spades 
P0 KDiamonds P1 6Spades P2 QSpades P3 6Clubs 
P3 4Hearts P0 7Hearts P1 QHearts P2 5Clubs 
P2 QClubs P3 AClubs P0 2Clubs P1 3Clubs 
P3 5Hearts P0 JHearts P1 4Clubs P2 JClubs 
P2 KClubs P3 7Spades P0 KHearts P1 KSpades 
-- /GAME --
P0 HAND: 7Diamonds, KDiamonds, JDiamonds, QDiamonds, 5Diamonds, 3Clubs, JHearts, 6Hearts, 4Hearts, 6Spades.
P1 HAND: 3Diamonds, 2Diamonds, 7Clubs, 6Clubs, 4Clubs, KHearts, QHearts, 2Hearts, KSpades, 3Spades.
P2 HAND: 6Diamonds, AClubs, KClubs, QClubs, 2Clubs, AHearts, 7Hearts, 5Hearts, 7Spades, 2Spades.
P3 HAND: ADiamonds, 4Diamonds, JClubs, 5Clubs, 3Hearts, ASpades, JSpades, QSpades, 5Spades, 4Spades.
P2 AClubs P3 5Clubs P0 3Clubs P1 4Clubs 
P2 AHearts P3 3Hearts P0 JHearts P1 2Hearts 
P2 2Clubs P3 JClubs P0 5Diamonds P1 7Clubs 
P1 2Diamonds P2 6Diamonds P3 ADiamonds P0 QDiamonds 
P3 4Diamonds P0 7Diamonds P1 3Diamonds P2 7Hearts 
P0 4Hearts P1 QHearts P2 5Hearts P3 4Spades 
P3 5Spades P0 6Spades P1 3Spades P2 2Spades 
P0 6Hearts P1 KHearts P2 QClubs P3 QSpades 
P3 JSpades P0 JDiamonds P1 KSpades P2 7Spades 
P2 KClubs P3 ASpades P0 KDiamonds P1 6Clubs 
-- /GAME --
P0 HAND: KDiamonds, AClubs, 6Clubs, 5Clubs, 3Clubs, 7Hearts, KHearts, QHearts, 6Hearts, 2Spades.
P1 HAND: 7Diamonds, JDiamonds, 5Diamonds, 7Clubs, KClubs, 2Clubs, AHearts, 5Hearts, 7Spades, 3Spades.
P2 HAND: ADiamonds, 4Diamonds, 3Diamonds, QClubs, 3Hearts, ASpades, KSpades, JSpades, QSpades, 6Spades.
P3 HAND: QDiamonds, 6Diamonds, 2Diamonds, JClubs, 4Clubs, JHearts, 4Hearts, 2Hearts, 5Spades, 4Spades.
P1 2Clubs P2 QClubs P3 4Clubs P0 AClubs 
P0 2Spades P1 3Spades P2 ASpades P3 4Spades 
P2 ADiamonds P3 2Diamonds P0 KDiamonds P1 5Diamonds 
P2 3Diamonds P3 6Diamonds P0 3Clubs P1 7Diamonds 
P1 JDiamonds P2 4Diamonds P3 QDiamonds P0 6Hearts 
P0 5Clubs P1 KClubs P2 6Spades P3 JClubs 
P1 5Hearts P2 3Hearts P3 2Hearts P0 7Hearts 
P0 6Clubs P1 7Clubs P2 QSpades P3 5Spades 
P1 AHearts P2 JSpades P3 4Hearts P0 QHearts 
P1 7Spades P2 KSpades P3 JHearts P0 KHearts 
-- /GAME --
P0 HAND: 4Diamonds, 3Diamonds, KClubs, JClubs, QClubs, 3Clubs, 6Hearts, 5Hearts, 3Hearts, 2Spades.
P1 HAND: ADiamonds, JDiamonds, 5Diamonds, 2Diamonds, AClubs, 4Clubs, JHearts, 2Hearts, KSpades, 6Spades.
P2 HAND: 7Diamonds, 6Diamonds, 7Clubs, 6Clubs, AHearts, 7Hearts, QHearts, QSpades, 4Spades, 3Spades.
P3 HAND: KDiamonds, QDiamonds, 5Clubs, 2Clubs, KHearts, 4Hearts, ASpades, 7Spades, JSpades, 5Spades.
P1 ADiamonds P2 6Diamonds P3 KDiamonds P0 3Diamonds 
P1 AClubs P2 6Clubs P3 5Clubs P0 3Clubs 
P1 2Diamonds P2 7Diamonds P3 QDiamonds P0 4Diamonds 
P2 3Spades P3 ASpades P0 2Spades P1 KSpades 
P3 2Clubs P0 KClubs P1 4Clubs P2 7Clubs 
P2 4Spades P3 5Spades P0 3Hearts P1 6Spades 
P0 JClubs P1 5Diamonds P2 QSpades P3 4Hearts 
P3 JSpades P0 QClubs P1 2Hearts P2 QHearts 
P2 7Hearts P3 KHearts P0 6Hearts P1 JHearts 
P2 AHearts P3 7Spades P0 5Hearts P1 JDiamonds 
-- /GAME --
P0 HAND: KDiamonds, JDiamonds, 5Diamonds, 2Diamonds, KClubs, JClubs, 6Clubs, JHearts, 4Spades, 3Spades.
P1 HAND: QDiamonds, 4Diamonds, 3Diamonds, 5Clubs, 4Clubs, 7Hearts, QHearts, 6Hearts, 7Spades, JSpades.
P2 HAND: 6Diamonds, QClubs, 3Clubs, 2Clubs, AHearts, KHearts, ASpades, KSpades, QSpades, 6Spades.
P3 HAND: ADiamonds, 7Diamonds, AClubs, 7Clubs, 5Hearts, 4Hearts, 3Hearts, 2Hearts, 5Spades, 2Spades.
P0 3Spades P1 JSpades P2 ASpades P3 2Spades 
P2 2Clubs P3 AClubs P0 6Clubs P1 5Clubs 
P3 ADiamonds P0 2Diamonds P1 QDiamonds P2 6Diamonds 
P3 5Spades P0 4Spades P1 7Spades P2 6Spades 
P1 3Diamonds P2 3Clubs P3 7Diamonds P0 5Diamonds 
P3 2Hearts P0 JHearts P1 6Hearts P2 KHearts 
P2 QClubs P3 7Clubs P0 JClubs P1 4Clubs 
P3 3Hearts P0 JDiamonds P1 QHearts P2 AHearts 
P2 QSpades P3 4Hearts P0 KDiamonds P1 4Diamonds 
P3 5Hearts P0 KClubs P1 7Hearts P2 KSpades 
-- /GAME --
P0 HAND: ADiamonds, 7Diamonds, QDiamonds, 6Clubs, 3Clubs, KHearts, 6Hearts, 2Hearts, QSpades, 5Spades.
P1 HAND: JDiamonds, 5Diamonds, 4Diamonds, 2Diamonds, 7Clubs, 5Clubs, 2Clubs, QHearts, JSpades, 2Spades.
P2 HAND: AClubs, JClubs, QClubs, AHearts, 7Hearts, JHearts, 5Hearts, 7Spades, 6Spades, 3Spades.
P3 HAND: KDiamonds, 6Diamonds, 3Diamonds, KClubs, 4Clubs, 4Hearts, 3Hearts, ASpades, KSpades, 4Spades.
P3 ASpades P0 5Spades P1 JSpades P2 3Spades 
P3 3Diamonds P0 ADiamonds P1 2Diamonds P2 AHearts 
P0 7Diamonds P1 4Diamonds P2 7Hearts P3 6Diamonds 
P0 QDiamonds P1 5Diamonds P2 5Hearts P3 KDiamonds 
P3 3Hearts P0 KHearts P1 QHearts P2 JHearts 
P0 QSpades P1 2Spades P2 7Spades P3 4Spades 
P2 6Spades P3 KSpades P0 6Clubs P1 2Clubs 
P0 2Hearts P1 5Clubs P2 QClubs P3 4Hearts 
P2 JClubs P3 4Clubs P0 3Clubs P1 7Clubs 
P1 JDiamonds P2 AClubs P3 KClubs P0 6Hearts 
-- /GAME --
P0 HAND: ADiamonds, 7Diamonds, QDiamonds, 6Clubs, AHearts, JHearts, 5Hearts, 4Hearts, 3Hearts, ASpades.
P1 HAND: AClubs, 7Clubs, 3Clubs, QHearts, 6Hearts, 7Spades, JSpades, QSpades, 5Spades, 3Spades.
P2 HAND: JDiamonds, 6Diamonds, 5Diamonds, 4Diamonds, KClubs, JClubs, 4Clubs, 7Hearts, 2Hearts, 4Spades.
P3 HAND: KDiamonds, 3Diamonds, 2Diamonds, QClubs, 5Clubs, 2Clubs, KHearts, KSpades, 6Spades, 2Spades.
P2 2Hearts P3 KHearts P0 3Hearts P1 QHearts 
P3 2Diamonds P0 ADiamonds P1 3Clubs P2 4Diamonds 
P1 3Spades P2 4Spades P3 2Spades P0 ASpades 
P0 4Hearts P1 6Hearts P2 7Hearts P3 2Clubs 
P3 3Diamonds P0 QDiamonds P1 5Spades P2 JDiamonds 
P2 5Diamonds P3 KDiamonds P0 7Diamonds P1 7Clubs 
P1 QSpades P2 6Diamonds P3 6Spades P0 6Clubs 
P0 AHearts P1 AClubs P2 4Clubs P3 KSpades 
P1 JSpades P2 JClubs P3 5Clubs P0 JHearts 
P2 KClubs P3 QClubs P0 5Hearts P1 7Spades 
-- /GAME --
P0 HAND: JDiamonds, QDiamonds, 2Diamonds, 7Clubs, 6Clubs, KHearts, QHearts, ASpades, 7Spades, JSpades.
P1 HAND: 7Diamonds, KDiamonds, 5Diamonds, 4Diamonds, KClubs, QClubs, 4Clubs, 2Hearts, QSpades, 2Spades.
P2 HAND: ADiamonds, 3Diamonds, AClubs, JClubs, 7Hearts, 6Hearts, 5Hearts, 3Hearts, KSpades, 3Spades.
P3 HAND: 6Diamonds, 5Clubs, 3Clubs, 2Clubs, AHearts, JHearts, 4Hearts, 6Spades, 5Spades, 4Spades.
P1 2Hearts P2 3Hearts P3 AHearts P0 QHearts 
P3 2Clubs P0 6Clubs P1 4Clubs P2 AClubs 
P2 3Spades P3 4Spades P0 ASpades P1 2Spades 
P0 7Spades P1 QSpades P2 KSpades P3 5Spades 
P0 7Clubs P1 QClubs P2 JClubs P3 3Clubs 
P0 KHearts P1 4Diamonds P2 5Hearts P3 JHearts 
P1 5Diamonds P2 3Diamonds P3 6Diamonds P0 JDiamonds 
P0 2Diamonds P1 KDiamonds P2 ADiamonds P3 4Hearts 
P2 6Hearts P3 5Clubs P0 QDiamonds P1 7Diamonds 
P1 KClubs P2 7Hearts P3 6Spades P0 JSpades 
-- /GAME --
P0 HAND: KDiamonds, 6Diamonds, AClubs, KClubs, 3Clubs, AHearts, KHearts, QHearts, 7Spades, QSpades.
P1 HAND: JDiamonds, QDiamonds, QClubs, 5Clubs, 2Clubs, 7Hearts, JHearts, ASpades, JSpades, 4Spades.
P2 HAND: 4Diamonds, 2Diamonds, 7Clubs, JClubs, 6Clubs, 4Clubs, 5Hearts, 4Hearts, 2Hearts, 2Spades.
P3 HAND: ADiamonds, 7Diamonds, 5Diamonds, 3Diamonds, 6Hearts, 3Hearts, KSpades, 6Spades, 5Spades, 3Spades.
P0 AClubs P1 2Clubs P2 7Clubs P3 3Diamonds 
P3 3Hearts P0 AHearts P1 JHearts P2 5Hearts 

