-- GAME --
P0 HAND: JDiamonds, 5Diamonds, QClubs, 6Clubs, KHearts, JHearts, 5Hearts, 4Hearts, 2Hearts, 7Spades.
P1 HAND: 6Diamonds, 4Diamonds, 3Diamonds, 7Clubs, 3Clubs, 7Hearts, QHearts, 3Hearts, ASpades, JSpades.
P2 HAND: ADiamonds, 2Diamonds, AClubs, KClubs, JClubs, 5Clubs, 6Hearts, QSpades, 6Spades, 4Spades.
P3 HAND: 7Diamonds, KDiamonds, QDiamonds, 4Clubs, 2Clubs, AHearts, KSpades, 5Spades, 3Spades, 2Spades.
P0 2Hearts P1 3Hearts P2 6Hearts P3 AHearts 
P3 2Clubs P0 6Clubs P1 3Clubs P2 AClubs 
P2 4Spades P3 2Spades P0 7Spades P1 ASpades 
P1 QHearts P2 5Clubs P3 3Spades P0 KHearts 
P0 4Hearts P1 7Hearts P2 2Diamonds P3 QDiamonds 
P3 4Clubs P0 QClubs P1 7Clubs P2 JClubs 
P1 JSpades P2 6Spades P3 5Spades P0 JDiamonds 
P0 5Hearts P1 3Diamonds P2 QSpades P3 KSpades 
P1 4Diamonds P2 ADiamonds P3 KDiamonds P0 5Diamonds 
P2 KClubs P3 7Diamonds P0 JHearts P1 6Diamonds 
-- /GAME --
P0 HAND: 3Diamonds, 7Clubs, JClubs, 5Clubs, 2Clubs, 4Hearts, 3Hearts, ASpades, JSpades, 6Spades.
P1 HAND: 7Diamonds, QDiamonds, 2Diamonds, AClubs, AHearts, KHearts, JHearts, 7Spades, QSpades, 5Spades.
P2 HAND: ADiamonds, 6Diamonds, QClubs, 4Clubs, QHearts, 5Hearts, 2Hearts, KSpades, 3Spades, 2Spades.
P3 HAND: KDiamonds, JDiamonds, 5Diamonds, 4Diamonds, KClubs, 6Clubs, 3Clubs, 7Hearts, 6Hearts, 4Spades.
P3 4Diamonds P0 3Diamonds P1 2Diamonds P2 ADiamonds 
P2 2Hearts P3 6Hearts P0 3Hearts P1 AHearts 
P1 5Spades P2 2Spades P3 4Spades P0 JSpades 
P0 ASpades P1 QSpades P2 KSpades P3 3Clubs 
P3 5Diamonds P0 7Clubs P1 QDiamonds P2 6Diamonds 
P0 4Hearts P1 JHearts P2 5Hearts P3 7Hearts 
P3 JDiamonds P0 JClubs P1 7Diamonds P2 QHearts 
P0 5Clubs P1 AClubs P2 4Clubs P3 6Clubs 
P1 KHearts P2 3Spades P3 KClubs P0 6Spades 
P3 KDiamonds P0 2Clubs P1 7Spades P2 QClubs 
-- /GAME --
P0 HAND: 7Diamonds, QDiamonds, 5Diamonds, 4Clubs, 3Clubs, 4Hearts, 3Hearts, 2Hearts, 6Spades, 5Spades.
P1 HAND: KDiamonds, 4Diamonds, 3Diamonds, 2Diamonds, QClubs, 6Hearts, 5Hearts, ASpades, 7Spades, JSpades.
P2 HAND: ADiamonds, 6Diamonds, AClubs, 7Clubs, JClubs, 2Clubs, AHearts, 7Hearts, KHearts, 4Spades.
P3 HAND: JDiamonds, KClubs, 6Clubs, 5Clubs, JHearts, QHearts, KSpades, QSpades, 3Spades, 2Spades.
P2 ADiamonds P3 JDiamonds P0 7Diamonds P1 2Diamonds 
P2 AClubs P3 5Clubs P0 3Clubs P1 QClubs 
P2 AHearts P3 QHearts P0 2Hearts P1 5Hearts 
P2 2Clubs P3 6Clubs P0 4Clubs P1 KDiamonds 
P3 JHearts P0 3Hearts P1 6Hearts P2 7Hearts 
P2 6Diamonds P3 2Spades P0 5Diamonds P1 4Diamonds 
P3 3Spades P0 5Spades P1 JSpades P2 4Spades 
P1 3Diamonds P2 JClubs P3 QSpades P0 QDiamonds 
P3 KSpades P0 6Spades P1 7Spades P2 KHearts 
P1 ASpades P2 7Clubs P3 KClubs P0 4Hearts 
-- /GAME --
P0 HAND: JDiamonds, 6Diamonds, 5Diamonds, 4Diamonds, 3Diamonds, 3Clubs, 2Clubs, AHearts, 5Hearts, 7Spades.
P1 HAND: ADiamonds, QDiamonds, 7Clubs, JClubs, 2Hearts, QSpades, 6Spades, 5Spades, 4Spades, 3Spades.
P2 HAND: 7Diamonds, KDiamonds, AClubs, KClubs, 5Clubs, 7Hearts, KHearts, 6Hearts, 3Hearts, 2Spades.
P3 HAND: 2Diamonds, QClubs, 6Clubs, 4Clubs, JHearts, QHearts, 4Hearts, ASpades, KSpades, JSpades.
P1 ADiamonds P2 KDiamonds P3 2Diamonds P0 3Diamonds 
P1 3Spades P2 2Spades P3 ASpades P0 7Spades 
P3 4Clubs P0 2Clubs P1 JClubs P2 AClubs 
P2 5Clubs P3 6Clubs P0 3Clubs P1 7Clubs 
P1 4Spades P2 3Hearts P3 JSpades P0 JDiamonds 
P2 6Hearts P3 4Hearts P0 5Hearts P1 2Hearts 
P2 KHearts P3 QHearts P0 AHearts P1 5Spades 
P0 4Diamonds P1 QDiamonds P2 7Diamonds P3 JHearts 
P3 QClubs P0 5Diamonds P1 6Spades P2 KClubs 
P2 7Hearts P3 KSpades P0 6Diamonds P1 QSpades 
-- /GAME --
P0 HAND: ADiamonds, 6Diamonds, 5Clubs, 2Clubs, AHearts, 7Hearts, KHearts, 4Hearts, 3Hearts, ASpades.
P1 HAND: 5Diamonds, AClubs, JClubs, 6Clubs, JHearts, 6Hearts, 5Hearts, QSpades, 5Spades, 4Spades.
P2 HAND: 7Diamonds, KDiamonds, 4Diamonds, 2Diamonds, 7Clubs, QClubs, 3Clubs, 7Spades, JSpades, 3Spades.
P3 HAND: JDiamonds, QDiamonds, 3Diamonds, KClubs, 4Clubs, QHearts, 2Hearts, KSpades, 6Spades, 2Spades.
P0 ADiamonds P1 5Diamonds P2 7Diamonds P3 3Diamonds 
P0 AHearts P1 5Hearts P2 7Clubs P3 2Hearts 
P0 2Clubs P1 AClubs P2 3Clubs P3 KClubs 
P1 6Clubs P2 QClubs P3 4Clubs P0 5Clubs 
P2 2Diamonds P3 QDiamonds P0 6Diamonds P1 JClubs 
P3 QHearts P0 3Hearts P1 6Hearts P2 4Diamonds 
P3 JDiamonds P0 4Hearts P1 4Spades P2 KDiamonds 
P1 JHearts P2 3Spades P3 2Spades P0 7Hearts 
P2 JSpades P3 6Spades P0 ASpades P1 5Spades 
P0 KHearts P1 QSpades P2 7Spades P3 KSpades 
-- /GAME --
P0 HAND: 7Diamonds, 5Diamonds, 3Diamonds, KClubs, 5Clubs, 3Clubs, AHearts, 7Hearts, 3Hearts, 7Spades.
P1 HAND: ADiamonds, QDiamonds, QClubs, KHearts, 5Hearts, ASpades, JSpades, 6Spades, 3Spades, 2Spades.
P2 HAND: JDiamonds, 6Diamonds, 4Diamonds, 7Clubs, 6Clubs, QHearts, 6Hearts, 2Hearts, KSpades, 4Spades.
P3 HAND: KDiamonds, 2Diamonds, AClubs, JClubs, 4Clubs, 2Clubs, JHearts, 4Hearts, QSpades, 5Spades.
P3 AClubs P0 3Clubs P1 QClubs P2 6Clubs 
P3 2Clubs P0 KClubs P1 2Spades P2 7Clubs 
P2 2Hearts P3 4Hearts P0 AHearts P1 5Hearts 
P0 7Hearts P1 KHearts P2 QHearts P3 JHearts 
P0 3Hearts P1 3Spades P2 6Hearts P3 4Clubs 
P2 4Spades P3 5Spades P0 7Spades P1 ASpades 
P1 6Spades P2 KSpades P3 QSpades P0 5Clubs 
P2 4Diamonds P3 2Diamonds P0 3Diamonds P1 QDiamonds 
P1 JSpades P2 6Diamonds P3 KDiamonds P0 7Diamonds 
P0 5Diamonds P1 ADiamonds P2 JDiamonds P3 JClubs 
-- /GAME --
P0 HAND: JDiamonds, 5Diamonds, 2Diamonds, AClubs, 7Clubs, 6Clubs, 2Clubs, 3Hearts, 7Spades, 2Spades.
P1 HAND: 7Diamonds, QDiamonds, 6Diamonds, 3Diamonds, 5Clubs, KHearts, 6Hearts, 2Hearts, KSpades, 5Spades.
P2 HAND: ADiamonds, 4Diamonds, KClubs, JClubs, QClubs, 7Hearts, JHearts, QHearts, JSpades, 6Spades.
P3 HAND: KDiamonds, 4Clubs, 3Clubs, AHearts, 5Hearts, 4Hearts, ASpades, QSpades, 4Spades, 3Spades.

