-- GAME --
P0 HAND: QDiamonds, 5Diamonds, 4Diamonds, 4Clubs, 7Hearts, QHearts, 5Hearts, 2Hearts, ASpades, JSpades.
P1 HAND: 6Diamonds, 3Diamonds, 2Diamonds, 7Clubs, JClubs, 3Clubs, JHearts, 6Hearts, 3Hearts, 4Spades.
P2 HAND: 7Diamonds, AClubs, 6Clubs, AHearts, KHearts, KSpades, QSpades, 5Spades, 3Spades, 2Spades.
P3 HAND: ADiamonds, KDiamonds, JDiamonds, KClubs, QClubs, 5Clubs, 2Clubs, 4Hearts, 7Spades, 6Spades.
P1 3Clubs P2 AClubs P3 2Clubs P0 4Clubs 
P2 AHearts P3 4Hearts P0 7Hearts P1 3Hearts 
P2 2Spades P3 6Spades P0 ASpades P1 4Spades 
P0 2Hearts P1 6Hearts P2 KHearts P3 5Clubs 
P2 3Spades P3 7Spades P0 JSpades P1 7Clubs 
P3 QClubs P0 QDiamonds P1 JClubs P2 6Clubs 
P0 5Hearts P1 JHearts P2 5Spades P3 KClubs 
P1 2Diamonds P2 7Diamonds P3 ADiamonds P0 4Diamonds 
P3 JDiamonds P0 5Diamonds P1 3Diamonds P2 QSpades 
P3 KDiamonds P0 QHearts P1 6Diamonds P2 KSpades 
-- /GAME --
P0 HAND: AClubs, 6Clubs, 5Clubs, 7Hearts, 3Hearts, 2Hearts, ASpades, JSpades, QSpades, 4Spades.
P1 HAND: KDiamonds, QDiamonds, 5Diamonds, 7Clubs, 2Clubs, 6Hearts, 7Spades, KSpades, 6Spades, 3Spades.
P2 HAND: ADiamonds, 7Diamonds, 6Diamonds, 4Diamonds, 3Diamonds, KClubs, 4Clubs, AHearts, 4Hearts, 5Spades.
P3 HAND: JDiamonds, 2Diamonds, JClubs, QClubs, 3Clubs, KHearts, JHearts, QHearts, 5Hearts, 2Spades.
P0 ASpades P1 3Spades P2 5Spades P3 2Spades 
P0 4Spades P1 6Spades P2 3Diamonds P3 KHearts 
P1 5Diamonds P2 ADiamonds P3 2Diamonds P0 7Hearts 
P2 AHearts P3 5Hearts P0 3Hearts P1 6Hearts 
P2 4Diamonds P3 JDiamonds P0 2Hearts P1 KDiamonds 
P1 QDiamonds P2 6Diamonds P3 QHearts P0 5Clubs 
P0 QSpades P1 KSpades P2 4Clubs P3 QClubs 
P3 JHearts P0 6Clubs P1 2Clubs P2 4Hearts 
P0 JSpades P1 7Spades P2 KClubs P3 3Clubs 
P2 7Diamonds P3 JClubs P0 AClubs P1 7Clubs 
-- /GAME --
P0 HAND: 7Clubs, KClubs, QClubs, 3Clubs, 2Clubs, 2Hearts, 7Spades, 6Spades, 5Spades, 3Spades.
P1 HAND: 4Diamonds, 2Diamonds, JClubs, 5Clubs, 4Clubs, KHearts, QHearts, 5Hearts, ASpades, 2Spades.
P2 HAND: 7Diamonds, JDiamonds, 6Diamonds, 3Diamonds, AClubs, AHearts, 7Hearts, JHearts, KSpades, 4Spades.
P3 HAND: ADiamonds, KDiamonds, QDiamonds, 5Diamonds, 6Clubs, 6Hearts, 4Hearts, 3Hearts, JSpades, QSpades.
P3 ADiamonds P0 2Hearts P1 2Diamonds P2 7Diamonds 
P0 3Spades P1 ASpades P2 4Spades P3 JSpades 
P1 2Spades P2 KSpades P3 QSpades P0 7Spades 
P0 5Spades P1 4Diamonds P2 3Diamonds P3 5Diamonds 
P0 6Spades P1 4Clubs P2 6Diamonds P3 6Clubs 
P0 2Clubs P1 5Clubs P2 AClubs P3 3Hearts 
P3 QDiamonds P0 3Clubs P1 5Hearts P2 JDiamonds 
P1 JClubs P2 JHearts P3 KDiamonds P0 7Clubs 
P2 7Hearts P3 4Hearts P0 KClubs P1 QHearts 
P2 AHearts P3 6Hearts P0 QClubs P1 KHearts 
-- /GAME --
P0 HAND: ADiamonds, 3Diamonds, 2Diamonds, KClubs, 5Clubs, 3Clubs, ASpades, JSpades, QSpades, 2Spades.
P1 HAND: 4Diamonds, QClubs, AHearts, KHearts, QHearts, 7Spades, 6Spades, 5Spades, 4Spades, 3Spades.
P2 HAND: 7Diamonds, 6Diamonds, AClubs, 4Clubs, 2Clubs, 7Hearts, JHearts, 5Hearts, 3Hearts, KSpades.
P3 HAND: KDiamonds, JDiamonds, QDiamonds, 5Diamonds, 7Clubs, JClubs, 6Clubs, 6Hearts, 4Hearts, 2Hearts.
P2 AClubs P3 6Clubs P0 KClubs P1 QClubs 
P2 2Clubs P3 JClubs P0 3Clubs P1 AHearts 
P3 2Hearts P0 5Clubs P1 QHearts P2 7Hearts 
P2 3Hearts P3 4Hearts P0 2Diamonds P1 KHearts 
P1 4Diamonds P2 6Diamonds P3 5Diamonds P0 ADiamonds 
P0 3Diamonds P1 3Spades P2 7Diamonds P3 KDiamonds 
P1 4Spades P2 KSpades P3 6Hearts P0 2Spades 
P2 4Clubs P3 7Clubs P0 JSpades P1 7Spades 
P1 5Spades P2 5Hearts P3 QDiamonds P0 QSpades 
P0 ASpades P1 6Spades P2 JHearts P3 JDiamonds 
-- /GAME --

