-- GAME --
P0 HAND: 6Diamonds, 5Diamonds, AClubs, JClubs, 6Clubs, 3Hearts, 7Spades, JSpades, QSpades, 4Spades.
P1 HAND: ADiamonds, QDiamonds, 4Diamonds, 7Clubs, AHearts, 7Hearts, JHearts, 6Hearts, 6Spades, 3Spades.
P2 HAND: 7Diamonds, JDiamonds, 2Diamonds, 4Clubs, 3Clubs, 2Clubs, QHearts, 5Hearts, 4Hearts, 2Hearts.
P3 HAND: KDiamonds, 3Diamonds, KClubs, QClubs, 5Clubs, KHearts, ASpades, KSpades, 5Spades, 2Spades.
P2 2Clubs P3 5Clubs P0 JClubs P1 7Clubs 
P1 AHearts P2 2Hearts P3 KHearts P0 3Hearts 
P1 3Spades P2 3Clubs P3 ASpades P0 7Spades 
P3 2Spades P0 JSpades P1 6Spades P2 QHearts 
P0 6Clubs P1 6Hearts P2 4Clubs P3 KClubs 
P3 5Spades P0 4Spades P1 4Diamonds P2 4Hearts 
P1 JHearts P2 5Hearts P3 QClubs P0 5Diamonds 
P0 AClubs P1 QDiamonds P2 JDiamonds P3 KDiamonds 
P3 3Diamonds P0 6Diamonds P1 ADiamonds P2 2Diamonds 
P1 7Hearts P2 7Diamonds P3 KSpades P0 QSpades 
-- /GAME --
P0 HAND: 6Diamonds, 4Diamonds, 2Diamonds, 7Clubs, 4Clubs, 7Hearts, 4Hearts, 7Spades, 6Spades, 5Spades.
P1 HAND: KDiamonds, QDiamonds, 3Diamonds, KClubs, 5Clubs, AHearts, JHearts, 5Hearts, 3Hearts, 2Hearts.
P2 HAND: ADiamonds, 7Diamonds, AClubs, JClubs, 2Clubs, KHearts, QHearts, ASpades, JSpades, 4Spades.
P3 HAND: JDiamonds, 5Diamonds, QClubs, 6Clubs, 3Clubs, 6Hearts, KSpades, QSpades, 3Spades, 2Spades.
P1 2Hearts P2 QHearts P3 6Hearts P0 4Hearts 
P2 AClubs P3 3Clubs P0 4Clubs P1 5Clubs 
P2 ASpades P3 2Spades P0 5Spades P1 3Diamonds 
P1 3Hearts P2 KHearts P3 3Spades P0 7Hearts 
P0 7Clubs P1 KClubs P2 JClubs P3 6Clubs 
P0 6Spades P1 5Hearts P2 4Spades P3 KSpades 
P3 QClubs P0 7Spades P1 QDiamonds P2 2Clubs 
P1 JHearts P2 7Diamonds P3 QSpades P0 2Diamonds 
P2 JSpades P3 5Diamonds P0 6Diamonds P1 KDiamonds 
P1 AHearts P2 ADiamonds P3 JDiamonds P0 4Diamonds 
-- /GAME --
P0 HAND: 5Diamonds, 3Clubs, AHearts, 7Hearts, QHearts, 3Hearts, JSpades, 6Spades, 5Spades, 4Spades.
P1 HAND: ADiamonds, 3Diamonds, AClubs, JClubs, 4Clubs, 6Hearts, 4Hearts, ASpades, KSpades, 3Spades.
P2 HAND: KDiamonds, JDiamonds, 6Diamonds, 4Diamonds, 2Diamonds, 6Clubs, 2Clubs, KHearts, QSpades, 2Spades.
P3 HAND: 7Diamonds, QDiamonds, 7Clubs, KClubs, QClubs, 5Clubs, JHearts, 5Hearts, 2Hearts, 7Spades.
P0 QHearts P1 4Hearts P2 KHearts P3 2Hearts 
P2 2Diamonds P3 QDiamonds P0 5Diamonds P1 ADiamonds 
P1 ASpades P2 2Spades P3 7Spades P0 4Spades 
P1 3Diamonds P2 4Diamonds P3 7Diamonds P0 3Clubs 
P0 7Hearts P1 6Hearts P2 2Clubs P3 5Hearts 
P2 6Diamonds P3 5Clubs P0 3Hearts P1 KSpades 
P3 JHearts P0 AHearts P1 4Clubs P2 6Clubs 
P2 QSpades P3 QClubs P0 JSpades P1 3Spades 
P3 KClubs P0 5Spades P1 JClubs P2 JDiamonds 
P3 7Clubs P0 6Spades P1 AClubs P2 KDiamonds 
-- /GAME --
P0 HAND: ADiamonds, KDiamonds, 3Diamonds, 4Hearts, 2Hearts, 7Spades, QSpades, 6Spades, 5Spades, 4Spades.
P1 HAND: 7Diamonds, 6Diamonds, 4Diamonds, KClubs, 6Clubs, 5Clubs, AHearts, 3Hearts, JSpades, 2Spades.
P2 HAND: JDiamonds, QDiamonds, AClubs, 7Clubs, JClubs, QClubs, 3Clubs, 2Clubs, KHearts, 6Hearts.
P3 HAND: 5Diamonds, 2Diamonds, 4Clubs, 7Hearts, JHearts, QHearts, 5Hearts, ASpades, KSpades, 3Spades.
P3 ASpades P0 4Spades P1 JSpades P2 QDiamonds 
P2 2Clubs P3 4Clubs P0 5Spades P1 KClubs 
P1 AHearts P2 6Hearts P3 7Hearts P0 2Hearts 
P1 2Spades P2 3Clubs P3 3Spades P0 6Spades 
P0 7Spades P1 4Diamonds P2 JDiamonds P3 KSpades 
P2 QClubs P3 5Hearts P0 4Hearts P1 5Clubs 
P2 JClubs P3 QHearts P0 QSpades P1 6Clubs 
P2 KHearts P3 JHearts P0 3Diamonds P1 3Hearts 
P0 KDiamonds P1 6Diamonds P2 7Clubs P3 2Diamonds 
P0 ADiamonds P1 7Diamonds P2 AClubs P3 5Diamonds 
-- /GAME --
P0 HAND: 7Diamonds, 3Diamonds, AClubs, 7Clubs, KClubs, JClubs, 5Clubs, 2Clubs, JHearts, 6Spades.
P1 HAND: QDiamonds, 6Clubs, 4Clubs, 3Clubs, AHearts, 4Hearts, 7Spades, JSpades, 3Spades, 2Spades.
P2 HAND: ADiamonds, KDiamonds, 6Diamonds, 4Diamonds, 2Diamonds, KHearts, 6Hearts, QSpades, 5Spades, 4Spades.
P3 HAND: JDiamonds, 5Diamonds, QClubs, 7Hearts, QHearts, 5Hearts, 3Hearts, 2Hearts, ASpades, KSpades.
P2 2Diamonds P3 5Diamonds P0 7Diamonds P1 QDiamonds 
P0 6Spades P1 2Spades P2 4Spades P3 ASpades 
P3 2Hearts P0 JHearts P1 AHearts P2 6Hearts 
P1 3Spades P2 5Spades P3 KSpades P0 2Clubs 
P0 3Diamonds P1 4Hearts P2 4Diamonds P3 JDiamonds 
P3 3Hearts P0 5Clubs P1 3Clubs P2 KHearts 
P0 JClubs P1 4Clubs P2 6Diamonds P3 QClubs 
P0 KClubs P1 6Clubs P2 QSpades P3 5Hearts 
P0 7Clubs P1 JSpades P2 KDiamonds P3 QHearts 
P0 AClubs P1 7Spades P2 ADiamonds P3 7Hearts 
-- /GAME --
P0 HAND: 7Diamonds, QDiamonds, 6Diamonds, 4Diamonds, 3Diamonds, 7Clubs, KClubs, 4Clubs, 4Hearts, KSpades.
P1 HAND: ADiamonds, 2Diamonds, 3Clubs, KHearts, QHearts, 6Hearts, 7Spades, 6Spades, 5Spades, 2Spades.
P2 HAND: KDiamonds, JClubs, QClubs, 2Clubs, JHearts, 5Hearts, 3Hearts, ASpades, 4Spades, 3Spades.
P3 HAND: JDiamonds, 5Diamonds, AClubs, 6Clubs, 5Clubs, AHearts, 7Hearts, 2Hearts, JSpades, QSpades.
P1 2Spades P2 ASpades P3 QSpades P0 KSpades 
P2 2Clubs P3 AClubs P0 4Clubs P1 3Clubs 
P3 AHearts P0 4Hearts P1 KHearts P2 3Hearts 
P3 2Hearts P0 7Clubs P1 6Hearts P2 JHearts 
P2 3Spades P3 JSpades P0 KClubs P1 7Spades 
P1 5Spades P2 4Spades P3 5Clubs P0 3Diamonds 
P0 4Diamonds P1 2Diamonds P2 KDiamonds P3 5Diamonds 
P2 5Hearts P3 7Hearts P0 6Diamonds P1 QHearts 
P0 QDiamonds P1 ADiamonds P2 QClubs P3 JDiamonds 
P1 6Spades P2 JClubs P3 6Clubs P0 7Diamonds 
-- /GAME --
P0 HAND: QDiamonds, 6Diamonds, 3Diamonds, KClubs, 3Clubs, 6Hearts, 5Hearts, ASpades, JSpades, 2Spades.
P1 HAND: KDiamonds, 7Clubs, 6Clubs, AHearts, 7Hearts, QHearts, 4Hearts, 2Hearts, 7Spades, 5Spades.
P2 HAND: ADiamonds, 7Diamonds, 5Diamonds, 2Diamonds, AClubs, 4Clubs, JHearts, 3Hearts, KSpades, 3Spades.
P3 HAND: JDiamonds, 4Diamonds, JClubs, QClubs, 5Clubs, 2Clubs, KHearts, QSpades, 6Spades, 4Spades.
P0 ASpades P1 5Spades P2 KSpades P3 4Spades 
P0 QDiamonds P1 KDiamonds P2 ADiamonds P3 4Diamonds 
P2 2Diamonds P3 JDiamonds P0 3Diamonds P1 AHearts 
P3 6Spades P0 JSpades P1 7Spades P2 3Spades 
P1 2Hearts P2 3Hearts P3 KHearts P0 5Hearts 
P3 QSpades P0 2Spades P1 4Hearts P2 5Diamonds 
P3 2Clubs P0 3Clubs P1 6Clubs P2 4Clubs 
P1 QHearts P2 JHearts P3 5Clubs P0 6Hearts 
P3 QClubs P0 KClubs P1 7Clubs P2 AClubs 
P2 7Diamonds P3 JClubs P0 6Diamonds P1 7Hearts 
-- /GAME --
P0 HAND: ADiamonds, JDiamonds, QDiamonds, 2Clubs, 7Hearts, QHearts, 5Hearts, QSpades, 5Spades, 4Spades.
P1 HAND: KDiamonds, KClubs, QClubs, 5Clubs, JHearts, 3Hearts, KSpades, JSpades, 6Spades, 3Spades.
P2 HAND: 7Diamonds, 3Diamonds, 2Diamonds, AHearts, KHearts, 6Hearts, 4Hearts, 2Hearts, ASpades, 7Spades.
P3 HAND: 6Diamonds, 5Diamonds, 4Diamonds, AClubs, 7Clubs, JClubs, 6Clubs, 4Clubs, 3Clubs, 2Spades.
P3 2Spades P0 4Spades P1 3Spades P2 ASpades 
P2 2Diamonds P3 4Diamonds P0 QDiamonds P1 KDiamonds 
P1 5Clubs P2 3Diamonds P3 AClubs P0 2Clubs 
P3 3Clubs P0 JDiamonds P1 QClubs P2 2Hearts 
P2 4Hearts P3 4Clubs P0 5Hearts P1 3Hearts 
P0 QSpades P1 6Spades P2 7Spades P3 5Diamonds 
P2 6Hearts P3 6Diamonds P0 QHearts P1 JHearts 
P1 JSpades P2 KHearts P3 6Clubs P0 5Spades 
P2 AHearts P3 JClubs P0 7Hearts P1 KClubs 
P2 7Diamonds P3 7Clubs P0 ADiamonds P1 KSpades 
-- /GAME --
P0 HAND: QDiamonds, KClubs, JClubs, QClubs, 6Clubs, 5Clubs, 6Hearts, 5Hearts, 4Hearts, KSpades.
P1 HAND: KDiamonds, 6Diamonds, 4Diamonds, 3Diamonds, 2Diamonds, 3Clubs, 2Clubs, 2Hearts, QSpades, 4Spades.
P2 HAND: 7Diamonds, 5Diamonds, AClubs, 7Clubs, AHearts, KHearts, 3Hearts, ASpades, 5Spades, 3Spades.
P3 HAND: ADiamonds, JDiamonds, 4Clubs, 7Hearts, JHearts, QHearts, 7Spades, JSpades, 6Spades, 2Spades.
P2 AHearts P3 QHearts P0 4Hearts P1 2Hearts 
P2 ASpades P3 2Spades P0 KSpades P1 4Spades 
P2 3Hearts P3 JHearts P0 5Hearts P1 KDiamonds 
P3 ADiamonds P0 QDiamonds P1 6Diamonds P2 5Diamonds 
P3 6Spades P0 6Hearts P1 QSpades P2 3Spades 
P1 2Diamonds P2 7Diamonds P3 JDiamonds P0 5Clubs 
P0 6Clubs P1 2Clubs P2 7Clubs P3 4Clubs 
P2 5Spades P3 JSpades P0 QClubs P1 3Diamonds 
P0 JClubs P1 3Clubs P2 AClubs P3 7Hearts 
P2 KHearts P3 7Spades P0 KClubs P1 4Diamonds 
-- /GAME --
P0 HAND: 7Diamonds, 6Diamonds, 3Diamonds, AClubs, JClubs, 5Clubs, 2Clubs, 3Hearts, 5Spades, 3Spades.
P1 HAND: ADiamonds, 4Diamonds, 2Diamonds, KClubs, QClubs, 3Clubs, KHearts, 4Hearts, ASpades, JSpades.
P2 HAND: JDiamonds, QDiamonds, AHearts, 7Hearts, JHearts, 6Hearts, 5Hearts, QSpades, 4Spades, 2Spades.
P3 HAND: KDiamonds, 5Diamonds, 7Clubs, 6Clubs, 4Clubs, QHearts, 2Hearts, 7Spades, KSpades, 6Spades.
P1 ADiamonds P2 QDiamonds P3 KDiamonds P0 3Diamonds 
P1 ASpades P2 2Spades P3 7Spades P0 3Spades 
P1 2Diamonds P2 JDiamonds P3 5Diamonds P0 7Diamonds 
P0 2Clubs P1 3Clubs P2 4Spades P3 4Clubs 
P3 2Hearts P0 3Hearts P1 4Hearts P2 AHearts 
P2 5Hearts P3 QHearts P0 5Spades P1 KHearts 
P1 4Diamonds P2 6Hearts P3 6Spades P0 6Diamonds 
P0 5Clubs P1 QClubs P2 QSpades P3 6Clubs 
P1 JSpades P2 JHearts P3 KSpades P0 AClubs 
P0 JClubs P1 KClubs P2 7Hearts P3 7Clubs 
-- /GAME --
P0 HAND: QDiamonds, 6Diamonds, 4Clubs, 3Clubs, AHearts, 6Hearts, 5Hearts, KSpades, 5Spades, 3Spades.
P1 HAND: JDiamonds, 3Diamonds, 6Clubs, 7Hearts, KHearts, JHearts, QHearts, 7Spades, JSpades, 6Spades.
P2 HAND: KDiamonds, 5Diamonds, 4Diamonds, 7Clubs, QClubs, 4Hearts, 3Hearts, 2Hearts, ASpades, 2Spades.
P3 HAND: ADiamonds, 7Diamonds, 2Diamonds, AClubs, KClubs, JClubs, 5Clubs, 2Clubs, QSpades, 4Spades.
P0 AHearts P1 QHearts P2 4Hearts P3 2Clubs 
P3 ADiamonds P0 6Diamonds P1 JDiamonds P2 4Diamonds 
P3 2Diamonds P0 QDiamonds P1 3Diamonds P2 KDiamonds 
P2 ASpades P3 4Spades P0 KSpades P1 6Spades 
P2 2Hearts P3 QSpades P0 5Hearts P1 7Hearts 
P1 JHearts P2 3Hearts P3 5Clubs P0 6Hearts 
P3 JClubs 
