-- GAME --
P0 HAND: ADiamonds, 7Diamonds, 5Diamonds, JClubs, 5Clubs, KHearts, 5Hearts, KSpades, 6Spades, 5Spades.
P1 HAND: 6Diamonds, 7Clubs, KClubs, 3Clubs, QHearts, 6Hearts, 2Hearts, ASpades, 7Spades, JSpades.
P2 HAND: KDiamonds, JDiamonds, 2Diamonds, QClubs, 6Clubs, 4Clubs, 2Clubs, 7Hearts, 3Hearts, 2Spades.
P3 HAND: QDiamonds, 4Diamonds, 3Diamonds, AClubs, AHearts, JHearts, 4Hearts, QSpades, 4Spades, 3Spades.
P3 AHearts P0 5Hearts P1 QHearts P2 3Hearts 
P3 3Diamonds P0 ADiamonds P1 6Diamonds P2 KDiamonds 
P0 7Diamonds P1 3Clubs P2 2Diamonds P3 QDiamonds 
P1 ASpades P2 2Spades P3 QSpades P0 5Spades 
P1 2Hearts P2 7Hearts P3 4Hearts P0 KHearts 
P2 JDiamonds P3 4Diamonds P0 5Diamonds P1 6Hearts 
P2 2Clubs P3 AClubs P0 5Clubs P1 KClubs 
P3 3Spades P0 KSpades P1 7Spades P2 4Clubs 
P2 6Clubs P3 4Spades P0 JClubs P1 7Clubs 
P1 JSpades P2 QClubs P3 JHearts P0 6Spades 
-- /GAME --
P0 HAND: KDiamonds, JDiamonds, 2Diamonds, KClubs, 2Clubs, KHearts, 3Hearts, JSpades, QSpades, 2Spades.
P1 HAND: QDiamonds, AClubs, JClubs, 3Clubs, AHearts, JHearts, QHearts, KSpades, 6Spades, 5Spades.
P2 HAND: 7Diamonds, 6Diamonds, 4Diamonds, 3Diamonds, 7Clubs, QClubs, 7Hearts, ASpades, 4Spades, 3Spades.
P3 HAND: ADiamonds, 5Diamonds, 6Clubs, 5Clubs, 4Clubs, 6Hearts, 5Hearts, 4Hearts, 2Hearts, 7Spades.
P2 ASpades P3 7Spades P0 JSpades P1 5Spades 
P2 3Diamonds P3 ADiamonds P0 2Diamonds P1 QDiamonds 
P3 4Clubs P0 2Clubs P1 AClubs P2 QClubs 
P1 3Clubs P2 7Clubs P3 5Clubs P0 KClubs 
P2 3Spades P3 5Diamonds P0 QSpades P1 KSpades 
P1 6Spades P2 4Spades P3 6Clubs P0 2Spades 
P1 JClubs P2 4Diamonds P3 2Hearts P0 3Hearts 
P0 KHearts P1 QHearts P2 7Hearts P3 4Hearts 
P2 6Diamonds P3 5Hearts P0 JDiamonds P1 JHearts 
P1 AHearts P2 7Diamonds P3 6Hearts P0 KDiamonds 
-- /GAME --
P0 HAND: ADiamonds, QDiamonds, 6Diamonds, 4Diamonds, 6Clubs, 3Clubs, 7Hearts, QHearts, 4Hearts, 2Spades.
P1 HAND: 7Diamonds, KDiamonds, KClubs, JClubs, KHearts, 5Hearts, KSpades, JSpades, 5Spades, 3Spades.
P2 HAND: JDiamonds, 5Diamonds, QClubs, 4Clubs, 2Clubs, AHearts, 6Hearts, 3Hearts, QSpades, 6Spades.
P3 HAND: 3Diamonds, 2Diamonds, AClubs, 7Clubs, 5Clubs, JHearts, 2Hearts, ASpades, 7Spades, 4Spades.
P1 3Spades P2 6Spades P3 ASpades P0 2Spades 
P3 AClubs P0 3Clubs P1 KClubs P2 2Clubs 
P3 2Diamonds P0 ADiamonds P1 KDiamonds P2 JDiamonds 
P0 6Clubs P1 JClubs P2 4Clubs P3 7Clubs 
P3 3Diamonds P0 QDiamonds P1 7Diamonds P2 5Diamonds 
P1 5Spades P2 QSpades P3 7Spades P0 7Hearts 

