-- GAME --
P0 HAND: QDiamonds, 3Diamonds, 2Diamonds, KClubs, 6Clubs, 5Clubs, AHearts, 7Hearts, 6Spades, 5Spades.
P1 HAND: 7Diamonds, KDiamonds, 4Diamonds, 4Clubs, JHearts, 4Hearts, JSpades, QSpades, 4Spades, 3Spades.
P2 HAND: 5Diamonds, AClubs, 7Clubs, 3Clubs, 2Clubs, KHearts, QHearts, 5Hearts, 3Hearts, 2Spades.
P3 HAND: ADiamonds, JDiamonds, 6Diamonds, JClubs, QClubs, 6Hearts, 2Hearts, ASpades, 7Spades, KSpades.
P1 3Spades P2 2Spades P3 ASpades P0 6Spades 
P3 ADiamonds P0 2Diamonds P1 7Diamonds P2 5Diamonds 
P3 6Diamonds P0 3Diamonds P1 KDiamonds P2 2Clubs 
P1 4Diamonds P2 3Clubs P3 JDiamonds P0 QDiamonds 
P3 QClubs P0 5Clubs P1 4Clubs P2 AClubs 
P2 3Hearts P3 2Hearts P0 7Hearts P1 4Hearts 
P0 AHearts P1 JHearts P2 5Hearts P3 6Hearts 
P0 KClubs P1 4Spades P2 7Clubs P3 JClubs 
P2 QHearts P3 KSpades P0 6Clubs P1 QSpades 
P2 KHearts P3 7Spades P0 5Spades P1 JSpades 
-- /GAME --
P0 HAND: 5Diamonds, 4Diamonds, AClubs, JClubs, 5Clubs, 4Clubs, AHearts, KHearts, JHearts, 6Hearts.
P1 HAND: QDiamonds, 6Diamonds, 2Diamonds, QClubs, 3Clubs, 7Hearts, QHearts, 4Hearts, 2Hearts, 7Spades.
P2 HAND: ADiamonds, 7Diamonds, KDiamonds, JDiamonds, 6Clubs, 2Clubs, ASpades, JSpades, 6Spades, 4Spades.
P3 HAND: 3Diamonds, 7Clubs, KClubs, 5Hearts, 3Hearts, KSpades, QSpades, 5Spades, 3Spades, 2Spades.
P0 AHearts P1 2Hearts P2 ADiamonds P3 3Hearts 
P0 KHearts P1 4Hearts P2 2Clubs P3 5Hearts 
P0 AClubs P1 3Clubs P2 6Clubs P3 KClubs 
P0 JHearts P1 QHearts P2 4Spades P3 5Spades 
P3 3Diamonds P0 5Diamonds P1 2Diamonds P2 7Diamonds 
P2 JDiamonds P3 2Spades P0 4Diamonds P1 QDiamonds 
P3 3Spades P0 4Clubs P1 7Spades P2 ASpades 
P2 6Spades P3 QSpades P0 5Clubs P1 7Hearts 
P3 KSpades P0 6Hearts P1 6Diamonds P2 JSpades 
P3 7Clubs P0 JClubs P1 QClubs P2 KDiamonds 
-- /GAME --
P0 HAND: 7Diamonds, JDiamonds, AClubs, QClubs, 2Clubs, 4Hearts, 3Hearts, 6Spades, 3Spades, 2Spades.
P1 HAND: QDiamonds, 4Diamonds, KClubs, 5Clubs, 4Clubs, 3Clubs, AHearts, KHearts, 7Spades, KSpades.
P2 HAND: ADiamonds, KDiamonds, 6Diamonds, JClubs, 7Hearts, 6Hearts, 5Hearts, 2Hearts, ASpades, QSpades.
P3 HAND: 5Diamonds, 3Diamonds, 2Diamonds, 7Clubs, 6Clubs, JHearts, QHearts, JSpades, 5Spades, 4Spades.
P3 4Spades P0 6Spades P1 KSpades P2 ASpades 
P2 2Hearts P3 QHearts P0 3Hearts P1 AHearts 
P1 3Clubs P2 JClubs P3 6Clubs P0 QClubs 
P2 5Hearts P3 JHearts P0 4Hearts P1 KHearts 
P1 4Clubs P2 6Hearts P3 7Clubs P0 AClubs 
P0 2Clubs P1 5Clubs P2 QSpades P3 JSpades 
P1 4Diamonds P2 6Diamonds P3 2Diamonds P0 7Diamonds 
P0 3Spades P1 7Spades P2 KDiamonds P3 5Spades 
P2 ADiamonds P3 3Diamonds P0 JDiamonds P1 QDiamonds 
P2 7Hearts P3 5Diamonds P0 2Spades P1 KClubs 
-- /GAME --
P0 HAND: JDiamonds, QDiamonds, 3Diamonds, 2Diamonds, 7Clubs, KClubs, 4Clubs, 2Hearts, ASpades, 6Spades.
P1 HAND: ADiamonds, 7Diamonds, 6Diamonds, 5Diamonds, AClubs, 7Hearts, 6Hearts, 7Spades, 3Spades, 2Spades.
P2 HAND: 4Diamonds, JClubs, 5Clubs, 3Clubs, 2Clubs, AHearts, 5Hearts, 3Hearts, KSpades, JSpades.
P3 HAND: KDiamonds, QClubs, 6Clubs, KHearts, JHearts, QHearts, 4Hearts, QSpades, 5Spades, 4Spades.
P2 AHearts P3 4Hearts P0 2Hearts P1 6Hearts 
P2 2Clubs P3 6Clubs P0 7Clubs P1 AClubs 
P1 2Spades P2 JSpades P3 4Spades P0 6Spades 
P2 3Clubs P3 QClubs P0 4Clubs P1 7Hearts 
P3 5Spades P0 ASpades P1 3Spades P2 KSpades 
P0 KClubs P1 5Diamonds P2 5Clubs P3 KHearts 
P1 6Diamonds P2 4Diamonds P3 KDiamonds P0 2Diamonds 
P3 QHearts P0 3Diamonds P1 7Diamonds P2 3Hearts 
P1 ADiamonds P2 5Hearts P3 JHearts P0 QDiamonds 
P1 7Spades P2 JClubs P3 QSpades P0 JDiamonds 
-- /GAME --
P0 HAND: ADiamonds, AClubs, KClubs, QClubs, 6Clubs, 3Hearts, 7Spades, 4Spades, 3Spades, 2Spades.
P1 HAND: KDiamonds, 3Diamonds, 7Clubs, JClubs, 3Clubs, KHearts, JHearts, ASpades, KSpades, 6Spades.
P2 HAND: JDiamonds, 2Diamonds, 5Clubs, 2Clubs, AHearts, 7Hearts, QHearts, 6Hearts, 4Hearts, JSpades.
P3 HAND: 7Diamonds, QDiamonds, 6Diamonds, 5Diamonds, 4Diamonds, 4Clubs, 5Hearts, 2Hearts, QSpades, 5Spades.
P1 ASpades P2 JSpades P3 QSpades P0 2Spades 
P1 3Diamonds P2 2Diamonds P3 4Diamonds P0 ADiamonds 
P0 AClubs P1 3Clubs P2 5Clubs P3 4Clubs 
P0 7Spades P1 6Spades P2 JDiamonds P3 5Spades 
P0 3Spades P1 KSpades P2 2Clubs P3 7Diamonds 
P1 JClubs P2 4Hearts P3 5Diamonds P0 6Clubs 
P2 6Hearts P3 2Hearts P0 3Hearts P1 JHearts 
P1 KHearts P2 QHearts P3 5Hearts P0 4Spades 
P1 KDiamonds P2 7Hearts P3 6Diamonds P0 QClubs 
P2 AHearts P3 QDiamonds P0 KClubs P1 7Clubs 
-- /GAME --
P0 HAND: 4Diamonds, AClubs, 6Clubs, AHearts, 7Hearts, KHearts, 6Hearts, 4Hearts, 6Spades, 5Spades.
P1 HAND: 6Diamonds, 3Diamonds, 2Diamonds, 7Clubs, QClubs, 3Hearts, 2Hearts, 4Spades, 3Spades, 2Spades.
P2 HAND: 7Diamonds, QDiamonds, 5Diamonds, 5Clubs, 4Clubs, JHearts, 5Hearts, ASpades, KSpades, QSpades.
P3 HAND: ADiamonds, KDiamonds, JDiamonds, KClubs, JClubs, 3Clubs, 2Clubs, QHearts, 7Spades, JSpades.

