-- GAME --
P2 KClubs P3 6Clubs P0 3Clubs P1 2Clubs 
P2 7Clubs P3 4Hearts P0 QClubs P1 4Clubs 
P2 AClubs P3 6Spades P0 4Spades P1 JClubs 
P2 KDiamonds P3 7Spades P0 2Diamonds P1 JDiamonds 
-- /GAME --
P0 HAND: JDiamonds, AClubs, 6Clubs, 2Clubs, ASpades, 7Spades, KSpades, QSpades, 5Spades, 3Spades.
P1 HAND: 7Diamonds, KDiamonds, QDiamonds, 5Diamonds, 2Diamonds, KHearts, JHearts, QHearts, 5Hearts, 4Spades.
P2 HAND: 4Diamonds, QClubs, 4Clubs, 3Clubs, AHearts, 6Hearts, 4Hearts, 2Hearts, 6Spades, 2Spades.
P3 HAND: ADiamonds, 6Diamonds, 3Diamonds, 7Clubs, KClubs, JClubs, 5Clubs, 7Hearts, 3Hearts, JSpades.
P1 2Diamonds P2 4Diamonds P3 ADiamonds P0 JDiamonds 
P3 3Diamonds P0 2Clubs P1 5Diamonds P2 2Hearts 
P1 5Hearts P2 AHearts P3 3Hearts P0 6Clubs 
P2 3Clubs P3 5Clubs P0 AClubs P1 4Spades 
P1 QDiamonds P2 4Clubs P3 6Diamonds P0 3Spades 
P0 ASpades P1 QHearts P2 2Spades P3 JSpades 
P0 7Spades P1 JHearts P2 6Spades P3 JClubs 
P0 KSpades P1 KDiamonds P2 4Hearts P3 KClubs 
P0 QSpades P1 KHearts P2 6Hearts P3 7Clubs 
P0 5Spades P1 7Diamonds P2 QClubs P3 7Hearts 
-- /GAME --

