-- GAME --
P0 HAND: JDiamonds, QDiamonds, 7Clubs, QClubs, 3Clubs, AHearts, 7Hearts, JHearts, QSpades, 5Spades.
P1 HAND: KDiamonds, 6Diamonds, 3Diamonds, AClubs, 6Clubs, QHearts, JSpades, 6Spades, 4Spades, 2Spades.
P2 HAND: 7Diamonds, 5Diamonds, 2Diamonds, JClubs, 2Clubs, 3Hearts, ASpades, 7Spades, KSpades, 3Spades.
P3 HAND: ADiamonds, 4Diamonds, KClubs, 5Clubs, 4Clubs, KHearts, 6Hearts, 5Hearts, 4Hearts, 2Hearts.
P3 ADiamonds P0 QDiamonds P1 KDiamonds P2 2Diamonds 
P3 2Hearts P0 AHearts P1 QHearts P2 3Hearts 
P0 JDiamonds P1 3Diamonds P2 7Diamonds P3 4Diamonds 
P2 2Clubs P3 4Clubs P0 QClubs P1 AClubs 
P1 6Diamonds P2 5Diamonds P3 4Hearts P0 3Clubs 
P1 6Clubs P2 JClubs P3 5Clubs P0 7Clubs 
P0 5Spades P1 2Spades P2 3Spades P3 5Hearts 
P0 QSpades P1 4Spades P2 KSpades P3 6Hearts 
P2 7Spades P3 KClubs P0 7Hearts P1 6Spades 
P2 ASpades P3 KHearts P0 JHearts P1 JSpades 
-- /GAME --
P0 HAND: ADiamonds, JDiamonds, 2Diamonds, AClubs, AHearts, QHearts, 4Hearts, 7Spades, QSpades, 3Spades.
P1 HAND: 4Diamonds, 7Clubs, KClubs, JClubs, QClubs, 3Clubs, 2Hearts, KSpades, JSpades, 2Spades.
P2 HAND: KDiamonds, QDiamonds, 6Diamonds, 2Clubs, KHearts, JHearts, 6Hearts, 5Hearts, ASpades, 5Spades.
P3 HAND: 7Diamonds, 5Diamonds, 3Diamonds, 6Clubs, 5Clubs, 4Clubs, 7Hearts, 3Hearts, 6Spades, 4Spades.
P2 ASpades P3 4Spades P0 7Spades P1 2Spades 
P2 2Clubs P3 4Clubs P0 AClubs P1 3Clubs 
P0 AHearts P1 2Hearts P2 KHearts P3 3Hearts 
P0 3Spades P1 JSpades P2 5Spades P3 6Spades 
P1 QClubs P2 5Hearts P3 5Clubs P0 4Hearts 
P1 JClubs P2 6Hearts P3 6Clubs P0 QHearts 
P1 4Diamonds P2 6Diamonds P3 3Diamonds P0 2Diamonds 
P2 JHearts P3 7Hearts P0 ADiamonds P1 KClubs 
P0 QSpades P1 KSpades P2 QDiamonds P3 7Diamonds 
P3 5Diamonds P0 JDiamonds P1 7Clubs P2 KDiamonds 
-- /GAME --
P0 HAND: 7Diamonds, QDiamonds, 2Diamonds, 7Clubs, 4Clubs, AHearts, 5Hearts, 3Hearts, 2Hearts, JSpades.
P1 HAND: JDiamonds, 4Diamonds, AClubs, QClubs, 6Clubs, 5Clubs, 3Clubs, 2Clubs, 7Hearts, 2Spades.
P2 HAND: KDiamonds, 5Diamonds, 3Diamonds, KClubs, 6Hearts, 4Hearts, QSpades, 6Spades, 5Spades, 4Spades.
P3 HAND: ADiamonds, 6Diamonds, JClubs, KHearts, JHearts, QHearts, ASpades, 7Spades, KSpades, 3Spades.
P1 2Clubs P2 KClubs P3 JClubs P0 7Clubs 
P0 4Clubs P1 3Clubs P2 3Diamonds P3 3Spades 
P0 JSpades P1 2Spades P2 4Spades P3 ASpades 
P3 ADiamonds P0 2Diamonds P1 JDiamonds P2 5Diamonds 
P3 6Diamonds P0 QDiamonds P1 4Diamonds P2 KDiamonds 
P2 5Spades P3 KSpades P0 2Hearts P1 5Clubs 
P0 5Hearts P1 7Hearts P2 4Hearts P3 QHearts 
P1 6Clubs P2 6Spades P3 JHearts P0 3Hearts 
P3 KHearts P0 AHearts P1 QClubs P2 6Hearts 
P0 7Diamonds P1 AClubs P2 QSpades P3 7Spades 
-- /GAME --
P0 HAND: ADiamonds, KDiamonds, 4Diamonds, 2Diamonds, AClubs, 7Clubs, QClubs, 6Clubs, 6Spades, 4Spades.
P1 HAND: 7Diamonds, 6Diamonds, 5Diamonds, JClubs, 5Clubs, 4Clubs, AHearts, JHearts, 3Hearts, 5Spades.
P2 HAND: QDiamonds, KClubs, 2Clubs, QHearts, 5Hearts, 4Hearts, 2Hearts, ASpades, KSpades, QSpades.
P3 HAND: JDiamonds, 3Diamonds, 3Clubs, 7Hearts, KHearts, 6Hearts, 7Spades, JSpades, 3Spades, 2Spades.
P0 ADiamonds P1 5Diamonds P2 QDiamonds P3 3Diamonds 
P0 AClubs P1 4Clubs P2 KClubs P3 3Clubs 
P0 4Spades P1 5Spades P2 ASpades P3 2Spades 
P2 2Clubs P3 3Spades P0 7Clubs P1 5Clubs 
P0 6Spades P1 6Diamonds P2 QSpades P3 7Spades 
P3 JDiamonds P0 KDiamonds P1 7Diamonds P2 2Hearts 
P2 4Hearts P3 6Hearts P0 2Diamonds P1 3Hearts 
P3 JSpades P0 QClubs P1 JHearts P2 KSpades 
P1 JClubs P2 5Hearts P3 KHearts P0 6Clubs 
P3 7Hearts P0 4Diamonds P1 AHearts P2 QHearts 
-- /GAME --
P0 HAND: 2Diamonds, QClubs, 5Clubs, 7Hearts, QHearts, 4Hearts, 2Hearts, 5Spades, 3Spades, 2Spades.
P1 HAND: 4Diamonds, AClubs, 3Clubs, AHearts, JHearts, 5Hearts, ASpades, 7Spades, QSpades, 4Spades.
P2 HAND: KDiamonds, QDiamonds, 5Diamonds, 7Clubs, KClubs, 4Clubs, KHearts, 3Hearts, KSpades, 6Spades.
P3 HAND: ADiamonds, 7Diamonds, JDiamonds, 6Diamonds, 3Diamonds, JClubs, 6Clubs, 2Clubs, 6Hearts, JSpades.
P3 2Clubs P0 QClubs P1 AClubs P2 4Clubs 
P1 ASpades P2 6Spades P3 JSpades P0 2Spades 
P1 3Clubs P2 KClubs P3 6Clubs P0 5Clubs 
P2 5Diamonds P3 ADiamonds P0 2Diamonds P1 4Diamonds 
P3 3Diamonds P0 5Spades P1 4Spades P2 KDiamonds 
P2 QDiamonds P3 6Diamonds P0 3Spades P1 QSpades 
P2 3Hearts P3 6Hearts P0 QHearts P1 5Hearts 
P0 4Hearts P1 JHearts P2 KHearts P3 JDiamonds 
P2 KSpades P3 JClubs P0 2Hearts P1 7Spades 
P0 7Hearts P1 AHearts P2 7Clubs P3 7Diamonds 
-- /GAME --
P0 HAND: KDiamonds, 4Diamonds, 7Clubs, 7Hearts, JHearts, QHearts, 6Hearts, 3Hearts, KSpades, JSpades.
P1 HAND: ADiamonds, 7Diamonds, QDiamonds, 5Diamonds, 2Diamonds, QClubs, 5Clubs, KHearts, 5Hearts, QSpades.
P2 HAND: JDiamonds, 6Diamonds, 3Diamonds, AClubs, AHearts, 4Hearts, 2Hearts, ASpades, 6Spades, 4Spades.
P3 HAND: KClubs, JClubs, 6Clubs, 4Clubs, 3Clubs, 2Clubs, 7Spades, 5Spades, 3Spades, 2Spades.
P2 AClubs P3 2Clubs 
