-- GAME --
P0 3Spades P1 2Spades 
P2 4Spades P3 2Hearts P0 3Diamonds P1 5Spades 
P0 AClubs P1 2Clubs P2 KClubs P3 4Clubs 
P0 3Hearts P1 QHearts P2 6Spades P3 AHearts 
P3 4Hearts P0 KHearts P1 JHearts P2 JSpades 
P0 6Hearts P1 6Clubs P2 QClubs P3 7Hearts 
P3 5Hearts P0 5Diamonds P1 QSpades P2 6Diamonds 
P2 JDiamonds P3 2Diamonds P0 3Clubs P1 4Diamonds 
P2 KDiamonds P3 QDiamonds P0 5Clubs P1 7Diamonds 
P1 7Spades P2 ADiamonds P3 7Clubs P0 JClubs 
-- /GAME --
P0 HAND: 5Diamonds, 4Diamonds, 6Clubs, 3Clubs, AHearts, 7Hearts, 5Hearts, KSpades, JSpades, 2Spades.
P1 HAND: ADiamonds, JDiamonds, 6Diamonds, 3Diamonds, AClubs, 2Clubs, KHearts, 4Hearts, 3Hearts, QSpades.
P2 HAND: 7Diamonds, KDiamonds, 7Clubs, JClubs, QClubs, 6Hearts, 2Hearts, ASpades, 4Spades, 3Spades.
P3 HAND: QDiamonds, 2Diamonds, KClubs, 5Clubs, 4Clubs, JHearts, QHearts, 7Spades, 6Spades, 5Spades.
P1 AClubs P2 QClubs P3 KClubs P0 3Clubs 
P1 2Clubs P2 JClubs P3 4Clubs P0 6Clubs 
P2 ASpades P3 5Spades P0 KSpades P1 QSpades 
P2 2Hearts P3 QHearts P0 AHearts P1 3Hearts 
P0 7Hearts P1 4Hearts P2 6Hearts P3 JHearts 
P0 5Hearts P1 KHearts P2 3Spades P3 7Spades 
P1 3Diamonds P2 KDiamonds P3 2Diamonds P0 5Diamonds 
P2 4Spades P3 6Spades P0 JSpades P1 6Diamonds 
P1 JDiamonds P2 7Diamonds P3 QDiamonds P0 4Diamonds 
P2 7Clubs P3 5Clubs P0 2Spades P1 ADiamonds 
-- /GAME --
P0 HAND: 7Diamonds, JDiamonds, QDiamonds, AClubs, JClubs, 4Clubs, KHearts, JHearts, 2Hearts, ASpades.
P1 HAND: 4Diamonds, 6Clubs, 5Clubs, 7Hearts, QHearts, 4Hearts, 7Spades, QSpades, 6Spades, 2Spades.
P2 HAND: ADiamonds, 6Diamonds, 3Diamonds, 2Diamonds, 3Clubs, AHearts, 6Hearts, 3Hearts, JSpades, 5Spades.
P3 HAND: KDiamonds, 5Diamonds, 7Clubs, KClubs, QClubs, 2Clubs, 5Hearts, KSpades, 4Spades, 3Spades.
P1 4Diamonds P2 ADiamonds 
