-- GAME --
P0 HAND: 6Diamonds, 4Diamonds, 2Diamonds, JClubs, 5Clubs, AHearts, 3Hearts, 7Spades, KSpades, 4Spades.
P1 HAND: QDiamonds, 3Diamonds, 7Clubs, 3Clubs, 2Clubs, JHearts, 5Hearts, 2Hearts, 5Spades, 3Spades.
P2 HAND: ADiamonds, KDiamonds, JDiamonds, 5Diamonds, AClubs, 6Clubs, KHearts, 4Hearts, QSpades, 2Spades.
P3 HAND: 7Diamonds, KClubs, QClubs, 4Clubs, 7Hearts, QHearts, 6Hearts, ASpades, JSpades, 6Spades.
P1 2Clubs P2 AClubs P3 4Clubs P0 JClubs 
P2 2Spades P3 ASpades P0 4Spades P1 5Spades 
P3 6Hearts P0 AHearts P1 2Hearts P2 KHearts 
P0 7Spades P1 3Spades P2 QSpades P3 6Spades 
P0 5Clubs P1 3Clubs P2 6Clubs P3 KClubs 
P3 QClubs P0 3Hearts P1 7Clubs P2 5Diamonds 
P2 4Hearts P3 QHearts P0 2Diamonds P1 5Hearts 
P0 KSpades P1 3Diamonds P2 JDiamonds P3 JSpades 
P2 KDiamonds P3 7Diamonds P0 4Diamonds P1 QDiamonds 
P3 7Hearts P0 6Diamonds P1 JHearts P2 ADiamonds 
-- /GAME --
P0 HAND: QDiamonds, 7Clubs, 4Clubs, 2Clubs, 7Hearts, 6Hearts, 3Hearts, KSpades, 3Spades, 2Spades.
P1 HAND: 6Diamonds, KClubs, JClubs, 6Clubs, 5Clubs, KHearts, 5Hearts, ASpades, 7Spades, 4Spades.
P2 HAND: ADiamonds, 7Diamonds, 4Diamonds, 3Diamonds, QClubs, 3Clubs, JHearts, QHearts, QSpades, 5Spades.
P3 HAND: KDiamonds, JDiamonds, 5Diamonds, 2Diamonds, AClubs, AHearts, 4Hearts, 2Hearts, JSpades, 6Spades.
P0 2Spades P1 ASpades 
