-- GAME --
P0 HAND: JDiamonds, 6Diamonds, 3Diamonds, 7Clubs, JClubs, 5Clubs, AHearts, 3Hearts, 7Spades, QSpades.
P1 HAND: 4Diamonds, 6Clubs, 3Clubs, 7Hearts, JHearts, 4Hearts, 2Hearts, JSpades, 6Spades, 5Spades.
P2 HAND: ADiamonds, KDiamonds, QDiamonds, 2Diamonds, AClubs, QClubs, 6Hearts, ASpades, 4Spades, 3Spades.
P3 HAND: 7Diamonds, 5Diamonds, KClubs, 4Clubs, 2Clubs, KHearts, QHearts, 5Hearts, KSpades, 2Spades.
P3 2Clubs P0 5Clubs P1 3Clubs P2 AClubs 
P2 ASpades P3 2Spades P0 7Spades P1 5Spades 
P2 3Spades P3 KSpades P0 QSpades P1 JSpades 
P3 4Clubs P0 7Clubs P1 6Clubs P2 QClubs 
P0 JClubs P1 2Hearts P2 4Spades P3 KClubs 
P3 5Hearts P0 3Hearts P1 4Hearts P2 6Hearts 
P2 2Diamonds P3 5Diamonds P0 3Diamonds P1 4Diamonds 
P3 QHearts P0 AHearts P1 JHearts P2 QDiamonds 
P2 KDiamonds P3 7Diamonds P0 6Diamonds P1 7Hearts 
P3 KHearts P0 JDiamonds P1 6Spades P2 ADiamonds 
-- /GAME --
P0 HAND: JDiamonds, 5Diamonds, JClubs, 5Clubs, AHearts, KHearts, 2Hearts, 7Spades, QSpades, 6Spades.
P1 HAND: 7Diamonds, 6Diamonds, 3Diamonds, 2Diamonds, 7Clubs, KClubs, 6Clubs, 4Clubs, 3Clubs, 3Spades.
P2 HAND: ADiamonds, QDiamonds, 4Diamonds, QClubs, JHearts, 4Hearts, 3Hearts, JSpades, 4Spades, 2Spades.
P3 HAND: KDiamonds, AClubs, 2Clubs, 7Hearts, QHearts, 6Hearts, 5Hearts, ASpades, KSpades, 5Spades.
P2 ADiamonds P3 KDiamonds P0 JDiamonds P1 2Diamonds 
P2 3Hearts P3 5Hearts P0 AHearts P1 3Spades 
P1 3Diamonds P2 4Diamonds P3 2Clubs P0 5Diamonds 
P0 5Clubs P1 3Clubs P2 QClubs P3 AClubs 
P3 6Hearts P0 KHearts P1 4Clubs P2 JHearts 
P0 JClubs P1 6Clubs P2 4Hearts P3 QHearts 
P0 2Hearts P1 6Diamonds P2 QDiamonds P3 7Hearts 
P3 5Spades P0 6Spades P1 KClubs P2 2Spades 
P0 QSpades P1 7Diamonds P2 4Spades P3 KSpades 
P3 ASpades P0 7Spades P1 7Clubs P2 JSpades 
-- /GAME --
P0 HAND: 6Diamonds, 7Clubs, KClubs, QClubs, 3Clubs, 7Hearts, KHearts, 2Hearts, QSpades, 3Spades.
P1 HAND: 7Diamonds, QDiamonds, 5Diamonds, JClubs, 6Hearts, 4Hearts, 3Hearts, 7Spades, JSpades, 4Spades.
P2 HAND: KDiamonds, 3Diamonds, AClubs, 6Clubs, AHearts, JHearts, QHearts, 5Hearts, KSpades, 6Spades.
P3 HAND: ADiamonds, JDiamonds, 4Diamonds, 2Diamonds, 5Clubs, 4Clubs, 2Clubs, ASpades, 5Spades, 2Spades.
P1 4Spades P2 6Spades P3 ASpades P0 3Spades 
P3 ADiamonds P0 6Diamonds P1 7Diamonds P2 3Diamonds 
P3 2Diamonds P0 3Clubs P1 5Diamonds P2 KDiamonds 
P2 AClubs P3 2Clubs P0 7Clubs P1 JClubs 
P2 6Clubs P3 4Clubs P0 KClubs P1 QDiamonds 
P0 QSpades P1 JSpades P2 KSpades P3 2Spades 
P2 5Hearts P3 4Diamonds P0 2Hearts P1 3Hearts 
P2 QHearts P3 5Clubs P0 KHearts P1 4Hearts 
P0 QClubs P1 6Hearts P2 JHearts P3 5Spades 
P2 AHearts P3 JDiamonds P0 7Hearts P1 7Spades 
-- /GAME --
P0 HAND: KDiamonds, QDiamonds, 6Diamonds, 5Diamonds, 3Diamonds, AClubs, 5Hearts, 3Hearts, 7Spades, KSpades.
P1 HAND: 7Diamonds, JDiamonds, 2Diamonds, 7Clubs, 5Clubs, 2Clubs, QHearts, 4Hearts, JSpades, 5Spades.
P2 HAND: QClubs, 6Clubs, 4Clubs, 3Clubs, 7Hearts, JHearts, 6Hearts, 2Hearts, ASpades, QSpades.
P3 HAND: ADiamonds, 4Diamonds, KClubs, JClubs, AHearts, KHearts, 6Spades, 4Spades, 3Spades, 2Spades.
P0 AClubs P1 2Clubs P2 QClubs P3 JClubs 
P0 3Hearts P1 4Hearts P2 2Hearts P3 AHearts 
P3 ADiamonds P0 5Diamonds P1 7Diamonds P2 QSpades 
P2 3Clubs P3 KClubs P0 KSpades P1 5Clubs 
P0 KDiamonds P1 2Diamonds P2 7Hearts P3 4Diamonds 
P0 QDiamonds P1 JDiamonds P2 ASpades P3 KHearts 
P2 4Clubs P3 2Spades P0 6Diamonds P1 7Clubs 
P3 3Spades P0 7Spades P1 5Spades P2 JHearts 
P0 3Diamonds P1 QHearts P2 6Clubs P3 4Spades 
P3 6Spades P0 5Hearts P1 JSpades P2 6Hearts 
-- /GAME --
P0 HAND: ADiamonds, KDiamonds, 5Clubs, 4Clubs, AHearts, 7Hearts, 6Hearts, 5Hearts, ASpades, 5Spades.
P1 HAND: QDiamonds, 4Diamonds, JHearts, QHearts, 4Hearts, 3Hearts, 7Spades, KSpades, 6Spades, 2Spades.
P2 HAND: 6Diamonds, 2Diamonds, KClubs, QClubs, 6Clubs, 3Clubs, 2Clubs, 2Hearts, JSpades, 4Spades.
P3 HAND: 7Diamonds, JDiamonds, 5Diamonds, 3Diamonds, AClubs, 7Clubs, JClubs, KHearts, QSpades, 3Spades.
P3 3Diamonds P0 ADiamonds P1 4Diamonds P2 6Diamonds 
P0 AHearts P1 3Hearts P2 2Hearts P3 KHearts 
P0 5Spades P1 2Spades P2 4Spades P3 QSpades 
P3 3Spades P0 ASpades P1 6Spades P2 JSpades 
P0 KDiamonds P1 QDiamonds P2 2Diamonds P3 7Diamonds 
P3 5Diamonds P0 5Hearts P1 4Hearts P2 2Clubs 
P2 3Clubs P3 JClubs P0 5Clubs P1 7Spades 
P3 JDiamonds P0 4Clubs P1 QHearts P2 6Clubs 
P2 QClubs P3 7Clubs P0 6Hearts P1 KSpades 
P3 AClubs P0 7Hearts P1 JHearts P2 KClubs 
-- /GAME --
P0 HAND: 7Diamonds, 5Diamonds, 4Diamonds, 3Diamonds, 2Diamonds, 7Clubs, QClubs, KSpades, 3Spades, 2Spades.
P1 HAND: KDiamonds, JDiamonds, JClubs, 5Clubs, 7Hearts, KHearts, QHearts, 3Hearts, ASpades, 6Spades.
P2 HAND: ADiamonds, 6Diamonds, AClubs, 3Clubs, 2Clubs, AHearts, JHearts, 4Hearts, 7Spades, 5Spades.
P3 HAND: QDiamonds, KClubs, 6Clubs, 4Clubs, 6Hearts, 5Hearts, 2Hearts, JSpades, QSpades, 4Spades.
P2 AClubs P3 4Clubs P0 QClubs P1 5Clubs 
P2 AHearts P3 2Hearts P0 KSpades P1 3Hearts 
P2 2Clubs P3 6Clubs P0 7Clubs P1 JClubs 
P0 2Spades P1 ASpades P2 5Spades P3 JSpades 
P1 6Spades P2 7Spades P3 4Spades P0 3Spades 
P2 3Clubs P3 KClubs P0 2Diamonds P1 QHearts 
P0 3Diamonds P1 JDiamonds P2 6Diamonds P3 QDiamonds 
P1 KDiamonds P2 ADiamonds P3 5Hearts P0 4Diamonds 
P2 4Hearts P3 6Hearts P0 5Diamonds P1 KHearts 
P0 7Diamonds P1 7Hearts P2 JHearts P3 QSpades 
-- /GAME --
P0 HAND: JDiamonds, 6Diamonds, 7Clubs, KClubs, 6Clubs, 5Clubs, AHearts, 7Spades, 5Spades, 2Spades.
P1 HAND: ADiamonds, 3Diamonds, 2Diamonds, QClubs, 3Clubs, 2Clubs, 5Hearts, 4Hearts, 2Hearts, JSpades.
P2 HAND: 7Diamonds, AClubs, JClubs, 7Hearts, KHearts, JHearts, 3Hearts, ASpades, KSpades, 3Spades.
P3 HAND: KDiamonds, QDiamonds, 5Diamonds, 4Diamonds, 4Clubs, QHearts, 6Hearts, QSpades, 6Spades, 4Spades.
P1 ADiamonds P2 7Diamonds P3 KDiamonds P0 6Diamonds 
P1 2Diamonds P2 3Hearts P3 4Diamonds P0 JDiamonds 
P0 AHearts P1 2Hearts P2 7Hearts P3 6Hearts 
P0 6Clubs P1 2Clubs P2 AClubs P3 4Clubs 
P2 JClubs P3 5Diamonds P0 5Clubs P1 3Clubs 
P2 JHearts P3 QHearts P0 2Spades P1 4Hearts 
P0 5Spades P1 JSpades P2 3Spades P3 4Spades 
P1 3Diamonds P2 KSpades P3 QDiamonds P0 7Spades 
P0 KClubs P1 QClubs P2 ASpades P3 6Spades 
P2 KHearts P3 QSpades P0 7Clubs P1 5Hearts 
-- /GAME --
P0 HAND: 4Diamonds, 5Clubs, 3Clubs, 2Clubs, AHearts, JHearts, 6Hearts, 3Hearts, 2Hearts, QSpades.
P1 HAND: ADiamonds, 6Diamonds, 5Diamonds, AClubs, JClubs, 7Hearts, QHearts, 7Spades, 3Spades, 2Spades.
P2 HAND: 7Diamonds, JDiamonds, QDiamonds, 3Diamonds, KClubs, 6Clubs, KHearts, 5Hearts, KSpades, 6Spades.
P3 HAND: KDiamonds, 2Diamonds, 7Clubs, QClubs, 4Clubs, 4Hearts, ASpades, JSpades, 5Spades, 4Spades.

