-- GAME --
P0 HAND: ADiamonds, KDiamonds, JDiamonds, 6Diamonds, 2Diamonds, 6Clubs, JHearts, QHearts, 5Hearts, ASpades.
P1 HAND: 4Diamonds, 7Clubs, 5Clubs, 4Clubs, 6Hearts, 7Spades, JSpades, 6Spades, 4Spades, 3Spades.
P2 HAND: QDiamonds, 3Diamonds, AClubs, 3Clubs, 2Clubs, AHearts, 4Hearts, KSpades, QSpades, 2Spades.
P3 HAND: 7Diamonds, 5Diamonds, KClubs, JClubs, QClubs, 7Hearts, KHearts, 3Hearts, 2Hearts, 5Spades.
P0 ADiamonds P1 4Diamonds P2 3Diamonds P3 5Diamonds 
P0 2Diamonds P1 3Spades P2 QDiamonds P3 7Diamonds 
P3 2Hearts P0 5Hearts P1 6Hearts P2 AHearts 
P2 AClubs P3 QClubs P0 6Clubs P1 4Clubs 
P2 2Clubs P3 JClubs P0 6Diamonds P1 5Clubs 
P0 ASpades P1 4Spades P2 KSpades P3 5Spades 
P0 QHearts P1 6Spades P2 4Hearts P3 7Hearts 
P3 3Hearts P0 JHearts P1 JSpades P2 QSpades 
P0 JDiamonds P1 7Clubs P2 2Spades P3 KClubs 
P0 KDiamonds P1 7Spades P2 3Clubs P3 KHearts 
-- /GAME --
P0 HAND: 6Diamonds, AClubs, QClubs, AHearts, KHearts, QHearts, 4Hearts, 5Spades, 4Spades, 2Spades.
P1 HAND: KDiamonds, 5Diamonds, KClubs, 6Clubs, 3Clubs, 2Clubs, 7Hearts, JHearts, 5Hearts, ASpades.
P2 HAND: ADiamonds, JDiamonds, QDiamonds, 3Diamonds, 7Clubs, 5Clubs, 6Hearts, 3Hearts, JSpades, 6Spades.
P3 HAND: 7Diamonds, 4Diamonds, 2Diamonds, JClubs, 4Clubs, 2Hearts, 7Spades, KSpades, QSpades, 3Spades.
P3 2Hearts P0 AHearts P1 5Hearts P2 6Hearts 
P0 AClubs P1 2Clubs P2 7Clubs P3 4Clubs 
P0 QClubs P1 3Clubs P2 5Clubs P3 JClubs 
P3 3Spades P0 2Spades P1 ASpades P2 6Spades 
P1 6Clubs P2 3Hearts P3 QSpades P0 4Spades 
P1 JHearts P2 3Diamonds P3 2Diamonds P0 KHearts 
P2 JSpades P3 KSpades P0 5Spades P1 7Hearts 
P3 4Diamonds P0 6Diamonds P1 5Diamonds P2 QDiamonds 
P2 JDiamonds P3 7Diamonds P0 4Hearts P1 KDiamonds 
P3 7Spades P0 QHearts P1 KClubs P2 ADiamonds 
-- /GAME --
P0 HAND: 7Clubs, 6Clubs, 5Clubs, 4Clubs, JHearts, ASpades, 7Spades, QSpades, 6Spades, 5Spades.
P1 HAND: JDiamonds, 6Diamonds, 4Diamonds, AClubs, KClubs, JClubs, KHearts, 4Spades, 3Spades, 2Spades.
P2 HAND: ADiamonds, 7Diamonds, KDiamonds, QDiamonds, 5Diamonds, 2Diamonds, 3Clubs, 2Clubs, 3Hearts, 2Hearts.
P3 HAND: 3Diamonds, QClubs, AHearts, 7Hearts, QHearts, 6Hearts, 5Hearts, 4Hearts, KSpades, JSpades.
P2 2Diamonds P3 3Diamonds P0 5Spades P1 4Diamonds 
P0 ASpades P1 2Spades P2 ADiamonds P3 JSpades 
P0 JHearts P1 KHearts P2 2Hearts P3 AHearts 
P3 4Hearts P0 4Clubs P1 6Diamonds P2 3Hearts 
P3 5Hearts P0 5Clubs P1 3Spades P2 2Clubs 
P1 JDiamonds P2 5Diamonds P3 6Hearts P0 6Clubs 
P1 JClubs P2 3Clubs P3 QClubs P0 7Clubs 
P0 6Spades P1 4Spades P2 QDiamonds P3 KSpades 
P3 QHearts P0 7Spades P1 KClubs P2 7Diamonds 
P0 QSpades P1 AClubs P2 KDiamonds P3 7Hearts 
-- /GAME --
P0 HAND: 7Clubs, JClubs, 5Clubs, 4Clubs, 3Clubs, 7Hearts, 2Hearts, QSpades, 6Spades, 3Spades.
P1 HAND: QDiamonds, 5Diamonds, 3Diamonds, KClubs, AHearts, KHearts, JHearts, QHearts, 7Spades, 2Spades.
P2 HAND: 7Diamonds, KDiamonds, 2Diamonds, 6Clubs, 2Clubs, 6Hearts, 5Hearts, JSpades, 5Spades, 4Spades.
P3 HAND: ADiamonds, JDiamonds, 6Diamonds, 4Diamonds, AClubs, QClubs, 4Hearts, 3Hearts, ASpades, KSpades.
P1 AHearts P2 5Hearts P3 4Hearts P0 2Hearts 
P1 3Diamonds P2 2Diamonds P3 ADiamonds P0 QSpades 
P0 7Hearts P1 QHearts P2 6Hearts P3 3Hearts 
P0 3Clubs P1 KClubs P2 2Clubs P3 AClubs 
P3 4Diamonds P0 3Spades P1 5Diamonds P2 7Diamonds 
P0 JClubs P1 QDiamonds P2 6Clubs P3 QClubs 
P0 4Clubs P1 2Spades P2 4Spades P3 6Diamonds 
P2 5Spades P3 KSpades P0 6Spades P1 7Spades 
P1 JHearts P2 JSpades P3 ASpades P0 5Clubs 
P3 JDiamonds P0 7Clubs P1 KHearts P2 KDiamonds 
-- /GAME --
P0 HAND: 7Diamonds, 5Diamonds, 4Diamonds, 6Clubs, 7Hearts, 6Hearts, 2Hearts, KSpades, 6Spades, 3Spades.
P1 HAND: ADiamonds, JDiamonds, 2Diamonds, 2Clubs, KHearts, QHearts, 5Hearts, 3Hearts, JSpades, 5Spades.
P2 HAND: KDiamonds, QDiamonds, 6Diamonds, AClubs, KClubs, JClubs, 3Clubs, AHearts, 4Hearts, ASpades.
P3 HAND: 3Diamonds, 7Clubs, QClubs, 5Clubs, 4Clubs, JHearts, 7Spades, QSpades, 4Spades, 2Spades.
P0 6Clubs P1 2Clubs P2 3Clubs P3 4Clubs 
P0 3Spades P1 5Spades P2 ASpades P3 2Spades 
P2 AHearts P3 JHearts P0 7Hearts P1 3Hearts 
P2 4Hearts P3 3Diamonds P0 6Hearts P1 KHearts 
P1 ADiamonds P2 6Diamonds P3 7Spades P0 4Diamonds 
P1 2Diamonds P2 QDiamonds P3 4Spades P0 7Diamonds 
P0 2Hearts P1 5Hearts P2 JClubs P3 QSpades 
P2 KClubs P3 5Clubs P0 KSpades P1 QHearts 
P2 AClubs P3 QClubs P0 5Diamonds P1 JDiamonds 
P2 KDiamonds P3 7Clubs P0 6Spades P1 JSpades 
-- /GAME --
P0 HAND: JDiamonds, KClubs, JClubs, 4Clubs, AHearts, QHearts, 4Hearts, JSpades, 5Spades, 4Spades.
P1 HAND: KDiamonds, QDiamonds, 5Diamonds, 4Diamonds, 6Hearts, 5Hearts, 3Hearts, 2Hearts, 3Spades, 2Spades.
P2 HAND: 3Diamonds, 2Diamonds, AClubs, 7Clubs, 6Clubs, 3Clubs, 2Clubs, JHearts, 7Spades, 6Spades.
P3 HAND: ADiamonds, 7Diamonds, 6Diamonds, QClubs, 5Clubs, 7Hearts, KHearts, ASpades, KSpades, QSpades.
P3 ADiamonds P0 JDiamonds P1 KDiamonds P2 2Diamonds 
P3 ASpades P0 4Spades P1 3Spades P2 6Spades 
P3 6Diamonds P0 4Hearts P1 4Diamonds P2 3Diamonds 
P3 QSpades P0 JSpades P1 2Spades P2 7Spades 
P2 JHearts P3 KHearts P0 AHearts P1 2Hearts 
P0 5Spades P1 3Hearts P2 2Clubs P3 KSpades 
P2 3Clubs P3 5Clubs P0 JClubs P1 5Diamonds 
P0 QHearts P1 5Hearts P2 6Clubs P3 7Hearts 
P2 7Clubs P3 QClubs P0 4Clubs P1 6Hearts 
P2 AClubs P3 7Diamonds P0 KClubs P1 QDiamonds 
-- /GAME --
P0 HAND: 7Diamonds, QDiamonds, 5Diamonds, 2Diamonds, 7Clubs, 3Clubs, 6Hearts, 5Hearts, 3Hearts, 2Spades.
P1 HAND: JDiamonds, 3Diamonds, AClubs, 2Clubs, KHearts, JHearts, QHearts, 2Hearts, QSpades, 4Spades.
P2 HAND: ADiamonds, 4Diamonds, QClubs, 6Clubs, 5Clubs, AHearts, 4Hearts, 7Spades, JSpades, 5Spades.
P3 HAND: KDiamonds, 6Diamonds, KClubs, JClubs, 4Clubs, 7Hearts, ASpades, KSpades, 6Spades, 3Spades.

