-- GAME --
P0 HAND: 6Diamonds, AHearts, 5Hearts, 4Hearts, 2Hearts, 7Spades, JSpades, 6Spades, 4Spades, 3Spades.
P1 HAND: QDiamonds, 5Diamonds, 2Diamonds, AClubs, JClubs, QClubs, 4Clubs, 6Hearts, 3Hearts, KSpades.
P2 HAND: 4Diamonds, 7Clubs, KClubs, 6Clubs, 5Clubs, 3Clubs, 2Clubs, 7Hearts, JHearts, QSpades.
P3 HAND: ADiamonds, 7Diamonds, KDiamonds, JDiamonds, 3Diamonds, KHearts, QHearts, ASpades, 5Spades, 2Spades.
P3 3Diamonds P0 6Diamonds P1 2Diamonds P2 4Diamonds 
P0 JSpades P1 KSpades P2 QSpades P3 2Spades 
P1 AClubs P2 2Clubs P3 ADiamonds P0 3Spades 
P0 6Spades P1 3Hearts P2 3Clubs P3 5Spades 
P0 4Spades P1 4Clubs P2 5Clubs P3 ASpades 
P3 QHearts P0 2Hearts P1 6Hearts P2 7Hearts 
P2 6Clubs P3 JDiamonds P0 7Spades P1 QClubs 
P0 AHearts P1 5Diamonds P2 JHearts P3 KHearts 
P0 5Hearts P1 QDiamonds P2 KClubs P3 KDiamonds 
P0 4Hearts P1 JClubs P2 7Clubs P3 7Diamonds 
-- /GAME --
P0 HAND: ADiamonds, KDiamonds, JClubs, 4Clubs, AHearts, JHearts, QHearts, 6Hearts, ASpades, 2Spades.
P1 HAND: JDiamonds, QDiamonds, 4Diamonds, 3Diamonds, AClubs, 6Clubs, 5Clubs, 2Clubs, 2Hearts, 4Spades.
P2 HAND: 6Diamonds, 5Diamonds, 2Diamonds, 7Clubs, 3Clubs, 7Hearts, 5Hearts, 4Hearts, KSpades, 3Spades.
P3 HAND: 7Diamonds, KClubs, QClubs, KHearts, 3Hearts, 7Spades, JSpades, QSpades, 6Spades, 5Spades.
P2 3Clubs P3 QClubs P0 4Clubs P1 AClubs 
P1 2Clubs 
