-- GAME --
P0 HAND: ADiamonds, KDiamonds, 5Diamonds, JClubs, 6Clubs, 2Clubs, 7Hearts, KHearts, QSpades, 5Spades.
P1 HAND: QDiamonds, 4Diamonds, AClubs, KClubs, 5Clubs, AHearts, JHearts, 6Hearts, 7Spades, 6Spades.
P2 HAND: 7Diamonds, JDiamonds, 6Diamonds, 3Diamonds, QClubs, 3Clubs, 3Hearts, 2Hearts, 4Spades, 3Spades.
P3 HAND: 2Diamonds, 7Clubs, 4Clubs, QHearts, 5Hearts, 4Hearts, ASpades, KSpades, JSpades, 2Spades.
P0 ADiamonds P1 4Diamonds P2 7Diamonds P3 2Diamonds 
P0 KHearts P1 AHearts P2 2Hearts P3 QHearts 
P1 AClubs P2 3Clubs P3 7Clubs P0 2Clubs 
P1 5Clubs P2 QClubs P3 4Clubs P0 JClubs 
P0 7Hearts P1 6Hearts P2 3Hearts P3 4Hearts 
P0 6Clubs P1 KClubs P2 3Diamonds P3 5Hearts 
P1 QDiamonds P2 6Diamonds P3 2Spades P0 5Diamonds 
P3 JSpades P0 5Spades P1 6Spades P2 3Spades 
P3 KSpades P0 QSpades P1 7Spades P2 4Spades 
P1 JHearts P2 JDiamonds P3 ASpades P0 KDiamonds 
-- /GAME --
P0 HAND: QDiamonds, 6Diamonds, 2Clubs, QHearts, 5Hearts, ASpades, KSpades, 5Spades, 3Spades, 2Spades.
P1 HAND: 3Diamonds, 5Clubs, 3Clubs, AHearts, 7Hearts, JHearts, 4Hearts, 2Hearts, QSpades, 4Spades.
P2 HAND: 7Diamonds, 5Diamonds, 4Diamonds, 7Clubs, KClubs, JClubs, QClubs, 4Clubs, 3Hearts, 7Spades.
P3 HAND: ADiamonds, KDiamonds, JDiamonds, 2Diamonds, AClubs, 6Clubs, KHearts, 6Hearts, JSpades, 6Spades.
P3 ADiamonds P0 6Diamonds P1 3Diamonds P2 4Diamonds 
P3 2Diamonds P0 QDiamonds P1 2Hearts P2 7Diamonds 
P2 3Hearts P3 6Hearts P0 5Hearts P1 AHearts 
P1 4Hearts P2 5Diamonds P3 KHearts P0 QHearts 
P3 6Spades P0 ASpades P1 4Spades P2 7Spades 
P0 KSpades P1 QSpades P2 4Clubs P3 JSpades 
P2 QClubs P3 6Clubs P0 2Clubs P1 3Clubs 
P2 JClubs P3 AClubs P0 5Spades P1 5Clubs 
P3 JDiamonds P0 3Spades P1 JHearts P2 KClubs 
P2 7Clubs P3 KDiamonds P0 2Spades P1 7Hearts 
-- /GAME --
P0 HAND: 7Diamonds, 4Diamonds, 2Diamonds, 7Clubs, KClubs, 4Clubs, ASpades, JSpades, QSpades, 2Spades.
P1 HAND: ADiamonds, QDiamonds, 6Diamonds, 5Diamonds, 5Clubs, KHearts, JHearts, 6Hearts, 7Spades, 6Spades.
P2 HAND: AClubs, JClubs, QClubs, 2Clubs, 5Hearts, 4Hearts, 3Hearts, KSpades, 5Spades, 4Spades.
P3 HAND: KDiamonds, JDiamonds, 3Diamonds, 6Clubs, 3Clubs, AHearts, 7Hearts, QHearts, 2Hearts, 3Spades.
P2 AClubs P3 3Clubs P0 7Clubs P1 5Clubs 
P2 2Clubs P3 6Clubs P0 KClubs P1 5Diamonds 
P0 2Diamonds P1 ADiamonds P2 4Spades P3 3Diamonds 
P2 3Hearts P3 AHearts P0 2Spades P1 6Hearts 
P0 7Diamonds P1 6Diamonds P2 JClubs P3 JDiamonds 
P0 4Clubs P1 QDiamonds P2 QClubs P3 2Hearts 
P2 4Hearts P3 QHearts P0 QSpades P1 JHearts 
P0 ASpades P1 6Spades P2 5Spades P3 3Spades 
P0 JSpades P1 7Spades P2 KSpades P3 7Hearts 
P1 KHearts P2 5Hearts P3 KDiamonds P0 4Diamonds 
-- /GAME --
P0 HAND: ADiamonds, 5Diamonds, 4Diamonds, 3Diamonds, 5Clubs, 7Hearts, 4Hearts, 3Hearts, JSpades, 6Spades.
P1 HAND: JDiamonds, 7Clubs, KClubs, 3Clubs, JHearts, QHearts, KSpades, QSpades, 3Spades, 2Spades.
P2 HAND: 7Diamonds, 6Diamonds, AClubs, 6Clubs, 4Clubs, 2Clubs, 6Hearts, 5Hearts, ASpades, 4Spades.
P3 HAND: KDiamonds, QDiamonds, 2Diamonds, JClubs, QClubs, AHearts, KHearts, 2Hearts, 7Spades, 5Spades.
P1 2Spades P2 ASpades P3 5Spades P0 JSpades 
P2 AClubs P3 QClubs P0 5Clubs P1 3Clubs 
P2 2Clubs P3 JClubs P0 3Hearts P1 KClubs 
P0 ADiamonds P1 JDiamonds P2 7Diamonds P3 2Diamonds 
P0 6Spades P1 3Spades P2 4Spades P3 7Spades 
P3 QDiamonds P0 3Diamonds P1 QSpades P2 6Diamonds 
P3 2Hearts P0 4Hearts P1 QHearts P2 5Hearts 
P1 JHearts P2 6Hearts P3 KHearts P0 7Hearts 
P0 5Diamonds P1 KSpades P2 4Clubs P3 KDiamonds 
P3 AHearts P0 4Diamonds P1 7Clubs P2 6Clubs 
-- /GAME --
P0 HAND: 7Diamonds, JDiamonds, 3Diamonds, 7Clubs, JClubs, QHearts, 5Hearts, ASpades, 7Spades, 2Spades.
P1 HAND: KDiamonds, QClubs, 4Clubs, AHearts, JHearts, KSpades, JSpades, QSpades, 6Spades, 4Spades.
P2 HAND: ADiamonds, QDiamonds, 5Diamonds, 4Diamonds, 3Clubs, 2Clubs, 7Hearts, 4Hearts, 3Hearts, 3Spades.
P3 HAND: 6Diamonds, 2Diamonds, AClubs, KClubs, 6Clubs, 5Clubs, KHearts, 6Hearts, 2Hearts, 5Spades.
P0 ASpades P1 4Spades P2 3Spades P3 5Spades 
P0 3Diamonds P1 KDiamonds P2 ADiamonds P3 2Diamonds 
P2 2Clubs P3 AClubs P0 JClubs P1 QClubs 
P3 5Clubs P0 7Clubs P1 4Clubs P2 3Clubs 
P0 7Diamonds P1 JHearts P2 4Diamonds P3 6Diamonds 
P1 6Spades P2 5Diamonds P3 6Clubs P0 7Spades 
P0 JDiamonds P1 QSpades P2 QDiamonds P3 2Hearts 
P3 6Hearts P0 5Hearts P1 AHearts P2 3Hearts 
P1 JSpades P2 4Hearts P3 KHearts P0 2Spades 
P3 KClubs P0 QHearts P1 KSpades P2 7Hearts 
-- /GAME --
P0 HAND: 7Diamonds, 4Diamonds, 3Diamonds, 6Clubs, 5Clubs, 4Clubs, AHearts, 5Hearts, 4Spades, 3Spades.
P1 HAND: KDiamonds, QDiamonds, 6Diamonds, JHearts, QHearts, 6Hearts, 3Hearts, ASpades, 7Spades, QSpades.
P2 HAND: 5Diamonds, AClubs, KClubs, JClubs, QClubs, 2Clubs, KHearts, 2Hearts, JSpades, 2Spades.
P3 HAND: ADiamonds, JDiamonds, 2Diamonds, 7Clubs, 3Clubs, 7Hearts, 4Hearts, KSpades, 6Spades, 5Spades.
P0 AHearts P1 3Hearts P2 KHearts P3 4Hearts 
P0 3Spades P1 ASpades P2 2Spades P3 KSpades 
P1 6Hearts P2 2Hearts P3 7Hearts P0 5Hearts 
P3 3Clubs P0 4Clubs P1 QHearts P2 AClubs 
P2 2Clubs P3 7Clubs P0 5Clubs P1 7Spades 
P3 5Spades P0 4Spades P1 QSpades P2 JSpades 
P2 QClubs P3 6Spades P0 6Clubs P1 6Diamonds 
P1 JHearts P2 5Diamonds P3 2Diamonds P0 7Diamonds 
P0 3Diamonds P1 QDiamonds P2 JClubs P3 JDiamonds 
P3 ADiamonds P0 4Diamonds P1 KDiamonds P2 KClubs 
-- /GAME --
P0 HAND: KDiamonds, JDiamonds, QDiamonds, 5Diamonds, JClubs, AHearts, KSpades, 6Spades, 3Spades, 2Spades.
P1 HAND: ADiamonds, 2Diamonds, AClubs, 5Hearts, 4Hearts, 2Hearts, ASpades, JSpades, QSpades, 5Spades.
P2 HAND: 7Diamonds, 6Diamonds, 3Diamonds, KClubs, QClubs, 6Clubs, 2Clubs, KHearts, QHearts, 6Hearts.
P3 HAND: 4Diamonds, 7Clubs, 5Clubs, 4Clubs, 3Clubs, 7Hearts, JHearts, 3Hearts, 7Spades, 4Spades.
P3 3Hearts P0 AHearts P1 2Hearts P2 KHearts 
P0 5Diamonds P1 ADiamonds P2 3Diamonds P3 4Diamonds 
P1 ASpades P2 2Clubs P3 4Spades P0 KSpades 
P2 6Diamonds P3 3Clubs P0 QDiamonds P1 2Diamonds 
P3 JHearts P0 JClubs P1 4Hearts P2 QHearts 
P0 6Spades P1 5Spades P2 6Hearts P3 7Spades 
P3 4Clubs P0 2Spades P1 AClubs P2 6Clubs 
P1 5Hearts P2 QClubs P3 7Hearts P0 KDiamonds 
P2 KClubs P3 5Clubs P0 3Spades P1 QSpades 
P2 7Diamonds P3 7Clubs P0 JDiamonds P1 JSpades 
-- /GAME --
P0 HAND: 7Diamonds, AClubs, 6Clubs, 7Hearts, KHearts, 6Hearts, QSpades, 5Spades, 3Spades, 2Spades.
P1 HAND: ADiamonds, QDiamonds, KClubs, 5Clubs, QHearts, 4Hearts, 3Hearts, KSpades, 6Spades, 4Spades.
P2 HAND: KDiamonds, JDiamonds, 6Diamonds, 2Diamonds, JClubs, AHearts, JHearts, 5Hearts, 2Hearts, 7Spades.
P3 HAND: 5Diamonds, 4Diamonds, 3Diamonds, 7Clubs, QClubs, 4Clubs, 3Clubs, 2Clubs, ASpades, JSpades.
P2 AHearts P3 3Diamonds P0 6Hearts P1 QHearts 
P3 ASpades P0 2Spades P1 KSpades P2 7Spades 
P3 2Clubs P0 AClubs P1 5Clubs P2 JClubs 
P0 KHearts P1 3Hearts P2 2Hearts P3 3Clubs 
P0 QSpades P1 4Spades P2 5Hearts P3 JSpades 
P3 4Clubs P0 6Clubs P1 KClubs P2 2Diamonds 
P2 JHearts P3 QClubs P0 7Hearts P1 4Hearts 
P0 5Spades P1 6Spades P2 6Diamonds P3 4Diamonds 
P2 JDiamonds P3 5Diamonds P0 7Diamonds P1 ADiamonds 
P1 QDiamonds P2 KDiamonds P3 7Clubs P0 3Spades 
-- /GAME --
P0 HAND: ADiamonds, 5Diamonds, 3Diamonds, 2Diamonds, 5Clubs, 3Clubs, AHearts, KHearts, 3Hearts, KSpades.
P1 HAND: QDiamonds, 6Diamonds, 7Clubs, 4Clubs, 2Clubs, 6Hearts, 4Hearts, 2Hearts, 7Spades, QSpades.
P2 HAND: JDiamonds, AClubs, JClubs, 6Clubs, JHearts, 5Hearts, JSpades, 6Spades, 3Spades, 2Spades.
P3 HAND: 7Diamonds, KDiamonds, 4Diamonds, KClubs, QClubs, 7Hearts, QHearts, ASpades, 5Spades, 4Spades.
P1 2Clubs P2 AClubs P3 QClubs P0 5Clubs 
P2 2Spades P3 ASpades P0 KSpades P1 7Spades 
P3 4Diamonds P0 ADiamonds P1 6Diamonds P2 JDiamonds 
P0 3Clubs P1 4Clubs P2 6Clubs P3 KClubs 
P3 4Spades P0 2Diamonds P1 QSpades P2 JSpades 
P2 3Spades P3 5Spades P0 3Diamonds P1 7Clubs 
P3 QHearts P0 3Hearts P1 2Hearts P2 5Hearts 
P3 7Hearts P0 AHearts P1 4Hearts P2 JHearts 
P0 KHearts P1 6Hearts P2 6Spades P3 KDiamonds 
P0 5Diamonds P1 QDiamonds P2 JClubs P3 7Diamonds 
-- /GAME --
P0 HAND: KDiamonds, 6Diamonds, JClubs, KHearts, 5Hearts, 7Spades, JSpades, 6Spades, 3Spades, 2Spades.
P1 HAND: JDiamonds, 3Diamonds, KClubs, 5Clubs, 4Clubs, 3Clubs, JHearts, 6Hearts, 4Hearts, 2Hearts.
P2 HAND: QDiamonds, AClubs, 7Clubs, QClubs, 6Clubs, AHearts, QHearts, KSpades, QSpades, 4Spades.
P3 HAND: ADiamonds, 7Diamonds, 5Diamonds, 4Diamonds, 2Diamonds, 2Clubs, 7Hearts, 3Hearts, ASpades, 5Spades.
P0 JClubs P1 3Clubs P2 AClubs P3 2Clubs 
P2 AHearts P3 3Hearts P0 KHearts P1 2Hearts 
P2 4Spades P3 ASpades P0 3Spades P1 KClubs 
P3 5Spades P0 7Spades P1 3Diamonds P2 QSpades 
P1 4Clubs P2 6Clubs P3 2Diamonds P0 5Hearts 
P3 4Diamonds P0 6Diamonds P1 JDiamonds P2 QDiamonds 
P1 4Hearts P2 QHearts P3 7Hearts P0 KDiamonds 
P0 JSpades P1 5Clubs P2 KSpades P3 5Diamonds 
P3 7Diamonds P0 6Spades P1 6Hearts P2 QClubs 
P3 ADiamonds P0 2Spades P1 JHearts P2 7Clubs 
-- /GAME --
P0 HAND: JDiamonds, 5Diamonds, 2Diamonds, AClubs, QHearts, 6Hearts, KSpades, QSpades, 4Spades, 2Spades.
P1 HAND: ADiamonds, 7Diamonds, 6Clubs, 3Clubs, 2Clubs, AHearts, 7Hearts, KHearts, 3Hearts, 3Spades.
P2 HAND: KDiamonds, QDiamonds, 6Diamonds, 4Diamonds, 3Diamonds, 4Clubs, 4Hearts, ASpades, 7Spades, 6Spades.
P3 HAND: 7Clubs, KClubs, JClubs, QClubs, 5Clubs, JHearts, 5Hearts, 2Hearts, JSpades, 5Spades.
P3 2Hearts P0 6Hearts P1 AHearts P2 4Hearts 
P1 2Clubs P2 4Clubs P3 5Clubs P0 AClubs 
P0 QHearts P1 3Hearts P2 6Spades P3 JHearts 
P3 5Hearts P0 2Spades P1 KHearts P2 3Diamonds 
P2 ASpades P3 5Spades P0 KSpades P1 3Spades 
P2 4Diamonds P3 QClubs P0 5Diamonds P1 7Diamonds 
P1 3Clubs P2 6Diamonds P3 JClubs P0 QSpades 
P2 QDiamonds P3 JSpades P0 2Diamonds P1 ADiamonds 
P1 6Clubs P2 KDiamonds P3 KClubs P0 4Spades 
P2 7Spades P3 7Clubs P0 JDiamonds P1 7Hearts 
-- /GAME --
P0 HAND: QDiamonds, 5Diamonds, 7Clubs, JClubs, 5Clubs, 4Clubs, 3Clubs, 4Hearts, KSpades, 6Spades.
P1 HAND: JDiamonds, 6Diamonds, KClubs, 6Clubs, KHearts, 5Hearts, 3Hearts, ASpades, QSpades, 2Spades.
P2 HAND: 7Diamonds, 4Diamonds, 3Diamonds, 2Diamonds, AClubs, QClubs, 7Hearts, JHearts, QHearts, 3Spades.
P3 HAND: ADiamonds, KDiamonds, 2Clubs, AHearts, 6Hearts, 2Hearts, 7Spades, JSpades, 5Spades, 4Spades.
P2 AClubs P3 2Clubs P0 7Clubs P1 6Clubs 
P2 3Spades P3 4Spades P0 6Spades P1 ASpades 
P1 2Spades P2 QClubs P3 7Spades P0 KSpades 
P3 AHearts P0 4Hearts P1 KHearts P2 QHearts 
P3 2Hearts P0 3Clubs P1 3Hearts P2 7Hearts 
P2 JHearts P3 6Hearts P0 5Diamonds P1 5Hearts 
P0 JClubs P1 KClubs P2 2Diamonds P3 KDiamonds 
P3 5Spades P0 QDiamonds P1 QSpades P2 3Diamonds 
P0 5Clubs P1 6Diamonds P2 4Diamonds P3 JSpades 
P1 JDiamonds P2 7Diamonds P3 ADiamonds P0 4Clubs 
-- /GAME --
P0 HAND: ADiamonds, JDiamonds, 5Diamonds, 7Clubs, QClubs, 4Clubs, KHearts, 5Hearts, 4Hearts, 6Spades.
P1 HAND: 6Diamonds, 4Diamonds, 2Diamonds, AClubs, KClubs, 3Clubs, AHearts, JHearts, 3Hearts, 3Spades.
P2 HAND: KDiamonds, QDiamonds, 3Diamonds, 2Clubs, 7Hearts, 2Hearts, ASpades, JSpades, 4Spades, 2Spades.
P3 HAND: 7Diamonds, JClubs, 6Clubs, 5Clubs, QHearts, 6Hearts, 7Spades, KSpades, QSpades, 5Spades.
P3 5Clubs P0 4Clubs P1 AClubs P2 2Clubs 
P1 AHearts P2 2Hearts P3 QHearts P0 4Hearts 
P1 2Diamonds P2 3Diamonds P3 7Diamonds P0 ADiamonds 
P0 KHearts P1 3Hearts P2 7Hearts P3 6Hearts 
P2 QDiamonds P3 6Clubs P0 JDiamonds P1 4Diamonds 
P0 5Diamonds P1 6Diamonds P2 KDiamonds P3 5Spades 
P3 JClubs P0 QClubs P1 3Clubs P2 2Spades 
P2 4Spades P3 QSpades P0 6Spades P1 3Spades 
P3 KSpades P0 5Hearts P1 JHearts P2 ASpades 
P2 JSpades P3 7Spades P0 7Clubs P1 KClubs 
-- /GAME --
P0 HAND: ADiamonds, AClubs, 7Clubs, 2Clubs, AHearts, 5Hearts, QSpades, 4Spades, 3Spades, 2Spades.
P1 HAND: JDiamonds, 4Diamonds, 3Diamonds, KClubs, QClubs, 3Clubs, KHearts, 6Hearts, 3Hearts, JSpades.
P2 HAND: 7Diamonds, KDiamonds, 6Diamonds, 6Clubs, 5Clubs, 7Hearts, JHearts, 2Hearts, 7Spades, 6Spades.
P3 HAND: QDiamonds, 5Diamonds, 2Diamonds, JClubs, 4Clubs, QHearts, 4Hearts, ASpades, KSpades, 5Spades.
P2 2Hearts P3 4Hearts P0 AHearts P1 3Hearts 
P0 ADiamonds P1 3Diamonds P2 7Diamonds P3 2Diamonds 
P0 2Spades P1 JSpades P2 6Spades P3 ASpades 
P3 5Diamonds P0 5Hearts P1 4Diamonds P2 KDiamonds 
P2 6Diamonds P3 QDiamonds P0 2Clubs P1 JDiamonds 
P0 4Spades P1 6Hearts P2 7Spades P3 5Spades 
P2 JHearts P3 QHearts P0 QSpades P1 KHearts 
P1 3Clubs P2 5Clubs P3 4Clubs P0 7Clubs 
P0 AClubs P1 QClubs P2 6Clubs P3 JClubs 
P0 3Spades P1 KClubs P2 7Hearts P3 KSpades 
-- /GAME --
P0 HAND: QDiamonds, 7Clubs, KClubs, 4Clubs, 3Clubs, KHearts, 6Hearts, 7Spades, 5Spades, 4Spades.
P1 HAND: JDiamonds, 4Diamonds, 2Diamonds, QClubs, JHearts, 4Hearts, 3Hearts, ASpades, JSpades, QSpades.
P2 HAND: ADiamonds, KDiamonds, 6Diamonds, JClubs, 6Clubs, 5Clubs, QHearts, 5Hearts, KSpades, 2Spades.
P3 HAND: 7Diamonds, 5Diamonds, 3Diamonds, AClubs, 2Clubs, AHearts, 7Hearts, 2Hearts, 6Spades, 3Spades.
P1 2Diamonds P2 ADiamonds P3 3Diamonds P0 QDiamonds 
P2 5Clubs P3 AClubs P0 4Clubs P1 QClubs 
P3 AHearts P0 6Hearts P1 JHearts P2 5Hearts 
P3 2Clubs P0 7Clubs P1 QSpades P2 6Clubs 
P1 3Hearts P2 QHearts P3 7Hearts P0 KHearts 
P3 2Hearts P0 3Clubs P1 4Hearts P2 6Diamonds 
P1 4Diamonds P2 KDiamonds P3 5Diamonds P0 KClubs 
P2 JClubs P3 3Spades P0 7Spades P1 ASpades 
P1 JDiamonds P2 2Spades P3 7Diamonds P0 4Spades 
P0 5Spades P1 JSpades P2 KSpades P3 6Spades 
-- /GAME --
P0 HAND: ADiamonds, 7Diamonds, KDiamonds, QDiamonds, 3Clubs, AHearts, KHearts, 3Hearts, QSpades, 5Spades.
P1 HAND: 6Diamonds, 5Diamonds, 3Diamonds, 2Diamonds, JClubs, 7Hearts, QHearts, 2Hearts, JSpades, 3Spades.
P2 HAND: AClubs, 7Clubs, QClubs, 5Clubs, 4Clubs, JHearts, 5Hearts, KSpades, 6Spades, 4Spades.
P3 HAND: JDiamonds, 4Diamonds, KClubs, 6Clubs, 2Clubs, 6Hearts, 4Hearts, ASpades, 7Spades, 2Spades.
P0 ADiamonds P1 2Diamonds P2 KSpades P3 4Diamonds 
P0 AHearts P1 2Hearts P2 JHearts P3 4Hearts 
P0 5Spades P1 3Spades P2 4Spades P3 ASpades 
P3 2Spades P0 QSpades P1 JSpades P2 6Spades 
P1 3Diamonds P2 5Hearts P3 JDiamonds P0 7Diamonds 
P0 KDiamonds P1 5Diamonds P2 4Clubs P3 6Hearts 
P2 5Clubs P3 2Clubs P0 3Clubs P1 JClubs 
P1 6Diamonds P2 QClubs P3 6Clubs P0 QDiamonds 
P2 7Clubs P3 KClubs P0 KHearts P1 QHearts 
P2 AClubs P3 7Spades P0 3Hearts P1 7Hearts 
-- /GAME --
P0 HAND: ADiamonds, 7Diamonds, QDiamonds, 5Diamonds, JClubs, 4Clubs, 3Clubs, 2Hearts, ASpades, 4Spades.
P1 HAND: JDiamonds, KClubs, JHearts, QHearts, 6Hearts, 5Hearts, 4Hearts, 7Spades, 6Spades, 3Spades.
P2 HAND: 4Diamonds, AClubs, QClubs, 5Clubs, AHearts, KHearts, KSpades, QSpades, 5Spades, 2Spades.
P3 HAND: KDiamonds, 6Diamonds, 3Diamonds, 2Diamonds, 7Clubs, 6Clubs, 2Clubs, 7Hearts, 3Hearts, JSpades.
P1 4Hearts P2 AHearts P3 3Hearts P0 2Hearts 
P2 AClubs P3 2Clubs P0 JClubs P1 KClubs 
P2 4Diamonds P3 2Diamonds P0 ADiamonds P1 JDiamonds 
P0 7Diamonds P1 3Spades P2 5Spades P3 3Diamonds 
P2 5Clubs P3 6Clubs P0 4Clubs P1 JHearts 
P3 6Diamonds P0 QDiamonds P1 5Hearts P2 KHearts 
P0 3Clubs P1 6Hearts P2 QClubs P3 7Clubs 
P3 JSpades P0 4Spades P1 6Spades P2 2Spades 
P3 KDiamonds P0 5Diamonds P1 QHearts P2 QSpades 
P2 KSpades P3 7Hearts P0 ASpades P1 7Spades 
-- /GAME --
P0 HAND: 7Diamonds, KDiamonds, JDiamonds, 6Diamonds, 5Diamonds, 3Diamonds, 2Clubs, KHearts, 6Spades, 3Spades.
P1 HAND: AClubs, 7Clubs, QClubs, 5Clubs, QHearts, 3Hearts, 7Spades, KSpades, 5Spades, 2Spades.
P2 HAND: QDiamonds, KClubs, JClubs, 7Hearts, JHearts, 6Hearts, 4Hearts, 2Hearts, ASpades, QSpades.
P3 HAND: ADiamonds, 4Diamonds, 2Diamonds, 6Clubs, 4Clubs, 3Clubs, AHearts, 5Hearts, JSpades, 4Spades.
P0 6Spades P1 2Spades P2 ASpades P3 4Spades 
P2 2Hearts P3 AHearts P0 KHearts P1 QHearts 
P3 ADiamonds P0 7Diamonds P1 7Spades P2 QDiamonds 
P3 2Diamonds P0 KDiamonds P1 3Hearts P2 7Hearts 
P0 JDiamonds P1 5Spades P2 JHearts P3 4Diamonds 
P0 3Spades P1 KSpades P2 QSpades P3 JSpades 
P1 5Clubs P2 JClubs P3 3Clubs P0 2Clubs 
P2 4Hearts P3 5Hearts P0 3Diamonds P1 QClubs 
P1 7Clubs P2 KClubs P3 4Clubs P0 5Diamonds 
P1 AClubs P2 6Hearts P3 6Clubs P0 6Diamonds 
-- /GAME --
P0 HAND: 7Diamonds, JDiamonds, QDiamonds, 5Diamonds, 4Diamonds, KHearts, ASpades, 7Spades, KSpades, 5Spades.
P1 HAND: KDiamonds, 2Diamonds, 7Clubs, JClubs, 6Clubs, 4Clubs, 2Clubs, 3Hearts, QSpades, 6Spades.
P2 HAND: ADiamonds, 6Diamonds, AClubs, KClubs, 5Clubs, AHearts, 7Hearts, QHearts, 5Hearts, JSpades.
P3 HAND: 3Diamonds, QClubs, 3Clubs, JHearts, 6Hearts, 4Hearts, 2Hearts, 4Spades, 3Spades, 2Spades.
P3 2Hearts P0 KHearts P1 3Hearts P2 AHearts 
P2 ADiamonds P3 3Diamonds P0 7Diamonds P1 2Diamonds 
P2 AClubs P3 3Clubs P0 JDiamonds P1 2Clubs 
P2 5Clubs P3 QClubs P0 5Spades P1 4Clubs 
P0 QDiamonds P1 KDiamonds P2 6Diamonds P3 JHearts 
P1 6Clubs P2 KClubs P3 4Hearts P0 5Diamonds 
P2 5Hearts P3 6Hearts P0 4Diamonds P1 7Clubs 
P3 2Spades P0 KSpades P1 6Spades P2 JSpades 
P0 ASpades P1 QSpades P2 7Hearts P3 3Spades 
P0 7Spades P1 JClubs P2 QHearts P3 4Spades 
-- /GAME --

