-- GAME --
P0 HAND: 7Diamonds, 4Diamonds, 3Diamonds, 2Diamonds, AClubs, KClubs, 7Hearts, QHearts, JSpades, 5Spades.
P1 HAND: KDiamonds, 7Clubs, 4Clubs, 3Clubs, 2Clubs, AHearts, 3Hearts, 2Hearts, KSpades, 4Spades.
P2 HAND: JDiamonds, 6Diamonds, JClubs, KHearts, 6Hearts, 5Hearts, ASpades, 7Spades, QSpades, 3Spades.
P3 HAND: ADiamonds, QDiamonds, 5Diamonds, QClubs, 6Clubs, 5Clubs, JHearts, 4Hearts, 6Spades, 2Spades.
P0 5Spades P1 4Spades P2 ASpades P3 2Spades 
P2 3Spades P3 6Spades P0 JSpades P1 KSpades 
P1 AHearts P2 5Hearts P3 JHearts P0 QHearts 
P1 2Hearts P2 6Hearts P3 4Hearts P0 7Hearts 
P0 KClubs P1 2Clubs P2 JClubs P3 5Clubs 
P0 2Diamonds P1 KDiamonds P2 6Diamonds P3 ADiamonds 
P3 5Diamonds P0 3Diamonds P1 3Hearts P2 JDiamonds 
P2 QSpades P3 QDiamonds P0 4Diamonds P1 3Clubs 
P1 4Clubs P2 KHearts P3 6Clubs P0 AClubs 
P0 7Diamonds P1 7Clubs P2 7Spades P3 QClubs 
-- /GAME --
P0 HAND: JDiamonds, 5Clubs, 3Clubs, 2Clubs, QHearts, 4Hearts, 2Hearts, JSpades, QSpades, 5Spades.
P1 HAND: KDiamonds, QDiamonds, 6Diamonds, KClubs, JClubs, QClubs, 6Clubs, AHearts, KSpades, 3Spades.
P2 HAND: ADiamonds, 2Diamonds, AClubs, 7Clubs, 4Clubs, 6Hearts, 5Hearts, 7Spades, 6Spades, 2Spades.
P3 HAND: 7Diamonds, 5Diamonds, 4Diamonds, 3Diamonds, 7Hearts, KHearts, JHearts, 3Hearts, ASpades, 4Spades.
P3 ASpades P0 5Spades P1 KSpades P2 2Spades 
P3 3Diamonds P0 JDiamonds P1 6Diamonds P2 ADiamonds 
P2 2Diamonds P3 4Diamonds P0 QSpades P1 KDiamonds 
P1 AHearts P2 5Hearts P3 7Hearts P0 2Hearts 
P1 3Spades P2 6Spades P3 4Spades P0 JSpades 

