-- GAME --
P0 HAND: ADiamonds, KDiamonds, QDiamonds, 5Diamonds, 4Diamonds, 2Diamonds, AClubs, QClubs, 2Clubs, KHearts.
P1 HAND: JDiamonds, 3Diamonds, 7Clubs, 3Clubs, AHearts, 6Hearts, 4Hearts, 3Hearts, KSpades, QSpades.
P2 HAND: 6Diamonds, KClubs, 4Clubs, JHearts, 2Hearts, ASpades, 7Spades, 5Spades, 4Spades, 2Spades.
P3 HAND: 7Diamonds, JClubs, 6Clubs, 5Clubs, 7Hearts, QHearts, 5Hearts, JSpades, 6Spades, 3Spades.
P2 2Spades P3 3Spades P0 2Diamonds P1 KSpades 
P1 3Diamonds P2 6Diamonds P3 7Diamonds P0 ADiamonds 
P0 KDiamonds P1 JDiamonds P2 ASpades P3 5Hearts 
P3 5Clubs P0 AClubs P1 3Clubs P2 KClubs 
P0 QDiamonds P1 QSpades P2 4Clubs P3 6Clubs 
P0 4Diamonds P1 3Hearts P2 4Spades P3 JClubs 
P1 4Hearts P2 2Hearts P3 QHearts P0 KHearts 
P0 QClubs P1 7Clubs P2 JHearts P3 7Hearts 
P3 6Spades P0 2Clubs P1 6Hearts P2 5Spades 
P1 AHearts P2 7Spades P3 JSpades P0 5Diamonds 
-- /GAME --
P0 HAND: KDiamonds, 3Diamonds, 4Clubs, JHearts, 6Hearts, 4Hearts, 3Hearts, 2Hearts, ASpades, JSpades.
P1 HAND: ADiamonds, 7Diamonds, QDiamonds, 2Diamonds, 7Clubs, KHearts, 5Hearts, 5Spades, 4Spades, 3Spades.
P2 HAND: JDiamonds, 6Diamonds, 5Diamonds, KClubs, JClubs, QClubs, 6Clubs, 2Clubs, QHearts, 6Spades.
P3 HAND: 4Diamonds, AClubs, 5Clubs, 3Clubs, AHearts, 7Hearts, 7Spades, KSpades, QSpades, 2Spades.
P1 ADiamonds P2 5Diamonds P3 4Diamonds P0 3Diamonds 
P1 2Diamonds P2 6Diamonds P3 2Spades P0 KDiamonds 
P0 4Clubs P1 7Clubs P2 2Clubs P3 AClubs 
P3 3Clubs P0 JSpades P1 3Spades P2 KClubs 
P2 6Clubs P3 5Clubs P0 2Hearts P1 4Spades 
P0 ASpades P1 5Spades P2 6Spades P3 QSpades 
P0 3Hearts P1 5Hearts P2 QHearts P3 7Hearts 
P3 AHearts P0 4Hearts P1 KHearts P2 QClubs 
P3 KSpades P0 6Hearts P1 QDiamonds P2 JDiamonds 
P0 JHearts P1 7Diamonds P2 JClubs P3 7Spades 
-- /GAME --
P0 HAND: KDiamonds, QDiamonds, AClubs, 7Clubs, 5Clubs, JHearts, 3Hearts, ASpades, QSpades, 5Spades.
P1 HAND: ADiamonds, 6Diamonds, 3Diamonds, KClubs, JClubs, 6Clubs, 7Hearts, QHearts, 6Hearts, 5Hearts.
P2 HAND: 5Diamonds, 4Diamonds, 4Clubs, 2Clubs, KHearts, 2Hearts, 7Spades, JSpades, 4Spades, 3Spades.
P3 HAND: 7Diamonds, JDiamonds, 2Diamonds, QClubs, 3Clubs, AHearts, 4Hearts, KSpades, 6Spades, 2Spades.
P0 AClubs P1 6Clubs P2 4Clubs P3 3Clubs 
P0 ASpades P1 5Hearts P2 3Spades P3 KSpades 
P1 ADiamonds P2 4Diamonds P3 7Diamonds P0 QDiamonds 
P1 3Diamonds P2 5Diamonds P3 2Diamonds P0 KDiamonds 
P0 QSpades P1 6Diamonds P2 7Spades P3 2Spades 
P2 2Clubs P3 QClubs P0 7Clubs P1 JClubs 
P0 5Spades P1 6Hearts P2 4Spades P3 6Spades 
P1 QHearts P2 2Hearts P3 4Hearts P0 JHearts 
P0 3Hearts P1 7Hearts P2 KHearts P3 AHearts 
P3 JDiamonds P0 5Clubs P1 KClubs P2 JSpades 
-- /GAME --
P0 HAND: 7Diamonds, JDiamonds, 2Diamonds, JClubs, 6Clubs, 5Clubs, 3Clubs, KSpades, QSpades, 4Spades.
P1 HAND: ADiamonds, KDiamonds, 4Diamonds, 2Clubs, KHearts, 6Hearts, 7Spades, JSpades, 6Spades, 3Spades.
P2 HAND: QDiamonds, 6Diamonds, 5Diamonds, 7Clubs, KClubs, 7Hearts, 4Hearts, 2Hearts, 5Spades, 2Spades.
P3 HAND: 3Diamonds, AClubs, QClubs, 4Clubs, AHearts, JHearts, QHearts, 5Hearts, 3Hearts, ASpades.
P3 AClubs P0 3Clubs P1 2Clubs 
