-- GAME --
P0 HAND: KDiamonds, JDiamonds, 7Clubs, KClubs, QClubs, 6Clubs, AHearts, 5Hearts, KSpades, QSpades.
P1 HAND: ADiamonds, 5Diamonds, 2Diamonds, AClubs, JClubs, 5Clubs, 3Clubs, 2Clubs, JHearts, ASpades.
P2 HAND: 7Diamonds, 4Diamonds, 7Hearts, KHearts, 6Hearts, 4Hearts, 2Hearts, JSpades, 5Spades, 2Spades.
P3 HAND: QDiamonds, 6Diamonds, 3Diamonds, 4Clubs, QHearts, 3Hearts, 7Spades, 6Spades, 4Spades, 3Spades.
P1 ADiamonds P2 4Diamonds P3 QDiamonds P0 JDiamonds 
P1 ASpades P2 2Spades P3 7Spades P0 QSpades 
P1 2Diamonds P2 7Diamonds P3 3Diamonds P0 KDiamonds 
P2 2Hearts P3 3Hearts P0 AHearts P1 JHearts 
P0 KSpades P1 5Diamonds P2 JSpades P3 3Spades 
P0 6Clubs P1 2Clubs P2 4Hearts P3 4Clubs 
P0 5Hearts P1 3Clubs P2 6Hearts P3 QHearts 
P1 5Clubs P2 5Spades P3 4Spades P0 7Clubs 
P0 KClubs P1 JClubs P2 KHearts P3 6Diamonds 
P0 QClubs P1 AClubs P2 7Hearts P3 6Spades 
-- /GAME --
P0 HAND: 7Diamonds, 2Diamonds, KClubs, 6Hearts, 5Hearts, 4Hearts, 3Hearts, 7Spades, KSpades, 5Spades.
P1 HAND: ADiamonds, JDiamonds, 5Diamonds, 7Clubs, 6Clubs, 5Clubs, 4Clubs, KHearts, QSpades, 6Spades.
P2 HAND: KDiamonds, QDiamonds, 6Diamonds, 4Diamonds, QClubs, AHearts, 7Hearts, 2Hearts, ASpades, 3Spades.
P3 HAND: 3Diamonds, AClubs, JClubs, 3Clubs, 2Clubs, JHearts, QHearts, JSpades, 4Spades, 2Spades.
P0 KClubs P1 4Clubs P2 QClubs P3 AClubs 

