-- GAME --
P0 HAND: ADiamonds, 6Diamonds, AClubs, 7Clubs, 5Clubs, 4Clubs, KHearts, 6Hearts, 3Hearts, 2Hearts.
P1 HAND: 4Diamonds, 3Diamonds, 6Clubs, 3Clubs, AHearts, 4Hearts, 7Spades, 6Spades, 4Spades, 3Spades.
P2 HAND: 7Diamonds, JDiamonds, QDiamonds, 5Diamonds, KClubs, JClubs, JHearts, ASpades, KSpades, 2Spades.
P3 HAND: KDiamonds, 2Diamonds, QClubs, 2Clubs, 7Hearts, QHearts, 5Hearts, JSpades, QSpades, 5Spades.
P3 2Diamonds P0 6Diamonds P1 3Diamonds P2 7Diamonds 
P2 ASpades P3 5Spades P0 ADiamonds P1 3Spades 
P2 2Spades P3 QSpades P0 4Clubs P1 4Spades 
P0 2Hearts P1 AHearts P2 JHearts P3 7Hearts 
P1 4Diamonds P2 5Diamonds P3 KDiamonds P0 5Clubs 
P0 3Hearts P1 4Hearts P2 QDiamonds P3 QHearts 
P3 5Hearts P0 KHearts P1 6Spades P2 KSpades 
P0 6Hearts P1 3Clubs P2 JClubs P3 2Clubs 
P2 JDiamonds P3 QClubs P0 AClubs P1 7Spades 
P0 7Clubs P1 6Clubs P2 KClubs P3 JSpades 
-- /GAME --
P0 HAND: 7Clubs, 5Clubs, 4Clubs, 3Clubs, AHearts, 7Hearts, 6Hearts, JSpades, 6Spades, 5Spades.
P1 HAND: ADiamonds, 5Diamonds, 4Diamonds, AClubs, JClubs, QClubs, 2Clubs, ASpades, 4Spades, 2Spades.
P2 HAND: KDiamonds, JDiamonds, QDiamonds, 6Diamonds, 6Clubs, JHearts, 5Hearts, 2Hearts, 7Spades, KSpades.
P3 HAND: 7Diamonds, 3Diamonds, 2Diamonds, KClubs, KHearts, QHearts, 4Hearts, 3Hearts, QSpades, 3Spades.
P2 2Hearts P3 3Hearts P0 AHearts P1 4Diamonds 
P1 AClubs P2 6Clubs P3 KClubs P0 3Clubs 
P1 ASpades P2 KSpades P3 QSpades P0 5Spades 
P1 2Clubs P2 5Hearts P3 3Spades P0 7Clubs 
P0 4Clubs P1 QClubs P2 6Diamonds P3 4Hearts 
P2 JHearts P3 QHearts P0 6Hearts P1 5Diamonds 
P1 2Spades P2 7Spades P3 2Diamonds P0 6Spades 
P3 3Diamonds P0 7Hearts P1 ADiamonds P2 QDiamonds 
P1 4Spades P2 JDiamonds P3 7Diamonds P0 JSpades 
P3 KHearts P0 5Clubs P1 JClubs P2 KDiamonds 
-- /GAME --
P0 HAND: ADiamonds, KDiamonds, 5Diamonds, AClubs, 4Hearts, 2Hearts, JSpades, QSpades, 3Spades, 2Spades.
P1 HAND: JDiamonds, QDiamonds, 2Diamonds, JClubs, QClubs, 6Clubs, JHearts, 6Hearts, 5Hearts, 4Spades.
P2 HAND: 3Diamonds, 4Clubs, 3Clubs, AHearts, 7Hearts, KHearts, 3Hearts, 7Spades, 6Spades, 5Spades.
P3 HAND: 7Diamonds, 6Diamonds, 4Diamonds, 7Clubs, KClubs, 5Clubs, 2Clubs, QHearts, ASpades, KSpades.
P1 2Diamonds P2 3Diamonds P3 4Diamonds P0 ADiamonds 
P0 2Hearts P1 5Hearts P2 AHearts P3 QHearts 
P2 3Clubs P3 2Clubs P0 AClubs P1 6Clubs 
P0 4Hearts P1 6Hearts P2 3Hearts P3 7Diamonds 
P1 QDiamonds P2 4Clubs P3 6Diamonds P0 KDiamonds 
P0 5Diamonds P1 JDiamonds P2 5Spades P3 5Clubs 
P2 6Spades P3 KSpades P0 2Spades P1 4Spades 
P3 ASpades P0 3Spades P1 JClubs P2 7Spades 
P3 KClubs P0 JSpades P1 QClubs P2 7Hearts 
P0 QSpades P1 JHearts P2 KHearts P3 7Clubs 
-- /GAME --

