-- GAME --
P2 6Hearts P3 4Spades P0 JHearts P1 KHearts 
P1 3Hearts P2 6Spades P3 5Spades P0 5Hearts 
P0 KSpades P1 QHearts P2 QDiamonds P3 ASpades 
P2 QClubs P3 4Diamonds P0 5Diamonds P1 3Diamonds 
P0 JSpades P1 6Diamonds P2 KDiamonds P3 ADiamonds 
P3 JDiamonds P0 4Hearts P1 7Diamonds P2 7Clubs 
-- /GAME --
P0 HAND: KDiamonds, 5Diamonds, 4Diamonds, 3Diamonds, JClubs, 3Clubs, 5Hearts, 3Hearts, ASpades, QSpades.
P1 HAND: ADiamonds, 2Diamonds, 6Clubs, 4Clubs, KHearts, 7Spades, JSpades, 5Spades, 3Spades, 2Spades.
P2 HAND: JDiamonds, QDiamonds, AClubs, KClubs, QClubs, 5Clubs, 2Clubs, AHearts, 6Hearts, 4Hearts.
P3 HAND: 7Diamonds, 6Diamonds, 7Clubs, 7Hearts, JHearts, QHearts, 2Hearts, KSpades, 6Spades, 4Spades.
P0 ASpades P1 2Spades P2 AHearts P3 4Spades 
P0 5Hearts P1 KHearts P2 4Hearts P3 7Hearts 
P3 2Hearts P0 3Hearts P1 2Diamonds P2 6Hearts 
P2 QDiamonds P3 6Diamonds P0 3Diamonds P1 ADiamonds 
P1 3Spades P2 2Clubs P3 6Spades P0 QSpades 
P2 JDiamonds P3 7Diamonds P0 4Diamonds P1 7Spades 
P3 QHearts P0 JClubs P1 5Spades P2 5Clubs 
P0 KDiamonds P1 4Clubs P2 QClubs P3 7Clubs 
P3 JHearts P0 3Clubs P1 6Clubs P2 KClubs 
P2 AClubs P3 KSpades P0 5Diamonds P1 JSpades 
-- /GAME --
P0 HAND: KDiamonds, 5Diamonds, QClubs, 6Clubs, 3Clubs, JHearts, 2Hearts, ASpades, JSpades, 5Spades.
P1 HAND: 6Diamonds, 3Diamonds, 2Diamonds, 5Clubs, 4Clubs, 6Hearts, 4Hearts, 7Spades, 6Spades, 4Spades.
P2 HAND: ADiamonds, 7Diamonds, QDiamonds, 4Diamonds, 7Clubs, JClubs, 3Hearts, QSpades, 3Spades, 2Spades.
P3 HAND: JDiamonds, AClubs, KClubs, 2Clubs, AHearts, 7Hearts, KHearts, QHearts, 5Hearts, KSpades.
P3 AClubs P0 3Clubs P1 5Clubs P2 JClubs 
P3 2Clubs P0 6Clubs P1 4Clubs P2 7Clubs 
P2 2Spades P3 KSpades P0 ASpades P1 4Spades 
P0 2Hearts P1 4Hearts P2 3Hearts P3 AHearts 
P3 5Hearts P0 JHearts P1 6Hearts P2 QSpades 
P0 QClubs P1 6Spades P2 3Spades P3 KClubs 
P3 QHearts P0 KDiamonds P1 7Spades P2 4Diamonds 
P0 JSpades P1 2Diamonds P2 QDiamonds P3 JDiamonds 
P3 KHearts P0 5Diamonds P1 3Diamonds P2 7Diamonds 
P2 ADiamonds P3 7Hearts P0 5Spades P1 6Diamonds 
-- /GAME --
P0 HAND: 5Diamonds, 7Clubs, KClubs, 6Clubs, 5Clubs, 7Hearts, 5Hearts, 3Hearts, KSpades, 5Spades.
P1 HAND: 7Diamonds, KDiamonds, JDiamonds, AClubs, QClubs, 3Clubs, 6Hearts, JSpades, QSpades, 3Spades.
P2 HAND: 4Diamonds, 3Diamonds, 2Diamonds, 2Clubs, AHearts, JHearts, QHearts, 2Hearts, 7Spades, 4Spades.
P3 HAND: ADiamonds, QDiamonds, 6Diamonds, JClubs, 4Clubs, KHearts, 4Hearts, ASpades, 6Spades, 2Spades.
P2 AHearts P3 4Hearts P0 7Hearts P1 6Hearts 
P2 2Diamonds P3 ADiamonds P0 5Diamonds P1 7Diamonds 
P3 ASpades P0 5Spades P1 JSpades P2 4Spades 
P3 2Spades P0 KSpades P1 3Spades P2 7Spades 
P2 2Hearts P3 KHearts P0 3Hearts P1 KDiamonds 
P3 6Diamonds P0 7Clubs P1 JDiamonds P2 4Diamonds 
P0 5Hearts P1 QSpades P2 QHearts P3 6Spades 
P2 3Diamonds P3 QDiamonds P0 KClubs P1 AClubs 
P1 3Clubs P2 2Clubs P3 4Clubs P0 6Clubs 
P0 5Clubs P1 QClubs P2 JHearts P3 JClubs 
-- /GAME --
P0 HAND: 5Diamonds, 3Diamonds, 2Diamonds, KClubs, JClubs, 2Clubs, JHearts, QHearts, 6Spades, 5Spades.
P1 HAND: ADiamonds, KDiamonds, 6Diamonds, 4Diamonds, 7Clubs, QClubs, 6Clubs, 6Hearts, ASpades, 2Spades.
P2 HAND: JDiamonds, 5Clubs, 4Clubs, AHearts, KHearts, 5Hearts, 4Hearts, QSpades, 4Spades, 3Spades.
P3 HAND: 7Diamonds, QDiamonds, AClubs, 3Clubs, 7Hearts, 3Hearts, 2Hearts, 7Spades, KSpades, JSpades.
P1 ADiamonds P2 JDiamonds P3 7Diamonds P0 2Diamonds 
P1 ASpades P2 3Spades P3 7Spades P0 5Spades 
P1 2Spades P2 4Spades P3 KSpades P0 6Spades 
P3 AClubs P0 2Clubs P1 7Clubs P2 4Clubs 
P3 3Clubs P0 KClubs P1 6Clubs P2 5Clubs 
P0 JClubs P1 QClubs P2 4Hearts P3 7Hearts 
P3 QDiamonds P0 3Diamonds P1 4Diamonds P2 QSpades 
P3 JSpades P0 JHearts P1 6Diamonds P2 5Hearts 
P0 QHearts P1 6Hearts P2 KHearts P3 2Hearts 
P2 AHearts P3 3Hearts P0 5Diamonds P1 KDiamonds 
-- /GAME --

