-- GAME --
P0 HAND: 3Diamonds, AClubs, KClubs, QClubs, AHearts, 6Hearts, 3Hearts, KSpades, 3Spades, 2Spades.
P1 HAND: ADiamonds, 7Diamonds, JDiamonds, QDiamonds, 5Diamonds, 2Diamonds, 2Clubs, KHearts, 5Hearts, JSpades.
P2 HAND: 7Clubs, 4Clubs, 3Clubs, JHearts, QHearts, ASpades, 7Spades, QSpades, 5Spades, 4Spades.
P3 HAND: KDiamonds, 6Diamonds, 4Diamonds, JClubs, 6Clubs, 5Clubs, 7Hearts, 4Hearts, 2Hearts, 6Spades.
P0 3Diamonds P1 2Diamonds P2 3Clubs P3 KDiamonds 
P3 4Diamonds P0 3Spades P1 5Diamonds P2 4Clubs 
P1 2Clubs P2 7Clubs P3 5Clubs P0 AClubs 
P0 KClubs P1 QDiamonds P2 ASpades P3 6Clubs 
P0 KSpades P1 JSpades P2 7Spades P3 6Spades 
P2 4Spades P3 6Diamonds P0 2Spades P1 5Hearts 
P1 JDiamonds P2 5Spades P3 2Hearts P0 3Hearts 
P0 QClubs P1 KHearts P2 QSpades P3 JClubs 
P1 7Diamonds P2 QHearts P3 7Hearts P0 AHearts 
P0 6Hearts P1 ADiamonds P2 JHearts P3 4Hearts 
-- /GAME --
P0 HAND: KDiamonds, JDiamonds, 6Diamonds, 3Diamonds, AClubs, 6Clubs, 2Clubs, 7Hearts, JHearts, 3Spades.
P1 HAND: 7Diamonds, 5Diamonds, 2Diamonds, 7Clubs, JClubs, QClubs, 3Clubs, 5Hearts, ASpades, 4Spades.
P2 HAND: ADiamonds, 4Clubs, AHearts, 6Hearts, 7Spades, KSpades, JSpades, QSpades, 5Spades, 2Spades.
P3 HAND: QDiamonds, 4Diamonds, KClubs, 5Clubs, KHearts, QHearts, 4Hearts, 3Hearts, 2Hearts, 6Spades.
P3 2Hearts P0 JHearts P1 5Hearts P2 AHearts 
P2 2Spades P3 6Spades P0 3Spades P1 ASpades 
P1 3Clubs P2 4Clubs P3 5Clubs P0 6Clubs 
P0 7Hearts P1 2Diamonds P2 6Hearts P3 KHearts 
P1 4Spades P2 5Spades P3 3Hearts P0 2Clubs 
P2 QSpades P3 4Hearts P0 3Diamonds P1 QClubs 
P0 6Diamonds P1 5Diamonds P2 ADiamonds P3 4Diamonds 
P2 JSpades P3 QHearts P0 JDiamonds P1 7Diamonds 
P1 JClubs P2 KSpades P3 KClubs P0 AClubs 
P0 KDiamonds P1 7Clubs P2 7Spades P3 QDiamonds 
-- /GAME --
P0 HAND: 7Diamonds, KDiamonds, QDiamonds, 4Diamonds, 4Clubs, AHearts, 7Hearts, KHearts, JHearts, ASpades.
P1 HAND: JDiamonds, 3Diamonds, 2Clubs, 5Hearts, 4Hearts, 2Hearts, 7Spades, 6Spades, 3Spades, 2Spades.
P2 HAND: ADiamonds, 2Diamonds, AClubs, QClubs, 6Clubs, KSpades, JSpades, QSpades, 5Spades, 4Spades.
P3 HAND: 6Diamonds, 5Diamonds, 7Clubs, KClubs, JClubs, 5Clubs, 3Clubs, QHearts, 6Hearts, 3Hearts.
P2 ADiamonds P3 5Diamonds P0 7Diamonds P1 3Diamonds 
P2 AClubs P3 3Clubs P0 4Clubs P1 2Clubs 
P2 2Diamonds P3 6Diamonds P0 KDiamonds P1 JDiamonds 
P0 ASpades P1 2Spades P2 KSpades P3 3Hearts 
P3 5Clubs P0 JHearts P1 3Spades P2 QClubs 
P0 KHearts P1 2Hearts P2 4Spades P3 6Hearts 
P0 7Hearts P1 4Hearts P2 5Spades P3 QHearts 
P0 AHearts P1 5Hearts P2 6Clubs P3 JClubs 
P0 QDiamonds P1 6Spades P2 QSpades P3 KClubs 
P0 4Diamonds P1 7Spades P2 JSpades P3 7Clubs 
-- /GAME --
P0 HAND: 3Diamonds, 7Clubs, KClubs, 5Hearts, 4Hearts, 2Hearts, JSpades, QSpades, 6Spades, 2Spades.
P1 HAND: 7Diamonds, 5Diamonds, QClubs, 6Clubs, 5Clubs, 4Clubs, 7Hearts, 6Hearts, KSpades, 3Spades.
P2 HAND: ADiamonds, JDiamonds, QDiamonds, 6Diamonds, 4Diamonds, 3Clubs, JHearts, 3Hearts, 5Spades, 4Spades.
P3 HAND: KDiamonds, 2Diamonds, AClubs, JClubs, 2Clubs, AHearts, KHearts, QHearts, ASpades, 7Spades.
P2 3Clubs 
