-- GAME --
P0 HAND: QDiamonds, JClubs, AHearts, QHearts, 2Hearts, ASpades, 7Spades, KSpades, 3Spades, 2Spades.
P1 HAND: ADiamonds, KDiamonds, 3Diamonds, 2Diamonds, KClubs, 2Clubs, 7Hearts, JHearts, 3Hearts, QSpades.
P2 HAND: 7Diamonds, 5Diamonds, 4Diamonds, AClubs, QClubs, 4Clubs, 5Hearts, 6Spades, 5Spades, 4Spades.
P3 HAND: JDiamonds, 6Diamonds, 7Clubs, 6Clubs, 5Clubs, 3Clubs, KHearts, 6Hearts, 4Hearts, JSpades.
P1 ADiamonds P2 4Diamonds P3 JDiamonds P0 QDiamonds 
P1 2Diamonds P2 5Diamonds P3 6Diamonds P0 2Spades 
P3 4Hearts P0 AHearts P1 3Hearts P2 5Hearts 
P0 2Hearts P1 JHearts P2 4Spades P3 KHearts 
P3 6Hearts P0 QHearts P1 7Hearts P2 4Clubs 
P2 5Spades P3 JSpades P0 ASpades P1 QSpades 
P0 KSpades P1 3Diamonds P2 6Spades P3 3Clubs 
P3 5Clubs P0 JClubs P1 2Clubs P2 QClubs 
P0 3Spades P1 KClubs P2 AClubs P3 6Clubs 
P2 7Diamonds P3 7Clubs P0 7Spades P1 KDiamonds 
-- /GAME --
P0 HAND: 4Diamonds, QClubs, 2Clubs, KHearts, ASpades, KSpades, QSpades, 5Spades, 4Spades, 3Spades.
P1 HAND: 7Diamonds, QDiamonds, 2Diamonds, 7Clubs, JClubs, 5Clubs, 3Clubs, 7Hearts, 7Spades, 2Spades.
P2 HAND: ADiamonds, KDiamonds, 5Diamonds, 3Diamonds, KClubs, JHearts, 6Hearts, 5Hearts, JSpades, 6Spades.
P3 HAND: JDiamonds, 6Diamonds, AClubs, 6Clubs, 4Clubs, AHearts, QHearts, 4Hearts, 3Hearts, 2Hearts.
P0 ASpades P1 2Spades P2 JSpades P3 6Diamonds 
P3 AClubs P0 2Clubs P1 7Clubs P2 KClubs 
P3 2Hearts P0 KHearts P1 7Hearts P2 5Hearts 
P1 7Spades P2 6Spades P3 AHearts P0 3Spades 
P1 3Clubs P2 6Hearts P3 4Clubs P0 QClubs 
P0 KSpades P1 5Clubs P2 3Diamonds P3 3Hearts 
P2 JHearts P3 4Hearts P0 QSpades P1 2Diamonds 
P1 JClubs P2 5Diamonds P3 6Clubs P0 5Spades 
P2 KDiamonds P3 JDiamonds P0 4Diamonds P1 7Diamonds 
P1 QDiamonds P2 ADiamonds P3 QHearts P0 4Spades 
-- /GAME --
P0 HAND: 4Diamonds, 6Clubs, 4Clubs, 3Clubs, 2Clubs, 5Hearts, 2Hearts, 7Spades, JSpades, QSpades.
P1 HAND: ADiamonds, 7Diamonds, JDiamonds, QDiamonds, AClubs, 7Hearts, 4Hearts, 3Hearts, 5Spades, 4Spades.
P2 HAND: 6Diamonds, 3Diamonds, 2Diamonds, JClubs, QClubs, 5Clubs, AHearts, JHearts, ASpades, KSpades.
P3 HAND: KDiamonds, 5Diamonds, 7Clubs, KClubs, KHearts, QHearts, 6Hearts, 6Spades, 3Spades, 2Spades.
P3 2Spades P0 QSpades P1 4Spades P2 ASpades 
P2 2Diamonds P3 5Diamonds P0 4Diamonds P1 ADiamonds 
P1 AClubs P2 5Clubs P3 7Clubs P0 2Clubs 
P1 5Spades P2 KSpades P3 3Spades P0 7Spades 
P0 JSpades P1 QDiamonds P2 JHearts P3 6Spades 
P2 3Diamonds P3 KDiamonds P0 2Hearts P1 JDiamonds 
P0 6Clubs P1 3Hearts P2 QClubs P3 KClubs 
P1 4Hearts P2 AHearts P3 6Hearts P0 5Hearts 
P2 6Diamonds P3 QHearts P0 4Clubs P1 7Diamonds 
P3 KHearts P0 3Clubs P1 7Hearts P2 JClubs 
-- /GAME --

