-- GAME --
P0 HAND: 7Diamonds, AClubs, 2Clubs, AHearts, 7Hearts, ASpades, KSpades, 5Spades, 4Spades, 3Spades.
P1 HAND: JDiamonds, QDiamonds, 4Diamonds, 3Diamonds, JClubs, 6Hearts, 4Hearts, 3Hearts, 2Hearts, 7Spades.
P2 HAND: 6Diamonds, 2Diamonds, KClubs, QClubs, 4Clubs, 3Clubs, JHearts, JSpades, QSpades, 6Spades.
P3 HAND: ADiamonds, KDiamonds, 5Diamonds, 7Clubs, 6Clubs, 5Clubs, KHearts, QHearts, 5Hearts, 2Spades.
P3 ADiamonds P0 7Diamonds P1 JDiamonds P2 2Diamonds 
P3 2Spades P0 ASpades P1 7Spades P2 JSpades 
P0 AHearts P1 2Hearts P2 JHearts P3 5Hearts 
P0 5Spades P1 3Diamonds P2 6Spades P3 5Diamonds 
P2 6Diamonds P3 KDiamonds P0 3Spades P1 QDiamonds 
P3 QHearts P0 7Hearts P1 3Hearts P2 QSpades 
P0 KSpades P1 4Diamonds P2 3Clubs P3 5Clubs 
P3 6Clubs P0 2Clubs P1 JClubs P2 4Clubs 
P1 4Hearts P2 QClubs P3 KHearts P0 4Spades 
P2 KClubs P3 7Clubs P0 AClubs P1 6Hearts 
-- /GAME --
P0 HAND: ADiamonds, 7Diamonds, AClubs, 5Clubs, 2Clubs, AHearts, 5Hearts, 7Spades, 6Spades, 4Spades.
P1 HAND: KDiamonds, QDiamonds, 3Diamonds, 2Diamonds, 3Clubs, 7Hearts, QHearts, 3Hearts, 5Spades, 2Spades.
P2 HAND: 6Diamonds, 5Diamonds, 4Diamonds, JClubs, QClubs, 6Clubs, KHearts, JHearts, KSpades, 3Spades.
P3 HAND: JDiamonds, 7Clubs, KClubs, 4Clubs, 6Hearts, 4Hearts, 2Hearts, ASpades, JSpades, QSpades.
P2 3Spades P3 ASpades P0 4Spades P1 5Spades 
P3 4Clubs P0 AClubs P1 3Clubs P2 JClubs 
P0 ADiamonds P1 2Diamonds P2 6Diamonds P3 JDiamonds 
P0 7Diamonds P1 3Diamonds P2 5Diamonds P3 2Hearts 
P3 QSpades P0 6Spades P1 2Spades P2 KSpades 
P2 4Diamonds P3 4Hearts P0 5Hearts P1 QDiamonds 
P0 5Clubs P1 3Hearts P2 6Clubs P3 7Clubs 
P1 QHearts P2 JHearts P3 6Hearts P0 AHearts 
P0 2Clubs P1 7Hearts P2 QClubs P3 KClubs 
P1 KDiamonds P2 KHearts P3 JSpades P0 7Spades 
-- /GAME --
P0 HAND: KDiamonds, 2Diamonds, JClubs, 3Clubs, AHearts, 5Hearts, KSpades, 6Spades, 5Spades, 3Spades.
P1 HAND: QDiamonds, QClubs, 4Clubs, JHearts, 4Hearts, ASpades, JSpades, QSpades, 4Spades, 2Spades.
P2 HAND: 6Diamonds, 5Diamonds, AClubs, KClubs, 5Clubs, 2Clubs, 7Hearts, KHearts, QHearts, 7Spades.
P3 HAND: ADiamonds, 7Diamonds, JDiamonds, 4Diamonds, 3Diamonds, 7Clubs, 6Clubs, 6Hearts, 3Hearts, 2Hearts.

