-- GAME --
P0 HAND: KDiamonds, 5Diamonds, 4Diamonds, 3Diamonds, 5Clubs, 4Clubs, KHearts, 6Hearts, QSpades, 3Spades.
P1 HAND: JClubs, QClubs, 3Clubs, AHearts, 7Hearts, JHearts, 5Hearts, 7Spades, 4Spades, 2Spades.
P2 HAND: ADiamonds, 2Diamonds, 6Clubs, 2Clubs, 4Hearts, 3Hearts, 2Hearts, ASpades, 6Spades, 5Spades.
P3 HAND: 7Diamonds, JDiamonds, QDiamonds, 6Diamonds, AClubs, 7Clubs, KClubs, QHearts, KSpades, JSpades.
P2 ADiamonds P3 6Diamonds P0 KDiamonds P1 3Clubs 
P1 AHearts P2 2Hearts P3 QHearts P0 6Hearts 
P1 2Spades P2 ASpades P3 JSpades P0 QSpades 
P2 2Diamonds P3 QDiamonds P0 3Diamonds P1 7Hearts 
P3 JDiamonds P0 4Diamonds P1 4Spades P2 3Hearts 
P3 KClubs P0 4Clubs P1 QClubs P2 2Clubs 
P3 7Clubs P0 5Clubs P1 JClubs P2 6Clubs 
P3 AClubs P0 5Diamonds P1 5Hearts P2 4Hearts 
P3 KSpades P0 3Spades P1 7Spades P2 5Spades 
P1 JHearts P2 6Spades P3 7Diamonds P0 KHearts 
-- /GAME --
P0 HAND: ADiamonds, JDiamonds, QDiamonds, 5Diamonds, 2Diamonds, AClubs, 4Clubs, 3Clubs, 4Hearts, JSpades.
P1 HAND: 7Diamonds, KDiamonds, 3Diamonds, JClubs, QClubs, 6Clubs, 7Hearts, KHearts, QHearts, QSpades.
P2 HAND: 6Diamonds, 4Diamonds, 5Hearts, 3Hearts, 2Hearts, 7Spades, 6Spades, 5Spades, 3Spades, 2Spades.
P3 HAND: 7Clubs, KClubs, 5Clubs, 2Clubs, AHearts, JHearts, 6Hearts, ASpades, KSpades, 4Spades.
P1 3Diamonds P2 4Diamonds P3 4Spades P0 ADiamonds 
P0 4Hearts P1 QHearts P2 2Hearts P3 AHearts 
P3 ASpades P0 JSpades P1 QSpades P2 2Spades 
P3 6Hearts P0 2Diamonds P1 7Hearts P2 3Hearts 
P1 6Clubs P2 3Spades P3 2Clubs P0 3Clubs 
P1 QClubs P2 5Hearts P3 5Clubs P0 4Clubs 
P1 JClubs P2 5Spades P3 KClubs P0 AClubs 
P0 5Diamonds P1 KDiamonds P2 6Diamonds P3 KSpades 
P1 KHearts P2 6Spades P3 JHearts P0 QDiamonds 
P1 7Diamonds P2 7Spades P3 7Clubs P0 JDiamonds 
-- /GAME --
P0 HAND: QDiamonds, 3Diamonds, 2Diamonds, 7Clubs, 7Hearts, JHearts, 5Hearts, 7Spades, 6Spades, 3Spades.
P1 HAND: ADiamonds, AClubs, KClubs, 4Clubs, 4Hearts, 3Hearts, KSpades, 5Spades, 4Spades, 2Spades.
P2 HAND: KDiamonds, QClubs, 6Clubs, 5Clubs, 3Clubs, AHearts, QHearts, 6Hearts, 2Hearts, ASpades.
P3 HAND: 7Diamonds, JDiamonds, 6Diamonds, 5Diamonds, 4Diamonds, JClubs, 2Clubs, KHearts, JSpades, QSpades.
P0 7Clubs P1 AClubs P2 3Clubs P3 JClubs 
P1 ADiamonds P2 KDiamonds P3 7Diamonds P0 2Diamonds 
P1 3Hearts P2 AHearts P3 KHearts P0 7Hearts 
P2 2Hearts P3 2Clubs P0 JHearts P1 4Hearts 
P0 5Hearts P1 4Clubs P2 6Hearts P3 4Diamonds 
P2 5Clubs P3 5Diamonds P0 6Spades P1 KClubs 
P0 3Diamonds P1 2Spades P2 6Clubs P3 JDiamonds 
P1 4Spades P2 ASpades P3 QSpades P0 3Spades 
P2 QClubs P3 6Diamonds P0 QDiamonds P1 5Spades 
P1 KSpades P2 QHearts P3 JSpades P0 7Spades 
-- /GAME --
P0 HAND: 5Diamonds, 3Diamonds, AClubs, 7Clubs, QClubs, 3Clubs, 2Clubs, KHearts, 3Hearts, QSpades.
P1 HAND: 7Diamonds, JDiamonds, 4Diamonds, 2Diamonds, QHearts, 6Hearts, 5Hearts, ASpades, 7Spades, JSpades.
P2 HAND: KClubs, JClubs, 6Clubs, 5Clubs, AHearts, 7Hearts, 4Hearts, 2Hearts, 3Spades, 2Spades.
P3 HAND: ADiamonds, KDiamonds, QDiamonds, 6Diamonds, 4Clubs, JHearts, KSpades, 6Spades, 5Spades, 4Spades.
P3 ADiamonds P0 3Diamonds P1 7Diamonds P2 2Spades 
P2 AHearts P3 JHearts P0 KHearts P1 5Hearts 
P2 2Hearts P3 4Clubs P0 3Hearts P1 QHearts 
P1 2Diamonds P2 4Hearts P3 KDiamonds P0 5Diamonds 
P3 6Diamonds P0 QSpades P1 4Diamonds P2 7Hearts 
P0 7Clubs P1 JSpades P2 5Clubs P3 QDiamonds 
P1 6Hearts P2 6Clubs P3 4Spades P0 2Clubs 
P3 5Spades P0 AClubs P1 7Spades P2 3Spades 
P1 JDiamonds P2 JClubs P3 6Spades P0 3Clubs 
P3 KSpades P0 QClubs P1 ASpades P2 KClubs 
-- /GAME --
P0 HAND: 7Diamonds, QDiamonds, 3Diamonds, 2Diamonds, AHearts, KHearts, JHearts, 4Hearts, ASpades, 3Spades.
P1 HAND: ADiamonds, KDiamonds, 6Diamonds, AClubs, 7Clubs, KClubs, 5Clubs, 4Clubs, 3Clubs, 5Hearts.
P2 HAND: JDiamonds, QClubs, 2Clubs, QHearts, 3Hearts, 2Hearts, KSpades, JSpades, 6Spades, 5Spades.
P3 HAND: 5Diamonds, 4Diamonds, JClubs, 6Clubs, 7Hearts, 6Hearts, 7Spades, QSpades, 4Spades, 2Spades.

