-- GAME --
P0 HAND: JDiamonds, 4Diamonds, KClubs, JClubs, 5Clubs, 4Clubs, 7Hearts, KHearts, 5Spades, 4Spades.
P1 HAND: 7Diamonds, KDiamonds, 3Diamonds, JHearts, ASpades, 7Spades, JSpades, QSpades, 6Spades, 2Spades.
P2 HAND: QDiamonds, 2Diamonds, 7Clubs, QClubs, 3Clubs, 2Clubs, 5Hearts, 4Hearts, 2Hearts, 3Spades.
P3 HAND: ADiamonds, 6Diamonds, 5Diamonds, AClubs, 6Clubs, AHearts, QHearts, 6Hearts, 3Hearts, KSpades.
P3 ADiamonds P0 4Diamonds P1 7Diamonds P2 2Diamonds 
P3 AClubs P0 4Clubs P1 KDiamonds P2 2Clubs 
P3 AHearts P0 KHearts P1 JHearts P2 2Hearts 
P3 3Hearts P0 7Hearts P1 2Spades P2 4Hearts 
P1 3Diamonds P2 QDiamonds P3 5Diamonds P0 JDiamonds 
P0 KClubs P1 6Spades P2 3Clubs P3 6Clubs 
P1 QSpades P2 3Spades P3 KSpades P0 4Spades 
P3 6Diamonds P0 JClubs P1 JSpades P2 5Hearts 
P1 7Spades P2 QClubs P3 6Hearts P0 5Spades 
P1 ASpades P2 7Clubs P3 QHearts P0 5Clubs 
-- /GAME --
P0 HAND: 7Diamonds, QDiamonds, 6Diamonds, 7Clubs, KHearts, QHearts, 5Hearts, 3Hearts, JSpades, 5Spades.
P1 HAND: KDiamonds, JDiamonds, 4Diamonds, AClubs, 6Clubs, 5Clubs, 4Clubs, 3Clubs, 4Hearts, KSpades.
P2 HAND: ADiamonds, 5Diamonds, 2Diamonds, KClubs, QClubs, 2Clubs, 7Hearts, 6Hearts, QSpades, 2Spades.
P3 HAND: 3Diamonds, JClubs, AHearts, JHearts, 2Hearts, ASpades, 7Spades, 6Spades, 4Spades, 3Spades.
P2 ADiamonds P3 3Diamonds P0 7Diamonds P1 4Diamonds 
P2 2Diamonds P3 3Spades P0 6Diamonds P1 KDiamonds 
P1 3Clubs P2 2Clubs P3 JClubs P0 7Clubs 
P0 QDiamonds P1 JDiamonds P2 5Diamonds P3 ASpades 
P1 4Clubs P2 QClubs P3 4Spades P0 JSpades 
P2 2Spades P3 6Spades P0 5Spades P1 KSpades 
P1 5Clubs P2 KClubs P3 2Hearts P0 3Hearts 
P0 5Hearts P1 4Hearts P2 6Hearts P3 JHearts 
P3 AHearts P0 QHearts P1 AClubs P2 7Hearts 
P3 7Spades P0 KHearts P1 6Clubs P2 QSpades 
-- /GAME --
P0 HAND: 7Diamonds, JDiamonds, QDiamonds, 4Diamonds, AClubs, 6Hearts, 2Hearts, KSpades, QSpades, 2Spades.
P1 HAND: ADiamonds, 2Diamonds, KClubs, 3Clubs, 2Clubs, AHearts, 3Hearts, 7Spades, JSpades, 6Spades.
P2 HAND: KDiamonds, 5Diamonds, 7Clubs, JClubs, 6Clubs, 7Hearts, JHearts, QHearts, 4Spades, 3Spades.
P3 HAND: 6Diamonds, 3Diamonds, QClubs, 5Clubs, 4Clubs, KHearts, 5Hearts, 4Hearts, ASpades, 5Spades.
P1 ADiamonds P2 5Diamonds P3 6Diamonds P0 4Diamonds 
P1 AHearts P2 QHearts P3 KHearts P0 2Hearts 
P1 2Diamonds P2 KDiamonds P3 3Diamonds P0 7Diamonds 
P0 AClubs P1 2Clubs P2 7Clubs P3 4Clubs 
P0 6Hearts P1 3Hearts P2 7Hearts P3 4Hearts 
P2 6Clubs P3 5Clubs P0 2Spades P1 3Clubs 
P0 QDiamonds P1 6Spades P2 3Spades P3 QClubs 
P1 JSpades P2 4Spades P3 5Spades P0 KSpades 
P0 JDiamonds P1 7Spades P2 JClubs P3 5Hearts 
P1 KClubs P2 JHearts P3 ASpades P0 QSpades 
-- /GAME --
P0 HAND: 7Diamonds, QDiamonds, 5Diamonds, 2Diamonds, 6Clubs, 5Clubs, 3Hearts, 2Hearts, 5Spades, 3Spades.
P1 HAND: KDiamonds, JDiamonds, AClubs, KClubs, JClubs, AHearts, QHearts, ASpades, 7Spades, KSpades.
P2 HAND: ADiamonds, 4Diamonds, 3Diamonds, 7Clubs, 4Clubs, 2Clubs, KHearts, 5Hearts, 6Spades, 2Spades.
P3 HAND: 6Diamonds, QClubs, 3Clubs, 7Hearts, JHearts, 6Hearts, 4Hearts, JSpades, QSpades, 4Spades.
P3 3Clubs P0 6Clubs P1 AClubs P2 2Clubs 
P1 AHearts P2 5Hearts P3 7Hearts P0 2Hearts 
P1 ASpades P2 2Spades P3 JSpades P0 3Spades 
P1 QHearts P2 KHearts P3 4Hearts P0 3Hearts 
P2 4Clubs P3 QClubs P0 5Clubs P1 KClubs 
P1 JClubs P2 7Clubs P3 6Diamonds P0 QDiamonds 
P0 5Spades P1 KSpades P2 6Spades P3 QSpades 
P1 JDiamonds P2 3Diamonds P3 4Spades P0 2Diamonds 
P1 KDiamonds P2 4Diamonds P3 6Hearts P0 7Diamonds 
P0 5Diamonds P1 7Spades P2 ADiamonds P3 JHearts 
-- /GAME --
P0 HAND: 6Diamonds, KClubs, JClubs, QClubs, 4Clubs, 3Clubs, 5Hearts, ASpades, 6Spades, 4Spades.
P1 HAND: KDiamonds, 3Diamonds, 2Diamonds, 7Clubs, KHearts, QHearts, 7Spades, JSpades, 5Spades, 3Spades.
P2 HAND: JDiamonds, QDiamonds, 6Clubs, 2Clubs, AHearts, 7Hearts, JHearts, 2Hearts, QSpades, 2Spades.
P3 HAND: ADiamonds, 7Diamonds, 5Diamonds, 4Diamonds, AClubs, 5Clubs, 6Hearts, 4Hearts, 3Hearts, KSpades.
P2 AHearts P3 3Hearts P0 5Hearts P1 QHearts 

