-- GAME --
P0 HAND: 7Diamonds, KDiamonds, JDiamonds, QDiamonds, 7Clubs, JClubs, QHearts, 3Hearts, 2Hearts, 4Spades.
P1 HAND: ADiamonds, QClubs, 6Clubs, 2Clubs, AHearts, JHearts, 6Hearts, 5Hearts, KSpades, JSpades.
P2 HAND: 6Diamonds, 4Diamonds, 3Diamonds, AClubs, 5Clubs, 4Hearts, ASpades, 7Spades, QSpades, 6Spades.
P3 HAND: 5Diamonds, 2Diamonds, KClubs, 4Clubs, 3Clubs, 7Hearts, KHearts, 5Spades, 3Spades, 2Spades.
P3 2Diamonds P0 KDiamonds P1 ADiamonds P2 3Diamonds 
P1 AHearts P2 4Hearts P3 7Hearts P0 2Hearts 
P1 2Clubs P2 AClubs P3 3Clubs P0 7Clubs 
P2 4Diamonds P3 5Diamonds P0 7Diamonds P1 JSpades 
P1 5Hearts P2 5Clubs P3 KHearts P0 3Hearts 
P3 4Clubs P0 JClubs P1 6Clubs P2 6Diamonds 
P0 JDiamonds P1 6Hearts P2 6Spades P3 2Spades 
P2 QSpades P3 3Spades P0 4Spades P1 KSpades 
P1 QClubs P2 7Spades P3 KClubs P0 QHearts 
P2 ASpades P3 5Spades P0 QDiamonds P1 JHearts 
-- /GAME --
P0 HAND: 5Diamonds, 4Diamonds, 7Clubs, 5Clubs, 4Clubs, 2Clubs, QHearts, 5Hearts, 2Hearts, KSpades.
P1 HAND: 7Diamonds, KDiamonds, 6Diamonds, 2Diamonds, KClubs, 7Spades, JSpades, QSpades, 4Spades, 3Spades.
P2 HAND: QDiamonds, 3Diamonds, JClubs, QClubs, 3Clubs, KHearts, JHearts, 4Hearts, 5Spades, 2Spades.
P3 HAND: ADiamonds, JDiamonds, AClubs, 6Clubs, AHearts, 7Hearts, 6Hearts, 3Hearts, ASpades, 6Spades.
P2 2Spades P3 ASpades P0 KSpades P1 7Spades 
P3 AClubs P0 5Clubs P1 KClubs P2 3Clubs 
P3 AHearts P0 2Hearts P1 JSpades P2 4Hearts 
P3 3Hearts P0 5Hearts P1 3Spades P2 KHearts 
P2 5Spades P3 6Spades P0 5Diamonds P1 4Spades 
P0 2Clubs P1 QSpades P2 QClubs P3 6Clubs 
P2 JClubs P3 6Hearts P0 4Clubs P1 2Diamonds 
P1 6Diamonds P2 3Diamonds P3 JDiamonds P0 4Diamonds 
P3 ADiamonds P0 QHearts P1 KDiamonds P2 QDiamonds 
P3 7Hearts P0 7Clubs P1 7Diamonds P2 JHearts 
-- /GAME --
P0 HAND: 5Diamonds, AClubs, 5Clubs, 5Hearts, 3Hearts, 7Spades, QSpades, 6Spades, 4Spades, 2Spades.
P1 HAND: ADiamonds, 7Diamonds, 3Diamonds, 2Diamonds, 7Clubs, 7Hearts, 6Hearts, ASpades, KSpades, 5Spades.
P2 HAND: JDiamonds, QDiamonds, KClubs, JClubs, 6Clubs, 3Clubs, JHearts, 4Hearts, 2Hearts, JSpades.
P3 HAND: KDiamonds, 6Diamonds, 4Diamonds, QClubs, 4Clubs, 2Clubs, AHearts, KHearts, QHearts, 3Spades.
P1 ADiamonds P2 QDiamonds P3 KDiamonds P0 5Diamonds 
P1 ASpades P2 JSpades P3 3Spades P0 2Spades 
P1 2Diamonds P2 JDiamonds P3 4Diamonds P0 5Hearts 
P2 2Hearts P3 AHearts P0 3Hearts P1 7Hearts 
P3 6Diamonds P0 4Spades P1 3Diamonds P2 4Hearts 
P3 QHearts P0 6Spades P1 6Hearts P2 JHearts 
P2 3Clubs P3 2Clubs P0 5Clubs P1 7Clubs 
P1 5Spades P2 6Clubs P3 4Clubs P0 7Spades 
P2 JClubs P3 QClubs P0 AClubs P1 KSpades 
P0 QSpades P1 7Diamonds P2 KClubs P3 KHearts 
-- /GAME --
P0 HAND: 2Diamonds, AClubs, KClubs, 4Clubs, 3Clubs, AHearts, 6Hearts, 4Hearts, 7Spades, 5Spades.
P1 HAND: KDiamonds, JDiamonds, 6Clubs, 2Clubs, KHearts, JHearts, QHearts, 2Hearts, 4Spades, 2Spades.
P2 HAND: QDiamonds, 5Diamonds, 4Diamonds, 7Clubs, 7Hearts, 5Hearts, ASpades, JSpades, QSpades, 6Spades.
P3 HAND: ADiamonds, 7Diamonds, 6Diamonds, 3Diamonds, JClubs, QClubs, 5Clubs, 3Hearts, KSpades, 3Spades.
P0 AHearts P1 2Hearts P2 7Hearts P3 3Hearts 
P0 5Spades P1 2Spades P2 ASpades P3 3Spades 
P2 4Diamonds P3 ADiamonds P0 2Diamonds P1 KDiamonds 
P3 3Diamonds P0 3Clubs P1 JDiamonds P2 QDiamonds 
P0 6Hearts P1 QHearts P2 5Hearts P3 7Diamonds 
P1 4Spades P2 6Spades P3 KSpades 
