-- GAME --
P0 HAND: 5Diamonds, 2Diamonds, AClubs, 3Clubs, AHearts, QHearts, 4Hearts, ASpades, 4Spades, 2Spades.
P1 HAND: QDiamonds, 3Diamonds, 5Clubs, 4Clubs, 5Hearts, 3Hearts, 2Hearts, 7Spades, QSpades, 3Spades.
P2 HAND: 4Diamonds, KClubs, QClubs, 7Hearts, KHearts, JHearts, 6Hearts, KSpades, JSpades, 6Spades.
P3 HAND: ADiamonds, 7Diamonds, KDiamonds, JDiamonds, 6Diamonds, 7Clubs, JClubs, 6Clubs, 2Clubs, 5Spades.
P0 5Diamonds P1 3Diamonds P2 4Diamonds P3 6Diamonds 
P3 2Clubs P0 AClubs P1 4Clubs P2 KClubs 
P0 2Diamonds P1 QDiamonds P2 6Hearts P3 JDiamonds 
P3 5Spades P0 4Spades P1 3Spades P2 KSpades 
P2 6Spades P3 6Clubs P0 ASpades P1 QSpades 
P0 AHearts P1 2Hearts P2 7Hearts P3 KDiamonds 
P3 JClubs P0 3Clubs P1 5Clubs P2 QClubs 
P3 7Diamonds P0 2Spades P1 3Hearts P2 JHearts 
P3 ADiamonds P0 4Hearts P1 5Hearts P2 JSpades 
P3 7Clubs P0 QHearts P1 7Spades P2 KHearts 
-- /GAME --
P0 HAND: ADiamonds, 2Diamonds, KClubs, 2Clubs, JHearts, 6Hearts, 3Hearts, 7Spades, 6Spades, 3Spades.
P1 HAND: 5Diamonds, 5Clubs, 4Clubs, AHearts, QHearts, ASpades, KSpades, JSpades, 5Spades, 2Spades.
P2 HAND: 7Diamonds, KDiamonds, QDiamonds, 3Diamonds, AClubs, JClubs, QClubs, 7Hearts, KHearts, 4Spades.
P3 HAND: JDiamonds, 6Diamonds, 4Diamonds, 7Clubs, 6Clubs, 3Clubs, 5Hearts, 4Hearts, 2Hearts, QSpades.
P3 3Clubs P0 KClubs P1 4Clubs P2 AClubs 
P2 3Diamonds P3 4Diamonds P0 ADiamonds P1 5Diamonds 
P0 2Diamonds P1 2Spades P2 7Diamonds P3 6Diamonds 
P2 4Spades P3 QSpades P0 3Spades P1 ASpades 
P1 5Clubs P2 QClubs P3 7Clubs P0 2Clubs 
P3 6Clubs P0 6Spades P1 5Spades P2 JClubs 
P2 QDiamonds P3 JDiamonds P0 3Hearts P1 QHearts 
P1 JSpades P2 KHearts P3 2Hearts P0 7Spades 
P2 7Hearts P3 4Hearts P0 6Hearts P1 AHearts 
P1 KSpades P2 KDiamonds P3 5Hearts P0 JHearts 
-- /GAME --
P0 HAND: ADiamonds, QDiamonds, 7Clubs, QClubs, 4Clubs, KHearts, QHearts, 3Hearts, ASpades, 6Spades.
P1 HAND: 7Diamonds, KDiamonds, JDiamonds, 3Diamonds, 2Diamonds, 6Clubs, 5Clubs, 6Hearts, 2Hearts, QSpades.
P2 HAND: 6Diamonds, AClubs, KClubs, 7Hearts, 4Hearts, KSpades, JSpades, 4Spades, 3Spades, 2Spades.
P3 HAND: 5Diamonds, 4Diamonds, JClubs, 3Clubs, 2Clubs, AHearts, JHearts, 5Hearts, 7Spades, 5Spades.
P2 AClubs P3 2Clubs P0 7Clubs P1 5Clubs 
P2 2Spades P3 5Spades P0 ASpades P1 QSpades 
P0 QHearts P1 2Hearts P2 4Hearts P3 AHearts 
P3 3Clubs P0 QClubs P1 6Clubs P2 KClubs 
P2 3Spades P3 7Spades P0 6Spades P1 6Hearts 
P3 5Hearts P0 3Hearts P1 2Diamonds P2 7Hearts 
P1 3Diamonds P2 6Diamonds P3 4Diamonds P0 QDiamonds 
P0 KHearts P1 JDiamonds P2 4Spades P3 JHearts 
P1 KDiamonds P2 JSpades P3 5Diamonds P0 ADiamonds 
P0 4Clubs P1 7Diamonds P2 KSpades P3 JClubs 
-- /GAME --
P0 HAND: KDiamonds, 5Diamonds, 4Diamonds, KClubs, JClubs, 6Hearts, 2Hearts, 7Spades, JSpades, 3Spades.
P1 HAND: 7Diamonds, QDiamonds, 3Diamonds, 7Clubs, 5Clubs, 3Clubs, 2Clubs, 7Hearts, QSpades, 6Spades.
P2 HAND: ADiamonds, JDiamonds, QClubs, JHearts, QHearts, 5Hearts, 3Hearts, 5Spades, 4Spades, 2Spades.
P3 HAND: 6Diamonds, 2Diamonds, AClubs, 6Clubs, 4Clubs, AHearts, KHearts, 4Hearts, ASpades, KSpades.
P1 2Clubs P2 QClubs P3 AClubs P0 JClubs 
P3 ASpades P0 3Spades P1 QSpades P2 2Spades 
P3 2Diamonds P0 KDiamonds P1 3Diamonds P2 ADiamonds 
P2 4Spades P3 KSpades P0 7Spades P1 6Spades 
P0 JSpades P1 3Clubs P2 5Spades P3 4Clubs 
P0 KClubs P1 5Clubs P2 3Hearts P3 6Clubs 
P2 JDiamonds P3 6Diamonds P0 4Diamonds P1 7Diamonds 
P1 QDiamonds P2 5Hearts P3 4Hearts P0 5Diamonds 
P2 QHearts P3 KHearts P0 2Hearts P1 7Hearts 
P1 7Clubs P2 JHearts P3 AHearts P0 6Hearts 
-- /GAME --
P0 HAND: 5Diamonds, 3Diamonds, 2Diamonds, 6Clubs, 4Clubs, AHearts, ASpades, QSpades, 6Spades, 4Spades.
P1 HAND: JDiamonds, 6Diamonds, KClubs, QClubs, JHearts, 5Hearts, 2Hearts, 7Spades, KSpades, JSpades.
P2 HAND: ADiamonds, KDiamonds, AClubs, 7Clubs, JClubs, 3Clubs, KHearts, QHearts, 5Spades, 3Spades.
P3 HAND: 7Diamonds, QDiamonds, 4Diamonds, 5Clubs, 2Clubs, 7Hearts, 6Hearts, 4Hearts, 3Hearts, 2Spades.
P0 4Clubs P1 QClubs P2 3Clubs P3 2Clubs 
P1 2Hearts P2 QHearts P3 3Hearts P0 AHearts 
P0 6Clubs P1 KClubs P2 JClubs P3 5Clubs 
P1 5Hearts P2 KHearts P3 4Hearts P0 2Diamonds 
P2 ADiamonds P3 4Diamonds P0 5Diamonds P1 6Diamonds 
P2 3Spades P3 2Spades P0 ASpades P1 JSpades 
P0 QSpades P1 KSpades P2 5Spades P3 7Diamonds 
P1 JDiamonds 
