-- GAME --
P0 HAND: ADiamonds, 3Diamonds, AClubs, JClubs, QClubs, AHearts, 6Hearts, 4Hearts, ASpades, 2Spades.
P1 HAND: 7Diamonds, JDiamonds, 6Diamonds, 4Diamonds, 5Clubs, 3Clubs, JHearts, 5Hearts, KSpades, QSpades.
P2 HAND: KDiamonds, 5Diamonds, KClubs, 7Hearts, KHearts, QHearts, 7Spades, JSpades, 6Spades, 4Spades.
P3 HAND: QDiamonds, 2Diamonds, 7Clubs, 6Clubs, 4Clubs, 2Clubs, 3Hearts, 2Hearts, 5Spades, 3Spades.
P3 2Diamonds P0 ADiamonds P1 4Diamonds P2 KDiamonds 
P0 AClubs P1 3Clubs P2 KClubs P3 2Clubs 
P0 ASpades P1 QSpades P2 7Spades P3 3Spades 
P0 2Spades P1 KSpades P2 4Spades P3 5Spades 
P1 5Clubs P2 5Diamonds P3 7Clubs P0 QClubs 
P3 4Clubs P0 JClubs P1 6Diamonds P2 JSpades 
P0 3Diamonds P1 JDiamonds P2 6Spades P3 QDiamonds 
P1 5Hearts P2 QHearts P3 2Hearts P0 AHearts 
P0 4Hearts P1 JHearts P2 KHearts P3 3Hearts 
P2 7Hearts P3 6Clubs P0 6Hearts P1 7Diamonds 
-- /GAME --
P0 HAND: KDiamonds, 4Diamonds, 2Diamonds, AClubs, 7Clubs, QClubs, 6Clubs, 4Clubs, 4Hearts, 2Spades.
P1 HAND: JClubs, 2Clubs, KHearts, QHearts, 6Hearts, 5Hearts, 3Hearts, KSpades, QSpades, 5Spades.
P2 HAND: ADiamonds, 6Diamonds, 3Diamonds, KClubs, 5Clubs, 3Clubs, AHearts, ASpades, 7Spades, 3Spades.
P3 HAND: 7Diamonds, JDiamonds, QDiamonds, 5Diamonds, 7Hearts, JHearts, 2Hearts, JSpades, 6Spades, 4Spades.
P2 ADiamonds P3 5Diamonds P0 KDiamonds P1 3Hearts 
P1 2Clubs P2 3Clubs P3 4Spades P0 AClubs 
P0 2Diamonds P1 5Spades P2 3Diamonds P3 7Diamonds 
P3 6Spades P0 2Spades P1 QSpades P2 ASpades 
P2 3Spades P3 JSpades P0 4Hearts P1 KSpades 
P0 4Diamonds P1 5Hearts P2 6Diamonds P3 JDiamonds 
P1 JClubs P2 5Clubs P3 QDiamonds P0 7Clubs 
P0 4Clubs P1 6Hearts P2 KClubs P3 2Hearts 
P1 QHearts P2 AHearts P3 JHearts P0 QClubs 
P2 7Spades P3 7Hearts P0 6Clubs P1 KHearts 
-- /GAME --
P0 HAND: 5Diamonds, 2Diamonds, 7Clubs, JClubs, KHearts, 4Hearts, 2Hearts, ASpades, JSpades, 5Spades.
P1 HAND: 4Diamonds, 3Clubs, 2Clubs, AHearts, 7Hearts, QHearts, 7Spades, KSpades, QSpades, 6Spades.
P2 HAND: ADiamonds, 7Diamonds, KDiamonds, 6Diamonds, AClubs, KClubs, 6Clubs, 6Hearts, 5Hearts, 4Spades.
P3 HAND: JDiamonds, QDiamonds, 3Diamonds, QClubs, 5Clubs, 4Clubs, JHearts, 3Hearts, 3Spades, 2Spades.
P1 2Clubs P2 AClubs P3 4Clubs P0 7Clubs 
P2 ADiamonds P3 3Diamonds P0 2Diamonds P1 4Diamonds 
P2 4Spades P3 2Spades P0 ASpades P1 6Spades 
P0 5Diamonds P1 3Clubs P2 7Diamonds P3 QDiamonds 
P2 6Diamonds P3 JDiamonds P0 2Hearts P1 QSpades 
P0 5Spades P1 KSpades P2 6Clubs P3 3Spades 
P1 QHearts P2 5Hearts P3 3Hearts P0 KHearts 
P0 JClubs P1 7Hearts P2 KClubs P3 QClubs 
P1 AHearts P2 6Hearts P3 JHearts P0 4Hearts 
P1 7Spades P2 KDiamonds P3 5Clubs P0 JSpades 
-- /GAME --
P0 HAND: 4Diamonds, JClubs, 5Clubs, 3Clubs, 6Hearts, 5Hearts, ASpades, 7Spades, KSpades, 3Spades.
P1 HAND: 7Diamonds, KDiamonds, JDiamonds, QDiamonds, AClubs, 7Hearts, KHearts, QHearts, QSpades, 2Spades.
P2 HAND: 5Diamonds, 2Diamonds, KClubs, 2Clubs, AHearts, JHearts, 3Hearts, 2Hearts, JSpades, 4Spades.
P3 HAND: ADiamonds, 6Diamonds, 3Diamonds, 7Clubs, QClubs, 6Clubs, 4Clubs, 4Hearts, 6Spades, 5Spades.
P0 ASpades P1 2Spades P2 JSpades P3 5Spades 
P0 5Hearts P1 QHearts P2 AHearts P3 4Hearts 
P2 2Diamonds P3 ADiamonds P0 4Diamonds P1 7Diamonds 
P3 3Diamonds P0 3Spades P1 KDiamonds P2 5Diamonds 
P1 QDiamonds P2 2Hearts P3 6Diamonds P0 3Clubs 
P0 6Hearts P1 KHearts P2 3Hearts P3 6Spades 
P1 QSpades P2 4Spades P3 4Clubs P0 KSpades 
P3 6Clubs P0 5Clubs P1 AClubs P2 2Clubs 
P1 JDiamonds P2 KClubs P3 7Clubs P0 JClubs 
P3 QClubs P0 7Spades P1 7Hearts P2 JHearts 
-- /GAME --
P0 HAND: QDiamonds, 4Diamonds, 6Clubs, 2Clubs, 7Hearts, QHearts, ASpades, JSpades, 5Spades, 2Spades.
P1 HAND: KDiamonds, JDiamonds, 6Diamonds, JHearts, 5Hearts, 3Hearts, 2Hearts, KSpades, QSpades, 3Spades.
P2 HAND: 5Diamonds, 7Clubs, JClubs, QClubs, 4Clubs, AHearts, 6Hearts, 7Spades, 6Spades, 4Spades.
P3 HAND: ADiamonds, 7Diamonds, 3Diamonds, 2Diamonds, AClubs, KClubs, 5Clubs, 3Clubs, KHearts, 4Hearts.
P3 ADiamonds P0 4Diamonds P1 KDiamonds P2 5Diamonds 
P3 2Diamonds P0 QDiamonds P1 6Diamonds P2 AHearts 
P0 ASpades P1 3Spades P2 7Spades P3 3Clubs 
P3 3Diamonds P0 2Spades P1 JDiamonds P2 4Spades 
P1 2Hearts P2 6Hearts P3 4Hearts P0 7Hearts 
P0 5Spades P1 QSpades P2 6Spades P3 7Diamonds 
P1 3Hearts P2 4Clubs P3 KHearts P0 QHearts 
P2 QClubs P3 5Clubs P0 2Clubs P1 5Hearts 
P2 JClubs P3 KClubs P0 6Clubs P1 KSpades 
P3 AClubs P0 JSpades P1 JHearts P2 7Clubs 
-- /GAME --

