-- GAME --
P0 HAND: ADiamonds, 6Diamonds, 2Diamonds, AClubs, QClubs, 3Clubs, JHearts, 5Hearts, 2Hearts, 6Spades.
P1 HAND: KDiamonds, 3Diamonds, JClubs, 6Clubs, 2Clubs, KHearts, 4Hearts, ASpades, 7Spades, 2Spades.
P2 HAND: JDiamonds, QDiamonds, 7Clubs, AHearts, 6Hearts, 3Hearts, KSpades, QSpades, 5Spades, 4Spades.
P3 HAND: 7Diamonds, 5Diamonds, 4Diamonds, KClubs, 5Clubs, 4Clubs, 7Hearts, QHearts, JSpades, 3Spades.
P0 6Spades P1 ASpades P2 4Spades P3 JSpades 
P1 2Spades P2 5Spades P3 3Spades P0 JHearts 
P2 AHearts P3 QHearts P0 5Hearts P1 4Hearts 
P2 3Hearts P3 7Hearts P0 2Hearts P1 KHearts 
P3 4Diamonds P0 ADiamonds P1 3Diamonds P2 JDiamonds 
P0 AClubs P1 2Clubs P2 7Clubs P3 4Clubs 
P0 2Diamonds P1 KDiamonds P2 QDiamonds P3 7Diamonds 
P3 5Diamonds P0 6Diamonds P1 6Clubs P2 6Hearts 
P1 JClubs P2 QSpades P3 5Clubs P0 3Clubs 
P1 7Spades P2 KSpades P3 KClubs P0 QClubs 
-- /GAME --
P0 HAND: JDiamonds, 2Diamonds, AClubs, KClubs, 3Clubs, QHearts, 6Hearts, 5Hearts, 4Hearts, 2Hearts.
P1 HAND: ADiamonds, QDiamonds, 6Diamonds, 7Clubs, JClubs, QClubs, 6Clubs, KHearts, JSpades, QSpades.
P2 HAND: 7Diamonds, KDiamonds, 5Diamonds, JHearts, 3Hearts, ASpades, 7Spades, 6Spades, 4Spades, 2Spades.
P3 HAND: 4Diamonds, 3Diamonds, 5Clubs, 4Clubs, 2Clubs, AHearts, 7Hearts, KSpades, 5Spades, 3Spades.
P3 AHearts P0 2Hearts P1 KHearts P2 3Hearts 
P3 2Clubs P0 AClubs P1 6Clubs P2 ASpades 
P0 KClubs P1 QClubs P2 5Diamonds P3 4Clubs 
P2 2Spades P3 3Spades P0 2Diamonds P1 QSpades 
P0 3Clubs P1 JClubs P2 4Spades P3 5Clubs 
P1 JSpades P2 6Spades P3 5Spades P0 JDiamonds 
P0 4Hearts P1 6Diamonds P2 JHearts P3 7Hearts 
P1 QDiamonds P2 KDiamonds P3 3Diamonds P0 QHearts 
P2 7Diamonds P3 4Diamonds P0 6Hearts P1 ADiamonds 
P1 7Clubs P2 7Spades P3 KSpades P0 5Hearts 
-- /GAME --
P0 HAND: JDiamonds, QDiamonds, 3Diamonds, 6Clubs, 5Clubs, 6Hearts, 5Hearts, 4Hearts, 7Spades, QSpades.
P1 HAND: ADiamonds, 7Diamonds, 6Diamonds, 2Diamonds, JClubs, QClubs, AHearts, ASpades, KSpades, 6Spades.
P2 HAND: 5Diamonds, 4Diamonds, AClubs, 7Clubs, 3Clubs, 2Clubs, KHearts, JHearts, JSpades, 5Spades.
P3 HAND: KDiamonds, KClubs, 4Clubs, 7Hearts, QHearts, 3Hearts, 2Hearts, 4Spades, 3Spades, 2Spades.
P2 AClubs P3 4Clubs P0 6Clubs P1 QClubs 
P2 2Clubs P3 KClubs P0 5Clubs P1 JClubs 
P3 2Hearts P0 6Hearts P1 AHearts P2 JHearts 
P1 ADiamonds P2 4Diamonds P3 KDiamonds P0 3Diamonds 
P1 2Diamonds P2 5Diamonds P3 3Hearts P0 JDiamonds 
P0 4Hearts P1 6Diamonds P2 KHearts P3 7Hearts 
P3 QHearts P0 5Hearts P1 6Spades P2 3Clubs 
P1 KSpades P2 5Spades P3 2Spades P0 7Spades 
P0 QDiamonds P1 7Diamonds P2 JSpades P3 3Spades 
P2 7Clubs P3 4Spades P0 QSpades P1 ASpades 
-- /GAME --
P0 HAND: 7Diamonds, QDiamonds, 6Diamonds, 2Diamonds, AHearts, QHearts, 3Hearts, 2Hearts, 6Spades, 3Spades.
P1 HAND: 4Diamonds, KClubs, 6Clubs, 7Hearts, KHearts, ASpades, KSpades, JSpades, QSpades, 2Spades.
P2 HAND: ADiamonds, KDiamonds, 5Diamonds, 3Diamonds, 7Clubs, JClubs, 3Clubs, 5Hearts, 7Spades, 4Spades.
P3 HAND: JDiamonds, AClubs, QClubs, 5Clubs, 4Clubs, 2Clubs, JHearts, 6Hearts, 4Hearts, 5Spades.
P1 2Spades P2 4Spades P3 5Spades P0 3Spades 
P3 2Clubs P0 6Spades P1 6Clubs P2 7Clubs 
P2 3Clubs P3 4Clubs P0 2Hearts P1 KClubs 
P1 QSpades P2 7Spades P3 JDiamonds P0 7Diamonds 
P0 AHearts P1 KHearts P2 5Hearts P3 4Hearts 
P0 2Diamonds P1 4Diamonds P2 3Diamonds P3 AClubs 
P1 JSpades P2 5Diamonds P3 5Clubs P0 QHearts 
P2 JClubs P3 QClubs P0 6Diamonds P1 KSpades 
P0 3Hearts P1 7Hearts P2 KDiamonds P3 6Hearts 
P2 ADiamonds P3 JHearts P0 QDiamonds P1 ASpades 
-- /GAME --
P0 HAND: QDiamonds, AClubs, JClubs, 5Clubs, 4Clubs, QHearts, 4Hearts, 2Hearts, QSpades, 6Spades.
P1 HAND: ADiamonds, KDiamonds, JDiamonds, 7Clubs, QClubs, JHearts, KSpades, JSpades, 5Spades, 4Spades.
P2 HAND: 6Diamonds, 5Diamonds, 4Diamonds, 3Diamonds, 6Clubs, 2Clubs, 6Hearts, 5Hearts, ASpades, 3Spades.
P3 HAND: 7Diamonds, 2Diamonds, KClubs, 3Clubs, AHearts, 7Hearts, KHearts, 3Hearts, 7Spades, 2Spades.
P0 2Hearts P1 JHearts P2 5Hearts P3 AHearts 
P3 2Diamonds P0 QDiamonds P1 ADiamonds P2 3Diamonds 
P1 4Spades P2 ASpades P3 2Spades P0 QSpades 
P2 3Spades P3 7Spades P0 6Spades P1 KSpades 
P3 3Hearts P0 QHearts P1 5Spades P2 6Hearts 
P0 4Hearts P1 QClubs P2 4Diamonds P3 7Hearts 
P1 JDiamonds P2 5Diamonds P3 7Diamonds P0 4Clubs 
P0 AClubs P1 7Clubs P2 2Clubs P3 3Clubs 
P0 5Clubs P1 JSpades P2 6Clubs P3 KClubs 
P3 KHearts P0 JClubs P1 KDiamonds P2 6Diamonds 
-- /GAME --
P0 HAND: KDiamonds, JDiamonds, QDiamonds, 5Diamonds, 2Clubs, KHearts, JHearts, 4Hearts, 6Spades, 5Spades.
P1 HAND: 2Diamonds, AClubs, 7Clubs, JClubs, 5Hearts, ASpades, KSpades, JSpades, QSpades, 3Spades.
P2 HAND: ADiamonds, 7Diamonds, 3Diamonds, 5Clubs, 4Clubs, 3Clubs, AHearts, 7Hearts, QHearts, 3Hearts.
P3 HAND: 6Diamonds, 4Diamonds, KClubs, QClubs, 6Clubs, 6Hearts, 2Hearts, 7Spades, 4Spades, 2Spades.
P3 2Spades P0 5Spades P1 ASpades P2 3Hearts 
P2 ADiamonds P3 4Diamonds P0 KDiamonds P1 2Diamonds 
P2 3Diamonds P3 6Diamonds P0 QDiamonds P1 3Spades 
P0 6Spades P1 QSpades P2 3Clubs P3 7Spades 
P3 4Spades P0 2Clubs P1 JSpades P2 4Clubs 
P1 JClubs P2 5Clubs P3 6Clubs P0 5Diamonds 
P1 5Hearts P2 QHearts P3 2Hearts P0 4Hearts 
P2 7Hearts P3 6Hearts P0 JHearts P1 KSpades 
P2 AHearts P3 QClubs P0 KHearts P1 7Clubs 
P2 7Diamonds P3 KClubs P0 JDiamonds P1 AClubs 
-- /GAME --
P0 HAND: 7Diamonds, KDiamonds, JDiamonds, QClubs, 6Clubs, 4Clubs, 6Hearts, 5Hearts, 3Hearts, ASpades.
P1 HAND: 7Clubs, KClubs, 5Clubs, 2Clubs, AHearts, 7Spades, KSpades, JSpades, QSpades, 5Spades.
P2 HAND: QDiamonds, 5Diamonds, 3Diamonds, AClubs, 7Hearts, KHearts, JHearts, QHearts, 4Hearts, 4Spades.
P3 HAND: ADiamonds, 6Diamonds, 4Diamonds, 2Diamonds, JClubs, 3Clubs, 2Hearts, 6Spades, 3Spades, 2Spades.
P0 ASpades P1 5Spades P2 4Spades P3 2Spades 
P0 3Hearts P1 AHearts P2 4Hearts P3 2Hearts 
P1 2Clubs P2 AClubs P3 3Clubs P0 QClubs 
P2 QHearts P3 3Spades P0 5Hearts P1 5Clubs 
P2 JHearts P3 6Spades P0 6Hearts P1 QSpades 
P2 3Diamonds P3 2Diamonds P0 JDiamonds P1 JSpades 
P0 6Clubs P1 KClubs P2 5Diamonds P3 JClubs 
P2 QDiamonds P3 4Diamonds P0 7Diamonds P1 KSpades 
P0 4Clubs P1 7Clubs P2 KHearts P3 6Diamonds 
P3 ADiamonds P0 KDiamonds P1 7Spades P2 7Hearts 
-- /GAME --
P0 HAND: ADiamonds, JDiamonds, 5Diamonds, 6Clubs, 2Clubs, KHearts, QHearts, 6Hearts, ASpades, 6Spades.
P1 HAND: KDiamonds, 2Diamonds, 7Clubs, KClubs, QClubs, 7Hearts, 2Hearts, QSpades, 3Spades, 2Spades.
P2 HAND: 7Diamonds, QDiamonds, 6Diamonds, 3Diamonds, 5Hearts, 3Hearts, 7Spades, KSpades, JSpades, 5Spades.
P3 HAND: 4Diamonds, AClubs, JClubs, 5Clubs, 4Clubs, 3Clubs, AHearts, JHearts, 4Hearts, 4Spades.
P3 3Clubs P0 2Clubs P1 QClubs P2 3Hearts 
P1 2Hearts P2 5Hearts P3 AHearts P0 6Hearts 
P3 4Clubs P0 6Clubs P1 KClubs P2 5Spades 
P1 2Spades P2 JSpades P3 4Spades P0 ASpades 
P0 ADiamonds P1 2Diamonds P2 3Diamonds P3 4Diamonds 
P0 6Spades P1 3Spades P2 KSpades P3 4Hearts 
P2 6Diamonds P3 5Clubs P0 5Diamonds P1 KDiamonds 
P1 QSpades P2 7Spades P3 JClubs P0 KHearts 
P2 QDiamonds P3 JHearts P0 JDiamonds P1 7Clubs 
P0 QHearts P1 7Hearts P2 7Diamonds P3 AClubs 
-- /GAME --
P0 HAND: 7Diamonds, KClubs, 4Clubs, 2Clubs, QHearts, 5Hearts, 4Hearts, KSpades, 6Spades, 3Spades.
P1 HAND: KDiamonds, QDiamonds, 6Diamonds, 5Diamonds, 4Diamonds, AClubs, 5Clubs, 2Hearts, JSpades, 4Spades.
P2 HAND: JDiamonds, 2Diamonds, QClubs, 3Clubs, JHearts, 6Hearts, ASpades, 7Spades, QSpades, 5Spades.
P3 HAND: ADiamonds, 3Diamonds, 7Clubs, JClubs, 6Clubs, AHearts, 7Hearts, KHearts, 3Hearts, 2Spades.
P2 ASpades P3 2Spades P0 KSpades P1 4Spades 
P2 3Clubs P3 6Clubs P0 2Clubs P1 AClubs 
P1 2Hearts P2 6Hearts P3 AHearts P0 4Hearts 
P3 3Hearts P0 5Hearts P1 5Clubs P2 JHearts 
P2 5Spades P3 3Diamonds P0 3Spades P1 JSpades 
P3 JClubs P0 KClubs P1 4Diamonds P2 QClubs 
P1 5Diamonds P2 2Diamonds P3 ADiamonds P0 7Diamonds 
P3 KHearts P0 QHearts P1 6Diamonds P2 JDiamonds 
P2 QSpades P3 7Clubs P0 6Spades P1 QDiamonds 
P1 KDiamonds P2 7Spades P3 7Hearts P0 4Clubs 
-- /GAME --

