-- GAME --
P0 HAND: JDiamonds, 4Diamonds, 3Diamonds, 7Clubs, AHearts, KHearts, QHearts, KSpades, 5Spades, 3Spades.
P1 HAND: 7Diamonds, KDiamonds, 5Diamonds, 2Diamonds, AClubs, KClubs, 7Hearts, 2Hearts, ASpades, 6Spades.
P2 HAND: JClubs, QClubs, 5Clubs, JHearts, 6Hearts, 5Hearts, 7Spades, JSpades, QSpades, 2Spades.
P3 HAND: ADiamonds, QDiamonds, 6Diamonds, 6Clubs, 4Clubs, 3Clubs, 2Clubs, 4Hearts, 3Hearts, 4Spades.
P0 AHearts P1 2Hearts P2 JHearts P3 3Hearts 
P0 3Spades P1 ASpades P2 2Spades P3 4Spades 
P1 2Diamonds P2 5Hearts P3 ADiamonds P0 3Diamonds 
P3 4Hearts P0 KHearts P1 7Hearts P2 6Hearts 
P1 5Diamonds P2 QSpades P3 6Diamonds P0 JDiamonds 
P0 4Diamonds P1 KDiamonds P2 5Clubs P3 QDiamonds 
P2 JSpades P3 2Clubs P0 5Spades P1 6Spades 
P3 3Clubs P0 7Clubs P1 AClubs P2 QClubs 
P1 KClubs P2 JClubs P3 4Clubs P0 QHearts 
P1 7Diamonds P2 7Spades P3 6Clubs P0 KSpades 
-- /GAME --
P0 HAND: ADiamonds, 5Diamonds, 4Diamonds, 3Diamonds, QClubs, 6Clubs, 4Hearts, 3Hearts, 2Hearts, KSpades.
P1 HAND: 7Diamonds, KDiamonds, 5Clubs, 2Clubs, 7Hearts, JHearts, QHearts, ASpades, JSpades, 6Spades.
P2 HAND: QDiamonds, 2Diamonds, KClubs, JClubs, 4Clubs, KHearts, 5Hearts, 7Spades, 5Spades, 4Spades.
P3 HAND: JDiamonds, 6Diamonds, AClubs, 7Clubs, 3Clubs, AHearts, 6Hearts, QSpades, 3Spades, 2Spades.
P3 AHearts P0 2Hearts P1 7Hearts P2 5Hearts 
P3 2Spades P0 KSpades P1 ASpades P2 4Spades 
P1 6Spades P2 5Spades P3 3Spades P0 3Hearts 
P1 QHearts P2 KHearts P3 6Hearts P0 4Hearts 
P2 2Diamonds P3 6Diamonds P0 ADiamonds P1 KDiamonds 
P0 3Diamonds P1 7Diamonds P2 QDiamonds P3 JDiamonds 
P1 JHearts P2 4Clubs P3 QSpades P0 5Diamonds 
P2 JClubs P3 3Clubs P0 QClubs P1 2Clubs 
P2 KClubs P3 7Clubs P0 6Clubs P1 5Clubs 
P3 AClubs P0 4Diamonds P1 JSpades P2 7Spades 
-- /GAME --
P0 HAND: 6Diamonds, 4Diamonds, 6Clubs, 2Clubs, 7Hearts, JHearts, 2Hearts, 7Spades, JSpades, 6Spades.
P1 HAND: KDiamonds, QDiamonds, 5Diamonds, AClubs, JClubs, 4Clubs, QHearts, 5Hearts, ASpades, 4Spades.
P2 HAND: 7Diamonds, 3Diamonds, 2Diamonds, 3Clubs, KHearts, 4Hearts, 3Hearts, QSpades, 3Spades, 2Spades.
P3 HAND: ADiamonds, JDiamonds, 7Clubs, KClubs, QClubs, 5Clubs, AHearts, 6Hearts, KSpades, 5Spades.
P2 2Spades P3 5Spades P0 6Spades P1 ASpades 
P1 AClubs P2 3Clubs P3 7Clubs P0 2Clubs 
P1 4Clubs P2 3Hearts P3 KClubs P0 6Clubs 
P3 AHearts P0 2Hearts P1 QHearts P2 4Hearts 
P3 5Clubs P0 4Diamonds P1 JClubs P2 KHearts 
P0 JSpades P1 4Spades P2 3Spades P3 KSpades 
P3 6Hearts P0 7Hearts P1 5Hearts P2 QSpades 
P0 JHearts P1 5Diamonds P2 2Diamonds P3 QClubs 
P1 QDiamonds P2 3Diamonds P3 JDiamonds P0 6Diamonds 
P3 ADiamonds P0 7Spades P1 KDiamonds P2 7Diamonds 
-- /GAME --
P0 HAND: JDiamonds, 6Diamonds, 4Diamonds, 3Diamonds, 2Diamonds, 3Clubs, 2Clubs, 7Spades, QSpades, 6Spades.
P1 HAND: ADiamonds, 5Diamonds, 7Clubs, KClubs, 5Clubs, 4Clubs, AHearts, 2Hearts, ASpades, 5Spades.
P2 HAND: 7Diamonds, KDiamonds, AClubs, QClubs, 6Clubs, 7Hearts, QHearts, 5Hearts, JSpades, 2Spades.
P3 HAND: QDiamonds, JClubs, KHearts, JHearts, 6Hearts, 4Hearts, 3Hearts, KSpades, 4Spades, 3Spades.
P0 2Diamonds P1 ADiamonds P2 KDiamonds P3 QDiamonds 
P1 ASpades P2 2Spades P3 KSpades P0 6Spades 
P1 4Clubs P2 AClubs P3 JClubs P0 2Clubs 
P2 6Clubs P3 3Spades P0 3Clubs P1 7Clubs 
P1 5Diamonds P2 7Diamonds P3 3Hearts P0 3Diamonds 
P3 4Spades P0 7Spades P1 5Spades P2 JSpades 
P0 4Diamonds P1 5Clubs P2 QClubs P3 4Hearts 
P3 6Hearts P0 6Diamonds P1 2Hearts P2 5Hearts 
P3 JHearts P0 QSpades P1 AHearts P2 QHearts 
P1 KClubs P2 7Hearts P3 KHearts P0 JDiamonds 
-- /GAME --
P0 HAND: KDiamonds, 6Diamonds, AClubs, 3Clubs, QHearts, 6Hearts, 5Hearts, JSpades, 6Spades, 2Spades.
P1 HAND: ADiamonds, 7Diamonds, JDiamonds, KClubs, QClubs, 3Hearts, 2Hearts, ASpades, 7Spades, 4Spades.
P2 HAND: 5Diamonds, 4Diamonds, 3Diamonds, 2Diamonds, JClubs, 4Clubs, KHearts, JHearts, 4Hearts, KSpades.
P3 HAND: QDiamonds, 7Clubs, 6Clubs, 5Clubs, 2Clubs, AHearts, 7Hearts, QSpades, 5Spades, 3Spades.
P3 AHearts P0 5Hearts P1 3Hearts P2 4Hearts 
P3 2Clubs P0 AClubs P1 QClubs P2 JClubs 
P0 2Spades P1 ASpades P2 KSpades P3 QSpades 
P1 2Hearts P2 JHearts P3 7Hearts P0 6Hearts 
P3 3Spades P0 JSpades P1 7Spades P2 2Diamonds 
P2 4Clubs P3 5Clubs P0 3Clubs P1 KClubs 
P1 4Spades P2 3Diamonds P3 5Spades P0 6Spades 
P2 4Diamonds P3 QDiamonds P0 KDiamonds P1 7Diamonds 
P1 JDiamonds P2 5Diamonds P3 6Clubs P0 6Diamonds 
P1 ADiamonds P2 KHearts P3 7Clubs P0 QHearts 
-- /GAME --
P0 HAND: 5Diamonds, AClubs, JClubs, 4Clubs, 3Clubs, KHearts, JHearts, QHearts, KSpades, 6Spades.
P1 HAND: KDiamonds, 7Clubs, KClubs, 5Clubs, 6Hearts, 5Hearts, 4Hearts, 7Spades, QSpades, 2Spades.
P2 HAND: 6Diamonds, 2Diamonds, QClubs, 2Clubs, AHearts, 7Hearts, 3Hearts, 2Hearts, ASpades, 4Spades.
P3 HAND: ADiamonds, 7Diamonds, JDiamonds, QDiamonds, 4Diamonds, 3Diamonds, 6Clubs, JSpades, 5Spades, 3Spades.
P2 ASpades P3 3Spades P0 KSpades P1 2Spades 
P2 2Diamonds P3 3Diamonds P0 5Diamonds P1 KDiamonds 
P1 5Clubs P2 2Clubs P3 6Clubs P0 AClubs 
P0 6Spades P1 QSpades P2 4Spades P3 JSpades 
P3 4Diamonds P0 QHearts P1 4Hearts P2 6Diamonds 
P0 3Clubs P1 KClubs P2 QClubs P3 ADiamonds 
P1 5Hearts P2 2Hearts P3 5Spades P0 KHearts 
P0 4Clubs P1 7Clubs P2 3Hearts P3 QDiamonds 
P2 7Hearts P3 JDiamonds P0 JHearts P1 6Hearts 
P2 AHearts P3 7Diamonds P0 JClubs P1 7Spades 
-- /GAME --
P0 HAND: KDiamonds, QDiamonds, 5Diamonds, 2Clubs, AHearts, 7Hearts, 3Hearts, 5Spades, 4Spades, 2Spades.
P1 HAND: 7Diamonds, JDiamonds, 6Diamonds, AClubs, 3Clubs, JHearts, 4Hearts, 2Hearts, 7Spades, QSpades.
P2 HAND: 2Diamonds, 7Clubs, JClubs, 6Clubs, KHearts, QHearts, 5Hearts, ASpades, JSpades, 6Spades.
P3 HAND: ADiamonds, 4Diamonds, 3Diamonds, KClubs, QClubs, 5Clubs, 4Clubs, 6Hearts, KSpades, 3Spades.
P1 AClubs P2 6Clubs P3 KClubs P0 2Clubs 
P1 3Clubs P2 JClubs P3 4Clubs P0 KDiamonds 
P2 ASpades P3 3Spades P0 2Spades P1 QSpades 
P2 2Diamonds P3 ADiamonds P0 5Diamonds P1 7Diamonds 
P3 3Diamonds P0 QDiamonds P1 6Diamonds P2 7Clubs 
P0 4Spades P1 7Spades P2 6Spades P3 KSpades 
P1 JDiamonds P2 5Hearts P3 4Diamonds P0 5Spades 
P2 JSpades P3 5Clubs P0 3Hearts P1 2Hearts 
P0 7Hearts P1 4Hearts P2 QHearts P3 6Hearts 
P0 AHearts P1 JHearts P2 KHearts P3 QClubs 
-- /GAME --
P0 HAND: ADiamonds, JDiamonds, QDiamonds, 2Diamonds, JClubs, 2Clubs, QHearts, 4Hearts, 2Hearts, KSpades.
P1 HAND: 7Diamonds, 6Diamonds, QClubs, 3Clubs, 7Hearts, 6Hearts, JSpades, QSpades, 5Spades, 2Spades.
P2 HAND: 5Diamonds, 3Diamonds, AClubs, 7Clubs, KClubs, 6Clubs, 4Clubs, JHearts, 3Hearts, 7Spades.
P3 HAND: KDiamonds, 4Diamonds, 5Clubs, AHearts, KHearts, 5Hearts, ASpades, 6Spades, 4Spades, 3Spades.
P0 ADiamonds P1 6Diamonds P2 5Diamonds P3 4Diamonds 
P0 2Clubs P1 3Clubs P2 AClubs P3 5Clubs 
P2 3Diamonds P3 KDiamonds P0 2Diamonds P1 7Diamonds 
P1 2Spades P2 7Spades P3 ASpades P0 KSpades 
P3 3Spades P0 JClubs P1 JSpades P2 3Hearts 
P2 4Clubs P3 4Spades P0 2Hearts P1 QClubs 
P0 JDiamonds P1 5Spades P2 6Clubs P3 6Spades 
P0 QDiamonds P1 QSpades P2 JHearts P3 KHearts 
P3 5Hearts P0 QHearts P1 6Hearts P2 7Clubs 
P0 4Hearts P1 7Hearts P2 KClubs P3 AHearts 
-- /GAME --
P0 HAND: ADiamonds, JDiamonds, 5Diamonds, 4Diamonds, QClubs, 4Clubs, KHearts, 5Hearts, 7Spades, JSpades.
P1 HAND: KDiamonds, 6Diamonds, 3Diamonds, AClubs, 7Clubs, 5Clubs, JHearts, 4Hearts, 2Hearts, QSpades.
P2 HAND: 7Diamonds, JClubs, 3Clubs, AHearts, 7Hearts, 3Hearts, ASpades, 6Spades, 4Spades, 2Spades.
P3 HAND: QDiamonds, 2Diamonds, KClubs, 6Clubs, 2Clubs, QHearts, 6Hearts, KSpades, 5Spades, 3Spades.
P3 2Diamonds P0 ADiamonds P1 3Diamonds P2 7Diamonds 
P0 4Clubs P1 AClubs P2 3Clubs P3 KClubs 
P1 2Hearts P2 AHearts P3 6Hearts P0 KHearts 
P2 3Hearts P3 QHearts P0 5Hearts P1 JHearts 
P1 4Hearts P2 7Hearts P3 3Spades P0 7Spades 
P0 QClubs P1 5Clubs P2 JClubs P3 2Clubs 
P2 2Spades P3 5Spades P0 JSpades P1 QSpades 
P0 4Diamonds P1 6Diamonds P2 4Spades P3 QDiamonds 
P2 6Spades P3 KSpades P0 5Diamonds P1 7Clubs 
P3 6Clubs P0 JDiamonds P1 KDiamonds P2 ASpades 
-- /GAME --
P0 HAND: JDiamonds, 5Diamonds, 6Clubs, 2Clubs, JHearts, 3Hearts, ASpades, KSpades, 5Spades, 4Spades.
P1 HAND: 4Diamonds, KClubs, 5Clubs, 4Clubs, 4Hearts, 7Spades, JSpades, QSpades, 6Spades, 3Spades.
P2 HAND: ADiamonds, QDiamonds, 6Diamonds, 3Diamonds, 2Diamonds, JClubs, 3Clubs, KHearts, QHearts, 6Hearts.
P3 HAND: 7Diamonds, KDiamonds, AClubs, 7Clubs, QClubs, AHearts, 7Hearts, 5Hearts, 2Hearts, 2Spades.
P2 2Diamonds P3 KDiamonds P0 5Diamonds P1 4Diamonds 
P3 AClubs P0 2Clubs P1 KClubs P2 3Clubs 
P3 AHearts P0 3Hearts P1 4Hearts P2 6Hearts 
P3 2Hearts P0 JHearts P1 4Clubs P2 KHearts 
P2 3Diamonds P3 7Diamonds P0 JDiamonds P1 5Clubs 
P3 5Hearts P0 6Clubs P1 3Spades P2 QHearts 
P1 6Spades P2 6Diamonds P3 2Spades P0 4Spades 
P1 QSpades P2 QDiamonds P3 QClubs P0 KSpades 
P0 ASpades P1 JSpades P2 JClubs P3 7Clubs 
P0 5Spades P1 7Spades P2 ADiamonds P3 7Hearts 
-- /GAME --
P0 HAND: KDiamonds, JDiamonds, 4Diamonds, JClubs, QHearts, 4Hearts, 3Hearts, 2Hearts, JSpades, QSpades.
P1 HAND: ADiamonds, QDiamonds, AClubs, 6Clubs, AHearts, KHearts, ASpades, 7Spades, 6Spades, 3Spades.
P2 HAND: 6Diamonds, 2Diamonds, 7Clubs, QClubs, 2Clubs, 6Hearts, KSpades, 5Spades, 4Spades, 2Spades.
P3 HAND: 7Diamonds, 5Diamonds, 3Diamonds, KClubs, 5Clubs, 4Clubs, 3Clubs, 7Hearts, JHearts, 5Hearts.
P1 ADiamonds P2 2Diamonds P3 7Diamonds P0 4Diamonds 
P1 AClubs P2 2Clubs P3 KClubs P0 JClubs 
P1 ASpades P2 2Spades P3 5Diamonds P0 QSpades 
P1 3Spades P2 4Spades P3 3Diamonds P0 JSpades 
P0 JDiamonds P1 QDiamonds P2 6Diamonds P3 5Hearts 
P3 3Clubs P0 KDiamonds P1 6Clubs P2 7Clubs 
P2 5Spades P3 4Clubs P0 2Hearts P1 6Spades 
P0 3Hearts P1 KHearts P2 6Hearts P3 JHearts 
P1 AHearts P2 QClubs P3 7Hearts P0 4Hearts 
P1 7Spades P2 KSpades P3 5Clubs P0 QHearts 
-- /GAME --
P0 HAND: 3Diamonds, AClubs, JClubs, 2Clubs, 7Hearts, 3Hearts, ASpades, KSpades, JSpades, 4Spades.
P1 HAND: KDiamonds, QDiamonds, 5Diamonds, 4Diamonds, 2Diamonds, KClubs, QClubs, AHearts, KHearts, 7Spades.
P2 HAND: ADiamonds, 7Diamonds, JDiamonds, 6Diamonds, 7Clubs, 6Clubs, 5Hearts, 6Spades, 5Spades, 3Spades.
P3 HAND: 5Clubs, 4Clubs, 3Clubs, JHearts, QHearts, 6Hearts, 4Hearts, 2Hearts, QSpades, 2Spades.
P0 AClubs P1 QClubs P2 7Clubs P3 3Clubs 
P0 ASpades P1 7Spades P2 6Spades P3 2Spades 
P0 3Diamonds P1 2Diamonds P2 ADiamonds P3 2Hearts 
P3 4Clubs P0 JClubs P1 KClubs P2 6Clubs 
P1 4Diamonds P2 6Diamonds P3 5Clubs P0 2Clubs 
P2 3Spades P3 QSpades P0 JSpades P1 KHearts 
P1 5Diamonds P2 JDiamonds P3 4Hearts P0 4Spades 
P3 6Hearts P0 3Hearts P1 AHearts P2 5Hearts 
P1 QDiamonds P2 7Diamonds P3 QHearts P0 7Hearts 
P0 KSpades P1 KDiamonds P2 5Spades P3 JHearts 
-- /GAME --
P0 HAND: ADiamonds, 5Diamonds, 3Diamonds, KClubs, 5Clubs, 3Clubs, AHearts, 6Hearts, 4Hearts, ASpades.
P1 HAND: QDiamonds, 6Clubs, 4Clubs, 2Clubs, KHearts, JHearts, QHearts, 2Hearts, 5Spades, 4Spades.
P2 HAND: 7Diamonds, KDiamonds, 6Diamonds, 2Diamonds, QClubs, 7Hearts, 7Spades, KSpades, QSpades, 3Spades.
P3 HAND: JDiamonds, 4Diamonds, AClubs, 7Clubs, JClubs, 5Hearts, 3Hearts, JSpades, 6Spades, 2Spades.
P3 AClubs P0 3Clubs P1 6Clubs P2 QClubs 
P3 2Spades P0 ASpades P1 4Spades P2 7Spades 
P0 AHearts P1 2Hearts P2 7Hearts P3 3Hearts 
P0 KClubs P1 2Clubs P2 3Spades P3 7Clubs 
P3 5Hearts P0 6Hearts P1 QHearts P2 QSpades 
P1 4Clubs P2 2Diamonds P3 JClubs P0 5Clubs 
P2 6Diamonds P3 4Diamonds P0 3Diamonds P1 QDiamonds 
P1 5Spades P2 KSpades P3 6Spades P0 4Hearts 
P2 KDiamonds P3 JDiamonds P0 5Diamonds P1 JHearts 
P2 7Diamonds P3 JSpades P0 ADiamonds P1 KHearts 
-- /GAME --
P0 HAND: ADiamonds, 3Diamonds, KClubs, ASpades, 7Spades, JSpades, QSpades, 6Spades, 4Spades, 3Spades.
P1 HAND: 7Diamonds, QDiamonds, 7Clubs, 4Clubs, 3Clubs, 2Clubs, KHearts, 6Hearts, 3Hearts, 5Spades.
P2 HAND: KDiamonds, JDiamonds, JClubs, 6Clubs, 5Clubs, 7Hearts, JHearts, QHearts, 5Hearts, KSpades.
P3 HAND: 6Diamonds, 5Diamonds, 4Diamonds, 2Diamonds, AClubs, QClubs, AHearts, 4Hearts, 2Hearts, 2Spades.
P2 5Clubs P3 AClubs P0 KClubs P1 7Clubs 
P3 AHearts P0 3Diamonds P1 3Hearts P2 7Hearts 
P0 ASpades P1 5Spades P2 KSpades P3 2Spades 
P0 3Spades P1 2Clubs P2 5Hearts P3 2Hearts 
P0 4Spades P1 3Clubs P2 6Clubs P3 4Hearts 
P0 6Spades P1 4Clubs P2 QHearts P3 QClubs 
P0 QSpades P1 6Hearts P2 JDiamonds P3 2Diamonds 
P2 JClubs P3 4Diamonds P0 JSpades P1 KHearts 
P3 5Diamonds P0 ADiamonds P1 QDiamonds P2 KDiamonds 
P0 7Spades P1 7Diamonds P2 JHearts P3 6Diamonds 
-- /GAME --
P0 HAND: 7Diamonds, JDiamonds, QDiamonds, 6Diamonds, 5Diamonds, 4Clubs, QHearts, ASpades, KSpades, 3Spades.
P1 HAND: 3Diamonds, 2Diamonds, KClubs, AHearts, KHearts, 3Hearts, 2Hearts, 5Spades, 4Spades, 2Spades.
P2 HAND: KDiamonds, 7Clubs, 6Clubs, 2Clubs, 7Hearts, JHearts, 5Hearts, 4Hearts, JSpades, QSpades.
P3 HAND: ADiamonds, 4Diamonds, AClubs, JClubs, QClubs, 5Clubs, 3Clubs, 6Hearts, 7Spades, 6Spades.
P1 AHearts P2 4Hearts P3 6Hearts P0 QHearts 
P1 2Hearts P2 5Hearts P3 3Clubs P0 ASpades 
P2 2Clubs P3 AClubs P0 4Clubs P1 KClubs 
P3 7Spades P0 3Spades P1 5Spades P2 QSpades 
P3 5Clubs P0 KSpades P1 2Spades P2 7Clubs 
P2 6Clubs P3 QClubs P0 5Diamonds P1 3Hearts 
P0 6Diamonds P1 2Diamonds P2 KDiamonds P3 4Diamonds 
P2 JHearts P3 6Spades P0 QDiamonds P1 KHearts 
P0 JDiamonds P1 3Diamonds P2 JSpades P3 ADiamonds 
P3 JClubs P0 7Diamonds P1 4Spades P2 7Hearts 
-- /GAME --
P0 HAND: QDiamonds, 5Diamonds, 7Clubs, 6Clubs, 3Clubs, 2Clubs, AHearts, JHearts, 7Spades, KSpades.
P1 HAND: 4Diamonds, 3Diamonds, 2Diamonds, AClubs, 5Clubs, 4Clubs, 7Hearts, KHearts, 4Hearts, 3Spades.
P2 HAND: JDiamonds, 6Diamonds, KClubs, JClubs, QClubs, 6Hearts, 3Hearts, 2Hearts, QSpades, 6Spades.
P3 HAND: ADiamonds, 7Diamonds, KDiamonds, QHearts, 5Hearts, ASpades, JSpades, 5Spades, 4Spades, 2Spades.

