-- GAME --
P0 HAND: 3Diamonds, 2Diamonds, AClubs, JClubs, 4Clubs, 3Clubs, KHearts, JHearts, 6Spades, 5Spades.
P1 HAND: ADiamonds, 6Diamonds, 4Diamonds, KClubs, QClubs, 2Hearts, KSpades, JSpades, QSpades, 2Spades.
P2 HAND: 7Diamonds, KDiamonds, 2Clubs, AHearts, 7Hearts, 5Hearts, 4Hearts, 3Hearts, ASpades, 4Spades.
P3 HAND: JDiamonds, QDiamonds, 5Diamonds, 7Clubs, 6Clubs, 5Clubs, QHearts, 6Hearts, 7Spades, 3Spades.
P1 ADiamonds P2 KDiamonds P3 JDiamonds P0 3Diamonds 
P1 2Hearts P2 AHearts P3 6Hearts P0 JHearts 
P2 2Clubs P3 5Clubs P0 AClubs P1 QClubs 
P0 2Diamonds P1 4Diamonds P2 7Diamonds P3 5Diamonds 
P2 3Hearts P3 QHearts P0 KHearts P1 2Spades 
P1 6Diamonds P2 4Hearts P3 QDiamonds P0 3Clubs 
P3 6Clubs P0 JClubs P1 KClubs P2 4Spades 
P2 5Hearts P3 3Spades P0 4Clubs P1 QSpades 
P1 JSpades P2 ASpades P3 7Spades P0 5Spades 
P2 7Hearts P3 7Clubs P0 6Spades P1 KSpades 
-- /GAME --
P0 HAND: ADiamonds, 3Diamonds, 2Diamonds, 7Clubs, KClubs, JClubs, 6Clubs, 3Hearts, QSpades, 2Spades.
P1 HAND: JDiamonds, 6Diamonds, 5Diamonds, 4Diamonds, AClubs, QClubs, 5Clubs, AHearts, QHearts, JSpades.
P2 HAND: QDiamonds, 4Clubs, 3Clubs, 2Clubs, JHearts, 5Hearts, 6Spades, 5Spades, 4Spades, 3Spades.
P3 HAND: 7Diamonds, KDiamonds, 7Hearts, KHearts, 6Hearts, 4Hearts, 2Hearts, ASpades, 7Spades, KSpades.
P0 3Hearts P1 AHearts P2 5Hearts P3 7Hearts 
P1 AClubs P2 2Clubs P3 ASpades P0 6Clubs 
P1 5Clubs P2 3Clubs P3 2Hearts P0 7Clubs 
P0 KClubs P1 QClubs P2 4Clubs P3 KDiamonds 
P3 7Spades P0 2Spades P1 JSpades P2 3Spades 
P3 4Hearts P0 2Diamonds P1 QHearts P2 JHearts 
P0 QSpades P1 4Diamonds P2 4Spades P3 KSpades 
P1 5Diamonds P2 QDiamonds P3 7Diamonds P0 3Diamonds 
P3 6Hearts P0 JClubs P1 6Diamonds P2 5Spades 
P1 JDiamonds P2 6Spades P3 KHearts P0 ADiamonds 
-- /GAME --
P0 HAND: 7Diamonds, 6Diamonds, 2Diamonds, JClubs, 6Clubs, AHearts, KHearts, KSpades, 6Spades, 5Spades.
P1 HAND: ADiamonds, JDiamonds, 4Diamonds, AClubs, 7Clubs, 5Clubs, 3Clubs, 2Hearts, QSpades, 4Spades.
P2 HAND: QDiamonds, 5Diamonds, 3Diamonds, KClubs, QClubs, 6Hearts, 5Hearts, ASpades, 7Spades, JSpades.
P3 HAND: KDiamonds, 4Clubs, 2Clubs, 7Hearts, JHearts, QHearts, 4Hearts, 3Hearts, 3Spades, 2Spades.
P3 2Clubs P0 6Clubs P1 AClubs P2 QClubs 
P1 ADiamonds P2 3Diamonds P3 KDiamonds P0 2Diamonds 
P1 2Hearts P2 5Hearts P3 3Hearts P0 AHearts 
P0 7Diamonds P1 4Diamonds P2 QDiamonds P3 2Spades 
P3 4Clubs P0 JClubs P1 3Clubs P2 KClubs 
P2 5Diamonds P3 4Hearts P0 6Diamonds P1 JDiamonds 
P1 5Clubs P2 6Hearts P3 QHearts P0 5Spades 
P0 KHearts P1 4Spades P2 JSpades P3 JHearts 
P2 7Spades P3 3Spades P0 6Spades P1 QSpades 
P2 ASpades P3 7Hearts P0 KSpades P1 7Clubs 
-- /GAME --
P0 HAND: 6Diamonds, 4Diamonds, JClubs, KHearts, QHearts, 6Hearts, 7Spades, JSpades, QSpades, 6Spades.
P1 HAND: KDiamonds, JDiamonds, 3Diamonds, KClubs, 6Clubs, 5Clubs, 3Clubs, 4Hearts, 3Hearts, KSpades.
P2 HAND: ADiamonds, 5Diamonds, AClubs, 7Clubs, QClubs, 2Clubs, 2Hearts, ASpades, 4Spades, 2Spades.
P3 HAND: 7Diamonds, QDiamonds, 2Diamonds, 4Clubs, AHearts, 7Hearts, JHearts, 5Hearts, 5Spades, 3Spades.
P2 ADiamonds P3 2Diamonds P0 4Diamonds P1 3Diamonds 
P2 ASpades P3 3Spades P0 7Spades P1 KSpades 
P2 2Hearts P3 AHearts P0 6Hearts P1 4Hearts 
P3 5Hearts P0 KHearts P1 3Hearts P2 5Diamonds 
P0 6Diamonds P1 JDiamonds P2 2Spades P3 7Diamonds 
P3 5Spades P0 JSpades P1 3Clubs P2 4Spades 
P1 5Clubs P2 2Clubs P3 4Clubs P0 JClubs 
P0 QSpades P1 6Clubs P2 QClubs P3 QDiamonds 
P2 7Clubs P3 JHearts P0 QHearts P1 KClubs 
P2 AClubs P3 7Hearts P0 6Spades P1 KDiamonds 
-- /GAME --
P0 HAND: JDiamonds, 6Diamonds, 5Diamonds, AClubs, 7Clubs, JClubs, 4Clubs, JHearts, JSpades, 5Spades.
P1 HAND: ADiamonds, 7Diamonds, KDiamonds, 4Diamonds, QHearts, 6Hearts, ASpades, 4Spades, 3Spades, 2Spades.
P2 HAND: QDiamonds, 2Diamonds, QClubs, 6Clubs, 3Clubs, AHearts, 2Hearts, 7Spades, KSpades, 6Spades.
P3 HAND: 3Diamonds, KClubs, 5Clubs, 2Clubs, 7Hearts, KHearts, 5Hearts, 4Hearts, 3Hearts, QSpades.
P1 ADiamonds P2 2Diamonds P3 3Diamonds P0 5Diamonds 
P1 ASpades P2 6Spades P3 QSpades P0 5Spades 
P1 2Spades P2 KSpades P3 2Clubs P0 JSpades 
P2 3Clubs P3 5Clubs P0 AClubs P1 6Hearts 
P1 3Spades P2 7Spades P3 3Hearts P0 JHearts 
P0 JDiamonds P1 4Diamonds P2 QDiamonds P3 4Hearts 
P3 5Hearts P0 6Diamonds P1 QHearts P2 2Hearts 
P1 4Spades P2 6Clubs P3 KHearts P0 4Clubs 
P3 7Hearts P0 JClubs P1 KDiamonds P2 AHearts 
P2 QClubs P3 KClubs P0 7Clubs P1 7Diamonds 
-- /GAME --
P0 HAND: 5Diamonds, KClubs, QClubs, 2Clubs, AHearts, JHearts, KSpades, 5Spades, 4Spades, 3Spades.
P1 HAND: 7Diamonds, KDiamonds, QDiamonds, 6Diamonds, 2Diamonds, 7Clubs, 4Clubs, QHearts, 5Hearts, ASpades.
P2 HAND: 4Diamonds, 3Diamonds, JClubs, 5Clubs, 7Hearts, 4Hearts, 3Hearts, 2Hearts, 7Spades, 2Spades.
P3 HAND: ADiamonds, JDiamonds, AClubs, 6Clubs, 3Clubs, KHearts, 6Hearts, JSpades, QSpades, 6Spades.
P0 AHearts P1 5Hearts P2 7Hearts P3 6Hearts 
P0 JHearts P1 QHearts P2 2Hearts P3 KHearts 
P3 AClubs P0 2Clubs P1 7Clubs P2 5Clubs 
P3 3Clubs P0 KClubs P1 4Clubs P2 JClubs 
P0 QClubs P1 2Diamonds P2 2Spades P3 6Clubs 
P1 ASpades P2 7Spades P3 JSpades P0 3Spades 
P1 6Diamonds P2 3Diamonds P3 JDiamonds P0 5Diamonds 
P3 6Spades P0 4Spades P1 QDiamonds P2 3Hearts 
P1 KDiamonds P2 4Diamonds P3 ADiamonds P0 5Spades 
P3 QSpades P0 KSpades P1 7Diamonds P2 4Hearts 
-- /GAME --
P0 HAND: JDiamonds, 5Diamonds, 4Diamonds, 3Diamonds, 2Diamonds, 4Clubs, 6Hearts, QSpades, 4Spades, 2Spades.
P1 HAND: ADiamonds, 7Clubs, 5Clubs, 2Clubs, KHearts, QHearts, 3Hearts, ASpades, 7Spades, KSpades.
P2 HAND: 7Diamonds, QDiamonds, 6Diamonds, AClubs, JClubs, 3Clubs, AHearts, JSpades, 6Spades, 5Spades.
P3 HAND: KDiamonds, KClubs, QClubs, 6Clubs, 7Hearts, JHearts, 5Hearts, 4Hearts, 2Hearts, 3Spades.
P3 2Hearts P0 6Hearts P1 3Hearts P2 AHearts 
P2 AClubs P3 6Clubs P0 4Clubs P1 2Clubs 
P2 3Clubs P3 QClubs P0 2Diamonds P1 5Clubs 
P0 4Spades P1 ASpades P2 5Spades P3 3Spades 
P1 QHearts P2 6Spades P3 4Hearts P0 2Spades 
P1 ADiamonds P2 6Diamonds P3 KDiamonds P0 3Diamonds 
P1 KHearts P2 QDiamonds P3 5Hearts P0 QSpades 
P2 JClubs P3 KClubs P0 4Diamonds P1 7Clubs 
P0 5Diamonds P1 KSpades P2 7Diamonds P3 JHearts 
P2 JSpades P3 7Hearts P0 JDiamonds P1 7Spades 
-- /GAME --
P0 HAND: KDiamonds, 6Diamonds, 5Diamonds, 4Diamonds, 5Clubs, AHearts, 7Hearts, KSpades, QSpades, 3Spades.
P1 HAND: 3Diamonds, QClubs, 6Clubs, 3Clubs, QHearts, 6Hearts, 5Hearts, ASpades, 5Spades, 2Spades.
P2 HAND: ADiamonds, QDiamonds, 7Clubs, 2Clubs, KHearts, 4Hearts, 3Hearts, 7Spades, JSpades, 4Spades.
P3 HAND: 7Diamonds, JDiamonds, 2Diamonds, AClubs, KClubs, JClubs, 4Clubs, JHearts, 2Hearts, 6Spades.
P2 ADiamonds P3 2Diamonds P0 KDiamonds P1 3Diamonds 
P2 3Hearts P3 2Hearts P0 AHearts P1 5Hearts 
P0 7Hearts P1 6Hearts P2 KHearts P3 JHearts 
P0 6Diamonds P1 2Spades P2 QDiamonds P3 7Diamonds 
P3 6Spades P0 KSpades P1 ASpades P2 4Spades 
P1 5Spades P2 JSpades P3 4Clubs P0 QSpades 
P3 JDiamonds P0 5Diamonds P1 QHearts P2 2Clubs 
P2 4Hearts P3 JClubs P0 3Spades P1 3Clubs 
P3 KClubs P0 5Clubs P1 6Clubs P2 7Clubs 
P2 7Spades P3 AClubs P0 4Diamonds P1 QClubs 
-- /GAME --
P0 HAND: ADiamonds, 5Diamonds, 2Diamonds, AClubs, 7Clubs, 5Clubs, 7Hearts, QHearts, 5Hearts, KSpades.
P1 HAND: KDiamonds, JDiamonds, 6Diamonds, 3Diamonds, KClubs, AHearts, 4Hearts, 7Spades, 3Spades, 2Spades.
P2 HAND: QDiamonds, 4Diamonds, JClubs, QClubs, 6Clubs, 2Clubs, KHearts, JHearts, JSpades, 5Spades.
P3 HAND: 7Diamonds, 4Clubs, 3Clubs, 6Hearts, 3Hearts, 2Hearts, ASpades, QSpades, 6Spades, 4Spades.
P3 ASpades P0 KSpades P1 7Spades P2 5Spades 
P3 2Hearts P0 7Hearts P1 AHearts P2 JHearts 

