-- GAME --
P0 JHearts P1 QHearts 
P0 4Diamonds P1 6Diamonds P2 6Spades P3 KDiamonds 
P2 JSpades P3 2Spades P0 QSpades P1 3Spades 
P2 ASpades P3 7Spades P0 KSpades P1 4Spades 
P2 KHearts P3 KClubs P0 3Clubs P1 JDiamonds 
P2 7Hearts P3 7Diamonds P0 4Clubs P1 7Clubs 
-- /GAME --
P0 HAND: 7Diamonds, 3Diamonds, 2Diamonds, JClubs, 4Clubs, 3Clubs, QHearts, 3Hearts, 7Spades, QSpades.
P1 HAND: ADiamonds, JDiamonds, QClubs, 7Hearts, JHearts, 5Hearts, 4Hearts, ASpades, JSpades, 4Spades.
P2 HAND: QDiamonds, 4Diamonds, 7Clubs, 5Clubs, 2Clubs, AHearts, KHearts, 2Hearts, 6Spades, 5Spades.
P3 HAND: KDiamonds, 6Diamonds, 5Diamonds, AClubs, KClubs, 6Clubs, 6Hearts, KSpades, 3Spades, 2Spades.
P1 ADiamonds P2 4Diamonds P3 KDiamonds P0 2Diamonds 
P1 4Hearts P2 AHearts P3 6Hearts P0 QHearts 
P2 2Clubs P3 AClubs P0 3Clubs P1 QClubs 
P3 5Diamonds P0 7Diamonds P1 JDiamonds P2 QDiamonds 
P0 3Hearts P1 5Hearts P2 2Hearts P3 KClubs 
P1 JHearts P2 KHearts P3 2Spades P0 7Spades 
P0 4Clubs P1 4Spades P2 5Clubs P3 6Clubs 
P1 JSpades P2 5Spades P3 3Spades P0 QSpades 
P1 ASpades P2 6Spades P3 KSpades P0 3Diamonds 
P1 7Hearts P2 7Clubs P3 6Diamonds P0 JClubs 
-- /GAME --
P0 HAND: 6Diamonds, AClubs, KClubs, 5Clubs, AHearts, JHearts, 5Hearts, 3Hearts, KSpades, QSpades.
P1 HAND: KDiamonds, QClubs, 2Clubs, 6Hearts, 4Hearts, 2Hearts, 7Spades, 6Spades, 4Spades, 3Spades.
P2 HAND: JDiamonds, 5Diamonds, 3Diamonds, 7Clubs, JClubs, 6Clubs, 4Clubs, ASpades, 5Spades, 2Spades.
P3 HAND: ADiamonds, 7Diamonds, QDiamonds, 4Diamonds, 2Diamonds, 3Clubs, 7Hearts, KHearts, QHearts, JSpades.
P0 AHearts P1 2Hearts P2 ASpades P3 QHearts 
P0 AClubs P1 2Clubs P2 7Clubs P3 3Clubs 
P0 KClubs P1 QClubs P2 4Clubs P3 2Diamonds 
P3 JSpades P0 KSpades P1 7Spades P2 2Spades 
P1 3Spades P2 5Spades P3 4Diamonds P0 QSpades 
P3 QDiamonds P0 6Diamonds P1 KDiamonds P2 3Diamonds 
P1 4Hearts P2 6Clubs P3 7Hearts P0 3Hearts 
P3 7Diamonds P0 5Clubs P1 4Spades P2 5Diamonds 
P3 ADiamonds P0 5Hearts P1 6Hearts P2 JDiamonds 
P3 KHearts P0 JHearts P1 6Spades P2 JClubs 
-- /GAME --
P0 HAND: QDiamonds, 4Diamonds, 2Diamonds, 5Clubs, 7Hearts, 4Hearts, KSpades, QSpades, 5Spades, 3Spades.
P1 HAND: 7Diamonds, 3Diamonds, AClubs, QClubs, 2Clubs, AHearts, QHearts, ASpades, 6Spades, 2Spades.
P2 HAND: ADiamonds, JDiamonds, 7Clubs, KClubs, JClubs, 6Clubs, JHearts, 3Hearts, 2Hearts, 7Spades.
P3 HAND: KDiamonds, 6Diamonds, 5Diamonds, 4Clubs, 3Clubs, KHearts, 6Hearts, 5Hearts, JSpades, 4Spades.
P3 3Clubs P0 5Clubs P1 AClubs P2 6Clubs 
P1 ASpades P2 7Spades P3 JSpades 
