-- GAME --
P0 HAND: 5Diamonds, 3Diamonds, KClubs, 6Clubs, 2Clubs, 7Hearts, KHearts, 5Hearts, KSpades, 4Spades.
P1 HAND: 7Diamonds, JDiamonds, QDiamonds, 6Diamonds, AClubs, JClubs, QClubs, QHearts, 6Hearts, 4Hearts.
P2 HAND: ADiamonds, 2Diamonds, AHearts, 2Hearts, 7Spades, JSpades, QSpades, 5Spades, 3Spades, 2Spades.
P3 HAND: KDiamonds, 4Diamonds, 7Clubs, 5Clubs, 4Clubs, 3Clubs, JHearts, 3Hearts, ASpades, 6Spades.
P2 ADiamonds P3 4Diamonds P0 3Diamonds P1 6Diamonds 
P2 2Diamonds P3 KDiamonds P0 5Diamonds P1 7Diamonds 
P1 AClubs P2 2Hearts P3 3Clubs P0 KClubs 
P2 2Spades P3 ASpades P0 4Spades P1 JDiamonds 
P3 4Clubs P0 6Clubs P1 QClubs P2 3Spades 
P1 QDiamonds P2 5Spades P3 5Clubs P0 2Clubs 
P1 JClubs P2 QSpades P3 7Clubs P0 7Hearts 
P0 KSpades P1 4Hearts P2 JSpades P3 6Spades 
P1 6Hearts P2 AHearts P3 3Hearts P0 5Hearts 
P2 7Spades P3 JHearts P0 KHearts P1 QHearts 
-- /GAME --
P0 HAND: 4Diamonds, 2Diamonds, KClubs, QClubs, 5Clubs, 2Clubs, ASpades, 7Spades, 5Spades, 3Spades.
P1 HAND: ADiamonds, 7Diamonds, KDiamonds, AClubs, 6Clubs, AHearts, KHearts, QHearts, 3Hearts, JSpades.
P2 HAND: 5Diamonds, 7Clubs, JClubs, 3Clubs, 6Hearts, 2Hearts, KSpades, QSpades, 6Spades, 2Spades.
P3 HAND: JDiamonds, QDiamonds, 6Diamonds, 3Diamonds, 4Clubs, 7Hearts, JHearts, 5Hearts, 4Hearts, 4Spades.
P1 ADiamonds P2 5Diamonds P3 JDiamonds P0 2Diamonds 
P1 AHearts P2 2Hearts P3 7Hearts P0 2Clubs 
P0 4Diamonds P1 KDiamonds P2 2Spades P3 QDiamonds 
P1 3Hearts P2 6Hearts P3 4Hearts P0 ASpades 
P2 6Spades P3 4Spades P0 5Spades P1 JSpades 
P1 QHearts P2 QSpades P3 5Hearts P0 3Spades 
P1 6Clubs P2 3Clubs P3 4Clubs P0 KClubs 
P0 5Clubs P1 AClubs P2 JClubs P3 JHearts 
P1 KHearts P2 7Clubs P3 3Diamonds P0 7Spades 
P2 KSpades P3 6Diamonds P0 QClubs P1 7Diamonds 
-- /GAME --
P0 HAND: ADiamonds, AClubs, 7Clubs, 3Clubs, 7Hearts, JHearts, 6Hearts, ASpades, 6Spades, 3Spades.
P1 HAND: JDiamonds, 5Diamonds, 4Diamonds, 2Diamonds, 6Clubs, KHearts, 5Hearts, 3Hearts, QSpades, 2Spades.
P2 HAND: 7Diamonds, QDiamonds, 6Diamonds, 3Diamonds, QClubs, 4Clubs, 2Clubs, 4Hearts, 7Spades, 4Spades.
P3 HAND: KDiamonds, KClubs, JClubs, 5Clubs, AHearts, QHearts, 2Hearts, KSpades, JSpades, 5Spades.
P0 6Hearts P1 3Hearts P2 4Hearts P3 2Hearts 
P0 JHearts P1 5Hearts P2 2Clubs P3 QHearts 
P0 7Hearts P1 KHearts P2 3Diamonds P3 AHearts 
P3 5Clubs P0 AClubs P1 6Clubs P2 QClubs 
P0 ADiamonds P1 2Diamonds P2 7Diamonds P3 KDiamonds 
P0 7Clubs P1 2Spades P2 4Clubs P3 JClubs 
P0 3Clubs P1 4Diamonds P2 4Spades P3 KClubs 
P3 5Spades P0 3Spades P1 QSpades P2 7Spades 
P2 6Diamonds P3 JSpades P0 6Spades P1 JDiamonds 
P1 5Diamonds P2 QDiamonds P3 KSpades P0 ASpades 
-- /GAME --

