-- GAME --
P3 JDiamonds P0 7Diamonds 
P2 4Spades P3 6Spades P0 7Spades P1 3Spades 
P0 KDiamonds P1 2Hearts P2 7Hearts P3 3Hearts 
P0 5Diamonds P1 5Spades P2 QSpades P3 4Clubs 
P2 ASpades P3 5Hearts P0 4Diamonds P1 JSpades 
P2 KHearts P3 JClubs P0 6Hearts P1 KSpades 
-- /GAME --
P0 HAND: 7Diamonds, 6Diamonds, KClubs, JClubs, 6Clubs, 7Hearts, KHearts, 5Hearts, 2Hearts, 6Spades.
P1 HAND: JDiamonds, QDiamonds, 3Diamonds, 2Diamonds, QClubs, 4Clubs, 3Clubs, QHearts, 3Hearts, 4Spades.
P2 HAND: 5Diamonds, 4Diamonds, 7Clubs, 5Clubs, 6Hearts, ASpades, 7Spades, QSpades, 5Spades, 3Spades.
P3 HAND: ADiamonds, KDiamonds, AClubs, 2Clubs, AHearts, JHearts, 4Hearts, KSpades, JSpades, 2Spades.
P3 AClubs P0 6Clubs P1 QClubs P2 5Clubs 
P3 AHearts P0 2Hearts P1 QHearts P2 6Hearts 
P3 2Clubs P0 KClubs P1 3Clubs P2 7Clubs 
P2 3Spades P3 2Spades P0 6Spades P1 4Spades 
P0 JClubs P1 4Clubs P2 5Spades P3 4Hearts 
P0 KHearts P1 3Hearts P2 QSpades P3 JHearts 
P0 5Hearts P1 2Diamonds P2 4Diamonds P3 KDiamonds 
P3 JSpades P0 7Diamonds P1 3Diamonds P2 ASpades 
P0 6Diamonds P1 QDiamonds P2 5Diamonds P3 ADiamonds 
P3 KSpades P0 7Hearts P1 JDiamonds P2 7Spades 
-- /GAME --
P0 HAND: 7Diamonds, KDiamonds, JDiamonds, 7Clubs, 4Clubs, AHearts, 5Hearts, 4Hearts, JSpades, 6Spades.
P1 HAND: 6Diamonds, 2Diamonds, AClubs, KClubs, JClubs, 7Hearts, ASpades, 7Spades, 5Spades, 4Spades.
P2 HAND: ADiamonds, 4Diamonds, 3Diamonds, QClubs, KHearts, JHearts, 6Hearts, 3Hearts, KSpades, 3Spades.
P3 HAND: QDiamonds, 5Diamonds, 6Clubs, 5Clubs, 3Clubs, 2Clubs, QHearts, 2Hearts, QSpades, 2Spades.
P2 ADiamonds P3 5Diamonds P0 7Diamonds P1 2Diamonds 
P2 3Diamonds P3 QDiamonds P0 KDiamonds P1 6Diamonds 
P0 AHearts P1 7Hearts P2 KHearts P3 2Hearts 
P0 6Spades P1 ASpades P2 3Spades P3 QSpades 
P1 4Spades P2 KSpades P3 2Spades P0 JSpades 
P2 3Hearts P3 QHearts P0 4Hearts P1 7Spades 
P3 2Clubs P0 7Clubs P1 AClubs P2 QClubs 
P1 5Spades P2 4Diamonds P3 3Clubs P0 5Hearts 
P3 5Clubs P0 4Clubs P1 JClubs P2 6Hearts 
P1 KClubs P2 JHearts P3 6Clubs P0 JDiamonds 
-- /GAME --
P0 HAND: 7Diamonds, KDiamonds, JDiamonds, 4Diamonds, KClubs, JClubs, 4Clubs, QHearts, 2Hearts, 2Spades.
P1 HAND: 3Diamonds, 2Diamonds, AClubs, 6Hearts, 5Hearts, 3Hearts, 7Spades, KSpades, QSpades, 5Spades.
P2 HAND: 6Diamonds, 5Diamonds, 7Clubs, QClubs, 3Clubs, 2Clubs, JHearts, ASpades, 6Spades, 4Spades.
P3 HAND: ADiamonds, QDiamonds, 6Clubs, 5Clubs, AHearts, 7Hearts, KHearts, 4Hearts, JSpades, 3Spades.
P1 AClubs P2 2Clubs P3 6Clubs P0 4Clubs 
P1 3Hearts P2 JHearts P3 AHearts P0 2Hearts 
P3 3Spades P0 2Spades P1 5Spades P2 ASpades 
P2 3Clubs P3 5Clubs P0 JClubs P1 5Hearts 
P0 QHearts P1 6Hearts P2 4Spades P3 7Hearts 
P3 4Hearts P0 KClubs P1 QSpades P2 5Diamonds 
P2 6Spades P3 JSpades P0 KDiamonds P1 KSpades 
P0 4Diamonds P1 2Diamonds P2 6Diamonds P3 QDiamonds 
P3 ADiamonds P0 JDiamonds P1 3Diamonds P2 QClubs 
P3 KHearts P0 7Diamonds P1 7Spades P2 7Clubs 
-- /GAME --
P0 HAND: 3Diamonds, 6Clubs, 4Clubs, 3Clubs, 2Clubs, KHearts, JHearts, ASpades, 5Spades, 3Spades.
P1 HAND: ADiamonds, JDiamonds, 4Diamonds, 6Hearts, 5Hearts, 4Hearts, 3Hearts, 7Spades, KSpades, 2Spades.
P2 HAND: 7Diamonds, 6Diamonds, 5Diamonds, 7Clubs, KClubs, QClubs, AHearts, QHearts, 2Hearts, QSpades.
P3 HAND: KDiamonds, QDiamonds, 2Diamonds, AClubs, JClubs, 5Clubs, 7Hearts, JSpades, 6Spades, 4Spades.
P0 JHearts P1 3Hearts P2 AHearts P3 7Hearts 
P2 2Hearts P3 2Diamonds P0 KHearts P1 4Hearts 
P0 ASpades P1 2Spades P2 QSpades P3 4Spades 
P0 5Spades P1 KSpades P2 5Diamonds P3 JSpades 
P1 4Diamonds P2 6Diamonds P3 QDiamonds P0 3Diamonds 
P3 6Spades P0 3Spades P1 7Spades P2 QClubs 
P2 QHearts P3 5Clubs P0 6Clubs P1 5Hearts 
P0 2Clubs P1 6Hearts P2 KClubs P3 JClubs 
P2 7Clubs P3 AClubs P0 3Clubs P1 ADiamonds 
P3 KDiamonds P0 4Clubs P1 JDiamonds P2 7Diamonds 
-- /GAME --
P0 HAND: ADiamonds, KDiamonds, 6Diamonds, 2Diamonds, JClubs, 6Clubs, 4Clubs, 6Spades, 3Spades, 2Spades.
P1 HAND: 7Diamonds, 3Diamonds, 7Clubs, QClubs, 5Clubs, 2Clubs, 5Hearts, 2Hearts, KSpades, 5Spades.
P2 HAND: JDiamonds, QDiamonds, AClubs, 3Clubs, AHearts, 7Hearts, KHearts, JHearts, QSpades, 4Spades.
P3 HAND: 5Diamonds, 4Diamonds, KClubs, QHearts, 6Hearts, 4Hearts, 3Hearts, ASpades, 7Spades, JSpades.
P3 ASpades P0 2Spades P1 KSpades P2 4Spades 
P3 3Hearts P0 JClubs P1 2Hearts P2 AHearts 
P0 ADiamonds P1 3Diamonds P2 JDiamonds P3 4Diamonds 
P0 3Spades P1 5Spades P2 QSpades P3 7Spades 
P3 4Hearts P0 4Clubs P1 5Hearts P2 7Hearts 
P0 6Spades P1 2Clubs P2 QDiamonds P3 JSpades 
P1 5Clubs P2 3Clubs P3 KClubs P0 6Clubs 
P3 5Diamonds P0 6Diamonds P1 7Diamonds P2 AClubs 
P2 JHearts P3 6Hearts P0 2Diamonds P1 QClubs 
P1 7Clubs P2 KHearts P3 QHearts P0 KDiamonds 
-- /GAME --

