-- GAME --
-- /GAME --
P0 HAND: ADiamonds, 6Diamonds, 5Diamonds, 4Diamonds, 7Clubs, 6Clubs, 6Hearts, 2Hearts, 6Spades, 4Spades.
P1 HAND: KDiamonds, QDiamonds, AClubs, JClubs, 5Clubs, 2Clubs, KHearts, KSpades, 5Spades, 2Spades.
P2 HAND: JDiamonds, 3Diamonds, 2Diamonds, KClubs, QClubs, AHearts, QHearts, 5Hearts, 7Spades, JSpades.
P3 HAND: 7Diamonds, 4Clubs, 3Clubs, 7Hearts, JHearts, 4Hearts, 3Hearts, ASpades, QSpades, 3Spades.
P1 2Spades P2 JSpades P3 ASpades P0 4Spades 
P3 3Hearts P0 2Hearts P1 KHearts P2 AHearts 
P2 2Diamonds P3 7Diamonds P0 ADiamonds P1 QDiamonds 
P0 6Spades P1 5Spades P2 7Spades P3 3Spades 
P2 3Diamonds P3 4Hearts P0 6Diamonds P1 KDiamonds 
P1 2Clubs P2 QClubs P3 3Clubs P0 7Clubs 
P0 6Hearts P1 5Clubs P2 5Hearts P3 7Hearts 
P1 JClubs P2 KClubs P3 4Clubs P0 6Clubs 
P2 QHearts P3 JHearts P0 4Diamonds P1 KSpades 
P3 QSpades P0 5Diamonds P1 AClubs P2 JDiamonds 
-- /GAME --
P0 HAND: ADiamonds, 7Clubs, 3Clubs, 2Clubs, AHearts, KHearts, 6Hearts, QSpades, 6Spades, 2Spades.
P1 HAND: 6Diamonds, 4Diamonds, 3Diamonds, KClubs, 5Clubs, 4Clubs, JHearts, 5Hearts, 7Spades, 3Spades.
P2 HAND: KDiamonds, JDiamonds, QDiamonds, JClubs, 7Hearts, QHearts, 2Hearts, KSpades, JSpades, 5Spades.
P3 HAND: 7Diamonds, 5Diamonds, 2Diamonds, AClubs, QClubs, 6Clubs, 4Hearts, 3Hearts, ASpades, 4Spades.
P0 AHearts P1 5Hearts P2 7Hearts P3 3Hearts 
P0 KHearts P1 JHearts P2 QHearts P3 4Hearts 
P0 2Spades P1 3Spades P2 5Spades P3 ASpades 
P3 AClubs P0 2Clubs P1 KClubs P2 JClubs 
P3 4Spades P0 6Spades P1 7Spades P2 JSpades 
P1 4Clubs P2 2Hearts P3 6Clubs P0 7Clubs 
P0 QSpades P1 5Clubs P2 KSpades P3 2Diamonds 
P3 QClubs P0 3Clubs P1 3Diamonds P2 QDiamonds 
P2 JDiamonds P3 5Diamonds P0 ADiamonds P1 4Diamonds 
P0 6Hearts P1 6Diamonds P2 KDiamonds P3 7Diamonds 
-- /GAME --

