-- GAME --
P0 HAND: KDiamonds, JDiamonds, 6Diamonds, 4Diamonds, 7Clubs, KClubs, 4Clubs, 3Clubs, 5Hearts, 6Spades.
P1 HAND: ADiamonds, QClubs, 5Clubs, AHearts, 7Hearts, 3Hearts, 7Spades, KSpades, JSpades, QSpades.
P2 HAND: 7Diamonds, QDiamonds, 5Diamonds, JClubs, KHearts, QHearts, 4Hearts, 2Hearts, ASpades, 5Spades.
P3 HAND: 3Diamonds, 2Diamonds, AClubs, 6Clubs, 2Clubs, JHearts, 6Hearts, 4Spades, 3Spades, 2Spades.
P2 ASpades P3 2Spades P0 6Spades P1 QSpades 
P2 2Hearts P3 6Hearts P0 5Hearts P1 AHearts 
P1 3Hearts P2 4Hearts P3 JHearts P0 KDiamonds 
P0 3Clubs P1 5Clubs P2 JClubs P3 AClubs 
P3 2Clubs P0 7Clubs P1 QClubs P2 KHearts 
P0 4Clubs P1 ADiamonds P2 5Spades P3 6Clubs 
P1 JSpades P2 QHearts P3 3Spades P0 JDiamonds 
P0 4Diamonds P1 KSpades P2 5Diamonds P3 2Diamonds 
P2 QDiamonds P3 3Diamonds P0 6Diamonds P1 7Hearts 
P2 7Diamonds P3 4Spades P0 KClubs P1 7Spades 
-- /GAME --
P0 HAND: JDiamonds, 4Diamonds, 4Clubs, KHearts, 6Hearts, 5Hearts, JSpades, 4Spades, 3Spades, 2Spades.
P1 HAND: 7Diamonds, 2Diamonds, KClubs, 3Clubs, 7Hearts, JHearts, ASpades, KSpades, QSpades, 5Spades.
P2 HAND: QDiamonds, 5Diamonds, 3Diamonds, AClubs, 7Clubs, QClubs, 2Clubs, 4Hearts, 2Hearts, 7Spades.
P3 HAND: ADiamonds, KDiamonds, 6Diamonds, JClubs, 6Clubs, 5Clubs, AHearts, QHearts, 3Hearts, 6Spades.
P1 ASpades P2 7Spades P3 6Spades P0 2Spades 
P1 2Diamonds P2 3Diamonds P3 ADiamonds P0 4Diamonds 
P3 AHearts P0 5Hearts P1 7Hearts P2 2Hearts 
P3 3Hearts P0 KHearts P1 JHearts P2 4Hearts 
P0 6Hearts P1 5Spades P2 5Diamonds P3 QHearts 
P3 6Diamonds P0 JDiamonds P1 7Diamonds P2 QDiamonds 
P1 QSpades P2 2Clubs P3 5Clubs P0 3Spades 
P3 6Clubs P0 4Clubs P1 3Clubs P2 QClubs 
P2 7Clubs P3 JClubs P0 JSpades P1 KClubs 
P2 AClubs P3 KDiamonds P0 4Spades P1 KSpades 
-- /GAME --
P0 HAND: QDiamonds, KClubs, 6Clubs, 4Clubs, 2Clubs, QHearts, ASpades, 7Spades, 6Spades, 3Spades.
P1 HAND: JDiamonds, 6Diamonds, 5Diamonds, 2Diamonds, 7Clubs, JHearts, 5Hearts, 3Hearts, KSpades, 5Spades.
P2 HAND: KDiamonds, AClubs, QClubs, AHearts, KHearts, 4Hearts, 2Hearts, QSpades, 4Spades, 2Spades.
P3 HAND: ADiamonds, 7Diamonds, 4Diamonds, 3Diamonds, JClubs, 5Clubs, 3Clubs, 7Hearts, 6Hearts, JSpades.
P0 QDiamonds P1 2Diamonds P2 KDiamonds P3 ADiamonds 
P3 3Diamonds P0 QHearts P1 5Diamonds P2 AClubs 
P0 ASpades P1 5Spades P2 QSpades P3 JSpades 
P0 7Spades P1 KSpades P2 4Spades P3 6Hearts 
P3 3Clubs 
