-- GAME --
P0 HAND: ADiamonds, 5Diamonds, 3Diamonds, AClubs, 7Clubs, 6Clubs, 4Clubs, AHearts, 6Spades, 5Spades.
P1 HAND: JDiamonds, QDiamonds, KHearts, QHearts, 4Hearts, 2Hearts, KSpades, JSpades, QSpades, 4Spades.
P2 HAND: 6Diamonds, 4Diamonds, 2Diamonds, KClubs, JClubs, 7Hearts, 3Hearts, 7Spades, 3Spades, 2Spades.
P3 HAND: 7Diamonds, KDiamonds, QClubs, 5Clubs, 3Clubs, 2Clubs, JHearts, 6Hearts, 5Hearts, ASpades.
P2 2Spades P3 ASpades P0 5Spades P1 KSpades 
P3 2Clubs P0 AClubs P1 QDiamonds P2 JClubs 
P1 2Hearts P2 3Hearts P3 5Hearts P0 AHearts 
P0 4Clubs P1 4Hearts P2 KClubs P3 3Clubs 
P2 3Spades P3 5Clubs P0 6Spades P1 JSpades 
P1 4Spades P2 7Spades P3 KDiamonds P0 ADiamonds 
P0 6Clubs P1 QHearts P2 2Diamonds P3 QClubs 
P2 4Diamonds P3 7Diamonds P0 3Diamonds P1 JDiamonds 
P3 6Hearts P0 5Diamonds P1 KHearts P2 7Hearts 
P0 7Clubs P1 QSpades P2 6Diamonds P3 JHearts 
-- /GAME --
P0 HAND: KDiamonds, JDiamonds, 4Diamonds, 5Clubs, 2Clubs, KHearts, ASpades, 7Spades, 3Spades, 2Spades.
P1 HAND: ADiamonds, 3Diamonds, 2Diamonds, JClubs, 4Clubs, 7Hearts, JHearts, 6Hearts, 4Hearts, 2Hearts.
P2 HAND: 7Diamonds, QDiamonds, 6Diamonds, 7Clubs, KClubs, QClubs, 6Clubs, 3Clubs, KSpades, JSpades.
P3 HAND: 5Diamonds, AClubs, AHearts, QHearts, 5Hearts, 3Hearts, QSpades, 6Spades, 5Spades, 4Spades.
P1 ADiamonds P2 6Diamonds P3 5Diamonds P0 4Diamonds 
P1 2Diamonds P2 QDiamonds P3 4Spades P0 KDiamonds 
P0 JDiamonds P1 3Diamonds P2 7Diamonds P3 3Hearts 
P3 AClubs P0 2Clubs P1 JClubs P2 3Clubs 
P3 5Spades P0 7Spades P1 2Hearts P2 JSpades 
P1 4Clubs P2 6Clubs P3 6Spades P0 5Clubs 
P2 QClubs P3 QSpades P0 KHearts P1 7Hearts 
P1 4Hearts P2 KClubs P3 5Hearts P0 2Spades 
P3 QHearts P0 3Spades P1 6Hearts P2 KSpades 
P3 AHearts P0 ASpades P1 JHearts P2 7Clubs 
-- /GAME --
P0 HAND: ADiamonds, QDiamonds, 3Diamonds, 6Clubs, 5Clubs, 3Clubs, AHearts, KHearts, 5Hearts, QSpades.
P1 HAND: 7Diamonds, JDiamonds, 6Diamonds, 4Diamonds, 6Hearts, 2Hearts, 7Spades, KSpades, 5Spades, 4Spades.
P2 HAND: KDiamonds, AClubs, 7Clubs, KClubs, 2Clubs, 7Hearts, QHearts, 3Hearts, ASpades, 3Spades.
P3 HAND: 5Diamonds, 2Diamonds, JClubs, QClubs, 4Clubs, JHearts, 4Hearts, JSpades, 6Spades, 2Spades.
P0 ADiamonds P1 4Diamonds P2 KDiamonds P3 2Diamonds 
P0 AHearts P1 2Hearts P2 7Hearts P3 4Hearts 
P0 KHearts P1 6Hearts P2 QHearts P3 JHearts 
P0 5Hearts P1 4Spades P2 3Hearts P3 2Spades 
P0 3Diamonds P1 6Diamonds P2 3Spades P3 5Diamonds 
P1 5Spades P2 ASpades P3 6Spades P0 QSpades 
P2 2Clubs P3 4Clubs P0 3Clubs P1 7Diamonds 
P3 JSpades P0 5Clubs P1 KSpades P2 KClubs 
P2 7Clubs P3 QClubs P0 6Clubs P1 JDiamonds 
P2 AClubs P3 JClubs P0 QDiamonds P1 7Spades 
-- /GAME --
P0 HAND: 7Diamonds, JDiamonds, QDiamonds, 6Diamonds, KClubs, QClubs, QHearts, 5Hearts, 6Spades, 5Spades.
P1 HAND: KDiamonds, 2Diamonds, 7Clubs, 5Clubs, 4Clubs, 2Clubs, 6Hearts, 2Hearts, 7Spades, 4Spades.
P2 HAND: ADiamonds, 4Diamonds, 3Diamonds, 6Clubs, 3Clubs, JHearts, 4Hearts, JSpades, 3Spades, 2Spades.
P3 HAND: 5Diamonds, AClubs, JClubs, AHearts, 7Hearts, KHearts, 3Hearts, ASpades, KSpades, QSpades.
P3 AHearts P0 5Hearts P1 6Hearts P2 4Hearts 
P3 ASpades P0 5Spades P1 7Spades P2 2Spades 
P3 3Hearts P0 QHearts P1 2Hearts P2 JHearts 
P2 ADiamonds P3 5Diamonds P0 7Diamonds P1 2Diamonds 
P2 3Diamonds P3 QSpades P0 JDiamonds P1 KDiamonds 
P1 4Spades P2 3Spades P3 KSpades P0 6Spades 
P3 JClubs P0 QClubs P1 2Clubs P2 3Clubs 
P3 AClubs P0 KClubs P1 4Clubs P2 6Clubs 
P3 KHearts P0 6Diamonds P1 5Clubs P2 4Diamonds 
P1 7Clubs P2 JSpades P3 7Hearts P0 QDiamonds 
-- /GAME --
P0 HAND: 7Diamonds, QDiamonds, 2Diamonds, AClubs, 7Clubs, 6Clubs, AHearts, 5Hearts, 6Spades, 5Spades.
P1 HAND: 6Diamonds, 5Diamonds, 4Diamonds, JClubs, QClubs, 5Clubs, 3Clubs, ASpades, 4Spades, 2Spades.
P2 HAND: ADiamonds, JDiamonds, KClubs, 7Hearts, KHearts, QHearts, 4Hearts, KSpades, QSpades, 3Spades.
P3 HAND: KDiamonds, 3Diamonds, 4Clubs, 2Clubs, JHearts, 6Hearts, 3Hearts, 2Hearts, 7Spades, JSpades.

