-- GAME --
P0 HAND: JDiamonds, 6Diamonds, 4Clubs, AHearts, JHearts, 4Hearts, 2Hearts, ASpades, 7Spades, JSpades.
P1 HAND: ADiamonds, QDiamonds, 3Diamonds, 7Clubs, JClubs, QClubs, 5Clubs, KSpades, 3Spades, 2Spades.
P2 HAND: KDiamonds, 2Diamonds, 3Clubs, 7Hearts, KHearts, QHearts, 6Hearts, 3Hearts, QSpades, 4Spades.
P3 HAND: 7Diamonds, 5Diamonds, 4Diamonds, AClubs, KClubs, 6Clubs, 2Clubs, 5Hearts, 6Spades, 5Spades.
P1 ADiamonds P2 2Diamonds P3 7Diamonds P0 6Diamonds 
P1 3Diamonds P2 KDiamonds P3 4Diamonds P0 JDiamonds 
P2 3Clubs P3 AClubs P0 4Clubs P1 7Clubs 
P3 2Clubs P0 JSpades P1 5Clubs P2 7Hearts 
P0 AHearts P1 2Spades P2 3Hearts P3 5Hearts 
P1 QDiamonds P2 6Hearts P3 5Diamonds P0 2Hearts 
P1 QClubs P2 QHearts P3 6Clubs P0 4Hearts 
P1 JClubs P2 4Spades P3 KClubs P0 JHearts 
P2 QSpades P3 5Spades P0 7Spades P1 3Spades 
P0 ASpades P1 KSpades P2 KHearts P3 6Spades 
-- /GAME --
P0 HAND: 4Diamonds, 2Diamonds, 2Clubs, KHearts, 7Spades, QSpades, 6Spades, 5Spades, 3Spades, 2Spades.
P1 HAND: ADiamonds, 7Diamonds, AClubs, KClubs, 6Clubs, AHearts, QHearts, 3Hearts, ASpades, KSpades.
P2 HAND: QDiamonds, 6Diamonds, 5Diamonds, JClubs, 5Clubs, 3Clubs, 7Hearts, 6Hearts, 5Hearts, JSpades.
P3 HAND: KDiamonds, JDiamonds, 3Diamonds, 7Clubs, QClubs, 4Clubs, JHearts, 4Hearts, 2Hearts, 4Spades.
P0 QSpades P1 ASpades P2 JSpades P3 4Spades 
P1 ADiamonds P2 5Diamonds P3 KDiamonds P0 2Diamonds 
P1 AHearts P2 5Hearts P3 JHearts P0 KHearts 
P1 3Hearts P2 6Hearts P3 2Hearts P0 7Spades 
P2 6Diamonds P3 3Diamonds P0 4Diamonds P1 7Diamonds 
P1 QHearts P2 7Hearts P3 4Hearts P0 6Spades 
P2 QDiamonds P3 JDiamonds P0 2Clubs P1 6Clubs 
P1 KClubs P2 3Clubs P3 4Clubs P0 5Spades 
P1 AClubs P2 5Clubs P3 QClubs P0 3Spades 
P1 KSpades P2 JClubs P3 7Clubs P0 2Spades 
-- /GAME --
P0 HAND: JDiamonds, QDiamonds, 5Diamonds, 4Diamonds, 2Diamonds, 7Hearts, KHearts, 6Hearts, 2Hearts, 5Spades.
P1 HAND: 6Diamonds, 7Clubs, KClubs, JClubs, QHearts, 5Hearts, 3Hearts, 7Spades, QSpades, 3Spades.
P2 HAND: KDiamonds, AClubs, 6Clubs, 3Clubs, JHearts, 4Hearts, ASpades, 6Spades, 4Spades, 2Spades.
P3 HAND: ADiamonds, 7Diamonds, 3Diamonds, QClubs, 5Clubs, 4Clubs, 2Clubs, AHearts, KSpades, JSpades.
P3 ADiamonds P0 2Diamonds P1 6Diamonds P2 KDiamonds 
P3 AHearts P0 2Hearts P1 QHearts P2 4Hearts 
P3 3Diamonds P0 QDiamonds P1 3Hearts P2 ASpades 
P0 KHearts P1 5Hearts P2 JHearts P3 2Clubs 
P3 JSpades P0 5Spades P1 7Spades P2 2Spades 
P1 3Spades P2 4Spades P3 KSpades P0 6Hearts 
P3 4Clubs P0 4Diamonds P1 JClubs P2 3Clubs 
P1 QSpades P2 6Spades P3 5Clubs P0 5Diamonds 
P3 QClubs P0 JDiamonds P1 KClubs P2 AClubs 
P2 6Clubs P3 7Diamonds P0 7Hearts P1 7Clubs 
-- /GAME --
P0 HAND: ADiamonds, 2Diamonds, AClubs, 3Clubs, QHearts, 6Hearts, 7Spades, KSpades, 5Spades, 3Spades.
P1 HAND: 7Diamonds, 6Diamonds, 5Diamonds, 4Diamonds, 3Diamonds, 4Clubs, 3Hearts, ASpades, JSpades, QSpades.
P2 HAND: KDiamonds, QDiamonds, 7Clubs, KClubs, JClubs, QClubs, 5Clubs, JHearts, 2Hearts, 6Spades.
P3 HAND: JDiamonds, 6Clubs, 2Clubs, AHearts, 7Hearts, KHearts, 5Hearts, 4Hearts, 4Spades, 2Spades.
P2 2Hearts P3 AHearts P0 6Hearts P1 3Hearts 
P3 2Clubs P0 AClubs P1 4Clubs P2 7Clubs 
P0 5Spades P1 ASpades P2 6Spades P3 4Spades 
P1 QSpades P2 5Clubs P3 2Spades P0 7Spades 
P0 KSpades P1 JSpades P2 QDiamonds P3 JDiamonds 
P3 4Hearts P0 QHearts P1 3Diamonds P2 JHearts 
P1 4Diamonds P2 KDiamonds P3 5Hearts P0 2Diamonds 
P2 QClubs P3 6Clubs P0 3Clubs P1 5Diamonds 
P1 6Diamonds P2 JClubs P3 KHearts P0 ADiamonds 
P0 3Spades P1 7Diamonds P2 KClubs P3 7Hearts 
-- /GAME --

