-- GAME --
P0 HAND: KClubs, JClubs, 6Clubs, 3Clubs, AHearts, 7Hearts, ASpades, KSpades, 6Spades, 5Spades.
P1 HAND: 7Diamonds, KDiamonds, 6Diamonds, 3Diamonds, 4Clubs, QHearts, 6Hearts, 4Spades, 3Spades, 2Spades.
P2 HAND: ADiamonds, QDiamonds, 7Clubs, 5Clubs, 2Clubs, KHearts, 5Hearts, 4Hearts, 3Hearts, JSpades.
P3 HAND: JDiamonds, 5Diamonds, 4Diamonds, 2Diamonds, AClubs, QClubs, JHearts, 2Hearts, 7Spades, QSpades.
P3 AClubs P0 3Clubs P1 4Clubs P2 2Clubs 
P3 2Diamonds P0 5Spades P1 3Diamonds P2 ADiamonds 
P0 AHearts P1 6Hearts P2 KHearts P3 2Hearts 
P0 7Hearts P1 QHearts P2 3Hearts P3 JHearts 
P0 6Clubs P1 6Diamonds P2 7Clubs P3 QClubs 
P2 4Hearts P3 4Diamonds P0 6Spades P1 2Spades 
P0 JClubs P1 3Spades P2 5Clubs P3 JDiamonds 
P1 4Spades P2 JSpades P3 QSpades P0 KSpades 
P0 KClubs P1 KDiamonds P2 5Hearts P3 7Spades 
P3 5Diamonds P0 ASpades P1 7Diamonds P2 QDiamonds 
-- /GAME --
P0 HAND: ADiamonds, QDiamonds, 2Diamonds, QClubs, 3Clubs, 6Hearts, 3Hearts, JSpades, 4Spades, 2Spades.
P1 HAND: JDiamonds, 5Diamonds, 4Diamonds, JClubs, 4Clubs, 2Clubs, JHearts, QHearts, 5Hearts, KSpades.
P2 HAND: 7Diamonds, KDiamonds, 6Diamonds, AClubs, 7Clubs, KClubs, 7Hearts, KHearts, ASpades, QSpades.
P3 HAND: 3Diamonds, 6Clubs, 5Clubs, AHearts, 4Hearts, 2Hearts, 7Spades, 6Spades, 5Spades, 3Spades.
P2 ASpades P3 3Spades P0 JSpades P1 KSpades 
P2 6Diamonds P3 3Diamonds P0 ADiamonds P1 4Diamonds 
P0 QDiamonds P1 5Diamonds P2 7Diamonds P3 5Clubs 
P3 AHearts P0 3Hearts P1 JHearts P2 KHearts 
P3 2Hearts P0 6Hearts P1 5Hearts P2 7Hearts 
P2 QSpades P3 5Spades P0 2Spades P1 QHearts 

