-- GAME --
P1 AHearts P2 4Hearts P3 2Hearts P0 6Hearts 
P1 3Diamonds P2 ADiamonds P3 2Diamonds P0 KHearts 
P2 3Spades P3 QSpades P0 ASpades P1 7Spades 
P0 5Spades P1 3Hearts P2 6Spades P3 KSpades 
P3 4Diamonds P0 QHearts P1 6Diamonds P2 7Diamonds 
P2 5Diamonds P3 QDiamonds P0 4Clubs P1 2Clubs 
P0 2Spades P1 3Clubs P2 JSpades P3 JDiamonds 
P1 5Clubs P2 5Hearts P3 QClubs P0 KClubs 
P0 4Spades P1 7Clubs P2 JHearts P3 JClubs 
P1 7Hearts P2 KDiamonds P3 AClubs P0 6Clubs 
-- /GAME --
P0 HAND: 7Diamonds, QDiamonds, 4Diamonds, 2Diamonds, 6Clubs, 4Clubs, AHearts, 5Hearts, ASpades, JSpades.
P1 HAND: JDiamonds, 5Diamonds, KClubs, JHearts, QHearts, 6Hearts, 2Hearts, KSpades, 5Spades, 4Spades.
P2 HAND: ADiamonds, KDiamonds, 6Diamonds, 3Diamonds, JClubs, QClubs, 3Clubs, 7Hearts, 7Spades, 3Spades.
P3 HAND: AClubs, 7Clubs, 5Clubs, 2Clubs, KHearts, 4Hearts, 3Hearts, QSpades, 6Spades, 2Spades.
P0 ASpades P1 4Spades P2 7Spades P3 2Spades 
P0 JSpades P1 5Spades P2 3Spades P3 6Spades 
P0 4Clubs P1 KClubs P2 3Clubs P3 AClubs 
P3 2Clubs P0 6Clubs P1 5Diamonds P2 JClubs 
P2 3Diamonds P3 5Clubs P0 2Diamonds P1 JDiamonds 
P1 2Hearts P2 7Hearts P3 3Hearts P0 5Hearts 
P2 6Diamonds P3 QSpades P0 QDiamonds P1 6Hearts 
P1 QHearts P2 QClubs P3 4Hearts P0 AHearts 
P0 4Diamonds P1 JHearts P2 KDiamonds P3 7Clubs 
P1 KSpades P2 ADiamonds P3 KHearts P0 7Diamonds 
-- /GAME --

