-- GAME --
P0 HAND: AClubs, KClubs, QClubs, 6Clubs, 4Clubs, 3Clubs, JHearts, QHearts, 3Hearts, 4Spades.
P1 HAND: QDiamonds, 4Diamonds, 7Clubs, 5Clubs, 2Clubs, AHearts, 7Hearts, 5Hearts, KSpades, QSpades.
P2 HAND: ADiamonds, 6Diamonds, 3Diamonds, JClubs, 6Hearts, JSpades, 6Spades, 5Spades, 3Spades, 2Spades.
P3 HAND: 7Diamonds, KDiamonds, JDiamonds, 5Diamonds, 2Diamonds, KHearts, 4Hearts, 2Hearts, ASpades, 7Spades.
P0 AClubs P1 2Clubs P2 JClubs P3 2Diamonds 
P3 ASpades P0 4Spades P1 KSpades P2 2Spades 
P3 2Hearts P0 3Hearts P1 AHearts P2 6Hearts 
P1 5Clubs P2 3Spades P3 4Hearts P0 KClubs 
P0 3Clubs P1 7Clubs P2 3Diamonds P3 5Diamonds 
P3 JDiamonds P0 4Clubs P1 4Diamonds P2 6Diamonds 
P3 KDiamonds P0 6Clubs P1 QDiamonds P2 ADiamonds 
P2 5Spades P3 7Spades P0 QClubs P1 QSpades 
P3 7Diamonds P0 QHearts P1 5Hearts P2 6Spades 
P3 KHearts P0 JHearts P1 7Hearts P2 JSpades 
-- /GAME --
P0 HAND: ADiamonds, QDiamonds, 5Diamonds, 3Diamonds, 5Clubs, 7Hearts, 4Hearts, 2Hearts, JSpades, 4Spades.
P1 HAND: 7Diamonds, AClubs, 7Clubs, QClubs, 3Clubs, KHearts, QHearts, 7Spades, KSpades, 6Spades.
P2 HAND: JDiamonds, 4Diamonds, KClubs, 4Clubs, 2Clubs, JHearts, 6Hearts, 5Hearts, 3Hearts, 5Spades.
P3 HAND: KDiamonds, 6Diamonds, 2Diamonds, JClubs, 6Clubs, AHearts, ASpades, QSpades, 3Spades, 2Spades.
P3 AHearts P0 2Hearts P1 KHearts P2 3Hearts 
P3 ASpades P0 4Spades P1 7Spades P2 5Spades 
P3 2Diamonds P0 ADiamonds P1 7Diamonds P2 JDiamonds 
P0 4Hearts P1 QHearts P2 5Hearts P3 KDiamonds 
P1 6Spades P2 4Diamonds P3 2Spades P0 JSpades 
P0 QDiamonds P1 3Clubs P2 6Hearts P3 6Diamonds 
P1 QClubs P2 2Clubs P3 6Clubs P0 5Clubs 
P1 7Clubs P2 4Clubs P3 JClubs P0 5Diamonds 
P1 AClubs P2 KClubs P3 3Spades P0 3Diamonds 
P1 KSpades P2 JHearts P3 QSpades P0 7Hearts 

