-- GAME --
P0 HAND: 3Diamonds, 2Diamonds, AClubs, 7Clubs, QClubs, 6Clubs, 3Hearts, ASpades, 7Spades, 2Spades.
P1 HAND: 4Diamonds, KClubs, JClubs, 3Clubs, AHearts, JHearts, 5Hearts, 4Hearts, JSpades, QSpades.
P2 HAND: 7Diamonds, KDiamonds, JDiamonds, 5Diamonds, 5Clubs, 4Clubs, 7Hearts, 6Hearts, 2Hearts, KSpades.
P3 HAND: ADiamonds, QDiamonds, 6Diamonds, 2Clubs, KHearts, QHearts, 6Spades, 5Spades, 4Spades, 3Spades.
P0 ASpades P1 QSpades P2 KSpades P3 3Spades 
P0 AClubs P1 3Clubs P2 5Clubs P3 2Clubs 
P0 3Hearts P1 AHearts P2 2Hearts P3 KHearts 
P1 4Hearts P2 6Hearts P3 QHearts P0 6Clubs 
P3 4Spades P0 7Spades P1 JSpades P2 7Hearts 
P0 2Spades P1 5Hearts P2 4Clubs P3 6Spades 
P3 5Spades P0 QClubs P1 4Diamonds P2 5Diamonds 
P2 JDiamonds P3 6Diamonds P0 2Diamonds P1 JClubs 
P2 KDiamonds P3 QDiamonds P0 3Diamonds P1 JHearts 
P2 7Diamonds P3 ADiamonds P0 7Clubs P1 KClubs 
-- /GAME --
P0 HAND: ADiamonds, 6Diamonds, 5Diamonds, 3Diamonds, QClubs, 2Clubs, 2Hearts, QSpades, 6Spades, 5Spades.
P1 HAND: 7Diamonds, JDiamonds, 7Clubs, JClubs, 6Clubs, AHearts, 4Hearts, ASpades, 7Spades, JSpades.
P2 HAND: KDiamonds, 2Diamonds, 4Clubs, 7Hearts, KHearts, QHearts, 5Hearts, 4Spades, 3Spades, 2Spades.
P3 HAND: QDiamonds, 4Diamonds, AClubs, KClubs, 5Clubs, 3Clubs, JHearts, 6Hearts, 3Hearts, KSpades.
P3 AClubs P0 2Clubs P1 7Clubs P2 4Clubs 
P3 3Clubs P0 QClubs P1 6Clubs P2 KDiamonds 
P0 ADiamonds P1 JDiamonds P2 2Diamonds P3 4Diamonds 
P0 5Spades P1 ASpades P2 2Spades P3 KSpades 
P1 JClubs P2 3Spades P3 5Clubs P0 2Hearts 
P0 QSpades P1 JSpades P2 4Spades P3 KClubs 
P1 4Hearts P2 5Hearts P3 3Hearts P0 6Diamonds 
P2 QHearts P3 6Hearts P0 5Diamonds P1 AHearts 
P1 7Diamonds P2 KHearts P3 QDiamonds P0 3Diamonds 
P2 7Hearts P3 JHearts P0 6Spades P1 7Spades 
-- /GAME --
P0 HAND: KDiamonds, 6Diamonds, 4Diamonds, 3Diamonds, JClubs, 6Clubs, 4Hearts, 2Hearts, KSpades, 5Spades.
P1 HAND: 7Diamonds, 2Diamonds, 7Clubs, 5Clubs, 4Clubs, KHearts, QHearts, 3Hearts, QSpades, 3Spades.
P2 HAND: JDiamonds, QDiamonds, KClubs, 3Clubs, 2Clubs, 7Hearts, JHearts, 6Hearts, 5Hearts, 6Spades.
P3 HAND: ADiamonds, 5Diamonds, AClubs, QClubs, AHearts, ASpades, 7Spades, JSpades, 4Spades, 2Spades.
P2 5Hearts P3 AHearts P0 2Hearts P1 KHearts 
P3 ADiamonds P0 3Diamonds P1 7Diamonds P2 QDiamonds 
P3 2Spades 
