-- GAME --
P0 HAND: ADiamonds, 4Clubs, 3Clubs, 2Clubs, KHearts, JHearts, 6Hearts, 5Hearts, 2Hearts, 4Spades.
P1 HAND: KDiamonds, QDiamonds, 3Diamonds, QClubs, 6Clubs, AHearts, 3Hearts, ASpades, JSpades, 3Spades.
P2 HAND: 7Diamonds, JDiamonds, 5Diamonds, AClubs, KClubs, 5Clubs, 7Hearts, 4Hearts, QSpades, 2Spades.
P3 HAND: 6Diamonds, 4Diamonds, 2Diamonds, 7Clubs, JClubs, QHearts, 7Spades, KSpades, 6Spades, 5Spades.
P2 2Spades P3 5Spades P0 4Spades P1 ASpades 
P1 AHearts P2 4Hearts P3 QHearts P0 2Hearts 
P1 3Diamonds P2 5Diamonds P3 2Diamonds P0 ADiamonds 
P0 5Hearts P1 3Hearts P2 7Hearts P3 JClubs 
P3 4Diamonds P0 KHearts P1 QDiamonds P2 7Diamonds 
P2 QSpades P3 6Spades P0 2Clubs P1 3Spades 
P0 6Hearts P1 6Clubs P2 5Clubs P3 7Spades 
P1 JSpades P2 KClubs P3 KSpades P0 JHearts 
P2 JDiamonds P3 6Diamonds P0 3Clubs P1 KDiamonds 
P0 4Clubs P1 QClubs P2 AClubs P3 7Clubs 
-- /GAME --
P0 HAND: 4Diamonds, QClubs, 5Clubs, 2Clubs, 5Hearts, 4Hearts, QSpades, 4Spades, 3Spades, 2Spades.
P1 HAND: ADiamonds, 7Diamonds, 5Diamonds, JClubs, 6Clubs, AHearts, 7Hearts, 6Hearts, ASpades, 7Spades.
P2 HAND: KDiamonds, 3Diamonds, KClubs, 4Clubs, 3Clubs, KHearts, QHearts, 2Hearts, KSpades, JSpades.
P3 HAND: JDiamonds, QDiamonds, 6Diamonds, 2Diamonds, AClubs, 7Clubs, JHearts, 3Hearts, 6Spades, 5Spades.
P1 ADiamonds P2 3Diamonds P3 JDiamonds P0 4Diamonds 
P1 AHearts P2 2Hearts P3 JHearts P0 4Hearts 
P1 ASpades P2 JSpades P3 6Spades P0 2Spades 
P1 5Diamonds P2 KDiamonds P3 2Diamonds P0 5Hearts 
P2 QHearts P3 3Hearts P0 5Clubs P1 6Hearts 
P0 3Spades P1 7Spades P2 KSpades P3 5Spades 
P1 6Clubs P2 3Clubs P3 7Clubs P0 2Clubs 
P3 6Diamonds P0 QSpades P1 7Diamonds P2 4Clubs 
P2 KClubs P3 AClubs P0 QClubs P1 JClubs 
P3 QDiamonds P0 4Spades P1 7Hearts P2 KHearts 
-- /GAME --
P0 HAND: QDiamonds, KClubs, 5Clubs, 4Clubs, 3Clubs, QHearts, 4Hearts, ASpades, KSpades, 3Spades.
P1 HAND: 7Diamonds, 5Diamonds, 4Diamonds, 2Diamonds, AClubs, 7Clubs, QClubs, JHearts, 2Hearts, JSpades.
P2 HAND: ADiamonds, 3Diamonds, 2Clubs, 6Hearts, 5Hearts, 3Hearts, 7Spades, QSpades, 5Spades, 2Spades.
P3 HAND: KDiamonds, JDiamonds, 6Diamonds, JClubs, 6Clubs, AHearts, 7Hearts, KHearts, 6Spades, 4Spades.
P0 ASpades P1 JSpades P2 7Spades P3 4Spades 
P0 3Spades P1 2Diamonds P2 2Spades P3 6Spades 
P3 AHearts P0 4Hearts P1 JHearts P2 3Hearts 
P3 6Diamonds P0 QDiamonds P1 4Diamonds P2 ADiamonds 
P2 3Diamonds P3 JDiamonds P0 3Clubs P1 5Diamonds 
P0 QHearts P1 2Hearts P2 5Hearts P3 7Hearts 
P3 6Clubs P0 4Clubs P1 QClubs P2 2Clubs 
P1 7Clubs P2 5Spades P3 JClubs P0 5Clubs 
P1 AClubs P2 6Hearts P3 KDiamonds P0 KClubs 
P1 7Diamonds P2 QSpades P3 KHearts P0 KSpades 
-- /GAME --
P0 HAND: ADiamonds, QDiamonds, 5Diamonds, 4Diamonds, AClubs, AHearts, KHearts, 6Hearts, KSpades, QSpades.
P1 HAND: 7Diamonds, JDiamonds, 6Diamonds, QClubs, 6Clubs, 5Clubs, 4Clubs, QHearts, 4Spades, 2Spades.
P2 HAND: 3Diamonds, 2Diamonds, JClubs, 3Clubs, 2Clubs, 7Hearts, 5Hearts, ASpades, 7Spades, JSpades.
P3 HAND: KDiamonds, 7Clubs, KClubs, JHearts, 4Hearts, 3Hearts, 2Hearts, 6Spades, 5Spades, 3Spades.
P3 2Hearts P0 AHearts P1 QHearts P2 7Hearts 
P0 ADiamonds P1 6Diamonds P2 3Diamonds P3 KDiamonds 
P0 AClubs P1 4Clubs P2 JClubs P3 KClubs 
P0 5Diamonds P1 JDiamonds P2 2Diamonds P3 7Clubs 
P1 5Clubs P2 2Clubs P3 3Hearts P0 6Hearts 
P1 6Clubs P2 3Clubs P3 4Hearts P0 KSpades 
P0 4Diamonds P1 7Diamonds P2 JSpades P3 JHearts 
P2 5Hearts P3 3Spades P0 KHearts P1 QClubs 
P3 5Spades P0 QSpades P1 2Spades P2 7Spades 
P2 ASpades P3 6Spades P0 QDiamonds P1 4Spades 
-- /GAME --
P0 HAND: 5Diamonds, 2Diamonds, AClubs, 5Clubs, 4Clubs, 3Clubs, QSpades, 6Spades, 4Spades, 2Spades.
P1 HAND: 7Diamonds, JDiamonds, QDiamonds, 4Diamonds, QClubs, 2Clubs, KHearts, 5Hearts, 4Hearts, 3Spades.
P2 HAND: 6Diamonds, 3Diamonds, JClubs, AHearts, JHearts, QHearts, 3Hearts, 7Spades, KSpades, 5Spades.
P3 HAND: ADiamonds, KDiamonds, 7Clubs, KClubs, 6Clubs, 7Hearts, 6Hearts, 2Hearts, ASpades, JSpades.
P2 3Diamonds P3 ADiamonds P0 5Diamonds P1 7Diamonds 
P3 ASpades P0 2Spades P1 3Spades P2 5Spades 
P3 6Clubs P0 AClubs P1 2Clubs P2 JClubs 
P0 2Diamonds P1 4Diamonds P2 6Diamonds P3 KDiamonds 
P3 JSpades P0 QSpades P1 4Hearts P2 KSpades 
P1 QDiamonds P2 3Hearts P3 2Hearts P0 4Spades 
P2 QHearts P3 6Hearts P0 3Clubs P1 5Hearts 
P2 JHearts P3 7Hearts P0 6Spades P1 KHearts 
P3 KClubs P0 5Clubs P1 QClubs P2 AHearts 
P2 7Spades P3 7Clubs P0 4Clubs P1 JDiamonds 
-- /GAME --
P0 HAND: 7Diamonds, 6Diamonds, AClubs, JClubs, 6Clubs, 5Clubs, 7Hearts, QHearts, 6Hearts, 5Hearts.
P1 HAND: ADiamonds, KDiamonds, JDiamonds, 5Diamonds, QClubs, 4Clubs, 3Clubs, 2Clubs, 4Hearts, 3Spades.
P2 HAND: 4Diamonds, 3Diamonds, 2Diamonds, 7Clubs, KClubs, ASpades, KSpades, JSpades, QSpades, 5Spades.
P3 HAND: QDiamonds, AHearts, KHearts, JHearts, 3Hearts, 2Hearts, 7Spades, 6Spades, 4Spades, 2Spades.
P3 2Hearts P0 7Hearts P1 4Hearts P2 7Clubs 
P0 QHearts P1 2Clubs P2 2Diamonds P3 AHearts 
P3 3Hearts P0 6Hearts P1 3Clubs P2 KClubs 
P0 5Hearts P1 4Clubs P2 3Diamonds P3 KHearts 
P3 QDiamonds P0 7Diamonds P1 ADiamonds P2 4Diamonds 
P1 5Diamonds P2 5Spades P3 2Spades P0 6Diamonds 
P2 QSpades P3 4Spades P0 5Clubs P1 3Spades 
P2 JSpades P3 6Spades P0 JClubs P1 QClubs 
P2 KSpades P3 7Spades P0 6Clubs P1 KDiamonds 
P3 JHearts P0 AClubs P1 JDiamonds P2 ASpades 
-- /GAME --
P0 HAND: ADiamonds, QDiamonds, JClubs, 6Clubs, 3Clubs, AHearts, 3Hearts, 2Hearts, QSpades, 2Spades.
P1 HAND: 7Diamonds, 5Diamonds, 3Diamonds, AClubs, 2Clubs, JHearts, 7Spades, JSpades, 6Spades, 4Spades.
P2 HAND: KDiamonds, JDiamonds, 6Diamonds, 2Diamonds, 7Clubs, QClubs, QHearts, 6Hearts, 4Hearts, 3Spades.
P3 HAND: 4Diamonds, KClubs, 5Clubs, 4Clubs, 7Hearts, KHearts, 5Hearts, ASpades, KSpades, 5Spades.

