-- GAME --
P0 HAND: KDiamonds, 2Diamonds, 5Clubs, 4Clubs, 3Clubs, 7Hearts, QHearts, 2Hearts, 5Spades, 2Spades.
P1 HAND: 7Diamonds, QDiamonds, 5Diamonds, 7Clubs, KHearts, 4Hearts, 3Hearts, ASpades, 4Spades, 3Spades.
P2 HAND: 6Diamonds, 3Diamonds, AClubs, KClubs, JClubs, 6Clubs, JHearts, 6Hearts, 5Hearts, QSpades.
P3 HAND: ADiamonds, JDiamonds, 4Diamonds, QClubs, 2Clubs, AHearts, 7Spades, KSpades, JSpades, 6Spades.
P2 AClubs P3 2Clubs P0 3Clubs P1 7Clubs 
P2 3Diamonds P3 ADiamonds P0 2Diamonds P1 7Diamonds 
P3 4Diamonds P0 KDiamonds P1 5Diamonds P2 6Diamonds 
P0 5Clubs P1 3Spades P2 KClubs P3 QClubs 
P2 6Clubs P3 6Spades P0 4Clubs P1 4Spades 
P2 QSpades P3 JSpades P0 2Spades P1 ASpades 
P1 QDiamonds P2 5Hearts P3 JDiamonds P0 5Spades 
P2 JClubs P3 AHearts P0 2Hearts P1 3Hearts 
P3 KSpades P0 QHearts P1 KHearts P2 6Hearts 
P1 4Hearts P2 JHearts P3 7Spades P0 7Hearts 
-- /GAME --
P0 HAND: 4Diamonds, 4Clubs, 3Clubs, 3Hearts, ASpades, 7Spades, KSpades, QSpades, 4Spades, 3Spades.
P1 HAND: 7Diamonds, JDiamonds, 2Diamonds, AClubs, 7Clubs, QClubs, 6Clubs, 7Hearts, 4Hearts, JSpades.
P2 HAND: ADiamonds, QDiamonds, 6Diamonds, KClubs, AHearts, 6Hearts, 5Hearts, 2Hearts, 6Spades, 2Spades.
P3 HAND: KDiamonds, 5Diamonds, 3Diamonds, JClubs, 5Clubs, 2Clubs, KHearts, JHearts, QHearts, 5Spades.
P1 AClubs P2 KClubs P3 JClubs P0 3Clubs 
P1 2Diamonds P2 ADiamonds P3 3Diamonds P0 4Diamonds 
P2 AHearts P3 QHearts P0 3Hearts P1 4Hearts 
P2 2Hearts P3 JHearts P0 3Spades P1 7Hearts 
P0 ASpades P1 JSpades P2 2Spades P3 5Spades 
P0 7Spades P1 6Clubs P2 6Spades P3 2Clubs 
P0 KSpades P1 QClubs P2 5Hearts P3 5Diamonds 
P0 QSpades P1 JDiamonds P2 6Diamonds P3 5Clubs 
P0 4Clubs P1 7Clubs P2 6Hearts P3 KDiamonds 
P1 7Diamonds P2 QDiamonds P3 KHearts P0 4Spades 
-- /GAME --
P0 HAND: ADiamonds, KDiamonds, JDiamonds, QDiamonds, QClubs, 4Clubs, AHearts, KHearts, QSpades, 2Spades.
P1 HAND: 7Diamonds, 6Diamonds, 4Diamonds, 2Diamonds, KClubs, 3Clubs, JHearts, 6Hearts, JSpades, 4Spades.
P2 HAND: 5Diamonds, 7Clubs, JClubs, 6Clubs, 5Clubs, 2Clubs, 7Hearts, QHearts, 2Hearts, 5Spades.
P3 HAND: 3Diamonds, AClubs, 5Hearts, 4Hearts, 3Hearts, ASpades, 7Spades, KSpades, 6Spades, 3Spades.
P0 AHearts P1 6Hearts P2 7Hearts P3 3Hearts 
P0 ADiamonds P1 2Diamonds P2 5Diamonds P3 3Diamonds 
P0 4Clubs P1 3Clubs P2 2Clubs P3 AClubs 
P3 4Hearts P0 KHearts P1 JHearts P2 QHearts 
P0 QClubs P1 KClubs P2 5Clubs P3 5Hearts 
P1 4Diamonds P2 2Hearts P3 3Spades P0 QDiamonds 
P3 6Spades P0 QSpades P1 4Spades P2 5Spades 
P0 JDiamonds P1 6Diamonds P2 6Clubs P3 KSpades 
P3 7Spades P0 2Spades P1 JSpades P2 JClubs 
P3 ASpades P0 KDiamonds P1 7Diamonds P2 7Clubs 
-- /GAME --
P0 HAND: QDiamonds, 4Diamonds, AClubs, 7Clubs, 7Hearts, 2Hearts, ASpades, 7Spades, KSpades, 5Spades.
P1 HAND: ADiamonds, JDiamonds, 2Diamonds, 6Clubs, KHearts, 3Hearts, JSpades, QSpades, 6Spades, 4Spades.
P2 HAND: 7Diamonds, KDiamonds, KClubs, 3Clubs, 2Clubs, AHearts, JHearts, QHearts, 6Hearts, 4Hearts.
P3 HAND: 6Diamonds, 5Diamonds, 3Diamonds, JClubs, QClubs, 5Clubs, 4Clubs, 5Hearts, 3Spades, 2Spades.
P3 2Spades P0 ASpades P1 4Spades P2 7Diamonds 
P0 AClubs P1 6Clubs P2 KClubs P3 4Clubs 
P0 4Diamonds P1 ADiamonds P2 KDiamonds P3 6Diamonds 
P1 2Diamonds P2 2Clubs P3 3Diamonds P0 QDiamonds 
P0 5Spades P1 6Spades P2 3Clubs P3 3Spades 
P1 QSpades P2 4Hearts P3 5Diamonds P0 7Spades 
P2 6Hearts P3 5Hearts P0 2Hearts P1 3Hearts 
P2 QHearts P3 5Clubs P0 7Hearts P1 KHearts 
P0 7Clubs P1 JDiamonds P2 JHearts P3 QClubs 
P2 AHearts P3 JClubs P0 KSpades P1 JSpades 
-- /GAME --
P0 HAND: JDiamonds, 6Diamonds, 2Diamonds, QClubs, 6Clubs, 4Clubs, 2Clubs, 4Hearts, 3Hearts, JSpades.
P1 HAND: 7Diamonds, QDiamonds, 7Clubs, KClubs, KHearts, JHearts, ASpades, KSpades, 5Spades, 4Spades.
P2 HAND: KDiamonds, 5Diamonds, 4Diamonds, 3Diamonds, 5Clubs, AHearts, 7Hearts, 6Hearts, 7Spades, 3Spades.
P3 HAND: ADiamonds, AClubs, JClubs, 3Clubs, QHearts, 5Hearts, 2Hearts, QSpades, 6Spades, 2Spades.
P2 AHearts P3 2Hearts P0 3Hearts P1 JHearts 
P2 3Diamonds P3 ADiamonds P0 2Diamonds P1 7Diamonds 
P3 2Spades P0 JSpades P1 ASpades P2 3Spades 
P1 4Spades P2 7Spades P3 6Spades P0 4Hearts 
P2 4Diamonds P3 5Hearts P0 JDiamonds P1 QDiamonds 
P0 6Diamonds P1 5Spades P2 5Diamonds P3 QHearts 
P0 2Clubs P1 KClubs P2 5Clubs P3 3Clubs 
P1 7Clubs P2 6Hearts P3 JClubs P0 4Clubs 
P1 KHearts P2 7Hearts P3 AClubs P0 6Clubs 
P3 QSpades P0 QClubs P1 KSpades P2 KDiamonds 
-- /GAME --
P0 HAND: 7Diamonds, JDiamonds, QDiamonds, 4Diamonds, 7Clubs, AHearts, JSpades, QSpades, 5Spades, 2Spades.
P1 HAND: KDiamonds, 5Diamonds, 5Clubs, 4Clubs, 3Clubs, 7Hearts, JHearts, QHearts, 4Spades, 3Spades.
P2 HAND: ADiamonds, 6Diamonds, KClubs, 6Clubs, 2Clubs, KHearts, 4Hearts, 2Hearts, ASpades, 7Spades.
P3 HAND: 3Diamonds, 2Diamonds, AClubs, JClubs, QClubs, 6Hearts, 5Hearts, 3Hearts, KSpades, 6Spades.
P1 3Clubs P2 2Clubs P3 AClubs P0 7Clubs 
P3 3Hearts P0 AHearts P1 QHearts P2 KHearts 
P0 2Spades P1 3Spades P2 ASpades P3 6Spades 
P2 2Hearts P3 5Hearts P0 4Diamonds P1 JHearts 
P0 5Spades P1 4Spades P2 7Spades P3 KSpades 
P2 4Hearts P3 6Hearts P0 JDiamonds P1 7Hearts 
P0 QSpades P1 4Clubs P2 6Clubs P3 QClubs 
P0 JSpades P1 5Clubs P2 6Diamonds P3 2Diamonds 
P2 ADiamonds P3 3Diamonds P0 QDiamonds P1 5Diamonds 
P2 KClubs P3 JClubs P0 7Diamonds P1 KDiamonds 
-- /GAME --
P0 HAND: ADiamonds, 7Diamonds, 4Diamonds, AClubs, 4Clubs, AHearts, JHearts, QHearts, 4Hearts, JSpades.
P1 HAND: KDiamonds, 6Diamonds, 5Diamonds, KClubs, JClubs, 6Clubs, 2Clubs, 7Hearts, 6Hearts, 5Spades.
P2 HAND: QDiamonds, 3Diamonds, 7Clubs, 5Clubs, 3Clubs, 3Hearts, 7Spades, KSpades, QSpades, 2Spades.
P3 HAND: JDiamonds, 2Diamonds, QClubs, KHearts, 5Hearts, 2Hearts, ASpades, 6Spades, 4Spades, 3Spades.
P3 ASpades P0 JSpades P1 5Spades P2 2Spades 
P3 2Diamonds P0 ADiamonds P1 5Diamonds P2 QDiamonds 
P0 AClubs P1 2Clubs P2 7Clubs P3 QClubs 
P0 4Clubs P1 6Clubs P2 3Clubs P3 JDiamonds 
P1 6Diamonds P2 3Diamonds P3 3Spades P0 7Diamonds 
P0 4Diamonds P1 KDiamonds P2 5Clubs P3 6Spades 
P1 JClubs P2 QSpades P3 2Hearts P0 JHearts 
P0 4Hearts P1 6Hearts P2 3Hearts P3 5Hearts 
P1 7Hearts P2 KSpades P3 KHearts P0 AHearts 
P0 QHearts P1 KClubs P2 7Spades P3 4Spades 
-- /GAME --
P0 HAND: 7Diamonds, 5Diamonds, JClubs, 2Clubs, 7Hearts, JHearts, 5Hearts, 3Hearts, JSpades, 6Spades.
P1 HAND: JDiamonds, QDiamonds, AClubs, 7Clubs, QClubs, 4Hearts, ASpades, 7Spades, KSpades, QSpades.
P2 HAND: KDiamonds, 6Diamonds, 4Diamonds, 2Diamonds, 6Clubs, 4Clubs, AHearts, KHearts, 5Spades, 3Spades.
P3 HAND: ADiamonds, 3Diamonds, KClubs, 5Clubs, 3Clubs, QHearts, 6Hearts, 2Hearts, 4Spades, 2Spades.
P2 AHearts P3 2Hearts P0 7Hearts P1 4Hearts 
P2 3Spades P3 2Spades P0 6Spades P1 ASpades 
P1 AClubs P2 4Clubs P3 KClubs P0 2Clubs 
P1 QClubs P2 6Clubs P3 3Clubs P0 JClubs 
P0 3Hearts P1 QSpades P2 KHearts P3 6Hearts 
P2 5Spades P3 4Spades P0 JSpades P1 7Spades 
P1 QDiamonds P2 2Diamonds P3 3Diamonds P0 7Diamonds 
P0 5Hearts P1 JDiamonds P2 4Diamonds P3 QHearts 
P1 KSpades P2 6Diamonds P3 5Clubs P0 JHearts 
P2 KDiamonds P3 ADiamonds P0 5Diamonds P1 7Clubs 
-- /GAME --
P0 HAND: 7Diamonds, KDiamonds, JDiamonds, 5Diamonds, JClubs, 5Clubs, 3Clubs, 2Clubs, KHearts, 5Spades.
P1 HAND: QDiamonds, 7Clubs, KClubs, QClubs, 6Clubs, JHearts, 4Hearts, 3Hearts, QSpades, 2Spades.
P2 HAND: ADiamonds, 6Diamonds, 4Clubs, AHearts, QHearts, 2Hearts, 7Spades, KSpades, JSpades, 6Spades.
P3 HAND: 4Diamonds, 3Diamonds, 2Diamonds, AClubs, 7Hearts, 6Hearts, 5Hearts, ASpades, 4Spades, 3Spades.
P1 2Spades P2 6Spades P3 ASpades P0 5Spades 
P3 AClubs P0 2Clubs P1 7Clubs P2 4Clubs 
P3 3Spades P0 3Clubs P1 QSpades P2 7Spades 
P2 AHearts P3 5Hearts P0 KHearts P1 3Hearts 
P2 2Hearts P3 6Hearts P0 5Clubs P1 JHearts 
P1 4Hearts P2 QHearts P3 7Hearts P0 7Diamonds 
P0 JClubs P1 6Clubs P2 6Diamonds P3 4Spades 
P2 JSpades P3 2Diamonds P0 KDiamonds P1 QClubs 
P0 5Diamonds P1 QDiamonds P2 ADiamonds P3 3Diamonds 
P2 KSpades P3 4Diamonds P0 JDiamonds P1 KClubs 
-- /GAME --
P0 HAND: ADiamonds, KDiamonds, QDiamonds, 6Diamonds, 2Diamonds, KClubs, 6Clubs, QSpades, 6Spades, 4Spades.
P1 HAND: 7Diamonds, JDiamonds, 3Diamonds, JClubs, 4Clubs, AHearts, 5Hearts, 2Hearts, ASpades, 7Spades.
P2 HAND: QClubs, 2Clubs, 7Hearts, JHearts, QHearts, 6Hearts, 4Hearts, JSpades, 5Spades, 2Spades.
P3 HAND: 5Diamonds, 4Diamonds, AClubs, 7Clubs, 5Clubs, 3Clubs, KHearts, 3Hearts, KSpades, 3Spades.
P0 ADiamonds P1 3Diamonds P2 7Hearts P3 4Diamonds 
P0 2Diamonds P1 JDiamonds P2 2Spades P3 5Diamonds 
P1 AHearts P2 4Hearts P3 KHearts P0 KClubs 
P0 KDiamonds P1 7Diamonds P2 2Clubs P3 3Clubs 
P3 3Hearts P0 6Clubs P1 2Hearts P2 JHearts 
P0 4Spades P1 ASpades P2 5Spades P3 KSpades 
P1 5Hearts P2 6Hearts P3 3Spades P0 QDiamonds 
P2 QHearts P3 5Clubs P0 6Diamonds P1 7Spades 
P3 7Clubs P0 6Spades P1 4Clubs P2 QClubs 
P3 AClubs P0 QSpades P1 JClubs P2 JSpades 
-- /GAME --
P0 HAND: 7Diamonds, 5Diamonds, KClubs, 3Clubs, AHearts, JHearts, JSpades, QSpades, 6Spades, 5Spades.
P1 HAND: 6Diamonds, JClubs, 4Clubs, 6Hearts, 4Hearts, 3Hearts, 2Hearts, 4Spades, 3Spades, 2Spades.
P2 HAND: ADiamonds, QDiamonds, 4Diamonds, AClubs, 5Clubs, 7Hearts, 5Hearts, ASpades, 7Spades, KSpades.
P3 HAND: KDiamonds, JDiamonds, 3Diamonds, 2Diamonds, 7Clubs, QClubs, 6Clubs, 2Clubs, KHearts, QHearts.
P3 2Diamonds P0 5Diamonds P1 6Diamonds P2 ADiamonds 
P2 AClubs P3 2Clubs P0 KClubs P1 4Clubs 
P2 4Diamonds P3 3Diamonds P0 7Diamonds P1 2Spades 
P1 2Hearts P2 5Hearts P3 QHearts P0 AHearts 
P0 3Clubs P1 JClubs P2 5Clubs P3 7Clubs 
P3 6Clubs P0 JHearts P1 3Hearts P2 QDiamonds 
P3 QClubs P0 6Spades P1 4Hearts P2 7Hearts 
P0 QSpades P1 3Spades P2 KSpades P3 JDiamonds 
P2 7Spades P3 KDiamonds P0 5Spades P1 4Spades 
P2 ASpades P3 KHearts P0 JSpades P1 6Hearts 
-- /GAME --

