-- GAME --
P0 HAND: 2Diamonds, KClubs, 6Clubs, 3Clubs, 2Clubs, JHearts, QHearts, 3Hearts, 6Spades, 2Spades.
P1 HAND: JDiamonds, AClubs, 7Clubs, QClubs, 5Clubs, 5Hearts, 4Hearts, ASpades, QSpades, 5Spades.
P2 HAND: ADiamonds, 6Diamonds, 5Diamonds, 4Diamonds, 3Diamonds, JClubs, 7Hearts, 7Spades, 4Spades, 3Spades.
P3 HAND: 7Diamonds, KDiamonds, QDiamonds, 4Clubs, AHearts, KHearts, 6Hearts, 2Hearts, KSpades, JSpades.
P3 AHearts P0 3Hearts P1 5Hearts P2 7Hearts 
P3 2Hearts P0 JHearts P1 4Hearts P2 7Spades 
P0 3Clubs P1 AClubs P2 JClubs P3 4Clubs 
P1 ASpades P2 3Spades P3 KSpades P0 2Spades 
P1 5Clubs P2 4Spades P3 6Hearts P0 KClubs 
P0 QHearts P1 5Spades P2 3Diamonds P3 KHearts 
P2 4Diamonds P3 QDiamonds P0 2Diamonds P1 JDiamonds 
P1 QClubs P2 5Diamonds P3 KDiamonds P0 2Clubs 
P3 JSpades P0 6Spades P1 QSpades P2 6Diamonds 
P2 ADiamonds P3 7Diamonds P0 6Clubs P1 7Clubs 
-- /GAME --
P0 HAND: 4Diamonds, 5Clubs, AHearts, KHearts, QHearts, 5Hearts, 4Hearts, JSpades, 5Spades, 2Spades.
P1 HAND: ADiamonds, QDiamonds, JClubs, QClubs, 3Clubs, JHearts, 6Hearts, 7Spades, 6Spades, 3Spades.
P2 HAND: JDiamonds, 5Diamonds, 3Diamonds, 7Clubs, KClubs, 6Clubs, 3Hearts, 2Hearts, ASpades, KSpades.
P3 HAND: 7Diamonds, KDiamonds, 6Diamonds, 2Diamonds, AClubs, 4Clubs, 2Clubs, 7Hearts, QSpades, 4Spades.
P2 ASpades P3 4Spades P0 JSpades P1 3Spades 
P2 2Hearts P3 7Hearts P0 AHearts P1 6Hearts 
P0 5Clubs P1 3Clubs P2 6Clubs P3 AClubs 
P3 2Clubs P0 4Diamonds P1 QClubs P2 7Clubs 
P0 KHearts P1 JHearts P2 3Hearts P3 2Diamonds 
P3 4Clubs P0 5Spades P1 JClubs P2 KClubs 
P2 3Diamonds P3 6Diamonds P0 2Spades P1 QDiamonds 
P1 6Spades P2 KSpades P3 QSpades P0 QHearts 
P2 5Diamonds P3 KDiamonds P0 5Hearts P1 ADiamonds 
P1 7Spades P2 JDiamonds P3 7Diamonds P0 4Hearts 
-- /GAME --
P0 HAND: 7Clubs, 6Clubs, KHearts, QHearts, 6Hearts, 4Hearts, QSpades, 6Spades, 5Spades, 3Spades.
P1 HAND: ADiamonds, 4Diamonds, KClubs, 5Clubs, 4Clubs, JHearts, 5Hearts, 7Spades, KSpades, 4Spades.
P2 HAND: 7Diamonds, JDiamonds, 3Diamonds, AClubs, 3Clubs, 2Clubs, AHearts, 7Hearts, 3Hearts, 2Spades.
P3 HAND: KDiamonds, QDiamonds, 6Diamonds, 5Diamonds, 2Diamonds, JClubs, QClubs, 2Hearts, ASpades, JSpades.
P1 ADiamonds P2 3Diamonds P3 KDiamonds P0 QSpades 
P0 6Hearts P1 5Hearts P2 AHearts P3 2Hearts 
P2 AClubs P3 QClubs P0 7Clubs P1 4Clubs 
P2 2Clubs P3 JClubs P0 6Clubs P1 KClubs 
P1 4Diamonds P2 7Diamonds P3 2Diamonds P0 KHearts 
P2 3Clubs P3 5Diamonds P0 4Hearts P1 5Clubs 
P1 JHearts P2 3Hearts P3 6Diamonds P0 QHearts 
P1 4Spades P2 2Spades P3 JSpades P0 3Spades 
P3 QDiamonds P0 5Spades P1 KSpades P2 JDiamonds 
P1 7Spades P2 7Hearts P3 ASpades P0 6Spades 
-- /GAME --
P0 HAND: ADiamonds, KDiamonds, 3Diamonds, JHearts, 4Hearts, 7Spades, JSpades, 6Spades, 4Spades, 2Spades.
P1 HAND: 6Diamonds, 2Diamonds, 7Clubs, KClubs, JClubs, 6Clubs, AHearts, 5Hearts, 3Hearts, QSpades.
P2 HAND: 7Diamonds, QDiamonds, 4Diamonds, 5Clubs, 3Clubs, 2Clubs, 7Hearts, KHearts, KSpades, 5Spades.
P3 HAND: JDiamonds, 5Diamonds, AClubs, QClubs, 4Clubs, QHearts, 6Hearts, 2Hearts, ASpades, 3Spades.
P0 ADiamonds P1 2Diamonds P2 7Diamonds P3 5Diamonds 
P0 KDiamonds P1 6Diamonds P2 QDiamonds P3 JDiamonds 
P0 3Diamonds P1 3Hearts P2 4Diamonds P3 2Hearts 
P2 5Spades P3 ASpades P0 2Spades P1 QSpades 
P3 3Spades P0 7Spades P1 6Clubs P2 KSpades 
P1 AHearts P2 KHearts P3 QHearts P0 4Hearts 
P1 5Hearts P2 7Hearts P3 6Hearts P0 JHearts 
P2 2Clubs P3 4Clubs P0 4Spades P1 JClubs 
P1 KClubs P2 3Clubs P3 QClubs P0 6Spades 
P1 7Clubs P2 5Clubs P3 AClubs P0 JSpades 
-- /GAME --
P0 HAND: 3Diamonds, KClubs, 3Clubs, 7Hearts, 2Hearts, 7Spades, KSpades, QSpades, 3Spades, 2Spades.
P1 HAND: 5Diamonds, 4Diamonds, 2Diamonds, AClubs, 7Clubs, 5Clubs, AHearts, QHearts, JSpades, 4Spades.
P2 HAND: ADiamonds, JDiamonds, QDiamonds, JClubs, 2Clubs, KHearts, 6Hearts, 5Hearts, 4Hearts, 5Spades.
P3 HAND: 7Diamonds, KDiamonds, 6Diamonds, QClubs, 6Clubs, 4Clubs, JHearts, 3Hearts, ASpades, 6Spades.
P3 ASpades P0 2Spades P1 JSpades P2 5Spades 
P3 3Hearts P0 2Hearts P1 AHearts P2 4Hearts 
P1 AClubs P2 2Clubs P3 QClubs P0 3Clubs 
P1 4Spades P2 5Hearts P3 6Spades P0 7Spades 
P0 7Hearts P1 QHearts P2 6Hearts P3 JHearts 
P0 KClubs P1 5Clubs P2 JClubs P3 4Clubs 
P0 KSpades P1 2Diamonds P2 QDiamonds P3 KDiamonds 
P3 6Clubs P0 3Spades P1 7Clubs P2 JDiamonds 
P2 ADiamonds P3 6Diamonds P0 3Diamonds P1 4Diamonds 
P2 KHearts P3 7Diamonds P0 QSpades P1 5Diamonds 
-- /GAME --
P0 HAND: 7Diamonds, 6Diamonds, 5Diamonds, 3Diamonds, KClubs, JClubs, 5Clubs, 4Clubs, 3Hearts, 6Spades.
P1 HAND: ADiamonds, 4Diamonds, 2Diamonds, 7Clubs, 2Clubs, 6Hearts, 5Hearts, ASpades, KSpades, 3Spades.
P2 HAND: KDiamonds, 6Clubs, AHearts, KHearts, JHearts, QHearts, JSpades, QSpades, 5Spades, 2Spades.
P3 HAND: JDiamonds, QDiamonds, AClubs, QClubs, 3Clubs, 7Hearts, 4Hearts, 2Hearts, 7Spades, 4Spades.
P2 2Spades P3 4Spades P0 6Spades P1 ASpades 
P1 ADiamonds P2 KDiamonds P3 JDiamonds P0 3Diamonds 
P1 2Diamonds P2 5Spades P3 QDiamonds P0 7Diamonds 
P0 JClubs P1 2Clubs P2 6Clubs P3 AClubs 
P3 3Clubs P0 KClubs P1 7Clubs P2 QHearts 
P2 QSpades P3 7Spades P0 3Hearts P1 3Spades 
P0 6Diamonds P1 4Diamonds P2 JHearts P3 QClubs 
P2 JSpades P3 2Hearts P0 5Diamonds P1 KSpades 
P3 4Hearts P0 5Clubs P1 5Hearts P2 KHearts 
P2 AHearts P3 7Hearts P0 4Clubs P1 6Hearts 
-- /GAME --
P0 HAND: ADiamonds, QDiamonds, AClubs, 7Clubs, 5Clubs, 7Hearts, 5Hearts, 4Hearts, 3Hearts, QSpades.
P1 HAND: 7Diamonds, KDiamonds, JDiamonds, 4Diamonds, QClubs, 3Clubs, 2Clubs, 7Spades, KSpades, 5Spades.
P2 HAND: 2Diamonds, JClubs, 4Clubs, AHearts, JHearts, QHearts, ASpades, JSpades, 3Spades, 2Spades.
P3 HAND: 6Diamonds, 5Diamonds, 3Diamonds, KClubs, 6Clubs, KHearts, 6Hearts, 2Hearts, 6Spades, 4Spades.
P1 4Diamonds P2 2Diamonds P3 3Diamonds P0 QDiamonds 
P0 ADiamonds P1 JDiamonds P2 AHearts P3 5Diamonds 
P0 7Hearts P1 2Clubs P2 QHearts P3 KHearts 
P1 5Spades P2 ASpades P3 4Spades P0 QSpades 
P2 2Spades P3 6Spades P0 5Clubs P1 KSpades 
P0 5Hearts P1 3Clubs P2 JHearts P3 6Hearts 
P1 QClubs P2 4Clubs P3 6Clubs P0 7Clubs 
P0 4Hearts P1 KDiamonds P2 JSpades P3 2Hearts 
P0 3Hearts P1 7Diamonds P2 JClubs P3 KClubs 
P3 6Diamonds P0 AClubs P1 7Spades P2 3Spades 
-- /GAME --

