-- GAME --
P0 7Spades P1 2Spades P2 3Spades P3 ASpades 
P3 4Clubs P0 2Clubs P1 3Clubs P2 JClubs 
P2 2Hearts P3 5Clubs P0 AHearts P1 5Hearts 
P0 6Hearts P1 QHearts P2 4Hearts P3 AClubs 
P1 4Spades P2 2Diamonds P3 QSpades P0 7Clubs 
P2 JHearts P3 6Clubs P0 3Hearts P1 5Spades 
P2 4Diamonds P3 6Diamonds P0 JDiamonds P1 5Diamonds 
P0 3Diamonds P1 ADiamonds P2 KDiamonds P3 QDiamonds 
P1 6Spades P2 KHearts P3 JSpades P0 7Diamonds 
P0 QClubs P1 KSpades P2 7Hearts P3 KClubs 
-- /GAME --
P0 HAND: 4Diamonds, 2Diamonds, QClubs, 6Clubs, 5Clubs, JHearts, 4Hearts, QSpades, 6Spades, 2Spades.
P1 HAND: KDiamonds, 4Clubs, 2Clubs, QHearts, 6Hearts, 5Hearts, 3Hearts, KSpades, 5Spades, 3Spades.
P2 HAND: ADiamonds, JDiamonds, 3Diamonds, AClubs, JClubs, 3Clubs, 7Hearts, 2Hearts, 7Spades, 4Spades.
P3 HAND: 7Diamonds, QDiamonds, 6Diamonds, 5Diamonds, 7Clubs, KClubs, AHearts, KHearts, ASpades, JSpades.
P3 AHearts P0 4Hearts P1 QHearts P2 2Hearts 
P3 5Diamonds P0 4Diamonds P1 KDiamonds P2 ADiamonds 
P2 AClubs P3 KClubs P0 QClubs P1 2Clubs 
P2 3Diamonds P3 6Diamonds P0 2Diamonds P1 6Hearts 
P3 QDiamonds P0 JHearts P1 3Spades P2 JDiamonds 
P1 3Hearts P2 7Hearts P3 KHearts P0 6Clubs 
P2 3Clubs P3 7Clubs P0 5Clubs P1 4Clubs 
P3 JSpades P0 6Spades P1 5Spades P2 4Spades 
P3 ASpades P0 2Spades P1 KSpades P2 7Spades 
P3 7Diamonds P0 QSpades P1 5Hearts P2 JClubs 
-- /GAME --
P0 HAND: 3Diamonds, 7Clubs, JClubs, 4Clubs, 2Clubs, 6Hearts, ASpades, KSpades, 5Spades, 2Spades.
P1 HAND: KDiamonds, JDiamonds, QDiamonds, 6Diamonds, 4Diamonds, 6Clubs, 3Clubs, KHearts, QHearts, 7Spades.
P2 HAND: ADiamonds, 7Diamonds, 5Diamonds, 2Diamonds, AClubs, QClubs, AHearts, 7Hearts, QSpades, 4Spades.
P3 HAND: KClubs, 5Clubs, JHearts, 5Hearts, 4Hearts, 3Hearts, 2Hearts, JSpades, 6Spades, 3Spades.
P2 AClubs P3 5Clubs P0 7Clubs P1 3Clubs 
P2 AHearts P3 2Hearts P0 6Hearts P1 QHearts 
P2 4Spades P3 3Spades P0 ASpades P1 7Spades 
P0 KSpades P1 6Clubs P2 QSpades P3 6Spades 
P0 5Spades P1 4Diamonds P2 QClubs P3 JSpades 
P1 6Diamonds P2 2Diamonds P3 3Hearts P0 3Diamonds 
P1 QDiamonds P2 5Diamonds P3 4Hearts P0 4Clubs 
P1 JDiamonds P2 7Diamonds P3 5Hearts P0 JClubs 
P2 ADiamonds P3 JHearts P0 2Spades P1 KDiamonds 
P2 7Hearts P3 KClubs P0 2Clubs P1 KHearts 
-- /GAME --
P0 HAND: 6Diamonds, 5Diamonds, 4Diamonds, 6Clubs, 3Clubs, 7Hearts, 6Hearts, 5Hearts, 2Hearts, 4Spades.
P1 HAND: ADiamonds, KDiamonds, JDiamonds, QDiamonds, 3Diamonds, 2Diamonds, QClubs, 3Hearts, 5Spades, 2Spades.
P2 HAND: AClubs, KClubs, 5Clubs, 4Hearts, ASpades, 7Spades, KSpades, QSpades, 6Spades, 3Spades.
P3 HAND: 7Diamonds, 7Clubs, JClubs, 4Clubs, 2Clubs, AHearts, KHearts, JHearts, QHearts, JSpades.
P1 2Diamonds P2 3Spades P3 7Diamonds P0 4Diamonds 
P3 2Clubs P0 6Clubs P1 QClubs P2 AClubs 
P2 5Clubs P3 4Clubs P0 3Clubs P1 2Spades 
P2 6Spades P3 JSpades P0 4Spades P1 5Spades 
P3 JClubs P0 6Diamonds P1 3Diamonds P2 KClubs 
P2 QSpades P3 QHearts P0 7Hearts P1 QDiamonds 
P0 5Diamonds P1 JDiamonds P2 4Hearts P3 JHearts 
P3 KHearts P0 2Hearts P1 3Hearts P2 KSpades 
P3 AHearts P0 5Hearts P1 KDiamonds P2 7Spades 
P3 7Clubs P0 6Hearts P1 ADiamonds P2 ASpades 
-- /GAME --
P0 HAND: ADiamonds, QDiamonds, 5Diamonds, 7Clubs, QClubs, 2Clubs, QHearts, 2Hearts, KSpades, 5Spades.
P1 HAND: KDiamonds, 4Diamonds, 3Diamonds, KClubs, 3Clubs, 7Hearts, 5Hearts, 4Hearts, 3Hearts, QSpades.
P2 HAND: JDiamonds, 6Diamonds, AClubs, JClubs, 5Clubs, JHearts, 6Hearts, 7Spades, JSpades, 3Spades.
P3 HAND: 7Diamonds, 2Diamonds, 6Clubs, 4Clubs, AHearts, KHearts, ASpades, 6Spades, 4Spades, 2Spades.
P0 7Clubs P1 3Clubs P2 AClubs P3 4Clubs 
P2 3Spades P3 ASpades P0 5Spades P1 QSpades 
P3 2Diamonds P0 ADiamonds P1 3Diamonds P2 JDiamonds 
P0 KSpades P1 4Diamonds P2 7Spades P3 2Spades 
P2 5Clubs P3 6Clubs P0 QClubs P1 KClubs 
P1 3Hearts P2 6Hearts P3 KHearts P0 2Hearts 
P3 4Spades P0 2Clubs P1 4Hearts P2 JSpades 
P1 5Hearts P2 JHearts P3 AHearts P0 QHearts 
P3 6Spades P0 5Diamonds P1 7Hearts P2 6Diamonds 
P1 KDiamonds P2 JClubs P3 7Diamonds P0 QDiamonds 
-- /GAME --
P0 HAND: KDiamonds, QDiamonds, AClubs, 4Clubs, 2Clubs, AHearts, 7Hearts, ASpades, 4Spades, 2Spades.
P1 HAND: 6Diamonds, 5Diamonds, 4Diamonds, 3Clubs, QHearts, 6Hearts, 5Hearts, 3Hearts, 5Spades, 3Spades.
P2 HAND: 3Diamonds, 2Diamonds, QClubs, 6Clubs, 5Clubs, KHearts, 4Hearts, 7Spades, KSpades, QSpades.
P3 HAND: ADiamonds, 7Diamonds, JDiamonds, 7Clubs, KClubs, JClubs, JHearts, 2Hearts, JSpades, 6Spades.
P3 ADiamonds P0 QDiamonds P1 6Diamonds P2 2Diamonds 
P3 2Hearts P0 AHearts P1 3Hearts P2 KHearts 
P0 7Hearts P1 5Hearts P2 4Hearts P3 JHearts 
P0 ASpades P1 3Spades P2 7Spades P3 6Spades 
P0 4Spades P1 5Spades P2 KSpades P3 JSpades 
P2 3Diamonds P3 JDiamonds P0 KDiamonds P1 4Diamonds 
P0 2Spades P1 5Diamonds P2 QSpades P3 JClubs 
P3 KClubs P0 2Clubs P1 3Clubs P2 5Clubs 
P3 7Clubs P0 AClubs P1 6Hearts P2 6Clubs 
P0 4Clubs P1 QHearts P2 QClubs P3 7Diamonds 
-- /GAME --
P0 HAND: 6Diamonds, 6Clubs, KHearts, JHearts, 6Hearts, 7Spades, 6Spades, 4Spades, 3Spades, 2Spades.
P1 HAND: QDiamonds, 4Diamonds, KClubs, 4Clubs, AHearts, 7Hearts, 5Hearts, 3Hearts, 2Hearts, KSpades.
P2 HAND: ADiamonds, 7Diamonds, 5Diamonds, 3Diamonds, 2Diamonds, 7Clubs, 5Clubs, 3Clubs, 2Clubs, ASpades.
P3 HAND: KDiamonds, JDiamonds, AClubs, JClubs, QClubs, QHearts, 4Hearts, JSpades, QSpades, 5Spades.
P2 2Diamonds P3 JDiamonds P0 6Diamonds P1 QDiamonds 
P3 AClubs P0 6Clubs P1 KClubs P2 2Clubs 
P3 4Hearts P0 6Hearts P1 AHearts P2 ASpades 
P2 3Diamonds P3 KDiamonds P0 2Spades P1 4Diamonds 
P0 JHearts P1 2Hearts P2 3Clubs P3 QHearts 
P0 KHearts P1 3Hearts P2 5Diamonds P3 QClubs 
P0 3Spades P1 KSpades P2 5Clubs P3 5Spades 
P1 4Clubs P2 7Clubs P3 JClubs P0 4Spades 
P0 7Spades P1 5Hearts P2 ADiamonds P3 QSpades 
P0 6Spades P1 7Hearts P2 7Diamonds P3 JSpades 
-- /GAME --
P0 HAND: KDiamonds, JDiamonds, 3Diamonds, QClubs, 3Clubs, 2Clubs, 7Hearts, QHearts, KSpades, 5Spades.
P1 HAND: 7Diamonds, 5Diamonds, AClubs, KClubs, JClubs, AHearts, 6Hearts, JSpades, QSpades, 4Spades.
P2 HAND: ADiamonds, 6Diamonds, 4Diamonds, 2Diamonds, 7Clubs, 5Clubs, KHearts, JHearts, 4Hearts, ASpades.
P3 HAND: QDiamonds, 6Clubs, 4Clubs, 5Hearts, 3Hearts, 2Hearts, 7Spades, 6Spades, 3Spades, 2Spades.
P1 AClubs P2 5Clubs P3 6Clubs P0 3Clubs 
P1 AHearts P2 4Hearts P3 5Hearts P0 QHearts 
P1 4Spades P2 ASpades P3 2Spades P0 KSpades 
P2 JHearts P3 2Hearts 
