-- GAME --
P0 HAND: 7Diamonds, 5Diamonds, 4Diamonds, 3Diamonds, 4Clubs, 2Clubs, KHearts, JHearts, QHearts, 3Hearts.
P1 HAND: QDiamonds, 7Clubs, 6Clubs, 5Clubs, 3Clubs, 6Hearts, 4Hearts, QSpades, 6Spades, 5Spades.
P2 HAND: KDiamonds, JDiamonds, AClubs, KClubs, QClubs, AHearts, 7Hearts, ASpades, 3Spades, 2Spades.
P3 HAND: ADiamonds, 6Diamonds, 2Diamonds, JClubs, 5Hearts, 2Hearts, 7Spades, KSpades, JSpades, 4Spades.
P1 3Clubs P2 AClubs P3 JClubs P0 2Clubs 
P2 AHearts P3 2Hearts P0 KHearts P1 4Hearts 
P2 ASpades P3 4Spades P0 4Clubs P1 5Spades 
P2 2Spades P3 JSpades P0 3Diamonds P1 6Spades 
P0 JHearts P1 6Hearts P2 7Hearts P3 5Hearts 
P2 3Spades P3 KSpades P0 4Diamonds P1 QSpades 
P0 QHearts P1 5Clubs P2 QClubs P3 2Diamonds 
P3 6Diamonds P0 7Diamonds P1 QDiamonds P2 JDiamonds 
P0 3Hearts P1 6Clubs P2 KDiamonds P3 ADiamonds 
P3 7Spades P0 5Diamonds P1 7Clubs P2 KClubs 
-- /GAME --
P0 HAND: QDiamonds, 7Clubs, 6Clubs, 5Clubs, 3Clubs, AHearts, 6Hearts, ASpades, KSpades, 2Spades.
P1 HAND: 7Diamonds, KDiamonds, JDiamonds, 7Hearts, 5Hearts, 3Hearts, 2Hearts, JSpades, 5Spades, 4Spades.
P2 HAND: ADiamonds, 3Diamonds, 2Diamonds, AClubs, JClubs, 4Clubs, KHearts, JHearts, QHearts, QSpades.
P3 HAND: 6Diamonds, 5Diamonds, 4Diamonds, KClubs, QClubs, 2Clubs, 4Hearts, 7Spades, 6Spades, 3Spades.
P0 QDiamonds P1 JDiamonds P2 ADiamonds P3 4Diamonds 
P2 AClubs P3 2Clubs P0 7Clubs P1 2Hearts 
P1 4Spades P2 QSpades P3 3Spades P0 KSpades 
P0 6Hearts P1 3Hearts P2 QHearts P3 4Hearts 
P2 2Diamonds P3 5Diamonds P0 2Spades P1 7Diamonds 
P1 5Spades P2 3Diamonds P3 6Spades P0 ASpades 
P0 6Clubs P1 5Hearts P2 4Clubs P3 KClubs 
P1 JSpades P2 JHearts P3 7Spades P0 3Clubs 
P2 JClubs P3 QClubs P0 5Clubs P1 7Hearts 
P1 KDiamonds P2 KHearts P3 6Diamonds P0 AHearts 
-- /GAME --
P0 HAND: JDiamonds, QDiamonds, 4Diamonds, 3Diamonds, AClubs, 5Clubs, QHearts, 4Hearts, 2Hearts, JSpades.
P1 HAND: ADiamonds, 7Diamonds, 2Diamonds, QClubs, 6Clubs, AHearts, KHearts, JHearts, ASpades, QSpades.
P2 HAND: 7Clubs, JClubs, 4Clubs, 2Clubs, 5Hearts, 3Hearts, 7Spades, KSpades, 5Spades, 4Spades.
P3 HAND: KDiamonds, 6Diamonds, 5Diamonds, KClubs, 3Clubs, 7Hearts, 6Hearts, 6Spades, 3Spades, 2Spades.
P3 3Clubs P0 AClubs P1 6Clubs P2 7Clubs 
P0 3Diamonds P1 ADiamonds P2 4Spades P3 5Diamonds 
P2 2Clubs P3 KClubs P0 5Clubs P1 QClubs 
P3 6Diamonds P0 JDiamonds P1 2Diamonds P2 JClubs 
P0 QDiamonds P1 7Diamonds P2 5Spades P3 KDiamonds 
P2 3Hearts P3 6Hearts P0 QHearts P1 AHearts 
P1 JHearts P2 5Hearts P3 7Hearts P0 2Hearts 
P3 2Spades P0 JSpades P1 QSpades P2 KSpades 
P2 4Clubs P3 3Spades P0 4Hearts P1 KHearts 
P3 6Spades P0 4Diamonds P1 ASpades P2 7Spades 
-- /GAME --

