-- GAME --
P0 HAND: JDiamonds, 7Clubs, KHearts, 4Hearts, 3Hearts, 7Spades, JSpades, QSpades, 5Spades, 3Spades.
P1 HAND: 6Diamonds, 5Diamonds, KClubs, JClubs, QClubs, 6Clubs, QHearts, 6Hearts, 2Hearts, ASpades.
P2 HAND: KDiamonds, QDiamonds, 4Diamonds, 3Diamonds, 5Clubs, 3Clubs, AHearts, JHearts, 4Spades, 2Spades.
P3 HAND: ADiamonds, 7Diamonds, 2Diamonds, AClubs, 4Clubs, 2Clubs, 7Hearts, 5Hearts, KSpades, 6Spades.
P0 JDiamonds P1 5Diamonds P2 3Diamonds P3 ADiamonds 
P3 AClubs P0 7Clubs P1 KClubs P2 3Clubs 
P3 2Diamonds P0 KHearts P1 6Diamonds P2 KDiamonds 
P2 AHearts P3 5Hearts P0 4Hearts P1 2Hearts 
P2 4Diamonds P3 7Diamonds P0 5Spades P1 ASpades 
P1 6Clubs P2 5Clubs P3 2Clubs P0 3Hearts 
P1 6Hearts P2 JHearts P3 7Hearts P0 3Spades 
P0 7Spades P1 QClubs P2 2Spades P3 6Spades 
P0 QSpades P1 QHearts P2 4Spades P3 KSpades 
P3 4Clubs P0 JSpades P1 JClubs P2 QDiamonds 
-- /GAME --
P0 HAND: 7Diamonds, 5Diamonds, 7Clubs, 5Clubs, AHearts, 7Hearts, 4Hearts, 7Spades, 3Spades, 2Spades.
P1 HAND: JDiamonds, 2Diamonds, AClubs, QClubs, 6Clubs, 4Clubs, QHearts, KSpades, QSpades, 5Spades.
P2 HAND: KDiamonds, 6Diamonds, 4Diamonds, KClubs, JClubs, 2Clubs, KHearts, JHearts, 6Hearts, 2Hearts.
P3 HAND: ADiamonds, QDiamonds, 3Diamonds, 3Clubs, 5Hearts, 3Hearts, ASpades, JSpades, 6Spades, 4Spades.
P3 ASpades 
