-- GAME --
P0 HAND: 6Diamonds, 4Diamonds, 3Diamonds, 7Clubs, 6Clubs, 2Clubs, AHearts, 3Hearts, 7Spades, QSpades.
P1 HAND: 7Diamonds, QDiamonds, AClubs, KClubs, 3Clubs, 5Hearts, ASpades, JSpades, 6Spades, 4Spades.
P2 HAND: KDiamonds, JDiamonds, 5Diamonds, 2Diamonds, 5Clubs, KHearts, JHearts, 2Hearts, 3Spades, 2Spades.
P3 HAND: ADiamonds, JClubs, QClubs, 4Clubs, 7Hearts, QHearts, 6Hearts, 4Hearts, KSpades, 5Spades.
P1 AClubs P2 5Clubs P3 JClubs P0 7Clubs 
P1 ASpades P2 2Spades P3 KSpades P0 7Spades 
P1 3Clubs P2 2Hearts P3 4Clubs P0 6Clubs 
P0 AHearts P1 5Hearts P2 KHearts P3 4Hearts 
P0 3Hearts P1 4Spades P2 JHearts P3 7Hearts 
P3 5Spades P0 QSpades P1 6Spades P2 3Spades 
P0 2Clubs P1 KClubs P2 2Diamonds P3 QClubs 
P2 5Diamonds P3 ADiamonds P0 6Diamonds P1 QDiamonds 
P3 6Hearts P0 3Diamonds P1 7Diamonds P2 JDiamonds 
P1 JSpades P2 KDiamonds P3 QHearts P0 4Diamonds 
-- /GAME --
P0 HAND: 7Diamonds, 6Diamonds, 4Diamonds, 2Clubs, 4Hearts, 3Hearts, KSpades, JSpades, 3Spades, 2Spades.
P1 HAND: ADiamonds, 2Diamonds, 7Clubs, 6Clubs, 5Clubs, AHearts, KHearts, JHearts, QHearts, QSpades.
P2 HAND: JClubs, QClubs, 3Clubs, 7Hearts, 5Hearts, 2Hearts, 7Spades, 6Spades, 5Spades, 4Spades.
P3 HAND: KDiamonds, JDiamonds, QDiamonds, 5Diamonds, 3Diamonds, AClubs, KClubs, 4Clubs, 6Hearts, ASpades.
P0 6Diamonds P1 2Diamonds P2 2Hearts P3 3Diamonds 
P0 4Diamonds P1 ADiamonds P2 3Clubs P3 5Diamonds 
P1 5Clubs P2 QClubs P3 AClubs P0 2Clubs 
P3 ASpades P0 KSpades P1 QSpades P2 4Spades 
P3 4Clubs P0 4Hearts P1 7Clubs P2 JClubs 
P1 6Clubs P2 5Hearts P3 KClubs P0 7Diamonds 
P0 JSpades P1 QHearts P2 7Spades P3 QDiamonds 
P3 6Hearts P0 3Hearts P1 JHearts P2 7Hearts 
P2 5Spades P3 JDiamonds P0 2Spades P1 AHearts 
P3 KDiamonds P0 3Spades P1 KHearts P2 6Spades 
-- /GAME --
P0 HAND: KDiamonds, 6Diamonds, 5Diamonds, QClubs, 6Clubs, 5Clubs, KHearts, JHearts, QHearts, ASpades.
P1 HAND: 3Diamonds, KClubs, 4Clubs, 3Clubs, 2Clubs, 7Hearts, 5Hearts, 4Hearts, 4Spades, 3Spades.
P2 HAND: ADiamonds, 7Diamonds, QDiamonds, 4Diamonds, 2Diamonds, AClubs, 3Hearts, 2Hearts, QSpades, 2Spades.
P3 HAND: JDiamonds, 7Clubs, JClubs, AHearts, 6Hearts, 7Spades, KSpades, JSpades, 6Spades, 5Spades.
P3 5Spades P0 ASpades P1 3Spades P2 QSpades 
P0 QHearts P1 4Hearts P2 2Hearts P3 6Hearts 
P0 QClubs P1 2Clubs P2 AClubs P3 JClubs 
P2 2Diamonds P3 JDiamonds P0 KDiamonds P1 3Diamonds 
P0 JHearts P1 5Hearts P2 3Hearts P3 AHearts 
P3 6Spades P0 6Clubs P1 4Spades P2 2Spades 
P3 JSpades P0 5Clubs P1 3Clubs P2 4Diamonds 
P3 KSpades P0 KHearts P1 7Hearts P2 QDiamonds 
P1 4Clubs P2 7Diamonds P3 7Clubs P0 5Diamonds 
P3 7Spades P0 6Diamonds P1 KClubs P2 ADiamonds 
-- /GAME --
P0 HAND: ADiamonds, QDiamonds, 2Diamonds, 7Clubs, KClubs, 4Clubs, 2Clubs, 6Hearts, ASpades, JSpades.
P1 HAND: 7Diamonds, KDiamonds, 6Diamonds, 6Clubs, 5Hearts, 4Hearts, 2Hearts, 7Spades, KSpades, 3Spades.
P2 HAND: 5Diamonds, 4Diamonds, 7Hearts, KHearts, JHearts, QHearts, 3Hearts, 6Spades, 4Spades, 2Spades.
P3 HAND: JDiamonds, 3Diamonds, AClubs, JClubs, QClubs, 5Clubs, 3Clubs, AHearts, QSpades, 5Spades.

