-- GAME --
P0 HAND: QDiamonds, KClubs, JClubs, 5Clubs, AHearts, KHearts, ASpades, KSpades, JSpades, 6Spades.
P1 HAND: JDiamonds, 7Clubs, 4Clubs, 3Clubs, JHearts, 6Hearts, 3Hearts, QSpades, 5Spades, 2Spades.
P2 HAND: ADiamonds, KDiamonds, 5Diamonds, AClubs, 6Clubs, 7Hearts, 4Hearts, 2Hearts, 4Spades, 3Spades.
P3 HAND: 7Diamonds, 6Diamonds, 4Diamonds, 3Diamonds, 2Diamonds, QClubs, 2Clubs, QHearts, 5Hearts, 7Spades.
P0 AHearts P1 3Hearts P2 7Hearts P3 5Hearts 
P0 KHearts P1 6Hearts P2 4Hearts P3 QHearts 
P0 QDiamonds P1 JDiamonds P2 ADiamonds P3 2Diamonds 
P2 AClubs P3 2Clubs P0 KClubs P1 3Clubs 
P2 2Hearts P3 3Diamonds P0 5Clubs P1 JHearts 
P1 4Clubs P2 6Clubs P3 QClubs P0 JClubs 
P0 6Spades P1 2Spades P2 3Spades P3 7Spades 
P3 4Diamonds P0 JSpades P1 5Spades P2 KDiamonds 
P0 KSpades P1 QSpades P2 4Spades P3 6Diamonds 
P0 ASpades P1 7Clubs P2 5Diamonds P3 7Diamonds 
-- /GAME --
P0 HAND: 4Diamonds, 2Diamonds, 5Clubs, 2Clubs, 7Hearts, KHearts, 3Hearts, KSpades, QSpades, 6Spades.
P1 HAND: KDiamonds, 7Clubs, KClubs, 4Clubs, QHearts, 6Hearts, ASpades, JSpades, 5Spades, 3Spades.
P2 HAND: 3Diamonds, AClubs, JClubs, QClubs, 6Clubs, 3Clubs, JHearts, 2Hearts, 7Spades, 2Spades.
P3 HAND: ADiamonds, 7Diamonds, JDiamonds, QDiamonds, 6Diamonds, 5Diamonds, AHearts, 5Hearts, 4Hearts, 4Spades.
P3 4Hearts P0 3Hearts P1 6Hearts P2 JHearts 
P2 2Hearts P3 5Hearts P0 KHearts P1 QHearts 
P0 4Diamonds P1 KDiamonds P2 3Diamonds P3 ADiamonds 
P3 4Spades P0 6Spades P1 ASpades P2 2Spades 
P1 3Spades P2 7Spades P3 5Diamonds P0 QSpades 
P2 3Clubs P3 6Diamonds P0 2Clubs P1 4Clubs 
P1 5Spades P2 6Clubs P3 QDiamonds P0 KSpades 
P2 QClubs P3 JDiamonds P0 5Clubs P1 KClubs 
P1 JSpades P2 JClubs P3 7Diamonds P0 7Hearts 
P2 AClubs P3 AHearts P0 2Diamonds P1 7Clubs 
-- /GAME --
P0 HAND: QClubs, 6Clubs, 5Clubs, 3Clubs, 2Clubs, AHearts, 3Hearts, QSpades, 5Spades, 4Spades.
P1 HAND: ADiamonds, 5Diamonds, AClubs, JClubs, QHearts, 5Hearts, 4Hearts, 2Hearts, ASpades, 3Spades.
P2 HAND: JDiamonds, QDiamonds, 6Diamonds, 4Diamonds, 3Diamonds, KClubs, 7Hearts, KHearts, JSpades, 6Spades.
P3 HAND: 7Diamonds, KDiamonds, 2Diamonds, 7Clubs, 4Clubs, JHearts, 6Hearts, 7Spades, KSpades, 2Spades.
P2 3Diamonds P3 2Diamonds P0 2Clubs P1 5Diamonds 
P0 AHearts P1 2Hearts P2 7Hearts P3 6Hearts 
P0 3Hearts P1 4Hearts P2 KHearts P3 JHearts 
P2 4Diamonds P3 KDiamonds P0 3Clubs P1 ADiamonds 
P0 4Spades P1 ASpades P2 6Spades P3 7Spades 
P1 3Spades P2 JSpades P3 KSpades P0 5Spades 
P3 2Spades P0 QSpades P1 5Hearts P2 JDiamonds 
P0 5Clubs P1 JClubs P2 KClubs P3 7Clubs 
P3 4Clubs P0 QClubs P1 AClubs P2 6Diamonds 
P1 QHearts P2 QDiamonds P3 7Diamonds P0 6Clubs 
-- /GAME --

