-- GAME --
P0 HAND: KDiamonds, AClubs, QClubs, 2Clubs, JHearts, QHearts, 3Hearts, 2Hearts, 4Spades, 2Spades.
P1 HAND: 6Diamonds, 3Diamonds, 5Clubs, 4Clubs, KHearts, 6Hearts, 7Spades, QSpades, 6Spades, 5Spades.
P2 HAND: 7Diamonds, JDiamonds, QDiamonds, 4Diamonds, 7Clubs, 3Clubs, AHearts, 7Hearts, ASpades, 3Spades.
P3 HAND: ADiamonds, 5Diamonds, 2Diamonds, KClubs, JClubs, 6Clubs, 5Hearts, 4Hearts, KSpades, JSpades.
P3 ADiamonds P0 KDiamonds P1 6Diamonds P2 4Diamonds 
P3 2Diamonds P0 2Clubs P1 3Diamonds P2 7Diamonds 
P2 AHearts P3 4Hearts P0 JHearts P1 6Hearts 
P2 3Clubs P3 6Clubs P0 AClubs P1 4Clubs 
P0 2Hearts P1 KHearts P2 7Hearts P3 5Hearts 
P2 QDiamonds P3 5Diamonds P0 2Spades P1 5Clubs 
P0 QClubs P1 5Spades P2 7Clubs P3 KClubs 
P1 6Spades P2 3Spades P3 JSpades P0 4Spades 
P3 JClubs P0 3Hearts P1 QSpades P2 ASpades 
P2 JDiamonds P3 KSpades P0 QHearts P1 7Spades 
-- /GAME --
P0 HAND: 7Clubs, QClubs, 3Clubs, AHearts, 6Hearts, ASpades, 7Spades, JSpades, 6Spades, 2Spades.
P1 HAND: ADiamonds, KDiamonds, 4Diamonds, JClubs, 6Clubs, 5Clubs, 2Clubs, 7Hearts, 5Hearts, QSpades.
P2 HAND: 7Diamonds, JDiamonds, QDiamonds, 6Diamonds, AClubs, 4Clubs, 4Hearts, 2Hearts, KSpades, 4Spades.
P3 HAND: 5Diamonds, 3Diamonds, 2Diamonds, KClubs, KHearts, JHearts, QHearts, 3Hearts, 5Spades, 3Spades.
P2 AClubs P3 KClubs P0 7Clubs P1 2Clubs 
P2 2Hearts P3 3Hearts P0 AHearts P1 5Hearts 
P0 6Hearts P1 7Hearts P2 4Hearts P3 KHearts 
P1 5Clubs P2 4Clubs P3 3Spades P0 QClubs 
P0 3Clubs P1 6Clubs P2 4Spades P3 JHearts 
P1 QSpades P2 KSpades P3 5Spades P0 ASpades 
P0 2Spades P1 4Diamonds P2 6Diamonds P3 QHearts 
P2 QDiamonds P3 2Diamonds P0 6Spades P1 KDiamonds 
P1 JClubs P2 JDiamonds P3 3Diamonds P0 7Spades 
P2 7Diamonds P3 5Diamonds P0 JSpades P1 ADiamonds 
-- /GAME --
P0 HAND: KDiamonds, 3Diamonds, AClubs, 6Clubs, 4Clubs, 2Clubs, 7Hearts, 2Hearts, QSpades, 3Spades.
P1 HAND: 5Diamonds, KHearts, JHearts, 6Hearts, 5Hearts, 4Hearts, 3Hearts, 6Spades, 4Spades, 2Spades.
P2 HAND: ADiamonds, JDiamonds, 6Diamonds, 4Diamonds, 2Diamonds, 7Clubs, KClubs, 3Clubs, AHearts, ASpades.
P3 HAND: 7Diamonds, QDiamonds, JClubs, QClubs, 5Clubs, QHearts, 7Spades, KSpades, JSpades, 5Spades.
P1 2Spades P2 ASpades P3 5Spades P0 QSpades 
P2 2Diamonds P3 QDiamonds P0 3Diamonds P1 5Diamonds 
P3 QHearts P0 2Hearts P1 3Hearts P2 AHearts 
P2 4Diamonds P3 7Diamonds P0 KDiamonds P1 KHearts 
P3 JSpades P0 3Spades P1 4Spades P2 6Diamonds 
P3 5Clubs P0 2Clubs P1 4Hearts P2 3Clubs 
P3 QClubs P0 4Clubs P1 5Hearts P2 KClubs 
P2 JDiamonds P3 JClubs P0 6Clubs P1 JHearts 
P3 KSpades P0 AClubs P1 6Spades P2 ADiamonds 
P0 7Hearts P1 6Hearts P2 7Clubs P3 7Spades 
-- /GAME --
P0 HAND: JDiamonds, 5Diamonds, QClubs, 7Hearts, KHearts, 4Hearts, 2Hearts, KSpades, QSpades, 2Spades.
P1 HAND: ADiamonds, 7Diamonds, 2Diamonds, 7Clubs, 4Clubs, QHearts, 5Hearts, ASpades, JSpades, 4Spades.
P2 HAND: AClubs, KClubs, 6Clubs, 3Clubs, 2Clubs, AHearts, 6Hearts, 7Spades, 6Spades, 5Spades.
P3 HAND: KDiamonds, QDiamonds, 6Diamonds, 4Diamonds, 3Diamonds, JClubs, 5Clubs, JHearts, 3Hearts, 3Spades.
P0 QClubs P1 4Clubs P2 AClubs P3 5Clubs 
P2 AHearts P3 3Hearts P0 7Hearts P1 5Hearts 
P2 2Clubs P3 JClubs P0 JDiamonds P1 7Clubs 
P0 KHearts P1 QHearts P2 6Hearts P3 JHearts 
P0 4Hearts P1 4Spades P2 3Clubs P3 3Spades 
P0 2Hearts P1 2Diamonds P2 5Spades P3 3Diamonds 
P3 4Diamonds P0 5Diamonds P1 7Diamonds P2 6Clubs 
P1 JSpades P2 6Spades P3 6Diamonds P0 2Spades 
P3 QDiamonds P0 QSpades P1 ADiamonds P2 KClubs 
P1 ASpades P2 7Spades P3 KDiamonds P0 KSpades 
-- /GAME --
P0 HAND: 7Clubs, JClubs, 6Clubs, 5Clubs, KHearts, 6Hearts, 5Hearts, 3Hearts, 7Spades, 6Spades.
P1 HAND: 7Diamonds, QDiamonds, 4Diamonds, 2Diamonds, AClubs, AHearts, 4Hearts, JSpades, 5Spades, 2Spades.
P2 HAND: ADiamonds, JDiamonds, 6Diamonds, 3Diamonds, QClubs, 4Clubs, 3Clubs, 2Clubs, 2Hearts, 4Spades.
P3 HAND: KDiamonds, 5Diamonds, KClubs, 7Hearts, JHearts, QHearts, ASpades, KSpades, QSpades, 3Spades.
P3 ASpades P0 6Spades P1 JSpades P2 4Spades 
P3 3Spades P0 7Spades P1 2Spades P2 QClubs 
P0 3Hearts P1 AHearts P2 2Hearts P3 7Hearts 
P1 AClubs P2 2Clubs P3 KClubs P0 5Clubs 
P1 4Hearts P2 3Clubs P3 QHearts P0 KHearts 
P0 7Clubs P1 2Diamonds P2 4Clubs P3 KSpades 
P1 5Spades P2 3Diamonds P3 QSpades P0 JClubs 
P2 6Diamonds P3 5Diamonds P0 6Hearts P1 4Diamonds 
P2 JDiamonds P3 KDiamonds P0 5Hearts P1 QDiamonds 
P3 JHearts P0 6Clubs P1 7Diamonds P2 ADiamonds 
-- /GAME --
P0 HAND: JDiamonds, 6Clubs, 5Clubs, 4Clubs, 3Clubs, AHearts, 7Hearts, KHearts, QHearts, 3Spades.
P1 HAND: 3Diamonds, 7Clubs, JClubs, 2Clubs, 5Hearts, 4Hearts, 2Hearts, ASpades, QSpades, 2Spades.
P2 HAND: ADiamonds, 7Diamonds, 4Diamonds, 2Diamonds, AClubs, KClubs, QClubs, 6Hearts, 7Spades, 6Spades.
P3 HAND: KDiamonds, QDiamonds, 6Diamonds, 5Diamonds, JHearts, 3Hearts, KSpades, JSpades, 5Spades, 4Spades.
P2 ADiamonds P3 5Diamonds P0 JDiamonds P1 3Diamonds 
P2 AClubs P3 3Hearts P0 3Clubs P1 7Clubs 
P3 4Spades P0 3Spades P1 ASpades P2 6Spades 
P1 2Clubs P2 QClubs P3 5Spades P0 4Clubs 
P2 2Diamonds P3 6Diamonds P0 QHearts P1 2Spades 
P0 AHearts P1 2Hearts P2 6Hearts P3 JHearts 
P0 7Hearts P1 4Hearts P2 7Diamonds P3 QDiamonds 
P0 KHearts P1 5Hearts P2 4Diamonds P3 JSpades 
P0 6Clubs P1 JClubs P2 KClubs P3 KDiamonds 
P2 7Spades P3 KSpades P0 5Clubs P1 QSpades 
-- /GAME --
P0 HAND: ADiamonds, 7Diamonds, QDiamonds, 3Diamonds, 2Diamonds, AClubs, 7Clubs, KClubs, 2Clubs, 4Hearts.
P1 HAND: QClubs, 6Clubs, 7Hearts, KHearts, QHearts, 6Hearts, KSpades, 6Spades, 5Spades, 4Spades.
P2 HAND: KDiamonds, JDiamonds, 4Diamonds, JClubs, 5Clubs, 4Clubs, AHearts, JHearts, QSpades, 3Spades.
P3 HAND: 6Diamonds, 5Diamonds, 3Clubs, 5Hearts, 3Hearts, 2Hearts, ASpades, 7Spades, JSpades, 2Spades.

