-- GAME --
P0 5Diamonds P1 5Clubs P2 3Spades 
P1 6Clubs P2 4Clubs P3 7Clubs P0 2Hearts 
P3 4Hearts P0 JHearts P1 QClubs P2 KClubs 
P2 7Spades P3 KHearts P0 6Hearts P1 AClubs 
-- /GAME --
P0 HAND: 7Diamonds, JDiamonds, QDiamonds, 4Diamonds, 5Clubs, 7Hearts, KHearts, QHearts, 5Hearts, JSpades.
P1 HAND: ADiamonds, 3Diamonds, 7Clubs, QClubs, 6Clubs, 3Clubs, AHearts, JHearts, KSpades, 5Spades.
P2 HAND: KClubs, JClubs, 2Clubs, 6Hearts, 4Hearts, ASpades, 7Spades, QSpades, 6Spades, 4Spades.
P3 HAND: KDiamonds, 6Diamonds, 5Diamonds, 2Diamonds, AClubs, 4Clubs, 3Hearts, 2Hearts, 3Spades, 2Spades.
P1 ADiamonds P2 4Hearts P3 2Diamonds P0 7Diamonds 
P2 2Clubs P3 AClubs P0 5Clubs P1 7Clubs 
P3 2Spades P0 JSpades P1 5Spades P2 ASpades 
P2 4Spades P3 3Spades P0 5Hearts P1 KSpades 
P0 JDiamonds P1 3Diamonds P2 6Spades P3 KDiamonds 
P3 4Clubs P0 QHearts P1 3Clubs P2 KClubs 
P0 QDiamonds P1 6Clubs P2 7Spades P3 5Diamonds 
P0 4Diamonds P1 QClubs P2 QSpades P3 6Diamonds 
P3 2Hearts P0 7Hearts P1 AHearts P2 6Hearts 
P1 JHearts P2 JClubs P3 3Hearts P0 KHearts 
-- /GAME --
P0 HAND: KDiamonds, 5Diamonds, 2Diamonds, 7Clubs, QHearts, 3Hearts, ASpades, KSpades, JSpades, 3Spades.
P1 HAND: ADiamonds, JDiamonds, QDiamonds, 6Diamonds, KClubs, AHearts, KHearts, 5Hearts, 4Hearts, 6Spades.
P2 HAND: 7Diamonds, JClubs, QClubs, 5Clubs, 4Clubs, 3Clubs, 2Clubs, 7Hearts, 7Spades, 5Spades.
P3 HAND: 4Diamonds, 3Diamonds, AClubs, 6Clubs, JHearts, 6Hearts, 2Hearts, QSpades, 4Spades, 2Spades.

