-- GAME --
P0 HAND: QDiamonds, 5Diamonds, AClubs, 7Hearts, JHearts, 5Hearts, KSpades, JSpades, 3Spades, 2Spades.
P1 HAND: 7Diamonds, 4Diamonds, 6Clubs, 4Clubs, QHearts, 6Hearts, 4Hearts, 7Spades, 5Spades, 4Spades.
P2 HAND: 3Diamonds, 2Diamonds, 7Clubs, JClubs, QClubs, 3Clubs, AHearts, 3Hearts, 2Hearts, QSpades.
P3 HAND: ADiamonds, KDiamonds, JDiamonds, 6Diamonds, KClubs, 5Clubs, 2Clubs, KHearts, ASpades, 6Spades.
P1 4Clubs P2 3Clubs P3 2Clubs P0 AClubs 
P0 2Spades P1 4Spades P2 QSpades P3 ASpades 
P3 5Clubs P0 KSpades P1 6Clubs P2 7Clubs 
P2 AHearts P3 KHearts P0 7Hearts P1 4Hearts 
P2 2Hearts P3 6Spades P0 JHearts P1 6Hearts 
P0 5Hearts P1 QHearts P2 3Hearts P3 KClubs 
P1 5Spades P2 QClubs P3 6Diamonds P0 3Spades 
P3 JDiamonds P0 5Diamonds P1 4Diamonds P2 2Diamonds 
P3 KDiamonds P0 QDiamonds P1 7Diamonds P2 3Diamonds 
P1 7Spades P2 JClubs P3 ADiamonds P0 JSpades 
-- /GAME --
P0 HAND: QDiamonds, 2Diamonds, AClubs, KClubs, QClubs, 4Clubs, JHearts, 6Hearts, ASpades, 2Spades.
P1 HAND: 7Diamonds, 6Diamonds, 5Diamonds, 3Clubs, 2Clubs, 4Hearts, KSpades, JSpades, 5Spades, 3Spades.
P2 HAND: JDiamonds, 4Diamonds, 7Clubs, JClubs, AHearts, 7Hearts, QHearts, 5Hearts, 3Hearts, 6Spades.
P3 HAND: ADiamonds, KDiamonds, 3Diamonds, 6Clubs, 5Clubs, KHearts, 2Hearts, 7Spades, QSpades, 4Spades.
P0 AClubs P1 2Clubs P2 7Clubs P3 5Clubs 
P0 ASpades P1 3Spades P2 6Spades P3 4Spades 
P0 KClubs P1 3Clubs P2 JClubs P3 6Clubs 
P0 2Spades P1 5Spades P2 4Diamonds P3 7Spades 
P3 ADiamonds P0 2Diamonds P1 7Diamonds P2 JDiamonds 
P3 3Diamonds P0 QDiamonds P1 5Diamonds P2 3Hearts 
P2 5Hearts P3 2Hearts P0 JHearts P1 4Hearts 
P0 6Hearts P1 6Diamonds P2 QHearts P3 KHearts 
P3 QSpades P0 QClubs P1 JSpades P2 7Hearts 
P2 AHearts P3 KDiamonds P0 4Clubs P1 KSpades 
-- /GAME --
P0 HAND: 7Diamonds, KDiamonds, QDiamonds, 6Diamonds, KClubs, QClubs, 5Clubs, AHearts, KHearts, 6Spades.
P1 HAND: ADiamonds, 7Clubs, 4Clubs, 2Clubs, QHearts, 5Hearts, 3Hearts, JSpades, 5Spades, 2Spades.
P2 HAND: JDiamonds, 4Diamonds, AClubs, 3Clubs, 4Hearts, 2Hearts, ASpades, KSpades, QSpades, 4Spades.
P3 HAND: 5Diamonds, 3Diamonds, 2Diamonds, JClubs, 6Clubs, 7Hearts, JHearts, 6Hearts, 7Spades, 3Spades.
P3 2Diamonds P0 6Diamonds P1 ADiamonds P2 4Diamonds 
P1 2Clubs P2 AClubs P3 6Clubs P0 KClubs 
P2 ASpades P3 3Spades P0 6Spades P1 2Spades 
P2 3Clubs P3 JClubs P0 5Clubs P1 7Clubs 
P1 4Clubs P2 4Spades P3 3Diamonds P0 QClubs 
P0 KDiamonds P1 5Spades P2 JDiamonds P3 5Diamonds 
P0 QDiamonds P1 3Hearts P2 QSpades P3 7Spades 
P1 JSpades P2 KSpades P3 6Hearts P0 KHearts 
P0 7Diamonds P1 5Hearts P2 2Hearts P3 JHearts 
P3 7Hearts P0 AHearts P1 QHearts P2 4Hearts 
-- /GAME --
P0 HAND: 6Diamonds, 3Diamonds, AClubs, 7Clubs, KClubs, 6Clubs, 3Clubs, 5Hearts, 2Hearts, KSpades.
P1 HAND: JClubs, QClubs, 5Clubs, 2Clubs, JHearts, 4Hearts, 3Hearts, 6Spades, 5Spades, 4Spades.
P2 HAND: 7Diamonds, 5Diamonds, 4Diamonds, 7Hearts, QHearts, 6Hearts, ASpades, 7Spades, JSpades, 3Spades.
P3 HAND: ADiamonds, KDiamonds, JDiamonds, QDiamonds, 2Diamonds, 4Clubs, AHearts, KHearts, QSpades, 2Spades.
P2 ASpades P3 2Spades P0 KSpades P1 4Spades 
P2 3Spades P3 QSpades P0 2Hearts P1 5Spades 
P0 3Diamonds P1 2Clubs P2 4Diamonds P3 ADiamonds 
P3 2Diamonds P0 6Diamonds P1 5Clubs P2 7Diamonds 
P2 5Diamonds P3 QDiamonds P0 3Clubs P1 JClubs 
P3 4Clubs P0 AClubs P1 QClubs P2 7Spades 
P0 KClubs P1 6Spades P2 6Hearts P3 KHearts 
P3 JDiamonds P0 5Hearts P1 3Hearts P2 JSpades 
P0 6Clubs P1 4Hearts P2 QHearts P3 AHearts 
P3 KDiamonds P0 7Clubs P1 JHearts P2 7Hearts 
-- /GAME --
P0 HAND: QDiamonds, 6Diamonds, 5Diamonds, 7Clubs, JClubs, 6Clubs, JHearts, 5Hearts, 4Hearts, 2Spades.
P1 HAND: AClubs, 4Clubs, AHearts, 7Hearts, QHearts, 6Hearts, 3Hearts, 2Hearts, ASpades, 7Spades.
P2 HAND: 7Diamonds, 4Diamonds, KClubs, QClubs, 2Clubs, KSpades, 6Spades, 5Spades, 4Spades, 3Spades.
P3 HAND: ADiamonds, KDiamonds, JDiamonds, 3Diamonds, 2Diamonds, 5Clubs, 3Clubs, KHearts, JSpades, QSpades.
P1 AClubs P2 2Clubs P3 5Clubs P0 6Clubs 
P1 2Hearts P2 3Spades P3 KHearts P0 4Hearts 
P3 3Clubs P0 7Clubs P1 4Clubs P2 KClubs 
P0 2Spades P1 ASpades P2 4Spades P3 JSpades 
P1 3Hearts P2 5Spades P3 QSpades P0 JHearts 
P0 5Hearts P1 6Hearts P2 6Spades P3 2Diamonds 
P3 3Diamonds P0 QDiamonds P1 QHearts P2 4Diamonds 
P0 5Diamonds P1 7Hearts P2 7Diamonds P3 ADiamonds 
P3 JDiamonds P0 6Diamonds P1 7Spades P2 QClubs 
P3 KDiamonds P0 JClubs P1 AHearts P2 KSpades 
-- /GAME --
P0 HAND: KDiamonds, 4Diamonds, 3Diamonds, AClubs, QClubs, 5Clubs, 7Hearts, ASpades, 7Spades, 5Spades.
P1 HAND: ADiamonds, JDiamonds, QDiamonds, 6Diamonds, 7Clubs, KClubs, 3Clubs, AHearts, QHearts, KSpades.
P2 HAND: 7Diamonds, JClubs, 6Clubs, 4Clubs, 2Clubs, KHearts, JHearts, 4Hearts, 4Spades, 2Spades.
P3 HAND: 5Diamonds, 2Diamonds, 6Hearts, 5Hearts, 3Hearts, 2Hearts, JSpades, QSpades, 6Spades, 3Spades.
P0 AClubs P1 3Clubs P2 JClubs P3 3Spades 
P3 2Diamonds P0 3Diamonds P1 ADiamonds P2 7Diamonds 
P1 AHearts P2 4Hearts P3 6Hearts P0 7Hearts 
P1 6Diamonds P2 2Clubs P3 5Diamonds P0 4Diamonds 
P1 QDiamonds P2 4Clubs P3 2Hearts P0 KDiamonds 
P0 5Clubs P1 KClubs P2 6Clubs P3 5Hearts 
P1 QHearts P2 JHearts P3 3Hearts P0 QClubs 
P2 2Spades P3 6Spades P0 5Spades P1 KSpades 
P1 JDiamonds P2 4Spades P3 QSpades P0 ASpades 
P0 7Spades P1 7Clubs P2 KHearts P3 JSpades 
-- /GAME --

