-- GAME --
P0 AClubs P1 3Clubs P2 KClubs 
P0 2Diamonds P1 ADiamonds P2 4Diamonds P3 KDiamonds 
P1 3Diamonds P2 6Diamonds P3 JDiamonds P0 7Diamonds 
P0 3Hearts P1 4Clubs P2 AHearts P3 5Hearts 
P2 2Hearts P3 7Hearts P0 4Hearts P1 7Clubs 
P3 6Hearts P0 JHearts P1 5Clubs P2 KHearts 
P2 QDiamonds P3 QClubs P0 5Diamonds P1 6Clubs 
P2 2Spades P3 4Spades P0 JSpades P1 3Spades 
P0 QHearts P1 6Spades P2 KSpades P3 5Spades 
P2 7Spades P3 QSpades P0 ASpades P1 JClubs 
-- /GAME --
P0 HAND: KDiamonds, 6Diamonds, 2Diamonds, AClubs, JClubs, QClubs, JHearts, QHearts, 6Hearts, 5Hearts.
P1 HAND: ADiamonds, 4Diamonds, 5Clubs, 4Clubs, 7Hearts, KHearts, 2Hearts, 6Spades, 5Spades, 2Spades.
P2 HAND: 7Diamonds, JDiamonds, QDiamonds, 3Clubs, AHearts, 3Hearts, 7Spades, JSpades, 4Spades, 3Spades.
P3 HAND: 5Diamonds, 3Diamonds, 7Clubs, KClubs, 6Clubs, 2Clubs, 4Hearts, ASpades, KSpades, QSpades.
P2 3Clubs P3 2Clubs P0 AClubs P1 4Clubs 
P0 2Diamonds P1 ADiamonds P2 QDiamonds P3 5Diamonds 
P1 2Spades P2 3Spades P3 ASpades P0 JHearts 
P0 KDiamonds P1 4Diamonds P2 7Diamonds P3 3Diamonds 
P2 4Spades P3 QSpades P0 5Hearts P1 5Spades 
P0 6Diamonds P1 5Clubs P2 JDiamonds P3 6Clubs 
P2 JSpades P3 KSpades P0 QHearts P1 6Spades 
P0 JClubs P1 2Hearts P2 3Hearts P3 KClubs 
P2 AHearts P3 4Hearts P0 6Hearts P1 KHearts 
P2 7Spades P3 7Clubs P0 QClubs P1 7Hearts 
-- /GAME --
P0 HAND: QDiamonds, 6Diamonds, 4Clubs, 3Clubs, AHearts, 4Hearts, 3Hearts, ASpades, 5Spades, 2Spades.
P1 HAND: 7Diamonds, 2Diamonds, JClubs, QClubs, 2Clubs, KHearts, KSpades, JSpades, QSpades, 4Spades.
P2 HAND: ADiamonds, KDiamonds, JDiamonds, 4Diamonds, 7Clubs, 6Clubs, 7Hearts, QHearts, 2Hearts, 3Spades.
P3 HAND: 5Diamonds, 3Diamonds, AClubs, KClubs, 5Clubs, JHearts, 6Hearts, 5Hearts, 7Spades, 6Spades.

