-- GAME --
P1 5Hearts P2 2Diamonds P3 3Hearts P0 6Hearts 
P2 6Diamonds P3 4Diamonds P0 7Diamonds P1 JDiamonds 
P0 QSpades P1 5Spades P2 7Spades P3 6Spades 
P2 QDiamonds P3 5Diamonds P0 ADiamonds P1 QHearts 
P0 JSpades P1 KHearts P2 KDiamonds P3 KSpades 
P2 KClubs P3 5Clubs P0 JClubs P1 7Hearts 
-- /GAME --
P0 HAND: 5Diamonds, 4Diamonds, 7Clubs, KClubs, 6Clubs, 6Hearts, 4Hearts, KSpades, QSpades, 2Spades.
P1 HAND: 6Diamonds, 3Diamonds, AClubs, JClubs, 3Clubs, 2Clubs, AHearts, JHearts, 6Spades, 4Spades.
P2 HAND: 7Diamonds, 2Diamonds, QClubs, 5Clubs, 7Hearts, 5Hearts, 3Hearts, 2Hearts, JSpades, 5Spades.
P3 HAND: ADiamonds, KDiamonds, JDiamonds, QDiamonds, 4Clubs, KHearts, QHearts, ASpades, 7Spades, 3Spades.
P2 2Diamonds P3 ADiamonds P0 4Diamonds P1 6Diamonds 
P3 ASpades P0 2Spades P1 6Spades P2 5Spades 
P3 3Spades P0 KSpades P1 4Spades P2 JSpades 
P0 4Hearts P1 AHearts P2 2Hearts P3 KHearts 
P1 3Diamonds P2 7Diamonds P3 QDiamonds P0 5Diamonds 
P2 3Hearts P3 QHearts P0 6Hearts P1 JHearts 
P1 2Clubs P2 5Clubs P3 4Clubs P0 6Clubs 
P0 QSpades P1 3Clubs P2 5Hearts P3 7Spades 
P1 JClubs P2 QClubs P3 JDiamonds P0 7Clubs 
P0 KClubs P1 AClubs P2 7Hearts P3 KDiamonds 
-- /GAME --
P0 HAND: 5Diamonds, KClubs, JClubs, 6Clubs, KHearts, 4Hearts, 3Hearts, QSpades, 3Spades, 2Spades.
P1 HAND: 7Diamonds, 3Diamonds, 7Clubs, JHearts, QHearts, 5Hearts, 2Hearts, 7Spades, KSpades, 6Spades.
P2 HAND: 4Diamonds, AClubs, QClubs, 5Clubs, 3Clubs, 2Clubs, 7Hearts, 6Hearts, JSpades, 4Spades.
P3 HAND: ADiamonds, KDiamonds, JDiamonds, QDiamonds, 6Diamonds, 2Diamonds, 4Clubs, AHearts, ASpades, 5Spades.
P1 2Hearts P2 6Hearts P3 AHearts P0 3Hearts 
P3 2Diamonds P0 5Diamonds P1 3Diamonds P2 4Diamonds 
P0 4Hearts P1 5Hearts P2 7Hearts P3 5Spades 
P3 4Clubs P0 KClubs P1 7Clubs P2 AClubs 
P2 2Clubs P3 6Diamonds P0 JClubs P1 QHearts 
P0 6Clubs P1 6Spades P2 3Clubs P3 ADiamonds 
P1 JHearts P2 5Clubs P3 QDiamonds P0 KHearts 
P0 2Spades P1 KSpades P2 4Spades P3 ASpades 
P3 JDiamonds P0 3Spades P1 7Diamonds P2 QClubs 
P0 QSpades P1 7Spades P2 JSpades P3 KDiamonds 
-- /GAME --
P0 HAND: 6Diamonds, 5Diamonds, 4Diamonds, 2Diamonds, KClubs, 6Clubs, 2Clubs, QHearts, ASpades, 7Spades.
P1 HAND: JDiamonds, QDiamonds, JClubs, QClubs, 5Clubs, 5Hearts, 3Hearts, 2Hearts, JSpades, QSpades.
P2 HAND: 7Diamonds, KDiamonds, 3Diamonds, 4Clubs, KHearts, 6Hearts, 5Spades, 4Spades, 3Spades, 2Spades.
P3 HAND: ADiamonds, AClubs, 7Clubs, 3Clubs, AHearts, 7Hearts, JHearts, 4Hearts, KSpades, 6Spades.
P0 ASpades P1 QSpades P2 5Spades P3 6Spades 
P0 7Spades P1 JSpades P2 2Spades P3 KSpades 
P0 2Diamonds P1 QDiamonds P2 3Diamonds P3 ADiamonds 
P3 AClubs P0 2Clubs P1 JClubs P2 4Clubs 
P3 3Clubs P0 KClubs P1 5Clubs P2 7Diamonds 
P0 4Diamonds P1 JDiamonds P2 KDiamonds P3 4Hearts 
P3 JHearts P0 QHearts P1 2Hearts P2 KHearts 
P2 3Spades P3 7Hearts P0 6Clubs P1 QClubs 
P3 AHearts P0 6Diamonds P1 3Hearts P2 6Hearts 
P3 7Clubs P0 5Diamonds P1 5Hearts P2 4Spades 
-- /GAME --
P0 HAND: 3Diamonds, 7Clubs, QClubs, 6Clubs, 4Clubs, 5Hearts, 4Hearts, 7Spades, KSpades, 6Spades.
P1 HAND: ADiamonds, 7Diamonds, 2Diamonds, AHearts, KHearts, JHearts, 3Hearts, ASpades, QSpades, 3Spades.
P2 HAND: KDiamonds, QDiamonds, 6Diamonds, AClubs, 5Clubs, 2Clubs, QHearts, 5Spades, 4Spades, 2Spades.
P3 HAND: JDiamonds, 5Diamonds, 4Diamonds, KClubs, JClubs, 3Clubs, 7Hearts, 6Hearts, 2Hearts, JSpades.
P3 2Hearts P0 4Hearts P1 AHearts P2 QHearts 
P1 ADiamonds P2 6Diamonds P3 JDiamonds P0 3Diamonds 
P1 ASpades P2 2Spades P3 JSpades P0 6Spades 
P1 2Diamonds P2 QDiamonds P3 4Diamonds P0 7Spades 
P2 4Spades P3 5Diamonds P0 KSpades P1 3Spades 
P0 5Hearts P1 3Hearts P2 5Spades P3 7Hearts 
P3 6Hearts P0 4Clubs P1 JHearts P2 KDiamonds 
P0 6Clubs P1 QSpades P2 2Clubs P3 3Clubs 
P0 7Clubs P1 KHearts P2 5Clubs P3 JClubs 
P0 QClubs P1 7Diamonds P2 AClubs P3 KClubs 
-- /GAME --
P0 HAND: JDiamonds, 3Diamonds, KClubs, 7Hearts, KHearts, 4Hearts, KSpades, QSpades, 5Spades, 2Spades.
P1 HAND: 7Diamonds, QDiamonds, 2Diamonds, 3Clubs, AHearts, QHearts, 3Hearts, 7Spades, 4Spades, 3Spades.
P2 HAND: 6Diamonds, 5Diamonds, 4Diamonds, AClubs, JClubs, 4Clubs, 2Clubs, JHearts, 5Hearts, 2Hearts.
P3 HAND: ADiamonds, KDiamonds, 7Clubs, QClubs, 6Clubs, 5Clubs, 6Hearts, ASpades, JSpades, 6Spades.
P2 AClubs P3 5Clubs P0 KClubs P1 3Clubs 
P2 2Clubs P3 6Clubs P0 2Spades P1 AHearts 
P3 ASpades P0 5Spades P1 7Spades P2 4Diamonds 
P2 2Hearts P3 6Hearts P0 4Hearts P1 QHearts 
P1 3Hearts P2 5Hearts P3 6Spades P0 7Hearts 
P0 QSpades P1 3Spades P2 4Clubs P3 JSpades 
P3 QClubs P0 3Diamonds P1 4Spades P2 JClubs 
P0 KSpades P1 2Diamonds P2 5Diamonds P3 KDiamonds 
P3 ADiamonds P0 JDiamonds P1 QDiamonds P2 6Diamonds 
P3 7Clubs P0 KHearts P1 7Diamonds P2 JHearts 
-- /GAME --
P0 HAND: QDiamonds, 3Diamonds, 4Clubs, 3Clubs, AHearts, JHearts, 2Hearts, KSpades, QSpades, 4Spades.
P1 HAND: KDiamonds, JDiamonds, 4Diamonds, AClubs, 7Clubs, KClubs, QClubs, 3Hearts, ASpades, 2Spades.
P2 HAND: ADiamonds, 6Diamonds, 2Diamonds, JClubs, 6Clubs, 2Clubs, 7Hearts, KHearts, 6Hearts, 7Spades.
P3 HAND: 7Diamonds, 5Diamonds, 5Clubs, QHearts, 5Hearts, 4Hearts, JSpades, 6Spades, 5Spades, 3Spades.

