-- GAME --
P0 HAND: KDiamonds, 4Diamonds, AClubs, KClubs, JClubs, 4Clubs, JHearts, 2Hearts, ASpades, QSpades.
P1 HAND: 7Diamonds, 6Diamonds, 5Diamonds, 3Diamonds, 2Clubs, 5Hearts, KSpades, 6Spades, 5Spades, 4Spades.
P2 HAND: JDiamonds, QDiamonds, 2Diamonds, 7Clubs, 3Clubs, 7Hearts, KHearts, 6Hearts, 4Hearts, 3Hearts.
P3 HAND: ADiamonds, QClubs, 6Clubs, 5Clubs, AHearts, QHearts, 7Spades, JSpades, 3Spades, 2Spades.
P2 2Diamonds P3 ADiamonds P0 4Diamonds P1 7Diamonds 
P3 AHearts P0 2Hearts P1 5Hearts P2 3Hearts 
P3 5Clubs P0 AClubs P1 2Clubs P2 7Clubs 
P0 KDiamonds P1 3Diamonds P2 JDiamonds P3 2Spades 
P3 6Clubs P0 KClubs P1 5Diamonds P2 3Clubs 
P0 JClubs P1 6Diamonds P2 7Hearts P3 QClubs 
P0 4Clubs P1 4Spades P2 4Hearts P3 QHearts 
P1 5Spades P2 6Hearts P3 3Spades P0 QSpades 
P0 JHearts P1 6Spades P2 KHearts P3 JSpades 
P3 7Spades P0 ASpades P1 KSpades P2 QDiamonds 
-- /GAME --
P0 HAND: KDiamonds, 5Diamonds, 3Diamonds, 7Clubs, 4Clubs, AHearts, JHearts, QHearts, 5Hearts, JSpades.
P1 HAND: 7Diamonds, QDiamonds, 2Diamonds, 6Clubs, 5Clubs, 7Hearts, 2Hearts, 7Spades, 6Spades, 3Spades.
P2 HAND: ADiamonds, JDiamonds, KClubs, QClubs, 3Clubs, 2Clubs, KHearts, 3Hearts, KSpades, 4Spades.
P3 HAND: 6Diamonds, 4Diamonds, AClubs, JClubs, 6Hearts, 4Hearts, ASpades, QSpades, 5Spades, 2Spades.
P1 2Hearts P2 3Hearts 
