-- GAME --
P0 HAND: 3Diamonds, AClubs, KClubs, QClubs, 3Clubs, AHearts, JHearts, QHearts, ASpades, 6Spades.
P1 HAND: JDiamonds, 6Diamonds, 2Diamonds, 7Clubs, 4Clubs, 7Hearts, 6Hearts, JSpades, 4Spades, 2Spades.
P2 HAND: KDiamonds, QDiamonds, 5Diamonds, 4Diamonds, 6Clubs, 5Clubs, 2Clubs, KHearts, 7Spades, KSpades.
P3 HAND: ADiamonds, 7Diamonds, JClubs, 5Hearts, 4Hearts, 3Hearts, 2Hearts, QSpades, 5Spades, 3Spades.
P1 2Spades P2 KSpades P3 3Spades P0 6Spades 
P2 2Clubs P3 JClubs P0 AClubs P1 4Clubs 
P0 AHearts P1 6Hearts P2 KHearts P3 2Hearts 
P0 3Diamonds P1 2Diamonds P2 4Diamonds P3 7Diamonds 
P3 3Hearts P0 JHearts P1 7Hearts P2 5Diamonds 
P2 5Clubs P3 4Hearts P0 3Clubs P1 7Clubs 
P1 4Spades P2 7Spades P3 5Spades P0 ASpades 
P0 KClubs P1 6Diamonds P2 6Clubs P3 QSpades 
P1 JSpades P2 QDiamonds P3 ADiamonds P0 QHearts 
P3 5Hearts P0 QClubs P1 JDiamonds P2 KDiamonds 
-- /GAME --
P0 HAND: 7Diamonds, KDiamonds, QDiamonds, 5Diamonds, 3Diamonds, 2Diamonds, JClubs, 4Hearts, ASpades, JSpades.
P1 HAND: JDiamonds, QClubs, 6Clubs, 4Clubs, 3Clubs, 2Clubs, 7Hearts, KHearts, 7Spades, 2Spades.
P2 HAND: ADiamonds, 6Diamonds, 5Clubs, AHearts, JHearts, 6Hearts, KSpades, QSpades, 6Spades, 3Spades.
P3 HAND: 4Diamonds, AClubs, 7Clubs, KClubs, QHearts, 5Hearts, 3Hearts, 2Hearts, 5Spades, 4Spades.
P0 4Hearts P1 KHearts P2 AHearts P3 2Hearts 
P2 3Spades P3 4Spades P0 JSpades P1 7Spades 
P1 2Clubs P2 5Clubs P3 AClubs P0 JClubs 
P3 3Hearts P0 2Diamonds P1 7Hearts P2 JHearts 
P0 KDiamonds P1 JDiamonds P2 6Diamonds P3 4Diamonds 
P0 5Diamonds P1 2Spades P2 ADiamonds P3 5Hearts 
P2 6Hearts P3 QHearts P0 3Diamonds P1 3Clubs 
P0 7Diamonds P1 4Clubs P2 6Spades P3 5Spades 
P0 QDiamonds P1 6Clubs P2 QSpades P3 KClubs 
P0 ASpades P1 QClubs P2 KSpades P3 7Clubs 
-- /GAME --
P0 HAND: ADiamonds, QDiamonds, 6Diamonds, 3Diamonds, AClubs, QClubs, 7Hearts, JHearts, 3Hearts, 5Spades.
P1 HAND: KDiamonds, 3Clubs, AHearts, KHearts, QHearts, 6Hearts, 4Hearts, JSpades, QSpades, 2Spades.
P2 HAND: JDiamonds, 5Diamonds, 2Diamonds, 7Clubs, JClubs, 5Clubs, 4Clubs, 7Spades, KSpades, 4Spades.
P3 HAND: 7Diamonds, 4Diamonds, KClubs, 6Clubs, 2Clubs, 5Hearts, 2Hearts, ASpades, 6Spades, 3Spades.
P3 ASpades P0 5Spades P1 JSpades P2 4Spades 
P3 2Hearts P0 3Hearts P1 AHearts P2 4Clubs 
P2 2Diamonds P3 4Diamonds P0 ADiamonds P1 KDiamonds 
P0 7Hearts P1 4Hearts P2 7Spades P3 5Hearts 
P0 JHearts P1 6Hearts P2 5Diamonds P3 3Spades 
P0 QDiamonds P1 2Spades P2 JDiamonds P3 7Diamonds 
P3 6Spades P0 3Diamonds P1 QSpades P2 KSpades 
P2 5Clubs P3 2Clubs P0 QClubs P1 3Clubs 
P0 6Diamonds P1 QHearts P2 JClubs P3 KClubs 
P3 6Clubs P0 AClubs P1 KHearts P2 7Clubs 
-- /GAME --
P0 HAND: 7Diamonds, JDiamonds, 5Diamonds, 3Diamonds, QClubs, 4Clubs, KHearts, JSpades, 4Spades, 3Spades.
P1 HAND: KDiamonds, 6Diamonds, 4Diamonds, 7Clubs, JClubs, 6Clubs, 5Clubs, AHearts, ASpades, 5Spades.
P2 HAND: QDiamonds, 2Diamonds, AClubs, 2Clubs, QHearts, 6Hearts, 4Hearts, 2Hearts, KSpades, 6Spades.
P3 HAND: ADiamonds, KClubs, 3Clubs, 7Hearts, JHearts, 5Hearts, 3Hearts, 7Spades, QSpades, 2Spades.
P0 QClubs P1 5Clubs P2 AClubs P3 3Clubs 
P2 2Diamonds P3 ADiamonds P0 3Diamonds P1 KDiamonds 
P3 2Spades P0 3Spades P1 ASpades P2 6Spades 
P1 4Diamonds P2 QDiamonds P3 QSpades P0 7Diamonds 
P0 4Clubs P1 6Clubs P2 2Clubs P3 KClubs 
P3 3Hearts P0 KHearts P1 AHearts P2 2Hearts 
P1 5Spades P2 KSpades P3 7Spades 
