-- GAME --
P0 HAND: 7Diamonds, QDiamonds, 5Diamonds, 3Diamonds, AClubs, QClubs, 3Clubs, 2Clubs, 6Hearts, JSpades.
P1 HAND: KDiamonds, 6Diamonds, 7Clubs, JClubs, 5Clubs, AHearts, 4Hearts, 2Hearts, 7Spades, 3Spades.
P2 HAND: ADiamonds, JDiamonds, 4Diamonds, 2Diamonds, KClubs, 6Clubs, 4Clubs, KHearts, QSpades, 4Spades.
P3 HAND: 7Hearts, JHearts, QHearts, 5Hearts, 3Hearts, ASpades, KSpades, 6Spades, 5Spades, 2Spades.
P1 AHearts P2 KHearts P3 7Hearts P0 6Hearts 
P1 2Hearts P2 2Diamonds P3 3Hearts P0 JSpades 
P3 2Spades P0 7Diamonds P1 3Spades P2 QSpades 
P2 4Diamonds P3 5Hearts P0 QDiamonds P1 KDiamonds 
P1 4Hearts P2 4Spades P3 QHearts P0 5Diamonds 
P3 5Spades P0 3Diamonds P1 7Spades P2 4Clubs 
P2 JDiamonds P3 6Spades P0 3Clubs P1 6Diamonds 
P0 2Clubs P1 5Clubs P2 6Clubs P3 JHearts 
P2 KClubs P3 KSpades P0 QClubs P1 7Clubs 
P1 JClubs P2 ADiamonds P3 ASpades P0 AClubs 
-- /GAME --
P0 HAND: 4Diamonds, AClubs, 6Clubs, 2Clubs, 7Hearts, KHearts, QHearts, ASpades, 5Spades, 3Spades.
P1 HAND: ADiamonds, 2Diamonds, 4Clubs, 3Clubs, AHearts, JHearts, 6Hearts, KSpades, QSpades, 6Spades.
P2 HAND: 7Diamonds, KDiamonds, 3Diamonds, 7Clubs, KClubs, JClubs, 5Clubs, 3Hearts, 7Spades, 4Spades.
P3 HAND: JDiamonds, QDiamonds, 6Diamonds, 5Diamonds, QClubs, 5Hearts, 4Hearts, 2Hearts, JSpades, 2Spades.

