-- GAME --
P0 HAND: ADiamonds, KDiamonds, QDiamonds, 6Diamonds, QClubs, JHearts, 5Hearts, 2Hearts, ASpades, 2Spades.
P1 HAND: JDiamonds, 6Clubs, 2Clubs, 7Hearts, KHearts, QHearts, 4Hearts, 3Hearts, KSpades, QSpades.
P2 HAND: 7Diamonds, 5Diamonds, AClubs, 7Clubs, JClubs, 3Clubs, AHearts, JSpades, 6Spades, 4Spades.
P3 HAND: 4Diamonds, 3Diamonds, 2Diamonds, KClubs, 5Clubs, 4Clubs, 6Hearts, 7Spades, 5Spades, 3Spades.
P0 QClubs P1 2Clubs P2 AClubs P3 4Clubs 
P2 AHearts P3 6Hearts P0 JHearts P1 3Hearts 
P2 3Clubs P3 5Clubs P0 2Hearts P1 6Clubs 
P1 4Hearts P2 5Diamonds P3 2Diamonds P0 5Hearts 
P0 2Spades P1 QSpades P2 4Spades P3 3Spades 
P1 QHearts P2 6Spades P3 3Diamonds P0 ADiamonds 
P2 JClubs P3 KClubs P0 ASpades P1 JDiamonds 
P0 KDiamonds P1 KSpades P2 7Diamonds P3 4Diamonds 
P1 KHearts P2 JSpades P3 7Spades P0 6Diamonds 
P3 5Spades P0 QDiamonds P1 7Hearts P2 7Clubs 
-- /GAME --
P0 HAND: 7Diamonds, 4Diamonds, 7Hearts, 6Hearts, 4Hearts, 3Hearts, 2Hearts, JSpades, 5Spades, 3Spades.
P1 HAND: KDiamonds, 5Diamonds, 3Diamonds, QClubs, 6Clubs, 4Clubs, QHearts, KSpades, QSpades, 4Spades.
P2 HAND: ADiamonds, QDiamonds, 6Diamonds, 2Diamonds, 7Clubs, KClubs, JClubs, 5Clubs, 3Clubs, KHearts.
P3 HAND: JDiamonds, AClubs, 2Clubs, AHearts, JHearts, 5Hearts, ASpades, 7Spades, 6Spades, 2Spades.
P3 AHearts 
