-- GAME --
P0 HAND: ADiamonds, KClubs, 4Clubs, KHearts, 5Hearts, 4Hearts, ASpades, 7Spades, JSpades, 5Spades.
P1 HAND: 7Diamonds, 6Diamonds, 5Diamonds, 4Diamonds, 3Diamonds, 2Diamonds, AClubs, 7Hearts, 3Hearts, QSpades.
P2 HAND: 7Clubs, JClubs, QClubs, 6Clubs, 5Clubs, 3Clubs, JHearts, 6Spades, 4Spades, 3Spades.
P3 HAND: KDiamonds, JDiamonds, QDiamonds, 2Clubs, AHearts, QHearts, 6Hearts, 2Hearts, KSpades, 2Spades.
P1 AClubs P2 3Clubs P3 2Clubs P0 4Clubs 
P1 2Diamonds P2 5Clubs P3 QDiamonds P0 ADiamonds 
P0 KClubs P1 3Diamonds P2 6Clubs P3 2Hearts 
P0 KHearts P1 3Hearts P2 JHearts P3 AHearts 
P3 6Hearts P0 5Hearts P1 7Hearts P2 3Spades 
P2 QClubs P3 QHearts P0 5Spades P1 4Diamonds 
P0 ASpades P1 QSpades P2 4Spades P3 2Spades 
P0 7Spades P1 5Diamonds P2 6Spades P3 KSpades 
P0 JSpades P1 6Diamonds P2 JClubs P3 JDiamonds 
P0 4Hearts P1 7Diamonds P2 7Clubs P3 KDiamonds 
-- /GAME --
P0 HAND: KDiamonds, 3Diamonds, 2Diamonds, 4Clubs, 3Clubs, 7Hearts, QHearts, ASpades, 7Spades, JSpades.
P1 HAND: ADiamonds, 5Diamonds, JClubs, 6Clubs, 5Clubs, KHearts, 2Hearts, QSpades, 5Spades, 4Spades.
P2 HAND: 7Diamonds, QDiamonds, 6Diamonds, 4Diamonds, 7Clubs, KClubs, 5Hearts, 4Hearts, 3Hearts, 6Spades.
P3 HAND: JDiamonds, AClubs, QClubs, 2Clubs, AHearts, JHearts, 6Hearts, KSpades, 3Spades, 2Spades.

