-- GAME --
P0 HAND: ADiamonds, KDiamonds, QDiamonds, AClubs, JClubs, QClubs, AHearts, JHearts, 3Hearts, 3Spades.
P1 HAND: JDiamonds, 4Diamonds, 6Clubs, 4Clubs, 3Clubs, 6Hearts, ASpades, JSpades, 5Spades, 4Spades.
P2 HAND: 7Diamonds, 6Diamonds, 5Diamonds, 3Diamonds, 7Clubs, KClubs, 5Hearts, 7Spades, 6Spades, 2Spades.
P3 HAND: 2Diamonds, 5Clubs, 2Clubs, 7Hearts, KHearts, QHearts, 4Hearts, 2Hearts, KSpades, QSpades.
P0 QClubs P1 3Clubs P2 KClubs P3 2Clubs 
P2 2Spades P3 QSpades P0 3Spades P1 ASpades 
P1 4Diamonds P2 3Diamonds P3 2Diamonds P0 ADiamonds 
P0 AClubs P1 4Clubs P2 7Clubs P3 5Clubs 
P0 JClubs P1 6Clubs P2 5Diamonds P3 2Hearts 
P3 4Hearts P0 3Hearts P1 6Hearts P2 5Hearts 
P1 4Spades P2 6Spades P3 KSpades P0 QDiamonds 
P3 QHearts P0 JHearts P1 5Spades P2 7Diamonds 
P0 AHearts P1 JDiamonds P2 7Spades P3 KHearts 
P0 KDiamonds P1 JSpades P2 6Diamonds P3 7Hearts 
-- /GAME --
P0 HAND: 7Diamonds, KDiamonds, QDiamonds, 4Diamonds, 3Clubs, QHearts, 4Hearts, 3Hearts, 6Spades, 2Spades.
P1 HAND: 5Diamonds, 3Diamonds, KClubs, JClubs, 2Clubs, AHearts, KHearts, JHearts, ASpades, 5Spades.
P2 HAND: JDiamonds, 6Diamonds, 2Diamonds, QClubs, 7Hearts, 6Hearts, 5Hearts, KSpades, QSpades, 3Spades.
P3 HAND: ADiamonds, AClubs, 7Clubs, 6Clubs, 5Clubs, 4Clubs, 2Hearts, 7Spades, JSpades, 4Spades.
P3 ADiamonds P0 4Diamonds P1 5Diamonds P2 2Diamonds 
P3 2Hearts P0 QHearts P1 AHearts P2 5Hearts 
P1 ASpades P2 3Spades P3 7Spades P0 2Spades 
P1 3Diamonds P2 6Diamonds P3 4Spades P0 7Diamonds 
P0 6Spades P1 5Spades P2 QSpades P3 JSpades 
P3 4Clubs P0 3Clubs P1 2Clubs P2 QClubs 
P2 6Hearts P3 5Clubs P0 3Hearts P1 KHearts 
P3 6Clubs P0 QDiamonds P1 JClubs P2 JDiamonds 
P1 JHearts P2 7Hearts P3 7Clubs P0 4Hearts 
P3 AClubs P0 KDiamonds P1 KClubs P2 KSpades 
-- /GAME --
P0 HAND: QDiamonds, 5Diamonds, 4Diamonds, 5Clubs, 4Clubs, AHearts, KHearts, 5Hearts, KSpades, JSpades.
P1 HAND: 7Diamonds, KDiamonds, 2Diamonds, 7Clubs, 6Clubs, QHearts, 6Hearts, ASpades, 5Spades, 4Spades.
P2 HAND: ADiamonds, JDiamonds, JClubs, 3Clubs, 2Clubs, 7Hearts, 4Hearts, QSpades, 3Spades, 2Spades.
P3 HAND: 6Diamonds, 3Diamonds, AClubs, KClubs, QClubs, JHearts, 3Hearts, 2Hearts, 7Spades, 6Spades.
P2 ADiamonds P3 3Diamonds P0 QDiamonds P1 2Diamonds 
P2 2Clubs P3 AClubs P0 5Clubs P1 7Clubs 
P3 2Hearts P0 KHearts P1 6Hearts P2 7Hearts 
P2 3Clubs P3 QClubs P0 4Clubs P1 6Clubs 
P3 3Hearts P0 AHearts P1 QHearts P2 4Hearts 
P0 5Hearts P1 4Spades P2 2Spades P3 JHearts 
P1 5Spades P2 3Spades P3 6Spades P0 KSpades 
P0 4Diamonds P1 KDiamonds P2 JDiamonds P3 6Diamonds 
P1 ASpades P2 QSpades P3 7Spades P0 JSpades 
P1 7Diamonds P2 JClubs P3 KClubs P0 5Diamonds 
-- /GAME --
P0 HAND: ADiamonds, 7Diamonds, KDiamonds, 6Diamonds, 2Diamonds, AClubs, 5Clubs, 2Hearts, ASpades, 6Spades.
P1 HAND: JDiamonds, KClubs, 2Clubs, AHearts, 5Hearts, 7Spades, KSpades, QSpades, 3Spades, 2Spades.
P2 HAND: QDiamonds, 5Diamonds, 4Diamonds, 3Diamonds, 3Clubs, 7Hearts, KHearts, JHearts, 6Hearts, 4Spades.
P3 HAND: 7Clubs, JClubs, QClubs, 6Clubs, 4Clubs, QHearts, 4Hearts, 3Hearts, JSpades, 5Spades.
P1 AHearts P2 6Hearts P3 QHearts 
