-- GAME --
P0 HAND: 6Diamonds, 3Diamonds, 5Clubs, 2Clubs, 7Hearts, JHearts, 5Hearts, 6Spades, 5Spades, 3Spades.
P1 HAND: 5Diamonds, 4Diamonds, 2Diamonds, AClubs, 3Clubs, AHearts, KHearts, QHearts, KSpades, QSpades.
P2 HAND: KDiamonds, JDiamonds, 7Clubs, KClubs, QClubs, 4Hearts, 3Hearts, ASpades, 7Spades, 4Spades.
P3 HAND: ADiamonds, 7Diamonds, QDiamonds, JClubs, 6Clubs, 4Clubs, 6Hearts, 2Hearts, JSpades, 2Spades.
P3 ADiamonds P0 3Diamonds P1 5Diamonds P2 JDiamonds 
P3 2Hearts P0 JHearts P1 AHearts P2 3Hearts 
P1 AClubs P2 QClubs P3 JClubs P0 5Clubs 
P1 2Diamonds P2 KDiamonds P3 7Diamonds P0 6Diamonds 
P3 4Clubs P0 2Clubs P1 3Clubs P2 7Clubs 
P2 4Hearts P3 6Hearts P0 7Hearts P1 QHearts 
P0 6Spades P1 QSpades P2 4Spades P3 2Spades 
P1 4Diamonds P2 7Spades P3 QDiamonds P0 5Hearts 
P2 ASpades P3 JSpades P0 3Spades P1 KSpades 
P2 KClubs P3 6Clubs P0 5Spades P1 KHearts 
-- /GAME --
P0 HAND: 6Diamonds, 3Diamonds, 6Clubs, 5Clubs, AHearts, QHearts, 3Hearts, KSpades, QSpades, 5Spades.
P1 HAND: 7Diamonds, JDiamonds, 5Diamonds, 2Diamonds, 7Clubs, 2Clubs, JHearts, 6Hearts, 4Spades, 2Spades.
P2 HAND: ADiamonds, AClubs, JClubs, QClubs, 4Clubs, 7Hearts, 4Hearts, 7Spades, JSpades, 3Spades.
P3 HAND: KDiamonds, QDiamonds, 4Diamonds, KClubs, 3Clubs, KHearts, 5Hearts, 2Hearts, ASpades, 6Spades.
P2 ADiamonds P3 4Diamonds P0 3Diamonds P1 2Diamonds 
P2 3Spades P3 ASpades P0 5Spades P1 4Spades 
P3 2Hearts P0 AHearts P1 6Hearts P2 7Hearts 
P0 KSpades P1 2Spades P2 7Spades P3 6Spades 
P2 4Hearts P3 5Hearts P0 QHearts P1 JHearts 
P1 5Diamonds P2 4Clubs P3 QDiamonds P0 6Diamonds 
P2 JSpades P3 3Clubs P0 QSpades P1 7Diamonds 
P3 KClubs P0 5Clubs P1 2Clubs P2 QClubs 
P3 KDiamonds P0 6Clubs P1 JDiamonds P2 JClubs 
P2 AClubs P3 KHearts P0 3Hearts P1 7Clubs 
-- /GAME --
P0 HAND: KDiamonds, AClubs, 3Clubs, AHearts, 4Hearts, 3Hearts, ASpades, 7Spades, JSpades, 2Spades.
P1 HAND: 7Diamonds, JDiamonds, QDiamonds, 3Diamonds, 7Clubs, 4Clubs, QHearts, 5Hearts, 2Hearts, QSpades.
P2 HAND: 5Diamonds, KClubs, JClubs, 6Clubs, 7Hearts, KHearts, JHearts, 6Hearts, 5Spades, 3Spades.
P3 HAND: ADiamonds, 6Diamonds, 4Diamonds, 2Diamonds, QClubs, 5Clubs, 2Clubs, KSpades, 6Spades, 4Spades.
P1 3Diamonds P2 5Diamonds P3 ADiamonds P0 KDiamonds 
P3 2Diamonds P0 3Clubs P1 7Diamonds P2 6Hearts 
P2 3Spades P3 4Spades P0 ASpades P1 QSpades 
P0 3Hearts P1 2Hearts P2 JHearts P3 2Clubs 
P2 5Spades P3 6Spades P0 7Spades P1 5Hearts 
P1 4Clubs P2 6Clubs P3 5Clubs P0 AClubs 
P0 4Hearts P1 QHearts P2 KHearts P3 4Diamonds 
P2 JClubs P3 QClubs P0 2Spades P1 7Clubs 
P1 QDiamonds P2 7Hearts P3 6Diamonds P0 JSpades 
P2 KClubs P3 KSpades P0 AHearts P1 JDiamonds 
-- /GAME --
P0 HAND: ADiamonds, 7Diamonds, KDiamonds, 2Diamonds, QClubs, 3Clubs, JHearts, 4Hearts, 7Spades, 3Spades.
P1 HAND: QDiamonds, 6Diamonds, 3Diamonds, JClubs, 5Clubs, AHearts, 7Hearts, 6Hearts, 2Hearts, 5Spades.
P2 HAND: JDiamonds, 5Diamonds, 4Diamonds, AClubs, 2Clubs, QHearts, ASpades, QSpades, 6Spades, 2Spades.
P3 HAND: 7Clubs, KClubs, 6Clubs, 4Clubs, KHearts, 5Hearts, 3Hearts, KSpades, JSpades, 4Spades.
P0 QClubs P1 5Clubs P2 AClubs P3 4Clubs 
P2 ASpades P3 4Spades P0 7Spades P1 5Spades 
P2 2Clubs P3 6Clubs P0 3Clubs P1 JClubs 
P1 3Diamonds P2 4Diamonds P3 3Hearts P0 2Diamonds 
P3 JSpades P0 3Spades P1 6Diamonds P2 2Spades 
P3 5Hearts P0 JHearts P1 2Hearts P2 QHearts 
P0 KDiamonds P1 QDiamonds P2 5Diamonds P3 KHearts 
P3 KClubs P0 ADiamonds P1 6Hearts P2 6Spades 
P1 7Hearts P2 QSpades P3 KSpades P0 4Hearts 
P1 AHearts P2 JDiamonds P3 7Clubs P0 7Diamonds 
-- /GAME --
P0 HAND: 4Diamonds, JClubs, 5Clubs, 3Clubs, 2Clubs, AHearts, KHearts, KSpades, 4Spades, 3Spades.
P1 HAND: ADiamonds, 7Diamonds, QDiamonds, 6Diamonds, 7Clubs, QClubs, 4Clubs, JHearts, 2Hearts, 7Spades.
P2 HAND: KDiamonds, JDiamonds, 3Diamonds, 6Clubs, QHearts, 5Hearts, 4Hearts, 3Hearts, QSpades, 2Spades.
P3 HAND: 5Diamonds, 2Diamonds, AClubs, KClubs, 7Hearts, 6Hearts, ASpades, JSpades, 6Spades, 5Spades.
P3 AClubs P0 2Clubs P1 7Clubs P2 6Clubs 
P3 ASpades P0 3Spades P1 7Spades P2 2Spades 
P3 5Spades P0 KSpades P1 2Hearts P2 QSpades 
P0 AHearts P1 JHearts P2 QHearts P3 6Hearts 
P0 3Clubs P1 4Clubs P2 3Hearts P3 KClubs 
P3 6Spades P0 4Spades P1 QClubs P2 4Hearts 
P3 JSpades P0 JClubs P1 6Diamonds P2 JDiamonds 
P2 5Hearts P3 7Hearts P0 KHearts P1 QDiamonds 
P1 7Diamonds P2 3Diamonds P3 2Diamonds P0 4Diamonds 
P1 ADiamonds P2 KDiamonds P3 5Diamonds P0 5Clubs 
-- /GAME --
P0 HAND: KDiamonds, 6Diamonds, 4Diamonds, 2Diamonds, KClubs, 2Clubs, QHearts, 2Hearts, JSpades, QSpades.
P1 HAND: ADiamonds, 3Diamonds, 7Clubs, JClubs, AHearts, 7Hearts, KHearts, 7Spades, KSpades, 5Spades.
P2 HAND: JDiamonds, QDiamonds, 5Diamonds, AClubs, 5Clubs, JHearts, 6Hearts, 4Hearts, 3Hearts, 3Spades.
P3 HAND: 7Diamonds, QClubs, 6Clubs, 4Clubs, 3Clubs, 5Hearts, ASpades, 6Spades, 4Spades, 2Spades.
P2 AClubs P3 3Clubs P0 KClubs P1 JClubs 
P2 3Hearts P3 5Hearts P0 2Hearts P1 AHearts 
P1 5Spades P2 3Spades P3 ASpades P0 QSpades 
P3 2Spades P0 JSpades P1 7Spades P2 5Diamonds 
P2 4Hearts P3 4Clubs P0 QHearts P1 7Hearts 
P1 3Diamonds P2 QDiamonds P3 7Diamonds P0 2Diamonds 
P3 4Spades P0 4Diamonds P1 KSpades P2 JHearts 
P0 6Diamonds P1 ADiamonds P2 JDiamonds P3 QClubs 
P1 KHearts P2 6Hearts P3 6Clubs P0 KDiamonds 
P0 2Clubs P1 7Clubs P2 5Clubs P3 6Spades 
-- /GAME --
P0 HAND: QDiamonds, 6Diamonds, 3Diamonds, KClubs, JClubs, 5Clubs, KHearts, JHearts, 6Hearts, 3Spades.
P1 HAND: 7Diamonds, 5Diamonds, 2Diamonds, 7Clubs, 4Clubs, 4Hearts, 2Hearts, 7Spades, QSpades, 6Spades.
P2 HAND: ADiamonds, KDiamonds, JDiamonds, 4Diamonds, QClubs, 2Clubs, AHearts, 7Hearts, JSpades, 2Spades.
P3 HAND: AClubs, 6Clubs, 3Clubs, QHearts, 5Hearts, 3Hearts, ASpades, KSpades, 5Spades, 4Spades.
P1 2Diamonds P2 ADiamonds P3 3Clubs P0 3Diamonds 
P3 ASpades P0 3Spades P1 7Spades P2 2Spades 
P3 3Hearts P0 KHearts P1 2Hearts P2 AHearts 
P2 4Diamonds P3 4Spades P0 6Diamonds P1 7Diamonds 
P1 4Hearts P2 7Hearts P3 5Hearts P0 JHearts 
P2 JDiamonds P3 5Spades P0 QDiamonds P1 5Diamonds 
P2 JSpades P3 KSpades P0 JClubs P1 6Spades 
P0 6Hearts P1 QSpades P2 2Clubs P3 QHearts 
P2 QClubs P3 6Clubs P0 5Clubs P1 4Clubs 
P2 KDiamonds P3 AClubs P0 KClubs P1 7Clubs 
-- /GAME --
P0 HAND: 7Diamonds, KDiamonds, JDiamonds, QDiamonds, 2Diamonds, 5Clubs, AHearts, 4Hearts, QSpades, 2Spades.
P1 HAND: 6Diamonds, 4Diamonds, 7Clubs, 4Clubs, 2Clubs, JHearts, 5Hearts, 2Hearts, JSpades, 3Spades.
P2 HAND: 5Diamonds, AClubs, JClubs, 6Clubs, 3Clubs, 3Hearts, ASpades, 7Spades, KSpades, 5Spades.
P3 HAND: ADiamonds, 3Diamonds, KClubs, QClubs, 7Hearts, KHearts, QHearts, 6Hearts, 6Spades, 4Spades.
P2 AClubs P3 QClubs P0 5Clubs P1 2Clubs 
P2 ASpades P3 4Spades P0 QSpades P1 3Spades 
P2 3Clubs P3 KClubs P0 2Spades P1 7Clubs 
P1 4Diamonds P2 5Diamonds P3 ADiamonds P0 2Diamonds 
P3 3Diamonds P0 7Diamonds P1 6Diamonds P2 7Spades 
P0 KDiamonds P1 4Clubs P2 KSpades P3 6Hearts 
P3 6Spades P0 JDiamonds P1 JSpades P2 5Spades 
P1 2Hearts P2 3Hearts P3 QHearts P0 4Hearts 
P3 KHearts P0 AHearts P1 5Hearts P2 JClubs 
P0 QDiamonds P1 JHearts P2 6Clubs P3 7Hearts 
-- /GAME --

