-- GAME --
P0 HAND: ADiamonds, KDiamonds, 3Diamonds, 7Clubs, AHearts, 4Hearts, ASpades, 7Spades, KSpades, 3Spades.
P1 HAND: 7Diamonds, JDiamonds, 4Diamonds, JClubs, QClubs, 4Clubs, 6Hearts, 3Hearts, 4Spades, 2Spades.
P2 HAND: QDiamonds, 2Diamonds, KClubs, 6Clubs, 5Clubs, 3Clubs, 2Clubs, 7Hearts, 5Hearts, QSpades.
P3 HAND: 6Diamonds, 5Diamonds, AClubs, KHearts, JHearts, QHearts, 2Hearts, JSpades, 6Spades, 5Spades.
P2 2Diamonds P3 5Diamonds P0 ADiamonds P1 4Diamonds 
P0 ASpades P1 2Spades P2 QSpades P3 5Spades 
P0 7Clubs P1 4Clubs P2 2Clubs P3 AClubs 
P3 6Diamonds P0 KDiamonds P1 7Diamonds P2 QDiamonds 
P1 4Spades P2 3Clubs P3 6Spades P0 7Spades 
P0 KSpades P1 QClubs P2 KClubs P3 JSpades 
P0 3Spades P1 3Hearts P2 5Clubs P3 2Hearts 
P1 JDiamonds P2 6Clubs P3 QHearts P0 3Diamonds 
P3 JHearts P0 4Hearts P1 6Hearts P2 5Hearts 
P3 KHearts P0 AHearts P1 JClubs P2 7Hearts 
-- /GAME --
P0 HAND: ADiamonds, 2Diamonds, 7Clubs, 6Clubs, 2Clubs, AHearts, KHearts, JHearts, JSpades, 3Spades.
P1 HAND: QDiamonds, 6Diamonds, 5Diamonds, 3Diamonds, 7Hearts, 6Hearts, 5Hearts, 3Hearts, 6Spades, 2Spades.
P2 HAND: 4Diamonds, AClubs, KClubs, JClubs, 5Clubs, 3Clubs, QHearts, 2Hearts, KSpades, QSpades.
P3 HAND: 7Diamonds, KDiamonds, JDiamonds, QClubs, 4Clubs, 4Hearts, ASpades, 7Spades, 5Spades, 4Spades.
P1 3Diamonds P2 4Diamonds P3 JDiamonds P0 2Diamonds 
P3 4Clubs P0 6Clubs P1 3Hearts P2 AClubs 
P2 2Hearts P3 4Hearts P0 AHearts P1 5Hearts 
P0 JSpades P1 2Spades P2 QSpades P3 7Spades 
P3 QClubs P0 2Clubs P1 5Diamonds P2 KClubs 
P2 3Clubs P3 4Spades P0 7Clubs P1 7Hearts 
P3 5Spades P0 3Spades P1 6Spades P2 KSpades 
P2 5Clubs P3 ASpades P0 JHearts P1 QDiamonds 
P3 KDiamonds P0 ADiamonds P1 6Diamonds P2 JClubs 
P0 KHearts P1 6Hearts P2 QHearts P3 7Diamonds 
-- /GAME --
P0 HAND: QDiamonds, 5Diamonds, 3Diamonds, 2Diamonds, QClubs, 6Clubs, JHearts, QHearts, 6Spades, 2Spades.
P1 HAND: ADiamonds, 7Clubs, JClubs, 5Clubs, 4Clubs, 2Clubs, 7Hearts, ASpades, 7Spades, KSpades.
P2 HAND: 7Diamonds, KDiamonds, 6Diamonds, KClubs, KHearts, 6Hearts, 4Hearts, JSpades, 4Spades, 3Spades.
P3 HAND: JDiamonds, 4Diamonds, AClubs, 3Clubs, AHearts, 5Hearts, 3Hearts, 2Hearts, QSpades, 5Spades.
P0 JHearts P1 7Hearts P2 4Hearts P3 2Hearts 
P1 ADiamonds P2 6Diamonds 
