-- GAME --
P0 HAND: 7Diamonds, 6Diamonds, 5Diamonds, 2Diamonds, KClubs, KHearts, 5Hearts, 2Hearts, 5Spades, 4Spades.
P1 HAND: 3Diamonds, AClubs, JClubs, 5Clubs, AHearts, 6Hearts, 3Hearts, JSpades, 6Spades, 3Spades.
P2 HAND: JDiamonds, QDiamonds, 7Clubs, QClubs, 4Clubs, 2Clubs, ASpades, KSpades, QSpades, 2Spades.
P3 HAND: ADiamonds, KDiamonds, 4Diamonds, 6Clubs, 3Clubs, 7Hearts, JHearts, QHearts, 4Hearts, 7Spades.
P1 AClubs P2 2Clubs P3 6Clubs P0 KClubs 
P1 AHearts P2 QDiamonds P3 4Hearts P0 KHearts 
P2 ASpades P3 7Spades P0 5Spades P1 3Spades 
P2 2Spades P3 3Clubs P0 4Spades P1 JSpades 
P1 3Hearts P2 4Clubs P3 7Hearts P0 2Hearts 
P3 QHearts P0 5Hearts P1 6Hearts P2 QClubs 
P3 JHearts P0 2Diamonds P1 5Clubs P2 7Clubs 
P0 5Diamonds P1 3Diamonds P2 JDiamonds P3 4Diamonds 
P2 QSpades P3 KDiamonds P0 7Diamonds P1 6Spades 
P0 6Diamonds P1 JClubs P2 KSpades P3 ADiamonds 
-- /GAME --
P0 HAND: ADiamonds, KDiamonds, QDiamonds, 4Diamonds, 3Diamonds, 5Hearts, 3Hearts, ASpades, QSpades, 2Spades.
P1 HAND: 6Diamonds, KHearts, JHearts, QHearts, 6Hearts, 4Hearts, 7Spades, KSpades, 6Spades, 4Spades.
P2 HAND: 7Diamonds, JDiamonds, 2Diamonds, AClubs, 7Clubs, JClubs, 5Clubs, 3Clubs, 2Clubs, 2Hearts.
P3 HAND: 5Diamonds, KClubs, QClubs, 6Clubs, 4Clubs, AHearts, 7Hearts, JSpades, 5Spades, 3Spades.
P0 ADiamonds P1 6Diamonds P2 7Diamonds P3 5Diamonds 
P0 KDiamonds P1 4Hearts P2 JDiamonds P3 3Spades 
P3 AHearts P0 3Hearts P1 KHearts P2 2Hearts 
P3 4Clubs P0 QDiamonds P1 6Hearts P2 AClubs 
P2 2Diamonds P3 6Clubs P0 4Diamonds P1 QHearts 
P0 3Diamonds P1 4Spades P2 2Clubs P3 7Hearts 
P1 JHearts P2 3Clubs P3 QClubs P0 5Hearts 
P1 6Spades P2 5Clubs P3 5Spades P0 QSpades 
P0 2Spades P1 KSpades P2 JClubs P3 JSpades 
P1 7Spades P2 7Clubs P3 KClubs P0 ASpades 
-- /GAME --
P0 HAND: 3Diamonds, KClubs, 7Hearts, KHearts, 5Hearts, ASpades, KSpades, JSpades, 4Spades, 2Spades.
P1 HAND: 7Diamonds, 5Diamonds, 2Diamonds, 7Clubs, 2Clubs, 6Hearts, 3Hearts, 2Hearts, 7Spades, QSpades.
P2 HAND: JDiamonds, QDiamonds, 4Diamonds, AClubs, QClubs, 3Clubs, AHearts, JHearts, 6Spades, 3Spades.
P3 HAND: ADiamonds, KDiamonds, 6Diamonds, JClubs, 6Clubs, 5Clubs, 4Clubs, QHearts, 4Hearts, 5Spades.
P3 ADiamonds P0 3Diamonds P1 7Diamonds P2 4Diamonds 
P3 4Hearts P0 KHearts P1 2Hearts P2 AHearts 
P2 3Spades P3 5Spades P0 ASpades P1 QSpades 
P0 7Hearts P1 3Hearts P2 JHearts P3 QHearts 
P0 5Hearts P1 6Hearts P2 6Spades P3 KDiamonds 
P1 2Diamonds P2 QDiamonds P3 6Diamonds P0 KSpades 
P2 JDiamonds P3 4Clubs P0 KClubs P1 5Diamonds 
P0 JSpades P1 7Spades P2 3Clubs P3 5Clubs 
P3 6Clubs P0 2Spades P1 2Clubs P2 QClubs 
P2 AClubs P3 JClubs P0 4Spades P1 7Clubs 
-- /GAME --
P0 HAND: ADiamonds, 7Diamonds, JClubs, 4Clubs, KHearts, 6Hearts, 2Hearts, KSpades, 5Spades, 3Spades.
P1 HAND: 5Diamonds, 2Diamonds, KClubs, 6Clubs, 5Clubs, 3Clubs, AHearts, 5Hearts, 4Spades, 2Spades.
P2 HAND: QDiamonds, 6Diamonds, 3Diamonds, AClubs, 7Clubs, JHearts, QHearts, 4Hearts, 3Hearts, 7Spades.
P3 HAND: KDiamonds, JDiamonds, 4Diamonds, QClubs, 2Clubs, 7Hearts, ASpades, JSpades, QSpades, 6Spades.
P2 AClubs P3 2Clubs P0 JClubs P1 3Clubs 
P2 3Hearts P3 7Hearts P0 KHearts P1 AHearts 
P1 2Spades P2 7Spades P3 ASpades P0 3Spades 
P3 6Spades P0 KSpades P1 4Spades P2 7Clubs 
P0 4Clubs P1 5Clubs P2 4Hearts P3 QClubs 
P3 QSpades P0 5Spades P1 5Hearts P2 QHearts 
P3 JSpades P0 2Hearts P1 6Clubs P2 3Diamonds 
P2 JHearts P3 4Diamonds P0 6Hearts P1 KClubs 
P3 JDiamonds P0 7Diamonds P1 2Diamonds P2 6Diamonds 
P0 ADiamonds P1 5Diamonds P2 QDiamonds P3 KDiamonds 
-- /GAME --
P0 HAND: JDiamonds, QDiamonds, 6Diamonds, 5Clubs, 3Clubs, 3Hearts, JSpades, 5Spades, 4Spades, 3Spades.
P1 HAND: 7Diamonds, KDiamonds, 5Diamonds, 4Diamonds, AClubs, KClubs, JClubs, 4Clubs, JHearts, 5Hearts.
P2 HAND: ADiamonds, 3Diamonds, 6Clubs, 7Hearts, 4Hearts, 2Hearts, 7Spades, KSpades, 6Spades, 2Spades.
P3 HAND: 2Diamonds, 7Clubs, QClubs, 2Clubs, AHearts, KHearts, QHearts, 6Hearts, ASpades, QSpades.

