-- GAME --
P0 HAND: 6Clubs, 4Clubs, 3Clubs, 7Hearts, JHearts, 6Hearts, 2Hearts, 5Spades, 4Spades, 3Spades.
P1 HAND: ADiamonds, AClubs, QClubs, 2Clubs, AHearts, 5Hearts, 4Hearts, ASpades, 6Spades, 2Spades.
P2 HAND: KDiamonds, JDiamonds, QDiamonds, 6Diamonds, 5Diamonds, 2Diamonds, 7Clubs, KHearts, 3Hearts, QSpades.
P3 HAND: 7Diamonds, 4Diamonds, 3Diamonds, KClubs, JClubs, 5Clubs, QHearts, 7Spades, KSpades, JSpades.
P2 2Diamonds P3 3Diamonds P0 3Clubs P1 ADiamonds 
P1 AClubs P2 7Clubs P3 KClubs P0 4Clubs 
P1 ASpades P2 QSpades P3 7Spades P0 3Spades 
P1 2Clubs P2 5Diamonds P3 JClubs P0 6Clubs 
P3 4Diamonds P0 4Spades P1 2Spades P2 KDiamonds 
P2 6Diamonds P3 7Diamonds P0 5Spades P1 QClubs 
P3 5Clubs P0 2Hearts P1 6Spades P2 JDiamonds 
P0 6Hearts P1 4Hearts P2 3Hearts P3 QHearts 
P3 JSpades P0 JHearts P1 AHearts P2 QDiamonds 
P1 5Hearts P2 KHearts P3 KSpades P0 7Hearts 
-- /GAME --
P0 HAND: 6Diamonds, 2Diamonds, 6Clubs, 5Clubs, KHearts, 2Hearts, ASpades, JSpades, QSpades, 6Spades.
P1 HAND: 7Diamonds, JDiamonds, 5Diamonds, 3Diamonds, KClubs, QClubs, 4Clubs, 7Hearts, 5Hearts, 5Spades.
P2 HAND: 4Diamonds, AClubs, 3Clubs, 2Clubs, JHearts, 6Hearts, 4Hearts, 3Hearts, KSpades, 2Spades.
P3 HAND: ADiamonds, KDiamonds, QDiamonds, 7Clubs, JClubs, AHearts, QHearts, 7Spades, 4Spades, 3Spades.
P1 3Diamonds P2 4Diamonds P3 ADiamonds P0 2Diamonds 
P3 AHearts P0 KHearts P1 7Hearts P2 3Hearts 
P3 QDiamonds P0 6Diamonds P1 5Diamonds P2 2Clubs 
P3 QHearts P0 2Hearts P1 5Hearts P2 JHearts 
P2 AClubs P3 JClubs P0 6Clubs P1 4Clubs 
P2 3Clubs P3 7Clubs P0 5Clubs P1 KClubs 
P3 3Spades P0 JSpades P1 5Spades P2 2Spades 
P0 QSpades P1 QClubs P2 KSpades P3 7Spades 
P3 4Spades P0 6Spades P1 JDiamonds P2 6Hearts 
P0 ASpades P1 7Diamonds P2 4Hearts P3 KDiamonds 
-- /GAME --
P0 HAND: ADiamonds, KDiamonds, JDiamonds, 6Diamonds, 5Diamonds, 3Diamonds, JClubs, 6Clubs, 3Clubs, 3Spades.
P1 HAND: 2Diamonds, AClubs, 7Clubs, QClubs, 2Clubs, KHearts, QHearts, 7Spades, 5Spades, 4Spades.
P2 HAND: 7Diamonds, QDiamonds, 4Diamonds, KClubs, 5Clubs, 5Hearts, 4Hearts, 3Hearts, KSpades, QSpades.
P3 HAND: 4Clubs, AHearts, 7Hearts, JHearts, 6Hearts, 2Hearts, ASpades, JSpades, 6Spades, 2Spades.
P0 3Spades P1 4Spades P2 QSpades P3 ASpades 
P3 2Hearts P0 3Diamonds P1 QHearts P2 3Hearts 
P1 2Diamonds P2 4Diamonds P3 2Spades P0 ADiamonds 
P0 5Diamonds P1 5Spades P2 QDiamonds P3 6Hearts 
P2 4Hearts P3 JHearts P0 6Diamonds P1 KHearts 
P1 2Clubs P2 5Clubs P3 4Clubs P0 3Clubs 
P2 5Hearts P3 7Hearts P0 JDiamonds P1 7Spades 
P3 6Spades P0 KDiamonds P1 QClubs P2 KSpades 
P1 7Clubs P2 KClubs P3 JSpades P0 6Clubs 
P1 AClubs P2 7Diamonds P3 AHearts P0 JClubs 
-- /GAME --
P0 HAND: 6Diamonds, 7Clubs, QClubs, 6Clubs, 4Clubs, 3Clubs, 2Clubs, 5Hearts, 2Hearts, 4Spades.
P1 HAND: KDiamonds, JDiamonds, 4Diamonds, KClubs, 5Clubs, AHearts, JHearts, 6Hearts, QSpades, 6Spades.
P2 HAND: 7Diamonds, QDiamonds, 5Diamonds, 2Diamonds, JClubs, QHearts, 4Hearts, KSpades, JSpades, 3Spades.
P3 HAND: ADiamonds, 3Diamonds, AClubs, 7Hearts, KHearts, 3Hearts, ASpades, 7Spades, 5Spades, 2Spades.
P3 AClubs P0 4Clubs P1 KClubs P2 JClubs 
P3 ASpades P0 4Spades P1 QSpades P2 3Spades 
P3 2Spades P0 2Hearts P1 6Spades P2 KSpades 
P2 4Hearts P3 3Hearts P0 5Hearts P1 AHearts 
P1 5Clubs P2 QHearts P3 5Spades P0 7Clubs 
P0 QClubs P1 6Hearts P2 2Diamonds P3 3Diamonds 
P3 ADiamonds 
