-- GAME --
P0 HAND: ADiamonds, 7Diamonds, JClubs, QClubs, 3Clubs, JHearts, 6Hearts, JSpades, 6Spades, 2Spades.
P1 HAND: KDiamonds, QDiamonds, 4Diamonds, 3Diamonds, 7Clubs, 6Clubs, 7Hearts, 5Hearts, 4Hearts, 5Spades.
P2 HAND: 5Diamonds, 2Diamonds, 4Clubs, 2Clubs, KHearts, 3Hearts, ASpades, KSpades, QSpades, 4Spades.
P3 HAND: JDiamonds, 6Diamonds, AClubs, KClubs, 5Clubs, AHearts, QHearts, 2Hearts, 7Spades, 3Spades.
P2 ASpades P3 3Spades P0 JSpades P1 5Spades 
P2 2Clubs P3 AClubs P0 3Clubs P1 7Clubs 
P3 AHearts P0 6Hearts P1 7Hearts P2 3Hearts 
P3 2Hearts P0 JHearts P1 4Hearts P2 KHearts 
P2 4Clubs P3 5Clubs P0 QClubs P1 6Clubs 
P0 6Spades P1 5Hearts P2 4Spades P3 7Spades 
P3 QHearts P0 2Spades P1 3Diamonds P2 QSpades 
P1 4Diamonds P2 2Diamonds P3 6Diamonds P0 ADiamonds 
P0 JClubs P1 QDiamonds P2 KSpades P3 KClubs 
P1 KDiamonds P2 5Diamonds P3 JDiamonds P0 7Diamonds 
-- /GAME --
P0 HAND: 7Diamonds, KDiamonds, 5Diamonds, AClubs, QClubs, 6Clubs, 5Clubs, 3Clubs, AHearts, QHearts.
P1 HAND: JDiamonds, 4Diamonds, 3Diamonds, 7Clubs, KClubs, 2Clubs, 7Hearts, KHearts, 7Spades, QSpades.
P2 HAND: ADiamonds, 6Diamonds, 4Clubs, JHearts, 6Hearts, 5Hearts, ASpades, 4Spades, 3Spades, 2Spades.
P3 HAND: QDiamonds, 2Diamonds, JClubs, 4Hearts, 3Hearts, 2Hearts, KSpades, JSpades, 6Spades, 5Spades.
P1 3Diamonds P2 ADiamonds P3 2Diamonds P0 5Diamonds 
P2 ASpades P3 5Spades P0 QHearts P1 QSpades 
P2 2Spades P3 6Spades P0 3Clubs P1 7Spades 
P0 AClubs P1 2Clubs P2 4Clubs P3 JClubs 
P0 6Clubs P1 KClubs P2 3Spades P3 KSpades 
P1 4Diamonds P2 6Diamonds P3 QDiamonds P0 7Diamonds 
P0 AHearts P1 KHearts P2 JHearts P3 2Hearts 
P0 KDiamonds P1 JDiamonds P2 4Spades P3 3Hearts 
P0 5Clubs P1 7Clubs P2 5Hearts P3 JSpades 
P1 7Hearts P2 6Hearts P3 4Hearts P0 QClubs 
-- /GAME --
P0 HAND: 2Diamonds, AClubs, 6Clubs, 4Clubs, 7Hearts, KHearts, 4Hearts, 3Hearts, JSpades, 2Spades.
P1 HAND: 7Diamonds, JDiamonds, 3Diamonds, 7Clubs, 3Clubs, QHearts, 2Hearts, ASpades, 5Spades, 3Spades.
P2 HAND: ADiamonds, KDiamonds, QDiamonds, 6Diamonds, 4Diamonds, QClubs, 5Hearts, KSpades, 6Spades, 4Spades.
P3 HAND: 5Diamonds, KClubs, JClubs, 5Clubs, 2Clubs, AHearts, JHearts, 6Hearts, 7Spades, QSpades.
P0 2Diamonds P1 3Diamonds P2 ADiamonds P3 5Diamonds 
P2 4Diamonds P3 2Clubs P0 2Spades P1 7Diamonds 
P1 ASpades P2 4Spades P3 7Spades P0 JSpades 
P1 3Clubs P2 QClubs P3 5Clubs P0 4Clubs 
P2 6Diamonds P3 QSpades P0 6Clubs P1 JDiamonds 
P1 3Spades P2 6Spades P3 6Hearts P0 KHearts 
P0 4Hearts P1 2Hearts P2 5Hearts P3 JHearts 
P3 JClubs P0 AClubs P1 7Clubs P2 KDiamonds 
P0 3Hearts P1 QHearts P2 QDiamonds P3 AHearts 
P3 KClubs P0 7Hearts P1 5Spades P2 KSpades 
-- /GAME --
P0 HAND: ADiamonds, QDiamonds, 3Diamonds, 2Diamonds, 7Clubs, 2Clubs, KHearts, 6Hearts, 3Hearts, 2Hearts.
P1 HAND: 6Clubs, 4Clubs, 5Hearts, KSpades, JSpades, QSpades, 6Spades, 4Spades, 3Spades, 2Spades.
P2 HAND: KDiamonds, JDiamonds, 6Diamonds, 4Diamonds, KClubs, JClubs, QClubs, 7Hearts, JHearts, ASpades.
P3 HAND: 7Diamonds, 5Diamonds, AClubs, 5Clubs, 3Clubs, AHearts, QHearts, 4Hearts, 7Spades, 5Spades.
P3 AClubs P0 2Clubs P1 6Clubs P2 QClubs 
P3 AHearts P0 2Hearts P1 5Hearts P2 JHearts 
P3 3Clubs P0 7Clubs P1 4Clubs P2 KClubs 
P0 2Diamonds P1 2Spades P2 4Diamonds P3 5Diamonds 
P3 4Hearts P0 6Hearts P1 3Spades P2 7Hearts 
P2 ASpades P3 5Spades P0 3Hearts P1 4Spades 
P2 JClubs P3 5Clubs P0 3Diamonds P1 6Spades 
P0 KHearts P1 QSpades P2 6Diamonds P3 QHearts 
P2 JDiamonds P3 7Diamonds P0 ADiamonds P1 JSpades 
P0 QDiamonds P1 KSpades P2 KDiamonds P3 7Spades 
-- /GAME --
P0 HAND: 4Diamonds, 2Diamonds, 7Clubs, QClubs, 3Clubs, 5Hearts, 4Hearts, ASpades, KSpades, JSpades.
P1 HAND: 3Diamonds, AClubs, KClubs, 4Clubs, JHearts, 3Hearts, QSpades, 4Spades, 3Spades, 2Spades.
P2 HAND: ADiamonds, 7Diamonds, KDiamonds, JDiamonds, JClubs, 6Clubs, 2Clubs, AHearts, 6Hearts, 2Hearts.
P3 HAND: QDiamonds, 6Diamonds, 5Diamonds, 5Clubs, 7Hearts, KHearts, QHearts, 7Spades, 6Spades, 5Spades.

