-- GAME --
P0 HAND: 2Diamonds, 4Clubs, AHearts, 7Hearts, KHearts, 6Hearts, 2Hearts, 6Spades, 4Spades, 2Spades.
P1 HAND: 7Diamonds, QDiamonds, 3Diamonds, AClubs, 3Clubs, 2Clubs, QHearts, ASpades, 7Spades, KSpades.
P2 HAND: ADiamonds, KDiamonds, 5Diamonds, 6Clubs, JHearts, 4Hearts, 3Hearts, JSpades, QSpades, 3Spades.
P3 HAND: JDiamonds, 6Diamonds, 4Diamonds, 7Clubs, KClubs, JClubs, QClubs, 5Clubs, 5Hearts, 5Spades.
P2 3Hearts P3 5Hearts P0 KHearts P1 QHearts 
P0 7Hearts P1 3Diamonds P2 4Hearts P3 7Clubs 
P1 AClubs P2 6Clubs P3 KClubs P0 4Clubs 
P1 ASpades P2 3Spades P3 5Spades P0 6Spades 
P1 2Clubs P2 QSpades P3 5Clubs P0 6Hearts 
P3 QClubs P0 2Diamonds P1 3Clubs P2 JHearts 
P0 AHearts P1 QDiamonds P2 KDiamonds P3 JClubs 
P2 JSpades P3 4Diamonds P0 2Spades P1 7Spades 
P3 6Diamonds P0 4Spades P1 7Diamonds P2 ADiamonds 
P2 5Diamonds P3 JDiamonds P0 2Hearts P1 KSpades 
-- /GAME --
P0 HAND: 7Diamonds, 6Diamonds, 3Diamonds, 2Diamonds, KClubs, 3Clubs, 7Hearts, KHearts, 4Hearts, 4Spades.
P1 HAND: ADiamonds, QDiamonds, 5Diamonds, 7Clubs, JHearts, 3Hearts, ASpades, KSpades, JSpades, 3Spades.
P2 HAND: KDiamonds, AClubs, JClubs, QClubs, AHearts, QHearts, 6Hearts, 5Hearts, QSpades, 5Spades.
P3 HAND: JDiamonds, 4Diamonds, 6Clubs, 5Clubs, 4Clubs, 2Clubs, 2Hearts, 7Spades, 6Spades, 2Spades.
P1 ADiamonds P2 KDiamonds P3 JDiamonds P0 7Diamonds 
P1 ASpades P2 5Spades P3 7Spades P0 4Spades 
P1 3Spades P2 QSpades P3 2Spades P0 7Hearts 
P0 4Hearts P1 3Hearts P2 5Hearts P3 2Hearts 
P2 AClubs P3 2Clubs P0 KClubs P1 7Clubs 
P2 QClubs P3 4Clubs P0 3Clubs P1 5Diamonds 
P2 JClubs P3 5Clubs P0 3Diamonds P1 QDiamonds 
P2 6Hearts P3 4Diamonds P0 KHearts P1 JHearts 
P0 6Diamonds P1 JSpades P2 QHearts P3 6Clubs 
P2 AHearts P3 6Spades P0 2Diamonds P1 KSpades 
-- /GAME --
P0 HAND: ADiamonds, KDiamonds, 3Diamonds, QClubs, 7Hearts, JHearts, QHearts, 2Hearts, 4Spades, 3Spades.
P1 HAND: QDiamonds, 6Diamonds, 5Diamonds, 4Diamonds, AClubs, KClubs, 4Clubs, 3Clubs, 3Hearts, JSpades.
P2 HAND: JDiamonds, 2Diamonds, 7Clubs, 6Clubs, 5Clubs, 2Clubs, AHearts, 5Hearts, 7Spades, KSpades.
P3 HAND: 7Diamonds, JClubs, KHearts, 6Hearts, 4Hearts, ASpades, QSpades, 6Spades, 5Spades, 2Spades.
P0 QHearts P1 3Hearts P2 AHearts P3 4Hearts 
P2 2Clubs P3 JClubs P0 QClubs P1 AClubs 
P1 3Clubs P2 5Clubs P3 2Spades P0 ADiamonds 
P0 KDiamonds P1 4Diamonds P2 2Diamonds P3 7Diamonds 
P3 5Spades P0 4Spades P1 JSpades P2 7Spades 
P2 5Hearts P3 6Hearts P0 7Hearts P1 5Diamonds 
P1 4Clubs P2 6Clubs P3 6Spades P0 2Hearts 
P2 JDiamonds P3 QSpades P0 3Diamonds P1 6Diamonds 
P2 KSpades P3 ASpades P0 3Spades P1 KClubs 
P3 KHearts P0 JHearts P1 QDiamonds P2 7Clubs 
-- /GAME --

