-- GAME --
P0 3Clubs P1 5Diamonds P2 QSpades 
P1 JDiamonds P2 5Clubs P3 7Diamonds P0 3Diamonds 
P3 4Spades P0 2Clubs P1 ADiamonds P2 KSpades 
P1 KClubs P2 JClubs P3 6Spades P0 2Hearts 
P1 7Clubs P2 7Spades P3 JSpades P0 JHearts 
-- /GAME --
P0 HAND: JDiamonds, QDiamonds, KClubs, 4Clubs, 2Clubs, AHearts, 6Hearts, 5Hearts, 3Hearts, ASpades.
P1 HAND: KDiamonds, 2Diamonds, AClubs, JClubs, QClubs, 2Hearts, QSpades, 5Spades, 4Spades, 2Spades.
P2 HAND: 4Diamonds, 3Diamonds, 7Clubs, 5Clubs, 3Clubs, 7Hearts, KHearts, 7Spades, KSpades, JSpades.
P3 HAND: ADiamonds, 7Diamonds, 6Diamonds, 5Diamonds, 6Clubs, JHearts, QHearts, 4Hearts, 6Spades, 3Spades.
P1 AClubs P2 3Clubs P3 6Clubs P0 2Clubs 
P1 2Diamonds P2 3Diamonds P3 ADiamonds P0 QDiamonds 
P3 3Spades P0 ASpades P1 2Spades P2 7Spades 
P0 5Hearts P1 2Hearts P2 KHearts P3 4Hearts 
P2 4Diamonds P3 5Diamonds P0 JDiamonds P1 KDiamonds 
P1 4Spades P2 JSpades P3 6Spades P0 KClubs 
P2 5Clubs P3 6Diamonds P0 4Clubs P1 JClubs 
P1 5Spades P2 KSpades P3 QHearts P0 3Hearts 
P3 JHearts P0 6Hearts P1 QClubs P2 7Hearts 
P2 7Clubs P3 7Diamonds P0 AHearts P1 QSpades 
-- /GAME --
P0 HAND: JDiamonds, 4Diamonds, KClubs, 4Clubs, 2Clubs, JHearts, 2Hearts, KSpades, JSpades, 5Spades.
P1 HAND: 5Diamonds, 3Diamonds, 6Clubs, 5Clubs, 7Hearts, QHearts, 4Hearts, ASpades, QSpades, 3Spades.
P2 HAND: QDiamonds, 6Diamonds, 2Diamonds, 7Clubs, QClubs, 3Clubs, AHearts, 5Hearts, 6Spades, 4Spades.
P3 HAND: ADiamonds, 7Diamonds, KDiamonds, AClubs, JClubs, KHearts, 6Hearts, 3Hearts, 7Spades, 2Spades.
P0 JDiamonds P1 3Diamonds P2 2Diamonds P3 ADiamonds 
P3 AClubs P0 4Clubs P1 6Clubs P2 3Clubs 
P3 2Spades P0 JSpades P1 ASpades P2 4Spades 
P1 3Spades P2 6Spades P3 7Spades P0 5Spades 
P3 JClubs P0 2Clubs P1 5Clubs P2 7Clubs 
P2 6Diamonds P3 KDiamonds P0 4Diamonds P1 5Diamonds 
P3 3Hearts P0 JHearts P1 4Hearts P2 5Hearts 
P0 2Hearts P1 QHearts P2 AHearts P3 6Hearts 
P2 QDiamonds P3 7Diamonds P0 KClubs P1 QSpades 
P3 KHearts P0 KSpades P1 7Hearts P2 QClubs 
-- /GAME --
P0 HAND: QDiamonds, 2Diamonds, AClubs, QClubs, 5Clubs, 3Clubs, JHearts, JSpades, 6Spades, 2Spades.
P1 HAND: ADiamonds, KDiamonds, JDiamonds, KHearts, 6Hearts, 5Hearts, 4Hearts, 2Hearts, 7Spades, KSpades.
P2 HAND: 7Diamonds, 5Diamonds, 3Diamonds, 6Clubs, 4Clubs, 7Hearts, QHearts, ASpades, QSpades, 5Spades.
P3 HAND: 6Diamonds, 4Diamonds, 7Clubs, KClubs, JClubs, 2Clubs, AHearts, 3Hearts, 4Spades, 3Spades.
P0 AClubs P1 2Hearts P2 4Clubs P3 7Clubs 
P1 ADiamonds P2 3Diamonds P3 6Diamonds P0 2Diamonds 
P1 JDiamonds P2 5Diamonds P3 4Diamonds P0 QDiamonds 
P1 4Hearts P2 QHearts P3 3Hearts P0 JHearts 
P0 5Clubs P1 5Hearts P2 6Clubs P3 KClubs 
P1 6Hearts P2 7Hearts P3 AHearts P0 3Clubs 
P3 2Clubs P0 QClubs P1 KHearts P2 5Spades 
P1 KDiamonds P2 7Diamonds P3 3Spades P0 JSpades 
P2 QSpades P3 4Spades P0 6Spades P1 7Spades 
P1 KSpades P2 ASpades P3 JClubs P0 2Spades 
-- /GAME --
P0 HAND: 7Diamonds, JDiamonds, 3Diamonds, 7Clubs, 5Clubs, 2Clubs, 7Hearts, QHearts, ASpades, 2Spades.
P1 HAND: KDiamonds, QDiamonds, AClubs, KClubs, JHearts, 3Hearts, KSpades, QSpades, 6Spades, 3Spades.
P2 HAND: ADiamonds, 6Diamonds, 4Diamonds, 2Diamonds, KHearts, 6Hearts, 7Spades, JSpades, 5Spades, 4Spades.
P3 HAND: 5Diamonds, JClubs, QClubs, 6Clubs, 4Clubs, 3Clubs, AHearts, 5Hearts, 4Hearts, 2Hearts.
P3 AHearts P0 QHearts P1 JHearts P2 6Hearts 
P3 2Hearts P0 7Hearts P1 3Hearts P2 KHearts 
P0 JDiamonds P1 QDiamonds P2 2Diamonds P3 5Diamonds 
P0 3Diamonds P1 KDiamonds P2 4Diamonds P3 JClubs 
P1 AClubs P2 6Diamonds P3 3Clubs P0 5Clubs 
P2 4Spades P3 4Clubs P0 ASpades P1 3Spades 
P0 7Clubs P1 KClubs P2 7Spades P3 6Clubs 
P0 2Clubs P1 6Spades P2 5Spades P3 QClubs 
P3 4Hearts P0 7Diamonds P1 QSpades P2 JSpades 
P0 2Spades P1 KSpades P2 ADiamonds P3 5Hearts 
-- /GAME --
P0 HAND: 2Diamonds, JClubs, 5Clubs, 7Hearts, JHearts, 5Hearts, KSpades, 5Spades, 3Spades, 2Spades.
P1 HAND: JDiamonds, 5Diamonds, 7Clubs, 6Clubs, 4Clubs, 3Clubs, 2Clubs, QHearts, 6Hearts, 2Hearts.
P2 HAND: KDiamonds, 4Diamonds, QClubs, AHearts, KHearts, 4Hearts, 3Hearts, 7Spades, JSpades, 6Spades.
P3 HAND: ADiamonds, 7Diamonds, QDiamonds, 6Diamonds, 3Diamonds, AClubs, KClubs, ASpades, QSpades, 4Spades.
P2 AHearts P3 KClubs P0 5Hearts P1 QHearts 
P3 3Diamonds P0 2Diamonds P1 5Diamonds P2 KDiamonds 
P2 3Hearts P3 4Spades P0 7Hearts P1 2Hearts 
P0 5Spades P1 6Hearts P2 6Spades P3 ASpades 
P3 6Diamonds P0 JHearts P1 JDiamonds P2 4Diamonds 
P1 2Clubs P2 QClubs P3 AClubs P0 5Clubs 
P3 QDiamonds P0 3Spades P1 3Clubs P2 4Hearts 
P1 4Clubs P2 JSpades P3 QSpades P0 JClubs 
P0 2Spades P1 6Clubs P2 7Spades P3 ADiamonds 
P1 7Clubs P2 KHearts P3 7Diamonds P0 KSpades 
-- /GAME --

