-- GAME --
P0 HAND: ADiamonds, 6Diamonds, 5Diamonds, 4Diamonds, JClubs, 5Clubs, QHearts, 4Hearts, JSpades, QSpades.
P1 HAND: 3Diamonds, AClubs, 4Clubs, 3Clubs, 7Hearts, JHearts, KSpades, 6Spades, 5Spades, 3Spades.
P2 HAND: KDiamonds, JDiamonds, QDiamonds, KClubs, KHearts, 6Hearts, 3Hearts, ASpades, 7Spades, 4Spades.
P3 HAND: 7Diamonds, 2Diamonds, 7Clubs, QClubs, 6Clubs, 2Clubs, AHearts, 5Hearts, 2Hearts, 2Spades.
P0 ADiamonds P1 3Diamonds P2 KDiamonds P3 2Diamonds 
P0 4Diamonds P1 3Clubs P2 QDiamonds P3 7Diamonds 
P3 2Clubs P0 5Clubs P1 AClubs P2 KClubs 
P1 3Spades P2 ASpades P3 2Spades P0 JSpades 
P2 4Spades P3 6Clubs P0 QSpades P1 KSpades 
P1 4Clubs P2 3Hearts P3 QClubs P0 JClubs 
P2 JDiamonds P3 2Hearts P0 5Diamonds P1 6Spades 
P3 5Hearts P0 QHearts P1 JHearts P2 KHearts 
P2 6Hearts P3 AHearts P0 4Hearts P1 7Hearts 
P3 7Clubs P0 6Diamonds P1 5Spades P2 7Spades 
-- /GAME --
P0 HAND: JDiamonds, AClubs, QClubs, 4Clubs, 3Clubs, 7Hearts, KHearts, 3Hearts, KSpades, 4Spades.
P1 HAND: ADiamonds, 5Diamonds, 3Diamonds, 7Clubs, JClubs, 6Clubs, 2Clubs, JHearts, 2Hearts, 2Spades.
P2 HAND: 7Diamonds, 4Diamonds, 5Clubs, AHearts, QHearts, 6Hearts, 7Spades, JSpades, 6Spades, 3Spades.
P3 HAND: KDiamonds, QDiamonds, 6Diamonds, 2Diamonds, KClubs, 5Hearts, 4Hearts, ASpades, QSpades, 5Spades.

