-- GAME --
P0 HAND: KDiamonds, JDiamonds, 6Diamonds, KClubs, 3Clubs, AHearts, KHearts, ASpades, JSpades, 4Spades.
P1 HAND: ADiamonds, 7Diamonds, 7Clubs, QClubs, 5Clubs, 4Clubs, 7Hearts, 2Hearts, QSpades, 5Spades.
P2 HAND: QDiamonds, AClubs, 2Clubs, JHearts, QHearts, 5Hearts, 3Hearts, 7Spades, KSpades, 2Spades.
P3 HAND: 5Diamonds, 4Diamonds, 3Diamonds, 2Diamonds, JClubs, 6Clubs, 6Hearts, 4Hearts, 6Spades, 3Spades.
P1 ADiamonds P2 QDiamonds P3 5Diamonds P0 6Diamonds 
P1 2Hearts P2 3Hearts P3 4Hearts P0 KHearts 
P0 AHearts P1 7Hearts P2 5Hearts P3 6Hearts 
P0 JDiamonds P1 7Diamonds P2 2Spades P3 2Diamonds 
P2 AClubs P3 6Clubs P0 KClubs P1 4Clubs 
P2 2Clubs P3 JClubs P0 3Clubs P1 7Clubs 
P1 5Clubs P2 QHearts P3 3Diamonds P0 4Spades 
P0 KDiamonds P1 QClubs P2 KSpades P3 4Diamonds 
P2 JHearts P3 3Spades P0 JSpades P1 5Spades 
P0 ASpades P1 QSpades P2 7Spades P3 6Spades 
-- /GAME --
P0 HAND: 7Diamonds, 6Diamonds, 4Diamonds, AClubs, QClubs, AHearts, QHearts, 5Hearts, JSpades, 6Spades.
P1 HAND: ADiamonds, JDiamonds, QDiamonds, 2Diamonds, 7Clubs, 6Clubs, 3Clubs, 7Hearts, KHearts, JHearts.
P2 HAND: KDiamonds, 3Diamonds, KClubs, 5Clubs, 4Clubs, 6Hearts, 4Hearts, 2Hearts, 7Spades, 4Spades.
P3 HAND: 5Diamonds, JClubs, 2Clubs, 3Hearts, ASpades, KSpades, QSpades, 5Spades, 3Spades, 2Spades.
P0 AClubs P1 3Clubs P2 KClubs P3 2Clubs 
P0 AHearts P1 JHearts P2 6Hearts P3 3Hearts 
P0 QClubs P1 6Clubs P2 4Clubs P3 JClubs 
P3 5Diamonds P0 4Diamonds P1 ADiamonds P2 3Diamonds 
P1 2Diamonds P2 KDiamonds P3 2Spades P0 6Diamonds 
P3 3Spades P0 JSpades P1 QDiamonds P2 4Spades 
P0 QHearts P1 KHearts P2 2Hearts P3 5Spades 
P3 QSpades P0 6Spades P1 JDiamonds P2 7Spades 
P2 4Hearts P3 KSpades P0 5Hearts P1 7Hearts 
P3 ASpades P0 7Diamonds P1 7Clubs P2 5Clubs 
-- /GAME --
P0 HAND: ADiamonds, KDiamonds, AClubs, JClubs, QClubs, 6Clubs, 5Clubs, QHearts, ASpades, 2Spades.
P1 HAND: JDiamonds, 4Diamonds, 2Diamonds, 7Clubs, KClubs, JHearts, 6Hearts, 2Hearts, KSpades, JSpades.
P2 HAND: 7Diamonds, QDiamonds, 3Diamonds, 4Clubs, 7Hearts, KHearts, QSpades, 6Spades, 5Spades, 3Spades.
P3 HAND: 6Diamonds, 5Diamonds, 3Clubs, 2Clubs, AHearts, 5Hearts, 4Hearts, 3Hearts, 7Spades, 4Spades.
P3 AHearts P0 QHearts P1 JHearts P2 KHearts 
P3 2Clubs P0 AClubs P1 KClubs P2 4Clubs 
P0 ADiamonds P1 2Diamonds P2 7Diamonds P3 5Diamonds 
P0 KDiamonds P1 4Diamonds P2 QDiamonds P3 6Diamonds 
P0 JClubs P1 7Clubs P2 3Spades P3 3Clubs 
P2 3Diamonds P3 3Hearts P0 5Clubs P1 JDiamonds 
P1 2Hearts P2 7Hearts P3 4Hearts P0 QClubs 
P2 5Spades P3 4Spades P0 2Spades P1 JSpades 
P1 6Hearts P2 6Spades P3 5Hearts P0 6Clubs 
P2 QSpades P3 7Spades P0 ASpades P1 KSpades 
-- /GAME --
P0 HAND: 2Diamonds, AClubs, JClubs, QClubs, 7Hearts, KHearts, 5Hearts, KSpades, JSpades, 6Spades.
P1 HAND: KDiamonds, JDiamonds, 7Clubs, 6Clubs, 5Clubs, AHearts, JHearts, 3Hearts, QSpades, 4Spades.
P2 HAND: 6Diamonds, 4Diamonds, 3Diamonds, 4Clubs, QHearts, 6Hearts, 4Hearts, 2Hearts, 3Spades, 2Spades.
P3 HAND: ADiamonds, 7Diamonds, QDiamonds, 5Diamonds, KClubs, 3Clubs, 2Clubs, ASpades, 7Spades, 5Spades.
P3 ASpades P0 6Spades P1 QSpades P2 2Spades 
P3 2Clubs P0 AClubs P1 5Clubs P2 4Clubs 
P0 5Hearts P1 AHearts P2 2Hearts P3 7Spades 
P1 3Hearts P2 4Hearts P3 3Clubs P0 7Hearts 
P0 QClubs P1 6Clubs P2 3Spades P3 KClubs 
P3 5Spades P0 JSpades P1 4Spades P2 QHearts 
P0 JClubs P1 7Clubs P2 3Diamonds P3 5Diamonds 
P3 QDiamonds P0 2Diamonds P1 JDiamonds P2 4Diamonds 
P1 JHearts P2 6Hearts P3 7Diamonds P0 KHearts 
P3 ADiamonds P0 KSpades P1 KDiamonds P2 6Diamonds 
-- /GAME --
P0 HAND: 5Diamonds, AClubs, 7Clubs, QHearts, 4Hearts, 2Hearts, ASpades, 6Spades, 5Spades, 3Spades.
P1 HAND: ADiamonds, 6Diamonds, 2Diamonds, JClubs, 6Clubs, 5Clubs, KHearts, 6Hearts, 3Hearts, 7Spades.
P2 HAND: KDiamonds, JDiamonds, QDiamonds, 4Diamonds, QClubs, 4Clubs, AHearts, 7Hearts, JHearts, 2Spades.
P3 HAND: 7Diamonds, 3Diamonds, KClubs, 3Clubs, 2Clubs, 5Hearts, KSpades, JSpades, QSpades, 4Spades.
P2 2Spades P3 4Spades P0 ASpades P1 7Spades 
P0 AClubs P1 5Clubs P2 QClubs P3 2Clubs 
P0 7Clubs P1 6Clubs P2 4Clubs P3 3Clubs 
P0 5Diamonds P1 ADiamonds P2 4Diamonds P3 7Diamonds 
P1 2Diamonds P2 QDiamonds P3 3Diamonds P0 3Spades 
P2 JDiamonds P3 QSpades P0 6Spades P1 6Diamonds 
P2 JHearts P3 5Hearts P0 2Hearts P1 3Hearts 
P2 7Hearts P3 JSpades P0 4Hearts P1 6Hearts 
P2 AHearts P3 KClubs P0 QHearts P1 KHearts 
P2 KDiamonds P3 KSpades P0 5Spades P1 JClubs 
-- /GAME --
P0 HAND: ADiamonds, QDiamonds, 4Diamonds, KClubs, JClubs, QClubs, 5Hearts, 3Hearts, JSpades, 5Spades.
P1 HAND: JDiamonds, 6Diamonds, 5Diamonds, 7Clubs, 5Clubs, 3Clubs, AHearts, 7Spades, 6Spades, 2Spades.
P2 HAND: 7Diamonds, 3Diamonds, AClubs, 6Clubs, 7Hearts, JHearts, 6Hearts, 4Hearts, 2Hearts, 4Spades.
P3 HAND: KDiamonds, 2Diamonds, 4Clubs, 2Clubs, KHearts, QHearts, ASpades, KSpades, QSpades, 3Spades.
P1 AHearts P2 2Hearts P3 KHearts P0 3Hearts 
P1 2Spades P2 4Spades P3 ASpades P0 5Spades 
P3 2Clubs P0 KClubs P1 3Clubs P2 AClubs 
P2 4Hearts P3 QHearts P0 5Hearts P1 7Clubs 
P3 3Spades P0 JSpades P1 7Spades P2 3Diamonds 
P2 6Clubs P3 4Clubs P0 QClubs P1 5Clubs 
P0 JClubs P1 6Spades P2 6Hearts P3 QSpades 
P0 4Diamonds P1 5Diamonds P2 7Diamonds P3 2Diamonds 
P2 JHearts P3 KDiamonds P0 ADiamonds P1 6Diamonds 
P0 QDiamonds P1 JDiamonds P2 7Hearts P3 KSpades 
-- /GAME --
P0 HAND: JDiamonds, 5Diamonds, 3Diamonds, JClubs, AHearts, 7Hearts, KHearts, QHearts, 2Hearts, ASpades.
P1 HAND: ADiamonds, AClubs, KClubs, QClubs, 6Clubs, 2Clubs, 4Hearts, 3Hearts, JSpades, 4Spades.
P2 HAND: 7Diamonds, 6Diamonds, 4Diamonds, 2Diamonds, 5Clubs, 6Hearts, KSpades, 6Spades, 5Spades, 2Spades.
P3 HAND: KDiamonds, QDiamonds, 7Clubs, 4Clubs, 3Clubs, JHearts, 5Hearts, 7Spades, QSpades, 3Spades.
P0 ASpades P1 4Spades P2 KSpades P3 3Spades 
P0 AHearts P1 3Hearts P2 6Hearts P3 5Hearts 
P0 JClubs P1 AClubs P2 5Clubs P3 7Clubs 
P1 2Clubs P2 2Spades P3 3Clubs P0 2Hearts 
P3 4Clubs P0 QHearts P1 6Clubs P2 5Spades 
P1 4Hearts P2 6Spades P3 JHearts P0 7Hearts 
P0 KHearts P1 QClubs P2 2Diamonds P3 QDiamonds 
P3 QSpades P0 JDiamonds P1 JSpades P2 4Diamonds 
P0 3Diamonds P1 ADiamonds P2 6Diamonds P3 KDiamonds 
P1 KClubs P2 7Diamonds P3 7Spades P0 5Diamonds 
-- /GAME --
P0 HAND: JDiamonds, 4Diamonds, KClubs, 6Clubs, JHearts, 6Hearts, 2Hearts, ASpades, 5Spades, 4Spades.
P1 HAND: 6Diamonds, 2Diamonds, 7Clubs, 5Clubs, 4Clubs, 7Hearts, 5Hearts, KSpades, JSpades, 6Spades.
P2 HAND: 7Diamonds, KDiamonds, QDiamonds, 3Diamonds, QClubs, 3Clubs, QHearts, 3Hearts, 7Spades, QSpades.
P3 HAND: ADiamonds, 5Diamonds, AClubs, JClubs, 2Clubs, AHearts, KHearts, 4Hearts, 3Spades, 2Spades.
P3 ADiamonds P0 4Diamonds P1 6Diamonds P2 3Diamonds 
P3 AClubs P0 6Clubs P1 7Clubs P2 3Clubs 
P3 AHearts P0 2Hearts P1 7Hearts P2 3Hearts 
P3 2Clubs P0 KClubs P1 4Clubs P2 QClubs 
P0 JDiamonds P1 2Diamonds P2 QDiamonds P3 5Diamonds 
P0 6Hearts P1 5Hearts P2 QHearts P3 KHearts 
P3 4Hearts P0 JHearts P1 5Clubs P2 7Diamonds 
P0 4Spades P1 6Spades P2 QSpades P3 2Spades 
P2 7Spades P3 3Spades P0 5Spades P1 JSpades 
P2 KDiamonds P3 JClubs P0 ASpades P1 KSpades 
-- /GAME --
P0 HAND: QDiamonds, 4Diamonds, KClubs, 3Clubs, QHearts, 6Hearts, 2Hearts, ASpades, 7Spades, 4Spades.
P1 HAND: KDiamonds, JDiamonds, 6Diamonds, 5Diamonds, AClubs, 6Clubs, 4Clubs, 7Hearts, KHearts, KSpades.
P2 HAND: 7Diamonds, 3Diamonds, 7Clubs, QClubs, AHearts, 5Hearts, 4Hearts, 3Hearts, JSpades, 5Spades.
P3 HAND: ADiamonds, 2Diamonds, JClubs, 5Clubs, 2Clubs, JHearts, QSpades, 6Spades, 3Spades, 2Spades.
P2 AHearts P3 JHearts P0 QHearts P1 KHearts 
P2 3Diamonds P3 ADiamonds P0 4Diamonds P1 KDiamonds 
P3 2Diamonds P0 QDiamonds P1 5Diamonds P2 7Diamonds 
P2 3Hearts P3 2Clubs P0 2Hearts P1 7Hearts 
P1 AClubs P2 QClubs P3 JClubs P0 3Clubs 
P1 4Clubs P2 7Clubs P3 5Clubs P0 KClubs 
P2 4Hearts P3 2Spades P0 6Hearts P1 JDiamonds 
P3 3Spades P0 4Spades P1 KSpades P2 5Spades 
P1 6Diamonds P2 5Hearts P3 6Spades P0 7Spades 
P0 ASpades P1 6Clubs P2 JSpades P3 QSpades 
-- /GAME --
P0 HAND: JDiamonds, 5Clubs, 3Clubs, 2Clubs, KHearts, QHearts, 6Hearts, 2Hearts, JSpades, QSpades.
P1 HAND: 7Diamonds, QDiamonds, 4Diamonds, KClubs, JClubs, JHearts, 5Hearts, 4Hearts, 3Hearts, 6Spades.
P2 HAND: KDiamonds, 5Diamonds, QClubs, 6Clubs, 4Clubs, AHearts, 7Hearts, KSpades, 3Spades, 2Spades.
P3 HAND: ADiamonds, 6Diamonds, 3Diamonds, 2Diamonds, AClubs, 7Clubs, ASpades, 7Spades, 5Spades, 4Spades.
P1 4Diamonds P2 5Diamonds P3 ADiamonds P0 JDiamonds 
P3 AClubs P0 2Clubs P1 KClubs P2 4Clubs 
P3 ASpades P0 QSpades P1 6Spades P2 2Spades 
P3 2Diamonds P0 JSpades P1 7Diamonds P2 KDiamonds 
P1 QDiamonds P2 3Spades P3 3Diamonds P0 5Clubs 
P1 JClubs P2 6Clubs P3 7Clubs P0 3Clubs 
P3 4Spades P0 QHearts P1 3Hearts P2 KSpades 
P0 2Hearts P1 4Hearts P2 7Hearts P3 5Spades 
P2 QClubs P3 6Diamonds P0 6Hearts P1 5Hearts 
P0 KHearts P1 JHearts P2 AHearts P3 7Spades 
-- /GAME --
P0 HAND: ADiamonds, 6Diamonds, 5Diamonds, 7Clubs, 3Clubs, KHearts, JHearts, 5Hearts, 2Hearts, 4Spades.
P1 HAND: 7Diamonds, JDiamonds, 4Diamonds, 2Diamonds, 5Clubs, 4Clubs, 7Hearts, QHearts, QSpades, 6Spades.
P2 HAND: QDiamonds, 3Diamonds, AClubs, KClubs, 6Clubs, 2Clubs, AHearts, ASpades, 7Spades, JSpades.
P3 HAND: KDiamonds, JClubs, QClubs, 6Hearts, 4Hearts, 3Hearts, KSpades, 5Spades, 3Spades, 2Spades.
P0 ADiamonds P1 2Diamonds P2 QDiamonds P3 KDiamonds 
P0 4Spades P1 6Spades P2 ASpades P3 2Spades 
P2 AClubs P3 QClubs P0 7Clubs P1 4Clubs 
P2 2Clubs P3 JClubs P0 3Clubs P1 5Clubs 
P3 3Spades P0 2Hearts P1 QSpades P2 7Spades 
P0 6Diamonds P1 4Diamonds P2 3Diamonds P3 5Spades 
P0 5Diamonds P1 JDiamonds P2 6Clubs P3 KSpades 
P1 QHearts P2 AHearts P3 3Hearts P0 JHearts 
P2 JSpades P3 4Hearts P0 KHearts P1 7Hearts 
P1 7Diamonds P2 KClubs P3 6Hearts P0 5Hearts 
-- /GAME --
P0 HAND: ADiamonds, 6Clubs, 2Clubs, QHearts, 6Hearts, 5Hearts, 4Hearts, JSpades, 4Spades, 2Spades.
P1 HAND: 5Diamonds, AClubs, 7Clubs, JClubs, QClubs, 5Clubs, 4Clubs, 7Hearts, JHearts, KSpades.
P2 HAND: JDiamonds, QDiamonds, 6Diamonds, 2Diamonds, KClubs, 3Clubs, AHearts, KHearts, 7Spades, 3Spades.
P3 HAND: 7Diamonds, KDiamonds, 4Diamonds, 3Diamonds, 3Hearts, 2Hearts, ASpades, QSpades, 6Spades, 5Spades.
P3 2Hearts P0 4Hearts P1 JHearts P2 AHearts 
P2 2Diamonds P3 3Diamonds P0 ADiamonds P1 5Diamonds 
P0 6Clubs P1 4Clubs P2 3Clubs P3 3Hearts 
P0 2Clubs P1 5Clubs P2 KClubs P3 4Diamonds 
P2 6Diamonds P3 KDiamonds P0 JSpades P1 KSpades 
P1 QClubs P2 QDiamonds P3 5Spades P0 5Hearts 
P3 6Spades P0 4Spades P1 JClubs P2 3Spades 
P3 QSpades P0 2Spades P1 7Clubs P2 7Spades 
P2 JDiamonds P3 7Diamonds P0 6Hearts P1 AClubs 
P3 ASpades P0 QHearts P1 7Hearts P2 KHearts 
-- /GAME --
P0 HAND: KDiamonds, 3Diamonds, AClubs, 7Clubs, KClubs, JClubs, 5Clubs, 7Spades, 4Spades, 2Spades.
P1 HAND: JDiamonds, 4Diamonds, 3Clubs, QHearts, 4Hearts, 2Hearts, ASpades, QSpades, 6Spades, 3Spades.
P2 HAND: QDiamonds, 6Diamonds, 2Diamonds, QClubs, 7Hearts, JHearts, 5Hearts, 3Hearts, KSpades, JSpades.
P3 HAND: ADiamonds, 7Diamonds, 5Diamonds, 6Clubs, 4Clubs, 2Clubs, AHearts, KHearts, 6Hearts, 5Spades.
P2 2Diamonds P3 ADiamonds P0 3Diamonds P1 JDiamonds 
P3 AHearts P0 5Clubs P1 2Hearts P2 7Hearts 
P0 AClubs P1 3Clubs P2 QClubs P3 2Clubs 
P0 JClubs P1 3Spades P2 3Hearts P3 4Clubs 
P0 KClubs P1 4Diamonds P2 5Hearts P3 6Clubs 
P0 2Spades P1 ASpades P2 JSpades P3 5Spades 
P1 4Hearts P2 JHearts P3 6Hearts P0 7Spades 
P2 6Diamonds P3 5Diamonds P0 KDiamonds P1 6Spades 
P0 7Clubs P1 QHearts P2 QDiamonds P3 KHearts 
P0 4Spades P1 QSpades P2 KSpades P3 7Diamonds 
-- /GAME --
P0 HAND: 3Diamonds, 2Diamonds, AClubs, 5Clubs, 3Clubs, 7Hearts, 6Hearts, KSpades, 6Spades, 4Spades.
P1 HAND: 7Diamonds, JDiamonds, QDiamonds, 6Diamonds, 6Clubs, KHearts, 5Hearts, 2Hearts, 3Spades, 2Spades.
P2 HAND: ADiamonds, KDiamonds, 7Clubs, KClubs, JClubs, 4Clubs, AHearts, JHearts, QHearts, 4Hearts.
P3 HAND: 5Diamonds, 4Diamonds, QClubs, 2Clubs, 3Hearts, ASpades, 7Spades, JSpades, QSpades, 5Spades.
P0 AClubs P1 6Clubs P2 7Clubs P3 2Clubs 
P0 4Spades P1 2Spades P2 4Clubs P3 ASpades 
P3 3Hearts P0 6Hearts P1 2Hearts P2 AHearts 
P2 4Hearts P3 5Spades P0 7Hearts P1 5Hearts 
P0 3Clubs P1 3Spades P2 KClubs P3 QClubs 
P2 QHearts P3 QSpades P0 2Diamonds P1 KHearts 
P0 5Clubs P1 6Diamonds P2 JClubs P3 7Spades 
P1 QDiamonds P2 KDiamonds P3 4Diamonds P0 3Diamonds 
P2 JHearts P3 5Diamonds P0 6Spades P1 JDiamonds 
P1 7Diamonds P2 ADiamonds P3 JSpades P0 KSpades 
-- /GAME --
P0 HAND: 7Diamonds, KDiamonds, 6Diamonds, 4Diamonds, 2Diamonds, 7Clubs, 5Clubs, KHearts, QHearts, 3Spades.
P1 HAND: QDiamonds, 3Diamonds, 6Clubs, AHearts, 4Hearts, 2Hearts, ASpades, JSpades, QSpades, 4Spades.
P2 HAND: ADiamonds, 5Diamonds, KClubs, QClubs, 4Clubs, 3Clubs, 2Clubs, 3Hearts, KSpades, 6Spades.
P3 HAND: JDiamonds, AClubs, JClubs, 7Hearts, JHearts, 6Hearts, 5Hearts, 7Spades, 5Spades, 2Spades.
P3 2Spades P0 3Spades P1 ASpades P2 6Spades 
P1 AHearts P2 3Hearts P3 7Hearts P0 QHearts 
P1 2Hearts P2 5Diamonds P3 5Hearts P0 KHearts 
P0 KDiamonds P1 3Diamonds P2 ADiamonds P3 JDiamonds 
P2 2Clubs P3 JClubs P0 5Clubs P1 6Clubs 
P3 5Spades P0 7Clubs P1 4Spades P2 KSpades 
P0 2Diamonds P1 QDiamonds P2 3Clubs P3 6Hearts 
P2 4Clubs P3 AClubs P0 4Diamonds P1 JSpades 
P3 JHearts P0 7Diamonds P1 4Hearts P2 QClubs 
P2 KClubs P3 7Spades P0 6Diamonds P1 QSpades 
-- /GAME --
P0 HAND: KDiamonds, 4Clubs, 2Clubs, JHearts, 4Hearts, 7Spades, KSpades, QSpades, 5Spades, 3Spades.
P1 HAND: 7Diamonds, 5Diamonds, KClubs, 5Clubs, 3Clubs, 7Hearts, 3Hearts, ASpades, 4Spades, 2Spades.
P2 HAND: 6Diamonds, 4Diamonds, 2Diamonds, AClubs, JClubs, QClubs, QHearts, 5Hearts, 2Hearts, JSpades.
P3 HAND: ADiamonds, JDiamonds, QDiamonds, 3Diamonds, 7Clubs, 6Clubs, AHearts, KHearts, 6Hearts, 6Spades.
P2 AClubs P3 6Clubs P0 4Clubs P1 3Clubs 
P2 2Hearts P3 AHearts P0 4Hearts P1 7Hearts 
P3 6Hearts P0 JHearts P1 3Hearts P2 QHearts 
P0 2Clubs P1 5Clubs P2 QClubs P3 7Clubs 
P3 6Spades P0 KSpades P1 ASpades P2 JSpades 
P1 2Spades P2 5Hearts P3 3Diamonds P0 3Spades 
P3 QDiamonds P0 KDiamonds P1 7Diamonds P2 2Diamonds 
P1 4Spades P2 4Diamonds P3 JDiamonds P0 5Spades 
P3 ADiamonds P0 QSpades P1 5Diamonds P2 6Diamonds 
P3 KHearts P0 7Spades P1 KClubs P2 JClubs 
-- /GAME --
P0 HAND: 4Diamonds, 3Diamonds, 2Diamonds, 4Clubs, AHearts, KHearts, 7Spades, QSpades, 6Spades, 2Spades.
P1 HAND: 6Diamonds, 7Clubs, 5Clubs, 3Clubs, 2Clubs, JHearts, QHearts, 3Hearts, 5Spades, 4Spades.
P2 HAND: ADiamonds, 7Diamonds, QDiamonds, 5Diamonds, QClubs, 6Hearts, 2Hearts, KSpades, JSpades, 3Spades.
P3 HAND: KDiamonds, JDiamonds, AClubs, KClubs, JClubs, 6Clubs, 7Hearts, 5Hearts, 4Hearts, ASpades.
P1 2Clubs P2 QClubs P3 AClubs P0 4Clubs 
P3 ASpades P0 2Spades P1 5Spades P2 3Spades 
P3 6Clubs P0 2Diamonds P1 7Clubs P2 2Hearts 
P2 5Diamonds P3 JDiamonds P0 3Diamonds P1 6Diamonds 
P3 JClubs P0 4Diamonds P1 3Clubs P2 QDiamonds 
P3 4Hearts P0 KHearts P1 3Hearts P2 6Hearts 
P0 QSpades P1 4Spades P2 JSpades P3 5Hearts 
P3 7Hearts P0 AHearts P1 QHearts P2 ADiamonds 
P0 6Spades P1 5Clubs P2 KSpades P3 KDiamonds 
P2 7Diamonds P3 KClubs P0 7Spades P1 JHearts 
-- /GAME --
P0 HAND: KDiamonds, JDiamonds, 6Diamonds, 4Diamonds, KClubs, 7Hearts, KHearts, JHearts, 7Spades, 6Spades.
P1 HAND: JClubs, QClubs, 6Clubs, 3Clubs, 2Clubs, 4Hearts, 3Hearts, KSpades, JSpades, 3Spades.
P2 HAND: 7Diamonds, QDiamonds, 5Diamonds, 3Diamonds, 4Clubs, 5Hearts, 2Hearts, ASpades, QSpades, 2Spades.
P3 HAND: ADiamonds, 2Diamonds, AClubs, 7Clubs, 5Clubs, AHearts, QHearts, 6Hearts, 5Spades, 4Spades.
P0 JDiamonds P1 2Clubs P2 3Diamonds P3 ADiamonds 
P3 AClubs P0 KClubs P1 JClubs P2 4Clubs 
P3 2Diamonds P0 4Diamonds P1 3Clubs P2 7Diamonds 
P2 ASpades P3 4Spades P0 7Spades P1 3Spades 
P2 2Spades P3 5Spades P0 6Spades P1 KSpades 
P1 6Clubs P2 5Diamonds P3 5Clubs P0 6Diamonds 
P1 QClubs P2 QDiamonds P3 7Clubs P0 7Hearts 
P0 KDiamonds P1 3Hearts P2 QSpades P3 6Hearts 
P3 QHearts P0 KHearts P1 4Hearts P2 2Hearts 
P0 JHearts P1 JSpades P2 5Hearts P3 AHearts 
-- /GAME --
P0 HAND: JDiamonds, QDiamonds, 3Diamonds, KClubs, JClubs, 4Clubs, QHearts, 3Hearts, ASpades, 6Spades.
P1 HAND: ADiamonds, KDiamonds, 5Diamonds, QClubs, 2Clubs, 6Hearts, 5Hearts, 4Hearts, 2Hearts, 3Spades.
P2 HAND: 7Diamonds, AClubs, 5Clubs, 3Clubs, AHearts, KHearts, JHearts, QSpades, 5Spades, 4Spades.
P3 HAND: 6Diamonds, 4Diamonds, 2Diamonds, 7Clubs, 6Clubs, 7Hearts, 7Spades, KSpades, JSpades, 2Spades.
P3 2Diamonds P0 3Diamonds P1 ADiamonds P2 7Diamonds 
P1 2Clubs P2 AClubs P3 6Clubs P0 KClubs 
P2 AHearts P3 7Hearts P0 QHearts P1 2Hearts 
P2 3Clubs P3 7Clubs P0 4Clubs P1 QClubs 
P3 4Diamonds P0 JDiamonds P1 KDiamonds P2 4Spades 
P2 5Clubs P3 6Diamonds P0 JClubs P1 4Hearts 
P0 3Hearts P1 5Hearts P2 JHearts P3 2Spades 
P3 JSpades P0 6Spades P1 3Spades P2 5Spades 
P3 KSpades P0 ASpades P1 5Diamonds P2 QSpades 
P0 QDiamonds P1 6Hearts P2 KHearts P3 7Spades 
-- /GAME --
P0 HAND: KDiamonds, QDiamonds, 6Diamonds, 3Diamonds, AClubs, JClubs, 6Clubs, 5Clubs, 7Hearts, KHearts.
P1 HAND: 7Diamonds, 4Clubs, 3Clubs, 2Clubs, 6Hearts, 4Hearts, 7Spades, KSpades, 3Spades, 2Spades.
P2 HAND: ADiamonds, JDiamonds, 5Diamonds, 7Clubs, KClubs, 5Hearts, 3Hearts, 2Hearts, ASpades, JSpades.
P3 HAND: 4Diamonds, 2Diamonds, QClubs, AHearts, JHearts, QHearts, QSpades, 6Spades, 5Spades, 4Spades.
P3 2Diamonds P0 6Diamonds P1 7Diamonds P2 ADiamonds 
P2 ASpades P3 4Spades P0 AClubs P1 2Spades 
P2 7Clubs P3 QClubs P0 JClubs P1 2Clubs 
P2 5Diamonds P3 4Diamonds P0 KDiamonds P1 3Clubs 
P0 QDiamonds P1 3Spades P2 JDiamonds P3 QHearts 
P3 5Spades P0 7Hearts P1 KSpades P2 JSpades 
P0 3Diamonds P1 4Clubs P2 2Hearts P3 6Spades 
P2 3Hearts P3 JHearts P0 KHearts P1 4Hearts 
P0 6Clubs P1 6Hearts P2 KClubs P3 QSpades 
P1 7Spades P2 5Hearts P3 AHearts P0 5Clubs 
-- /GAME --
P0 HAND: KDiamonds, 4Diamonds, AClubs, QClubs, 6Clubs, 4Clubs, 3Clubs, JHearts, 6Spades, 4Spades.
P1 HAND: JDiamonds, KClubs, JClubs, KHearts, QHearts, 6Hearts, 5Hearts, 4Hearts, 3Hearts, 3Spades.
P2 HAND: ADiamonds, 6Diamonds, 5Diamonds, 2Diamonds, 5Clubs, 7Hearts, 7Spades, KSpades, 5Spades, 2Spades.
P3 HAND: 7Diamonds, QDiamonds, 3Diamonds, 7Clubs, 2Clubs, AHearts, 2Hearts, ASpades, JSpades, QSpades.
P2 ADiamonds P3 3Diamonds P0 KDiamonds P1 JDiamonds 
P2 2Diamonds P3 QDiamonds P0 4Diamonds P1 KHearts 
P3 AHearts P0 JHearts P1 QHearts P2 7Hearts 
P3 ASpades P0 4Spades P1 3Spades P2 2Spades 
P3 2Hearts P0 6Spades P1 3Hearts P2 5Diamonds 
P1 4Hearts P2 5Spades P3 QSpades P0 3Clubs 
P0 AClubs P1 JClubs P2 5Clubs P3 2Clubs 
P0 4Clubs P1 KClubs P2 6Diamonds P3 7Clubs 
P3 JSpades P0 6Clubs P1 5Hearts P2 7Spades 
P0 QClubs P1 6Hearts P2 KSpades P3 7Diamonds 
-- /GAME --
P0 HAND: 7Diamonds, 2Diamonds, 7Clubs, KClubs, 7Hearts, KHearts, ASpades, QSpades, 3Spades, 2Spades.
P1 HAND: ADiamonds, 6Diamonds, 4Diamonds, 6Clubs, 5Clubs, QHearts, 4Hearts, 3Hearts, 7Spades, JSpades.
P2 HAND: KDiamonds, QDiamonds, 5Diamonds, 3Diamonds, AClubs, 4Clubs, 2Clubs, AHearts, KSpades, 6Spades.
P3 HAND: JDiamonds, JClubs, QClubs, 3Clubs, JHearts, 6Hearts, 5Hearts, 2Hearts, 5Spades, 4Spades.
P1 ADiamonds P2 3Diamonds P3 JDiamonds P0 2Diamonds 
P1 3Hearts P2 AHearts P3 2Hearts P0 7Hearts 
P2 AClubs P3 3Clubs P0 7Clubs P1 5Clubs 
P2 2Clubs P3 QClubs P0 KClubs P1 6Clubs 
P0 KHearts P1 4Hearts P2 KDiamonds P3 5Hearts 
P0 ASpades P1 JSpades P2 6Spades P3 4Spades 
P0 2Spades P1 7Spades P2 KSpades P3 5Spades 
P1 4Diamonds P2 5Diamonds P3 6Hearts P0 7Diamonds 
P0 3Spades P1 6Diamonds P2 4Clubs P3 JClubs 
P0 QSpades P1 QHearts P2 QDiamonds P3 JHearts 
-- /GAME --
P0 HAND: KDiamonds, 5Diamonds, 3Diamonds, QClubs, 6Clubs, QHearts, QSpades, 6Spades, 5Spades, 2Spades.
P1 HAND: 6Diamonds, 2Diamonds, AClubs, 7Clubs, 5Clubs, 4Clubs, 3Clubs, JHearts, KSpades, 4Spades.
P2 HAND: QDiamonds, 4Diamonds, KClubs, JClubs, AHearts, 7Hearts, 4Hearts, ASpades, 7Spades, 3Spades.
P3 HAND: ADiamonds, 7Diamonds, JDiamonds, 2Clubs, KHearts, 6Hearts, 5Hearts, 3Hearts, 2Hearts, JSpades.
P2 AHearts P3 2Hearts P0 QHearts P1 JHearts 
P2 4Diamonds P3 ADiamonds P0 3Diamonds P1 6Diamonds 
P3 2Clubs P0 6Clubs P1 AClubs P2 JClubs 
P1 2Diamonds P2 QDiamonds P3 7Diamonds P0 5Diamonds 
P3 3Hearts P0 KDiamonds P1 3Clubs P2 7Hearts 
P2 4Hearts P3 5Hearts P0 QClubs P1 7Clubs 
P3 6Hearts P0 2Spades P1 4Clubs P2 KClubs 
P0 5Spades P1 4Spades P2 3Spades P3 JSpades 
P3 JDiamonds P0 QSpades P1 KSpades P2 7Spades 
P2 ASpades P3 KHearts P0 6Spades P1 5Clubs 
-- /GAME --
P0 HAND: KDiamonds, JClubs, QClubs, 5Clubs, 6Hearts, 3Hearts, 2Hearts, KSpades, JSpades, 3Spades.
P1 HAND: 7Diamonds, 2Diamonds, KClubs, KHearts, JHearts, 4Hearts, 7Spades, QSpades, 5Spades, 4Spades.
P2 HAND: JDiamonds, 6Diamonds, 4Diamonds, AClubs, 7Clubs, 6Clubs, 4Clubs, 2Clubs, AHearts, 6Spades.
P3 HAND: ADiamonds, QDiamonds, 5Diamonds, 3Diamonds, 3Clubs, 7Hearts, QHearts, 5Hearts, ASpades, 2Spades.
P1 2Diamonds P2 4Diamonds P3 ADiamonds P0 KDiamonds 
P3 ASpades P0 3Spades P1 7Spades P2 6Spades 
P3 2Spades P0 KSpades P1 4Spades P2 AClubs 
P0 JSpades P1 5Spades P2 2Clubs P3 3Diamonds 
P0 JClubs P1 KClubs P2 7Clubs P3 3Clubs 
P2 4Clubs P3 5Diamonds P0 QClubs P1 QSpades 
P0 5Clubs P1 4Hearts P2 6Clubs P3 QDiamonds 
P1 JHearts P2 AHearts P3 5Hearts P0 2Hearts 
P2 6Diamonds P3 QHearts P0 3Hearts P1 7Diamonds 
P3 7Hearts P0 6Hearts P1 KHearts P2 JDiamonds 
-- /GAME --
P0 HAND: JDiamonds, 6Diamonds, KClubs, 5Clubs, 6Hearts, 5Hearts, 3Hearts, 7Spades, 6Spades, 5Spades.
P1 HAND: KDiamonds, 5Diamonds, 3Diamonds, AClubs, 4Clubs, 7Hearts, KHearts, 2Hearts, KSpades, QSpades.
P2 HAND: ADiamonds, 7Clubs, QClubs, 6Clubs, JHearts, QHearts, 4Hearts, ASpades, JSpades, 4Spades.
P3 HAND: 7Diamonds, QDiamonds, 4Diamonds, 2Diamonds, JClubs, 3Clubs, 2Clubs, AHearts, 3Spades, 2Spades.
P0 5Clubs P1 AClubs P2 6Clubs P3 JClubs 
P1 3Diamonds P2 ADiamonds P3 2Diamonds P0 JDiamonds 
P2 ASpades P3 2Spades P0 7Spades P1 QSpades 
P2 4Spades P3 3Spades P0 5Spades P1 KSpades 
P1 4Clubs P2 QClubs P3 2Clubs P0 KClubs 
P0 6Spades P1 5Diamonds P2 JSpades P3 3Clubs 
P2 4Hearts P3 AHearts P0 3Hearts P1 2Hearts 
P3 4Diamonds P0 6Diamonds P1 KDiamonds P2 QHearts 
P2 JHearts P3 QDiamonds P0 5Hearts P1 KHearts 
P1 7Hearts P2 7Clubs P3 7Diamonds P0 6Hearts 
-- /GAME --
P0 HAND: JDiamonds, 6Diamonds, 3Diamonds, KClubs, 7Hearts, 2Hearts, ASpades, JSpades, 6Spades, 2Spades.
P1 HAND: 7Diamonds, 4Diamonds, 7Clubs, QClubs, 3Clubs, 2Clubs, AHearts, QHearts, 7Spades, QSpades.
P2 HAND: ADiamonds, KDiamonds, 5Diamonds, 2Diamonds, JClubs, 6Clubs, 5Clubs, 5Hearts, KSpades, 5Spades.
P3 HAND: QDiamonds, AClubs, 4Clubs, KHearts, JHearts, 6Hearts, 4Hearts, 3Hearts, 4Spades, 3Spades.
P3 AClubs P0 KClubs P1 7Clubs P2 5Clubs 
P3 3Hearts P0 2Hearts P1 AHearts P2 5Hearts 
P1 2Clubs P2 6Clubs P3 4Clubs P0 7Hearts 
P2 5Spades P3 3Spades P0 ASpades P1 QSpades 
P0 2Spades P1 7Spades P2 KSpades P3 4Spades 
P1 3Clubs P2 JClubs P3 4Hearts P0 JSpades 
P2 2Diamonds P3 QDiamonds P0 3Diamonds P1 4Diamonds 
P3 6Hearts P0 JDiamonds P1 QHearts P2 5Diamonds 
P0 6Spades P1 QClubs P2 KDiamonds P3 JHearts 
P2 ADiamonds P3 KHearts P0 6Diamonds P1 7Diamonds 
-- /GAME --
P0 HAND: KDiamonds, JDiamonds, 6Diamonds, 3Diamonds, 6Clubs, QHearts, 3Hearts, 2Hearts, KSpades, 5Spades.
P1 HAND: 7Diamonds, 2Diamonds, AClubs, 4Clubs, 3Clubs, 2Clubs, 6Hearts, 6Spades, 4Spades, 2Spades.
P2 HAND: 5Diamonds, KClubs, AHearts, 7Hearts, JHearts, 5Hearts, ASpades, 7Spades, JSpades, 3Spades.
P3 HAND: ADiamonds, QDiamonds, 4Diamonds, 7Clubs, JClubs, QClubs, 5Clubs, KHearts, 4Hearts, QSpades.
P2 AHearts P3 4Hearts P0 QHearts P1 6Hearts 
P2 ASpades P3 QSpades P0 KSpades P1 2Spades 
P2 3Spades P3 4Diamonds P0 5Spades P1 6Spades 
P1 2Diamonds P2 5Diamonds P3 ADiamonds P0 3Diamonds 
P3 QDiamonds P0 KDiamonds P1 7Diamonds P2 KClubs 
P2 5Hearts P3 KHearts P0 2Hearts P1 4Spades 
P3 5Clubs P0 6Clubs P1 2Clubs P2 7Hearts 
P0 3Hearts P1 3Clubs P2 JHearts P3 QClubs 
P3 JClubs P0 JDiamonds P1 4Clubs P2 JSpades 
P3 7Clubs P0 6Diamonds P1 AClubs P2 7Spades 
-- /GAME --
P0 HAND: JDiamonds, 5Diamonds, 2Clubs, KHearts, 5Hearts, 4Hearts, ASpades, 7Spades, QSpades, 3Spades.
P1 HAND: ADiamonds, 3Diamonds, KClubs, QClubs, 4Clubs, AHearts, 7Hearts, 6Hearts, 2Hearts, KSpades.
P2 HAND: KDiamonds, QDiamonds, 6Diamonds, 7Clubs, JClubs, 3Clubs, JHearts, JSpades, 5Spades, 2Spades.
P3 HAND: 7Diamonds, 4Diamonds, 2Diamonds, AClubs, 6Clubs, 5Clubs, QHearts, 3Hearts, 6Spades, 4Spades.
P1 AHearts P2 JHearts P3 QHearts P0 4Hearts 
P1 2Hearts P2 2Spades P3 3Hearts P0 KHearts 
P0 2Clubs P1 4Clubs P2 3Clubs P3 AClubs 
P3 4Spades P0 ASpades P1 KSpades P2 JSpades 
P0 5Hearts P1 6Hearts P2 5Spades P3 6Clubs 
P1 QClubs P2 JClubs P3 5Clubs P0 7Spades 
P2 6Diamonds P3 2Diamonds P0 JDiamonds P1 3Diamonds 
P0 3Spades P1 ADiamonds P2 7Clubs P3 6Spades 
P1 KClubs P2 QDiamonds P3 7Diamonds P0 5Diamonds 
P3 4Diamonds P0 QSpades P1 7Hearts P2 KDiamonds 
-- /GAME --
P0 HAND: KDiamonds, JDiamonds, 7Clubs, QClubs, 5Clubs, 4Clubs, 3Clubs, JHearts, 2Hearts, 7Spades.
P1 HAND: 7Diamonds, 5Diamonds, 4Diamonds, AHearts, 7Hearts, 4Hearts, 3Hearts, KSpades, JSpades, 4Spades.
P2 HAND: QDiamonds, 6Diamonds, 3Diamonds, KClubs, KHearts, 6Hearts, 5Hearts, ASpades, 6Spades, 2Spades.
P3 HAND: ADiamonds, 2Diamonds, AClubs, JClubs, 6Clubs, 2Clubs, QHearts, QSpades, 5Spades, 3Spades.
P0 2Hearts P1 AHearts P2 5Hearts P3 QHearts 
P1 3Hearts P2 6Hearts P3 2Diamonds P0 JHearts 
P0 JDiamonds P1 4Diamonds P2 3Diamonds P3 ADiamonds 
P3 3Spades P0 7Spades P1 4Spades P2 ASpades 
P2 2Spades P3 5Spades P0 3Clubs P1 JSpades 
P0 4Clubs P1 4Hearts P2 KClubs P3 2Clubs 
P2 6Diamonds P3 QSpades P0 KDiamonds P1 7Diamonds 
P1 5Diamonds P2 QDiamonds P3 6Clubs P0 7Clubs 
P0 5Clubs P1 KSpades P2 6Spades P3 JClubs 
P3 AClubs P0 QClubs P1 7Hearts P2 KHearts 
-- /GAME --
P0 HAND: JDiamonds, QDiamonds, 7Clubs, JClubs, JHearts, 5Hearts, ASpades, QSpades, 5Spades, 3Spades.
P1 HAND: 7Diamonds, KDiamonds, 6Diamonds, 2Diamonds, 5Clubs, 4Clubs, AHearts, JSpades, 6Spades, 4Spades.
P2 HAND: ADiamonds, 3Diamonds, AClubs, 6Clubs, KHearts, QHearts, 4Hearts, 2Hearts, 7Spades, KSpades.
P3 HAND: 5Diamonds, 4Diamonds, KClubs, QClubs, 3Clubs, 2Clubs, 7Hearts, 6Hearts, 3Hearts, 2Spades.
P0 ASpades P1 4Spades P2 7Spades P3 2Spades 
P0 5Hearts P1 AHearts P2 2Hearts P3 7Hearts 
P1 4Clubs P2 AClubs P3 2Clubs P0 7Clubs 
P2 4Hearts P3 3Hearts P0 JHearts P1 5Clubs 

