-- GAME --
P0 HAND: 7Diamonds, 5Diamonds, 2Diamonds, QClubs, 4Clubs, 3Clubs, 5Hearts, ASpades, KSpades, QSpades.
P1 HAND: JDiamonds, QDiamonds, 7Clubs, KClubs, 7Hearts, JHearts, 4Hearts, 2Hearts, 5Spades, 4Spades.
P2 HAND: 3Diamonds, AClubs, 5Clubs, 2Clubs, KHearts, QHearts, 6Hearts, 7Spades, JSpades, 2Spades.
P3 HAND: ADiamonds, KDiamonds, 6Diamonds, 4Diamonds, JClubs, 6Clubs, AHearts, 3Hearts, 6Spades, 3Spades.
P1 2Hearts P2 6Hearts P3 AHearts P0 5Hearts 
P3 ADiamonds P0 2Diamonds P1 JDiamonds P2 3Diamonds 
P3 3Hearts P0 3Clubs P1 4Hearts P2 KHearts 
P0 ASpades P1 4Spades P2 7Spades P3 3Spades 
P0 7Diamonds P1 QDiamonds P2 JSpades P3 4Diamonds 
P0 5Diamonds P1 5Spades P2 2Spades P3 KDiamonds 
P3 6Diamonds P0 4Clubs P1 KClubs P2 QHearts 
P1 JHearts P2 2Clubs P3 6Spades P0 KSpades 
P2 5Clubs P3 6Clubs P0 QClubs P1 7Clubs 
P1 7Hearts P2 AClubs P3 JClubs P0 QSpades 
-- /GAME --
P0 HAND: KDiamonds, JDiamonds, 6Diamonds, 5Hearts, 2Hearts, 7Spades, KSpades, QSpades, 4Spades, 3Spades.
P1 HAND: ADiamonds, 7Diamonds, 5Diamonds, 3Diamonds, AClubs, KClubs, 2Clubs, JHearts, 6Spades, 5Spades.
P2 HAND: 4Diamonds, 2Diamonds, JClubs, 5Clubs, AHearts, 7Hearts, QHearts, 4Hearts, ASpades, 2Spades.
P3 HAND: QDiamonds, 7Clubs, QClubs, 6Clubs, 4Clubs, 3Clubs, KHearts, 6Hearts, 3Hearts, JSpades.
P0 3Spades P1 5Spades P2 ASpades P3 JSpades 
P2 2Diamonds P3 QDiamonds P0 6Diamonds P1 ADiamonds 
P1 AClubs P2 5Clubs P3 7Clubs P0 2Hearts 
P0 4Spades P1 6Spades P2 2Spades P3 QClubs 
P1 2Clubs P2 JClubs P3 3Clubs P0 7Spades 
P2 4Diamonds P3 4Clubs P0 KDiamonds P1 7Diamonds 
P1 3Diamonds P2 4Hearts P3 6Clubs P0 JDiamonds 
P2 QHearts P3 3Hearts P0 5Hearts P1 JHearts 
P1 5Diamonds P2 7Hearts P3 6Hearts P0 KSpades 
P2 AHearts P3 KHearts P0 QSpades P1 KClubs 
-- /GAME --
P0 HAND: QDiamonds, 6Diamonds, 3Diamonds, 2Diamonds, AClubs, 3Clubs, KHearts, 6Hearts, ASpades, 2Spades.
P1 HAND: JDiamonds, 5Diamonds, 4Diamonds, 7Clubs, KClubs, 6Clubs, 4Clubs, 2Hearts, JSpades, 6Spades.
P2 HAND: 7Diamonds, KDiamonds, JClubs, QClubs, 5Clubs, AHearts, 7Hearts, KSpades, 5Spades, 3Spades.
P3 HAND: ADiamonds, 2Clubs, JHearts, QHearts, 5Hearts, 4Hearts, 3Hearts, 7Spades, QSpades, 4Spades.
P3 ADiamonds P0 2Diamonds P1 JDiamonds P2 KDiamonds 
P3 3Hearts P0 6Hearts P1 2Hearts P2 AHearts 
P2 3Spades P3 4Spades P0 ASpades P1 6Spades 
P0 2Spades P1 JSpades P2 5Spades P3 7Spades 
P3 4Hearts P0 KHearts P1 4Diamonds P2 7Hearts 
P2 5Clubs P3 2Clubs P0 3Clubs P1 4Clubs 
P2 QClubs P3 5Hearts P0 AClubs P1 6Clubs 
P0 3Diamonds P1 5Diamonds P2 7Diamonds P3 QHearts 
P2 JClubs P3 QSpades P0 6Diamonds P1 KClubs 
P1 7Clubs P2 KSpades P3 JHearts P0 QDiamonds 
-- /GAME --
P0 HAND: 6Diamonds, 5Diamonds, 3Diamonds, 2Diamonds, AClubs, 6Clubs, AHearts, 5Hearts, QSpades, 6Spades.
P1 HAND: 4Diamonds, 4Clubs, 3Clubs, KHearts, QHearts, 3Hearts, KSpades, JSpades, 5Spades, 3Spades.
P2 HAND: ADiamonds, KDiamonds, JDiamonds, QClubs, 5Clubs, 2Hearts, ASpades, 7Spades, 4Spades, 2Spades.
P3 HAND: 7Diamonds, QDiamonds, 7Clubs, KClubs, JClubs, 2Clubs, 7Hearts, JHearts, 6Hearts, 4Hearts.
P2 ADiamonds P3 QDiamonds P0 6Diamonds P1 4Diamonds 
P2 ASpades P3 2Clubs P0 6Spades P1 KSpades 
P3 4Hearts P0 AHearts P1 3Hearts P2 2Hearts 
P0 5Hearts P1 QHearts P2 2Spades P3 7Hearts 
P3 6Hearts P0 5Diamonds P1 KHearts P2 4Spades 
P1 3Spades P2 7Spades P3 JClubs P0 QSpades 
P3 JHearts P0 6Clubs P1 5Spades P2 KDiamonds 
P0 3Diamonds P1 3Clubs P2 JDiamonds P3 7Diamonds 
P1 JSpades P2 5Clubs P3 KClubs P0 AClubs 
P0 2Diamonds P1 4Clubs P2 QClubs P3 7Clubs 
-- /GAME --
P0 HAND: QDiamonds, 3Diamonds, 2Diamonds, AClubs, QClubs, 3Clubs, KHearts, 6Hearts, 2Hearts, JSpades.
P1 HAND: ADiamonds, 7Diamonds, JDiamonds, 4Diamonds, 5Clubs, AHearts, 7Hearts, 5Hearts, KSpades, QSpades.
P2 HAND: 5Diamonds, 7Clubs, KClubs, 2Clubs, QHearts, ASpades, 7Spades, 6Spades, 3Spades, 2Spades.
P3 HAND: KDiamonds, 6Diamonds, JClubs, 6Clubs, 4Clubs, JHearts, 4Hearts, 3Hearts, 5Spades, 4Spades.
P1 ADiamonds P2 5Diamonds P3 KDiamonds P0 2Diamonds 
P1 4Diamonds P2 2Clubs P3 6Diamonds P0 QDiamonds 
P0 AClubs P1 5Clubs P2 7Clubs P3 4Clubs 
P0 3Diamonds P1 JDiamonds P2 2Spades P3 JClubs 
P1 QSpades P2 ASpades P3 4Spades P0 JSpades 
P2 3Spades P3 5Spades P0 2Hearts P1 KSpades 
P0 3Clubs P1 5Hearts P2 KClubs P3 6Clubs 
P1 7Hearts P2 QHearts P3 3Hearts P0 6Hearts 
P1 AHearts P2 6Spades P3 4Hearts P0 KHearts 
P1 7Diamonds P2 7Spades P3 JHearts P0 QClubs 
-- /GAME --
P0 HAND: 5Diamonds, AClubs, KClubs, QClubs, 4Clubs, 7Hearts, 4Hearts, 6Spades, 5Spades, 4Spades.
P1 HAND: 3Diamonds, 7Clubs, JClubs, 2Clubs, AHearts, QHearts, 5Hearts, 3Hearts, 2Hearts, ASpades.
P2 HAND: KDiamonds, JDiamonds, QDiamonds, 4Diamonds, 2Diamonds, 6Clubs, 5Clubs, JHearts, QSpades, 3Spades.
P3 HAND: ADiamonds, 7Diamonds, 6Diamonds, 3Clubs, KHearts, 6Hearts, 7Spades, KSpades, JSpades, 2Spades.
P0 AClubs P1 2Clubs P2 6Clubs P3 3Clubs 
P0 5Diamonds P1 3Diamonds P2 2Diamonds P3 ADiamonds 
P3 2Spades P0 4Spades P1 ASpades P2 3Spades 
P1 JClubs P2 5Clubs P3 6Diamonds P0 KClubs 
P0 5Spades P1 2Hearts P2 QSpades P3 7Spades 
P1 3Hearts P2 JHearts P3 6Hearts P0 4Hearts 
P2 4Diamonds P3 7Diamonds P0 7Hearts P1 AHearts 
P1 5Hearts P2 QDiamonds P3 KHearts P0 6Spades 
P3 JSpades P0 4Clubs P1 QHearts P2 JDiamonds 
P1 7Clubs P2 KDiamonds P3 KSpades P0 QClubs 
-- /GAME --

