-- GAME --
P0 HAND: 5Diamonds, AClubs, JClubs, QClubs, 3Clubs, 2Clubs, 7Hearts, 3Hearts, ASpades, KSpades.
P1 HAND: QDiamonds, 6Diamonds, 4Diamonds, 7Clubs, 5Clubs, 4Clubs, 5Hearts, 4Hearts, 2Hearts, 5Spades.
P2 HAND: 7Diamonds, JDiamonds, 3Diamonds, 6Clubs, AHearts, JHearts, 6Hearts, 7Spades, JSpades, 4Spades.
P3 HAND: ADiamonds, KDiamonds, 2Diamonds, KClubs, KHearts, QHearts, QSpades, 6Spades, 3Spades, 2Spades.
P3 ADiamonds P0 5Diamonds P1 QDiamonds P2 3Diamonds 
P3 2Diamonds P0 2Clubs P1 4Diamonds P2 7Diamonds 
P2 4Spades P3 2Spades P0 ASpades P1 5Spades 
P0 AClubs P1 4Clubs P2 6Clubs P3 KClubs 
P0 KSpades P1 5Clubs P2 7Spades P3 3Spades 
P2 JDiamonds P3 KDiamonds P0 7Hearts P1 6Diamonds 
P0 JClubs P1 7Clubs P2 6Hearts P3 QHearts 
P3 6Spades P0 3Hearts P1 2Hearts P2 JSpades 
P0 QClubs P1 4Hearts P2 JHearts P3 KHearts 
P3 QSpades P0 3Clubs P1 5Hearts P2 AHearts 
-- /GAME --
P0 HAND: 6Diamonds, 3Diamonds, QClubs, 3Clubs, AHearts, QHearts, 7Spades, JSpades, 6Spades, 4Spades.
P1 HAND: 7Diamonds, 5Diamonds, 4Diamonds, AClubs, 7Clubs, 7Hearts, KHearts, 6Hearts, ASpades, 3Spades.
P2 HAND: ADiamonds, KDiamonds, QDiamonds, JClubs, 6Clubs, 4Clubs, 4Hearts, 3Hearts, KSpades, QSpades.
P3 HAND: JDiamonds, 2Diamonds, KClubs, 5Clubs, 2Clubs, JHearts, 5Hearts, 2Hearts, 5Spades, 2Spades.
P2 ADiamonds P3 2Diamonds P0 3Diamonds P1 4Diamonds 
P2 3Hearts P3 2Hearts P0 AHearts P1 6Hearts 
P0 6Diamonds P1 5Diamonds P2 QDiamonds P3 JDiamonds 
P3 2Clubs P0 3Clubs P1 AClubs P2 4Clubs 
P1 3Spades P2 QSpades P3 2Spades P0 4Spades 
P2 4Hearts P3 5Hearts P0 QHearts P1 7Hearts 
P1 ASpades P2 KSpades P3 5Spades P0 6Spades 
P1 KHearts P2 6Clubs P3 JHearts P0 QClubs 
P1 7Diamonds P2 KDiamonds P3 5Clubs P0 JSpades 
P0 7Spades P1 7Clubs P2 JClubs P3 KClubs 
-- /GAME --
P0 HAND: 3Diamonds, 7Clubs, 5Clubs, 2Clubs, 7Hearts, KHearts, QHearts, 6Hearts, 6Spades, 5Spades.
P1 HAND: 7Diamonds, 5Diamonds, 4Clubs, AHearts, 5Hearts, 3Hearts, 7Spades, KSpades, QSpades, 3Spades.
P2 HAND: ADiamonds, KDiamonds, 2Diamonds, QClubs, 6Clubs, 3Clubs, 2Hearts, JSpades, 4Spades, 2Spades.
P3 HAND: JDiamonds, QDiamonds, 6Diamonds, 4Diamonds, AClubs, KClubs, JClubs, JHearts, 4Hearts, ASpades.
P1 3Spades P2 2Spades P3 ASpades P0 5Spades 
P3 AClubs P0 2Clubs P1 4Clubs P2 3Clubs 
P3 4Diamonds P0 3Diamonds P1 5Diamonds P2 ADiamonds 
P2 2Diamonds P3 6Diamonds P0 6Spades P1 7Diamonds 
P1 QSpades P2 4Spades P3 QDiamonds P0 7Hearts 
P0 5Clubs P1 3Hearts P2 6Clubs P3 KClubs 
P1 5Hearts P2 2Hearts P3 4Hearts P0 KHearts 
P0 6Hearts P1 AHearts P2 QClubs P3 JHearts 
P1 KSpades P2 JSpades P3 JDiamonds P0 QHearts 
P0 7Clubs P1 7Spades P2 KDiamonds P3 JClubs 
-- /GAME --
P0 HAND: 3Diamonds, 2Clubs, 7Hearts, KHearts, 4Hearts, 2Hearts, QSpades, 6Spades, 5Spades, 3Spades.
P1 HAND: KDiamonds, JDiamonds, 6Diamonds, 5Diamonds, JClubs, QClubs, 6Clubs, 5Clubs, 3Hearts, JSpades.
P2 HAND: 7Diamonds, QDiamonds, 4Diamonds, 4Clubs, 3Clubs, AHearts, 5Hearts, ASpades, 7Spades, KSpades.
P3 HAND: ADiamonds, 2Diamonds, AClubs, 7Clubs, KClubs, JHearts, QHearts, 6Hearts, 4Spades, 2Spades.
P0 2Clubs P1 5Clubs P2 3Clubs P3 AClubs 
P3 ADiamonds P0 3Diamonds P1 KDiamonds P2 4Diamonds 
P3 2Diamonds P0 3Spades P1 5Diamonds P2 7Diamonds 
P2 ASpades P3 2Spades P0 5Spades P1 JSpades 
P2 4Clubs P3 KClubs P0 6Spades P1 JClubs 
P3 4Spades P0 QSpades P1 6Diamonds P2 7Spades 
P2 QDiamonds P3 6Hearts P0 2Hearts P1 JDiamonds 
P3 QHearts P0 4Hearts P1 3Hearts P2 5Hearts 
P3 JHearts P0 7Hearts P1 6Clubs P2 AHearts 
P2 KSpades P3 7Clubs P0 KHearts P1 QClubs 
-- /GAME --
P0 HAND: 7Diamonds, QDiamonds, 2Diamonds, 5Clubs, 4Clubs, 2Clubs, QHearts, 6Hearts, 4Hearts, QSpades.
P1 HAND: 5Diamonds, 4Diamonds, AClubs, AHearts, 7Hearts, 7Spades, JSpades, 6Spades, 4Spades, 2Spades.
P2 HAND: KDiamonds, JDiamonds, 6Diamonds, 3Diamonds, KClubs, 3Clubs, KHearts, JHearts, KSpades, 3Spades.
P3 HAND: ADiamonds, 7Clubs, JClubs, QClubs, 6Clubs, 5Hearts, 3Hearts, 2Hearts, ASpades, 5Spades.
P0 5Clubs P1 AClubs P2 3Clubs P3 7Clubs 
P1 2Spades P2 3Spades P3 ASpades P0 QSpades 
P3 ADiamonds P0 7Diamonds P1 5Diamonds P2 3Diamonds 
P3 5Spades P0 2Clubs P1 4Spades P2 KSpades 
P2 6Diamonds P3 6Clubs P0 2Diamonds P1 4Diamonds 
P2 JDiamonds P3 QClubs P0 QDiamonds P1 7Hearts 
P1 6Spades P2 JHearts P3 2Hearts P0 6Hearts 
P2 KHearts P3 3Hearts P0 QHearts P1 AHearts 
P1 JSpades P2 KDiamonds P3 5Hearts P0 4Clubs 
P3 JClubs P0 4Hearts P1 7Spades P2 KClubs 
-- /GAME --
P0 HAND: 4Diamonds, 2Diamonds, AClubs, 7Clubs, 4Clubs, 2Clubs, QHearts, 7Spades, KSpades, 6Spades.
P1 HAND: QDiamonds, 3Diamonds, QClubs, 6Clubs, 5Clubs, 3Clubs, 7Hearts, 2Hearts, ASpades, JSpades.
P2 HAND: ADiamonds, 7Diamonds, KDiamonds, JDiamonds, 6Diamonds, KClubs, AHearts, JHearts, 4Spades, 3Spades.
P3 HAND: 5Diamonds, JClubs, KHearts, 6Hearts, 5Hearts, 4Hearts, 3Hearts, QSpades, 5Spades, 2Spades.
P3 2Spades P0 6Spades P1 ASpades P2 3Spades 
P1 3Diamonds P2 ADiamonds P3 5Diamonds P0 2Diamonds 
P2 4Spades P3 5Spades P0 7Spades P1 JSpades 
P0 KSpades P1 3Clubs P2 6Diamonds P3 QSpades 
P0 AClubs P1 5Clubs P2 KClubs P3 JClubs 
P0 7Clubs P1 6Clubs P2 7Diamonds P3 3Hearts 
P3 4Hearts P0 QHearts P1 2Hearts P2 JHearts 
P2 JDiamonds P3 5Hearts P0 4Diamonds P1 QDiamonds 
P3 6Hearts P0 4Clubs P1 7Hearts P2 AHearts 
P2 KDiamonds P3 KHearts P0 2Clubs P1 QClubs 
-- /GAME --

