-- GAME --
P0 HAND: KDiamonds, JDiamonds, QDiamonds, 6Diamonds, 5Clubs, AHearts, 5Hearts, QSpades, 4Spades, 2Spades.
P1 HAND: ADiamonds, 5Diamonds, 4Diamonds, AClubs, JClubs, QClubs, 6Clubs, KHearts, ASpades, 5Spades.
P2 HAND: 2Diamonds, 7Clubs, 4Clubs, 2Clubs, 6Hearts, 4Hearts, 3Hearts, 7Spades, JSpades, 3Spades.
P3 HAND: 7Diamonds, 3Diamonds, KClubs, 3Clubs, 7Hearts, JHearts, QHearts, 2Hearts, KSpades, 6Spades.
P2 2Diamonds P3 3Diamonds P0 6Diamonds P1 ADiamonds 
P1 ASpades P2 3Spades P3 KSpades P0 2Spades 
P1 4Diamonds P2 3Hearts P3 7Diamonds P0 QDiamonds 
P3 2Hearts P0 AHearts P1 KHearts P2 6Hearts 
P0 KDiamonds P1 5Diamonds P2 4Hearts P3 6Spades 
P0 JDiamonds P1 5Spades P2 2Clubs P3 QHearts 
P2 JSpades P3 3Clubs P0 4Spades P1 6Clubs 
P1 QClubs P2 4Clubs P3 KClubs P0 5Clubs 
P3 JHearts P0 5Hearts P1 JClubs P2 7Clubs 
P2 7Spades P3 7Hearts P0 QSpades P1 AClubs 
-- /GAME --
P0 HAND: ADiamonds, 7Diamonds, QClubs, 2Clubs, AHearts, 4Hearts, ASpades, 7Spades, KSpades, QSpades.
P1 HAND: KDiamonds, 6Diamonds, 4Diamonds, 3Diamonds, JClubs, 7Hearts, KHearts, QHearts, 4Spades, 2Spades.
P2 HAND: QDiamonds, 5Diamonds, AClubs, 7Clubs, KClubs, 6Clubs, 3Clubs, 6Hearts, JSpades, 5Spades.
P3 HAND: JDiamonds, 2Diamonds, 5Clubs, 4Clubs, JHearts, 5Hearts, 3Hearts, 2Hearts, 6Spades, 3Spades.
P1 2Spades P2 5Spades P3 3Spades P0 ASpades 
P0 AHearts P1 QHearts P2 6Hearts P3 2Hearts 
P0 4Hearts P1 KHearts P2 3Clubs P3 JHearts 
P1 4Spades P2 JSpades P3 6Spades P0 7Spades 
P0 QClubs P1 JClubs P2 AClubs P3 4Clubs 
P2 6Clubs P3 5Clubs P0 2Clubs P1 3Diamonds 
P1 4Diamonds P2 5Diamonds P3 2Diamonds P0 7Diamonds 
P0 ADiamonds P1 6Diamonds P2 QDiamonds P3 JDiamonds 
P0 QSpades P1 KDiamonds P2 KClubs P3 5Hearts 
P1 7Hearts P2 7Clubs P3 3Hearts P0 KSpades 
-- /GAME --
P0 HAND: JDiamonds, QDiamonds, 6Diamonds, 2Diamonds, 5Clubs, 4Clubs, 3Clubs, JHearts, QHearts, 5Spades.
P1 HAND: 4Diamonds, 3Diamonds, 7Clubs, KClubs, 2Clubs, 4Hearts, 3Hearts, KSpades, 4Spades, 3Spades.
P2 HAND: ADiamonds, KDiamonds, JClubs, QClubs, AHearts, 7Hearts, 5Hearts, 7Spades, JSpades, 6Spades.
P3 HAND: 7Diamonds, 5Diamonds, AClubs, 6Clubs, KHearts, 6Hearts, 2Hearts, ASpades, QSpades, 2Spades.
P0 5Spades P1 3Spades P2 6Spades P3 ASpades 
P3 AClubs P0 3Clubs P1 7Clubs P2 QClubs 
P3 2Hearts P0 QHearts P1 3Hearts P2 AHearts 
P2 5Hearts P3 6Hearts P0 JHearts P1 4Hearts 
P0 4Clubs P1 2Clubs P2 JClubs P3 6Clubs 
P2 JSpades P3 2Spades P0 5Clubs P1 KSpades 
P1 4Spades P2 7Spades P3 QSpades P0 JDiamonds 
P0 2Diamonds P1 3Diamonds P2 KDiamonds P3 5Diamonds 
P2 ADiamonds P3 7Diamonds P0 QDiamonds P1 4Diamonds 
P2 7Hearts P3 KHearts P0 6Diamonds P1 KClubs 
-- /GAME --
P0 HAND: KDiamonds, 2Diamonds, AClubs, 6Clubs, 4Clubs, AHearts, 7Hearts, 7Spades, KSpades, 3Spades.
P1 HAND: ADiamonds, QDiamonds, 4Diamonds, 7Clubs, JClubs, KHearts, JHearts, 5Hearts, 3Hearts, 2Spades.
P2 HAND: JDiamonds, KClubs, QClubs, 5Clubs, 2Clubs, 6Hearts, 4Hearts, ASpades, JSpades, QSpades.
P3 HAND: 7Diamonds, 6Diamonds, 5Diamonds, 3Diamonds, 3Clubs, QHearts, 2Hearts, 6Spades, 5Spades, 4Spades.
P3 3Diamonds P0 2Diamonds P1 ADiamonds P2 JDiamonds 
P1 2Spades P2 ASpades P3 4Spades P0 7Spades 
P2 2Clubs P3 3Clubs P0 AClubs P1 JClubs 
P0 3Spades P1 4Diamonds P2 QSpades P3 5Spades 
P2 5Clubs P3 5Diamonds P0 6Clubs P1 7Clubs 
P1 QDiamonds P2 QClubs P3 6Diamonds P0 KDiamonds 
P0 4Clubs P1 3Hearts P2 KClubs P3 7Diamonds 
P1 5Hearts P2 4Hearts P3 2Hearts P0 7Hearts 
P0 AHearts P1 JHearts P2 6Hearts P3 QHearts 
P0 KSpades P1 KHearts P2 JSpades P3 6Spades 
-- /GAME --
P0 HAND: 4Diamonds, JClubs, QClubs, 4Clubs, AHearts, JHearts, QHearts, 4Hearts, 7Spades, 4Spades.
P1 HAND: 7Diamonds, KDiamonds, JDiamonds, 6Clubs, 3Clubs, KHearts, 6Hearts, KSpades, QSpades, 3Spades.
P2 HAND: 3Diamonds, 2Diamonds, 7Clubs, 5Clubs, 5Hearts, 3Hearts, 2Hearts, JSpades, 5Spades, 2Spades.
P3 HAND: ADiamonds, QDiamonds, 6Diamonds, 5Diamonds, AClubs, KClubs, 2Clubs, 7Hearts, ASpades, 6Spades.
P2 2Diamonds P3 ADiamonds P0 4Diamonds P1 7Diamonds 
P3 AClubs P0 4Clubs P1 6Clubs P2 5Clubs 
P3 ASpades P0 4Spades P1 KSpades P2 2Spades 
P3 2Clubs P0 JClubs P1 3Clubs P2 7Clubs 
P2 3Diamonds P3 5Diamonds P0 QClubs P1 KDiamonds 
P1 3Spades P2 5Spades P3 6Spades P0 7Spades 
P0 4Hearts P1 6Hearts P2 2Hearts P3 7Hearts 
P3 6Diamonds P0 QHearts P1 JDiamonds P2 JSpades 
P0 JHearts P1 KHearts P2 3Hearts P3 KClubs 
P1 QSpades P2 5Hearts P3 QDiamonds P0 AHearts 
-- /GAME --
P0 HAND: ADiamonds, 4Diamonds, 3Diamonds, QClubs, 4Clubs, 2Clubs, AHearts, 4Hearts, KSpades, JSpades.
P1 HAND: 7Diamonds, KDiamonds, JDiamonds, 6Diamonds, 2Diamonds, AClubs, 5Clubs, KHearts, 3Hearts, 4Spades.
P2 HAND: QDiamonds, 7Clubs, JClubs, 7Hearts, JHearts, 2Hearts, ASpades, 5Spades, 3Spades, 2Spades.
P3 HAND: 5Diamonds, KClubs, 6Clubs, 3Clubs, QHearts, 6Hearts, 5Hearts, 7Spades, QSpades, 6Spades.
P1 AClubs P2 JClubs P3 KClubs P0 2Clubs 
P1 3Hearts P2 2Hearts P3 5Hearts P0 AHearts 
P0 JSpades P1 4Spades P2 ASpades P3 6Spades 
P2 2Spades P3 QSpades P0 KSpades P1 2Diamonds 
P1 5Clubs P2 7Clubs P3 3Clubs P0 QClubs 
P2 3Spades P3 7Spades P0 3Diamonds P1 6Diamonds 
P1 JDiamonds P2 QDiamonds P3 5Diamonds P0 ADiamonds 
P0 4Hearts P1 KHearts P2 7Hearts P3 6Hearts 
P2 5Spades P3 6Clubs P0 4Clubs P1 KDiamonds 
P1 7Diamonds P2 JHearts P3 QHearts P0 4Diamonds 
-- /GAME --
P0 HAND: ADiamonds, 7Diamonds, 6Diamonds, 2Diamonds, AClubs, 7Clubs, 6Clubs, 7Hearts, JHearts, 4Spades.
P1 HAND: JDiamonds, QDiamonds, KClubs, JClubs, QClubs, 5Clubs, 3Clubs, 4Hearts, 3Hearts, 7Spades.
P2 HAND: 5Diamonds, 4Clubs, 2Clubs, QHearts, 2Hearts, ASpades, KSpades, QSpades, 5Spades, 2Spades.
P3 HAND: KDiamonds, 4Diamonds, 3Diamonds, AHearts, KHearts, 6Hearts, 5Hearts, JSpades, 6Spades, 3Spades.

