-- GAME --
P0 HAND: KDiamonds, JDiamonds, QDiamonds, 5Diamonds, 4Diamonds, 7Hearts, 2Hearts, KSpades, 5Spades, 2Spades.
P1 HAND: ADiamonds, KClubs, QClubs, 5Clubs, 4Clubs, 2Clubs, KHearts, 4Hearts, 3Hearts, 7Spades.
P2 HAND: 7Diamonds, 3Diamonds, 2Diamonds, 7Clubs, JClubs, 6Clubs, 3Clubs, AHearts, JHearts, 4Spades.
P3 HAND: 6Diamonds, AClubs, QHearts, 6Hearts, 5Hearts, ASpades, JSpades, QSpades, 6Spades, 3Spades.
P3 3Spades P0 5Spades P1 7Spades P2 4Spades 
P1 ADiamonds P2 2Diamonds P3 6Diamonds P0 4Diamonds 
P1 3Hearts P2 AHearts P3 5Hearts P0 7Hearts 
P2 3Diamonds P3 6Hearts P0 KDiamonds P1 4Hearts 
P0 JDiamonds P1 2Clubs P2 7Diamonds P3 ASpades 
P1 4Clubs P2 3Clubs P3 AClubs P0 2Hearts 
P3 6Spades P0 KSpades P1 5Clubs P2 6Clubs 
P2 JHearts P3 QHearts P0 5Diamonds P1 KHearts 
P1 QClubs P2 JClubs P3 QSpades P0 QDiamonds 
P2 7Clubs P3 JSpades P0 2Spades P1 KClubs 
-- /GAME --
P0 HAND: 5Diamonds, 2Diamonds, 7Clubs, JClubs, 5Clubs, KHearts, QHearts, 7Spades, JSpades, 5Spades.
P1 HAND: 7Diamonds, KDiamonds, JDiamonds, 4Diamonds, QClubs, 2Clubs, 6Hearts, 3Hearts, 2Hearts, 3Spades.
P2 HAND: 6Diamonds, AClubs, 4Clubs, 3Clubs, AHearts, JHearts, 5Hearts, ASpades, KSpades, 6Spades.
P3 HAND: ADiamonds, QDiamonds, 3Diamonds, KClubs, 6Clubs, 7Hearts, 4Hearts, QSpades, 4Spades, 2Spades.
P2 AClubs P3 6Clubs P0 7Clubs P1 2Clubs 
P2 ASpades P3 2Spades P0 7Spades P1 3Spades 
P2 3Clubs P3 KClubs P0 5Clubs P1 QClubs 
P3 ADiamonds P0 5Diamonds P1 7Diamonds P2 6Diamonds 
P3 3Diamonds P0 2Diamonds P1 4Diamonds P2 4Clubs 
P1 JDiamonds P2 6Spades P3 QDiamonds P0 5Spades 
P1 2Hearts P2 5Hearts P3 4Hearts P0 KHearts 
P0 JSpades P1 3Hearts P2 KSpades P3 QSpades 
P1 6Hearts P2 JHearts P3 7Hearts P0 QHearts 
P3 4Spades P0 JClubs P1 KDiamonds P2 AHearts 
-- /GAME --
P0 HAND: JDiamonds, QDiamonds, 6Diamonds, 4Diamonds, 3Diamonds, 7Clubs, 5Clubs, 7Hearts, 5Spades, 4Spades.
P1 HAND: KDiamonds, 2Diamonds, JClubs, QClubs, QHearts, 6Hearts, 4Hearts, ASpades, KSpades, QSpades.
P2 HAND: 5Diamonds, 6Clubs, 4Clubs, KHearts, JHearts, 3Hearts, 2Hearts, 6Spades, 3Spades, 2Spades.
P3 HAND: ADiamonds, 7Diamonds, AClubs, KClubs, 3Clubs, 2Clubs, AHearts, 5Hearts, 7Spades, JSpades.
P1 ASpades P2 2Spades P3 7Spades P0 5Spades 
P1 4Hearts P2 2Hearts P3 AHearts P0 7Hearts 
P3 AClubs P0 5Clubs P1 JClubs P2 4Clubs 
P3 2Clubs P0 7Clubs P1 QClubs P2 6Clubs 
P0 4Spades P1 QSpades P2 3Spades P3 JSpades 
P3 3Clubs P0 JDiamonds P1 6Hearts P2 KHearts 
P0 6Diamonds P1 2Diamonds P2 5Diamonds P3 7Diamonds 
P3 5Hearts P0 QDiamonds P1 QHearts P2 JHearts 
P0 4Diamonds P1 KDiamonds P2 3Hearts P3 ADiamonds 
P3 KClubs P0 3Diamonds P1 KSpades P2 6Spades 
-- /GAME --
P0 HAND: ADiamonds, KDiamonds, JDiamonds, 6Diamonds, 3Diamonds, QHearts, ASpades, JSpades, 5Spades, 3Spades.
P1 HAND: 7Diamonds, 4Diamonds, 7Clubs, KClubs, 5Clubs, 4Clubs, 3Clubs, 2Clubs, 6Hearts, 4Spades.
P2 HAND: 5Diamonds, AClubs, JClubs, 6Clubs, AHearts, KHearts, JHearts, 5Hearts, 2Hearts, QSpades.
P3 HAND: QDiamonds, 2Diamonds, QClubs, 7Hearts, 4Hearts, 3Hearts, 7Spades, KSpades, 6Spades, 2Spades.
P0 ASpades P1 4Spades P2 QSpades P3 2Spades 
P0 ADiamonds P1 4Diamonds P2 5Diamonds P3 2Diamonds 
P0 JSpades P1 2Clubs P2 6Clubs P3 7Spades 
P3 6Spades P0 5Spades P1 3Clubs P2 2Hearts 
P2 JClubs P3 QClubs P0 3Spades P1 7Clubs 
P1 4Clubs P2 AClubs P3 3Hearts P0 QHearts 
P0 KDiamonds P1 7Diamonds P2 5Hearts P3 QDiamonds 
P2 JHearts P3 4Hearts P0 JDiamonds P1 6Hearts 
P2 KHearts P3 7Hearts P0 6Diamonds P1 KClubs 
P3 KSpades P0 3Diamonds P1 5Clubs P2 AHearts 
-- /GAME --
P0 HAND: ADiamonds, 7Diamonds, 6Diamonds, 5Diamonds, 4Diamonds, 4Hearts, 3Hearts, 2Hearts, ASpades, 7Spades.
P1 HAND: KClubs, 6Clubs, 5Clubs, AHearts, JHearts, QHearts, KSpades, JSpades, 6Spades, 5Spades.
P2 HAND: KDiamonds, QDiamonds, QClubs, 4Clubs, 3Clubs, 7Hearts, KHearts, 6Hearts, 5Hearts, 4Spades.
P3 HAND: JDiamonds, 3Diamonds, 2Diamonds, AClubs, 7Clubs, JClubs, 2Clubs, QSpades, 3Spades, 2Spades.
P3 AClubs P0 4Diamonds P1 5Clubs P2 QClubs 
P0 ADiamonds P1 5Spades P2 QDiamonds P3 2Diamonds 
P0 7Diamonds P1 6Clubs P2 KDiamonds P3 3Diamonds 
P0 5Diamonds P1 6Spades P2 3Clubs P3 JDiamonds 
P3 2Clubs P0 2Hearts P1 KClubs P2 4Clubs 
P1 AHearts P2 5Hearts P3 7Clubs P0 3Hearts 
P1 QHearts P2 6Hearts P3 2Spades P0 4Hearts 
P1 JHearts P2 KHearts P3 3Spades P0 6Diamonds 
P0 ASpades P1 JSpades P2 4Spades P3 QSpades 
P0 7Spades P1 KSpades P2 7Hearts P3 JClubs 
-- /GAME --
P0 HAND: QDiamonds, 6Diamonds, 3Clubs, AHearts, JHearts, 6Hearts, 5Hearts, 2Hearts, 7Spades, 6Spades.
P1 HAND: ADiamonds, 2Diamonds, JClubs, 6Clubs, 7Hearts, 4Hearts, KSpades, QSpades, 3Spades, 2Spades.
P2 HAND: JDiamonds, 5Diamonds, 3Diamonds, AClubs, 7Clubs, 4Clubs, KHearts, QHearts, ASpades, 5Spades.
P3 HAND: 7Diamonds, KDiamonds, 4Diamonds, KClubs, QClubs, 5Clubs, 2Clubs, 3Hearts, JSpades, 4Spades.
P2 ASpades P3 4Spades P0 7Spades P1 2Spades 
P2 3Diamonds P3 4Diamonds P0 QDiamonds P1 ADiamonds 
P1 2Diamonds P2 5Diamonds P3 7Diamonds P0 6Diamonds 
P3 3Hearts P0 AHearts P1 4Hearts P2 KHearts 
P0 6Spades P1 3Spades P2 5Spades P3 JSpades 
P3 2Clubs P0 3Clubs P1 6Clubs P2 4Clubs 
P1 QSpades P2 QHearts P3 5Clubs P0 2Hearts 
P3 QClubs P0 5Hearts P1 JClubs P2 7Clubs 
P2 JDiamonds P3 KDiamonds P0 6Hearts P1 7Hearts 
P3 KClubs P0 JHearts P1 KSpades P2 AClubs 
-- /GAME --
P0 HAND: ADiamonds, QDiamonds, 7Clubs, QClubs, 3Clubs, KSpades, QSpades, 6Spades, 5Spades, 2Spades.
P1 HAND: JDiamonds, 6Clubs, 4Clubs, AHearts, KHearts, QHearts, 5Hearts, 4Hearts, 7Spades, 4Spades.
P2 HAND: 7Diamonds, KDiamonds, 6Diamonds, AClubs, JClubs, 7Hearts, JHearts, 6Hearts, JSpades, 3Spades.
P3 HAND: 5Diamonds, 4Diamonds, 3Diamonds, 2Diamonds, KClubs, 5Clubs, 2Clubs, 3Hearts, 2Hearts, ASpades.
P3 ASpades P0 2Spades P1 7Spades P2 3Spades 
P3 2Clubs P0 3Clubs P1 4Clubs P2 AClubs 
P2 6Hearts P3 2Hearts P0 QDiamonds P1 4Hearts 
P0 7Clubs P1 6Clubs P2 JClubs P3 5Clubs 
P0 QClubs P1 4Spades P2 6Diamonds P3 KClubs 
P2 JHearts P3 3Hearts P0 ADiamonds P1 5Hearts 
P0 KSpades P1 QHearts P2 JSpades P3 2Diamonds 
P3 3Diamonds P0 QSpades P1 JDiamonds P2 KDiamonds 
P2 7Diamonds P3 4Diamonds P0 6Spades P1 KHearts 
P2 7Hearts P3 5Diamonds P0 5Spades P1 AHearts 
-- /GAME --
P0 HAND: 7Diamonds, KDiamonds, JDiamonds, QDiamonds, 2Diamonds, KClubs, 6Clubs, 4Clubs, 3Hearts, 2Hearts.
P1 HAND: ADiamonds, 3Clubs, 2Clubs, 7Hearts, JHearts, 5Hearts, ASpades, KSpades, 5Spades, 4Spades.
P2 HAND: 5Diamonds, 4Diamonds, 3Diamonds, AClubs, QClubs, AHearts, 6Hearts, JSpades, 6Spades, 3Spades.
P3 HAND: 6Diamonds, 7Clubs, JClubs, 5Clubs, KHearts, QHearts, 4Hearts, 7Spades, QSpades, 2Spades.
P2 AHearts P3 4Hearts P0 3Hearts P1 5Hearts 
P2 3Diamonds P3 6Diamonds P0 2Diamonds P1 ADiamonds 
P1 ASpades P2 3Spades P3 7Spades P0 KClubs 
P0 2Hearts P1 JHearts P2 6Hearts P3 KHearts 
P3 2Spades P0 JDiamonds P1 KSpades P2 6Spades 
P1 4Spades P2 JSpades P3 QSpades P0 7Diamonds 
P2 4Diamonds P3 QHearts P0 KDiamonds P1 2Clubs 
P1 5Spades P2 5Diamonds P3 5Clubs P0 6Clubs 
P0 QDiamonds P1 3Clubs P2 QClubs P3 JClubs 
P3 7Clubs P0 4Clubs P1 7Hearts P2 AClubs 
-- /GAME --
P0 HAND: ADiamonds, JDiamonds, QDiamonds, 5Diamonds, 2Diamonds, 7Clubs, KClubs, 5Clubs, AHearts, 5Spades.
P1 HAND: KDiamonds, 4Diamonds, 3Diamonds, 6Clubs, QHearts, 6Hearts, 4Hearts, 2Hearts, 3Spades, 2Spades.
P2 HAND: 7Diamonds, AClubs, QClubs, 2Clubs, KHearts, 3Hearts, 7Spades, KSpades, JSpades, 4Spades.
P3 HAND: 6Diamonds, JClubs, 4Clubs, 3Clubs, 7Hearts, JHearts, 5Hearts, ASpades, QSpades, 6Spades.
P1 2Hearts P2 3Hearts P3 5Hearts P0 AHearts 
P0 ADiamonds P1 3Diamonds P2 7Diamonds P3 6Diamonds 
P0 5Clubs P1 6Clubs P2 AClubs P3 3Clubs 
P2 2Clubs P3 4Clubs P0 7Clubs P1 2Spades 
P1 4Diamonds P2 QClubs P3 6Spades P0 5Diamonds 
P3 JClubs P0 KClubs P1 3Spades P2 4Spades 
P2 JSpades P3 QSpades P0 5Spades P1 4Hearts 
P2 KSpades P3 ASpades P0 2Diamonds P1 KDiamonds 
P3 JHearts P0 JDiamonds P1 6Hearts P2 KHearts 
P2 7Spades P3 7Hearts P0 QDiamonds P1 QHearts 
-- /GAME --
P0 HAND: 6Diamonds, 3Diamonds, 6Clubs, 4Clubs, 2Clubs, 6Hearts, 5Hearts, 7Spades, KSpades, 3Spades.
P1 HAND: KDiamonds, 5Diamonds, 4Diamonds, AClubs, JClubs, 7Hearts, KHearts, QHearts, JSpades, 4Spades.
P2 HAND: 7Diamonds, JDiamonds, 2Diamonds, 7Clubs, 3Clubs, AHearts, 4Hearts, QSpades, 5Spades, 2Spades.
P3 HAND: ADiamonds, QDiamonds, KClubs, QClubs, 5Clubs, JHearts, 3Hearts, 2Hearts, ASpades, 6Spades.
P0 3Diamonds P1 4Diamonds P2 2Diamonds P3 ADiamonds 
P3 ASpades P0 3Spades P1 JSpades P2 2Spades 
P3 5Clubs P0 6Clubs P1 AClubs P2 3Clubs 
P1 4Spades P2 5Spades P3 6Spades P0 7Spades 
P0 6Diamonds P1 5Diamonds P2 7Diamonds P3 QDiamonds 
P2 QSpades P3 QClubs P0 KSpades P1 QHearts 
P1 JClubs P2 7Clubs P3 KClubs P0 4Clubs 
P2 JDiamonds P3 2Hearts P0 6Hearts P1 KDiamonds 
P0 2Clubs P1 KHearts P2 4Hearts P3 3Hearts 
P1 7Hearts P2 AHearts P3 JHearts P0 5Hearts 
-- /GAME --
P0 HAND: JClubs, QClubs, 6Clubs, 4Clubs, 3Clubs, KHearts, 2Hearts, ASpades, 5Spades, 4Spades.
P1 HAND: ADiamonds, QDiamonds, 3Diamonds, 7Clubs, 6Hearts, 5Hearts, 4Hearts, KSpades, QSpades, 3Spades.
P2 HAND: 7Diamonds, KDiamonds, 6Diamonds, 4Diamonds, 2Diamonds, AClubs, 5Clubs, 2Clubs, 7Hearts, JHearts.
P3 HAND: JDiamonds, 5Diamonds, KClubs, AHearts, QHearts, 3Hearts, 7Spades, JSpades, 6Spades, 2Spades.
P0 6Clubs P1 7Clubs P2 AClubs P3 KClubs 
P2 2Diamonds P3 5Diamonds P0 4Spades P1 3Diamonds 
P0 2Hearts P1 4Hearts P2 JHearts P3 AHearts 
P3 3Hearts P0 KHearts P1 5Hearts P2 7Hearts 
P2 2Clubs P3 QHearts P0 JClubs P1 3Spades 
P1 6Hearts P2 4Diamonds P3 2Spades P0 3Clubs 
P3 JDiamonds P0 4Clubs P1 ADiamonds P2 6Diamonds 
P1 QDiamonds P2 KDiamonds P3 6Spades P0 QClubs 
P3 JSpades P0 5Spades P1 QSpades P2 5Clubs 
P3 7Spades P0 ASpades P1 KSpades P2 7Diamonds 
-- /GAME --
P0 HAND: KDiamonds, JDiamonds, QDiamonds, 7Clubs, KClubs, 3Clubs, 7Hearts, JHearts, 7Spades, QSpades.
P1 HAND: AClubs, JClubs, QClubs, 6Clubs, 4Clubs, AHearts, QHearts, 6Hearts, 4Hearts, 5Spades.
P2 HAND: 5Diamonds, 4Diamonds, 3Diamonds, 2Diamonds, 2Clubs, 5Hearts, 3Hearts, 2Hearts, 6Spades, 3Spades.
P3 HAND: ADiamonds, 7Diamonds, 6Diamonds, 5Clubs, KHearts, ASpades, KSpades, JSpades, 4Spades, 2Spades.
P3 2Spades P0 QSpades P1 5Spades P2 6Spades 
P0 3Clubs P1 AClubs P2 2Clubs P3 5Clubs 
P1 AHearts P2 2Hearts P3 KHearts P0 JHearts 
P1 4Clubs P2 3Hearts P3 4Spades P0 7Clubs 
P0 KClubs P1 6Clubs P2 3Spades P3 6Diamonds 
P3 JSpades P0 7Spades P1 4Hearts P2 5Hearts 
P0 7Hearts P1 6Hearts P2 2Diamonds P3 7Diamonds 
P3 ADiamonds P0 QDiamonds P1 JClubs P2 3Diamonds 
P3 KSpades P0 KDiamonds P1 QClubs P2 4Diamonds 
P0 JDiamonds P1 QHearts P2 5Diamonds P3 ASpades 
-- /GAME --
P0 HAND: KDiamonds, JDiamonds, 7Clubs, KClubs, 4Clubs, AHearts, 5Hearts, JSpades, 3Spades, 2Spades.
P1 HAND: 7Diamonds, 4Diamonds, QClubs, 3Clubs, 7Hearts, KHearts, JHearts, 4Hearts, 3Hearts, 4Spades.
P2 HAND: ADiamonds, 6Diamonds, 5Diamonds, 2Diamonds, JClubs, 6Clubs, QHearts, 6Hearts, ASpades, KSpades.
P3 HAND: QDiamonds, 3Diamonds, AClubs, 5Clubs, 2Clubs, 2Hearts, 7Spades, QSpades, 6Spades, 5Spades.
P2 ADiamonds P3 3Diamonds P0 KDiamonds P1 4Diamonds 
P2 2Diamonds P3 QDiamonds P0 JDiamonds P1 7Diamonds 
P1 3Clubs P2 6Clubs P3 AClubs P0 4Clubs 
P3 2Clubs P0 7Clubs P1 QClubs P2 JClubs 
P0 KClubs P1 3Hearts P2 5Diamonds P3 5Clubs 
P0 AHearts P1 4Hearts P2 QHearts P3 2Hearts 
P0 2Spades P1 4Spades P2 KSpades P3 5Spades 
P2 6Diamonds P3 6Spades P0 JSpades P1 JHearts 
P0 5Hearts P1 KHearts P2 6Hearts P3 QSpades 
P3 7Spades P0 3Spades P1 7Hearts P2 ASpades 
-- /GAME --
P0 HAND: 4Diamonds, AClubs, KClubs, QClubs, 3Clubs, KHearts, 6Hearts, 6Spades, 5Spades, 2Spades.
P1 HAND: ADiamonds, QDiamonds, 5Diamonds, 4Clubs, 2Clubs, JHearts, QHearts, JSpades, 4Spades, 3Spades.
P2 HAND: 7Diamonds, JDiamonds, 3Diamonds, 7Clubs, JClubs, 7Hearts, 5Hearts, 4Hearts, ASpades, 7Spades.
P3 HAND: KDiamonds, 6Diamonds, 2Diamonds, 6Clubs, 5Clubs, AHearts, 3Hearts, 2Hearts, KSpades, QSpades.
P1 2Clubs P2 JClubs P3 5Clubs P0 AClubs 
P0 6Hearts P1 QHearts P2 4Hearts P3 AHearts 
P3 2Hearts P0 KHearts P1 JHearts P2 7Hearts 
P2 ASpades P3 QSpades P0 6Spades P1 3Spades 
P2 5Hearts P3 3Hearts P0 5Spades P1 4Clubs 
P2 3Diamonds P3 2Diamonds P0 4Diamonds P1 5Diamonds 
P1 4Spades P2 7Spades P3 KSpades P0 2Spades 
P2 JDiamonds P3 6Diamonds P0 QClubs P1 ADiamonds 
P1 JSpades P2 7Diamonds P3 6Clubs P0 KClubs 
P2 7Clubs P3 KDiamonds P0 3Clubs P1 QDiamonds 
-- /GAME --
P0 HAND: ADiamonds, KDiamonds, QDiamonds, 3Diamonds, 7Clubs, JClubs, 4Clubs, 3Hearts, ASpades, 2Spades.
P1 HAND: JDiamonds, 5Diamonds, QHearts, 6Hearts, 5Hearts, 2Hearts, 7Spades, KSpades, JSpades, 5Spades.
P2 HAND: 4Diamonds, AClubs, KClubs, QClubs, 2Clubs, AHearts, JHearts, 4Hearts, 6Spades, 3Spades.
P3 HAND: 7Diamonds, 6Diamonds, 2Diamonds, 6Clubs, 5Clubs, 3Clubs, 7Hearts, KHearts, QSpades, 4Spades.
P0 ADiamonds P1 5Diamonds P2 4Diamonds P3 2Diamonds 
P0 3Hearts P1 2Hearts P2 AHearts P3 KHearts 
P2 AClubs P3 3Clubs P0 7Clubs P1 5Spades 
P1 5Hearts P2 4Hearts P3 7Hearts P0 2Spades 
P0 JClubs P1 6Hearts P2 KClubs P3 5Clubs 
P2 2Clubs P3 6Clubs P0 4Clubs P1 JDiamonds 
P3 6Diamonds P0 KDiamonds P1 QHearts P2 JHearts 
P0 QDiamonds P1 JSpades P2 QClubs P3 7Diamonds 
P1 KSpades P2 3Spades P3 4Spades P0 ASpades 
P0 3Diamonds P1 7Spades P2 6Spades P3 QSpades 
-- /GAME --
P0 HAND: ADiamonds, 7Clubs, KClubs, JClubs, AHearts, KSpades, JSpades, 6Spades, 3Spades, 2Spades.
P1 HAND: JDiamonds, QDiamonds, AClubs, 5Clubs, 2Clubs, 7Hearts, KHearts, QHearts, 3Hearts, 2Hearts.
P2 HAND: 5Diamonds, 3Diamonds, 2Diamonds, 4Clubs, 3Clubs, 5Hearts, ASpades, 7Spades, QSpades, 4Spades.
P3 HAND: 7Diamonds, KDiamonds, 6Diamonds, 4Diamonds, QClubs, 6Clubs, JHearts, 6Hearts, 4Hearts, 5Spades.
P1 AClubs P2 3Clubs P3 QClubs P0 JClubs 
P1 2Clubs P2 4Clubs P3 6Clubs P0 7Clubs 
P0 6Spades P1 2Hearts P2 4Spades P3 5Spades 
P0 3Spades P1 3Hearts P2 QSpades P3 4Diamonds 
P2 2Diamonds P3 6Diamonds P0 ADiamonds P1 QDiamonds 
P0 AHearts P1 QHearts P2 5Hearts P3 4Hearts 
P0 KClubs P1 5Clubs P2 3Diamonds P3 6Hearts 
P0 KSpades P1 JDiamonds P2 7Spades P3 JHearts 
P2 5Diamonds P3 KDiamonds P0 JSpades P1 KHearts 
P0 2Spades P1 7Hearts P2 ASpades P3 7Diamonds 
-- /GAME --
P0 HAND: ADiamonds, 4Diamonds, 2Diamonds, 7Clubs, 2Clubs, JHearts, 7Spades, JSpades, 6Spades, 3Spades.
P1 HAND: 7Diamonds, 5Diamonds, AClubs, QClubs, 5Clubs, 7Hearts, 5Hearts, 4Hearts, 3Hearts, ASpades.
P2 HAND: JDiamonds, 6Diamonds, KClubs, JClubs, 6Clubs, 3Clubs, 6Hearts, KSpades, QSpades, 5Spades.
P3 HAND: KDiamonds, QDiamonds, 3Diamonds, 4Clubs, AHearts, KHearts, QHearts, 2Hearts, 4Spades, 2Spades.
P0 JHearts P1 3Hearts P2 6Hearts P3 AHearts 
P3 2Hearts P0 6Spades P1 7Hearts P2 3Clubs 
P2 5Spades P3 2Spades P0 JSpades P1 ASpades 
P1 4Hearts P2 6Diamonds P3 QHearts P0 2Diamonds 
P3 3Diamonds P0 ADiamonds P1 5Diamonds P2 JDiamonds 
P0 4Diamonds P1 7Diamonds P2 6Clubs P3 QDiamonds 
P2 QSpades P3 4Spades P0 7Spades P1 5Clubs 
P1 5Hearts P2 JClubs P3 KHearts P0 3Spades 
P2 KClubs P3 4Clubs P0 7Clubs P1 AClubs 
P1 QClubs P2 KSpades P3 KDiamonds P0 2Clubs 
-- /GAME --
P0 HAND: 4Diamonds, 3Diamonds, KClubs, JClubs, QClubs, 4Clubs, 2Clubs, KHearts, KSpades, JSpades.
P1 HAND: QDiamonds, 5Clubs, 3Clubs, AHearts, 7Hearts, 6Hearts, 3Hearts, 5Spades, 4Spades, 3Spades.
P2 HAND: 7Diamonds, 6Diamonds, 5Diamonds, 2Diamonds, AClubs, 6Clubs, JHearts, QHearts, 4Hearts, 7Spades.
P3 HAND: ADiamonds, KDiamonds, JDiamonds, 7Clubs, 5Hearts, 2Hearts, ASpades, QSpades, 6Spades, 2Spades.
P3 ASpades P0 JSpades P1 5Spades P2 7Spades 
P3 2Hearts P0 KHearts P1 AHearts P2 4Hearts 
P1 3Clubs P2 AClubs P3 7Clubs P0 KClubs 
P2 6Clubs P3 2Spades P0 JClubs P1 5Clubs 
P0 QClubs P1 3Hearts P2 QHearts P3 5Hearts 
P0 KSpades P1 3Spades P2 JHearts P3 6Spades 
P0 4Clubs P1 4Spades P2 2Diamonds P3 QSpades 
P2 5Diamonds P3 JDiamonds P0 3Diamonds P1 QDiamonds 
P3 KDiamonds P0 4Diamonds P1 6Hearts P2 6Diamonds 
P3 ADiamonds P0 2Clubs P1 7Hearts P2 7Diamonds 
-- /GAME --
P0 HAND: QDiamonds, AClubs, QClubs, 5Clubs, 2Clubs, QHearts, 7Spades, JSpades, QSpades, 5Spades.
P1 HAND: ADiamonds, 5Diamonds, 7Clubs, KClubs, 6Clubs, 4Clubs, AHearts, 7Hearts, 4Hearts, 4Spades.
P2 HAND: JDiamonds, 6Diamonds, 2Diamonds, JClubs, 3Clubs, KHearts, 5Hearts, KSpades, 6Spades, 3Spades.
P3 HAND: 7Diamonds, KDiamonds, 4Diamonds, 3Diamonds, JHearts, 6Hearts, 3Hearts, 2Hearts, ASpades, 2Spades.
P2 2Diamonds P3 3Diamonds P0 QDiamonds P1 ADiamonds 
P1 AHearts P2 5Hearts P3 JHearts P0 QHearts 
P1 4Hearts P2 KHearts P3 2Hearts P0 7Spades 
P2 3Spades P3 ASpades P0 5Spades P1 4Spades 
P3 2Spades P0 JSpades P1 5Diamonds P2 KSpades 
P2 6Diamonds P3 4Diamonds P0 2Clubs P1 4Clubs 
P1 6Clubs P2 3Clubs P3 3Hearts P0 5Clubs 
P1 KClubs P2 JClubs P3 6Hearts P0 QClubs 
P1 7Clubs P2 6Spades P3 KDiamonds P0 AClubs 
P0 QSpades P1 7Hearts P2 JDiamonds P3 7Diamonds 
-- /GAME --
P0 HAND: KDiamonds, 2Diamonds, JClubs, QClubs, 4Clubs, 3Clubs, 7Hearts, 4Hearts, 2Hearts, 3Spades.
P1 HAND: ADiamonds, 7Diamonds, JDiamonds, 4Diamonds, AClubs, KClubs, 5Hearts, 7Spades, KSpades, 2Spades.
P2 HAND: QDiamonds, 5Diamonds, 6Clubs, 2Clubs, AHearts, KHearts, 3Hearts, ASpades, QSpades, 4Spades.
P3 HAND: 6Diamonds, 3Diamonds, 7Clubs, 5Clubs, JHearts, QHearts, 6Hearts, JSpades, 6Spades, 5Spades.
P1 ADiamonds P2 5Diamonds P3 6Diamonds P0 2Diamonds 
P1 2Spades P2 ASpades P3 5Spades P0 3Spades 
P2 AHearts P3 6Hearts P0 4Hearts P1 5Hearts 
P2 3Hearts P3 QHearts P0 7Hearts P1 KClubs 
P1 4Diamonds P2 QDiamonds P3 3Diamonds P0 KDiamonds 
P0 2Hearts P1 AClubs P2 KHearts P3 JHearts 
P1 JDiamonds P2 4Spades P3 6Spades P0 JClubs 
P0 4Clubs P1 KSpades P2 2Clubs P3 5Clubs 
P3 JSpades P0 QClubs P1 7Spades P2 QSpades 
P0 3Clubs P1 7Diamonds P2 6Clubs P3 7Clubs 
-- /GAME --
P0 HAND: 2Diamonds, AClubs, KClubs, 5Clubs, 2Clubs, 7Hearts, QHearts, 7Spades, QSpades, 2Spades.
P1 HAND: ADiamonds, KDiamonds, 6Diamonds, 4Diamonds, 3Diamonds, 3Clubs, AHearts, ASpades, KSpades, 5Spades.
P2 HAND: 7Diamonds, 5Diamonds, 7Clubs, 6Clubs, 4Clubs, KHearts, 2Hearts, JSpades, 6Spades, 3Spades.
P3 HAND: JDiamonds, QDiamonds, JClubs, QClubs, JHearts, 6Hearts, 5Hearts, 4Hearts, 3Hearts, 4Spades.
P0 AClubs P1 3Clubs P2 4Clubs P3 QClubs 
P0 5Clubs P1 3Diamonds P2 6Clubs P3 JClubs 
P3 3Hearts P0 QHearts P1 AHearts P2 2Hearts 
P1 4Diamonds P2 5Diamonds P3 QDiamonds P0 2Diamonds 
P3 4Hearts P0 7Hearts P1 5Spades P2 KHearts 
P0 2Clubs P1 6Diamonds P2 7Clubs P3 4Spades 
P2 3Spades P3 5Hearts P0 7Spades P1 ASpades 
P1 KDiamonds P2 7Diamonds P3 JDiamonds P0 QSpades 
P2 6Spades P3 6Hearts P0 2Spades P1 KSpades 
P1 ADiamonds P2 JSpades P3 JHearts P0 KClubs 
-- /GAME --
P0 HAND: 5Clubs, 7Hearts, KHearts, 4Hearts, 3Hearts, JSpades, 5Spades, 4Spades, 3Spades, 2Spades.
P1 HAND: 4Diamonds, AClubs, 7Clubs, JClubs, QClubs, AHearts, QHearts, 6Hearts, 7Spades, 6Spades.
P2 HAND: ADiamonds, 7Diamonds, JDiamonds, 6Diamonds, KClubs, 6Clubs, 3Clubs, ASpades, KSpades, QSpades.
P3 HAND: KDiamonds, QDiamonds, 5Diamonds, 3Diamonds, 2Diamonds, 4Clubs, 2Clubs, JHearts, 5Hearts, 2Hearts.
P2 ADiamonds P3 2Diamonds P0 5Clubs P1 4Diamonds 
P2 ASpades P3 2Hearts P0 2Spades P1 7Spades 
P3 2Clubs P0 4Spades P1 AClubs P2 3Clubs 
P1 6Spades P2 QSpades P3 3Diamonds P0 JSpades 
P0 5Spades P1 QClubs P2 KSpades P3 5Hearts 
P3 4Clubs P0 3Spades P1 7Clubs P2 6Clubs 
P1 JClubs P2 KClubs P3 JHearts P0 7Hearts 
P0 4Hearts P1 6Hearts P2 6Diamonds P3 KDiamonds 
P1 QHearts P2 JDiamonds P3 5Diamonds P0 KHearts 
P0 3Hearts P1 AHearts P2 7Diamonds P3 QDiamonds 
-- /GAME --
P0 HAND: 7Diamonds, 3Diamonds, 2Diamonds, AClubs, KClubs, AHearts, 7Hearts, 5Hearts, 4Spades, 3Spades.
P1 HAND: KDiamonds, 6Diamonds, 7Clubs, JClubs, 5Clubs, 4Clubs, 3Clubs, 3Hearts, 2Hearts, ASpades.
P2 HAND: ADiamonds, QDiamonds, 5Diamonds, QClubs, 6Clubs, KHearts, QHearts, KSpades, QSpades, 2Spades.
P3 HAND: JDiamonds, 4Diamonds, 2Clubs, JHearts, 6Hearts, 4Hearts, 7Spades, JSpades, 6Spades, 5Spades.
P1 ASpades P2 2Spades P3 7Spades P0 4Spades 
P1 2Hearts P2 QHearts P3 4Hearts P0 AHearts 
P0 AClubs P1 3Clubs P2 QClubs P3 2Clubs 
P0 3Spades P1 3Hearts P2 KSpades P3 5Spades 
P2 6Clubs P3 6Hearts P0 KClubs P1 7Clubs 
P1 4Clubs P2 QSpades P3 6Spades P0 7Hearts 
P1 5Clubs P2 5Diamonds P3 4Diamonds P0 5Hearts 
P2 QDiamonds P3 JDiamonds P0 3Diamonds P1 6Diamonds 
P3 JHearts P0 7Diamonds P1 JClubs P2 KHearts 
P0 2Diamonds P1 KDiamonds P2 ADiamonds P3 JSpades 
-- /GAME --
P0 HAND: JDiamonds, 6Diamonds, 7Clubs, 6Clubs, 4Clubs, 3Clubs, 2Clubs, JHearts, 4Hearts, 6Spades.
P1 HAND: QDiamonds, 5Diamonds, 4Diamonds, 3Diamonds, 5Clubs, AHearts, 2Hearts, KSpades, 4Spades, 2Spades.
P2 HAND: 2Diamonds, AClubs, JClubs, 7Hearts, 3Hearts, ASpades, 7Spades, JSpades, QSpades, 5Spades.
P3 HAND: ADiamonds, 7Diamonds, KDiamonds, KClubs, QClubs, KHearts, QHearts, 6Hearts, 5Hearts, 3Spades.

