-- GAME --
P0 HAND: 7Diamonds, KDiamonds, JDiamonds, QDiamonds, AClubs, QClubs, KHearts, QHearts, 2Hearts, 4Spades.
P1 HAND: 5Diamonds, 4Diamonds, 6Clubs, 4Clubs, 3Clubs, AHearts, ASpades, KSpades, 6Spades, 2Spades.
P2 HAND: ADiamonds, 3Diamonds, 7Clubs, KClubs, 5Clubs, 5Hearts, 4Hearts, 7Spades, QSpades, 5Spades.
P3 HAND: 6Diamonds, 2Diamonds, JClubs, 2Clubs, 7Hearts, JHearts, 6Hearts, 3Hearts, JSpades, 3Spades.
P2 4Hearts P3 3Hearts P0 2Hearts P1 AHearts 
P1 ASpades P2 5Spades P3 JSpades P0 4Spades 
P1 2Spades P2 QSpades P3 3Spades P0 KHearts 
P2 5Clubs P3 2Clubs P0 QClubs P1 3Clubs 
P0 AClubs P1 4Clubs P2 7Clubs P3 JClubs 
P0 QHearts P1 6Clubs P2 5Hearts P3 7Hearts 
P3 6Hearts P0 JDiamonds P1 6Spades P2 7Spades 
P0 KDiamonds P1 4Diamonds P2 3Diamonds P3 2Diamonds 
P0 QDiamonds P1 5Diamonds P2 ADiamonds P3 6Diamonds 
P2 KClubs P3 JHearts P0 7Diamonds P1 KSpades 
-- /GAME --
P0 HAND: KDiamonds, JDiamonds, 5Diamonds, 2Diamonds, 7Hearts, JHearts, QHearts, 7Spades, 3Spades, 2Spades.
P1 HAND: ADiamonds, 7Diamonds, QDiamonds, JClubs, QClubs, 3Clubs, AHearts, 6Hearts, 5Hearts, 4Spades.
P2 HAND: 6Diamonds, AClubs, 6Clubs, 5Clubs, 2Clubs, KHearts, 4Hearts, ASpades, KSpades, 6Spades.
P3 HAND: 4Diamonds, 3Diamonds, 7Clubs, KClubs, 4Clubs, 3Hearts, 2Hearts, JSpades, QSpades, 5Spades.
P1 ADiamonds P2 6Diamonds P3 4Diamonds 
