-- GAME --
P0 HAND: ADiamonds, 7Diamonds, 5Diamonds, AClubs, 5Clubs, 7Hearts, 4Hearts, ASpades, KSpades, QSpades.
P1 HAND: QDiamonds, 6Diamonds, 7Clubs, AHearts, KHearts, 6Hearts, 3Hearts, 7Spades, 4Spades, 3Spades.
P2 HAND: JDiamonds, 3Diamonds, 2Diamonds, QClubs, 3Clubs, JHearts, QHearts, 5Hearts, 6Spades, 5Spades.
P3 HAND: KDiamonds, 4Diamonds, KClubs, JClubs, 6Clubs, 4Clubs, 2Clubs, 2Hearts, JSpades, 2Spades.
P1 3Spades P2 5Spades P3 2Spades P0 ASpades 
P0 AClubs P1 7Clubs P2 QClubs P3 2Clubs 
P0 ADiamonds P1 6Diamonds P2 JDiamonds P3 4Diamonds 
P0 7Diamonds P1 QDiamonds P2 3Diamonds P3 KDiamonds 
P0 QSpades P1 4Spades P2 6Spades P3 JSpades 
P3 4Clubs P0 5Clubs P1 3Hearts P2 3Clubs 
P1 6Hearts P2 5Hearts P3 2Hearts P0 7Hearts 
P0 KSpades P1 7Spades P2 QHearts P3 6Clubs 
P2 2Diamonds P3 JClubs P0 5Diamonds P1 KHearts 
P1 AHearts P2 JHearts P3 KClubs P0 4Hearts 
-- /GAME --
P0 HAND: ADiamonds, KDiamonds, 7Clubs, KClubs, JClubs, 4Clubs, 4Hearts, 5Spades, 3Spades, 2Spades.
P1 HAND: 6Diamonds, 5Diamonds, 2Diamonds, 2Clubs, JHearts, 6Hearts, 7Spades, KSpades, JSpades, 6Spades.
P2 HAND: 7Diamonds, QDiamonds, 3Diamonds, 6Clubs, 5Clubs, KHearts, 5Hearts, 2Hearts, QSpades, 4Spades.
P3 HAND: JDiamonds, 4Diamonds, AClubs, QClubs, 3Clubs, AHearts, 7Hearts, QHearts, 3Hearts, ASpades.
P0 ADiamonds P1 2Diamonds P2 7Diamonds P3 4Diamonds 
P0 KDiamonds P1 5Diamonds P2 QDiamonds P3 JDiamonds 
P0 2Spades P1 6Spades P2 4Spades P3 ASpades 
P3 AHearts P0 4Hearts P1 JHearts P2 2Hearts 
P3 3Hearts P0 3Spades P1 6Hearts P2 KHearts 
P2 3Diamonds P3 QHearts P0 KClubs P1 6Diamonds 
P0 5Spades P1 JSpades P2 QSpades P3 7Hearts 
P1 2Clubs P2 5Clubs P3 3Clubs P0 7Clubs 
P0 4Clubs P1 KSpades P2 6Clubs P3 QClubs 
P3 AClubs P0 JClubs P1 7Spades P2 5Hearts 
-- /GAME --
P0 HAND: ADiamonds, JClubs, QClubs, AHearts, KHearts, 6Hearts, 5Hearts, 3Hearts, QSpades, 6Spades.
P1 HAND: 7Diamonds, QDiamonds, 6Diamonds, 4Diamonds, 2Diamonds, 3Clubs, 2Clubs, 7Hearts, QHearts, JSpades.
P2 HAND: KDiamonds, 5Diamonds, 3Diamonds, KClubs, 6Clubs, 4Clubs, 4Hearts, 2Hearts, ASpades, KSpades.
P3 HAND: JDiamonds, AClubs, 7Clubs, 5Clubs, JHearts, 7Spades, 5Spades, 4Spades, 3Spades, 2Spades.
P3 AClubs P0 QClubs P1 3Clubs P2 4Clubs 
P3 2Spades P0 6Spades P1 JSpades P2 ASpades 
P2 2Hearts P3 JHearts P0 AHearts P1 QHearts 
P0 JClubs P1 2Clubs P2 6Clubs P3 7Clubs 
P3 3Spades P0 QSpades P1 2Diamonds P2 KSpades 
P1 4Diamonds P2 3Diamonds P3 JDiamonds P0 ADiamonds 
P0 6Hearts P1 7Hearts P2 4Hearts P3 7Spades 
P1 6Diamonds P2 5Diamonds P3 4Spades P0 3Hearts 
P1 QDiamonds P2 KDiamonds P3 5Clubs P0 KHearts 
P2 KClubs P3 5Spades P0 5Hearts P1 7Diamonds 
-- /GAME --
P0 HAND: JDiamonds, 5Diamonds, 3Diamonds, KClubs, JClubs, 4Clubs, 6Hearts, 3Hearts, 2Hearts, 5Spades.
P1 HAND: 7Diamonds, QDiamonds, 2Diamonds, 6Clubs, 2Clubs, AHearts, QHearts, JSpades, 6Spades, 2Spades.
P2 HAND: AClubs, QClubs, 5Clubs, 7Hearts, KHearts, 5Hearts, 4Hearts, ASpades, QSpades, 3Spades.
P3 HAND: ADiamonds, KDiamonds, 6Diamonds, 4Diamonds, 7Clubs, 3Clubs, JHearts, 7Spades, KSpades, 4Spades.
P2 AClubs P3 3Clubs 
