-- GAME --
P0 HAND: ADiamonds, 4Clubs, 3Clubs, 2Clubs, 7Hearts, KHearts, 6Hearts, 5Hearts, KSpades, QSpades.
P1 HAND: JDiamonds, QDiamonds, 2Diamonds, JClubs, 5Clubs, AHearts, QHearts, 2Hearts, ASpades, JSpades.
P2 HAND: KDiamonds, 4Diamonds, 3Diamonds, 7Clubs, KClubs, JHearts, 4Hearts, 7Spades, 5Spades, 4Spades.
P3 HAND: 7Diamonds, 6Diamonds, 5Diamonds, AClubs, QClubs, 6Clubs, 3Hearts, 6Spades, 3Spades, 2Spades.
P1 AHearts P2 4Hearts P3 3Hearts P0 5Hearts 
P1 2Diamonds P2 3Diamonds P3 5Diamonds P0 ADiamonds 
P0 4Clubs P1 5Clubs P2 KClubs P3 AClubs 
P3 6Diamonds P0 QSpades P1 QDiamonds P2 KDiamonds 
P0 3Clubs P1 JClubs P2 7Clubs P3 6Clubs 
P2 4Diamonds P3 7Diamonds P0 KSpades P1 JDiamonds 
P0 2Clubs P1 2Hearts P2 4Spades P3 QClubs 
P2 JHearts P3 2Spades P0 6Hearts P1 QHearts 
P3 3Spades P0 KHearts P1 JSpades P2 7Spades 
P2 5Spades P3 6Spades P0 7Hearts P1 ASpades 
-- /GAME --
P0 HAND: 4Diamonds, 7Clubs, KClubs, 5Clubs, 3Clubs, QHearts, 2Hearts, ASpades, 7Spades, 4Spades.
P1 HAND: QDiamonds, 5Diamonds, 3Diamonds, JClubs, QClubs, AHearts, 6Hearts, 3Hearts, KSpades, QSpades.
P2 HAND: ADiamonds, 7Diamonds, KDiamonds, JDiamonds, 6Clubs, 2Clubs, 7Hearts, JHearts, JSpades, 2Spades.
P3 HAND: 6Diamonds, 2Diamonds, AClubs, 4Clubs, KHearts, 5Hearts, 4Hearts, 6Spades, 5Spades, 3Spades.
P0 4Diamonds P1 3Diamonds P2 ADiamonds P3 2Diamonds 
P2 2Clubs P3 AClubs P0 3Clubs P1 JClubs 
P3 4Clubs P0 7Clubs P1 QClubs P2 6Clubs 
P0 2Hearts P1 AHearts P2 JHearts P3 KHearts 
P1 3Hearts P2 7Hearts P3 4Hearts P0 QHearts 
P2 JDiamonds P3 6Diamonds P0 4Spades P1 5Diamonds 
P0 5Clubs P1 6Hearts P2 2Spades P3 5Hearts 
P2 JSpades P3 3Spades P0 7Spades P1 QSpades 
P0 KClubs P1 QDiamonds P2 KDiamonds P3 5Spades 
P3 6Spades P0 ASpades P1 KSpades P2 7Diamonds 
-- /GAME --
P0 HAND: ADiamonds, 7Diamonds, KDiamonds, JClubs, QClubs, 6Clubs, 5Clubs, 7Hearts, KHearts, KSpades.
P1 HAND: JDiamonds, 4Diamonds, 3Diamonds, AClubs, 4Clubs, 3Clubs, 2Hearts, ASpades, JSpades, 3Spades.
P2 HAND: QDiamonds, 6Diamonds, 5Diamonds, 7Clubs, KClubs, JHearts, 3Hearts, 7Spades, 6Spades, 5Spades.
P3 HAND: 2Diamonds, 2Clubs, AHearts, QHearts, 6Hearts, 5Hearts, 4Hearts, QSpades, 4Spades, 2Spades.
P3 2Clubs P0 QClubs P1 AClubs P2 KClubs 
P1 ASpades P2 5Spades P3 QSpades P0 KSpades 
P1 2Hearts P2 3Hearts P3 AHearts P0 KHearts 
P3 2Spades P0 KDiamonds P1 3Spades P2 7Spades 
P0 7Hearts P1 3Diamonds P2 JHearts P3 QHearts 
P1 3Clubs P2 7Clubs P3 2Diamonds P0 5Clubs 
P3 4Hearts P0 6Clubs P1 4Clubs P2 6Spades 
P3 4Spades P0 JClubs P1 JSpades P2 5Diamonds 
P2 6Diamonds P3 5Hearts P0 ADiamonds P1 4Diamonds 
P0 7Diamonds P1 JDiamonds P2 QDiamonds P3 6Hearts 
-- /GAME --
P0 HAND: JDiamonds, 6Diamonds, JClubs, 4Clubs, 7Hearts, KHearts, 5Hearts, 6Spades, 4Spades, 3Spades.
P1 HAND: ADiamonds, 7Diamonds, 5Diamonds, 2Diamonds, AClubs, QClubs, QHearts, 4Hearts, JSpades, 5Spades.
P2 HAND: KDiamonds, 4Diamonds, 3Clubs, AHearts, 3Hearts, 2Hearts, 7Spades, KSpades, QSpades, 2Spades.
P3 HAND: QDiamonds, 3Diamonds, 7Clubs, KClubs, 6Clubs, 5Clubs, 2Clubs, JHearts, 6Hearts, ASpades.
P2 AHearts P3 6Hearts P0 7Hearts P1 4Hearts 
P2 2Hearts P3 JHearts P0 KHearts P1 QHearts 
P0 5Hearts P1 2Diamonds P2 3Hearts P3 3Diamonds 
P0 6Diamonds P1 ADiamonds P2 4Diamonds P3 QDiamonds 
P1 5Diamonds P2 KDiamonds P3 2Clubs P0 JDiamonds 
P3 ASpades P0 6Spades P1 JSpades P2 2Spades 
P3 5Clubs P0 4Clubs P1 QClubs P2 3Clubs 
P1 5Spades P2 QSpades P3 6Clubs P0 4Spades 
P3 KClubs P0 JClubs P1 AClubs P2 KSpades 
P1 7Diamonds P2 7Spades P3 7Clubs P0 3Spades 
-- /GAME --

