-- GAME --
P0 HAND: JDiamonds, 3Diamonds, JClubs, QClubs, 6Clubs, 7Hearts, JHearts, 6Hearts, 4Hearts, 6Spades.
P1 HAND: 7Diamonds, 5Diamonds, 4Diamonds, 2Diamonds, 5Clubs, 3Clubs, 2Clubs, 3Hearts, KSpades, 3Spades.
P2 HAND: ADiamonds, 7Clubs, KClubs, KHearts, 5Hearts, 2Hearts, 7Spades, JSpades, QSpades, 4Spades.
P3 HAND: KDiamonds, QDiamonds, 6Diamonds, AClubs, 4Clubs, AHearts, QHearts, ASpades, 5Spades, 2Spades.
P0 3Diamonds P1 2Diamonds P2 ADiamonds P3 6Diamonds 
P2 2Hearts P3 AHearts P0 6Hearts P1 3Hearts 
P3 AClubs P0 QClubs P1 5Clubs P2 KClubs 
P3 4Clubs P0 JClubs P1 2Clubs P2 7Clubs 
P2 5Hearts P3 QHearts P0 7Hearts P1 3Spades 
P1 3Clubs P2 4Spades P3 QDiamonds P0 6Clubs 
P2 QSpades P3 2Spades P0 6Spades P1 KSpades 
P1 4Diamonds P2 JSpades P3 KDiamonds P0 JDiamonds 
P2 7Spades P3 ASpades P0 JHearts P1 7Diamonds 
P3 5Spades P0 4Hearts P1 5Diamonds P2 KHearts 
-- /GAME --
P0 HAND: JDiamonds, QDiamonds, 5Diamonds, 2Diamonds, 4Clubs, 3Clubs, QSpades, 6Spades, 4Spades, 3Spades.
P1 HAND: ADiamonds, KDiamonds, JClubs, 6Clubs, AHearts, QHearts, 6Hearts, 5Hearts, 4Hearts, 2Spades.
P2 HAND: 6Diamonds, AClubs, KClubs, QClubs, 5Clubs, 2Clubs, 3Hearts, ASpades, 7Spades, 5Spades.
P3 HAND: 7Diamonds, 4Diamonds, 3Diamonds, 7Clubs, 7Hearts, KHearts, JHearts, 2Hearts, KSpades, JSpades.
P3 2Hearts P0 3Spades P1 4Hearts P2 3Hearts 
P0 3Clubs P1 6Clubs P2 AClubs P3 7Clubs 
P2 2Clubs P3 3Diamonds P0 4Clubs P1 JClubs 
P1 ADiamonds P2 6Diamonds P3 7Diamonds P0 2Diamonds 
P1 5Hearts P2 5Clubs P3 JHearts P0 5Diamonds 
P3 4Diamonds P0 QDiamonds P1 KDiamonds P2 5Spades 
P2 QClubs P3 JSpades P0 JDiamonds P1 AHearts 
P3 KSpades P0 4Spades P1 2Spades P2 7Spades 
P2 ASpades P3 KHearts P0 6Spades P1 6Hearts 
P2 KClubs P3 7Hearts P0 QSpades P1 QHearts 
-- /GAME --
P0 HAND: QDiamonds, 6Diamonds, 4Diamonds, 2Diamonds, KClubs, 4Clubs, 6Hearts, 7Spades, JSpades, 4Spades.
P1 HAND: 7Diamonds, 5Diamonds, JClubs, 5Clubs, AHearts, 7Hearts, KHearts, 5Hearts, 4Hearts, 2Spades.
P2 HAND: KDiamonds, JDiamonds, AClubs, 7Clubs, QClubs, 3Clubs, 3Hearts, 2Hearts, ASpades, 5Spades.
P3 HAND: ADiamonds, 3Diamonds, 6Clubs, 2Clubs, JHearts, QHearts, KSpades, QSpades, 6Spades, 3Spades.
P2 AClubs P3 2Clubs P0 KClubs P1 5Clubs 
P2 ASpades P3 3Spades P0 7Spades P1 2Spades 
P2 3Clubs P3 6Clubs P0 4Clubs P1 JClubs 
P1 5Diamonds P2 JDiamonds P3 ADiamonds P0 2Diamonds 
P3 3Diamonds P0 QDiamonds P1 7Diamonds P2 KDiamonds 
P1 4Hearts P2 2Hearts P3 QHearts P0 6Hearts 
P3 6Spades P0 JSpades P1 5Hearts P2 5Spades 
P1 KHearts P2 3Hearts P3 JHearts P0 4Diamonds 
P1 7Hearts P2 QClubs P3 QSpades P0 6Diamonds 
P1 AHearts P2 7Clubs P3 KSpades P0 4Spades 
-- /GAME --
P0 HAND: JDiamonds, 3Diamonds, AClubs, 6Clubs, 5Clubs, 4Clubs, JHearts, 2Hearts, QSpades, 3Spades.
P1 HAND: ADiamonds, KDiamonds, 6Diamonds, 4Diamonds, JClubs, QClubs, 2Clubs, KHearts, ASpades, 4Spades.
P2 HAND: 7Diamonds, 2Diamonds, 7Clubs, 7Hearts, 6Hearts, 5Hearts, 4Hearts, JSpades, 6Spades, 2Spades.
P3 HAND: QDiamonds, 5Diamonds, KClubs, 3Clubs, AHearts, QHearts, 3Hearts, 7Spades, KSpades, 5Spades.
P1 ASpades P2 2Spades P3 7Spades P0 3Spades 
P1 2Clubs P2 7Clubs P3 3Clubs P0 AClubs 
P0 QSpades P1 4Spades P2 6Spades P3 KSpades 
P3 AHearts P0 2Hearts P1 KHearts P2 4Hearts 
P3 3Hearts P0 JHearts P1 QClubs P2 7Hearts 
P2 5Hearts P3 QHearts P0 6Clubs P1 JClubs 
P3 5Spades P0 5Clubs P1 4Diamonds P2 JSpades 
P1 6Diamonds P2 2Diamonds P3 5Diamonds P0 JDiamonds 
P0 4Clubs P1 KDiamonds P2 6Hearts P3 KClubs 
P1 ADiamonds P2 7Diamonds P3 QDiamonds P0 3Diamonds 
-- /GAME --
P0 HAND: KDiamonds, 6Diamonds, 4Diamonds, AHearts, 7Hearts, JHearts, QHearts, 6Hearts, QSpades, 6Spades.
P1 HAND: ADiamonds, AClubs, QClubs, 3Clubs, 5Hearts, 4Hearts, 3Hearts, 5Spades, 4Spades, 2Spades.
P2 HAND: 7Diamonds, JDiamonds, QDiamonds, 5Diamonds, 2Diamonds, 7Clubs, 6Clubs, 2Hearts, 7Spades, KSpades.
P3 HAND: 3Diamonds, KClubs, JClubs, 5Clubs, 4Clubs, 2Clubs, KHearts, ASpades, JSpades, 3Spades.
P0 AHearts P1 3Hearts P2 2Hearts P3 KHearts 
P0 7Hearts P1 4Hearts P2 7Diamonds P3 2Clubs 
P0 6Hearts P1 5Hearts P2 2Diamonds P3 3Diamonds 
P0 6Spades P1 2Spades P2 KSpades P3 ASpades 
P3 3Spades P0 QSpades P1 4Spades P2 7Spades 
P2 5Diamonds P3 4Clubs P0 6Diamonds P1 ADiamonds 
P1 3Clubs P2 6Clubs P3 5Clubs P0 4Diamonds 
P2 QDiamonds P3 JClubs P0 KDiamonds P1 5Spades 
P0 JHearts P1 QClubs P2 JDiamonds P3 JSpades 
P0 QHearts P1 AClubs P2 7Clubs P3 KClubs 
-- /GAME --
P0 HAND: KDiamonds, 5Diamonds, 4Diamonds, 3Diamonds, 5Clubs, 3Clubs, 6Hearts, QSpades, 4Spades, 3Spades.
P1 HAND: 7Diamonds, JDiamonds, AClubs, 6Clubs, 2Clubs, AHearts, JHearts, 2Hearts, KSpades, JSpades.
P2 HAND: ADiamonds, QDiamonds, 6Diamonds, 2Diamonds, KClubs, 7Hearts, KHearts, 5Hearts, 6Spades, 5Spades.
P3 HAND: 7Clubs, JClubs, QClubs, 4Clubs, QHearts, 4Hearts, 3Hearts, ASpades, 7Spades, 2Spades.
P3 ASpades P0 3Spades P1 KSpades P2 5Spades 
P3 2Spades P0 4Spades P1 JSpades P2 6Spades 
P1 AClubs P2 KClubs P3 7Clubs P0 3Clubs 
P1 AHearts P2 5Hearts P3 QHearts P0 6Hearts 
P1 2Clubs P2 2Diamonds P3 4Clubs P0 5Clubs 
P2 6Diamonds P3 3Hearts P0 3Diamonds P1 JDiamonds 
P1 2Hearts P2 KHearts P3 4Hearts P0 QSpades 
P2 QDiamonds P3 QClubs P0 5Diamonds P1 7Diamonds 
P1 6Clubs P2 ADiamonds P3 JClubs P0 4Diamonds 
P2 7Hearts P3 7Spades P0 KDiamonds P1 JHearts 
-- /GAME --
P0 HAND: ADiamonds, 5Diamonds, 4Diamonds, 2Clubs, AHearts, 7Hearts, 2Hearts, JSpades, 5Spades, 3Spades.
P1 HAND: KDiamonds, 6Diamonds, JClubs, 3Clubs, KHearts, JHearts, 6Hearts, ASpades, QSpades, 2Spades.
P2 HAND: 7Diamonds, QDiamonds, 3Diamonds, 2Diamonds, 7Clubs, 4Clubs, QHearts, 4Hearts, 6Spades, 4Spades.
P3 HAND: JDiamonds, AClubs, KClubs, QClubs, 6Clubs, 5Clubs, 5Hearts, 3Hearts, 7Spades, KSpades.
P2 2Diamonds P3 JDiamonds P0 ADiamonds P1 6Diamonds 
P0 AHearts P1 6Hearts P2 QHearts P3 3Hearts 
P0 7Hearts P1 JHearts P2 4Hearts P3 5Hearts 
P0 5Spades P1 ASpades P2 4Spades P3 7Spades 
P1 2Spades P2 6Spades P3 KSpades P0 3Spades 
P3 5Clubs P0 2Clubs P1 3Clubs P2 4Clubs 
P3 6Clubs P0 2Hearts P1 JClubs P2 7Clubs 
P2 3Diamonds P3 QClubs P0 5Diamonds P1 KDiamonds 
P3 KClubs P0 4Diamonds P1 QSpades P2 QDiamonds 
P3 AClubs P0 JSpades P1 KHearts P2 7Diamonds 
-- /GAME --
P0 HAND: KDiamonds, JDiamonds, 2Diamonds, 4Clubs, 7Hearts, KHearts, JHearts, 3Hearts, 6Spades, 5Spades.
P1 HAND: 3Diamonds, AClubs, JClubs, AHearts, 5Hearts, 4Hearts, 2Hearts, 7Spades, JSpades, 3Spades.
P2 HAND: 6Diamonds, KClubs, QClubs, 6Clubs, 5Clubs, 3Clubs, KSpades, QSpades, 4Spades, 2Spades.
P3 HAND: ADiamonds, 7Diamonds, QDiamonds, 5Diamonds, 4Diamonds, 7Clubs, 2Clubs, QHearts, 6Hearts, ASpades.
P1 AClubs P2 3Clubs P3 7Clubs P0 4Clubs 
P1 AHearts P2 6Diamonds P3 6Hearts P0 7Hearts 
P2 2Spades P3 ASpades P0 6Spades P1 7Spades 
P3 2Clubs P0 KDiamonds P1 JClubs P2 KClubs 
P0 KHearts P1 2Hearts P2 KSpades P3 QHearts 
P0 JHearts P1 4Hearts P2 QClubs P3 4Diamonds 
P3 5Diamonds P0 JDiamonds P1 3Diamonds P2 QSpades 
P0 3Hearts P1 5Hearts P2 4Spades P3 QDiamonds 
P3 7Diamonds P0 2Diamonds P1 3Spades P2 5Clubs 
P3 ADiamonds P0 5Spades P1 JSpades P2 6Clubs 
-- /GAME --
P0 HAND: 6Diamonds, 3Diamonds, 7Clubs, JClubs, 4Clubs, AHearts, KHearts, JHearts, 6Spades, 4Spades.
P1 HAND: ADiamonds, 7Diamonds, QDiamonds, 5Diamonds, QClubs, 6Hearts, 5Hearts, 2Hearts, QSpades, 3Spades.
P2 HAND: KDiamonds, JDiamonds, 4Diamonds, 6Clubs, 2Clubs, 4Hearts, 3Hearts, ASpades, 7Spades, 5Spades.
P3 HAND: 2Diamonds, AClubs, KClubs, 5Clubs, 3Clubs, 7Hearts, QHearts, KSpades, JSpades, 2Spades.
P0 AHearts P1 2Hearts P2 4Hearts P3 QHearts 
P0 3Diamonds P1 ADiamonds P2 4Diamonds P3 2Diamonds 
P1 3Spades P2 ASpades P3 2Spades P0 6Spades 
P2 3Hearts P3 7Hearts P0 KHearts P1 6Hearts 
P3 JSpades P0 4Spades P1 QSpades P2 7Spades 
P2 5Spades P3 KSpades P0 6Diamonds P1 7Diamonds 
P3 3Clubs P0 JClubs P1 QClubs P2 2Clubs 
P0 JHearts P1 5Hearts P2 6Clubs P3 5Clubs 
P2 JDiamonds P3 KClubs P0 7Clubs P1 5Diamonds 
P0 4Clubs P1 QDiamonds P2 KDiamonds P3 AClubs 
-- /GAME --
P0 HAND: QDiamonds, 3Diamonds, 4Clubs, 2Clubs, AHearts, 7Hearts, JHearts, 3Hearts, 2Hearts, 4Spades.
P1 HAND: ADiamonds, KDiamonds, 4Diamonds, 7Clubs, QClubs, KHearts, QSpades, 6Spades, 5Spades, 3Spades.
P2 HAND: 7Diamonds, 6Diamonds, 5Diamonds, 2Diamonds, AClubs, 5Clubs, QHearts, 5Hearts, 4Hearts, 7Spades.
P3 HAND: JDiamonds, KClubs, JClubs, 6Clubs, 3Clubs, 6Hearts, ASpades, KSpades, JSpades, 2Spades.
P3 ASpades P0 4Spades P1 QSpades P2 7Spades 
P3 2Spades P0 4Clubs P1 3Spades P2 2Diamonds 
P1 ADiamonds P2 5Diamonds P3 JDiamonds P0 3Diamonds 
P1 4Diamonds P2 6Diamonds P3 3Clubs P0 QDiamonds 
P0 AHearts P1 KHearts P2 4Hearts P3 6Hearts 
P0 7Hearts P1 5Spades P2 5Hearts P3 6Clubs 
P0 2Clubs P1 QClubs P2 AClubs P3 JClubs 
P2 5Clubs P3 KClubs P0 JHearts P1 7Clubs 
P0 2Hearts P1 6Spades P2 QHearts P3 JSpades 
P2 7Diamonds P3 KSpades P0 3Hearts P1 KDiamonds 
-- /GAME --
P0 HAND: 5Diamonds, 4Diamonds, 5Clubs, 3Clubs, 2Clubs, AHearts, QHearts, 3Hearts, QSpades, 4Spades.
P1 HAND: JDiamonds, AClubs, 7Clubs, 6Clubs, 7Hearts, 2Hearts, KSpades, JSpades, 6Spades, 5Spades.
P2 HAND: ADiamonds, 7Diamonds, QDiamonds, 6Diamonds, 2Diamonds, JClubs, JHearts, 5Hearts, 4Hearts, 2Spades.
P3 HAND: KDiamonds, 3Diamonds, KClubs, QClubs, 4Clubs, KHearts, 6Hearts, ASpades, 7Spades, 3Spades.
P2 2Diamonds P3 3Diamonds P0 4Diamonds P1 JDiamonds 
P1 2Hearts P2 4Hearts P3 6Hearts P0 AHearts 
P0 4Spades P1 5Spades P2 2Spades P3 ASpades 
P3 3Spades P0 QSpades P1 6Spades P2 ADiamonds 
P0 5Diamonds P1 6Clubs P2 6Diamonds P3 KDiamonds 
P1 JSpades P2 5Hearts P3 7Spades P0 5Clubs 
P0 3Hearts P1 7Hearts P2 JHearts P3 KHearts 
P1 7Clubs P2 JClubs P3 4Clubs P0 2Clubs 
P1 AClubs P2 QDiamonds P3 QClubs P0 3Clubs 
P1 KSpades P2 7Diamonds P3 KClubs P0 QHearts 
-- /GAME --
P0 HAND: JDiamonds, QDiamonds, 6Diamonds, 4Diamonds, AClubs, 7Clubs, JClubs, QHearts, 2Hearts, QSpades.
P1 HAND: 7Diamonds, 5Clubs, 4Clubs, 2Clubs, 7Hearts, 6Hearts, 7Spades, JSpades, 6Spades, 2Spades.
P2 HAND: 5Diamonds, 3Diamonds, KClubs, QClubs, 6Clubs, 5Hearts, 4Hearts, 3Hearts, KSpades, 4Spades.
P3 HAND: ADiamonds, KDiamonds, 2Diamonds, 3Clubs, AHearts, KHearts, JHearts, ASpades, 5Spades, 3Spades.
P1 2Clubs P2 6Clubs P3 3Clubs P0 AClubs 
P0 QSpades P1 2Spades P2 4Spades P3 ASpades 
P3 AHearts P0 2Hearts P1 7Hearts P2 3Hearts 
P3 3Spades P0 7Clubs P1 7Spades P2 KSpades 
P1 4Clubs P2 QClubs P3 5Spades P0 JClubs 
P0 QHearts P1 6Hearts P2 4Hearts P3 KHearts 
P3 JHearts P0 JDiamonds P1 7Diamonds P2 5Hearts 
P1 5Clubs P2 KClubs P3 2Diamonds P0 QDiamonds 
P0 6Diamonds P1 6Spades P2 3Diamonds P3 KDiamonds 
P3 ADiamonds P0 4Diamonds P1 JSpades P2 5Diamonds 
-- /GAME --
P0 HAND: JDiamonds, 6Diamonds, 3Diamonds, 2Diamonds, 7Hearts, QHearts, 6Hearts, 4Hearts, 7Spades, JSpades.
P1 HAND: ADiamonds, 7Diamonds, 5Diamonds, 4Diamonds, AHearts, KHearts, JHearts, 3Hearts, ASpades, QSpades.
P2 HAND: KDiamonds, QDiamonds, 7Clubs, KClubs, JClubs, 2Clubs, 5Hearts, 5Spades, 3Spades, 2Spades.
P3 HAND: AClubs, QClubs, 6Clubs, 5Clubs, 4Clubs, 3Clubs, 2Hearts, KSpades, 6Spades, 4Spades.
P1 ADiamonds P2 QDiamonds P3 AClubs P0 2Diamonds 
P1 AHearts P2 5Hearts P3 2Hearts P0 4Hearts 
P1 3Hearts P2 2Clubs P3 3Clubs P0 7Hearts 
P0 6Diamonds P1 4Diamonds P2 KDiamonds P3 4Clubs 
P2 JClubs P3 5Clubs P0 7Spades P1 ASpades 
P1 5Diamonds P2 2Spades P3 6Clubs P0 JDiamonds 
P2 3Spades P3 4Spades P0 JSpades P1 QSpades 
P0 3Diamonds P1 7Diamonds P2 5Spades P3 6Spades 
P3 QClubs P0 6Hearts P1 JHearts P2 7Clubs 
P2 KClubs P3 KSpades P0 QHearts P1 KHearts 
-- /GAME --
P0 HAND: JClubs, QClubs, 6Clubs, KHearts, JHearts, QHearts, 5Hearts, 6Spades, 4Spades, 3Spades.
P1 HAND: 6Diamonds, AClubs, 5Clubs, 4Clubs, 2Clubs, AHearts, 3Hearts, JSpades, 5Spades, 2Spades.
P2 HAND: ADiamonds, 4Diamonds, 3Diamonds, 7Clubs, KClubs, 7Hearts, 4Hearts, 2Hearts, ASpades, QSpades.
P3 HAND: 7Diamonds, KDiamonds, JDiamonds, QDiamonds, 5Diamonds, 2Diamonds, 3Clubs, 6Hearts, 7Spades, KSpades.

