-- GAME --
P0 HAND: ADiamonds, KDiamonds, JDiamonds, KClubs, QClubs, 5Clubs, 4Clubs, 2Clubs, KSpades, QSpades.
P1 HAND: 5Diamonds, 4Diamonds, 3Diamonds, 2Diamonds, 6Hearts, 5Hearts, 2Hearts, 7Spades, JSpades, 2Spades.
P2 HAND: 7Diamonds, QDiamonds, 6Diamonds, 7Clubs, AHearts, KHearts, JHearts, 6Spades, 5Spades, 3Spades.
P3 HAND: AClubs, JClubs, 6Clubs, 3Clubs, 7Hearts, QHearts, 4Hearts, 3Hearts, ASpades, 4Spades.
P1 2Hearts P2 AHearts P3 3Hearts P0 KClubs 
P2 3Spades P3 ASpades P0 QSpades P1 7Spades 
P3 3Clubs P0 2Clubs P1 2Spades P2 7Clubs 
P2 5Spades P3 4Spades P0 KSpades P1 JSpades 
P0 QClubs P1 5Hearts P2 6Spades P3 AClubs 
P3 4Hearts P0 4Clubs P1 6Hearts P2 KHearts 
P2 JHearts P3 QHearts P0 JDiamonds P1 2Diamonds 
P0 5Clubs P1 3Diamonds P2 6Diamonds P3 6Clubs 
P2 QDiamonds P3 JClubs P0 KDiamonds P1 4Diamonds 
P0 ADiamonds P1 5Diamonds P2 7Diamonds P3 7Hearts 
-- /GAME --
P0 HAND: 7Diamonds, 6Diamonds, 2Diamonds, AClubs, KClubs, 3Clubs, 2Clubs, JHearts, 2Hearts, 6Spades.
P1 HAND: ADiamonds, 3Diamonds, QClubs, 5Clubs, KHearts, 6Hearts, ASpades, 7Spades, QSpades, 4Spades.
P2 HAND: JDiamonds, QDiamonds, JClubs, 6Clubs, 4Clubs, 7Hearts, QHearts, 5Hearts, KSpades, JSpades.
P3 HAND: KDiamonds, 5Diamonds, 4Diamonds, 7Clubs, AHearts, 4Hearts, 3Hearts, 5Spades, 3Spades, 2Spades.
P0 AClubs P1 5Clubs P2 JClubs P3 7Clubs 
P0 6Spades P1 ASpades P2 JSpades P3 5Spades 
P1 4Spades P2 KSpades P3 2Spades P0 2Hearts 
P2 4Clubs P3 3Hearts P0 KClubs P1 QClubs 
P0 JHearts P1 6Hearts P2 5Hearts P3 AHearts 
P3 3Spades P0 2Clubs P1 QSpades P2 6Clubs 
P1 3Diamonds P2 QDiamonds P3 4Diamonds P0 2Diamonds 
P2 QHearts P3 4Hearts P0 3Clubs P1 KHearts 
P1 ADiamonds P2 JDiamonds P3 5Diamonds P0 6Diamonds 
P1 7Spades P2 7Hearts P3 KDiamonds P0 7Diamonds 
-- /GAME --
P0 HAND: 6Diamonds, AClubs, JClubs, 6Clubs, JHearts, 5Hearts, 4Hearts, QSpades, 4Spades, 2Spades.
P1 HAND: JDiamonds, 5Diamonds, 2Diamonds, QClubs, 3Clubs, 2Clubs, KHearts, 6Hearts, 2Hearts, KSpades.
P2 HAND: 7Diamonds, QDiamonds, 4Diamonds, 3Diamonds, 5Clubs, QHearts, ASpades, JSpades, 6Spades, 5Spades.
P3 HAND: ADiamonds, KDiamonds, 7Clubs, KClubs, 4Clubs, AHearts, 7Hearts, 3Hearts, 7Spades, 3Spades.
P3 ADiamonds P0 6Diamonds P1 JDiamonds P2 3Diamonds 
P3 AHearts P0 JHearts P1 KHearts P2 QHearts 
P3 3Hearts P0 4Hearts P1 2Hearts P2 7Diamonds 
P0 AClubs P1 2Clubs P2 5Clubs P3 4Clubs 
P0 5Hearts P1 6Hearts P2 4Diamonds P3 7Hearts 
P3 3Spades P0 2Spades P1 KSpades P2 5Spades 
P1 2Diamonds P2 QDiamonds P3 KDiamonds P0 JClubs 
P3 7Spades P0 4Spades P1 3Clubs P2 ASpades 
P2 6Spades P3 KClubs P0 QSpades P1 5Diamonds 
P0 6Clubs P1 QClubs P2 JSpades P3 7Clubs 
-- /GAME --
P0 HAND: 5Diamonds, 3Diamonds, 2Diamonds, KClubs, AHearts, 5Hearts, 3Hearts, 7Spades, 6Spades, 2Spades.
P1 HAND: ADiamonds, KDiamonds, JDiamonds, QClubs, 4Clubs, 2Clubs, 4Hearts, 2Hearts, ASpades, 5Spades.
P2 HAND: 7Diamonds, 4Diamonds, AClubs, 7Clubs, JClubs, 6Clubs, JHearts, JSpades, 4Spades, 3Spades.
P3 HAND: QDiamonds, 6Diamonds, 5Clubs, 3Clubs, 7Hearts, KHearts, QHearts, 6Hearts, KSpades, QSpades.
P2 AClubs P3 3Clubs P0 KClubs P1 2Clubs 
P2 4Diamonds P3 6Diamonds P0 5Diamonds P1 ADiamonds 
P1 2Hearts P2 JHearts P3 6Hearts P0 AHearts 
P0 2Diamonds P1 JDiamonds P2 7Diamonds P3 QDiamonds 
P2 6Clubs P3 5Clubs P0 5Hearts P1 QClubs 
P1 4Clubs P2 JClubs P3 QHearts P0 2Spades 
P0 6Spades P1 5Spades P2 3Spades P3 QSpades 
P3 KSpades P0 7Spades P1 ASpades P2 4Spades 
P1 4Hearts P2 JSpades P3 KHearts P0 3Hearts 
P2 7Clubs P3 7Hearts P0 3Diamonds P1 KDiamonds 
-- /GAME --

