-- GAME --
P0 5Hearts P1 QHearts P2 2Hearts P3 JHearts 
P3 AClubs P0 5Clubs P1 6Clubs P2 QClubs 
P3 2Clubs P0 7Clubs P1 4Clubs P2 ASpades 
P0 7Spades P1 3Spades P2 7Hearts P3 5Spades 
P0 AHearts P1 KHearts P2 3Hearts P3 6Diamonds 
P3 3Clubs P0 KClubs P1 4Spades P2 6Hearts 
P0 JSpades P1 KSpades P2 3Diamonds P3 QSpades 
P2 4Hearts P3 JDiamonds P0 7Diamonds P1 2Diamonds 
P0 2Spades P1 5Diamonds P2 4Diamonds P3 JClubs 
P1 QDiamonds P2 ADiamonds P3 KDiamonds P0 6Spades 
-- /GAME --
P0 HAND: ADiamonds, KDiamonds, JDiamonds, AClubs, KClubs, 5Clubs, QHearts, 6Hearts, 7Spades, 3Spades.
P1 HAND: QDiamonds, 3Diamonds, 7Clubs, 6Clubs, 3Clubs, 7Hearts, JHearts, 4Hearts, 6Spades, 2Spades.
P2 HAND: 2Diamonds, QClubs, AHearts, KHearts, 5Hearts, 2Hearts, ASpades, KSpades, QSpades, 4Spades.
P3 HAND: 7Diamonds, 6Diamonds, 5Diamonds, 4Diamonds, JClubs, 4Clubs, 2Clubs, 3Hearts, JSpades, 5Spades.
P3 2Clubs P0 KClubs P1 3Clubs P2 QClubs 
P0 KDiamonds P1 3Diamonds P2 2Diamonds P3 7Diamonds 
P3 4Diamonds P0 ADiamonds P1 QDiamonds P2 ASpades 
P0 JDiamonds P1 2Spades P2 KSpades P3 5Diamonds 
P0 AClubs P1 6Clubs P2 QSpades P3 4Clubs 
P0 5Clubs P1 7Clubs P2 2Hearts P3 JClubs 
P2 4Spades P3 5Spades P0 7Spades P1 6Spades 
P0 3Spades P1 4Hearts P2 5Hearts P3 JSpades 
P2 KHearts P3 3Hearts P0 QHearts P1 7Hearts 
P1 JHearts P2 AHearts P3 6Diamonds P0 6Hearts 
-- /GAME --
P0 HAND: QDiamonds, 7Clubs, JClubs, 6Clubs, 4Clubs, JHearts, 6Hearts, 5Hearts, 6Spades, 3Spades.
P1 HAND: KDiamonds, JDiamonds, AClubs, 5Clubs, 3Clubs, 2Clubs, 3Hearts, 2Hearts, QSpades, 2Spades.
P2 HAND: 6Diamonds, 4Diamonds, 3Diamonds, 2Diamonds, QClubs, 7Hearts, QHearts, ASpades, JSpades, 4Spades.
P3 HAND: ADiamonds, 7Diamonds, 5Diamonds, KClubs, AHearts, KHearts, 4Hearts, 7Spades, KSpades, 5Spades.
P2 ASpades P3 5Spades P0 3Spades P1 2Spades 
P2 2Diamonds P3 ADiamonds P0 QDiamonds P1 KDiamonds 
P3 AHearts P0 5Hearts P1 3Hearts P2 QHearts 
P3 4Hearts P0 JHearts P1 2Hearts P2 7Hearts 
P2 3Diamonds P3 5Diamonds P0 6Hearts P1 JDiamonds 
P1 QSpades P2 4Spades P3 7Spades P0 6Spades 
P3 KClubs P0 4Clubs P1 2Clubs P2 QClubs 
P3 KHearts P0 JClubs P1 AClubs P2 4Diamonds 
P1 3Clubs P2 6Diamonds P3 KSpades P0 6Clubs 
P0 7Clubs P1 5Clubs P2 JSpades P3 7Diamonds 
-- /GAME --

