-- GAME --
P0 HAND: 7Diamonds, KDiamonds, QDiamonds, KClubs, JClubs, KHearts, QHearts, ASpades, QSpades, 3Spades.
P1 HAND: ADiamonds, 5Diamonds, 7Clubs, QClubs, 4Clubs, AHearts, JHearts, 5Hearts, JSpades, 4Spades.
P2 HAND: JDiamonds, 6Diamonds, 3Diamonds, 2Diamonds, 6Clubs, 5Clubs, 3Clubs, 4Hearts, 2Hearts, 6Spades.
P3 HAND: 4Diamonds, AClubs, 2Clubs, 7Hearts, 6Hearts, 3Hearts, 7Spades, KSpades, 5Spades, 2Spades.
P3 2Spades P0 ASpades P1 4Spades P2 6Spades 
P0 QHearts P1 AHearts P2 2Hearts P3 7Hearts 
P1 ADiamonds P2 2Diamonds P3 4Diamonds P0 QDiamonds 
P1 5Diamonds P2 3Diamonds P3 3Hearts P0 7Diamonds 
P0 KDiamonds P1 5Hearts P2 6Diamonds P3 5Spades 
P0 3Spades P1 JSpades P2 4Hearts P3 7Spades 
P3 6Hearts P0 KHearts P1 JHearts P2 JDiamonds 
P0 QSpades P1 4Clubs P2 3Clubs P3 KSpades 
P1 QClubs P2 5Clubs P3 2Clubs P0 KClubs 
P0 JClubs P1 7Clubs P2 6Clubs P3 AClubs 
-- /GAME --
P0 HAND: 4Diamonds, 3Diamonds, AClubs, QClubs, 6Clubs, 3Clubs, KHearts, JHearts, 6Hearts, KSpades.
P1 HAND: QDiamonds, 6Diamonds, 7Clubs, KClubs, JClubs, 2Clubs, AHearts, QHearts, 5Hearts, 2Hearts.
P2 HAND: 7Diamonds, KDiamonds, JDiamonds, 5Diamonds, 2Diamonds, 4Clubs, 4Hearts, QSpades, 5Spades, 3Spades.
P3 HAND: ADiamonds, 5Clubs, 7Hearts, 3Hearts, ASpades, 7Spades, JSpades, 6Spades, 4Spades, 2Spades.
P2 2Diamonds P3 ADiamonds P0 3Diamonds P1 QDiamonds 
P3 2Spades P0 KSpades P1 2Clubs P2 QSpades 
P0 AClubs P1 JClubs P2 4Clubs P3 5Clubs 
P0 4Diamonds P1 6Diamonds P2 5Diamonds P3 ASpades 
P1 2Hearts P2 4Hearts P3 3Hearts P0 KHearts 
P0 3Clubs P1 KClubs P2 3Spades P3 7Spades 
P1 5Hearts P2 5Spades P3 7Hearts P0 6Hearts 
P3 4Spades P0 6Clubs P1 QHearts P2 JDiamonds 
P1 AHearts P2 KDiamonds P3 6Spades P0 JHearts 
P1 7Clubs P2 7Diamonds P3 JSpades P0 QClubs 
-- /GAME --
P0 HAND: JDiamonds, QDiamonds, AClubs, QClubs, 2Clubs, QHearts, 2Hearts, QSpades, 6Spades, 3Spades.
P1 HAND: KDiamonds, 4Diamonds, 3Diamonds, 2Diamonds, KClubs, 6Clubs, 5Clubs, KSpades, JSpades, 2Spades.
P2 HAND: ADiamonds, 7Diamonds, 5Diamonds, 7Clubs, 3Clubs, AHearts, 6Hearts, ASpades, 5Spades, 4Spades.
P3 HAND: 6Diamonds, JClubs, 4Clubs, 7Hearts, KHearts, JHearts, 5Hearts, 4Hearts, 3Hearts, 7Spades.
P1 2Diamonds P2 ADiamonds P3 6Diamonds P0 JDiamonds 
P2 AHearts P3 3Hearts P0 QHearts P1 5Clubs 
P1 2Spades P2 ASpades P3 7Spades P0 QSpades 
P2 4Spades P3 4Hearts P0 3Spades P1 KSpades 
P1 3Diamonds P2 5Diamonds P3 5Hearts P0 QDiamonds 
P0 6Spades P1 JSpades P2 5Spades P3 7Hearts 
P1 4Diamonds P2 7Diamonds P3 4Clubs P0 QClubs 
P0 2Hearts P1 6Clubs P2 6Hearts P3 KHearts 
P1 KClubs P2 3Clubs P3 JClubs P0 2Clubs 
P1 KDiamonds P2 7Clubs P3 JHearts P0 AClubs 
-- /GAME --
P0 HAND: QDiamonds, 2Diamonds, KClubs, 2Clubs, KHearts, 5Hearts, 3Hearts, ASpades, KSpades, 6Spades.
P1 HAND: ADiamonds, 3Diamonds, 6Clubs, 5Clubs, 3Clubs, AHearts, QHearts, 7Spades, 4Spades, 2Spades.
P2 HAND: KDiamonds, 5Diamonds, JClubs, QClubs, 7Hearts, JHearts, 6Hearts, JSpades, 5Spades, 3Spades.
P3 HAND: 7Diamonds, JDiamonds, 6Diamonds, 4Diamonds, AClubs, 7Clubs, 4Clubs, 4Hearts, 2Hearts, QSpades.

