-- GAME --
P0 HAND: 5Diamonds, AClubs, 7Clubs, QClubs, AHearts, 5Hearts, KSpades, QSpades, 5Spades, 4Spades.
P1 HAND: 4Diamonds, 2Diamonds, 6Clubs, KHearts, JHearts, 6Hearts, 4Hearts, ASpades, 7Spades, JSpades.
P2 HAND: KDiamonds, QDiamonds, KClubs, 3Clubs, 2Clubs, 7Hearts, 3Hearts, 6Spades, 3Spades, 2Spades.
P3 HAND: ADiamonds, 7Diamonds, JDiamonds, 6Diamonds, 3Diamonds, JClubs, 5Clubs, 4Clubs, QHearts, 2Hearts.
P3 3Diamonds P0 5Diamonds P1 2Diamonds P2 KDiamonds 
P2 2Clubs P3 4Clubs P0 AClubs P1 6Clubs 
P0 4Spades P1 ASpades P2 2Spades P3 ADiamonds 
P1 4Diamonds P2 QDiamonds P3 6Diamonds P0 7Clubs 
P2 3Clubs P3 5Clubs P0 QClubs P1 4Hearts 
P1 JSpades P2 3Spades P3 2Hearts P0 5Spades 
P3 JDiamonds P0 5Hearts P1 6Hearts P2 6Spades 
P1 JHearts P2 3Hearts P3 QHearts P0 AHearts 
P0 KSpades P1 7Spades P2 7Hearts P3 JClubs 
P2 KClubs P3 7Diamonds P0 QSpades P1 KHearts 
-- /GAME --
P0 HAND: 7Diamonds, QDiamonds, 4Diamonds, 6Clubs, 7Hearts, KHearts, 5Hearts, 2Hearts, ASpades, 2Spades.
P1 HAND: ADiamonds, JDiamonds, 6Diamonds, 5Diamonds, KClubs, JClubs, 4Clubs, QHearts, 4Hearts, JSpades.
P2 HAND: KDiamonds, 3Diamonds, 2Diamonds, 7Clubs, QClubs, 5Clubs, 2Clubs, 6Hearts, KSpades, QSpades.
P3 HAND: AClubs, 3Clubs, AHearts, JHearts, 3Hearts, 7Spades, 6Spades, 5Spades, 4Spades, 3Spades.
P2 2Clubs P3 AClubs P0 6Clubs P1 KClubs 
P3 AHearts P0 2Hearts P1 QHearts P2 6Hearts 
P3 3Clubs P0 ASpades P1 4Clubs P2 7Clubs 
P2 5Clubs P3 3Hearts P0 2Spades P1 JClubs 
P1 4Hearts P2 QClubs P3 JHearts P0 7Hearts 
P0 KHearts P1 5Diamonds P2 QSpades P3 7Spades 
P1 JSpades P2 KSpades P3 3Spades P0 7Diamonds 
P0 5Hearts P1 6Diamonds P2 2Diamonds P3 6Spades 
P1 JDiamonds P2 3Diamonds P3 4Spades P0 4Diamonds 
P1 ADiamonds P2 KDiamonds P3 5Spades P0 QDiamonds 
-- /GAME --
P0 HAND: QDiamonds, 6Diamonds, AClubs, 7Clubs, AHearts, KHearts, JHearts, 7Spades, KSpades, 6Spades.
P1 HAND: KDiamonds, JDiamonds, 4Diamonds, 3Diamonds, QClubs, 3Clubs, 2Clubs, 6Hearts, 5Spades, 2Spades.
P2 HAND: 5Diamonds, KClubs, 6Clubs, 4Clubs, QHearts, 5Hearts, 4Hearts, 3Hearts, 2Hearts, 4Spades.
P3 HAND: ADiamonds, 7Diamonds, 2Diamonds, JClubs, 5Clubs, 7Hearts, ASpades, JSpades, QSpades, 3Spades.
P1 2Clubs P2 4Clubs P3 5Clubs P0 AClubs 
P0 AHearts P1 6Hearts P2 QHearts P3 7Hearts 
P0 7Clubs P1 3Clubs P2 KClubs P3 JClubs 
P0 6Diamonds P1 3Diamonds P2 5Diamonds P3 ADiamonds 
P3 2Diamonds P0 QDiamonds P1 4Diamonds P2 6Clubs 
P0 JHearts P1 QClubs P2 2Hearts P3 3Spades 
P3 QSpades P0 6Spades P1 2Spades P2 4Spades 
P3 JSpades P0 KSpades P1 5Spades P2 5Hearts 
P0 KHearts P1 JDiamonds P2 3Hearts P3 ASpades 
P3 7Diamonds P0 7Spades P1 KDiamonds P2 4Hearts 
-- /GAME --
P0 HAND: ADiamonds, JDiamonds, AClubs, KClubs, 4Hearts, 3Hearts, ASpades, KSpades, 6Spades, 5Spades.
P1 HAND: KDiamonds, 5Diamonds, 4Diamonds, 3Diamonds, JClubs, QClubs, 6Clubs, 3Clubs, 5Hearts, JSpades.
P2 HAND: 7Diamonds, QDiamonds, 6Diamonds, 4Clubs, AHearts, JHearts, 6Hearts, QSpades, 4Spades, 3Spades.
P3 HAND: 2Diamonds, 7Clubs, 5Clubs, 2Clubs, 7Hearts, KHearts, QHearts, 2Hearts, 7Spades, 2Spades.
P0 ADiamonds P1 3Diamonds P2 7Diamonds P3 2Diamonds 
P0 AClubs P1 3Clubs P2 4Clubs P3 2Clubs 
P0 ASpades P1 JSpades P2 QSpades P3 2Spades 
P0 JDiamonds P1 4Diamonds P2 6Diamonds P3 5Clubs 
P0 KClubs P1 6Clubs P2 3Spades P3 7Clubs 
P3 2Hearts P0 3Hearts P1 5Hearts P2 6Hearts 
P2 4Spades P3 7Spades P0 KSpades P1 KDiamonds 
P3 QHearts P0 4Hearts P1 5Diamonds P2 JHearts 
P2 QDiamonds P3 KHearts P0 5Spades P1 JClubs 
P3 7Hearts P0 6Spades P1 QClubs P2 AHearts 
-- /GAME --
P0 HAND: 7Diamonds, 2Diamonds, KClubs, QClubs, 3Hearts, 2Hearts, ASpades, QSpades, 4Spades, 2Spades.
P1 HAND: KDiamonds, JDiamonds, AClubs, 7Clubs, 6Clubs, 4Clubs, 3Clubs, 6Hearts, 4Hearts, 7Spades.
P2 HAND: QDiamonds, 6Diamonds, 5Diamonds, 5Clubs, KHearts, QHearts, KSpades, JSpades, 6Spades, 5Spades.
P3 HAND: ADiamonds, 4Diamonds, 3Diamonds, JClubs, 2Clubs, AHearts, 7Hearts, JHearts, 5Hearts, 3Spades.
P3 ADiamonds P0 2Diamonds P1 KDiamonds P2 5Diamonds 
P3 AHearts P0 3Hearts P1 6Hearts P2 QHearts 
P3 2Clubs P0 KClubs P1 AClubs P2 5Clubs 
P1 3Clubs P2 6Diamonds P3 JClubs P0 QClubs 
P3 3Diamonds P0 7Diamonds P1 JDiamonds P2 QDiamonds 
P0 2Hearts P1 4Hearts P2 KHearts P3 7Hearts 
P3 4Diamonds P0 2Spades P1 4Clubs P2 5Spades 
P2 6Spades P3 3Spades P0 4Spades P1 7Spades 
P1 6Clubs P2 JSpades P3 5Hearts P0 QSpades 
P2 KSpades P3 JHearts P0 ASpades P1 7Clubs 
-- /GAME --
P0 HAND: QDiamonds, 2Diamonds, QClubs, 5Clubs, 4Clubs, KHearts, ASpades, JSpades, 6Spades, 5Spades.
P1 HAND: 5Diamonds, AClubs, JClubs, 3Clubs, 6Hearts, 4Hearts, 7Spades, KSpades, 4Spades, 2Spades.
P2 HAND: ADiamonds, 7Diamonds, 3Diamonds, KClubs, 2Clubs, 7Hearts, QHearts, 5Hearts, 3Hearts, QSpades.
P3 HAND: KDiamonds, JDiamonds, 6Diamonds, 4Diamonds, 7Clubs, 6Clubs, AHearts, JHearts, 2Hearts, 3Spades.
P2 ADiamonds P3 4Diamonds P0 2Diamonds P1 5Diamonds 
P2 2Clubs P3 6Clubs P0 4Clubs P1 AClubs 
P1 3Clubs P2 KClubs P3 7Clubs P0 5Clubs 
P3 AHearts P0 KHearts P1 6Hearts P2 3Hearts 
P3 2Hearts P0 5Spades P1 4Hearts P2 7Hearts 
P0 QClubs P1 JClubs P2 QSpades P3 6Diamonds 
P2 3Diamonds P3 JDiamonds P0 QDiamonds P1 2Spades 
P1 4Spades P2 5Hearts P3 3Spades P0 JSpades 
P0 6Spades P1 KSpades P2 QHearts P3 KDiamonds 
P1 7Spades P2 7Diamonds P3 JHearts P0 ASpades 
-- /GAME --
P0 HAND: JDiamonds, 5Diamonds, 3Diamonds, 3Clubs, 2Clubs, 7Hearts, KSpades, QSpades, 6Spades, 4Spades.
P1 HAND: QDiamonds, 7Clubs, KClubs, 6Clubs, 5Clubs, AHearts, KHearts, 5Hearts, 4Hearts, 3Hearts.
P2 HAND: ADiamonds, 7Diamonds, KDiamonds, AClubs, JClubs, QClubs, 4Clubs, JHearts, 7Spades, JSpades.
P3 HAND: 6Diamonds, 4Diamonds, 2Diamonds, QHearts, 6Hearts, 2Hearts, ASpades, 5Spades, 3Spades, 2Spades.
P3 ASpades P0 4Spades P1 AHearts P2 JSpades 
P3 2Diamonds 
