-- GAME --
P0 HAND: ADiamonds, 6Diamonds, 3Diamonds, 2Clubs, JHearts, 6Hearts, 3Hearts, 2Hearts, 7Spades, 5Spades.
P1 HAND: KDiamonds, QDiamonds, AHearts, 7Hearts, KHearts, QHearts, 5Hearts, 4Hearts, ASpades, 2Spades.
P2 HAND: 2Diamonds, AClubs, 7Clubs, KClubs, JClubs, 5Clubs, 4Clubs, 3Clubs, 6Spades, 4Spades.
P3 HAND: 7Diamonds, JDiamonds, 5Diamonds, 4Diamonds, QClubs, 6Clubs, KSpades, JSpades, QSpades, 3Spades.
P2 2Diamonds P3 4Diamonds P0 ADiamonds P1 QDiamonds 
P0 JHearts P1 4Hearts P2 3Clubs P3 5Diamonds 
P0 2Clubs P1 5Hearts P2 AClubs P3 6Clubs 
P2 4Clubs P3 QClubs P0 5Spades P1 QHearts 
P0 6Diamonds P1 KDiamonds P2 5Clubs P3 7Diamonds 
P3 JDiamonds P0 3Diamonds P1 2Spades P2 4Spades 
P2 JClubs P3 3Spades P0 7Spades P1 ASpades 
P1 KHearts P2 6Spades P3 QSpades P0 6Hearts 
P3 JSpades P0 3Hearts P1 7Hearts P2 KClubs 
P3 KSpades P0 2Hearts P1 AHearts P2 7Clubs 
-- /GAME --
P0 HAND: 4Diamonds, 3Diamonds, AClubs, 7Clubs, ASpades, 7Spades, JSpades, 6Spades, 4Spades, 2Spades.
P1 HAND: QDiamonds, 6Diamonds, 5Diamonds, 6Clubs, 5Clubs, 4Clubs, 7Hearts, KSpades, 5Spades, 3Spades.
P2 HAND: ADiamonds, JDiamonds, 2Diamonds, QClubs, 3Clubs, KHearts, JHearts, 6Hearts, 5Hearts, 2Hearts.
P3 HAND: 7Diamonds, KDiamonds, KClubs, JClubs, 2Clubs, AHearts, QHearts, 4Hearts, 3Hearts, QSpades.
P1 4Clubs P2 3Clubs P3 2Clubs P0 AClubs 
P0 3Diamonds P1 5Diamonds P2 ADiamonds P3 KDiamonds 
P2 2Diamonds P3 7Diamonds P0 4Diamonds P1 QDiamonds 
P3 AHearts P0 2Spades P1 7Hearts P2 KHearts 
P0 7Spades P1 3Spades P2 2Hearts P3 QSpades 
P0 ASpades P1 5Spades P2 JDiamonds P3 3Hearts 
P0 4Spades P1 KSpades P2 5Hearts P3 KClubs 
P1 5Clubs P2 QClubs P3 JClubs P0 7Clubs 
P0 JSpades P1 6Diamonds P2 6Hearts P3 4Hearts 
P0 6Spades P1 6Clubs P2 JHearts P3 QHearts 
-- /GAME --
P0 HAND: KDiamonds, JDiamonds, 5Clubs, 3Clubs, KHearts, 6Hearts, 2Hearts, 7Spades, JSpades, 3Spades.
P1 HAND: 7Diamonds, 5Diamonds, 2Diamonds, 7Clubs, KClubs, 7Hearts, QHearts, 4Hearts, ASpades, KSpades.
P2 HAND: QDiamonds, 3Diamonds, 2Clubs, AHearts, JHearts, 5Hearts, 3Hearts, QSpades, 6Spades, 5Spades.
P3 HAND: ADiamonds, 6Diamonds, 4Diamonds, AClubs, JClubs, QClubs, 6Clubs, 4Clubs, 4Spades, 2Spades.
P0 3Clubs P1 KClubs P2 2Clubs P3 AClubs 
P3 ADiamonds P0 JDiamonds P1 7Diamonds P2 3Diamonds 
P3 4Diamonds P0 KDiamonds P1 2Diamonds P2 QDiamonds 
P0 5Clubs P1 7Clubs P2 5Spades P3 4Clubs 
P2 AHearts P3 2Spades P0 2Hearts P1 7Hearts 
P3 6Diamonds P0 6Hearts P1 5Diamonds P2 3Hearts 
P3 6Clubs P0 JSpades P1 4Hearts P2 JHearts 
P0 3Spades P1 KSpades P2 6Spades P3 4Spades 
P1 QHearts P2 5Hearts P3 QClubs P0 KHearts 
P0 7Spades P1 ASpades P2 QSpades P3 JClubs 
-- /GAME --
P0 HAND: QDiamonds, 6Diamonds, 3Diamonds, 7Clubs, JClubs, 6Clubs, 3Clubs, 5Hearts, 4Spades, 2Spades.
P1 HAND: ADiamonds, 4Diamonds, 2Diamonds, 5Clubs, 4Clubs, 2Clubs, QHearts, 3Hearts, QSpades, 6Spades.
P2 HAND: 7Diamonds, KDiamonds, AClubs, 7Hearts, KHearts, JHearts, 6Hearts, 4Hearts, JSpades, 5Spades.
P3 HAND: JDiamonds, 5Diamonds, KClubs, QClubs, AHearts, 2Hearts, ASpades, 7Spades, KSpades, 3Spades.
P3 AHearts P0 5Hearts P1 QHearts P2 4Hearts 
P3 ASpades P0 2Spades P1 QSpades P2 5Spades 
P3 2Hearts P0 QDiamonds P1 3Hearts P2 7Hearts 
P0 4Spades P1 6Spades P2 JSpades P3 7Spades 
P3 3Spades P0 6Diamonds P1 2Clubs P2 AClubs 
P0 7Clubs P1 4Clubs P2 KHearts P3 QClubs 
P0 JClubs P1 5Clubs P2 6Hearts P3 KClubs 
P3 5Diamonds P0 3Diamonds P1 2Diamonds P2 KDiamonds 
P2 JHearts P3 JDiamonds P0 3Clubs P1 4Diamonds 
P3 KSpades P0 6Clubs P1 ADiamonds P2 7Diamonds 
-- /GAME --
P0 HAND: JDiamonds, 3Diamonds, AClubs, JClubs, 5Clubs, 4Clubs, 7Hearts, 6Hearts, JSpades, 4Spades.
P1 HAND: ADiamonds, 7Diamonds, 5Diamonds, KClubs, 6Clubs, KHearts, 3Hearts, 7Spades, 6Spades, 2Spades.
P2 HAND: KDiamonds, 4Diamonds, 2Diamonds, QClubs, 2Clubs, AHearts, QHearts, KSpades, QSpades, 5Spades.
P3 HAND: QDiamonds, 6Diamonds, 7Clubs, 3Clubs, JHearts, 5Hearts, 4Hearts, 2Hearts, ASpades, 3Spades.
P2 2Diamonds P3 6Diamonds P0 3Diamonds P1 ADiamonds 
P1 2Spades P2 5Spades P3 ASpades P0 4Spades 
P3 3Clubs P0 AClubs P1 6Clubs P2 QClubs 
P0 JSpades P1 6Spades P2 QSpades P3 3Spades 
P0 JDiamonds P1 5Diamonds P2 4Diamonds P3 QDiamonds 
P0 5Clubs P1 KClubs P2 2Clubs P3 7Clubs 
P3 2Hearts P0 7Hearts P1 3Hearts P2 QHearts 
P0 4Clubs P1 KHearts P2 AHearts P3 4Hearts 
P2 KDiamonds P3 5Hearts P0 6Hearts P1 7Diamonds 
P0 JClubs P1 7Spades P2 KSpades P3 JHearts 
-- /GAME --
P0 HAND: 4Diamonds, 3Diamonds, 2Diamonds, 6Clubs, AHearts, 2Hearts, KSpades, JSpades, QSpades, 4Spades.
P1 HAND: 7Diamonds, JDiamonds, JClubs, 4Clubs, 5Hearts, 4Hearts, ASpades, 7Spades, 6Spades, 5Spades.
P2 HAND: QDiamonds, AClubs, KClubs, 2Clubs, 7Hearts, KHearts, JHearts, 6Hearts, 3Spades, 2Spades.
P3 HAND: ADiamonds, KDiamonds, 6Diamonds, 5Diamonds, 7Clubs, QClubs, 5Clubs, 3Clubs, QHearts, 3Hearts.
P1 ASpades P2 2Spades P3 7Clubs P0 4Spades 
P1 4Clubs P2 AClubs P3 3Clubs P0 6Clubs 
P2 2Clubs P3 5Clubs P0 2Hearts P1 JClubs 
P1 4Hearts P2 6Hearts P3 3Hearts P0 AHearts 
P0 QSpades P1 5Spades P2 3Spades P3 QClubs 
P0 JSpades P1 6Spades P2 QDiamonds P3 KDiamonds 
P3 QHearts P0 4Diamonds P1 5Hearts P2 7Hearts 
P0 2Diamonds P1 JDiamonds P2 JHearts P3 5Diamonds 
P1 7Diamonds P2 KClubs P3 6Diamonds P0 3Diamonds 
P1 7Spades P2 KHearts P3 ADiamonds P0 KSpades 
-- /GAME --
P0 HAND: 6Diamonds, 5Diamonds, 7Clubs, JClubs, JHearts, 5Hearts, 2Hearts, KSpades, 6Spades, 2Spades.
P1 HAND: 7Diamonds, QDiamonds, 2Diamonds, AClubs, QClubs, 4Clubs, 3Clubs, AHearts, JSpades, QSpades.
P2 HAND: KDiamonds, 4Diamonds, 3Diamonds, 2Clubs, KHearts, QHearts, 6Hearts, 3Hearts, ASpades, 4Spades.
P3 HAND: ADiamonds, JDiamonds, KClubs, 6Clubs, 5Clubs, 7Hearts, 4Hearts, 7Spades, 5Spades, 3Spades.

