-- GAME --
P0 HAND: 3Diamonds, QClubs, 6Clubs, AHearts, 7Hearts, JHearts, 4Hearts, 7Spades, JSpades, 4Spades.
P1 HAND: ADiamonds, 7Diamonds, JDiamonds, 5Diamonds, 4Diamonds, 2Diamonds, 2Clubs, ASpades, 6Spades, 5Spades.
P2 HAND: KDiamonds, QDiamonds, 6Diamonds, AClubs, 7Clubs, 5Clubs, QHearts, 6Hearts, KSpades, 2Spades.
P3 HAND: KClubs, JClubs, 4Clubs, 3Clubs, KHearts, 5Hearts, 3Hearts, 2Hearts, QSpades, 3Spades.
P2 AClubs P3 3Clubs P0 QClubs P1 2Clubs 
P2 5Clubs P3 4Clubs P0 6Clubs P1 2Diamonds 
P0 JSpades P1 5Spades P2 2Spades P3 3Spades 
P0 4Spades P1 6Spades P2 KSpades P3 QSpades 
P2 6Diamonds P3 2Hearts P0 3Diamonds P1 ADiamonds 
P1 4Diamonds P2 QDiamonds P3 3Hearts P0 AHearts 
P2 6Hearts P3 5Hearts P0 7Hearts P1 ASpades 
P1 5Diamonds P2 KDiamonds P3 JClubs P0 JHearts 
P2 QHearts P3 KHearts P0 4Hearts P1 7Diamonds 
P3 KClubs P0 7Spades P1 JDiamonds P2 7Clubs 
-- /GAME --
P0 HAND: 3Diamonds, QClubs, 6Clubs, AHearts, 7Hearts, QHearts, 4Hearts, 7Spades, JSpades, QSpades.
P1 HAND: ADiamonds, KDiamonds, AClubs, 7Clubs, JHearts, 5Hearts, ASpades, KSpades, 3Spades, 2Spades.
P2 HAND: 7Diamonds, JDiamonds, QDiamonds, 5Diamonds, 4Diamonds, 2Diamonds, 5Clubs, 3Clubs, 6Hearts, 2Hearts.
P3 HAND: 6Diamonds, KClubs, JClubs, 4Clubs, 2Clubs, KHearts, 3Hearts, 6Spades, 5Spades, 4Spades.
P1 AClubs P2 3Clubs P3 KClubs P0 6Clubs 
P1 ASpades P2 2Diamonds P3 4Spades P0 7Spades 
P2 2Hearts P3 3Hearts P0 AHearts P1 5Hearts 
P0 3Diamonds P1 KDiamonds P2 4Diamonds P3 6Diamonds 
P1 2Spades P2 5Clubs P3 5Spades P0 JSpades 
P0 QSpades P1 3Spades P2 6Hearts P3 6Spades 
P0 QClubs P1 7Clubs P2 5Diamonds P3 2Clubs 
P2 QDiamonds P3 4Clubs P0 QHearts P1 ADiamonds 
P1 JHearts P2 JDiamonds P3 KHearts P0 7Hearts 
P2 7Diamonds P3 JClubs P0 4Hearts P1 KSpades 
-- /GAME --
P0 HAND: 5Diamonds, 4Diamonds, 2Diamonds, 7Clubs, JClubs, 6Clubs, AHearts, KHearts, 6Hearts, 2Spades.
P1 HAND: ADiamonds, QDiamonds, 6Diamonds, KClubs, 5Clubs, 3Clubs, 2Clubs, 2Hearts, JSpades, QSpades.
P2 HAND: 7Diamonds, KDiamonds, QClubs, 7Hearts, QHearts, 4Hearts, 7Spades, KSpades, 6Spades, 4Spades.
P3 HAND: JDiamonds, 3Diamonds, AClubs, 4Clubs, JHearts, 5Hearts, 3Hearts, ASpades, 5Spades, 3Spades.
P0 2Spades P1 QSpades P2 4Spades P3 ASpades 
P3 3Diamonds P0 4Diamonds P1 ADiamonds P2 KDiamonds 
P1 2Hearts P2 4Hearts P3 3Hearts P0 KHearts 
P0 JClubs P1 2Clubs P2 QClubs P3 AClubs 
P3 3Spades P0 2Diamonds P1 JSpades P2 7Spades 
P2 6Spades P3 5Spades P0 5Diamonds P1 6Diamonds 
P2 QHearts P3 5Hearts P0 AHearts P1 3Clubs 
P1 QDiamonds P2 7Diamonds P3 JDiamonds P0 6Hearts 
P2 KSpades P3 4Clubs P0 6Clubs P1 5Clubs 
P0 7Clubs P1 KClubs P2 7Hearts P3 JHearts 
-- /GAME --
P0 HAND: ADiamonds, JDiamonds, 5Diamonds, JClubs, 5Clubs, 7Hearts, 7Spades, KSpades, QSpades, 3Spades.
P1 HAND: 7Diamonds, KDiamonds, QDiamonds, 7Clubs, KClubs, 4Clubs, QHearts, 5Hearts, JSpades, 4Spades.
P2 HAND: 4Diamonds, 3Diamonds, QClubs, AHearts, KHearts, JHearts, 6Hearts, 4Hearts, 3Hearts, ASpades.
P3 HAND: 6Diamonds, 2Diamonds, AClubs, 6Clubs, 3Clubs, 2Clubs, 2Hearts, 6Spades, 5Spades, 2Spades.
P3 AClubs P0 5Clubs P1 7Clubs P2 QClubs 
P3 2Diamonds P0 ADiamonds P1 QDiamonds P2 4Diamonds 
P0 JDiamonds P1 KDiamonds P2 3Diamonds P3 6Diamonds 
P1 4Clubs P2 3Hearts P3 2Clubs P0 JClubs 
P2 ASpades P3 2Spades P0 7Spades P1 4Spades 
P2 4Hearts P3 2Hearts P0 7Hearts P1 5Hearts 
P0 KSpades P1 JSpades P2 6Hearts P3 5Spades 
P2 JHearts P3 3Clubs P0 5Diamonds P1 QHearts 
P2 KHearts P3 6Clubs P0 3Spades P1 KClubs 
P2 AHearts P3 6Spades P0 QSpades P1 7Diamonds 
-- /GAME --

