-- GAME --
P0 HAND: 7Diamonds, 5Diamonds, 4Diamonds, 7Clubs, 3Clubs, 6Hearts, 4Hearts, 3Hearts, 2Hearts, KSpades.
P1 HAND: JDiamonds, 6Diamonds, 2Diamonds, AClubs, 5Clubs, 4Clubs, ASpades, QSpades, 6Spades, 2Spades.
P2 HAND: ADiamonds, QDiamonds, KClubs, 6Clubs, 2Clubs, AHearts, KHearts, QHearts, 7Spades, 5Spades.
P3 HAND: KDiamonds, 3Diamonds, JClubs, QClubs, 7Hearts, JHearts, 5Hearts, JSpades, 4Spades, 3Spades.
P3 3Diamonds P0 4Diamonds P1 2Diamonds P2 ADiamonds 
P2 AHearts P3 5Hearts P0 2Hearts P1 4Clubs 
P1 ASpades P2 5Spades P3 JSpades P0 KSpades 
P1 2Spades P2 7Spades P3 3Spades P0 7Diamonds 
P2 QDiamonds P3 KDiamonds P0 5Diamonds P1 JDiamonds 
P3 4Spades P0 3Hearts P1 6Spades P2 QHearts 
P1 6Diamonds P2 2Clubs P3 QClubs P0 7Clubs 
P0 6Hearts P1 QSpades P2 KHearts P3 7Hearts 
P3 JHearts P0 4Hearts P1 5Clubs P2 6Clubs 
P2 KClubs P3 JClubs P0 3Clubs P1 AClubs 
-- /GAME --
P0 HAND: KDiamonds, QDiamonds, 5Diamonds, KClubs, 5Clubs, AHearts, 7Spades, KSpades, QSpades, 6Spades.
P1 HAND: 3Diamonds, 2Diamonds, AClubs, JClubs, 3Clubs, 2Clubs, 6Hearts, 4Hearts, JSpades, 4Spades.
P2 HAND: 6Diamonds, 4Diamonds, QClubs, 6Clubs, 4Clubs, JHearts, QHearts, 5Hearts, 3Hearts, ASpades.
P3 HAND: ADiamonds, 7Diamonds, JDiamonds, 7Clubs, 7Hearts, KHearts, 2Hearts, 5Spades, 3Spades, 2Spades.
P2 ASpades P3 2Spades P0 7Spades P1 4Spades 
P2 4Diamonds P3 ADiamonds P0 5Diamonds P1 3Diamonds 
P3 3Spades P0 KSpades P1 JSpades P2 QClubs 
P0 QSpades P1 2Diamonds P2 6Diamonds P3 5Spades 
P0 6Spades P1 2Clubs P2 4Clubs P3 2Hearts 
P3 JDiamonds P0 QDiamonds P1 4Hearts P2 5Hearts 
P2 6Clubs P3 7Clubs P0 5Clubs P1 AClubs 
P1 3Clubs P2 3Hearts P3 KHearts P0 KClubs 
P3 7Hearts P0 AHearts P1 6Hearts P2 QHearts 
P0 KDiamonds P1 JClubs P2 JHearts P3 7Diamonds 
-- /GAME --
P0 HAND: QDiamonds, 2Diamonds, AClubs, KClubs, QClubs, 2Clubs, AHearts, 5Hearts, 3Hearts, KSpades.
P1 HAND: JDiamonds, 7Clubs, JClubs, 6Clubs, 3Clubs, KHearts, JHearts, 7Spades, QSpades, 3Spades.
P2 HAND: 7Diamonds, KDiamonds, 4Clubs, 7Hearts, ASpades, JSpades, 6Spades, 5Spades, 4Spades, 2Spades.
P3 HAND: ADiamonds, 6Diamonds, 5Diamonds, 4Diamonds, 3Diamonds, 5Clubs, QHearts, 6Hearts, 4Hearts, 2Hearts.
P1 3Spades P2 2Spades P3 2Hearts P0 KSpades 
P0 AHearts P1 JHearts P2 7Hearts P3 4Hearts 
P0 2Diamonds P1 JDiamonds P2 KDiamonds P3 ADiamonds 
P3 3Diamonds P0 QDiamonds P1 QSpades P2 7Diamonds 
P2 4Spades P3 4Diamonds P0 2Clubs P1 7Spades 
P0 5Hearts P1 KHearts P2 5Spades P3 QHearts 
P1 3Clubs P2 4Clubs P3 5Clubs P0 QClubs 
P0 3Hearts P1 6Clubs P2 6Spades P3 6Hearts 
P1 JClubs P2 JSpades P3 5Diamonds P0 KClubs 
P0 AClubs P1 7Clubs P2 ASpades P3 6Diamonds 
-- /GAME --
P0 HAND: KDiamonds, QDiamonds, 6Diamonds, 2Diamonds, JClubs, 5Clubs, JSpades, QSpades, 6Spades, 3Spades.
P1 HAND: 7Diamonds, 4Diamonds, 4Clubs, 3Clubs, AHearts, 7Hearts, KHearts, QHearts, 3Hearts, 4Spades.
P2 HAND: JDiamonds, 5Diamonds, 3Diamonds, 7Clubs, KClubs, JHearts, 5Hearts, 4Hearts, KSpades, 2Spades.
P3 HAND: ADiamonds, AClubs, QClubs, 6Clubs, 2Clubs, 6Hearts, 2Hearts, ASpades, 7Spades, 5Spades.
P0 3Spades P1 4Spades P2 2Spades P3 ASpades 
P3 ADiamonds P0 2Diamonds P1 7Diamonds P2 3Diamonds 
P3 2Hearts P0 6Spades P1 AHearts P2 4Hearts 
P1 3Hearts P2 5Hearts P3 6Hearts P0 6Diamonds 
P3 5Spades P0 JSpades P1 4Diamonds P2 KSpades 
P2 5Diamonds P3 2Clubs P0 QDiamonds P1 7Hearts 
P3 6Clubs P0 JClubs P1 3Clubs P2 KClubs 
P2 JDiamonds P3 QClubs P0 KDiamonds P1 KHearts 
P3 AClubs P0 5Clubs P1 4Clubs P2 7Clubs 
P3 7Spades P0 QSpades P1 QHearts P2 JHearts 
-- /GAME --
P0 HAND: 6Diamonds, 4Diamonds, 2Diamonds, AClubs, 7Clubs, 5Clubs, 7Hearts, 4Hearts, KSpades, 5Spades.
P1 HAND: JClubs, 4Clubs, 3Clubs, KHearts, JHearts, 3Hearts, JSpades, 6Spades, 4Spades, 3Spades.
P2 HAND: ADiamonds, 7Diamonds, 3Diamonds, 2Clubs, AHearts, 2Hearts, ASpades, 7Spades, QSpades, 2Spades.
P3 HAND: KDiamonds, JDiamonds, QDiamonds, 5Diamonds, KClubs, QClubs, 6Clubs, QHearts, 6Hearts, 5Hearts.

