-- GAME --
P0 HAND: ADiamonds, 6Diamonds, 5Diamonds, 4Diamonds, 4Clubs, AHearts, QHearts, KSpades, 6Spades, 3Spades.
P1 HAND: JDiamonds, QDiamonds, 6Hearts, 4Hearts, 3Hearts, 2Hearts, ASpades, JSpades, 4Spades, 2Spades.
P2 HAND: 7Diamonds, 2Diamonds, 7Clubs, KClubs, 6Clubs, 2Clubs, JHearts, 7Spades, QSpades, 5Spades.
P3 HAND: KDiamonds, 3Diamonds, AClubs, JClubs, QClubs, 5Clubs, 3Clubs, 7Hearts, KHearts, 5Hearts.
P1 ASpades P2 5Spades P3 AClubs P0 3Spades 
P1 2Hearts P2 JHearts P3 5Hearts P0 QHearts 
P2 2Clubs P3 3Clubs P0 4Clubs P1 2Spades 
P0 4Diamonds P1 QDiamonds P2 2Diamonds P3 3Diamonds 
P1 3Hearts P2 6Clubs P3 KHearts P0 AHearts 
P0 5Diamonds P1 JDiamonds P2 7Diamonds P3 KDiamonds 
P2 QSpades P3 5Clubs P0 6Spades P1 JSpades 
P1 4Hearts P2 KClubs P3 7Hearts P0 6Diamonds 
P0 KSpades P1 4Spades P2 7Spades P3 QClubs 
P2 7Clubs P3 JClubs P0 ADiamonds P1 6Hearts 
-- /GAME --
P0 HAND: ADiamonds, KDiamonds, 2Diamonds, QClubs, 6Clubs, 4Clubs, JHearts, 6Spades, 5Spades, 2Spades.
P1 HAND: 7Diamonds, QDiamonds, 6Diamonds, 4Diamonds, 3Diamonds, KClubs, 7Hearts, QHearts, 6Hearts, 3Hearts.
P2 HAND: AClubs, JClubs, AHearts, KHearts, 4Hearts, 2Hearts, ASpades, KSpades, JSpades, 4Spades.
P3 HAND: JDiamonds, 5Diamonds, 7Clubs, 5Clubs, 3Clubs, 2Clubs, 5Hearts, 7Spades, QSpades, 3Spades.
P0 4Clubs P1 KClubs P2 JClubs P3 2Clubs 
P1 3Diamonds P2 2Hearts P3 5Diamonds P0 KDiamonds 
P0 ADiamonds P1 4Diamonds P2 AHearts P3 JDiamonds 
P0 2Diamonds P1 6Diamonds P2 4Hearts P3 7Spades 
P1 3Hearts P2 KHearts P3 5Hearts P0 JHearts 
P2 4Spades P3 3Spades P0 5Spades P1 6Hearts 
P0 2Spades P1 QDiamonds P2 ASpades P3 QSpades 
P2 JSpades P3 3Clubs P0 6Spades P1 7Diamonds 
P3 5Clubs P0 QClubs P1 QHearts P2 AClubs 
P2 KSpades P3 7Clubs P0 6Clubs P1 7Hearts 
-- /GAME --

