-- GAME --
P3 AHearts P0 2Hearts P1 QHearts P2 3Hearts 
P3 2Spades P0 4Hearts P1 ASpades P2 5Spades 
P1 ADiamonds P2 QDiamonds P3 JDiamonds P0 2Diamonds 
P1 6Diamonds P2 KDiamonds P3 3Spades P0 3Diamonds 
P2 6Hearts P3 JHearts P0 KHearts P1 3Clubs 
P1 QSpades P2 6Spades P3 4Spades P0 5Hearts 
P1 JSpades P2 6Clubs P3 7Spades P0 4Diamonds 
P2 JClubs P3 2Clubs P0 7Clubs P1 4Clubs 
P0 5Diamonds P1 7Diamonds P2 KClubs P3 AClubs 
P3 5Clubs P0 QClubs P1 KSpades P2 7Hearts 
-- /GAME --
P0 HAND: ADiamonds, KDiamonds, 6Diamonds, JClubs, JHearts, 4Hearts, 3Hearts, ASpades, 7Spades, JSpades.
P1 HAND: JDiamonds, 5Diamonds, 3Diamonds, 2Diamonds, AClubs, KClubs, AHearts, QHearts, 4Spades, 3Spades.
P2 HAND: 7Diamonds, QDiamonds, QClubs, 3Clubs, 2Clubs, 6Hearts, QSpades, 6Spades, 5Spades, 2Spades.
P3 HAND: 4Diamonds, 7Clubs, 6Clubs, 5Clubs, 4Clubs, 7Hearts, KHearts, 5Hearts, 2Hearts, KSpades.
P2 2Clubs P3 4Clubs P0 JClubs P1 AClubs 
P1 2Diamonds P2 QDiamonds P3 4Diamonds P0 KDiamonds 
P0 3Hearts P1 QHearts P2 6Hearts P3 2Hearts 
P1 3Diamonds P2 7Diamonds P3 5Hearts P0 6Diamonds 
P3 5Clubs P0 ADiamonds P1 KClubs P2 3Clubs 
P1 3Spades P2 2Spades P3 KSpades P0 ASpades 
P0 4Hearts P1 AHearts P2 5Spades P3 KHearts 
P1 4Spades P2 6Spades P3 6Clubs P0 7Spades 
P0 JSpades P1 5Diamonds P2 QSpades P3 7Hearts 
P3 7Clubs P0 JHearts P1 JDiamonds P2 QClubs 
-- /GAME --
P0 HAND: QDiamonds, 2Diamonds, AClubs, 6Hearts, 3Hearts, ASpades, KSpades, JSpades, 5Spades, 3Spades.
P1 HAND: JDiamonds, 6Diamonds, 4Diamonds, 5Clubs, 2Clubs, KHearts, 2Hearts, 7Spades, QSpades, 2Spades.
P2 HAND: KDiamonds, 3Diamonds, KClubs, JClubs, QClubs, 4Clubs, 3Clubs, 5Hearts, 4Hearts, 4Spades.
P3 HAND: ADiamonds, 7Diamonds, 5Diamonds, 7Clubs, 6Clubs, AHearts, 7Hearts, JHearts, QHearts, 6Spades.
P1 2Clubs P2 3Clubs P3 6Clubs P0 AClubs 
P0 3Hearts P1 2Hearts P2 4Hearts P3 AHearts 
P3 ADiamonds P0 2Diamonds P1 JDiamonds P2 3Diamonds 
P3 5Diamonds P0 QDiamonds P1 4Diamonds P2 KDiamonds 
P2 4Clubs P3 7Clubs P0 3Spades P1 5Clubs 
P0 5Spades P1 2Spades P2 4Spades P3 6Spades 
P3 QHearts P0 6Hearts P1 KHearts P2 5Hearts 
P1 6Diamonds P2 QClubs P3 7Diamonds P0 JSpades 
P0 ASpades P1 QSpades P2 KClubs P3 JHearts 
P0 KSpades P1 7Spades P2 JClubs P3 7Hearts 
-- /GAME --
P0 HAND: ADiamonds, JDiamonds, 6Diamonds, 4Diamonds, 3Diamonds, JClubs, 5Clubs, 4Hearts, JSpades, 4Spades.
P1 HAND: 5Diamonds, 7Clubs, QClubs, 6Clubs, AHearts, JHearts, 7Spades, KSpades, QSpades, 2Spades.
P2 HAND: 7Diamonds, KDiamonds, KClubs, 7Hearts, KHearts, 6Hearts, 5Hearts, 2Hearts, 6Spades, 3Spades.
P3 HAND: QDiamonds, 2Diamonds, AClubs, 4Clubs, 3Clubs, 2Clubs, QHearts, 3Hearts, ASpades, 5Spades.
P0 4Hearts P1 AHearts P2 2Hearts P3 QHearts 
P1 2Spades P2 3Spades P3 ASpades P0 4Spades 
P3 2Diamonds P0 ADiamonds P1 5Diamonds P2 7Diamonds 
P0 JSpades P1 QSpades P2 6Spades P3 5Spades 
P0 3Diamonds P1 6Clubs P2 KDiamonds P3 QDiamonds 
P1 JHearts P2 5Hearts P3 3Hearts P0 4Diamonds 
P1 QClubs P2 KClubs P3 AClubs P0 5Clubs 
P3 2Clubs P0 JClubs P1 7Clubs P2 6Hearts 
P1 KSpades P2 KHearts P3 3Clubs P0 6Diamonds 
P3 4Clubs P0 JDiamonds P1 7Spades P2 7Hearts 

