-- GAME --
P0 HAND: 7Diamonds, KClubs, JClubs, 5Clubs, QHearts, 5Hearts, QSpades, 6Spades, 4Spades, 2Spades.
P1 HAND: QDiamonds, 6Diamonds, 2Diamonds, QClubs, 4Clubs, 2Clubs, 6Hearts, 3Hearts, ASpades, 3Spades.
P2 HAND: ADiamonds, JDiamonds, 3Diamonds, 7Clubs, 3Clubs, 7Hearts, JHearts, KSpades, JSpades, 5Spades.
P3 HAND: KDiamonds, 5Diamonds, 4Diamonds, AClubs, 6Clubs, AHearts, KHearts, 4Hearts, 2Hearts, 7Spades.
P3 AClubs P0 5Clubs P1 QClubs P2 3Clubs 
P3 AHearts P0 5Hearts P1 6Hearts P2 JHearts 
P3 2Hearts P0 QHearts P1 3Hearts P2 7Hearts 
P2 ADiamonds P3 4Diamonds P0 7Diamonds P1 2Diamonds 
P2 3Diamonds P3 5Diamonds P0 2Spades P1 6Diamonds 
P0 4Spades P1 3Spades P2 5Spades P3 7Spades 
P3 4Hearts P0 6Spades P1 2Clubs P2 7Clubs 
P0 JClubs P1 4Clubs P2 JSpades P3 6Clubs 
P2 JDiamonds P3 KDiamonds P0 QSpades P1 QDiamonds 
P0 KClubs P1 ASpades P2 KSpades P3 KHearts 
-- /GAME --
P0 HAND: QDiamonds, 3Diamonds, 4Clubs, 3Clubs, 7Hearts, 5Hearts, 4Hearts, 7Spades, 6Spades, 3Spades.
P1 HAND: ADiamonds, JDiamonds, 6Diamonds, 4Diamonds, 7Clubs, KClubs, 5Clubs, 3Hearts, KSpades, 5Spades.
P2 HAND: 5Diamonds, JClubs, 6Clubs, 2Clubs, AHearts, QHearts, 6Hearts, JSpades, 4Spades, 2Spades.
P3 HAND: 7Diamonds, KDiamonds, 2Diamonds, AClubs, QClubs, KHearts, JHearts, 2Hearts, ASpades, QSpades.
P2 AHearts P3 2Hearts P0 4Hearts P1 3Hearts 
P2 2Clubs P3 AClubs P0 3Clubs P1 7Clubs 
P3 ASpades P0 3Spades P1 KSpades P2 2Spades 
P3 QClubs P0 4Clubs P1 KClubs P2 6Clubs 
P1 5Clubs P2 JClubs P3 QSpades P0 7Hearts 
P2 4Spades P3 2Diamonds P0 6Spades P1 5Spades 
P3 JHearts P0 5Hearts P1 4Diamonds P2 6Hearts 
P1 6Diamonds P2 5Diamonds P3 KDiamonds P0 3Diamonds 
P3 7Diamonds P0 QDiamonds P1 JDiamonds P2 QHearts 
P3 KHearts P0 7Spades P1 ADiamonds P2 JSpades 
-- /GAME --
P0 HAND: JDiamonds, 5Diamonds, KClubs, QClubs, 3Clubs, JHearts, 6Hearts, 7Spades, JSpades, 4Spades.
P1 HAND: 6Diamonds, 3Diamonds, 6Clubs, 4Clubs, AHearts, KHearts, 5Hearts, ASpades, KSpades, 3Spades.
P2 HAND: ADiamonds, 4Diamonds, 2Diamonds, 7Clubs, 5Clubs, 7Hearts, 4Hearts, QSpades, 6Spades, 2Spades.
P3 HAND: 7Diamonds, KDiamonds, QDiamonds, AClubs, JClubs, 2Clubs, QHearts, 3Hearts, 2Hearts, 5Spades.
P1 AHearts P2 4Hearts P3 QHearts P0 6Hearts 
P1 ASpades P2 2Spades P3 5Spades P0 4Spades 
P1 3Spades P2 6Spades P3 2Clubs P0 7Spades 
P0 3Clubs P1 4Clubs P2 5Clubs P3 AClubs 
P3 2Hearts P0 JHearts P1 5Hearts P2 7Hearts 
P2 QSpades P3 3Hearts P0 JSpades P1 KSpades 
P1 6Clubs P2 7Clubs P3 JClubs P0 KClubs 
P2 2Diamonds P3 QDiamonds P0 JDiamonds P1 3Diamonds 
P0 5Diamonds P1 6Diamonds P2 4Diamonds P3 KDiamonds 
P3 7Diamonds P0 QClubs P1 KHearts P2 ADiamonds 
-- /GAME --
P0 HAND: ADiamonds, AClubs, 6Clubs, 2Clubs, AHearts, KHearts, JHearts, 7Spades, JSpades, 5Spades.
P1 HAND: JDiamonds, QDiamonds, 6Diamonds, 5Diamonds, 2Diamonds, KClubs, JClubs, 5Hearts, 2Hearts, 4Spades.
P2 HAND: KDiamonds, 4Diamonds, 3Diamonds, 7Clubs, QClubs, 5Clubs, 3Clubs, QSpades, 6Spades, 3Spades.
P3 HAND: 7Diamonds, 4Clubs, 7Hearts, QHearts, 6Hearts, 4Hearts, 3Hearts, ASpades, KSpades, 2Spades.
P0 ADiamonds P1 2Diamonds P2 KDiamonds P3 7Diamonds 
P0 AClubs P1 JClubs P2 7Clubs P3 4Clubs 
P0 2Clubs P1 KClubs P2 3Clubs P3 ASpades 
P1 4Spades P2 3Spades P3 2Spades P0 7Spades 
P0 6Clubs P1 5Diamonds P2 5Clubs P3 3Hearts 
P3 4Hearts P0 JHearts P1 2Hearts P2 QClubs 
P0 5Spades P1 6Diamonds P2 6Spades P3 KSpades 
P3 6Hearts P0 AHearts P1 5Hearts P2 QSpades 
P0 JSpades P1 QDiamonds P2 3Diamonds P3 QHearts 
P3 7Hearts P0 KHearts P1 JDiamonds P2 4Diamonds 
-- /GAME --
P0 HAND: KDiamonds, 4Diamonds, 3Diamonds, 2Diamonds, 3Clubs, 2Clubs, QHearts, KSpades, QSpades, 2Spades.
P1 HAND: ADiamonds, JDiamonds, 6Diamonds, AClubs, JClubs, 7Hearts, 6Hearts, 2Hearts, ASpades, 7Spades.
P2 HAND: 7Diamonds, QDiamonds, 6Clubs, 5Clubs, 4Clubs, KHearts, 5Hearts, 3Hearts, 4Spades, 3Spades.
P3 HAND: 5Diamonds, 7Clubs, KClubs, QClubs, AHearts, JHearts, 4Hearts, JSpades, 6Spades, 5Spades.
P3 AHearts P0 QHearts P1 7Hearts P2 3Hearts 
P3 4Hearts 
