-- GAME --
P0 HAND: ADiamonds, 7Diamonds, KDiamonds, 6Diamonds, KClubs, KHearts, JHearts, 3Hearts, 6Spades, 2Spades.
P1 HAND: JDiamonds, 5Diamonds, 7Clubs, QClubs, 2Clubs, 5Hearts, 2Hearts, 7Spades, JSpades, 3Spades.
P2 HAND: 3Diamonds, JClubs, 6Clubs, 5Clubs, 4Clubs, 3Clubs, QHearts, ASpades, KSpades, 4Spades.
P3 HAND: QDiamonds, 4Diamonds, 2Diamonds, AClubs, AHearts, 7Hearts, 6Hearts, 4Hearts, QSpades, 5Spades.
P0 KClubs P1 2Clubs P2 3Clubs P3 AClubs 
P3 AHearts P0 3Hearts P1 5Hearts P2 QHearts 
P3 4Hearts P0 KHearts P1 2Hearts P2 ASpades 
P0 JHearts P1 3Spades P2 4Clubs P3 7Hearts 
P3 5Spades P0 6Spades P1 7Spades P2 4Spades 
P1 QClubs P2 5Clubs P3 6Hearts P0 2Spades 
P1 JSpades P2 KSpades P3 QSpades P0 6Diamonds 
P0 KDiamonds P1 5Diamonds P2 3Diamonds P3 2Diamonds 
P0 7Diamonds P1 JDiamonds P2 6Clubs P3 4Diamonds 
P0 ADiamonds P1 7Clubs P2 JClubs P3 QDiamonds 
-- /GAME --
P0 HAND: 7Diamonds, 3Diamonds, QClubs, 7Hearts, 5Hearts, ASpades, 7Spades, KSpades, JSpades, 5Spades.
P1 HAND: ADiamonds, 6Diamonds, 5Diamonds, AClubs, KClubs, 6Clubs, 4Clubs, JHearts, 6Hearts, 3Hearts.
P2 HAND: 2Diamonds, 7Clubs, JClubs, 3Clubs, KHearts, QHearts, 4Hearts, QSpades, 4Spades, 2Spades.
P3 HAND: KDiamonds, JDiamonds, QDiamonds, 4Diamonds, 5Clubs, 2Clubs, AHearts, 2Hearts, 6Spades, 3Spades.
P3 AHearts 
