-- GAME --
P0 HAND: JDiamonds, 6Diamonds, 3Diamonds, 4Clubs, JHearts, QHearts, 3Hearts, ASpades, KSpades, 2Spades.
P1 HAND: ADiamonds, 7Diamonds, 4Diamonds, 2Diamonds, AClubs, 2Clubs, 6Hearts, QSpades, 4Spades, 3Spades.
P2 HAND: KDiamonds, 5Diamonds, 7Clubs, JClubs, QClubs, 5Clubs, 3Clubs, 7Spades, JSpades, 6Spades.
P3 HAND: QDiamonds, KClubs, 6Clubs, AHearts, 7Hearts, KHearts, 5Hearts, 4Hearts, 2Hearts, 5Spades.
P2 3Clubs P3 6Clubs P0 4Clubs P1 AClubs 
P1 ADiamonds P2 5Diamonds P3 QDiamonds P0 3Diamonds 
P1 2Diamonds P2 KDiamonds P3 2Hearts P0 JDiamonds 
P2 5Clubs P3 KClubs P0 2Spades P1 2Clubs 
P0 6Diamonds P1 4Diamonds P2 QClubs P3 4Hearts 
P0 QHearts P1 6Hearts P2 6Spades P3 5Hearts 
P2 JClubs P3 5Spades P0 KSpades P1 7Diamonds 
P0 JHearts P1 3Spades P2 JSpades P3 KHearts 
P2 7Spades P3 7Hearts P0 ASpades P1 4Spades 
P0 3Hearts P1 QSpades P2 7Clubs P3 AHearts 
-- /GAME --
P0 HAND: ADiamonds, 5Diamonds, JClubs, 5Clubs, 4Clubs, KHearts, QHearts, 5Hearts, QSpades, 2Spades.
P1 HAND: KDiamonds, QDiamonds, 6Diamonds, KClubs, 3Clubs, AHearts, JHearts, 6Hearts, 4Hearts, 6Spades.
P2 HAND: JDiamonds, 4Diamonds, 3Diamonds, 2Diamonds, AClubs, 6Clubs, 2Clubs, 2Hearts, 4Spades, 3Spades.
P3 HAND: 7Diamonds, 7Clubs, QClubs, 7Hearts, 3Hearts, ASpades, 7Spades, KSpades, JSpades, 5Spades.
P1 3Clubs P2 AClubs P3 QClubs P0 JClubs 
P2 2Diamonds P3 7Diamonds P0 ADiamonds P1 6Diamonds 
P0 2Spades P1 6Spades P2 3Spades P3 ASpades 
P3 5Spades P0 QSpades P1 QDiamonds P2 4Spades 
P0 5Diamonds P1 KDiamonds P2 3Diamonds P3 7Clubs 
P1 4Hearts P2 2Hearts P3 3Hearts P0 KHearts 
P0 4Clubs P1 KClubs P2 2Clubs P3 7Spades 
P1 6Hearts P2 4Diamonds P3 7Hearts P0 5Hearts 
P3 JSpades P0 QHearts P1 JHearts P2 6Clubs 
P1 AHearts P2 JDiamonds P3 KSpades P0 5Clubs 
-- /GAME --
P0 HAND: 5Diamonds, 2Diamonds, JClubs, 6Hearts, KSpades, JSpades, 5Spades, 4Spades, 3Spades, 2Spades.
P1 HAND: QDiamonds, 3Diamonds, AClubs, 6Clubs, 5Clubs, AHearts, KHearts, 3Hearts, ASpades, 6Spades.
P2 HAND: KDiamonds, 4Diamonds, 7Clubs, 4Clubs, 3Clubs, JHearts, 4Hearts, 2Hearts, 7Spades, QSpades.
P3 HAND: ADiamonds, 7Diamonds, JDiamonds, 6Diamonds, KClubs, QClubs, 2Clubs, 7Hearts, QHearts, 5Hearts.
P0 6Hearts P1 AHearts P2 2Hearts P3 7Hearts 
P1 AClubs P2 3Clubs P3 KClubs P0 JClubs 
P1 ASpades P2 QSpades P3 QClubs P0 2Spades 
P1 3Hearts P2 4Hearts P3 5Hearts P0 3Spades 
P3 2Clubs P0 4Spades P1 5Clubs P2 7Clubs 
P2 4Clubs P3 QHearts P0 5Spades P1 6Clubs 
P1 6Spades P2 7Spades P3 6Diamonds P0 JSpades 
P3 JDiamonds P0 2Diamonds P1 3Diamonds P2 4Diamonds 
P3 7Diamonds P0 5Diamonds P1 QDiamonds P2 KDiamonds 
P3 ADiamonds P0 KSpades P1 KHearts P2 JHearts 
-- /GAME --
P0 HAND: 7Diamonds, 4Diamonds, 3Diamonds, 2Diamonds, KClubs, QClubs, AHearts, KSpades, QSpades, 2Spades.
P1 HAND: 5Diamonds, AClubs, JClubs, 7Hearts, KHearts, 4Hearts, 3Hearts, ASpades, 7Spades, 3Spades.
P2 HAND: 6Diamonds, 7Clubs, 4Clubs, 2Clubs, QHearts, 6Hearts, 5Hearts, JSpades, 6Spades, 4Spades.
P3 HAND: ADiamonds, KDiamonds, JDiamonds, QDiamonds, 6Clubs, 5Clubs, 3Clubs, JHearts, 2Hearts, 5Spades.
P3 ADiamonds P0 2Diamonds P1 5Diamonds P2 6Diamonds 
P3 2Hearts P0 AHearts P1 3Hearts P2 QHearts 
P0 QClubs P1 AClubs P2 2Clubs P3 6Clubs 
P1 4Hearts P2 5Hearts P3 JHearts P0 3Diamonds 
P3 3Clubs P0 KClubs P1 JClubs P2 7Clubs 
P2 4Clubs P3 5Clubs P0 KSpades P1 3Spades 
P0 2Spades P1 7Spades P2 4Spades P3 5Spades 
P1 ASpades P2 6Spades P3 KDiamonds P0 QSpades 
P1 KHearts P2 6Hearts P3 QDiamonds P0 4Diamonds 
P1 7Hearts P2 JSpades P3 JDiamonds P0 7Diamonds 
-- /GAME --
P0 HAND: KDiamonds, 6Diamonds, KClubs, QClubs, AHearts, QHearts, QSpades, 5Spades, 3Spades, 2Spades.
P1 HAND: ADiamonds, 7Diamonds, 4Diamonds, JClubs, 5Clubs, 2Clubs, KHearts, 6Hearts, 4Hearts, JSpades.
P2 HAND: QDiamonds, 5Diamonds, 3Diamonds, 7Clubs, 6Clubs, 4Clubs, 3Hearts, ASpades, 7Spades, 6Spades.
P3 HAND: JDiamonds, 2Diamonds, AClubs, 3Clubs, 7Hearts, JHearts, 5Hearts, 2Hearts, KSpades, 4Spades.
P2 ASpades P3 4Spades P0 QSpades P1 JSpades 
P2 3Diamonds P3 2Diamonds P0 6Diamonds P1 ADiamonds 
P1 2Clubs P2 4Clubs P3 AClubs P0 QClubs 
P3 3Clubs P0 KClubs P1 5Clubs P2 7Clubs 
P2 5Diamonds P3 JDiamonds P0 KDiamonds P1 7Diamonds 
P1 4Diamonds P2 QDiamonds P3 2Hearts P0 2Spades 
P3 5Hearts P0 QHearts P1 4Hearts P2 3Hearts 
P0 3Spades P1 6Hearts P2 6Spades P3 KSpades 
P1 JClubs P2 6Clubs P3 JHearts P0 5Spades 
P3 7Hearts P0 AHearts P1 KHearts P2 7Spades 
-- /GAME --
P0 HAND: ADiamonds, AClubs, 4Clubs, 3Clubs, 2Clubs, 7Hearts, 5Hearts, ASpades, 6Spades, 3Spades.
P1 HAND: QDiamonds, 6Diamonds, 5Diamonds, 4Diamonds, KClubs, AHearts, 2Hearts, JSpades, 5Spades, 4Spades.
P2 HAND: 7Diamonds, KDiamonds, JDiamonds, JClubs, 6Clubs, 5Clubs, QHearts, 7Spades, KSpades, QSpades.
P3 HAND: 3Diamonds, 2Diamonds, 7Clubs, QClubs, KHearts, JHearts, 6Hearts, 4Hearts, 3Hearts, 2Spades.
P1 AHearts P2 QHearts P3 KHearts P0 5Hearts 
P1 2Hearts P2 5Clubs P3 3Hearts P0 7Hearts 
P0 ADiamonds P1 4Diamonds P2 7Diamonds P3 2Diamonds 
P0 AClubs P1 KClubs P2 JClubs P3 QClubs 
P0 3Spades P1 4Spades P2 QSpades P3 2Spades 
P2 6Clubs P3 7Clubs P0 2Clubs P1 QDiamonds 
P3 3Diamonds P0 3Clubs P1 5Diamonds P2 KDiamonds 
P2 JDiamonds P3 4Hearts P0 4Clubs P1 6Diamonds 
P2 KSpades P3 6Hearts P0 6Spades P1 5Spades 
P2 7Spades P3 JHearts P0 ASpades P1 JSpades 
-- /GAME --
P0 HAND: 6Diamonds, 2Diamonds, 7Clubs, KClubs, QClubs, 6Clubs, 2Clubs, 6Hearts, 4Hearts, 2Hearts.
P1 HAND: 7Diamonds, KDiamonds, 5Diamonds, 4Diamonds, AHearts, ASpades, 7Spades, KSpades, QSpades, 5Spades.
P2 HAND: ADiamonds, QDiamonds, 3Diamonds, JClubs, 5Clubs, 3Clubs, 7Hearts, JHearts, 5Hearts, JSpades.
P3 HAND: JDiamonds, AClubs, 4Clubs, KHearts, QHearts, 3Hearts, 6Spades, 4Spades, 3Spades, 2Spades.
P3 2Spades P0 2Diamonds P1 ASpades P2 JSpades 
P1 AHearts P2 5Hearts P3 KHearts P0 2Hearts 
P1 4Diamonds P2 ADiamonds P3 JDiamonds P0 6Diamonds 
P2 3Diamonds P3 3Hearts P0 QClubs P1 5Diamonds 
P0 2Clubs P1 5Spades P2 3Clubs P3 4Clubs 
P3 3Spades P0 4Hearts P1 7Spades P2 5Clubs 
P2 QDiamonds P3 4Spades P0 6Hearts P1 7Diamonds 
P1 QSpades P2 JClubs P3 6Spades P0 7Clubs 
P0 6Clubs P1 KDiamonds P2 JHearts P3 AClubs 
P3 QHearts P0 KClubs P1 KSpades P2 7Hearts 
-- /GAME --
P0 HAND: 3Diamonds, QClubs, 5Clubs, 4Clubs, 2Clubs, 7Hearts, KHearts, 3Hearts, QSpades, 3Spades.
P1 HAND: ADiamonds, JDiamonds, AClubs, 7Clubs, 4Hearts, 2Hearts, ASpades, 7Spades, KSpades, 2Spades.
P2 HAND: 7Diamonds, QDiamonds, 6Diamonds, KClubs, JClubs, AHearts, JHearts, JSpades, 5Spades, 4Spades.
P3 HAND: KDiamonds, 5Diamonds, 4Diamonds, 2Diamonds, 6Clubs, 3Clubs, QHearts, 6Hearts, 5Hearts, 6Spades.
P2 4Spades P3 6Spades P0 3Spades P1 ASpades 
P1 ADiamonds P2 6Diamonds P3 KDiamonds P0 3Diamonds 
P1 AClubs P2 JClubs P3 6Clubs 
