-- GAME --
P0 HAND: 3Diamonds, 4Clubs, 2Clubs, KHearts, QHearts, 5Hearts, 7Spades, JSpades, 6Spades, 4Spades.
P1 HAND: 7Diamonds, JDiamonds, QDiamonds, 4Diamonds, AClubs, 7Clubs, JClubs, 6Clubs, 6Hearts, 3Hearts.
P2 HAND: KDiamonds, 5Diamonds, 3Clubs, AHearts, 7Hearts, 4Hearts, 2Hearts, QSpades, 3Spades, 2Spades.
P3 HAND: ADiamonds, 6Diamonds, 2Diamonds, KClubs, QClubs, 5Clubs, JHearts, ASpades, KSpades, 5Spades.
P1 AClubs P2 3Clubs P3 KClubs P0 2Clubs 
P1 3Hearts P2 AHearts P3 JHearts P0 KHearts 
P2 2Hearts P3 2Diamonds P0 5Hearts P1 6Hearts 
P1 4Diamonds P2 5Diamonds P3 ADiamonds P0 3Diamonds 
P3 5Clubs P0 4Clubs P1 6Clubs P2 4Hearts 
P1 QDiamonds P2 KDiamonds P3 6Diamonds P0 QHearts 
P2 2Spades P3 5Spades P0 6Spades P1 JDiamonds 
P0 4Spades P1 JClubs P2 3Spades P3 KSpades 
P3 QClubs P0 7Spades P1 7Clubs P2 7Hearts 
P0 JSpades P1 7Diamonds P2 QSpades P3 ASpades 
-- /GAME --
P0 HAND: KDiamonds, 3Diamonds, AClubs, JClubs, 4Clubs, JHearts, 7Spades, KSpades, 5Spades, 4Spades.
P1 HAND: QDiamonds, 6Diamonds, 5Diamonds, 2Diamonds, KClubs, QClubs, 3Clubs, 3Hearts, 2Hearts, ASpades.
P2 HAND: ADiamonds, 7Clubs, 6Clubs, AHearts, 7Hearts, KHearts, 6Hearts, 4Hearts, QSpades, 6Spades.
P3 HAND: 7Diamonds, JDiamonds, 4Diamonds, 5Clubs, 2Clubs, QHearts, 5Hearts, JSpades, 3Spades, 2Spades.
P0 AClubs P1 3Clubs P2 7Clubs 
