-- GAME --
P0 3Hearts 
P1 4Clubs P2 JClubs P3 2Clubs P0 7Diamonds 
P2 3Diamonds P3 ADiamonds P0 4Diamonds P1 KDiamonds 
P3 2Diamonds P0 JDiamonds P1 5Diamonds P2 6Diamonds 
P0 KHearts P1 5Hearts P2 6Hearts P3 2Hearts 
P0 QHearts P1 JHearts P2 QSpades P3 3Clubs 
P2 JSpades P3 3Spades P0 2Spades P1 6Spades 
P2 KSpades P3 4Spades P0 5Spades P1 7Spades 
P1 5Clubs P2 ASpades P3 6Clubs P0 QDiamonds 
-- /GAME --
P0 HAND: 7Diamonds, JDiamonds, 4Diamonds, 2Diamonds, 6Clubs, AHearts, 3Hearts, 2Hearts, 7Spades, 5Spades.
P1 HAND: 5Diamonds, AClubs, 7Clubs, 4Clubs, JHearts, 5Hearts, 4Hearts, 6Spades, 4Spades, 3Spades.
P2 HAND: ADiamonds, KDiamonds, 6Diamonds, 3Diamonds, JClubs, 5Clubs, 2Clubs, 7Hearts, 6Hearts, JSpades.
P3 HAND: QDiamonds, KClubs, QClubs, 3Clubs, KHearts, QHearts, ASpades, KSpades, QSpades, 2Spades.
P0 AHearts P1 4Hearts P2 7Hearts P3 QHearts 
P0 6Clubs P1 AClubs P2 2Clubs P3 KClubs 
P1 4Clubs P2 5Clubs P3 3Clubs P0 7Diamonds 
P2 3Diamonds P3 QDiamonds P0 JDiamonds P1 5Diamonds 
P0 2Hearts P1 5Hearts P2 6Hearts P3 KHearts 
P3 QClubs P0 7Spades P1 7Clubs P2 JClubs 
P0 3Hearts P1 JHearts P2 6Diamonds P3 2Spades 
P3 QSpades P0 5Spades P1 3Spades P2 JSpades 
P2 KDiamonds P3 KSpades P0 4Diamonds P1 4Spades 
P3 ASpades P0 2Diamonds P1 6Spades P2 ADiamonds 
-- /GAME --
P0 HAND: AClubs, 7Clubs, KClubs, QClubs, 2Clubs, JHearts, 6Hearts, ASpades, JSpades, 4Spades.
P1 HAND: QDiamonds, 4Diamonds, 3Diamonds, 2Diamonds, JClubs, 5Clubs, 4Clubs, 7Hearts, 7Spades, QSpades.
P2 HAND: 5Diamonds, 3Clubs, AHearts, KHearts, 5Hearts, 3Hearts, 2Hearts, 6Spades, 5Spades, 2Spades.
P3 HAND: ADiamonds, 7Diamonds, KDiamonds, JDiamonds, 6Diamonds, 6Clubs, QHearts, 4Hearts, KSpades, 3Spades.

