-- GAME --
P0 HAND: ADiamonds, 7Diamonds, 6Clubs, 5Clubs, 3Clubs, KHearts, 3Hearts, JSpades, 4Spades, 3Spades.
P1 HAND: 6Diamonds, 5Diamonds, 4Diamonds, 2Diamonds, 4Clubs, AHearts, 7Hearts, QHearts, KSpades, 6Spades.
P2 HAND: KDiamonds, JDiamonds, QDiamonds, 3Diamonds, 7Clubs, 6Hearts, 4Hearts, 2Hearts, ASpades, 7Spades.
P3 HAND: AClubs, KClubs, JClubs, QClubs, 2Clubs, JHearts, 5Hearts, QSpades, 5Spades, 2Spades.
P2 ASpades P3 2Spades P0 JSpades P1 6Spades 
P2 3Diamonds P3 2Clubs P0 ADiamonds P1 2Diamonds 
P0 3Spades P1 KSpades P2 7Spades P3 5Spades 
P2 QDiamonds P3 QClubs P0 7Diamonds P1 4Diamonds 
P0 3Hearts P1 QHearts P2 2Hearts P3 5Hearts 
P1 4Clubs P2 7Clubs P3 AClubs P0 3Clubs 
P3 QSpades P0 4Spades P1 5Diamonds P2 4Hearts 
P2 JDiamonds P3 JHearts P0 KHearts P1 6Diamonds 
P0 6Clubs P1 7Hearts P2 KDiamonds P3 KClubs 
P1 AHearts P2 6Hearts P3 JClubs P0 5Clubs 
-- /GAME --
P0 HAND: KDiamonds, 6Diamonds, 3Clubs, 7Hearts, QHearts, 2Hearts, 7Spades, KSpades, JSpades, 6Spades.
P1 HAND: JDiamonds, 5Diamonds, 4Diamonds, JClubs, QClubs, 2Clubs, 6Hearts, 5Hearts, 3Spades, 2Spades.
P2 HAND: ADiamonds, 7Diamonds, 3Diamonds, AClubs, 7Clubs, KClubs, KHearts, ASpades, 5Spades, 4Spades.
P3 HAND: QDiamonds, 2Diamonds, 6Clubs, 5Clubs, 4Clubs, AHearts, JHearts, 4Hearts, 3Hearts, QSpades.
P1 2Clubs P2 AClubs P3 4Clubs P0 3Clubs 
P2 ADiamonds P3 2Diamonds P0 6Diamonds P1 4Diamonds 
P2 ASpades P3 QSpades P0 6Spades P1 2Spades 
P2 3Diamonds P3 QDiamonds P0 KDiamonds P1 5Diamonds 
P0 QHearts P1 5Hearts P2 KHearts P3 AHearts 
P3 5Clubs 
