-- GAME --
P0 HAND: ADiamonds, 6Diamonds, 2Diamonds, 7Clubs, JClubs, 6Clubs, 5Hearts, 4Hearts, JSpades, 5Spades.
P1 HAND: 7Diamonds, QDiamonds, 3Diamonds, 4Clubs, 2Clubs, 6Hearts, 3Hearts, KSpades, QSpades, 2Spades.
P2 HAND: KDiamonds, JDiamonds, KClubs, 5Clubs, AHearts, 7Hearts, JHearts, ASpades, 6Spades, 3Spades.
P3 HAND: 5Diamonds, 4Diamonds, AClubs, QClubs, 3Clubs, KHearts, QHearts, 2Hearts, 7Spades, 4Spades.
P0 ADiamonds P1 3Diamonds P2 KDiamonds P3 4Diamonds 
P0 6Diamonds P1 QDiamonds P2 JDiamonds P3 5Diamonds 
P2 ASpades P3 4Spades P0 JSpades P1 2Spades 
P2 3Spades P3 7Spades P0 5Spades P1 KSpades 
P3 AClubs P0 6Clubs P1 4Clubs P2 5Clubs 
P3 3Clubs P0 7Clubs P1 2Clubs P2 KClubs 
P0 JClubs P1 QSpades P2 JHearts P3 QClubs 
P2 6Spades P3 2Hearts P0 2Diamonds P1 7Diamonds 
P3 QHearts P0 4Hearts P1 3Hearts P2 7Hearts 
P2 AHearts P3 KHearts P0 5Hearts P1 6Hearts 
-- /GAME --
P0 HAND: JDiamonds, 6Diamonds, 3Diamonds, 7Clubs, 5Clubs, AHearts, QHearts, 6Hearts, 5Hearts, 6Spades.
P1 HAND: 7Diamonds, 4Diamonds, AClubs, KClubs, QClubs, 2Clubs, 4Hearts, ASpades, QSpades, 5Spades.
P2 HAND: ADiamonds, KDiamonds, 5Diamonds, 2Diamonds, JClubs, 4Clubs, 7Hearts, 2Hearts, 7Spades, 4Spades.
P3 HAND: QDiamonds, 6Clubs, 3Clubs, KHearts, JHearts, 3Hearts, KSpades, JSpades, 3Spades, 2Spades.
P3 2Spades P0 6Spades P1 ASpades P2 4Spades 
P1 AClubs P2 4Clubs P3 6Clubs P0 5Clubs 
P1 2Clubs P2 JClubs P3 3Clubs P0 7Clubs 
P0 AHearts P1 4Hearts P2 7Hearts P3 3Hearts 
P0 QHearts P1 5Spades P2 2Hearts P3 KHearts 
P3 3Spades P0 5Hearts P1 QSpades P2 7Spades 
P2 2Diamonds P3 QDiamonds P0 3Diamonds P1 4Diamonds 
P3 JHearts P0 6Hearts P1 QClubs P2 5Diamonds 
P2 KDiamonds P3 JSpades P0 JDiamonds P1 7Diamonds 
P1 KClubs P2 ADiamonds P3 KSpades P0 6Diamonds 
-- /GAME --
P0 HAND: ADiamonds, 7Diamonds, 4Diamonds, QClubs, 4Clubs, QHearts, 6Hearts, 4Hearts, ASpades, 5Spades.
P1 HAND: QDiamonds, 5Diamonds, 2Diamonds, 7Clubs, JClubs, 6Clubs, 7Hearts, 4Spades, 3Spades, 2Spades.
P2 HAND: 6Diamonds, 3Diamonds, AClubs, KClubs, 5Clubs, 2Clubs, AHearts, JHearts, 5Hearts, QSpades.
P3 HAND: KDiamonds, JDiamonds, 3Clubs, KHearts, 3Hearts, 2Hearts, 7Spades, KSpades, JSpades, 6Spades.
P2 AClubs P3 3Clubs P0 QClubs P1 6Clubs 
P2 AHearts P3 2Hearts P0 QHearts P1 7Hearts 
P2 2Clubs P3 3Hearts P0 4Clubs P1 7Clubs 
P1 2Diamonds P2 3Diamonds P3 JDiamonds P0 ADiamonds 
P0 7Diamonds P1 5Diamonds P2 6Diamonds P3 KDiamonds 
P0 4Diamonds P1 QDiamonds P2 5Clubs P3 KHearts 
P1 JClubs P2 KClubs P3 6Spades P0 ASpades 
P0 4Hearts P1 2Spades P2 5Hearts P3 JSpades 
P3 KSpades P0 5Spades P1 3Spades P2 QSpades 
P3 7Spades P0 6Hearts P1 4Spades P2 JHearts 
-- /GAME --
P0 HAND: ADiamonds, 7Diamonds, 6Diamonds, 4Diamonds, KClubs, JClubs, 5Clubs, ASpades, 4Spades, 3Spades.
P1 HAND: 2Diamonds, AClubs, 7Clubs, 6Clubs, 4Clubs, 2Clubs, JHearts, 4Hearts, 3Hearts, 2Hearts.
P2 HAND: JDiamonds, QDiamonds, QClubs, 3Clubs, 7Hearts, KHearts, 6Hearts, KSpades, QSpades, 2Spades.
P3 HAND: KDiamonds, 5Diamonds, 3Diamonds, AHearts, QHearts, 5Hearts, 7Spades, JSpades, 6Spades, 5Spades.
P1 2Diamonds P2 QDiamonds P3 3Diamonds P0 ADiamonds 
P0 7Diamonds P1 2Clubs P2 JDiamonds P3 KDiamonds 
P1 2Hearts P2 6Hearts P3 AHearts P0 5Clubs 
P0 ASpades P1 4Clubs P2 2Spades P3 7Spades 
P1 3Hearts P2 7Hearts P3 5Hearts P0 4Diamonds 
P2 QSpades P3 5Spades P0 4Spades P1 4Hearts 
P2 3Clubs P3 5Diamonds P0 JClubs P1 6Clubs 
P0 6Diamonds P1 7Clubs P2 KHearts P3 JSpades 
P1 JHearts P2 QClubs P3 QHearts P0 KClubs 
P0 3Spades P1 AClubs P2 KSpades P3 6Spades 
-- /GAME --
P0 HAND: ADiamonds, 6Diamonds, 5Diamonds, 7Clubs, QClubs, 3Clubs, 4Hearts, 2Hearts, 6Spades, 3Spades.
P1 HAND: 7Diamonds, 4Diamonds, KClubs, JClubs, 4Clubs, AHearts, QHearts, 5Hearts, ASpades, 2Spades.
P2 HAND: KDiamonds, JDiamonds, 2Diamonds, 5Clubs, 7Hearts, JHearts, 7Spades, KSpades, QSpades, 4Spades.
P3 HAND: QDiamonds, 3Diamonds, AClubs, 6Clubs, 2Clubs, KHearts, 6Hearts, 3Hearts, JSpades, 5Spades.
P0 ADiamonds P1 4Diamonds P2 KDiamonds P3 3Diamonds 
P0 3Clubs P1 4Clubs P2 5Clubs P3 AClubs 
P3 2Clubs P0 7Clubs P1 JClubs P2 7Hearts 
P0 2Hearts P1 AHearts P2 JHearts P3 KHearts 
P1 5Hearts P2 2Diamonds P3 3Hearts P0 4Hearts 
P1 QHearts P2 4Spades P3 6Hearts P0 5Diamonds 
P2 JDiamonds P3 QDiamonds P0 6Diamonds P1 7Diamonds 
P1 2Spades P2 QSpades P3 5Spades P0 3Spades 
P2 KSpades P3 JSpades P0 6Spades P1 ASpades 
P1 KClubs P2 7Spades P3 6Clubs P0 QClubs 
-- /GAME --
P0 HAND: 6Diamonds, AClubs, 7Clubs, JClubs, 2Clubs, 6Hearts, 2Hearts, KSpades, 6Spades, 5Spades.
P1 HAND: 7Diamonds, 4Diamonds, QClubs, 6Clubs, 4Clubs, 3Clubs, AHearts, 7Hearts, JHearts, ASpades.
P2 HAND: ADiamonds, 5Diamonds, 3Diamonds, 2Diamonds, 5Clubs, KHearts, 5Hearts, QSpades, 3Spades, 2Spades.
P3 HAND: KDiamonds, JDiamonds, QDiamonds, KClubs, QHearts, 4Hearts, 3Hearts, 7Spades, JSpades, 4Spades.
P3 3Hearts P0 2Hearts P1 AHearts P2 5Hearts 
P1 ASpades P2 2Spades P3 7Spades P0 5Spades 
P1 3Clubs P2 5Clubs P3 KClubs P0 AClubs 
P0 7Clubs P1 4Clubs P2 KHearts P3 QDiamonds 
P3 4Hearts P0 6Hearts P1 JHearts P2 3Spades 
P1 6Clubs P2 QSpades P3 4Spades P0 JClubs 
P0 KSpades P1 QClubs P2 2Diamonds P3 JSpades 
P2 3Diamonds P3 JDiamonds P0 6Diamonds P1 4Diamonds 
P3 QHearts P0 6Spades P1 7Hearts P2 5Diamonds 
P2 ADiamonds P3 KDiamonds P0 2Clubs P1 7Diamonds 
-- /GAME --
P0 HAND: ADiamonds, 7Diamonds, AClubs, 7Clubs, 5Clubs, 3Clubs, AHearts, QHearts, 4Hearts, JSpades.
P1 HAND: KDiamonds, 5Diamonds, JClubs, 6Clubs, 4Clubs, 7Hearts, 6Hearts, QSpades, 5Spades, 2Spades.
P2 HAND: JDiamonds, 6Diamonds, 4Diamonds, 2Diamonds, KClubs, JHearts, 3Hearts, 2Hearts, 4Spades, 3Spades.
P3 HAND: QDiamonds, 3Diamonds, QClubs, 2Clubs, KHearts, 5Hearts, ASpades, 7Spades, KSpades, 6Spades.

