-- GAME --
P0 HAND: JDiamonds, 5Diamonds, 4Diamonds, KClubs, 4Clubs, AHearts, 7Hearts, 3Hearts, 7Spades, KSpades.
P1 HAND: 7Diamonds, KDiamonds, QDiamonds, 6Diamonds, QClubs, QHearts, 6Hearts, ASpades, JSpades, 2Spades.
P2 HAND: ADiamonds, 3Diamonds, 7Clubs, KHearts, JHearts, 4Hearts, 2Hearts, QSpades, 5Spades, 4Spades.
P3 HAND: 2Diamonds, AClubs, JClubs, 6Clubs, 5Clubs, 3Clubs, 2Clubs, 5Hearts, 6Spades, 3Spades.
P0 AHearts P1 6Hearts P2 KHearts P3 5Hearts 
P0 KClubs P1 QClubs P2 7Clubs P3 AClubs 
P3 2Clubs P0 4Clubs P1 2Spades P2 JHearts 
P0 KSpades P1 ASpades P2 4Spades P3 6Spades 
P1 QHearts P2 2Hearts P3 3Clubs P0 7Hearts 
P0 4Diamonds P1 6Diamonds P2 3Diamonds P3 2Diamonds 
P1 JSpades P2 5Spades P3 3Spades P0 7Spades 
P0 3Hearts P1 QDiamonds P2 4Hearts P3 JClubs 
P1 KDiamonds P2 ADiamonds P3 5Clubs P0 JDiamonds 
P2 QSpades P3 6Clubs P0 5Diamonds P1 7Diamonds 
-- /GAME --
P0 HAND: ADiamonds, KDiamonds, 6Diamonds, 5Diamonds, 5Clubs, 4Clubs, 3Clubs, 3Hearts, 7Spades, 5Spades.
P1 HAND: 4Diamonds, 3Diamonds, 2Diamonds, QClubs, 2Clubs, 7Hearts, KHearts, 2Hearts, ASpades, 3Spades.
P2 HAND: 7Diamonds, JDiamonds, QDiamonds, 6Clubs, AHearts, QHearts, 5Hearts, 4Hearts, JSpades, 6Spades.
P3 HAND: AClubs, 7Clubs, KClubs, JClubs, JHearts, 6Hearts, KSpades, QSpades, 4Spades, 2Spades.
P3 AClubs P0 5Clubs P1 QClubs P2 6Clubs 
P3 2Spades P0 5Spades P1 ASpades P2 6Spades 
P1 2Diamonds P2 QDiamonds P3 4Spades P0 ADiamonds 
P0 7Spades P1 3Spades P2 JSpades P3 QSpades 
P0 3Clubs P1 2Clubs P2 4Hearts P3 JClubs 
P2 JDiamonds P3 6Hearts P0 5Diamonds P1 4Diamonds 
P3 JHearts P0 3Hearts P1 2Hearts P2 5Hearts 
P3 KClubs P0 4Clubs P1 3Diamonds P2 QHearts 
P2 AHearts P3 KSpades P0 KDiamonds P1 KHearts 
P2 7Diamonds P3 7Clubs P0 6Diamonds P1 7Hearts 
-- /GAME --
P0 HAND: KDiamonds, 3Diamonds, KClubs, QClubs, 5Clubs, KHearts, ASpades, JSpades, 5Spades, 4Spades.
P1 HAND: ADiamonds, JDiamonds, 5Diamonds, 2Diamonds, JClubs, AHearts, QHearts, KSpades, 3Spades, 2Spades.
P2 HAND: AClubs, 7Clubs, 6Clubs, 4Clubs, 3Clubs, 2Clubs, JHearts, 6Hearts, 4Hearts, 6Spades.
P3 HAND: 7Diamonds, QDiamonds, 6Diamonds, 4Diamonds, 7Hearts, 5Hearts, 3Hearts, 2Hearts, 7Spades, QSpades.
P2 2Clubs P3 2Hearts P0 5Clubs P1 JClubs 
P1 ADiamonds P2 6Spades P3 4Diamonds P0 KDiamonds 
P2 3Clubs P3 3Hearts P0 QClubs P1 2Diamonds 
P0 4Spades P1 2Spades P2 4Clubs P3 QSpades 
P3 5Hearts P0 KHearts P1 AHearts P2 4Hearts 
P1 5Diamonds P2 6Clubs P3 7Diamonds P0 3Diamonds 
P3 6Diamonds P0 KClubs P1 JDiamonds P2 6Hearts 
P1 QHearts P2 JHearts P3 7Hearts P0 JSpades 
P0 ASpades P1 3Spades P2 AClubs P3 7Spades 
P0 5Spades P1 KSpades P2 7Clubs P3 QDiamonds 
-- /GAME --
P0 HAND: 7Diamonds, KDiamonds, 6Diamonds, 4Diamonds, 7Hearts, 5Hearts, ASpades, 7Spades, 3Spades, 2Spades.
P1 HAND: ADiamonds, 5Diamonds, 3Diamonds, AClubs, KClubs, 3Clubs, AHearts, 4Hearts, KSpades, 6Spades.
P2 HAND: JDiamonds, QDiamonds, 2Diamonds, JClubs, QClubs, 5Clubs, KHearts, JSpades, QSpades, 4Spades.
P3 HAND: 7Clubs, 6Clubs, 4Clubs, 2Clubs, JHearts, QHearts, 6Hearts, 3Hearts, 2Hearts, 5Spades.

