-- GAME --
P0 HAND: KDiamonds, JDiamonds, 4Clubs, 2Clubs, 7Spades, KSpades, QSpades, 6Spades, 5Spades, 3Spades.
P1 HAND: QDiamonds, 2Diamonds, 7Clubs, QClubs, 6Clubs, KHearts, 4Hearts, JSpades, 4Spades, 2Spades.
P2 HAND: ADiamonds, 7Diamonds, 6Diamonds, 3Diamonds, KClubs, 3Clubs, JHearts, QHearts, 6Hearts, 3Hearts.
P3 HAND: 5Diamonds, 4Diamonds, AClubs, JClubs, 5Clubs, AHearts, 7Hearts, 5Hearts, 2Hearts, ASpades.
P0 4Clubs P1 6Clubs P2 3Clubs P3 AClubs 
P3 ASpades P0 7Spades P1 JSpades P2 3Hearts 
P2 ADiamonds P3 4Diamonds P0 KDiamonds P1 2Diamonds 
P2 3Diamonds P3 5Diamonds P0 JDiamonds P1 QDiamonds 
P0 KSpades P1 2Spades P2 7Diamonds P3 2Hearts 
P3 5Clubs P0 2Clubs P1 7Clubs P2 KClubs 
P1 4Spades P2 6Diamonds P3 5Hearts P0 3Spades 
P3 JClubs P0 6Spades P1 QClubs P2 6Hearts 
P2 QHearts P3 7Hearts P0 5Spades P1 4Hearts 
P3 AHearts P0 QSpades P1 KHearts P2 JHearts 
-- /GAME --
P0 HAND: KDiamonds, 6Diamonds, 5Diamonds, 4Diamonds, JClubs, 4Clubs, QHearts, 5Hearts, 3Hearts, 5Spades.
P1 HAND: 7Diamonds, QDiamonds, AClubs, 5Clubs, KHearts, 4Hearts, 2Hearts, 7Spades, QSpades, 6Spades.
P2 HAND: JDiamonds, 2Diamonds, 7Clubs, 3Clubs, AHearts, 6Hearts, ASpades, JSpades, 3Spades, 2Spades.
P3 HAND: ADiamonds, 3Diamonds, KClubs, QClubs, 6Clubs, 2Clubs, 7Hearts, JHearts, KSpades, 4Spades.
P3 2Clubs P0 JClubs P1 AClubs P2 3Clubs 
P1 2Hearts P2 AHearts P3 JHearts P0 QHearts 
P2 ASpades P3 4Spades P0 5Spades P1 6Spades 
P2 2Spades P3 KSpades P0 4Diamonds P1 QSpades 
P0 4Clubs P1 5Clubs P2 7Clubs P3 6Clubs 
P2 3Spades P3 QClubs P0 5Diamonds P1 7Spades 
P0 3Hearts P1 4Hearts P2 6Hearts P3 7Hearts 
P3 3Diamonds P0 KDiamonds P1 QDiamonds P2 2Diamonds 
P0 5Hearts P1 KHearts P2 JDiamonds P3 ADiamonds 
P3 KClubs P0 6Diamonds P1 7Diamonds P2 JSpades 
-- /GAME --
P0 HAND: 7Diamonds, KDiamonds, QDiamonds, 6Diamonds, 4Diamonds, 3Diamonds, 6Clubs, 5Clubs, 3Clubs, 6Hearts.
P1 HAND: ADiamonds, 5Diamonds, AHearts, 7Hearts, KHearts, QHearts, 3Hearts, ASpades, 5Spades, 2Spades.
P2 HAND: JDiamonds, KClubs, JClubs, 4Clubs, JHearts, 4Hearts, 2Hearts, 7Spades, JSpades, QSpades.
P3 HAND: 2Diamonds, AClubs, 7Clubs, QClubs, 2Clubs, 5Hearts, KSpades, 6Spades, 4Spades, 3Spades.
P2 4Clubs P3 AClubs P0 3Clubs P1 ADiamonds 
P3 2Diamonds P0 7Diamonds P1 5Diamonds P2 JDiamonds 
P0 5Clubs P1 2Spades P2 JClubs P3 7Clubs 
P3 2Clubs 
