-- GAME --
P0 HAND: 7Diamonds, 6Diamonds, 4Diamonds, QClubs, 6Clubs, 6Spades, 5Spades, 4Spades, 3Spades, 2Spades.
P1 HAND: KDiamonds, JDiamonds, 3Diamonds, 7Clubs, 3Clubs, 2Clubs, KHearts, KSpades, JSpades, QSpades.
P2 HAND: QDiamonds, 5Diamonds, AClubs, KClubs, JClubs, AHearts, JHearts, 4Hearts, ASpades, 7Spades.
P3 HAND: ADiamonds, 2Diamonds, 5Clubs, 4Clubs, 7Hearts, QHearts, 6Hearts, 5Hearts, 3Hearts, 2Hearts.
P3 2Hearts P0 QClubs P1 KHearts P2 AHearts 
P2 AClubs P3 4Clubs P0 6Clubs P1 2Clubs 
P2 ASpades P3 2Diamonds P0 2Spades P1 KSpades 
P3 3Hearts P0 3Spades P1 3Clubs P2 JHearts 
P2 4Hearts P3 5Hearts P0 4Spades P1 7Clubs 
P3 5Clubs P0 6Spades P1 QSpades P2 KClubs 
P2 JClubs P3 6Hearts P0 7Diamonds P1 JSpades 
P0 4Diamonds P1 3Diamonds P2 5Diamonds P3 ADiamonds 
P3 QHearts P0 6Diamonds P1 JDiamonds P2 7Spades 
P1 KDiamonds P2 QDiamonds P3 7Hearts P0 5Spades 
-- /GAME --
P0 HAND: 7Diamonds, 2Diamonds, KClubs, 3Clubs, 2Clubs, 7Hearts, KHearts, 2Hearts, 7Spades, QSpades.
P1 HAND: 3Diamonds, JClubs, QClubs, QHearts, 6Hearts, 4Hearts, 3Hearts, ASpades, KSpades, 3Spades.
P2 HAND: QDiamonds, 6Diamonds, 5Diamonds, 4Diamonds, 6Clubs, 4Clubs, JHearts, 5Hearts, 4Spades, 2Spades.
P3 HAND: ADiamonds, KDiamonds, JDiamonds, AClubs, 7Clubs, 5Clubs, AHearts, JSpades, 6Spades, 5Spades.
P2 2Spades P3 5Spades P0 QSpades P1 ASpades 
P1 3Diamonds P2 4Diamonds P3 ADiamonds P0 2Diamonds 
P3 AHearts P0 2Hearts P1 QHearts P2 5Hearts 
P3 6Spades P0 7Spades P1 3Spades P2 4Spades 
P0 2Clubs P1 QClubs P2 4Clubs P3 5Clubs 
P1 3Hearts P2 JHearts P3 7Clubs P0 KHearts 
P3 JDiamonds P0 7Diamonds P1 JClubs P2 5Diamonds 
P1 4Hearts P2 6Diamonds P3 AClubs P0 7Hearts 
P3 JSpades P0 KClubs P1 KSpades P2 QDiamonds 
P0 3Clubs P1 6Hearts P2 6Clubs P3 KDiamonds 
-- /GAME --
P0 HAND: QDiamonds, 3Diamonds, 2Clubs, QHearts, 3Hearts, 2Hearts, KSpades, QSpades, 6Spades, 3Spades.
P1 HAND: JDiamonds, 6Diamonds, 2Diamonds, KClubs, JClubs, 5Clubs, JHearts, 4Hearts, JSpades, 5Spades.
P2 HAND: 5Diamonds, AClubs, QClubs, 6Clubs, AHearts, KHearts, 6Hearts, 5Hearts, 7Spades, 4Spades.
P3 HAND: ADiamonds, 7Diamonds, KDiamonds, 4Diamonds, 7Clubs, 4Clubs, 3Clubs, 7Hearts, ASpades, 2Spades.
P1 2Diamonds P2 5Diamonds P3 ADiamonds P0 3Diamonds 
P3 ASpades P0 3Spades P1 JSpades P2 4Spades 
P3 2Spades P0 KSpades P1 5Spades P2 7Spades 
P2 AHearts P3 7Hearts P0 QHearts P1 4Hearts 
P2 5Hearts P3 4Diamonds P0 3Hearts P1 JHearts 
P1 6Diamonds P2 6Hearts P3 7Diamonds P0 QDiamonds 
P3 3Clubs P0 2Clubs P1 5Clubs P2 6Clubs 
P2 QClubs P3 4Clubs P0 2Hearts P1 JClubs 
P1 JDiamonds P2 AClubs P3 KDiamonds P0 QSpades 
P2 KHearts P3 7Clubs P0 6Spades P1 KClubs 
-- /GAME --
P0 HAND: ADiamonds, JDiamonds, 7Clubs, 6Clubs, 5Clubs, KHearts, JHearts, 5Hearts, JSpades, 3Spades.
P1 HAND: 7Diamonds, 2Diamonds, 3Clubs, QHearts, 6Hearts, 3Hearts, 2Hearts, ASpades, KSpades, 6Spades.
P2 HAND: KDiamonds, 5Diamonds, 4Diamonds, 3Diamonds, AClubs, 4Clubs, 2Clubs, 7Spades, 4Spades, 2Spades.
P3 HAND: QDiamonds, 6Diamonds, KClubs, JClubs, QClubs, AHearts, 7Hearts, 4Hearts, QSpades, 5Spades.
P3 AHearts P0 5Hearts P1 QHearts P2 2Spades 
P2 AClubs P3 QClubs P0 7Clubs P1 3Clubs 
P2 2Clubs P3 JClubs P0 6Clubs P1 7Diamonds 
P3 4Hearts P0 KHearts P1 2Hearts P2 KDiamonds 
P0 JHearts P1 3Hearts P2 3Diamonds P3 7Hearts 
P3 6Diamonds P0 ADiamonds P1 2Diamonds P2 5Diamonds 
P0 JDiamonds P1 6Hearts P2 4Diamonds P3 QDiamonds 
P0 5Clubs P1 6Spades P2 4Clubs P3 KClubs 
P1 KSpades P2 4Spades P3 5Spades P0 3Spades 
P1 ASpades P2 7Spades P3 QSpades P0 JSpades 
-- /GAME --
P0 HAND: 5Diamonds, 4Diamonds, QClubs, 5Clubs, JHearts, 6Hearts, 5Hearts, 4Hearts, 3Hearts, 7Spades.
P1 HAND: JDiamonds, 6Diamonds, 3Clubs, 2Clubs, QHearts, 2Hearts, KSpades, QSpades, 6Spades, 2Spades.
P2 HAND: 7Diamonds, QDiamonds, 2Diamonds, AClubs, KClubs, JClubs, ASpades, 5Spades, 4Spades, 3Spades.
P3 HAND: ADiamonds, KDiamonds, 3Diamonds, 7Clubs, 6Clubs, 4Clubs, AHearts, 7Hearts, KHearts, JSpades.
P2 AClubs P3 4Clubs P0 QClubs P1 2Clubs 
P2 2Diamonds P3 ADiamonds P0 5Diamonds P1 JDiamonds 
P3 AHearts P0 3Hearts P1 QHearts P2 3Spades 
P2 QDiamonds P3 3Diamonds P0 4Diamonds P1 6Diamonds 
P2 JClubs P3 6Clubs P0 5Clubs P1 3Clubs 
P2 4Spades P3 JSpades P0 7Spades P1 2Spades 
P0 JHearts P1 2Hearts P2 5Spades P3 KHearts 
P2 ASpades P3 KDiamonds P0 6Hearts P1 6Spades 
P2 KClubs P3 7Clubs P0 5Hearts P1 QSpades 
P1 KSpades P2 7Diamonds P3 7Hearts P0 4Hearts 
-- /GAME --
P0 HAND: ADiamonds, JDiamonds, 4Diamonds, 3Diamonds, 2Diamonds, JClubs, 3Clubs, KHearts, 7Spades, 3Spades.
P1 HAND: KDiamonds, AClubs, 6Clubs, 5Clubs, 7Hearts, 6Hearts, 2Hearts, 6Spades, 5Spades, 4Spades.
P2 HAND: 5Diamonds, QClubs, 4Clubs, JHearts, 5Hearts, 4Hearts, 3Hearts, ASpades, QSpades, 2Spades.
P3 HAND: 7Diamonds, QDiamonds, 6Diamonds, 7Clubs, KClubs, 2Clubs, AHearts, QHearts, KSpades, JSpades.
P1 AClubs P2 4Clubs P3 7Clubs P0 3Clubs 
P1 2Hearts P2 3Hearts P3 AHearts P0 KHearts 
P3 2Clubs P0 JClubs P1 5Clubs P2 QClubs 
P0 ADiamonds P1 KDiamonds P2 5Diamonds P3 6Diamonds 
P0 2Diamonds P1 4Spades P2 2Spades P3 QDiamonds 
P3 QHearts P0 3Spades P1 7Hearts P2 4Hearts 
P1 5Spades P2 ASpades P3 JSpades P0 7Spades 
P2 5Hearts P3 7Diamonds P0 3Diamonds P1 6Hearts 
P3 KClubs P0 JDiamonds P1 6Clubs P2 JHearts 
P0 4Diamonds P1 6Spades P2 QSpades P3 KSpades 
-- /GAME --
P0 HAND: ADiamonds, JDiamonds, 4Diamonds, 6Clubs, 4Clubs, 2Clubs, QHearts, 6Hearts, 5Spades, 2Spades.
P1 HAND: 7Diamonds, 5Diamonds, AClubs, QClubs, 4Hearts, 3Hearts, KSpades, JSpades, 6Spades, 4Spades.
P2 HAND: KDiamonds, QDiamonds, 6Diamonds, 3Diamonds, 7Clubs, JClubs, AHearts, KHearts, 2Hearts, QSpades.
P3 HAND: 2Diamonds, KClubs, 5Clubs, 3Clubs, 7Hearts, JHearts, 5Hearts, ASpades, 7Spades, 3Spades.
P0 2Clubs P1 QClubs P2 JClubs P3 KClubs 
P3 ASpades P0 2Spades P1 KSpades P2 QSpades 
P3 2Diamonds P0 ADiamonds P1 5Diamonds P2 KDiamonds 
P0 4Clubs P1 AClubs P2 7Clubs P3 3Clubs 
P1 3Hearts P2 AHearts P3 5Hearts P0 QHearts 
P2 2Hearts P3 JHearts P0 6Hearts P1 4Hearts 
P3 3Spades P0 5Spades P1 4Spades P2 KHearts 
P0 JDiamonds P1 7Diamonds P2 3Diamonds P3 7Hearts 
P1 6Spades P2 6Diamonds P3 7Spades P0 6Clubs 
P0 4Diamonds P1 JSpades P2 QDiamonds P3 5Clubs 
-- /GAME --
P0 HAND: KDiamonds, AClubs, QClubs, 4Clubs, 3Clubs, 5Hearts, 3Hearts, ASpades, JSpades, 2Spades.
P1 HAND: ADiamonds, QDiamonds, 5Diamonds, 4Diamonds, 7Clubs, 5Clubs, 2Clubs, JHearts, 2Hearts, 4Spades.
P2 HAND: JDiamonds, 3Diamonds, AHearts, KHearts, QHearts, 6Hearts, 4Hearts, 7Spades, 6Spades, 5Spades.
P3 HAND: 7Diamonds, 6Diamonds, 2Diamonds, KClubs, JClubs, 6Clubs, 7Hearts, KSpades, QSpades, 3Spades.
P3 3Spades P0 ASpades P1 4Spades P2 7Spades 
P0 AClubs P1 2Clubs P2 AHearts P3 6Clubs 
P0 QClubs P1 5Clubs P2 4Hearts P3 KClubs 
P3 7Hearts P0 5Hearts P1 JHearts P2 6Hearts 
P3 QSpades P0 JSpades P1 4Diamonds P2 5Spades 
P1 2Hearts P2 QHearts P3 2Diamonds P0 3Hearts 
P3 JClubs P0 4Clubs P1 7Clubs P2 3Diamonds 
P2 6Spades P3 KSpades P0 2Spades P1 5Diamonds 
P1 QDiamonds P2 JDiamonds P3 7Diamonds P0 KDiamonds 
P3 6Diamonds P0 3Clubs P1 ADiamonds P2 KHearts 
-- /GAME --
P0 HAND: ADiamonds, 4Diamonds, 5Clubs, 4Clubs, AHearts, KHearts, JHearts, QHearts, JSpades, 3Spades.
P1 HAND: KDiamonds, 7Clubs, JClubs, 7Hearts, 6Hearts, 5Hearts, 2Hearts, KSpades, QSpades, 2Spades.
P2 HAND: 6Diamonds, 5Diamonds, AClubs, KClubs, QClubs, 6Clubs, 3Clubs, 6Spades, 5Spades, 4Spades.
P3 HAND: 7Diamonds, JDiamonds, QDiamonds, 3Diamonds, 2Diamonds, 2Clubs, 4Hearts, 3Hearts, ASpades, 7Spades.
P2 3Clubs P3 2Clubs P0 5Clubs P1 7Clubs 
P1 2Hearts P2 5Diamonds P3 3Hearts P0 AHearts 

