-- GAME --
P0 QClubs P1 3Hearts 
P2 2Diamonds P3 3Diamonds P0 KDiamonds P1 5Spades 
P0 5Diamonds P1 6Hearts P2 4Diamonds P3 6Clubs 
P0 QDiamonds P1 6Spades P2 7Diamonds P3 KClubs 
P2 ADiamonds P3 AClubs P0 JDiamonds P1 JSpades 
-- /GAME --
P0 HAND: KDiamonds, JDiamonds, 3Diamonds, 2Diamonds, AClubs, KClubs, 6Hearts, 4Hearts, ASpades, QSpades.
P1 HAND: QDiamonds, 6Diamonds, 5Diamonds, 4Diamonds, 7Clubs, 2Clubs, AHearts, 7Hearts, 2Hearts, 7Spades.
P2 HAND: QClubs, 5Clubs, 4Clubs, 3Clubs, JHearts, 5Hearts, 3Hearts, KSpades, 4Spades, 3Spades.
P3 HAND: ADiamonds, 7Diamonds, JClubs, 6Clubs, KHearts, QHearts, JSpades, 6Spades, 5Spades, 2Spades.
P2 3Clubs P3 6Clubs P0 AClubs P1 2Clubs 
P0 ASpades P1 7Spades P2 KSpades P3 2Spades 
P0 QSpades P1 4Diamonds P2 3Spades P3 JSpades 
P3 ADiamonds P0 2Diamonds P1 QDiamonds P2 3Hearts 
P2 4Clubs P3 JClubs P0 KClubs P1 7Clubs 
P1 5Diamonds P2 4Spades P3 7Diamonds P0 3Diamonds 
P3 5Spades P0 4Hearts P1 6Diamonds P2 QClubs 
P0 JDiamonds P1 2Hearts P2 5Clubs P3 6Spades 
P1 7Hearts P2 5Hearts P3 QHearts P0 6Hearts 
P1 AHearts P2 JHearts P3 KHearts P0 KDiamonds 
-- /GAME --
P0 HAND: 7Diamonds, JDiamonds, 6Diamonds, 5Diamonds, AClubs, 7Hearts, KSpades, 6Spades, 5Spades, 3Spades.
P1 HAND: ADiamonds, 7Clubs, QClubs, 6Clubs, 3Clubs, QHearts, 4Hearts, 2Hearts, ASpades, 4Spades.
P2 HAND: QDiamonds, 3Diamonds, KClubs, 4Clubs, AHearts, JHearts, 6Hearts, 5Hearts, 3Hearts, 2Spades.
P3 HAND: KDiamonds, 4Diamonds, 2Diamonds, JClubs, 5Clubs, 2Clubs, KHearts, 7Spades, JSpades, QSpades.
P1 ADiamonds P2 3Diamonds P3 KDiamonds P0 5Diamonds 
P1 ASpades P2 2Spades P3 7Spades P0 3Spades 
P1 2Hearts P2 AHearts P3 KHearts P0 7Hearts 
P2 3Hearts P3 2Diamonds P0 6Diamonds P1 QHearts 
P1 4Hearts P2 5Hearts P3 4Diamonds P0 7Diamonds 
P2 6Hearts P3 QSpades P0 JDiamonds P1 3Clubs 
P1 4Spades P2 QDiamonds P3 JSpades P0 KSpades 
P0 5Spades P1 6Clubs P2 4Clubs P3 2Clubs 
P1 QClubs P2 KClubs P3 5Clubs P0 AClubs 
P0 6Spades P1 7Clubs P2 JHearts P3 JClubs 
-- /GAME --
P0 HAND: 7Diamonds, QDiamonds, 5Diamonds, 2Diamonds, JClubs, 4Clubs, KHearts, ASpades, KSpades, QSpades.
P1 HAND: ADiamonds, AClubs, 7Clubs, QClubs, 2Clubs, 6Hearts, 2Hearts, 7Spades, 3Spades, 2Spades.
P2 HAND: KDiamonds, JDiamonds, 5Clubs, 3Clubs, AHearts, JHearts, 3Hearts, JSpades, 5Spades, 4Spades.
P3 HAND: 6Diamonds, 4Diamonds, 3Diamonds, KClubs, 6Clubs, 7Hearts, QHearts, 5Hearts, 4Hearts, 6Spades.
P0 ASpades P1 2Spades P2 JSpades P3 6Spades 
P0 QSpades P1 3Spades P2 4Spades P3 3Diamonds 
P0 KSpades P1 7Spades P2 5Spades P3 7Hearts 
P1 ADiamonds P2 JDiamonds P3 6Diamonds P0 2Diamonds 
P1 2Hearts P2 AHearts P3 4Hearts P0 KHearts 
P2 3Hearts P3 5Hearts P0 5Diamonds P1 6Hearts 
P1 2Clubs P2 3Clubs P3 6Clubs P0 4Clubs 
P3 4Diamonds P0 QDiamonds P1 QClubs P2 KDiamonds 
P1 7Clubs P2 5Clubs P3 KClubs P0 JClubs 
P1 AClubs P2 JHearts P3 QHearts P0 7Diamonds 
-- /GAME --
P0 HAND: JDiamonds, 6Diamonds, 5Diamonds, 4Diamonds, 6Clubs, 4Clubs, QHearts, ASpades, 7Spades, KSpades.
P1 HAND: 7Diamonds, 2Diamonds, 7Clubs, KClubs, JHearts, 2Hearts, QSpades, 6Spades, 4Spades, 2Spades.
P2 HAND: ADiamonds, KDiamonds, QDiamonds, JClubs, 5Clubs, 3Clubs, 2Clubs, AHearts, 5Hearts, 5Spades.
P3 HAND: 3Diamonds, AClubs, QClubs, 7Hearts, KHearts, 6Hearts, 4Hearts, 3Hearts, JSpades, 3Spades.
P1 2Hearts P2 AHearts P3 3Hearts P0 QHearts 
P2 2Clubs P3 AClubs P0 4Clubs P1 7Clubs 
P3 3Spades P0 ASpades P1 2Spades P2 5Spades 
P0 6Clubs P1 KClubs P2 3Clubs P3 QClubs 
P1 4Spades P2 5Clubs P3 JSpades P0 7Spades 
P0 4Diamonds P1 2Diamonds P2 QDiamonds P3 3Diamonds 
P2 5Hearts P3 4Hearts P0 5Diamonds P1 JHearts 
P0 6Diamonds P1 7Diamonds P2 ADiamonds P3 6Hearts 
P2 JClubs P3 KHearts P0 KSpades P1 6Spades 
P2 KDiamonds P3 7Hearts P0 JDiamonds P1 QSpades 
-- /GAME --
P0 HAND: 6Diamonds, JClubs, QClubs, 5Clubs, JHearts, 6Hearts, 2Hearts, ASpades, QSpades, 3Spades.
P1 HAND: 7Diamonds, QDiamonds, 5Diamonds, 3Diamonds, 7Clubs, KClubs, 4Clubs, AHearts, 7Hearts, QHearts.
P2 HAND: ADiamonds, JDiamonds, 2Diamonds, AClubs, 6Clubs, 2Clubs, KHearts, KSpades, 6Spades, 4Spades.
P3 HAND: KDiamonds, 4Diamonds, 3Clubs, 5Hearts, 4Hearts, 3Hearts, 7Spades, JSpades, 5Spades, 2Spades.
P0 ASpades P1 QHearts P2 4Spades P3 7Spades 
P1 3Diamonds P2 ADiamonds P3 4Diamonds P0 6Diamonds 
P2 AClubs P3 3Clubs P0 5Clubs P1 4Clubs 
P2 2Diamonds P3 KDiamonds P0 2Hearts P1 5Diamonds 
P0 3Spades P1 QDiamonds P2 KSpades P3 2Spades 
P2 2Clubs P3 5Spades P0 JClubs P1 7Clubs 
P1 7Hearts P2 KHearts P3 3Hearts P0 6Hearts 
P1 AHearts P2 6Clubs P3 4Hearts P0 JHearts 
P1 KClubs P2 6Spades P3 5Hearts P0 QClubs 
P3 JSpades P0 QSpades P1 7Diamonds P2 JDiamonds 
-- /GAME --
P0 HAND: QDiamonds, 2Diamonds, 7Clubs, 5Clubs, 4Clubs, 7Hearts, KSpades, 6Spades, 5Spades, 2Spades.
P1 HAND: JDiamonds, 5Diamonds, 4Diamonds, QClubs, 6Clubs, JHearts, 6Hearts, ASpades, 4Spades, 3Spades.
P2 HAND: 7Diamonds, AClubs, JClubs, 3Clubs, 2Clubs, AHearts, 4Hearts, 3Hearts, 2Hearts, JSpades.
P3 HAND: ADiamonds, KDiamonds, 6Diamonds, 3Diamonds, KClubs, KHearts, QHearts, 5Hearts, 7Spades, QSpades.
P3 ADiamonds P0 2Diamonds P1 JDiamonds P2 7Diamonds 
P3 3Diamonds P0 QDiamonds P1 4Diamonds P2 AHearts 
P0 2Spades P1 ASpades P2 JSpades P3 7Spades 
P1 3Spades P2 2Hearts P3 QSpades P0 KSpades 
P0 5Spades P1 4Spades P2 3Hearts P3 5Hearts 
P0 6Spades P1 5Diamonds P2 4Hearts P3 6Diamonds 
P0 4Clubs P1 6Clubs P2 2Clubs P3 KClubs 
P3 QHearts P0 7Hearts P1 6Hearts P2 3Clubs 
P2 JClubs P3 KDiamonds P0 7Clubs P1 QClubs 
P0 5Clubs P1 JHearts P2 AClubs P3 KHearts 
-- /GAME --
P0 HAND: QDiamonds, 2Diamonds, JClubs, QClubs, 3Clubs, 2Clubs, KHearts, 6Hearts, ASpades, JSpades.
P1 HAND: JDiamonds, 5Diamonds, 4Clubs, QHearts, 2Hearts, KSpades, QSpades, 5Spades, 4Spades, 2Spades.
P2 HAND: ADiamonds, 6Diamonds, 4Diamonds, 5Clubs, AHearts, 7Hearts, 5Hearts, 4Hearts, 3Hearts, 6Spades.
P3 HAND: 7Diamonds, KDiamonds, 3Diamonds, AClubs, 7Clubs, KClubs, 6Clubs, JHearts, 7Spades, 3Spades.
P2 ADiamonds P3 3Diamonds P0 QDiamonds P1 5Diamonds 
P2 3Hearts P3 JHearts P0 KHearts P1 2Hearts 
P0 2Diamonds P1 JDiamonds P2 4Diamonds P3 7Diamonds 
P3 AClubs P0 2Clubs P1 4Clubs P2 5Clubs 
P3 6Clubs P0 QClubs P1 QHearts P2 AHearts 
P0 6Hearts P1 2Spades P2 4Hearts P3 7Clubs 
P1 4Spades P2 6Spades P3 3Spades P0 JSpades 
P0 3Clubs P1 5Spades P2 5Hearts P3 KClubs 
P1 QSpades P2 6Diamonds P3 7Spades P0 ASpades 
P0 JClubs P1 KSpades P2 7Hearts P3 KDiamonds 
-- /GAME --
P0 HAND: KDiamonds, 2Diamonds, AClubs, QClubs, 3Clubs, 2Clubs, AHearts, QHearts, JSpades, 4Spades.
P1 HAND: ADiamonds, 6Diamonds, 3Diamonds, 6Clubs, 7Hearts, KHearts, 3Hearts, 6Spades, 5Spades, 2Spades.
P2 HAND: 7Diamonds, QDiamonds, 5Diamonds, 7Clubs, JClubs, 5Clubs, 4Clubs, JHearts, 4Hearts, 7Spades.
P3 HAND: JDiamonds, 4Diamonds, KClubs, 6Hearts, 5Hearts, 2Hearts, ASpades, KSpades, QSpades, 3Spades.

