-- GAME --
P0 HAND: 7Diamonds, 3Diamonds, 2Diamonds, KClubs, JClubs, 6Clubs, 3Clubs, 2Clubs, QHearts, 3Hearts.
P1 HAND: 5Diamonds, 4Diamonds, 4Clubs, AHearts, 7Hearts, KHearts, ASpades, 7Spades, 5Spades, 2Spades.
P2 HAND: ADiamonds, KDiamonds, JDiamonds, 6Diamonds, 5Clubs, 6Hearts, 4Hearts, QSpades, 6Spades, 4Spades.
P3 HAND: QDiamonds, AClubs, 7Clubs, QClubs, JHearts, 5Hearts, 2Hearts, KSpades, JSpades, 3Spades.
P0 2Diamonds P1 4Diamonds P2 ADiamonds P3 QDiamonds 
P2 4Spades P3 3Spades P0 3Diamonds P1 ASpades 
P1 2Spades P2 6Spades P3 JSpades P0 3Hearts 
P0 2Clubs P1 4Clubs P2 5Clubs P3 AClubs 
P3 QClubs P0 JClubs P1 KHearts P2 6Diamonds 
P1 5Diamonds P2 JDiamonds P3 2Hearts P0 7Diamonds 
P3 5Hearts P0 QHearts P1 7Hearts P2 4Hearts 
P1 5Spades P2 QSpades P3 KSpades P0 3Clubs 
P3 JHearts P0 6Clubs P1 AHearts P2 6Hearts 
P1 7Spades P2 KDiamonds P3 7Clubs P0 KClubs 
-- /GAME --
P0 HAND: ADiamonds, 6Diamonds, 3Diamonds, 7Clubs, 4Clubs, 5Hearts, 7Spades, KSpades, 6Spades, 5Spades.
P1 HAND: 7Diamonds, 4Diamonds, 5Clubs, 2Clubs, AHearts, 7Hearts, 6Hearts, QSpades, 4Spades, 3Spades.
P2 HAND: KDiamonds, QDiamonds, 5Diamonds, AClubs, JClubs, QClubs, 6Clubs, 3Clubs, KHearts, JSpades.
P3 HAND: JDiamonds, 2Diamonds, KClubs, JHearts, QHearts, 4Hearts, 3Hearts, 2Hearts, ASpades, 2Spades.
P3 ASpades P0 5Spades P1 QSpades P2 JSpades 
P3 2Diamonds P0 ADiamonds P1 4Diamonds P2 KDiamonds 
P0 3Diamonds P1 7Diamonds P2 5Diamonds P3 JDiamonds 
P1 2Clubs P2 AClubs P3 KClubs P0 7Clubs 
P2 3Clubs P3 2Spades P0 4Clubs P1 5Clubs 
P1 3Spades P2 6Clubs P3 2Hearts P0 6Spades 
P3 3Hearts P0 5Hearts P1 6Hearts P2 KHearts 
P2 QDiamonds P3 4Hearts P0 6Diamonds P1 4Spades 
P3 QHearts P0 KSpades P1 7Hearts P2 QClubs 
P1 AHearts P2 JClubs P3 JHearts P0 7Spades 
-- /GAME --
P0 HAND: 7Diamonds, 5Diamonds, 3Diamonds, 2Diamonds, 4Clubs, JHearts, 2Hearts, 7Spades, JSpades, 4Spades.
P1 HAND: KDiamonds, 6Diamonds, 4Diamonds, AClubs, 6Clubs, 3Clubs, 4Hearts, 3Hearts, ASpades, 2Spades.
P2 HAND: 7Clubs, KClubs, JClubs, AHearts, 7Hearts, KHearts, QHearts, KSpades, QSpades, 3Spades.
P3 HAND: ADiamonds, JDiamonds, QDiamonds, QClubs, 5Clubs, 2Clubs, 6Hearts, 5Hearts, 6Spades, 5Spades.
P2 AHearts P3 5Hearts P0 2Hearts P1 3Hearts 
P2 3Spades P3 5Spades P0 4Spades P1 ASpades 
P1 2Spades P2 QSpades P3 6Spades P0 JSpades 
P0 JHearts P1 4Hearts P2 QHearts P3 6Hearts 
P0 2Diamonds P1 4Diamonds P2 JClubs P3 QDiamonds 
P2 KClubs P3 2Clubs P0 4Clubs P1 3Clubs 
P2 7Clubs P3 5Clubs P0 3Diamonds P1 AClubs 
P1 6Diamonds P2 KHearts P3 ADiamonds P0 5Diamonds 
P3 JDiamonds P0 7Diamonds P1 KDiamonds P2 7Hearts 
P0 7Spades P1 6Clubs P2 KSpades P3 QClubs 
-- /GAME --
P0 HAND: ADiamonds, 7Diamonds, 5Diamonds, AClubs, KClubs, QClubs, 5Clubs, 5Hearts, QSpades, 4Spades.
P1 HAND: KDiamonds, JDiamonds, QDiamonds, 6Diamonds, 3Diamonds, 2Diamonds, 2Clubs, 7Hearts, KHearts, ASpades.
P2 HAND: 4Diamonds, 7Clubs, JClubs, 6Clubs, 4Clubs, 3Clubs, AHearts, 4Hearts, 2Hearts, 3Spades.
P3 HAND: JHearts, QHearts, 6Hearts, 3Hearts, 7Spades, KSpades, JSpades, 6Spades, 5Spades, 2Spades.
P0 AClubs P1 2Clubs P2 7Clubs P3 2Spades 
P3 3Hearts P0 5Hearts P1 KHearts P2 AHearts 
P2 2Hearts P3 6Hearts P0 4Spades P1 7Hearts 
P0 ADiamonds P1 2Diamonds P2 4Diamonds P3 5Spades 
P3 QHearts P0 QSpades P1 3Diamonds P2 4Hearts 
P0 5Clubs P1 6Diamonds P2 3Clubs P3 6Spades 

