-- GAME --
P0 HAND: 7Diamonds, KDiamonds, QDiamonds, 2Clubs, 7Hearts, JHearts, 6Hearts, ASpades, JSpades, 3Spades.
P1 HAND: 5Diamonds, 4Diamonds, 2Diamonds, AClubs, JClubs, 5Clubs, KHearts, 3Hearts, QSpades, 5Spades.
P2 HAND: ADiamonds, JDiamonds, 6Diamonds, AHearts, QHearts, 5Hearts, 2Hearts, KSpades, 4Spades, 2Spades.
P3 HAND: 3Diamonds, 7Clubs, KClubs, QClubs, 6Clubs, 4Clubs, 3Clubs, 4Hearts, 7Spades, 6Spades.
P0 ASpades P1 5Spades P2 KSpades P3 6Spades 
P0 JSpades P1 QSpades P2 2Spades P3 7Spades 
P3 3Diamonds P0 QDiamonds P1 2Diamonds P2 ADiamonds 
P2 AHearts P3 4Hearts P0 7Hearts P1 3Hearts 
P2 2Hearts P3 3Clubs P0 6Hearts P1 KHearts 
P3 4Clubs P0 2Clubs P1 5Clubs P2 4Spades 
P1 4Diamonds P2 6Diamonds P3 6Clubs P0 KDiamonds 
P3 QClubs P0 3Spades P1 JClubs P2 5Hearts 
P1 5Diamonds P2 JDiamonds P3 KClubs P0 7Diamonds 
P3 7Clubs P0 JHearts P1 AClubs P2 QHearts 
-- /GAME --
P0 HAND: ADiamonds, QDiamonds, KClubs, QClubs, 6Clubs, 5Clubs, 7Hearts, 4Hearts, 3Hearts, KSpades.
P1 HAND: JDiamonds, 7Clubs, 3Clubs, AHearts, KHearts, 2Hearts, ASpades, JSpades, 6Spades, 2Spades.
P2 HAND: 7Diamonds, KDiamonds, 6Diamonds, JClubs, JHearts, 6Hearts, 5Hearts, 7Spades, 5Spades, 4Spades.
P3 HAND: 5Diamonds, 4Diamonds, 3Diamonds, 2Diamonds, AClubs, 4Clubs, 2Clubs, QHearts, QSpades, 3Spades.
P3 2Diamonds P0 ADiamonds P1 JDiamonds P2 7Diamonds 
P0 3Hearts P1 AHearts P2 5Hearts P3 QHearts 
P1 ASpades P2 4Spades P3 QSpades P0 KSpades 
P1 2Hearts P2 6Hearts P3 3Diamonds P0 7Hearts 
P0 QDiamonds P1 2Spades P2 KDiamonds P3 4Diamonds 
P2 5Spades P3 3Spades P0 5Clubs P1 6Spades 
P0 4Hearts P1 KHearts P2 JHearts P3 5Diamonds 
P1 JSpades P2 7Spades P3 2Clubs P0 KClubs 
P0 QClubs P1 3Clubs P2 JClubs P3 AClubs 
P3 4Clubs P0 6Clubs P1 7Clubs P2 6Diamonds 
-- /GAME --
P0 HAND: 3Diamonds, KClubs, QClubs, AHearts, 7Hearts, KHearts, 6Hearts, 5Hearts, 2Hearts, KSpades.
P1 HAND: KDiamonds, JDiamonds, 5Diamonds, AClubs, 6Clubs, 4Clubs, 7Spades, JSpades, QSpades, 6Spades.
P2 HAND: ADiamonds, 6Diamonds, 4Diamonds, JClubs, 5Clubs, 2Clubs, QHearts, 3Hearts, 4Spades, 3Spades.
P3 HAND: 7Diamonds, QDiamonds, 2Diamonds, 7Clubs, 3Clubs, JHearts, 4Hearts, ASpades, 5Spades, 2Spades.
P2 2Clubs P3 3Clubs P0 QClubs P1 AClubs 
P1 4Clubs P2 5Clubs P3 7Clubs P0 KClubs 
P3 ASpades P0 KSpades P1 7Spades P2 3Spades 
P3 2Spades P0 2Hearts P1 JSpades P2 4Spades 
P1 6Clubs P2 JClubs P3 4Hearts P0 5Hearts 
P2 3Hearts P3 JHearts P0 AHearts P1 5Diamonds 
P1 6Spades P2 QHearts P3 5Spades P0 7Hearts 
P1 QSpades P2 4Diamonds P3 2Diamonds P0 KHearts 
P2 6Diamonds P3 QDiamonds P0 3Diamonds P1 JDiamonds 
P1 KDiamonds P2 ADiamonds P3 7Diamonds P0 6Hearts 
-- /GAME --
P0 HAND: QDiamonds, 2Diamonds, KClubs, 2Clubs, KHearts, 5Hearts, 3Hearts, ASpades, 7Spades, 5Spades.
P1 HAND: ADiamonds, 7Diamonds, 6Diamonds, 4Diamonds, 3Diamonds, 7Clubs, AHearts, JHearts, 4Spades, 3Spades.
P2 HAND: JDiamonds, AClubs, 6Clubs, 5Clubs, 6Hearts, 4Hearts, 2Hearts, KSpades, JSpades, QSpades.
P3 HAND: KDiamonds, 5Diamonds, JClubs, QClubs, 4Clubs, 3Clubs, 7Hearts, QHearts, 6Spades, 2Spades.
P1 3Diamonds P2 JDiamonds P3 5Diamonds P0 QDiamonds 
P2 2Hearts P3 QHearts P0 KHearts P1 AHearts 
P1 3Spades P2 QSpades P3 2Spades P0 ASpades 
P0 7Spades P1 4Spades P2 KSpades P3 6Spades 
P0 5Spades P1 4Diamonds P2 JSpades P3 3Clubs 
P3 4Clubs P0 2Clubs P1 7Clubs P2 AClubs 
P2 4Hearts P3 7Hearts P0 3Hearts P1 JHearts 
P3 QClubs P0 KClubs P1 6Diamonds P2 5Clubs 
P0 5Hearts P1 7Diamonds P2 6Hearts P3 JClubs 
P3 KDiamonds P0 2Diamonds P1 ADiamonds P2 6Clubs 
-- /GAME --
P0 HAND: ADiamonds, 7Diamonds, KDiamonds, 4Diamonds, JClubs, 6Clubs, 5Clubs, 2Clubs, 7Spades, QSpades.
P1 HAND: 6Diamonds, 2Diamonds, AClubs, KClubs, 7Hearts, JHearts, QHearts, 3Hearts, 5Spades, 4Spades.
P2 HAND: JDiamonds, 5Diamonds, 7Clubs, AHearts, KHearts, 5Hearts, ASpades, KSpades, JSpades, 3Spades.
P3 HAND: QDiamonds, 3Diamonds, QClubs, 4Clubs, 3Clubs, 6Hearts, 4Hearts, 2Hearts, 6Spades, 2Spades.
P0 ADiamonds P1 2Diamonds P2 JDiamonds P3 3Diamonds 
P0 7Diamonds P1 6Diamonds P2 5Diamonds P3 QDiamonds 
P0 KDiamonds P1 3Hearts P2 5Hearts P3 2Hearts 
P0 4Diamonds P1 QHearts P2 3Spades P3 3Clubs 
P2 JSpades P3 2Spades P0 QSpades P1 4Spades 
P2 KSpades P3 6Spades P0 7Spades P1 5Spades 
P0 JClubs P1 AClubs P2 7Clubs P3 QClubs 
P1 JHearts P2 KHearts P3 4Hearts P0 6Clubs 
P2 ASpades P3 4Clubs P0 5Clubs P1 KClubs 
P2 AHearts P3 6Hearts P0 2Clubs P1 7Hearts 
-- /GAME --
P0 HAND: 6Diamonds, AClubs, 6Clubs, 5Clubs, 3Clubs, QHearts, 5Hearts, QSpades, 6Spades, 4Spades.
P1 HAND: 7Diamonds, QDiamonds, 4Diamonds, 2Diamonds, KClubs, JClubs, AHearts, 4Hearts, JSpades, 3Spades.
P2 HAND: ADiamonds, JDiamonds, 7Clubs, 7Hearts, JHearts, 6Hearts, 2Hearts, ASpades, 7Spades, 2Spades.
P3 HAND: KDiamonds, 5Diamonds, 3Diamonds, QClubs, 4Clubs, 2Clubs, KHearts, 3Hearts, KSpades, 5Spades.
P3 2Clubs P0 AClubs P1 JClubs P2 7Clubs 
P0 6Diamonds P1 2Diamonds P2 ADiamonds P3 3Diamonds 
P2 2Hearts P3 3Hearts P0 QHearts P1 AHearts 
P1 4Diamonds P2 JDiamonds P3 5Diamonds P0 5Hearts 
P2 6Hearts P3 KHearts P0 4Spades P1 4Hearts 
P0 6Clubs P1 KClubs P2 2Spades P3 4Clubs 
P2 JHearts P3 QClubs P0 6Spades P1 JSpades 
P1 QDiamonds P2 7Spades P3 KDiamonds P0 5Clubs 
P2 ASpades P3 5Spades P0 QSpades P1 3Spades 
P2 7Hearts P3 KSpades P0 3Clubs P1 7Diamonds 
-- /GAME --
P0 HAND: JDiamonds, QDiamonds, 7Clubs, 3Clubs, 2Clubs, AHearts, QHearts, 6Hearts, 5Hearts, 7Spades.
P1 HAND: ADiamonds, 7Diamonds, KDiamonds, JClubs, 5Clubs, 4Clubs, 4Hearts, 3Hearts, QSpades, 6Spades.
P2 HAND: 6Diamonds, 4Diamonds, 2Diamonds, AClubs, KClubs, QClubs, 7Hearts, KHearts, JHearts, KSpades.
P3 HAND: 5Diamonds, 3Diamonds, 6Clubs, 2Hearts, ASpades, JSpades, 5Spades, 4Spades, 3Spades, 2Spades.
P3 2Hearts P0 AHearts P1 3Hearts P2 7Hearts 
P0 QDiamonds P1 ADiamonds P2 2Diamonds P3 5Diamonds 
P1 4Hearts P2 JHearts P3 2Spades P0 QHearts 
P2 4Diamonds P3 3Diamonds P0 JDiamonds P1 7Diamonds 
P1 6Spades P2 KSpades P3 ASpades P0 7Spades 
P3 3Spades P0 5Hearts P1 QSpades P2 6Diamonds 
P1 4Clubs P2 QClubs P3 6Clubs P0 7Clubs 
P0 6Hearts P1 5Clubs P2 KHearts P3 JSpades 
P1 JClubs P2 KClubs P3 4Spades P0 2Clubs 
P2 AClubs P3 5Spades P0 3Clubs P1 KDiamonds 
-- /GAME --
P0 HAND: KDiamonds, QDiamonds, 2Diamonds, KClubs, JClubs, 6Clubs, 6Hearts, 2Hearts, QSpades, 5Spades.
P1 HAND: JDiamonds, AClubs, 4Clubs, 2Clubs, 5Hearts, 3Hearts, 7Spades, 4Spades, 3Spades, 2Spades.
P2 HAND: 7Diamonds, 6Diamonds, 4Diamonds, 3Diamonds, QClubs, 7Hearts, QHearts, 4Hearts, ASpades, 6Spades.
P3 HAND: ADiamonds, 5Diamonds, 7Clubs, 5Clubs, 3Clubs, AHearts, KHearts, JHearts, KSpades, JSpades.
P2 3Diamonds P3 ADiamonds P0 2Diamonds P1 JDiamonds 
P3 AHearts P0 2Hearts P1 5Hearts P2 4Hearts 
P3 3Clubs P0 6Clubs P1 AClubs P2 QClubs 
P1 2Clubs P2 4Diamonds P3 7Clubs P0 JClubs 
P3 5Diamonds P0 KDiamonds P1 3Hearts P2 7Diamonds 
P2 6Diamonds P3 5Clubs P0 QDiamonds P1 4Clubs 
P0 KClubs P1 2Spades P2 QHearts P3 KHearts 
P1 3Spades P2 6Spades P3 JSpades P0 5Spades 
P3 JHearts P0 6Hearts P1 4Spades P2 7Hearts 
P1 7Spades P2 ASpades P3 KSpades P0 QSpades 
-- /GAME --
P0 HAND: ADiamonds, 7Diamonds, JDiamonds, 4Diamonds, AClubs, 7Clubs, KClubs, 4Hearts, QSpades, 4Spades.
P1 HAND: 2Diamonds, JClubs, 5Clubs, 4Clubs, 7Hearts, QHearts, 3Hearts, ASpades, 3Spades, 2Spades.
P2 HAND: 5Diamonds, 3Diamonds, 3Clubs, 2Clubs, JHearts, 5Hearts, 2Hearts, 7Spades, KSpades, JSpades.
P3 HAND: KDiamonds, QDiamonds, 6Diamonds, QClubs, 6Clubs, AHearts, KHearts, 6Hearts, 6Spades, 5Spades.
P1 ASpades P2 JSpades P3 6Spades P0 QSpades 
P1 2Spades P2 KSpades P3 5Spades P0 4Spades 
P2 2Clubs P3 6Clubs P0 AClubs P1 4Clubs 
P0 7Clubs P1 5Clubs P2 3Clubs P3 QClubs 
P0 KClubs P1 JClubs P2 3Diamonds P3 6Diamonds 
P3 AHearts P0 4Hearts P1 7Hearts P2 2Hearts 
P3 6Hearts P0 ADiamonds P1 3Hearts P2 JHearts 
P0 7Diamonds P1 2Diamonds P2 5Diamonds P3 QDiamonds 
P0 JDiamonds P1 3Spades P2 5Hearts P3 KDiamonds 
P3 KHearts P0 4Diamonds P1 QHearts P2 7Spades 
-- /GAME --
P0 HAND: KDiamonds, JDiamonds, 7Clubs, 4Clubs, 3Clubs, 6Hearts, 2Hearts, ASpades, JSpades, QSpades.
P1 HAND: 6Diamonds, 4Diamonds, AClubs, KClubs, 6Clubs, QHearts, 5Spades, 4Spades, 3Spades, 2Spades.
P2 HAND: ADiamonds, QDiamonds, 2Diamonds, JClubs, QClubs, KHearts, 5Hearts, 3Hearts, KSpades, 6Spades.
P3 HAND: 7Diamonds, 5Diamonds, 3Diamonds, 5Clubs, 2Clubs, AHearts, 7Hearts, JHearts, 4Hearts, 7Spades.
P0 ASpades P1 2Spades P2 KSpades P3 7Spades 
P0 QSpades P1 3Spades P2 6Spades P3 2Clubs 
P0 JSpades P1 4Spades P2 3Hearts P3 4Hearts 
P0 3Clubs P1 AClubs P2 QClubs P3 5Clubs 
P1 5Spades P2 5Hearts P3 3Diamonds P0 2Hearts 
P3 JHearts P0 6Hearts P1 QHearts P2 KHearts 
P2 JClubs P3 5Diamonds P0 4Clubs P1 KClubs 
P3 7Diamonds P0 JDiamonds P1 4Diamonds P2 ADiamonds 
P2 2Diamonds P3 7Hearts P0 KDiamonds P1 6Diamonds 
P0 7Clubs P1 6Clubs P2 QDiamonds P3 AHearts 
-- /GAME --
P0 HAND: KDiamonds, 4Diamonds, KClubs, 2Clubs, JHearts, 3Hearts, ASpades, KSpades, QSpades, 4Spades.
P1 HAND: 7Diamonds, 5Diamonds, 7Clubs, 5Clubs, 4Clubs, 3Clubs, QHearts, 6Hearts, 4Hearts, 7Spades.
P2 HAND: 3Diamonds, 2Diamonds, JClubs, QClubs, AHearts, 7Hearts, KHearts, 5Hearts, 6Spades, 2Spades.
P3 HAND: ADiamonds, JDiamonds, QDiamonds, 6Diamonds, AClubs, 6Clubs, 2Hearts, JSpades, 5Spades, 3Spades.
P3 ADiamonds P0 4Diamonds P1 7Diamonds P2 2Diamonds 
P3 AClubs P0 2Clubs P1 7Clubs P2 QClubs 
P3 2Hearts P0 JHearts P1 4Hearts P2 AHearts 
P2 3Diamonds P3 6Diamonds P0 KDiamonds P1 5Diamonds 
P0 KClubs P1 3Clubs P2 JClubs P3 6Clubs 
P0 4Spades P1 7Spades P2 2Spades P3 3Spades 
P1 4Clubs P2 5Hearts P3 QDiamonds P0 QSpades 
P0 3Hearts P1 6Hearts P2 KHearts P3 5Spades 
P3 JDiamonds P0 KSpades P1 5Clubs P2 7Hearts 
P0 ASpades P1 QHearts P2 6Spades P3 JSpades 
-- /GAME --
P0 HAND: QDiamonds, 4Diamonds, 2Diamonds, JClubs, 6Clubs, 5Clubs, 4Clubs, 3Clubs, JHearts, 2Spades.
P1 HAND: 6Diamonds, 5Diamonds, 3Diamonds, AHearts, 7Hearts, 5Hearts, 2Hearts, 7Spades, QSpades, 3Spades.
P2 HAND: KDiamonds, JDiamonds, AClubs, 2Clubs, KHearts, QHearts, 3Hearts, KSpades, JSpades, 5Spades.
P3 HAND: ADiamonds, 7Diamonds, 7Clubs, KClubs, QClubs, 6Hearts, 4Hearts, ASpades, 6Spades, 4Spades.
P0 2Spades P1 3Spades P2 5Spades P3 ASpades 
P3 ADiamonds P0 2Diamonds P1 6Diamonds P2 JDiamonds 
P3 4Spades P0 4Diamonds P1 7Spades P2 JSpades 
P1 3Diamonds P2 KDiamonds P3 7Diamonds P0 QDiamonds 
P3 6Spades P0 3Clubs P1 QSpades P2 KSpades 
P2 AClubs P3 QClubs P0 JClubs P1 2Hearts 
P1 5Diamonds P2 2Clubs P3 4Hearts P0 JHearts 
P0 6Clubs P1 5Hearts P2 3Hearts P3 7Clubs 
P1 7Hearts P2 QHearts P3 6Hearts P0 5Clubs 
P1 AHearts P2 KHearts P3 KClubs P0 4Clubs 
-- /GAME --
P0 HAND: KDiamonds, 4Diamonds, 2Diamonds, KClubs, QClubs, 4Clubs, 3Clubs, 6Hearts, 4Hearts, 4Spades.
P1 HAND: 6Diamonds, 5Diamonds, 3Diamonds, 6Clubs, 5Clubs, KHearts, JHearts, QHearts, 7Spades, KSpades.
P2 HAND: ADiamonds, QDiamonds, 7Clubs, 5Hearts, 2Hearts, QSpades, 6Spades, 5Spades, 3Spades, 2Spades.
P3 HAND: 7Diamonds, JDiamonds, AClubs, JClubs, 2Clubs, AHearts, 7Hearts, 3Hearts, ASpades, JSpades.
P3 AHearts P0 4Hearts P1 KHearts P2 2Hearts 
P3 ASpades P0 4Spades P1 7Spades P2 2Spades 
P3 3Hearts P0 6Hearts P1 QHearts P2 5Hearts 
P1 3Diamonds P2 ADiamonds P3 JDiamonds P0 KDiamonds 
P2 3Spades P3 JSpades P0 3Clubs P1 KSpades 
P0 2Diamonds P1 5Diamonds P2 QDiamonds P3 7Diamonds 
P3 2Clubs P0 4Clubs P1 5Clubs P2 7Clubs 
P2 5Spades P3 JClubs P0 KClubs P1 6Diamonds 
P0 4Diamonds P1 6Clubs P2 6Spades P3 7Hearts 
P1 JHearts P2 QSpades P3 AClubs P0 QClubs 
-- /GAME --
P0 HAND: 7Diamonds, JDiamonds, 5Diamonds, 7Clubs, QClubs, 2Clubs, 7Hearts, 6Hearts, QSpades, 2Spades.
P1 HAND: QDiamonds, 4Diamonds, 4Clubs, 3Clubs, KHearts, QHearts, 2Hearts, KSpades, 4Spades, 3Spades.
P2 HAND: ADiamonds, KDiamonds, 6Diamonds, 3Diamonds, AClubs, KClubs, JClubs, 6Clubs, JHearts, 5Spades.
P3 HAND: 2Diamonds, 5Clubs, AHearts, 5Hearts, 4Hearts, 3Hearts, ASpades, 7Spades, JSpades, 6Spades.
P2 ADiamonds P3 2Diamonds P0 7Diamonds P1 4Diamonds 
P2 AClubs P3 5Clubs P0 7Clubs P1 3Clubs 
P2 3Diamonds P3 6Spades P0 5Diamonds P1 QDiamonds 
P1 3Spades P2 5Spades P3 ASpades P0 2Spades 
P3 JSpades P0 QSpades P1 4Spades P2 JHearts 
P2 6Diamonds P3 3Hearts P0 JDiamonds P1 KSpades 
P3 4Hearts P0 7Hearts P1 2Hearts P2 KDiamonds 
P0 QClubs P1 4Clubs P2 6Clubs P3 5Hearts 
P3 AHearts P0 6Hearts P1 QHearts P2 JClubs 
P3 7Spades P0 2Clubs P1 KHearts P2 KClubs 
-- /GAME --
P0 HAND: JDiamonds, 6Diamonds, 5Diamonds, 3Diamonds, KClubs, QClubs, 4Clubs, 2Clubs, AHearts, KSpades.
P1 HAND: 7Diamonds, 6Clubs, 3Clubs, KHearts, 5Hearts, 4Hearts, 3Hearts, JSpades, 4Spades, 3Spades.
P2 HAND: ADiamonds, 2Diamonds, 5Clubs, 7Hearts, JHearts, 6Hearts, 2Hearts, 7Spades, QSpades, 5Spades.
P3 HAND: KDiamonds, QDiamonds, 4Diamonds, AClubs, 7Clubs, JClubs, QHearts, ASpades, 6Spades, 2Spades.
P1 3Clubs P2 5Clubs P3 AClubs P0 2Clubs 
P3 ASpades P0 KSpades P1 JSpades P2 5Spades 
P3 2Spades P0 5Diamonds P1 3Spades P2 7Spades 
P2 ADiamonds P3 4Diamonds P0 JDiamonds P1 7Diamonds 
P2 2Diamonds P3 QDiamonds P0 6Diamonds P1 6Clubs 
P3 6Spades P0 3Diamonds P1 4Spades P2 QSpades 
P2 2Hearts P3 QHearts P0 AHearts P1 3Hearts 
P0 KClubs P1 4Hearts P2 6Hearts P3 JClubs 
P2 JHearts P3 KDiamonds P0 4Clubs P1 KHearts 
P1 5Hearts P2 7Hearts P3 7Clubs P0 QClubs 
-- /GAME --
P0 HAND: ADiamonds, KDiamonds, 6Diamonds, JClubs, QClubs, JHearts, 7Spades, 5Spades, 4Spades, 2Spades.
P1 HAND: JDiamonds, 2Diamonds, 7Clubs, 2Clubs, AHearts, 7Hearts, 6Hearts, 2Hearts, JSpades, QSpades.
P2 HAND: QDiamonds, 4Diamonds, 3Diamonds, AClubs, 6Clubs, 5Clubs, 4Hearts, ASpades, KSpades, 6Spades.
P3 HAND: 7Diamonds, 5Diamonds, KClubs, 4Clubs, 3Clubs, KHearts, QHearts, 5Hearts, 3Hearts, 3Spades.
P0 ADiamonds P1 2Diamonds P2 QDiamonds P3 5Diamonds 
P0 JHearts P1 AHearts P2 4Hearts P3 KHearts 
P1 2Hearts P2 3Diamonds P3 3Hearts P0 2Spades 
P3 3Spades P0 4Spades P1 QSpades P2 ASpades 
P2 4Diamonds P3 7Diamonds P0 6Diamonds P1 JDiamonds 
P3 5Hearts P0 5Spades P1 6Hearts P2 6Spades 
P1 JSpades P2 KSpades P3 3Clubs P0 7Spades 
P3 QHearts P0 QClubs P1 7Hearts P2 5Clubs 
P0 JClubs P1 2Clubs P2 6Clubs P3 4Clubs 
P0 KDiamonds P1 7Clubs P2 AClubs P3 KClubs 
-- /GAME --
P0 HAND: KDiamonds, QDiamonds, 6Diamonds, AClubs, KClubs, KHearts, JHearts, 3Hearts, 2Hearts, JSpades.
P1 HAND: 3Diamonds, JClubs, QClubs, 6Clubs, 2Clubs, QHearts, ASpades, KSpades, QSpades, 5Spades.
P2 HAND: JDiamonds, 4Diamonds, 2Diamonds, 7Clubs, 5Clubs, 4Clubs, 3Clubs, 7Hearts, 6Hearts, 2Spades.
P3 HAND: ADiamonds, 7Diamonds, 5Diamonds, AHearts, 5Hearts, 4Hearts, 7Spades, 6Spades, 4Spades, 3Spades.
P3 AHearts P0 2Hearts P1 QHearts P2 6Hearts 
P3 3Spades P0 JSpades P1 ASpades P2 2Spades 
P1 2Clubs P2 3Clubs P3 4Hearts P0 AClubs 
P0 KClubs P1 6Clubs P2 4Clubs P3 4Spades 
P0 6Diamonds P1 3Diamonds P2 2Diamonds P3 5Diamonds 
P0 3Hearts P1 5Spades P2 7Hearts P3 5Hearts 
P2 5Clubs P3 6Spades P0 JHearts P1 JClubs 
P1 QClubs P2 7Clubs P3 7Diamonds P0 KHearts 
P3 ADiamonds P0 QDiamonds P1 KSpades P2 4Diamonds 
P3 7Spades P0 KDiamonds P1 QSpades P2 JDiamonds 
-- /GAME --
P0 HAND: JDiamonds, 3Diamonds, 2Diamonds, JClubs, QClubs, 3Clubs, KHearts, 6Hearts, 7Spades, QSpades.
P1 HAND: 7Clubs, 6Clubs, 2Clubs, 7Hearts, 4Hearts, 3Hearts, 2Hearts, KSpades, 3Spades, 2Spades.
P2 HAND: ADiamonds, 7Diamonds, 6Diamonds, KClubs, 5Clubs, QHearts, 5Hearts, ASpades, JSpades, 4Spades.
P3 HAND: KDiamonds, QDiamonds, 5Diamonds, 4Diamonds, AClubs, 4Clubs, AHearts, JHearts, 6Spades, 5Spades.
P1 2Clubs P2 5Clubs P3 AClubs P0 3Clubs 
P3 4Diamonds P0 2Diamonds P1 2Spades P2 ADiamonds 
P2 ASpades P3 5Spades P0 7Spades P1 3Spades 
P2 4Spades P3 6Spades P0 QSpades P1 KSpades 
P1 6Clubs P2 KClubs P3 4Clubs P0 JClubs 
P2 6Diamonds P3 5Diamonds P0 JDiamonds P1 2Hearts 
P1 3Hearts P2 5Hearts P3 JHearts P0 KHearts 
P0 3Diamonds P1 4Hearts P2 7Diamonds P3 KDiamonds 
P1 7Hearts P2 QHearts P3 AHearts P0 6Hearts 
P3 QDiamonds P0 QClubs P1 7Clubs P2 JSpades 
-- /GAME --
P0 HAND: ADiamonds, 4Diamonds, 3Diamonds, JClubs, 5Clubs, 4Clubs, 3Clubs, JHearts, 6Hearts, 2Hearts.
P1 HAND: JDiamonds, QDiamonds, 6Diamonds, 7Hearts, QHearts, 3Hearts, JSpades, 6Spades, 4Spades, 3Spades.
P2 HAND: 7Diamonds, KDiamonds, 5Diamonds, 2Diamonds, QClubs, 6Clubs, 5Hearts, 7Spades, KSpades, QSpades.
P3 HAND: AClubs, 7Clubs, KClubs, 2Clubs, AHearts, KHearts, 4Hearts, ASpades, 5Spades, 2Spades.
P0 ADiamonds P1 6Diamonds P2 7Diamonds P3 2Spades 
P3 AClubs P0 3Clubs P1 7Hearts P2 6Clubs 
P3 AHearts P0 2Hearts P1 QHearts P2 5Hearts 
P3 2Clubs P0 JClubs P1 3Hearts P2 QClubs 
P0 4Diamonds P1 QDiamonds P2 2Diamonds P3 7Clubs 
P1 JDiamonds P2 5Diamonds P3 4Hearts P0 3Diamonds 
P1 3Spades P2 QSpades P3 5Spades P0 JHearts 
P2 KSpades P3 ASpades P0 6Hearts P1 4Spades 
P3 KClubs P0 4Clubs P1 6Spades P2 7Spades 
P2 KDiamonds P3 KHearts P0 5Clubs P1 JSpades 
-- /GAME --
P0 HAND: KDiamonds, 2Diamonds, AClubs, 7Clubs, 3Clubs, JHearts, QHearts, 2Hearts, KSpades, 3Spades.
P1 HAND: ADiamonds, 6Diamonds, 4Diamonds, QClubs, 6Clubs, 5Clubs, AHearts, 6Hearts, 7Spades, 6Spades.
P2 HAND: QDiamonds, KClubs, JClubs, 4Clubs, 2Clubs, KHearts, JSpades, QSpades, 4Spades, 2Spades.
P3 HAND: 7Diamonds, JDiamonds, 5Diamonds, 3Diamonds, 7Hearts, 5Hearts, 4Hearts, 3Hearts, ASpades, 5Spades.
P3 ASpades P0 3Spades P1 7Spades P2 2Spades 
P3 3Diamonds P0 2Diamonds P1 ADiamonds P2 QDiamonds 
P1 AHearts P2 KHearts P3 7Hearts P0 2Hearts 
P1 4Diamonds P2 4Spades P3 7Diamonds P0 KDiamonds 
P3 3Hearts P0 QHearts P1 6Hearts P2 JSpades 
P0 JHearts P1 6Diamonds P2 QSpades P3 4Hearts 
P0 3Clubs P1 5Clubs P2 2Clubs P3 JDiamonds 
P1 6Spades P2 4Clubs P3 5Spades P0 KSpades 
P2 JClubs P3 5Diamonds P0 AClubs P1 6Clubs 
P0 7Clubs P1 QClubs P2 KClubs P3 5Hearts 
-- /GAME --
P0 HAND: ADiamonds, JDiamonds, 4Diamonds, 7Hearts, JHearts, JSpades, QSpades, 6Spades, 3Spades, 2Spades.
P1 HAND: 7Diamonds, 3Diamonds, KClubs, JClubs, 2Clubs, AHearts, 6Hearts, 7Spades, KSpades, 4Spades.
P2 HAND: QDiamonds, AClubs, 7Clubs, 5Clubs, 4Clubs, 3Clubs, 5Hearts, 2Hearts, ASpades, 5Spades.
P3 HAND: KDiamonds, 6Diamonds, 5Diamonds, 2Diamonds, QClubs, 6Clubs, KHearts, QHearts, 4Hearts, 3Hearts.
P0 2Spades P1 4Spades P2 ASpades P3 2Diamonds 
P3 3Hearts P0 JHearts P1 AHearts P2 2Hearts 
P1 2Clubs P2 AClubs P3 6Clubs P0 7Hearts 
P2 3Clubs P3 QClubs P0 4Diamonds P1 JClubs 
P0 3Spades P1 7Spades P2 5Spades P3 KHearts 
P1 6Hearts P2 5Hearts P3 4Hearts P0 6Spades 
P1 3Diamonds P2 QDiamonds P3 5Diamonds P0 JDiamonds 
P0 JSpades P1 KSpades P2 4Clubs P3 QHearts 
P1 7Diamonds P2 5Clubs P3 6Diamonds P0 ADiamonds 
P0 QSpades P1 KClubs P2 7Clubs P3 KDiamonds 
-- /GAME --
P0 HAND: 7Diamonds, KDiamonds, QDiamonds, 2Diamonds, QClubs, 4Clubs, QHearts, 5Hearts, 3Hearts, QSpades.
P1 HAND: ADiamonds, 3Diamonds, KClubs, 5Clubs, 3Clubs, JHearts, 6Hearts, 4Hearts, 6Spades, 4Spades.
P2 HAND: JDiamonds, 5Diamonds, 4Diamonds, 6Clubs, AHearts, KHearts, JSpades, 5Spades, 3Spades, 2Spades.
P3 HAND: 6Diamonds, AClubs, 7Clubs, JClubs, 2Clubs, 7Hearts, 2Hearts, ASpades, 7Spades, KSpades.
P3 AClubs P0 4Clubs P1 KClubs P2 6Clubs 
P3 ASpades P0 QSpades P1 6Spades P2 2Spades 
P3 2Clubs P0 QClubs P1 3Clubs P2 AHearts 
P0 2Diamonds P1 3Diamonds P2 4Diamonds P3 6Diamonds 
P3 2Hearts P0 QHearts P1 4Hearts P2 KHearts 
P2 3Spades P3 KSpades P0 QDiamonds P1 4Spades 
P0 3Hearts P1 6Hearts P2 5Spades P3 7Hearts 
P3 JClubs P0 KDiamonds P1 5Clubs P2 JSpades 
P0 5Hearts P1 JHearts P2 5Diamonds P3 7Clubs 
P2 JDiamonds P3 7Spades P0 7Diamonds P1 ADiamonds 
-- /GAME --
P0 HAND: QDiamonds, 6Diamonds, AClubs, KClubs, QClubs, 4Clubs, AHearts, 7Hearts, QHearts, ASpades.
P1 HAND: 7Diamonds, 5Diamonds, 4Diamonds, 7Clubs, JClubs, KHearts, JHearts, 4Hearts, 7Spades, JSpades.
P2 HAND: KDiamonds, JDiamonds, 3Diamonds, 6Clubs, 3Clubs, 2Clubs, 6Hearts, 3Hearts, 2Hearts, 2Spades.
P3 HAND: ADiamonds, 2Diamonds, 5Clubs, 5Hearts, KSpades, QSpades, 6Spades, 5Spades, 4Spades, 3Spades.
P2 2Clubs P3 5Clubs P0 AClubs P1 JClubs 
P0 AHearts P1 4Hearts P2 6Hearts P3 5Hearts 
P0 QDiamonds P1 4Diamonds P2 3Diamonds P3 ADiamonds 
P3 2Diamonds P0 6Diamonds P1 7Diamonds P2 JDiamonds 
P1 5Diamonds P2 KDiamonds P3 3Spades P0 4Clubs 
P3 4Spades P0 ASpades P1 JSpades P2 2Spades 
P0 QClubs P1 7Clubs P2 3Clubs P3 5Spades 
P3 6Spades P0 QHearts P1 7Spades P2 2Hearts 
P1 JHearts P2 3Hearts P3 QSpades P0 7Hearts 
P3 KSpades P0 KClubs P1 KHearts P2 6Clubs 
-- /GAME --
P0 HAND: ADiamonds, 7Diamonds, KDiamonds, 4Diamonds, 3Diamonds, 2Diamonds, AClubs, 3Clubs, 7Hearts, QSpades.
P1 HAND: JDiamonds, JClubs, 6Clubs, 5Clubs, 2Clubs, AHearts, KHearts, 6Hearts, 4Hearts, 7Spades.
P2 HAND: 6Diamonds, 5Diamonds, 7Clubs, KClubs, QHearts, 5Hearts, KSpades, JSpades, 5Spades, 4Spades.
P3 HAND: QDiamonds, QClubs, 4Clubs, JHearts, 3Hearts, 2Hearts, ASpades, 6Spades, 3Spades, 2Spades.
P1 AHearts P2 5Hearts P3 JHearts P0 7Hearts 
P1 2Clubs P2 KClubs P3 4Clubs P0 AClubs 
P0 ADiamonds P1 JDiamonds P2 5Diamonds P3 QDiamonds 
P0 7Diamonds P1 4Hearts P2 6Diamonds P3 2Hearts 
P0 KDiamonds P1 5Clubs P2 4Spades P3 2Spades 
P0 4Diamonds P1 6Clubs P2 5Spades P3 3Hearts 
P0 QSpades P1 7Spades P2 JSpades P3 ASpades 
P3 3Spades P0 3Diamonds P1 6Hearts P2 KSpades 
P0 2Diamonds P1 JClubs P2 QHearts P3 6Spades 
P0 3Clubs P1 KHearts P2 7Clubs P3 QClubs 
-- /GAME --
P0 HAND: QDiamonds, 4Diamonds, 3Diamonds, 2Diamonds, KClubs, QClubs, 6Clubs, 4Clubs, AHearts, JSpades.
P1 HAND: ADiamonds, KDiamonds, JDiamonds, 6Diamonds, 5Clubs, 3Clubs, QHearts, 4Hearts, 2Hearts, QSpades.
P2 HAND: AClubs, 7Clubs, JClubs, 7Hearts, KHearts, JHearts, 5Hearts, 3Hearts, 7Spades, 5Spades.
P3 HAND: 7Diamonds, 5Diamonds, 2Clubs, 6Hearts, ASpades, KSpades, 6Spades, 4Spades, 3Spades, 2Spades.
P0 AHearts P1 2Hearts P2 7Hearts P3 6Hearts 
P0 JSpades P1 QSpades P2 5Spades P3 ASpades 
P3 2Clubs P0 4Clubs P1 3Clubs P2 AClubs 
P2 3Hearts P3 2Spades P0 2Diamonds P1 4Hearts 
P0 6Clubs P1 5Clubs P2 7Clubs P3 5Diamonds 
P3 3Spades P0 QClubs P1 QHearts P2 7Spades 
P2 5Hearts P3 4Spades P0 KClubs P1 6Diamonds 
P1 JDiamonds P2 JClubs P3 7Diamonds P0 3Diamonds 
P3 6Spades P0 4Diamonds P1 KDiamonds P2 JHearts 
P1 ADiamonds P2 KHearts P3 KSpades P0 QDiamonds 
-- /GAME --
P0 HAND: ADiamonds, JDiamonds, 6Diamonds, 5Diamonds, 2Diamonds, KHearts, QHearts, 2Hearts, ASpades, JSpades.
P1 HAND: 3Diamonds, QClubs, 5Clubs, 3Clubs, AHearts, 6Hearts, 4Hearts, 6Spades, 5Spades, 4Spades.
P2 HAND: 7Diamonds, 4Diamonds, 4Clubs, 2Clubs, 7Hearts, JHearts, 5Hearts, 3Hearts, 7Spades, 2Spades.
P3 HAND: KDiamonds, QDiamonds, AClubs, 7Clubs, KClubs, JClubs, 6Clubs, KSpades, QSpades, 3Spades.
P2 2Clubs P3 AClubs P0 2Hearts P1 3Clubs 
P0 ADiamonds P1 3Diamonds P2 7Diamonds P3 QDiamonds 
P0 ASpades P1 4Spades P2 7Spades P3 3Spades 
P0 JSpades P1 5Spades P2 2Spades P3 KSpades 
P3 6Clubs P0 2Diamonds P1 5Clubs P2 4Clubs 
P3 QSpades P0 KHearts P1 6Spades P2 4Diamonds 
P0 6Diamonds P1 QClubs P2 3Hearts P3 KDiamonds 
P2 5Hearts P3 JClubs P0 QHearts P1 AHearts 
P1 4Hearts P2 JHearts P3 KClubs P0 JDiamonds 
P2 7Hearts P3 7Clubs P0 5Diamonds P1 6Hearts 
-- /GAME --
P0 HAND: 4Diamonds, 3Diamonds, 7Clubs, JClubs, 6Clubs, 5Clubs, KHearts, 5Hearts, 4Hearts, 5Spades.
P1 HAND: ADiamonds, JDiamonds, 6Diamonds, 2Diamonds, QClubs, 3Clubs, 2Clubs, JHearts, 6Spades, 2Spades.
P2 HAND: KClubs, 4Clubs, AHearts, 7Hearts, 3Hearts, ASpades, 7Spades, JSpades, 4Spades, 3Spades.
P3 HAND: 7Diamonds, KDiamonds, QDiamonds, 5Diamonds, AClubs, QHearts, 6Hearts, 2Hearts, KSpades, QSpades.
P1 2Clubs P2 4Clubs P3 AClubs P0 5Clubs 
P3 2Hearts P0 4Hearts P1 JHearts P2 AHearts 
P2 3Hearts P3 6Hearts P0 KHearts P1 2Spades 
P0 6Clubs P1 3Clubs P2 KClubs P3 QHearts 
P2 3Spades P3 QSpades P0 5Spades P1 6Spades 
P3 5Diamonds P0 3Diamonds P1 2Diamonds P2 4Spades 
P3 QDiamonds P0 4Diamonds P1 6Diamonds P2 JSpades 
P3 KDiamonds P0 5Hearts P1 JDiamonds P2 7Hearts 
P3 7Diamonds P0 JClubs P1 ADiamonds P2 7Spades 
P1 QClubs P2 ASpades P3 KSpades P0 7Clubs 
-- /GAME --
P0 HAND: KDiamonds, 5Diamonds, 4Diamonds, KClubs, 3Clubs, AHearts, KHearts, 5Spades, 4Spades, 2Spades.
P1 HAND: ADiamonds, 7Diamonds, AClubs, 7Clubs, JClubs, QClubs, 5Clubs, JHearts, 6Hearts, 3Hearts.
P2 HAND: JDiamonds, QDiamonds, 6Diamonds, 2Diamonds, 6Clubs, 5Hearts, 4Hearts, 2Hearts, ASpades, QSpades.
P3 HAND: 3Diamonds, 4Clubs, 2Clubs, 7Hearts, QHearts, 7Spades, KSpades, JSpades, 6Spades, 3Spades.
P0 AHearts P1 3Hearts P2 5Hearts P3 QHearts 
P0 KDiamonds P1 ADiamonds P2 2Diamonds P3 3Diamonds 
P1 5Clubs P2 6Clubs P3 2Clubs P0 KClubs 
P0 3Clubs P1 QClubs P2 2Hearts P3 4Clubs 
P1 6Hearts P2 4Hearts P3 7Hearts P0 KHearts 
P3 3Spades P0 2Spades P1 JClubs P2 QSpades 
P2 6Diamonds P3 6Spades P0 4Diamonds P1 7Diamonds 
P3 JSpades P0 4Spades P1 JHearts P2 ASpades 
P2 QDiamonds P3 KSpades P0 5Diamonds P1 AClubs 
P3 7Spades P0 5Spades P1 7Clubs P2 JDiamonds 
-- /GAME --
P0 HAND: 7Diamonds, QDiamonds, AClubs, 4Clubs, 3Clubs, 2Clubs, KHearts, 7Spades, 4Spades, 2Spades.
P1 HAND: ADiamonds, 3Diamonds, 2Diamonds, 5Clubs, AHearts, 6Hearts, 2Hearts, KSpades, QSpades, 5Spades.
P2 HAND: JDiamonds, 6Diamonds, JClubs, 6Clubs, JHearts, QHearts, 5Hearts, 4Hearts, JSpades, 6Spades.
P3 HAND: KDiamonds, 5Diamonds, 4Diamonds, 7Clubs, KClubs, QClubs, 7Hearts, 3Hearts, ASpades, 3Spades.
P3 ASpades P0 2Spades P1 KSpades P2 6Spades 
P3 3Spades P0 4Spades P1 5Spades P2 JSpades 
P2 6Diamonds P3 4Diamonds P0 QDiamonds P1 ADiamonds 
P1 2Diamonds P2 JDiamonds P3 5Diamonds P0 7Diamonds 
P0 AClubs P1 5Clubs P2 JClubs P3 QClubs 
P0 7Spades P1 QSpades P2 4Hearts P3 7Hearts 
P3 3Hearts P0 KHearts P1 2Hearts P2 5Hearts 
P0 3Clubs P1 3Diamonds P2 6Clubs P3 7Clubs 
P3 KDiamonds P0 4Clubs P1 6Hearts P2 QHearts 
P2 JHearts P3 KClubs P0 2Clubs P1 AHearts 
-- /GAME --
P0 HAND: 4Diamonds, JClubs, 6Clubs, 7Hearts, 3Hearts, ASpades, 7Spades, 5Spades, 4Spades, 2Spades.
P1 HAND: KDiamonds, JDiamonds, 3Diamonds, QClubs, 4Clubs, 3Clubs, AHearts, 5Hearts, 2Hearts, KSpades.
P2 HAND: ADiamonds, QDiamonds, 2Diamonds, KClubs, 5Clubs, KHearts, JHearts, QHearts, 4Hearts, 3Spades.
P3 HAND: 7Diamonds, 6Diamonds, 5Diamonds, AClubs, 7Clubs, 2Clubs, 6Hearts, JSpades, QSpades, 6Spades.
P2 3Spades P3 6Spades P0 ASpades P1 KSpades 
P0 7Spades P1 3Diamonds P2 QDiamonds P3 QSpades 
P2 4Hearts P3 6Hearts P0 7Hearts P1 AHearts 
P1 2Hearts P2 QHearts P3 2Clubs P0 3Hearts 
P2 5Clubs P3 AClubs P0 6Clubs P1 QClubs 
P3 JSpades P0 2Spades P1 3Clubs P2 2Diamonds 
P2 JHearts P3 5Diamonds P0 4Spades P1 5Hearts 
P3 6Diamonds P0 4Diamonds P1 JDiamonds P2 ADiamonds 
P2 KClubs P3 7Clubs P0 JClubs P1 4Clubs 
P3 7Diamonds P0 5Spades P1 KDiamonds P2 KHearts 
-- /GAME --
P0 HAND: 6Diamonds, 6Clubs, 3Clubs, 2Clubs, JHearts, 2Hearts, ASpades, JSpades, 6Spades, 3Spades.
P1 HAND: JDiamonds, 4Diamonds, 2Diamonds, 7Clubs, JClubs, 4Clubs, AHearts, 7Hearts, KHearts, 4Hearts.
P2 HAND: 7Diamonds, QDiamonds, 3Diamonds, 5Clubs, 3Hearts, 7Spades, KSpades, QSpades, 5Spades, 4Spades.
P3 HAND: ADiamonds, KDiamonds, 5Diamonds, AClubs, KClubs, QClubs, QHearts, 6Hearts, 5Hearts, 2Spades.
P0 ASpades P1 2Diamonds P2 4Spades P3 2Spades 
P1 AHearts P2 3Hearts P3 QHearts P0 2Hearts 
P1 4Clubs P2 5Clubs P3 AClubs P0 2Clubs 
P3 5Hearts P0 JHearts P1 4Hearts P2 7Spades 
P0 3Spades P1 4Diamonds P2 5Spades P3 KClubs 
P1 JClubs P2 QSpades P3 QClubs P0 3Clubs 
P1 JDiamonds P2 3Diamonds P3 5Diamonds P0 6Diamonds 
P1 KHearts P2 QDiamonds P3 6Hearts P0 JSpades 
P2 7Diamonds P3 ADiamonds P0 6Spades P1 7Clubs 
P3 KDiamonds P0 6Clubs P1 7Hearts P2 KSpades 
-- /GAME --
P0 HAND: ADiamonds, 7Diamonds, 6Diamonds, 5Clubs, 2Clubs, 7Hearts, 6Hearts, 5Hearts, KSpades, 3Spades.
P1 HAND: KDiamonds, 5Diamonds, 4Diamonds, 3Diamonds, 2Diamonds, AClubs, KHearts, ASpades, 4Spades, 2Spades.
P2 HAND: JDiamonds, QDiamonds, 7Clubs, JClubs, QHearts, 3Hearts, 2Hearts, 7Spades, JSpades, 6Spades.
P3 HAND: KClubs, QClubs, 6Clubs, 4Clubs, 3Clubs, AHearts, JHearts, 4Hearts, QSpades, 5Spades.
P3 AHearts P0 5Hearts P1 KHearts P2 2Hearts 
P3 3Clubs P0 5Clubs P1 AClubs P2 JClubs 
P1 2Diamonds P2 QDiamonds P3 4Clubs P0 ADiamonds 
P0 2Clubs P1 3Diamonds P2 7Clubs P3 6Clubs 
P2 3Hearts P3 4Hearts P0 7Hearts P1 2Spades 
P1 4Diamonds P2 JDiamonds P3 QClubs P0 7Diamonds 
P0 6Hearts P1 5Diamonds P2 QHearts P3 JHearts 
P3 5Spades P0 3Spades P1 4Spades P2 6Spades 
P2 JSpades P3 QSpades P0 KSpades P1 ASpades 
P1 KDiamonds P2 7Spades P3 KClubs P0 6Diamonds 
-- /GAME --
P0 HAND: ADiamonds, 7Diamonds, JDiamonds, 5Diamonds, 3Diamonds, 6Clubs, 4Clubs, 2Clubs, 7Hearts, KHearts.
P1 HAND: QDiamonds, AClubs, 7Clubs, QClubs, 3Clubs, 6Hearts, 4Hearts, 2Hearts, 6Spades, 3Spades.
P2 HAND: 6Diamonds, 4Diamonds, KClubs, 5Clubs, AHearts, JHearts, QHearts, 5Hearts, ASpades, 7Spades.
P3 HAND: KDiamonds, 2Diamonds, JClubs, 3Hearts, KSpades, JSpades, QSpades, 5Spades, 4Spades, 2Spades.
P2 AHearts P3 3Hearts P0 7Hearts P1 2Hearts 
P2 ASpades P3 2Spades P0 KHearts P1 3Spades 
P2 7Spades P3 4Spades P0 ADiamonds P1 6Spades 
P0 7Diamonds P1 QDiamonds P2 4Diamonds P3 2Diamonds 
P0 JDiamonds P1 3Clubs P2 6Diamonds P3 KDiamonds 
P3 5Spades P0 2Clubs P1 4Hearts P2 5Clubs 
P3 QSpades P0 5Diamonds P1 6Hearts P2 KClubs 
P0 3Diamonds P1 QClubs P2 5Hearts P3 JClubs 
P0 6Clubs P1 7Clubs P2 QHearts P3 KSpades 
P1 AClubs P2 JHearts P3 JSpades P0 4Clubs 
-- /GAME --
P0 HAND: 7Diamonds, KDiamonds, 6Diamonds, JClubs, 3Clubs, 2Clubs, 7Hearts, QHearts, 3Hearts, QSpades.
P1 HAND: 5Diamonds, 4Diamonds, 2Diamonds, 7Clubs, KClubs, QClubs, KHearts, 6Hearts, 4Hearts, KSpades.
P2 HAND: ADiamonds, QDiamonds, 3Diamonds, 5Clubs, 4Clubs, AHearts, 5Hearts, 6Spades, 3Spades, 2Spades.
P3 HAND: JDiamonds, AClubs, 6Clubs, JHearts, 2Hearts, ASpades, 7Spades, JSpades, 5Spades, 4Spades.

