-- GAME --
P0 HAND: 7Diamonds, KDiamonds, QDiamonds, 6Diamonds, AClubs, 7Clubs, 6Hearts, ASpades, JSpades, 4Spades.
P1 HAND: 5Diamonds, 4Diamonds, 2Diamonds, KHearts, JHearts, 5Hearts, 4Hearts, 3Hearts, QSpades, 2Spades.
P2 HAND: ADiamonds, JDiamonds, KClubs, JClubs, 5Clubs, 3Clubs, AHearts, 7Hearts, KSpades, 3Spades.
P3 HAND: 3Diamonds, QClubs, 6Clubs, 4Clubs, 2Clubs, QHearts, 2Hearts, 7Spades, 6Spades, 5Spades.
P3 2Clubs P0 AClubs P1 3Hearts P2 3Clubs 
P1 2Diamonds P2 ADiamonds P3 3Diamonds P0 7Diamonds 
P2 3Spades P3 5Spades P0 ASpades P1 2Spades 
P0 JSpades P1 QSpades P2 KSpades P3 7Spades 
P3 4Clubs P0 7Clubs P1 4Hearts P2 5Clubs 
P1 4Diamonds P2 JDiamonds P3 6Clubs P0 KDiamonds 
P0 QDiamonds P1 5Diamonds P2 7Hearts P3 6Spades 
P2 JClubs P3 QClubs P0 6Hearts P1 JHearts 
P1 5Hearts P2 AHearts P3 2Hearts P0 6Diamonds 
P2 KClubs P3 QHearts P0 4Spades P1 KHearts 
-- /GAME --
P0 HAND: ADiamonds, JDiamonds, 4Diamonds, QClubs, JHearts, 6Hearts, 4Hearts, 7Spades, KSpades, 4Spades.
P1 HAND: KDiamonds, 5Diamonds, 2Diamonds, AClubs, 5Clubs, 2Clubs, AHearts, 2Hearts, ASpades, 2Spades.
P2 HAND: 7Diamonds, QDiamonds, 3Diamonds, KClubs, JClubs, 3Clubs, 3Hearts, JSpades, 6Spades, 3Spades.
P3 HAND: 6Diamonds, 7Clubs, 6Clubs, 4Clubs, 7Hearts, KHearts, QHearts, 5Hearts, QSpades, 5Spades.
P2 3Clubs P3 4Clubs P0 QClubs P1 AClubs 
P1 AHearts P2 3Hearts P3 7Hearts P0 4Hearts 
P1 ASpades P2 3Spades P3 QSpades P0 4Spades 
P1 2Clubs P2 JClubs P3 7Clubs P0 4Diamonds 
P0 7Spades P1 2Spades P2 JSpades P3 5Spades 
P0 KSpades P1 2Hearts P2 6Spades P3 5Hearts 
P0 6Hearts P1 5Clubs P2 3Diamonds P3 QHearts 
P2 QDiamonds P3 6Diamonds P0 JDiamonds P1 KDiamonds 
P1 2Diamonds P2 7Diamonds P3 6Clubs P0 ADiamonds 
P0 JHearts P1 5Diamonds P2 KClubs P3 KHearts 
-- /GAME --
P0 HAND: ADiamonds, 5Diamonds, 4Diamonds, AClubs, QClubs, 7Hearts, 6Hearts, 3Hearts, QSpades, 5Spades.
P1 HAND: KDiamonds, JDiamonds, QDiamonds, 6Diamonds, JHearts, 2Hearts, ASpades, JSpades, 4Spades, 3Spades.
P2 HAND: KClubs, 5Clubs, 4Clubs, 2Clubs, QHearts, 5Hearts, 4Hearts, 7Spades, KSpades, 6Spades.
P3 HAND: 7Diamonds, 3Diamonds, 2Diamonds, 7Clubs, JClubs, 6Clubs, 3Clubs, AHearts, KHearts, 2Spades.
P1 ASpades P2 6Spades P3 2Spades P0 5Spades 
P1 2Hearts P2 4Hearts P3 AHearts P0 3Hearts 
P3 2Diamonds P0 ADiamonds P1 6Diamonds P2 7Spades 
P0 5Diamonds P1 QDiamonds P2 5Hearts P3 7Diamonds 
P3 3Diamonds P0 4Diamonds P1 JDiamonds P2 QHearts 
P1 3Spades P2 KSpades P3 3Clubs P0 QSpades 
P3 6Clubs P0 QClubs P1 4Spades P2 2Clubs 
P0 7Hearts P1 JHearts P2 4Clubs P3 KHearts 
P2 5Clubs P3 JClubs P0 AClubs P1 JSpades 
P0 6Hearts P1 KDiamonds P2 KClubs P3 7Clubs 
-- /GAME --
P0 HAND: 4Diamonds, QClubs, 4Clubs, AHearts, 5Hearts, 2Hearts, ASpades, 7Spades, QSpades, 2Spades.
P1 HAND: KDiamonds, JDiamonds, 5Diamonds, AClubs, JClubs, 5Clubs, 2Clubs, 4Hearts, JSpades, 3Spades.
P2 HAND: ADiamonds, 6Diamonds, 3Diamonds, 2Diamonds, 7Clubs, 6Clubs, 3Clubs, 6Hearts, 5Spades, 4Spades.
P3 HAND: 7Diamonds, QDiamonds, KClubs, 7Hearts, KHearts, JHearts, QHearts, 3Hearts, KSpades, 6Spades.
P0 AHearts P1 4Hearts P2 6Hearts P3 3Hearts 
P0 ASpades P1 3Spades P2 5Spades P3 6Spades 
P0 7Spades P1 JSpades P2 4Spades P3 KSpades 
P0 QSpades P1 2Clubs P2 2Diamonds P3 QDiamonds 
P0 2Spades P1 5Diamonds P2 3Diamonds P3 QHearts 
P3 JHearts P0 2Hearts P1 5Clubs P2 3Clubs 
P3 KHearts P0 5Hearts P1 JDiamonds P2 6Diamonds 
P3 7Hearts P0 4Diamonds P1 JClubs P2 6Clubs 
P3 KClubs P0 4Clubs P1 AClubs P2 7Clubs 
P1 KDiamonds P2 ADiamonds P3 7Diamonds P0 QClubs 
-- /GAME --

