-- GAME --
P2 4Spades P3 7Spades P0 KSpades P1 JDiamonds 
P3 5Clubs P0 6Hearts P1 4Clubs P2 ASpades 
P0 JHearts P1 3Hearts P2 2Hearts P3 5Hearts 
P0 JSpades P1 QDiamonds P2 6Spades P3 AHearts 
P3 KClubs P0 KHearts P1 QClubs P2 QSpades 
P0 7Hearts P1 QHearts P2 4Hearts P3 7Clubs 
-- /GAME --
P0 HAND: JDiamonds, AClubs, 7Clubs, 6Clubs, 5Clubs, 2Clubs, 7Hearts, KHearts, 5Hearts, 3Spades.
P1 HAND: ADiamonds, 5Diamonds, QClubs, 3Clubs, AHearts, ASpades, KSpades, JSpades, 5Spades, 2Spades.
P2 HAND: 7Diamonds, KDiamonds, 4Diamonds, 3Diamonds, 4Clubs, JHearts, 6Hearts, 2Hearts, 7Spades, 4Spades.
P3 HAND: QDiamonds, 6Diamonds, 2Diamonds, KClubs, JClubs, QHearts, 4Hearts, 3Hearts, QSpades, 6Spades.
P0 3Spades P1 ASpades P2 4Spades P3 QSpades 
P1 ADiamonds P2 3Diamonds P3 QDiamonds P0 JDiamonds 
P1 AHearts P2 2Hearts P3 QHearts P0 5Hearts 
P1 2Spades P2 7Spades P3 6Spades P0 7Hearts 
P2 4Diamonds P3 2Diamonds P0 2Clubs P1 5Diamonds 
P0 KHearts P1 5Spades P2 JHearts P3 3Hearts 
P0 7Clubs P1 3Clubs P2 4Clubs P3 JClubs 
P0 AClubs P1 QClubs P2 7Diamonds P3 KClubs 
P0 6Clubs P1 JSpades P2 6Hearts P3 4Hearts 
P0 5Clubs P1 KSpades P2 KDiamonds P3 6Diamonds 
-- /GAME --
P0 HAND: 7Diamonds, JDiamonds, 5Diamonds, QClubs, 3Clubs, 2Clubs, AHearts, 5Hearts, KSpades, 3Spades.
P1 HAND: ADiamonds, KDiamonds, 2Diamonds, 6Clubs, 5Clubs, JHearts, 4Hearts, JSpades, 6Spades, 2Spades.
P2 HAND: 3Diamonds, AClubs, 7Clubs, KClubs, 4Clubs, KHearts, 6Hearts, ASpades, 7Spades, 4Spades.
P3 HAND: QDiamonds, 6Diamonds, 4Diamonds, JClubs, 7Hearts, QHearts, 3Hearts, 2Hearts, QSpades, 5Spades.
P3 4Diamonds P0 5Diamonds P1 ADiamonds P2 3Diamonds 
P1 2Diamonds P2 4Clubs P3 6Diamonds P0 7Diamonds 
P0 JDiamonds P1 KDiamonds P2 6Hearts P3 QDiamonds 
P2 AClubs P3 JClubs P0 QClubs P1 5Clubs 
P2 ASpades P3 5Spades P0 KSpades P1 2Spades 
P2 4Spades P3 QSpades P0 3Spades P1 JSpades 
P1 6Clubs P2 KClubs P3 2Hearts P0 2Clubs 
P3 3Hearts P0 5Hearts P1 4Hearts P2 KHearts 
P2 7Clubs P3 QHearts P0 3Clubs P1 6Spades 
P3 7Hearts P0 AHearts P1 JHearts P2 7Spades 
-- /GAME --

