-- GAME --
P0 3Clubs P1 AClubs 
P1 2Clubs P2 5Clubs P3 QClubs P0 2Diamonds 
P3 ADiamonds P0 4Diamonds P1 KDiamonds P2 5Diamonds 
P3 ASpades P0 2Spades P1 KSpades P2 6Spades 
P3 3Diamonds P0 6Diamonds P1 QDiamonds P2 7Diamonds 
P2 QSpades P3 3Spades P0 7Spades P1 4Spades 
P0 5Spades P1 3Hearts P2 JSpades P3 KClubs 
P1 4Hearts P2 6Hearts P3 2Hearts P0 JHearts 
P0 7Hearts P1 QHearts P2 KHearts P3 5Hearts 
P0 AHearts P1 7Clubs P2 JDiamonds P3 JClubs 
-- /GAME --
P0 HAND: QDiamonds, 2Diamonds, 7Clubs, KClubs, JClubs, 4Clubs, AHearts, 7Hearts, 5Hearts, 3Hearts.
P1 HAND: ADiamonds, JDiamonds, 6Diamonds, 3Diamonds, QClubs, 6Clubs, JHearts, QHearts, KSpades, QSpades.
P2 HAND: KDiamonds, AClubs, KHearts, 6Hearts, 7Spades, JSpades, 5Spades, 4Spades, 3Spades, 2Spades.
P3 HAND: 7Diamonds, 5Diamonds, 4Diamonds, 5Clubs, 3Clubs, 2Clubs, 4Hearts, 2Hearts, ASpades, 6Spades.
P1 ADiamonds P2 KDiamonds P3 7Diamonds P0 2Diamonds 
P1 3Diamonds P2 2Spades P3 4Diamonds P0 QDiamonds 
P0 4Clubs P1 6Clubs P2 AClubs P3 2Clubs 
P2 3Spades P3 ASpades P0 JClubs P1 QSpades 
P0 KClubs P1 QClubs P2 4Spades P3 3Clubs 
P0 7Clubs P1 6Diamonds P2 5Spades P3 5Clubs 
P0 AHearts P1 QHearts P2 KHearts P3 2Hearts 
P0 7Hearts P1 JHearts P2 6Hearts P3 4Hearts 
P0 5Hearts P1 JDiamonds P2 JSpades P3 5Diamonds 
P0 3Hearts P1 KSpades P2 7Spades P3 6Spades 
-- /GAME --
P0 HAND: ADiamonds, 7Diamonds, QDiamonds, QClubs, 6Clubs, 4Clubs, 3Clubs, QHearts, 3Hearts, 7Spades.
P1 HAND: JDiamonds, 4Diamonds, 3Diamonds, AClubs, 5Clubs, 5Hearts, 2Hearts, ASpades, 4Spades, 2Spades.
P2 HAND: KDiamonds, 6Diamonds, KClubs, AHearts, 7Hearts, KHearts, JHearts, 4Hearts, KSpades, JSpades.
P3 HAND: 5Diamonds, 2Diamonds, 7Clubs, JClubs, 2Clubs, 6Hearts, QSpades, 6Spades, 5Spades, 3Spades.
P0 ADiamonds P1 3Diamonds P2 KDiamonds P3 2Diamonds 
P0 3Hearts P1 2Hearts P2 AHearts P3 6Hearts 
P2 4Hearts P3 2Clubs P0 QHearts P1 5Hearts 
P0 3Clubs P1 AClubs P2 KClubs P3 7Clubs 
P1 4Diamonds P2 6Diamonds P3 5Diamonds P0 7Diamonds 
P0 QDiamonds P1 JDiamonds P2 JSpades P3 JClubs 
P2 JHearts P3 3Spades P0 4Clubs P1 5Clubs 
P3 5Spades P0 7Spades P1 ASpades P2 KSpades 
P1 2Spades P2 KHearts P3 6Spades P0 6Clubs 
P3 QSpades P0 QClubs P1 4Spades P2 7Hearts 
-- /GAME --
P0 HAND: 7Diamonds, QDiamonds, 5Diamonds, KClubs, 4Clubs, KHearts, QHearts, 5Hearts, ASpades, JSpades.
P1 HAND: JDiamonds, 4Diamonds, 2Diamonds, 2Clubs, AHearts, 7Hearts, 4Hearts, 3Hearts, KSpades, 5Spades.
P2 HAND: KDiamonds, 6Clubs, 5Clubs, 3Clubs, JHearts, 2Hearts, 7Spades, 6Spades, 3Spades, 2Spades.
P3 HAND: ADiamonds, 6Diamonds, 3Diamonds, AClubs, 7Clubs, JClubs, QClubs, 6Hearts, QSpades, 4Spades.
P3 ADiamonds P0 5Diamonds P1 JDiamonds P2 KDiamonds 
P3 3Diamonds P0 7Diamonds P1 2Diamonds P2 7Spades 
P0 ASpades P1 5Spades P2 6Spades P3 4Spades 
P0 5Hearts P1 AHearts P2 2Hearts P3 6Hearts 
P1 3Hearts P2 JHearts P3 6Diamonds P0 KHearts 
P0 QDiamonds P1 4Diamonds P2 2Spades P3 QSpades 
P0 JSpades P1 KSpades P2 3Spades P3 QClubs 
P3 JClubs P0 KClubs P1 2Clubs P2 3Clubs 
P0 QHearts P1 4Hearts P2 5Clubs P3 7Clubs 
P3 AClubs P0 4Clubs P1 7Hearts P2 6Clubs 
-- /GAME --
P0 HAND: JDiamonds, 6Diamonds, 4Diamonds, 2Diamonds, QClubs, 3Clubs, 7Hearts, 5Hearts, 2Hearts, JSpades.
P1 HAND: 3Diamonds, AClubs, JClubs, 6Clubs, 6Hearts, ASpades, 7Spades, KSpades, QSpades, 2Spades.
P2 HAND: ADiamonds, 7Diamonds, KDiamonds, 7Clubs, 5Clubs, 4Clubs, JHearts, 4Hearts, 3Hearts, 5Spades.
P3 HAND: QDiamonds, 5Diamonds, KClubs, 2Clubs, AHearts, KHearts, QHearts, 6Spades, 4Spades, 3Spades.
P2 ADiamonds P3 5Diamonds P0 JDiamonds P1 3Diamonds 
P2 3Hearts P3 AHearts P0 2Hearts P1 6Hearts 
P3 3Spades P0 JSpades P1 ASpades P2 5Spades 
P1 2Spades P2 4Hearts P3 4Spades P0 2Diamonds 
P3 6Spades P0 QClubs P1 QSpades P2 7Diamonds 
P0 4Diamonds P1 6Clubs P2 KDiamonds P3 QDiamonds 
P1 JClubs P2 4Clubs P3 2Clubs P0 3Clubs 
P1 AClubs P2 5Clubs P3 KClubs P0 6Diamonds 
P1 KSpades P2 7Clubs P3 QHearts P0 7Hearts 
P2 JHearts P3 KHearts P0 5Hearts P1 7Spades 
-- /GAME --
P0 HAND: ADiamonds, 5Diamonds, 2Diamonds, KClubs, JClubs, AHearts, 7Hearts, JHearts, 3Hearts, JSpades.
P1 HAND: KDiamonds, 5Clubs, 4Clubs, QHearts, 5Hearts, 4Hearts, ASpades, 7Spades, 4Spades, 3Spades.
P2 HAND: JDiamonds, QDiamonds, 6Diamonds, 4Diamonds, 7Clubs, 6Clubs, 3Clubs, 2Hearts, QSpades, 5Spades.
P3 HAND: 7Diamonds, 3Diamonds, AClubs, QClubs, 2Clubs, KHearts, 6Hearts, KSpades, 6Spades, 2Spades.
P1 ASpades P2 5Spades P3 KSpades P0 JSpades 
P1 3Spades P2 QSpades P3 2Spades P0 7Hearts 
P2 2Hearts P3 6Hearts P0 AHearts P1 4Hearts 
P0 ADiamonds P1 KDiamonds P2 JDiamonds P3 3Diamonds 
P0 2Diamonds P1 4Spades P2 4Diamonds P3 7Diamonds 
P3 6Spades P0 KClubs P1 7Spades P2 QDiamonds 
P0 5Diamonds P1 5Hearts P2 6Diamonds P3 2Clubs 
P3 QClubs P0 JClubs P1 4Clubs P2 3Clubs 
P0 JHearts P1 QHearts P2 6Clubs P3 KHearts 
P2 7Clubs P3 AClubs P0 3Hearts P1 5Clubs 
-- /GAME --

