-- GAME --
P0 HAND: 7Diamonds, 6Diamonds, 5Diamonds, 2Clubs, JHearts, QHearts, 3Hearts, ASpades, KSpades, 3Spades.
P1 HAND: 3Diamonds, 2Diamonds, 4Clubs, 5Hearts, 4Hearts, JSpades, QSpades, 6Spades, 4Spades, 2Spades.
P2 HAND: ADiamonds, KDiamonds, JDiamonds, QDiamonds, 4Diamonds, 7Clubs, KClubs, AHearts, 7Hearts, 7Spades.
P3 HAND: AClubs, JClubs, QClubs, 6Clubs, 5Clubs, 3Clubs, KHearts, 6Hearts, 2Hearts, 5Spades.
P0 QHearts P1 4Hearts P2 7Hearts P3 2Hearts 
P2 4Diamonds P3 3Clubs P0 5Diamonds P1 2Diamonds 
P0 3Hearts P1 5Hearts P2 AHearts P3 6Hearts 
P2 QDiamonds P3 5Clubs P0 7Diamonds P1 3Diamonds 
P0 6Diamonds P1 2Spades P2 JDiamonds P3 5Spades 
P2 KDiamonds P3 6Clubs P0 2Clubs P1 4Clubs 
P2 KClubs P3 QClubs P0 3Spades P1 4Spades 
P2 7Clubs P3 JClubs P0 KSpades P1 6Spades 
P2 7Spades P3 KHearts P0 ASpades P1 JSpades 
P3 AClubs P0 JHearts P1 QSpades P2 ADiamonds 
-- /GAME --
P0 HAND: JDiamonds, 6Diamonds, 2Diamonds, AClubs, 7Clubs, 6Clubs, 7Hearts, 6Hearts, 4Hearts, 2Hearts.
P1 HAND: 7Diamonds, QDiamonds, 5Diamonds, KClubs, 3Clubs, KHearts, JHearts, 5Hearts, ASpades, KSpades.
P2 HAND: 3Diamonds, JClubs, QClubs, 5Clubs, 4Clubs, 3Hearts, JSpades, QSpades, 6Spades, 3Spades.
P3 HAND: ADiamonds, KDiamonds, 4Diamonds, 2Clubs, AHearts, QHearts, 7Spades, 5Spades, 4Spades, 2Spades.
P3 ADiamonds P0 2Diamonds P1 7Diamonds P2 3Diamonds 
P3 AHearts P0 2Hearts P1 KHearts P2 3Hearts 
P3 2Clubs P0 AClubs P1 3Clubs P2 JClubs 
P0 7Clubs P1 KClubs P2 4Clubs P3 2Spades 
P3 4Diamonds P0 JDiamonds P1 5Diamonds P2 QClubs 
P0 7Hearts P1 5Hearts P2 5Clubs P3 QHearts 
P0 6Hearts P1 JHearts P2 3Spades P3 4Spades 
P3 5Spades 
