-- GAME --
P0 HAND: JDiamonds, 6Diamonds, AClubs, 7Clubs, JClubs, 5Clubs, JHearts, 6Hearts, 7Spades, 6Spades.
P1 HAND: 5Diamonds, KClubs, 4Clubs, 3Clubs, 2Clubs, 7Hearts, KHearts, 5Hearts, 3Hearts, 4Spades.
P2 HAND: ADiamonds, 7Diamonds, QDiamonds, 3Diamonds, 6Clubs, AHearts, QHearts, 2Hearts, JSpades, QSpades.
P3 HAND: KDiamonds, 4Diamonds, 2Diamonds, QClubs, 4Hearts, ASpades, KSpades, 5Spades, 3Spades, 2Spades.
P3 2Diamonds P0 6Diamonds P1 5Diamonds P2 ADiamonds 
P2 3Diamonds P3 4Diamonds P0 JDiamonds P1 2Clubs 
P0 AClubs P1 3Clubs P2 6Clubs P3 QClubs 
P0 7Clubs P1 4Clubs P2 7Diamonds P3 4Hearts 
P3 2Spades P0 6Spades P1 4Spades P2 JSpades 
P2 QDiamonds P3 KDiamonds P0 6Hearts P1 KHearts 
P1 3Hearts P2 2Hearts P3 3Spades P0 JHearts 
P0 7Spades P1 5Hearts P2 QSpades P3 ASpades 
P1 7Hearts P2 AHearts P3 5Spades P0 JClubs 
P2 QHearts P3 KSpades P0 5Clubs P1 KClubs 
-- /GAME --
P0 HAND: ADiamonds, 7Diamonds, 4Diamonds, 7Clubs, 6Clubs, QHearts, 5Hearts, ASpades, QSpades, 4Spades.
P1 HAND: KDiamonds, 5Diamonds, KClubs, 2Clubs, AHearts, KHearts, JHearts, 3Hearts, 2Hearts, 6Spades.
P2 HAND: QDiamonds, 2Diamonds, AClubs, JClubs, QClubs, 4Clubs, 6Hearts, 4Hearts, JSpades, 2Spades.
P3 HAND: JDiamonds, 6Diamonds, 3Diamonds, 5Clubs, 3Clubs, 7Hearts, 7Spades, KSpades, 5Spades, 3Spades.
P2 AClubs P3 3Clubs P0 7Clubs P1 2Clubs 
P2 2Spades P3 3Spades P0 ASpades P1 6Spades 
P0 6Clubs P1 KClubs P2 4Clubs P3 5Clubs 
P1 2Hearts P2 4Hearts P3 7Hearts P0 5Hearts 
P3 5Spades P0 QSpades P1 3Hearts P2 JSpades 
P2 6Hearts P3 3Diamonds P0 QHearts P1 AHearts 
P3 6Diamonds P0 4Diamonds P1 5Diamonds P2 2Diamonds 
P3 JDiamonds P0 7Diamonds P1 KDiamonds P2 QDiamonds 
P0 ADiamonds P1 JHearts P2 QClubs P3 KSpades 
P0 4Spades P1 KHearts P2 JClubs P3 7Spades 
-- /GAME --
P0 HAND: ADiamonds, JDiamonds, 3Diamonds, 4Clubs, 3Clubs, 4Hearts, ASpades, 7Spades, KSpades, 6Spades.
P1 HAND: KDiamonds, 7Clubs, QClubs, AHearts, KHearts, JHearts, 6Hearts, QSpades, 4Spades, 3Spades.
P2 HAND: 7Diamonds, QDiamonds, 5Diamonds, 4Diamonds, JClubs, 6Clubs, 5Clubs, 5Hearts, 2Hearts, 2Spades.
P3 HAND: 6Diamonds, 2Diamonds, AClubs, KClubs, 2Clubs, 7Hearts, QHearts, 3Hearts, JSpades, 5Spades.
P1 AHearts P2 2Hearts P3 7Hearts P0 4Hearts 
P1 6Hearts P2 5Hearts P3 3Hearts P0 3Clubs 
P1 QClubs P2 5Clubs P3 AClubs P0 4Clubs 
P3 2Diamonds P0 ADiamonds P1 KDiamonds P2 7Diamonds 
P0 JDiamonds P1 3Spades P2 4Diamonds P3 6Diamonds 
P1 JHearts P2 5Diamonds P3 QHearts P0 3Diamonds 
P1 4Spades P2 2Spades P3 5Spades P0 6Spades 
P0 ASpades P1 QSpades P2 JClubs P3 JSpades 
P0 7Spades P1 KHearts P2 6Clubs P3 2Clubs 
P0 KSpades P1 7Clubs P2 QDiamonds P3 KClubs 
-- /GAME --
P0 HAND: ADiamonds, 7Diamonds, KDiamonds, JDiamonds, AClubs, KHearts, QHearts, 3Hearts, 6Spades, 5Spades.
P1 HAND: 4Diamonds, 3Clubs, AHearts, 7Hearts, 6Hearts, 5Hearts, ASpades, 4Spades, 3Spades, 2Spades.
P2 HAND: QDiamonds, 5Diamonds, 7Clubs, JClubs, QClubs, 6Clubs, 2Clubs, 4Hearts, 7Spades, KSpades.
P3 HAND: 6Diamonds, 3Diamonds, 2Diamonds, KClubs, 5Clubs, 4Clubs, JHearts, 2Hearts, JSpades, QSpades.
P0 ADiamonds P1 4Diamonds P2 QDiamonds P3 2Diamonds 
P0 7Diamonds P1 3Clubs P2 5Diamonds P3 6Diamonds 
P1 AHearts P2 4Hearts P3 JHearts P0 3Hearts 
P1 ASpades P2 KSpades P3 JSpades P0 5Spades 
P1 2Spades P2 7Spades P3 QSpades P0 6Spades 
P2 2Clubs P3 4Clubs P0 AClubs P1 3Spades 
P0 KHearts P1 5Hearts P2 6Clubs P3 2Hearts 
P2 QClubs P3 5Clubs P0 QHearts P1 4Spades 
P2 JClubs P3 KClubs P0 JDiamonds P1 7Hearts 
P3 3Diamonds P0 KDiamonds P1 6Hearts P2 7Clubs 
-- /GAME --
P0 HAND: 7Diamonds, KDiamonds, JDiamonds, 6Diamonds, AClubs, JClubs, 5Clubs, 3Hearts, JSpades, 4Spades.
P1 HAND: ADiamonds, QDiamonds, 5Diamonds, KClubs, 4Clubs, QHearts, 5Hearts, 4Hearts, QSpades, 5Spades.
P2 HAND: 4Diamonds, 3Diamonds, 7Clubs, QClubs, 3Clubs, AHearts, KHearts, JHearts, 3Spades, 2Spades.
P3 HAND: 2Diamonds, 6Clubs, 2Clubs, 7Hearts, 6Hearts, 2Hearts, ASpades, 7Spades, KSpades, 6Spades.
P3 ASpades P0 4Spades P1 QSpades P2 2Spades 
P3 2Diamonds P0 6Diamonds P1 ADiamonds P2 3Diamonds 
P1 4Hearts P2 AHearts P3 2Hearts P0 3Hearts 
P2 3Spades P3 6Spades P0 JSpades P1 5Spades 
P0 7Diamonds P1 5Diamonds P2 4Diamonds P3 2Clubs 
P3 6Hearts P0 KDiamonds P1 5Hearts P2 KHearts 
P2 JHearts P3 7Hearts P0 AClubs P1 QHearts 
P0 JDiamonds P1 QDiamonds P2 3Clubs P3 6Clubs 
P3 KSpades P0 JClubs P1 KClubs P2 7Clubs 
P2 QClubs P3 7Spades P0 5Clubs P1 4Clubs 
-- /GAME --
P0 HAND: ADiamonds, 6Diamonds, 4Diamonds, KClubs, 5Clubs, 2Clubs, 5Hearts, 2Hearts, 3Spades, 2Spades.
P1 HAND: QDiamonds, 5Diamonds, AHearts, QHearts, 6Hearts, 4Hearts, 3Hearts, 7Spades, 6Spades, 5Spades.
P2 HAND: 7Diamonds, KDiamonds, AClubs, 7Clubs, JClubs, 4Clubs, 7Hearts, KHearts, JHearts, QSpades.
P3 HAND: JDiamonds, 3Diamonds, 2Diamonds, QClubs, 6Clubs, 3Clubs, ASpades, KSpades, JSpades, 4Spades.
P3 ASpades P0 2Spades P1 7Spades P2 QSpades 
P3 2Diamonds P0 ADiamonds P1 5Diamonds P2 7Diamonds 
P0 3Spades P1 5Spades P2 4Clubs P3 4Spades 
P2 JHearts P3 3Diamonds P0 2Hearts P1 AHearts 
P1 3Hearts P2 KHearts P3 3Clubs P0 5Hearts 
P3 JDiamonds P0 4Diamonds P1 QDiamonds P2 KDiamonds 
P2 JClubs P3 6Clubs P0 2Clubs P1 4Hearts 
P2 7Clubs P3 QClubs P0 5Clubs P1 6Hearts 
P2 AClubs P3 JSpades P0 KClubs P1 6Spades 
P2 7Hearts P3 KSpades P0 6Diamonds P1 QHearts 
-- /GAME --
P0 HAND: ADiamonds, 7Diamonds, JDiamonds, 4Diamonds, KClubs, JClubs, JHearts, QHearts, 5Spades, 2Spades.
P1 HAND: 7Clubs, 6Clubs, 4Clubs, 7Hearts, 5Hearts, 4Hearts, 3Hearts, 2Hearts, 7Spades, 4Spades.
P2 HAND: QDiamonds, 3Diamonds, 2Diamonds, 5Clubs, 3Clubs, KHearts, 6Hearts, KSpades, JSpades, QSpades.
P3 HAND: KDiamonds, 6Diamonds, 5Diamonds, AClubs, QClubs, 2Clubs, AHearts, ASpades, 6Spades, 3Spades.
P2 2Diamonds P3 5Diamonds P0 ADiamonds P1 2Hearts 
P1 4Clubs P2 3Clubs P3 AClubs P0 JClubs 
P3 ASpades P0 2Spades P1 7Spades P2 QSpades 
P3 2Clubs P0 KClubs P1 7Clubs P2 5Clubs 
P1 4Spades P2 JSpades P3 3Spades P0 5Spades 
P2 3Diamonds P3 6Diamonds P0 4Diamonds P1 6Clubs 
P3 6Spades P0 QHearts P1 3Hearts P2 KSpades 
P0 JHearts P1 4Hearts P2 6Hearts P3 AHearts 
P3 QClubs P0 7Diamonds P1 5Hearts P2 KHearts 
P2 QDiamonds P3 KDiamonds P0 JDiamonds P1 7Hearts 
-- /GAME --
P0 HAND: 6Diamonds, 2Diamonds, KClubs, KHearts, QHearts, 3Hearts, 2Hearts, KSpades, QSpades, 2Spades.
P1 HAND: 7Diamonds, 5Diamonds, 4Diamonds, 3Diamonds, JClubs, 6Clubs, AHearts, 6Hearts, ASpades, 7Spades.
P2 HAND: ADiamonds, JDiamonds, AClubs, QClubs, 5Clubs, 3Clubs, 2Clubs, JHearts, 5Hearts, 4Spades.
P3 HAND: KDiamonds, QDiamonds, 7Clubs, 4Clubs, 7Hearts, 4Hearts, JSpades, 6Spades, 5Spades, 3Spades.
P1 ASpades P2 4Spades P3 JSpades P0 2Spades 
P1 3Diamonds P2 ADiamonds P3 QDiamonds P0 6Diamonds 
P2 2Clubs P3 4Clubs P0 KClubs P1 6Clubs 
P0 KSpades P1 7Spades P2 5Hearts P3 3Spades 
P2 3Clubs P3 7Clubs P0 2Hearts P1 JClubs 
P0 QSpades P1 4Diamonds P2 AClubs P3 5Spades 
P0 2Diamonds P1 5Diamonds P2 JDiamonds P3 KDiamonds 
P3 6Spades P0 KHearts P1 6Hearts P2 QClubs 
P0 QHearts P1 AHearts P2 JHearts P3 4Hearts 
P1 7Diamonds P2 5Clubs P3 7Hearts P0 3Hearts 
-- /GAME --
P0 HAND: 7Diamonds, JDiamonds, KClubs, JClubs, 3Clubs, 7Hearts, JHearts, QHearts, 7Spades, JSpades.
P1 HAND: ADiamonds, QDiamonds, 2Diamonds, AClubs, 4Clubs, 2Clubs, AHearts, 3Hearts, 2Hearts, QSpades.
P2 HAND: KDiamonds, 4Diamonds, QClubs, KHearts, 5Hearts, 4Hearts, ASpades, KSpades, 4Spades, 3Spades.
P3 HAND: 6Diamonds, 5Diamonds, 3Diamonds, 7Clubs, 6Clubs, 5Clubs, 6Hearts, 6Spades, 5Spades, 2Spades.
P0 3Clubs P1 AClubs P2 QClubs P3 7Clubs 
P1 AHearts P2 4Hearts P3 6Hearts P0 QHearts 
P1 2Clubs P2 3Spades P3 5Clubs P0 KClubs 
P0 JSpades P1 QSpades P2 ASpades P3 2Spades 
P2 4Spades P3 5Spades P0 7Spades P1 2Diamonds 
P1 2Hearts P2 5Hearts P3 6Clubs P0 7Hearts 
P0 JClubs P1 4Clubs P2 4Diamonds P3 6Spades 
P2 KDiamonds P3 3Diamonds P0 JDiamonds P1 ADiamonds 
P1 3Hearts P2 KHearts P3 5Diamonds P0 JHearts 
P3 6Diamonds P0 7Diamonds P1 QDiamonds P2 KSpades 
-- /GAME --
P0 HAND: ADiamonds, QDiamonds, 5Diamonds, KHearts, JHearts, 6Hearts, 3Hearts, JSpades, 4Spades, 3Spades.
P1 HAND: 7Diamonds, JDiamonds, 7Clubs, KClubs, JClubs, 2Clubs, 7Hearts, ASpades, KSpades, 6Spades.
P2 HAND: 6Diamonds, AClubs, QClubs, 4Clubs, 3Clubs, 5Hearts, 4Hearts, 2Hearts, 7Spades, QSpades.
P3 HAND: KDiamonds, 4Diamonds, 3Diamonds, 2Diamonds, 6Clubs, 5Clubs, AHearts, QHearts, 5Spades, 2Spades.
P3 AHearts P0 3Hearts P1 7Hearts P2 2Hearts 
P3 2Spades P0 JSpades P1 ASpades P2 QSpades 
P1 2Clubs P2 AClubs P3 5Clubs P0 KHearts 
P2 3Clubs P3 6Clubs P0 5Diamonds P1 JClubs 
P0 3Spades P1 6Spades P2 7Spades P3 5Spades 
P2 4Clubs P3 QHearts P0 QDiamonds P1 KClubs 
P0 4Spades P1 KSpades P2 4Hearts P3 2Diamonds 
P3 3Diamonds P0 ADiamonds P1 JDiamonds P2 6Diamonds 
P0 JHearts P1 7Diamonds P2 5Hearts P3 4Diamonds 
P1 7Clubs P2 QClubs P3 KDiamonds P0 6Hearts 
-- /GAME --

