-- GAME --
P0 HAND: 6Diamonds, AClubs, 3Clubs, AHearts, 7Hearts, KHearts, 7Spades, 6Spades, 5Spades, 2Spades.
P1 HAND: KDiamonds, 3Diamonds, 2Diamonds, 7Clubs, KClubs, 2Clubs, 5Hearts, 3Hearts, JSpades, 3Spades.
P2 HAND: ADiamonds, QDiamonds, 5Diamonds, JClubs, QClubs, 6Clubs, 5Clubs, 4Clubs, 4Hearts, KSpades.
P3 HAND: 7Diamonds, JDiamonds, 4Diamonds, JHearts, QHearts, 6Hearts, 2Hearts, ASpades, QSpades, 4Spades.
P3 ASpades P0 2Spades P1 JSpades P2 KSpades 
P3 2Hearts P0 AHearts P1 3Hearts P2 4Hearts 
P0 7Spades P1 3Spades P2 ADiamonds P3 4Spades 
P0 6Spades P1 2Diamonds P2 5Diamonds P3 QSpades 
P3 4Diamonds P0 6Diamonds P1 3Diamonds P2 QDiamonds 
P2 4Clubs P3 6Hearts P0 3Clubs P1 2Clubs 
P2 5Clubs P3 QHearts P0 AClubs P1 KClubs 
P0 KHearts P1 5Hearts P2 6Clubs P3 JHearts 
P2 QClubs P3 JDiamonds P0 5Spades P1 7Clubs 
P1 KDiamonds P2 JClubs P3 7Diamonds P0 7Hearts 
-- /GAME --
P0 HAND: KDiamonds, 5Diamonds, 2Diamonds, KClubs, JClubs, QClubs, 4Clubs, 6Hearts, 7Spades, JSpades.
P1 HAND: AClubs, AHearts, KHearts, JHearts, 5Hearts, 4Hearts, 3Hearts, 5Spades, 4Spades, 3Spades.
P2 HAND: ADiamonds, JDiamonds, 4Diamonds, 3Diamonds, 7Clubs, 5Clubs, 3Clubs, 2Clubs, QHearts, KSpades.
P3 HAND: 7Diamonds, QDiamonds, 6Diamonds, 6Clubs, 7Hearts, 2Hearts, ASpades, QSpades, 6Spades, 2Spades.
P2 ADiamonds P3 6Diamonds P0 KDiamonds P1 3Hearts 
P1 AClubs P2 2Clubs P3 6Clubs 
