-- GAME --
P0 HAND: KDiamonds, AClubs, QClubs, 6Clubs, JHearts, 6Hearts, 2Hearts, 6Spades, 5Spades, 2Spades.
P1 HAND: JDiamonds, 4Diamonds, 3Diamonds, JClubs, 5Clubs, 4Clubs, 2Clubs, 7Hearts, KHearts, 3Hearts.
P2 HAND: ADiamonds, 6Diamonds, 5Diamonds, 2Diamonds, KClubs, 5Hearts, ASpades, JSpades, QSpades, 4Spades.
P3 HAND: 7Diamonds, QDiamonds, 7Clubs, 3Clubs, AHearts, QHearts, 4Hearts, 7Spades, KSpades, 3Spades.
P2 ADiamonds P3 QDiamonds P0 KDiamonds P1 3Diamonds 
P2 ASpades P3 3Spades P0 6Spades P1 2Clubs 
P1 3Hearts P2 5Hearts P3 AHearts P0 2Hearts 
P3 4Hearts P0 JHearts P1 7Hearts P2 KClubs 
P2 2Diamonds P3 7Diamonds P0 6Hearts P1 JDiamonds 
P3 QHearts P0 6Clubs P1 KHearts P2 JSpades 
P0 5Spades P1 4Diamonds P2 4Spades P3 7Spades 
P3 3Clubs P0 QClubs P1 4Clubs P2 QSpades 
P0 2Spades P1 5Clubs P2 5Diamonds P3 KSpades 
P1 JClubs P2 6Diamonds P3 7Clubs P0 AClubs 
-- /GAME --
P0 HAND: 7Diamonds, 3Diamonds, AClubs, 5Clubs, 3Clubs, 4Hearts, ASpades, JSpades, QSpades, 4Spades.
P1 HAND: ADiamonds, QDiamonds, 6Diamonds, 7Clubs, QClubs, 2Clubs, JHearts, 5Hearts, 6Spades, 3Spades.
P2 HAND: KDiamonds, JDiamonds, 6Clubs, 4Clubs, 7Hearts, QHearts, 6Hearts, KSpades, 5Spades, 2Spades.
P3 HAND: 5Diamonds, 4Diamonds, 2Diamonds, KClubs, JClubs, AHearts, KHearts, 3Hearts, 2Hearts, 7Spades.

