-- GAME --
P3 QClubs P0 4Clubs P1 4Diamonds P2 5Spades 
P1 5Diamonds P2 3Diamonds P3 JDiamonds P0 6Diamonds 
P3 JClubs P0 6Spades P1 KDiamonds P2 ADiamonds 
P2 QSpades P3 JHearts P0 3Spades P1 KSpades 
P1 7Diamonds P2 QDiamonds P3 KHearts P0 2Spades 
-- /GAME --
P0 HAND: ADiamonds, 7Clubs, 2Clubs, KHearts, JHearts, QHearts, 5Hearts, 3Hearts, QSpades, 6Spades.
P1 HAND: 7Diamonds, KDiamonds, JDiamonds, QDiamonds, KClubs, QClubs, 5Clubs, 7Hearts, 6Hearts, ASpades.
P2 HAND: 6Diamonds, 5Diamonds, 3Diamonds, AClubs, JClubs, 6Clubs, 4Hearts, 2Hearts, 5Spades, 4Spades.
P3 HAND: 4Diamonds, 2Diamonds, 4Clubs, 3Clubs, AHearts, 7Spades, KSpades, JSpades, 3Spades, 2Spades.
P0 ADiamonds P1 QDiamonds P2 6Diamonds P3 2Diamonds 
P0 6Spades P1 ASpades P2 4Spades P3 7Spades 
P1 5Clubs P2 AClubs P3 3Clubs P0 7Clubs 
P2 3Diamonds P3 4Diamonds P0 3Hearts P1 JDiamonds 
P0 2Clubs P1 QClubs P2 6Clubs P3 4Clubs 
P1 6Hearts P2 2Hearts P3 AHearts P0 5Hearts 
P3 2Spades P0 QSpades P1 7Hearts P2 5Spades 
P1 KDiamonds P2 5Diamonds P3 3Spades P0 QHearts 
P0 JHearts P1 KClubs P2 4Hearts P3 JSpades 
P0 KHearts P1 7Diamonds P2 JClubs P3 KSpades 
-- /GAME --
P0 HAND: 7Diamonds, 6Diamonds, 4Diamonds, 7Clubs, JClubs, 6Clubs, 3Clubs, 2Clubs, JHearts, ASpades.
P1 HAND: 3Diamonds, 2Diamonds, KClubs, 4Clubs, 7Hearts, 5Hearts, 4Hearts, 3Hearts, QSpades, 2Spades.
P2 HAND: ADiamonds, JDiamonds, 5Diamonds, AClubs, QClubs, 5Clubs, 2Hearts, KSpades, JSpades, 6Spades.
P3 HAND: KDiamonds, QDiamonds, AHearts, KHearts, QHearts, 6Hearts, 7Spades, 5Spades, 4Spades, 3Spades.
P3 AHearts P0 JHearts P1 7Hearts P2 2Hearts 
P3 3Spades P0 ASpades P1 2Spades P2 KSpades 
P0 2Clubs P1 4Clubs P2 AClubs P3 QDiamonds 
P3 4Spades 
