-- GAME --
P0 HAND: 4Diamonds, AClubs, 2Clubs, JHearts, 4Hearts, ASpades, JSpades, 5Spades, 4Spades, 3Spades.
P1 HAND: KDiamonds, 7Clubs, JClubs, QClubs, AHearts, KHearts, QHearts, 7Spades, KSpades, 6Spades.
P2 HAND: JDiamonds, 5Diamonds, 3Diamonds, 6Clubs, 3Clubs, 7Hearts, 5Hearts, 3Hearts, QSpades, 2Spades.
P3 HAND: ADiamonds, 7Diamonds, QDiamonds, 6Diamonds, 2Diamonds, KClubs, 5Clubs, 4Clubs, 6Hearts, 2Hearts.
P1 AHearts P2 3Hearts P3 6Hearts P0 4Hearts 
P1 QClubs P2 3Clubs P3 4Clubs P0 2Clubs 
P1 QHearts P2 5Hearts P3 2Hearts P0 JHearts 
P0 AClubs P1 JClubs P2 6Clubs P3 5Clubs 
P0 4Diamonds P1 KDiamonds P2 3Diamonds P3 ADiamonds 
P3 2Diamonds P0 3Spades P1 6Spades P2 5Diamonds 
P1 KSpades P2 2Spades P3 6Diamonds P0 4Spades 
P1 7Spades P2 QSpades P3 QDiamonds P0 ASpades 
P0 JSpades P1 KHearts P2 JDiamonds P3 KClubs 
P0 5Spades P1 7Clubs P2 7Hearts P3 7Diamonds 
-- /GAME --
P0 HAND: KDiamonds, 7Clubs, 5Clubs, 4Clubs, 3Clubs, 2Clubs, 4Hearts, KSpades, QSpades, 3Spades.
P1 HAND: 4Diamonds, JClubs, AHearts, 7Hearts, KHearts, 6Hearts, 5Hearts, 3Hearts, 2Hearts, 6Spades.
P2 HAND: JDiamonds, QDiamonds, 6Diamonds, 3Diamonds, 2Diamonds, AClubs, QClubs, JHearts, ASpades, 4Spades.
P3 HAND: ADiamonds, 7Diamonds, 5Diamonds, KClubs, 6Clubs, QHearts, 7Spades, JSpades, 5Spades, 2Spades.

