-- GAME --
P0 HAND: ADiamonds, 7Clubs, KClubs, JClubs, QClubs, 5Clubs, ASpades, 7Spades, KSpades, JSpades.
P1 HAND: QDiamonds, 6Diamonds, 5Diamonds, 4Clubs, 2Clubs, 7Hearts, JHearts, 5Hearts, 2Hearts, 4Spades.
P2 HAND: 7Diamonds, JDiamonds, 2Diamonds, AClubs, 3Clubs, 6Hearts, 6Spades, 5Spades, 3Spades, 2Spades.
P3 HAND: KDiamonds, 4Diamonds, 3Diamonds, 6Clubs, AHearts, KHearts, QHearts, 4Hearts, 3Hearts, QSpades.
P2 AClubs P3 6Clubs P0 KClubs P1 2Clubs 
P2 2Diamonds P3 3Diamonds P0 ADiamonds P1 5Diamonds 
P0 ASpades P1 4Spades P2 6Spades P3 QSpades 
P0 JSpades P1 4Clubs P2 2Spades P3 4Diamonds 
P0 KSpades P1 6Diamonds P2 3Spades P3 3Hearts 
P3 4Hearts P0 7Spades P1 2Hearts P2 6Hearts 
P2 3Clubs P3 QHearts P0 5Clubs P1 QDiamonds 
P3 KHearts P0 7Clubs P1 5Hearts P2 5Spades 
P3 AHearts P0 QClubs P1 JHearts P2 JDiamonds 
P3 KDiamonds P0 JClubs P1 7Hearts P2 7Diamonds 
-- /GAME --
P0 HAND: QDiamonds, 6Diamonds, 5Diamonds, QClubs, 4Clubs, 3Clubs, AHearts, KHearts, QHearts, 2Hearts.
P1 HAND: 7Diamonds, 3Diamonds, 2Diamonds, AClubs, 4Hearts, 3Hearts, 7Spades, KSpades, 5Spades, 4Spades.
P2 HAND: ADiamonds, KClubs, JClubs, 5Clubs, JHearts, 5Hearts, JSpades, QSpades, 6Spades, 2Spades.
P3 HAND: KDiamonds, JDiamonds, 4Diamonds, 7Clubs, 6Clubs, 2Clubs, 7Hearts, 6Hearts, ASpades, 3Spades.
P1 2Diamonds P2 ADiamonds P3 4Diamonds P0 QDiamonds 
P2 2Spades P3 ASpades P0 3Clubs P1 4Spades 
P0 AHearts P1 3Hearts P2 JHearts P3 6Hearts 
P0 5Diamonds P1 3Diamonds P2 5Hearts P3 KDiamonds 
P3 3Spades P0 QClubs P1 5Spades P2 JSpades 
P0 QHearts P1 4Hearts P2 6Spades P3 7Hearts 
P3 JDiamonds P0 6Diamonds P1 7Diamonds P2 5Clubs 
P2 QSpades P3 2Clubs P0 4Clubs P1 KSpades 
P0 2Hearts P1 AClubs P2 JClubs P3 6Clubs 
P1 7Spades P2 KClubs P3 7Clubs P0 KHearts 
-- /GAME --
P0 HAND: 4Diamonds, JClubs, AHearts, 7Hearts, ASpades, KSpades, JSpades, QSpades, 5Spades, 3Spades.
P1 HAND: KDiamonds, 5Diamonds, 3Diamonds, 2Diamonds, KClubs, 6Clubs, KHearts, 6Hearts, 4Hearts, 4Spades.
P2 HAND: 6Diamonds, 7Clubs, QClubs, 4Clubs, 3Clubs, JHearts, QHearts, 5Hearts, 2Hearts, 2Spades.
P3 HAND: ADiamonds, 7Diamonds, JDiamonds, QDiamonds, AClubs, 5Clubs, 2Clubs, 3Hearts, 7Spades, 6Spades.
P0 AHearts P1 4Hearts P2 JHearts P3 3Hearts 
P0 7Hearts P1 6Hearts P2 2Hearts P3 QDiamonds 
P3 AClubs P0 JClubs P1 KClubs P2 3Clubs 
P3 2Clubs P0 ASpades P1 6Clubs P2 7Clubs 
P2 2Spades P3 7Spades P0 3Spades P1 4Spades 
P3 5Clubs P0 QSpades P1 2Diamonds P2 4Clubs 
P1 3Diamonds P2 6Diamonds P3 JDiamonds P0 4Diamonds 
P3 6Spades P0 KSpades P1 5Diamonds P2 5Hearts 
P1 KDiamonds P2 QClubs P3 7Diamonds P0 5Spades 
P3 ADiamonds P0 JSpades P1 KHearts P2 QHearts 
-- /GAME --
P0 HAND: QDiamonds, 5Diamonds, 7Clubs, JClubs, 4Clubs, KHearts, 4Hearts, 3Hearts, 5Spades, 3Spades.
P1 HAND: 2Diamonds, AClubs, KClubs, 6Clubs, 5Clubs, 7Hearts, JHearts, QHearts, 5Hearts, KSpades.
P2 HAND: ADiamonds, KDiamonds, 4Diamonds, 3Clubs, AHearts, 6Hearts, 2Hearts, ASpades, QSpades, 4Spades.
P3 HAND: 7Diamonds, JDiamonds, 6Diamonds, 3Diamonds, QClubs, 2Clubs, 7Spades, JSpades, 6Spades, 2Spades.
P3 2Clubs P0 4Clubs P1 AClubs P2 3Clubs 
P1 2Diamonds P2 ADiamonds P3 3Diamonds P0 QDiamonds 
P2 ASpades P3 2Spades P0 3Spades P1 KSpades 
P2 4Diamonds P3 6Diamonds P0 5Diamonds P1 KClubs 
P3 6Spades P0 5Spades P1 5Clubs P2 QSpades 
P2 4Spades P3 JSpades P0 3Hearts P1 6Clubs 
P0 4Hearts P1 5Hearts P2 2Hearts P3 7Diamonds 
P1 QHearts P2 6Hearts P3 QClubs P0 KHearts 
P0 JClubs P1 JHearts P2 AHearts P3 JDiamonds 
P2 KDiamonds P3 7Spades P0 7Clubs P1 7Hearts 
-- /GAME --
P0 HAND: JDiamonds, QDiamonds, AClubs, 7Clubs, 7Hearts, 4Hearts, 2Hearts, ASpades, 7Spades, 5Spades.
P1 HAND: KDiamonds, 6Diamonds, 3Diamonds, KClubs, QClubs, 3Clubs, 6Hearts, QSpades, 6Spades, 4Spades.
P2 HAND: 7Diamonds, 2Diamonds, JClubs, 6Clubs, AHearts, KHearts, 3Hearts, JSpades, 3Spades, 2Spades.
P3 HAND: ADiamonds, 5Diamonds, 4Diamonds, 5Clubs, 4Clubs, 2Clubs, JHearts, QHearts, 5Hearts, KSpades.
P2 AHearts P3 5Hearts P0 7Hearts P1 6Hearts 
P2 2Diamonds P3 ADiamonds P0 QDiamonds P1 KDiamonds 
P3 2Clubs P0 AClubs P1 3Clubs P2 JClubs 
P0 5Spades P1 4Spades P2 2Spades P3 KSpades 
P3 4Diamonds P0 JDiamonds P1 3Diamonds P2 7Diamonds 
P2 3Hearts P3 QHearts P0 2Hearts P1 KClubs 
P3 4Clubs P0 7Clubs P1 QClubs P2 6Clubs 
P0 4Hearts P1 6Diamonds P2 KHearts P3 JHearts 
P2 3Spades P3 5Diamonds P0 7Spades P1 6Spades 
P0 ASpades P1 QSpades P2 JSpades P3 5Clubs 
-- /GAME --
P0 HAND: KDiamonds, QDiamonds, 4Diamonds, QClubs, 5Clubs, 6Hearts, ASpades, 7Spades, 4Spades, 3Spades.
P1 HAND: ADiamonds, JDiamonds, 6Diamonds, KClubs, 2Clubs, AHearts, KHearts, QHearts, KSpades, QSpades.
P2 HAND: AClubs, 7Clubs, 6Clubs, 4Clubs, 7Hearts, 5Hearts, 3Hearts, JSpades, 6Spades, 2Spades.
P3 HAND: 7Diamonds, 5Diamonds, 3Diamonds, 2Diamonds, JClubs, 3Clubs, JHearts, 4Hearts, 2Hearts, 5Spades.
P3 2Diamonds 
