-- GAME --
P0 HAND: KDiamonds, JDiamonds, QDiamonds, 5Clubs, 4Clubs, 3Clubs, 2Clubs, AHearts, 5Hearts, ASpades.
P1 HAND: ADiamonds, 6Diamonds, 3Diamonds, 2Diamonds, KClubs, QClubs, 4Hearts, KSpades, 5Spades, 4Spades.
P2 HAND: 4Diamonds, JClubs, 6Clubs, KHearts, JHearts, 6Hearts, 7Spades, QSpades, 6Spades, 2Spades.
P3 HAND: 7Diamonds, 5Diamonds, AClubs, 7Clubs, 7Hearts, QHearts, 3Hearts, 2Hearts, JSpades, 3Spades.
P2 2Spades P3 3Spades P0 ASpades P1 4Spades 
P0 2Clubs P1 QClubs P2 6Clubs P3 AClubs 
P3 2Hearts P0 5Hearts P1 4Hearts P2 KHearts 
P2 6Hearts P3 3Hearts P0 AHearts P1 2Diamonds 
P1 5Spades P2 6Spades P3 JSpades P0 3Clubs 
P3 QHearts P0 4Clubs P1 3Diamonds P2 JHearts 
P1 6Diamonds P2 4Diamonds P3 5Diamonds P0 KDiamonds 
P0 5Clubs P1 KClubs P2 JClubs P3 7Clubs 
P3 7Diamonds P0 QDiamonds P1 ADiamonds P2 QSpades 
P1 KSpades P2 7Spades P3 7Hearts P0 JDiamonds 
-- /GAME --
P0 HAND: QDiamonds, 5Diamonds, 3Diamonds, 3Clubs, KHearts, 5Hearts, 4Hearts, 7Spades, 5Spades, 3Spades.
P1 HAND: ADiamonds, 7Diamonds, JDiamonds, KClubs, 4Clubs, 2Clubs, 3Hearts, 2Hearts, 6Spades, 4Spades.
P2 HAND: KDiamonds, 4Diamonds, AClubs, 7Clubs, JClubs, QClubs, 6Clubs, AHearts, JHearts, QSpades.
P3 HAND: 6Diamonds, 2Diamonds, 5Clubs, 7Hearts, QHearts, 6Hearts, ASpades, KSpades, JSpades, 2Spades.
P1 ADiamonds P2 4Diamonds P3 6Diamonds P0 3Diamonds 
P1 2Clubs P2 AClubs P3 5Clubs P0 3Clubs 
P2 AHearts P3 6Hearts P0 KHearts P1 2Hearts 
P2 6Clubs P3 2Diamonds P0 5Spades P1 4Clubs 
P0 QDiamonds P1 JDiamonds P2 KDiamonds P3 2Spades 
P3 QHearts P0 5Hearts P1 3Hearts P2 JHearts 
P2 QClubs P3 JSpades P0 7Spades P1 KClubs 
P0 5Diamonds P1 7Diamonds P2 QSpades P3 KSpades 
P3 ASpades P0 3Spades P1 4Spades P2 JClubs 
P3 7Hearts P0 4Hearts P1 6Spades P2 7Clubs 
-- /GAME --
P0 HAND: 3Diamonds, 2Diamonds, KClubs, KHearts, 3Hearts, 7Spades, KSpades, 4Spades, 3Spades, 2Spades.
P1 HAND: 7Diamonds, QDiamonds, 5Diamonds, 4Clubs, 3Clubs, QHearts, 5Hearts, 2Hearts, JSpades, QSpades.
P2 HAND: JDiamonds, 6Diamonds, 4Diamonds, 7Clubs, 6Clubs, 5Clubs, 2Clubs, 7Hearts, JHearts, 6Hearts.
P3 HAND: ADiamonds, KDiamonds, AClubs, JClubs, QClubs, AHearts, 4Hearts, ASpades, 6Spades, 5Spades.
P0 KClubs P1 3Clubs P2 2Clubs P3 AClubs 
P3 AHearts P0 3Hearts P1 QHearts P2 6Hearts 
P3 ASpades P0 2Spades P1 JSpades P2 4Diamonds 
P2 5Clubs P3 QClubs P0 3Diamonds P1 4Clubs 
P0 7Spades P1 QSpades P2 7Clubs P3 5Spades 
P0 KSpades P1 2Hearts P2 7Hearts P3 6Spades 
P0 KHearts P1 5Hearts P2 JHearts P3 4Hearts 
P0 4Spades P1 5Diamonds P2 6Clubs P3 JClubs 
P1 QDiamonds P2 6Diamonds P3 KDiamonds P0 2Diamonds 
P3 ADiamonds P0 3Spades P1 7Diamonds P2 JDiamonds 
-- /GAME --
P0 HAND: QDiamonds, 6Diamonds, 5Diamonds, 4Diamonds, 5Clubs, 4Clubs, 3Hearts, 2Hearts, 7Spades, 5Spades.
P1 HAND: 3Diamonds, KClubs, JClubs, JHearts, QHearts, 6Hearts, ASpades, KSpades, 4Spades, 3Spades.
P2 HAND: JDiamonds, 2Diamonds, AClubs, 7Clubs, QClubs, 6Clubs, 3Clubs, 7Hearts, 6Spades, 2Spades.
P3 HAND: ADiamonds, 7Diamonds, KDiamonds, 2Clubs, AHearts, KHearts, 5Hearts, 4Hearts, JSpades, QSpades.
P3 ADiamonds P0 4Diamonds P1 3Diamonds P2 2Diamonds 
P3 2Clubs P0 4Clubs P1 JClubs P2 AClubs 
P2 2Spades P3 QSpades P0 5Spades P1 ASpades 
P1 3Spades P2 6Spades P3 JSpades P0 7Spades 
P0 5Diamonds P1 4Spades P2 JDiamonds P3 7Diamonds 
P3 4Hearts P0 2Hearts P1 6Hearts P2 7Hearts 
P2 3Clubs P3 5Hearts P0 5Clubs P1 KClubs 
P3 KHearts P0 3Hearts P1 QHearts P2 6Clubs 
P3 AHearts P0 QDiamonds P1 JHearts P2 QClubs 
P3 KDiamonds P0 6Diamonds P1 KSpades P2 7Clubs 
-- /GAME --
P0 HAND: JDiamonds, QDiamonds, 6Clubs, 5Clubs, 2Clubs, AHearts, 7Hearts, 5Hearts, 2Hearts, JSpades.
P1 HAND: 6Diamonds, 3Diamonds, 3Clubs, KHearts, QHearts, 6Hearts, ASpades, 7Spades, 6Spades, 4Spades.
P2 HAND: ADiamonds, 7Diamonds, 4Diamonds, AClubs, 7Clubs, KClubs, JClubs, 4Hearts, KSpades, QSpades.
P3 HAND: KDiamonds, 5Diamonds, 2Diamonds, QClubs, 4Clubs, JHearts, 3Hearts, 5Spades, 3Spades, 2Spades.
P2 ADiamonds P3 2Diamonds P0 QDiamonds P1 3Diamonds 
P2 AClubs P3 4Clubs P0 2Clubs P1 3Clubs 
P2 4Diamonds P3 5Diamonds P0 JDiamonds P1 6Diamonds 
P0 AHearts P1 6Hearts P2 4Hearts P3 3Hearts 
P0 5Clubs P1 QHearts P2 7Clubs P3 QClubs 
P2 JClubs P3 2Spades P0 6Clubs P1 KHearts 
P3 JHearts P0 2Hearts P1 4Spades P2 QSpades 
P2 KSpades P3 3Spades P0 JSpades P1 7Spades 
P1 6Spades P2 KClubs P3 5Spades P0 5Hearts 
P1 ASpades P2 7Diamonds P3 KDiamonds P0 7Hearts 
-- /GAME --
P0 HAND: ADiamonds, 7Diamonds, 5Diamonds, 7Clubs, JClubs, 4Clubs, AHearts, ASpades, 7Spades, KSpades.
P1 HAND: JDiamonds, AClubs, 5Clubs, 3Clubs, 6Hearts, 4Hearts, 3Hearts, QSpades, 6Spades, 5Spades.
P2 HAND: QDiamonds, 6Diamonds, 4Diamonds, 3Diamonds, KClubs, QClubs, KHearts, 5Hearts, 3Spades, 2Spades.
P3 HAND: KDiamonds, 2Diamonds, 6Clubs, 2Clubs, 7Hearts, JHearts, QHearts, 2Hearts, JSpades, 4Spades.
P1 AClubs P2 QClubs P3 6Clubs P0 4Clubs 
P1 3Clubs P2 KClubs P3 2Clubs P0 7Clubs 
P0 ASpades P1 5Spades P2 2Spades P3 4Spades 
P0 7Spades P1 6Spades P2 3Spades P3 JSpades 
P0 KSpades P1 QSpades P2 3Diamonds P3 2Diamonds 
P0 AHearts P1 3Hearts P2 KHearts P3 2Hearts 
P0 JClubs P1 5Clubs P2 4Diamonds P3 QHearts 
P0 ADiamonds P1 JDiamonds P2 QDiamonds P3 KDiamonds 
P0 7Diamonds P1 4Hearts P2 6Diamonds P3 JHearts 
P0 5Diamonds P1 6Hearts P2 5Hearts P3 7Hearts 
-- /GAME --
P0 HAND: ADiamonds, KDiamonds, 6Diamonds, 5Diamonds, 4Diamonds, KHearts, 6Hearts, 7Spades, JSpades, 2Spades.
P1 HAND: 3Diamonds, 2Diamonds, QClubs, 6Clubs, 4Clubs, AHearts, QHearts, 2Hearts, QSpades, 4Spades.
P2 HAND: 7Diamonds, QDiamonds, AClubs, JClubs, 5Clubs, 3Clubs, JHearts, ASpades, 5Spades, 3Spades.
P3 HAND: JDiamonds, 7Clubs, KClubs, 2Clubs, 7Hearts, 5Hearts, 4Hearts, 3Hearts, KSpades, 6Spades.
P0 2Spades P1 4Spades P2 ASpades P3 6Spades 
P2 3Spades P3 KSpades P0 7Spades P1 QSpades 
P0 6Hearts P1 AHearts P2 JHearts P3 7Hearts 
P1 2Diamonds P2 QDiamonds P3 JDiamonds P0 ADiamonds 
P0 JSpades P1 2Hearts P2 5Spades P3 3Hearts 
P0 KHearts P1 QHearts P2 7Diamonds P3 4Hearts 
P0 KDiamonds P1 3Diamonds P2 3Clubs P3 5Hearts 
P2 5Clubs P3 2Clubs P0 4Diamonds P1 4Clubs 
P2 JClubs P3 KClubs P0 6Diamonds P1 6Clubs 
P3 7Clubs P0 5Diamonds P1 QClubs P2 AClubs 
-- /GAME --
P0 HAND: QDiamonds, 5Diamonds, 3Diamonds, 7Clubs, 2Clubs, AHearts, KHearts, 7Spades, KSpades, 2Spades.
P1 HAND: 4Diamonds, AClubs, JHearts, 4Hearts, 3Hearts, 2Hearts, ASpades, JSpades, 5Spades, 3Spades.
P2 HAND: ADiamonds, 6Diamonds, 2Diamonds, JClubs, QClubs, 6Clubs, 4Clubs, 7Hearts, 5Hearts, QSpades.
P3 HAND: 7Diamonds, KDiamonds, JDiamonds, KClubs, 5Clubs, 3Clubs, QHearts, 6Hearts, 6Spades, 4Spades.
P3 3Clubs P0 7Clubs P1 AClubs P2 4Clubs 

