-- GAME --
P0 HAND: QDiamonds, 3Diamonds, KClubs, JClubs, QClubs, 7Hearts, 5Hearts, 4Hearts, KSpades, 3Spades.
P1 HAND: ADiamonds, 5Diamonds, AClubs, 3Clubs, 2Clubs, KHearts, JHearts, QHearts, 6Hearts, QSpades.
P2 HAND: KDiamonds, JDiamonds, 4Diamonds, 5Clubs, 3Hearts, 7Spades, JSpades, 6Spades, 4Spades, 2Spades.
P3 HAND: 7Diamonds, 6Diamonds, 2Diamonds, 7Clubs, 6Clubs, 4Clubs, AHearts, 2Hearts, ASpades, 5Spades.
P3 AHearts P0 4Hearts P1 KHearts P2 3Hearts 
P3 ASpades P0 KSpades P1 QSpades P2 2Spades 
P3 2Diamonds P0 QDiamonds P1 ADiamonds P2 4Diamonds 
P1 5Diamonds P2 JDiamonds P3 7Diamonds P0 3Diamonds 
P3 2Hearts P0 5Hearts P1 6Hearts P2 4Spades 
P1 QHearts P2 6Spades P3 5Spades P0 7Hearts 
P0 3Spades P1 2Clubs P2 JSpades P3 6Diamonds 
P1 JHearts P2 5Clubs P3 4Clubs P0 QClubs 
P0 KClubs P1 3Clubs P2 KDiamonds P3 7Clubs 
P3 6Clubs P0 JClubs P1 AClubs P2 7Spades 
-- /GAME --
P0 HAND: KDiamonds, JDiamonds, 4Diamonds, 2Diamonds, JClubs, 6Hearts, 3Hearts, ASpades, 7Spades, QSpades.
P1 HAND: 7Diamonds, 5Diamonds, 7Clubs, KClubs, 5Clubs, JHearts, 4Hearts, 2Hearts, JSpades, 4Spades.
P2 HAND: QDiamonds, 6Clubs, 2Clubs, AHearts, 7Hearts, KHearts, 5Hearts, 5Spades, 3Spades, 2Spades.
P3 HAND: ADiamonds, 6Diamonds, 3Diamonds, AClubs, QClubs, 4Clubs, 3Clubs, QHearts, KSpades, 6Spades.

