-- GAME --
P0 HAND: KDiamonds, 2Diamonds, AClubs, JClubs, 3Clubs, 7Hearts, ASpades, KSpades, JSpades, QSpades.
P1 HAND: 7Diamonds, 5Diamonds, 4Diamonds, KClubs, QClubs, AHearts, 2Hearts, 7Spades, 3Spades, 2Spades.
P2 HAND: JDiamonds, QDiamonds, 6Diamonds, 3Diamonds, 7Clubs, 5Clubs, 6Hearts, 5Hearts, 3Hearts, 4Spades.
P3 HAND: ADiamonds, 6Clubs, 4Clubs, 2Clubs, KHearts, JHearts, QHearts, 4Hearts, 6Spades, 5Spades.
P0 AClubs P1 QClubs P2 7Clubs P3 2Clubs 
P0 ASpades P1 2Spades P2 4Spades P3 5Spades 
P0 2Diamonds P1 4Diamonds P2 3Diamonds P3 ADiamonds 
P3 4Clubs P0 JClubs P1 KClubs P2 5Clubs 
P1 3Spades P2 6Diamonds P3 6Spades P0 KSpades 
P0 QSpades P1 7Spades P2 3Hearts P3 4Hearts 
P3 6Clubs P0 3Clubs P1 5Diamonds P2 QDiamonds 
P3 QHearts P0 7Hearts P1 AHearts P2 5Hearts 
P1 2Hearts P2 6Hearts P3 JHearts P0 KDiamonds 
P3 KHearts P0 JSpades P1 7Diamonds P2 JDiamonds 
-- /GAME --
P0 HAND: JDiamonds, 6Diamonds, 7Clubs, 6Clubs, AHearts, 2Hearts, ASpades, 7Spades, QSpades, 3Spades.
P1 HAND: ADiamonds, KDiamonds, QDiamonds, 5Diamonds, 2Diamonds, QClubs, 2Clubs, JHearts, QHearts, 4Spades.
P2 HAND: 4Diamonds, 3Diamonds, KClubs, JClubs, 5Clubs, 6Hearts, 5Hearts, 3Hearts, KSpades, 5Spades.
P3 HAND: 7Diamonds, AClubs, 4Clubs, 3Clubs, 7Hearts, KHearts, 4Hearts, JSpades, 6Spades, 2Spades.
P3 AClubs P0 6Clubs P1 QClubs P2 5Clubs 
P3 3Clubs P0 7Clubs P1 2Clubs P2 KClubs 
P0 3Spades P1 4Spades P2 5Spades P3 2Spades 
P2 3Diamonds P3 7Diamonds P0 6Diamonds P1 ADiamonds 
P1 2Diamonds P2 4Diamonds P3 4Clubs P0 JDiamonds 
P0 QSpades P1 5Diamonds P2 KSpades P3 6Spades 
P2 3Hearts P3 4Hearts P0 2Hearts P1 JHearts 
P1 QDiamonds P2 5Hearts P3 JSpades P0 ASpades 
P0 7Spades P1 QHearts P2 6Hearts P3 KHearts 
P0 AHearts P1 KDiamonds P2 JClubs P3 7Hearts 
-- /GAME --
P0 HAND: 3Diamonds, KClubs, JClubs, QClubs, 6Clubs, 7Hearts, KHearts, 2Hearts, ASpades, QSpades.
P1 HAND: ADiamonds, KDiamonds, 3Clubs, 2Clubs, JHearts, KSpades, 6Spades, 5Spades, 4Spades, 2Spades.
P2 HAND: JDiamonds, QDiamonds, 6Diamonds, AClubs, 5Clubs, 4Clubs, AHearts, QHearts, 5Hearts, 3Hearts.
P3 HAND: 7Diamonds, 5Diamonds, 4Diamonds, 2Diamonds, 7Clubs, 6Hearts, 4Hearts, 7Spades, JSpades, 3Spades.
P2 AClubs P3 7Clubs P0 KClubs P1 2Clubs 
P2 AHearts P3 4Hearts P0 7Hearts P1 JHearts 
P2 3Hearts P3 6Hearts P0 KHearts P1 3Clubs 
P0 JClubs P1 2Spades P2 4Clubs P3 7Diamonds 
P1 ADiamonds P2 6Diamonds P3 5Diamonds P0 3Diamonds 
P1 4Spades P2 5Clubs P3 3Spades P0 QSpades 
P0 6Clubs P1 5Spades P2 5Hearts P3 4Diamonds 
P1 6Spades P2 QDiamonds P3 JSpades P0 ASpades 
P0 2Hearts P1 KSpades P2 QHearts P3 2Diamonds 
P1 KDiamonds P2 JDiamonds P3 7Spades P0 QClubs 
-- /GAME --
P0 HAND: 7Diamonds, 6Diamonds, 7Clubs, 5Clubs, 6Hearts, 4Hearts, 2Hearts, 7Spades, JSpades, QSpades.
P1 HAND: QDiamonds, 2Diamonds, AClubs, JClubs, 7Hearts, 3Hearts, KSpades, 5Spades, 4Spades, 2Spades.
P2 HAND: KDiamonds, 6Clubs, 4Clubs, 3Clubs, AHearts, KHearts, JHearts, ASpades, 6Spades, 3Spades.
P3 HAND: ADiamonds, JDiamonds, 5Diamonds, 4Diamonds, 3Diamonds, KClubs, QClubs, 2Clubs, QHearts, 5Hearts.
P1 2Diamonds P2 KDiamonds P3 ADiamonds P0 6Diamonds 
P3 3Diamonds P0 7Diamonds P1 QDiamonds P2 AHearts 
P0 2Hearts P1 7Hearts P2 JHearts P3 QHearts 
P1 2Spades P2 ASpades P3 2Clubs P0 QSpades 
P3 4Diamonds P0 4Hearts P1 3Hearts P2 3Spades 
P3 5Diamonds P0 6Hearts P1 4Spades P2 6Spades 
P3 5Hearts P0 JSpades P1 5Spades P2 KHearts 
P2 3Clubs P3 QClubs P0 7Clubs P1 AClubs 
P1 JClubs P2 4Clubs P3 KClubs P0 5Clubs 
P3 JDiamonds P0 7Spades P1 KSpades P2 6Clubs 
-- /GAME --
P0 HAND: ADiamonds, 6Diamonds, 2Diamonds, 7Clubs, 5Clubs, AHearts, QHearts, ASpades, 3Spades, 2Spades.
P1 HAND: 4Diamonds, 3Diamonds, AClubs, KClubs, JClubs, QClubs, 7Hearts, 6Hearts, 3Hearts, 2Hearts.
P2 HAND: JDiamonds, 5Diamonds, 6Clubs, KHearts, 4Hearts, 7Spades, KSpades, QSpades, 5Spades, 4Spades.
P3 HAND: 7Diamonds, KDiamonds, QDiamonds, 4Clubs, 3Clubs, 2Clubs, JHearts, 5Hearts, JSpades, 6Spades.
P0 ADiamonds P1 3Diamonds P2 JDiamonds P3 QDiamonds 
P0 ASpades P1 2Hearts P2 4Spades P3 JSpades 
P1 AClubs P2 6Clubs P3 4Clubs P0 5Clubs 
P1 4Diamonds P2 5Diamonds P3 7Diamonds P0 2Diamonds 
P3 2Clubs P0 7Clubs P1 QClubs P2 7Spades 
P0 3Spades P1 3Hearts P2 5Spades P3 6Spades 
P1 JClubs P2 QSpades P3 3Clubs P0 6Diamonds 
P1 6Hearts P2 4Hearts P3 5Hearts P0 QHearts 
P0 2Spades P1 7Hearts P2 KSpades P3 KDiamonds 
P1 KClubs P2 KHearts P3 JHearts P0 AHearts 
-- /GAME --
P0 HAND: 7Diamonds, JDiamonds, 6Diamonds, 2Diamonds, QClubs, QHearts, 6Hearts, 5Hearts, 4Hearts, 3Hearts.
P1 HAND: QDiamonds, 4Diamonds, 7Clubs, KClubs, 4Clubs, KHearts, KSpades, QSpades, 4Spades, 2Spades.
P2 HAND: 3Diamonds, AClubs, 3Clubs, 2Clubs, AHearts, 7Hearts, JHearts, 2Hearts, 7Spades, JSpades.
P3 HAND: ADiamonds, KDiamonds, 5Diamonds, JClubs, 6Clubs, 5Clubs, ASpades, 6Spades, 5Spades, 3Spades.
P3 ADiamonds P0 2Diamonds P1 QDiamonds P2 3Diamonds 
P3 ASpades P0 QClubs P1 2Spades P2 7Spades 
P0 4Hearts P1 KHearts P2 AHearts P3 5Clubs 
P3 3Spades P0 6Hearts P1 KSpades P2 JSpades 
P1 4Diamonds P2 2Hearts P3 5Diamonds P0 7Diamonds 
P0 JDiamonds P1 4Spades P2 2Clubs P3 KDiamonds 
P2 JHearts P3 5Spades 
