-- GAME --
P0 5Clubs P1 6Clubs P2 2Clubs P3 AClubs 
P3 3Clubs P0 4Spades P1 JClubs P2 KClubs 
P2 2Spades P3 KSpades P0 7Spades P1 5Spades 
P0 AHearts P1 5Hearts P2 3Hearts P3 QHearts 
P0 2Hearts P1 6Hearts P2 3Spades P3 7Hearts 
P3 JHearts P0 4Hearts P1 KHearts P2 4Diamonds 
P2 4Clubs P3 7Clubs P0 6Diamonds P1 ADiamonds 
P1 6Spades P2 JSpades P3 2Diamonds P0 JDiamonds 
P0 7Diamonds P1 5Diamonds P2 ASpades P3 3Diamonds 
P0 KDiamonds P1 QSpades P2 QClubs P3 QDiamonds 
-- /GAME --
P0 HAND: ADiamonds, KDiamonds, QDiamonds, 7Clubs, 4Clubs, 6Hearts, 5Hearts, 4Hearts, KSpades, 2Spades.
P1 HAND: JDiamonds, 3Diamonds, 2Diamonds, 5Clubs, 3Clubs, QHearts, JSpades, 6Spades, 5Spades, 4Spades.
P2 HAND: 6Diamonds, 4Diamonds, JClubs, 6Clubs, AHearts, JHearts, 3Hearts, ASpades, 7Spades, 3Spades.
P3 HAND: 7Diamonds, 5Diamonds, AClubs, KClubs, QClubs, 2Clubs, 7Hearts, KHearts, 2Hearts, QSpades.
P3 AClubs P0 4Clubs P1 5Clubs P2 6Clubs 
P3 2Clubs P0 7Clubs P1 3Clubs P2 JClubs 
P0 ADiamonds P1 2Diamonds P2 6Diamonds P3 5Diamonds 
P0 4Hearts P1 QHearts P2 AHearts P3 2Hearts 
P2 3Hearts P3 KHearts P0 5Hearts P1 JDiamonds 
P3 QClubs P0 2Spades P1 3Diamonds P2 JHearts 
P0 QDiamonds P1 4Spades P2 4Diamonds P3 7Diamonds 
P1 5Spades P2 3Spades P3 QSpades P0 KSpades 
P0 KDiamonds P1 6Spades P2 7Spades P3 KClubs 
P2 ASpades P3 7Hearts P0 6Hearts P1 JSpades 
-- /GAME --
P0 HAND: JDiamonds, 6Diamonds, JClubs, QClubs, 5Clubs, 7Hearts, JSpades, QSpades, 5Spades, 4Spades.
P1 HAND: ADiamonds, 7Diamonds, QDiamonds, AClubs, 3Clubs, 2Clubs, AHearts, JHearts, 4Hearts, 6Spades.
P2 HAND: 5Diamonds, 4Diamonds, 3Diamonds, 7Clubs, KClubs, 3Hearts, ASpades, 7Spades, KSpades, 2Spades.
P3 HAND: KDiamonds, 2Diamonds, 6Clubs, 4Clubs, KHearts, QHearts, 6Hearts, 5Hearts, 2Hearts, 3Spades.
P2 ASpades P3 3Spades P0 JSpades P1 6Spades 
P2 2Spades P3 2Hearts P0 5Spades P1 2Clubs 
P0 5Clubs P1 AClubs P2 KClubs P3 6Clubs 
P1 AHearts P2 3Hearts P3 KHearts P0 7Hearts 
P1 3Clubs P2 7Clubs P3 4Clubs P0 JClubs 
P2 3Diamonds P3 2Diamonds P0 6Diamonds P1 QDiamonds 
P1 4Hearts P2 4Diamonds P3 5Hearts P0 QClubs 
P2 5Diamonds P3 KDiamonds P0 JDiamonds P1 7Diamonds 
P1 JHearts P2 KSpades P3 6Hearts P0 4Spades 
P1 ADiamonds P2 7Spades P3 QHearts P0 QSpades 
-- /GAME --
P0 HAND: ADiamonds, JDiamonds, 3Diamonds, 6Clubs, 4Clubs, 3Clubs, 2Hearts, QSpades, 4Spades, 2Spades.
P1 HAND: 4Diamonds, 2Diamonds, KClubs, QClubs, QHearts, 3Hearts, ASpades, 7Spades, KSpades, 5Spades.
P2 HAND: 7Diamonds, KDiamonds, QDiamonds, 5Diamonds, 7Clubs, 5Clubs, JHearts, 6Hearts, 6Spades, 3Spades.
P3 HAND: 6Diamonds, AClubs, JClubs, 2Clubs, AHearts, 7Hearts, KHearts, 5Hearts, 4Hearts, JSpades.
P1 ASpades P2 3Spades P3 JSpades P0 2Spades 
P1 3Hearts P2 6Hearts P3 AHearts P0 2Hearts 
P3 AClubs P0 6Clubs P1 KClubs P2 5Clubs 
P3 2Clubs P0 4Clubs P1 QClubs P2 7Clubs 
P2 6Spades P3 4Hearts P0 4Spades P1 7Spades 
P1 5Spades P2 5Diamonds P3 5Hearts P0 QSpades 
P2 JHearts P3 KHearts P0 JDiamonds P1 QHearts 
P0 3Clubs P1 2Diamonds P2 QDiamonds P3 JClubs 
P2 KDiamonds P3 6Diamonds P0 3Diamonds P1 4Diamonds 
P2 7Diamonds P3 7Hearts P0 ADiamonds P1 KSpades 
-- /GAME --
P0 HAND: 7Diamonds, JDiamonds, KClubs, AHearts, JHearts, 6Hearts, 2Hearts, ASpades, KSpades, 6Spades.
P1 HAND: AClubs, QClubs, 3Clubs, 2Clubs, 5Hearts, 4Hearts, QSpades, 5Spades, 4Spades, 3Spades.
P2 HAND: 6Diamonds, 4Diamonds, 3Diamonds, 7Clubs, JClubs, 5Clubs, 7Hearts, KHearts, JSpades, 2Spades.
P3 HAND: ADiamonds, KDiamonds, QDiamonds, 5Diamonds, 2Diamonds, 6Clubs, 4Clubs, QHearts, 3Hearts, 7Spades.
P3 2Diamonds P0 JDiamonds P1 3Spades P2 6Diamonds 
P0 ASpades P1 4Spades P2 JSpades P3 7Spades 
P0 AHearts P1 4Hearts P2 7Hearts P3 3Hearts 
P0 6Spades P1 5Spades P2 2Spades P3 5Diamonds 
P0 6Hearts P1 5Hearts P2 KHearts P3 QHearts 
P2 3Diamonds P3 QDiamonds P0 7Diamonds P1 2Clubs 
P1 QSpades P2 4Diamonds P3 4Clubs P0 KSpades 
P3 6Clubs P0 KClubs P1 3Clubs P2 5Clubs 
P0 2Hearts P1 QClubs P2 JClubs P3 KDiamonds 
P2 7Clubs P3 ADiamonds P0 JHearts P1 AClubs 
-- /GAME --
P0 HAND: 6Diamonds, KClubs, 5Clubs, 3Clubs, 2Clubs, 6Hearts, 5Hearts, ASpades, 4Spades, 3Spades.
P1 HAND: ADiamonds, QDiamonds, 3Diamonds, 2Diamonds, 7Clubs, QClubs, 4Clubs, 7Hearts, JHearts, QHearts.
P2 HAND: JDiamonds, 5Diamonds, 4Diamonds, AClubs, 4Hearts, 3Hearts, 2Hearts, QSpades, 6Spades, 5Spades.
P3 HAND: 7Diamonds, KDiamonds, JClubs, 6Clubs, AHearts, KHearts, 7Spades, KSpades, JSpades, 2Spades.
P2 AClubs P3 6Clubs P0 KClubs P1 4Clubs 
P2 4Diamonds P3 KDiamonds P0 6Diamonds P1 ADiamonds 
P1 2Diamonds P2 5Diamonds P3 7Diamonds P0 6Hearts 
P0 ASpades P1 QHearts P2 5Spades P3 7Spades 
P1 3Diamonds P2 JDiamonds P3 2Spades P0 4Spades 
P2 6Spades P3 JSpades P0 3Spades P1 7Clubs 
P3 JClubs P0 2Clubs P1 QClubs P2 2Hearts 
P2 QSpades P3 KSpades P0 5Hearts P1 JHearts 
P1 QDiamonds P2 3Hearts P3 KHearts P0 3Clubs 
P3 AHearts P0 5Clubs P1 7Hearts P2 4Hearts 
-- /GAME --
P0 HAND: KDiamonds, 6Clubs, 7Hearts, KHearts, 3Hearts, ASpades, 7Spades, JSpades, 3Spades, 2Spades.
P1 HAND: 7Diamonds, QDiamonds, 5Diamonds, 3Diamonds, 2Diamonds, 7Clubs, KClubs, 2Clubs, 2Hearts, KSpades.
P2 HAND: ADiamonds, 6Diamonds, 4Diamonds, AClubs, JClubs, 5Clubs, 4Clubs, JHearts, QSpades, 4Spades.
P3 HAND: JDiamonds, QClubs, 3Clubs, AHearts, QHearts, 6Hearts, 5Hearts, 4Hearts, 6Spades, 5Spades.
P1 2Diamonds P2 ADiamonds P3 JDiamonds P0 KDiamonds 
P2 AClubs P3 3Clubs P0 6Clubs P1 2Clubs 
P2 4Diamonds P3 4Hearts P0 2Spades P1 3Diamonds 
P0 3Hearts P1 2Hearts P2 JHearts P3 AHearts 
P3 5Hearts P0 KHearts P1 5Diamonds P2 JClubs 
P0 7Spades P1 KSpades P2 4Spades P3 5Spades 
P0 JSpades P1 QDiamonds P2 QSpades P3 6Spades 
P0 ASpades P1 KClubs P2 4Clubs P3 6Hearts 
P0 7Hearts P1 7Diamonds P2 5Clubs P3 QHearts 
P0 3Spades P1 7Clubs P2 6Diamonds P3 QClubs 
-- /GAME --
P0 HAND: JDiamonds, 4Diamonds, 3Diamonds, 2Diamonds, 7Clubs, QClubs, 6Clubs, JSpades, QSpades, 4Spades.
P1 HAND: 7Diamonds, KDiamonds, 3Clubs, 7Hearts, 5Hearts, 2Hearts, ASpades, 6Spades, 5Spades, 2Spades.
P2 HAND: ADiamonds, 6Diamonds, 5Diamonds, 2Clubs, AHearts, JHearts, 6Hearts, 4Hearts, 7Spades, 3Spades.
P3 HAND: QDiamonds, AClubs, KClubs, JClubs, 5Clubs, 4Clubs, KHearts, QHearts, 3Hearts, KSpades.
P0 4Spades P1 ASpades P2 3Spades P3 KSpades 
P1 2Hearts P2 AHearts P3 3Hearts P0 7Clubs 
P2 2Clubs P3 4Clubs P0 6Clubs P1 3Clubs 
P0 QSpades P1 2Spades P2 7Spades P3 QDiamonds 
P3 5Clubs P0 QClubs P1 5Hearts P2 JHearts 
P0 JSpades P1 5Spades P2 4Hearts P3 QHearts 
P0 2Diamonds P1 KDiamonds P2 5Diamonds P3 AClubs 
P1 6Spades P2 6Hearts P3 JClubs P0 JDiamonds 
P0 3Diamonds P1 7Diamonds P2 ADiamonds P3 KClubs 
P2 6Diamonds P3 KHearts P0 4Diamonds P1 7Hearts 
-- /GAME --
P0 HAND: 6Diamonds, 3Diamonds, QClubs, 5Clubs, 7Hearts, 4Hearts, 7Spades, KSpades, QSpades, 5Spades.
P1 HAND: JDiamonds, AClubs, 7Clubs, KClubs, AHearts, KHearts, QHearts, 6Hearts, 5Hearts, JSpades.
P2 HAND: ADiamonds, KDiamonds, QDiamonds, 5Diamonds, JClubs, 4Clubs, 3Clubs, JHearts, 6Spades, 4Spades.
P3 HAND: 7Diamonds, 4Diamonds, 2Diamonds, 6Clubs, 2Clubs, 3Hearts, 2Hearts, ASpades, 3Spades, 2Spades.

