-- GAME --
P0 HAND: ADiamonds, JDiamonds, 5Diamonds, 7Clubs, QClubs, 6Clubs, AHearts, KHearts, 3Hearts, 4Spades.
P1 HAND: 7Diamonds, 3Diamonds, 2Diamonds, AClubs, 4Clubs, 7Hearts, 5Hearts, JSpades, 6Spades, 3Spades.
P2 HAND: JClubs, 3Clubs, QHearts, 4Hearts, ASpades, 7Spades, KSpades, QSpades, 5Spades, 2Spades.
P3 HAND: KDiamonds, QDiamonds, 6Diamonds, 4Diamonds, KClubs, 5Clubs, 2Clubs, JHearts, 6Hearts, 2Hearts.
P0 AHearts P1 5Hearts P2 QHearts P3 2Hearts 
P0 4Spades P1 3Spades P2 ASpades P3 4Diamonds 
P3 2Clubs P0 6Clubs P1 AClubs P2 3Clubs 
P1 4Clubs P2 JClubs P3 5Clubs P0 7Clubs 
P0 KHearts P1 7Hearts P2 4Hearts P3 JHearts 
P1 6Spades P2 2Spades P3 6Hearts P0 3Hearts 
P1 JSpades P2 5Spades P3 6Diamonds P0 5Diamonds 
P3 QDiamonds P0 JDiamonds P1 7Diamonds P2 QSpades 
P1 2Diamonds P2 KSpades P3 KDiamonds P0 ADiamonds 
P0 QClubs P1 3Diamonds P2 7Spades P3 KClubs 
-- /GAME --
P0 HAND: 6Diamonds, KClubs, JClubs, QClubs, 6Clubs, KHearts, QHearts, ASpades, KSpades, 2Spades.
P1 HAND: ADiamonds, 7Diamonds, KDiamonds, 4Diamonds, 3Diamonds, 7Clubs, 3Clubs, 2Clubs, JHearts, 7Spades.
P2 HAND: JDiamonds, QDiamonds, 2Diamonds, AClubs, 5Clubs, AHearts, 7Hearts, JSpades, QSpades, 4Spades.
P3 HAND: 5Diamonds, 4Clubs, 6Hearts, 5Hearts, 4Hearts, 3Hearts, 2Hearts, 6Spades, 5Spades, 3Spades.
P3 3Spades P0 ASpades P1 7Spades P2 JSpades 
P0 6Diamonds P1 ADiamonds P2 2Diamonds P3 5Diamonds 
P1 2Clubs P2 AClubs P3 4Clubs P0 KClubs 
P2 4Spades P3 5Spades P0 2Spades P1 7Diamonds 
P3 6Spades P0 KSpades P1 3Diamonds P2 QSpades 
P0 JClubs P1 3Clubs P2 5Clubs P3 2Hearts 
P3 3Hearts P0 QHearts P1 JHearts P2 7Hearts 
P2 QDiamonds P3 4Hearts P0 KHearts P1 4Diamonds 
P0 QClubs P1 7Clubs P2 AHearts P3 5Hearts 
P2 JDiamonds P3 6Hearts P0 6Clubs P1 KDiamonds 
-- /GAME --
P0 HAND: ADiamonds, KDiamonds, QClubs, 5Clubs, 2Clubs, 7Hearts, KHearts, QHearts, 6Hearts, 4Spades.
P1 HAND: 7Diamonds, 4Diamonds, 2Diamonds, AClubs, 7Clubs, JClubs, AHearts, 5Hearts, 3Hearts, 2Hearts.
P2 HAND: 6Diamonds, 6Clubs, 4Clubs, 3Clubs, 4Hearts, 7Spades, KSpades, QSpades, 6Spades, 3Spades.
P3 HAND: JDiamonds, QDiamonds, 5Diamonds, 3Diamonds, KClubs, JHearts, ASpades, JSpades, 5Spades, 2Spades.
P2 3Clubs P3 KClubs P0 2Clubs P1 AClubs 
P1 2Diamonds P2 6Diamonds P3 3Diamonds P0 ADiamonds 
P0 4Spades P1 4Diamonds P2 3Spades P3 ASpades 
P3 2Spades P0 6Hearts P1 2Hearts P2 7Spades 
P0 KDiamonds P1 7Diamonds P2 4Hearts P3 5Diamonds 
P2 4Clubs P3 5Spades P0 QClubs P1 7Clubs 
P1 JClubs P2 6Clubs P3 QDiamonds P0 5Clubs 
P1 3Hearts P2 6Spades P3 JHearts P0 7Hearts 
P0 QHearts P1 5Hearts P2 QSpades P3 JDiamonds 
P0 KHearts P1 AHearts P2 KSpades P3 JSpades 
-- /GAME --
P0 HAND: ADiamonds, 4Diamonds, KClubs, 3Clubs, JHearts, 6Hearts, ASpades, JSpades, QSpades, 6Spades.
P1 HAND: 7Diamonds, 6Diamonds, 7Clubs, JClubs, QClubs, 6Clubs, AHearts, KHearts, 4Spades, 2Spades.
P2 HAND: JDiamonds, 5Diamonds, 3Diamonds, AClubs, 2Clubs, 7Hearts, QHearts, 5Hearts, 2Hearts, 3Spades.
P3 HAND: KDiamonds, QDiamonds, 2Diamonds, 5Clubs, 4Clubs, 4Hearts, 3Hearts, 7Spades, KSpades, 5Spades.
P1 AHearts P2 2Hearts P3 4Hearts P0 6Hearts 
P1 6Diamonds P2 3Diamonds P3 2Diamonds P0 ADiamonds 
P0 4Diamonds P1 7Diamonds P2 5Diamonds P3 KDiamonds 
P1 6Clubs P2 AClubs P3 4Clubs P0 KClubs 
P2 2Clubs P3 5Clubs P0 3Clubs P1 7Clubs 
P1 QClubs P2 5Hearts P3 3Hearts P0 6Spades 
P0 JHearts P1 KHearts P2 QHearts P3 QDiamonds 
P1 JClubs P2 3Spades P3 5Spades P0 QSpades 
P0 ASpades P1 2Spades P2 7Hearts P3 KSpades 
P0 JSpades P1 4Spades P2 JDiamonds P3 7Spades 
-- /GAME --
P0 HAND: ADiamonds, 5Diamonds, JClubs, QClubs, AHearts, KHearts, 3Hearts, 2Hearts, JSpades, 2Spades.
P1 HAND: 7Diamonds, QDiamonds, 6Diamonds, 4Diamonds, QHearts, 6Hearts, 4Hearts, KSpades, QSpades, 5Spades.
P2 HAND: KDiamonds, JDiamonds, AClubs, 7Clubs, KClubs, 5Clubs, 4Clubs, 3Clubs, 5Hearts, 7Spades.
P3 HAND: 3Diamonds, 2Diamonds, 6Clubs, 2Clubs, 7Hearts, JHearts, ASpades, 6Spades, 4Spades, 3Spades.
P0 AHearts P1 4Hearts P2 5Hearts P3 JHearts 
P0 2Hearts P1 6Hearts P2 3Clubs P3 7Hearts 
P3 ASpades P0 2Spades P1 KSpades P2 7Spades 
P3 2Clubs P0 JClubs P1 5Spades P2 AClubs 
P2 4Clubs P3 6Clubs P0 QClubs P1 QHearts 
P0 KHearts P1 QSpades P2 JDiamonds P3 3Spades 
P2 5Clubs P3 4Spades 
