-- GAME --
P0 HAND: ADiamonds, AClubs, QClubs, 6Clubs, 3Clubs, 2Clubs, KHearts, 5Hearts, 4Hearts, 4Spades.
P1 HAND: KDiamonds, 5Diamonds, 7Clubs, KClubs, 4Clubs, AHearts, JHearts, ASpades, JSpades, 3Spades.
P2 HAND: 7Diamonds, 6Diamonds, 3Diamonds, 5Clubs, 6Hearts, 3Hearts, KSpades, QSpades, 5Spades, 2Spades.
P3 HAND: JDiamonds, QDiamonds, 4Diamonds, 2Diamonds, JClubs, 7Hearts, QHearts, 2Hearts, 7Spades, 6Spades.
P2 2Spades P3 6Spades P0 4Spades P1 ASpades 
P1 3Spades P2 5Spades P3 7Spades P0 KHearts 
P0 ADiamonds P1 5Diamonds P2 7Diamonds P3 2Diamonds 
P0 AClubs P1 4Clubs P2 5Clubs P3 JClubs 
P0 2Clubs P1 KClubs P2 3Diamonds P3 JDiamonds 
P1 JSpades P2 QSpades P3 2Hearts P0 4Hearts 
P0 5Hearts P1 JHearts P2 3Hearts P3 QHearts 
P1 AHearts P2 6Hearts P3 7Hearts P0 3Clubs 
P1 KDiamonds P2 6Diamonds P3 4Diamonds P0 6Clubs 
P1 7Clubs P2 KSpades P3 QDiamonds P0 QClubs 
-- /GAME --
P0 HAND: ADiamonds, 2Diamonds, KClubs, JClubs, 4Clubs, 2Clubs, 5Hearts, 2Hearts, 7Spades, QSpades.
P1 HAND: 5Diamonds, 3Diamonds, AClubs, 5Clubs, JHearts, QHearts, 6Hearts, KSpades, 5Spades, 4Spades.
P2 HAND: 7Diamonds, QDiamonds, 6Diamonds, 7Clubs, QClubs, AHearts, 4Hearts, 3Hearts, ASpades, 2Spades.
P3 HAND: KDiamonds, JDiamonds, 4Diamonds, 6Clubs, 3Clubs, 7Hearts, KHearts, JSpades, 6Spades, 3Spades.

