-- GAME --
P0 HAND: 2Diamonds, KClubs, QClubs, 4Clubs, 3Clubs, 7Hearts, JHearts, 6Hearts, 3Hearts, 3Spades.
P1 HAND: 7Diamonds, QDiamonds, 3Diamonds, 2Clubs, 5Hearts, 2Hearts, JSpades, 5Spades, 4Spades, 2Spades.
P2 HAND: KDiamonds, AClubs, JClubs, 6Clubs, 5Clubs, AHearts, QHearts, 4Hearts, QSpades, 6Spades.
P3 HAND: ADiamonds, JDiamonds, 6Diamonds, 5Diamonds, 4Diamonds, 7Clubs, KHearts, ASpades, 7Spades, KSpades.
P3 4Diamonds P0 2Diamonds P1 3Diamonds P2 KDiamonds 
P2 AHearts P3 KHearts P0 7Hearts P1 2Hearts 
P2 4Hearts P3 5Diamonds P0 JHearts P1 5Hearts 
P0 3Spades P1 2Spades P2 6Spades P3 ASpades 
P3 6Diamonds P0 KClubs P1 QDiamonds P2 QHearts 
P0 6Hearts P1 4Spades P2 QSpades P3 7Clubs 
P3 JDiamonds P0 QClubs P1 7Diamonds P2 5Clubs 
P0 3Hearts P1 5Spades P2 6Clubs P3 KSpades 
P2 JClubs P3 7Spades P0 3Clubs P1 2Clubs 
P2 AClubs P3 ADiamonds P0 4Clubs P1 JSpades 
-- /GAME --
P0 HAND: JDiamonds, 5Diamonds, AClubs, JClubs, 4Clubs, KHearts, 5Hearts, 3Hearts, 7Spades, 2Spades.
P1 HAND: QDiamonds, 2Diamonds, 5Clubs, 3Clubs, 7Hearts, QHearts, 2Hearts, KSpades, QSpades, 6Spades.
P2 HAND: KDiamonds, 4Diamonds, 3Diamonds, KClubs, 6Clubs, AHearts, JHearts, 4Hearts, JSpades, 4Spades.
P3 HAND: ADiamonds, 7Diamonds, 6Diamonds, 7Clubs, QClubs, 2Clubs, 6Hearts, ASpades, 5Spades, 3Spades.
P2 3Diamonds P3 ADiamonds P0 5Diamonds P1 QDiamonds 
P3 ASpades P0 2Spades P1 KSpades P2 4Spades 
P3 2Clubs P0 AClubs P1 3Clubs P2 KClubs 
P0 7Spades P1 6Spades P2 JSpades P3 3Spades 
P0 JDiamonds P1 2Diamonds P2 4Diamonds P3 7Diamonds 
P3 5Spades P0 KHearts P1 QSpades P2 KDiamonds 
P0 JClubs P1 5Clubs P2 6Clubs P3 7Clubs 
P3 6Diamonds P0 4Clubs P1 2Hearts P2 4Hearts 
P2 JHearts P3 6Hearts P0 3Hearts P1 QHearts 
P2 AHearts P3 QClubs P0 5Hearts P1 7Hearts 
-- /GAME --
P0 HAND: 6Diamonds, 3Diamonds, 5Clubs, 3Clubs, KHearts, JHearts, 6Hearts, 4Hearts, 2Hearts, 4Spades.
P1 HAND: KDiamonds, 5Diamonds, QClubs, 6Clubs, 7Hearts, 5Hearts, 3Hearts, 7Spades, KSpades, 3Spades.
P2 HAND: ADiamonds, 7Diamonds, QDiamonds, 4Diamonds, 4Clubs, 2Clubs, QHearts, ASpades, QSpades, 2Spades.
P3 HAND: JDiamonds, 2Diamonds, AClubs, 7Clubs, KClubs, JClubs, AHearts, JSpades, 6Spades, 5Spades.
P1 3Hearts P2 QHearts P3 AHearts P0 2Hearts 
P3 AClubs P0 3Clubs P1 QClubs P2 2Clubs 
P3 5Spades P0 4Spades P1 3Spades P2 ASpades 
P2 2Spades P3 6Spades P0 6Diamonds P1 KSpades 
P0 5Clubs P1 6Clubs P2 4Clubs P3 7Clubs 
P3 JClubs P0 3Diamonds P1 5Hearts P2 QSpades 
P0 KHearts P1 7Hearts P2 4Diamonds P3 JDiamonds 
P3 JSpades P0 JHearts P1 7Spades P2 QDiamonds 
P2 7Diamonds P3 2Diamonds P0 6Hearts P1 5Diamonds 
P2 ADiamonds P3 KClubs P0 4Hearts P1 KDiamonds 
-- /GAME --
P0 HAND: 6Diamonds, 2Diamonds, 4Clubs, 3Clubs, 7Hearts, QHearts, 5Hearts, 7Spades, KSpades, 6Spades.
P1 HAND: KDiamonds, 5Diamonds, 3Diamonds, KClubs, JClubs, 2Clubs, JHearts, 3Hearts, 5Spades, 2Spades.
P2 HAND: ADiamonds, QDiamonds, 4Diamonds, 7Clubs, QClubs, 5Clubs, 4Hearts, 2Hearts, JSpades, 3Spades.
P3 HAND: 7Diamonds, JDiamonds, AClubs, 6Clubs, AHearts, KHearts, 6Hearts, ASpades, QSpades, 4Spades.
P1 2Spades P2 3Spades P3 ASpades P0 6Spades 
P3 AHearts P0 5Hearts P1 JHearts P2 2Hearts 
P3 4Spades P0 7Spades P1 5Spades P2 JSpades 
P0 2Diamonds P1 3Diamonds P2 ADiamonds P3 JDiamonds 
P2 4Diamonds P3 7Diamonds P0 6Diamonds P1 KDiamonds 
P3 6Hearts P0 QHearts P1 3Hearts P2 4Hearts 
P0 3Clubs P1 2Clubs P2 5Clubs P3 6Clubs 
P3 QSpades P0 KSpades P1 JClubs P2 7Clubs 
P2 QDiamonds P3 AClubs P0 7Hearts P1 5Diamonds 
P3 KHearts P0 4Clubs P1 KClubs P2 QClubs 
-- /GAME --
P0 HAND: JDiamonds, AClubs, JClubs, 3Clubs, 6Hearts, 4Hearts, 7Spades, KSpades, 4Spades, 3Spades.
P1 HAND: KDiamonds, 6Diamonds, 7Clubs, KClubs, 4Clubs, 5Hearts, ASpades, JSpades, QSpades, 6Spades.
P2 HAND: 7Diamonds, QDiamonds, 2Diamonds, QClubs, 6Clubs, AHearts, QHearts, 3Hearts, 2Hearts, 5Spades.
P3 HAND: ADiamonds, 5Diamonds, 4Diamonds, 3Diamonds, 5Clubs, 2Clubs, 7Hearts, KHearts, JHearts, 2Spades.
P0 AClubs P1 4Clubs P2 QClubs P3 2Clubs 
P0 JDiamonds P1 6Diamonds P2 2Diamonds P3 ADiamonds 
P3 2Spades P0 3Spades P1 ASpades P2 5Spades 
P1 6Spades P2 6Clubs P3 3Diamonds P0 7Spades 
P0 3Clubs P1 KClubs P2 QDiamonds P3 5Clubs 
P1 QSpades P2 2Hearts P3 4Diamonds P0 KSpades 
P2 3Hearts P3 JHearts P0 4Hearts P1 5Hearts 
P3 5Diamonds P0 6Hearts P1 KDiamonds P2 7Diamonds 
P0 JClubs P1 7Clubs P2 QHearts P3 KHearts 
P3 7Hearts P0 4Spades P1 JSpades P2 AHearts 
-- /GAME --
P0 HAND: QDiamonds, 2Diamonds, 7Clubs, KClubs, QClubs, 5Clubs, 4Clubs, 3Clubs, KHearts, QSpades.
P1 HAND: 6Diamonds, 3Diamonds, AClubs, 6Clubs, AHearts, 6Hearts, 5Hearts, JSpades, 6Spades, 4Spades.
P2 HAND: 7Diamonds, KDiamonds, JDiamonds, 2Clubs, 7Hearts, JHearts, ASpades, 7Spades, KSpades, 3Spades.
P3 HAND: ADiamonds, 5Diamonds, 4Diamonds, JClubs, QHearts, 4Hearts, 3Hearts, 2Hearts, 5Spades, 2Spades.
P3 ADiamonds P0 2Diamonds P1 6Diamonds P2 JDiamonds 
P3 2Hearts P0 KHearts P1 AHearts P2 JHearts 
P1 3Diamonds P2 KDiamonds P3 4Diamonds P0 QDiamonds 
P2 ASpades P3 2Spades P0 QSpades P1 4Spades 
P2 3Spades P3 5Spades P0 QClubs P1 6Spades 
P0 5Clubs P1 6Clubs P2 2Clubs P3 JClubs 
P3 3Hearts P0 4Clubs P1 5Hearts P2 7Hearts 
P0 KClubs P1 AClubs P2 KSpades P3 QHearts 
P1 6Hearts P2 7Diamonds P3 4Hearts P0 3Clubs 
P0 7Clubs P1 JSpades P2 7Spades P3 5Diamonds 
-- /GAME --
P0 HAND: 7Diamonds, 6Diamonds, 5Diamonds, 4Diamonds, KClubs, AHearts, JHearts, 6Hearts, 4Spades, 3Spades.
P1 HAND: QDiamonds, 3Diamonds, JClubs, QClubs, 6Clubs, 5Clubs, KHearts, 5Hearts, 6Spades, 5Spades.
P2 HAND: ADiamonds, KDiamonds, JDiamonds, 2Diamonds, 7Clubs, 3Clubs, 4Hearts, ASpades, KSpades, 2Spades.
P3 HAND: AClubs, 4Clubs, 2Clubs, 7Hearts, QHearts, 3Hearts, 2Hearts, 7Spades, JSpades, QSpades.
P2 ASpades P3 QSpades P0 3Spades P1 5Spades 
P2 2Spades P3 JSpades P0 4Spades P1 6Spades 
P3 AClubs P0 KClubs P1 JClubs P2 3Clubs 
P3 2Clubs P0 6Diamonds P1 5Clubs P2 7Clubs 
P0 AHearts P1 5Hearts P2 4Hearts P3 2Hearts 
P0 4Diamonds P1 3Diamonds P2 2Diamonds P3 3Hearts 
P0 JHearts P1 KHearts P2 JDiamonds P3 QHearts 
P2 KDiamonds P3 4Clubs P0 7Diamonds P1 QDiamonds 
P0 5Diamonds P1 6Clubs P2 ADiamonds P3 7Hearts 
P2 KSpades P3 7Spades P0 6Hearts P1 QClubs 
-- /GAME --
P0 HAND: 7Diamonds, KDiamonds, JDiamonds, QDiamonds, 3Diamonds, AClubs, KClubs, 6Hearts, 6Spades, 5Spades.
P1 HAND: 7Clubs, JClubs, 7Hearts, KHearts, QHearts, 5Hearts, 2Hearts, ASpades, 7Spades, QSpades.
P2 HAND: 5Diamonds, 4Diamonds, 2Diamonds, 4Clubs, 2Clubs, AHearts, 4Hearts, KSpades, 4Spades, 3Spades.
P3 HAND: ADiamonds, 6Diamonds, QClubs, 6Clubs, 5Clubs, 3Clubs, JHearts, 3Hearts, JSpades, 2Spades.
P1 ASpades P2 3Spades P3 JSpades P0 5Spades 
P1 QSpades P2 4Spades P3 2Spades P0 6Spades 
P1 JClubs P2 2Clubs P3 3Clubs P0 KClubs 
P0 AClubs P1 7Clubs P2 4Clubs P3 5Clubs 
P0 7Diamonds P1 2Hearts P2 2Diamonds P3 ADiamonds 
P1 5Hearts P2 4Hearts P3 3Hearts P0 6Hearts 
P0 KDiamonds P1 QHearts P2 4Diamonds P3 6Diamonds 
P1 KHearts P2 AHearts P3 JHearts P0 JDiamonds 
P2 5Diamonds P3 6Clubs P0 QDiamonds P1 7Hearts 
P1 7Spades P2 KSpades P3 QClubs P0 3Diamonds 
-- /GAME --
P0 HAND: 7Diamonds, 7Clubs, KClubs, 5Clubs, 7Hearts, 4Hearts, 2Hearts, 7Spades, KSpades, 5Spades.
P1 HAND: ADiamonds, 6Diamonds, 5Diamonds, 3Clubs, AHearts, QHearts, 5Hearts, 3Hearts, 6Spades, 3Spades.
P2 HAND: KDiamonds, 3Diamonds, 2Diamonds, JClubs, QClubs, 6Clubs, 4Clubs, 2Clubs, KHearts, 2Spades.
P3 HAND: JDiamonds, QDiamonds, 4Diamonds, AClubs, JHearts, 6Hearts, ASpades, JSpades, QSpades, 4Spades.
P0 5Spades P1 3Spades P2 2Spades P3 ASpades 
P3 AClubs P0 5Clubs P1 3Clubs P2 2Clubs 
P3 4Diamonds P0 7Diamonds P1 ADiamonds P2 2Diamonds 
P1 5Diamonds P2 3Diamonds P3 QDiamonds P0 7Hearts 
P0 4Hearts P1 3Hearts P2 KHearts P3 6Hearts 
P2 4Clubs P3 4Spades P0 7Clubs P1 5Hearts 
P1 6Diamonds P2 KDiamonds P3 JDiamonds P0 7Spades 
P2 6Clubs P3 QSpades P0 KClubs P1 QHearts 
P1 6Spades P2 QClubs P3 JSpades P0 KSpades 
P0 2Hearts P1 AHearts P2 JClubs P3 JHearts 
-- /GAME --
P0 HAND: 7Diamonds, KDiamonds, QDiamonds, 5Diamonds, QClubs, 6Clubs, 2Clubs, 7Hearts, QSpades, 3Spades.
P1 HAND: ADiamonds, 4Diamonds, 3Diamonds, 2Diamonds, AClubs, JClubs, 3Clubs, ASpades, 7Spades, 4Spades.
P2 HAND: JDiamonds, 6Diamonds, 7Clubs, 5Clubs, KHearts, 4Hearts, 2Hearts, KSpades, JSpades, 5Spades.
P3 HAND: KClubs, 4Clubs, AHearts, JHearts, QHearts, 6Hearts, 5Hearts, 3Hearts, 6Spades, 2Spades.

