-- GAME --
P0 HAND: 6Diamonds, 5Diamonds, 4Diamonds, 2Diamonds, AClubs, 7Clubs, JClubs, 3Clubs, 2Clubs, 3Hearts.
P1 HAND: ADiamonds, JDiamonds, KHearts, 5Hearts, 4Hearts, 2Hearts, KSpades, JSpades, 5Spades, 3Spades.
P2 HAND: 7Diamonds, KDiamonds, QDiamonds, 6Clubs, 5Clubs, 4Clubs, JHearts, QSpades, 6Spades, 2Spades.
P3 HAND: 3Diamonds, KClubs, QClubs, AHearts, 7Hearts, QHearts, 6Hearts, ASpades, 7Spades, 4Spades.
P3 AHearts P0 3Hearts P1 KHearts P2 JHearts 
P3 ASpades P0 2Clubs P1 3Spades P2 QSpades 
P0 6Diamonds P1 ADiamonds P2 QDiamonds P3 3Diamonds 
P1 2Hearts P2 2Spades P3 7Hearts P0 3Clubs 
P0 2Diamonds P1 JDiamonds P2 7Diamonds P3 QClubs 
P3 4Spades P0 4Diamonds P1 5Spades P2 6Spades 
P2 4Clubs P3 KClubs P0 7Clubs P1 4Hearts 
P0 JClubs P1 5Hearts P2 5Clubs P3 6Hearts 
P0 AClubs P1 JSpades P2 6Clubs P3 QHearts 
P0 5Diamonds P1 KSpades P2 KDiamonds P3 7Spades 
-- /GAME --
P0 HAND: JDiamonds, 6Diamonds, 5Diamonds, 4Diamonds, 3Diamonds, KClubs, 3Clubs, 2Clubs, 7Spades, 3Spades.
P1 HAND: KDiamonds, QClubs, 6Clubs, 4Clubs, 7Hearts, 6Hearts, 3Hearts, 2Hearts, QSpades, 2Spades.
P2 HAND: 7Diamonds, 2Diamonds, 5Clubs, AHearts, 5Hearts, 4Hearts, ASpades, JSpades, 6Spades, 5Spades.
P3 HAND: ADiamonds, QDiamonds, AClubs, 7Clubs, JClubs, KHearts, JHearts, QHearts, KSpades, 4Spades.
P2 AHearts P3 QHearts 
