-- GAME --
P0 HAND: 6Diamonds, KClubs, 4Clubs, 7Hearts, QHearts, KSpades, JSpades, 5Spades, 4Spades, 3Spades.
P1 HAND: ADiamonds, 7Diamonds, JDiamonds, 4Diamonds, 7Clubs, JClubs, QClubs, 5Clubs, AHearts, 5Hearts.
P2 HAND: KDiamonds, 5Diamonds, 3Diamonds, 6Clubs, KHearts, JHearts, 4Hearts, 2Hearts, ASpades, 6Spades.
P3 HAND: QDiamonds, 2Diamonds, AClubs, 3Clubs, 2Clubs, 6Hearts, 3Hearts, 7Spades, QSpades, 2Spades.
P1 ADiamonds P2 3Diamonds P3 QDiamonds P0 6Diamonds 
P1 AHearts P2 2Hearts P3 6Hearts P0 QHearts 
P1 4Diamonds P2 5Diamonds P3 2Diamonds P0 7Hearts 
P2 ASpades P3 2Spades P0 KSpades P1 5Clubs 
P1 5Hearts P2 4Hearts P3 3Hearts P0 3Spades 
P1 JDiamonds P2 KDiamonds P3 2Clubs P0 KClubs 
P0 4Spades P1 QClubs P2 6Spades P3 7Spades 
P1 JClubs P2 6Clubs P3 3Clubs P0 4Clubs 
P1 7Clubs P2 JHearts P3 AClubs P0 5Spades 
P3 QSpades P0 JSpades P1 7Diamonds P2 KHearts 
-- /GAME --
P0 HAND: ADiamonds, KDiamonds, 5Diamonds, 4Diamonds, AClubs, 3Clubs, 7Hearts, 7Spades, KSpades, 5Spades.
P1 HAND: JDiamonds, 3Diamonds, 2Diamonds, 5Clubs, 4Clubs, QHearts, 6Hearts, 4Hearts, 3Hearts, JSpades.
P2 HAND: QDiamonds, 7Clubs, KClubs, JClubs, QClubs, 6Clubs, 5Hearts, ASpades, 6Spades, 2Spades.
P3 HAND: 7Diamonds, 6Diamonds, 2Clubs, AHearts, KHearts, JHearts, 2Hearts, QSpades, 4Spades, 3Spades.
P0 ADiamonds P1 2Diamonds P2 QDiamonds P3 6Diamonds 
P0 AClubs P1 4Clubs P2 7Clubs P3 2Clubs 
P0 3Clubs P1 5Clubs P2 6Clubs P3 3Spades 
P2 ASpades P3 4Spades P0 7Spades P1 JSpades 
P2 2Spades P3 QSpades P0 KSpades P1 3Hearts 
P1 3Diamonds P2 6Spades P3 7Diamonds P0 4Diamonds 
P3 2Hearts P0 7Hearts P1 4Hearts P2 5Hearts 
P0 5Spades P1 6Hearts P2 QClubs P3 JHearts 
P3 KHearts P0 5Diamonds P1 QHearts P2 JClubs 
P3 AHearts P0 KDiamonds P1 JDiamonds P2 KClubs 
-- /GAME --
P0 HAND: 7Clubs, 4Clubs, 2Clubs, 7Hearts, KHearts, JHearts, QHearts, 5Hearts, 2Hearts, KSpades.
P1 HAND: 7Diamonds, KDiamonds, 6Diamonds, KClubs, 5Clubs, 4Hearts, 3Hearts, ASpades, QSpades, 6Spades.
P2 HAND: ADiamonds, QDiamonds, 5Diamonds, 4Diamonds, 3Diamonds, JClubs, 6Hearts, 7Spades, 4Spades, 2Spades.
P3 HAND: JDiamonds, 2Diamonds, AClubs, QClubs, 6Clubs, 3Clubs, AHearts, JSpades, 5Spades, 3Spades.
P3 AClubs P0 2Clubs P1 KClubs P2 JClubs 
P3 AHearts P0 2Hearts P1 4Hearts P2 6Hearts 
P3 2Diamonds P0 5Hearts P1 6Diamonds P2 ADiamonds 
P2 3Diamonds P3 JDiamonds P0 KSpades P1 KDiamonds 
P0 7Clubs P1 5Clubs P2 QDiamonds P3 3Clubs 
P0 4Clubs P1 3Hearts P2 4Diamonds P3 QClubs 
P3 6Clubs P0 QHearts P1 6Spades P2 5Diamonds 
P1 QSpades P2 2Spades P3 3Spades P0 JHearts 
P1 ASpades P2 4Spades P3 5Spades P0 KHearts 
P1 7Diamonds P2 7Spades P3 JSpades P0 7Hearts 
-- /GAME --
P0 HAND: 4Diamonds, 7Clubs, KClubs, 6Clubs, 5Clubs, 3Clubs, 4Hearts, ASpades, 7Spades, 2Spades.
P1 HAND: ADiamonds, KDiamonds, QDiamonds, 6Diamonds, QClubs, 4Clubs, 6Hearts, 3Hearts, QSpades, 5Spades.
P2 HAND: 3Diamonds, 2Diamonds, 2Clubs, 7Hearts, KHearts, QHearts, 5Hearts, JSpades, 6Spades, 3Spades.
P3 HAND: 7Diamonds, JDiamonds, 5Diamonds, AClubs, JClubs, AHearts, JHearts, 2Hearts, KSpades, 4Spades.
P2 2Clubs P3 AClubs P0 3Clubs P1 QClubs 
P3 AHearts P0 4Hearts P1 6Hearts P2 5Hearts 
P3 2Hearts P0 7Clubs P1 3Hearts P2 7Hearts 
P2 3Spades P3 4Spades P0 ASpades P1 5Spades 
P0 5Clubs P1 4Clubs P2 6Spades P3 JClubs 
P3 JHearts P0 4Diamonds P1 QSpades P2 KHearts 
P0 6Clubs P1 6Diamonds P2 QHearts P3 KSpades 
P1 QDiamonds P2 2Diamonds P3 5Diamonds P0 2Spades 
P1 KDiamonds P2 3Diamonds P3 JDiamonds P0 KClubs 
P1 ADiamonds P2 JSpades P3 7Diamonds P0 7Spades 
-- /GAME --
P0 HAND: ADiamonds, QDiamonds, AClubs, KClubs, QClubs, 3Clubs, 2Clubs, QHearts, KSpades, QSpades.
P1 HAND: 5Diamonds, 4Diamonds, 3Diamonds, AHearts, KHearts, JHearts, 6Hearts, 3Hearts, 2Hearts, ASpades.
P2 HAND: 7Diamonds, 6Diamonds, 7Clubs, 6Clubs, 5Clubs, 5Hearts, 7Spades, JSpades, 5Spades, 2Spades.
P3 HAND: KDiamonds, JDiamonds, 2Diamonds, JClubs, 4Clubs, 7Hearts, 4Hearts, 6Spades, 4Spades, 3Spades.
P1 2Hearts P2 5Hearts P3 4Hearts P0 QHearts 
P0 AClubs P1 3Diamonds P2 5Clubs P3 JClubs 

