-- GAME --
P0 HAND: 5Diamonds, 4Diamonds, 3Diamonds, 5Clubs, 7Hearts, 5Hearts, 4Hearts, KSpades, QSpades, 4Spades.
P1 HAND: 2Diamonds, AClubs, 7Clubs, JClubs, 4Clubs, 7Spades, JSpades, 6Spades, 5Spades, 3Spades.
P2 HAND: ADiamonds, JDiamonds, 6Diamonds, QClubs, 6Clubs, 3Clubs, AHearts, JHearts, QHearts, ASpades.
P3 HAND: 7Diamonds, KDiamonds, QDiamonds, KClubs, 2Clubs, KHearts, 6Hearts, 3Hearts, 2Hearts, 2Spades.
P0 5Clubs P1 AClubs P2 3Clubs P3 KClubs 
P1 3Spades P2 ASpades P3 2Spades P0 KSpades 
P2 AHearts P3 2Hearts P0 7Hearts P1 2Diamonds 
P1 4Clubs P2 6Clubs P3 2Clubs P0 4Hearts 
P2 QClubs P3 3Hearts P0 3Diamonds P1 JClubs 
P0 5Hearts P1 5Spades P2 QHearts P3 KHearts 
P3 6Hearts P0 4Spades P1 6Spades P2 JHearts 
P2 6Diamonds P3 QDiamonds P0 4Diamonds P1 7Clubs 
P3 KDiamonds P0 5Diamonds P1 JSpades P2 ADiamonds 
P2 JDiamonds P3 7Diamonds P0 QSpades P1 7Spades 
-- /GAME --
P0 HAND: KDiamonds, 5Diamonds, JClubs, 6Clubs, JHearts, 5Hearts, 3Hearts, ASpades, KSpades, JSpades.
P1 HAND: JDiamonds, QDiamonds, 2Diamonds, AClubs, KHearts, 2Hearts, 7Spades, QSpades, 5Spades, 4Spades.
P2 HAND: 4Diamonds, 7Clubs, KClubs, 5Clubs, 4Clubs, 3Clubs, AHearts, 7Hearts, 4Hearts, 2Spades.
P3 HAND: ADiamonds, 7Diamonds, 6Diamonds, 3Diamonds, QClubs, 2Clubs, QHearts, 6Hearts, 6Spades, 3Spades.
P3 ADiamonds P0 5Diamonds P1 JDiamonds P2 4Diamonds 
P3 2Clubs P0 6Clubs P1 AClubs P2 3Clubs 
P1 2Diamonds P2 2Spades P3 7Diamonds P0 KDiamonds 
P3 3Diamonds P0 JClubs P1 QDiamonds P2 4Hearts 
P2 4Clubs P3 QClubs P0 JSpades P1 7Spades 
P3 3Spades P0 ASpades P1 4Spades P2 7Clubs 
P0 KSpades P1 5Spades P2 KClubs P3 6Spades 
P0 3Hearts P1 2Hearts P2 7Hearts P3 6Hearts 
P2 5Clubs P3 6Diamonds P0 JHearts P1 QSpades 
P0 5Hearts P1 KHearts P2 AHearts P3 QHearts 
-- /GAME --
P0 HAND: JDiamonds, QDiamonds, 4Diamonds, 7Clubs, KClubs, 3Clubs, 2Clubs, KSpades, 4Spades, 3Spades.
P1 HAND: ADiamonds, 7Diamonds, 5Diamonds, AClubs, JClubs, 5Clubs, 7Hearts, 4Hearts, 3Hearts, JSpades.
P2 HAND: 6Clubs, 4Clubs, KHearts, 6Hearts, 5Hearts, 2Hearts, ASpades, QSpades, 5Spades, 2Spades.
P3 HAND: KDiamonds, 6Diamonds, 3Diamonds, 2Diamonds, QClubs, AHearts, JHearts, QHearts, 7Spades, 6Spades.
P2 ASpades P3 6Spades P0 KSpades P1 JSpades 
P2 2Hearts P3 AHearts P0 4Diamonds P1 3Hearts 
P0 3Spades P1 4Hearts P2 2Spades P3 7Spades 
P3 QClubs P0 2Clubs P1 AClubs P2 4Clubs 
P1 5Clubs P2 6Clubs P3 QHearts P0 7Clubs 
P0 4Spades P1 5Diamonds P2 5Spades P3 JHearts 
P1 JClubs P2 5Hearts P3 2Diamonds P0 3Clubs 
P3 3Diamonds P0 QDiamonds P1 7Diamonds P2 6Hearts 
P1 ADiamonds P2 QSpades P3 6Diamonds P0 JDiamonds 
P1 7Hearts P2 KHearts P3 KDiamonds P0 KClubs 
-- /GAME --
P0 HAND: 5Diamonds, 7Clubs, JClubs, 3Clubs, 5Hearts, 4Hearts, 3Hearts, QSpades, 5Spades, 2Spades.
P1 HAND: ADiamonds, 7Diamonds, QDiamonds, 4Diamonds, 3Diamonds, QClubs, 6Clubs, 4Clubs, KSpades, 4Spades.
P2 HAND: KDiamonds, 2Diamonds, KClubs, 5Clubs, 2Clubs, AHearts, JHearts, 6Hearts, 7Spades, 3Spades.
P3 HAND: JDiamonds, 6Diamonds, AClubs, 7Hearts, KHearts, QHearts, 2Hearts, ASpades, JSpades, 6Spades.
P1 3Diamonds P2 2Diamonds P3 6Diamonds P0 5Diamonds 
P3 ASpades P0 2Spades P1 KSpades P2 3Spades 
P3 2Hearts P0 3Hearts P1 4Diamonds P2 AHearts 
P2 6Hearts P3 QHearts P0 4Hearts P1 ADiamonds 
P3 6Spades P0 QSpades P1 4Spades P2 7Spades 
P2 JHearts P3 KHearts P0 5Hearts P1 7Diamonds 
P3 JDiamonds P0 5Spades P1 QDiamonds P2 KDiamonds 
P2 2Clubs P3 AClubs P0 3Clubs P1 4Clubs 
P3 JSpades P0 JClubs P1 6Clubs P2 5Clubs 
P0 7Clubs P1 QClubs P2 KClubs P3 7Hearts 
-- /GAME --
P0 HAND: JDiamonds, 5Diamonds, AClubs, JClubs, QClubs, 6Clubs, 5Clubs, 4Clubs, 4Hearts, 2Hearts.
P1 HAND: KDiamonds, KClubs, 3Clubs, 7Hearts, KHearts, ASpades, KSpades, QSpades, 5Spades, 2Spades.
P2 HAND: ADiamonds, 4Diamonds, 3Diamonds, 7Clubs, 2Clubs, AHearts, QHearts, 5Hearts, JSpades, 4Spades.
P3 HAND: 7Diamonds, QDiamonds, 6Diamonds, 2Diamonds, JHearts, 6Hearts, 3Hearts, 7Spades, 6Spades, 3Spades.

