-- GAME --
P0 HAND: JDiamonds, 6Clubs, 3Clubs, 7Hearts, KHearts, 5Hearts, KSpades, QSpades, 5Spades, 4Spades.
P1 HAND: ADiamonds, KDiamonds, 6Diamonds, 3Diamonds, 2Diamonds, AClubs, JClubs, 4Clubs, ASpades, 2Spades.
P2 HAND: 5Diamonds, 4Diamonds, KClubs, QClubs, 5Clubs, 2Clubs, JHearts, QHearts, 4Hearts, JSpades.
P3 HAND: 7Diamonds, QDiamonds, 7Clubs, AHearts, 6Hearts, 3Hearts, 2Hearts, 7Spades, 6Spades, 3Spades.
P3 AHearts P0 5Hearts P1 AClubs P2 4Hearts 
P3 7Clubs P0 3Clubs P1 JClubs P2 2Clubs 
P3 2Hearts P0 KHearts P1 2Spades P2 JHearts 
P0 6Clubs P1 4Clubs P2 5Clubs P3 3Hearts 
P0 KSpades P1 ASpades P2 JSpades P3 7Spades 
P1 2Diamonds P2 4Diamonds P3 QDiamonds P0 JDiamonds 
P0 QSpades P1 3Diamonds P2 QClubs P3 6Spades 
P1 6Diamonds P2 5Diamonds P3 7Diamonds P0 4Spades 
P3 3Spades P0 5Spades P1 KDiamonds P2 QHearts 
P1 ADiamonds P2 KClubs P3 6Hearts P0 7Hearts 
-- /GAME --
P0 HAND: JDiamonds, 6Diamonds, 4Diamonds, AClubs, 7Clubs, 5Clubs, 7Hearts, KHearts, JHearts, 2Hearts.
P1 HAND: ADiamonds, 7Diamonds, 5Diamonds, KClubs, 3Clubs, AHearts, QHearts, KSpades, 4Spades, 3Spades.
P2 HAND: KDiamonds, QClubs, 4Clubs, 2Clubs, 5Hearts, 4Hearts, 7Spades, JSpades, 5Spades, 2Spades.
P3 HAND: QDiamonds, 3Diamonds, 2Diamonds, JClubs, 6Clubs, 6Hearts, 3Hearts, ASpades, QSpades, 6Spades.
P2 2Clubs P3 6Clubs P0 AClubs P1 3Clubs 
P0 7Clubs P1 KClubs P2 QClubs P3 JClubs 
P0 6Diamonds P1 ADiamonds P2 KDiamonds P3 QDiamonds 
P1 AHearts P2 4Hearts P3 6Hearts P0 2Hearts 
P1 5Diamonds P2 4Clubs P3 2Diamonds P0 JDiamonds 
P0 5Clubs P1 QHearts P2 5Hearts P3 3Diamonds 
P0 4Diamonds P1 7Diamonds P2 2Spades P3 6Spades 
P3 3Hearts P0 KHearts P1 3Spades P2 5Spades 
P2 JSpades P3 QSpades P0 JHearts P1 KSpades 
P1 4Spades P2 7Spades P3 ASpades P0 7Hearts 
-- /GAME --
P0 HAND: ADiamonds, 4Diamonds, JClubs, 6Clubs, 3Clubs, 7Hearts, KHearts, ASpades, QSpades, 6Spades.
P1 HAND: 7Diamonds, 5Diamonds, 7Clubs, QClubs, JHearts, QHearts, 4Hearts, 7Spades, KSpades, 2Spades.
P2 HAND: KDiamonds, 3Diamonds, 2Diamonds, 2Clubs, 6Hearts, 5Hearts, JSpades, 5Spades, 4Spades, 3Spades.
P3 HAND: JDiamonds, QDiamonds, 6Diamonds, AClubs, KClubs, 5Clubs, 4Clubs, AHearts, 3Hearts, 2Hearts.
P1 2Spades P2 3Spades P3 2Hearts P0 ASpades 
P0 KHearts P1 4Hearts P2 5Hearts P3 AHearts 
P3 AClubs P0 3Clubs P1 7Clubs P2 2Clubs 
P3 3Hearts P0 7Hearts P1 QHearts P2 6Hearts 
P0 6Clubs P1 QClubs P2 4Spades P3 KClubs 
P3 4Clubs P0 JClubs P1 5Diamonds P2 5Spades 
P1 JHearts P2 2Diamonds P3 5Clubs P0 QSpades 
P2 JSpades P3 6Diamonds P0 6Spades P1 7Spades 
P3 QDiamonds P0 4Diamonds P1 7Diamonds P2 3Diamonds 
P1 KSpades P2 KDiamonds P3 JDiamonds P0 ADiamonds 
-- /GAME --
P0 HAND: QDiamonds, 5Diamonds, AHearts, JHearts, QHearts, ASpades, 7Spades, 6Spades, 5Spades, 2Spades.
P1 HAND: 7Diamonds, JDiamonds, 3Diamonds, JClubs, 6Clubs, 5Clubs, 3Clubs, KHearts, 2Hearts, JSpades.
P2 HAND: KDiamonds, 6Diamonds, 2Diamonds, AClubs, KClubs, 4Clubs, 7Hearts, 6Hearts, 5Hearts, QSpades.
P3 HAND: ADiamonds, 4Diamonds, 7Clubs, QClubs, 2Clubs, 4Hearts, 3Hearts, KSpades, 4Spades, 3Spades.
P3 ADiamonds P0 5Diamonds P1 7Diamonds P2 2Diamonds 
P3 2Clubs P0 QDiamonds P1 3Clubs P2 AClubs 
P2 4Clubs P3 QClubs P0 2Spades P1 5Clubs 
P0 AHearts P1 2Hearts P2 7Hearts P3 3Hearts 
P0 QHearts P1 KHearts P2 5Hearts P3 4Hearts 
P1 3Diamonds P2 6Diamonds P3 4Diamonds P0 JHearts 
P2 6Hearts P3 3Spades P0 5Spades P1 6Clubs 
P0 6Spades P1 JSpades P2 QSpades P3 4Spades 
P1 JDiamonds P2 KDiamonds P3 KSpades P0 ASpades 
P0 7Spades P1 JClubs P2 KClubs P3 7Clubs 
-- /GAME --
P0 HAND: 7Diamonds, QDiamonds, AClubs, 7Hearts, KHearts, JHearts, QHearts, KSpades, QSpades, 3Spades.
P1 HAND: KDiamonds, 6Diamonds, 5Diamonds, 6Clubs, 6Hearts, 5Hearts, ASpades, JSpades, 5Spades, 4Spades.
P2 HAND: JDiamonds, 3Diamonds, 2Diamonds, 7Clubs, JClubs, 5Clubs, 3Clubs, 7Spades, 6Spades, 2Spades.
P3 HAND: ADiamonds, 4Diamonds, KClubs, QClubs, 4Clubs, 2Clubs, AHearts, 4Hearts, 3Hearts, 2Hearts.
P2 2Spades P3 2Clubs P0 3Spades P1 ASpades 
P1 4Spades P2 6Spades P3 2Hearts P0 KSpades 
P0 AClubs P1 6Clubs P2 7Clubs P3 4Clubs 
P0 QSpades P1 5Spades P2 7Spades P3 4Diamonds 
P3 AHearts P0 QHearts P1 6Hearts P2 2Diamonds 
P2 3Clubs P3 QClubs P0 JHearts P1 JSpades 
P3 3Hearts P0 7Hearts P1 5Hearts P2 JClubs 
P0 KHearts P1 5Diamonds P2 5Clubs P3 4Hearts 
P1 6Diamonds P2 3Diamonds P3 ADiamonds P0 QDiamonds 
P3 KClubs P0 7Diamonds P1 KDiamonds P2 JDiamonds 
-- /GAME --
P0 HAND: ADiamonds, 3Diamonds, 2Diamonds, KClubs, 6Clubs, 4Clubs, 2Clubs, 6Hearts, 6Spades, 3Spades.
P1 HAND: JDiamonds, 6Diamonds, AClubs, 7Clubs, 5Hearts, 4Hearts, 3Hearts, 7Spades, KSpades, 5Spades.
P2 HAND: 7Diamonds, QDiamonds, 5Diamonds, AHearts, 7Hearts, JHearts, 2Hearts, ASpades, JSpades, 4Spades.
P3 HAND: KDiamonds, 4Diamonds, JClubs, QClubs, 5Clubs, 3Clubs, KHearts, QHearts, QSpades, 2Spades.

