-- GAME --
P0 HAND: QDiamonds, 2Diamonds, 5Clubs, 3Clubs, AHearts, 6Hearts, 4Hearts, 7Spades, 5Spades, 2Spades.
P1 HAND: 6Diamonds, 3Diamonds, 4Clubs, 2Clubs, KHearts, QHearts, ASpades, KSpades, JSpades, 6Spades.
P2 HAND: 7Diamonds, JDiamonds, AClubs, KClubs, QClubs, 6Clubs, 5Hearts, 3Hearts, QSpades, 4Spades.
P3 HAND: ADiamonds, KDiamonds, 5Diamonds, 4Diamonds, 7Clubs, JClubs, 7Hearts, JHearts, 2Hearts, 3Spades.
P0 3Clubs P1 2Clubs P2 AClubs P3 JClubs 
P2 4Spades P3 3Spades P0 5Spades P1 ASpades 
P1 3Diamonds P2 JDiamonds P3 ADiamonds P0 2Diamonds 
P3 4Diamonds P0 QDiamonds P1 6Diamonds P2 7Diamonds 
P2 6Clubs P3 7Clubs P0 5Clubs P1 4Clubs 
P3 5Diamonds P0 2Spades P1 6Spades P2 QClubs 
P3 2Hearts P0 4Hearts P1 QHearts P2 3Hearts 
P1 JSpades P2 QSpades P3 JHearts P0 7Spades 
P3 7Hearts P0 AHearts P1 KHearts P2 5Hearts 
P0 6Hearts P1 KSpades P2 KClubs P3 KDiamonds 
-- /GAME --
P0 HAND: ADiamonds, KDiamonds, 3Diamonds, 7Clubs, 6Clubs, JHearts, 6Spades, 5Spades, 4Spades, 3Spades.
P1 HAND: JDiamonds, 5Diamonds, 2Diamonds, KClubs, 5Clubs, 2Clubs, AHearts, QHearts, 6Hearts, ASpades.
P2 HAND: 4Diamonds, AClubs, JClubs, QClubs, 4Clubs, 5Hearts, 2Hearts, 7Spades, KSpades, QSpades.
P3 HAND: 7Diamonds, QDiamonds, 6Diamonds, 3Clubs, 7Hearts, KHearts, 4Hearts, 3Hearts, JSpades, 2Spades.
P3 2Spades P0 3Spades P1 ASpades P2 QSpades 
P1 AHearts P2 2Hearts P3 7Hearts P0 JHearts 
P1 2Diamonds P2 4Diamonds P3 6Diamonds P0 ADiamonds 
P0 4Spades P1 5Diamonds P2 7Spades P3 JSpades 
P2 5Hearts P3 3Hearts P0 KDiamonds P1 QHearts 
P1 6Hearts P2 4Clubs P3 4Hearts P0 3Diamonds 
P2 QClubs P3 3Clubs P0 6Clubs P1 2Clubs 
P2 JClubs P3 QDiamonds P0 7Clubs P1 5Clubs 
P0 5Spades P1 KClubs P2 KSpades P3 7Diamonds 
P1 JDiamonds P2 AClubs P3 KHearts P0 6Spades 
-- /GAME --
P0 HAND: ADiamonds, JDiamonds, AClubs, JClubs, QClubs, 3Clubs, 2Clubs, 3Hearts, 2Hearts, 6Spades.
P1 HAND: QDiamonds, 5Diamonds, 4Diamonds, 2Diamonds, 6Clubs, 4Clubs, JHearts, QHearts, JSpades, 4Spades.
P2 HAND: 7Diamonds, KDiamonds, 6Diamonds, 3Diamonds, 7Clubs, 5Clubs, AHearts, 7Hearts, 5Hearts, ASpades.
P3 HAND: KClubs, KHearts, 6Hearts, 4Hearts, 7Spades, KSpades, QSpades, 5Spades, 3Spades, 2Spades.
P2 AHearts P3 4Hearts P0 2Hearts P1 QHearts 
P2 ASpades P3 2Spades P0 6Spades P1 4Spades 
P2 5Clubs P3 KClubs P0 AClubs P1 4Clubs 
P0 3Hearts P1 JHearts P2 7Hearts P3 6Hearts 
P2 5Hearts P3 KHearts P0 JDiamonds P1 6Clubs 
P0 2Clubs P1 2Diamonds P2 7Clubs P3 7Spades 
P1 JSpades P2 3Diamonds P3 3Spades P0 JClubs 
P2 6Diamonds P3 5Spades P0 ADiamonds P1 4Diamonds 
P0 3Clubs P1 5Diamonds P2 KDiamonds P3 QSpades 
P2 7Diamonds P3 KSpades P0 QClubs P1 QDiamonds 
-- /GAME --
P0 HAND: JDiamonds, QDiamonds, 6Diamonds, 5Diamonds, 4Diamonds, QClubs, 4Clubs, 2Hearts, KSpades, 5Spades.
P1 HAND: ADiamonds, 7Diamonds, KDiamonds, 2Diamonds, 7Clubs, 2Clubs, 4Hearts, 7Spades, QSpades, 3Spades.
P2 HAND: AClubs, 7Hearts, KHearts, JHearts, QHearts, 5Hearts, 3Hearts, ASpades, JSpades, 6Spades.
P3 HAND: 3Diamonds, KClubs, JClubs, 6Clubs, 5Clubs, 3Clubs, AHearts, 6Hearts, 4Spades, 2Spades.
P1 2Clubs P2 AClubs P3 3Clubs P0 QClubs 
P2 ASpades P3 2Spades P0 KSpades P1 3Spades 
P2 3Hearts P3 AHearts P0 2Hearts P1 4Hearts 
P3 4Spades P0 5Spades P1 7Spades P2 6Spades 
P1 QSpades P2 JSpades P3 3Diamonds P0 4Diamonds 
P0 4Clubs P1 7Clubs P2 5Hearts P3 KClubs 
P1 2Diamonds P2 QHearts P3 5Clubs P0 JDiamonds 
P0 5Diamonds P1 KDiamonds P2 JHearts P3 JClubs 
P1 7Diamonds P2 KHearts P3 6Clubs P0 QDiamonds 
P1 ADiamonds P2 7Hearts P3 6Hearts P0 6Diamonds 
-- /GAME --
P0 HAND: KDiamonds, 6Diamonds, 5Diamonds, AClubs, 7Clubs, 6Clubs, 5Clubs, 4Clubs, 2Clubs, 7Spades.
P1 HAND: ADiamonds, 7Diamonds, 3Diamonds, 2Diamonds, QHearts, 6Hearts, 3Hearts, KSpades, JSpades, 3Spades.
P2 HAND: JDiamonds, QDiamonds, JClubs, JHearts, 5Hearts, 4Hearts, 2Hearts, ASpades, 6Spades, 5Spades.
P3 HAND: 4Diamonds, KClubs, QClubs, 3Clubs, AHearts, 7Hearts, KHearts, QSpades, 4Spades, 2Spades.
P0 5Diamonds P1 ADiamonds P2 QDiamonds P3 4Diamonds 
P1 2Diamonds P2 JDiamonds P3 3Clubs P0 KDiamonds 
P0 AClubs P1 3Spades P2 JClubs P3 KClubs 
P1 3Diamonds P2 2Hearts P3 QClubs 
