-- GAME --
P0 HAND: QDiamonds, JClubs, 6Clubs, 5Clubs, 3Clubs, KHearts, JHearts, 3Hearts, QSpades, 6Spades.
P1 HAND: ADiamonds, KDiamonds, JDiamonds, 4Diamonds, 2Diamonds, AClubs, 4Clubs, 6Hearts, 5Hearts, ASpades.
P2 HAND: 7Diamonds, 6Diamonds, 7Clubs, KClubs, AHearts, QHearts, 4Hearts, 2Hearts, KSpades, JSpades.
P3 HAND: 5Diamonds, 3Diamonds, QClubs, 2Clubs, 7Hearts, 7Spades, 5Spades, 4Spades, 3Spades, 2Spades.
P3 2Clubs P0 3Clubs P1 AClubs P2 KClubs 
P1 2Diamonds P2 6Diamonds P3 3Diamonds P0 QDiamonds 
P0 3Hearts P1 5Hearts P2 AHearts P3 7Hearts 
P2 2Hearts P3 5Diamonds P0 KHearts P1 6Hearts 
P0 JHearts P1 4Diamonds P2 4Hearts P3 QClubs 
P0 6Spades P1 ASpades P2 JSpades P3 2Spades 
P1 4Clubs P2 7Clubs P3 3Spades P0 5Clubs 
P3 4Spades P0 QSpades P1 JDiamonds P2 KSpades 
P2 QHearts P3 5Spades P0 6Clubs P1 ADiamonds 
P3 7Spades P0 JClubs P1 KDiamonds P2 7Diamonds 
-- /GAME --
P0 HAND: ADiamonds, JDiamonds, 6Diamonds, KClubs, 5Clubs, KHearts, JHearts, 6Hearts, 3Hearts, ASpades.
P1 HAND: KDiamonds, QDiamonds, 7Clubs, JClubs, 3Clubs, 5Hearts, 2Hearts, 7Spades, KSpades, QSpades.
P2 HAND: 5Diamonds, QClubs, 6Clubs, 4Clubs, 7Hearts, 4Hearts, JSpades, 6Spades, 5Spades, 2Spades.
P3 HAND: 7Diamonds, 4Diamonds, 3Diamonds, 2Diamonds, AClubs, 2Clubs, AHearts, QHearts, 4Spades, 3Spades.
P2 4Clubs P3 AClubs P0 5Clubs P1 7Clubs 
P3 AHearts P0 3Hearts P1 5Hearts P2 4Hearts 
P3 2Diamonds P0 JDiamonds P1 QDiamonds P2 5Diamonds 
P0 KClubs P1 3Clubs P2 QClubs P3 2Clubs 
P0 ASpades P1 QSpades P2 2Spades P3 3Spades 
P0 ADiamonds P1 KDiamonds P2 7Hearts P3 3Diamonds 
P0 6Diamonds P1 2Hearts P2 6Clubs P3 7Diamonds 
P3 4Diamonds P0 KHearts P1 KSpades P2 5Spades 
P1 JClubs P2 6Spades P3 QHearts P0 JHearts 
P2 JSpades P3 4Spades P0 6Hearts P1 7Spades 
-- /GAME --
P0 HAND: KDiamonds, 2Diamonds, AClubs, 6Clubs, 5Clubs, QHearts, 3Hearts, 2Hearts, QSpades, 3Spades.
P1 HAND: ADiamonds, KClubs, QClubs, 3Clubs, AHearts, JHearts, 4Hearts, KSpades, 6Spades, 2Spades.
P2 HAND: 6Diamonds, 4Diamonds, 7Clubs, JClubs, 2Clubs, 6Hearts, ASpades, 7Spades, JSpades, 5Spades.
P3 HAND: 7Diamonds, JDiamonds, QDiamonds, 5Diamonds, 3Diamonds, 4Clubs, 7Hearts, KHearts, 5Hearts, 4Spades.
P1 ADiamonds P2 4Diamonds P3 7Diamonds P0 2Diamonds 
P1 AHearts P2 6Hearts P3 7Hearts P0 2Hearts 
P1 2Spades P2 ASpades P3 4Spades P0 QSpades 
P2 5Spades P3 3Diamonds P0 3Spades P1 KSpades 
P1 4Hearts P2 6Diamonds P3 KHearts P0 3Hearts 
P3 5Diamonds P0 KDiamonds P1 6Spades P2 7Spades 
P0 5Clubs P1 3Clubs P2 2Clubs P3 4Clubs 
P0 6Clubs P1 QClubs P2 JClubs P3 5Hearts 
P2 JSpades P3 QDiamonds P0 QHearts P1 KClubs 
P1 JHearts P2 7Clubs P3 JDiamonds P0 AClubs 
-- /GAME --
P0 HAND: JDiamonds, QClubs, 6Clubs, 2Clubs, 4Hearts, 3Hearts, 2Hearts, KSpades, 5Spades, 3Spades.
P1 HAND: 7Diamonds, KDiamonds, QDiamonds, 4Diamonds, JClubs, 7Hearts, KHearts, 6Hearts, ASpades, QSpades.
P2 HAND: ADiamonds, 5Diamonds, AClubs, KClubs, 4Clubs, 3Clubs, JHearts, QHearts, JSpades, 6Spades.
P3 HAND: 6Diamonds, 3Diamonds, 2Diamonds, 7Clubs, 5Clubs, AHearts, 5Hearts, 7Spades, 4Spades, 2Spades.
P0 JDiamonds P1 4Diamonds P2 5Diamonds P3 2Diamonds 
P0 KSpades P1 ASpades P2 6Spades P3 7Spades 
P1 6Hearts P2 QHearts P3 AHearts P0 2Hearts 
P3 2Spades P0 5Spades P1 QSpades P2 JSpades 
P2 AClubs P3 5Clubs P0 QClubs P1 JClubs 
P2 3Clubs P3 7Clubs P0 2Clubs P1 7Hearts 
P3 4Spades 
