-- GAME --
P0 HAND: 7Diamonds, KDiamonds, 6Diamonds, 5Diamonds, KClubs, JClubs, 2Hearts, KSpades, 6Spades, 3Spades.
P1 HAND: QDiamonds, 3Diamonds, AClubs, QClubs, 6Clubs, 4Clubs, 2Clubs, 5Hearts, 7Spades, 4Spades.
P2 HAND: 2Diamonds, 7Clubs, 5Clubs, 3Clubs, KHearts, 4Hearts, 3Hearts, JSpades, QSpades, 2Spades.
P3 HAND: ADiamonds, JDiamonds, 4Diamonds, AHearts, 7Hearts, JHearts, QHearts, 6Hearts, ASpades, 5Spades.
P2 2Spades P3 ASpades P0 3Spades P1 7Spades 
P3 5Spades P0 KSpades P1 4Spades P2 JSpades 
P0 2Hearts P1 5Hearts P2 3Hearts P3 AHearts 
P3 6Hearts P0 6Spades P1 2Clubs P2 KHearts 
P2 3Clubs P3 QHearts P0 JClubs P1 AClubs 
P1 4Clubs P2 5Clubs P3 4Diamonds P0 KClubs 
P3 JHearts P0 KDiamonds P1 6Clubs P2 4Hearts 
P0 6Diamonds P1 3Diamonds P2 2Diamonds P3 JDiamonds 
P3 ADiamonds P0 5Diamonds P1 QDiamonds P2 QSpades 
P3 7Hearts P0 7Diamonds P1 QClubs P2 7Clubs 
-- /GAME --
P0 HAND: 7Diamonds, 6Diamonds, 3Diamonds, 5Clubs, JHearts, 6Hearts, 3Hearts, 2Hearts, 7Spades, JSpades.
P1 HAND: KDiamonds, 4Diamonds, 7Clubs, 4Clubs, 2Clubs, AHearts, 7Hearts, 5Hearts, 4Hearts, 3Spades.
P2 HAND: ADiamonds, QDiamonds, 2Diamonds, KClubs, QClubs, QHearts, ASpades, KSpades, 6Spades, 2Spades.
P3 HAND: JDiamonds, 5Diamonds, AClubs, JClubs, 6Clubs, 3Clubs, KHearts, QSpades, 5Spades, 4Spades.
P1 AHearts P2 QHearts P3 KHearts 
