-- GAME --
P0 HAND: KClubs, 4Clubs, 7Hearts, 4Hearts, 3Hearts, 2Hearts, 7Spades, KSpades, 5Spades, 2Spades.
P1 HAND: ADiamonds, 7Diamonds, QDiamonds, 6Diamonds, 2Diamonds, 7Clubs, 6Clubs, KHearts, 6Hearts, 4Spades.
P2 HAND: KDiamonds, JDiamonds, JClubs, QClubs, 3Clubs, 5Hearts, ASpades, JSpades, QSpades, 3Spades.
P3 HAND: 5Diamonds, 4Diamonds, 3Diamonds, AClubs, 5Clubs, 2Clubs, AHearts, JHearts, QHearts, 6Spades.
P0 2Spades P1 4Spades P2 ASpades P3 6Spades 
P2 3Spades P3 3Diamonds P0 7Spades P1 6Clubs 
P1 2Diamonds P2 JDiamonds P3 4Diamonds P0 7Hearts 
P2 5Hearts P3 AHearts P0 2Hearts P1 KHearts 
P3 5Diamonds P0 KSpades P1 6Diamonds P2 KDiamonds 
P2 QSpades P3 QHearts P0 5Spades P1 6Hearts 
P2 JSpades P3 2Clubs P0 KClubs P1 7Clubs 
P1 QDiamonds P2 3Clubs P3 5Clubs P0 4Hearts 
P3 JHearts P0 3Hearts P1 7Diamonds P2 QClubs 
P2 JClubs P3 AClubs P0 4Clubs P1 ADiamonds 
-- /GAME --
P0 HAND: JDiamonds, 7Clubs, 6Clubs, 5Clubs, 3Clubs, 7Hearts, QHearts, 4Hearts, 2Hearts, 6Spades.
P1 HAND: 5Diamonds, 3Diamonds, 2Diamonds, AHearts, 6Hearts, 5Hearts, ASpades, KSpades, 3Spades, 2Spades.
P2 HAND: ADiamonds, 7Diamonds, KDiamonds, QDiamonds, 6Diamonds, 4Diamonds, AClubs, JClubs, 4Clubs, 3Hearts.
P3 HAND: KClubs, QClubs, 2Clubs, KHearts, JHearts, 7Spades, JSpades, QSpades, 5Spades, 4Spades.
P3 2Clubs P0 6Clubs P1 2Spades P2 AClubs 
P2 3Hearts P3 JHearts P0 4Hearts P1 AHearts 
P1 ASpades P2 4Diamonds P3 4Spades P0 6Spades 
P2 4Clubs P3 QClubs P0 7Clubs P1 2Diamonds 
P1 3Spades P2 6Diamonds P3 5Spades P0 7Hearts 
P2 JClubs P3 KClubs P0 3Clubs P1 KSpades 
P3 QSpades P0 QHearts P1 5Hearts P2 QDiamonds 
P2 KDiamonds P3 JSpades P0 JDiamonds P1 3Diamonds 
P2 7Diamonds P3 KHearts P0 5Clubs P1 5Diamonds 
P2 ADiamonds P3 7Spades P0 2Hearts P1 6Hearts 
-- /GAME --
P0 HAND: ADiamonds, JDiamonds, 4Diamonds, KClubs, JClubs, 4Clubs, 6Hearts, JSpades, QSpades, 4Spades.
P1 HAND: QDiamonds, 5Diamonds, AClubs, QClubs, AHearts, QHearts, 5Hearts, KSpades, 6Spades, 5Spades.
P2 HAND: 6Diamonds, 3Diamonds, 2Diamonds, 5Clubs, 2Clubs, KHearts, JHearts, 4Hearts, 3Spades, 2Spades.
P3 HAND: 7Diamonds, KDiamonds, 7Clubs, 6Clubs, 3Clubs, 7Hearts, 3Hearts, 2Hearts, ASpades, 7Spades.
P2 2Diamonds P3 KDiamonds P0 JDiamonds P1 QDiamonds 
P3 ASpades P0 4Spades P1 KSpades P2 2Spades 
P3 3Clubs P0 4Clubs P1 AClubs P2 2Clubs 
P1 5Diamonds P2 3Diamonds P3 7Diamonds P0 ADiamonds 
P0 KClubs P1 QClubs P2 5Clubs P3 7Clubs 
P3 6Clubs P0 JClubs P1 5Spades P2 6Diamonds 
P0 6Hearts P1 5Hearts P2 4Hearts P3 2Hearts 
P0 4Diamonds P1 6Spades P2 3Spades P3 3Hearts 
P3 7Hearts P0 JSpades P1 QHearts P2 JHearts 
P3 7Spades P0 QSpades P1 AHearts P2 KHearts 
-- /GAME --
P0 HAND: JDiamonds, 5Diamonds, 2Diamonds, 7Clubs, 6Clubs, QHearts, 2Hearts, 6Spades, 5Spades, 3Spades.
P1 HAND: 7Diamonds, QDiamonds, 6Diamonds, 4Diamonds, 5Clubs, AHearts, 6Hearts, 3Hearts, 4Spades, 2Spades.
P2 HAND: AClubs, QClubs, 3Clubs, 2Clubs, KHearts, ASpades, 7Spades, KSpades, JSpades, QSpades.
P3 HAND: ADiamonds, KDiamonds, 3Diamonds, KClubs, JClubs, 4Clubs, 7Hearts, JHearts, 5Hearts, 4Hearts.
P1 2Spades P2 ASpades P3 4Hearts P0 6Spades 
P3 ADiamonds P0 5Diamonds P1 7Diamonds P2 KHearts 
P2 AClubs P3 4Clubs P0 7Clubs P1 5Clubs 
P2 2Clubs P3 JClubs P0 6Clubs P1 QDiamonds 
P3 3Diamonds P0 JDiamonds P1 4Diamonds P2 7Spades 
P0 5Spades P1 4Spades P2 QSpades P3 5Hearts 
P3 JHearts P0 QHearts P1 3Hearts P2 3Clubs 
P3 7Hearts P0 2Hearts P1 6Hearts P2 QClubs 
P3 KDiamonds P0 2Diamonds P1 6Diamonds P2 JSpades 
P3 KClubs P0 3Spades P1 AHearts P2 KSpades 
-- /GAME --

