-- GAME --
P0 AHearts P1 6Hearts P2 4Hearts P3 2Hearts 
P0 ASpades P1 2Spades P2 KSpades P3 3Spades 
P0 7Spades P1 QSpades P2 4Spades P3 6Spades 
P0 5Spades P1 JSpades P2 4Diamonds P3 KHearts 
P1 QHearts P2 QDiamonds P3 3Hearts P0 7Hearts 
P0 5Hearts P1 2Clubs P2 4Clubs P3 JHearts 
P2 JClubs P3 6Clubs P0 6Diamonds P1 3Clubs 
P2 7Clubs P3 QClubs P0 5Diamonds P1 AClubs 
P1 5Clubs P2 7Diamonds P3 KClubs P0 3Diamonds 
-- /GAME --
P0 HAND: QDiamonds, KClubs, QClubs, 5Clubs, 4Clubs, 2Clubs, 6Hearts, 4Hearts, 3Hearts, 7Spades.
P1 HAND: ADiamonds, 7Diamonds, KDiamonds, 6Diamonds, AClubs, 6Clubs, 3Clubs, JHearts, 2Hearts, 2Spades.
P2 HAND: JDiamonds, 4Diamonds, 3Diamonds, 7Clubs, QHearts, ASpades, KSpades, JSpades, QSpades, 5Spades.
P3 HAND: 5Diamonds, 2Diamonds, JClubs, AHearts, 7Hearts, KHearts, 5Hearts, 6Spades, 4Spades, 3Spades.
P1 ADiamonds P2 3Diamonds P3 5Diamonds P0 QDiamonds 
P1 2Hearts P2 QHearts P3 AHearts P0 3Hearts 
P3 2Diamonds P0 2Clubs P1 6Diamonds P2 JDiamonds 
P0 4Hearts P1 JHearts P2 4Diamonds P3 7Hearts 
P3 3Spades P0 7Spades P1 2Spades P2 ASpades 
P2 5Spades P3 4Spades P0 4Clubs P1 3Clubs 
P0 5Clubs P1 6Clubs P2 7Clubs P3 JClubs 
P2 QSpades P3 6Spades P0 KClubs P1 AClubs 
P1 KDiamonds P2 JSpades P3 5Hearts P0 QClubs 
P0 6Hearts P1 7Diamonds P2 KSpades P3 KHearts 
-- /GAME --

