-- GAME --
P0 HAND: ADiamonds, 6Diamonds, 5Diamonds, 4Diamonds, JClubs, QClubs, 3Clubs, 5Hearts, 2Hearts, JSpades.
P1 HAND: QDiamonds, 2Diamonds, 5Clubs, 2Clubs, JHearts, 6Hearts, 4Hearts, ASpades, 6Spades, 4Spades.
P2 HAND: KDiamonds, JDiamonds, 7Clubs, KClubs, 6Clubs, 4Clubs, KHearts, KSpades, 5Spades, 2Spades.
P3 HAND: 7Diamonds, 3Diamonds, AClubs, AHearts, 7Hearts, QHearts, 3Hearts, 7Spades, QSpades, 3Spades.
P1 ASpades P2 2Spades P3 7Spades P0 JSpades 
P1 2Clubs P2 4Clubs P3 AClubs P0 QClubs 
P3 AHearts P0 5Hearts P1 JHearts P2 KHearts 
P3 3Hearts P0 2Hearts P1 4Hearts P2 5Spades 
P1 4Spades P2 KSpades P3 3Spades P0 ADiamonds 
P0 3Clubs P1 5Clubs P2 6Clubs P3 QHearts 
P2 JDiamonds P3 3Diamonds P0 4Diamonds P1 2Diamonds 
P2 KDiamonds P3 7Diamonds P0 5Diamonds P1 QDiamonds 
P3 QSpades P0 JClubs P1 6Spades P2 KClubs 
P3 7Hearts P0 6Diamonds P1 6Hearts P2 7Clubs 
-- /GAME --
P0 HAND: 7Diamonds, JDiamonds, 6Diamonds, AClubs, JClubs, 4Clubs, KHearts, 4Hearts, 4Spades, 3Spades.
P1 HAND: QDiamonds, 5Diamonds, 3Diamonds, 5Clubs, 2Clubs, AHearts, 7Hearts, 5Hearts, 7Spades, 2Spades.
P2 HAND: ADiamonds, KDiamonds, 4Diamonds, JHearts, QHearts, 6Hearts, 3Hearts, ASpades, KSpades, QSpades.
P3 HAND: 2Diamonds, 7Clubs, KClubs, QClubs, 6Clubs, 3Clubs, 2Hearts, JSpades, 6Spades, 5Spades.
P0 KHearts P1 AHearts P2 3Hearts P3 2Hearts 
P1 2Clubs P2 4Diamonds P3 3Clubs P0 AClubs 
P0 JDiamonds P1 3Diamonds P2 ADiamonds P3 2Diamonds 
P2 6Hearts P3 6Clubs P0 4Hearts P1 7Hearts 
P1 5Diamonds P2 KDiamonds P3 QClubs P0 6Diamonds 
P2 QHearts P3 5Spades P0 JClubs P1 5Hearts 
P3 6Spades P0 3Spades P1 2Spades P2 QSpades 
P2 JHearts P3 JSpades P0 4Spades P1 QDiamonds 
P3 KClubs P0 4Clubs P1 5Clubs P2 KSpades 
P2 ASpades P3 7Clubs P0 7Diamonds P1 7Spades 
-- /GAME --
P0 HAND: JDiamonds, 5Diamonds, 2Diamonds, AClubs, 6Clubs, 5Clubs, 3Clubs, 4Hearts, 3Hearts, KSpades.
P1 HAND: ADiamonds, QDiamonds, 6Diamonds, 3Diamonds, 4Clubs, 2Clubs, 5Hearts, 2Hearts, 7Spades, 3Spades.
P2 HAND: 7Clubs, KClubs, QClubs, AHearts, 7Hearts, QHearts, 6Hearts, ASpades, 6Spades, 2Spades.
P3 HAND: 7Diamonds, KDiamonds, 4Diamonds, JClubs, KHearts, JHearts, JSpades, QSpades, 5Spades, 4Spades.

