-- GAME --
P0 HAND: 7Diamonds, KDiamonds, JDiamonds, 3Diamonds, 2Diamonds, AClubs, 6Clubs, 2Clubs, KHearts, 4Spades.
P1 HAND: ADiamonds, QDiamonds, 6Diamonds, 5Clubs, 5Hearts, 3Hearts, ASpades, KSpades, QSpades, 5Spades.
P2 HAND: 5Diamonds, JClubs, 4Clubs, AHearts, 7Hearts, QHearts, 6Hearts, 2Hearts, 6Spades, 2Spades.
P3 HAND: 4Diamonds, 7Clubs, KClubs, QClubs, 3Clubs, JHearts, 4Hearts, 7Spades, JSpades, 3Spades.
P2 2Hearts P3 4Hearts P0 KHearts P1 3Hearts 
P0 JDiamonds P1 6Diamonds P2 5Diamonds P3 4Diamonds 
P0 2Diamonds P1 QDiamonds P2 2Spades P3 7Clubs 
P1 5Clubs P2 4Clubs P3 3Clubs P0 6Clubs 
P0 3Diamonds P1 ADiamonds P2 6Hearts P3 7Spades 
P1 5Hearts P2 QHearts P3 JHearts P0 7Diamonds 
P0 AClubs P1 5Spades P2 JClubs P3 QClubs 
P0 2Clubs P1 QSpades P2 6Spades P3 KClubs 
P3 3Spades P0 4Spades P1 KSpades P2 7Hearts 
P1 ASpades P2 AHearts P3 JSpades P0 KDiamonds 
-- /GAME --
P0 HAND: 7Diamonds, 6Diamonds, 3Diamonds, KClubs, JClubs, JHearts, 5Hearts, ASpades, QSpades, 5Spades.
P1 HAND: 4Diamonds, 7Clubs, 4Clubs, AHearts, 7Hearts, 6Hearts, 4Hearts, 2Hearts, 4Spades, 2Spades.
P2 HAND: ADiamonds, JDiamonds, 5Diamonds, 2Diamonds, AClubs, 3Clubs, 2Clubs, KSpades, 6Spades, 3Spades.
P3 HAND: KDiamonds, QDiamonds, QClubs, 6Clubs, 5Clubs, KHearts, QHearts, 3Hearts, 7Spades, JSpades.
P1 2Hearts P2 2Diamonds P3 3Hearts P0 JHearts 
P0 5Hearts P1 4Hearts P2 3Spades P3 KHearts 
P3 QDiamonds P0 3Diamonds P1 4Diamonds P2 ADiamonds 
P2 5Diamonds P3 KDiamonds P0 7Diamonds P1 4Clubs 
P1 2Spades P2 6Spades P3 JSpades P0 ASpades 
P0 6Diamonds P1 4Spades P2 JDiamonds P3 QHearts 
P2 2Clubs P3 5Clubs P0 KClubs P1 7Clubs 
P1 6Hearts P2 3Clubs P3 6Clubs P0 JClubs 
P0 QSpades P1 7Hearts P2 KSpades P3 7Spades 
P3 QClubs P0 5Spades P1 AHearts P2 AClubs 
-- /GAME --
P0 HAND: 5Diamonds, 3Diamonds, KClubs, 4Clubs, AHearts, JHearts, 5Hearts, 4Hearts, ASpades, JSpades.
P1 HAND: 6Diamonds, 4Diamonds, JClubs, 3Clubs, 2Clubs, 7Hearts, KHearts, 6Hearts, KSpades, 3Spades.
P2 HAND: ADiamonds, 7Diamonds, JDiamonds, 2Diamonds, AClubs, 7Clubs, 5Clubs, 2Hearts, 7Spades, 2Spades.
P3 HAND: KDiamonds, QDiamonds, QClubs, 6Clubs, QHearts, 3Hearts, QSpades, 6Spades, 5Spades, 4Spades.
P0 ASpades P1 3Spades P2 7Spades P3 4Spades 
P0 AHearts P1 6Hearts P2 2Hearts P3 3Hearts 
P0 4Hearts P1 KHearts P2 2Spades P3 QHearts 
P1 2Clubs P2 AClubs P3 6Clubs P0 KClubs 
P2 5Clubs P3 QClubs P0 4Clubs P1 JClubs 
P1 3Clubs P2 7Clubs P3 QDiamonds P0 5Hearts 
P3 5Spades P0 JSpades P1 KSpades P2 2Diamonds 
P2 JDiamonds P3 KDiamonds P0 3Diamonds P1 4Diamonds 
P3 6Spades P0 JHearts P1 6Diamonds P2 7Diamonds 
P2 ADiamonds P3 QSpades P0 5Diamonds P1 7Hearts 
-- /GAME --
P0 HAND: ADiamonds, KDiamonds, JDiamonds, QDiamonds, AClubs, 7Hearts, JHearts, QHearts, 3Spades, 2Spades.
P1 HAND: 3Diamonds, 2Diamonds, 2Clubs, AHearts, 6Hearts, 3Hearts, KSpades, JSpades, QSpades, 5Spades.
P2 HAND: 7Diamonds, 4Diamonds, QClubs, 6Clubs, 5Clubs, 3Clubs, 2Hearts, ASpades, 7Spades, 6Spades.
P3 HAND: 6Diamonds, 5Diamonds, 7Clubs, KClubs, JClubs, 4Clubs, KHearts, 5Hearts, 4Hearts, 4Spades.
P3 4Clubs P0 AClubs P1 2Clubs P2 QClubs 
P0 ADiamonds P1 2Diamonds P2 7Diamonds P3 5Diamonds 
P0 KDiamonds P1 3Diamonds P2 4Diamonds P3 6Diamonds 
P0 JDiamonds P1 3Hearts P2 2Hearts P3 4Hearts 
P0 QDiamonds P1 6Hearts P2 3Clubs P3 5Hearts 
P0 QHearts P1 AHearts P2 6Spades P3 KHearts 
P2 5Clubs P3 JClubs P0 2Spades P1 5Spades 
P1 QSpades P2 7Spades P3 4Spades P0 3Spades 
P2 6Clubs P3 KClubs P0 JHearts P1 JSpades 
P1 KSpades P2 ASpades P3 7Clubs P0 7Hearts 
-- /GAME --
P0 HAND: KClubs, 2Clubs, JHearts, 6Hearts, 5Hearts, 3Hearts, 7Spades, 6Spades, 5Spades, 3Spades.
P1 HAND: 5Diamonds, AClubs, 6Clubs, 3Clubs, 7Hearts, KHearts, QHearts, 4Hearts, ASpades, 4Spades.
P2 HAND: QDiamonds, 6Diamonds, 4Diamonds, 2Diamonds, 7Clubs, 5Clubs, 4Clubs, 2Hearts, JSpades, QSpades.
P3 HAND: ADiamonds, 7Diamonds, KDiamonds, JDiamonds, 3Diamonds, JClubs, QClubs, AHearts, KSpades, 2Spades.
P3 2Spades 
