-- GAME --
P0 HAND: 3Diamonds, 5Clubs, 4Clubs, 7Hearts, KHearts, 5Hearts, 3Hearts, KSpades, 6Spades, 5Spades.
P1 HAND: 6Diamonds, 7Clubs, QClubs, 3Clubs, 2Clubs, 6Hearts, 4Hearts, 2Hearts, 7Spades, JSpades.
P2 HAND: ADiamonds, QDiamonds, 5Diamonds, 4Diamonds, JClubs, AHearts, JHearts, 4Spades, 3Spades, 2Spades.
P3 HAND: 7Diamonds, KDiamonds, JDiamonds, 2Diamonds, AClubs, KClubs, 6Clubs, QHearts, ASpades, QSpades.
P2 ADiamonds P3 2Diamonds P0 3Diamonds P1 6Diamonds 
P2 2Spades P3 ASpades P0 5Spades P1 7Spades 
P3 AClubs P0 4Clubs P1 7Clubs P2 JClubs 
P3 6Clubs P0 5Clubs P1 2Clubs P2 3Spades 
P3 QSpades P0 KSpades P1 JSpades P2 4Spades 
P0 6Spades P1 3Clubs P2 4Diamonds P3 QHearts 
P3 JDiamonds P0 KHearts P1 QClubs P2 QDiamonds 
P0 3Hearts P1 2Hearts P2 JHearts P3 KDiamonds 
P2 5Diamonds P3 7Diamonds P0 5Hearts P1 6Hearts 
P1 4Hearts P2 AHearts P3 KClubs P0 7Hearts 
-- /GAME --
P0 HAND: QDiamonds, 3Diamonds, AClubs, 7Hearts, 6Hearts, 2Hearts, QSpades, 6Spades, 5Spades, 4Spades.
P1 HAND: 7Diamonds, KDiamonds, JClubs, QClubs, 3Clubs, AHearts, QHearts, 4Hearts, ASpades, 7Spades.
P2 HAND: ADiamonds, JDiamonds, 5Diamonds, 4Diamonds, 6Clubs, 5Clubs, 2Clubs, 5Hearts, KSpades, JSpades.
P3 HAND: 6Diamonds, 2Diamonds, 7Clubs, KClubs, 4Clubs, KHearts, JHearts, 3Hearts, 3Spades, 2Spades.
P1 AHearts P2 5Hearts P3 KHearts P0 2Hearts 
P1 ASpades P2 JSpades P3 3Spades P0 4Spades 
P1 3Clubs P2 2Clubs P3 4Clubs P0 AClubs 
P0 5Spades P1 7Spades P2 KSpades P3 2Spades 
P1 4Hearts P2 5Clubs P3 3Hearts P0 7Hearts 
P0 6Hearts P1 QHearts P2 6Clubs P3 JHearts 
P3 2Diamonds P0 3Diamonds P1 KDiamonds P2 4Diamonds 
P1 QClubs P2 5Diamonds P3 KClubs P0 QSpades 
P2 JDiamonds P3 6Diamonds P0 QDiamonds P1 7Diamonds 
P1 JClubs P2 ADiamonds P3 7Clubs P0 6Spades 
-- /GAME --

