-- GAME --
P0 HAND: JDiamonds, 6Diamonds, 5Clubs, 4Clubs, 3Clubs, 7Hearts, 5Hearts, 4Hearts, 3Hearts, KSpades.
P1 HAND: 5Diamonds, 2Diamonds, 7Clubs, KClubs, JClubs, QClubs, 6Clubs, JHearts, 7Spades, 4Spades.
P2 HAND: ADiamonds, KDiamonds, 4Diamonds, 2Clubs, AHearts, QHearts, JSpades, 6Spades, 3Spades, 2Spades.
P3 HAND: 7Diamonds, QDiamonds, 3Diamonds, AClubs, KHearts, 6Hearts, 2Hearts, ASpades, QSpades, 5Spades.
P1 2Diamonds P2 ADiamonds P3 3Diamonds P0 JDiamonds 
P2 AHearts P3 2Hearts P0 7Hearts P1 JHearts 
P2 2Spades P3 ASpades P0 KSpades P1 7Spades 
P3 5Spades P0 3Clubs P1 4Spades P2 JSpades 
P0 6Diamonds P1 5Diamonds P2 4Diamonds P3 7Diamonds 
P3 6Hearts P0 5Hearts P1 6Clubs P2 QHearts 
P1 QClubs P2 2Clubs P3 AClubs P0 4Clubs 
P3 QDiamonds P0 5Clubs P1 JClubs P2 KDiamonds 
P1 KClubs P2 3Spades P3 QSpades P0 4Hearts 
P1 7Clubs P2 6Spades P3 KHearts P0 3Hearts 
-- /GAME --
P0 HAND: 7Diamonds, 3Diamonds, 4Clubs, 2Clubs, AHearts, 6Hearts, 5Hearts, 7Spades, QSpades, 6Spades.
P1 HAND: ADiamonds, QDiamonds, 6Diamonds, 4Diamonds, JClubs, QHearts, KSpades, 5Spades, 4Spades, 3Spades.
P2 HAND: KDiamonds, JDiamonds, KClubs, QClubs, 6Clubs, 7Hearts, KHearts, 3Hearts, 2Hearts, JSpades.
P3 HAND: 5Diamonds, 2Diamonds, AClubs, 7Clubs, 5Clubs, 3Clubs, JHearts, 4Hearts, ASpades, 2Spades.
P0 AHearts P1 QHearts P2 7Hearts P3 4Hearts 
P0 6Hearts P1 3Spades P2 KHearts P3 JHearts 
P2 2Hearts P3 2Diamonds P0 5Hearts P1 4Diamonds 
P0 2Clubs P1 JClubs P2 6Clubs P3 3Clubs 
P1 4Spades P2 JSpades P3 ASpades P0 6Spades 
P3 2Spades P0 7Spades P1 5Spades P2 KDiamonds 
P0 QSpades P1 KSpades P2 QClubs P3 7Clubs 
P3 5Diamonds P0 3Diamonds P1 ADiamonds P2 JDiamonds 
P1 6Diamonds P2 3Hearts P3 5Clubs P0 7Diamonds 
P3 AClubs P0 4Clubs P1 QDiamonds P2 KClubs 
-- /GAME --
P0 HAND: JDiamonds, 2Diamonds, QClubs, 6Clubs, 2Clubs, JHearts, 4Hearts, 3Hearts, JSpades, 2Spades.
P1 HAND: QDiamonds, 5Diamonds, 3Diamonds, AClubs, 5Clubs, 3Clubs, 7Hearts, 6Hearts, 5Spades, 3Spades.
P2 HAND: KDiamonds, 4Diamonds, KClubs, JClubs, 4Clubs, KHearts, 5Hearts, 2Hearts, ASpades, 7Spades.
P3 HAND: ADiamonds, 7Diamonds, 6Diamonds, 7Clubs, AHearts, QHearts, KSpades, QSpades, 6Spades, 4Spades.
P3 ADiamonds P0 2Diamonds P1 QDiamonds P2 4Diamonds 
P3 4Spades P0 JSpades P1 3Spades P2 ASpades 
P2 4Clubs P3 7Clubs P0 2Clubs P1 AClubs 
P1 3Diamonds P2 KDiamonds P3 7Diamonds P0 JDiamonds 
P3 6Diamonds P0 JHearts P1 5Diamonds P2 7Spades 
P0 2Spades P1 5Spades P2 2Hearts P3 6Spades 
P2 JClubs P3 QSpades P0 QClubs P1 3Clubs 
P2 5Hearts P3 QHearts P0 3Hearts P1 6Hearts 
P3 AHearts P0 4Hearts P1 7Hearts P2 KHearts 
P3 KSpades P0 6Clubs P1 5Clubs P2 KClubs 
-- /GAME --
P0 HAND: KDiamonds, AClubs, 7Clubs, JClubs, 3Clubs, QHearts, 2Hearts, 7Spades, 5Spades, 4Spades.
P1 HAND: JDiamonds, QDiamonds, 6Diamonds, 5Diamonds, QClubs, 6Clubs, JHearts, 5Hearts, 4Hearts, KSpades.
P2 HAND: 4Diamonds, 3Diamonds, KClubs, 4Clubs, 2Clubs, 7Hearts, KHearts, 6Hearts, ASpades, QSpades.
P3 HAND: ADiamonds, 7Diamonds, 2Diamonds, 5Clubs, AHearts, 3Hearts, JSpades, 6Spades, 3Spades, 2Spades.
P2 ASpades P3 2Spades P0 7Spades P1 KSpades 
P2 2Clubs P3 5Clubs P0 AClubs P1 6Clubs 
P0 3Clubs P1 QClubs P2 4Clubs P3 ADiamonds 
P1 5Diamonds P2 3Diamonds P3 7Diamonds P0 KDiamonds 
P3 2Diamonds P0 4Spades P1 6Diamonds P2 4Diamonds 
P1 QDiamonds P2 QSpades P3 3Spades P0 2Hearts 
P0 5Spades P1 4Hearts P2 6Hearts P3 6Spades 
P2 KHearts P3 3Hearts P0 QHearts P1 5Hearts 
P2 7Hearts P3 AHearts P0 JClubs P1 JHearts 
P3 JSpades P0 7Clubs P1 JDiamonds P2 KClubs 
-- /GAME --
P0 HAND: KDiamonds, QClubs, 4Clubs, 3Clubs, AHearts, 6Hearts, 4Hearts, JSpades, 6Spades, 5Spades.
P1 HAND: JDiamonds, QDiamonds, 6Diamonds, 2Diamonds, AClubs, 2Clubs, 5Hearts, 3Hearts, 2Hearts, KSpades.
P2 HAND: ADiamonds, 4Diamonds, 7Clubs, KClubs, 5Clubs, 7Hearts, KHearts, JHearts, 4Spades, 3Spades.
P3 HAND: 7Diamonds, 5Diamonds, 3Diamonds, JClubs, 6Clubs, QHearts, ASpades, 7Spades, QSpades, 2Spades.
P2 ADiamonds P3 3Diamonds P0 KDiamonds P1 2Diamonds 
P2 3Spades P3 ASpades P0 5Spades P1 KSpades 
P3 2Spades P0 JSpades P1 2Clubs P2 4Spades 
P0 6Spades P1 6Diamonds P2 4Diamonds P3 7Spades 
P3 5Diamonds P0 3Clubs P1 QDiamonds P2 5Clubs 
P1 AClubs P2 KClubs P3 JClubs P0 4Clubs 
P1 JDiamonds P2 JHearts P3 7Diamonds P0 QClubs 
P2 KHearts P3 QHearts P0 AHearts P1 2Hearts 
P0 4Hearts P1 3Hearts P2 7Hearts P3 6Clubs 
P2 7Clubs P3 QSpades P0 6Hearts P1 5Hearts 
-- /GAME --
P0 HAND: ADiamonds, 5Diamonds, 4Diamonds, 7Clubs, QClubs, 5Clubs, AHearts, 7Hearts, QHearts, ASpades.
P1 HAND: QDiamonds, AClubs, KClubs, 4Clubs, 2Clubs, KHearts, JHearts, 3Hearts, 7Spades, 6Spades.
P2 HAND: KDiamonds, 6Diamonds, JClubs, 3Clubs, 6Hearts, 5Hearts, 4Hearts, 2Hearts, 4Spades, 3Spades.
P3 HAND: 7Diamonds, JDiamonds, 3Diamonds, 2Diamonds, 6Clubs, KSpades, JSpades, QSpades, 5Spades, 2Spades.
P1 AClubs P2 3Clubs P3 6Clubs P0 5Clubs 
P1 2Clubs P2 JClubs P3 2Diamonds P0 7Clubs 
P0 ASpades P1 6Spades P2 4Spades P3 2Spades 
P0 AHearts P1 3Hearts P2 2Hearts P3 3Diamonds 
P0 7Hearts P1 JHearts P2 4Hearts P3 5Spades 
P0 ADiamonds P1 QDiamonds P2 KDiamonds P3 JDiamonds 
P0 QClubs P1 4Clubs P2 3Spades P3 QSpades 
P0 4Diamonds P1 KHearts P2 6Diamonds P3 7Diamonds 
P1 KClubs P2 5Hearts P3 JSpades P0 QHearts 
P0 5Diamonds P1 7Spades P2 6Hearts P3 KSpades 
-- /GAME --
P0 HAND: 4Diamonds, 2Diamonds, 4Clubs, AHearts, 7Hearts, 3Hearts, ASpades, 7Spades, 5Spades, 2Spades.
P1 HAND: 7Diamonds, 3Diamonds, JClubs, 6Clubs, 3Clubs, QHearts, 5Hearts, 4Hearts, KSpades, QSpades.
P2 HAND: ADiamonds, KDiamonds, JDiamonds, 6Diamonds, AClubs, 7Clubs, QClubs, JHearts, 4Spades, 3Spades.
P3 HAND: QDiamonds, 5Diamonds, KClubs, 5Clubs, 2Clubs, KHearts, 6Hearts, 2Hearts, JSpades, 6Spades.
P0 AHearts P1 4Hearts P2 JHearts P3 2Hearts 
P0 ASpades P1 QSpades P2 4Spades P3 6Spades 
P0 7Spades P1 KSpades P2 3Spades P3 JSpades 
P0 7Hearts P1 5Hearts P2 AClubs P3 6Hearts 
P0 3Hearts P1 QHearts P2 QClubs P3 KHearts 
P3 2Clubs P0 4Clubs P1 3Clubs P2 7Clubs 
P2 6Diamonds P3 5Diamonds P0 2Diamonds P1 3Diamonds 
P2 JDiamonds P3 QDiamonds P0 4Diamonds P1 7Diamonds 
P1 6Clubs P2 KDiamonds P3 5Clubs P0 5Spades 
P2 ADiamonds P3 KClubs P0 2Spades P1 JClubs 
-- /GAME --
P0 HAND: 3Diamonds, 2Diamonds, 3Clubs, 7Hearts, 4Hearts, 3Hearts, KSpades, QSpades, 4Spades, 3Spades.
P1 HAND: ADiamonds, KDiamonds, 5Diamonds, 4Diamonds, KClubs, QClubs, 6Clubs, JHearts, 2Hearts, 2Spades.
P2 HAND: 7Diamonds, JDiamonds, AClubs, JClubs, 4Clubs, AHearts, QHearts, 7Spades, 6Spades, 5Spades.
P3 HAND: QDiamonds, 6Diamonds, 7Clubs, 5Clubs, 2Clubs, KHearts, 6Hearts, 5Hearts, ASpades, JSpades.
P3 ASpades P0 3Spades P1 2Spades P2 5Spades 
P3 2Clubs P0 3Clubs P1 6Clubs P2 AClubs 
P2 AHearts P3 5Hearts P0 7Hearts P1 2Hearts 
P2 4Clubs P3 5Clubs P0 KSpades P1 KClubs 
P1 QClubs P2 JClubs P3 7Clubs P0 2Diamonds 
P0 3Hearts P1 JHearts P2 QHearts P3 KHearts 
P3 6Hearts P0 4Hearts P1 4Diamonds P2 6Spades 
P1 5Diamonds P2 JDiamonds P3 6Diamonds P0 3Diamonds 
P2 7Diamonds P3 QDiamonds P0 QSpades P1 ADiamonds 
P1 KDiamonds P2 7Spades P3 JSpades P0 4Spades 
-- /GAME --
P0 HAND: 6Diamonds, 7Clubs, QClubs, 4Clubs, 2Clubs, JHearts, 4Hearts, 7Spades, 5Spades, 3Spades.
P1 HAND: ADiamonds, KDiamonds, JDiamonds, QDiamonds, 6Clubs, QHearts, 3Hearts, ASpades, JSpades, 6Spades.
P2 HAND: AClubs, KClubs, JClubs, AHearts, 7Hearts, 5Hearts, 2Hearts, KSpades, QSpades, 4Spades.
P3 HAND: 7Diamonds, 5Diamonds, 4Diamonds, 3Diamonds, 2Diamonds, 5Clubs, 3Clubs, KHearts, 6Hearts, 2Spades.
P2 AClubs P3 3Clubs P0 7Clubs P1 6Clubs 
P2 AHearts P3 6Hearts P0 JHearts P1 3Hearts 
P2 2Hearts P3 KHearts P0 4Hearts P1 QHearts 
P3 2Spades P0 3Spades P1 ASpades P2 4Spades 
P1 6Spades P2 QSpades P3 5Clubs P0 7Spades 
P0 6Diamonds P1 QDiamonds P2 5Hearts P3 2Diamonds 
P1 JSpades P2 KSpades P3 3Diamonds P0 5Spades 
P3 4Diamonds 
