-- GAME --
P1 6Diamonds P2 JDiamonds P3 4Diamonds 
P0 7Diamonds P1 QDiamonds P2 2Diamonds P3 KDiamonds 
P0 AHearts P1 3Hearts P2 7Hearts P3 JHearts 
P0 ASpades P1 2Spades P2 KSpades P3 4Spades 
P0 KHearts P1 5Hearts P2 4Hearts P3 6Spades 
P0 2Hearts P1 3Spades P2 6Hearts P3 2Clubs 
P3 JSpades P0 4Clubs P1 QSpades P2 5Spades 
P0 5Diamonds P1 KClubs P2 QHearts P3 3Clubs 
P1 7Clubs P2 5Clubs P3 6Clubs P0 QClubs 
P1 7Spades P2 JClubs P3 AClubs P0 3Diamonds 
-- /GAME --
P0 HAND: 6Diamonds, 5Diamonds, KClubs, QClubs, AHearts, JHearts, 4Hearts, ASpades, KSpades, 6Spades.
P1 HAND: QDiamonds, 7Clubs, JClubs, 4Clubs, 3Clubs, 6Hearts, 5Hearts, 2Hearts, 3Spades, 2Spades.
P2 HAND: ADiamonds, KDiamonds, AClubs, 6Clubs, 5Clubs, 2Clubs, 7Hearts, QSpades, 5Spades, 4Spades.
P3 HAND: 7Diamonds, JDiamonds, 4Diamonds, 3Diamonds, 2Diamonds, KHearts, QHearts, 3Hearts, 7Spades, JSpades.
P3 2Diamonds P0 5Diamonds P1 QDiamonds P2 ADiamonds 
P2 4Spades P3 JSpades P0 ASpades P1 2Spades 
P0 AHearts P1 2Hearts P2 7Hearts P3 3Hearts 
P0 6Spades P1 3Spades P2 5Spades P3 7Spades 
P3 3Diamonds P0 6Diamonds P1 5Hearts P2 KDiamonds 
P2 QSpades P3 4Diamonds P0 KSpades P1 3Clubs 
P1 6Hearts P2 2Clubs P3 QHearts P0 JHearts 
P2 5Clubs P3 JDiamonds P0 KClubs P1 7Clubs 
P1 4Clubs P2 6Clubs P3 KHearts P0 QClubs 
P0 4Hearts P1 JClubs P2 AClubs P3 7Diamonds 
-- /GAME --
P0 HAND: JDiamonds, KClubs, QClubs, 3Clubs, AHearts, 6Hearts, 5Hearts, 3Hearts, JSpades, 3Spades.
P1 HAND: 6Diamonds, 7Clubs, 5Clubs, 2Clubs, 7Hearts, JHearts, ASpades, 7Spades, KSpades, 4Spades.
P2 HAND: ADiamonds, 7Diamonds, KDiamonds, 5Diamonds, 3Diamonds, AClubs, JClubs, 6Spades, 5Spades, 2Spades.
P3 HAND: QDiamonds, 4Diamonds, 2Diamonds, 6Clubs, 4Clubs, KHearts, QHearts, 4Hearts, 2Hearts, QSpades.
P2 2Spades P3 QSpades P0 JSpades P1 ASpades 
P1 4Spades P2 5Spades P3 2Diamonds P0 3Spades 
P2 3Diamonds P3 4Diamonds P0 JDiamonds P1 6Diamonds 
P0 AHearts P1 JHearts P2 ADiamonds P3 2Hearts 
P0 6Hearts P1 7Hearts P2 JClubs P3 4Hearts 
P2 5Diamonds P3 QDiamonds P0 3Clubs P1 2Clubs 
P0 5Hearts P1 5Clubs P2 6Spades P3 KHearts 
P1 7Clubs P2 AClubs P3 4Clubs P0 KClubs 
P2 KDiamonds P3 QHearts P0 QClubs P1 KSpades 
P0 3Hearts P1 7Spades P2 7Diamonds P3 6Clubs 
-- /GAME --
P0 HAND: 7Diamonds, 4Diamonds, 3Diamonds, 2Clubs, AHearts, JHearts, 5Hearts, 7Spades, 6Spades, 2Spades.
P1 HAND: JDiamonds, QDiamonds, 5Diamonds, KClubs, JClubs, 3Clubs, ASpades, KSpades, JSpades, 3Spades.
P2 HAND: 6Diamonds, AClubs, QClubs, 6Clubs, 6Hearts, 4Hearts, 2Hearts, QSpades, 5Spades, 4Spades.
P3 HAND: ADiamonds, KDiamonds, 2Diamonds, 7Clubs, 5Clubs, 4Clubs, 7Hearts, KHearts, QHearts, 3Hearts.
P1 ASpades P2 4Spades P3 7Clubs P0 6Spades 
P1 3Clubs P2 AClubs P3 4Clubs P0 2Clubs 
P2 2Hearts P3 3Hearts P0 AHearts P1 5Diamonds 
P1 3Spades P2 5Spades P3 5Clubs P0 7Spades 
P0 2Spades P1 JSpades P2 QSpades P3 7Hearts 
P1 JClubs P2 6Clubs P3 QHearts P0 3Diamonds 
P0 5Hearts P1 QDiamonds P2 4Hearts P3 KHearts 
P1 JDiamonds P2 6Diamonds P3 2Diamonds P0 7Diamonds 
P0 JHearts P1 KClubs P2 6Hearts P3 KDiamonds 
P3 ADiamonds P0 4Diamonds P1 KSpades P2 QClubs 
-- /GAME --
P0 HAND: JDiamonds, 6Diamonds, 5Diamonds, AClubs, 2Clubs, 6Hearts, 3Hearts, 2Hearts, ASpades, JSpades.
P1 HAND: ADiamonds, JClubs, 5Clubs, 3Clubs, 7Hearts, JHearts, QHearts, 4Hearts, 7Spades, 6Spades.
P2 HAND: 7Diamonds, KDiamonds, 7Clubs, QClubs, 4Clubs, KHearts, 5Hearts, KSpades, 5Spades, 3Spades.
P3 HAND: QDiamonds, 4Diamonds, 3Diamonds, 2Diamonds, KClubs, 6Clubs, AHearts, QSpades, 4Spades, 2Spades.
P0 AClubs P1 3Clubs P2 7Clubs P3 6Clubs 
P0 ASpades P1 6Spades P2 KSpades P3 2Spades 
P0 2Clubs P1 5Clubs P2 4Clubs P3 KClubs 
P3 AHearts P0 3Hearts P1 7Hearts P2 5Hearts 
P3 4Spades P0 JSpades P1 7Spades P2 3Spades 
P1 4Hearts P2 KHearts P3 QSpades P0 6Hearts 
P2 5Spades P3 2Diamonds P0 2Hearts P1 JClubs 
P3 3Diamonds P0 5Diamonds P1 ADiamonds P2 KDiamonds 
P1 QHearts P2 QClubs P3 4Diamonds P0 JDiamonds 
P0 6Diamonds P1 JHearts P2 7Diamonds P3 QDiamonds 
-- /GAME --
P0 HAND: JDiamonds, QDiamonds, 3Clubs, 7Hearts, QHearts, 5Hearts, 4Hearts, 3Hearts, 4Spades, 3Spades.
P1 HAND: ADiamonds, AClubs, KClubs, JClubs, AHearts, JHearts, ASpades, QSpades, 5Spades, 2Spades.
P2 HAND: 7Diamonds, KDiamonds, 6Diamonds, 5Diamonds, 4Diamonds, 2Diamonds, QClubs, 5Clubs, 4Clubs, 2Clubs.
P3 HAND: 3Diamonds, 7Clubs, 6Clubs, KHearts, 6Hearts, 2Hearts, 7Spades, KSpades, JSpades, 6Spades.
P3 2Hearts P0 3Hearts P1 AHearts P2 2Diamonds 
P2 2Clubs P3 6Clubs P0 3Clubs P1 AClubs 
P1 ASpades P2 4Diamonds P3 6Spades P0 3Spades 
P2 4Clubs P3 7Clubs P0 JDiamonds P1 JClubs 
P0 4Spades P1 2Spades P2 5Clubs P3 7Spades 
P3 6Hearts P0 7Hearts P1 JHearts P2 QClubs 
P0 4Hearts P1 5Spades P2 5Diamonds P3 KHearts 
P2 6Diamonds P3 3Diamonds P0 QDiamonds P1 ADiamonds 
P1 QSpades P2 KDiamonds P3 JSpades P0 QHearts 
P2 7Diamonds P3 KSpades P0 5Hearts P1 KClubs 
-- /GAME --
P0 HAND: KDiamonds, QDiamonds, 6Diamonds, 7Clubs, JClubs, QClubs, 5Clubs, 4Clubs, KSpades, 4Spades.
P1 HAND: JDiamonds, 6Clubs, AHearts, JHearts, 6Hearts, 5Hearts, 4Hearts, 2Hearts, 7Spades, JSpades.
P2 HAND: 7Diamonds, 5Diamonds, 3Diamonds, KClubs, 2Clubs, 7Hearts, KHearts, 3Hearts, ASpades, 5Spades.
P3 HAND: ADiamonds, 4Diamonds, 2Diamonds, AClubs, 3Clubs, QHearts, QSpades, 6Spades, 3Spades, 2Spades.
P2 ASpades P3 2Spades P0 KSpades P1 JSpades 
P2 2Clubs P3 AClubs P0 4Clubs P1 6Clubs 
P3 3Clubs P0 JClubs P1 2Hearts P2 KClubs 
P2 3Hearts P3 QHearts P0 4Spades P1 AHearts 
P1 4Hearts P2 KHearts P3 3Spades P0 7Clubs 
P2 5Spades P3 6Spades P0 6Diamonds P1 7Spades 
P0 QClubs P1 5Hearts P2 3Diamonds P3 QSpades 
P2 5Diamonds P3 2Diamonds P0 QDiamonds P1 JDiamonds 
P1 6Hearts P2 7Hearts P3 4Diamonds P0 KDiamonds 
P0 5Clubs P1 JHearts P2 7Diamonds P3 ADiamonds 
-- /GAME --
P0 HAND: 7Diamonds, 6Diamonds, 5Diamonds, 4Diamonds, AClubs, 4Clubs, QHearts, 6Hearts, 4Hearts, 5Spades.
P1 HAND: ADiamonds, KDiamonds, 2Diamonds, 7Clubs, 2Clubs, 7Hearts, 5Hearts, ASpades, 6Spades, 3Spades.
P2 HAND: QDiamonds, KClubs, JClubs, 6Clubs, AHearts, KHearts, 3Hearts, KSpades, JSpades, QSpades.
P3 HAND: JDiamonds, 3Diamonds, QClubs, 5Clubs, 3Clubs, JHearts, 2Hearts, 7Spades, 4Spades, 2Spades.
P1 ASpades P2 QSpades P3 7Spades 
