-- GAME --
P0 HAND: 7Diamonds, QDiamonds, 3Diamonds, 6Clubs, 4Clubs, 2Clubs, JHearts, 6Hearts, ASpades, 4Spades.
P1 HAND: ADiamonds, JDiamonds, 5Diamonds, 4Diamonds, AHearts, 2Hearts, KSpades, 5Spades, 3Spades, 2Spades.
P2 HAND: 2Diamonds, 7Clubs, KClubs, 5Clubs, 3Clubs, 5Hearts, 4Hearts, 3Hearts, JSpades, 6Spades.
P3 HAND: KDiamonds, 6Diamonds, AClubs, JClubs, QClubs, 7Hearts, KHearts, QHearts, 7Spades, QSpades.
P1 AHearts P2 3Hearts P3 7Hearts P0 6Hearts 
P1 2Hearts P2 4Hearts P3 KHearts P0 JHearts 
P3 AClubs P0 2Clubs P1 KSpades P2 3Clubs 
P3 QClubs P0 4Clubs P1 2Spades P2 7Clubs 
P2 5Clubs P3 JClubs P0 6Clubs P1 5Spades 
P3 QHearts P0 QDiamonds P1 3Spades P2 5Hearts 
P0 3Diamonds P1 4Diamonds P2 2Diamonds P3 6Diamonds 
P3 QSpades P0 ASpades P1 5Diamonds P2 6Spades 
P1 JDiamonds P2 JSpades P3 KDiamonds P0 7Diamonds 
P0 4Spades P1 ADiamonds P2 KClubs P3 7Spades 
-- /GAME --
P0 HAND: JDiamonds, QDiamonds, 2Diamonds, KClubs, 6Clubs, 2Clubs, 4Hearts, KSpades, QSpades, 2Spades.
P1 HAND: KDiamonds, 5Diamonds, 4Diamonds, 3Diamonds, AClubs, 3Clubs, KHearts, 6Spades, 5Spades, 4Spades.
P2 HAND: 7Diamonds, 6Diamonds, QClubs, 4Clubs, AHearts, 5Hearts, 2Hearts, ASpades, 7Spades, 3Spades.
P3 HAND: ADiamonds, 7Clubs, JClubs, 5Clubs, 7Hearts, JHearts, QHearts, 6Hearts, 3Hearts, JSpades.
P0 2Clubs P1 AClubs P2 4Clubs P3 7Clubs 
P1 3Diamonds P2 6Diamonds P3 ADiamonds P0 2Diamonds 
P3 5Clubs P0 KClubs P1 3Clubs P2 QClubs 
P0 6Clubs P1 4Diamonds P2 3Spades P3 JClubs 
P3 JSpades P0 KSpades P1 4Spades P2 ASpades 
P2 2Hearts P3 3Hearts P0 4Hearts P1 KHearts 
P1 5Diamonds P2 7Diamonds P3 6Hearts P0 QDiamonds 
P3 QHearts P0 2Spades P1 5Spades P2 5Hearts 
P3 JHearts P0 JDiamonds P1 6Spades P2 AHearts 
P2 7Spades P3 7Hearts P0 QSpades P1 KDiamonds 
-- /GAME --
P0 HAND: 7Diamonds, 2Clubs, 7Hearts, 5Hearts, 4Hearts, 3Hearts, 2Hearts, 7Spades, KSpades, JSpades.
P1 HAND: ADiamonds, QDiamonds, 6Diamonds, 3Diamonds, QClubs, JHearts, QHearts, QSpades, 6Spades, 4Spades.
P2 HAND: KDiamonds, JDiamonds, 5Diamonds, AClubs, 6Clubs, 5Clubs, 3Clubs, AHearts, 6Hearts, ASpades.
P3 HAND: 4Diamonds, 2Diamonds, 7Clubs, KClubs, JClubs, 4Clubs, KHearts, 5Spades, 3Spades, 2Spades.
P3 2Diamonds P0 7Diamonds P1 ADiamonds P2 5Diamonds 
P1 3Diamonds P2 JDiamonds P3 4Diamonds P0 7Hearts 
P2 AHearts P3 KHearts P0 2Hearts P1 QHearts 
P2 ASpades P3 2Spades P0 7Spades P1 4Spades 
P2 6Hearts P3 3Spades P0 3Hearts P1 JHearts 
P1 6Diamonds P2 KDiamonds P3 5Spades P0 KSpades 
P2 3Clubs 
