-- GAME --
P0 6Clubs P1 4Clubs P2 5Clubs 
P3 2Clubs P0 3Clubs P1 3Diamonds P2 KClubs 
P2 4Diamonds P3 QClubs P0 2Diamonds P1 7Diamonds 
P1 3Spades P2 QSpades P3 3Hearts P0 4Spades 
P3 4Hearts P0 5Hearts P1 QHearts P2 6Hearts 
P1 5Diamonds P2 QDiamonds P3 KHearts P0 5Spades 
P3 7Hearts P0 JHearts P1 6Diamonds P2 JClubs 
P3 AHearts P0 6Spades P1 JDiamonds P2 KDiamonds 
P3 7Clubs P0 JSpades P1 KSpades P2 ADiamonds 
-- /GAME --
P0 HAND: KDiamonds, JDiamonds, 2Diamonds, AClubs, 7Clubs, JHearts, ASpades, 7Spades, JSpades, 3Spades.
P1 HAND: 6Diamonds, 4Diamonds, 3Diamonds, KClubs, JClubs, QHearts, 6Hearts, 3Hearts, 5Spades, 4Spades.
P2 HAND: ADiamonds, 7Diamonds, QDiamonds, 5Diamonds, 5Clubs, 4Clubs, AHearts, 7Hearts, 5Hearts, 2Hearts.
P3 HAND: QClubs, 6Clubs, 3Clubs, 2Clubs, KHearts, 4Hearts, KSpades, QSpades, 6Spades, 2Spades.
P3 2Spades P0 ASpades P1 4Spades P2 ADiamonds 
P0 2Diamonds P1 3Diamonds P2 7Diamonds P3 2Clubs 
P3 4Hearts P0 JHearts P1 3Hearts P2 AHearts 
P2 2Hearts P3 KHearts P0 3Spades P1 QHearts 
P3 6Spades P0 7Spades P1 5Spades P2 7Hearts 
P0 JSpades P1 4Diamonds P2 5Diamonds P3 KSpades 
P3 QSpades P0 7Clubs P1 6Diamonds P2 QDiamonds 
P0 KDiamonds P1 6Hearts P2 5Hearts P3 3Clubs 
P3 6Clubs P0 AClubs P1 JClubs P2 4Clubs 
P0 JDiamonds P1 KClubs P2 5Clubs P3 QClubs 
-- /GAME --
P0 HAND: ADiamonds, QDiamonds, 4Diamonds, 3Diamonds, 6Clubs, QHearts, KSpades, 6Spades, 5Spades, 4Spades.
P1 HAND: 6Diamonds, 5Diamonds, 2Diamonds, AClubs, QClubs, AHearts, 7Hearts, JHearts, JSpades, 2Spades.
P2 HAND: 7Diamonds, JDiamonds, JClubs, 2Clubs, KHearts, 5Hearts, 4Hearts, 2Hearts, ASpades, QSpades.
P3 HAND: KDiamonds, 7Clubs, KClubs, 5Clubs, 4Clubs, 3Clubs, 6Hearts, 3Hearts, 7Spades, 3Spades.
P2 ASpades P3 3Spades P0 KSpades P1 2Spades 
P2 2Clubs P3 3Clubs P0 6Clubs P1 AClubs 
P1 2Diamonds P2 JDiamonds P3 KDiamonds P0 ADiamonds 
P0 5Spades P1 JSpades P2 QSpades P3 7Spades 
P3 4Clubs P0 3Diamonds P1 QClubs P2 JClubs 
P2 2Hearts P3 3Hearts P0 QHearts P1 JHearts 
P1 5Diamonds P2 7Diamonds P3 6Hearts P0 4Diamonds 
P3 5Clubs P0 6Spades P1 6Diamonds P2 4Hearts 
P2 5Hearts P3 KClubs P0 4Spades P1 7Hearts 
P1 AHearts P2 KHearts P3 7Clubs P0 QDiamonds 
-- /GAME --
P0 HAND: ADiamonds, KDiamonds, JDiamonds, 5Diamonds, KClubs, 3Clubs, 2Clubs, JHearts, 3Hearts, 2Spades.
P1 HAND: 6Diamonds, 2Diamonds, 6Clubs, 4Clubs, KHearts, 7Spades, KSpades, JSpades, 5Spades, 4Spades.
P2 HAND: 7Diamonds, 4Diamonds, AClubs, JClubs, QClubs, 5Clubs, QHearts, 5Hearts, 2Hearts, 6Spades.
P3 HAND: QDiamonds, 3Diamonds, 7Clubs, AHearts, 7Hearts, 6Hearts, 4Hearts, ASpades, QSpades, 3Spades.
P1 4Clubs P2 AClubs P3 7Clubs P0 KClubs 
P2 2Hearts P3 AHearts P0 3Hearts P1 KHearts 
P3 ASpades P0 2Spades P1 7Spades P2 6Spades 
P3 3Spades P0 2Clubs P1 4Spades P2 5Clubs 
P1 5Spades P2 5Hearts P3 QSpades P0 3Clubs 
P3 4Hearts P0 JHearts P1 6Clubs P2 QHearts 
P0 5Diamonds P1 2Diamonds P2 4Diamonds P3 3Diamonds 
P0 JDiamonds P1 6Diamonds P2 7Diamonds P3 QDiamonds 
P2 QClubs P3 6Hearts P0 KDiamonds P1 JSpades 
P0 ADiamonds P1 KSpades P2 JClubs P3 7Hearts 
-- /GAME --
P0 HAND: ADiamonds, KDiamonds, KClubs, 7Hearts, KHearts, 4Hearts, 3Hearts, ASpades, KSpades, QSpades.
P1 HAND: 5Diamonds, 3Diamonds, QClubs, 4Clubs, 2Clubs, AHearts, JHearts, 6Hearts, JSpades, 3Spades.
P2 HAND: 7Diamonds, JDiamonds, QDiamonds, 4Diamonds, AClubs, 7Clubs, JClubs, 5Clubs, 5Hearts, 6Spades.
P3 HAND: 6Diamonds, 2Diamonds, 6Clubs, 3Clubs, QHearts, 2Hearts, 7Spades, 5Spades, 4Spades, 2Spades.
P1 AHearts P2 5Hearts P3 QHearts P0 3Hearts 
P1 2Clubs P2 AClubs P3 3Clubs P0 KClubs 
P2 4Diamonds P3 2Diamonds P0 ADiamonds P1 3Diamonds 
P0 7Hearts P1 6Hearts P2 7Diamonds P3 2Hearts 
P0 KDiamonds P1 5Diamonds P2 QDiamonds P3 6Diamonds 
P0 QSpades P1 3Spades P2 6Spades P3 2Spades 
P0 KHearts P1 JHearts P2 5Clubs P3 4Spades 
P3 6Clubs P0 4Hearts P1 4Clubs P2 7Clubs 
P2 JDiamonds P3 5Spades P0 KSpades P1 QClubs 
P0 ASpades P1 JSpades P2 JClubs P3 7Spades 
-- /GAME --
P0 HAND: 4Diamonds, 3Diamonds, 2Diamonds, 6Clubs, 7Hearts, KHearts, 6Hearts, QSpades, 6Spades, 5Spades.
P1 HAND: 6Diamonds, 5Diamonds, AClubs, QHearts, 5Hearts, 3Hearts, ASpades, 7Spades, 4Spades, 3Spades.
P2 HAND: ADiamonds, 7Diamonds, JDiamonds, QDiamonds, KClubs, 4Clubs, 3Clubs, AHearts, JHearts, 2Spades.
P3 HAND: KDiamonds, 7Clubs, JClubs, QClubs, 5Clubs, 2Clubs, 4Hearts, 2Hearts, KSpades, JSpades.
P0 6Clubs P1 AClubs P2 3Clubs P3 7Clubs 
P1 ASpades P2 2Spades P3 KSpades P0 5Spades 
P1 3Hearts P2 AHearts P3 2Hearts P0 7Hearts 
P2 4Clubs P3 2Clubs P0 2Diamonds P1 3Spades 
P0 6Spades P1 4Spades P2 QDiamonds P3 JSpades 
P2 JHearts P3 4Hearts P0 KHearts P1 5Hearts 
P0 QSpades P1 7Spades P2 JDiamonds P3 KDiamonds 
P3 5Clubs P0 6Hearts P1 QHearts P2 KClubs 
P2 7Diamonds P3 QClubs P0 3Diamonds P1 5Diamonds 
P2 ADiamonds P3 JClubs P0 4Diamonds 
