-- GAME --
P0 HAND: 7Diamonds, 3Diamonds, QClubs, 6Clubs, 4Clubs, KHearts, JHearts, QHearts, 6Spades, 4Spades.
P1 HAND: 7Clubs, 5Clubs, 2Clubs, AHearts, 6Hearts, 4Hearts, 7Spades, QSpades, 5Spades, 3Spades.
P2 HAND: KDiamonds, 6Diamonds, 2Diamonds, KClubs, JClubs, 3Clubs, 7Hearts, 5Hearts, KSpades, JSpades.
P3 HAND: ADiamonds, JDiamonds, QDiamonds, 5Diamonds, 4Diamonds, AClubs, 3Hearts, 2Hearts, ASpades, 2Spades.
P3 2Hearts P0 JHearts P1 AHearts P2 5Hearts 
P1 2Clubs P2 3Clubs P3 AClubs P0 4Clubs 
P3 3Hearts P0 KHearts P1 4Hearts P2 7Hearts 
P2 2Diamonds P3 ADiamonds P0 3Diamonds P1 7Clubs 
P3 4Diamonds P0 7Diamonds P1 3Spades P2 6Diamonds 
P1 5Clubs P2 JClubs P3 5Diamonds P0 QClubs 
P2 JSpades P3 2Spades P0 4Spades P1 5Spades 
P2 KSpades P3 ASpades P0 6Spades P1 QSpades 
P3 QDiamonds P0 6Clubs P1 6Hearts P2 KDiamonds 
P2 KClubs P3 JDiamonds P0 QHearts P1 7Spades 
-- /GAME --
P0 HAND: ADiamonds, 3Diamonds, AClubs, 5Clubs, 6Hearts, KSpades, JSpades, 6Spades, 5Spades, 4Spades.
P1 HAND: 7Diamonds, 6Diamonds, 2Diamonds, 7Clubs, JClubs, 4Clubs, AHearts, 7Hearts, 2Hearts, ASpades.
P2 HAND: KDiamonds, QDiamonds, 5Diamonds, 4Diamonds, KClubs, 6Clubs, JHearts, 5Hearts, 3Hearts, 3Spades.
P3 HAND: JDiamonds, QClubs, 3Clubs, 2Clubs, KHearts, QHearts, 4Hearts, 7Spades, QSpades, 2Spades.
P2 3Spades P3 2Spades P0 JSpades P1 ASpades 
P1 2Diamonds P2 4Diamonds P3 JDiamonds P0 ADiamonds 
P0 AClubs P1 4Clubs P2 KClubs P3 2Clubs 
P0 3Diamonds P1 6Diamonds P2 5Diamonds P3 7Spades 
P1 JClubs P2 6Clubs P3 3Clubs P0 5Clubs 
P1 2Hearts P2 3Hearts P3 4Hearts P0 6Hearts 
P0 KSpades P1 7Hearts P2 QDiamonds P3 QSpades 
P1 AHearts P2 5Hearts P3 QHearts P0 6Spades 
P1 7Diamonds P2 KDiamonds P3 KHearts P0 5Spades 
P3 QClubs P0 4Spades P1 7Clubs P2 JHearts 
-- /GAME --
P0 HAND: JDiamonds, QDiamonds, 4Diamonds, 3Diamonds, 6Hearts, 4Hearts, 2Hearts, KSpades, 6Spades, 3Spades.
P1 HAND: 6Diamonds, 2Diamonds, KClubs, QClubs, 4Clubs, 3Clubs, AHearts, QHearts, JSpades, QSpades.
P2 HAND: ADiamonds, 7Diamonds, KDiamonds, JClubs, 6Clubs, 2Clubs, KHearts, 5Hearts, ASpades, 7Spades.
P3 HAND: 5Diamonds, AClubs, 7Clubs, 5Clubs, 7Hearts, JHearts, 3Hearts, 5Spades, 4Spades, 2Spades.
P1 AHearts P2 5Hearts P3 7Hearts P0 6Hearts 
P1 3Clubs P2 2Clubs P3 AClubs P0 3Diamonds 
P0 4Hearts P1 QHearts P2 KHearts P3 3Hearts 
P2 ASpades P3 2Spades P0 KSpades P1 QSpades 
P2 6Clubs P3 5Clubs P0 4Diamonds P1 4Clubs 
P0 2Hearts P1 QClubs P2 KDiamonds P3 JHearts 
P2 JClubs P3 7Clubs P0 QDiamonds P1 KClubs 
P0 6Spades P1 JSpades P2 7Spades P3 4Spades 
P2 7Diamonds P3 5Diamonds P0 JDiamonds P1 2Diamonds 
P2 ADiamonds P3 5Spades P0 3Spades P1 6Diamonds 
-- /GAME --
P0 HAND: 7Diamonds, 6Diamonds, 4Diamonds, 4Clubs, 3Clubs, QHearts, 6Hearts, 5Hearts, 3Hearts, 2Hearts.
P1 HAND: JDiamonds, 2Diamonds, KClubs, 6Clubs, AHearts, 7Hearts, JHearts, 4Hearts, 6Spades, 4Spades.
P2 HAND: QDiamonds, AClubs, 5Clubs, 2Clubs, ASpades, 7Spades, JSpades, QSpades, 5Spades, 3Spades.
P3 HAND: ADiamonds, KDiamonds, 5Diamonds, 3Diamonds, 7Clubs, JClubs, QClubs, KHearts, KSpades, 2Spades.
P0 4Clubs P1 6Clubs P2 AClubs P3 QClubs 
P2 2Clubs P3 JClubs P0 3Clubs P1 KClubs 
P1 AHearts P2 QDiamonds P3 KHearts P0 QHearts 
P2 3Spades P3 2Spades P0 4Diamonds P1 4Spades 
P0 6Hearts P1 4Hearts P2 5Clubs P3 3Diamonds 
P3 5Diamonds P0 7Diamonds P1 2Diamonds P2 ASpades 
P0 5Hearts P1 JHearts P2 5Spades P3 7Clubs 
P1 6Spades P2 QSpades P3 KSpades P0 6Diamonds 
P0 3Hearts P1 7Hearts P2 JSpades P3 KDiamonds 
P3 ADiamonds P0 2Hearts P1 JDiamonds P2 7Spades 
-- /GAME --
P0 HAND: QDiamonds, 6Diamonds, 4Diamonds, 3Diamonds, KClubs, 6Clubs, 4Hearts, 3Hearts, JSpades, 5Spades.
P1 HAND: JDiamonds, QClubs, KHearts, 6Hearts, 2Hearts, ASpades, 7Spades, QSpades, 6Spades, 4Spades.
P2 HAND: ADiamonds, 5Diamonds, 2Diamonds, AClubs, 7Clubs, 5Clubs, 2Clubs, AHearts, 7Hearts, 2Spades.
P3 HAND: 7Diamonds, KDiamonds, JClubs, 4Clubs, 3Clubs, JHearts, QHearts, 5Hearts, KSpades, 3Spades.
P2 ADiamonds P3 KDiamonds P0 QDiamonds P1 JDiamonds 
P2 AClubs P3 3Clubs P0 KClubs P1 QClubs 
P2 AHearts P3 5Hearts P0 4Hearts P1 2Hearts 
P2 2Diamonds P3 7Diamonds P0 3Diamonds P1 KHearts 
P3 4Clubs P0 6Clubs P1 6Hearts P2 7Clubs 
P2 2Clubs P3 JClubs P0 JSpades P1 7Spades 
P1 4Spades P2 2Spades P3 3Spades P0 5Spades 
P0 6Diamonds P1 6Spades P2 5Diamonds P3 JHearts 
P1 QSpades P2 5Clubs P3 KSpades P0 3Hearts 
P3 QHearts P0 4Diamonds P1 ASpades P2 7Hearts 
-- /GAME --
P0 HAND: QDiamonds, 4Diamonds, AClubs, 7Clubs, KClubs, QClubs, AHearts, QHearts, ASpades, 5Spades.
P1 HAND: KDiamonds, 3Diamonds, 3Clubs, 2Clubs, KHearts, 5Hearts, KSpades, JSpades, 6Spades, 3Spades.
P2 HAND: ADiamonds, 7Diamonds, 6Diamonds, 5Clubs, JHearts, 6Hearts, 4Hearts, 2Hearts, 7Spades, 4Spades.
P3 HAND: JDiamonds, 5Diamonds, 2Diamonds, JClubs, 6Clubs, 4Clubs, 7Hearts, 3Hearts, QSpades, 2Spades.
P1 3Diamonds P2 ADiamonds P3 2Diamonds P0 QDiamonds 
P2 2Hearts P3 3Hearts P0 AHearts P1 5Hearts 
P0 4Diamonds P1 KDiamonds P2 7Diamonds P3 5Diamonds 
P2 4Hearts P3 7Hearts P0 QHearts P1 KHearts 
P3 2Spades P0 ASpades P1 3Spades P2 7Spades 
P0 5Spades P1 6Spades P2 4Spades P3 QSpades 
P3 JDiamonds P0 QClubs P1 JSpades P2 6Diamonds 
P0 KClubs P1 2Clubs P2 5Clubs P3 4Clubs 
P0 7Clubs P1 3Clubs P2 6Hearts P3 6Clubs 
P0 AClubs P1 KSpades P2 JHearts P3 JClubs 
-- /GAME --
P0 HAND: ADiamonds, KDiamonds, JDiamonds, 6Diamonds, 4Clubs, 2Clubs, AHearts, 7Hearts, 3Hearts, 2Hearts.
P1 HAND: 4Diamonds, 3Diamonds, KClubs, JClubs, 5Clubs, 3Clubs, QHearts, 7Spades, 6Spades, 3Spades.
P2 HAND: QDiamonds, 5Diamonds, 7Clubs, KHearts, JHearts, 6Hearts, 5Hearts, 4Hearts, 5Spades, 4Spades.
P3 HAND: 7Diamonds, 2Diamonds, AClubs, QClubs, 6Clubs, ASpades, KSpades, JSpades, QSpades, 2Spades.
P0 4Clubs P1 3Clubs P2 7Clubs P3 AClubs 
P3 2Diamonds 
