-- GAME --
P0 HAND: JDiamonds, 3Diamonds, 7Clubs, 7Hearts, KHearts, JHearts, 4Hearts, KSpades, 3Spades, 2Spades.
P1 HAND: ADiamonds, 6Diamonds, 2Diamonds, AClubs, 5Clubs, AHearts, QHearts, 3Hearts, 5Spades, 4Spades.
P2 HAND: 7Diamonds, QDiamonds, KClubs, JClubs, 3Clubs, 2Clubs, 5Hearts, 7Spades, JSpades, QSpades.
P3 HAND: KDiamonds, 5Diamonds, 4Diamonds, QClubs, 6Clubs, 4Clubs, 6Hearts, 2Hearts, ASpades, 6Spades.
P2 5Hearts P3 2Hearts P0 4Hearts P1 AHearts 
P1 ADiamonds P2 QDiamonds P3 KDiamonds P0 3Diamonds 
P1 2Diamonds P2 7Diamonds P3 4Diamonds P0 JDiamonds 
P2 QSpades P3 ASpades P0 2Spades P1 5Spades 
P3 5Diamonds P0 7Clubs P1 6Diamonds P2 7Spades 
P0 KSpades P1 4Spades P2 JSpades P3 6Spades 
P0 7Hearts P1 3Hearts P2 2Clubs P3 6Hearts 
P2 3Clubs P3 4Clubs P0 3Spades P1 5Clubs 
P1 QHearts P2 JClubs P3 6Clubs P0 KHearts 
P2 KClubs P3 QClubs P0 JHearts P1 AClubs 
-- /GAME --
P0 HAND: JDiamonds, 4Diamonds, AClubs, 6Clubs, 3Clubs, QHearts, 6Hearts, 2Hearts, ASpades, 5Spades.
P1 HAND: QDiamonds, 7Clubs, QClubs, 4Clubs, 2Clubs, AHearts, 7Hearts, 4Hearts, 3Hearts, KSpades.
P2 HAND: ADiamonds, 7Diamonds, KDiamonds, 5Diamonds, 5Clubs, KHearts, 5Hearts, 7Spades, 3Spades, 2Spades.
P3 HAND: 6Diamonds, 3Diamonds, 2Diamonds, KClubs, JClubs, JHearts, JSpades, QSpades, 6Spades, 4Spades.
P1 AHearts P2 5Hearts P3 JHearts P0 2Hearts 
P1 2Clubs P2 5Clubs P3 JClubs P0 AClubs 
P0 ASpades P1 KSpades P2 7Spades P3 4Spades 
P0 6Hearts P1 3Hearts P2 KHearts P3 6Spades 
P2 2Spades P3 QSpades P0 5Spades P1 7Clubs 
P3 JSpades P0 JDiamonds P1 4Clubs P2 3Spades 
P0 QHearts P1 4Hearts P2 5Diamonds P3 2Diamonds 
P2 KDiamonds P3 3Diamonds P0 4Diamonds P1 QDiamonds 
P2 7Diamonds P3 6Diamonds P0 6Clubs P1 QClubs 
P2 ADiamonds P3 KClubs P0 3Clubs P1 7Hearts 
-- /GAME --
P0 HAND: QDiamonds, KClubs, JClubs, 5Clubs, QHearts, 6Hearts, 3Hearts, 2Hearts, 6Spades, 2Spades.
P1 HAND: ADiamonds, KDiamonds, 7Clubs, QClubs, 3Clubs, 2Clubs, AHearts, 7Spades, KSpades, 3Spades.
P2 HAND: 7Diamonds, JDiamonds, 6Diamonds, 3Diamonds, AClubs, JHearts, 5Hearts, ASpades, JSpades, 5Spades.
P3 HAND: 5Diamonds, 4Diamonds, 2Diamonds, 6Clubs, 4Clubs, 7Hearts, KHearts, 4Hearts, QSpades, 4Spades.
P0 5Clubs P1 2Clubs P2 AClubs P3 4Clubs 
P2 ASpades P3 4Spades P0 2Spades P1 3Spades 
P2 3Diamonds P3 2Diamonds P0 QDiamonds P1 ADiamonds 
P1 AHearts P2 5Hearts P3 7Hearts P0 2Hearts 
P1 3Clubs P2 5Spades P3 6Clubs P0 KClubs 
P0 6Spades P1 KSpades P2 JSpades P3 QSpades 
P1 QClubs P2 6Diamonds P3 4Diamonds P0 JClubs 
P0 6Hearts P1 7Clubs P2 JHearts P3 KHearts 
P1 KDiamonds P2 JDiamonds P3 5Diamonds P0 3Hearts 
P1 7Spades P2 7Diamonds P3 4Hearts P0 QHearts 
-- /GAME --
P0 HAND: KClubs, JClubs, 5Clubs, 3Clubs, 6Hearts, ASpades, 7Spades, 6Spades, 3Spades, 2Spades.
P1 HAND: JDiamonds, QDiamonds, 5Diamonds, 4Diamonds, 3Diamonds, AHearts, KHearts, JHearts, 4Hearts, JSpades.
P2 HAND: 2Diamonds, 7Clubs, QClubs, 7Hearts, 5Hearts, 3Hearts, 2Hearts, KSpades, 5Spades, 4Spades.
P3 HAND: ADiamonds, 7Diamonds, KDiamonds, 6Diamonds, AClubs, 6Clubs, 4Clubs, 2Clubs, QHearts, QSpades.
P3 ADiamonds P0 6Hearts P1 3Diamonds P2 2Diamonds 
P0 2Spades P1 JSpades P2 4Spades P3 QSpades 
P1 4Diamonds P2 5Spades P3 6Diamonds P0 3Spades 
P3 AClubs P0 3Clubs P1 JDiamonds P2 QClubs 
P3 2Clubs P0 KClubs P1 5Diamonds P2 7Clubs 
P2 2Hearts P3 QHearts P0 5Clubs P1 4Hearts 
P3 4Clubs P0 JClubs P1 QDiamonds P2 KSpades 
P0 ASpades P1 JHearts P2 7Hearts P3 6Clubs 
P2 3Hearts P3 KDiamonds P0 6Spades P1 KHearts 
P1 AHearts P2 5Hearts P3 7Diamonds P0 7Spades 
-- /GAME --
P0 HAND: 7Diamonds, KDiamonds, 3Diamonds, AClubs, KClubs, AHearts, QHearts, 6Hearts, 7Spades, KSpades.
P1 HAND: ADiamonds, 6Diamonds, QClubs, 5Hearts, 4Hearts, 2Hearts, ASpades, QSpades, 5Spades, 3Spades.
P2 HAND: QDiamonds, 4Diamonds, JClubs, 5Clubs, 4Clubs, KHearts, JHearts, JSpades, 6Spades, 4Spades.
P3 HAND: JDiamonds, 5Diamonds, 2Diamonds, 7Clubs, 6Clubs, 3Clubs, 2Clubs, 7Hearts, 3Hearts, 2Spades.
P2 4Clubs P3 2Clubs P0 AClubs P1 QClubs 
P0 AHearts P1 2Hearts P2 KHearts P3 3Hearts 
P0 KClubs P1 3Spades P2 5Clubs P3 7Clubs 
P3 2Spades P0 7Spades P1 ASpades P2 4Spades 
P1 4Hearts P2 JHearts P3 7Hearts P0 6Hearts 
P3 3Clubs P0 QHearts P1 5Hearts P2 JClubs 
P2 6Spades P3 6Clubs P0 KSpades P1 5Spades 
P0 3Diamonds P1 6Diamonds P2 4Diamonds P3 2Diamonds 
P1 QSpades P2 JSpades P3 5Diamonds P0 7Diamonds 
P0 KDiamonds P1 ADiamonds P2 QDiamonds P3 JDiamonds 
-- /GAME --
P0 HAND: JDiamonds, 2Diamonds, 6Clubs, KHearts, JHearts, QHearts, 2Hearts, QSpades, 6Spades, 3Spades.
P1 HAND: 6Diamonds, 4Diamonds, 3Diamonds, 7Clubs, QClubs, 7Hearts, 4Hearts, 3Hearts, ASpades, 2Spades.
P2 HAND: ADiamonds, KDiamonds, QDiamonds, 5Diamonds, KClubs, JClubs, 4Clubs, 3Clubs, KSpades, 5Spades.
P3 HAND: 7Diamonds, AClubs, 5Clubs, 2Clubs, AHearts, 6Hearts, 5Hearts, 7Spades, JSpades, 4Spades.

