-- GAME --
P0 HAND: 6Diamonds, AClubs, JClubs, 6Clubs, QHearts, 6Hearts, 3Hearts, ASpades, 6Spades, 4Spades.
P1 HAND: 7Diamonds, QDiamonds, 5Clubs, JHearts, 5Hearts, 4Hearts, 7Spades, KSpades, JSpades, 2Spades.
P2 HAND: ADiamonds, JDiamonds, 3Diamonds, 7Clubs, KClubs, 4Clubs, 3Clubs, KHearts, 2Hearts, 3Spades.
P3 HAND: KDiamonds, 5Diamonds, 4Diamonds, 2Diamonds, QClubs, 2Clubs, AHearts, 7Hearts, QSpades, 5Spades.
P1 4Hearts P2 2Hearts P3 AHearts P0 3Hearts 
P3 2Diamonds P0 6Diamonds P1 QDiamonds P2 ADiamonds 
P2 3Diamonds P3 4Diamonds P0 6Hearts P1 7Diamonds 
P1 5Clubs P2 3Clubs P3 2Clubs P0 JClubs 
P0 6Spades P1 2Spades P2 3Spades P3 5Spades 
P0 4Spades P1 JSpades P2 4Clubs P3 QSpades 
P1 5Hearts P2 KHearts P3 7Hearts P0 QHearts 
P3 5Diamonds P0 6Clubs P1 KSpades P2 JDiamonds 
P1 JHearts P2 KClubs P3 QClubs P0 AClubs 
P1 7Spades P2 7Clubs P3 KDiamonds P0 ASpades 
-- /GAME --
P0 HAND: KDiamonds, 7Clubs, 6Clubs, 3Clubs, KHearts, QHearts, 4Hearts, ASpades, JSpades, 5Spades.
P1 HAND: 7Diamonds, 6Diamonds, 4Diamonds, 4Clubs, 2Clubs, 7Hearts, JHearts, 3Hearts, 7Spades, 6Spades.
P2 HAND: ADiamonds, JDiamonds, 3Diamonds, AClubs, KClubs, JClubs, QClubs, 5Hearts, 4Spades, 2Spades.
P3 HAND: QDiamonds, 5Diamonds, 2Diamonds, 5Clubs, AHearts, 6Hearts, 2Hearts, KSpades, QSpades, 3Spades.
P0 ASpades P1 6Spades P2 4Spades P3 3Spades 
P0 4Hearts P1 3Hearts P2 5Hearts P3 AHearts 
P3 2Hearts P0 QHearts P1 7Hearts P2 3Diamonds 
P2 AClubs P3 5Clubs P0 7Clubs P1 2Clubs 
P2 2Spades P3 QSpades P0 JSpades P1 7Spades 
P1 4Clubs P2 QClubs P3 6Hearts P0 3Clubs 
P2 JClubs P3 2Diamonds P0 6Clubs P1 JHearts 
P3 5Diamonds P0 KDiamonds P1 4Diamonds P2 JDiamonds 
P0 5Spades P1 6Diamonds P2 ADiamonds P3 KSpades 
P2 KClubs P3 QDiamonds P0 KHearts P1 7Diamonds 
-- /GAME --
P0 HAND: KDiamonds, QDiamonds, 5Diamonds, AClubs, 6Clubs, 2Clubs, AHearts, 7Hearts, 4Hearts, 6Spades.
P1 HAND: JDiamonds, 6Diamonds, 4Diamonds, 2Diamonds, JClubs, KHearts, QHearts, QSpades, 4Spades, 3Spades.
P2 HAND: 7Clubs, KClubs, 3Clubs, 6Hearts, 5Hearts, 2Hearts, ASpades, KSpades, 5Spades, 2Spades.
P3 HAND: ADiamonds, 7Diamonds, 3Diamonds, QClubs, 5Clubs, 4Clubs, JHearts, 3Hearts, 7Spades, JSpades.
P3 ADiamonds P0 5Diamonds P1 JDiamonds P2 2Hearts 
P2 ASpades P3 JSpades P0 6Spades P1 3Spades 
P2 2Spades P3 7Spades 
