-- GAME --
P0 QClubs P1 JDiamonds P2 JClubs 
P1 KDiamonds P2 KClubs P3 5Diamonds P0 4Clubs 
P1 ADiamonds P2 7Hearts P3 7Diamonds P0 2Clubs 
-- /GAME --
P0 HAND: 4Diamonds, AClubs, 6Clubs, 5Clubs, 2Clubs, 7Hearts, QHearts, 6Hearts, QSpades, 2Spades.
P1 HAND: 5Diamonds, 3Diamonds, 2Diamonds, 3Clubs, AHearts, JHearts, 5Hearts, 3Hearts, 7Spades, 3Spades.
P2 HAND: ADiamonds, KDiamonds, QDiamonds, 7Clubs, KClubs, JClubs, QClubs, 4Clubs, ASpades, 5Spades.
P3 HAND: 7Diamonds, JDiamonds, 6Diamonds, KHearts, 4Hearts, 2Hearts, KSpades, JSpades, 6Spades, 4Spades.
P1 AHearts P2 4Clubs P3 2Hearts P0 7Hearts 
P2 ADiamonds P3 6Diamonds P0 4Diamonds P1 2Diamonds 
P2 ASpades P3 4Spades P0 QSpades P1 3Spades 
P2 5Spades P3 6Spades P0 2Spades P1 7Spades 
P1 3Diamonds P2 QDiamonds P3 7Diamonds P0 2Clubs 
P0 QHearts P1 3Hearts P2 QClubs P3 4Hearts 
P2 JClubs P3 JDiamonds P0 5Clubs P1 3Clubs 
P2 KClubs P3 JSpades P0 6Clubs P1 5Diamonds 
P2 7Clubs P3 KHearts P0 AClubs P1 5Hearts 
P0 6Hearts P1 JHearts P2 KDiamonds P3 KSpades 
-- /GAME --
P0 HAND: JDiamonds, 6Clubs, 4Clubs, 7Hearts, QHearts, 4Hearts, 7Spades, KSpades, QSpades, 6Spades.
P1 HAND: ADiamonds, 7Diamonds, 5Diamonds, 3Diamonds, 2Diamonds, KClubs, KHearts, 6Hearts, 2Hearts, 2Spades.
P2 HAND: KDiamonds, 6Diamonds, AClubs, 7Clubs, QClubs, 5Clubs, 5Hearts, ASpades, JSpades, 3Spades.
P3 HAND: QDiamonds, 4Diamonds, JClubs, 3Clubs, 2Clubs, AHearts, JHearts, 3Hearts, 5Spades, 4Spades.
P0 JDiamonds P1 ADiamonds P2 6Diamonds P3 QDiamonds 
P1 2Diamonds P2 KDiamonds P3 4Diamonds P0 7Spades 
P2 AClubs P3 2Clubs P0 6Clubs P1 KClubs 
P2 ASpades P3 4Spades P0 KSpades P1 2Spades 
P2 3Spades P3 5Spades P0 6Spades P1 3Diamonds 
P0 QSpades P1 5Diamonds P2 JSpades P3 3Hearts 
P3 3Clubs P0 4Clubs P1 2Hearts P2 5Clubs 
P1 6Hearts P2 5Hearts P3 JHearts P0 7Hearts 
P0 4Hearts P1 KHearts P2 QClubs P3 AHearts 
P3 JClubs P0 QHearts P1 7Diamonds P2 7Clubs 
-- /GAME --
P0 HAND: ADiamonds, 7Diamonds, 3Diamonds, AClubs, 7Clubs, 3Clubs, KHearts, KSpades, 4Spades, 3Spades.
P1 HAND: JClubs, 6Clubs, 4Clubs, AHearts, 7Hearts, ASpades, 7Spades, QSpades, 5Spades, 2Spades.
P2 HAND: KDiamonds, JDiamonds, 5Diamonds, 2Diamonds, KClubs, QClubs, JHearts, 6Hearts, 4Hearts, 2Hearts.
P3 HAND: QDiamonds, 6Diamonds, 4Diamonds, 5Clubs, 2Clubs, QHearts, 5Hearts, 3Hearts, JSpades, 6Spades.
P3 2Clubs P0 AClubs P1 4Clubs P2 KClubs 
P0 ADiamonds P1 7Hearts P2 2Diamonds P3 QDiamonds 
P1 2Spades P2 5Diamonds P3 6Spades P0 KSpades 
P0 3Clubs P1 6Clubs P2 QClubs P3 5Clubs 
P2 JDiamonds P3 4Diamonds P0 7Diamonds P1 AHearts 
P1 5Spades P2 2Hearts P3 JSpades P0 4Spades 
P2 4Hearts P3 3Hearts P0 KHearts P1 QSpades 
P0 7Clubs P1 JClubs P2 6Hearts P3 QHearts 
P3 6Diamonds P0 3Diamonds P1 7Spades P2 KDiamonds 
P2 JHearts P3 5Hearts P0 3Spades P1 ASpades 
-- /GAME --
P0 HAND: 7Diamonds, 6Diamonds, 5Diamonds, AClubs, 6Clubs, KHearts, 5Hearts, 3Hearts, 6Spades, 3Spades.
P1 HAND: 2Diamonds, KClubs, 5Clubs, 4Clubs, JHearts, 6Hearts, ASpades, 7Spades, KSpades, JSpades.
P2 HAND: KDiamonds, JDiamonds, 4Diamonds, 7Clubs, JClubs, AHearts, 7Hearts, 2Hearts, QSpades, 4Spades.
P3 HAND: ADiamonds, QDiamonds, 3Diamonds, QClubs, 3Clubs, 2Clubs, QHearts, 4Hearts, 5Spades, 2Spades.
P2 AHearts P3 4Hearts P0 KHearts P1 6Hearts 
P2 2Hearts P3 QHearts P0 5Hearts P1 JHearts 
P1 2Diamonds P2 4Diamonds P3 ADiamonds P0 5Diamonds 
P3 2Clubs P0 AClubs P1 4Clubs P2 7Clubs 
P0 6Clubs P1 5Clubs P2 JClubs P3 3Clubs 
P2 JDiamonds P3 3Diamonds P0 7Diamonds P1 JSpades 
P1 KSpades P2 4Spades P3 2Spades P0 3Spades 
P1 7Spades P2 QSpades P3 5Spades P0 6Spades 
P1 ASpades P2 KDiamonds P3 QDiamonds P0 3Hearts 
P1 KClubs P2 7Hearts P3 QClubs P0 6Diamonds 
-- /GAME --
P0 HAND: 6Diamonds, 5Diamonds, 4Diamonds, 3Diamonds, KClubs, 5Clubs, 3Clubs, JHearts, 3Spades, 2Spades.
P1 HAND: QDiamonds, AClubs, QClubs, KHearts, 3Hearts, 2Hearts, 7Spades, QSpades, 5Spades, 4Spades.
P2 HAND: JDiamonds, 2Diamonds, 7Clubs, JClubs, 2Clubs, AHearts, 7Hearts, 4Hearts, KSpades, JSpades.
P3 HAND: ADiamonds, 7Diamonds, KDiamonds, 6Clubs, 4Clubs, QHearts, 6Hearts, 5Hearts, ASpades, 6Spades.
P1 AClubs P2 2Clubs P3 6Clubs P0 3Clubs 
P1 2Hearts P2 AHearts P3 5Hearts P0 JHearts 
P2 4Hearts P3 6Hearts P0 3Diamonds P1 3Hearts 
P0 2Spades P1 4Spades P2 JSpades P3 ASpades 
P3 4Clubs P0 5Clubs P1 QClubs P2 7Clubs 
P2 JClubs P3 6Spades P0 KClubs P1 QDiamonds 
P1 5Spades P2 KSpades P3 QHearts P0 3Spades 
P2 2Diamonds P3 KDiamonds P0 4Diamonds P1 7Spades 
P3 7Diamonds P0 5Diamonds P1 QSpades P2 JDiamonds 
P3 ADiamonds P0 6Diamonds P1 KHearts P2 7Hearts 
-- /GAME --
P0 HAND: 7Diamonds, KDiamonds, 7Clubs, JClubs, QClubs, 3Clubs, KHearts, JHearts, 4Hearts, QSpades.
P1 HAND: QDiamonds, 4Diamonds, 2Diamonds, AClubs, 4Clubs, AHearts, QHearts, ASpades, JSpades, 4Spades.
P2 HAND: 3Diamonds, 6Clubs, 5Clubs, 2Clubs, 5Hearts, 3Hearts, 7Spades, KSpades, 6Spades, 2Spades.
P3 HAND: ADiamonds, JDiamonds, 6Diamonds, 5Diamonds, KClubs, 7Hearts, 6Hearts, 2Hearts, 5Spades, 3Spades.

