-- GAME --
P0 HAND: ADiamonds, JDiamonds, 6Diamonds, 2Diamonds, 4Clubs, 4Hearts, 6Spades, 5Spades, 4Spades, 3Spades.
P1 HAND: 5Diamonds, 7Clubs, KClubs, JClubs, QHearts, 6Hearts, 5Hearts, 2Hearts, ASpades, 7Spades.
P2 HAND: 7Diamonds, KDiamonds, QDiamonds, QClubs, 5Clubs, 3Clubs, 2Clubs, KSpades, JSpades, QSpades.
P3 HAND: 4Diamonds, 3Diamonds, AClubs, 6Clubs, AHearts, 7Hearts, KHearts, JHearts, 3Hearts, 2Spades.
P1 2Hearts P2 2Clubs P3 AHearts P0 4Hearts 
P3 AClubs P0 4Clubs P1 7Clubs P2 3Clubs 
P3 3Diamonds P0 ADiamonds P1 5Diamonds P2 7Diamonds 
P0 2Diamonds P1 5Hearts P2 KDiamonds P3 4Diamonds 
P2 5Clubs P3 6Clubs P0 3Spades P1 JClubs 
P0 JDiamonds P1 6Hearts P2 QDiamonds P3 2Spades 
P3 3Hearts P0 4Spades P1 QHearts P2 QClubs 
P0 6Diamonds P1 7Spades P2 QSpades P3 7Hearts 
P1 ASpades P2 JSpades P3 KHearts P0 5Spades 
P1 KClubs P2 KSpades P3 JHearts P0 6Spades 
-- /GAME --
P0 HAND: JDiamonds, KClubs, 3Clubs, 7Hearts, JHearts, 4Hearts, 3Hearts, 2Hearts, QSpades, 3Spades.
P1 HAND: QDiamonds, 6Diamonds, JClubs, 5Clubs, 4Clubs, 5Hearts, JSpades, 6Spades, 5Spades, 2Spades.
P2 HAND: ADiamonds, KDiamonds, 5Diamonds, 4Diamonds, 3Diamonds, 2Diamonds, 7Clubs, 6Clubs, 2Clubs, 6Hearts.
P3 HAND: 7Diamonds, AClubs, QClubs, AHearts, KHearts, QHearts, ASpades, 7Spades, KSpades, 4Spades.
P0 JDiamonds P1 6Diamonds P2 ADiamonds P3 7Diamonds 
P2 2Diamonds P3 QClubs P0 3Clubs P1 QDiamonds 
P1 4Clubs P2 2Clubs P3 AClubs P0 KClubs 
P3 AHearts P0 2Hearts P1 5Hearts P2 6Hearts 
P3 QHearts P0 7Hearts P1 2Spades P2 3Diamonds 
P1 5Clubs P2 6Clubs P3 4Spades P0 4Hearts 
P3 KSpades P0 3Spades P1 5Spades P2 4Diamonds 
P3 7Spades P0 QSpades P1 6Spades P2 5Diamonds 
P3 ASpades P0 3Hearts P1 JSpades P2 KDiamonds 
P3 KHearts P0 JHearts P1 JClubs P2 7Clubs 
-- /GAME --
P0 HAND: JDiamonds, 6Diamonds, 5Diamonds, 2Diamonds, AClubs, 6Clubs, 3Clubs, 2Clubs, 2Hearts, JSpades.
P1 HAND: 7Diamonds, 4Diamonds, QClubs, AHearts, 7Hearts, QHearts, 5Hearts, 3Hearts, 7Spades, 5Spades.
P2 HAND: 7Clubs, KClubs, 5Clubs, 4Clubs, 6Hearts, 4Hearts, ASpades, KSpades, 6Spades, 2Spades.
P3 HAND: ADiamonds, KDiamonds, QDiamonds, 3Diamonds, JClubs, KHearts, JHearts, QSpades, 4Spades, 3Spades.
P3 ADiamonds P0 2Diamonds P1 7Diamonds P2 2Spades 
P2 4Clubs P3 JClubs P0 AClubs P1 QClubs 
P0 2Clubs P1 3Hearts P2 7Clubs P3 3Spades 
P3 3Diamonds P0 JDiamonds P1 4Diamonds P2 KClubs 
P0 6Diamonds P1 5Hearts P2 4Hearts P3 KDiamonds 
P3 QDiamonds P0 5Diamonds P1 QHearts P2 5Clubs 
P3 JHearts P0 2Hearts P1 AHearts P2 6Hearts 
P1 5Spades P2 6Spades P3 4Spades P0 JSpades 
P0 3Clubs P1 7Spades P2 ASpades P3 KHearts 
P2 KSpades P3 QSpades P0 6Clubs P1 7Hearts 
-- /GAME --
P0 HAND: JDiamonds, QDiamonds, 2Diamonds, KClubs, JClubs, 5Clubs, 4Clubs, 6Hearts, 7Spades, 3Spades.
P1 HAND: ADiamonds, 4Diamonds, 3Clubs, 2Clubs, KHearts, 5Hearts, 4Hearts, 2Hearts, KSpades, 2Spades.
P2 HAND: 7Diamonds, 6Diamonds, 5Diamonds, AClubs, QClubs, JHearts, QHearts, ASpades, JSpades, 6Spades.
P3 HAND: KDiamonds, 3Diamonds, 7Clubs, 6Clubs, AHearts, 7Hearts, 3Hearts, QSpades, 5Spades, 4Spades.
P2 ASpades P3 4Spades P0 7Spades P1 2Spades 
P2 5Diamonds P3 3Diamonds P0 2Diamonds P1 ADiamonds 
P1 2Hearts P2 QHearts P3 AHearts P0 6Hearts 
P3 3Hearts P0 3Spades P1 4Hearts P2 JHearts 
P2 6Diamonds P3 KDiamonds P0 JDiamonds P1 4Diamonds 
P3 5Spades P0 QDiamonds P1 KSpades P2 6Spades 
P1 5Hearts P2 QClubs P3 7Hearts P0 KClubs 
P0 4Clubs P1 2Clubs P2 AClubs P3 6Clubs 
P2 JSpades P3 QSpades P0 JClubs P1 KHearts 
P0 5Clubs P1 3Clubs P2 7Diamonds P3 7Clubs 
-- /GAME --
P0 HAND: 7Diamonds, 6Diamonds, AClubs, 4Clubs, 2Clubs, AHearts, KHearts, 5Hearts, ASpades, 7Spades.
P1 HAND: 4Diamonds, 6Clubs, 7Hearts, JHearts, 3Hearts, KSpades, QSpades, 5Spades, 4Spades, 2Spades.
P2 HAND: JDiamonds, QDiamonds, 5Diamonds, 2Diamonds, 7Clubs, JClubs, QClubs, 2Hearts, JSpades, 3Spades.
P3 HAND: ADiamonds, KDiamonds, 3Diamonds, KClubs, 5Clubs, 3Clubs, QHearts, 6Hearts, 4Hearts, 6Spades.
P1 2Spades P2 3Spades P3 6Spades P0 ASpades 
P0 AHearts P1 3Hearts P2 2Hearts P3 4Hearts 
P0 5Hearts P1 JHearts P2 2Diamonds P3 6Hearts 
P1 4Diamonds P2 5Diamonds P3 ADiamonds P0 6Diamonds 
P3 3Diamonds P0 7Diamonds P1 7Hearts P2 QDiamonds 
P1 4Spades P2 JSpades P3 3Clubs P0 7Spades 
P0 2Clubs P1 6Clubs P2 QClubs P3 KClubs 
P3 5Clubs P0 AClubs P1 5Spades P2 7Clubs 
P0 4Clubs P1 QSpades P2 JClubs P3 QHearts 
P3 KDiamonds P0 KHearts P1 KSpades P2 JDiamonds 
-- /GAME --
P0 HAND: QDiamonds, 3Diamonds, AClubs, 3Clubs, 7Hearts, JHearts, QHearts, 5Hearts, 7Spades, 5Spades.
P1 HAND: 7Diamonds, 6Diamonds, 2Diamonds, KClubs, QClubs, 6Clubs, 4Clubs, 2Clubs, JSpades, QSpades.
P2 HAND: KDiamonds, JDiamonds, 4Diamonds, JClubs, AHearts, 4Hearts, 3Hearts, KSpades, 6Spades, 4Spades.
P3 HAND: ADiamonds, 5Diamonds, 7Clubs, 5Clubs, KHearts, 6Hearts, 2Hearts, ASpades, 3Spades, 2Spades.
P0 QDiamonds P1 2Diamonds P2 4Diamonds P3 5Diamonds 
P0 AClubs P1 2Clubs P2 JClubs P3 5Clubs 
P0 3Diamonds P1 6Diamonds P2 JDiamonds P3 ADiamonds 
P3 ASpades P0 5Spades P1 JSpades P2 4Spades 
P3 2Hearts P0 JHearts P1 4Clubs P2 AHearts 
P2 3Hearts P3 6Hearts P0 QHearts P1 6Clubs 
P0 7Spades P1 QSpades P2 KSpades P3 2Spades 
P0 3Clubs P1 QClubs P2 4Hearts P3 7Clubs 
P3 3Spades P0 7Hearts P1 7Diamonds P2 6Spades 
P1 KClubs P2 KDiamonds P3 KHearts P0 5Hearts 
-- /GAME --
P0 HAND: ADiamonds, 5Diamonds, 4Diamonds, AClubs, 6Clubs, 2Clubs, AHearts, 5Hearts, 4Hearts, 2Spades.
P1 HAND: KDiamonds, JDiamonds, 3Diamonds, 2Diamonds, 7Clubs, JClubs, 7Hearts, JHearts, QHearts, ASpades.
P2 HAND: 7Diamonds, QDiamonds, QClubs, 5Clubs, 3Clubs, KHearts, 6Hearts, KSpades, 4Spades, 3Spades.
P3 HAND: 6Diamonds, KClubs, 4Clubs, 3Hearts, 2Hearts, 7Spades, JSpades, QSpades, 6Spades, 5Spades.
P3 2Hearts P0 5Hearts P1 QHearts P2 KHearts 
P2 3Spades P3 5Spades P0 2Spades P1 ASpades 
P1 2Diamonds P2 QDiamonds P3 6Diamonds P0 5Diamonds 
P2 4Spades P3 6Spades P0 2Clubs P1 3Diamonds 
P0 AClubs P1 JClubs P2 3Clubs P3 4Clubs 
P0 6Clubs P1 7Clubs P2 5Clubs P3 KClubs 
P1 JDiamonds P2 7Diamonds P3 3Hearts P0 ADiamonds 
P0 AHearts P1 JHearts P2 6Hearts P3 QSpades 
P0 4Diamonds P1 KDiamonds P2 QClubs P3 JSpades 
P2 KSpades P3 7Spades P0 4Hearts P1 7Hearts 
-- /GAME --
P0 HAND: 6Diamonds, KClubs, JClubs, QHearts, 2Hearts, KSpades, JSpades, 5Spades, 3Spades, 2Spades.
P1 HAND: AClubs, 3Clubs, 2Clubs, AHearts, 7Hearts, KHearts, 4Hearts, 3Hearts, ASpades, 4Spades.
P2 HAND: ADiamonds, KDiamonds, 5Diamonds, 7Clubs, QClubs, 4Clubs, JHearts, 5Hearts, 7Spades, QSpades.
P3 HAND: 7Diamonds, JDiamonds, QDiamonds, 4Diamonds, 3Diamonds, 2Diamonds, 6Clubs, 5Clubs, 6Hearts, 6Spades.
P3 2Diamonds P0 6Diamonds P1 3Hearts P2 ADiamonds 
P2 5Diamonds P3 3Diamonds P0 QHearts P1 4Hearts 
P2 5Hearts P3 6Hearts P0 2Hearts P1 AHearts 
P1 ASpades P2 QSpades P3 6Spades P0 2Spades 
P1 4Spades P2 7Spades P3 5Clubs P0 3Spades 
P3 4Diamonds P0 KSpades P1 2Clubs P2 KDiamonds 
P1 3Clubs P2 4Clubs P3 6Clubs P0 KClubs 
P0 JSpades P1 AClubs P2 JHearts P3 7Diamonds 
P1 KHearts P2 QClubs P3 QDiamonds P0 JClubs 
P0 5Spades P1 7Hearts P2 7Clubs P3 JDiamonds 
-- /GAME --
P0 HAND: 7Diamonds, KDiamonds, JClubs, JHearts, QHearts, 6Hearts, 4Hearts, 3Hearts, 7Spades, 4Spades.
P1 HAND: JDiamonds, 3Diamonds, 6Clubs, 5Clubs, 4Clubs, AHearts, 7Hearts, KHearts, JSpades, 2Spades.
P2 HAND: ADiamonds, QDiamonds, 6Diamonds, 7Clubs, QClubs, 5Hearts, KSpades, QSpades, 5Spades, 3Spades.
P3 HAND: 5Diamonds, 4Diamonds, 2Diamonds, AClubs, KClubs, 3Clubs, 2Clubs, 2Hearts, ASpades, 6Spades.
P2 ADiamonds P3 2Diamonds P0 7Diamonds P1 3Diamonds 
P2 3Spades P3 ASpades P0 4Spades P1 JSpades 
P3 2Hearts P0 JHearts P1 AHearts P2 5Hearts 
P1 2Spades P2 5Spades P3 6Spades P0 7Spades 
P0 KDiamonds P1 JDiamonds P2 QDiamonds P3 4Diamonds 
P0 QHearts P1 KHearts P2 QClubs P3 KClubs 
P3 5Diamonds P0 6Hearts P1 4Clubs P2 6Diamonds 
P1 5Clubs P2 7Clubs P3 AClubs P0 JClubs 
P3 2Clubs P0 4Hearts P1 6Clubs P2 QSpades 
P1 7Hearts P2 KSpades P3 3Clubs P0 3Hearts 
-- /GAME --
P0 HAND: ADiamonds, 7Clubs, QClubs, 3Clubs, 6Hearts, 3Hearts, QSpades, 6Spades, 5Spades, 2Spades.
P1 HAND: KDiamonds, 6Diamonds, 2Diamonds, AClubs, JClubs, 6Clubs, 5Clubs, 4Clubs, 7Hearts, 4Spades.
P2 HAND: 7Diamonds, JDiamonds, KClubs, KHearts, JHearts, QHearts, 2Hearts, ASpades, 7Spades, KSpades.
P3 HAND: QDiamonds, 5Diamonds, 4Diamonds, 3Diamonds, 2Clubs, AHearts, 5Hearts, 4Hearts, JSpades, 3Spades.
P1 2Diamonds P2 JDiamonds P3 3Diamonds P0 ADiamonds 
P0 6Hearts P1 7Hearts P2 2Hearts P3 AHearts 
P3 3Spades P0 2Spades P1 4Spades P2 ASpades 
P2 QHearts P3 4Hearts P0 3Hearts P1 6Diamonds 
P2 JHearts P3 5Hearts P0 QSpades P1 4Clubs 
P1 5Clubs P2 KClubs P3 2Clubs P0 7Clubs 
P0 6Spades P1 6Clubs P2 KSpades P3 JSpades 
P1 JClubs P2 KHearts P3 4Diamonds P0 3Clubs 
P1 AClubs P2 7Diamonds P3 5Diamonds P0 QClubs 
P1 KDiamonds P2 7Spades P3 QDiamonds P0 5Spades 
-- /GAME --
P0 HAND: JDiamonds, 6Diamonds, 5Clubs, 4Clubs, 6Hearts, KSpades, JSpades, QSpades, 5Spades, 2Spades.
P1 HAND: 4Diamonds, 7Clubs, JClubs, 3Clubs, 2Clubs, 7Hearts, KHearts, QHearts, 7Spades, 4Spades.
P2 HAND: KDiamonds, 5Diamonds, 2Diamonds, AClubs, QClubs, 6Clubs, AHearts, 5Hearts, 2Hearts, 6Spades.
P3 HAND: ADiamonds, 7Diamonds, QDiamonds, 3Diamonds, KClubs, JHearts, 4Hearts, 3Hearts, ASpades, 3Spades.
P0 2Spades P1 4Spades P2 6Spades P3 3Spades 
P2 AClubs P3 KClubs P0 5Clubs P1 2Clubs 
P2 AHearts P3 3Hearts P0 6Hearts P1 QHearts 
P2 2Diamonds P3 ADiamonds P0 6Diamonds P1 4Diamonds 
P3 3Diamonds P0 JDiamonds P1 3Clubs P2 KDiamonds 
P2 2Hearts P3 4Hearts P0 5Spades P1 KHearts 
P0 QSpades P1 7Spades P2 5Diamonds P3 ASpades 
P3 QDiamonds P0 4Clubs P1 JClubs P2 5Hearts 
P3 JHearts P0 JSpades P1 7Hearts P2 QClubs 
P0 KSpades P1 7Clubs P2 6Clubs P3 7Diamonds 
-- /GAME --
P0 HAND: 7Diamonds, 5Diamonds, 4Diamonds, JClubs, 6Clubs, KHearts, QHearts, 6Hearts, 2Hearts, 2Spades.
P1 HAND: 3Diamonds, 2Diamonds, AClubs, 7Clubs, KClubs, 4Clubs, AHearts, 5Hearts, 4Hearts, 3Hearts.
P2 HAND: KDiamonds, QDiamonds, 6Diamonds, QClubs, 5Clubs, 7Hearts, KSpades, 6Spades, 4Spades, 3Spades.
P3 HAND: ADiamonds, JDiamonds, 3Clubs, 2Clubs, JHearts, ASpades, 7Spades, JSpades, QSpades, 5Spades.
P3 2Clubs P0 JClubs P1 AClubs P2 5Clubs 
P1 AHearts P2 7Hearts P3 JHearts P0 2Hearts 
P1 3Hearts P2 3Spades P3 3Clubs P0 KHearts 
P0 6Hearts P1 4Hearts P2 4Spades P3 5Spades 
P0 QHearts P1 5Hearts P2 6Spades P3 QSpades 
P0 6Clubs P1 4Clubs P2 QClubs P3 JDiamonds 
P3 JSpades P0 2Spades P1 2Diamonds P2 KSpades 
P1 3Diamonds P2 6Diamonds P3 ADiamonds P0 4Diamonds 
P3 7Spades P0 5Diamonds P1 KClubs P2 QDiamonds 
P2 KDiamonds P3 ASpades P0 7Diamonds P1 7Clubs 
-- /GAME --
P0 HAND: AClubs, JClubs, QClubs, 6Clubs, 2Clubs, AHearts, JHearts, 6Hearts, ASpades, 5Spades.
P1 HAND: KDiamonds, JDiamonds, QDiamonds, 5Diamonds, 3Diamonds, KClubs, 3Hearts, 7Spades, JSpades, 4Spades.
P2 HAND: 4Diamonds, 2Diamonds, 7Clubs, 3Clubs, 7Hearts, KHearts, QHearts, 2Hearts, KSpades, 3Spades.
P3 HAND: ADiamonds, 7Diamonds, 6Diamonds, 5Clubs, 4Clubs, 5Hearts, 4Hearts, QSpades, 6Spades, 2Spades.

