-- GAME --
P0 HAND: ADiamonds, 7Diamonds, 5Diamonds, 5Clubs, 3Clubs, KHearts, 5Hearts, JSpades, QSpades, 3Spades.
P1 HAND: KDiamonds, 7Clubs, 6Clubs, 4Clubs, JHearts, 6Hearts, 2Hearts, ASpades, 7Spades, 2Spades.
P2 HAND: QDiamonds, 3Diamonds, KClubs, JClubs, QClubs, 2Clubs, AHearts, QHearts, KSpades, 6Spades.
P3 HAND: JDiamonds, 6Diamonds, 4Diamonds, 2Diamonds, AClubs, 7Hearts, 4Hearts, 3Hearts, 5Spades, 4Spades.
P0 ADiamonds P1 KDiamonds P2 QDiamonds P3 2Diamonds 
P0 5Clubs P1 4Clubs P2 2Clubs P3 AClubs 
P3 4Diamonds P0 5Diamonds P1 2Spades P2 3Diamonds 
P0 KHearts P1 2Hearts P2 QHearts P3 7Hearts 
P3 4Spades P0 3Spades P1 ASpades P2 6Spades 
P1 6Clubs P2 QClubs P3 5Spades P0 3Clubs 
P2 JClubs P3 6Diamonds P0 QSpades P1 7Clubs 
P1 6Hearts P2 AHearts P3 3Hearts P0 5Hearts 
P2 KClubs P3 4Hearts P0 JSpades P1 7Spades 
P3 JDiamonds P0 7Diamonds P1 JHearts P2 KSpades 
-- /GAME --
P0 HAND: 5Diamonds, 3Diamonds, 5Clubs, 4Clubs, 2Clubs, 7Hearts, 4Hearts, KSpades, JSpades, 2Spades.
P1 HAND: 7Diamonds, JDiamonds, QDiamonds, 2Diamonds, JClubs, 6Clubs, 3Hearts, 2Hearts, 7Spades, QSpades.
P2 HAND: KDiamonds, 6Diamonds, 7Clubs, KClubs, 3Clubs, AHearts, KHearts, JHearts, 5Hearts, 6Spades.
P3 HAND: ADiamonds, 4Diamonds, AClubs, QClubs, QHearts, 6Hearts, ASpades, 5Spades, 4Spades, 3Spades.
P3 AClubs P0 4Clubs P1 JClubs P2 3Clubs 
P3 ASpades P0 2Spades P1 7Spades P2 6Spades 
P3 3Spades P0 JSpades P1 QSpades P2 AHearts 
P0 7Hearts P1 2Hearts P2 KHearts P3 6Hearts 
P0 4Hearts P1 3Hearts P2 5Hearts P3 QHearts 
P3 4Spades P0 KSpades P1 6Clubs P2 7Clubs 
P0 2Clubs P1 2Diamonds P2 KClubs P3 QClubs 
P1 QDiamonds P2 6Diamonds P3 4Diamonds P0 3Diamonds 
P1 JDiamonds P2 KDiamonds P3 ADiamonds P0 5Diamonds 
P3 5Spades P0 5Clubs P1 7Diamonds P2 JHearts 
-- /GAME --
P0 HAND: 7Diamonds, 6Diamonds, QClubs, 6Clubs, 2Clubs, AHearts, 7Hearts, JSpades, QSpades, 2Spades.
P1 HAND: ADiamonds, 5Diamonds, 2Diamonds, JClubs, 4Clubs, KHearts, 3Hearts, 2Hearts, KSpades, 3Spades.
P2 HAND: 3Diamonds, 7Clubs, KClubs, JHearts, QHearts, 6Hearts, 5Hearts, 7Spades, 6Spades, 5Spades.
P3 HAND: KDiamonds, JDiamonds, QDiamonds, 4Diamonds, AClubs, 5Clubs, 3Clubs, 4Hearts, ASpades, 4Spades.
P2 3Diamonds P3 4Diamonds P0 6Diamonds P1 ADiamonds 
P1 2Diamonds P2 5Hearts P3 QDiamonds P0 7Diamonds 
P0 6Clubs P1 4Clubs P2 KClubs P3 3Clubs 
P2 5Spades P3 ASpades P0 2Spades P1 KSpades 
P3 4Hearts P0 7Hearts P1 2Hearts P2 JHearts 
P0 2Clubs P1 JClubs P2 7Clubs P3 AClubs 
P3 4Spades P0 QSpades P1 3Spades P2 7Spades 
P2 6Hearts P3 5Clubs P0 AHearts P1 KHearts 
P3 JDiamonds P0 JSpades P1 5Diamonds P2 6Spades 
P3 KDiamonds P0 QClubs P1 3Hearts P2 QHearts 
-- /GAME --
P0 HAND: QDiamonds, 5Diamonds, 3Diamonds, 2Diamonds, 6Clubs, QHearts, 6Hearts, 4Hearts, KSpades, 5Spades.
P1 HAND: 7Diamonds, KDiamonds, JDiamonds, KClubs, JClubs, 2Clubs, AHearts, 2Hearts, 7Spades, 4Spades.
P2 HAND: 4Diamonds, AClubs, KHearts, JHearts, 3Hearts, ASpades, JSpades, QSpades, 6Spades, 3Spades.
P3 HAND: ADiamonds, 6Diamonds, 7Clubs, QClubs, 5Clubs, 4Clubs, 3Clubs, 7Hearts, 5Hearts, 2Spades.
P1 2Clubs P2 AClubs P3 3Clubs P0 6Clubs 
P2 3Spades P3 2Spades P0 5Spades P1 7Spades 
P1 4Spades P2 6Spades P3 4Clubs P0 KSpades 
P0 6Hearts P1 2Hearts P2 3Hearts P3 5Hearts 
P0 4Hearts P1 AHearts P2 JHearts P3 7Hearts 
P1 JDiamonds P2 4Diamonds P3 ADiamonds P0 2Diamonds 
P3 5Clubs P0 5Diamonds P1 JClubs P2 QSpades 
P1 KDiamonds P2 KHearts P3 6Diamonds P0 QDiamonds 
P2 JSpades P3 QClubs P0 3Diamonds P1 KClubs 
P2 ASpades P3 7Clubs P0 QHearts P1 7Diamonds 
-- /GAME --
P0 HAND: 3Diamonds, 7Clubs, KClubs, JClubs, 6Clubs, 4Clubs, KHearts, 5Hearts, 2Hearts, 6Spades.
P1 HAND: 7Diamonds, 5Diamonds, QClubs, 5Clubs, 2Clubs, QHearts, 6Hearts, KSpades, 4Spades, 2Spades.
P2 HAND: KDiamonds, QDiamonds, 6Diamonds, 4Diamonds, AClubs, AHearts, 3Hearts, 7Spades, JSpades, 5Spades.
P3 HAND: ADiamonds, JDiamonds, 2Diamonds, 3Clubs, 7Hearts, JHearts, 4Hearts, ASpades, QSpades, 3Spades.
P0 6Spades P1 2Spades P2 5Spades P3 ASpades 
P3 3Clubs P0 KClubs P1 2Clubs P2 AClubs 
P2 AHearts P3 4Hearts P0 KHearts P1 6Hearts 
P2 3Hearts P3 JHearts P0 2Hearts P1 QHearts 
P3 3Spades P0 5Hearts P1 4Spades P2 7Spades 
P2 JSpades P3 QSpades P0 JClubs P1 KSpades 
P1 5Clubs P2 4Diamonds P3 2Diamonds P0 7Clubs 
P2 6Diamonds P3 JDiamonds P0 3Diamonds P1 5Diamonds 
P3 ADiamonds P0 4Clubs P1 7Diamonds P2 QDiamonds 
P3 7Hearts P0 6Clubs P1 QClubs P2 KDiamonds 
-- /GAME --
P0 HAND: ADiamonds, 4Diamonds, AClubs, AHearts, 7Hearts, QHearts, 2Hearts, ASpades, QSpades, 4Spades.
P1 HAND: QDiamonds, 6Diamonds, 7Clubs, JClubs, 6Clubs, 4Clubs, KHearts, 3Hearts, JSpades, 3Spades.
P2 HAND: 7Diamonds, KDiamonds, JDiamonds, 2Diamonds, 5Clubs, 2Clubs, 6Hearts, KSpades, 6Spades, 5Spades.
P3 HAND: 5Diamonds, 3Diamonds, KClubs, QClubs, 3Clubs, JHearts, 5Hearts, 4Hearts, 7Spades, 2Spades.
P0 ADiamonds P1 6Diamonds P2 7Diamonds P3 3Diamonds 
P0 ASpades P1 3Spades P2 KSpades P3 2Spades 
P0 AClubs P1 4Clubs P2 2Clubs P3 3Clubs 
P0 AHearts P1 3Hearts P2 6Hearts P3 4Hearts 
P0 4Diamonds P1 QDiamonds P2 2Diamonds P3 5Diamonds 
P1 JSpades P2 5Spades P3 7Spades P0 4Spades 
P3 5Hearts P0 QHearts P1 KHearts P2 5Clubs 
P2 6Spades P3 QClubs P0 QSpades P1 6Clubs 
P3 JHearts P0 7Hearts P1 JClubs P2 JDiamonds 
P1 7Clubs P2 KDiamonds P3 KClubs P0 2Hearts 
-- /GAME --
P0 HAND: JDiamonds, 3Diamonds, 2Diamonds, AClubs, JClubs, 6Clubs, 4Clubs, 3Clubs, KHearts, QSpades.
P1 HAND: KDiamonds, QDiamonds, 7Clubs, AHearts, 7Hearts, 3Hearts, ASpades, KSpades, 4Spades, 3Spades.
P2 HAND: ADiamonds, 5Diamonds, 4Diamonds, QClubs, 5Clubs, 2Clubs, QHearts, 4Hearts, 7Spades, 5Spades.
P3 HAND: 7Diamonds, 6Diamonds, KClubs, JHearts, 6Hearts, 5Hearts, 2Hearts, JSpades, 6Spades, 2Spades.
P3 2Hearts P0 KHearts P1 AHearts P2 4Hearts 
P1 ASpades P2 5Spades P3 JSpades P0 QSpades 
P1 3Hearts P2 QHearts P3 5Hearts P0 JClubs 
P2 2Clubs P3 KClubs P0 AClubs P1 7Clubs 
P0 2Diamonds P1 QDiamonds P2 4Diamonds P3 6Diamonds 
P1 3Spades P2 7Spades P3 2Spades P0 4Clubs 
P2 5Clubs P3 6Hearts P0 6Clubs P1 4Spades 
P0 3Clubs P1 KDiamonds P2 QClubs P3 JHearts 
P1 KSpades P2 5Diamonds P3 6Spades P0 JDiamonds 
P0 3Diamonds P1 7Hearts P2 ADiamonds P3 7Diamonds 
-- /GAME --
P0 HAND: JDiamonds, QDiamonds, 2Diamonds, KClubs, 6Clubs, 2Clubs, QHearts, 3Hearts, ASpades, 3Spades.
P1 HAND: ADiamonds, 7Diamonds, JClubs, 5Clubs, 3Clubs, AHearts, JHearts, 6Hearts, 2Hearts, 5Spades.
P2 HAND: 6Diamonds, 5Diamonds, 3Diamonds, KHearts, 5Hearts, 4Hearts, 7Spades, 6Spades, 4Spades, 2Spades.
P3 HAND: KDiamonds, 4Diamonds, AClubs, 7Clubs, QClubs, 4Clubs, 7Hearts, KSpades, JSpades, QSpades.
P2 2Spades P3 QSpades P0 ASpades P1 5Spades 
P0 3Spades P1 2Hearts P2 7Spades P3 JSpades 
P2 3Diamonds P3 4Diamonds P0 2Diamonds P1 ADiamonds 
P1 AHearts P2 4Hearts P3 7Hearts P0 3Hearts 
P1 6Hearts P2 5Hearts P3 4Clubs P0 QHearts 
P3 QClubs P0 6Clubs P1 3Clubs P2 4Spades 
P3 7Clubs P0 2Clubs P1 5Clubs P2 5Diamonds 
P3 AClubs P0 KClubs P1 JClubs P2 6Diamonds 
P3 KDiamonds P0 QDiamonds P1 7Diamonds P2 6Spades 
P1 JHearts P2 KHearts P3 KSpades P0 JDiamonds 
-- /GAME --
P0 HAND: 7Diamonds, KClubs, 2Clubs, 7Hearts, JHearts, 6Hearts, 5Hearts, 4Hearts, 3Hearts, 7Spades.
P1 HAND: 5Diamonds, 3Diamonds, AClubs, JClubs, QClubs, 6Clubs, 4Clubs, KHearts, 5Spades, 4Spades.
P2 HAND: KDiamonds, JDiamonds, 6Diamonds, 4Diamonds, 2Diamonds, 5Clubs, ASpades, KSpades, JSpades, 2Spades.
P3 HAND: ADiamonds, QDiamonds, 7Clubs, 3Clubs, AHearts, QHearts, 2Hearts, QSpades, 6Spades, 3Spades.
P1 3Diamonds P2 2Diamonds P3 ADiamonds P0 7Diamonds 
P3 3Clubs P0 2Clubs P1 AClubs P2 5Clubs 
P1 4Clubs P2 2Spades P3 7Clubs P0 KClubs 
P3 3Spades P0 7Spades P1 4Spades P2 ASpades 
P2 4Diamonds P3 QDiamonds P0 5Hearts P1 5Diamonds 
P0 4Hearts P1 KHearts P2 6Diamonds P3 2Hearts 
P1 5Spades P2 JSpades P3 6Spades P0 JHearts 
P0 3Hearts P1 6Clubs P2 JDiamonds P3 QHearts 
P3 QSpades P0 7Hearts P1 QClubs P2 KSpades 
P0 6Hearts P1 JClubs P2 KDiamonds P3 AHearts 
-- /GAME --
P0 HAND: KDiamonds, QDiamonds, 7Clubs, KClubs, JClubs, 5Clubs, JHearts, QHearts, 5Hearts, 4Spades.
P1 HAND: 6Diamonds, 5Diamonds, 4Diamonds, QClubs, 3Clubs, AHearts, 2Hearts, ASpades, JSpades, QSpades.
P2 HAND: ADiamonds, 2Diamonds, 4Clubs, 7Hearts, KHearts, 6Hearts, 7Spades, KSpades, 6Spades, 5Spades.
P3 HAND: 7Diamonds, JDiamonds, 3Diamonds, AClubs, 6Clubs, 2Clubs, 4Hearts, 3Hearts, 3Spades, 2Spades.
P0 4Spades P1 ASpades P2 5Spades P3 3Spades 
P1 AHearts P2 6Hearts P3 4Hearts P0 5Hearts 
P1 2Hearts P2 KHearts P3 3Hearts P0 JHearts 
P2 4Clubs P3 AClubs P0 5Clubs P1 QClubs 
P3 2Clubs P0 KClubs P1 3Clubs P2 7Hearts 
P0 JClubs P1 QSpades P2 2Diamonds P3 6Clubs 
P2 6Spades P3 2Spades P0 KDiamonds P1 JSpades 
P0 QDiamonds P1 4Diamonds P2 ADiamonds P3 3Diamonds 
P2 KSpades P3 JDiamonds P0 QHearts P1 5Diamonds 
P3 7Diamonds P0 7Clubs P1 6Diamonds P2 7Spades 
-- /GAME --
P0 HAND: ADiamonds, 6Diamonds, 5Diamonds, KClubs, 5Clubs, 4Clubs, 2Clubs, ASpades, QSpades, 2Spades.
P1 HAND: QDiamonds, 3Diamonds, 3Clubs, AHearts, 7Hearts, KHearts, JHearts, 5Hearts, 4Hearts, JSpades.
P2 HAND: JDiamonds, 4Diamonds, 2Diamonds, AClubs, 7Clubs, JClubs, 3Hearts, KSpades, 4Spades, 3Spades.
P3 HAND: 7Diamonds, KDiamonds, QClubs, 6Clubs, QHearts, 6Hearts, 2Hearts, 7Spades, 6Spades, 5Spades.
P3 2Hearts P0 2Spades P1 AHearts P2 3Hearts 
P1 3Diamonds P2 2Diamonds P3 KDiamonds P0 5Diamonds 
P3 5Spades P0 QSpades P1 JSpades P2 KSpades 
P2 3Spades P3 6Spades P0 ASpades P1 3Clubs 
P1 4Hearts P2 4Diamonds P3 6Hearts P0 6Diamonds 
P3 QHearts P0 5Clubs P1 5Hearts P2 JDiamonds 
P0 4Clubs P1 QDiamonds P2 JClubs P3 6Clubs 
P2 4Spades P3 7Spades P0 KClubs P1 JHearts 
P0 2Clubs P1 KHearts P2 7Clubs P3 QClubs 
P2 AClubs P3 7Diamonds P0 ADiamonds P1 7Hearts 
-- /GAME --
P0 HAND: QDiamonds, 5Diamonds, 7Clubs, KClubs, 6Clubs, 4Clubs, 6Hearts, KSpades, 3Spades, 2Spades.
P1 HAND: KDiamonds, 6Diamonds, 2Diamonds, JClubs, 5Clubs, 2Clubs, 4Hearts, ASpades, 7Spades, 6Spades.
P2 HAND: ADiamonds, 7Diamonds, 3Diamonds, QClubs, 3Clubs, KHearts, JHearts, QHearts, 2Hearts, JSpades.
P3 HAND: JDiamonds, 4Diamonds, AClubs, AHearts, 7Hearts, 5Hearts, 3Hearts, QSpades, 5Spades, 4Spades.
P3 AClubs P0 6Clubs P1 JClubs P2 3Clubs 
P3 AHearts P0 6Hearts P1 4Hearts P2 2Hearts 
P3 3Hearts P0 KSpades P1 2Clubs P2 KHearts 
P2 QClubs P3 4Spades P0 KClubs P1 5Clubs 
P0 3Spades P1 ASpades P2 JSpades P3 QSpades 
P1 6Spades P2 QHearts P3 5Spades P0 2Spades 
P1 2Diamonds P2 3Diamonds P3 4Diamonds P0 QDiamonds 
P0 4Clubs P1 6Diamonds P2 7Diamonds P3 5Hearts 
P2 JHearts P3 7Hearts P0 5Diamonds P1 KDiamonds 
P1 7Spades P2 ADiamonds P3 JDiamonds P0 7Clubs 
-- /GAME --
P0 HAND: 7Diamonds, 6Diamonds, 7Clubs, KClubs, 6Clubs, 3Clubs, 2Clubs, QHearts, 6Hearts, 6Spades.
P1 HAND: 3Diamonds, 2Diamonds, JClubs, 5Clubs, AHearts, JHearts, 5Hearts, 4Hearts, ASpades, JSpades.
P2 HAND: ADiamonds, KDiamonds, 4Diamonds, QClubs, KHearts, 2Hearts, 7Spades, 5Spades, 3Spades, 2Spades.
P3 HAND: JDiamonds, QDiamonds, 5Diamonds, AClubs, 4Clubs, 7Hearts, 3Hearts, KSpades, QSpades, 4Spades.
P2 ADiamonds P3 5Diamonds P0 7Diamonds P1 2Diamonds 
P2 2Spades P3 4Spades P0 6Spades P1 ASpades 
P1 3Diamonds P2 4Diamonds P3 QDiamonds P0 6Diamonds 
P3 AClubs P0 6Clubs P1 JClubs P2 QClubs 
P3 4Clubs P0 KClubs P1 5Clubs P2 7Spades 
P0 6Hearts P1 4Hearts P2 2Hearts P3 3Hearts 
P0 QHearts P1 5Hearts P2 KHearts P3 7Hearts 
P3 QSpades P0 3Clubs P1 JSpades P2 3Spades 
P1 JHearts P2 5Spades P3 JDiamonds P0 2Clubs 
P1 AHearts P2 KDiamonds P3 KSpades P0 7Clubs 
-- /GAME --
P0 HAND: 4Diamonds, 3Diamonds, 2Diamonds, KHearts, JHearts, QHearts, 4Hearts, 3Hearts, ASpades, KSpades.
P1 HAND: 7Diamonds, 5Diamonds, AClubs, QClubs, 4Clubs, 3Clubs, 2Clubs, 6Spades, 5Spades, 2Spades.
P2 HAND: KDiamonds, QDiamonds, 6Diamonds, KClubs, JClubs, 5Clubs, AHearts, 2Hearts, QSpades, 4Spades.
P3 HAND: ADiamonds, JDiamonds, 7Clubs, 6Clubs, 7Hearts, 6Hearts, 5Hearts, 7Spades, JSpades, 3Spades.
P1 2Clubs P2 5Clubs P3 6Clubs P0 4Hearts 
P3 3Spades P0 KSpades P1 2Spades P2 QSpades 
P0 3Diamonds P1 5Diamonds P2 6Diamonds P3 JDiamonds 
P3 5Hearts P0 QHearts P1 3Clubs P2 AHearts 
P2 2Hearts P3 6Hearts P0 JHearts P1 4Clubs 
P0 ASpades P1 5Spades P2 4Spades P3 JSpades 
P0 2Diamonds P1 7Diamonds P2 QDiamonds P3 ADiamonds 
P3 7Clubs P0 4Diamonds P1 QClubs P2 KClubs 
P0 KHearts P1 6Spades P2 KDiamonds P3 7Hearts 
P2 JClubs P3 7Spades P0 3Hearts P1 AClubs 
-- /GAME --
P0 HAND: QDiamonds, 4Diamonds, 3Diamonds, AClubs, 4Clubs, AHearts, 5Hearts, 4Hearts, 4Spades, 2Spades.
P1 HAND: ADiamonds, 7Diamonds, 6Diamonds, 5Diamonds, JClubs, 5Clubs, 3Clubs, 7Hearts, 2Hearts, JSpades.
P2 HAND: KDiamonds, 2Diamonds, KClubs, QClubs, 6Clubs, JHearts, ASpades, KSpades, 5Spades, 3Spades.
P3 HAND: JDiamonds, 7Clubs, 2Clubs, KHearts, QHearts, 6Hearts, 3Hearts, 7Spades, QSpades, 6Spades.
P0 4Spades P1 JSpades P2 ASpades P3 6Spades 
P2 2Diamonds P3 JDiamonds P0 4Diamonds P1 ADiamonds 
P1 3Clubs P2 6Clubs P3 2Clubs P0 4Clubs 
P2 3Spades P3 QSpades P0 2Spades P1 7Diamonds 
P3 3Hearts P0 4Hearts P1 2Hearts P2 JHearts 
P2 5Spades P3 7Spades P0 5Hearts P1 7Hearts 
P1 5Diamonds P2 KDiamonds P3 6Hearts P0 3Diamonds 
P3 QHearts P0 AHearts P1 5Clubs P2 KClubs 
P0 QDiamonds P1 6Diamonds P2 QClubs P3 KHearts 
P3 7Clubs P0 AClubs P1 JClubs P2 KSpades 
-- /GAME --
P0 HAND: 7Diamonds, KDiamonds, JDiamonds, 4Diamonds, AClubs, QClubs, 6Clubs, 7Spades, QSpades, 3Spades.
P1 HAND: 6Diamonds, 5Diamonds, 2Diamonds, 7Clubs, JClubs, 2Clubs, 7Hearts, JHearts, 6Spades, 2Spades.
P2 HAND: ADiamonds, QDiamonds, KClubs, 3Clubs, 6Hearts, 5Hearts, 4Hearts, 2Hearts, JSpades, 5Spades.
P3 HAND: 3Diamonds, 5Clubs, 4Clubs, AHearts, KHearts, QHearts, 3Hearts, ASpades, KSpades, 4Spades.
P3 AHearts P0 JDiamonds P1 JHearts P2 6Hearts 
P0 AClubs P1 2Clubs P2 KClubs P3 4Clubs 
P0 6Clubs P1 JClubs P2 3Clubs P3 5Clubs 
P1 2Spades P2 5Spades P3 ASpades P0 3Spades 
P3 3Hearts P0 QClubs P1 7Hearts P2 2Hearts 
P1 6Spades P2 JSpades P3 4Spades P0 7Spades 
P0 QSpades P1 2Diamonds P2 4Hearts P3 KSpades 
P1 5Diamonds P2 QDiamonds P3 3Diamonds P0 7Diamonds 
P0 4Diamonds P1 6Diamonds P2 ADiamonds P3 QHearts 
P2 5Hearts P3 KHearts P0 KDiamonds P1 7Clubs 
-- /GAME --
P0 HAND: QDiamonds, AClubs, 7Clubs, JClubs, 6Clubs, 5Clubs, 4Hearts, 2Hearts, ASpades, 3Spades.
P1 HAND: KDiamonds, JDiamonds, 5Diamonds, 4Diamonds, KClubs, 2Clubs, 7Hearts, 7Spades, QSpades, 2Spades.
P2 HAND: 7Diamonds, 3Diamonds, 3Clubs, KHearts, JHearts, QHearts, 6Hearts, 5Hearts, 6Spades, 5Spades.
P3 HAND: ADiamonds, 6Diamonds, 2Diamonds, QClubs, 4Clubs, AHearts, 3Hearts, KSpades, JSpades, 4Spades.
P2 3Clubs P3 4Clubs P0 AClubs P1 2Clubs 
P0 ASpades P1 2Spades P2 6Spades P3 4Spades 
P0 2Hearts P1 7Hearts P2 5Hearts P3 AHearts 
P3 3Hearts P0 4Hearts P1 QSpades P2 KHearts 
P2 5Spades P3 JSpades P0 3Spades P1 7Spades 
P1 4Diamonds P2 3Diamonds P3 2Diamonds P0 QDiamonds 
P0 6Clubs P1 KClubs P2 6Hearts P3 QClubs 
P1 5Diamonds P2 7Diamonds P3 ADiamonds P0 5Clubs 
P3 6Diamonds P0 JClubs P1 JDiamonds P2 QHearts 
P1 KDiamonds P2 JHearts P3 KSpades P0 7Clubs 
-- /GAME --
P0 HAND: AClubs, JClubs, 5Clubs, 4Clubs, 3Clubs, 2Clubs, JHearts, KSpades, JSpades, 6Spades.
P1 HAND: KDiamonds, QDiamonds, 6Diamonds, KClubs, QClubs, 6Clubs, 7Hearts, KHearts, 6Hearts, QSpades.
P2 HAND: ADiamonds, 4Diamonds, 3Diamonds, 7Clubs, AHearts, QHearts, 4Hearts, ASpades, 5Spades, 3Spades.
P3 HAND: 7Diamonds, JDiamonds, 5Diamonds, 2Diamonds, 5Hearts, 3Hearts, 2Hearts, 7Spades, 4Spades, 2Spades.
P1 6Diamonds P2 ADiamonds P3 2Diamonds P0 JHearts 
P2 AHearts P3 2Hearts P0 AClubs P1 6Hearts 
P2 7Clubs P3 2Spades P0 5Clubs P1 KClubs 
P3 3Hearts P0 JSpades P1 KHearts P2 QHearts 
P0 JClubs P1 6Clubs P2 3Diamonds P3 5Diamonds 
P0 4Clubs P1 QClubs P2 4Diamonds P3 7Diamonds 
P1 QDiamonds P2 4Hearts P3 JDiamonds P0 KSpades 
P0 3Clubs P1 QSpades P2 3Spades P3 5Hearts 
P1 KDiamonds P2 5Spades P3 4Spades P0 2Clubs 
P2 ASpades P3 7Spades P0 6Spades P1 7Hearts 
-- /GAME --
P0 HAND: 4Diamonds, 3Diamonds, KClubs, JClubs, 2Clubs, QHearts, 6Hearts, 4Hearts, ASpades, QSpades.
P1 HAND: JDiamonds, 6Diamonds, 5Diamonds, 7Clubs, 6Clubs, 3Clubs, 7Hearts, KHearts, 5Hearts, 5Spades.
P2 HAND: QDiamonds, 2Diamonds, 5Clubs, 4Clubs, JHearts, 2Hearts, 7Spades, JSpades, 4Spades, 3Spades.
P3 HAND: ADiamonds, 7Diamonds, KDiamonds, AClubs, QClubs, AHearts, 3Hearts, KSpades, 6Spades, 2Spades.
P3 ADiamonds P0 4Diamonds P1 JDiamonds P2 2Diamonds 
P3 AHearts P0 4Hearts P1 7Hearts P2 2Hearts 
P3 2Spades P0 QSpades P1 5Spades P2 7Spades 
P2 3Spades P3 6Spades P0 ASpades P1 3Clubs 
P1 5Diamonds P2 QDiamonds P3 7Diamonds P0 3Diamonds 
P3 3Hearts P0 QHearts P1 KHearts P2 JHearts 
P1 5Hearts P2 4Spades P3 QClubs P0 6Hearts 
P3 AClubs P0 JClubs P1 6Clubs P2 4Clubs 
P3 KDiamonds P0 KClubs P1 6Diamonds P2 JSpades 
P0 2Clubs P1 7Clubs P2 5Clubs P3 KSpades 
-- /GAME --
P0 HAND: KDiamonds, 5Diamonds, KClubs, 3Clubs, QHearts, 6Hearts, 2Hearts, 7Spades, 4Spades, 2Spades.
P1 HAND: ADiamonds, 6Diamonds, 7Clubs, JClubs, 6Clubs, 5Clubs, JHearts, KSpades, 5Spades, 3Spades.
P2 HAND: 7Diamonds, JDiamonds, QDiamonds, 4Diamonds, 3Diamonds, 4Clubs, AHearts, 4Hearts, 3Hearts, 6Spades.
P3 HAND: 2Diamonds, AClubs, QClubs, 2Clubs, 7Hearts, KHearts, 5Hearts, ASpades, JSpades, QSpades.
P2 3Diamonds P3 2Diamonds P0 5Diamonds P1 ADiamonds 
P1 3Spades P2 6Spades P3 ASpades P0 4Spades 
P3 AClubs P0 3Clubs P1 7Clubs P2 4Clubs 
P3 2Clubs P0 KClubs P1 5Clubs P2 7Diamonds 
P0 6Hearts P1 JHearts P2 3Hearts P3 5Hearts 
P1 5Spades P2 4Diamonds P3 QSpades P0 7Spades 
P0 2Hearts P1 6Diamonds P2 4Hearts P3 KHearts 
P3 QClubs P0 QHearts P1 6Clubs P2 JDiamonds 
P0 2Spades P1 KSpades P2 QDiamonds P3 JSpades 
P1 JClubs P2 AHearts P3 7Hearts P0 KDiamonds 
-- /GAME --
P0 HAND: 7Diamonds, QDiamonds, QClubs, 5Clubs, 2Clubs, AHearts, 6Hearts, 4Hearts, ASpades, 3Spades.
P1 HAND: ADiamonds, JDiamonds, 4Diamonds, 2Diamonds, JClubs, 6Clubs, JHearts, 5Spades, 4Spades, 2Spades.
P2 HAND: 5Diamonds, 3Diamonds, 7Clubs, 4Clubs, 7Hearts, KHearts, QHearts, 5Hearts, QSpades, 6Spades.
P3 HAND: KDiamonds, 6Diamonds, AClubs, KClubs, 3Clubs, 3Hearts, 2Hearts, 7Spades, KSpades, JSpades.
P1 ADiamonds P2 3Diamonds P3 KDiamonds P0 QDiamonds 
P1 2Diamonds P2 5Diamonds P3 6Diamonds P0 7Diamonds 
P0 6Hearts P1 JHearts P2 5Hearts P3 2Hearts 
P1 2Spades P2 6Spades P3 JSpades P0 ASpades 
P0 4Hearts P1 4Diamonds P2 QHearts P3 3Hearts 
P2 4Clubs P3 AClubs P0 5Clubs P1 JClubs 
P3 3Clubs P0 2Clubs P1 6Clubs P2 7Clubs 
P2 QSpades P3 KSpades P0 3Spades P1 5Spades 
P3 KClubs P0 QClubs P1 4Spades P2 KHearts 
P2 7Hearts P3 7Spades P0 AHearts P1 JDiamonds 
-- /GAME --
P0 HAND: JDiamonds, 4Diamonds, 3Diamonds, AClubs, 6Clubs, 5Clubs, 2Clubs, 7Hearts, 4Hearts, 2Spades.
P1 HAND: ADiamonds, 7Diamonds, QDiamonds, 6Diamonds, KClubs, 4Clubs, AHearts, KHearts, JSpades, QSpades.
P2 HAND: 2Diamonds, QClubs, 3Clubs, JHearts, 3Hearts, 2Hearts, ASpades, KSpades, 6Spades, 3Spades.
P3 HAND: KDiamonds, 5Diamonds, 7Clubs, JClubs, QHearts, 6Hearts, 5Hearts, 7Spades, 5Spades, 4Spades.
P0 AClubs P1 4Clubs P2 QClubs P3 JClubs 
P0 2Spades P1 QSpades P2 ASpades P3 4Spades 
P2 2Diamonds P3 5Diamonds P0 4Diamonds P1 ADiamonds 
P1 6Diamonds P2 3Clubs P3 KDiamonds P0 3Diamonds 
P3 5Spades P0 JDiamonds P1 JSpades P2 KSpades 
P2 3Spades P3 7Spades P0 7Hearts P1 AHearts 
P1 QDiamonds P2 6Spades P3 5Hearts P0 5Clubs 
P3 6Hearts P0 4Hearts P1 KHearts P2 2Hearts 
P1 KClubs P2 3Hearts P3 7Clubs P0 6Clubs 
P2 JHearts P3 QHearts P0 2Clubs P1 7Diamonds 
-- /GAME --
P0 HAND: QDiamonds, 5Diamonds, KClubs, JClubs, 4Clubs, AHearts, QHearts, QSpades, 6Spades, 2Spades.
P1 HAND: 6Diamonds, QClubs, 6Clubs, 3Clubs, 2Clubs, 7Hearts, 5Hearts, 2Hearts, ASpades, 5Spades.
P2 HAND: KDiamonds, 4Diamonds, 3Diamonds, 2Diamonds, AClubs, 7Clubs, 5Clubs, KHearts, 6Hearts, 7Spades.
P3 HAND: ADiamonds, 7Diamonds, JDiamonds, JHearts, 4Hearts, 3Hearts, KSpades, JSpades, 4Spades, 3Spades.
P3 3Hearts P0 AHearts P1 2Hearts P2 KHearts 
P0 QHearts P1 5Hearts P2 6Hearts P3 JHearts 
P3 3Spades P0 6Spades P1 ASpades P2 7Spades 
P1 2Clubs P2 AClubs P3 JDiamonds P0 KClubs 
P3 4Hearts P0 JClubs P1 7Hearts P2 2Diamonds 
P2 5Clubs P3 4Spades P0 4Clubs P1 QClubs 
P1 3Clubs P2 7Clubs P3 7Diamonds P0 2Spades 
P3 JSpades P0 QSpades P1 5Spades P2 3Diamonds 
P2 4Diamonds P3 ADiamonds P0 5Diamonds P1 6Diamonds 
P3 KSpades P0 QDiamonds P1 6Clubs P2 KDiamonds 
-- /GAME --
P0 HAND: 7Diamonds, 5Diamonds, 4Diamonds, 6Clubs, 6Hearts, 4Hearts, 2Hearts, 7Spades, JSpades, 6Spades.
P1 HAND: 2Diamonds, JClubs, QClubs, 2Clubs, AHearts, 7Hearts, KHearts, QHearts, ASpades, 5Spades.
P2 HAND: ADiamonds, QDiamonds, AClubs, 5Clubs, 4Clubs, 3Hearts, KSpades, 4Spades, 3Spades, 2Spades.
P3 HAND: KDiamonds, JDiamonds, 6Diamonds, 3Diamonds, 7Clubs, KClubs, 3Clubs, JHearts, 5Hearts, QSpades.
P2 ADiamonds P3 3Diamonds P0 7Diamonds P1 2Diamonds 
P2 AClubs P3 3Clubs P0 6Clubs P1 2Clubs 
P2 2Spades P3 QSpades P0 6Spades P1 ASpades 
P1 5Spades P2 3Spades P3 6Diamonds P0 7Spades 
P0 5Diamonds P1 QClubs P2 QDiamonds P3 KDiamonds 
P3 JDiamonds P0 4Diamonds P1 QHearts P2 4Clubs 
P1 JClubs P2 5Clubs P3 KClubs P0 6Hearts 
P0 2Hearts P1 KHearts P2 3Hearts P3 5Hearts 
P1 7Hearts P2 4Spades P3 JHearts P0 4Hearts 
P1 AHearts P2 KSpades P3 7Clubs P0 JSpades 
-- /GAME --

