-- GAME --
P0 HAND: ADiamonds, 7Diamonds, KDiamonds, JDiamonds, QDiamonds, KClubs, 3Clubs, 6Hearts, 5Spades, 3Spades.
P1 HAND: 6Diamonds, 7Clubs, QClubs, 2Clubs, KHearts, 5Hearts, ASpades, 7Spades, QSpades, 6Spades.
P2 HAND: 5Diamonds, 4Diamonds, 2Diamonds, JClubs, 6Clubs, AHearts, 4Hearts, 3Hearts, 4Spades, 2Spades.
P3 HAND: 3Diamonds, AClubs, 5Clubs, 4Clubs, 7Hearts, JHearts, QHearts, 2Hearts, KSpades, JSpades.
P3 AClubs P0 3Clubs P1 7Clubs P2 6Clubs 
P3 2Hearts P0 6Hearts P1 5Hearts P2 AHearts 
P2 2Diamonds P3 3Diamonds P0 ADiamonds P1 6Diamonds 
P0 KClubs P1 2Clubs P2 JClubs P3 4Clubs 
P0 3Spades P1 6Spades P2 2Spades P3 JSpades 
P3 5Clubs P0 QDiamonds P1 QClubs P2 3Hearts 
P1 QSpades P2 4Spades P3 KSpades P0 5Spades 
P3 QHearts P0 JDiamonds P1 KHearts P2 4Hearts 
P1 7Spades P2 4Diamonds P3 JHearts P0 KDiamonds 
P1 ASpades P2 5Diamonds P3 7Hearts P0 7Diamonds 
-- /GAME --
P0 HAND: KDiamonds, 6Diamonds, AClubs, QClubs, 2Clubs, 5Hearts, ASpades, JSpades, QSpades, 3Spades.
P1 HAND: ADiamonds, 5Diamonds, 3Diamonds, 4Clubs, JHearts, 6Hearts, 4Hearts, 7Spades, 6Spades, 5Spades.
P2 HAND: 7Diamonds, JDiamonds, 2Diamonds, JClubs, 6Clubs, 5Clubs, AHearts, 7Hearts, KSpades, 4Spades.
P3 HAND: QDiamonds, 4Diamonds, 7Clubs, KClubs, 3Clubs, KHearts, QHearts, 3Hearts, 2Hearts, 2Spades.
P2 2Diamonds P3 4Diamonds P0 6Diamonds P1 ADiamonds 
P1 3Diamonds P2 JDiamonds P3 QDiamonds P0 KDiamonds 
P0 AClubs P1 4Clubs P2 JClubs P3 3Clubs 
P0 ASpades P1 5Spades P2 KSpades P3 2Spades 
P0 2Clubs P1 5Diamonds P2 5Clubs P3 7Clubs 
P3 2Hearts P0 5Hearts P1 4Hearts P2 7Hearts 
P2 4Spades P3 3Hearts P0 3Spades P1 7Spades 
P3 QHearts P0 QClubs P1 6Hearts P2 AHearts 
P2 6Clubs P3 KClubs P0 QSpades P1 6Spades 
P3 KHearts P0 JSpades P1 JHearts P2 7Diamonds 
-- /GAME --
P0 HAND: JDiamonds, QDiamonds, 3Diamonds, 7Clubs, 4Clubs, 2Clubs, JHearts, ASpades, 7Spades, QSpades.
P1 HAND: ADiamonds, 5Diamonds, 3Clubs, AHearts, 7Hearts, KHearts, 3Hearts, JSpades, 6Spades, 2Spades.
P2 HAND: 7Diamonds, 6Diamonds, 2Diamonds, KClubs, JClubs, QClubs, 2Hearts, 5Spades, 4Spades, 3Spades.
P3 HAND: KDiamonds, 4Diamonds, AClubs, 6Clubs, 5Clubs, QHearts, 6Hearts, 5Hearts, 4Hearts, KSpades.
P1 AHearts P2 2Hearts P3 QHearts P0 JHearts 
P1 2Spades P2 3Spades P3 KSpades P0 ASpades 
P0 3Diamonds P1 5Diamonds P2 2Diamonds P3 4Diamonds 
P1 3Clubs P2 QClubs P3 AClubs P0 2Clubs 
P3 4Hearts P0 4Clubs P1 7Hearts P2 6Diamonds 
P2 4Spades P3 5Clubs P0 7Spades P1 6Spades 
P0 QDiamonds P1 ADiamonds P2 7Diamonds P3 KDiamonds 
P1 3Hearts P2 5Spades P3 5Hearts P0 QSpades 
P3 6Clubs P0 7Clubs P1 JSpades P2 KClubs 
P0 JDiamonds P1 KHearts P2 JClubs P3 6Hearts 
-- /GAME --
P0 HAND: ADiamonds, KDiamonds, 6Diamonds, 7Clubs, 2Clubs, AHearts, 5Hearts, ASpades, 4Spades, 3Spades.
P1 HAND: QDiamonds, 4Diamonds, 2Diamonds, AClubs, KClubs, 5Clubs, JHearts, 2Hearts, JSpades, QSpades.
P2 HAND: 7Diamonds, 3Diamonds, JClubs, 7Hearts, KHearts, 6Hearts, 7Spades, KSpades, 6Spades, 2Spades.
P3 HAND: JDiamonds, 5Diamonds, QClubs, 6Clubs, 4Clubs, 3Clubs, QHearts, 4Hearts, 3Hearts, 5Spades.
P0 ADiamonds P1 2Diamonds P2 7Diamonds P3 5Diamonds 
P0 ASpades P1 QSpades P2 7Spades P3 5Spades 
P0 KDiamonds P1 4Diamonds P2 3Diamonds P3 JDiamonds 
P0 6Diamonds P1 QDiamonds P2 2Spades P3 QClubs 
P1 AClubs P2 JClubs P3 6Clubs P0 2Clubs 
P1 5Clubs P2 6Spades P3 3Clubs P0 7Clubs 
P0 AHearts P1 2Hearts P2 6Hearts P3 3Hearts 
P0 3Spades P1 JSpades P2 KSpades P3 4Hearts 
P3 4Clubs P0 5Hearts P1 KClubs P2 KHearts 
P2 7Hearts P3 QHearts P0 4Spades P1 JHearts 
-- /GAME --
P0 HAND: ADiamonds, AClubs, KClubs, 6Clubs, 4Clubs, 3Clubs, 7Spades, QSpades, 3Spades, 2Spades.
P1 HAND: JDiamonds, 5Diamonds, 3Diamonds, 5Clubs, 2Clubs, 7Hearts, JHearts, 6Hearts, 5Hearts, 4Hearts.
P2 HAND: 7Diamonds, KDiamonds, 6Diamonds, 2Diamonds, QClubs, QHearts, 3Hearts, 2Hearts, KSpades, 4Spades.
P3 HAND: QDiamonds, 4Diamonds, 7Clubs, JClubs, AHearts, KHearts, ASpades, JSpades, 6Spades, 5Spades.
P1 3Diamonds P2 2Diamonds P3 4Diamonds P0 ADiamonds 
P0 AClubs P1 2Clubs P2 QClubs P3 JClubs 
P0 3Clubs P1 5Clubs P2 2Hearts P3 7Clubs 
P3 AHearts P0 4Clubs P1 4Hearts P2 QHearts 
P0 2Spades P1 5Diamonds P2 4Spades P3 ASpades 
P3 5Spades P0 QSpades P1 5Hearts P2 KSpades 
P2 3Hearts P3 KHearts P0 6Clubs P1 6Hearts 
P0 KClubs P1 JDiamonds P2 6Diamonds P3 6Spades 
P0 7Spades P1 JHearts P2 7Diamonds P3 JSpades 
P0 3Spades P1 7Hearts P2 KDiamonds P3 QDiamonds 
-- /GAME --
P0 HAND: ADiamonds, 2Diamonds, JClubs, 5Clubs, 3Clubs, QHearts, 3Hearts, ASpades, 5Spades, 4Spades.
P1 HAND: JDiamonds, 5Diamonds, 4Diamonds, 4Clubs, 6Hearts, 7Spades, KSpades, QSpades, 6Spades, 2Spades.
P2 HAND: KDiamonds, QDiamonds, 6Diamonds, KClubs, QClubs, 2Clubs, JHearts, 5Hearts, 4Hearts, 2Hearts.
P3 HAND: 7Diamonds, 3Diamonds, AClubs, 7Clubs, 6Clubs, AHearts, 7Hearts, KHearts, JSpades, 3Spades.
P0 ASpades P1 2Spades P2 KClubs P3 3Spades 
P0 3Hearts P1 6Hearts P2 2Hearts P3 AHearts 
P3 AClubs P0 3Clubs P1 4Clubs P2 2Clubs 
P3 6Clubs P0 JClubs P1 6Spades P2 QClubs 
P0 2Diamonds P1 4Diamonds P2 6Diamonds P3 3Diamonds 
P2 4Hearts P3 KHearts P0 QHearts P1 7Spades 
P3 JSpades P0 4Spades P1 QSpades P2 QDiamonds 
P2 5Hearts P3 7Hearts P0 ADiamonds P1 KSpades 
P0 5Spades P1 5Diamonds P2 KDiamonds P3 7Diamonds 
P3 7Clubs P0 5Clubs P1 JDiamonds P2 JHearts 
-- /GAME --
P0 HAND: KDiamonds, JDiamonds, QClubs, QHearts, 6Hearts, 4Hearts, JSpades, 6Spades, 3Spades, 2Spades.
P1 HAND: 2Diamonds, KClubs, JClubs, 6Clubs, 3Clubs, KHearts, 5Hearts, 3Hearts, 5Spades, 4Spades.
P2 HAND: QDiamonds, 5Diamonds, 3Diamonds, AClubs, 7Clubs, 2Clubs, AHearts, 7Hearts, JHearts, KSpades.
P3 HAND: ADiamonds, 7Diamonds, 6Diamonds, 4Diamonds, 5Clubs, 4Clubs, 2Hearts, ASpades, 7Spades, QSpades.
P3 ADiamonds P0 JDiamonds P1 2Diamonds P2 3Diamonds 
P3 2Hearts P0 4Hearts P1 3Hearts P2 AHearts 
P2 AClubs P3 4Clubs P0 QClubs P1 3Clubs 
P2 2Clubs P3 5Clubs P0 6Hearts P1 KClubs 
P1 5Hearts P2 JHearts P3 4Diamonds P0 QHearts 
P2 5Diamonds P3 6Diamonds P0 KDiamonds P1 6Clubs 
P0 2Spades P1 4Spades P2 KSpades P3 QSpades 
P2 QDiamonds P3 7Diamonds P0 JSpades P1 JClubs 
P0 3Spades P1 5Spades P2 7Clubs P3 7Spades 
P3 ASpades P0 6Spades P1 KHearts P2 7Hearts 
-- /GAME --
P0 HAND: 6Diamonds, 3Diamonds, 3Clubs, 2Clubs, JHearts, 6Hearts, 3Hearts, JSpades, 6Spades, 2Spades.
P1 HAND: QDiamonds, 5Diamonds, AClubs, KClubs, AHearts, QHearts, 4Hearts, 2Hearts, 5Spades, 3Spades.
P2 HAND: KDiamonds, JDiamonds, 4Diamonds, 2Diamonds, 7Clubs, 4Clubs, 7Hearts, ASpades, 7Spades, KSpades.
P3 HAND: ADiamonds, 7Diamonds, JClubs, QClubs, 6Clubs, 5Clubs, KHearts, 5Hearts, QSpades, 4Spades.
P2 ASpades P3 4Spades P0 JSpades P1 3Spades 
P2 2Diamonds P3 ADiamonds P0 3Diamonds P1 QDiamonds 
P3 5Hearts P0 3Hearts P1 AHearts P2 7Hearts 
P1 2Hearts P2 4Diamonds P3 KHearts P0 6Hearts 
P3 QSpades P0 2Spades P1 5Spades P2 7Spades 
P2 JDiamonds P3 7Diamonds P0 6Diamonds P1 5Diamonds 
P3 5Clubs P0 2Clubs P1 KClubs P2 4Clubs 
P1 4Hearts P2 7Clubs P3 6Clubs P0 JHearts 
P2 KDiamonds P3 QClubs P0 6Spades P1 QHearts 
P3 JClubs P0 3Clubs P1 AClubs P2 KSpades 
-- /GAME --
P0 HAND: JDiamonds, AClubs, KClubs, JHearts, 6Hearts, 3Hearts, ASpades, 7Spades, JSpades, 2Spades.
P1 HAND: 7Diamonds, 2Diamonds, JClubs, 4Clubs, KHearts, 5Hearts, 4Hearts, KSpades, 5Spades, 3Spades.
P2 HAND: ADiamonds, QDiamonds, 3Diamonds, 7Clubs, QClubs, 6Clubs, 3Clubs, AHearts, 2Hearts, 6Spades.
P3 HAND: KDiamonds, 6Diamonds, 5Diamonds, 4Diamonds, 5Clubs, 2Clubs, 7Hearts, QHearts, QSpades, 4Spades.
P1 2Diamonds P2 ADiamonds P3 4Diamonds P0 JDiamonds 
P2 3Diamonds P3 5Diamonds P0 2Spades P1 7Diamonds 
P1 3Spades P2 6Spades P3 4Spades P0 ASpades 
P0 AClubs P1 4Clubs P2 7Clubs P3 2Clubs 
P0 3Hearts P1 4Hearts P2 2Hearts P3 QHearts 
P3 5Clubs P0 KClubs P1 JClubs P2 QClubs 
P0 6Hearts P1 5Hearts P2 AHearts P3 7Hearts 
P2 3Clubs P3 6Diamonds P0 JSpades P1 5Spades 
P2 6Clubs P3 QSpades P0 JHearts P1 KHearts 
P1 KSpades P2 QDiamonds P3 KDiamonds P0 7Spades 
-- /GAME --
P0 HAND: ADiamonds, 4Diamonds, AClubs, 6Clubs, 7Hearts, 6Hearts, 7Spades, JSpades, 5Spades, 4Spades.
P1 HAND: KDiamonds, 5Diamonds, 2Diamonds, QClubs, KHearts, JHearts, 5Hearts, ASpades, QSpades, 2Spades.
P2 HAND: JDiamonds, 6Diamonds, 7Clubs, KClubs, 2Clubs, 4Hearts, 3Hearts, 2Hearts, 6Spades, 3Spades.
P3 HAND: 7Diamonds, QDiamonds, 3Diamonds, JClubs, 5Clubs, 4Clubs, 3Clubs, AHearts, QHearts, KSpades.
P0 ADiamonds P1 2Diamonds P2 JDiamonds P3 3Diamonds 
P0 6Hearts P1 5Hearts P2 2Hearts P3 AHearts 
P3 QDiamonds P0 4Diamonds P1 5Diamonds P2 6Diamonds 
P3 QHearts P0 7Hearts P1 JHearts P2 4Hearts 
P0 4Spades P1 ASpades P2 3Spades P3 KSpades 
P1 2Spades P2 6Spades P3 3Clubs P0 5Spades 
P3 4Clubs P0 6Clubs P1 QClubs P2 2Clubs 
P1 QSpades P2 3Hearts P3 5Clubs P0 JSpades 
P3 JClubs P0 AClubs P1 KDiamonds P2 KClubs 
P0 7Spades P1 KHearts P2 7Clubs P3 7Diamonds 
-- /GAME --
P0 HAND: 7Diamonds, 4Diamonds, 7Clubs, JClubs, 6Clubs, 4Clubs, 3Hearts, 2Hearts, 4Spades, 2Spades.
P1 HAND: ADiamonds, AClubs, KClubs, QClubs, 7Hearts, KHearts, 6Hearts, 4Hearts, KSpades, 5Spades.
P2 HAND: JDiamonds, 6Diamonds, 2Diamonds, 5Clubs, 2Clubs, AHearts, JHearts, ASpades, 7Spades, 6Spades.
P3 HAND: KDiamonds, QDiamonds, 5Diamonds, 3Diamonds, 3Clubs, QHearts, 5Hearts, JSpades, QSpades, 3Spades.
P3 3Clubs P0 4Clubs P1 AClubs P2 2Clubs 
P1 4Hearts P2 AHearts P3 5Hearts P0 2Hearts 
P2 ASpades P3 3Spades P0 2Spades P1 5Spades 
P2 5Clubs P3 QHearts P0 6Clubs P1 KClubs 
P1 6Hearts P2 JHearts P3 QSpades P0 3Hearts 
P2 6Spades P3 JSpades P0 4Spades P1 KSpades 
P1 QClubs P2 2Diamonds P3 3Diamonds P0 JClubs 
P3 5Diamonds P0 4Diamonds P1 ADiamonds P2 6Diamonds 
P1 KHearts P2 JDiamonds P3 KDiamonds P0 7Diamonds 
P0 7Clubs P1 7Hearts P2 7Spades P3 QDiamonds 
-- /GAME --
P0 HAND: ADiamonds, 7Diamonds, KDiamonds, KClubs, QClubs, AHearts, 7Spades, QSpades, 5Spades, 3Spades.
P1 HAND: JDiamonds, QDiamonds, 3Diamonds, 7Clubs, JHearts, 6Hearts, 3Hearts, 2Hearts, ASpades, 2Spades.
P2 HAND: 6Diamonds, 5Diamonds, 4Diamonds, JClubs, 6Clubs, 4Clubs, KHearts, QHearts, 5Hearts, KSpades.
P3 HAND: 2Diamonds, AClubs, 5Clubs, 3Clubs, 2Clubs, 7Hearts, 4Hearts, JSpades, 6Spades, 4Spades.
P2 4Diamonds P3 2Diamonds P0 ADiamonds P1 3Diamonds 
P0 AHearts P1 2Hearts P2 KHearts P3 4Hearts 
P0 3Spades P1 ASpades P2 KSpades P3 JSpades 
P1 2Spades P2 5Diamonds P3 4Spades 
