-- GAME --
P0 KHearts P1 5Hearts P2 6Diamonds P3 4Hearts 
P0 JHearts P1 6Hearts P2 6Clubs P3 2Diamonds 
P0 QHearts P1 7Hearts P2 4Spades P3 7Spades 
P3 3Diamonds P0 ADiamonds P1 KDiamonds P2 AClubs 
P0 4Diamonds P1 2Spades P2 QClubs P3 7Diamonds 
P1 JClubs P2 KClubs P3 ASpades P0 4Clubs 
P3 QDiamonds P0 JSpades P1 KSpades P2 5Spades 
P1 QSpades P2 6Spades P3 JDiamonds P0 3Spades 
-- /GAME --
P0 HAND: 7Diamonds, AClubs, 5Clubs, 4Clubs, QHearts, 4Hearts, 2Hearts, KSpades, QSpades, 2Spades.
P1 HAND: ADiamonds, JDiamonds, QDiamonds, 6Diamonds, 3Diamonds, 7Hearts, KHearts, 6Hearts, 3Hearts, 5Spades.
P2 HAND: KDiamonds, 2Diamonds, 7Clubs, QClubs, 6Clubs, 3Clubs, 5Hearts, 7Spades, JSpades, 3Spades.
P3 HAND: 5Diamonds, 4Diamonds, KClubs, JClubs, 2Clubs, AHearts, JHearts, ASpades, 6Spades, 4Spades.
P1 3Diamonds P2 2Diamonds P3 4Diamonds P0 7Diamonds 
P0 AClubs P1 3Hearts P2 3Clubs P3 KClubs 
P1 5Spades P2 3Spades P3 ASpades P0 2Spades 
P3 2Clubs P0 5Clubs P1 6Diamonds P2 7Clubs 
P2 6Clubs P3 JClubs P0 4Clubs P1 ADiamonds 
P3 4Spades P0 KSpades P1 QDiamonds P2 7Spades 
P2 QClubs P3 5Diamonds P0 QHearts P1 6Hearts 
P0 4Hearts P1 KHearts P2 5Hearts P3 JHearts 
P1 JDiamonds P2 KDiamonds P3 AHearts P0 QSpades 
P3 6Spades P0 2Hearts P1 7Hearts P2 JSpades 
-- /GAME --
P0 HAND: KDiamonds, JDiamonds, 6Diamonds, 3Diamonds, 2Diamonds, 7Clubs, 2Hearts, 7Spades, KSpades, QSpades.
P1 HAND: ADiamonds, 5Diamonds, 5Clubs, AHearts, 7Hearts, 6Hearts, 4Hearts, 3Hearts, 5Spades, 2Spades.
P2 HAND: QDiamonds, AClubs, 6Clubs, 2Clubs, KHearts, QHearts, 5Hearts, ASpades, JSpades, 3Spades.
P3 HAND: 7Diamonds, 4Diamonds, KClubs, JClubs, QClubs, 4Clubs, 3Clubs, JHearts, 6Spades, 4Spades.
P2 AClubs P3 3Clubs P0 7Clubs P1 5Clubs 
P2 2Clubs P3 4Clubs P0 2Hearts P1 ADiamonds 
P3 7Diamonds P0 KDiamonds P1 5Diamonds P2 QDiamonds 
P3 4Diamonds P0 JDiamonds P1 3Hearts P2 KHearts 
P0 6Diamonds P1 4Hearts P2 QHearts P3 QClubs 
P0 3Diamonds P1 6Hearts P2 5Hearts P3 4Spades 
P3 JClubs P0 2Diamonds P1 2Spades P2 6Clubs 
P1 5Spades P2 3Spades P3 6Spades P0 7Spades 
P0 QSpades P1 7Hearts P2 JSpades P3 JHearts 
P2 ASpades P3 KClubs P0 KSpades P1 AHearts 
-- /GAME --
P0 HAND: ADiamonds, KDiamonds, JDiamonds, QDiamonds, 7Clubs, 6Clubs, 7Hearts, JHearts, QSpades, 6Spades.
P1 HAND: 5Diamonds, 4Diamonds, KClubs, JClubs, AHearts, QHearts, 5Hearts, 2Hearts, ASpades, 2Spades.
P2 HAND: 7Diamonds, 6Diamonds, 2Diamonds, QClubs, 2Clubs, 3Hearts, 7Spades, KSpades, JSpades, 4Spades.
P3 HAND: 3Diamonds, AClubs, 5Clubs, 4Clubs, 3Clubs, KHearts, 6Hearts, 4Hearts, 5Spades, 3Spades.
P1 AHearts P2 3Hearts P3 KHearts P0 JHearts 
P1 ASpades P2 4Spades P3 5Spades P0 6Spades 
P1 2Hearts P2 2Clubs P3 4Hearts P0 7Hearts 
P0 ADiamonds P1 4Diamonds P2 2Diamonds P3 3Diamonds 
P0 QDiamonds P1 5Diamonds P2 6Diamonds P3 3Clubs 
P0 JDiamonds P1 2Spades P2 7Diamonds P3 3Spades 
P2 QClubs P3 AClubs P0 6Clubs P1 KClubs 
P3 4Clubs P0 7Clubs P1 JClubs P2 7Spades 
P0 QSpades P1 5Hearts P2 JSpades P3 5Clubs 
P2 KSpades P3 6Hearts P0 KDiamonds P1 QHearts 
-- /GAME --
P0 HAND: KDiamonds, 6Diamonds, 5Clubs, 2Clubs, KHearts, QHearts, 6Hearts, 2Hearts, 6Spades, 5Spades.
P1 HAND: ADiamonds, JDiamonds, 4Diamonds, JClubs, 4Clubs, 3Clubs, 5Hearts, 3Hearts, 4Spades, 2Spades.
P2 HAND: 7Diamonds, 5Diamonds, 2Diamonds, KClubs, QClubs, AHearts, JHearts, 7Spades, KSpades, QSpades.
P3 HAND: QDiamonds, 3Diamonds, AClubs, 7Clubs, 6Clubs, 7Hearts, 4Hearts, ASpades, JSpades, 3Spades.
P0 5Spades P1 2Spades P2 QSpades P3 ASpades 
P3 3Diamonds P0 6Diamonds P1 ADiamonds P2 2Diamonds 
P1 3Hearts P2 AHearts P3 4Hearts P0 KHearts 
P2 5Diamonds P3 QDiamonds P0 KDiamonds P1 4Diamonds 
P0 QHearts P1 5Hearts P2 JHearts P3 7Hearts 
P3 3Spades P0 6Spades P1 4Spades P2 7Spades 
P2 QClubs P3 6Clubs P0 2Clubs P1 3Clubs 
P2 KClubs P3 7Clubs P0 5Clubs P1 4Clubs 
P3 JSpades P0 6Hearts P1 JClubs P2 KSpades 
P1 JDiamonds P2 7Diamonds P3 AClubs P0 2Hearts 
-- /GAME --
P0 HAND: QDiamonds, 7Clubs, KClubs, JClubs, 4Clubs, 3Clubs, AHearts, 7Hearts, 6Hearts, 5Hearts.
P1 HAND: ADiamonds, 7Diamonds, 2Diamonds, 6Clubs, 5Clubs, KHearts, JHearts, 3Hearts, QSpades, 5Spades.
P2 HAND: KDiamonds, JDiamonds, 6Diamonds, 4Diamonds, 4Hearts, 2Hearts, 7Spades, 6Spades, 4Spades, 2Spades.
P3 HAND: 5Diamonds, 3Diamonds, AClubs, QClubs, 2Clubs, QHearts, ASpades, KSpades, JSpades, 3Spades.
P3 AClubs P0 3Clubs P1 6Clubs P2 4Diamonds 
P2 2Hearts P3 QHearts P0 AHearts P1 3Hearts 
P0 7Clubs P1 5Clubs P2 7Spades P3 2Clubs 
P0 KClubs P1 5Spades P2 6Spades P3 QClubs 
P0 JClubs P1 QSpades P2 6Diamonds P3 3Spades 
P2 2Spades P3 JSpades P0 QDiamonds P1 7Diamonds 
P1 JHearts P2 4Hearts P3 3Diamonds P0 5Hearts 
P3 5Diamonds P0 7Hearts P1 2Diamonds P2 JDiamonds 
P2 4Spades P3 KSpades P0 6Hearts P1 KHearts 
P3 ASpades P0 4Clubs P1 ADiamonds P2 KDiamonds 
-- /GAME --
P0 HAND: ADiamonds, AClubs, 7Clubs, 6Clubs, 5Clubs, 2Clubs, 7Hearts, QHearts, 6Hearts, ASpades.
P1 HAND: KDiamonds, JDiamonds, 6Diamonds, 3Diamonds, 3Clubs, KHearts, JHearts, 7Spades, KSpades, QSpades.
P2 HAND: QDiamonds, 5Diamonds, 2Diamonds, KClubs, QClubs, AHearts, 3Hearts, JSpades, 4Spades, 2Spades.
P3 HAND: 7Diamonds, 4Diamonds, JClubs, 4Clubs, 5Hearts, 4Hearts, 2Hearts, 6Spades, 5Spades, 3Spades.
P2 AHearts P3 2Hearts P0 7Hearts P1 JHearts 
P2 2Diamonds P3 4Diamonds P0 ADiamonds P1 3Diamonds 
P0 AClubs P1 3Clubs P2 KClubs P3 4Clubs 
P0 QHearts P1 KHearts P2 3Hearts P3 5Hearts 
P1 6Diamonds P2 5Diamonds P3 7Diamonds P0 ASpades 
P0 6Hearts P1 QSpades P2 QDiamonds P3 4Hearts 
P1 JDiamonds P2 QClubs P3 3Spades P0 2Clubs 
P3 JClubs P0 7Clubs P1 KSpades P2 2Spades 
P1 7Spades P2 4Spades P3 5Spades P0 5Clubs 
P1 KDiamonds P2 JSpades P3 6Spades P0 6Clubs 
-- /GAME --

