-- GAME --
P0 HAND: 7Diamonds, KDiamonds, 4Diamonds, 2Diamonds, AClubs, KHearts, JHearts, 3Hearts, ASpades, 6Spades.
P1 HAND: 3Diamonds, KClubs, 5Clubs, 4Clubs, 3Clubs, 5Hearts, 4Hearts, 2Hearts, 7Spades, 2Spades.
P2 HAND: ADiamonds, JDiamonds, QDiamonds, QClubs, 2Clubs, 7Hearts, QHearts, 6Hearts, QSpades, 4Spades.
P3 HAND: 6Diamonds, 5Diamonds, 7Clubs, JClubs, 6Clubs, AHearts, KSpades, JSpades, 5Spades, 3Spades.
P3 AHearts P0 3Hearts P1 5Hearts P2 6Hearts 
P3 3Spades P0 6Spades P1 2Spades P2 QSpades 
P2 ADiamonds P3 5Diamonds P0 7Diamonds P1 3Diamonds 
P2 4Spades P3 5Spades P0 ASpades P1 7Spades 
P0 KDiamonds P1 2Hearts P2 JDiamonds P3 6Diamonds 
P0 JHearts P1 4Hearts P2 QHearts P3 6Clubs 
P3 JSpades P0 2Diamonds P1 3Clubs P2 QDiamonds 
P1 4Clubs P2 2Clubs P3 JClubs P0 AClubs 
P0 4Diamonds P1 5Clubs P2 QClubs P3 7Clubs 
P3 KSpades P0 KHearts P1 KClubs P2 7Hearts 
-- /GAME --
P0 HAND: KDiamonds, 6Diamonds, 4Diamonds, 6Clubs, 3Clubs, 2Clubs, JHearts, 4Hearts, JSpades, 2Spades.
P1 HAND: QClubs, 5Clubs, AHearts, 7Hearts, KHearts, 6Hearts, 5Hearts, KSpades, QSpades, 4Spades.
P2 HAND: 7Diamonds, JDiamonds, 3Diamonds, AClubs, 7Clubs, JClubs, 3Hearts, 2Hearts, 7Spades, 5Spades.
P3 HAND: ADiamonds, QDiamonds, 5Diamonds, 2Diamonds, KClubs, 4Clubs, QHearts, ASpades, 6Spades, 3Spades.
P2 2Hearts P3 QHearts P0 4Hearts P1 AHearts 
P1 4Spades P2 5Spades P3 ASpades P0 2Spades 
P3 ADiamonds P0 4Diamonds P1 7Hearts P2 3Diamonds 
P3 2Diamonds P0 KDiamonds P1 5Hearts P2 7Diamonds 
P2 3Hearts P3 3Spades P0 JHearts P1 KHearts 
P1 6Hearts P2 JClubs P3 5Diamonds P0 JSpades 
P2 JDiamonds P3 QDiamonds P0 6Diamonds P1 5Clubs 
P1 QSpades P2 7Spades P3 6Spades P0 2Clubs 
P0 3Clubs P1 QClubs P2 7Clubs P3 4Clubs 
P2 AClubs P3 KClubs P0 6Clubs P1 KSpades 
-- /GAME --
P0 HAND: ADiamonds, QDiamonds, 2Diamonds, KClubs, JClubs, QClubs, 5Clubs, 3Clubs, KHearts, JSpades.
P1 HAND: JDiamonds, 6Diamonds, 4Diamonds, 3Diamonds, 4Clubs, 2Clubs, AHearts, 7Hearts, 7Spades, 3Spades.
P2 HAND: 7Diamonds, 5Diamonds, AClubs, 6Clubs, JHearts, QHearts, 5Hearts, 3Hearts, KSpades, 2Spades.
P3 HAND: KDiamonds, 7Clubs, 6Hearts, 4Hearts, 2Hearts, ASpades, QSpades, 6Spades, 5Spades, 4Spades.
P1 AHearts P2 3Hearts P3 6Hearts P0 KHearts 
P1 2Clubs P2 AClubs P3 7Clubs P0 KClubs 
P2 2Spades P3 ASpades P0 JSpades P1 7Spades 
P3 2Hearts P0 3Clubs P1 7Hearts P2 5Hearts 
P1 3Spades P2 KSpades P3 4Spades P0 JClubs 
P2 6Clubs P3 4Hearts P0 QClubs P1 4Clubs 
P0 5Clubs P1 3Diamonds P2 QHearts P3 QSpades 
P1 4Diamonds P2 5Diamonds P3 KDiamonds P0 2Diamonds 
P3 5Spades P0 QDiamonds P1 6Diamonds P2 JHearts 
P0 ADiamonds P1 JDiamonds P2 7Diamonds P3 6Spades 
-- /GAME --
P0 HAND: 5Diamonds, JClubs, 2Clubs, KHearts, JHearts, QHearts, 4Hearts, 7Spades, 6Spades, 2Spades.
P1 HAND: 7Diamonds, QClubs, 6Clubs, 5Clubs, 4Clubs, AHearts, 7Hearts, 3Hearts, JSpades, 4Spades.
P2 HAND: ADiamonds, 6Diamonds, 4Diamonds, 2Diamonds, AClubs, 7Clubs, KClubs, 5Hearts, ASpades, 3Spades.
P3 HAND: KDiamonds, JDiamonds, QDiamonds, 3Diamonds, 3Clubs, 6Hearts, 2Hearts, KSpades, QSpades, 5Spades.
P0 4Hearts P1 AHearts P2 5Hearts P3 6Hearts 
P1 3Hearts P2 2Diamonds P3 2Hearts P0 KHearts 
P0 5Diamonds P1 7Diamonds P2 ADiamonds P3 3Diamonds 
P2 AClubs P3 3Clubs P0 JClubs P1 4Clubs 
P2 4Diamonds P3 QDiamonds P0 2Clubs P1 7Hearts 
P3 JDiamonds P0 QHearts P1 4Spades P2 6Diamonds 
P1 5Clubs P2 KClubs P3 5Spades P0 7Spades 
P0 JHearts P1 6Clubs P2 3Spades P3 QSpades 
P3 KSpades P0 2Spades P1 JSpades P2 ASpades 
P2 7Clubs P3 KDiamonds P0 6Spades P1 QClubs 
-- /GAME --
P0 HAND: 7Diamonds, KDiamonds, 4Diamonds, KClubs, QClubs, 6Clubs, 5Clubs, 5Hearts, 2Hearts, ASpades.
P1 HAND: 6Diamonds, 5Diamonds, 3Diamonds, 7Clubs, 3Clubs, AHearts, KHearts, 3Hearts, 7Spades, KSpades.
P2 HAND: JDiamonds, QDiamonds, 2Diamonds, AClubs, JClubs, 2Clubs, QHearts, JSpades, 4Spades, 2Spades.
P3 HAND: ADiamonds, 4Clubs, 7Hearts, JHearts, 6Hearts, 4Hearts, QSpades, 6Spades, 5Spades, 3Spades.
P1 AHearts P2 QHearts P3 7Hearts P0 2Hearts 
P1 3Diamonds P2 2Diamonds P3 ADiamonds P0 4Diamonds 
P3 3Spades P0 ASpades P1 KSpades P2 JSpades 
P0 6Clubs P1 3Clubs P2 2Clubs P3 4Clubs 
P0 5Clubs P1 7Clubs P2 AClubs P3 4Hearts 
P2 2Spades P3 5Spades P0 5Hearts P1 7Spades 
P1 3Hearts P2 4Spades P3 6Hearts P0 QClubs 
P0 KClubs P1 5Diamonds P2 JClubs P3 6Spades 
P0 7Diamonds P1 6Diamonds P2 QDiamonds P3 QSpades 
P0 KDiamonds P1 KHearts P2 JDiamonds P3 JHearts 
-- /GAME --
P0 HAND: 2Diamonds, 5Clubs, 3Clubs, 7Hearts, KHearts, JHearts, QHearts, 6Hearts, 5Hearts, JSpades.
P1 HAND: 7Diamonds, QDiamonds, 6Diamonds, 5Diamonds, 7Clubs, JClubs, 4Clubs, 2Clubs, AHearts, 7Spades.
P2 HAND: ADiamonds, KDiamonds, AClubs, 6Clubs, 4Hearts, 3Hearts, ASpades, 6Spades, 4Spades, 2Spades.
P3 HAND: JDiamonds, 4Diamonds, 3Diamonds, KClubs, QClubs, 2Hearts, KSpades, QSpades, 5Spades, 3Spades.
P0 2Diamonds P1 5Diamonds P2 ADiamonds P3 3Diamonds 
P2 AClubs P3 QClubs P0 5Clubs P1 2Clubs 
P2 3Hearts P3 2Hearts P0 5Hearts P1 AHearts 
P1 4Clubs P2 6Clubs P3 KClubs P0 3Clubs 
P3 4Diamonds P0 QHearts P1 7Diamonds P2 KDiamonds 
P1 6Diamonds P2 4Hearts P3 JDiamonds P0 6Hearts 
P3 3Spades P0 JSpades P1 7Spades P2 ASpades 
P2 2Spades P3 5Spades P0 JHearts P1 7Clubs 
P3 QSpades P0 KHearts P1 QDiamonds P2 4Spades 
P3 KSpades P0 7Hearts P1 JClubs P2 6Spades 
-- /GAME --
P0 HAND: AClubs, 7Clubs, 4Clubs, 3Clubs, 2Clubs, 7Hearts, QHearts, 5Hearts, 2Hearts, 2Spades.
P1 HAND: 7Diamonds, JDiamonds, 5Diamonds, KClubs, AHearts, KHearts, 6Hearts, 4Hearts, KSpades, QSpades.
P2 HAND: KDiamonds, QDiamonds, 3Diamonds, JClubs, QClubs, ASpades, 7Spades, 6Spades, 5Spades, 3Spades.
P3 HAND: ADiamonds, 6Diamonds, 4Diamonds, 2Diamonds, 6Clubs, 5Clubs, JHearts, 3Hearts, JSpades, 4Spades.
P3 3Hearts P0 2Hearts P1 AHearts P2 3Diamonds 
P2 3Spades P3 4Spades P0 2Spades P1 KSpades 
P1 4Hearts P2 5Spades P3 JHearts P0 7Hearts 
P0 AClubs P1 KClubs P2 JClubs P3 5Clubs 
P0 5Hearts P1 6Hearts P2 6Spades P3 JSpades 
P1 QSpades P2 7Spades P3 2Diamonds P0 2Clubs 
P3 6Clubs P0 7Clubs P1 5Diamonds P2 QClubs 
P1 JDiamonds P2 QDiamonds P3 4Diamonds P0 3Clubs 
P1 7Diamonds P2 KDiamonds P3 6Diamonds P0 4Clubs 
P1 KHearts P2 ASpades P3 ADiamonds P0 QHearts 
-- /GAME --
P0 HAND: 7Diamonds, KDiamonds, 4Diamonds, 3Diamonds, AClubs, JClubs, QClubs, 2Clubs, 4Hearts, 6Spades.
P1 HAND: QDiamonds, 5Diamonds, 4Clubs, 7Hearts, KHearts, QHearts, 6Hearts, 3Hearts, 7Spades, 2Spades.
P2 HAND: ADiamonds, JDiamonds, 7Clubs, KClubs, 5Clubs, AHearts, KSpades, QSpades, 5Spades, 4Spades.
P3 HAND: 6Diamonds, 2Diamonds, 6Clubs, 3Clubs, JHearts, 5Hearts, 2Hearts, ASpades, JSpades, 3Spades.
P2 ADiamonds P3 2Diamonds P0 7Diamonds P1 5Diamonds 
P2 4Spades P3 ASpades P0 6Spades P1 7Spades 
P3 3Clubs P0 AClubs P1 4Clubs P2 7Clubs 
P0 2Clubs P1 2Spades P2 KClubs P3 6Clubs 
P2 5Clubs P3 3Spades P0 JClubs P1 QDiamonds 
P0 QClubs P1 3Hearts P2 5Spades P3 JSpades 
P1 6Hearts P2 AHearts P3 2Hearts P0 4Hearts 
P2 QSpades P3 6Diamonds P0 4Diamonds P1 QHearts 
P1 KHearts P2 JDiamonds P3 5Hearts P0 3Diamonds 
P1 7Hearts P2 KSpades P3 JHearts P0 KDiamonds 
-- /GAME --
P0 HAND: JDiamonds, QDiamonds, 7Clubs, QClubs, 3Clubs, KHearts, JHearts, 3Hearts, ASpades, 7Spades.
P1 HAND: 4Diamonds, 2Diamonds, KClubs, 5Clubs, 4Clubs, 5Hearts, 2Hearts, 5Spades, 4Spades, 3Spades.
P2 HAND: ADiamonds, 6Diamonds, 3Diamonds, AClubs, 6Clubs, 7Hearts, QHearts, 6Hearts, JSpades, 2Spades.
P3 HAND: 7Diamonds, KDiamonds, 5Diamonds, JClubs, 2Clubs, AHearts, 4Hearts, KSpades, QSpades, 6Spades.
P1 2Diamonds P2 ADiamonds P3 5Diamonds P0 JDiamonds 
P2 2Spades P3 6Spades P0 ASpades P1 3Spades 
P0 7Spades P1 4Spades P2 JSpades P3 QSpades 
P0 QDiamonds P1 4Diamonds P2 3Diamonds P3 7Diamonds 
P3 AHearts P0 3Hearts P1 5Hearts P2 6Hearts 
P3 4Hearts P0 KHearts P1 2Hearts P2 7Hearts 
P2 6Diamonds P3 KDiamonds P0 QClubs P1 KClubs 
P1 5Spades P2 QHearts P3 KSpades P0 7Clubs 
P0 JHearts P1 4Clubs P2 6Clubs P3 2Clubs 
P2 AClubs P3 JClubs P0 3Clubs P1 5Clubs 
-- /GAME --
P0 HAND: KDiamonds, JDiamonds, 7Clubs, JClubs, 5Clubs, 4Clubs, AHearts, 4Hearts, 6Spades, 3Spades.
P1 HAND: 7Diamonds, 4Diamonds, AClubs, QClubs, 6Clubs, 3Clubs, 7Hearts, 5Hearts, 7Spades, JSpades.
P2 HAND: ADiamonds, 3Diamonds, KClubs, KHearts, JHearts, QHearts, ASpades, QSpades, 4Spades, 2Spades.
P3 HAND: QDiamonds, 6Diamonds, 5Diamonds, 2Diamonds, 2Clubs, 6Hearts, 3Hearts, 2Hearts, KSpades, 5Spades.
P0 3Spades P1 JSpades P2 ASpades P3 5Spades 
P2 2Spades P3 KSpades P0 6Spades P1 7Spades 
P1 AClubs P2 KClubs P3 2Clubs P0 4Clubs 
P1 3Clubs P2 4Spades P3 2Hearts P0 7Clubs 
P0 AHearts P1 5Hearts P2 KHearts P3 3Hearts 
P0 JClubs P1 6Clubs P2 QHearts P3 2Diamonds 
P3 6Hearts P0 4Hearts P1 7Hearts P2 JHearts 
P1 QClubs P2 QSpades P3 5Diamonds P0 5Clubs 
P3 6Diamonds P0 KDiamonds P1 4Diamonds P2 3Diamonds 
P0 JDiamonds P1 7Diamonds P2 ADiamonds P3 QDiamonds 
-- /GAME --

