-- GAME --
P0 HAND: ADiamonds, QDiamonds, 6Diamonds, 2Diamonds, AClubs, KHearts, JHearts, 5Hearts, 2Hearts, 2Spades.
P1 HAND: 7Diamonds, 7Clubs, KClubs, QClubs, 4Clubs, 3Clubs, 7Spades, QSpades, 5Spades, 3Spades.
P2 HAND: JDiamonds, 5Diamonds, 4Diamonds, JClubs, QHearts, 6Hearts, 3Hearts, KSpades, 6Spades, 4Spades.
P3 HAND: KDiamonds, 3Diamonds, 6Clubs, 5Clubs, 2Clubs, AHearts, 7Hearts, 4Hearts, ASpades, JSpades.
P0 2Hearts P1 3Clubs P2 3Hearts P3 4Hearts 
P3 ASpades P0 2Spades P1 7Spades P2 4Spades 
P3 2Clubs P0 AClubs P1 4Clubs P2 JClubs 
P0 5Hearts P1 3Spades P2 6Hearts P3 7Hearts 
P3 3Diamonds P0 2Diamonds P1 7Diamonds P2 4Diamonds 
P1 5Spades P2 6Spades P3 JSpades P0 6Diamonds 
P3 5Clubs P0 QDiamonds P1 QClubs P2 5Diamonds 
P1 QSpades P2 KSpades P3 AHearts P0 JHearts 
P3 6Clubs P0 KHearts P1 KClubs P2 JDiamonds 
P0 ADiamonds P1 7Clubs P2 QHearts P3 KDiamonds 
-- /GAME --
P0 HAND: KDiamonds, 6Diamonds, 2Diamonds, 7Clubs, KClubs, 3Clubs, 2Clubs, AHearts, 3Hearts, KSpades.
P1 HAND: ADiamonds, JDiamonds, 5Diamonds, 4Diamonds, 3Diamonds, JClubs, 7Spades, QSpades, 3Spades, 2Spades.
P2 HAND: QDiamonds, AClubs, QClubs, 4Clubs, 7Hearts, JHearts, QHearts, 6Hearts, ASpades, 5Spades.
P3 HAND: 7Diamonds, 6Clubs, 5Clubs, KHearts, 5Hearts, 4Hearts, 2Hearts, JSpades, 6Spades, 4Spades.
P3 2Hearts P0 3Hearts P1 3Diamonds P2 7Hearts 
P2 AClubs P3 5Clubs P0 7Clubs P1 JClubs 
P2 4Clubs P3 6Clubs P0 KClubs P1 4Diamonds 
P0 6Diamonds P1 ADiamonds P2 QDiamonds P3 7Diamonds 
P1 5Diamonds P2 6Hearts P3 4Hearts P0 KDiamonds 
P0 2Diamonds P1 JDiamonds P2 QClubs P3 KHearts 
P1 2Spades P2 5Spades P3 4Spades P0 KSpades 
P0 AHearts P1 3Spades P2 QHearts P3 5Hearts 
P1 QSpades P2 ASpades P3 6Spades P0 3Clubs 
P2 JHearts P3 JSpades P0 2Clubs P1 7Spades 
-- /GAME --
P0 HAND: JDiamonds, QDiamonds, 4Diamonds, 3Diamonds, QClubs, 4Hearts, 3Hearts, ASpades, 7Spades, 3Spades.
P1 HAND: ADiamonds, 7Diamonds, AClubs, 4Clubs, 2Clubs, JHearts, JSpades, 6Spades, 4Spades, 2Spades.
P2 HAND: 5Diamonds, 7Clubs, KClubs, JClubs, 5Clubs, 3Clubs, 7Hearts, QHearts, 5Hearts, KSpades.
P3 HAND: KDiamonds, 6Diamonds, 2Diamonds, 6Clubs, AHearts, KHearts, 6Hearts, 2Hearts, QSpades, 5Spades.
P2 3Clubs P3 6Clubs P0 QClubs P1 AClubs 
P1 ADiamonds P2 5Diamonds P3 KDiamonds P0 3Diamonds 
P1 2Clubs P2 5Clubs P3 2Diamonds P0 JDiamonds 
P2 5Hearts P3 AHearts P0 3Hearts P1 JHearts 
P3 2Hearts P0 4Hearts P1 4Clubs P2 7Hearts 
P2 QHearts P3 6Hearts P0 4Diamonds P1 2Spades 
P1 4Spades P2 KSpades P3 5Spades 
