-- GAME --
P0 HAND: 7Diamonds, 6Diamonds, KClubs, 6Clubs, 5Clubs, 4Hearts, 3Hearts, QSpades, 4Spades, 3Spades.
P1 HAND: 5Diamonds, 4Diamonds, AClubs, 3Clubs, KHearts, JHearts, 5Hearts, 7Spades, KSpades, JSpades.
P2 HAND: ADiamonds, JDiamonds, 3Diamonds, 2Diamonds, QClubs, 2Clubs, 6Hearts, 2Hearts, ASpades, 6Spades.
P3 HAND: KDiamonds, QDiamonds, 7Clubs, JClubs, 4Clubs, AHearts, 7Hearts, QHearts, 5Spades, 2Spades.
P2 ADiamonds P3 QDiamonds P0 7Diamonds P1 4Diamonds 
P2 ASpades P3 2Spades P0 QSpades P1 JSpades 
P2 2Diamonds P3 KDiamonds P0 6Diamonds P1 5Diamonds 
P3 AHearts P0 3Hearts P1 KHearts P2 2Hearts 
P3 5Spades P0 4Spades P1 7Spades P2 6Spades 
P1 5Hearts P2 6Hearts P3 7Hearts P0 4Hearts 
P3 QHearts P0 3Spades P1 JHearts P2 2Clubs 
P2 3Diamonds P3 4Clubs P0 KClubs P1 3Clubs 
P0 5Clubs P1 AClubs P2 QClubs P3 JClubs 
P1 KSpades P2 JDiamonds P3 7Clubs P0 6Clubs 
-- /GAME --
P0 HAND: KDiamonds, 6Diamonds, JClubs, AHearts, 7Hearts, KHearts, 6Hearts, 4Hearts, KSpades, QSpades.
P1 HAND: 7Diamonds, JDiamonds, 2Diamonds, 7Clubs, QClubs, 6Clubs, 4Clubs, JHearts, 4Spades, 2Spades.
P2 HAND: ADiamonds, QDiamonds, 4Diamonds, 3Clubs, QHearts, 5Hearts, 2Hearts, JSpades, 6Spades, 3Spades.
P3 HAND: 5Diamonds, 3Diamonds, AClubs, KClubs, 5Clubs, 2Clubs, 3Hearts, ASpades, 7Spades, 5Spades.
P1 2Diamonds P2 ADiamonds P3 3Diamonds P0 6Diamonds 
P2 3Clubs P3 AClubs P0 JClubs P1 7Clubs 
P3 ASpades P0 QSpades P1 4Spades P2 3Spades 
P3 2Clubs P0 KSpades P1 4Clubs P2 4Diamonds 
P1 2Spades P2 6Spades P3 5Spades P0 KDiamonds 
P2 QDiamonds P3 5Diamonds P0 4Hearts P1 JDiamonds 
P0 AHearts P1 JHearts P2 2Hearts P3 3Hearts 
P0 7Hearts P1 6Clubs P2 5Hearts P3 5Clubs 
P0 KHearts P1 QClubs P2 QHearts P3 KClubs 
P0 6Hearts P1 7Diamonds P2 JSpades P3 7Spades 
-- /GAME --
P0 HAND: 7Clubs, KClubs, 2Clubs, KHearts, QHearts, KSpades, JSpades, QSpades, 5Spades, 3Spades.
P1 HAND: QDiamonds, 6Diamonds, 3Diamonds, JClubs, QClubs, 5Clubs, 3Clubs, AHearts, 7Spades, 6Spades.
P2 HAND: ADiamonds, 7Diamonds, KDiamonds, 5Diamonds, 4Diamonds, AClubs, JHearts, 6Hearts, 4Hearts, ASpades.
P3 HAND: JDiamonds, 2Diamonds, 6Clubs, 4Clubs, 7Hearts, 5Hearts, 3Hearts, 2Hearts, 4Spades, 2Spades.
P0 3Spades P1 6Spades P2 ASpades P3 2Spades 
P2 4Diamonds P3 2Diamonds P0 QHearts P1 QDiamonds 
P1 AHearts P2 4Hearts P3 7Hearts P0 KHearts 
P1 3Diamonds P2 5Diamonds P3 JDiamonds P0 5Spades 
P3 2Hearts P0 QSpades P1 6Diamonds P2 JHearts 
P2 6Hearts P3 3Hearts P0 JSpades P1 3Clubs 
P1 5Clubs P2 AClubs P3 4Clubs P0 2Clubs 
P2 KDiamonds P3 4Spades P0 KSpades P1 QClubs 
P1 JClubs P2 7Diamonds P3 6Clubs P0 KClubs 
P0 7Clubs P1 7Spades P2 ADiamonds P3 5Hearts 
-- /GAME --
P0 HAND: 7Diamonds, 3Diamonds, QClubs, 2Clubs, QHearts, 5Hearts, 2Hearts, QSpades, 4Spades, 2Spades.
P1 HAND: JDiamonds, QDiamonds, 5Diamonds, 4Diamonds, AClubs, KClubs, 6Clubs, JHearts, 6Hearts, 7Spades.
P2 HAND: 6Diamonds, 7Clubs, JClubs, 4Clubs, 3Clubs, 7Hearts, KHearts, 3Hearts, 5Spades, 3Spades.
P3 HAND: ADiamonds, KDiamonds, 2Diamonds, 5Clubs, AHearts, 4Hearts, ASpades, KSpades, JSpades, 6Spades.
P3 AHearts P0 2Hearts P1 JHearts P2 3Hearts 
P3 ASpades P0 4Spades P1 7Spades P2 3Spades 
P3 4Hearts P0 QHearts P1 6Hearts P2 7Hearts 
P2 3Clubs P3 5Clubs P0 2Clubs P1 AClubs 
P1 6Clubs P2 4Clubs P3 6Spades P0 QClubs 
P0 5Hearts P1 4Diamonds P2 KHearts P3 KSpades 
P1 5Diamonds P2 6Diamonds P3 2Diamonds P0 3Diamonds 
P2 5Spades P3 JSpades P0 2Spades P1 KClubs 
P3 KDiamonds P0 7Diamonds P1 QDiamonds P2 7Clubs 
P0 QSpades P1 JDiamonds P2 JClubs P3 ADiamonds 
-- /GAME --
P0 HAND: ADiamonds, 4Diamonds, 3Diamonds, JClubs, 5Clubs, KHearts, 2Hearts, ASpades, 5Spades, 2Spades.
P1 HAND: KDiamonds, QDiamonds, KClubs, QClubs, 4Clubs, 2Clubs, QHearts, 7Spades, KSpades, 3Spades.
P2 HAND: 7Diamonds, 2Diamonds, AClubs, JHearts, 6Hearts, 4Hearts, JSpades, QSpades, 6Spades, 4Spades.
P3 HAND: JDiamonds, 6Diamonds, 5Diamonds, 7Clubs, 6Clubs, 3Clubs, AHearts, 7Hearts, 5Hearts, 3Hearts.
P2 2Diamonds P3 5Diamonds P0 3Diamonds P1 KDiamonds 
P1 3Spades P2 4Spades P3 3Hearts P0 5Spades 
P0 2Hearts P1 QHearts P2 4Hearts P3 AHearts 
P3 5Hearts P0 KHearts P1 QDiamonds P2 JHearts 
P0 JClubs P1 2Clubs P2 AClubs P3 3Clubs 
P2 6Hearts P3 7Hearts P0 4Diamonds P1 7Spades 
P3 6Diamonds P0 ADiamonds P1 4Clubs P2 7Diamonds 
P1 QClubs P2 6Spades P3 6Clubs P0 5Clubs 
P1 KClubs P2 QSpades P3 7Clubs P0 2Spades 
P3 JDiamonds P0 ASpades P1 KSpades P2 JSpades 
-- /GAME --
P0 HAND: 7Diamonds, 6Diamonds, 5Diamonds, 4Diamonds, AClubs, JClubs, 6Clubs, KHearts, 5Hearts, 3Spades.
P1 HAND: ADiamonds, KClubs, JHearts, 6Hearts, 3Hearts, ASpades, 7Spades, JSpades, 5Spades, 4Spades.
P2 HAND: KDiamonds, JDiamonds, 3Diamonds, 7Clubs, AHearts, QHearts, 4Hearts, KSpades, QSpades, 6Spades.
P3 HAND: QDiamonds, 2Diamonds, QClubs, 5Clubs, 4Clubs, 3Clubs, 2Clubs, 7Hearts, 2Hearts, 2Spades.
P1 ADiamonds P2 3Diamonds P3 QDiamonds 
