-- GAME --
P0 HAND: ADiamonds, 7Diamonds, QDiamonds, 6Diamonds, JClubs, 6Clubs, 3Clubs, AHearts, 3Hearts, 2Spades.
P1 HAND: KDiamonds, JDiamonds, 5Diamonds, 4Diamonds, 3Diamonds, 4Clubs, 4Hearts, 2Hearts, 6Spades, 5Spades.
P2 HAND: AClubs, KClubs, 5Clubs, 7Hearts, KHearts, 5Hearts, ASpades, 7Spades, KSpades, QSpades.
P3 HAND: 2Diamonds, 7Clubs, QClubs, 2Clubs, JHearts, QHearts, 6Hearts, JSpades, 4Spades, 3Spades.
P0 ADiamonds P1 3Diamonds P2 ASpades P3 2Diamonds 
P0 7Diamonds P1 4Diamonds P2 7Hearts P3 2Clubs 
P3 3Spades P0 2Spades P1 5Spades P2 7Spades 
P2 5Hearts P3 6Hearts P0 3Hearts P1 4Hearts 
P3 4Spades P0 QDiamonds P1 6Spades P2 KSpades 
P2 QSpades P3 JSpades P0 6Diamonds P1 KDiamonds 
P3 QHearts P0 AHearts P1 2Hearts P2 KHearts 
P0 3Clubs P1 4Clubs P2 5Clubs P3 QClubs 
P3 JHearts P0 JClubs P1 5Diamonds P2 KClubs 
P2 AClubs P3 7Clubs P0 6Clubs P1 JDiamonds 
-- /GAME --
P0 HAND: 7Diamonds, 6Diamonds, 4Diamonds, 3Clubs, 2Clubs, 4Hearts, ASpades, JSpades, QSpades, 5Spades.
P1 HAND: ADiamonds, KDiamonds, JDiamonds, QDiamonds, 7Clubs, 4Clubs, 7Hearts, 5Hearts, 3Spades, 2Spades.
P2 HAND: 5Diamonds, 3Diamonds, 2Diamonds, AClubs, KClubs, JClubs, JHearts, 6Hearts, 3Hearts, 6Spades.
P3 HAND: QClubs, 6Clubs, 5Clubs, AHearts, KHearts, QHearts, 2Hearts, 7Spades, KSpades, 4Spades.

