-- GAME --
P0 HAND: KDiamonds, QDiamonds, 6Diamonds, 2Diamonds, JClubs, 3Clubs, 7Hearts, JHearts, 2Hearts, ASpades.
P1 HAND: 3Diamonds, AClubs, 7Clubs, KClubs, QClubs, 5Clubs, AHearts, QHearts, JSpades, QSpades.
P2 HAND: 7Diamonds, 4Clubs, 5Hearts, 4Hearts, 3Hearts, 7Spades, KSpades, 5Spades, 3Spades, 2Spades.
P3 HAND: ADiamonds, JDiamonds, 5Diamonds, 4Diamonds, 6Clubs, 2Clubs, KHearts, 6Hearts, 6Spades, 4Spades.
P3 ADiamonds P0 2Diamonds P1 3Diamonds P2 7Diamonds 
P3 2Clubs P0 3Clubs P1 AClubs P2 4Clubs 
P1 AHearts P2 3Hearts P3 KHearts P0 2Hearts 
P1 5Clubs P2 4Hearts P3 6Clubs P0 JClubs 
P0 KDiamonds P1 QClubs P2 5Hearts P3 4Diamonds 
P0 QDiamonds P1 QHearts P2 2Spades P3 5Diamonds 
P2 3Spades P3 4Spades P0 ASpades P1 QSpades 
P0 7Hearts P1 JSpades P2 KSpades P3 6Hearts 
P2 5Spades P3 6Spades P0 6Diamonds P1 7Clubs 
P3 JDiamonds P0 JHearts P1 KClubs P2 7Spades 
-- /GAME --
P0 HAND: KDiamonds, JDiamonds, 5Diamonds, 2Diamonds, JClubs, 6Clubs, 2Clubs, KHearts, 4Hearts, 2Hearts.
P1 HAND: ADiamonds, 4Diamonds, 3Diamonds, 4Clubs, AHearts, 5Hearts, KSpades, 5Spades, 4Spades, 2Spades.
P2 HAND: QDiamonds, KClubs, QClubs, 5Clubs, 6Hearts, 3Hearts, ASpades, JSpades, 6Spades, 3Spades.
P3 HAND: 7Diamonds, 6Diamonds, AClubs, 7Clubs, 3Clubs, 7Hearts, JHearts, QHearts, 7Spades, QSpades.
P2 ASpades P3 QSpades P0 KDiamonds P1 2Spades 
P2 3Spades P3 7Spades P0 2Hearts P1 4Spades 
P0 2Diamonds P1 ADiamonds P2 QDiamonds P3 7Diamonds 
P1 3Diamonds P2 5Clubs P3 6Diamonds P0 JDiamonds 
P0 5Diamonds P1 4Diamonds P2 6Spades P3 3Clubs 
P0 2Clubs P1 4Clubs P2 QClubs P3 AClubs 
P3 QHearts P0 KHearts P1 AHearts P2 3Hearts 
P1 5Spades P2 JSpades P3 JHearts P0 6Clubs 
P3 7Hearts P0 4Hearts P1 5Hearts P2 6Hearts 
P3 7Clubs P0 JClubs P1 KSpades P2 KClubs 
-- /GAME --
P0 HAND: 7Diamonds, 6Diamonds, 2Diamonds, AClubs, 7Clubs, 3Clubs, AHearts, 6Spades, 5Spades, 4Spades.
P1 HAND: QDiamonds, 4Diamonds, KClubs, JClubs, 7Hearts, 6Hearts, 5Hearts, 2Hearts, 7Spades, QSpades.
P2 HAND: JDiamonds, QClubs, 6Clubs, 5Clubs, 4Clubs, 2Clubs, KHearts, ASpades, JSpades, 3Spades.
P3 HAND: ADiamonds, KDiamonds, 5Diamonds, 3Diamonds, JHearts, QHearts, 4Hearts, 3Hearts, KSpades, 2Spades.
P1 2Hearts P2 KHearts P3 3Hearts P0 AHearts 
P0 AClubs P1 JClubs P2 QClubs P3 3Diamonds 
P3 2Spades P0 4Spades P1 QSpades P2 ASpades 
P2 2Clubs P3 4Hearts P0 7Clubs P1 KClubs 
P0 5Spades P1 7Spades P2 3Spades P3 KSpades 
P1 5Hearts P2 4Clubs P3 QHearts P0 3Clubs 
P3 JHearts P0 7Diamonds P1 6Hearts P2 JSpades 
P0 2Diamonds P1 4Diamonds P2 JDiamonds P3 5Diamonds 
P2 5Clubs P3 KDiamonds P0 6Spades P1 7Hearts 
P3 ADiamonds P0 6Diamonds P1 QDiamonds P2 6Clubs 
-- /GAME --
P0 HAND: QDiamonds, 2Diamonds, QClubs, 6Clubs, AHearts, JHearts, 5Hearts, 4Hearts, 6Spades, 4Spades.
P1 HAND: 7Diamonds, 5Diamonds, 7Clubs, JClubs, 2Clubs, 7Hearts, 2Hearts, 7Spades, KSpades, 3Spades.
P2 HAND: ADiamonds, JDiamonds, 3Diamonds, AClubs, KClubs, 4Clubs, 3Clubs, QHearts, 6Hearts, ASpades.
P3 HAND: KDiamonds, 6Diamonds, 4Diamonds, 5Clubs, KHearts, 3Hearts, JSpades, QSpades, 5Spades, 2Spades.
P0 AHearts P1 2Hearts P2 QHearts P3 3Hearts 
P0 2Diamonds P1 5Diamonds P2 ADiamonds P3 4Diamonds 
P2 AClubs P3 5Clubs P0 QClubs P1 2Clubs 
P2 3Diamonds P3 6Diamonds P0 QDiamonds P1 7Diamonds 
P1 JClubs P2 3Clubs P3 2Spades P0 6Clubs 
P3 5Spades P0 6Spades P1 3Spades P2 ASpades 
P2 4Clubs P3 QSpades P0 4Hearts P1 7Clubs 
P3 JSpades P0 4Spades P1 KSpades P2 6Hearts 
P1 7Spades P2 JDiamonds P3 KDiamonds P0 5Hearts 
P1 7Hearts P2 KClubs P3 KHearts P0 JHearts 
-- /GAME --
P0 HAND: KDiamonds, 6Diamonds, QClubs, KHearts, 6Hearts, ASpades, 7Spades, KSpades, JSpades, 3Spades.
P1 HAND: JDiamonds, QDiamonds, 5Diamonds, 7Clubs, 6Clubs, 3Clubs, JHearts, QHearts, 3Hearts, QSpades.
P2 HAND: ADiamonds, 7Diamonds, 2Diamonds, AClubs, 4Clubs, 2Clubs, 7Hearts, 2Hearts, 4Spades, 2Spades.
P3 HAND: 4Diamonds, 3Diamonds, KClubs, JClubs, 5Clubs, AHearts, 5Hearts, 4Hearts, 6Spades, 5Spades.
P3 AHearts P0 6Hearts P1 JHearts P2 2Hearts 
P3 4Hearts P0 KHearts P1 3Hearts P2 7Hearts 
P2 AClubs P3 5Clubs P0 QClubs P1 3Clubs 
P2 2Clubs P3 JClubs P0 3Spades P1 7Clubs 
P1 6Clubs P2 4Clubs P3 KClubs P0 6Diamonds 
P0 ASpades P1 QSpades P2 4Spades P3 5Spades 
P0 JSpades P1 QHearts P2 2Spades P3 6Spades 
P0 KSpades P1 5Diamonds P2 2Diamonds P3 5Hearts 
P1 QDiamonds P2 7Diamonds P3 3Diamonds P0 KDiamonds 
P2 ADiamonds P3 4Diamonds P0 7Spades P1 JDiamonds 
-- /GAME --

