-- GAME --
P0 HAND: 7Clubs, KClubs, QClubs, 4Clubs, 3Clubs, 5Hearts, 7Spades, QSpades, 5Spades, 3Spades.
P1 HAND: JDiamonds, QDiamonds, 6Diamonds, 5Diamonds, 2Diamonds, 6Clubs, 2Clubs, AHearts, 4Hearts, 6Spades.
P2 HAND: ADiamonds, 7Diamonds, 4Diamonds, AClubs, 5Clubs, QHearts, 6Hearts, 2Hearts, KSpades, 2Spades.
P3 HAND: KDiamonds, 3Diamonds, JClubs, 7Hearts, KHearts, JHearts, 3Hearts, ASpades, JSpades, 4Spades.
P0 5Hearts P1 AHearts P2 2Hearts P3 7Hearts 
P1 2Diamonds P2 ADiamonds P3 3Diamonds P0 7Spades 
P2 2Spades P3 ASpades P0 3Spades P1 6Spades 
P3 3Hearts P0 3Clubs P1 4Hearts P2 QHearts 
P0 5Spades P1 5Diamonds P2 KSpades P3 4Spades 
P2 4Diamonds P3 KDiamonds P0 4Clubs P1 6Diamonds 
P0 QSpades P1 QDiamonds P2 6Hearts P3 JSpades 
P3 JHearts P0 7Clubs P1 JDiamonds P2 7Diamonds 
P0 QClubs P1 2Clubs P2 5Clubs P3 JClubs 
P3 KHearts P0 KClubs P1 6Clubs P2 AClubs 
-- /GAME --
P0 HAND: 7Diamonds, 6Diamonds, KClubs, JClubs, 6Clubs, 5Clubs, JHearts, KSpades, 4Spades, 2Spades.
P1 HAND: ADiamonds, KDiamonds, 4Diamonds, 2Diamonds, 4Clubs, QHearts, 7Spades, JSpades, 5Spades, 3Spades.
P2 HAND: JDiamonds, 5Diamonds, 3Diamonds, AClubs, 2Clubs, AHearts, KHearts, 6Hearts, 5Hearts, ASpades.
P3 HAND: QDiamonds, 7Clubs, QClubs, 3Clubs, 7Hearts, 4Hearts, 3Hearts, 2Hearts, QSpades, 6Spades.
P3 2Hearts P0 JHearts P1 QHearts P2 AHearts 
P2 ASpades P3 6Spades P0 KSpades P1 3Spades 
P2 3Diamonds P3 QDiamonds P0 6Diamonds P1 ADiamonds 
P1 2Diamonds P2 5Diamonds P3 3Hearts P0 7Diamonds 
P0 2Spades P1 5Spades P2 5Hearts P3 QSpades 
P3 4Hearts P0 5Clubs P1 4Diamonds P2 KHearts 
P0 4Spades P1 JSpades P2 6Hearts P3 7Hearts 
P1 4Clubs P2 2Clubs P3 3Clubs P0 KClubs 
P0 6Clubs P1 KDiamonds P2 AClubs P3 QClubs 
P2 JDiamonds P3 7Clubs P0 JClubs P1 7Spades 
-- /GAME --
P0 HAND: 7Diamonds, 2Diamonds, KHearts, JHearts, 3Hearts, 2Hearts, KSpades, 6Spades, 5Spades, 2Spades.
P1 HAND: KDiamonds, JDiamonds, QDiamonds, 6Diamonds, 5Diamonds, 3Diamonds, JClubs, QClubs, 6Hearts, 4Hearts.
P2 HAND: ADiamonds, 4Diamonds, AClubs, 6Clubs, 4Clubs, 7Hearts, 5Hearts, ASpades, 4Spades, 3Spades.
P3 HAND: 7Clubs, KClubs, 5Clubs, 3Clubs, 2Clubs, AHearts, QHearts, 7Spades, JSpades, QSpades.
P2 ADiamonds P3 2Clubs 
