-- GAME --
P0 AClubs P1 6Hearts 
P1 QHearts P2 5Clubs P3 JHearts P0 AHearts 
P0 2Clubs P1 7Hearts P2 JClubs P3 QSpades 
P1 7Diamonds P2 KClubs P3 6Spades P0 7Clubs 
-- /GAME --
P0 HAND: ADiamonds, KDiamonds, AClubs, 5Clubs, AHearts, KHearts, 3Hearts, 7Spades, 5Spades, 3Spades.
P1 HAND: 3Diamonds, 7Clubs, QClubs, 2Clubs, 7Hearts, 5Hearts, 2Hearts, ASpades, JSpades, 2Spades.
P2 HAND: JDiamonds, 5Diamonds, 2Diamonds, 6Clubs, 3Clubs, JHearts, 6Hearts, KSpades, QSpades, 4Spades.
P3 HAND: 7Diamonds, QDiamonds, 6Diamonds, 4Diamonds, KClubs, JClubs, 4Clubs, QHearts, 4Hearts, 6Spades.
P3 4Diamonds P0 ADiamonds P1 3Diamonds P2 JDiamonds 
P0 KDiamonds P1 2Clubs P2 2Diamonds P3 7Diamonds 
P3 4Clubs P0 AClubs P1 QClubs P2 6Clubs 
P0 3Spades P1 2Spades P2 4Spades P3 6Spades 
P3 4Hearts P0 AHearts P1 2Hearts P2 JHearts 
P0 KHearts P1 5Hearts P2 6Hearts P3 QHearts 
P0 5Spades P1 JSpades P2 QSpades P3 KClubs 
P1 ASpades P2 KSpades P3 6Diamonds P0 7Spades 
P1 7Clubs P2 3Clubs P3 JClubs P0 5Clubs 
P1 7Hearts P2 5Diamonds P3 QDiamonds P0 3Hearts 
-- /GAME --
P0 HAND: KDiamonds, JDiamonds, JClubs, 7Hearts, 5Hearts, 4Hearts, 3Hearts, 2Hearts, 5Spades, 4Spades.
P1 HAND: 7Diamonds, QDiamonds, 6Diamonds, 5Diamonds, AClubs, 4Clubs, 6Hearts, 7Spades, QSpades, 3Spades.
P2 HAND: 4Diamonds, 3Diamonds, KClubs, KHearts, JHearts, QHearts, ASpades, KSpades, JSpades, 6Spades.
P3 HAND: ADiamonds, 2Diamonds, 7Clubs, QClubs, 6Clubs, 5Clubs, 3Clubs, 2Clubs, AHearts, 2Spades.
P2 ASpades P3 2Spades P0 5Spades P1 3Spades 
P2 3Diamonds P3 ADiamonds P0 KDiamonds P1 7Diamonds 
P3 AHearts P0 3Hearts P1 6Hearts P2 QHearts 
P3 2Diamonds P0 JDiamonds P1 5Diamonds P2 4Diamonds 
P0 4Hearts P1 6Diamonds P2 JHearts P3 2Clubs 
P3 3Clubs P0 JClubs P1 4Clubs P2 KClubs 
P2 6Spades P3 5Clubs 
