-- GAME --
P0 HAND: ADiamonds, JDiamonds, 5Diamonds, 4Diamonds, QClubs, 6Hearts, JSpades, QSpades, 6Spades, 4Spades.
P1 HAND: 6Diamonds, 3Diamonds, 6Clubs, 4Clubs, 2Clubs, AHearts, 7Hearts, QHearts, 2Hearts, 7Spades.
P2 HAND: 2Diamonds, 7Clubs, KClubs, 5Clubs, 3Clubs, KHearts, 5Hearts, 3Hearts, ASpades, KSpades.
P3 HAND: 7Diamonds, KDiamonds, QDiamonds, AClubs, JClubs, JHearts, 4Hearts, 5Spades, 3Spades, 2Spades.
P0 JDiamonds P1 3Diamonds P2 2Diamonds P3 QDiamonds 
P0 ADiamonds P1 6Diamonds P2 ASpades P3 KDiamonds 
P0 4Diamonds P1 2Clubs P2 3Clubs P3 7Diamonds 
P3 AClubs P0 QClubs P1 6Clubs P2 5Clubs 
P3 2Spades P0 4Spades P1 7Spades P2 KSpades 
P1 AHearts P2 3Hearts P3 JHearts P0 6Hearts 
P1 2Hearts P2 5Hearts P3 4Hearts P0 5Diamonds 
P0 JSpades P1 4Clubs P2 7Clubs P3 3Spades 
P0 QSpades P1 QHearts P2 KClubs P3 5Spades 
P0 6Spades P1 7Hearts P2 KHearts P3 JClubs 
-- /GAME --
P0 HAND: 7Diamonds, 4Diamonds, AClubs, 7Clubs, JClubs, JHearts, 5Hearts, 3Hearts, 3Spades, 2Spades.
P1 HAND: ADiamonds, 6Diamonds, AHearts, 7Hearts, QHearts, 2Hearts, 7Spades, KSpades, QSpades, 6Spades.
P2 HAND: KDiamonds, 3Diamonds, QClubs, 5Clubs, 4Clubs, 2Clubs, KHearts, 4Hearts, ASpades, 4Spades.
P3 HAND: JDiamonds, QDiamonds, 5Diamonds, 2Diamonds, KClubs, 6Clubs, 3Clubs, 6Hearts, JSpades, 5Spades.
P3 3Clubs P0 AClubs P1 6Diamonds P2 2Clubs 
P1 AHearts P2 4Hearts P3 6Hearts P0 3Hearts 
P1 2Hearts P2 KHearts P3 5Spades P0 JHearts 
P2 ASpades P3 JSpades P0 3Spades P1 6Spades 
P2 4Clubs P3 6Clubs P0 JClubs P1 QHearts 
P0 4Diamonds P1 ADiamonds P2 3Diamonds P3 2Diamonds 
P1 QSpades P2 4Spades P3 5Diamonds P0 2Spades 
P3 QDiamonds P0 7Diamonds P1 KSpades P2 KDiamonds 
P0 7Clubs P1 7Hearts P2 5Clubs P3 KClubs 
P0 5Hearts P1 7Spades P2 QClubs P3 JDiamonds 
-- /GAME --
P0 HAND: 7Diamonds, 4Diamonds, AHearts, QHearts, 3Hearts, 7Spades, QSpades, 5Spades, 4Spades, 2Spades.
P1 HAND: KDiamonds, 6Diamonds, AClubs, 7Clubs, JClubs, 3Clubs, KHearts, JHearts, 5Hearts, 4Hearts.
P2 HAND: QDiamonds, 5Diamonds, 3Diamonds, KClubs, QClubs, 6Clubs, 4Clubs, 7Hearts, KSpades, 6Spades.
P3 HAND: ADiamonds, JDiamonds, 2Diamonds, 5Clubs, 2Clubs, 6Hearts, 2Hearts, ASpades, JSpades, 3Spades.
P2 3Diamonds P3 ADiamonds P0 4Diamonds P1 KDiamonds 
P3 ASpades P0 2Spades P1 KHearts P2 6Spades 
P3 2Diamonds 
