-- GAME --
P0 HAND: AClubs, KClubs, 6Clubs, 5Clubs, 2Clubs, AHearts, ASpades, 7Spades, QSpades, 6Spades.
P1 HAND: ADiamonds, 7Diamonds, 3Diamonds, 2Diamonds, 4Clubs, 4Hearts, 2Hearts, 5Spades, 3Spades, 2Spades.
P2 HAND: KDiamonds, QDiamonds, 6Diamonds, 5Diamonds, 3Clubs, 7Hearts, KHearts, 6Hearts, KSpades, 4Spades.
P3 HAND: JDiamonds, 4Diamonds, 7Clubs, JClubs, QClubs, JHearts, QHearts, 5Hearts, 3Hearts, JSpades.
P2 4Spades P3 JSpades P0 ASpades P1 2Spades 
P0 7Spades P1 3Spades P2 KSpades P3 QClubs 
P3 3Hearts P0 AHearts P1 2Hearts P2 7Hearts 
P0 6Spades P1 5Spades P2 5Diamonds P3 4Diamonds 
P0 QSpades P1 2Diamonds P2 6Diamonds P3 5Hearts 
P0 KClubs P1 4Clubs P2 3Clubs P3 JClubs 
P0 AClubs P1 3Diamonds P2 KDiamonds P3 7Clubs 
P0 6Clubs P1 4Hearts P2 KHearts P3 QHearts 
P0 5Clubs P1 7Diamonds P2 6Hearts P3 JDiamonds 
P0 2Clubs P1 ADiamonds P2 QDiamonds P3 JHearts 
-- /GAME --
P0 HAND: QDiamonds, 4Diamonds, 6Clubs, 2Clubs, JHearts, 5Hearts, 3Hearts, 7Spades, 4Spades, 3Spades.
P1 HAND: JDiamonds, 5Diamonds, JClubs, AHearts, QHearts, ASpades, JSpades, QSpades, 5Spades, 2Spades.
P2 HAND: AClubs, 7Clubs, QClubs, 4Clubs, 3Clubs, 7Hearts, KHearts, 4Hearts, 2Hearts, KSpades.
P3 HAND: ADiamonds, 7Diamonds, KDiamonds, 6Diamonds, 3Diamonds, 2Diamonds, KClubs, 5Clubs, 6Hearts, 6Spades.
P1 AHearts P2 2Hearts P3 6Hearts P0 3Hearts 
P1 2Spades P2 KSpades P3 6Spades P0 7Spades 
P0 2Clubs P1 JClubs P2 AClubs P3 5Clubs 
P2 3Clubs P3 KClubs P0 6Clubs P1 ASpades 
P3 2Diamonds P0 4Diamonds P1 5Diamonds P2 4Clubs 
P1 5Spades P2 4Hearts P3 3Diamonds P0 3Spades 
P3 6Diamonds P0 QDiamonds P1 JDiamonds P2 QClubs 
P1 QHearts P2 KHearts P3 KDiamonds P0 5Hearts 
P3 7Diamonds P0 4Spades P1 QSpades P2 7Clubs 
P3 ADiamonds P0 JHearts P1 JSpades P2 7Hearts 
-- /GAME --
P0 HAND: JDiamonds, 4Diamonds, 2Diamonds, 3Clubs, 7Hearts, JHearts, 3Hearts, ASpades, 6Spades, 3Spades.
P1 HAND: 7Diamonds, KDiamonds, QDiamonds, 3Diamonds, 7Clubs, 6Clubs, 4Clubs, 2Clubs, 6Hearts, 4Spades.
P2 HAND: AClubs, KClubs, 5Clubs, AHearts, QHearts, 5Hearts, 4Hearts, 7Spades, QSpades, 2Spades.
P3 HAND: ADiamonds, 6Diamonds, 5Diamonds, JClubs, QClubs, KHearts, 2Hearts, KSpades, JSpades, 5Spades.
P0 3Clubs P1 2Clubs P2 AClubs P3 QClubs 
P2 AHearts P3 2Hearts P0 7Hearts P1 6Hearts 
P2 4Hearts P3 KHearts P0 3Hearts P1 7Diamonds 
P3 ADiamonds P0 2Diamonds P1 KDiamonds P2 2Spades 
P2 5Clubs P3 JClubs P0 3Spades P1 4Clubs 
P0 JHearts P1 3Diamonds P2 5Hearts P3 5Diamonds 
P0 4Diamonds P1 QDiamonds P2 QHearts P3 6Diamonds 
P1 6Clubs P2 KClubs P3 5Spades P0 6Spades 
P0 ASpades P1 4Spades P2 QSpades P3 JSpades 
P0 JDiamonds P1 7Clubs P2 7Spades P3 KSpades 
-- /GAME --

