-- GAME --
P0 HAND: 7Diamonds, KDiamonds, 4Diamonds, 3Diamonds, KClubs, 4Clubs, 7Hearts, QHearts, QSpades, 4Spades.
P1 HAND: JDiamonds, 2Diamonds, 7Clubs, KHearts, 6Hearts, 5Hearts, 4Hearts, ASpades, JSpades, 6Spades.
P2 HAND: 6Diamonds, 5Diamonds, AClubs, 6Clubs, 5Clubs, JHearts, 3Hearts, 2Hearts, 5Spades, 2Spades.
P3 HAND: ADiamonds, QDiamonds, JClubs, QClubs, 3Clubs, 2Clubs, AHearts, 7Spades, KSpades, 3Spades.
P3 ADiamonds P0 3Diamonds P1 JDiamonds P2 5Diamonds 
P3 AHearts P0 QHearts P1 KHearts P2 2Hearts 
P3 2Clubs P0 4Clubs P1 7Clubs P2 AClubs 
P2 3Hearts P3 3Clubs P0 7Hearts P1 4Hearts 
P0 KClubs P1 2Diamonds P2 6Clubs P3 QClubs 
P0 4Diamonds P1 5Hearts P2 6Diamonds P3 QDiamonds 
P3 JClubs P0 4Spades P1 6Hearts P2 5Clubs 
P0 QSpades P1 6Spades P2 2Spades P3 3Spades 
P0 7Diamonds P1 JSpades P2 JHearts P3 KSpades 
P3 7Spades P0 KDiamonds P1 ASpades P2 5Spades 
-- /GAME --
P0 HAND: 2Diamonds, 7Clubs, KClubs, 3Clubs, 7Hearts, 2Hearts, ASpades, KSpades, JSpades, 5Spades.
P1 HAND: KDiamonds, AClubs, 5Clubs, 4Clubs, JHearts, QHearts, 6Hearts, 4Hearts, 7Spades, 2Spades.
P2 HAND: ADiamonds, 7Diamonds, 3Diamonds, QClubs, 6Clubs, KHearts, 5Hearts, QSpades, 4Spades, 3Spades.
P3 HAND: JDiamonds, QDiamonds, 6Diamonds, 5Diamonds, 4Diamonds, JClubs, 2Clubs, AHearts, 3Hearts, 6Spades.
P2 3Spades P3 6Spades P0 ASpades P1 2Spades 
P0 2Diamonds P1 KDiamonds P2 3Diamonds P3 4Diamonds 
P1 AClubs P2 6Clubs P3 JClubs P0 3Clubs 
P1 4Clubs P2 QClubs P3 2Clubs P0 7Clubs 

