-- GAME --
P0 QDiamonds P1 6Hearts P2 5Clubs P3 KDiamonds 
P2 QClubs P3 2Clubs P0 4Clubs P1 7Clubs 
P1 JHearts P2 JClubs P3 AClubs P0 JDiamonds 
-- /GAME --
P0 HAND: JDiamonds, 4Diamonds, 3Diamonds, 7Clubs, 7Hearts, QHearts, 6Hearts, 6Spades, 5Spades, 3Spades.
P1 HAND: 6Diamonds, 2Diamonds, AClubs, 3Clubs, 5Hearts, 3Hearts, 2Hearts, ASpades, QSpades, 4Spades.
P2 HAND: JClubs, 4Clubs, 2Clubs, AHearts, KHearts, 4Hearts, 7Spades, KSpades, JSpades, 2Spades.
P3 HAND: ADiamonds, 7Diamonds, KDiamonds, QDiamonds, 5Diamonds, KClubs, QClubs, 6Clubs, 5Clubs, JHearts.
P2 2Clubs P3 5Clubs P0 7Clubs P1 AClubs 
P1 ASpades P2 2Spades P3 ADiamonds P0 3Spades 
P1 2Diamonds P2 4Clubs P3 7Diamonds P0 3Diamonds 
P3 5Diamonds P0 JDiamonds P1 6Diamonds P2 7Spades 
P0 4Diamonds P1 3Clubs P2 4Hearts P3 QDiamonds 
P2 JClubs P3 6Clubs P0 7Hearts P1 4Spades 
P0 5Spades P1 QSpades P2 JSpades P3 JHearts 
P3 QClubs P0 QHearts P1 2Hearts P2 KSpades 
P0 6Spades P1 3Hearts P2 KHearts P3 KDiamonds 
P2 AHearts P3 KClubs P0 6Hearts P1 5Hearts 
-- /GAME --
P0 HAND: QDiamonds, 3Diamonds, JClubs, 6Clubs, 2Clubs, 7Hearts, KHearts, 6Hearts, ASpades, 6Spades.
P1 HAND: 5Diamonds, 4Diamonds, KClubs, QClubs, 5Clubs, AHearts, KSpades, QSpades, 5Spades, 4Spades.
P2 HAND: 6Diamonds, AClubs, 7Clubs, 3Clubs, JHearts, 5Hearts, 3Hearts, 2Hearts, 7Spades, JSpades.
P3 HAND: ADiamonds, 7Diamonds, KDiamonds, JDiamonds, 2Diamonds, 4Clubs, QHearts, 4Hearts, 3Spades, 2Spades.
P1 AHearts P2 2Hearts P3 QHearts P0 6Hearts 
P1 4Diamonds P2 6Diamonds P3 ADiamonds P0 3Diamonds 
P3 2Diamonds P0 QDiamonds P1 5Diamonds P2 7Spades 
P0 ASpades P1 4Spades P2 JSpades P3 2Spades 
P0 6Spades P1 5Spades P2 3Hearts P3 3Spades 
P0 KHearts P1 QSpades P2 5Hearts P3 4Hearts 
P0 2Clubs P1 5Clubs P2 3Clubs P3 4Clubs 
P1 QClubs P2 7Clubs P3 JDiamonds P0 JClubs 
P2 JHearts P3 KDiamonds P0 7Hearts P1 KClubs 
P1 KSpades P2 AClubs P3 7Diamonds P0 6Clubs 
-- /GAME --
P0 HAND: JDiamonds, 5Diamonds, JClubs, 3Clubs, KHearts, 6Hearts, ASpades, KSpades, QSpades, 2Spades.
P1 HAND: KDiamonds, QDiamonds, 4Diamonds, AClubs, KClubs, 4Clubs, 2Clubs, QHearts, 2Hearts, 7Spades.
P2 HAND: 7Diamonds, 3Diamonds, 7Clubs, QClubs, 5Clubs, AHearts, 7Hearts, JHearts, JSpades, 6Spades.
P3 HAND: ADiamonds, 6Diamonds, 2Diamonds, 6Clubs, 5Hearts, 4Hearts, 3Hearts, 5Spades, 4Spades, 3Spades.
P0 ASpades P1 7Spades P2 JSpades P3 3Spades 
P0 5Diamonds P1 4Diamonds P2 3Diamonds P3 ADiamonds 
P3 2Diamonds P0 JDiamonds P1 QDiamonds P2 7Diamonds 
P2 AHearts P3 3Hearts P0 KHearts P1 2Hearts 
P2 6Spades P3 4Spades P0 2Spades P1 QHearts 
P2 JHearts P3 4Hearts P0 6Hearts P1 2Clubs 
P1 4Clubs P2 5Clubs P3 6Clubs P0 JClubs 
P0 QSpades P1 KClubs P2 7Clubs P3 5Spades 
P2 QClubs P3 5Hearts P0 3Clubs P1 AClubs 
P1 KDiamonds P2 7Hearts P3 6Diamonds P0 KSpades 
-- /GAME --

