-- GAME --
P0 HAND: 2Diamonds, AClubs, 7Clubs, JClubs, QClubs, 3Clubs, QHearts, 7Spades, 6Spades, 4Spades.
P1 HAND: 5Diamonds, KClubs, 5Clubs, 4Clubs, 7Hearts, 6Hearts, 5Hearts, 3Hearts, 3Spades, 2Spades.
P2 HAND: JDiamonds, QDiamonds, 6Diamonds, 4Diamonds, 6Clubs, 2Clubs, 4Hearts, 2Hearts, JSpades, QSpades.
P3 HAND: ADiamonds, 7Diamonds, KDiamonds, 3Diamonds, AHearts, KHearts, JHearts, ASpades, KSpades, 5Spades.
P2 2Clubs P3 3Diamonds P0 AClubs P1 4Clubs 
P0 2Diamonds P1 5Diamonds P2 4Diamonds P3 ADiamonds 
P3 ASpades P0 4Spades P1 3Spades P2 QSpades 
P3 5Spades P0 7Spades P1 2Spades P2 JSpades 
P0 6Spades P1 5Clubs P2 6Diamonds P3 KSpades 
P3 JHearts P0 QHearts P1 3Hearts P2 2Hearts 
P3 KHearts P0 3Clubs P1 5Hearts P2 4Hearts 
P3 AHearts P0 QClubs P1 6Hearts P2 6Clubs 
P3 KDiamonds P0 JClubs P1 7Hearts P2 QDiamonds 
P1 KClubs P2 JDiamonds P3 7Diamonds P0 7Clubs 
-- /GAME --
P0 HAND: JDiamonds, QDiamonds, 6Diamonds, JClubs, QHearts, 6Hearts, 5Hearts, KSpades, QSpades, 5Spades.
P1 HAND: KDiamonds, 5Diamonds, 6Clubs, 4Clubs, 3Clubs, AHearts, JHearts, 2Hearts, 7Spades, JSpades.
P2 HAND: 7Diamonds, 4Diamonds, 3Diamonds, 2Diamonds, 7Clubs, 5Clubs, 7Hearts, 4Hearts, 3Hearts, 6Spades.
P3 HAND: ADiamonds, AClubs, KClubs, QClubs, 2Clubs, KHearts, ASpades, 4Spades, 3Spades, 2Spades.
P1 AHearts P2 3Hearts P3 KHearts P0 6Hearts 
P1 2Hearts P2 4Hearts P3 2Clubs P0 QHearts 
P0 JClubs P1 3Clubs P2 5Clubs P3 AClubs 
P3 ADiamonds 
