-- GAME --
P0 HAND: 7Diamonds, KDiamonds, AClubs, 7Clubs, 2Clubs, AHearts, JHearts, KSpades, QSpades, 4Spades.
P1 HAND: JDiamonds, 2Diamonds, 6Clubs, 4Clubs, 7Hearts, 6Hearts, 5Hearts, ASpades, 6Spades, 3Spades.
P2 HAND: QDiamonds, 4Diamonds, 3Diamonds, JClubs, QClubs, KHearts, QHearts, 2Hearts, JSpades, 2Spades.
P3 HAND: ADiamonds, 6Diamonds, 5Diamonds, KClubs, 5Clubs, 3Clubs, 4Hearts, 3Hearts, 7Spades, 5Spades.
P3 ADiamonds P0 KDiamonds P1 JDiamonds P2 3Diamonds 
P3 3Clubs P0 AClubs P1 4Clubs P2 JClubs 
P0 7Clubs P1 6Clubs P2 QClubs P3 5Clubs 
P0 7Diamonds P1 2Diamonds P2 QDiamonds P3 5Diamonds 
P0 KSpades P1 ASpades P2 2Spades P3 7Spades 
P1 3Spades P2 JSpades P3 5Spades P0 QSpades 
P2 4Diamonds P3 6Diamonds P0 4Spades P1 6Spades 
P3 3Hearts P0 JHearts P1 5Hearts P2 2Hearts 
P0 2Clubs P1 6Hearts P2 QHearts P3 KClubs 
P2 KHearts P3 4Hearts P0 AHearts P1 7Hearts 
-- /GAME --
P0 HAND: KDiamonds, JDiamonds, 7Clubs, KClubs, JClubs, JHearts, QHearts, ASpades, KSpades, JSpades.
P1 HAND: 6Diamonds, 5Diamonds, 6Clubs, 5Clubs, 2Clubs, AHearts, 7Hearts, KHearts, 6Hearts, 6Spades.
P2 HAND: 4Diamonds, 3Diamonds, AClubs, 3Clubs, 5Hearts, 3Hearts, 7Spades, QSpades, 3Spades, 2Spades.
P3 HAND: ADiamonds, 7Diamonds, QDiamonds, 2Diamonds, QClubs, 4Clubs, 4Hearts, 2Hearts, 5Spades, 4Spades.
P2 2Spades P3 4Spades P0 KSpades P1 6Spades 
P0 ASpades P1 2Clubs P2 3Spades P3 5Spades 
P1 AHearts P2 3Hearts P3 4Hearts 
