-- GAME --
P0 HAND: JDiamonds, QDiamonds, 7Clubs, QClubs, 5Clubs, KHearts, JHearts, QHearts, 5Hearts, 5Spades.
P1 HAND: 6Diamonds, 5Diamonds, 4Diamonds, 2Diamonds, 2Clubs, 4Hearts, 2Hearts, JSpades, QSpades, 4Spades.
P2 HAND: 7Diamonds, KDiamonds, 3Diamonds, JClubs, 7Hearts, 6Hearts, 3Hearts, KSpades, 6Spades, 2Spades.
P3 HAND: ADiamonds, AClubs, KClubs, 6Clubs, 4Clubs, 3Clubs, AHearts, ASpades, 7Spades, 3Spades.
P0 JDiamonds P1 2Diamonds P2 3Diamonds P3 ADiamonds 
P3 3Clubs P0 7Clubs P1 2Clubs P2 JClubs 
P0 5Hearts P1 2Hearts P2 3Hearts P3 AHearts 
P3 3Spades P0 5Spades P1 4Spades P2 KSpades 
P2 2Spades P3 7Spades P0 QClubs P1 JSpades 
P3 4Clubs P0 5Clubs P1 4Hearts P2 7Hearts 
P0 KHearts P1 QSpades P2 6Hearts P3 6Clubs 
P0 QHearts P1 4Diamonds P2 6Spades P3 AClubs 
P1 5Diamonds P2 KDiamonds P3 KClubs P0 QDiamonds 
P2 7Diamonds P3 ASpades P0 JHearts P1 6Diamonds 
-- /GAME --
P0 HAND: 7Diamonds, KDiamonds, 2Diamonds, 7Clubs, QClubs, 7Hearts, 2Hearts, 5Spades, 4Spades, 2Spades.
P1 HAND: 6Diamonds, 3Diamonds, KClubs, 5Clubs, AHearts, KHearts, JHearts, 3Hearts, 7Spades, 6Spades.
P2 HAND: QDiamonds, 4Diamonds, AClubs, JClubs, 6Clubs, 4Clubs, 4Hearts, KSpades, QSpades, 3Spades.
P3 HAND: ADiamonds, JDiamonds, 5Diamonds, 3Clubs, 2Clubs, QHearts, 6Hearts, 5Hearts, ASpades, JSpades.
P3 ADiamonds 
