-- GAME --
P0 HAND: JClubs, 6Clubs, 3Clubs, AHearts, KHearts, 6Hearts, 5Hearts, QSpades, 3Spades, 2Spades.
P1 HAND: JDiamonds, QDiamonds, 4Diamonds, 3Diamonds, 7Clubs, 7Hearts, QHearts, 4Hearts, 7Spades, 4Spades.
P2 HAND: ADiamonds, 5Diamonds, 2Diamonds, KClubs, QClubs, 3Hearts, ASpades, KSpades, JSpades, 5Spades.
P3 HAND: 7Diamonds, KDiamonds, 6Diamonds, AClubs, 5Clubs, 4Clubs, 2Clubs, JHearts, 2Hearts, 6Spades.
P2 ASpades P3 6Spades P0 QSpades P1 4Spades 
P2 3Hearts P3 2Hearts P0 AHearts P1 4Hearts 
P0 2Spades P1 7Spades P2 5Spades P3 AClubs 
P1 7Clubs P2 QClubs P3 5Clubs P0 3Clubs 
P1 QHearts P2 2Diamonds P3 JHearts P0 KHearts 
P2 JSpades P3 2Clubs P0 3Spades P1 3Diamonds 
P1 4Diamonds P2 5Diamonds P3 6Diamonds P0 5Hearts 
P3 4Clubs P0 JClubs P1 QDiamonds P2 KClubs 
P1 JDiamonds P2 ADiamonds P3 KDiamonds P0 6Hearts 
P2 KSpades P3 7Diamonds P0 6Clubs P1 7Hearts 
-- /GAME --
P0 HAND: 2Diamonds, QClubs, 5Clubs, 3Clubs, AHearts, 7Hearts, KHearts, 2Hearts, 6Spades, 4Spades.
P1 HAND: ADiamonds, JDiamonds, QDiamonds, 6Diamonds, 4Diamonds, 2Clubs, QHearts, 6Hearts, 3Hearts, 3Spades.
P2 HAND: 7Diamonds, KDiamonds, 7Clubs, KClubs, JHearts, 5Hearts, 4Hearts, JSpades, QSpades, 5Spades.
P3 HAND: 5Diamonds, 3Diamonds, AClubs, JClubs, 6Clubs, 4Clubs, ASpades, 7Spades, KSpades, 2Spades.
P1 2Clubs P2 KClubs P3 AClubs P0 3Clubs 
P3 ASpades P0 4Spades P1 3Spades P2 5Spades 
P3 2Spades P0 6Spades P1 4Diamonds P2 JSpades 
P2 QSpades P3 KSpades P0 2Hearts P1 3Hearts 
P1 6Diamonds P2 KDiamonds P3 3Diamonds P0 2Diamonds 
P2 4Hearts P3 4Clubs P0 KHearts P1 6Hearts 
P0 QClubs P1 QDiamonds P2 7Clubs P3 6Clubs 
P2 5Hearts P3 5Diamonds P0 7Hearts P1 QHearts 
P0 5Clubs P1 JDiamonds P2 JHearts P3 JClubs 
P2 7Diamonds P3 7Spades P0 AHearts P1 ADiamonds 
-- /GAME --
P0 HAND: 5Diamonds, 3Diamonds, 2Diamonds, KClubs, JClubs, 2Clubs, AHearts, 5Hearts, 3Spades, 2Spades.
P1 HAND: 7Clubs, QClubs, 6Clubs, 4Clubs, JHearts, QHearts, 6Hearts, 7Spades, JSpades, 6Spades.
P2 HAND: ADiamonds, KDiamonds, JDiamonds, 6Diamonds, AClubs, 3Clubs, 7Hearts, KHearts, 4Hearts, 3Hearts.
P3 HAND: 7Diamonds, QDiamonds, 4Diamonds, 5Clubs, 2Hearts, ASpades, KSpades, QSpades, 5Spades, 4Spades.
P0 AHearts P1 6Hearts P2 7Hearts P3 2Hearts 
P0 5Hearts P1 QHearts P2 3Hearts P3 ASpades 
P1 4Clubs P2 AClubs P3 5Clubs P0 KClubs 
P2 3Clubs P3 4Spades P0 JClubs P1 7Clubs 
P1 6Clubs P2 4Hearts P3 5Spades P0 2Clubs 
P1 6Spades P2 6Diamonds P3 QSpades P0 2Spades 
P2 JDiamonds P3 4Diamonds P0 2Diamonds P1 QClubs 
P2 KDiamonds P3 QDiamonds P0 3Diamonds P1 JHearts 
P2 ADiamonds P3 7Diamonds P0 5Diamonds P1 JSpades 
P2 KHearts P3 KSpades P0 3Spades P1 7Spades 
-- /GAME --
P0 HAND: KDiamonds, 3Diamonds, KHearts, JHearts, 3Hearts, ASpades, 6Spades, 4Spades, 3Spades, 2Spades.
P1 HAND: 6Diamonds, 5Diamonds, AClubs, 7Clubs, QClubs, 6Clubs, 5Clubs, 3Clubs, AHearts, QHearts.
P2 HAND: ADiamonds, 7Diamonds, QDiamonds, 2Clubs, 7Hearts, 6Hearts, 5Hearts, 4Hearts, KSpades, 5Spades.
P3 HAND: JDiamonds, 4Diamonds, 2Diamonds, KClubs, JClubs, 4Clubs, 2Hearts, 7Spades, JSpades, QSpades.
P3 2Diamonds P0 3Diamonds P1 5Diamonds P2 ADiamonds 
P2 2Clubs P3 4Clubs P0 2Spades P1 AClubs 
P1 3Clubs P2 5Spades P3 JClubs P0 3Spades 
P3 4Diamonds P0 KDiamonds P1 6Diamonds P2 7Diamonds 
P2 QDiamonds P3 JDiamonds P0 4Spades P1 7Clubs 
P3 QSpades P0 ASpades P1 QHearts P2 KSpades 
P1 5Clubs P2 4Hearts P3 KClubs P0 6Spades 
P2 5Hearts P3 2Hearts P0 3Hearts P1 AHearts 
P1 6Clubs P2 6Hearts P3 JSpades P0 JHearts 
P0 KHearts P1 QClubs P2 7Hearts P3 7Spades 
-- /GAME --
P0 HAND: 3Diamonds, JClubs, 2Clubs, JHearts, QHearts, 3Hearts, 2Hearts, JSpades, QSpades, 5Spades.
P1 HAND: 7Diamonds, 2Diamonds, KClubs, 6Clubs, 5Clubs, 3Clubs, 7Hearts, ASpades, KSpades, 2Spades.
P2 HAND: ADiamonds, KDiamonds, 5Diamonds, 7Clubs, QClubs, 4Clubs, AHearts, KHearts, 6Spades, 4Spades.
P3 HAND: JDiamonds, QDiamonds, 6Diamonds, 4Diamonds, AClubs, 6Hearts, 5Hearts, 4Hearts, 7Spades, 3Spades.
P0 5Spades P1 ASpades P2 4Spades P3 7Spades 
P1 2Spades P2 6Spades P3 3Spades P0 JSpades 
P0 QSpades P1 KSpades P2 5Diamonds P3 6Diamonds 
P3 AClubs P0 2Clubs P1 KClubs P2 4Clubs 
P3 4Hearts P0 2Hearts P1 7Hearts P2 AHearts 
P2 QClubs P3 5Hearts P0 JClubs P1 3Clubs 
P0 JHearts P1 5Clubs P2 KHearts P3 6Hearts 
P2 KDiamonds P3 4Diamonds P0 3Diamonds P1 2Diamonds 
P2 ADiamonds P3 QDiamonds P0 QHearts P1 7Diamonds 
P2 7Clubs P3 JDiamonds P0 3Hearts P1 6Clubs 
-- /GAME --
P0 HAND: ADiamonds, KDiamonds, KClubs, QHearts, 5Hearts, 2Hearts, QSpades, 5Spades, 4Spades, 2Spades.
P1 HAND: JDiamonds, QDiamonds, 6Diamonds, 5Diamonds, 4Diamonds, 3Diamonds, 2Diamonds, AClubs, 7Clubs, ASpades.
P2 HAND: 7Diamonds, JClubs, 6Clubs, 5Clubs, 4Clubs, 2Clubs, AHearts, 7Hearts, 6Hearts, KSpades.
P3 HAND: QClubs, 3Clubs, KHearts, JHearts, 4Hearts, 3Hearts, 7Spades, JSpades, 6Spades, 3Spades.
P3 3Clubs P0 KClubs P1 AClubs P2 2Clubs 
P1 ASpades P2 KSpades P3 7Spades P0 2Spades 
P1 2Diamonds P2 7Diamonds P3 3Hearts P0 KDiamonds 
P2 AHearts P3 4Hearts P0 QHearts P1 3Diamonds 
P1 4Diamonds P2 4Clubs P3 3Spades P0 ADiamonds 
P0 2Hearts P1 5Diamonds P2 6Hearts P3 KHearts 
P1 6Diamonds P2 5Clubs P3 6Spades P0 5Hearts 
P1 QDiamonds P2 6Clubs P3 QClubs P0 4Spades 
P1 JDiamonds P2 JClubs P3 JHearts P0 5Spades 
P1 7Clubs P2 7Hearts P3 JSpades P0 QSpades 
-- /GAME --
P0 HAND: JDiamonds, 5Diamonds, 4Diamonds, 2Diamonds, JClubs, 2Hearts, JSpades, 5Spades, 4Spades, 3Spades.
P1 HAND: 7Diamonds, KDiamonds, 6Diamonds, QClubs, 3Clubs, 2Clubs, 7Hearts, 6Hearts, 3Hearts, 7Spades.
P2 HAND: ADiamonds, KClubs, 6Clubs, 5Clubs, 4Clubs, JHearts, 4Hearts, ASpades, KSpades, 2Spades.
P3 HAND: QDiamonds, 3Diamonds, AClubs, 7Clubs, AHearts, KHearts, QHearts, 5Hearts, QSpades, 6Spades.
P2 ASpades P3 6Spades P0 JSpades P1 7Spades 
P2 2Spades P3 QSpades P0 3Spades P1 7Hearts 
P3 AClubs P0 JClubs P1 QClubs P2 4Clubs 
P3 5Hearts P0 2Hearts P1 3Hearts P2 JHearts 
P2 4Hearts P3 QHearts P0 4Diamonds P1 6Hearts 
P0 4Spades P1 2Clubs P2 KSpades P3 3Diamonds 
P3 QDiamonds P0 2Diamonds P1 6Diamonds P2 ADiamonds 
P2 5Clubs P3 7Clubs P0 5Spades P1 3Clubs 
P3 KHearts P0 5Diamonds P1 KDiamonds P2 6Clubs 
P1 7Diamonds P2 KClubs P3 AHearts P0 JDiamonds 
-- /GAME --
P0 HAND: ADiamonds, JDiamonds, 6Diamonds, 5Diamonds, 6Clubs, 5Clubs, 3Clubs, AHearts, QHearts, 2Spades.
P1 HAND: 7Diamonds, QDiamonds, 2Diamonds, 4Clubs, 6Hearts, 5Hearts, ASpades, 6Spades, 4Spades, 3Spades.
P2 HAND: 4Diamonds, AClubs, QClubs, 2Clubs, 7Hearts, KHearts, JHearts, 2Hearts, JSpades, QSpades.
P3 HAND: KDiamonds, 3Diamonds, 7Clubs, KClubs, JClubs, 4Hearts, 3Hearts, 7Spades, KSpades, 5Spades.
P1 ASpades P2 QSpades P3 7Spades P0 2Spades 
P1 2Diamonds P2 4Diamonds P3 3Diamonds P0 ADiamonds 
P0 3Clubs P1 4Clubs P2 AClubs P3 JClubs 
P2 2Clubs P3 KClubs P0 6Clubs P1 7Diamonds 
P3 5Spades P0 5Clubs P1 3Spades P2 JSpades 
P2 QClubs P3 7Clubs P0 QHearts P1 4Spades 
P0 JDiamonds P1 QDiamonds P2 2Hearts P3 KDiamonds 
P2 JHearts P3 3Hearts P0 AHearts P1 5Hearts 
P0 5Diamonds P1 6Spades P2 KHearts P3 4Hearts 
P2 7Hearts P3 KSpades P0 6Diamonds P1 6Hearts 
-- /GAME --
P0 HAND: JDiamonds, 6Diamonds, 3Clubs, AHearts, KHearts, 3Hearts, 2Hearts, KSpades, JSpades, QSpades.
P1 HAND: 7Diamonds, KDiamonds, QDiamonds, 5Diamonds, AClubs, JClubs, 5Clubs, 4Clubs, ASpades, 5Spades.
P2 HAND: 2Diamonds, 7Clubs, 2Clubs, QHearts, 6Hearts, 5Hearts, 4Hearts, 4Spades, 3Spades, 2Spades.
P3 HAND: ADiamonds, 4Diamonds, 3Diamonds, KClubs, QClubs, 6Clubs, 7Hearts, JHearts, 7Spades, 6Spades.
P0 3Clubs P1 AClubs P2 2Clubs P3 KClubs 
P1 4Clubs P2 7Clubs P3 6Clubs P0 AHearts 
P2 2Diamonds P3 ADiamonds P0 6Diamonds P1 7Diamonds 
P3 7Hearts P0 2Hearts P1 KDiamonds P2 4Hearts 
P3 3Diamonds P0 JDiamonds P1 5Diamonds P2 QHearts 
P0 KHearts P1 5Clubs P2 6Hearts P3 JHearts 
P0 3Hearts P1 QDiamonds P2 5Hearts P3 4Diamonds 
P2 2Spades P3 6Spades P0 KSpades P1 5Spades 
P0 QSpades P1 ASpades P2 3Spades P3 7Spades 
P1 JClubs P2 4Spades P3 QClubs P0 JSpades 
-- /GAME --
P0 HAND: JDiamonds, 5Clubs, 4Clubs, 3Hearts, 2Hearts, ASpades, 7Spades, KSpades, 5Spades, 3Spades.
P1 HAND: ADiamonds, 5Diamonds, 2Diamonds, JClubs, QClubs, AHearts, QHearts, 5Hearts, JSpades, 6Spades.
P2 HAND: KDiamonds, 6Diamonds, 7Clubs, KClubs, 6Clubs, 3Clubs, 7Hearts, 6Hearts, QSpades, 2Spades.
P3 HAND: 7Diamonds, QDiamonds, 4Diamonds, 3Diamonds, AClubs, 2Clubs, KHearts, JHearts, 4Hearts, 4Spades.

