-- GAME --
P1 ADiamonds P2 5Diamonds P3 KDiamonds P0 7Diamonds 
P1 ASpades P2 3Spades P3 7Spades P0 2Spades 
P1 4Spades P2 6Spades P3 QSpades P0 2Clubs 
P0 2Diamonds P1 6Diamonds P2 3Hearts P3 4Diamonds 
P1 5Hearts P2 4Hearts P3 AHearts P0 KHearts 
P3 2Hearts P0 5Clubs P1 6Hearts P2 KSpades 
P0 JDiamonds P1 5Spades P2 JSpades P3 3Diamonds 
P0 QDiamonds P1 KClubs P2 3Clubs P3 7Hearts 
P1 JHearts P2 QClubs P3 QHearts P0 6Clubs 
P2 JClubs P3 4Clubs P0 AClubs P1 7Clubs 
-- /GAME --
P0 HAND: 4Clubs, 2Clubs, AHearts, KHearts, 3Hearts, 2Hearts, 7Spades, JSpades, 5Spades, 2Spades.
P1 HAND: KDiamonds, QDiamonds, 2Diamonds, KClubs, QClubs, 3Clubs, QHearts, 6Hearts, KSpades, QSpades.
P2 HAND: JDiamonds, 4Diamonds, AClubs, JClubs, 6Clubs, 7Hearts, 5Hearts, 6Spades, 4Spades, 3Spades.
P3 HAND: ADiamonds, 7Diamonds, 6Diamonds, 5Diamonds, 3Diamonds, 7Clubs, 5Clubs, JHearts, 4Hearts, ASpades.
P0 AHearts P1 6Hearts P2 7Hearts P3 4Hearts 
P0 2Hearts P1 QHearts P2 5Hearts P3 JHearts 
P3 ASpades P0 2Spades P1 KSpades P2 3Spades 
P3 5Clubs P0 2Clubs P1 3Clubs P2 AClubs 
P2 4Spades P3 3Diamonds P0 5Spades P1 QSpades 
P3 5Diamonds P0 4Clubs P1 2Diamonds P2 4Diamonds 
P3 6Diamonds P0 KHearts P1 QDiamonds P2 JDiamonds 
P2 6Clubs P3 7Clubs P0 3Hearts P1 KClubs 
P3 7Diamonds P0 JSpades P1 KDiamonds P2 6Spades 
P3 ADiamonds P0 7Spades P1 QClubs P2 JClubs 
-- /GAME --
P0 HAND: KDiamonds, 5Diamonds, 2Diamonds, 7Clubs, JClubs, KHearts, 5Hearts, JSpades, 5Spades, 4Spades.
P1 HAND: 3Diamonds, KClubs, QClubs, 2Clubs, 7Hearts, JHearts, 3Hearts, QSpades, 6Spades, 3Spades.
P2 HAND: 7Diamonds, 6Diamonds, AClubs, 6Clubs, 4Clubs, 6Hearts, ASpades, 7Spades, KSpades, 2Spades.
P3 HAND: ADiamonds, JDiamonds, QDiamonds, 4Diamonds, 5Clubs, 3Clubs, AHearts, QHearts, 4Hearts, 2Hearts.
P3 ADiamonds P0 2Diamonds P1 3Diamonds P2 6Diamonds 
P3 AHearts P0 5Hearts P1 7Hearts P2 6Hearts 
P3 2Hearts P0 KHearts P1 3Hearts P2 AClubs 
P0 7Clubs P1 2Clubs P2 6Clubs P3 3Clubs 
P0 5Diamonds P1 QClubs P2 7Diamonds P3 4Diamonds 
P2 4Clubs P3 5Clubs P0 JClubs P1 KClubs 
P1 JHearts P2 2Spades P3 4Hearts P0 JSpades 
P0 KDiamonds P1 3Spades P2 KSpades P3 QDiamonds 
P2 7Spades P3 QHearts P0 5Spades P1 6Spades 
P2 ASpades P3 JDiamonds P0 4Spades P1 QSpades 
-- /GAME --
P0 HAND: KDiamonds, 6Diamonds, 5Diamonds, QClubs, 2Clubs, QHearts, 6Hearts, 6Spades, 5Spades, 2Spades.
P1 HAND: JDiamonds, AClubs, 5Clubs, 3Clubs, AHearts, 7Hearts, JHearts, 4Hearts, 3Hearts, KSpades.
P2 HAND: ADiamonds, 7Diamonds, KClubs, JClubs, 2Hearts, ASpades, 7Spades, JSpades, 4Spades, 3Spades.
P3 HAND: QDiamonds, 4Diamonds, 3Diamonds, 2Diamonds, 7Clubs, 6Clubs, 4Clubs, KHearts, 5Hearts, QSpades.
P2 ADiamonds P3 2Diamonds P0 KDiamonds P1 JDiamonds 
P2 2Hearts P3 5Hearts P0 6Hearts P1 AHearts 
P1 3Hearts P2 3Spades P3 KHearts P0 QHearts 
P3 3Diamonds P0 6Diamonds P1 4Hearts P2 7Diamonds 
P2 4Spades P3 QSpades P0 6Spades P1 KSpades 
P1 JHearts P2 JClubs P3 7Clubs P0 5Diamonds 
P3 4Diamonds P0 QClubs P1 3Clubs P2 ASpades 
P0 5Spades P1 5Clubs P2 JSpades P3 QDiamonds 
P1 AClubs P2 KClubs P3 4Clubs P0 2Clubs 
P1 7Hearts P2 7Spades P3 6Clubs P0 2Spades 
-- /GAME --
P0 HAND: ADiamonds, 7Diamonds, 3Diamonds, JClubs, 5Clubs, 4Clubs, 5Hearts, 4Hearts, 3Hearts, 2Spades.
P1 HAND: KDiamonds, 5Diamonds, 4Diamonds, 2Diamonds, KClubs, 6Clubs, 7Hearts, QHearts, 2Hearts, 4Spades.
P2 HAND: JDiamonds, QDiamonds, 7Clubs, QClubs, 3Clubs, 2Clubs, KHearts, 7Spades, KSpades, 5Spades.
P3 HAND: 6Diamonds, AClubs, AHearts, JHearts, 6Hearts, ASpades, JSpades, QSpades, 6Spades, 3Spades.
P1 2Diamonds P2 QDiamonds P3 6Diamonds P0 ADiamonds 
P0 4Clubs P1 6Clubs P2 2Clubs P3 AClubs 
P3 3Spades P0 2Spades P1 4Spades P2 7Spades 
P2 3Clubs P3 6Spades P0 5Clubs P1 KClubs 
P1 4Diamonds P2 JDiamonds P3 QSpades P0 3Diamonds 
P2 5Spades P3 JSpades P0 JClubs P1 KDiamonds 
P3 6Hearts P0 3Hearts P1 2Hearts P2 KHearts 
P2 QClubs P3 JHearts P0 4Hearts P1 5Diamonds 
P3 AHearts P0 5Hearts P1 QHearts P2 KSpades 
P3 ASpades P0 7Diamonds P1 7Hearts P2 7Clubs 
-- /GAME --
P0 HAND: 5Diamonds, 4Diamonds, 3Diamonds, AClubs, QClubs, 4Hearts, ASpades, JSpades, 6Spades, 5Spades.
P1 HAND: 7Diamonds, QDiamonds, 6Diamonds, 7Clubs, 6Clubs, 4Clubs, 7Hearts, 5Hearts, 7Spades, 2Spades.
P2 HAND: ADiamonds, JDiamonds, 2Diamonds, 5Clubs, KHearts, JHearts, QHearts, 6Hearts, 3Hearts, 2Hearts.
P3 HAND: KDiamonds, KClubs, JClubs, 3Clubs, 2Clubs, AHearts, KSpades, QSpades, 4Spades, 3Spades.
P0 ASpades P1 2Spades P2 ADiamonds P3 3Spades 
P0 JSpades P1 7Spades P2 5Clubs P3 4Spades 
P2 2Diamonds P3 KDiamonds P0 5Diamonds P1 7Diamonds 
P1 5Hearts P2 2Hearts P3 AHearts P0 4Hearts 
P3 QSpades P0 6Spades P1 6Diamonds P2 3Hearts 
P3 2Clubs P0 AClubs P1 4Clubs P2 KHearts 
P0 QClubs P1 6Clubs P2 6Hearts P3 3Clubs 
P0 4Diamonds P1 QDiamonds P2 JDiamonds P3 JClubs 
P3 KClubs P0 5Spades P1 7Clubs P2 QHearts 
P1 7Hearts P2 JHearts P3 KSpades P0 3Diamonds 
-- /GAME --

