-- GAME --
P0 HAND: ADiamonds, KDiamonds, 5Diamonds, 2Diamonds, 7Clubs, AHearts, 6Hearts, 4Hearts, QSpades, 6Spades.
P1 HAND: 7Diamonds, JClubs, 4Clubs, JHearts, QHearts, 5Hearts, ASpades, JSpades, 5Spades, 4Spades.
P2 HAND: JDiamonds, 6Diamonds, AClubs, KClubs, 6Clubs, 2Clubs, 7Hearts, 3Hearts, 3Spades, 2Spades.
P3 HAND: QDiamonds, 4Diamonds, 3Diamonds, QClubs, 5Clubs, 3Clubs, KHearts, 2Hearts, 7Spades, KSpades.
P0 AHearts P1 5Hearts P2 7Hearts P3 2Hearts 
P0 ADiamonds P1 7Diamonds P2 JDiamonds P3 3Diamonds 
P0 6Spades P1 ASpades P2 2Spades P3 7Spades 
P1 4Spades P2 3Spades P3 KSpades P0 QSpades 
P3 4Diamonds P0 KDiamonds P1 5Spades P2 6Diamonds 
P0 4Hearts P1 QHearts P2 3Hearts P3 KHearts 
P3 QDiamonds P0 2Diamonds P1 4Clubs P2 2Clubs 
P1 JHearts P2 6Clubs P3 3Clubs P0 6Hearts 
P2 KClubs P3 5Clubs P0 7Clubs P1 JClubs 
P0 5Diamonds P1 JSpades P2 AClubs P3 QClubs 
-- /GAME --
P0 HAND: 6Diamonds, 2Diamonds, QClubs, 3Clubs, 7Hearts, KHearts, 2Hearts, KSpades, JSpades, 2Spades.
P1 HAND: 7Diamonds, KDiamonds, AClubs, KClubs, JClubs, 6Clubs, JHearts, 6Hearts, 4Hearts, 6Spades.
P2 HAND: JDiamonds, 4Diamonds, 7Clubs, 5Clubs, AHearts, 3Hearts, ASpades, 7Spades, 5Spades, 4Spades.
P3 HAND: ADiamonds, QDiamonds, 5Diamonds, 3Diamonds, 4Clubs, 2Clubs, QHearts, 5Hearts, QSpades, 3Spades.
P3 ADiamonds P0 2Diamonds P1 7Diamonds P2 4Diamonds 
P3 2Clubs P0 3Clubs P1 AClubs P2 5Clubs 
P1 6Clubs P2 7Clubs P3 4Clubs P0 QClubs 
P2 ASpades P3 3Spades P0 KSpades P1 6Spades 
P2 4Spades P3 QSpades P0 2Spades P1 KDiamonds 
P3 3Diamonds P0 6Diamonds P1 4Hearts P2 JDiamonds 
P1 JClubs P2 5Spades P3 5Diamonds P0 JSpades 
P1 6Hearts P2 3Hearts P3 5Hearts P0 2Hearts 
P1 JHearts P2 AHearts P3 QHearts P0 7Hearts 
P2 7Spades P3 QDiamonds P0 KHearts P1 KClubs 
-- /GAME --
P0 HAND: 2Diamonds, 5Clubs, 3Clubs, QHearts, 3Hearts, 2Hearts, ASpades, 7Spades, QSpades, 4Spades.
P1 HAND: 6Diamonds, 7Clubs, KClubs, QClubs, 4Clubs, 2Clubs, 6Hearts, 5Hearts, JSpades, 6Spades.
P2 HAND: JDiamonds, QDiamonds, 5Diamonds, 4Diamonds, AClubs, 7Hearts, JHearts, 5Spades, 3Spades, 2Spades.
P3 HAND: ADiamonds, 7Diamonds, KDiamonds, 3Diamonds, JClubs, 6Clubs, AHearts, KHearts, 4Hearts, KSpades.

