-- GAME --
P0 HAND: 5Diamonds, 4Diamonds, 3Diamonds, AClubs, JClubs, 6Hearts, 3Hearts, KSpades, QSpades, 3Spades.
P1 HAND: 7Diamonds, 6Diamonds, KClubs, 4Clubs, 2Clubs, JHearts, 5Hearts, 7Spades, JSpades, 4Spades.
P2 HAND: ADiamonds, KDiamonds, JDiamonds, QDiamonds, 2Diamonds, QClubs, 5Clubs, AHearts, 6Spades, 2Spades.
P3 HAND: 7Clubs, 6Clubs, 3Clubs, 7Hearts, KHearts, QHearts, 4Hearts, 2Hearts, ASpades, 5Spades.
P3 ASpades P0 3Spades P1 7Spades P2 2Spades 
P3 2Hearts P0 3Hearts P1 5Hearts P2 AHearts 
P2 5Clubs P3 3Clubs P0 JClubs P1 KClubs 
P1 2Clubs P2 QClubs P3 6Clubs P0 AClubs 
P0 KSpades P1 4Spades P2 6Spades P3 5Spades 
P0 QSpades P1 JSpades P2 2Diamonds P3 4Hearts 
P2 QDiamonds P3 QHearts P0 3Diamonds P1 6Diamonds 
P2 JDiamonds P3 KHearts P0 4Diamonds P1 7Diamonds 
P1 4Clubs P2 KDiamonds P3 7Clubs P0 6Hearts 
P2 ADiamonds P3 7Hearts P0 5Diamonds P1 JHearts 
-- /GAME --
P0 HAND: ADiamonds, 7Diamonds, 4Diamonds, 3Diamonds, 3Clubs, 4Hearts, 3Hearts, QSpades, 6Spades, 2Spades.
P1 HAND: QDiamonds, JClubs, QClubs, 5Clubs, AHearts, QHearts, 7Spades, KSpades, JSpades, 3Spades.
P2 HAND: 6Diamonds, 7Clubs, KClubs, 6Clubs, 4Clubs, 2Clubs, KHearts, JHearts, 6Hearts, 2Hearts.
P3 HAND: KDiamonds, JDiamonds, 5Diamonds, 2Diamonds, AClubs, 7Hearts, 5Hearts, ASpades, 5Spades, 4Spades.
P2 2Clubs P3 AClubs P0 3Clubs P1 JClubs 
P3 2Diamonds P0 ADiamonds P1 QDiamonds P2 6Diamonds 
P0 7Diamonds P1 3Spades P2 2Hearts P3 KDiamonds 
P1 AHearts P2 6Hearts P3 7Hearts P0 3Hearts 
P1 5Clubs P2 4Clubs P3 5Diamonds P0 4Diamonds 
P1 QClubs P2 6Clubs P3 5Hearts P0 4Hearts 
P1 QHearts P2 JHearts P3 4Spades P0 QSpades 
P0 3Diamonds P1 JSpades P2 KClubs P3 JDiamonds 
P1 KSpades P2 KHearts P3 5Spades P0 2Spades 
P1 7Spades P2 7Clubs P3 ASpades P0 6Spades 
-- /GAME --
P0 HAND: 7Diamonds, QDiamonds, 7Clubs, QClubs, 6Clubs, 4Clubs, 3Clubs, JSpades, QSpades, 3Spades.
P1 HAND: KDiamonds, JDiamonds, KClubs, 2Clubs, AHearts, QHearts, ASpades, 6Spades, 5Spades, 4Spades.
P2 HAND: 5Diamonds, 3Diamonds, 2Diamonds, KHearts, JHearts, 6Hearts, 5Hearts, 4Hearts, 2Hearts, 2Spades.
P3 HAND: ADiamonds, 6Diamonds, 4Diamonds, AClubs, JClubs, 5Clubs, 7Hearts, 3Hearts, 7Spades, KSpades.
P1 AHearts P2 2Hearts P3 7Hearts P0 7Diamonds 
P0 JSpades P1 ASpades P2 2Spades P3 7Spades 
P1 2Clubs P2 4Hearts P3 AClubs P0 3Clubs 
P3 3Hearts P0 7Clubs P1 QHearts P2 KHearts 
P2 5Hearts P3 5Clubs P0 3Spades P1 4Spades 
P2 6Hearts P3 4Diamonds P0 QSpades P1 KClubs 
P3 JClubs P0 6Clubs P1 5Spades P2 2Diamonds 
P2 JHearts P3 6Diamonds P0 QDiamonds P1 JDiamonds 
P1 6Spades P2 3Diamonds P3 KSpades P0 QClubs 
P2 5Diamonds P3 ADiamonds P0 4Clubs P1 KDiamonds 
-- /GAME --
P0 HAND: KDiamonds, JDiamonds, 6Diamonds, 5Diamonds, 3Diamonds, 6Clubs, 5Hearts, 3Hearts, 2Hearts, 6Spades.
P1 HAND: ADiamonds, 4Diamonds, 5Clubs, 4Clubs, 7Hearts, JSpades, QSpades, 5Spades, 4Spades, 2Spades.
P2 HAND: 7Clubs, KClubs, QClubs, 3Clubs, 2Clubs, AHearts, JHearts, QHearts, ASpades, 7Spades.
P3 HAND: 7Diamonds, QDiamonds, 2Diamonds, AClubs, JClubs, KHearts, 6Hearts, 4Hearts, KSpades, 3Spades.
P0 6Spades P1 2Spades P2 ASpades P3 3Spades 
P2 AHearts P3 4Hearts P0 5Hearts P1 7Hearts 
P2 QHearts P3 6Hearts P0 3Hearts P1 4Diamonds 
P2 JHearts P3 KHearts P0 2Hearts P1 ADiamonds 
P3 2Diamonds P0 KDiamonds P1 4Spades P2 7Spades 
P0 JDiamonds P1 5Spades P2 2Clubs P3 QDiamonds 
P2 3Clubs P3 JClubs P0 6Clubs P1 4Clubs 
P3 AClubs P0 5Diamonds P1 5Clubs P2 QClubs 
P3 KSpades P0 3Diamonds P1 QSpades P2 KClubs 
P2 7Clubs P3 7Diamonds P0 6Diamonds P1 JSpades 
-- /GAME --
P0 HAND: ADiamonds, KDiamonds, QClubs, 2Clubs, 7Hearts, QHearts, QSpades, 6Spades, 4Spades, 2Spades.
P1 HAND: QDiamonds, 3Diamonds, 7Clubs, JClubs, 6Clubs, 4Clubs, AHearts, 5Hearts, 3Hearts, 7Spades.
P2 HAND: 7Diamonds, 6Diamonds, 5Diamonds, AClubs, 5Clubs, KHearts, 4Hearts, KSpades, 5Spades, 3Spades.
P3 HAND: JDiamonds, 4Diamonds, 2Diamonds, KClubs, 3Clubs, JHearts, 6Hearts, 2Hearts, ASpades, JSpades.
P3 ASpades P0 4Spades P1 7Spades P2 3Spades 
P3 2Diamonds P0 KDiamonds P1 3Diamonds P2 7Diamonds 
P2 AClubs P3 3Clubs P0 2Clubs P1 4Clubs 
P2 5Diamonds P3 4Diamonds P0 ADiamonds P1 QDiamonds 
P0 QClubs P1 6Clubs P2 5Clubs P3 KClubs 
P3 JDiamonds P0 QSpades P1 3Hearts P2 6Diamonds 
P1 JClubs P2 5Spades P3 2Hearts P0 7Hearts 
P0 6Spades P1 5Hearts P2 KSpades P3 JSpades 
P1 AHearts P2 4Hearts P3 6Hearts P0 QHearts 
P1 7Clubs P2 KHearts P3 JHearts P0 2Spades 
-- /GAME --
P0 HAND: ADiamonds, 6Diamonds, JClubs, 5Clubs, 3Clubs, 2Clubs, QHearts, 5Hearts, 4Spades, 2Spades.
P1 HAND: QDiamonds, 5Diamonds, 4Clubs, AHearts, 7Hearts, KHearts, 3Hearts, 7Spades, JSpades, 6Spades.
P2 HAND: 7Diamonds, JDiamonds, 4Diamonds, AClubs, QClubs, 6Clubs, JHearts, QSpades, 5Spades, 3Spades.
P3 HAND: KDiamonds, 3Diamonds, 2Diamonds, 7Clubs, KClubs, 6Hearts, 4Hearts, 2Hearts, ASpades, KSpades.
P2 3Spades P3 ASpades P0 2Spades P1 7Spades 
P3 2Diamonds P0 6Diamonds P1 5Diamonds P2 7Diamonds 
P2 4Diamonds P3 3Diamonds P0 ADiamonds P1 QDiamonds 
P0 4Spades P1 6Spades P2 5Spades P3 KSpades 
P3 2Hearts P0 5Hearts P1 AHearts P2 JHearts 
P1 3Hearts P2 QSpades P3 4Hearts P0 QHearts 
P0 2Clubs P1 4Clubs P2 6Clubs P3 KClubs 
P3 6Hearts P0 JClubs P1 KHearts P2 JDiamonds 
P0 3Clubs P1 JSpades P2 QClubs P3 7Clubs 
P3 KDiamonds P0 5Clubs P1 7Hearts P2 AClubs 
-- /GAME --
P0 HAND: QDiamonds, 5Diamonds, 2Diamonds, AClubs, QClubs, 2Clubs, 3Hearts, ASpades, 7Spades, 3Spades.
P1 HAND: ADiamonds, KDiamonds, JDiamonds, 4Diamonds, 6Clubs, 5Clubs, 3Clubs, 6Hearts, JSpades, QSpades.
P2 HAND: 7Diamonds, 3Diamonds, 7Clubs, KClubs, 4Clubs, 7Hearts, QHearts, 5Hearts, 5Spades, 2Spades.
P3 HAND: 6Diamonds, JClubs, AHearts, KHearts, JHearts, 4Hearts, 2Hearts, KSpades, 6Spades, 4Spades.
P0 ASpades P1 QSpades P2 5Spades P3 4Spades 
P0 AClubs P1 3Clubs P2 7Clubs P3 JClubs 
P0 7Spades P1 JSpades P2 2Spades P3 6Spades 
P0 QClubs P1 5Clubs P2 KClubs P3 6Diamonds 
P3 2Hearts P0 3Hearts P1 6Hearts P2 7Hearts 
P2 4Clubs P3 4Hearts P0 2Clubs P1 6Clubs 
P1 4Diamonds P2 3Diamonds P3 JHearts P0 QDiamonds 
P0 3Spades P1 JDiamonds P2 5Hearts P3 KSpades 
P1 KDiamonds P2 7Diamonds P3 KHearts P0 5Diamonds 
P2 QHearts P3 AHearts P0 2Diamonds P1 ADiamonds 
-- /GAME --
P0 HAND: ADiamonds, KDiamonds, 4Diamonds, 2Diamonds, 5Clubs, QHearts, 6Hearts, 5Hearts, 7Spades, 3Spades.
P1 HAND: 5Diamonds, KClubs, 3Clubs, 7Hearts, 4Hearts, 3Hearts, KSpades, JSpades, 6Spades, 5Spades.
P2 HAND: 7Clubs, QClubs, 6Clubs, 4Clubs, 2Clubs, AHearts, JHearts, 2Hearts, 4Spades, 2Spades.
P3 HAND: 7Diamonds, JDiamonds, QDiamonds, 6Diamonds, 3Diamonds, AClubs, JClubs, KHearts, ASpades, QSpades.
P3 AClubs P0 5Clubs P1 KClubs P2 2Clubs 
P3 ASpades P0 3Spades P1 KSpades P2 2Spades 
P3 3Diamonds P0 ADiamonds P1 5Diamonds P2 7Clubs 
P0 KDiamonds P1 3Clubs P2 4Clubs P3 7Diamonds 
P3 6Diamonds P0 4Diamonds P1 5Spades P2 4Spades 
P3 QDiamonds P0 2Diamonds P1 6Spades P2 6Clubs 
P3 QSpades P0 7Spades P1 JSpades P2 QClubs 
P0 5Hearts P1 3Hearts P2 2Hearts P3 KHearts 
P3 JDiamonds P0 QHearts P1 7Hearts P2 AHearts 
P2 JHearts P3 JClubs P0 6Hearts P1 4Hearts 
-- /GAME --
P0 HAND: ADiamonds, 7Diamonds, 5Diamonds, JClubs, 6Clubs, 5Hearts, 3Hearts, ASpades, 7Spades, JSpades.
P1 HAND: KDiamonds, QDiamonds, 4Diamonds, AClubs, QClubs, 5Clubs, AHearts, JHearts, 2Hearts, 3Spades.
P2 HAND: 6Diamonds, 2Diamonds, KClubs, 3Clubs, KHearts, QHearts, 4Hearts, KSpades, 5Spades, 2Spades.
P3 HAND: JDiamonds, 3Diamonds, 7Clubs, 4Clubs, 2Clubs, 7Hearts, 6Hearts, QSpades, 6Spades, 4Spades.
P2 2Diamonds P3 3Diamonds P0 ADiamonds P1 4Diamonds 
P0 ASpades P1 3Spades P2 KSpades P3 4Spades 
P0 7Diamonds P1 QDiamonds P2 6Diamonds P3 JDiamonds 
P0 7Spades P1 5Clubs P2 2Spades P3 QSpades 
P1 AHearts P2 4Hearts P3 7Hearts P0 3Hearts 
P1 2Hearts P2 QHearts P3 6Hearts P0 5Hearts 
P2 5Spades P3 6Spades P0 JSpades P1 QClubs 
P1 JHearts P2 KHearts P3 2Clubs P0 JClubs 
P0 5Diamonds P1 KDiamonds P2 3Clubs P3 4Clubs 
P3 7Clubs P0 6Clubs P1 AClubs P2 KClubs 
-- /GAME --
P0 HAND: 7Clubs, KClubs, JClubs, 5Clubs, 7Hearts, 5Hearts, 3Hearts, 7Spades, 5Spades, 2Spades.
P1 HAND: KDiamonds, 2Diamonds, 3Clubs, 2Clubs, AHearts, JHearts, 6Hearts, 2Hearts, QSpades, 3Spades.
P2 HAND: ADiamonds, 7Diamonds, QDiamonds, 6Diamonds, 5Diamonds, 4Diamonds, 3Diamonds, AClubs, 4Hearts, JSpades.
P3 HAND: JDiamonds, QClubs, 6Clubs, 4Clubs, KHearts, QHearts, ASpades, KSpades, 6Spades, 4Spades.
P1 AHearts P2 4Hearts P3 KHearts P0 3Hearts 
P1 2Diamonds P2 3Diamonds P3 JDiamonds P0 5Clubs 
P3 4Clubs P0 7Clubs P1 2Clubs P2 AClubs 
P2 4Diamonds P3 6Clubs P0 5Hearts P1 KDiamonds 
P1 2Hearts P2 5Diamonds P3 QHearts P0 7Hearts 
P0 KClubs P1 3Clubs P2 ADiamonds P3 QClubs 
P0 JClubs P1 6Hearts P2 6Diamonds P3 4Spades 
P3 6Spades P0 2Spades P1 3Spades P2 JSpades 
P2 QDiamonds P3 KSpades P0 7Spades P1 JHearts 
P0 5Spades P1 QSpades P2 7Diamonds P3 ASpades 
-- /GAME --
P0 HAND: 7Diamonds, 2Diamonds, AClubs, KClubs, JClubs, 5Clubs, 2Clubs, KHearts, JSpades, 6Spades.
P1 HAND: 6Clubs, 7Hearts, QHearts, 6Hearts, 4Hearts, 3Hearts, 7Spades, KSpades, 3Spades, 2Spades.
P2 HAND: KDiamonds, JDiamonds, 4Diamonds, 3Diamonds, QClubs, 4Clubs, JHearts, 2Hearts, ASpades, QSpades.
P3 HAND: ADiamonds, QDiamonds, 6Diamonds, 5Diamonds, 7Clubs, 3Clubs, AHearts, 5Hearts, 5Spades, 4Spades.
P0 AClubs P1 6Clubs P2 QClubs P3 3Clubs 
P0 KClubs P1 2Spades P2 4Clubs P3 7Clubs 
P3 ADiamonds P0 2Diamonds P1 7Spades P2 3Diamonds 
P3 4Spades P0 6Spades P1 3Spades 
