-- GAME --
P0 3Hearts P1 7Hearts P2 5Hearts 
P3 2Hearts P0 QHearts P1 4Hearts P2 7Diamonds 
P0 JHearts P1 6Hearts P2 2Diamonds P3 2Spades 
P0 ADiamonds P1 4Diamonds P2 JSpades P3 6Diamonds 
P0 KDiamonds P1 5Diamonds P2 4Spades P3 5Spades 
P0 3Diamonds P1 6Clubs P2 3Spades P3 KSpades 
P1 QClubs P2 2Clubs P3 4Clubs P0 KClubs 
P0 QDiamonds P1 7Clubs P2 3Clubs P3 QSpades 
P1 KHearts P2 5Clubs P3 6Spades P0 JDiamonds 
P2 JClubs P3 AClubs P0 7Spades P1 ASpades 
-- /GAME --
P0 HAND: JDiamonds, QDiamonds, 6Diamonds, 2Diamonds, 4Hearts, KSpades, QSpades, 4Spades, 3Spades, 2Spades.
P1 HAND: ADiamonds, 7Diamonds, 5Diamonds, KClubs, 6Clubs, 4Clubs, 3Clubs, 2Clubs, QHearts, 6Spades.
P2 HAND: KDiamonds, 4Diamonds, AClubs, 5Clubs, KHearts, 6Hearts, 5Hearts, 3Hearts, 2Hearts, JSpades.
P3 HAND: 3Diamonds, 7Clubs, JClubs, QClubs, AHearts, 7Hearts, JHearts, ASpades, 7Spades, 5Spades.
P2 AClubs P3 QClubs P0 KSpades P1 2Clubs 
P2 2Hearts P3 AHearts P0 4Hearts P1 QHearts 
P3 ASpades P0 2Spades P1 6Spades P2 JSpades 
P3 5Spades P0 4Spades P1 3Clubs P2 3Hearts 
P3 JClubs P0 3Spades P1 4Clubs P2 5Clubs 
P3 JHearts P0 2Diamonds P1 6Clubs P2 KHearts 
P0 QSpades P1 5Diamonds P2 5Hearts P3 7Spades 
P1 7Diamonds P2 4Diamonds P3 3Diamonds P0 6Diamonds 
P1 ADiamonds P2 KDiamonds P3 7Clubs P0 QDiamonds 
P1 KClubs P2 6Hearts P3 7Hearts P0 JDiamonds 
-- /GAME --
P0 HAND: KDiamonds, AClubs, 7Clubs, JClubs, 3Clubs, 4Hearts, JSpades, QSpades, 6Spades, 4Spades.
P1 HAND: QDiamonds, 6Diamonds, 5Clubs, 4Clubs, AHearts, 7Hearts, QHearts, 6Hearts, ASpades, 7Spades.
P2 HAND: 7Diamonds, 5Diamonds, 3Diamonds, QClubs, 6Clubs, 2Clubs, 2Hearts, KSpades, 5Spades, 3Spades.
P3 HAND: ADiamonds, JDiamonds, 4Diamonds, 2Diamonds, KClubs, KHearts, JHearts, 5Hearts, 3Hearts, 2Spades.
P1 AHearts P2 2Hearts P3 KHearts P0 4Hearts 
P1 ASpades P2 3Spades P3 2Spades P0 4Spades 
P1 6Diamonds P2 3Diamonds P3 ADiamonds P0 KDiamonds 
P3 2Diamonds P0 6Spades P1 QDiamonds P2 7Diamonds 
P2 5Diamonds P3 4Diamonds P0 3Clubs P1 6Hearts 
P0 QSpades P1 7Spades P2 5Spades P3 JDiamonds 
P1 QHearts P2 2Clubs P3 3Hearts P0 JSpades 
P2 6Clubs P3 KClubs P0 7Clubs P1 4Clubs 
P0 AClubs P1 5Clubs P2 QClubs P3 5Hearts 
P0 JClubs P1 7Hearts P2 KSpades P3 JHearts 
-- /GAME --
P0 HAND: ADiamonds, JDiamonds, QDiamonds, AClubs, 6Clubs, 4Clubs, JHearts, QHearts, 5Hearts, JSpades.
P1 HAND: 7Diamonds, 4Diamonds, 2Diamonds, 7Clubs, 3Clubs, 2Clubs, 6Hearts, KSpades, 5Spades, 4Spades.
P2 HAND: 6Diamonds, 3Diamonds, JClubs, QClubs, 5Clubs, 3Hearts, 2Hearts, ASpades, QSpades, 6Spades.
P3 HAND: KDiamonds, 5Diamonds, KClubs, AHearts, 7Hearts, KHearts, 4Hearts, 7Spades, 3Spades, 2Spades.
P0 AClubs P1 2Clubs P2 JClubs P3 KClubs 
P0 ADiamonds P1 2Diamonds P2 6Diamonds P3 5Diamonds 
P0 JSpades P1 4Spades P2 ASpades P3 2Spades 
P2 3Diamonds P3 KDiamonds P0 QDiamonds P1 7Diamonds 
P1 3Clubs P2 5Clubs P3 3Spades P0 4Clubs 
P2 6Spades P3 7Spades P0 5Hearts P1 5Spades 
P0 6Clubs P1 7Clubs P2 QClubs P3 4Hearts 
P3 KHearts P0 QHearts P1 6Hearts P2 2Hearts 
P3 7Hearts P0 JHearts P1 4Diamonds P2 3Hearts 
P3 AHearts P0 JDiamonds P1 KSpades P2 QSpades 
-- /GAME --
P0 HAND: 7Diamonds, 5Diamonds, AClubs, 3Clubs, 2Clubs, 7Hearts, KHearts, JHearts, 2Hearts, 6Spades.
P1 HAND: ADiamonds, JDiamonds, QDiamonds, KClubs, 5Clubs, AHearts, 6Hearts, 7Spades, 5Spades, 3Spades.
P2 HAND: KDiamonds, 4Diamonds, 3Diamonds, 2Diamonds, QClubs, 6Clubs, 3Hearts, QSpades, 4Spades, 2Spades.
P3 HAND: 6Diamonds, 7Clubs, JClubs, 4Clubs, QHearts, 5Hearts, 4Hearts, ASpades, KSpades, JSpades.

