-- GAME --
P0 HAND: 4Diamonds, 2Diamonds, KClubs, QClubs, 2Clubs, AHearts, 6Hearts, ASpades, 7Spades, 5Spades.
P1 HAND: ADiamonds, QDiamonds, 5Diamonds, 7Clubs, JClubs, 7Hearts, QHearts, 5Hearts, 4Hearts, KSpades.
P2 HAND: 7Diamonds, KDiamonds, 6Diamonds, 3Diamonds, 4Clubs, JHearts, JSpades, QSpades, 6Spades, 3Spades.
P3 HAND: JDiamonds, AClubs, 6Clubs, 5Clubs, 3Clubs, KHearts, 3Hearts, 2Hearts, 4Spades, 2Spades.
P1 ADiamonds P2 3Diamonds P3 JDiamonds P0 2Diamonds 
P1 4Hearts P2 JHearts P3 2Hearts P0 6Hearts 
P2 3Spades P3 2Spades P0 ASpades P1 KSpades 
P0 2Clubs P1 JClubs P2 4Clubs P3 3Clubs 
P1 5Diamonds P2 6Diamonds P3 3Hearts P0 4Diamonds 
P2 6Spades P3 4Spades P0 7Spades P1 7Clubs 
P1 5Hearts P2 QSpades P3 KHearts P0 AHearts 
P0 5Spades P1 QDiamonds P2 JSpades P3 5Clubs 
P3 6Clubs P0 KClubs P1 QHearts P2 7Diamonds 
P0 QClubs P1 7Hearts P2 KDiamonds P3 AClubs 
-- /GAME --
P0 HAND: ADiamonds, KDiamonds, QDiamonds, 6Diamonds, 5Diamonds, KClubs, 4Clubs, QHearts, 2Hearts, ASpades.
P1 HAND: 7Diamonds, 4Diamonds, 3Diamonds, 5Clubs, KHearts, 6Hearts, 7Spades, 6Spades, 4Spades, 3Spades.
P2 HAND: AClubs, QClubs, 3Clubs, 7Hearts, JHearts, 3Hearts, KSpades, JSpades, 5Spades, 2Spades.
P3 HAND: JDiamonds, 2Diamonds, 7Clubs, JClubs, 6Clubs, 2Clubs, AHearts, 5Hearts, 4Hearts, QSpades.
P0 ADiamonds P1 3Diamonds P2 AClubs P3 2Diamonds 
P0 QDiamonds P1 4Diamonds P2 3Clubs P3 JDiamonds 
P3 AHearts P0 2Hearts P1 KHearts P2 3Hearts 
P3 2Clubs P0 KClubs P1 5Clubs P2 QClubs 
P0 5Diamonds P1 7Diamonds P2 2Spades P3 QSpades 
P3 4Hearts P0 QHearts P1 6Hearts P2 7Hearts 
P2 JHearts P3 5Hearts P0 4Clubs P1 3Spades 
P1 4Spades P2 5Spades P3 6Clubs P0 ASpades 
P0 6Diamonds P1 6Spades P2 JSpades P3 JClubs 
P2 KSpades P3 7Clubs P0 KDiamonds P1 7Spades 
-- /GAME --
P0 HAND: 2Diamonds, 6Clubs, 5Clubs, 2Clubs, 7Hearts, QHearts, 3Hearts, 7Spades, JSpades, 2Spades.
P1 HAND: 4Diamonds, 7Clubs, KClubs, 3Clubs, AHearts, 4Hearts, KSpades, QSpades, 5Spades, 3Spades.
P2 HAND: ADiamonds, 7Diamonds, JDiamonds, 5Diamonds, 3Diamonds, AClubs, JClubs, 5Hearts, 2Hearts, 6Spades.
P3 HAND: KDiamonds, QDiamonds, 6Diamonds, QClubs, 4Clubs, KHearts, JHearts, 6Hearts, ASpades, 4Spades.
P3 ASpades P0 2Spades P1 KSpades P2 6Spades 
P3 4Clubs P0 5Clubs P1 3Clubs P2 AClubs 
P2 2Hearts P3 6Hearts P0 3Hearts P1 AHearts 
P1 3Spades P2 5Hearts P3 4Spades P0 7Spades 
P0 JSpades P1 5Spades P2 3Diamonds P3 QClubs 
P2 JClubs P3 6Diamonds P0 2Clubs P1 7Clubs 
P3 JHearts P0 7Hearts P1 4Hearts P2 5Diamonds 
P2 JDiamonds P3 QDiamonds P0 2Diamonds P1 4Diamonds 
P2 7Diamonds P3 KDiamonds P0 QHearts P1 QSpades 
P2 ADiamonds P3 KHearts P0 6Clubs P1 KClubs 
-- /GAME --
P0 HAND: ADiamonds, KDiamonds, 5Diamonds, AClubs, AHearts, 7Hearts, 6Hearts, 2Hearts, KSpades, 2Spades.
P1 HAND: QDiamonds, 6Diamonds, 2Diamonds, QClubs, 6Clubs, 5Clubs, KHearts, JHearts, 5Hearts, 7Spades.
P2 HAND: 7Diamonds, 4Diamonds, 3Diamonds, 7Clubs, JClubs, ASpades, JSpades, 6Spades, 4Spades, 3Spades.
P3 HAND: JDiamonds, KClubs, 4Clubs, 3Clubs, 2Clubs, QHearts, 4Hearts, 3Hearts, QSpades, 5Spades.
P2 3Spades P3 5Spades P0 2Spades P1 7Spades 
P1 5Clubs P2 JClubs P3 2Clubs P0 AClubs 
P0 KSpades P1 5Hearts P2 4Spades P3 QSpades 
P0 AHearts P1 JHearts P2 ASpades P3 3Hearts 
P0 7Hearts P1 KHearts P2 7Clubs P3 4Hearts 
P0 2Hearts P1 6Clubs P2 6Spades P3 QHearts 
P3 3Clubs P0 5Diamonds P1 QClubs P2 JSpades 
P0 6Hearts P1 2Diamonds P2 3Diamonds P3 4Clubs 
P2 4Diamonds P3 JDiamonds P0 KDiamonds P1 6Diamonds 
P0 ADiamonds P1 QDiamonds P2 7Diamonds P3 KClubs 
-- /GAME --
P0 HAND: KDiamonds, 6Diamonds, JClubs, 5Clubs, 2Clubs, AHearts, 7Hearts, 7Spades, QSpades, 3Spades.
P1 HAND: 2Diamonds, AClubs, 7Clubs, 6Clubs, 4Clubs, KHearts, JHearts, ASpades, 4Spades, 2Spades.
P2 HAND: ADiamonds, 7Diamonds, JDiamonds, 5Diamonds, KClubs, QClubs, 6Hearts, 5Hearts, JSpades, 6Spades.
P3 HAND: QDiamonds, 4Diamonds, 3Diamonds, 3Clubs, QHearts, 4Hearts, 3Hearts, 2Hearts, KSpades, 5Spades.
P1 ASpades P2 6Spades P3 KSpades P0 3Spades 
P1 2Diamonds P2 ADiamonds P3 3Diamonds P0 KDiamonds 
P2 5Diamonds P3 4Diamonds P0 6Diamonds P1 2Spades 
P0 AHearts P1 JHearts P2 6Hearts P3 2Hearts 
P0 2Clubs P1 4Clubs P2 QClubs P3 3Clubs 
P2 5Hearts P3 3Hearts P0 7Hearts P1 KHearts 
P0 5Clubs P1 6Clubs P2 KClubs P3 4Hearts 
P2 JDiamonds P3 QDiamonds P0 QSpades P1 7Clubs 
P1 4Spades P2 JSpades P3 5Spades P0 7Spades 
P0 JClubs P1 AClubs P2 7Diamonds P3 QHearts 
-- /GAME --
P0 HAND: 7Diamonds, 3Diamonds, KClubs, 5Clubs, 4Clubs, 2Clubs, 7Hearts, 5Hearts, 6Spades, 3Spades.
P1 HAND: QDiamonds, 6Diamonds, 7Clubs, 3Clubs, AHearts, JHearts, 2Hearts, ASpades, JSpades, 5Spades.
P2 HAND: KDiamonds, JDiamonds, 5Diamonds, 4Diamonds, 2Diamonds, AClubs, JClubs, 6Clubs, KHearts, 4Hearts.
P3 HAND: ADiamonds, QClubs, QHearts, 6Hearts, 3Hearts, 7Spades, KSpades, QSpades, 4Spades, 2Spades.

