-- GAME --
P0 HAND: KDiamonds, 6Diamonds, 2Diamonds, AClubs, 7Clubs, 2Clubs, 6Hearts, JSpades, 5Spades, 4Spades.
P1 HAND: ADiamonds, JDiamonds, QClubs, 5Clubs, 3Clubs, AHearts, KHearts, ASpades, KSpades, QSpades.
P2 HAND: 7Diamonds, 4Diamonds, 3Diamonds, KClubs, 4Clubs, 7Hearts, 5Hearts, 2Hearts, 7Spades, 2Spades.
P3 HAND: QDiamonds, 5Diamonds, JClubs, 6Clubs, JHearts, QHearts, 4Hearts, 3Hearts, 6Spades, 3Spades.
P2 2Hearts P3 3Hearts P0 6Hearts P1 AHearts 
P1 ADiamonds P2 3Diamonds P3 QDiamonds P0 2Diamonds 
P1 ASpades P2 2Spades P3 6Spades P0 4Spades 
P1 QSpades P2 7Spades P3 3Spades P0 JSpades 
P2 4Diamonds P3 5Diamonds P0 KDiamonds P1 JDiamonds 
P0 6Diamonds P1 3Clubs P2 7Diamonds P3 JHearts 
P1 5Clubs P2 4Clubs P3 6Clubs P0 2Clubs 
P3 4Hearts P0 5Spades P1 KHearts P2 7Hearts 
P2 5Hearts P3 QHearts P0 7Clubs P1 KSpades 
P0 AClubs P1 QClubs P2 KClubs P3 JClubs 
-- /GAME --
P0 HAND: 3Diamonds, 2Diamonds, 7Clubs, 2Clubs, KHearts, JHearts, 4Hearts, 7Spades, JSpades, 3Spades.
P1 HAND: KDiamonds, 6Diamonds, 5Diamonds, 4Diamonds, JClubs, 4Clubs, 5Hearts, ASpades, QSpades, 4Spades.
P2 HAND: QDiamonds, KClubs, QClubs, 6Clubs, 3Clubs, 6Hearts, 3Hearts, 2Hearts, 5Spades, 2Spades.
P3 HAND: ADiamonds, 7Diamonds, JDiamonds, AClubs, 5Clubs, AHearts, 7Hearts, QHearts, KSpades, 6Spades.
P1 ASpades P2 2Spades P3 KSpades P0 3Spades 
P1 4Clubs P2 3Clubs P3 AClubs P0 2Clubs 
P3 AHearts P0 4Hearts P1 5Hearts P2 2Hearts 
P3 5Clubs P0 7Clubs P1 JClubs P2 KClubs 
P0 7Spades P1 4Spades P2 5Spades P3 6Spades 
P0 2Diamonds P1 4Diamonds P2 QDiamonds P3 JDiamonds 
P3 QHearts P0 KHearts P1 5Diamonds P2 3Hearts 
P1 QSpades P2 6Clubs P3 7Diamonds P0 JSpades 
P3 ADiamonds P0 3Diamonds P1 6Diamonds P2 6Hearts 
P3 7Hearts P0 JHearts P1 KDiamonds P2 QClubs 
-- /GAME --
P0 HAND: 7Diamonds, KDiamonds, JDiamonds, 5Diamonds, 4Diamonds, QClubs, 3Clubs, 7Hearts, QHearts, 6Hearts.
P1 HAND: ADiamonds, 7Clubs, JClubs, 6Clubs, 5Clubs, JHearts, 4Hearts, QSpades, 5Spades, 3Spades.
P2 HAND: 6Diamonds, 3Diamonds, 2Diamonds, 2Clubs, KHearts, 3Hearts, 2Hearts, ASpades, KSpades, 6Spades.
P3 HAND: QDiamonds, AClubs, KClubs, 4Clubs, AHearts, 5Hearts, 7Spades, JSpades, 4Spades, 2Spades.
P0 JDiamonds P1 ADiamonds P2 2Diamonds P3 QDiamonds 
P1 3Spades P2 ASpades P3 2Spades P0 QClubs 
P2 2Clubs P3 AClubs P0 3Clubs P1 7Clubs 
P3 AHearts P0 6Hearts P1 JHearts P2 2Hearts 
P3 4Clubs P0 4Diamonds P1 5Clubs P2 KHearts 
P0 7Diamonds P1 4Hearts P2 3Diamonds P3 4Spades 
P0 KDiamonds P1 5Spades P2 6Diamonds P3 5Hearts 
P0 7Hearts P1 6Clubs P2 3Hearts P3 JSpades 
P0 QHearts P1 QSpades P2 6Spades P3 KClubs 
P0 5Diamonds P1 JClubs P2 KSpades P3 7Spades 
-- /GAME --
P0 HAND: ADiamonds, 7Diamonds, 5Clubs, 4Clubs, 3Clubs, AHearts, JHearts, QHearts, 4Hearts, ASpades.
P1 HAND: JDiamonds, QDiamonds, 2Diamonds, 7Clubs, JClubs, 7Hearts, KSpades, QSpades, 6Spades, 2Spades.
P2 HAND: KDiamonds, 6Diamonds, 5Diamonds, 4Diamonds, KClubs, 2Clubs, KHearts, 6Hearts, 7Spades, JSpades.
P3 HAND: 3Diamonds, AClubs, QClubs, 6Clubs, 5Hearts, 3Hearts, 2Hearts, 5Spades, 4Spades, 3Spades.
P3 AClubs P0 3Clubs P1 7Clubs P2 2Clubs 
P3 2Hearts P0 AHearts P1 7Hearts P2 KHearts 
P0 ASpades P1 2Spades P2 JSpades P3 3Spades 
P0 ADiamonds P1 2Diamonds P2 KDiamonds P3 3Diamonds 
P0 7Diamonds P1 QDiamonds P2 4Diamonds P3 4Spades 
P3 3Hearts P0 JHearts P1 6Spades P2 6Hearts 
P1 JDiamonds P2 5Diamonds P3 5Hearts P0 4Clubs 
P1 JClubs P2 KClubs P3 6Clubs P0 5Clubs 
P2 6Diamonds P3 QClubs P0 4Hearts P1 QSpades 
P1 KSpades P2 7Spades P3 5Spades P0 QHearts 
-- /GAME --
P0 HAND: 7Diamonds, KDiamonds, JDiamonds, 4Diamonds, 2Diamonds, 4Clubs, 2Clubs, 2Hearts, 7Spades, QSpades.
P1 HAND: ADiamonds, 6Diamonds, AClubs, QClubs, 6Clubs, 3Clubs, JHearts, 5Hearts, 4Hearts, 5Spades.
P2 HAND: QDiamonds, 3Diamonds, JClubs, AHearts, QHearts, 6Hearts, 3Hearts, ASpades, KSpades, 4Spades.
P3 HAND: 5Diamonds, 7Clubs, KClubs, 5Clubs, 7Hearts, KHearts, JSpades, 6Spades, 3Spades, 2Spades.
P2 AHearts P3 KHearts P0 2Hearts P1 4Hearts 
P2 ASpades P3 2Spades P0 QSpades P1 5Spades 
P2 3Diamonds P3 5Diamonds P0 2Diamonds P1 ADiamonds 
P1 5Hearts P2 3Hearts P3 7Hearts P0 2Clubs 
P0 4Clubs P1 3Clubs P2 JClubs P3 5Clubs 
P2 4Spades P3 3Spades P0 7Spades P1 6Clubs 
P1 6Diamonds P2 QDiamonds P3 6Spades P0 7Diamonds 
P0 KDiamonds P1 QClubs P2 6Hearts P3 JSpades 
P1 JHearts P2 QHearts P3 KClubs P0 4Diamonds 
P3 7Clubs P0 JDiamonds P1 AClubs P2 KSpades 
-- /GAME --
P0 HAND: ADiamonds, KDiamonds, 5Clubs, 3Clubs, AHearts, JHearts, ASpades, 7Spades, QSpades, 4Spades.
P1 HAND: 5Diamonds, 4Diamonds, 2Diamonds, AClubs, QClubs, 6Hearts, 4Hearts, 3Hearts, KSpades, 6Spades.
P2 HAND: JDiamonds, 7Clubs, KClubs, 6Clubs, 7Hearts, KHearts, QHearts, 5Hearts, JSpades, 5Spades.
P3 HAND: 7Diamonds, QDiamonds, 6Diamonds, 3Diamonds, JClubs, 4Clubs, 2Clubs, 2Hearts, 3Spades, 2Spades.
P1 2Diamonds P2 JDiamonds P3 3Diamonds P0 KDiamonds 
P0 ADiamonds P1 4Diamonds P2 7Hearts P3 6Diamonds 
P0 AHearts P1 3Hearts P2 KHearts P3 2Hearts 
P0 JHearts P1 4Hearts P2 5Hearts P3 2Spades 
P0 3Clubs P1 QClubs P2 6Clubs P3 2Clubs 
P1 5Diamonds P2 5Spades P3 QDiamonds P0 4Spades 
P3 3Spades P0 ASpades P1 6Spades P2 JSpades 
P0 5Clubs P1 AClubs P2 KClubs P3 4Clubs 
P1 6Hearts P2 QHearts P3 JClubs P0 QSpades 
P3 7Diamonds P0 7Spades P1 KSpades P2 7Clubs 
-- /GAME --
P0 HAND: JDiamonds, QDiamonds, 5Clubs, QHearts, 2Hearts, 7Spades, JSpades, QSpades, 6Spades, 2Spades.
P1 HAND: ADiamonds, 2Diamonds, AClubs, JClubs, QClubs, 6Clubs, AHearts, JHearts, 5Hearts, 3Spades.
P2 HAND: 7Diamonds, KDiamonds, 6Diamonds, KClubs, 4Clubs, 3Clubs, 2Clubs, ASpades, KSpades, 5Spades.
P3 HAND: 5Diamonds, 4Diamonds, 3Diamonds, 7Clubs, 7Hearts, KHearts, 6Hearts, 4Hearts, 3Hearts, 4Spades.
P1 ADiamonds P2 6Diamonds P3 5Diamonds P0 QDiamonds 
P1 AClubs P2 2Clubs P3 7Clubs 
