-- GAME --
P0 HAND: KDiamonds, 4Clubs, 3Clubs, 7Hearts, 2Hearts, JSpades, QSpades, 6Spades, 5Spades, 2Spades.
P1 HAND: 7Diamonds, 5Diamonds, AClubs, KClubs, 6Clubs, 5Clubs, 2Clubs, 6Hearts, 4Spades, 3Spades.
P2 HAND: JDiamonds, 6Diamonds, 3Diamonds, QClubs, AHearts, 4Hearts, 3Hearts, ASpades, 7Spades, KSpades.
P3 HAND: ADiamonds, QDiamonds, 4Diamonds, 2Diamonds, 7Clubs, JClubs, KHearts, JHearts, QHearts, 5Hearts.
P3 ADiamonds P0 KDiamonds P1 7Diamonds P2 3Diamonds 
P3 2Diamonds P0 3Clubs P1 5Diamonds P2 JDiamonds 
P2 ASpades P3 5Hearts P0 JSpades P1 4Spades 
P3 4Diamonds P0 4Clubs P1 2Clubs P2 6Diamonds 
P2 QClubs P3 JClubs P0 7Hearts P1 5Clubs 
P0 2Spades P1 3Spades P2 KSpades P3 QDiamonds 
P2 3Hearts P3 QHearts P0 2Hearts P1 6Hearts 
P3 JHearts P0 5Spades P1 6Clubs P2 4Hearts 
P3 KHearts P0 6Spades P1 KClubs P2 AHearts 
P2 7Spades P3 7Clubs P0 QSpades P1 AClubs 
-- /GAME --
P0 HAND: ADiamonds, KDiamonds, QDiamonds, 4Diamonds, 3Diamonds, AClubs, AHearts, ASpades, 7Spades, KSpades.
P1 HAND: 5Diamonds, 2Diamonds, 7Clubs, 6Clubs, 3Clubs, 7Hearts, 4Hearts, QSpades, 6Spades, 5Spades.
P2 HAND: JDiamonds, 6Diamonds, QClubs, 4Clubs, 2Clubs, 6Hearts, 5Hearts, 3Hearts, 2Hearts, 3Spades.
P3 HAND: 7Diamonds, KClubs, JClubs, 5Clubs, KHearts, JHearts, QHearts, JSpades, 4Spades, 2Spades.
P2 2Hearts P3 QHearts P0 AHearts P1 4Hearts 
P0 AClubs P1 3Clubs P2 2Clubs P3 5Clubs 
P0 ASpades P1 5Spades P2 3Spades P3 2Spades 
P0 ADiamonds P1 2Diamonds P2 JDiamonds P3 7Diamonds 
P0 3Diamonds P1 5Diamonds P2 6Diamonds P3 4Spades 
P2 3Hearts P3 JHearts P0 4Diamonds P1 7Hearts 
P1 6Spades P2 5Hearts P3 JSpades P0 7Spades 
P0 KSpades P1 QSpades P2 4Clubs P3 JClubs 
P3 KClubs P0 QDiamonds P1 6Clubs P2 QClubs 
P3 KHearts P0 KDiamonds P1 7Clubs P2 6Hearts 
-- /GAME --
P0 HAND: QDiamonds, 6Diamonds, 5Diamonds, KClubs, KHearts, JHearts, 5Hearts, 3Hearts, 2Hearts, 6Spades.
P1 HAND: ADiamonds, 7Diamonds, JDiamonds, 2Diamonds, 7Clubs, 6Clubs, 7Hearts, 6Hearts, JSpades, 5Spades.
P2 HAND: 3Diamonds, AClubs, 5Clubs, 4Clubs, 3Clubs, ASpades, 7Spades, KSpades, 4Spades, 3Spades.
P3 HAND: KDiamonds, 4Diamonds, JClubs, QClubs, 2Clubs, AHearts, QHearts, 4Hearts, QSpades, 2Spades.
P1 ADiamonds P2 3Diamonds P3 KDiamonds P0 5Diamonds 
P1 2Diamonds P2 3Clubs P3 4Diamonds P0 QDiamonds 
P0 6Spades P1 5Spades P2 ASpades P3 2Spades 
P2 AClubs P3 2Clubs P0 KClubs P1 6Clubs 
P2 3Spades P3 QSpades P0 2Hearts P1 JSpades 
P0 6Diamonds P1 JDiamonds P2 4Clubs P3 JClubs 
P1 6Hearts P2 4Spades P3 4Hearts P0 3Hearts 
P1 7Hearts P2 5Clubs P3 QHearts P0 5Hearts 
P1 7Diamonds P2 KSpades P3 AHearts P0 JHearts 
P3 QClubs P0 KHearts P1 7Clubs P2 7Spades 
-- /GAME --
P0 HAND: JDiamonds, 3Diamonds, JClubs, JHearts, 6Hearts, KSpades, QSpades, 6Spades, 4Spades, 3Spades.
P1 HAND: KDiamonds, QDiamonds, 4Diamonds, 2Diamonds, KClubs, 4Clubs, 2Clubs, 7Hearts, 7Spades, 2Spades.
P2 HAND: ADiamonds, 7Diamonds, 6Diamonds, 7Clubs, 6Clubs, 3Clubs, AHearts, KHearts, QHearts, 4Hearts.
P3 HAND: 5Diamonds, AClubs, QClubs, 5Clubs, 5Hearts, 3Hearts, 2Hearts, ASpades, JSpades, 5Spades.
P0 3Diamonds P1 2Diamonds P2 ADiamonds P3 5Diamonds 
P2 AHearts P3 2Hearts P0 JHearts P1 7Hearts 
P2 4Hearts P3 3Hearts P0 6Hearts P1 2Spades 
P0 JDiamonds P1 4Diamonds P2 7Diamonds P3 5Clubs 
P3 ASpades P0 3Spades P1 7Spades P2 3Clubs 
P2 6Diamonds P3 5Hearts P0 4Spades P1 KDiamonds 
P1 QDiamonds P2 QHearts P3 5Spades P0 JClubs 
P0 6Spades P1 2Clubs P2 6Clubs P3 JSpades 
P2 7Clubs P3 AClubs P0 KSpades P1 4Clubs 
P3 QClubs P0 QSpades P1 KClubs P2 KHearts 
-- /GAME --
P0 HAND: 7Diamonds, QDiamonds, 6Diamonds, KClubs, 2Hearts, ASpades, 7Spades, JSpades, 5Spades, 4Spades.
P1 HAND: ADiamonds, 4Diamonds, 6Clubs, 5Clubs, 2Clubs, 4Hearts, KSpades, QSpades, 6Spades, 3Spades.
P2 HAND: KDiamonds, 2Diamonds, QClubs, 4Clubs, 7Hearts, JHearts, QHearts, 6Hearts, 3Hearts, 2Spades.
P3 HAND: JDiamonds, 5Diamonds, 3Diamonds, AClubs, 7Clubs, JClubs, 3Clubs, AHearts, KHearts, 5Hearts.
P3 AClubs P0 KClubs P1 6Clubs P2 4Clubs 
P3 3Diamonds P0 6Diamonds P1 ADiamonds P2 2Diamonds 
P1 2Clubs P2 QClubs P3 3Clubs P0 ASpades 
P2 2Spades P3 5Diamonds P0 7Spades P1 3Spades 
P0 2Hearts P1 4Hearts P2 3Hearts P3 5Hearts 
P3 JDiamonds P0 7Diamonds P1 4Diamonds P2 KDiamonds 
P0 QDiamonds P1 5Clubs P2 6Hearts P3 KHearts 
P3 JClubs P0 4Spades P1 6Spades P2 QHearts 
P2 JHearts P3 AHearts P0 5Spades P1 KSpades 
P3 7Clubs P0 JSpades P1 QSpades P2 7Hearts 
-- /GAME --

