-- GAME --
P0 HAND: 4Diamonds, 7Clubs, JClubs, QClubs, JHearts, 5Hearts, 4Hearts, ASpades, QSpades, 5Spades.
P1 HAND: 3Diamonds, AClubs, KClubs, AHearts, 7Hearts, KHearts, QHearts, 2Hearts, 4Spades, 3Spades.
P2 HAND: ADiamonds, JDiamonds, 2Diamonds, 5Clubs, 3Clubs, 3Hearts, 7Spades, KSpades, JSpades, 6Spades.
P3 HAND: 7Diamonds, KDiamonds, QDiamonds, 6Diamonds, 5Diamonds, 6Clubs, 4Clubs, 2Clubs, 6Hearts, 2Spades.
P1 2Hearts P2 3Hearts P3 6Hearts P0 JHearts 
P0 ASpades P1 3Spades P2 7Spades P3 2Spades 
P0 5Hearts P1 QHearts P2 2Diamonds P3 7Diamonds 
P1 3Diamonds P2 ADiamonds P3 5Diamonds P0 4Diamonds 
P2 6Spades P3 6Diamonds P0 5Spades P1 4Spades 
P2 JDiamonds P3 QDiamonds P0 QClubs P1 KClubs 
P1 AClubs P2 3Clubs P3 2Clubs P0 JClubs 
P1 KHearts P2 5Clubs P3 4Clubs P0 4Hearts 
P2 JSpades P3 6Clubs P0 QSpades P1 AHearts 
P3 KDiamonds P0 7Clubs P1 7Hearts P2 KSpades 
-- /GAME --
P0 HAND: ADiamonds, KDiamonds, QDiamonds, 5Diamonds, 3Diamonds, QClubs, 2Clubs, JHearts, QSpades, 5Spades.
P1 HAND: 6Diamonds, 4Diamonds, 2Diamonds, 7Clubs, 5Clubs, AHearts, 7Hearts, KHearts, 3Hearts, ASpades.
P2 HAND: JDiamonds, 6Clubs, 4Clubs, QHearts, 6Hearts, 4Hearts, 7Spades, 6Spades, 4Spades, 3Spades.
P3 HAND: 7Diamonds, AClubs, KClubs, JClubs, 3Clubs, 5Hearts, 2Hearts, KSpades, JSpades, 2Spades.
P0 ADiamonds P1 2Diamonds P2 JDiamonds P3 7Diamonds 
P0 2Clubs P1 5Clubs P2 4Clubs P3 AClubs 
P3 2Spades P0 5Spades P1 ASpades P2 3Spades 
P1 4Diamonds P2 4Spades P3 3Clubs P0 KDiamonds 
P0 3Diamonds P1 6Diamonds P2 6Clubs P3 KClubs 
P1 3Hearts P2 4Hearts P3 2Hearts P0 JHearts 
P0 5Diamonds P1 KHearts P2 6Spades P3 KSpades 
P1 7Hearts P2 6Hearts P3 5Hearts P0 QDiamonds 
P1 AHearts P2 QHearts P3 JClubs P0 QClubs 
P1 7Clubs P2 7Spades P3 JSpades P0 QSpades 
-- /GAME --
P0 HAND: ADiamonds, QClubs, 5Clubs, 3Clubs, AHearts, 7Hearts, 3Hearts, ASpades, 6Spades, 4Spades.
P1 HAND: 7Diamonds, 6Diamonds, 5Diamonds, 7Clubs, 2Clubs, QHearts, 6Hearts, 2Hearts, 7Spades, KSpades.
P2 HAND: KDiamonds, 4Diamonds, 3Diamonds, 2Diamonds, KClubs, JClubs, KHearts, QSpades, 5Spades, 3Spades.
P3 HAND: JDiamonds, QDiamonds, AClubs, 6Clubs, 4Clubs, JHearts, 5Hearts, 4Hearts, JSpades, 2Spades.
P3 2Spades P0 ASpades P1 KSpades P2 QSpades 
P0 ADiamonds P1 5Diamonds P2 KDiamonds P3 QDiamonds 
P0 AHearts P1 2Hearts P2 KHearts P3 4Hearts 
P0 4Spades P1 7Spades P2 3Spades P3 JSpades 
P1 6Diamonds P2 2Diamonds P3 JDiamonds P0 QClubs 
P0 3Hearts P1 6Hearts P2 3Diamonds P3 JHearts 
P3 5Hearts P0 7Hearts P1 QHearts P2 5Spades 
P0 6Spades P1 2Clubs P2 4Diamonds P3 4Clubs 
P3 6Clubs P0 3Clubs P1 7Clubs P2 JClubs 
P1 7Diamonds P2 KClubs P3 AClubs P0 5Clubs 
-- /GAME --
P0 HAND: 7Diamonds, 2Diamonds, AClubs, JClubs, 6Clubs, 5Clubs, 2Hearts, 7Spades, KSpades, 6Spades.
P1 HAND: 7Clubs, 4Clubs, 2Clubs, 7Hearts, JHearts, QHearts, 3Hearts, 5Spades, 3Spades, 2Spades.
P2 HAND: ADiamonds, 3Diamonds, QClubs, AHearts, 6Hearts, 5Hearts, 4Hearts, ASpades, JSpades, 4Spades.
P3 HAND: KDiamonds, JDiamonds, QDiamonds, 6Diamonds, 5Diamonds, 4Diamonds, KClubs, 3Clubs, KHearts, QSpades.
P2 ADiamonds P3 4Diamonds P0 7Diamonds P1 2Spades 
P1 2Clubs P2 QClubs P3 3Clubs P0 AClubs 
P0 2Hearts P1 3Hearts P2 AHearts P3 KHearts 
P2 3Diamonds P3 5Diamonds P0 2Diamonds P1 7Clubs 
P3 6Diamonds P0 5Clubs P1 4Clubs P2 4Hearts 
P3 QDiamonds P0 6Spades P1 QHearts P2 6Hearts 
P0 6Clubs P1 3Spades P2 5Hearts P3 KClubs 
P1 JHearts P2 4Spades P3 QSpades P0 7Spades 
P0 JClubs P1 5Spades P2 JSpades P3 JDiamonds 
P2 ASpades P3 KDiamonds P0 KSpades P1 7Hearts 
-- /GAME --
P0 HAND: KDiamonds, 6Clubs, 4Clubs, 2Clubs, 6Hearts, 5Hearts, 4Hearts, 2Hearts, ASpades, 3Spades.
P1 HAND: ADiamonds, JDiamonds, AClubs, JClubs, JHearts, 7Spades, KSpades, QSpades, 6Spades, 2Spades.
P2 HAND: 7Diamonds, QDiamonds, 4Diamonds, 3Diamonds, QClubs, 5Clubs, 3Clubs, AHearts, 7Hearts, JSpades.
P3 HAND: 6Diamonds, 5Diamonds, 2Diamonds, 7Clubs, KClubs, KHearts, QHearts, 3Hearts, 5Spades, 4Spades.
P1 AClubs P2 3Clubs P3 7Clubs P0 2Clubs 
P1 2Spades P2 JSpades P3 4Spades P0 ASpades 
P0 2Hearts P1 JHearts P2 AHearts P3 3Hearts 
P2 5Clubs P3 KClubs P0 4Clubs P1 JClubs 
P3 5Spades P0 3Spades P1 6Spades P2 QClubs 
P1 QSpades P2 3Diamonds P3 QHearts P0 KDiamonds 
P0 4Hearts P1 JDiamonds P2 7Hearts P3 KHearts 
P1 ADiamonds P2 4Diamonds P3 2Diamonds P0 5Hearts 
P1 KSpades P2 QDiamonds P3 5Diamonds P0 6Clubs 
P2 7Diamonds P3 6Diamonds P0 6Hearts P1 7Spades 
-- /GAME --
P0 HAND: 4Diamonds, 3Diamonds, QClubs, 6Clubs, 4Clubs, KHearts, QHearts, 6Hearts, 2Hearts, QSpades.
P1 HAND: QDiamonds, 5Diamonds, 2Diamonds, AClubs, 5Clubs, AHearts, 4Hearts, 6Spades, 3Spades, 2Spades.
P2 HAND: ADiamonds, 7Clubs, JClubs, 2Clubs, JHearts, 5Hearts, 3Hearts, ASpades, KSpades, 4Spades.
P3 HAND: 7Diamonds, KDiamonds, JDiamonds, 6Diamonds, KClubs, 3Clubs, 7Hearts, 7Spades, JSpades, 5Spades.
P2 ASpades P3 5Spades P0 QSpades P1 2Spades 
P2 2Clubs P3 3Clubs P0 4Clubs P1 AClubs 
P1 AHearts P2 3Hearts P3 7Hearts P0 2Hearts 
P1 3Spades P2 4Spades P3 7Spades P0 3Diamonds 
P0 6Hearts P1 4Hearts P2 5Hearts P3 6Diamonds 
P3 JSpades P0 4Diamonds P1 6Spades P2 KSpades 
P0 6Clubs P1 5Clubs P2 7Clubs P3 KClubs 
P2 JClubs P3 JDiamonds P0 QClubs P1 2Diamonds 
P3 KDiamonds P0 QHearts P1 5Diamonds P2 ADiamonds 
P2 JHearts P3 7Diamonds P0 KHearts P1 QDiamonds 
-- /GAME --
P0 HAND: QDiamonds, 5Diamonds, QClubs, 4Clubs, 7Hearts, QHearts, 5Hearts, 3Hearts, ASpades, 3Spades.
P1 HAND: JDiamonds, 6Diamonds, 4Diamonds, 3Diamonds, KClubs, 3Clubs, AHearts, KHearts, KSpades, JSpades.
P2 HAND: ADiamonds, KDiamonds, 2Diamonds, 7Clubs, JClubs, 5Clubs, 6Hearts, 2Hearts, 7Spades, 5Spades.
P3 HAND: 7Diamonds, AClubs, 6Clubs, 2Clubs, JHearts, 4Hearts, QSpades, 6Spades, 4Spades, 2Spades.
P1 AHearts P2 2Hearts P3 JHearts P0 3Hearts 
P1 3Diamonds P2 ADiamonds P3 7Diamonds P0 QDiamonds 
P2 2Diamonds P3 2Clubs P0 5Diamonds P1 JDiamonds 
P1 3Clubs P2 5Clubs P3 AClubs P0 4Clubs 
P3 4Hearts P0 5Hearts P1 KHearts P2 6Hearts 
P1 4Diamonds P2 KDiamonds P3 6Clubs P0 7Hearts 
P2 JClubs P3 2Spades P0 QClubs P1 KClubs 
P3 4Spades P0 3Spades P1 JSpades P2 5Spades 
P1 6Diamonds P2 7Spades P3 6Spades P0 QHearts 
P2 7Clubs P3 QSpades P0 ASpades P1 KSpades 
-- /GAME --
P0 HAND: ADiamonds, KDiamonds, 6Diamonds, 4Diamonds, AClubs, KClubs, 2Clubs, 7Hearts, 4Hearts, 3Hearts.
P1 HAND: 5Diamonds, 6Clubs, 4Clubs, AHearts, 6Hearts, 7Spades, JSpades, QSpades, 3Spades, 2Spades.
P2 HAND: JDiamonds, QDiamonds, 7Clubs, JClubs, 5Clubs, JHearts, QHearts, 5Hearts, 2Hearts, KSpades.
P3 HAND: 7Diamonds, 3Diamonds, 2Diamonds, QClubs, 3Clubs, KHearts, ASpades, 6Spades, 5Spades, 4Spades.
P0 ADiamonds P1 5Diamonds P2 JDiamonds P3 2Diamonds 
P0 AClubs P1 4Clubs P2 7Clubs P3 3Clubs 
P0 2Clubs P1 6Clubs P2 5Clubs P3 QClubs 
P3 3Diamonds P0 4Diamonds P1 6Hearts P2 QDiamonds 
P2 2Hearts P3 KHearts P0 7Hearts P1 AHearts 
P1 2Spades P2 KSpades P3 4Spades P0 KClubs 
P2 5Hearts P3 5Spades P0 3Hearts P1 3Spades 
P3 6Spades P0 4Hearts P1 QSpades P2 QHearts 
P1 JSpades P2 JClubs P3 ASpades P0 6Diamonds 
P3 7Diamonds P0 KDiamonds P1 7Spades P2 JHearts 
-- /GAME --
P0 HAND: 7Diamonds, KDiamonds, 6Diamonds, 5Diamonds, 3Diamonds, QClubs, 3Clubs, JHearts, 6Hearts, JSpades.
P1 HAND: ADiamonds, JDiamonds, 4Diamonds, KClubs, 6Clubs, 3Hearts, 7Spades, KSpades, 4Spades, 3Spades.
P2 HAND: 2Diamonds, JClubs, 2Clubs, AHearts, KHearts, 5Hearts, 4Hearts, ASpades, QSpades, 6Spades.
P3 HAND: QDiamonds, AClubs, 7Clubs, 5Clubs, 4Clubs, 7Hearts, QHearts, 2Hearts, 5Spades, 2Spades.
P3 AClubs P0 3Clubs P1 KClubs P2 2Clubs 
P3 2Hearts P0 6Hearts P1 3Hearts P2 AHearts 
P2 2Diamonds P3 QDiamonds P0 3Diamonds P1 ADiamonds 
P1 4Diamonds P2 4Hearts P3 4Clubs P0 7Diamonds 
P0 5Diamonds P1 JDiamonds P2 5Hearts P3 7Clubs 
P1 6Clubs P2 JClubs P3 5Clubs P0 QClubs 
P2 6Spades P3 2Spades P0 JSpades P1 3Spades 
P0 6Diamonds P1 4Spades P2 QSpades P3 QHearts 
P2 ASpades P3 5Spades P0 KDiamonds P1 KSpades 
P2 KHearts P3 7Hearts P0 JHearts P1 7Spades 
-- /GAME --
P0 HAND: ADiamonds, KDiamonds, AClubs, QClubs, 3Clubs, 7Hearts, KHearts, JHearts, 7Spades, QSpades.
P1 HAND: JDiamonds, QDiamonds, 5Diamonds, 3Diamonds, 2Diamonds, 5Clubs, QHearts, 6Hearts, 3Hearts, ASpades.
P2 HAND: 6Diamonds, 4Diamonds, JClubs, AHearts, 5Hearts, 2Hearts, 5Spades, 4Spades, 3Spades, 2Spades.
P3 HAND: 7Diamonds, 7Clubs, KClubs, 6Clubs, 4Clubs, 2Clubs, 4Hearts, KSpades, JSpades, 6Spades.
P2 2Spades P3 6Spades P0 QSpades P1 ASpades 
P1 2Diamonds P2 4Diamonds P3 7Diamonds P0 ADiamonds 
P0 AClubs P1 5Clubs P2 JClubs P3 2Clubs 
P0 3Clubs P1 3Diamonds P2 3Spades P3 7Clubs 
P3 4Clubs P0 QClubs P1 5Diamonds P2 6Diamonds 
P0 KDiamonds P1 QDiamonds P2 2Hearts P3 4Hearts 
P3 6Clubs P0 JHearts P1 3Hearts P2 5Spades 
P0 KHearts P1 6Hearts P2 5Hearts P3 JSpades 
P0 7Hearts P1 QHearts P2 AHearts P3 KClubs 
P2 4Spades P3 KSpades P0 7Spades P1 JDiamonds 
-- /GAME --
P0 HAND: ADiamonds, KDiamonds, JDiamonds, 2Diamonds, 6Hearts, ASpades, JSpades, QSpades, 3Spades, 2Spades.
P1 HAND: 7Diamonds, QDiamonds, 6Diamonds, AClubs, 7Clubs, QClubs, 4Clubs, AHearts, QHearts, 4Hearts.
P2 HAND: 6Clubs, 3Clubs, 2Clubs, 7Hearts, 5Hearts, 3Hearts, 2Hearts, KSpades, 6Spades, 5Spades.
P3 HAND: 5Diamonds, 4Diamonds, 3Diamonds, KClubs, JClubs, 5Clubs, KHearts, JHearts, 7Spades, 4Spades.
P1 AClubs P2 2Clubs P3 KClubs P0 2Diamonds 
P0 ASpades P1 6Diamonds P2 5Spades P3 7Spades 
P1 AHearts P2 2Hearts P3 KHearts P0 6Hearts 
P1 4Clubs P2 3Clubs P3 5Clubs P0 2Spades 
P3 4Spades P0 3Spades P1 4Hearts P2 KSpades 
P2 3Hearts P3 JHearts P0 JDiamonds P1 QHearts 
P0 QSpades P1 QClubs P2 6Spades P3 3Diamonds 
P3 JClubs P0 KDiamonds P1 7Clubs P2 6Clubs 
P0 ADiamonds P1 QDiamonds P2 7Hearts P3 4Diamonds 
P0 JSpades P1 7Diamonds P2 5Hearts P3 5Diamonds 
-- /GAME --
P0 HAND: 7Clubs, 6Clubs, 4Clubs, AHearts, KHearts, QHearts, 6Hearts, ASpades, 7Spades, 6Spades.
P1 HAND: KDiamonds, QDiamonds, 2Diamonds, JClubs, 5Clubs, 2Clubs, 7Hearts, 3Hearts, KSpades, QSpades.
P2 HAND: ADiamonds, 6Diamonds, 5Diamonds, QClubs, 3Clubs, 5Hearts, 4Hearts, JSpades, 5Spades, 3Spades.
P3 HAND: 7Diamonds, JDiamonds, 4Diamonds, 3Diamonds, AClubs, KClubs, JHearts, 2Hearts, 4Spades, 2Spades.
P0 4Clubs P1 2Clubs P2 3Clubs P3 AClubs 
P3 2Hearts P0 6Hearts P1 3Hearts P2 5Hearts 
P0 ASpades P1 QSpades P2 JSpades P3 2Spades 
P0 AHearts P1 7Hearts P2 4Hearts P3 JHearts 
P0 6Spades P1 KSpades P2 3Spades P3 4Spades 
P1 5Clubs P2 QClubs P3 KClubs P0 7Clubs 
P0 6Clubs P1 JClubs P2 5Spades P3 3Diamonds 
P3 4Diamonds P0 QHearts P1 2Diamonds P2 5Diamonds 
P2 6Diamonds P3 JDiamonds P0 KHearts P1 QDiamonds 
P3 7Diamonds P0 7Spades P1 KDiamonds P2 ADiamonds 
-- /GAME --
P0 HAND: 7Diamonds, QDiamonds, 6Clubs, 4Clubs, 3Clubs, 6Hearts, 3Hearts, ASpades, KSpades, 5Spades.
P1 HAND: KDiamonds, 5Diamonds, 4Diamonds, AClubs, 5Clubs, AHearts, 7Hearts, QHearts, 7Spades, 4Spades.
P2 HAND: JDiamonds, 2Diamonds, 7Clubs, KClubs, JClubs, JHearts, 2Hearts, 6Spades, 3Spades, 2Spades.
P3 HAND: ADiamonds, 6Diamonds, 3Diamonds, QClubs, 2Clubs, KHearts, 5Hearts, 4Hearts, JSpades, QSpades.
P3 ADiamonds P0 QDiamonds P1 KDiamonds P2 2Diamonds 
P3 2Clubs P0 3Clubs P1 AClubs P2 JClubs 
P1 4Diamonds P2 JDiamonds P3 3Diamonds P0 7Diamonds 
P0 ASpades P1 4Spades P2 6Spades P3 QSpades 
P0 4Clubs P1 5Clubs P2 7Clubs P3 QClubs 
P2 2Spades P3 JSpades P0 5Spades P1 7Spades 
P1 5Diamonds P2 3Spades P3 6Diamonds P0 6Clubs 
P3 4Hearts P0 3Hearts P1 QHearts P2 2Hearts 
P1 7Hearts P2 JHearts P3 5Hearts P0 6Hearts 
P1 AHearts P2 KClubs P3 KHearts P0 KSpades 
-- /GAME --
P0 HAND: JDiamonds, 6Diamonds, AClubs, 6Clubs, 3Clubs, 7Hearts, 2Hearts, JSpades, 6Spades, 5Spades.
P1 HAND: ADiamonds, 7Diamonds, 4Diamonds, 5Clubs, AHearts, JHearts, 5Hearts, 4Hearts, 3Hearts, 3Spades.
P2 HAND: KDiamonds, QDiamonds, KClubs, 4Clubs, 2Clubs, KHearts, QHearts, 7Spades, QSpades, 2Spades.
P3 HAND: 5Diamonds, 3Diamonds, 2Diamonds, 7Clubs, JClubs, QClubs, 6Hearts, ASpades, KSpades, 4Spades.
P2 2Clubs P3 QClubs P0 AClubs P1 5Clubs 
P0 3Clubs P1 3Spades P2 4Clubs P3 7Clubs 
P3 ASpades P0 5Spades P1 ADiamonds P2 2Spades 
P3 2Diamonds P0 6Diamonds P1 7Diamonds P2 QDiamonds 
P1 4Diamonds P2 KDiamonds P3 3Diamonds P0 JDiamonds 
P2 QSpades P3 4Spades P0 6Spades P1 3Hearts 
P1 4Hearts P2 QHearts P3 6Hearts P0 7Hearts 
P0 6Clubs P1 5Hearts P2 KClubs P3 JClubs 
P1 JHearts P2 KHearts P3 5Diamonds P0 2Hearts 
P2 7Spades P3 KSpades P0 JSpades P1 AHearts 
-- /GAME --
P0 HAND: JDiamonds, 5Diamonds, AClubs, JClubs, 3Clubs, 7Hearts, 4Hearts, ASpades, 6Spades, 2Spades.
P1 HAND: KDiamonds, 4Diamonds, 7Clubs, KClubs, QClubs, 6Clubs, KHearts, JHearts, QHearts, 3Spades.
P2 HAND: ADiamonds, QDiamonds, 2Clubs, 5Hearts, 3Hearts, 2Hearts, KSpades, JSpades, 5Spades, 4Spades.
P3 HAND: 7Diamonds, 6Diamonds, 3Diamonds, 2Diamonds, 5Clubs, 4Clubs, AHearts, 6Hearts, 7Spades, QSpades.
P1 4Diamonds P2 ADiamonds P3 2Diamonds P0 JDiamonds 
P2 2Clubs P3 4Clubs P0 AClubs P1 6Clubs 
P0 3Clubs P1 QClubs P2 2Hearts P3 5Clubs 
P1 QHearts P2 3Hearts P3 AHearts P0 4Hearts 
P3 3Diamonds P0 5Diamonds P1 KDiamonds P2 QDiamonds 
P1 JHearts P2 5Hearts P3 6Hearts P0 7Hearts 
P0 JClubs P1 KClubs P2 4Spades P3 QSpades 
P3 6Diamonds P0 2Spades P1 3Spades P2 5Spades 
P2 JSpades P3 7Spades P0 ASpades P1 KHearts 
P0 6Spades P1 7Clubs P2 KSpades P3 7Diamonds 
-- /GAME --
P0 HAND: JDiamonds, 5Diamonds, 7Clubs, 6Clubs, 4Clubs, JHearts, 6Hearts, 2Hearts, ASpades, 5Spades.
P1 HAND: 4Diamonds, 2Diamonds, QClubs, 5Clubs, 3Clubs, AHearts, 7Hearts, KHearts, 5Hearts, 3Hearts.
P2 HAND: ADiamonds, KDiamonds, 6Diamonds, KClubs, 4Hearts, 7Spades, KSpades, 6Spades, 4Spades, 2Spades.
P3 HAND: 7Diamonds, QDiamonds, 3Diamonds, AClubs, JClubs, 2Clubs, QHearts, JSpades, QSpades, 3Spades.
P1 3Clubs P2 KClubs P3 AClubs P0 6Clubs 
P3 2Clubs P0 4Clubs P1 5Clubs P2 2Spades 
P1 3Hearts P2 4Hearts P3 QHearts P0 JHearts 
P0 2Hearts P1 5Hearts P2 4Spades P3 JClubs 
P1 QClubs P2 6Spades P3 3Spades P0 7Clubs 
P0 ASpades P1 2Diamonds P2 KSpades P3 JSpades 
P1 4Diamonds P2 6Diamonds P3 3Diamonds P0 JDiamonds 
P0 5Spades P1 KHearts P2 7Spades P3 QSpades 
P2 KDiamonds P3 QDiamonds P0 5Diamonds P1 7Hearts 
P2 ADiamonds P3 7Diamonds P0 6Hearts P1 AHearts 
-- /GAME --
P0 HAND: 7Diamonds, 7Clubs, QClubs, 6Clubs, 5Clubs, 3Clubs, KHearts, 4Hearts, 6Spades, 4Spades.
P1 HAND: KDiamonds, JDiamonds, 6Diamonds, 3Diamonds, AHearts, 7Hearts, JHearts, QHearts, 6Hearts, 7Spades.
P2 HAND: ADiamonds, 5Diamonds, AClubs, 4Clubs, 2Clubs, 5Hearts, 2Hearts, KSpades, JSpades, QSpades.
P3 HAND: QDiamonds, 4Diamonds, 2Diamonds, KClubs, JClubs, 3Hearts, ASpades, 5Spades, 3Spades, 2Spades.
P0 3Clubs P1 3Diamonds P2 AClubs P3 JClubs 
P2 ADiamonds P3 2Diamonds P0 7Diamonds P1 6Diamonds 
P2 2Clubs P3 KClubs P0 5Clubs P1 AHearts 
P3 3Hearts P0 4Hearts P1 7Hearts P2 2Hearts 
P1 6Hearts P2 5Hearts P3 4Diamonds P0 KHearts 
P0 6Clubs P1 QHearts P2 4Clubs P3 QDiamonds 
P0 QClubs P1 7Spades P2 5Diamonds P3 2Spades 
P1 JDiamonds P2 QSpades P3 ASpades P0 4Spades 
P3 3Spades P0 6Spades P1 JHearts P2 JSpades 
P2 KSpades P3 5Spades P0 7Clubs P1 KDiamonds 
-- /GAME --
P0 HAND: ADiamonds, 6Diamonds, 4Diamonds, JClubs, 3Clubs, 2Clubs, QHearts, 6Hearts, 4Hearts, 4Spades.
P1 HAND: 5Diamonds, AClubs, 6Clubs, KHearts, 3Hearts, 7Spades, KSpades, QSpades, 6Spades, 5Spades.
P2 HAND: 7Diamonds, QDiamonds, 7Clubs, KClubs, 5Clubs, 4Clubs, 7Hearts, JHearts, 5Hearts, 2Spades.
P3 HAND: KDiamonds, JDiamonds, 3Diamonds, 2Diamonds, QClubs, AHearts, 2Hearts, ASpades, JSpades, 3Spades.
P3 ASpades P0 4Spades P1 7Spades P2 2Spades 
P3 2Diamonds P0 ADiamonds P1 5Diamonds P2 7Diamonds 
P0 2Clubs P1 AClubs P2 4Clubs P3 QClubs 
P1 5Spades P2 5Clubs P3 3Spades P0 JClubs 
P1 6Clubs P2 KClubs P3 3Diamonds P0 3Clubs 
P2 QDiamonds P3 JDiamonds P0 4Diamonds P1 KSpades 
P3 JSpades P0 6Diamonds P1 6Spades P2 5Hearts 
P2 JHearts P3 2Hearts P0 4Hearts P1 3Hearts 
P2 7Hearts P3 AHearts P0 6Hearts P1 KHearts 
P3 KDiamonds P0 QHearts P1 QSpades P2 7Clubs 
-- /GAME --
P0 HAND: JDiamonds, 4Diamonds, 2Diamonds, JClubs, 5Clubs, AHearts, QHearts, 6Hearts, 3Hearts, 7Spades.
P1 HAND: KDiamonds, 3Diamonds, 4Clubs, KHearts, JHearts, KSpades, JSpades, 6Spades, 5Spades, 2Spades.
P2 HAND: ADiamonds, 6Diamonds, KClubs, QClubs, 6Clubs, 2Clubs, 5Hearts, 4Hearts, ASpades, 4Spades.
P3 HAND: 7Diamonds, QDiamonds, 5Diamonds, AClubs, 7Clubs, 3Clubs, 7Hearts, 2Hearts, QSpades, 3Spades.
P2 ADiamonds P3 5Diamonds P0 JDiamonds P1 3Diamonds 
P2 2Clubs P3 AClubs P0 5Clubs P1 4Clubs 
P3 2Hearts P0 AHearts P1 JHearts P2 5Hearts 
P0 2Diamonds P1 KDiamonds P2 6Diamonds P3 7Diamonds 
P3 3Clubs P0 JClubs P1 2Spades P2 6Clubs 
P1 5Spades P2 4Spades P3 3Spades P0 7Spades 
P0 3Hearts P1 KHearts P2 4Hearts P3 7Hearts 
P3 QDiamonds P0 4Diamonds P1 6Spades P2 QClubs 
P1 JSpades P2 ASpades P3 QSpades P0 QHearts 
P2 KClubs P3 7Clubs P0 6Hearts P1 KSpades 
-- /GAME --
P0 HAND: 7Diamonds, 2Diamonds, AClubs, JClubs, QClubs, 4Clubs, 3Clubs, 6Hearts, 5Hearts, 6Spades.
P1 HAND: KDiamonds, QDiamonds, 5Diamonds, KClubs, 5Clubs, AHearts, KHearts, 3Hearts, 7Spades, KSpades.
P2 HAND: ADiamonds, JDiamonds, 2Clubs, 7Hearts, JHearts, 2Hearts, ASpades, JSpades, QSpades, 4Spades.
P3 HAND: 6Diamonds, 4Diamonds, 3Diamonds, 7Clubs, 6Clubs, QHearts, 4Hearts, 5Spades, 3Spades, 2Spades.
P1 AHearts P2 2Hearts P3 QHearts P0 5Hearts 
P1 3Hearts P2 JHearts P3 4Hearts P0 6Hearts 
P2 ADiamonds P3 3Diamonds P0 7Diamonds P1 5Diamonds 
P2 ASpades P3 2Spades P0 6Spades P1 KSpades 
P2 4Spades P3 3Spades P0 2Diamonds P1 7Spades 
P1 QDiamonds P2 JDiamonds P3 4Diamonds P0 3Clubs 
P0 AClubs P1 5Clubs P2 2Clubs P3 6Clubs 
P0 JClubs P1 KClubs P2 QSpades P3 7Clubs 
P3 5Spades P0 QClubs P1 KDiamonds P2 JSpades 
P0 4Clubs P1 KHearts P2 7Hearts P3 6Diamonds 
-- /GAME --
P0 HAND: 7Diamonds, JDiamonds, AClubs, QClubs, 4Clubs, AHearts, 5Hearts, 7Spades, KSpades, 6Spades.
P1 HAND: ADiamonds, KDiamonds, 6Diamonds, 4Diamonds, JClubs, 3Clubs, KHearts, 3Hearts, ASpades, QSpades.
P2 HAND: QDiamonds, 5Diamonds, 2Diamonds, KClubs, 5Clubs, 2Clubs, JHearts, 2Hearts, 5Spades, 4Spades.
P3 HAND: 3Diamonds, 7Clubs, 6Clubs, 7Hearts, QHearts, 6Hearts, 4Hearts, JSpades, 3Spades, 2Spades.
P0 AClubs P1 3Clubs P2 KClubs P3 6Clubs 
P0 4Clubs P1 JClubs P2 2Clubs P3 7Clubs 
P3 2Spades P0 6Spades P1 ASpades P2 4Spades 
P1 ADiamonds P2 2Diamonds P3 3Diamonds P0 JDiamonds 
P1 4Diamonds P2 5Diamonds P3 3Spades P0 7Diamonds 
P0 QClubs P1 6Diamonds P2 5Clubs P3 4Hearts 
P3 JSpades P0 KSpades P1 QSpades P2 5Spades 
P0 AHearts P1 3Hearts P2 2Hearts P3 6Hearts 
P0 5Hearts P1 KHearts P2 JHearts P3 QHearts 
P1 KDiamonds P2 QDiamonds P3 7Hearts P0 7Spades 
-- /GAME --
P0 HAND: 6Diamonds, 5Diamonds, 2Diamonds, KClubs, QClubs, 4Clubs, AHearts, 5Hearts, KSpades, 4Spades.
P1 HAND: 7Diamonds, 3Diamonds, JClubs, 6Clubs, 3Clubs, 2Clubs, 2Hearts, 7Spades, QSpades, 3Spades.
P2 HAND: ADiamonds, JDiamonds, 5Clubs, 7Hearts, JHearts, QHearts, 6Hearts, 4Hearts, ASpades, 6Spades.
P3 HAND: KDiamonds, QDiamonds, 4Diamonds, AClubs, 7Clubs, KHearts, 3Hearts, JSpades, 5Spades, 2Spades.
P3 AClubs P0 4Clubs P1 JClubs P2 5Clubs 
P3 2Spades P0 4Spades P1 3Spades P2 ASpades 
P2 ADiamonds P3 4Diamonds P0 2Diamonds P1 3Diamonds 
P2 6Spades P3 5Spades P0 KSpades P1 7Spades 
P1 2Clubs P2 4Hearts P3 7Clubs P0 KClubs 
P2 JDiamonds P3 QDiamonds P0 5Diamonds P1 7Diamonds 
P1 3Clubs P2 6Hearts P3 3Hearts P0 QClubs 
P2 QHearts P3 KHearts P0 AHearts P1 2Hearts 
P0 6Diamonds P1 6Clubs P2 JHearts P3 KDiamonds 
P2 7Hearts P3 JSpades P0 5Hearts P1 QSpades 
-- /GAME --
P0 HAND: ADiamonds, 7Diamonds, QClubs, 6Clubs, 4Clubs, 2Clubs, 7Hearts, 6Hearts, 5Hearts, ASpades.
P1 HAND: KDiamonds, 3Diamonds, AClubs, 3Clubs, KHearts, JHearts, 3Hearts, 7Spades, 5Spades, 4Spades.
P2 HAND: JDiamonds, QDiamonds, 6Diamonds, KClubs, 5Clubs, KSpades, JSpades, QSpades, 6Spades, 3Spades.
P3 HAND: 5Diamonds, 4Diamonds, 2Diamonds, 7Clubs, JClubs, AHearts, QHearts, 4Hearts, 2Hearts, 2Spades.
P1 AClubs P2 5Clubs P3 7Clubs P0 2Clubs 
P1 3Diamonds P2 6Diamonds P3 2Diamonds P0 ADiamonds 
P0 ASpades P1 4Spades P2 KSpades P3 2Spades 
P0 4Clubs P1 3Clubs P2 KClubs P3 JClubs 
P2 3Spades P3 4Diamonds P0 6Clubs P1 7Spades 
P1 5Spades P2 6Spades P3 5Diamonds P0 7Diamonds 
P2 QDiamonds P3 2Hearts P0 5Hearts P1 KDiamonds 
P0 QClubs P1 3Hearts P2 QSpades P3 4Hearts 
P3 QHearts P0 6Hearts P1 JHearts P2 JDiamonds 
P1 KHearts P2 JSpades P3 AHearts P0 7Hearts 
-- /GAME --
P0 HAND: 7Diamonds, 6Diamonds, 3Diamonds, 4Clubs, AHearts, KHearts, 5Hearts, 3Hearts, QSpades, 2Spades.
P1 HAND: ADiamonds, KDiamonds, 4Diamonds, 2Diamonds, QClubs, 3Clubs, 2Clubs, 7Hearts, QHearts, 5Spades.
P2 HAND: JDiamonds, QDiamonds, KClubs, JClubs, 6Clubs, 6Hearts, ASpades, 7Spades, KSpades, 6Spades.
P3 HAND: 5Diamonds, AClubs, 7Clubs, 5Clubs, JHearts, 4Hearts, 2Hearts, JSpades, 4Spades, 3Spades.
P0 AHearts P1 QHearts P2 6Hearts P3 2Hearts 
P0 3Diamonds P1 ADiamonds P2 QDiamonds P3 5Diamonds 
P1 2Diamonds P2 JDiamonds P3 4Hearts P0 7Diamonds 
P0 3Hearts P1 7Hearts P2 6Spades P3 JHearts 
P2 6Clubs P3 AClubs P0 4Clubs P1 QClubs 
P3 5Clubs P0 5Hearts P1 2Clubs P2 KClubs 
P2 JClubs P3 7Clubs P0 QSpades P1 3Clubs 
P0 6Diamonds P1 4Diamonds P2 KSpades P3 3Spades 
P2 7Spades P3 4Spades P0 2Spades P1 5Spades 
P2 ASpades P3 JSpades P0 KHearts P1 KDiamonds 
-- /GAME --
P0 HAND: 7Diamonds, KDiamonds, JDiamonds, 4Diamonds, JClubs, QClubs, 7Spades, KSpades, QSpades, 5Spades.
P1 HAND: ADiamonds, 5Diamonds, AClubs, 2Clubs, 6Hearts, 5Hearts, 3Hearts, 2Hearts, ASpades, 6Spades.
P2 HAND: QDiamonds, 3Diamonds, 2Diamonds, 7Clubs, KClubs, 5Clubs, 7Hearts, KHearts, JHearts, 2Spades.
P3 HAND: 6Diamonds, 6Clubs, 4Clubs, 3Clubs, AHearts, QHearts, 4Hearts, JSpades, 4Spades, 3Spades.
P3 AHearts P0 7Diamonds P1 2Hearts P2 7Hearts 
P0 5Spades P1 ASpades P2 2Spades P3 JSpades 
P1 AClubs P2 5Clubs P3 6Clubs P0 QClubs 
P1 2Clubs P2 KClubs P3 3Clubs P0 JClubs 
P2 JHearts P3 4Hearts P0 KDiamonds P1 3Hearts 
P0 QSpades P1 6Spades P2 2Diamonds P3 3Spades 
P2 3Diamonds P3 6Diamonds P0 4Diamonds P1 5Diamonds 
P3 4Clubs P0 JDiamonds P1 5Hearts P2 7Clubs 
P0 KSpades P1 6Hearts P2 QDiamonds P3 4Spades 
P2 KHearts P3 QHearts P0 7Spades P1 ADiamonds 
-- /GAME --
P0 HAND: 7Diamonds, QDiamonds, 2Diamonds, 7Clubs, JClubs, QClubs, 4Clubs, 7Hearts, 6Hearts, QSpades.
P1 HAND: KDiamonds, 6Diamonds, 3Diamonds, 5Clubs, 3Clubs, JHearts, 5Hearts, 3Hearts, 2Hearts, ASpades.
P2 HAND: 5Diamonds, 4Diamonds, KClubs, 6Clubs, 2Clubs, 4Hearts, KSpades, 6Spades, 5Spades, 4Spades.
P3 HAND: ADiamonds, JDiamonds, AClubs, AHearts, KHearts, QHearts, 7Spades, JSpades, 3Spades, 2Spades.
P2 2Clubs P3 AClubs P0 4Clubs P1 5Clubs 
P3 AHearts P0 6Hearts P1 JHearts P2 4Hearts 
P3 2Spades P0 QSpades P1 ASpades P2 4Spades 
P1 2Hearts P2 5Spades P3 QHearts P0 7Hearts 
P0 QClubs P1 3Clubs P2 6Clubs P3 3Spades 
P0 JClubs P1 3Hearts P2 KClubs P3 JDiamonds 
P3 JSpades P0 7Diamonds P1 5Hearts P2 KSpades 
P0 QDiamonds P1 3Diamonds P2 4Diamonds P3 ADiamonds 
P3 KHearts P0 2Diamonds P1 6Diamonds P2 6Spades 
P1 KDiamonds P2 5Diamonds P3 7Spades P0 7Clubs 
-- /GAME --
P0 HAND: ADiamonds, 6Diamonds, QClubs, 5Clubs, KHearts, 5Hearts, ASpades, 6Spades, 4Spades, 2Spades.
P1 HAND: 7Diamonds, JDiamonds, 5Diamonds, 2Diamonds, AClubs, 6Clubs, 3Clubs, AHearts, QHearts, 2Hearts.
P2 HAND: KDiamonds, 4Diamonds, JClubs, 4Clubs, JHearts, 3Hearts, 7Spades, KSpades, QSpades, 3Spades.
P3 HAND: QDiamonds, 3Diamonds, 7Clubs, KClubs, 2Clubs, 7Hearts, 6Hearts, 4Hearts, JSpades, 5Spades.
P1 AClubs P2 4Clubs P3 7Clubs P0 5Clubs 
P1 AHearts P2 3Hearts P3 7Hearts P0 5Hearts 
P1 2Diamonds P2 4Diamonds P3 3Diamonds P0 ADiamonds 
P0 6Diamonds P1 5Diamonds P2 KDiamonds P3 QDiamonds 
P2 JClubs P3 2Clubs P0 QClubs P1 3Clubs 
P2 JHearts P3 4Hearts P0 KHearts P1 2Hearts 
P0 2Spades P1 6Clubs P2 3Spades P3 5Spades 
P3 6Hearts P0 4Spades P1 QHearts P2 QSpades 
P2 KSpades P3 JSpades P0 ASpades P1 JDiamonds 
P0 6Spades P1 7Diamonds P2 7Spades P3 KClubs 
-- /GAME --
P0 HAND: KDiamonds, JDiamonds, QDiamonds, 6Diamonds, 5Diamonds, AClubs, 6Clubs, 3Clubs, KSpades, 3Spades.
P1 HAND: 4Diamonds, 3Diamonds, 7Clubs, QClubs, 5Clubs, 4Clubs, JHearts, 4Hearts, JSpades, QSpades.
P2 HAND: ADiamonds, KClubs, 7Hearts, KHearts, 6Hearts, 3Hearts, ASpades, 6Spades, 5Spades, 4Spades.
P3 HAND: 7Diamonds, 2Diamonds, JClubs, 2Clubs, AHearts, QHearts, 5Hearts, 2Hearts, 7Spades, 2Spades.
P1 4Clubs P2 KClubs P3 2Clubs P0 AClubs 
P0 3Spades P1 QSpades P2 ASpades P3 2Spades 
P2 3Hearts P3 AHearts P0 KDiamonds P1 4Hearts 
P0 3Clubs P1 5Clubs P2 4Spades P3 JClubs 
P3 2Hearts P0 6Clubs P1 JHearts P2 7Hearts 
P2 5Spades P3 7Spades P0 KSpades P1 JSpades 
P3 5Hearts P0 5Diamonds P1 QClubs P2 KHearts 
P0 6Diamonds P1 3Diamonds P2 ADiamonds P3 2Diamonds 
P2 6Hearts P3 QHearts P0 JDiamonds P1 7Clubs 
P0 QDiamonds P1 4Diamonds P2 6Spades P3 7Diamonds 
-- /GAME --
P0 HAND: ADiamonds, 4Diamonds, JClubs, 5Clubs, 7Hearts, JHearts, 3Hearts, ASpades, 5Spades, 4Spades.
P1 HAND: QDiamonds, 3Diamonds, 7Clubs, 4Clubs, 6Hearts, 5Hearts, 4Hearts, 2Hearts, KSpades, 2Spades.
P2 HAND: 7Diamonds, KDiamonds, JDiamonds, 6Diamonds, 2Diamonds, 6Clubs, KHearts, 7Spades, JSpades, QSpades.
P3 HAND: 5Diamonds, AClubs, KClubs, QClubs, 3Clubs, 2Clubs, AHearts, QHearts, 6Spades, 3Spades.
P0 ADiamonds P1 3Diamonds P2 7Diamonds P3 5Diamonds 
P0 3Hearts P1 2Hearts P2 KHearts P3 AHearts 
P3 3Spades P0 ASpades P1 2Spades P2 7Spades 
P0 4Spades P1 KSpades P2 QSpades P3 6Spades 
P1 4Hearts P2 2Diamonds P3 QHearts P0 7Hearts 
P0 4Diamonds P1 QDiamonds P2 6Diamonds P3 2Clubs 
P3 3Clubs P0 5Clubs P1 4Clubs P2 6Clubs 
P2 JDiamonds P3 QClubs P0 JClubs P1 7Clubs 
P1 5Hearts P2 JSpades P3 KClubs P0 JHearts 
P3 AClubs P0 5Spades P1 6Hearts P2 KDiamonds 
-- /GAME --
P0 HAND: 7Diamonds, 4Diamonds, 3Diamonds, AClubs, KClubs, 6Clubs, AHearts, 6Hearts, ASpades, 3Spades.
P1 HAND: ADiamonds, KDiamonds, 5Clubs, 4Clubs, 3Clubs, JHearts, QHearts, 5Hearts, QSpades, 5Spades.
P2 HAND: 6Diamonds, 5Diamonds, 7Clubs, JClubs, QClubs, KHearts, 3Hearts, 2Hearts, 7Spades, 4Spades.
P3 HAND: JDiamonds, QDiamonds, 2Diamonds, 2Clubs, 7Hearts, 4Hearts, KSpades, JSpades, 6Spades, 2Spades.
P3 2Diamonds P0 3Diamonds P1 ADiamonds P2 5Diamonds 
P1 5Hearts P2 2Hearts P3 4Hearts P0 AHearts 
P0 ASpades P1 5Spades P2 7Spades P3 2Spades 
P0 3Spades P1 QSpades P2 4Spades P3 KSpades 
P3 6Spades P0 4Diamonds P1 QHearts P2 3Hearts 
P3 QDiamonds P0 7Diamonds P1 KDiamonds P2 6Diamonds 
P0 6Hearts P1 JHearts P2 KHearts P3 7Hearts 
P3 JDiamonds P0 6Clubs P1 3Clubs P2 QClubs 
P2 JClubs P3 2Clubs P0 AClubs P1 4Clubs 
P0 KClubs P1 5Clubs P2 7Clubs P3 JSpades 
-- /GAME --
P0 HAND: 7Diamonds, QDiamonds, 7Clubs, 3Clubs, 2Clubs, 7Hearts, JHearts, 5Hearts, 7Spades, 3Spades.
P1 HAND: 6Diamonds, 5Diamonds, JClubs, QClubs, 5Clubs, 4Hearts, JSpades, QSpades, 5Spades, 4Spades.
P2 HAND: ADiamonds, JDiamonds, 6Clubs, 4Clubs, KHearts, QHearts, 3Hearts, 2Hearts, KSpades, 6Spades.
P3 HAND: KDiamonds, 4Diamonds, 3Diamonds, 2Diamonds, AClubs, KClubs, AHearts, 6Hearts, ASpades, 2Spades.
P2 ADiamonds P3 2Diamonds P0 7Diamonds P1 5Diamonds 
P2 4Clubs P3 AClubs P0 2Clubs P1 JClubs 
P3 ASpades P0 3Spades P1 JSpades P2 6Spades 
P3 2Spades P0 7Spades P1 4Spades P2 KSpades 
P0 3Clubs P1 5Clubs P2 6Clubs P3 KClubs 
P3 3Diamonds P0 QDiamonds P1 6Diamonds P2 JDiamonds 
P2 2Hearts P3 6Hearts P0 5Hearts P1 4Hearts 
P3 4Diamonds P0 JHearts P1 5Spades P2 3Hearts 
P0 7Clubs P1 QClubs P2 QHearts P3 AHearts 
P3 KDiamonds P0 7Hearts P1 QSpades P2 KHearts 
-- /GAME --
P0 HAND: KDiamonds, 3Diamonds, AClubs, KClubs, 6Clubs, KHearts, JHearts, 5Hearts, 7Spades, 6Spades.
P1 HAND: 5Diamonds, 4Diamonds, 4Clubs, AHearts, 7Hearts, 4Hearts, JSpades, 5Spades, 4Spades, 2Spades.
P2 HAND: 7Diamonds, JDiamonds, QDiamonds, JClubs, 5Clubs, 3Clubs, 2Clubs, 3Hearts, 2Hearts, KSpades.
P3 HAND: ADiamonds, 6Diamonds, 2Diamonds, 7Clubs, QClubs, QHearts, 6Hearts, ASpades, QSpades, 3Spades.
P1 AHearts P2 2Hearts P3 QHearts P0 5Hearts 
P1 2Spades P2 KSpades P3 ASpades P0 6Spades 
P3 3Spades P0 7Spades P1 4Spades P2 JClubs 
P0 AClubs P1 4Clubs P2 5Clubs P3 QClubs 
P0 6Clubs P1 4Hearts P2 2Clubs P3 7Clubs 
P3 6Hearts P0 JHearts P1 7Hearts P2 3Hearts 
P1 5Spades P2 3Clubs P3 QSpades P0 KDiamonds 
P0 3Diamonds P1 4Diamonds P2 QDiamonds P3 2Diamonds 
P2 JDiamonds P3 6Diamonds P0 KHearts P1 5Diamonds 
P2 7Diamonds P3 ADiamonds P0 KClubs P1 JSpades 
-- /GAME --
P0 HAND: JDiamonds, 7Clubs, KClubs, 6Clubs, 2Clubs, 7Hearts, KHearts, 5Hearts, KSpades, JSpades.
P1 HAND: 5Diamonds, 4Diamonds, QClubs, 4Clubs, JHearts, ASpades, 7Spades, QSpades, 6Spades, 5Spades.
P2 HAND: ADiamonds, 3Diamonds, 2Diamonds, AClubs, JClubs, 5Clubs, 3Clubs, 4Hearts, 3Spades, 2Spades.
P3 HAND: 7Diamonds, KDiamonds, QDiamonds, 6Diamonds, AHearts, QHearts, 6Hearts, 3Hearts, 2Hearts, 4Spades.
P0 2Clubs P1 4Clubs P2 AClubs P3 2Hearts 
P3 4Spades P0 JSpades P1 ASpades P2 2Spades 
P1 4Diamonds P2 ADiamonds P3 6Diamonds P0 JDiamonds 
P2 2Diamonds P3 QDiamonds P0 5Hearts P1 5Diamonds 
P0 6Clubs P1 QClubs P2 3Clubs P3 7Diamonds 
P1 5Spades P2 3Spades P3 3Hearts P0 KSpades 
P3 6Hearts P0 KHearts P1 JHearts P2 4Hearts 
P0 KClubs P1 6Spades P2 5Clubs P3 QHearts 
P3 AHearts P0 7Hearts P1 QSpades P2 3Diamonds 
P3 KDiamonds P0 7Clubs P1 7Spades P2 JClubs 
-- /GAME --
P0 HAND: KDiamonds, 5Diamonds, KClubs, 5Clubs, 2Clubs, KHearts, 3Hearts, JSpades, 6Spades, 4Spades.
P1 HAND: 7Diamonds, QDiamonds, 3Diamonds, 7Clubs, QClubs, 6Clubs, AHearts, JHearts, 4Hearts, KSpades.
P2 HAND: JDiamonds, 6Diamonds, 2Diamonds, 3Clubs, 7Hearts, QHearts, 6Hearts, 7Spades, 5Spades, 3Spades.
P3 HAND: ADiamonds, 4Diamonds, AClubs, JClubs, 4Clubs, 5Hearts, 2Hearts, ASpades, QSpades, 2Spades.
P0 3Hearts P1 AHearts P2 6Hearts P3 5Hearts 
P1 3Diamonds P2 2Diamonds P3 ADiamonds P0 5Diamonds 
P3 ASpades P0 4Spades P1 KSpades P2 3Spades 
P3 2Hearts P0 KHearts P1 4Hearts P2 7Hearts 
P2 5Spades P3 2Spades P0 6Spades P1 QDiamonds 
P0 2Clubs P1 6Clubs P2 3Clubs P3 4Clubs 
P1 JHearts P2 QHearts P3 JClubs P0 KClubs 
P0 JSpades P1 QClubs P2 7Spades P3 QSpades 
P1 7Clubs P2 6Diamonds P3 AClubs P0 5Clubs 
P3 4Diamonds P0 KDiamonds P1 7Diamonds P2 JDiamonds 
-- /GAME --
P0 HAND: KDiamonds, JDiamonds, 5Diamonds, 7Hearts, 6Hearts, 5Hearts, 4Hearts, 2Hearts, KSpades, 3Spades.
P1 HAND: QDiamonds, 6Diamonds, KClubs, JClubs, 4Clubs, 3Hearts, ASpades, 7Spades, 5Spades, 2Spades.
P2 HAND: ADiamonds, 4Diamonds, 3Diamonds, 2Diamonds, 7Clubs, 6Clubs, 5Clubs, 2Clubs, AHearts, 6Spades.
P3 HAND: 7Diamonds, AClubs, QClubs, 3Clubs, KHearts, JHearts, QHearts, JSpades, QSpades, 4Spades.
P3 AClubs P0 3Spades P1 KClubs P2 2Clubs 
P3 3Clubs P0 2Hearts P1 4Clubs P2 7Clubs 
P2 AHearts P3 QHearts P0 7Hearts P1 3Hearts 
P2 5Clubs P3 QClubs P0 5Diamonds P1 JClubs 
P0 4Hearts P1 2Spades P2 6Clubs P3 KHearts 
P3 4Spades P0 KSpades P1 ASpades P2 6Spades 
P1 5Spades P2 2Diamonds P3 QSpades P0 KDiamonds 
P0 5Hearts P1 6Diamonds P2 3Diamonds P3 JHearts 
P1 QDiamonds P2 4Diamonds P3 7Diamonds P0 JDiamonds 
P3 JSpades P0 6Hearts P1 7Spades P2 ADiamonds 
-- /GAME --
P0 HAND: 6Diamonds, 2Diamonds, KClubs, 2Clubs, AHearts, KHearts, 3Hearts, KSpades, 5Spades, 2Spades.
P1 HAND: JDiamonds, 5Diamonds, 3Diamonds, 6Clubs, 5Clubs, 4Clubs, JHearts, QHearts, ASpades, 6Spades.
P2 HAND: ADiamonds, 7Diamonds, QDiamonds, AClubs, JClubs, QClubs, 7Hearts, 4Hearts, 7Spades, QSpades.
P3 HAND: KDiamonds, 4Diamonds, 7Clubs, 3Clubs, 6Hearts, 5Hearts, 2Hearts, JSpades, 4Spades, 3Spades.
P2 ADiamonds P3 4Diamonds P0 2Diamonds P1 3Diamonds 
P2 AClubs P3 3Clubs P0 KClubs P1 4Clubs 
P2 QDiamonds P3 KDiamonds P0 6Diamonds P1 JDiamonds 
P3 3Spades P0 5Spades P1 ASpades P2 QSpades 
P1 5Diamonds P2 7Diamonds P3 2Hearts P0 KHearts 
P0 2Clubs P1 5Clubs P2 QClubs P3 7Clubs 
P3 4Spades P0 2Spades P1 6Spades P2 7Spades 
P2 JClubs P3 5Hearts P0 AHearts P1 6Clubs 
P0 3Hearts P1 QHearts P2 4Hearts P3 6Hearts 
P1 JHearts P2 7Hearts P3 JSpades P0 KSpades 
-- /GAME --

