-- GAME --
P0 HAND: KDiamonds, QDiamonds, 4Diamonds, AClubs, 2Clubs, AHearts, KSpades, QSpades, 4Spades, 3Spades.
P1 HAND: 3Diamonds, 7Clubs, KClubs, JClubs, 5Clubs, 4Clubs, QHearts, 6Hearts, ASpades, 2Spades.
P2 HAND: JDiamonds, 6Diamonds, QClubs, 6Clubs, JHearts, 4Hearts, 3Hearts, 2Hearts, 7Spades, 5Spades.
P3 HAND: ADiamonds, 7Diamonds, 5Diamonds, 2Diamonds, 3Clubs, 7Hearts, KHearts, 5Hearts, JSpades, 6Spades.
P0 AHearts P1 6Hearts P2 JHearts P3 5Hearts 
P0 AClubs P1 4Clubs P2 QClubs P3 3Clubs 
P0 3Spades P1 ASpades P2 5Spades P3 JSpades 
P1 2Spades P2 7Spades P3 6Spades P0 KSpades 
P2 2Hearts P3 KHearts P0 4Diamonds P1 QHearts 
P0 4Spades P1 5Clubs P2 3Hearts P3 2Diamonds 
P3 5Diamonds P0 KDiamonds P1 3Diamonds P2 6Diamonds 
P0 QSpades P1 JClubs P2 JDiamonds P3 7Diamonds 
P3 ADiamonds P0 QDiamonds P1 KClubs P2 4Hearts 
P3 7Hearts P0 2Clubs P1 7Clubs P2 6Clubs 
-- /GAME --
P0 HAND: ADiamonds, KDiamonds, 4Diamonds, JClubs, 6Clubs, 4Clubs, 3Clubs, KHearts, QHearts, 5Hearts.
P1 HAND: 7Diamonds, 6Diamonds, 5Diamonds, 3Diamonds, 2Clubs, 7Hearts, 6Hearts, 3Hearts, KSpades, 6Spades.
P2 HAND: AClubs, KClubs, QClubs, 5Clubs, AHearts, JHearts, 2Hearts, 7Spades, JSpades, 3Spades.
P3 HAND: JDiamonds, QDiamonds, 2Diamonds, 7Clubs, 4Hearts, ASpades, QSpades, 5Spades, 4Spades, 2Spades.
P3 2Diamonds P0 ADiamonds P1 3Diamonds P2 AClubs 
P0 4Diamonds P1 5Diamonds P2 3Spades P3 JDiamonds 
P3 2Spades P0 3Clubs P1 6Spades P2 7Spades 
P2 5Clubs P3 7Clubs P0 4Clubs P1 2Clubs 
P3 4Spades P0 6Clubs P1 KSpades P2 JSpades 
P1 6Diamonds P2 QClubs P3 QDiamonds P0 KDiamonds 
P0 JClubs P1 3Hearts P2 KClubs P3 ASpades 
P1 6Hearts P2 2Hearts P3 4Hearts P0 KHearts 
P0 5Hearts P1 7Hearts P2 AHearts P3 5Spades 
P2 JHearts P3 QSpades P0 QHearts P1 7Diamonds 
-- /GAME --
P0 HAND: 7Diamonds, JDiamonds, 6Diamonds, KClubs, 2Clubs, KHearts, ASpades, 7Spades, 5Spades, 3Spades.
P1 HAND: ADiamonds, QDiamonds, QClubs, 5Clubs, JHearts, 3Hearts, KSpades, JSpades, QSpades, 2Spades.
P2 HAND: KDiamonds, 4Diamonds, 7Clubs, JClubs, AHearts, 7Hearts, 6Hearts, 4Hearts, 6Spades, 4Spades.
P3 HAND: 5Diamonds, 3Diamonds, 2Diamonds, AClubs, 6Clubs, 4Clubs, 3Clubs, QHearts, 5Hearts, 2Hearts.
P2 AHearts P3 2Hearts P0 KHearts P1 3Hearts 
P2 4Diamonds P3 2Diamonds P0 6Diamonds P1 ADiamonds 
P1 5Clubs P2 JClubs P3 AClubs P0 2Clubs 
P3 3Diamonds P0 7Diamonds P1 QDiamonds P2 KDiamonds 
P0 JDiamonds P1 QClubs P2 4Spades P3 5Diamonds 
P2 4Hearts P3 5Hearts P0 KClubs P1 JHearts 
P1 2Spades P2 6Spades P3 3Clubs P0 3Spades 
P2 6Hearts P3 QHearts P0 5Spades P1 QSpades 
P1 JSpades P2 7Clubs P3 4Clubs P0 7Spades 
P0 ASpades P1 KSpades P2 7Hearts P3 6Clubs 
-- /GAME --
P0 HAND: JDiamonds, 6Diamonds, KClubs, 6Clubs, 3Clubs, AHearts, QHearts, 6Hearts, KSpades, 5Spades.
P1 HAND: QDiamonds, 4Diamonds, 3Diamonds, AClubs, 4Clubs, JHearts, 4Hearts, 3Hearts, 6Spades, 4Spades.
P2 HAND: ADiamonds, 7Diamonds, JClubs, 2Clubs, 7Hearts, KHearts, 5Hearts, ASpades, 7Spades, QSpades.
P3 HAND: KDiamonds, 5Diamonds, 2Diamonds, 7Clubs, QClubs, 5Clubs, 2Hearts, JSpades, 3Spades, 2Spades.
P1 AClubs P2 2Clubs P3 7Clubs P0 3Clubs 
P1 3Diamonds P2 ADiamonds P3 2Diamonds P0 JDiamonds 
P2 ASpades P3 2Spades P0 KSpades P1 4Spades 
P2 QSpades P3 3Spades P0 5Spades P1 6Spades 
P2 JClubs P3 5Clubs P0 KClubs P1 4Clubs 
P0 6Clubs P1 4Diamonds P2 5Hearts P3 QClubs 
P2 KHearts P3 2Hearts P0 6Hearts P1 3Hearts 
P2 7Hearts P3 5Diamonds P0 QHearts P1 4Hearts 
P2 7Diamonds P3 KDiamonds P0 6Diamonds P1 QDiamonds 
P2 7Spades P3 JSpades P0 AHearts P1 JHearts 
-- /GAME --
P0 HAND: ADiamonds, JDiamonds, 5Diamonds, AClubs, 5Clubs, 4Clubs, JHearts, 6Hearts, 4Hearts, KSpades.
P1 HAND: KDiamonds, JClubs, QClubs, AHearts, 5Hearts, 3Hearts, JSpades, QSpades, 4Spades, 2Spades.
P2 HAND: 7Diamonds, QDiamonds, 2Diamonds, KClubs, 2Clubs, KHearts, 2Hearts, 7Spades, 5Spades, 3Spades.
P3 HAND: 6Diamonds, 4Diamonds, 3Diamonds, 7Clubs, 6Clubs, 3Clubs, 7Hearts, QHearts, ASpades, 6Spades.
P2 2Diamonds P3 3Diamonds P0 ADiamonds P1 KDiamonds 
P0 AClubs P1 QClubs P2 KClubs P3 3Clubs 
P0 KSpades P1 2Spades P2 3Spades P3 ASpades 
P3 4Diamonds P0 5Diamonds P1 4Spades P2 7Diamonds 
P2 2Clubs P3 6Clubs P0 4Clubs P1 JClubs 
P1 QSpades P2 5Spades P3 6Spades P0 4Hearts 
P0 5Clubs P1 3Hearts P2 QDiamonds P3 7Clubs 
P1 JSpades P2 7Spades P3 QHearts P0 JHearts 
P0 6Hearts P1 5Hearts P2 2Hearts P3 7Hearts 
P3 6Diamonds P0 JDiamonds P1 AHearts P2 KHearts 
-- /GAME --
P0 HAND: ADiamonds, AClubs, KClubs, 5Clubs, 2Clubs, KHearts, 5Hearts, 4Hearts, 2Hearts, JSpades.
P1 HAND: 7Diamonds, JDiamonds, 5Diamonds, 4Diamonds, 3Diamonds, 3Clubs, 3Hearts, KSpades, 5Spades, 4Spades.
P2 HAND: KDiamonds, QDiamonds, 7Clubs, AHearts, 7Hearts, QHearts, 6Hearts, ASpades, QSpades, 6Spades.
P3 HAND: 6Diamonds, 2Diamonds, JClubs, QClubs, 6Clubs, 4Clubs, JHearts, 7Spades, 3Spades, 2Spades.
P1 3Diamonds P2 QDiamonds P3 2Diamonds P0 ADiamonds 
P0 JSpades P1 4Spades P2 ASpades P3 2Spades 
P2 6Spades P3 3Spades P0 2Clubs P1 KSpades 
P1 3Clubs P2 7Clubs P3 4Clubs P0 AClubs 
P0 KClubs P1 4Diamonds P2 KDiamonds P3 6Clubs 
P0 5Clubs P1 5Diamonds P2 QSpades P3 JClubs 
P3 6Diamonds P0 2Hearts P1 JDiamonds P2 6Hearts 
P2 QHearts P3 JHearts P0 KHearts P1 3Hearts 
P0 4Hearts P1 5Spades P2 7Hearts P3 QClubs 
P2 AHearts P3 7Spades P0 5Hearts P1 7Diamonds 
-- /GAME --
P0 HAND: ADiamonds, 7Diamonds, JDiamonds, 5Diamonds, 3Diamonds, 7Clubs, KHearts, 7Spades, JSpades, 5Spades.
P1 HAND: 6Diamonds, 4Diamonds, 2Diamonds, KClubs, JClubs, 3Clubs, 5Hearts, 3Hearts, KSpades, 3Spades.
P2 HAND: QDiamonds, AClubs, 5Clubs, 2Clubs, AHearts, 7Hearts, QHearts, 4Hearts, 2Hearts, ASpades.
P3 HAND: KDiamonds, QClubs, 6Clubs, 4Clubs, JHearts, 6Hearts, QSpades, 6Spades, 4Spades, 2Spades.
P0 KHearts P1 3Hearts P2 AHearts P3 6Hearts 
P2 ASpades P3 2Spades P0 7Spades P1 3Spades 
P2 2Hearts P3 JHearts P0 5Spades P1 5Hearts 
P3 4Spades P0 JSpades P1 KSpades P2 2Clubs 
P2 4Hearts P3 6Spades P0 3Diamonds P1 2Diamonds 
P2 QDiamonds P3 KDiamonds P0 ADiamonds P1 4Diamonds 
P0 5Diamonds P1 6Diamonds P2 QHearts P3 QSpades 
P1 3Clubs P2 5Clubs P3 4Clubs P0 7Clubs 
P0 JDiamonds P1 JClubs P2 AClubs P3 6Clubs 
P2 7Hearts P3 QClubs P0 7Diamonds P1 KClubs 
-- /GAME --
P0 HAND: KDiamonds, 6Diamonds, 5Diamonds, 3Diamonds, 2Diamonds, 6Clubs, 4Hearts, 2Hearts, JSpades, 5Spades.
P1 HAND: JDiamonds, AClubs, 7Clubs, KClubs, 3Clubs, 2Clubs, AHearts, KHearts, JHearts, 3Hearts.
P2 HAND: ADiamonds, 7Diamonds, QClubs, 6Hearts, 5Hearts, 7Spades, KSpades, QSpades, 6Spades, 2Spades.
P3 HAND: QDiamonds, 4Diamonds, JClubs, 5Clubs, 4Clubs, 7Hearts, QHearts, ASpades, 4Spades, 3Spades.
P2 2Spades P3 ASpades P0 5Spades P1 AClubs 
P3 3Spades P0 JSpades P1 2Clubs P2 7Spades 
P2 5Hearts P3 QHearts P0 2Hearts P1 AHearts 
P1 3Clubs P2 QClubs P3 4Clubs P0 6Clubs 
P2 6Hearts P3 7Hearts P0 4Hearts P1 KHearts 
P3 4Spades P0 2Diamonds P1 3Hearts P2 KSpades 
P0 3Diamonds P1 JDiamonds P2 7Diamonds P3 4Diamonds 
P2 6Spades P3 5Clubs P0 5Diamonds P1 JHearts 
P0 6Diamonds P1 KClubs P2 ADiamonds P3 QDiamonds 
P2 QSpades P3 JClubs P0 KDiamonds P1 7Clubs 
-- /GAME --
P0 HAND: 7Diamonds, JDiamonds, 6Diamonds, 5Diamonds, AClubs, 3Clubs, AHearts, 6Hearts, 4Spades, 3Spades.
P1 HAND: 3Diamonds, 7Clubs, KClubs, JClubs, 4Clubs, 2Clubs, QHearts, 4Hearts, 2Hearts, ASpades.
P2 HAND: ADiamonds, QDiamonds, 4Diamonds, 5Clubs, KHearts, JHearts, 3Hearts, QSpades, 6Spades, 5Spades.
P3 HAND: KDiamonds, 2Diamonds, QClubs, 6Clubs, 7Hearts, 5Hearts, 7Spades, KSpades, JSpades, 2Spades.
P1 ASpades P2 5Spades P3 7Spades P0 3Spades 
P1 2Clubs P2 5Clubs P3 6Clubs P0 AClubs 
P0 4Spades P1 2Hearts P2 6Spades P3 KSpades 
P3 2Spades P0 3Clubs P1 4Clubs P2 QSpades 
P2 3Hearts P3 5Hearts P0 AHearts P1 4Hearts 
P0 6Hearts P1 QHearts P2 JHearts P3 7Hearts 
P3 QClubs P0 5Diamonds P1 JClubs P2 KHearts 
P0 6Diamonds P1 3Diamonds P2 4Diamonds P3 2Diamonds 
P0 JDiamonds P1 KClubs P2 QDiamonds P3 KDiamonds 
P3 JSpades P0 7Diamonds P1 7Clubs P2 ADiamonds 
-- /GAME --
P0 HAND: 5Diamonds, AClubs, KClubs, QClubs, 5Clubs, KHearts, 4Hearts, 2Hearts, 7Spades, 3Spades.
P1 HAND: QDiamonds, 6Diamonds, 2Diamonds, 7Clubs, 6Clubs, 4Clubs, 7Hearts, QHearts, 6Spades, 2Spades.
P2 HAND: ADiamonds, 3Clubs, AHearts, JHearts, 5Hearts, 3Hearts, ASpades, KSpades, JSpades, 5Spades.
P3 HAND: 7Diamonds, KDiamonds, JDiamonds, 4Diamonds, 3Diamonds, JClubs, 2Clubs, 6Hearts, QSpades, 4Spades.
P0 5Diamonds P1 2Diamonds P2 ADiamonds P3 3Diamonds 
P2 AHearts P3 6Hearts P0 KHearts P1 QHearts 
P2 ASpades P3 4Spades P0 7Spades P1 2Spades 
P2 3Hearts P3 4Diamonds P0 2Hearts P1 7Hearts 
P1 6Diamonds P2 5Hearts P3 JDiamonds P0 3Spades 
P3 QSpades P0 4Hearts P1 6Spades P2 KSpades 
P2 5Spades P3 2Clubs P0 5Clubs P1 QDiamonds 
P0 QClubs P1 4Clubs P2 3Clubs P3 JClubs 
P3 KDiamonds P0 KClubs P1 7Clubs P2 JHearts 
P1 6Clubs P2 JSpades P3 7Diamonds P0 AClubs 
-- /GAME --
P0 HAND: ADiamonds, JDiamonds, 6Diamonds, 4Clubs, 7Hearts, KHearts, 2Hearts, ASpades, QSpades, 3Spades.
P1 HAND: KDiamonds, QDiamonds, QClubs, 3Clubs, 2Clubs, AHearts, 5Hearts, KSpades, 5Spades, 4Spades.
P2 HAND: 7Diamonds, 4Diamonds, 3Diamonds, KClubs, 5Clubs, JHearts, 6Hearts, 3Hearts, 7Spades, JSpades.
P3 HAND: 5Diamonds, 2Diamonds, AClubs, 7Clubs, JClubs, 6Clubs, QHearts, 4Hearts, 6Spades, 2Spades.
P3 AClubs P0 4Clubs P1 QClubs P2 5Clubs 
P3 2Diamonds P0 ADiamonds P1 QDiamonds P2 7Diamonds 
P0 ASpades P1 4Spades P2 7Spades P3 2Spades 
P0 6Diamonds P1 KDiamonds P2 3Diamonds P3 5Diamonds 
P1 2Clubs P2 KClubs P3 6Clubs P0 QSpades 
P2 4Diamonds P3 6Spades P0 JDiamonds P1 3Clubs 
P0 3Spades P1 5Spades P2 JSpades P3 4Hearts 
P3 JClubs P0 2Hearts P1 5Hearts P2 3Hearts 
P1 AHearts P2 6Hearts P3 QHearts P0 KHearts 
P1 KSpades P2 JHearts P3 7Clubs P0 7Hearts 
-- /GAME --

