-- GAME --
P0 HAND: 7Diamonds, QDiamonds, 5Diamonds, 2Diamonds, 7Clubs, 4Clubs, 2Clubs, JHearts, 2Hearts, 2Spades.
P1 HAND: ADiamonds, KDiamonds, AClubs, 5Clubs, AHearts, KHearts, 5Hearts, 3Hearts, ASpades, JSpades.
P2 HAND: KClubs, JClubs, QClubs, 7Hearts, QHearts, 6Hearts, 4Hearts, KSpades, QSpades, 6Spades.
P3 HAND: JDiamonds, 6Diamonds, 4Diamonds, 3Diamonds, 6Clubs, 3Clubs, 7Spades, 5Spades, 4Spades, 3Spades.
P2 4Hearts P3 3Clubs P0 2Hearts P1 AHearts 
P1 AClubs P2 QClubs P3 6Clubs P0 2Clubs 
P1 ASpades P2 6Spades P3 7Spades P0 2Spades 
P1 3Hearts P2 6Hearts P3 3Spades P0 JHearts 
P0 5Diamonds P1 KDiamonds P2 QHearts P3 3Diamonds 
P1 5Clubs P2 JClubs P3 4Spades P0 7Clubs 
P0 2Diamonds P1 ADiamonds P2 QSpades P3 4Diamonds 
P1 5Hearts P2 7Hearts P3 6Diamonds P0 QDiamonds 
P0 7Diamonds P1 JSpades P2 KClubs P3 JDiamonds 
P0 4Clubs P1 KHearts P2 KSpades P3 5Spades 
-- /GAME --
P0 HAND: 6Diamonds, AClubs, QClubs, 6Clubs, KHearts, QHearts, 3Hearts, QSpades, 6Spades, 4Spades.
P1 HAND: KDiamonds, JClubs, 3Clubs, 2Clubs, AHearts, 7Hearts, 4Hearts, ASpades, 7Spades, 3Spades.
P2 HAND: ADiamonds, 7Diamonds, JDiamonds, QDiamonds, 7Clubs, KClubs, 5Clubs, 4Clubs, 6Hearts, 2Spades.
P3 HAND: 5Diamonds, 4Diamonds, 3Diamonds, 2Diamonds, JHearts, 5Hearts, 2Hearts, KSpades, JSpades, 5Spades.
P1 AHearts P2 6Hearts P3 JHearts P0 3Hearts 
P1 ASpades P2 2Spades P3 KSpades P0 4Spades 
P1 3Spades P2 QDiamonds P3 5Spades P0 QSpades 
P0 6Diamonds P1 KDiamonds P2 ADiamonds P3 2Diamonds 
P2 JDiamonds P3 3Diamonds P0 QClubs P1 JClubs 
P1 4Hearts P2 4Clubs P3 2Hearts P0 KHearts 
P2 5Clubs P3 4Diamonds P0 6Clubs P1 2Clubs 
P0 QHearts P1 7Hearts P2 KClubs P3 5Hearts 
P2 7Clubs P3 5Diamonds P0 AClubs P1 3Clubs 
P0 6Spades P1 7Spades P2 7Diamonds P3 JSpades 
-- /GAME --

