-- GAME --
P0 HAND: QDiamonds, KClubs, 6Clubs, 5Clubs, JHearts, QHearts, 4Hearts, KSpades, QSpades, 5Spades.
P1 HAND: ADiamonds, 7Diamonds, 4Diamonds, JClubs, 3Clubs, AHearts, 7Hearts, 3Hearts, JSpades, 2Spades.
P2 HAND: 6Diamonds, 5Diamonds, 3Diamonds, AClubs, KHearts, 6Hearts, 2Hearts, ASpades, 6Spades, 4Spades.
P3 HAND: KDiamonds, JDiamonds, 2Diamonds, 7Clubs, QClubs, 4Clubs, 2Clubs, 5Hearts, 7Spades, 3Spades.
P0 QDiamonds P1 ADiamonds P2 3Diamonds P3 KDiamonds 
P1 AHearts P2 2Hearts P3 5Hearts P0 4Hearts 
P1 2Spades P2 ASpades P3 3Spades P0 KSpades 
P2 4Spades P3 7Spades P0 5Spades P1 JSpades 
P3 2Diamonds P0 QSpades P1 7Diamonds P2 5Diamonds 
P1 3Hearts P2 6Hearts P3 2Clubs P0 QHearts 
P3 JDiamonds P0 JHearts P1 4Diamonds P2 6Diamonds 
P3 4Clubs P0 5Clubs P1 3Clubs P2 AClubs 
P2 6Spades P3 QClubs P0 KClubs P1 7Hearts 
P0 6Clubs P1 JClubs P2 KHearts P3 7Clubs 
-- /GAME --
P0 HAND: 7Clubs, KClubs, QClubs, 6Clubs, 5Clubs, QHearts, 7Spades, JSpades, 6Spades, 5Spades.
P1 HAND: ADiamonds, JDiamonds, 6Diamonds, 5Diamonds, AHearts, 5Hearts, 4Hearts, 3Hearts, ASpades, 4Spades.
P2 HAND: 7Diamonds, KDiamonds, 3Diamonds, AClubs, JClubs, 4Clubs, 3Clubs, KHearts, QSpades, 3Spades.
P3 HAND: QDiamonds, 4Diamonds, 2Diamonds, 2Clubs, 7Hearts, JHearts, 6Hearts, 2Hearts, KSpades, 2Spades.
P3 2Diamonds P0 QHearts P1 ADiamonds P2 3Diamonds 
P1 3Hearts P2 KHearts P3 2Hearts P0 7Spades 
P2 3Spades P3 2Spades P0 JSpades P1 ASpades 
P1 4Hearts P2 QSpades P3 6Hearts P0 5Spades 
P3 4Diamonds P0 5Clubs P1 5Diamonds P2 7Diamonds 
P0 6Spades P1 4Spades P2 3Clubs P3 KSpades 
P2 4Clubs P3 2Clubs P0 7Clubs P1 5Hearts 
P0 6Clubs P1 6Diamonds P2 JClubs P3 QDiamonds 
P2 AClubs P3 JHearts P0 QClubs P1 JDiamonds 
P2 KDiamonds P3 7Hearts P0 KClubs P1 AHearts 
-- /GAME --
P0 HAND: ADiamonds, KDiamonds, KClubs, QClubs, AHearts, KHearts, 4Hearts, KSpades, 6Spades, 4Spades.
P1 HAND: 7Diamonds, 4Diamonds, 3Diamonds, 2Clubs, QHearts, 5Hearts, 2Hearts, ASpades, 3Spades, 2Spades.
P2 HAND: QDiamonds, 6Diamonds, AClubs, 5Clubs, 4Clubs, 7Hearts, 7Spades, JSpades, QSpades, 5Spades.
P3 HAND: JDiamonds, 5Diamonds, 2Diamonds, 7Clubs, JClubs, 6Clubs, 3Clubs, JHearts, 6Hearts, 3Hearts.
P2 AClubs P3 3Clubs P0 KClubs P1 2Clubs 
P2 4Clubs P3 6Clubs P0 QClubs P1 2Spades 
P0 ADiamonds P1 3Diamonds P2 QDiamonds P3 2Diamonds 
P0 4Spades P1 ASpades P2 5Spades P3 7Clubs 
P1 3Spades P2 QSpades P3 5Diamonds P0 KSpades 
P0 6Spades P1 4Diamonds P2 JSpades P3 3Hearts 
P3 JDiamonds P0 KDiamonds P1 7Diamonds P2 6Diamonds 
P1 2Hearts P2 7Hearts P3 6Hearts P0 4Hearts 
P2 5Clubs P3 JClubs P0 KHearts P1 5Hearts 
P0 AHearts P1 QHearts P2 7Spades P3 JHearts 
-- /GAME --
P0 HAND: 7Diamonds, JDiamonds, 2Diamonds, JClubs, 4Clubs, QHearts, 5Hearts, 2Hearts, ASpades, KSpades.
P1 HAND: 3Diamonds, KClubs, QClubs, 6Clubs, 3Clubs, AHearts, 7Hearts, 4Hearts, JSpades, 2Spades.
P2 HAND: ADiamonds, QDiamonds, AClubs, 2Clubs, 6Hearts, 3Hearts, QSpades, 6Spades, 5Spades, 4Spades.
P3 HAND: KDiamonds, 6Diamonds, 5Diamonds, 4Diamonds, 7Clubs, 5Clubs, KHearts, JHearts, 7Spades, 3Spades.
P1 AHearts P2 3Hearts P3 KHearts P0 2Hearts 
P1 2Spades P2 4Spades P3 3Spades P0 ASpades 
P0 4Clubs P1 3Clubs P2 AClubs P3 5Clubs 
P2 2Clubs P3 7Clubs P0 JClubs P1 KClubs 
P3 JHearts P0 QHearts P1 7Hearts P2 6Hearts 
P1 4Hearts P2 5Spades P3 4Diamonds P0 5Hearts 
P3 5Diamonds P0 2Diamonds P1 3Diamonds P2 QDiamonds 
P2 6Spades P3 7Spades P0 KSpades P1 JSpades 
P3 6Diamonds P0 JDiamonds P1 6Clubs P2 ADiamonds 
P2 QSpades P3 KDiamonds P0 7Diamonds P1 QClubs 
-- /GAME --
P0 HAND: ADiamonds, QDiamonds, 6Diamonds, 7Clubs, 4Clubs, 4Hearts, ASpades, 7Spades, 6Spades, 3Spades.
P1 HAND: 3Diamonds, AClubs, KClubs, JClubs, QClubs, AHearts, JHearts, 6Hearts, 3Hearts, QSpades.
P2 HAND: 7Diamonds, KDiamonds, 5Diamonds, 6Clubs, 5Clubs, 3Clubs, QHearts, 5Hearts, KSpades, 4Spades.
P3 HAND: JDiamonds, 4Diamonds, 2Diamonds, 2Clubs, 7Hearts, KHearts, 2Hearts, JSpades, 5Spades, 2Spades.
P0 ADiamonds P1 3Diamonds P2 7Diamonds P3 2Diamonds 
P0 4Hearts P1 AHearts P2 5Hearts P3 7Hearts 
P1 AClubs P2 3Clubs P3 2Clubs P0 4Clubs 
P1 3Hearts P2 QHearts P3 KHearts P0 6Diamonds 
P3 2Hearts P0 QDiamonds P1 6Hearts P2 5Diamonds 
P1 QClubs P2 5Clubs P3 4Diamonds P0 7Clubs 
P0 3Spades P1 QSpades P2 4Spades P3 2Spades 
P1 JClubs P2 6Clubs P3 5Spades P0 6Spades 
P0 7Spades P1 JHearts P2 KSpades P3 JSpades 
P0 ASpades P1 KClubs P2 KDiamonds P3 JDiamonds 
-- /GAME --
P0 HAND: 3Diamonds, AClubs, 7Clubs, KClubs, JClubs, 4Clubs, JHearts, QHearts, 4Hearts, 5Spades.
P1 HAND: 7Diamonds, KDiamonds, JDiamonds, 5Clubs, KHearts, 6Hearts, ASpades, KSpades, QSpades, 3Spades.
P2 HAND: ADiamonds, 4Diamonds, 6Clubs, AHearts, 7Hearts, 3Hearts, 2Hearts, 7Spades, 6Spades, 2Spades.
P3 HAND: QDiamonds, 6Diamonds, 5Diamonds, 2Diamonds, QClubs, 3Clubs, 2Clubs, 5Hearts, JSpades, 4Spades.
P1 ASpades P2 2Spades P3 JSpades P0 5Spades 
P1 3Spades P2 6Spades P3 4Spades P0 3Diamonds 
P2 ADiamonds P3 2Diamonds P0 JHearts P1 JDiamonds 
P2 2Hearts P3 5Hearts P0 QHearts P1 KHearts 
P1 6Hearts P2 3Hearts P3 5Diamonds P0 4Hearts 
P1 QSpades P2 7Spades P3 2Clubs P0 4Clubs 
P0 JClubs P1 5Clubs P2 6Clubs P3 3Clubs 
P0 KClubs P1 KDiamonds P2 4Diamonds P3 QClubs 
P0 7Clubs P1 KSpades P2 7Hearts P3 6Diamonds 
P0 AClubs P1 7Diamonds P2 AHearts P3 QDiamonds 
-- /GAME --
P0 HAND: ADiamonds, 4Diamonds, 2Diamonds, JClubs, 4Clubs, 3Clubs, JHearts, JSpades, 5Spades, 3Spades.
P1 HAND: KDiamonds, QDiamonds, 3Diamonds, KClubs, 6Clubs, 5Clubs, AHearts, 5Hearts, 3Hearts, 4Spades.
P2 HAND: 7Clubs, 2Clubs, 7Hearts, 6Hearts, 2Hearts, ASpades, KSpades, QSpades, 6Spades, 2Spades.
P3 HAND: 7Diamonds, JDiamonds, 6Diamonds, 5Diamonds, AClubs, QClubs, KHearts, QHearts, 4Hearts, 7Spades.
P0 JHearts P1 AHearts P2 2Hearts P3 KHearts 
P1 3Hearts P2 6Hearts P3 4Hearts P0 JClubs 
P2 2Clubs P3 AClubs P0 3Clubs P1 KClubs 
P3 QClubs P0 4Clubs P1 5Clubs P2 7Clubs 
P2 2Spades P3 7Spades P0 3Spades P1 4Spades 
P3 QHearts P0 5Spades P1 5Hearts P2 7Hearts 
P2 6Spades P3 5Diamonds P0 JSpades P1 6Clubs 
P3 6Diamonds P0 2Diamonds P1 3Diamonds P2 QSpades 
P3 JDiamonds P0 4Diamonds P1 QDiamonds P2 KSpades 
P3 7Diamonds P0 ADiamonds P1 KDiamonds P2 ASpades 
-- /GAME --

