-- GAME --
P0 HAND: QDiamonds, 4Diamonds, 3Diamonds, 5Clubs, KHearts, 2Hearts, JSpades, 4Spades, 3Spades, 2Spades.
P1 HAND: ADiamonds, JDiamonds, AClubs, 4Clubs, AHearts, JHearts, 5Hearts, 4Hearts, QSpades, 6Spades.
P2 HAND: 6Diamonds, 2Diamonds, 7Clubs, KClubs, QClubs, 3Clubs, 2Clubs, QHearts, ASpades, 7Spades.
P3 HAND: 7Diamonds, KDiamonds, 5Diamonds, JClubs, 6Clubs, 7Hearts, 6Hearts, 3Hearts, KSpades, 5Spades.
P0 5Clubs P1 AClubs P2 2Clubs P3 JClubs 
P1 AHearts P2 QHearts P3 7Hearts P0 2Hearts 
P1 4Clubs P2 3Clubs P3 6Clubs P0 2Spades 
P3 3Hearts P0 KHearts P1 4Hearts P2 ASpades 
P0 JSpades P1 6Spades P2 7Spades P3 5Spades 
P2 QClubs P3 6Hearts P0 4Spades P1 5Hearts 
P2 2Diamonds P3 5Diamonds P0 3Diamonds P1 JDiamonds 
P1 QSpades P2 6Diamonds P3 KSpades P0 3Spades 
P2 KClubs P3 KDiamonds P0 4Diamonds P1 JHearts 
P3 7Diamonds P0 QDiamonds P1 ADiamonds P2 7Clubs 
-- /GAME --
P0 HAND: JDiamonds, 6Clubs, 5Clubs, 3Clubs, 6Hearts, 5Hearts, 3Hearts, 2Hearts, QSpades, 5Spades.
P1 HAND: ADiamonds, 3Diamonds, 7Clubs, JClubs, QClubs, KHearts, ASpades, 7Spades, JSpades, 2Spades.
P2 HAND: 7Diamonds, KDiamonds, QDiamonds, 5Diamonds, AClubs, KClubs, 4Clubs, AHearts, JHearts, 4Spades.
P3 HAND: 6Diamonds, 4Diamonds, 2Diamonds, 2Clubs, 7Hearts, QHearts, 4Hearts, KSpades, 6Spades, 3Spades.
P3 2Diamonds P0 JDiamonds P1 ADiamonds P2 5Diamonds 
P1 ASpades P2 4Spades P3 KSpades P0 5Spades 
P1 2Spades P2 QDiamonds P3 3Spades P0 QSpades 
P0 6Hearts P1 KHearts P2 AHearts P3 4Hearts 
P2 JHearts P3 QHearts P0 5Hearts P1 QClubs 
P1 3Diamonds P2 KDiamonds P3 4Diamonds P0 3Hearts 
P2 4Clubs P3 2Clubs P0 3Clubs P1 JClubs 
P1 JSpades P2 KClubs P3 6Spades P0 2Hearts 
P2 AClubs P3 6Diamonds P0 6Clubs P1 7Clubs 
P2 7Diamonds P3 7Hearts P0 5Clubs P1 7Spades 
-- /GAME --
P0 HAND: 7Diamonds, QDiamonds, AClubs, 7Clubs, KClubs, 6Clubs, 4Clubs, AHearts, 5Hearts, 2Hearts.
P1 HAND: 6Diamonds, 5Diamonds, KHearts, QHearts, JSpades, 6Spades, 5Spades, 4Spades, 3Spades, 2Spades.
P2 HAND: JDiamonds, 4Diamonds, JClubs, QClubs, 3Clubs, 4Hearts, 3Hearts, ASpades, 7Spades, KSpades.
P3 HAND: ADiamonds, KDiamonds, 3Diamonds, 2Diamonds, 5Clubs, 2Clubs, 7Hearts, JHearts, 6Hearts, QSpades.
P2 3Clubs P3 2Clubs P0 AClubs P1 2Spades 
P1 5Diamonds P2 4Diamonds P3 ADiamonds P0 QDiamonds 
P3 2Diamonds P0 7Diamonds P1 6Diamonds P2 JDiamonds 
P0 AHearts P1 QHearts P2 4Hearts P3 6Hearts 
P0 KClubs P1 3Spades P2 QClubs P3 5Clubs 
P1 4Spades P2 KSpades P3 QSpades P0 7Clubs 
P2 3Hearts P3 JHearts P0 2Hearts P1 KHearts 
P1 5Spades P2 7Spades P3 3Diamonds P0 5Hearts 
P2 JClubs P3 KDiamonds P0 6Clubs P1 6Spades 
P1 JSpades P2 ASpades P3 7Hearts P0 4Clubs 
-- /GAME --
P0 HAND: 5Diamonds, 4Diamonds, 7Clubs, JClubs, KHearts, 6Hearts, 7Spades, JSpades, 6Spades, 3Spades.
P1 HAND: 6Diamonds, 2Diamonds, AClubs, KClubs, QClubs, 4Clubs, 5Hearts, 2Hearts, 5Spades, 2Spades.
P2 HAND: KDiamonds, QDiamonds, 3Diamonds, 6Clubs, 2Clubs, 4Hearts, ASpades, KSpades, QSpades, 4Spades.
P3 HAND: ADiamonds, 7Diamonds, JDiamonds, 5Clubs, 3Clubs, AHearts, 7Hearts, JHearts, QHearts, 3Hearts.
P1 AClubs P2 2Clubs P3 5Clubs P0 JClubs 
P1 2Hearts P2 4Hearts P3 AHearts P0 6Hearts 
P3 3Clubs P0 7Clubs P1 4Clubs P2 6Clubs 
P0 3Spades P1 2Spades P2 ASpades P3 JDiamonds 
P3 3Hearts P0 KHearts P1 5Hearts P2 KSpades 
P0 JSpades P1 5Spades P2 4Spades P3 QHearts 
P0 5Diamonds P1 2Diamonds P2 3Diamonds P3 7Diamonds 
P3 JHearts P0 7Spades P1 6Diamonds P2 QDiamonds 
P2 QSpades P3 ADiamonds P0 6Spades P1 KClubs 
P3 7Hearts P0 4Diamonds P1 QClubs P2 KDiamonds 
-- /GAME --
P0 HAND: JDiamonds, 5Diamonds, 3Diamonds, QClubs, AHearts, 7Hearts, QSpades, 5Spades, 4Spades, 2Spades.
P1 HAND: QDiamonds, 6Diamonds, 4Diamonds, JClubs, 2Clubs, KHearts, QHearts, 6Hearts, ASpades, 7Spades.
P2 HAND: ADiamonds, KDiamonds, 2Diamonds, 7Clubs, 5Clubs, 3Hearts, 2Hearts, JSpades, 6Spades, 3Spades.
P3 HAND: 7Diamonds, AClubs, KClubs, 6Clubs, 4Clubs, 3Clubs, JHearts, 5Hearts, 4Hearts, KSpades.
P0 7Hearts P1 6Hearts P2 2Hearts P3 4Hearts 
P0 2Spades P1 ASpades P2 3Spades P3 KSpades 
P1 4Diamonds P2 ADiamonds P3 7Diamonds P0 JDiamonds 
P2 2Diamonds P3 5Hearts P0 5Diamonds P1 QDiamonds 
P1 6Diamonds P2 KDiamonds P3 3Clubs P0 3Diamonds 
P3 JHearts P0 AHearts P1 QHearts P2 3Hearts 
P0 QSpades P1 7Spades P2 6Spades P3 4Clubs 
P3 6Clubs P0 QClubs P1 2Clubs P2 5Clubs 
P0 5Spades P1 JClubs P2 JSpades P3 KClubs 
P3 AClubs P0 4Spades P1 KHearts P2 7Clubs 
-- /GAME --
P0 HAND: 7Diamonds, JDiamonds, 3Diamonds, AClubs, KClubs, 5Clubs, 4Clubs, JHearts, 6Hearts, 5Spades.
P1 HAND: 4Diamonds, 2Diamonds, 3Clubs, 5Hearts, 4Hearts, 2Hearts, ASpades, QSpades, 6Spades, 3Spades.
P2 HAND: KDiamonds, QDiamonds, 6Diamonds, 7Clubs, JClubs, 6Clubs, 2Clubs, 3Hearts, JSpades, 2Spades.
P3 HAND: ADiamonds, 5Diamonds, QClubs, AHearts, 7Hearts, KHearts, QHearts, 7Spades, KSpades, 4Spades.
P3 ADiamonds P0 3Diamonds P1 4Diamonds 
