-- GAME --
P0 HAND: 6Diamonds, 3Diamonds, AClubs, JClubs, 4Clubs, 3Clubs, JHearts, 6Hearts, 5Spades, 3Spades.
P1 HAND: ADiamonds, JDiamonds, 5Diamonds, 4Diamonds, QClubs, 5Clubs, QHearts, 2Hearts, KSpades, JSpades.
P2 HAND: 7Diamonds, KDiamonds, QDiamonds, 7Clubs, 5Hearts, 4Hearts, ASpades, QSpades, 6Spades, 2Spades.
P3 HAND: 2Diamonds, KClubs, 6Clubs, 2Clubs, AHearts, 7Hearts, KHearts, 3Hearts, 7Spades, 4Spades.
P1 ADiamonds P2 QDiamonds P3 2Diamonds P0 3Diamonds 
P1 2Hearts P2 4Hearts P3 AHearts P0 6Hearts 
P3 3Hearts P0 JHearts P1 QHearts P2 5Hearts 
P0 3Spades P1 JSpades P2 ASpades P3 4Spades 
P2 2Spades P3 7Spades P0 5Spades P1 KSpades 
P3 2Clubs P0 JClubs P1 5Clubs P2 7Clubs 
P2 6Spades P3 6Clubs P0 3Clubs P1 JDiamonds 
P3 KClubs P0 4Clubs P1 QClubs P2 QSpades 
P3 KHearts P0 6Diamonds P1 4Diamonds P2 KDiamonds 
P3 7Hearts P0 AClubs P1 5Diamonds P2 7Diamonds 
-- /GAME --
P0 HAND: 7Diamonds, 4Diamonds, 7Clubs, 3Clubs, 7Hearts, QHearts, 3Hearts, 7Spades, QSpades, 2Spades.
P1 HAND: 6Diamonds, 5Diamonds, 2Diamonds, QClubs, 2Clubs, 6Hearts, 5Hearts, 5Spades, 4Spades, 3Spades.
P2 HAND: 3Diamonds, AClubs, KClubs, 5Clubs, AHearts, KHearts, JHearts, 4Hearts, ASpades, KSpades.
P3 HAND: ADiamonds, KDiamonds, JDiamonds, QDiamonds, JClubs, 6Clubs, 4Clubs, 2Hearts, JSpades, 6Spades.
P0 2Spades P1 3Spades P2 ASpades P3 6Spades 
P2 AClubs P3 4Clubs P0 7Clubs P1 2Clubs 
P2 3Diamonds P3 ADiamonds P0 4Diamonds P1 6Diamonds 
P3 6Clubs P0 3Clubs P1 QClubs P2 KClubs 
P2 5Clubs P3 JClubs P0 QHearts P1 2Diamonds 
P0 QSpades P1 4Spades P2 KSpades P3 JSpades 
P2 4Hearts P3 2Hearts P0 3Hearts P1 5Hearts 
P1 5Diamonds P2 JHearts P3 QDiamonds P0 7Diamonds 
P2 KHearts P3 JDiamonds P0 7Hearts P1 6Hearts 
P0 7Spades P1 5Spades P2 AHearts P3 KDiamonds 
-- /GAME --
P0 HAND: ADiamonds, KDiamonds, 6Diamonds, 2Diamonds, KHearts, 4Hearts, 2Hearts, ASpades, 5Spades, 3Spades.
P1 HAND: QDiamonds, 5Diamonds, AClubs, KClubs, 4Clubs, 2Clubs, JHearts, 7Spades, KSpades, JSpades.
P2 HAND: 7Diamonds, 4Diamonds, QClubs, 6Clubs, 3Clubs, AHearts, 6Hearts, 3Hearts, QSpades, 4Spades.
P3 HAND: JDiamonds, 3Diamonds, 7Clubs, JClubs, 5Clubs, 7Hearts, QHearts, 5Hearts, 6Spades, 2Spades.
P3 2Spades P0 ASpades P1 JSpades P2 QSpades 
P0 2Hearts P1 JHearts P2 AHearts P3 5Hearts 
P2 3Clubs P3 5Clubs P0 2Diamonds P1 2Clubs 
P0 3Spades P1 KSpades P2 4Spades P3 6Spades 
P1 4Clubs P2 6Clubs P3 JClubs P0 5Spades 
P3 QHearts P0 KHearts P1 5Diamonds P2 3Hearts 
P1 QDiamonds P2 4Diamonds P3 3Diamonds P0 KDiamonds 
P0 4Hearts P1 KClubs P2 6Hearts P3 7Hearts 
P3 JDiamonds P0 6Diamonds P1 7Spades P2 7Diamonds 
P2 QClubs P3 7Clubs P0 ADiamonds P1 AClubs 
-- /GAME --
P0 HAND: QDiamonds, 5Diamonds, KClubs, JClubs, 4Clubs, 4Hearts, 3Hearts, 6Spades, 5Spades, 3Spades.
P1 HAND: KDiamonds, 2Diamonds, 7Clubs, 7Hearts, 5Hearts, 2Hearts, 7Spades, KSpades, JSpades, 4Spades.
P2 HAND: ADiamonds, 6Diamonds, QClubs, 5Clubs, 3Clubs, KHearts, QHearts, 6Hearts, ASpades, QSpades.
P3 HAND: 7Diamonds, JDiamonds, 4Diamonds, 3Diamonds, AClubs, 6Clubs, 2Clubs, AHearts, JHearts, 2Spades.
P1 2Diamonds P2 ADiamonds P3 3Diamonds P0 QDiamonds 
P2 ASpades P3 2Spades P0 3Spades P1 4Spades 
P2 3Clubs P3 AClubs P0 4Clubs P1 7Clubs 
P3 2Clubs P0 KClubs P1 2Hearts P2 5Clubs 
P1 JSpades P2 QSpades P3 JHearts P0 5Spades 
P3 4Diamonds P0 5Diamonds P1 KDiamonds P2 6Diamonds 
P1 5Hearts P2 6Hearts P3 AHearts P0 3Hearts 
P3 6Clubs P0 JClubs P1 7Hearts P2 QClubs 
P1 KSpades P2 QHearts P3 JDiamonds P0 6Spades 
P2 KHearts P3 7Diamonds P0 4Hearts P1 7Spades 
-- /GAME --
P0 HAND: JDiamonds, 4Diamonds, JClubs, 6Clubs, 2Clubs, JHearts, 5Hearts, 3Hearts, 2Hearts, 3Spades.
P1 HAND: KDiamonds, QDiamonds, AClubs, KClubs, 4Clubs, 3Clubs, QHearts, ASpades, QSpades, 4Spades.
P2 HAND: 7Diamonds, 5Diamonds, 7Clubs, 5Clubs, AHearts, KHearts, 6Hearts, 4Hearts, KSpades, JSpades.
P3 HAND: ADiamonds, 6Diamonds, 3Diamonds, 2Diamonds, QClubs, 7Hearts, 7Spades, 6Spades, 5Spades, 2Spades.
P0 2Clubs P1 AClubs P2 5Clubs P3 QClubs 
P1 3Clubs P2 7Clubs P3 2Spades P0 JClubs 
P3 ADiamonds P0 4Diamonds P1 KDiamonds P2 5Diamonds 
P3 2Diamonds P0 JDiamonds P1 QDiamonds P2 7Diamonds 
P2 AHearts P3 7Hearts P0 JHearts P1 QHearts 
P2 4Hearts P3 3Diamonds P0 5Hearts P1 4Clubs 
P0 2Hearts P1 4Spades P2 6Hearts P3 6Diamonds 
P1 QSpades P2 JSpades P3 7Spades P0 3Spades 
P3 5Spades P0 3Hearts P1 ASpades P2 KSpades 
P1 KClubs P2 KHearts P3 6Spades P0 6Clubs 
-- /GAME --
P0 HAND: 6Diamonds, 2Diamonds, AClubs, 7Clubs, 5Clubs, 4Clubs, 3Clubs, AHearts, 3Hearts, JSpades.
P1 HAND: KDiamonds, JDiamonds, QDiamonds, 4Diamonds, KClubs, QClubs, 6Hearts, 2Hearts, KSpades, 5Spades.
P2 HAND: ADiamonds, 5Diamonds, 6Clubs, JHearts, QHearts, ASpades, QSpades, 6Spades, 4Spades, 2Spades.
P3 HAND: 7Diamonds, 3Diamonds, JClubs, 2Clubs, 7Hearts, KHearts, 5Hearts, 4Hearts, 7Spades, 3Spades.
P3 2Clubs P0 AClubs P1 QClubs P2 6Clubs 
P0 2Diamonds P1 4Diamonds P2 ADiamonds P3 3Diamonds 
P2 2Spades P3 3Spades P0 JSpades P1 KSpades 
P1 5Spades P2 4Spades P3 7Spades P0 6Diamonds 
P3 JClubs P0 7Clubs P1 KClubs P2 ASpades 
P0 3Clubs P1 QDiamonds P2 5Diamonds P3 4Hearts 
P3 5Hearts P0 3Hearts P1 2Hearts P2 QHearts 
P2 6Spades P3 KHearts P0 4Clubs P1 KDiamonds 
P3 7Hearts P0 AHearts P1 6Hearts P2 JHearts 
P0 5Clubs P1 JDiamonds P2 QSpades P3 7Diamonds 
-- /GAME --
P0 HAND: ADiamonds, 3Diamonds, AClubs, 7Clubs, 5Clubs, JHearts, 4Hearts, JSpades, QSpades, 2Spades.
P1 HAND: QDiamonds, 5Diamonds, 2Diamonds, JClubs, 4Clubs, AHearts, QHearts, 5Hearts, 5Spades, 3Spades.
P2 HAND: 7Diamonds, KDiamonds, KClubs, QClubs, 2Clubs, KHearts, 3Hearts, 7Spades, KSpades, 4Spades.
P3 HAND: JDiamonds, 6Diamonds, 4Diamonds, 6Clubs, 3Clubs, 7Hearts, 6Hearts, 2Hearts, ASpades, 6Spades.

