-- GAME --
P0 HAND: JDiamonds, 3Diamonds, 2Diamonds, 7Clubs, KClubs, 3Clubs, JHearts, 3Hearts, ASpades, 4Spades.
P1 HAND: KDiamonds, 6Diamonds, 4Diamonds, JClubs, QClubs, 5Clubs, 2Clubs, QHearts, 5Hearts, 6Spades.
P2 HAND: 7Diamonds, QDiamonds, AClubs, 6Clubs, 4Clubs, 7Hearts, KHearts, 4Hearts, QSpades, 2Spades.
P3 HAND: ADiamonds, 5Diamonds, AHearts, 6Hearts, 2Hearts, 7Spades, KSpades, JSpades, 5Spades, 3Spades.
P0 ASpades P1 6Spades P2 QSpades P3 3Spades 
P0 4Spades P1 2Clubs P2 2Spades P3 7Spades 
P3 AHearts P0 3Hearts P1 QHearts P2 4Hearts 
P3 2Hearts P0 JHearts P1 5Hearts P2 7Hearts 
P2 AClubs P3 5Diamonds P0 3Clubs P1 JClubs 
P3 5Spades P0 2Diamonds P1 5Clubs P2 KHearts 
P0 KClubs P1 QClubs P2 4Clubs P3 ADiamonds 
P3 6Hearts P0 JDiamonds P1 4Diamonds P2 6Clubs 
P0 3Diamonds P1 6Diamonds P2 QDiamonds P3 JSpades 
P2 7Diamonds P3 KSpades P0 7Clubs P1 KDiamonds 
-- /GAME --
P0 HAND: JDiamonds, 6Diamonds, 7Clubs, JClubs, AHearts, 4Hearts, 7Spades, KSpades, 6Spades, 3Spades.
P1 HAND: ADiamonds, KDiamonds, QDiamonds, 4Diamonds, 3Diamonds, 6Hearts, 5Hearts, 5Spades, 4Spades, 2Spades.
P2 HAND: 2Diamonds, AClubs, KClubs, QClubs, 5Clubs, 4Clubs, 2Clubs, JHearts, 2Hearts, JSpades.
P3 HAND: 7Diamonds, 5Diamonds, 6Clubs, 3Clubs, 7Hearts, KHearts, QHearts, 3Hearts, ASpades, QSpades.
P3 ASpades 
