-- GAME --
P0 2Hearts P1 7Hearts 
P3 AClubs P0 4Clubs P1 JClubs P2 7Clubs 
P3 2Diamonds P0 4Diamonds P1 ADiamonds P2 6Diamonds 
P1 2Clubs P2 5Hearts P3 5Clubs P0 KClubs 
P0 KDiamonds P1 3Diamonds P2 6Hearts P3 5Diamonds 
P0 7Diamonds P1 3Spades P2 4Spades P3 JDiamonds 
P2 6Spades P3 2Spades P0 KSpades P1 QSpades 
P0 5Spades P1 3Clubs P2 7Spades P3 JSpades 
P2 ASpades P3 6Clubs P0 QHearts P1 4Hearts 
P2 KHearts P3 QClubs P0 QDiamonds P1 JHearts 
-- /GAME --
P0 HAND: QDiamonds, 5Diamonds, 4Clubs, AHearts, QHearts, 5Hearts, 3Hearts, 2Hearts, 6Spades, 4Spades.
P1 HAND: KDiamonds, JDiamonds, JClubs, 2Clubs, 7Hearts, 6Hearts, 4Hearts, JSpades, 3Spades, 2Spades.
P2 HAND: 7Diamonds, 4Diamonds, 3Diamonds, AClubs, 7Clubs, KClubs, QClubs, KHearts, QSpades, 5Spades.
P3 HAND: ADiamonds, 6Diamonds, 2Diamonds, 6Clubs, 5Clubs, 3Clubs, JHearts, ASpades, 7Spades, KSpades.
P1 2Clubs P2 AClubs P3 3Clubs P0 4Clubs 
P2 3Diamonds P3 ADiamonds P0 5Diamonds P1 KDiamonds 
P3 ASpades P0 4Spades P1 JSpades P2 5Spades 
P3 2Diamonds P0 QDiamonds P1 JDiamonds P2 7Diamonds 
P2 4Diamonds P3 6Diamonds P0 2Hearts P1 2Spades 
P0 3Hearts P1 4Hearts P2 KHearts P3 JHearts 
P2 QClubs P3 5Clubs P0 QHearts P1 JClubs 
P0 5Hearts P1 6Hearts P2 QSpades P3 7Spades 
P1 3Spades P2 KClubs P3 KSpades P0 6Spades 
P3 6Clubs P0 AHearts P1 7Hearts P2 7Clubs 
-- /GAME --
P0 HAND: ADiamonds, 7Diamonds, KDiamonds, 5Diamonds, 3Diamonds, 2Diamonds, 7Clubs, KClubs, 7Hearts, 2Hearts.
P1 HAND: 6Clubs, 5Clubs, JHearts, 6Hearts, ASpades, 7Spades, JSpades, 5Spades, 4Spades, 3Spades.
P2 HAND: JDiamonds, 4Diamonds, JClubs, 3Clubs, 2Clubs, AHearts, 5Hearts, 3Hearts, QSpades, 2Spades.
P3 HAND: QDiamonds, 6Diamonds, AClubs, QClubs, 4Clubs, KHearts, QHearts, 4Hearts, KSpades, 6Spades.
P0 2Hearts P1 6Hearts P2 AHearts P3 4Hearts 
P2 2Clubs P3 AClubs P0 KClubs P1 6Clubs 
P3 4Clubs P0 7Clubs P1 5Clubs P2 JClubs 
P0 2Diamonds P1 3Spades P2 4Diamonds P3 QDiamonds 
P1 JHearts P2 3Hearts P3 QHearts P0 7Hearts 
P0 3Diamonds P1 4Spades P2 JDiamonds P3 6Diamonds 
P1 5Spades P2 2Spades P3 6Spades P0 5Diamonds 
P3 QClubs P0 KDiamonds P1 JSpades P2 3Clubs 
P1 7Spades P2 QSpades P3 KSpades P0 ADiamonds 
P1 ASpades P2 5Hearts P3 KHearts P0 7Diamonds 
-- /GAME --

