-- GAME --
P0 HAND: ADiamonds, KDiamonds, QDiamonds, 4Diamonds, 3Diamonds, 7Clubs, 4Clubs, JSpades, QSpades, 3Spades.
P1 HAND: JDiamonds, 2Diamonds, 6Clubs, 3Clubs, 2Clubs, 7Hearts, KHearts, 6Hearts, 3Hearts, 6Spades.
P2 HAND: 7Diamonds, AClubs, KClubs, QHearts, 2Hearts, ASpades, 7Spades, KSpades, 4Spades, 2Spades.
P3 HAND: 6Diamonds, 5Diamonds, JClubs, QClubs, 5Clubs, AHearts, JHearts, 5Hearts, 4Hearts, 5Spades.
P2 AClubs P3 5Clubs P0 4Clubs P1 2Clubs 
P2 2Hearts P3 AHearts P0 4Diamonds P1 3Hearts 
P0 3Diamonds P1 2Diamonds P2 7Diamonds P3 5Diamonds 
P2 2Spades P3 5Spades P0 3Spades P1 6Spades 
P1 3Clubs P2 KClubs P3 QClubs P0 7Clubs 
P0 KDiamonds P1 JDiamonds P2 4Spades P3 6Diamonds 
P0 QDiamonds P1 6Clubs P2 QHearts P3 4Hearts 
P0 QSpades P1 6Hearts P2 KSpades P3 5Hearts 
P2 7Spades P3 JClubs P0 JSpades P1 KHearts 
P2 ASpades P3 JHearts P0 ADiamonds P1 7Hearts 
-- /GAME --
P0 HAND: KDiamonds, JDiamonds, 4Diamonds, KClubs, 4Clubs, 2Clubs, KHearts, 6Hearts, KSpades, JSpades.
P1 HAND: 5Diamonds, 3Diamonds, 2Diamonds, JClubs, 5Clubs, 3Hearts, 7Spades, 6Spades, 3Spades, 2Spades.
P2 HAND: ADiamonds, 7Diamonds, QDiamonds, 6Clubs, AHearts, 7Hearts, QHearts, 5Hearts, 2Hearts, QSpades.
P3 HAND: 6Diamonds, AClubs, 7Clubs, QClubs, 3Clubs, JHearts, 4Hearts, ASpades, 5Spades, 4Spades.

