-- GAME --
P0 HAND: 2Diamonds, QClubs, 4Clubs, 3Clubs, 2Clubs, AHearts, QHearts, JSpades, QSpades, 3Spades.
P1 HAND: ADiamonds, KDiamonds, JDiamonds, QDiamonds, 5Diamonds, 3Diamonds, 7Clubs, KSpades, 4Spades, 2Spades.
P2 HAND: 6Diamonds, AClubs, KClubs, JClubs, 5Clubs, KHearts, JHearts, 5Hearts, 7Spades, 5Spades.
P3 HAND: 7Diamonds, 4Diamonds, 6Clubs, 7Hearts, 6Hearts, 4Hearts, 3Hearts, 2Hearts, ASpades, 6Spades.
P3 ASpades P0 3Spades P1 KSpades P2 5Spades 
P3 2Hearts P0 AHearts P1 3Diamonds P2 5Hearts 
P1 2Spades P2 7Spades P3 6Spades P0 JSpades 
P2 AClubs P3 6Clubs P0 QClubs P1 7Clubs 
P2 5Clubs P3 3Hearts P0 2Clubs P1 4Spades 
P2 JClubs P3 4Hearts P0 4Clubs P1 5Diamonds 
P1 QDiamonds P2 6Diamonds P3 4Diamonds P0 2Diamonds 
P1 JDiamonds P2 JHearts P3 7Diamonds P0 3Clubs 
P3 6Hearts P0 QHearts P1 KDiamonds P2 KHearts 
P1 ADiamonds P2 KClubs P3 7Hearts P0 QSpades 
-- /GAME --
P0 HAND: 7Diamonds, JDiamonds, 5Diamonds, 2Diamonds, KClubs, 4Clubs, 2Clubs, 7Hearts, 6Hearts, JSpades.
P1 HAND: KDiamonds, QDiamonds, 7Clubs, 3Clubs, KHearts, QHearts, 3Hearts, KSpades, QSpades, 5Spades.
P2 HAND: 3Diamonds, AClubs, JClubs, QClubs, JHearts, 4Hearts, 2Hearts, ASpades, 7Spades, 3Spades.
P3 HAND: ADiamonds, 6Diamonds, 4Diamonds, 6Clubs, 5Clubs, AHearts, 5Hearts, 6Spades, 4Spades, 2Spades.
P2 ASpades P3 2Spades P0 JSpades P1 5Spades 
P2 2Hearts P3 AHearts P0 6Hearts P1 KHearts 
P3 ADiamonds P0 2Diamonds P1 KDiamonds P2 3Diamonds 
P3 4Diamonds P0 7Diamonds P1 QDiamonds P2 7Spades 
P0 7Hearts P1 3Hearts P2 JHearts P3 5Hearts 
P0 JDiamonds P1 QHearts P2 4Hearts P3 6Diamonds 
P0 5Diamonds P1 QSpades P2 3Spades P3 4Spades 
P0 KClubs P1 3Clubs P2 QClubs P3 5Clubs 
P0 4Clubs P1 7Clubs P2 AClubs P3 6Clubs 
P2 JClubs P3 6Spades P0 2Clubs P1 KSpades 
-- /GAME --
P0 HAND: QDiamonds, 3Diamonds, 2Diamonds, JClubs, 6Hearts, 7Spades, QSpades, 6Spades, 3Spades, 2Spades.
P1 HAND: 4Diamonds, QClubs, 6Clubs, 3Clubs, AHearts, KHearts, JHearts, 4Hearts, KSpades, JSpades.
P2 HAND: ADiamonds, 7Diamonds, 5Diamonds, AClubs, KClubs, 5Clubs, QHearts, 3Hearts, ASpades, 4Spades.
P3 HAND: KDiamonds, JDiamonds, 6Diamonds, 7Clubs, 4Clubs, 2Clubs, 7Hearts, 5Hearts, 2Hearts, 5Spades.
P1 AHearts P2 3Hearts P3 7Hearts P0 6Hearts 
P1 3Clubs P2 AClubs P3 2Clubs P0 JClubs 
P2 ADiamonds P3 6Diamonds P0 QDiamonds P1 4Diamonds 
P2 5Diamonds P3 JDiamonds P0 2Diamonds P1 KHearts 
P3 2Hearts P0 3Diamonds P1 JHearts P2 QHearts 
P1 4Hearts P2 5Clubs P3 5Hearts P0 2Spades 
P0 3Spades P1 JSpades P2 4Spades P3 5Spades 
P1 6Clubs P2 KClubs P3 4Clubs P0 7Spades 
P0 6Spades P1 KSpades P2 ASpades P3 KDiamonds 
P2 7Diamonds P3 7Clubs P0 QSpades P1 QClubs 
-- /GAME --
P0 HAND: ADiamonds, JDiamonds, 4Diamonds, JClubs, QClubs, 6Clubs, 2Clubs, AHearts, 5Hearts, ASpades.
P1 HAND: KDiamonds, QDiamonds, 5Diamonds, 2Diamonds, KClubs, 3Clubs, QHearts, 6Hearts, 3Hearts, 6Spades.
P2 HAND: 6Diamonds, 5Clubs, 4Clubs, JHearts, 4Hearts, 2Hearts, QSpades, 4Spades, 3Spades, 2Spades.
P3 HAND: 7Diamonds, 3Diamonds, AClubs, 7Clubs, 7Hearts, KHearts, 7Spades, KSpades, JSpades, 5Spades.
P0 ADiamonds P1 2Diamonds P2 6Diamonds P3 3Diamonds 
P0 AHearts P1 3Hearts P2 JHearts P3 KHearts 
P0 JClubs P1 3Clubs P2 4Clubs P3 AClubs 
P3 5Spades P0 ASpades P1 6Spades P2 2Spades 
P0 QClubs P1 KClubs P2 5Clubs P3 7Clubs 
P3 JSpades P0 JDiamonds P1 5Diamonds P2 3Spades 
P3 KSpades P0 4Diamonds P1 6Hearts P2 4Spades 
P3 7Spades P0 6Clubs P1 QDiamonds P2 QSpades 
P3 7Diamonds P0 5Hearts P1 KDiamonds P2 2Hearts 
P3 7Hearts P0 2Clubs P1 QHearts P2 4Hearts 
-- /GAME --
P0 HAND: 5Diamonds, 4Diamonds, 2Diamonds, 4Clubs, 7Hearts, 5Hearts, 3Hearts, 7Spades, QSpades, 2Spades.
P1 HAND: ADiamonds, KDiamonds, JDiamonds, 3Diamonds, 6Clubs, 2Clubs, JHearts, QHearts, 2Hearts, JSpades.
P2 HAND: 7Diamonds, QDiamonds, 7Clubs, QClubs, 5Clubs, 3Clubs, 6Hearts, 4Hearts, ASpades, 3Spades.
P3 HAND: 6Diamonds, AClubs, KClubs, JClubs, AHearts, KHearts, KSpades, 6Spades, 5Spades, 4Spades.
P3 AClubs P0 4Clubs P1 6Clubs P2 3Clubs 
P3 AHearts P0 3Hearts P1 JHearts P2 4Hearts 
P3 4Spades P0 7Spades P1 JSpades P2 ASpades 
P2 3Spades P3 5Spades P0 2Spades P1 QHearts 
P3 6Spades P0 QSpades P1 2Clubs P2 7Clubs 
P0 7Hearts P1 2Hearts P2 6Hearts P3 KHearts 
P0 5Hearts P1 3Diamonds P2 5Clubs P3 KClubs 
P1 JDiamonds P2 QDiamonds P3 6Diamonds P0 2Diamonds 
P1 KDiamonds P2 7Diamonds P3 JClubs P0 4Diamonds 
P2 QClubs P3 KSpades P0 5Diamonds P1 ADiamonds 
-- /GAME --
P0 HAND: JDiamonds, 2Diamonds, AClubs, QClubs, 5Hearts, 4Hearts, 3Hearts, ASpades, 7Spades, 5Spades.
P1 HAND: ADiamonds, 7Diamonds, 6Diamonds, 3Diamonds, 7Clubs, 6Clubs, 3Clubs, JHearts, KSpades, JSpades.
P2 HAND: KDiamonds, QDiamonds, 5Diamonds, 4Diamonds, JClubs, AHearts, KHearts, 2Hearts, 6Spades, 2Spades.
P3 HAND: KClubs, 5Clubs, 4Clubs, 2Clubs, 7Hearts, QHearts, 6Hearts, QSpades, 4Spades, 3Spades.
P2 AHearts P3 6Hearts P0 5Hearts P1 JHearts 
P2 2Hearts P3 QHearts P0 4Hearts P1 ADiamonds 
P3 3Spades P0 ASpades P1 JSpades P2 6Spades 
P0 7Spades P1 KSpades P2 2Spades P3 4Spades 
P0 JDiamonds P1 7Diamonds P2 4Diamonds P3 7Hearts 
P1 3Diamonds P2 5Diamonds P3 QSpades P0 2Diamonds 
P2 QDiamonds P3 2Clubs P0 QClubs P1 6Diamonds 
P0 3Hearts P1 3Clubs P2 KHearts P3 4Clubs 
P3 5Clubs P0 AClubs P1 6Clubs P2 JClubs 
P0 5Spades P1 7Clubs P2 KDiamonds P3 KClubs 
-- /GAME --

