-- GAME --
P0 HAND: JDiamonds, 5Diamonds, 3Diamonds, 2Diamonds, 7Clubs, 4Clubs, 3Clubs, AHearts, KHearts, 5Spades.
P1 HAND: AClubs, 7Hearts, QHearts, 6Hearts, 4Hearts, ASpades, QSpades, 6Spades, 4Spades, 3Spades.
P2 HAND: QDiamonds, 6Diamonds, 4Diamonds, KClubs, JClubs, QClubs, JHearts, 2Hearts, 7Spades, 2Spades.
P3 HAND: ADiamonds, 7Diamonds, KDiamonds, 6Clubs, 5Clubs, 2Clubs, 5Hearts, 3Hearts, KSpades, JSpades.
P2 2Spades P3 JSpades P0 5Spades P1 ASpades 
P1 AClubs P2 QClubs P3 6Clubs P0 3Clubs 
P1 3Spades P2 7Spades P3 KSpades P0 7Clubs 
P2 4Diamonds P3 ADiamonds P0 2Diamonds P1 QSpades 
P3 2Clubs P0 4Clubs P1 4Spades P2 KClubs 
P2 6Diamonds P3 7Diamonds P0 3Diamonds P1 6Spades 
P3 5Clubs P0 JDiamonds P1 4Hearts P2 JClubs 
P1 6Hearts P2 2Hearts P3 3Hearts P0 KHearts 
P0 5Diamonds P1 QHearts P2 QDiamonds P3 KDiamonds 
P1 7Hearts P2 JHearts P3 5Hearts P0 AHearts 
-- /GAME --
P0 HAND: 7Diamonds, QDiamonds, 2Diamonds, KClubs, JHearts, ASpades, 7Spades, 5Spades, 3Spades, 2Spades.
P1 HAND: KDiamonds, 5Diamonds, 6Clubs, 4Clubs, 2Clubs, AHearts, 6Hearts, 2Hearts, JSpades, 6Spades.
P2 HAND: JDiamonds, 6Diamonds, 3Diamonds, 7Clubs, 5Clubs, KHearts, QHearts, 5Hearts, 3Hearts, KSpades.
P3 HAND: ADiamonds, 4Diamonds, AClubs, JClubs, QClubs, 3Clubs, 7Hearts, 4Hearts, QSpades, 4Spades.
P1 2Clubs P2 5Clubs P3 AClubs P0 KClubs 
P3 ADiamonds P0 2Diamonds P1 KDiamonds P2 3Diamonds 
P3 3Clubs P0 ASpades P1 4Clubs P2 7Clubs 
P2 6Diamonds P3 4Diamonds P0 7Diamonds P1 5Diamonds 
P0 7Spades P1 6Spades P2 KSpades P3 4Spades 
P0 5Spades P1 JSpades P2 3Hearts P3 QSpades 
P2 JDiamonds P3 QClubs P0 QDiamonds P1 2Hearts 
P1 6Clubs P2 5Hearts P3 JClubs P0 JHearts 
P0 3Spades P1 6Hearts P2 QHearts P3 4Hearts 
P2 KHearts P3 7Hearts P0 2Spades P1 AHearts 
-- /GAME --
P0 HAND: KDiamonds, QDiamonds, 5Diamonds, JClubs, QClubs, 4Clubs, KHearts, 5Hearts, 2Hearts, 2Spades.
P1 HAND: 6Diamonds, 4Diamonds, 7Clubs, KClubs, 6Clubs, 2Clubs, 7Hearts, 4Hearts, KSpades, JSpades.
P2 HAND: 2Diamonds, AClubs, 5Clubs, AHearts, JHearts, QHearts, 3Hearts, 5Spades, 4Spades, 3Spades.
P3 HAND: ADiamonds, 7Diamonds, JDiamonds, 3Diamonds, 3Clubs, 6Hearts, ASpades, 7Spades, QSpades, 6Spades.
P0 2Spades P1 JSpades P2 3Spades P3 ASpades 
P3 3Clubs P0 4Clubs P1 2Clubs P2 AClubs 
P2 AHearts P3 6Hearts P0 KHearts P1 4Hearts 
P2 3Hearts P3 6Spades P0 2Hearts P1 7Hearts 
P1 6Clubs P2 5Clubs P3 QSpades P0 JClubs 
P0 5Hearts P1 4Diamonds P2 QHearts P3 7Spades 
P1 6Diamonds P2 2Diamonds P3 3Diamonds P0 5Diamonds 
P1 KClubs P2 4Spades P3 JDiamonds P0 QClubs 
P3 7Diamonds P0 QDiamonds P1 KSpades P2 5Spades 
P3 ADiamonds P0 KDiamonds P1 7Clubs P2 JHearts 
-- /GAME --
P0 HAND: ADiamonds, KDiamonds, JDiamonds, 3Diamonds, AClubs, 7Clubs, QClubs, 5Clubs, 4Hearts, 2Hearts.
P1 HAND: QDiamonds, 6Diamonds, 6Clubs, 2Clubs, AHearts, KHearts, JSpades, QSpades, 5Spades, 2Spades.
P2 HAND: 4Diamonds, KClubs, 4Clubs, 6Hearts, 5Hearts, ASpades, KSpades, 6Spades, 4Spades, 3Spades.
P3 HAND: 7Diamonds, 5Diamonds, 2Diamonds, JClubs, 3Clubs, 7Hearts, JHearts, QHearts, 3Hearts, 7Spades.
P3 2Diamonds P0 ADiamonds P1 6Diamonds P2 4Diamonds 
P0 AClubs P1 2Clubs P2 KClubs P3 3Clubs 
P0 4Hearts P1 AHearts P2 5Hearts P3 7Hearts 
P1 6Clubs P2 4Clubs P3 JClubs P0 7Clubs 
P0 2Hearts P1 KHearts P2 6Hearts P3 JHearts 
P1 QDiamonds P2 3Spades P3 5Diamonds P0 KDiamonds 
P2 4Spades 
