-- GAME --
P0 HAND: QDiamonds, 4Diamonds, 2Diamonds, QClubs, 5Clubs, 4Clubs, AHearts, KHearts, ASpades, 4Spades.
P1 HAND: 7Diamonds, KDiamonds, 5Diamonds, 7Clubs, 3Clubs, 7Hearts, JHearts, 3Hearts, KSpades, JSpades.
P2 HAND: ADiamonds, 6Clubs, 2Clubs, QHearts, 4Hearts, 7Spades, QSpades, 6Spades, 3Spades, 2Spades.
P3 HAND: JDiamonds, 6Diamonds, 3Diamonds, AClubs, KClubs, JClubs, 6Hearts, 5Hearts, 2Hearts, 5Spades.
P2 ADiamonds P3 3Diamonds P0 QDiamonds P1 5Diamonds 
P2 2Spades P3 5Spades P0 ASpades P1 JSpades 
P0 4Spades P1 KSpades P2 3Spades P3 JDiamonds 
P1 3Hearts P2 4Hearts P3 2Hearts P0 KHearts 
P0 AHearts P1 JHearts P2 QHearts P3 5Hearts 
P0 4Clubs P1 3Clubs P2 2Clubs P3 JClubs 
P3 6Diamonds P0 2Diamonds P1 KDiamonds P2 6Spades 
P1 7Clubs P2 6Clubs P3 KClubs P0 5Clubs 
P1 7Diamonds P2 QSpades P3 AClubs P0 4Diamonds 
P3 6Hearts P0 QClubs P1 7Hearts P2 7Spades 
-- /GAME --
P0 HAND: 6Diamonds, 4Diamonds, KClubs, AHearts, 7Hearts, 3Hearts, ASpades, QSpades, 6Spades, 5Spades.
P1 HAND: KDiamonds, AClubs, JClubs, 4Clubs, JHearts, 5Hearts, 4Hearts, 7Spades, 3Spades, 2Spades.
P2 HAND: ADiamonds, 2Diamonds, 7Clubs, 6Clubs, 5Clubs, 3Clubs, QHearts, 2Hearts, KSpades, JSpades.
P3 HAND: 7Diamonds, JDiamonds, QDiamonds, 5Diamonds, 3Diamonds, QClubs, 2Clubs, KHearts, 6Hearts, 4Spades.
P1 AClubs P2 3Clubs P3 QClubs P0 KClubs 
P1 4Clubs P2 5Clubs P3 2Clubs P0 AHearts 
P2 ADiamonds P3 3Diamonds P0 4Diamonds P1 KDiamonds 
P2 2Diamonds P3 5Diamonds P0 6Diamonds P1 4Hearts 
P0 7Hearts P1 5Hearts P2 QHearts P3 6Hearts 
P0 3Hearts P1 JHearts P2 2Hearts P3 KHearts 
P3 QDiamonds P0 5Spades P1 2Spades P2 7Clubs 
P0 6Spades P1 3Spades P2 JSpades P3 4Spades 
P2 6Clubs P3 JDiamonds P0 QSpades P1 JClubs 
P0 ASpades P1 7Spades P2 KSpades P3 7Diamonds 
-- /GAME --
P0 HAND: 3Diamonds, QClubs, 4Clubs, 2Clubs, JHearts, 5Hearts, ASpades, JSpades, 5Spades, 2Spades.
P1 HAND: 7Diamonds, KDiamonds, AClubs, KClubs, JClubs, 3Clubs, 6Hearts, 4Hearts, 6Spades, 4Spades.
P2 HAND: ADiamonds, JDiamonds, QDiamonds, 4Diamonds, 7Clubs, 6Clubs, AHearts, 7Hearts, 2Hearts, KSpades.
P3 HAND: 6Diamonds, 5Diamonds, 2Diamonds, 5Clubs, KHearts, QHearts, 3Hearts, 7Spades, QSpades, 3Spades.
P0 3Diamonds P1 KDiamonds P2 ADiamonds P3 2Diamonds 
P2 AHearts P3 3Hearts P0 JHearts P1 4Hearts 
P2 2Hearts P3 QHearts P0 5Hearts P1 6Hearts 
P3 5Diamonds P0 2Clubs P1 7Diamonds P2 4Diamonds 
P1 3Clubs P2 6Clubs P3 5Clubs P0 QClubs 
P0 4Clubs P1 JClubs P2 7Clubs P3 3Spades 
P3 6Diamonds P0 2Spades P1 4Spades P2 QDiamonds 
P1 6Spades P2 KSpades P3 QSpades P0 5Spades 
P2 JDiamonds P3 7Spades P0 ASpades P1 KClubs 
P0 JSpades P1 AClubs P2 7Hearts P3 KHearts 
-- /GAME --
P0 HAND: ADiamonds, 7Diamonds, 4Diamonds, 7Clubs, 6Clubs, 5Clubs, 4Clubs, 7Hearts, 2Hearts, 2Spades.
P1 HAND: KDiamonds, QDiamonds, 6Diamonds, KHearts, JHearts, 6Hearts, 3Hearts, ASpades, 6Spades, 4Spades.
P2 HAND: 5Diamonds, 3Diamonds, 2Diamonds, KClubs, JClubs, 5Hearts, 7Spades, QSpades, 5Spades, 3Spades.
P3 HAND: JDiamonds, AClubs, QClubs, 3Clubs, 2Clubs, AHearts, QHearts, 4Hearts, KSpades, JSpades.
P0 2Spades P1 ASpades P2 3Spades P3 KSpades 
P1 3Hearts P2 5Hearts P3 AHearts P0 2Hearts 
P3 4Hearts P0 7Hearts P1 6Hearts P2 7Spades 
P0 ADiamonds P1 6Diamonds P2 5Diamonds P3 JDiamonds 
P0 4Clubs P1 4Spades P2 JClubs P3 2Clubs 
P2 2Diamonds 
