-- GAME --
P0 HAND: 7Diamonds, QDiamonds, 5Diamonds, 6Clubs, 4Clubs, 7Hearts, 2Hearts, 6Spades, 5Spades, 4Spades.
P1 HAND: ADiamonds, KClubs, 2Clubs, KHearts, QHearts, 7Spades, KSpades, JSpades, 3Spades, 2Spades.
P2 HAND: KDiamonds, 3Diamonds, 2Diamonds, AClubs, 7Clubs, QClubs, 3Clubs, AHearts, 5Hearts, QSpades.
P3 HAND: JDiamonds, 6Diamonds, 4Diamonds, JClubs, 5Clubs, JHearts, 6Hearts, 4Hearts, 3Hearts, ASpades.
P0 4Clubs P1 2Clubs P2 AClubs P3 5Clubs 
P2 AHearts P3 3Hearts P0 2Hearts P1 QHearts 
P2 3Clubs P3 JClubs P0 6Clubs P1 KClubs 
P1 2Spades P2 QSpades P3 ASpades P0 4Spades 
P3 4Hearts P0 7Hearts P1 KHearts P2 5Hearts 
P0 5Spades P1 3Spades P2 QClubs P3 6Hearts 
P0 6Spades P1 JSpades P2 2Diamonds P3 4Diamonds 
P3 JHearts P0 QDiamonds P1 ADiamonds P2 7Clubs 
P1 KSpades P2 3Diamonds P3 6Diamonds P0 7Diamonds 
P0 5Diamonds P1 7Spades P2 KDiamonds P3 JDiamonds 
-- /GAME --
P0 HAND: 6Diamonds, 2Diamonds, KClubs, JClubs, QClubs, 4Clubs, AHearts, QHearts, 5Hearts, JSpades.
P1 HAND: ADiamonds, JDiamonds, 4Diamonds, 3Diamonds, 7Clubs, KHearts, 6Spades, 5Spades, 4Spades, 2Spades.
P2 HAND: 7Diamonds, KDiamonds, 6Clubs, 3Clubs, 2Clubs, 4Hearts, 2Hearts, ASpades, 7Spades, QSpades.
P3 HAND: QDiamonds, 5Diamonds, AClubs, 5Clubs, 7Hearts, JHearts, 6Hearts, 3Hearts, KSpades, 3Spades.
P3 AClubs P0 4Clubs P1 7Clubs P2 2Clubs 
P3 3Hearts P0 AHearts P1 KHearts P2 4Hearts 
P0 6Diamonds P1 ADiamonds P2 KDiamonds P3 QDiamonds 
P1 3Diamonds P2 7Diamonds P3 5Diamonds P0 2Diamonds 
P2 2Hearts P3 6Hearts P0 QHearts P1 4Diamonds 
P0 KClubs P1 2Spades P2 3Clubs P3 5Clubs 
P1 JDiamonds P2 6Clubs P3 3Spades P0 JSpades 
P0 QClubs P1 4Spades P2 QSpades P3 KSpades 
P3 JHearts P0 5Hearts P1 5Spades P2 7Spades 
P2 ASpades P3 7Hearts P0 JClubs P1 6Spades 
-- /GAME --
P0 HAND: JDiamonds, 5Diamonds, QClubs, AHearts, 6Hearts, 3Hearts, 2Hearts, ASpades, 7Spades, 4Spades.
P1 HAND: ADiamonds, QDiamonds, 2Diamonds, AClubs, 4Clubs, 2Clubs, 4Hearts, KSpades, QSpades, 3Spades.
P2 HAND: 7Diamonds, 7Clubs, KClubs, JClubs, 6Clubs, 5Clubs, 7Hearts, KHearts, QHearts, 6Spades.
P3 HAND: KDiamonds, 6Diamonds, 4Diamonds, 3Diamonds, 3Clubs, JHearts, 5Hearts, JSpades, 5Spades, 2Spades.
P2 6Spades P3 2Spades P0 ASpades P1 3Spades 
P0 AHearts P1 4Hearts P2 7Hearts P3 5Hearts 
P0 7Spades P1 QSpades P2 7Diamonds P3 5Spades 
P0 4Spades P1 KSpades P2 QHearts P3 JSpades 
P1 ADiamonds P2 5Clubs P3 3Diamonds P0 JDiamonds 
P2 6Clubs P3 3Clubs P0 QClubs P1 2Clubs 
P0 6Hearts P1 2Diamonds P2 KHearts P3 JHearts 
P2 JClubs P3 4Diamonds P0 5Diamonds P1 4Clubs 
P2 KClubs P3 6Diamonds P0 3Hearts P1 AClubs 
P1 QDiamonds P2 7Clubs P3 KDiamonds P0 2Hearts 
-- /GAME --
P0 HAND: ADiamonds, KDiamonds, JDiamonds, 2Diamonds, 4Clubs, QHearts, 5Hearts, 4Hearts, JSpades, 5Spades.
P1 HAND: 7Diamonds, QDiamonds, 5Clubs, KHearts, 6Hearts, 3Hearts, 2Hearts, 7Spades, KSpades, QSpades.
P2 HAND: 5Diamonds, 4Diamonds, KClubs, JClubs, QClubs, 6Clubs, 3Clubs, 7Hearts, JHearts, 2Spades.
P3 HAND: 6Diamonds, 3Diamonds, AClubs, 7Clubs, 2Clubs, AHearts, ASpades, 6Spades, 4Spades, 3Spades.

