-- GAME --
P0 HAND: 6Diamonds, 3Diamonds, 2Diamonds, AClubs, JClubs, 3Clubs, 7Hearts, JHearts, KSpades, JSpades.
P1 HAND: JDiamonds, 5Diamonds, KClubs, 4Clubs, 2Clubs, QHearts, 6Hearts, 5Hearts, 2Hearts, 2Spades.
P2 HAND: KDiamonds, 4Diamonds, 7Clubs, 6Clubs, AHearts, KHearts, QSpades, 6Spades, 5Spades, 4Spades.
P3 HAND: ADiamonds, 7Diamonds, QDiamonds, QClubs, 5Clubs, 4Hearts, 3Hearts, ASpades, 7Spades, 3Spades.
P1 2Clubs P2 6Clubs P3 5Clubs P0 AClubs 
P0 2Diamonds P1 5Diamonds P2 4Diamonds P3 ADiamonds 
P3 ASpades P0 JSpades P1 2Spades P2 4Spades 
P3 3Spades P0 KSpades P1 4Clubs P2 QSpades 
P0 JClubs P1 KClubs P2 7Clubs P3 QClubs 
P2 5Spades P3 7Spades P0 7Hearts P1 JDiamonds 
P0 3Clubs P1 2Hearts P2 6Spades P3 7Diamonds 
P1 5Hearts P2 KHearts P3 3Hearts P0 JHearts 
P2 AHearts P3 4Hearts P0 3Diamonds P1 6Hearts 
P2 KDiamonds P3 QDiamonds P0 6Diamonds P1 QHearts 
-- /GAME --
P0 HAND: ADiamonds, AClubs, 7Clubs, KClubs, QClubs, 5Clubs, 5Hearts, 3Hearts, 2Hearts, JSpades.
P1 HAND: 7Diamonds, QDiamonds, 4Diamonds, 3Diamonds, JClubs, KHearts, QHearts, 6Hearts, QSpades, 3Spades.
P2 HAND: KDiamonds, JDiamonds, 6Diamonds, 5Diamonds, 4Clubs, 3Clubs, ASpades, KSpades, 6Spades, 4Spades.
P3 HAND: 2Diamonds, 6Clubs, 2Clubs, AHearts, 7Hearts, JHearts, 4Hearts, 7Spades, 5Spades, 2Spades.
P0 5Hearts P1 6Hearts P2 3Clubs P3 4Hearts 
P1 3Diamonds P2 5Diamonds P3 2Diamonds P0 ADiamonds 
P0 3Hearts P1 QHearts P2 4Clubs P3 JHearts 
P3 2Clubs P0 AClubs P1 JClubs P2 ASpades 
P0 2Hearts P1 KHearts P2 4Spades P3 7Hearts 
P3 2Spades P0 JSpades P1 3Spades P2 KSpades 
P2 6Diamonds P3 5Spades P0 5Clubs P1 7Diamonds 
P1 4Diamonds P2 JDiamonds P3 6Clubs P0 7Clubs 
P2 6Spades P3 7Spades P0 QClubs P1 QSpades 
P3 AHearts P0 KClubs P1 QDiamonds P2 KDiamonds 
-- /GAME --
P0 HAND: ADiamonds, JDiamonds, QDiamonds, 5Diamonds, KClubs, JClubs, 3Clubs, JHearts, 5Hearts, 2Spades.
P1 HAND: KDiamonds, 4Diamonds, 3Diamonds, QClubs, 4Clubs, 2Clubs, KHearts, 2Hearts, 5Spades, 3Spades.
P2 HAND: 7Diamonds, 6Diamonds, AClubs, 6Clubs, 5Clubs, QHearts, KSpades, QSpades, 6Spades, 4Spades.
P3 HAND: 2Diamonds, 7Clubs, AHearts, 7Hearts, 6Hearts, 4Hearts, 3Hearts, ASpades, 7Spades, JSpades.
P3 3Hearts P0 5Hearts P1 2Hearts P2 QHearts 
P2 AClubs P3 7Clubs P0 KClubs P1 2Clubs 
P2 4Spades P3 ASpades P0 2Spades P1 5Spades 
P3 4Hearts P0 JHearts P1 KHearts P2 6Diamonds 
P2 5Clubs P3 6Hearts P0 JClubs P1 4Clubs 
P0 3Clubs P1 QClubs P2 6Clubs P3 AHearts 
P1 3Spades P2 6Spades P3 7Spades P0 QDiamonds 
P0 5Diamonds P1 3Diamonds P2 7Diamonds P3 2Diamonds 
P2 QSpades P3 JSpades P0 JDiamonds P1 KDiamonds 
P1 4Diamonds P2 KSpades P3 7Hearts P0 ADiamonds 
-- /GAME --
P0 HAND: ADiamonds, 3Diamonds, AClubs, 5Clubs, 7Hearts, JHearts, 6Hearts, 3Hearts, ASpades, JSpades.
P1 HAND: JDiamonds, 6Diamonds, 4Diamonds, 2Diamonds, QClubs, 2Clubs, QSpades, 6Spades, 5Spades, 2Spades.
P2 HAND: 5Diamonds, 7Clubs, 4Clubs, 3Clubs, AHearts, KHearts, QHearts, 5Hearts, KSpades, 4Spades.
P3 HAND: 7Diamonds, KDiamonds, QDiamonds, KClubs, JClubs, 6Clubs, 4Hearts, 2Hearts, 7Spades, 3Spades.
P2 AHearts P3 2Hearts P0 7Hearts P1 2Spades 
P1 2Diamonds P2 5Diamonds P3 QDiamonds P0 ADiamonds 
P0 AClubs P1 2Clubs P2 7Clubs P3 6Clubs 
P0 JHearts P1 4Diamonds P2 KHearts P3 4Hearts 
P2 3Clubs P3 JClubs P0 5Clubs P1 QClubs 
P3 3Spades P0 JSpades P1 5Spades P2 4Spades 
P0 6Hearts P1 6Diamonds P2 5Hearts P3 7Spades 
P3 KDiamonds P0 3Diamonds P1 JDiamonds P2 KSpades 
P2 4Clubs P3 KClubs P0 3Hearts P1 6Spades 
P1 QSpades P2 QHearts P3 7Diamonds P0 ASpades 
-- /GAME --
P0 HAND: 4Diamonds, 7Clubs, JClubs, 5Clubs, KHearts, QHearts, 4Hearts, 2Hearts, 4Spades, 3Spades.
P1 HAND: 7Diamonds, AClubs, QClubs, 6Clubs, 3Clubs, AHearts, JHearts, 6Hearts, 3Hearts, 6Spades.
P2 HAND: ADiamonds, JDiamonds, QDiamonds, 5Diamonds, 2Diamonds, KClubs, 4Clubs, 7Hearts, QSpades, 5Spades.
P3 HAND: KDiamonds, 6Diamonds, 3Diamonds, 2Clubs, 5Hearts, ASpades, 7Spades, KSpades, JSpades, 2Spades.
P1 AClubs P2 4Clubs P3 2Clubs P0 5Clubs 
P1 AHearts P2 7Hearts P3 5Hearts P0 2Hearts 
P1 3Clubs P2 KClubs P3 2Spades P0 7Clubs 
P0 KHearts P1 3Hearts P2 QSpades P3 3Diamonds 
P3 JSpades P0 3Spades P1 6Spades P2 5Spades 
P3 6Diamonds P0 4Diamonds P1 7Diamonds P2 ADiamonds 
P2 2Diamonds P3 KDiamonds P0 4Spades P1 JHearts 
P3 KSpades P0 JClubs P1 6Clubs P2 5Diamonds 
P2 QDiamonds P3 7Spades P0 QHearts P1 6Hearts 
P2 JDiamonds P3 ASpades P0 4Hearts P1 QClubs 
-- /GAME --
P0 HAND: KDiamonds, 2Diamonds, QClubs, 4Clubs, QHearts, 6Hearts, 7Spades, QSpades, 4Spades, 3Spades.
P1 HAND: ADiamonds, 7Diamonds, 6Diamonds, AClubs, 7Clubs, 5Clubs, 2Hearts, ASpades, KSpades, 2Spades.
P2 HAND: JDiamonds, 6Clubs, 2Clubs, AHearts, 7Hearts, KHearts, JHearts, 5Hearts, 4Hearts, 3Hearts.
P3 HAND: QDiamonds, 5Diamonds, 4Diamonds, 3Diamonds, KClubs, JClubs, 3Clubs, JSpades, 6Spades, 5Spades.

