-- GAME --
P0 HAND: 5Diamonds, 2Diamonds, AClubs, KClubs, 4Clubs, 7Hearts, 6Hearts, 2Hearts, JSpades, 5Spades.
P1 HAND: 4Diamonds, 7Clubs, JClubs, KHearts, JHearts, QHearts, 5Hearts, ASpades, QSpades, 3Spades.
P2 HAND: 7Diamonds, JDiamonds, 6Diamonds, 3Diamonds, QClubs, 5Clubs, 3Clubs, 2Clubs, 3Hearts, 2Spades.
P3 HAND: ADiamonds, KDiamonds, QDiamonds, 6Clubs, AHearts, 4Hearts, 7Spades, KSpades, 6Spades, 4Spades.
P1 ASpades P2 2Spades P3 7Spades P0 5Spades 
P1 3Spades P2 3Diamonds P3 KSpades P0 JSpades 
P3 ADiamonds P0 2Diamonds P1 4Diamonds P2 6Diamonds 
P3 AHearts P0 2Hearts P1 KHearts P2 3Hearts 
P3 4Hearts P0 7Hearts P1 5Hearts P2 7Diamonds 
P0 5Diamonds P1 QHearts P2 JDiamonds P3 KDiamonds 
P3 4Spades P0 6Hearts P1 QSpades P2 2Clubs 
P2 3Clubs P3 6Clubs P0 KClubs P1 JClubs 
P0 4Clubs P1 7Clubs P2 5Clubs P3 QDiamonds 
P1 JHearts P2 QClubs P3 6Spades P0 AClubs 
-- /GAME --
P0 HAND: KDiamonds, 6Diamonds, 2Diamonds, 4Clubs, 7Hearts, 2Hearts, QSpades, 6Spades, 5Spades, 4Spades.
P1 HAND: ADiamonds, JDiamonds, QDiamonds, 7Clubs, JClubs, QClubs, 5Clubs, 5Hearts, KSpades, JSpades.
P2 HAND: 7Diamonds, 5Diamonds, 3Diamonds, AClubs, KClubs, KHearts, QHearts, 3Hearts, 3Spades, 2Spades.
P3 HAND: 4Diamonds, 6Clubs, 3Clubs, 2Clubs, AHearts, JHearts, 6Hearts, 4Hearts, ASpades, 7Spades.
P0 4Clubs P1 5Clubs P2 AClubs P3 2Clubs 
P2 2Spades P3 ASpades P0 4Spades P1 KSpades 
P3 3Clubs P0 7Hearts P1 QClubs P2 KClubs 
P0 2Diamonds P1 ADiamonds P2 3Diamonds P3 4Diamonds 
P1 QDiamonds P2 5Diamonds P3 6Clubs P0 KDiamonds 
P0 6Diamonds P1 JDiamonds P2 7Diamonds P3 4Hearts 
P3 6Hearts P0 2Hearts P1 5Hearts P2 3Hearts 
P3 JHearts P0 6Spades P1 JClubs P2 KHearts 
P2 3Spades P3 7Spades P0 5Spades P1 JSpades 
P3 AHearts P0 QSpades P1 7Clubs P2 QHearts 
-- /GAME --
P0 HAND: 7Diamonds, 4Diamonds, 3Diamonds, 3Clubs, 4Hearts, 3Hearts, ASpades, KSpades, 6Spades, 3Spades.
P1 HAND: KDiamonds, 6Diamonds, AClubs, KClubs, JClubs, 6Clubs, 4Clubs, QHearts, 5Hearts, 5Spades.
P2 HAND: ADiamonds, 5Diamonds, 7Clubs, 2Clubs, AHearts, 7Hearts, KHearts, 6Hearts, JSpades, 2Spades.
P3 HAND: JDiamonds, QDiamonds, 2Diamonds, QClubs, 5Clubs, JHearts, 2Hearts, 7Spades, QSpades, 4Spades.
P3 2Diamonds P0 3Diamonds P1 6Diamonds P2 ADiamonds 
P2 AHearts P3 2Hearts P0 3Hearts P1 5Hearts 
P2 2Spades P3 4Spades P0 ASpades P1 5Spades 
P0 4Hearts P1 QHearts P2 6Hearts P3 JHearts 
P3 QDiamonds P0 7Diamonds P1 KDiamonds P2 5Diamonds 
P0 4Diamonds P1 4Clubs P2 2Clubs P3 JDiamonds 
P1 6Clubs P2 7Clubs P3 5Clubs P0 3Clubs 
P2 JSpades P3 QSpades P0 KSpades P1 JClubs 
P1 KClubs P2 KHearts P3 QClubs P0 6Spades 
P1 AClubs P2 7Hearts P3 7Spades P0 3Spades 
-- /GAME --
P0 HAND: 6Diamonds, 2Diamonds, 5Clubs, KHearts, JHearts, 6Hearts, JSpades, 5Spades, 4Spades, 3Spades.
P1 HAND: ADiamonds, 4Diamonds, AClubs, JClubs, 6Clubs, 7Hearts, QHearts, 5Hearts, 4Hearts, 7Spades.
P2 HAND: JDiamonds, QDiamonds, 5Diamonds, 3Diamonds, 7Clubs, KClubs, QClubs, 4Clubs, 2Clubs, 3Hearts.
P3 HAND: 7Diamonds, KDiamonds, 3Clubs, AHearts, 2Hearts, ASpades, KSpades, QSpades, 6Spades, 2Spades.
P2 2Clubs P3 3Clubs P0 5Clubs P1 AClubs 

