-- GAME --
P0 HAND: KDiamonds, 4Diamonds, 2Diamonds, 7Clubs, KClubs, QClubs, 7Spades, KSpades, 6Spades, 4Spades.
P1 HAND: ADiamonds, 7Diamonds, QDiamonds, 6Diamonds, AClubs, AHearts, 7Hearts, 4Hearts, ASpades, 3Spades.
P2 HAND: 6Clubs, 5Clubs, 4Clubs, 3Clubs, 2Clubs, QHearts, 6Hearts, 5Hearts, QSpades, 2Spades.
P3 HAND: JDiamonds, 5Diamonds, 3Diamonds, JClubs, KHearts, JHearts, 3Hearts, 2Hearts, JSpades, 5Spades.
P2 2Clubs P3 JClubs P0 QClubs P1 AClubs 
P1 AHearts P2 5Hearts P3 KHearts P0 KDiamonds 
P0 2Diamonds P1 6Diamonds P2 2Spades P3 3Diamonds 
P1 ASpades P2 QSpades P3 JSpades P0 4Spades 
P1 3Spades P2 3Clubs P3 5Spades P0 6Spades 
P0 4Diamonds P1 QDiamonds P2 4Clubs P3 5Diamonds 
P1 4Hearts P2 6Hearts P3 2Hearts P0 7Spades 
P2 5Clubs P3 3Hearts P0 7Clubs P1 7Diamonds 
P1 ADiamonds P2 6Clubs P3 JDiamonds P0 KClubs 
P1 7Hearts P2 QHearts P3 JHearts P0 KSpades 
-- /GAME --
P0 HAND: 7Diamonds, 2Diamonds, KClubs, JClubs, QClubs, KHearts, 7Spades, KSpades, JSpades, 4Spades.
P1 HAND: JDiamonds, 4Diamonds, AHearts, JHearts, QHearts, 6Hearts, 4Hearts, 3Hearts, 6Spades, 2Spades.
P2 HAND: ADiamonds, KDiamonds, 6Diamonds, 6Clubs, 2Clubs, 7Hearts, 5Hearts, ASpades, QSpades, 3Spades.
P3 HAND: QDiamonds, 5Diamonds, 3Diamonds, AClubs, 7Clubs, 5Clubs, 4Clubs, 3Clubs, 2Hearts, 5Spades.
P1 2Spades P2 ASpades P3 5Spades P0 7Spades 
P2 ADiamonds P3 3Diamonds P0 2Diamonds P1 4Diamonds 
P2 3Spades P3 2Hearts P0 KSpades P1 6Spades 
P0 7Diamonds P1 JDiamonds P2 KDiamonds P3 5Diamonds 
P0 KHearts P1 3Hearts P2 5Hearts P3 QDiamonds 
P0 4Spades P1 4Hearts P2 QSpades P3 3Clubs 
P3 4Clubs P0 QClubs P1 6Hearts P2 2Clubs 
P0 JSpades P1 QHearts P2 6Clubs P3 7Clubs 
P3 5Clubs P0 KClubs P1 JHearts P2 7Hearts 
P0 JClubs P1 AHearts P2 6Diamonds P3 AClubs 
-- /GAME --
P0 HAND: ADiamonds, 7Diamonds, JDiamonds, 3Diamonds, 7Clubs, 4Clubs, 2Clubs, QHearts, 5Hearts, 2Hearts.
P1 HAND: KDiamonds, QDiamonds, 6Diamonds, 5Diamonds, AClubs, JClubs, 7Hearts, 7Spades, KSpades, 2Spades.
P2 HAND: 4Diamonds, 2Diamonds, KHearts, JHearts, 4Hearts, ASpades, QSpades, 5Spades, 4Spades, 3Spades.
P3 HAND: KClubs, QClubs, 6Clubs, 5Clubs, 3Clubs, AHearts, 6Hearts, 3Hearts, JSpades, 6Spades.
P0 ADiamonds P1 5Diamonds P2 4Diamonds P3 3Clubs 
P3 AHearts P0 2Hearts P1 7Hearts P2 4Hearts 
P3 3Hearts P0 5Hearts P1 2Spades P2 KHearts 
P2 2Diamonds P3 6Hearts P0 7Diamonds P1 6Diamonds 
P0 3Diamonds P1 QDiamonds P2 3Spades P3 JSpades 
P1 JClubs P2 4Spades P3 5Clubs P0 7Clubs 
P0 2Clubs P1 AClubs P2 5Spades P3 6Clubs 
P1 KDiamonds P2 QSpades P3 QClubs P0 JDiamonds 
P3 6Spades P0 QHearts P1 KSpades P2 ASpades 
P2 JHearts P3 KClubs P0 4Clubs P1 7Spades 
-- /GAME --
P0 HAND: ADiamonds, 6Diamonds, 4Diamonds, KClubs, QHearts, 6Hearts, 5Hearts, ASpades, 4Spades, 3Spades.
P1 HAND: 7Diamonds, 7Clubs, 3Clubs, KHearts, JHearts, 4Hearts, 2Hearts, KSpades, QSpades, 5Spades.
P2 HAND: JDiamonds, 5Diamonds, 3Diamonds, AClubs, JClubs, QClubs, AHearts, 7Hearts, 7Spades, 6Spades.
P3 HAND: KDiamonds, QDiamonds, 2Diamonds, 6Clubs, 5Clubs, 4Clubs, 2Clubs, 3Hearts, JSpades, 2Spades.
P3 2Diamonds P0 4Diamonds P1 7Diamonds P2 3Diamonds 
P1 2Hearts P2 AHearts P3 3Hearts P0 QHearts 
P2 5Diamonds P3 QDiamonds P0 ADiamonds P1 3Clubs 
P1 4Hearts P2 7Hearts P3 2Clubs P0 5Hearts 
P3 2Spades P0 3Spades P1 5Spades P2 7Spades 
P2 6Spades P3 JSpades P0 ASpades P1 QSpades 
P0 4Spades P1 KSpades P2 QClubs P3 KDiamonds 
P2 JDiamonds P3 4Clubs P0 6Diamonds P1 KHearts 
P3 5Clubs P0 KClubs P1 7Clubs P2 AClubs 
P2 JClubs P3 6Clubs P0 6Hearts P1 JHearts 
-- /GAME --

