-- GAME --
P0 HAND: QDiamonds, 6Diamonds, 5Diamonds, KClubs, QClubs, 4Clubs, 2Clubs, AHearts, 6Hearts, JSpades.
P1 HAND: ADiamonds, 3Diamonds, 2Diamonds, AClubs, 3Clubs, 4Hearts, 5Spades, 4Spades, 3Spades, 2Spades.
P2 HAND: JDiamonds, 4Diamonds, JClubs, 5Clubs, 7Hearts, 5Hearts, 3Hearts, ASpades, 7Spades, QSpades.
P3 HAND: 7Diamonds, KDiamonds, 7Clubs, 6Clubs, KHearts, JHearts, QHearts, 2Hearts, KSpades, 6Spades.
P0 AHearts P1 4Hearts P2 7Hearts P3 2Hearts 
P0 JSpades P1 2Spades P2 ASpades P3 6Spades 
P2 3Hearts P3 QHearts P0 6Hearts P1 ADiamonds 
P3 7Diamonds P0 6Diamonds P1 3Diamonds P2 4Diamonds 
P3 JHearts P0 QDiamonds P1 3Clubs P2 5Hearts 
P1 2Diamonds P2 JDiamonds P3 KDiamonds P0 5Diamonds 
P3 6Clubs P0 2Clubs P1 AClubs P2 5Clubs 
P1 3Spades P2 QSpades P3 KSpades P0 KClubs 
P0 4Clubs P1 4Spades P2 JClubs P3 7Clubs 
P3 KHearts P0 QClubs P1 5Spades P2 7Spades 
-- /GAME --
P0 HAND: ADiamonds, 2Diamonds, 7Clubs, QClubs, 3Clubs, 2Clubs, 2Hearts, JSpades, 5Spades, 3Spades.
P1 HAND: QDiamonds, 6Diamonds, 5Diamonds, AClubs, 4Clubs, AHearts, QHearts, 5Hearts, 4Hearts, 2Spades.
P2 HAND: KDiamonds, JDiamonds, 5Clubs, 7Hearts, KHearts, JHearts, ASpades, 7Spades, KSpades, QSpades.
P3 HAND: 7Diamonds, 4Diamonds, 3Diamonds, KClubs, JClubs, 6Clubs, 6Hearts, 3Hearts, 6Spades, 4Spades.
P3 3Diamonds P0 ADiamonds P1 5Diamonds P2 KDiamonds 
P0 2Hearts P1 4Hearts P2 JHearts P3 3Hearts 
P2 ASpades P3 4Spades P0 JSpades P1 2Spades 
P2 5Clubs P3 6Clubs P0 2Clubs P1 AClubs 
P1 4Clubs P2 QSpades P3 JClubs P0 7Clubs 
P0 3Spades P1 6Diamonds P2 7Spades P3 6Spades 
P2 JDiamonds P3 4Diamonds P0 2Diamonds P1 QDiamonds 
P2 KHearts P3 6Hearts P0 QClubs P1 AHearts 
P1 5Hearts P2 7Hearts P3 KClubs P0 3Clubs 
P2 KSpades P3 7Diamonds P0 5Spades P1 QHearts 
-- /GAME --
P0 HAND: ADiamonds, QDiamonds, 4Diamonds, AClubs, QClubs, 3Clubs, KHearts, JHearts, KSpades, 4Spades.
P1 HAND: 7Diamonds, 6Diamonds, 3Diamonds, 7Hearts, QHearts, 6Hearts, 4Hearts, 3Hearts, ASpades, 2Spades.
P2 HAND: KDiamonds, 5Diamonds, 2Diamonds, JClubs, 6Clubs, 5Clubs, 4Clubs, 2Hearts, QSpades, 5Spades.
P3 HAND: JDiamonds, 7Clubs, KClubs, 2Clubs, AHearts, 5Hearts, 7Spades, JSpades, 6Spades, 3Spades.
P2 2Diamonds P3 JDiamonds P0 ADiamonds P1 3Diamonds 
P0 AClubs P1 3Hearts P2 4Clubs P3 7Clubs 
P1 ASpades P2 5Spades P3 7Spades P0 4Spades 
P1 2Spades P2 QSpades P3 3Spades P0 KSpades 
P0 QDiamonds P1 6Diamonds P2 5Diamonds P3 2Clubs 
P0 4Diamonds P1 7Diamonds P2 KDiamonds P3 KClubs 
P1 4Hearts P2 2Hearts P3 5Hearts P0 KHearts 
P0 QClubs P1 6Hearts P2 5Clubs P3 JSpades 
P1 QHearts P2 6Clubs P3 AHearts P0 JHearts 
P3 6Spades P0 3Clubs P1 7Hearts P2 JClubs 
-- /GAME --
P0 HAND: ADiamonds, 7Diamonds, KClubs, AHearts, 7Hearts, 7Spades, KSpades, JSpades, QSpades, 3Spades.
P1 HAND: 6Diamonds, 3Diamonds, JClubs, 6Clubs, 5Clubs, 2Clubs, JHearts, QHearts, 4Spades, 2Spades.
P2 HAND: JDiamonds, 4Diamonds, 2Diamonds, 7Clubs, QClubs, 4Clubs, 6Hearts, 5Hearts, 4Hearts, 5Spades.
P3 HAND: KDiamonds, QDiamonds, 5Diamonds, AClubs, 3Clubs, KHearts, 3Hearts, 2Hearts, ASpades, 6Spades.
P1 2Clubs P2 4Clubs P3 AClubs P0 KClubs 
P3 ASpades P0 3Spades P1 4Spades P2 5Spades 
P3 2Hearts P0 7Hearts P1 QHearts P2 6Hearts 
P0 AHearts P1 JHearts P2 5Hearts P3 3Hearts 
P0 QSpades P1 2Spades P2 4Hearts P3 6Spades 
P0 JSpades P1 5Clubs P2 QClubs P3 5Diamonds 
P3 3Clubs P0 KSpades P1 6Clubs P2 7Clubs 
P2 2Diamonds P3 QDiamonds P0 7Diamonds P1 3Diamonds 
P0 7Spades P1 6Diamonds P2 JDiamonds P3 KDiamonds 
P3 KHearts P0 ADiamonds P1 JClubs P2 4Diamonds 
-- /GAME --
P0 HAND: JClubs, 6Clubs, 3Clubs, 7Hearts, 5Hearts, 4Hearts, 3Hearts, 6Spades, 5Spades, 3Spades.
P1 HAND: KDiamonds, QDiamonds, 3Diamonds, AClubs, 2Clubs, AHearts, QHearts, 6Hearts, 2Hearts, KSpades.
P2 HAND: 7Diamonds, JDiamonds, 6Diamonds, 5Diamonds, QClubs, 5Clubs, JHearts, QSpades, 4Spades, 2Spades.
P3 HAND: ADiamonds, 4Diamonds, 2Diamonds, 7Clubs, KClubs, 4Clubs, KHearts, ASpades, 7Spades, JSpades.
P0 3Spades P1 KSpades P2 2Spades P3 ASpades 
P3 ADiamonds P0 3Clubs P1 3Diamonds P2 7Diamonds 
P0 5Spades P1 2Hearts P2 4Spades P3 7Spades 
P3 2Diamonds P0 6Spades P1 KDiamonds P2 5Diamonds 
P1 AHearts P2 JHearts P3 KHearts P0 3Hearts 
P1 6Hearts P2 6Diamonds P3 4Diamonds P0 7Hearts 
P0 4Hearts P1 QHearts P2 QSpades P3 JSpades 
P1 QDiamonds P2 JDiamonds P3 4Clubs P0 JClubs 
P0 5Hearts P1 2Clubs P2 5Clubs P3 KClubs 
P3 7Clubs P0 6Clubs P1 AClubs P2 QClubs 
-- /GAME --
P0 HAND: 6Diamonds, JClubs, 2Clubs, AHearts, 7Hearts, 6Hearts, 2Hearts, ASpades, 6Spades, 4Spades.
P1 HAND: 4Diamonds, 3Diamonds, KHearts, JHearts, QHearts, 5Hearts, 7Spades, KSpades, QSpades, 2Spades.
P2 HAND: ADiamonds, 7Diamonds, KDiamonds, 2Diamonds, AClubs, 6Clubs, 5Clubs, 4Clubs, 3Hearts, JSpades.
P3 HAND: JDiamonds, QDiamonds, 5Diamonds, 7Clubs, KClubs, QClubs, 3Clubs, 4Hearts, 5Spades, 3Spades.
P3 3Spades P0 ASpades P1 2Spades P2 JSpades 
P0 AHearts P1 5Hearts P2 3Hearts P3 4Hearts 
P0 6Diamonds P1 3Diamonds P2 ADiamonds P3 5Diamonds 
P2 2Diamonds P3 QDiamonds P0 2Clubs P1 4Diamonds 
P0 4Spades P1 QSpades P2 4Clubs P3 5Spades 
P2 5Clubs P3 3Clubs P0 JClubs P1 QHearts 
P0 6Spades P1 KSpades P2 6Clubs P3 QClubs 
P3 JDiamonds P0 2Hearts P1 JHearts P2 7Diamonds 
P2 AClubs P3 KClubs P0 7Hearts P1 KHearts 
P2 KDiamonds P3 7Clubs P0 6Hearts P1 7Spades 
-- /GAME --

