-- GAME --
P0 HAND: QDiamonds, 6Diamonds, 5Diamonds, 2Diamonds, AClubs, 6Clubs, 5Hearts, 2Hearts, ASpades, 2Spades.
P1 HAND: ADiamonds, JDiamonds, 4Diamonds, QClubs, 2Clubs, AHearts, 6Hearts, 7Spades, 6Spades, 5Spades.
P2 HAND: KDiamonds, JClubs, 5Clubs, 4Clubs, 3Clubs, JHearts, 4Hearts, KSpades, JSpades, 4Spades.
P3 HAND: 7Diamonds, 3Diamonds, 7Clubs, KClubs, 7Hearts, KHearts, QHearts, 3Hearts, QSpades, 3Spades.
P2 3Clubs P3 KClubs P0 AClubs P1 2Clubs 
P0 6Clubs P1 QClubs P2 4Clubs P3 7Clubs 
P3 3Hearts P0 5Hearts P1 AHearts P2 4Hearts 
P1 5Spades P2 4Spades P3 3Spades P0 2Spades 
P1 6Hearts P2 JHearts P3 QHearts P0 2Hearts 
P2 5Clubs P3 QSpades P0 QDiamonds P1 6Spades 
P0 2Diamonds P1 4Diamonds P2 KDiamonds P3 3Diamonds 
P2 JClubs P3 7Diamonds P0 5Diamonds P1 7Spades 
P3 KHearts P0 ASpades P1 JDiamonds P2 JSpades 
P1 ADiamonds P2 KSpades P3 7Hearts P0 6Diamonds 
-- /GAME --
P0 HAND: ADiamonds, JDiamonds, 2Diamonds, KClubs, JClubs, 4Hearts, 3Hearts, 2Hearts, QSpades, 5Spades.
P1 HAND: QDiamonds, 6Diamonds, 4Diamonds, AClubs, 6Clubs, 4Clubs, AHearts, QHearts, 5Hearts, JSpades.
P2 HAND: 7Diamonds, 3Diamonds, 5Clubs, 3Clubs, 2Clubs, 7Hearts, 7Spades, 6Spades, 3Spades, 2Spades.
P3 HAND: KDiamonds, 5Diamonds, 7Clubs, QClubs, KHearts, JHearts, 6Hearts, ASpades, KSpades, 4Spades.
P1 AClubs P2 2Clubs P3 7Clubs P0 JClubs 
P1 AHearts P2 7Hearts P3 KHearts P0 2Hearts 
P1 4Clubs P2 3Clubs P3 QClubs P0 KClubs 
P0 4Hearts P1 5Hearts P2 2Spades P3 JHearts 
P3 ASpades P0 5Spades P1 JSpades P2 3Spades 
P3 4Spades P0 QSpades P1 6Clubs P2 7Spades 
P2 5Clubs P3 6Hearts P0 3Hearts P1 QHearts 
P2 6Spades P3 KSpades P0 JDiamonds P1 4Diamonds 
P0 2Diamonds P1 6Diamonds P2 3Diamonds P3 5Diamonds 
P1 QDiamonds P2 7Diamonds P3 KDiamonds P0 ADiamonds 
-- /GAME --
P0 HAND: ADiamonds, 2Diamonds, 6Clubs, 3Clubs, 6Hearts, 5Hearts, 2Hearts, KSpades, 5Spades, 2Spades.
P1 HAND: 7Diamonds, 3Diamonds, 7Clubs, AHearts, 7Hearts, KHearts, JHearts, QHearts, 7Spades, JSpades.
P2 HAND: JDiamonds, 5Diamonds, 4Diamonds, JClubs, QClubs, 4Clubs, 2Clubs, 3Hearts, 6Spades, 4Spades.
P3 HAND: KDiamonds, QDiamonds, 6Diamonds, AClubs, KClubs, 5Clubs, 4Hearts, ASpades, QSpades, 3Spades.
P0 6Hearts P1 AHearts P2 3Hearts P3 4Hearts 
P1 3Diamonds P2 4Diamonds P3 6Diamonds P0 2Diamonds 
P3 ASpades P0 2Spades P1 7Spades P2 4Spades 
P3 3Spades P0 KSpades P1 JSpades P2 6Spades 
P0 3Clubs P1 7Clubs P2 2Clubs P3 5Clubs 
P1 QHearts P2 5Diamonds P3 QDiamonds P0 2Hearts 
P1 JHearts P2 4Clubs P3 QSpades P0 5Hearts 
P2 JDiamonds P3 KDiamonds P0 ADiamonds P1 7Diamonds 
P0 6Clubs P1 KHearts P2 QClubs P3 KClubs 
P3 AClubs P0 5Spades P1 7Hearts P2 JClubs 
-- /GAME --
P0 HAND: 7Diamonds, QDiamonds, 6Diamonds, AClubs, KClubs, QClubs, 6Clubs, KHearts, ASpades, 2Spades.
P1 HAND: JDiamonds, 4Diamonds, 2Diamonds, JClubs, 4Clubs, 2Clubs, AHearts, 5Spades, 4Spades, 3Spades.
P2 HAND: 3Diamonds, JHearts, 6Hearts, 5Hearts, 4Hearts, 3Hearts, 2Hearts, 7Spades, QSpades, 6Spades.
P3 HAND: ADiamonds, KDiamonds, 5Diamonds, 7Clubs, 5Clubs, 3Clubs, 7Hearts, QHearts, KSpades, JSpades.
P0 6Diamonds P1 2Diamonds P2 3Diamonds P3 5Diamonds 
P0 QDiamonds P1 4Diamonds P2 2Hearts P3 KDiamonds 
P3 3Clubs P0 QClubs P1 2Clubs P2 7Spades 
P0 AClubs P1 4Clubs P2 JHearts P3 5Clubs 
P0 KHearts P1 AHearts P2 3Hearts P3 7Hearts 
P1 3Spades P2 6Spades P3 JSpades P0 2Spades 
P3 QHearts P0 7Diamonds P1 4Spades P2 6Hearts 
P0 ASpades P1 5Spades P2 QSpades P3 KSpades 
P0 KClubs P1 JClubs P2 4Hearts P3 7Clubs 
P3 ADiamonds P0 6Clubs P1 JDiamonds P2 5Hearts 
-- /GAME --
P0 HAND: 3Diamonds, 2Diamonds, AClubs, KClubs, QHearts, 3Hearts, 2Hearts, QSpades, 4Spades, 3Spades.
P1 HAND: KDiamonds, 6Diamonds, QClubs, 4Clubs, 2Clubs, 7Hearts, KHearts, 6Hearts, KSpades, 6Spades.
P2 HAND: JDiamonds, QDiamonds, 5Diamonds, 7Clubs, 6Clubs, 5Clubs, 3Clubs, JHearts, 4Hearts, 7Spades.
P3 HAND: ADiamonds, 7Diamonds, 4Diamonds, JClubs, AHearts, 5Hearts, ASpades, JSpades, 5Spades, 2Spades.
P3 ADiamonds P0 2Diamonds P1 KDiamonds P2 5Diamonds 
P3 AHearts P0 2Hearts P1 7Hearts P2 4Hearts 
P3 4Diamonds P0 3Diamonds P1 6Diamonds P2 JDiamonds 
P2 3Clubs P3 JClubs P0 KClubs P1 2Clubs 
P0 AClubs P1 4Clubs P2 5Clubs P3 2Spades 
P3 5Hearts P0 QHearts P1 KHearts P2 JHearts 
P1 6Hearts P2 6Clubs P3 5Spades P0 3Hearts 
P3 JSpades P0 QSpades P1 6Spades P2 7Spades 
P2 QDiamonds P3 7Diamonds P0 4Spades P1 KSpades 
P1 QClubs P2 7Clubs P3 ASpades P0 3Spades 
-- /GAME --
P0 HAND: 5Diamonds, QClubs, 6Clubs, 3Clubs, 7Hearts, JHearts, 3Hearts, JSpades, QSpades, 2Spades.
P1 HAND: KDiamonds, JDiamonds, QDiamonds, 3Diamonds, 2Diamonds, AClubs, 2Hearts, ASpades, KSpades, 3Spades.
P2 HAND: KClubs, 5Clubs, 4Clubs, 2Clubs, KHearts, 6Hearts, 5Hearts, 7Spades, 6Spades, 5Spades.
P3 HAND: ADiamonds, 7Diamonds, 6Diamonds, 4Diamonds, 7Clubs, JClubs, AHearts, QHearts, 4Hearts, 4Spades.
P2 2Clubs P3 JClubs P0 3Clubs P1 AClubs 
P1 ASpades P2 5Spades P3 4Spades P0 2Spades 
P1 2Hearts P2 5Hearts P3 AHearts P0 3Hearts 
P3 4Hearts P0 7Hearts P1 2Diamonds P2 6Hearts 
P1 3Spades P2 6Spades P3 QHearts P0 JSpades 
P0 JHearts P1 3Diamonds P2 KHearts P3 7Clubs 
P1 QDiamonds P2 4Clubs P3 4Diamonds P0 5Diamonds 
P1 JDiamonds P2 5Clubs P3 6Diamonds P0 QSpades 
P1 KDiamonds P2 KClubs P3 7Diamonds P0 QClubs 
P3 ADiamonds P0 6Clubs P1 KSpades P2 7Spades 
-- /GAME --
P0 HAND: KDiamonds, JDiamonds, AClubs, 6Clubs, JHearts, QHearts, 5Hearts, 7Spades, QSpades, 3Spades.
P1 HAND: 7Diamonds, QDiamonds, JClubs, 3Clubs, 2Clubs, 7Hearts, 4Hearts, KSpades, 5Spades, 4Spades.
P2 HAND: 6Diamonds, 5Diamonds, 3Diamonds, 7Clubs, KClubs, 4Clubs, KHearts, 3Hearts, ASpades, JSpades.
P3 HAND: ADiamonds, 4Diamonds, 2Diamonds, QClubs, 5Clubs, AHearts, 6Hearts, 2Hearts, 6Spades, 2Spades.
P0 AClubs P1 2Clubs P2 7Clubs P3 5Clubs 
P0 6Clubs P1 3Clubs P2 KClubs P3 QClubs 
P2 ASpades P3 2Spades P0 7Spades P1 4Spades 
P2 3Hearts P3 AHearts P0 5Hearts P1 7Hearts 
P3 2Hearts P0 JHearts P1 4Hearts P2 KHearts 
P2 4Clubs P3 6Hearts P0 KDiamonds P1 JClubs 
P0 QHearts P1 5Spades P2 3Diamonds P3 6Spades 
P2 JSpades P3 2Diamonds P0 3Spades P1 KSpades 
P3 4Diamonds P0 JDiamonds P1 QDiamonds P2 5Diamonds 
P0 QSpades P1 7Diamonds P2 6Diamonds P3 ADiamonds 
-- /GAME --
P0 HAND: 3Diamonds, AClubs, 7Clubs, 5Clubs, 2Clubs, 3Hearts, 2Hearts, ASpades, 7Spades, 5Spades.
P1 HAND: KDiamonds, QDiamonds, 5Diamonds, 4Diamonds, 6Clubs, AHearts, JHearts, 6Hearts, 4Hearts, 6Spades.
P2 HAND: ADiamonds, JDiamonds, 6Diamonds, KClubs, 4Clubs, 3Clubs, 7Hearts, KSpades, 4Spades, 2Spades.
P3 HAND: 7Diamonds, 2Diamonds, JClubs, QClubs, KHearts, QHearts, 5Hearts, JSpades, QSpades, 3Spades.
P3 2Diamonds P0 3Diamonds P1 4Diamonds P2 ADiamonds 
P2 3Clubs P3 QClubs P0 AClubs P1 6Clubs 
P0 7Spades P1 6Spades P2 2Spades P3 3Spades 
P0 5Spades P1 4Hearts P2 4Spades P3 QSpades 
P3 5Hearts P0 3Hearts P1 AHearts P2 7Hearts 
P1 5Diamonds P2 6Diamonds P3 7Diamonds P0 ASpades 
P0 2Hearts P1 6Hearts P2 4Clubs P3 KHearts 
P3 QHearts P0 2Clubs P1 JHearts P2 KSpades 
P2 JDiamonds P3 JSpades P0 5Clubs P1 KDiamonds 
P3 JClubs P0 7Clubs P1 QDiamonds P2 KClubs 
-- /GAME --
P0 HAND: 6Diamonds, 4Diamonds, 3Diamonds, 4Clubs, JHearts, 4Hearts, 7Spades, JSpades, 5Spades, 3Spades.
P1 HAND: 7Diamonds, QDiamonds, 2Diamonds, 7Clubs, 6Clubs, 3Clubs, 2Clubs, KHearts, 2Hearts, 4Spades.
P2 HAND: JDiamonds, 5Diamonds, AHearts, 7Hearts, QHearts, 6Hearts, 5Hearts, 3Hearts, ASpades, 6Spades.
P3 HAND: ADiamonds, KDiamonds, AClubs, KClubs, JClubs, QClubs, 5Clubs, KSpades, QSpades, 2Spades.
P2 3Hearts P3 2Spades P0 JHearts P1 KHearts 
P1 2Diamonds P2 5Diamonds P3 ADiamonds P0 3Diamonds 
P3 QSpades P0 3Spades P1 4Spades P2 ASpades 
P2 5Hearts P3 5Clubs P0 4Hearts P1 2Hearts 
P3 QClubs P0 4Clubs P1 2Clubs P2 6Hearts 
P3 JClubs P0 4Diamonds P1 3Clubs P2 6Spades 
P3 KClubs P0 6Diamonds P1 6Clubs P2 QHearts 
P3 AClubs P0 5Spades P1 7Clubs P2 JDiamonds 
P3 KDiamonds P0 JSpades P1 QDiamonds P2 7Hearts 
P3 KSpades P0 7Spades P1 7Diamonds P2 AHearts 
-- /GAME --
P0 HAND: JDiamonds, 3Diamonds, 2Diamonds, JClubs, QClubs, 5Clubs, AHearts, 6Hearts, 3Spades, 2Spades.
P1 HAND: 7Diamonds, QDiamonds, 5Diamonds, KClubs, 2Clubs, QHearts, 3Hearts, 2Hearts, QSpades, 5Spades.
P2 HAND: ADiamonds, 6Clubs, 3Clubs, 7Hearts, JHearts, 5Hearts, 4Hearts, ASpades, JSpades, 6Spades.
P3 HAND: KDiamonds, 6Diamonds, 4Diamonds, AClubs, 7Clubs, 4Clubs, KHearts, 7Spades, KSpades, 4Spades.
P1 2Clubs P2 3Clubs P3 AClubs P0 5Clubs 
P3 4Diamonds P0 JDiamonds P1 5Diamonds P2 ADiamonds 
P2 4Hearts P3 KHearts P0 AHearts P1 2Hearts 
P0 3Diamonds P1 QDiamonds P2 5Hearts P3 KDiamonds 
P3 4Clubs P0 JClubs P1 KClubs P2 6Clubs 
P1 3Hearts P2 JHearts P3 6Diamonds P0 6Hearts 
P2 6Spades P3 4Spades P0 2Spades P1 5Spades 
P2 JSpades P3 KSpades P0 3Spades P1 QSpades 
P3 7Spades P0 2Diamonds P1 QHearts P2 ASpades 
P2 7Hearts P3 7Clubs P0 QClubs P1 7Diamonds 
-- /GAME --
P0 HAND: KDiamonds, QDiamonds, 5Diamonds, 2Diamonds, AClubs, 7Clubs, 6Clubs, KHearts, ASpades, 5Spades.
P1 HAND: ADiamonds, 7Diamonds, 6Diamonds, 4Diamonds, JClubs, 5Clubs, 2Clubs, AHearts, 7Hearts, 4Hearts.
P2 HAND: JDiamonds, 3Diamonds, JHearts, QHearts, 5Hearts, 3Hearts, KSpades, 6Spades, 4Spades, 2Spades.
P3 HAND: KClubs, QClubs, 4Clubs, 3Clubs, 6Hearts, 2Hearts, 7Spades, JSpades, QSpades, 3Spades.
P0 KHearts P1 AHearts P2 3Hearts P3 6Hearts 
P1 ADiamonds P2 3Diamonds P3 7Spades P0 2Diamonds 
P1 4Diamonds P2 JDiamonds P3 2Hearts P0 KDiamonds 
P0 7Clubs P1 2Clubs P2 2Spades P3 3Clubs 
P0 AClubs P1 5Clubs P2 KSpades P3 4Clubs 
P0 6Clubs P1 JClubs P2 4Spades P3 QClubs 
P1 4Hearts P2 5Hearts P3 3Spades P0 5Spades 
P2 6Spades P3 QSpades P0 ASpades P1 6Diamonds 
P0 QDiamonds P1 7Diamonds P2 QHearts P3 JSpades 
P1 7Hearts P2 JHearts P3 KClubs P0 5Diamonds 
-- /GAME --
P0 HAND: KDiamonds, 2Diamonds, AClubs, 7Clubs, JClubs, 4Clubs, AHearts, 4Hearts, 4Spades, 2Spades.
P1 HAND: ADiamonds, 3Diamonds, KClubs, 3Clubs, JHearts, 6Hearts, 5Hearts, 3Hearts, KSpades, 5Spades.
P2 HAND: 7Diamonds, 5Diamonds, 4Diamonds, QClubs, 6Clubs, 5Clubs, KHearts, QHearts, ASpades, 7Spades.
P3 HAND: JDiamonds, QDiamonds, 6Diamonds, 2Clubs, 7Hearts, 2Hearts, JSpades, QSpades, 6Spades, 3Spades.
P3 2Clubs P0 AClubs P1 3Clubs P2 QClubs 
P0 4Spades P1 5Spades P2 ASpades P3 3Spades 
P2 4Diamonds P3 6Diamonds P0 2Diamonds P1 ADiamonds 
P1 3Diamonds P2 5Diamonds P3 QDiamonds P0 KDiamonds 
P0 2Spades P1 KSpades P2 7Spades P3 6Spades 
P2 5Clubs P3 QSpades P0 JClubs P1 KClubs 
P1 3Hearts P2 QHearts P3 2Hearts P0 4Hearts 
P2 6Clubs P3 7Hearts P0 4Clubs P1 5Hearts 
P3 JDiamonds P0 7Clubs P1 6Hearts P2 7Diamonds 
P1 JHearts P2 KHearts P3 JSpades P0 AHearts 
-- /GAME --
P0 HAND: AClubs, 7Clubs, 4Clubs, JHearts, QHearts, 5Hearts, 4Hearts, 3Hearts, 7Spades, 2Spades.
P1 HAND: QDiamonds, 6Diamonds, 5Diamonds, 3Diamonds, KClubs, 7Hearts, 6Hearts, ASpades, JSpades, QSpades.
P2 HAND: ADiamonds, 7Diamonds, JDiamonds, QClubs, 5Clubs, 2Clubs, KHearts, KSpades, 5Spades, 3Spades.
P3 HAND: KDiamonds, 4Diamonds, 2Diamonds, JClubs, 6Clubs, 3Clubs, AHearts, 2Hearts, 6Spades, 4Spades.
P2 ADiamonds P3 2Diamonds P0 AClubs P1 3Diamonds 
P2 2Clubs P3 3Clubs P0 7Clubs P1 KClubs 
P0 4Clubs P1 5Diamonds P2 5Clubs P3 JClubs 
P3 AHearts P0 3Hearts P1 7Hearts P2 KHearts 
P3 2Hearts P0 JHearts P1 6Hearts P2 7Diamonds 
P0 QHearts P1 6Diamonds P2 JDiamonds P3 4Spades 
P3 4Diamonds P0 7Spades P1 QDiamonds P2 QClubs 
P0 5Hearts P1 QSpades P2 3Spades P3 KDiamonds 
P1 JSpades P2 5Spades P3 6Spades P0 2Spades 
P1 ASpades P2 KSpades P3 6Clubs P0 4Hearts 
-- /GAME --
P0 HAND: KDiamonds, 4Diamonds, 2Diamonds, QClubs, 6Hearts, 5Hearts, 4Hearts, 3Hearts, 2Hearts, JSpades.
P1 HAND: ADiamonds, JDiamonds, 6Diamonds, 5Diamonds, KClubs, QHearts, QSpades, 6Spades, 5Spades, 3Spades.
P2 HAND: 7Clubs, 6Clubs, 5Clubs, 4Clubs, 3Clubs, 2Clubs, 7Hearts, KHearts, JHearts, ASpades.
P3 HAND: 7Diamonds, QDiamonds, 3Diamonds, AClubs, JClubs, AHearts, 7Spades, KSpades, 4Spades, 2Spades.
P1 ADiamonds P2 JHearts P3 3Diamonds P0 KDiamonds 
P2 ASpades P3 2Spades P0 JSpades P1 3Spades 
P2 2Clubs P3 AClubs P0 QClubs P1 KClubs 
P3 4Spades P0 2Hearts P1 5Spades P2 7Clubs 
P0 4Diamonds P1 5Diamonds P2 3Clubs P3 7Diamonds 
P3 QDiamonds P0 2Diamonds P1 6Diamonds P2 4Clubs 
P3 JClubs P0 6Hearts P1 6Spades P2 6Clubs 
P0 5Hearts P1 QHearts P2 KHearts P3 AHearts 
P3 KSpades P0 4Hearts P1 QSpades P2 5Clubs 
P0 3Hearts P1 JDiamonds P2 7Hearts P3 7Spades 
-- /GAME --
P0 HAND: ADiamonds, KDiamonds, JDiamonds, 3Diamonds, 4Clubs, 3Clubs, 2Clubs, AHearts, KSpades, 2Spades.
P1 HAND: 7Diamonds, QDiamonds, 6Diamonds, 4Diamonds, KClubs, QClubs, 7Hearts, JHearts, 5Hearts, 3Spades.
P2 HAND: 5Diamonds, 7Clubs, QHearts, 6Hearts, 2Hearts, ASpades, 7Spades, QSpades, 6Spades, 5Spades.
P3 HAND: 2Diamonds, AClubs, JClubs, 6Clubs, 5Clubs, KHearts, 4Hearts, 3Hearts, JSpades, 4Spades.
P0 ADiamonds P1 4Diamonds P2 5Diamonds P3 2Diamonds 

