-- GAME --
P0 ASpades P1 2Spades P2 6Spades P3 3Spades 
P0 6Hearts P1 3Hearts P2 5Hearts P3 AHearts 
P3 2Hearts P0 3Clubs P1 4Hearts P2 JHearts 
P0 5Spades P1 7Spades P2 2Clubs P3 4Spades 
P2 6Diamonds P3 QSpades P0 4Clubs P1 KDiamonds 
P0 JSpades P1 QClubs P2 KClubs P3 7Hearts 
P2 QHearts P3 5Clubs P0 JClubs P1 KHearts 
P0 KSpades P1 AClubs P2 7Clubs P3 6Clubs 
-- /GAME --
P0 HAND: 7Diamonds, 4Diamonds, 3Diamonds, KClubs, QClubs, 4Clubs, 3Clubs, AHearts, 6Hearts, 7Spades.
P1 HAND: ADiamonds, JDiamonds, 2Diamonds, 7Clubs, JClubs, JHearts, QHearts, 4Hearts, 5Spades, 2Spades.
P2 HAND: KDiamonds, 6Diamonds, 5Diamonds, AClubs, 7Hearts, 5Hearts, 2Hearts, ASpades, QSpades, 6Spades.
P3 HAND: QDiamonds, 6Clubs, 5Clubs, 2Clubs, KHearts, 3Hearts, KSpades, JSpades, 4Spades, 3Spades.
P0 AHearts P1 4Hearts P2 7Hearts P3 3Hearts 
P0 3Diamonds P1 ADiamonds P2 5Diamonds P3 QDiamonds 
P1 2Diamonds P2 6Diamonds P3 2Clubs P0 7Diamonds 
P0 3Clubs P1 JClubs P2 AClubs P3 5Clubs 
P2 2Hearts P3 KHearts P0 6Hearts P1 JHearts 
P3 6Clubs P0 4Clubs P1 7Clubs P2 6Spades 
P2 5Hearts P3 3Spades P0 4Diamonds P1 QHearts 
P3 4Spades P0 7Spades P1 2Spades P2 QSpades 
P0 QClubs P1 5Spades P2 ASpades P3 JSpades 
P2 KDiamonds P3 KSpades P0 KClubs P1 JDiamonds 
-- /GAME --
P0 HAND: 6Diamonds, 5Diamonds, 4Diamonds, 2Diamonds, JClubs, 3Clubs, KHearts, 6Hearts, JSpades, 3Spades.
P1 HAND: 7Diamonds, JDiamonds, QDiamonds, JHearts, 7Spades, KSpades, 6Spades, 5Spades, 4Spades, 2Spades.
P2 HAND: AClubs, 7Clubs, KClubs, QClubs, 5Clubs, QHearts, 4Hearts, 3Hearts, 2Hearts, ASpades.
P3 HAND: ADiamonds, KDiamonds, 3Diamonds, 6Clubs, 4Clubs, 2Clubs, AHearts, 7Hearts, 5Hearts, QSpades.
P3 ADiamonds P0 2Diamonds P1 7Diamonds P2 5Clubs 
P2 ASpades P3 QSpades P0 JSpades P1 2Spades 
P2 2Hearts P3 AHearts P0 6Hearts P1 JHearts 
P3 3Diamonds P0 4Diamonds P1 QDiamonds P2 3Hearts 
P1 4Spades P2 4Hearts P3 5Hearts P0 3Spades 
P1 5Spades P2 QHearts P3 2Clubs P0 3Clubs 
P0 5Diamonds P1 JDiamonds P2 QClubs P3 KDiamonds 
P2 KClubs P3 4Clubs P0 JClubs P1 6Spades 
P2 7Clubs P3 6Clubs P0 6Diamonds P1 KSpades 
P2 AClubs P3 7Hearts P0 KHearts P1 7Spades 
-- /GAME --
P0 HAND: 7Clubs, KClubs, QClubs, 6Clubs, 4Clubs, AHearts, 7Hearts, 4Hearts, 2Hearts, QSpades.
P1 HAND: KDiamonds, 3Diamonds, 2Diamonds, KHearts, JHearts, QHearts, 6Hearts, 3Hearts, JSpades, 5Spades.
P2 HAND: 7Diamonds, JDiamonds, 6Diamonds, 4Diamonds, AClubs, 2Clubs, ASpades, KSpades, 3Spades, 2Spades.
P3 HAND: ADiamonds, QDiamonds, 5Diamonds, JClubs, 5Clubs, 3Clubs, 5Hearts, 7Spades, 6Spades, 4Spades.

