-- GAME --
P0 HAND: 7Diamonds, 6Diamonds, 5Diamonds, 4Clubs, 2Clubs, 7Hearts, 3Hearts, 7Spades, KSpades, 2Spades.
P1 HAND: JDiamonds, QDiamonds, 4Diamonds, 2Diamonds, AClubs, 7Clubs, QClubs, 6Clubs, 5Hearts, 5Spades.
P2 HAND: KClubs, JClubs, 5Clubs, 3Clubs, AHearts, KHearts, 2Hearts, ASpades, JSpades, 3Spades.
P3 HAND: ADiamonds, KDiamonds, 3Diamonds, JHearts, QHearts, 6Hearts, 4Hearts, QSpades, 6Spades, 4Spades.
P3 ADiamonds P0 5Diamonds P1 JDiamonds P2 2Hearts 
P2 ASpades P3 4Spades P0 7Spades P1 5Spades 
P2 3Clubs P3 3Diamonds P0 2Clubs P1 AClubs 
P1 2Diamonds P2 3Spades P3 KDiamonds P0 7Diamonds 
P0 4Clubs P1 6Clubs P2 5Clubs P3 QSpades 
P1 4Diamonds P2 KHearts P3 6Spades P0 6Diamonds 
P2 JClubs P3 4Hearts P0 7Hearts P1 QClubs 
P0 2Spades P1 QDiamonds P2 JSpades P3 6Hearts 
P3 QHearts P0 3Hearts P1 5Hearts P2 AHearts 
P2 KClubs P3 JHearts P0 KSpades P1 7Clubs 
-- /GAME --
P0 HAND: ADiamonds, 7Diamonds, 4Diamonds, KClubs, 7Hearts, QHearts, 6Hearts, ASpades, KSpades, 4Spades.
P1 HAND: KDiamonds, JClubs, 4Clubs, 2Clubs, KHearts, 3Hearts, 7Spades, JSpades, 6Spades, 3Spades.
P2 HAND: 6Diamonds, AClubs, QClubs, 6Clubs, 5Clubs, 3Clubs, JHearts, QSpades, 5Spades, 2Spades.
P3 HAND: JDiamonds, QDiamonds, 5Diamonds, 3Diamonds, 2Diamonds, 7Clubs, AHearts, 5Hearts, 4Hearts, 2Hearts.
P2 3Clubs P3 7Clubs P0 KClubs P1 JClubs 
P3 AHearts P0 6Hearts P1 KHearts P2 JHearts 
P3 2Diamonds P0 ADiamonds P1 KDiamonds P2 6Diamonds 
P0 KSpades P1 3Spades P2 2Spades P3 2Hearts 
P0 4Spades P1 6Spades P2 5Spades P3 JDiamonds 
P1 2Clubs P2 5Clubs P3 3Diamonds P0 7Hearts 
P2 6Clubs P3 4Hearts P0 QHearts P1 4Clubs 
P2 QClubs P3 5Diamonds P0 4Diamonds P1 3Hearts 
P2 QSpades P3 5Hearts P0 ASpades P1 JSpades 
P0 7Diamonds P1 7Spades P2 AClubs P3 QDiamonds 
-- /GAME --
P0 HAND: JDiamonds, 4Diamonds, 3Clubs, 2Clubs, 7Hearts, 6Hearts, 5Hearts, 7Spades, QSpades, 2Spades.
P1 HAND: QDiamonds, 6Diamonds, AClubs, KClubs, QClubs, KHearts, 3Hearts, ASpades, JSpades, 3Spades.
P2 HAND: 2Diamonds, 6Clubs, 5Clubs, 4Clubs, JHearts, 4Hearts, 2Hearts, KSpades, 5Spades, 4Spades.
P3 HAND: ADiamonds, 7Diamonds, KDiamonds, 5Diamonds, 3Diamonds, 7Clubs, JClubs, AHearts, QHearts, 6Spades.
P1 AClubs P2 4Clubs 
