-- GAME --
P0 HAND: ADiamonds, 7Diamonds, KDiamonds, JClubs, QClubs, 6Clubs, 5Clubs, ASpades, QSpades, 6Spades.
P1 HAND: JDiamonds, 4Diamonds, 3Diamonds, AClubs, QHearts, 4Hearts, KSpades, JSpades, 5Spades, 2Spades.
P2 HAND: 6Diamonds, 7Clubs, KClubs, 3Clubs, KHearts, 5Hearts, 3Hearts, 2Hearts, 4Spades, 3Spades.
P3 HAND: QDiamonds, 5Diamonds, 2Diamonds, 4Clubs, 2Clubs, AHearts, 7Hearts, JHearts, 6Hearts, 7Spades.
P1 2Spades P2 3Spades P3 7Spades P0 ASpades 
P0 6Clubs P1 AClubs P2 3Clubs P3 2Clubs 
P1 3Diamonds P2 6Diamonds P3 2Diamonds P0 ADiamonds 
P0 5Clubs P1 4Diamonds P2 KClubs P3 4Clubs 
P2 2Hearts P3 AHearts P0 JClubs P1 4Hearts 
P0 7Diamonds P1 JDiamonds P2 KHearts P3 5Diamonds 
P0 KDiamonds P1 5Spades P2 3Hearts P3 QDiamonds 
P0 6Spades P1 JSpades P2 4Spades P3 7Hearts 
P1 QHearts P2 5Hearts P3 6Hearts P0 QClubs 
P0 QSpades P1 KSpades P2 7Clubs P3 JHearts 
-- /GAME --
P0 HAND: ADiamonds, 2Diamonds, 7Clubs, KClubs, 5Clubs, 5Hearts, 4Hearts, 7Spades, 4Spades, 3Spades.
P1 HAND: 7Diamonds, 5Diamonds, AClubs, JClubs, 6Clubs, KHearts, JHearts, QHearts, 6Hearts, QSpades.
P2 HAND: KDiamonds, QDiamonds, 6Diamonds, 3Diamonds, QClubs, AHearts, 3Hearts, ASpades, JSpades, 5Spades.
P3 HAND: JDiamonds, 4Diamonds, 4Clubs, 3Clubs, 2Clubs, 7Hearts, 2Hearts, KSpades, 6Spades, 2Spades.
P0 KClubs P1 6Clubs P2 QClubs P3 2Clubs 
P0 5Clubs P1 JClubs P2 3Diamonds P3 3Clubs 
P1 5Diamonds P2 6Diamonds P3 4Diamonds P0 2Diamonds 
P2 AHearts P3 2Hearts P0 4Hearts P1 6Hearts 
P2 ASpades P3 2Spades P0 3Spades P1 QSpades 
P2 3Hearts P3 7Hearts P0 5Hearts P1 KHearts 
P3 6Spades P0 7Spades P1 AClubs P2 5Spades 
P1 QHearts P2 QDiamonds P3 4Clubs P0 4Spades 
P3 JDiamonds P0 ADiamonds P1 7Diamonds P2 KDiamonds 
P0 7Clubs P1 JHearts P2 JSpades P3 KSpades 
-- /GAME --
P0 HAND: ADiamonds, 2Diamonds, KClubs, JClubs, JHearts, 6Hearts, 4Hearts, 3Hearts, 6Spades, 3Spades.
P1 HAND: 6Diamonds, AClubs, 3Clubs, 2Clubs, AHearts, 7Hearts, 5Hearts, ASpades, 7Spades, 2Spades.
P2 HAND: KDiamonds, QDiamonds, 5Diamonds, 4Diamonds, QClubs, 6Clubs, 4Clubs, KHearts, 5Spades, 4Spades.
P3 HAND: 7Diamonds, JDiamonds, 3Diamonds, 7Clubs, 5Clubs, QHearts, 2Hearts, KSpades, JSpades, QSpades.
P3 2Hearts P0 3Hearts P1 AHearts P2 KHearts 
P1 AClubs P2 4Clubs P3 7Clubs P0 JClubs 
P1 ASpades P2 4Spades P3 KSpades P0 3Spades 
P1 2Clubs P2 6Clubs P3 5Clubs P0 KClubs 
P0 JHearts P1 5Hearts P2 5Spades P3 QHearts 
P0 6Spades P1 2Spades P2 QClubs P3 JSpades 
P3 QSpades P0 4Hearts P1 7Spades P2 4Diamonds 
P2 5Diamonds P3 3Diamonds P0 2Diamonds P1 6Diamonds 
P1 3Clubs P2 QDiamonds P3 JDiamonds P0 6Hearts 
P3 7Diamonds P0 ADiamonds P1 7Hearts P2 KDiamonds 
-- /GAME --
P0 HAND: 5Diamonds, 7Clubs, 6Clubs, 5Clubs, KHearts, QHearts, 5Hearts, 7Spades, 5Spades, 3Spades.
P1 HAND: 3Diamonds, AClubs, KClubs, QClubs, 2Clubs, 4Hearts, 2Hearts, KSpades, 4Spades, 2Spades.
P2 HAND: ADiamonds, 6Diamonds, 2Diamonds, 4Clubs, AHearts, 6Hearts, ASpades, JSpades, QSpades, 6Spades.
P3 HAND: 7Diamonds, KDiamonds, JDiamonds, QDiamonds, 4Diamonds, JClubs, 3Clubs, 7Hearts, JHearts, 3Hearts.
P2 ADiamonds P3 4Diamonds P0 5Diamonds P1 3Diamonds 
P2 AHearts P3 3Hearts P0 KHearts P1 2Hearts 
P2 ASpades P3 3Clubs P0 3Spades P1 KSpades 
P3 QDiamonds P0 5Hearts P1 2Spades P2 2Diamonds 
P3 JDiamonds 
