-- GAME --
P0 JHearts P1 7Clubs 
P1 QDiamonds P2 3Diamonds P3 5Diamonds P0 2Diamonds 
P1 JDiamonds P2 4Diamonds P3 ADiamonds P0 5Hearts 
P3 7Spades P0 7Hearts P1 7Diamonds P2 KDiamonds 
-- /GAME --
P0 HAND: KDiamonds, JDiamonds, QDiamonds, 4Diamonds, AClubs, 6Clubs, 7Hearts, KHearts, 6Spades, 5Spades.
P1 HAND: 7Diamonds, 7Clubs, QClubs, 4Clubs, 6Hearts, 4Hearts, 7Spades, KSpades, JSpades, 3Spades.
P2 HAND: 6Diamonds, 3Diamonds, 2Diamonds, 5Clubs, 3Clubs, AHearts, QHearts, 3Hearts, 2Hearts, ASpades.
P3 HAND: ADiamonds, 5Diamonds, KClubs, JClubs, 2Clubs, JHearts, 5Hearts, QSpades, 4Spades, 2Spades.
P1 3Spades P2 ASpades P3 2Spades P0 6Spades 
P2 AHearts P3 5Hearts P0 KHearts P1 4Hearts 
P2 2Hearts P3 JHearts P0 7Hearts P1 6Hearts 
P0 5Spades P1 JSpades P2 3Clubs P3 QSpades 
P1 4Clubs P2 5Clubs P3 2Clubs P0 6Clubs 
P0 AClubs P1 QClubs P2 QHearts P3 JClubs 
P0 QDiamonds P1 7Diamonds P2 2Diamonds P3 5Diamonds 
P1 KSpades P2 3Hearts P3 4Spades P0 KDiamonds 
P0 4Diamonds P1 7Clubs P2 3Diamonds P3 ADiamonds 
P3 KClubs P0 JDiamonds P1 7Spades P2 6Diamonds 
-- /GAME --
P0 HAND: 7Diamonds, KDiamonds, JDiamonds, 4Diamonds, 7Clubs, KClubs, 5Clubs, 2Clubs, 5Hearts, KSpades.
P1 HAND: ADiamonds, 5Diamonds, 3Diamonds, 2Diamonds, QHearts, 6Hearts, 3Hearts, QSpades, 4Spades, 2Spades.
P2 HAND: QDiamonds, QClubs, 6Clubs, 3Clubs, 7Hearts, JHearts, 4Hearts, 7Spades, JSpades, 6Spades.
P3 HAND: 6Diamonds, AClubs, JClubs, 4Clubs, AHearts, KHearts, 2Hearts, ASpades, 5Spades, 3Spades.
P0 5Hearts P1 3Hearts P2 4Hearts P3 AHearts 
P3 AClubs P0 2Clubs P1 ADiamonds P2 3Clubs 
P3 2Hearts P0 KDiamonds P1 6Hearts P2 7Hearts 
P2 6Clubs P3 4Clubs P0 KClubs P1 2Diamonds 
P0 5Clubs P1 3Diamonds P2 QClubs P3 JClubs 
P3 6Diamonds P0 JDiamonds P1 5Diamonds P2 QDiamonds 
P0 4Diamonds P1 QHearts P2 6Spades P3 3Spades 
P2 JHearts P3 KHearts P0 7Clubs P1 2Spades 
P1 4Spades P2 JSpades P3 5Spades P0 KSpades 
P0 7Diamonds P1 QSpades P2 7Spades P3 ASpades 
-- /GAME --

