-- GAME --
P0 HAND: ADiamonds, 2Diamonds, 7Clubs, 6Clubs, 7Hearts, 6Hearts, 7Spades, KSpades, QSpades, 6Spades.
P1 HAND: KDiamonds, 5Diamonds, 4Diamonds, AClubs, 5Clubs, 4Clubs, 3Clubs, 2Clubs, 4Hearts, 4Spades.
P2 HAND: 7Diamonds, 6Diamonds, 3Diamonds, JClubs, AHearts, 5Hearts, 3Hearts, 2Hearts, ASpades, 2Spades.
P3 HAND: JDiamonds, QDiamonds, KClubs, QClubs, KHearts, JHearts, QHearts, JSpades, 5Spades, 3Spades.
P1 2Clubs P2 JClubs P3 QClubs P0 7Clubs 
P0 6Spades P1 4Spades P2 2Spades P3 3Spades 
P0 QSpades P1 3Clubs P2 ASpades P3 5Spades 
P2 AHearts P3 QHearts P0 6Hearts P1 4Hearts 
P2 2Hearts P3 JHearts P0 7Hearts P1 4Diamonds 
P0 7Spades P1 4Clubs P2 7Diamonds P3 JSpades 
P0 6Clubs P1 5Clubs P2 3Diamonds P3 KClubs 
P3 QDiamonds P0 2Diamonds P1 5Diamonds P2 6Diamonds 
P3 JDiamonds P0 ADiamonds P1 KDiamonds P2 5Hearts 
P0 KSpades P1 AClubs P2 3Hearts P3 KHearts 
-- /GAME --
P0 HAND: ADiamonds, JDiamonds, QDiamonds, AHearts, KHearts, 3Hearts, ASpades, 6Spades, 4Spades, 2Spades.
P1 HAND: 6Diamonds, 7Clubs, KClubs, JClubs, QClubs, 5Clubs, 3Clubs, JHearts, 6Hearts, 3Spades.
P2 HAND: 5Diamonds, 3Diamonds, 6Clubs, 4Clubs, 2Clubs, 7Hearts, QHearts, 7Spades, KSpades, JSpades.
P3 HAND: 7Diamonds, KDiamonds, 4Diamonds, 2Diamonds, AClubs, 5Hearts, 4Hearts, 2Hearts, QSpades, 5Spades.
P0 3Hearts P1 6Hearts P2 QHearts P3 2Hearts 
P2 2Clubs P3 AClubs P0 2Spades P1 3Clubs 
P0 ASpades P1 3Spades P2 JSpades P3 5Spades 
P0 4Spades P1 5Clubs P2 KSpades P3 QSpades 
P2 3Diamonds P3 2Diamonds P0 ADiamonds P1 6Diamonds 
P0 6Spades P1 QClubs P2 7Spades P3 4Diamonds 
P2 4Clubs P3 4Hearts P0 QDiamonds P1 7Clubs 
P1 JClubs P2 6Clubs P3 5Hearts P0 JDiamonds 
P1 JHearts P2 7Hearts P3 KDiamonds P0 AHearts 
P0 KHearts P1 KClubs P2 5Diamonds P3 7Diamonds 
-- /GAME --
P0 HAND: ADiamonds, KDiamonds, JDiamonds, 2Diamonds, 7Clubs, KClubs, 5Clubs, KHearts, 6Hearts, 2Hearts.
P1 HAND: 5Diamonds, 4Diamonds, 3Diamonds, 4Clubs, 2Clubs, 7Hearts, ASpades, 7Spades, KSpades, 5Spades.
P2 HAND: QDiamonds, 6Diamonds, AClubs, JClubs, QClubs, JHearts, QHearts, 5Hearts, QSpades, 3Spades.
P3 HAND: 7Diamonds, 6Clubs, 3Clubs, AHearts, 4Hearts, 3Hearts, JSpades, 6Spades, 4Spades, 2Spades.
P2 AClubs P3 3Clubs P0 5Clubs P1 2Clubs 
P2 5Hearts P3 AHearts P0 2Hearts P1 7Hearts 
P3 3Hearts P0 6Hearts P1 3Diamonds P2 JHearts 
P2 6Diamonds P3 7Diamonds P0 ADiamonds P1 4Diamonds 

