-- GAME --
P0 HAND: 2Diamonds, KClubs, JClubs, 3Clubs, AHearts, 6Hearts, KSpades, 5Spades, 3Spades, 2Spades.
P1 HAND: 7Diamonds, 4Diamonds, 7Clubs, QClubs, 6Clubs, 4Clubs, 7Hearts, 5Hearts, 6Spades, 4Spades.
P2 HAND: KDiamonds, JDiamonds, QDiamonds, 5Clubs, 2Clubs, KHearts, JHearts, 2Hearts, ASpades, JSpades.
P3 HAND: ADiamonds, 6Diamonds, 5Diamonds, 3Diamonds, AClubs, QHearts, 4Hearts, 3Hearts, 7Spades, QSpades.
P2 ASpades P3 QSpades P0 KSpades P1 4Spades 
P2 2Clubs P3 AClubs P0 3Clubs P1 7Clubs 
P3 ADiamonds P0 2Diamonds P1 7Diamonds P2 QDiamonds 
P3 3Diamonds P0 2Spades P1 4Diamonds P2 KDiamonds 
P2 5Clubs P3 5Diamonds P0 KClubs P1 4Clubs 
P0 JClubs P1 6Clubs P2 2Hearts P3 6Diamonds 
P2 JDiamonds P3 3Hearts P0 5Spades P1 QClubs 
P3 4Hearts P0 6Hearts P1 5Hearts P2 JHearts 
P2 JSpades P3 7Spades P0 3Spades P1 6Spades 
P3 QHearts P0 AHearts P1 7Hearts P2 KHearts 
-- /GAME --
P0 HAND: 3Diamonds, 2Diamonds, QClubs, 3Clubs, 2Clubs, 7Hearts, 6Hearts, 4Hearts, 2Hearts, 5Spades.
P1 HAND: JDiamonds, 6Diamonds, 5Diamonds, 4Diamonds, 7Clubs, QHearts, ASpades, 7Spades, KSpades, QSpades.
P2 HAND: ADiamonds, 7Diamonds, JClubs, 5Clubs, 4Clubs, JHearts, 5Hearts, 3Hearts, 6Spades, 4Spades.
P3 HAND: KDiamonds, QDiamonds, AClubs, KClubs, 6Clubs, AHearts, KHearts, JSpades, 3Spades, 2Spades.
P1 ASpades P2 4Spades P3 JSpades P0 5Spades 
P1 4Diamonds P2 ADiamonds P3 QDiamonds P0 3Diamonds 
P2 4Clubs P3 AClubs P0 2Clubs P1 7Clubs 
P3 2Spades P0 QClubs P1 7Spades P2 6Spades 
P1 5Diamonds P2 7Diamonds P3 KDiamonds P0 2Diamonds 
P2 5Clubs P3 6Clubs P0 3Clubs P1 KSpades 
P3 3Spades P0 2Hearts P1 QSpades P2 JClubs 
P0 4Hearts P1 QHearts P2 3Hearts P3 KHearts 
P3 AHearts P0 6Hearts P1 JDiamonds P2 5Hearts 
P3 KClubs P0 7Hearts P1 6Diamonds P2 JHearts 
-- /GAME --
P0 HAND: ADiamonds, 7Diamonds, JDiamonds, 3Clubs, AHearts, 4Hearts, 3Hearts, KSpades, 4Spades, 2Spades.
P1 HAND: 4Diamonds, 2Diamonds, 7Clubs, JClubs, 5Clubs, 4Clubs, 2Clubs, 7Hearts, QHearts, 6Spades.
P2 HAND: 6Diamonds, KHearts, JHearts, 6Hearts, 5Hearts, 2Hearts, ASpades, JSpades, QSpades, 3Spades.
P3 HAND: KDiamonds, QDiamonds, 5Diamonds, 3Diamonds, AClubs, KClubs, QClubs, 6Clubs, 7Spades, 5Spades.
P0 2Spades P1 6Spades P2 3Spades P3 5Spades 
P1 2Diamonds P2 6Diamonds P3 3Diamonds P0 ADiamonds 
P0 AHearts P1 QHearts P2 KHearts P3 7Spades 
P3 AClubs P0 3Clubs P1 7Clubs P2 QSpades 
P2 2Hearts P3 5Diamonds P0 4Hearts P1 7Hearts 
P1 2Clubs P2 5Hearts P3 KClubs P0 KSpades 
P0 4Spades P1 4Diamonds P2 JSpades P3 6Clubs 
P2 6Hearts P3 QDiamonds P0 3Hearts P1 4Clubs 
P2 JHearts P3 QClubs P0 JDiamonds P1 5Clubs 
P2 ASpades P3 KDiamonds P0 7Diamonds P1 JClubs 
-- /GAME --
P0 HAND: JDiamonds, QDiamonds, AClubs, JClubs, 7Hearts, 4Hearts, ASpades, 5Spades, 4Spades, 2Spades.
P1 HAND: KDiamonds, 6Diamonds, KClubs, QClubs, 6Clubs, 4Clubs, AHearts, KHearts, 3Hearts, JSpades.
P2 HAND: 7Diamonds, 4Diamonds, 3Diamonds, 2Diamonds, 7Clubs, 5Clubs, 3Clubs, JHearts, 2Hearts, QSpades.
P3 HAND: ADiamonds, 5Diamonds, 2Clubs, QHearts, 6Hearts, 5Hearts, 7Spades, KSpades, 6Spades, 3Spades.
P3 ADiamonds P0 QDiamonds P1 KDiamonds P2 2Diamonds 
P3 2Clubs P0 AClubs P1 4Clubs P2 7Clubs 
P0 JClubs P1 6Clubs P2 3Clubs P3 3Spades 
P0 JDiamonds P1 6Diamonds P2 3Diamonds P3 5Diamonds 
P0 ASpades P1 JSpades P2 QSpades P3 6Spades 
P0 5Spades P1 QClubs P2 4Diamonds P3 7Spades 
P3 5Hearts P0 4Hearts P1 3Hearts P2 2Hearts 
P3 6Hearts P0 7Hearts P1 AHearts P2 JHearts 
P1 KHearts P2 5Clubs P3 QHearts P0 2Spades 
P1 KClubs P2 7Diamonds P3 KSpades P0 4Spades 
-- /GAME --
P0 HAND: 7Diamonds, JDiamonds, 6Diamonds, AClubs, 6Clubs, 5Clubs, 4Clubs, 4Hearts, 3Hearts, 3Spades.
P1 HAND: KDiamonds, 3Diamonds, KClubs, 2Clubs, QHearts, 6Hearts, ASpades, KSpades, JSpades, 5Spades.
P2 HAND: QDiamonds, 4Diamonds, 7Clubs, JClubs, 3Clubs, 7Hearts, 5Hearts, 2Hearts, 7Spades, 6Spades.
P3 HAND: ADiamonds, 5Diamonds, 2Diamonds, QClubs, AHearts, KHearts, JHearts, QSpades, 4Spades, 2Spades.
P2 2Hearts P3 AHearts P0 3Hearts P1 QHearts 
P3 ADiamonds P0 6Diamonds P1 KDiamonds P2 4Diamonds 
P3 2Diamonds P0 7Diamonds P1 3Diamonds P2 QDiamonds 
P0 3Spades P1 5Spades P2 6Spades P3 2Spades 
P2 3Clubs P3 QClubs P0 AClubs P1 2Clubs 
P0 JDiamonds P1 6Hearts P2 5Hearts P3 5Diamonds 
P0 4Hearts P1 JSpades P2 7Hearts P3 KHearts 
P1 KSpades P2 7Spades P3 4Spades P0 4Clubs 
P2 JClubs P3 QSpades P0 5Clubs P1 KClubs 
P3 JHearts P0 6Clubs P1 ASpades P2 7Clubs 
-- /GAME --

