-- GAME --
P0 HAND: KDiamonds, 6Diamonds, 5Diamonds, KClubs, KHearts, 5Hearts, 4Hearts, KSpades, 5Spades, 4Spades.
P1 HAND: ADiamonds, JDiamonds, QDiamonds, 4Diamonds, 2Diamonds, 7Clubs, 5Clubs, JHearts, 6Hearts, QSpades.
P2 HAND: 3Diamonds, AClubs, QClubs, 4Clubs, 7Hearts, 3Hearts, 2Hearts, ASpades, 6Spades, 2Spades.
P3 HAND: 7Diamonds, JClubs, 6Clubs, 3Clubs, 2Clubs, AHearts, QHearts, 7Spades, JSpades, 3Spades.
P1 2Diamonds P2 3Diamonds P3 7Diamonds P0 5Diamonds 
P3 AHearts P0 4Hearts P1 JHearts P2 2Hearts 
P3 2Clubs P0 KClubs P1 5Clubs P2 AClubs 
P2 3Hearts P3 QHearts P0 KHearts P1 6Hearts 
P0 5Hearts P1 4Diamonds P2 7Hearts P3 3Spades 
P3 3Clubs P0 6Diamonds P1 7Clubs P2 4Clubs 
P1 QDiamonds P2 QClubs P3 6Clubs P0 KDiamonds 
P0 4Spades P1 QSpades P2 2Spades P3 JSpades 
P3 JClubs P0 KSpades P1 JDiamonds P2 6Spades 
P0 5Spades P1 ADiamonds P2 ASpades P3 7Spades 
-- /GAME --
P0 HAND: 7Diamonds, QDiamonds, 5Diamonds, 3Diamonds, 6Clubs, 4Clubs, 2Clubs, AHearts, ASpades, KSpades.
P1 HAND: ADiamonds, KDiamonds, JClubs, QClubs, KHearts, JHearts, QHearts, 4Hearts, 6Spades, 5Spades.
P2 HAND: JDiamonds, AClubs, KClubs, 5Clubs, 3Clubs, 6Hearts, 3Hearts, QSpades, 3Spades, 2Spades.
P3 HAND: 6Diamonds, 4Diamonds, 2Diamonds, 7Clubs, 7Hearts, 5Hearts, 2Hearts, 7Spades, JSpades, 4Spades.
P0 ASpades P1 5Spades P2 QSpades P3 4Spades 
P0 KSpades P1 6Spades P2 2Spades P3 7Spades 
P3 2Diamonds P0 5Diamonds P1 ADiamonds P2 JDiamonds 
P1 QClubs P2 AClubs P3 7Clubs P0 4Clubs 
P2 3Clubs P3 4Diamonds P0 6Clubs P1 JClubs 
P1 4Hearts P2 3Hearts P3 2Hearts P0 AHearts 
P0 2Clubs P1 QHearts P2 5Clubs P3 JSpades 
P1 JHearts P2 6Hearts P3 5Hearts P0 3Diamonds 
P1 KHearts P2 3Spades P3 7Hearts P0 QDiamonds 
P3 6Diamonds P0 7Diamonds P1 KDiamonds P2 KClubs 
-- /GAME --
P0 HAND: 7Clubs, 6Clubs, 4Clubs, QHearts, 6Hearts, 3Hearts, ASpades, QSpades, 4Spades, 2Spades.
P1 HAND: 7Diamonds, KDiamonds, 5Diamonds, 3Diamonds, 2Diamonds, QClubs, 2Clubs, KHearts, 7Spades, 5Spades.
P2 HAND: QDiamonds, 4Diamonds, JClubs, 5Clubs, 3Clubs, AHearts, 4Hearts, 2Hearts, JSpades, 6Spades.
P3 HAND: ADiamonds, JDiamonds, 6Diamonds, AClubs, KClubs, 7Hearts, JHearts, 5Hearts, KSpades, 3Spades.

