-- GAME --
P0 4Hearts P1 QHearts P2 AHearts P3 3Hearts 
P2 2Hearts P3 6Spades P0 5Hearts P1 JHearts 
P1 2Clubs P2 6Clubs P3 AClubs P0 5Clubs 
P3 ASpades P0 3Spades P1 4Spades P2 5Spades 
P3 QClubs P0 JClubs P1 3Clubs P2 7Clubs 
P2 6Hearts P3 3Diamonds P0 4Diamonds P1 2Spades 
P0 JSpades P1 4Clubs P2 QSpades P3 7Spades 
P3 6Diamonds P0 2Diamonds P1 QDiamonds P2 KDiamonds 
P2 KHearts P3 JDiamonds P0 ADiamonds P1 KClubs 
P0 5Diamonds P1 7Diamonds P2 7Hearts P3 KSpades 
-- /GAME --
P0 HAND: ADiamonds, JDiamonds, QDiamonds, 6Clubs, 5Clubs, 6Hearts, 3Hearts, 2Hearts, ASpades, JSpades.
P1 HAND: 7Diamonds, 6Diamonds, 5Diamonds, 4Diamonds, 3Diamonds, 2Diamonds, 5Hearts, QSpades, 5Spades, 2Spades.
P2 HAND: KDiamonds, 7Clubs, JClubs, QClubs, 4Clubs, 3Clubs, KHearts, QHearts, 6Spades, 4Spades.
P3 HAND: AClubs, KClubs, 2Clubs, AHearts, 7Hearts, JHearts, 4Hearts, 7Spades, KSpades, 3Spades.
P3 AClubs P0 5Clubs P1 7Diamonds P2 3Clubs 
P3 AHearts P0 2Hearts P1 5Hearts P2 QHearts 
P3 2Clubs P0 6Clubs P1 2Diamonds P2 7Clubs 
P2 4Clubs P3 KClubs P0 JSpades P1 3Diamonds 
P0 ADiamonds P1 4Diamonds P2 KDiamonds P3 3Spades 
P3 4Hearts P0 6Hearts P1 5Diamonds P2 KHearts 
P2 QClubs P3 KSpades 
