-- GAME --
P0 HAND: 7Diamonds, KDiamonds, QDiamonds, 2Diamonds, 4Clubs, 3Clubs, AHearts, 6Hearts, 3Hearts, 5Spades.
P1 HAND: JDiamonds, 5Diamonds, 7Clubs, 5Clubs, JHearts, ASpades, KSpades, JSpades, 6Spades, 2Spades.
P2 HAND: ADiamonds, 6Diamonds, QClubs, 6Clubs, 7Hearts, 5Hearts, 2Hearts, 7Spades, 4Spades, 3Spades.
P3 HAND: 4Diamonds, 3Diamonds, AClubs, KClubs, JClubs, 2Clubs, KHearts, QHearts, 4Hearts, QSpades.
P2 ADiamonds P3 3Diamonds P0 KDiamonds P1 5Diamonds 
P2 2Hearts P3 4Hearts P0 6Hearts P1 JHearts 
P1 5Clubs P2 6Clubs P3 AClubs P0 3Clubs 
P3 2Clubs P0 4Clubs P1 7Clubs P2 QClubs 
P1 JDiamonds P2 6Diamonds P3 4Diamonds P0 2Diamonds 
P1 2Spades P2 3Spades P3 QSpades P0 5Spades 
P3 QHearts P0 AHearts P1 6Spades P2 5Hearts 
P1 JSpades P2 4Spades P3 JClubs P0 3Hearts 
P1 KSpades P2 7Spades P3 KClubs P0 QDiamonds 
P2 7Hearts P3 KHearts P0 7Diamonds P1 ASpades 
-- /GAME --
P0 HAND: 7Clubs, 6Clubs, 5Clubs, KHearts, QHearts, 4Hearts, KSpades, JSpades, 6Spades, 5Spades.
P1 HAND: ADiamonds, 7Diamonds, KDiamonds, AClubs, JClubs, 4Clubs, 6Hearts, ASpades, 3Spades, 2Spades.
P2 HAND: QDiamonds, 6Diamonds, 5Diamonds, KClubs, 3Clubs, JHearts, 5Hearts, 3Hearts, 7Spades, QSpades.
P3 HAND: JDiamonds, 4Diamonds, 3Diamonds, 2Diamonds, QClubs, 2Clubs, AHearts, 7Hearts, 2Hearts, 4Spades.
P1 ADiamonds P2 5Diamonds P3 JDiamonds P0 5Spades 
P0 5Clubs P1 AClubs P2 3Clubs P3 QClubs 
P1 4Clubs P2 KClubs P3 2Clubs P0 7Clubs 
P0 6Clubs P1 JClubs P2 3Hearts P3 AHearts 
P1 6Hearts P2 5Hearts P3 7Hearts P0 4Hearts 
P3 2Diamonds P0 6Spades P1 KDiamonds P2 QDiamonds 
P0 QHearts P1 2Spades P2 JHearts P3 2Hearts 
P1 3Spades P2 QSpades P3 4Spades P0 JSpades 
P0 KSpades P1 ASpades P2 7Spades P3 4Diamonds 
P1 7Diamonds P2 6Diamonds P3 3Diamonds P0 KHearts 
-- /GAME --
P0 HAND: 5Diamonds, 3Diamonds, JClubs, QClubs, 5Clubs, JHearts, 6Hearts, 5Hearts, 4Spades, 3Spades.
P1 HAND: JDiamonds, QDiamonds, 2Diamonds, AClubs, 7Clubs, KClubs, 4Clubs, 7Hearts, KSpades, 2Spades.
P2 HAND: KDiamonds, 6Diamonds, 4Diamonds, KHearts, 4Hearts, 2Hearts, 7Spades, JSpades, QSpades, 5Spades.
P3 HAND: ADiamonds, 7Diamonds, 6Clubs, 3Clubs, 2Clubs, AHearts, QHearts, 3Hearts, ASpades, 6Spades.
P0 3Diamonds P1 2Diamonds P2 4Diamonds P3 ADiamonds 
P3 AHearts P0 5Hearts P1 7Hearts P2 2Hearts 
P3 ASpades P0 3Spades P1 KSpades P2 5Spades 
P3 3Hearts P0 6Hearts P1 2Spades P2 KHearts 
P2 4Hearts P3 QHearts P0 JHearts P1 4Clubs 
P1 QDiamonds P2 6Diamonds P3 7Diamonds P0 5Diamonds 
P3 6Spades P0 4Spades P1 KClubs P2 QSpades 
P1 JDiamonds P2 KDiamonds P3 2Clubs P0 5Clubs 
P0 QClubs P1 7Clubs P2 JSpades P3 3Clubs 
P1 AClubs P2 7Spades P3 6Clubs P0 JClubs 
-- /GAME --
P0 HAND: ADiamonds, 7Diamonds, JDiamonds, 6Diamonds, KClubs, QClubs, 6Clubs, 2Hearts, ASpades, 5Spades.
P1 HAND: QDiamonds, 5Diamonds, AClubs, 2Clubs, 7Hearts, KHearts, 5Hearts, 4Hearts, KSpades, 4Spades.
P2 HAND: 2Diamonds, JClubs, AHearts, QHearts, 6Hearts, 7Spades, JSpades, 6Spades, 3Spades, 2Spades.
P3 HAND: KDiamonds, 4Diamonds, 3Diamonds, 7Clubs, 5Clubs, 4Clubs, 3Clubs, JHearts, 3Hearts, QSpades.
P0 ASpades P1 4Spades P2 7Spades P3 QSpades 
P0 2Hearts P1 4Hearts P2 AHearts P3 3Hearts 
P2 2Spades P3 3Clubs P0 5Spades P1 KSpades 
P1 AClubs P2 JClubs P3 7Clubs P0 6Clubs 
P1 2Clubs P2 3Spades P3 4Clubs P0 KClubs 
P0 6Diamonds P1 5Diamonds P2 2Diamonds P3 3Diamonds 
P0 JDiamonds P1 QDiamonds P2 6Hearts P3 KDiamonds 
P3 5Clubs P0 QClubs P1 5Hearts P2 JSpades 
P0 7Diamonds P1 KHearts P2 6Spades P3 4Diamonds 
P0 ADiamonds P1 7Hearts P2 QHearts P3 JHearts 
-- /GAME --
P0 HAND: 7Diamonds, KDiamonds, QDiamonds, 3Diamonds, KClubs, 5Clubs, 3Clubs, 2Clubs, 6Hearts, 4Hearts.
P1 HAND: 4Diamonds, 7Clubs, JClubs, 4Clubs, JHearts, QHearts, 5Hearts, 2Hearts, ASpades, 7Spades.
P2 HAND: 5Diamonds, 2Diamonds, AClubs, QClubs, 6Clubs, 7Hearts, KSpades, QSpades, 5Spades, 2Spades.
P3 HAND: ADiamonds, JDiamonds, 6Diamonds, AHearts, KHearts, 3Hearts, JSpades, 6Spades, 4Spades, 3Spades.
P3 ADiamonds P0 3Diamonds P1 4Diamonds P2 2Diamonds 
P3 AHearts P0 4Hearts P1 JHearts P2 7Hearts 
P3 3Hearts P0 6Hearts P1 2Hearts P2 KSpades 
P0 QDiamonds P1 5Hearts P2 5Diamonds P3 JDiamonds 
P3 3Spades P0 2Clubs P1 7Spades P2 QSpades 
P0 3Clubs P1 4Clubs P2 6Clubs P3 4Spades 
P2 2Spades P3 6Spades P0 5Clubs P1 ASpades 
P0 KDiamonds P1 QHearts P2 QClubs P3 6Diamonds 
P2 5Spades P3 JSpades P0 KClubs P1 7Clubs 
P1 JClubs P2 AClubs P3 KHearts P0 7Diamonds 
-- /GAME --
P0 HAND: QDiamonds, 6Diamonds, 2Diamonds, AClubs, 6Clubs, 3Hearts, KSpades, QSpades, 5Spades, 3Spades.
P1 HAND: 7Diamonds, JDiamonds, 5Diamonds, 3Diamonds, QClubs, 2Clubs, KHearts, QHearts, 6Hearts, JSpades.
P2 HAND: ADiamonds, KDiamonds, KClubs, 4Clubs, 3Clubs, JHearts, 5Hearts, 7Spades, 6Spades, 2Spades.
P3 HAND: 4Diamonds, 7Clubs, JClubs, 5Clubs, AHearts, 7Hearts, 4Hearts, 2Hearts, ASpades, 4Spades.
P2 ADiamonds P3 4Diamonds P0 QDiamonds P1 3Diamonds 
P2 3Clubs P3 5Clubs P0 AClubs P1 2Clubs 
P0 6Clubs P1 QClubs P2 4Clubs P3 7Clubs 
P3 AHearts P0 3Hearts P1 KHearts P2 5Hearts 
P3 2Hearts P0 3Spades P1 6Hearts P2 JHearts 
P0 2Diamonds P1 5Diamonds P2 KDiamonds P3 4Hearts 
P2 2Spades P3 4Spades P0 5Spades P1 JSpades 
P1 QHearts P2 6Spades P3 7Hearts P0 KSpades 
P0 6Diamonds P1 JDiamonds P2 7Spades P3 ASpades 
P3 JClubs P0 QSpades P1 7Diamonds P2 KClubs 
-- /GAME --
P0 HAND: 4Diamonds, 3Diamonds, 2Diamonds, AClubs, KClubs, JHearts, 4Hearts, ASpades, JSpades, 6Spades.
P1 HAND: KDiamonds, QDiamonds, JClubs, 5Clubs, AHearts, QHearts, 5Hearts, 7Spades, QSpades, 3Spades.
P2 HAND: ADiamonds, 6Diamonds, 6Clubs, 3Clubs, 2Clubs, KHearts, 6Hearts, KSpades, 5Spades, 2Spades.
P3 HAND: 7Diamonds, JDiamonds, 5Diamonds, 7Clubs, QClubs, 4Clubs, 7Hearts, 3Hearts, 2Hearts, 4Spades.
P1 AHearts P2 6Hearts P3 7Hearts P0 4Hearts 
P1 5Clubs P2 2Clubs P3 4Clubs P0 KClubs 
P0 2Diamonds P1 QDiamonds P2 ADiamonds P3 5Diamonds 
P2 3Clubs P3 QClubs P0 AClubs P1 JClubs 
P0 3Diamonds P1 KDiamonds P2 6Diamonds P3 7Diamonds 
P3 2Hearts P0 JHearts P1 5Hearts P2 KHearts 
P2 6Clubs P3 7Clubs P0 6Spades P1 QSpades 
P1 QHearts P2 2Spades P3 3Hearts P0 4Diamonds 
P2 5Spades P3 4Spades P0 JSpades P1 3Spades 
P0 ASpades P1 7Spades P2 KSpades P3 JDiamonds 
-- /GAME --
P0 HAND: QDiamonds, 5Diamonds, AClubs, 5Clubs, KHearts, 4Hearts, 3Hearts, 7Spades, KSpades, 5Spades.
P1 HAND: 3Diamonds, 3Clubs, 2Clubs, JHearts, QHearts, 5Hearts, 2Hearts, ASpades, QSpades, 3Spades.
P2 HAND: ADiamonds, JDiamonds, 6Diamonds, JClubs, QClubs, 4Clubs, AHearts, 6Hearts, JSpades, 6Spades.
P3 HAND: 7Diamonds, KDiamonds, 4Diamonds, 2Diamonds, 7Clubs, KClubs, 6Clubs, 7Hearts, 4Spades, 2Spades.
P0 AClubs P1 2Clubs P2 JClubs P3 6Clubs 
P0 5Clubs P1 3Clubs P2 4Clubs P3 7Clubs 
P3 2Diamonds P0 5Diamonds P1 3Diamonds P2 ADiamonds 
P2 AHearts P3 7Hearts P0 KHearts P1 2Hearts 
P2 6Diamonds P3 4Diamonds P0 QDiamonds P1 5Hearts 
P0 3Hearts P1 QHearts P2 6Hearts P3 7Diamonds 
P1 JHearts P2 QClubs P3 2Spades P0 4Hearts 
P3 4Spades P0 KSpades P1 3Spades P2 6Spades 
P0 5Spades P1 QSpades P2 JSpades P3 KDiamonds 
P2 JDiamonds P3 KClubs P0 7Spades P1 ASpades 
-- /GAME --
P0 HAND: 5Diamonds, 2Diamonds, AClubs, 7Clubs, QHearts, 5Hearts, 4Hearts, 3Hearts, 2Hearts, 3Spades.
P1 HAND: ADiamonds, KClubs, 6Clubs, 2Clubs, 7Hearts, JHearts, 6Hearts, KSpades, QSpades, 4Spades.
P2 HAND: 7Diamonds, KDiamonds, JDiamonds, QDiamonds, 4Diamonds, 3Diamonds, JClubs, 3Clubs, 7Spades, 6Spades.
P3 HAND: 6Diamonds, QClubs, 5Clubs, 4Clubs, AHearts, KHearts, ASpades, JSpades, 5Spades, 2Spades.
P3 AHearts P0 2Hearts P1 7Hearts P2 3Diamonds 
P2 3Clubs P3 4Clubs P0 AClubs P1 2Clubs 
P0 3Hearts P1 6Hearts P2 6Spades P3 KHearts 
P3 2Spades P0 3Spades P1 4Spades P2 7Spades 
P2 JClubs P3 5Clubs P0 7Clubs P1 6Clubs 
P0 4Hearts P1 JHearts P2 4Diamonds P3 5Spades 
P2 QDiamonds P3 6Diamonds P0 2Diamonds P1 ADiamonds 
P1 QSpades P2 JDiamonds P3 JSpades P0 QHearts 
P2 KDiamonds P3 QClubs P0 5Diamonds P1 KClubs 
P2 7Diamonds P3 ASpades P0 5Hearts P1 KSpades 
-- /GAME --
P0 HAND: QDiamonds, 6Diamonds, 5Diamonds, 3Diamonds, KClubs, QClubs, 4Clubs, 3Clubs, 6Hearts, 2Spades.
P1 HAND: ADiamonds, 2Diamonds, 7Clubs, 5Clubs, 2Clubs, AHearts, 7Hearts, KHearts, JHearts, 5Spades.
P2 HAND: 7Diamonds, KDiamonds, JDiamonds, 4Diamonds, 6Clubs, 4Hearts, 3Hearts, ASpades, JSpades, 6Spades.
P3 HAND: AClubs, JClubs, QHearts, 5Hearts, 2Hearts, 7Spades, KSpades, QSpades, 4Spades, 3Spades.
P2 ASpades P3 3Spades P0 2Spades P1 5Spades 
P2 4Diamonds P3 4Spades P0 3Diamonds P1 ADiamonds 
P1 2Diamonds P2 JDiamonds P3 QSpades P0 QDiamonds 
P2 6Clubs P3 AClubs P0 3Clubs P1 7Clubs 
P3 JClubs P0 4Clubs P1 2Clubs P2 6Spades 
P3 2Hearts P0 6Hearts P1 JHearts P2 3Hearts 
P1 5Clubs P2 4Hearts P3 5Hearts P0 QClubs 
P3 QHearts P0 5Diamonds P1 KHearts P2 JSpades 
P1 7Hearts P2 KDiamonds P3 KSpades P0 6Diamonds 
P1 AHearts P2 7Diamonds P3 7Spades P0 KClubs 
-- /GAME --
P0 HAND: KDiamonds, AClubs, JClubs, 4Clubs, 2Clubs, QHearts, KSpades, QSpades, 3Spades, 2Spades.
P1 HAND: ADiamonds, 5Diamonds, 2Diamonds, 7Clubs, 3Clubs, KHearts, 6Hearts, 4Hearts, 3Hearts, 2Hearts.
P2 HAND: 7Diamonds, JDiamonds, 4Diamonds, KClubs, QClubs, 6Clubs, 5Clubs, JHearts, 5Hearts, 7Spades.
P3 HAND: QDiamonds, 6Diamonds, 3Diamonds, AHearts, 7Hearts, ASpades, JSpades, 6Spades, 5Spades, 4Spades.
P1 ADiamonds P2 4Diamonds P3 QDiamonds P0 KDiamonds 
P1 2Diamonds P2 JDiamonds P3 3Diamonds P0 2Spades 
P2 5Clubs P3 4Spades P0 AClubs P1 3Clubs 
P0 2Clubs P1 7Clubs P2 6Clubs P3 ASpades 
P1 5Diamonds P2 7Diamonds P3 6Diamonds P0 KSpades 
P2 QClubs P3 5Spades P0 JClubs P1 2Hearts 
P1 3Hearts P2 5Hearts P3 7Hearts P0 QHearts 
P3 6Spades P0 QSpades P1 4Hearts P2 7Spades 
P1 6Hearts P2 JHearts P3 AHearts P0 4Clubs 
P3 JSpades P0 3Spades P1 KHearts P2 KClubs 
-- /GAME --
P0 HAND: ADiamonds, KDiamonds, JDiamonds, 5Hearts, 4Hearts, 3Hearts, 7Spades, KSpades, JSpades, 5Spades.
P1 HAND: 7Diamonds, 3Diamonds, 2Diamonds, AClubs, 7Clubs, 6Clubs, 2Clubs, AHearts, 7Hearts, QHearts.
P2 HAND: QDiamonds, JClubs, 4Clubs, 3Clubs, 6Hearts, 2Hearts, ASpades, QSpades, 6Spades, 2Spades.
P3 HAND: 6Diamonds, 5Diamonds, 4Diamonds, KClubs, QClubs, 5Clubs, KHearts, JHearts, 4Spades, 3Spades.
P1 AClubs P2 3Clubs P3 KClubs P0 5Spades 
P0 ADiamonds P1 2Diamonds P2 QDiamonds P3 4Diamonds 
P0 5Hearts P1 AHearts P2 2Hearts P3 KHearts 
P1 2Clubs P2 4Clubs P3 5Clubs P0 3Hearts 
P3 5Diamonds P0 KDiamonds P1 7Diamonds P2 2Spades 
P2 6Hearts P3 JHearts P0 4Hearts P1 7Hearts 
P1 3Diamonds P2 6Spades P3 6Diamonds P0 JDiamonds 
P2 JClubs P3 QClubs P0 JSpades P1 6Clubs 
P0 KSpades P1 QHearts P2 QSpades P3 3Spades 
P0 7Spades P1 7Clubs P2 ASpades P3 4Spades 
-- /GAME --
P0 HAND: 7Diamonds, 6Diamonds, KClubs, 4Clubs, 6Hearts, 4Hearts, 2Hearts, 7Spades, JSpades, 4Spades.
P1 HAND: ADiamonds, 4Diamonds, AClubs, 5Clubs, 3Clubs, 2Clubs, 7Hearts, 5Hearts, 6Spades, 5Spades.
P2 HAND: JDiamonds, 5Diamonds, 3Diamonds, 2Diamonds, AHearts, KHearts, JHearts, ASpades, QSpades, 2Spades.
P3 HAND: KDiamonds, QDiamonds, 7Clubs, JClubs, QClubs, 6Clubs, QHearts, 3Hearts, KSpades, 3Spades.
P0 4Spades P1 5Spades P2 ASpades P3 3Spades 
P2 AHearts P3 3Hearts P0 2Hearts P1 5Hearts 
P2 2Spades P3 KSpades P0 JSpades P1 6Spades 
P3 6Clubs P0 KClubs P1 AClubs P2 2Diamonds 
P2 QSpades P3 QClubs P0 7Spades P1 4Diamonds 
P1 2Clubs P2 3Diamonds P3 JClubs P0 4Clubs 
P2 JHearts P3 QHearts P0 4Hearts P1 7Hearts 
P1 3Clubs P2 5Diamonds P3 7Clubs P0 6Hearts 
P2 JDiamonds P3 QDiamonds P0 7Diamonds P1 ADiamonds 
P1 5Clubs P2 KHearts P3 KDiamonds P0 6Diamonds 
-- /GAME --
P0 HAND: 6Diamonds, 2Diamonds, AClubs, 7Clubs, 4Clubs, 3Clubs, 3Hearts, ASpades, QSpades, 4Spades.
P1 HAND: KDiamonds, JDiamonds, QDiamonds, 5Diamonds, 7Hearts, JHearts, QHearts, 6Hearts, JSpades, 2Spades.
P2 HAND: 4Diamonds, KClubs, JClubs, 6Clubs, 5Clubs, KHearts, 4Hearts, 7Spades, 6Spades, 5Spades.
P3 HAND: ADiamonds, 7Diamonds, 3Diamonds, QClubs, 2Clubs, AHearts, 5Hearts, 2Hearts, KSpades, 3Spades.
P3 AHearts P0 3Hearts P1 7Hearts P2 4Hearts 
P3 2Clubs P0 AClubs P1 5Diamonds P2 5Clubs 
P1 2Spades P2 5Spades P3 3Spades P0 ASpades 
P0 4Spades P1 JSpades P2 7Spades P3 KSpades 
P2 6Clubs P3 QClubs P0 7Clubs P1 QDiamonds 
P1 6Hearts P2 KHearts P3 2Hearts P0 QSpades 
P2 6Spades P3 5Hearts P0 3Clubs P1 QHearts 
P2 JClubs P3 3Diamonds P0 4Clubs P1 JHearts 
P3 7Diamonds P0 2Diamonds P1 JDiamonds P2 4Diamonds 
P3 ADiamonds P0 6Diamonds P1 KDiamonds P2 KClubs 
-- /GAME --
P0 HAND: KDiamonds, QDiamonds, 6Diamonds, 3Diamonds, KClubs, 2Clubs, 7Hearts, QHearts, KSpades, 3Spades.
P1 HAND: 2Diamonds, AClubs, QClubs, AHearts, 4Hearts, 2Hearts, ASpades, 6Spades, 5Spades, 2Spades.
P2 HAND: 5Diamonds, 4Diamonds, 7Clubs, JClubs, 5Clubs, 4Clubs, 6Hearts, 7Spades, JSpades, QSpades.
P3 HAND: ADiamonds, 7Diamonds, JDiamonds, 6Clubs, 3Clubs, KHearts, JHearts, 5Hearts, 3Hearts, 4Spades.
P2 4Diamonds P3 ADiamonds P0 3Diamonds P1 2Diamonds 
P3 3Clubs P0 2Clubs P1 AClubs P2 4Clubs 
P1 AHearts P2 6Hearts P3 KHearts P0 QHearts 
P1 2Hearts P2 5Diamonds P3 3Hearts P0 7Hearts 
P0 KDiamonds P1 4Hearts P2 5Clubs P3 7Diamonds 
P3 5Hearts P0 3Spades P1 QClubs P2 7Clubs 
P0 6Diamonds P1 2Spades P2 QSpades P3 JDiamonds 
P2 JClubs P3 6Clubs P0 KClubs P1 5Spades 
P1 6Spades P2 JSpades P3 4Spades P0 KSpades 
P0 QDiamonds P1 ASpades P2 7Spades P3 JHearts 
-- /GAME --
P0 HAND: KDiamonds, JDiamonds, 4Diamonds, 3Diamonds, KClubs, 2Clubs, AHearts, 2Hearts, 5Spades, 3Spades.
P1 HAND: QDiamonds, 5Diamonds, 2Diamonds, QClubs, 3Clubs, 7Hearts, 6Hearts, ASpades, KSpades, JSpades.
P2 HAND: ADiamonds, 6Diamonds, 7Clubs, JClubs, QHearts, 5Hearts, 4Hearts, 7Spades, 4Spades, 2Spades.
P3 HAND: 7Diamonds, AClubs, 6Clubs, 5Clubs, 4Clubs, KHearts, JHearts, 3Hearts, QSpades, 6Spades.
P1 2Diamonds P2 ADiamonds P3 7Diamonds P0 3Diamonds 
P2 4Hearts P3 3Hearts P0 AHearts P1 6Hearts 
P0 2Hearts P1 7Hearts P2 5Hearts P3 KHearts 
P1 3Clubs P2 JClubs P3 AClubs P0 2Clubs 
P3 4Clubs P0 KClubs P1 QClubs P2 7Clubs 
P2 6Diamonds P3 5Clubs P0 KDiamonds P1 5Diamonds 
P0 4Diamonds P1 QDiamonds P2 QHearts P3 JHearts 
P1 JSpades P2 2Spades P3 6Spades P0 3Spades 
P1 KSpades P2 4Spades P3 QSpades P0 5Spades 
P1 ASpades P2 7Spades P3 6Clubs P0 JDiamonds 
-- /GAME --
P0 HAND: ADiamonds, QDiamonds, 6Diamonds, 5Diamonds, 5Clubs, 4Clubs, JHearts, 6Hearts, 2Hearts, JSpades.
P1 HAND: 7Diamonds, KDiamonds, 3Diamonds, KClubs, QClubs, 6Clubs, AHearts, QSpades, 4Spades, 3Spades.
P2 HAND: JDiamonds, 4Diamonds, 2Diamonds, 7Clubs, 7Hearts, QHearts, ASpades, 7Spades, KSpades, 5Spades.
P3 HAND: AClubs, JClubs, 3Clubs, 2Clubs, KHearts, 5Hearts, 4Hearts, 3Hearts, 6Spades, 2Spades.
P0 ADiamonds P1 3Diamonds P2 JDiamonds P3 2Clubs 
P3 2Spades P0 JSpades P1 3Spades P2 ASpades 
P2 2Diamonds P3 3Hearts P0 QDiamonds P1 7Diamonds 
P1 AHearts P2 QHearts P3 KHearts P0 2Hearts 
P1 4Spades P2 5Spades P3 6Spades P0 6Hearts 
P3 4Hearts P0 JHearts P1 QSpades P2 7Hearts 
P2 4Diamonds P3 5Hearts P0 5Diamonds P1 KDiamonds 
P1 6Clubs P2 7Clubs P3 AClubs P0 4Clubs 
P3 3Clubs P0 5Clubs P1 QClubs P2 KSpades 
P1 KClubs P2 7Spades P3 JClubs P0 6Diamonds 
-- /GAME --
P0 HAND: ADiamonds, 4Diamonds, 3Diamonds, AClubs, 7Clubs, QClubs, 5Clubs, 3Clubs, KHearts, 5Spades.
P1 HAND: QDiamonds, 2Diamonds, KClubs, 6Hearts, 4Hearts, ASpades, KSpades, QSpades, 6Spades, 2Spades.
P2 HAND: 7Diamonds, KDiamonds, JDiamonds, 5Diamonds, 6Clubs, 2Clubs, JHearts, 5Hearts, 3Hearts, JSpades.
P3 HAND: 6Diamonds, JClubs, 4Clubs, AHearts, 7Hearts, QHearts, 2Hearts, 7Spades, 4Spades, 3Spades.
P3 3Spades P0 5Spades P1 ASpades P2 JSpades 
P1 2Diamonds P2 5Diamonds P3 6Diamonds P0 ADiamonds 
P0 AClubs P1 KClubs P2 6Clubs P3 4Clubs 
P0 3Diamonds P1 QDiamonds P2 JDiamonds P3 2Hearts 
P3 4Spades P0 3Clubs P1 2Spades P2 2Clubs 
P3 JClubs P0 7Clubs P1 4Hearts P2 5Hearts 
P2 3Hearts P3 QHearts P0 KHearts P1 6Hearts 
P0 4Diamonds P1 6Spades P2 KDiamonds P3 7Hearts 
P3 AHearts P0 5Clubs P1 QSpades P2 JHearts 
P3 7Spades P0 QClubs P1 KSpades P2 7Diamonds 
-- /GAME --
P0 HAND: QDiamonds, JClubs, 4Clubs, AHearts, 6Hearts, 5Hearts, QSpades, 5Spades, 4Spades, 2Spades.
P1 HAND: 7Diamonds, KDiamonds, 5Diamonds, 7Clubs, 3Clubs, KHearts, 3Hearts, ASpades, 7Spades, 3Spades.
P2 HAND: JDiamonds, 6Diamonds, 4Diamonds, 2Diamonds, QClubs, 6Clubs, 2Clubs, 7Hearts, 4Hearts, KSpades.
P3 HAND: ADiamonds, 3Diamonds, AClubs, KClubs, 5Clubs, JHearts, QHearts, 2Hearts, JSpades, 6Spades.
P2 2Diamonds P3 ADiamonds P0 QDiamonds P1 7Diamonds 
P3 AClubs P0 4Clubs P1 7Clubs P2 2Clubs 
P3 2Hearts P0 AHearts P1 3Hearts P2 7Hearts 
P0 6Hearts P1 KHearts P2 4Hearts P3 JHearts 
P1 3Clubs P2 6Clubs P3 KClubs P0 JClubs 
P3 3Diamonds P0 2Spades P1 5Diamonds P2 JDiamonds 
P0 4Spades P1 3Spades P2 KSpades P3 6Spades 
P2 4Diamonds P3 5Clubs P0 5Spades P1 KDiamonds 
P0 5Hearts P1 7Spades P2 6Diamonds P3 QHearts 
P1 ASpades P2 QClubs P3 JSpades P0 QSpades 
-- /GAME --
P0 HAND: JDiamonds, 2Clubs, 7Hearts, KHearts, 4Hearts, KSpades, 6Spades, 5Spades, 4Spades, 3Spades.
P1 HAND: ADiamonds, KDiamonds, 4Diamonds, 3Diamonds, JClubs, AHearts, JHearts, QHearts, 5Hearts, JSpades.
P2 HAND: 7Diamonds, 6Diamonds, 5Diamonds, AClubs, 7Clubs, 6Clubs, 5Clubs, 4Clubs, 6Hearts, 3Hearts.
P3 HAND: QDiamonds, 2Diamonds, KClubs, QClubs, 3Clubs, 2Hearts, ASpades, 7Spades, QSpades, 2Spades.
P3 ASpades P0 3Spades P1 JSpades P2 4Clubs 
P2 3Hearts P3 2Hearts P0 4Hearts P1 AHearts 
P1 ADiamonds P2 5Diamonds P3 QDiamonds P0 JDiamonds 
P1 3Diamonds P2 6Diamonds P3 2Diamonds P0 7Hearts 
P2 6Hearts P3 2Spades P0 KHearts P1 5Hearts 
P0 4Spades P1 4Diamonds P2 5Clubs P3 QSpades 
P2 6Clubs P3 3Clubs P0 2Clubs P1 JClubs 
P1 QHearts P2 7Clubs P3 7Spades P0 KSpades 
P2 AClubs P3 QClubs P0 6Spades P1 JHearts 
P2 7Diamonds P3 KClubs P0 5Spades P1 KDiamonds 
-- /GAME --
P0 HAND: 7Diamonds, KDiamonds, JDiamonds, KClubs, 6Clubs, 5Clubs, 7Hearts, 3Hearts, 6Spades, 2Spades.
P1 HAND: 5Diamonds, 2Diamonds, JClubs, QClubs, KHearts, 5Hearts, 4Hearts, JSpades, 5Spades, 3Spades.
P2 HAND: QDiamonds, 3Diamonds, 7Clubs, 3Clubs, JHearts, QHearts, 6Hearts, 7Spades, KSpades, 4Spades.
P3 HAND: ADiamonds, 6Diamonds, 4Diamonds, AClubs, 4Clubs, 2Clubs, AHearts, 2Hearts, ASpades, QSpades.
P2 3Diamonds P3 ADiamonds P0 JDiamonds P1 5Diamonds 
P3 AClubs P0 5Clubs P1 JClubs P2 3Clubs 
P3 AHearts P0 3Hearts P1 KHearts P2 6Hearts 
P3 2Clubs P0 KClubs P1 QClubs P2 7Clubs 
P2 QDiamonds P3 4Diamonds P0 KDiamonds P1 2Diamonds 
P0 6Clubs P1 4Hearts P2 QHearts P3 4Clubs 
P0 2Spades P1 3Spades P2 4Spades P3 QSpades 
P3 2Hearts P0 7Hearts P1 5Hearts P2 JHearts 
P0 6Spades P1 5Spades P2 KSpades P3 ASpades 
P3 6Diamonds P0 7Diamonds P1 JSpades P2 7Spades 
-- /GAME --
P0 HAND: 5Diamonds, 2Diamonds, 7Clubs, 3Clubs, 7Hearts, JHearts, 5Hearts, JSpades, 5Spades, 4Spades.
P1 HAND: KDiamonds, QDiamonds, 6Diamonds, QHearts, 6Hearts, 3Hearts, KSpades, QSpades, 3Spades, 2Spades.
P2 HAND: 7Diamonds, JDiamonds, 4Diamonds, 3Diamonds, KClubs, QClubs, 5Clubs, 4Clubs, 2Clubs, 2Hearts.
P3 HAND: ADiamonds, AClubs, JClubs, 6Clubs, AHearts, KHearts, 4Hearts, ASpades, 7Spades, 6Spades.
P1 2Spades P2 2Clubs P3 ASpades P0 4Spades 
P3 AClubs P0 3Clubs P1 KSpades P2 4Clubs 
P3 AHearts P0 5Hearts P1 QHearts P2 2Hearts 
P3 4Hearts P0 7Hearts P1 3Hearts P2 KClubs 
P0 5Spades P1 3Spades P2 5Clubs P3 7Spades 
P3 6Clubs P0 7Clubs P1 6Diamonds P2 QClubs 
P1 6Hearts P2 3Diamonds P3 KHearts P0 JHearts 
P2 4Diamonds P3 ADiamonds P0 5Diamonds P1 QDiamonds 
P3 6Spades P0 JSpades P1 QSpades P2 JDiamonds 
P2 7Diamonds P3 JClubs P0 2Diamonds P1 KDiamonds 
-- /GAME --
P0 HAND: QDiamonds, 2Diamonds, 6Clubs, 3Clubs, AHearts, 7Hearts, KHearts, 5Spades, 4Spades, 3Spades.
P1 HAND: 7Diamonds, KDiamonds, 4Diamonds, 5Clubs, JHearts, 4Hearts, KSpades, QSpades, 6Spades, 2Spades.
P2 HAND: ADiamonds, JDiamonds, 6Diamonds, AClubs, KClubs, QClubs, 2Clubs, 6Hearts, 2Hearts, JSpades.
P3 HAND: 5Diamonds, 3Diamonds, 7Clubs, JClubs, 4Clubs, QHearts, 5Hearts, 3Hearts, ASpades, 7Spades.
P0 3Spades P1 2Spades P2 JSpades P3 ASpades 
P3 3Diamonds P0 2Diamonds P1 4Diamonds P2 ADiamonds 
P2 AClubs P3 4Clubs P0 3Clubs P1 5Clubs 
P2 2Clubs P3 JClubs P0 6Clubs P1 7Diamonds 
P3 5Diamonds P0 QDiamonds P1 KDiamonds P2 6Diamonds 
P1 6Spades P2 QClubs P3 7Spades P0 4Spades 
P3 3Hearts P0 KHearts P1 4Hearts P2 2Hearts 
P0 7Hearts P1 JHearts P2 6Hearts P3 5Hearts 
P0 5Spades P1 QSpades P2 JDiamonds P3 7Clubs 
P1 KSpades P2 KClubs P3 QHearts P0 AHearts 
-- /GAME --
P0 HAND: 4Diamonds, 2Diamonds, KClubs, JClubs, QClubs, 7Hearts, QHearts, 4Hearts, 2Hearts, 6Spades.
P1 HAND: JDiamonds, 6Diamonds, 5Diamonds, 3Diamonds, 7Clubs, 5Clubs, 6Hearts, ASpades, 7Spades, 5Spades.
P2 HAND: ADiamonds, 7Diamonds, KDiamonds, 2Clubs, KHearts, 5Hearts, 3Hearts, KSpades, JSpades, 4Spades.
P3 HAND: QDiamonds, AClubs, 6Clubs, 4Clubs, 3Clubs, AHearts, JHearts, QSpades, 3Spades, 2Spades.
P3 AClubs P0 QClubs P1 7Clubs P2 2Clubs 
P3 2Spades P0 6Spades P1 ASpades P2 4Spades 
P1 3Diamonds P2 ADiamonds P3 QDiamonds P0 2Diamonds 
P2 JSpades P3 3Spades P0 2Hearts P1 5Spades 
P0 4Diamonds P1 5Diamonds P2 7Diamonds P3 JHearts 
P3 3Clubs P0 KClubs P1 5Clubs P2 KDiamonds 
P0 JClubs P1 6Diamonds P2 KSpades P3 4Clubs 
P0 4Hearts P1 6Hearts P2 3Hearts P3 AHearts 
P3 6Clubs P0 QHearts P1 JDiamonds P2 5Hearts 
P0 7Hearts P1 7Spades P2 KHearts P3 QSpades 
-- /GAME --
P0 HAND: JDiamonds, QDiamonds, 4Diamonds, 3Diamonds, 7Clubs, KHearts, 4Hearts, 7Spades, QSpades, 3Spades.
P1 HAND: KDiamonds, 6Diamonds, KClubs, QClubs, 5Clubs, 2Clubs, 6Hearts, 5Hearts, 4Spades, 2Spades.
P2 HAND: 7Diamonds, 5Diamonds, 2Diamonds, AClubs, 4Clubs, AHearts, QHearts, 2Hearts, KSpades, 6Spades.
P3 HAND: ADiamonds, JClubs, 6Clubs, 3Clubs, 7Hearts, JHearts, 3Hearts, ASpades, JSpades, 5Spades.
P2 AHearts P3 3Hearts P0 KHearts P1 5Hearts 
P2 2Diamonds P3 ADiamonds P0 3Diamonds P1 KDiamonds 
P3 ASpades P0 3Spades P1 4Spades P2 6Spades 
P3 5Spades P0 7Spades P1 2Spades P2 KSpades 
P0 4Hearts P1 6Hearts P2 2Hearts P3 7Hearts 
P3 JHearts P0 4Diamonds P1 6Diamonds P2 QHearts 
P3 JSpades P0 QSpades P1 2Clubs P2 4Clubs 
P2 5Diamonds P3 3Clubs P0 QDiamonds P1 5Clubs 
P1 QClubs P2 AClubs P3 6Clubs P0 7Clubs 
P2 7Diamonds P3 JClubs P0 JDiamonds P1 KClubs 
-- /GAME --
P0 HAND: 6Diamonds, 3Diamonds, 6Clubs, 5Clubs, JHearts, 6Hearts, 4Hearts, 2Hearts, 5Spades, 3Spades.
P1 HAND: JDiamonds, QDiamonds, KClubs, QClubs, 7Hearts, KHearts, 5Hearts, 3Hearts, KSpades, QSpades.
P2 HAND: 4Diamonds, AClubs, 3Clubs, AHearts, QHearts, ASpades, 7Spades, JSpades, 6Spades, 4Spades.
P3 HAND: ADiamonds, 7Diamonds, KDiamonds, 5Diamonds, 2Diamonds, 7Clubs, JClubs, 4Clubs, 2Clubs, 2Spades.
P1 QDiamonds P2 4Diamonds P3 ADiamonds P0 6Diamonds 
P3 2Diamonds P0 3Diamonds P1 JDiamonds P2 3Clubs 
P1 QClubs P2 AClubs P3 2Clubs P0 6Clubs 
P2 4Spades P3 2Spades P0 5Spades P1 KSpades 
P1 QSpades P2 6Spades P3 4Clubs P0 3Spades 
P1 3Hearts P2 QHearts P3 5Diamonds P0 2Hearts 
P2 JSpades P3 JClubs P0 4Hearts P1 5Hearts 
P1 KHearts P2 AHearts P3 KDiamonds P0 JHearts 
P2 7Spades P3 7Diamonds P0 6Hearts P1 7Hearts 
P1 KClubs P2 ASpades P3 7Clubs P0 5Clubs 
-- /GAME --
P0 HAND: 7Diamonds, KDiamonds, 5Diamonds, AClubs, 2Clubs, 3Hearts, QSpades, 5Spades, 4Spades, 3Spades.
P1 HAND: 6Diamonds, 3Diamonds, 2Diamonds, KClubs, JClubs, QClubs, 6Clubs, 5Hearts, 4Hearts, 7Spades.
P2 HAND: ADiamonds, 7Clubs, 5Clubs, 4Clubs, 7Hearts, JHearts, QHearts, ASpades, JSpades, 6Spades.
P3 HAND: JDiamonds, QDiamonds, 4Diamonds, 3Clubs, AHearts, KHearts, 6Hearts, 2Hearts, KSpades, 2Spades.

