-- GAME --
P0 HAND: KDiamonds, 5Diamonds, 2Diamonds, AClubs, QClubs, 4Clubs, 3Hearts, 2Hearts, 7Spades, QSpades.
P1 HAND: JDiamonds, QDiamonds, 3Diamonds, 3Clubs, AHearts, 7Hearts, 5Hearts, 4Hearts, JSpades, 6Spades.
P2 HAND: ADiamonds, 6Diamonds, 4Diamonds, JClubs, 5Clubs, 2Clubs, 6Hearts, ASpades, 5Spades, 2Spades.
P3 HAND: 7Diamonds, 7Clubs, KClubs, 6Clubs, KHearts, JHearts, QHearts, KSpades, 4Spades, 3Spades.
P1 AHearts P2 6Hearts P3 KHearts P0 2Hearts 
P1 3Diamonds P2 ADiamonds P3 7Diamonds P0 KDiamonds 
P2 ASpades P3 3Spades P0 7Spades P1 6Spades 
P2 2Spades P3 4Spades P0 QSpades P1 JSpades 
P1 4Hearts P2 4Diamonds P3 QHearts P0 3Hearts 
P3 JHearts P0 4Clubs P1 5Hearts P2 6Diamonds 
P0 5Diamonds P1 QDiamonds P2 5Spades P3 KSpades 
P1 JDiamonds P2 2Clubs P3 6Clubs P0 2Diamonds 
P3 KClubs P0 QClubs P1 3Clubs P2 5Clubs 
P3 7Clubs P0 AClubs P1 7Hearts P2 JClubs 
-- /GAME --
P0 HAND: 3Diamonds, AClubs, JClubs, QClubs, 5Clubs, KHearts, 3Hearts, QSpades, 5Spades, 3Spades.
P1 HAND: ADiamonds, QDiamonds, 5Diamonds, 4Diamonds, 7Clubs, 4Clubs, 3Clubs, QHearts, 6Hearts, 5Hearts.
P2 HAND: KDiamonds, 2Diamonds, KClubs, 6Clubs, JHearts, 2Hearts, ASpades, 7Spades, JSpades, 4Spades.
P3 HAND: 7Diamonds, JDiamonds, 6Diamonds, 2Clubs, AHearts, 7Hearts, 4Hearts, KSpades, 6Spades, 2Spades.
P0 3Hearts P1 5Hearts P2 2Hearts P3 AHearts 
P3 2Clubs P0 AClubs P1 3Clubs P2 KClubs 
P0 5Clubs P1 4Clubs P2 6Clubs P3 2Spades 
P2 4Spades P3 6Spades P0 3Spades P1 7Clubs 
P3 4Hearts P0 KHearts P1 6Hearts P2 JHearts 
P0 QSpades P1 QHearts P2 ASpades P3 KSpades 
P2 JSpades P3 6Diamonds P0 5Spades P1 4Diamonds 
P3 JDiamonds P0 3Diamonds P1 5Diamonds P2 2Diamonds 
P3 7Diamonds P0 QClubs P1 QDiamonds P2 KDiamonds 
P3 7Hearts P0 JClubs P1 ADiamonds P2 7Spades 
-- /GAME --
P0 HAND: ADiamonds, KDiamonds, 3Diamonds, AClubs, 7Clubs, KClubs, 6Hearts, 5Hearts, 4Hearts, 3Spades.
P1 HAND: 7Diamonds, JDiamonds, QDiamonds, 5Diamonds, 2Diamonds, AHearts, JHearts, 2Hearts, JSpades, 4Spades.
P2 HAND: 4Diamonds, JClubs, 6Clubs, 5Clubs, 3Clubs, KHearts, QHearts, ASpades, QSpades, 2Spades.
P3 HAND: 6Diamonds, QClubs, 4Clubs, 2Clubs, 7Hearts, 3Hearts, 7Spades, KSpades, 6Spades, 5Spades.
P3 2Clubs P0 AClubs P1 4Spades P2 3Clubs 
P1 AHearts P2 QHearts P3 7Hearts P0 4Hearts 
P1 2Diamonds P2 4Diamonds P3 6Diamonds P0 KDiamonds 
P0 ADiamonds P1 5Diamonds P2 KHearts P3 5Spades 
P3 3Hearts P0 5Hearts P1 2Hearts P2 JClubs 
P0 3Diamonds P1 QDiamonds P2 5Clubs P3 QClubs 
P1 JDiamonds P2 6Clubs P3 4Clubs P0 3Spades 
P0 6Hearts P1 JHearts P2 2Spades P3 6Spades 
P3 KSpades P0 7Clubs P1 JSpades P2 ASpades 
P2 QSpades P3 7Spades P0 KClubs P1 7Diamonds 
-- /GAME --
P0 HAND: 7Diamonds, JDiamonds, 5Diamonds, 3Diamonds, 5Clubs, 2Clubs, QHearts, 2Hearts, QSpades, 2Spades.
P1 HAND: ADiamonds, AClubs, 6Clubs, KHearts, 6Hearts, 5Hearts, 7Spades, KSpades, 6Spades, 3Spades.
P2 HAND: KDiamonds, QDiamonds, 2Diamonds, 7Clubs, JClubs, QClubs, 7Hearts, 4Hearts, ASpades, 4Spades.
P3 HAND: 6Diamonds, 4Diamonds, KClubs, 4Clubs, 3Clubs, AHearts, JHearts, 3Hearts, JSpades, 5Spades.
P2 ASpades P3 5Spades P0 2Spades P1 3Spades 
P2 2Diamonds 
