-- GAME --
P0 HAND: QDiamonds, 3Diamonds, AClubs, 7Clubs, 6Clubs, JHearts, 4Hearts, ASpades, QSpades, 5Spades.
P1 HAND: KDiamonds, JDiamonds, 5Clubs, 3Clubs, KHearts, 3Hearts, 7Spades, KSpades, 6Spades, 3Spades.
P2 HAND: 5Diamonds, KClubs, AHearts, 7Hearts, QHearts, 6Hearts, 5Hearts, JSpades, 4Spades, 2Spades.
P3 HAND: ADiamonds, 7Diamonds, 6Diamonds, 4Diamonds, 2Diamonds, JClubs, QClubs, 4Clubs, 2Clubs, 2Hearts.
P2 5Diamonds P3 ADiamonds P0 3Diamonds P1 KDiamonds 
P3 2Diamonds P0 QDiamonds P1 JDiamonds P2 2Spades 
P2 5Hearts P3 2Hearts P0 4Hearts P1 KHearts 
P1 3Clubs P2 KClubs P3 2Clubs P0 AClubs 
P0 5Spades P1 3Spades P2 4Spades P3 4Diamonds 
P0 QSpades P1 6Spades P2 JSpades P3 4Clubs 
P2 6Hearts P3 6Diamonds P0 JHearts P1 3Hearts 
P0 ASpades P1 KSpades P2 QHearts P3 QClubs 
P0 7Clubs P1 5Clubs P2 AHearts P3 JClubs 
P0 6Clubs P1 7Spades P2 7Hearts P3 7Diamonds 
-- /GAME --
P0 HAND: 7Diamonds, 5Diamonds, 7Clubs, 7Hearts, JHearts, 6Hearts, 4Hearts, ASpades, JSpades, QSpades.
P1 HAND: JClubs, 6Clubs, 5Clubs, 3Clubs, 2Clubs, QHearts, 7Spades, 5Spades, 3Spades, 2Spades.
P2 HAND: JDiamonds, 6Diamonds, KClubs, AHearts, 5Hearts, 3Hearts, 2Hearts, KSpades, 6Spades, 4Spades.
P3 HAND: ADiamonds, KDiamonds, QDiamonds, 4Diamonds, 3Diamonds, 2Diamonds, AClubs, QClubs, 4Clubs, KHearts.
P1 2Clubs P2 KClubs P3 AClubs P0 7Clubs 
P3 2Diamonds P0 5Diamonds P1 2Spades P2 JDiamonds 

