-- GAME --
P0 HAND: QDiamonds, 5Diamonds, 2Diamonds, KClubs, 7Hearts, 6Hearts, 4Hearts, JSpades, 5Spades, 3Spades.
P1 HAND: JDiamonds, 6Diamonds, AClubs, JClubs, 4Clubs, 2Clubs, KHearts, 2Hearts, KSpades, 2Spades.
P2 HAND: 7Diamonds, 4Diamonds, 3Diamonds, 7Clubs, 5Clubs, 3Clubs, JHearts, 5Hearts, QSpades, 6Spades.
P3 HAND: ADiamonds, KDiamonds, QClubs, 6Clubs, AHearts, QHearts, 3Hearts, ASpades, 7Spades, 4Spades.
P3 ADiamonds P0 2Diamonds P1 JDiamonds P2 3Diamonds 
P3 AHearts P0 4Hearts P1 KHearts P2 5Hearts 
P3 ASpades P0 3Spades P1 KSpades P2 6Spades 
P3 3Hearts P0 7Hearts P1 2Hearts P2 JHearts 
P0 QDiamonds P1 6Diamonds P2 7Diamonds P3 KDiamonds 
P2 4Diamonds P3 4Spades P0 5Diamonds P1 2Spades 
P0 JSpades P1 2Clubs P2 QSpades P3 7Spades 
P1 4Clubs P2 3Clubs P3 6Clubs P0 KClubs 
P0 5Spades P1 JClubs P2 5Clubs P3 QHearts 
P1 AClubs P2 7Clubs P3 QClubs P0 6Hearts 
-- /GAME --
P0 HAND: KClubs, 6Clubs, 5Clubs, 3Clubs, QHearts, 6Hearts, 5Hearts, JSpades, QSpades, 4Spades.
P1 HAND: JDiamonds, QDiamonds, 2Diamonds, QClubs, JHearts, 4Hearts, 7Spades, KSpades, 6Spades, 3Spades.
P2 HAND: ADiamonds, KDiamonds, 4Diamonds, JClubs, 4Clubs, 2Clubs, KHearts, 2Hearts, 5Spades, 2Spades.
P3 HAND: 7Diamonds, 6Diamonds, 5Diamonds, 3Diamonds, AClubs, 7Clubs, AHearts, 7Hearts, 3Hearts, ASpades.
P2 ADiamonds P3 3Diamonds P0 KClubs P1 2Diamonds 
P2 2Clubs P3 AClubs P0 3Clubs P1 QClubs 
P3 AHearts P0 5Hearts P1 JHearts P2 2Hearts 
P3 3Hearts P0 QHearts P1 4Hearts P2 KHearts 
P2 4Diamonds P3 5Diamonds P0 6Hearts P1 JDiamonds 
P1 QDiamonds P2 KDiamonds P3 6Diamonds P0 6Clubs 
P2 4Clubs P3 7Clubs P0 5Clubs P1 3Spades 
P1 6Spades P2 2Spades P3 ASpades P0 4Spades 
P3 7Diamonds P0 JSpades P1 KSpades P2 JClubs 
P1 7Spades P2 5Spades P3 7Hearts P0 QSpades 
-- /GAME --
P0 HAND: KDiamonds, 6Diamonds, 5Diamonds, JClubs, AHearts, 7Hearts, 5Hearts, JSpades, QSpades, 4Spades.
P1 HAND: JDiamonds, QDiamonds, 3Diamonds, KClubs, 6Clubs, 2Clubs, KHearts, JHearts, QHearts, 7Spades.
P2 HAND: 7Diamonds, 4Diamonds, 2Diamonds, 7Clubs, 5Clubs, 2Hearts, ASpades, 6Spades, 3Spades, 2Spades.
P3 HAND: ADiamonds, AClubs, QClubs, 4Clubs, 3Clubs, 6Hearts, 4Hearts, 3Hearts, KSpades, 5Spades.
P1 3Diamonds P2 2Diamonds P3 ADiamonds P0 5Diamonds 
P3 3Hearts P0 AHearts P1 QHearts P2 2Hearts 
P0 JSpades P1 7Spades P2 ASpades P3 5Spades 
P2 2Spades P3 KSpades P0 4Spades P1 KHearts 
P3 4Hearts P0 7Hearts P1 JHearts P2 7Diamonds 
P0 QSpades P1 QDiamonds P2 3Spades P3 6Hearts 
P0 KDiamonds P1 JDiamonds P2 4Diamonds P3 3Clubs 
P3 4Clubs P0 JClubs P1 2Clubs P2 5Clubs 
P0 5Hearts P1 6Clubs P2 6Spades P3 QClubs 
P3 AClubs P0 6Diamonds P1 KClubs P2 7Clubs 
-- /GAME --
P0 HAND: ADiamonds, KDiamonds, 5Diamonds, 7Clubs, KClubs, 6Clubs, JHearts, 4Hearts, QSpades, 6Spades.
P1 HAND: JDiamonds, QDiamonds, 3Diamonds, JClubs, 5Clubs, AHearts, KHearts, 6Hearts, 3Hearts, 2Spades.
P2 HAND: 4Diamonds, 2Diamonds, AClubs, QClubs, 4Clubs, 3Clubs, 2Clubs, 2Hearts, ASpades, 7Spades.
P3 HAND: 7Diamonds, 6Diamonds, 7Hearts, QHearts, 5Hearts, KSpades, JSpades, 5Spades, 4Spades, 3Spades.
P0 ADiamonds P1 3Diamonds P2 4Diamonds P3 6Diamonds 
P0 6Clubs P1 5Clubs P2 AClubs P3 5Hearts 
P3 3Spades P0 QSpades P1 2Spades P2 ASpades 
P2 2Diamonds P3 7Diamonds P0 5Diamonds P1 JDiamonds 
P3 4Spades P0 6Spades P1 QDiamonds P2 7Spades 
P2 2Clubs P3 5Spades P0 7Clubs P1 JClubs 
P0 KDiamonds P1 3Hearts P2 3Clubs P3 KSpades 
P1 6Hearts P2 2Hearts P3 QHearts P0 JHearts 
P0 KClubs P1 KHearts P2 4Clubs P3 JSpades 
P1 AHearts P2 QClubs P3 7Hearts P0 4Hearts 
-- /GAME --

