-- GAME --
P0 HAND: QDiamonds, 4Diamonds, 7Clubs, KHearts, JHearts, 4Hearts, KSpades, JSpades, QSpades, 5Spades.
P1 HAND: KDiamonds, 6Diamonds, JClubs, QClubs, 6Clubs, AHearts, QHearts, 2Hearts, 6Spades, 4Spades.
P2 HAND: JDiamonds, 5Diamonds, 2Diamonds, KClubs, 5Clubs, 4Clubs, 7Hearts, 5Hearts, 3Hearts, 3Spades.
P3 HAND: ADiamonds, 7Diamonds, 3Diamonds, AClubs, 3Clubs, 2Clubs, 6Hearts, ASpades, 7Spades, 2Spades.
P2 3Hearts P3 6Hearts P0 4Hearts P1 AHearts 
P1 2Hearts P2 5Hearts P3 2Clubs P0 KHearts 
P0 JHearts P1 QHearts P2 7Hearts P3 3Diamonds 
P3 AClubs P0 7Clubs P1 JClubs P2 4Clubs 
P3 ASpades P0 5Spades P1 6Spades P2 3Spades 
P3 2Spades P0 KSpades P1 4Spades P2 KClubs 
P0 JSpades P1 6Clubs P2 5Clubs P3 7Spades 
P3 3Clubs P0 QDiamonds P1 QClubs P2 2Diamonds 
P0 QSpades P1 6Diamonds P2 5Diamonds P3 7Diamonds 
P3 ADiamonds P0 4Diamonds P1 KDiamonds P2 JDiamonds 
-- /GAME --
P0 HAND: QDiamonds, 4Diamonds, KClubs, QClubs, AHearts, JHearts, 4Hearts, 3Hearts, 6Spades, 3Spades.
P1 HAND: KDiamonds, 2Diamonds, AClubs, JClubs, 5Clubs, 3Clubs, 7Hearts, 6Hearts, 5Hearts, JSpades.
P2 HAND: 7Diamonds, 5Diamonds, 6Clubs, KHearts, QHearts, 7Spades, QSpades, 5Spades, 4Spades, 2Spades.
P3 HAND: ADiamonds, JDiamonds, 6Diamonds, 3Diamonds, 7Clubs, 4Clubs, 2Clubs, 2Hearts, ASpades, KSpades.
P1 AClubs P2 6Clubs P3 7Clubs P0 QClubs 
P1 2Diamonds P2 5Diamonds P3 ADiamonds P0 4Diamonds 
P3 ASpades P0 3Spades P1 JSpades P2 2Spades 
P3 2Clubs P0 KClubs P1 3Clubs P2 7Diamonds 
P0 QDiamonds P1 KDiamonds P2 QHearts P3 3Diamonds 
P2 4Spades P3 KSpades P0 6Spades P1 JClubs 
P3 4Clubs P0 3Hearts P1 5Clubs P2 7Spades 
P0 4Hearts P1 5Hearts P2 KHearts P3 2Hearts 
P2 5Spades P3 6Diamonds P0 JHearts P1 6Hearts 
P0 AHearts P1 7Hearts P2 QSpades P3 JDiamonds 
-- /GAME --
P0 HAND: KDiamonds, 5Diamonds, AClubs, 4Clubs, AHearts, 5Hearts, QSpades, 5Spades, 4Spades, 3Spades.
P1 HAND: JDiamonds, 3Diamonds, KClubs, QClubs, 3Clubs, 7Hearts, JHearts, 3Hearts, ASpades, 6Spades.
P2 HAND: ADiamonds, 7Diamonds, 4Diamonds, 5Clubs, QHearts, 6Hearts, 4Hearts, 7Spades, KSpades, JSpades.
P3 HAND: QDiamonds, 6Diamonds, 2Diamonds, 7Clubs, JClubs, 6Clubs, 2Clubs, KHearts, 2Hearts, 2Spades.
P0 AClubs P1 3Clubs P2 5Clubs P3 2Clubs 
P0 AHearts P1 3Hearts P2 QHearts P3 2Hearts 
P0 5Hearts P1 JHearts P2 4Hearts P3 KHearts 
P3 2Diamonds P0 KDiamonds P1 3Diamonds P2 ADiamonds 
P2 4Diamonds P3 6Diamonds P0 5Diamonds P1 JDiamonds 
P1 QClubs P2 6Hearts P3 7Clubs P0 4Clubs 
P3 6Clubs P0 3Spades P1 KClubs P2 7Diamonds 
P0 4Spades P1 6Spades P2 JSpades P3 2Spades 
P2 KSpades P3 QDiamonds P0 QSpades P1 ASpades 
P1 7Hearts P2 7Spades P3 JClubs P0 5Spades 
-- /GAME --
P0 HAND: KDiamonds, QDiamonds, 6Diamonds, 3Clubs, 6Hearts, 4Hearts, 3Hearts, JSpades, QSpades, 6Spades.
P1 HAND: ADiamonds, 3Diamonds, AClubs, 7Clubs, 6Clubs, 5Clubs, JHearts, 7Spades, 5Spades, 4Spades.
P2 HAND: 7Diamonds, 5Diamonds, KClubs, JClubs, 4Clubs, 7Hearts, QHearts, ASpades, 3Spades, 2Spades.
P3 HAND: JDiamonds, 4Diamonds, 2Diamonds, QClubs, 2Clubs, AHearts, KHearts, 5Hearts, 2Hearts, KSpades.

