-- GAME --
P0 HAND: ADiamonds, 7Diamonds, AClubs, KClubs, 5Clubs, JHearts, 2Hearts, 7Spades, JSpades, 4Spades.
P1 HAND: 5Diamonds, 4Diamonds, JClubs, 4Clubs, 3Clubs, 5Hearts, 3Hearts, KSpades, 6Spades, 5Spades.
P2 HAND: KDiamonds, JDiamonds, QDiamonds, 3Diamonds, 7Clubs, AHearts, 6Hearts, ASpades, QSpades, 2Spades.
P3 HAND: 6Diamonds, 2Diamonds, QClubs, 6Clubs, 2Clubs, 7Hearts, KHearts, QHearts, 4Hearts, 3Spades.
P0 ADiamonds P1 4Diamonds P2 KDiamonds P3 2Diamonds 
P0 7Diamonds P1 5Diamonds P2 3Diamonds P3 6Diamonds 
P0 AClubs P1 3Clubs P2 7Clubs P3 2Clubs 
P0 KClubs P1 4Clubs P2 ASpades P3 6Clubs 
P0 5Clubs P1 JClubs P2 2Spades P3 QClubs 
P1 5Spades P2 QSpades P3 3Spades P0 7Spades 
P0 4Spades P1 6Spades P2 QDiamonds P3 4Hearts 
P3 QHearts P0 JHearts P1 3Hearts P2 6Hearts 
P0 JSpades P1 KSpades P2 AHearts P3 KHearts 
P2 JDiamonds P3 7Hearts P0 2Hearts P1 5Hearts 
-- /GAME --
P0 HAND: JDiamonds, QDiamonds, 2Diamonds, 3Clubs, 5Hearts, 2Hearts, KSpades, QSpades, 5Spades, 4Spades.
P1 HAND: 5Diamonds, 3Diamonds, KClubs, 2Clubs, AHearts, 7Hearts, JHearts, 3Hearts, ASpades, 3Spades.
P2 HAND: KDiamonds, 6Diamonds, 4Diamonds, AClubs, 7Clubs, QClubs, KHearts, 6Hearts, JSpades, 2Spades.
P3 HAND: ADiamonds, 7Diamonds, JClubs, 6Clubs, 5Clubs, 4Clubs, QHearts, 4Hearts, 7Spades, 6Spades.
P3 ADiamonds P0 2Diamonds P1 5Diamonds P2 4Diamonds 
P3 4Clubs P0 3Clubs P1 2Clubs P2 AClubs 
P2 2Spades P3 6Spades P0 5Spades P1 ASpades 
P1 3Diamonds P2 6Diamonds P3 7Diamonds P0 QDiamonds 
P3 5Clubs P0 5Hearts P1 KClubs P2 7Clubs 
P0 2Hearts P1 3Hearts P2 6Hearts P3 4Hearts 
P2 QClubs P3 6Clubs P0 JDiamonds P1 JHearts 
P1 3Spades P2 JSpades P3 7Spades P0 4Spades 
P3 JClubs P0 KSpades P1 7Hearts P2 KDiamonds 
P1 AHearts P2 KHearts P3 QHearts P0 QSpades 
-- /GAME --
P0 HAND: 6Diamonds, 5Diamonds, 4Diamonds, AClubs, KClubs, JClubs, KHearts, QHearts, 5Hearts, 4Spades.
P1 HAND: 7Diamonds, 5Clubs, 2Clubs, 7Hearts, 4Hearts, 3Hearts, ASpades, KSpades, 6Spades, 5Spades.
P2 HAND: ADiamonds, QDiamonds, 3Diamonds, 2Diamonds, QClubs, 4Clubs, 3Clubs, 2Hearts, 7Spades, 3Spades.
P3 HAND: KDiamonds, JDiamonds, 7Clubs, 6Clubs, AHearts, JHearts, 6Hearts, JSpades, QSpades, 2Spades.
P2 ADiamonds P3 JDiamonds P0 6Diamonds P1 7Diamonds 
P2 2Diamonds P3 KDiamonds P0 5Diamonds P1 7Hearts 
P3 AHearts P0 5Hearts P1 4Hearts P2 2Hearts 
P3 6Clubs P0 AClubs P1 2Clubs P2 QClubs 
P0 4Diamonds P1 3Hearts P2 3Diamonds P3 6Hearts 
P0 4Spades P1 5Spades P2 3Spades P3 2Spades 
P1 5Clubs P2 3Clubs P3 7Clubs P0 JClubs 
P3 JHearts P0 KHearts P1 6Spades P2 7Spades 
P2 4Clubs P3 QSpades P0 KClubs P1 KSpades 
P1 ASpades P2 QDiamonds P3 JSpades P0 QHearts 
-- /GAME --
P0 HAND: 2Diamonds, AClubs, 7Clubs, 6Clubs, 3Clubs, KHearts, 2Hearts, QSpades, 3Spades, 2Spades.
P1 HAND: 7Diamonds, JDiamonds, 5Diamonds, 4Diamonds, KClubs, 4Clubs, 7Hearts, QHearts, KSpades, 4Spades.
P2 HAND: ADiamonds, KDiamonds, QDiamonds, 6Diamonds, QClubs, 5Clubs, JHearts, 6Hearts, 5Hearts, 3Hearts.
P3 HAND: 3Diamonds, JClubs, 2Clubs, AHearts, 4Hearts, ASpades, 7Spades, JSpades, 6Spades, 5Spades.
P1 4Diamonds P2 ADiamonds P3 3Diamonds P0 2Diamonds 
P2 3Hearts P3 AHearts P0 2Hearts P1 7Hearts 
P3 4Hearts P0 KHearts P1 QHearts P2 JHearts 
P0 QSpades P1 4Spades P2 5Hearts P3 ASpades 
P3 5Spades P0 3Spades P1 KSpades P2 6Diamonds 
P1 5Diamonds P2 QDiamonds P3 6Spades P0 2Spades 
P2 6Hearts P3 2Clubs P0 3Clubs P1 4Clubs 
P1 JDiamonds P2 KDiamonds P3 JClubs P0 AClubs 
P0 7Clubs P1 KClubs P2 5Clubs P3 JSpades 
P0 6Clubs P1 7Diamonds P2 QClubs P3 7Spades 
-- /GAME --
P0 HAND: JDiamonds, 5Diamonds, 4Diamonds, JClubs, QClubs, 6Clubs, 5Hearts, 7Spades, QSpades, 6Spades.
P1 HAND: KDiamonds, 3Diamonds, 2Diamonds, 4Clubs, 2Clubs, 7Hearts, JHearts, 6Hearts, 5Spades, 3Spades.
P2 HAND: 7Clubs, 5Clubs, 3Clubs, AHearts, KHearts, 4Hearts, 3Hearts, KSpades, 4Spades, 2Spades.
P3 HAND: ADiamonds, 7Diamonds, QDiamonds, 6Diamonds, AClubs, KClubs, QHearts, 2Hearts, ASpades, JSpades.
P0 5Hearts P1 6Hearts P2 3Hearts P3 2Hearts 
P1 2Diamonds P2 2Spades P3 ADiamonds P0 4Diamonds 
P3 AClubs P0 6Clubs P1 4Clubs P2 3Clubs 
P3 ASpades P0 6Spades P1 5Spades P2 4Spades 
P3 6Diamonds P0 JDiamonds P1 3Diamonds P2 7Clubs 
P0 5Diamonds P1 KDiamonds P2 5Clubs P3 7Diamonds 
P3 QDiamonds P0 QSpades P1 2Clubs P2 4Hearts 
P2 KHearts P3 QHearts P0 JClubs P1 7Hearts 
P1 3Spades P2 KSpades P3 JSpades P0 7Spades 
P0 QClubs P1 JHearts P2 AHearts P3 KClubs 
-- /GAME --
P0 HAND: ADiamonds, JDiamonds, 5Diamonds, 7Clubs, 2Clubs, KHearts, 6Hearts, 5Hearts, 7Spades, QSpades.
P1 HAND: KDiamonds, 2Diamonds, AClubs, JClubs, 4Clubs, 3Clubs, 3Hearts, ASpades, JSpades, 2Spades.
P2 HAND: 7Diamonds, QDiamonds, 3Diamonds, KClubs, AHearts, 4Hearts, 2Hearts, KSpades, 6Spades, 3Spades.
P3 HAND: 6Diamonds, 4Diamonds, QClubs, 6Clubs, 5Clubs, 7Hearts, JHearts, QHearts, 5Spades, 4Spades.
P0 ADiamonds P1 2Diamonds P2 7Diamonds P3 4Diamonds 
P0 JDiamonds P1 KDiamonds P2 3Diamonds P3 6Diamonds 
P1 AClubs P2 KClubs P3 QClubs P0 2Clubs 
P1 3Clubs P2 2Hearts P3 5Clubs P0 7Clubs 
P0 5Diamonds P1 3Hearts P2 QDiamonds P3 6Clubs 
P2 AHearts P3 QHearts P0 KHearts P1 2Spades 
P1 4Clubs P2 4Hearts P3 4Spades P0 6Hearts 
P3 JHearts P0 5Hearts P1 JSpades P2 KSpades 
P2 3Spades P3 5Spades P0 QSpades P1 ASpades 
P1 JClubs P2 6Spades P3 7Hearts P0 7Spades 
-- /GAME --
P0 HAND: ADiamonds, 7Diamonds, 4Diamonds, AClubs, 7Clubs, 7Hearts, 4Hearts, 7Spades, 5Spades, 2Spades.
P1 HAND: KDiamonds, 2Diamonds, JClubs, QClubs, 5Clubs, 4Clubs, 5Hearts, 2Hearts, ASpades, KSpades.
P2 HAND: 6Diamonds, 5Diamonds, KClubs, 2Clubs, KHearts, JHearts, 6Hearts, 3Hearts, 6Spades, 3Spades.
P3 HAND: JDiamonds, QDiamonds, 3Diamonds, 6Clubs, 3Clubs, AHearts, QHearts, JSpades, QSpades, 4Spades.
P3 3Diamonds P0 ADiamonds P1 2Diamonds P2 6Diamonds 
P0 7Diamonds P1 KDiamonds P2 5Diamonds P3 QDiamonds 
P0 4Diamonds P1 4Clubs P2 2Clubs P3 JDiamonds 
P3 3Clubs P0 AClubs P1 5Clubs P2 KClubs 
P0 7Clubs P1 QClubs P2 6Spades P3 6Clubs 
P0 2Spades P1 ASpades P2 3Spades P3 JSpades 
P1 JClubs P2 3Hearts P3 4Spades P0 7Spades 
P2 6Hearts P3 QHearts P0 4Hearts P1 2Hearts 
P3 QSpades P0 5Spades P1 KSpades P2 JHearts 
P2 KHearts P3 AHearts P0 7Hearts P1 5Hearts 
-- /GAME --
P0 HAND: KDiamonds, 3Diamonds, AClubs, KClubs, 3Clubs, 2Clubs, 3Hearts, 7Spades, KSpades, 5Spades.
P1 HAND: 5Diamonds, 4Diamonds, QClubs, 4Clubs, 7Hearts, KHearts, QHearts, QSpades, 4Spades, 2Spades.
P2 HAND: ADiamonds, JDiamonds, QDiamonds, 6Diamonds, 2Diamonds, 7Clubs, JClubs, 6Clubs, 5Clubs, 4Hearts.
P3 HAND: 7Diamonds, AHearts, JHearts, 6Hearts, 5Hearts, 2Hearts, ASpades, JSpades, 6Spades, 3Spades.
P2 2Diamonds P3 7Diamonds P0 KDiamonds P1 5Diamonds 
P3 ASpades P0 5Spades P1 QSpades P2 4Hearts 
P2 5Clubs P3 3Spades P0 AClubs P1 4Clubs 
P0 7Spades P1 2Spades P2 ADiamonds P3 6Spades 
P0 KSpades P1 4Spades P2 6Diamonds P3 JSpades 
P0 3Diamonds P1 4Diamonds P2 QDiamonds P3 2Hearts 
P3 5Hearts P0 3Hearts P1 QHearts P2 6Clubs 
P1 QClubs P2 JClubs P3 6Hearts P0 3Clubs 
P3 JHearts P0 2Clubs P1 KHearts P2 JDiamonds 
P1 7Hearts P2 7Clubs P3 AHearts P0 KClubs 
-- /GAME --
P0 HAND: ADiamonds, 7Diamonds, KDiamonds, JDiamonds, 4Diamonds, 5Clubs, 2Clubs, ASpades, 6Spades, 2Spades.
P1 2Diamonds P1 HAND: 2Diamonds, 7Clubs, JClubs, 7Hearts, 5Hearts, KSpades, JSpades, 5Spades, 4Spades, 3Spades.
P2 HAND: 6Diamonds, 5Diamonds, 3Diamonds, QClubs, 4Clubs, 3Clubs, AHearts, KHearts, 6Hearts, 3Hearts.
P3 HAND: QDiamonds, AClubs, KClubs, 6Clubs, JHearts, QHearts, 4Hearts, 2Hearts, 7Spades, QSpades.
P2 3Diamonds P3 QDiamonds P0 ADiamonds 
P0 ASpades P1 3Spades P2 AHearts P3 QSpades 
P0 6Spades P1 4Spades P2 3Clubs P3 7Spades 
P3 AClubs P0 5Clubs P1 7Clubs P2 4Clubs 
P3 2Hearts P0 2Clubs P1 7Hearts P2 3Hearts 
P1 5Hearts P2 6Hearts P3 4Hearts P0 7Diamonds 
P2 5Diamonds P3 6Clubs P0 KDiamonds P1 5Spades 
P1 JClubs P2 QClubs P3 KClubs P0 2Spades 

