-- GAME --
P0 HAND: 5Diamonds, KClubs, 4Clubs, 3Clubs, 7Hearts, QHearts, 6Hearts, 5Hearts, 4Hearts, 3Hearts.
P1 HAND: ADiamonds, 7Diamonds, 4Diamonds, 7Clubs, 6Clubs, 2Clubs, 2Hearts, ASpades, KSpades, 2Spades.
P2 HAND: JDiamonds, QDiamonds, 3Diamonds, AClubs, JClubs, AHearts, KHearts, 7Spades, QSpades, 4Spades.
P3 HAND: KDiamonds, 6Diamonds, 2Diamonds, QClubs, 5Clubs, JHearts, JSpades, 6Spades, 5Spades, 3Spades.
P0 5Diamonds P1 ADiamonds P2 3Diamonds P3 KDiamonds 
P1 ASpades P2 4Spades P3 JSpades P0 KClubs 
P0 3Hearts P1 2Hearts P2 AHearts P3 JHearts 
P2 QDiamonds P3 2Diamonds P0 4Hearts P1 7Diamonds 
P1 2Spades P2 7Spades P3 3Spades P0 7Hearts 
P2 QSpades P3 5Spades P0 5Hearts P1 KSpades 
P1 4Diamonds P2 JDiamonds P3 6Diamonds P0 6Hearts 
P2 JClubs P3 5Clubs P0 3Clubs P1 2Clubs 
P2 AClubs P3 QClubs P0 4Clubs P1 6Clubs 
P2 KHearts P3 6Spades P0 QHearts P1 7Clubs 
-- /GAME --
P0 HAND: ADiamonds, 7Diamonds, KDiamonds, KClubs, 2Clubs, 7Hearts, KHearts, 4Hearts, KSpades, JSpades.
P1 HAND: JDiamonds, 5Diamonds, AClubs, JClubs, 4Clubs, QHearts, 6Hearts, 2Hearts, ASpades, QSpades.
P2 HAND: QDiamonds, 6Diamonds, 4Diamonds, 3Diamonds, 2Diamonds, QClubs, AHearts, 5Hearts, 4Spades, 3Spades.
P3 HAND: 7Clubs, 6Clubs, 5Clubs, 3Clubs, JHearts, 3Hearts, 7Spades, 6Spades, 5Spades, 2Spades.
P3 2Spades P0 KSpades P1 ASpades P2 3Spades 
P1 AClubs P2 QClubs P3 7Clubs P0 2Clubs 
P1 2Hearts P2 AHearts P3 3Hearts P0 7Hearts 
P2 4Spades P3 5Spades P0 JSpades P1 QSpades 
P0 ADiamonds P1 5Diamonds P2 2Diamonds P3 3Clubs 
P0 KDiamonds P1 JDiamonds P2 3Diamonds P3 5Clubs 
P0 7Diamonds P1 4Clubs P2 4Diamonds P3 6Clubs 
P0 KClubs P1 JClubs P2 6Diamonds P3 6Spades 
P2 5Hearts P3 JHearts P0 KHearts P1 6Hearts 
P0 4Hearts P1 QHearts P2 QDiamonds P3 7Spades 
-- /GAME --
P0 HAND: KDiamonds, 5Diamonds, 3Diamonds, 5Clubs, 3Clubs, QHearts, 4Hearts, ASpades, JSpades, 2Spades.
P1 HAND: ADiamonds, 7Diamonds, QDiamonds, 4Diamonds, 7Clubs, KClubs, JClubs, JHearts, 6Hearts, KSpades.
P2 HAND: AClubs, QClubs, 6Clubs, 4Clubs, KHearts, 5Hearts, 3Hearts, 5Spades, 4Spades, 3Spades.
P3 HAND: JDiamonds, 6Diamonds, 2Diamonds, 2Clubs, AHearts, 7Hearts, 2Hearts, 7Spades, QSpades, 6Spades.
P2 AClubs P3 2Clubs P0 5Clubs P1 JClubs 
P2 3Hearts P3 AHearts P0 4Hearts P1 JHearts 
P3 2Diamonds P0 KDiamonds P1 ADiamonds P2 3Spades 
P2 4Clubs P3 2Hearts P0 3Clubs P1 7Clubs 
P1 4Diamonds P2 5Hearts P3 6Diamonds P0 5Diamonds 
P3 JDiamonds P0 3Diamonds P1 QDiamonds P2 4Spades 
P2 6Clubs P3 6Spades P0 QHearts P1 KClubs 
P3 QSpades P0 2Spades P1 KSpades P2 5Spades 
P1 6Hearts P2 KHearts P3 7Hearts P0 JSpades 
P0 ASpades P1 7Diamonds P2 QClubs P3 7Spades 
-- /GAME --
P0 HAND: 7Diamonds, 7Clubs, JClubs, QClubs, 2Clubs, 7Hearts, QHearts, 6Hearts, JSpades, 6Spades.
P1 HAND: ADiamonds, 6Diamonds, 4Diamonds, 2Diamonds, KClubs, 6Clubs, AHearts, JHearts, 7Spades, 5Spades.
P2 HAND: QDiamonds, 5Diamonds, 3Diamonds, AClubs, KHearts, 2Hearts, ASpades, QSpades, 4Spades, 3Spades.
P3 HAND: KDiamonds, JDiamonds, 5Clubs, 4Clubs, 3Clubs, 5Hearts, 4Hearts, 3Hearts, KSpades, 2Spades.
P1 ADiamonds P2 3Diamonds P3 KDiamonds P0 7Diamonds 
P1 AHearts P2 2Hearts P3 5Hearts P0 6Hearts 
P1 2Diamonds P2 5Diamonds P3 JDiamonds P0 6Spades 
P3 2Spades P0 JSpades P1 5Spades P2 ASpades 
P2 3Spades P3 KSpades P0 7Clubs P1 7Spades 
P0 2Clubs P1 6Clubs P2 AClubs P3 3Clubs 
P2 4Spades P3 3Hearts P0 QHearts P1 4Diamonds 
P2 QDiamonds P3 4Hearts P0 JClubs P1 6Diamonds 
P0 QClubs P1 KClubs P2 QSpades P3 4Clubs 
P1 JHearts P2 KHearts P3 5Clubs P0 7Hearts 
-- /GAME --
P0 HAND: 6Diamonds, 5Diamonds, KClubs, QClubs, 3Clubs, 2Clubs, QHearts, 5Hearts, QSpades, 6Spades.
P1 HAND: ADiamonds, 7Diamonds, 4Diamonds, 2Diamonds, 7Clubs, 6Clubs, 4Clubs, 7Spades, KSpades, 3Spades.
P2 HAND: JDiamonds, QDiamonds, AClubs, JClubs, 7Hearts, KHearts, 6Hearts, 4Hearts, ASpades, 5Spades.
P3 HAND: KDiamonds, 3Diamonds, 5Clubs, AHearts, JHearts, 3Hearts, 2Hearts, JSpades, 4Spades, 2Spades.
P0 5Hearts P1 2Diamonds P2 4Hearts P3 AHearts 
P3 2Hearts P0 QHearts P1 4Diamonds P2 7Hearts 
P2 AClubs P3 5Clubs P0 KClubs P1 4Clubs 
P2 6Hearts P3 3Hearts P0 5Diamonds P1 6Clubs 
P2 QDiamonds P3 3Diamonds P0 6Diamonds P1 ADiamonds 
P1 3Spades P2 5Spades P3 2Spades P0 QSpades 
P0 QClubs P1 7Clubs P2 JClubs P3 KDiamonds 
P1 KSpades P2 ASpades P3 4Spades P0 6Spades 
P2 JDiamonds P3 JSpades P0 2Clubs P1 7Diamonds 
P3 JHearts P0 3Clubs P1 7Spades P2 KHearts 
-- /GAME --
P0 HAND: KDiamonds, QDiamonds, 5Diamonds, 4Diamonds, AClubs, 7Clubs, AHearts, 7Hearts, JHearts, 7Spades.
P1 HAND: JDiamonds, 2Diamonds, QClubs, 6Clubs, QHearts, ASpades, KSpades, QSpades, 6Spades, 4Spades.
P2 HAND: ADiamonds, 6Diamonds, KClubs, JClubs, 2Clubs, 6Hearts, 5Hearts, 3Hearts, JSpades, 5Spades.
P3 HAND: 7Diamonds, 3Diamonds, 5Clubs, 4Clubs, 3Clubs, KHearts, 4Hearts, 2Hearts, 3Spades, 2Spades.

