-- GAME --
P0 HAND: 7Diamonds, QDiamonds, AClubs, QClubs, 7Hearts, KHearts, 7Spades, JSpades, 5Spades, 4Spades.
P1 HAND: KDiamonds, 6Diamonds, 3Diamonds, 2Diamonds, 3Clubs, 5Hearts, ASpades, 6Spades, 3Spades, 2Spades.
P2 HAND: ADiamonds, JDiamonds, 4Diamonds, 5Clubs, AHearts, QHearts, 6Hearts, 2Hearts, KSpades, QSpades.
P3 HAND: 5Diamonds, 7Clubs, KClubs, JClubs, 6Clubs, 4Clubs, 2Clubs, JHearts, 4Hearts, 3Hearts.
P0 KHearts P1 5Hearts P2 AHearts P3 3Hearts 
P2 ADiamonds P3 5Diamonds P0 QDiamonds P1 2Diamonds 
P2 2Hearts P3 4Hearts P0 7Hearts P1 3Clubs 
P1 ASpades P2 QSpades P3 JHearts P0 4Spades 
P1 2Spades P2 KSpades P3 2Clubs P0 5Spades 
P3 4Clubs P0 QClubs P1 3Diamonds P2 5Clubs 
P0 7Diamonds P1 6Diamonds P2 4Diamonds P3 6Clubs 
P3 JClubs P0 AClubs P1 3Spades P2 JDiamonds 
P0 JSpades P1 6Spades P2 6Hearts P3 KClubs 
P3 7Clubs P0 7Spades P1 KDiamonds P2 QHearts 
-- /GAME --
P0 HAND: AClubs, KClubs, QClubs, 6Clubs, KHearts, QHearts, KSpades, QSpades, 5Spades, 2Spades.
P1 HAND: ADiamonds, KDiamonds, JDiamonds, 3Diamonds, JClubs, 5Clubs, JSpades, 6Spades, 4Spades, 3Spades.
P2 HAND: 7Diamonds, 6Diamonds, 4Diamonds, 3Clubs, AHearts, 7Hearts, JHearts, 5Hearts, 4Hearts, 3Hearts.
P3 HAND: QDiamonds, 5Diamonds, 2Diamonds, 7Clubs, 4Clubs, 2Clubs, 6Hearts, 2Hearts, ASpades, 7Spades.
P3 ASpades P0 KSpades P1 JSpades P2 3Hearts 
P2 3Clubs P3 2Clubs P0 AClubs P1 5Clubs 
P0 6Clubs P1 JClubs P2 4Diamonds P3 7Clubs 
P3 2Diamonds P0 KClubs P1 ADiamonds P2 6Diamonds 
P1 3Diamonds P2 7Diamonds P3 5Diamonds P0 QClubs 
P2 4Hearts P3 2Hearts P0 KHearts P1 3Spades 
P0 QSpades P1 4Spades P2 5Hearts P3 7Spades 
P2 JHearts P3 6Hearts P0 QHearts P1 6Spades 
P2 7Hearts P3 4Clubs P0 2Spades P1 JDiamonds 
P2 AHearts P3 QDiamonds P0 5Spades P1 KDiamonds 
-- /GAME --
P0 HAND: ADiamonds, KDiamonds, JDiamonds, 3Diamonds, 2Diamonds, 7Clubs, JClubs, 5Clubs, 7Spades, KSpades.
P1 HAND: QDiamonds, 5Diamonds, 4Diamonds, AHearts, 7Hearts, JHearts, 4Hearts, 2Hearts, JSpades, 3Spades.
P2 HAND: 7Diamonds, AClubs, KClubs, 6Clubs, 3Clubs, QHearts, 3Hearts, QSpades, 5Spades, 4Spades.
P3 HAND: 6Diamonds, QClubs, 4Clubs, 2Clubs, KHearts, 6Hearts, 5Hearts, ASpades, 6Spades, 2Spades.
P2 AClubs P3 2Clubs P0 7Clubs P1 2Hearts 
P1 3Spades P2 4Spades P3 ASpades P0 KSpades 
P3 2Spades P0 7Spades P1 JSpades P2 QSpades 
P0 ADiamonds P1 4Diamonds P2 7Diamonds P3 6Diamonds 
P0 KDiamonds P1 5Diamonds P2 KClubs P3 5Hearts 
P3 4Clubs 
