-- GAME --
P0 HAND: 5Diamonds, 3Diamonds, 6Clubs, 5Clubs, 3Clubs, 2Clubs, 5Hearts, 3Hearts, 2Hearts, 6Spades.
P1 HAND: ADiamonds, 7Diamonds, KDiamonds, JDiamonds, 6Diamonds, 4Clubs, KHearts, 6Hearts, 4Hearts, 4Spades.
P2 HAND: QDiamonds, 2Diamonds, AClubs, 7Clubs, QClubs, JHearts, ASpades, KSpades, JSpades, 3Spades.
P3 HAND: 4Diamonds, KClubs, JClubs, AHearts, 7Hearts, QHearts, 7Spades, QSpades, 5Spades, 2Spades.
P3 AHearts P0 2Hearts P1 KHearts P2 JHearts 
P3 2Spades P0 6Spades P1 4Spades P2 ASpades 
P2 2Diamonds P3 4Diamonds P0 3Diamonds P1 ADiamonds 
P1 4Hearts P2 3Spades P3 7Hearts P0 3Hearts 
P3 5Spades P0 5Diamonds P1 6Diamonds P2 KSpades 
P2 QDiamonds P3 QHearts P0 2Clubs P1 JDiamonds 
P0 5Hearts P1 6Hearts P2 QClubs P3 QSpades 
P2 JSpades P3 7Spades P0 3Clubs P1 4Clubs 
P1 KDiamonds P2 7Clubs P3 JClubs P0 5Clubs 
P2 AClubs P3 KClubs P0 6Clubs P1 7Diamonds 
-- /GAME --
P0 HAND: 7Diamonds, QDiamonds, 4Diamonds, KClubs, 6Clubs, 4Clubs, 7Hearts, JHearts, 4Hearts, JSpades.
P1 HAND: JDiamonds, 5Clubs, 3Clubs, KHearts, 6Hearts, 3Hearts, 7Spades, QSpades, 5Spades, 3Spades.
P2 HAND: ADiamonds, 3Diamonds, 7Clubs, QClubs, AHearts, QHearts, 5Hearts, ASpades, KSpades, 6Spades.
P3 HAND: KDiamonds, 6Diamonds, 5Diamonds, 2Diamonds, AClubs, JClubs, 2Clubs, 2Hearts, 4Spades, 2Spades.
P2 ADiamonds P3 2Diamonds P0 7Diamonds P1 JDiamonds 
P2 ASpades P3 2Spades P0 JSpades P1 3Spades 
P2 3Diamonds P3 5Diamonds P0 4Diamonds P1 7Spades 
P3 AClubs P0 4Clubs P1 5Clubs P2 QClubs 
P3 2Clubs P0 KClubs P1 3Clubs P2 7Clubs 
P2 6Spades P3 4Spades P0 QDiamonds P1 QSpades 
P1 5Spades P2 KSpades P3 6Diamonds P0 6Clubs 
P2 5Hearts P3 2Hearts P0 JHearts P1 3Hearts 
P0 4Hearts P1 6Hearts P2 QHearts P3 JClubs 
P2 AHearts P3 KDiamonds P0 7Hearts P1 KHearts 
-- /GAME --
P0 HAND: JDiamonds, QDiamonds, 6Diamonds, 3Diamonds, 5Clubs, 3Clubs, QHearts, 5Hearts, 6Spades, 5Spades.
P1 HAND: ADiamonds, KDiamonds, 5Diamonds, 6Clubs, 4Clubs, AHearts, KHearts, 3Hearts, ASpades, 3Spades.
P2 HAND: 7Diamonds, AClubs, JClubs, 2Clubs, 6Hearts, 2Hearts, KSpades, JSpades, QSpades, 4Spades.
P3 HAND: 4Diamonds, 2Diamonds, 7Clubs, KClubs, QClubs, 7Hearts, JHearts, 4Hearts, 7Spades, 2Spades.
P1 AHearts P2 2Hearts P3 7Hearts P0 5Hearts 
P1 ASpades P2 4Spades P3 7Spades P0 5Spades 
P1 3Hearts P2 6Hearts P3 4Hearts P0 QHearts 
P0 6Spades P1 3Spades P2 QSpades P3 2Spades 
P2 AClubs P3 QClubs P0 3Clubs P1 4Clubs 
P2 2Clubs P3 KClubs P0 5Clubs P1 6Clubs 
P3 JHearts P0 JDiamonds P1 KHearts P2 KSpades 
P0 3Diamonds P1 5Diamonds P2 7Diamonds P3 2Diamonds 
P2 JClubs P3 7Clubs P0 6Diamonds P1 KDiamonds 
P1 ADiamonds P2 JSpades P3 4Diamonds P0 QDiamonds 
-- /GAME --
P0 HAND: ADiamonds, 7Diamonds, 3Diamonds, 2Diamonds, JClubs, QClubs, 4Clubs, QSpades, 6Spades, 2Spades.
P1 HAND: JDiamonds, 4Diamonds, 6Clubs, 5Clubs, 3Clubs, QHearts, 4Hearts, 2Hearts, JSpades, 5Spades.
P2 HAND: KDiamonds, 5Diamonds, 7Clubs, KClubs, 2Clubs, 7Hearts, KHearts, 5Hearts, ASpades, 4Spades.
P3 HAND: QDiamonds, 6Diamonds, AClubs, AHearts, JHearts, 6Hearts, 3Hearts, 7Spades, KSpades, 3Spades.
P0 ADiamonds P1 4Diamonds P2 KDiamonds P3 6Diamonds 
P0 7Diamonds P1 JDiamonds P2 5Diamonds P3 QDiamonds 
P0 3Diamonds P1 3Clubs P2 2Clubs P3 3Spades 
P0 2Diamonds P1 5Clubs P2 4Spades P3 3Hearts 
P3 AClubs P0 4Clubs P1 6Clubs P2 KClubs 
P3 6Hearts P0 2Spades P1 2Hearts P2 5Hearts 
P3 JHearts P0 6Spades P1 4Hearts P2 KHearts 
P2 7Hearts P3 AHearts P0 QSpades P1 QHearts 
P3 KSpades P0 QClubs P1 5Spades P2 ASpades 
P2 7Clubs P3 7Spades P0 JClubs P1 JSpades 
-- /GAME --
P0 HAND: KDiamonds, 5Diamonds, 2Diamonds, 6Clubs, 6Hearts, 5Hearts, 2Hearts, ASpades, QSpades, 3Spades.
P1 HAND: ADiamonds, 7Diamonds, 3Diamonds, JClubs, 4Clubs, 3Clubs, 7Hearts, KSpades, 5Spades, 4Spades.
P2 HAND: JDiamonds, QDiamonds, 6Diamonds, 7Clubs, QClubs, 5Clubs, KHearts, QHearts, 4Hearts, 7Spades.
P3 HAND: 4Diamonds, AClubs, KClubs, 2Clubs, AHearts, JHearts, 3Hearts, JSpades, 6Spades, 2Spades.
P2 4Hearts P3 AHearts P0 2Hearts P1 7Hearts 

