-- GAME --
P0 HAND: QDiamonds, KClubs, 6Clubs, KHearts, QHearts, 4Hearts, 2Hearts, 7Spades, QSpades, 2Spades.
P1 HAND: 7Diamonds, 6Diamonds, 2Diamonds, JClubs, 3Clubs, 7Hearts, 3Hearts, ASpades, JSpades, 4Spades.
P2 HAND: KDiamonds, 5Diamonds, 3Diamonds, QClubs, 5Clubs, 4Clubs, AHearts, 6Hearts, 5Hearts, 5Spades.
P3 HAND: ADiamonds, JDiamonds, 4Diamonds, AClubs, 7Clubs, 2Clubs, JHearts, KSpades, 6Spades, 3Spades.
P1 ASpades P2 5Spades P3 KSpades P0 2Spades 
P1 3Clubs P2 4Clubs P3 AClubs P0 6Clubs 
P3 2Clubs P0 KClubs P1 JClubs P2 QClubs 
P0 KHearts P1 3Hearts P2 AHearts P3 JHearts 
P2 5Clubs P3 7Clubs P0 QDiamonds P1 7Diamonds 
P1 4Spades P2 5Hearts P3 3Spades P0 7Spades 
P0 2Hearts P1 7Hearts P2 6Hearts P3 6Spades 
P1 JSpades P2 3Diamonds P3 4Diamonds P0 QSpades 
P3 JDiamonds P0 QHearts P1 2Diamonds P2 KDiamonds 
P2 5Diamonds P3 ADiamonds P0 4Hearts P1 6Diamonds 
-- /GAME --
P0 HAND: 7Diamonds, AClubs, JClubs, 5Clubs, 2Clubs, AHearts, KHearts, JHearts, ASpades, JSpades.
P1 HAND: ADiamonds, 6Diamonds, 5Diamonds, 3Diamonds, 6Hearts, 7Spades, KSpades, 4Spades, 3Spades, 2Spades.
P2 HAND: JDiamonds, 2Diamonds, 7Clubs, 6Clubs, 4Clubs, QHearts, 3Hearts, 2Hearts, QSpades, 6Spades.
P3 HAND: KDiamonds, QDiamonds, 4Diamonds, KClubs, QClubs, 3Clubs, 7Hearts, 5Hearts, 4Hearts, 5Spades.
P0 JClubs P1 2Spades P2 4Clubs P3 3Clubs 
P0 5Clubs P1 3Diamonds P2 6Clubs P3 QClubs 
P3 4Diamonds P0 7Diamonds P1 ADiamonds P2 2Diamonds 
P1 3Spades P2 6Spades P3 5Spades P0 JSpades 
P0 AClubs P1 4Spades P2 7Clubs P3 KClubs 
P0 ASpades P1 KSpades P2 QSpades P3 4Hearts 
P0 AHearts P1 6Hearts P2 QHearts P3 5Hearts 
P0 JHearts P1 5Diamonds P2 2Hearts P3 7Hearts 
P3 QDiamonds P0 2Clubs P1 6Diamonds P2 JDiamonds 
P0 KHearts P1 7Spades P2 3Hearts P3 KDiamonds 
-- /GAME --
P0 HAND: QDiamonds, 3Diamonds, 3Clubs, 5Hearts, 2Hearts, 7Spades, QSpades, 6Spades, 4Spades, 3Spades.
P1 HAND: 7Diamonds, 5Diamonds, 4Diamonds, JClubs, QClubs, 2Clubs, KHearts, JHearts, KSpades, 2Spades.
P2 HAND: ADiamonds, JDiamonds, 7Clubs, KClubs, 6Clubs, 5Clubs, 4Clubs, AHearts, 7Hearts, 6Hearts.
P3 HAND: KDiamonds, 6Diamonds, 2Diamonds, AClubs, QHearts, 4Hearts, 3Hearts, ASpades, JSpades, 5Spades.
P3 ASpades P0 3Spades P1 KSpades P2 4Clubs 
P2 ADiamonds P3 2Diamonds P0 QDiamonds P1 4Diamonds 
P2 AHearts P3 3Hearts P0 2Hearts P1 JHearts 
P2 6Hearts P3 4Hearts P0 5Hearts P1 KHearts 
P1 2Spades P2 5Clubs P3 5Spades P0 7Spades 
P2 JDiamonds P3 6Diamonds P0 3Diamonds P1 7Diamonds 
P1 5Diamonds P2 6Clubs P3 KDiamonds P0 QSpades 
P2 KClubs P3 AClubs P0 3Clubs P1 2Clubs 
P3 QHearts P0 6Spades P1 QClubs P2 7Hearts 
P1 JClubs P2 7Clubs P3 JSpades P0 4Spades 
-- /GAME --
P0 HAND: 7Diamonds, KDiamonds, QDiamonds, 5Diamonds, 3Diamonds, 4Clubs, 3Clubs, 2Clubs, 7Hearts, 4Hearts.
P1 HAND: ADiamonds, 6Diamonds, 4Diamonds, 7Clubs, AHearts, 3Hearts, KSpades, JSpades, 6Spades, 3Spades.
P2 HAND: JDiamonds, 2Diamonds, AClubs, JHearts, QHearts, 6Hearts, 5Hearts, QSpades, 4Spades, 2Spades.
P3 HAND: KClubs, JClubs, QClubs, 6Clubs, 5Clubs, KHearts, 2Hearts, ASpades, 7Spades, 5Spades.
P2 AClubs P3 5Clubs P0 2Clubs P1 7Clubs 
P2 2Diamonds P3 2Hearts P0 3Diamonds P1 ADiamonds 
P1 AHearts P2 5Hearts P3 KHearts P0 4Hearts 
P1 3Hearts P2 6Hearts P3 6Clubs P0 7Hearts 
P0 3Clubs P1 4Diamonds P2 QHearts P3 KClubs 
P3 QClubs P0 4Clubs P1 6Diamonds P2 2Spades 
P2 JDiamonds P3 5Spades P0 5Diamonds P1 3Spades 
P3 JClubs P0 KDiamonds P1 6Spades P2 QSpades 
P2 JHearts P3 7Spades P0 QDiamonds P1 JSpades 
P3 ASpades P0 7Diamonds P1 KSpades P2 4Spades 
-- /GAME --
P0 HAND: KDiamonds, 6Diamonds, 3Diamonds, 2Diamonds, JClubs, QClubs, 6Clubs, 3Clubs, JHearts, 5Hearts.
P1 HAND: JDiamonds, AClubs, KClubs, 5Clubs, 4Hearts, ASpades, 7Spades, QSpades, 6Spades, 2Spades.
P2 HAND: 7Diamonds, 4Diamonds, 4Clubs, 7Hearts, QHearts, 3Hearts, 2Hearts, KSpades, JSpades, 3Spades.
P3 HAND: ADiamonds, QDiamonds, 5Diamonds, 7Clubs, 2Clubs, AHearts, KHearts, 6Hearts, 5Spades, 4Spades.
P1 AClubs P2 4Clubs P3 7Clubs P0 3Clubs 
P1 2Spades P2 3Spades P3 4Spades P0 5Hearts 
P3 AHearts P0 JHearts P1 4Hearts P2 2Hearts 
P3 2Clubs P0 JClubs P1 KClubs P2 4Diamonds 
P2 3Hearts P3 6Hearts P0 2Diamonds P1 5Clubs 
P0 6Clubs P1 6Spades P2 QHearts P3 5Spades 
P0 QClubs P1 QSpades P2 7Diamonds P3 ADiamonds 
P3 5Diamonds P0 3Diamonds P1 JDiamonds P2 JSpades 
P1 7Spades P2 KSpades P3 QDiamonds P0 KDiamonds 
P0 6Diamonds P1 ASpades P2 7Hearts P3 KHearts 
-- /GAME --
P0 HAND: QDiamonds, 7Hearts, KHearts, JHearts, 6Hearts, 4Hearts, 2Hearts, 7Spades, KSpades, 2Spades.
P1 HAND: ADiamonds, KDiamonds, AClubs, 7Clubs, JClubs, QClubs, 6Clubs, 5Clubs, 4Clubs, JSpades.
P2 HAND: JDiamonds, 6Diamonds, 4Diamonds, 3Diamonds, 2Diamonds, AHearts, QHearts, 5Hearts, ASpades, QSpades.
P3 HAND: 7Diamonds, 5Diamonds, KClubs, 3Clubs, 2Clubs, 3Hearts, 6Spades, 5Spades, 4Spades, 3Spades.
P0 KHearts P1 4Clubs P2 AHearts P3 3Hearts 
P2 2Diamonds P3 5Diamonds P0 QDiamonds P1 ADiamonds 
P1 5Clubs P2 3Diamonds P3 2Clubs P0 2Hearts 
P1 6Clubs P2 4Diamonds P3 3Clubs P0 4Hearts 
P1 QClubs P2 5Hearts P3 KClubs P0 6Hearts 
P3 3Spades P0 7Spades P1 JSpades P2 QSpades 
P0 JHearts P1 JClubs P2 QHearts P3 4Spades 
P3 5Spades P0 KSpades P1 KDiamonds P2 ASpades 
P2 6Diamonds P3 7Diamonds P0 2Spades P1 7Clubs 
P0 7Hearts P1 AClubs P2 JDiamonds P3 6Spades 
-- /GAME --
P0 HAND: 4Diamonds, 3Diamonds, 7Clubs, JClubs, QClubs, 6Hearts, 4Hearts, 3Hearts, KSpades, JSpades.
P1 HAND: JDiamonds, KClubs, 6Clubs, 3Clubs, 2Clubs, AHearts, QHearts, 7Spades, QSpades, 2Spades.
P2 HAND: 7Diamonds, KDiamonds, QDiamonds, 5Diamonds, 7Hearts, KHearts, ASpades, 5Spades, 4Spades, 3Spades.
P3 HAND: ADiamonds, 6Diamonds, 2Diamonds, AClubs, 5Clubs, 4Clubs, JHearts, 5Hearts, 2Hearts, 6Spades.
P3 ADiamonds P0 3Diamonds P1 JDiamonds P2 5Diamonds 
P3 AClubs P0 QClubs P1 KClubs P2 3Spades 
P2 QDiamonds P3 2Diamonds P0 4Diamonds P1 2Clubs 
P2 4Spades P3 6Spades P0 KSpades P1 2Spades 
P0 3Hearts P1 AHearts P2 KHearts P3 JHearts 
P1 3Clubs P2 5Spades P3 4Clubs P0 7Clubs 
P2 ASpades P3 2Hearts P0 JSpades P1 QSpades 
P2 KDiamonds P3 6Diamonds P0 4Hearts P1 6Clubs 
P2 7Diamonds P3 5Clubs P0 JClubs P1 7Spades 
P1 QHearts P2 7Hearts P3 5Hearts P0 6Hearts 
-- /GAME --
P0 HAND: KDiamonds, JDiamonds, 7Clubs, JClubs, 6Clubs, 5Clubs, 6Hearts, 5Hearts, 5Spades, 3Spades.
P1 HAND: 7Diamonds, QDiamonds, 4Diamonds, 2Diamonds, AHearts, 2Hearts, ASpades, 7Spades, KSpades, 6Spades.
P2 HAND: 6Diamonds, 5Diamonds, AClubs, KClubs, 3Clubs, JHearts, QHearts, 4Hearts, JSpades, 4Spades.
P3 HAND: ADiamonds, 3Diamonds, QClubs, 4Clubs, 2Clubs, 7Hearts, KHearts, 3Hearts, QSpades, 2Spades.
P3 ADiamonds P0 JDiamonds P1 7Diamonds P2 5Diamonds 
P3 2Clubs P0 5Clubs P1 2Diamonds P2 AClubs 
P2 3Clubs P3 4Clubs P0 JClubs P1 4Diamonds 
P0 KDiamonds P1 QDiamonds P2 6Diamonds P3 3Diamonds 
P0 3Spades P1 ASpades P2 4Spades P3 QSpades 
P1 6Spades P2 JSpades P3 2Spades P0 5Spades 
P2 4Hearts P3 3Hearts P0 5Hearts P1 2Hearts 
P0 6Hearts P1 AHearts P2 QHearts P3 KHearts 
P1 KSpades P2 JHearts P3 7Hearts P0 6Clubs 
P3 QClubs P0 7Clubs P1 7Spades P2 KClubs 
-- /GAME --
P0 HAND: KDiamonds, JDiamonds, 5Diamonds, 2Diamonds, AClubs, JClubs, 4Hearts, QSpades, 3Spades, 2Spades.
P1 HAND: ADiamonds, QDiamonds, 7Clubs, KClubs, 4Clubs, KHearts, QHearts, ASpades, JSpades, 6Spades.
P2 HAND: 6Diamonds, QClubs, 6Clubs, 5Clubs, 7Hearts, 6Hearts, 3Hearts, 7Spades, KSpades, 5Spades.
P3 HAND: 7Diamonds, 4Diamonds, 3Diamonds, 3Clubs, 2Clubs, AHearts, JHearts, 5Hearts, 2Hearts, 4Spades.
P2 3Hearts P3 AHearts P0 4Hearts P1 KHearts 
P3 2Hearts P0 2Spades P1 QHearts P2 7Hearts 
P2 5Spades P3 4Spades P0 QSpades P1 ASpades 
P1 ADiamonds P2 6Diamonds P3 7Diamonds P0 2Diamonds 
P1 6Spades P2 KSpades P3 3Diamonds P0 3Spades 
P2 6Hearts P3 5Hearts P0 5Diamonds P1 QDiamonds 
P2 5Clubs P3 2Clubs P0 JClubs P1 4Clubs 
P0 JDiamonds P1 KClubs P2 7Spades P3 4Diamonds 
P1 JSpades P2 6Clubs P3 3Clubs P0 KDiamonds 
P2 QClubs P3 JHearts P0 AClubs P1 7Clubs 
-- /GAME --
P0 HAND: QDiamonds, 5Diamonds, 3Diamonds, KClubs, JHearts, 4Hearts, 7Spades, JSpades, 6Spades, 4Spades.
P1 HAND: KDiamonds, AClubs, 7Clubs, 4Clubs, 3Clubs, 7Hearts, 6Hearts, 5Hearts, 3Hearts, 5Spades.
P2 HAND: 4Diamonds, 2Diamonds, JClubs, QClubs, 2Clubs, KHearts, QHearts, ASpades, 3Spades, 2Spades.
P3 HAND: ADiamonds, 7Diamonds, JDiamonds, 6Diamonds, 6Clubs, 5Clubs, AHearts, 2Hearts, KSpades, QSpades.
P1 AClubs P2 2Clubs P3 6Clubs P0 KClubs 
P1 3Clubs P2 QClubs P3 5Clubs P0 7Spades 
P2 ASpades P3 QSpades P0 JSpades P1 5Spades 
P2 2Diamonds P3 ADiamonds P0 3Diamonds P1 KDiamonds 
P3 6Diamonds P0 QDiamonds P1 4Clubs P2 4Diamonds 
P0 4Spades P1 3Hearts P2 2Spades P3 KSpades 
P1 5Hearts P2 QHearts P3 2Hearts P0 JHearts 
P0 6Spades P1 6Hearts P2 3Spades P3 7Diamonds 
P1 7Hearts P2 KHearts P3 AHearts P0 4Hearts 
P3 JDiamonds P0 5Diamonds P1 7Clubs P2 JClubs 
-- /GAME --
P0 HAND: ADiamonds, QDiamonds, 4Diamonds, 7Clubs, 5Clubs, AHearts, 2Hearts, JSpades, QSpades, 6Spades.
P1 HAND: 7Diamonds, JDiamonds, 6Diamonds, 3Diamonds, 2Diamonds, 3Clubs, 2Clubs, QHearts, 6Hearts, KSpades.
P2 HAND: 5Diamonds, AClubs, 7Hearts, KHearts, 5Hearts, 4Hearts, 3Hearts, 5Spades, 4Spades, 2Spades.
P3 HAND: KDiamonds, KClubs, JClubs, QClubs, 6Clubs, 4Clubs, JHearts, ASpades, 7Spades, 3Spades.
P0 6Spades P1 KSpades P2 2Spades P3 ASpades 
P3 3Spades P0 JSpades P1 2Diamonds P2 5Spades 
P0 ADiamonds P1 3Diamonds P2 5Diamonds P3 KDiamonds 
P0 QSpades P1 6Diamonds P2 4Spades P3 7Spades 
P3 JHearts P0 2Hearts P1 6Hearts P2 7Hearts 
P2 3Hearts P3 4Clubs P0 AHearts P1 QHearts 
P3 6Clubs 
