-- GAME --
P0 HAND: 7Diamonds, KDiamonds, 6Diamonds, 2Clubs, 6Hearts, 5Hearts, 3Hearts, 2Hearts, QSpades, 4Spades.
P1 HAND: JDiamonds, 3Diamonds, JClubs, QClubs, JHearts, QHearts, ASpades, KSpades, 6Spades, 5Spades.
P2 HAND: ADiamonds, QDiamonds, 5Diamonds, 4Diamonds, 2Diamonds, AClubs, AHearts, 7Hearts, JSpades, 3Spades.
P3 HAND: 7Clubs, KClubs, 6Clubs, 5Clubs, 4Clubs, 3Clubs, KHearts, 4Hearts, 7Spades, 2Spades.
P2 2Diamonds P3 2Spades P0 7Diamonds P1 3Diamonds 
P0 2Clubs P1 QClubs P2 AClubs P3 3Clubs 
P2 3Spades P3 7Spades P0 4Spades P1 ASpades 
P1 5Spades P2 JSpades P3 4Clubs P0 QSpades 
P2 4Diamonds P3 5Clubs P0 KDiamonds P1 JDiamonds 
P0 2Hearts P1 QHearts P2 7Hearts P3 4Hearts 
P2 5Diamonds P3 6Clubs P0 6Diamonds P1 6Spades 
P0 3Hearts P1 JHearts P2 AHearts P3 KHearts 
P2 QDiamonds P3 KClubs P0 5Hearts P1 JClubs 
P0 6Hearts P1 KSpades P2 ADiamonds P3 7Clubs 
-- /GAME --
P0 HAND: ADiamonds, 4Diamonds, 3Diamonds, 2Diamonds, KHearts, 6Hearts, ASpades, JSpades, 6Spades, 4Spades.
P1 HAND: JDiamonds, 6Diamonds, 5Diamonds, AClubs, KClubs, JClubs, 3Clubs, 5Hearts, KSpades, 2Spades.
P2 HAND: 6Clubs, 5Clubs, 4Clubs, 2Clubs, AHearts, 7Hearts, 2Hearts, QSpades, 5Spades, 3Spades.
P3 HAND: 7Diamonds, KDiamonds, QDiamonds, 7Clubs, QClubs, JHearts, QHearts, 4Hearts, 3Hearts, 7Spades.
P1 AClubs P2 2Clubs P3 7Clubs P0 4Spades 
P0 ASpades P1 2Spades P2 3Spades P3 7Spades 
P0 6Spades P1 KSpades P2 5Spades P3 7Diamonds 
P1 3Clubs P2 4Clubs P3 QClubs P0 6Hearts 
P3 3Hearts P0 KHearts P1 5Hearts P2 AHearts 
P2 2Hearts P3 4Hearts P0 2Diamonds P1 KClubs 
P3 QDiamonds P0 3Diamonds P1 5Diamonds P2 5Clubs 
P3 QHearts P0 4Diamonds P1 6Diamonds P2 7Hearts 
P2 6Clubs P3 JHearts P0 JSpades P1 JClubs 
P0 ADiamonds P1 JDiamonds P2 QSpades P3 KDiamonds 
-- /GAME --

