-- GAME --
P0 HAND: AClubs, KClubs, QClubs, 6Clubs, 4Clubs, 7Hearts, JHearts, 4Hearts, ASpades, 5Spades.
P1 HAND: KDiamonds, 6Diamonds, 4Diamonds, JClubs, 3Clubs, KHearts, QHearts, 6Hearts, 5Hearts, QSpades.
P2 HAND: 7Diamonds, JDiamonds, QDiamonds, 3Diamonds, 2Clubs, 7Spades, JSpades, 6Spades, 4Spades, 3Spades.
P3 HAND: ADiamonds, 5Diamonds, 2Diamonds, 7Clubs, 5Clubs, AHearts, 3Hearts, 2Hearts, KSpades, 2Spades.
P2 3Diamonds P3 ADiamonds P0 4Clubs P1 4Diamonds 
P0 ASpades P1 QSpades P2 7Spades P3 2Spades 
P0 4Hearts P1 5Hearts P2 3Spades P3 AHearts 
P3 2Diamonds P0 5Spades P1 6Diamonds P2 7Diamonds 
P2 4Spades P3 KSpades P0 6Clubs P1 6Hearts 
P0 AClubs P1 3Clubs P2 2Clubs P3 5Clubs 
P0 QClubs P1 JClubs P2 6Spades P3 7Clubs 
P3 2Hearts P0 7Hearts P1 QHearts P2 JDiamonds 
P0 JHearts P1 KHearts P2 QDiamonds P3 3Hearts 
P1 KDiamonds P2 JSpades P3 5Diamonds P0 KClubs 
-- /GAME --
P0 HAND: KDiamonds, JDiamonds, QDiamonds, 6Diamonds, 5Diamonds, 5Clubs, AHearts, QHearts, 3Hearts, 5Spades.
P1 HAND: 7Diamonds, AClubs, 4Clubs, 7Hearts, KHearts, 6Hearts, ASpades, JSpades, QSpades, 4Spades.
P2 HAND: ADiamonds, 3Diamonds, KClubs, 3Clubs, 2Clubs, 5Hearts, 7Spades, KSpades, 6Spades, 2Spades.
P3 HAND: 4Diamonds, 2Diamonds, 7Clubs, JClubs, QClubs, 6Clubs, JHearts, 4Hearts, 2Hearts, 3Spades.
P1 AClubs P2 2Clubs P3 7Clubs P0 5Clubs 
P1 ASpades P2 2Spades P3 3Spades P0 5Spades 
P1 4Clubs P2 3Clubs P3 6Clubs P0 3Hearts 
P3 2Hearts P0 AHearts P1 6Hearts P2 5Hearts 
P0 QHearts P1 KHearts P2 3Diamonds P3 4Hearts 
P2 6Spades P3 QClubs P0 5Diamonds P1 4Spades 
P0 6Diamonds P1 7Diamonds P2 ADiamonds P3 2Diamonds 
P2 KClubs P3 JClubs P0 QDiamonds P1 QSpades 
P0 JDiamonds P1 JSpades P2 KSpades P3 4Diamonds 
P0 KDiamonds P1 7Hearts P2 7Spades P3 JHearts 
-- /GAME --
P0 HAND: 5Diamonds, 3Diamonds, 6Clubs, 4Clubs, KHearts, JHearts, 6Hearts, KSpades, 5Spades, 2Spades.
P1 HAND: KDiamonds, AClubs, 7Clubs, 5Clubs, 7Hearts, 5Hearts, 4Hearts, 2Hearts, ASpades, 4Spades.
P2 HAND: 7Diamonds, JDiamonds, 4Diamonds, 2Diamonds, KClubs, 2Clubs, 3Hearts, QSpades, 6Spades, 3Spades.
P3 HAND: ADiamonds, QDiamonds, 6Diamonds, JClubs, QClubs, 3Clubs, AHearts, QHearts, 7Spades, JSpades.
P0 2Spades P1 ASpades P2 3Spades P3 7Spades 
P1 2Hearts P2 3Hearts P3 AHearts P0 6Hearts 
P3 ADiamonds P0 3Diamonds P1 KDiamonds P2 2Diamonds 
P3 6Diamonds P0 5Diamonds P1 4Hearts P2 7Diamonds 
P2 4Diamonds P3 QDiamonds P0 6Clubs P1 4Spades 
P0 5Spades P1 5Hearts P2 6Spades P3 JSpades 
P3 QHearts P0 KHearts P1 7Hearts P2 2Clubs 
P2 QSpades P3 3Clubs P0 KSpades P1 5Clubs 
P1 7Clubs P2 KClubs P3 QClubs P0 4Clubs 
P1 AClubs P2 JDiamonds P3 JClubs P0 JHearts 
-- /GAME --
P0 HAND: 2Diamonds, JClubs, KHearts, 5Hearts, 2Hearts, KSpades, JSpades, 4Spades, 3Spades, 2Spades.
P1 HAND: ADiamonds, 7Diamonds, JDiamonds, 3Diamonds, AClubs, QClubs, 3Clubs, 4Hearts, ASpades, 6Spades.
P2 HAND: 6Diamonds, 5Diamonds, KClubs, 6Clubs, AHearts, JHearts, 3Hearts, 7Spades, QSpades, 5Spades.
P3 HAND: KDiamonds, QDiamonds, 4Diamonds, 7Clubs, 5Clubs, 4Clubs, 2Clubs, 7Hearts, QHearts, 6Hearts.
P3 2Clubs P0 JClubs P1 AClubs P2 6Clubs 
P1 ASpades P2 5Spades P3 7Clubs P0 2Spades 
P1 3Clubs P2 KClubs P3 4Clubs P0 KSpades 
P2 AHearts P3 6Hearts P0 KHearts P1 4Hearts 
P2 3Hearts P3 QHearts P0 2Hearts P1 QClubs 
P3 5Clubs P0 3Spades P1 6Spades P2 QSpades 
P3 4Diamonds P0 2Diamonds P1 3Diamonds P2 5Diamonds 
P2 JHearts P3 7Hearts P0 5Hearts P1 JDiamonds 
P1 7Diamonds P2 6Diamonds P3 QDiamonds P0 4Spades 
P1 ADiamonds P2 7Spades P3 KDiamonds P0 JSpades 
-- /GAME --
P0 HAND: ADiamonds, JDiamonds, AClubs, 5Clubs, AHearts, 7Hearts, 5Hearts, KSpades, 3Spades, 2Spades.
P1 HAND: 7Diamonds, KDiamonds, QDiamonds, 5Diamonds, 4Diamonds, JClubs, JHearts, QHearts, 4Hearts, JSpades.
P2 HAND: 6Diamonds, 3Diamonds, 2Clubs, KHearts, 6Hearts, 3Hearts, ASpades, 7Spades, QSpades, 4Spades.
P3 HAND: 2Diamonds, 7Clubs, KClubs, QClubs, 6Clubs, 4Clubs, 3Clubs, 2Hearts, 6Spades, 5Spades.
P2 ASpades P3 5Spades P0 KSpades P1 JSpades 
P2 2Clubs P3 3Clubs P0 AClubs P1 JClubs 
P0 AHearts P1 4Hearts P2 KHearts P3 2Hearts 
P0 7Hearts P1 QHearts P2 6Hearts P3 2Diamonds 
P3 4Clubs P0 5Clubs P1 4Diamonds P2 3Hearts 
P1 JHearts P2 4Spades P3 6Clubs P0 5Hearts 
P1 5Diamonds P2 3Diamonds P3 6Spades P0 JDiamonds 
P0 3Spades P1 QDiamonds P2 QSpades P3 7Clubs 
P1 KDiamonds P2 6Diamonds P3 QClubs P0 ADiamonds 
P0 2Spades P1 7Diamonds P2 7Spades P3 KClubs 
-- /GAME --
P0 HAND: ADiamonds, QDiamonds, 6Diamonds, AClubs, 4Clubs, KHearts, 2Hearts, QSpades, 6Spades, 2Spades.
P1 HAND: JDiamonds, 3Diamonds, KClubs, 5Clubs, AHearts, 7Hearts, JHearts, 5Hearts, 4Hearts, 3Hearts.
P2 HAND: 7Diamonds, KDiamonds, QClubs, 3Clubs, 2Clubs, QHearts, ASpades, 7Spades, JSpades, 5Spades.
P3 HAND: 5Diamonds, 4Diamonds, 2Diamonds, 7Clubs, JClubs, 6Clubs, 6Hearts, KSpades, 4Spades, 3Spades.
P1 3Diamonds P2 KDiamonds P3 2Diamonds P0 ADiamonds 
P0 AClubs P1 5Clubs P2 QClubs P3 6Clubs 
P0 2Spades P1 3Hearts P2 5Spades P3 KSpades 
P1 JDiamonds P2 7Diamonds P3 4Diamonds P0 QDiamonds 
P2 2Clubs P3 JClubs P0 4Clubs P1 KClubs 
P1 4Hearts P2 QHearts P3 6Hearts P0 KHearts 
P0 6Diamonds P1 5Hearts P2 3Clubs P3 5Diamonds 
P1 JHearts P2 JSpades P3 3Spades P0 2Hearts 
P1 7Hearts P2 7Spades P3 4Spades P0 6Spades 
P1 AHearts P2 ASpades P3 7Clubs P0 QSpades 
-- /GAME --
P0 HAND: 5Diamonds, 4Diamonds, 2Diamonds, 7Clubs, KClubs, 6Clubs, QHearts, 6Spades, 3Spades, 2Spades.
P1 HAND: JDiamonds, QDiamonds, 3Diamonds, JClubs, AHearts, 5Hearts, 4Hearts, 2Hearts, 7Spades, QSpades.
P2 HAND: KDiamonds, 6Diamonds, AClubs, 7Hearts, KHearts, 3Hearts, ASpades, JSpades, 5Spades, 4Spades.
P3 HAND: ADiamonds, 7Diamonds, QClubs, 5Clubs, 4Clubs, 3Clubs, 2Clubs, JHearts, 6Hearts, KSpades.
P0 2Diamonds P1 3Diamonds P2 6Diamonds P3 ADiamonds 
P3 2Clubs P0 6Clubs P1 JClubs P2 AClubs 
P2 ASpades P3 KSpades P0 6Spades P1 QSpades 
P2 4Spades P3 3Clubs P0 3Spades P1 7Spades 
P1 QDiamonds P2 KDiamonds P3 7Diamonds P0 5Diamonds 
P3 4Clubs P0 KClubs P1 2Hearts P2 5Spades 
P1 JDiamonds P2 3Hearts P3 5Clubs P0 4Diamonds 
P2 JSpades P3 QClubs P0 2Spades P1 4Hearts 
P1 5Hearts P2 KHearts P3 6Hearts P0 QHearts 
P2 7Hearts P3 JHearts P0 7Clubs P1 AHearts 
-- /GAME --
P0 HAND: 7Diamonds, 3Diamonds, 5Clubs, 4Clubs, 3Clubs, AHearts, 6Hearts, 3Hearts, KSpades, 3Spades.
P1 HAND: 6Diamonds, 4Diamonds, JClubs, QHearts, 5Hearts, 4Hearts, ASpades, QSpades, 6Spades, 2Spades.
P2 HAND: KDiamonds, QDiamonds, 5Diamonds, QClubs, 6Clubs, 2Clubs, KHearts, JHearts, 2Hearts, 5Spades.
P3 HAND: ADiamonds, JDiamonds, 2Diamonds, AClubs, 7Clubs, KClubs, 7Hearts, 7Spades, JSpades, 4Spades.
P3 ADiamonds P0 3Diamonds P1 6Diamonds P2 5Diamonds 
P3 2Diamonds P0 7Diamonds P1 4Diamonds P2 KDiamonds 
P0 AHearts P1 4Hearts P2 KHearts P3 7Hearts 
P0 3Spades P1 ASpades P2 5Spades P3 7Spades 
P1 2Spades P2 2Hearts P3 4Spades P0 KSpades 
P0 3Hearts P1 5Hearts P2 JHearts P3 KClubs 
P3 JDiamonds P0 3Clubs P1 6Spades P2 QDiamonds 
P0 6Hearts P1 QHearts P2 2Clubs P3 7Clubs 
P3 JSpades P0 4Clubs P1 QSpades P2 6Clubs 
P2 QClubs P3 AClubs P0 5Clubs P1 JClubs 
-- /GAME --
P0 HAND: ADiamonds, 7Diamonds, JDiamonds, QDiamonds, 6Diamonds, 5Diamonds, AClubs, QClubs, AHearts, 7Hearts.
P1 HAND: 4Diamonds, 3Diamonds, 7Clubs, KClubs, 5Clubs, 6Hearts, 5Hearts, 2Hearts, JSpades, 2Spades.
P2 HAND: 2Clubs, KHearts, JHearts, 3Hearts, 7Spades, KSpades, QSpades, 6Spades, 5Spades, 4Spades.
P3 HAND: KDiamonds, 2Diamonds, JClubs, 6Clubs, 4Clubs, 3Clubs, QHearts, 4Hearts, ASpades, 3Spades.
P2 2Clubs P3 3Clubs P0 AClubs P1 5Clubs 
P0 AHearts P1 2Hearts P2 KHearts P3 4Hearts 
P0 7Hearts P1 5Hearts P2 JHearts P3 QHearts 
P0 QClubs P1 KClubs P2 3Hearts P3 JClubs 
P1 2Spades P2 4Spades P3 ASpades P0 5Diamonds 
P0 ADiamonds P1 3Diamonds P2 7Spades P3 2Diamonds 
P0 7Diamonds P1 4Diamonds P2 KSpades P3 KDiamonds 
P0 JDiamonds P1 6Hearts P2 QSpades P3 3Spades 
P0 QDiamonds P1 JSpades P2 5Spades P3 4Clubs 
P0 6Diamonds P1 7Clubs P2 6Spades P3 6Clubs 
-- /GAME --
P0 HAND: ADiamonds, QDiamonds, AClubs, JClubs, AHearts, QHearts, 2Hearts, JSpades, QSpades, 6Spades.
P1 HAND: 5Diamonds, 4Diamonds, 3Diamonds, 2Diamonds, QClubs, 4Hearts, 3Hearts, ASpades, 5Spades, 4Spades.
P2 HAND: 7Diamonds, KDiamonds, JDiamonds, 7Clubs, KClubs, 6Clubs, 3Clubs, 7Hearts, KHearts, 3Spades.
P3 HAND: 6Diamonds, 5Clubs, 4Clubs, 2Clubs, JHearts, 6Hearts, 5Hearts, 7Spades, KSpades, 2Spades.
P1 ASpades P2 3Spades P3 7Spades P0 6Spades 
P1 2Diamonds P2 JDiamonds P3 6Diamonds P0 ADiamonds 
P0 AClubs P1 QClubs P2 7Clubs P3 2Clubs 
P0 JClubs P1 3Diamonds P2 KClubs P3 4Clubs 
P2 3Clubs P3 5Clubs P0 2Hearts P1 4Diamonds 
P0 QSpades P1 4Spades P2 6Clubs P3 KSpades 
P3 2Spades P0 JSpades P1 5Spades P2 7Diamonds 
P0 QDiamonds P1 5Diamonds P2 KDiamonds P3 5Hearts 
P3 6Hearts P0 QHearts P1 3Hearts P2 KHearts 
P2 7Hearts P3 JHearts P0 AHearts P1 4Hearts 
-- /GAME --
P0 HAND: ADiamonds, 7Diamonds, JDiamonds, 7Clubs, KClubs, 4Clubs, 6Hearts, JSpades, 4Spades, 3Spades.
P1 HAND: 6Diamonds, 3Diamonds, AClubs, JClubs, QClubs, 6Clubs, 3Clubs, 2Clubs, QHearts, 7Spades.
P2 HAND: 2Diamonds, 5Clubs, AHearts, 5Hearts, 4Hearts, 3Hearts, 2Hearts, ASpades, QSpades, 6Spades.
P3 HAND: KDiamonds, QDiamonds, 5Diamonds, 4Diamonds, 7Hearts, KHearts, JHearts, KSpades, 5Spades, 2Spades.
P1 2Clubs P2 5Clubs P3 4Diamonds P0 7Clubs 
P0 ADiamonds P1 3Diamonds P2 2Diamonds P3 5Diamonds 
P0 6Hearts P1 QHearts P2 AHearts P3 JHearts 
P2 2Hearts P3 KHearts P0 3Spades P1 3Clubs 
P0 4Clubs P1 6Clubs P2 3Hearts P3 7Hearts 
P1 6Diamonds P2 4Hearts P3 QDiamonds P0 7Diamonds 
P0 JDiamonds P1 QClubs P2 6Spades P3 KDiamonds 
P2 5Hearts P3 2Spades P0 4Spades P1 7Spades 
P1 JClubs P2 QSpades P3 KSpades P0 KClubs 
P3 5Spades P0 JSpades P1 AClubs P2 ASpades 
-- /GAME --
P0 HAND: ADiamonds, 5Diamonds, 4Clubs, 2Clubs, 6Hearts, 5Hearts, 4Hearts, JSpades, QSpades, 3Spades.
P1 HAND: QDiamonds, 2Diamonds, AClubs, 7Clubs, KClubs, QClubs, KHearts, ASpades, KSpades, 2Spades.
P2 HAND: 7Diamonds, KDiamonds, 6Diamonds, JClubs, 6Clubs, 5Clubs, 7Hearts, QHearts, 3Hearts, 5Spades.
P3 HAND: JDiamonds, 4Diamonds, 3Diamonds, 3Clubs, AHearts, JHearts, 2Hearts, 7Spades, 6Spades, 4Spades.
P0 4Clubs P1 AClubs P2 5Clubs P3 3Clubs 
P1 ASpades P2 5Spades P3 7Spades P0 3Spades 
P1 2Spades P2 3Hearts P3 4Spades P0 JSpades 
P0 QSpades P1 KSpades P2 6Diamonds P3 6Spades 
P2 6Clubs P3 2Hearts P0 2Clubs P1 7Clubs 
P1 QClubs P2 JClubs P3 3Diamonds P0 5Diamonds 
P0 4Hearts P1 KHearts P2 QHearts P3 AHearts 
P3 JHearts P0 5Hearts P1 2Diamonds P2 7Hearts 
P1 QDiamonds P2 KDiamonds P3 4Diamonds P0 ADiamonds 
P0 6Hearts P1 KClubs P2 7Diamonds P3 JDiamonds 
-- /GAME --
P0 HAND: 3Diamonds, 7Clubs, 6Clubs, 4Clubs, 2Clubs, KHearts, JHearts, 3Hearts, QSpades, 6Spades.
P1 HAND: JDiamonds, 2Diamonds, JClubs, 3Clubs, AHearts, 7Hearts, 5Hearts, JSpades, 5Spades, 2Spades.
P2 HAND: 7Diamonds, KDiamonds, QDiamonds, 5Diamonds, 4Diamonds, AClubs, QClubs, 4Hearts, ASpades, 4Spades.
P3 HAND: ADiamonds, 6Diamonds, KClubs, 5Clubs, QHearts, 6Hearts, 2Hearts, 7Spades, KSpades, 3Spades.
P3 2Hearts P0 3Hearts P1 AHearts P2 4Hearts 
P1 2Spades P2 ASpades P3 3Spades P0 QSpades 
P2 AClubs P3 5Clubs P0 7Clubs P1 3Clubs 
P2 4Spades P3 KSpades P0 6Spades P1 JSpades 
P3 6Hearts P0 JHearts P1 7Hearts P2 4Diamonds 
P2 QClubs P3 KClubs P0 4Clubs P1 JClubs 
P3 QHearts P0 KHearts P1 5Hearts P2 5Diamonds 
P2 QDiamonds P3 6Diamonds P0 3Diamonds P1 2Diamonds 
P2 KDiamonds P3 ADiamonds P0 6Clubs P1 JDiamonds 
P3 7Spades P0 2Clubs P1 5Spades P2 7Diamonds 
-- /GAME --
P0 HAND: 7Diamonds, 6Diamonds, 6Clubs, 5Clubs, 7Hearts, 5Hearts, ASpades, KSpades, QSpades, 5Spades.
P1 HAND: ADiamonds, JDiamonds, 4Diamonds, KClubs, 2Clubs, KHearts, JHearts, 4Hearts, 7Spades, JSpades.
P2 HAND: KDiamonds, QDiamonds, 3Diamonds, 7Clubs, QClubs, AHearts, QHearts, 3Hearts, 2Hearts, 3Spades.
P3 HAND: 5Diamonds, 2Diamonds, AClubs, JClubs, 4Clubs, 3Clubs, 6Hearts, 6Spades, 4Spades, 2Spades.
P2 AHearts P3 6Hearts P0 7Hearts P1 4Hearts 
P2 2Hearts P3 2Spades P0 5Hearts P1 KHearts 
P1 2Clubs P2 QClubs P3 AClubs P0 6Clubs 
P3 3Clubs P0 5Clubs P1 KClubs P2 7Clubs 
P2 3Hearts P3 4Clubs P0 5Spades P1 JHearts 
P1 JSpades P2 3Spades P3 4Spades P0 ASpades 
P0 QSpades P1 7Spades P2 3Diamonds P3 6Spades 
P2 QHearts P3 2Diamonds P0 6Diamonds P1 4Diamonds 
P0 KSpades P1 JDiamonds P2 KDiamonds P3 JClubs 
P2 QDiamonds P3 5Diamonds P0 7Diamonds P1 ADiamonds 
-- /GAME --
P0 HAND: 7Diamonds, QDiamonds, 4Diamonds, 3Diamonds, 2Clubs, KHearts, QHearts, 6Hearts, ASpades, 6Spades.
P1 HAND: JDiamonds, 6Diamonds, 5Diamonds, 2Diamonds, 5Clubs, 3Clubs, JHearts, 5Hearts, 2Hearts, 3Spades.
P2 HAND: ADiamonds, 7Clubs, KClubs, JClubs, 6Clubs, 4Clubs, 4Hearts, 3Hearts, 4Spades, 2Spades.
P3 HAND: KDiamonds, AClubs, QClubs, AHearts, 7Hearts, 7Spades, KSpades, JSpades, QSpades, 5Spades.
P1 2Diamonds P2 ADiamonds P3 KDiamonds P0 7Diamonds 
P2 3Hearts P3 AHearts P0 6Hearts P1 JHearts 
P3 AClubs P0 2Clubs P1 5Clubs P2 4Clubs 
P3 QClubs P0 6Spades P1 3Clubs P2 7Clubs 
P0 KHearts P1 2Hearts P2 4Hearts P3 7Hearts 
P3 5Spades P0 ASpades P1 3Spades P2 2Spades 
P0 QHearts P1 5Hearts P2 6Clubs P3 QSpades 
P3 JSpades P0 3Diamonds P1 5Diamonds P2 4Spades 
P3 KSpades P0 4Diamonds P1 6Diamonds P2 JClubs 
P3 7Spades P0 QDiamonds P1 JDiamonds P2 KClubs 
-- /GAME --
P0 HAND: 7Diamonds, JDiamonds, 4Diamonds, JClubs, 2Clubs, KHearts, JHearts, QHearts, 4Hearts, 3Hearts.
P1 HAND: QDiamonds, 5Diamonds, 2Diamonds, AClubs, 5Clubs, 4Clubs, 7Hearts, 2Hearts, JSpades, 2Spades.
P2 HAND: 3Diamonds, 7Clubs, QClubs, 6Clubs, 3Clubs, 6Hearts, 5Hearts, 7Spades, QSpades, 6Spades.
P3 HAND: ADiamonds, KDiamonds, 6Diamonds, KClubs, AHearts, ASpades, KSpades, 5Spades, 4Spades, 3Spades.
P0 4Diamonds P1 2Diamonds P2 3Diamonds P3 ADiamonds 
P3 3Spades P0 3Hearts P1 2Spades P2 7Spades 
P0 2Clubs P1 AClubs P2 3Clubs P3 KClubs 
P1 4Clubs P2 6Clubs P3 4Spades P0 JClubs 
P0 JDiamonds P1 5Diamonds P2 6Spades P3 KDiamonds 
P3 5Spades P0 4Hearts P1 JSpades P2 QSpades 
P0 QHearts P1 2Hearts P2 5Hearts P3 AHearts 
P3 6Diamonds P0 7Diamonds P1 QDiamonds P2 7Clubs 
P0 JHearts P1 7Hearts P2 6Hearts P3 ASpades 
P1 5Clubs P2 QClubs P3 KSpades P0 KHearts 
-- /GAME --
P0 HAND: KDiamonds, JDiamonds, QDiamonds, 7Hearts, JHearts, 4Hearts, 7Spades, 6Spades, 5Spades, 4Spades.
P1 HAND: 5Diamonds, AClubs, 7Clubs, QClubs, KHearts, QHearts, 3Hearts, 2Hearts, ASpades, 2Spades.
P2 HAND: 6Diamonds, 2Diamonds, KClubs, 5Clubs, 4Clubs, AHearts, 6Hearts, 5Hearts, QSpades, 3Spades.
P3 HAND: ADiamonds, 7Diamonds, 4Diamonds, 3Diamonds, JClubs, 6Clubs, 3Clubs, 2Clubs, KSpades, JSpades.
P3 2Clubs P0 4Hearts P1 AClubs P2 4Clubs 
P1 ASpades P2 3Spades P3 KSpades P0 4Spades 
P1 2Hearts P2 AHearts P3 3Diamonds P0 JHearts 
P3 3Clubs P0 KDiamonds P1 QClubs P2 KClubs 
P0 6Spades P1 2Spades P2 QSpades P3 JSpades 
P3 6Clubs P0 JDiamonds P1 7Clubs P2 5Clubs 
P0 5Spades P1 3Hearts P2 5Hearts P3 4Diamonds 
P3 JClubs P0 QDiamonds P1 QHearts P2 6Hearts 
P0 7Spades P1 5Diamonds P2 6Diamonds P3 7Diamonds 
P3 ADiamonds P0 7Hearts P1 KHearts P2 2Diamonds 
-- /GAME --

