-- GAME --
P0 HAND: 4Diamonds, 7Clubs, 5Clubs, 4Clubs, JHearts, 4Hearts, ASpades, KSpades, QSpades, 4Spades.
P1 HAND: 6Diamonds, AClubs, JClubs, 7Hearts, KHearts, 6Hearts, 5Hearts, 2Hearts, 7Spades, 5Spades.
P2 HAND: KDiamonds, JDiamonds, 5Diamonds, 3Diamonds, 2Diamonds, QClubs, 6Clubs, 2Clubs, JSpades, 3Spades.
P3 HAND: ADiamonds, 7Diamonds, QDiamonds, KClubs, 3Clubs, AHearts, QHearts, 3Hearts, 6Spades, 2Spades.
P2 2Diamonds P3 ADiamonds P0 4Diamonds P1 6Diamonds 
P3 AHearts P0 4Hearts P1 7Hearts P2 2Clubs 
P2 3Diamonds P3 QDiamonds P0 4Clubs P1 2Hearts 
P0 JHearts P1 5Hearts P2 3Spades P3 3Hearts 
P0 ASpades P1 5Spades P2 JSpades P3 2Spades 
P0 4Spades P1 7Spades P2 6Clubs P3 6Spades 
P2 5Diamonds P3 7Diamonds P0 7Clubs P1 AClubs 
P1 6Hearts P2 QClubs P3 QHearts P0 KSpades 
P2 JDiamonds P3 3Clubs P0 5Clubs P1 JClubs 
P1 KHearts P2 KDiamonds P3 KClubs P0 QSpades 
-- /GAME --
P0 HAND: 7Diamonds, 4Diamonds, 2Diamonds, AClubs, KClubs, 5Clubs, 2Clubs, 7Hearts, 3Hearts, 2Hearts.
P1 HAND: 3Diamonds, 6Clubs, QHearts, 5Hearts, 4Hearts, ASpades, 7Spades, 4Spades, 3Spades, 2Spades.
P2 HAND: QDiamonds, 6Diamonds, QClubs, 4Clubs, 3Clubs, JHearts, 6Hearts, KSpades, JSpades, QSpades.
P3 HAND: ADiamonds, KDiamonds, JDiamonds, 5Diamonds, 7Clubs, JClubs, AHearts, KHearts, 6Spades, 5Spades.
P1 2Spades P2 QSpades P3 5Spades P0 3Hearts 
P2 6Diamonds P3 ADiamonds P0 2Diamonds P1 3Diamonds 
P3 AHearts P0 2Hearts P1 QHearts P2 6Hearts 
P3 5Diamonds P0 7Diamonds P1 6Clubs P2 QDiamonds 
P1 3Spades P2 JSpades P3 6Spades P0 7Hearts 
P2 JHearts P3 KHearts P0 2Clubs P1 4Hearts 
P0 5Clubs P1 4Spades P2 3Clubs P3 JClubs 
P3 JDiamonds P0 4Diamonds P1 5Hearts P2 4Clubs 
P2 QClubs P3 7Clubs P0 AClubs P1 7Spades 
P0 KClubs P1 ASpades P2 KSpades P3 KDiamonds 
-- /GAME --
P0 HAND: ADiamonds, QDiamonds, 6Diamonds, 2Diamonds, JHearts, QHearts, 2Hearts, KSpades, JSpades, 2Spades.
P1 HAND: 3Diamonds, 7Clubs, 6Clubs, 4Clubs, 7Hearts, 6Hearts, 5Hearts, 3Hearts, QSpades, 6Spades.
P2 HAND: 7Diamonds, KDiamonds, JDiamonds, 5Diamonds, 4Diamonds, QClubs, 2Clubs, AHearts, 4Hearts, 5Spades.
P3 HAND: AClubs, KClubs, JClubs, 5Clubs, 3Clubs, KHearts, ASpades, 7Spades, 4Spades, 3Spades.
P0 ADiamonds P1 3Diamonds P2 7Diamonds P3 3Clubs 
P3 ASpades 
