-- GAME --
P0 HAND: AClubs, 7Clubs, 6Clubs, 7Hearts, JHearts, 2Hearts, 7Spades, 4Spades, 3Spades, 2Spades.
P1 HAND: ADiamonds, KDiamonds, QDiamonds, 5Diamonds, 3Diamonds, 5Clubs, 2Clubs, AHearts, QSpades, 6Spades.
P2 HAND: 7Diamonds, JDiamonds, 4Diamonds, KClubs, QClubs, 4Clubs, 3Hearts, KSpades, JSpades, 5Spades.
P3 HAND: 6Diamonds, 2Diamonds, JClubs, 3Clubs, KHearts, QHearts, 6Hearts, 5Hearts, 4Hearts, ASpades.
P1 2Clubs P2 4Clubs P3 3Clubs P0 AClubs 
P0 7Clubs P1 5Clubs P2 KClubs P3 JClubs 
P0 2Hearts P1 AHearts P2 3Hearts P3 KHearts 
P1 3Diamonds P2 4Diamonds P3 2Diamonds P0 6Clubs 
P2 QClubs P3 4Hearts P0 JHearts P1 6Spades 
P1 5Diamonds P2 JDiamonds P3 6Diamonds P0 7Hearts 
P2 5Spades P3 ASpades P0 2Spades P1 QSpades 
P3 5Hearts P0 3Spades P1 QDiamonds P2 7Diamonds 
P0 7Spades P1 KDiamonds P2 JSpades P3 6Hearts 
P0 4Spades P1 ADiamonds P2 KSpades P3 QHearts 
-- /GAME --
P0 HAND: ADiamonds, JDiamonds, KClubs, 4Clubs, 2Clubs, AHearts, 6Hearts, 7Spades, JSpades, 5Spades.
P1 HAND: 3Diamonds, 7Clubs, 3Clubs, KHearts, QHearts, 4Hearts, 6Spades, 4Spades, 3Spades, 2Spades.
P2 HAND: 7Diamonds, 6Diamonds, 4Diamonds, 2Diamonds, AClubs, QClubs, 5Clubs, 7Hearts, 2Hearts, QSpades.
P3 HAND: KDiamonds, QDiamonds, 5Diamonds, JClubs, 6Clubs, JHearts, 5Hearts, 3Hearts, ASpades, KSpades.
P0 AHearts P1 4Hearts P2 7Hearts P3 3Hearts 
P0 6Hearts P1 QHearts P2 2Hearts P3 JHearts 
P3 ASpades P0 5Spades P1 6Spades P2 QSpades 
P3 5Hearts P0 JSpades P1 KHearts P2 2Diamonds 
P2 AClubs P3 6Clubs P0 KClubs P1 3Clubs 
P2 5Clubs P3 JClubs P0 2Clubs P1 7Clubs 
P1 2Spades P2 QClubs 
