-- GAME --
P0 HAND: 7Diamonds, 6Diamonds, 5Diamonds, 4Hearts, 2Hearts, ASpades, KSpades, 5Spades, 3Spades, 2Spades.
P1 HAND: ADiamonds, JDiamonds, 4Diamonds, KClubs, JClubs, 6Clubs, 3Clubs, AHearts, 5Hearts, 7Spades.
P2 HAND: 2Diamonds, QClubs, 5Clubs, 2Clubs, 7Hearts, KHearts, JHearts, QHearts, 6Hearts, 6Spades.
P3 HAND: KDiamonds, QDiamonds, 3Diamonds, AClubs, 7Clubs, 4Clubs, 3Hearts, JSpades, QSpades, 4Spades.
P2 2Clubs P3 AClubs P0 7Diamonds P1 3Clubs 
P0 ASpades P1 7Spades P2 6Spades P3 4Spades 
P0 2Hearts P1 AHearts P2 6Hearts P3 3Hearts 
P1 5Hearts P2 QHearts P3 4Clubs P0 4Hearts 
P2 5Clubs P3 7Clubs P0 5Diamonds P1 6Clubs 
P0 2Spades P1 4Diamonds P2 QClubs P3 JSpades 
P1 JClubs P2 2Diamonds P3 QSpades P0 KSpades 
P2 JHearts P3 3Diamonds P0 6Diamonds P1 JDiamonds 
P1 ADiamonds P2 KHearts P3 QDiamonds P0 3Spades 
P1 KClubs P2 7Hearts P3 KDiamonds P0 5Spades 
-- /GAME --
P0 HAND: 5Diamonds, KClubs, 6Clubs, 2Clubs, JHearts, 6Hearts, 3Hearts, QSpades, 3Spades, 2Spades.
P1 HAND: ADiamonds, 7Diamonds, JDiamonds, 7Clubs, 4Clubs, 7Hearts, KHearts, 5Hearts, ASpades, KSpades.
P2 HAND: KDiamonds, QDiamonds, 4Diamonds, 3Diamonds, AClubs, 3Clubs, QHearts, 6Spades, 5Spades, 4Spades.
P3 HAND: 6Diamonds, 2Diamonds, JClubs, QClubs, 5Clubs, AHearts, 4Hearts, 2Hearts, 7Spades, JSpades.
P1 ADiamonds P2 3Diamonds P3 6Diamonds 
