-- GAME --
P0 HAND: JDiamonds, 4Diamonds, AClubs, 7Clubs, KClubs, 3Clubs, AHearts, KHearts, 4Hearts, 2Hearts.
P1 HAND: 7Diamonds, QDiamonds, 6Diamonds, 2Clubs, 7Hearts, QHearts, 5Hearts, 5Spades, 4Spades, 2Spades.
P2 HAND: 5Diamonds, 3Diamonds, 2Diamonds, 4Clubs, JHearts, ASpades, 7Spades, KSpades, 6Spades, 3Spades.
P3 HAND: ADiamonds, KDiamonds, JClubs, QClubs, 6Clubs, 5Clubs, 6Hearts, 3Hearts, JSpades, QSpades.
P3 ADiamonds P0 4Diamonds P1 7Diamonds P2 2Diamonds 
P3 3Hearts P0 KHearts P1 5Hearts P2 JHearts 
P0 JDiamonds P1 6Diamonds P2 3Diamonds P3 KDiamonds 
P3 5Clubs P0 KClubs P1 2Clubs P2 4Clubs 
P0 AHearts P1 QHearts P2 5Diamonds P3 6Hearts 
P0 4Hearts P1 7Hearts P2 3Spades P3 QSpades 
P3 6Clubs P0 7Clubs P1 2Spades P2 6Spades 
P2 KSpades P3 JSpades P0 3Clubs P1 4Spades 
P2 7Spades P3 QClubs P0 2Hearts P1 5Spades 
P2 ASpades P3 JClubs P0 AClubs P1 QDiamonds 
-- /GAME --
P0 HAND: ADiamonds, 7Diamonds, 3Diamonds, 2Diamonds, 7Clubs, 5Clubs, KHearts, QHearts, KSpades, 6Spades.
P1 HAND: JDiamonds, 6Diamonds, 4Diamonds, KClubs, 6Clubs, 3Clubs, 7Hearts, 4Hearts, 2Hearts, 4Spades.
P2 HAND: KDiamonds, QDiamonds, 5Diamonds, 2Clubs, JHearts, 6Hearts, 3Hearts, 7Spades, 3Spades, 2Spades.
P3 HAND: AClubs, JClubs, QClubs, 4Clubs, AHearts, 5Hearts, ASpades, JSpades, QSpades, 5Spades.
P2 2Spades P3 ASpades P0 6Spades P1 4Spades 
P3 AHearts P0 QHearts P1 7Hearts P2 3Hearts 
P3 5Hearts P0 KHearts P1 2Hearts P2 JHearts 
P0 KSpades P1 4Diamonds P2 7Spades P3 5Spades 
P2 3Spades P3 QSpades P0 3Diamonds P1 JDiamonds 
P3 JSpades P0 2Diamonds P1 4Hearts P2 5Diamonds 
P3 4Clubs P0 7Clubs P1 3Clubs P2 2Clubs 
P0 5Clubs P1 6Clubs P2 6Hearts P3 QClubs 
P3 JClubs P0 7Diamonds P1 KClubs P2 QDiamonds 
P1 6Diamonds P2 KDiamonds P3 AClubs P0 ADiamonds 
-- /GAME --
P0 HAND: KDiamonds, 5Clubs, 4Clubs, 3Clubs, JHearts, 2Hearts, ASpades, 7Spades, JSpades, 4Spades.
P1 HAND: ADiamonds, JDiamonds, 2Diamonds, KClubs, JClubs, QClubs, 6Clubs, 5Hearts, 4Hearts, 5Spades.
P2 HAND: 7Diamonds, 6Diamonds, 7Clubs, AHearts, KHearts, 3Hearts, KSpades, 6Spades, 3Spades, 2Spades.
P3 HAND: QDiamonds, 5Diamonds, 4Diamonds, 3Diamonds, AClubs, 2Clubs, 7Hearts, QHearts, 6Hearts, QSpades.
P1 ADiamonds P2 6Diamonds P3 QDiamonds P0 KDiamonds 
P1 2Diamonds P2 7Diamonds P3 3Diamonds P0 ASpades 
P2 2Spades P3 QSpades P0 7Spades P1 5Spades 
P0 5Clubs P1 6Clubs P2 7Clubs P3 AClubs 
P3 2Clubs P0 3Clubs P1 QClubs P2 3Spades 
P1 JDiamonds P2 6Spades P3 4Diamonds P0 4Clubs 
P1 JClubs P2 3Hearts P3 5Diamonds P0 JSpades 
P2 KHearts P3 6Hearts P0 2Hearts P1 4Hearts 
P2 AHearts P3 QHearts P0 JHearts P1 5Hearts 
P2 KSpades P3 7Hearts P0 4Spades P1 KClubs 
-- /GAME --
P0 HAND: 7Diamonds, JDiamonds, 4Diamonds, 7Clubs, 6Hearts, 2Hearts, ASpades, KSpades, 3Spades, 2Spades.
P1 HAND: QClubs, 5Clubs, 3Clubs, 2Clubs, KHearts, JHearts, QHearts, 4Hearts, 7Spades, 6Spades.
P2 HAND: ADiamonds, KDiamonds, 6Diamonds, AClubs, JClubs, 4Clubs, 7Hearts, 5Hearts, QSpades, 4Spades.
P3 HAND: QDiamonds, 5Diamonds, 3Diamonds, 2Diamonds, KClubs, 6Clubs, AHearts, 3Hearts, JSpades, 5Spades.
P0 7Clubs P1 2Clubs P2 AClubs P3 6Clubs 
P2 4Clubs P3 KClubs P0 6Hearts P1 QClubs 
P3 AHearts P0 2Hearts P1 KHearts P2 5Hearts 
P3 3Hearts P0 KSpades P1 4Hearts P2 7Hearts 
P2 4Spades P3 5Spades P0 ASpades P1 6Spades 
P0 3Spades P1 7Spades P2 QSpades P3 JSpades 
P1 3Clubs P2 JClubs P3 2Diamonds P0 7Diamonds 
P0 2Spades P1 5Clubs P2 6Diamonds P3 3Diamonds 
P2 KDiamonds P3 5Diamonds P0 4Diamonds P1 QHearts 
P2 ADiamonds P3 QDiamonds P0 JDiamonds P1 JHearts 
-- /GAME --
P0 HAND: JDiamonds, 4Diamonds, AClubs, QClubs, 2Clubs, KHearts, QHearts, 3Hearts, JSpades, 5Spades.
P1 HAND: KDiamonds, 6Diamonds, 5Diamonds, KClubs, 4Clubs, 3Clubs, JHearts, 6Hearts, 4Hearts, ASpades.
P2 HAND: ADiamonds, 7Clubs, JClubs, AHearts, 5Hearts, 7Spades, QSpades, 6Spades, 3Spades, 2Spades.
P3 HAND: 7Diamonds, QDiamonds, 3Diamonds, 2Diamonds, 6Clubs, 5Clubs, 7Hearts, 2Hearts, KSpades, 4Spades.
P3 2Diamonds P0 4Diamonds P1 5Diamonds P2 ADiamonds 
P2 AHearts P3 2Hearts P0 KHearts P1 4Hearts 
P2 2Spades P3 4Spades P0 5Spades P1 ASpades 
P1 6Diamonds P2 3Spades P3 7Diamonds P0 JDiamonds 
P3 3Diamonds P0 JSpades P1 KDiamonds P2 JClubs 
P2 5Hearts P3 7Hearts P0 3Hearts P1 JHearts 
P3 QDiamonds P0 QHearts P1 6Hearts P2 6Spades 
P3 5Clubs P0 QClubs P1 3Clubs P2 7Clubs 
P2 QSpades P3 KSpades P0 2Clubs P1 4Clubs 
P1 KClubs P2 7Spades P3 6Clubs P0 AClubs 
-- /GAME --
P0 HAND: ADiamonds, JDiamonds, 5Diamonds, 7Clubs, KClubs, 5Clubs, JHearts, ASpades, 4Spades, 3Spades.
P1 HAND: 6Diamonds, 2Diamonds, AClubs, 4Clubs, 3Clubs, 5Hearts, 4Hearts, 2Hearts, QSpades, 6Spades.
P2 HAND: QDiamonds, 4Diamonds, QClubs, 6Clubs, AHearts, 3Hearts, 7Spades, JSpades, 5Spades, 2Spades.
P3 HAND: 7Diamonds, KDiamonds, 3Diamonds, JClubs, 2Clubs, 7Hearts, KHearts, QHearts, 6Hearts, KSpades.
P2 AHearts P3 6Hearts P0 JHearts P1 2Hearts 
P2 2Spades P3 KSpades P0 ASpades P1 6Spades 
P0 4Spades P1 QSpades P2 5Spades P3 7Diamonds 
P1 2Diamonds P2 4Diamonds P3 3Diamonds P0 ADiamonds 
P0 3Spades P1 4Hearts P2 JSpades P3 QHearts 
P2 3Hearts P3 KHearts P0 KClubs P1 5Hearts 
P0 JDiamonds P1 6Diamonds P2 QDiamonds P3 KDiamonds 
P3 2Clubs P0 7Clubs P1 AClubs P2 6Clubs 
P1 3Clubs P2 QClubs P3 JClubs P0 5Clubs 
P3 7Hearts P0 5Diamonds P1 4Clubs P2 7Spades 
-- /GAME --
P0 HAND: 5Diamonds, 3Diamonds, 2Diamonds, 6Clubs, JHearts, 2Hearts, KSpades, QSpades, 4Spades, 3Spades.
P1 HAND: 7Diamonds, 4Diamonds, AClubs, QClubs, 4Clubs, 3Clubs, 7Hearts, QHearts, 6Spades, 2Spades.
P2 HAND: JDiamonds, 7Clubs, 5Clubs, 2Clubs, KHearts, 5Hearts, 4Hearts, 3Hearts, ASpades, JSpades.
P3 HAND: ADiamonds, KDiamonds, QDiamonds, 6Diamonds, KClubs, JClubs, AHearts, 6Hearts, 7Spades, 5Spades.
P1 AClubs P2 2Clubs P3 KClubs P0 6Clubs 
P1 2Spades P2 ASpades P3 5Spades P0 KSpades 
P2 3Hearts P3 AHearts P0 2Hearts P1 7Hearts 
P3 6Hearts P0 JHearts P1 QHearts P2 KHearts 
P2 4Hearts P3 6Diamonds P0 4Spades P1 QClubs 
P3 JClubs P0 QSpades P1 3Clubs P2 7Clubs 
P2 5Clubs P3 QDiamonds P0 3Spades P1 4Clubs 
P3 KDiamonds P0 2Diamonds P1 4Diamonds P2 JDiamonds 
P3 ADiamonds P0 3Diamonds P1 7Diamonds P2 5Hearts 
P3 7Spades P0 5Diamonds P1 6Spades P2 JSpades 
-- /GAME --
P0 HAND: ADiamonds, AClubs, AHearts, KHearts, 3Hearts, ASpades, KSpades, JSpades, 5Spades, 3Spades.
P1 HAND: QDiamonds, 2Diamonds, KClubs, 5Clubs, 4Clubs, 3Clubs, QHearts, 6Hearts, 2Hearts, 2Spades.
P2 HAND: 5Diamonds, 3Diamonds, 7Clubs, JClubs, QClubs, 6Clubs, 2Clubs, 7Hearts, 7Spades, 4Spades.
P3 HAND: 7Diamonds, KDiamonds, JDiamonds, 6Diamonds, 4Diamonds, JHearts, 5Hearts, 4Hearts, QSpades, 6Spades.
P3 4Diamonds P0 ADiamonds P1 2Diamonds P2 5Diamonds 
P0 ASpades P1 2Spades P2 4Spades P3 6Spades 
P0 AClubs P1 3Clubs P2 7Clubs P3 QSpades 
P3 4Hearts P0 KHearts P1 2Hearts P2 7Hearts 
P2 2Clubs P3 5Hearts P0 KSpades P1 4Clubs 
P0 5Spades P1 5Clubs P2 7Spades P3 6Diamonds 
P2 3Diamonds P3 JDiamonds P0 JSpades P1 QDiamonds 
P0 AHearts P1 6Hearts P2 JClubs P3 JHearts 
P0 3Hearts P1 QHearts P2 6Clubs P3 7Diamonds 
P1 KClubs P2 QClubs P3 KDiamonds 
