-- GAME --
P0 HAND: ADiamonds, 3Diamonds, AClubs, JClubs, QClubs, 2Clubs, AHearts, KHearts, QHearts, ASpades.
P1 HAND: JDiamonds, 4Diamonds, KClubs, 6Clubs, 3Clubs, 6Hearts, 5Hearts, KSpades, QSpades, 6Spades.
P2 HAND: 6Diamonds, 5Diamonds, 2Diamonds, 7Clubs, 7Hearts, JHearts, 4Hearts, 2Hearts, 3Spades, 2Spades.
P3 HAND: 7Diamonds, KDiamonds, QDiamonds, 5Clubs, 4Clubs, 3Hearts, 7Spades, JSpades, 5Spades, 4Spades.
P1 3Clubs P2 7Clubs P3 4Clubs P0 AClubs 
P0 ASpades P1 6Spades P2 3Spades P3 4Spades 
P0 AHearts P1 5Hearts P2 7Hearts P3 3Hearts 
P0 2Clubs P1 6Clubs P2 2Hearts P3 5Clubs 
P1 6Hearts P2 4Hearts P3 5Spades P0 KHearts 
P0 QHearts P1 QSpades P2 JHearts P3 QDiamonds 
P3 JSpades P0 3Diamonds P1 KSpades P2 2Spades 
P0 QClubs P1 KClubs P2 2Diamonds P3 KDiamonds 
P3 7Diamonds P0 ADiamonds P1 4Diamonds P2 5Diamonds 
P0 JClubs P1 JDiamonds P2 6Diamonds P3 7Spades 
-- /GAME --
P0 HAND: ADiamonds, JDiamonds, 5Diamonds, QClubs, 3Clubs, KHearts, QHearts, 2Hearts, KSpades, 3Spades.
P1 HAND: KDiamonds, 6Diamonds, AClubs, 6Clubs, 5Clubs, 4Clubs, 2Clubs, 5Hearts, 4Hearts, 4Spades.
P2 HAND: 7Diamonds, 4Diamonds, 3Diamonds, 2Diamonds, JClubs, JHearts, 3Hearts, ASpades, JSpades, QSpades.
P3 HAND: QDiamonds, 7Clubs, KClubs, AHearts, 7Hearts, 6Hearts, 7Spades, 6Spades, 5Spades, 2Spades.
P0 3Clubs P1 AClubs P2 JClubs P3 7Clubs 
P1 2Clubs P2 3Hearts P3 KClubs P0 QClubs 
P3 AHearts P0 2Hearts P1 5Hearts P2 JHearts 
P3 2Spades P0 KSpades P1 4Spades P2 ASpades 
P2 QSpades P3 5Spades P0 3Spades P1 4Clubs 
P2 JSpades P3 6Spades P0 5Diamonds P1 4Hearts 
P0 QHearts P1 5Clubs P2 2Diamonds P3 6Hearts 
P2 3Diamonds P3 QDiamonds P0 JDiamonds P1 KDiamonds 
P1 6Clubs P2 4Diamonds P3 7Hearts P0 KHearts 
P2 7Diamonds P3 7Spades P0 ADiamonds P1 6Diamonds 
-- /GAME --
P0 HAND: KDiamonds, AClubs, 3Clubs, 2Clubs, AHearts, JHearts, 5Hearts, JSpades, QSpades, 3Spades.
P1 HAND: ADiamonds, 5Diamonds, 4Diamonds, KClubs, 4Clubs, 3Hearts, ASpades, 7Spades, 5Spades, 2Spades.
P2 HAND: JDiamonds, 6Diamonds, 7Clubs, JClubs, QClubs, 7Hearts, KHearts, QHearts, 2Hearts, 6Spades.
P3 HAND: 7Diamonds, QDiamonds, 3Diamonds, 2Diamonds, 6Clubs, 5Clubs, 6Hearts, 4Hearts, KSpades, 4Spades.

