-- GAME --
P0 HAND: 6Diamonds, 7Clubs, 6Clubs, 5Clubs, 4Clubs, JHearts, QHearts, 5Hearts, KSpades, 3Spades.
P1 HAND: 7Diamonds, QDiamonds, 3Diamonds, QClubs, 3Clubs, 2Clubs, 4Hearts, 7Spades, JSpades, QSpades.
P2 HAND: AClubs, JClubs, 7Hearts, KHearts, 6Hearts, 3Hearts, ASpades, 6Spades, 5Spades, 4Spades.
P3 HAND: ADiamonds, KDiamonds, JDiamonds, 5Diamonds, 4Diamonds, 2Diamonds, KClubs, AHearts, 2Hearts, 2Spades.
P2 AClubs P3 KClubs P0 7Clubs P1 2Clubs 
P2 ASpades P3 2Spades P0 KSpades P1 QSpades 
P2 3Hearts P3 AHearts P0 JHearts P1 4Hearts 
P3 2Hearts P0 5Hearts P1 3Clubs P2 7Hearts 
P2 4Spades P3 2Diamonds P0 3Spades P1 7Spades 
P3 4Diamonds P0 6Diamonds P1 3Diamonds P2 KHearts 
P0 QHearts P1 QClubs P2 6Hearts P3 5Diamonds 
P3 JDiamonds P0 4Clubs P1 QDiamonds P2 5Spades 
P3 KDiamonds P0 5Clubs P1 7Diamonds P2 6Spades 
P1 JSpades P2 JClubs P3 ADiamonds P0 6Clubs 
-- /GAME --
P0 HAND: KDiamonds, AClubs, KClubs, 6Clubs, 2Clubs, AHearts, 6Hearts, 5Hearts, JSpades, 2Spades.
P1 HAND: ADiamonds, JDiamonds, 6Diamonds, 4Clubs, 7Hearts, KHearts, 4Hearts, 3Hearts, 7Spades, 4Spades.
P2 HAND: 5Diamonds, 3Diamonds, QClubs, JHearts, ASpades, KSpades, QSpades, 6Spades, 5Spades, 3Spades.
P3 HAND: 7Diamonds, QDiamonds, 4Diamonds, 2Diamonds, 7Clubs, JClubs, 5Clubs, 3Clubs, QHearts, 2Hearts.
P1 ADiamonds P2 3Diamonds P3 7Diamonds P0 KDiamonds 
P1 3Hearts P2 JHearts P3 2Hearts P0 AHearts 
P0 2Clubs P1 4Clubs P2 QClubs P3 3Clubs 
P2 3Spades P3 2Diamonds P0 2Spades P1 7Spades 
P1 4Hearts P2 5Diamonds P3 QHearts P0 5Hearts 
P3 4Diamonds P0 6Hearts P1 6Diamonds P2 5Spades 
P1 4Spades P2 6Spades P3 QDiamonds P0 JSpades 
P0 6Clubs P1 JDiamonds P2 QSpades P3 JClubs 
P3 5Clubs P0 KClubs P1 KHearts P2 ASpades 
P0 AClubs P1 7Hearts P2 KSpades P3 7Clubs 
-- /GAME --
P0 HAND: ADiamonds, 7Diamonds, QClubs, 6Clubs, 2Clubs, QHearts, ASpades, KSpades, JSpades, 6Spades.
P1 HAND: JDiamonds, QDiamonds, 5Diamonds, 4Diamonds, 2Diamonds, 5Clubs, 4Clubs, 6Hearts, 4Spades, 3Spades.
P2 HAND: KDiamonds, AClubs, JClubs, AHearts, JHearts, 4Hearts, 3Hearts, 2Hearts, QSpades, 5Spades.
P3 HAND: 6Diamonds, 3Diamonds, 7Clubs, KClubs, 3Clubs, 7Hearts, KHearts, 5Hearts, 7Spades, 2Spades.
P0 ADiamonds P1 2Diamonds P2 KDiamonds P3 3Diamonds 
P0 ASpades P1 3Spades P2 QSpades P3 2Spades 
P0 7Diamonds P1 4Diamonds P2 AHearts P3 6Diamonds 
P0 QHearts P1 6Hearts P2 2Hearts P3 7Hearts 
P3 5Hearts P0 6Spades P1 4Spades P2 JHearts 
P2 3Hearts P3 KHearts P0 2Clubs P1 5Diamonds 
P0 JSpades P1 QDiamonds P2 5Spades P3 7Spades 
P3 3Clubs P0 6Clubs P1 4Clubs P2 JClubs 
P2 4Hearts P3 KClubs P0 KSpades P1 JDiamonds 
P3 7Clubs P0 QClubs P1 5Clubs P2 AClubs 
-- /GAME --
P0 HAND: KDiamonds, 4Diamonds, AClubs, KHearts, 4Hearts, 3Hearts, ASpades, 7Spades, JSpades, QSpades.
P1 HAND: ADiamonds, JDiamonds, QDiamonds, 3Diamonds, KClubs, QClubs, 6Clubs, JHearts, 5Hearts, KSpades.
P2 HAND: 5Diamonds, 2Diamonds, 4Clubs, 2Clubs, QHearts, 6Hearts, 2Hearts, 5Spades, 4Spades, 3Spades.
P3 HAND: 7Diamonds, 6Diamonds, 7Clubs, JClubs, 5Clubs, 3Clubs, AHearts, 7Hearts, 6Spades, 2Spades.
P3 AHearts P0 3Hearts P1 JHearts P2 2Hearts 
P3 3Clubs P0 AClubs P1 6Clubs P2 4Clubs 
P0 4Hearts P1 5Hearts P2 6Hearts P3 7Hearts 
P3 5Clubs P0 4Diamonds P1 QClubs P2 2Clubs 
P1 3Diamonds P2 2Diamonds P3 6Diamonds P0 KDiamonds 
P0 QSpades P1 KSpades P2 3Spades P3 2Spades 
P1 QDiamonds P2 5Diamonds P3 7Diamonds P0 JSpades 
P0 7Spades P1 JDiamonds P2 4Spades P3 6Spades 
P0 ASpades P1 KClubs P2 5Spades P3 JClubs 
P0 KHearts P1 ADiamonds P2 QHearts P3 7Clubs 
-- /GAME --
P0 HAND: JDiamonds, QDiamonds, 6Diamonds, 2Diamonds, 6Clubs, 4Clubs, 7Hearts, JHearts, 7Spades, JSpades.
P1 HAND: KDiamonds, AClubs, 7Clubs, KClubs, AHearts, QHearts, 6Hearts, 5Hearts, KSpades, 6Spades.
P2 HAND: 5Diamonds, 4Diamonds, 5Clubs, 2Clubs, KHearts, 3Hearts, 2Hearts, 5Spades, 4Spades, 3Spades.
P3 HAND: ADiamonds, 7Diamonds, 3Diamonds, JClubs, QClubs, 3Clubs, 4Hearts, ASpades, QSpades, 2Spades.
P2 2Hearts P3 4Hearts P0 JHearts P1 AHearts 
P1 5Hearts P2 3Hearts P3 2Spades P0 7Hearts 
P0 2Diamonds P1 KDiamonds P2 4Diamonds P3 ADiamonds 
P3 ASpades P0 JSpades P1 KSpades P2 3Spades 
P3 3Diamonds P0 6Diamonds P1 6Hearts P2 5Diamonds 
P0 QDiamonds P1 6Spades P2 4Spades P3 7Diamonds 
P3 QSpades P0 7Spades P1 KClubs P2 5Spades 
P1 QHearts P2 KHearts P3 3Clubs P0 6Clubs 
P0 4Clubs P1 7Clubs P2 2Clubs P3 QClubs 
P1 AClubs P2 5Clubs P3 JClubs P0 JDiamonds 
-- /GAME --
P0 HAND: QDiamonds, 6Diamonds, 3Diamonds, AClubs, 7Clubs, KClubs, KHearts, 6Hearts, 7Spades, QSpades.
P1 HAND: ADiamonds, JClubs, QClubs, 6Clubs, 4Clubs, 3Clubs, ASpades, 6Spades, 5Spades, 2Spades.
P2 HAND: JDiamonds, 5Diamonds, 4Diamonds, 5Clubs, AHearts, JHearts, 4Hearts, JSpades, 4Spades, 3Spades.
P3 HAND: 7Diamonds, KDiamonds, 2Diamonds, 2Clubs, 7Hearts, QHearts, 5Hearts, 3Hearts, 2Hearts, KSpades.
P1 ADiamonds P2 4Diamonds P3 7Diamonds P0 3Diamonds 
P1 ASpades P2 3Spades P3 KSpades P0 QSpades 
P1 2Spades P2 4Spades P3 2Diamonds P0 7Spades 
P0 6Hearts P1 5Spades P2 AHearts P3 2Hearts 
P2 4Hearts P3 3Hearts P0 KHearts P1 6Spades 
P0 KClubs P1 3Clubs P2 5Clubs P3 2Clubs 
P0 6Diamonds P1 4Clubs P2 5Diamonds P3 KDiamonds 
P1 6Clubs P2 JDiamonds P3 5Hearts P0 7Clubs 
P0 AClubs P1 QClubs P2 JHearts P3 QHearts 
P0 QDiamonds P1 JClubs P2 JSpades P3 7Hearts 
-- /GAME --

