-- GAME --
P0 HAND: 7Diamonds, JDiamonds, QDiamonds, 6Diamonds, 7Clubs, JHearts, QSpades, 6Spades, 4Spades, 2Spades.
P1 HAND: 3Diamonds, 2Diamonds, KClubs, JClubs, 6Clubs, 2Clubs, QHearts, JSpades, 5Spades, 3Spades.
P2 HAND: ADiamonds, 5Diamonds, 4Diamonds, 4Clubs, AHearts, 7Hearts, KHearts, 2Hearts, ASpades, KSpades.
P3 HAND: KDiamonds, AClubs, QClubs, 5Clubs, 3Clubs, 6Hearts, 5Hearts, 4Hearts, 3Hearts, 7Spades.
P1 2Diamonds P2 ADiamonds P3 KDiamonds P0 7Diamonds 
P2 ASpades P3 7Spades P0 QSpades P1 3Spades 
P2 4Diamonds P3 3Clubs P0 JDiamonds P1 3Diamonds 
P0 QDiamonds P1 2Clubs P2 5Diamonds P3 5Clubs 
P0 6Diamonds P1 5Spades P2 4Clubs P3 QClubs 
P0 JHearts P1 QHearts P2 2Hearts P3 3Hearts 
P0 2Spades P1 JSpades P2 KSpades P3 4Hearts 
P3 5Hearts P0 7Clubs P1 6Clubs P2 KHearts 
P2 7Hearts P3 6Hearts P0 6Spades P1 JClubs 
P2 AHearts P3 AClubs P0 4Spades P1 KClubs 
-- /GAME --
P0 HAND: QDiamonds, 3Diamonds, 7Clubs, JClubs, 5Clubs, ASpades, 7Spades, JSpades, QSpades, 2Spades.
P1 HAND: 7Diamonds, 6Diamonds, 2Clubs, AHearts, 7Hearts, 5Hearts, 2Hearts, 6Spades, 5Spades, 4Spades.
P2 HAND: JDiamonds, 5Diamonds, 2Diamonds, AClubs, QClubs, KHearts, JHearts, QHearts, 4Hearts, KSpades.
P3 HAND: ADiamonds, KDiamonds, 4Diamonds, KClubs, 6Clubs, 4Clubs, 3Clubs, 6Hearts, 3Hearts, 3Spades.
P0 3Diamonds P1 6Diamonds P2 2Diamonds P3 ADiamonds 
P3 3Clubs P0 JClubs P1 2Clubs P2 AClubs 
P2 4Hearts P3 3Hearts P0 QDiamonds P1 AHearts 
P1 2Hearts P2 QHearts P3 6Hearts P0 7Clubs 
P2 5Diamonds P3 4Diamonds P0 2Spades P1 7Diamonds 
P0 5Clubs P1 5Hearts P2 QClubs P3 KClubs 
P3 4Clubs P0 QSpades P1 4Spades P2 KHearts 
P0 JSpades P1 5Spades P2 KSpades P3 3Spades 
P2 JDiamonds P3 KDiamonds P0 7Spades P1 7Hearts 
P0 ASpades P1 6Spades P2 JHearts P3 6Clubs 
-- /GAME --
P0 HAND: JDiamonds, 5Diamonds, JHearts, QHearts, 5Hearts, 4Hearts, 7Spades, JSpades, 4Spades, 2Spades.
P1 HAND: ADiamonds, 7Diamonds, 6Diamonds, 4Diamonds, QClubs, 6Clubs, KHearts, 3Hearts, ASpades, 5Spades.
P2 HAND: 3Diamonds, KClubs, JClubs, 2Clubs, AHearts, 7Hearts, 6Hearts, 2Hearts, KSpades, QSpades.
P3 HAND: KDiamonds, QDiamonds, 2Diamonds, AClubs, 7Clubs, 5Clubs, 4Clubs, 3Clubs, 6Spades, 3Spades.
P3 2Diamonds P0 5Diamonds P1 ADiamonds P2 3Diamonds 
P1 ASpades 
