-- GAME --
P0 HAND: JDiamonds, 6Diamonds, 2Diamonds, JHearts, 4Hearts, 3Hearts, 7Spades, KSpades, JSpades, 3Spades.
P1 HAND: 5Diamonds, 3Diamonds, 7Clubs, 4Clubs, AHearts, 7Hearts, QHearts, ASpades, 6Spades, 4Spades.
P2 HAND: QDiamonds, JClubs, QClubs, 6Clubs, 5Clubs, 3Clubs, KHearts, 5Hearts, 2Hearts, 2Spades.
P3 HAND: ADiamonds, 7Diamonds, KDiamonds, 4Diamonds, AClubs, KClubs, 2Clubs, 6Hearts, QSpades, 5Spades.
P3 ADiamonds P0 2Diamonds P1 5Diamonds P2 QDiamonds 
P3 AClubs P0 3Hearts P1 4Clubs P2 JClubs 
P0 6Diamonds P1 3Diamonds P2 2Spades P3 7Diamonds 
P3 2Clubs P0 JDiamonds P1 7Clubs P2 3Clubs 
P1 ASpades P2 2Hearts P3 5Spades P0 7Spades 
P2 5Clubs P3 KClubs P0 4Hearts P1 4Spades 
P0 KSpades P1 6Spades P2 QClubs P3 QSpades 
P0 JSpades P1 QHearts P2 KHearts P3 4Diamonds 
P2 6Clubs P3 6Hearts P0 JHearts P1 7Hearts 
P1 AHearts P2 5Hearts P3 KDiamonds P0 3Spades 
-- /GAME --
P0 HAND: 4Diamonds, KClubs, 6Clubs, 4Clubs, 3Clubs, 2Clubs, 5Hearts, 3Hearts, JSpades, 4Spades.
P1 HAND: 7Diamonds, KDiamonds, JDiamonds, 3Diamonds, 2Diamonds, 7Clubs, AHearts, KSpades, QSpades, 3Spades.
P2 HAND: 6Diamonds, JClubs, QClubs, 5Clubs, KHearts, JHearts, QHearts, 7Spades, 5Spades, 2Spades.
P3 HAND: ADiamonds, QDiamonds, 5Diamonds, AClubs, 7Hearts, 6Hearts, 4Hearts, 2Hearts, ASpades, 6Spades.
P2 5Clubs P3 AClubs P0 2Clubs P1 7Clubs 
P3 ADiamonds P0 4Diamonds P1 7Diamonds P2 6Diamonds 
P3 2Hearts P0 3Hearts P1 AHearts P2 QHearts 
P1 2Diamonds P2 QClubs P3 5Diamonds P0 5Hearts 
P3 4Hearts P0 3Clubs P1 3Diamonds P2 KHearts 
P2 JClubs P3 6Hearts P0 KClubs P1 3Spades 
P1 JDiamonds P2 2Spades P3 QDiamonds P0 6Clubs 
P2 JHearts P3 7Hearts P0 JSpades P1 KSpades 
P1 QSpades P2 5Spades P3 6Spades P0 4Spades 
P1 KDiamonds P2 7Spades P3 ASpades P0 4Clubs 
-- /GAME --
P0 HAND: ADiamonds, JDiamonds, 4Diamonds, 2Diamonds, KClubs, 4Clubs, 2Clubs, 3Hearts, 2Hearts, KSpades.
P1 HAND: 7Diamonds, 6Diamonds, 7Clubs, 5Clubs, 3Clubs, AHearts, QHearts, 7Spades, JSpades, 4Spades.
P2 HAND: KDiamonds, QDiamonds, 3Diamonds, QClubs, JHearts, 6Hearts, 6Spades, 5Spades, 3Spades, 2Spades.
P3 HAND: 5Diamonds, AClubs, JClubs, 6Clubs, 7Hearts, KHearts, 5Hearts, 4Hearts, ASpades, QSpades.
P1 AHearts P2 6Hearts P3 7Hearts P0 3Hearts 
P1 4Spades P2 2Spades P3 ASpades P0 KSpades 
P3 4Hearts P0 2Hearts P1 QHearts P2 JHearts 
P2 3Diamonds P3 5Diamonds P0 ADiamonds P1 6Diamonds 
P0 2Diamonds P1 7Diamonds P2 QDiamonds P3 KHearts 
P1 JSpades P2 3Spades P3 QSpades P0 4Clubs 
P0 4Diamonds P1 3Clubs P2 KDiamonds P3 5Hearts 
P1 5Clubs P2 QClubs P3 6Clubs P0 KClubs 
P0 JDiamonds P1 7Clubs P2 5Spades P3 JClubs 
P1 7Spades P2 6Spades P3 AClubs P0 2Clubs 
-- /GAME --
P0 HAND: ADiamonds, 4Diamonds, AClubs, 5Clubs, 4Clubs, 3Clubs, 6Hearts, 4Hearts, 5Spades, 2Spades.
P1 HAND: 6Diamonds, 5Diamonds, 7Clubs, JClubs, 6Clubs, KHearts, 3Hearts, JSpades, 6Spades, 3Spades.
P2 HAND: 7Diamonds, KDiamonds, QDiamonds, 3Diamonds, 2Diamonds, 2Clubs, 7Hearts, 5Hearts, 2Hearts, KSpades.
P3 HAND: JDiamonds, KClubs, QClubs, AHearts, JHearts, QHearts, ASpades, 7Spades, QSpades, 4Spades.
P1 3Hearts P2 2Hearts P3 AHearts P0 4Hearts 
P3 QClubs P0 AClubs P1 6Clubs P2 2Clubs 
P0 6Hearts P1 KHearts P2 7Hearts P3 QHearts 
P2 2Diamonds P3 JDiamonds P0 ADiamonds P1 5Diamonds 
P0 4Diamonds P1 6Diamonds P2 3Diamonds P3 KClubs 
P1 JClubs P2 5Hearts P3 4Spades P0 3Clubs 
P3 JHearts P0 4Clubs P1 3Spades P2 QDiamonds 
P1 6Spades P2 KSpades P3 QSpades P0 5Spades 
P2 KDiamonds P3 7Spades P0 5Clubs P1 7Clubs 
P3 ASpades P0 2Spades P1 JSpades P2 7Diamonds 
-- /GAME --
P0 HAND: JDiamonds, QDiamonds, 4Diamonds, 3Diamonds, 4Clubs, KHearts, 3Hearts, ASpades, 7Spades, 4Spades.
P1 HAND: AClubs, KClubs, 6Clubs, 3Clubs, AHearts, QHearts, 5Hearts, 2Hearts, 6Spades, 5Spades.
P2 HAND: KDiamonds, 6Diamonds, 5Diamonds, 2Diamonds, 7Clubs, QClubs, 7Hearts, 6Hearts, 4Hearts, 3Spades.
P3 HAND: ADiamonds, 7Diamonds, JClubs, 5Clubs, 2Clubs, JHearts, KSpades, JSpades, QSpades, 2Spades.
P0 4Clubs P1 AClubs P2 QClubs P3 JClubs 
P1 AHearts P2 4Hearts P3 JHearts P0 3Hearts 
P1 2Hearts P2 6Hearts P3 2Clubs P0 KHearts 
P0 ASpades P1 5Spades P2 3Spades P3 2Spades 
P0 7Spades P1 6Spades P2 7Clubs P3 QSpades 
P0 4Spades P1 3Clubs P2 2Diamonds P3 JSpades 
P2 5Diamonds P3 7Diamonds P0 4Diamonds P1 KClubs 
P3 5Clubs P0 QDiamonds P1 6Clubs P2 7Hearts 
P0 3Diamonds P1 5Hearts P2 6Diamonds P3 ADiamonds 
P3 KSpades P0 JDiamonds P1 QHearts P2 KDiamonds 
-- /GAME --
P0 HAND: KDiamonds, 3Diamonds, QClubs, 4Clubs, JHearts, QHearts, 5Hearts, 3Hearts, JSpades, 3Spades.
P1 HAND: ADiamonds, QDiamonds, 6Diamonds, JClubs, 6Clubs, 5Clubs, ASpades, KSpades, QSpades, 2Spades.
P2 HAND: 7Diamonds, JDiamonds, 4Diamonds, AClubs, 7Clubs, AHearts, 7Hearts, 4Hearts, 2Hearts, 4Spades.
P3 HAND: 5Diamonds, 2Diamonds, KClubs, 3Clubs, 2Clubs, KHearts, 6Hearts, 7Spades, 6Spades, 5Spades.
P3 2Diamonds P0 3Diamonds P1 ADiamonds P2 4Diamonds 
P1 ASpades P2 4Spades P3 7Spades P0 3Spades 
P1 2Spades P2 2Hearts P3 5Spades P0 JSpades 
P2 AClubs P3 2Clubs P0 QClubs P1 5Clubs 
P2 JDiamonds P3 5Diamonds P0 KDiamonds P1 6Diamonds 
P0 4Clubs P1 6Clubs P2 7Clubs P3 3Clubs 
P2 4Hearts P3 6Hearts P0 5Hearts P1 KSpades 
P3 6Spades P0 JHearts P1 QSpades P2 7Diamonds 
P0 3Hearts P1 QDiamonds P2 7Hearts P3 KHearts 
P2 AHearts P3 KClubs P0 QHearts P1 JClubs 
-- /GAME --
P0 HAND: KDiamonds, 4Diamonds, KClubs, QClubs, 4Clubs, JHearts, QHearts, ASpades, 7Spades, JSpades.
P1 HAND: ADiamonds, 6Diamonds, 2Diamonds, 7Clubs, 3Clubs, AHearts, 4Hearts, KSpades, QSpades, 2Spades.
P2 HAND: JDiamonds, 3Diamonds, 6Clubs, 5Clubs, 7Hearts, KHearts, 6Hearts, 5Hearts, 5Spades, 3Spades.
P3 HAND: 7Diamonds, QDiamonds, 5Diamonds, AClubs, JClubs, 2Clubs, 3Hearts, 2Hearts, 6Spades, 4Spades.
P2 3Diamonds P3 5Diamonds P0 4Diamonds P1 ADiamonds 
P1 AHearts P2 5Hearts P3 3Hearts P0 QHearts 
P1 2Diamonds P2 JDiamonds P3 7Diamonds P0 KDiamonds 
P3 2Hearts P0 JHearts P1 4Hearts P2 7Hearts 
P2 3Spades P3 4Spades P0 ASpades P1 2Spades 
P0 QClubs P1 3Clubs P2 5Clubs P3 2Clubs 
P0 4Clubs P1 7Clubs P2 6Clubs P3 JClubs 
P1 6Diamonds P2 5Spades P3 QDiamonds P0 JSpades 
P3 6Spades P0 7Spades P1 QSpades P2 KHearts 
P0 KClubs P1 KSpades P2 6Hearts P3 AClubs 
-- /GAME --
P0 HAND: 7Diamonds, JDiamonds, 4Diamonds, 2Diamonds, QClubs, AHearts, 5Hearts, JSpades, QSpades, 4Spades.
P1 HAND: KDiamonds, 3Diamonds, 7Clubs, 5Clubs, 4Clubs, KHearts, QHearts, 3Hearts, 2Hearts, 3Spades.
P2 HAND: ADiamonds, QDiamonds, JClubs, 6Clubs, 3Clubs, 6Hearts, ASpades, 7Spades, KSpades, 6Spades.
P3 HAND: 6Diamonds, 5Diamonds, AClubs, KClubs, 2Clubs, 7Hearts, JHearts, 4Hearts, 5Spades, 2Spades.

