-- GAME --
P0 HAND: KDiamonds, 6Diamonds, 5Diamonds, AClubs, 7Clubs, QClubs, JHearts, 5Hearts, QSpades, 4Spades.
P1 HAND: ADiamonds, 4Diamonds, 2Diamonds, KClubs, 6Clubs, QHearts, 4Hearts, KSpades, 6Spades, 3Spades.
P2 HAND: JDiamonds, QDiamonds, 5Clubs, AHearts, KHearts, 6Hearts, 2Hearts, 7Spades, 5Spades, 2Spades.
P3 HAND: 7Diamonds, 3Diamonds, JClubs, 4Clubs, 3Clubs, 2Clubs, 7Hearts, 3Hearts, ASpades, JSpades.
P2 AHearts P3 3Hearts P0 JHearts P1 4Hearts 
P2 2Hearts P3 7Hearts P0 5Hearts P1 QHearts 
P3 2Clubs P0 AClubs P1 6Clubs P2 5Clubs 
P0 5Diamonds P1 ADiamonds P2 QDiamonds P3 7Diamonds 
P1 2Diamonds P2 JDiamonds P3 3Diamonds P0 KDiamonds 
P0 6Diamonds P1 4Diamonds P2 6Hearts P3 3Clubs 
P0 QClubs P1 KClubs P2 2Spades P3 4Clubs 
P2 5Spades P3 JSpades P0 QSpades P1 3Spades 
P3 JClubs P0 7Clubs P1 6Spades P2 7Spades 
P2 KHearts P3 ASpades P0 4Spades P1 KSpades 
-- /GAME --
P0 HAND: 7Diamonds, KDiamonds, 2Diamonds, KClubs, JClubs, 5Clubs, 3Clubs, 6Hearts, 4Hearts, 5Spades.
P1 HAND: ADiamonds, QDiamonds, QClubs, 6Clubs, QHearts, 5Hearts, 7Spades, 4Spades, 3Spades, 2Spades.
P2 HAND: JDiamonds, 4Diamonds, AClubs, 7Clubs, AHearts, JHearts, 3Hearts, ASpades, JSpades, QSpades.
P3 HAND: 6Diamonds, 5Diamonds, 3Diamonds, 4Clubs, 2Clubs, 7Hearts, KHearts, 2Hearts, KSpades, 6Spades.
P1 ADiamonds P2 4Diamonds P3 6Diamonds P0 2Diamonds 
P1 2Spades P2 ASpades P3 6Spades P0 5Spades 
P2 AHearts P3 2Hearts P0 6Hearts P1 5Hearts 
P2 3Hearts P3 KHearts P0 4Hearts P1 QHearts 
P3 3Diamonds P0 KDiamonds P1 QDiamonds P2 JDiamonds 
P0 3Clubs P1 6Clubs P2 7Clubs P3 2Clubs 
P2 QSpades P3 KSpades P0 5Clubs P1 3Spades 
P0 JClubs P1 QClubs P2 AClubs P3 4Clubs 
P2 JHearts P3 7Hearts P0 KClubs P1 4Spades 
P0 7Diamonds P1 7Spades P2 JSpades P3 5Diamonds 
-- /GAME --
P0 HAND: 5Diamonds, 2Diamonds, AClubs, 5Clubs, 4Clubs, 4Hearts, 2Hearts, ASpades, KSpades, QSpades.
P1 HAND: 7Diamonds, KDiamonds, 6Diamonds, 7Clubs, QClubs, 6Clubs, 7Hearts, KHearts, QHearts, 6Spades.
P2 HAND: ADiamonds, JClubs, 3Clubs, 2Clubs, 3Hearts, 7Spades, JSpades, 4Spades, 3Spades, 2Spades.
P3 HAND: JDiamonds, QDiamonds, 4Diamonds, 3Diamonds, KClubs, AHearts, JHearts, 6Hearts, 5Hearts, 5Spades.
P0 ASpades P1 6Spades P2 7Spades P3 5Spades 
P0 AClubs P1 6Clubs P2 JClubs P3 KClubs 
P0 2Diamonds P1 6Diamonds P2 ADiamonds P3 3Diamonds 
P2 2Clubs P3 4Diamonds P0 5Clubs P1 7Clubs 
P1 QClubs P2 3Clubs P3 QDiamonds P0 4Clubs 
P1 QHearts P2 3Hearts P3 5Hearts P0 2Hearts 
P1 KHearts P2 2Spades P3 6Hearts 
