-- GAME --
P0 HAND: 7Diamonds, JDiamonds, 6Diamonds, 2Diamonds, 7Clubs, KClubs, AHearts, 2Hearts, ASpades, 5Spades.
P1 HAND: 4Diamonds, AClubs, QClubs, 3Clubs, KHearts, QHearts, JSpades, QSpades, 6Spades, 2Spades.
P2 HAND: KDiamonds, QDiamonds, 5Diamonds, 3Diamonds, JClubs, JHearts, 4Hearts, 3Hearts, 7Spades, 3Spades.
P3 HAND: ADiamonds, 6Clubs, 5Clubs, 4Clubs, 2Clubs, 7Hearts, 6Hearts, 5Hearts, KSpades, 4Spades.
P0 ASpades P1 2Spades P2 7Spades P3 4Spades 
P0 AHearts P1 QHearts P2 JHearts P3 5Hearts 
P0 2Hearts P1 KHearts P2 3Hearts P3 7Hearts 
P3 ADiamonds P0 2Diamonds P1 4Diamonds P2 3Diamonds 
P3 6Hearts P0 7Clubs P1 AClubs P2 4Hearts 
P1 6Spades P2 3Spades P3 KSpades P0 5Spades 
P3 2Clubs P0 KClubs P1 3Clubs P2 JClubs 
P0 7Diamonds P1 QClubs P2 5Diamonds P3 4Clubs 
P1 QSpades P2 QDiamonds P3 5Clubs P0 6Diamonds 
P3 6Clubs P0 JDiamonds P1 JSpades P2 KDiamonds 
-- /GAME --
P0 HAND: ADiamonds, JDiamonds, 2Diamonds, AHearts, 7Hearts, 6Hearts, KSpades, 6Spades, 5Spades, 4Spades.
P1 HAND: 4Diamonds, 3Diamonds, AClubs, KClubs, QClubs, 6Clubs, 5Clubs, 4Clubs, QSpades, 2Spades.
P2 HAND: 7Diamonds, KDiamonds, QDiamonds, 7Clubs, JClubs, 2Clubs, JHearts, QHearts, 7Spades, 3Spades.
P3 HAND: 6Diamonds, 5Diamonds, 3Clubs, KHearts, 5Hearts, 4Hearts, 3Hearts, 2Hearts, ASpades, JSpades.
P3 ASpades P0 4Spades P1 QSpades P2 3Spades 
P3 2Hearts P0 AHearts P1 3Diamonds P2 QHearts 
P1 2Spades P2 7Spades P3 JSpades P0 KSpades 
P2 2Clubs P3 3Clubs P0 2Diamonds P1 4Clubs 
P0 5Spades P1 5Clubs P2 QDiamonds P3 3Hearts 
P2 JClubs P3 4Hearts P0 6Spades P1 AClubs 
P1 6Clubs P2 7Clubs P3 5Diamonds P0 JDiamonds 
P0 6Hearts P1 QClubs P2 JHearts P3 KHearts 
P3 5Hearts P0 7Hearts P1 4Diamonds P2 KDiamonds 
P2 7Diamonds P3 6Diamonds P0 ADiamonds P1 KClubs 
-- /GAME --
P0 HAND: ADiamonds, 3Diamonds, 5Clubs, 2Clubs, 5Hearts, 4Hearts, ASpades, JSpades, 5Spades, 4Spades.
P1 HAND: JDiamonds, 6Diamonds, 5Diamonds, JClubs, QClubs, 6Clubs, AHearts, JHearts, 3Hearts, 2Spades.
P2 HAND: 7Diamonds, 4Diamonds, 2Diamonds, 7Clubs, 4Clubs, 3Clubs, 2Hearts, 7Spades, QSpades, 3Spades.
P3 HAND: KDiamonds, QDiamonds, AClubs, KClubs, 7Hearts, KHearts, QHearts, 6Hearts, KSpades, 6Spades.
P2 2Hearts P3 6Hearts P0 4Hearts P1 AHearts 
P1 2Spades P2 3Spades P3 6Spades P0 ASpades 
P0 5Hearts P1 3Hearts P2 3Clubs P3 7Hearts 
P3 AClubs P0 2Clubs P1 JClubs P2 4Clubs 
P3 QHearts P0 3Diamonds P1 JHearts P2 7Clubs 
P0 JSpades P1 6Clubs P2 7Spades P3 KSpades 
P2 QSpades P3 QDiamonds P0 4Spades P1 QClubs 
P3 KDiamonds P0 ADiamonds P1 5Diamonds P2 2Diamonds 
P0 5Clubs P1 6Diamonds P2 4Diamonds P3 KClubs 
P1 JDiamonds P2 7Diamonds P3 KHearts P0 5Spades 
-- /GAME --
P0 HAND: 7Diamonds, KDiamonds, 6Diamonds, AClubs, 7Clubs, KClubs, 5Clubs, 6Hearts, JSpades, QSpades.
P1 HAND: JClubs, QClubs, 6Clubs, 4Clubs, AHearts, ASpades, 7Spades, 4Spades, 3Spades, 2Spades.
P2 HAND: ADiamonds, QDiamonds, 5Diamonds, 2Diamonds, 7Hearts, QHearts, 5Hearts, 4Hearts, 3Hearts, KSpades.
P3 HAND: JDiamonds, 4Diamonds, 3Diamonds, 3Clubs, 2Clubs, KHearts, JHearts, 2Hearts, 6Spades, 5Spades.
P1 AHearts P2 3Hearts P3 KHearts P0 6Hearts 
P1 2Spades P2 KSpades P3 5Spades P0 JSpades 
P2 ADiamonds P3 3Diamonds P0 7Diamonds P1 4Clubs 
P1 3Spades P2 2Diamonds P3 6Spades P0 QSpades 
P0 KDiamonds P1 4Spades P2 QDiamonds P3 4Diamonds 
P0 6Diamonds P1 6Clubs P2 5Diamonds P3 JDiamonds 
P1 QClubs P2 4Hearts P3 2Clubs P0 5Clubs 
P1 JClubs P2 5Hearts P3 3Clubs P0 KClubs 
P0 7Clubs P1 7Spades P2 QHearts P3 2Hearts 
P0 AClubs P1 ASpades P2 7Hearts P3 JHearts 
-- /GAME --
P0 HAND: KDiamonds, QDiamonds, 5Diamonds, 2Diamonds, KClubs, 5Clubs, 4Clubs, AHearts, KHearts, QHearts.
P1 HAND: 4Diamonds, 3Diamonds, 7Clubs, 6Hearts, 5Hearts, 4Hearts, JSpades, QSpades, 6Spades, 5Spades.
P2 HAND: 7Diamonds, JDiamonds, 6Diamonds, 6Clubs, 3Clubs, 2Clubs, 7Hearts, JHearts, ASpades, 4Spades.
P3 HAND: ADiamonds, AClubs, JClubs, QClubs, 3Hearts, 2Hearts, 7Spades, KSpades, 3Spades, 2Spades.
P0 AHearts P1 4Hearts P2 7Hearts P3 2Hearts 
P0 4Clubs P1 7Clubs P2 2Clubs P3 AClubs 
P3 ADiamonds P0 2Diamonds P1 4Diamonds P2 6Diamonds 
P3 3Hearts P0 KHearts P1 5Hearts P2 JHearts 
P0 KDiamonds P1 3Diamonds P2 7Diamonds P3 2Spades 
P3 QClubs P0 KClubs P1 5Spades P2 3Clubs 
P1 6Hearts P2 6Clubs P3 3Spades P0 QHearts 
P3 JClubs P0 5Clubs P1 6Spades P2 4Spades 
P1 QSpades P2 ASpades P3 KSpades P0 5Diamonds 
P2 JDiamonds P3 7Spades P0 QDiamonds P1 JSpades 
-- /GAME --
P0 HAND: 7Diamonds, KDiamonds, JDiamonds, 6Diamonds, 4Diamonds, 6Hearts, ASpades, 5Spades, 3Spades, 2Spades.
P1 HAND: AClubs, 7Clubs, 4Clubs, 3Clubs, AHearts, 7Hearts, JHearts, JSpades, QSpades, 4Spades.
P2 HAND: ADiamonds, QDiamonds, 3Diamonds, 2Diamonds, QClubs, 6Clubs, 4Hearts, 2Hearts, KSpades, 6Spades.
P3 HAND: 5Diamonds, KClubs, JClubs, 5Clubs, 2Clubs, KHearts, QHearts, 5Hearts, 3Hearts, 7Spades.
P3 2Clubs P0 4Diamonds P1 3Clubs P2 QClubs 
P0 6Hearts P1 AHearts P2 2Hearts P3 KHearts 
P1 4Clubs P2 6Clubs P3 5Clubs P0 2Spades 
P2 4Hearts P3 3Hearts P0 7Diamonds P1 JHearts 
P0 ASpades P1 4Spades P2 KSpades P3 7Spades 
P0 3Spades P1 QSpades P2 6Spades P3 KClubs 
P1 JSpades P2 2Diamonds P3 5Hearts P0 5Spades 
P2 3Diamonds P3 5Diamonds P0 6Diamonds P1 7Clubs 
P0 JDiamonds P1 7Hearts P2 QDiamonds P3 QHearts 
P0 KDiamonds P1 AClubs P2 ADiamonds P3 JClubs 
-- /GAME --

