-- GAME --
P0 HAND: ADiamonds, 3Diamonds, QClubs, QHearts, 2Hearts, ASpades, 7Spades, KSpades, 5Spades, 3Spades.
P1 HAND: 7Diamonds, QDiamonds, 4Diamonds, 6Clubs, 2Clubs, 7Hearts, KHearts, 5Hearts, 3Hearts, 6Spades.
P2 HAND: 5Diamonds, AClubs, 7Clubs, KClubs, 5Clubs, 3Clubs, AHearts, 6Hearts, QSpades, 2Spades.
P3 HAND: KDiamonds, JDiamonds, 6Diamonds, 2Diamonds, JClubs, 4Clubs, JHearts, 4Hearts, JSpades, 4Spades.
P1 2Clubs P2 AClubs P3 4Clubs P0 QClubs 
P2 AHearts P3 4Hearts P0 QHearts P1 3Hearts 
P2 2Spades P3 4Spades P0 ASpades P1 6Spades 
P0 2Hearts P1 5Hearts P2 6Hearts P3 JHearts 
P3 JClubs P0 3Diamonds P1 6Clubs P2 7Clubs 
P0 7Spades P1 4Diamonds P2 QSpades P3 JSpades 
P1 QDiamonds P2 5Diamonds P3 2Diamonds P0 ADiamonds 
P0 KSpades P1 7Diamonds P2 3Clubs P3 6Diamonds 
P1 KHearts P2 5Clubs P3 JDiamonds P0 3Spades 
P3 KDiamonds P0 5Spades P1 7Hearts P2 KClubs 
-- /GAME --
P0 HAND: QDiamonds, 3Diamonds, KClubs, QClubs, AHearts, 7Hearts, JHearts, 5Hearts, 4Hearts, 3Spades.
P1 HAND: JDiamonds, 6Diamonds, 5Diamonds, 4Diamonds, 3Clubs, 3Hearts, 2Hearts, ASpades, 7Spades, 5Spades.
P2 HAND: 7Diamonds, 2Diamonds, AClubs, 6Clubs, 2Clubs, QHearts, 6Hearts, JSpades, QSpades, 4Spades.
P3 HAND: ADiamonds, KDiamonds, 7Clubs, JClubs, 5Clubs, 4Clubs, KHearts, KSpades, 6Spades, 2Spades.
P0 AHearts P1 2Hearts P2 QHearts P3 KHearts 
P0 3Spades P1 ASpades P2 4Spades P3 KSpades 
P1 3Hearts P2 6Hearts P3 2Spades P0 7Hearts 
P0 QDiamonds P1 4Diamonds P2 2Diamonds P3 ADiamonds 
P3 6Spades P0 KClubs P1 5Spades P2 JSpades 
P0 3Diamonds P1 5Diamonds P2 7Diamonds P3 KDiamonds 
P2 QSpades P3 4Clubs P0 QClubs P1 7Spades 
P0 JHearts P1 6Diamonds P2 2Clubs P3 5Clubs 
P3 JClubs P0 5Hearts P1 3Clubs P2 6Clubs 
P3 7Clubs P0 4Hearts P1 JDiamonds P2 AClubs 
-- /GAME --
P0 HAND: 7Diamonds, 4Diamonds, 4Clubs, AHearts, KHearts, JHearts, QHearts, 6Hearts, KSpades, 6Spades.
P1 HAND: ADiamonds, 6Diamonds, 2Diamonds, 7Clubs, 6Clubs, 5Clubs, 7Hearts, 7Spades, QSpades, 5Spades.
P2 HAND: JDiamonds, 5Diamonds, KClubs, JClubs, QClubs, 3Clubs, 2Clubs, 2Hearts, ASpades, 3Spades.
P3 HAND: KDiamonds, QDiamonds, 3Diamonds, AClubs, 5Hearts, 4Hearts, 3Hearts, JSpades, 4Spades, 2Spades.
P3 2Spades P0 KSpades P1 5Spades P2 ASpades 
P2 2Hearts P3 3Hearts P0 AHearts P1 7Hearts 
P0 KHearts P1 2Diamonds P2 JDiamonds P3 4Hearts 
P0 JHearts P1 6Diamonds P2 5Diamonds P3 5Hearts 
P0 QHearts P1 QSpades P2 3Spades P3 3Diamonds 
P0 6Hearts P1 5Clubs P2 2Clubs P3 KDiamonds 
P1 6Clubs P2 3Clubs P3 AClubs P0 4Clubs 
P3 4Spades P0 6Spades P1 7Spades P2 QClubs 
P2 JClubs P3 QDiamonds P0 7Diamonds P1 7Clubs 
P1 ADiamonds P2 KClubs P3 JSpades P0 4Diamonds 
-- /GAME --
P0 HAND: ADiamonds, 6Diamonds, 2Diamonds, 7Clubs, 6Clubs, 2Clubs, 4Hearts, KSpades, QSpades, 6Spades.
P1 HAND: JDiamonds, AClubs, 5Clubs, 4Clubs, AHearts, QHearts, 6Hearts, 3Hearts, 5Spades, 2Spades.
P2 HAND: 7Diamonds, KDiamonds, QDiamonds, KClubs, JClubs, QClubs, 3Clubs, 7Hearts, 5Hearts, ASpades.
P3 HAND: 5Diamonds, 4Diamonds, 3Diamonds, KHearts, JHearts, 2Hearts, 7Spades, JSpades, 4Spades, 3Spades.
P2 ASpades P3 3Spades P0 KSpades P1 2Spades 
P2 3Clubs P3 3Diamonds P0 2Clubs P1 AClubs 
P1 4Clubs P2 QClubs P3 4Diamonds P0 7Clubs 
P0 ADiamonds P1 JDiamonds P2 7Diamonds P3 5Diamonds 
P0 6Clubs P1 5Clubs P2 JClubs P3 4Spades 
P2 QDiamonds P3 2Hearts P0 2Diamonds P1 5Spades 
P3 JSpades P0 6Spades P1 3Hearts P2 5Hearts 
P2 7Hearts P3 JHearts P0 4Hearts P1 AHearts 
P1 6Hearts P2 KDiamonds P3 KHearts P0 6Diamonds 
P3 7Spades P0 QSpades P1 QHearts P2 KClubs 
-- /GAME --
P0 HAND: ADiamonds, AClubs, 6Clubs, 4Clubs, 2Clubs, JHearts, 6Hearts, ASpades, KSpades, JSpades.
P1 HAND: 7Diamonds, QDiamonds, 6Diamonds, KClubs, QClubs, 5Clubs, 5Hearts, 3Hearts, 2Hearts, 3Spades.
P2 HAND: KDiamonds, 5Diamonds, 3Diamonds, 7Clubs, 3Clubs, AHearts, 7Hearts, KHearts, 6Spades, 4Spades.
P3 HAND: JDiamonds, 4Diamonds, 2Diamonds, JClubs, QHearts, 4Hearts, 7Spades, QSpades, 5Spades, 2Spades.
P1 2Hearts P2 AHearts P3 4Hearts P0 JHearts 
P2 3Diamonds P3 2Diamonds P0 ADiamonds P1 6Diamonds 
P0 ASpades P1 3Spades P2 6Spades P3 2Spades 
P0 6Hearts P1 3Hearts P2 7Hearts P3 QHearts 
P2 4Spades P3 5Spades P0 JSpades P1 5Hearts 
P0 KSpades P1 QDiamonds P2 3Clubs P3 QSpades 
P2 5Diamonds P3 4Diamonds P0 2Clubs P1 7Diamonds 
P0 4Clubs P1 5Clubs P2 7Clubs P3 JClubs 
P2 KDiamonds P3 JDiamonds P0 6Clubs P1 QClubs 
P1 KClubs P2 KHearts P3 7Spades P0 AClubs 
-- /GAME --
P0 HAND: ADiamonds, 3Diamonds, 7Clubs, 3Clubs, KHearts, 3Hearts, 7Spades, 4Spades, 3Spades, 2Spades.
P1 HAND: 7Diamonds, KDiamonds, JDiamonds, 6Diamonds, 5Diamonds, 4Diamonds, KClubs, 5Hearts, ASpades, 5Spades.
P2 HAND: QClubs, 4Clubs, AHearts, 7Hearts, JHearts, QHearts, 4Hearts, KSpades, JSpades, 6Spades.
P3 HAND: QDiamonds, 2Diamonds, AClubs, JClubs, 6Clubs, 5Clubs, 2Clubs, 6Hearts, 2Hearts, QSpades.
P2 4Clubs P3 AClubs P0 3Clubs P1 KClubs 
P3 2Clubs P0 7Clubs P1 4Diamonds P2 QClubs 
P1 ASpades P2 6Spades P3 QSpades P0 2Spades 
P1 5Hearts P2 AHearts P3 2Hearts P0 KHearts 
P2 4Hearts P3 6Hearts P0 3Hearts P1 5Spades 
P3 5Clubs P0 3Spades P1 5Diamonds P2 QHearts 
P1 6Diamonds P2 JHearts P3 2Diamonds P0 3Diamonds 
P1 JDiamonds P2 JSpades P3 QDiamonds P0 ADiamonds 
P0 7Spades P1 KDiamonds P2 KSpades P3 JClubs 
P1 7Diamonds P2 7Hearts P3 6Clubs P0 4Spades 
-- /GAME --
P0 HAND: ADiamonds, KDiamonds, JDiamonds, 7Clubs, KClubs, 4Clubs, 3Hearts, 2Hearts, 7Spades, 4Spades.
P1 HAND: 6Diamonds, 4Diamonds, JClubs, 6Clubs, 5Clubs, KHearts, QHearts, 4Hearts, QSpades, 3Spades.
P2 HAND: 7Diamonds, QDiamonds, 2Diamonds, AClubs, 3Clubs, 2Clubs, AHearts, 7Hearts, KSpades, 5Spades.
P3 HAND: 5Diamonds, 3Diamonds, QClubs, JHearts, 6Hearts, 5Hearts, ASpades, JSpades, 6Spades, 2Spades.
P1 4Diamonds P2 2Diamonds P3 3Diamonds P0 ADiamonds 
P0 2Hearts P1 4Hearts P2 AHearts P3 5Hearts 
P2 AClubs P3 QClubs P0 7Clubs P1 5Clubs 
P2 2Clubs P3 5Diamonds P0 KClubs P1 6Clubs 
P0 KDiamonds P1 6Diamonds P2 QDiamonds P3 2Spades 
P3 6Hearts P0 3Hearts P1 QHearts P2 7Hearts 
P2 3Clubs P3 6Spades P0 4Clubs P1 JClubs 
P3 JHearts P0 JDiamonds P1 KHearts P2 5Spades 
P2 KSpades P3 JSpades P0 7Spades P1 3Spades 
P0 4Spades P1 QSpades P2 7Diamonds P3 ASpades 
-- /GAME --
P0 HAND: 6Diamonds, 5Diamonds, 3Diamonds, AClubs, KClubs, 4Clubs, KHearts, 6Hearts, 4Hearts, JSpades.
P1 HAND: 7Diamonds, KDiamonds, QDiamonds, 7Clubs, 6Clubs, 5Clubs, 5Hearts, 3Hearts, 7Spades, 2Spades.
P2 HAND: ADiamonds, 2Diamonds, JClubs, 3Clubs, 2Clubs, 7Hearts, JHearts, QHearts, 6Spades, 5Spades.
P3 HAND: JDiamonds, 4Diamonds, QClubs, AHearts, 2Hearts, ASpades, KSpades, QSpades, 4Spades, 3Spades.
P0 AClubs P1 5Clubs P2 JClubs P3 QClubs 
P0 3Diamonds P1 QDiamonds P2 ADiamonds P3 4Diamonds 
P2 2Diamonds P3 JDiamonds P0 5Diamonds P1 7Diamonds 
P1 3Hearts P2 QHearts P3 AHearts P0 4Hearts 
P3 2Hearts P0 KHearts P1 5Hearts P2 7Hearts 
P2 2Clubs P3 3Spades P0 4Clubs P1 7Clubs 
P3 4Spades P0 JSpades P1 2Spades P2 5Spades 
P0 6Hearts P1 6Clubs P2 JHearts P3 QSpades 
P3 KSpades P0 6Diamonds P1 7Spades P2 6Spades 
P1 KDiamonds P2 3Clubs P3 ASpades P0 KClubs 
-- /GAME --
P0 HAND: JDiamonds, 5Diamonds, 2Diamonds, KHearts, 3Hearts, 2Hearts, ASpades, 7Spades, QSpades, 4Spades.
P1 HAND: ADiamonds, QDiamonds, 7Clubs, 6Clubs, 4Clubs, 3Clubs, 7Hearts, JHearts, 4Hearts, KSpades.
P2 HAND: 7Diamonds, 4Diamonds, 3Diamonds, AClubs, KClubs, QClubs, 5Clubs, 2Clubs, AHearts, 5Hearts.
P3 HAND: KDiamonds, 6Diamonds, JClubs, QHearts, 6Hearts, JSpades, 6Spades, 5Spades, 3Spades, 2Spades.
P3 2Spades P0 ASpades P1 KSpades P2 AHearts 
P0 7Spades P1 3Clubs P2 5Clubs P3 3Spades 
P2 3Diamonds P3 6Diamonds P0 2Diamonds P1 ADiamonds 
P1 7Hearts P2 5Hearts P3 QHearts P0 2Hearts 
P1 4Hearts P2 4Diamonds P3 6Hearts P0 KHearts 
P0 3Hearts P1 JHearts P2 2Clubs P3 5Spades 
P2 QClubs P3 JClubs P0 5Diamonds P1 4Clubs 
P3 6Spades P0 QSpades P1 QDiamonds P2 7Diamonds 
P0 JDiamonds P1 6Clubs P2 KClubs P3 KDiamonds 
P2 AClubs P3 JSpades P0 4Spades P1 7Clubs 
-- /GAME --
P0 HAND: 7Diamonds, 3Diamonds, 5Clubs, 2Clubs, AHearts, JHearts, QHearts, 7Spades, JSpades, 4Spades.
P1 HAND: ADiamonds, 6Diamonds, 2Diamonds, AClubs, KClubs, JClubs, QClubs, 4Clubs, 7Hearts, 3Spades.
P2 HAND: QDiamonds, 4Diamonds, 3Clubs, KHearts, 6Hearts, 4Hearts, 3Hearts, 2Hearts, QSpades, 2Spades.
P3 HAND: KDiamonds, JDiamonds, 5Diamonds, 7Clubs, 6Clubs, 5Hearts, ASpades, KSpades, 6Spades, 5Spades.
P2 2Hearts P3 5Hearts P0 AHearts P1 7Hearts 
P0 4Spades P1 3Spades P2 2Spades P3 ASpades 
P3 5Diamonds P0 7Diamonds P1 ADiamonds P2 4Diamonds 
P1 2Diamonds P2 QDiamonds P3 KDiamonds P0 3Diamonds 
P3 5Spades P0 7Spades P1 4Clubs P2 QSpades 
P1 6Diamonds P2 3Hearts P3 JDiamonds P0 2Clubs 
P0 JHearts P1 QClubs P2 4Hearts P3 KSpades 
P1 JClubs P2 3Clubs P3 6Clubs P0 5Clubs 
P1 KClubs P2 6Hearts P3 7Clubs P0 QHearts 
P3 6Spades P0 JSpades P1 AClubs P2 KHearts 
-- /GAME --
P0 HAND: 2Diamonds, 7Clubs, 4Clubs, 7Hearts, 6Hearts, 4Hearts, 7Spades, 6Spades, 5Spades, 2Spades.
P1 HAND: 7Diamonds, 4Diamonds, JClubs, 6Clubs, 5Clubs, 3Clubs, 2Clubs, JHearts, KSpades, 3Spades.
P2 HAND: ADiamonds, KDiamonds, QDiamonds, 6Diamonds, 3Diamonds, AClubs, KClubs, 3Hearts, 2Hearts, 4Spades.
P3 HAND: JDiamonds, 5Diamonds, QClubs, AHearts, KHearts, QHearts, 5Hearts, ASpades, JSpades, QSpades.
P2 2Hearts P3 AHearts P0 4Hearts P1 JHearts 
P3 ASpades P0 2Spades P1 KSpades P2 4Spades 
P3 5Diamonds P0 2Diamonds P1 4Diamonds P2 ADiamonds 
P2 3Diamonds P3 JDiamonds P0 5Spades P1 7Diamonds 
P1 3Spades P2 3Hearts P3 QSpades P0 7Spades 
P0 6Spades P1 2Clubs P2 6Diamonds P3 JSpades 
P1 3Clubs P2 KClubs P3 QClubs P0 7Clubs 
P0 4Clubs P1 5Clubs P2 AClubs P3 5Hearts 
P2 QDiamonds P3 QHearts P0 6Hearts P1 6Clubs 
P1 JClubs P2 KDiamonds P3 KHearts P0 7Hearts 
-- /GAME --
P0 HAND: ADiamonds, 7Diamonds, AClubs, JClubs, 4Clubs, 7Hearts, KHearts, JHearts, 7Spades, JSpades.
P1 HAND: JDiamonds, 3Diamonds, KClubs, 6Clubs, 3Clubs, QHearts, 5Hearts, 3Hearts, QSpades, 6Spades.
P2 HAND: QDiamonds, 6Diamonds, 4Diamonds, 2Diamonds, 7Clubs, AHearts, 4Hearts, 2Hearts, KSpades, 4Spades.
P3 HAND: KDiamonds, 5Diamonds, QClubs, 5Clubs, 2Clubs, 6Hearts, ASpades, 5Spades, 3Spades, 2Spades.

