-- GAME --
P0 HAND: ADiamonds, 7Diamonds, JDiamonds, 5Diamonds, QClubs, 4Clubs, 7Hearts, JHearts, 4Spades, 2Spades.
P1 HAND: QDiamonds, 3Diamonds, 7Clubs, QHearts, 5Hearts, 4Hearts, 2Hearts, ASpades, QSpades, 6Spades.
P2 HAND: 2Diamonds, 6Clubs, 5Clubs, 3Clubs, 2Clubs, AHearts, KHearts, 3Hearts, JSpades, 5Spades.
P3 HAND: KDiamonds, 6Diamonds, 4Diamonds, AClubs, KClubs, JClubs, 6Hearts, 7Spades, KSpades, 3Spades.
P3 AClubs P0 4Clubs P1 7Clubs P2 2Clubs 
P3 3Spades P0 4Spades P1 ASpades P2 5Spades 
P1 3Diamonds P2 2Diamonds P3 4Diamonds P0 ADiamonds 
P0 QClubs P1 6Spades P2 3Clubs P3 KClubs 
P3 6Diamonds P0 7Diamonds P1 QDiamonds P2 JSpades 
P0 2Spades P1 QSpades P2 5Clubs P3 7Spades 
P3 JClubs P0 JDiamonds P1 2Hearts P2 6Clubs 
P1 4Hearts P2 3Hearts P3 6Hearts P0 JHearts 
P0 5Diamonds P1 5Hearts P2 KHearts P3 KDiamonds 
P2 AHearts P3 KSpades P0 7Hearts P1 QHearts 
-- /GAME --
P0 HAND: ADiamonds, QDiamonds, 6Diamonds, 5Diamonds, 3Diamonds, AClubs, JClubs, 7Spades, 6Spades, 2Spades.
P1 HAND: 7Diamonds, 4Diamonds, 2Diamonds, 4Clubs, 3Clubs, AHearts, 7Hearts, JHearts, 3Hearts, KSpades.
P2 HAND: JDiamonds, QClubs, 6Clubs, QHearts, 5Hearts, 4Hearts, ASpades, QSpades, 5Spades, 3Spades.
P3 HAND: KDiamonds, 7Clubs, KClubs, 5Clubs, 2Clubs, KHearts, 6Hearts, 2Hearts, JSpades, 4Spades.
P2 ASpades P3 4Spades P0 6Spades P1 KSpades 
P2 3Spades P3 JSpades P0 7Spades P1 2Diamonds 
P1 AHearts P2 4Hearts P3 KHearts P0 QDiamonds 
P0 2Spades P1 3Clubs P2 5Spades P3 2Clubs 
P2 5Hearts P3 2Hearts P0 JClubs P1 7Hearts 
P1 3Hearts P2 QHearts P3 6Hearts P0 AClubs 
P2 6Clubs P3 5Clubs P0 6Diamonds P1 4Clubs 
P0 ADiamonds P1 4Diamonds P2 JDiamonds P3 KDiamonds 
P0 3Diamonds P1 7Diamonds P2 QClubs P3 7Clubs 
P1 JHearts P2 QSpades P3 KClubs P0 5Diamonds 
-- /GAME --
P0 HAND: ADiamonds, KClubs, 5Clubs, 4Clubs, 3Clubs, 7Hearts, KHearts, 5Hearts, 4Hearts, 5Spades.
P1 HAND: 3Diamonds, JClubs, QClubs, 2Clubs, JHearts, 6Hearts, ASpades, 7Spades, KSpades, JSpades.
P2 HAND: 7Diamonds, JDiamonds, 5Diamonds, 4Diamonds, AClubs, 7Clubs, AHearts, QHearts, 2Hearts, 3Spades.
P3 HAND: KDiamonds, QDiamonds, 6Diamonds, 2Diamonds, 6Clubs, 3Hearts, QSpades, 6Spades, 4Spades, 2Spades.
P1 ASpades P2 3Spades P3 QSpades P0 5Spades 
P1 2Clubs P2 AClubs P3 6Clubs P0 KClubs 
P2 4Diamonds P3 2Diamonds P0 ADiamonds P1 3Diamonds 
P0 KHearts P1 6Hearts P2 2Hearts P3 3Hearts 
P0 5Hearts P1 JHearts P2 QHearts P3 KDiamonds 
P1 QClubs P2 7Clubs P3 2Spades P0 5Clubs 
P2 5Diamonds P3 6Diamonds P0 4Clubs P1 7Spades 
P3 4Spades P0 3Clubs P1 JSpades P2 AHearts 
P2 JDiamonds P3 QDiamonds P0 4Hearts P1 JClubs 
P0 7Hearts P1 KSpades P2 7Diamonds P3 6Spades 
-- /GAME --
P0 HAND: 7Diamonds, JDiamonds, 7Clubs, KClubs, 6Clubs, 3Clubs, KHearts, JSpades, QSpades, 5Spades.
P1 HAND: 6Diamonds, 5Diamonds, 4Diamonds, 2Diamonds, QClubs, 5Clubs, 2Clubs, 5Hearts, 4Hearts, 2Spades.
P2 HAND: ADiamonds, KDiamonds, QDiamonds, JClubs, AHearts, QHearts, ASpades, 7Spades, 4Spades, 3Spades.
P3 HAND: 3Diamonds, AClubs, 4Clubs, 7Hearts, JHearts, 6Hearts, 3Hearts, 2Hearts, KSpades, 6Spades.
P0 KHearts P1 4Hearts P2 QHearts P3 7Hearts 
P3 AClubs 
