-- GAME --
P2 ADiamonds P3 2Diamonds P0 4Diamonds P1 QDiamonds 
P2 AHearts P3 7Hearts P0 QHearts P1 6Hearts 
P2 2Spades P3 ASpades P0 4Spades P1 KSpades 
P3 3Diamonds P0 3Clubs P1 7Diamonds P2 JDiamonds 
P0 7Spades P1 6Spades P2 3Spades P3 2Clubs 
P3 5Diamonds P0 2Hearts P1 QSpades P2 3Hearts 
P3 6Diamonds P0 4Hearts P1 JClubs P2 5Hearts 
P1 JHearts P2 4Clubs P3 QClubs P0 5Spades 
P3 AClubs P0 5Clubs P1 KHearts P2 KClubs 
P3 KDiamonds P0 6Clubs P1 JSpades P2 7Clubs 
-- /GAME --
P0 HAND: QDiamonds, 6Clubs, 5Clubs, 7Hearts, 5Hearts, 3Hearts, 2Hearts, 7Spades, JSpades, QSpades.
P1 HAND: 6Diamonds, JClubs, QClubs, AHearts, JHearts, 4Hearts, 6Spades, 5Spades, 4Spades, 2Spades.
P2 HAND: ADiamonds, 7Diamonds, KDiamonds, 2Diamonds, AClubs, 7Clubs, KClubs, 3Clubs, 2Clubs, 3Spades.
P3 HAND: JDiamonds, 5Diamonds, 4Diamonds, 3Diamonds, 4Clubs, KHearts, QHearts, 6Hearts, ASpades, KSpades.
P1 2Spades P2 3Spades P3 ASpades P0 QSpades 
P3 3Diamonds P0 QDiamonds P1 6Diamonds P2 ADiamonds 
P2 2Diamonds P3 4Diamonds P0 6Clubs P1 JClubs 
P3 4Clubs P0 5Clubs P1 QClubs P2 AClubs 
P2 2Clubs P3 5Diamonds P0 2Hearts P1 4Spades 
P0 JSpades P1 5Spades P2 3Clubs P3 KSpades 
P3 JDiamonds P0 3Hearts P1 6Spades P2 7Diamonds 
P0 7Spades P1 4Hearts P2 KDiamonds P3 6Hearts 
P3 QHearts P0 5Hearts P1 JHearts P2 KClubs 
P1 AHearts P2 7Clubs P3 KHearts P0 7Hearts 
-- /GAME --
P0 HAND: 7Diamonds, AClubs, KClubs, JClubs, 6Hearts, 3Hearts, ASpades, 7Spades, 6Spades, 2Spades.
P1 HAND: 5Diamonds, 7Clubs, 4Clubs, 3Clubs, 2Clubs, QHearts, 2Hearts, KSpades, QSpades, 3Spades.
P2 HAND: KDiamonds, JDiamonds, QDiamonds, 3Diamonds, QClubs, AHearts, JHearts, 5Hearts, JSpades, 5Spades.
P3 HAND: ADiamonds, 6Diamonds, 4Diamonds, 2Diamonds, 6Clubs, 5Clubs, 7Hearts, KHearts, 4Hearts, 4Spades.
P0 ASpades P1 3Spades P2 JSpades P3 4Spades 
P0 AClubs P1 2Clubs P2 QClubs P3 5Clubs 
P0 7Spades P1 QSpades P2 5Spades P3 2Diamonds 
P3 4Hearts P0 3Hearts P1 2Hearts P2 AHearts 
P2 5Hearts P3 KHearts P0 6Hearts P1 QHearts 
P3 6Clubs P0 KClubs P1 3Clubs P2 JHearts 
P0 JClubs P1 4Clubs P2 3Diamonds P3 4Diamonds 
P3 6Diamonds P0 7Diamonds P1 5Diamonds P2 QDiamonds 
P0 6Spades P1 KSpades P2 JDiamonds P3 ADiamonds 
P3 7Hearts P0 2Spades P1 7Clubs P2 KDiamonds 
-- /GAME --
P0 HAND: 7Diamonds, KDiamonds, 6Diamonds, KClubs, JClubs, QClubs, 4Clubs, 3Clubs, KSpades, JSpades.
P1 HAND: JDiamonds, 5Clubs, 5Hearts, 4Hearts, 2Hearts, ASpades, QSpades, 6Spades, 5Spades, 3Spades.
P2 HAND: ADiamonds, QDiamonds, 5Diamonds, 4Diamonds, 3Diamonds, KHearts, JHearts, QHearts, 6Hearts, 3Hearts.
P3 HAND: 2Diamonds, AClubs, 7Clubs, 6Clubs, 2Clubs, AHearts, 7Hearts, 7Spades, 4Spades, 2Spades.
P3 AClubs P0 3Clubs P1 5Clubs P2 3Diamonds 
P2 3Hearts P3 AHearts P0 7Diamonds P1 2Hearts 
P0 KClubs P1 3Spades P2 6Hearts P3 7Clubs 
P3 2Clubs P0 JClubs P1 4Hearts P2 KHearts 
P0 QClubs P1 5Hearts P2 JHearts P3 6Clubs 
P0 KSpades P1 ASpades P2 4Diamonds P3 2Spades 
P2 QHearts P3 7Hearts P0 KDiamonds P1 5Spades 
P0 JSpades P1 6Spades P2 5Diamonds P3 4Spades 
P2 QDiamonds P3 2Diamonds P0 6Diamonds P1 JDiamonds 
P1 QSpades P2 ADiamonds P3 7Spades P0 4Clubs 
-- /GAME --

