-- GAME --
P0 6Hearts 
P3 JDiamonds P0 4Diamonds P1 6Spades P2 2Spades 
P1 QSpades P2 5Spades P3 7Spades P0 4Spades 
P3 JClubs P0 QDiamonds P1 JSpades P2 KHearts 
P1 KSpades P2 7Hearts P3 ASpades P0 QHearts 
-- /GAME --
P0 HAND: 7Diamonds, 5Diamonds, JClubs, 4Clubs, 3Clubs, 2Clubs, KHearts, 3Hearts, 7Spades, 6Spades.
P1 HAND: 4Diamonds, 3Diamonds, 7Clubs, QClubs, 7Hearts, JHearts, 4Hearts, 2Hearts, QSpades, 3Spades.
P2 HAND: KDiamonds, QDiamonds, 6Diamonds, 6Clubs, 5Clubs, QHearts, 6Hearts, ASpades, KSpades, 2Spades.
P3 HAND: ADiamonds, JDiamonds, 2Diamonds, AClubs, KClubs, AHearts, 5Hearts, JSpades, 5Spades, 4Spades.
P3 AClubs P0 2Clubs P1 7Clubs P2 5Clubs 
P3 AHearts P0 3Hearts P1 7Hearts P2 6Hearts 
P3 4Spades P0 6Spades P1 3Spades P2 ASpades 
P2 2Spades P3 5Spades P0 7Spades P1 QSpades 
P0 3Clubs P1 QClubs P2 6Clubs P3 KClubs 
P3 5Hearts P0 KHearts P1 2Hearts P2 QHearts 
P0 4Clubs P1 4Hearts P2 6Diamonds P3 2Diamonds 
P2 QDiamonds P3 JDiamonds P0 7Diamonds P1 3Diamonds 
P0 5Diamonds P1 4Diamonds P2 KDiamonds P3 ADiamonds 
P3 JSpades P0 JClubs P1 JHearts P2 KSpades 
-- /GAME --
P0 HAND: 7Diamonds, KDiamonds, 3Diamonds, 2Clubs, AHearts, QHearts, 6Hearts, 5Hearts, ASpades, KSpades.
P1 HAND: 5Diamonds, 4Diamonds, 6Clubs, 3Clubs, 7Hearts, KHearts, 3Hearts, 7Spades, 5Spades, 4Spades.
P2 HAND: QDiamonds, 2Diamonds, KClubs, JClubs, 5Clubs, JHearts, QSpades, 6Spades, 3Spades, 2Spades.
P3 HAND: ADiamonds, JDiamonds, 6Diamonds, AClubs, 7Clubs, QClubs, 4Clubs, 4Hearts, 2Hearts, JSpades.
P2 2Diamonds P3 ADiamonds P0 3Diamonds P1 5Diamonds 
P3 AClubs P0 2Clubs P1 6Clubs P2 5Clubs 
P3 4Clubs P0 KSpades P1 3Clubs P2 KClubs 
P2 2Spades P3 JSpades P0 ASpades P1 4Spades 
P0 5Hearts P1 3Hearts P2 JHearts P3 2Hearts 
P2 3Spades P3 6Diamonds P0 QHearts P1 5Spades 
P0 6Hearts P1 KHearts P2 6Spades P3 4Hearts 
P1 4Diamonds P2 QDiamonds P3 JDiamonds P0 7Diamonds 
P0 AHearts P1 7Hearts P2 QSpades P3 QClubs 
P0 KDiamonds P1 7Spades P2 JClubs P3 7Clubs 
-- /GAME --
P0 HAND: ADiamonds, JDiamonds, 6Diamonds, 5Diamonds, 2Diamonds, 5Clubs, AHearts, QHearts, ASpades, 3Spades.
P1 HAND: 7Diamonds, 7Clubs, JClubs, QClubs, 3Clubs, JHearts, 4Hearts, 2Hearts, JSpades, 6Spades.
P2 HAND: 3Diamonds, 4Clubs, 2Clubs, KHearts, 6Hearts, 5Hearts, 3Hearts, KSpades, 5Spades, 2Spades.
P3 HAND: KDiamonds, QDiamonds, 4Diamonds, AClubs, KClubs, 6Clubs, 7Hearts, 7Spades, QSpades, 4Spades.
P3 AClubs P0 5Clubs P1 7Clubs P2 2Clubs 
P3 4Diamonds 
