-- GAME --
P3 6Diamonds P0 3Diamonds 
P1 QHearts P2 5Hearts P3 3Hearts P0 JHearts 
P0 JDiamonds P1 KHearts P2 4Diamonds P3 5Diamonds 
P1 7Hearts P2 JSpades P3 6Hearts P0 4Hearts 
P1 AHearts P2 KSpades P3 4Clubs P0 QDiamonds 
P1 KClubs P2 7Spades P3 6Clubs P0 QSpades 
-- /GAME --
P0 HAND: ADiamonds, KDiamonds, JDiamonds, 7Clubs, 5Clubs, 4Clubs, 2Clubs, 7Hearts, JHearts, KSpades.
P1 HAND: 7Diamonds, 3Diamonds, 2Diamonds, AClubs, QClubs, 6Clubs, 3Clubs, 7Spades, JSpades, 3Spades.
P2 HAND: QDiamonds, 6Diamonds, 4Diamonds, QHearts, 6Hearts, 5Hearts, 4Hearts, 3Hearts, 2Hearts, 4Spades.
P3 HAND: 5Diamonds, KClubs, JClubs, AHearts, KHearts, ASpades, QSpades, 6Spades, 5Spades, 2Spades.
P2 2Hearts P3 AHearts P0 JHearts P1 AClubs 
P3 2Spades P0 KSpades P1 3Spades P2 4Spades 
P0 7Hearts P1 2Diamonds P2 3Hearts P3 KHearts 
P1 3Clubs P2 4Hearts P3 JClubs P0 7Clubs 
P0 5Clubs P1 6Clubs P2 5Hearts P3 KClubs 
P3 5Spades P0 4Clubs P1 JSpades P2 6Hearts 
P1 QClubs P2 QHearts P3 6Spades P0 2Clubs 
P1 3Diamonds P2 4Diamonds P3 5Diamonds P0 KDiamonds 
P0 ADiamonds P1 7Diamonds P2 6Diamonds P3 QSpades 
P0 JDiamonds P1 7Spades P2 QDiamonds P3 ASpades 
-- /GAME --
P0 HAND: 5Diamonds, 3Diamonds, 2Diamonds, 7Clubs, KClubs, QClubs, 6Clubs, AHearts, 3Hearts, KSpades.
P1 HAND: ADiamonds, 7Diamonds, 6Diamonds, 4Diamonds, KHearts, QHearts, 5Hearts, 4Hearts, ASpades, QSpades.
P2 HAND: KDiamonds, AClubs, JClubs, 5Clubs, 4Clubs, 7Hearts, 6Hearts, 2Hearts, JSpades, 5Spades.
P3 HAND: JDiamonds, QDiamonds, 3Clubs, 2Clubs, JHearts, 7Spades, 6Spades, 4Spades, 3Spades, 2Spades.
P1 ADiamonds P2 KDiamonds P3 JDiamonds P0 2Diamonds 
P1 4Diamonds P2 2Hearts P3 QDiamonds P0 3Diamonds 
P3 2Clubs P0 7Clubs P1 QSpades P2 4Clubs 
P1 4Hearts P2 6Hearts P3 JHearts P0 AHearts 
P0 3Hearts P1 5Hearts P2 7Hearts P3 2Spades 
P3 3Clubs P0 KClubs P1 6Diamonds P2 AClubs 
P2 5Clubs P3 3Spades P0 6Clubs P1 7Diamonds 
P3 4Spades P0 KSpades P1 ASpades P2 5Spades 
P1 QHearts P2 JSpades P3 7Spades P0 5Diamonds 
P3 6Spades P0 QClubs P1 KHearts P2 JClubs 
-- /GAME --
P0 HAND: JDiamonds, 6Diamonds, 7Clubs, 5Clubs, 4Clubs, 2Clubs, 5Hearts, 2Hearts, KSpades, 3Spades.
P1 HAND: 3Diamonds, 2Diamonds, AClubs, QClubs, 6Clubs, 3Clubs, AHearts, KHearts, 7Spades, JSpades.
P2 HAND: ADiamonds, KDiamonds, QDiamonds, 5Diamonds, 4Diamonds, KClubs, 7Hearts, 4Hearts, 6Spades, 5Spades.
P3 HAND: 7Diamonds, JClubs, JHearts, QHearts, 6Hearts, 3Hearts, ASpades, QSpades, 4Spades, 2Spades.
P0 7Clubs P1 AClubs P2 KClubs P3 JClubs 

