-- GAME --
P0 HAND: 6Diamonds, 5Diamonds, QClubs, 6Clubs, 4Clubs, 2Clubs, 5Hearts, 7Spades, JSpades, 4Spades.
P1 HAND: KDiamonds, 4Diamonds, 3Diamonds, 7Clubs, KHearts, QHearts, 4Hearts, 2Hearts, 5Spades, 3Spades.
P2 HAND: ADiamonds, 7Diamonds, JDiamonds, 2Diamonds, 5Clubs, 3Clubs, AHearts, JHearts, 6Hearts, 3Hearts.
P3 HAND: QDiamonds, AClubs, KClubs, JClubs, 7Hearts, ASpades, KSpades, QSpades, 6Spades, 2Spades.
P1 2Hearts P2 AHearts P3 7Hearts P0 5Hearts 
P2 ADiamonds P3 QDiamonds P0 5Diamonds P1 3Diamonds 
P2 2Diamonds P3 2Spades P0 6Diamonds P1 KDiamonds 
P1 3Spades P2 3Hearts P3 ASpades P0 4Spades 
P3 6Spades P0 7Spades P1 5Spades P2 7Diamonds 
P0 JSpades P1 4Diamonds P2 6Hearts P3 KSpades 
P3 QSpades P0 6Clubs P1 4Hearts P2 JDiamonds 
P0 2Clubs P1 7Clubs P2 3Clubs P3 JClubs 
P1 QHearts P2 JHearts P3 KClubs P0 4Clubs 
P3 AClubs P0 QClubs P1 KHearts P2 5Clubs 
-- /GAME --
P0 HAND: KDiamonds, 4Diamonds, 3Diamonds, 2Clubs, JHearts, 5Hearts, 3Hearts, JSpades, QSpades, 3Spades.
P1 HAND: 7Diamonds, 5Diamonds, 2Diamonds, QClubs, QHearts, 6Hearts, 2Hearts, KSpades, 5Spades, 2Spades.
P2 HAND: ADiamonds, 6Diamonds, JClubs, 6Clubs, 4Clubs, AHearts, ASpades, 7Spades, 6Spades, 4Spades.
P3 HAND: JDiamonds, QDiamonds, AClubs, 7Clubs, KClubs, 5Clubs, 3Clubs, 7Hearts, KHearts, 4Hearts.
P0 2Clubs P1 QClubs P2 4Clubs P3 AClubs 
P3 3Clubs P0 3Spades P1 2Diamonds P2 JClubs 
P2 ADiamonds P3 QDiamonds P0 KDiamonds P1 5Diamonds 
P2 4Spades P3 5Clubs P0 QSpades P1 KSpades 
P1 2Spades P2 6Spades P3 4Hearts P0 JSpades 
P3 JDiamonds P0 3Diamonds P1 7Diamonds P2 6Diamonds 
P1 5Spades P2 7Spades P3 KHearts P0 4Diamonds 
P3 7Hearts P0 3Hearts P1 2Hearts P2 AHearts 
P2 6Clubs P3 KClubs P0 JHearts P1 6Hearts 
P0 5Hearts P1 QHearts P2 ASpades P3 7Clubs 
-- /GAME --
P0 HAND: QClubs, 5Clubs, AHearts, 5Hearts, 4Hearts, 2Hearts, ASpades, 7Spades, KSpades, 5Spades.
P1 HAND: 6Diamonds, 5Diamonds, 2Diamonds, 7Clubs, 6Clubs, 3Clubs, 7Hearts, 6Hearts, QSpades, 3Spades.
P2 HAND: KDiamonds, AClubs, JClubs, 4Clubs, KHearts, JHearts, QHearts, 3Hearts, 6Spades, 4Spades.
P3 HAND: ADiamonds, 7Diamonds, JDiamonds, QDiamonds, 4Diamonds, 3Diamonds, KClubs, 2Clubs, JSpades, 2Spades.
P3 2Spades P0 ASpades P1 3Spades P2 6Spades 
P0 5Clubs P1 3Clubs P2 4Clubs P3 2Clubs 
P0 QClubs P1 6Clubs P2 JClubs P3 KClubs 
P3 3Diamonds P0 2Hearts P1 2Diamonds P2 KDiamonds 
P2 3Hearts P3 4Diamonds P0 AHearts P1 6Hearts 
P0 5Spades P1 QSpades P2 4Spades P3 JSpades 
P3 QDiamonds P0 5Hearts P1 5Diamonds P2 QHearts 
P3 JDiamonds P0 4Hearts P1 6Diamonds P2 AClubs 
P2 JHearts P3 7Diamonds P0 KSpades P1 7Hearts 
P1 7Clubs P2 KHearts P3 ADiamonds P0 7Spades 
-- /GAME --
P0 HAND: 7Diamonds, KDiamonds, 7Clubs, QClubs, 2Clubs, 4Hearts, JSpades, 6Spades, 5Spades, 4Spades.
P1 HAND: JDiamonds, QDiamonds, 5Diamonds, 6Clubs, 3Clubs, 7Hearts, QHearts, ASpades, QSpades, 2Spades.
P2 HAND: 6Diamonds, 2Diamonds, AClubs, 5Clubs, 4Clubs, AHearts, KHearts, 3Hearts, 2Hearts, 3Spades.
P3 HAND: ADiamonds, 4Diamonds, 3Diamonds, KClubs, JClubs, JHearts, 6Hearts, 5Hearts, 7Spades, KSpades.
P2 AHearts P3 5Hearts P0 4Hearts P1 QHearts 
P2 2Diamonds P3 ADiamonds P0 KDiamonds P1 JDiamonds 
P3 3Diamonds P0 7Diamonds P1 5Diamonds P2 6Diamonds 
P0 2Clubs P1 3Clubs P2 4Clubs P3 JClubs 
P3 4Diamonds P0 7Clubs P1 QDiamonds P2 KHearts 
P0 4Spades P1 ASpades P2 3Spades P3 7Spades 
P1 2Spades P2 2Hearts P3 KSpades P0 5Spades 
P3 6Hearts P0 QClubs P1 7Hearts P2 3Hearts 
P0 6Spades P1 QSpades P2 5Clubs P3 KClubs 
P3 JHearts P0 JSpades P1 6Clubs P2 AClubs 
-- /GAME --
P0 HAND: 7Diamonds, KDiamonds, 5Diamonds, AClubs, KClubs, JClubs, 5Clubs, 4Hearts, QSpades, 2Spades.
P1 HAND: ADiamonds, 7Clubs, 6Clubs, 3Clubs, AHearts, 7Hearts, 3Hearts, 2Hearts, 5Spades, 4Spades.
P2 HAND: JDiamonds, QDiamonds, 6Diamonds, 4Diamonds, QClubs, 4Clubs, 2Clubs, 6Hearts, JSpades, 6Spades.
P3 HAND: 3Diamonds, 2Diamonds, KHearts, JHearts, QHearts, 5Hearts, ASpades, 7Spades, KSpades, 3Spades.
P1 AHearts P2 6Hearts P3 KHearts P0 4Hearts 
P1 2Hearts P2 2Clubs P3 5Hearts P0 2Spades 
P3 3Spades P0 QSpades P1 4Spades P2 JSpades 
P2 4Clubs P3 QHearts P0 AClubs P1 3Clubs 
P0 5Diamonds P1 ADiamonds P2 4Diamonds P3 2Diamonds 
P1 3Hearts P2 6Spades P3 JHearts P0 5Clubs 
P3 3Diamonds P0 7Diamonds P1 5Spades P2 6Diamonds 
P0 JClubs P1 6Clubs P2 QClubs P3 KSpades 
P0 KClubs P1 7Clubs P2 QDiamonds P3 7Spades 
P2 JDiamonds P3 ASpades P0 KDiamonds P1 7Hearts 
-- /GAME --
P0 HAND: 5Diamonds, 4Diamonds, 7Hearts, QHearts, 6Hearts, ASpades, JSpades, QSpades, 6Spades, 2Spades.
P1 HAND: 7Diamonds, KDiamonds, 3Diamonds, 2Diamonds, 7Clubs, AHearts, 3Hearts, 5Spades, 4Spades, 3Spades.
P2 HAND: QDiamonds, 6Diamonds, AClubs, KClubs, JClubs, 5Clubs, 2Clubs, 4Hearts, 2Hearts, KSpades.
P3 HAND: ADiamonds, JDiamonds, QClubs, 6Clubs, 4Clubs, 3Clubs, KHearts, JHearts, 5Hearts, 7Spades.
P0 4Diamonds P1 2Diamonds P2 6Diamonds P3 ADiamonds 
P3 3Clubs P0 5Diamonds P1 7Clubs P2 AClubs 
P2 2Clubs P3 4Clubs P0 QHearts P1 3Diamonds 
P0 6Spades P1 3Spades P2 KSpades P3 7Spades 
P3 6Clubs P0 JSpades P1 4Spades P2 KClubs 
P2 5Clubs P3 QClubs P0 2Spades P1 7Diamonds 
P3 JDiamonds P0 7Hearts P1 KDiamonds P2 QDiamonds 
P0 6Hearts P1 3Hearts P2 2Hearts P3 5Hearts 
P0 ASpades P1 5Spades P2 4Hearts P3 JHearts 
P3 KHearts P0 QSpades P1 AHearts P2 JClubs 
-- /GAME --
P0 HAND: ADiamonds, 6Diamonds, 4Diamonds, AClubs, 5Clubs, KHearts, JHearts, QHearts, ASpades, QSpades.
P1 HAND: 7Diamonds, JDiamonds, 2Diamonds, 7Clubs, 3Hearts, 2Hearts, 7Spades, KSpades, JSpades, 5Spades.
P2 HAND: QDiamonds, 5Diamonds, 3Diamonds, JClubs, QClubs, 6Clubs, 4Clubs, 3Clubs, 2Clubs, 5Hearts.
P3 HAND: KDiamonds, KClubs, AHearts, 7Hearts, 6Hearts, 4Hearts, 6Spades, 4Spades, 3Spades, 2Spades.
P2 2Clubs P3 KClubs P0 5Clubs P1 7Clubs 
P1 2Diamonds P2 3Diamonds P3 KDiamonds P0 4Diamonds 
P3 AHearts P0 QHearts P1 3Hearts P2 5Hearts 
P3 4Hearts P0 KHearts P1 2Hearts P2 JClubs 
P0 JHearts P1 5Spades P2 3Clubs P3 7Hearts 
P1 JDiamonds P2 5Diamonds P3 6Hearts P0 ADiamonds 
P0 AClubs P1 JSpades P2 4Clubs P3 2Spades 
P1 KSpades P2 6Clubs P3 3Spades P0 QSpades 
P1 7Spades P2 QDiamonds P3 4Spades P0 ASpades 
P0 6Diamonds P1 7Diamonds P2 QClubs P3 6Spades 
-- /GAME --
P0 HAND: KDiamonds, 5Diamonds, 4Diamonds, 2Diamonds, 6Clubs, KHearts, 6Hearts, 3Hearts, 7Spades, 6Spades.
P1 HAND: 3Diamonds, AClubs, QClubs, 4Clubs, AHearts, 5Hearts, 4Hearts, JSpades, 5Spades, 2Spades.
P2 HAND: 6Diamonds, KClubs, JClubs, 2Clubs, QHearts, ASpades, KSpades, QSpades, 4Spades, 3Spades.
P3 HAND: ADiamonds, 7Diamonds, JDiamonds, QDiamonds, 7Clubs, 5Clubs, 3Clubs, 7Hearts, JHearts, 2Hearts.
P1 AClubs P2 2Clubs P3 7Clubs P0 6Clubs 
P1 AHearts P2 QHearts P3 7Hearts P0 3Hearts 
P1 3Diamonds P2 6Diamonds P3 ADiamonds P0 4Diamonds 
P3 2Hearts P0 KHearts P1 4Hearts P2 KClubs 
P0 6Hearts P1 5Hearts P2 3Spades P3 JHearts 
P2 JClubs P3 3Clubs P0 2Diamonds P1 4Clubs 
P2 4Spades P3 5Clubs P0 7Spades P1 2Spades 
P0 6Spades P1 5Spades P2 QSpades P3 QDiamonds 
P2 KSpades P3 JDiamonds P0 5Diamonds P1 JSpades 
P2 ASpades P3 7Diamonds P0 KDiamonds P1 QClubs 
-- /GAME --
P0 HAND: 7Diamonds, QDiamonds, 6Diamonds, KClubs, JClubs, 3Clubs, JHearts, QHearts, 4Hearts, ASpades.
P1 HAND: ADiamonds, KDiamonds, 3Diamonds, 2Diamonds, 6Clubs, 5Clubs, KHearts, JSpades, QSpades, 4Spades.
P2 HAND: 5Diamonds, 4Diamonds, 7Clubs, QClubs, 2Clubs, 6Hearts, 5Hearts, 3Hearts, 2Hearts, 5Spades.
P3 HAND: JDiamonds, AClubs, 4Clubs, AHearts, 7Hearts, 7Spades, KSpades, 6Spades, 3Spades, 2Spades.
P0 3Clubs P1 5Clubs P2 2Clubs P3 4Clubs 
P1 ADiamonds P2 4Diamonds P3 JDiamonds P0 6Diamonds 
P1 2Diamonds P2 5Diamonds P3 2Spades P0 7Diamonds 
P0 JClubs P1 6Clubs P2 QClubs P3 AClubs 
P3 AHearts P0 4Hearts P1 KHearts P2 2Hearts 
P3 3Spades P0 ASpades P1 4Spades P2 5Spades 
P0 QDiamonds P1 3Diamonds P2 3Hearts P3 6Spades 
P0 KClubs P1 QSpades P2 7Clubs P3 KSpades 
P2 5Hearts P3 7Hearts P0 JHearts P1 KDiamonds 
P3 7Spades P0 QHearts P1 JSpades P2 6Hearts 
-- /GAME --
P0 HAND: KClubs, QClubs, 6Clubs, 2Clubs, 7Hearts, KHearts, 6Hearts, 5Hearts, ASpades, 3Spades.
P1 HAND: KDiamonds, 2Diamonds, AClubs, JClubs, AHearts, JHearts, QHearts, 4Hearts, 3Hearts, 6Spades.
P2 HAND: 7Diamonds, JDiamonds, 5Diamonds, 4Diamonds, 3Diamonds, 7Clubs, 5Clubs, 4Clubs, 3Clubs, KSpades.
P3 HAND: ADiamonds, QDiamonds, 6Diamonds, 2Hearts, 7Spades, JSpades, QSpades, 5Spades, 4Spades, 2Spades.
P3 2Hearts P0 5Hearts P1 AHearts P2 3Diamonds 
P2 3Clubs P3 2Spades P0 2Clubs P1 AClubs 
P1 3Hearts P2 4Clubs P3 4Spades P0 7Hearts 
P0 ASpades P1 6Spades P2 KSpades P3 5Spades 
P0 6Hearts P1 4Hearts P2 5Clubs P3 QSpades 
P0 KHearts P1 QHearts P2 4Diamonds P3 6Diamonds 
P3 JSpades P0 3Spades P1 2Diamonds P2 5Diamonds 
P2 JDiamonds P3 QDiamonds P0 6Clubs P1 KDiamonds 
P1 JClubs P2 7Clubs P3 ADiamonds P0 QClubs 
P3 7Spades P0 KClubs P1 JHearts P2 7Diamonds 
-- /GAME --
P0 HAND: KDiamonds, 4Diamonds, 3Diamonds, AClubs, JClubs, 5Clubs, 4Clubs, 3Clubs, 7Hearts, JHearts.
P1 HAND: JDiamonds, 5Diamonds, 6Clubs, AHearts, QHearts, KSpades, JSpades, QSpades, 6Spades, 4Spades.
P2 HAND: ADiamonds, QClubs, 2Clubs, KHearts, 6Hearts, 4Hearts, 3Hearts, 2Hearts, ASpades, 7Spades.
P3 HAND: 7Diamonds, QDiamonds, 6Diamonds, 2Diamonds, 7Clubs, KClubs, 5Hearts, 5Spades, 3Spades, 2Spades.
P2 ADiamonds P3 2Diamonds P0 KDiamonds P1 5Diamonds 

