-- GAME --
P0 HAND: ADiamonds, 6Diamonds, 3Diamonds, QClubs, 4Clubs, 7Hearts, 3Hearts, 7Spades, KSpades, 6Spades.
P1 HAND: 5Diamonds, 5Clubs, 3Clubs, KHearts, JHearts, 6Hearts, 2Hearts, QSpades, 4Spades, 3Spades.
P2 HAND: JDiamonds, 4Diamonds, AClubs, 7Clubs, JClubs, 6Clubs, QHearts, ASpades, JSpades, 5Spades.
P3 HAND: 7Diamonds, KDiamonds, QDiamonds, 2Diamonds, KClubs, 2Clubs, AHearts, 5Hearts, 4Hearts, 2Spades.
P2 AClubs P3 2Clubs P0 QClubs P1 3Clubs 
P2 ASpades P3 2Spades P0 7Spades P1 3Spades 
P2 4Diamonds P3 2Diamonds P0 ADiamonds P1 5Diamonds 
P0 KSpades P1 4Spades P2 JSpades P3 4Hearts 
P3 QDiamonds P0 3Diamonds P1 5Clubs P2 JDiamonds 
P2 5Spades P3 5Hearts P0 6Spades P1 QSpades 
P3 AHearts P0 3Hearts P1 2Hearts P2 QHearts 
P3 KDiamonds P0 6Diamonds P1 6Hearts P2 6Clubs 
P1 JHearts P2 JClubs P3 KClubs P0 7Hearts 
P0 4Clubs P1 KHearts P2 7Clubs P3 7Diamonds 
-- /GAME --
P0 HAND: 7Diamonds, JDiamonds, 5Diamonds, 2Diamonds, KClubs, 6Clubs, QHearts, ASpades, QSpades, 3Spades.
P1 HAND: QDiamonds, 4Clubs, KHearts, 6Hearts, 4Hearts, 2Hearts, JSpades, 6Spades, 5Spades, 4Spades.
P2 HAND: 6Diamonds, 4Diamonds, 3Diamonds, AClubs, JClubs, QClubs, AHearts, 3Hearts, 7Spades, KSpades.
P3 HAND: ADiamonds, KDiamonds, 7Clubs, 5Clubs, 3Clubs, 2Clubs, 7Hearts, JHearts, 5Hearts, 2Spades.
P1 2Hearts P2 AHearts P3 5Hearts P0 QHearts 
P2 3Diamonds P3 ADiamonds P0 5Diamonds P1 QDiamonds 
P3 2Spades P0 ASpades P1 4Spades P2 7Spades 
P0 7Diamonds P1 4Clubs P2 4Diamonds P3 KDiamonds 
P1 4Hearts P2 3Hearts P3 7Hearts P0 KClubs 
P0 JDiamonds P1 5Spades P2 6Diamonds P3 2Clubs 
P3 JHearts P0 6Clubs P1 6Hearts P2 KSpades 
P0 QSpades P1 6Spades P2 QClubs P3 3Clubs 
P2 JClubs P3 5Clubs P0 3Spades P1 JSpades 
P2 AClubs P3 7Clubs P0 2Diamonds P1 KHearts 
-- /GAME --
P0 HAND: JDiamonds, QDiamonds, 5Diamonds, 3Diamonds, 2Diamonds, 4Clubs, AHearts, 6Hearts, KSpades, 4Spades.
P1 HAND: KDiamonds, 4Diamonds, 7Clubs, 6Clubs, 7Hearts, KHearts, QHearts, 3Hearts, 7Spades, QSpades.
P2 HAND: ADiamonds, 6Diamonds, KClubs, QClubs, 5Clubs, 2Clubs, 5Hearts, 4Hearts, 2Hearts, 2Spades.
P3 HAND: 7Diamonds, AClubs, JClubs, 3Clubs, JHearts, ASpades, JSpades, 6Spades, 5Spades, 3Spades.
P0 4Clubs P1 6Clubs P2 2Clubs P3 AClubs 
P3 3Clubs P0 4Spades P1 7Clubs P2 5Clubs 
P1 4Diamonds P2 ADiamonds P3 7Diamonds P0 JDiamonds 
P2 2Spades P3 3Spades P0 KSpades P1 7Spades 
P1 QSpades P2 6Diamonds P3 5Spades P0 2Diamonds 
P1 3Hearts P2 2Hearts P3 JHearts P0 6Hearts 
P3 6Spades P0 QDiamonds P1 QHearts P2 QClubs 
P1 KHearts P2 4Hearts P3 JClubs P0 AHearts 
P0 5Diamonds P1 KDiamonds P2 5Hearts P3 JSpades 
P2 KClubs P3 ASpades P0 3Diamonds P1 7Hearts 
-- /GAME --
P0 HAND: QDiamonds, 2Diamonds, AClubs, 3Clubs, AHearts, 5Hearts, 4Hearts, KSpades, QSpades, 4Spades.
P1 HAND: KClubs, 5Clubs, 4Clubs, 2Clubs, 7Hearts, JHearts, QHearts, 3Hearts, 5Spades, 3Spades.
P2 HAND: 7Diamonds, KDiamonds, JDiamonds, 5Diamonds, JClubs, KHearts, 2Hearts, ASpades, 7Spades, JSpades.
P3 HAND: ADiamonds, 6Diamonds, 4Diamonds, 3Diamonds, 7Clubs, QClubs, 6Clubs, 6Hearts, 6Spades, 2Spades.
P3 2Spades P0 4Spades P1 3Spades P2 ASpades 
P2 2Hearts P3 6Hearts P0 AHearts P1 3Hearts 
P0 5Hearts P1 QHearts P2 KHearts P3 3Diamonds 
P3 6Clubs P0 3Clubs P1 2Clubs P2 JClubs 
P2 JSpades P3 6Spades P0 KSpades P1 5Spades 
P0 AClubs P1 4Clubs P2 7Spades P3 QClubs 
P0 QSpades P1 5Clubs P2 5Diamonds P3 4Diamonds 
P2 JDiamonds P3 6Diamonds P0 2Diamonds P1 JHearts 
P2 KDiamonds P3 ADiamonds P0 QDiamonds P1 7Hearts 
P3 7Clubs P0 4Hearts P1 KClubs P2 7Diamonds 
-- /GAME --
P0 HAND: 7Diamonds, KDiamonds, 4Diamonds, QClubs, 6Clubs, 5Clubs, 3Hearts, 7Spades, QSpades, 4Spades.
P1 HAND: ADiamonds, 5Diamonds, 3Diamonds, 7Clubs, JClubs, 4Clubs, 3Clubs, QHearts, 3Spades, 2Spades.
P2 HAND: QDiamonds, 2Diamonds, AClubs, 2Clubs, 6Hearts, 5Hearts, ASpades, KSpades, 6Spades, 5Spades.
P3 HAND: JDiamonds, 6Diamonds, KClubs, AHearts, 7Hearts, KHearts, JHearts, 4Hearts, 2Hearts, JSpades.
P2 AClubs P3 KClubs P0 5Clubs P1 3Clubs 
P2 ASpades P3 JSpades P0 7Spades P1 2Spades 
P2 2Diamonds P3 6Diamonds P0 4Diamonds P1 ADiamonds 
P1 3Diamonds P2 QDiamonds P3 JDiamonds P0 7Diamonds 
P0 KDiamonds P1 5Diamonds P2 2Clubs P3 2Hearts 
P3 4Hearts P0 3Hearts P1 QHearts P2 5Hearts 
P1 3Spades P2 5Spades P3 JHearts P0 4Spades 
P3 KHearts P0 6Clubs P1 4Clubs P2 6Hearts 
P3 7Hearts P0 QClubs P1 JClubs P2 6Spades 
P3 AHearts P0 QSpades P1 7Clubs P2 KSpades 
-- /GAME --
P0 HAND: JDiamonds, 6Diamonds, 3Diamonds, 2Diamonds, AClubs, JClubs, JHearts, KSpades, 6Spades, 4Spades.
P1 HAND: QDiamonds, 5Diamonds, 4Diamonds, 7Clubs, 6Clubs, 3Clubs, 6Hearts, 2Hearts, ASpades, 5Spades.
P2 HAND: ADiamonds, 7Diamonds, KDiamonds, KClubs, 2Clubs, AHearts, 7Hearts, KHearts, QHearts, QSpades.
P3 HAND: QClubs, 5Clubs, 4Clubs, 5Hearts, 4Hearts, 3Hearts, 7Spades, JSpades, 3Spades, 2Spades.
P1 ASpades P2 QSpades P3 7Spades P0 4Spades 
P1 2Hearts P2 AHearts P3 3Hearts P0 JHearts 
P2 2Clubs P3 4Clubs P0 JClubs P1 7Clubs 
P1 3Clubs P2 KClubs P3 5Clubs P0 AClubs 
P0 KSpades P1 5Spades P2 7Hearts P3 2Spades 
P0 6Spades P1 6Clubs P2 QHearts P3 JSpades 
P3 3Spades P0 JDiamonds P1 6Hearts P2 KHearts 
P0 2Diamonds P1 4Diamonds P2 KDiamonds P3 4Hearts 
P2 7Diamonds P3 5Hearts P0 3Diamonds P1 5Diamonds 
P2 ADiamonds P3 QClubs P0 6Diamonds P1 QDiamonds 
-- /GAME --
P0 HAND: 6Diamonds, AClubs, 7Clubs, KClubs, 5Clubs, 2Clubs, AHearts, 2Hearts, JSpades, 4Spades.
P1 HAND: QDiamonds, 3Diamonds, 2Diamonds, QClubs, 3Clubs, 7Hearts, 4Hearts, 7Spades, QSpades, 6Spades.
P2 HAND: ADiamonds, KDiamonds, 5Diamonds, JClubs, 6Clubs, JHearts, 6Hearts, 5Hearts, ASpades, 5Spades.
P3 HAND: 7Diamonds, JDiamonds, 4Diamonds, 4Clubs, KHearts, QHearts, 3Hearts, KSpades, 3Spades, 2Spades.
P2 ADiamonds P3 4Diamonds P0 6Diamonds P1 2Diamonds 
P2 5Diamonds P3 JDiamonds P0 2Clubs P1 QDiamonds 
P3 3Hearts P0 2Hearts P1 4Hearts P2 JHearts 
P2 5Hearts P3 QHearts P0 AHearts P1 7Hearts 
P0 AClubs P1 3Clubs P2 JClubs P3 4Clubs 
P0 7Clubs P1 QClubs P2 6Clubs P3 2Spades 
P3 3Spades P0 JSpades P1 6Spades P2 5Spades 
P0 KClubs P1 3Diamonds P2 6Hearts P3 KSpades 
P3 KHearts P0 4Spades P1 QSpades P2 ASpades 
P2 KDiamonds P3 7Diamonds P0 5Clubs P1 7Spades 
-- /GAME --
P0 HAND: ADiamonds, 7Diamonds, 6Clubs, 5Clubs, 2Clubs, AHearts, JHearts, QHearts, 6Spades, 3Spades.
P1 HAND: KDiamonds, JDiamonds, 6Diamonds, AClubs, 7Clubs, 3Clubs, 2Hearts, ASpades, 7Spades, 4Spades.
P2 HAND: 4Diamonds, 2Diamonds, JClubs, QClubs, 4Clubs, KHearts, 5Hearts, 4Hearts, 3Hearts, 5Spades.
P3 HAND: QDiamonds, 5Diamonds, 3Diamonds, KClubs, 7Hearts, 6Hearts, KSpades, JSpades, QSpades, 2Spades.
P1 AClubs P2 4Clubs P3 KClubs P0 2Clubs 
P1 ASpades P2 5Spades P3 KSpades P0 3Spades 
P1 3Clubs P2 QClubs P3 2Spades P0 6Clubs 
P2 2Diamonds P3 3Diamonds P0 ADiamonds P1 6Diamonds 
P0 7Diamonds P1 JDiamonds P2 4Diamonds P3 5Diamonds 
P0 6Spades P1 4Spades P2 3Hearts P3 QSpades 
P2 JClubs P3 QDiamonds P0 5Clubs P1 7Clubs 
P1 2Hearts P2 4Hearts P3 6Hearts P0 QHearts 
P0 JHearts P1 KDiamonds P2 5Hearts P3 7Hearts 
P3 JSpades P0 AHearts P1 7Spades P2 KHearts 
-- /GAME --
P0 HAND: KDiamonds, 3Diamonds, 2Diamonds, KClubs, QClubs, 7Hearts, KHearts, 5Hearts, 4Hearts, 2Spades.
P1 HAND: JDiamonds, QDiamonds, 5Clubs, 4Clubs, 2Clubs, 3Hearts, 2Hearts, JSpades, 5Spades, 3Spades.
P2 HAND: 7Diamonds, 6Diamonds, AClubs, 7Clubs, 3Clubs, JHearts, 6Hearts, QSpades, 6Spades, 4Spades.
P3 HAND: ADiamonds, 5Diamonds, 4Diamonds, JClubs, 6Clubs, AHearts, QHearts, ASpades, 7Spades, KSpades.
P0 2Spades P1 3Spades P2 4Spades P3 ASpades 
P3 ADiamonds P0 2Diamonds P1 JDiamonds P2 6Diamonds 
P3 4Diamonds P0 KDiamonds P1 QDiamonds P2 7Diamonds 
P2 AClubs P3 6Clubs P0 KClubs P1 2Clubs 
P2 3Clubs P3 JClubs P0 QClubs P1 5Clubs 
P3 5Diamonds P0 3Diamonds P1 4Clubs P2 6Spades 
P3 QHearts P0 KHearts P1 2Hearts P2 6Hearts 
P0 5Hearts P1 3Hearts P2 JHearts P3 AHearts 
P3 KSpades P0 4Hearts P1 5Spades P2 QSpades 
P0 7Hearts P1 JSpades P2 7Clubs P3 7Spades 
-- /GAME --
P0 HAND: 4Diamonds, KClubs, 2Clubs, AHearts, 7Hearts, 2Hearts, ASpades, KSpades, 4Spades, 2Spades.
P1 HAND: 7Diamonds, 2Diamonds, 7Clubs, 3Clubs, JHearts, QHearts, 6Hearts, 4Hearts, 7Spades, JSpades.
P2 HAND: ADiamonds, KDiamonds, 3Diamonds, AClubs, QClubs, 5Clubs, 4Clubs, KHearts, 5Hearts, 3Spades.
P3 HAND: JDiamonds, QDiamonds, 6Diamonds, 5Diamonds, JClubs, 6Clubs, 3Hearts, QSpades, 6Spades, 5Spades.
P3 3Hearts P0 AHearts P1 4Hearts P2 KHearts 
P0 7Hearts P1 6Hearts P2 5Hearts P3 6Clubs 
P3 5Diamonds P0 4Diamonds P1 2Diamonds P2 ADiamonds 
P2 3Diamonds P3 6Diamonds P0 2Hearts P1 7Diamonds 
P1 QHearts P2 3Spades P3 5Spades P0 2Spades 
P1 JHearts P2 4Clubs P3 6Spades P0 KSpades 
P2 5Clubs P3 JClubs P0 KClubs P1 7Clubs 
P1 JSpades P2 QClubs P3 QSpades P0 4Spades 
P2 AClubs P3 QDiamonds P0 2Clubs P1 3Clubs 
P2 KDiamonds P3 JDiamonds P0 ASpades P1 7Spades 
-- /GAME --
P0 HAND: QDiamonds, 3Diamonds, 2Diamonds, AClubs, QClubs, 6Clubs, 4Clubs, QHearts, 7Spades, 6Spades.
P1 HAND: 7Diamonds, JDiamonds, 5Diamonds, 5Clubs, AHearts, 7Hearts, 6Hearts, 3Hearts, JSpades, QSpades.
P2 HAND: ADiamonds, KDiamonds, 6Diamonds, 7Clubs, KClubs, JClubs, 2Clubs, KHearts, 4Hearts, 2Hearts.
P3 HAND: 4Diamonds, 3Clubs, JHearts, 5Hearts, ASpades, KSpades, 5Spades, 4Spades, 3Spades, 2Spades.
P2 2Clubs P3 3Clubs P0 AClubs P1 5Clubs 
P0 QClubs P1 3Hearts P2 7Clubs P3 4Diamonds 
P3 2Spades P0 6Spades P1 QSpades P2 2Hearts 
P1 6Hearts P2 4Hearts P3 5Hearts P0 QHearts 
P0 7Spades P1 JSpades P2 6Diamonds P3 3Spades 
P2 JClubs P3 4Spades P0 4Clubs P1 5Diamonds 
P1 JDiamonds P2 KDiamonds P3 5Spades P0 QDiamonds 
P2 ADiamonds P3 JHearts P0 2Diamonds P1 7Diamonds 
P2 KClubs P3 KSpades P0 6Clubs P1 7Hearts 
P2 KHearts P3 ASpades P0 3Diamonds P1 AHearts 
-- /GAME --
P0 HAND: 7Diamonds, KDiamonds, QDiamonds, KHearts, 5Hearts, 3Hearts, ASpades, JSpades, QSpades, 3Spades.
P1 HAND: ADiamonds, JDiamonds, 5Diamonds, 7Clubs, 3Clubs, AHearts, JHearts, 2Hearts, 5Spades, 2Spades.
P2 HAND: 6Diamonds, 4Diamonds, AClubs, JClubs, QClubs, 6Clubs, 7Hearts, 4Hearts, KSpades, 6Spades.
P3 HAND: 3Diamonds, 2Diamonds, KClubs, 5Clubs, 4Clubs, 2Clubs, QHearts, 6Hearts, 7Spades, 4Spades.
P2 AClubs P3 2Clubs P0 KHearts P1 3Clubs 
P2 4Hearts P3 6Hearts P0 3Hearts P1 AHearts 
P1 2Hearts P2 7Hearts P3 QHearts P0 5Hearts 
P2 6Clubs P3 4Clubs P0 7Diamonds P1 7Clubs 
P0 ASpades P1 2Spades P2 KSpades P3 4Spades 
P0 3Spades P1 5Spades P2 6Spades P3 7Spades 
P3 5Clubs P0 JSpades P1 5Diamonds P2 QClubs 
P1 JHearts P2 4Diamonds P3 2Diamonds P0 QSpades 
P2 JClubs P3 KClubs P0 QDiamonds P1 JDiamonds 
P1 ADiamonds P2 6Diamonds P3 3Diamonds P0 KDiamonds 
-- /GAME --
P0 HAND: ADiamonds, 6Diamonds, 4Diamonds, 2Diamonds, 4Clubs, AHearts, 7Hearts, JHearts, 4Spades, 3Spades.
P1 HAND: 7Diamonds, QDiamonds, 3Diamonds, JClubs, QClubs, 5Clubs, 2Hearts, KSpades, QSpades, 2Spades.
P2 HAND: 5Diamonds, AClubs, KClubs, 3Clubs, 2Clubs, 5Hearts, 3Hearts, ASpades, 6Spades, 5Spades.
P3 HAND: KDiamonds, JDiamonds, 7Clubs, 6Clubs, KHearts, QHearts, 6Hearts, 4Hearts, 7Spades, JSpades.
P1 2Hearts P2 3Hearts P3 4Hearts P0 AHearts 
P0 7Hearts P1 2Spades P2 5Hearts P3 KHearts 
P1 3Diamonds P2 5Diamonds P3 JDiamonds P0 ADiamonds 
P0 6Diamonds P1 QDiamonds P2 2Clubs P3 KDiamonds 
P3 6Clubs P0 4Clubs P1 5Clubs P2 AClubs 
P2 3Clubs P3 7Clubs P0 4Spades P1 QClubs 
P0 2Diamonds P1 7Diamonds P2 5Spades P3 JSpades 
P3 6Hearts P0 JHearts P1 QSpades P2 ASpades 
P2 6Spades P3 7Spades P0 3Spades P1 KSpades 
P3 QHearts P0 4Diamonds P1 JClubs P2 KClubs 
-- /GAME --
P0 HAND: QDiamonds, 4Diamonds, 7Clubs, JClubs, QClubs, JHearts, ASpades, 7Spades, KSpades, 2Spades.
P1 HAND: KDiamonds, 3Clubs, KHearts, QHearts, 6Hearts, 2Hearts, QSpades, 5Spades, 4Spades, 3Spades.
P2 HAND: JDiamonds, 6Diamonds, 6Clubs, 5Clubs, 2Clubs, AHearts, 7Hearts, 5Hearts, 3Hearts, 6Spades.
P3 HAND: ADiamonds, 7Diamonds, 5Diamonds, 3Diamonds, 2Diamonds, AClubs, KClubs, 4Clubs, 4Hearts, JSpades.
P0 ASpades P1 3Spades P2 6Spades P3 JSpades 
P0 KSpades P1 4Spades P2 2Clubs P3 4Clubs 
P0 JHearts P1 2Hearts P2 AHearts P3 4Hearts 
P2 3Hearts P3 2Diamonds P0 QDiamonds P1 6Hearts 
P0 7Spades P1 5Spades P2 6Diamonds P3 7Diamonds 
P3 AClubs P0 QClubs P1 3Clubs P2 5Clubs 
P3 3Diamonds P0 4Diamonds P1 KDiamonds P2 JDiamonds 
P1 QHearts P2 5Hearts P3 5Diamonds P0 2Spades 
P3 ADiamonds P0 JClubs P1 QSpades P2 6Clubs 
P3 KClubs P0 7Clubs P1 KHearts P2 7Hearts 
-- /GAME --
P0 HAND: JDiamonds, QDiamonds, 6Diamonds, 7Clubs, 6Clubs, 5Clubs, 2Clubs, QHearts, 7Spades, QSpades.
P1 HAND: ADiamonds, 7Diamonds, 5Diamonds, 3Diamonds, 3Clubs, JHearts, 6Hearts, 6Spades, 3Spades, 2Spades.
P2 HAND: KDiamonds, 2Diamonds, KClubs, QClubs, AHearts, 7Hearts, 4Hearts, 2Hearts, KSpades, 5Spades.
P3 HAND: 4Diamonds, AClubs, JClubs, 4Clubs, KHearts, 5Hearts, 3Hearts, ASpades, JSpades, 4Spades.
P3 AClubs P0 2Clubs P1 3Clubs P2 QClubs 
P3 ASpades P0 QSpades P1 6Spades P2 5Spades 
P3 4Diamonds P0 JDiamonds P1 ADiamonds P2 2Diamonds 
P1 2Spades P2 KSpades P3 4Spades P0 7Spades 
P0 7Clubs P1 6Hearts P2 KClubs P3 JClubs 
P1 3Diamonds P2 KDiamonds P3 4Clubs P0 QDiamonds 
P2 2Hearts P3 3Hearts P0 QHearts P1 JHearts 
P1 3Spades P2 4Hearts P3 JSpades P0 6Diamonds 
P2 7Hearts P3 5Hearts P0 6Clubs P1 5Diamonds 
P2 AHearts P3 KHearts P0 5Clubs P1 7Diamonds 
-- /GAME --
P0 HAND: 7Diamonds, JDiamonds, QDiamonds, 2Diamonds, AClubs, 6Hearts, 2Hearts, QSpades, 5Spades, 2Spades.
P1 HAND: ADiamonds, KDiamonds, 3Diamonds, 7Clubs, JClubs, 6Clubs, QHearts, 5Hearts, 3Hearts, 4Spades.
P2 HAND: 6Diamonds, 5Diamonds, 4Diamonds, KClubs, 5Clubs, 2Clubs, 7Hearts, KHearts, 4Hearts, KSpades.
P3 HAND: QClubs, 4Clubs, 3Clubs, AHearts, JHearts, ASpades, 7Spades, JSpades, 6Spades, 3Spades.
P2 2Clubs P3 3Clubs P0 AClubs P1 6Clubs 
P0 2Hearts P1 3Hearts P2 4Hearts P3 AHearts 
P3 3Spades P0 5Spades P1 4Spades P2 KSpades 
P2 5Clubs P3 4Clubs P0 6Hearts P1 7Clubs 
P1 5Hearts P2 KHearts P3 JHearts P0 QSpades 
P2 4Diamonds P3 6Spades P0 QDiamonds P1 3Diamonds 
P0 2Spades P1 QHearts P2 5Diamonds P3 JSpades 
P2 6Diamonds P3 QClubs P0 JDiamonds P1 KDiamonds 
P1 JClubs P2 KClubs P3 7Spades P0 7Diamonds 
P0 2Diamonds P1 ADiamonds P2 7Hearts P3 ASpades 
-- /GAME --
P0 HAND: KDiamonds, 4Diamonds, 3Diamonds, 7Clubs, KClubs, 6Clubs, 3Hearts, 5Spades, 4Spades, 3Spades.
P1 HAND: ADiamonds, 7Diamonds, 2Diamonds, JClubs, QClubs, 3Clubs, JHearts, QHearts, 5Hearts, QSpades.
P2 HAND: JDiamonds, 6Diamonds, 5Diamonds, 5Clubs, 4Clubs, 7Hearts, KHearts, 2Hearts, JSpades, 2Spades.
P3 HAND: QDiamonds, AClubs, 2Clubs, AHearts, 6Hearts, 4Hearts, ASpades, 7Spades, KSpades, 6Spades.
P1 ADiamonds P2 5Diamonds P3 QDiamonds P0 3Diamonds 
P1 2Diamonds P2 6Diamonds P3 2Clubs P0 KDiamonds 
P0 3Hearts P1 5Hearts P2 2Hearts P3 AHearts 
P3 AClubs P0 6Clubs P1 JClubs P2 4Clubs 
P3 4Hearts P0 7Clubs P1 QHearts P2 7Hearts 
P2 5Clubs P3 6Hearts P0 KClubs P1 3Clubs 
P0 4Diamonds P1 7Diamonds P2 JDiamonds P3 6Spades 
P3 KSpades P0 3Spades P1 QSpades P2 2Spades 
P3 7Spades P0 4Spades P1 QClubs P2 JSpades 
P3 ASpades P0 5Spades P1 JHearts P2 KHearts 
-- /GAME --

