-- GAME --
P0 HAND: 5Diamonds, 4Diamonds, 3Diamonds, AClubs, 7Clubs, 3Clubs, 2Clubs, JHearts, 6Hearts, 3Spades.
P1 HAND: QDiamonds, 6Diamonds, KClubs, JClubs, 6Clubs, 4Clubs, 7Hearts, KHearts, 5Spades, 4Spades.
P2 HAND: KDiamonds, JDiamonds, QClubs, 5Clubs, AHearts, QHearts, 5Hearts, 4Hearts, 3Hearts, ASpades.
P3 HAND: ADiamonds, 7Diamonds, 2Diamonds, 2Hearts, 7Spades, KSpades, JSpades, QSpades, 6Spades, 2Spades.
P3 ADiamonds P0 3Diamonds P1 QDiamonds P2 JDiamonds 
P3 2Diamonds P0 5Diamonds P1 6Diamonds P2 KDiamonds 
P2 3Hearts P3 2Hearts P0 6Hearts P1 7Hearts 
P1 4Spades P2 ASpades P3 2Spades P0 3Spades 
P2 4Hearts P3 6Spades P0 JHearts P1 KHearts 
P1 5Spades P2 5Hearts P3 QSpades P0 2Clubs 
P0 3Clubs P1 4Clubs P2 5Clubs P3 JSpades 
P2 QHearts P3 KSpades P0 7Clubs P1 6Clubs 
P0 4Diamonds P1 JClubs P2 QClubs P3 7Diamonds 
P1 KClubs P2 AHearts P3 7Spades P0 AClubs 
-- /GAME --
P0 HAND: KClubs, 6Clubs, 5Clubs, 2Clubs, 7Hearts, QHearts, 2Hearts, JSpades, 4Spades, 3Spades.
P1 HAND: ADiamonds, JDiamonds, 6Diamonds, 3Diamonds, 7Clubs, JClubs, 4Hearts, ASpades, 7Spades, 6Spades.
P2 HAND: 7Diamonds, QDiamonds, 5Diamonds, AClubs, QClubs, KHearts, 6Hearts, QSpades, 5Spades, 2Spades.
P3 HAND: KDiamonds, 4Diamonds, 2Diamonds, 4Clubs, 3Clubs, AHearts, JHearts, 5Hearts, 3Hearts, KSpades.

