-- GAME --
P0 HAND: KDiamonds, JDiamonds, 6Diamonds, 4Diamonds, 2Diamonds, QClubs, 6Clubs, 2Clubs, 4Hearts, 5Spades.
P1 HAND: ADiamonds, QDiamonds, 3Diamonds, 7Clubs, AHearts, KHearts, QHearts, 5Hearts, 7Spades, QSpades.
P2 HAND: 7Diamonds, KClubs, JClubs, 4Clubs, 7Hearts, 3Hearts, 2Hearts, KSpades, 6Spades, 2Spades.
P3 HAND: 5Diamonds, AClubs, 5Clubs, 3Clubs, JHearts, 6Hearts, ASpades, JSpades, 4Spades, 3Spades.
P3 ASpades P0 5Spades P1 7Spades P2 2Spades 
P3 3Spades P0 2Diamonds P1 QSpades P2 KSpades 
P2 2Hearts P3 6Hearts P0 4Hearts P1 AHearts 
P1 ADiamonds P2 7Diamonds P3 5Diamonds P0 4Diamonds 
P1 3Diamonds P2 3Hearts P3 4Spades P0 KDiamonds 
P0 JDiamonds P1 QDiamonds P2 4Clubs P3 5Clubs 
P3 JHearts P0 QClubs P1 5Hearts P2 7Hearts 
P0 6Diamonds P1 QHearts P2 6Spades P3 3Clubs 
P3 JSpades P0 6Clubs P1 7Clubs P2 JClubs 
P1 KHearts P2 KClubs P3 AClubs P0 2Clubs 
-- /GAME --
P0 HAND: 5Diamonds, 7Clubs, QClubs, 6Clubs, 2Clubs, 4Hearts, KSpades, JSpades, QSpades, 5Spades.
P1 HAND: ADiamonds, KClubs, JClubs, 5Clubs, 4Clubs, JHearts, 2Hearts, ASpades, 7Spades, 2Spades.
P2 HAND: 7Diamonds, KDiamonds, 6Diamonds, 3Diamonds, 3Clubs, AHearts, KHearts, QHearts, 5Hearts, 3Hearts.
P3 HAND: JDiamonds, QDiamonds, 4Diamonds, 2Diamonds, AClubs, 7Hearts, 6Hearts, 6Spades, 4Spades, 3Spades.
P2 3Diamonds P3 2Diamonds P0 5Diamonds P1 ADiamonds 
P1 2Hearts P2 AHearts P3 6Hearts P0 4Hearts 
P2 3Clubs P3 AClubs P0 2Clubs P1 KClubs 
P3 4Diamonds P0 5Spades P1 4Clubs P2 7Diamonds 
P0 6Clubs P1 5Clubs P2 3Hearts P3 QDiamonds 
P0 7Clubs P1 JClubs P2 5Hearts P3 3Spades 
P3 JDiamonds P0 KSpades P1 7Spades P2 6Diamonds 
P1 JHearts P2 QHearts P3 7Hearts P0 JSpades 
P0 QClubs P1 2Spades P2 KDiamonds P3 4Spades 
P3 6Spades P0 QSpades P1 ASpades P2 KHearts 
-- /GAME --
P0 HAND: QDiamonds, 5Diamonds, KClubs, QClubs, 5Clubs, ASpades, JSpades, 5Spades, 4Spades, 3Spades.
P1 HAND: ADiamonds, KDiamonds, 6Diamonds, 2Diamonds, AClubs, JClubs, 4Clubs, 3Clubs, JHearts, 6Spades.
P2 HAND: 7Diamonds, JDiamonds, 7Clubs, 6Clubs, 7Hearts, KHearts, 6Hearts, 5Hearts, QSpades, 2Spades.
P3 HAND: 4Diamonds, 3Diamonds, 2Clubs, AHearts, QHearts, 4Hearts, 3Hearts, 2Hearts, 7Spades, KSpades.
P1 ADiamonds P2 JDiamonds P3 4Diamonds P0 5Diamonds 
P1 2Diamonds P2 7Diamonds P3 3Diamonds P0 QDiamonds 
P2 2Spades P3 KSpades P0 ASpades P1 6Spades 
P0 3Spades P1 6Diamonds P2 QSpades P3 7Spades 
P3 2Hearts P0 KClubs P1 JHearts P2 7Hearts 
P0 JSpades P1 3Clubs P2 5Hearts P3 AHearts 
P1 4Clubs P2 6Clubs P3 2Clubs P0 QClubs 
P0 4Spades P1 JClubs P2 6Hearts P3 QHearts 
P1 AClubs P2 7Clubs P3 3Hearts P0 5Clubs 
P1 KDiamonds P2 KHearts P3 4Hearts P0 5Spades 
-- /GAME --
P0 HAND: ADiamonds, 5Diamonds, AClubs, KClubs, 5Clubs, 7Hearts, 5Hearts, ASpades, JSpades, 6Spades.
P1 HAND: KDiamonds, JDiamonds, 3Diamonds, 2Diamonds, 4Clubs, 2Clubs, AHearts, 4Hearts, 3Hearts, 4Spades.
P2 HAND: QDiamonds, 6Diamonds, 4Diamonds, JClubs, QClubs, 6Clubs, KHearts, QSpades, 5Spades, 2Spades.
P3 HAND: 7Diamonds, 7Clubs, 3Clubs, JHearts, QHearts, 6Hearts, 2Hearts, 7Spades, KSpades, 3Spades.

