-- GAME --
P0 HAND: QDiamonds, AClubs, 5Clubs, 4Clubs, 7Hearts, KHearts, JHearts, 6Hearts, 7Spades, 5Spades.
P1 HAND: ADiamonds, 3Diamonds, 7Clubs, KClubs, 6Clubs, 3Clubs, KSpades, 4Spades, 3Spades, 2Spades.
P2 HAND: KDiamonds, 6Diamonds, 2Diamonds, QClubs, AHearts, QHearts, 4Hearts, 2Hearts, QSpades, 6Spades.
P3 HAND: 7Diamonds, JDiamonds, 5Diamonds, 4Diamonds, JClubs, 2Clubs, 5Hearts, 3Hearts, ASpades, JSpades.
P3 ASpades P0 5Spades P1 KSpades P2 6Spades 
P3 2Clubs P0 AClubs P1 3Clubs P2 QClubs 
P0 QDiamonds P1 ADiamonds P2 2Diamonds P3 7Diamonds 
P1 2Spades P2 QSpades P3 JSpades P0 7Spades 
P0 4Clubs P1 6Clubs P2 6Diamonds P3 JClubs 
P3 4Diamonds P0 5Clubs P1 3Diamonds P2 KDiamonds 
P2 2Hearts P3 3Hearts P0 6Hearts P1 3Spades 
P0 JHearts P1 4Spades P2 4Hearts P3 5Hearts 
P0 KHearts P1 KClubs P2 QHearts P3 5Diamonds 
P0 7Hearts P1 7Clubs P2 AHearts P3 JDiamonds 
-- /GAME --
P0 HAND: QDiamonds, 4Diamonds, AClubs, 7Clubs, 6Clubs, 5Clubs, 2Clubs, ASpades, 4Spades, 3Spades.
P1 HAND: ADiamonds, 7Diamonds, 3Diamonds, 2Diamonds, KClubs, JHearts, 5Hearts, 4Hearts, 3Hearts, JSpades.
P2 HAND: KDiamonds, 5Diamonds, QClubs, AHearts, 6Hearts, 2Hearts, QSpades, 6Spades, 5Spades, 2Spades.
P3 HAND: JDiamonds, 6Diamonds, JClubs, 4Clubs, 3Clubs, 7Hearts, KHearts, QHearts, 7Spades, KSpades.
P2 2Spades P3 KSpades 
