-- GAME --
P3 AHearts P0 3Hearts P1 KHearts P2 5Hearts 
P3 ASpades P0 KSpades P1 QSpades P2 2Spades 
P3 2Hearts P0 JHearts P1 5Spades P2 7Hearts 
P2 4Diamonds P3 JDiamonds P0 2Diamonds P1 ADiamonds 
P1 6Diamonds P2 5Diamonds P3 3Spades P0 KDiamonds 
P0 7Spades P1 6Spades P2 QHearts P3 4Spades 
P0 3Diamonds P1 QDiamonds P2 6Hearts P3 JSpades 
P1 6Clubs P2 5Clubs P3 3Clubs P0 2Clubs 
P1 QClubs P2 JClubs P3 KClubs P0 AClubs 
P0 4Hearts P1 7Diamonds P2 7Clubs P3 4Clubs 
-- /GAME --
P0 HAND: ADiamonds, 5Diamonds, 4Diamonds, 3Diamonds, AClubs, 4Clubs, AHearts, 7Hearts, JHearts, QSpades.
P1 HAND: KDiamonds, QDiamonds, 6Diamonds, KClubs, JClubs, 6Clubs, 5Clubs, 3Clubs, 4Hearts, 3Spades.
P2 HAND: 7Diamonds, 7Clubs, QClubs, 2Clubs, KHearts, QHearts, 2Hearts, 7Spades, 5Spades, 4Spades.
P3 HAND: JDiamonds, 2Diamonds, 6Hearts, 5Hearts, 3Hearts, ASpades, KSpades, JSpades, 6Spades, 2Spades.
P2 2Hearts P3 3Hearts P0 AHearts P1 4Hearts 
P0 7Hearts P1 3Clubs P2 QHearts P3 6Hearts 
P1 3Spades P2 4Spades P3 ASpades P0 QSpades 
P3 2Diamonds P0 ADiamonds P1 6Diamonds P2 7Diamonds 
P0 JHearts P1 QDiamonds P2 KHearts P3 5Hearts 
P2 5Spades P3 2Spades P0 3Diamonds P1 5Clubs 
P1 6Clubs P2 2Clubs P3 6Spades P0 4Clubs 
P1 JClubs P2 QClubs P3 JDiamonds P0 AClubs 
P0 5Diamonds P1 KDiamonds P2 7Clubs P3 JSpades 
P2 7Spades P3 KSpades P0 4Diamonds P1 KClubs 
-- /GAME --

