-- GAME --
P0 HAND: ADiamonds, AClubs, 7Clubs, KClubs, 4Clubs, 4Hearts, 3Hearts, 2Hearts, JSpades, 6Spades.
P1 HAND: KDiamonds, 2Diamonds, QClubs, 5Clubs, 7Hearts, JHearts, 7Spades, KSpades, 5Spades, 4Spades.
P2 HAND: JDiamonds, 5Diamonds, 3Clubs, 2Clubs, AHearts, QHearts, 6Hearts, 5Hearts, ASpades, 3Spades.
P3 HAND: 7Diamonds, QDiamonds, 6Diamonds, 4Diamonds, 3Diamonds, JClubs, 6Clubs, KHearts, QSpades, 2Spades.
P1 2Diamonds P2 5Diamonds P3 3Diamonds P0 ADiamonds 
P0 AClubs P1 5Clubs P2 3Clubs P3 6Clubs 
P0 4Hearts P1 JHearts P2 AHearts P3 KHearts 
P2 2Clubs P3 JClubs P0 KClubs P1 QClubs 
P0 3Hearts P1 7Hearts P2 5Hearts P3 7Diamonds 
P1 4Spades P2 3Spades P3 2Spades P0 JSpades 
P0 2Hearts P1 5Spades P2 6Hearts P3 QDiamonds 
P1 KSpades P2 ASpades P3 QSpades P0 6Spades 
P2 QHearts P3 4Diamonds P0 4Clubs P1 7Spades 
P1 KDiamonds P2 JDiamonds P3 6Diamonds P0 7Clubs 
-- /GAME --
P0 HAND: KDiamonds, 5Diamonds, JClubs, QClubs, AHearts, JHearts, QHearts, 5Hearts, KSpades, 2Spades.
P1 HAND: JDiamonds, QDiamonds, 2Diamonds, 5Clubs, 7Hearts, 2Hearts, ASpades, JSpades, QSpades, 3Spades.
P2 HAND: 7Diamonds, 6Diamonds, 3Diamonds, KClubs, 6Clubs, 3Clubs, 2Clubs, KHearts, 7Spades, 5Spades.
P3 HAND: ADiamonds, 4Diamonds, AClubs, 7Clubs, 4Clubs, 6Hearts, 4Hearts, 3Hearts, 6Spades, 4Spades.
P0 QClubs P1 5Clubs P2 2Clubs P3 AClubs 
P3 ADiamonds P0 5Diamonds P1 JDiamonds P2 3Diamonds 
P3 4Diamonds P0 KDiamonds P1 2Diamonds P2 7Diamonds 
P2 3Clubs P3 4Clubs P0 JClubs P1 3Spades 
P0 5Hearts P1 2Hearts P2 KHearts P3 3Hearts 
P2 5Spades P3 4Spades P0 2Spades P1 ASpades 
P1 QDiamonds P2 6Diamonds P3 6Spades P0 QHearts 
P0 KSpades P1 QSpades P2 7Spades P3 4Hearts 
P3 6Hearts P0 AHearts P1 7Hearts P2 KClubs 
P0 JHearts P1 JSpades P2 6Clubs P3 7Clubs 
-- /GAME --
P0 HAND: 7Diamonds, 4Diamonds, 7Clubs, KClubs, QClubs, 6Clubs, 5Clubs, AHearts, 3Hearts, ASpades.
P1 HAND: 5Diamonds, 2Diamonds, AClubs, JClubs, 4Clubs, KHearts, 5Hearts, KSpades, JSpades, 6Spades.
P2 HAND: ADiamonds, KDiamonds, JDiamonds, 6Diamonds, 2Clubs, JHearts, 2Hearts, QSpades, 5Spades, 2Spades.
P3 HAND: QDiamonds, 3Diamonds, 3Clubs, 7Hearts, QHearts, 6Hearts, 4Hearts, 7Spades, 4Spades, 3Spades.

