-- GAME --
P0 HAND: KDiamonds, JDiamonds, 5Diamonds, AClubs, KClubs, QClubs, 7Hearts, ASpades, KSpades, 3Spades.
P1 HAND: 6Diamonds, 4Diamonds, JClubs, 2Clubs, AHearts, QHearts, 5Hearts, 5Spades, 4Spades, 2Spades.
P2 HAND: 7Diamonds, 3Diamonds, 7Clubs, 5Clubs, 4Clubs, 3Clubs, KHearts, JHearts, 6Hearts, QSpades.
P3 HAND: ADiamonds, QDiamonds, 2Diamonds, 6Clubs, 4Hearts, 3Hearts, 2Hearts, 7Spades, JSpades, 6Spades.
P2 3Clubs P3 6Clubs P0 QClubs P1 JClubs 
P1 AHearts P2 6Hearts P3 4Hearts P0 7Hearts 
P1 2Clubs P2 4Clubs P3 2Hearts P0 KClubs 
P0 5Diamonds P1 4Diamonds P2 3Diamonds P3 2Diamonds 
P0 JDiamonds P1 6Diamonds P2 7Diamonds P3 ADiamonds 
P3 3Hearts P0 3Spades P1 5Hearts P2 KHearts 
P2 5Clubs P3 6Spades P0 AClubs P1 2Spades 
P0 KDiamonds P1 4Spades P2 QSpades P3 QDiamonds 
P0 ASpades P1 5Spades P2 7Clubs P3 JSpades 
P0 KSpades P1 QHearts P2 JHearts P3 7Spades 
-- /GAME --
P0 HAND: 7Diamonds, QDiamonds, KClubs, 5Clubs, AHearts, 2Hearts, ASpades, JSpades, 6Spades, 3Spades.
P1 HAND: ADiamonds, KDiamonds, JDiamonds, 5Diamonds, 3Diamonds, AClubs, 2Clubs, KHearts, 4Hearts, QSpades.
P2 HAND: 6Diamonds, 2Diamonds, 4Clubs, 3Clubs, 6Hearts, 3Hearts, 7Spades, KSpades, 5Spades, 2Spades.
P3 HAND: 4Diamonds, 7Clubs, JClubs, QClubs, 6Clubs, 7Hearts, JHearts, QHearts, 5Hearts, 4Spades.
P1 AClubs P2 3Clubs P3 7Clubs P0 5Clubs 
P1 2Clubs P2 4Clubs P3 6Clubs P0 KClubs 
P0 QDiamonds P1 3Diamonds P2 2Diamonds P3 4Diamonds 
P0 7Diamonds P1 ADiamonds P2 6Diamonds P3 7Hearts 
P1 4Hearts P2 3Hearts P3 5Hearts 
