-- GAME --
P0 HAND: ADiamonds, 5Diamonds, 4Diamonds, KClubs, 7Hearts, 6Hearts, 3Hearts, ASpades, 7Spades, KSpades.
P1 HAND: AClubs, 7Clubs, JClubs, 3Clubs, 2Clubs, KHearts, JSpades, 6Spades, 4Spades, 2Spades.
P2 HAND: 7Diamonds, JDiamonds, 2Diamonds, QClubs, 5Clubs, 4Clubs, AHearts, 5Hearts, 4Hearts, 2Hearts.
P3 HAND: KDiamonds, QDiamonds, 6Diamonds, 3Diamonds, 6Clubs, JHearts, QHearts, QSpades, 5Spades, 3Spades.
P0 ASpades P1 2Spades P2 AHearts P3 3Spades 
P0 7Spades P1 4Spades P2 QClubs P3 5Spades 
P0 3Hearts P1 KHearts P2 2Hearts P3 JHearts 
P1 2Clubs P2 4Clubs P3 6Clubs P0 KClubs 
P0 7Hearts P1 3Clubs P2 5Hearts P3 QHearts 
P0 KSpades P1 6Spades P2 5Clubs P3 QSpades 
P0 6Hearts P1 JClubs P2 4Hearts P3 3Diamonds 
P3 6Diamonds P0 4Diamonds P1 JSpades P2 2Diamonds 
P3 QDiamonds P0 5Diamonds P1 7Clubs P2 JDiamonds 
P2 7Diamonds P3 KDiamonds P0 ADiamonds P1 AClubs 
-- /GAME --
P0 HAND: ADiamonds, 5Diamonds, 4Diamonds, 3Diamonds, AClubs, 6Clubs, 4Clubs, KHearts, QSpades, 2Spades.
P1 HAND: 2Diamonds, KClubs, QClubs, JHearts, 3Hearts, 2Hearts, ASpades, 7Spades, KSpades, 5Spades.
P2 HAND: KDiamonds, JDiamonds, 6Diamonds, 7Clubs, AHearts, 7Hearts, 6Hearts, 4Hearts, 6Spades, 3Spades.
P3 HAND: 7Diamonds, QDiamonds, JClubs, 5Clubs, 3Clubs, 2Clubs, QHearts, 5Hearts, JSpades, 4Spades.
P3 2Clubs P0 AClubs P1 QClubs P2 7Clubs 

