-- GAME --
P0 HAND: 3Diamonds, 6Clubs, 5Clubs, 4Clubs, 2Clubs, JHearts, 4Hearts, 5Spades, 3Spades, 2Spades.
P1 HAND: 6Diamonds, 5Diamonds, 2Diamonds, AClubs, 7Clubs, JClubs, 3Clubs, QHearts, 6Hearts, 5Hearts.
P2 HAND: ADiamonds, 7Diamonds, KDiamonds, JDiamonds, 4Diamonds, 2Hearts, 7Spades, JSpades, QSpades, 4Spades.
P3 HAND: QDiamonds, KClubs, QClubs, AHearts, 7Hearts, KHearts, 3Hearts, ASpades, KSpades, 6Spades.
P0 3Diamonds P1 2Diamonds P2 ADiamonds P3 QDiamonds 
P2 2Hearts P3 AHearts P0 4Hearts P1 QHearts 
P3 ASpades P0 2Spades P1 6Diamonds P2 4Spades 
P3 3Hearts P0 JHearts P1 5Hearts P2 7Diamonds 
P0 3Spades P1 5Diamonds P2 7Spades P3 6Spades 
P2 4Diamonds P3 QClubs P0 5Spades P1 6Hearts 
P3 KClubs P0 2Clubs P1 3Clubs P2 QSpades 
P3 KHearts P0 4Clubs P1 JClubs P2 JDiamonds 
P1 7Clubs P2 JSpades P3 KSpades P0 5Clubs 
P1 AClubs P2 KDiamonds P3 7Hearts P0 6Clubs 
-- /GAME --
P0 HAND: ADiamonds, 6Diamonds, 4Diamonds, AClubs, JClubs, QClubs, 5Clubs, 3Hearts, ASpades, 5Spades.
P1 HAND: KDiamonds, 5Diamonds, 3Diamonds, 4Clubs, AHearts, KHearts, 7Spades, KSpades, 6Spades, 4Spades.
P2 HAND: 7Diamonds, 6Clubs, 7Hearts, JHearts, 6Hearts, 5Hearts, 2Hearts, JSpades, QSpades, 3Spades.
P3 HAND: JDiamonds, QDiamonds, 2Diamonds, 7Clubs, KClubs, 3Clubs, 2Clubs, QHearts, 4Hearts, 2Spades.
P3 2Clubs P0 AClubs P1 4Clubs P2 6Clubs 
P0 ASpades P1 4Spades P2 JSpades P3 2Spades 
P0 3Hearts P1 AHearts P2 2Hearts P3 QHearts 
P1 6Spades P2 3Spades P3 3Clubs P0 5Spades 
P1 3Diamonds 
