-- GAME --
P0 HAND: KDiamonds, 6Diamonds, 3Diamonds, AClubs, KClubs, 6Clubs, 7Hearts, QHearts, ASpades, 7Spades.
P1 HAND: ADiamonds, 5Diamonds, JClubs, 3Clubs, 3Hearts, KSpades, JSpades, QSpades, 5Spades, 2Spades.
P2 HAND: QDiamonds, 4Diamonds, 7Clubs, QClubs, 5Clubs, 2Clubs, JHearts, 6Hearts, 5Hearts, 3Spades.
P3 HAND: 7Diamonds, JDiamonds, 2Diamonds, 4Clubs, AHearts, KHearts, 4Hearts, 2Hearts, 6Spades, 4Spades.
P3 2Diamonds P0 3Diamonds P1 ADiamonds P2 4Diamonds 
P1 2Spades P2 3Spades P3 4Spades P0 ASpades 
P0 AClubs P1 3Clubs P2 7Clubs P3 4Clubs 
P0 7Spades P1 5Spades P2 QDiamonds P3 6Spades 
P0 KClubs P1 JClubs P2 2Clubs P3 2Hearts 
P3 JDiamonds P0 KDiamonds P1 5Diamonds P2 QClubs 
P0 6Clubs P1 QSpades P2 5Clubs P3 4Hearts 
P3 KHearts P0 7Hearts P1 3Hearts P2 5Hearts 
P0 6Diamonds P1 JSpades P2 6Hearts P3 7Diamonds 
P2 JHearts P3 AHearts P0 QHearts P1 KSpades 
-- /GAME --
P0 HAND: ADiamonds, KClubs, 5Clubs, 3Clubs, 7Hearts, JHearts, QHearts, 2Hearts, KSpades, 5Spades.
P1 HAND: 7Diamonds, 6Diamonds, 5Diamonds, 4Diamonds, 3Diamonds, 2Diamonds, 4Clubs, 5Hearts, QSpades, 2Spades.
P2 HAND: JDiamonds, AClubs, 7Clubs, QClubs, 6Clubs, 6Hearts, 4Hearts, 6Spades, 4Spades, 3Spades.
P3 HAND: KDiamonds, QDiamonds, JClubs, 2Clubs, AHearts, KHearts, 3Hearts, ASpades, 7Spades, JSpades.
P2 AClubs P3 2Clubs P0 KClubs P1 4Clubs 
P2 4Hearts P3 AHearts P0 2Hearts P1 5Hearts 
P3 3Hearts P0 7Hearts P1 2Spades P2 6Hearts 
P1 2Diamonds P2 JDiamonds P3 QDiamonds P0 ADiamonds 
P0 3Clubs P1 3Diamonds P2 7Clubs P3 JClubs 
P2 6Clubs P3 JSpades P0 5Clubs P1 7Diamonds 
P3 7Spades P0 5Spades P1 QSpades P2 3Spades 
P3 ASpades P0 KSpades P1 6Diamonds P2 4Spades 
P3 KDiamonds P0 QHearts P1 4Diamonds P2 6Spades 
P2 QClubs P3 KHearts P0 JHearts P1 5Diamonds 
-- /GAME --
P0 HAND: KDiamonds, 7Clubs, QClubs, 7Hearts, QHearts, ASpades, KSpades, JSpades, 5Spades, 2Spades.
P1 HAND: 7Diamonds, QDiamonds, 4Diamonds, 5Clubs, AHearts, JHearts, 4Hearts, 3Hearts, QSpades, 6Spades.
P2 HAND: 5Diamonds, 3Diamonds, JClubs, 6Clubs, KHearts, 6Hearts, 5Hearts, 7Spades, 4Spades, 3Spades.
P3 HAND: ADiamonds, JDiamonds, 6Diamonds, 2Diamonds, AClubs, KClubs, 4Clubs, 3Clubs, 2Clubs, 2Hearts.
P1 AHearts P2 5Hearts P3 2Hearts P0 QHearts 
P1 3Hearts P2 6Hearts P3 2Clubs P0 7Hearts 
P0 ASpades P1 6Spades P2 7Spades P3 2Diamonds 
P3 3Clubs P0 7Clubs P1 5Clubs P2 JClubs 
P0 2Spades P1 QSpades P2 3Spades P3 AClubs 
P1 4Hearts P2 KHearts P3 4Clubs P0 KSpades 
P2 4Spades P3 6Diamonds P0 5Spades P1 JHearts 
P3 JDiamonds P0 KDiamonds P1 7Diamonds P2 3Diamonds 
P1 4Diamonds P2 5Diamonds P3 ADiamonds P0 QClubs 
P3 KClubs P0 JSpades P1 QDiamonds P2 6Clubs 
-- /GAME --
P0 HAND: 3Clubs, KHearts, JHearts, 6Hearts, 2Hearts, KSpades, JSpades, 4Spades, 3Spades, 2Spades.
P1 HAND: 7Diamonds, KDiamonds, QDiamonds, 6Diamonds, 2Diamonds, QClubs, 6Clubs, 4Clubs, 7Hearts, 5Hearts.
P2 HAND: ADiamonds, 5Diamonds, 4Diamonds, 3Diamonds, AClubs, 7Clubs, 5Clubs, 2Clubs, 4Hearts, 7Spades.
P3 HAND: JDiamonds, KClubs, JClubs, AHearts, QHearts, 3Hearts, ASpades, QSpades, 6Spades, 5Spades.
P0 3Clubs P1 4Clubs P2 AClubs P3 JClubs 
P2 ADiamonds P3 JDiamonds P0 KHearts P1 2Diamonds 
P2 2Clubs P3 KClubs P0 KSpades P1 6Clubs 
P0 2Hearts P1 5Hearts P2 4Hearts P3 AHearts 
P3 3Hearts P0 JHearts P1 7Hearts P2 7Spades 
P2 3Diamonds P3 QHearts P0 JSpades P1 6Diamonds 
P0 6Hearts P1 QDiamonds P2 4Diamonds P3 5Spades 
P3 6Spades P0 2Spades P1 QClubs P2 5Diamonds 
P3 QSpades P0 3Spades P1 KDiamonds P2 5Clubs 
P3 ASpades P0 4Spades P1 7Diamonds P2 7Clubs 
-- /GAME --
P0 HAND: 7Diamonds, KClubs, 4Clubs, 3Clubs, 2Clubs, 5Hearts, 4Hearts, QSpades, 6Spades, 3Spades.
P1 HAND: JDiamonds, 6Diamonds, 4Diamonds, 3Diamonds, AHearts, 7Hearts, KHearts, 3Hearts, JSpades, 5Spades.
P2 HAND: ADiamonds, QDiamonds, 2Diamonds, 6Clubs, 5Clubs, QHearts, 6Hearts, 7Spades, KSpades, 4Spades.
P3 HAND: KDiamonds, 5Diamonds, AClubs, 7Clubs, JClubs, QClubs, JHearts, 2Hearts, ASpades, 2Spades.
P3 AClubs P0 2Clubs P1 AHearts P2 5Clubs 
P3 2Hearts P0 4Hearts P1 7Hearts P2 6Hearts 
P1 3Diamonds P2 ADiamonds P3 5Diamonds P0 7Diamonds 
P2 2Diamonds P3 KDiamonds P0 QSpades P1 4Diamonds 
P0 5Hearts P1 3Hearts P2 QHearts P3 JHearts 
P3 QClubs P0 KClubs P1 5Spades P2 6Clubs 
P1 6Diamonds P2 QDiamonds P3 2Spades P0 3Spades 
P0 3Clubs P1 JSpades P2 4Spades P3 7Clubs 
P1 JDiamonds P2 KSpades P3 ASpades P0 4Clubs 
P3 JClubs P0 6Spades P1 KHearts P2 7Spades 
-- /GAME --
P0 HAND: 4Diamonds, 3Diamonds, AClubs, KClubs, 3Clubs, KSpades, QSpades, 6Spades, 5Spades, 2Spades.
P1 HAND: JDiamonds, QDiamonds, 5Diamonds, JClubs, QClubs, 5Clubs, AHearts, JHearts, 2Hearts, 7Spades.
P2 HAND: 7Diamonds, 7Clubs, 6Clubs, 4Clubs, 7Hearts, KHearts, 5Hearts, ASpades, JSpades, 4Spades.
P3 HAND: ADiamonds, KDiamonds, 6Diamonds, 2Diamonds, 2Clubs, QHearts, 6Hearts, 4Hearts, 3Hearts, 3Spades.
P2 ASpades P3 3Spades P0 KSpades P1 7Spades 
P2 4Clubs P3 2Clubs P0 AClubs P1 5Clubs 
P0 3Diamonds P1 5Diamonds P2 7Diamonds P3 ADiamonds 
P3 2Diamonds P0 4Diamonds P1 QDiamonds P2 4Spades 
P1 QClubs P2 6Clubs P3 6Diamonds P0 KClubs 
P0 2Spades P1 2Hearts P2 JSpades P3 KDiamonds 
P1 JDiamonds P2 5Hearts P3 3Hearts P0 QSpades 
P2 KHearts P3 4Hearts P0 3Clubs P1 JHearts 
P2 7Hearts P3 6Hearts P0 6Spades P1 AHearts 
P1 JClubs P2 7Clubs P3 QHearts P0 5Spades 
-- /GAME --

