-- GAME --
P0 HAND: JDiamonds, QDiamonds, AClubs, 5Clubs, 3Clubs, 7Hearts, QHearts, 6Spades, 3Spades, 2Spades.
P1 HAND: 7Diamonds, 2Diamonds, JClubs, QClubs, 6Clubs, 2Clubs, 6Hearts, ASpades, JSpades, 4Spades.
P2 HAND: ADiamonds, KDiamonds, 6Diamonds, 4Diamonds, 7Clubs, 3Hearts, 7Spades, KSpades, QSpades, 5Spades.
P3 HAND: 5Diamonds, 3Diamonds, KClubs, 4Clubs, AHearts, KHearts, JHearts, 5Hearts, 4Hearts, 2Hearts.
P1 2Diamonds P2 ADiamonds P3 3Diamonds P0 JDiamonds 
P2 3Hearts P3 2Hearts P0 QHearts P1 6Hearts 
P0 AClubs P1 2Clubs P2 7Clubs P3 4Clubs 
P0 QDiamonds P1 7Diamonds P2 4Diamonds P3 5Diamonds 
P1 6Clubs P2 6Diamonds P3 KClubs P0 3Clubs 
P3 4Hearts P0 7Hearts P1 4Spades P2 5Spades 
P2 QSpades P3 5Hearts P0 3Spades P1 JSpades 
P1 QClubs P2 KSpades P3 JHearts P0 5Clubs 
P2 7Spades P3 KHearts P0 6Spades P1 ASpades 
P1 JClubs P2 KDiamonds P3 AHearts P0 2Spades 
-- /GAME --
P0 HAND: JDiamonds, QDiamonds, 5Clubs, 4Clubs, 3Clubs, 2Clubs, KHearts, QHearts, 4Hearts, 7Spades.
P1 HAND: 2Diamonds, 6Clubs, AHearts, JHearts, 6Hearts, 5Hearts, 3Hearts, JSpades, 6Spades, 5Spades.
P2 HAND: 6Diamonds, 3Diamonds, AClubs, JClubs, 7Hearts, 2Hearts, QSpades, 4Spades, 3Spades, 2Spades.
P3 HAND: ADiamonds, 7Diamonds, KDiamonds, 5Diamonds, 4Diamonds, 7Clubs, KClubs, QClubs, ASpades, KSpades.

