-- GAME --
P0 HAND: KDiamonds, QDiamonds, 3Diamonds, 7Clubs, QClubs, 2Clubs, QHearts, 4Hearts, ASpades, KSpades.
P1 HAND: ADiamonds, AClubs, 4Clubs, 7Hearts, JHearts, 7Spades, JSpades, QSpades, 6Spades, 4Spades.
P2 HAND: 6Diamonds, 5Diamonds, 4Diamonds, 2Diamonds, KClubs, 6Clubs, 5Clubs, 6Hearts, 3Hearts, 2Spades.
P3 HAND: 7Diamonds, JDiamonds, JClubs, 3Clubs, AHearts, KHearts, 5Hearts, 2Hearts, 5Spades, 3Spades.
P0 ASpades P1 4Spades P2 2Spades P3 3Spades 
P0 QDiamonds P1 ADiamonds P2 2Diamonds P3 7Diamonds 
P1 AClubs P2 5Clubs P3 JClubs P0 2Clubs 
P1 4Clubs P2 6Clubs P3 3Clubs P0 7Clubs 
P0 QClubs P1 6Spades P2 KClubs P3 2Hearts 
P3 5Spades P0 KSpades P1 QSpades P2 6Diamonds 
P0 KDiamonds P1 JHearts P2 4Diamonds P3 JDiamonds 
P1 JSpades P2 5Diamonds P3 5Hearts P0 3Diamonds 
P3 KHearts P0 QHearts P1 7Hearts P2 3Hearts 
P1 7Spades P2 6Hearts P3 AHearts P0 4Hearts 
-- /GAME --
P0 HAND: KDiamonds, JDiamonds, 3Clubs, 7Hearts, 3Hearts, 2Hearts, ASpades, 7Spades, 5Spades, 3Spades.
P1 HAND: 7Diamonds, 5Diamonds, 3Diamonds, KClubs, JClubs, 6Clubs, 5Hearts, 4Hearts, JSpades, 4Spades.
P2 HAND: ADiamonds, 6Diamonds, AClubs, QClubs, 2Clubs, KHearts, QHearts, 6Hearts, KSpades, 6Spades.
P3 HAND: QDiamonds, 4Diamonds, 2Diamonds, 7Clubs, 5Clubs, 4Clubs, AHearts, JHearts, QSpades, 2Spades.
P3 AHearts P0 7Hearts P1 5Hearts P2 6Hearts 
P3 2Spades P0 3Spades P1 4Spades P2 KSpades 
P2 AClubs P3 4Clubs P0 3Clubs P1 6Clubs 
P2 2Clubs P3 5Clubs P0 ASpades P1 KClubs 
P1 4Hearts P2 QHearts P3 JHearts P0 3Hearts 
P3 QSpades P0 5Spades P1 JSpades P2 6Spades 
P1 JClubs P2 QClubs P3 7Clubs P0 7Spades 
P3 2Diamonds P0 JDiamonds P1 3Diamonds P2 6Diamonds 
P0 KDiamonds P1 5Diamonds P2 ADiamonds P3 4Diamonds 
P2 KHearts P3 QDiamonds P0 2Hearts P1 7Diamonds 
-- /GAME --
P0 HAND: 7Diamonds, JDiamonds, QDiamonds, 7Clubs, JClubs, 3Clubs, 7Hearts, JHearts, QHearts, 6Spades.
P1 HAND: 6Diamonds, 5Diamonds, 3Diamonds, 2Diamonds, 6Clubs, 2Clubs, 4Hearts, 2Hearts, QSpades, 2Spades.
P2 HAND: KDiamonds, KClubs, QClubs, AHearts, KHearts, 5Hearts, 3Hearts, 5Spades, 4Spades, 3Spades.
P3 HAND: ADiamonds, 4Diamonds, AClubs, 5Clubs, 4Clubs, 6Hearts, ASpades, 7Spades, KSpades, JSpades.
P2 AHearts P3 6Hearts P0 QHearts P1 2Hearts 
P2 3Hearts P3 4Diamonds P0 JHearts P1 4Hearts 
P0 7Hearts P1 2Spades P2 5Hearts P3 ADiamonds 
P1 2Diamonds P2 KDiamonds P3 4Clubs P0 QDiamonds 
P2 QClubs P3 AClubs P0 7Clubs P1 6Clubs 
P3 5Clubs P0 3Clubs P1 2Clubs P2 KClubs 
P2 3Spades P3 JSpades P0 6Spades P1 QSpades 
P3 KSpades P0 7Diamonds P1 3Diamonds P2 4Spades 
P3 7Spades P0 JClubs P1 5Diamonds P2 5Spades 
P3 ASpades P0 JDiamonds P1 6Diamonds P2 KHearts 
-- /GAME --
P0 HAND: 7Diamonds, 4Diamonds, 3Diamonds, JClubs, 5Clubs, QHearts, 4Hearts, JSpades, 3Spades, 2Spades.
P1 HAND: QDiamonds, 6Diamonds, 2Diamonds, KClubs, AHearts, KHearts, 2Hearts, 6Spades, 5Spades, 4Spades.
P2 HAND: KDiamonds, 7Clubs, QClubs, 3Clubs, 2Clubs, 6Hearts, 5Hearts, 3Hearts, 7Spades, KSpades.
P3 HAND: ADiamonds, JDiamonds, 5Diamonds, AClubs, 6Clubs, 4Clubs, 7Hearts, JHearts, ASpades, QSpades.
P3 ADiamonds P0 7Diamonds P1 QDiamonds 
