-- GAME --
P0 HAND: KDiamonds, 3Diamonds, 2Diamonds, JClubs, QClubs, AHearts, QHearts, 3Hearts, ASpades, 2Spades.
P1 HAND: 7Diamonds, QDiamonds, 7Clubs, KClubs, 6Clubs, 2Clubs, 7Hearts, KHearts, 6Hearts, JSpades.
P2 HAND: JDiamonds, 6Diamonds, 5Diamonds, 4Diamonds, JHearts, 2Hearts, KSpades, QSpades, 4Spades, 3Spades.
P3 HAND: ADiamonds, AClubs, 5Clubs, 4Clubs, 3Clubs, 5Hearts, 4Hearts, 7Spades, 6Spades, 5Spades.
P0 AHearts P1 6Hearts P2 JHearts P3 4Hearts 
P0 QClubs P1 2Clubs P2 2Hearts P3 AClubs 
P3 ADiamonds P0 2Diamonds P1 7Diamonds P2 4Diamonds 
P3 3Clubs P0 JClubs P1 6Clubs P2 JDiamonds 
P0 QHearts P1 KHearts P2 3Spades P3 5Hearts 
P2 5Diamonds P3 4Clubs P0 KDiamonds P1 QDiamonds 
P0 3Hearts P1 7Hearts P2 4Spades P3 5Spades 
P3 5Clubs P0 2Spades P1 KClubs P2 6Diamonds 
P0 3Diamonds P1 JSpades P2 QSpades P3 6Spades 
P1 7Clubs P2 KSpades P3 7Spades P0 ASpades 
-- /GAME --
P0 HAND: ADiamonds, KDiamonds, 6Diamonds, AClubs, KClubs, 7Hearts, KHearts, QHearts, KSpades, JSpades.
P1 HAND: 7Diamonds, 5Diamonds, 4Diamonds, 7Clubs, 5Clubs, 2Clubs, 4Hearts, 2Hearts, 5Spades, 3Spades.
P2 HAND: QDiamonds, 2Diamonds, QClubs, 4Clubs, 3Clubs, AHearts, 3Hearts, ASpades, QSpades, 2Spades.
P3 HAND: JDiamonds, 3Diamonds, JClubs, 6Clubs, JHearts, 6Hearts, 5Hearts, 7Spades, 6Spades, 4Spades.
P3 4Spades P0 JSpades P1 3Spades P2 ASpades 
P2 AHearts P3 5Hearts P0 7Hearts P1 2Hearts 
P2 2Spades P3 6Spades P0 KSpades P1 5Spades 
P0 AClubs P1 2Clubs P2 QClubs P3 6Clubs 
P0 KHearts P1 4Hearts P2 3Hearts P3 6Hearts 
P0 QHearts P1 5Clubs P2 3Clubs P3 JHearts 
P3 JClubs P0 KClubs P1 7Clubs P2 4Clubs 
P1 4Diamonds P2 2Diamonds P3 3Diamonds P0 6Diamonds 
P0 ADiamonds P1 5Diamonds P2 QDiamonds P3 JDiamonds 
P0 KDiamonds P1 7Diamonds P2 QSpades P3 7Spades 
-- /GAME --
P0 HAND: QDiamonds, 5Diamonds, 4Diamonds, JClubs, 5Clubs, 2Clubs, AHearts, KHearts, 5Hearts, 2Spades.
P1 HAND: 7Diamonds, 6Diamonds, 3Clubs, 6Hearts, 4Hearts, 3Hearts, ASpades, KSpades, QSpades, 3Spades.
P2 HAND: KDiamonds, AClubs, KClubs, QClubs, QHearts, 2Hearts, JSpades, 6Spades, 5Spades, 4Spades.
P3 HAND: ADiamonds, JDiamonds, 3Diamonds, 2Diamonds, 7Clubs, 6Clubs, 4Clubs, 7Hearts, JHearts, 7Spades.
P2 AClubs P3 4Clubs P0 JClubs P1 3Clubs 
P2 2Hearts P3 JHearts P0 AHearts P1 3Hearts 
P0 4Diamonds P1 6Diamonds P2 KDiamonds P3 ADiamonds 
P3 2Diamonds P0 QDiamonds P1 7Diamonds P2 4Spades 
P2 QClubs P3 6Clubs P0 5Clubs P1 4Hearts 
P2 QHearts P3 7Hearts P0 5Hearts P1 6Hearts 
P3 3Diamonds P0 5Diamonds P1 3Spades P2 5Spades 
P2 6Spades P3 7Spades P0 2Spades P1 QSpades 
P3 JDiamonds P0 KHearts P1 KSpades P2 KClubs 
P1 ASpades P2 JSpades P3 7Clubs P0 2Clubs 
-- /GAME --
P0 HAND: ADiamonds, KDiamonds, 2Diamonds, JClubs, 2Clubs, KHearts, ASpades, KSpades, JSpades, 4Spades.
P1 HAND: 7Diamonds, 6Diamonds, 3Diamonds, AClubs, KClubs, 4Clubs, 3Clubs, 4Hearts, 2Hearts, 6Spades.
P2 HAND: QDiamonds, 5Diamonds, 4Diamonds, QClubs, AHearts, 7Hearts, 6Hearts, 5Hearts, QSpades, 3Spades.
P3 HAND: JDiamonds, 7Clubs, 6Clubs, 5Clubs, JHearts, QHearts, 3Hearts, 7Spades, 5Spades, 2Spades.
P1 2Hearts P2 AHearts P3 3Hearts P0 KHearts 
P2 3Spades P3 2Spades P0 ASpades P1 6Spades 
P0 ADiamonds P1 3Diamonds P2 QDiamonds P3 JDiamonds 
P0 JSpades P1 4Hearts P2 QSpades P3 7Spades 
P3 5Spades P0 KSpades P1 6Diamonds P2 7Hearts 
P0 KDiamonds P1 7Diamonds P2 4Diamonds P3 JHearts 
P1 3Clubs P2 QClubs P3 5Clubs P0 JClubs 
P0 4Spades P1 4Clubs P2 5Diamonds P3 QHearts 
P1 KClubs P2 5Hearts P3 6Clubs P0 2Clubs 
P1 AClubs P2 6Hearts P3 7Clubs P0 2Diamonds 
-- /GAME --
P0 HAND: ADiamonds, QClubs, 6Clubs, 5Clubs, QHearts, 5Hearts, ASpades, JSpades, 6Spades, 4Spades.
P1 HAND: 7Diamonds, JDiamonds, 5Diamonds, 4Diamonds, 2Diamonds, 7Clubs, 3Clubs, KHearts, QSpades, 3Spades.
P2 HAND: KDiamonds, QDiamonds, 3Diamonds, JClubs, 4Clubs, 7Hearts, JHearts, 6Hearts, 2Hearts, KSpades.
P3 HAND: 6Diamonds, AClubs, KClubs, 2Clubs, AHearts, 4Hearts, 3Hearts, 7Spades, 5Spades, 2Spades.
P0 ADiamonds P1 2Diamonds P2 KDiamonds P3 6Diamonds 
P0 ASpades P1 3Spades P2 KSpades P3 2Spades 
P0 JSpades P1 QSpades P2 2Hearts P3 5Spades 
P2 3Diamonds P3 2Clubs P0 5Hearts P1 4Diamonds 
P0 6Spades P1 3Clubs P2 4Clubs P3 7Spades 
P3 3Hearts P0 QHearts P1 KHearts P2 7Hearts 
P2 QDiamonds P3 4Hearts P0 4Spades P1 7Diamonds 
P3 AHearts P0 5Clubs P1 7Clubs P2 6Hearts 
P3 KClubs P0 6Clubs P1 5Diamonds P2 JClubs 
P3 AClubs P0 QClubs P1 JDiamonds P2 JHearts 
-- /GAME --
P0 HAND: JDiamonds, QDiamonds, 5Diamonds, 3Diamonds, 6Clubs, 2Hearts, JSpades, QSpades, 3Spades, 2Spades.
P1 HAND: ADiamonds, KDiamonds, 4Diamonds, 7Clubs, 4Clubs, 2Clubs, QHearts, 3Hearts, 7Spades, 6Spades.
P2 HAND: 7Diamonds, 6Diamonds, 2Diamonds, JClubs, QClubs, 5Clubs, 3Clubs, AHearts, 7Hearts, KHearts.
P3 HAND: AClubs, KClubs, JHearts, 6Hearts, 5Hearts, 4Hearts, ASpades, KSpades, 5Spades, 4Spades.
P0 6Clubs P1 2Clubs P2 3Clubs P3 AClubs 
P3 4Hearts P0 2Hearts P1 3Hearts P2 AHearts 
P2 2Diamonds P3 5Hearts P0 5Diamonds P1 ADiamonds 
P1 4Diamonds P2 6Diamonds P3 6Hearts P0 JDiamonds 
P0 QDiamonds P1 KDiamonds P2 7Diamonds P3 4Spades 
P3 JHearts P0 JSpades P1 QHearts P2 7Hearts 
P0 2Spades P1 6Spades P2 5Clubs P3 5Spades 
P1 4Clubs P2 QClubs P3 KClubs P0 QSpades 
P0 3Diamonds P1 7Spades P2 JClubs P3 KSpades 
P1 7Clubs P2 KHearts P3 ASpades P0 3Spades 
-- /GAME --
P0 HAND: 7Diamonds, 6Diamonds, 4Diamonds, 2Diamonds, AClubs, JClubs, 7Hearts, JHearts, 5Hearts, ASpades.
P1 HAND: KDiamonds, JDiamonds, QDiamonds, 5Clubs, AHearts, KHearts, 6Hearts, 4Hearts, 7Spades, 6Spades.
P2 HAND: ADiamonds, KClubs, 6Clubs, 2Clubs, 2Hearts, KSpades, JSpades, 5Spades, 3Spades, 2Spades.
P3 HAND: 5Diamonds, 3Diamonds, 7Clubs, QClubs, 4Clubs, 3Clubs, QHearts, 3Hearts, QSpades, 4Spades.
P3 3Diamonds P0 2Diamonds P1 QDiamonds P2 ADiamonds 
P2 2Hearts P3 3Hearts P0 5Hearts P1 AHearts 
P1 4Hearts P2 2Spades P3 QHearts P0 7Hearts 
P0 ASpades P1 6Spades P2 KSpades P3 4Spades 
P0 JHearts P1 6Hearts P2 3Spades P3 5Diamonds 
P0 6Diamonds P1 JDiamonds P2 5Spades P3 QSpades 
P1 5Clubs P2 2Clubs P3 3Clubs P0 JClubs 
P0 AClubs P1 KDiamonds P2 6Clubs P3 4Clubs 
P0 7Diamonds P1 KHearts P2 KClubs P3 7Clubs 
P3 QClubs P0 4Diamonds P1 7Spades P2 JSpades 
-- /GAME --
P0 HAND: ADiamonds, 7Diamonds, KDiamonds, QDiamonds, 2Diamonds, JClubs, 5Clubs, 7Hearts, 5Hearts, 7Spades.
P1 HAND: 5Diamonds, 4Diamonds, 6Clubs, AHearts, 4Hearts, 3Hearts, 2Hearts, ASpades, QSpades, 3Spades.
P2 HAND: JDiamonds, 3Diamonds, QClubs, KHearts, QHearts, 6Hearts, JSpades, 5Spades, 4Spades, 2Spades.
P3 HAND: 6Diamonds, AClubs, 7Clubs, KClubs, 4Clubs, 3Clubs, 2Clubs, JHearts, KSpades, 6Spades.
P2 2Spades P3 6Spades P0 7Spades P1 ASpades 
P1 AHearts P2 6Hearts P3 JHearts P0 5Hearts 
P1 2Hearts P2 QHearts P3 6Diamonds P0 7Hearts 
P0 ADiamonds P1 4Diamonds P2 JDiamonds P3 2Clubs 
P3 3Clubs P0 JClubs P1 6Clubs P2 QClubs 
P0 5Clubs P1 3Hearts P2 3Diamonds P3 4Clubs 
P0 KDiamonds P1 5Diamonds P2 4Spades P3 KClubs 
P3 7Clubs P0 2Diamonds P1 3Spades P2 5Spades 
P3 AClubs P0 QDiamonds P1 4Hearts P2 JSpades 
P3 KSpades P0 7Diamonds P1 QSpades P2 KHearts 
-- /GAME --
P0 HAND: 7Diamonds, 5Diamonds, 6Clubs, AHearts, QHearts, 5Hearts, 4Hearts, 3Hearts, 5Spades, 4Spades.
P1 HAND: JDiamonds, AClubs, KClubs, JClubs, 2Clubs, 7Hearts, KHearts, JHearts, 2Hearts, 7Spades.
P2 HAND: 6Diamonds, 4Diamonds, 2Diamonds, ASpades, KSpades, JSpades, QSpades, 6Spades, 3Spades, 2Spades.
P3 HAND: ADiamonds, KDiamonds, QDiamonds, 3Diamonds, 7Clubs, QClubs, 5Clubs, 4Clubs, 3Clubs, 6Hearts.
P1 AClubs P2 2Diamonds P3 3Clubs P0 6Clubs 
P2 2Spades P3 4Clubs P0 4Spades P1 7Spades 
P1 2Clubs P2 3Spades P3 7Clubs P0 7Diamonds 
P0 AHearts P1 2Hearts P2 ASpades P3 6Hearts 
P0 QHearts P1 JHearts P2 4Diamonds P3 QDiamonds 
P3 5Clubs P0 5Diamonds P1 JClubs P2 KSpades 
P0 5Spades P1 JDiamonds P2 6Spades P3 QClubs 
P1 KClubs P2 QSpades P3 3Diamonds P0 3Hearts 
P3 KDiamonds P0 4Hearts P1 KHearts P2 6Diamonds 
P3 ADiamonds P0 5Hearts P1 7Hearts P2 JSpades 
-- /GAME --
P0 HAND: 4Diamonds, 2Diamonds, JClubs, 4Clubs, 7Hearts, KHearts, 6Hearts, ASpades, 5Spades, 2Spades.
P1 HAND: ADiamonds, KDiamonds, 5Diamonds, 7Clubs, 5Clubs, QHearts, 5Hearts, KSpades, QSpades, 4Spades.
P2 HAND: 7Diamonds, JDiamonds, QDiamonds, 6Diamonds, 3Diamonds, AClubs, KClubs, 3Clubs, JHearts, 2Hearts.
P3 HAND: QClubs, 6Clubs, 2Clubs, AHearts, 4Hearts, 3Hearts, 7Spades, JSpades, 6Spades, 3Spades.
P0 ASpades P1 4Spades P2 AClubs P3 3Spades 
P0 5Spades P1 QSpades P2 3Diamonds P3 7Spades 
P3 2Clubs P0 4Clubs P1 7Clubs P2 3Clubs 
P1 ADiamonds P2 6Diamonds P3 JSpades P0 2Diamonds 
P1 5Diamonds P2 QDiamonds P3 6Clubs P0 4Diamonds 
P2 JDiamonds P3 6Spades P0 JClubs P1 KDiamonds 
P1 5Clubs P2 KClubs P3 QClubs P0 2Spades 
P2 2Hearts P3 3Hearts P0 7Hearts P1 5Hearts 
P0 6Hearts P1 QHearts P2 JHearts P3 AHearts 
P3 4Hearts P0 KHearts P1 KSpades P2 7Diamonds 
-- /GAME --

