-- GAME --
P0 HAND: 7Diamonds, 2Diamonds, AHearts, KHearts, QHearts, 5Hearts, 4Hearts, 7Spades, 6Spades, 4Spades.
P1 HAND: ADiamonds, QDiamonds, AClubs, 7Clubs, JClubs, 6Clubs, 2Clubs, KSpades, JSpades, 3Spades.
P2 HAND: KDiamonds, 6Diamonds, 3Diamonds, KClubs, 5Clubs, 4Clubs, 6Hearts, 3Hearts, 2Hearts, 5Spades.
P3 HAND: JDiamonds, 5Diamonds, 4Diamonds, QClubs, 3Clubs, 7Hearts, JHearts, ASpades, QSpades, 2Spades.
P0 2Diamonds P1 ADiamonds P2 3Diamonds P3 JDiamonds 
P1 2Clubs P2 4Clubs P3 3Clubs P0 7Diamonds 
P2 2Hearts P3 JHearts P0 AHearts P1 3Spades 
P1 6Clubs P2 5Clubs P3 QClubs P0 5Hearts 
P3 4Diamonds P0 QHearts P1 QDiamonds P2 KDiamonds 
P2 3Hearts P3 7Hearts P0 4Hearts P1 AClubs 
P3 5Diamonds P0 KHearts P1 JSpades P2 6Diamonds 
P1 JClubs P2 KClubs P3 2Spades P0 7Spades 
P0 4Spades P1 KSpades P2 5Spades P3 QSpades 
P1 7Clubs P2 6Hearts P3 ASpades P0 6Spades 
-- /GAME --
P0 HAND: ADiamonds, 7Diamonds, QDiamonds, AClubs, 4Hearts, 2Hearts, 7Spades, KSpades, QSpades, 5Spades.
P1 HAND: JDiamonds, 4Diamonds, 3Diamonds, 2Diamonds, QClubs, 6Clubs, 4Clubs, QHearts, ASpades, 6Spades.
P2 HAND: KDiamonds, KClubs, JClubs, 5Clubs, KHearts, JHearts, 5Hearts, JSpades, 4Spades, 2Spades.
P3 HAND: 6Diamonds, 5Diamonds, 7Clubs, 3Clubs, 2Clubs, AHearts, 7Hearts, 6Hearts, 3Hearts, 3Spades.
P3 AHearts P0 2Hearts P1 QHearts P2 5Hearts 
P3 2Clubs P0 AClubs P1 4Clubs P2 KClubs 
P0 QSpades P1 6Spades P2 2Spades P3 3Spades 
P0 5Spades P1 ASpades P2 4Spades P3 7Clubs 
P1 2Diamonds P2 KDiamonds P3 5Diamonds P0 ADiamonds 
P0 7Spades P1 3Diamonds P2 JSpades P3 3Clubs 
P0 7Diamonds P1 4Diamonds P2 KHearts P3 6Diamonds 
P0 QDiamonds P1 JDiamonds P2 5Clubs P3 7Hearts 
P1 6Clubs P2 JClubs P3 3Hearts P0 4Hearts 
P2 JHearts P3 6Hearts P0 KSpades P1 QClubs 
-- /GAME --
P0 HAND: JDiamonds, 3Diamonds, 7Clubs, 6Clubs, 4Clubs, 3Clubs, 7Hearts, JHearts, 6Hearts, 6Spades.
P1 HAND: KDiamonds, AClubs, KClubs, 2Clubs, AHearts, KHearts, 5Hearts, 4Hearts, 7Spades, 5Spades.
P2 HAND: ADiamonds, QDiamonds, 6Diamonds, 5Diamonds, 2Diamonds, JClubs, QClubs, 3Hearts, ASpades, QSpades.
P3 HAND: 7Diamonds, 4Diamonds, 5Clubs, QHearts, 2Hearts, KSpades, JSpades, 4Spades, 3Spades, 2Spades.
P2 2Diamonds P3 4Diamonds P0 3Diamonds P1 KDiamonds 
P1 AClubs P2 QClubs P3 5Clubs P0 4Clubs 
P1 AHearts P2 3Hearts P3 QHearts P0 6Hearts 
P1 2Clubs P2 JClubs P3 2Hearts P0 7Clubs 
P0 6Spades P1 5Spades P2 QSpades P3 2Spades 
P2 5Diamonds P3 7Diamonds P0 JDiamonds P1 KClubs 
P3 3Spades P0 JHearts P1 7Spades P2 ASpades 
P2 6Diamonds P3 4Spades P0 3Clubs P1 KHearts 
P3 JSpades P0 6Clubs P1 4Hearts P2 QDiamonds 
P3 KSpades P0 7Hearts P1 5Hearts P2 ADiamonds 
-- /GAME --
P0 HAND: KDiamonds, 4Diamonds, QClubs, 6Clubs, 4Clubs, 2Clubs, AHearts, 3Hearts, JSpades, QSpades.
P1 HAND: JDiamonds, QDiamonds, KClubs, 5Clubs, 3Clubs, 7Hearts, 5Hearts, ASpades, 5Spades, 3Spades.
P2 HAND: ADiamonds, 3Diamonds, AClubs, 7Clubs, JClubs, 6Hearts, 4Hearts, 7Spades, KSpades, 4Spades.
P3 HAND: 7Diamonds, 6Diamonds, 5Diamonds, 2Diamonds, KHearts, JHearts, QHearts, 2Hearts, 6Spades, 2Spades.
P1 ASpades P2 4Spades P3 6Spades P0 QSpades 
P1 3Clubs P2 AClubs P3 2Hearts P0 6Clubs 
P3 2Diamonds P0 KDiamonds P1 QDiamonds P2 ADiamonds 
P2 3Diamonds P3 5Diamonds P0 4Diamonds P1 JDiamonds 
P1 3Spades P2 KSpades P3 2Spades P0 JSpades 
P2 JClubs P3 6Diamonds P0 2Clubs P1 KClubs 
P1 5Clubs P2 7Clubs P3 QHearts P0 4Clubs 
P3 JHearts P0 AHearts P1 5Hearts P2 4Hearts 
P0 QClubs P1 5Spades P2 6Hearts P3 KHearts 
P3 7Diamonds P0 3Hearts P1 7Hearts P2 7Spades 
-- /GAME --
P0 HAND: JDiamonds, QDiamonds, 6Diamonds, 5Diamonds, KClubs, 4Clubs, 2Clubs, 2Hearts, JSpades, 5Spades.
P1 HAND: 7Clubs, QClubs, 3Clubs, KHearts, JHearts, 6Hearts, 3Hearts, ASpades, QSpades, 6Spades.
P2 HAND: 4Diamonds, AClubs, JClubs, AHearts, 7Hearts, QHearts, KSpades, 4Spades, 3Spades, 2Spades.
P3 HAND: ADiamonds, 7Diamonds, KDiamonds, 3Diamonds, 2Diamonds, 6Clubs, 5Clubs, 5Hearts, 4Hearts, 7Spades.
P0 2Hearts P1 3Hearts P2 AHearts P3 4Hearts 
P2 AClubs P3 5Clubs P0 4Clubs P1 3Clubs 
P2 4Diamonds P3 ADiamonds P0 5Diamonds P1 7Clubs 
P3 2Diamonds P0 6Diamonds P1 6Hearts P2 7Hearts 
P0 QDiamonds P1 QClubs P2 QHearts P3 7Diamonds 
P3 3Diamonds P0 JDiamonds P1 6Spades P2 2Spades 
P1 JHearts P2 3Spades P3 5Hearts P0 JSpades 
P0 5Spades P1 QSpades P2 4Spades P3 7Spades 
P3 6Clubs P0 KClubs P1 ASpades P2 JClubs 
P1 KHearts P2 KSpades P3 KDiamonds P0 2Clubs 
-- /GAME --
P0 HAND: QDiamonds, 6Diamonds, QClubs, 3Clubs, JHearts, 5Hearts, 4Hearts, 7Spades, 5Spades, 2Spades.
P1 HAND: ADiamonds, 3Diamonds, 2Diamonds, 7Clubs, 5Clubs, 7Hearts, KHearts, QHearts, 2Hearts, KSpades.
P2 HAND: 7Diamonds, KDiamonds, JDiamonds, AClubs, KClubs, JClubs, 2Clubs, AHearts, 6Hearts, ASpades.
P3 HAND: 5Diamonds, 4Diamonds, 6Clubs, 4Clubs, 3Hearts, JSpades, QSpades, 6Spades, 4Spades, 3Spades.
P2 AClubs P3 4Clubs P0 QClubs P1 5Clubs 
P2 ASpades P3 3Spades P0 5Spades P1 KSpades 
P2 2Clubs P3 6Clubs P0 3Clubs P1 7Clubs 
P1 ADiamonds P2 JDiamonds P3 5Diamonds P0 6Diamonds 
P1 2Diamonds P2 KDiamonds P3 4Diamonds P0 QDiamonds 
P2 JClubs P3 4Spades P0 JHearts P1 KHearts 
P1 3Diamonds P2 7Diamonds P3 3Hearts P0 5Hearts 
P0 4Hearts P1 2Hearts P2 6Hearts P3 6Spades 
P2 AHearts P3 QSpades P0 7Spades P1 QHearts 
P2 KClubs P3 JSpades P0 2Spades P1 7Hearts 
-- /GAME --
P0 HAND: 7Diamonds, 4Diamonds, 7Clubs, KClubs, JClubs, 6Clubs, 6Hearts, 4Hearts, ASpades, 6Spades.
P1 HAND: 6Diamonds, 5Diamonds, 7Hearts, KHearts, JHearts, 3Hearts, 2Hearts, 7Spades, JSpades, 5Spades.
P2 HAND: ADiamonds, KDiamonds, JDiamonds, AClubs, 4Clubs, AHearts, 5Hearts, QSpades, 4Spades, 3Spades.
P3 HAND: QDiamonds, 3Diamonds, 2Diamonds, QClubs, 5Clubs, 3Clubs, 2Clubs, QHearts, KSpades, 2Spades.
P1 2Hearts P2 AHearts P3 QHearts P0 4Hearts 
P2 AClubs P3 2Clubs P0 7Clubs P1 5Diamonds 
P1 3Hearts P2 5Hearts P3 2Spades P0 6Hearts 
P0 ASpades P1 5Spades P2 QSpades P3 KSpades 
P0 6Spades P1 JSpades P2 3Spades P3 QClubs 
P1 JHearts P2 4Clubs P3 3Clubs P0 6Clubs 
P1 6Diamonds P2 JDiamonds P3 2Diamonds P0 7Diamonds 
P0 JClubs P1 KHearts P2 KDiamonds P3 5Clubs 
P2 4Spades P3 3Diamonds P0 4Diamonds P1 7Spades 
P0 KClubs P1 7Hearts P2 ADiamonds P3 QDiamonds 
-- /GAME --
P0 HAND: 7Clubs, KClubs, JClubs, 6Clubs, 5Clubs, QHearts, 4Hearts, 2Hearts, 7Spades, 6Spades.
P1 HAND: ADiamonds, JDiamonds, 6Diamonds, AClubs, 2Clubs, JHearts, 6Hearts, 3Hearts, ASpades, 4Spades.
P2 HAND: 7Diamonds, KDiamonds, QDiamonds, 5Diamonds, 2Diamonds, QClubs, 3Clubs, 7Hearts, KHearts, QSpades.
P3 HAND: 4Diamonds, 3Diamonds, 4Clubs, AHearts, 5Hearts, KSpades, JSpades, 5Spades, 3Spades, 2Spades.
P0 2Hearts P1 3Hearts P2 KHearts P3 AHearts 
P3 3Diamonds P0 QHearts P1 ADiamonds P2 2Diamonds 
P1 AClubs P2 3Clubs P3 4Clubs P0 6Clubs 
P1 2Clubs P2 QClubs P3 4Diamonds P0 7Clubs 
P0 KClubs P1 6Diamonds P2 5Diamonds P3 5Hearts 
P0 JClubs P1 6Hearts P2 QDiamonds P3 2Spades 
P3 3Spades P0 6Spades P1 4Spades P2 QSpades 
P2 KDiamonds P3 5Spades P0 7Spades P1 JDiamonds 
P0 5Clubs P1 ASpades P2 7Diamonds P3 JSpades 
P1 JHearts P2 7Hearts P3 KSpades P0 4Hearts 
-- /GAME --
P0 HAND: ADiamonds, 7Diamonds, JDiamonds, 3Diamonds, 2Diamonds, 4Clubs, 3Clubs, AHearts, ASpades, 2Spades.
P1 HAND: 5Diamonds, 4Diamonds, JClubs, 2Clubs, KHearts, 6Hearts, 3Hearts, 2Hearts, 7Spades, 5Spades.
P2 HAND: KDiamonds, 6Diamonds, AClubs, KClubs, 6Clubs, QHearts, 5Hearts, KSpades, JSpades, 6Spades.
P3 HAND: QDiamonds, 7Clubs, QClubs, 5Clubs, 7Hearts, JHearts, 4Hearts, QSpades, 4Spades, 3Spades.
P3 4Hearts P0 AHearts P1 2Hearts P2 QHearts 
P0 ADiamonds P1 4Diamonds P2 KDiamonds P3 QDiamonds 
P0 4Clubs P1 2Clubs P2 AClubs P3 5Clubs 
P2 5Hearts P3 JHearts P0 2Spades P1 3Hearts 
P0 3Clubs P1 JClubs P2 6Clubs P3 7Clubs 
P3 QClubs P0 2Diamonds P1 5Diamonds P2 KClubs 
P2 6Diamonds P3 3Spades P0 3Diamonds P1 KHearts 
P3 4Spades P0 ASpades P1 5Spades P2 6Spades 
P0 JDiamonds P1 6Hearts P2 JSpades P3 7Hearts 
P2 KSpades P3 QSpades P0 7Diamonds P1 7Spades 
-- /GAME --
P0 HAND: 4Diamonds, AClubs, KClubs, 7Hearts, 5Hearts, 3Hearts, ASpades, QSpades, 6Spades, 5Spades.
P1 HAND: QDiamonds, 7Clubs, QClubs, 6Clubs, 5Clubs, 2Clubs, 6Hearts, KSpades, JSpades, 4Spades.
P2 HAND: 7Diamonds, 5Diamonds, 2Diamonds, 3Clubs, JHearts, QHearts, 2Hearts, 7Spades, 3Spades, 2Spades.
P3 HAND: ADiamonds, KDiamonds, JDiamonds, 6Diamonds, 3Diamonds, JClubs, 4Clubs, AHearts, KHearts, 4Hearts.
P1 2Clubs P2 3Clubs P3 4Clubs P0 KClubs 
P0 ASpades P1 4Spades P2 7Spades P3 3Diamonds 
P3 AHearts P0 5Hearts P1 6Hearts P2 2Hearts 
P3 4Hearts P0 7Hearts P1 QDiamonds P2 QHearts 
P1 5Clubs P2 2Spades P3 JClubs P0 AClubs 
P0 4Diamonds P1 6Clubs P2 2Diamonds P3 6Diamonds 
P3 JDiamonds P0 3Hearts P1 QClubs P2 7Diamonds 
P2 3Spades P3 KDiamonds P0 5Spades P1 KSpades 
P3 ADiamonds P0 6Spades P1 JSpades P2 5Diamonds 
P3 KHearts P0 QSpades P1 7Clubs P2 JHearts 
-- /GAME --
P0 HAND: 7Diamonds, 2Diamonds, JClubs, 5Clubs, KHearts, 2Hearts, 7Spades, QSpades, 4Spades, 3Spades.
P1 HAND: ADiamonds, KDiamonds, 4Diamonds, 7Clubs, 3Clubs, 5Hearts, 4Hearts, ASpades, JSpades, 2Spades.
P2 HAND: QDiamonds, 5Diamonds, AClubs, 6Clubs, 2Clubs, AHearts, 7Hearts, QHearts, 6Hearts, 6Spades.
P3 HAND: JDiamonds, 6Diamonds, 3Diamonds, KClubs, QClubs, 4Clubs, JHearts, 3Hearts, KSpades, 5Spades.
P0 2Hearts P1 4Hearts P2 AHearts P3 3Hearts 
P2 AClubs P3 4Clubs P0 JClubs P1 3Clubs 
P2 2Clubs P3 QClubs P0 5Clubs P1 7Clubs 
P1 ASpades P2 6Spades P3 KSpades P0 3Spades 
P1 2Spades P2 6Clubs P3 5Spades P0 7Spades 
P0 KHearts P1 5Hearts P2 6Hearts P3 JHearts 
P0 4Spades P1 JSpades P2 QHearts P3 KClubs 
P1 4Diamonds P2 5Diamonds P3 3Diamonds P0 7Diamonds 
P0 QSpades P1 KDiamonds P2 7Hearts P3 6Diamonds 
P1 ADiamonds P2 QDiamonds P3 JDiamonds P0 2Diamonds 
-- /GAME --
P0 HAND: JDiamonds, 5Diamonds, KClubs, JClubs, 6Clubs, 5Hearts, 4Hearts, ASpades, 6Spades, 4Spades.
P1 HAND: ADiamonds, QDiamonds, 6Diamonds, 3Diamonds, AClubs, AHearts, 7Hearts, 2Hearts, 7Spades, QSpades.
P2 HAND: 7Diamonds, KDiamonds, 4Diamonds, 2Diamonds, 5Clubs, 4Clubs, 2Clubs, KHearts, JHearts, 2Spades.
P3 HAND: 7Clubs, QClubs, 3Clubs, QHearts, 6Hearts, 3Hearts, KSpades, JSpades, 5Spades, 3Spades.
P3 3Clubs P0 6Clubs P1 AClubs P2 2Clubs 
P1 AHearts P2 JHearts P3 QHearts P0 5Hearts 
P1 2Hearts P2 KHearts P3 3Hearts P0 4Hearts 
P2 2Spades P3 3Spades P0 ASpades P1 QSpades 
P0 JClubs P1 3Diamonds P2 4Clubs P3 7Clubs 
P1 6Diamonds P2 2Diamonds P3 5Spades P0 JDiamonds 
P0 KClubs P1 QDiamonds P2 5Clubs P3 QClubs 
P1 ADiamonds P2 4Diamonds P3 KSpades P0 5Diamonds 
P1 7Hearts P2 KDiamonds P3 6Hearts P0 6Spades 
P2 7Diamonds P3 JSpades P0 4Spades P1 7Spades 
-- /GAME --
P0 HAND: KDiamonds, JDiamonds, QDiamonds, 5Diamonds, 4Diamonds, JClubs, 5Hearts, 4Hearts, 7Spades, 6Spades.
P1 HAND: 7Diamonds, 3Diamonds, KClubs, QClubs, 5Clubs, 4Clubs, KSpades, QSpades, 3Spades, 2Spades.
P2 HAND: ADiamonds, 6Diamonds, 2Diamonds, 6Clubs, 3Clubs, AHearts, JHearts, QHearts, 3Hearts, JSpades.
P3 HAND: AClubs, 7Clubs, 2Clubs, 7Hearts, KHearts, 6Hearts, 2Hearts, ASpades, 5Spades, 4Spades.
P2 ADiamonds P3 2Clubs P0 4Diamonds P1 7Diamonds 
P3 ASpades P0 6Spades P1 KSpades P2 JSpades 
P3 2Hearts P0 4Hearts P1 2Spades P2 AHearts 
P2 2Diamonds P3 4Spades P0 QDiamonds P1 3Diamonds 
P0 KDiamonds P1 3Spades P2 6Diamonds P3 5Spades 
P0 7Spades P1 QSpades P2 3Clubs P3 7Clubs 
P3 6Hearts P0 5Hearts P1 4Clubs P2 3Hearts 
P1 5Clubs P2 6Clubs P3 AClubs P0 JClubs 
P3 KHearts P0 JDiamonds P1 QClubs P2 QHearts 
P1 KClubs P2 JHearts P3 7Hearts P0 5Diamonds 
-- /GAME --
P0 HAND: ADiamonds, KDiamonds, 5Diamonds, 6Clubs, 3Clubs, JHearts, 4Hearts, ASpades, 7Spades, JSpades.
P1 HAND: JClubs, 4Clubs, 2Clubs, QHearts, 5Hearts, 3Hearts, 2Hearts, QSpades, 5Spades, 4Spades.
P2 HAND: 7Diamonds, 6Diamonds, 4Diamonds, 2Diamonds, AClubs, KClubs, AHearts, KHearts, KSpades, 3Spades.
P3 HAND: JDiamonds, QDiamonds, 3Diamonds, 7Clubs, QClubs, 5Clubs, 7Hearts, 6Hearts, 6Spades, 2Spades.
P3 2Spades P0 ASpades P1 4Spades P2 KSpades 
P0 4Hearts P1 2Hearts P2 KHearts P3 6Hearts 
P2 AClubs P3 5Clubs P0 6Clubs P1 2Clubs 
P2 2Diamonds P3 3Diamonds P0 ADiamonds P1 3Hearts 
P1 4Clubs P2 KClubs P3 7Clubs P0 3Clubs 
P3 6Spades P0 JSpades P1 5Spades P2 3Spades 
P0 JHearts P1 5Hearts P2 AHearts P3 7Hearts 
P2 4Diamonds P3 QDiamonds P0 KDiamonds P1 QHearts 
P1 QSpades P2 6Diamonds P3 QClubs P0 7Spades 
P0 5Diamonds P1 JClubs P2 7Diamonds P3 JDiamonds 
-- /GAME --
P0 HAND: 7Diamonds, KDiamonds, 4Diamonds, 2Diamonds, KClubs, 5Clubs, 2Clubs, QHearts, KSpades, 2Spades.
P1 HAND: JDiamonds, 5Diamonds, AClubs, AHearts, 2Hearts, 7Spades, 6Spades, 5Spades, 4Spades, 3Spades.
P2 HAND: 7Clubs, JClubs, QClubs, 3Clubs, 7Hearts, KHearts, 5Hearts, 4Hearts, 3Hearts, QSpades.
P3 HAND: ADiamonds, QDiamonds, 6Diamonds, 3Diamonds, 6Clubs, 4Clubs, JHearts, 6Hearts, ASpades, JSpades.
P2 3Clubs P3 4Clubs P0 5Clubs P1 AClubs 
P1 AHearts P2 3Hearts P3 JHearts P0 QHearts 
P1 2Hearts P2 4Hearts P3 6Hearts P0 2Diamonds 
P3 3Diamonds P0 KDiamonds P1 5Diamonds P2 7Clubs 
P0 2Clubs P1 3Spades P2 QClubs P3 6Clubs 
P1 JDiamonds P2 5Hearts P3 ADiamonds P0 4Diamonds 
P3 6Diamonds P0 7Diamonds P1 4Spades P2 QSpades 
P2 JClubs P3 QDiamonds P0 KClubs P1 5Spades 
P1 6Spades P2 KHearts P3 JSpades P0 KSpades 
P0 2Spades P1 7Spades P2 7Hearts P3 ASpades 
-- /GAME --
P0 HAND: ADiamonds, KDiamonds, 2Diamonds, 5Clubs, 6Hearts, 3Hearts, JSpades, 5Spades, 4Spades, 2Spades.
P1 HAND: 7Diamonds, JDiamonds, 7Clubs, KClubs, JClubs, AHearts, 7Hearts, QHearts, 5Hearts, 7Spades.
P2 HAND: 6Diamonds, 5Diamonds, 4Diamonds, AClubs, 6Clubs, 2Clubs, KHearts, 2Hearts, ASpades, QSpades.
P3 HAND: QDiamonds, 3Diamonds, QClubs, 4Clubs, 3Clubs, JHearts, 4Hearts, KSpades, 6Spades, 3Spades.
P1 AHearts P2 2Hearts P3 JHearts P0 3Hearts 
P1 5Hearts P2 KHearts P3 4Hearts P0 6Hearts 
P2 AClubs P3 3Clubs P0 5Clubs P1 JClubs 
P2 ASpades P3 3Spades P0 JSpades P1 7Spades 
P2 2Clubs P3 4Clubs P0 2Spades P1 7Clubs 
P1 QHearts P2 6Clubs P3 6Spades P0 4Spades 
P1 JDiamonds P2 4Diamonds P3 3Diamonds P0 KDiamonds 
P0 ADiamonds P1 7Diamonds P2 5Diamonds P3 QDiamonds 
P0 5Spades P1 KClubs P2 QSpades P3 KSpades 
P3 QClubs P0 2Diamonds P1 7Hearts P2 6Diamonds 
-- /GAME --
P0 HAND: QDiamonds, 4Diamonds, 7Clubs, JClubs, 5Clubs, 4Clubs, 3Clubs, JHearts, 4Hearts, 4Spades.
P1 HAND: JDiamonds, 3Diamonds, 2Diamonds, 5Hearts, 3Hearts, 2Hearts, QSpades, 6Spades, 5Spades, 3Spades.
P2 HAND: ADiamonds, 7Diamonds, 6Diamonds, 5Diamonds, QClubs, 7Hearts, QHearts, 6Hearts, JSpades, 2Spades.
P3 HAND: KDiamonds, AClubs, KClubs, 6Clubs, 2Clubs, AHearts, KHearts, ASpades, 7Spades, KSpades.
P0 QDiamonds P1 2Diamonds P2 ADiamonds P3 KDiamonds 
P2 5Diamonds P3 2Clubs P0 4Diamonds P1 JDiamonds 
P1 2Hearts P2 6Hearts P3 AHearts P0 4Hearts 
P3 AClubs P0 5Clubs P1 5Hearts P2 QClubs 
P3 6Clubs P0 4Clubs P1 3Diamonds P2 6Diamonds 
P3 KSpades P0 4Spades P1 3Spades P2 2Spades 
P3 7Spades P0 3Clubs P1 5Spades P2 JSpades 
P3 ASpades P0 JHearts P1 6Spades P2 QHearts 
P3 KClubs P0 7Clubs P1 QSpades P2 7Diamonds 
P1 3Hearts P2 7Hearts P3 KHearts P0 JClubs 
-- /GAME --
P0 HAND: 7Diamonds, JDiamonds, 6Diamonds, 4Diamonds, 3Diamonds, QClubs, AHearts, KSpades, 5Spades, 4Spades.
P1 HAND: ADiamonds, KDiamonds, 6Clubs, 4Clubs, KHearts, ASpades, 7Spades, JSpades, QSpades, 6Spades.
P2 HAND: QDiamonds, 5Diamonds, 7Clubs, 5Clubs, JHearts, QHearts, 5Hearts, 4Hearts, 3Spades, 2Spades.
P3 HAND: 2Diamonds, AClubs, KClubs, JClubs, 3Clubs, 2Clubs, 7Hearts, 6Hearts, 3Hearts, 2Hearts.
P3 2Diamonds P0 3Diamonds P1 ADiamonds P2 5Diamonds 
P1 4Clubs P2 5Clubs P3 AClubs P0 QClubs 
P3 2Clubs P0 4Diamonds P1 6Clubs P2 7Clubs 
P2 2Spades P3 3Clubs P0 4Spades P1 ASpades 
P1 6Spades P2 3Spades P3 2Hearts P0 5Spades 
P3 JClubs P0 JDiamonds P1 KHearts P2 QDiamonds 
P1 QSpades P2 4Hearts P3 3Hearts P0 KSpades 
P2 5Hearts P3 6Hearts P0 AHearts P1 JSpades 
P0 7Diamonds P1 KDiamonds P2 QHearts P3 7Hearts 
P3 KClubs P0 6Diamonds P1 7Spades P2 JHearts 
-- /GAME --
P0 HAND: ADiamonds, 6Diamonds, 5Diamonds, AClubs, 7Clubs, QClubs, 4Clubs, 2Clubs, 3Hearts, 4Spades.
P1 HAND: KDiamonds, JDiamonds, 2Diamonds, JHearts, QHearts, 5Hearts, 4Hearts, 2Hearts, 7Spades, QSpades.
P2 HAND: 3Diamonds, KClubs, JClubs, 3Clubs, AHearts, KHearts, 6Hearts, ASpades, JSpades, 2Spades.
P3 HAND: 7Diamonds, QDiamonds, 4Diamonds, 6Clubs, 5Clubs, 7Hearts, KSpades, 6Spades, 5Spades, 3Spades.
P2 ASpades P3 3Spades P0 4Spades P1 QSpades 
P2 2Spades P3 5Spades P0 3Hearts P1 7Spades 
P0 ADiamonds P1 2Diamonds P2 3Diamonds P3 4Diamonds 
P0 AClubs P1 2Hearts P2 3Clubs P3 6Clubs 
P1 JDiamonds P2 6Hearts P3 QDiamonds P0 6Diamonds 
P2 JClubs P3 5Clubs P0 2Clubs P1 4Hearts 
P1 5Hearts P2 KHearts P3 7Hearts P0 5Diamonds 
P3 6Spades P0 7Clubs P1 QHearts P2 JSpades 
P1 JHearts P2 AHearts P3 KSpades P0 QClubs 
P2 KClubs P3 7Diamonds P0 4Clubs P1 KDiamonds 
-- /GAME --
P0 HAND: 4Diamonds, AClubs, KClubs, JClubs, 3Clubs, 2Clubs, KHearts, 2Hearts, 6Spades, 2Spades.
P1 HAND: ADiamonds, 7Diamonds, KDiamonds, JDiamonds, 3Diamonds, 2Diamonds, 7Clubs, ASpades, 7Spades, QSpades.
P2 HAND: QDiamonds, 6Diamonds, 5Diamonds, 6Clubs, AHearts, 7Hearts, QHearts, 3Hearts, JSpades, 5Spades.
P3 HAND: QClubs, 5Clubs, 4Clubs, JHearts, 6Hearts, 5Hearts, 4Hearts, KSpades, 4Spades, 3Spades.
P1 2Diamonds P2 5Diamonds P3 3Spades P0 4Diamonds 
P2 AHearts P3 4Hearts P0 KHearts P1 7Clubs 
P1 3Diamonds P2 6Diamonds P3 4Spades P0 2Hearts 
P2 3Hearts P3 5Hearts P0 2Spades P1 ADiamonds 
P3 6Hearts P0 6Spades P1 QSpades P2 7Hearts 
P2 5Spades P3 KSpades P0 JClubs P1 7Spades 
P0 AClubs P1 JDiamonds P2 6Clubs P3 4Clubs 
P0 3Clubs P1 KDiamonds P2 QDiamonds P3 5Clubs 
P3 JHearts P0 KClubs P1 7Diamonds P2 QHearts 
P0 2Clubs P1 ASpades P2 JSpades P3 QClubs 
-- /GAME --
P0 HAND: KDiamonds, AClubs, 7Clubs, KClubs, 3Clubs, JHearts, QHearts, 5Hearts, 4Hearts, 3Hearts.
P1 HAND: 6Diamonds, 5Diamonds, 2Diamonds, JClubs, 5Clubs, 4Clubs, 2Clubs, JSpades, 6Spades, 2Spades.
P2 HAND: 7Diamonds, JDiamonds, QClubs, 6Clubs, AHearts, 6Hearts, KSpades, 5Spades, 4Spades, 3Spades.
P3 HAND: ADiamonds, QDiamonds, 4Diamonds, 3Diamonds, 7Hearts, KHearts, 2Hearts, ASpades, 7Spades, QSpades.
P3 ADiamonds P0 KDiamonds P1 6Diamonds P2 JDiamonds 
P3 ASpades P0 3Clubs P1 2Spades P2 KSpades 
P0 3Hearts P1 2Diamonds P2 AHearts P3 2Hearts 
P2 3Spades P3 QSpades P0 4Hearts P1 JSpades 
P1 5Diamonds P2 7Diamonds P3 3Diamonds P0 JHearts 
P2 4Spades P3 7Spades P0 AClubs P1 6Spades 
P0 5Hearts P1 2Clubs P2 6Hearts P3 7Hearts 
P1 4Clubs P2 6Clubs P3 4Diamonds P0 7Clubs 
P0 QHearts P1 5Clubs P2 5Spades P3 KHearts 
P1 JClubs P2 QClubs P3 QDiamonds P0 KClubs 
-- /GAME --
P0 HAND: KDiamonds, JDiamonds, QDiamonds, 6Clubs, AHearts, KHearts, JHearts, 2Hearts, QSpades, 4Spades.
P1 HAND: ADiamonds, 7Diamonds, 5Diamonds, 3Clubs, 2Clubs, 6Hearts, 5Hearts, KSpades, 6Spades, 2Spades.
P2 HAND: 4Diamonds, 2Diamonds, QClubs, 4Clubs, 7Hearts, ASpades, 7Spades, JSpades, 5Spades, 3Spades.
P3 HAND: 6Diamonds, 3Diamonds, AClubs, 7Clubs, KClubs, JClubs, 5Clubs, QHearts, 4Hearts, 3Hearts.
P2 3Spades P3 3Hearts P0 4Spades P1 KSpades 
P1 2Clubs P2 4Clubs P3 AClubs P0 6Clubs 
P3 4Hearts P0 AHearts P1 5Hearts P2 7Hearts 
P0 KHearts P1 6Hearts P2 ASpades P3 QHearts 
P0 QDiamonds P1 5Diamonds P2 2Diamonds P3 3Diamonds 
P0 JDiamonds P1 7Diamonds P2 4Diamonds P3 6Diamonds 
P1 2Spades P2 5Spades P3 5Clubs P0 QSpades 
P0 JHearts P1 3Clubs P2 QClubs P3 JClubs 
P0 2Hearts P1 6Spades P2 JSpades P3 KClubs 
P0 KDiamonds P1 ADiamonds P2 7Spades P3 7Clubs 
-- /GAME --
P0 HAND: JDiamonds, 4Diamonds, AClubs, 3Clubs, 2Clubs, JHearts, 6Hearts, 6Spades, 3Spades, 2Spades.
P1 HAND: ADiamonds, QDiamonds, 6Diamonds, 5Diamonds, 3Diamonds, 7Clubs, 5Clubs, KHearts, 7Spades, 4Spades.
P2 HAND: 4Clubs, AHearts, 7Hearts, QHearts, 5Hearts, 3Hearts, 2Hearts, KSpades, QSpades, 5Spades.
P3 HAND: 7Diamonds, KDiamonds, 2Diamonds, KClubs, JClubs, QClubs, 6Clubs, 4Hearts, ASpades, JSpades.
P1 3Diamonds P2 2Hearts P3 2Diamonds P0 4Diamonds 
P0 JDiamonds P1 5Diamonds P2 3Hearts P3 7Diamonds 
P3 ASpades P0 2Spades P1 7Spades P2 5Spades 
P3 4Hearts P0 JHearts P1 KHearts P2 AHearts 
P2 5Hearts P3 6Clubs P0 6Hearts P1 ADiamonds 
P3 JSpades P0 3Spades P1 4Spades P2 KSpades 
P2 QHearts P3 QClubs P0 6Spades P1 QDiamonds 
P3 JClubs P0 AClubs P1 5Clubs P2 4Clubs 
P0 3Clubs P1 7Clubs P2 QSpades P3 KClubs 
P1 6Diamonds P2 7Hearts P3 KDiamonds P0 2Clubs 
-- /GAME --
P0 HAND: ADiamonds, KDiamonds, 3Diamonds, KClubs, QClubs, 2Clubs, 7Hearts, 4Hearts, 5Spades, 4Spades.
P1 HAND: JDiamonds, 2Diamonds, 6Clubs, KHearts, 6Hearts, 7Spades, KSpades, QSpades, 6Spades, 3Spades.
P2 HAND: 6Diamonds, 5Diamonds, 4Diamonds, AClubs, 7Clubs, 4Clubs, QHearts, 5Hearts, 2Hearts, ASpades.
P3 HAND: 7Diamonds, QDiamonds, JClubs, 5Clubs, 3Clubs, AHearts, JHearts, 3Hearts, JSpades, 2Spades.
P0 ADiamonds P1 2Diamonds P2 6Diamonds P3 QDiamonds 
P0 4Spades P1 3Spades P2 ASpades P3 2Spades 
P2 AClubs P3 3Clubs P0 KClubs P1 6Clubs 
P2 4Diamonds P3 7Diamonds P0 3Diamonds P1 JDiamonds 
P3 5Clubs P0 QClubs P1 6Spades P2 7Clubs 
P2 4Clubs P3 JClubs P0 2Clubs P1 7Spades 
P3 JSpades P0 5Spades P1 QSpades P2 2Hearts 
P2 5Diamonds P3 3Hearts P0 KDiamonds P1 KSpades 
P3 JHearts P0 7Hearts P1 6Hearts P2 5Hearts 
P0 4Hearts P1 KHearts P2 QHearts P3 AHearts 
-- /GAME --
P0 HAND: 7Clubs, KClubs, 5Clubs, 4Clubs, 2Clubs, AHearts, JHearts, 2Hearts, 5Spades, 2Spades.
P1 HAND: 7Diamonds, JDiamonds, 4Diamonds, 3Diamonds, JClubs, QClubs, 6Clubs, 7Hearts, 4Hearts, QSpades.
P2 HAND: ADiamonds, KDiamonds, 5Diamonds, 2Diamonds, AClubs, QHearts, 6Hearts, 7Spades, KSpades, 4Spades.
P3 HAND: QDiamonds, 6Diamonds, 3Clubs, KHearts, 5Hearts, 3Hearts, ASpades, JSpades, 6Spades, 3Spades.
P3 ASpades P0 2Spades P1 QSpades P2 4Spades 
P3 3Clubs P0 KClubs P1 6Clubs P2 AClubs 
P2 6Hearts P3 3Hearts P0 AHearts P1 4Hearts 
P0 5Spades P1 QClubs P2 7Spades P3 3Spades 
P2 QHearts P3 5Hearts P0 2Hearts P1 7Hearts 
P1 JClubs P2 2Diamonds P3 6Spades P0 7Clubs 
P2 5Diamonds P3 6Diamonds P0 2Clubs P1 3Diamonds 
P3 JSpades P0 JHearts P1 4Diamonds P2 KSpades 
P1 JDiamonds P2 KDiamonds P3 QDiamonds P0 4Clubs 
P2 ADiamonds P3 KHearts P0 5Clubs P1 7Diamonds 
-- /GAME --
P0 HAND: 7Diamonds, QDiamonds, 5Diamonds, 4Diamonds, 3Clubs, 2Clubs, KHearts, QHearts, KSpades, 6Spades.
P1 HAND: ADiamonds, JDiamonds, AClubs, JClubs, QClubs, 7Hearts, 5Hearts, 3Hearts, ASpades, 7Spades.
P2 HAND: 6Diamonds, 3Diamonds, 2Diamonds, 7Clubs, AHearts, 6Hearts, QSpades, 5Spades, 3Spades, 2Spades.
P3 HAND: KDiamonds, KClubs, 6Clubs, 5Clubs, 4Clubs, JHearts, 4Hearts, 2Hearts, JSpades, 4Spades.
P2 AHearts P3 2Hearts P0 KHearts P1 3Hearts 
P2 2Diamonds P3 KDiamonds P0 4Diamonds P1 ADiamonds 
P1 ASpades P2 2Spades P3 JSpades P0 6Spades 
P1 5Hearts P2 6Hearts P3 4Hearts P0 QHearts 
P0 KSpades P1 7Spades P2 3Spades P3 4Spades 
P1 JDiamonds P2 3Diamonds P3 4Clubs P0 5Diamonds 
P3 JHearts P0 2Clubs P1 7Hearts P2 QSpades 
P0 3Clubs P1 QClubs P2 7Clubs P3 5Clubs 
P2 5Spades P3 6Clubs P0 QDiamonds P1 JClubs 
P1 AClubs P2 6Diamonds P3 KClubs P0 7Diamonds 
-- /GAME --
P0 HAND: ADiamonds, 5Diamonds, 2Diamonds, KClubs, JClubs, 7Hearts, KHearts, JHearts, 3Hearts, 7Spades.
P1 HAND: 6Diamonds, 7Clubs, 6Clubs, 5Clubs, 4Clubs, 3Clubs, 5Hearts, 2Hearts, 6Spades, 5Spades.
P2 HAND: 7Diamonds, KDiamonds, AClubs, AHearts, QHearts, 4Hearts, KSpades, JSpades, QSpades, 2Spades.
P3 HAND: JDiamonds, QDiamonds, 4Diamonds, 3Diamonds, QClubs, 2Clubs, 6Hearts, ASpades, 4Spades, 3Spades.
P1 2Hearts P2 AHearts P3 6Hearts P0 7Hearts 
P2 AClubs P3 2Clubs P0 KClubs P1 3Clubs 
P2 2Spades P3 ASpades P0 7Spades P1 6Spades 
P3 3Spades P0 JClubs P1 5Spades P2 KSpades 
P2 4Hearts P3 4Spades P0 JHearts P1 5Hearts 
P0 KHearts P1 4Clubs P2 QHearts P3 3Diamonds 
P3 QClubs P0 2Diamonds P1 5Clubs P2 JSpades 
P0 3Hearts P1 6Clubs P2 QSpades P3 4Diamonds 
P3 QDiamonds P0 5Diamonds P1 6Diamonds P2 KDiamonds 
P2 7Diamonds P3 JDiamonds P0 ADiamonds P1 7Clubs 
-- /GAME --
P0 HAND: 7Diamonds, KDiamonds, JDiamonds, 5Diamonds, 2Diamonds, QClubs, 2Clubs, 4Hearts, 7Spades, 4Spades.
P1 HAND: ADiamonds, 4Diamonds, 3Diamonds, 6Clubs, 4Clubs, AHearts, KHearts, 2Hearts, 6Spades, 2Spades.
P2 HAND: AClubs, 5Clubs, 3Clubs, 7Hearts, 6Hearts, 3Hearts, ASpades, QSpades, 5Spades, 3Spades.
P3 HAND: QDiamonds, 6Diamonds, 7Clubs, KClubs, JClubs, JHearts, QHearts, 5Hearts, KSpades, JSpades.
P1 ADiamonds P2 3Hearts P3 6Diamonds P0 2Diamonds 
P2 AClubs P3 JClubs P0 QClubs P1 4Clubs 
P2 ASpades P3 JSpades P0 7Spades P1 2Spades 
P2 3Clubs P3 KClubs P0 2Clubs P1 6Clubs 
P3 QDiamonds P0 KDiamonds P1 3Diamonds P2 QSpades 
P0 4Spades P1 6Spades P2 3Spades P3 KSpades 
P3 5Hearts P0 4Hearts P1 2Hearts P2 6Hearts 
P2 5Clubs P3 7Clubs P0 5Diamonds P1 4Diamonds 
P3 QHearts P0 7Diamonds P1 KHearts P2 7Hearts 
P2 5Spades P3 JHearts P0 JDiamonds P1 AHearts 
-- /GAME --
P0 HAND: ADiamonds, QDiamonds, 6Diamonds, 5Diamonds, 5Clubs, 3Clubs, AHearts, 7Spades, KSpades, 2Spades.
P1 HAND: 7Diamonds, JDiamonds, 2Diamonds, AClubs, 2Clubs, 6Hearts, 5Hearts, 3Hearts, ASpades, QSpades.
P2 HAND: KDiamonds, 4Diamonds, 7Clubs, JClubs, QClubs, KHearts, JHearts, QHearts, JSpades, 3Spades.
P3 HAND: 3Diamonds, KClubs, 6Clubs, 4Clubs, 7Hearts, 4Hearts, 2Hearts, 6Spades, 5Spades, 4Spades.
P0 AHearts P1 3Hearts P2 KHearts P3 2Hearts 
P0 ADiamonds P1 2Diamonds P2 KDiamonds P3 3Diamonds 
P0 5Diamonds P1 JDiamonds P2 4Diamonds P3 7Hearts 
P1 AClubs P2 QClubs P3 KClubs P0 3Clubs 
P1 2Clubs P2 JClubs P3 4Clubs P0 5Clubs 
P2 QHearts P3 4Hearts P0 6Diamonds P1 5Hearts 
P2 JHearts P3 6Clubs P0 QDiamonds P1 6Hearts 
P2 3Spades P3 4Spades P0 KSpades P1 QSpades 
P0 2Spades P1 ASpades P2 JSpades P3 5Spades 
P1 7Diamonds P2 7Clubs P3 6Spades P0 7Spades 
-- /GAME --
P0 HAND: 7Clubs, JClubs, QClubs, 5Clubs, 7Hearts, KHearts, 4Hearts, 7Spades, KSpades, 3Spades.
P1 HAND: QDiamonds, 3Diamonds, 4Clubs, 2Clubs, AHearts, JHearts, 6Hearts, JSpades, 4Spades, 2Spades.
P2 HAND: 7Diamonds, KDiamonds, JDiamonds, 6Diamonds, 4Diamonds, 6Clubs, 3Clubs, 5Hearts, 3Hearts, ASpades.
P3 HAND: ADiamonds, 5Diamonds, 2Diamonds, AClubs, KClubs, QHearts, 2Hearts, QSpades, 6Spades, 5Spades.
P3 ADiamonds P0 7Spades P1 3Diamonds P2 7Diamonds 
P0 QClubs P1 2Clubs P2 3Clubs P3 AClubs 
P3 2Diamonds P0 5Clubs P1 QDiamonds P2 KDiamonds 
P2 3Hearts P3 2Hearts P0 KHearts P1 AHearts 
P1 4Clubs P2 6Clubs P3 KClubs P0 7Clubs 
P0 JClubs P1 6Hearts P2 4Diamonds P3 5Diamonds 
P0 7Hearts P1 JHearts P2 5Hearts P3 QHearts 
P0 4Hearts P1 2Spades P2 6Diamonds P3 5Spades 
P3 6Spades P0 KSpades P1 4Spades P2 ASpades 
P2 JDiamonds P3 QSpades P0 3Spades P1 JSpades 
-- /GAME --
P0 HAND: 7Diamonds, 3Diamonds, 2Diamonds, JClubs, 5Clubs, 4Clubs, 3Hearts, JSpades, 4Spades, 3Spades.
P1 HAND: KDiamonds, 7Clubs, 6Clubs, 2Clubs, 7Hearts, JHearts, 5Hearts, ASpades, KSpades, 6Spades.
P2 HAND: JDiamonds, QDiamonds, KClubs, QClubs, 3Clubs, QHearts, 2Hearts, 7Spades, 5Spades, 2Spades.
P3 HAND: ADiamonds, 6Diamonds, 5Diamonds, 4Diamonds, AClubs, AHearts, KHearts, 6Hearts, 4Hearts, QSpades.
P2 2Spades P3 QSpades P0 3Spades P1 ASpades 
P1 2Clubs P2 3Clubs P3 AClubs P0 5Clubs 
P3 ADiamonds P0 2Diamonds P1 KDiamonds P2 QDiamonds 
P3 4Diamonds P0 7Diamonds P1 5Hearts P2 JDiamonds 
P1 6Clubs P2 QClubs P3 5Diamonds P0 JClubs 
P0 3Hearts P1 JHearts P2 2Hearts P3 4Hearts 
P1 6Spades P2 5Spades P3 6Diamonds P0 JSpades 
P0 4Clubs P1 7Clubs P2 KClubs P3 6Hearts 
P3 KHearts P0 4Spades P1 7Hearts P2 QHearts 
P1 KSpades P2 7Spades P3 AHearts 
