-- GAME --
P0 HAND: ADiamonds, 2Diamonds, 7Clubs, QClubs, 3Clubs, AHearts, JHearts, QHearts, 4Hearts, 4Spades.
P1 HAND: 5Diamonds, JClubs, 6Clubs, 4Clubs, 7Hearts, 7Spades, KSpades, JSpades, 5Spades, 2Spades.
P2 HAND: 7Diamonds, JDiamonds, 4Diamonds, KClubs, 5Clubs, 2Clubs, KHearts, ASpades, QSpades, 6Spades.
P3 HAND: KDiamonds, QDiamonds, 6Diamonds, 3Diamonds, AClubs, 6Hearts, 5Hearts, 3Hearts, 2Hearts, 3Spades.
P0 ADiamonds P1 5Diamonds P2 7Diamonds P3 3Diamonds 
P0 2Diamonds P1 2Spades P2 4Diamonds P3 KDiamonds 
P3 AClubs P0 3Clubs P1 JClubs P2 2Clubs 
P3 3Spades P0 4Spades P1 5Spades P2 ASpades 
P2 5Clubs P3 6Diamonds P0 7Clubs P1 4Clubs 
P0 4Hearts P1 7Hearts P2 KHearts P3 2Hearts 
P1 6Clubs P2 KClubs P3 QDiamonds P0 QClubs 
P2 6Spades P3 3Hearts P0 QHearts P1 JSpades 
P0 JHearts P1 KSpades P2 QSpades P3 5Hearts 
P0 AHearts P1 7Spades P2 JDiamonds P3 6Hearts 
-- /GAME --
P0 HAND: KDiamonds, JDiamonds, 3Diamonds, KClubs, QClubs, 4Clubs, 4Hearts, QSpades, 6Spades, 3Spades.
P1 HAND: QDiamonds, JClubs, 6Clubs, 3Clubs, 2Clubs, 7Hearts, KHearts, 5Hearts, 7Spades, 4Spades.
P2 HAND: 7Diamonds, 5Diamonds, AClubs, 7Clubs, AHearts, QHearts, 3Hearts, ASpades, KSpades, 2Spades.
P3 HAND: ADiamonds, 6Diamonds, 4Diamonds, 2Diamonds, 5Clubs, JHearts, 6Hearts, 2Hearts, JSpades, 5Spades.
P3 2Hearts P0 4Hearts P1 5Hearts P2 AHearts 
P2 AClubs P3 5Clubs P0 KClubs P1 2Clubs 
P2 ASpades P3 5Spades P0 QSpades P1 4Spades 
P2 2Spades P3 JSpades P0 3Spades P1 7Spades 
P1 3Clubs P2 7Clubs P3 2Diamonds P0 4Clubs 
P3 6Hearts P0 KDiamonds P1 KHearts P2 QHearts 
P0 6Spades P1 6Clubs P2 KSpades P3 4Diamonds 
P3 JHearts P0 JDiamonds P1 7Hearts P2 3Hearts 
P0 QClubs P1 JClubs P2 5Diamonds P3 6Diamonds 
P3 ADiamonds P0 3Diamonds P1 QDiamonds P2 7Diamonds 
-- /GAME --
P0 HAND: 4Diamonds, AClubs, QClubs, 3Clubs, 7Spades, KSpades, JSpades, 6Spades, 4Spades, 2Spades.
P1 HAND: 7Diamonds, QDiamonds, 3Diamonds, 7Clubs, 4Clubs, JHearts, QHearts, 6Hearts, 4Hearts, 3Spades.
P2 HAND: ADiamonds, KDiamonds, 5Diamonds, 2Diamonds, 5Clubs, AHearts, 5Hearts, 2Hearts, QSpades, 5Spades.
P3 HAND: JDiamonds, 6Diamonds, KClubs, JClubs, 6Clubs, 2Clubs, 7Hearts, KHearts, 3Hearts, ASpades.
P2 ADiamonds P3 6Diamonds P0 4Diamonds P1 3Diamonds 
P2 2Diamonds P3 JDiamonds P0 2Spades P1 7Diamonds 
P1 3Spades P2 5Spades P3 ASpades P0 4Spades 
P3 2Clubs P0 AClubs P1 4Clubs P2 5Clubs 
P0 3Clubs P1 7Clubs P2 2Hearts P3 6Clubs 
P2 5Diamonds P3 3Hearts P0 QClubs P1 QDiamonds 
P3 JClubs P0 6Spades P1 4Hearts P2 QSpades 
P1 6Hearts P2 5Hearts P3 KHearts P0 JSpades 
P3 7Hearts P0 KSpades P1 QHearts P2 AHearts 
P2 KDiamonds P3 KClubs P0 7Spades P1 JHearts 
-- /GAME --
P0 HAND: KDiamonds, 5Diamonds, 7Clubs, 4Clubs, AHearts, QHearts, 6Hearts, 3Hearts, KSpades, QSpades.
P1 HAND: QDiamonds, 4Diamonds, AClubs, JClubs, QClubs, 6Clubs, 4Hearts, 7Spades, 3Spades, 2Spades.
P2 HAND: 3Diamonds, 2Diamonds, KClubs, 3Clubs, 7Hearts, 5Hearts, ASpades, JSpades, 5Spades, 4Spades.
P3 HAND: ADiamonds, 7Diamonds, JDiamonds, 6Diamonds, 5Clubs, 2Clubs, KHearts, JHearts, 2Hearts, 6Spades.
P1 AClubs P2 3Clubs P3 5Clubs P0 4Clubs 
P1 2Spades P2 ASpades P3 6Spades P0 KSpades 
P2 4Spades P3 2Clubs P0 QSpades P1 7Spades 
P1 3Spades P2 5Spades P3 2Hearts P0 7Clubs 
P2 5Hearts P3 JHearts P0 AHearts P1 4Hearts 
P0 3Hearts P1 6Clubs P2 7Hearts P3 KHearts 
P2 JSpades P3 6Diamonds P0 KDiamonds P1 QClubs 
P0 6Hearts P1 4Diamonds P2 2Diamonds P3 JDiamonds 
P3 7Diamonds P0 5Diamonds P1 QDiamonds P2 3Diamonds 
P3 ADiamonds P0 QHearts P1 JClubs P2 KClubs 
-- /GAME --
P0 HAND: 7Diamonds, KClubs, 4Clubs, QHearts, 3Hearts, 2Hearts, ASpades, KSpades, 6Spades, 5Spades.
P1 HAND: JDiamonds, 3Diamonds, 7Clubs, 6Clubs, 3Clubs, 7Hearts, KHearts, 5Hearts, 7Spades, 3Spades.
P2 HAND: 6Diamonds, 5Diamonds, 2Diamonds, QClubs, 2Clubs, AHearts, 4Hearts, JSpades, QSpades, 2Spades.
P3 HAND: ADiamonds, KDiamonds, QDiamonds, 4Diamonds, AClubs, JClubs, 5Clubs, JHearts, 6Hearts, 4Spades.
P0 ASpades P1 3Spades P2 JSpades P3 4Spades 
P0 2Hearts P1 5Hearts P2 AHearts P3 6Hearts 
P2 2Diamonds P3 ADiamonds P0 7Diamonds P1 JDiamonds 
P3 4Diamonds P0 KSpades P1 3Diamonds P2 6Diamonds 
P2 2Spades P3 QDiamonds P0 5Spades P1 7Spades 
P1 3Clubs P2 2Clubs P3 5Clubs P0 4Clubs 
P3 JHearts P0 QHearts P1 7Hearts P2 4Hearts 
P1 6Clubs P2 QClubs P3 JClubs P0 KClubs 
P0 3Hearts P1 KHearts P2 5Diamonds P3 KDiamonds 
P1 7Clubs P2 QSpades P3 AClubs P0 6Spades 
-- /GAME --
P0 HAND: JDiamonds, QDiamonds, AClubs, JClubs, QClubs, 7Hearts, KHearts, 2Hearts, QSpades, 2Spades.
P1 HAND: ADiamonds, 7Diamonds, KDiamonds, 7Clubs, 6Clubs, 3Clubs, 2Clubs, 6Hearts, KSpades, 6Spades.
P2 HAND: 6Diamonds, 4Diamonds, 5Clubs, 4Clubs, JHearts, 3Hearts, 7Spades, 5Spades, 4Spades, 3Spades.
P3 HAND: 5Diamonds, 3Diamonds, 2Diamonds, KClubs, AHearts, QHearts, 5Hearts, 4Hearts, ASpades, JSpades.
P3 ASpades P0 2Spades P1 KSpades P2 3Spades 
P3 2Diamonds P0 QDiamonds P1 ADiamonds P2 4Diamonds 
P1 2Clubs P2 4Clubs P3 KClubs P0 AClubs 
P0 JDiamonds P1 KDiamonds P2 6Diamonds P3 5Diamonds 
P1 3Clubs P2 5Clubs P3 3Diamonds P0 JClubs 
P0 QSpades P1 6Spades P2 4Spades P3 JSpades 
P3 4Hearts P0 2Hearts P1 6Hearts P2 3Hearts 
P1 6Clubs P2 5Spades P3 5Hearts P0 QClubs 
P3 QHearts P0 7Hearts P1 7Diamonds P2 JHearts 
P0 KHearts P1 7Clubs P2 7Spades P3 AHearts 
-- /GAME --
P0 HAND: ADiamonds, 5Diamonds, 3Diamonds, 4Clubs, 2Clubs, QHearts, ASpades, JSpades, 4Spades, 3Spades.
P1 HAND: 7Diamonds, 4Diamonds, KClubs, QClubs, 6Clubs, JHearts, 4Hearts, 3Hearts, 7Spades, QSpades.
P2 HAND: JDiamonds, 6Diamonds, 7Clubs, 5Clubs, 3Clubs, 6Hearts, 5Hearts, KSpades, 6Spades, 5Spades.
P3 HAND: KDiamonds, QDiamonds, 2Diamonds, AClubs, JClubs, AHearts, 7Hearts, KHearts, 2Hearts, 2Spades.
P2 3Clubs P3 AClubs P0 2Clubs P1 KClubs 
P3 AHearts P0 QHearts P1 JHearts P2 5Hearts 
P3 2Hearts P0 JSpades P1 3Hearts P2 6Hearts 
P2 5Clubs P3 JClubs P0 4Clubs P1 QClubs 
P3 2Spades P0 ASpades P1 QSpades P2 KSpades 
P0 4Spades P1 7Spades P2 5Spades P3 7Hearts 
P1 4Hearts P2 6Spades P3 KHearts P0 3Diamonds 
P0 3Spades P1 6Clubs P2 6Diamonds P3 2Diamonds 
P2 JDiamonds P3 QDiamonds P0 5Diamonds P1 7Diamonds 
P1 4Diamonds P2 7Clubs P3 KDiamonds P0 ADiamonds 
-- /GAME --
P0 HAND: KDiamonds, 4Diamonds, 4Clubs, 2Clubs, 7Hearts, KHearts, ASpades, 7Spades, KSpades, 6Spades.
P1 HAND: ADiamonds, 7Diamonds, JDiamonds, QDiamonds, AClubs, JClubs, JHearts, 6Hearts, 3Hearts, 2Hearts.
P2 HAND: 6Diamonds, 5Diamonds, 2Diamonds, 7Clubs, QClubs, 6Clubs, 3Clubs, AHearts, JSpades, 2Spades.
P3 HAND: 3Diamonds, KClubs, 5Clubs, QHearts, 5Hearts, 4Hearts, QSpades, 5Spades, 4Spades, 3Spades.
P1 ADiamonds P2 2Diamonds P3 3Diamonds P0 4Diamonds 
P1 AClubs P2 3Clubs P3 KClubs P0 2Clubs 
P1 2Hearts P2 AHearts P3 4Hearts P0 7Hearts 
P2 5Diamonds P3 5Clubs P0 KDiamonds P1 7Diamonds 
P1 3Hearts P2 6Diamonds P3 5Hearts P0 KHearts 
P0 ASpades P1 6Hearts P2 2Spades P3 3Spades 
P0 7Spades P1 QDiamonds P2 JSpades P3 4Spades 
P0 KSpades P1 JDiamonds P2 7Clubs P3 5Spades 
P0 4Clubs P1 JClubs P2 6Clubs P3 QHearts 
P1 JHearts P2 QClubs P3 QSpades P0 6Spades 
-- /GAME --
P0 HAND: 7Diamonds, QDiamonds, 7Clubs, 4Clubs, 3Clubs, 2Clubs, KHearts, QHearts, 2Hearts, 7Spades.
P1 HAND: KDiamonds, 5Diamonds, 4Diamonds, KClubs, 7Hearts, 3Hearts, ASpades, JSpades, QSpades, 6Spades.
P2 HAND: ADiamonds, JDiamonds, 6Diamonds, 3Diamonds, 2Diamonds, AClubs, 6Clubs, JHearts, 6Hearts, KSpades.
P3 HAND: JClubs, QClubs, 5Clubs, AHearts, 5Hearts, 4Hearts, 5Spades, 4Spades, 3Spades, 2Spades.
P0 2Hearts P1 3Hearts P2 6Hearts P3 AHearts 
P3 2Spades P0 7Spades P1 ASpades P2 KSpades 
P1 4Diamonds P2 ADiamonds P3 5Clubs P0 QDiamonds 
P3 3Spades P0 2Clubs P1 6Spades P2 JDiamonds 
P0 KHearts P1 7Hearts P2 JHearts P3 5Hearts 
P1 5Diamonds P2 2Diamonds P3 4Hearts P0 7Diamonds 
P0 QHearts P1 QSpades P2 3Diamonds P3 4Spades 
P0 3Clubs P1 KClubs P2 6Clubs P3 QClubs 
P1 JSpades P2 6Diamonds P3 5Spades P0 7Clubs 
P0 4Clubs P1 KDiamonds P2 AClubs P3 JClubs 
-- /GAME --
P0 HAND: KClubs, 6Clubs, 2Clubs, AHearts, QHearts, 2Hearts, ASpades, 7Spades, 6Spades, 5Spades.
P1 HAND: ADiamonds, JDiamonds, 6Diamonds, 4Diamonds, 7Clubs, 4Clubs, 3Clubs, 6Hearts, 5Hearts, 3Hearts.
P2 HAND: 7Diamonds, QDiamonds, 5Diamonds, 2Diamonds, AClubs, JClubs, 5Clubs, JHearts, JSpades, 3Spades.
P3 HAND: KDiamonds, 3Diamonds, QClubs, 7Hearts, KHearts, 4Hearts, KSpades, QSpades, 4Spades, 2Spades.
P3 2Spades P0 ASpades P1 3Hearts P2 3Spades 
P1 ADiamonds P2 2Diamonds P3 KDiamonds P0 2Hearts 
P0 6Clubs P1 3Clubs P2 AClubs P3 QClubs 
P2 5Diamonds P3 3Diamonds P0 QHearts P1 4Diamonds 
P0 KClubs P1 4Clubs P2 5Clubs P3 4Spades 
P0 2Clubs P1 7Clubs P2 JClubs P3 KSpades 
P1 6Diamonds P2 QDiamonds P3 QSpades P0 7Spades 
P2 JSpades P3 4Hearts P0 5Spades P1 JDiamonds 
P3 KHearts P0 AHearts P1 5Hearts P2 JHearts 
P0 6Spades P1 6Hearts P2 7Diamonds P3 7Hearts 
-- /GAME --
P0 HAND: ADiamonds, KDiamonds, QDiamonds, 5Diamonds, 7Clubs, 5Clubs, 3Clubs, 2Clubs, JHearts, ASpades.
P1 HAND: 7Diamonds, 2Diamonds, JClubs, QClubs, 6Clubs, 7Hearts, KHearts, 5Hearts, 4Hearts, 4Spades.
P2 HAND: JDiamonds, 3Diamonds, AClubs, QHearts, 6Hearts, 3Hearts, KSpades, JSpades, QSpades, 3Spades.
P3 HAND: 6Diamonds, 4Diamonds, KClubs, 4Clubs, AHearts, 2Hearts, 7Spades, 6Spades, 5Spades, 2Spades.
P2 3Diamonds P3 4Diamonds P0 ADiamonds P1 2Diamonds 
P0 ASpades P1 4Spades P2 KSpades P3 2Spades 
P0 JHearts P1 4Hearts P2 3Hearts P3 AHearts 
P3 2Hearts P0 2Clubs P1 5Hearts P2 QHearts 
P0 5Diamonds P1 7Diamonds P2 JDiamonds P3 6Diamonds 
P1 6Clubs P2 AClubs P3 4Clubs P0 3Clubs 
P2 3Spades P3 5Spades P0 QDiamonds P1 7Hearts 
P3 6Spades P0 KDiamonds P1 QClubs P2 QSpades 
P1 JClubs P2 6Hearts P3 KClubs P0 5Clubs 
P3 7Spades P0 7Clubs P1 KHearts P2 JSpades 
-- /GAME --
P0 HAND: JDiamonds, 6Diamonds, 7Clubs, 6Clubs, 4Clubs, 2Clubs, QHearts, 3Hearts, ASpades, 3Spades.
P1 HAND: KDiamonds, QDiamonds, 5Diamonds, KClubs, 5Clubs, KHearts, 5Hearts, KSpades, JSpades, 5Spades.
P2 HAND: ADiamonds, 4Diamonds, 3Diamonds, JClubs, 3Clubs, JHearts, 6Hearts, 4Hearts, QSpades, 6Spades.
P3 HAND: 7Diamonds, 2Diamonds, AClubs, QClubs, AHearts, 7Hearts, 2Hearts, 7Spades, 4Spades, 2Spades.
P1 5Diamonds P2 ADiamonds P3 2Diamonds P0 JDiamonds 
P2 3Diamonds P3 7Diamonds P0 6Diamonds P1 KDiamonds 
P3 AClubs P0 2Clubs P1 KClubs P2 3Clubs 
P3 2Spades P0 ASpades P1 5Spades P2 QSpades 
P0 3Spades P1 JSpades P2 6Spades P3 7Spades 
P3 4Spades P0 QHearts P1 KSpades P2 JClubs 
P0 4Clubs P1 5Clubs P2 4Diamonds P3 QClubs 
P3 2Hearts P0 3Hearts P1 5Hearts P2 4Hearts 
P1 QDiamonds P2 6Hearts P3 7Hearts P0 6Clubs 
P3 AHearts P0 7Clubs P1 KHearts P2 JHearts 
-- /GAME --
P0 HAND: 7Diamonds, 3Diamonds, KClubs, KHearts, JHearts, 6Hearts, ASpades, 7Spades, QSpades, 4Spades.
P1 HAND: ADiamonds, KDiamonds, 5Diamonds, 5Clubs, AHearts, 4Hearts, 3Hearts, 2Hearts, JSpades, 6Spades.
P2 HAND: JDiamonds, QDiamonds, 6Diamonds, 7Clubs, 6Clubs, 7Hearts, QHearts, KSpades, 5Spades, 3Spades.
P3 HAND: 4Diamonds, 2Diamonds, AClubs, JClubs, QClubs, 4Clubs, 3Clubs, 2Clubs, 5Hearts, 2Spades.
P0 ASpades P1 6Spades P2 KSpades P3 2Spades 
P0 6Hearts P1 AHearts P2 QHearts P3 5Hearts 
P1 ADiamonds P2 6Diamonds P3 4Diamonds P0 3Diamonds 
P1 2Hearts P2 7Hearts P3 2Clubs P0 JHearts 
P3 2Diamonds P0 7Diamonds P1 5Diamonds P2 JDiamonds 
P0 KHearts P1 3Hearts P2 3Spades P3 3Clubs 
P3 4Clubs P0 KClubs P1 5Clubs P2 6Clubs 
P0 7Spades P1 JSpades P2 5Spades P3 QClubs 
P3 JClubs P0 QSpades P1 4Hearts P2 7Clubs 
P2 QDiamonds P3 AClubs P0 4Spades P1 KDiamonds 
-- /GAME --
P0 HAND: KDiamonds, 2Diamonds, 7Clubs, 6Clubs, 3Clubs, 7Hearts, KHearts, KSpades, JSpades, 5Spades.
P1 HAND: JDiamonds, QDiamonds, 3Diamonds, KClubs, QClubs, 4Clubs, JHearts, 6Hearts, ASpades, 6Spades.
P2 HAND: 5Diamonds, 4Diamonds, JClubs, AHearts, QHearts, 5Hearts, 4Hearts, QSpades, 4Spades, 3Spades.
P3 HAND: ADiamonds, 7Diamonds, 6Diamonds, AClubs, 5Clubs, 2Clubs, 3Hearts, 2Hearts, 7Spades, 2Spades.
P3 ADiamonds P0 2Diamonds P1 JDiamonds P2 4Diamonds 
P3 AClubs P0 3Clubs P1 KClubs P2 JClubs 
P3 2Clubs P0 7Clubs P1 4Clubs P2 AHearts 
P0 5Spades P1 6Spades P2 3Spades P3 2Spades 
P1 3Diamonds P2 5Diamonds P3 7Diamonds P0 KDiamonds 
P3 2Hearts P0 KHearts P1 6Hearts P2 QHearts 
P0 6Clubs P1 QClubs P2 4Hearts P3 5Clubs 
P1 QDiamonds P2 5Hearts P3 6Diamonds P0 JSpades 
P0 KSpades P1 ASpades P2 4Spades P3 7Spades 
P1 JHearts P2 QSpades P3 3Hearts P0 7Hearts 
-- /GAME --
P0 HAND: 7Diamonds, KDiamonds, 3Diamonds, AClubs, 6Clubs, 2Clubs, KHearts, QHearts, QSpades, 5Spades.
P1 HAND: QDiamonds, 4Diamonds, 7Clubs, QClubs, 4Clubs, 3Hearts, 2Hearts, ASpades, 6Spades, 4Spades.
P2 HAND: ADiamonds, JDiamonds, 2Diamonds, KClubs, 5Clubs, 7Hearts, 6Hearts, 7Spades, KSpades, 3Spades.
P3 HAND: 6Diamonds, 5Diamonds, JClubs, 3Clubs, AHearts, JHearts, 5Hearts, 4Hearts, JSpades, 2Spades.
P0 AClubs P1 4Clubs P2 5Clubs P3 3Clubs 
P0 6Clubs P1 QClubs P2 KClubs P3 JClubs 
P2 ADiamonds P3 5Diamonds P0 7Diamonds P1 4Diamonds 
P2 2Diamonds P3 6Diamonds P0 KDiamonds P1 QDiamonds 
P0 2Clubs P1 7Clubs P2 3Spades P3 AHearts 
P1 ASpades P2 KSpades P3 JSpades P0 5Spades 
P1 2Hearts P2 7Hearts P3 4Hearts P0 KHearts 
P2 6Hearts P3 5Hearts P0 QHearts P1 3Hearts 
P0 QSpades P1 4Spades P2 7Spades P3 2Spades 
P2 JDiamonds P3 JHearts P0 3Diamonds P1 6Spades 
-- /GAME --
P0 HAND: ADiamonds, QDiamonds, KClubs, QClubs, 7Hearts, JHearts, 4Hearts, KSpades, QSpades, 6Spades.
P1 HAND: JDiamonds, 6Diamonds, 5Diamonds, 2Diamonds, 6Clubs, AHearts, 6Hearts, 2Hearts, 7Spades, 4Spades.
P2 HAND: KDiamonds, 4Diamonds, 3Diamonds, 5Clubs, 4Clubs, QHearts, 3Hearts, ASpades, 3Spades, 2Spades.
P3 HAND: 7Diamonds, AClubs, 7Clubs, JClubs, 3Clubs, 2Clubs, KHearts, 5Hearts, JSpades, 5Spades.
P3 5Hearts P0 4Hearts P1 AHearts P2 3Hearts 
P1 2Diamonds P2 3Diamonds P3 7Diamonds P0 ADiamonds 
P0 QDiamonds P1 5Diamonds P2 KDiamonds P3 2Clubs 
P3 5Spades P0 6Spades P1 4Spades P2 ASpades 
P2 2Spades P3 JSpades P0 QSpades P1 7Spades 
P1 2Hearts P2 QHearts P3 KHearts P0 7Hearts 
P0 KSpades P1 6Diamonds P2 3Spades P3 3Clubs 
P3 JClubs P0 KClubs P1 6Clubs P2 4Clubs 
P0 JHearts P1 6Hearts P2 4Diamonds P3 7Clubs 
P3 AClubs P0 QClubs P1 JDiamonds P2 5Clubs 
-- /GAME --
P0 HAND: 7Diamonds, JClubs, 4Clubs, AHearts, KHearts, 5Hearts, 4Hearts, 2Hearts, 7Spades, QSpades.
P1 HAND: KDiamonds, JDiamonds, 3Diamonds, AClubs, 6Clubs, 3Clubs, 7Hearts, JHearts, QHearts, 5Spades.
P2 HAND: QDiamonds, 6Diamonds, QClubs, 5Clubs, 2Clubs, 6Hearts, KSpades, 6Spades, 3Spades.
P3 HAND: ADiamonds, 5Diamonds, 4Diamonds, 2Diamonds, 7Clubs, KClubs, ASpades, JSpades, 4Spades, 2Spades.
P2 3Hearts P3 2Diamonds P0 AHearts P1 QHearts 
P0 QSpades P1 5Spades P2 3Spades P3 ASpades 
P3 ADiamonds P0 7Diamonds P1 KDiamonds P2 6Diamonds 
P3 2Spades P0 7Spades P1 3Clubs P2 6Spades 
P1 3Diamonds P2 QDiamonds P3 4Diamonds P0 KHearts 
P2 6Hearts P3 4Spades P0 2Hearts P1 7Hearts 
P1 JDiamonds P2 2Clubs P3 5Diamonds P0 4Hearts 
P2 5Clubs P3 KClubs P0 4Clubs P1 6Clubs 
P3 JSpades P0 JClubs P1 AClubs P2 KSpades 
P1 JHearts P2 QClubs P3 7Clubs P0 5Hearts 
-- /GAME --
P0 HAND: JDiamonds, 6Diamonds, 3Diamonds, 6Clubs, 4Clubs, 5Hearts, JSpades, QSpades, 6Spades, 5Spades.
P1 HAND: 7Diamonds, 4Diamonds, 7Clubs, JClubs, 2Clubs, 4Hearts, 2Hearts, 7Spades, 4Spades, 2Spades.
P2 HAND: ADiamonds, KDiamonds, 2Diamonds, AClubs, 5Clubs, 3Clubs, 7Hearts, 3Hearts, ASpades, KSpades.
P3 HAND: QDiamonds, 5Diamonds, KClubs, QClubs, AHearts, KHearts, JHearts, QHearts, 6Hearts, 3Spades.
P1 2Clubs P2 AClubs P3 QClubs P0 4Clubs 
P2 ADiamonds P3 5Diamonds P0 JDiamonds P1 4Diamonds 
P2 2Diamonds P3 QDiamonds P0 3Diamonds P1 7Diamonds 
P1 2Hearts P2 3Hearts P3 AHearts P0 5Hearts 
P3 6Hearts P0 5Spades P1 4Hearts P2 7Hearts 
P0 6Clubs P1 JClubs P2 3Clubs P3 KClubs 
P3 QHearts P0 JSpades P1 7Spades P2 ASpades 
P2 5Clubs P3 3Spades P0 6Diamonds P1 7Clubs 
P3 JHearts P0 QSpades P1 2Spades P2 KDiamonds 
P0 6Spades P1 4Spades P2 KSpades P3 KHearts 
-- /GAME --
P0 HAND: KDiamonds, 3Diamonds, 6Clubs, AHearts, 6Hearts, 2Hearts, ASpades, KSpades, JSpades, 2Spades.
P1 HAND: ADiamonds, 7Diamonds, JDiamonds, QDiamonds, 6Diamonds, 5Diamonds, 2Diamonds, AClubs, QSpades, 6Spades.
P2 HAND: 4Diamonds, JClubs, 4Clubs, 3Clubs, 7Hearts, KHearts, QHearts, 7Spades, 5Spades, 4Spades.
P3 HAND: 7Clubs, KClubs, QClubs, 5Clubs, 2Clubs, JHearts, 5Hearts, 4Hearts, 3Hearts, 3Spades.
P0 AHearts P1 AClubs P2 QHearts P3 JHearts 
P1 2Diamonds P2 4Diamonds P3 3Hearts P0 KDiamonds 
P0 ASpades P1 6Spades P2 7Spades P3 3Spades 
P0 KSpades P1 QSpades P2 5Spades P3 2Clubs 
P3 4Hearts P0 6Hearts P1 5Diamonds P2 7Hearts 
P2 4Spades P3 5Hearts P0 JSpades P1 6Diamonds 
P0 2Hearts P1 QDiamonds P2 KHearts P3 5Clubs 
P3 QClubs P0 6Clubs P1 JDiamonds P2 JClubs 
P2 3Clubs P3 KClubs P0 2Spades P1 ADiamonds 
P3 7Clubs P0 3Diamonds P1 7Diamonds P2 4Clubs 
-- /GAME --
P0 HAND: 7Diamonds, JDiamonds, 4Diamonds, 5Clubs, 4Clubs, AHearts, 7Hearts, KHearts, JSpades, QSpades.
P1 HAND: KDiamonds, 5Diamonds, 2Diamonds, KClubs, QClubs, 3Clubs, 4Hearts, KSpades, 3Spades, 2Spades.
P2 HAND: ADiamonds, AClubs, JClubs, 6Clubs, JHearts, 6Hearts, 2Hearts, ASpades, 7Spades, 4Spades.
P3 HAND: QDiamonds, 6Diamonds, 3Diamonds, 7Clubs, 2Clubs, QHearts, 5Hearts, 3Hearts, 6Spades, 5Spades.
P1 2Diamonds P2 ADiamonds P3 3Diamonds P0 7Diamonds 
P2 ASpades P3 5Spades P0 JSpades P1 2Spades 
P2 2Hearts P3 3Hearts P0 AHearts P1 4Hearts 
P0 QSpades P1 3Spades P2 7Spades P3 6Spades 
P2 4Spades P3 5Hearts P0 4Diamonds P1 KSpades 
P1 5Diamonds P2 6Hearts P3 6Diamonds P0 JDiamonds 
P0 4Clubs P1 3Clubs P2 6Clubs P3 2Clubs 
P2 JHearts P3 QHearts P0 7Hearts P1 QClubs 
P1 KClubs P2 JClubs P3 7Clubs P0 5Clubs 
P3 QDiamonds P0 KHearts P1 KDiamonds P2 AClubs 
-- /GAME --
P0 HAND: 7Diamonds, KDiamonds, 6Diamonds, 7Clubs, KClubs, QClubs, 5Clubs, 5Hearts, 7Spades, 6Spades.
P1 HAND: ADiamonds, 3Diamonds, 2Diamonds, JClubs, JHearts, ASpades, KSpades, QSpades, 5Spades, 3Spades.
P2 HAND: 5Diamonds, AClubs, 3Clubs, 2Clubs, AHearts, 7Hearts, QHearts, 6Hearts, 4Hearts, JSpades.
P3 HAND: JDiamonds, QDiamonds, 4Diamonds, 6Clubs, 4Clubs, KHearts, 3Hearts, 2Hearts, 4Spades, 2Spades.
P0 6Diamonds P1 ADiamonds P2 5Diamonds P3 JDiamonds 
P1 2Diamonds P2 2Clubs P3 4Diamonds P0 7Diamonds 
P0 KDiamonds P1 3Diamonds P2 3Clubs P3 QDiamonds 
P0 5Hearts P1 JHearts P2 AHearts P3 2Hearts 
P2 AClubs P3 4Clubs P0 7Clubs P1 JClubs 
P2 4Hearts P3 3Hearts P0 5Clubs P1 3Spades 
P1 5Spades P2 JSpades P3 2Spades P0 7Spades 
P0 6Spades P1 QSpades P2 6Hearts P3 4Spades 
P1 KSpades P2 QHearts P3 6Clubs P0 QClubs 
P1 ASpades P2 7Hearts P3 KHearts P0 KClubs 
-- /GAME --
P0 HAND: ADiamonds, KDiamonds, JDiamonds, QDiamonds, 6Diamonds, AClubs, 4Clubs, ASpades, JSpades, 5Spades.
P1 HAND: 3Diamonds, QClubs, 5Clubs, 2Clubs, AHearts, 7Hearts, 6Hearts, 7Spades, KSpades, 3Spades.
P2 HAND: 7Diamonds, 5Diamonds, 2Diamonds, 7Clubs, 6Clubs, KHearts, 4Hearts, 3Hearts, 2Hearts, 6Spades.
P3 HAND: 4Diamonds, KClubs, JClubs, 3Clubs, JHearts, QHearts, 5Hearts, QSpades, 4Spades, 2Spades.
P3 2Spades P0 ASpades P1 3Spades P2 6Spades 
P0 JSpades P1 KSpades P2 6Clubs P3 4Spades 
P2 2Diamonds P3 4Diamonds P0 ADiamonds P1 3Diamonds 
P0 5Spades P1 7Spades P2 7Clubs P3 QSpades 
P2 2Hearts P3 5Hearts P0 4Clubs P1 6Hearts 
P0 6Diamonds P1 2Clubs P2 5Diamonds P3 JHearts 
P1 5Clubs P2 3Hearts P3 3Clubs P0 AClubs 
P0 QDiamonds P1 QClubs P2 7Diamonds P3 QHearts 
P1 7Hearts P2 4Hearts P3 JClubs P0 JDiamonds 
P3 KClubs P0 KDiamonds P1 AHearts P2 KHearts 
-- /GAME --
P0 HAND: 7Diamonds, KDiamonds, QDiamonds, JClubs, 2Clubs, 7Hearts, QHearts, 2Hearts, ASpades, KSpades.
P1 HAND: JDiamonds, 5Diamonds, 4Diamonds, 3Diamonds, 2Diamonds, 6Clubs, 4Clubs, AHearts, 5Spades, 2Spades.
P2 HAND: ADiamonds, AClubs, 3Clubs, JHearts, 6Hearts, 7Spades, JSpades, 6Spades, 4Spades, 3Spades.
P3 HAND: 6Diamonds, 7Clubs, KClubs, QClubs, 5Clubs, KHearts, 5Hearts, 4Hearts, 3Hearts, QSpades.
P2 AClubs P3 5Clubs P0 JClubs P1 4Clubs 
P2 3Clubs P3 QClubs P0 2Clubs P1 6Clubs 
P3 3Hearts P0 2Hearts P1 AHearts P2 6Hearts 
P1 2Spades P2 3Spades P3 QSpades P0 ASpades 
P0 QDiamonds P1 2Diamonds P2 ADiamonds P3 6Diamonds 
P2 4Spades P3 4Hearts P0 KSpades P1 5Spades 
P0 KDiamonds P1 3Diamonds P2 6Spades P3 5Hearts 
P0 7Diamonds P1 4Diamonds P2 JHearts P3 KClubs 
P0 QHearts P1 5Diamonds P2 JSpades P3 KHearts 
P1 JDiamonds P2 7Spades P3 7Clubs P0 7Hearts 
-- /GAME --
P0 HAND: JDiamonds, 5Diamonds, 2Diamonds, QClubs, 5Clubs, 4Clubs, 3Clubs, 2Clubs, 3Hearts, 2Spades.
P1 HAND: ADiamonds, 7Diamonds, KDiamonds, QDiamonds, 4Diamonds, KClubs, AHearts, 6Spades, 5Spades, 3Spades.
P2 HAND: 6Diamonds, AClubs, 7Clubs, 7Hearts, KHearts, 5Hearts, 2Hearts, JSpades, QSpades, 4Spades.
P3 HAND: 3Diamonds, JClubs, 6Clubs, JHearts, QHearts, 6Hearts, 4Hearts, ASpades, 7Spades, KSpades.
P0 3Hearts P1 AHearts P2 2Hearts P3 4Hearts 
P1 3Spades P2 4Spades P3 ASpades P0 2Spades 
P3 3Diamonds P0 2Diamonds P1 ADiamonds P2 6Diamonds 
P1 4Diamonds P2 QSpades P3 6Clubs P0 JDiamonds 
P0 5Diamonds P1 QDiamonds P2 5Hearts P3 6Hearts 
P3 JClubs P0 2Clubs P1 KClubs P2 AClubs 
P2 JSpades P3 KSpades P0 3Clubs P1 6Spades 
P3 QHearts P0 QClubs P1 5Spades P2 KHearts 
P2 7Hearts P3 JHearts P0 4Clubs P1 KDiamonds 
P2 7Clubs P3 7Spades P0 5Clubs P1 7Diamonds 
-- /GAME --
P0 HAND: KDiamonds, QDiamonds, 6Diamonds, 5Diamonds, 2Diamonds, 7Clubs, 5Clubs, 3Clubs, 7Hearts, 3Spades.
P1 HAND: JDiamonds, 2Clubs, JHearts, 3Hearts, 2Hearts, ASpades, 7Spades, KSpades, JSpades, 4Spades.
P2 HAND: 3Diamonds, KClubs, JClubs, QClubs, AHearts, KHearts, 6Hearts, 4Hearts, QSpades, 6Spades.
P3 HAND: ADiamonds, 7Diamonds, 4Diamonds, AClubs, 6Clubs, 4Clubs, QHearts, 5Hearts, 5Spades, 2Spades.
P3 ADiamonds P0 2Diamonds P1 JDiamonds P2 3Diamonds 
P3 AClubs P0 3Clubs P1 2Clubs P2 QClubs 
P3 2Spades P0 3Spades P1 ASpades P2 6Spades 
P1 4Spades P2 QSpades P3 5Spades P0 KDiamonds 
P2 JClubs P3 4Clubs P0 7Clubs P1 2Hearts 
P1 JSpades P2 4Hearts P3 4Diamonds P0 QDiamonds 
P2 6Hearts P3 5Hearts P0 7Hearts P1 3Hearts 
P0 5Clubs P1 JHearts P2 KClubs P3 6Clubs 
P1 KSpades P2 KHearts P3 7Diamonds P0 5Diamonds 
P2 AHearts P3 QHearts P0 6Diamonds P1 7Spades 
-- /GAME --
P0 HAND: ADiamonds, KDiamonds, 4Diamonds, 7Clubs, KClubs, QClubs, JHearts, 2Hearts, JSpades, QSpades.
P1 HAND: 7Diamonds, QDiamonds, 3Diamonds, 2Diamonds, AClubs, 6Clubs, 3Clubs, 5Hearts, KSpades, 6Spades.
P2 HAND: JDiamonds, 6Diamonds, JClubs, 4Clubs, 7Hearts, 6Hearts, 4Hearts, 7Spades, 4Spades, 3Spades.
P3 HAND: 5Diamonds, 5Clubs, 2Clubs, AHearts, KHearts, QHearts, 3Hearts, ASpades, 5Spades, 2Spades.
P2 3Spades P3 ASpades P0 QSpades P1 KSpades 
P3 AHearts P0 2Hearts P1 5Hearts P2 4Hearts 
P3 2Clubs P0 QClubs P1 AClubs P2 4Clubs 
P1 3Clubs P2 JClubs P3 5Clubs P0 7Clubs 
P0 JHearts P1 6Clubs P2 7Hearts P3 3Hearts 
P2 4Spades P3 2Spades P0 JSpades P1 6Spades 
P0 4Diamonds P1 2Diamonds P2 6Diamonds P3 5Diamonds 
P2 6Hearts P3 QHearts P0 KDiamonds P1 7Diamonds 
P1 3Diamonds P2 JDiamonds P3 5Spades P0 ADiamonds 
P0 KClubs P1 QDiamonds P2 7Spades P3 KHearts 
-- /GAME --
P0 HAND: KDiamonds, 6Diamonds, 3Clubs, AHearts, KHearts, 3Hearts, 7Spades, KSpades, JSpades, 4Spades.
P1 HAND: 7Diamonds, JDiamonds, 4Diamonds, AClubs, 6Clubs, 5Clubs, 2Clubs, QSpades, 6Spades, 5Spades.
P2 HAND: ADiamonds, QDiamonds, 3Diamonds, 7Clubs, QClubs, 4Clubs, QHearts, 6Hearts, 4Hearts, ASpades.
P3 HAND: 5Diamonds, 2Diamonds, KClubs, JClubs, 7Hearts, JHearts, 5Hearts, 2Hearts, 3Spades, 2Spades.
P1 AClubs P2 4Clubs P3 KClubs P0 3Clubs 
P1 2Clubs P2 QClubs P3 JClubs P0 KHearts 
P0 3Hearts P1 4Diamonds P2 4Hearts P3 2Hearts 
P2 ADiamonds P3 2Diamonds P0 KDiamonds P1 JDiamonds 
P2 ASpades P3 2Spades P0 7Spades P1 5Spades 
P2 3Diamonds P3 5Diamonds P0 6Diamonds P1 7Diamonds 
P1 5Clubs P2 7Clubs P3 5Hearts P0 AHearts 
P0 4Spades P1 6Spades P2 QDiamonds P3 3Spades 
P1 6Clubs P2 6Hearts P3 JHearts P0 JSpades 
P3 7Hearts P0 KSpades P1 QSpades P2 QHearts 
-- /GAME --
P0 HAND: 7Diamonds, 4Diamonds, JClubs, QClubs, 3Clubs, 2Clubs, AHearts, 7Hearts, 3Hearts, KSpades.
P1 HAND: ADiamonds, 3Diamonds, 7Clubs, 5Clubs, KHearts, QHearts, 6Hearts, 2Hearts, 7Spades, 5Spades.
P2 HAND: QDiamonds, 2Diamonds, 6Clubs, JHearts, 5Hearts, 4Hearts, JSpades, QSpades, 6Spades, 3Spades.
P3 HAND: KDiamonds, JDiamonds, 6Diamonds, 5Diamonds, AClubs, KClubs, 4Clubs, ASpades, 4Spades, 2Spades.
P0 AHearts P1 2Hearts P2 JHearts P3 4Clubs 
P3 ASpades P0 KSpades P1 7Spades P2 3Spades 
P3 2Spades P0 JClubs P1 5Spades P2 JSpades 
P0 2Clubs P1 5Clubs P2 6Clubs P3 KClubs 
P3 4Spades P0 3Clubs P1 3Diamonds P2 QSpades 
P0 QClubs P1 7Clubs P2 2Diamonds P3 AClubs 
P3 5Diamonds P0 7Diamonds P1 ADiamonds P2 QDiamonds 
P1 6Hearts P2 4Hearts P3 6Diamonds P0 7Hearts 
P0 3Hearts P1 QHearts P2 5Hearts P3 KDiamonds 
P1 KHearts P2 6Spades P3 JDiamonds P0 4Diamonds 
-- /GAME --
P0 HAND: ADiamonds, KDiamonds, 6Diamonds, KClubs, 5Clubs, 4Clubs, 6Hearts, 3Hearts, 7Spades, 6Spades.
P1 HAND: 5Diamonds, JClubs, 6Clubs, AHearts, JHearts, 5Hearts, ASpades, JSpades, QSpades, 3Spades.
P2 HAND: QDiamonds, 4Diamonds, 2Diamonds, AClubs, QClubs, 3Clubs, QHearts, 2Hearts, KSpades, 4Spades.
P3 HAND: 7Diamonds, JDiamonds, 3Diamonds, 7Clubs, 2Clubs, 7Hearts, KHearts, 4Hearts, 5Spades, 2Spades.
P3 2Clubs P0 5Clubs P1 6Clubs P2 AClubs 
P2 2Hearts P3 4Hearts P0 6Hearts P1 AHearts 
P1 ASpades P2 4Spades P3 5Spades P0 6Spades 
P1 3Spades P2 KSpades P3 2Spades P0 7Spades 
P0 3Hearts P1 5Hearts P2 QHearts P3 7Hearts 
P3 3Diamonds P0 6Diamonds P1 5Diamonds P2 2Diamonds 
P0 KDiamonds P1 QSpades P2 4Diamonds P3 7Diamonds 
P3 JDiamonds P0 ADiamonds P1 JClubs P2 QDiamonds 
P0 4Clubs P1 JHearts P2 3Clubs P3 7Clubs 
P3 KHearts P0 KClubs P1 JSpades P2 QClubs 
-- /GAME --
P0 HAND: QDiamonds, 6Diamonds, 5Diamonds, 6Clubs, 2Clubs, 6Hearts, 2Hearts, ASpades, KSpades, 4Spades.
P1 HAND: ADiamonds, JDiamonds, AClubs, KHearts, JHearts, QHearts, 5Hearts, 7Spades, 3Spades, 2Spades.
P2 HAND: 7Diamonds, 4Diamonds, 2Diamonds, 7Clubs, KClubs, JClubs, QClubs, 3Clubs, 4Hearts, JSpades.
P3 HAND: KDiamonds, 3Diamonds, 5Clubs, 4Clubs, AHearts, 7Hearts, 3Hearts, QSpades, 6Spades, 5Spades.
P0 ASpades P1 2Spades P2 JSpades P3 5Spades 
P0 6Clubs P1 AClubs P2 3Clubs P3 4Clubs 
P1 ADiamonds P2 2Diamonds P3 KDiamonds P0 5Diamonds 
P1 3Spades P2 4Diamonds P3 6Spades P0 KSpades 
P0 6Diamonds P1 JDiamonds P2 7Diamonds P3 3Diamonds 
P2 4Hearts P3 AHearts P0 2Hearts P1 KHearts 
P3 3Hearts P0 6Hearts P1 5Hearts P2 QClubs 
P2 JClubs P3 5Clubs P0 2Clubs P1 QHearts 
P2 KClubs P3 QSpades P0 QDiamonds P1 JHearts 
P2 7Clubs P3 7Hearts P0 4Spades P1 7Spades 
-- /GAME --
P0 HAND: ADiamonds, JDiamonds, 6Diamonds, 5Diamonds, 3Diamonds, AClubs, 6Hearts, 4Hearts, 3Hearts, QSpades.
P1 HAND: 7Diamonds, 4Diamonds, 7Clubs, KClubs, 5Clubs, 4Clubs, 2Clubs, KHearts, JSpades, 2Spades.
P2 HAND: KDiamonds, JClubs, 7Hearts, JHearts, QHearts, 5Hearts, KSpades, 6Spades, 5Spades, 3Spades.
P3 HAND: QDiamonds, 2Diamonds, QClubs, 6Clubs, 3Clubs, AHearts, 2Hearts, ASpades, 7Spades, 4Spades.
P3 AHearts P0 3Hearts P1 KHearts P2 5Hearts 
P3 2Diamonds P0 ADiamonds P1 4Diamonds P2 KDiamonds 
P0 AClubs P1 2Clubs P2 JClubs P3 3Clubs 
P0 6Hearts P1 4Clubs P2 7Hearts P3 2Hearts 
P2 QHearts P3 6Clubs P0 4Hearts P1 5Clubs 
P2 JHearts P3 QDiamonds P0 QSpades P1 JSpades 
P1 2Spades P2 3Spades P3 4Spades P0 3Diamonds 
P3 QClubs P0 6Diamonds P1 KClubs P2 5Spades 
P2 6Spades P3 7Spades P0 5Diamonds P1 7Diamonds 
P3 ASpades P0 JDiamonds P1 7Clubs P2 KSpades 
-- /GAME --
P0 HAND: 3Diamonds, 2Diamonds, 5Clubs, QHearts, 5Hearts, 2Hearts, 7Spades, KSpades, JSpades, 4Spades.
P1 HAND: 7Diamonds, 6Diamonds, AClubs, JClubs, 6Clubs, 7Hearts, KHearts, ASpades, QSpades, 6Spades.
P2 HAND: KDiamonds, 4Diamonds, 7Clubs, QClubs, 3Clubs, 2Clubs, AHearts, 5Spades, 3Spades, 2Spades.
P3 HAND: ADiamonds, JDiamonds, QDiamonds, 5Diamonds, KClubs, 4Clubs, JHearts, 6Hearts, 4Hearts, 3Hearts.
P2 AHearts P3 3Hearts P0 QHearts P1 KHearts 
P2 2Spades P3 4Hearts P0 4Spades P1 ASpades 
P1 6Diamonds P2 4Diamonds P3 ADiamonds P0 2Diamonds 
P3 5Diamonds P0 3Diamonds P1 7Diamonds P2 KDiamonds 
P1 6Spades P2 3Spades P3 6Hearts P0 7Spades 
P0 2Hearts P1 7Hearts P2 2Clubs P3 JHearts 
P2 5Spades P3 QDiamonds P0 KSpades P1 QSpades 
P0 5Hearts P1 6Clubs P2 3Clubs P3 JDiamonds 
P1 JClubs P2 QClubs P3 4Clubs P0 5Clubs 
P1 AClubs P2 7Clubs P3 KClubs P0 JSpades 
-- /GAME --
P0 HAND: QDiamonds, 6Diamonds, JClubs, QClubs, 6Clubs, 2Clubs, 2Hearts, 7Spades, KSpades, 5Spades.
P1 HAND: 7Diamonds, KDiamonds, 4Diamonds, 7Clubs, 3Clubs, JHearts, 6Hearts, ASpades, 6Spades, 4Spades.
P2 HAND: 3Diamonds, AClubs, 5Clubs, AHearts, 7Hearts, QHearts, 4Hearts, 3Hearts, QSpades, 3Spades.
P3 HAND: ADiamonds, JDiamonds, 5Diamonds, 2Diamonds, KClubs, 4Clubs, KHearts, 5Hearts, JSpades, 2Spades.
P1 3Clubs P2 AClubs P3 4Clubs P0 JClubs 
P2 3Diamonds P3 ADiamonds P0 6Diamonds P1 7Diamonds 
P3 2Diamonds P0 QDiamonds P1 KDiamonds P2 3Spades 
P2 3Hearts P3 5Hearts P0 2Hearts P1 JHearts 
P1 4Diamonds P2 4Hearts P3 5Diamonds P0 2Clubs 
P3 JDiamonds P0 5Spades P1 6Hearts P2 AHearts 
P0 QClubs P1 7Clubs P2 5Clubs P3 KClubs 
P1 4Spades P2 QSpades P3 2Spades P0 7Spades 
P0 6Clubs P1 6Spades P2 QHearts P3 KHearts 
P1 ASpades P2 7Hearts P3 JSpades P0 KSpades 
-- /GAME --
P0 HAND: JDiamonds, QDiamonds, 4Diamonds, 6Clubs, KHearts, JHearts, JSpades, QSpades, 5Spades, 4Spades.
P1 HAND: 5Diamonds, 5Clubs, 4Clubs, 2Clubs, AHearts, 4Hearts, 2Hearts, ASpades, 7Spades, 2Spades.
P2 HAND: 7Diamonds, KDiamonds, 6Diamonds, 2Diamonds, AClubs, KClubs, QClubs, 3Clubs, 6Hearts, 3Spades.
P3 HAND: ADiamonds, 3Diamonds, 7Clubs, JClubs, 7Hearts, QHearts, 5Hearts, 3Hearts, KSpades, 6Spades.
P0 6Clubs P1 2Clubs P2 AClubs P3 JClubs 
P2 2Diamonds P3 ADiamonds P0 4Diamonds P1 5Diamonds 
P3 3Diamonds P0 JDiamonds P1 2Spades P2 7Diamonds 
P2 3Clubs P3 7Clubs P0 KHearts P1 4Clubs 
P0 QDiamonds P1 5Clubs P2 6Diamonds P3 6Spades 
P0 5Spades P1 ASpades P2 3Spades P3 KSpades 
P1 2Hearts P2 6Hearts P3 3Hearts P0 JHearts 
P0 4Spades P1 7Spades P2 QClubs P3 5Hearts 
P3 QHearts P0 QSpades P1 4Hearts P2 KDiamonds 
P3 7Hearts P0 JSpades P1 AHearts P2 KClubs 
-- /GAME --
P0 HAND: 4Diamonds, QClubs, 3Clubs, 2Clubs, 7Hearts, 6Hearts, 5Hearts, 7Spades, QSpades, 6Spades.
P1 HAND: KDiamonds, 6Diamonds, AClubs, 7Clubs, 5Clubs, 4Clubs, 4Hearts, KSpades, 3Spades, 2Spades.
P2 HAND: ADiamonds, 7Diamonds, JDiamonds, QDiamonds, 2Diamonds, JClubs, AHearts, KHearts, QHearts, 2Hearts.
P3 HAND: 5Diamonds, 3Diamonds, KClubs, 6Clubs, JHearts, 3Hearts, ASpades, JSpades, 5Spades, 4Spades.
P2 AHearts P3 3Hearts P0 7Hearts P1 4Hearts 
P2 2Hearts P3 JHearts P0 5Hearts P1 AClubs 
P3 ASpades P0 6Spades P1 KSpades P2 2Diamonds 
P2 QHearts P3 4Spades P0 6Hearts P1 2Spades 
P2 JClubs P3 6Clubs P0 2Clubs P1 7Clubs 
P1 3Spades P2 QDiamonds P3 5Spades P0 7Spades 
P2 JDiamonds P3 3Diamonds P0 4Diamonds P1 6Diamonds 
P2 7Diamonds P3 5Diamonds P0 QClubs P1 KDiamonds 
P2 ADiamonds P3 JSpades P0 QSpades P1 4Clubs 
P2 KHearts P3 KClubs P0 3Clubs P1 5Clubs 
-- /GAME --
P0 HAND: 4Diamonds, 3Diamonds, 7Clubs, 6Clubs, 7Hearts, ASpades, JSpades, QSpades, 6Spades, 5Spades.
P1 HAND: 7Diamonds, QDiamonds, AClubs, KClubs, QClubs, 3Clubs, JHearts, 6Hearts, 3Hearts, KSpades.
P2 HAND: KDiamonds, JDiamonds, 5Diamonds, 2Diamonds, 5Clubs, 4Clubs, QHearts, 4Hearts, 7Spades, 4Spades.
P3 HAND: ADiamonds, 6Diamonds, JClubs, 2Clubs, AHearts, KHearts, 5Hearts, 2Hearts, 3Spades, 2Spades.
P1 3Hearts P2 4Hearts P3 AHearts P0 7Hearts 
P3 ADiamonds P0 3Diamonds P1 7Diamonds P2 2Diamonds 
P3 2Hearts P0 4Diamonds P1 6Hearts P2 QHearts 
P2 4Spades P3 2Spades P0 ASpades P1 KSpades 
P0 5Spades P1 QDiamonds P2 7Spades P3 3Spades 
P2 5Diamonds P3 6Diamonds P0 6Spades P1 JHearts 
P3 5Hearts P0 QSpades P1 3Clubs P2 4Clubs 
P2 JDiamonds P3 2Clubs P0 JSpades P1 QClubs 
P1 KClubs P2 5Clubs P3 JClubs P0 7Clubs 
P0 6Clubs P1 AClubs P2 KDiamonds P3 KHearts 
-- /GAME --
P0 HAND: 4Diamonds, 7Clubs, JClubs, 6Clubs, 7Hearts, KHearts, QHearts, 2Hearts, 7Spades, 3Spades.
P1 HAND: 7Diamonds, KDiamonds, JDiamonds, QDiamonds, 5Clubs, 4Clubs, 5Hearts, 4Hearts, QSpades, 6Spades.
P2 HAND: ADiamonds, 6Diamonds, 5Diamonds, KClubs, 3Clubs, 2Clubs, JHearts, 6Hearts, ASpades, KSpades.
P3 HAND: 3Diamonds, 2Diamonds, AClubs, QClubs, AHearts, 3Hearts, JSpades, 5Spades, 4Spades, 2Spades.
P0 6Clubs P1 4Clubs P2 2Clubs P3 AClubs 
P3 2Diamonds P0 4Diamonds P1 QDiamonds P2 ADiamonds 
P2 ASpades P3 2Spades P0 7Spades P1 6Spades 
P2 3Clubs P3 QClubs P0 7Clubs P1 5Clubs 
P0 JClubs P1 QSpades P2 KClubs P3 3Hearts 
P3 3Diamonds P0 3Spades P1 7Diamonds P2 5Diamonds 
P1 JDiamonds P2 6Diamonds P3 4Spades P0 7Hearts 
P0 2Hearts P1 4Hearts P2 6Hearts P3 AHearts 
P3 5Spades P0 QHearts P1 5Hearts P2 KSpades 
P0 KHearts P1 KDiamonds P2 JHearts P3 JSpades 
-- /GAME --
P0 HAND: ADiamonds, QDiamonds, 2Diamonds, QClubs, 2Hearts, 7Spades, KSpades, QSpades, 4Spades, 2Spades.
P1 HAND: KDiamonds, 5Diamonds, AClubs, 7Clubs, 5Clubs, 4Clubs, QHearts, JSpades, 6Spades, 3Spades.
P2 HAND: JDiamonds, 4Diamonds, JClubs, 6Clubs, AHearts, KHearts, JHearts, 6Hearts, ASpades, 5Spades.
P3 HAND: 7Diamonds, 6Diamonds, 3Diamonds, KClubs, 3Clubs, 2Clubs, 7Hearts, 5Hearts, 4Hearts, 3Hearts.
P3 2Clubs P0 QClubs P1 AClubs P2 6Clubs 
P1 3Spades P2 ASpades P3 3Diamonds P0 2Spades 
P3 3Clubs P0 2Diamonds P1 4Clubs P2 JClubs 
P0 2Hearts P1 QHearts P2 AHearts P3 3Hearts 
P2 5Spades P3 4Hearts P0 KSpades P1 6Spades 
P0 4Spades P1 JSpades P2 6Hearts P3 7Hearts 
P1 5Clubs P2 4Diamonds P3 KClubs P0 7Spades 
P2 JHearts P3 5Hearts P0 QDiamonds P1 KDiamonds 
P1 5Diamonds P2 JDiamonds P3 6Diamonds P0 ADiamonds 
P0 QSpades P1 7Clubs P2 KHearts P3 7Diamonds 
-- /GAME --
P0 HAND: ADiamonds, 3Diamonds, QClubs, 3Clubs, AHearts, KHearts, JHearts, 6Hearts, 2Hearts, ASpades.
P1 HAND: JDiamonds, QDiamonds, AClubs, 5Clubs, 7Hearts, 4Hearts, 3Hearts, 7Spades, KSpades, JSpades.
P2 HAND: 7Diamonds, 6Diamonds, 5Diamonds, 2Diamonds, JClubs, 6Clubs, 4Clubs, 5Hearts, 6Spades, 4Spades.
P3 HAND: KDiamonds, 4Diamonds, 7Clubs, KClubs, 2Clubs, QHearts, QSpades, 5Spades, 3Spades, 2Spades.
P2 2Diamonds P3 4Diamonds P0 ADiamonds P1 QDiamonds 
P0 AHearts P1 3Hearts P2 5Hearts P3 QHearts 
P0 3Diamonds P1 JDiamonds P2 5Diamonds P3 KDiamonds 
P3 2Clubs P0 QClubs P1 AClubs P2 4Clubs 
P1 4Hearts P2 6Diamonds P3 2Spades P0 2Hearts 
P3 3Spades P0 ASpades P1 JSpades P2 4Spades 
P0 6Hearts P1 7Hearts P2 6Spades P3 QSpades 
P3 5Spades P0 3Clubs P1 KSpades P2 6Clubs 
P1 5Clubs P2 JClubs P3 KClubs P0 JHearts 
P3 7Clubs P0 KHearts P1 7Spades P2 7Diamonds 
-- /GAME --
P0 HAND: 7Diamonds, 6Diamonds, 4Diamonds, 3Diamonds, 7Clubs, KClubs, 5Clubs, 5Hearts, 6Spades, 4Spades.
P1 HAND: ADiamonds, 4Clubs, 3Clubs, AHearts, 7Hearts, KHearts, QHearts, 7Spades, JSpades, QSpades.
P2 HAND: QDiamonds, JClubs, QClubs, 6Clubs, 6Hearts, 4Hearts, KSpades, 5Spades, 3Spades, 2Spades.
P3 HAND: KDiamonds, JDiamonds, 5Diamonds, 2Diamonds, AClubs, 2Clubs, JHearts, 3Hearts, 2Hearts, ASpades.
P1 ADiamonds P2 QDiamonds P3 KDiamonds P0 3Diamonds 
P1 3Clubs P2 6Clubs P3 AClubs P0 5Clubs 
P3 ASpades P0 4Spades P1 7Spades P2 2Spades 
P3 2Diamonds P0 7Diamonds P1 QHearts P2 3Spades 
P1 4Clubs P2 QClubs P3 2Clubs P0 7Clubs 
P0 KClubs P1 QSpades P2 JClubs P3 2Hearts 
P3 5Diamonds P0 6Diamonds P1 KHearts P2 5Spades 
P1 JSpades P2 KSpades P3 3Hearts P0 6Spades 
P3 JDiamonds P0 4Diamonds P1 7Hearts P2 4Hearts 
P1 AHearts P2 6Hearts P3 JHearts P0 5Hearts 
-- /GAME --
P0 HAND: QDiamonds, AClubs, 7Clubs, 3Clubs, 6Hearts, 5Hearts, 4Hearts, KSpades, JSpades, 6Spades.
P1 HAND: 4Diamonds, 3Diamonds, JClubs, 6Clubs, 7Hearts, KHearts, JHearts, 3Hearts, ASpades, 2Spades.
P2 HAND: ADiamonds, 7Diamonds, KDiamonds, JDiamonds, 5Diamonds, 2Diamonds, 4Clubs, 2Clubs, 5Spades, 3Spades.
P3 HAND: 6Diamonds, KClubs, QClubs, 5Clubs, AHearts, QHearts, 2Hearts, 7Spades, QSpades, 4Spades.
P2 2Clubs P3 5Clubs 
