-- GAME --
P0 HAND: ADiamonds, JDiamonds, 4Diamonds, QClubs, AHearts, KHearts, JHearts, 7Spades, 4Spades, 3Spades.
P1 HAND: KDiamonds, 3Diamonds, 2Diamonds, 7Clubs, KClubs, 7Hearts, QHearts, JSpades, 5Spades, 2Spades.
P2 HAND: QDiamonds, 6Diamonds, 5Diamonds, JClubs, 5Clubs, 3Clubs, 2Clubs, 6Hearts, 4Hearts, 3Hearts.
P3 HAND: 7Diamonds, AClubs, 6Clubs, 4Clubs, 5Hearts, 2Hearts, ASpades, KSpades, QSpades, 6Spades.
P3 AClubs P0 QClubs P1 7Clubs P2 2Clubs 
P3 ASpades P0 3Spades P1 JSpades P2 3Hearts 
P2 3Clubs P3 4Clubs P0 KHearts P1 KClubs 
P0 7Spades P1 2Spades P2 JClubs P3 6Spades 
P0 AHearts P1 QHearts P2 4Hearts P3 2Hearts 
P0 ADiamonds P1 2Diamonds P2 QDiamonds P3 7Diamonds 
P0 4Diamonds P1 3Diamonds P2 5Diamonds P3 6Clubs 
P2 5Clubs P3 QSpades P0 4Spades P1 5Spades 
P2 6Diamonds P3 5Hearts P0 JDiamonds P1 KDiamonds 
P3 KSpades P0 JHearts P1 7Hearts P2 6Hearts 
-- /GAME --
P0 HAND: 7Diamonds, JDiamonds, QDiamonds, 3Diamonds, 2Clubs, AHearts, 7Hearts, QHearts, ASpades, 5Spades.
P1 HAND: KDiamonds, 5Diamonds, 2Diamonds, KClubs, JClubs, QClubs, 5Clubs, 4Clubs, JHearts, KSpades.
P2 HAND: AClubs, 7Clubs, 6Clubs, 3Clubs, 6Hearts, 5Hearts, 3Hearts, 2Hearts, QSpades, 3Spades.
P3 HAND: ADiamonds, 6Diamonds, 4Diamonds, KHearts, 4Hearts, 7Spades, JSpades, 6Spades, 4Spades, 2Spades.
P2 2Hearts P3 4Hearts P0 AHearts P1 JHearts 

