-- GAME --
P0 HAND: 7Diamonds, 5Diamonds, 4Diamonds, AClubs, JClubs, JHearts, 6Hearts, 3Hearts, QSpades, 4Spades.
P1 HAND: ADiamonds, 6Clubs, 4Clubs, 3Clubs, AHearts, KHearts, 2Hearts, 6Spades, 3Spades, 2Spades.
P2 HAND: KDiamonds, JDiamonds, 6Diamonds, 2Diamonds, 7Clubs, 2Clubs, 7Hearts, 5Hearts, ASpades, 5Spades.
P3 HAND: QDiamonds, 3Diamonds, KClubs, QClubs, 5Clubs, QHearts, 4Hearts, 7Spades, KSpades, JSpades.
P3 3Diamonds P0 4Diamonds P1 ADiamonds P2 2Diamonds 
P1 2Spades P2 ASpades P3 JSpades P0 QSpades 
P2 2Clubs P3 5Clubs P0 AClubs P1 3Clubs 
P0 7Diamonds P1 2Hearts P2 6Diamonds P3 QDiamonds 
P1 3Spades P2 5Spades P3 7Spades P0 4Spades 
P3 QClubs P0 JClubs P1 4Clubs P2 7Clubs 
P2 JDiamonds P3 4Hearts P0 5Diamonds P1 6Clubs 
P3 QHearts P0 JHearts P1 KHearts P2 7Hearts 
P2 5Hearts P3 KClubs P0 3Hearts P1 AHearts 
P1 6Spades P2 KDiamonds P3 KSpades P0 6Hearts 
-- /GAME --
P0 HAND: ADiamonds, 7Diamonds, 2Diamonds, JClubs, 5Clubs, JHearts, 6Hearts, JSpades, QSpades, 3Spades.
P1 HAND: 5Diamonds, 4Diamonds, 3Diamonds, AClubs, KClubs, 3Clubs, QHearts, 3Hearts, 7Spades, 2Spades.
P2 HAND: 7Clubs, QClubs, 4Clubs, 7Hearts, KHearts, 5Hearts, ASpades, KSpades, 6Spades, 4Spades.
P3 HAND: KDiamonds, JDiamonds, QDiamonds, 6Diamonds, 6Clubs, 2Clubs, AHearts, 4Hearts, 2Hearts, 5Spades.
P2 ASpades P3 5Spades P0 JSpades P1 2Spades 
P2 4Clubs P3 2Clubs P0 5Clubs P1 AClubs 
P1 3Diamonds P2 4Spades P3 6Diamonds P0 ADiamonds 
P0 7Diamonds P1 4Diamonds P2 7Clubs P3 QDiamonds 
P0 JClubs P1 3Clubs P2 QClubs P3 6Clubs 
P0 QSpades P1 7Spades P2 6Spades P3 KDiamonds 
P1 5Diamonds P2 5Hearts P3 JDiamonds P0 2Diamonds 
P2 KHearts P3 2Hearts P0 JHearts P1 3Hearts 
P2 7Hearts P3 AHearts P0 6Hearts P1 QHearts 
P3 4Hearts P0 3Spades P1 KClubs P2 KSpades 
-- /GAME --
P0 HAND: 7Diamonds, KDiamonds, AClubs, 6Clubs, 4Clubs, 7Hearts, KHearts, 2Hearts, QSpades, 4Spades.
P1 HAND: JDiamonds, 5Clubs, AHearts, QHearts, 6Hearts, 4Hearts, ASpades, JSpades, 6Spades, 3Spades.
P2 HAND: 6Diamonds, 3Diamonds, 2Diamonds, KClubs, JClubs, 5Hearts, 7Spades, KSpades, 5Spades, 2Spades.
P3 HAND: ADiamonds, QDiamonds, 5Diamonds, 4Diamonds, 7Clubs, QClubs, 3Clubs, 2Clubs, JHearts, 3Hearts.
P1 ASpades P2 2Spades P3 ADiamonds P0 4Spades 
P1 3Spades P2 5Spades P3 2Clubs P0 QSpades 
P0 7Diamonds P1 JDiamonds P2 6Diamonds P3 4Diamonds 
P0 KDiamonds P1 5Clubs P2 3Diamonds P3 5Diamonds 
P0 AClubs P1 4Hearts P2 JClubs P3 7Clubs 
P1 6Spades P2 KSpades P3 3Clubs P0 4Clubs 
P2 2Diamonds P3 QDiamonds P0 2Hearts P1 6Hearts 
P1 JSpades P2 7Spades P3 3Hearts P0 7Hearts 
P0 6Clubs P1 QHearts P2 KClubs P3 QClubs 
P1 AHearts P2 5Hearts P3 JHearts P0 KHearts 
-- /GAME --
P0 HAND: ADiamonds, 7Diamonds, 2Diamonds, KClubs, JClubs, QClubs, 4Clubs, 3Hearts, 7Spades, QSpades.
P1 HAND: KDiamonds, JDiamonds, QDiamonds, 5Diamonds, 3Diamonds, AClubs, 2Clubs, AHearts, 6Spades, 2Spades.
P2 HAND: 4Diamonds, 7Clubs, 5Clubs, QHearts, 5Hearts, 4Hearts, KSpades, JSpades, 5Spades, 3Spades.
P3 HAND: 6Diamonds, 6Clubs, 3Clubs, 7Hearts, KHearts, JHearts, 6Hearts, 2Hearts, ASpades, 4Spades.
P0 3Hearts P1 AHearts P2 4Hearts P3 7Hearts 
P1 AClubs P2 5Clubs P3 6Clubs P0 4Clubs 
P1 2Clubs P2 7Clubs P3 3Clubs P0 KClubs 
P2 3Spades P3 ASpades P0 QSpades P1 6Spades 
P3 2Hearts P0 JClubs P1 2Spades P2 QHearts 
P2 5Hearts P3 6Hearts P0 2Diamonds P1 3Diamonds 
P1 5Diamonds P2 4Diamonds P3 6Diamonds P0 7Diamonds 
P0 ADiamonds P1 QDiamonds P2 KSpades P3 4Spades 
P0 7Spades P1 JDiamonds P2 5Spades P3 KHearts 
P1 KDiamonds P2 JSpades P3 JHearts P0 QClubs 
-- /GAME --
P0 HAND: ADiamonds, 7Diamonds, 3Diamonds, 7Clubs, KClubs, QClubs, 5Clubs, AHearts, KSpades, 4Spades.
P1 HAND: 4Diamonds, 6Clubs, 7Hearts, KHearts, 5Hearts, 3Hearts, 2Hearts, 7Spades, JSpades, 3Spades.
P2 HAND: KDiamonds, 2Diamonds, JClubs, 4Clubs, 2Clubs, QHearts, 4Hearts, ASpades, 6Spades, 2Spades.
P3 HAND: JDiamonds, QDiamonds, 6Diamonds, 5Diamonds, AClubs, 3Clubs, JHearts, 6Hearts, QSpades, 5Spades.
P3 AClubs P0 5Clubs P1 6Clubs P2 2Clubs 
P3 3Clubs P0 7Clubs P1 4Diamonds P2 4Clubs 
P1 2Hearts P2 4Hearts P3 6Hearts P0 AHearts 
P0 3Diamonds P1 3Hearts P2 2Diamonds P3 5Diamonds 
P3 5Spades P0 KSpades P1 3Spades P2 ASpades 
P2 2Spades P3 QSpades P0 4Spades P1 7Spades 
P1 5Hearts P2 QHearts P3 JHearts P0 QClubs 
P3 6Diamonds P0 7Diamonds P1 JSpades P2 KDiamonds 
P0 ADiamonds P1 KHearts P2 JClubs P3 QDiamonds 
P0 KClubs P1 7Hearts P2 6Spades P3 JDiamonds 
-- /GAME --
P0 HAND: JDiamonds, 2Diamonds, QClubs, 2Clubs, AHearts, KHearts, 2Hearts, ASpades, QSpades, 6Spades.
P1 HAND: 7Diamonds, 5Diamonds, 7Hearts, 6Hearts, 5Hearts, 3Hearts, 7Spades, JSpades, 3Spades, 2Spades.
P2 HAND: ADiamonds, QDiamonds, 6Diamonds, AClubs, 6Clubs, 5Clubs, 3Clubs, JHearts, QHearts, 4Spades.
P3 HAND: KDiamonds, 4Diamonds, 3Diamonds, 7Clubs, KClubs, JClubs, 4Clubs, 4Hearts, KSpades, 5Spades.
P2 AClubs P3 4Clubs P0 QClubs P1 5Diamonds 
P1 2Spades P2 4Spades P3 5Spades P0 QSpades 
P0 ASpades P1 3Spades P2 JHearts P3 KSpades 
P0 AHearts P1 3Hearts P2 QHearts P3 4Hearts 
P0 6Spades P1 JSpades P2 3Clubs P3 7Clubs 
P1 5Hearts P2 5Clubs P3 3Diamonds P0 2Hearts 
P3 JClubs P0 2Clubs P1 6Hearts P2 6Clubs 
P3 4Diamonds P0 2Diamonds P1 7Diamonds P2 ADiamonds 
P2 6Diamonds P3 KDiamonds P0 JDiamonds P1 7Hearts 
P3 KClubs P0 KHearts P1 7Spades P2 QDiamonds 
-- /GAME --
P0 HAND: KDiamonds, 6Diamonds, 4Diamonds, 7Clubs, KClubs, AHearts, JHearts, 2Hearts, QSpades, 5Spades.
P1 HAND: JDiamonds, AClubs, JClubs, 3Clubs, 7Hearts, KHearts, 3Hearts, 7Spades, KSpades, JSpades.
P2 HAND: ADiamonds, QDiamonds, QClubs, 6Clubs, 5Clubs, 2Clubs, QHearts, 6Hearts, 4Hearts, 2Spades.
P3 HAND: 7Diamonds, 5Diamonds, 3Diamonds, 2Diamonds, 4Clubs, 5Hearts, ASpades, 6Spades, 4Spades, 3Spades.
P0 AHearts P1 3Hearts P2 QHearts P3 5Hearts 
P0 5Spades P1 JSpades P2 2Spades P3 ASpades 
P3 2Diamonds P0 6Diamonds P1 JDiamonds P2 ADiamonds 
P2 4Hearts P3 3Diamonds P0 JHearts P1 7Hearts 
P1 3Clubs P2 2Clubs P3 4Clubs P0 7Clubs 
P0 KClubs P1 JClubs P2 5Clubs P3 3Spades 
P0 KDiamonds P1 AClubs P2 QDiamonds P3 7Diamonds 
P1 KHearts P2 6Hearts P3 4Spades P0 2Hearts 
P1 KSpades P2 6Clubs P3 6Spades P0 QSpades 
P2 QClubs P3 5Diamonds P0 4Diamonds P1 7Spades 
-- /GAME --
P0 HAND: QDiamonds, 5Diamonds, AClubs, 4Clubs, JHearts, 5Hearts, 3Hearts, 2Hearts, 6Spades, 2Spades.
P1 HAND: ADiamonds, KDiamonds, 6Diamonds, 4Diamonds, QClubs, 6Clubs, 5Clubs, 7Spades, JSpades, 3Spades.
P2 HAND: 7Clubs, KClubs, JClubs, KHearts, QHearts, 6Hearts, 4Hearts, ASpades, KSpades, 5Spades.
P3 HAND: 7Diamonds, JDiamonds, 3Diamonds, 2Diamonds, 3Clubs, 2Clubs, AHearts, 7Hearts, QSpades, 4Spades.

