-- GAME --
P0 HAND: ADiamonds, 3Diamonds, JClubs, QClubs, 4Clubs, KHearts, 2Hearts, ASpades, KSpades, QSpades.
P1 HAND: KDiamonds, 6Diamonds, 7Clubs, 6Clubs, 3Clubs, 2Clubs, JHearts, QHearts, 6Hearts, 5Spades.
P2 HAND: 7Diamonds, JDiamonds, 5Diamonds, 5Clubs, 4Hearts, JSpades, 6Spades, 4Spades, 3Spades, 2Spades.
P3 HAND: QDiamonds, 4Diamonds, 2Diamonds, AClubs, KClubs, AHearts, 7Hearts, 5Hearts, 3Hearts, 7Spades.
P1 5Spades P2 2Spades P3 7Spades P0 ASpades 
P0 KSpades P1 6Diamonds P2 3Spades P3 2Diamonds 
P0 QSpades P1 6Hearts P2 4Spades P3 3Hearts 
P0 ADiamonds P1 KDiamonds P2 7Diamonds P3 4Diamonds 
P0 3Diamonds P1 QHearts P2 5Diamonds P3 QDiamonds 
P3 5Hearts P0 KHearts P1 JHearts P2 4Hearts 
P0 2Hearts P1 2Clubs P2 6Spades P3 AHearts 
P1 3Clubs P2 5Clubs P3 KClubs P0 4Clubs 
P3 AClubs P0 QClubs P1 6Clubs P2 JDiamonds 
P3 7Hearts P0 JClubs P1 7Clubs P2 JSpades 
-- /GAME --
P0 HAND: ADiamonds, JDiamonds, 6Diamonds, 3Diamonds, AClubs, QClubs, 6Hearts, 4Hearts, QSpades, 6Spades.
P1 HAND: 7Diamonds, QDiamonds, 5Diamonds, 4Diamonds, 6Clubs, 5Clubs, 3Clubs, 7Hearts, 2Hearts, 3Spades.
P2 HAND: 2Diamonds, KClubs, JClubs, 2Clubs, AHearts, KHearts, 3Hearts, ASpades, JSpades, 2Spades.
P3 HAND: KDiamonds, 7Clubs, 4Clubs, JHearts, QHearts, 5Hearts, 7Spades, KSpades, 5Spades, 4Spades.
P0 3Diamonds P1 4Diamonds P2 2Diamonds P3 KDiamonds 
P3 4Clubs P0 AClubs P1 3Clubs P2 KClubs 
P0 ADiamonds P1 5Diamonds P2 AHearts P3 4Spades 
P3 5Hearts P0 6Hearts P1 7Hearts 
