-- GAME --
P0 HAND: ADiamonds, KDiamonds, 7Clubs, KClubs, 2Clubs, KHearts, 3Hearts, 2Hearts, JSpades, 3Spades.
P1 HAND: 6Diamonds, JClubs, QClubs, 5Clubs, 7Hearts, JHearts, QHearts, QSpades, 5Spades, 2Spades.
P2 HAND: 7Diamonds, 5Diamonds, 4Diamonds, 3Clubs, 6Hearts, 5Hearts, 4Hearts, ASpades, 7Spades, 4Spades.
P3 HAND: JDiamonds, QDiamonds, 3Diamonds, 2Diamonds, AClubs, 6Clubs, 4Clubs, AHearts, KSpades, 6Spades.
P1 5Clubs P2 3Clubs P3 AClubs P0 2Clubs 
P3 AHearts P0 2Hearts P1 7Hearts P2 4Hearts 
P3 2Diamonds P0 ADiamonds P1 6Diamonds P2 7Diamonds 
P0 KDiamonds P1 QClubs P2 5Diamonds P3 3Diamonds 
P0 3Hearts P1 QHearts P2 5Hearts P3 JDiamonds 
P1 JClubs P2 4Diamonds P3 4Clubs P0 7Clubs 
P0 KClubs P1 2Spades P2 6Hearts P3 6Clubs 
P1 JHearts P2 4Spades P3 QDiamonds P0 KHearts 
P2 7Spades P3 6Spades P0 3Spades P1 5Spades 
P2 ASpades P3 KSpades P0 JSpades P1 QSpades 
-- /GAME --
P0 HAND: KDiamonds, AClubs, 6Clubs, 3Clubs, 7Hearts, 5Hearts, 2Hearts, 7Spades, KSpades, 6Spades.
P1 HAND: 6Diamonds, 4Diamonds, 7Clubs, KClubs, JClubs, QClubs, KHearts, QHearts, 4Hearts, 4Spades.
P2 HAND: ADiamonds, 5Clubs, 4Clubs, JHearts, 6Hearts, 3Hearts, JSpades, QSpades, 5Spades, 3Spades.
P3 HAND: 7Diamonds, JDiamonds, QDiamonds, 5Diamonds, 3Diamonds, 2Diamonds, 2Clubs, AHearts, ASpades, 2Spades.
P0 AClubs P1 QClubs P2 5Clubs P3 2Clubs 
P0 3Clubs P1 JClubs P2 4Clubs P3 AHearts 
P1 4Hearts P2 3Hearts P3 2Spades P0 7Hearts 
P0 5Hearts P1 QHearts P2 6Hearts P3 ASpades 
P1 4Spades P2 3Spades P3 2Diamonds P0 6Spades 
P3 3Diamonds P0 KDiamonds P1 4Diamonds P2 ADiamonds 
P2 5Spades P3 5Diamonds P0 KSpades P1 7Clubs 
P3 QDiamonds P0 7Spades P1 6Diamonds P2 QSpades 
P3 JDiamonds P0 2Hearts P1 KClubs P2 JHearts 
P3 7Diamonds P0 6Clubs P1 KHearts P2 JSpades 
-- /GAME --
P0 HAND: 7Diamonds, KDiamonds, 6Diamonds, AClubs, 3Clubs, 2Clubs, JHearts, QHearts, 3Hearts, JSpades.
P1 HAND: 2Diamonds, QClubs, 6Clubs, 7Hearts, KHearts, 6Hearts, 4Hearts, 2Hearts, KSpades, 4Spades.
P2 HAND: QDiamonds, 7Clubs, KClubs, 5Clubs, 4Clubs, AHearts, 7Spades, QSpades, 3Spades, 2Spades.
P3 HAND: ADiamonds, JDiamonds, 5Diamonds, 4Diamonds, 3Diamonds, JClubs, 5Hearts, ASpades, 6Spades, 5Spades.
P3 3Diamonds P0 6Diamonds P1 2Diamonds P2 QDiamonds 
P2 AHearts P3 5Hearts P0 JHearts P1 2Hearts 
P2 2Spades P3 ASpades P0 JSpades P1 KSpades 
P3 4Diamonds P0 7Diamonds P1 6Clubs P2 KClubs 
P2 3Spades P3 5Spades P0 AClubs P1 4Spades 
P0 3Clubs P1 QClubs P2 4Clubs P3 JClubs 
P3 5Diamonds P0 KDiamonds P1 4Hearts P2 7Spades 
P0 2Clubs P1 6Hearts P2 5Clubs P3 6Spades 
P2 QSpades P3 JDiamonds P0 3Hearts P1 KHearts 
P2 7Clubs P3 ADiamonds P0 QHearts P1 7Hearts 
-- /GAME --
P0 HAND: QDiamonds, 5Diamonds, 3Diamonds, AClubs, KClubs, 6Hearts, 5Hearts, 4Hearts, ASpades, KSpades.
P1 HAND: ADiamonds, 6Diamonds, 4Diamonds, 2Diamonds, QClubs, 6Clubs, 4Clubs, QHearts, 7Spades, QSpades.
P2 HAND: JDiamonds, 7Clubs, 5Clubs, 3Clubs, 2Clubs, 7Hearts, KHearts, 5Spades, 4Spades, 2Spades.
P3 HAND: 7Diamonds, KDiamonds, JClubs, AHearts, JHearts, 3Hearts, 2Hearts, JSpades, 6Spades, 3Spades.
P2 2Clubs P3 JClubs P0 AClubs P1 4Clubs 
P0 KClubs P1 6Clubs P2 3Clubs P3 2Hearts 
P0 3Diamonds P1 ADiamonds P2 JDiamonds P3 7Diamonds 
P1 2Diamonds P2 5Clubs P3 KDiamonds P0 QDiamonds 
P3 AHearts P0 4Hearts P1 QHearts P2 KHearts 
P3 3Hearts P0 6Hearts P1 4Diamonds P2 7Hearts 
P2 2Spades P3 3Spades P0 KSpades P1 QSpades 
P0 5Hearts P1 6Diamonds P2 4Spades P3 JHearts 
P2 5Spades P3 6Spades P0 ASpades P1 7Spades 
P0 5Diamonds P1 QClubs P2 7Clubs P3 JSpades 
-- /GAME --
P0 HAND: 7Diamonds, 2Diamonds, 7Clubs, 3Clubs, 7Hearts, JHearts, 4Hearts, KSpades, QSpades, 5Spades.
P1 HAND: ADiamonds, 5Diamonds, 3Diamonds, 5Clubs, 2Clubs, 5Hearts, 2Hearts, ASpades, 4Spades, 2Spades.
P2 HAND: KDiamonds, JDiamonds, 6Diamonds, 4Diamonds, AClubs, KHearts, QHearts, 3Hearts, 6Spades, 3Spades.
P3 HAND: QDiamonds, KClubs, JClubs, QClubs, 6Clubs, 4Clubs, AHearts, 6Hearts, 7Spades, JSpades.
P1 ADiamonds P2 4Diamonds P3 QDiamonds P0 2Diamonds 
P1 2Clubs P2 AClubs P3 4Clubs P0 7Clubs 
P2 3Hearts P3 AHearts P0 4Hearts P1 5Hearts 
P3 6Clubs P0 3Clubs P1 5Clubs P2 6Diamonds 
P3 6Hearts P0 7Hearts P1 2Hearts P2 KHearts 
P0 JHearts P1 3Diamonds P2 QHearts P3 JSpades 
P3 QClubs P0 7Diamonds P1 2Spades P2 3Spades 
P2 JDiamonds P3 7Spades P0 5Spades P1 5Diamonds 
P3 JClubs P0 KSpades P1 ASpades P2 KDiamonds 
P1 4Spades P2 6Spades P3 KClubs P0 QSpades 
-- /GAME --
P0 HAND: ADiamonds, JDiamonds, 6Diamonds, 5Clubs, 3Clubs, KHearts, JSpades, QSpades, 5Spades, 4Spades.
P1 HAND: 4Diamonds, AClubs, 7Clubs, 6Clubs, 4Clubs, JHearts, 6Hearts, 2Hearts, 7Spades, KSpades.
P2 HAND: 7Diamonds, 3Diamonds, 2Diamonds, QClubs, 2Clubs, QHearts, 5Hearts, 4Hearts, 3Hearts, ASpades.
P3 HAND: KDiamonds, QDiamonds, 5Diamonds, KClubs, JClubs, AHearts, 7Hearts, 6Spades, 3Spades, 2Spades.
P0 4Spades P1 KSpades P2 ASpades P3 2Spades 
P2 2Diamonds P3 5Diamonds P0 ADiamonds P1 4Diamonds 
P0 6Diamonds P1 2Hearts P2 7Diamonds P3 QDiamonds 
P2 3Diamonds P3 KDiamonds P0 JDiamonds P1 7Spades 
P3 AHearts P0 KHearts P1 JHearts P2 3Hearts 
P3 3Spades P0 JSpades P1 6Hearts P2 QHearts 
P0 QSpades P1 4Clubs P2 4Hearts P3 6Spades 
P1 6Clubs P2 2Clubs P3 JClubs P0 3Clubs 
P3 KClubs P0 5Clubs P1 7Clubs P2 QClubs 
P1 AClubs P2 5Hearts P3 7Hearts P0 5Spades 
-- /GAME --
P0 HAND: QDiamonds, JClubs, 4Clubs, 3Clubs, 2Clubs, AHearts, ASpades, JSpades, 4Spades, 3Spades.
P1 HAND: ADiamonds, 7Diamonds, KDiamonds, 5Clubs, 6Hearts, 5Hearts, 7Spades, QSpades, 5Spades, 2Spades.
P2 HAND: 3Diamonds, 2Diamonds, AClubs, 7Clubs, KClubs, QClubs, 6Clubs, 7Hearts, KHearts, KSpades.
P3 HAND: JDiamonds, 6Diamonds, 5Diamonds, 4Diamonds, JHearts, QHearts, 4Hearts, 3Hearts, 2Hearts, 6Spades.
P0 AHearts P1 5Hearts P2 7Hearts P3 2Hearts 
P0 ASpades P1 2Spades P2 KSpades P3 6Spades 
P0 3Spades P1 5Spades P2 6Clubs P3 JHearts 
P1 5Clubs P2 AClubs P3 4Diamonds P0 4Clubs 
P3 3Hearts P0 QDiamonds P1 6Hearts P2 KHearts 
P0 JClubs P1 QSpades P2 QClubs P3 5Diamonds 
P3 4Hearts P0 JSpades P1 KDiamonds P2 KClubs 
P1 7Diamonds P2 2Diamonds P3 6Diamonds P0 2Clubs 
P1 ADiamonds P2 3Diamonds P3 JDiamonds P0 4Spades 
P1 7Spades P2 7Clubs P3 QHearts P0 3Clubs 
-- /GAME --
P0 HAND: 6Diamonds, 5Diamonds, 4Diamonds, 7Hearts, QHearts, 4Hearts, 3Hearts, JSpades, QSpades, 5Spades.
P1 HAND: ADiamonds, JDiamonds, QDiamonds, KClubs, 6Clubs, 3Clubs, 6Hearts, 2Hearts, ASpades, 3Spades.
P2 HAND: 7Diamonds, KDiamonds, AClubs, 5Clubs, 4Clubs, AHearts, 5Hearts, 7Spades, 6Spades, 4Spades.
P3 HAND: 3Diamonds, 2Diamonds, 7Clubs, JClubs, QClubs, 2Clubs, KHearts, JHearts, KSpades, 2Spades.

