-- GAME --
P0 HAND: KDiamonds, JDiamonds, QDiamonds, 5Diamonds, QClubs, 6Clubs, 4Hearts, 4Spades, 3Spades, 2Spades.
P1 HAND: 4Diamonds, JClubs, 5Clubs, 4Clubs, 3Clubs, AHearts, 5Hearts, 3Hearts, ASpades, KSpades.
P2 HAND: 7Diamonds, 3Diamonds, 7Clubs, KClubs, JHearts, QHearts, 2Hearts, JSpades, QSpades, 5Spades.
P3 HAND: ADiamonds, 6Diamonds, 2Diamonds, AClubs, 2Clubs, 7Hearts, KHearts, 6Hearts, 7Spades, 6Spades.
P0 2Spades P1 ASpades P2 5Spades P3 7Spades 
P1 3Clubs P2 KClubs P3 AClubs P0 6Clubs 
P3 ADiamonds P0 5Diamonds P1 4Diamonds P2 3Diamonds 
P3 2Diamonds P0 KDiamonds P1 4Clubs P2 7Diamonds 
P2 QSpades P3 6Spades P0 3Spades P1 KSpades 
P1 5Clubs P2 7Clubs P3 2Clubs P0 QClubs 
P2 JSpades P3 6Diamonds P0 4Spades P1 3Hearts 
P1 JClubs P2 2Hearts P3 6Hearts P0 QDiamonds 
P3 KHearts P0 4Hearts P1 5Hearts P2 QHearts 
P3 7Hearts P0 JDiamonds P1 AHearts P2 JHearts 
-- /GAME --
P0 HAND: 4Clubs, 3Clubs, 2Clubs, AHearts, 7Hearts, 5Hearts, 4Hearts, 3Hearts, 7Spades, 2Spades.
P1 HAND: KDiamonds, 6Diamonds, 3Diamonds, KClubs, QClubs, 6Clubs, JHearts, 6Hearts, 2Hearts, KSpades.
P2 HAND: QDiamonds, 4Diamonds, AClubs, 7Clubs, 5Clubs, QHearts, ASpades, JSpades, QSpades, 3Spades.
P3 HAND: ADiamonds, 7Diamonds, JDiamonds, 5Diamonds, 2Diamonds, JClubs, KHearts, 6Spades, 5Spades, 4Spades.
P3 4Spades P0 2Spades P1 KSpades P2 ASpades 
P2 AClubs P3 JClubs P0 2Clubs P1 6Clubs 
P2 3Spades P3 5Spades P0 7Spades P1 3Diamonds 
P1 2Hearts P2 QHearts P3 KHearts P0 AHearts 
P0 3Hearts P1 6Hearts P2 5Clubs P3 6Spades 
P1 QClubs P2 7Clubs P3 2Diamonds P0 3Clubs 
P3 5Diamonds P0 4Clubs P1 6Diamonds P2 4Diamonds 
P1 JHearts P2 QSpades P3 JDiamonds P0 4Hearts 
P3 7Diamonds P0 5Hearts P1 KDiamonds P2 QDiamonds 
P3 ADiamonds P0 7Hearts P1 KClubs P2 JSpades 
-- /GAME --
P0 HAND: ADiamonds, 2Diamonds, KClubs, 5Clubs, AHearts, KHearts, JHearts, 5Hearts, QSpades, 6Spades.
P1 HAND: QDiamonds, 6Clubs, 7Hearts, QHearts, 4Hearts, 3Hearts, ASpades, 7Spades, KSpades, JSpades.
P2 HAND: 7Diamonds, JDiamonds, 6Diamonds, 4Diamonds, AClubs, QClubs, 3Clubs, 2Clubs, 6Hearts, 3Spades.
P3 HAND: KDiamonds, 5Diamonds, 3Diamonds, 7Clubs, JClubs, 4Clubs, 2Hearts, 5Spades, 4Spades, 2Spades.
P2 AClubs P3 4Clubs P0 KClubs P1 6Clubs 
P2 2Clubs P3 JClubs P0 5Clubs P1 7Hearts 
P3 2Hearts P0 5Hearts P1 3Hearts P2 6Hearts 
P2 3Clubs P3 7Clubs P0 QSpades P1 JSpades 
P1 4Hearts P2 4Diamonds P3 3Diamonds P0 AHearts 
P0 KHearts P1 QHearts P2 3Spades P3 4Spades 
P3 5Diamonds P0 ADiamonds P1 QDiamonds P2 7Diamonds 
P0 2Diamonds P1 KSpades P2 6Diamonds P3 KDiamonds 
P1 7Spades P2 QClubs P3 2Spades P0 6Spades 
P1 ASpades P2 JDiamonds P3 5Spades P0 JHearts 
-- /GAME --

