-- GAME --
P0 HAND: ADiamonds, 6Clubs, AHearts, QHearts, 4Hearts, ASpades, 7Spades, KSpades, QSpades, 3Spades.
P1 HAND: 7Diamonds, QDiamonds, 5Diamonds, 3Clubs, KHearts, JHearts, 6Hearts, 5Hearts, 5Spades, 2Spades.
P2 HAND: KDiamonds, JDiamonds, 6Diamonds, 3Diamonds, 2Diamonds, JClubs, QClubs, 4Clubs, 7Hearts, 2Hearts.
P3 HAND: 4Diamonds, AClubs, 7Clubs, KClubs, 5Clubs, 2Clubs, 3Hearts, JSpades, 6Spades, 4Spades.
P3 2Clubs P0 6Clubs P1 3Clubs P2 JClubs 
P2 2Hearts P3 3Hearts P0 AHearts P1 5Hearts 
P0 ASpades P1 2Spades P2 7Hearts P3 4Spades 
P0 7Spades P1 5Spades P2 QClubs P3 6Spades 
P0 4Hearts P1 6Hearts P2 4Clubs P3 AClubs 
P1 JHearts P2 2Diamonds P3 5Clubs P0 QHearts 
P2 3Diamonds P3 4Diamonds P0 ADiamonds P1 5Diamonds 
P0 3Spades P1 QDiamonds P2 6Diamonds P3 JSpades 
P1 7Diamonds P2 JDiamonds P3 KClubs P0 QSpades 
P1 KHearts P2 KDiamonds P3 7Clubs P0 KSpades 
-- /GAME --
P0 HAND: ADiamonds, 6Diamonds, 4Diamonds, 2Diamonds, 3Clubs, 2Hearts, ASpades, 6Spades, 3Spades, 2Spades.
P1 HAND: QDiamonds, 3Diamonds, AClubs, JClubs, 4Clubs, KHearts, 4Hearts, 3Hearts, 5Spades, 4Spades.
P2 HAND: KDiamonds, JDiamonds, 7Clubs, KClubs, QClubs, 5Clubs, JHearts, QHearts, 6Hearts, JSpades.
P3 HAND: 7Diamonds, 5Diamonds, 6Clubs, 2Clubs, AHearts, 7Hearts, 5Hearts, 7Spades, KSpades, QSpades.
P2 6Hearts P3 AHearts P0 2Hearts P1 KHearts 
P3 5Diamonds P0 ADiamonds P1 3Diamonds P2 KDiamonds 
P0 ASpades P1 4Spades P2 JSpades P3 QSpades 
P0 2Diamonds P1 QDiamonds P2 JDiamonds P3 7Diamonds 
P3 5Hearts P0 4Diamonds P1 3Hearts P2 JHearts 
P2 QHearts P3 7Hearts P0 3Clubs P1 4Hearts 
P0 2Spades P1 5Spades P2 5Clubs P3 KSpades 
P2 QClubs P3 2Clubs P0 6Diamonds P1 4Clubs 
P2 KClubs P3 6Clubs P0 3Spades P1 JClubs 
P2 7Clubs P3 7Spades P0 6Spades P1 AClubs 
-- /GAME --
P0 HAND: 2Diamonds, KClubs, JClubs, 6Clubs, 7Hearts, KHearts, QHearts, 6Hearts, QSpades, 4Spades.
P1 HAND: ADiamonds, KDiamonds, JDiamonds, 3Diamonds, QClubs, ASpades, 7Spades, 5Spades, 3Spades, 2Spades.
P2 HAND: 7Diamonds, QDiamonds, 5Diamonds, 4Diamonds, AClubs, 2Clubs, AHearts, 5Hearts, 4Hearts, 6Spades.
P3 HAND: 6Diamonds, 7Clubs, 5Clubs, 4Clubs, 3Clubs, JHearts, 3Hearts, 2Hearts, KSpades, JSpades.
P1 ADiamonds P2 4Diamonds P3 6Diamonds P0 2Diamonds 
P1 3Diamonds P2 5Diamonds P3 2Hearts 
