-- GAME --
P0 HAND: 7Diamonds, KClubs, JClubs, 6Clubs, 4Clubs, QHearts, 4Hearts, 7Spades, KSpades, 6Spades.
P1 HAND: JDiamonds, QDiamonds, 5Diamonds, AClubs, 5Clubs, JHearts, 6Hearts, QSpades, 5Spades, 2Spades.
P2 HAND: 6Diamonds, 4Diamonds, 2Diamonds, 7Clubs, AHearts, 5Hearts, 3Hearts, JSpades, 4Spades, 3Spades.
P3 HAND: ADiamonds, KDiamonds, 3Diamonds, QClubs, 3Clubs, 2Clubs, 7Hearts, KHearts, 2Hearts, ASpades.
P0 QHearts P1 6Hearts P2 3Hearts P3 2Hearts 
P0 4Hearts P1 JHearts P2 5Hearts P3 KHearts 
P3 ADiamonds P0 7Diamonds P1 JDiamonds P2 2Diamonds 
P3 ASpades P0 6Spades P1 QSpades P2 3Spades 
P3 2Clubs P0 JClubs P1 AClubs P2 7Clubs 
P1 2Spades P2 4Spades P3 3Diamonds P0 7Spades 
P0 KClubs P1 5Clubs P2 JSpades P3 3Clubs 
P0 KSpades P1 5Spades P2 4Diamonds P3 QClubs 
P0 6Clubs P1 5Diamonds P2 6Diamonds P3 7Hearts 
P3 KDiamonds P0 4Clubs P1 QDiamonds P2 AHearts 
-- /GAME --
P0 HAND: 3Diamonds, 2Diamonds, KClubs, QClubs, 6Hearts, 3Hearts, 7Spades, KSpades, QSpades, 2Spades.
P1 HAND: ADiamonds, 6Diamonds, 5Clubs, 4Clubs, 3Clubs, 7Hearts, KHearts, 4Hearts, JSpades, 3Spades.
P2 HAND: KDiamonds, QDiamonds, AClubs, 6Clubs, 2Clubs, AHearts, QHearts, 5Hearts, 2Hearts, 6Spades.
P3 HAND: 7Diamonds, JDiamonds, 5Diamonds, 4Diamonds, 7Clubs, JClubs, JHearts, ASpades, 5Spades, 4Spades.
P3 ASpades P0 2Spades P1 JSpades P2 6Spades 
P3 4Diamonds P0 2Diamonds P1 ADiamonds P2 QDiamonds 
P1 3Clubs P2 AClubs P3 JClubs P0 KClubs 
P2 2Clubs P3 7Clubs P0 QClubs P1 5Clubs 
P3 4Spades P0 QSpades P1 3Spades P2 KDiamonds 
P0 3Hearts P1 4Hearts P2 2Hearts P3 JHearts 
P3 5Diamonds P0 3Diamonds P1 6Diamonds P2 6Clubs 
P1 4Clubs P2 5Hearts P3 5Spades P0 6Hearts 
P0 7Spades P1 KHearts P2 AHearts P3 JDiamonds 
P2 QHearts P3 7Diamonds P0 KSpades P1 7Hearts 
-- /GAME --
P0 HAND: 7Diamonds, QDiamonds, JClubs, 2Clubs, QHearts, 6Hearts, 4Hearts, 2Hearts, JSpades, 4Spades.
P1 HAND: JDiamonds, 3Diamonds, 2Diamonds, 7Clubs, QClubs, 3Clubs, AHearts, QSpades, 5Spades, 2Spades.
P2 HAND: 4Diamonds, KClubs, 5Clubs, 4Clubs, 7Hearts, 5Hearts, 3Hearts, ASpades, KSpades, 3Spades.
P3 HAND: ADiamonds, KDiamonds, 6Diamonds, 5Diamonds, AClubs, 6Clubs, KHearts, JHearts, 7Spades, 6Spades.
P2 ASpades P3 6Spades P0 JSpades P1 2Spades 
P2 3Hearts P3 JHearts P0 2Hearts P1 AHearts 
P1 2Diamonds P2 4Diamonds P3 ADiamonds P0 QDiamonds 
P3 5Diamonds P0 7Diamonds P1 3Diamonds P2 7Hearts 
P0 JClubs P1 3Clubs P2 4Clubs P3 6Clubs 
P0 4Spades P1 5Spades P2 3Spades P3 7Spades 
P3 6Diamonds P0 2Clubs P1 JDiamonds P2 KSpades 
P0 QHearts P1 QSpades P2 5Hearts P3 KHearts 
P3 AClubs P0 4Hearts P1 QClubs P2 5Clubs 
P3 KDiamonds P0 6Hearts P1 7Clubs P2 KClubs 
-- /GAME --
P0 HAND: QDiamonds, 3Diamonds, 2Diamonds, 7Clubs, QClubs, 4Clubs, KHearts, JHearts, QHearts, 2Hearts.
P1 HAND: JDiamonds, 5Diamonds, 4Diamonds, KClubs, 6Clubs, 5Clubs, AHearts, 7Hearts, 5Hearts, 3Spades.
P2 HAND: ADiamonds, AClubs, 3Clubs, 2Clubs, 6Hearts, ASpades, 7Spades, JSpades, 6Spades, 4Spades.
P3 HAND: 7Diamonds, KDiamonds, 6Diamonds, JClubs, 4Hearts, 3Hearts, KSpades, QSpades, 5Spades, 2Spades.
P1 AHearts P2 6Hearts P3 4Hearts P0 KHearts 
P1 3Spades P2 ASpades P3 2Spades P0 JHearts 
P2 ADiamonds P3 6Diamonds P0 QDiamonds P1 4Diamonds 
P2 4Spades P3 5Spades P0 3Diamonds P1 7Hearts 
P3 3Hearts P0 QHearts P1 5Hearts P2 7Spades 
P0 2Hearts P1 5Diamonds P2 6Spades P3 QSpades 
P0 2Diamonds P1 JDiamonds P2 2Clubs P3 KDiamonds 
P2 JSpades P3 KSpades P0 QClubs P1 KClubs 
P1 5Clubs P2 3Clubs P3 JClubs P0 7Clubs 
P0 4Clubs P1 6Clubs P2 AClubs P3 7Diamonds 
-- /GAME --
P0 HAND: KDiamonds, 4Diamonds, 3Diamonds, JClubs, 6Clubs, 5Clubs, 4Clubs, 5Hearts, 4Hearts, 5Spades.
P1 HAND: ADiamonds, 7Diamonds, 2Diamonds, AClubs, QClubs, 2Clubs, AHearts, 7Hearts, 6Hearts, ASpades.
P2 HAND: JDiamonds, 6Diamonds, 5Diamonds, 3Clubs, KHearts, 3Hearts, JSpades, QSpades, 6Spades, 4Spades.
P3 HAND: QDiamonds, 7Clubs, KClubs, JHearts, QHearts, 2Hearts, 7Spades, KSpades, 3Spades, 2Spades.
P0 5Spades P1 ASpades P2 4Spades P3 7Spades 
P1 ADiamonds P2 5Diamonds P3 QDiamonds P0 3Diamonds 
P1 AHearts P2 3Hearts P3 JHearts P0 4Hearts 
P1 2Diamonds P2 6Diamonds P3 2Hearts P0 KDiamonds 
P0 6Clubs P1 2Clubs P2 3Clubs P3 KClubs 
P3 2Spades P0 5Hearts P1 6Hearts P2 JSpades 
P2 6Spades P3 3Spades P0 4Diamonds P1 QClubs 
P1 AClubs P2 QSpades P3 7Clubs P0 4Clubs 
P1 7Diamonds P2 JDiamonds P3 QHearts P0 5Clubs 
P0 JClubs P1 7Hearts P2 KHearts P3 KSpades 
-- /GAME --
P0 HAND: 7Diamonds, KDiamonds, 3Diamonds, 2Diamonds, AClubs, JClubs, 2Clubs, JHearts, 6Hearts, 2Hearts.
P1 HAND: 5Diamonds, 5Clubs, 4Clubs, KHearts, QHearts, 5Hearts, 4Hearts, 3Hearts, ASpades, KSpades.
P2 HAND: ADiamonds, QDiamonds, KClubs, 3Clubs, AHearts, 7Spades, QSpades, 5Spades, 4Spades, 2Spades.
P3 HAND: JDiamonds, 6Diamonds, 4Diamonds, 7Clubs, QClubs, 6Clubs, 7Hearts, JSpades, 6Spades, 3Spades.
P1 ASpades P2 2Spades P3 JSpades 
