-- GAME --
P0 HAND: KDiamonds, 4Diamonds, 7Clubs, JClubs, 5Clubs, KHearts, QHearts, ASpades, JSpades, 2Spades.
P1 HAND: 6Diamonds, 2Diamonds, AClubs, QClubs, 6Clubs, 3Clubs, 2Clubs, 7Hearts, 2Hearts, 6Spades.
P2 HAND: ADiamonds, 7Diamonds, JDiamonds, QDiamonds, KClubs, 4Clubs, 5Hearts, 3Hearts, 4Spades, 3Spades.
P3 HAND: 5Diamonds, 3Diamonds, AHearts, JHearts, 6Hearts, 4Hearts, 7Spades, KSpades, QSpades, 5Spades.
P2 ADiamonds P3 3Diamonds P0 KDiamonds P1 2Diamonds 
P2 3Hearts P3 AHearts P0 QHearts P1 7Hearts 
P3 4Hearts P0 KHearts P1 2Hearts P2 5Hearts 
P0 ASpades P1 6Spades P2 4Spades P3 5Spades 
P0 4Diamonds P1 6Diamonds P2 QDiamonds P3 5Diamonds 
P2 3Spades P3 QSpades P0 JSpades P1 2Clubs 
P1 3Clubs P2 4Clubs P3 6Hearts P0 7Clubs 
P0 2Spades P1 6Clubs P2 KClubs P3 KSpades 
P2 JDiamonds P3 JHearts P0 JClubs P1 AClubs 
P1 QClubs P2 7Diamonds P3 7Spades P0 5Clubs 
-- /GAME --
P0 HAND: KDiamonds, JDiamonds, 5Diamonds, 4Diamonds, KClubs, QHearts, 6Hearts, 3Hearts, KSpades, 3Spades.
P1 HAND: 7Diamonds, 6Diamonds, 2Diamonds, 4Clubs, 2Clubs, 5Hearts, 4Hearts, 2Hearts, ASpades, 2Spades.
P2 HAND: AClubs, 7Clubs, JClubs, 5Clubs, 3Clubs, 7Hearts, QSpades, 6Spades, 5Spades, 4Spades.
P3 HAND: ADiamonds, QDiamonds, 3Diamonds, QClubs, 6Clubs, AHearts, KHearts, JHearts, 7Spades, JSpades.
P1 ASpades P2 4Spades P3 7Spades P0 3Spades 
P1 2Diamonds P2 3Clubs P3 ADiamonds P0 4Diamonds 
P3 3Diamonds P0 KDiamonds P1 6Diamonds P2 AClubs 
P0 JDiamonds P1 7Diamonds P2 7Hearts P3 QDiamonds 
P2 5Clubs P3 6Clubs P0 KClubs P1 2Clubs 
P0 KSpades P1 2Spades P2 5Spades P3 JSpades 
P0 6Hearts P1 2Hearts P2 6Spades P3 JHearts 
P3 QClubs P0 QHearts P1 4Clubs P2 7Clubs 
P0 3Hearts P1 4Hearts P2 QSpades P3 KHearts 
P3 AHearts P0 5Diamonds P1 5Hearts P2 JClubs 
-- /GAME --
P0 HAND: 7Diamonds, JDiamonds, AClubs, KClubs, JClubs, 6Hearts, 4Hearts, ASpades, QSpades, 2Spades.
P1 HAND: ADiamonds, 2Diamonds, 3Clubs, 2Clubs, QHearts, 3Hearts, 7Spades, KSpades, JSpades, 5Spades.
P2 HAND: QDiamonds, 4Diamonds, 3Diamonds, 7Clubs, QClubs, 6Clubs, 5Clubs, 7Hearts, KHearts, 3Spades.
P3 HAND: KDiamonds, 6Diamonds, 5Diamonds, 4Clubs, AHearts, JHearts, 5Hearts, 2Hearts, 6Spades, 4Spades.
P0 AClubs P1 2Clubs P2 7Clubs P3 4Clubs 
P0 ASpades P1 5Spades P2 3Spades P3 4Spades 
P0 2Spades P1 JSpades P2 3Diamonds P3 6Spades 
P1 ADiamonds P2 4Diamonds P3 KDiamonds P0 JDiamonds 
P1 2Diamonds P2 QDiamonds P3 5Diamonds P0 7Diamonds 
P0 QSpades P1 KSpades P2 KHearts P3 AHearts 
P3 6Diamonds P0 4Hearts P1 3Clubs P2 QClubs 
P0 KClubs P1 3Hearts P2 5Clubs P3 2Hearts 
P1 QHearts P2 7Hearts P3 5Hearts P0 6Hearts 
P2 6Clubs P3 JHearts P0 JClubs P1 7Spades 
-- /GAME --
P0 HAND: 6Diamonds, 5Diamonds, JClubs, QClubs, 6Clubs, 7Spades, KSpades, QSpades, 5Spades, 2Spades.
P1 HAND: KDiamonds, QDiamonds, 7Clubs, 5Clubs, 2Clubs, 7Hearts, 4Hearts, 3Hearts, JSpades, 4Spades.
P2 HAND: JDiamonds, 4Diamonds, KClubs, 4Clubs, AHearts, QHearts, 6Hearts, ASpades, 6Spades, 3Spades.
P3 HAND: ADiamonds, 7Diamonds, 3Diamonds, 2Diamonds, AClubs, 3Clubs, KHearts, JHearts, 5Hearts, 2Hearts.
P3 ADiamonds P0 5Diamonds P1 KDiamonds P2 4Diamonds 
P3 AClubs P0 6Clubs P1 7Clubs P2 4Clubs 
P3 2Diamonds P0 6Diamonds P1 QDiamonds P2 JDiamonds 
P2 ASpades P3 2Hearts P0 2Spades P1 JSpades 
P3 3Diamonds P0 7Spades P1 3Hearts P2 6Hearts 
P2 3Spades P3 3Clubs P0 KSpades P1 4Spades 
P0 QSpades P1 2Clubs P2 6Spades P3 5Hearts 
P3 JHearts P0 5Spades P1 4Hearts P2 QHearts 
P3 KHearts P0 QClubs P1 7Hearts P2 AHearts 
P2 KClubs P3 7Diamonds P0 JClubs P1 5Clubs 
-- /GAME --
P0 HAND: ADiamonds, 3Diamonds, 2Diamonds, 5Clubs, 7Hearts, KHearts, JHearts, 5Hearts, 7Spades, 5Spades.
P1 HAND: KDiamonds, JDiamonds, 6Diamonds, 5Diamonds, 4Diamonds, KClubs, JClubs, AHearts, 2Hearts, KSpades.
P2 HAND: 7Diamonds, QDiamonds, 6Clubs, 4Clubs, QHearts, 4Hearts, ASpades, QSpades, 4Spades, 3Spades.
P3 HAND: AClubs, 7Clubs, QClubs, 3Clubs, 2Clubs, 6Hearts, 3Hearts, JSpades, 6Spades, 2Spades.
P2 ASpades P3 2Spades P0 7Spades P1 KSpades 
P2 3Spades P3 6Spades P0 5Spades P1 AHearts 
P3 2Clubs P0 5Clubs P1 JClubs P2 4Clubs 
P1 2Hearts P2 4Hearts P3 3Hearts P0 7Hearts 
P0 KHearts P1 4Diamonds P2 QHearts P3 6Hearts 
P1 5Diamonds P2 QDiamonds P3 3Clubs P0 2Diamonds 
P2 4Spades P3 JSpades P0 3Diamonds P1 6Diamonds 
P1 JDiamonds P2 7Diamonds P3 QClubs P0 ADiamonds 
P0 JHearts P1 KDiamonds P2 6Clubs P3 AClubs 
P1 KClubs P2 QSpades P3 7Clubs P0 5Hearts 
-- /GAME --
P0 HAND: JDiamonds, 4Diamonds, AClubs, 7Clubs, AHearts, 4Hearts, ASpades, 7Spades, QSpades, 3Spades.
P1 HAND: 6Diamonds, QClubs, 6Clubs, 5Clubs, KHearts, QHearts, 6Hearts, 2Hearts, JSpades, 2Spades.
P2 HAND: 5Diamonds, KClubs, JClubs, 4Clubs, 3Clubs, 2Clubs, 5Hearts, 3Hearts, KSpades, 6Spades.
P3 HAND: ADiamonds, 7Diamonds, KDiamonds, QDiamonds, 3Diamonds, 2Diamonds, 7Hearts, JHearts, 5Spades, 4Spades.
P1 2Hearts P2 3Hearts P3 JHearts P0 AHearts 
P0 AClubs P1 5Clubs P2 KClubs P3 4Spades 
P3 2Diamonds P0 JDiamonds P1 6Diamonds P2 5Diamonds 
P0 4Hearts P1 6Hearts P2 5Hearts P3 7Hearts 
P3 3Diamonds P0 4Diamonds P1 6Clubs P2 JClubs 
P0 7Clubs P1 QClubs P2 2Clubs P3 5Spades 
P3 QDiamonds P0 3Spades P1 QHearts P2 4Clubs 
P0 7Spades P1 2Spades P2 6Spades P3 KDiamonds 
P0 ASpades P1 JSpades P2 KSpades P3 7Diamonds 
P0 QSpades P1 KHearts P2 3Clubs P3 ADiamonds 
-- /GAME --
P0 HAND: ADiamonds, JDiamonds, 6Diamonds, 5Diamonds, JClubs, JHearts, 6Hearts, JSpades, QSpades, 2Spades.
P1 HAND: QDiamonds, 3Diamonds, KClubs, 5Clubs, 3Clubs, AHearts, 4Hearts, 3Hearts, KSpades, 3Spades.
P2 HAND: 2Diamonds, AClubs, 7Clubs, 6Clubs, 4Clubs, 2Clubs, QHearts, 5Hearts, 6Spades, 4Spades.
P3 HAND: 7Diamonds, KDiamonds, 4Diamonds, QClubs, 7Hearts, KHearts, 2Hearts, ASpades, 7Spades, 5Spades.

