-- GAME --
P0 2Hearts P1 3Hearts P2 AHearts P3 4Hearts 
P2 ADiamonds P3 2Diamonds P0 KDiamonds P1 QDiamonds 
P2 5Diamonds P3 6Hearts P0 6Diamonds P1 JDiamonds 
P1 AClubs P2 KClubs P3 KHearts P0 3Clubs 
P1 2Clubs P2 7Clubs P3 3Spades P0 4Clubs 
P3 QHearts P0 QClubs P1 5Hearts P2 7Hearts 
P2 JHearts P3 4Spades P0 3Diamonds P1 JClubs 
P3 QSpades P0 KSpades P1 2Spades P2 5Spades 
P0 6Clubs P1 5Clubs P2 7Spades P3 ASpades 
P3 JSpades P0 4Diamonds P1 6Spades P2 7Diamonds 
-- /GAME --
P0 HAND: 7Diamonds, KDiamonds, JDiamonds, 4Diamonds, QClubs, 2Clubs, KHearts, JHearts, 7Spades, 4Spades.
P1 HAND: 2Diamonds, 5Clubs, 3Clubs, AHearts, 6Hearts, 5Hearts, 3Hearts, KSpades, JSpades, 6Spades.
P2 HAND: QDiamonds, 3Diamonds, 7Clubs, KClubs, JClubs, 4Clubs, QHearts, 5Spades, 3Spades, 2Spades.
P3 HAND: ADiamonds, 6Diamonds, 5Diamonds, AClubs, 6Clubs, 7Hearts, 4Hearts, 2Hearts, ASpades, QSpades.
P3 ADiamonds P0 4Diamonds P1 2Diamonds P2 3Diamonds 
P3 ASpades P0 4Spades P1 KSpades P2 2Spades 
P3 2Hearts P0 KHearts P1 AHearts P2 QHearts 
P1 3Hearts P2 3Spades P3 7Hearts P0 JHearts 
P3 4Hearts P0 7Diamonds P1 5Hearts P2 4Clubs 
P2 5Spades P3 QSpades P0 7Spades P1 6Spades 
P0 KDiamonds P1 6Hearts P2 QDiamonds P3 5Diamonds 
P0 JDiamonds P1 3Clubs P2 JClubs P3 6Diamonds 
P2 KClubs P3 6Clubs P0 QClubs P1 5Clubs 
P2 7Clubs P3 AClubs P0 2Clubs P1 JSpades 
-- /GAME --
P0 HAND: JDiamonds, QDiamonds, 3Diamonds, 5Clubs, KHearts, 4Hearts, 2Hearts, 7Spades, KSpades, QSpades.
P1 HAND: 6Diamonds, 5Diamonds, 2Diamonds, 7Clubs, QClubs, 4Clubs, 2Clubs, QHearts, 6Spades, 4Spades.
P2 HAND: ADiamonds, KDiamonds, KClubs, JClubs, JHearts, 6Hearts, 5Hearts, ASpades, JSpades, 5Spades.
P3 HAND: 7Diamonds, 4Diamonds, AClubs, 6Clubs, 3Clubs, AHearts, 7Hearts, 3Hearts, 3Spades, 2Spades.
P2 ASpades P3 2Spades P0 7Spades P1 4Spades 
P2 5Hearts P3 AHearts P0 2Hearts P1 QHearts 
P3 AClubs P0 5Clubs P1 7Clubs P2 JClubs 
P3 3Clubs P0 4Hearts P1 2Clubs P2 KClubs 
P2 5Spades P3 3Spades P0 KSpades P1 6Spades 
P0 KHearts P1 4Clubs P2 6Hearts P3 7Hearts 
P3 3Hearts P0 3Diamonds P1 QClubs P2 JHearts 
P0 QDiamonds P1 2Diamonds P2 KDiamonds P3 7Diamonds 
P3 6Clubs P0 QSpades P1 5Diamonds P2 ADiamonds 
P2 JSpades P3 4Diamonds P0 JDiamonds P1 6Diamonds 
-- /GAME --
P0 HAND: ADiamonds, KDiamonds, 4Diamonds, 2Diamonds, KClubs, 6Clubs, 2Clubs, 7Hearts, QHearts, QSpades.
P1 HAND: 7Diamonds, QDiamonds, 6Diamonds, 5Diamonds, 5Clubs, 6Hearts, 4Hearts, ASpades, 7Spades, 3Spades.
P2 HAND: JDiamonds, JClubs, 4Clubs, KHearts, 5Hearts, 3Hearts, KSpades, JSpades, 5Spades, 2Spades.
P3 HAND: 3Diamonds, AClubs, 7Clubs, QClubs, 3Clubs, AHearts, JHearts, 2Hearts, 6Spades, 4Spades.
P1 ASpades P2 2Spades P3 6Spades P0 QSpades 
P1 3Spades P2 5Spades P3 4Spades P0 2Diamonds 
P2 4Clubs P3 AClubs P0 2Clubs P1 5Clubs 
P3 3Diamonds P0 4Diamonds P1 5Diamonds P2 JDiamonds 
P2 JClubs P3 3Clubs P0 KClubs P1 4Hearts 
P1 6Diamonds P2 3Hearts P3 QClubs P0 ADiamonds 
P2 JSpades P3 2Hearts P0 6Clubs P1 7Spades 
P3 JHearts P0 7Hearts P1 6Hearts P2 5Hearts 
P0 KDiamonds P1 QDiamonds P2 KHearts P3 AHearts 
P3 7Clubs P0 QHearts P1 7Diamonds P2 KSpades 
-- /GAME --
P0 HAND: ADiamonds, KDiamonds, JDiamonds, 2Diamonds, 7Clubs, 7Hearts, QHearts, 5Hearts, 7Spades, 6Spades.
P1 HAND: 4Diamonds, 3Diamonds, AClubs, KClubs, 6Clubs, 5Clubs, KHearts, 4Hearts, 2Hearts, JSpades.
P2 HAND: 7Diamonds, QDiamonds, 6Diamonds, 5Diamonds, QClubs, JHearts, 3Hearts, KSpades, 5Spades, 3Spades.
P3 HAND: JClubs, 4Clubs, 3Clubs, 2Clubs, AHearts, 6Hearts, ASpades, QSpades, 4Spades, 2Spades.

