-- GAME --
P0 HAND: ADiamonds, 7Diamonds, 2Diamonds, 7Clubs, 4Clubs, KHearts, 4Hearts, 3Hearts, 4Spades, 3Spades.
P1 HAND: KDiamonds, JDiamonds, 6Diamonds, QClubs, 3Clubs, AHearts, 7Hearts, JHearts, ASpades, QSpades.
P2 HAND: 5Diamonds, 4Diamonds, 3Diamonds, AClubs, 5Clubs, 2Clubs, 7Spades, KSpades, JSpades, 6Spades.
P3 HAND: QDiamonds, KClubs, JClubs, 6Clubs, QHearts, 6Hearts, 5Hearts, 2Hearts, 5Spades, 2Spades.
P3 2Hearts P0 3Hearts P1 AHearts P2 2Clubs 
P2 3Diamonds P3 QDiamonds P0 ADiamonds P1 6Diamonds 
P0 KHearts P1 JHearts P2 5Clubs P3 5Hearts 
P2 4Diamonds P3 2Spades P0 2Diamonds P1 KDiamonds 
P1 ASpades P2 6Spades P3 5Spades P0 3Spades 
P1 QSpades P2 JSpades P3 6Clubs P0 4Spades 
P3 6Hearts P0 4Hearts P1 7Hearts P2 AClubs 
P2 5Diamonds P3 QHearts P0 7Diamonds P1 JDiamonds 
P0 7Clubs P1 3Clubs P2 7Spades P3 JClubs 
P0 4Clubs P1 QClubs P2 KSpades P3 KClubs 
-- /GAME --
P0 HAND: KDiamonds, 7Clubs, QClubs, 4Clubs, 3Clubs, QHearts, 6Hearts, 5Hearts, 3Spades, 2Spades.
P1 HAND: 7Diamonds, JDiamonds, 6Diamonds, 3Diamonds, JClubs, 7Hearts, 2Hearts, ASpades, JSpades, 6Spades.
P2 HAND: QDiamonds, 4Diamonds, AClubs, KClubs, AHearts, KHearts, 4Hearts, 3Hearts, KSpades, 5Spades.
P3 HAND: ADiamonds, 5Diamonds, 2Diamonds, 6Clubs, 5Clubs, 2Clubs, JHearts, 7Spades, QSpades, 4Spades.

