-- GAME --
P3 ASpades P0 2Spades P1 KSpades P2 4Spades 
P3 2Hearts P0 6Hearts P1 AHearts P2 5Hearts 
P1 3Diamonds P2 2Diamonds P3 4Diamonds P0 JDiamonds 
P0 ADiamonds P1 QDiamonds P2 QHearts P3 KDiamonds 
P0 6Diamonds P1 3Hearts P2 6Spades P3 7Diamonds 
P3 5Spades P0 JSpades P1 3Spades P2 2Clubs 
P2 4Clubs P3 QClubs P0 JClubs P1 KClubs 
P1 4Hearts P2 6Clubs P3 KHearts P0 JHearts 
P2 7Clubs P3 7Hearts P0 QSpades P1 3Clubs 
P2 AClubs P3 7Spades P0 5Diamonds P1 5Clubs 
-- /GAME --
P0 HAND: ADiamonds, JDiamonds, QDiamonds, 4Diamonds, 7Clubs, 6Clubs, 5Clubs, JSpades, 4Spades, 3Spades.
P1 HAND: 6Diamonds, 5Diamonds, 2Diamonds, QClubs, AHearts, 7Hearts, KHearts, KSpades, QSpades, 6Spades.
P2 HAND: 7Diamonds, KDiamonds, AClubs, 3Clubs, QHearts, 5Hearts, ASpades, 7Spades, 5Spades, 2Spades.
P3 HAND: 3Diamonds, KClubs, JClubs, 4Clubs, 2Clubs, JHearts, 6Hearts, 4Hearts, 3Hearts, 2Hearts.
P2 AClubs P3 2Clubs P0 7Clubs P1 QClubs 
P2 ASpades P3 2Hearts P0 JSpades P1 KSpades 
P3 3Diamonds P0 ADiamonds P1 2Diamonds P2 7Diamonds 
P0 JDiamonds P1 5Diamonds P2 KDiamonds P3 3Hearts 
P3 4Clubs P0 5Clubs P1 6Diamonds P2 3Clubs 
P0 4Diamonds P1 6Spades P2 2Spades P3 4Hearts 
P3 JClubs P0 6Clubs P1 QSpades P2 5Hearts 
P2 5Spades P3 6Hearts P0 4Spades P1 KHearts 
P1 7Hearts P2 QHearts P3 JHearts P0 3Spades 
P1 AHearts P2 7Spades P3 KClubs P0 QDiamonds 
-- /GAME --
P0 HAND: ADiamonds, 7Diamonds, JDiamonds, 6Diamonds, 5Clubs, 4Clubs, 3Hearts, KSpades, 4Spades, 2Spades.
P1 HAND: KDiamonds, QDiamonds, 2Diamonds, AClubs, 7Clubs, 6Clubs, JHearts, 4Hearts, QSpades, 5Spades.
P2 HAND: 3Diamonds, JClubs, QClubs, 2Clubs, 7Hearts, KHearts, 6Hearts, JSpades, 6Spades, 3Spades.
P3 HAND: 5Diamonds, 4Diamonds, KClubs, 3Clubs, AHearts, QHearts, 5Hearts, 2Hearts, ASpades, 7Spades.
P1 AClubs P2 2Clubs P3 KClubs P0 4Clubs 
P1 2Diamonds P2 3Diamonds P3 4Diamonds P0 7Diamonds 
P0 ADiamonds P1 QDiamonds P2 7Hearts P3 5Diamonds 
P0 JDiamonds P1 KDiamonds P2 3Spades P3 7Spades 
P3 2Hearts P0 3Hearts P1 4Hearts P2 KHearts 
P2 6Hearts P3 5Hearts P0 6Diamonds P1 JHearts 
P1 6Clubs P2 QClubs P3 3Clubs P0 5Clubs 
P2 JClubs P3 QHearts P0 KSpades P1 7Clubs 
P0 4Spades P1 5Spades P2 6Spades P3 ASpades 
P3 AHearts P0 2Spades P1 QSpades P2 JSpades 
-- /GAME --
P0 HAND: KDiamonds, 5Diamonds, 4Diamonds, JClubs, 2Clubs, AHearts, QHearts, KSpades, QSpades, 3Spades.
P1 HAND: ADiamonds, JDiamonds, 6Diamonds, 2Diamonds, 4Clubs, 3Clubs, JHearts, 7Spades, 5Spades, 4Spades.
P2 HAND: 7Diamonds, 3Diamonds, KClubs, QClubs, 6Clubs, 5Clubs, 7Hearts, KHearts, 3Hearts, ASpades.
P3 HAND: QDiamonds, AClubs, 7Clubs, 6Hearts, 5Hearts, 4Hearts, 2Hearts, JSpades, 6Spades, 2Spades.
P0 2Clubs P1 3Clubs P2 5Clubs P3 AClubs 
P3 2Spades P0 3Spades P1 4Spades P2 ASpades 
P2 3Diamonds P3 QDiamonds P0 KDiamonds P1 ADiamonds 
P1 2Diamonds P2 7Diamonds P3 2Hearts P0 5Diamonds 
P3 6Spades P0 KSpades P1 7Spades P2 3Hearts 
P2 6Clubs P3 7Clubs P0 JClubs P1 4Clubs 
P3 JSpades P0 QSpades P1 5Spades P2 KHearts 
P2 QClubs P3 4Hearts P0 QHearts P1 6Diamonds 
P0 AHearts P1 JHearts P2 7Hearts P3 5Hearts 
P0 4Diamonds P1 JDiamonds P2 KClubs P3 6Hearts 
-- /GAME --
P0 HAND: QDiamonds, AClubs, JClubs, 3Clubs, AHearts, KHearts, 6Hearts, 3Hearts, 5Spades, 4Spades.
P1 HAND: KClubs, 6Clubs, 5Clubs, JHearts, 7Spades, KSpades, JSpades, QSpades, 6Spades, 3Spades.
P2 HAND: ADiamonds, 7Diamonds, JDiamonds, 5Diamonds, 3Diamonds, 2Diamonds, 7Hearts, QHearts, 2Hearts, 2Spades.
P3 HAND: KDiamonds, 6Diamonds, 4Diamonds, 7Clubs, QClubs, 4Clubs, 2Clubs, 5Hearts, 4Hearts, ASpades.
P3 2Clubs 
