-- GAME --
P0 HAND: KDiamonds, 2Diamonds, JClubs, 6Clubs, 7Hearts, KHearts, 4Hearts, 3Hearts, ASpades, 7Spades.
P1 HAND: ADiamonds, 4Diamonds, AClubs, 7Clubs, 5Hearts, JSpades, QSpades, 6Spades, 5Spades, 2Spades.
P2 HAND: JDiamonds, 6Diamonds, QClubs, 5Clubs, 3Clubs, AHearts, JHearts, 2Hearts, 4Spades, 3Spades.
P3 HAND: 7Diamonds, QDiamonds, 5Diamonds, 3Diamonds, KClubs, 4Clubs, 2Clubs, QHearts, 6Hearts, KSpades.
P3 2Clubs P0 6Clubs P1 AClubs P2 3Clubs 
P1 ADiamonds P2 6Diamonds P3 7Diamonds P0 2Diamonds 
P1 2Spades P2 3Spades P3 KSpades P0 7Spades 
P0 KDiamonds P1 4Diamonds P2 JDiamonds P3 3Diamonds 
P0 ASpades P1 5Spades P2 4Spades P3 6Hearts 
P3 4Clubs P0 JClubs P1 7Clubs P2 5Clubs 
P1 6Spades P2 QClubs P3 5Diamonds P0 3Hearts 
P0 4Hearts P1 5Hearts P2 2Hearts P3 QHearts 
P3 QDiamonds P0 KHearts P1 QSpades P2 JHearts 
P0 7Hearts P1 JSpades P2 AHearts P3 KClubs 
-- /GAME --
P0 HAND: ADiamonds, KDiamonds, 6Diamonds, 4Diamonds, KClubs, JClubs, 4Clubs, 3Hearts, ASpades, 3Spades.
P1 HAND: 2Diamonds, 6Clubs, 3Clubs, KHearts, 6Hearts, 5Hearts, 7Spades, 6Spades, 5Spades, 2Spades.
P2 HAND: QDiamonds, 3Diamonds, 7Clubs, 5Clubs, 7Hearts, 4Hearts, 2Hearts, KSpades, JSpades, 4Spades.
P3 HAND: 7Diamonds, JDiamonds, 5Diamonds, AClubs, QClubs, 2Clubs, AHearts, JHearts, QHearts, QSpades.
P2 3Diamonds P3 5Diamonds P0 ADiamonds P1 2Diamonds 
P0 ASpades P1 2Spades P2 KSpades P3 QSpades 
P0 4Clubs P1 3Clubs P2 5Clubs P3 AClubs 
P3 2Clubs P0 KClubs P1 6Clubs P2 7Clubs 
P2 4Spades P3 QClubs P0 3Spades P1 7Spades 
P1 5Spades P2 JSpades P3 QHearts P0 4Diamonds 
P3 JDiamonds P0 KDiamonds P1 5Hearts P2 QDiamonds 
P1 6Spades P2 2Hearts P3 JHearts P0 JClubs 
P3 AHearts P0 3Hearts P1 6Hearts P2 4Hearts 
P3 7Diamonds P0 6Diamonds P1 KHearts P2 7Hearts 
-- /GAME --
P0 HAND: 3Diamonds, AClubs, 7Clubs, 6Clubs, 3Clubs, 2Clubs, 6Hearts, 2Hearts, 6Spades, 3Spades.
P1 HAND: KDiamonds, 6Diamonds, 4Diamonds, KClubs, AHearts, KHearts, JHearts, QHearts, KSpades, QSpades.
P2 HAND: ADiamonds, QDiamonds, 2Diamonds, 5Clubs, 7Hearts, 4Hearts, 3Hearts, 7Spades, JSpades, 5Spades.
P3 HAND: 7Diamonds, JDiamonds, 5Diamonds, JClubs, QClubs, 4Clubs, 5Hearts, ASpades, 4Spades, 2Spades.
P1 AHearts P2 3Hearts P3 5Hearts P0 2Hearts 
P1 4Diamonds P2 ADiamonds P3 5Diamonds P0 3Diamonds 
P2 2Diamonds P3 JDiamonds P0 3Spades P1 6Diamonds 
P0 AClubs P1 KClubs P2 5Clubs P3 4Clubs 
P0 6Hearts P1 QHearts P2 7Hearts P3 2Spades 
P3 QClubs P0 2Clubs P1 QSpades P2 4Hearts 
P1 JHearts P2 QDiamonds P3 4Spades P0 3Clubs 
P3 JClubs P0 6Clubs P1 KSpades P2 7Spades 
P2 5Spades P3 ASpades P0 6Spades P1 KDiamonds 
P3 7Diamonds P0 7Clubs P1 KHearts P2 JSpades 
-- /GAME --
P0 HAND: KDiamonds, JDiamonds, 3Diamonds, KClubs, QClubs, 3Clubs, KHearts, JHearts, 7Spades, 3Spades.
P1 HAND: 2Diamonds, 5Clubs, 2Clubs, 7Hearts, 4Hearts, 3Hearts, KSpades, JSpades, 6Spades, 2Spades.
P2 HAND: ADiamonds, 7Diamonds, 6Diamonds, 5Diamonds, 4Diamonds, AClubs, 6Clubs, 4Clubs, QSpades, 4Spades.
P3 HAND: QDiamonds, 7Clubs, JClubs, AHearts, QHearts, 6Hearts, 5Hearts, 2Hearts, ASpades, 5Spades.
P0 3Clubs P1 2Clubs P2 AClubs P3 JClubs 
P2 4Diamonds P3 QDiamonds P0 3Diamonds P1 2Diamonds 
P3 ASpades P0 3Spades P1 KSpades P2 4Spades 
P3 5Spades P0 7Spades P1 2Spades P2 QSpades 
P0 JDiamonds P1 5Clubs P2 5Diamonds P3 2Hearts 
P3 5Hearts P0 JHearts P1 3Hearts P2 ADiamonds 
P0 KDiamonds P1 6Spades P2 6Diamonds P3 6Hearts 
P3 QHearts P0 KHearts P1 7Hearts P2 4Clubs 
P1 JSpades P2 6Clubs P3 AHearts P0 QClubs 
P3 7Clubs P0 KClubs P1 4Hearts P2 7Diamonds 
-- /GAME --
P0 HAND: ADiamonds, 7Diamonds, KClubs, 3Clubs, AHearts, 7Hearts, 6Hearts, 3Hearts, 2Hearts, 7Spades.
P1 HAND: KDiamonds, 5Diamonds, 4Diamonds, 3Diamonds, 2Diamonds, QHearts, KSpades, JSpades, QSpades, 3Spades.
P2 HAND: JDiamonds, 6Diamonds, AClubs, 7Clubs, QClubs, 5Clubs, KHearts, 5Hearts, 4Hearts, 6Spades.
P3 HAND: QDiamonds, JClubs, 6Clubs, 4Clubs, 2Clubs, JHearts, ASpades, 5Spades, 4Spades, 2Spades.
P3 ASpades P0 7Spades P1 KSpades P2 6Spades 
P3 2Clubs P0 3Clubs P1 3Spades P2 AClubs 
P2 4Hearts P3 JHearts P0 AHearts P1 QHearts 
P0 KClubs P1 QSpades P2 7Clubs P3 4Clubs 
P2 5Clubs P3 6Clubs P0 6Hearts P1 JSpades 
P3 2Spades P0 3Hearts P1 2Diamonds P2 5Hearts 
P1 3Diamonds P2 6Diamonds P3 QDiamonds P0 7Diamonds 
P0 ADiamonds P1 4Diamonds P2 JDiamonds P3 4Spades 
P0 2Hearts P1 5Diamonds P2 KHearts P3 JClubs 
P1 KDiamonds P2 QClubs P3 5Spades P0 7Hearts 
-- /GAME --
P0 HAND: ADiamonds, 7Diamonds, QDiamonds, AClubs, KClubs, 2Clubs, KHearts, QSpades, 6Spades, 4Spades.
P1 HAND: KDiamonds, JDiamonds, 5Diamonds, 3Diamonds, JClubs, QClubs, AHearts, 7Hearts, JHearts, KSpades.
P2 HAND: 2Diamonds, 7Clubs, 5Clubs, 4Clubs, 6Hearts, 5Hearts, 4Hearts, 3Hearts, 7Spades, JSpades.
P3 HAND: 6Diamonds, 4Diamonds, 6Clubs, 3Clubs, QHearts, 2Hearts, ASpades, 5Spades, 3Spades, 2Spades.
P1 AHearts P2 3Hearts P3 QHearts P0 KHearts 
P1 3Diamonds P2 2Diamonds P3 4Diamonds P0 7Diamonds 
P0 4Spades P1 KSpades P2 JSpades P3 ASpades 
P3 2Hearts P0 2Clubs P1 JHearts P2 6Hearts 
P0 6Spades P1 5Diamonds P2 7Spades P3 2Spades 
P2 4Hearts P3 3Spades P0 KClubs P1 7Hearts 
P0 QSpades P1 QClubs P2 5Hearts P3 5Spades 
P1 JDiamonds P2 4Clubs P3 6Diamonds P0 ADiamonds 
P2 5Clubs P3 3Clubs P0 AClubs P1 JClubs 
P0 QDiamonds P1 KDiamonds P2 7Clubs P3 6Clubs 
-- /GAME --
P0 HAND: 2Diamonds, JClubs, 6Clubs, 4Clubs, 3Clubs, 7Hearts, QHearts, KSpades, JSpades, 5Spades.
P1 HAND: ADiamonds, JDiamonds, 6Diamonds, 4Diamonds, KHearts, 5Hearts, 2Hearts, 6Spades, 4Spades, 3Spades.
P2 HAND: 7Diamonds, QDiamonds, 5Diamonds, KClubs, 5Clubs, JHearts, 4Hearts, 3Hearts, ASpades, 2Spades.
P3 HAND: KDiamonds, 3Diamonds, AClubs, 7Clubs, QClubs, 2Clubs, AHearts, 6Hearts, 7Spades, QSpades.

