-- GAME --
P0 HAND: ADiamonds, 5Diamonds, 2Diamonds, AClubs, KClubs, 5Hearts, ASpades, KSpades, 6Spades, 4Spades.
P1 HAND: JDiamonds, 6Diamonds, 4Diamonds, 3Diamonds, 7Clubs, 4Clubs, 6Hearts, 4Hearts, 3Hearts, QSpades.
P2 HAND: 7Diamonds, KDiamonds, JClubs, QClubs, 5Clubs, 2Clubs, 7Hearts, 2Hearts, 7Spades, JSpades.
P3 HAND: QDiamonds, 6Clubs, 3Clubs, AHearts, KHearts, JHearts, QHearts, 5Spades, 3Spades, 2Spades.
P2 2Clubs P3 3Clubs P0 AClubs P1 4Clubs 
P0 ADiamonds P1 3Diamonds P2 7Diamonds P3 QDiamonds 
P0 ASpades P1 QSpades P2 7Spades P3 2Spades 
P0 5Diamonds P1 4Diamonds P2 KDiamonds P3 3Spades 
P2 5Clubs P3 6Clubs P0 KClubs P1 7Clubs 
P1 6Diamonds P2 QClubs P3 5Spades P0 2Diamonds 
P1 JDiamonds P2 2Hearts P3 QHearts P0 4Spades 
P3 JHearts P0 5Hearts P1 3Hearts P2 7Hearts 
P2 JClubs P3 KHearts P0 6Spades P1 4Hearts 
P3 AHearts P0 KSpades P1 6Hearts P2 JSpades 
-- /GAME --
P0 HAND: QClubs, 3Clubs, 2Clubs, 7Hearts, JHearts, 6Hearts, 2Hearts, KSpades, 5Spades, 2Spades.
P1 HAND: JDiamonds, 4Diamonds, 6Clubs, 5Clubs, QHearts, 5Hearts, ASpades, JSpades, 6Spades, 4Spades.
P2 HAND: ADiamonds, 5Diamonds, 2Diamonds, 7Clubs, KClubs, JClubs, AHearts, KHearts, 4Hearts, QSpades.
P3 HAND: 7Diamonds, KDiamonds, QDiamonds, 6Diamonds, 3Diamonds, AClubs, 4Clubs, 3Hearts, 7Spades, 3Spades.
P1 ASpades P2 QSpades P3 7Spades P0 2Spades 
P1 4Diamonds P2 ADiamonds P3 3Diamonds P0 KSpades 
P2 2Diamonds P3 6Diamonds P0 5Spades P1 JDiamonds 
P1 4Spades P2 5Diamonds P3 3Spades P0 2Clubs 
P1 5Clubs P2 JClubs P3 AClubs P0 3Clubs 
P3 4Clubs P0 QClubs P1 6Clubs P2 7Clubs 
P2 4Hearts P3 3Hearts P0 2Hearts P1 5Hearts 
P1 6Spades P2 KHearts P3 QDiamonds P0 7Hearts 
P0 6Hearts P1 QHearts P2 AHearts P3 KDiamonds 
P2 KClubs P3 7Diamonds P0 JHearts P1 JSpades 
-- /GAME --
P0 HAND: 6Diamonds, AClubs, 6Clubs, AHearts, KHearts, JHearts, QHearts, 3Hearts, 3Spades, 2Spades.
P1 HAND: 7Diamonds, KDiamonds, JClubs, 3Clubs, 7Hearts, 6Hearts, 4Hearts, 2Hearts, KSpades, JSpades.
P2 HAND: ADiamonds, JDiamonds, 5Diamonds, 4Diamonds, 3Diamonds, 7Clubs, 4Clubs, ASpades, QSpades, 5Spades.
P3 HAND: QDiamonds, 2Diamonds, KClubs, QClubs, 5Clubs, 2Clubs, 5Hearts, 7Spades, 6Spades, 4Spades.
P0 6Diamonds P1 KDiamonds P2 ADiamonds P3 2Diamonds 
P2 ASpades P3 4Spades P0 3Spades P1 JSpades 
P2 3Diamonds P3 QDiamonds P0 3Hearts P1 7Diamonds 
P1 2Hearts P2 4Diamonds P3 5Hearts P0 AHearts 
P0 KHearts P1 4Hearts P2 5Diamonds P3 6Spades 
P0 JHearts P1 6Hearts P2 5Spades P3 2Clubs 
P3 5Clubs P0 6Clubs P1 3Clubs P2 4Clubs 
P0 QHearts P1 7Hearts P2 7Clubs P3 7Spades 
P2 QSpades P3 QClubs P0 2Spades P1 KSpades 
P3 KClubs P0 AClubs P1 JClubs P2 JDiamonds 
-- /GAME --
P0 HAND: 4Diamonds, KClubs, AHearts, KHearts, 6Hearts, 4Hearts, 7Spades, KSpades, JSpades, QSpades.
P1 HAND: 7Diamonds, JDiamonds, 6Diamonds, 3Diamonds, JClubs, 6Clubs, JHearts, ASpades, 4Spades, 3Spades.
P2 HAND: KDiamonds, 2Diamonds, AClubs, 5Clubs, 4Clubs, 7Hearts, QHearts, 3Hearts, 6Spades, 5Spades.
P3 HAND: ADiamonds, QDiamonds, 5Diamonds, 7Clubs, QClubs, 3Clubs, 2Clubs, 5Hearts, 2Hearts, 2Spades.

