-- GAME --
P0 HAND: QDiamonds, 5Diamonds, 4Diamonds, AClubs, KClubs, 7Hearts, 3Hearts, JSpades, 6Spades, 5Spades.
P1 HAND: KDiamonds, 2Diamonds, 5Clubs, 4Clubs, AHearts, KHearts, JHearts, QSpades, 4Spades, 3Spades.
P2 HAND: ADiamonds, 7Diamonds, JDiamonds, 3Diamonds, QClubs, 3Clubs, QHearts, 6Hearts, 5Hearts, KSpades.
P3 HAND: 6Diamonds, 7Clubs, JClubs, 6Clubs, 2Clubs, 4Hearts, 2Hearts, ASpades, 7Spades, 2Spades.
P0 4Diamonds P1 2Diamonds P2 ADiamonds P3 6Diamonds 
P2 3Diamonds P3 2Hearts P0 5Diamonds P1 KDiamonds 
P1 AHearts P2 5Hearts P3 4Hearts P0 3Hearts 
P1 3Spades P2 KSpades P3 ASpades P0 5Spades 
P3 2Spades P0 JSpades P1 4Spades P2 7Diamonds 
P0 7Hearts P1 JHearts P2 6Hearts P3 2Clubs 
P3 6Clubs P0 KClubs P1 4Clubs P2 3Clubs 
P0 6Spades P1 QSpades P2 QHearts P3 7Spades 
P3 JClubs P0 AClubs P1 5Clubs P2 QClubs 
P0 QDiamonds P1 KHearts P2 JDiamonds P3 7Clubs 
-- /GAME --
P0 HAND: KDiamonds, 5Diamonds, 4Diamonds, 2Diamonds, 5Clubs, 3Clubs, AHearts, QHearts, 4Hearts, KSpades.
P1 HAND: ADiamonds, 7Diamonds, JDiamonds, JClubs, 4Clubs, JHearts, 6Hearts, QSpades, 6Spades, 3Spades.
P2 HAND: KClubs, QClubs, 6Clubs, 2Clubs, 7Hearts, 5Hearts, 3Hearts, 2Hearts, JSpades, 2Spades.
P3 HAND: QDiamonds, 6Diamonds, 3Diamonds, AClubs, 7Clubs, KHearts, ASpades, 7Spades, 5Spades, 4Spades.
P3 ASpades P0 KSpades P1 QSpades P2 2Spades 
P3 3Diamonds P0 2Diamonds P1 ADiamonds P2 2Clubs 
P2 2Hearts P3 KHearts P0 AHearts P1 6Hearts 
P0 4Hearts P1 JHearts P2 3Hearts P3 7Spades 
P1 3Spades P2 JSpades P3 4Spades P0 KDiamonds 
P2 5Hearts P3 5Spades P0 QHearts P1 6Spades 
P0 4Diamonds P1 JDiamonds P2 6Clubs P3 6Diamonds 
P2 QClubs P3 7Clubs P0 3Clubs P1 4Clubs 
P3 QDiamonds P0 5Diamonds P1 7Diamonds P2 KClubs 
P2 7Hearts P3 AClubs P0 5Clubs P1 JClubs 
-- /GAME --
P0 HAND: 6Diamonds, 5Diamonds, 2Diamonds, QClubs, 3Clubs, 6Hearts, KSpades, 5Spades, 4Spades, 2Spades.
P1 HAND: ADiamonds, JDiamonds, 4Diamonds, AClubs, 7Clubs, QHearts, 5Hearts, 2Hearts, 7Spades, 3Spades.
P2 HAND: 7Diamonds, KClubs, JClubs, 6Clubs, 4Clubs, AHearts, 4Hearts, ASpades, JSpades, 6Spades.
P3 HAND: KDiamonds, QDiamonds, 3Diamonds, 5Clubs, 2Clubs, 7Hearts, KHearts, JHearts, 3Hearts, QSpades.
P2 AHearts P3 3Hearts P0 6Hearts P1 2Hearts 
P2 ASpades 
