-- GAME --
P0 6Clubs P1 QDiamonds P2 QClubs 
P2 4Hearts P3 AHearts P0 QHearts P1 2Hearts 
P3 QSpades P0 JHearts P1 3Hearts P2 5Hearts 
P0 7Hearts P1 6Hearts P2 KHearts P3 JSpades 
-- /GAME --
P0 HAND: 4Diamonds, KClubs, 5Clubs, 7Hearts, KHearts, 4Hearts, JSpades, 5Spades, 3Spades, 2Spades.
P1 HAND: KDiamonds, 7Clubs, JClubs, 6Clubs, 4Clubs, 6Hearts, 3Hearts, 7Spades, QSpades, 4Spades.
P2 HAND: 7Diamonds, 6Diamonds, 5Diamonds, AClubs, 2Clubs, QHearts, 5Hearts, ASpades, KSpades, 6Spades.
P3 HAND: ADiamonds, JDiamonds, QDiamonds, 3Diamonds, 2Diamonds, QClubs, 3Clubs, AHearts, JHearts, 2Hearts.
P2 ASpades P3 3Clubs P0 2Spades P1 7Spades 
P3 2Diamonds P0 4Diamonds P1 KDiamonds P2 7Diamonds 
P2 5Diamonds P3 3Diamonds P0 KClubs P1 3Hearts 
P0 JSpades P1 4Spades P2 6Spades P3 2Hearts 
P0 5Spades P1 QSpades P2 KSpades P3 QClubs 
P3 QDiamonds P0 3Spades P1 6Hearts P2 6Diamonds 
P3 JDiamonds P0 5Clubs P1 4Clubs P2 QHearts 
P0 KHearts P1 6Clubs P2 5Hearts P3 AHearts 
P1 JClubs P2 2Clubs P3 JHearts P0 4Hearts 
P1 7Clubs P2 AClubs P3 ADiamonds P0 7Hearts 
-- /GAME --
P0 HAND: 5Diamonds, 7Clubs, QClubs, 6Clubs, KHearts, JHearts, 5Hearts, 5Spades, 4Spades, 2Spades.
P1 HAND: 7Diamonds, JDiamonds, 4Diamonds, 2Diamonds, 5Clubs, 4Clubs, 7Hearts, 6Hearts, 4Hearts, JSpades.
P2 HAND: QDiamonds, 6Diamonds, 3Diamonds, AClubs, KClubs, AHearts, QHearts, 3Hearts, ASpades, QSpades.
P3 HAND: ADiamonds, KDiamonds, JClubs, 3Clubs, 2Clubs, 2Hearts, 7Spades, KSpades, 6Spades, 3Spades.

