-- GAME --
P0 HAND: JDiamonds, 5Clubs, 2Clubs, AHearts, 7Hearts, JHearts, 6Hearts, ASpades, 7Spades, 6Spades.
P1 HAND: ADiamonds, 7Diamonds, 4Diamonds, 2Diamonds, KClubs, 3Clubs, QHearts, 5Spades, 3Spades, 2Spades.
P2 HAND: 5Diamonds, 3Diamonds, QClubs, 6Clubs, 4Clubs, KHearts, 4Hearts, 3Hearts, KSpades, JSpades.
P3 HAND: KDiamonds, QDiamonds, 6Diamonds, AClubs, 7Clubs, JClubs, 5Hearts, 2Hearts, QSpades, 4Spades.
P0 AHearts P1 QHearts P2 KHearts P3 2Hearts 
P0 ASpades P1 2Spades P2 KSpades P3 4Spades 
P0 2Clubs P1 3Clubs P2 4Clubs P3 AClubs 
P3 5Hearts P0 7Hearts P1 2Diamonds P2 3Hearts 
P1 3Spades P2 JSpades P3 QSpades P0 7Spades 
P0 JHearts P1 5Spades P2 4Hearts P3 6Diamonds 
P3 JClubs P0 5Clubs P1 KClubs P2 6Clubs 
P1 4Diamonds P2 3Diamonds P3 QDiamonds P0 JDiamonds 
P0 6Hearts P1 7Diamonds P2 QClubs P3 7Clubs 
P1 ADiamonds P2 5Diamonds P3 KDiamonds P0 6Spades 
-- /GAME --
P0 HAND: 7Diamonds, KDiamonds, JDiamonds, 4Diamonds, 3Diamonds, AHearts, JHearts, 2Hearts, 7Spades, 5Spades.
P1 HAND: ADiamonds, 6Diamonds, AClubs, 7Clubs, 5Clubs, 2Clubs, 6Hearts, 4Hearts, 3Hearts, ASpades.
P2 HAND: 5Diamonds, QClubs, 6Clubs, 7Hearts, KHearts, QHearts, KSpades, QSpades, 6Spades, 2Spades.
P3 HAND: QDiamonds, 2Diamonds, KClubs, JClubs, 4Clubs, 3Clubs, 5Hearts, JSpades, 4Spades, 3Spades.
P3 2Diamonds P0 3Diamonds P1 ADiamonds P2 5Diamonds 
P1 AClubs P2 6Clubs P3 KClubs P0 7Diamonds 
P1 2Clubs P2 QClubs P3 3Clubs P0 KDiamonds 
P2 QHearts P3 5Hearts P0 AHearts P1 3Hearts 
P0 JHearts P1 4Hearts P2 7Hearts P3 3Spades 
P3 4Clubs P0 2Hearts P1 5Clubs P2 2Spades 
P2 6Spades P3 4Spades P0 5Spades P1 ASpades 
P1 6Diamonds P2 QSpades P3 QDiamonds P0 JDiamonds 
P2 KSpades P3 JSpades P0 7Spades P1 6Hearts 
P0 4Diamonds P1 7Clubs P2 KHearts P3 JClubs 
-- /GAME --
P0 HAND: 6Diamonds, 7Clubs, JClubs, QClubs, 5Clubs, 4Clubs, KHearts, 6Hearts, 6Spades, 5Spades.
P1 HAND: ADiamonds, 7Diamonds, 5Diamonds, 4Diamonds, AClubs, 3Clubs, 2Clubs, 3Hearts, 4Spades, 2Spades.
P2 HAND: KDiamonds, 2Diamonds, 6Clubs, JHearts, QHearts, 5Hearts, 7Spades, JSpades, QSpades, 3Spades.
P3 HAND: JDiamonds, QDiamonds, 3Diamonds, KClubs, AHearts, 7Hearts, 4Hearts, 2Hearts, ASpades, KSpades.
P2 3Spades P3 ASpades P0 5Spades P1 4Spades 
P3 AHearts P0 6Hearts P1 3Hearts P2 5Hearts 
P3 2Hearts P0 KHearts P1 2Clubs P2 JHearts 
P0 6Spades P1 2Spades P2 QSpades P3 KSpades 
P3 4Hearts P0 4Clubs P1 3Clubs P2 QHearts 
P2 6Clubs P3 KClubs P0 5Clubs P1 AClubs 
P1 4Diamonds P2 2Diamonds P3 3Diamonds P0 6Diamonds 
P0 QClubs P1 5Diamonds P2 KDiamonds P3 7Hearts 
P2 JSpades P3 QDiamonds P0 JClubs P1 7Diamonds 
P1 ADiamonds P2 7Spades P3 JDiamonds P0 7Clubs 
-- /GAME --
P0 HAND: 6Diamonds, 5Diamonds, 4Diamonds, 7Clubs, 5Clubs, QHearts, 4Hearts, 3Hearts, ASpades, QSpades.
P1 HAND: ADiamonds, AClubs, 3Clubs, 6Hearts, 5Hearts, KSpades, JSpades, 6Spades, 4Spades, 2Spades.
P2 HAND: 7Diamonds, JDiamonds, QDiamonds, 2Diamonds, QClubs, 2Clubs, AHearts, 7Hearts, 2Hearts, 7Spades.
P3 HAND: KDiamonds, 3Diamonds, KClubs, JClubs, 6Clubs, 4Clubs, KHearts, JHearts, 5Spades, 3Spades.

