-- GAME --
P0 HAND: JDiamonds, 6Diamonds, 3Diamonds, 7Clubs, QClubs, 2Clubs, AHearts, 6Hearts, KSpades, 6Spades.
P1 HAND: KDiamonds, QDiamonds, 4Diamonds, 2Diamonds, AClubs, KClubs, 4Clubs, 3Hearts, QSpades, 2Spades.
P2 HAND: 5Diamonds, JClubs, 5Clubs, QHearts, 5Hearts, ASpades, 7Spades, JSpades, 5Spades, 4Spades.
P3 HAND: ADiamonds, 7Diamonds, 6Clubs, 3Clubs, 7Hearts, KHearts, JHearts, 4Hearts, 2Hearts, 3Spades.
P2 4Spades P3 3Spades P0 6Spades P1 QSpades 
P1 2Diamonds P2 5Diamonds P3 ADiamonds P0 3Diamonds 
P3 2Hearts P0 6Hearts P1 3Hearts P2 QHearts 
P2 5Hearts P3 4Hearts P0 AHearts P1 4Clubs 
P1 2Spades P2 5Spades P3 3Clubs P0 KSpades 
P3 JHearts P0 6Diamonds P1 4Diamonds P2 5Clubs 
P2 JSpades P3 6Clubs P0 JDiamonds P1 KDiamonds 
P3 KHearts P0 QClubs P1 KClubs P2 7Spades 
P1 QDiamonds P2 JClubs P3 7Diamonds P0 7Clubs 
P0 2Clubs P1 AClubs P2 ASpades P3 7Hearts 
-- /GAME --
P0 HAND: 7Diamonds, 6Diamonds, 4Diamonds, 3Diamonds, 7Clubs, KHearts, 6Hearts, 7Spades, KSpades, JSpades.
P1 HAND: AClubs, 4Clubs, 3Clubs, 2Clubs, 7Hearts, JHearts, 5Hearts, 2Hearts, ASpades, 3Spades.
P2 HAND: ADiamonds, JDiamonds, 5Diamonds, JClubs, 6Clubs, 5Clubs, AHearts, 5Spades, 4Spades, 2Spades.
P3 HAND: KDiamonds, QDiamonds, 2Diamonds, KClubs, QClubs, QHearts, 4Hearts, 3Hearts, QSpades, 6Spades.
P1 ASpades P2 2Spades P3 QSpades P0 JSpades 
P1 2Hearts P2 AHearts P3 3Hearts P0 KHearts 
P2 ADiamonds P3 2Diamonds P0 7Diamonds P1 2Clubs 
P1 3Spades P2 4Spades P3 6Spades P0 7Spades 
P0 6Hearts P1 5Hearts P2 5Diamonds P3 QHearts 
P3 4Hearts P0 KSpades P1 JHearts P2 5Clubs 
P2 5Spades P3 QDiamonds P0 7Clubs P1 AClubs 
P1 3Clubs 
