-- GAME --
P0 6Diamonds P1 ADiamonds 
P1 2Clubs P2 5Clubs P3 QClubs P0 3Clubs 
P3 5Diamonds P0 JDiamonds P1 4Clubs P2 7Diamonds 
P2 3Hearts P3 QDiamonds P0 AHearts P1 5Hearts 
P0 KSpades P1 5Spades P2 4Diamonds P3 2Spades 
P0 3Spades P1 JSpades P2 4Hearts P3 4Spades 
P1 JClubs P2 6Clubs P3 7Clubs P0 AClubs 
P0 7Hearts P1 JHearts P2 6Hearts P3 6Spades 
P3 QSpades P0 2Hearts P1 ASpades P2 QHearts 
P1 KHearts P2 KClubs P3 7Spades P0 KDiamonds 
-- /GAME --
P0 HAND: 7Diamonds, KDiamonds, 4Diamonds, 7Clubs, 2Clubs, AHearts, 5Hearts, 4Hearts, 7Spades, JSpades.
P1 HAND: QDiamonds, 6Diamonds, 3Diamonds, 2Diamonds, 5Clubs, KHearts, JHearts, 2Hearts, 4Spades, 2Spades.
P2 HAND: ADiamonds, JDiamonds, AClubs, JClubs, QClubs, 4Clubs, 3Clubs, QHearts, 6Hearts, 3Spades.
P3 HAND: 5Diamonds, KClubs, 6Clubs, 7Hearts, 3Hearts, ASpades, KSpades, QSpades, 6Spades, 5Spades.
P1 2Diamonds P2 ADiamonds P3 5Diamonds P0 7Diamonds 
P2 3Clubs P3 6Clubs P0 2Clubs P1 5Clubs 
P3 3Hearts P0 4Hearts P1 2Hearts P2 QHearts 
P2 4Clubs P3 KClubs P0 7Clubs P1 2Spades 
P1 3Diamonds P2 JDiamonds P3 5Spades P0 4Diamonds 
P3 6Spades P0 JSpades P1 4Spades P2 3Spades 
P0 AHearts P1 JHearts P2 6Hearts P3 7Hearts 
P0 KDiamonds P1 6Diamonds P2 QClubs P3 QSpades 
P3 KSpades P0 7Spades P1 QDiamonds P2 AClubs 
P0 5Hearts P1 KHearts P2 JClubs P3 ASpades 
-- /GAME --
P0 HAND: KDiamonds, JDiamonds, 3Diamonds, 3Clubs, JHearts, 2Hearts, KSpades, JSpades, 3Spades, 2Spades.
P1 HAND: QDiamonds, 5Diamonds, 2Diamonds, KClubs, JClubs, 2Clubs, 7Hearts, KHearts, QSpades, 4Spades.
P2 HAND: ADiamonds, 7Diamonds, 4Diamonds, 7Clubs, QClubs, 6Clubs, AHearts, 5Hearts, 7Spades, 5Spades.
P3 HAND: 6Diamonds, AClubs, 5Clubs, 4Clubs, QHearts, 6Hearts, 4Hearts, 3Hearts, ASpades, 6Spades.
P0 3Clubs P1 2Clubs P2 6Clubs P3 AClubs 
P3 ASpades P0 2Spades P1 QSpades P2 5Spades 
P3 4Clubs P0 3Diamonds P1 JClubs P2 7Clubs 
P2 ADiamonds P3 6Diamonds P0 KDiamonds P1 2Diamonds 
P2 4Diamonds P3 5Clubs P0 JDiamonds P1 5Diamonds 
P0 JSpades P1 4Spades P2 7Spades P3 6Spades 
P2 QClubs P3 3Hearts P0 JHearts P1 KClubs 
P0 KSpades P1 QDiamonds P2 5Hearts P3 6Hearts 
P3 4Hearts P0 2Hearts P1 KHearts P2 AHearts 
P2 7Diamonds P3 QHearts P0 3Spades P1 7Hearts 
-- /GAME --
P0 HAND: JDiamonds, 4Diamonds, 5Clubs, JHearts, QHearts, 5Hearts, 7Spades, QSpades, 6Spades, 3Spades.
P1 HAND: 7Diamonds, QDiamonds, 2Diamonds, AClubs, KClubs, JClubs, 7Hearts, 2Hearts, ASpades, KSpades.
P2 HAND: ADiamonds, 6Diamonds, 3Diamonds, QClubs, 4Clubs, 3Clubs, 6Hearts, 4Hearts, 5Spades, 2Spades.
P3 HAND: KDiamonds, 5Diamonds, 7Clubs, 6Clubs, 2Clubs, AHearts, KHearts, 3Hearts, JSpades, 4Spades.
P3 2Clubs P0 5Clubs P1 AClubs P2 3Clubs 
P1 ASpades P2 2Spades P3 JSpades P0 3Spades 
P1 2Diamonds P2 ADiamonds P3 5Diamonds P0 JDiamonds 
P2 3Diamonds P3 KDiamonds P0 4Diamonds P1 7Diamonds 
P1 QDiamonds P2 6Diamonds P3 4Spades P0 JHearts 
P0 QHearts P1 2Hearts P2 4Hearts P3 3Hearts 
P0 5Hearts P1 7Hearts P2 6Hearts P3 KHearts 
P1 JClubs P2 4Clubs P3 7Clubs P0 6Spades 
P3 6Clubs P0 QSpades P1 KClubs P2 QClubs 
P1 KSpades P2 5Spades P3 AHearts P0 7Spades 
-- /GAME --
P0 HAND: QDiamonds, AHearts, 7Hearts, KHearts, QHearts, 5Hearts, 4Hearts, 3Hearts, 7Spades, 2Spades.
P1 HAND: 6Diamonds, 5Diamonds, 4Diamonds, 2Diamonds, QClubs, 5Clubs, 4Clubs, 3Clubs, 2Hearts, QSpades.
P2 HAND: ADiamonds, JDiamonds, AClubs, 7Clubs, KClubs, 6Clubs, 2Clubs, JHearts, KSpades, JSpades.
P3 HAND: 7Diamonds, KDiamonds, 3Diamonds, JClubs, 6Hearts, ASpades, 6Spades, 5Spades, 4Spades, 3Spades.
P1 2Diamonds P2 ADiamonds P3 3Diamonds P0 QDiamonds 
P2 2Clubs P3 JClubs P0 7Spades P1 3Clubs 
P0 2Spades P1 QSpades P2 JSpades P3 ASpades 
P3 6Hearts P0 AHearts P1 2Hearts P2 JHearts 
P0 QHearts P1 4Diamonds P2 6Clubs P3 3Spades 
P3 4Spades P0 7Hearts P1 4Clubs P2 KSpades 
P2 JDiamonds P3 KDiamonds P0 3Hearts P1 6Diamonds 
P3 5Spades P0 KHearts P1 5Diamonds P2 KClubs 
P3 6Spades P0 5Hearts P1 5Clubs P2 7Clubs 
P3 7Diamonds P0 4Hearts P1 QClubs P2 AClubs 
-- /GAME --
P0 HAND: 5Diamonds, 2Diamonds, AClubs, 2Clubs, AHearts, 4Hearts, 7Spades, JSpades, QSpades, 2Spades.
P1 HAND: KDiamonds, 6Diamonds, 7Hearts, KHearts, JHearts, 6Hearts, ASpades, KSpades, 4Spades, 3Spades.
P2 HAND: ADiamonds, 7Diamonds, 7Clubs, JClubs, QClubs, 4Clubs, 3Clubs, QHearts, 6Spades, 5Spades.
P3 HAND: JDiamonds, QDiamonds, 4Diamonds, 3Diamonds, KClubs, 6Clubs, 5Clubs, 5Hearts, 3Hearts, 2Hearts.

