-- GAME --
P0 HAND: 5Diamonds, 3Diamonds, JClubs, QClubs, 5Clubs, 2Clubs, KHearts, JHearts, 6Hearts, 4Spades.
P1 HAND: JDiamonds, 4Diamonds, 7Clubs, 3Clubs, AHearts, QHearts, 4Hearts, 3Hearts, 6Spades, 3Spades.
P2 HAND: ADiamonds, 2Diamonds, KClubs, 6Clubs, 7Hearts, ASpades, 7Spades, KSpades, 5Spades, 2Spades.
P3 HAND: 7Diamonds, KDiamonds, QDiamonds, 6Diamonds, AClubs, 4Clubs, 5Hearts, 2Hearts, JSpades, QSpades.
P3 AClubs P0 5Clubs P1 7Clubs P2 6Clubs 
P3 2Hearts P0 6Hearts P1 AHearts P2 7Hearts 
P1 3Clubs P2 KClubs P3 4Clubs P0 2Clubs 
P2 ADiamonds P3 6Diamonds P0 5Diamonds P1 4Diamonds 
P2 2Diamonds P3 QDiamonds P0 3Diamonds P1 JDiamonds 
P1 3Hearts P2 2Spades P3 5Hearts P0 JHearts 
P2 5Spades P3 QSpades P0 4Spades P1 3Spades 
P3 JSpades P0 KHearts P1 6Spades P2 KSpades 
P2 7Spades P3 KDiamonds P0 JClubs P1 4Hearts 
P2 ASpades P3 7Diamonds P0 QClubs P1 QHearts 
-- /GAME --
P0 HAND: 6Diamonds, AHearts, KHearts, JHearts, 6Hearts, 5Hearts, 3Hearts, 7Spades, QSpades, 4Spades.
P1 HAND: 7Diamonds, KDiamonds, 3Diamonds, KClubs, 5Clubs, 7Hearts, QHearts, 2Hearts, ASpades, 5Spades.
P2 HAND: ADiamonds, JDiamonds, QDiamonds, 5Diamonds, 2Diamonds, AClubs, 6Clubs, 3Clubs, KSpades, JSpades.
P3 HAND: 4Diamonds, 7Clubs, JClubs, QClubs, 4Clubs, 2Clubs, 4Hearts, 6Spades, 3Spades, 2Spades.
P2 2Diamonds P3 4Diamonds P0 6Diamonds P1 7Diamonds 
P1 ASpades P2 JSpades P3 6Spades P0 7Spades 
P1 3Diamonds P2 5Diamonds P3 2Clubs P0 3Hearts 
P0 AHearts P1 2Hearts P2 ADiamonds P3 4Hearts 
P0 5Hearts P1 QHearts P2 3Clubs P3 7Clubs 
P1 5Clubs P2 AClubs P3 4Clubs P0 6Hearts 
P0 4Spades P1 5Spades P2 KSpades P3 2Spades 
P2 6Clubs P3 QClubs P0 JHearts P1 KClubs 
P0 QSpades P1 7Hearts P2 QDiamonds P3 3Spades 
P1 KDiamonds P2 JDiamonds P3 JClubs P0 KHearts 
-- /GAME --
P0 HAND: ADiamonds, JDiamonds, 4Diamonds, 3Diamonds, 6Clubs, 4Clubs, 5Hearts, 4Hearts, KSpades, 4Spades.
P1 HAND: KDiamonds, 2Diamonds, JClubs, QClubs, 5Clubs, KHearts, 7Spades, 6Spades, 5Spades, 3Spades.
P2 HAND: 7Diamonds, QDiamonds, 6Diamonds, 5Diamonds, 7Clubs, 2Clubs, QHearts, 6Hearts, 3Hearts, QSpades.
P3 HAND: AClubs, KClubs, 3Clubs, AHearts, 7Hearts, JHearts, 2Hearts, ASpades, JSpades, 2Spades.
P1 2Diamonds P2 5Diamonds P3 2Hearts P0 ADiamonds 
P0 JDiamonds P1 KDiamonds P2 6Diamonds P3 AClubs 
P1 5Clubs P2 7Clubs P3 3Clubs P0 4Clubs 
P2 2Clubs P3 KClubs P0 6Clubs P1 JClubs 
P3 AHearts P0 5Hearts P1 KHearts P2 3Hearts 
P3 JHearts P0 4Hearts P1 QClubs P2 6Hearts 
P3 2Spades P0 KSpades P1 3Spades P2 QSpades 
P0 3Diamonds P1 5Spades P2 QDiamonds P3 7Hearts 
P1 6Spades P2 QHearts P3 JSpades P0 4Spades 
P3 ASpades P0 4Diamonds P1 7Spades P2 7Diamonds 
-- /GAME --

