-- GAME --
P0 HAND: KDiamonds, JDiamonds, 5Diamonds, 2Diamonds, 3Clubs, AHearts, QHearts, 4Hearts, QSpades, 6Spades.
P1 HAND: ADiamonds, QDiamonds, 7Clubs, QClubs, 6Clubs, 6Hearts, 5Hearts, 2Hearts, 7Spades, JSpades.
P2 HAND: 7Diamonds, KClubs, JClubs, 4Clubs, 7Hearts, KHearts, 3Hearts, KSpades, 5Spades, 4Spades.
P3 HAND: 6Diamonds, 4Diamonds, 3Diamonds, AClubs, 5Clubs, 2Clubs, JHearts, ASpades, 3Spades, 2Spades.
P1 ADiamonds P2 7Diamonds P3 6Diamonds P0 2Diamonds 
P1 2Hearts P2 3Hearts P3 JHearts P0 AHearts 
P0 KDiamonds P1 QDiamonds P2 7Hearts P3 3Diamonds 
P0 JDiamonds P1 5Hearts P2 KHearts P3 4Diamonds 
P0 5Diamonds P1 6Hearts P2 4Spades P3 2Spades 
P0 6Spades P1 JSpades P2 5Spades P3 ASpades 
P3 3Spades P0 QSpades P1 7Spades P2 KSpades 
P1 6Clubs P2 4Clubs P3 2Clubs P0 3Clubs 
P1 QClubs P2 JClubs P3 AClubs P0 4Hearts 
P3 5Clubs P0 QHearts P1 7Clubs P2 KClubs 
-- /GAME --
P0 HAND: 7Diamonds, QDiamonds, 5Diamonds, 3Diamonds, 4Clubs, JHearts, 7Spades, KSpades, QSpades, 2Spades.
P1 HAND: ADiamonds, QClubs, 6Clubs, 7Hearts, KHearts, 5Hearts, 4Hearts, 3Hearts, ASpades, 4Spades.
P2 HAND: KDiamonds, 6Diamonds, KClubs, JClubs, 5Clubs, 3Clubs, AHearts, 6Hearts, JSpades, 5Spades.
P3 HAND: JDiamonds, 4Diamonds, 2Diamonds, AClubs, 7Clubs, 2Clubs, QHearts, 2Hearts, 6Spades, 3Spades.
P0 4Clubs P1 6Clubs P2 3Clubs P3 AClubs 
P3 2Diamonds P0 3Diamonds P1 ADiamonds P2 6Diamonds 
P1 ASpades P2 5Spades P3 6Spades P0 2Spades 
P1 4Spades P2 JSpades P3 3Spades P0 7Spades 
P0 7Diamonds P1 3Hearts P2 KDiamonds P3 JDiamonds 
P1 QClubs P2 5Clubs P3 7Clubs P0 QSpades 
P3 2Clubs P0 KSpades P1 4Hearts P2 JClubs 
P1 5Hearts P2 6Hearts P3 2Hearts P0 JHearts 
P0 5Diamonds P1 KHearts P2 AHearts P3 4Diamonds 
P2 KClubs P3 QHearts P0 QDiamonds P1 7Hearts 
-- /GAME --
P0 HAND: KDiamonds, 6Diamonds, AClubs, 6Clubs, 5Clubs, 3Clubs, ASpades, KSpades, 3Spades, 2Spades.
P1 HAND: 7Diamonds, QDiamonds, 4Diamonds, 7Clubs, 2Clubs, AHearts, KHearts, JHearts, QHearts, 7Spades.
P2 HAND: JDiamonds, 5Diamonds, 3Diamonds, QClubs, 4Clubs, 5Hearts, 4Hearts, 3Hearts, QSpades, 6Spades.
P3 HAND: ADiamonds, 2Diamonds, KClubs, JClubs, 7Hearts, 6Hearts, 2Hearts, JSpades, 5Spades, 4Spades.
P3 ADiamonds P0 6Diamonds P1 7Diamonds P2 3Diamonds 
P3 2Diamonds P0 KDiamonds P1 4Diamonds P2 JDiamonds 
P0 ASpades P1 7Spades P2 QSpades P3 4Spades 
P0 KSpades P1 QDiamonds P2 6Spades P3 5Spades 
P0 2Spades P1 QHearts P2 3Hearts P3 JSpades 
P3 2Hearts P0 3Spades P1 AHearts P2 4Hearts 
P1 JHearts P2 5Hearts P3 6Hearts P0 3Clubs 
P0 5Clubs P1 2Clubs P2 4Clubs P3 JClubs 
P3 KClubs P0 6Clubs P1 7Clubs P2 QClubs 
P1 KHearts P2 5Diamonds P3 7Hearts P0 AClubs 
-- /GAME --
P0 HAND: QDiamonds, 7Clubs, KClubs, 2Clubs, AHearts, KHearts, QHearts, 4Hearts, ASpades, JSpades.
P1 HAND: 5Diamonds, 4Diamonds, JClubs, QClubs, 6Clubs, 6Hearts, 3Hearts, 6Spades, 4Spades, 2Spades.
P2 HAND: ADiamonds, 7Diamonds, JDiamonds, 2Diamonds, 4Clubs, 3Clubs, JHearts, 7Spades, 5Spades, 3Spades.
P3 HAND: KDiamonds, 6Diamonds, 3Diamonds, AClubs, 5Clubs, 7Hearts, 5Hearts, 2Hearts, KSpades, QSpades.
P2 ADiamonds P3 3Diamonds P0 QDiamonds P1 4Diamonds 
P2 2Diamonds P3 6Diamonds P0 2Clubs P1 5Diamonds 
P3 AClubs P0 KClubs P1 JClubs P2 3Clubs 
P3 5Clubs P0 7Clubs P1 6Clubs P2 4Clubs 
P0 ASpades P1 2Spades P2 7Spades P3 QSpades 
P0 4Hearts P1 3Hearts P2 JHearts P3 2Hearts 
P2 3Spades P3 KSpades P0 JSpades P1 6Spades 
P3 5Hearts P0 QHearts P1 6Hearts P2 7Diamonds 
P0 AHearts P1 4Spades P2 JDiamonds P3 7Hearts 
P0 KHearts P1 QClubs P2 5Spades P3 KDiamonds 
-- /GAME --
P0 HAND: 5Diamonds, 4Diamonds, 2Diamonds, KClubs, 4Clubs, 5Hearts, 4Hearts, JSpades, 3Spades, 2Spades.
P1 HAND: JDiamonds, 3Diamonds, 7Clubs, JClubs, 7Hearts, KHearts, 6Hearts, 3Hearts, KSpades, QSpades.
P2 HAND: ADiamonds, 7Diamonds, KDiamonds, 6Diamonds, 6Clubs, 3Clubs, AHearts, JHearts, 7Spades, 4Spades.
P3 HAND: QDiamonds, AClubs, QClubs, 5Clubs, 2Clubs, QHearts, 2Hearts, ASpades, 6Spades, 5Spades.
P1 3Diamonds P2 ADiamonds P3 QDiamonds 
