-- GAME --
P0 AHearts P1 4Hearts 
P0 KClubs P1 AClubs P2 5Clubs P3 7Clubs 
P1 2Diamonds P2 KDiamonds P3 ADiamonds P0 3Diamonds 
P3 3Clubs P0 4Clubs P1 6Clubs P2 2Spades 
P2 6Spades P3 3Spades P0 JSpades P1 4Spades 
P0 2Clubs P1 4Diamonds P2 KSpades P3 QClubs 
P2 7Spades P3 5Spades P0 JDiamonds P1 QSpades 
P2 ASpades P3 QDiamonds P0 6Diamonds P1 5Diamonds 
P2 7Diamonds P3 JClubs P0 6Hearts P1 5Hearts 
P2 7Hearts P3 KHearts P0 2Hearts P1 JHearts 
-- /GAME --
P0 HAND: 7Diamonds, QDiamonds, QClubs, AHearts, KHearts, 6Hearts, 4Hearts, 2Hearts, ASpades, KSpades.
P1 HAND: ADiamonds, KDiamonds, JDiamonds, AClubs, KClubs, 5Clubs, JSpades, 5Spades, 4Spades, 2Spades.
P2 HAND: 4Diamonds, 3Diamonds, 2Diamonds, 7Clubs, JClubs, 4Clubs, 7Hearts, QHearts, 3Hearts, QSpades.
P3 HAND: 6Diamonds, 5Diamonds, 6Clubs, 3Clubs, 2Clubs, JHearts, 5Hearts, 7Spades, 6Spades, 3Spades.
P1 AClubs P2 4Clubs P3 6Clubs P0 QClubs 
P1 2Spades P2 QSpades P3 3Spades P0 ASpades 
P0 AHearts P1 JDiamonds P2 3Hearts P3 JHearts 
P1 4Spades P2 QHearts P3 7Spades P0 KSpades 
P3 2Clubs P0 QDiamonds P1 5Clubs P2 7Clubs 
P0 KHearts P1 5Spades P2 7Hearts P3 5Hearts 
P2 JClubs P3 3Clubs P0 7Diamonds P1 KClubs 
P0 6Hearts P1 KDiamonds P2 2Diamonds P3 6Spades 
P1 JSpades P2 3Diamonds P3 5Diamonds P0 4Hearts 
P3 6Diamonds P0 2Hearts P1 ADiamonds P2 4Diamonds 
-- /GAME --
P0 HAND: 2Diamonds, AClubs, 6Clubs, 2Clubs, AHearts, QHearts, 4Hearts, 3Hearts, QSpades, 4Spades.
P1 HAND: 5Diamonds, 7Clubs, KClubs, JClubs, 4Clubs, 7Hearts, 6Hearts, ASpades, 7Spades, 6Spades.
P2 HAND: 4Diamonds, QClubs, 5Clubs, 3Clubs, KHearts, KSpades, JSpades, 5Spades, 3Spades, 2Spades.
P3 HAND: ADiamonds, 7Diamonds, KDiamonds, JDiamonds, QDiamonds, 6Diamonds, 3Diamonds, JHearts, 5Hearts, 2Hearts.
P0 2Diamonds P1 5Diamonds P2 4Diamonds P3 3Diamonds 
P1 ASpades P2 2Spades P3 JHearts P0 4Spades 
P1 4Clubs P2 3Clubs P3 2Hearts P0 AClubs 
P0 AHearts P1 6Hearts P2 KHearts P3 5Hearts 
P0 QHearts P1 7Hearts P2 3Spades P3 6Diamonds 
P3 QDiamonds P0 4Hearts P1 6Spades P2 5Clubs 
P3 JDiamonds P0 3Hearts P1 JClubs P2 5Spades 
P3 KDiamonds P0 6Clubs P1 KClubs P2 QClubs 
P3 7Diamonds P0 2Clubs P1 7Clubs P2 JSpades 
P3 ADiamonds P0 QSpades P1 7Spades P2 KSpades 
-- /GAME --
P0 HAND: ADiamonds, JDiamonds, 4Clubs, AHearts, 5Hearts, 4Hearts, ASpades, 7Spades, KSpades, QSpades.
P1 HAND: 5Diamonds, 4Diamonds, 7Clubs, KClubs, JClubs, QClubs, 6Clubs, QHearts, 6Hearts, JSpades.
P2 HAND: KDiamonds, QDiamonds, 2Diamonds, AClubs, 2Clubs, 7Hearts, KHearts, 3Hearts, 6Spades, 3Spades.
P3 HAND: 7Diamonds, 6Diamonds, 3Diamonds, 5Clubs, 3Clubs, JHearts, 2Hearts, 5Spades, 4Spades, 2Spades.
P3 2Spades P0 ASpades P1 JSpades P2 6Spades 
P0 ADiamonds P1 4Diamonds P2 KDiamonds P3 3Diamonds 
P0 JDiamonds P1 5Diamonds P2 2Diamonds P3 7Diamonds 
P3 3Clubs P0 4Clubs P1 6Clubs P2 AClubs 
P2 2Clubs P3 5Clubs P0 4Hearts P1 QClubs 
P0 QSpades P1 6Hearts P2 3Spades P3 5Spades 
P1 JClubs P2 QDiamonds P3 2Hearts P0 5Hearts 
P0 KSpades P1 QHearts P2 KHearts P3 4Spades 
P2 3Hearts P3 JHearts P0 AHearts P1 KClubs 
P0 7Spades P1 7Clubs P2 7Hearts P3 6Diamonds 
-- /GAME --
P0 HAND: ADiamonds, JDiamonds, QDiamonds, 7Hearts, QHearts, 4Hearts, 3Hearts, ASpades, 5Spades, 4Spades.
P1 HAND: 4Diamonds, 3Diamonds, KClubs, QClubs, 6Clubs, AHearts, JHearts, 6Hearts, 5Hearts, JSpades.
P2 HAND: 6Diamonds, 5Diamonds, 2Diamonds, JClubs, 3Clubs, 2Clubs, KHearts, 7Spades, 6Spades, 2Spades.
P3 HAND: 7Diamonds, KDiamonds, AClubs, 7Clubs, 5Clubs, 4Clubs, 2Hearts, KSpades, QSpades, 3Spades.
P2 2Diamonds P3 KDiamonds P0 ADiamonds P1 3Diamonds 
P0 ASpades P1 JSpades P2 7Spades P3 3Spades 
P0 JDiamonds P1 4Diamonds P2 5Diamonds P3 7Diamonds 
P3 AClubs P0 3Hearts P1 6Clubs P2 JClubs 
P0 QDiamonds P1 QClubs P2 6Diamonds P3 4Clubs 
P0 5Spades P1 5Hearts P2 2Spades P3 KSpades 
P1 6Hearts P2 KHearts P3 2Hearts P0 7Hearts 
P0 4Spades P1 JHearts P2 6Spades P3 QSpades 
P1 AHearts P2 2Clubs P3 7Clubs P0 4Hearts 
P1 KClubs P2 3Clubs P3 5Clubs P0 QHearts 
-- /GAME --

