-- GAME --
P0 HAND: 7Diamonds, KDiamonds, 4Diamonds, AClubs, 7Clubs, QClubs, 7Hearts, KHearts, 6Hearts, 3Spades.
P1 HAND: ADiamonds, JDiamonds, 6Diamonds, 6Clubs, 3Clubs, 2Clubs, JHearts, 3Hearts, 2Hearts, ASpades.
P2 HAND: QDiamonds, 3Diamonds, KClubs, JClubs, 5Clubs, 4Clubs, 7Spades, KSpades, 5Spades, 2Spades.
P3 HAND: 5Diamonds, 2Diamonds, AHearts, QHearts, 5Hearts, 4Hearts, JSpades, QSpades, 6Spades, 4Spades.
P3 AHearts P0 6Hearts P1 JHearts P2 2Spades 
P2 3Diamonds P3 2Diamonds P0 4Diamonds P1 ADiamonds 
P1 2Clubs P2 4Clubs P3 4Hearts P0 AClubs 
P0 7Hearts P1 2Hearts P2 KClubs P3 5Hearts 
P0 KHearts P1 3Hearts P2 5Clubs P3 QHearts 
P0 7Clubs P1 3Clubs P2 JClubs P3 4Spades 
P3 5Diamonds P0 7Diamonds P1 6Diamonds P2 QDiamonds 
P0 KDiamonds P1 JDiamonds P2 5Spades P3 6Spades 
P3 QSpades P0 3Spades P1 ASpades P2 KSpades 
P1 6Clubs P2 7Spades P3 JSpades P0 QClubs 
-- /GAME --
P0 HAND: ADiamonds, 6Diamonds, JClubs, 6Clubs, 5Clubs, 3Clubs, QHearts, 2Hearts, 5Spades, 3Spades.
P1 HAND: QDiamonds, 4Diamonds, 7Hearts, JHearts, 3Hearts, ASpades, JSpades, QSpades, 6Spades, 2Spades.
P2 HAND: JDiamonds, 3Diamonds, 2Diamonds, AClubs, 7Clubs, 4Clubs, 5Hearts, 4Hearts, 7Spades, 4Spades.
P3 HAND: 7Diamonds, KDiamonds, 5Diamonds, KClubs, QClubs, 2Clubs, AHearts, KHearts, 6Hearts, KSpades.
P2 AClubs P3 2Clubs P0 JClubs P1 2Spades 

