-- GAME --
P0 HAND: 6Diamonds, AClubs, 3Clubs, 2Clubs, 5Hearts, 4Hearts, KSpades, JSpades, 5Spades, 2Spades.
P1 HAND: 7Diamonds, 4Diamonds, 3Diamonds, KClubs, JClubs, 4Clubs, AHearts, JHearts, QSpades, 4Spades.
P2 HAND: ADiamonds, KDiamonds, QDiamonds, 2Diamonds, QClubs, 5Clubs, QHearts, 3Hearts, ASpades, 3Spades.
P3 HAND: JDiamonds, 5Diamonds, 7Clubs, 6Clubs, 7Hearts, KHearts, 6Hearts, 2Hearts, 7Spades, 6Spades.
P3 2Hearts P0 5Hearts P1 AHearts P2 3Hearts 
P1 4Clubs P2 5Clubs P3 6Clubs P0 2Clubs 
P3 6Hearts P0 4Hearts P1 JHearts P2 QHearts 
P1 4Spades P2 ASpades P3 6Spades P0 KSpades 
P2 3Spades P3 7Spades P0 2Spades P1 QSpades 
P3 5Diamonds P0 6Diamonds P1 3Diamonds P2 2Diamonds 
P0 AClubs P1 JClubs P2 QClubs P3 7Clubs 
P0 JSpades P1 4Diamonds P2 QDiamonds P3 JDiamonds 
P3 KHearts P0 3Clubs P1 7Diamonds P2 ADiamonds 
P2 KDiamonds P3 7Hearts P0 5Spades P1 KClubs 
-- /GAME --
P0 HAND: 7Diamonds, JDiamonds, 3Diamonds, KClubs, JClubs, 7Hearts, JHearts, 6Hearts, QSpades, 2Spades.
P1 HAND: 6Diamonds, 5Diamonds, 2Diamonds, QClubs, 4Clubs, KHearts, QHearts, 5Hearts, 4Hearts, 3Spades.
P2 HAND: KDiamonds, 7Clubs, 6Clubs, 3Clubs, 2Clubs, 3Hearts, ASpades, 7Spades, JSpades, 4Spades.
P3 HAND: ADiamonds, QDiamonds, 4Diamonds, AClubs, 5Clubs, AHearts, 2Hearts, KSpades, 6Spades, 5Spades.
P2 ASpades P3 5Spades P0 QSpades P1 3Spades 
P2 2Clubs P3 AClubs P0 JClubs P1 QClubs 
P3 AHearts P0 6Hearts P1 KHearts P2 3Hearts 
P3 2Hearts P0 7Hearts P1 4Hearts P2 7Clubs 
P0 JHearts P1 5Hearts P2 3Clubs P3 5Clubs 
P0 KClubs P1 4Clubs P2 6Clubs P3 6Spades 
P0 2Spades P1 QHearts P2 4Spades P3 KSpades 
P3 4Diamonds P0 JDiamonds P1 2Diamonds P2 KDiamonds 
P2 JSpades P3 QDiamonds P0 7Diamonds P1 5Diamonds 
P0 3Diamonds P1 6Diamonds P2 7Spades P3 ADiamonds 
-- /GAME --
P0 HAND: ADiamonds, KDiamonds, 6Diamonds, 4Diamonds, 3Diamonds, 2Clubs, KHearts, 2Hearts, 7Spades, 5Spades.
P1 HAND: JDiamonds, QDiamonds, 5Diamonds, 6Clubs, 4Clubs, 3Clubs, QHearts, 5Hearts, ASpades, 2Spades.
P2 HAND: 7Diamonds, AClubs, 7Clubs, QClubs, 5Clubs, AHearts, 7Hearts, JHearts, 4Hearts, 3Spades.
P3 HAND: 2Diamonds, KClubs, JClubs, 6Hearts, 3Hearts, KSpades, JSpades, QSpades, 6Spades, 4Spades.
P1 ASpades P2 3Spades P3 KSpades P0 5Spades 
P1 2Spades P2 5Clubs P3 4Spades P0 7Spades 
P0 2Clubs P1 3Clubs P2 AClubs P3 JClubs 
P2 QClubs P3 KClubs P0 KHearts P1 4Clubs 
P0 2Hearts P1 5Hearts P2 4Hearts P3 3Hearts 
P1 5Diamonds P2 7Diamonds P3 2Diamonds P0 ADiamonds 
P0 KDiamonds P1 QDiamonds P2 7Clubs P3 6Hearts 
P3 6Spades P0 3Diamonds P1 6Clubs P2 JHearts 
P2 7Hearts P3 QSpades P0 4Diamonds P1 QHearts 
P2 AHearts P3 JSpades P0 6Diamonds P1 JDiamonds 
-- /GAME --
P0 HAND: KDiamonds, 6Diamonds, 5Diamonds, 2Diamonds, AClubs, QClubs, 3Clubs, 2Clubs, 5Hearts, 2Spades.
P1 HAND: 7Diamonds, 3Diamonds, 5Clubs, 4Clubs, KHearts, 3Hearts, 2Hearts, ASpades, QSpades, 5Spades.
P2 HAND: JDiamonds, QDiamonds, 4Diamonds, 7Clubs, KClubs, AHearts, QHearts, 7Spades, JSpades, 4Spades.
P3 HAND: ADiamonds, JClubs, 6Clubs, 7Hearts, JHearts, 6Hearts, 4Hearts, KSpades, 6Spades, 3Spades.
P0 AClubs P1 4Clubs P2 KClubs P3 6Clubs 
P0 2Clubs P1 5Clubs P2 7Clubs P3 JClubs 
P2 AHearts P3 4Hearts P0 5Hearts P1 2Hearts 
P2 4Diamonds P3 ADiamonds P0 2Diamonds P1 7Diamonds 
P3 3Spades P0 2Spades P1 ASpades P2 4Spades 
P1 3Diamonds P2 QDiamonds P3 6Hearts P0 KDiamonds 
P0 5Diamonds P1 3Hearts P2 JDiamonds P3 6Spades 
P2 QHearts P3 JHearts P0 3Clubs P1 KHearts 
P0 6Diamonds P1 5Spades P2 JSpades P3 KSpades 
P0 QClubs P1 QSpades P2 7Spades P3 7Hearts 
-- /GAME --
P0 HAND: QDiamonds, 6Diamonds, 2Diamonds, JClubs, 2Clubs, KHearts, 4Hearts, KSpades, 4Spades, 2Spades.
P1 HAND: 4Diamonds, QClubs, 6Clubs, AHearts, 7Hearts, JHearts, 5Hearts, ASpades, JSpades, 6Spades.
P2 HAND: KDiamonds, JDiamonds, 5Diamonds, AClubs, KClubs, 5Clubs, 4Clubs, QHearts, 7Spades, QSpades.
P3 HAND: ADiamonds, 7Diamonds, 3Diamonds, 7Clubs, 3Clubs, 6Hearts, 3Hearts, 2Hearts, 5Spades, 3Spades.
P1 ASpades P2 QSpades P3 5Spades P0 2Spades 
P1 4Diamonds P2 5Diamonds P3 ADiamonds P0 2Diamonds 
P3 3Diamonds P0 QDiamonds P1 6Clubs P2 KDiamonds 
P2 4Clubs P3 3Clubs P0 JClubs P1 QClubs 
P0 2Clubs P1 6Spades P2 5Clubs P3 7Clubs 
P3 3Spades P0 KSpades P1 JSpades P2 7Spades 
P2 JDiamonds P3 7Diamonds P0 6Diamonds P1 5Hearts 
P1 JHearts P2 QHearts P3 2Hearts P0 KHearts 
P0 4Spades P1 7Hearts P2 KClubs P3 3Hearts 
P1 AHearts P2 AClubs P3 6Hearts P0 4Hearts 
-- /GAME --
P0 HAND: JDiamonds, 6Clubs, 3Clubs, KHearts, 5Hearts, 4Hearts, 3Hearts, 7Spades, JSpades, QSpades.
P1 HAND: QDiamonds, 4Diamonds, 2Diamonds, KClubs, JClubs, JHearts, 2Hearts, 6Spades, 5Spades, 3Spades.
P2 HAND: 7Diamonds, KDiamonds, 5Diamonds, AClubs, 7Clubs, AHearts, 7Hearts, QHearts, ASpades, 2Spades.
P3 HAND: ADiamonds, 6Diamonds, 3Diamonds, QClubs, 5Clubs, 4Clubs, 2Clubs, 6Hearts, KSpades, 4Spades.

