-- GAME --
P0 HAND: JDiamonds, QDiamonds, 6Diamonds, 5Diamonds, 7Clubs, JClubs, 3Clubs, QHearts, 5Hearts, ASpades.
P1 HAND: KDiamonds, 4Diamonds, AClubs, KClubs, QClubs, KHearts, 4Hearts, 3Hearts, 6Spades, 4Spades.
P2 HAND: 7Diamonds, 3Diamonds, 2Diamonds, 6Clubs, AHearts, 7Hearts, 6Hearts, 2Hearts, JSpades, QSpades.
P3 HAND: ADiamonds, 5Clubs, 4Clubs, 2Clubs, JHearts, 7Spades, KSpades, 5Spades, 3Spades, 2Spades.
P2 AHearts P3 JHearts P0 QHearts P1 3Hearts 
P2 2Diamonds P3 ADiamonds P0 5Diamonds P1 KDiamonds 
P3 2Spades P0 ASpades P1 4Spades P2 JSpades 
P0 5Hearts P1 4Hearts P2 2Hearts P3 3Spades 
P0 7Clubs P1 AClubs P2 6Clubs P3 2Clubs 
P1 4Diamonds P2 3Diamonds P3 5Spades P0 JDiamonds 
P0 QDiamonds P1 6Spades P2 7Diamonds P3 4Clubs 
P3 5Clubs P0 JClubs P1 QClubs P2 7Hearts 
P0 6Diamonds P1 KClubs P2 6Hearts P3 7Spades 
P1 KHearts P2 QSpades P3 KSpades P0 3Clubs 
-- /GAME --
P0 HAND: KDiamonds, QDiamonds, 6Diamonds, 3Diamonds, 6Clubs, 3Clubs, 2Clubs, 3Hearts, 6Spades, 4Spades.
P1 HAND: JDiamonds, 5Diamonds, 2Diamonds, KClubs, 5Clubs, 7Hearts, 5Hearts, JSpades, 5Spades, 2Spades.
P2 HAND: ADiamonds, JClubs, AHearts, KHearts, JHearts, QHearts, 6Hearts, 2Hearts, 7Spades, QSpades.
P3 HAND: 7Diamonds, 4Diamonds, AClubs, 7Clubs, QClubs, 4Clubs, 4Hearts, ASpades, KSpades, 3Spades.
P1 2Diamonds P2 ADiamonds P3 4Diamonds P0 KDiamonds 
P2 2Hearts P3 4Hearts P0 3Hearts P1 7Hearts 
P1 2Spades P2 QSpades P3 ASpades P0 4Spades 
P3 3Spades P0 6Spades P1 5Spades P2 7Spades 
P2 6Hearts P3 4Clubs P0 3Diamonds P1 5Hearts 
P3 QClubs P0 2Clubs P1 5Clubs P2 JClubs 
P2 QHearts P3 7Clubs P0 6Diamonds P1 JDiamonds 
P3 AClubs P0 3Clubs P1 KClubs P2 JHearts 
P3 KSpades P0 6Clubs P1 JSpades P2 AHearts 
P0 QDiamonds P1 5Diamonds P2 KHearts P3 7Diamonds 
-- /GAME --
P0 HAND: QDiamonds, 3Diamonds, JClubs, 6Clubs, AHearts, 5Hearts, 4Hearts, ASpades, QSpades, 5Spades.
P1 HAND: KDiamonds, JDiamonds, 5Diamonds, 7Clubs, 4Clubs, 6Hearts, 7Spades, JSpades, 6Spades, 2Spades.
P2 HAND: ADiamonds, 6Diamonds, AClubs, QClubs, 2Clubs, JHearts, QHearts, 3Hearts, 4Spades, 3Spades.
P3 HAND: 7Diamonds, 4Diamonds, 2Diamonds, KClubs, 5Clubs, 3Clubs, 7Hearts, KHearts, 2Hearts, KSpades.

