-- GAME --
P0 HAND: ADiamonds, 7Diamonds, 2Diamonds, 5Clubs, JHearts, QHearts, ASpades, JSpades, 6Spades, 5Spades.
P1 HAND: QDiamonds, 3Diamonds, AClubs, AHearts, KHearts, 6Hearts, 4Hearts, 3Hearts, 4Spades, 3Spades.
P2 HAND: JDiamonds, 4Diamonds, 7Clubs, KClubs, JClubs, 3Clubs, 2Clubs, 5Hearts, 2Hearts, KSpades.
P3 HAND: KDiamonds, 6Diamonds, 5Diamonds, QClubs, 6Clubs, 4Clubs, 7Hearts, 7Spades, QSpades, 2Spades.
P0 JHearts P1 3Hearts P2 2Hearts P3 7Hearts 
P3 2Spades P0 ASpades P1 3Spades P2 KSpades 
P0 QHearts P1 4Hearts P2 5Hearts P3 4Clubs 
P0 ADiamonds P1 3Diamonds P2 JDiamonds P3 5Diamonds 
P0 7Diamonds P1 QDiamonds P2 4Diamonds P3 6Diamonds 
P0 5Clubs P1 AClubs P2 2Clubs P3 QClubs 
P1 4Spades P2 3Clubs P3 7Spades P0 5Spades 
P3 6Clubs P0 2Diamonds P1 6Hearts P2 JClubs 
P1 KHearts P2 KClubs P3 QSpades P0 6Spades 
P1 AHearts P2 7Clubs P3 KDiamonds P0 JSpades 
-- /GAME --
P0 HAND: ADiamonds, JDiamonds, JClubs, 4Clubs, KHearts, 4Hearts, 3Hearts, KSpades, JSpades, QSpades.
P1 HAND: 7Diamonds, KDiamonds, 4Diamonds, AClubs, 6Clubs, 2Clubs, 6Hearts, ASpades, 7Spades, 2Spades.
P2 HAND: 6Diamonds, 5Diamonds, 3Diamonds, KClubs, 5Clubs, 7Hearts, JHearts, 2Hearts, 6Spades, 4Spades.
P3 HAND: QDiamonds, 2Diamonds, 7Clubs, QClubs, 3Clubs, AHearts, QHearts, 5Hearts, 5Spades, 3Spades.
P3 2Diamonds P0 JDiamonds P1 4Diamonds P2 6Diamonds 
P0 KHearts P1 6Hearts P2 2Hearts P3 5Hearts 
P0 3Hearts P1 2Clubs P2 JHearts P3 QHearts 
P2 3Diamonds P3 QDiamonds P0 ADiamonds P1 KDiamonds 
P0 KSpades P1 ASpades P2 4Spades P3 5Spades 
P1 AClubs P2 5Clubs P3 7Clubs P0 4Clubs 
P1 2Spades P2 6Spades P3 3Spades P0 JSpades 
P0 QSpades P1 7Spades P2 7Hearts P3 AHearts 
P3 3Clubs P0 JClubs P1 6Clubs P2 KClubs 
P2 5Diamonds P3 QClubs P0 4Hearts P1 7Diamonds 
-- /GAME --
P0 HAND: ADiamonds, JDiamonds, 7Clubs, 5Clubs, 4Clubs, 3Clubs, JHearts, 4Hearts, 4Spades, 3Spades.
P1 HAND: KDiamonds, QDiamonds, 6Diamonds, AClubs, KClubs, QClubs, 6Clubs, QHearts, 5Hearts, ASpades.
P2 HAND: 3Diamonds, 2Diamonds, 2Clubs, 6Hearts, 3Hearts, 2Hearts, JSpades, QSpades, 6Spades, 2Spades.
P3 HAND: 7Diamonds, 5Diamonds, 4Diamonds, JClubs, AHearts, 7Hearts, KHearts, 7Spades, KSpades, 5Spades.
P2 2Clubs P3 JClubs P0 4Clubs P1 AClubs 
P1 ASpades P2 2Spades P3 7Spades P0 3Spades 
P1 5Hearts P2 2Hearts P3 AHearts P0 4Hearts 
P3 5Spades P0 4Spades P1 6Clubs P2 JSpades 
P2 3Hearts P3 KHearts P0 JHearts P1 QHearts 
P3 4Diamonds P0 JDiamonds P1 6Diamonds P2 2Diamonds 
P0 7Clubs P1 QClubs P2 QSpades P3 5Diamonds 
P3 7Diamonds P0 ADiamonds P1 QDiamonds P2 3Diamonds 
P0 3Clubs P1 KClubs P2 6Hearts P3 7Hearts 
P1 KDiamonds P2 6Spades P3 KSpades P0 5Clubs 
-- /GAME --

