-- GAME --
P0 4Clubs P1 AClubs P2 2Clubs P3 QClubs 
P1 AHearts P2 2Hearts P3 KHearts P0 6Hearts 
P1 3Hearts P2 JHearts P3 4Hearts P0 7Hearts 
P0 7Clubs P1 5Clubs P2 JClubs P3 6Clubs 
P0 2Spades P1 3Spades P2 4Spades P3 5Spades 
P3 5Hearts P0 3Diamonds P1 6Diamonds P2 JSpades 
P2 7Spades P3 6Spades P0 7Diamonds P1 ASpades 
P1 QDiamonds P2 KDiamonds P3 QSpades P0 5Diamonds 
P3 QHearts P0 JDiamonds P1 KSpades P2 KClubs 
-- /GAME --
P0 HAND: KDiamonds, 5Diamonds, 4Diamonds, 7Clubs, KClubs, KHearts, 4Hearts, ASpades, KSpades, JSpades.
P1 HAND: ADiamonds, JDiamonds, QDiamonds, QClubs, 6Clubs, AHearts, 6Hearts, 6Spades, 4Spades, 3Spades.
P2 HAND: 7Diamonds, 3Diamonds, 2Diamonds, 5Clubs, 3Clubs, 7Hearts, JHearts, 3Hearts, QSpades, 2Spades.
P3 HAND: 6Diamonds, AClubs, JClubs, 4Clubs, 2Clubs, QHearts, 5Hearts, 2Hearts, 7Spades, 5Spades.
P1 ADiamonds P2 2Diamonds P3 6Diamonds P0 4Diamonds 
P1 AHearts P2 3Hearts P3 QHearts P0 4Hearts 
P1 6Clubs P2 3Clubs P3 AClubs P0 KClubs 
P3 2Clubs P0 7Clubs P1 QClubs P2 5Clubs 
P0 KDiamonds P1 QDiamonds P2 7Diamonds P3 5Spades 
P3 2Hearts P0 KHearts P1 6Hearts P2 7Hearts 
P2 3Diamonds P3 4Clubs P0 5Diamonds P1 JDiamonds 
P1 3Spades P2 2Spades P3 7Spades P0 ASpades 
P0 KSpades P1 4Spades P2 QSpades P3 5Hearts 
P0 JSpades P1 6Spades P2 JHearts P3 JClubs 
-- /GAME --
P0 HAND: 3Diamonds, 7Clubs, QClubs, 6Clubs, 4Clubs, 2Clubs, QHearts, 2Hearts, 6Spades, 2Spades.
P1 HAND: ADiamonds, 7Diamonds, 6Diamonds, KClubs, 3Clubs, 6Hearts, 3Hearts, 7Spades, JSpades, 3Spades.
P2 HAND: KDiamonds, 5Diamonds, 2Diamonds, AHearts, KHearts, JHearts, 4Hearts, QSpades, 5Spades, 4Spades.
P3 HAND: JDiamonds, QDiamonds, 4Diamonds, AClubs, JClubs, 5Clubs, 7Hearts, 5Hearts, ASpades, KSpades.
P0 3Diamonds P1 ADiamonds P2 2Diamonds P3 JDiamonds 
P1 3Clubs P2 4Spades P3 AClubs P0 2Clubs 
P3 ASpades P0 2Spades P1 7Spades P2 5Spades 
P3 4Diamonds P0 QHearts P1 6Diamonds P2 KDiamonds 
P0 6Spades P1 3Spades P2 QSpades P3 KSpades 
P3 5Clubs P0 7Clubs P1 KClubs P2 5Diamonds 
P0 6Clubs P1 3Hearts P2 4Hearts P3 JClubs 
P2 JHearts P3 5Hearts P0 2Hearts P1 6Hearts 
P2 KHearts P3 7Hearts P0 4Clubs P1 7Diamonds 
P3 QDiamonds P0 QClubs P1 JSpades P2 AHearts 
-- /GAME --
P0 HAND: QDiamonds, 6Diamonds, 4Diamonds, 3Diamonds, AClubs, QClubs, QHearts, 2Hearts, 5Spades, 4Spades.
P1 HAND: KDiamonds, JDiamonds, 6Clubs, 5Clubs, AHearts, JHearts, ASpades, 7Spades, JSpades, 3Spades.
P2 HAND: ADiamonds, 7Diamonds, 2Diamonds, 4Clubs, 2Clubs, 6Hearts, 5Hearts, 4Hearts, QSpades, 2Spades.
P3 HAND: 5Diamonds, 7Clubs, KClubs, JClubs, 3Clubs, 7Hearts, KHearts, 3Hearts, KSpades, 6Spades.
P2 ADiamonds P3 5Diamonds P0 QDiamonds P1 JDiamonds 
P2 2Diamonds P3 3Hearts P0 6Diamonds P1 KDiamonds 
P1 AHearts P2 4Hearts P3 7Hearts P0 2Hearts 
P1 ASpades P2 2Spades P3 KSpades P0 4Spades 
P1 3Spades P2 QSpades P3 6Spades P0 5Spades 
P2 5Hearts P3 KHearts P0 QHearts P1 JHearts 
P3 3Clubs P0 QClubs P1 5Clubs P2 2Clubs 
P0 3Diamonds P1 6Clubs P2 7Diamonds P3 JClubs 
P3 KClubs P0 AClubs P1 JSpades P2 4Clubs 
P0 4Diamonds P1 7Spades P2 6Hearts P3 7Clubs 
-- /GAME --
P0 HAND: 7Diamonds, 4Diamonds, 3Diamonds, 7Clubs, KClubs, 7Hearts, QHearts, 5Hearts, KSpades, 4Spades.
P1 HAND: QDiamonds, 6Diamonds, AClubs, 4Clubs, 3Clubs, 2Clubs, JHearts, 3Hearts, ASpades, 5Spades.
P2 HAND: ADiamonds, 5Diamonds, JClubs, 6Clubs, 2Hearts, 7Spades, JSpades, 6Spades, 3Spades, 2Spades.
P3 HAND: KDiamonds, JDiamonds, 2Diamonds, QClubs, 5Clubs, AHearts, KHearts, 6Hearts, 4Hearts, QSpades.
P1 AClubs P2 6Clubs P3 QClubs P0 KClubs 
P1 ASpades P2 2Spades P3 QSpades P0 4Spades 
P1 2Clubs P2 JClubs P3 5Clubs P0 7Clubs 
P0 KSpades P1 5Spades P2 3Spades P3 2Diamonds 
P0 3Diamonds P1 6Diamonds P2 ADiamonds P3 JDiamonds 
P2 5Diamonds P3 KDiamonds P0 7Diamonds P1 QDiamonds 
P0 4Diamonds P1 3Clubs P2 6Spades P3 4Hearts 
P3 6Hearts 
