-- GAME --
P0 HAND: KDiamonds, JDiamonds, QClubs, 6Clubs, 5Clubs, 4Clubs, 6Hearts, ASpades, JSpades, 2Spades.
P1 HAND: 7Diamonds, 6Diamonds, 4Diamonds, 7Clubs, KClubs, JClubs, KHearts, 5Hearts, 4Hearts, 2Hearts.
P2 HAND: ADiamonds, QDiamonds, 2Diamonds, AClubs, 2Clubs, AHearts, JHearts, QHearts, 3Hearts, 3Spades.
P3 HAND: 5Diamonds, 3Diamonds, 3Clubs, 7Hearts, 7Spades, KSpades, QSpades, 6Spades, 5Spades, 4Spades.
P1 2Hearts P2 AHearts P3 7Hearts P0 6Hearts 
P2 ADiamonds P3 3Diamonds P0 KDiamonds P1 4Diamonds 
P2 2Diamonds P3 5Diamonds P0 JDiamonds P1 7Diamonds 
P1 4Hearts P2 3Hearts P3 4Spades P0 2Spades 
P1 5Hearts P2 QHearts P3 5Spades P0 4Clubs 
P0 5Clubs P1 JClubs P2 2Clubs P3 3Clubs 
P1 6Diamonds P2 QDiamonds P3 6Spades P0 ASpades 
P2 3Spades P3 QSpades P0 JSpades P1 KClubs 
P1 7Clubs P2 AClubs P3 KSpades P0 6Clubs 
P2 JHearts P3 7Spades P0 QClubs P1 KHearts 
-- /GAME --
P0 HAND: ADiamonds, QDiamonds, 6Diamonds, 5Diamonds, AClubs, QClubs, 3Clubs, 7Hearts, 6Spades, 5Spades.
P1 HAND: 3Diamonds, 7Clubs, JClubs, 6Clubs, 5Clubs, 4Clubs, AHearts, 4Hearts, ASpades, 2Spades.
P2 HAND: 7Diamonds, JDiamonds, 4Diamonds, 2Diamonds, QHearts, 3Hearts, 7Spades, KSpades, JSpades, QSpades.
P3 HAND: KDiamonds, KClubs, 2Clubs, KHearts, JHearts, 6Hearts, 5Hearts, 2Hearts, 4Spades, 3Spades.
P0 ADiamonds P1 3Diamonds P2 2Diamonds P3 KDiamonds 
P0 AClubs P1 4Clubs P2 7Spades P3 2Clubs 
P0 QClubs P1 5Clubs P2 3Hearts P3 KClubs 
P3 2Hearts P0 7Hearts P1 AHearts P2 QHearts 
P1 ASpades P2 QSpades P3 4Spades P0 6Spades 
P1 2Spades P2 JSpades P3 3Spades P0 5Spades 
P2 4Diamonds P3 5Hearts P0 5Diamonds P1 4Hearts 
P0 6Diamonds P1 6Clubs P2 JDiamonds P3 6Hearts 
P2 7Diamonds P3 JHearts P0 QDiamonds P1 JClubs 
P2 KSpades P3 KHearts P0 3Clubs P1 7Clubs 
-- /GAME --
P0 HAND: 4Diamonds, 3Diamonds, 7Clubs, AHearts, 7Hearts, 6Hearts, 4Hearts, 3Hearts, 7Spades, QSpades.
P1 HAND: 7Diamonds, QDiamonds, AClubs, KClubs, QClubs, 3Clubs, JHearts, ASpades, JSpades, 5Spades.
P2 HAND: ADiamonds, 6Diamonds, 2Diamonds, 6Clubs, 2Clubs, 5Hearts, KSpades, 4Spades, 3Spades, 2Spades.
P3 HAND: KDiamonds, JDiamonds, 5Diamonds, JClubs, 5Clubs, 4Clubs, KHearts, QHearts, 2Hearts, 6Spades.
P3 2Hearts P0 AHearts P1 JHearts P2 5Hearts 
P0 4Diamonds P1 QDiamonds P2 ADiamonds P3 5Diamonds 
P2 2Diamonds P3 JDiamonds P0 3Diamonds P1 7Diamonds 
P1 ASpades P2 2Spades P3 6Spades P0 QSpades 
P1 5Spades P2 3Spades P3 QHearts P0 7Spades 
P0 3Hearts P1 3Clubs P2 4Spades P3 KHearts 
P1 JSpades P2 KSpades P3 4Clubs P0 7Clubs 
P0 4Hearts P1 QClubs P2 6Diamonds P3 KDiamonds 
P1 KClubs P2 2Clubs P3 5Clubs P0 6Hearts 
P1 AClubs P2 6Clubs P3 JClubs P0 7Hearts 
-- /GAME --
P0 HAND: ADiamonds, 6Diamonds, 4Diamonds, 7Clubs, JClubs, QClubs, 5Clubs, 3Clubs, 7Spades, JSpades.
P1 HAND: JDiamonds, 3Diamonds, AClubs, 2Clubs, JHearts, QHearts, 3Hearts, ASpades, 4Spades, 2Spades.
P2 HAND: 7Diamonds, KDiamonds, KClubs, 6Clubs, AHearts, KHearts, 4Hearts, KSpades, QSpades, 3Spades.
P3 HAND: QDiamonds, 5Diamonds, 2Diamonds, 4Clubs, 7Hearts, 6Hearts, 5Hearts, 2Hearts, 6Spades, 5Spades.
P2 AHearts P3 2Hearts P0 6Diamonds P1 3Hearts 
P2 4Hearts P3 5Hearts P0 7Spades P1 QHearts 
P0 ADiamonds P1 3Diamonds P2 7Diamonds P3 2Diamonds 
P0 4Diamonds P1 JDiamonds P2 KDiamonds P3 5Diamonds 
P2 6Clubs P3 4Clubs P0 JClubs P1 AClubs 
P1 2Clubs P2 KClubs P3 6Hearts P0 7Clubs 
P0 5Clubs P1 2Spades P2 3Spades P3 QDiamonds 
P2 QSpades P3 5Spades P0 JSpades P1 ASpades 
P1 JHearts P2 KHearts P3 7Hearts P0 QClubs 
P3 6Spades P0 3Clubs P1 4Spades P2 KSpades 
-- /GAME --
P0 HAND: JDiamonds, QDiamonds, 5Diamonds, 7Clubs, 3Clubs, 2Clubs, JHearts, ASpades, 7Spades, 6Spades.
P1 HAND: 6Diamonds, 2Diamonds, KClubs, QClubs, 4Clubs, AHearts, QHearts, 5Hearts, 2Hearts, 4Spades.
P2 HAND: AClubs, JClubs, 7Hearts, KHearts, 6Hearts, 4Hearts, 3Hearts, QSpades, 5Spades, 2Spades.
P3 HAND: ADiamonds, 7Diamonds, KDiamonds, 4Diamonds, 3Diamonds, 6Clubs, 5Clubs, KSpades, JSpades, 3Spades.
P2 AClubs P3 5Clubs P0 3Clubs P1 4Clubs 
P2 2Spades P3 3Spades P0 ASpades P1 4Spades 
P0 JHearts P1 2Hearts P2 3Hearts P3 3Diamonds 
P0 5Diamonds P1 2Diamonds P2 5Spades P3 ADiamonds 
P3 4Diamonds P0 JDiamonds P1 6Diamonds P2 JClubs 
P0 QDiamonds P1 QClubs P2 QSpades P3 7Diamonds 
P3 6Clubs P0 7Clubs P1 KClubs P2 4Hearts 
P2 6Hearts P3 JSpades P0 2Clubs P1 5Hearts 
P2 KHearts P3 KDiamonds P0 6Spades P1 AHearts 
P1 QHearts P2 7Hearts P3 KSpades P0 7Spades 
-- /GAME --
P0 HAND: QDiamonds, 7Clubs, JClubs, 5Clubs, 3Clubs, KHearts, JHearts, 5Hearts, 7Spades, KSpades.
P1 HAND: 7Diamonds, KDiamonds, 5Diamonds, 4Diamonds, KClubs, 6Hearts, ASpades, 5Spades, 4Spades, 3Spades.
P2 HAND: AClubs, QClubs, 6Clubs, 4Clubs, 7Hearts, QHearts, 4Hearts, 2Hearts, QSpades, 2Spades.
P3 HAND: ADiamonds, JDiamonds, 6Diamonds, 3Diamonds, 2Diamonds, 2Clubs, AHearts, 3Hearts, JSpades, 6Spades.
P1 4Diamonds 
