-- GAME --
P0 HAND: 6Diamonds, 2Diamonds, JClubs, QClubs, 6Clubs, AHearts, JHearts, 2Hearts, 7Spades, 3Spades.
P1 HAND: 7Diamonds, 5Diamonds, 4Diamonds, 7Clubs, 4Clubs, QHearts, 6Hearts, 5Hearts, 3Hearts, KSpades.
P2 HAND: ADiamonds, JDiamonds, QDiamonds, AClubs, KClubs, 5Clubs, 2Clubs, 4Hearts, ASpades, 2Spades.
P3 HAND: KDiamonds, 3Diamonds, 3Clubs, 7Hearts, KHearts, JSpades, QSpades, 6Spades, 5Spades, 4Spades.
P3 3Diamonds P0 2Diamonds P1 4Diamonds P2 ADiamonds 
P2 ASpades P3 4Spades P0 7Spades P1 KSpades 
P2 2Spades P3 5Spades P0 3Spades P1 7Diamonds 
P3 6Spades P0 6Diamonds P1 3Hearts P2 4Hearts 
P3 QSpades P0 2Hearts P1 5Diamonds P2 QDiamonds 
P3 JSpades P0 QClubs P1 7Clubs P2 AClubs 
P2 JDiamonds P3 KDiamonds P0 JClubs P1 5Hearts 
P0 AHearts P1 6Hearts P2 2Clubs P3 KHearts 
P2 5Clubs P3 3Clubs P0 6Clubs P1 4Clubs 
P0 JHearts P1 QHearts P2 KClubs P3 7Hearts 
-- /GAME --
P0 HAND: KDiamonds, QDiamonds, 2Diamonds, KClubs, 3Clubs, 7Spades, KSpades, JSpades, 4Spades, 3Spades.
P1 HAND: JDiamonds, 5Diamonds, QClubs, 5Clubs, 4Clubs, KHearts, JHearts, QHearts, 2Hearts, ASpades.
P2 HAND: 6Diamonds, 3Diamonds, 6Clubs, 2Clubs, 7Hearts, 3Hearts, QSpades, 6Spades, 5Spades, 2Spades.
P3 HAND: ADiamonds, 7Diamonds, 4Diamonds, AClubs, 7Clubs, JClubs, AHearts, 6Hearts, 5Hearts, 4Hearts.
P2 2Clubs P3 AClubs P0 3Clubs P1 QClubs 
P3 ADiamonds P0 2Diamonds P1 JDiamonds P2 3Diamonds 
P3 4Diamonds P0 KDiamonds P1 5Diamonds P2 6Diamonds 
P0 QDiamonds P1 4Clubs P2 2Spades P3 7Diamonds 
P3 JClubs P0 KClubs P1 5Clubs P2 6Clubs 
P0 3Spades P1 ASpades P2 5Spades P3 7Clubs 
P1 2Hearts P2 3Hearts P3 4Hearts P0 4Spades 
P3 5Hearts P0 JSpades P1 QHearts P2 7Hearts 
P2 6Spades P3 6Hearts P0 KSpades P1 JHearts 
P1 KHearts P2 QSpades P3 AHearts P0 7Spades 
-- /GAME --
P0 HAND: ADiamonds, 4Diamonds, 7Clubs, KHearts, JHearts, QHearts, 4Hearts, ASpades, KSpades, 6Spades.
P1 HAND: JDiamonds, QDiamonds, 5Diamonds, 3Diamonds, JClubs, 3Clubs, 7Hearts, 6Hearts, 3Hearts, 4Spades.
P2 HAND: 7Diamonds, AClubs, KClubs, 6Clubs, 4Clubs, 5Hearts, 7Spades, JSpades, 3Spades, 2Spades.
P3 HAND: KDiamonds, 6Diamonds, 2Diamonds, QClubs, 5Clubs, 2Clubs, AHearts, 2Hearts, QSpades, 5Spades.
P1 3Diamonds P2 7Diamonds P3 2Diamonds P0 ADiamonds 
P0 ASpades P1 4Spades P2 7Spades P3 5Spades 
P0 4Diamonds P1 5Diamonds P2 2Spades P3 KDiamonds 
P3 AHearts P0 4Hearts P1 7Hearts P2 5Hearts 
P3 2Hearts P0 KHearts P1 3Hearts P2 JSpades 
P0 JHearts P1 6Hearts P2 3Spades P3 6Diamonds 
P0 QHearts P1 QDiamonds P2 4Clubs P3 QSpades 
P2 6Clubs P3 2Clubs P0 7Clubs P1 3Clubs 
P0 6Spades P1 JClubs P2 KClubs P3 5Clubs 
P2 AClubs P3 QClubs P0 KSpades P1 JDiamonds 
-- /GAME --
P0 HAND: ADiamonds, 4Diamonds, KClubs, JClubs, 2Clubs, 4Hearts, QSpades, 5Spades, 4Spades, 2Spades.
P1 HAND: 7Diamonds, KDiamonds, 7Clubs, 5Clubs, AHearts, 6Hearts, 5Hearts, ASpades, JSpades, 6Spades.
P2 HAND: 6Diamonds, 2Diamonds, AClubs, 4Clubs, 3Clubs, 7Hearts, KHearts, QHearts, 2Hearts, 7Spades.
P3 HAND: JDiamonds, QDiamonds, 5Diamonds, 3Diamonds, QClubs, 6Clubs, JHearts, 3Hearts, KSpades, 3Spades.
P0 4Hearts P1 AHearts P2 2Hearts P3 JHearts 
P1 ASpades P2 7Spades P3 KSpades P0 2Spades 
P1 5Clubs P2 AClubs P3 6Clubs P0 KClubs 
P2 3Clubs P3 QClubs P0 JClubs P1 7Clubs 
P1 5Hearts P2 QHearts P3 3Hearts P0 QSpades 
P2 4Clubs P3 3Spades P0 2Clubs P1 6Hearts 
P2 2Diamonds P3 3Diamonds P0 4Diamonds P1 KDiamonds 
P1 6Spades P2 6Diamonds P3 5Diamonds P0 4Spades 
P2 KHearts P3 QDiamonds P0 5Spades P1 JSpades 
P3 JDiamonds P0 ADiamonds P1 7Diamonds P2 7Hearts 
-- /GAME --
P0 HAND: ADiamonds, 2Diamonds, 7Clubs, JClubs, 2Clubs, AHearts, 7Hearts, 3Hearts, 2Hearts, QSpades.
P1 HAND: JDiamonds, 6Diamonds, 3Diamonds, KClubs, 5Clubs, KHearts, QHearts, 6Hearts, JSpades, 3Spades.
P2 HAND: KDiamonds, QDiamonds, 4Diamonds, QClubs, 6Clubs, 4Clubs, 7Spades, KSpades, 6Spades, 2Spades.
P3 HAND: 7Diamonds, 5Diamonds, AClubs, 3Clubs, JHearts, 5Hearts, 4Hearts, ASpades, 5Spades, 4Spades.
P3 ASpades P0 QSpades P1 JSpades P2 2Spades 
P3 4Hearts P0 AHearts P1 6Hearts P2 7Spades 
P0 ADiamonds P1 3Diamonds P2 KDiamonds P3 5Diamonds 
P0 2Diamonds P1 6Diamonds P2 4Diamonds P3 7Diamonds 
P3 4Spades P0 2Hearts P1 3Spades P2 KSpades 
P2 6Spades P3 5Spades P0 3Hearts P1 QHearts 
P2 QDiamonds P3 5Hearts P0 JClubs P1 JDiamonds 
P0 2Clubs P1 5Clubs P2 4Clubs P3 3Clubs 
P1 KClubs P2 6Clubs P3 AClubs P0 7Clubs 
P3 JHearts P0 7Hearts P1 KHearts P2 QClubs 
-- /GAME --
P0 HAND: 2Diamonds, KClubs, 4Clubs, KHearts, JHearts, 3Hearts, ASpades, 6Spades, 4Spades, 2Spades.
P1 HAND: KDiamonds, QDiamonds, 6Diamonds, 5Diamonds, 4Diamonds, 3Diamonds, 5Hearts, 7Spades, KSpades, 3Spades.
P2 HAND: 7Diamonds, JDiamonds, AClubs, 7Clubs, JClubs, 6Clubs, 3Clubs, 2Clubs, 4Hearts, JSpades.
P3 HAND: ADiamonds, QClubs, 5Clubs, AHearts, 7Hearts, QHearts, 6Hearts, 2Hearts, QSpades, 5Spades.
P2 2Clubs P3 5Clubs P0 4Clubs P1 7Spades 
P3 2Hearts P0 3Hearts P1 5Hearts P2 4Hearts 
P1 3Spades P2 JSpades P3 5Spades P0 ASpades 
P0 KClubs P1 3Diamonds P2 3Clubs P3 QClubs 
P1 4Diamonds P2 JDiamonds P3 ADiamonds P0 2Diamonds 
P3 6Hearts P0 JHearts P1 5Diamonds P2 6Clubs 
P1 6Diamonds P2 7Diamonds P3 QHearts P0 KHearts 
P2 JClubs P3 QSpades P0 2Spades P1 QDiamonds 
P1 KDiamonds P2 7Clubs P3 7Hearts P0 4Spades 
P1 KSpades P2 AClubs P3 AHearts P0 6Spades 
-- /GAME --
P0 HAND: KDiamonds, 5Diamonds, 3Diamonds, JClubs, 3Clubs, 4Hearts, 3Hearts, 2Hearts, ASpades, JSpades.
P1 HAND: 6Diamonds, 4Diamonds, 2Diamonds, QClubs, 5Clubs, 4Clubs, AHearts, KHearts, 5Hearts, 2Spades.
P2 HAND: ADiamonds, 7Diamonds, JDiamonds, QDiamonds, AClubs, 6Clubs, JHearts, KSpades, 6Spades, 3Spades.
P3 HAND: 7Clubs, KClubs, 2Clubs, 7Hearts, QHearts, 6Hearts, 7Spades, QSpades, 5Spades, 4Spades.
P1 AHearts P2 JHearts P3 7Hearts P0 2Hearts 
P1 2Spades P2 3Spades P3 4Spades P0 ASpades 
P0 3Hearts P1 5Hearts P2 6Clubs P3 QHearts 
P3 2Clubs P0 JClubs P1 4Clubs P2 AClubs 
P2 6Spades P3 5Spades P0 JSpades P1 5Clubs 
P0 4Hearts P1 KHearts P2 QDiamonds P3 6Hearts 
P2 JDiamonds P3 QSpades P0 3Diamonds P1 2Diamonds 
P2 7Diamonds P3 KClubs P0 5Diamonds P1 4Diamonds 
P2 ADiamonds P3 7Clubs P0 KDiamonds P1 6Diamonds 
P2 KSpades P3 7Spades P0 3Clubs P1 QClubs 
-- /GAME --
P0 HAND: 7Diamonds, 2Diamonds, 3Clubs, AHearts, JHearts, 4Hearts, ASpades, JSpades, 6Spades, 2Spades.
P1 HAND: ADiamonds, KDiamonds, 5Diamonds, 4Diamonds, 3Diamonds, QClubs, 5Clubs, 2Clubs, 6Hearts, 5Hearts.
P2 HAND: JDiamonds, 6Diamonds, AClubs, KHearts, QHearts, 3Hearts, 2Hearts, 7Spades, QSpades, 5Spades.
P3 HAND: QDiamonds, 7Clubs, KClubs, JClubs, 6Clubs, 4Clubs, 7Hearts, KSpades, 4Spades, 3Spades.
P0 ASpades P1 5Hearts P2 5Spades P3 KSpades 
P1 2Clubs P2 AClubs P3 4Clubs P0 3Clubs 
P2 6Diamonds P3 QDiamonds P0 2Diamonds P1 ADiamonds 
P1 3Diamonds P2 JDiamonds P3 3Spades P0 7Diamonds 
P0 2Spades P1 4Diamonds P2 7Spades P3 4Spades 
P2 QSpades P3 6Clubs P0 JSpades P1 6Hearts 
P1 5Diamonds P2 2Hearts P3 7Hearts P0 6Spades 
P3 JClubs P0 JHearts P1 5Clubs P2 3Hearts 
P0 4Hearts P1 QClubs P2 QHearts P3 KClubs 
P2 KHearts P3 7Clubs P0 AHearts P1 KDiamonds 
-- /GAME --
P0 HAND: KDiamonds, 6Diamonds, KClubs, JClubs, 4Clubs, 2Clubs, AHearts, 5Hearts, JSpades, 5Spades.
P1 HAND: ADiamonds, QDiamonds, 4Diamonds, 7Clubs, QClubs, 6Clubs, 5Clubs, 3Clubs, 4Hearts, ASpades.
P2 HAND: 7Diamonds, JDiamonds, 5Diamonds, 2Diamonds, 7Hearts, KHearts, 2Hearts, KSpades, 3Spades, 2Spades.
P3 HAND: 3Diamonds, AClubs, JHearts, QHearts, 6Hearts, 3Hearts, 7Spades, QSpades, 6Spades, 4Spades.
P3 AClubs P0 2Clubs P1 7Clubs P2 2Hearts 
P2 2Diamonds P3 3Diamonds P0 6Diamonds P1 ADiamonds 
P1 ASpades P2 2Spades P3 7Spades P0 5Spades 
P1 3Clubs P2 3Spades P3 4Spades P0 KClubs 
P0 JClubs P1 5Clubs P2 5Diamonds P3 6Spades 
P0 4Clubs P1 6Clubs P2 KHearts P3 QSpades 
P2 JDiamonds P3 3Hearts P0 KDiamonds P1 QDiamonds 
P3 6Hearts P0 5Hearts P1 4Hearts P2 7Hearts 
P2 KSpades P3 QHearts P0 JSpades P1 QClubs 
P3 JHearts P0 AHearts P1 4Diamonds P2 7Diamonds 
-- /GAME --
P0 HAND: KDiamonds, QDiamonds, KClubs, 5Clubs, 7Hearts, KHearts, ASpades, JSpades, 5Spades, 4Spades.
P1 HAND: 2Diamonds, AClubs, 3Clubs, JHearts, 4Hearts, 7Spades, KSpades, QSpades, 6Spades, 2Spades.
P2 HAND: 6Diamonds, 5Diamonds, 4Diamonds, 3Diamonds, 4Clubs, 2Clubs, QHearts, 6Hearts, 3Hearts, 3Spades.
P3 HAND: ADiamonds, 7Diamonds, JDiamonds, 7Clubs, JClubs, QClubs, 6Clubs, AHearts, 5Hearts, 2Hearts.
P2 2Clubs P3 6Clubs P0 5Clubs P1 AClubs 
P1 2Diamonds P2 3Diamonds P3 ADiamonds P0 QDiamonds 
P3 QClubs P0 KClubs P1 3Clubs P2 4Clubs 
P0 ASpades P1 2Spades P2 3Spades P3 2Hearts 
P3 JDiamonds P0 KDiamonds P1 4Hearts P2 4Diamonds 
P1 6Spades P2 5Diamonds P3 5Hearts P0 4Spades 
P3 JClubs P0 KHearts P1 QSpades P2 6Diamonds 
P0 5Spades P1 KSpades P2 3Hearts P3 AHearts 
P3 7Diamonds P0 7Hearts P1 7Spades P2 6Hearts 
P0 JSpades P1 JHearts P2 QHearts P3 7Clubs 
-- /GAME --
P0 HAND: 6Diamonds, 4Diamonds, 2Diamonds, 5Clubs, AHearts, QHearts, 5Hearts, QSpades, 4Spades, 3Spades.
P1 HAND: JDiamonds, 5Diamonds, KClubs, 7Hearts, 4Hearts, 3Hearts, ASpades, KSpades, JSpades, 2Spades.
P2 HAND: ADiamonds, 7Diamonds, KDiamonds, QDiamonds, 3Diamonds, 7Clubs, 6Clubs, 4Clubs, JHearts, 6Spades.
P3 HAND: AClubs, JClubs, QClubs, 3Clubs, 2Clubs, KHearts, 6Hearts, 2Hearts, 7Spades, 5Spades.
P1 ASpades P2 6Spades P3 7Spades P0 3Spades 
P1 2Spades P2 3Diamonds P3 5Spades P0 QSpades 
P0 4Spades P1 JSpades P2 4Clubs P3 AClubs 
P1 5Diamonds P2 ADiamonds P3 2Hearts P0 2Diamonds 
P3 2Clubs P0 5Clubs P1 KClubs P2 7Clubs 
P2 6Clubs P3 3Clubs P0 4Diamonds P1 3Hearts 
P1 JDiamonds P2 QDiamonds P3 6Hearts P0 6Diamonds 
P3 QClubs P0 QHearts P1 4Hearts P2 7Diamonds 
P0 5Hearts P1 7Hearts P2 JHearts P3 KHearts 
P1 KSpades P2 KDiamonds P3 JClubs P0 AHearts 
-- /GAME --
P0 HAND: ADiamonds, KDiamonds, JDiamonds, QClubs, 3Clubs, JHearts, 5Hearts, KSpades, JSpades, 2Spades.
P1 HAND: 3Diamonds, 5Clubs, 7Hearts, 6Hearts, 2Hearts, ASpades, 7Spades, QSpades, 6Spades, 3Spades.
P2 HAND: 5Diamonds, 4Diamonds, 2Diamonds, 7Clubs, KClubs, JClubs, 2Clubs, AHearts, QHearts, 4Hearts.
P3 HAND: 7Diamonds, QDiamonds, 6Diamonds, AClubs, 6Clubs, 4Clubs, KHearts, 3Hearts, 5Spades, 4Spades.
P0 3Clubs P1 5Clubs P2 2Clubs P3 AClubs 
P3 3Hearts P0 5Hearts P1 2Hearts P2 AHearts 
P2 4Hearts P3 KHearts P0 JHearts P1 7Hearts 
P1 3Spades P2 QHearts P3 4Spades P0 KSpades 
P0 QClubs P1 6Hearts P2 7Clubs P3 4Clubs 
P2 JClubs P3 6Clubs P0 2Spades P1 6Spades 
P2 2Diamonds P3 6Diamonds P0 JDiamonds P1 3Diamonds 
P0 JSpades P1 QSpades P2 4Diamonds P3 5Spades 
P2 5Diamonds P3 QDiamonds P0 KDiamonds P1 7Spades 
P0 ADiamonds P1 ASpades P2 KClubs P3 7Diamonds 
-- /GAME --
P0 HAND: 7Diamonds, JDiamonds, 3Diamonds, AClubs, 7Hearts, QHearts, 7Spades, KSpades, 6Spades, 5Spades.
P1 HAND: 6Diamonds, 4Diamonds, 2Diamonds, KHearts, JHearts, 5Hearts, 2Hearts, ASpades, JSpades, QSpades.
P2 HAND: ADiamonds, QDiamonds, 5Diamonds, 6Clubs, 5Clubs, 4Clubs, 3Clubs, 2Clubs, 4Hearts, 4Spades.
P3 HAND: KDiamonds, 7Clubs, KClubs, JClubs, QClubs, AHearts, 6Hearts, 3Hearts, 3Spades, 2Spades.
P3 AHearts P0 7Hearts P1 KHearts P2 4Hearts 
P3 2Spades 
