-- GAME --
P0 7Diamonds P1 QClubs P2 JClubs P3 4Hearts 
P2 4Spades P3 5Hearts P0 6Spades P1 QHearts 
P0 6Clubs P1 KClubs P2 AClubs P3 KHearts 
P2 5Spades P3 7Hearts P0 3Spades P1 AHearts 
-- /GAME --
P0 HAND: ADiamonds, KDiamonds, JDiamonds, 5Clubs, KHearts, JHearts, QHearts, 4Hearts, JSpades, 4Spades.
P1 HAND: QDiamonds, 5Diamonds, KClubs, 6Clubs, 3Clubs, 2Clubs, AHearts, 2Hearts, 3Spades, 2Spades.
P2 HAND: 7Diamonds, 2Diamonds, AClubs, 7Clubs, JClubs, QClubs, 4Clubs, 6Hearts, 5Hearts, QSpades.
P3 HAND: 6Diamonds, 4Diamonds, 3Diamonds, 7Hearts, 3Hearts, ASpades, 7Spades, KSpades, 6Spades, 5Spades.
P3 3Diamonds P0 ADiamonds P1 5Diamonds P2 7Diamonds 
P0 KDiamonds P1 QDiamonds P2 2Diamonds P3 4Diamonds 
P0 4Hearts P1 AHearts P2 5Hearts P3 7Hearts 
P1 2Hearts P2 6Hearts P3 3Hearts P0 KHearts 
P0 4Spades P1 2Spades P2 QSpades P3 ASpades 
P3 5Spades P0 JSpades P1 3Spades P2 4Clubs 
P2 QClubs P3 6Diamonds P0 5Clubs P1 2Clubs 
P2 JClubs P3 6Spades P0 JDiamonds P1 KClubs 
P1 3Clubs P2 7Clubs P3 KSpades P0 JHearts 
P2 AClubs P3 7Spades P0 QHearts P1 6Clubs 
-- /GAME --
P0 HAND: JDiamonds, QDiamonds, 5Diamonds, 7Clubs, JClubs, 5Clubs, 4Clubs, JHearts, QHearts, ASpades.
P1 HAND: 7Diamonds, KDiamonds, 4Diamonds, 3Diamonds, 2Diamonds, AClubs, KClubs, 2Clubs, 7Hearts, 3Hearts.
P2 HAND: ADiamonds, 6Diamonds, QClubs, 6Clubs, KHearts, 6Hearts, 2Hearts, JSpades, 6Spades, 5Spades.
P3 HAND: 3Clubs, AHearts, 5Hearts, 4Hearts, 7Spades, KSpades, QSpades, 4Spades, 3Spades, 2Spades.
P3 2Spades 
