-- GAME --
P0 HAND: 7Diamonds, QDiamonds, 4Diamonds, 7Clubs, KClubs, JClubs, QClubs, 6Clubs, 5Clubs, 7Spades.
P1 HAND: ADiamonds, JDiamonds, 5Diamonds, 3Diamonds, 2Diamonds, AHearts, 7Hearts, KHearts, QHearts, 2Spades.
P2 HAND: KDiamonds, AClubs, 4Clubs, 3Clubs, JHearts, ASpades, KSpades, QSpades, 5Spades, 4Spades.
P3 HAND: 6Diamonds, 2Clubs, 6Hearts, 5Hearts, 4Hearts, 3Hearts, 2Hearts, JSpades, 6Spades, 3Spades.
P3 2Clubs P0 5Clubs P1 2Diamonds P2 AClubs 
P2 3Clubs P3 2Hearts P0 6Clubs P1 3Diamonds 
P0 4Diamonds P1 ADiamonds P2 KDiamonds P3 6Diamonds 
P1 5Diamonds P2 4Clubs P3 3Hearts P0 7Diamonds 
P0 QDiamonds P1 JDiamonds P2 4Spades P3 6Spades 
P3 4Hearts P0 7Spades P1 QHearts P2 JHearts 
P0 QClubs P1 2Spades P2 5Spades P3 5Hearts 
P2 QSpades P3 3Spades P0 JClubs P1 KHearts 
P2 KSpades P3 JSpades P0 KClubs P1 7Hearts 
P2 ASpades P3 6Hearts P0 7Clubs P1 AHearts 
-- /GAME --
P0 HAND: KDiamonds, 3Diamonds, 7Clubs, 5Clubs, KHearts, 6Hearts, 3Hearts, ASpades, JSpades, 5Spades.
P1 HAND: 7Diamonds, KClubs, JClubs, 6Clubs, AHearts, 7Hearts, 2Hearts, QSpades, 6Spades, 3Spades.
P2 HAND: JDiamonds, QDiamonds, 5Diamonds, AClubs, QClubs, 4Clubs, JHearts, 5Hearts, 7Spades, 4Spades.
P3 HAND: ADiamonds, 6Diamonds, 4Diamonds, 2Diamonds, 3Clubs, 2Clubs, QHearts, 4Hearts, KSpades, 2Spades.
P2 AClubs P3 2Clubs P0 7Clubs P1 6Clubs 
P2 4Clubs P3 3Clubs P0 5Clubs P1 KClubs 
P1 3Spades P2 4Spades P3 2Spades P0 ASpades 
P0 3Diamonds P1 7Diamonds P2 5Diamonds P3 ADiamonds 
P3 2Diamonds P0 KDiamonds P1 6Spades P2 JDiamonds 
P0 5Spades P1 QSpades P2 7Spades P3 KSpades 
P2 QDiamonds P3 4Diamonds P0 3Hearts P1 2Hearts 
P0 JSpades P1 7Hearts P2 QClubs P3 6Diamonds 
P1 JClubs P2 5Hearts P3 4Hearts P0 KHearts 
P0 6Hearts P1 AHearts P2 JHearts P3 QHearts 
-- /GAME --
P0 HAND: 6Diamonds, 4Diamonds, 7Clubs, KClubs, JClubs, 4Clubs, AHearts, 6Hearts, 5Hearts, 5Spades.
P1 HAND: KDiamonds, AClubs, 6Clubs, 5Clubs, 2Clubs, JHearts, 7Spades, 6Spades, 4Spades, 3Spades.
P2 HAND: ADiamonds, 7Diamonds, JDiamonds, 5Diamonds, 3Diamonds, 2Diamonds, QClubs, QHearts, 4Hearts, ASpades.
P3 HAND: QDiamonds, 3Clubs, 7Hearts, KHearts, 3Hearts, 2Hearts, KSpades, JSpades, QSpades, 2Spades.
P1 3Spades P2 ASpades P3 2Spades P0 5Spades 
P2 2Diamonds P3 QDiamonds P0 4Diamonds P1 KDiamonds 
P1 4Spades P2 3Diamonds P3 QSpades P0 7Clubs 
P0 AHearts P1 JHearts P2 QHearts P3 2Hearts 
P0 6Diamonds P1 6Spades P2 5Diamonds P3 3Hearts 
P0 5Hearts P1 2Clubs P2 4Hearts P3 7Hearts 
P1 5Clubs P2 QClubs P3 3Clubs P0 KClubs 
P0 6Hearts P1 6Clubs P2 JDiamonds P3 KHearts 
P1 AClubs P2 7Diamonds P3 KSpades P0 4Clubs 
P1 7Spades P2 ADiamonds P3 JSpades P0 JClubs 
-- /GAME --
P0 HAND: ADiamonds, KDiamonds, QDiamonds, 6Diamonds, 2Diamonds, QClubs, 4Hearts, KSpades, 4Spades, 2Spades.
P1 HAND: 7Diamonds, 4Diamonds, 3Diamonds, KClubs, 4Clubs, AHearts, QHearts, 2Hearts, QSpades, 6Spades.
P2 HAND: JDiamonds, AClubs, 7Clubs, JClubs, 6Clubs, 5Clubs, JHearts, 5Hearts, 7Spades, JSpades.
P3 HAND: 5Diamonds, 3Clubs, 2Clubs, 7Hearts, KHearts, 6Hearts, 3Hearts, ASpades, 5Spades, 3Spades.
P3 2Clubs P0 QClubs P1 4Clubs P2 AClubs 
P2 5Clubs P3 3Clubs P0 2Spades P1 KClubs 
P0 4Hearts P1 AHearts P2 5Hearts P3 7Hearts 
P1 2Hearts P2 JHearts P3 3Hearts P0 ADiamonds 
P2 6Clubs P3 5Diamonds P0 4Spades P1 3Diamonds 
P0 2Diamonds P1 7Diamonds P2 JDiamonds P3 KHearts 
P1 4Diamonds P2 JSpades P3 6Hearts P0 KDiamonds 
P2 JClubs P3 3Spades P0 KSpades P1 QHearts 
P0 6Diamonds P1 6Spades P2 7Spades P3 ASpades 
P3 5Spades P0 QDiamonds P1 QSpades P2 7Clubs 
-- /GAME --
P0 HAND: ADiamonds, 5Diamonds, 6Clubs, 4Clubs, 3Clubs, 7Hearts, 5Hearts, 2Hearts, ASpades, 3Spades.
P1 HAND: QDiamonds, 6Diamonds, 4Diamonds, KClubs, JClubs, QClubs, JHearts, QHearts, KSpades, 2Spades.
P2 HAND: KDiamonds, 3Diamonds, 2Diamonds, AClubs, 7Clubs, KHearts, 3Hearts, QSpades, 5Spades, 4Spades.
P3 HAND: 7Diamonds, JDiamonds, 5Clubs, 2Clubs, AHearts, 6Hearts, 4Hearts, 7Spades, JSpades, 6Spades.
P2 AClubs P3 2Clubs P0 3Clubs P1 QClubs 
P2 2Diamonds P3 JDiamonds P0 ADiamonds P1 4Diamonds 
P0 4Clubs P1 JClubs P2 7Clubs P3 5Clubs 
P2 3Diamonds P3 7Diamonds P0 5Diamonds P1 QDiamonds 
P3 AHearts P0 2Hearts P1 JHearts P2 3Hearts 
P3 4Hearts P0 7Hearts P1 QHearts P2 KHearts 
P0 6Clubs P1 KClubs P2 4Spades P3 6Hearts 
P2 5Spades P3 6Spades P0 3Spades P1 2Spades 
P3 JSpades P0 ASpades P1 KSpades P2 QSpades 
P0 5Hearts P1 6Diamonds P2 KDiamonds P3 7Spades 
-- /GAME --
P0 HAND: ADiamonds, QDiamonds, 4Diamonds, 3Diamonds, 7Hearts, QHearts, 5Hearts, 2Hearts, JSpades, 4Spades.
P1 HAND: KDiamonds, JClubs, QClubs, 5Clubs, 4Clubs, AHearts, KHearts, JHearts, 3Hearts, 6Spades.
P2 HAND: JDiamonds, 5Diamonds, 2Diamonds, AClubs, 6Clubs, 7Spades, KSpades, 5Spades, 3Spades, 2Spades.
P3 HAND: 7Diamonds, 6Diamonds, 7Clubs, KClubs, 3Clubs, 2Clubs, 6Hearts, 4Hearts, ASpades, QSpades.

