-- GAME --
P0 HAND: ADiamonds, JClubs, 4Clubs, AHearts, 7Hearts, 5Hearts, 3Hearts, KSpades, QSpades, 5Spades.
P1 HAND: 7Diamonds, 6Diamonds, 5Diamonds, 3Diamonds, AClubs, 2Clubs, QHearts, 7Spades, JSpades, 3Spades.
P2 HAND: JDiamonds, QDiamonds, 4Diamonds, 5Clubs, 3Clubs, 4Hearts, 2Hearts, ASpades, 4Spades, 2Spades.
P3 HAND: KDiamonds, 2Diamonds, 7Clubs, KClubs, QClubs, 6Clubs, KHearts, JHearts, 6Hearts, 6Spades.
P1 AClubs P2 3Clubs P3 7Clubs P0 4Clubs 
P1 2Clubs P2 5Clubs P3 6Clubs P0 JClubs 
P0 ADiamonds P1 3Diamonds P2 JDiamonds P3 2Diamonds 
P0 5Spades P1 3Spades P2 ASpades P3 6Spades 
P2 2Spades P3 QClubs P0 QSpades P1 7Spades 
P1 5Diamonds P2 4Diamonds P3 KDiamonds P0 3Hearts 
P0 5Hearts P1 QHearts P2 2Hearts P3 6Hearts 
P1 6Diamonds P2 QDiamonds P3 JHearts P0 7Hearts 
P0 AHearts P1 JSpades P2 4Hearts P3 KHearts 
P0 KSpades P1 7Diamonds P2 4Spades P3 KClubs 
-- /GAME --
P0 HAND: QDiamonds, 4Diamonds, 2Diamonds, 2Clubs, KHearts, JHearts, 5Hearts, 4Hearts, 2Hearts, 6Spades.
P1 HAND: KDiamonds, AClubs, QClubs, 3Clubs, AHearts, ASpades, 7Spades, KSpades, 5Spades, 4Spades.
P2 HAND: ADiamonds, 7Diamonds, JDiamonds, 3Diamonds, 7Clubs, JClubs, 7Hearts, QHearts, 3Hearts, 3Spades.
P3 HAND: 6Diamonds, 5Diamonds, KClubs, 6Clubs, 5Clubs, 4Clubs, 6Hearts, JSpades, QSpades, 2Spades.
P0 6Spades P1 ASpades P2 3Spades P3 JSpades 
P1 AHearts P2 3Hearts P3 6Hearts P0 2Hearts 
P1 4Spades P2 3Diamonds P3 2Spades P0 4Hearts 
P1 5Spades P2 QHearts P3 QSpades P0 2Clubs 
P0 5Hearts P1 3Clubs P2 7Hearts P3 6Diamonds 
P1 QClubs P2 JClubs P3 KClubs P0 2Diamonds 
P3 5Diamonds P0 QDiamonds P1 KDiamonds P2 ADiamonds 
P2 JDiamonds P3 4Clubs P0 4Diamonds P1 7Spades 
P3 5Clubs P0 KHearts P1 AClubs P2 7Clubs 
P1 KSpades P2 7Diamonds P3 6Clubs P0 JHearts 
-- /GAME --
P0 HAND: AClubs, KClubs, JClubs, 5Clubs, 4Clubs, 3Clubs, KHearts, QHearts, 3Hearts, 3Spades.
P1 HAND: 7Diamonds, JDiamonds, 5Diamonds, 3Diamonds, 7Clubs, 2Clubs, 7Hearts, 4Hearts, ASpades, 6Spades.
P2 HAND: ADiamonds, QDiamonds, 6Diamonds, 2Diamonds, QClubs, JHearts, 7Spades, KSpades, JSpades, 2Spades.
P3 HAND: KDiamonds, 4Diamonds, 6Clubs, AHearts, 6Hearts, 5Hearts, 2Hearts, QSpades, 5Spades, 4Spades.
P3 AHearts P0 3Hearts P1 7Hearts P2 JHearts 
P3 2Hearts 
