-- GAME --
P0 HAND: ADiamonds, 6Diamonds, 2Diamonds, AClubs, 5Clubs, 3Clubs, KHearts, 6Hearts, KSpades, 4Spades.
P1 HAND: KDiamonds, QDiamonds, 3Diamonds, 7Clubs, 2Clubs, QHearts, 5Hearts, 4Hearts, 7Spades, JSpades.
P2 HAND: 7Diamonds, KClubs, JClubs, 6Clubs, 7Hearts, 3Hearts, ASpades, 6Spades, 5Spades, 2Spades.
P3 HAND: JDiamonds, 5Diamonds, 4Diamonds, QClubs, 4Clubs, AHearts, JHearts, 2Hearts, QSpades, 3Spades.
P3 AHearts P0 6Hearts P1 QHearts P2 3Hearts 
P3 2Hearts P0 KHearts P1 4Hearts P2 7Hearts 
P2 ASpades P3 3Spades P0 KSpades P1 JSpades 
P2 2Spades P3 QSpades P0 4Spades P1 7Spades 
P1 3Diamonds P2 7Diamonds P3 4Diamonds P0 ADiamonds 
P0 3Clubs P1 2Clubs P2 6Clubs P3 4Clubs 
P2 5Spades P3 5Diamonds P0 2Diamonds P1 5Hearts 
P2 6Spades P3 QClubs P0 6Diamonds P1 KDiamonds 
P3 JDiamonds P0 5Clubs P1 QDiamonds P2 JClubs 
P2 KClubs P3 JHearts P0 AClubs P1 7Clubs 
-- /GAME --
P0 HAND: 7Diamonds, 5Diamonds, 7Clubs, 4Clubs, QHearts, 6Hearts, 5Hearts, 4Hearts, 3Hearts, 2Hearts.
P1 HAND: 4Diamonds, AClubs, JClubs, 6Clubs, 7Hearts, KHearts, 7Spades, KSpades, 6Spades, 3Spades.
P2 HAND: KDiamonds, JDiamonds, 3Diamonds, KClubs, QClubs, 3Clubs, 2Clubs, ASpades, 5Spades, 2Spades.
P3 HAND: ADiamonds, QDiamonds, 6Diamonds, 2Diamonds, 5Clubs, AHearts, JHearts, JSpades, QSpades, 4Spades.
P2 2Clubs P3 5Clubs P0 4Clubs P1 AClubs 
P1 4Diamonds P2 3Diamonds P3 ADiamonds P0 5Diamonds 
P3 AHearts P0 2Hearts P1 7Hearts P2 2Spades 
P2 3Clubs P3 2Diamonds P0 7Clubs P1 6Clubs 
P0 7Diamonds P1 3Spades P2 JDiamonds P3 QDiamonds 
P1 JClubs P2 QClubs P3 4Spades P0 3Hearts 
P3 6Diamonds P0 4Hearts P1 6Spades P2 KDiamonds 
P1 KSpades P2 5Spades P3 QSpades P0 5Hearts 
P1 7Spades P2 ASpades P3 JSpades P0 QHearts 
P2 KClubs P3 JHearts P0 6Hearts P1 KHearts 
-- /GAME --
P0 HAND: 6Diamonds, 5Diamonds, 3Diamonds, 7Clubs, QClubs, 3Clubs, AHearts, 7Hearts, JHearts, 2Hearts.
P1 HAND: ADiamonds, JDiamonds, 2Diamonds, AClubs, KClubs, 5Clubs, 4Clubs, ASpades, 6Spades, 4Spades.
P2 HAND: KDiamonds, QDiamonds, 4Diamonds, JClubs, KHearts, QHearts, 6Hearts, JSpades, 5Spades, 2Spades.
P3 HAND: 7Diamonds, 6Clubs, 2Clubs, 5Hearts, 4Hearts, 3Hearts, 7Spades, KSpades, QSpades, 3Spades.
P1 AClubs P2 JClubs P3 6Clubs P0 3Clubs 
P1 ASpades P2 2Spades P3 7Spades P0 3Diamonds 
P0 5Diamonds P1 2Diamonds P2 4Diamonds P3 7Diamonds 
P3 2Clubs P0 QClubs P1 4Clubs P2 KHearts 
P0 AHearts P1 JDiamonds P2 6Hearts P3 5Hearts 
P1 4Spades P2 5Spades P3 3Spades P0 2Hearts 
P2 QHearts P3 3Hearts P0 JHearts P1 ADiamonds 
P1 5Clubs P2 QDiamonds P3 4Hearts P0 7Clubs 
P2 JSpades P3 QSpades P0 6Diamonds P1 6Spades 
P0 7Hearts P1 KClubs P2 KDiamonds P3 KSpades 
-- /GAME --
P0 HAND: KDiamonds, AClubs, KClubs, JClubs, QClubs, 5Clubs, AHearts, 5Hearts, 6Spades, 5Spades.
P1 HAND: ADiamonds, 2Diamonds, 7Clubs, KHearts, JHearts, 3Hearts, 2Hearts, KSpades, QSpades, 3Spades.
P2 HAND: 7Diamonds, QDiamonds, 4Diamonds, 6Clubs, 4Clubs, 3Clubs, 2Clubs, 6Hearts, 4Hearts, 7Spades.
P3 HAND: JDiamonds, 6Diamonds, 5Diamonds, 3Diamonds, 7Hearts, QHearts, ASpades, JSpades, 4Spades, 2Spades.
P0 AClubs P1 7Clubs P2 6Clubs P3 QHearts 
P3 ASpades P0 5Spades P1 KSpades P2 7Spades 
P3 2Spades P0 6Spades P1 3Spades P2 7Diamonds 
P0 KDiamonds P1 ADiamonds P2 4Diamonds P3 JDiamonds 
P1 2Diamonds P2 QDiamonds P3 3Diamonds P0 KClubs 
P2 2Clubs P3 4Spades P0 QClubs P1 QSpades 
P0 JClubs P1 2Hearts P2 3Clubs P3 JSpades 
P1 3Hearts P2 4Hearts P3 7Hearts P0 AHearts 
P0 5Clubs P1 JHearts P2 4Clubs P3 6Diamonds 
P1 KHearts P2 6Hearts P3 5Diamonds P0 5Hearts 
-- /GAME --
P0 HAND: ADiamonds, 6Diamonds, 2Diamonds, AClubs, 6Clubs, 4Clubs, KHearts, QHearts, ASpades, 3Spades.
P1 HAND: KDiamonds, 7Clubs, JClubs, 5Clubs, 3Clubs, 2Clubs, 6Hearts, 7Spades, 6Spades, 4Spades.
P2 HAND: 7Diamonds, JDiamonds, 3Diamonds, KClubs, AHearts, JHearts, 5Hearts, 2Hearts, KSpades, 2Spades.
P3 HAND: QDiamonds, 5Diamonds, 4Diamonds, QClubs, 7Hearts, 4Hearts, 3Hearts, JSpades, QSpades, 5Spades.
P3 4Diamonds P0 ADiamonds P1 KDiamonds P2 7Diamonds 
P0 AClubs P1 2Clubs P2 KClubs P3 QClubs 
P0 ASpades P1 4Spades P2 KSpades P3 5Spades 
P0 4Clubs P1 3Clubs P2 2Spades P3 5Diamonds 
P0 3Spades P1 6Spades P2 3Diamonds P3 JSpades 
P3 QDiamonds P0 2Diamonds P1 5Clubs P2 JDiamonds 
P2 2Hearts P3 3Hearts P0 KHearts P1 6Hearts 
P0 QHearts P1 JClubs P2 5Hearts P3 7Hearts 
P3 QSpades P0 6Clubs P1 7Spades P2 JHearts 
P2 AHearts P3 4Hearts P0 6Diamonds P1 7Clubs 
-- /GAME --

