-- GAME --
P0 HAND: ADiamonds, 7Diamonds, AClubs, 7Clubs, KClubs, 2Clubs, JHearts, ASpades, KSpades, 5Spades.
P1 HAND: JDiamonds, QDiamonds, 3Diamonds, JClubs, AHearts, KHearts, 4Hearts, 3Hearts, 2Hearts, JSpades.
P2 HAND: KDiamonds, 4Diamonds, 2Diamonds, 3Clubs, 7Hearts, QHearts, 7Spades, QSpades, 6Spades, 3Spades.
P3 HAND: 6Diamonds, 5Diamonds, QClubs, 6Clubs, 5Clubs, 4Clubs, 6Hearts, 5Hearts, 4Spades, 2Spades.
P1 2Hearts P2 QHearts P3 5Hearts P0 JHearts 
P0 AClubs P1 JClubs P2 3Clubs P3 4Clubs 
P0 ADiamonds P1 3Diamonds P2 KDiamonds P3 5Diamonds 
P0 7Diamonds P1 QDiamonds P2 4Diamonds P3 6Diamonds 
P0 KSpades P1 JSpades P2 3Spades P3 2Spades 
P0 ASpades P1 3Hearts P2 6Spades P3 4Spades 
P0 7Clubs P1 4Hearts P2 7Hearts P3 5Clubs 
P0 KClubs P1 JDiamonds P2 2Diamonds P3 6Clubs 
P0 2Clubs P1 KHearts P2 QSpades P3 QClubs 
P2 7Spades P3 6Hearts P0 5Spades P1 AHearts 
-- /GAME --
P0 HAND: JDiamonds, 2Diamonds, 4Clubs, 2Clubs, AHearts, 7Hearts, QHearts, 4Hearts, 2Hearts, QSpades.
P1 HAND: 7Diamonds, KDiamonds, 6Diamonds, KClubs, JClubs, 6Clubs, JHearts, 6Hearts, 5Spades, 4Spades.
P2 HAND: ADiamonds, QDiamonds, 3Diamonds, AClubs, 7Clubs, QClubs, 5Clubs, KHearts, KSpades, JSpades.
P3 HAND: 5Diamonds, 4Diamonds, 3Clubs, 5Hearts, 3Hearts, ASpades, 7Spades, 6Spades, 3Spades, 2Spades.
P1 4Spades P2 JSpades P3 ASpades P0 QSpades 
P3 2Spades P0 2Clubs P1 5Spades P2 KSpades 
P2 ADiamonds P3 4Diamonds P0 JDiamonds P1 6Diamonds 
P2 3Diamonds P3 5Diamonds P0 2Diamonds P1 7Diamonds 
P1 6Clubs P2 AClubs P3 3Clubs P0 4Clubs 
P2 5Clubs P3 3Spades P0 2Hearts P1 JClubs 
P0 AHearts P1 6Hearts P2 KHearts P3 3Hearts 
P0 7Hearts P1 JHearts P2 7Clubs P3 5Hearts 
P0 QHearts P1 KDiamonds P2 QDiamonds P3 6Spades 
P0 4Hearts P1 KClubs P2 QClubs P3 7Spades 
-- /GAME --
P0 HAND: ADiamonds, 7Diamonds, KDiamonds, 6Diamonds, 7Clubs, KClubs, 4Clubs, 6Hearts, 7Spades, 3Spades.
P1 HAND: JDiamonds, JClubs, QClubs, 3Clubs, 2Clubs, KHearts, QHearts, 2Hearts, ASpades, 5Spades.
P2 HAND: QDiamonds, 5Diamonds, 3Diamonds, AClubs, 6Clubs, AHearts, 7Hearts, 5Hearts, QSpades, 6Spades.
P3 HAND: 4Diamonds, 2Diamonds, 5Clubs, JHearts, 4Hearts, 3Hearts, KSpades, JSpades, 4Spades, 2Spades.
P0 ADiamonds P1 JDiamonds P2 QDiamonds P3 2Diamonds 
P0 6Hearts P1 2Hearts P2 AHearts P3 3Hearts 
P2 AClubs P3 5Clubs P0 7Clubs P1 2Clubs 
P2 3Diamonds P3 4Diamonds P0 KDiamonds P1 3Clubs 
P0 KClubs P1 QClubs P2 6Clubs P3 2Spades 
P3 4Hearts P0 7Diamonds P1 QHearts P2 7Hearts 
P2 5Diamonds P3 4Spades P0 6Diamonds P1 KHearts 
P3 JHearts P0 7Spades P1 ASpades P2 5Hearts 
P1 JClubs P2 6Spades P3 JSpades P0 4Clubs 
P3 KSpades P0 3Spades P1 5Spades P2 QSpades 
-- /GAME --
P0 HAND: ADiamonds, 7Diamonds, JClubs, 5Clubs, KHearts, JHearts, QHearts, 3Hearts, JSpades, QSpades.
P1 HAND: 3Diamonds, AClubs, 7Clubs, QClubs, 2Clubs, 2Hearts, ASpades, 7Spades, KSpades, 3Spades.
P2 HAND: KDiamonds, JDiamonds, QDiamonds, 6Diamonds, 5Diamonds, KClubs, AHearts, 5Hearts, 6Spades, 5Spades.
P3 HAND: 4Diamonds, 2Diamonds, 6Clubs, 4Clubs, 3Clubs, 7Hearts, 6Hearts, 4Hearts, 4Spades, 2Spades.
P3 2Diamonds P0 ADiamonds P1 3Diamonds P2 KDiamonds 
P0 7Diamonds P1 3Spades P2 5Diamonds P3 4Diamonds 
P1 AClubs P2 KClubs P3 6Clubs P0 5Clubs 
P1 2Clubs P2 5Hearts P3 3Clubs P0 JClubs 
P0 KHearts P1 2Hearts P2 AHearts P3 4Hearts 
P2 6Diamonds P3 4Clubs P0 JSpades P1 QClubs 
P0 JHearts P1 KSpades P2 QDiamonds P3 7Hearts 
P1 7Spades P2 5Spades P3 2Spades P0 QSpades 
P1 ASpades P2 6Spades P3 4Spades P0 3Hearts 
P1 7Clubs P2 JDiamonds P3 6Hearts P0 QHearts 
-- /GAME --
P0 HAND: 5Diamonds, AClubs, 7Clubs, KClubs, 4Hearts, ASpades, KSpades, QSpades, 5Spades, 3Spades.
P1 HAND: KDiamonds, 6Diamonds, 3Clubs, 7Hearts, KHearts, JHearts, 6Hearts, 3Hearts, 7Spades, 2Spades.
P2 HAND: ADiamonds, JDiamonds, QDiamonds, JClubs, QClubs, 5Clubs, AHearts, QHearts, 5Hearts, 6Spades.
P3 HAND: 7Diamonds, 4Diamonds, 3Diamonds, 2Diamonds, 6Clubs, 4Clubs, 2Clubs, 2Hearts, JSpades, 4Spades.
P2 ADiamonds P3 2Diamonds P0 5Diamonds P1 6Diamonds 
P2 5Clubs P3 2Clubs P0 AClubs P1 3Clubs 
P0 ASpades P1 2Spades P2 6Spades P3 4Spades 

