-- GAME --
P0 HAND: 7Diamonds, KDiamonds, 3Diamonds, AClubs, 4Clubs, KHearts, 2Hearts, ASpades, 5Spades, 4Spades.
P1 HAND: JDiamonds, QDiamonds, 6Diamonds, 7Hearts, JHearts, 6Hearts, 5Hearts, JSpades, 6Spades, 3Spades.
P2 HAND: ADiamonds, 5Diamonds, 4Diamonds, 2Diamonds, 7Clubs, 5Clubs, QHearts, 3Hearts, 7Spades, KSpades.
P3 HAND: KClubs, JClubs, QClubs, 6Clubs, 3Clubs, 2Clubs, AHearts, 4Hearts, QSpades, 2Spades.
P2 ADiamonds P3 4Hearts P0 3Diamonds P1 JDiamonds 
P3 2Clubs P0 AClubs P1 5Hearts P2 5Clubs 
P1 3Spades P2 KSpades P3 2Spades P0 5Spades 
P2 2Diamonds P3 3Clubs P0 7Diamonds P1 6Diamonds 
P0 ASpades P1 6Spades P2 7Spades P3 QSpades 
P0 4Spades P1 JSpades P2 4Diamonds P3 KClubs 
P1 QDiamonds P2 5Diamonds P3 6Clubs P0 KDiamonds 
P0 4Clubs P1 6Hearts P2 7Clubs P3 JClubs 
P1 JHearts P2 3Hearts P3 AHearts P0 2Hearts 
P3 QClubs P0 KHearts P1 7Hearts P2 QHearts 
-- /GAME --
P0 HAND: 7Diamonds, KDiamonds, QDiamonds, 3Diamonds, AClubs, 4Clubs, KHearts, 5Hearts, 7Spades, QSpades.
P1 HAND: JDiamonds, 4Diamonds, 7Clubs, KClubs, JClubs, 2Clubs, 6Hearts, 3Hearts, 5Spades, 4Spades.
P2 HAND: 6Diamonds, 2Diamonds, QClubs, 6Clubs, 5Clubs, 7Hearts, 2Hearts, ASpades, 6Spades, 3Spades.
P3 HAND: ADiamonds, 5Diamonds, 3Clubs, AHearts, JHearts, QHearts, 4Hearts, KSpades, JSpades, 2Spades.
P1 2Clubs P2 5Clubs P3 3Clubs P0 AClubs 
P0 QSpades P1 4Spades P2 ASpades P3 2Spades 
P2 2Hearts P3 AHearts P0 5Hearts P1 6Hearts 
P3 4Hearts P0 KHearts P1 3Hearts P2 7Hearts 
P2 3Spades P3 JSpades P0 7Spades P1 5Spades 
P0 4Clubs P1 JClubs P2 6Clubs P3 KSpades 
P1 4Diamonds P2 2Diamonds P3 5Diamonds P0 7Diamonds 
P0 3Diamonds P1 JDiamonds P2 6Diamonds P3 ADiamonds 
P3 QHearts P0 QDiamonds P1 KClubs P2 QClubs 
P0 KDiamonds P1 7Clubs P2 6Spades P3 JHearts 
-- /GAME --
P0 HAND: ADiamonds, QDiamonds, 6Diamonds, 7Clubs, 5Clubs, AHearts, JHearts, 5Hearts, ASpades, 4Spades.
P1 HAND: 3Diamonds, AClubs, 6Clubs, 2Clubs, 6Hearts, 4Hearts, JSpades, QSpades, 6Spades, 3Spades.
P2 HAND: KDiamonds, JDiamonds, 5Diamonds, KClubs, JClubs, KHearts, QHearts, 2Hearts, 7Spades, 5Spades.
P3 HAND: 7Diamonds, 4Diamonds, 2Diamonds, QClubs, 4Clubs, 3Clubs, 7Hearts, 3Hearts, KSpades, 2Spades.
P0 ASpades P1 3Spades P2 7Spades P3 2Spades 
P0 AHearts P1 4Hearts P2 KHearts P3 3Hearts 
P0 4Spades P1 6Spades P2 5Spades P3 KSpades 
P3 3Clubs P0 5Clubs P1 AClubs P2 JClubs 
P1 2Clubs P2 KClubs P3 4Clubs P0 7Clubs 
P0 5Hearts P1 6Hearts P2 2Hearts P3 7Hearts 
P3 QClubs P0 6Diamonds P1 6Clubs P2 QHearts 
P0 JHearts P1 QSpades P2 5Diamonds P3 7Diamonds 
P3 2Diamonds P0 QDiamonds P1 3Diamonds P2 JDiamonds 
P2 KDiamonds P3 4Diamonds P0 ADiamonds P1 JSpades 
-- /GAME --
P0 HAND: ADiamonds, 6Diamonds, 6Clubs, KHearts, 6Hearts, 2Hearts, JSpades, QSpades, 6Spades, 5Spades.
P1 HAND: 7Diamonds, QDiamonds, 3Diamonds, AClubs, JHearts, 3Hearts, ASpades, 4Spades, 3Spades, 2Spades.
P2 HAND: KDiamonds, JDiamonds, 5Diamonds, 4Diamonds, 2Diamonds, 7Clubs, QClubs, 2Clubs, QHearts, 7Spades.
P3 HAND: KClubs, JClubs, 5Clubs, 4Clubs, 3Clubs, AHearts, 7Hearts, 5Hearts, 4Hearts, KSpades.
P3 AHearts P0 2Hearts P1 JHearts P2 QHearts 
P3 3Clubs P0 6Clubs P1 AClubs P2 2Clubs 
P1 ASpades P2 7Spades P3 KSpades P0 5Spades 
P1 2Spades P2 QClubs P3 4Clubs P0 JSpades 
P0 6Hearts P1 3Hearts P2 2Diamonds P3 4Hearts 
P2 4Diamonds P3 5Clubs P0 6Diamonds P1 3Diamonds 
P0 KHearts P1 3Spades P2 5Diamonds P3 5Hearts 
P2 JDiamonds P3 JClubs P0 ADiamonds P1 QDiamonds 
P0 6Spades P1 4Spades P2 KDiamonds P3 KClubs 
P2 7Clubs P3 7Hearts P0 QSpades P1 7Diamonds 
-- /GAME --
P0 HAND: ADiamonds, 7Diamonds, 6Diamonds, 5Diamonds, 4Diamonds, AClubs, 3Clubs, 2Hearts, KSpades, 6Spades.
P1 HAND: KDiamonds, JDiamonds, 2Diamonds, QClubs, 6Clubs, 5Clubs, 4Clubs, 2Clubs, 7Spades, 5Spades.
P2 HAND: QDiamonds, KClubs, JClubs, KHearts, JHearts, 6Hearts, 4Hearts, QSpades, 4Spades, 2Spades.
P3 HAND: 3Diamonds, 7Clubs, AHearts, 7Hearts, QHearts, 5Hearts, 3Hearts, ASpades, JSpades, 3Spades.
P2 4Hearts P3 AHearts P0 2Hearts P1 KDiamonds 
P3 3Diamonds P0 ADiamonds P1 2Diamonds P2 QDiamonds 
P0 AClubs P1 2Clubs P2 KClubs P3 7Clubs 
P0 3Clubs P1 4Clubs P2 JClubs P3 3Hearts 
P2 6Hearts P3 5Hearts P0 KSpades P1 5Clubs 
P0 4Diamonds P1 JDiamonds P2 2Spades P3 QHearts 
P2 JHearts P3 7Hearts P0 6Spades P1 7Spades 
P1 6Clubs P2 4Spades P3 3Spades P0 7Diamonds 
P2 QSpades P3 JSpades P0 5Diamonds P1 5Spades 
P3 ASpades P0 6Diamonds P1 QClubs P2 KHearts 
-- /GAME --
P0 HAND: ADiamonds, KDiamonds, 7Clubs, 4Clubs, KHearts, 7Spades, JSpades, QSpades, 5Spades, 3Spades.
P1 HAND: 6Diamonds, 5Diamonds, JClubs, 3Clubs, 7Hearts, JHearts, 6Hearts, 2Hearts, ASpades, 2Spades.
P2 HAND: 7Diamonds, AClubs, QClubs, 6Clubs, AHearts, 5Hearts, 3Hearts, KSpades, 6Spades, 4Spades.
P3 HAND: JDiamonds, QDiamonds, 4Diamonds, 3Diamonds, 2Diamonds, KClubs, 5Clubs, 2Clubs, QHearts, 4Hearts.
P1 ASpades P2 4Spades P3 JDiamonds P0 3Spades 
P1 2Hearts P2 AHearts P3 4Hearts P0 KHearts 
P2 3Hearts P3 QHearts P0 4Clubs P1 6Hearts 
P0 ADiamonds P1 5Diamonds P2 7Diamonds P3 2Diamonds 
P0 KDiamonds P1 6Diamonds P2 KSpades P3 3Diamonds 
P0 5Spades P1 2Spades P2 6Spades P3 4Diamonds 
P2 5Hearts P3 QDiamonds P0 7Clubs P1 JHearts 
P0 QSpades P1 3Clubs P2 6Clubs P3 2Clubs 
P2 QClubs P3 5Clubs P0 JSpades P1 JClubs 
P1 7Hearts P2 AClubs P3 KClubs P0 7Spades 
-- /GAME --
P0 HAND: KDiamonds, JDiamonds, 2Diamonds, 7Clubs, KClubs, 3Clubs, AHearts, KHearts, 6Hearts, 2Hearts.
P1 HAND: 7Diamonds, 3Diamonds, AClubs, 6Clubs, 5Clubs, 7Hearts, QHearts, 3Hearts, KSpades, 6Spades.
P2 HAND: ADiamonds, JClubs, QClubs, 2Clubs, 5Hearts, 4Hearts, 7Spades, 5Spades, 4Spades, 2Spades.
P3 HAND: QDiamonds, 6Diamonds, 5Diamonds, 4Diamonds, 4Clubs, JHearts, ASpades, JSpades, QSpades, 3Spades.
P0 KClubs P1 AClubs P2 2Clubs P3 4Clubs 
P1 3Hearts P2 4Hearts P3 JHearts P0 AHearts 
P0 7Clubs P1 5Clubs P2 JClubs P3 4Diamonds 
P3 ASpades P0 KDiamonds P1 6Spades P2 7Spades 
P0 3Clubs P1 6Clubs P2 QClubs P3 3Spades 
P2 2Spades P3 QSpades P0 JDiamonds P1 KSpades 
P0 2Hearts P1 QHearts P2 5Hearts P3 JSpades 
P1 3Diamonds P2 ADiamonds P3 5Diamonds P0 2Diamonds 
P2 4Spades P3 6Diamonds P0 6Hearts P1 7Hearts 
P3 QDiamonds P0 KHearts P1 7Diamonds P2 5Spades 
-- /GAME --
P0 HAND: ADiamonds, QDiamonds, 4Diamonds, 3Diamonds, 3Clubs, 2Clubs, 7Hearts, JHearts, JSpades, 5Spades.
P1 HAND: KDiamonds, JDiamonds, 6Diamonds, 5Diamonds, 7Clubs, JClubs, 4Hearts, 2Hearts, KSpades, 3Spades.
P2 HAND: AClubs, QClubs, AHearts, KHearts, QHearts, 5Hearts, 7Spades, QSpades, 4Spades, 2Spades.
P3 HAND: 7Diamonds, 2Diamonds, KClubs, 6Clubs, 5Clubs, 4Clubs, 6Hearts, 3Hearts, ASpades, 6Spades.
P3 2Diamonds 
