-- GAME --
P0 KDiamonds 
P2 2Diamonds P3 ADiamonds P0 QDiamonds P1 6Diamonds 
P3 3Hearts P0 AHearts P1 7Hearts P2 6Hearts 
P0 JDiamonds P1 3Diamonds P2 4Diamonds P3 4Clubs 
P0 2Hearts P1 5Diamonds P2 5Hearts P3 KHearts 
P3 4Hearts P0 QHearts P1 5Clubs P2 7Diamonds 
P0 6Spades P1 6Clubs P2 3Spades P3 4Spades 
P0 QSpades P1 JClubs P2 KSpades P3 5Spades 
P2 7Spades P3 JSpades P0 2Spades P1 7Clubs 
P2 ASpades P3 QClubs P0 JHearts P1 AClubs 
-- /GAME --
P0 HAND: 7Diamonds, KDiamonds, 5Diamonds, AClubs, QClubs, 7Hearts, JHearts, 7Spades, KSpades, JSpades.
P1 HAND: JDiamonds, 3Diamonds, KClubs, 6Clubs, 5Clubs, AHearts, KHearts, 5Hearts, 2Hearts, 2Spades.
P2 HAND: ADiamonds, QDiamonds, 7Clubs, 4Clubs, 3Clubs, QHearts, 4Hearts, 3Hearts, ASpades, QSpades.
P3 HAND: 6Diamonds, 4Diamonds, 2Diamonds, JClubs, 2Clubs, 6Hearts, 6Spades, 5Spades, 4Spades, 3Spades.
P0 AClubs P1 5Clubs P2 7Clubs P3 2Clubs 
P0 5Diamonds P1 3Diamonds P2 ADiamonds P3 2Diamonds 
P2 3Clubs P3 JClubs P0 QClubs P1 KClubs 
P1 AHearts P2 3Hearts P3 6Hearts P0 JHearts 
P1 2Hearts P2 4Hearts P3 4Diamonds P0 7Hearts 
P0 KSpades P1 2Spades P2 QSpades P3 3Spades 
P0 JSpades P1 5Hearts P2 ASpades P3 4Spades 
P2 4Clubs P3 6Diamonds P0 KDiamonds P1 6Clubs 
P1 JDiamonds P2 QDiamonds P3 5Spades P0 7Diamonds 
P3 6Spades P0 7Spades P1 KHearts P2 QHearts 
-- /GAME --
P0 HAND: ADiamonds, KDiamonds, 2Diamonds, 6Clubs, 4Clubs, 2Clubs, QHearts, 7Spades, KSpades, 5Spades.
P1 HAND: JDiamonds, 6Diamonds, 3Diamonds, AClubs, 3Clubs, AHearts, 5Hearts, ASpades, 6Spades, 3Spades.
P2 HAND: QDiamonds, 5Clubs, 7Hearts, KHearts, JHearts, 3Hearts, 2Hearts, QSpades, 4Spades, 2Spades.
P3 HAND: 7Diamonds, 5Diamonds, 4Diamonds, 7Clubs, KClubs, JClubs, QClubs, 6Hearts, 4Hearts, JSpades.
P3 4Hearts P0 QHearts P1 AHearts P2 2Hearts 
P1 AClubs P2 5Clubs P3 7Clubs P0 2Clubs 
P1 ASpades P2 2Spades P3 JSpades P0 5Spades 
P1 3Clubs P2 3Hearts P3 KClubs P0 4Clubs 
P3 6Hearts P0 6Clubs P1 5Hearts P2 7Hearts 
P2 4Spades P3 QClubs P0 KSpades P1 3Spades 
P0 KDiamonds P1 3Diamonds P2 QDiamonds P3 7Diamonds 
P3 JClubs P0 7Spades P1 6Diamonds P2 QSpades 
P1 6Spades P2 JHearts P3 4Diamonds P0 2Diamonds 
P3 5Diamonds P0 ADiamonds P1 JDiamonds P2 KHearts 
-- /GAME --
P0 HAND: 6Diamonds, AClubs, 7Clubs, KClubs, 6Clubs, 7Hearts, KHearts, 7Spades, QSpades, 3Spades.
P1 HAND: 5Diamonds, 3Diamonds, QClubs, 3Clubs, 2Clubs, QHearts, KSpades, 6Spades, 5Spades, 4Spades.
P2 HAND: KDiamonds, QDiamonds, 2Diamonds, JClubs, JHearts, 5Hearts, 4Hearts, 3Hearts, ASpades, JSpades.
P3 HAND: ADiamonds, 7Diamonds, JDiamonds, 4Diamonds, 5Clubs, 4Clubs, AHearts, 6Hearts, 2Hearts, 2Spades.
P2 2Diamonds P3 ADiamonds P0 6Diamonds P1 5Diamonds 
P3 AHearts P0 KHearts P1 QHearts P2 3Hearts 
P3 2Hearts P0 7Hearts P1 4Spades P2 4Hearts 
P1 2Clubs P2 JClubs P3 4Clubs P0 AClubs 
P0 QSpades P1 5Spades P2 JSpades P3 2Spades 
P2 5Hearts P3 6Hearts P0 6Clubs P1 QClubs 
P3 4Diamonds P0 KClubs P1 3Diamonds P2 KDiamonds 
P2 QDiamonds P3 JDiamonds P0 3Spades P1 6Spades 
P1 3Clubs P2 ASpades P3 5Clubs P0 7Clubs 
P2 JHearts P3 7Diamonds P0 7Spades P1 KSpades 
-- /GAME --

