-- GAME --
P0 HAND: 6Diamonds, 3Diamonds, KClubs, JClubs, 2Clubs, 7Hearts, 5Hearts, ASpades, 4Spades, 3Spades.
P1 HAND: JDiamonds, 4Diamonds, 2Diamonds, 7Clubs, 3Clubs, AHearts, 6Hearts, KSpades, 6Spades, 2Spades.
P2 HAND: 5Diamonds, QClubs, 5Clubs, JHearts, QHearts, 3Hearts, 2Hearts, 7Spades, JSpades, 5Spades.
P3 HAND: ADiamonds, 7Diamonds, KDiamonds, QDiamonds, AClubs, 6Clubs, 4Clubs, KHearts, 4Hearts, QSpades.
P0 JClubs P1 3Clubs P2 5Clubs P3 4Clubs 
P0 2Clubs P1 7Clubs P2 QClubs P3 6Clubs 
P1 AHearts P2 2Hearts P3 KHearts P0 5Hearts 
P1 2Diamonds P2 5Diamonds P3 ADiamonds P0 3Diamonds 
P3 4Hearts P0 7Hearts P1 6Hearts P2 JHearts 
P0 ASpades P1 2Spades P2 7Spades P3 QSpades 
P0 6Diamonds P1 4Diamonds P2 3Hearts P3 7Diamonds 
P3 QDiamonds P0 3Spades P1 JDiamonds P2 5Spades 
P1 6Spades P2 JSpades P3 AClubs P0 4Spades 
P3 KDiamonds P0 KClubs P1 KSpades P2 QHearts 
-- /GAME --
P0 HAND: KDiamonds, 6Diamonds, QClubs, KHearts, 5Hearts, 4Hearts, 3Hearts, 5Spades, 4Spades, 3Spades.
P1 HAND: 5Diamonds, 4Diamonds, 7Clubs, KClubs, JClubs, 4Clubs, 7Hearts, KSpades, JSpades, 2Spades.
P2 HAND: 7Diamonds, QDiamonds, 3Diamonds, 2Diamonds, 6Clubs, 5Clubs, JHearts, ASpades, 7Spades, QSpades.
P3 HAND: ADiamonds, JDiamonds, AClubs, 3Clubs, 2Clubs, AHearts, QHearts, 6Hearts, 2Hearts, 6Spades.
P3 AClubs P0 QClubs P1 7Clubs P2 5Clubs 
P3 AHearts P0 3Hearts P1 7Hearts P2 JHearts 
P3 2Clubs P0 4Spades P1 KClubs P2 6Clubs 
P1 2Spades P2 ASpades P3 6Spades P0 5Spades 
P2 QSpades P3 2Hearts P0 3Spades P1 KSpades 
P1 4Clubs P2 2Diamonds P3 3Clubs 
