-- GAME --
P0 HAND: 4Diamonds, 2Diamonds, JClubs, KHearts, QHearts, 5Hearts, ASpades, QSpades, 6Spades, 3Spades.
P1 HAND: JDiamonds, 5Diamonds, 7Hearts, JHearts, 6Hearts, 2Hearts, 7Spades, KSpades, JSpades, 2Spades.
P2 HAND: 7Diamonds, QDiamonds, 3Diamonds, AClubs, 6Clubs, 5Clubs, 4Clubs, 3Clubs, 4Hearts, 3Hearts.
P3 HAND: ADiamonds, KDiamonds, 6Diamonds, 7Clubs, KClubs, QClubs, 2Clubs, AHearts, 5Spades, 4Spades.
P3 ADiamonds P0 2Diamonds P1 JDiamonds P2 3Diamonds 
P3 2Clubs P0 JClubs P1 2Spades P2 AClubs 
P2 3Clubs P3 QClubs P0 QHearts P1 5Diamonds 
P0 ASpades P1 JSpades P2 7Diamonds P3 4Spades 
P0 4Diamonds P1 2Hearts P2 QDiamonds P3 KDiamonds 
P1 6Hearts P2 3Hearts P3 AHearts P0 5Hearts 
P3 5Spades P0 QSpades P1 KSpades P2 4Hearts 
P2 4Clubs P3 KClubs P0 KHearts P1 7Hearts 
P1 JHearts P2 5Clubs P3 6Diamonds P0 3Spades 
P1 7Spades P2 6Clubs P3 7Clubs P0 6Spades 
-- /GAME --
P0 HAND: ADiamonds, 3Diamonds, QClubs, 6Clubs, 3Clubs, QHearts, 6Hearts, 5Hearts, QSpades, 4Spades.
P1 HAND: 5Diamonds, 4Diamonds, 2Diamonds, AClubs, 5Clubs, 7Hearts, JHearts, 2Hearts, ASpades, 5Spades.
P2 HAND: KDiamonds, 6Diamonds, 7Clubs, JClubs, AHearts, KHearts, 4Hearts, JSpades, 6Spades, 3Spades.
P3 HAND: 7Diamonds, JDiamonds, QDiamonds, KClubs, 4Clubs, 2Clubs, 3Hearts, 7Spades, KSpades, 2Spades.
P2 AHearts P3 3Hearts P0 QHearts P1 2Hearts 
P2 4Hearts P3 2Clubs P0 5Hearts P1 7Hearts 
P1 AClubs P2 JClubs P3 KClubs P0 3Clubs 
P1 2Diamonds P2 6Diamonds P3 QDiamonds P0 3Diamonds 
P3 4Clubs P0 6Clubs P1 5Clubs P2 7Clubs 
P2 3Spades P3 2Spades P0 QSpades P1 5Spades 
P0 ADiamonds P1 4Diamonds P2 KDiamonds P3 JDiamonds 
P0 6Hearts P1 JHearts P2 KHearts P3 KSpades 
P3 7Spades P0 4Spades P1 ASpades P2 6Spades 
P1 5Diamonds P2 JSpades 
