-- GAME --
P0 HAND: QDiamonds, 7Clubs, JClubs, 2Clubs, AHearts, 6Hearts, 5Hearts, QSpades, 4Spades, 3Spades.
P1 HAND: 6Diamonds, 5Diamonds, 3Diamonds, 2Diamonds, KClubs, 5Clubs, 3Hearts, ASpades, 7Spades, 2Spades.
P2 HAND: 4Diamonds, AClubs, 7Hearts, KHearts, JHearts, QHearts, 4Hearts, KSpades, JSpades, 6Spades.
P3 HAND: ADiamonds, 7Diamonds, KDiamonds, JDiamonds, QClubs, 6Clubs, 4Clubs, 3Clubs, 2Hearts, 5Spades.
P2 AClubs P3 3Clubs P0 JClubs P1 5Clubs 
P2 4Diamonds P3 ADiamonds P0 QDiamonds P1 6Diamonds 
P3 4Clubs P0 7Clubs P1 KClubs P2 KSpades 
P0 2Clubs P1 2Diamonds P2 6Spades P3 QClubs 
P3 5Spades P0 QSpades P1 ASpades P2 JSpades 
P1 2Spades P2 4Hearts P3 6Clubs P0 4Spades 
P2 QHearts P3 2Hearts P0 5Hearts P1 3Hearts 
P2 JHearts P3 JDiamonds P0 6Hearts P1 3Diamonds 
P2 KHearts P3 KDiamonds P0 AHearts P1 5Diamonds 
P0 3Spades P1 7Spades P2 7Hearts P3 7Diamonds 
-- /GAME --
P0 HAND: 5Diamonds, JClubs, QClubs, 3Clubs, 2Clubs, 2Hearts, KSpades, JSpades, 4Spades, 3Spades.
P1 HAND: 7Diamonds, KDiamonds, JDiamonds, QDiamonds, 3Diamonds, AClubs, 5Clubs, 3Hearts, 7Spades, QSpades.
P2 HAND: ADiamonds, KClubs, 6Clubs, AHearts, 7Hearts, QHearts, 5Hearts, ASpades, 5Spades, 2Spades.
P3 HAND: 6Diamonds, 4Diamonds, 2Diamonds, 7Clubs, 4Clubs, KHearts, JHearts, 6Hearts, 4Hearts, 6Spades.
P1 AClubs P2 6Clubs P3 7Clubs P0 2Clubs 
P1 3Diamonds P2 ADiamonds P3 2Diamonds P0 5Diamonds 
P2 AHearts P3 4Hearts P0 2Hearts P1 3Hearts 
P2 5Hearts P3 6Hearts P0 3Spades P1 5Clubs 
P0 3Clubs P1 QDiamonds P2 KClubs P3 4Clubs 
P2 QHearts P3 JHearts P0 QClubs P1 7Diamonds 
P3 4Diamonds P0 JClubs P1 JDiamonds P2 2Spades 
P2 5Spades P3 6Spades P0 4Spades P1 QSpades 
P1 7Spades P2 ASpades P3 6Diamonds P0 JSpades 
P2 7Hearts P3 KHearts P0 KSpades P1 KDiamonds 
-- /GAME --
P0 HAND: 5Diamonds, 3Diamonds, AClubs, 4Clubs, 3Clubs, JHearts, 6Hearts, 3Hearts, KSpades, 4Spades.
P1 HAND: KDiamonds, JDiamonds, 6Diamonds, 4Diamonds, AHearts, KHearts, 4Hearts, ASpades, QSpades, 5Spades.
P2 HAND: ADiamonds, QDiamonds, 7Clubs, KClubs, 5Clubs, 2Clubs, QHearts, 7Spades, 6Spades, 2Spades.
P3 HAND: 7Diamonds, 2Diamonds, JClubs, QClubs, 6Clubs, 7Hearts, 5Hearts, 2Hearts, JSpades, 3Spades.
P0 5Diamonds P1 4Diamonds P2 ADiamonds P3 2Diamonds 
P2 2Clubs P3 6Clubs P0 4Clubs P1 AHearts 
P3 2Hearts P0 JHearts P1 4Hearts P2 QHearts 
P0 6Hearts P1 KHearts P2 5Clubs P3 7Hearts 
P3 5Hearts P0 3Hearts P1 6Diamonds P2 QDiamonds 
P3 QClubs P0 3Clubs P1 5Spades P2 KClubs 
P1 JDiamonds P2 2Spades P3 7Diamonds P0 3Diamonds 
P2 6Spades P3 3Spades P0 KSpades P1 QSpades 
P0 4Spades P1 ASpades P2 7Spades P3 JSpades 
P1 KDiamonds P2 7Clubs P3 JClubs P0 AClubs 
-- /GAME --
P0 HAND: 7Diamonds, KDiamonds, 3Diamonds, KHearts, QHearts, 2Hearts, ASpades, 7Spades, QSpades, 5Spades.
P1 HAND: ADiamonds, QDiamonds, 2Diamonds, KClubs, 5Clubs, AHearts, 7Hearts, 4Hearts, KSpades, 3Spades.
P2 HAND: 6Diamonds, 5Diamonds, 3Clubs, JHearts, 6Hearts, 5Hearts, 3Hearts, JSpades, 6Spades, 2Spades.
P3 HAND: JDiamonds, 4Diamonds, AClubs, 7Clubs, JClubs, QClubs, 6Clubs, 4Clubs, 2Clubs, 4Spades.
P3 2Clubs P0 2Hearts P1 5Clubs P2 3Clubs 
P1 AHearts P2 3Hearts P3 AClubs P0 QHearts 
P1 3Spades P2 2Spades P3 4Spades P0 ASpades 
P0 KHearts P1 4Hearts P2 5Hearts P3 4Clubs 
P0 QSpades P1 KSpades P2 6Spades P3 7Clubs 
P1 2Diamonds P2 5Diamonds P3 4Diamonds P0 7Diamonds 
P0 3Diamonds P1 QDiamonds P2 6Diamonds P3 JDiamonds 
P3 6Clubs P0 5Spades P1 KClubs P2 6Hearts 
P1 ADiamonds P2 JHearts P3 QClubs P0 KDiamonds 
P1 7Hearts P2 JSpades P3 JClubs P0 7Spades 
-- /GAME --
P0 HAND: ADiamonds, 6Diamonds, AClubs, 7Hearts, JHearts, 2Hearts, ASpades, QSpades, 6Spades, 4Spades.
P1 HAND: JDiamonds, 5Diamonds, 7Clubs, QClubs, 3Clubs, 6Hearts, 5Hearts, 4Hearts, 7Spades, 5Spades.
P2 HAND: 2Diamonds, KClubs, JClubs, 6Clubs, 5Clubs, 4Clubs, 2Clubs, 3Hearts, KSpades, 3Spades.
P3 HAND: 7Diamonds, KDiamonds, QDiamonds, 4Diamonds, 3Diamonds, AHearts, KHearts, QHearts, JSpades, 2Spades.
P2 2Diamonds P3 3Diamonds P0 6Diamonds P1 JDiamonds 
P1 3Clubs P2 2Clubs P3 2Spades P0 AClubs 
P0 ASpades P1 5Spades P2 KSpades P3 JSpades 
P0 QSpades P1 7Spades P2 3Spades P3 7Diamonds 
P1 5Diamonds P2 4Clubs P3 4Diamonds P0 ADiamonds 
P0 6Spades P1 QClubs P2 5Clubs P3 QDiamonds 
P0 4Spades P1 4Hearts P2 6Clubs P3 KDiamonds 
P1 5Hearts P2 3Hearts P3 QHearts P0 7Hearts 
P0 2Hearts P1 6Hearts P2 JClubs P3 KHearts 
P3 AHearts P0 JHearts P1 7Clubs P2 KClubs 
-- /GAME --
P0 HAND: ADiamonds, KDiamonds, 7Clubs, 4Clubs, 3Clubs, 7Hearts, 6Hearts, 3Hearts, 7Spades, 3Spades.
P1 HAND: 7Diamonds, JDiamonds, 3Diamonds, AClubs, JClubs, 5Clubs, JHearts, KSpades, JSpades, 5Spades.
P2 HAND: QDiamonds, 4Diamonds, KClubs, 2Clubs, KHearts, 2Hearts, ASpades, QSpades, 4Spades, 2Spades.
P3 HAND: 6Diamonds, 5Diamonds, 2Diamonds, QClubs, 6Clubs, AHearts, QHearts, 5Hearts, 4Hearts, 6Spades.
P3 AHearts P0 3Hearts P1 JHearts P2 2Hearts 
P3 2Diamonds P0 KDiamonds P1 3Diamonds P2 QDiamonds 
P0 3Clubs P1 5Clubs P2 2Clubs P3 6Clubs 
P3 4Hearts P0 7Hearts P1 JClubs P2 KHearts 
P1 5Spades P2 ASpades P3 6Spades P0 3Spades 
P2 2Spades P3 5Diamonds P0 7Spades P1 JSpades 
P0 6Hearts P1 AClubs P2 4Diamonds P3 QHearts 
P1 JDiamonds P2 4Spades P3 6Diamonds P0 ADiamonds 
P0 7Clubs P1 KSpades P2 KClubs P3 QClubs 
P0 4Clubs P1 7Diamonds P2 QSpades P3 5Hearts 
-- /GAME --
P0 HAND: 6Diamonds, 4Diamonds, KClubs, 6Clubs, 5Clubs, 3Clubs, 2Clubs, 7Spades, 5Spades, 4Spades.
P1 HAND: ADiamonds, 3Diamonds, QClubs, 4Clubs, KHearts, JHearts, 4Hearts, 2Hearts, KSpades, 2Spades.
P2 HAND: KDiamonds, 2Diamonds, 7Clubs, JClubs, AHearts, 7Hearts, 5Hearts, ASpades, 6Spades, 3Spades.
P3 HAND: 7Diamonds, JDiamonds, QDiamonds, 5Diamonds, AClubs, QHearts, 6Hearts, 3Hearts, JSpades, QSpades.
P2 ASpades P3 QSpades P0 5Spades P1 2Spades 
P2 2Diamonds P3 5Diamonds P0 6Diamonds P1 ADiamonds 
P1 3Diamonds P2 KDiamonds P3 QDiamonds P0 4Diamonds 
P2 3Spades P3 JSpades P0 7Spades P1 KSpades 
P0 4Spades P1 4Clubs P2 6Spades P3 3Hearts 
P3 AClubs P0 2Clubs P1 QClubs P2 JClubs 
P3 JDiamonds P0 3Clubs P1 2Hearts P2 5Hearts 
P2 7Hearts P3 6Hearts P0 KClubs P1 4Hearts 
P2 AHearts P3 QHearts P0 6Clubs P1 JHearts 
P2 7Clubs P3 7Diamonds P0 5Clubs P1 KHearts 
-- /GAME --
P0 HAND: 7Diamonds, JClubs, 6Clubs, 3Clubs, QHearts, 6Hearts, 3Hearts, 7Spades, JSpades, 5Spades.
P1 HAND: KDiamonds, 6Diamonds, 7Clubs, KClubs, QClubs, 2Clubs, 7Hearts, KHearts, JHearts, 6Spades.
P2 HAND: ADiamonds, QDiamonds, 4Diamonds, 2Diamonds, 5Clubs, 4Clubs, 5Hearts, ASpades, KSpades, 4Spades.
P3 HAND: JDiamonds, 5Diamonds, 3Diamonds, AClubs, AHearts, 4Hearts, 2Hearts, QSpades, 3Spades, 2Spades.
P1 6Diamonds P2 ADiamonds P3 3Diamonds P0 7Diamonds 
P2 ASpades P3 2Spades P0 JSpades P1 6Spades 
P2 2Diamonds P3 5Diamonds P0 JClubs P1 KDiamonds 
P0 7Spades P1 2Clubs P2 4Spades P3 QSpades 
P1 JHearts P2 5Hearts P3 AHearts P0 3Hearts 
P3 2Hearts P0 6Hearts P1 7Hearts P2 4Clubs 
P2 4Diamonds P3 JDiamonds P0 3Clubs P1 QClubs 
P1 KClubs P2 5Clubs P3 AClubs P0 6Clubs 
P3 3Spades P0 5Spades P1 7Clubs P2 KSpades 
P1 KHearts P2 QDiamonds P3 4Hearts P0 QHearts 
-- /GAME --
P0 HAND: 5Diamonds, 2Diamonds, AClubs, 7Hearts, KHearts, JHearts, QHearts, 5Hearts, 3Hearts, 6Spades.
P1 HAND: ADiamonds, 6Diamonds, 4Diamonds, KClubs, 6Clubs, 2Clubs, 2Hearts, ASpades, KSpades, 5Spades.
P2 HAND: 7Diamonds, QDiamonds, 7Clubs, JClubs, 5Clubs, 6Hearts, 7Spades, QSpades, 3Spades, 2Spades.
P3 HAND: KDiamonds, JDiamonds, 3Diamonds, QClubs, 4Clubs, 3Clubs, AHearts, 4Hearts, JSpades, 4Spades.
P0 AClubs P1 2Clubs P2 7Clubs P3 3Clubs 
P0 3Hearts P1 2Hearts P2 6Hearts P3 4Hearts 
P2 2Spades P3 4Spades P0 6Spades P1 ASpades 
P1 ADiamonds P2 QDiamonds P3 KDiamonds P0 5Diamonds 
P1 4Diamonds P2 7Diamonds P3 3Diamonds P0 2Diamonds 
P2 3Spades P3 JSpades P0 KHearts P1 5Spades 
P0 5Hearts P1 6Diamonds P2 5Clubs P3 AHearts 
P3 4Clubs P0 QHearts P1 6Clubs P2 JClubs 
P0 JHearts P1 KClubs P2 QSpades P3 QClubs 
P0 7Hearts P1 KSpades P2 7Spades P3 JDiamonds 
-- /GAME --
P0 HAND: 7Diamonds, 2Diamonds, 7Clubs, KClubs, QClubs, 2Clubs, 7Hearts, JHearts, ASpades, 7Spades.
P1 HAND: KDiamonds, 3Diamonds, 6Clubs, 5Clubs, KHearts, 6Hearts, 5Hearts, KSpades, JSpades, 3Spades.
P2 HAND: ADiamonds, JDiamonds, QDiamonds, 5Diamonds, 4Diamonds, AClubs, AHearts, 4Hearts, 2Hearts, 4Spades.
P3 2Spades P3 HAND: 6Diamonds, JClubs, 4Clubs, 3Clubs, QHearts, 3Hearts, QSpades, 6Spades, 5Spades.
P0 ASpades P1 3Spades P2 4Spades 
P0 7Spades P1 JSpades P2 ADiamonds P3 5Spades 
P0 7Diamonds P1 3Diamonds P2 JDiamonds P3 6Diamonds 
P0 2Clubs P1 5Clubs P2 AClubs P3 3Clubs 
P2 4Diamonds P3 4Clubs P0 2Diamonds P1 KDiamonds 
P1 6Clubs P2 5Diamonds P3 JClubs P0 7Clubs 
P0 QClubs P1 5Hearts P2 QDiamonds P3 QSpades 
P1 6Hearts P2 2Hearts P3 3Hearts P0 7Hearts 
P0 KClubs P1 KHearts P2 AHearts P3 6Spades 
P2 4Hearts P3 QHearts P0 JHearts P1 KSpades 
-- /GAME --
P0 HAND: 7Diamonds, KDiamonds, 5Diamonds, KClubs, 3Clubs, 6Hearts, 5Hearts, 2Hearts, 7Spades, 5Spades.
P1 HAND: ADiamonds, JDiamonds, QDiamonds, 4Diamonds, JClubs, 5Clubs, 4Clubs, 3Hearts, 3Spades, 2Spades.
P2 HAND: 6Diamonds, 3Diamonds, 2Diamonds, QClubs, KHearts, QHearts, 4Hearts, ASpades, QSpades, 6Spades.
P3 HAND: AClubs, 7Clubs, 6Clubs, 2Clubs, AHearts, 7Hearts, JHearts, KSpades, JSpades, 4Spades.
P1 2Spades P2 ASpades P3 4Spades P0 5Spades 
P2 4Hearts P3 AHearts P0 2Hearts P1 3Hearts 
P3 AClubs P0 3Clubs P1 JClubs P2 QClubs 
P3 2Clubs P0 KClubs P1 4Clubs P2 KHearts 
P0 6Hearts P1 3Spades P2 QHearts P3 7Hearts 
P3 6Clubs P0 5Hearts P1 5Clubs P2 6Spades 
P3 JHearts P0 KDiamonds P1 ADiamonds P2 QSpades 
P1 4Diamonds P2 2Diamonds P3 JSpades P0 5Diamonds 
P0 7Diamonds P1 QDiamonds P2 3Diamonds P3 KSpades 
P0 7Spades P1 JDiamonds P2 6Diamonds P3 7Clubs 
-- /GAME --
P0 HAND: KDiamonds, 6Diamonds, AClubs, 7Clubs, KClubs, JClubs, 5Clubs, 4Clubs, 2Hearts, QSpades.
P1 HAND: QClubs, 6Clubs, 3Clubs, 2Clubs, KHearts, QHearts, 5Hearts, KSpades, 5Spades, 4Spades.
P2 HAND: ADiamonds, 2Diamonds, 7Hearts, JHearts, 6Hearts, 4Hearts, 3Hearts, 7Spades, JSpades, 3Spades.
P3 HAND: 7Diamonds, JDiamonds, QDiamonds, 5Diamonds, 4Diamonds, 3Diamonds, AHearts, ASpades, 6Spades, 2Spades.
P0 2Hearts P1 5Hearts P2 3Hearts P3 AHearts 
P3 ASpades P0 QSpades P1 KSpades P2 3Spades 
P3 2Spades P0 6Diamonds P1 4Spades P2 7Spades 
P2 ADiamonds P3 3Diamonds P0 KDiamonds P1 QHearts 
P1 2Clubs P2 2Diamonds P3 4Diamonds P0 JClubs 
P0 4Clubs P1 3Clubs P2 4Hearts P3 5Diamonds 
P2 JSpades P3 6Spades P0 5Clubs P1 5Spades 
P2 6Hearts P3 QDiamonds P0 KClubs P1 KHearts 
P1 6Clubs P2 JHearts P3 JDiamonds P0 AClubs 
P2 7Hearts P3 7Diamonds P0 7Clubs P1 QClubs 
-- /GAME --
P0 HAND: ADiamonds, JDiamonds, QDiamonds, 3Diamonds, 2Diamonds, KClubs, 6Hearts, QSpades, 3Spades, 2Spades.
P1 HAND: KDiamonds, 6Diamonds, 4Diamonds, JClubs, 4Clubs, QHearts, 4Hearts, ASpades, KSpades, 4Spades.
P2 HAND: 7Diamonds, 7Clubs, 6Clubs, 3Clubs, AHearts, KHearts, 3Hearts, 2Hearts, JSpades, 5Spades.
P3 HAND: 5Diamonds, AClubs, QClubs, 5Clubs, 2Clubs, 7Hearts, JHearts, 5Hearts, 7Spades, 6Spades.
P3 AClubs P0 KClubs P1 JClubs P2 3Clubs 
P3 2Clubs P0 6Hearts P1 4Clubs P2 7Clubs 
P0 2Spades P1 ASpades P2 5Spades P3 7Spades 
P1 4Diamonds P2 7Diamonds P3 5Diamonds P0 ADiamonds 
P0 3Spades P1 4Spades P2 JSpades P3 6Spades 
P2 6Clubs P3 5Clubs P0 2Diamonds P1 6Diamonds 
P2 2Hearts P3 5Hearts P0 3Diamonds P1 4Hearts 
P3 QClubs P0 QSpades P1 QHearts P2 KHearts 
P2 3Hearts P3 JHearts P0 QDiamonds P1 KDiamonds 
P3 7Hearts P0 JDiamonds P1 KSpades P2 AHearts 
-- /GAME --
P0 HAND: ADiamonds, 6Diamonds, 4Clubs, KHearts, QHearts, 5Hearts, 2Hearts, 7Spades, JSpades, 2Spades.
P1 HAND: QDiamonds, 4Diamonds, KClubs, 3Clubs, JHearts, 4Hearts, ASpades, QSpades, 4Spades, 3Spades.
P2 HAND: 7Diamonds, 2Diamonds, AClubs, JClubs, 5Clubs, 2Clubs, AHearts, 7Hearts, 6Spades, 5Spades.
P3 HAND: KDiamonds, JDiamonds, 5Diamonds, 3Diamonds, 7Clubs, QClubs, 6Clubs, 6Hearts, 3Hearts, KSpades.
P2 AClubs P3 6Clubs P0 4Clubs P1 3Clubs 
P2 2Diamonds P3 3Diamonds P0 6Diamonds P1 QDiamonds 
P1 ASpades P2 5Spades P3 KSpades P0 2Spades 
P1 3Spades P2 6Spades P3 5Diamonds P0 7Spades 
P0 2Hearts P1 4Hearts P2 7Hearts P3 3Hearts 
P2 2Clubs P3 QClubs P0 KHearts P1 KClubs 
P0 5Hearts P1 JHearts P2 AHearts P3 6Hearts 
P2 5Clubs P3 7Clubs P0 QHearts P1 4Diamonds 
P0 ADiamonds P1 4Spades P2 7Diamonds P3 JDiamonds 
P0 JSpades P1 QSpades P2 JClubs P3 KDiamonds 
-- /GAME --
P0 HAND: ADiamonds, KDiamonds, 2Diamonds, AClubs, 4Clubs, 7Hearts, KSpades, JSpades, 3Spades, 2Spades.
P1 HAND: QDiamonds, 6Diamonds, 4Diamonds, 3Clubs, 4Hearts, 3Hearts, 7Spades, QSpades, 6Spades, 5Spades.
P2 HAND: 7Diamonds, 3Diamonds, KClubs, QClubs, 6Clubs, 5Clubs, 2Clubs, 5Hearts, 2Hearts, ASpades.
P3 HAND: JDiamonds, 5Diamonds, 7Clubs, JClubs, AHearts, KHearts, JHearts, QHearts, 6Hearts, 4Spades.
P1 3Clubs P2 2Clubs P3 JClubs P0 4Clubs 
P3 5Diamonds P0 KDiamonds P1 4Diamonds P2 7Diamonds 
P2 2Hearts P3 AHearts P0 7Hearts P1 4Hearts 
P3 6Hearts P0 2Diamonds P1 3Hearts P2 5Hearts 
P3 QHearts P0 KSpades P1 7Spades P2 ASpades 
P2 3Diamonds P3 JDiamonds P0 ADiamonds P1 6Diamonds 
P0 JSpades P1 5Spades P2 KClubs P3 4Spades 
P0 2Spades P1 6Spades P2 5Clubs P3 7Clubs 
P1 QDiamonds P2 6Clubs P3 JHearts P0 3Spades 
P0 AClubs P1 QSpades P2 QClubs P3 KHearts 
-- /GAME --
P0 HAND: ADiamonds, JDiamonds, AClubs, JClubs, JHearts, 5Hearts, KSpades, QSpades, 6Spades, 4Spades.
P1 HAND: KDiamonds, 3Diamonds, KClubs, 6Clubs, 5Clubs, 2Clubs, KHearts, QHearts, 6Hearts, ASpades.
P2 HAND: 7Diamonds, QDiamonds, 5Diamonds, QClubs, 4Clubs, 3Clubs, AHearts, 7Hearts, 3Hearts, 3Spades.
P3 HAND: 6Diamonds, 4Diamonds, 2Diamonds, 7Clubs, 4Hearts, 2Hearts, 7Spades, JSpades, 5Spades, 2Spades.
P0 4Spades P1 ASpades P2 3Spades P3 7Spades 
P1 2Clubs P2 3Clubs P3 7Clubs P0 AClubs 
P0 KSpades P1 3Diamonds P2 7Diamonds P3 2Spades 
P0 ADiamonds P1 KDiamonds P2 QDiamonds P3 2Diamonds 
P0 JDiamonds P1 5Clubs P2 5Diamonds P3 4Diamonds 
P0 QSpades P1 6Clubs P2 4Clubs P3 JSpades 
P3 5Spades P0 6Spades P1 6Hearts P2 QClubs 
P1 QHearts P2 3Hearts P3 2Hearts P0 JHearts 
P0 JClubs P1 KClubs P2 7Hearts P3 6Diamonds 
P2 AHearts P3 4Hearts P0 5Hearts P1 KHearts 
-- /GAME --
P0 HAND: QDiamonds, 3Diamonds, 5Clubs, 3Clubs, KHearts, JHearts, 4Hearts, ASpades, KSpades, JSpades.
P1 HAND: ADiamonds, JDiamonds, KClubs, JClubs, QClubs, 7Hearts, 5Hearts, 2Hearts, QSpades, 4Spades.
P2 HAND: 7Diamonds, KDiamonds, 5Diamonds, 2Diamonds, AClubs, 6Clubs, AHearts, 6Hearts, 7Spades, 5Spades.
P3 HAND: 6Diamonds, 4Diamonds, 7Clubs, 4Clubs, 2Clubs, QHearts, 3Hearts, 6Spades, 3Spades, 2Spades.
P3 2Clubs P0 5Clubs P1 QClubs P2 AClubs 
P2 AHearts P3 3Hearts P0 KHearts P1 2Hearts 
P2 5Spades P3 2Spades P0 KSpades P1 4Spades 
P0 3Diamonds P1 JDiamonds P2 2Diamonds P3 4Diamonds 
P1 5Hearts P2 6Hearts P3 QHearts P0 JHearts 
P0 3Clubs P1 JClubs P2 6Clubs P3 7Clubs 
P3 3Spades P0 ASpades P1 QSpades P2 7Spades 
P0 JSpades P1 ADiamonds P2 5Diamonds P3 6Spades 
P1 KClubs P2 KDiamonds P3 4Clubs P0 QDiamonds 
P2 7Diamonds P3 6Diamonds P0 4Hearts P1 7Hearts 
-- /GAME --
P0 HAND: ADiamonds, KDiamonds, QDiamonds, AClubs, 5Clubs, 3Clubs, 6Hearts, 4Hearts, 2Hearts, KSpades.
P1 HAND: 7Diamonds, JDiamonds, 6Diamonds, KClubs, 4Clubs, 2Clubs, QHearts, 7Spades, 6Spades, 2Spades.
P2 HAND: 5Diamonds, 2Diamonds, 7Clubs, QClubs, AHearts, JHearts, 5Hearts, 3Hearts, ASpades, 3Spades.
P3 HAND: 4Diamonds, 3Diamonds, JClubs, 6Clubs, 7Hearts, KHearts, JSpades, QSpades, 5Spades, 4Spades.
P1 2Clubs P2 QClubs P3 6Clubs P0 5Clubs 
P2 AHearts P3 KHearts P0 6Hearts P1 QHearts 
P2 ASpades P3 4Spades P0 KSpades P1 2Spades 
P2 3Hearts P3 7Hearts P0 2Hearts P1 7Spades 
P3 5Spades P0 4Hearts P1 6Spades P2 3Spades 
P1 4Clubs P2 7Clubs P3 JClubs P0 AClubs 
P0 3Clubs P1 KClubs P2 5Hearts P3 JSpades 
P1 6Diamonds P2 2Diamonds P3 3Diamonds P0 KDiamonds 
P0 QDiamonds P1 JDiamonds P2 5Diamonds P3 4Diamonds 
P1 7Diamonds P2 JHearts P3 QSpades P0 ADiamonds 
-- /GAME --
P0 HAND: JDiamonds, QDiamonds, JClubs, QClubs, 5Clubs, 2Clubs, AHearts, 4Hearts, JSpades, 5Spades.
P1 HAND: 7Diamonds, 3Diamonds, 2Diamonds, AClubs, 6Clubs, 3Clubs, 7Hearts, ASpades, KSpades, QSpades.
P2 HAND: ADiamonds, KDiamonds, 7Clubs, KClubs, 4Clubs, JHearts, QHearts, 6Spades, 4Spades, 2Spades.
P3 HAND: 6Diamonds, 5Diamonds, 4Diamonds, KHearts, 6Hearts, 5Hearts, 3Hearts, 2Hearts, 7Spades, 3Spades.
P0 4Hearts P1 7Hearts P2 QHearts P3 KHearts 
P1 AClubs P2 4Clubs P3 6Diamonds P0 2Clubs 
P1 2Diamonds P2 ADiamonds P3 4Diamonds P0 JDiamonds 
P2 JHearts P3 2Hearts P0 AHearts P1 QSpades 
P1 3Diamonds P2 KDiamonds P3 5Diamonds P0 QDiamonds 
P2 2Spades P3 3Spades P0 5Spades P1 KSpades 
P1 3Clubs P2 KClubs P3 3Hearts P0 JClubs 
P2 4Spades P3 7Spades P0 JSpades P1 ASpades 
P1 6Clubs P2 7Clubs P3 5Hearts P0 QClubs 
P2 6Spades P3 6Hearts P0 5Clubs P1 7Diamonds 
-- /GAME --
P0 HAND: 5Diamonds, KClubs, 6Clubs, AHearts, KHearts, JHearts, 5Hearts, 4Hearts, 3Hearts, 6Spades.
P1 HAND: ADiamonds, KDiamonds, 2Diamonds, 7Clubs, 2Clubs, QHearts, JSpades, QSpades, 5Spades, 2Spades.
P2 HAND: 7Diamonds, QDiamonds, 3Diamonds, JClubs, 4Clubs, 3Clubs, 6Hearts, KSpades, 4Spades, 3Spades.
P3 HAND: JDiamonds, 6Diamonds, 4Diamonds, AClubs, QClubs, 5Clubs, 7Hearts, 2Hearts, ASpades, 7Spades.
P3 AClubs P0 6Clubs P1 7Clubs P2 3Clubs 
P3 ASpades P0 6Spades P1 JSpades P2 3Spades 
P3 2Hearts P0 AHearts P1 QHearts P2 6Hearts 
P0 KClubs P1 2Clubs P2 JClubs P3 5Clubs 
P0 3Hearts P1 2Spades P2 4Clubs P3 7Hearts 
P3 QClubs P0 5Diamonds P1 5Spades P2 KSpades 
P0 4Hearts P1 QSpades P2 4Spades P3 4Diamonds 
P3 6Diamonds P0 JHearts P1 2Diamonds P2 3Diamonds 
P3 JDiamonds P0 KHearts P1 KDiamonds P2 7Diamonds 
P2 QDiamonds P3 7Spades P0 5Hearts P1 ADiamonds 
-- /GAME --
P0 HAND: KDiamonds, QDiamonds, 4Diamonds, 3Diamonds, JClubs, 7Hearts, 4Hearts, KSpades, 6Spades, 3Spades.
P1 HAND: JDiamonds, 6Diamonds, AClubs, 5Clubs, 2Clubs, AHearts, 6Hearts, 3Hearts, JSpades, 2Spades.
P2 HAND: 7Diamonds, KClubs, QClubs, 6Clubs, 4Clubs, 3Clubs, JHearts, 5Hearts, 7Spades, QSpades.
P3 HAND: ADiamonds, 5Diamonds, 2Diamonds, 7Clubs, KHearts, QHearts, 2Hearts, ASpades, 5Spades, 4Spades.
P2 5Hearts P3 2Hearts P0 4Hearts P1 AHearts 
P1 2Spades P2 QSpades P3 ASpades P0 6Spades 
P3 ADiamonds P0 3Diamonds P1 JDiamonds P2 7Diamonds 
P3 2Diamonds P0 KDiamonds P1 6Diamonds P2 7Spades 
P0 QDiamonds P1 3Hearts P2 JHearts P3 5Diamonds 
P0 4Diamonds P1 6Hearts P2 3Clubs P3 4Spades 
P2 4Clubs P3 7Clubs P0 JClubs P1 2Clubs 
P3 5Spades P0 KSpades P1 JSpades P2 6Clubs 
P2 QClubs P3 QHearts P0 3Spades P1 5Clubs 
P2 KClubs P3 KHearts P0 7Hearts P1 AClubs 
-- /GAME --
P0 HAND: 7Diamonds, 5Diamonds, 3Diamonds, QClubs, 5Clubs, AHearts, JHearts, QHearts, KSpades, 5Spades.
P1 HAND: AClubs, 7Clubs, KClubs, 4Clubs, 7Hearts, KHearts, 5Hearts, 4Hearts, 3Hearts, 3Spades.
P2 HAND: JDiamonds, 4Diamonds, 2Diamonds, 3Clubs, 6Hearts, 2Hearts, QSpades, 6Spades, 4Spades, 2Spades.
P3 HAND: ADiamonds, KDiamonds, QDiamonds, 6Diamonds, JClubs, 6Clubs, 2Clubs, ASpades, 7Spades, JSpades.
P1 AClubs P2 3Clubs P3 JClubs P0 5Clubs 
P1 3Spades P2 2Spades P3 ASpades P0 5Spades 
P3 ADiamonds P0 3Diamonds P1 7Clubs P2 2Diamonds 
P3 2Clubs P0 QClubs P1 4Clubs P2 JDiamonds 
P0 KSpades P1 3Hearts P2 4Spades P3 7Spades 
P1 4Hearts P2 2Hearts P3 6Diamonds P0 QHearts 
P0 JHearts P1 5Hearts P2 6Hearts P3 6Clubs 
P0 AHearts P1 KHearts P2 4Diamonds P3 QDiamonds 
P0 7Diamonds P1 7Hearts P2 6Spades P3 KDiamonds 
P1 KClubs P2 QSpades P3 JSpades P0 5Diamonds 
-- /GAME --
P0 HAND: 7Diamonds, QClubs, 5Clubs, 3Clubs, 5Hearts, 4Hearts, 2Hearts, ASpades, 5Spades, 3Spades.
P1 HAND: ADiamonds, 5Diamonds, 4Diamonds, 2Diamonds, 7Clubs, 6Clubs, KHearts, 3Hearts, JSpades, 4Spades.
P2 HAND: KDiamonds, JDiamonds, 6Diamonds, KClubs, 4Clubs, 2Clubs, JHearts, QHearts, 6Hearts, 2Spades.
P3 HAND: QDiamonds, 3Diamonds, AClubs, JClubs, AHearts, 7Hearts, 7Spades, KSpades, QSpades, 6Spades.
P3 AClubs P0 3Clubs P1 7Clubs P2 2Clubs 
P3 3Diamonds P0 7Diamonds P1 ADiamonds P2 6Diamonds 
P1 2Diamonds P2 JDiamonds P3 QDiamonds P0 2Hearts 
P0 3Spades P1 4Spades P2 2Spades P3 7Spades 
P3 6Spades P0 5Spades P1 JSpades P2 4Clubs 
P1 4Diamonds P2 KDiamonds P3 QSpades P0 ASpades 
P2 6Hearts P3 7Hearts P0 4Hearts P1 3Hearts 
P3 JClubs P0 5Clubs P1 6Clubs P2 KClubs 
P2 QHearts P3 AHearts P0 5Hearts P1 KHearts 
P3 KSpades P0 QClubs P1 5Diamonds P2 JHearts 
-- /GAME --
P0 HAND: JDiamonds, QDiamonds, 6Diamonds, 4Diamonds, 3Diamonds, 5Clubs, 3Clubs, 5Hearts, ASpades, JSpades.
P1 HAND: KDiamonds, AClubs, QClubs, 4Clubs, 2Clubs, 7Hearts, JHearts, QHearts, 3Hearts, 2Hearts.
P2 HAND: ADiamonds, KClubs, JClubs, 4Hearts, 7Spades, KSpades, QSpades, 5Spades, 4Spades, 3Spades.
P3 HAND: 7Diamonds, 5Diamonds, 2Diamonds, 7Clubs, 6Clubs, AHearts, KHearts, 6Hearts, 6Spades, 2Spades.
P2 ADiamonds P3 2Diamonds P0 JDiamonds P1 KDiamonds 
P2 3Spades P3 2Spades P0 JSpades P1 2Hearts 
P0 ASpades P1 2Clubs P2 4Spades P3 6Spades 
P1 3Hearts P2 4Hearts P3 AHearts P0 5Hearts 
P3 5Diamonds P0 QDiamonds P1 QHearts P2 7Spades 
P0 3Clubs P1 4Clubs P2 JClubs P3 6Clubs 
P2 5Spades P3 6Hearts P0 5Clubs P1 QClubs 
P1 JHearts P2 QSpades P3 KHearts P0 3Diamonds 
P3 7Clubs P0 4Diamonds P1 AClubs P2 KClubs 
P1 7Hearts P2 KSpades P3 7Diamonds P0 6Diamonds 
-- /GAME --
P0 HAND: 2Diamonds, AClubs, KClubs, QClubs, 6Clubs, 3Clubs, ASpades, 4Spades, 3Spades, 2Spades.
P1 HAND: KDiamonds, 6Diamonds, 5Diamonds, 4Diamonds, 5Clubs, 2Clubs, 6Hearts, 5Hearts, 4Hearts, 3Hearts.
P2 HAND: 7Diamonds, JDiamonds, QDiamonds, AHearts, 7Hearts, KHearts, QHearts, 2Hearts, JSpades, 6Spades.
P3 HAND: ADiamonds, 3Diamonds, 7Clubs, JClubs, 4Clubs, JHearts, 7Spades, KSpades, QSpades, 5Spades.
P1 2Clubs P2 2Hearts P3 4Clubs P0 KClubs 
P0 2Diamonds P1 4Diamonds P2 QDiamonds P3 ADiamonds 
P3 3Diamonds P0 2Spades P1 5Diamonds P2 7Diamonds 
P0 6Clubs P1 5Clubs P2 QHearts P3 7Clubs 
P3 JClubs P0 3Clubs P1 3Hearts P2 6Spades 
P2 JDiamonds P3 5Spades P0 ASpades P1 6Diamonds 
P0 3Spades P1 4Hearts P2 JSpades P3 QSpades 
P2 KHearts P3 JHearts P0 4Spades P1 5Hearts 
P0 AClubs P1 6Hearts P2 7Hearts P3 KSpades 
P3 7Spades P0 QClubs P1 KDiamonds P2 AHearts 
-- /GAME --
P0 HAND: JDiamonds, 6Diamonds, 4Diamonds, QClubs, 5Clubs, 4Clubs, JHearts, KSpades, QSpades, 4Spades.
P1 HAND: QDiamonds, 5Diamonds, AClubs, JClubs, 6Clubs, 2Clubs, KHearts, ASpades, 7Spades, 6Spades.
P2 HAND: KDiamonds, 2Diamonds, 3Clubs, AHearts, 7Hearts, QHearts, 5Hearts, 3Hearts, 3Spades, 2Spades.
P3 HAND: ADiamonds, 7Diamonds, 3Diamonds, 7Clubs, KClubs, 6Hearts, 4Hearts, 2Hearts, JSpades, 5Spades.
P0 JHearts P1 KHearts P2 AHearts P3 2Hearts 
P2 2Diamonds P3 ADiamonds P0 4Diamonds P1 QDiamonds 
P3 3Diamonds P0 JDiamonds P1 5Diamonds P2 KDiamonds 
P2 2Spades P3 5Spades P0 4Spades P1 ASpades 
P1 6Spades P2 3Spades P3 JSpades P0 KSpades 
P0 6Diamonds P1 2Clubs P2 3Hearts P3 7Diamonds 
P1 6Clubs P2 3Clubs P3 KClubs P0 4Clubs 
P3 4Hearts P0 QClubs P1 JClubs P2 5Hearts 
P1 AClubs P2 QHearts P3 7Clubs P0 5Clubs 
P1 7Spades P2 7Hearts P3 6Hearts P0 QSpades 
-- /GAME --
P0 HAND: 5Diamonds, 2Diamonds, AClubs, 7Clubs, 6Clubs, 5Clubs, 3Clubs, QHearts, 6Hearts, 3Spades.
P1 HAND: 7Diamonds, KDiamonds, 3Diamonds, JClubs, AHearts, JHearts, 5Hearts, 4Hearts, JSpades, 5Spades.
P2 HAND: ADiamonds, JDiamonds, KClubs, QClubs, 7Hearts, 3Hearts, ASpades, KSpades, QSpades, 4Spades.
P3 HAND: QDiamonds, 6Diamonds, 4Diamonds, 4Clubs, 2Clubs, KHearts, 2Hearts, 7Spades, 6Spades, 2Spades.
P0 3Spades P1 5Spades P2 4Spades P3 2Spades 
P1 AHearts P2 3Hearts P3 KHearts P0 6Hearts 
P1 3Diamonds P2 ADiamonds P3 4Diamonds P0 2Diamonds 
P2 QClubs P3 2Clubs P0 7Clubs P1 JClubs 
P0 5Diamonds P1 KDiamonds P2 JDiamonds P3 QDiamonds 
P1 4Hearts P2 7Hearts P3 2Hearts P0 QHearts 
P2 QSpades P3 6Spades P0 3Clubs P1 JSpades 
P1 5Hearts P2 KSpades P3 4Clubs P0 AClubs 
P2 ASpades P3 7Spades P0 6Clubs P1 JHearts 
P2 KClubs P3 6Diamonds P0 5Clubs P1 7Diamonds 
-- /GAME --
P0 HAND: QDiamonds, 3Diamonds, AClubs, 7Clubs, 4Clubs, 2Clubs, 7Hearts, KHearts, QHearts, 2Spades.
P1 HAND: 7Diamonds, 5Diamonds, 2Diamonds, QClubs, 3Clubs, 5Hearts, 2Hearts, KSpades, 4Spades, 3Spades.
P2 HAND: 6Diamonds, 4Diamonds, KClubs, JClubs, 5Clubs, JHearts, 6Hearts, 4Hearts, 6Spades, 5Spades.
P3 HAND: ADiamonds, KDiamonds, JDiamonds, 6Clubs, AHearts, 3Hearts, ASpades, 7Spades, JSpades, QSpades.
P3 AHearts P0 QHearts P1 5Hearts P2 4Hearts 
P3 ASpades P0 2Spades P1 KSpades P2 5Spades 
P3 3Hearts P0 7Hearts P1 2Hearts P2 JHearts 
P0 7Clubs P1 3Clubs P2 5Clubs P3 6Clubs 
P0 KHearts P1 3Spades P2 6Hearts P3 QSpades 
P0 3Diamonds P1 2Diamonds P2 4Diamonds P3 JDiamonds 
P3 JSpades P0 QDiamonds P1 4Spades P2 6Spades 
P0 2Clubs P1 QClubs P2 JClubs P3 KDiamonds 
P3 ADiamonds P0 4Clubs P1 5Diamonds P2 6Diamonds 
P3 7Spades P0 AClubs P1 7Diamonds P2 KClubs 
-- /GAME --
P0 HAND: JDiamonds, QClubs, 6Clubs, AHearts, JHearts, 3Hearts, 2Hearts, KSpades, QSpades, 4Spades.
P1 HAND: ADiamonds, 6Diamonds, 5Diamonds, 7Clubs, JClubs, 4Clubs, KHearts, 7Spades, 6Spades, 3Spades.
P2 HAND: 7Diamonds, KDiamonds, 2Diamonds, AClubs, 3Clubs, 6Hearts, 5Hearts, 4Hearts, 5Spades, 2Spades.
P3 HAND: QDiamonds, 4Diamonds, 3Diamonds, KClubs, 5Clubs, 2Clubs, 7Hearts, QHearts, ASpades, JSpades.
P2 AClubs P3 2Clubs P0 6Clubs P1 4Clubs 
P2 2Diamonds P3 3Diamonds P0 JDiamonds P1 ADiamonds 
P1 3Spades P2 2Spades P3 ASpades P0 4Spades 
P3 4Diamonds P0 QClubs P1 5Diamonds P2 7Diamonds 
P2 3Clubs P3 5Clubs P0 2Hearts P1 JClubs 
P0 3Hearts P1 KHearts P2 4Hearts P3 QHearts 
P1 6Diamonds P2 KDiamonds P3 QDiamonds P0 KSpades 
P2 5Spades P3 JSpades P0 QSpades P1 7Spades 
P1 6Spades P2 5Hearts P3 7Hearts P0 AHearts 
P0 JHearts P1 7Clubs P2 6Hearts P3 KClubs 
-- /GAME --
P0 HAND: ADiamonds, JDiamonds, QClubs, 2Clubs, JHearts, 5Hearts, 3Hearts, 6Spades, 5Spades, 4Spades.
P1 HAND: 7Clubs, 6Clubs, 5Clubs, 3Clubs, 7Hearts, QHearts, 4Hearts, 7Spades, JSpades, 3Spades.
P2 HAND: 4Diamonds, 3Diamonds, 2Diamonds, 4Clubs, KHearts, 6Hearts, 2Hearts, ASpades, QSpades, 2Spades.
P3 HAND: 7Diamonds, KDiamonds, QDiamonds, 6Diamonds, 5Diamonds, AClubs, KClubs, JClubs, AHearts, KSpades.
P1 3Clubs P2 4Clubs P3 AClubs P0 2Clubs 
P3 AHearts P0 3Hearts P1 7Hearts P2 2Hearts 
P3 5Diamonds P0 JDiamonds P1 4Hearts P2 4Diamonds 
P0 QClubs P1 5Clubs P2 2Diamonds P3 KClubs 
P3 6Diamonds P0 ADiamonds P1 3Spades P2 3Diamonds 
P1 6Clubs P2 6Hearts P3 JClubs P0 5Hearts 
P3 QDiamonds P0 JHearts P1 JSpades P2 ASpades 
P2 2Spades P3 KSpades P0 4Spades P1 7Spades 
P1 QHearts P2 KHearts P3 KDiamonds P0 5Spades 
P0 6Spades P1 7Clubs P2 QSpades P3 7Diamonds 
-- /GAME --
P0 HAND: ADiamonds, 7Diamonds, QDiamonds, QClubs, 4Clubs, 2Clubs, 2Hearts, KSpades, QSpades, 6Spades.
P1 HAND: KDiamonds, 5Diamonds, JClubs, 6Clubs, 5Clubs, AHearts, QHearts, ASpades, JSpades, 3Spades.
P2 HAND: 6Diamonds, 3Diamonds, 2Diamonds, 3Clubs, JHearts, 5Hearts, 4Hearts, 3Hearts, 7Spades, 4Spades.
P3 HAND: JDiamonds, 4Diamonds, AClubs, 7Clubs, KClubs, 7Hearts, KHearts, 6Hearts, 5Spades, 2Spades.
P0 2Hearts P1 AHearts P2 3Hearts P3 7Hearts 
P1 5Diamonds P2 2Diamonds P3 4Diamonds P0 ADiamonds 
P0 QDiamonds P1 KDiamonds P2 3Diamonds P3 JDiamonds 
P1 5Clubs P2 3Clubs P3 AClubs P0 2Clubs 
P3 6Hearts P0 KSpades P1 QHearts P2 JHearts 
P0 4Clubs P1 6Clubs P2 4Hearts P3 7Clubs 
P3 2Spades P0 QSpades P1 3Spades P2 4Spades 
P0 QClubs P1 JClubs P2 7Spades P3 KClubs 
P2 5Hearts P3 KHearts P0 6Spades P1 JSpades 
P1 ASpades P2 6Diamonds P3 5Spades P0 7Diamonds 
-- /GAME --
P0 HAND: ADiamonds, 6Diamonds, 7Clubs, QClubs, JHearts, QHearts, 5Hearts, KSpades, JSpades, QSpades.
P1 HAND: QDiamonds, 4Diamonds, 3Diamonds, 2Diamonds, 4Clubs, 3Clubs, AHearts, 7Hearts, 4Spades, 2Spades.
P2 HAND: KDiamonds, 5Diamonds, AClubs, KClubs, JClubs, 6Clubs, 6Hearts, 4Hearts, 6Spades, 5Spades.
P3 HAND: 7Diamonds, JDiamonds, 5Clubs, 2Clubs, KHearts, 3Hearts, 2Hearts, ASpades, 7Spades, 3Spades.
P3 ASpades P0 QSpades P1 4Spades P2 5Spades 
P3 2Hearts P0 5Hearts P1 AHearts P2 4Hearts 
P1 2Diamonds P2 5Diamonds P3 JDiamonds P0 6Diamonds 
P3 3Hearts P0 JHearts P1 7Hearts P2 6Hearts 
P1 2Spades P2 6Spades P3 7Spades P0 JSpades 
P3 3Spades P0 KSpades P1 3Diamonds P2 KDiamonds 
P0 QHearts P1 4Diamonds P2 6Clubs P3 KHearts 
P2 JClubs P3 2Clubs P0 QClubs P1 3Clubs 
P2 KClubs P3 5Clubs P0 7Clubs P1 4Clubs 
P0 ADiamonds P1 QDiamonds P2 AClubs P3 7Diamonds 
-- /GAME --
P0 HAND: JDiamonds, AClubs, KClubs, JClubs, 6Hearts, 4Hearts, 3Hearts, KSpades, JSpades, 3Spades.
P1 HAND: 7Diamonds, 5Diamonds, 2Diamonds, 7Clubs, QClubs, 6Clubs, 5Clubs, 7Hearts, 2Hearts, 6Spades.
P2 HAND: ADiamonds, KDiamonds, QDiamonds, 4Diamonds, 4Clubs, 3Clubs, 2Clubs, QHearts, QSpades, 2Spades.
P3 HAND: 6Diamonds, 3Diamonds, AHearts, KHearts, JHearts, 5Hearts, ASpades, 7Spades, 5Spades, 4Spades.
P3 AHearts P0 3Hearts P1 7Hearts P2 QHearts 
P3 ASpades P0 3Spades P1 6Spades P2 2Spades 
P3 4Spades P0 KSpades P1 2Hearts P2 QSpades 
P0 6Hearts P1 5Clubs P2 2Clubs P3 KHearts 
P3 5Hearts P0 4Hearts P1 6Clubs P2 3Clubs 
P3 5Spades P0 JSpades P1 QClubs P2 4Clubs 
P0 JDiamonds P1 2Diamonds P2 4Diamonds P3 3Diamonds 
P0 KClubs P1 7Clubs P2 QDiamonds P3 JHearts 
P2 KDiamonds P3 6Diamonds P0 JClubs P1 7Diamonds 
P1 5Diamonds P2 ADiamonds P3 7Spades P0 AClubs 
-- /GAME --
P0 HAND: JDiamonds, JClubs, 2Clubs, JHearts, 5Hearts, 4Hearts, 2Hearts, 7Spades, 5Spades, 4Spades.
P1 HAND: KDiamonds, 5Diamonds, 4Diamonds, KClubs, QClubs, ASpades, KSpades, 6Spades, 3Spades, 2Spades.
P2 HAND: 7Diamonds, 6Diamonds, 3Diamonds, AClubs, 7Clubs, 3Clubs, KHearts, 6Hearts, 3Hearts, QSpades.
P3 HAND: ADiamonds, QDiamonds, 2Diamonds, 6Clubs, 5Clubs, 4Clubs, AHearts, 7Hearts, QHearts, JSpades.
P2 3Diamonds P3 ADiamonds P0 JDiamonds P1 KDiamonds 
P3 AHearts P0 2Hearts P1 ASpades P2 3Hearts 
P3 2Diamonds P0 2Clubs P1 4Diamonds P2 7Diamonds 
P0 4Spades P1 2Spades P2 QSpades P3 JSpades 
P3 QDiamonds P0 JClubs P1 5Diamonds P2 6Diamonds 
P0 4Hearts P1 3Spades P2 6Hearts P3 7Hearts 
P3 QHearts P0 JHearts P1 QClubs P2 KHearts 
P1 6Spades P2 3Clubs P3 4Clubs P0 5Spades 
P3 5Clubs P0 5Hearts P1 KClubs P2 7Clubs 
P2 AClubs P3 6Clubs P0 7Spades P1 KSpades 
-- /GAME --
P0 HAND: QDiamonds, 7Clubs, KClubs, 6Clubs, 5Clubs, AHearts, JHearts, JSpades, 6Spades, 4Spades.
P1 HAND: 2Diamonds, JClubs, QClubs, 4Clubs, 3Clubs, 2Clubs, QHearts, 4Hearts, ASpades, 5Spades.
P2 HAND: KDiamonds, JDiamonds, 4Diamonds, 7Hearts, 6Hearts, 3Hearts, 7Spades, KSpades, 3Spades, 2Spades.
P3 HAND: ADiamonds, 7Diamonds, 6Diamonds, 5Diamonds, 3Diamonds, AClubs, KHearts, 5Hearts, 2Hearts, QSpades.
P1 ASpades P2 2Spades P3 QSpades P0 JSpades 
P1 2Diamonds P2 4Diamonds P3 ADiamonds P0 QDiamonds 
P3 AClubs P0 5Clubs P1 JClubs P2 3Hearts 
P2 3Spades P3 3Diamonds P0 6Spades P1 5Spades 
P0 KClubs P1 2Clubs P2 6Hearts P3 5Diamonds 
P2 JDiamonds P3 6Diamonds P0 4Spades P1 3Clubs 
P2 7Hearts P3 2Hearts P0 JHearts P1 4Hearts 
P2 KDiamonds P3 7Diamonds P0 AHearts P1 4Clubs 
P0 6Clubs P1 QClubs P2 KSpades P3 5Hearts 
P3 KHearts P0 7Clubs P1 QHearts P2 7Spades 
-- /GAME --
P0 HAND: ADiamonds, QDiamonds, JClubs, 4Clubs, 3Hearts, 2Hearts, ASpades, 7Spades, KSpades, 5Spades.
P1 HAND: 7Diamonds, 4Diamonds, 3Diamonds, AClubs, 5Clubs, 3Clubs, 7Hearts, QHearts, 5Hearts, 6Spades.
P2 HAND: JDiamonds, 6Diamonds, 5Diamonds, 2Diamonds, QClubs, KHearts, JHearts, 6Hearts, 3Spades, 2Spades.
P3 HAND: KDiamonds, 7Clubs, KClubs, 6Clubs, 2Clubs, AHearts, 4Hearts, JSpades, QSpades, 4Spades.
P0 4Clubs P1 AClubs P2 QClubs P3 7Clubs 
P1 3Clubs P2 2Spades P3 KClubs P0 JClubs 
P3 AHearts P0 3Hearts P1 7Hearts P2 6Hearts 
P3 2Clubs P0 2Hearts P1 5Clubs P2 3Spades 
P1 5Hearts P2 JHearts P3 4Hearts P0 KSpades 
P2 2Diamonds P3 KDiamonds P0 ADiamonds P1 3Diamonds 
P0 ASpades P1 6Spades P2 KHearts P3 4Spades 
P0 7Spades P1 4Diamonds P2 5Diamonds P3 QSpades 
P2 6Diamonds P3 6Clubs P0 QDiamonds P1 7Diamonds 
P1 QHearts P2 JDiamonds P3 JSpades P0 5Spades 
-- /GAME --
P0 HAND: 6Diamonds, 6Clubs, 3Clubs, AHearts, KHearts, 5Hearts, 2Hearts, ASpades, 7Spades, 4Spades.
P1 HAND: QDiamonds, 5Diamonds, 4Diamonds, 2Diamonds, KClubs, 6Hearts, 4Hearts, 3Hearts, 5Spades, 3Spades.
P2 HAND: 3Diamonds, 7Clubs, QClubs, 5Clubs, 4Clubs, 7Hearts, JHearts, QHearts, 6Spades, 2Spades.
P3 HAND: ADiamonds, 7Diamonds, KDiamonds, JDiamonds, AClubs, JClubs, 2Clubs, KSpades, JSpades, QSpades.
P3 ADiamonds P0 6Diamonds P1 QDiamonds P2 3Diamonds 
P3 QSpades P0 ASpades P1 3Spades P2 6Spades 
P0 7Spades P1 5Spades P2 2Spades P3 JSpades 
P0 4Spades P1 2Diamonds P2 QHearts P3 KSpades 
P3 JDiamonds P0 3Clubs P1 4Diamonds P2 7Hearts 
P0 AHearts P1 3Hearts P2 JHearts P3 2Clubs 
P3 JClubs P0 6Clubs P1 KClubs P2 7Clubs 
P2 4Clubs P3 AClubs P0 2Hearts P1 6Hearts 
P3 KDiamonds P0 5Hearts P1 5Diamonds P2 5Clubs 
P2 QClubs P3 7Diamonds P0 KHearts P1 4Hearts 
-- /GAME --
P0 HAND: JDiamonds, 5Diamonds, 3Diamonds, AClubs, 7Clubs, 6Clubs, 4Clubs, 5Hearts, ASpades, KSpades.
P1 HAND: 7Diamonds, KDiamonds, 2Diamonds, JClubs, 2Clubs, 7Hearts, QHearts, 4Hearts, 2Hearts, 7Spades.
P2 HAND: ADiamonds, QDiamonds, 6Diamonds, QClubs, 5Clubs, KHearts, JHearts, 6Hearts, 3Hearts, 2Spades.
P3 HAND: 4Diamonds, KClubs, 3Clubs, AHearts, JSpades, QSpades, 6Spades, 5Spades, 4Spades, 3Spades.
P2 ADiamonds P3 4Diamonds P0 JDiamonds P1 2Diamonds 
P2 2Spades P3 3Spades P0 KSpades P1 7Spades 
P1 2Clubs P2 5Clubs P3 3Clubs P0 AClubs 
P0 5Hearts P1 2Hearts P2 3Hearts P3 AHearts 
P3 4Spades P0 ASpades P1 4Hearts P2 6Hearts 
P2 6Diamonds P3 5Spades P0 5Diamonds P1 7Diamonds 
P1 JClubs P2 QClubs P3 KClubs P0 7Clubs 
P0 6Clubs P1 QHearts P2 QDiamonds P3 JSpades 
P1 7Hearts P2 JHearts P3 6Spades P0 3Diamonds 
P1 KDiamonds P2 KHearts P3 QSpades P0 4Clubs 
-- /GAME --
P0 HAND: 7Diamonds, 4Diamonds, 3Clubs, 2Clubs, AHearts, KHearts, 4Hearts, 3Hearts, KSpades, 6Spades.
P1 HAND: 6Diamonds, 5Diamonds, AClubs, 7Clubs, 6Clubs, 5Hearts, ASpades, 7Spades, QSpades, 2Spades.
P2 HAND: JDiamonds, QDiamonds, 3Diamonds, KClubs, JClubs, QClubs, 4Clubs, QHearts, 2Hearts, 5Spades.
P3 HAND: ADiamonds, KDiamonds, 2Diamonds, 5Clubs, 7Hearts, JHearts, 6Hearts, JSpades, 4Spades, 3Spades.
P1 AClubs P2 4Clubs P3 5Clubs P0 2Clubs 
P1 ASpades P2 5Spades P3 JSpades P0 6Spades 
P1 2Spades P2 3Diamonds P3 3Spades P0 KSpades 
P0 3Clubs P1 6Clubs P2 QClubs P3 2Diamonds 
P2 QDiamonds P3 ADiamonds P0 4Diamonds P1 6Diamonds 
P3 4Spades P0 KHearts P1 QSpades P2 KClubs 
P0 3Hearts P1 5Hearts P2 2Hearts P3 6Hearts 
P3 JHearts P0 4Hearts P1 5Diamonds P2 QHearts 
P3 7Hearts P0 AHearts P1 7Clubs P2 JDiamonds 
P0 7Diamonds P1 7Spades P2 JClubs P3 KDiamonds 
-- /GAME --
P0 HAND: 7Diamonds, QDiamonds, 6Diamonds, 7Clubs, JClubs, 2Clubs, JHearts, 5Hearts, 5Spades, 4Spades.
P1 HAND: 5Diamonds, 4Diamonds, 3Clubs, 7Hearts, 3Hearts, 2Hearts, 7Spades, JSpades, 6Spades, 3Spades.
P2 HAND: AClubs, KClubs, 5Clubs, AHearts, KHearts, QHearts, ASpades, KSpades, QSpades, 2Spades.
P3 HAND: ADiamonds, KDiamonds, JDiamonds, 3Diamonds, 2Diamonds, QClubs, 6Clubs, 4Clubs, 6Hearts, 4Hearts.
P3 2Diamonds P0 6Diamonds P1 4Diamonds P2 AClubs 
P0 7Diamonds P1 5Diamonds P2 2Spades P3 3Diamonds 
P2 AHearts P3 4Hearts P0 JHearts P1 2Hearts 
P2 5Clubs P3 4Clubs P0 JClubs P1 3Clubs 
P0 QDiamonds P1 3Hearts P2 QHearts P3 ADiamonds 
P3 6Clubs P0 2Clubs P1 3Spades P2 KClubs 
P1 6Spades P2 QSpades P3 6Hearts P0 4Spades 
P2 KSpades P3 QClubs P0 5Spades P1 7Spades 
P1 JSpades P2 ASpades P3 JDiamonds P0 7Clubs 
P2 KHearts P3 KDiamonds P0 5Hearts P1 7Hearts 
-- /GAME --
P0 HAND: 3Diamonds, QClubs, 6Clubs, JHearts, 4Hearts, 3Hearts, 2Hearts, ASpades, KSpades, 2Spades.
P1 HAND: ADiamonds, KDiamonds, 6Diamonds, 5Diamonds, 4Diamonds, JClubs, 2Clubs, 7Hearts, JSpades, 6Spades.
P2 HAND: 7Diamonds, 2Diamonds, 4Clubs, AHearts, QHearts, 6Hearts, 7Spades, QSpades, 5Spades, 4Spades.
P3 HAND: JDiamonds, QDiamonds, AClubs, 7Clubs, KClubs, 5Clubs, 3Clubs, KHearts, 5Hearts, 3Spades.
P2 AHearts P3 5Hearts P0 JHearts P1 7Hearts 
P2 2Diamonds P3 QDiamonds P0 3Diamonds P1 ADiamonds 
P1 2Clubs P2 4Clubs P3 AClubs P0 6Clubs 
P3 3Clubs P0 QClubs P1 JClubs P2 4Spades 
P2 6Hearts P3 KHearts P0 4Hearts P1 KDiamonds 
P3 5Clubs P0 3Hearts P1 4Diamonds P2 QHearts 
P3 JDiamonds P0 2Hearts P1 5Diamonds P2 7Diamonds 
P2 5Spades P3 3Spades P0 2Spades P1 6Spades 
P1 6Diamonds P2 QSpades P3 KClubs P0 KSpades 
P0 ASpades P1 JSpades P2 7Spades P3 7Clubs 
-- /GAME --
P0 HAND: 7Diamonds, KDiamonds, QDiamonds, 7Clubs, 6Clubs, 2Clubs, 7Hearts, 2Hearts, 7Spades, 6Spades.
P1 HAND: JDiamonds, 6Diamonds, 5Diamonds, AClubs, 5Clubs, 4Clubs, JSpades, QSpades, 5Spades, 4Spades.
P2 HAND: KClubs, JClubs, QClubs, AHearts, KHearts, JHearts, 4Hearts, 3Hearts, ASpades, 2Spades.
P3 HAND: ADiamonds, 4Diamonds, 3Diamonds, 2Diamonds, 3Clubs, QHearts, 6Hearts, 5Hearts, KSpades, 3Spades.
P1 AClubs P2 QClubs P3 3Clubs P0 2Clubs 
P1 4Clubs P2 JClubs P3 2Diamonds P0 7Clubs 
P0 QDiamonds P1 5Diamonds P2 2Spades P3 ADiamonds 
P3 3Diamonds P0 7Diamonds P1 6Diamonds P2 ASpades 
P0 KDiamonds P1 JDiamonds P2 3Hearts P3 4Diamonds 
P2 4Hearts P3 5Hearts P0 2Hearts P1 JSpades 
P3 3Spades P0 7Spades P1 4Spades P2 KClubs 
P0 6Spades P1 5Spades P2 JHearts P3 KSpades 
P2 KHearts P3 6Hearts P0 7Hearts P1 5Clubs 
P0 6Clubs P1 QSpades P2 AHearts P3 QHearts 
-- /GAME --
P0 HAND: 6Diamonds, 5Diamonds, 4Diamonds, 3Diamonds, QClubs, 5Clubs, JHearts, 4Hearts, 2Hearts, KSpades.
P1 HAND: JDiamonds, QDiamonds, 7Clubs, 6Clubs, 4Clubs, 2Clubs, QHearts, 3Hearts, QSpades, 2Spades.
P2 HAND: 7Diamonds, KDiamonds, KClubs, 7Hearts, KHearts, 6Hearts, 5Hearts, ASpades, 4Spades, 3Spades.
P3 HAND: ADiamonds, 2Diamonds, AClubs, JClubs, 3Clubs, AHearts, 7Spades, JSpades, 6Spades, 5Spades.
P3 ADiamonds P0 3Diamonds P1 JDiamonds P2 KDiamonds 
P3 AClubs P0 5Clubs P1 7Clubs P2 KClubs 
P3 AHearts P0 2Hearts P1 QHearts P2 5Hearts 
P3 2Diamonds P0 4Diamonds P1 QDiamonds P2 7Diamonds 
P2 6Hearts P3 3Clubs P0 4Hearts P1 3Hearts 
P2 3Spades P3 5Spades P0 KSpades P1 2Spades 
P0 QClubs P1 2Clubs P2 4Spades P3 JClubs 
P2 ASpades P3 6Spades P0 JHearts P1 QSpades 
P2 KHearts P3 JSpades P0 5Diamonds P1 6Clubs 
P3 7Spades P0 6Diamonds P1 4Clubs P2 7Hearts 
-- /GAME --
P0 HAND: 3Diamonds, JClubs, 5Clubs, AHearts, 7Hearts, 3Hearts, ASpades, 7Spades, JSpades, 2Spades.
P1 HAND: 7Diamonds, JDiamonds, 5Diamonds, 2Diamonds, 6Clubs, 4Hearts, KSpades, QSpades, 6Spades, 4Spades.
P2 HAND: KDiamonds, 6Diamonds, 4Diamonds, AClubs, KClubs, QClubs, 2Clubs, JHearts, QHearts, 2Hearts.
P3 HAND: ADiamonds, QDiamonds, 7Clubs, 4Clubs, 3Clubs, KHearts, 6Hearts, 5Hearts, 5Spades, 3Spades.
P2 AClubs P3 3Clubs P0 5Clubs P1 6Clubs 
P2 2Clubs P3 4Clubs P0 JClubs P1 2Diamonds 
P0 3Diamonds P1 5Diamonds P2 4Diamonds P3 ADiamonds 
P3 5Hearts P0 AHearts P1 4Hearts P2 JHearts 
P0 7Spades P1 4Spades P2 2Hearts P3 3Spades 
P0 ASpades P1 6Spades P2 KDiamonds P3 5Spades 
P0 2Spades P1 QSpades P2 6Diamonds P3 7Clubs 
P1 JDiamonds P2 QClubs P3 QDiamonds P0 3Hearts 
P1 KSpades P2 QHearts P3 6Hearts P0 JSpades 
P1 7Diamonds P2 KClubs P3 KHearts P0 7Hearts 
-- /GAME --
P0 HAND: ADiamonds, 7Diamonds, 4Diamonds, AClubs, 6Clubs, 2Clubs, 7Hearts, QHearts, 7Spades, 3Spades.
P1 HAND: KDiamonds, 3Clubs, AHearts, KHearts, 6Hearts, 5Hearts, 4Hearts, ASpades, JSpades, 2Spades.
P2 HAND: QDiamonds, 6Diamonds, 5Diamonds, 7Clubs, JClubs, 5Clubs, 2Hearts, QSpades, 6Spades, 5Spades.
P3 HAND: JDiamonds, 3Diamonds, 2Diamonds, KClubs, QClubs, 4Clubs, JHearts, 3Hearts, KSpades, 4Spades.
P1 2Spades P2 5Spades P3 4Spades P0 7Spades 
P0 3Spades P1 JSpades P2 6Spades P3 KSpades 
P3 3Hearts P0 QHearts P1 AHearts P2 2Hearts 
P1 3Clubs P2 5Clubs P3 4Clubs P0 6Clubs 
P0 4Diamonds P1 KDiamonds P2 5Diamonds P3 2Diamonds 
P1 4Hearts P2 QSpades P3 JHearts P0 7Hearts 
P0 7Diamonds P1 5Hearts P2 6Diamonds P3 3Diamonds 
P0 ADiamonds P1 6Hearts P2 QDiamonds P3 JDiamonds 
P0 AClubs P1 KHearts P2 7Clubs P3 QClubs 
P0 2Clubs P1 ASpades P2 JClubs P3 KClubs 
-- /GAME --
P0 HAND: JDiamonds, 5Diamonds, 4Diamonds, 7Clubs, QClubs, 6Clubs, KHearts, JHearts, 6Hearts, 3Spades.
P1 HAND: ADiamonds, KDiamonds, 2Diamonds, AClubs, 4Clubs, AHearts, 7Hearts, ASpades, 5Spades, 4Spades.
P2 HAND: 7Diamonds, QDiamonds, JClubs, 5Clubs, 3Clubs, 2Hearts, 7Spades, KSpades, 6Spades, 2Spades.
P3 HAND: 6Diamonds, 3Diamonds, KClubs, 2Clubs, QHearts, 5Hearts, 4Hearts, 3Hearts, JSpades, QSpades.
P0 3Spades P1 ASpades P2 2Spades P3 JSpades 
P1 ADiamonds P2 QDiamonds P3 6Diamonds P0 4Diamonds 
P1 AHearts P2 2Hearts P3 QHearts P0 6Hearts 
P1 2Diamonds P2 7Diamonds P3 3Diamonds P0 JDiamonds 
P2 6Spades P3 QSpades P0 QClubs P1 4Spades 
P0 5Diamonds P1 KDiamonds P2 3Clubs P3 3Hearts 
P2 5Clubs P3 2Clubs P0 6Clubs P1 4Clubs 
P0 KHearts P1 7Hearts P2 JClubs P3 4Hearts 
P2 KSpades P3 5Hearts P0 7Clubs P1 5Spades 
P0 JHearts P1 AClubs P2 7Spades P3 KClubs 
-- /GAME --
P0 HAND: QDiamonds, AClubs, JClubs, 3Clubs, 2Clubs, 7Hearts, KHearts, 6Hearts, 2Hearts, KSpades.
P1 HAND: 7Diamonds, 5Diamonds, 4Diamonds, 2Diamonds, 7Clubs, AHearts, 5Hearts, ASpades, 6Spades, 2Spades.
P2 HAND: ADiamonds, JDiamonds, 6Diamonds, 3Diamonds, KClubs, QHearts, 4Hearts, 3Hearts, JSpades, 5Spades.
P3 HAND: KDiamonds, QClubs, 6Clubs, 5Clubs, 4Clubs, JHearts, 7Spades, QSpades, 4Spades, 3Spades.
P3 3Spades P0 KSpades P1 ASpades P2 5Spades 
P1 2Diamonds P2 ADiamonds P3 KDiamonds P0 QDiamonds 
P2 3Diamonds P3 4Clubs P0 2Hearts P1 4Diamonds 
P0 AClubs P1 7Clubs P2 KClubs P3 5Clubs 
P0 JClubs P1 2Spades P2 JDiamonds P3 6Clubs 
P0 3Clubs P1 5Diamonds P2 6Diamonds P3 QClubs 
P3 4Spades P0 2Clubs P1 6Spades P2 JSpades 
P2 3Hearts P3 JHearts P0 KHearts P1 AHearts 
P1 5Hearts P2 4Hearts P3 QSpades P0 6Hearts 
P0 7Hearts P1 7Diamonds P2 QHearts P3 7Spades 
-- /GAME --
P0 HAND: 7Diamonds, AClubs, KClubs, JClubs, 5Clubs, 5Hearts, KSpades, 4Spades, 3Spades, 2Spades.
P1 HAND: ADiamonds, KDiamonds, QDiamonds, 6Diamonds, 4Diamonds, 3Clubs, 2Hearts, ASpades, 7Spades, 6Spades.
P2 HAND: 5Diamonds, 2Diamonds, 7Clubs, QClubs, 6Clubs, JHearts, 6Hearts, 4Hearts, 3Hearts, JSpades.
P3 HAND: JDiamonds, 3Diamonds, 4Clubs, 2Clubs, AHearts, 7Hearts, KHearts, QHearts, QSpades, 5Spades.
P2 2Diamonds P3 3Diamonds P0 7Diamonds P1 ADiamonds 
P1 ASpades P2 JSpades P3 QSpades P0 2Spades 
P1 2Hearts P2 3Hearts P3 AHearts P0 5Hearts 
P3 5Spades P0 3Spades P1 7Spades P2 6Clubs 
P2 4Hearts P3 QHearts P0 KClubs P1 4Diamonds 
P0 KSpades P1 6Spades P2 5Diamonds P3 2Clubs 
P3 JDiamonds P0 4Spades P1 6Diamonds P2 6Hearts 
P3 4Clubs P0 5Clubs P1 3Clubs P2 QClubs 
P2 JHearts P3 KHearts P0 JClubs P1 QDiamonds 
P0 AClubs P1 KDiamonds P2 7Clubs P3 7Hearts 
-- /GAME --
P0 HAND: 5Diamonds, AClubs, 6Clubs, 5Clubs, 7Hearts, KHearts, 6Hearts, JSpades, 6Spades, 5Spades.
P1 HAND: 7Diamonds, KDiamonds, QDiamonds, 4Diamonds, 3Diamonds, 4Clubs, 5Hearts, 4Hearts, 3Hearts, ASpades.
P2 HAND: ADiamonds, JDiamonds, 2Diamonds, 7Clubs, KClubs, 3Clubs, JHearts, 7Spades, 3Spades, 2Spades.
P3 HAND: 6Diamonds, JClubs, QClubs, 2Clubs, AHearts, QHearts, 2Hearts, KSpades, QSpades, 4Spades.
P1 ASpades P2 2Spades P3 KSpades P0 5Spades 
P1 3Diamonds P2 ADiamonds P3 6Diamonds P0 5Diamonds 
P2 2Diamonds P3 2Hearts P0 5Clubs P1 4Diamonds 
P0 6Hearts P1 3Hearts P2 JHearts P3 AHearts 
P3 4Spades P0 JSpades P1 4Hearts P2 7Spades 
P2 3Spades P3 QSpades P0 6Spades P1 7Diamonds 
P3 QHearts P0 KHearts P1 5Hearts P2 JDiamonds 
P0 6Clubs P1 4Clubs P2 3Clubs P3 2Clubs 
P0 AClubs P1 QDiamonds P2 KClubs P3 QClubs 
P0 7Hearts P1 KDiamonds P2 7Clubs P3 JClubs 
-- /GAME --
P0 HAND: 6Diamonds, 5Diamonds, AClubs, JClubs, 6Clubs, 3Clubs, JHearts, 7Spades, JSpades, 4Spades.
P1 HAND: ADiamonds, KDiamonds, QDiamonds, KClubs, QClubs, 2Clubs, KHearts, 5Hearts, QSpades, 2Spades.
P2 HAND: JDiamonds, 2Diamonds, 7Clubs, 5Clubs, 4Clubs, AHearts, 6Hearts, 3Hearts, ASpades, KSpades.
P3 HAND: 7Diamonds, 4Diamonds, 3Diamonds, 7Hearts, QHearts, 4Hearts, 2Hearts, 6Spades, 5Spades, 3Spades.
P2 ASpades P3 3Spades P0 JSpades P1 2Spades 
P2 2Diamonds P3 3Diamonds P0 6Diamonds P1 ADiamonds 
P1 2Clubs P2 4Clubs P3 4Diamonds P0 AClubs 
P0 5Diamonds P1 QDiamonds P2 JDiamonds P3 7Diamonds 
P3 5Spades P0 7Spades P1 QSpades P2 KSpades 
P0 4Spades P1 QClubs P2 5Clubs P3 6Spades 
P3 2Hearts P0 JHearts P1 5Hearts P2 3Hearts 
P0 JClubs P1 KClubs P2 7Clubs P3 4Hearts 
P3 QHearts P0 6Clubs P1 KHearts P2 AHearts 
P2 6Hearts P3 7Hearts P0 3Clubs P1 KDiamonds 
-- /GAME --
P0 HAND: 7Diamonds, JDiamonds, QDiamonds, 3Diamonds, KClubs, QClubs, 4Clubs, 3Hearts, 7Spades, KSpades.
P1 HAND: 7Clubs, 6Clubs, 5Clubs, 2Clubs, KHearts, 4Hearts, 2Hearts, 5Spades, 4Spades, 3Spades.
P2 HAND: KDiamonds, 6Diamonds, 5Diamonds, AClubs, 7Hearts, JHearts, QHearts, 6Hearts, ASpades, QSpades.
P3 HAND: ADiamonds, 4Diamonds, 2Diamonds, JClubs, 3Clubs, AHearts, 5Hearts, JSpades, 6Spades, 2Spades.
P1 2Hearts P2 6Hearts P3 AHearts P0 3Hearts 
P3 ADiamonds P0 3Diamonds P1 KHearts P2 5Diamonds 
P3 2Diamonds P0 QDiamonds P1 3Spades P2 KDiamonds 
P2 ASpades P3 2Spades P0 7Spades P1 4Spades 
P2 6Diamonds P3 4Diamonds P0 JDiamonds P1 4Hearts 
P0 KSpades P1 5Spades P2 QSpades P3 6Spades 
P0 4Clubs P1 2Clubs P2 AClubs P3 3Clubs 
P2 QHearts P3 5Hearts P0 KClubs P1 7Clubs 
P1 5Clubs P2 JHearts P3 JClubs P0 QClubs 
P3 JSpades P0 7Diamonds P1 6Clubs P2 7Hearts 
-- /GAME --
P0 HAND: 7Diamonds, 5Diamonds, 6Clubs, 5Clubs, AHearts, KHearts, QHearts, 4Hearts, QSpades, 6Spades.
P1 HAND: JDiamonds, 6Diamonds, 4Diamonds, 2Diamonds, JClubs, JHearts, 3Hearts, 5Spades, 4Spades, 3Spades.
P2 HAND: KDiamonds, QDiamonds, 2Clubs, 5Hearts, 2Hearts, ASpades, 7Spades, KSpades, JSpades, 2Spades.
P3 HAND: ADiamonds, 3Diamonds, AClubs, 7Clubs, KClubs, QClubs, 4Clubs, 3Clubs, 7Hearts, 6Hearts.
P0 6Spades P1 3Spades P2 ASpades P3 3Clubs 
P3 ADiamonds P0 5Diamonds P1 JDiamonds P2 QDiamonds 
P3 3Diamonds P0 7Diamonds P1 2Diamonds P2 KDiamonds 
P0 5Clubs P1 JClubs P2 2Clubs P3 4Clubs 
P1 3Hearts P2 2Hearts P3 6Hearts P0 AHearts 
P0 QSpades P1 4Spades P2 2Spades P3 QClubs 
P3 KClubs P0 6Clubs P1 4Diamonds P2 5Hearts 
P3 7Clubs P0 4Hearts P1 5Spades P2 JSpades 
P3 AClubs P0 QHearts P1 6Diamonds P2 KSpades 
P3 7Hearts P0 KHearts P1 JHearts P2 7Spades 
-- /GAME --
P0 HAND: JDiamonds, 5Diamonds, 4Diamonds, 2Diamonds, 5Clubs, 4Clubs, ASpades, 7Spades, KSpades, 4Spades.
P1 HAND: 6Diamonds, AClubs, KClubs, 2Clubs, 7Hearts, JHearts, 4Hearts, QSpades, 3Spades, 2Spades.
P2 HAND: KDiamonds, QDiamonds, 3Diamonds, 7Clubs, QClubs, 6Clubs, AHearts, 5Hearts, JSpades, 6Spades.
P3 HAND: ADiamonds, 7Diamonds, JClubs, 3Clubs, KHearts, QHearts, 6Hearts, 3Hearts, 2Hearts, 5Spades.
P3 ADiamonds P0 2Diamonds P1 6Diamonds P2 3Diamonds 
P3 2Hearts P0 4Clubs P1 4Hearts P2 AHearts 
P2 5Hearts P3 3Hearts P0 5Clubs P1 7Hearts 
P1 2Clubs P2 6Clubs P3 3Clubs P0 JDiamonds 
P2 QDiamonds P3 7Diamonds P0 4Diamonds P1 AClubs 
P3 6Hearts P0 5Diamonds P1 JHearts P2 QClubs 
P1 2Spades P2 6Spades P3 5Spades P0 4Spades 
P2 JSpades P3 QHearts P0 KSpades P1 3Spades 
P0 ASpades P1 QSpades P2 KDiamonds P3 JClubs 
P0 7Spades P1 KClubs P2 7Clubs P3 KHearts 
-- /GAME --
P0 HAND: 4Clubs, 3Clubs, 2Clubs, KHearts, 6Hearts, 5Hearts, 4Hearts, 3Hearts, JSpades, 4Spades.
P1 HAND: 6Diamonds, 5Diamonds, 4Diamonds, 2Diamonds, JClubs, 5Clubs, 7Hearts, 2Hearts, KSpades, 2Spades.
P2 HAND: 7Diamonds, JDiamonds, QDiamonds, 3Diamonds, 7Clubs, KClubs, JHearts, ASpades, QSpades, 6Spades.
P3 HAND: ADiamonds, KDiamonds, AClubs, QClubs, 6Clubs, AHearts, QHearts, 7Spades, 5Spades, 3Spades.
P2 3Diamonds P3 ADiamonds P0 JSpades P1 2Diamonds 
P0 4Clubs P1 5Clubs P2 KClubs P3 AClubs 
P3 AHearts P0 3Hearts P1 7Hearts P2 JHearts 
P3 6Clubs P0 3Clubs P1 JClubs P2 7Clubs 
P2 QDiamonds P3 KDiamonds P0 4Spades P1 4Diamonds 
P0 KHearts P1 2Hearts P2 7Diamonds P3 QHearts 
P0 6Hearts P1 5Diamonds P2 JDiamonds P3 QClubs 
P0 5Hearts P1 6Diamonds P2 6Spades P3 3Spades 
P2 QSpades P3 5Spades P0 4Hearts P1 2Spades 
P2 ASpades P3 7Spades P0 2Clubs P1 KSpades 
-- /GAME --
P0 HAND: ADiamonds, 7Diamonds, KDiamonds, JDiamonds, KHearts, 5Hearts, 2Hearts, JSpades, QSpades, 4Spades.
P1 HAND: 5Diamonds, 2Diamonds, 7Clubs, KClubs, QClubs, AHearts, 7Hearts, KSpades, 6Spades, 3Spades.
P2 HAND: 6Diamonds, 4Diamonds, 3Diamonds, JClubs, 5Clubs, JHearts, 3Hearts, ASpades, 7Spades, 2Spades.
P3 HAND: QDiamonds, AClubs, 6Clubs, 4Clubs, 3Clubs, 2Clubs, QHearts, 6Hearts, 4Hearts, 5Spades.
P1 AHearts P2 3Hearts P3 QHearts P0 2Hearts 
P1 3Spades P2 ASpades P3 5Spades P0 JSpades 
P2 2Spades P3 2Clubs P0 4Spades P1 KSpades 
P1 6Spades P2 7Spades P3 QDiamonds P0 QSpades 
P3 3Clubs P0 KHearts P1 QClubs P2 JClubs 
P2 5Clubs P3 4Clubs P0 JDiamonds P1 KClubs 
P0 5Hearts P1 7Hearts P2 JHearts P3 6Hearts 
P1 2Diamonds P2 3Diamonds P3 4Hearts P0 KDiamonds 
P0 ADiamonds P1 5Diamonds P2 4Diamonds P3 6Clubs 
P0 7Diamonds P1 7Clubs P2 6Diamonds P3 AClubs 
-- /GAME --
P0 HAND: JDiamonds, 2Diamonds, 7Clubs, KClubs, JClubs, 5Clubs, 5Hearts, 4Hearts, 7Spades, QSpades.
P1 HAND: 6Diamonds, 4Diamonds, QClubs, 6Clubs, AHearts, 7Hearts, KHearts, ASpades, JSpades, 2Spades.
P2 HAND: KDiamonds, QDiamonds, 5Diamonds, AClubs, 4Clubs, 2Clubs, QHearts, 6Hearts, 3Hearts, 4Spades.
P3 HAND: ADiamonds, 7Diamonds, 3Diamonds, 3Clubs, JHearts, 2Hearts, KSpades, 6Spades, 5Spades, 3Spades.
P2 3Hearts P3 2Hearts P0 5Hearts P1 AHearts 
P1 ASpades P2 4Spades P3 KSpades P0 QSpades 
P1 2Spades P2 5Diamonds P3 3Spades P0 7Spades 
P0 4Hearts P1 KHearts P2 6Hearts P3 JHearts 
P1 4Diamonds P2 QDiamonds P3 ADiamonds P0 2Diamonds 
P3 3Diamonds P0 JDiamonds P1 6Diamonds P2 KDiamonds 
P2 QHearts P3 5Spades P0 KClubs P1 7Hearts 
P0 5Clubs P1 6Clubs P2 2Clubs P3 3Clubs 
P1 JSpades P2 4Clubs P3 6Spades P0 7Clubs 
P0 JClubs P1 QClubs P2 AClubs P3 7Diamonds 
-- /GAME --
P0 HAND: ADiamonds, 4Diamonds, 3Diamonds, 2Diamonds, 2Clubs, AHearts, 5Hearts, 4Hearts, JSpades, 4Spades.
P1 HAND: 7Diamonds, KDiamonds, 5Diamonds, 7Clubs, 3Clubs, KHearts, JHearts, 3Hearts, QSpades, 2Spades.
P2 HAND: QDiamonds, 6Diamonds, KClubs, JClubs, 6Clubs, 4Clubs, 7Hearts, QHearts, 6Hearts, 6Spades.
P3 HAND: JDiamonds, AClubs, QClubs, 5Clubs, 2Hearts, ASpades, 7Spades, KSpades, 5Spades, 3Spades.
P1 2Spades P2 6Spades P3 ASpades P0 4Spades 
P3 AClubs P0 2Clubs P1 7Clubs P2 4Clubs 
P3 2Hearts P0 5Hearts P1 3Hearts P2 7Hearts 
P2 6Clubs P3 5Clubs P0 2Diamonds P1 3Clubs 
P0 JSpades P1 QSpades P2 6Diamonds P3 3Spades 
P2 6Hearts P3 5Spades P0 AHearts P1 JHearts 
P0 3Diamonds P1 5Diamonds P2 QDiamonds P3 JDiamonds 
P3 QClubs P0 4Hearts P1 KDiamonds P2 JClubs 
P1 7Diamonds P2 QHearts P3 KSpades P0 ADiamonds 
P0 4Diamonds P1 KHearts P2 KClubs P3 7Spades 
-- /GAME --
P0 HAND: 7Diamonds, JDiamonds, QDiamonds, 7Hearts, KHearts, JHearts, 6Hearts, KSpades, JSpades, 5Spades.
P1 HAND: 3Diamonds, AClubs, 4Clubs, 5Hearts, 3Hearts, ASpades, 7Spades, 6Spades, 4Spades, 3Spades.
P2 HAND: KDiamonds, 5Diamonds, 2Diamonds, 7Clubs, KClubs, QClubs, QHearts, 4Hearts, QSpades, 2Spades.
P3 HAND: ADiamonds, 6Diamonds, 4Diamonds, JClubs, 6Clubs, 5Clubs, 3Clubs, 2Clubs, AHearts, 2Hearts.
P0 6Hearts P1 3Hearts P2 4Hearts P3 AHearts 
P3 ADiamonds P0 QDiamonds P1 3Diamonds P2 2Diamonds 
P3 2Hearts P0 7Hearts P1 5Hearts P2 QHearts 
P0 7Diamonds P1 4Clubs P2 5Diamonds P3 6Diamonds 
P1 3Spades P2 2Spades P3 4Diamonds P0 KSpades 
P0 JHearts P1 4Spades P2 QSpades P3 2Clubs 
P3 3Clubs P0 5Spades P1 AClubs P2 QClubs 
P1 6Spades P2 KClubs P3 5Clubs P0 JSpades 
P2 7Clubs P3 6Clubs P0 KHearts P1 7Spades 
P2 KDiamonds P3 JClubs P0 JDiamonds P1 ASpades 
-- /GAME --
P0 HAND: ADiamonds, 4Diamonds, 2Diamonds, 7Clubs, JClubs, KHearts, QHearts, ASpades, 5Spades, 2Spades.
P1 HAND: KDiamonds, QDiamonds, 5Diamonds, 6Clubs, 4Clubs, 3Clubs, 7Hearts, 3Hearts, 2Hearts, 4Spades.
P2 HAND: 6Diamonds, AClubs, QClubs, AHearts, 6Hearts, 5Hearts, 7Spades, KSpades, JSpades, 3Spades.
P3 HAND: 7Diamonds, JDiamonds, 3Diamonds, KClubs, 5Clubs, 2Clubs, JHearts, 4Hearts, QSpades, 6Spades.
P3 2Clubs P0 JClubs P1 3Clubs P2 AClubs 
P2 AHearts P3 4Hearts P0 QHearts P1 2Hearts 
P2 3Spades P3 6Spades P0 5Spades P1 4Spades 
P3 5Clubs P0 7Clubs P1 4Clubs P2 QClubs 
P0 KHearts P1 3Hearts P2 5Hearts P3 JHearts 
P0 2Diamonds P1 5Diamonds P2 6Diamonds P3 3Diamonds 
P2 6Hearts P3 QSpades P0 4Diamonds P1 7Hearts 
P0 ADiamonds P1 QDiamonds P2 7Spades P3 JDiamonds 
P0 ASpades P1 KDiamonds P2 JSpades P3 KClubs 
P1 6Clubs P2 KSpades P3 7Diamonds P0 2Spades 
-- /GAME --
P0 HAND: AClubs, JClubs, 3Clubs, AHearts, KHearts, JHearts, 2Hearts, 7Spades, JSpades, 3Spades.
P1 HAND: ADiamonds, QDiamonds, 5Diamonds, 4Diamonds, 7Clubs, KClubs, 6Hearts, ASpades, 5Spades, 4Spades.
P2 HAND: KDiamonds, JDiamonds, 6Diamonds, 2Diamonds, 4Clubs, 2Clubs, 7Hearts, QHearts, 4Hearts, 3Hearts.
P3 HAND: 7Diamonds, 3Diamonds, QClubs, 6Clubs, 5Clubs, 5Hearts, KSpades, QSpades, 6Spades, 2Spades.
P2 2Diamonds P3 3Diamonds P0 KHearts P1 4Diamonds 
P0 3Spades P1 ASpades P2 3Hearts P3 2Spades 
P2 2Clubs P3 5Clubs P0 AClubs P1 KClubs 
P0 7Spades P1 4Spades P2 KDiamonds P3 6Spades 
P0 JSpades P1 5Spades P2 4Clubs P3 KSpades 
P3 6Clubs P0 JClubs P1 7Clubs P2 4Hearts 
P2 6Diamonds P3 7Diamonds P0 AHearts P1 5Diamonds 
P0 3Clubs P1 QDiamonds P2 QHearts P3 QClubs 
P2 JDiamonds P3 QSpades P0 JHearts P1 ADiamonds 
P0 2Hearts P1 6Hearts P2 7Hearts P3 5Hearts 
-- /GAME --
P0 HAND: JDiamonds, 5Diamonds, 4Diamonds, KClubs, JClubs, 2Clubs, 7Spades, KSpades, 3Spades, 2Spades.
P1 HAND: ADiamonds, KDiamonds, 3Diamonds, 7Clubs, QClubs, 4Clubs, AHearts, KHearts, JHearts, 3Hearts.
P2 HAND: QDiamonds, 6Clubs, 5Clubs, 3Clubs, 7Hearts, QHearts, 5Hearts, 4Hearts, ASpades, 4Spades.
P3 HAND: 7Diamonds, 6Diamonds, 2Diamonds, AClubs, 6Hearts, 2Hearts, JSpades, QSpades, 6Spades, 5Spades.
P2 ASpades P3 5Spades P0 7Spades P1 3Diamonds 
P1 AHearts P2 4Hearts P3 6Hearts P0 JDiamonds 
P0 2Clubs P1 4Clubs P2 3Clubs P3 AClubs 
P3 2Hearts P0 KSpades P1 3Hearts P2 7Hearts 
P2 4Spades P3 6Spades P0 3Spades P1 7Clubs 
P3 QSpades P0 2Spades P1 QClubs P2 5Clubs 
P3 JSpades P0 4Diamonds P1 KDiamonds P2 5Hearts 
P1 JHearts P2 QHearts P3 2Diamonds P0 5Diamonds 
P0 KClubs P1 ADiamonds P2 6Clubs P3 6Diamonds 
P1 KHearts P2 QDiamonds P3 7Diamonds P0 JClubs 
-- /GAME --
P0 HAND: 5Clubs, 4Clubs, 2Clubs, 7Hearts, 5Hearts, 4Hearts, 2Hearts, 6Spades, 3Spades, 2Spades.
P1 HAND: QDiamonds, 2Diamonds, 7Clubs, KClubs, QClubs, QHearts, 6Hearts, 7Spades, KSpades, JSpades.
P2 HAND: ADiamonds, 7Diamonds, JDiamonds, 6Diamonds, 5Diamonds, JClubs, 3Clubs, 3Hearts, ASpades, 5Spades.
P3 HAND: KDiamonds, 4Diamonds, 3Diamonds, AClubs, 6Clubs, AHearts, KHearts, JHearts, QSpades, 4Spades.
P1 2Diamonds P2 ADiamonds P3 3Diamonds P0 7Hearts 
P2 ASpades P3 4Spades P0 6Spades P1 JSpades 
P2 3Hearts P3 AHearts P0 2Hearts P1 QHearts 
P3 4Diamonds P0 2Clubs P1 QDiamonds P2 7Diamonds 
P0 3Spades P1 KSpades P2 5Spades P3 QSpades 
P1 6Hearts P2 5Diamonds P3 KHearts P0 4Hearts 
P3 JHearts P0 5Hearts P1 QClubs P2 JClubs 
P2 6Diamonds P3 KDiamonds P0 5Clubs P1 KClubs 
P1 7Clubs P2 3Clubs P3 6Clubs P0 4Clubs 
P1 7Spades P2 JDiamonds P3 AClubs P0 2Spades 
-- /GAME --
P0 HAND: JDiamonds, 4Diamonds, 3Diamonds, AClubs, QClubs, QHearts, ASpades, 7Spades, KSpades, QSpades.
P1 HAND: 2Diamonds, JClubs, 5Clubs, 2Clubs, 7Hearts, KHearts, JHearts, 6Hearts, 5Spades, 2Spades.
P2 HAND: ADiamonds, 6Clubs, AHearts, 5Hearts, 4Hearts, 3Hearts, 2Hearts, JSpades, 6Spades, 3Spades.
P3 HAND: 7Diamonds, KDiamonds, QDiamonds, 6Diamonds, 5Diamonds, 7Clubs, KClubs, 4Clubs, 3Clubs, 4Spades.
P0 QHearts P1 6Hearts P2 AHearts P3 5Diamonds 
P3 3Clubs P0 QClubs P1 2Clubs P2 6Clubs 
P0 AClubs P1 5Clubs P2 JSpades P3 4Clubs 
P0 ASpades P1 2Spades P2 6Spades P3 4Spades 
P0 QSpades P1 5Spades P2 3Spades P3 6Diamonds 
P3 QDiamonds P0 JDiamonds P1 2Diamonds P2 ADiamonds 
P2 2Hearts P3 KDiamonds P0 KSpades P1 7Hearts 
P3 7Diamonds P0 3Diamonds P1 JClubs P2 3Hearts 
P3 KClubs P0 4Diamonds P1 JHearts P2 5Hearts 
P0 7Spades P1 KHearts P2 4Hearts P3 7Clubs 
-- /GAME --
P0 HAND: KDiamonds, JDiamonds, QDiamonds, 5Diamonds, 5Clubs, 2Clubs, AHearts, 2Hearts, 7Spades, JSpades.
P1 HAND: ADiamonds, 6Diamonds, 2Diamonds, JClubs, 6Hearts, 4Hearts, 3Hearts, ASpades, KSpades, 2Spades.
P2 HAND: 7Diamonds, KClubs, 6Clubs, 4Clubs, KHearts, JHearts, QHearts, QSpades, 4Spades, 3Spades.
P3 HAND: 4Diamonds, 3Diamonds, AClubs, 7Clubs, QClubs, 3Clubs, 7Hearts, 5Hearts, 6Spades, 5Spades.
P3 3Diamonds P0 QDiamonds P1 ADiamonds P2 7Diamonds 
P1 ASpades P2 3Spades P3 6Spades P0 JSpades 
P1 2Diamonds P2 4Spades P3 4Diamonds P0 KDiamonds 
P0 JDiamonds P1 6Diamonds P2 QHearts P3 3Clubs 
P3 5Hearts P0 2Hearts P1 3Hearts P2 KHearts 
P2 QSpades P3 5Spades P0 7Spades P1 2Spades 
P0 AHearts P1 4Hearts P2 JHearts P3 7Hearts 
P0 5Diamonds P1 6Hearts P2 4Clubs P3 QClubs 
P3 7Clubs P0 2Clubs P1 JClubs P2 6Clubs 
P3 AClubs P0 5Clubs P1 KSpades P2 KClubs 
-- /GAME --
P0 HAND: ADiamonds, 7Diamonds, 4Diamonds, 2Diamonds, 7Clubs, JClubs, AHearts, 4Hearts, QSpades, 4Spades.
P1 HAND: QDiamonds, 6Diamonds, AClubs, 6Clubs, 2Clubs, 7Hearts, 5Hearts, 3Hearts, 3Spades, 2Spades.
P2 HAND: KDiamonds, 5Diamonds, 3Diamonds, QClubs, 5Clubs, 4Clubs, 3Clubs, KHearts, 2Hearts, 7Spades.
P3 HAND: JDiamonds, KClubs, JHearts, QHearts, 6Hearts, ASpades, KSpades, JSpades, 6Spades, 5Spades.
P2 2Hearts P3 6Hearts P0 4Hearts P1 7Hearts 
P1 AClubs P2 3Clubs P3 KClubs P0 JClubs 
P1 2Clubs P2 4Clubs P3 5Spades P0 7Clubs 
P0 4Spades P1 2Spades P2 7Spades P3 ASpades 
P3 6Spades P0 QSpades P1 3Spades P2 KHearts 
P0 2Diamonds P1 6Diamonds P2 3Diamonds P3 JDiamonds 
P3 QHearts P0 AHearts P1 3Hearts P2 QClubs 
P0 7Diamonds P1 QDiamonds P2 5Diamonds P3 JHearts 
P0 ADiamonds P1 5Hearts P2 KDiamonds P3 JSpades 
P0 4Diamonds P1 6Clubs P2 5Clubs P3 KSpades 
-- /GAME --
P0 HAND: KDiamonds, 2Diamonds, JClubs, QClubs, 6Clubs, 5Clubs, 4Hearts, 3Hearts, 6Spades, 2Spades.
P1 HAND: 7Diamonds, QDiamonds, 6Diamonds, 4Diamonds, 4Clubs, 2Clubs, AHearts, JHearts, ASpades, 3Spades.
P2 HAND: ADiamonds, 7Clubs, KClubs, 3Clubs, 7Hearts, QHearts, 6Hearts, 5Hearts, 2Hearts, JSpades.
P3 HAND: JDiamonds, 5Diamonds, 3Diamonds, AClubs, KHearts, 7Spades, KSpades, QSpades, 5Spades, 4Spades.
P1 AHearts P2 2Hearts P3 KHearts P0 3Hearts 
P1 2Clubs P2 3Clubs P3 AClubs P0 5Clubs 
P3 3Diamonds P0 2Diamonds P1 4Diamonds P2 ADiamonds 
P2 5Hearts P3 5Diamonds P0 4Hearts P1 JHearts 
P1 4Clubs P2 KClubs P3 4Spades P0 6Clubs 
P3 JDiamonds P0 KDiamonds P1 6Diamonds P2 7Clubs 
P0 JClubs P1 QDiamonds P2 JSpades P3 KSpades 
P3 5Spades P0 6Spades P1 3Spades P2 7Hearts 
P0 QClubs P1 ASpades P2 6Hearts P3 QSpades 
P1 7Diamonds P2 QHearts P3 7Spades P0 2Spades 
-- /GAME --
P0 HAND: 6Diamonds, 3Diamonds, AClubs, 7Clubs, QClubs, 6Clubs, 5Clubs, 2Hearts, 7Spades, JSpades.
P1 HAND: 7Diamonds, JDiamonds, QDiamonds, 2Clubs, KHearts, 4Hearts, QSpades, 5Spades, 3Spades, 2Spades.
P2 HAND: KClubs, 4Clubs, 3Clubs, JHearts, QHearts, 6Hearts, 3Hearts, ASpades, 6Spades, 4Spades.
P3 HAND: ADiamonds, KDiamonds, 5Diamonds, 4Diamonds, 2Diamonds, JClubs, AHearts, 7Hearts, 5Hearts, KSpades.
P0 2Hearts P1 4Hearts P2 3Hearts P3 AHearts 
P3 5Hearts P0 5Clubs P1 KHearts P2 6Hearts 
P1 2Clubs P2 3Clubs P3 JClubs P0 AClubs 
P0 6Clubs P1 2Spades P2 4Clubs P3 2Diamonds 
P3 4Diamonds P0 3Diamonds P1 QDiamonds P2 4Spades 
P1 3Spades P2 ASpades P3 KSpades P0 JSpades 
P2 6Spades P3 5Diamonds P0 7Spades P1 QSpades 
P3 KDiamonds P0 6Diamonds P1 JDiamonds P2 QHearts 
P3 ADiamonds P0 QClubs P1 7Diamonds P2 JHearts 
P3 7Hearts P0 7Clubs P1 5Spades P2 KClubs 
-- /GAME --
P0 HAND: KDiamonds, JClubs, QClubs, 6Clubs, 4Clubs, AHearts, 7Hearts, 6Hearts, JSpades, 6Spades.
P1 HAND: ADiamonds, QDiamonds, 7Clubs, 2Clubs, KHearts, JHearts, 5Hearts, 4Hearts, 4Spades, 3Spades.
P2 HAND: 5Diamonds, 4Diamonds, AClubs, QHearts, 3Hearts, 2Hearts, ASpades, KSpades, QSpades, 2Spades.
P3 HAND: 7Diamonds, JDiamonds, 6Diamonds, 3Diamonds, 2Diamonds, KClubs, 5Clubs, 3Clubs, 7Spades, 5Spades.
P3 3Clubs P0 6Clubs P1 2Clubs P2 AClubs 
P2 ASpades P3 5Spades P0 6Spades P1 3Spades 
P2 2Hearts P3 5Clubs P0 7Hearts P1 4Hearts 
P0 JSpades P1 4Spades P2 2Spades P3 7Spades 
P3 2Diamonds P0 KDiamonds P1 QDiamonds P2 4Diamonds 
P0 4Clubs P1 7Clubs P2 5Diamonds P3 KClubs 
P2 3Hearts P3 3Diamonds P0 6Hearts P1 KHearts 
P3 6Diamonds P0 JClubs P1 ADiamonds P2 QHearts 
P1 5Hearts P2 QSpades P3 JDiamonds P0 AHearts 
P3 7Diamonds P0 QClubs P1 JHearts P2 KSpades 
-- /GAME --
P0 HAND: KDiamonds, 6Diamonds, KClubs, QClubs, 3Clubs, 7Hearts, 5Hearts, 2Hearts, KSpades, JSpades.
P1 HAND: ADiamonds, 3Diamonds, 7Clubs, 6Clubs, 5Clubs, AHearts, QHearts, 3Hearts, 7Spades, QSpades.
P2 HAND: JDiamonds, QDiamonds, 5Diamonds, 4Diamonds, 2Diamonds, 4Clubs, KHearts, 4Hearts, ASpades, 3Spades.
P3 HAND: 7Diamonds, AClubs, JClubs, 2Clubs, JHearts, 6Hearts, 6Spades, 5Spades, 4Spades, 2Spades.
P2 ASpades P3 2Spades P0 KSpades P1 QSpades 
P2 2Diamonds P3 7Diamonds P0 6Diamonds P1 ADiamonds 
P1 3Diamonds P2 4Diamonds P3 2Clubs P0 KDiamonds 
P0 JSpades P1 7Spades P2 3Spades P3 6Spades 
P1 5Clubs P2 4Clubs P3 AClubs P0 3Clubs 
P3 4Spades P0 QClubs P1 6Clubs P2 5Diamonds 
P3 5Spades P0 KClubs P1 3Hearts P2 QDiamonds 
P1 QHearts P2 4Hearts P3 6Hearts P0 7Hearts 
P0 2Hearts P1 AHearts P2 KHearts P3 JHearts 
P1 7Clubs P2 JDiamonds P3 JClubs P0 5Hearts 
-- /GAME --
P0 HAND: AClubs, QClubs, 5Clubs, 3Clubs, AHearts, 2Hearts, JSpades, 4Spades, 3Spades, 2Spades.
P1 HAND: ADiamonds, KDiamonds, QDiamonds, 6Diamonds, 5Diamonds, 4Diamonds, 3Diamonds, 2Diamonds, KClubs, KHearts.
P2 HAND: JClubs, 7Hearts, JHearts, QHearts, 5Hearts, 4Hearts, 3Hearts, 7Spades, 6Spades, 5Spades.
P3 HAND: 7Diamonds, JDiamonds, 7Clubs, 6Clubs, 4Clubs, 2Clubs, 6Hearts, ASpades, KSpades, QSpades.
P1 2Diamonds P2 5Spades P3 JDiamonds P0 2Spades 
P3 2Clubs P0 QClubs P1 KClubs P2 JClubs 
P1 3Diamonds P2 6Spades P3 7Diamonds P0 2Hearts 
P0 4Spades P1 4Diamonds P2 7Spades P3 ASpades 
P3 4Clubs P0 5Clubs P1 5Diamonds P2 3Hearts 
P2 4Hearts P3 6Hearts P0 AHearts P1 KHearts 
P0 JSpades P1 6Diamonds P2 5Hearts P3 QSpades 
P2 QHearts P3 6Clubs P0 3Spades P1 QDiamonds 
P2 JHearts P3 KSpades P0 3Clubs P1 KDiamonds 
P2 7Hearts P3 7Clubs P0 AClubs P1 ADiamonds 
-- /GAME --
P0 HAND: 7Diamonds, 5Diamonds, 4Diamonds, 3Diamonds, 4Clubs, 3Clubs, ASpades, 7Spades, KSpades, 2Spades.
P1 HAND: 2Diamonds, KClubs, JClubs, 6Clubs, 5Clubs, 2Clubs, QHearts, 5Hearts, 4Hearts, 3Spades.
P2 HAND: KDiamonds, AClubs, 7Clubs, AHearts, KHearts, 3Hearts, 2Hearts, QSpades, 6Spades, 4Spades.
P3 HAND: ADiamonds, JDiamonds, QDiamonds, 6Diamonds, QClubs, 7Hearts, JHearts, 6Hearts, JSpades, 5Spades.
P0 4Diamonds P1 2Diamonds P2 KDiamonds P3 6Diamonds 
P2 AClubs P3 QClubs P0 3Clubs P1 2Clubs 
P2 AHearts P3 6Hearts P0 4Clubs P1 4Hearts 
P2 2Hearts P3 JHearts P0 3Diamonds P1 5Hearts 
P0 KSpades P1 3Spades P2 4Spades P3 5Spades 
P0 5Diamonds P1 5Clubs P2 3Hearts P3 QDiamonds 
P3 JSpades P0 7Spades P1 6Clubs P2 QSpades 
P0 2Spades P1 QHearts P2 6Spades P3 JDiamonds 
P3 ADiamonds P0 7Diamonds P1 JClubs P2 KHearts 
P3 7Hearts P0 ASpades P1 KClubs P2 7Clubs 
-- /GAME --
P0 HAND: ADiamonds, KDiamonds, 7Clubs, JHearts, 6Hearts, 5Hearts, 7Spades, 4Spades, 3Spades, 2Spades.
P1 HAND: QDiamonds, 5Diamonds, 4Diamonds, AClubs, QClubs, 6Clubs, 4Clubs, QHearts, 3Hearts, QSpades.
P2 HAND: 3Diamonds, KClubs, JClubs, 5Clubs, 3Clubs, 2Clubs, KHearts, 4Hearts, KSpades, JSpades.
P3 HAND: 7Diamonds, JDiamonds, 6Diamonds, 2Diamonds, AHearts, 7Hearts, 2Hearts, ASpades, 6Spades, 5Spades.
P0 KDiamonds P1 4Diamonds P2 3Diamonds P3 7Diamonds 
P3 AHearts P0 5Hearts P1 QHearts P2 4Hearts 
P3 2Diamonds P0 ADiamonds P1 5Diamonds P2 KClubs 
P0 JHearts P1 3Hearts P2 KHearts P3 7Hearts 
P3 2Hearts P0 6Hearts P1 4Clubs P2 JClubs 
P0 2Spades P1 QSpades P2 JSpades P3 ASpades 
P3 6Diamonds P0 7Clubs P1 QDiamonds P2 KSpades 
P2 2Clubs P3 5Spades P0 7Spades P1 6Clubs 
P0 3Spades P1 QClubs P2 3Clubs P3 6Spades 
P3 JDiamonds P0 4Spades P1 AClubs P2 5Clubs 
-- /GAME --
P0 HAND: ADiamonds, 7Diamonds, KDiamonds, JDiamonds, QDiamonds, JClubs, 4Clubs, 7Hearts, KHearts, JSpades.
P1 HAND: 4Diamonds, 7Clubs, KClubs, JHearts, 6Hearts, 5Hearts, 3Hearts, KSpades, QSpades, 4Spades.
P2 HAND: 3Diamonds, 2Diamonds, 6Clubs, 2Clubs, AHearts, 2Hearts, ASpades, 6Spades, 5Spades, 3Spades.
P3 HAND: 6Diamonds, 5Diamonds, AClubs, QClubs, 5Clubs, 3Clubs, QHearts, 4Hearts, 7Spades, 2Spades.
P3 AClubs P0 4Clubs P1 7Clubs P2 2Clubs 
P3 3Clubs P0 JClubs P1 KClubs P2 6Clubs 
P1 3Hearts P2 AHearts P3 4Hearts P0 7Hearts 
P2 2Diamonds P3 5Diamonds P0 QDiamonds P1 4Diamonds 
P0 JSpades P1 4Spades P2 3Spades P3 2Spades 
P0 KHearts P1 5Hearts P2 2Hearts P3 QHearts 
P0 7Diamonds P1 QSpades P2 3Diamonds P3 6Diamonds 
P1 6Hearts P2 5Spades P3 5Clubs P0 ADiamonds 
P2 6Spades P3 7Spades P0 JDiamonds P1 KSpades 
P3 QClubs P0 KDiamonds P1 JHearts P2 ASpades 
-- /GAME --
P0 HAND: QDiamonds, 4Diamonds, 7Clubs, KClubs, 5Clubs, 6Hearts, 4Hearts, QSpades, 4Spades, 3Spades.
P1 HAND: ADiamonds, KDiamonds, JDiamonds, 5Diamonds, 2Clubs, AHearts, 7Hearts, 2Hearts, 7Spades, 2Spades.
P2 HAND: 6Diamonds, 2Diamonds, AClubs, QClubs, 4Clubs, 3Clubs, 5Hearts, JSpades, 6Spades, 5Spades.
P3 HAND: 7Diamonds, 3Diamonds, JClubs, 6Clubs, KHearts, JHearts, QHearts, 3Hearts, ASpades, KSpades.
P2 2Diamonds P3 3Diamonds P0 4Diamonds P1 ADiamonds 
P1 AHearts P2 5Hearts P3 KHearts P0 6Hearts 
P1 2Hearts P2 5Spades P3 3Hearts P0 4Hearts 
P0 QDiamonds P1 5Diamonds P2 6Diamonds P3 7Diamonds 
P3 ASpades P0 3Spades P1 7Spades P2 6Spades 
P3 QHearts P0 4Spades P1 7Hearts P2 3Clubs 
P2 JSpades P3 KSpades P0 QSpades P1 2Spades 
P3 JHearts P0 5Clubs P1 2Clubs P2 4Clubs 
P0 KClubs P1 JDiamonds P2 QClubs P3 6Clubs 
P0 7Clubs P1 KDiamonds P2 AClubs P3 JClubs 
-- /GAME --
P0 HAND: KDiamonds, 3Diamonds, AClubs, 3Clubs, AHearts, 2Hearts, 7Spades, KSpades, 6Spades, 4Spades.
P1 HAND: QDiamonds, 5Diamonds, 7Clubs, 6Clubs, 2Clubs, 7Hearts, QHearts, ASpades, JSpades, 3Spades.
P2 HAND: ADiamonds, 6Diamonds, 4Diamonds, 2Diamonds, KClubs, 4Clubs, JHearts, 4Hearts, 3Hearts, 2Spades.
P3 HAND: 7Diamonds, JDiamonds, JClubs, QClubs, 5Clubs, KHearts, 6Hearts, 5Hearts, QSpades, 5Spades.
P1 ASpades P2 2Spades P3 QSpades P0 4Spades 
P1 2Clubs P2 4Clubs P3 5Clubs P0 3Clubs 
P3 5Spades P0 7Spades P1 3Spades P2 ADiamonds 
P0 3Diamonds P1 5Diamonds P2 2Diamonds P3 7Diamonds 
P3 QClubs P0 AClubs P1 6Clubs P2 KClubs 
P0 KDiamonds P1 QDiamonds P2 4Diamonds P3 JDiamonds 
P0 6Spades P1 JSpades P2 6Diamonds P3 JClubs 
P1 QHearts P2 3Hearts P3 5Hearts P0 2Hearts 
P1 7Hearts P2 4Hearts P3 6Hearts P0 AHearts 
P0 KSpades P1 7Clubs P2 JHearts P3 KHearts 
-- /GAME --
P0 HAND: 7Diamonds, 6Diamonds, 3Diamonds, KClubs, 6Clubs, AHearts, KSpades, QSpades, 5Spades, 2Spades.
P1 HAND: JDiamonds, 5Diamonds, 4Diamonds, 7Clubs, JClubs, 4Clubs, 3Clubs, 2Clubs, ASpades, 3Spades.
P2 HAND: ADiamonds, QClubs, 5Clubs, 7Hearts, QHearts, 6Hearts, 5Hearts, JSpades, 6Spades, 4Spades.
P3 HAND: KDiamonds, QDiamonds, 2Diamonds, AClubs, KHearts, JHearts, 4Hearts, 3Hearts, 2Hearts, 7Spades.
P0 6Clubs P1 2Clubs P2 5Clubs P3 AClubs 
P3 2Diamonds P0 3Diamonds P1 4Diamonds P2 ADiamonds 
P2 4Spades P3 7Spades P0 2Spades P1 ASpades 
P1 3Clubs P2 QClubs P3 QDiamonds P0 KClubs 
P0 6Diamonds P1 5Diamonds P2 6Spades P3 KDiamonds 
P3 2Hearts P0 AHearts P1 3Spades P2 5Hearts 
P0 5Spades P1 4Clubs P2 JSpades P3 3Hearts 
P3 4Hearts P0 QSpades P1 JDiamonds P2 6Hearts 
P2 QHearts P3 JHearts P0 KSpades P1 7Clubs 
P3 KHearts P0 7Diamonds P1 JClubs P2 7Hearts 
-- /GAME --
P0 HAND: ADiamonds, 6Diamonds, 4Diamonds, 4Clubs, 2Clubs, AHearts, 4Hearts, ASpades, KSpades, QSpades.
P1 HAND: KDiamonds, 5Diamonds, KClubs, 5Clubs, 7Hearts, QHearts, 5Hearts, 3Hearts, JSpades, 6Spades.
P2 HAND: 7Diamonds, 3Diamonds, 2Diamonds, JClubs, 6Clubs, JHearts, 7Spades, 4Spades, 3Spades, 2Spades.
P3 HAND: JDiamonds, QDiamonds, AClubs, 7Clubs, QClubs, 3Clubs, KHearts, 6Hearts, 2Hearts, 5Spades.
P3 AClubs P0 2Clubs P1 KClubs P2 6Clubs 
P3 2Hearts P0 4Hearts P1 3Hearts P2 JHearts 
P2 2Spades P3 5Spades P0 KSpades P1 6Spades 
P0 4Clubs P1 5Clubs P2 JClubs P3 7Clubs 
P3 3Clubs P0 QSpades P1 5Hearts P2 3Spades 
P3 6Hearts P0 AHearts P1 QHearts P2 7Spades 
P0 4Diamonds P1 5Diamonds P2 2Diamonds P3 QDiamonds 
P3 QClubs P0 6Diamonds P1 KDiamonds P2 7Diamonds 
P2 4Spades P3 JDiamonds P0 ASpades P1 JSpades 
P3 KHearts P0 ADiamonds P1 7Hearts P2 3Diamonds 
-- /GAME --
P0 HAND: KDiamonds, 5Diamonds, 3Clubs, 2Hearts, ASpades, KSpades, JSpades, 6Spades, 4Spades, 2Spades.
P1 HAND: JDiamonds, QDiamonds, 2Diamonds, 7Clubs, 6Clubs, JHearts, 6Hearts, 3Hearts, 7Spades, QSpades.
P2 HAND: ADiamonds, 6Diamonds, 4Diamonds, JClubs, QClubs, 5Clubs, QHearts, 5Hearts, 4Hearts, 5Spades.
P3 HAND: 7Diamonds, 3Diamonds, AClubs, KClubs, 4Clubs, 2Clubs, AHearts, 7Hearts, KHearts, 3Spades.
P3 AClubs P0 3Clubs P1 7Clubs P2 5Clubs 
P3 AHearts P0 2Hearts P1 JHearts P2 4Hearts 
P3 2Clubs P0 5Diamonds P1 6Clubs P2 JClubs 
P2 ADiamonds P3 3Diamonds P0 KDiamonds P1 2Diamonds 
P2 4Diamonds P3 7Diamonds P0 2Spades P1 QDiamonds 
P0 ASpades P1 QSpades P2 5Spades P3 3Spades 
P0 4Spades P1 7Spades P2 5Hearts P3 7Hearts 
P1 3Hearts P2 QHearts P3 KHearts P0 6Spades 
P0 JSpades P1 6Hearts P2 6Diamonds P3 4Clubs 
P0 KSpades P1 JDiamonds P2 QClubs P3 KClubs 
-- /GAME --
P0 HAND: ADiamonds, KDiamonds, QDiamonds, 5Diamonds, 2Diamonds, 2Clubs, AHearts, ASpades, JSpades, 4Spades.
P1 HAND: JDiamonds, 4Diamonds, 6Clubs, 5Clubs, 3Clubs, 7Hearts, QHearts, 6Hearts, 7Spades, 5Spades.
P2 HAND: 3Diamonds, AClubs, 7Clubs, 4Clubs, KHearts, JHearts, 5Hearts, 3Hearts, QSpades, 2Spades.
P3 HAND: 7Diamonds, 6Diamonds, KClubs, JClubs, QClubs, 4Hearts, 2Hearts, KSpades, 6Spades, 3Spades.
P2 2Spades P3 3Spades P0 JSpades P1 7Spades 
P1 4Diamonds P2 3Diamonds P3 6Diamonds P0 ADiamonds 
P0 AHearts P1 6Hearts P2 KHearts P3 2Hearts 
P0 ASpades P1 5Spades P2 QSpades P3 6Spades 
P0 4Spades P1 QHearts P2 3Hearts P3 KSpades 
P3 4Hearts P0 2Clubs P1 7Hearts P2 JHearts 
P0 KDiamonds P1 JDiamonds P2 4Clubs P3 7Diamonds 
P2 5Hearts P3 QClubs P0 2Diamonds P1 3Clubs 
P3 JClubs P0 5Diamonds P1 5Clubs P2 7Clubs 
P2 AClubs P3 KClubs P0 QDiamonds P1 6Clubs 
-- /GAME --
P0 HAND: JDiamonds, 5Diamonds, 2Diamonds, 5Clubs, 4Clubs, KHearts, 5Hearts, ASpades, QSpades, 6Spades.
P1 HAND: KDiamonds, 6Diamonds, JClubs, 6Clubs, 3Clubs, QHearts, 4Hearts, 3Hearts, JSpades, 2Spades.
P2 HAND: ADiamonds, 7Diamonds, QDiamonds, 4Diamonds, 3Diamonds, AHearts, JHearts, 6Hearts, 2Hearts, 4Spades.
P3 HAND: AClubs, 7Clubs, KClubs, QClubs, 2Clubs, 7Hearts, 7Spades, KSpades, 5Spades, 3Spades.
P1 2Spades P2 4Spades P3 3Spades P0 QSpades 
P0 ASpades P1 JSpades P2 AHearts P3 5Spades 
P0 6Spades P1 3Clubs P2 2Hearts P3 7Spades 
P3 2Clubs P0 5Clubs P1 6Clubs P2 6Hearts 
P1 3Hearts P2 JHearts P3 7Hearts P0 5Hearts 
P3 QClubs P0 4Clubs P1 JClubs P2 3Diamonds 
P2 4Diamonds P3 KClubs P0 2Diamonds P1 6Diamonds 
P1 4Hearts P2 QDiamonds P3 KSpades P0 KHearts 
P2 7Diamonds P3 7Clubs P0 5Diamonds P1 KDiamonds 
P2 ADiamonds P3 AClubs P0 JDiamonds P1 QHearts 
-- /GAME --
P0 HAND: 5Diamonds, 4Diamonds, KClubs, 6Clubs, 4Clubs, 2Hearts, 7Spades, QSpades, 4Spades, 2Spades.
P1 HAND: 6Diamonds, JClubs, 2Clubs, KHearts, JHearts, QHearts, 5Hearts, KSpades, 5Spades, 3Spades.
P2 HAND: 7Diamonds, KDiamonds, JDiamonds, QDiamonds, 2Diamonds, 7Clubs, 5Clubs, AHearts, 6Hearts, JSpades.
P3 HAND: ADiamonds, 3Diamonds, AClubs, QClubs, 3Clubs, 7Hearts, 4Hearts, 3Hearts, ASpades, 6Spades.
P3 ADiamonds P0 4Diamonds P1 6Diamonds P2 2Diamonds 
P3 ASpades P0 2Spades P1 KSpades P2 JSpades 
P3 3Diamonds P0 5Diamonds P1 3Spades P2 7Diamonds 
P2 AHearts P3 3Hearts P0 2Hearts P1 5Hearts 
P2 6Hearts P3 4Hearts P0 4Spades P1 KHearts 
P1 5Spades P2 QDiamonds P3 6Spades P0 7Spades 
P0 QSpades P1 QHearts P2 5Clubs P3 3Clubs 
P2 JDiamonds P3 QClubs P0 KClubs P1 JHearts 
P0 4Clubs P1 2Clubs P2 7Clubs P3 AClubs 
P3 7Hearts P0 6Clubs P1 JClubs P2 KDiamonds 
-- /GAME --
P0 HAND: KDiamonds, JDiamonds, 3Diamonds, 2Clubs, JHearts, 5Hearts, 7Spades, KSpades, 5Spades, 4Spades.
P1 HAND: 4Diamonds, KClubs, JClubs, 6Clubs, 4Clubs, AHearts, 3Hearts, ASpades, 6Spades, 3Spades.
P2 HAND: 6Diamonds, 5Diamonds, AClubs, 7Clubs, 5Clubs, 4Hearts, 2Hearts, JSpades, QSpades, 2Spades.
P3 HAND: ADiamonds, 7Diamonds, QDiamonds, 2Diamonds, QClubs, 3Clubs, 7Hearts, KHearts, QHearts, 6Hearts.
P2 2Hearts P3 6Hearts P0 5Hearts P1 AHearts 
P1 ASpades P2 2Spades P3 ADiamonds P0 4Spades 
P1 3Hearts P2 4Hearts P3 QHearts P0 JHearts 
P0 3Diamonds P1 4Diamonds P2 5Diamonds P3 7Diamonds 
P3 2Diamonds P0 KDiamonds P1 3Spades P2 6Diamonds 
P0 JDiamonds P1 6Spades P2 QSpades P3 QDiamonds 
P0 2Clubs P1 4Clubs P2 5Clubs P3 3Clubs 
P2 JSpades P3 QClubs P0 5Spades P1 6Clubs 
P3 KHearts P0 KSpades P1 JClubs P2 7Clubs 
P2 AClubs P3 7Hearts P0 7Spades P1 KClubs 
-- /GAME --
P0 HAND: QDiamonds, 6Diamonds, JClubs, AHearts, 7Hearts, KHearts, JHearts, QHearts, 4Hearts, 2Hearts.
P1 HAND: 7Diamonds, KDiamonds, 4Diamonds, AClubs, KClubs, QClubs, 4Clubs, 3Clubs, 5Hearts, 2Spades.
P2 HAND: ADiamonds, JDiamonds, 5Diamonds, 7Clubs, 6Clubs, 6Hearts, KSpades, JSpades, QSpades, 6Spades.
P3 HAND: 3Diamonds, 2Diamonds, 5Clubs, 2Clubs, 3Hearts, ASpades, 7Spades, 5Spades, 4Spades, 3Spades.
P1 2Spades P2 6Spades P3 ASpades P0 2Hearts 
P0 JClubs P1 AClubs P2 6Clubs P3 5Clubs 
P1 3Clubs P2 7Clubs P3 2Clubs P0 QDiamonds 
P2 ADiamonds P3 2Diamonds P0 6Diamonds P1 4Diamonds 
P2 5Diamonds P3 3Diamonds P0 QHearts P1 KDiamonds 
P0 AHearts P1 5Hearts P2 6Hearts P3 3Hearts 
P0 7Hearts P1 4Clubs P2 KSpades P3 3Spades 
P0 KHearts P1 QClubs P2 QSpades P3 4Spades 
P0 JHearts P1 KClubs P2 JDiamonds P3 5Spades 
P0 4Hearts P1 7Diamonds P2 JSpades P3 7Spades 
-- /GAME --
P0 HAND: KDiamonds, 7Clubs, QClubs, KHearts, QHearts, 7Spades, QSpades, 6Spades, 5Spades, 3Spades.
P1 HAND: ADiamonds, JDiamonds, 2Diamonds, AClubs, 6Clubs, 5Clubs, 4Hearts, 2Hearts, KSpades, 4Spades.
P2 HAND: 7Diamonds, 5Diamonds, KClubs, 2Clubs, AHearts, JHearts, 5Hearts, ASpades, JSpades, 2Spades.
P3 HAND: QDiamonds, 6Diamonds, 4Diamonds, 3Diamonds, JClubs, 4Clubs, 3Clubs, 7Hearts, 6Hearts, 3Hearts.
P0 KDiamonds P1 ADiamonds P2 5Diamonds P3 QDiamonds 
P1 2Diamonds P2 7Diamonds P3 3Diamonds P0 7Spades 
P2 AHearts P3 3Hearts P0 KHearts P1 2Hearts 
P2 ASpades P3 3Clubs P0 3Spades P1 KSpades 
P3 4Diamonds P0 QHearts P1 JDiamonds P2 2Clubs 
P2 2Spades P3 6Diamonds P0 6Spades P1 4Spades 
P0 5Spades P1 4Hearts P2 JSpades P3 6Hearts 
P2 5Hearts P3 7Hearts P0 7Clubs P1 AClubs 
P1 5Clubs P2 KClubs P3 4Clubs P0 QClubs 
P2 JHearts P3 JClubs P0 QSpades P1 6Clubs 
-- /GAME --
P0 HAND: 5Diamonds, 2Diamonds, KClubs, JClubs, QClubs, AHearts, 7Hearts, QHearts, 5Spades, 2Spades.
P1 HAND: KDiamonds, 3Diamonds, AClubs, 7Clubs, 5Clubs, 2Clubs, 5Hearts, 2Hearts, 7Spades, QSpades.
P2 HAND: 7Diamonds, 4Clubs, 3Clubs, JHearts, 6Hearts, 4Hearts, ASpades, KSpades, JSpades, 6Spades.
P3 HAND: ADiamonds, JDiamonds, QDiamonds, 6Diamonds, 4Diamonds, 6Clubs, KHearts, 3Hearts, 4Spades, 3Spades.
P3 3Hearts P0 AHearts P1 2Hearts P2 JHearts 
P0 7Hearts P1 5Hearts P2 6Hearts P3 KHearts 
P0 2Spades P1 QSpades P2 6Spades P3 3Spades 
P1 AClubs P2 3Clubs P3 6Clubs P0 QClubs 
P1 2Clubs P2 4Clubs P3 4Diamonds P0 KClubs 
P0 JClubs P1 5Clubs P2 4Hearts P3 6Diamonds 
P0 QHearts P1 3Diamonds P2 JSpades P3 QDiamonds 
P2 KSpades P3 4Spades P0 5Spades P1 7Spades 
P1 KDiamonds P2 7Diamonds P3 ADiamonds P0 2Diamonds 
P3 JDiamonds P0 5Diamonds P1 7Clubs P2 ASpades 
-- /GAME --
P0 HAND: ADiamonds, 6Diamonds, 6Clubs, 4Clubs, 3Clubs, 7Hearts, KHearts, JHearts, 7Spades, QSpades.
P1 HAND: 3Diamonds, 7Clubs, JClubs, 5Hearts, 3Hearts, ASpades, JSpades, 5Spades, 4Spades, 3Spades.
P2 HAND: 7Diamonds, KDiamonds, 4Diamonds, 2Diamonds, AClubs, QClubs, 5Clubs, 2Clubs, 2Hearts, 6Spades.
P3 HAND: JDiamonds, QDiamonds, 5Diamonds, KClubs, AHearts, QHearts, 6Hearts, 4Hearts, KSpades, 2Spades.
P0 6Clubs P1 JClubs P2 AClubs P3 KClubs 
P2 2Clubs P3 2Spades P0 4Clubs P1 7Clubs 
P1 3Hearts P2 2Hearts P3 AHearts P0 JHearts 
P3 4Hearts P0 7Hearts P1 5Hearts P2 QClubs 
P0 KHearts P1 3Spades P2 6Spades P3 6Hearts 
P0 3Clubs P1 4Spades P2 5Clubs P3 QHearts 
P2 2Diamonds P3 5Diamonds P0 6Diamonds P1 3Diamonds 
P0 ADiamonds P1 5Spades P2 4Diamonds P3 QDiamonds 
P0 7Spades P1 JSpades P2 KDiamonds P3 KSpades 
P2 7Diamonds P3 JDiamonds P0 QSpades P1 ASpades 
-- /GAME --
P0 HAND: 3Diamonds, AClubs, 6Clubs, AHearts, 7Hearts, 6Hearts, 4Hearts, 7Spades, KSpades, 2Spades.
P1 HAND: 5Diamonds, 4Diamonds, 2Diamonds, 2Clubs, 5Hearts, 2Hearts, JSpades, QSpades, 6Spades, 4Spades.
P2 HAND: ADiamonds, 7Diamonds, JDiamonds, QDiamonds, 6Diamonds, QClubs, KHearts, JHearts, 5Spades, 3Spades.
P3 HAND: KDiamonds, 7Clubs, KClubs, JClubs, 5Clubs, 4Clubs, 3Clubs, QHearts, 3Hearts, ASpades.
P3 ASpades P0 2Spades P1 JSpades P2 3Spades 
P3 3Clubs P0 6Clubs P1 2Clubs P2 QClubs 
P2 5Spades P3 3Hearts P0 7Spades P1 4Spades 
P0 AClubs P1 2Diamonds P2 6Diamonds P3 4Clubs 
P2 JHearts P3 QHearts P0 7Hearts P1 2Hearts 
P0 KSpades P1 6Spades P2 QDiamonds P3 KDiamonds 
P3 5Clubs P0 3Diamonds P1 5Hearts P2 KHearts 
P0 4Hearts P1 QSpades P2 JDiamonds P3 JClubs 
P2 7Diamonds P3 KClubs P0 AHearts P1 4Diamonds 
P2 ADiamonds P3 7Clubs P0 6Hearts P1 5Diamonds 
-- /GAME --
P0 HAND: ADiamonds, 6Diamonds, 7Clubs, 4Clubs, 2Clubs, KHearts, JHearts, QHearts, 6Hearts, 2Hearts.
P1 HAND: KDiamonds, JDiamonds, QDiamonds, 5Diamonds, JClubs, 6Clubs, 5Clubs, AHearts, 7Hearts, ASpades.
P2 HAND: 7Diamonds, 3Diamonds, KClubs, QClubs, 3Clubs, 4Hearts, KSpades, 6Spades, 3Spades, 2Spades.
P3 HAND: 4Diamonds, 2Diamonds, AClubs, 5Hearts, 3Hearts, 7Spades, JSpades, QSpades, 5Spades, 4Spades.
P0 6Diamonds P1 5Diamonds P2 3Diamonds P3 2Diamonds 
P0 2Clubs P1 5Clubs P2 3Clubs P3 AClubs 
P3 4Diamonds P0 ADiamonds P1 QDiamonds P2 7Diamonds 
P0 7Clubs P1 6Clubs P2 KClubs P3 3Hearts 
P3 4Spades P0 4Clubs P1 ASpades P2 2Spades 
P1 JDiamonds P2 3Spades P3 5Spades P0 KHearts 
P0 2Hearts P1 7Hearts P2 4Hearts P3 5Hearts 
P1 JClubs P2 QClubs P3 QSpades P0 JHearts 
P0 6Hearts P1 AHearts P2 6Spades P3 7Spades 
P1 KDiamonds P2 KSpades P3 JSpades P0 QHearts 
-- /GAME --
P0 HAND: ADiamonds, KDiamonds, JDiamonds, 4Diamonds, 6Clubs, 2Clubs, JHearts, 4Hearts, JSpades, 6Spades.
P1 HAND: 7Diamonds, 3Diamonds, 7Clubs, KClubs, JClubs, QClubs, 6Hearts, 3Hearts, 2Hearts, 2Spades.
P2 HAND: QDiamonds, 5Diamonds, 4Clubs, 3Clubs, AHearts, 7Hearts, QHearts, KSpades, QSpades, 4Spades.
P3 HAND: 6Diamonds, 2Diamonds, AClubs, 5Clubs, KHearts, 5Hearts, ASpades, 7Spades, 5Spades, 3Spades.
P3 AClubs P0 2Clubs P1 7Clubs P2 3Clubs 
P3 2Diamonds P0 ADiamonds P1 3Diamonds P2 QDiamonds 
P0 6Clubs P1 QClubs P2 4Clubs P3 5Clubs 
P1 2Hearts P2 AHearts P3 5Hearts P0 JHearts 
P2 5Diamonds P3 6Diamonds P0 KDiamonds P1 7Diamonds 
P1 3Hearts P2 QHearts P3 KHearts P0 4Hearts 
P3 3Spades P0 JSpades P1 2Spades P2 4Spades 
P0 6Spades P1 6Hearts P2 QSpades P3 5Spades 
P2 KSpades P3 7Spades P0 4Diamonds P1 KClubs 
P3 ASpades P0 JDiamonds P1 JClubs P2 7Hearts 
-- /GAME --
P0 HAND: KDiamonds, 3Diamonds, AClubs, 7Clubs, 5Clubs, AHearts, 7Hearts, ASpades, JSpades, 6Spades.
P1 HAND: ADiamonds, 7Diamonds, QDiamonds, 6Diamonds, 2Diamonds, KClubs, 4Clubs, KHearts, 7Spades, QSpades.
P2 HAND: JDiamonds, 5Diamonds, QClubs, 2Clubs, QHearts, 5Hearts, 3Hearts, 2Hearts, 4Spades, 2Spades.
P3 HAND: 4Diamonds, JClubs, 6Clubs, 3Clubs, JHearts, 6Hearts, 4Hearts, KSpades, 5Spades, 3Spades.
P2 2Hearts P3 4Hearts P0 AHearts P1 KHearts 
P0 3Diamonds P1 ADiamonds P2 5Diamonds P3 4Diamonds 
P1 2Diamonds P2 JDiamonds P3 3Spades P0 KDiamonds 
P0 ASpades P1 QSpades P2 4Spades P3 5Spades 
P0 6Spades P1 7Spades P2 2Spades P3 KSpades 
P1 6Diamonds P2 3Hearts P3 6Hearts P0 JSpades 
P1 QDiamonds P2 5Hearts P3 3Clubs P0 5Clubs 
P0 AClubs P1 4Clubs P2 2Clubs P3 6Clubs 
P0 7Clubs P1 KClubs P2 QClubs P3 JClubs 
P0 7Hearts P1 7Diamonds P2 QHearts P3 JHearts 
-- /GAME --
P0 HAND: 7Diamonds, 6Diamonds, 5Diamonds, 4Diamonds, 3Diamonds, 5Clubs, 7Hearts, KSpades, 6Spades, 5Spades.
P1 HAND: ADiamonds, JDiamonds, 2Diamonds, QClubs, 3Clubs, 2Clubs, KHearts, 4Hearts, JSpades, 4Spades.
P2 HAND: KDiamonds, AClubs, KClubs, 6Clubs, JHearts, 6Hearts, ASpades, QSpades, 3Spades, 2Spades.
P3 HAND: QDiamonds, 7Clubs, JClubs, 4Clubs, AHearts, QHearts, 5Hearts, 3Hearts, 2Hearts, 7Spades.
P1 ADiamonds P2 KDiamonds P3 QDiamonds P0 3Diamonds 
P1 2Diamonds P2 6Clubs P3 2Hearts P0 7Diamonds 
P0 5Clubs P1 2Clubs P2 AClubs P3 4Clubs 
P2 6Hearts P3 AHearts P0 7Hearts P1 KHearts 
P3 3Hearts P0 6Diamonds P1 4Hearts P2 JHearts 
P2 2Spades P3 7Spades P0 5Spades P1 4Spades 
P3 5Hearts P0 5Diamonds P1 3Clubs P2 3Spades 
P2 QSpades P3 QHearts P0 6Spades P1 JSpades 
P1 QClubs P2 KClubs P3 JClubs P0 KSpades 
P0 4Diamonds P1 JDiamonds P2 ASpades P3 7Clubs 
-- /GAME --
P0 HAND: KDiamonds, JDiamonds, 3Diamonds, JClubs, 2Clubs, 7Hearts, 6Hearts, 4Hearts, QSpades, 2Spades.
P1 HAND: ADiamonds, 7Diamonds, 6Diamonds, 4Diamonds, AClubs, 4Clubs, JHearts, 3Hearts, KSpades, 3Spades.
P2 HAND: 2Diamonds, 7Clubs, QClubs, 6Clubs, 5Clubs, 3Clubs, 5Hearts, ASpades, 7Spades, 4Spades.
P3 HAND: QDiamonds, 5Diamonds, KClubs, AHearts, KHearts, QHearts, 2Hearts, JSpades, 6Spades, 5Spades.
P0 2Spades P1 3Spades P2 ASpades P3 5Spades 
P2 2Diamonds P3 5Diamonds P0 KDiamonds P1 ADiamonds 
P1 3Hearts P2 5Hearts P3 AHearts P0 4Hearts 
P3 2Hearts P0 7Hearts P1 JHearts P2 7Spades 
P0 6Hearts P1 4Diamonds P2 4Spades P3 KHearts 
P3 6Spades P0 QSpades P1 KSpades P2 3Clubs 
P2 5Clubs P3 KClubs P0 2Clubs P1 4Clubs 
P3 QDiamonds P0 JDiamonds P1 6Diamonds P2 6Clubs 
P2 QClubs P3 QHearts P0 JClubs P1 AClubs 
P1 7Diamonds P2 7Clubs P3 JSpades P0 3Diamonds 
-- /GAME --
P0 HAND: ADiamonds, KDiamonds, QDiamonds, AClubs, 5Clubs, 4Clubs, 6Hearts, 5Hearts, 7Spades, 5Spades.
P1 HAND: JDiamonds, 6Diamonds, 4Diamonds, 7Clubs, QClubs, 6Clubs, 3Clubs, 2Clubs, 3Hearts, 2Spades.
P2 HAND: 3Diamonds, 2Diamonds, KClubs, JClubs, 7Hearts, JHearts, QHearts, 4Hearts, ASpades, 4Spades.
P3 HAND: 7Diamonds, 5Diamonds, AHearts, KHearts, 2Hearts, KSpades, JSpades, QSpades, 6Spades, 3Spades.
P2 ASpades P3 3Spades P0 5Spades P1 2Spades 
P2 2Diamonds P3 5Diamonds P0 KDiamonds P1 4Diamonds 
P0 7Spades P1 2Clubs P2 4Spades P3 KSpades 
P1 3Hearts P2 4Hearts P3 AHearts P0 6Hearts 
P3 2Hearts P0 5Hearts P1 6Diamonds P2 7Hearts 
P2 3Diamonds P3 7Diamonds P0 ADiamonds P1 JDiamonds 
P0 QDiamonds P1 3Clubs P2 QHearts P3 KHearts 
P1 6Clubs P2 JClubs P3 6Spades P0 4Clubs 
P2 JHearts P3 QSpades P0 5Clubs P1 QClubs 
P1 7Clubs P2 KClubs P3 JSpades P0 AClubs 
-- /GAME --
P0 HAND: ADiamonds, KDiamonds, 3Diamonds, 7Clubs, 6Clubs, 3Clubs, 7Hearts, 2Hearts, QSpades, 5Spades.
P1 HAND: QDiamonds, AClubs, 5Clubs, AHearts, KHearts, 6Hearts, 5Hearts, 3Hearts, KSpades, 6Spades.
P2 HAND: 7Diamonds, 5Diamonds, 2Diamonds, KClubs, JClubs, 4Clubs, JHearts, QHearts, 7Spades, 4Spades.
P3 HAND: JDiamonds, 6Diamonds, 4Diamonds, QClubs, 2Clubs, 4Hearts, ASpades, JSpades, 3Spades, 2Spades.
P1 AClubs P2 4Clubs P3 QClubs P0 3Clubs 
P1 5Clubs P2 JClubs P3 2Clubs P0 7Clubs 
P0 6Clubs P1 6Spades P2 KClubs P3 2Spades 
P2 2Diamonds P3 4Diamonds P0 KDiamonds P1 QDiamonds 
P0 ADiamonds P1 3Hearts P2 5Diamonds P3 JDiamonds 
P1 5Hearts P2 QHearts P3 4Hearts P0 7Hearts 
P0 2Hearts P1 6Hearts P2 JHearts P3 3Spades 
P2 4Spades P3 ASpades P0 5Spades P1 KSpades 
P3 6Diamonds P0 3Diamonds P1 KHearts P2 7Diamonds 
P1 AHearts P2 7Spades P3 JSpades P0 QSpades 
-- /GAME --
P0 HAND: 6Diamonds, 5Diamonds, AClubs, JClubs, 3Clubs, JHearts, QHearts, 3Hearts, ASpades, 7Spades.
P1 HAND: 2Diamonds, 5Clubs, 4Clubs, 7Hearts, KHearts, KSpades, JSpades, QSpades, 6Spades, 2Spades.
P2 HAND: ADiamonds, JDiamonds, QClubs, 6Clubs, 2Clubs, AHearts, 5Hearts, 2Hearts, 4Spades, 3Spades.
P3 HAND: 7Diamonds, KDiamonds, QDiamonds, 4Diamonds, 3Diamonds, 7Clubs, KClubs, 6Hearts, 4Hearts, 5Spades.
P0 ASpades P1 2Spades P2 4Spades P3 5Spades 
P0 7Spades P1 6Spades P2 3Spades P3 4Hearts 
P3 3Diamonds P0 6Diamonds P1 2Diamonds P2 ADiamonds 
P2 2Clubs P3 KClubs P0 AClubs P1 4Clubs 
P0 5Diamonds P1 5Clubs P2 JDiamonds P3 7Diamonds 
P3 4Diamonds P0 3Clubs P1 QSpades P2 6Clubs 
P3 QDiamonds P0 JClubs P1 KHearts P2 AHearts 
P2 QClubs P3 7Clubs P0 JHearts P1 7Hearts 
P1 JSpades P2 2Hearts P3 6Hearts P0 QHearts 
P0 3Hearts P1 KSpades P2 5Hearts P3 KDiamonds 
-- /GAME --
P0 HAND: 7Diamonds, 6Diamonds, 5Clubs, 7Hearts, KHearts, QHearts, 6Hearts, 2Hearts, JSpades, 6Spades.
P1 HAND: KDiamonds, 4Diamonds, 2Diamonds, JClubs, 3Clubs, 2Clubs, JHearts, 4Hearts, QSpades, 4Spades.
P2 HAND: ADiamonds, JDiamonds, QDiamonds, AClubs, KClubs, 6Clubs, 4Clubs, 5Hearts, ASpades, 2Spades.
P3 HAND: 5Diamonds, 3Diamonds, 7Clubs, QClubs, AHearts, 3Hearts, 7Spades, KSpades, 5Spades, 3Spades.
P3 AHearts P0 2Hearts P1 JHearts P2 5Hearts 
P3 3Hearts P0 7Hearts P1 4Hearts P2 AClubs 
P0 KHearts P1 2Clubs P2 ASpades P3 3Diamonds 
P3 7Clubs P0 5Clubs P1 JClubs P2 4Clubs 
P3 3Spades P0 JSpades P1 4Spades P2 2Spades 
P0 6Spades P1 QSpades P2 6Clubs P3 7Spades 
P3 5Spades P0 6Hearts P1 3Clubs P2 QDiamonds 
P2 JDiamonds P3 5Diamonds P0 6Diamonds P1 2Diamonds 
P2 ADiamonds P3 QClubs P0 7Diamonds P1 4Diamonds 
P2 KClubs P3 KSpades P0 QHearts P1 KDiamonds 
-- /GAME --
P0 HAND: ADiamonds, 3Diamonds, QClubs, 4Clubs, 3Clubs, 3Hearts, 2Hearts, 7Spades, QSpades, 6Spades.
P1 HAND: 7Diamonds, JDiamonds, QDiamonds, 6Diamonds, 2Diamonds, AClubs, 6Clubs, 5Clubs, KSpades, 5Spades.
P2 HAND: 4Diamonds, 7Clubs, JClubs, 2Clubs, AHearts, KHearts, 5Hearts, 4Hearts, ASpades, 3Spades.
P3 HAND: KDiamonds, 5Diamonds, KClubs, 7Hearts, JHearts, QHearts, 6Hearts, JSpades, 4Spades, 2Spades.
P2 AHearts P3 6Hearts P0 3Hearts P1 2Diamonds 
P1 AClubs P2 2Clubs P3 KClubs P0 3Clubs 
P1 5Clubs P2 JClubs P3 2Spades P0 QClubs 
P2 ASpades P3 4Spades P0 QSpades P1 5Spades 
P2 3Spades P3 JSpades P0 7Spades P1 KSpades 
P0 2Hearts P1 6Clubs P2 4Hearts P3 7Hearts 
P3 QHearts P0 6Spades P1 6Diamonds P2 5Hearts 
P1 QDiamonds P2 4Diamonds P3 5Diamonds P0 3Diamonds 
P1 JDiamonds P2 KHearts P3 KDiamonds P0 ADiamonds 
P0 4Clubs P1 7Diamonds P2 7Clubs P3 JHearts 
-- /GAME --
P0 HAND: 2Diamonds, 7Clubs, 6Clubs, 3Clubs, JHearts, 4Hearts, 2Hearts, JSpades, 5Spades, 3Spades.
P1 HAND: ADiamonds, 7Diamonds, KDiamonds, 6Diamonds, 3Diamonds, JClubs, 4Clubs, 6Hearts, 3Hearts, 4Spades.
P2 HAND: QDiamonds, 5Diamonds, 4Diamonds, QClubs, 5Clubs, 2Clubs, AHearts, 7Hearts, KHearts, 5Hearts.
P3 HAND: JDiamonds, AClubs, KClubs, QHearts, ASpades, 7Spades, KSpades, QSpades, 6Spades, 2Spades.
P1 3Diamonds P2 4Diamonds P3 JDiamonds P0 2Diamonds 
P3 2Spades P0 5Spades P1 4Spades P2 AHearts 
P0 JSpades P1 3Hearts P2 5Diamonds P3 ASpades 
P3 6Spades P0 3Spades P1 6Diamonds P2 5Hearts 
P3 QHearts P0 JHearts P1 6Hearts P2 7Hearts 
P2 QDiamonds P3 QSpades P0 4Hearts P1 ADiamonds 
P1 4Clubs P2 2Clubs P3 KClubs P0 7Clubs 
P0 2Hearts P1 JClubs P2 KHearts P3 7Spades 
P1 KDiamonds P2 5Clubs P3 AClubs P0 3Clubs 
P3 KSpades P0 6Clubs P1 7Diamonds P2 QClubs 
-- /GAME --
P0 HAND: JDiamonds, QDiamonds, 5Diamonds, AClubs, KClubs, QClubs, QHearts, 5Hearts, 4Hearts, KSpades.
P1 HAND: 7Diamonds, 2Diamonds, 7Clubs, 6Clubs, 4Clubs, 3Clubs, 2Hearts, ASpades, 6Spades, 5Spades.
P2 HAND: ADiamonds, KDiamonds, 4Diamonds, 2Clubs, AHearts, KHearts, JHearts, 6Hearts, 3Hearts, QSpades.
P3 HAND: 6Diamonds, 3Diamonds, JClubs, 5Clubs, 7Hearts, 7Spades, JSpades, 4Spades, 3Spades, 2Spades.

