-- GAME --
P0 HAND: JDiamonds, 6Diamonds, 7Clubs, QClubs, 4Clubs, JHearts, 6Hearts, QSpades, 5Spades, 3Spades.
P1 HAND: ADiamonds, 4Diamonds, 3Diamonds, AClubs, KClubs, 7Hearts, KHearts, 3Hearts, 7Spades, KSpades.
P2 HAND: 7Diamonds, KDiamonds, QDiamonds, 3Clubs, AHearts, QHearts, 4Hearts, JSpades, 6Spades, 4Spades.
P3 HAND: 5Diamonds, 2Diamonds, JClubs, 6Clubs, 5Clubs, 2Clubs, 5Hearts, 2Hearts, ASpades, 2Spades.
P0 3Spades P1 KSpades P2 4Spades P3 ASpades 
P3 2Diamonds P0 6Diamonds P1 ADiamonds P2 QDiamonds 
P1 3Diamonds P2 KDiamonds P3 5Diamonds P0 JDiamonds 
P2 AHearts P3 2Hearts P0 JHearts P1 3Hearts 
P2 4Hearts P3 5Hearts P0 6Hearts P1 7Hearts 
P1 4Diamonds P2 7Diamonds P3 2Clubs P0 4Clubs 
P0 5Spades P1 7Spades P2 6Spades P3 2Spades 
P1 KClubs P2 3Clubs P3 5Clubs P0 7Clubs 
P0 QSpades P1 AClubs P2 JSpades P3 6Clubs 
P1 KHearts P2 QHearts P3 JClubs P0 QClubs 
-- /GAME --
P0 HAND: ADiamonds, JDiamonds, 4Diamonds, 6Clubs, 5Clubs, 4Hearts, 3Hearts, 2Hearts, ASpades, 3Spades.
P1 HAND: 6Diamonds, 2Diamonds, KClubs, JClubs, JHearts, 6Hearts, 6Spades, 5Spades, 4Spades, 2Spades.
P2 HAND: 7Diamonds, KDiamonds, QDiamonds, 7Clubs, QClubs, 3Clubs, KHearts, 7Spades, KSpades, JSpades.
P3 HAND: 5Diamonds, 3Diamonds, AClubs, 4Clubs, 2Clubs, AHearts, 7Hearts, QHearts, 5Hearts, QSpades.
P3 AClubs 
