-- GAME --
P0 HAND: ADiamonds, 7Diamonds, KDiamonds, 6Diamonds, 5Diamonds, 4Clubs, 2Hearts, 7Spades, 6Spades, 3Spades.
P1 HAND: JDiamonds, 3Diamonds, 2Diamonds, JHearts, 6Hearts, 4Hearts, 3Hearts, JSpades, QSpades, 5Spades.
P2 HAND: 4Diamonds, 7Clubs, 5Clubs, 3Clubs, AHearts, KHearts, 5Hearts, ASpades, KSpades, 2Spades.
P3 HAND: QDiamonds, AClubs, KClubs, JClubs, QClubs, 6Clubs, 2Clubs, 7Hearts, QHearts, 4Spades.
P1 3Hearts P2 AHearts P3 QHearts P0 2Hearts 
P2 ASpades P3 4Spades P0 7Spades P1 5Spades 
P2 2Spades P3 2Clubs P0 3Spades P1 JSpades 
P1 4Hearts P2 5Hearts P3 7Hearts P0 5Diamonds 
P0 6Spades P1 QSpades P2 KSpades P3 QDiamonds 
P3 6Clubs P0 4Clubs P1 6Hearts P2 7Clubs 
P2 3Clubs P3 QClubs P0 KDiamonds P1 JHearts 
P0 ADiamonds P1 2Diamonds P2 4Diamonds P3 JClubs 
P0 6Diamonds P1 3Diamonds P2 5Clubs P3 KClubs 
P0 7Diamonds P1 JDiamonds P2 KHearts P3 AClubs 
-- /GAME --
P0 HAND: ADiamonds, QDiamonds, 2Diamonds, 3Clubs, 7Hearts, KHearts, 4Hearts, 7Spades, KSpades, 2Spades.
P1 HAND: 3Diamonds, JClubs, 5Clubs, 4Clubs, 2Clubs, AHearts, 3Hearts, 2Hearts, QSpades, 4Spades.
P2 HAND: KDiamonds, AClubs, 7Clubs, KClubs, QClubs, 5Hearts, ASpades, 6Spades, 5Spades, 3Spades.
P3 HAND: 7Diamonds, JDiamonds, 6Diamonds, 5Diamonds, 4Diamonds, 6Clubs, JHearts, QHearts, 6Hearts, JSpades.
P0 ADiamonds P1 3Diamonds P2 KDiamonds P3 4Diamonds 
P0 2Spades P1 4Spades P2 ASpades P3 JSpades 
P2 3Spades P3 5Diamonds P0 7Spades P1 QSpades 
P0 KSpades P1 2Hearts P2 5Spades P3 6Diamonds 
P0 2Diamonds P1 3Hearts P2 5Hearts P3 7Diamonds 
P3 6Hearts P0 7Hearts P1 AHearts P2 QClubs 
P2 6Spades P3 QHearts P0 3Clubs P1 2Clubs 
P0 4Hearts P1 4Clubs P2 KClubs P3 JHearts 
P2 7Clubs P3 6Clubs P0 KHearts P1 5Clubs 
P2 AClubs P3 JDiamonds P0 QDiamonds P1 JClubs 
-- /GAME --
P0 HAND: AClubs, KClubs, 5Clubs, JHearts, 5Hearts, 4Hearts, 2Hearts, ASpades, JSpades, 2Spades.
P1 HAND: JDiamonds, 2Diamonds, QClubs, 4Clubs, AHearts, 7Hearts, QHearts, 7Spades, QSpades, 5Spades.
P2 HAND: 5Diamonds, 4Diamonds, 7Clubs, 6Clubs, 2Clubs, KHearts, KSpades, 6Spades, 4Spades, 3Spades.
P3 HAND: ADiamonds, 7Diamonds, KDiamonds, QDiamonds, 6Diamonds, 3Diamonds, JClubs, 3Clubs, 6Hearts, 3Hearts.

