-- GAME --
P0 HAND: JDiamonds, 3Diamonds, AClubs, 7Clubs, JClubs, 5Clubs, 7Hearts, 7Spades, 3Spades, 2Spades.
P1 HAND: QDiamonds, QClubs, 3Clubs, KHearts, JHearts, QHearts, 3Hearts, JSpades, QSpades, 5Spades.
P2 HAND: ADiamonds, 7Diamonds, KDiamonds, 5Diamonds, 4Diamonds, KClubs, AHearts, 4Hearts, KSpades, 4Spades.
P3 HAND: 6Diamonds, 2Diamonds, 6Clubs, 4Clubs, 2Clubs, 6Hearts, 5Hearts, 2Hearts, ASpades, 6Spades.
P3 ASpades P0 3Spades P1 JSpades P2 4Spades 
P3 2Clubs P0 AClubs P1 3Clubs P2 KClubs 
P0 7Clubs P1 QClubs P2 AHearts P3 4Clubs 
P0 JDiamonds P1 QDiamonds P2 4Diamonds P3 2Diamonds 
P0 3Diamonds P1 3Hearts P2 5Diamonds P3 6Diamonds 
P3 2Hearts P0 7Hearts P1 QHearts P2 4Hearts 
P0 5Clubs P1 5Spades P2 KDiamonds P3 6Clubs 
P2 7Diamonds P3 5Hearts P0 7Spades P1 QSpades 
P2 ADiamonds P3 6Hearts P0 JClubs P1 JHearts 
P2 KSpades P3 6Spades P0 2Spades P1 KHearts 
-- /GAME --
P0 HAND: 6Diamonds, 4Diamonds, JClubs, 6Clubs, 5Clubs, 4Hearts, 3Hearts, 7Spades, 6Spades, 3Spades.
P1 HAND: KDiamonds, QDiamonds, 5Diamonds, 3Diamonds, 7Clubs, 4Clubs, JHearts, 2Hearts, 5Spades, 2Spades.
P2 HAND: ADiamonds, 7Diamonds, JDiamonds, AClubs, 2Clubs, QHearts, 6Hearts, ASpades, QSpades, 4Spades.
P3 HAND: 2Diamonds, KClubs, QClubs, 3Clubs, AHearts, 7Hearts, KHearts, 5Hearts, KSpades, JSpades.

