-- GAME --
P0 HAND: 5Diamonds, AClubs, KClubs, JClubs, 4Clubs, AHearts, JHearts, QHearts, KSpades, QSpades.
P1 HAND: QDiamonds, 6Diamonds, 6Clubs, 3Clubs, KHearts, 2Hearts, 7Spades, 5Spades, 3Spades, 2Spades.
P2 HAND: ADiamonds, 7Diamonds, JDiamonds, 4Diamonds, 3Diamonds, QClubs, 2Clubs, 6Hearts, JSpades, 4Spades.
P3 HAND: KDiamonds, 2Diamonds, 7Clubs, 5Clubs, 7Hearts, 5Hearts, 4Hearts, 3Hearts, ASpades, 6Spades.
P1 2Hearts P2 6Hearts P3 3Hearts P0 JHearts 
P0 AClubs P1 3Clubs P2 2Clubs P3 5Clubs 
P0 4Clubs P1 6Clubs P2 QClubs P3 7Clubs 
P3 ASpades P0 QSpades P1 7Spades P2 4Spades 
P3 2Diamonds P0 5Diamonds P1 6Diamonds P2 ADiamonds 
P2 3Diamonds P3 KDiamonds P0 QHearts P1 QDiamonds 
P3 4Hearts P0 AHearts P1 KHearts P2 7Diamonds 
P0 KSpades P1 2Spades P2 JSpades P3 6Spades 
P0 KClubs P1 3Spades P2 4Diamonds P3 5Hearts 
P0 JClubs P1 5Spades P2 JDiamonds P3 7Hearts 
-- /GAME --
P0 HAND: 5Diamonds, 2Diamonds, AClubs, JClubs, 6Clubs, 4Clubs, 3Clubs, 5Hearts, 7Spades, JSpades.
P1 HAND: 7Diamonds, KDiamonds, JDiamonds, 6Diamonds, 3Diamonds, 2Clubs, 6Hearts, 4Hearts, QSpades, 3Spades.
P2 HAND: ADiamonds, QDiamonds, 7Clubs, KClubs, 5Clubs, AHearts, JHearts, QHearts, 5Spades, 2Spades.
P3 HAND: 4Diamonds, QClubs, 7Hearts, KHearts, 3Hearts, 2Hearts, ASpades, KSpades, 6Spades, 4Spades.
P0 AClubs P1 2Clubs P2 5Clubs P3 QClubs 
P0 3Clubs P1 3Diamonds P2 KClubs P3 2Hearts 
P2 ADiamonds P3 4Diamonds P0 2Diamonds P1 6Diamonds 
P2 AHearts P3 3Hearts P0 5Hearts P1 4Hearts 
P2 2Spades P3 ASpades P0 JSpades P1 QSpades 
P3 4Spades P0 7Spades P1 3Spades P2 5Spades 
P0 5Diamonds P1 JDiamonds P2 QDiamonds P3 7Hearts 
P1 6Hearts P2 QHearts P3 KHearts P0 4Clubs 
P0 JClubs P1 KDiamonds P2 7Clubs P3 6Spades 
P2 JHearts P3 KSpades P0 6Clubs P1 7Diamonds 
-- /GAME --
P0 HAND: KDiamonds, 2Diamonds, JClubs, QClubs, 5Clubs, 3Clubs, 4Hearts, QSpades, 5Spades, 3Spades.
P1 HAND: 7Diamonds, 4Diamonds, AHearts, 7Hearts, KHearts, JHearts, 5Hearts, ASpades, KSpades, 4Spades.
P2 HAND: ADiamonds, 5Diamonds, 7Clubs, 4Clubs, 2Clubs, 6Hearts, 3Hearts, 2Hearts, JSpades, 6Spades.
P3 HAND: JDiamonds, QDiamonds, 6Diamonds, 3Diamonds, AClubs, KClubs, 6Clubs, QHearts, 7Spades, 2Spades.
P3 2Spades P0 3Spades P1 ASpades P2 6Spades 
P1 4Diamonds P2 ADiamonds P3 3Diamonds P0 KDiamonds 
P2 2Hearts P3 QHearts P0 4Hearts P1 AHearts 
P1 4Spades P2 JSpades P3 7Spades P0 5Spades 
P3 6Diamonds P0 2Diamonds P1 7Diamonds P2 5Diamonds 
P1 5Hearts P2 3Hearts P3 QDiamonds P0 JClubs 
P0 3Clubs P1 JHearts P2 2Clubs P3 6Clubs 
P3 JDiamonds P0 QSpades P1 KHearts P2 4Clubs 
P2 6Hearts P3 KClubs P0 5Clubs P1 7Hearts 
P3 AClubs P0 QClubs P1 KSpades P2 7Clubs 
-- /GAME --
P0 HAND: 7Diamonds, 2Diamonds, QClubs, 6Clubs, 5Clubs, QHearts, 4Hearts, QSpades, 6Spades, 4Spades.
P1 HAND: JDiamonds, 6Diamonds, 5Diamonds, AClubs, KClubs, 3Clubs, AHearts, 7Hearts, KHearts, 5Spades.
P2 HAND: ADiamonds, QDiamonds, 4Diamonds, 7Clubs, JClubs, 4Clubs, 6Hearts, 3Hearts, KSpades, JSpades.
P3 HAND: KDiamonds, 3Diamonds, 2Clubs, JHearts, 5Hearts, 2Hearts, ASpades, 7Spades, 3Spades, 2Spades.
P2 3Hearts P3 2Hearts P0 4Hearts P1 AHearts 
P1 AClubs P2 4Clubs P3 2Clubs P0 5Clubs 
P1 3Clubs P2 JClubs P3 2Spades P0 QClubs 
P2 6Hearts P3 5Hearts P0 QHearts P1 7Hearts 
P1 5Spades P2 JSpades P3 ASpades P0 4Spades 
P3 3Spades 
