-- GAME --
P0 HAND: 7Diamonds, KDiamonds, JDiamonds, 3Diamonds, KHearts, 2Hearts, 7Spades, QSpades, 6Spades, 5Spades.
P1 HAND: QDiamonds, 2Diamonds, KClubs, JClubs, 6Clubs, 4Clubs, 3Clubs, AHearts, 4Hearts, JSpades.
P2 HAND: ADiamonds, 5Diamonds, 4Diamonds, AClubs, 5Clubs, JHearts, QHearts, 5Hearts, 4Spades, 2Spades.
P3 HAND: 6Diamonds, 7Clubs, QClubs, 2Clubs, 7Hearts, 6Hearts, 3Hearts, ASpades, KSpades, 3Spades.
P3 ASpades P0 7Spades P1 JSpades P2 2Spades 
P3 3Hearts P0 KHearts P1 AHearts P2 5Hearts 
P1 2Diamonds P2 ADiamonds P3 6Diamonds P0 7Diamonds 
P2 4Diamonds P3 3Spades P0 KDiamonds P1 QDiamonds 
P0 JDiamonds P1 4Hearts P2 5Diamonds P3 6Hearts 
P0 QSpades P1 3Clubs P2 4Spades P3 KSpades 
P1 4Clubs P2 5Clubs P3 2Clubs P0 6Spades 
P2 QHearts P3 7Hearts P0 2Hearts P1 6Clubs 
P1 JClubs P2 AClubs P3 QClubs P0 3Diamonds 
P2 JHearts P3 7Clubs P0 5Spades P1 KClubs 
-- /GAME --
P0 HAND: 7Diamonds, 7Clubs, QClubs, 3Clubs, 3Hearts, 7Spades, KSpades, 6Spades, 5Spades, 4Spades.
P1 HAND: QDiamonds, 6Diamonds, 5Diamonds, JClubs, 4Clubs, 2Clubs, 7Hearts, QHearts, 5Hearts, JSpades.
P2 HAND: ADiamonds, 3Diamonds, AClubs, KClubs, 6Clubs, 5Clubs, JHearts, 6Hearts, 2Hearts, 2Spades.
P3 HAND: KDiamonds, JDiamonds, 4Diamonds, 2Diamonds, AHearts, KHearts, 4Hearts, ASpades, QSpades, 3Spades.
P2 ADiamonds P3 2Diamonds P0 7Diamonds P1 5Diamonds 
P2 2Hearts P3 AHearts P0 3Hearts P1 7Hearts 
P3 ASpades P0 7Spades P1 JSpades P2 2Spades 
P3 3Spades P0 KSpades P1 5Hearts P2 JHearts 
P0 7Clubs P1 2Clubs P2 5Clubs P3 4Diamonds 
P0 QClubs P1 4Clubs P2 6Clubs P3 4Hearts 
P0 3Clubs P1 JClubs P2 KClubs P3 QSpades 
P2 3Diamonds P3 JDiamonds P0 6Spades P1 QDiamonds 
P3 KDiamonds P0 4Spades P1 6Diamonds P2 6Hearts 
P3 KHearts P0 5Spades P1 QHearts P2 AClubs 
-- /GAME --
P0 HAND: ADiamonds, QDiamonds, 6Diamonds, 4Diamonds, KClubs, 7Hearts, 2Hearts, KSpades, 6Spades, 2Spades.
P1 HAND: KDiamonds, JDiamonds, AClubs, JClubs, 6Clubs, 5Clubs, 4Clubs, 2Clubs, AHearts, 4Spades.
P2 HAND: 7Diamonds, 2Diamonds, QClubs, 3Clubs, 6Hearts, 5Hearts, 3Hearts, ASpades, JSpades, 5Spades.
P3 HAND: 5Diamonds, 3Diamonds, 7Clubs, KHearts, JHearts, QHearts, 4Hearts, 7Spades, QSpades, 3Spades.
P1 2Clubs P2 3Clubs P3 7Clubs P0 KClubs 
P3 3Diamonds P0 ADiamonds P1 JDiamonds P2 7Diamonds 
P0 QDiamonds P1 KDiamonds P2 2Diamonds P3 5Diamonds 
P1 4Clubs P2 QClubs P3 3Spades P0 KSpades 
P2 5Spades P3 QSpades P0 6Spades P1 4Spades 
P3 4Hearts P0 7Hearts P1 AHearts P2 3Hearts 
P1 5Clubs P2 5Hearts P3 QHearts P0 6Diamonds 
P3 JHearts P0 2Hearts P1 6Clubs P2 6Hearts 
P3 KHearts P0 4Diamonds P1 JClubs P2 JSpades 
P3 7Spades P0 2Spades P1 AClubs P2 ASpades 
-- /GAME --
P0 HAND: KDiamonds, 4Diamonds, 7Clubs, 4Clubs, 4Hearts, ASpades, 7Spades, 6Spades, 3Spades, 2Spades.
P1 HAND: ADiamonds, 7Diamonds, JDiamonds, 5Diamonds, 3Diamonds, KClubs, 3Clubs, 5Hearts, 3Hearts, 2Hearts.
P2 HAND: 6Diamonds, 2Diamonds, JClubs, 6Clubs, 5Clubs, 7Hearts, 6Hearts, KSpades, QSpades, 5Spades.
P3 HAND: QDiamonds, AClubs, QClubs, 2Clubs, AHearts, KHearts, JHearts, QHearts, JSpades, 4Spades.
P0 7Spades P1 2Hearts P2 5Spades P3 JSpades 
P1 3Diamonds P2 2Diamonds P3 QDiamonds P0 KDiamonds 
P0 ASpades P1 3Hearts P2 QSpades P3 4Spades 
P1 3Clubs P2 5Clubs P3 AClubs 
