-- GAME --
P0 HAND: 6Diamonds, 4Diamonds, KClubs, QClubs, 4Clubs, 7Hearts, ASpades, 7Spades, JSpades, 2Spades.
P1 HAND: KDiamonds, 5Diamonds, AClubs, 7Clubs, JClubs, KHearts, JHearts, KSpades, QSpades, 6Spades.
P2 HAND: JDiamonds, QDiamonds, 2Diamonds, 6Clubs, 2Clubs, QHearts, 6Hearts, 2Hearts, 4Spades, 3Spades.
P3 HAND: ADiamonds, 7Diamonds, 3Diamonds, 5Clubs, 3Clubs, AHearts, 5Hearts, 4Hearts, 3Hearts, 5Spades.
P0 ASpades P1 6Spades P2 4Spades P3 5Spades 
P0 7Hearts P1 JHearts P2 2Hearts P3 AHearts 
P3 3Clubs P0 KClubs P1 AClubs P2 2Clubs 
P1 QSpades P2 3Spades P3 3Hearts P0 7Spades 
P0 JSpades P1 KSpades P2 2Diamonds P3 3Diamonds 
P3 4Hearts P0 4Diamonds P1 KHearts P2 QHearts 
P0 QClubs P1 JClubs P2 6Clubs P3 5Clubs 
P1 5Diamonds P2 QDiamonds P3 7Diamonds P0 6Diamonds 
P3 5Hearts P0 4Clubs P1 KDiamonds P2 6Hearts 
P1 7Clubs P2 JDiamonds P3 ADiamonds P0 2Spades 
-- /GAME --
P0 HAND: QDiamonds, 3Diamonds, AClubs, 7Clubs, 3Clubs, 2Clubs, 7Hearts, KHearts, 3Hearts, 2Hearts.
P1 HAND: KDiamonds, 5Diamonds, 4Clubs, AHearts, JHearts, 5Hearts, 4Hearts, ASpades, QSpades, 2Spades.
P2 HAND: 7Diamonds, JDiamonds, 6Diamonds, KClubs, QHearts, 7Spades, KSpades, JSpades, 5Spades, 3Spades.
P3 HAND: ADiamonds, 4Diamonds, 2Diamonds, JClubs, QClubs, 6Clubs, 5Clubs, 6Hearts, 6Spades, 4Spades.
P3 ADiamonds P0 3Diamonds P1 KDiamonds P2 6Diamonds 
P3 2Diamonds P0 QDiamonds P1 5Diamonds P2 7Diamonds 
P2 QHearts P3 6Hearts P0 2Hearts P1 AHearts 
P1 4Clubs P2 KClubs P3 5Clubs P0 AClubs 
P0 7Clubs P1 2Spades P2 3Spades P3 6Clubs 
P2 JDiamonds P3 4Diamonds P0 2Clubs P1 4Hearts 
P2 5Spades P3 4Spades P0 3Clubs P1 QSpades 
P1 5Hearts P2 JSpades P3 QClubs P0 7Hearts 
P2 KSpades P3 6Spades P0 KHearts P1 ASpades 
P1 JHearts P2 7Spades P3 JClubs P0 3Hearts 
-- /GAME --
P0 HAND: KDiamonds, 6Diamonds, 3Diamonds, AClubs, 6Clubs, 4Clubs, QHearts, 5Hearts, 2Hearts, 2Spades.
P1 HAND: 4Diamonds, 2Diamonds, KClubs, AHearts, 7Hearts, JHearts, 4Hearts, 7Spades, QSpades, 3Spades.
P2 HAND: 7Diamonds, QDiamonds, 7Clubs, QClubs, 2Clubs, KHearts, ASpades, 6Spades, 5Spades, 4Spades.
P3 HAND: ADiamonds, JDiamonds, 5Diamonds, JClubs, 5Clubs, 3Clubs, 6Hearts, 3Hearts, KSpades, JSpades.
P2 ASpades P3 JSpades P0 2Spades P1 3Spades 
P2 2Clubs P3 3Clubs P0 AClubs P1 KClubs 
P0 KDiamonds P1 2Diamonds P2 QDiamonds P3 ADiamonds 
P3 5Diamonds P0 6Diamonds P1 4Diamonds P2 7Diamonds 
P2 4Spades P3 KSpades P0 2Hearts P1 QSpades 
P0 6Clubs P1 4Hearts P2 QClubs P3 JClubs 
P1 JHearts P2 KHearts P3 3Hearts P0 QHearts 
P2 5Spades P3 5Clubs P0 5Hearts P1 7Spades 
P0 3Diamonds P1 7Hearts P2 6Spades P3 JDiamonds 
P1 AHearts P2 7Clubs P3 6Hearts P0 4Clubs 
-- /GAME --
P0 HAND: JDiamonds, 5Diamonds, 4Diamonds, 7Clubs, 4Clubs, KHearts, JHearts, QHearts, 5Hearts, QSpades.
P1 HAND: 6Diamonds, 3Diamonds, 2Diamonds, AClubs, KClubs, JClubs, 6Clubs, 4Hearts, 2Hearts, 5Spades.
P2 HAND: QDiamonds, QClubs, AHearts, 6Hearts, ASpades, KSpades, JSpades, 6Spades, 4Spades, 2Spades.
P3 HAND: ADiamonds, 7Diamonds, KDiamonds, 5Clubs, 3Clubs, 2Clubs, 7Hearts, 3Hearts, 7Spades, 3Spades.
P1 2Diamonds P2 QDiamonds P3 ADiamonds P0 4Diamonds 
P3 3Hearts P0 5Hearts P1 2Hearts P2 AHearts 
P2 2Spades P3 3Spades P0 QSpades P1 5Spades 
P0 KHearts P1 4Hearts P2 6Hearts P3 7Hearts 
P3 2Clubs P0 7Clubs P1 AClubs P2 QClubs 
P1 3Diamonds P2 4Spades P3 7Diamonds P0 5Diamonds 
P3 3Clubs P0 4Clubs P1 6Clubs P2 6Spades 
P1 6Diamonds P2 JSpades P3 KDiamonds P0 JDiamonds 
P3 5Clubs P0 JHearts P1 JClubs P2 KSpades 
P1 KClubs P2 ASpades P3 7Spades P0 QHearts 
-- /GAME --
P0 HAND: 7Diamonds, QDiamonds, 3Diamonds, 2Diamonds, AClubs, 6Clubs, 7Hearts, QHearts, 3Hearts, 3Spades.
P1 HAND: JDiamonds, 6Diamonds, 4Diamonds, KClubs, 2Clubs, KHearts, 2Hearts, 7Spades, KSpades, 4Spades.
P2 HAND: ADiamonds, 7Clubs, JClubs, 5Clubs, 4Clubs, AHearts, JHearts, 5Hearts, 5Spades, 2Spades.
P3 HAND: KDiamonds, 5Diamonds, QClubs, 3Clubs, 6Hearts, 4Hearts, ASpades, JSpades, QSpades, 6Spades.
P2 ADiamonds P3 5Diamonds P0 7Diamonds P1 4Diamonds 
P2 AHearts P3 4Hearts P0 7Hearts P1 2Hearts 
P2 2Spades P3 ASpades P0 3Spades P1 7Spades 
P3 6Hearts P0 QHearts P1 KHearts P2 5Hearts 
P1 4Spades P2 5Spades P3 6Spades P0 3Hearts 
P3 QSpades P0 QDiamonds P1 KSpades P2 4Clubs 
P2 JHearts P3 3Clubs P0 6Clubs P1 6Diamonds 
P0 2Diamonds P1 JDiamonds P2 5Clubs P3 KDiamonds 
P2 JClubs P3 QClubs P0 AClubs P1 2Clubs 
P0 3Diamonds P1 KClubs P2 7Clubs P3 JSpades 
-- /GAME --
P0 HAND: ADiamonds, 7Diamonds, JDiamonds, QDiamonds, 4Diamonds, 3Diamonds, 2Clubs, 7Spades, JSpades, 5Spades.
P1 HAND: 2Diamonds, JClubs, 5Clubs, 7Hearts, KHearts, JHearts, 4Hearts, 3Hearts, 2Hearts, 4Spades.
P2 HAND: KDiamonds, 7Clubs, KClubs, 6Clubs, 4Clubs, AHearts, QHearts, 6Hearts, KSpades, 6Spades.
P3 HAND: 6Diamonds, 5Diamonds, AClubs, QClubs, 3Clubs, 5Hearts, ASpades, QSpades, 3Spades, 2Spades.
P1 2Diamonds P2 KDiamonds P3 5Diamonds P0 ADiamonds 
P0 5Spades P1 4Spades P2 6Spades P3 ASpades 
P3 2Spades P0 7Spades P1 5Clubs P2 KSpades 
P1 2Hearts P2 AHearts P3 5Hearts P0 7Diamonds 
P2 6Hearts P3 3Spades P0 3Diamonds P1 7Hearts 
P1 3Hearts P2 QHearts P3 6Diamonds P0 QDiamonds 
P2 4Clubs P3 3Clubs P0 2Clubs P1 JClubs 
P1 4Hearts P2 6Clubs P3 QSpades P0 JDiamonds 
P2 KClubs P3 QClubs P0 JSpades P1 JHearts 
P2 7Clubs P3 AClubs P0 4Diamonds P1 KHearts 
-- /GAME --
P0 HAND: 7Diamonds, KDiamonds, 6Diamonds, AClubs, 3Clubs, 7Hearts, QHearts, ASpades, 5Spades, 2Spades.
P1 HAND: JDiamonds, 3Diamonds, 6Clubs, 4Clubs, 2Clubs, KHearts, 6Hearts, 4Hearts, JSpades, 4Spades.
P2 HAND: QDiamonds, 5Diamonds, 2Diamonds, 7Clubs, QClubs, 5Clubs, AHearts, 5Hearts, 3Hearts, KSpades.
P3 HAND: ADiamonds, 4Diamonds, KClubs, JClubs, JHearts, 2Hearts, 7Spades, QSpades, 6Spades, 3Spades.
P0 AClubs P1 2Clubs P2 7Clubs P3 JClubs 
P0 3Clubs P1 4Clubs P2 5Clubs P3 KClubs 
P3 ADiamonds P0 6Diamonds P1 JDiamonds P2 2Diamonds 
P3 2Hearts P0 QHearts P1 4Hearts P2 AHearts 
P2 3Hearts P3 JHearts P0 7Hearts P1 6Hearts 
P0 7Diamonds P1 3Diamonds P2 QDiamonds P3 4Diamonds 
P0 ASpades P1 4Spades P2 KSpades P3 3Spades 
P0 KDiamonds P1 6Clubs P2 5Diamonds P3 6Spades 
P3 QSpades P0 5Spades P1 JSpades P2 5Hearts 
P1 KHearts P2 QClubs P3 7Spades P0 2Spades 
-- /GAME --
P0 HAND: JDiamonds, 3Diamonds, KClubs, 5Clubs, 3Clubs, AHearts, JHearts, ASpades, 6Spades, 5Spades.
P1 HAND: ADiamonds, JClubs, 6Clubs, 2Clubs, 7Hearts, 4Hearts, KSpades, JSpades, 3Spades, 2Spades.
P2 HAND: KDiamonds, 5Diamonds, 4Diamonds, AClubs, QClubs, 4Clubs, QHearts, 6Hearts, 3Hearts, 7Spades.
P3 HAND: 7Diamonds, QDiamonds, 6Diamonds, 2Diamonds, 7Clubs, KHearts, 5Hearts, 2Hearts, QSpades, 4Spades.
P3 2Diamonds 
