-- GAME --
P0 HAND: 7Diamonds, 2Diamonds, 7Clubs, 3Clubs, AHearts, QHearts, 6Hearts, ASpades, 6Spades, 5Spades.
P1 HAND: KDiamonds, KClubs, QClubs, 5Clubs, 2Clubs, KHearts, 3Hearts, 7Spades, JSpades, QSpades.
P2 HAND: JDiamonds, 6Diamonds, 5Diamonds, 4Diamonds, JClubs, 6Clubs, 7Hearts, 4Spades, 3Spades, 2Spades.
P3 HAND: ADiamonds, QDiamonds, 3Diamonds, AClubs, 4Clubs, JHearts, 5Hearts, 4Hearts, 2Hearts, KSpades.
P1 2Clubs P2 6Clubs P3 AClubs P0 7Clubs 
P3 ADiamonds P0 2Diamonds P1 KDiamonds P2 4Diamonds 
P3 2Hearts P0 AHearts P1 3Hearts P2 7Hearts 
P0 7Diamonds P1 QSpades P2 5Diamonds P3 QDiamonds 
P1 5Clubs P2 JClubs P3 4Clubs P0 3Clubs 
P2 6Diamonds P3 3Diamonds P0 5Spades P1 QClubs 
P0 QHearts P1 KHearts P2 2Spades P3 4Hearts 
P2 JDiamonds P3 5Hearts P0 6Spades P1 JSpades 
P1 7Spades P2 3Spades P3 KSpades P0 ASpades 
P0 6Hearts P1 KClubs P2 4Spades P3 JHearts 
-- /GAME --
P0 HAND: QDiamonds, 6Diamonds, 2Diamonds, KClubs, 6Clubs, 5Clubs, 2Clubs, 5Hearts, ASpades, 7Spades.
P1 HAND: ADiamonds, 3Diamonds, JClubs, 3Clubs, AHearts, JHearts, QHearts, 2Hearts, 4Spades, 3Spades.
P2 HAND: 7Diamonds, JDiamonds, 4Diamonds, 7Clubs, QClubs, 4Clubs, KHearts, 3Hearts, JSpades, QSpades.
P3 HAND: KDiamonds, 5Diamonds, AClubs, 7Hearts, 6Hearts, 4Hearts, KSpades, 6Spades, 5Spades, 2Spades.
P0 5Hearts P1 AHearts P2 3Hearts P3 7Hearts 
P1 ADiamonds P2 4Diamonds P3 KDiamonds P0 2Diamonds 
P1 2Hearts P2 KHearts P3 4Hearts P0 KClubs 
P2 4Clubs P3 AClubs P0 2Clubs P1 JClubs 
P3 5Diamonds P0 QDiamonds P1 3Diamonds P2 7Diamonds 
P2 QClubs P3 6Hearts P0 5Clubs P1 3Clubs 
P2 JDiamonds P3 2Spades P0 6Diamonds P1 JHearts 
P3 5Spades P0 7Spades P1 3Spades P2 QSpades 
P0 6Clubs P1 QHearts P2 7Clubs P3 6Spades 
P3 KSpades P0 ASpades P1 4Spades P2 JSpades 
-- /GAME --
P0 HAND: 5Diamonds, 4Diamonds, AClubs, QClubs, 7Hearts, KHearts, JHearts, 6Hearts, QSpades, 5Spades.
P1 HAND: ADiamonds, 3Diamonds, JClubs, 4Clubs, 3Clubs, 2Clubs, AHearts, 3Hearts, 4Spades, 3Spades.
P2 HAND: KDiamonds, JDiamonds, QDiamonds, 6Diamonds, 6Clubs, 2Hearts, ASpades, JSpades, 6Spades, 2Spades.
P3 HAND: 7Diamonds, 2Diamonds, 7Clubs, KClubs, 5Clubs, QHearts, 5Hearts, 4Hearts, 7Spades, KSpades.
P3 4Hearts P0 6Hearts P1 AHearts P2 2Hearts 
P1 2Clubs P2 6Clubs P3 5Clubs P0 AClubs 
P0 QClubs P1 3Clubs P2 2Spades P3 7Clubs 
P3 5Hearts P0 7Hearts P1 3Hearts P2 ASpades 
P0 5Spades P1 3Spades P2 6Spades P3 7Spades 
P3 QHearts P0 KHearts P1 3Diamonds P2 6Diamonds 
P2 JSpades P3 KSpades P0 QSpades P1 4Spades 
P3 2Diamonds P0 5Diamonds P1 ADiamonds P2 QDiamonds 
P1 4Clubs P2 JDiamonds P3 KClubs P0 JHearts 
P2 KDiamonds P3 7Diamonds P0 4Diamonds P1 JClubs 
-- /GAME --
P0 HAND: KDiamonds, 6Diamonds, AClubs, QClubs, 6Hearts, 5Hearts, 3Hearts, JSpades, QSpades, 6Spades.
P1 HAND: ADiamonds, 7Diamonds, JDiamonds, 3Diamonds, 6Clubs, 3Clubs, 2Clubs, ASpades, 3Spades, 2Spades.
P2 HAND: 5Diamonds, 7Clubs, AHearts, KHearts, JHearts, QHearts, 4Hearts, 7Spades, KSpades, 4Spades.
P3 HAND: QDiamonds, 4Diamonds, 2Diamonds, KClubs, JClubs, 5Clubs, 4Clubs, 7Hearts, 2Hearts, 5Spades.
P2 4Hearts P3 2Hearts P0 6Hearts P1 2Spades 
P0 6Spades P1 ASpades P2 4Spades P3 5Spades 
P1 ADiamonds P2 5Diamonds P3 QDiamonds P0 6Diamonds 
P1 3Diamonds P2 QHearts P3 2Diamonds P0 KDiamonds 
P0 3Hearts P1 3Spades P2 AHearts P3 7Hearts 
P2 JHearts P3 4Diamonds P0 5Hearts P1 2Clubs 
P1 JDiamonds P2 7Clubs P3 4Clubs P0 JSpades 
P2 KHearts P3 5Clubs P0 QClubs P1 7Diamonds 
P0 AClubs P1 3Clubs P2 7Spades P3 JClubs 
P0 QSpades P1 6Clubs P2 KSpades P3 KClubs 
-- /GAME --
P0 HAND: 7Diamonds, 6Diamonds, 4Diamonds, JClubs, 5Clubs, KHearts, QHearts, 5Hearts, 3Hearts, 5Spades.
P1 HAND: KDiamonds, JDiamonds, QDiamonds, 5Diamonds, 4Clubs, 3Clubs, 7Hearts, JHearts, 7Spades, JSpades.
P2 HAND: 2Diamonds, 7Clubs, 6Clubs, 2Clubs, 6Hearts, 2Hearts, ASpades, QSpades, 4Spades, 2Spades.
P3 HAND: ADiamonds, 3Diamonds, AClubs, KClubs, QClubs, AHearts, 4Hearts, KSpades, 6Spades, 3Spades.
P1 3Clubs P2 2Clubs P3 AClubs P0 5Clubs 
P3 ADiamonds P0 4Diamonds P1 KDiamonds P2 2Diamonds 
P3 3Diamonds P0 7Diamonds P1 5Diamonds P2 ASpades 
P0 6Diamonds P1 QDiamonds P2 2Spades P3 KClubs 
P1 7Spades P2 4Spades P3 KSpades P0 5Spades 
P1 4Clubs P2 6Clubs P3 QClubs P0 JClubs 
P0 5Hearts P1 JHearts P2 2Hearts P3 4Hearts 
P1 JDiamonds P2 QSpades P3 AHearts P0 3Hearts 
P3 3Spades P0 KHearts P1 JSpades P2 7Clubs 
P0 QHearts P1 7Hearts P2 6Hearts P3 6Spades 
-- /GAME --
P0 HAND: KDiamonds, 6Diamonds, 4Diamonds, 6Clubs, 4Clubs, 7Hearts, ASpades, 6Spades, 3Spades, 2Spades.
P1 HAND: 7Diamonds, 3Diamonds, 2Diamonds, KClubs, 2Clubs, JHearts, 3Hearts, 7Spades, JSpades, QSpades.
P2 HAND: ADiamonds, JDiamonds, QDiamonds, 5Diamonds, QClubs, 3Clubs, 4Hearts, 2Hearts, KSpades, 5Spades.
P3 HAND: AClubs, 7Clubs, JClubs, 5Clubs, AHearts, KHearts, QHearts, 6Hearts, 5Hearts, 4Spades.
P0 ASpades P1 QSpades P2 KSpades P3 4Spades 
P0 6Clubs P1 2Clubs P2 3Clubs P3 AClubs 
P3 5Clubs P0 4Clubs P1 KClubs P2 QClubs 
P1 2Diamonds P2 ADiamonds P3 5Hearts P0 KDiamonds 
P3 JClubs P0 7Hearts P1 3Diamonds P2 JDiamonds 
P0 2Spades P1 JSpades P2 5Spades P3 7Clubs 
P1 3Hearts P2 2Hearts P3 6Hearts P0 6Spades 
P3 QHearts P0 4Diamonds P1 JHearts P2 4Hearts 
P1 7Diamonds P2 5Diamonds P3 KHearts P0 6Diamonds 
P3 AHearts P0 3Spades P1 7Spades P2 QDiamonds 
-- /GAME --
P0 HAND: 7Diamonds, 6Diamonds, 3Clubs, 2Clubs, AHearts, 6Hearts, ASpades, KSpades, 3Spades, 2Spades.
P1 HAND: ADiamonds, QDiamonds, 2Diamonds, JClubs, 4Clubs, 7Hearts, JHearts, QHearts, 5Hearts, 3Hearts.
P2 HAND: KDiamonds, JDiamonds, 4Diamonds, 6Clubs, 4Hearts, 7Spades, JSpades, QSpades, 6Spades, 5Spades.
P3 HAND: 5Diamonds, 3Diamonds, AClubs, 7Clubs, KClubs, QClubs, 5Clubs, KHearts, 2Hearts, 4Spades.
P0 ASpades P1 3Hearts P2 5Spades P3 4Spades 
P1 ADiamonds P2 4Diamonds P3 5Diamonds P0 6Diamonds 
P1 2Diamonds P2 JDiamonds P3 3Diamonds P0 7Diamonds 

