-- GAME --
P0 HAND: 7Diamonds, 6Diamonds, AClubs, 2Clubs, 7Hearts, JHearts, 4Hearts, 7Spades, KSpades, 4Spades.
P1 HAND: KDiamonds, 5Diamonds, 4Diamonds, 3Diamonds, 5Clubs, 3Clubs, AHearts, QHearts, 3Hearts, 2Spades.
P2 HAND: ADiamonds, JDiamonds, QDiamonds, 2Diamonds, KClubs, 6Clubs, 6Hearts, 6Spades, 5Spades, 3Spades.
P3 HAND: 7Clubs, JClubs, QClubs, 4Clubs, KHearts, 5Hearts, 2Hearts, ASpades, JSpades, QSpades.
P1 2Spades P2 3Spades P3 ASpades P0 4Spades 
P3 4Clubs P0 AClubs P1 3Clubs P2 KClubs 
P0 2Clubs P1 5Clubs P2 6Clubs P3 7Clubs 
P3 QClubs P0 4Hearts P1 3Diamonds P2 ADiamonds 
P0 7Diamonds P1 4Diamonds P2 JDiamonds P3 2Hearts 
P3 QSpades P0 7Spades P1 3Hearts P2 5Spades 
P1 5Diamonds P2 2Diamonds P3 5Hearts P0 6Diamonds 
P3 JClubs P0 7Hearts P1 AHearts P2 6Spades 
P1 QHearts P2 6Hearts P3 KHearts P0 JHearts 
P3 JSpades P0 KSpades P1 KDiamonds P2 QDiamonds 
-- /GAME --
P0 HAND: KDiamonds, JDiamonds, KClubs, 5Clubs, KHearts, QHearts, 4Hearts, 2Hearts, 6Spades, 2Spades.
P1 HAND: 6Diamonds, 5Diamonds, 4Diamonds, 2Diamonds, 7Clubs, 4Clubs, 2Clubs, KSpades, JSpades, 5Spades.
P2 HAND: 3Diamonds, AClubs, JClubs, QClubs, 3Clubs, AHearts, 7Hearts, JHearts, 6Hearts, QSpades.
P3 HAND: ADiamonds, 7Diamonds, QDiamonds, 6Clubs, 5Hearts, 3Hearts, ASpades, 7Spades, 4Spades, 3Spades.
P0 2Spades P1 5Spades P2 QSpades P3 ASpades 
P3 3Hearts P0 2Hearts P1 2Clubs P2 AHearts 
P2 3Clubs P3 6Clubs P0 5Clubs P1 7Clubs 
P1 4Clubs P2 QClubs P3 3Spades P0 KClubs 
P0 6Spades P1 JSpades P2 6Hearts P3 7Spades 
P3 4Spades P0 JDiamonds P1 KSpades P2 AClubs 
P0 4Hearts P1 2Diamonds P2 JHearts P3 5Hearts 
P1 4Diamonds P2 3Diamonds P3 QDiamonds P0 KDiamonds 
P0 QHearts P1 5Diamonds P2 7Hearts P3 7Diamonds 
P3 ADiamonds P0 KHearts P1 6Diamonds P2 JClubs 
-- /GAME --
P0 HAND: JDiamonds, 6Diamonds, 5Diamonds, KClubs, 5Clubs, 4Clubs, 6Hearts, 4Hearts, 2Hearts, 2Spades.
P1 HAND: 4Diamonds, JClubs, 6Clubs, 2Clubs, 7Hearts, KHearts, QHearts, ASpades, JSpades, 6Spades.
P2 HAND: KDiamonds, 3Diamonds, 2Diamonds, 7Clubs, 3Clubs, JHearts, 5Hearts, KSpades, QSpades, 4Spades.
P3 HAND: ADiamonds, 7Diamonds, QDiamonds, AClubs, QClubs, AHearts, 3Hearts, 7Spades, 5Spades, 3Spades.
P3 AClubs P0 5Clubs P1 JClubs P2 3Clubs 
P3 AHearts P0 2Hearts P1 7Hearts P2 5Hearts 
P3 3Hearts P0 4Hearts P1 KHearts P2 JHearts 
P1 ASpades P2 4Spades P3 7Spades P0 2Spades 
P1 2Clubs P2 7Clubs P3 QClubs P0 KClubs 
P2 QSpades P3 3Spades P0 4Clubs P1 JSpades 
P1 6Clubs P2 2Diamonds P3 5Spades P0 6Hearts 
P2 3Diamonds P3 QDiamonds P0 JDiamonds P1 4Diamonds 
P0 6Diamonds P1 6Spades P2 KDiamonds P3 7Diamonds 
P3 ADiamonds P0 5Diamonds P1 QHearts P2 KSpades 
-- /GAME --

