-- GAME --
P0 HAND: 7Diamonds, KDiamonds, 3Diamonds, 7Clubs, 2Clubs, QHearts, 5Hearts, 3Hearts, 6Spades, 4Spades.
P1 HAND: ADiamonds, QDiamonds, 4Diamonds, 2Diamonds, KClubs, JClubs, 7Hearts, KHearts, 6Hearts, 3Spades.
P2 HAND: 6Diamonds, 5Diamonds, QClubs, 6Clubs, 4Hearts, ASpades, KSpades, JSpades, QSpades, 2Spades.
P3 HAND: JDiamonds, AClubs, 5Clubs, 4Clubs, 3Clubs, AHearts, JHearts, 2Hearts, 7Spades, 5Spades.
P1 ADiamonds P2 5Diamonds P3 JDiamonds P0 3Diamonds 
P1 2Diamonds P2 6Diamonds P3 2Hearts P0 7Diamonds 
P0 6Spades P1 3Spades P2 ASpades P3 5Spades 
P2 2Spades P3 7Spades P0 4Spades P1 7Hearts 
P3 AHearts P0 3Hearts P1 KHearts P2 4Hearts 
P3 JHearts P0 QHearts P1 6Hearts P2 6Clubs 
P2 QSpades P3 3Clubs P0 5Hearts P1 QDiamonds 
P3 4Clubs P0 2Clubs P1 JClubs P2 QClubs 
P1 4Diamonds P2 JSpades P3 5Clubs P0 KDiamonds 
P3 AClubs P0 7Clubs P1 KClubs P2 KSpades 
-- /GAME --
P0 HAND: 5Diamonds, 4Diamonds, 2Diamonds, 7Clubs, QHearts, 6Hearts, 2Hearts, ASpades, JSpades, 6Spades.
P1 HAND: ADiamonds, 7Diamonds, KDiamonds, AClubs, KClubs, 6Clubs, 4Clubs, 5Hearts, 4Hearts, 2Spades.
P2 HAND: JDiamonds, QDiamonds, 6Diamonds, 2Clubs, AHearts, 7Spades, QSpades, 5Spades, 4Spades, 3Spades.
P3 HAND: 3Diamonds, JClubs, QClubs, 5Clubs, 3Clubs, 7Hearts, KHearts, JHearts, 3Hearts, KSpades.
P0 ASpades P1 2Spades P2 7Spades P3 KSpades 
P0 JSpades P1 4Clubs P2 3Spades P3 3Diamonds 
P0 6Spades P1 6Clubs P2 4Spades P3 3Clubs 
P0 6Hearts P1 4Hearts P2 AHearts P3 3Hearts 
P2 2Clubs P3 5Clubs P0 7Clubs P1 AClubs 
P1 ADiamonds P2 6Diamonds P3 JClubs P0 2Diamonds 
P1 5Hearts P2 5Spades P3 JHearts P0 2Hearts 
P3 QClubs P0 4Diamonds P1 KClubs P2 QDiamonds 
P1 KDiamonds P2 JDiamonds P3 KHearts P0 5Diamonds 
P3 7Hearts P0 QHearts P1 7Diamonds P2 QSpades 
-- /GAME --
P0 HAND: 7Diamonds, KDiamonds, 6Diamonds, 4Diamonds, 2Diamonds, 7Clubs, 3Clubs, KHearts, JHearts, 6Hearts.
P1 HAND: QDiamonds, 5Diamonds, 4Clubs, 2Clubs, 5Hearts, 4Hearts, 2Hearts, QSpades, 3Spades, 2Spades.
P2 HAND: ADiamonds, JDiamonds, 5Clubs, AHearts, 7Hearts, QHearts, 3Hearts, 7Spades, 6Spades, 4Spades.
P3 HAND: 3Diamonds, AClubs, KClubs, JClubs, QClubs, 6Clubs, ASpades, KSpades, JSpades, 5Spades.
P3 3Diamonds P0 2Diamonds P1 5Diamonds P2 ADiamonds 
P2 4Spades P3 ASpades P0 KHearts P1 2Spades 
P0 6Diamonds P1 QDiamonds P2 JDiamonds P3 5Spades 
P2 5Clubs P3 AClubs P0 3Clubs P1 4Clubs 
P3 6Clubs P0 7Clubs P1 2Clubs P2 7Spades 
P0 JHearts P1 2Hearts P2 3Hearts P3 QClubs 
P0 6Hearts P1 4Hearts P2 QHearts P3 JClubs 
P2 6Spades P3 JSpades P0 4Diamonds P1 QSpades 
P3 KClubs P0 KDiamonds P1 5Hearts P2 7Hearts 
P2 AHearts P3 KSpades P0 7Diamonds P1 3Spades 
-- /GAME --
P0 HAND: 7Diamonds, AClubs, 6Clubs, 7Hearts, 6Hearts, ASpades, 7Spades, KSpades, 4Spades, 2Spades.
P1 HAND: JDiamonds, 5Diamonds, 4Diamonds, 3Diamonds, 7Clubs, 3Clubs, JHearts, QHearts, 4Hearts, 2Hearts.
P2 HAND: ADiamonds, QDiamonds, 6Diamonds, 2Diamonds, KClubs, 5Clubs, 5Hearts, 3Hearts, JSpades, QSpades.
P3 HAND: KDiamonds, JClubs, QClubs, 4Clubs, 2Clubs, AHearts, KHearts, 6Spades, 5Spades, 3Spades.
P2 ADiamonds P3 KDiamonds P0 7Diamonds P1 3Diamonds 
P2 2Diamonds P3 2Clubs P0 6Clubs P1 JDiamonds 
P1 3Clubs P2 5Clubs P3 4Clubs P0 AClubs 
P0 ASpades P1 2Hearts P2 QSpades P3 6Spades 
P1 4Diamonds P2 6Diamonds P3 3Spades P0 7Spades 
P2 QDiamonds P3 5Spades P0 4Spades P1 5Diamonds 
P2 JSpades P3 QClubs P0 2Spades P1 4Hearts 
P1 QHearts P2 3Hearts P3 KHearts P0 7Hearts 
P0 KSpades P1 JHearts P2 KClubs P3 JClubs 
P1 7Clubs P2 5Hearts P3 AHearts P0 6Hearts 
-- /GAME --
P0 HAND: ADiamonds, KDiamonds, QDiamonds, 4Diamonds, 3Diamonds, QClubs, 5Clubs, AHearts, 4Hearts, QSpades.
P1 HAND: 2Diamonds, AClubs, JClubs, 4Clubs, 3Clubs, JHearts, QHearts, 6Hearts, JSpades, 4Spades.
P2 HAND: 6Diamonds, 5Diamonds, 7Clubs, KClubs, 7Hearts, KHearts, 5Hearts, 7Spades, 3Spades, 2Spades.
P3 HAND: 7Diamonds, JDiamonds, 6Clubs, 2Clubs, 3Hearts, 2Hearts, ASpades, KSpades, 6Spades, 5Spades.
P1 AClubs P2 KClubs P3 6Clubs P0 5Clubs 
P1 3Clubs P2 7Clubs P3 2Clubs P0 QClubs 
P2 2Spades P3 ASpades P0 QSpades P1 JSpades 
P3 2Hearts P0 AHearts P1 6Hearts P2 7Hearts 
P0 3Diamonds P1 2Diamonds P2 5Diamonds P3 JDiamonds 
P3 3Hearts P0 4Hearts P1 QHearts P2 KHearts 
P2 3Spades P3 5Spades P0 QDiamonds P1 4Spades 
P0 ADiamonds P1 4Clubs P2 6Diamonds P3 7Diamonds 
P0 KDiamonds P1 JClubs P2 5Hearts P3 6Spades 
P0 4Diamonds P1 JHearts P2 7Spades P3 KSpades 
-- /GAME --
P0 HAND: KDiamonds, JDiamonds, QDiamonds, AHearts, JHearts, QHearts, 2Hearts, QSpades, 6Spades, 2Spades.
P1 HAND: 6Diamonds, 5Diamonds, 3Diamonds, AClubs, 7Clubs, JClubs, 6Clubs, 5Clubs, 2Clubs, 7Hearts.
P2 HAND: 7Diamonds, 4Diamonds, 2Diamonds, KClubs, 6Hearts, 5Hearts, ASpades, 7Spades, KSpades, 3Spades.
P3 HAND: ADiamonds, QClubs, 4Clubs, 3Clubs, KHearts, 4Hearts, 3Hearts, JSpades, 5Spades, 4Spades.
P1 2Clubs P2 KClubs P3 3Clubs 
