-- GAME --
P0 HAND: JDiamonds, AClubs, KClubs, 6Clubs, 5Clubs, KHearts, QHearts, 2Hearts, KSpades, 5Spades.
P1 HAND: 7Diamonds, QDiamonds, 3Diamonds, 2Diamonds, 3Clubs, AHearts, 6Hearts, 6Spades, 3Spades, 2Spades.
P2 HAND: 6Diamonds, 4Diamonds, QClubs, 4Clubs, 2Clubs, 7Hearts, JHearts, 5Hearts, 4Hearts, 4Spades.
P3 HAND: ADiamonds, KDiamonds, 5Diamonds, 7Clubs, JClubs, 3Hearts, ASpades, 7Spades, JSpades, QSpades.
P1 AHearts P2 4Hearts P3 3Hearts P0 2Hearts 
P1 2Spades P2 4Spades P3 ASpades P0 5Spades 
P3 QSpades P0 KSpades P1 3Spades P2 7Hearts 
P0 AClubs P1 3Clubs P2 QClubs P3 JClubs 
P0 5Clubs P1 6Hearts P2 2Clubs P3 7Clubs 
P3 JSpades P0 JDiamonds P1 6Spades P2 JHearts 
P0 KClubs P1 2Diamonds P2 4Clubs P3 7Spades 
P1 3Diamonds P2 4Diamonds P3 5Diamonds P0 QHearts 
P3 KDiamonds P0 6Clubs P1 QDiamonds P2 6Diamonds 
P3 ADiamonds P0 KHearts P1 7Diamonds P2 5Hearts 
-- /GAME --
P0 HAND: ADiamonds, JDiamonds, 2Diamonds, 6Clubs, 4Clubs, 3Clubs, QHearts, 2Hearts, 7Spades, 6Spades.
P1 HAND: QDiamonds, 6Diamonds, 4Diamonds, 3Diamonds, JClubs, 7Hearts, JHearts, 6Hearts, ASpades, 3Spades.
P2 HAND: 7Clubs, KClubs, 2Clubs, AHearts, 5Hearts, 4Hearts, KSpades, QSpades, 4Spades, 2Spades.
P3 HAND: 7Diamonds, KDiamonds, 5Diamonds, AClubs, QClubs, 5Clubs, KHearts, 3Hearts, JSpades, 5Spades.
P0 ADiamonds P1 3Diamonds P2 AHearts P3 5Diamonds 
P0 2Diamonds P1 4Diamonds P2 2Clubs P3 7Diamonds 
P3 AClubs P0 3Clubs P1 JClubs P2 KClubs 
P3 3Hearts P0 2Hearts P1 7Hearts P2 4Hearts 
P1 6Diamonds P2 5Hearts P3 KDiamonds P0 JDiamonds 
P3 5Clubs P0 4Clubs P1 6Hearts P2 7Clubs 
P2 2Spades P3 5Spades P0 6Spades P1 3Spades 
P0 QHearts P1 JHearts P2 4Spades P3 KHearts 
P2 QSpades P3 JSpades P0 7Spades P1 ASpades 
P1 QDiamonds P2 KSpades P3 QClubs P0 6Clubs 
-- /GAME --
P0 HAND: ADiamonds, QDiamonds, 4Diamonds, KClubs, 2Clubs, AHearts, QHearts, 5Hearts, JSpades, 3Spades.
P1 HAND: 6Diamonds, 2Diamonds, QClubs, 4Clubs, 7Hearts, KHearts, 6Hearts, 3Hearts, 6Spades, 2Spades.
P2 HAND: 7Diamonds, AClubs, JClubs, 6Clubs, 5Clubs, 3Clubs, JHearts, 4Hearts, KSpades, QSpades.
P3 HAND: KDiamonds, JDiamonds, 5Diamonds, 3Diamonds, 7Clubs, 2Hearts, ASpades, 7Spades, 5Spades, 4Spades.
P3 ASpades P0 3Spades P1 6Spades P2 QSpades 
P3 2Hearts P0 AHearts P1 3Hearts P2 JHearts 
P0 ADiamonds P1 2Diamonds P2 7Diamonds P3 3Diamonds 
P0 4Diamonds P1 6Diamonds P2 4Hearts P3 KDiamonds 
P3 4Spades P0 JSpades P1 2Spades P2 KSpades 
P2 3Clubs P3 7Clubs P0 2Clubs P1 4Clubs 
P3 5Diamonds P0 QDiamonds P1 6Hearts P2 5Clubs 
P2 6Clubs P3 5Spades P0 KClubs P1 QClubs 
P0 5Hearts P1 KHearts P2 JClubs P3 JDiamonds 
P2 AClubs P3 7Spades P0 QHearts P1 7Hearts 
-- /GAME --
P0 HAND: QDiamonds, 6Diamonds, 3Diamonds, 4Clubs, 7Hearts, KHearts, JHearts, 5Hearts, 5Spades, 2Spades.
P1 HAND: ADiamonds, 7Diamonds, 5Diamonds, 4Diamonds, KClubs, JClubs, 6Hearts, 2Hearts, JSpades, 4Spades.
P2 HAND: JDiamonds, AClubs, QClubs, 6Clubs, 3Clubs, QHearts, 4Hearts, 3Hearts, KSpades, QSpades.
P3 HAND: KDiamonds, 2Diamonds, 7Clubs, 5Clubs, 2Clubs, AHearts, ASpades, 7Spades, 6Spades, 3Spades.

