-- GAME --
P0 HAND: ADiamonds, KDiamonds, 6Clubs, 4Clubs, 7Hearts, QHearts, 6Hearts, 2Hearts, 7Spades, QSpades.
P1 HAND: QDiamonds, 2Diamonds, 7Clubs, KClubs, 5Clubs, 3Clubs, KHearts, 4Hearts, ASpades, 6Spades.
P2 HAND: 7Diamonds, JDiamonds, 4Diamonds, 3Diamonds, AClubs, 2Clubs, AHearts, KSpades, 5Spades, 3Spades.
P3 HAND: 6Diamonds, 5Diamonds, JClubs, QClubs, JHearts, 5Hearts, 3Hearts, JSpades, 4Spades, 2Spades.
P3 3Hearts P0 2Hearts P1 4Hearts P2 AHearts 
P2 AClubs P3 QClubs P0 6Clubs P1 3Clubs 
P2 2Clubs P3 JClubs P0 4Clubs P1 7Clubs 
P1 2Diamonds P2 3Diamonds P3 5Diamonds P0 KDiamonds 
P0 ADiamonds P1 QDiamonds P2 4Diamonds P3 6Diamonds 
P0 QHearts P1 KHearts P2 3Spades P3 5Hearts 
P2 JDiamonds P3 2Spades P0 QSpades P1 ASpades 
P1 5Clubs P2 5Spades P3 4Spades P0 7Hearts 
P2 KSpades P3 JSpades P0 7Spades P1 6Spades 
P0 6Hearts P1 KClubs P2 7Diamonds P3 JHearts 
-- /GAME --
P0 HAND: ADiamonds, KClubs, 4Clubs, KHearts, JHearts, 5Hearts, 2Hearts, ASpades, KSpades, 5Spades.
P1 HAND: 5Diamonds, 3Diamonds, 7Clubs, JClubs, 5Clubs, 2Clubs, 4Hearts, QSpades, 4Spades, 2Spades.
P2 HAND: KDiamonds, 6Diamonds, 4Diamonds, 2Diamonds, AClubs, 6Clubs, 3Clubs, AHearts, QHearts, 3Hearts.
P3 HAND: 7Diamonds, JDiamonds, QDiamonds, QClubs, 7Hearts, 6Hearts, 7Spades, JSpades, 6Spades, 3Spades.
P2 AHearts P3 6Hearts P0 5Hearts P1 4Hearts 
P2 2Diamonds P3 QDiamonds P0 ADiamonds P1 3Diamonds 
P0 KHearts P1 2Spades P2 3Hearts P3 7Hearts 
P3 3Spades P0 KSpades P1 4Spades P2 KDiamonds 
P0 KClubs P1 2Clubs P2 3Clubs P3 QClubs 
P0 4Clubs P1 5Clubs P2 6Clubs P3 6Spades 
P2 4Diamonds P3 JDiamonds P0 JHearts P1 5Diamonds 
P3 JSpades P0 ASpades P1 QSpades P2 QHearts 
P0 5Spades P1 JClubs P2 6Diamonds P3 7Spades 
P1 7Clubs P2 AClubs P3 7Diamonds P0 2Hearts 
-- /GAME --
P0 HAND: KDiamonds, KClubs, 7Hearts, 5Hearts, 2Hearts, 7Spades, JSpades, 5Spades, 4Spades, 2Spades.
P1 HAND: ADiamonds, 6Diamonds, 7Clubs, JClubs, 4Clubs, KHearts, JHearts, QHearts, ASpades, 6Spades.
P2 HAND: 7Diamonds, 4Diamonds, 3Diamonds, AClubs, 2Clubs, AHearts, 6Hearts, 4Hearts, 3Hearts, 3Spades.
P3 HAND: JDiamonds, QDiamonds, 5Diamonds, 2Diamonds, QClubs, 6Clubs, 5Clubs, 3Clubs, KSpades, QSpades.
P1 ASpades P2 3Spades P3 KSpades P0 2Spades 
P1 4Clubs P2 AClubs P3 3Clubs P0 KClubs 
P2 AHearts P3 2Diamonds P0 2Hearts P1 KHearts 
P3 5Clubs P0 KDiamonds P1 JClubs P2 2Clubs 
P0 7Spades P1 6Spades P2 6Hearts P3 QSpades 
P0 JSpades P1 QHearts P2 4Hearts P3 5Diamonds 
P3 6Clubs P0 5Spades P1 7Clubs P2 3Diamonds 
P2 3Hearts P3 QClubs P0 7Hearts P1 JHearts 
P0 5Hearts P1 6Diamonds P2 4Diamonds P3 QDiamonds 
P3 JDiamonds P0 4Spades P1 ADiamonds P2 7Diamonds 
-- /GAME --
P0 HAND: KDiamonds, 6Diamonds, 7Hearts, KHearts, JHearts, 3Hearts, 2Hearts, 7Spades, JSpades, 3Spades.
P1 HAND: JDiamonds, 5Diamonds, 7Clubs, QClubs, 4Clubs, QHearts, 6Hearts, 5Hearts, ASpades, KSpades.
P2 HAND: 7Diamonds, 2Diamonds, AClubs, KClubs, 6Clubs, 3Clubs, AHearts, QSpades, 6Spades, 4Spades.
P3 HAND: ADiamonds, QDiamonds, 4Diamonds, 3Diamonds, JClubs, 5Clubs, 2Clubs, 4Hearts, 5Spades, 2Spades.
P0 2Hearts P1 5Hearts P2 AHearts P3 4Hearts 
P2 AClubs P3 2Clubs P0 7Spades P1 4Clubs 
P2 3Clubs P3 5Clubs P0 3Spades P1 7Clubs 
P1 ASpades P2 4Spades P3 5Spades P0 JSpades 
P1 6Hearts P2 6Clubs P3 2Spades P0 7Hearts 
P0 KHearts P1 QHearts P2 2Diamonds P3 3Diamonds 
P3 JClubs P0 6Diamonds P1 QClubs P2 KClubs 
P0 3Hearts P1 5Diamonds P2 6Spades P3 4Diamonds 
P1 JDiamonds P2 7Diamonds P3 ADiamonds P0 KDiamonds 
P3 QDiamonds P0 JHearts P1 KSpades P2 QSpades 
-- /GAME --
P0 HAND: KDiamonds, JDiamonds, 2Diamonds, 2Clubs, AHearts, KHearts, QHearts, 5Hearts, 4Hearts, 3Hearts.
P1 HAND: AClubs, 7Clubs, KClubs, 5Clubs, 7Hearts, JHearts, ASpades, JSpades, QSpades, 4Spades.
P2 HAND: ADiamonds, 7Diamonds, 4Diamonds, 3Diamonds, QClubs, 4Clubs, 3Clubs, 2Hearts, 5Spades, 2Spades.
P3 HAND: QDiamonds, 6Diamonds, 5Diamonds, JClubs, 6Clubs, 6Hearts, 7Spades, KSpades, 6Spades, 3Spades.
P3 3Spades P0 2Diamonds P1 4Spades P2 5Spades 
P0 AHearts P1 JHearts P2 2Hearts P3 6Hearts 
P0 5Hearts P1 7Hearts P2 3Diamonds P3 5Diamonds 
P3 6Clubs P0 2Clubs P1 AClubs P2 3Clubs 
P1 5Clubs P2 4Clubs P3 JClubs P0 3Hearts 
P3 6Spades P0 4Hearts P1 ASpades P2 2Spades 
P1 QSpades P2 QClubs P3 KSpades P0 KDiamonds 
P0 KHearts P1 JSpades P2 4Diamonds P3 6Diamonds 
P3 QDiamonds P0 JDiamonds P1 KClubs P2 7Diamonds 
P2 ADiamonds P3 7Spades P0 QHearts P1 7Clubs 
-- /GAME --
P0 HAND: ADiamonds, 7Diamonds, 4Diamonds, AClubs, QClubs, KHearts, 5Hearts, 3Hearts, QSpades, 4Spades.
P1 HAND: QDiamonds, 2Diamonds, AHearts, 6Hearts, 2Hearts, 7Spades, JSpades, 6Spades, 3Spades, 2Spades.
P2 HAND: KDiamonds, JDiamonds, 6Diamonds, 7Clubs, JClubs, 6Clubs, 5Clubs, 4Clubs, QHearts, ASpades.
P3 HAND: 5Diamonds, 3Diamonds, KClubs, 3Clubs, 2Clubs, 7Hearts, JHearts, 4Hearts, KSpades, 5Spades.
P2 4Clubs P3 2Clubs P0 AClubs P1 2Spades 
P1 AHearts P2 QHearts P3 7Hearts P0 3Hearts 
P1 2Diamonds P2 6Diamonds P3 3Diamonds P0 ADiamonds 
P0 7Diamonds P1 QDiamonds P2 KDiamonds P3 5Diamonds 
P0 5Hearts P1 2Hearts P2 5Clubs P3 JHearts 
P3 3Clubs P0 QClubs P1 6Hearts P2 7Clubs 
P2 6Clubs P3 KClubs P0 4Spades P1 3Spades 
P0 4Diamonds P1 6Spades P2 JDiamonds P3 4Hearts 
P1 JSpades P2 ASpades P3 5Spades P0 QSpades 
P2 JClubs P3 KSpades P0 KHearts P1 7Spades 
-- /GAME --
P0 HAND: ADiamonds, 7Diamonds, 6Diamonds, 2Diamonds, AClubs, QClubs, JSpades, 5Spades, 4Spades, 2Spades.
P1 HAND: KDiamonds, 7Clubs, 6Clubs, JHearts, 6Hearts, 5Hearts, 4Hearts, ASpades, 6Spades, 3Spades.
P2 HAND: JDiamonds, QDiamonds, 5Diamonds, 4Diamonds, JClubs, 2Clubs, AHearts, 7Hearts, KHearts, 7Spades.
P3 HAND: 3Diamonds, KClubs, 5Clubs, 4Clubs, 3Clubs, QHearts, 3Hearts, 2Hearts, KSpades, QSpades.
P1 ASpades P2 7Spades P3 KSpades P0 2Spades 
P1 3Spades P2 2Clubs P3 QSpades P0 JSpades 
P0 AClubs P1 6Clubs P2 JClubs P3 3Clubs 
P0 5Spades P1 6Spades P2 4Diamonds P3 2Hearts 
P2 AHearts P3 3Hearts P0 QClubs P1 4Hearts 
P2 5Diamonds P3 3Diamonds P0 2Diamonds P1 KDiamonds 
P1 5Hearts P2 KHearts P3 QHearts P0 4Spades 
P2 QDiamonds P3 4Clubs P0 6Diamonds P1 6Hearts 
P2 JDiamonds P3 5Clubs P0 7Diamonds P1 JHearts 
P0 ADiamonds P1 7Clubs P2 7Hearts P3 KClubs 
-- /GAME --

