-- GAME --
P0 HAND: ADiamonds, 6Diamonds, 3Diamonds, KClubs, 5Clubs, 3Clubs, KHearts, JHearts, QHearts, 6Hearts.
P1 HAND: 2Diamonds, QClubs, 2Clubs, 5Hearts, 4Hearts, ASpades, KSpades, QSpades, 4Spades, 3Spades.
P2 HAND: JDiamonds, QDiamonds, 7Clubs, 6Clubs, 4Clubs, 7Hearts, 3Hearts, 2Hearts, 6Spades, 5Spades.
P3 HAND: 7Diamonds, KDiamonds, 5Diamonds, 4Diamonds, AClubs, JClubs, AHearts, 7Spades, JSpades, 2Spades.
P3 AClubs P0 3Clubs P1 QClubs P2 4Clubs 
P3 AHearts P0 6Hearts P1 5Hearts P2 2Hearts 
P3 4Diamonds P0 ADiamonds P1 2Diamonds P2 JDiamonds 
P0 3Diamonds P1 2Clubs P2 QDiamonds P3 7Diamonds 
P3 5Diamonds P0 6Diamonds P1 4Hearts P2 7Clubs 
P0 KClubs P1 3Spades P2 6Clubs P3 JClubs 
P1 4Spades P2 5Spades P3 2Spades P0 KHearts 
P2 3Hearts P3 JSpades P0 QHearts P1 QSpades 
P3 7Spades P0 5Clubs P1 KSpades P2 6Spades 
P3 KDiamonds P0 JHearts P1 ASpades P2 7Hearts 
-- /GAME --
P0 HAND: 5Diamonds, JClubs, 3Clubs, KHearts, 4Hearts, 2Hearts, JSpades, QSpades, 3Spades, 2Spades.
P1 HAND: ADiamonds, 7Diamonds, 2Diamonds, 5Clubs, AHearts, JHearts, QHearts, 5Hearts, 7Spades, 5Spades.
P2 HAND: KDiamonds, JDiamonds, 4Diamonds, AClubs, 7Clubs, 6Clubs, 2Clubs, 3Hearts, ASpades, KSpades.
P3 HAND: QDiamonds, 6Diamonds, 3Diamonds, KClubs, QClubs, 4Clubs, 7Hearts, 6Hearts, 6Spades, 4Spades.
P2 AClubs P3 4Clubs P0 3Clubs P1 5Clubs 
P2 ASpades P3 4Spades P0 2Spades P1 5Spades 
P2 2Clubs P3 QClubs P0 JClubs P1 2Diamonds 
P1 AHearts P2 3Hearts P3 7Hearts P0 2Hearts 
P1 5Hearts P2 6Clubs P3 6Hearts P0 KHearts 
P0 4Hearts P1 QHearts P2 4Diamonds P3 6Spades 
P2 JDiamonds P3 3Diamonds P0 5Diamonds P1 7Diamonds 
P1 JHearts P2 KDiamonds P3 KClubs P0 JSpades 
P2 KSpades P3 6Diamonds P0 3Spades P1 7Spades 
P3 QDiamonds P0 QSpades P1 ADiamonds P2 7Clubs 
-- /GAME --
P0 HAND: 7Clubs, 6Clubs, JHearts, 6Hearts, 5Hearts, 4Hearts, 7Spades, QSpades, 6Spades, 4Spades.
P1 HAND: ADiamonds, JDiamonds, 6Diamonds, AClubs, 4Clubs, 2Clubs, AHearts, 7Hearts, ASpades, 5Spades.
P2 HAND: 4Diamonds, 2Diamonds, KClubs, QClubs, 5Clubs, 3Clubs, QHearts, KSpades, JSpades, 3Spades.
P3 HAND: 7Diamonds, KDiamonds, QDiamonds, 5Diamonds, 3Diamonds, JClubs, KHearts, 3Hearts, 2Hearts, 2Spades.
P1 ADiamonds P2 2Diamonds P3 7Diamonds P0 4Hearts 
P0 6Clubs P1 AClubs P2 3Clubs P3 JClubs 
P1 ASpades P2 3Spades P3 2Spades P0 4Spades 
P1 2Clubs P2 5Clubs P3 3Diamonds P0 7Clubs 
P0 6Spades P1 5Spades P2 JSpades P3 5Diamonds 
P2 4Diamonds P3 QDiamonds P0 5Hearts P1 6Diamonds 
P0 6Hearts P1 7Hearts P2 QHearts P3 2Hearts 
P1 4Clubs P2 QClubs P3 3Hearts P0 QSpades 
P3 KHearts P0 JHearts P1 AHearts P2 KClubs 
P1 JDiamonds P2 KSpades P3 KDiamonds P0 7Spades 
-- /GAME --
P0 HAND: ADiamonds, KDiamonds, JDiamonds, QClubs, 4Clubs, 6Hearts, ASpades, 7Spades, QSpades, 2Spades.
P1 HAND: 7Diamonds, QDiamonds, 5Diamonds, 7Clubs, 6Clubs, KHearts, 4Hearts, 2Hearts, KSpades, 3Spades.
P2 HAND: 6Diamonds, 2Diamonds, 2Clubs, 7Hearts, JHearts, QHearts, 5Hearts, JSpades, 6Spades, 4Spades.
P3 HAND: 4Diamonds, 3Diamonds, AClubs, KClubs, JClubs, 5Clubs, 3Clubs, AHearts, 3Hearts, 5Spades.
P0 6Hearts P1 2Hearts P2 5Hearts P3 AHearts 
P3 3Clubs P0 4Clubs P1 6Clubs P2 2Clubs 
P1 3Spades P2 4Spades P3 5Spades P0 ASpades 
P0 QClubs P1 7Clubs P2 2Diamonds P3 5Clubs 
P2 6Spades P3 3Hearts P0 7Spades P1 KSpades 
P0 QSpades P1 4Hearts P2 JSpades P3 3Diamonds 
P3 JClubs P0 2Spades P1 5Diamonds P2 QHearts 
P1 QDiamonds P2 6Diamonds P3 4Diamonds P0 KDiamonds 
P0 ADiamonds P1 7Diamonds P2 JHearts P3 KClubs 
P0 JDiamonds P1 KHearts P2 7Hearts P3 AClubs 
-- /GAME --
P0 HAND: ADiamonds, 5Diamonds, 4Diamonds, JClubs, QClubs, 6Clubs, 4Clubs, 2Hearts, 4Spades, 3Spades.
P1 HAND: AClubs, KClubs, QHearts, 6Hearts, 5Hearts, 4Hearts, 3Hearts, KSpades, JSpades, 5Spades.
P2 HAND: JDiamonds, 6Diamonds, 3Diamonds, 2Diamonds, 7Clubs, AHearts, KHearts, JHearts, 7Spades, QSpades.
P3 HAND: 7Diamonds, KDiamonds, QDiamonds, 5Clubs, 3Clubs, 2Clubs, 7Hearts, ASpades, 6Spades, 2Spades.
P3 ASpades P0 3Spades P1 KSpades P2 QSpades 
P3 2Clubs P0 4Clubs P1 AClubs P2 7Clubs 
P1 3Hearts P2 AHearts P3 7Hearts P0 2Hearts 
P2 JHearts P3 2Spades P0 4Spades P1 4Hearts 
P2 2Diamonds P3 QDiamonds P0 4Diamonds P1 KClubs 
P3 3Clubs P0 JClubs P1 5Hearts P2 7Spades 
P0 QClubs P1 5Spades P2 KHearts P3 5Clubs 
P0 6Clubs P1 6Hearts P2 3Diamonds P3 6Spades 
P2 6Diamonds P3 KDiamonds P0 ADiamonds P1 QHearts 
P0 5Diamonds P1 JSpades P2 JDiamonds P3 7Diamonds 
-- /GAME --
P0 HAND: 7Diamonds, 7Clubs, 5Clubs, 4Clubs, 3Clubs, 7Hearts, JHearts, 4Hearts, 2Hearts, 3Spades.
P1 HAND: 6Diamonds, 5Diamonds, 2Clubs, AHearts, 5Hearts, 7Spades, KSpades, 6Spades, 5Spades, 2Spades.
P2 HAND: ADiamonds, KDiamonds, JDiamonds, 3Diamonds, 2Diamonds, AClubs, JClubs, 6Hearts, 3Hearts, QSpades.
P3 HAND: QDiamonds, 4Diamonds, KClubs, QClubs, 6Clubs, KHearts, QHearts, ASpades, JSpades, 4Spades.
P2 2Diamonds P3 4Diamonds P0 7Diamonds P1 5Diamonds 
P0 3Spades P1 2Spades P2 QSpades P3 ASpades 
P3 4Spades P0 2Hearts P1 5Spades P2 ADiamonds 
P0 3Clubs P1 2Clubs P2 AClubs P3 6Clubs 
P2 3Diamonds P3 QDiamonds P0 4Hearts P1 6Diamonds 
P0 4Clubs P1 6Spades P2 JClubs P3 KClubs 
P3 QClubs P0 7Clubs P1 5Hearts P2 6Hearts 
P2 JDiamonds P3 QHearts P0 7Hearts P1 AHearts 
P1 KSpades P2 3Hearts P3 JSpades P0 5Clubs 
P2 KDiamonds P3 KHearts P0 JHearts P1 7Spades 
-- /GAME --
P0 HAND: 7Diamonds, 6Diamonds, KClubs, JClubs, 5Clubs, 6Hearts, 5Hearts, 7Spades, 5Spades, 3Spades.
P1 HAND: ADiamonds, 5Diamonds, 7Clubs, 3Clubs, AHearts, 7Hearts, JHearts, QHearts, 2Hearts, 2Spades.
P2 HAND: JDiamonds, QDiamonds, 4Diamonds, 2Diamonds, QClubs, 2Clubs, JSpades, QSpades, 6Spades, 4Spades.
P3 HAND: KDiamonds, 3Diamonds, AClubs, 6Clubs, 4Clubs, KHearts, 4Hearts, 3Hearts, ASpades, KSpades.
P1 ADiamonds P2 2Diamonds P3 KDiamonds P0 6Diamonds 
P1 2Hearts P2 4Diamonds P3 3Hearts P0 5Hearts 
P0 7Diamonds P1 5Diamonds P2 QDiamonds P3 3Diamonds 
P0 6Hearts P1 QHearts P2 4Spades P3 KHearts 
P3 ASpades P0 3Spades P1 2Spades P2 6Spades 
P3 4Hearts P0 5Clubs P1 JHearts P2 JDiamonds 
P0 JClubs P1 3Clubs P2 2Clubs P3 4Clubs 
P0 KClubs P1 7Clubs P2 QClubs P3 6Clubs 
P1 7Hearts P2 QSpades P3 AClubs P0 5Spades 
P3 KSpades P0 7Spades P1 AHearts P2 JSpades 
-- /GAME --
P0 HAND: KDiamonds, QDiamonds, 6Diamonds, 3Diamonds, 7Clubs, 5Clubs, 3Clubs, 3Hearts, KSpades, 2Spades.
P1 HAND: 7Diamonds, JDiamonds, 4Diamonds, 2Diamonds, 4Clubs, AHearts, 7Hearts, JHearts, 4Hearts, 3Spades.
P2 HAND: JClubs, 6Clubs, 2Clubs, KHearts, QHearts, 6Hearts, ASpades, JSpades, QSpades, 4Spades.
P3 HAND: ADiamonds, 5Diamonds, AClubs, KClubs, QClubs, 5Hearts, 2Hearts, 7Spades, 6Spades, 5Spades.

