-- GAME --
P0 HAND: 7Diamonds, KDiamonds, JDiamonds, 6Diamonds, 4Diamonds, 7Clubs, 6Clubs, 5Clubs, 3Clubs, 3Hearts.
P1 HAND: QDiamonds, KClubs, JClubs, AHearts, JHearts, 5Hearts, 4Hearts, 7Spades, 4Spades, 3Spades.
P2 HAND: AClubs, 7Hearts, QHearts, 2Hearts, ASpades, KSpades, QSpades, 6Spades, 5Spades, 2Spades.
P3 HAND: ADiamonds, 5Diamonds, 3Diamonds, 2Diamonds, QClubs, 4Clubs, 2Clubs, KHearts, 6Hearts, JSpades.
P2 AClubs P3 2Clubs P0 7Clubs P1 JClubs 
P2 2Spades P3 JSpades P0 3Hearts P1 3Spades 
P0 6Clubs P1 KClubs P2 5Spades P3 QClubs 
P1 4Spades P2 6Spades P3 2Diamonds P0 7Diamonds 
P2 QSpades P3 3Diamonds P0 5Clubs P1 7Spades 
P1 QDiamonds P2 2Hearts P3 5Diamonds P0 KDiamonds 
P2 QHearts P3 6Hearts P0 3Clubs P1 4Hearts 
P2 7Hearts P3 KHearts P0 4Diamonds P1 AHearts 
P1 5Hearts P2 KSpades P3 4Clubs P0 6Diamonds 
P1 JHearts P2 ASpades P3 ADiamonds P0 JDiamonds 
-- /GAME --
P0 HAND: ADiamonds, 7Diamonds, 3Diamonds, 2Diamonds, 3Clubs, 7Hearts, 2Hearts, KSpades, QSpades, 3Spades.
P1 HAND: JDiamonds, QDiamonds, 5Diamonds, 7Clubs, JClubs, 6Clubs, 3Hearts, ASpades, JSpades, 2Spades.
P2 HAND: KClubs, 5Clubs, 4Clubs, 2Clubs, KHearts, QHearts, 6Hearts, 7Spades, 5Spades, 4Spades.
P3 HAND: KDiamonds, 6Diamonds, 4Diamonds, AClubs, QClubs, AHearts, JHearts, 5Hearts, 4Hearts, 6Spades.
P1 ASpades P2 4Spades P3 6Spades P0 3Spades 
P1 2Spades P2 5Spades P3 4Hearts P0 KSpades 
P0 QSpades P1 JSpades P2 7Spades P3 4Diamonds 
P3 AClubs P0 3Clubs P1 7Clubs P2 2Clubs 
P3 AHearts P0 2Hearts P1 3Hearts P2 6Hearts 
P3 5Hearts P0 7Hearts P1 5Diamonds P2 QHearts 
P1 6Clubs P2 4Clubs P3 QClubs P0 2Diamonds 
P0 ADiamonds P1 QDiamonds P2 KClubs P3 6Diamonds 
P0 3Diamonds P1 JDiamonds P2 5Clubs P3 KDiamonds 
P3 JHearts P0 7Diamonds P1 JClubs P2 KHearts 
-- /GAME --
P0 HAND: 2Diamonds, AClubs, JClubs, 2Clubs, AHearts, KHearts, 5Hearts, 3Hearts, JSpades, 4Spades.
P1 HAND: ADiamonds, KDiamonds, JDiamonds, 3Diamonds, KClubs, 5Clubs, 3Clubs, 6Hearts, ASpades, 6Spades.
P2 HAND: QDiamonds, 6Diamonds, 7Clubs, 6Clubs, 4Clubs, JHearts, 4Hearts, 2Hearts, KSpades, QSpades.
P3 HAND: 7Diamonds, 5Diamonds, 4Diamonds, QClubs, 7Hearts, QHearts, 7Spades, 5Spades, 3Spades, 2Spades.
P0 3Hearts P1 6Hearts P2 2Hearts P3 QHearts 
P3 2Spades P0 JSpades P1 ASpades P2 QSpades 
P1 ADiamonds P2 6Diamonds P3 7Diamonds P0 2Diamonds 
P1 3Diamonds P2 QDiamonds P3 4Diamonds P0 4Spades 
P2 4Clubs P3 QClubs P0 AClubs P1 3Clubs 
P0 2Clubs P1 5Clubs P2 7Clubs P3 7Hearts 
P3 3Spades P0 JClubs P1 6Spades P2 KSpades 
P2 6Clubs P3 5Diamonds P0 5Hearts P1 KClubs 
P0 AHearts P1 JDiamonds P2 4Hearts P3 5Spades 
P0 KHearts P1 KDiamonds P2 JHearts P3 7Spades 
-- /GAME --
P0 HAND: 2Diamonds, JClubs, 4Clubs, 3Clubs, 2Clubs, JHearts, 5Hearts, 5Spades, 3Spades, 2Spades.
P1 HAND: 7Diamonds, AClubs, 6Clubs, 7Hearts, QHearts, 4Hearts, ASpades, KSpades, QSpades, 4Spades.
P2 HAND: JDiamonds, 6Diamonds, 4Diamonds, 3Diamonds, 7Clubs, QClubs, AHearts, 7Spades, JSpades, 6Spades.
P3 HAND: ADiamonds, KDiamonds, QDiamonds, 5Diamonds, KClubs, 5Clubs, KHearts, 6Hearts, 3Hearts, 2Hearts.
P3 2Hearts P0 JHearts P1 4Hearts P2 AHearts 
P2 6Spades P3 3Hearts P0 2Spades P1 ASpades 
P1 AClubs P2 QClubs P3 KClubs P0 2Clubs 
P1 4Spades P2 JSpades P3 5Clubs P0 3Spades 
P2 3Diamonds P3 5Diamonds P0 2Diamonds P1 7Diamonds 
P1 6Clubs P2 7Clubs P3 QDiamonds P0 3Clubs 
P3 6Hearts P0 5Hearts P1 QHearts P2 4Diamonds 
P2 6Diamonds P3 KDiamonds P0 5Spades P1 7Hearts 
P3 ADiamonds P0 4Clubs P1 QSpades P2 JDiamonds 
P3 KHearts P0 JClubs P1 KSpades P2 7Spades 
-- /GAME --
P0 HAND: JDiamonds, 4Diamonds, AClubs, QClubs, 5Clubs, AHearts, 7Hearts, 6Spades, 5Spades, 4Spades.
P1 HAND: 3Diamonds, KClubs, 6Clubs, 4Hearts, 3Hearts, 2Hearts, 7Spades, JSpades, QSpades, 2Spades.
P2 HAND: QDiamonds, 6Diamonds, 7Clubs, 4Clubs, 3Clubs, KHearts, QHearts, ASpades, KSpades, 3Spades.
P3 HAND: ADiamonds, 7Diamonds, KDiamonds, 5Diamonds, 2Diamonds, JClubs, 2Clubs, JHearts, 6Hearts, 5Hearts.
P0 AHearts P1 2Hearts P2 KHearts P3 5Hearts 
P0 AClubs P1 6Clubs P2 7Clubs P3 2Clubs 
P0 5Spades P1 2Spades P2 ASpades P3 2Diamonds 
P3 6Hearts P0 7Hearts P1 3Hearts P2 QHearts 
P0 6Spades P1 QSpades P2 3Spades P3 JClubs 
P1 4Hearts P2 3Clubs P3 JHearts P0 JDiamonds 
P0 4Spades P1 JSpades P2 KSpades P3 5Diamonds 
P3 KDiamonds P0 4Diamonds P1 3Diamonds P2 6Diamonds 
P3 7Diamonds P0 5Clubs P1 KClubs P2 QDiamonds 
P3 ADiamonds P0 QClubs P1 7Spades P2 4Clubs 
-- /GAME --
P0 HAND: 3Diamonds, AClubs, 7Clubs, KClubs, 6Clubs, KHearts, QHearts, 3Hearts, 5Spades, 2Spades.
P1 HAND: ADiamonds, KDiamonds, 5Diamonds, QClubs, 5Clubs, 3Clubs, AHearts, JHearts, 2Hearts, KSpades.
P2 HAND: 7Diamonds, JDiamonds, JClubs, 4Clubs, 2Clubs, 7Hearts, 4Hearts, JSpades, 6Spades, 3Spades.
P3 HAND: QDiamonds, 6Diamonds, 4Diamonds, 2Diamonds, 6Hearts, 5Hearts, ASpades, 7Spades, QSpades, 4Spades.
P3 ASpades P0 2Spades P1 KSpades P2 3Spades 
P3 2Diamonds P0 3Diamonds P1 ADiamonds P2 JDiamonds 
P1 AHearts P2 4Hearts P3 6Hearts P0 3Hearts 
P1 2Hearts P2 7Hearts P3 5Hearts P0 KHearts 
P2 6Spades P3 4Spades P0 5Spades P1 5Diamonds 
P2 JSpades P3 QSpades P0 QHearts P1 3Clubs 
P1 JHearts P2 2Clubs P3 4Diamonds P0 6Clubs 
P0 KClubs P1 5Clubs P2 4Clubs P3 6Diamonds 
P0 7Clubs P1 QClubs P2 JClubs P3 QDiamonds 
P0 AClubs P1 KDiamonds P2 7Diamonds P3 7Spades 
-- /GAME --
P0 HAND: ADiamonds, 7Diamonds, QDiamonds, 7Clubs, KClubs, AHearts, QHearts, 5Hearts, 4Hearts, ASpades.
P1 HAND: 6Diamonds, 5Diamonds, 4Diamonds, AClubs, QClubs, 4Clubs, 2Clubs, KHearts, 7Spades, 5Spades.
P2 HAND: JDiamonds, 3Diamonds, 2Diamonds, JClubs, 5Clubs, 3Clubs, 7Hearts, 3Hearts, JSpades, 4Spades.
P3 HAND: KDiamonds, 6Clubs, JHearts, 6Hearts, 2Hearts, KSpades, QSpades, 6Spades, 3Spades, 2Spades.
P2 3Clubs P3 6Clubs P0 KClubs P1 AClubs 
P1 2Clubs P2 5Clubs P3 2Hearts P0 7Clubs 
P0 ASpades P1 5Spades P2 JSpades P3 2Spades 
P0 AHearts P1 KHearts P2 7Hearts P3 6Hearts 
P0 QHearts P1 4Clubs P2 3Hearts P3 JHearts 
P3 3Spades P0 5Hearts P1 7Spades P2 4Spades 
P1 QClubs P2 JClubs P3 KDiamonds P0 7Diamonds 
P0 4Hearts P1 4Diamonds P2 2Diamonds P3 KSpades 
P1 5Diamonds P2 3Diamonds P3 6Spades P0 QDiamonds 
P0 ADiamonds P1 6Diamonds P2 JDiamonds P3 QSpades 
-- /GAME --
P0 HAND: 4Diamonds, KClubs, JClubs, 7Hearts, KHearts, 6Hearts, 3Hearts, JSpades, QSpades, 3Spades.
P1 HAND: 6Diamonds, 2Diamonds, AClubs, 7Clubs, 4Clubs, JHearts, QHearts, 2Hearts, 7Spades, KSpades.
P2 HAND: ADiamonds, 7Diamonds, KDiamonds, QDiamonds, 6Clubs, 5Hearts, 4Hearts, 5Spades, 4Spades, 2Spades.
P3 HAND: JDiamonds, 5Diamonds, 3Diamonds, QClubs, 5Clubs, 3Clubs, 2Clubs, AHearts, ASpades, 6Spades.
P1 AClubs P2 6Clubs P3 QClubs P0 JClubs 
P1 2Diamonds P2 ADiamonds P3 3Diamonds P0 4Diamonds 
P2 4Hearts P3 AHearts P0 3Hearts P1 JHearts 
P3 2Clubs P0 KClubs P1 7Clubs P2 2Spades 
P2 5Hearts P3 3Clubs P0 KHearts P1 2Hearts 
P0 3Spades P1 KSpades P2 4Spades P3 6Spades 
P1 4Clubs P2 QDiamonds P3 5Clubs P0 6Hearts 
P3 5Diamonds P0 JSpades P1 6Diamonds P2 7Diamonds 
P0 QSpades P1 7Spades P2 5Spades P3 ASpades 
P3 JDiamonds P0 7Hearts P1 QHearts P2 KDiamonds 
-- /GAME --
P0 HAND: ADiamonds, 3Diamonds, 5Clubs, 3Clubs, 7Hearts, KHearts, JHearts, QHearts, 6Hearts, JSpades.
P1 HAND: 7Diamonds, KDiamonds, KClubs, QClubs, 2Clubs, 4Hearts, 3Hearts, KSpades, 5Spades, 4Spades.
P2 HAND: 6Diamonds, 5Diamonds, 4Diamonds, 2Diamonds, AClubs, JClubs, 6Clubs, 4Clubs, 6Spades, 2Spades.
P3 HAND: JDiamonds, QDiamonds, 7Clubs, AHearts, 5Hearts, 2Hearts, ASpades, 7Spades, QSpades, 3Spades.
P0 ADiamonds P1 KDiamonds P2 6Diamonds P3 QDiamonds 
P0 3Diamonds P1 7Diamonds P2 2Diamonds P3 JDiamonds 
P1 2Clubs P2 AClubs P3 7Clubs P0 5Clubs 
P2 4Diamonds P3 2Hearts P0 3Clubs P1 3Hearts 
P2 4Clubs P3 5Hearts P0 6Hearts P1 KClubs 
P1 4Hearts P2 5Diamonds P3 AHearts P0 QHearts 
P3 3Spades P0 JSpades P1 4Spades P2 2Spades 
P0 KHearts P1 QClubs P2 6Spades P3 QSpades 
P3 7Spades P0 JHearts P1 5Spades P2 6Clubs 
P3 ASpades P0 7Hearts P1 KSpades P2 JClubs 
-- /GAME --
P0 HAND: 5Diamonds, 4Diamonds, KClubs, JClubs, 6Clubs, 4Clubs, QHearts, ASpades, JSpades, QSpades.
P1 HAND: 7Diamonds, JDiamonds, QDiamonds, QClubs, 5Clubs, JHearts, 5Hearts, 3Hearts, 4Spades, 3Spades.
P2 HAND: ADiamonds, 3Diamonds, AClubs, 3Clubs, AHearts, 6Hearts, 2Hearts, 7Spades, 6Spades, 2Spades.
P3 HAND: KDiamonds, 6Diamonds, 2Diamonds, 7Clubs, 2Clubs, 7Hearts, KHearts, 4Hearts, KSpades, 5Spades.
P3 2Diamonds P0 4Diamonds P1 QDiamonds P2 ADiamonds 
P2 AClubs P3 2Clubs P0 KClubs P1 5Clubs 
P2 2Spades P3 5Spades P0 ASpades P1 3Spades 
P0 JClubs P1 QClubs P2 3Clubs P3 7Clubs 
P3 6Diamonds P0 5Diamonds P1 7Diamonds P2 3Diamonds 
P1 4Spades P2 6Spades P3 KSpades P0 QSpades 
P3 4Hearts P0 QHearts P1 3Hearts P2 2Hearts 
P0 6Clubs P1 5Hearts P2 6Hearts P3 KHearts 
P3 7Hearts P0 4Clubs P1 JHearts P2 AHearts 
P2 7Spades P3 KDiamonds P0 JSpades P1 JDiamonds 
-- /GAME --

