-- GAME --
P0 HAND: ADiamonds, 7Diamonds, 6Diamonds, KClubs, JClubs, QClubs, KHearts, ASpades, QSpades, 6Spades.
P1 HAND: 4Diamonds, 5Clubs, 3Clubs, 2Clubs, AHearts, 7Hearts, 5Hearts, 3Hearts, KSpades, 5Spades.
P2 HAND: QDiamonds, 3Diamonds, 2Diamonds, 4Clubs, JHearts, QHearts, 6Hearts, 4Spades, 3Spades, 2Spades.
P3 HAND: KDiamonds, JDiamonds, 5Diamonds, AClubs, 7Clubs, 6Clubs, 4Hearts, 2Hearts, 7Spades, JSpades.
P3 AClubs P0 QClubs P1 5Clubs P2 4Clubs 
P3 5Diamonds P0 ADiamonds P1 4Diamonds P2 QDiamonds 
P0 ASpades P1 5Spades P2 4Spades P3 JSpades 
P0 7Diamonds P1 3Hearts P2 2Diamonds P3 KDiamonds 
P1 2Clubs P2 2Spades P3 7Clubs P0 JClubs 
P3 6Clubs P0 KClubs P1 3Clubs P2 3Diamonds 
P0 6Spades P1 KSpades P2 3Spades P3 7Spades 
P3 JDiamonds P0 6Diamonds P1 5Hearts P2 6Hearts 
P2 QHearts P3 2Hearts P0 KHearts P1 7Hearts 
P1 AHearts P2 JHearts P3 4Hearts P0 QSpades 
-- /GAME --
P0 HAND: KDiamonds, JDiamonds, QClubs, 5Clubs, 2Clubs, JHearts, 5Hearts, 4Spades, 3Spades, 2Spades.
P1 HAND: 7Diamonds, 6Diamonds, 3Diamonds, AClubs, JClubs, 3Hearts, ASpades, 7Spades, KSpades, QSpades.
P2 HAND: ADiamonds, 5Diamonds, 4Diamonds, 2Diamonds, 6Clubs, AHearts, 7Hearts, QHearts, 4Hearts, 6Spades.
P3 HAND: QDiamonds, 7Clubs, KClubs, 4Clubs, 3Clubs, KHearts, 6Hearts, 2Hearts, JSpades, 5Spades.
P2 ADiamonds P3 QDiamonds P0 KDiamonds P1 3Diamonds 
P2 AHearts P3 2Hearts P0 JHearts P1 3Hearts 
P2 2Diamonds P3 3Clubs P0 JDiamonds P1 7Diamonds 
P1 AClubs P2 6Clubs P3 7Clubs P0 2Clubs 
P1 6Diamonds P2 4Diamonds P3 4Clubs P0 5Hearts 
P1 JClubs P2 4Hearts P3 KClubs P0 5Clubs 
P3 6Hearts P0 2Spades P1 QSpades P2 QHearts 
P1 KSpades P2 6Spades P3 5Spades P0 3Spades 
P1 7Spades P2 5Diamonds P3 JSpades P0 4Spades 
P1 ASpades P2 7Hearts P3 KHearts P0 QClubs 
-- /GAME --
P0 HAND: KDiamonds, KClubs, KHearts, QHearts, 6Hearts, 4Hearts, 3Hearts, KSpades, JSpades, 2Spades.
P1 HAND: 7Diamonds, 4Diamonds, 2Diamonds, AClubs, JClubs, 4Clubs, 3Clubs, 7Hearts, JHearts, 2Hearts.
P2 HAND: ADiamonds, JDiamonds, QDiamonds, 6Diamonds, 7Clubs, QClubs, 6Clubs, 2Clubs, AHearts, ASpades.
P3 HAND: 5Diamonds, 3Diamonds, 5Clubs, 5Hearts, 7Spades, QSpades, 6Spades, 5Spades, 4Spades, 3Spades.
P1 2Diamonds P2 ADiamonds P3 3Diamonds P0 KDiamonds 
P2 AHearts P3 5Hearts P0 KHearts P1 2Hearts 
P2 ASpades P3 3Spades P0 KSpades P1 3Clubs 
P1 4Diamonds P2 6Diamonds P3 5Diamonds P0 3Hearts 
P2 QDiamonds P3 4Spades P0 QHearts P1 7Diamonds 
P1 JHearts P2 2Clubs P3 5Spades P0 6Hearts 
P2 JDiamonds P3 6Spades P0 JSpades P1 4Clubs 
P1 JClubs P2 6Clubs P3 5Clubs P0 KClubs 
P0 4Hearts P1 7Hearts P2 QClubs P3 QSpades 
P2 7Clubs P3 7Spades P0 2Spades P1 AClubs 
-- /GAME --
P0 HAND: 5Diamonds, QClubs, 6Clubs, 4Clubs, QHearts, 5Hearts, 2Hearts, KSpades, 6Spades, 4Spades.
P1 HAND: 7Diamonds, JDiamonds, AClubs, KClubs, AHearts, 3Hearts, ASpades, JSpades, 5Spades, 2Spades.
P2 HAND: KDiamonds, 4Diamonds, 3Diamonds, 2Diamonds, 3Clubs, 2Clubs, 7Hearts, JHearts, 6Hearts, 3Spades.
P3 HAND: ADiamonds, QDiamonds, 6Diamonds, 7Clubs, JClubs, 5Clubs, KHearts, 4Hearts, 7Spades, QSpades.
P0 5Diamonds P1 JDiamonds P2 2Diamonds P3 ADiamonds 
P3 4Hearts P0 2Hearts P1 AHearts P2 6Hearts 
P1 AClubs P2 2Clubs P3 7Clubs P0 4Clubs 
P1 3Hearts P2 JHearts P3 KHearts P0 5Hearts 
P3 5Clubs P0 QClubs P1 KClubs P2 3Clubs 
P1 2Spades P2 3Spades P3 QSpades P0 KSpades 
P0 6Clubs P1 5Spades P2 3Diamonds P3 JClubs 
P1 JSpades P2 4Diamonds P3 7Spades P0 4Spades 
P3 6Diamonds P0 6Spades P1 7Diamonds P2 KDiamonds 
P0 QHearts P1 ASpades P2 7Hearts P3 QDiamonds 
-- /GAME --
P0 HAND: QClubs, 3Clubs, 2Clubs, JHearts, QHearts, 6Hearts, 4Hearts, 7Spades, 5Spades, 4Spades.
P1 HAND: 7Diamonds, KDiamonds, 4Diamonds, 3Diamonds, JClubs, 5Clubs, 5Hearts, 3Hearts, 2Hearts, ASpades.
P2 HAND: ADiamonds, JDiamonds, 5Diamonds, 2Diamonds, AClubs, 6Clubs, 4Clubs, KHearts, JSpades, 2Spades.
P3 HAND: QDiamonds, 6Diamonds, 7Clubs, KClubs, AHearts, 7Hearts, KSpades, QSpades, 6Spades, 3Spades.

