-- GAME --
P0 HAND: 7Diamonds, 2Clubs, AHearts, QHearts, 5Hearts, 3Hearts, ASpades, 5Spades, 4Spades, 2Spades.
P1 HAND: ADiamonds, JDiamonds, QDiamonds, 6Diamonds, KClubs, JClubs, 3Clubs, 7Hearts, 4Hearts, 7Spades.
P2 HAND: KDiamonds, 5Diamonds, 3Diamonds, 7Clubs, QClubs, KHearts, 6Hearts, 2Hearts, JSpades, QSpades.
P3 HAND: 4Diamonds, 2Diamonds, AClubs, 6Clubs, 5Clubs, 4Clubs, JHearts, KSpades, 6Spades, 3Spades.
P1 ADiamonds P2 3Diamonds P3 4Diamonds P0 7Diamonds 
P1 3Clubs P2 QClubs P3 AClubs P0 2Clubs 
P3 2Diamonds P0 2Spades P1 6Diamonds P2 KDiamonds 
P2 5Diamonds P3 3Spades P0 4Spades P1 JDiamonds 
P1 QDiamonds P2 QSpades P3 4Clubs P0 5Spades 
P1 JClubs P2 7Clubs P3 5Clubs P0 ASpades 
P2 JSpades P3 6Spades P0 3Hearts P1 7Spades 
P0 AHearts P1 4Hearts P2 2Hearts P3 JHearts 
P0 5Hearts P1 7Hearts P2 6Hearts P3 KSpades 
P1 KClubs P2 KHearts P3 6Clubs P0 QHearts 
-- /GAME --
P0 HAND: JDiamonds, QDiamonds, AClubs, KClubs, QClubs, 5Clubs, 4Clubs, 6Hearts, 4Hearts, 5Spades.
P1 HAND: 5Diamonds, 2Diamonds, 7Clubs, 2Clubs, AHearts, 7Hearts, JHearts, KSpades, JSpades, 4Spades.
P2 HAND: ADiamonds, 7Diamonds, 6Diamonds, 4Diamonds, 6Clubs, KHearts, 5Hearts, QSpades, 3Spades, 2Spades.
P3 HAND: KDiamonds, 3Diamonds, JClubs, 3Clubs, QHearts, 3Hearts, 2Hearts, ASpades, 7Spades, 6Spades.
P0 AClubs P1 2Clubs P2 6Clubs P3 3Clubs 
P0 4Clubs P1 7Clubs P2 2Spades P3 JClubs 
P1 AHearts P2 5Hearts P3 QHearts P0 4Hearts 
P1 2Diamonds P2 ADiamonds P3 3Diamonds P0 JDiamonds 
P2 3Spades P3 ASpades P0 5Spades P1 KSpades 
P3 2Hearts P0 6Hearts P1 7Hearts P2 KHearts 
P1 4Spades P2 QSpades P3 6Spades P0 QDiamonds 
P2 4Diamonds P3 KDiamonds P0 5Clubs P1 5Diamonds 
P0 KClubs P1 JHearts P2 6Diamonds P3 3Hearts 
P0 QClubs P1 JSpades P2 7Diamonds P3 7Spades 
-- /GAME --
P0 HAND: 6Diamonds, 3Diamonds, 7Clubs, KClubs, QClubs, JHearts, 3Hearts, 6Spades, 3Spades, 2Spades.
P1 HAND: QDiamonds, 4Diamonds, AClubs, JClubs, 3Clubs, 2Clubs, AHearts, KHearts, 2Hearts, JSpades.
P2 HAND: 7Diamonds, KDiamonds, 2Diamonds, 5Clubs, QHearts, 6Hearts, 4Hearts, 7Spades, KSpades, 4Spades.
P3 HAND: ADiamonds, JDiamonds, 5Diamonds, 6Clubs, 4Clubs, 7Hearts, 5Hearts, ASpades, QSpades, 5Spades.
P3 ASpades 
