-- GAME --
P1 ASpades P2 5Spades P3 KSpades P0 3Spades 
P1 2Clubs P2 KClubs P3 AClubs P0 3Clubs 
P3 4Hearts P0 3Hearts P1 2Spades P2 AHearts 
P2 2Hearts P3 5Hearts P0 QHearts P1 4Clubs 
P0 7Spades P1 4Spades P2 QSpades P3 5Diamonds 
P3 6Clubs P0 5Clubs P1 7Clubs P2 KDiamonds 
P2 JSpades P3 6Hearts P0 6Spades P1 3Diamonds 
P1 4Diamonds P2 ADiamonds P3 6Diamonds P0 2Diamonds 
P2 KHearts P3 JHearts P0 JDiamonds P1 7Diamonds 
P1 QDiamonds P2 7Hearts P3 QClubs P0 JClubs 
-- /GAME --
P0 HAND: 7Diamonds, QDiamonds, AClubs, JClubs, QClubs, 6Clubs, JHearts, QSpades, 6Spades, 5Spades.
P1 HAND: KDiamonds, 2Diamonds, 4Clubs, 3Clubs, AHearts, 7Hearts, 3Hearts, ASpades, 7Spades, JSpades.
P2 HAND: JDiamonds, 5Diamonds, 7Clubs, 5Clubs, KHearts, 6Hearts, 4Hearts, 2Hearts, 4Spades, 2Spades.
P3 HAND: ADiamonds, 6Diamonds, 4Diamonds, 3Diamonds, KClubs, 2Clubs, QHearts, 5Hearts, KSpades, 3Spades.
P0 AClubs P1 3Clubs P2 7Clubs P3 2Clubs 
P0 5Spades P1 ASpades P2 2Spades P3 KSpades 
P1 2Diamonds P2 5Diamonds P3 ADiamonds P0 QDiamonds 
P3 3Diamonds P0 7Diamonds P1 KDiamonds P2 JDiamonds 
P0 6Spades P1 JSpades P2 4Spades P3 3Spades 
P1 4Clubs P2 5Clubs P3 KClubs P0 6Clubs 
P3 4Diamonds P0 JHearts P1 3Hearts P2 2Hearts 
P0 QClubs P1 7Hearts P2 4Hearts P3 6Diamonds 
P1 AHearts P2 6Hearts P3 5Hearts P0 QSpades 
P1 7Spades P2 KHearts P3 QHearts P0 JClubs 
-- /GAME --
P0 HAND: QDiamonds, 5Diamonds, 4Diamonds, 3Clubs, 6Hearts, 5Hearts, 7Spades, KSpades, 5Spades, 2Spades.
P1 HAND: 7Diamonds, 2Diamonds, KClubs, JClubs, 4Clubs, AHearts, 4Hearts, 3Hearts, 2Hearts, 6Spades.
P2 HAND: ADiamonds, JDiamonds, 6Diamonds, AClubs, QClubs, 7Hearts, KHearts, JHearts, QSpades, 3Spades.
P3 HAND: KDiamonds, 3Diamonds, 7Clubs, 6Clubs, 5Clubs, 2Clubs, QHearts, ASpades, JSpades, 4Spades.
P3 ASpades P0 2Spades P1 6Spades P2 3Spades 
P3 3Diamonds P0 4Diamonds P1 2Diamonds P2 ADiamonds 
P2 6Diamonds P3 KDiamonds P0 5Diamonds P1 7Diamonds 
P1 AHearts P2 JHearts P3 QHearts P0 5Hearts 
P1 2Hearts P2 KHearts P3 4Spades P0 6Hearts 
P2 QSpades P3 JSpades P0 7Spades P1 4Clubs 
P1 3Hearts P2 7Hearts P3 2Clubs P0 3Clubs 
P0 5Spades P1 4Hearts P2 QClubs P3 5Clubs 
P2 JDiamonds P3 6Clubs P0 QDiamonds P1 JClubs 
P1 KClubs P2 AClubs P3 7Clubs P0 KSpades 
-- /GAME --
P0 HAND: KDiamonds, 3Diamonds, KClubs, 3Clubs, 2Clubs, 2Hearts, ASpades, KSpades, QSpades, 3Spades.
P1 HAND: ADiamonds, QDiamonds, 6Diamonds, 2Diamonds, 7Clubs, AHearts, 4Hearts, 3Hearts, 6Spades, 2Spades.
P2 HAND: JDiamonds, JClubs, 6Clubs, KHearts, JHearts, 6Hearts, 5Hearts, 7Spades, 5Spades, 4Spades.
P3 HAND: 7Diamonds, 5Diamonds, 4Diamonds, AClubs, QClubs, 5Clubs, 4Clubs, 7Hearts, QHearts, JSpades.
P2 5Hearts P3 QHearts P0 2Hearts P1 AHearts 
P1 ADiamonds P2 JDiamonds P3 7Diamonds P0 3Diamonds 
P1 2Diamonds P2 6Clubs P3 4Diamonds P0 KDiamonds 
P0 2Clubs P1 7Clubs P2 JClubs P3 AClubs 
P3 4Clubs P0 KClubs P1 3Hearts P2 KHearts 
P0 3Clubs P1 4Hearts P2 6Hearts P3 QClubs 
P3 5Diamonds P0 3Spades P1 6Diamonds P2 JHearts 
P0 QSpades P1 2Spades P2 4Spades P3 JSpades 
P3 5Clubs P0 ASpades P1 QDiamonds P2 5Spades 
P0 KSpades P1 6Spades P2 7Spades P3 7Hearts 
-- /GAME --
P0 HAND: 7Diamonds, KDiamonds, JDiamonds, 4Diamonds, QClubs, 4Clubs, AHearts, 7Hearts, 6Hearts, ASpades.
P1 HAND: QDiamonds, AClubs, KClubs, 2Clubs, 5Hearts, 2Hearts, 7Spades, 6Spades, 4Spades, 3Spades.
P2 HAND: 6Diamonds, 3Diamonds, 2Diamonds, 6Clubs, 5Clubs, 3Clubs, KHearts, KSpades, JSpades, QSpades.
P3 HAND: ADiamonds, 5Diamonds, 7Clubs, JClubs, JHearts, QHearts, 4Hearts, 3Hearts, 5Spades, 2Spades.
P2 3Clubs P3 JClubs P0 4Clubs P1 AClubs 
P1 2Clubs P2 5Clubs P3 7Clubs P0 QClubs 
P3 2Spades P0 ASpades P1 3Spades P2 KSpades 
P0 AHearts P1 2Hearts P2 KHearts P3 3Hearts 
P0 4Diamonds P1 QDiamonds P2 2Diamonds P3 5Diamonds 
P1 4Spades P2 QSpades P3 5Spades P0 7Hearts 
P2 6Clubs P3 4Hearts P0 JDiamonds P1 KClubs 
P0 6Hearts P1 5Hearts P2 3Diamonds P3 QHearts 
P2 JSpades P3 ADiamonds P0 KDiamonds P1 7Spades 
P3 JHearts P0 7Diamonds P1 6Spades P2 6Diamonds 
-- /GAME --
P0 HAND: 4Diamonds, 3Diamonds, 7Clubs, 5Clubs, QHearts, 5Hearts, 4Hearts, 2Hearts, ASpades, JSpades.
P1 HAND: KDiamonds, JDiamonds, QDiamonds, 6Diamonds, KClubs, QClubs, 4Clubs, 7Hearts, 3Spades, 2Spades.
P2 HAND: 5Diamonds, 2Diamonds, AClubs, JClubs, KHearts, JHearts, 6Hearts, 7Spades, 6Spades, 5Spades.
P3 HAND: ADiamonds, 7Diamonds, 6Clubs, 3Clubs, 2Clubs, AHearts, 3Hearts, KSpades, QSpades, 4Spades.
P1 2Spades P2 5Spades P3 4Spades P0 ASpades 
P0 2Hearts P1 7Hearts P2 6Hearts P3 AHearts 
P3 2Clubs P0 5Clubs P1 4Clubs P2 AClubs 
P2 6Spades P3 QSpades P0 JSpades P1 3Spades 
P0 7Clubs P1 QClubs P2 JClubs P3 3Clubs 
P0 4Hearts P1 6Diamonds P2 JHearts P3 3Hearts 
P1 QDiamonds P2 2Diamonds P3 7Diamonds P0 3Diamonds 
P3 6Clubs P0 4Diamonds P1 KClubs P2 7Spades 
P0 5Hearts P1 JDiamonds P2 KHearts P3 KSpades 
P1 KDiamonds P2 5Diamonds P3 ADiamonds P0 QHearts 
-- /GAME --
P0 HAND: JDiamonds, 4Diamonds, KClubs, QClubs, 5Clubs, 7Hearts, JHearts, QHearts, 4Hearts, 5Spades.
P1 HAND: JClubs, 4Clubs, 2Clubs, 6Hearts, 3Hearts, ASpades, 7Spades, JSpades, 3Spades, 2Spades.
P2 HAND: 7Diamonds, 6Diamonds, AClubs, 6Clubs, 3Clubs, KHearts, 2Hearts, KSpades, QSpades, 4Spades.
P3 HAND: ADiamonds, KDiamonds, QDiamonds, 5Diamonds, 3Diamonds, 2Diamonds, 7Clubs, AHearts, 5Hearts, 6Spades.

