-- GAME --
P0 HAND: AClubs, 6Clubs, 5Clubs, 3Clubs, 7Hearts, KHearts, 5Hearts, 5Spades, 4Spades, 3Spades.
P1 HAND: KDiamonds, 3Diamonds, 2Diamonds, QClubs, JHearts, QHearts, 4Hearts, 3Hearts, ASpades, KSpades.
P2 HAND: ADiamonds, JDiamonds, 6Diamonds, 4Diamonds, KClubs, 4Clubs, 2Clubs, 7Spades, QSpades, 6Spades.
P3 HAND: 7Diamonds, QDiamonds, 5Diamonds, 7Clubs, JClubs, AHearts, 6Hearts, 2Hearts, JSpades, 2Spades.
P2 2Clubs P3 JClubs P0 AClubs P1 QClubs 
P0 3Spades P1 ASpades P2 6Spades P3 JSpades 
P1 3Hearts P2 4Clubs P3 AHearts P0 5Hearts 
P3 2Hearts P0 7Hearts P1 4Hearts P2 7Spades 
P0 KHearts P1 QHearts P2 KClubs P3 6Hearts 
P0 3Clubs P1 2Diamonds P2 QSpades P3 7Clubs 
P1 JHearts P2 4Diamonds P3 2Spades P0 4Spades 
P2 6Diamonds P3 5Diamonds P0 5Spades P1 3Diamonds 
P2 JDiamonds P3 QDiamonds P0 5Clubs P1 KDiamonds 
P1 KSpades P2 ADiamonds P3 7Diamonds P0 6Clubs 
-- /GAME --
P0 HAND: 7Diamonds, 5Diamonds, 3Diamonds, KClubs, 5Clubs, 4Clubs, 6Hearts, 4Hearts, 5Spades, 2Spades.
P1 HAND: ADiamonds, KDiamonds, 4Diamonds, QClubs, JHearts, QHearts, 3Hearts, 7Spades, 6Spades, 4Spades.
P2 HAND: JDiamonds, QDiamonds, 6Diamonds, AClubs, 7Clubs, JClubs, 6Clubs, 7Hearts, KHearts, ASpades.
P3 HAND: 2Diamonds, 3Clubs, 2Clubs, AHearts, 5Hearts, 2Hearts, KSpades, JSpades, QSpades, 3Spades.
P1 ADiamonds P2 6Diamonds 
