-- GAME --
P0 HAND: 6Diamonds, 2Diamonds, AClubs, JClubs, 4Clubs, 3Clubs, KHearts, 2Hearts, ASpades, 6Spades.
P1 HAND: QDiamonds, 5Diamonds, 3Diamonds, 6Clubs, 5Clubs, 7Hearts, JHearts, 4Hearts, 4Spades, 3Spades.
P2 HAND: 7Diamonds, JDiamonds, KClubs, 2Clubs, AHearts, 6Hearts, 5Hearts, 3Hearts, JSpades, 2Spades.
P3 HAND: ADiamonds, KDiamonds, 4Diamonds, 7Clubs, QClubs, QHearts, 7Spades, KSpades, QSpades, 5Spades.
P0 ASpades P1 3Spades P2 JSpades P3 5Spades 
P0 3Clubs P1 5Clubs P2 2Clubs P3 QClubs 
P3 ADiamonds P0 2Diamonds P1 QDiamonds P2 JDiamonds 
P3 4Diamonds P0 6Diamonds P1 3Diamonds P2 7Diamonds 
P2 AHearts P3 QHearts P0 KHearts P1 4Hearts 
P2 2Spades P3 QSpades P0 6Spades P1 4Spades 
P3 7Clubs P0 4Clubs P1 6Clubs P2 KClubs 
P3 KDiamonds P0 JClubs P1 5Diamonds P2 6Hearts 
P0 2Hearts P1 JHearts P2 3Hearts P3 7Spades 
P1 7Hearts P2 5Hearts P3 KSpades P0 AClubs 
-- /GAME --
P0 HAND: JDiamonds, JClubs, AHearts, 7Hearts, JHearts, 3Hearts, JSpades, QSpades, 6Spades, 5Spades.
P1 HAND: ADiamonds, KDiamonds, 6Diamonds, 5Diamonds, 2Diamonds, 7Clubs, 6Clubs, 4Clubs, 2Clubs, 3Spades.
P2 HAND: 7Diamonds, QDiamonds, 4Diamonds, QClubs, KHearts, 4Hearts, ASpades, 7Spades, KSpades, 2Spades.
P3 HAND: 3Diamonds, AClubs, KClubs, 5Clubs, 3Clubs, QHearts, 6Hearts, 5Hearts, 2Hearts, 4Spades.
P3 AClubs P0 JClubs P1 7Clubs P2 QClubs 
P3 2Hearts P0 AHearts P1 3Spades P2 4Hearts 
P1 2Diamonds P2 4Diamonds P3 3Diamonds P0 JDiamonds 
P0 3Hearts P1 2Clubs P2 KHearts P3 5Hearts 
P2 QDiamonds P3 3Clubs P0 JSpades P1 5Diamonds 
P0 5Spades P1 4Clubs P2 2Spades P3 4Spades 
P0 6Spades P1 6Diamonds P2 KSpades P3 5Clubs 
P2 7Spades P3 6Hearts P0 QSpades P1 6Clubs 
P2 ASpades P3 QHearts P0 7Hearts P1 KDiamonds 
P2 7Diamonds P3 KClubs P0 JHearts P1 ADiamonds 
-- /GAME --
P0 HAND: JDiamonds, 4Diamonds, AClubs, 4Clubs, 2Clubs, KHearts, 6Hearts, 4Hearts, 5Spades, 4Spades.
P1 HAND: ADiamonds, 7Diamonds, KDiamonds, 3Diamonds, JClubs, QClubs, 6Clubs, AHearts, JHearts, 5Hearts.
P2 HAND: QDiamonds, 5Diamonds, 7Clubs, KClubs, 3Hearts, 2Hearts, KSpades, JSpades, QSpades, 6Spades.
P3 HAND: 6Diamonds, 2Diamonds, 5Clubs, 3Clubs, 7Hearts, QHearts, ASpades, 7Spades, 3Spades, 2Spades.
P2 2Hearts P3 QHearts P0 4Hearts P1 AHearts 
P1 ADiamonds P2 5Diamonds P3 6Diamonds P0 4Diamonds 
P1 3Diamonds P2 QDiamonds P3 2Diamonds P0 JDiamonds 
P0 5Spades P1 5Hearts P2 6Spades P3 ASpades 
P3 2Spades P0 4Spades P1 6Clubs P2 QSpades 
P1 JHearts P2 3Hearts P3 7Hearts P0 6Hearts 
P3 3Spades P0 2Clubs P1 QClubs P2 JSpades 
P1 JClubs P2 KClubs P3 3Clubs P0 4Clubs 
P2 7Clubs P3 5Clubs P0 AClubs P1 KDiamonds 
P0 KHearts P1 7Diamonds P2 KSpades P3 7Spades 
-- /GAME --
P0 HAND: ADiamonds, KDiamonds, JDiamonds, 6Diamonds, 3Diamonds, 7Clubs, 6Clubs, JHearts, 3Hearts, 7Spades.
P1 HAND: 4Diamonds, 2Diamonds, 3Clubs, 2Clubs, QHearts, 6Hearts, 5Hearts, 4Hearts, ASpades, 4Spades.
P2 HAND: QDiamonds, AClubs, JClubs, 7Hearts, KHearts, KSpades, JSpades, QSpades, 6Spades, 5Spades.
P3 HAND: 7Diamonds, 5Diamonds, KClubs, QClubs, 5Clubs, 4Clubs, AHearts, 2Hearts, 3Spades, 2Spades.
P1 ASpades P2 5Spades P3 3Spades P0 7Spades 
P1 2Clubs P2 AClubs P3 4Clubs P0 7Clubs 
P2 6Spades P3 2Spades P0 6Clubs P1 4Spades 
P2 QSpades P3 2Hearts P0 3Diamonds P1 3Clubs 
P0 3Hearts P1 4Hearts P2 KHearts P3 AHearts 
P3 5Clubs P0 JHearts P1 5Hearts P2 JClubs 
P2 JSpades P3 QClubs P0 JDiamonds P1 6Hearts 
P0 6Diamonds P1 2Diamonds P2 QDiamonds P3 5Diamonds 
P2 KSpades P3 7Diamonds P0 ADiamonds P1 QHearts 
P0 KDiamonds P1 4Diamonds P2 7Hearts P3 KClubs 
-- /GAME --
P0 HAND: JDiamonds, QDiamonds, 2Diamonds, KClubs, JClubs, 5Clubs, 4Clubs, 3Clubs, 5Hearts, ASpades.
P1 HAND: 4Diamonds, 3Diamonds, AClubs, 4Hearts, 3Hearts, 7Spades, JSpades, QSpades, 6Spades, 3Spades.
P2 HAND: ADiamonds, 7Clubs, QClubs, 2Clubs, KHearts, JHearts, QHearts, 2Hearts, 5Spades, 4Spades.
P3 HAND: 7Diamonds, KDiamonds, 6Diamonds, 5Diamonds, 6Clubs, AHearts, 7Hearts, 6Hearts, KSpades, 2Spades.
P0 ASpades P1 3Spades P2 5Spades P3 2Spades 
P0 3Clubs P1 AClubs P2 2Clubs P3 6Clubs 
P1 3Diamonds P2 ADiamonds P3 5Diamonds P0 JDiamonds 
P2 2Hearts P3 AHearts P0 5Hearts P1 4Hearts 
P3 6Diamonds P0 QDiamonds P1 4Diamonds P2 KHearts 
P0 4Clubs P1 3Hearts P2 QClubs P3 6Hearts 
P2 4Spades P3 KSpades P0 5Clubs P1 6Spades 
P0 2Diamonds P1 QSpades P2 QHearts P3 7Diamonds 
P3 KDiamonds P0 JClubs P1 JSpades P2 JHearts 
P0 KClubs P1 7Spades P2 7Clubs P3 7Hearts 
-- /GAME --
P0 HAND: ADiamonds, 6Diamonds, 2Diamonds, KClubs, QClubs, 6Clubs, QHearts, 4Hearts, 6Spades, 4Spades.
P1 HAND: 7Diamonds, JDiamonds, 4Diamonds, 4Clubs, 2Clubs, 7Hearts, KHearts, JHearts, 6Hearts, 5Hearts.
P2 HAND: QDiamonds, JClubs, 5Clubs, 3Clubs, AHearts, 3Hearts, 2Hearts, 7Spades, QSpades, 2Spades.
P3 HAND: KDiamonds, 5Diamonds, 3Diamonds, AClubs, 7Clubs, ASpades, KSpades, JSpades, 5Spades, 3Spades.

