-- GAME --
P0 HAND: 7Diamonds, KDiamonds, JDiamonds, 5Diamonds, KClubs, KHearts, JHearts, QHearts, 5Spades, 3Spades.
P1 HAND: ADiamonds, 6Diamonds, 4Diamonds, 6Clubs, 5Clubs, AHearts, 7Hearts, KSpades, QSpades, 4Spades.
P2 HAND: QDiamonds, 3Diamonds, AClubs, JClubs, QClubs, 4Clubs, 2Clubs, ASpades, 6Spades, 2Spades.
P3 HAND: 2Diamonds, 7Clubs, 3Clubs, 6Hearts, 5Hearts, 4Hearts, 3Hearts, 2Hearts, 7Spades, JSpades.
P1 AHearts P2 3Diamonds P3 2Hearts P0 KHearts 
P2 2Clubs P3 3Clubs P0 KClubs P1 5Clubs 
P0 5Spades P1 4Spades P2 ASpades P3 JSpades 
P2 2Spades P3 7Spades P0 3Spades P1 KSpades 
P3 3Hearts P0 QHearts P1 7Hearts P2 QDiamonds 
P2 4Clubs P3 7Clubs P0 KDiamonds P1 6Clubs 
P0 JHearts P1 QSpades P2 AClubs P3 4Hearts 
P0 5Diamonds P1 4Diamonds P2 6Spades P3 2Diamonds 
P0 JDiamonds P1 6Diamonds P2 QClubs P3 5Hearts 
P0 7Diamonds P1 ADiamonds P2 JClubs P3 6Hearts 
-- /GAME --
P0 HAND: 4Diamonds, 3Diamonds, 2Diamonds, 7Clubs, 5Clubs, AHearts, KHearts, 3Hearts, ASpades, 2Spades.
P1 HAND: AClubs, 4Clubs, 7Hearts, QHearts, 6Hearts, 4Hearts, 2Hearts, 7Spades, QSpades, 3Spades.
P2 HAND: ADiamonds, KDiamonds, JDiamonds, 6Diamonds, 5Diamonds, JClubs, QClubs, JSpades, 6Spades, 5Spades.
P3 HAND: 7Diamonds, QDiamonds, KClubs, 6Clubs, 3Clubs, 2Clubs, JHearts, 5Hearts, KSpades, 4Spades.

