-- GAME --
P0 HAND: KDiamonds, 6Diamonds, 4Diamonds, 2Diamonds, 7Clubs, 6Clubs, QHearts, ASpades, JSpades, 5Spades.
P1 HAND: ADiamonds, 7Diamonds, JDiamonds, 5Diamonds, AClubs, QClubs, 2Clubs, AHearts, 3Hearts, KSpades.
P2 HAND: KClubs, JClubs, 4Clubs, 3Clubs, 7Hearts, KHearts, JHearts, 6Hearts, 5Hearts, QSpades.
P3 HAND: QDiamonds, 3Diamonds, 5Clubs, 4Hearts, 2Hearts, 7Spades, 6Spades, 4Spades, 3Spades, 2Spades.
P2 3Clubs P3 5Clubs P0 6Clubs P1 AClubs 
P1 AHearts P2 5Hearts P3 4Hearts P0 QHearts 
P1 2Clubs P2 4Clubs P3 2Hearts P0 7Clubs 
P0 6Diamonds P1 5Diamonds P2 6Hearts P3 3Diamonds 
P0 2Diamonds P1 JDiamonds P2 QSpades P3 QDiamonds 
P1 3Hearts P2 JHearts P3 2Spades P0 JSpades 
P2 JClubs P3 3Spades P0 5Spades P1 QClubs 
P2 KClubs P3 4Spades P0 4Diamonds P1 7Diamonds 
P1 ADiamonds P2 KHearts P3 6Spades P0 KDiamonds 
P1 KSpades P2 7Hearts P3 7Spades P0 ASpades 
-- /GAME --
P0 HAND: KDiamonds, 6Diamonds, 5Clubs, 2Clubs, QHearts, 2Hearts, ASpades, 6Spades, 5Spades, 3Spades.
P1 HAND: 5Diamonds, 4Diamonds, AClubs, JClubs, 6Clubs, 4Clubs, KHearts, 4Hearts, 3Hearts, 2Spades.
P2 HAND: 7Diamonds, JDiamonds, 2Diamonds, 7Clubs, QClubs, 3Clubs, 7Hearts, JHearts, 6Hearts, JSpades.
P3 HAND: ADiamonds, QDiamonds, 3Diamonds, KClubs, AHearts, 5Hearts, 7Spades, KSpades, QSpades, 4Spades.
P1 AClubs P2 3Clubs P3 KClubs P0 2Clubs 
P1 3Hearts P2 6Hearts P3 AHearts P0 2Hearts 
P3 ADiamonds P0 6Diamonds P1 5Diamonds P2 2Diamonds 
P3 3Diamonds P0 KDiamonds P1 4Diamonds P2 7Diamonds 
P2 QClubs P3 5Hearts P0 5Clubs P1 JClubs 
P1 4Clubs P2 7Clubs P3 4Spades P0 6Spades 
P0 QHearts P1 4Hearts P2 JHearts P3 QSpades 
P3 QDiamonds P0 3Spades P1 6Clubs P2 JDiamonds 
P0 5Spades P1 2Spades P2 JSpades P3 KSpades 
P3 7Spades P0 ASpades P1 KHearts P2 7Hearts 
-- /GAME --

