-- GAME --
P0 HAND: KDiamonds, 6Diamonds, 5Diamonds, 3Diamonds, 6Clubs, AHearts, 2Hearts, ASpades, 7Spades, 3Spades.
P1 HAND: 7Diamonds, 2Diamonds, AClubs, KClubs, JClubs, 2Clubs, 7Hearts, KHearts, 6Hearts, QSpades.
P2 HAND: JDiamonds, 4Diamonds, 7Clubs, 5Clubs, 3Clubs, JHearts, QHearts, 5Hearts, KSpades, 2Spades.
P3 HAND: ADiamonds, QDiamonds, QClubs, 4Clubs, 4Hearts, 3Hearts, JSpades, 6Spades, 5Spades, 4Spades.
P2 2Spades P3 4Spades P0 3Spades P1 QSpades 
P1 2Diamonds P2 4Diamonds P3 ADiamonds P0 3Diamonds 
P3 3Hearts P0 2Hearts P1 6Hearts P2 JHearts 
P2 5Hearts P3 4Hearts P0 AHearts P1 KHearts 
P0 6Diamonds P1 7Diamonds P2 JDiamonds P3 QDiamonds 
P1 2Clubs P2 3Clubs P3 4Clubs P0 6Clubs 
P0 5Diamonds P1 JClubs P2 QHearts P3 JSpades 
P1 KClubs P2 5Clubs P3 QClubs P0 KDiamonds 
P1 AClubs P2 7Clubs P3 5Spades P0 7Spades 
P1 7Hearts P2 KSpades P3 6Spades P0 ASpades 
-- /GAME --
P0 HAND: 7Diamonds, 7Clubs, QClubs, 5Clubs, 3Clubs, KHearts, 3Hearts, ASpades, 7Spades, QSpades.
P1 HAND: KDiamonds, QDiamonds, 6Diamonds, 4Diamonds, AClubs, 4Clubs, 7Hearts, 4Hearts, 5Spades, 2Spades.
P2 HAND: ADiamonds, 2Diamonds, KClubs, 2Clubs, AHearts, QHearts, 5Hearts, 2Hearts, JSpades, 4Spades.
P3 HAND: JDiamonds, 5Diamonds, 3Diamonds, JClubs, 6Clubs, JHearts, 6Hearts, KSpades, 6Spades, 3Spades.
P1 AClubs P2 2Clubs P3 JClubs P0 3Clubs 
P1 4Diamonds P2 ADiamonds P3 3Diamonds P0 7Diamonds 
P2 AHearts P3 6Hearts P0 3Hearts P1 4Hearts 
P2 2Diamonds P3 5Diamonds P0 5Clubs P1 KDiamonds 
P1 4Clubs P2 KClubs P3 6Clubs P0 7Clubs 
P0 7Spades P1 2Spades P2 4Spades P3 3Spades 
P0 ASpades P1 5Spades P2 JSpades P3 6Spades 
P0 KHearts P1 7Hearts P2 2Hearts P3 JHearts 
P1 6Diamonds P2 5Hearts P3 JDiamonds P0 QClubs 
P3 KSpades P0 QSpades P1 QDiamonds P2 QHearts 
-- /GAME --
P0 HAND: 7Clubs, QClubs, 5Clubs, 4Clubs, 2Clubs, QHearts, 3Hearts, 7Spades, KSpades, QSpades.
P1 HAND: KDiamonds, 5Diamonds, AClubs, KClubs, 6Clubs, AHearts, 7Hearts, JHearts, 4Hearts, 2Spades.
P2 HAND: ADiamonds, 7Diamonds, QDiamonds, 2Diamonds, JClubs, 3Clubs, KHearts, 6Hearts, 5Spades, 3Spades.
P3 HAND: JDiamonds, 6Diamonds, 4Diamonds, 3Diamonds, 5Hearts, 2Hearts, ASpades, JSpades, 6Spades, 4Spades.
P0 2Clubs P1 AClubs P2 3Clubs P3 JDiamonds 
P1 AHearts P2 6Hearts P3 5Hearts P0 3Hearts 
P1 4Hearts P2 KHearts P3 2Hearts P0 QHearts 
P2 2Diamonds P3 3Diamonds P0 QSpades P1 5Diamonds 
P0 4Clubs P1 6Clubs P2 JClubs P3 4Diamonds 
P2 QDiamonds P3 6Diamonds P0 7Spades P1 KDiamonds 
P0 QClubs P1 KClubs P2 3Spades P3 4Spades 
P3 6Spades P0 KSpades P1 2Spades P2 5Spades 
P0 5Clubs P1 JHearts P2 7Diamonds P3 JSpades 
P3 ASpades P0 7Clubs P1 7Hearts P2 ADiamonds 
-- /GAME --
P0 HAND: 7Diamonds, QDiamonds, 5Diamonds, QClubs, 3Clubs, JHearts, QHearts, KSpades, JSpades, 2Spades.
P1 HAND: ADiamonds, 6Diamonds, 4Diamonds, 3Diamonds, KClubs, 2Clubs, AHearts, 5Hearts, 3Hearts, 7Spades.
P2 HAND: 2Diamonds, 5Clubs, 4Clubs, KHearts, 4Hearts, 2Hearts, ASpades, QSpades, 4Spades, 3Spades.
P3 HAND: KDiamonds, JDiamonds, AClubs, 7Clubs, JClubs, 6Clubs, 7Hearts, 6Hearts, 6Spades, 5Spades.
P3 5Spades P0 2Spades P1 7Spades P2 ASpades 
P2 2Diamonds P3 JDiamonds P0 5Diamonds P1 ADiamonds 
P1 AHearts P2 2Hearts P3 7Hearts P0 QHearts 
P1 3Diamonds P2 3Spades P3 KDiamonds P0 7Diamonds 
P0 JSpades P1 3Hearts P2 4Spades P3 6Spades 
P0 KSpades P1 4Diamonds P2 QSpades P3 6Clubs 
P3 6Hearts P0 JHearts P1 5Hearts P2 KHearts 
P2 4Hearts P3 JClubs P0 QClubs P1 6Diamonds 
P3 7Clubs P0 3Clubs P1 2Clubs P2 4Clubs 
P3 AClubs P0 QDiamonds P1 KClubs P2 5Clubs 
-- /GAME --

