-- GAME --
P0 HAND: QDiamonds, KClubs, 6Clubs, 4Clubs, QHearts, 6Hearts, 5Hearts, KSpades, 5Spades, 4Spades.
P1 HAND: KDiamonds, JDiamonds, 5Diamonds, 3Diamonds, JClubs, 3Clubs, 7Spades, JSpades, QSpades, 2Spades.
P2 HAND: ADiamonds, 7Diamonds, 2Diamonds, 7Clubs, 5Clubs, 2Clubs, AHearts, 7Hearts, 4Hearts, 3Hearts.
P3 HAND: 6Diamonds, 4Diamonds, AClubs, QClubs, KHearts, JHearts, 2Hearts, ASpades, 6Spades, 3Spades.
P3 AClubs P0 4Clubs P1 JClubs P2 2Clubs 
P3 ASpades P0 4Spades P1 7Spades P2 3Hearts 
P2 ADiamonds P3 4Diamonds P0 QDiamonds P1 3Diamonds 
P2 2Diamonds P3 6Diamonds P0 6Clubs P1 KDiamonds 
P1 2Spades P2 5Clubs P3 3Spades P0 KSpades 
P0 5Spades P1 QSpades P2 4Hearts P3 6Spades 
P2 7Hearts P3 2Hearts P0 5Hearts P1 3Clubs 
P2 AHearts P3 JHearts P0 6Hearts P1 5Diamonds 
P2 7Diamonds P3 KHearts P0 KClubs P1 JDiamonds 
P3 QClubs P0 QHearts P1 JSpades P2 7Clubs 
-- /GAME --
P0 HAND: ADiamonds, KDiamonds, 5Clubs, 4Hearts, 3Hearts, ASpades, 7Spades, KSpades, 6Spades, 5Spades.
P1 HAND: 6Diamonds, 4Diamonds, 7Clubs, JClubs, AHearts, 6Hearts, 2Hearts, JSpades, 4Spades, 3Spades.
P2 HAND: JDiamonds, QDiamonds, 2Diamonds, AClubs, QClubs, 6Clubs, 4Clubs, JHearts, QHearts, 5Hearts.
P3 HAND: 7Diamonds, 5Diamonds, 3Diamonds, KClubs, 3Clubs, 2Clubs, 7Hearts, KHearts, QSpades, 2Spades.
P1 AHearts P2 5Hearts P3 7Hearts P0 3Hearts 
P1 2Hearts P2 QHearts P3 KHearts P0 4Hearts 
P3 2Clubs P0 5Clubs P1 JClubs P2 AClubs 
P2 2Diamonds P3 3Diamonds P0 KDiamonds P1 4Diamonds 
P0 ASpades P1 3Spades P2 JDiamonds P3 2Spades 
P0 7Spades P1 4Spades P2 JHearts P3 QSpades 
P0 ADiamonds P1 6Diamonds P2 QDiamonds P3 5Diamonds 
P0 KSpades P1 JSpades P2 QClubs P3 3Clubs 
P0 6Spades P1 6Hearts P2 4Clubs P3 KClubs 

