-- GAME --
P0 HAND: ADiamonds, 7Diamonds, 6Diamonds, 3Diamonds, QClubs, 6Clubs, JHearts, QHearts, 7Spades, 6Spades.
P1 HAND: KDiamonds, 5Diamonds, KClubs, 4Clubs, 3Clubs, 2Clubs, AHearts, 3Hearts, ASpades, 5Spades.
P2 HAND: QDiamonds, 2Diamonds, AClubs, 5Clubs, KHearts, 5Hearts, KSpades, JSpades, 3Spades, 2Spades.
P3 HAND: JDiamonds, 4Diamonds, 7Clubs, JClubs, 7Hearts, 6Hearts, 4Hearts, 2Hearts, QSpades, 4Spades.
P0 ADiamonds P1 5Diamonds P2 QDiamonds P3 4Diamonds 
P0 6Clubs P1 2Clubs P2 AClubs P3 JClubs 
P2 2Diamonds P3 JDiamonds P0 7Diamonds P1 KDiamonds 
P0 QClubs P1 3Clubs P2 5Clubs P3 7Clubs 
P3 4Spades P0 6Spades P1 ASpades P2 2Spades 
P1 4Clubs P2 3Spades P3 QSpades P0 7Spades 
P1 5Spades P2 JSpades P3 2Hearts P0 6Diamonds 
P3 4Hearts P0 JHearts P1 3Hearts P2 5Hearts 
P0 3Diamonds P1 AHearts P2 KSpades P3 6Hearts 
P1 KClubs P2 KHearts P3 7Hearts P0 QHearts 
-- /GAME --
P0 HAND: QDiamonds, 2Diamonds, AClubs, KHearts, JHearts, 6Hearts, 7Spades, QSpades, 5Spades, 2Spades.
P1 HAND: KDiamonds, JDiamonds, 4Diamonds, 3Diamonds, QClubs, 2Clubs, QHearts, 5Hearts, 6Spades, 3Spades.
P2 HAND: 6Diamonds, 5Diamonds, 7Clubs, 6Clubs, 5Clubs, 4Clubs, AHearts, 3Hearts, ASpades, JSpades.
P3 HAND: ADiamonds, 7Diamonds, KClubs, JClubs, 3Clubs, 7Hearts, 4Hearts, 2Hearts, KSpades, 4Spades.
P3 2Hearts P0 6Hearts P1 5Hearts P2 AHearts 
P2 ASpades P3 4Spades P0 7Spades P1 3Spades 
P2 3Hearts P3 4Hearts P0 JHearts P1 QHearts 
P0 AClubs P1 2Clubs P2 7Clubs P3 3Clubs 
P0 KHearts P1 6Spades P2 4Clubs P3 7Hearts 
P3 JClubs P0 QDiamonds P1 QClubs P2 6Clubs 
P0 QSpades P1 3Diamonds P2 JSpades P3 KSpades 
P1 4Diamonds P2 5Diamonds P3 7Diamonds P0 2Diamonds 
P3 ADiamonds P0 2Spades P1 JDiamonds P2 6Diamonds 
P3 KClubs P0 5Spades P1 KDiamonds P2 5Clubs 
-- /GAME --
P0 HAND: 6Diamonds, KClubs, JClubs, QClubs, 6Clubs, 7Hearts, 4Hearts, 3Hearts, 2Hearts, JSpades.
P1 HAND: ADiamonds, JDiamonds, 4Diamonds, 3Diamonds, 7Clubs, 2Clubs, 7Spades, KSpades, 6Spades, 4Spades.
P2 HAND: QDiamonds, 2Diamonds, AClubs, 5Clubs, 4Clubs, 3Clubs, JHearts, QSpades, 5Spades, 3Spades.
P3 HAND: 7Diamonds, KDiamonds, 5Diamonds, AHearts, KHearts, QHearts, 6Hearts, 5Hearts, ASpades, 2Spades.
P2 AClubs P3 5Diamonds P0 6Clubs P1 7Clubs 
P3 2Spades P0 JSpades P1 4Spades P2 QSpades 
P0 QClubs P1 2Clubs P2 3Clubs P3 5Hearts 
P0 JClubs P1 6Spades P2 4Clubs P3 6Hearts 
P0 KClubs P1 3Diamonds P2 5Clubs P3 AHearts 
P1 4Diamonds P2 2Diamonds P3 KDiamonds P0 6Diamonds 
P3 QHearts P0 7Hearts P1 JDiamonds P2 JHearts 
P1 ADiamonds P2 QDiamonds P3 7Diamonds P0 2Hearts 
P1 KSpades P2 3Spades P3 ASpades P0 3Hearts 
P3 KHearts P0 4Hearts P1 7Spades P2 5Spades 
-- /GAME --
P0 HAND: ADiamonds, 6Diamonds, AClubs, KClubs, 2Hearts, KSpades, JSpades, 5Spades, 4Spades, 3Spades.
P1 HAND: 7Diamonds, QDiamonds, 5Diamonds, 3Clubs, 2Clubs, JHearts, QHearts, 5Hearts, 4Hearts, 7Spades.
P2 HAND: KDiamonds, 3Diamonds, JClubs, QClubs, 4Clubs, AHearts, KHearts, 6Hearts, 3Hearts, 6Spades.
P3 HAND: JDiamonds, 4Diamonds, 2Diamonds, 7Clubs, 6Clubs, 5Clubs, 7Hearts, ASpades, QSpades, 2Spades.
P1 2Clubs P2 4Clubs P3 5Clubs P0 KClubs 
P0 2Hearts P1 4Hearts P2 3Hearts P3 7Hearts 
P3 ASpades P0 3Spades P1 7Spades P2 6Spades 
P3 2Diamonds P0 ADiamonds P1 5Diamonds P2 KDiamonds 
P0 AClubs P1 3Clubs P2 JClubs P3 6Clubs 
P0 KSpades P1 QDiamonds P2 QClubs P3 2Spades 
P0 JSpades P1 5Hearts P2 3Diamonds P3 QSpades 
P1 QHearts P2 6Hearts P3 4Diamonds P0 4Spades 
P1 JHearts P2 KHearts P3 JDiamonds P0 5Spades 
P2 AHearts P3 7Clubs P0 6Diamonds P1 7Diamonds 
-- /GAME --
P0 HAND: 5Diamonds, AClubs, JClubs, 5Clubs, 3Clubs, JHearts, QHearts, 4Hearts, ASpades, 2Spades.
P1 HAND: 2Diamonds, 7Clubs, 2Clubs, AHearts, 7Hearts, KHearts, 5Hearts, 3Hearts, 7Spades, 6Spades.
P2 HAND: ADiamonds, 7Diamonds, QDiamonds, 6Diamonds, 4Diamonds, KClubs, 6Clubs, KSpades, JSpades, 3Spades.
P3 HAND: KDiamonds, JDiamonds, 3Diamonds, QClubs, 4Clubs, 6Hearts, 2Hearts, QSpades, 5Spades, 4Spades.
P0 5Diamonds P1 2Diamonds P2 ADiamonds P3 3Diamonds 
P2 4Diamonds P3 JDiamonds P0 2Spades P1 2Clubs 
P0 AClubs P1 7Clubs P2 KClubs P3 4Clubs 
P0 JClubs P1 3Hearts P2 6Clubs P3 QClubs 
P0 4Hearts P1 AHearts P2 3Spades P3 2Hearts 
P2 6Diamonds P3 KDiamonds P0 ASpades P1 5Hearts 
P0 JHearts P1 KHearts P2 JSpades P3 6Hearts 
P2 QDiamonds P3 4Spades P0 3Clubs P1 7Hearts 
P3 5Spades P0 QHearts P1 6Spades P2 KSpades 
P2 7Diamonds P3 QSpades P0 5Clubs P1 7Spades 
-- /GAME --
P0 HAND: KDiamonds, JDiamonds, 2Diamonds, AClubs, QClubs, 4Clubs, 3Clubs, 2Clubs, AHearts, 3Spades.
P1 HAND: 5Diamonds, 3Diamonds, KClubs, JClubs, 6Clubs, 6Hearts, ASpades, 7Spades, QSpades, 4Spades.
P2 HAND: 6Diamonds, 7Clubs, 7Hearts, QHearts, 5Hearts, 4Hearts, 3Hearts, 2Hearts, 6Spades, 2Spades.
P3 HAND: ADiamonds, 7Diamonds, QDiamonds, 4Diamonds, 5Clubs, KHearts, JHearts, KSpades, JSpades, 5Spades.
P3 ADiamonds P0 2Diamonds P1 5Diamonds P2 6Diamonds 
P3 4Diamonds P0 JDiamonds P1 3Diamonds P2 7Clubs 
P0 AClubs P1 6Clubs P2 6Spades P3 5Clubs 
P0 KDiamonds P1 4Spades P2 2Spades P3 7Diamonds 
P3 5Spades P0 3Spades P1 ASpades P2 2Hearts 
P2 3Hearts P3 JHearts P0 AHearts P1 6Hearts 
P0 QClubs P1 JClubs P2 4Hearts P3 KHearts 
P3 QDiamonds P0 2Clubs P1 QSpades P2 5Hearts 
P2 QHearts P3 JSpades P0 3Clubs P1 KClubs 
P2 7Hearts P3 KSpades P0 4Clubs P1 7Spades 
-- /GAME --
P0 HAND: 7Diamonds, 6Diamonds, 5Diamonds, 2Diamonds, 7Clubs, JClubs, QClubs, AHearts, QHearts, 2Hearts.
P1 HAND: 4Diamonds, KClubs, 5Clubs, 4Clubs, 3Clubs, 7Hearts, KHearts, 6Hearts, KSpades, 2Spades.
P2 HAND: KDiamonds, JDiamonds, 3Diamonds, AClubs, 5Hearts, ASpades, JSpades, 5Spades, 4Spades, 3Spades.
P3 HAND: ADiamonds, QDiamonds, 6Clubs, 2Clubs, JHearts, 4Hearts, 3Hearts, 7Spades, QSpades, 6Spades.

