-- GAME --
P0 HAND: JDiamonds, QDiamonds, 5Diamonds, 3Diamonds, 7Hearts, QHearts, 4Hearts, 3Hearts, JSpades, 3Spades.
P1 HAND: 6Diamonds, 2Diamonds, KClubs, JClubs, QClubs, 4Clubs, 6Hearts, 5Hearts, 7Spades, 2Spades.
P2 HAND: ADiamonds, 7Diamonds, 6Clubs, 5Clubs, AHearts, JHearts, 2Hearts, ASpades, 6Spades, 4Spades.
P3 HAND: KDiamonds, 4Diamonds, AClubs, 7Clubs, 3Clubs, 2Clubs, KHearts, KSpades, QSpades, 5Spades.
P1 2Diamonds P2 ADiamonds P3 4Diamonds P0 JDiamonds 
P2 ASpades P3 5Spades P0 JSpades P1 2Spades 
P2 4Spades P3 QSpades P0 3Spades P1 7Spades 
P1 4Clubs P2 5Clubs P3 AClubs P0 7Hearts 
P0 3Diamonds P1 6Diamonds P2 7Diamonds P3 KDiamonds 
P2 6Clubs P3 2Clubs P0 QHearts P1 QClubs 
P0 QDiamonds P1 5Hearts P2 6Spades P3 7Clubs 
P1 JClubs P2 2Hearts P3 3Clubs P0 5Diamonds 
P2 JHearts P3 KHearts P0 3Hearts P1 6Hearts 
P3 KSpades P0 4Hearts P1 KClubs P2 AHearts 
-- /GAME --
P0 HAND: ADiamonds, QDiamonds, 2Diamonds, JClubs, 2Clubs, 3Hearts, 6Spades, 5Spades, 4Spades, 2Spades.
P1 HAND: JDiamonds, 6Diamonds, 7Clubs, 6Clubs, JHearts, 5Hearts, 4Hearts, ASpades, 7Spades, KSpades.
P2 HAND: KDiamonds, 5Diamonds, QClubs, 5Clubs, AHearts, KHearts, 6Hearts, JSpades, QSpades, 3Spades.
P3 HAND: 7Diamonds, 4Diamonds, 3Diamonds, AClubs, KClubs, 4Clubs, 3Clubs, 7Hearts, QHearts, 2Hearts.
P0 ADiamonds P1 6Diamonds P2 KDiamonds P3 3Diamonds 
P0 6Spades P1 ASpades P2 3Spades P3 AClubs 
P1 7Clubs P2 5Clubs P3 KClubs P0 2Clubs 
P1 6Clubs P2 QClubs P3 3Clubs P0 JClubs 
P0 QDiamonds P1 JDiamonds P2 5Diamonds P3 7Diamonds 
P3 4Diamonds P0 2Diamonds P1 4Hearts P2 QSpades 
P1 5Hearts P2 6Hearts P3 2Hearts P0 3Hearts 
P2 JSpades P3 4Clubs P0 2Spades P1 7Spades 
P1 JHearts P2 KHearts P3 7Hearts P0 4Spades 
P3 QHearts P0 5Spades P1 KSpades P2 AHearts 
-- /GAME --
P0 HAND: 7Diamonds, 4Diamonds, AClubs, 6Clubs, 2Clubs, 7Hearts, 6Hearts, 5Hearts, 4Spades, 2Spades.
P1 HAND: KDiamonds, 6Diamonds, 7Clubs, QClubs, 5Clubs, 3Clubs, JHearts, JSpades, QSpades, 5Spades.
P2 HAND: ADiamonds, 5Diamonds, KClubs, 4Clubs, KHearts, 4Hearts, 3Hearts, 2Hearts, ASpades, 7Spades.
P3 HAND: JDiamonds, QDiamonds, 3Diamonds, 2Diamonds, JClubs, AHearts, QHearts, KSpades, 6Spades, 3Spades.
P3 AHearts P0 5Hearts P1 JHearts P2 2Hearts 
P3 3Spades P0 2Spades P1 5Spades P2 ASpades 
P2 3Hearts P3 QHearts P0 6Hearts P1 7Clubs 
P3 6Spades P0 4Spades P1 QSpades P2 7Spades 
P2 4Clubs P3 JClubs P0 AClubs P1 3Clubs 
P0 6Clubs P1 5Clubs P2 KClubs P3 2Diamonds 
P3 3Diamonds P0 7Diamonds P1 6Diamonds P2 5Diamonds 
P0 4Diamonds P1 KDiamonds P2 ADiamonds P3 QDiamonds 
P2 4Hearts P3 JDiamonds P0 7Hearts P1 JSpades 
P3 KSpades P0 2Clubs P1 QClubs P2 KHearts 
-- /GAME --
P0 HAND: ADiamonds, QDiamonds, 2Diamonds, 5Clubs, 4Clubs, 3Clubs, 5Hearts, JSpades, 6Spades, 3Spades.
P1 HAND: 7Diamonds, JDiamonds, AClubs, KClubs, JClubs, QClubs, JHearts, ASpades, 4Spades, 2Spades.
P2 HAND: 4Diamonds, 7Clubs, 2Clubs, 7Hearts, KHearts, 4Hearts, 3Hearts, 2Hearts, 7Spades, QSpades.
P3 HAND: KDiamonds, 6Diamonds, 5Diamonds, 3Diamonds, 6Clubs, AHearts, QHearts, 6Hearts, KSpades, 5Spades.
P2 2Clubs P3 6Clubs P0 4Clubs P1 AClubs 
P1 ASpades P2 QSpades P3 KSpades P0 3Spades 
P1 2Spades P2 7Spades P3 5Spades P0 JSpades 
P2 4Diamonds P3 3Diamonds P0 2Diamonds P1 7Diamonds 
P1 4Spades P2 2Hearts P3 5Diamonds P0 6Spades 
P2 3Hearts P3 6Hearts P0 5Hearts P1 JHearts 
P1 QClubs P2 7Clubs P3 QHearts P0 3Clubs 
P3 6Diamonds P0 ADiamonds P1 JDiamonds P2 4Hearts 
P2 KHearts P3 AHearts P0 5Clubs P1 KClubs 
P3 KDiamonds P0 QDiamonds P1 JClubs P2 7Hearts 
-- /GAME --
P0 HAND: KDiamonds, 4Diamonds, AClubs, JClubs, QClubs, 7Hearts, 6Hearts, 4Hearts, QSpades, 6Spades.
P1 HAND: ADiamonds, QDiamonds, 6Diamonds, 5Diamonds, 4Clubs, QHearts, 3Hearts, 2Hearts, 7Spades, 4Spades.
P2 HAND: JDiamonds, 3Diamonds, KClubs, 6Clubs, 5Clubs, AHearts, ASpades, JSpades, 5Spades, 2Spades.
P3 HAND: 7Diamonds, 2Diamonds, 7Clubs, 3Clubs, 2Clubs, KHearts, JHearts, 5Hearts, KSpades, 3Spades.
P1 ADiamonds P2 3Diamonds P3 7Diamonds P0 4Diamonds 
P1 2Hearts P2 AHearts P3 5Hearts P0 7Hearts 
P2 ASpades P3 3Spades P0 QSpades P1 4Spades 
P2 2Spades P3 KSpades P0 6Spades P1 7Spades 
P1 3Hearts P2 5Spades P3 KHearts P0 4Hearts 
P3 2Diamonds P0 KDiamonds P1 5Diamonds P2 JDiamonds 
P0 6Hearts P1 QHearts P2 5Clubs P3 JHearts 
P2 JSpades P3 2Clubs P0 QClubs P1 6Diamonds 
P0 AClubs P1 4Clubs P2 6Clubs P3 3Clubs 
P0 JClubs P1 QDiamonds P2 KClubs P3 7Clubs 
-- /GAME --
P0 HAND: ADiamonds, QDiamonds, 6Diamonds, 7Clubs, JClubs, 2Clubs, 2Hearts, 7Spades, QSpades, 5Spades.
P1 HAND: JDiamonds, 5Diamonds, AClubs, KClubs, 6Clubs, 4Clubs, AHearts, KHearts, JHearts, 6Spades.
P2 HAND: 3Diamonds, 2Diamonds, QClubs, 3Clubs, QHearts, 5Hearts, JSpades, 4Spades, 3Spades, 2Spades.
P3 HAND: 7Diamonds, KDiamonds, 4Diamonds, 5Clubs, 7Hearts, 6Hearts, 4Hearts, 3Hearts, ASpades, KSpades.
P0 2Hearts P1 JHearts P2 5Hearts P3 3Hearts 
P1 AClubs P2 3Clubs P3 5Clubs P0 2Clubs 
P1 4Clubs P2 QClubs P3 4Diamonds P0 7Clubs 
P0 ADiamonds P1 5Diamonds P2 3Diamonds P3 KDiamonds 
P0 JClubs P1 6Clubs P2 2Diamonds P3 4Hearts 
P3 ASpades P0 5Spades P1 6Spades P2 2Spades 
P3 6Hearts P0 6Diamonds P1 KHearts P2 QHearts 
P1 JDiamonds P2 3Spades P3 7Diamonds P0 QDiamonds 
P3 7Hearts P0 QSpades P1 AHearts P2 4Spades 
P1 KClubs P2 JSpades P3 KSpades P0 7Spades 
-- /GAME --

