-- GAME --
P0 HAND: KDiamonds, 6Diamonds, QClubs, 6Clubs, 4Clubs, KHearts, 5Hearts, 3Hearts, 6Spades, 3Spades.
P1 HAND: ADiamonds, 4Diamonds, 7Clubs, JClubs, 5Clubs, 3Clubs, QHearts, JSpades, 5Spades, 4Spades.
P2 HAND: QDiamonds, 3Diamonds, AClubs, KClubs, AHearts, 6Hearts, 4Hearts, 2Hearts, KSpades, 2Spades.
P3 HAND: 7Diamonds, JDiamonds, 5Diamonds, 2Diamonds, 2Clubs, 7Hearts, JHearts, ASpades, 7Spades, QSpades.
P2 AClubs P3 2Clubs P0 QClubs P1 3Clubs 
P2 2Spades P3 ASpades P0 3Spades P1 JSpades 
P3 2Diamonds P0 6Diamonds P1 ADiamonds P2 3Diamonds 
P1 4Diamonds P2 QDiamonds P3 5Diamonds P0 KDiamonds 
P0 6Spades P1 4Spades P2 KSpades P3 7Spades 
P3 QSpades P0 3Hearts P1 5Spades P2 KClubs 
P0 4Clubs P1 5Clubs P2 2Hearts P3 JHearts 
P3 JDiamonds P0 KHearts P1 JClubs P2 4Hearts 
P0 6Clubs P1 7Clubs P2 6Hearts P3 7Hearts 
P3 7Diamonds P0 5Hearts P1 QHearts P2 AHearts 
-- /GAME --
P0 HAND: 7Diamonds, QDiamonds, KClubs, JClubs, QClubs, 3Clubs, 2Clubs, 7Hearts, 3Hearts, 5Spades.
P1 HAND: 5Diamonds, 4Diamonds, AClubs, 7Clubs, 6Clubs, 5Clubs, JHearts, 5Hearts, 7Spades, QSpades.
P2 HAND: KDiamonds, 4Clubs, KHearts, QHearts, 6Hearts, 4Hearts, ASpades, KSpades, 4Spades, 2Spades.
P3 HAND: ADiamonds, JDiamonds, 6Diamonds, 3Diamonds, 2Diamonds, AHearts, 2Hearts, JSpades, 6Spades, 3Spades.
P1 AClubs P2 4Clubs P3 ADiamonds P0 2Clubs 
P1 4Diamonds P2 KDiamonds P3 2Diamonds P0 7Diamonds 
P0 3Hearts P1 5Hearts P2 4Hearts P3 AHearts 
P3 2Hearts P0 7Hearts P1 JHearts P2 KHearts 
P0 QDiamonds P1 5Diamonds P2 6Hearts P3 JDiamonds 
P3 3Diamonds P0 5Spades P1 5Clubs P2 QHearts 
P0 QClubs P1 6Clubs P2 2Spades P3 6Diamonds 
P2 4Spades P3 3Spades P0 3Clubs P1 QSpades 
P1 7Spades P2 ASpades P3 6Spades P0 KClubs 
P2 KSpades P3 JSpades P0 JClubs P1 7Clubs 
-- /GAME --
P0 HAND: 6Diamonds, 5Diamonds, 2Diamonds, AClubs, JClubs, 3Clubs, 6Hearts, 5Hearts, 7Spades, QSpades.
P1 HAND: 7Diamonds, JDiamonds, KClubs, 6Clubs, QHearts, 4Hearts, ASpades, KSpades, 6Spades, 2Spades.
P2 HAND: KDiamonds, 7Clubs, QClubs, 4Clubs, 7Hearts, JHearts, 2Hearts, JSpades, 5Spades, 3Spades.
P3 HAND: ADiamonds, QDiamonds, 4Diamonds, 3Diamonds, 5Clubs, 2Clubs, AHearts, KHearts, 3Hearts, 4Spades.
P0 AClubs P1 6Clubs P2 7Clubs P3 2Clubs 
P0 5Hearts P1 4Hearts P2 2Hearts P3 AHearts 
P3 3Hearts P0 6Hearts P1 QHearts P2 7Hearts 
P2 3Spades P3 4Spades P0 7Spades P1 ASpades 
P1 2Spades P2 5Spades P3 5Clubs P0 QSpades 
P0 JClubs P1 KClubs P2 4Clubs P3 KHearts 
P1 6Spades P2 JSpades P3 3Diamonds P0 5Diamonds 
P0 3Clubs P1 JDiamonds P2 QClubs P3 4Diamonds 
P1 7Diamonds P2 KDiamonds P3 QDiamonds P0 2Diamonds 
P1 KSpades P2 JHearts P3 ADiamonds P0 6Diamonds 
-- /GAME --
P0 HAND: QDiamonds, 6Diamonds, 5Diamonds, JClubs, QClubs, 4Clubs, 3Clubs, ASpades, KSpades, JSpades.
P1 HAND: 4Diamonds, AClubs, 7Clubs, 2Clubs, 7Hearts, KHearts, 6Hearts, 3Hearts, 2Hearts, 3Spades.
P2 HAND: ADiamonds, 7Diamonds, 6Clubs, 5Clubs, 5Hearts, 7Spades, 6Spades, 5Spades, 4Spades, 2Spades.
P3 HAND: KDiamonds, JDiamonds, 3Diamonds, 2Diamonds, KClubs, AHearts, JHearts, QHearts, 4Hearts, QSpades.
P3 AHearts P0 JSpades P1 2Hearts P2 5Hearts 
P0 3Clubs P1 AClubs P2 5Clubs P3 KClubs 
P1 2Clubs P2 6Clubs P3 2Diamonds P0 JClubs 
P0 5Diamonds P1 4Diamonds P2 ADiamonds P3 3Diamonds 
P2 2Spades P3 QSpades P0 KSpades P1 3Spades 
P0 QClubs P1 7Clubs P2 4Spades P3 4Hearts 
P2 5Spades P3 QHearts P0 ASpades P1 3Hearts 
P0 4Clubs P1 6Hearts P2 6Spades P3 JDiamonds 
P2 7Spades P3 JHearts P0 QDiamonds P1 KHearts 
P2 7Diamonds P3 KDiamonds P0 6Diamonds P1 7Hearts 
-- /GAME --

