-- GAME --
P0 HAND: QDiamonds, 5Diamonds, 2Diamonds, 6Clubs, 5Clubs, 4Clubs, AHearts, JHearts, 6Spades, 3Spades.
P1 HAND: ADiamonds, JDiamonds, 6Diamonds, 7Clubs, QClubs, QHearts, 6Hearts, ASpades, KSpades, QSpades.
P2 HAND: KDiamonds, 4Diamonds, 3Diamonds, 3Clubs, 2Clubs, 5Hearts, 4Hearts, 2Hearts, 5Spades, 4Spades.
P3 HAND: 7Diamonds, AClubs, KClubs, JClubs, 7Hearts, KHearts, 3Hearts, 7Spades, JSpades, 2Spades.
P0 3Spades P1 ASpades P2 4Spades P3 7Spades 
P1 ADiamonds P2 3Diamonds P3 7Diamonds P0 2Diamonds 
P1 6Diamonds P2 4Diamonds P3 2Spades P0 QDiamonds 
P0 5Diamonds P1 JDiamonds P2 KDiamonds P3 3Hearts 
P3 AClubs P0 4Clubs P1 7Clubs P2 2Clubs 
P3 JClubs P0 5Clubs P1 QClubs P2 3Clubs 
P3 JSpades P0 6Spades P1 QSpades P2 5Spades 
P3 KHearts P0 JHearts P1 6Hearts P2 2Hearts 
P3 7Hearts P0 AHearts P1 QHearts P2 4Hearts 
P0 6Clubs P1 KSpades P2 5Hearts P3 KClubs 
-- /GAME --
P0 HAND: 5Diamonds, KClubs, 5Clubs, 2Clubs, KHearts, JHearts, 4Hearts, 7Spades, QSpades, 5Spades.
P1 HAND: ADiamonds, JDiamonds, 2Diamonds, AClubs, 7Clubs, AHearts, 7Hearts, 5Hearts, 4Spades, 2Spades.
P2 HAND: 7Diamonds, KDiamonds, QDiamonds, 6Diamonds, 3Diamonds, 6Clubs, 4Clubs, QHearts, 2Hearts, 6Spades.
P3 HAND: 4Diamonds, JClubs, QClubs, 3Clubs, 6Hearts, 3Hearts, ASpades, KSpades, JSpades, 3Spades.
P3 ASpades P0 5Spades P1 4Spades P2 6Spades 
P3 3Clubs P0 5Clubs P1 AClubs P2 4Clubs 
P1 ADiamonds P2 3Diamonds P3 4Diamonds P0 5Diamonds 
P1 2Diamonds P2 6Diamonds P3 3Spades P0 7Spades 
P2 6Clubs P3 QClubs P0 KClubs P1 7Clubs 
P1 2Spades P2 QDiamonds P3 JSpades P0 QSpades 
P3 JClubs P0 2Clubs P1 5Hearts P2 2Hearts 
P1 JDiamonds P2 KDiamonds P3 3Hearts P0 4Hearts 
P0 JHearts P1 7Hearts P2 QHearts P3 6Hearts 
P1 AHearts P2 7Diamonds P3 KSpades P0 KHearts 
-- /GAME --
P0 HAND: 7Diamonds, QDiamonds, 5Diamonds, KClubs, QClubs, KHearts, 6Hearts, 5Hearts, 2Hearts, QSpades.
P1 HAND: ADiamonds, 3Diamonds, 7Clubs, 5Clubs, AHearts, 7Hearts, 7Spades, 6Spades, 4Spades, 2Spades.
P2 HAND: 6Diamonds, 4Diamonds, JClubs, 4Clubs, 3Clubs, JHearts, ASpades, KSpades, JSpades, 5Spades.
P3 HAND: KDiamonds, JDiamonds, 2Diamonds, AClubs, 6Clubs, 2Clubs, QHearts, 4Hearts, 3Hearts, 3Spades.
P2 ASpades P3 3Spades P0 QSpades P1 2Spades 
P2 4Diamonds P3 2Diamonds P0 5Diamonds P1 ADiamonds 
P1 AHearts P2 JHearts P3 QHearts P0 2Hearts 
P1 3Diamonds P2 6Diamonds P3 JDiamonds P0 7Diamonds 
P0 QDiamonds P1 4Spades P2 5Spades P3 KDiamonds 
P3 3Hearts P0 KHearts P1 7Hearts P2 3Clubs 
P2 JSpades P3 4Hearts P0 6Hearts P1 7Spades 
P1 6Spades P2 KSpades P3 2Clubs P0 KClubs 
P0 5Hearts P1 5Clubs P2 4Clubs P3 6Clubs 
P3 AClubs P0 QClubs P1 7Clubs P2 JClubs 
-- /GAME --
P0 HAND: KDiamonds, 6Diamonds, 3Diamonds, 2Diamonds, KHearts, 6Hearts, 7Spades, QSpades, 6Spades, 5Spades.
P1 HAND: JDiamonds, QDiamonds, 4Diamonds, KClubs, 6Clubs, 5Clubs, JHearts, 3Hearts, 2Hearts, JSpades.
P2 HAND: ADiamonds, 7Diamonds, 5Diamonds, 4Clubs, 3Clubs, 7Hearts, QHearts, ASpades, 3Spades, 2Spades.
P3 HAND: AClubs, 7Clubs, JClubs, QClubs, 2Clubs, AHearts, 5Hearts, 4Hearts, KSpades, 4Spades.
P1 2Hearts P2 QHearts P3 AHearts P0 6Hearts 
P3 2Clubs P0 KHearts P1 5Clubs P2 3Clubs 
P1 3Hearts P2 7Hearts P3 4Hearts P0 7Spades 
P2 ASpades P3 4Spades P0 QSpades P1 JSpades 
P2 2Spades P3 KSpades P0 5Spades P1 KClubs 
P3 5Hearts P0 6Spades P1 JHearts P2 3Spades 
P1 6Clubs P2 4Clubs P3 QClubs P0 2Diamonds 
P0 3Diamonds P1 4Diamonds P2 5Diamonds P3 JClubs 
P2 7Diamonds P3 7Clubs P0 KDiamonds P1 QDiamonds 
P2 ADiamonds P3 AClubs P0 6Diamonds P1 JDiamonds 
-- /GAME --
P0 HAND: KDiamonds, JDiamonds, QDiamonds, 6Diamonds, 4Diamonds, AClubs, 4Clubs, KSpades, 4Spades, 2Spades.
P1 HAND: ADiamonds, 7Diamonds, 5Clubs, 3Clubs, KHearts, JHearts, QHearts, 7Spades, 6Spades, 5Spades.
P2 HAND: 5Diamonds, 3Diamonds, JClubs, QClubs, AHearts, 6Hearts, 3Hearts, 2Hearts, ASpades, QSpades.
P3 HAND: 2Diamonds, 7Clubs, KClubs, 6Clubs, 2Clubs, 7Hearts, 5Hearts, 4Hearts, JSpades, 3Spades.
P0 AClubs P1 3Clubs P2 JClubs P3 2Clubs 
P0 4Clubs P1 5Clubs P2 QClubs P3 7Clubs 
P3 3Spades P0 4Spades P1 5Spades P2 ASpades 
P2 AHearts P3 4Hearts P0 KSpades P1 QHearts 
P2 2Hearts P3 5Hearts P0 2Spades P1 KHearts 
P1 6Spades P2 QSpades P3 JSpades P0 KDiamonds 
P0 4Diamonds P1 7Diamonds P2 3Diamonds P3 2Diamonds 
P1 JHearts P2 3Hearts P3 7Hearts P0 JDiamonds 
P0 6Diamonds P1 ADiamonds P2 5Diamonds P3 KClubs 
P1 7Spades P2 6Hearts P3 6Clubs P0 QDiamonds 
-- /GAME --
P0 HAND: ADiamonds, QDiamonds, KClubs, 4Clubs, KHearts, JHearts, 4Hearts, ASpades, KSpades, JSpades.
P1 HAND: JDiamonds, 3Diamonds, QClubs, 3Clubs, 2Clubs, QHearts, 3Hearts, 2Hearts, 5Spades, 3Spades.
P2 HAND: 7Diamonds, KDiamonds, 5Diamonds, 7Clubs, JClubs, 6Clubs, AHearts, 5Hearts, 6Spades, 4Spades.
P3 HAND: 6Diamonds, 4Diamonds, 2Diamonds, AClubs, 5Clubs, 7Hearts, 6Hearts, 7Spades, QSpades, 2Spades.
P3 AClubs P0 4Clubs P1 QClubs P2 6Clubs 
P3 2Diamonds P0 ADiamonds P1 3Diamonds P2 7Diamonds 
P0 KClubs P1 2Clubs P2 7Clubs P3 5Clubs 
P2 AHearts P3 6Hearts P0 JHearts P1 2Hearts 
P2 5Diamonds P3 4Diamonds P0 QDiamonds P1 JDiamonds 
P1 3Clubs P2 JClubs P3 6Diamonds P0 KHearts 
P2 5Hearts P3 7Hearts P0 4Hearts P1 QHearts 
P3 2Spades P0 JSpades P1 3Spades P2 4Spades 
P0 ASpades P1 5Spades P2 6Spades P3 QSpades 
P0 KSpades P1 3Hearts P2 KDiamonds P3 7Spades 
-- /GAME --
P0 HAND: ADiamonds, QDiamonds, 6Diamonds, 5Diamonds, 3Diamonds, 5Clubs, 7Hearts, ASpades, KSpades, 6Spades.
P1 HAND: 4Diamonds, 2Diamonds, AClubs, 3Clubs, JHearts, 6Hearts, 4Hearts, 2Hearts, JSpades, 4Spades.
P2 HAND: 7Diamonds, JDiamonds, JClubs, QClubs, 6Clubs, 2Clubs, 5Hearts, QSpades, 5Spades, 2Spades.
P3 HAND: KDiamonds, 7Clubs, KClubs, 4Clubs, AHearts, KHearts, QHearts, 3Hearts, 7Spades, 3Spades.
P0 ASpades P1 4Spades P2 QSpades P3 3Spades 
P0 5Clubs P1 AClubs P2 2Clubs P3 7Clubs 
P1 2Hearts P2 5Hearts P3 AHearts P0 7Hearts 
P3 3Hearts P0 6Spades P1 4Hearts P2 2Spades 
P1 3Clubs P2 6Clubs P3 KClubs P0 3Diamonds 
P0 ADiamonds P1 2Diamonds P2 JDiamonds P3 KDiamonds 
P0 KSpades P1 JSpades P2 5Spades P3 7Spades 
P3 4Clubs P0 5Diamonds P1 6Hearts P2 JClubs 
P0 6Diamonds P1 4Diamonds P2 7Diamonds P3 QHearts 
P2 QClubs P3 KHearts P0 QDiamonds P1 JHearts 
-- /GAME --
P0 HAND: 7Clubs, QClubs, 5Clubs, 2Clubs, 7Hearts, KHearts, JHearts, QHearts, KSpades, 2Spades.
P1 HAND: ADiamonds, QDiamonds, 6Diamonds, 5Diamonds, 4Diamonds, 2Diamonds, AHearts, 4Hearts, 3Hearts, JSpades.
P2 HAND: 7Diamonds, JDiamonds, KClubs, 6Clubs, 4Clubs, 6Hearts, 5Hearts, QSpades, 4Spades, 3Spades.
P3 HAND: KDiamonds, 3Diamonds, AClubs, JClubs, 3Clubs, 2Hearts, ASpades, 7Spades, 6Spades, 5Spades.
P3 ASpades P0 2Spades P1 JSpades P2 3Spades 
P3 2Hearts P0 QHearts P1 AHearts P2 5Hearts 
P1 2Diamonds P2 JDiamonds P3 3Diamonds P0 KSpades 
P2 4Spades P3 5Spades P0 2Clubs P1 3Hearts 
P0 KHearts P1 4Hearts P2 6Hearts P3 6Spades 
P0 JHearts P1 4Diamonds P2 QSpades P3 3Clubs 
P3 JClubs P0 5Clubs P1 5Diamonds P2 4Clubs 
P3 AClubs P0 QClubs P1 ADiamonds P2 6Clubs 
P3 KDiamonds P0 7Clubs P1 6Diamonds P2 7Diamonds 
P0 7Hearts P1 QDiamonds P2 KClubs P3 7Spades 
-- /GAME --
P0 HAND: KDiamonds, 5Diamonds, 2Diamonds, KClubs, QClubs, 6Clubs, AHearts, 4Hearts, JSpades, 4Spades.
P1 HAND: 7Diamonds, QDiamonds, 4Clubs, 2Clubs, QHearts, 6Hearts, 5Hearts, 2Hearts, KSpades, 6Spades.
P2 HAND: ADiamonds, JDiamonds, 3Diamonds, JClubs, 3Clubs, JHearts, 3Hearts, ASpades, 7Spades, 2Spades.
P3 HAND: 6Diamonds, 4Diamonds, AClubs, 7Clubs, 5Clubs, 7Hearts, KHearts, QSpades, 5Spades, 3Spades.
P2 ADiamonds P3 4Diamonds P0 KDiamonds P1 QDiamonds 
P2 3Diamonds P3 6Diamonds P0 5Diamonds P1 7Diamonds 
P1 2Clubs P2 3Clubs P3 AClubs P0 6Clubs 
P3 5Clubs P0 QClubs P1 4Clubs P2 JClubs 
P2 3Hearts P3 KHearts P0 AHearts P1 2Hearts 
P0 KClubs P1 5Hearts P2 2Spades P3 7Clubs 
P2 JDiamonds P3 3Spades P0 2Diamonds P1 QHearts 
P3 5Spades P0 4Spades P1 6Spades P2 7Spades 
P2 JHearts P3 7Hearts P0 4Hearts P1 6Hearts 
P3 QSpades P0 JSpades P1 KSpades P2 ASpades 
-- /GAME --
P0 HAND: JDiamonds, JClubs, QClubs, KHearts, 5Hearts, 7Spades, JSpades, 6Spades, 4Spades, 3Spades.
P1 HAND: 7Diamonds, 7Clubs, KClubs, 5Clubs, 3Clubs, JHearts, 4Hearts, 2Hearts, 5Spades, 2Spades.
P2 HAND: QDiamonds, 6Diamonds, 4Diamonds, 3Diamonds, 6Clubs, 2Clubs, AHearts, 7Hearts, 6Hearts, KSpades.
P3 HAND: ADiamonds, KDiamonds, 5Diamonds, 2Diamonds, AClubs, 4Clubs, QHearts, 3Hearts, ASpades, QSpades.
P1 2Hearts P2 AHearts P3 3Hearts P0 KHearts 
P2 2Clubs P3 AClubs P0 QClubs P1 7Clubs 
P3 ADiamonds P0 JDiamonds P1 7Diamonds P2 3Diamonds 
P3 2Diamonds P0 5Hearts P1 3Clubs P2 QDiamonds 
P2 4Diamonds P3 5Diamonds P0 7Spades P1 4Hearts 
P0 3Spades P1 2Spades P2 KSpades P3 QSpades 
P2 6Diamonds P3 KDiamonds P0 4Spades P1 5Clubs 
P0 JClubs P1 KClubs P2 6Clubs P3 4Clubs 
P1 JHearts P2 6Hearts P3 QHearts P0 JSpades 
P0 6Spades P1 5Spades P2 7Hearts P3 ASpades 
-- /GAME --
P0 HAND: ADiamonds, QDiamonds, KClubs, QClubs, 2Clubs, 5Hearts, 4Hearts, 7Spades, 5Spades, 4Spades.
P1 HAND: 7Diamonds, KDiamonds, JDiamonds, 5Clubs, AHearts, 7Hearts, JHearts, 6Hearts, 3Hearts, 3Spades.
P2 HAND: 6Diamonds, 5Diamonds, AClubs, 7Clubs, 6Clubs, 4Clubs, 3Clubs, QHearts, ASpades, KSpades.
P3 HAND: 4Diamonds, 3Diamonds, 2Diamonds, JClubs, KHearts, 2Hearts, JSpades, QSpades, 6Spades, 2Spades.
P0 ADiamonds P1 JDiamonds P2 6Diamonds P3 2Diamonds 
P0 4Hearts P1 AHearts P2 QHearts P3 KHearts 
P1 3Hearts P2 3Clubs P3 2Hearts P0 5Hearts 
P0 QDiamonds P1 KDiamonds P2 5Diamonds P3 4Diamonds 
P1 5Clubs P2 AClubs P3 JClubs P0 KClubs 
P2 4Clubs P3 3Diamonds P0 2Clubs P1 6Hearts 
P2 6Clubs P3 2Spades P0 QClubs P1 7Diamonds 
P3 6Spades P0 7Spades P1 3Spades P2 KSpades 
P0 5Spades P1 JHearts P2 ASpades P3 QSpades 
P2 7Clubs P3 JSpades P0 4Spades P1 7Hearts 
-- /GAME --
P0 HAND: 7Diamonds, 6Diamonds, 5Diamonds, 4Diamonds, QClubs, 5Clubs, 3Clubs, 7Hearts, 6Spades, 4Spades.
P1 HAND: ADiamonds, KDiamonds, 2Diamonds, JHearts, 6Hearts, 4Hearts, ASpades, 7Spades, KSpades, JSpades.
P2 HAND: JDiamonds, AClubs, 4Clubs, 2Clubs, KHearts, QHearts, 5Hearts, 2Hearts, 5Spades, 2Spades.
P3 HAND: QDiamonds, 3Diamonds, 7Clubs, KClubs, JClubs, 6Clubs, AHearts, 3Hearts, QSpades, 3Spades.
P3 3Diamonds P0 4Diamonds P1 ADiamonds P2 JDiamonds 
P1 ASpades P2 2Spades P3 QSpades P0 4Spades 
P1 2Diamonds P2 2Clubs P3 QDiamonds P0 7Diamonds 
P0 6Diamonds P1 KDiamonds P2 4Clubs P3 7Clubs 
P1 JSpades P2 5Spades P3 3Spades P0 6Spades 
P1 4Hearts P2 2Hearts P3 3Hearts P0 7Hearts 
P0 5Diamonds P1 6Hearts P2 5Hearts P3 KClubs 
P1 JHearts P2 QHearts P3 AHearts P0 3Clubs 
P3 6Clubs P0 QClubs P1 KSpades P2 AClubs 
P2 KHearts P3 JClubs P0 5Clubs P1 7Spades 
-- /GAME --
P0 HAND: QDiamonds, 3Diamonds, 6Clubs, 2Clubs, 5Hearts, 3Hearts, ASpades, QSpades, 5Spades, 4Spades.
P1 HAND: ADiamonds, KDiamonds, 4Diamonds, 3Clubs, 7Hearts, KHearts, QHearts, 6Hearts, 7Spades, 6Spades.
P2 HAND: 7Diamonds, JDiamonds, 5Diamonds, 7Clubs, KClubs, QClubs, 5Clubs, 4Clubs, JHearts, 3Spades.
P3 HAND: 6Diamonds, 2Diamonds, AClubs, JClubs, AHearts, 4Hearts, 2Hearts, KSpades, JSpades, 2Spades.
P2 3Spades P3 2Spades P0 ASpades P1 6Spades 
P0 5Spades P1 7Spades P2 4Clubs P3 JSpades 
P2 5Diamonds P3 2Diamonds P0 3Diamonds P1 ADiamonds 
P1 4Diamonds P2 JDiamonds P3 6Diamonds P0 QDiamonds 
P2 JHearts P3 AHearts P0 3Hearts P1 7Hearts 
P3 2Hearts P0 5Hearts P1 6Hearts P2 5Clubs 
P2 QClubs P3 JClubs P0 2Clubs P1 3Clubs 
P3 4Hearts P0 4Spades P1 QHearts P2 KClubs 
P2 7Clubs P3 AClubs P0 6Clubs P1 KDiamonds 
P3 KSpades P0 QSpades P1 KHearts P2 7Diamonds 
-- /GAME --
P0 HAND: 3Diamonds, JClubs, 6Clubs, 4Clubs, 2Clubs, JHearts, QHearts, 3Hearts, 2Hearts, 4Spades.
P1 HAND: JDiamonds, QDiamonds, 6Diamonds, 2Diamonds, AClubs, 5Clubs, 6Hearts, ASpades, QSpades, 2Spades.
P2 HAND: 4Diamonds, 7Clubs, QClubs, 3Clubs, AHearts, KHearts, 5Hearts, KSpades, 5Spades, 3Spades.
P3 HAND: ADiamonds, 7Diamonds, KDiamonds, 5Diamonds, KClubs, 7Hearts, 4Hearts, 7Spades, JSpades, 6Spades.
P1 AClubs P2 3Clubs P3 KClubs P0 2Clubs 
P1 ASpades P2 3Spades P3 7Spades P0 4Spades 
P1 2Diamonds P2 4Diamonds P3 ADiamonds P0 3Diamonds 
P3 5Diamonds P0 4Clubs P1 6Diamonds P2 5Spades 
P1 2Spades P2 KSpades P3 6Spades P0 JClubs 
P2 QClubs P3 4Hearts P0 6Clubs P1 5Clubs 
P3 JSpades P0 2Hearts P1 QSpades P2 7Clubs 
P0 JHearts P1 6Hearts P2 5Hearts P3 7Hearts 
P3 KDiamonds P0 QHearts P1 QDiamonds P2 KHearts 
P2 AHearts P3 7Diamonds P0 3Hearts P1 JDiamonds 
-- /GAME --
P0 HAND: ADiamonds, 7Clubs, 6Clubs, 5Hearts, ASpades, KSpades, JSpades, 5Spades, 4Spades, 2Spades.
P1 HAND: 7Diamonds, KDiamonds, 4Diamonds, 2Diamonds, JClubs, 2Clubs, AHearts, 2Hearts, 7Spades, 6Spades.
P2 HAND: JDiamonds, QDiamonds, 6Diamonds, 5Diamonds, 4Clubs, 3Clubs, 7Hearts, KHearts, QHearts, 3Spades.
P3 HAND: 3Diamonds, AClubs, KClubs, QClubs, 5Clubs, JHearts, 6Hearts, 4Hearts, 3Hearts, QSpades.
P0 ADiamonds P1 2Diamonds P2 JDiamonds P3 3Diamonds 
P0 5Hearts P1 AHearts P2 QHearts P3 JHearts 
P1 2Hearts P2 KHearts P3 3Hearts P0 ASpades 
P2 3Spades P3 QSpades P0 JSpades P1 7Spades 
P1 4Diamonds P2 5Diamonds P3 4Hearts P0 KSpades 
P2 6Diamonds P3 6Hearts P0 5Spades P1 7Diamonds 
P1 6Spades P2 QDiamonds P3 5Clubs P0 2Spades 
P3 QClubs P0 7Clubs P1 2Clubs P2 3Clubs 
P0 4Spades P1 JClubs P2 4Clubs P3 KClubs 
P3 AClubs P0 6Clubs P1 KDiamonds P2 7Hearts 
-- /GAME --
P0 HAND: 6Diamonds, QClubs, 6Clubs, AHearts, 6Hearts, 4Hearts, ASpades, 7Spades, JSpades, 6Spades.
P1 HAND: KDiamonds, JDiamonds, QDiamonds, 2Diamonds, KClubs, 5Clubs, 3Hearts, 5Spades, 3Spades, 2Spades.
P2 HAND: 4Diamonds, AClubs, 3Clubs, 7Hearts, KHearts, JHearts, QHearts, 5Hearts, 2Hearts, QSpades.
P3 HAND: ADiamonds, 7Diamonds, 5Diamonds, 3Diamonds, 7Clubs, JClubs, 4Clubs, 2Clubs, KSpades, 4Spades.
P0 AHearts P1 3Hearts P2 7Hearts P3 3Diamonds 
P3 2Clubs P0 6Clubs P1 5Clubs P2 AClubs 
P2 2Hearts P3 4Clubs P0 4Hearts P1 2Spades 
P0 6Hearts P1 3Spades P2 5Hearts P3 4Spades 
P0 QClubs P1 KClubs P2 3Clubs P3 7Clubs 
P3 JClubs P0 6Spades P1 5Spades P2 QHearts 
P3 5Diamonds P0 6Diamonds P1 2Diamonds P2 4Diamonds 
P0 7Spades P1 QDiamonds P2 QSpades P3 KSpades 
P1 JDiamonds P2 JHearts P3 7Diamonds P0 JSpades 
P3 ADiamonds P0 ASpades P1 KDiamonds P2 KHearts 
-- /GAME --
P0 HAND: KDiamonds, 4Diamonds, 2Diamonds, AClubs, 5Clubs, AHearts, QHearts, 6Hearts, JSpades, 5Spades.
P1 HAND: ADiamonds, 5Diamonds, 7Clubs, 4Clubs, 2Clubs, KHearts, JHearts, 4Hearts, ASpades, QSpades.
P2 HAND: 3Diamonds, KClubs, QClubs, 3Clubs, 5Hearts, 2Hearts, 7Spades, 4Spades, 3Spades, 2Spades.
P3 HAND: 7Diamonds, JDiamonds, QDiamonds, 6Diamonds, JClubs, 6Clubs, 7Hearts, 3Hearts, KSpades, 6Spades.
P3 6Diamonds P0 4Diamonds P1 ADiamonds P2 3Diamonds 
P1 ASpades P2 2Spades P3 KSpades P0 5Spades 
P1 2Clubs P2 3Clubs P3 6Clubs P0 AClubs 
P0 5Clubs P1 4Clubs P2 QClubs P3 JClubs 
P3 6Spades P0 JSpades P1 QSpades P2 7Spades 
P2 3Spades P3 QDiamonds P0 2Diamonds P1 5Diamonds 
P2 4Spades P3 3Hearts P0 6Hearts P1 4Hearts 
P0 AHearts P1 JHearts P2 2Hearts P3 7Hearts 
P0 KDiamonds P1 KHearts P2 KClubs P3 7Diamonds 
P1 7Clubs P2 5Hearts P3 JDiamonds P0 QHearts 
-- /GAME --
P0 HAND: ADiamonds, 6Diamonds, 4Diamonds, 5Clubs, 4Clubs, 4Hearts, 3Hearts, ASpades, KSpades, QSpades.
P1 HAND: 7Diamonds, KDiamonds, JDiamonds, QDiamonds, 5Diamonds, KClubs, QClubs, AHearts, 2Hearts, 2Spades.
P2 HAND: 3Diamonds, JClubs, 3Clubs, 2Clubs, 7Hearts, 6Hearts, 5Hearts, 5Spades, 4Spades, 3Spades.
P3 HAND: 2Diamonds, AClubs, 7Clubs, 6Clubs, KHearts, JHearts, QHearts, 7Spades, JSpades, 6Spades.
P2 2Clubs P3 AClubs P0 4Clubs P1 KClubs 
P3 6Clubs P0 5Clubs P1 QClubs P2 JClubs 
P2 3Clubs P3 7Clubs P0 4Diamonds P1 5Diamonds 
P1 AHearts P2 5Hearts P3 KHearts P0 3Hearts 
P1 2Hearts P2 6Hearts P3 QHearts P0 4Hearts 
P3 6Spades P0 ASpades P1 2Spades P2 5Spades 
P0 QSpades P1 QDiamonds P2 3Spades P3 7Spades 
P1 JDiamonds P2 3Diamonds P3 2Diamonds P0 6Diamonds 
P1 KDiamonds P2 4Spades P3 JHearts P0 ADiamonds 
P0 KSpades P1 7Diamonds P2 7Hearts P3 JSpades 
-- /GAME --
P0 HAND: 6Diamonds, 3Diamonds, QClubs, 4Clubs, 3Hearts, 2Hearts, KSpades, 6Spades, 5Spades, 4Spades.
P1 HAND: ADiamonds, 7Diamonds, KDiamonds, QDiamonds, 5Diamonds, 4Diamonds, 2Diamonds, 7Clubs, AHearts, QHearts.
P2 HAND: AClubs, 5Clubs, 7Hearts, KHearts, JHearts, 5Hearts, ASpades, 7Spades, QSpades, 3Spades.
P3 HAND: JDiamonds, KClubs, JClubs, 6Clubs, 3Clubs, 2Clubs, 6Hearts, 4Hearts, JSpades, 2Spades.
P1 2Diamonds P2 3Spades P3 JDiamonds P0 3Diamonds 
P3 2Clubs P0 4Clubs P1 7Clubs P2 AClubs 
P2 ASpades P3 2Spades P0 KSpades P1 QHearts 
P1 4Diamonds P2 5Clubs P3 3Clubs P0 6Diamonds 
P0 QClubs P1 5Diamonds P2 QSpades P3 KClubs 
P3 6Clubs P0 4Spades P1 QDiamonds P2 5Hearts 
P2 JHearts P3 4Hearts P0 2Hearts P1 AHearts 
P1 KDiamonds P2 KHearts P3 JClubs P0 6Spades 
P2 7Hearts P3 6Hearts P0 3Hearts P1 7Diamonds 
P2 7Spades P3 JSpades P0 5Spades P1 ADiamonds 
-- /GAME --
P0 HAND: KDiamonds, QDiamonds, 6Diamonds, 3Diamonds, AClubs, 7Hearts, KHearts, 4Hearts, 2Hearts, KSpades.
P1 HAND: 7Diamonds, JDiamonds, 5Clubs, 4Clubs, JHearts, QHearts, ASpades, 7Spades, JSpades, 6Spades.
P2 HAND: 5Diamonds, 7Clubs, KClubs, JClubs, 6Clubs, 2Clubs, AHearts, 5Spades, 4Spades, 3Spades.
P3 HAND: ADiamonds, 4Diamonds, 2Diamonds, QClubs, 3Clubs, 6Hearts, 5Hearts, 3Hearts, QSpades, 2Spades.
P0 AClubs P1 4Clubs P2 7Clubs P3 3Clubs 
P0 KSpades P1 ASpades P2 3Spades P3 QSpades 
P1 5Clubs P2 2Clubs P3 QClubs P0 3Diamonds 
P0 4Hearts P1 QHearts P2 AHearts P3 3Hearts 
P2 4Spades P3 2Spades P0 2Hearts P1 7Spades 
P1 6Spades P2 5Spades P3 5Hearts P0 6Diamonds 
P0 KHearts P1 JHearts P2 5Diamonds P3 6Hearts 
P2 6Clubs P3 2Diamonds P0 QDiamonds P1 JDiamonds 
P1 JSpades P2 JClubs P3 4Diamonds P0 KDiamonds 
P0 7Hearts P1 7Diamonds P2 KClubs P3 ADiamonds 
-- /GAME --
P0 HAND: JDiamonds, 3Diamonds, 6Clubs, 3Clubs, 2Clubs, AHearts, KHearts, QHearts, 6Hearts, 5Spades.
P1 HAND: ADiamonds, 7Diamonds, KDiamonds, 2Diamonds, AClubs, 7Clubs, 5Clubs, JHearts, 2Hearts, ASpades.
P2 HAND: 5Diamonds, KClubs, JClubs, QClubs, 7Hearts, 4Hearts, JSpades, 4Spades, 3Spades, 2Spades.
P3 HAND: QDiamonds, 6Diamonds, 4Diamonds, 4Clubs, 5Hearts, 3Hearts, 7Spades, KSpades, QSpades, 6Spades.
P2 2Spades P3 6Spades P0 5Spades P1 ASpades 
P1 ADiamonds P2 5Diamonds P3 QDiamonds P0 3Diamonds 
P1 2Diamonds P2 3Spades P3 4Diamonds P0 JDiamonds 
P0 AHearts P1 2Hearts P2 7Hearts P3 3Hearts 
P0 KHearts P1 JHearts P2 4Hearts P3 5Hearts 
P0 QHearts P1 5Clubs P2 4Spades P3 7Spades 
P1 7Clubs P2 QClubs P3 4Clubs P0 2Clubs 
P1 AClubs P2 JClubs P3 KSpades P0 3Clubs 
P1 KDiamonds P2 KClubs P3 6Diamonds P0 6Hearts 
P2 JSpades P3 QSpades P0 6Clubs P1 7Diamonds 
-- /GAME --
P0 HAND: 5Diamonds, 4Diamonds, 5Clubs, 4Clubs, AHearts, KHearts, JHearts, JSpades, QSpades, 5Spades.
P1 HAND: KDiamonds, JDiamonds, 6Diamonds, JClubs, 6Clubs, 3Clubs, 4Hearts, KSpades, 6Spades, 4Spades.
P2 HAND: ADiamonds, 2Diamonds, AClubs, KClubs, 7Hearts, QHearts, 5Hearts, 3Hearts, 3Spades, 2Spades.
P3 HAND: 7Diamonds, QDiamonds, 3Diamonds, 7Clubs, QClubs, 2Clubs, 6Hearts, 2Hearts, ASpades, 7Spades.
P1 4Hearts P2 3Hearts P3 2Hearts P0 AHearts 
P0 4Diamonds P1 6Diamonds P2 ADiamonds P3 3Diamonds 
P2 2Diamonds P3 QDiamonds P0 5Diamonds P1 KDiamonds 
P1 4Spades P2 2Spades P3 ASpades P0 5Spades 
P3 6Hearts P0 KHearts P1 6Spades P2 7Hearts 
P2 3Spades P3 7Spades P0 QSpades P1 KSpades 
P3 2Clubs P0 4Clubs P1 3Clubs P2 KClubs 
P2 5Hearts P3 QClubs P0 JHearts P1 JDiamonds 
P3 7Clubs P0 5Clubs P1 6Clubs P2 AClubs 
P2 QHearts P3 7Diamonds P0 JSpades P1 JClubs 
-- /GAME --
P0 HAND: KDiamonds, 4Diamonds, 3Diamonds, KClubs, JClubs, 7Hearts, 5Hearts, 2Hearts, ASpades, 3Spades.
P1 HAND: ADiamonds, 7Diamonds, JDiamonds, QDiamonds, 6Diamonds, 2Diamonds, AClubs, 7Clubs, 5Clubs, 3Hearts.
P2 HAND: 5Diamonds, 6Clubs, 4Clubs, 3Clubs, 6Hearts, 4Hearts, 7Spades, JSpades, 4Spades, 2Spades.
P3 HAND: QClubs, 2Clubs, AHearts, KHearts, JHearts, QHearts, KSpades, QSpades, 6Spades, 5Spades.
P0 ASpades P1 3Hearts P2 2Spades P3 KSpades 
P1 2Diamonds P2 5Diamonds P3 2Clubs P0 KDiamonds 
P0 3Spades P1 5Clubs P2 7Spades P3 5Spades 
P2 3Clubs P3 QClubs P0 JClubs P1 AClubs 
P1 6Diamonds P2 4Clubs P3 6Spades P0 3Diamonds 
P1 QDiamonds P2 4Spades P3 QSpades P0 4Diamonds 
P1 JDiamonds P2 6Clubs P3 QHearts P0 7Hearts 
P0 KClubs P1 7Clubs P2 4Hearts P3 JHearts 
P3 KHearts P0 2Hearts P1 7Diamonds P2 6Hearts 
P3 AHearts P0 5Hearts P1 ADiamonds P2 JSpades 
-- /GAME --
P0 HAND: 6Diamonds, 4Diamonds, AClubs, JClubs, 7Hearts, JHearts, 6Hearts, 5Hearts, 2Hearts, QSpades.
P1 HAND: KDiamonds, 2Diamonds, 6Clubs, 2Clubs, KHearts, 4Hearts, 3Hearts, KSpades, JSpades, 6Spades.
P2 HAND: ADiamonds, JDiamonds, QDiamonds, 5Diamonds, 7Clubs, KClubs, QClubs, 3Clubs, QHearts, 4Spades.
P3 HAND: 7Diamonds, 3Diamonds, 5Clubs, 4Clubs, AHearts, ASpades, 7Spades, 5Spades, 3Spades, 2Spades.
P3 AHearts P0 2Hearts P1 KHearts P2 QHearts 
P3 2Spades P0 QSpades P1 6Spades P2 4Spades 
P0 AClubs P1 2Clubs P2 7Clubs P3 4Clubs 
P0 JClubs P1 6Clubs P2 3Clubs P3 5Clubs 
P0 JHearts P1 3Hearts P2 QClubs P3 3Diamonds 
P3 3Spades P0 5Hearts P1 JSpades P2 5Diamonds 
P2 QDiamonds P3 7Diamonds P0 4Diamonds P1 2Diamonds 
P3 5Spades P0 6Hearts P1 KSpades P2 JDiamonds 
P2 ADiamonds P3 7Spades P0 6Diamonds P1 KDiamonds 
P2 KClubs P3 ASpades P0 7Hearts P1 4Hearts 
-- /GAME --
P0 HAND: AClubs, 6Clubs, AHearts, KHearts, 4Hearts, 3Hearts, QSpades, 6Spades, 5Spades, 3Spades.
P1 HAND: KDiamonds, 2Diamonds, 7Clubs, JClubs, 3Clubs, 7Hearts, 7Spades, KSpades, JSpades, 4Spades.
P2 HAND: 6Diamonds, 5Diamonds, 4Diamonds, 3Diamonds, 2Clubs, QHearts, 6Hearts, 2Hearts, ASpades, 2Spades.
P3 HAND: ADiamonds, 7Diamonds, JDiamonds, QDiamonds, KClubs, QClubs, 5Clubs, 4Clubs, JHearts, 5Hearts.
P2 ASpades P3 QDiamonds P0 3Spades P1 7Spades 
P3 4Clubs P0 AClubs P1 3Clubs P2 2Clubs 
P0 6Clubs P1 JClubs P2 2Hearts P3 KClubs 
P3 5Clubs P0 3Hearts P1 7Clubs P2 3Diamonds 
P2 2Spades P3 5Hearts P0 QSpades P1 KSpades 
P1 4Spades P2 6Hearts P3 QClubs P0 5Spades 
P0 6Spades P1 JSpades P2 QHearts P3 JHearts 
P1 2Diamonds P2 4Diamonds P3 JDiamonds P0 4Hearts 
P3 7Diamonds P0 KHearts P1 KDiamonds P2 5Diamonds 
P3 ADiamonds P0 AHearts P1 7Hearts P2 6Diamonds 
-- /GAME --
P0 HAND: KDiamonds, QDiamonds, 4Diamonds, 3Clubs, 2Clubs, 7Hearts, KHearts, JHearts, 7Spades, 5Spades.
P1 HAND: ADiamonds, 6Diamonds, 3Diamonds, AClubs, JClubs, 5Clubs, QHearts, 6Hearts, 3Hearts, JSpades.
P2 HAND: 7Diamonds, JDiamonds, 2Diamonds, 7Clubs, KClubs, 6Clubs, 2Hearts, ASpades, QSpades, 3Spades.
P3 HAND: 5Diamonds, QClubs, 4Clubs, AHearts, 5Hearts, 4Hearts, KSpades, 6Spades, 4Spades, 2Spades.
P2 2Diamonds P3 5Diamonds P0 4Diamonds P1 ADiamonds 
P1 AClubs P2 6Clubs P3 QClubs P0 2Clubs 
P1 3Diamonds P2 JDiamonds P3 4Clubs P0 KDiamonds 
P0 QDiamonds P1 6Diamonds P2 7Diamonds P3 2Spades 
P3 AHearts P0 JHearts P1 QHearts P2 2Hearts 
P3 4Hearts P0 7Hearts P1 3Hearts P2 7Clubs 
P0 5Spades P1 JSpades P2 3Spades P3 4Spades 
P1 5Clubs P2 KClubs P3 5Hearts P0 3Clubs 
P2 QSpades P3 6Spades P0 7Spades P1 6Hearts 
P0 KHearts P1 JClubs P2 ASpades P3 KSpades 
-- /GAME --
P0 HAND: 7Diamonds, AClubs, 4Clubs, JHearts, QHearts, 2Hearts, ASpades, JSpades, QSpades, 2Spades.
P1 HAND: 2Diamonds, 7Clubs, 5Clubs, 7Hearts, KHearts, 6Hearts, 5Hearts, 4Hearts, 3Hearts, 7Spades.
P2 HAND: QDiamonds, 5Diamonds, 4Diamonds, KClubs, JClubs, QClubs, 6Clubs, KSpades, 6Spades, 4Spades.
P3 HAND: ADiamonds, KDiamonds, JDiamonds, 6Diamonds, 3Diamonds, 3Clubs, 2Clubs, AHearts, 5Spades, 3Spades.
P1 2Diamonds P2 4Diamonds P3 ADiamonds P0 7Diamonds 
P3 2Clubs P0 AClubs P1 5Clubs P2 KClubs 
P0 4Clubs P1 7Clubs P2 6Clubs P3 3Clubs 
P1 3Hearts P2 4Spades P3 AHearts P0 2Hearts 
P3 3Diamonds P0 2Spades P1 4Hearts P2 5Diamonds 
P1 5Hearts P2 6Spades P3 3Spades P0 QHearts 
P0 ASpades P1 7Spades P2 KSpades P3 5Spades 
P0 JSpades P1 6Hearts P2 QDiamonds P3 KDiamonds 
P1 KHearts P2 QClubs P3 6Diamonds P0 JHearts 
P1 7Hearts P2 JClubs P3 JDiamonds P0 QSpades 
-- /GAME --
P0 HAND: 7Diamonds, 5Diamonds, 2Diamonds, 7Clubs, QClubs, 5Clubs, KHearts, 3Hearts, QSpades, 3Spades.
P1 HAND: QDiamonds, 6Diamonds, 3Diamonds, 3Clubs, 2Clubs, QHearts, 6Hearts, 4Hearts, 2Hearts, JSpades.
P2 HAND: ADiamonds, AClubs, KClubs, JClubs, 6Clubs, JHearts, 5Hearts, ASpades, 5Spades, 4Spades.
P3 HAND: KDiamonds, JDiamonds, 4Diamonds, 4Clubs, AHearts, 7Hearts, 7Spades, KSpades, 6Spades, 2Spades.
P0 3Spades P1 JSpades P2 ASpades P3 2Spades 
P2 ADiamonds P3 4Diamonds P0 7Diamonds P1 3Diamonds 
P2 AClubs P3 4Clubs P0 7Clubs P1 2Clubs 
P2 4Spades P3 6Spades P0 QSpades P1 3Clubs 
P0 QClubs P1 6Diamonds P2 6Clubs P3 7Hearts 
P3 JDiamonds P0 2Diamonds P1 QDiamonds P2 5Hearts 
P2 5Spades P3 KSpades P0 KHearts P1 2Hearts 
P0 5Diamonds P1 4Hearts P2 JHearts P3 KDiamonds 
P2 JClubs P3 AHearts P0 5Clubs P1 6Hearts 
P3 7Spades P0 3Hearts P1 QHearts P2 KClubs 
-- /GAME --
P0 HAND: JDiamonds, 5Diamonds, 2Diamonds, JClubs, 6Clubs, 2Clubs, ASpades, 6Spades, 4Spades, 2Spades.
P1 HAND: KDiamonds, QDiamonds, 4Diamonds, KClubs, QClubs, 4Clubs, 3Clubs, JHearts, 2Hearts, KSpades.
P2 HAND: 6Diamonds, 3Diamonds, 5Clubs, QHearts, 6Hearts, 5Hearts, 7Spades, QSpades, 5Spades, 3Spades.
P3 HAND: ADiamonds, 7Diamonds, AClubs, 7Clubs, AHearts, 7Hearts, KHearts, 4Hearts, 3Hearts, JSpades.
P3 ADiamonds P0 2Diamonds P1 KDiamonds P2 3Diamonds 
P3 AClubs P0 2Clubs P1 KClubs P2 5Clubs 
P3 JSpades P0 ASpades P1 KSpades P2 7Spades 
P0 6Spades P1 3Clubs P2 QSpades P3 3Hearts 
P3 4Hearts P0 5Diamonds P1 2Hearts P2 5Hearts 
P2 3Spades P3 KHearts P0 2Spades P1 QDiamonds 
P3 7Hearts P0 4Spades P1 JHearts P2 6Hearts 
P3 AHearts P0 6Clubs P1 4Diamonds P2 QHearts 
P3 7Diamonds P0 JDiamonds P1 4Clubs P2 6Diamonds 
P3 7Clubs P0 JClubs P1 QClubs P2 5Spades 
-- /GAME --
P0 HAND: ADiamonds, QDiamonds, 3Diamonds, 7Clubs, JClubs, AHearts, JHearts, 6Hearts, QSpades, 5Spades.
P1 HAND: KDiamonds, JDiamonds, 6Diamonds, 6Clubs, 2Clubs, 7Hearts, QHearts, 2Hearts, 4Spades, 2Spades.
P2 HAND: 7Diamonds, 4Diamonds, KClubs, QClubs, 4Clubs, 3Hearts, ASpades, 7Spades, JSpades, 3Spades.
P3 HAND: 5Diamonds, 2Diamonds, AClubs, 5Clubs, 3Clubs, KHearts, 5Hearts, 4Hearts, KSpades, 6Spades.
P2 ASpades P3 6Spades P0 QSpades P1 2Spades 
P2 3Spades P3 KSpades P0 5Spades P1 4Spades 
P3 AClubs P0 JClubs P1 6Clubs P2 4Clubs 
P3 2Diamonds P0 ADiamonds P1 6Diamonds P2 7Diamonds 
P0 7Clubs P1 2Clubs P2 KClubs P3 3Clubs 
P0 AHearts P1 2Hearts P2 3Hearts P3 4Hearts 
P0 3Diamonds P1 JDiamonds P2 4Diamonds P3 5Diamonds 
P1 QHearts P2 QClubs P3 5Hearts P0 JHearts 
P0 QDiamonds P1 KDiamonds P2 JSpades P3 5Clubs 
P1 7Hearts P2 7Spades P3 KHearts P0 6Hearts 
-- /GAME --
P0 HAND: ADiamonds, 2Diamonds, KClubs, 4Clubs, 2Clubs, 5Hearts, 7Spades, 5Spades, 4Spades, 2Spades.
P1 HAND: 6Diamonds, 5Diamonds, AClubs, JClubs, QClubs, 3Clubs, AHearts, KHearts, JHearts, 6Spades.
P2 HAND: 7Diamonds, KDiamonds, 4Diamonds, 3Diamonds, 7Clubs, 5Clubs, QHearts, 4Hearts, 3Hearts, KSpades.
P3 HAND: JDiamonds, QDiamonds, 6Clubs, 7Hearts, 6Hearts, 2Hearts, ASpades, JSpades, QSpades, 3Spades.
P1 AClubs P2 5Clubs P3 6Clubs P0 2Clubs 
P1 AHearts P2 3Hearts P3 7Hearts P0 5Hearts 
P1 3Clubs P2 7Clubs P3 3Spades P0 4Clubs 
P3 2Hearts P0 ADiamonds P1 KHearts P2 4Hearts 
P1 5Diamonds P2 7Diamonds P3 QDiamonds P0 2Diamonds 
P2 3Diamonds P3 JDiamonds P0 2Spades P1 6Diamonds 
P0 4Spades P1 6Spades P2 KSpades P3 QSpades 
P2 4Diamonds P3 6Hearts P0 7Spades P1 QClubs 
P0 5Spades P1 JClubs P2 QHearts P3 JSpades 
P3 ASpades P0 KClubs P1 JHearts P2 KDiamonds 
-- /GAME --
P0 HAND: 2Diamonds, QClubs, 5Clubs, 3Clubs, 2Clubs, AHearts, JHearts, 2Hearts, 3Spades, 2Spades.
P1 HAND: 3Diamonds, KClubs, JClubs, 7Hearts, KHearts, QHearts, 3Hearts, KSpades, 5Spades, 4Spades.
P2 HAND: KDiamonds, JDiamonds, 6Diamonds, 7Clubs, 4Clubs, 6Hearts, 4Hearts, 7Spades, JSpades, 6Spades.
P3 HAND: ADiamonds, 7Diamonds, QDiamonds, 5Diamonds, 4Diamonds, AClubs, 6Clubs, 5Hearts, ASpades, QSpades.
P2 4Clubs P3 AClubs P0 2Clubs P1 KClubs 
P3 4Diamonds P0 2Diamonds P1 3Diamonds P2 KDiamonds 
P2 6Diamonds P3 5Diamonds P0 2Spades P1 4Spades 
P2 6Spades P3 ASpades P0 3Spades P1 KSpades 
P3 6Clubs P0 QClubs P1 JClubs P2 7Clubs 
P2 JDiamonds P3 QDiamonds P0 3Clubs P1 3Hearts 
P1 5Spades P2 JSpades P3 QSpades P0 5Clubs 
P2 4Hearts P3 5Hearts P0 2Hearts P1 QHearts 
P1 KHearts P2 6Hearts P3 7Diamonds P0 AHearts 
P0 JHearts P1 7Hearts P2 7Spades P3 ADiamonds 
-- /GAME --
P0 HAND: JClubs, 5Clubs, AHearts, 7Hearts, 3Hearts, 2Hearts, ASpades, JSpades, 4Spades, 2Spades.
P1 HAND: ADiamonds, KDiamonds, 6Diamonds, AClubs, 3Clubs, 2Clubs, 6Hearts, 5Hearts, KSpades, 5Spades.
P2 HAND: JDiamonds, QDiamonds, 3Diamonds, 2Diamonds, 7Clubs, KClubs, 4Clubs, JHearts, QHearts, 3Spades.
P3 HAND: 7Diamonds, 5Diamonds, 4Diamonds, QClubs, 6Clubs, KHearts, 4Hearts, 7Spades, QSpades, 6Spades.
P1 ADiamonds P2 2Diamonds P3 7Diamonds P0 2Spades 
P1 AClubs P2 4Clubs P3 QClubs P0 5Clubs 
P1 2Clubs P2 KClubs P3 6Clubs P0 JClubs 
P2 3Diamonds P3 4Diamonds P0 4Spades P1 KDiamonds 
P1 3Clubs P2 7Clubs P3 4Hearts P0 7Hearts 
P0 ASpades P1 5Spades P2 3Spades P3 6Spades 
P0 AHearts P1 5Hearts P2 QHearts P3 KHearts 
P0 JSpades P1 KSpades P2 JHearts P3 QSpades 
P2 QDiamonds P3 5Diamonds P0 2Hearts P1 6Diamonds 
P0 3Hearts P1 6Hearts P2 JDiamonds P3 7Spades 
-- /GAME --
P0 HAND: KDiamonds, 3Diamonds, 7Clubs, QClubs, 2Clubs, AHearts, 3Hearts, 7Spades, KSpades, 2Spades.
P1 HAND: 4Diamonds, AClubs, JClubs, 6Clubs, QHearts, 6Hearts, 2Hearts, ASpades, QSpades, 3Spades.
P2 HAND: ADiamonds, 7Diamonds, 6Diamonds, 5Diamonds, 5Clubs, 4Clubs, KHearts, 5Hearts, 4Hearts, 6Spades.
P3 HAND: JDiamonds, QDiamonds, 2Diamonds, KClubs, 3Clubs, 7Hearts, JHearts, JSpades, 5Spades, 4Spades.
P0 AHearts P1 2Hearts P2 KHearts P3 JHearts 
P0 3Hearts P1 6Hearts P2 4Hearts P3 7Hearts 
P3 2Diamonds P0 3Diamonds P1 4Diamonds P2 ADiamonds 
P2 5Diamonds P3 QDiamonds P0 KDiamonds P1 6Clubs 
P1 ASpades P2 6Spades P3 JSpades P0 2Spades 
P1 3Spades P2 5Hearts P3 4Spades P0 7Spades 
P0 KSpades P1 QSpades P2 4Clubs P3 5Spades 
P2 6Diamonds P3 JDiamonds P0 2Clubs P1 QHearts 

