-- GAME --
P0 HAND: QDiamonds, 3Diamonds, 2Diamonds, JClubs, 3Clubs, KHearts, 6Hearts, ASpades, 7Spades, 3Spades.
P1 HAND: JDiamonds, 6Diamonds, 5Diamonds, 5Clubs, 4Clubs, 2Clubs, JHearts, 3Hearts, JSpades, 6Spades.
P2 HAND: ADiamonds, 4Diamonds, KClubs, 6Clubs, 4Hearts, 2Hearts, KSpades, QSpades, 4Spades, 2Spades.
P3 HAND: 7Diamonds, KDiamonds, AClubs, 7Clubs, QClubs, AHearts, 7Hearts, QHearts, 5Hearts, 5Spades.
P1 2Clubs P2 6Clubs P3 AClubs P0 3Clubs 
P3 AHearts P0 6Hearts P1 JHearts P2 2Hearts 
P3 5Hearts P0 KHearts P1 3Hearts P2 4Hearts 
P0 ASpades P1 6Spades P2 KSpades P3 5Spades 
P0 7Spades P1 JSpades P2 2Spades P3 KDiamonds 
P3 QClubs P0 JClubs P1 4Clubs P2 KClubs 
P2 4Spades P3 QHearts P0 3Spades P1 5Clubs 
P2 QSpades P3 7Diamonds P0 2Diamonds P1 5Diamonds 
P3 7Clubs P0 QDiamonds P1 JDiamonds P2 ADiamonds 
P2 4Diamonds P3 7Hearts P0 3Diamonds P1 6Diamonds 
-- /GAME --
P0 HAND: JDiamonds, QDiamonds, 5Diamonds, 7Clubs, 5Clubs, JHearts, 4Hearts, 3Hearts, KSpades, 4Spades.
P1 HAND: 7Diamonds, 3Diamonds, 2Diamonds, KClubs, 4Clubs, 3Clubs, AHearts, 5Hearts, ASpades, JSpades.
P2 HAND: ADiamonds, 6Diamonds, 6Clubs, 7Hearts, 6Hearts, 2Hearts, QSpades, 6Spades, 5Spades, 2Spades.
P3 HAND: KDiamonds, 4Diamonds, AClubs, JClubs, QClubs, 2Clubs, KHearts, QHearts, 7Spades, 3Spades.
P0 5Diamonds P1 2Diamonds P2 6Diamonds P3 4Diamonds 
P2 2Hearts P3 QHearts P0 3Hearts P1 AHearts 
P1 ASpades P2 2Spades P3 7Spades P0 4Spades 
P1 3Clubs P2 6Clubs P3 AClubs P0 5Clubs 
P3 2Clubs P0 7Clubs P1 4Clubs P2 7Hearts 
P0 KSpades P1 JSpades P2 5Spades P3 3Spades 
P0 QDiamonds P1 3Diamonds P2 ADiamonds P3 KDiamonds 
P2 6Hearts P3 KHearts P0 4Hearts P1 5Hearts 
P3 QClubs P0 JDiamonds P1 KClubs P2 QSpades 
P0 JHearts 
