-- GAME --
P0 HAND: QDiamonds, KHearts, JHearts, QHearts, 6Hearts, 5Hearts, 7Spades, JSpades, QSpades, 6Spades.
P1 HAND: JDiamonds, 3Diamonds, 7Clubs, KClubs, 5Clubs, 3Clubs, 2Clubs, 7Hearts, KSpades, 2Spades.
P2 HAND: ADiamonds, 7Diamonds, 2Diamonds, QClubs, 6Clubs, 4Hearts, 3Hearts, 2Hearts, ASpades, 3Spades.
P3 HAND: KDiamonds, 6Diamonds, 5Diamonds, 4Diamonds, AClubs, JClubs, 4Clubs, AHearts, 5Spades, 4Spades.
P0 QDiamonds P1 3Diamonds P2 ADiamonds P3 4Diamonds 
P2 ASpades P3 4Spades P0 7Spades P1 2Spades 
P2 2Diamonds P3 5Diamonds P0 6Spades P1 JDiamonds 
P1 2Clubs P2 6Clubs P3 4Clubs P0 KHearts 
P2 2Hearts P3 AHearts P0 5Hearts P1 7Hearts 
P3 5Spades P0 JSpades P1 KSpades P2 3Spades 
P1 3Clubs P2 QClubs P3 JClubs P0 6Hearts 
P3 6Diamonds P0 QHearts P1 5Clubs P2 7Diamonds 
P1 KClubs P2 3Hearts P3 AClubs P0 QSpades 
P3 KDiamonds P0 JHearts P1 7Clubs P2 4Hearts 
-- /GAME --
P0 HAND: 7Diamonds, 5Diamonds, KClubs, JClubs, 7Hearts, JHearts, 4Hearts, ASpades, 6Spades, 4Spades.
P1 HAND: QDiamonds, 6Diamonds, 3Diamonds, 2Diamonds, AClubs, QClubs, KHearts, QHearts, 2Hearts, QSpades.
P2 HAND: ADiamonds, KDiamonds, 4Diamonds, 4Clubs, 6Hearts, 7Spades, JSpades, 5Spades, 3Spades, 2Spades.
P3 HAND: JDiamonds, 7Clubs, 6Clubs, 5Clubs, 3Clubs, 2Clubs, AHearts, 5Hearts, 3Hearts, KSpades.
P3 AHearts P0 4Hearts P1 KHearts P2 6Hearts 
P3 2Clubs P0 JClubs P1 AClubs P2 4Clubs 
P1 2Hearts P2 2Spades P3 3Hearts P0 7Hearts 
P0 JHearts P1 QHearts P2 4Diamonds P3 5Hearts 
P2 3Spades P3 KSpades P0 ASpades P1 QSpades 
P0 KClubs P1 QClubs P2 KDiamonds P3 3Clubs 
P2 5Spades P3 5Clubs P0 6Spades P1 2Diamonds 
P1 3Diamonds P2 ADiamonds P3 JDiamonds P0 5Diamonds 
P2 JSpades P3 6Clubs P0 4Spades P1 6Diamonds 
P1 QDiamonds P2 7Spades P3 7Clubs P0 7Diamonds 
-- /GAME --
P0 HAND: ADiamonds, KDiamonds, QDiamonds, 4Diamonds, 3Diamonds, 7Clubs, 6Clubs, 4Clubs, 4Hearts, 6Spades.
P1 HAND: 7Diamonds, JDiamonds, 6Diamonds, KClubs, QClubs, AHearts, 6Hearts, 5Hearts, 3Hearts, 7Spades.
P2 HAND: AClubs, 5Clubs, 7Hearts, KHearts, JHearts, 2Hearts, JSpades, QSpades, 4Spades, 3Spades.
P3 HAND: 5Diamonds, 2Diamonds, JClubs, 3Clubs, 2Clubs, QHearts, ASpades, KSpades, 5Spades, 2Spades.
P2 AClubs P3 2Clubs P0 7Clubs P1 QClubs 
P2 3Spades P3 ASpades P0 6Spades P1 7Spades 
P3 2Diamonds P0 ADiamonds P1 6Diamonds P2 JSpades 
P0 KDiamonds P1 JDiamonds P2 2Hearts P3 5Diamonds 
P2 4Spades P3 2Spades P0 4Hearts P1 3Hearts 
P0 QDiamonds P1 7Diamonds P2 JHearts P3 3Clubs 
P2 5Clubs P3 JClubs P0 6Clubs P1 KClubs 
P1 5Hearts P2 KHearts P3 QHearts P0 4Clubs 
P2 QSpades P3 5Spades P0 4Diamonds P1 6Hearts 
P1 AHearts P2 7Hearts P3 KSpades P0 3Diamonds 
-- /GAME --
P0 HAND: 7Diamonds, JDiamonds, 4Diamonds, KClubs, 5Clubs, JHearts, ASpades, 4Spades, 3Spades, 2Spades.
P1 HAND: 5Diamonds, JClubs, QClubs, 4Clubs, AHearts, 7Hearts, 6Hearts, 2Hearts, KSpades, 5Spades.
P2 HAND: KDiamonds, QDiamonds, 3Diamonds, 2Diamonds, AClubs, 7Clubs, 3Clubs, 2Clubs, KHearts, 5Hearts.
P3 HAND: ADiamonds, 6Diamonds, 6Clubs, QHearts, 4Hearts, 3Hearts, 7Spades, JSpades, QSpades, 6Spades.
P1 AHearts P2 5Hearts P3 QHearts P0 JHearts 
P1 2Hearts P2 KHearts P3 3Hearts P0 7Diamonds 
P2 AClubs P3 6Clubs P0 KClubs P1 4Clubs 
P2 2Diamonds P3 ADiamonds P0 4Diamonds P1 5Diamonds 
P3 4Hearts P0 5Clubs P1 6Hearts P2 2Clubs 
P1 QClubs P2 3Clubs P3 6Diamonds P0 JDiamonds 
P1 JClubs P2 7Clubs P3 6Spades P0 ASpades 
P0 4Spades P1 5Spades P2 3Diamonds P3 QSpades 
P3 JSpades P0 3Spades P1 KSpades P2 QDiamonds 
P1 7Hearts P2 KDiamonds P3 7Spades P0 2Spades 
-- /GAME --
P0 HAND: ADiamonds, JDiamonds, 2Diamonds, 6Clubs, 2Clubs, 7Hearts, QHearts, 4Hearts, ASpades, QSpades.
P1 HAND: 6Diamonds, 3Diamonds, AClubs, 7Clubs, QClubs, 3Clubs, 3Hearts, 6Spades, 3Spades, 2Spades.
P2 HAND: KDiamonds, 5Diamonds, 4Diamonds, 5Clubs, 4Clubs, KHearts, 5Hearts, 7Spades, KSpades, 5Spades.
P3 HAND: 7Diamonds, QDiamonds, KClubs, JClubs, AHearts, JHearts, 6Hearts, 2Hearts, JSpades, 4Spades.
P0 6Clubs P1 AClubs P2 4Clubs P3 KClubs 
P1 2Spades P2 5Spades P3 4Spades P0 QSpades 
P0 QHearts P1 3Hearts P2 5Hearts P3 2Hearts 
P0 4Hearts P1 3Diamonds P2 KHearts P3 6Hearts 
P2 4Diamonds P3 QDiamonds P0 ADiamonds P1 6Diamonds 
P0 ASpades P1 3Spades P2 7Spades P3 JSpades 
P0 2Clubs P1 3Clubs P2 5Clubs P3 JClubs 
P3 JHearts P0 7Hearts P1 6Spades P2 KDiamonds 
P0 JDiamonds P1 QClubs P2 5Diamonds P3 7Diamonds 
P3 AHearts P0 2Diamonds P1 7Clubs P2 KSpades 
-- /GAME --
P0 HAND: 7Diamonds, 5Diamonds, JClubs, 5Clubs, 3Clubs, JHearts, 6Hearts, 3Hearts, 7Spades, 6Spades.
P1 HAND: ADiamonds, JDiamonds, QDiamonds, 4Diamonds, 2Diamonds, 7Clubs, QClubs, 4Clubs, 7Hearts, 3Spades.
P2 HAND: KDiamonds, 3Diamonds, AClubs, KClubs, 6Clubs, KHearts, 5Hearts, 4Hearts, ASpades, 2Spades.
P3 HAND: 6Diamonds, 2Clubs, AHearts, QHearts, 2Hearts, KSpades, JSpades, QSpades, 5Spades, 4Spades.
P3 2Clubs P0 3Clubs P1 4Clubs P2 AClubs 
P2 ASpades P3 4Spades P0 7Spades P1 3Spades 
P2 2Spades P3 5Spades P0 6Spades P1 2Diamonds 
P0 3Hearts P1 7Hearts P2 4Hearts P3 2Hearts 
P1 4Diamonds P2 3Diamonds P3 6Diamonds P0 7Diamonds 
P0 5Diamonds P1 QDiamonds P2 KDiamonds P3 QHearts 
P3 QSpades P0 5Clubs P1 QClubs P2 6Clubs 
P3 JSpades P0 JClubs P1 JDiamonds P2 5Hearts 
P2 KHearts P3 AHearts P0 6Hearts P1 ADiamonds 
P3 KSpades P0 JHearts P1 7Clubs P2 KClubs 
-- /GAME --

