-- GAME --
P0 HAND: KDiamonds, JDiamonds, 6Diamonds, 5Diamonds, 3Diamonds, JClubs, JHearts, 5Hearts, 2Hearts, 5Spades.
P1 HAND: ADiamonds, 7Clubs, KClubs, AHearts, 7Hearts, 6Hearts, 4Hearts, 7Spades, KSpades, 6Spades.
P2 HAND: 7Diamonds, QDiamonds, AClubs, QClubs, 6Clubs, 5Clubs, 2Clubs, JSpades, QSpades, 3Spades.
P3 HAND: 4Diamonds, 2Diamonds, 4Clubs, 3Clubs, KHearts, QHearts, 3Hearts, ASpades, 4Spades, 2Spades.
P3 ASpades P0 5Spades P1 7Spades P2 3Spades 
P3 2Diamonds P0 KDiamonds P1 ADiamonds P2 QDiamonds 
P1 AHearts P2 2Clubs P3 3Hearts P0 2Hearts 
P2 QSpades P3 2Spades P0 5Hearts P1 KSpades 
P1 4Hearts P2 5Clubs P3 QHearts P0 JHearts 
P2 JSpades P3 4Spades P0 JClubs P1 6Spades 
P0 JDiamonds P1 6Hearts P2 7Diamonds P3 4Diamonds 
P2 6Clubs P3 3Clubs P0 3Diamonds P1 KClubs 
P1 7Clubs P2 AClubs P3 4Clubs P0 5Diamonds 
P2 QClubs P3 KHearts P0 6Diamonds P1 7Hearts 
-- /GAME --
P0 HAND: 7Diamonds, JDiamonds, 6Diamonds, 4Diamonds, 5Clubs, 4Clubs, QHearts, 5Spades, 4Spades, 2Spades.
P1 HAND: KDiamonds, 5Diamonds, 7Clubs, JClubs, QClubs, 3Clubs, KHearts, JHearts, 3Hearts, 2Hearts.
P2 HAND: ADiamonds, 3Diamonds, KClubs, 2Clubs, 6Hearts, ASpades, 7Spades, KSpades, JSpades, QSpades.
P3 HAND: QDiamonds, 2Diamonds, AClubs, 6Clubs, AHearts, 7Hearts, 5Hearts, 4Hearts, 6Spades, 3Spades.
P2 ADiamonds P3 2Diamonds P0 7Diamonds P1 5Diamonds 
P2 2Clubs P3 AClubs P0 5Clubs P1 7Clubs 
P3 3Spades P0 2Spades P1 3Clubs P2 ASpades 
P2 3Diamonds P3 QDiamonds P0 JDiamonds P1 KDiamonds 
P1 QClubs P2 KClubs P3 6Clubs P0 4Clubs 
P2 QSpades P3 6Spades P0 5Spades P1 2Hearts 
P1 JClubs P2 6Hearts P3 4Hearts P0 4Spades 
P2 JSpades P3 5Hearts P0 QHearts P1 JHearts 
P1 3Hearts P2 KSpades P3 7Hearts P0 4Diamonds 
P3 AHearts P0 6Diamonds P1 KHearts P2 7Spades 
-- /GAME --
P0 HAND: ADiamonds, 2Diamonds, KClubs, JClubs, 6Clubs, 4Clubs, KHearts, JHearts, 5Spades, 3Spades.
P1 HAND: QDiamonds, 5Diamonds, 4Diamonds, 3Diamonds, AHearts, 6Hearts, 4Hearts, 3Hearts, 7Spades, KSpades.
P2 HAND: KDiamonds, 6Diamonds, 7Clubs, QClubs, 5Clubs, 3Clubs, QHearts, 2Hearts, JSpades, 4Spades.
P3 HAND: 7Diamonds, JDiamonds, AClubs, 2Clubs, 7Hearts, 5Hearts, ASpades, QSpades, 6Spades, 2Spades.
P1 3Diamonds P2 6Diamonds P3 JDiamonds P0 2Diamonds 
P3 AClubs P0 4Clubs P1 7Spades P2 3Clubs 
P3 2Clubs P0 KClubs P1 4Diamonds P2 7Clubs 
P2 4Spades P3 ASpades P0 3Spades P1 KSpades 
P3 2Spades P0 5Spades P1 5Diamonds P2 JSpades 
P2 5Clubs P3 6Spades P0 JClubs P1 QDiamonds 
P0 KHearts P1 3Hearts P2 2Hearts P3 5Hearts 
P0 JHearts P1 4Hearts P2 QHearts P3 7Hearts 
P3 QSpades P0 6Clubs P1 6Hearts P2 QClubs 
P1 AHearts P2 KDiamonds P3 7Diamonds P0 ADiamonds 
-- /GAME --
P0 HAND: QDiamonds, 6Clubs, 3Clubs, 2Clubs, KHearts, 5Hearts, ASpades, KSpades, JSpades, 3Spades.
P1 HAND: 4Diamonds, 2Diamonds, QClubs, 4Clubs, AHearts, JHearts, 2Hearts, 7Spades, 6Spades, 5Spades.
P2 HAND: ADiamonds, 7Diamonds, JDiamonds, 5Diamonds, JClubs, QHearts, 6Hearts, 3Hearts, 4Spades, 2Spades.
P3 HAND: KDiamonds, 6Diamonds, 3Diamonds, AClubs, 7Clubs, KClubs, 5Clubs, 7Hearts, 4Hearts, QSpades.
P0 2Clubs P1 4Clubs P2 JClubs P3 5Clubs 
P2 ADiamonds P3 3Diamonds P0 QDiamonds P1 2Diamonds 
P2 2Spades P3 QSpades P0 KSpades P1 7Spades 
P1 AHearts P2 3Hearts P3 7Hearts P0 5Hearts 
P1 2Hearts P2 6Hearts P3 4Hearts P0 KHearts 
P0 3Clubs P1 QClubs P2 4Spades P3 KClubs 
P3 6Diamonds P0 JSpades P1 4Diamonds P2 7Diamonds 
P2 5Diamonds P3 KDiamonds P0 3Spades P1 JHearts 
P3 7Clubs P0 6Clubs P1 5Spades P2 QHearts 
P3 AClubs P0 ASpades P1 6Spades P2 JDiamonds 
-- /GAME --
P0 HAND: ADiamonds, 4Diamonds, 7Clubs, KClubs, 3Clubs, JHearts, QHearts, 2Hearts, 7Spades, KSpades.
P1 HAND: 7Diamonds, 5Diamonds, AClubs, 4Clubs, 7Hearts, 4Hearts, ASpades, 6Spades, 5Spades, 3Spades.
P2 HAND: KDiamonds, JDiamonds, QDiamonds, 6Diamonds, 3Diamonds, 2Diamonds, JClubs, 6Clubs, 5Hearts, JSpades.
P1 AClubs P2 6Clubs P3 QClubs P3 HAND: QClubs, 5Clubs, 2Clubs, AHearts, KHearts, 6Hearts, 3Hearts, QSpades, 4Spades, 2Spades.
P0 3Clubs 
P1 ASpades P2 JSpades P3 QSpades P0 KSpades 
P1 3Spades P2 2Diamonds P3 2Spades P0 7Spades 
P0 QHearts P1 4Hearts P2 5Hearts P3 3Hearts 
P0 ADiamonds P1 5Diamonds P2 KDiamonds P3 6Hearts 
P3 2Clubs P0 7Clubs P1 4Clubs P2 JClubs 
P0 2Hearts P1 7Hearts P2 3Diamonds P3 KHearts 
P1 5Spades P2 6Diamonds P3 4Spades P0 4Diamonds 
P1 6Spades P2 QDiamonds P3 5Clubs P0 JHearts 
P0 KClubs P1 7Diamonds P2 JDiamonds P3 AHearts 
-- /GAME --
P0 HAND: ADiamonds, QDiamonds, 6Diamonds, 6Clubs, 4Clubs, 2Clubs, KHearts, QHearts, KSpades, JSpades.
P1 HAND: KDiamonds, 3Diamonds, AClubs, 3Clubs, AHearts, 5Hearts, 4Hearts, ASpades, 6Spades, 4Spades.
P2 HAND: JDiamonds, 5Diamonds, 4Diamonds, KClubs, QClubs, 7Hearts, JHearts, 3Hearts, 2Hearts, 2Spades.
P3 HAND: 7Diamonds, 2Diamonds, 7Clubs, JClubs, 5Clubs, 6Hearts, 7Spades, QSpades, 5Spades, 3Spades.
P0 6Clubs P1 3Clubs P2 QClubs P3 5Clubs 
P2 2Hearts P3 6Hearts P0 QHearts P1 AHearts 
P1 ASpades P2 2Spades P3 7Spades P0 JSpades 
P1 3Diamonds P2 4Diamonds P3 2Diamonds P0 QDiamonds 
P0 2Clubs P1 AClubs P2 KClubs P3 JClubs 
P1 4Hearts P2 3Hearts P3 3Spades P0 KHearts 
P0 4Clubs P1 4Spades P2 5Diamonds P3 7Clubs 
P3 5Spades P0 KSpades P1 6Spades P2 7Hearts 
P0 ADiamonds P1 KDiamonds P2 JDiamonds P3 7Diamonds 
P0 6Diamonds P1 5Hearts P2 JHearts P3 QSpades 
-- /GAME --
P0 HAND: JDiamonds, QDiamonds, JClubs, 3Clubs, 2Clubs, 7Hearts, 4Hearts, ASpades, KSpades, 3Spades.
P1 HAND: ADiamonds, KDiamonds, 5Diamonds, 2Diamonds, KClubs, QClubs, 6Clubs, AHearts, 3Hearts, 6Spades.
P2 HAND: 6Diamonds, 4Diamonds, 3Diamonds, 4Clubs, KHearts, 2Hearts, 7Spades, JSpades, QSpades, 4Spades.
P3 HAND: 7Diamonds, AClubs, 7Clubs, 5Clubs, JHearts, QHearts, 6Hearts, 5Hearts, 5Spades, 2Spades.
P3 AClubs P0 2Clubs P1 KClubs P2 4Clubs 
P3 5Clubs P0 JClubs P1 6Clubs P2 KHearts 
P0 3Clubs P1 QClubs P2 2Hearts P3 7Clubs 
P3 5Hearts P0 7Hearts P1 AHearts P2 4Spades 
P2 3Diamonds P3 7Diamonds P0 QDiamonds P1 ADiamonds 
P1 2Diamonds P2 4Diamonds P3 6Hearts P0 JDiamonds 
P0 4Hearts P1 3Hearts P2 6Diamonds P3 JHearts 
P3 QHearts P0 3Spades P1 5Diamonds P2 QSpades 
P2 JSpades P3 2Spades P0 KSpades P1 6Spades 
P0 ASpades P1 KDiamonds P2 7Spades P3 5Spades 
-- /GAME --
P0 HAND: 4Diamonds, AClubs, 7Clubs, KClubs, JClubs, ASpades, KSpades, JSpades, 6Spades, 2Spades.
P1 HAND: ADiamonds, 6Diamonds, 4Clubs, AHearts, KHearts, QHearts, 5Hearts, 4Hearts, 2Hearts, 3Spades.
P2 HAND: 7Diamonds, KDiamonds, JDiamonds, QDiamonds, 5Clubs, 7Hearts, JHearts, 6Hearts, 7Spades, QSpades.
P3 HAND: 5Diamonds, 3Diamonds, 2Diamonds, QClubs, 6Clubs, 3Clubs, 2Clubs, 3Hearts, 5Spades, 4Spades.
P2 6Hearts P3 3Hearts P0 JClubs P1 2Hearts 
P0 KClubs P1 4Clubs P2 5Clubs P3 2Clubs 
P0 7Clubs P1 3Spades P2 QDiamonds P3 3Clubs 
P0 4Diamonds P1 ADiamonds P2 JDiamonds P3 5Diamonds 
P1 4Hearts P2 JHearts P3 2Diamonds P0 KSpades 
P2 QSpades P3 4Spades P0 ASpades P1 5Hearts 
P0 2Spades P1 6Diamonds P2 7Spades P3 5Spades 
P2 KDiamonds P3 3Diamonds P0 JSpades P1 QHearts 
P2 7Diamonds P3 6Clubs P0 6Spades P1 AHearts 
P3 QClubs P0 AClubs P1 KHearts P2 7Hearts 
-- /GAME --
P0 HAND: 5Diamonds, 7Clubs, 4Clubs, AHearts, 7Hearts, JHearts, 6Spades, 5Spades, 4Spades, 3Spades.
P1 HAND: 7Diamonds, JDiamonds, QDiamonds, 5Clubs, 2Clubs, KHearts, 2Hearts, ASpades, 7Spades, JSpades.
P2 HAND: ADiamonds, 3Diamonds, AClubs, QClubs, 6Clubs, 3Clubs, QHearts, 6Hearts, 3Hearts, 2Spades.
P3 HAND: KDiamonds, 6Diamonds, 4Diamonds, 2Diamonds, KClubs, JClubs, 5Hearts, 4Hearts, KSpades, QSpades.
P1 2Clubs P2 AClubs P3 JClubs P0 4Clubs 
P2 ADiamonds P3 2Diamonds P0 5Diamonds P1 QDiamonds 
P2 3Diamonds P3 4Diamonds P0 3Spades P1 JDiamonds 
P0 4Spades P1 JSpades P2 2Spades P3 QSpades 
P1 2Hearts P2 3Hearts P3 4Hearts P0 AHearts 
P0 5Spades P1 7Spades P2 3Clubs P3 KSpades 
P1 5Clubs P2 6Clubs P3 KClubs P0 7Clubs 
P0 6Spades P1 ASpades P2 6Hearts P3 KDiamonds 
P1 KHearts P2 QHearts P3 5Hearts P0 7Hearts 
P0 JHearts P1 7Diamonds P2 QClubs P3 6Diamonds 
-- /GAME --
P0 HAND: 6Diamonds, 3Diamonds, 4Clubs, AHearts, KHearts, ASpades, 7Spades, JSpades, 5Spades, 3Spades.
P1 HAND: ADiamonds, JDiamonds, 4Diamonds, 2Diamonds, JClubs, QHearts, 5Hearts, KSpades, QSpades, 4Spades.
P2 HAND: 7Diamonds, QDiamonds, AClubs, 7Clubs, QClubs, 6Clubs, 5Clubs, 3Clubs, 4Hearts, 2Hearts.
P3 HAND: KDiamonds, 5Diamonds, KClubs, 2Clubs, 7Hearts, JHearts, 6Hearts, 3Hearts, 6Spades, 2Spades.
P0 4Clubs P1 JClubs P2 AClubs P3 2Clubs 
P2 2Hearts P3 3Hearts P0 KHearts P1 5Hearts 
P0 3Diamonds P1 2Diamonds P2 QDiamonds P3 5Diamonds 
P2 3Clubs P3 KClubs P0 3Spades P1 KSpades 
P3 2Spades P0 ASpades P1 4Spades P2 7Clubs 
P0 6Diamonds P1 4Diamonds P2 7Diamonds P3 KDiamonds 
P2 4Hearts P3 6Hearts P0 AHearts P1 QHearts 
P0 JSpades P1 QSpades P2 5Clubs P3 6Spades 
P0 5Spades P1 JDiamonds P2 6Clubs P3 7Hearts 
P1 ADiamonds P2 QClubs P3 JHearts P0 7Spades 
-- /GAME --
P0 HAND: 7Diamonds, AClubs, 7Clubs, KHearts, 5Hearts, 2Hearts, ASpades, KSpades, QSpades, 4Spades.
P1 HAND: ADiamonds, 3Diamonds, QClubs, 6Clubs, 5Clubs, 4Clubs, 2Clubs, 7Hearts, JHearts, 7Spades.
P2 HAND: JDiamonds, 5Diamonds, 2Diamonds, KClubs, 3Clubs, AHearts, QHearts, 5Spades, 3Spades, 2Spades.
P3 HAND: KDiamonds, QDiamonds, 6Diamonds, 4Diamonds, JClubs, 6Hearts, 4Hearts, 3Hearts, JSpades, 6Spades.
P1 ADiamonds P2 2Diamonds 
