-- GAME --
P0 HAND: 6Diamonds, 2Diamonds, AClubs, JClubs, 5Clubs, 4Hearts, 3Hearts, 2Hearts, KSpades, QSpades.
P1 HAND: 7Diamonds, JDiamonds, QDiamonds, 5Diamonds, 3Diamonds, 4Clubs, JHearts, 6Hearts, 5Hearts, 4Spades.
P2 HAND: KDiamonds, 4Diamonds, KClubs, QClubs, 6Clubs, 3Clubs, AHearts, 7Hearts, JSpades, 6Spades.
P3 HAND: ADiamonds, 7Clubs, 2Clubs, KHearts, QHearts, ASpades, 7Spades, 5Spades, 3Spades, 2Spades.
P0 6Diamonds P1 3Diamonds P2 4Diamonds P3 ADiamonds 
P3 2Clubs P0 JClubs P1 4Clubs P2 KClubs 
P2 AHearts P3 QHearts P0 4Hearts P1 5Hearts 
P2 3Clubs P3 7Clubs P0 AClubs P1 4Spades 
P1 5Diamonds P2 KDiamonds P3 2Spades P0 2Diamonds 
P3 3Spades P0 KSpades P1 6Hearts P2 6Spades 
P0 5Clubs P1 QDiamonds P2 6Clubs P3 5Spades 
P3 7Spades P0 QSpades P1 JDiamonds P2 JSpades 
P3 ASpades P0 3Hearts P1 JHearts P2 QClubs 
P3 KHearts P0 2Hearts P1 7Diamonds P2 7Hearts 
-- /GAME --
P0 HAND: 6Diamonds, 4Diamonds, 6Clubs, 4Hearts, 2Hearts, 7Spades, KSpades, QSpades, 5Spades, 2Spades.
P1 HAND: ADiamonds, QDiamonds, JClubs, 4Clubs, 3Clubs, KHearts, JHearts, QHearts, 6Hearts, ASpades.
P2 HAND: KDiamonds, JDiamonds, 5Diamonds, 3Diamonds, QClubs, 5Clubs, 2Clubs, 3Hearts, 6Spades, 3Spades.
P3 HAND: 7Diamonds, 2Diamonds, AClubs, 7Clubs, KClubs, AHearts, 7Hearts, 5Hearts, JSpades, 4Spades.
P3 AClubs P0 6Clubs P1 JClubs P2 2Clubs 
P3 AHearts P0 4Hearts P1 KHearts P2 3Hearts 
P3 4Spades P0 5Spades P1 ASpades P2 3Spades 
P1 3Clubs P2 5Clubs P3 7Clubs P0 6Diamonds 
P0 4Diamonds P1 QDiamonds P2 3Diamonds P3 2Diamonds 
P1 4Clubs P2 QClubs P3 KClubs P0 2Hearts 
P3 5Hearts P0 KSpades P1 6Hearts P2 6Spades 
P1 QHearts P2 5Diamonds P3 7Hearts P0 7Spades 
P2 JDiamonds P3 7Diamonds P0 2Spades P1 ADiamonds 
P1 JHearts P2 KDiamonds P3 JSpades P0 QSpades 
-- /GAME --
P0 HAND: ADiamonds, 7Diamonds, KDiamonds, QDiamonds, 4Diamonds, 3Diamonds, 6Clubs, 6Hearts, ASpades, 2Spades.
P1 HAND: JDiamonds, 6Diamonds, 5Diamonds, QClubs, 5Clubs, AHearts, QHearts, 4Hearts, KSpades, JSpades.
P2 HAND: AClubs, 7Clubs, 3Clubs, 2Clubs, KHearts, JHearts, 5Hearts, 3Hearts, 7Spades, 6Spades.
P3 HAND: 2Diamonds, KClubs, JClubs, 4Clubs, 7Hearts, 2Hearts, QSpades, 5Spades, 4Spades, 3Spades.
P2 3Hearts P3 2Hearts P0 6Hearts P1 AHearts 
P1 4Hearts P2 5Hearts P3 7Hearts P0 6Clubs 
P0 ASpades P1 JSpades P2 7Spades P3 3Spades 
P0 2Spades P1 KSpades P2 6Spades P3 QSpades 
P1 5Diamonds P2 2Clubs P3 2Diamonds P0 ADiamonds 
P2 JHearts P3 4Spades P0 QDiamonds P1 QHearts 
P2 3Clubs P3 4Clubs P0 4Diamonds P1 5Clubs 
P1 6Diamonds P2 7Clubs P3 5Spades P0 7Diamonds 
P2 AClubs P3 JClubs P0 KDiamonds P1 QClubs 
P2 KHearts P3 KClubs P0 3Diamonds P1 JDiamonds 
-- /GAME --
P0 HAND: KDiamonds, QDiamonds, 3Diamonds, AClubs, JClubs, 4Clubs, 2Clubs, KHearts, 6Hearts, 5Hearts.
P1 HAND: KClubs, QClubs, 5Clubs, 3Clubs, 7Hearts, QHearts, JSpades, QSpades, 6Spades, 2Spades.
P2 HAND: 7Diamonds, JDiamonds, 5Diamonds, 7Clubs, 6Clubs, 4Hearts, 3Hearts, 7Spades, 4Spades, 3Spades.
P3 HAND: ADiamonds, 6Diamonds, 4Diamonds, 2Diamonds, AHearts, JHearts, 2Hearts, ASpades, KSpades, 5Spades.
P1 2Spades P2 3Spades P3 ASpades P0 4Clubs 
P0 6Hearts P1 QHearts P2 3Hearts P3 AHearts 
P3 ADiamonds P0 3Diamonds P1 7Hearts P2 5Diamonds 
P3 2Diamonds P0 KDiamonds P1 6Spades P2 7Diamonds 
P2 4Hearts P3 2Hearts P0 KHearts P1 QSpades 
P0 5Hearts P1 3Clubs P2 4Spades P3 JHearts 
P1 JSpades P2 7Spades P3 5Spades P0 QDiamonds 
P2 JDiamonds P3 4Diamonds P0 2Clubs P1 5Clubs 
P1 QClubs P2 6Clubs P3 6Diamonds P0 JClubs 
P0 AClubs P1 KClubs P2 7Clubs P3 KSpades 
-- /GAME --
P0 HAND: ADiamonds, 7Diamonds, 6Diamonds, 5Diamonds, JClubs, 4Clubs, 3Clubs, JHearts, QSpades, 2Spades.
P1 HAND: QClubs, 7Hearts, QHearts, 6Hearts, 4Hearts, 7Spades, KSpades, JSpades, 5Spades, 3Spades.
P2 HAND: KDiamonds, 4Diamonds, 3Diamonds, 2Diamonds, KClubs, 6Clubs, 5Hearts, ASpades, 6Spades, 4Spades.
P3 HAND: JDiamonds, QDiamonds, AClubs, 7Clubs, 5Clubs, 2Clubs, AHearts, KHearts, 3Hearts, 2Hearts.
P0 5Diamonds P1 3Spades P2 2Diamonds P3 JDiamonds 
P3 AHearts P0 JHearts P1 7Hearts P2 5Hearts 
P3 2Hearts P0 QSpades P1 4Hearts P2 3Diamonds 
P1 5Spades P2 ASpades P3 2Clubs P0 2Spades 
P3 3Hearts P0 JClubs P1 6Hearts P2 KDiamonds 
P0 4Clubs P1 QClubs P2 6Clubs P3 5Clubs 
P1 QHearts P2 4Diamonds P3 KHearts P0 3Clubs 
P0 7Diamonds P1 JSpades P2 KClubs P3 QDiamonds 
P2 4Spades P3 7Clubs P0 6Diamonds P1 7Spades 
P3 AClubs P0 ADiamonds P1 KSpades P2 6Spades 
-- /GAME --
P0 HAND: KDiamonds, JDiamonds, QDiamonds, 4Diamonds, KClubs, QClubs, 4Hearts, 7Spades, JSpades, 5Spades.
P1 HAND: 6Diamonds, JClubs, 6Clubs, 2Clubs, AHearts, JHearts, QHearts, 2Hearts, 6Spades, 4Spades.
P2 HAND: ADiamonds, 3Diamonds, AClubs, 4Clubs, 3Clubs, 7Hearts, KHearts, 6Hearts, 5Hearts, 3Spades.
P3 HAND: 7Diamonds, 5Diamonds, 2Diamonds, 7Clubs, 5Clubs, 3Hearts, ASpades, KSpades, QSpades, 2Spades.
P3 ASpades P0 5Spades P1 6Spades P2 3Spades 
P3 2Diamonds P0 KDiamonds P1 6Diamonds P2 ADiamonds 
P2 3Diamonds P3 5Diamonds P0 QDiamonds P1 2Hearts 
P0 7Spades P1 4Spades P2 7Hearts P3 2Spades 
P0 JSpades P1 QHearts P2 3Clubs P3 QSpades 
P2 5Hearts P3 3Hearts P0 4Hearts P1 AHearts 
P1 JHearts P2 6Hearts P3 5Clubs P0 KClubs 
P0 4Diamonds P1 2Clubs P2 4Clubs P3 7Diamonds 
P2 AClubs P3 7Clubs P0 QClubs P1 6Clubs 
P2 KHearts P3 KSpades P0 JDiamonds P1 JClubs 
-- /GAME --
P0 HAND: ADiamonds, 7Diamonds, KDiamonds, QDiamonds, 5Diamonds, 5Clubs, JHearts, 5Hearts, ASpades, 7Spades.
P1 HAND: 6Diamonds, 2Diamonds, 7Clubs, QClubs, 6Clubs, 2Clubs, AHearts, KHearts, 6Spades, 5Spades.
P2 HAND: 4Diamonds, 3Diamonds, AClubs, JClubs, 6Hearts, 2Hearts, JSpades, 4Spades, 3Spades, 2Spades.
P3 HAND: JDiamonds, KClubs, 4Clubs, 3Clubs, 7Hearts, QHearts, 4Hearts, 3Hearts, KSpades, QSpades.
P1 AHearts P2 2Hearts P3 7Hearts P0 5Hearts 
P1 2Clubs P2 AClubs P3 3Clubs P0 5Clubs 
P2 2Spades P3 QSpades P0 ASpades P1 5Spades 
P0 ADiamonds P1 2Diamonds P2 3Diamonds P3 JDiamonds 
P0 7Diamonds P1 6Diamonds P2 4Diamonds P3 3Hearts 
P0 KDiamonds P1 6Clubs P2 3Spades P3 4Clubs 
P0 QDiamonds P1 6Spades P2 4Spades P3 4Hearts 
P0 5Diamonds P1 QClubs P2 6Hearts P3 QHearts 
P0 7Spades P1 KHearts P2 JSpades P3 KSpades 
P0 JHearts P1 7Clubs P2 JClubs P3 KClubs 
-- /GAME --
P0 HAND: QDiamonds, 6Diamonds, 7Clubs, QClubs, 4Clubs, JHearts, 6Hearts, 4Hearts, KSpades, 3Spades.
P1 HAND: ADiamonds, KDiamonds, 2Diamonds, AClubs, JClubs, 7Hearts, KHearts, 5Hearts, QSpades, 6Spades.
P2 HAND: 7Diamonds, 4Diamonds, 6Clubs, 3Clubs, AHearts, QHearts, ASpades, JSpades, 5Spades, 2Spades.
P3 HAND: JDiamonds, 5Diamonds, 3Diamonds, KClubs, 5Clubs, 2Clubs, 3Hearts, 2Hearts, 7Spades, 4Spades.
P0 6Hearts P1 5Hearts P2 QHearts P3 2Hearts 
P2 ASpades P3 4Spades P0 KSpades P1 6Spades 
P2 2Spades P3 7Spades P0 3Spades P1 QSpades 
P3 2Clubs P0 4Clubs P1 AClubs P2 3Clubs 
P1 ADiamonds P2 4Diamonds P3 JDiamonds P0 6Diamonds 
P1 2Diamonds P2 7Diamonds P3 3Diamonds P0 QDiamonds 
P2 5Spades P3 5Diamonds P0 JHearts P1 KHearts 
P1 JClubs P2 6Clubs P3 5Clubs P0 7Clubs 
P0 4Hearts P1 7Hearts P2 AHearts P3 3Hearts 
P2 JSpades P3 KClubs P0 QClubs P1 KDiamonds 
-- /GAME --
P0 HAND: 7Diamonds, 6Diamonds, 5Diamonds, 3Diamonds, KClubs, 4Clubs, JHearts, 5Hearts, KSpades, QSpades.
P1 HAND: JDiamonds, 7Clubs, QClubs, 6Clubs, 5Clubs, KHearts, QHearts, 6Hearts, 7Spades, 3Spades.
P2 HAND: KDiamonds, QDiamonds, 4Diamonds, JClubs, 3Clubs, 3Hearts, 2Hearts, JSpades, 5Spades, 2Spades.
P3 HAND: ADiamonds, 2Diamonds, AClubs, 2Clubs, AHearts, 7Hearts, 4Hearts, ASpades, 6Spades, 4Spades.
P3 ADiamonds P0 6Diamonds P1 JDiamonds P2 4Diamonds 
P3 AClubs P0 4Clubs P1 7Clubs P2 3Clubs 
P3 AHearts P0 5Hearts P1 KHearts P2 2Hearts 
P3 2Diamonds P0 5Diamonds P1 5Clubs P2 KDiamonds 
P2 3Hearts P3 4Hearts P0 JHearts P1 6Hearts 
P0 KSpades P1 3Spades P2 2Spades P3 4Spades 
P0 QSpades P1 7Spades P2 5Spades P3 6Spades 
P1 6Clubs P2 JClubs P3 2Clubs P0 KClubs 
P0 7Diamonds P1 QClubs P2 QDiamonds P3 ASpades 
P3 7Hearts P0 3Diamonds P1 QHearts P2 JSpades 
-- /GAME --
P0 HAND: 7Diamonds, QDiamonds, 2Diamonds, 7Clubs, 6Clubs, 3Clubs, 2Hearts, KSpades, 4Spades, 3Spades.
P1 HAND: ADiamonds, JDiamonds, 6Diamonds, 5Clubs, AHearts, 7Hearts, QHearts, 7Spades, QSpades, 2Spades.
P2 HAND: KDiamonds, 5Diamonds, 3Diamonds, KClubs, JClubs, QClubs, 4Clubs, KHearts, 5Hearts, 4Hearts.
P3 HAND: 4Diamonds, AClubs, 2Clubs, JHearts, 6Hearts, 3Hearts, ASpades, JSpades, 6Spades, 5Spades.
P2 3Diamonds P3 4Diamonds P0 2Diamonds P1 ADiamonds 
P1 AHearts P2 4Hearts P3 JHearts P0 2Hearts 
P1 2Spades P2 5Diamonds P3 ASpades P0 3Spades 
P3 3Hearts P0 4Spades P1 7Hearts P2 5Hearts 
P1 6Diamonds P2 KDiamonds P3 5Spades P0 7Diamonds 
P0 KSpades P1 QSpades P2 4Clubs P3 6Spades 
P2 QClubs P3 2Clubs P0 3Clubs P1 5Clubs 
P2 JClubs P3 AClubs P0 6Clubs P1 7Spades 
P3 6Hearts P0 QDiamonds P1 QHearts P2 KHearts 
P2 KClubs P3 JSpades P0 7Clubs P1 JDiamonds 
-- /GAME --
P0 HAND: JDiamonds, QDiamonds, 4Diamonds, 6Clubs, 4Clubs, 3Clubs, 2Clubs, ASpades, JSpades, 2Spades.
P1 HAND: 6Diamonds, 3Diamonds, 2Diamonds, KClubs, JClubs, AHearts, JHearts, QHearts, 6Hearts, 5Hearts.
P2 HAND: 5Diamonds, 7Clubs, QClubs, 5Clubs, 7Hearts, 2Hearts, 7Spades, KSpades, QSpades, 6Spades.
P3 HAND: ADiamonds, 7Diamonds, KDiamonds, AClubs, KHearts, 4Hearts, 3Hearts, 5Spades, 4Spades, 3Spades.
P1 2Diamonds P2 5Diamonds P3 ADiamonds P0 4Diamonds 
P3 3Hearts P0 2Spades P1 AHearts P2 2Hearts 
P1 3Diamonds P2 6Spades P3 7Diamonds P0 QDiamonds 
P3 3Spades P0 JSpades P1 5Hearts P2 7Spades 
P2 QSpades P3 4Spades P0 ASpades P1 JClubs 
P1 6Diamonds P2 5Clubs P3 KDiamonds P0 JDiamonds 
P2 QClubs P3 AClubs P0 2Clubs P1 KClubs 
P3 4Hearts P0 3Clubs P1 6Hearts P2 7Hearts 
P0 4Clubs P1 QHearts P2 7Clubs P3 5Spades 
P2 KSpades P3 KHearts P0 6Clubs P1 JHearts 
-- /GAME --
P0 HAND: ADiamonds, AClubs, 7Clubs, 6Clubs, 7Hearts, 4Hearts, 2Hearts, 7Spades, 5Spades, 2Spades.
P1 HAND: 7Diamonds, JDiamonds, 4Diamonds, 2Clubs, JHearts, QHearts, 5Hearts, 3Hearts, 4Spades, 3Spades.
P2 HAND: 3Diamonds, KClubs, QClubs, 5Clubs, 4Clubs, 3Clubs, AHearts, 6Hearts, ASpades, KSpades.
P3 HAND: KDiamonds, QDiamonds, 6Diamonds, 5Diamonds, 2Diamonds, JClubs, KHearts, JSpades, QSpades, 6Spades.
P0 AClubs P1 2Clubs P2 KClubs P3 JClubs 
P0 4Hearts P1 3Hearts P2 AHearts P3 KHearts 
P2 ASpades P3 6Spades P0 7Spades P1 3Spades 
P2 3Clubs P3 QSpades P0 7Clubs P1 4Diamonds 
P1 4Spades P2 KSpades P3 JSpades P0 5Spades 
P2 4Clubs P3 2Diamonds P0 6Clubs P1 JHearts 
P3 5Diamonds P0 ADiamonds P1 JDiamonds P2 3Diamonds 
P0 7Hearts P1 5Hearts P2 6Hearts P3 6Diamonds 
P3 QDiamonds P0 2Hearts P1 7Diamonds P2 5Clubs 
P1 QHearts P2 QClubs P3 KDiamonds P0 2Spades 
-- /GAME --
P0 HAND: JDiamonds, 6Diamonds, 5Diamonds, 4Clubs, 3Clubs, AHearts, KSpades, JSpades, 4Spades, 2Spades.
P1 HAND: ADiamonds, KDiamonds, AClubs, 6Clubs, 2Clubs, 7Hearts, JHearts, 5Hearts, ASpades, 6Spades.
P2 HAND: 7Diamonds, QDiamonds, 3Diamonds, 2Diamonds, QClubs, 5Clubs, KHearts, 3Hearts, QSpades, 5Spades.
P3 HAND: 4Diamonds, 7Clubs, KClubs, JClubs, QHearts, 6Hearts, 4Hearts, 2Hearts, 7Spades, 3Spades.
P3 2Hearts P0 AHearts P1 5Hearts P2 KHearts 
P0 JSpades P1 6Spades P2 5Spades P3 3Spades 
P0 2Spades P1 ASpades P2 QSpades P3 7Spades 
P1 ADiamonds P2 2Diamonds P3 4Diamonds P0 5Diamonds 
P1 AClubs P2 5Clubs P3 7Clubs P0 3Clubs 
P1 2Clubs P2 QClubs P3 KClubs P0 4Clubs 
P3 4Hearts P0 6Diamonds P1 7Hearts P2 3Hearts 
P1 6Clubs P2 3Diamonds P3 JClubs P0 JDiamonds 
P3 6Hearts P0 4Spades P1 JHearts P2 7Diamonds 
P0 KSpades P1 KDiamonds P2 QDiamonds P3 QHearts 
-- /GAME --
P0 HAND: ADiamonds, 6Diamonds, 7Clubs, JClubs, 2Clubs, 5Hearts, 2Hearts, ASpades, 7Spades, 5Spades.
P1 HAND: 7Diamonds, 2Diamonds, AClubs, QClubs, 6Clubs, 5Clubs, QHearts, 4Hearts, 6Spades, 2Spades.
P2 HAND: KDiamonds, 5Diamonds, 3Diamonds, KClubs, 3Clubs, AHearts, 3Hearts, JSpades, 4Spades, 3Spades.
P3 HAND: JDiamonds, QDiamonds, 4Diamonds, 4Clubs, 7Hearts, KHearts, JHearts, 6Hearts, KSpades, QSpades.
P2 AHearts P3 6Hearts P0 5Hearts P1 4Hearts 
P2 3Diamonds P3 4Diamonds P0 6Diamonds P1 7Diamonds 
P1 AClubs P2 3Clubs P3 4Clubs P0 2Clubs 
P1 2Diamonds P2 5Diamonds P3 QDiamonds P0 ADiamonds 
P0 ASpades P1 2Spades P2 3Spades P3 QSpades 
P0 7Spades P1 6Spades P2 4Spades P3 KSpades 
P0 5Spades P1 5Clubs P2 JSpades P3 JDiamonds 
P2 3Hearts P3 JHearts P0 2Hearts P1 QHearts 
P3 KHearts P0 JClubs P1 6Clubs P2 KDiamonds 
P3 7Hearts P0 7Clubs P1 QClubs P2 KClubs 
-- /GAME --
P0 HAND: ADiamonds, JDiamonds, AClubs, 7Clubs, 3Clubs, QHearts, 7Spades, QSpades, 3Spades, 2Spades.
P1 HAND: 7Diamonds, 5Diamonds, 4Diamonds, 3Diamonds, 2Diamonds, 2Clubs, JHearts, 3Hearts, ASpades, 5Spades.
P2 HAND: QDiamonds, 6Diamonds, KClubs, JClubs, 5Clubs, 4Clubs, AHearts, 7Hearts, KHearts, KSpades.
P3 HAND: KDiamonds, QClubs, 6Clubs, 6Hearts, 5Hearts, 4Hearts, 2Hearts, JSpades, 6Spades, 4Spades.
P1 ASpades P2 KSpades P3 JSpades P0 3Spades 
P1 2Diamonds P2 6Diamonds P3 KDiamonds P0 ADiamonds 
P0 AClubs P1 2Clubs P2 KClubs P3 6Clubs 
P0 7Clubs P1 3Hearts P2 4Clubs P3 QClubs 
P1 3Diamonds P2 QDiamonds P3 4Spades P0 JDiamonds 
P0 QHearts P1 JHearts P2 KHearts P3 2Hearts 
P2 5Clubs P3 6Spades P0 3Clubs P1 4Diamonds 
P2 JClubs P3 4Hearts P0 2Spades P1 7Diamonds 
P3 5Hearts P0 7Spades P1 5Diamonds P2 7Hearts 
P2 AHearts P3 6Hearts P0 QSpades P1 5Spades 
-- /GAME --
P0 HAND: JDiamonds, 5Diamonds, 2Diamonds, AClubs, 7Clubs, KClubs, 4Clubs, KHearts, JHearts, 2Hearts.
P1 HAND: 7Diamonds, KDiamonds, QDiamonds, 4Diamonds, JClubs, 2Clubs, AHearts, 7Hearts, QHearts, 6Hearts.
P2 HAND: ADiamonds, 6Clubs, 5Clubs, ASpades, KSpades, JSpades, QSpades, 6Spades, 4Spades, 3Spades.
P3 HAND: 6Diamonds, 3Diamonds, QClubs, 3Clubs, 5Hearts, 4Hearts, 3Hearts, 7Spades, 5Spades, 2Spades.
P0 AClubs P1 2Clubs P2 6Clubs P3 3Clubs 
P0 5Diamonds P1 4Diamonds P2 ADiamonds P3 3Diamonds 
P2 3Spades P3 2Spades P0 KHearts P1 QDiamonds 
P0 JDiamonds P1 KDiamonds P2 4Spades P3 6Diamonds 
P1 JClubs P2 5Clubs P3 QClubs P0 7Clubs 
P0 2Diamonds P1 7Diamonds P2 6Spades P3 7Spades 
P1 6Hearts P2 QSpades P3 3Hearts P0 JHearts 
P0 4Clubs P1 QHearts P2 JSpades P3 5Spades 
P1 7Hearts P2 KSpades P3 4Hearts P0 2Hearts 
P1 AHearts P2 ASpades P3 5Hearts P0 KClubs 
-- /GAME --
P0 HAND: KDiamonds, QDiamonds, 3Diamonds, 4Clubs, 7Hearts, 4Hearts, JSpades, QSpades, 4Spades, 3Spades.
P1 HAND: ADiamonds, JDiamonds, 6Diamonds, 2Diamonds, QClubs, 6Clubs, 2Clubs, QHearts, 3Hearts, 2Spades.
P2 HAND: 5Diamonds, 7Clubs, KClubs, 5Clubs, KHearts, JHearts, 5Hearts, ASpades, 7Spades, KSpades.
P3 HAND: 7Diamonds, 4Diamonds, AClubs, JClubs, 3Clubs, AHearts, 6Hearts, 2Hearts, 6Spades, 5Spades.
P3 AHearts P0 4Hearts P1 QHearts P2 5Hearts 
P3 2Hearts P0 7Hearts P1 3Hearts P2 KHearts 
P0 4Clubs P1 2Clubs P2 5Clubs P3 3Clubs 
P2 ASpades P3 5Spades P0 JSpades P1 2Spades 
P2 5Diamonds P3 4Diamonds P0 QDiamonds P1 ADiamonds 
P1 2Diamonds P2 KClubs P3 7Diamonds P0 KDiamonds 
P2 JHearts P3 6Hearts P0 3Diamonds P1 6Diamonds 
P2 7Clubs P3 AClubs P0 QSpades P1 6Clubs 
P3 6Spades P0 4Spades P1 QClubs P2 KSpades 
P1 JDiamonds P2 7Spades P3 JClubs P0 3Spades 
-- /GAME --
P0 HAND: ADiamonds, JDiamonds, 6Diamonds, AClubs, 7Clubs, KClubs, 6Hearts, 2Hearts, 3Spades, 2Spades.
P1 HAND: 3Diamonds, JClubs, 4Clubs, 3Clubs, 2Clubs, 7Hearts, 4Hearts, KSpades, 6Spades, 5Spades.
P2 HAND: 7Diamonds, 5Diamonds, QClubs, 5Clubs, AHearts, 5Hearts, 3Hearts, 7Spades, JSpades, QSpades.
P3 HAND: KDiamonds, QDiamonds, 4Diamonds, 2Diamonds, 6Clubs, KHearts, JHearts, QHearts, ASpades, 4Spades.
P1 3Diamonds P2 5Diamonds P3 2Diamonds P0 JDiamonds 
P0 AClubs P1 2Clubs P2 5Clubs P3 6Clubs 
P0 7Clubs P1 3Clubs P2 QClubs P3 4Diamonds 
P0 KClubs P1 4Clubs P2 3Hearts P3 4Spades 
P0 ADiamonds P1 JClubs P2 7Diamonds P3 KDiamonds 
P1 4Hearts P2 AHearts P3 QHearts P0 6Hearts 
P2 5Hearts P3 JHearts P0 2Hearts P1 7Hearts 
P1 5Spades P2 QSpades P3 ASpades P0 2Spades 
P3 QDiamonds P0 6Diamonds P1 6Spades P2 JSpades 
P3 KHearts P0 3Spades P1 KSpades P2 7Spades 
-- /GAME --
P0 HAND: 5Diamonds, 2Diamonds, 7Clubs, JClubs, 5Clubs, AHearts, 7Hearts, ASpades, JSpades, 5Spades.
P1 HAND: 7Diamonds, QDiamonds, 4Diamonds, 6Clubs, 3Clubs, JHearts, 5Hearts, 3Hearts, 6Spades, 4Spades.
P2 HAND: ADiamonds, JDiamonds, 6Diamonds, AClubs, QClubs, QHearts, 6Hearts, 7Spades, QSpades, 3Spades.
P3 HAND: KDiamonds, 3Diamonds, KClubs, 4Clubs, 2Clubs, KHearts, 4Hearts, 2Hearts, KSpades, 2Spades.
P0 JClubs P1 3Clubs P2 QClubs P3 KClubs 
P3 2Hearts P0 AHearts P1 3Hearts P2 QHearts 
P0 5Clubs P1 6Clubs P2 AClubs P3 2Clubs 
P2 ADiamonds P3 3Diamonds P0 5Diamonds P1 4Diamonds 
P2 3Spades P3 2Spades P0 5Spades P1 6Spades 
P1 4Spades P2 QSpades P3 KSpades P0 JSpades 
P3 4Hearts P0 7Hearts P1 5Hearts P2 6Hearts 
P0 7Clubs P1 QDiamonds P2 6Diamonds P3 4Clubs 
P0 ASpades P1 JHearts P2 7Spades P3 KDiamonds 
P0 2Diamonds P1 7Diamonds P2 JDiamonds P3 KHearts 
-- /GAME --
P0 HAND: 6Diamonds, 3Diamonds, 2Diamonds, AClubs, 3Clubs, JHearts, 6Hearts, 4Hearts, 2Hearts, 5Spades.
P1 HAND: ADiamonds, KDiamonds, 4Diamonds, QClubs, 4Clubs, KHearts, QHearts, ASpades, 7Spades, 4Spades.
P2 HAND: QDiamonds, 5Diamonds, 7Clubs, JClubs, 6Clubs, 7Hearts, 5Hearts, KSpades, 6Spades, 3Spades.
P3 HAND: 7Diamonds, JDiamonds, KClubs, 5Clubs, 2Clubs, AHearts, 3Hearts, JSpades, QSpades, 2Spades.
P3 2Clubs P0 3Clubs P1 4Clubs P2 7Clubs 
P2 3Spades P3 2Spades P0 5Spades P1 ASpades 
P1 ADiamonds P2 5Diamonds P3 7Diamonds P0 2Diamonds 
P1 4Diamonds P2 QDiamonds P3 JDiamonds P0 3Diamonds 
P3 5Clubs P0 AClubs P1 QClubs P2 JClubs 
P0 6Hearts P1 QHearts P2 5Hearts P3 3Hearts 
P1 4Spades P2 6Spades P3 QSpades P0 6Diamonds 
P3 JSpades P0 2Hearts P1 7Spades P2 KSpades 
P0 4Hearts P1 KHearts P2 7Hearts P3 AHearts 
P3 KClubs P0 JHearts P1 KDiamonds P2 6Clubs 
-- /GAME --
P0 HAND: 6Diamonds, 2Diamonds, AClubs, AHearts, 7Hearts, QHearts, ASpades, 5Spades, 4Spades, 2Spades.
P1 HAND: KDiamonds, 5Diamonds, 3Diamonds, 3Clubs, KHearts, 6Hearts, 5Hearts, 4Hearts, 3Hearts, 3Spades.
P2 HAND: 7Diamonds, JDiamonds, JClubs, 6Clubs, 5Clubs, 4Clubs, JHearts, 7Spades, KSpades, 6Spades.
P3 HAND: ADiamonds, QDiamonds, 4Diamonds, 7Clubs, KClubs, QClubs, 2Clubs, 2Hearts, JSpades, QSpades.
P2 6Spades P3 QSpades P0 ASpades P1 3Spades 
P0 AHearts P1 3Hearts P2 JHearts P3 2Hearts 
P0 6Diamonds P1 3Diamonds P2 JDiamonds P3 ADiamonds 
P3 4Diamonds P0 2Diamonds P1 5Diamonds P2 7Diamonds 
P2 4Clubs P3 2Clubs P0 AClubs P1 3Clubs 
P0 QHearts P1 4Hearts P2 5Clubs P3 QDiamonds 
P2 6Clubs P3 QClubs P0 5Spades P1 KDiamonds 
P3 JSpades P0 4Spades P1 5Hearts P2 7Spades 
P2 JClubs P3 KClubs P0 2Spades P1 KHearts 
P3 7Clubs P0 7Hearts P1 6Hearts P2 KSpades 
-- /GAME --

