-- GAME --
P0 HAND: KDiamonds, JDiamonds, AClubs, 5Clubs, 2Clubs, AHearts, JHearts, 3Hearts, 2Hearts, 7Spades.
P1 HAND: QDiamonds, 6Diamonds, 4Diamonds, QClubs, 6Hearts, 4Hearts, KSpades, 6Spades, 5Spades, 2Spades.
P2 HAND: ADiamonds, 5Diamonds, 2Diamonds, 7Clubs, 7Hearts, KHearts, 5Hearts, JSpades, QSpades, 4Spades.
P3 HAND: 7Diamonds, 3Diamonds, KClubs, JClubs, 6Clubs, 4Clubs, 3Clubs, QHearts, ASpades, 3Spades.
P2 ADiamonds P3 3Diamonds P0 KDiamonds P1 4Diamonds 
P2 2Diamonds P3 7Diamonds P0 JDiamonds P1 QDiamonds 
P3 3Clubs P0 AClubs P1 QClubs P2 7Clubs 
P0 AHearts P1 4Hearts P2 7Hearts P3 QHearts 
P0 JHearts P1 6Hearts P2 KHearts P3 3Spades 
P3 4Clubs P0 5Clubs P1 6Diamonds P2 5Diamonds 
P0 2Clubs P1 2Spades P2 5Hearts P3 KClubs 
P1 5Spades P2 4Spades P3 ASpades P0 7Spades 
P3 6Clubs P0 3Hearts P1 6Spades P2 QSpades 
P2 JSpades P3 JClubs P0 2Hearts P1 KSpades 
-- /GAME --
P0 HAND: 5Diamonds, AClubs, 5Clubs, 7Hearts, QHearts, 5Hearts, JSpades, 5Spades, 3Spades, 2Spades.
P1 HAND: 4Diamonds, JClubs, QClubs, 6Clubs, AHearts, KHearts, 6Hearts, 2Hearts, QSpades, 4Spades.
P2 HAND: JDiamonds, 6Diamonds, 3Diamonds, 2Diamonds, KClubs, 3Clubs, 3Hearts, ASpades, KSpades, 6Spades.
P3 HAND: ADiamonds, 7Diamonds, KDiamonds, QDiamonds, 7Clubs, 4Clubs, 2Clubs, JHearts, 4Hearts, 7Spades.
P1 AHearts P2 3Hearts P3 JHearts P0 5Hearts 
P1 2Hearts P2 2Diamonds P3 4Hearts P0 7Hearts 
P0 5Diamonds P1 4Diamonds P2 3Diamonds P3 ADiamonds 
P3 2Clubs P0 AClubs P1 6Clubs P2 KClubs 
P0 QHearts P1 6Hearts P2 3Clubs P3 4Clubs 
P0 5Clubs P1 QClubs P2 6Diamonds P3 7Clubs 
P3 QDiamonds P0 JSpades P1 JClubs P2 JDiamonds 
P0 5Spades P1 4Spades P2 6Spades P3 7Spades 
P3 KDiamonds P0 3Spades P1 QSpades P2 KSpades 
P2 ASpades P3 7Diamonds P0 2Spades P1 KHearts 
-- /GAME --
P0 HAND: ADiamonds, KDiamonds, JDiamonds, JClubs, AHearts, 4Hearts, 2Hearts, JSpades, QSpades, 4Spades.
P1 HAND: 5Diamonds, 3Diamonds, AClubs, KClubs, 2Clubs, KHearts, 3Hearts, 7Spades, KSpades, 5Spades.
P2 HAND: QDiamonds, 4Diamonds, 7Clubs, 6Clubs, 5Clubs, JHearts, QHearts, 5Hearts, 6Spades, 2Spades.
P3 HAND: 7Diamonds, 6Diamonds, 2Diamonds, QClubs, 4Clubs, 3Clubs, 7Hearts, 6Hearts, ASpades, 3Spades.
P0 QSpades P1 5Spades P2 2Spades P3 3Spades 
P0 4Spades P1 KSpades P2 6Spades P3 ASpades 
P3 2Diamonds P0 KDiamonds P1 3Diamonds P2 QDiamonds 
P0 JSpades P1 7Spades P2 4Diamonds P3 7Diamonds 
P1 AClubs P2 5Clubs P3 QClubs P0 JClubs 
P1 2Clubs P2 6Clubs P3 3Clubs P0 JDiamonds 
P2 5Hearts P3 6Hearts P0 AHearts P1 3Hearts 
P0 ADiamonds P1 5Diamonds P2 QHearts P3 6Diamonds 
P0 4Hearts P1 KHearts P2 JHearts P3 7Hearts 
P3 4Clubs P0 2Hearts P1 KClubs P2 7Clubs 
-- /GAME --
P0 HAND: QDiamonds, 4Diamonds, AClubs, 7Clubs, QHearts, 6Hearts, 4Hearts, JSpades, QSpades, 4Spades.
P1 HAND: ADiamonds, 7Diamonds, KDiamonds, 3Diamonds, KClubs, JClubs, 6Clubs, 4Clubs, JHearts, 6Spades.
P2 HAND: 5Diamonds, 2Diamonds, QClubs, 5Clubs, 3Clubs, 2Clubs, AHearts, ASpades, 7Spades, 3Spades.
P3 HAND: JDiamonds, 6Diamonds, 7Hearts, KHearts, 5Hearts, 3Hearts, 2Hearts, KSpades, 5Spades, 2Spades.
P3 2Hearts P0 4Hearts P1 JHearts P2 AHearts 
P2 2Diamonds P3 6Diamonds P0 4Diamonds P1 ADiamonds 
P1 3Diamonds P2 5Diamonds P3 JDiamonds P0 QDiamonds 
P3 3Hearts P0 QHearts P1 4Clubs P2 QClubs 
P0 AClubs P1 6Clubs P2 5Clubs P3 2Spades 
P3 5Hearts P0 6Hearts P1 6Spades P2 2Clubs 
P1 JClubs P2 3Clubs P3 5Spades P0 7Clubs 
P3 KSpades P0 4Spades P1 KDiamonds P2 7Spades 
P2 3Spades P3 KHearts P0 QSpades P1 KClubs 
P0 JSpades P1 7Diamonds P2 ASpades P3 7Hearts 
-- /GAME --
P0 HAND: KDiamonds, 6Diamonds, KClubs, JClubs, 2Clubs, AHearts, JHearts, 2Hearts, JSpades, 5Spades.
P1 HAND: 7Diamonds, QDiamonds, 3Diamonds, 2Diamonds, 7Hearts, KHearts, 5Hearts, 4Hearts, 6Spades, 2Spades.
P2 HAND: 5Diamonds, AClubs, 7Clubs, 5Clubs, 4Clubs, 3Clubs, QHearts, ASpades, 4Spades, 3Spades.
P3 HAND: ADiamonds, JDiamonds, 4Diamonds, QClubs, 6Clubs, 6Hearts, 3Hearts, 7Spades, KSpades, QSpades.
P2 3Clubs P3 6Clubs P0 2Clubs P1 7Diamonds 
P3 ADiamonds P0 6Diamonds P1 QDiamonds P2 5Diamonds 
P3 3Hearts P0 AHearts P1 4Hearts P2 QHearts 
P0 KDiamonds P1 2Diamonds P2 AClubs P3 4Diamonds 
P0 KClubs P1 3Diamonds P2 7Clubs P3 QClubs 
P2 4Clubs P3 6Hearts P0 JClubs P1 5Hearts 
P0 JHearts P1 KHearts P2 3Spades P3 QSpades 
P3 JDiamonds P0 JSpades P1 7Hearts P2 5Clubs 
P0 2Hearts P1 2Spades P2 4Spades P3 KSpades 
P3 7Spades P0 5Spades P1 6Spades P2 ASpades 
-- /GAME --
P0 HAND: 7Diamonds, JDiamonds, 6Diamonds, JHearts, 4Hearts, 3Hearts, 2Hearts, ASpades, KSpades, 5Spades.
P1 HAND: ADiamonds, QDiamonds, 3Diamonds, 4Clubs, 2Clubs, 5Hearts, 7Spades, JSpades, QSpades, 2Spades.
P2 HAND: KDiamonds, 4Diamonds, 2Diamonds, 7Clubs, JClubs, QClubs, 6Clubs, QHearts, 6Hearts, 4Spades.
P3 HAND: 5Diamonds, AClubs, KClubs, 5Clubs, 3Clubs, AHearts, 7Hearts, KHearts, 6Spades, 3Spades.

