-- GAME --
P0 HAND: ADiamonds, KDiamonds, 5Diamonds, 2Diamonds, AClubs, KClubs, 6Clubs, 7Spades, QSpades, 4Spades.
P1 HAND: 6Diamonds, 3Diamonds, AHearts, KHearts, JHearts, 6Hearts, 5Hearts, 3Hearts, JSpades, 3Spades.
P2 HAND: JDiamonds, QDiamonds, 7Clubs, 5Clubs, 4Clubs, 2Clubs, QHearts, ASpades, KSpades, 2Spades.
P3 HAND: 7Diamonds, 4Diamonds, JClubs, QClubs, 3Clubs, 7Hearts, 4Hearts, 2Hearts, 6Spades, 5Spades.
P1 3Diamonds P2 QDiamonds P3 4Diamonds P0 KDiamonds 
P0 ADiamonds P1 6Diamonds P2 JDiamonds P3 7Diamonds 
P0 5Diamonds P1 3Hearts P2 2Spades P3 2Hearts 
P0 2Diamonds P1 3Spades P2 QHearts P3 4Hearts 
P0 QSpades P1 JSpades P2 ASpades P3 5Spades 
P2 2Clubs P3 3Clubs P0 6Clubs P1 5Hearts 
P0 KClubs P1 6Hearts P2 4Clubs P3 QClubs 
P0 AClubs P1 JHearts P2 5Clubs P3 JClubs 
P0 4Spades P1 KHearts P2 KSpades P3 6Spades 
P2 7Clubs P3 7Hearts P0 7Spades P1 AHearts 
-- /GAME --
P0 HAND: 6Diamonds, 2Diamonds, AClubs, 5Clubs, AHearts, JHearts, QHearts, 2Hearts, ASpades, 5Spades.
P1 HAND: ADiamonds, 7Diamonds, 3Diamonds, KClubs, 3Clubs, 2Clubs, 4Hearts, JSpades, 6Spades, 3Spades.
P2 HAND: KDiamonds, QDiamonds, 7Clubs, JClubs, 6Clubs, 4Clubs, 5Hearts, KSpades, QSpades, 2Spades.
P3 HAND: JDiamonds, 5Diamonds, 4Diamonds, QClubs, 7Hearts, KHearts, 6Hearts, 3Hearts, 7Spades, 4Spades.
P3 3Hearts 
