-- GAME --
P0 HAND: 7Diamonds, 4Diamonds, AClubs, KClubs, 6Clubs, 5Hearts, 4Hearts, 2Hearts, KSpades, 5Spades.
P1 HAND: QDiamonds, 3Diamonds, 2Diamonds, 7Clubs, QClubs, 5Clubs, 3Clubs, 7Hearts, JHearts, 2Spades.
P2 HAND: ADiamonds, KDiamonds, 6Diamonds, 5Diamonds, 4Clubs, AHearts, ASpades, JSpades, QSpades, 6Spades.
P3 HAND: JDiamonds, JClubs, 2Clubs, KHearts, QHearts, 6Hearts, 3Hearts, 7Spades, 4Spades, 3Spades.
P1 2Diamonds P2 ADiamonds P3 JDiamonds P0 7Diamonds 
P2 AHearts P3 3Hearts P0 2Hearts P1 JHearts 
P2 ASpades P3 3Spades P0 KSpades P1 2Spades 
P2 5Diamonds P3 4Spades P0 4Diamonds P1 QDiamonds 
P1 3Diamonds P2 6Diamonds P3 6Hearts P0 5Spades 
P2 6Spades P3 7Spades P0 KClubs P1 7Clubs 
P1 3Clubs P2 4Clubs P3 2Clubs P0 6Clubs 
P0 4Hearts P1 7Hearts P2 QSpades P3 KHearts 
P1 5Clubs P2 JSpades P3 JClubs P0 AClubs 
P0 5Hearts P1 QClubs P2 KDiamonds P3 QHearts 
-- /GAME --
P0 HAND: QDiamonds, KClubs, 5Clubs, 4Clubs, 7Hearts, QHearts, 5Hearts, ASpades, JSpades, 6Spades.
P1 HAND: 5Diamonds, 4Diamonds, AClubs, 7Clubs, 3Clubs, 2Clubs, 4Hearts, 2Hearts, KSpades, 3Spades.
P2 HAND: KDiamonds, 3Diamonds, JClubs, QClubs, 6Clubs, KHearts, 6Hearts, 7Spades, QSpades, 5Spades.
P3 HAND: ADiamonds, 7Diamonds, JDiamonds, 6Diamonds, 2Diamonds, AHearts, JHearts, 3Hearts, 4Spades, 2Spades.
P0 QDiamonds P1 4Diamonds P2 3Diamonds P3 ADiamonds 
P3 2Diamonds P0 6Spades P1 5Diamonds P2 KDiamonds 
P2 5Spades P3 2Spades P0 ASpades P1 3Spades 
P0 5Clubs P1 AClubs P2 6Clubs P3 7Diamonds 
P1 2Clubs P2 QClubs P3 4Spades P0 KClubs 
P0 4Clubs P1 3Clubs P2 JClubs P3 6Diamonds 
P2 QSpades P3 3Hearts P0 JSpades P1 KSpades 
P3 JDiamonds P0 7Hearts P1 7Clubs P2 7Spades 
P0 5Hearts P1 2Hearts P2 6Hearts P3 JHearts 
P3 AHearts P0 QHearts P1 4Hearts P2 KHearts 
-- /GAME --
P0 HAND: 6Diamonds, 3Diamonds, 2Diamonds, JClubs, QClubs, 4Clubs, 7Hearts, QHearts, 4Hearts, ASpades.
P1 HAND: ADiamonds, KDiamonds, QDiamonds, 5Diamonds, 7Clubs, 6Clubs, 6Hearts, KSpades, JSpades, 2Spades.
P2 HAND: KClubs, 3Clubs, 2Clubs, AHearts, KHearts, JHearts, 5Hearts, 2Hearts, 7Spades, 5Spades.
P3 HAND: 7Diamonds, JDiamonds, 4Diamonds, AClubs, 5Clubs, 3Hearts, QSpades, 6Spades, 4Spades, 3Spades.
P3 AClubs P0 4Clubs P1 7Clubs P2 2Clubs 
P3 3Spades P0 ASpades P1 2Spades P2 7Spades 
P0 4Hearts P1 6Hearts P2 2Hearts P3 3Hearts 
P1 ADiamonds P2 5Hearts P3 4Diamonds P0 2Diamonds 
P2 3Clubs P3 5Clubs P0 QClubs P1 6Clubs 
P0 JClubs P1 5Diamonds P2 KClubs P3 4Spades 
P2 5Spades P3 6Spades P0 3Diamonds P1 KSpades 
P1 QDiamonds P2 JHearts P3 JDiamonds P0 6Diamonds 
P2 KHearts P3 QSpades P0 QHearts P1 JSpades 
P2 AHearts P3 7Diamonds P0 7Hearts P1 KDiamonds 
-- /GAME --
P0 HAND: 7Diamonds, 4Diamonds, 3Diamonds, JClubs, QClubs, JHearts, 4Hearts, ASpades, 5Spades, 3Spades.
P1 HAND: ADiamonds, QDiamonds, 6Diamonds, 5Diamonds, 7Clubs, 5Clubs, 3Clubs, AHearts, 7Hearts, 4Spades.
P2 HAND: KDiamonds, 2Diamonds, KClubs, 6Clubs, 4Clubs, 6Hearts, 5Hearts, 2Hearts, QSpades, 2Spades.
P3 HAND: JDiamonds, AClubs, 2Clubs, KHearts, QHearts, 3Hearts, 7Spades, KSpades, JSpades, 6Spades.
P2 2Diamonds P3 JDiamonds P0 3Diamonds P1 ADiamonds 
P1 3Clubs P2 4Clubs P3 AClubs 
