-- GAME --
P0 HAND: JDiamonds, 7Clubs, 3Clubs, 2Clubs, KHearts, 5Hearts, 2Hearts, 6Spades, 4Spades, 3Spades.
P1 HAND: ADiamonds, 7Diamonds, 5Diamonds, 4Diamonds, 6Clubs, AHearts, QHearts, 3Hearts, ASpades, QSpades.
P2 HAND: QDiamonds, 6Diamonds, 3Diamonds, 2Diamonds, JClubs, 4Clubs, JHearts, 6Hearts, 7Spades, 2Spades.
P3 HAND: KDiamonds, AClubs, KClubs, QClubs, 5Clubs, 7Hearts, 4Hearts, KSpades, JSpades, 5Spades.
P3 4Hearts P0 2Hearts P1 AHearts P2 6Hearts 
P1 ADiamonds P2 2Diamonds P3 KDiamonds P0 JDiamonds 
P1 ASpades P2 2Spades P3 KSpades P0 3Spades 
P1 3Hearts P2 JHearts P3 7Hearts P0 5Hearts 
P3 5Spades P0 4Spades P1 QSpades P2 7Spades 
P2 3Diamonds P3 5Clubs P0 6Spades P1 7Diamonds 
P3 JSpades P0 2Clubs P1 4Diamonds P2 QDiamonds 
P0 3Clubs P1 6Clubs P2 4Clubs P3 QClubs 
P3 KClubs P0 7Clubs P1 5Diamonds P2 JClubs 
P0 KHearts P1 QHearts P2 6Diamonds P3 AClubs 
-- /GAME --
P0 HAND: 7Diamonds, 6Diamonds, 3Diamonds, 2Diamonds, QClubs, 5Clubs, AHearts, KHearts, 2Hearts, 5Spades.
P1 HAND: KDiamonds, QDiamonds, 4Diamonds, AClubs, 3Clubs, 7Hearts, 6Hearts, KSpades, JSpades, 6Spades.
P2 HAND: ADiamonds, JDiamonds, 7Clubs, KClubs, 6Clubs, QHearts, 5Hearts, 3Hearts, 7Spades, QSpades.
P3 HAND: 5Diamonds, JClubs, 4Clubs, 2Clubs, JHearts, 4Hearts, ASpades, 4Spades, 3Spades, 2Spades.
P2 ADiamonds P3 5Diamonds P0 7Diamonds P1 4Diamonds 
P2 3Hearts P3 4Hearts P0 AHearts P1 6Hearts 
P0 5Clubs P1 AClubs P2 6Clubs P3 JClubs 
P1 3Clubs P2 KClubs P3 2Clubs P0 QClubs 
P2 5Hearts P3 JHearts P0 2Hearts P1 7Hearts 
P1 QDiamonds P2 JDiamonds P3 2Spades P0 2Diamonds 
P3 4Clubs P0 3Diamonds P1 6Spades P2 7Clubs 
P1 JSpades P2 QSpades P3 3Spades P0 5Spades 
P1 KSpades P2 7Spades P3 ASpades P0 6Diamonds 
P3 4Spades P0 KHearts P1 KDiamonds P2 QHearts 
-- /GAME --
P0 HAND: KDiamonds, 6Diamonds, 4Diamonds, 2Diamonds, 7Hearts, 6Hearts, 5Hearts, KSpades, 4Spades, 2Spades.
P1 HAND: ADiamonds, 7Diamonds, 5Diamonds, 3Diamonds, JClubs, QClubs, AHearts, QHearts, 4Hearts, 7Spades.
P2 HAND: JDiamonds, QDiamonds, 7Clubs, KClubs, 3Clubs, KHearts, JHearts, 3Hearts, ASpades, 3Spades.
P3 HAND: AClubs, 6Clubs, 5Clubs, 4Clubs, 2Clubs, 2Hearts, JSpades, QSpades, 6Spades, 5Spades.
P1 ADiamonds P2 QDiamonds P3 AClubs P0 2Diamonds 
P1 AHearts P2 3Hearts P3 2Hearts P0 5Hearts 
P1 3Diamonds P2 JDiamonds P3 2Clubs P0 KDiamonds 
P0 6Hearts P1 4Hearts P2 JHearts P3 4Clubs 
P2 3Clubs P3 5Clubs P0 6Diamonds P1 JClubs 
P1 5Diamonds P2 3Spades P3 6Clubs P0 4Diamonds 
P2 ASpades P3 5Spades P0 2Spades P1 7Spades 
P2 KClubs P3 6Spades P0 KSpades P1 QClubs 
P0 4Spades P1 QHearts P2 KHearts P3 QSpades 
P3 JSpades P0 7Hearts P1 7Diamonds P2 7Clubs 
-- /GAME --
P0 HAND: ADiamonds, JDiamonds, QDiamonds, 7Clubs, 6Clubs, QHearts, 6Hearts, 5Hearts, 3Hearts, 4Spades.
P1 HAND: KDiamonds, KClubs, JClubs, 5Clubs, 2Clubs, JHearts, ASpades, KSpades, QSpades, 2Spades.
P2 HAND: 7Diamonds, 6Diamonds, 2Diamonds, QClubs, 3Clubs, AHearts, 4Hearts, 2Hearts, 7Spades, 5Spades.
P3 HAND: 5Diamonds, 4Diamonds, 3Diamonds, AClubs, 4Clubs, 7Hearts, KHearts, JSpades, 6Spades, 3Spades.
P0 ADiamonds P1 KDiamonds 
