-- GAME --
P0 HAND: KDiamonds, 5Diamonds, 4Diamonds, 2Diamonds, QClubs, QHearts, 4Hearts, ASpades, JSpades, 4Spades.
P1 HAND: 7Diamonds, AClubs, 6Clubs, 5Clubs, 2Clubs, JHearts, 5Hearts, 3Hearts, KSpades, 2Spades.
P2 HAND: ADiamonds, JDiamonds, 3Diamonds, KClubs, 4Clubs, 7Hearts, 6Hearts, 2Hearts, 7Spades, QSpades.
P3 HAND: QDiamonds, 6Diamonds, 7Clubs, JClubs, 3Clubs, AHearts, KHearts, 6Spades, 5Spades, 3Spades.
P3 AHearts P0 4Hearts P1 JHearts P2 2Hearts 
P3 3Spades P0 JSpades P1 2Spades P2 7Spades 
P2 ADiamonds P3 6Diamonds P0 KDiamonds P1 7Diamonds 
P2 3Diamonds P3 QDiamonds P0 4Diamonds P1 KSpades 
P3 5Spades P0 ASpades P1 2Clubs P2 QSpades 
P1 3Hearts P2 6Hearts P3 KHearts P0 QHearts 
P3 6Spades P0 4Spades P1 5Hearts P2 4Clubs 
P2 JDiamonds P3 3Clubs P0 2Diamonds P1 5Clubs 
P1 6Clubs P2 KClubs P3 JClubs P0 QClubs 
P2 7Hearts P3 7Clubs P0 5Diamonds P1 AClubs 
-- /GAME --
P0 HAND: 4Diamonds, 3Diamonds, 4Clubs, 3Clubs, KHearts, 6Hearts, 5Hearts, 5Spades, 4Spades, 3Spades.
P1 HAND: ADiamonds, 7Diamonds, KDiamonds, QDiamonds, 6Diamonds, 2Clubs, JHearts, KSpades, QSpades, 2Spades.
P2 HAND: 5Diamonds, 2Diamonds, 7Clubs, JClubs, AHearts, 4Hearts, 3Hearts, 2Hearts, ASpades, JSpades.
P3 HAND: JDiamonds, AClubs, KClubs, QClubs, 6Clubs, 5Clubs, 7Hearts, QHearts, 7Spades, 6Spades.
P2 AHearts P3 QHearts P0 KHearts P1 JHearts 
P2 2Diamonds P3 JDiamonds P0 3Diamonds P1 ADiamonds 
P1 2Clubs P2 JClubs P3 AClubs P0 3Clubs 
P3 5Clubs P0 4Clubs P1 6Diamonds P2 7Clubs 
P2 2Hearts P3 7Hearts P0 5Hearts P1 7Diamonds 
P3 6Clubs P0 4Diamonds P1 QDiamonds P2 3Hearts 
P3 QClubs P0 3Spades P1 2Spades P2 5Diamonds 
P0 6Hearts P1 QSpades P2 4Hearts P3 KClubs 
P1 KSpades P2 JSpades P3 6Spades P0 4Spades 
P1 KDiamonds P2 ASpades P3 7Spades P0 5Spades 
-- /GAME --
P0 HAND: 3Diamonds, KClubs, 6Clubs, 2Clubs, AHearts, 6Hearts, 5Hearts, 2Hearts, 7Spades, QSpades.
P1 HAND: ADiamonds, KDiamonds, JDiamonds, 2Diamonds, 7Clubs, 3Clubs, JHearts, QHearts, 6Spades, 3Spades.
P2 HAND: 5Diamonds, JClubs, QClubs, 4Clubs, 7Hearts, 4Hearts, 3Hearts, ASpades, JSpades, 2Spades.
P3 HAND: 7Diamonds, QDiamonds, 6Diamonds, 4Diamonds, AClubs, 5Clubs, KHearts, KSpades, 5Spades, 4Spades.
P1 ADiamonds P2 5Diamonds P3 7Diamonds P0 3Diamonds 
P1 2Diamonds P2 3Hearts P3 4Diamonds P0 2Hearts 
P3 AClubs P0 2Clubs P1 7Clubs P2 4Clubs 

