-- GAME --
P0 HAND: 7Diamonds, 6Diamonds, 5Diamonds, 3Diamonds, QClubs, 5Clubs, 2Hearts, KSpades, JSpades, 4Spades.
P1 HAND: 2Diamonds, JClubs, 6Clubs, 4Clubs, 2Clubs, AHearts, 7Hearts, KHearts, 3Hearts, ASpades.
P2 HAND: ADiamonds, KDiamonds, JDiamonds, 4Diamonds, 7Clubs, 3Clubs, QSpades, 6Spades, 5Spades, 2Spades.
P3 HAND: QDiamonds, AClubs, KClubs, JHearts, QHearts, 6Hearts, 5Hearts, 4Hearts, 7Spades, 3Spades.
P0 2Hearts P1 AHearts P2 3Clubs P3 4Hearts 
P2 ADiamonds P3 QDiamonds P0 7Diamonds P1 2Diamonds 
P2 2Spades P3 3Spades P0 4Spades P1 ASpades 
P1 3Hearts P2 4Diamonds P3 5Hearts P0 3Diamonds 
P3 6Hearts P0 6Diamonds P1 KHearts P2 5Spades 
P1 2Clubs P2 7Clubs P3 AClubs P0 5Clubs 
P3 QHearts P0 QClubs P1 7Hearts P2 KDiamonds 
P0 KSpades P1 4Clubs P2 6Spades P3 7Spades 
P1 6Clubs P2 QSpades P3 KClubs P0 JSpades 
P3 JHearts P0 5Diamonds P1 JClubs P2 JDiamonds 
-- /GAME --
P0 HAND: QDiamonds, 2Diamonds, 7Clubs, 4Clubs, 3Clubs, 2Clubs, 4Hearts, ASpades, 6Spades, 2Spades.
P1 HAND: KDiamonds, 5Diamonds, QClubs, 6Clubs, 7Hearts, KHearts, 3Hearts, 2Hearts, 7Spades, KSpades.
P2 HAND: 7Diamonds, JDiamonds, 4Diamonds, 3Diamonds, KClubs, JClubs, 6Hearts, 5Hearts, 4Spades, 3Spades.
P3 HAND: ADiamonds, 6Diamonds, AClubs, 5Clubs, AHearts, JHearts, QHearts, JSpades, QSpades, 5Spades.
P3 AClubs P0 2Clubs P1 QClubs P2 JClubs 
P3 AHearts P0 4Hearts P1 7Hearts P2 5Hearts 
P3 5Clubs P0 7Clubs P1 6Clubs P2 KClubs 
P0 ASpades P1 KSpades P2 4Spades P3 5Spades 
P0 2Spades P1 7Spades P2 3Spades P3 JSpades 
P1 2Hearts P2 6Hearts P3 QHearts P0 6Spades 
P3 QSpades P0 4Clubs P1 3Hearts P2 3Diamonds 
P2 4Diamonds P3 6Diamonds P0 QDiamonds P1 5Diamonds 
P0 2Diamonds P1 KDiamonds P2 JDiamonds P3 ADiamonds 
P3 JHearts P0 3Clubs P1 KHearts P2 7Diamonds 
-- /GAME --
P0 HAND: ADiamonds, JDiamonds, 5Diamonds, KClubs, 3Clubs, 7Hearts, 5Hearts, 3Hearts, 2Hearts, JSpades.
P1 HAND: QDiamonds, 4Diamonds, QClubs, 6Clubs, 5Clubs, 4Clubs, QHearts, QSpades, 5Spades, 2Spades.
P2 HAND: 7Diamonds, KDiamonds, 6Diamonds, AClubs, 7Clubs, JClubs, KHearts, JHearts, ASpades, 6Spades.
P3 HAND: 3Diamonds, 2Diamonds, 2Clubs, AHearts, 6Hearts, 4Hearts, 7Spades, KSpades, 4Spades, 3Spades.
P2 AClubs P3 2Clubs P0 KClubs P1 4Clubs 
P2 6Diamonds P3 2Diamonds P0 5Diamonds P1 QDiamonds 
P1 4Diamonds P2 KDiamonds P3 3Diamonds P0 ADiamonds 
P0 2Hearts P1 QHearts P2 JHearts P3 AHearts 
P3 4Hearts P0 7Hearts P1 2Spades P2 KHearts 
P1 5Clubs P2 JClubs P3 6Hearts P0 3Clubs 
P2 6Spades P3 3Spades P0 JSpades P1 5Spades 
P0 JDiamonds P1 6Clubs P2 7Diamonds P3 4Spades 
P3 KSpades P0 5Hearts P1 QSpades P2 ASpades 
P2 7Clubs P3 7Spades P0 3Hearts P1 QClubs 
-- /GAME --
P0 HAND: JDiamonds, 2Diamonds, AClubs, QClubs, 3Clubs, QHearts, 6Hearts, 5Hearts, ASpades, KSpades.
P1 HAND: 7Diamonds, 5Diamonds, 6Clubs, 5Clubs, 7Hearts, 4Hearts, 3Hearts, QSpades, 6Spades, 2Spades.
P2 HAND: ADiamonds, KDiamonds, QDiamonds, 4Diamonds, 3Diamonds, KClubs, JClubs, AHearts, 5Spades, 3Spades.
P3 HAND: 6Diamonds, 7Clubs, 4Clubs, 2Clubs, KHearts, JHearts, 2Hearts, 7Spades, JSpades, 4Spades.
P1 2Spades P2 3Spades P3 4Spades P0 KSpades 
P0 5Hearts P1 3Hearts P2 AHearts P3 2Hearts 
P2 3Diamonds P3 6Diamonds P0 2Diamonds P1 7Diamonds 
P1 5Diamonds P2 4Diamonds P3 2Clubs P0 JDiamonds 
P0 AClubs P1 5Clubs P2 KClubs P3 4Clubs 
P0 ASpades P1 6Spades P2 5Spades P3 JSpades 
P0 3Clubs P1 6Clubs P2 JClubs P3 7Clubs 
P3 JHearts P0 6Hearts P1 4Hearts P2 QDiamonds 
P3 KHearts P0 QHearts P1 7Hearts P2 KDiamonds 
P1 QSpades P2 ADiamonds P3 7Spades P0 QClubs 
-- /GAME --
P0 HAND: ADiamonds, QDiamonds, 4Diamonds, AClubs, JClubs, 4Hearts, 3Hearts, 7Spades, JSpades, 4Spades.
P1 HAND: KDiamonds, 3Diamonds, 7Clubs, 6Clubs, 4Clubs, 2Clubs, 6Hearts, 2Hearts, ASpades, 3Spades.
P2 HAND: JDiamonds, 5Diamonds, KClubs, QClubs, 5Clubs, KHearts, JHearts, QHearts, 6Spades, 2Spades.
P3 HAND: 7Diamonds, 6Diamonds, 2Diamonds, 3Clubs, AHearts, 7Hearts, 5Hearts, KSpades, QSpades, 5Spades.

