-- GAME --
P0 HAND: JDiamonds, QDiamonds, 4Diamonds, 3Diamonds, 3Clubs, 2Clubs, 6Hearts, 7Spades, KSpades, 2Spades.
P1 HAND: 7Diamonds, 6Diamonds, 5Diamonds, KClubs, 6Clubs, KHearts, JHearts, QHearts, 3Hearts, JSpades.
P2 HAND: KDiamonds, AClubs, 4Clubs, 4Hearts, 2Hearts, ASpades, QSpades, 6Spades, 5Spades, 4Spades.
P3 HAND: ADiamonds, 2Diamonds, 7Clubs, JClubs, QClubs, 5Clubs, AHearts, 7Hearts, 5Hearts, 3Spades.
P2 AClubs P3 5Clubs P0 3Clubs P1 6Clubs 
P2 2Hearts P3 AHearts P0 6Hearts P1 KHearts 
P3 3Spades P0 7Spades P1 JSpades P2 ASpades 
P2 4Clubs P3 QClubs P0 2Clubs P1 KClubs 
P1 3Hearts P2 4Hearts P3 7Hearts P0 2Spades 
P3 5Hearts P0 KSpades P1 QHearts P2 KDiamonds 
P2 4Spades P3 2Diamonds P0 JDiamonds P1 5Diamonds 
P0 3Diamonds P1 6Diamonds P2 5Spades P3 ADiamonds 
P3 JClubs P0 4Diamonds P1 7Diamonds P2 6Spades 
P1 JHearts P2 QSpades P3 7Clubs P0 QDiamonds 
-- /GAME --
P0 HAND: QDiamonds, AClubs, 3Clubs, KHearts, QHearts, 6Hearts, JSpades, 6Spades, 4Spades, 2Spades.
P1 HAND: KDiamonds, JDiamonds, 7Clubs, QClubs, 6Clubs, AHearts, 7Hearts, JHearts, 5Spades, 3Spades.
P2 HAND: 5Diamonds, 4Diamonds, 3Diamonds, KClubs, 4Clubs, 2Clubs, 3Hearts, 7Spades, KSpades, QSpades.
P3 HAND: ADiamonds, 7Diamonds, 6Diamonds, 2Diamonds, JClubs, 5Clubs, 5Hearts, 4Hearts, 2Hearts, ASpades.
P1 3Spades P2 QSpades P3 ASpades 
