-- GAME --
P0 HAND: QDiamonds, 2Diamonds, JClubs, 5Clubs, 7Hearts, KHearts, JHearts, 3Hearts, QSpades, 3Spades.
P1 HAND: JDiamonds, 6Diamonds, 7Clubs, KClubs, 3Clubs, 2Clubs, QHearts, 5Hearts, JSpades, 4Spades.
P2 HAND: KDiamonds, 4Diamonds, QClubs, 4Clubs, AHearts, 6Hearts, 7Spades, KSpades, 6Spades, 5Spades.
P3 HAND: ADiamonds, 7Diamonds, 5Diamonds, 3Diamonds, AClubs, 6Clubs, 4Hearts, 2Hearts, ASpades, 2Spades.
P1 2Clubs P2 4Clubs P3 AClubs P0 5Clubs 
P3 ASpades P0 3Spades P1 JSpades P2 5Spades 
P3 2Hearts P0 JHearts P1 5Hearts P2 AHearts 
P2 6Hearts P3 4Hearts P0 KHearts P1 QHearts 
P0 2Diamonds P1 6Diamonds P2 4Diamonds P3 3Diamonds 
P1 3Clubs P2 QClubs P3 6Clubs P0 JClubs 
P0 QDiamonds P1 JDiamonds P2 KDiamonds P3 7Diamonds 
P3 2Spades P0 QSpades P1 4Spades P2 7Spades 
P2 6Spades P3 5Diamonds P0 3Hearts P1 7Clubs 
P3 ADiamonds P0 7Hearts P1 KClubs P2 KSpades 
-- /GAME --
P0 HAND: KDiamonds, JClubs, QClubs, 6Clubs, AHearts, 7Hearts, KHearts, 6Hearts, 2Hearts, QSpades.
P1 HAND: 7Diamonds, JDiamonds, 5Diamonds, 4Diamonds, JHearts, ASpades, 7Spades, 6Spades, 5Spades, 2Spades.
P2 HAND: ADiamonds, 3Diamonds, AClubs, 5Clubs, 5Hearts, 4Hearts, 3Hearts, KSpades, JSpades, 3Spades.
P3 HAND: QDiamonds, 6Diamonds, 2Diamonds, 7Clubs, KClubs, 4Clubs, 3Clubs, 2Clubs, QHearts, 4Spades.

