-- GAME --
P0 HAND: KDiamonds, AClubs, KClubs, 6Clubs, 5Clubs, 7Hearts, 7Spades, 5Spades, 4Spades, 2Spades.
P1 HAND: JDiamonds, QDiamonds, 5Diamonds, 2Diamonds, QClubs, JHearts, QHearts, 2Hearts, ASpades, 6Spades.
P2 HAND: 7Diamonds, 4Diamonds, 3Diamonds, 7Clubs, 3Clubs, 6Hearts, 4Hearts, 3Hearts, JSpades, QSpades.
P3 HAND: ADiamonds, 6Diamonds, JClubs, 4Clubs, 2Clubs, AHearts, KHearts, 5Hearts, KSpades, 3Spades.
P0 KDiamonds P1 2Diamonds P2 3Diamonds P3 ADiamonds 
P3 AHearts P0 7Hearts P1 JHearts P2 3Hearts 
P3 3Spades P0 2Spades P1 ASpades P2 QSpades 
P1 2Hearts P2 4Hearts P3 KHearts P0 4Spades 
P3 5Hearts P0 5Spades P1 QHearts P2 6Hearts 
P1 5Diamonds P2 4Diamonds P3 6Diamonds P0 KClubs 
P0 6Clubs P1 QClubs P2 3Clubs P3 2Clubs 
P1 6Spades P2 JSpades P3 KSpades P0 7Spades 
P0 5Clubs P1 QDiamonds P2 7Clubs P3 4Clubs 
P2 7Diamonds P3 JClubs P0 AClubs P1 JDiamonds 
-- /GAME --
P0 HAND: KDiamonds, JDiamonds, 6Diamonds, 5Diamonds, 2Diamonds, AClubs, KClubs, 6Clubs, 6Spades, 3Spades.
P1 HAND: 7Diamonds, 4Diamonds, 5Clubs, 4Clubs, AHearts, JHearts, QHearts, 6Hearts, 4Hearts, 4Spades.
P2 HAND: QDiamonds, 7Clubs, JClubs, QClubs, 3Clubs, 7Hearts, KHearts, 2Hearts, QSpades, 5Spades.
P3 HAND: ADiamonds, 3Diamonds, 2Clubs, 5Hearts, 3Hearts, ASpades, 7Spades, KSpades, JSpades, 2Spades.
P3 ADiamonds P0 2Diamonds P1 7Diamonds 
