-- GAME --
P0 HAND: ADiamonds, JDiamonds, QDiamonds, 5Diamonds, 3Diamonds, AHearts, KHearts, 5Hearts, QSpades, 3Spades.
P1 HAND: 6Diamonds, 4Diamonds, AClubs, KClubs, JClubs, 6Clubs, 4Clubs, QHearts, 4Spades, 2Spades.
P2 HAND: 7Diamonds, 2Diamonds, 7Clubs, 3Clubs, 7Hearts, 6Hearts, 2Hearts, JSpades, 6Spades, 5Spades.
P3 HAND: KDiamonds, QClubs, 5Clubs, 2Clubs, JHearts, 4Hearts, 3Hearts, ASpades, 7Spades, KSpades.
P2 2Diamonds P3 KDiamonds P0 ADiamonds P1 4Diamonds 
P0 3Spades P1 2Spades P2 5Spades P3 ASpades 
P3 2Clubs P0 5Hearts P1 4Clubs P2 7Clubs 
P0 QSpades P1 4Spades P2 6Spades P3 7Spades 
P3 5Clubs P0 3Diamonds P1 AClubs P2 3Clubs 
P1 6Diamonds P2 7Diamonds P3 3Hearts P0 5Diamonds 
P3 QClubs P0 KHearts P1 6Clubs P2 JSpades 
P0 JDiamonds P1 QHearts P2 7Hearts P3 KSpades 
P2 2Hearts P3 4Hearts P0 AHearts P1 JClubs 
P0 QDiamonds P1 KClubs P2 6Hearts P3 JHearts 
-- /GAME --
P0 HAND: JDiamonds, 4Diamonds, QClubs, 5Clubs, JHearts, 4Hearts, 3Hearts, ASpades, KSpades, 4Spades.
P1 HAND: 7Diamonds, 5Diamonds, 3Diamonds, KClubs, JClubs, AHearts, 7Hearts, KHearts, QHearts, 7Spades.
P2 HAND: KDiamonds, 6Diamonds, 2Diamonds, 7Clubs, 3Clubs, 5Hearts, JSpades, 6Spades, 5Spades, 2Spades.
P3 HAND: ADiamonds, QDiamonds, AClubs, 6Clubs, 4Clubs, 2Clubs, 6Hearts, 2Hearts, QSpades, 3Spades.
P1 3Diamonds P2 2Diamonds P3 ADiamonds P0 4Diamonds 
P3 AClubs P0 5Clubs P1 KClubs P2 3Clubs 
P3 2Clubs P0 QClubs P1 JClubs P2 7Clubs 
P2 2Spades P3 3Spades P0 ASpades P1 7Spades 
P0 4Spades P1 5Diamonds P2 5Spades P3 QSpades 
P3 4Clubs P0 KSpades P1 QHearts P2 6Diamonds 
P1 KHearts P2 5Hearts P3 2Hearts P0 3Hearts 
P1 7Hearts P2 6Spades P3 6Hearts P0 4Hearts 
P1 AHearts P2 JSpades P3 6Clubs P0 JHearts 
P1 7Diamonds P2 KDiamonds P3 QDiamonds P0 JDiamonds 
-- /GAME --
P0 HAND: ADiamonds, QDiamonds, 6Diamonds, 5Diamonds, 3Diamonds, 2Diamonds, AClubs, KClubs, QClubs, 2Spades.
P1 HAND: JDiamonds, 4Clubs, 3Clubs, AHearts, 7Hearts, KHearts, 6Hearts, ASpades, 4Spades, 3Spades.
P2 HAND: 7Diamonds, 4Diamonds, 7Clubs, JClubs, 6Clubs, 5Clubs, 2Hearts, KSpades, JSpades, 6Spades.
P3 HAND: KDiamonds, 2Clubs, JHearts, QHearts, 5Hearts, 4Hearts, 3Hearts, 7Spades, QSpades, 5Spades.
P0 ADiamonds P1 JDiamonds P2 7Diamonds P3 KDiamonds 
P0 AClubs P1 3Clubs P2 7Clubs P3 2Clubs 
P0 2Diamonds P1 4Clubs P2 4Diamonds P3 3Hearts 
P2 2Hearts P3 4Hearts P0 3Diamonds P1 AHearts 
P1 6Hearts P2 5Clubs P3 5Hearts P0 5Diamonds 
P1 3Spades P2 6Spades P3 5Spades P0 2Spades 
P2 6Clubs P3 QHearts P0 KClubs P1 4Spades 
P1 ASpades P2 JSpades P3 QSpades P0 6Diamonds 
P1 KHearts P2 KSpades P3 JHearts P0 QClubs 
P2 JClubs P3 7Spades P0 QDiamonds P1 7Hearts 
-- /GAME --
P0 HAND: KDiamonds, QDiamonds, 6Diamonds, 7Clubs, 6Clubs, 4Clubs, 2Clubs, 7Hearts, JHearts, 5Spades.
P1 HAND: 7Diamonds, JDiamonds, 5Diamonds, 2Diamonds, QClubs, 3Clubs, AHearts, ASpades, 3Spades, 2Spades.
P2 HAND: AClubs, KClubs, JClubs, KHearts, 5Hearts, 3Hearts, 2Hearts, QSpades, 6Spades, 4Spades.
P3 HAND: ADiamonds, 4Diamonds, 3Diamonds, 5Clubs, QHearts, 6Hearts, 4Hearts, 7Spades, KSpades, JSpades.
P3 ADiamonds P0 6Diamonds P1 7Diamonds P2 JClubs 
P2 2Hearts P3 4Hearts P0 JHearts P1 AHearts 
P1 ASpades P2 4Spades P3 7Spades P0 5Spades 
P1 2Diamonds P2 3Hearts P3 3Diamonds P0 KDiamonds 
P0 QDiamonds P1 5Diamonds P2 5Hearts P3 4Diamonds 
P0 2Clubs P1 3Clubs P2 KClubs P3 5Clubs 
P2 6Spades P3 JSpades P0 4Clubs P1 2Spades 
P0 6Clubs P1 QClubs P2 AClubs P3 6Hearts 
P2 QSpades P3 KSpades P0 7Clubs P1 3Spades 
P0 7Hearts P1 JDiamonds P2 KHearts P3 QHearts 
-- /GAME --
P0 HAND: ADiamonds, 7Diamonds, KDiamonds, QDiamonds, AClubs, 7Clubs, JClubs, 6Clubs, 4Clubs, QSpades.
P1 HAND: JDiamonds, 6Diamonds, 4Diamonds, 3Diamonds, AHearts, JHearts, 5Hearts, 2Hearts, JSpades, 4Spades.
P2 HAND: 5Diamonds, 2Diamonds, QClubs, 7Hearts, KHearts, 4Hearts, ASpades, 6Spades, 5Spades, 2Spades.
P3 HAND: KClubs, 5Clubs, 3Clubs, 2Clubs, QHearts, 6Hearts, 3Hearts, 7Spades, KSpades, 3Spades.
P2 ASpades P3 3Spades P0 QSpades P1 4Spades 
P2 2Spades P3 KSpades P0 QDiamonds P1 JSpades 
P0 AClubs P1 3Diamonds P2 QClubs P3 KClubs 
P1 AHearts P2 4Hearts P3 QHearts P0 KDiamonds 
P0 4Clubs P1 2Hearts P2 5Spades P3 5Clubs 
P3 2Clubs P0 7Clubs P1 4Diamonds P2 5Diamonds 
P2 6Spades P3 7Spades P0 7Diamonds P1 5Hearts 
P0 6Clubs P1 6Diamonds P2 2Diamonds P3 3Clubs 
P1 JHearts P2 KHearts P3 3Hearts P0 ADiamonds 
P0 JClubs P1 JDiamonds P2 7Hearts P3 6Hearts 
-- /GAME --

