-- GAME --
P0 HAND: 5Diamonds, 4Diamonds, 7Hearts, KHearts, JHearts, ASpades, 6Spades, 5Spades, 3Spades, 2Spades.
P1 HAND: 7Diamonds, QDiamonds, 6Diamonds, KClubs, 5Clubs, 3Hearts, 7Spades, KSpades, JSpades, 4Spades.
P2 HAND: ADiamonds, KDiamonds, 3Diamonds, 2Diamonds, 7Clubs, QClubs, 3Clubs, 2Clubs, AHearts, QHearts.
P3 HAND: JDiamonds, AClubs, JClubs, 6Clubs, 4Clubs, 6Hearts, 5Hearts, 4Hearts, 2Hearts, QSpades.
P1 3Hearts P2 AHearts P3 2Hearts P0 7Hearts 
P2 2Clubs P3 AClubs P0 4Diamonds P1 5Clubs 
P0 JHearts P1 4Spades P2 QHearts P3 4Hearts 
P0 ASpades P1 JSpades P2 7Clubs P3 QSpades 
P0 KHearts P1 6Diamonds P2 3Clubs P3 6Hearts 
P1 QDiamonds P2 2Diamonds P3 JDiamonds P0 5Diamonds 
P3 4Clubs P0 2Spades P1 KClubs P2 QClubs 
P1 7Diamonds P2 ADiamonds P3 5Hearts P0 6Spades 
P2 3Diamonds P3 6Clubs P0 5Spades P1 KSpades 
P2 KDiamonds P3 JClubs P0 3Spades P1 7Spades 
-- /GAME --
P0 HAND: 4Diamonds, JClubs, 3Clubs, 7Hearts, 6Hearts, 5Hearts, 2Hearts, ASpades, JSpades, 4Spades.
P1 HAND: 6Diamonds, 2Diamonds, KClubs, 6Clubs, 5Clubs, 4Clubs, 2Clubs, 3Hearts, 7Spades, 3Spades.
P2 HAND: ADiamonds, 3Diamonds, AClubs, 7Clubs, QClubs, AHearts, KHearts, QHearts, 6Spades, 2Spades.
P3 HAND: 7Diamonds, KDiamonds, JDiamonds, QDiamonds, 5Diamonds, JHearts, 4Hearts, KSpades, QSpades, 5Spades.
P0 4Diamonds P1 2Diamonds P2 ADiamonds P3 5Diamonds 
P2 AClubs P3 5Spades P0 JClubs P1 KClubs 
P3 4Hearts P0 2Hearts P1 3Hearts P2 AHearts 
P2 3Diamonds P3 QDiamonds P0 5Hearts P1 6Diamonds 
P3 JDiamonds P0 6Hearts P1 2Clubs P2 QClubs 
P3 JHearts P0 7Hearts P1 3Spades P2 QHearts 
P1 4Clubs P2 7Clubs P3 QSpades P0 3Clubs 
P3 KSpades P0 4Spades P1 7Spades P2 2Spades 
P1 5Clubs P2 6Spades P3 KDiamonds P0 JSpades 
P0 ASpades P1 6Clubs P2 KHearts P3 7Diamonds 
-- /GAME --
P0 HAND: JDiamonds, QDiamonds, 3Diamonds, 2Diamonds, 6Hearts, 5Hearts, 7Spades, QSpades, 6Spades, 3Spades.
P1 HAND: 5Diamonds, 4Diamonds, KClubs, QClubs, 6Clubs, 5Clubs, 2Clubs, 7Hearts, KHearts, JHearts.
P2 HAND: KDiamonds, 6Diamonds, 7Clubs, 4Clubs, QHearts, 2Hearts, ASpades, KSpades, 4Spades, 2Spades.
P3 HAND: ADiamonds, 7Diamonds, AClubs, JClubs, 3Clubs, AHearts, 4Hearts, 3Hearts, JSpades, 5Spades.
P3 ADiamonds P0 2Diamonds P1 5Diamonds P2 6Diamonds 
P3 AHearts P0 5Hearts P1 7Hearts P2 2Hearts 
P3 3Hearts P0 6Hearts P1 KHearts P2 QHearts 
P1 4Diamonds P2 KDiamonds P3 7Diamonds P0 3Diamonds 
P3 4Hearts P0 3Spades P1 JHearts P2 2Spades 
P1 2Clubs P2 4Clubs P3 3Clubs P0 7Spades 
P2 4Spades P3 5Spades P0 6Spades P1 5Clubs 
P1 6Clubs P2 7Clubs P3 AClubs P0 QSpades 
P3 JSpades P0 QDiamonds P1 QClubs P2 KSpades 
P1 KClubs P2 ASpades P3 JClubs P0 JDiamonds 
-- /GAME --
P0 HAND: 3Diamonds, 7Clubs, QClubs, 6Clubs, JHearts, QHearts, 4Hearts, QSpades, 4Spades, 3Spades.
P1 HAND: JDiamonds, 4Diamonds, JClubs, 4Clubs, 3Clubs, AHearts, KHearts, 5Hearts, 6Spades, 5Spades.
P2 HAND: ADiamonds, 7Diamonds, QDiamonds, 6Diamonds, 5Diamonds, 2Diamonds, AClubs, 2Clubs, KSpades, 2Spades.
P3 HAND: KDiamonds, KClubs, 5Clubs, 7Hearts, 6Hearts, 3Hearts, 2Hearts, ASpades, 7Spades, JSpades.
P2 2Diamonds P3 KDiamonds P0 3Diamonds P1 JDiamonds 
P3 ASpades P0 3Spades P1 6Spades P2 2Spades 
P3 5Clubs P0 6Clubs P1 3Clubs P2 AClubs 
P2 2Clubs P3 KClubs P0 7Clubs P1 4Clubs 
P0 QClubs P1 JClubs P2 5Diamonds P3 7Spades 
P1 4Diamonds P2 6Diamonds P3 2Hearts P0 4Spades 
P3 JSpades P0 QSpades P1 5Spades P2 KSpades 
P2 QDiamonds P3 3Hearts P0 4Hearts P1 5Hearts 
P1 KHearts P2 7Diamonds P3 6Hearts P0 QHearts 
P1 AHearts P2 ADiamonds P3 7Hearts P0 JHearts 
-- /GAME --
P0 HAND: ADiamonds, AClubs, 7Clubs, AHearts, 7Hearts, ASpades, 6Spades, 5Spades, 4Spades, 2Spades.
P1 HAND: KDiamonds, 6Diamonds, 2Diamonds, KHearts, QHearts, 5Hearts, 4Hearts, 2Hearts, JSpades, 3Spades.
P2 HAND: 7Diamonds, QDiamonds, 5Diamonds, 3Diamonds, KClubs, 5Clubs, 4Clubs, JHearts, 3Hearts, KSpades.
P3 HAND: JDiamonds, 4Diamonds, JClubs, QClubs, 6Clubs, 3Clubs, 2Clubs, 6Hearts, 7Spades, QSpades.
P2 3Diamonds P3 4Diamonds P0 ADiamonds P1 2Diamonds 
P0 ASpades P1 3Spades P2 KSpades P3 QSpades 
P0 AClubs P1 2Hearts P2 4Clubs P3 JClubs 
P1 6Diamonds P2 5Diamonds P3 JDiamonds P0 2Spades 
P3 2Clubs P0 7Clubs P1 4Hearts P2 5Clubs 
P1 JSpades P2 QDiamonds P3 7Spades P0 4Spades 
P3 3Clubs P0 5Spades P1 5Hearts P2 KClubs 
P1 QHearts P2 3Hearts P3 6Hearts P0 7Hearts 
P0 6Spades P1 KHearts P2 JHearts P3 QClubs 
P1 KDiamonds P2 7Diamonds P3 6Clubs P0 AHearts 
-- /GAME --
P0 HAND: KDiamonds, 3Diamonds, QClubs, 4Clubs, 3Clubs, 2Clubs, 5Hearts, 3Hearts, 2Hearts, 2Spades.
P1 HAND: 7Diamonds, JDiamonds, QDiamonds, AClubs, KClubs, 6Clubs, 7Hearts, JHearts, 6Spades, 5Spades.
P2 HAND: ADiamonds, 2Diamonds, 7Clubs, 5Clubs, AHearts, 4Hearts, ASpades, 7Spades, 4Spades, 3Spades.
P3 HAND: 6Diamonds, 5Diamonds, 4Diamonds, JClubs, KHearts, QHearts, 6Hearts, KSpades, JSpades, QSpades.
P1 AClubs P2 5Clubs P3 JClubs P0 2Clubs 
P1 5Spades P2 ASpades P3 QSpades P0 2Spades 
P2 ADiamonds P3 4Diamonds P0 KDiamonds P1 QDiamonds 
P2 2Diamonds P3 5Diamonds P0 3Diamonds P1 7Diamonds 
P1 6Clubs P2 7Clubs P3 6Hearts P0 3Clubs 
P3 6Diamonds P0 4Clubs P1 JDiamonds P2 3Spades 
P1 6Spades P2 4Spades P3 JSpades P0 2Hearts 
P0 5Hearts P1 JHearts P2 4Hearts P3 QHearts 
P1 7Hearts P2 AHearts P3 KHearts P0 3Hearts 
P2 7Spades P3 KSpades P0 QClubs P1 KClubs 
-- /GAME --
P0 HAND: AClubs, 7Clubs, KClubs, 5Clubs, 2Clubs, AHearts, 7Spades, KSpades, 4Spades, 3Spades.
P1 HAND: JDiamonds, 2Diamonds, QHearts, 3Hearts, 2Hearts, ASpades, JSpades, QSpades, 6Spades, 5Spades.
P2 HAND: KDiamonds, QDiamonds, 5Diamonds, 4Diamonds, JClubs, QClubs, 7Hearts, KHearts, JHearts, 5Hearts.
P3 HAND: ADiamonds, 7Diamonds, 6Diamonds, 3Diamonds, 6Clubs, 4Clubs, 3Clubs, 6Hearts, 4Hearts, 2Spades.
P0 AClubs P1 2Diamonds P2 QClubs 
