-- GAME --
P0 HAND: 6Diamonds, QClubs, 6Clubs, 7Hearts, 4Hearts, 3Hearts, 7Spades, KSpades, 5Spades, 3Spades.
P1 HAND: ADiamonds, JDiamonds, 5Diamonds, 2Diamonds, AClubs, 4Clubs, 3Clubs, 2Clubs, AHearts, 4Spades.
P2 HAND: 7Diamonds, 3Diamonds, 7Clubs, KHearts, JHearts, QHearts, 6Hearts, ASpades, JSpades, 2Spades.
P3 HAND: KDiamonds, QDiamonds, 4Diamonds, KClubs, JClubs, 5Clubs, 5Hearts, 2Hearts, QSpades, 6Spades.
P0 6Diamonds P1 ADiamonds P2 3Diamonds P3 KDiamonds 
P1 AClubs P2 7Clubs P3 KClubs P0 6Clubs 
P1 AHearts P2 6Hearts P3 5Hearts P0 3Hearts 
P1 2Diamonds P2 7Diamonds P3 4Diamonds P0 QClubs 
P2 QHearts P3 2Hearts P0 7Hearts P1 4Spades 
P1 2Clubs P2 2Spades P3 5Clubs P0 4Hearts 
P2 JHearts P3 QDiamonds P0 KSpades P1 3Clubs 
P0 5Spades P1 4Clubs P2 JSpades P3 6Spades 
P2 ASpades P3 QSpades P0 3Spades P1 5Diamonds 
P2 KHearts P3 JClubs P0 7Spades P1 JDiamonds 
-- /GAME --
P0 HAND: 2Diamonds, 7Clubs, JClubs, AHearts, KHearts, 4Hearts, 2Hearts, 7Spades, JSpades, 5Spades.
P1 HAND: ADiamonds, 5Diamonds, QClubs, 6Clubs, 3Clubs, JHearts, 5Hearts, 3Hearts, ASpades, 3Spades.
P2 HAND: KDiamonds, 4Diamonds, AClubs, KClubs, 5Clubs, 4Clubs, 2Clubs, 6Hearts, KSpades, 4Spades.
P3 HAND: 7Diamonds, JDiamonds, QDiamonds, 6Diamonds, 3Diamonds, 7Hearts, QHearts, QSpades, 6Spades, 2Spades.
P3 2Spades P0 JSpades P1 ASpades P2 4Spades 
P1 ADiamonds P2 4Diamonds P3 7Diamonds P0 2Diamonds 
P1 3Hearts P2 6Hearts P3 QHearts P0 AHearts 
P0 7Spades P1 3Spades P2 KSpades P3 6Spades 
P0 5Spades P1 5Diamonds P2 2Clubs P3 QSpades 
P2 4Clubs P3 3Diamonds P0 7Clubs P1 3Clubs 
P0 KHearts P1 5Hearts P2 5Clubs P3 7Hearts 
P2 KClubs P3 6Diamonds P0 JClubs P1 6Clubs 
P2 AClubs P3 QDiamonds P0 4Hearts P1 QClubs 
P2 KDiamonds P3 JDiamonds P0 2Hearts P1 JHearts 
-- /GAME --
P0 HAND: 3Diamonds, 7Clubs, JClubs, 6Clubs, 2Clubs, 7Hearts, 6Spades, 5Spades, 3Spades, 2Spades.
P1 HAND: KDiamonds, 5Clubs, AHearts, KHearts, JHearts, QHearts, 4Hearts, 3Hearts, 7Spades, KSpades.
P2 HAND: 7Diamonds, QDiamonds, 5Diamonds, 4Diamonds, AClubs, 3Clubs, 6Hearts, 5Hearts, ASpades, JSpades.
P3 HAND: ADiamonds, JDiamonds, 6Diamonds, 2Diamonds, KClubs, QClubs, 4Clubs, 2Hearts, QSpades, 4Spades.
P2 AClubs P3 4Clubs P0 7Clubs P1 5Clubs 
P2 ASpades P3 4Spades P0 6Spades P1 KSpades 
P2 3Clubs P3 QClubs P0 JClubs P1 3Hearts 
P1 4Hearts P2 5Hearts P3 2Hearts P0 7Hearts 
P0 5Spades P1 7Spades P2 JSpades P3 QSpades 
P1 QHearts P2 6Hearts P3 2Diamonds P0 3Diamonds 
P1 JHearts P2 4Diamonds P3 6Diamonds P0 6Clubs 
P1 KHearts P2 5Diamonds P3 JDiamonds P0 2Clubs 
P1 AHearts P2 QDiamonds P3 KClubs P0 2Spades 
P1 KDiamonds P2 7Diamonds P3 ADiamonds P0 3Spades 
-- /GAME --
P0 HAND: 3Diamonds, KClubs, QClubs, 3Clubs, AHearts, 7Hearts, JHearts, 5Hearts, 6Spades, 5Spades.
P1 HAND: KDiamonds, 5Diamonds, 7Clubs, 5Clubs, 4Clubs, 7Spades, KSpades, QSpades, 4Spades, 2Spades.
P2 HAND: 4Diamonds, 2Diamonds, JClubs, 6Clubs, QHearts, 6Hearts, 4Hearts, 3Hearts, 2Hearts, 3Spades.
P3 HAND: ADiamonds, 7Diamonds, JDiamonds, QDiamonds, 6Diamonds, AClubs, 2Clubs, KHearts, ASpades, JSpades.
P1 2Spades P2 3Spades P3 ASpades P0 6Spades 
P3 6Diamonds P0 3Diamonds P1 5Diamonds P2 2Diamonds 
P3 QDiamonds P0 5Spades P1 KDiamonds P2 4Diamonds 
P1 4Spades P2 2Hearts P3 JSpades P0 5Hearts 
P3 JDiamonds P0 3Clubs P1 QSpades P2 QHearts 
P0 AHearts P1 4Clubs P2 3Hearts P3 KHearts 
P1 5Clubs P2 6Clubs P3 2Clubs P0 KClubs 
P0 JHearts P1 7Clubs P2 4Hearts P3 ADiamonds 
P1 KSpades P2 6Hearts P3 AClubs P0 7Hearts 
P3 7Diamonds P0 QClubs P1 7Spades P2 JClubs 
-- /GAME --
P0 HAND: 7Diamonds, 3Clubs, 2Clubs, KHearts, 6Hearts, KSpades, JSpades, 5Spades, 4Spades, 2Spades.
P1 HAND: ADiamonds, 6Diamonds, 5Diamonds, AClubs, QClubs, 5Clubs, AHearts, 7Hearts, JHearts, 7Spades.
P2 HAND: QDiamonds, 4Diamonds, 2Diamonds, KClubs, JClubs, 4Clubs, QHearts, 4Hearts, 2Hearts, 3Spades.
P3 HAND: KDiamonds, JDiamonds, 3Diamonds, 7Clubs, 6Clubs, 5Hearts, 3Hearts, ASpades, QSpades, 6Spades.
P0 7Diamonds P1 ADiamonds P2 2Diamonds P3 KDiamonds 
P1 AClubs P2 4Clubs P3 7Clubs P0 2Clubs 
P1 5Diamonds P2 4Diamonds P3 JDiamonds P0 3Clubs 
P3 ASpades P0 2Spades P1 7Spades P2 3Spades 
P3 3Diamonds P0 KSpades P1 6Diamonds P2 QDiamonds 
P2 JClubs P3 6Clubs P0 KHearts P1 5Clubs 
P0 JSpades P1 QClubs P2 KClubs P3 6Spades 
P0 5Spades P1 JHearts P2 2Hearts P3 QSpades 
P1 7Hearts P2 4Hearts P3 3Hearts P0 6Hearts 
P1 AHearts P2 QHearts P3 5Hearts P0 4Spades 
-- /GAME --
P0 HAND: 3Diamonds, 2Diamonds, 5Clubs, 4Clubs, 7Hearts, JHearts, QHearts, 5Hearts, QSpades, 6Spades.
P1 HAND: 6Diamonds, 4Diamonds, KClubs, QClubs, 3Clubs, 2Clubs, 4Hearts, ASpades, 5Spades, 2Spades.
P2 HAND: ADiamonds, 5Diamonds, AClubs, 7Clubs, 6Clubs, KHearts, 3Hearts, 2Hearts, 7Spades, 3Spades.
P3 HAND: 7Diamonds, KDiamonds, JDiamonds, QDiamonds, JClubs, AHearts, 6Hearts, KSpades, JSpades, 4Spades.

