-- GAME --
P0 HAND: ADiamonds, 7Diamonds, JDiamonds, 4Diamonds, 4Clubs, KHearts, 5Hearts, ASpades, 7Spades, 2Spades.
P1 HAND: 3Diamonds, AClubs, 3Clubs, JHearts, QHearts, 6Hearts, 4Hearts, KSpades, JSpades, 3Spades.
P2 HAND: 5Diamonds, 2Diamonds, 7Clubs, JClubs, QClubs, 5Clubs, AHearts, 7Hearts, 3Hearts, 5Spades.
P3 HAND: KDiamonds, QDiamonds, 6Diamonds, KClubs, 6Clubs, 2Clubs, 2Hearts, QSpades, 6Spades, 4Spades.
P2 AHearts P3 2Hearts P0 KHearts P1 4Hearts 
P2 2Diamonds P3 6Diamonds P0 ADiamonds P1 3Diamonds 
P0 5Hearts P1 6Hearts P2 7Hearts P3 4Spades 
P3 2Clubs P0 4Clubs P1 AClubs P2 5Clubs 
P1 3Clubs P2 QClubs P3 6Clubs P0 7Diamonds 
P2 3Hearts P3 QDiamonds P0 4Diamonds P1 JHearts 
P1 QHearts P2 5Diamonds P3 6Spades P0 2Spades 
P3 QSpades P0 7Spades P1 3Spades P2 5Spades 
P0 ASpades P1 JSpades P2 JClubs P3 KDiamonds 
P0 JDiamonds P1 KSpades P2 7Clubs P3 KClubs 
-- /GAME --
P0 HAND: 2Diamonds, KClubs, 4Clubs, 7Hearts, KHearts, 3Hearts, ASpades, KSpades, JSpades, 4Spades.
P1 HAND: ADiamonds, JDiamonds, QDiamonds, 4Diamonds, 6Clubs, AHearts, JHearts, 2Hearts, QSpades, 2Spades.
P2 HAND: KDiamonds, 6Diamonds, 5Diamonds, 3Diamonds, AClubs, JClubs, 5Clubs, 3Clubs, 7Spades, 3Spades.
P3 HAND: 7Diamonds, 7Clubs, QClubs, 2Clubs, QHearts, 6Hearts, 5Hearts, 4Hearts, 6Spades, 5Spades.
P1 ADiamonds P2 3Diamonds P3 7Diamonds P0 2Diamonds 
P1 AHearts P2 3Clubs P3 4Hearts P0 7Hearts 
P2 3Spades P3 5Spades P0 ASpades P1 2Spades 
P0 3Hearts P1 2Hearts P2 5Diamonds P3 QHearts 
P3 5Hearts P0 KHearts P1 JHearts P2 7Spades 
P0 KSpades P1 QSpades P2 KDiamonds P3 6Spades 
P0 JSpades P1 4Diamonds P2 6Diamonds P3 6Hearts 
P0 4Spades P1 QDiamonds P2 5Clubs P3 2Clubs 
P2 JClubs P3 QClubs P0 KClubs P1 6Clubs 
P0 4Clubs P1 JDiamonds P2 AClubs P3 7Clubs 
-- /GAME --
P0 HAND: JDiamonds, 6Diamonds, 5Diamonds, 2Diamonds, 7Clubs, JClubs, 6Clubs, 7Hearts, 4Hearts, 6Spades.
P1 HAND: ADiamonds, 3Diamonds, 5Clubs, AHearts, QHearts, 6Hearts, 5Hearts, KSpades, 4Spades, 2Spades.
P2 HAND: KDiamonds, AClubs, KClubs, QClubs, 4Clubs, KHearts, JHearts, ASpades, JSpades, 3Spades.
P3 HAND: 7Diamonds, QDiamonds, 4Diamonds, 3Clubs, 2Clubs, 3Hearts, 2Hearts, 7Spades, QSpades, 5Spades.
P0 2Diamonds P1 3Diamonds P2 KDiamonds P3 4Diamonds 
P2 AClubs P3 2Clubs P0 7Clubs P1 5Clubs 
P2 ASpades P3 5Spades P0 6Spades P1 2Spades 
P2 3Spades P3 QSpades P0 5Diamonds P1 4Spades 
P0 6Clubs P1 5Hearts P2 KClubs P3 3Clubs 
P2 4Clubs P3 2Hearts P0 JClubs P1 6Hearts 
P0 6Diamonds P1 ADiamonds P2 QClubs P3 QDiamonds 
P1 QHearts P2 JHearts P3 3Hearts P0 7Hearts 
P0 4Hearts P1 AHearts P2 KHearts P3 7Spades 
P1 KSpades P2 JSpades P3 7Diamonds P0 JDiamonds 
-- /GAME --
P0 HAND: 6Diamonds, 4Diamonds, AClubs, JClubs, 4Clubs, 2Clubs, 6Hearts, 7Spades, QSpades, 4Spades.
P1 HAND: ADiamonds, KDiamonds, 7Clubs, KClubs, 6Clubs, 7Hearts, QHearts, 4Hearts, KSpades, 2Spades.
P2 HAND: 5Diamonds, 3Diamonds, QClubs, 5Clubs, 3Clubs, AHearts, KHearts, 5Hearts, JSpades, 3Spades.
P3 HAND: 7Diamonds, JDiamonds, QDiamonds, 2Diamonds, JHearts, 3Hearts, 2Hearts, ASpades, 6Spades, 5Spades.
P3 ASpades P0 4Spades P1 KSpades P2 3Spades 
P3 2Diamonds P0 4Diamonds P1 ADiamonds P2 3Diamonds 
P1 2Spades P2 JSpades P3 5Spades P0 7Spades 
P0 6Diamonds P1 KDiamonds P2 5Diamonds P3 7Diamonds 
P3 2Hearts P0 6Hearts P1 4Hearts P2 AHearts 
P2 5Hearts P3 3Hearts P0 2Clubs P1 QHearts 
P0 QSpades P1 6Clubs P2 3Clubs P3 6Spades 
P1 KClubs P2 5Clubs P3 QDiamonds P0 4Clubs 
P1 7Clubs P2 QClubs P3 JDiamonds P0 AClubs 
P0 JClubs P1 7Hearts P2 KHearts P3 JHearts 
-- /GAME --
P0 HAND: 7Diamonds, 6Diamonds, 4Diamonds, QClubs, 5Clubs, 2Clubs, AHearts, QHearts, JSpades, 5Spades.
P1 HAND: KDiamonds, JDiamonds, 5Diamonds, 3Diamonds, 7Clubs, KHearts, JHearts, 4Hearts, KSpades, 6Spades.
P2 HAND: ADiamonds, KClubs, JClubs, 6Clubs, 7Hearts, 3Hearts, 2Hearts, QSpades, 4Spades, 2Spades.
P3 HAND: QDiamonds, 2Diamonds, AClubs, 4Clubs, 3Clubs, 6Hearts, 5Hearts, ASpades, 7Spades, 3Spades.
P2 ADiamonds P3 2Diamonds P0 7Diamonds P1 3Diamonds 
P2 2Spades P3 ASpades P0 5Spades P1 KSpades 
P3 AClubs P0 2Clubs P1 7Clubs P2 6Clubs 
P3 3Clubs P0 QClubs P1 5Diamonds P2 KClubs 
P2 4Spades P3 3Spades P0 JSpades P1 6Spades 
P0 5Clubs P1 4Hearts P2 JClubs P3 4Clubs 
P1 JDiamonds P2 QSpades P3 QDiamonds P0 6Diamonds 
P1 JHearts P2 2Hearts P3 5Hearts P0 QHearts 
P1 KHearts P2 3Hearts P3 6Hearts P0 AHearts 
P0 4Diamonds P1 KDiamonds P2 7Hearts P3 7Spades 
-- /GAME --
P0 HAND: AClubs, KClubs, JClubs, QClubs, 6Clubs, 5Clubs, 2Hearts, QSpades, 6Spades, 5Spades.
P1 HAND: KDiamonds, JDiamonds, 5Diamonds, 2Diamonds, 7Clubs, 4Clubs, AHearts, 5Hearts, 4Spades, 3Spades.
P2 HAND: ADiamonds, 7Diamonds, QDiamonds, 4Diamonds, 2Clubs, 7Hearts, JHearts, QHearts, 6Hearts, 4Hearts.
P3 HAND: 6Diamonds, 3Diamonds, 3Clubs, KHearts, 3Hearts, ASpades, 7Spades, KSpades, JSpades, 2Spades.
P1 AHearts 
