-- GAME --
P2 JSpades P3 KSpades P0 JHearts P1 QSpades 
P0 7Hearts P1 JClubs P2 7Spades P3 7Diamonds 
-- /GAME --
P0 HAND: 7Diamonds, KDiamonds, 4Diamonds, JClubs, JHearts, 3Hearts, 7Spades, KSpades, JSpades, 3Spades.
P1 HAND: ADiamonds, QDiamonds, 2Diamonds, 7Clubs, KClubs, 3Clubs, 5Hearts, 4Hearts, 6Spades, 5Spades.
P2 HAND: 6Diamonds, QClubs, 5Clubs, 4Clubs, 2Clubs, 7Hearts, 2Hearts, ASpades, QSpades, 4Spades.
P3 HAND: JDiamonds, 5Diamonds, 3Diamonds, AClubs, 6Clubs, AHearts, KHearts, QHearts, 6Hearts, 2Spades.
P0 JClubs P1 3Clubs P2 2Clubs P3 AClubs 
P3 2Spades P0 JSpades P1 5Spades P2 ASpades 
P2 4Clubs P3 6Clubs P0 JHearts P1 KClubs 
P0 3Hearts P1 4Hearts P2 2Hearts P3 6Hearts 
P3 3Diamonds P0 7Diamonds P1 ADiamonds P2 6Diamonds 
P1 2Diamonds P2 4Spades P3 5Diamonds P0 KDiamonds 
P0 7Spades P1 6Spades P2 QSpades P3 QHearts 
P3 JDiamonds P0 4Diamonds P1 QDiamonds P2 7Hearts 
P2 5Clubs P3 KHearts P0 3Spades P1 7Clubs 
P3 AHearts P0 KSpades P1 5Hearts P2 QClubs 
-- /GAME --
P0 HAND: ADiamonds, QDiamonds, 4Diamonds, AClubs, 7Clubs, AHearts, 5Hearts, 2Hearts, ASpades, 6Spades.
P1 HAND: JDiamonds, 6Diamonds, 3Diamonds, KClubs, 5Clubs, 3Clubs, 4Hearts, KSpades, 3Spades, 2Spades.
P2 HAND: QClubs, 4Clubs, 2Clubs, 7Hearts, KHearts, 6Hearts, 3Hearts, JSpades, QSpades, 5Spades.
P3 HAND: 7Diamonds, KDiamonds, 5Diamonds, 2Diamonds, JClubs, 6Clubs, JHearts, QHearts, 7Spades, 4Spades.
P3 2Diamonds P0 QDiamonds P1 3Diamonds P2 7Hearts 
P0 AHearts P1 4Hearts P2 KHearts P3 QHearts 
P0 ADiamonds P1 6Diamonds P2 JSpades P3 5Diamonds 
P0 4Diamonds P1 JDiamonds P2 3Hearts P3 7Diamonds 
P3 4Spades P0 6Spades P1 2Spades P2 QSpades 
P2 5Spades P3 7Spades P0 ASpades P1 3Spades 
P0 2Hearts P1 3Clubs P2 6Hearts P3 JHearts 
P1 5Clubs P2 2Clubs P3 6Clubs P0 7Clubs 
P0 5Hearts P1 KClubs P2 4Clubs P3 KDiamonds 
P1 KSpades P2 QClubs P3 JClubs P0 AClubs 
-- /GAME --
P0 HAND: 4Diamonds, QClubs, 3Clubs, KHearts, JHearts, 2Hearts, KSpades, 6Spades, 5Spades, 2Spades.
P1 HAND: QDiamonds, 6Diamonds, 2Diamonds, 7Clubs, QHearts, 5Hearts, 3Hearts, ASpades, 4Spades, 3Spades.
P2 HAND: ADiamonds, 5Diamonds, 3Diamonds, AClubs, 2Clubs, AHearts, 4Hearts, 7Spades, JSpades, QSpades.
P3 HAND: 7Diamonds, KDiamonds, JDiamonds, KClubs, JClubs, 6Clubs, 5Clubs, 4Clubs, 7Hearts, 6Hearts.
P2 ADiamonds P3 JDiamonds P0 4Diamonds P1 2Diamonds 
P2 AClubs P3 4Clubs P0 QClubs P1 7Clubs 
P2 AHearts P3 6Hearts P0 KHearts P1 3Hearts 
P2 2Clubs P3 5Clubs P0 3Clubs P1 QDiamonds 
P3 6Clubs P0 2Hearts P1 5Hearts P2 3Diamonds 
P3 JClubs P0 JHearts P1 3Spades P2 QSpades 
P2 4Hearts P3 7Hearts P0 KSpades P1 QHearts 
P0 2Spades P1 4Spades P2 JSpades P3 KDiamonds 
P2 5Diamonds P3 7Diamonds P0 5Spades P1 6Diamonds 
P0 6Spades P1 ASpades P2 7Spades P3 KClubs 
-- /GAME --
P0 HAND: KDiamonds, 6Diamonds, 4Diamonds, 2Diamonds, AClubs, 5Clubs, 7Hearts, QHearts, ASpades, 4Spades.
P1 HAND: JDiamonds, QDiamonds, 3Diamonds, 7Clubs, 3Clubs, KHearts, JHearts, 3Hearts, JSpades, 3Spades.
P2 HAND: ADiamonds, QClubs, 6Clubs, 6Hearts, 4Hearts, 7Spades, KSpades, QSpades, 6Spades, 5Spades.
P3 HAND: 7Diamonds, 5Diamonds, KClubs, JClubs, 4Clubs, 2Clubs, AHearts, 5Hearts, 2Hearts, 2Spades.

