-- GAME --
P0 HAND: KDiamonds, AClubs, QClubs, 4Clubs, 7Hearts, KHearts, JHearts, 4Hearts, 3Hearts, ASpades.
P1 HAND: JDiamonds, QDiamonds, JClubs, 6Clubs, 2Clubs, QHearts, 2Hearts, 7Spades, JSpades, 3Spades.
P2 HAND: 6Diamonds, 5Diamonds, 2Diamonds, KClubs, 5Clubs, 3Clubs, 6Hearts, 5Hearts, 5Spades, 2Spades.
P3 HAND: ADiamonds, 7Diamonds, 4Diamonds, 3Diamonds, 7Clubs, AHearts, KSpades, QSpades, 6Spades, 4Spades.
P2 2Diamonds P3 ADiamonds P0 KDiamonds P1 JDiamonds 
P3 3Diamonds P0 4Clubs P1 QDiamonds P2 5Diamonds 
P1 2Clubs P2 3Clubs P3 7Clubs P0 AClubs 
P0 JHearts P1 2Hearts P2 5Hearts P3 AHearts 
P3 4Diamonds P0 3Hearts P1 3Spades P2 6Diamonds 
P0 7Hearts P1 QHearts P2 6Hearts P3 4Spades 
P0 ASpades P1 JSpades P2 5Spades P3 6Spades 
P0 KHearts P1 6Clubs P2 2Spades P3 QSpades 
P0 4Hearts P1 JClubs P2 5Clubs P3 KSpades 
P0 QClubs P1 7Spades P2 KClubs P3 7Diamonds 
-- /GAME --
P0 HAND: 6Diamonds, 5Diamonds, JClubs, 4Clubs, 7Hearts, QHearts, 3Hearts, ASpades, 6Spades, 2Spades.
P1 HAND: JDiamonds, 4Diamonds, AClubs, KClubs, QClubs, 6Hearts, 4Hearts, KSpades, 5Spades, 4Spades.
P2 HAND: 7Diamonds, KDiamonds, QDiamonds, 2Diamonds, 7Clubs, 6Clubs, 5Hearts, 2Hearts, 7Spades, QSpades.
P3 HAND: ADiamonds, 3Diamonds, 5Clubs, 3Clubs, 2Clubs, AHearts, KHearts, JHearts, JSpades, 3Spades.
P1 AClubs P2 6Clubs P3 5Clubs P0 4Clubs 
P1 4Hearts P2 2Hearts P3 AHearts P0 3Hearts 
P3 2Clubs P0 JClubs P1 QClubs P2 7Clubs 
P2 5Hearts P3 JHearts P0 7Hearts P1 6Hearts 
P0 5Diamonds P1 4Diamonds P2 2Diamonds P3 3Diamonds 
P0 6Diamonds P1 JDiamonds P2 QDiamonds P3 ADiamonds 
P3 3Clubs P0 QHearts P1 KClubs P2 KDiamonds 
P2 QSpades P3 3Spades P0 2Spades P1 KSpades 
P1 4Spades P2 7Spades P3 JSpades P0 ASpades 
P0 6Spades P1 5Spades P2 7Diamonds P3 KHearts 
-- /GAME --
P0 HAND: JDiamonds, 6Diamonds, 3Diamonds, AClubs, 3Hearts, ASpades, 7Spades, KSpades, QSpades, 4Spades.
P1 HAND: 7Diamonds, 2Diamonds, JClubs, 5Clubs, 2Clubs, KHearts, QHearts, 5Hearts, 4Hearts, 2Spades.
P2 HAND: KDiamonds, 4Diamonds, 7Clubs, 4Clubs, AHearts, 7Hearts, 6Hearts, 2Hearts, JSpades, 6Spades.
P3 HAND: ADiamonds, QDiamonds, 5Diamonds, KClubs, QClubs, 6Clubs, 3Clubs, JHearts, 5Spades, 3Spades.
P0 ASpades P1 2Spades P2 6Spades P3 3Spades 
P0 7Spades P1 2Diamonds P2 JSpades P3 5Spades 
P0 AClubs P1 2Clubs P2 7Clubs P3 3Clubs 
P0 3Hearts P1 4Hearts P2 AHearts P3 JHearts 
P2 2Hearts P3 5Diamonds P0 3Diamonds P1 KHearts 
P1 5Clubs P2 4Clubs P3 6Clubs P0 6Diamonds 
P3 QDiamonds P0 JDiamonds P1 7Diamonds P2 4Diamonds 
P1 5Hearts P2 6Hearts P3 QClubs P0 4Spades 
P0 KSpades P1 QHearts P2 KDiamonds P3 KClubs 
P0 QSpades P1 JClubs P2 7Hearts P3 ADiamonds 
-- /GAME --
P0 HAND: QDiamonds, 6Diamonds, 2Diamonds, 7Clubs, KHearts, 6Hearts, 4Hearts, ASpades, 7Spades, 6Spades.
P1 HAND: KDiamonds, 3Diamonds, 4Clubs, AHearts, QHearts, 5Hearts, 3Hearts, KSpades, JSpades, 5Spades.
P2 HAND: ADiamonds, JDiamonds, 4Diamonds, AClubs, KClubs, QClubs, 3Clubs, 2Clubs, 2Hearts, 3Spades.
P3 HAND: 7Diamonds, 5Diamonds, JClubs, 6Clubs, 5Clubs, 7Hearts, JHearts, QSpades, 4Spades, 2Spades.

