-- GAME --
P0 HAND: ADiamonds, JDiamonds, QDiamonds, 6Diamonds, 4Diamonds, 3Hearts, ASpades, KSpades, JSpades, 5Spades.
P1 HAND: 3Diamonds, 7Clubs, 4Clubs, 2Clubs, 7Hearts, 6Hearts, 5Hearts, 6Spades, 3Spades, 2Spades.
P2 HAND: 7Diamonds, 2Diamonds, KClubs, JClubs, QClubs, 3Clubs, AHearts, 2Hearts, QSpades, 4Spades.
P3 HAND: KDiamonds, 5Diamonds, AClubs, 6Clubs, 5Clubs, KHearts, JHearts, QHearts, 4Hearts, 7Spades.
P0 3Hearts P1 5Hearts P2 AHearts P3 4Hearts 
P2 2Hearts P3 QHearts P0 4Diamonds P1 6Hearts 
P0 ASpades P1 2Spades P2 QSpades P3 7Spades 
P0 JSpades P1 3Spades P2 4Spades P3 5Clubs 
P0 KSpades P1 6Spades P2 3Clubs P3 6Clubs 
P0 5Spades P1 2Clubs P2 QClubs P3 5Diamonds 
P3 JHearts P0 QDiamonds P1 7Hearts P2 KClubs 
P0 6Diamonds P1 3Diamonds P2 2Diamonds P3 KDiamonds 
P3 KHearts P0 JDiamonds P1 4Clubs P2 JClubs 
P0 ADiamonds P1 7Clubs P2 7Diamonds P3 AClubs 
-- /GAME --
P0 HAND: JDiamonds, QDiamonds, 6Diamonds, KClubs, 4Clubs, 2Clubs, 3Hearts, QSpades, 6Spades, 2Spades.
P1 HAND: 7Diamonds, 5Diamonds, 3Diamonds, 3Clubs, AHearts, QHearts, 5Hearts, 2Hearts, 7Spades, 5Spades.
P2 HAND: ADiamonds, KDiamonds, 7Clubs, QClubs, 6Clubs, 5Clubs, 7Hearts, KHearts, 4Hearts, 4Spades.
P3 HAND: 4Diamonds, 2Diamonds, AClubs, JClubs, JHearts, 6Hearts, ASpades, KSpades, JSpades, 3Spades.
P3 AClubs 
