-- GAME --
P0 HAND: KDiamonds, 5Diamonds, AClubs, KClubs, 5Clubs, 2Clubs, 7Hearts, 2Hearts, 5Spades, 4Spades.
P1 HAND: ADiamonds, 7Diamonds, JDiamonds, 7Clubs, JClubs, JHearts, 4Hearts, 3Hearts, QSpades, 6Spades.
P2 HAND: 6Diamonds, 3Diamonds, QClubs, 6Clubs, 3Clubs, AHearts, ASpades, KSpades, JSpades, 3Spades.
P3 HAND: QDiamonds, 4Diamonds, 2Diamonds, 4Clubs, KHearts, QHearts, 6Hearts, 5Hearts, 7Spades, 2Spades.
P3 2Diamonds P0 5Diamonds P1 ADiamonds P2 3Diamonds 
P1 3Hearts P2 AHearts P3 5Hearts P0 7Hearts 
P2 ASpades P3 2Spades P0 4Spades P1 6Spades 
P2 3Spades P3 7Spades P0 5Spades P1 QSpades 
P3 4Diamonds P0 KDiamonds P1 7Diamonds P2 6Diamonds 
P1 4Hearts P2 3Clubs P3 6Hearts P0 2Hearts 
P2 JSpades P3 QDiamonds P0 2Clubs P1 JClubs 
P1 JDiamonds P2 6Clubs P3 QHearts P0 5Clubs 
P2 QClubs P3 4Clubs P0 KClubs P1 7Clubs 
P1 JHearts P2 KSpades P3 KHearts P0 AClubs 
-- /GAME --
P0 HAND: 4Diamonds, QClubs, 7Hearts, KHearts, QHearts, 5Hearts, 4Hearts, 6Spades, 5Spades, 3Spades.
P1 HAND: KDiamonds, 5Diamonds, 3Diamonds, 6Clubs, 2Clubs, AHearts, 6Hearts, 7Spades, JSpades, 4Spades.
P2 HAND: ADiamonds, 7Diamonds, QDiamonds, 6Diamonds, JClubs, 3Clubs, 2Hearts, KSpades, QSpades, 2Spades.
P3 HAND: JDiamonds, 2Diamonds, AClubs, 7Clubs, KClubs, 5Clubs, 4Clubs, JHearts, 3Hearts, ASpades.
P2 ADiamonds P3 2Diamonds P0 4Diamonds P1 3Diamonds 
P2 2Hearts P3 3Hearts P0 QHearts P1 AHearts 
P1 2Clubs P2 3Clubs P3 AClubs P0 QClubs 
P3 4Clubs P0 3Spades P1 6Clubs P2 JClubs 
P0 4Hearts P1 6Hearts P2 6Diamonds P3 JHearts 
P3 5Clubs P0 6Spades P1 5Diamonds P2 7Diamonds 
P0 5Hearts P1 4Spades P2 QDiamonds P3 7Clubs 
P1 JSpades P2 2Spades P3 ASpades P0 5Spades 
P3 JDiamonds P0 KHearts P1 KDiamonds P2 QSpades 
P2 KSpades P3 KClubs P0 7Hearts P1 7Spades 
-- /GAME --
P0 HAND: ADiamonds, 4Diamonds, 4Clubs, KHearts, 5Hearts, 3Hearts, 7Spades, QSpades, 4Spades, 2Spades.
P1 HAND: 7Diamonds, AClubs, 7Clubs, 2Clubs, AHearts, 6Hearts, 2Hearts, KSpades, 6Spades, 3Spades.
P2 HAND: JDiamonds, QDiamonds, 3Diamonds, 2Diamonds, QClubs, 6Clubs, 5Clubs, 7Hearts, QHearts, 4Hearts.
P3 HAND: KDiamonds, 6Diamonds, 5Diamonds, KClubs, JClubs, 3Clubs, JHearts, ASpades, JSpades, 5Spades.
P1 AHearts P2 4Hearts P3 JHearts P0 5Hearts 
P1 2Hearts P2 QHearts P3 5Diamonds P0 KHearts 
P0 ADiamonds P1 7Diamonds P2 JDiamonds P3 6Diamonds 
P0 2Spades P1 3Spades P2 2Diamonds P3 ASpades 
P3 5Spades P0 7Spades P1 6Spades P2 7Hearts 
P0 4Spades P1 KSpades P2 3Diamonds P3 JSpades 
P1 6Hearts P2 QDiamonds P3 3Clubs P0 3Hearts 
P3 JClubs P0 4Clubs P1 2Clubs P2 5Clubs 
P3 KClubs P0 4Diamonds P1 7Clubs P2 6Clubs 
P1 AClubs P2 QClubs P3 KDiamonds P0 QSpades 
-- /GAME --
P0 HAND: ADiamonds, JDiamonds, 3Diamonds, 2Diamonds, JClubs, QClubs, JHearts, QHearts, 5Hearts, 4Spades.
P1 HAND: 7Diamonds, KDiamonds, QDiamonds, 4Clubs, 2Clubs, 6Hearts, 3Hearts, JSpades, 3Spades, 2Spades.
P2 HAND: 5Diamonds, AClubs, 7Clubs, KClubs, 6Clubs, 3Clubs, AHearts, KHearts, 4Hearts, KSpades.
P3 HAND: 6Diamonds, 4Diamonds, 5Clubs, 7Hearts, 2Hearts, ASpades, 7Spades, QSpades, 6Spades, 5Spades.
P0 ADiamonds P1 QDiamonds P2 5Diamonds P3 4Diamonds 
P0 5Hearts P1 3Hearts P2 AHearts P3 2Hearts 
P2 3Clubs P3 5Clubs P0 QClubs P1 2Clubs 
P0 JClubs P1 4Clubs P2 6Clubs P3 6Diamonds 
P0 JHearts P1 6Hearts P2 4Hearts P3 7Hearts 
P3 5Spades P0 4Spades P1 2Spades P2 KSpades 
P2 KClubs P3 6Spades P0 2Diamonds P1 7Diamonds 
P3 QSpades P0 3Diamonds P1 3Spades P2 KHearts 
P3 7Spades P0 QHearts P1 JSpades P2 7Clubs 
P3 ASpades P0 JDiamonds P1 KDiamonds P2 AClubs 
-- /GAME --
P0 HAND: KDiamonds, JDiamonds, 6Diamonds, 2Diamonds, 5Clubs, 3Hearts, KSpades, 5Spades, 3Spades, 2Spades.
P1 HAND: 7Diamonds, 7Clubs, KClubs, JClubs, QClubs, AHearts, QHearts, 5Hearts, 4Hearts, ASpades.
P2 HAND: 4Diamonds, 6Clubs, 4Clubs, 2Clubs, 7Hearts, JHearts, 2Hearts, QSpades, 6Spades, 4Spades.
P3 HAND: ADiamonds, QDiamonds, 5Diamonds, 3Diamonds, AClubs, 3Clubs, KHearts, 6Hearts, 7Spades, JSpades.

