-- GAME --
P0 HAND: 6Diamonds, 4Diamonds, JClubs, 4Clubs, AHearts, JHearts, 6Hearts, 3Hearts, KSpades, JSpades.
P1 HAND: QDiamonds, 2Diamonds, QClubs, 3Clubs, QHearts, 5Hearts, 7Spades, QSpades, 4Spades, 2Spades.
P2 HAND: ADiamonds, KDiamonds, 3Diamonds, AClubs, 6Clubs, 2Clubs, 7Hearts, KHearts, 6Spades, 5Spades.
P3 HAND: 7Diamonds, JDiamonds, 5Diamonds, 7Clubs, KClubs, 5Clubs, 4Hearts, 2Hearts, ASpades, 3Spades.
P1 2Spades P2 5Spades P3 ASpades P0 JSpades 
P3 2Hearts P0 3Hearts P1 5Hearts P2 7Hearts 
P2 AClubs P3 5Clubs P0 JClubs P1 3Clubs 
P2 2Clubs P3 KClubs P0 4Clubs P1 QClubs 
P3 3Spades P0 KSpades P1 4Spades P2 6Spades 
P0 6Diamonds P1 2Diamonds P2 3Diamonds P3 5Diamonds 
P0 4Diamonds P1 QDiamonds P2 KDiamonds P3 7Diamonds 
P3 4Hearts P0 JHearts P1 QHearts P2 KHearts 
P2 6Clubs P3 7Clubs P0 6Hearts P1 7Spades 
P3 JDiamonds P0 AHearts P1 QSpades P2 ADiamonds 
-- /GAME --
P0 HAND: 3Diamonds, 7Clubs, 5Clubs, 4Clubs, 7Hearts, 4Hearts, 3Hearts, ASpades, KSpades, QSpades.
P1 HAND: QDiamonds, 5Diamonds, 2Diamonds, KClubs, JClubs, 3Clubs, KHearts, JHearts, 7Spades, JSpades.
P2 HAND: ADiamonds, QClubs, 2Clubs, QHearts, 6Hearts, 5Hearts, 5Spades, 4Spades, 3Spades, 2Spades.
P3 HAND: 7Diamonds, KDiamonds, JDiamonds, 6Diamonds, 4Diamonds, AClubs, 6Clubs, AHearts, 2Hearts, 6Spades.
P0 4Clubs P1 3Clubs P2 2Clubs P3 6Clubs 
P3 AHearts P0 3Hearts P1 KHearts P2 5Hearts 
P3 2Hearts P0 4Hearts P1 JHearts P2 6Hearts 
P1 2Diamonds P2 ADiamonds P3 4Diamonds P0 3Diamonds 
P2 2Spades P3 6Spades P0 KSpades P1 7Spades 
P1 5Diamonds P2 3Spades P3 6Diamonds P0 7Clubs 
P0 5Clubs P1 JClubs P2 QClubs P3 AClubs 
P3 JDiamonds P0 QSpades P1 QDiamonds P2 4Spades 
P3 KDiamonds P0 7Hearts P1 KClubs P2 5Spades 
P1 JSpades P2 QHearts P3 7Diamonds P0 ASpades 
-- /GAME --
P0 HAND: KDiamonds, JDiamonds, 4Diamonds, 7Clubs, JClubs, QClubs, KHearts, JHearts, QSpades, 5Spades.
P1 HAND: 6Diamonds, 3Diamonds, 2Diamonds, AClubs, 6Clubs, 2Clubs, 7Hearts, 6Hearts, 4Spades, 3Spades.
P2 HAND: ADiamonds, 7Diamonds, 5Diamonds, KClubs, AHearts, 5Hearts, 2Hearts, 7Spades, KSpades, 2Spades.
P3 HAND: QDiamonds, 5Clubs, 4Clubs, 3Clubs, QHearts, 4Hearts, 3Hearts, ASpades, JSpades, 6Spades.
P3 ASpades P0 5Spades P1 4Spades P2 2Spades 
P3 3Clubs P0 QClubs P1 AClubs P2 KClubs 
P1 2Clubs P2 2Hearts P3 4Clubs P0 7Clubs 
P0 QSpades P1 3Spades P2 7Spades P3 6Spades 
P2 AHearts P3 3Hearts P0 KHearts P1 6Hearts 
P2 5Hearts P3 4Hearts P0 JHearts P1 7Hearts 
P1 6Clubs P2 5Diamonds P3 5Clubs P0 JClubs 
P2 7Diamonds P3 QDiamonds P0 4Diamonds P1 2Diamonds 
P2 ADiamonds P3 QHearts P0 JDiamonds P1 3Diamonds 
P2 KSpades P3 JSpades P0 KDiamonds P1 6Diamonds 
-- /GAME --
P0 HAND: JDiamonds, 4Diamonds, 3Diamonds, KClubs, QClubs, AHearts, 4Hearts, KSpades, JSpades, 2Spades.
P1 HAND: KDiamonds, 6Diamonds, 6Clubs, 4Clubs, JHearts, 5Hearts, 3Hearts, 2Hearts, 7Spades, 4Spades.
P2 HAND: 7Diamonds, 2Diamonds, JClubs, 3Clubs, 2Clubs, KHearts, QHearts, 6Hearts, 6Spades, 5Spades.
P3 HAND: ADiamonds, QDiamonds, 5Diamonds, AClubs, 7Clubs, 5Clubs, 7Hearts, ASpades, QSpades, 3Spades.
P2 2Clubs P3 AClubs 
