-- GAME --
P0 HAND: ADiamonds, 6Diamonds, 6Clubs, 5Clubs, 4Clubs, 3Clubs, JHearts, 6Hearts, ASpades, 3Spades.
P1 HAND: QDiamonds, AClubs, 2Clubs, AHearts, QHearts, 2Hearts, KSpades, 5Spades, 4Spades, 2Spades.
P2 HAND: 7Diamonds, JDiamonds, 3Diamonds, 2Diamonds, 7Clubs, KClubs, QClubs, 7Hearts, 5Hearts, QSpades.
P3 HAND: KDiamonds, 5Diamonds, 4Diamonds, JClubs, KHearts, 4Hearts, 3Hearts, 7Spades, JSpades, 6Spades.
P1 AHearts P2 5Hearts P3 KHearts P0 6Hearts 
P1 2Hearts P2 7Hearts P3 3Hearts P0 JHearts 
P2 2Diamonds P3 4Diamonds P0 ADiamonds P1 QDiamonds 
P0 ASpades P1 2Spades P2 QSpades P3 6Spades 
P0 6Diamonds P1 4Spades P2 7Diamonds P3 5Diamonds 
P2 3Diamonds P3 KDiamonds P0 3Spades P1 KSpades 
P3 4Hearts P0 3Clubs P1 QHearts P2 JDiamonds 
P0 4Clubs P1 2Clubs P2 QClubs P3 JClubs 
P3 JSpades P0 5Clubs P1 5Spades P2 KClubs 
P2 7Clubs P3 7Spades P0 6Clubs P1 AClubs 
-- /GAME --
P0 HAND: ADiamonds, KDiamonds, 6Diamonds, 5Diamonds, 4Diamonds, 3Diamonds, QClubs, 4Clubs, ASpades, 5Spades.
P1 HAND: AClubs, 2Clubs, 7Hearts, KHearts, QHearts, 2Hearts, 7Spades, 4Spades, 3Spades, 2Spades.
P2 HAND: JDiamonds, QDiamonds, 2Diamonds, KClubs, JClubs, 6Clubs, 6Hearts, 5Hearts, JSpades, 6Spades.
P3 HAND: 7Diamonds, 7Clubs, 5Clubs, 3Clubs, AHearts, JHearts, 4Hearts, 3Hearts, KSpades, QSpades.

