-- GAME --
P0 HAND: ADiamonds, JClubs, 3Clubs, AHearts, 7Hearts, QHearts, 3Hearts, 7Spades, KSpades, QSpades.
P1 HAND: KDiamonds, 6Diamonds, 7Clubs, KClubs, 4Clubs, 6Hearts, ASpades, JSpades, 4Spades, 2Spades.
P2 HAND: JDiamonds, 5Diamonds, 4Diamonds, 2Diamonds, AClubs, QClubs, 6Clubs, 2Clubs, 5Hearts, 2Hearts.
P3 HAND: 7Diamonds, QDiamonds, 3Diamonds, 5Clubs, KHearts, JHearts, 4Hearts, 6Spades, 5Spades, 3Spades.
P1 ASpades P2 2Hearts P3 3Spades P0 7Spades 
P2 AClubs P3 5Clubs P0 JClubs P1 4Clubs 
P2 2Diamonds P3 3Diamonds P0 ADiamonds P1 6Diamonds 
P0 KSpades P1 2Spades P2 JDiamonds P3 5Spades 
P0 QSpades P1 4Spades P2 2Clubs P3 6Spades 
P0 AHearts P1 6Hearts P2 5Hearts P3 4Hearts 
P0 7Hearts P1 JSpades P2 QClubs P3 JHearts 
P0 3Hearts P1 KDiamonds P2 4Diamonds P3 KHearts 
P3 QDiamonds P0 3Clubs P1 KClubs P2 5Diamonds 
P3 7Diamonds P0 QHearts P1 7Clubs P2 6Clubs 
-- /GAME --
P0 HAND: QDiamonds, 4Diamonds, 2Diamonds, KClubs, AHearts, QHearts, 6Hearts, 4Hearts, 3Hearts, 2Spades.
P1 HAND: ADiamonds, 5Diamonds, 3Diamonds, 5Clubs, 3Clubs, 7Hearts, JHearts, 2Hearts, 7Spades, 4Spades.
P2 HAND: KDiamonds, JDiamonds, 6Diamonds, 7Clubs, QClubs, KHearts, 5Hearts, KSpades, QSpades, 3Spades.
P3 HAND: 7Diamonds, AClubs, JClubs, 6Clubs, 4Clubs, 2Clubs, ASpades, JSpades, 6Spades, 5Spades.
P0 AHearts P1 2Hearts P2 KHearts P3 5Spades 
P3 2Clubs P0 KClubs P1 3Clubs P2 7Clubs 
P2 5Hearts P3 4Clubs P0 QHearts P1 7Hearts 
P1 ADiamonds P2 6Diamonds P3 7Diamonds P0 2Diamonds 
P1 3Diamonds P2 JDiamonds P3 6Clubs P0 QDiamonds 
P2 QClubs P3 JClubs P0 2Spades P1 5Clubs 
P0 4Diamonds P1 5Diamonds P2 KDiamonds P3 6Spades 
P3 JSpades P0 6Hearts P1 4Spades P2 3Spades 
P3 ASpades P0 4Hearts P1 7Spades P2 QSpades 
P3 AClubs P0 3Hearts P1 JHearts P2 KSpades 
-- /GAME --
P0 HAND: 6Diamonds, 7Clubs, JClubs, 5Clubs, 2Clubs, 6Hearts, 4Hearts, ASpades, 7Spades, QSpades.
P1 HAND: JDiamonds, QDiamonds, 3Diamonds, 4Clubs, AHearts, 7Hearts, KHearts, KSpades, 6Spades, 5Spades.
P2 HAND: 7Diamonds, KDiamonds, 5Diamonds, 2Diamonds, KClubs, JHearts, QHearts, 5Hearts, 2Hearts, 3Spades.
P3 HAND: ADiamonds, 4Diamonds, AClubs, QClubs, 6Clubs, 3Clubs, 3Hearts, JSpades, 4Spades, 2Spades.
P3 ADiamonds P0 6Diamonds P1 JDiamonds P2 2Diamonds 
P3 AClubs P0 2Clubs P1 4Clubs P2 KClubs 
P3 2Spades P0 ASpades P1 5Spades P2 3Spades 
P0 7Clubs P1 KHearts P2 5Diamonds P3 QClubs 
P1 3Diamonds P2 KDiamonds P3 4Diamonds P0 7Spades 
P2 2Hearts P3 3Hearts P0 4Hearts P1 7Hearts 
P1 6Spades P2 5Hearts P3 4Spades P0 QSpades 
P2 QHearts P3 3Clubs P0 6Hearts P1 AHearts 
P1 QDiamonds P2 7Diamonds P3 6Clubs P0 JClubs 
P2 JHearts P3 JSpades P0 5Clubs P1 KSpades 
-- /GAME --
P0 HAND: 6Diamonds, 2Diamonds, JClubs, 2Clubs, AHearts, 3Hearts, 7Spades, KSpades, QSpades, 3Spades.
P1 HAND: ADiamonds, JDiamonds, QDiamonds, QClubs, 6Clubs, 7Hearts, JHearts, 6Hearts, 2Hearts, ASpades.
P2 HAND: 7Diamonds, 5Diamonds, 3Diamonds, AClubs, 3Clubs, KHearts, QHearts, 4Hearts, 6Spades, 5Spades.
P3 HAND: KDiamonds, 4Diamonds, 7Clubs, KClubs, 5Clubs, 4Clubs, 5Hearts, JSpades, 4Spades, 2Spades.
P2 AClubs P3 4Clubs P0 JClubs P1 6Clubs 
P2 3Diamonds P3 4Diamonds P0 6Diamonds P1 ADiamonds 
P1 ASpades P2 5Spades P3 JSpades P0 3Spades 
P1 QDiamonds P2 5Diamonds P3 KDiamonds P0 2Diamonds 
P3 2Spades P0 7Spades P1 2Hearts P2 6Spades 
P1 QClubs P2 3Clubs P3 5Clubs P0 2Clubs 
P1 JDiamonds P2 7Diamonds P3 5Hearts P0 AHearts 
P0 KSpades P1 6Hearts P2 4Hearts P3 4Spades 
P1 JHearts P2 QHearts P3 KClubs P0 3Hearts 
P1 7Hearts P2 KHearts P3 7Clubs P0 QSpades 
-- /GAME --
P0 HAND: KDiamonds, 6Diamonds, 3Diamonds, 7Clubs, JClubs, KHearts, 4Hearts, 3Hearts, 7Spades, 6Spades.
P1 HAND: ADiamonds, JDiamonds, QDiamonds, 5Diamonds, 4Diamonds, 2Diamonds, KClubs, 6Clubs, 5Hearts, KSpades.
P2 HAND: 7Diamonds, AClubs, 4Clubs, 7Hearts, JHearts, 6Hearts, JSpades, QSpades, 4Spades, 3Spades.
P3 HAND: QClubs, 5Clubs, 3Clubs, 2Clubs, AHearts, QHearts, 2Hearts, ASpades, 5Spades, 2Spades.
P1 2Diamonds P2 7Diamonds P3 2Hearts P0 3Diamonds 
P3 ASpades P0 6Spades P1 KSpades P2 3Spades 
P3 2Clubs P0 JClubs P1 6Clubs P2 AClubs 
P2 4Clubs P3 3Clubs P0 7Clubs P1 KClubs 
P0 3Hearts P1 5Hearts P2 6Hearts P3 QHearts 
P3 2Spades P0 7Spades P1 4Diamonds P2 JSpades 
P0 4Hearts P1 5Diamonds P2 JHearts P3 AHearts 
P3 5Clubs P0 6Diamonds P1 QDiamonds P2 4Spades 
P3 5Spades P0 KDiamonds P1 JDiamonds P2 QSpades 
P2 7Hearts P3 QClubs P0 KHearts P1 ADiamonds 
-- /GAME --
P0 HAND: KDiamonds, 6Diamonds, 3Diamonds, 7Clubs, KClubs, 5Clubs, 7Hearts, QHearts, 3Hearts, 5Spades.
P1 HAND: ADiamonds, 2Diamonds, QClubs, 3Clubs, AHearts, 5Hearts, 2Hearts, 6Spades, 4Spades, 3Spades.
P2 HAND: QDiamonds, 4Diamonds, AClubs, JClubs, 6Clubs, 4Clubs, JHearts, 6Hearts, ASpades, JSpades.
P3 HAND: 7Diamonds, JDiamonds, 5Diamonds, 2Clubs, KHearts, 4Hearts, 7Spades, KSpades, QSpades, 2Spades.
P0 3Diamonds P1 ADiamonds P2 4Diamonds P3 7Diamonds 
P1 AHearts P2 6Hearts P3 KHearts P0 3Hearts 
P1 2Diamonds P2 QDiamonds P3 5Diamonds P0 KDiamonds 
P0 6Diamonds P1 2Hearts P2 4Clubs P3 JDiamonds 
P3 2Clubs P0 5Clubs P1 3Clubs P2 AClubs 
P2 6Clubs P3 4Hearts P0 7Clubs P1 QClubs 
P0 KClubs P1 5Hearts P2 JClubs P3 2Spades 
P3 QSpades P0 5Spades P1 3Spades P2 JSpades 
P2 JHearts P3 KSpades P0 QHearts P1 4Spades 
P3 7Spades P0 7Hearts P1 6Spades P2 ASpades 
-- /GAME --

