-- GAME --
P0 HAND: KDiamonds, 5Diamonds, 3Diamonds, AClubs, 2Clubs, AHearts, JHearts, ASpades, 3Spades, 2Spades.
P1 HAND: JDiamonds, 6Diamonds, QClubs, 6Clubs, 3Clubs, KHearts, 6Hearts, 5Hearts, 4Hearts, KSpades.
P2 HAND: ADiamonds, 2Diamonds, 7Clubs, 7Hearts, QHearts, 3Hearts, QSpades, 6Spades, 5Spades, 4Spades.
P3 HAND: 7Diamonds, QDiamonds, 4Diamonds, KClubs, JClubs, 5Clubs, 4Clubs, 2Hearts, 7Spades, JSpades.
P3 4Diamonds P0 3Diamonds P1 6Diamonds P2 ADiamonds 
P2 2Diamonds P3 QDiamonds P0 KDiamonds P1 JDiamonds 
P0 AClubs P1 3Clubs P2 7Clubs P3 4Clubs 
P0 ASpades P1 KSpades P2 QSpades P3 JSpades 
P0 5Diamonds P1 6Clubs P2 4Spades P3 7Diamonds 
P3 5Clubs P0 2Clubs P1 QClubs P2 5Spades 
P1 4Hearts P2 3Hearts P3 2Hearts P0 JHearts 
P0 3Spades P1 5Hearts P2 6Spades P3 7Spades 
P1 6Hearts P2 QHearts P3 JClubs P0 AHearts 
P0 2Spades P1 KHearts P2 7Hearts P3 KClubs 
-- /GAME --
P0 HAND: JDiamonds, 4Diamonds, 3Diamonds, 2Diamonds, KClubs, QClubs, AHearts, 7Hearts, KHearts, 4Spades.
P1 HAND: 5Diamonds, 3Clubs, JHearts, QHearts, 4Hearts, ASpades, KSpades, QSpades, 5Spades, 3Spades.
P2 HAND: 7Diamonds, KDiamonds, 7Clubs, 6Clubs, 5Clubs, 4Clubs, 6Hearts, 5Hearts, 3Hearts, 7Spades.
P3 HAND: ADiamonds, QDiamonds, 6Diamonds, AClubs, JClubs, 2Clubs, 2Hearts, JSpades, 6Spades, 2Spades.
P2 3Hearts P3 2Hearts P0 AHearts P1 4Hearts 
P0 7Hearts P1 QHearts P2 6Hearts P3 2Spades 
P3 ADiamonds P0 2Diamonds P1 5Diamonds P2 KDiamonds 
P3 AClubs P0 QClubs P1 3Clubs P2 4Clubs 
P3 2Clubs P0 KClubs P1 3Spades P2 5Clubs 
P1 JHearts P2 5Hearts P3 6Diamonds P0 KHearts 
P0 JDiamonds P1 5Spades P2 7Diamonds P3 QDiamonds 
P1 QSpades P2 7Spades P3 6Spades P0 4Spades 
P2 6Clubs P3 JClubs P0 3Diamonds P1 KSpades 
P1 ASpades P2 7Clubs P3 JSpades P0 4Diamonds 
-- /GAME --
P0 HAND: KDiamonds, 3Diamonds, KClubs, 7Hearts, 5Hearts, 7Spades, KSpades, 6Spades, 5Spades, 4Spades.
P1 HAND: 5Diamonds, AClubs, JClubs, 6Clubs, 3Clubs, JHearts, QHearts, 3Hearts, ASpades, QSpades.
P2 HAND: 6Diamonds, 4Diamonds, 2Diamonds, 7Clubs, 4Clubs, 2Clubs, KHearts, 4Hearts, 2Hearts, 2Spades.
P3 HAND: ADiamonds, 7Diamonds, JDiamonds, QDiamonds, QClubs, 5Clubs, AHearts, 6Hearts, JSpades, 3Spades.
P1 AClubs P2 2Clubs P3 QClubs P0 KClubs 
P1 3Clubs P2 4Clubs P3 5Clubs P0 3Diamonds 
P3 6Hearts P0 7Hearts P1 3Hearts P2 KHearts 
P0 KDiamonds P1 5Diamonds P2 2Diamonds P3 ADiamonds 
P3 QDiamonds P0 5Hearts P1 6Clubs P2 4Diamonds 
P3 JDiamonds P0 4Spades P1 QHearts P2 6Diamonds 
P0 KSpades P1 QSpades P2 2Spades P3 3Spades 
P0 5Spades P1 ASpades P2 2Hearts P3 JSpades 
P1 JClubs P2 7Clubs P3 7Diamonds P0 6Spades 
P0 7Spades P1 JHearts P2 4Hearts P3 AHearts 
-- /GAME --
P0 HAND: ADiamonds, 7Diamonds, JDiamonds, 3Diamonds, QClubs, 6Clubs, 2Clubs, AHearts, 7Hearts, 2Spades.
P1 HAND: 6Diamonds, 5Diamonds, 7Clubs, JClubs, 5Clubs, QHearts, 7Spades, JSpades, QSpades, 4Spades.
P2 HAND: QDiamonds, 4Diamonds, 3Clubs, KHearts, JHearts, 6Hearts, 5Hearts, 4Hearts, KSpades, 5Spades.
P3 HAND: KDiamonds, 2Diamonds, AClubs, KClubs, 4Clubs, 3Hearts, 2Hearts, ASpades, 6Spades, 3Spades.
P0 ADiamonds P1 5Diamonds P2 QDiamonds P3 2Diamonds 
P0 2Spades P1 4Spades P2 5Spades P3 ASpades 
P3 AClubs P0 2Clubs P1 7Clubs P2 3Clubs 
P3 3Spades P0 3Diamonds P1 7Spades P2 KSpades 
P1 5Clubs P2 4Diamonds P3 KClubs P0 6Clubs 
P3 4Clubs P0 QClubs P1 JClubs P2 4Hearts 
P2 5Hearts P3 2Hearts P0 7Hearts P1 QHearts 
P0 AHearts P1 6Diamonds P2 6Hearts P3 3Hearts 
P0 7Diamonds P1 QSpades P2 JHearts P3 KDiamonds 
P2 KHearts P3 6Spades P0 JDiamonds P1 JSpades 
-- /GAME --
P0 HAND: ADiamonds, KDiamonds, QDiamonds, 4Diamonds, 7Clubs, QClubs, KHearts, QHearts, QSpades, 4Spades.
P1 HAND: JDiamonds, 6Diamonds, JClubs, 5Clubs, 4Clubs, 3Clubs, 2Clubs, JHearts, KSpades, 3Spades.
P2 HAND: 5Diamonds, 2Diamonds, AClubs, 6Clubs, 4Hearts, ASpades, 7Spades, JSpades, 6Spades, 5Spades.
P3 HAND: 7Diamonds, 3Diamonds, KClubs, AHearts, 7Hearts, 6Hearts, 5Hearts, 3Hearts, 2Hearts, 2Spades.
P1 2Clubs P2 AClubs P3 KClubs P0 QClubs 
P2 2Diamonds P3 3Diamonds P0 ADiamonds P1 6Diamonds 
P0 7Clubs P1 3Clubs P2 6Clubs P3 2Spades 
P3 2Hearts P0 KHearts P1 JHearts P2 4Hearts 
P0 QHearts P1 4Clubs P2 5Diamonds P3 AHearts 
P3 3Hearts P0 4Diamonds P1 5Clubs P2 5Spades 
P2 6Spades P3 5Hearts P0 4Spades P1 3Spades 
P2 JSpades P3 6Hearts P0 QSpades P1 KSpades 
P1 JDiamonds P2 7Spades P3 7Diamonds P0 KDiamonds 
P2 ASpades P3 7Hearts P0 QDiamonds P1 JClubs 
-- /GAME --
P0 HAND: 6Diamonds, 5Diamonds, AClubs, AHearts, 4Hearts, 3Hearts, 2Hearts, 5Spades, 3Spades, 2Spades.
P1 HAND: KDiamonds, 4Diamonds, 7Clubs, KClubs, QClubs, 4Clubs, 3Clubs, KHearts, ASpades, QSpades.
P2 HAND: ADiamonds, JDiamonds, QDiamonds, 3Diamonds, 6Clubs, QHearts, 6Hearts, 7Spades, JSpades, 6Spades.
P3 HAND: 7Diamonds, 2Diamonds, JClubs, 5Clubs, 2Clubs, 7Hearts, JHearts, 5Hearts, KSpades, 4Spades.
P0 AHearts P1 KHearts P2 QHearts P3 5Hearts 
P0 2Hearts P1 4Diamonds P2 6Hearts P3 7Hearts 
P3 2Diamonds P0 5Diamonds P1 KDiamonds P2 ADiamonds 
P2 3Diamonds P3 7Diamonds P0 6Diamonds P1 ASpades 
P3 4Spades P0 5Spades P1 QSpades P2 7Spades 
P2 6Spades P3 KSpades P0 2Spades P1 3Clubs 
P1 4Clubs P2 6Clubs P3 2Clubs P0 AClubs 
P0 3Spades P1 QClubs P2 JSpades P3 JHearts 
P1 KClubs P2 QDiamonds P3 5Clubs P0 3Hearts 
P1 7Clubs P2 JDiamonds P3 JClubs P0 4Hearts 
-- /GAME --
P0 HAND: ADiamonds, 7Diamonds, 3Diamonds, 2Diamonds, AClubs, 7Clubs, 6Clubs, 2Clubs, 6Hearts, 2Hearts.
P1 HAND: 5Diamonds, 4Diamonds, QClubs, 5Clubs, KSpades, JSpades, 6Spades, 5Spades, 4Spades, 2Spades.
P2 HAND: QDiamonds, KClubs, JClubs, KHearts, JHearts, 5Hearts, 3Hearts, 7Spades, QSpades, 3Spades.
P3 HAND: KDiamonds, JDiamonds, 6Diamonds, 4Clubs, 3Clubs, AHearts, 7Hearts, QHearts, 4Hearts, ASpades.

