-- GAME --
P0 HAND: 6Diamonds, QClubs, 6Clubs, 5Clubs, QHearts, 6Hearts, 7Spades, JSpades, 6Spades, 2Spades.
P1 HAND: KDiamonds, QDiamonds, 5Diamonds, 3Diamonds, AClubs, 7Clubs, KClubs, KHearts, JHearts, 3Spades.
P2 HAND: 7Diamonds, 4Diamonds, 2Diamonds, 4Clubs, 3Clubs, AHearts, 7Hearts, ASpades, QSpades, 4Spades.
P3 HAND: ADiamonds, JDiamonds, JClubs, 2Clubs, 5Hearts, 4Hearts, 3Hearts, 2Hearts, KSpades, 5Spades.
P3 ADiamonds P0 6Diamonds P1 KDiamonds P2 2Diamonds 
P3 2Clubs P0 5Clubs P1 AClubs P2 3Clubs 
P1 3Diamonds P2 4Diamonds P3 JDiamonds P0 2Spades 
P3 5Spades P0 6Spades P1 3Spades P2 ASpades 
P2 4Clubs P3 JClubs P0 QClubs P1 7Clubs 
P1 5Diamonds P2 7Diamonds P3 2Hearts P0 QHearts 
P0 6Clubs P1 KClubs P2 4Spades P3 KSpades 
P1 QDiamonds P2 QSpades P3 3Hearts P0 6Hearts 
P0 JSpades P1 JHearts P2 7Hearts P3 4Hearts 
P2 AHearts P3 5Hearts P0 7Spades P1 KHearts 
-- /GAME --
P0 HAND: ADiamonds, 6Diamonds, 5Diamonds, KClubs, 3Clubs, 7Hearts, 6Hearts, 4Hearts, 3Hearts, 3Spades.
P1 HAND: KDiamonds, 7Clubs, QClubs, 5Clubs, 4Clubs, AHearts, 5Hearts, JSpades, QSpades, 5Spades.
P2 HAND: JDiamonds, QDiamonds, 3Diamonds, 2Diamonds, AClubs, JHearts, QHearts, 2Hearts, KSpades, 4Spades.
P3 HAND: 7Diamonds, 4Diamonds, JClubs, 6Clubs, 2Clubs, KHearts, ASpades, 7Spades, 6Spades, 2Spades.
P2 2Diamonds P3 4Diamonds P0 ADiamonds P1 KDiamonds 
P0 3Spades P1 5Spades P2 4Spades P3 ASpades 
P3 2Spades P0 5Diamonds P1 QSpades P2 KSpades 
P2 2Hearts P3 KHearts P0 6Hearts P1 AHearts 
P1 5Hearts P2 QHearts P3 6Spades P0 7Hearts 
P0 6Diamonds P1 4Clubs P2 3Diamonds P3 7Diamonds 
P1 JSpades P2 QDiamonds P3 7Spades P0 KClubs 
P0 3Hearts P1 5Clubs P2 JHearts P3 2Clubs 
P1 QClubs P2 AClubs P3 6Clubs P0 3Clubs 
P2 JDiamonds P3 JClubs P0 4Hearts P1 7Clubs 
-- /GAME --
P0 HAND: 6Diamonds, 3Diamonds, JClubs, 6Clubs, KHearts, JHearts, 2Hearts, ASpades, KSpades, 4Spades.
P1 HAND: 7Diamonds, KDiamonds, QClubs, 5Clubs, 3Clubs, 2Clubs, QHearts, 3Hearts, 6Spades, 5Spades.
P2 HAND: JDiamonds, QDiamonds, 4Diamonds, 2Diamonds, AClubs, 4Hearts, JSpades, QSpades, 3Spades, 2Spades.
P3 HAND: ADiamonds, 5Diamonds, 7Clubs, KClubs, 4Clubs, AHearts, 7Hearts, 6Hearts, 5Hearts, 7Spades.
P1 3Hearts P2 4Hearts P3 AHearts P0 2Hearts 
P3 ADiamonds P0 3Diamonds P1 7Diamonds P2 2Diamonds 
P3 5Diamonds P0 6Diamonds P1 KDiamonds P2 4Diamonds 
P1 5Spades P2 2Spades P3 7Spades P0 ASpades 
P0 JHearts P1 QHearts P2 AClubs P3 5Hearts 
P2 3Spades P3 6Hearts P0 KSpades P1 6Spades 
P0 KHearts P1 2Clubs P2 QDiamonds P3 7Hearts 
P1 3Clubs P2 QSpades P3 4Clubs P0 JClubs 
P0 4Spades P1 5Clubs P2 JSpades P3 KClubs 
P3 7Clubs P0 6Clubs P1 QClubs P2 JDiamonds 
-- /GAME --
P0 HAND: 7Diamonds, 5Diamonds, 4Diamonds, 5Clubs, 6Hearts, 5Hearts, 3Hearts, JSpades, QSpades, 5Spades.
P1 HAND: JDiamonds, 3Diamonds, KClubs, JHearts, QHearts, 4Hearts, 2Hearts, ASpades, KSpades, 6Spades.
P2 HAND: ADiamonds, KDiamonds, QDiamonds, 2Diamonds, 4Clubs, 3Clubs, 7Hearts, KHearts, 7Spades, 2Spades.
P3 HAND: 6Diamonds, AClubs, 7Clubs, JClubs, QClubs, 6Clubs, 2Clubs, AHearts, 4Spades, 3Spades.
P0 5Clubs P1 KClubs P2 3Clubs P3 AClubs 
P3 2Clubs P0 4Diamonds P1 3Diamonds P2 4Clubs 
P2 2Diamonds P3 6Diamonds P0 5Diamonds P1 JDiamonds 
P1 ASpades P2 2Spades P3 4Spades P0 5Spades 
P1 6Spades P2 7Spades P3 3Spades P0 JSpades 
P2 QDiamonds P3 6Clubs P0 7Diamonds P1 2Hearts 
P1 4Hearts P2 KHearts P3 AHearts P0 3Hearts 
P3 QClubs P0 QSpades P1 QHearts P2 7Hearts 
P2 KDiamonds P3 JClubs P0 6Hearts P1 JHearts 
P1 KSpades P2 ADiamonds P3 7Clubs P0 5Hearts 
-- /GAME --
P0 HAND: 7Clubs, AHearts, QHearts, 3Hearts, ASpades, KSpades, JSpades, QSpades, 4Spades, 2Spades.
P1 HAND: 7Diamonds, 4Diamonds, KClubs, 6Clubs, 3Clubs, 2Clubs, KHearts, 2Hearts, 6Spades, 3Spades.
P2 HAND: KDiamonds, 5Diamonds, 3Diamonds, 2Diamonds, AClubs, JClubs, 5Clubs, 7Hearts, JHearts, 4Hearts.
P3 HAND: ADiamonds, JDiamonds, QDiamonds, 6Diamonds, QClubs, 4Clubs, 6Hearts, 5Hearts, 7Spades, 5Spades.
P3 4Clubs P0 7Clubs P1 2Clubs P2 AClubs 
P2 4Hearts P3 5Hearts P0 AHearts P1 2Hearts 
P0 3Hearts P1 KHearts P2 7Hearts P3 6Hearts 
P2 5Clubs P3 QClubs P0 2Spades P1 KClubs 
P1 3Clubs P2 JClubs P3 5Spades P0 ASpades 
P2 JHearts P3 6Diamonds P0 QHearts P1 6Clubs 
P3 7Spades P0 4Spades P1 6Spades P2 2Diamonds 
P2 3Diamonds P3 QDiamonds P0 QSpades P1 4Diamonds 
P3 JDiamonds P0 JSpades P1 7Diamonds P2 5Diamonds 
P1 3Spades P2 KDiamonds P3 ADiamonds P0 KSpades 
-- /GAME --
P0 HAND: 7Diamonds, 5Diamonds, 2Diamonds, 7Clubs, 4Clubs, QHearts, 4Hearts, ASpades, 7Spades, QSpades.
P1 HAND: KDiamonds, JDiamonds, 4Diamonds, 6Clubs, 2Clubs, 7Hearts, 5Hearts, 6Spades, 3Spades, 2Spades.
P2 HAND: QDiamonds, 6Diamonds, AClubs, KClubs, QClubs, 5Clubs, AHearts, KHearts, 3Hearts, 5Spades.
P3 HAND: ADiamonds, 3Diamonds, JClubs, 3Clubs, JHearts, 6Hearts, 2Hearts, KSpades, JSpades, 4Spades.
P2 AClubs P3 3Clubs P0 7Clubs P1 2Clubs 
P2 AHearts P3 2Hearts P0 QHearts P1 5Hearts 
P2 3Hearts P3 6Hearts P0 4Hearts P1 7Hearts 
P1 2Spades P2 5Spades P3 4Spades P0 7Spades 
P0 ASpades P1 3Spades P2 KClubs P3 JSpades 
P0 4Clubs P1 6Clubs P2 5Clubs P3 JClubs 
P3 JHearts P0 7Diamonds P1 6Spades P2 KHearts 
P0 QSpades P1 4Diamonds P2 QClubs P3 KSpades 
P1 JDiamonds P2 6Diamonds P3 3Diamonds P0 2Diamonds 
P1 KDiamonds P2 QDiamonds P3 ADiamonds P0 5Diamonds 
-- /GAME --
P0 HAND: 5Diamonds, 6Clubs, 4Clubs, 2Clubs, QHearts, 5Hearts, 2Hearts, QSpades, 4Spades, 3Spades.
P1 HAND: 7Diamonds, JDiamonds, AClubs, QClubs, 5Clubs, 7Hearts, JHearts, 6Hearts, ASpades, 7Spades.
P2 HAND: ADiamonds, KDiamonds, 4Diamonds, 7Clubs, JClubs, AHearts, 3Hearts, KSpades, 5Spades, 2Spades.
P3 HAND: QDiamonds, 6Diamonds, 3Diamonds, 2Diamonds, KClubs, 3Clubs, KHearts, 4Hearts, JSpades, 6Spades.
P2 AHearts P3 4Hearts P0 QHearts P1 6Hearts 
P2 2Spades P3 6Spades P0 4Spades P1 ASpades 
P1 AClubs P2 JClubs P3 KClubs P0 2Clubs 
P1 5Clubs P2 7Clubs P3 3Clubs P0 6Clubs 
P2 3Hearts P3 KHearts P0 2Hearts P1 7Hearts 
P1 QClubs P2 5Spades P3 2Diamonds P0 4Clubs 
P3 JSpades P0 3Spades P1 7Spades P2 KSpades 
P1 JHearts P2 4Diamonds P3 3Diamonds P0 5Hearts 
P2 KDiamonds P3 6Diamonds P0 5Diamonds P1 JDiamonds 
P2 ADiamonds P3 QDiamonds P0 QSpades P1 7Diamonds 
-- /GAME --
P0 HAND: JDiamonds, QDiamonds, 2Diamonds, AClubs, KClubs, JClubs, 6Clubs, 2Clubs, AHearts, JHearts.
P1 HAND: KDiamonds, 4Diamonds, 4Clubs, 7Hearts, 2Hearts, ASpades, 7Spades, QSpades, 5Spades, 3Spades.
P2 HAND: ADiamonds, 7Diamonds, 3Diamonds, QClubs, QHearts, 6Hearts, 5Hearts, 6Spades, 4Spades, 2Spades.
P3 HAND: 6Diamonds, 5Diamonds, 7Clubs, 5Clubs, 3Clubs, KHearts, 4Hearts, 3Hearts, KSpades, JSpades.
P1 2Hearts P2 5Hearts P3 3Hearts P0 AHearts 
P0 JHearts P1 7Hearts P2 6Hearts P3 KHearts 
P1 3Spades P2 2Spades P3 JSpades P0 2Clubs 
P3 3Clubs P0 AClubs P1 4Clubs P2 QClubs 
P0 6Clubs P1 5Spades P2 4Spades P3 7Clubs 
P3 4Hearts P0 2Diamonds P1 QSpades P2 QHearts 
P0 JClubs P1 4Diamonds P2 6Spades P3 5Clubs 
P1 KDiamonds P2 3Diamonds P3 5Diamonds P0 QDiamonds 
P1 7Spades P2 7Diamonds P3 KSpades P0 KClubs 
P2 ADiamonds P3 6Diamonds P0 JDiamonds P1 ASpades 
-- /GAME --
P0 HAND: JDiamonds, QDiamonds, KClubs, 3Clubs, QHearts, 4Hearts, 7Spades, 6Spades, 5Spades, 2Spades.
P1 HAND: KDiamonds, 6Diamonds, 7Clubs, 7Hearts, KHearts, 5Hearts, 3Hearts, QSpades, 4Spades, 3Spades.
P2 HAND: 5Diamonds, 3Diamonds, QClubs, 5Clubs, 4Clubs, AHearts, JHearts, 6Hearts, ASpades, JSpades.
P3 HAND: ADiamonds, 7Diamonds, 4Diamonds, 2Diamonds, AClubs, JClubs, 6Clubs, 2Clubs, 2Hearts, KSpades.
P0 4Hearts P1 3Hearts P2 AHearts P3 2Hearts 
P2 ASpades P3 KSpades P0 7Spades P1 3Spades 
P2 4Clubs P3 AClubs P0 3Clubs P1 7Clubs 
P3 2Clubs P0 KClubs P1 4Spades P2 QClubs 
P0 2Spades P1 QSpades P2 JSpades P3 2Diamonds 
P3 6Clubs P0 5Spades P1 5Hearts P2 5Clubs 
P3 JClubs P0 6Spades P1 6Diamonds P2 6Hearts 
P1 KDiamonds P2 3Diamonds P3 4Diamonds P0 QDiamonds 
P1 KHearts P2 JHearts P3 7Diamonds P0 QHearts 
P3 ADiamonds P0 JDiamonds P1 7Hearts P2 5Diamonds 
-- /GAME --

