-- GAME --
P0 HAND: KDiamonds, QDiamonds, 6Diamonds, 3Diamonds, AClubs, QHearts, 6Hearts, 7Spades, 6Spades, 4Spades.
P1 HAND: KClubs, QClubs, 4Clubs, AHearts, KHearts, 3Hearts, ASpades, JSpades, 3Spades, 2Spades.
P2 HAND: ADiamonds, 5Diamonds, 6Clubs, 5Clubs, 3Clubs, JHearts, 5Hearts, 4Hearts, 2Hearts, 5Spades.
P3 HAND: 7Diamonds, JDiamonds, 4Diamonds, 2Diamonds, 7Clubs, JClubs, 2Clubs, 7Hearts, KSpades, QSpades.
P2 ADiamonds P3 2Diamonds P0 KDiamonds P1 4Clubs 
P1 AHearts P2 2Hearts P3 7Hearts P0 6Hearts 
P1 ASpades P2 5Spades P3 KSpades P0 4Spades 
P1 2Spades P2 4Hearts P3 QSpades P0 7Spades 
P0 3Diamonds P1 3Hearts P2 5Diamonds P3 7Diamonds 
P3 4Diamonds P0 QDiamonds P1 3Spades P2 JHearts 
P0 6Spades P1 JSpades P2 5Hearts P3 JDiamonds 
P1 QClubs P2 3Clubs P3 2Clubs P0 AClubs 
P0 QHearts P1 KHearts P2 5Clubs P3 JClubs 
P3 7Clubs P0 6Diamonds P1 KClubs P2 6Clubs 
-- /GAME --
P0 HAND: AClubs, KClubs, 2Clubs, AHearts, KHearts, 3Hearts, 7Spades, JSpades, 5Spades, 4Spades.
P1 HAND: QDiamonds, 6Diamonds, 5Diamonds, 4Diamonds, 2Diamonds, QClubs, 6Hearts, 2Hearts, ASpades, QSpades.
P2 HAND: KDiamonds, 3Diamonds, JClubs, 6Clubs, 7Hearts, JHearts, QHearts, 6Spades, 3Spades, 2Spades.
P3 HAND: ADiamonds, 7Diamonds, JDiamonds, 7Clubs, 5Clubs, 4Clubs, 3Clubs, 5Hearts, 4Hearts, KSpades.
P1 ASpades P2 2Spades P3 KSpades P0 4Spades 
P1 2Diamonds P2 3Diamonds P3 ADiamonds P0 3Hearts 
P0 AClubs P1 QClubs P2 JClubs P3 3Clubs 
P0 2Clubs P1 4Diamonds P2 6Clubs P3 7Clubs 
P3 4Clubs P0 KClubs P1 5Diamonds P2 KDiamonds 
P0 7Spades P1 QSpades P2 6Spades P3 4Hearts 
P3 5Clubs P0 5Spades P1 6Diamonds P2 3Spades 
P3 JDiamonds P0 JSpades P1 QDiamonds P2 QHearts 
P2 JHearts P3 5Hearts P0 KHearts P1 2Hearts 
P0 AHearts P1 6Hearts P2 7Hearts P3 7Diamonds 
-- /GAME --
P0 HAND: 7Diamonds, 6Diamonds, 5Diamonds, 7Clubs, KClubs, 6Clubs, 7Hearts, QHearts, 6Hearts, KSpades.
P1 HAND: ADiamonds, 4Diamonds, 3Diamonds, 5Clubs, 3Clubs, AHearts, 4Hearts, 7Spades, QSpades, 3Spades.
P2 HAND: KDiamonds, QDiamonds, AClubs, JClubs, 4Clubs, 2Clubs, KHearts, 5Hearts, 6Spades, 4Spades.
P3 HAND: JDiamonds, 2Diamonds, QClubs, JHearts, 3Hearts, 2Hearts, ASpades, JSpades, 5Spades, 2Spades.
P0 6Hearts P1 4Hearts P2 5Hearts P3 2Hearts 
P0 QHearts P1 AHearts P2 KHearts P3 3Hearts 
P1 ADiamonds P2 QDiamonds P3 JDiamonds P0 5Diamonds 
P1 3Diamonds P2 KDiamonds P3 2Diamonds P0 7Diamonds 
P0 KSpades P1 3Spades P2 4Spades P3 ASpades 
P3 2Spades P0 6Clubs P1 7Spades P2 6Spades 
P1 3Clubs P2 AClubs P3 QClubs P0 7Clubs 
P2 2Clubs P3 5Spades P0 KClubs P1 5Clubs 
P0 6Diamonds P1 4Diamonds P2 4Clubs P3 JHearts 
P3 JSpades P0 7Hearts P1 QSpades P2 JClubs 
-- /GAME --

