-- GAME --
P0 HAND: KDiamonds, 5Diamonds, 4Diamonds, AClubs, 3Clubs, 7Hearts, 5Hearts, ASpades, 4Spades, 3Spades.
P1 HAND: 7Diamonds, 3Diamonds, 7Clubs, 4Clubs, 2Clubs, AHearts, QHearts, 6Hearts, 6Spades, 2Spades.
P2 HAND: 2Diamonds, KClubs, QClubs, 6Clubs, KHearts, JHearts, 3Hearts, 7Spades, JSpades, QSpades.
P3 HAND: ADiamonds, JDiamonds, QDiamonds, 6Diamonds, JClubs, 5Clubs, 4Hearts, 2Hearts, KSpades, 5Spades.
P2 2Diamonds P3 ADiamonds P0 4Diamonds P1 7Diamonds 
P3 2Hearts P0 5Hearts P1 AHearts P2 3Hearts 
P1 2Spades P2 QSpades P3 5Spades P0 ASpades 
P0 3Spades P1 6Spades P2 7Spades P3 KSpades 
P2 JHearts P3 4Hearts P0 7Hearts P1 6Hearts 
P0 KDiamonds P1 3Diamonds P2 KHearts P3 6Diamonds 
P0 AClubs P1 2Clubs P2 6Clubs P3 5Clubs 
P0 3Clubs P1 4Clubs P2 QClubs P3 JClubs 
P3 QDiamonds P0 5Diamonds P1 QHearts P2 KClubs 
P2 JSpades P3 JDiamonds P0 4Spades P1 7Clubs 
-- /GAME --
P0 HAND: 4Diamonds, 3Diamonds, 6Clubs, 5Clubs, 3Clubs, AHearts, 7Hearts, QHearts, 7Spades, JSpades.
P1 HAND: 7Clubs, JClubs, QClubs, 2Clubs, JHearts, 4Hearts, 2Hearts, 6Spades, 5Spades, 4Spades.
P2 HAND: ADiamonds, 7Diamonds, JDiamonds, QDiamonds, AClubs, KHearts, 5Hearts, 3Hearts, QSpades, 2Spades.
P3 HAND: KDiamonds, 6Diamonds, 5Diamonds, 2Diamonds, KClubs, 4Clubs, 6Hearts, ASpades, KSpades, 3Spades.
P1 2Hearts P2 3Hearts P3 6Hearts P0 AHearts 
P0 3Diamonds P1 4Hearts P2 ADiamonds P3 2Diamonds 
P2 2Spades P3 ASpades P0 JSpades P1 6Spades 
P3 3Spades P0 7Spades P1 4Spades P2 QSpades 
P0 7Hearts P1 JHearts P2 5Hearts P3 4Clubs 
P3 5Diamonds P0 4Diamonds P1 5Spades P2 7Diamonds 
P2 QDiamonds P3 6Diamonds P0 3Clubs P1 2Clubs 
P0 5Clubs P1 QClubs P2 AClubs P3 KClubs 
P2 JDiamonds P3 KDiamonds P0 6Clubs P1 JClubs 
P1 7Clubs P2 KHearts P3 KSpades P0 QHearts 
-- /GAME --
P0 HAND: ADiamonds, QDiamonds, 6Diamonds, JClubs, QClubs, 2Clubs, 7Hearts, 6Hearts, 3Hearts, 4Spades.
P1 HAND: JDiamonds, 5Diamonds, 3Diamonds, AClubs, 4Clubs, 4Hearts, ASpades, JSpades, 3Spades, 2Spades.
P2 HAND: 7Diamonds, 4Diamonds, KClubs, 6Clubs, 5Clubs, AHearts, KHearts, QHearts, KSpades, QSpades.
P3 HAND: KDiamonds, 2Diamonds, 7Clubs, 3Clubs, JHearts, 5Hearts, 2Hearts, 7Spades, 6Spades, 5Spades.

