-- GAME --
P0 HAND: 7Diamonds, 5Diamonds, 3Diamonds, AClubs, JClubs, 5Clubs, 3Clubs, 2Clubs, 6Hearts, JSpades.
P1 HAND: ADiamonds, JDiamonds, QDiamonds, 2Diamonds, KClubs, 6Clubs, 4Clubs, QHearts, 3Hearts, 4Spades.
P2 HAND: KDiamonds, 6Diamonds, 7Clubs, JHearts, 4Hearts, ASpades, 6Spades, 5Spades, 3Spades, 2Spades.
P3 HAND: 4Diamonds, QClubs, AHearts, 7Hearts, KHearts, 5Hearts, 2Hearts, 7Spades, KSpades, QSpades.
P0 JSpades P1 4Spades P2 ASpades P3 QSpades 
P2 2Spades P3 KSpades P0 6Hearts P1 2Diamonds 
P0 AClubs P1 4Clubs P2 7Clubs P3 QClubs 
P0 3Diamonds P1 ADiamonds P2 6Diamonds P3 4Diamonds 
P1 6Clubs P2 3Spades P3 2Hearts P0 2Clubs 
P3 5Hearts P0 3Clubs P1 3Hearts P2 4Hearts 
P3 KHearts P0 5Clubs P1 QHearts P2 JHearts 
P3 7Hearts P0 5Diamonds P1 QDiamonds P2 5Spades 
P3 AHearts P0 JClubs P1 JDiamonds P2 6Spades 
P3 7Spades P0 7Diamonds P1 KClubs P2 KDiamonds 
-- /GAME --
P0 HAND: KDiamonds, 6Diamonds, 3Diamonds, 4Clubs, 2Clubs, AHearts, KHearts, 4Hearts, 2Hearts, JSpades.
P1 HAND: JDiamonds, 2Diamonds, KClubs, JHearts, QHearts, ASpades, 7Spades, QSpades, 6Spades, 2Spades.
P2 HAND: QDiamonds, 7Clubs, JClubs, 5Clubs, 3Clubs, 5Hearts, 3Hearts, KSpades, 5Spades, 3Spades.
P3 HAND: ADiamonds, 7Diamonds, 5Diamonds, 4Diamonds, AClubs, QClubs, 6Clubs, 7Hearts, 6Hearts, 4Spades.
P3 ADiamonds P0 3Diamonds P1 JDiamonds P2 QDiamonds 
P3 AClubs P0 2Clubs P1 KClubs P2 3Clubs 
P3 4Diamonds P0 KDiamonds P1 2Diamonds P2 7Clubs 
P0 4Clubs P1 QHearts P2 JClubs P3 6Clubs 
P2 3Hearts P3 6Hearts P0 AHearts P1 JHearts 
P0 6Diamonds P1 2Spades P2 5Clubs P3 7Diamonds 
P1 6Spades P2 3Spades P3 4Spades P0 JSpades 
P0 4Hearts P1 QSpades P2 5Hearts P3 7Hearts 
P1 7Spades P2 5Spades P3 5Diamonds P0 2Hearts 
P1 ASpades P2 KSpades P3 QClubs P0 KHearts 
-- /GAME --
P0 HAND: 6Diamonds, 4Diamonds, KClubs, 2Clubs, 7Hearts, 6Hearts, 4Hearts, KSpades, 6Spades, 5Spades.
P1 HAND: 7Diamonds, 3Diamonds, JClubs, 6Clubs, 4Clubs, AHearts, JHearts, 3Hearts, 2Hearts, 4Spades.
P2 HAND: JDiamonds, QDiamonds, AClubs, 7Clubs, QClubs, 5Clubs, 3Clubs, KHearts, QHearts, ASpades.
P3 HAND: ADiamonds, KDiamonds, 5Diamonds, 2Diamonds, 5Hearts, 7Spades, JSpades, QSpades, 3Spades, 2Spades.
P2 ASpades P3 2Spades P0 KSpades P1 4Spades 
P2 QDiamonds P3 ADiamonds P0 4Diamonds P1 7Diamonds 
P3 2Diamonds P0 6Diamonds P1 3Diamonds P2 JDiamonds 
P2 QHearts P3 5Hearts P0 4Hearts P1 AHearts 
P1 2Hearts P2 KHearts P3 3Spades P0 7Hearts 
P0 6Hearts P1 3Hearts P2 3Clubs P3 5Diamonds 
P2 5Clubs P3 QSpades P0 KClubs P1 4Clubs 
P0 6Spades P1 6Clubs P2 QClubs P3 JSpades 
P2 7Clubs P3 KDiamonds P0 2Clubs P1 JClubs 
P2 AClubs P3 7Spades P0 5Spades P1 JHearts 
-- /GAME --
P0 HAND: 7Clubs, KClubs, QClubs, 5Clubs, 2Clubs, 7Hearts, 5Hearts, 3Hearts, 2Hearts, 7Spades.
P1 HAND: ADiamonds, QDiamonds, 4Diamonds, AClubs, AHearts, QHearts, KSpades, JSpades, QSpades, 6Spades.
P2 HAND: KDiamonds, JDiamonds, 3Diamonds, 2Diamonds, JClubs, 3Clubs, JHearts, ASpades, 4Spades, 2Spades.
P3 HAND: 7Diamonds, 6Diamonds, 5Diamonds, 6Clubs, 4Clubs, KHearts, 6Hearts, 4Hearts, 5Spades, 3Spades.
P1 ADiamonds P2 2Diamonds P3 7Diamonds P0 QClubs 
P0 2Clubs P1 AClubs P2 3Clubs P3 4Clubs 
P1 AHearts P2 JHearts P3 KHearts P0 2Hearts 
P1 4Diamonds P2 3Diamonds P3 5Diamonds P0 3Hearts 
P3 3Spades P0 7Spades P1 6Spades P2 ASpades 
P2 2Spades P3 5Spades P0 5Clubs P1 QSpades 
P0 7Clubs P1 QDiamonds P2 JClubs P3 6Clubs 
P0 KClubs P1 QHearts P2 4Spades P3 4Hearts 
P0 7Hearts P1 JSpades P2 KDiamonds P3 6Hearts 
P0 5Hearts P1 KSpades P2 JDiamonds P3 6Diamonds 
-- /GAME --
P0 HAND: KDiamonds, 6Diamonds, KClubs, JClubs, QClubs, 3Clubs, 2Clubs, 7Hearts, 6Hearts, 5Spades.
P1 HAND: QDiamonds, AClubs, 4Clubs, KHearts, ASpades, 7Spades, JSpades, QSpades, 6Spades, 4Spades.
P2 HAND: JDiamonds, 2Diamonds, 6Clubs, 5Clubs, AHearts, QHearts, 4Hearts, KSpades, 3Spades, 2Spades.
P3 HAND: ADiamonds, 7Diamonds, 5Diamonds, 4Diamonds, 3Diamonds, 7Clubs, JHearts, 5Hearts, 3Hearts, 2Hearts.
P0 5Spades P1 4Spades P2 2Spades P3 2Hearts 
P0 2Clubs P1 AClubs P2 5Clubs P3 7Clubs 
P1 4Clubs P2 6Clubs P3 3Hearts P0 KClubs 
P0 JClubs P1 6Spades P2 3Spades P3 5Hearts 
P0 QClubs P1 QSpades P2 4Hearts P3 3Diamonds 
P3 JHearts P0 7Hearts P1 KHearts P2 AHearts 
P2 QHearts P3 4Diamonds P0 6Hearts P1 ASpades 
P3 5Diamonds P0 KDiamonds P1 QDiamonds P2 2Diamonds 
P0 3Clubs P1 JSpades P2 JDiamonds P3 7Diamonds 
P3 ADiamonds P0 6Diamonds P1 7Spades P2 KSpades 
-- /GAME --
P0 HAND: ADiamonds, 7Diamonds, 6Diamonds, 7Clubs, 5Clubs, 4Clubs, 3Clubs, AHearts, QHearts, 6Hearts.
P1 HAND: KDiamonds, QDiamonds, 3Diamonds, 2Diamonds, QClubs, 4Hearts, 3Hearts, 2Hearts, KSpades, JSpades.
P2 HAND: JDiamonds, JClubs, KHearts, JHearts, 5Hearts, QSpades, 6Spades, 4Spades, 3Spades, 2Spades.
P3 HAND: 5Diamonds, 4Diamonds, AClubs, KClubs, 6Clubs, 2Clubs, 7Hearts, ASpades, 7Spades, 5Spades.
P3 AClubs P0 3Clubs P1 QClubs P2 JClubs 
P3 ASpades P0 4Clubs P1 KSpades P2 2Spades 
P3 2Clubs P0 7Clubs P1 2Hearts P2 5Hearts 
P2 3Spades P3 5Spades P0 5Clubs P1 JSpades 
P1 2Diamonds P2 JDiamonds P3 4Diamonds P0 ADiamonds 
P0 QHearts P1 3Hearts P2 JHearts P3 7Hearts 
P3 5Diamonds P0 7Diamonds P1 3Diamonds P2 QSpades 
P0 6Hearts P1 4Hearts P2 KHearts P3 6Clubs 
P2 4Spades P3 7Spades P0 AHearts P1 QDiamonds 
P0 6Diamonds P1 KDiamonds P2 6Spades P3 KClubs 
-- /GAME --
P0 HAND: QDiamonds, 6Clubs, KHearts, JHearts, 3Hearts, 2Hearts, ASpades, 7Spades, QSpades, 3Spades.
P1 HAND: ADiamonds, 4Diamonds, 7Clubs, KClubs, 3Clubs, 2Clubs, QHearts, JSpades, 6Spades, 2Spades.
P2 HAND: 7Diamonds, KDiamonds, 6Diamonds, AClubs, QClubs, 5Clubs, 7Hearts, 5Hearts, KSpades, 5Spades.
P3 HAND: JDiamonds, 5Diamonds, 3Diamonds, 2Diamonds, JClubs, 4Clubs, AHearts, 6Hearts, 4Hearts, 4Spades.

