-- GAME --
P0 HAND: 3Diamonds, 2Diamonds, AClubs, KClubs, QClubs, 4Clubs, 7Hearts, 3Hearts, 2Hearts, JSpades.
P1 HAND: ADiamonds, 6Diamonds, 6Clubs, 2Clubs, AHearts, KHearts, 5Hearts, KSpades, 5Spades, 3Spades.
P2 HAND: QDiamonds, 5Diamonds, 7Clubs, JClubs, 5Clubs, JHearts, QHearts, ASpades, 7Spades, 6Spades.
P3 HAND: 7Diamonds, KDiamonds, JDiamonds, 4Diamonds, 3Clubs, 6Hearts, 4Hearts, QSpades, 4Spades, 2Spades.
P0 AClubs P1 2Clubs P2 7Clubs P3 3Clubs 
P0 JSpades P1 3Spades P2 ASpades P3 2Spades 
P2 5Clubs P3 4Hearts P0 KClubs P1 6Clubs 
P0 2Hearts P1 AHearts P2 QHearts P3 6Hearts 
P1 5Hearts P2 JHearts P3 4Spades P0 7Hearts 
P0 QClubs P1 5Spades P2 JClubs P3 4Diamonds 
P3 QSpades P0 2Diamonds P1 KSpades P2 7Spades 
P0 3Diamonds P1 6Diamonds P2 5Diamonds P3 JDiamonds 
P3 KDiamonds P0 4Clubs P1 ADiamonds P2 QDiamonds 
P1 KHearts P2 6Spades P3 7Diamonds P0 3Hearts 
-- /GAME --
P0 HAND: ADiamonds, 7Diamonds, KDiamonds, 3Diamonds, 2Diamonds, KClubs, QClubs, 2Clubs, 3Hearts, 5Spades.
P1 HAND: QDiamonds, 4Diamonds, AClubs, 4Clubs, AHearts, 7Hearts, KHearts, JHearts, 5Hearts, JSpades.
P2 HAND: JDiamonds, 7Clubs, 5Clubs, QHearts, 7Spades, KSpades, QSpades, 6Spades, 4Spades, 3Spades.
P3 HAND: 6Diamonds, 5Diamonds, JClubs, 6Clubs, 3Clubs, 6Hearts, 4Hearts, 2Hearts, ASpades, 2Spades.
P3 ASpades P0 5Spades P1 JSpades P2 3Spades 
P3 2Hearts P0 3Hearts P1 AHearts P2 QHearts 
P1 AClubs P2 5Clubs P3 JClubs P0 2Clubs 
P1 4Clubs P2 7Clubs P3 3Clubs P0 QClubs 
P2 4Spades P3 2Spades P0 2Diamonds P1 5Hearts 
P0 ADiamonds P1 4Diamonds P2 JDiamonds P3 5Diamonds 
P0 7Diamonds P1 QDiamonds P2 7Spades P3 6Diamonds 
P0 KDiamonds P1 JHearts P2 6Spades P3 4Hearts 
P0 3Diamonds P1 KHearts P2 QSpades P3 6Clubs 
P0 KClubs P1 7Hearts P2 KSpades P3 6Hearts 
-- /GAME --
P0 HAND: JDiamonds, 4Diamonds, KClubs, QHearts, 5Hearts, 4Hearts, JSpades, 5Spades, 4Spades, 3Spades.
P1 HAND: ADiamonds, 6Diamonds, JClubs, QClubs, 6Clubs, 4Clubs, 3Clubs, 2Clubs, QSpades, 2Spades.
P2 HAND: 7Diamonds, KDiamonds, QDiamonds, 3Diamonds, 5Clubs, AHearts, 7Hearts, KHearts, 2Hearts, 7Spades.
P3 HAND: 5Diamonds, 2Diamonds, AClubs, 7Clubs, JHearts, 6Hearts, 3Hearts, ASpades, KSpades, 6Spades.
P2 AHearts P3 3Hearts P0 QHearts P1 2Clubs 
P1 ADiamonds P2 3Diamonds P3 5Diamonds P0 4Diamonds 
P1 2Spades P2 7Spades P3 ASpades P0 3Spades 
P3 2Diamonds P0 JDiamonds P1 6Diamonds P2 7Diamonds 
P2 2Hearts P3 6Hearts P0 4Hearts P1 QSpades 
P3 6Spades P0 JSpades P1 3Clubs P2 QDiamonds 
P1 4Clubs P2 5Clubs P3 7Clubs P0 KClubs 
P3 JHearts P0 5Hearts P1 6Clubs P2 KHearts 
P1 QClubs P2 KDiamonds P3 AClubs P0 4Spades 
P3 KSpades P0 5Spades P1 JClubs P2 7Hearts 
-- /GAME --
P0 HAND: JDiamonds, 6Diamonds, 4Diamonds, 7Clubs, QClubs, 6Clubs, 4Clubs, 5Hearts, 2Hearts, 3Spades.
P1 HAND: 7Diamonds, KHearts, 6Hearts, 4Hearts, 3Hearts, ASpades, 7Spades, QSpades, 6Spades, 2Spades.
P2 HAND: ADiamonds, 5Diamonds, KClubs, JClubs, 2Clubs, JHearts, QHearts, KSpades, 5Spades, 4Spades.
P3 HAND: KDiamonds, QDiamonds, 3Diamonds, 2Diamonds, AClubs, 5Clubs, 3Clubs, AHearts, 7Hearts, JSpades.
P1 2Spades P2 4Spades P3 JSpades P0 3Spades 
P3 AClubs P0 4Clubs P1 ASpades P2 2Clubs 
P3 AHearts P0 2Hearts P1 KHearts P2 QHearts 
P3 3Clubs P0 6Clubs P1 3Hearts P2 KClubs 
P2 5Spades P3 5Clubs P0 5Hearts P1 7Spades 
P1 4Hearts P2 JHearts P3 7Hearts P0 JDiamonds 
P0 4Diamonds P1 7Diamonds P2 ADiamonds P3 2Diamonds 
P2 JClubs P3 3Diamonds P0 QClubs P1 QSpades 
P3 QDiamonds P0 6Diamonds P1 6Hearts P2 5Diamonds 
P3 KDiamonds P0 7Clubs P1 6Spades P2 KSpades 
-- /GAME --
P0 HAND: QDiamonds, 2Diamonds, 7Clubs, 5Clubs, 3Clubs, 2Hearts, JSpades, 6Spades, 5Spades, 4Spades.
P1 HAND: KDiamonds, 5Diamonds, KClubs, JClubs, QClubs, 7Hearts, QHearts, 4Hearts, 7Spades, QSpades.
P2 HAND: AClubs, 6Clubs, 4Clubs, AHearts, KHearts, 6Hearts, 3Hearts, ASpades, KSpades, 3Spades.
P3 HAND: ADiamonds, 7Diamonds, JDiamonds, 6Diamonds, 4Diamonds, 3Diamonds, 2Clubs, JHearts, 5Hearts, 2Spades.
P0 2Hearts P1 4Hearts P2 AHearts P3 5Hearts 
P2 ASpades P3 2Spades P0 JSpades P1 QSpades 
P2 3Hearts P3 JHearts P0 3Clubs P1 QHearts 
P0 2Diamonds P1 5Diamonds P2 3Spades P3 ADiamonds 
P3 3Diamonds P0 QDiamonds P1 KDiamonds P2 4Clubs 
P2 6Hearts P3 4Diamonds P0 4Spades P1 7Hearts 
P1 QClubs P2 6Clubs P3 2Clubs P0 7Clubs 
P0 5Spades P1 7Spades P2 KSpades P3 7Diamonds 
P1 JClubs P2 AClubs P3 6Diamonds P0 5Clubs 
P2 KHearts P3 JDiamonds P0 6Spades P1 KClubs 
-- /GAME --
P0 HAND: ADiamonds, QDiamonds, 4Diamonds, 3Diamonds, 2Diamonds, KClubs, JClubs, 4Clubs, 7Hearts, KSpades.
P1 HAND: JDiamonds, 7Clubs, 5Clubs, 2Clubs, QHearts, ASpades, QSpades, 6Spades, 5Spades, 3Spades.
P2 HAND: KDiamonds, 6Diamonds, AClubs, QClubs, 6Clubs, 6Hearts, 5Hearts, 2Hearts, JSpades, 4Spades.
P3 HAND: 7Diamonds, 5Diamonds, 3Clubs, AHearts, KHearts, JHearts, 4Hearts, 3Hearts, 7Spades, 2Spades.
P3 2Spades P0 KSpades P1 ASpades P2 4Spades 
P1 2Clubs P2 AClubs P3 3Clubs P0 KClubs 
P2 2Hearts P3 AHearts P0 7Hearts P1 QHearts 
P3 3Hearts P0 4Clubs P1 3Spades P2 6Hearts 
P2 5Hearts P3 4Hearts P0 JClubs P1 5Clubs 
P2 6Clubs P3 5Diamonds P0 QDiamonds P1 7Clubs 
P0 2Diamonds P1 JDiamonds P2 6Diamonds P3 7Diamonds 
P3 JHearts P0 3Diamonds P1 5Spades P2 JSpades 
P0 ADiamonds P1 6Spades P2 KDiamonds P3 KHearts 
P0 4Diamonds P1 QSpades P2 QClubs P3 7Spades 
-- /GAME --
P0 HAND: ADiamonds, 7Clubs, QClubs, 4Clubs, AHearts, KHearts, QHearts, 4Hearts, JSpades, 3Spades.
P1 HAND: KDiamonds, AClubs, JClubs, 6Clubs, JHearts, 5Hearts, 2Hearts, ASpades, 7Spades, 6Spades.
P2 HAND: 7Diamonds, QDiamonds, 2Diamonds, 3Clubs, 2Clubs, 7Hearts, 3Hearts, KSpades, 5Spades, 4Spades.
P3 HAND: JDiamonds, 6Diamonds, 5Diamonds, 4Diamonds, 3Diamonds, KClubs, 5Clubs, 6Hearts, QSpades, 2Spades.
P2 2Diamonds P3 3Diamonds P0 ADiamonds P1 KDiamonds 
P0 3Spades P1 6Spades P2 4Spades P3 2Spades 
P1 AClubs P2 2Clubs P3 KClubs P0 4Clubs 
P1 2Hearts P2 3Hearts P3 6Hearts P0 KHearts 
P0 JSpades P1 7Spades P2 5Spades P3 QSpades 
P1 5Hearts P2 7Hearts P3 4Diamonds P0 AHearts 
P0 QHearts P1 JHearts P2 KSpades P3 5Diamonds 
P2 3Clubs P3 5Clubs P0 7Clubs P1 6Clubs 
P0 4Hearts P1 ASpades P2 QDiamonds P3 JDiamonds 
P1 JClubs P2 7Diamonds P3 6Diamonds P0 QClubs 
-- /GAME --
P0 HAND: KDiamonds, KClubs, QClubs, 6Clubs, 6Hearts, 4Hearts, 3Hearts, KSpades, QSpades, 4Spades.
P1 HAND: QDiamonds, 5Diamonds, 4Clubs, 2Clubs, AHearts, 7Hearts, QHearts, ASpades, 7Spades, 2Spades.
P2 HAND: 7Diamonds, 4Diamonds, 3Diamonds, 2Diamonds, 7Clubs, JClubs, 3Clubs, 2Hearts, 5Spades, 3Spades.
P3 HAND: ADiamonds, JDiamonds, 6Diamonds, AClubs, 5Clubs, KHearts, JHearts, 5Hearts, JSpades, 6Spades.
P1 AHearts P2 2Hearts P3 KHearts P0 6Hearts 
P1 ASpades P2 3Spades P3 JSpades P0 4Spades 
P1 2Clubs P2 3Clubs P3 AClubs P0 6Clubs 
P3 5Clubs P0 KClubs P1 4Clubs P2 7Clubs 
P2 5Spades P3 6Spades P0 QSpades P1 7Spades 
P1 2Spades P2 2Diamonds P3 5Hearts P0 KSpades 
P2 JClubs P3 6Diamonds P0 QClubs P1 7Hearts 
P3 JHearts P0 4Hearts P1 QHearts P2 3Diamonds 
P2 4Diamonds P3 JDiamonds P0 KDiamonds P1 5Diamonds 
P0 3Hearts P1 QDiamonds P2 7Diamonds P3 ADiamonds 
-- /GAME --
P0 HAND: QDiamonds, 4Diamonds, 7Clubs, 6Clubs, 4Clubs, 2Clubs, ASpades, 7Spades, JSpades, 5Spades.
P1 HAND: 5Diamonds, 3Diamonds, 3Clubs, JHearts, QHearts, 6Hearts, 3Hearts, 2Hearts, 6Spades, 4Spades.
P2 HAND: 2Diamonds, AClubs, KClubs, JClubs, AHearts, 7Hearts, 5Hearts, KSpades, 3Spades, 2Spades.
P3 HAND: ADiamonds, 7Diamonds, KDiamonds, JDiamonds, 6Diamonds, QClubs, 5Clubs, KHearts, 4Hearts, QSpades.
P0 ASpades P1 4Spades P2 KSpades P3 QSpades 
P0 2Clubs P1 3Clubs P2 AClubs P3 5Clubs 
P2 AHearts P3 4Hearts P0 7Clubs P1 2Hearts 
P2 2Spades P3 QClubs P0 7Spades P1 6Spades 
P0 4Clubs P1 3Hearts P2 JClubs P3 6Diamonds 
P3 JDiamonds P0 4Diamonds P1 3Diamonds P2 2Diamonds 
P3 KDiamonds P0 QDiamonds P1 5Diamonds P2 3Spades 
P3 7Diamonds P0 6Clubs P1 6Hearts P2 5Hearts 
P3 ADiamonds P0 5Spades P1 QHearts P2 KClubs 
P3 KHearts P0 JSpades P1 JHearts P2 7Hearts 
-- /GAME --
P0 HAND: QDiamonds, 6Diamonds, 4Diamonds, 6Clubs, 7Hearts, QHearts, 6Hearts, 5Hearts, 2Hearts, JSpades.
P1 HAND: KDiamonds, JDiamonds, 3Diamonds, QClubs, 4Clubs, 4Hearts, 3Hearts, 7Spades, 6Spades, 3Spades.
P2 HAND: 7Diamonds, AClubs, JClubs, 5Clubs, AHearts, KHearts, JHearts, ASpades, QSpades, 5Spades.
P3 HAND: ADiamonds, 5Diamonds, 2Diamonds, 7Clubs, KClubs, 3Clubs, 2Clubs, KSpades, 4Spades, 2Spades.
P3 ADiamonds P0 4Diamonds P1 KDiamonds P2 7Diamonds 
P3 2Diamonds P0 QDiamonds P1 JDiamonds P2 5Spades 
P2 AClubs P3 2Clubs P0 6Clubs P1 4Clubs 
P2 AHearts P3 2Spades P0 2Hearts P1 4Hearts 
P3 3Clubs P0 JSpades P1 QClubs P2 JClubs 
P0 6Diamonds P1 3Diamonds P2 5Clubs P3 5Diamonds 
P0 5Hearts P1 3Hearts P2 JHearts P3 4Spades 
P3 KSpades P0 7Hearts P1 3Spades P2 ASpades 
P2 QSpades P3 KClubs P0 6Hearts P1 7Spades 
P1 6Spades P2 KHearts P3 7Clubs P0 QHearts 
-- /GAME --
P0 HAND: JDiamonds, 6Diamonds, 5Diamonds, 3Diamonds, AClubs, QClubs, AHearts, KHearts, 6Hearts, ASpades.
P1 HAND: ADiamonds, 4Diamonds, 2Diamonds, KClubs, 6Clubs, 3Clubs, JHearts, 2Hearts, 3Spades, 2Spades.
P2 HAND: 7Diamonds, 7Clubs, 4Clubs, 2Clubs, 7Hearts, 4Hearts, 3Hearts, 7Spades, 5Spades, 4Spades.
P3 HAND: KDiamonds, QDiamonds, JClubs, 5Clubs, QHearts, 5Hearts, KSpades, JSpades, QSpades, 6Spades.
P2 2Clubs P3 5Clubs P0 QClubs P1 KClubs 
P1 2Hearts P2 3Hearts P3 5Hearts P0 KHearts 
P0 5Diamonds P1 2Diamonds P2 7Diamonds P3 QDiamonds 
P2 4Clubs P3 JClubs P0 AClubs P1 3Clubs 
P0 3Diamonds P1 4Diamonds P2 4Hearts P3 KDiamonds 
P3 6Spades P0 ASpades P1 2Spades P2 7Spades 
P0 6Diamonds P1 ADiamonds P2 4Spades P3 KSpades 
P1 3Spades P2 5Spades P3 QSpades P0 6Hearts 
P3 QHearts P0 AHearts P1 JHearts P2 7Hearts 
P0 JDiamonds P1 6Clubs P2 7Clubs P3 JSpades 
-- /GAME --
P0 HAND: ADiamonds, 7Diamonds, 6Diamonds, 5Diamonds, 4Diamonds, 2Diamonds, 5Clubs, 5Spades, 4Spades, 3Spades.
P1 HAND: JDiamonds, 3Diamonds, AClubs, 7Clubs, KClubs, 7Hearts, KHearts, 6Hearts, 5Hearts, 6Spades.
P2 HAND: KDiamonds, JClubs, 4Clubs, 3Clubs, 2Clubs, AHearts, 4Hearts, 7Spades, KSpades, QSpades.
P3 HAND: QDiamonds, QClubs, 6Clubs, JHearts, QHearts, 3Hearts, 2Hearts, ASpades, JSpades, 2Spades.
P1 3Diamonds P2 KDiamonds P3 QDiamonds P0 ADiamonds 
P0 3Spades P1 6Spades P2 QSpades P3 ASpades 
P3 2Hearts P0 7Diamonds P1 5Hearts P2 AHearts 
P2 4Hearts P3 3Hearts P0 5Spades P1 7Hearts 
P1 6Hearts P2 2Clubs P3 QHearts P0 6Diamonds 
P2 3Clubs P3 6Clubs P0 5Clubs P1 KClubs 
P1 JDiamonds P2 4Clubs P3 2Spades P0 2Diamonds 
P2 JClubs P3 QClubs P0 4Diamonds P1 7Clubs 
P1 AClubs P2 KSpades P3 JHearts P0 5Diamonds 
P1 KHearts P2 7Spades P3 JSpades 
