-- GAME --
P0 HAND: JDiamonds, 6Diamonds, 3Diamonds, 6Clubs, 5Clubs, 4Hearts, 2Hearts, 6Spades, 3Spades, 2Spades.
P1 HAND: 4Diamonds, KClubs, JClubs, 3Clubs, 7Hearts, 6Hearts, 7Spades, QSpades, 5Spades, 4Spades.
P2 HAND: 5Diamonds, 2Diamonds, AClubs, 7Clubs, QClubs, 2Clubs, KHearts, QHearts, 3Hearts, KSpades.
P3 HAND: ADiamonds, 7Diamonds, KDiamonds, QDiamonds, 4Clubs, AHearts, JHearts, 5Hearts, ASpades, JSpades.
P2 AClubs P3 4Clubs P0 5Clubs P1 3Clubs 
P2 2Diamonds P3 ADiamonds P0 3Diamonds P1 4Diamonds 
P3 AHearts P0 2Hearts P1 7Hearts P2 3Hearts 
P3 5Hearts P0 4Hearts P1 6Hearts P2 KHearts 
P2 2Clubs P3 QDiamonds P0 6Clubs P1 KClubs 
P1 JClubs P2 QClubs P3 JSpades P0 6Diamonds 
P3 JHearts P0 JDiamonds P1 4Spades P2 QHearts 
P1 5Spades P2 KSpades P3 ASpades P0 2Spades 
P3 KDiamonds P0 3Spades P1 QSpades P2 5Diamonds 
P1 7Spades P2 7Clubs P3 7Diamonds P0 6Spades 
-- /GAME --
P0 HAND: ADiamonds, 6Diamonds, 5Diamonds, 4Diamonds, 3Diamonds, KClubs, 3Clubs, JHearts, 6Spades, 3Spades.
P1 HAND: 7Diamonds, AClubs, 7Clubs, QClubs, 6Clubs, 4Clubs, AHearts, 5Hearts, 2Hearts, 7Spades.
P2 HAND: KDiamonds, 2Diamonds, 5Clubs, 2Clubs, QHearts, 6Hearts, 3Hearts, KSpades, 4Spades, 2Spades.
P3 HAND: JDiamonds, QDiamonds, JClubs, 7Hearts, KHearts, 4Hearts, ASpades, JSpades, QSpades, 5Spades.
P1 2Hearts P2 3Hearts P3 4Hearts P0 JHearts 
P0 3Diamonds P1 7Diamonds P2 2Diamonds P3 QDiamonds 
P1 4Clubs P2 2Clubs P3 JClubs P0 KClubs 
P0 4Diamonds P1 5Hearts P2 KDiamonds P3 JDiamonds 
P2 2Spades P3 ASpades P0 3Spades P1 7Spades 
P3 5Spades P0 6Spades P1 6Clubs P2 KSpades 
P2 4Spades P3 QSpades P0 5Diamonds P1 QClubs 
P0 3Clubs P1 7Clubs P2 5Clubs P3 7Hearts 
P1 AClubs P2 6Hearts P3 JSpades P0 6Diamonds 
P0 ADiamonds P1 AHearts P2 QHearts P3 KHearts 
-- /GAME --
P0 HAND: 5Diamonds, AClubs, 7Clubs, KClubs, 2Clubs, 7Hearts, JHearts, 2Hearts, ASpades, 4Spades.
P1 HAND: 7Diamonds, QDiamonds, 3Diamonds, QClubs, 5Clubs, 6Hearts, 5Hearts, 4Hearts, 3Hearts, JSpades.
P2 HAND: KDiamonds, JDiamonds, 4Diamonds, 2Diamonds, 4Clubs, 3Clubs, AHearts, QHearts, 3Spades, 2Spades.
P3 HAND: ADiamonds, 6Diamonds, JClubs, 6Clubs, KHearts, 7Spades, KSpades, QSpades, 6Spades, 5Spades.
P0 5Diamonds P1 3Diamonds P2 2Diamonds P3 ADiamonds 
P3 6Diamonds P0 2Hearts P1 7Diamonds P2 4Diamonds 
P1 3Hearts P2 AHearts P3 KHearts P0 7Hearts 
P2 3Clubs P3 6Clubs P0 AClubs P1 5Clubs 
P0 JHearts P1 4Hearts P2 QHearts P3 5Spades 
P3 JClubs P0 7Clubs P1 QClubs P2 4Clubs 
P0 KClubs P1 5Hearts P2 2Spades P3 6Spades 
P3 QSpades P0 4Spades P1 JSpades P2 3Spades 
P1 6Hearts P2 JDiamonds P3 KSpades P0 2Clubs 
P3 7Spades P0 ASpades P1 QDiamonds P2 KDiamonds 
-- /GAME --
P0 HAND: JDiamonds, 6Diamonds, 4Diamonds, 3Diamonds, JClubs, 3Clubs, QHearts, 2Hearts, 7Spades, QSpades.
P1 HAND: KDiamonds, QDiamonds, 7Clubs, QClubs, KHearts, 4Hearts, ASpades, 6Spades, 5Spades, 2Spades.
P2 HAND: ADiamonds, 7Diamonds, 5Diamonds, 2Diamonds, KClubs, 5Clubs, 4Clubs, JHearts, 6Hearts, JSpades.
P3 HAND: AClubs, 6Clubs, 2Clubs, AHearts, 7Hearts, 5Hearts, 3Hearts, KSpades, 4Spades, 3Spades.
P3 AClubs P0 3Clubs P1 7Clubs P2 4Clubs 
P3 AHearts P0 2Hearts P1 KHearts P2 6Hearts 
P3 2Clubs P0 JClubs P1 QClubs P2 KClubs 
P2 ADiamonds P3 3Spades P0 6Diamonds P1 KDiamonds 
P3 3Hearts P0 QHearts P1 4Hearts P2 JHearts 
P2 2Diamonds P3 5Hearts P0 JDiamonds P1 QDiamonds 
P0 4Diamonds P1 2Spades P2 5Diamonds P3 7Hearts 
P1 5Spades P2 JSpades P3 4Spades P0 7Spades 
P0 3Diamonds P1 6Spades P2 7Diamonds P3 6Clubs 
P1 ASpades P2 5Clubs P3 KSpades P0 QSpades 
-- /GAME --
P0 HAND: ADiamonds, QDiamonds, 3Diamonds, 2Diamonds, JClubs, 6Clubs, 5Clubs, 4Clubs, 4Hearts, 6Spades.
P1 HAND: 6Diamonds, 5Diamonds, 7Clubs, 3Clubs, 7Hearts, QHearts, 6Hearts, KSpades, 5Spades, 3Spades.
P2 HAND: KDiamonds, JDiamonds, AClubs, 2Clubs, KHearts, JHearts, 5Hearts, 2Hearts, ASpades, JSpades.
P3 HAND: 7Diamonds, 4Diamonds, KClubs, QClubs, AHearts, 3Hearts, 7Spades, QSpades, 4Spades, 2Spades.
P2 ASpades P3 2Spades P0 6Spades P1 3Spades 
P2 2Hearts P3 AHearts P0 4Hearts P1 7Hearts 
P3 3Hearts P0 QDiamonds P1 6Hearts P2 KHearts 
P2 5Hearts P3 4Diamonds P0 3Diamonds P1 QHearts 
P1 5Diamonds P2 JDiamonds P3 7Diamonds P0 ADiamonds 
P0 2Diamonds P1 6Diamonds P2 KDiamonds P3 4Spades 
P2 JHearts P3 QSpades P0 6Clubs P1 7Clubs 
P1 5Spades P2 JSpades P3 7Spades P0 JClubs 
P0 4Clubs P1 3Clubs P2 2Clubs P3 QClubs 
P3 KClubs P0 5Clubs P1 KSpades P2 AClubs 
-- /GAME --
P0 HAND: 6Diamonds, 5Diamonds, KClubs, QClubs, 2Clubs, 5Hearts, 4Hearts, ASpades, 6Spades, 3Spades.
P1 HAND: 2Diamonds, AClubs, 7Clubs, 5Clubs, 4Clubs, 7Hearts, JHearts, QHearts, 6Hearts, KSpades.
P2 HAND: JDiamonds, QDiamonds, 4Diamonds, AHearts, KHearts, 7Spades, JSpades, QSpades, 5Spades, 4Spades.
P3 HAND: ADiamonds, 7Diamonds, KDiamonds, 3Diamonds, JClubs, 6Clubs, 3Clubs, 3Hearts, 2Hearts, 2Spades.
P1 AClubs P2 4Diamonds P3 3Clubs P0 KClubs 
P2 AHearts P3 2Hearts P0 5Hearts P1 6Hearts 
P2 4Spades P3 2Spades P0 ASpades P1 KSpades 
P0 2Clubs P1 4Clubs P2 5Spades P3 JClubs 
P3 3Hearts P0 4Hearts P1 QHearts P2 KHearts 
P2 QSpades P3 6Clubs P0 3Spades P1 5Clubs 
P2 JSpades P3 3Diamonds P0 6Spades P1 7Clubs 
P3 KDiamonds P0 5Diamonds P1 2Diamonds P2 QDiamonds 

