-- GAME --
P0 2Hearts 
P1 ASpades P2 KSpades P3 7Spades P0 2Spades 
P1 2Clubs P2 5Clubs P3 AClubs P0 3Clubs 
P3 3Hearts P0 KHearts P1 3Spades P2 JHearts 
P0 4Spades P1 QSpades P2 6Clubs P3 6Spades 
P1 JClubs P2 7Clubs P3 QClubs P0 KClubs 
P2 6Hearts P3 5Spades P0 4Hearts P1 3Diamonds 
P1 JSpades P2 QHearts P3 2Diamonds P0 QDiamonds 
P0 4Clubs P1 4Diamonds P2 6Diamonds P3 JDiamonds 
P3 7Diamonds P0 ADiamonds P1 5Diamonds P2 KDiamonds 
-- /GAME --
P0 HAND: KDiamonds, JDiamonds, 6Diamonds, 5Diamonds, 4Diamonds, 7Clubs, KClubs, 2Clubs, AHearts, 3Hearts.
P1 HAND: 2Diamonds, JClubs, 6Clubs, 3Clubs, 7Hearts, QHearts, 2Hearts, QSpades, 5Spades, 3Spades.
P2 HAND: 7Diamonds, QDiamonds, QClubs, 4Clubs, 6Hearts, 5Hearts, 4Hearts, KSpades, 4Spades, 2Spades.
P3 HAND: ADiamonds, 3Diamonds, AClubs, 5Clubs, KHearts, JHearts, ASpades, 7Spades, JSpades, 6Spades.
P0 AHearts P1 2Hearts P2 6Hearts P3 JHearts 
P0 3Hearts P1 QHearts P2 4Hearts P3 KHearts 
P3 ADiamonds P0 4Diamonds P1 2Diamonds P2 QDiamonds 
P3 AClubs P0 2Clubs P1 JClubs P2 4Clubs 
P3 3Diamonds P0 KDiamonds P1 3Clubs P2 7Diamonds 
P2 5Hearts P3 5Clubs P0 5Diamonds P1 7Hearts 
P1 6Clubs P2 QClubs P3 6Spades P0 KClubs 
P3 JSpades P0 JDiamonds P1 3Spades P2 KSpades 
P2 2Spades P3 7Spades P0 6Diamonds P1 5Spades 
P3 ASpades P0 7Clubs P1 QSpades P2 4Spades 
-- /GAME --
P0 HAND: KDiamonds, 5Diamonds, AClubs, 2Clubs, 7Hearts, KHearts, 4Hearts, JSpades, QSpades, 3Spades.
P1 HAND: QDiamonds, 4Diamonds, KClubs, 6Clubs, 4Clubs, QHearts, 3Hearts, KSpades, 6Spades, 4Spades.
P2 HAND: ADiamonds, 3Diamonds, 7Clubs, JClubs, 3Clubs, 5Hearts, ASpades, 7Spades, 5Spades, 2Spades.
P3 HAND: 7Diamonds, JDiamonds, 6Diamonds, 2Diamonds, QClubs, 5Clubs, AHearts, JHearts, 6Hearts, 2Hearts.
P2 ADiamonds P3 2Diamonds P0 KDiamonds P1 4Diamonds 
P2 3Diamonds P3 6Diamonds P0 5Diamonds P1 QDiamonds 
P1 3Hearts P2 5Hearts P3 AHearts P0 4Hearts 
P3 2Hearts P0 7Hearts P1 QHearts P2 7Clubs 
P0 KHearts P1 4Clubs P2 JClubs P3 6Hearts 
P0 AClubs P1 6Clubs P2 3Clubs P3 5Clubs 
P0 2Clubs P1 KClubs P2 2Spades P3 QClubs 
P2 5Spades P3 JDiamonds P0 QSpades P1 KSpades 
P1 4Spades P2 7Spades P3 JHearts P0 JSpades 
P2 ASpades P3 7Diamonds P0 3Spades P1 6Spades 
-- /GAME --
P0 HAND: KDiamonds, 3Diamonds, AClubs, JClubs, 7Hearts, KHearts, QHearts, 5Hearts, 4Hearts, QSpades.
P1 HAND: ADiamonds, 6Diamonds, 5Diamonds, 5Clubs, 3Clubs, AHearts, ASpades, 7Spades, 4Spades, 2Spades.
P2 HAND: 7Diamonds, QDiamonds, 7Clubs, 4Clubs, 2Clubs, JHearts, 6Hearts, KSpades, 6Spades, 3Spades.
P3 HAND: JDiamonds, 4Diamonds, 2Diamonds, KClubs, QClubs, 6Clubs, 3Hearts, 2Hearts, JSpades, 5Spades.
P1 ADiamonds P2 QDiamonds P3 JDiamonds P0 3Diamonds 
P1 ASpades P2 3Spades P3 JSpades P0 QSpades 
P1 2Spades P2 6Spades P3 5Spades P0 KDiamonds 
P2 2Clubs P3 6Clubs 
