-- GAME --
P0 HAND: ADiamonds, 5Diamonds, 4Diamonds, 3Diamonds, AClubs, AHearts, 6Hearts, 4Hearts, 7Spades, 6Spades.
P1 HAND: 2Diamonds, 3Clubs, KHearts, QHearts, 3Hearts, ASpades, KSpades, QSpades, 5Spades, 4Spades.
P2 HAND: 7Diamonds, KDiamonds, 6Diamonds, 7Clubs, KClubs, 6Clubs, 5Clubs, JSpades, 3Spades, 2Spades.
P3 HAND: JDiamonds, QDiamonds, JClubs, QClubs, 4Clubs, 2Clubs, 7Hearts, JHearts, 5Hearts, 2Hearts.
P3 2Clubs P0 AClubs P1 3Clubs P2 7Clubs 
P0 ADiamonds P1 2Diamonds P2 6Diamonds P3 QDiamonds 
P0 AHearts P1 3Hearts P2 KClubs P3 2Hearts 
P0 4Hearts P1 QHearts P2 2Spades P3 7Hearts 
P3 4Clubs P0 3Diamonds P1 4Spades P2 6Clubs 
P0 6Hearts P1 KHearts P2 3Spades P3 JHearts 
P1 5Spades P2 JSpades P3 5Hearts P0 7Spades 
P0 6Spades P1 QSpades P2 5Clubs P3 JClubs 
P1 KSpades P2 KDiamonds P3 QClubs P0 4Diamonds 
P2 7Diamonds P3 JDiamonds P0 5Diamonds P1 ASpades 
-- /GAME --
P0 HAND: 7Diamonds, 4Diamonds, 3Diamonds, KClubs, 4Clubs, AHearts, 3Hearts, JSpades, 4Spades, 2Spades.
P1 HAND: JDiamonds, AClubs, QClubs, 5Clubs, JHearts, 5Hearts, 4Hearts, ASpades, 7Spades, KSpades.
P2 HAND: ADiamonds, 6Diamonds, 5Diamonds, 7Clubs, JClubs, 6Clubs, 2Clubs, QHearts, 2Hearts, 5Spades.
P3 HAND: KDiamonds, QDiamonds, 2Diamonds, 3Clubs, 7Hearts, KHearts, 6Hearts, QSpades, 6Spades, 3Spades.
P2 ADiamonds P3 2Diamonds P0 7Diamonds P1 JDiamonds 
P2 2Hearts P3 6Hearts P0 AHearts P1 4Hearts 
P0 3Hearts P1 5Hearts P2 QHearts P3 7Hearts 
P3 3Spades P0 4Spades P1 ASpades P2 5Spades 
P1 JHearts P2 5Diamonds P3 KHearts P0 KClubs 
P0 4Diamonds P1 5Clubs P2 6Diamonds P3 KDiamonds 
P1 QClubs P2 2Clubs P3 3Clubs P0 4Clubs 
P1 AClubs P2 6Clubs P3 QDiamonds P0 3Diamonds 
P1 KSpades P2 JClubs P3 6Spades P0 JSpades 
P2 7Clubs P3 QSpades P0 2Spades P1 7Spades 
-- /GAME --
P0 HAND: JDiamonds, 6Diamonds, 4Diamonds, KClubs, JClubs, 2Clubs, AHearts, KHearts, JHearts, 3Spades.
P1 HAND: ADiamonds, 7Diamonds, 7Clubs, QClubs, 5Clubs, QHearts, 5Hearts, 7Spades, JSpades, 6Spades.
P2 HAND: KDiamonds, QDiamonds, 3Diamonds, 2Diamonds, 4Clubs, 3Clubs, 7Hearts, 3Hearts, 2Hearts, QSpades.
P3 HAND: 5Diamonds, AClubs, 6Clubs, 6Hearts, 4Hearts, ASpades, KSpades, 5Spades, 4Spades, 2Spades.
P1 5Clubs P2 3Clubs P3 AClubs P0 2Clubs 
P3 2Spades P0 3Spades P1 6Spades P2 QSpades 
P2 2Hearts P3 4Hearts P0 AHearts P1 5Hearts 
P0 JHearts P1 QHearts P2 7Hearts P3 6Hearts 
P2 3Hearts P3 4Spades P0 KHearts P1 QClubs 
P0 JClubs P1 7Clubs P2 4Clubs P3 6Clubs 
P1 JSpades P2 2Diamonds P3 5Spades P0 KClubs 
P2 3Diamonds P3 5Diamonds P0 6Diamonds P1 7Diamonds 
P1 ADiamonds P2 QDiamonds P3 ASpades P0 4Diamonds 
P1 7Spades P2 KDiamonds P3 KSpades P0 JDiamonds 
-- /GAME --
P0 HAND: ADiamonds, 3Diamonds, 2Diamonds, 7Clubs, QClubs, 2Hearts, 7Spades, 6Spades, 5Spades, 3Spades.
P1 HAND: KDiamonds, 6Diamonds, 5Diamonds, AClubs, 2Clubs, KHearts, 6Hearts, JSpades, QSpades, 2Spades.
P2 HAND: 7Diamonds, QDiamonds, 4Diamonds, JClubs, 3Clubs, AHearts, 7Hearts, JHearts, 3Hearts, KSpades.
P3 HAND: JDiamonds, KClubs, 6Clubs, 5Clubs, 4Clubs, QHearts, 5Hearts, 4Hearts, ASpades, 4Spades.
P0 2Hearts P1 6Hearts P2 AHearts P3 4Hearts 
P2 3Hearts P3 5Hearts P0 QClubs P1 KHearts 
P0 ADiamonds P1 5Diamonds P2 7Diamonds P3 JDiamonds 
P0 3Spades P1 2Spades P2 KSpades P3 ASpades 
P3 4Spades P0 7Spades P1 QSpades P2 7Hearts 
P0 5Spades P1 JSpades P2 4Diamonds P3 QHearts 
P1 6Diamonds P2 QDiamonds P3 4Clubs P0 2Diamonds 
P3 5Clubs P0 7Clubs P1 AClubs P2 3Clubs 
P1 2Clubs P2 JClubs P3 6Clubs P0 6Spades 
P2 JHearts P3 KClubs P0 3Diamonds P1 KDiamonds 
-- /GAME --
P0 HAND: KClubs, JClubs, QClubs, 5Clubs, KHearts, ASpades, KSpades, QSpades, 6Spades, 2Spades.
P1 HAND: ADiamonds, 7Diamonds, 5Diamonds, 4Diamonds, 3Diamonds, 2Diamonds, AClubs, 5Hearts, 4Hearts, 3Hearts.
P2 HAND: KDiamonds, JDiamonds, QDiamonds, 6Diamonds, 6Clubs, AHearts, 7Hearts, 2Hearts, 4Spades, 3Spades.
P3 HAND: 7Clubs, 4Clubs, 3Clubs, 2Clubs, JHearts, QHearts, 6Hearts, 7Spades, JSpades, 5Spades.
P3 2Clubs P0 5Clubs P1 AClubs P2 6Clubs 
P1 2Diamonds P2 6Diamonds P3 3Clubs P0 KHearts 
P2 AHearts P3 6Hearts P0 KClubs P1 3Hearts 
P2 2Hearts P3 QHearts P0 2Spades P1 4Hearts 
P0 ASpades P1 3Diamonds P2 3Spades P3 5Spades 
P0 6Spades P1 4Diamonds P2 4Spades P3 JSpades 
P3 4Clubs P0 QClubs P1 5Diamonds P2 7Hearts 
P0 QSpades P1 5Hearts P2 QDiamonds P3 7Spades 
P3 JHearts P0 KSpades P1 7Diamonds P2 KDiamonds 
P0 JClubs P1 ADiamonds P2 JDiamonds P3 7Clubs 
-- /GAME --
P0 HAND: 3Diamonds, KClubs, JClubs, 4Clubs, AHearts, 6Hearts, 7Spades, JSpades, 5Spades, 3Spades.
P1 HAND: JDiamonds, QDiamonds, AClubs, 6Clubs, 5Clubs, 3Clubs, 3Hearts, KSpades, QSpades, 4Spades.
P2 HAND: 7Diamonds, KDiamonds, 6Diamonds, 4Diamonds, 7Clubs, 2Clubs, KHearts, 2Hearts, 6Spades, 2Spades.
P3 HAND: ADiamonds, 5Diamonds, 2Diamonds, QClubs, 7Hearts, JHearts, QHearts, 5Hearts, 4Hearts, ASpades.
P2 2Hearts P3 4Hearts P0 AHearts P1 3Hearts 
P0 6Hearts P1 4Spades P2 KHearts P3 7Hearts 
P3 ADiamonds P0 3Diamonds P1 JDiamonds P2 4Diamonds 
P3 ASpades P0 3Spades P1 KSpades P2 2Spades 
P3 2Diamonds P0 5Spades P1 QDiamonds P2 7Diamonds 
P2 6Diamonds P3 5Diamonds P0 JSpades P1 QSpades 
P2 6Spades P3 5Hearts P0 7Spades P1 3Clubs 
P1 5Clubs P2 2Clubs P3 QClubs P0 KClubs 
P0 4Clubs P1 6Clubs P2 7Clubs P3 QHearts 
P2 KDiamonds P3 JHearts P0 JClubs P1 AClubs 
-- /GAME --
P0 HAND: ADiamonds, JDiamonds, QDiamonds, 4Diamonds, AClubs, AHearts, 5Hearts, 3Hearts, QSpades, 2Spades.
P1 HAND: 7Diamonds, QClubs, 3Clubs, 7Hearts, QHearts, 6Hearts, 7Spades, 6Spades, 4Spades, 3Spades.
P2 HAND: KDiamonds, 5Diamonds, 3Diamonds, 2Diamonds, 7Clubs, 6Clubs, 2Clubs, KHearts, JSpades, 5Spades.
P3 HAND: 6Diamonds, KClubs, JClubs, 5Clubs, 4Clubs, JHearts, 4Hearts, 2Hearts, ASpades, KSpades.
P1 3Clubs P2 2Clubs P3 4Clubs P0 AClubs 
P0 2Spades P1 3Spades P2 5Spades P3 KSpades 
P3 2Hearts P0 AHearts P1 6Hearts P2 KHearts 
P0 3Hearts P1 QHearts P2 2Diamonds P3 JHearts 
P3 4Hearts P0 5Hearts P1 7Hearts P2 JSpades 
P2 3Diamonds P3 6Diamonds P0 ADiamonds P1 7Diamonds 
P0 4Diamonds P1 QClubs P2 KDiamonds P3 ASpades 
P3 5Clubs P0 QDiamonds P1 4Spades P2 6Clubs 
P1 6Spades P2 5Diamonds P3 JClubs P0 QSpades 
P0 JDiamonds P1 7Spades P2 7Clubs P3 KClubs 
-- /GAME --
P0 HAND: ADiamonds, KDiamonds, 4Diamonds, 3Diamonds, 7Clubs, JHearts, 7Spades, JSpades, QSpades, 3Spades.
P1 HAND: 7Diamonds, KClubs, QClubs, 3Clubs, 7Hearts, KHearts, 3Hearts, 2Hearts, ASpades, 4Spades.
P2 HAND: QDiamonds, 6Diamonds, 2Diamonds, AClubs, JClubs, QHearts, 6Hearts, 6Spades, 5Spades, 2Spades.
P3 HAND: JDiamonds, 5Diamonds, 6Clubs, 5Clubs, 4Clubs, 2Clubs, AHearts, 5Hearts, 4Hearts, KSpades.
P0 JHearts P1 2Hearts P2 6Hearts P3 AHearts 
P3 4Hearts P0 7Clubs P1 3Hearts P2 QHearts 
P0 ADiamonds P1 7Diamonds P2 QDiamonds P3 5Diamonds 
P0 KDiamonds P1 4Spades P2 6Diamonds P3 JDiamonds 
P0 3Diamonds P1 3Clubs P2 2Diamonds P3 KSpades 
P1 ASpades P2 2Spades P3 5Hearts P0 3Spades 
P1 QClubs P2 JClubs P3 2Clubs P0 7Spades 
P2 5Spades P3 4Clubs P0 QSpades P1 7Hearts 
P3 5Clubs P0 4Diamonds P1 KClubs P2 AClubs 
P2 6Spades P3 6Clubs P0 JSpades P1 KHearts 
-- /GAME --
P0 HAND: ADiamonds, 3Diamonds, AClubs, 2Clubs, AHearts, KHearts, QHearts, 6Hearts, ASpades, 3Spades.
P1 HAND: KDiamonds, 6Diamonds, 7Clubs, JClubs, 7Hearts, 4Hearts, KSpades, JSpades, QSpades, 4Spades.
P2 HAND: 7Diamonds, JDiamonds, 5Diamonds, KClubs, QClubs, 4Clubs, JHearts, 3Hearts, 2Hearts, 7Spades.
P3 HAND: QDiamonds, 4Diamonds, 2Diamonds, 6Clubs, 5Clubs, 3Clubs, 5Hearts, 6Spades, 5Spades, 2Spades.
P2 2Hearts P3 5Hearts P0 AHearts P1 4Hearts 
P0 ADiamonds P1 6Diamonds P2 7Diamonds P3 2Diamonds 
P0 AClubs P1 JClubs P2 KClubs P3 3Clubs 
P0 2Clubs P1 7Clubs P2 4Clubs P3 6Clubs 
P1 4Spades P2 7Spades P3 2Spades P0 3Spades 
P2 3Hearts P3 4Diamonds P0 KHearts P1 7Hearts 
P1 QSpades P2 5Diamonds P3 5Spades P0 ASpades 
P0 6Hearts P1 JSpades P2 JHearts P3 QDiamonds 
P1 KSpades P2 QClubs P3 6Spades P0 3Diamonds 
P1 KDiamonds P2 JDiamonds P3 5Clubs P0 QHearts 
-- /GAME --
P0 HAND: 3Diamonds, AClubs, 7Clubs, 4Clubs, KHearts, JHearts, 6Hearts, 7Spades, JSpades, QSpades.
P1 HAND: 7Diamonds, KDiamonds, 2Diamonds, JClubs, 5Clubs, 3Clubs, 2Clubs, 7Hearts, 2Hearts, 2Spades.
P2 HAND: QDiamonds, 5Diamonds, 4Diamonds, KClubs, 6Clubs, QHearts, 4Hearts, 3Hearts, KSpades, 6Spades.
P3 HAND: ADiamonds, JDiamonds, 6Diamonds, QClubs, AHearts, 5Hearts, ASpades, 5Spades, 4Spades, 3Spades.
P1 2Clubs P2 6Clubs P3 QClubs P0 AClubs 
P0 7Clubs P1 3Clubs P2 KClubs P3 6Diamonds 
P3 AHearts P0 6Hearts P1 7Hearts P2 3Hearts 
P3 ASpades P0 QSpades P1 2Spades P2 6Spades 
P3 3Spades P0 7Spades P1 2Diamonds P2 KSpades 
P1 2Hearts P2 4Hearts P3 5Hearts P0 KHearts 
P0 JHearts P1 5Clubs P2 QHearts P3 JDiamonds 
P3 4Spades P0 JSpades P1 KDiamonds P2 4Diamonds 
P1 JClubs P2 5Diamonds P3 5Spades P0 4Clubs 
P2 QDiamonds P3 ADiamonds P0 3Diamonds P1 7Diamonds 
-- /GAME --
P0 HAND: 7Diamonds, 6Diamonds, 5Diamonds, 4Diamonds, AClubs, QClubs, 6Clubs, ASpades, 7Spades, 3Spades.
P1 HAND: JDiamonds, QDiamonds, 2Diamonds, JClubs, KHearts, 6Hearts, 2Hearts, KSpades, JSpades, 6Spades.
P2 HAND: ADiamonds, 3Diamonds, KClubs, 5Clubs, 4Clubs, 2Clubs, 7Hearts, QHearts, 5Hearts, 4Hearts.
P3 HAND: KDiamonds, 7Clubs, 3Clubs, AHearts, JHearts, 3Hearts, QSpades, 5Spades, 4Spades, 2Spades.
P0 4Diamonds P1 2Diamonds P2 ADiamonds P3 KDiamonds 
P2 2Clubs P3 3Clubs P0 AClubs P1 JClubs 
P0 ASpades P1 6Spades P2 7Hearts P3 2Spades 
P0 7Spades P1 JSpades P2 KClubs P3 4Spades 
P0 7Diamonds P1 QDiamonds P2 3Diamonds P3 5Spades 
P3 AHearts P0 3Spades P1 2Hearts P2 QHearts 
P0 QClubs P1 6Hearts P2 4Clubs P3 7Clubs 
P3 3Hearts P0 5Diamonds P1 KHearts P2 4Hearts 
P1 JDiamonds P2 5Clubs P3 QSpades P0 6Diamonds 
P3 JHearts P0 6Clubs P1 KSpades P2 5Hearts 
-- /GAME --
P0 HAND: ADiamonds, 7Diamonds, 2Diamonds, JClubs, 4Clubs, 2Clubs, 6Hearts, 4Hearts, KSpades, 5Spades.
P1 HAND: JDiamonds, QDiamonds, 5Clubs, 3Clubs, KHearts, 2Hearts, ASpades, 7Spades, 6Spades, 4Spades.
P2 HAND: KDiamonds, 6Diamonds, 5Diamonds, 4Diamonds, AClubs, AHearts, 7Hearts, QHearts, 5Hearts, QSpades.
P3 HAND: 3Diamonds, 7Clubs, KClubs, QClubs, 6Clubs, JHearts, 3Hearts, JSpades, 3Spades, 2Spades.
P3 2Spades P0 5Spades P1 ASpades P2 QSpades 
P1 3Clubs P2 AClubs P3 6Clubs P0 JClubs 
P2 4Diamonds P3 3Diamonds P0 ADiamonds P1 QDiamonds 
P0 7Diamonds P1 JDiamonds P2 5Diamonds P3 3Hearts 
P3 3Spades P0 KSpades P1 4Spades P2 KDiamonds 
P0 2Diamonds P1 5Clubs P2 6Diamonds P3 QClubs 
P2 5Hearts P3 JHearts P0 4Hearts P1 2Hearts 
P3 JSpades P0 6Hearts P1 6Spades P2 QHearts 
P2 7Hearts P3 KClubs P0 2Clubs P1 KHearts 
P2 AHearts P3 7Clubs P0 4Clubs P1 7Spades 
-- /GAME --
P0 HAND: 5Diamonds, 3Clubs, 5Hearts, ASpades, 7Spades, JSpades, 6Spades, 5Spades, 4Spades, 2Spades.
P1 HAND: 4Diamonds, 7Clubs, KClubs, JClubs, 5Clubs, AHearts, KHearts, JHearts, 3Hearts, KSpades.
P2 HAND: 7Diamonds, QDiamonds, 3Diamonds, 2Diamonds, 2Clubs, 6Hearts, 4Hearts, 2Hearts, QSpades, 3Spades.
P3 HAND: ADiamonds, KDiamonds, JDiamonds, 6Diamonds, AClubs, QClubs, 6Clubs, 4Clubs, 7Hearts, QHearts.
P2 2Diamonds P3 ADiamonds P0 5Diamonds P1 4Diamonds 
P3 6Diamonds P0 5Hearts P1 3Hearts P2 7Diamonds 
P2 2Hearts P3 QHearts P0 3Clubs P1 JHearts 
P0 2Spades P1 KSpades P2 3Spades P3 7Hearts 
P1 5Clubs P2 2Clubs P3 4Clubs P0 4Spades 
P1 JClubs P2 3Diamonds P3 6Clubs P0 5Spades 
P1 KClubs P2 4Hearts P3 QClubs P0 6Spades 
P1 7Clubs P2 6Hearts P3 AClubs P0 JSpades 
P3 JDiamonds P0 ASpades P1 KHearts P2 QDiamonds 
P3 KDiamonds P0 7Spades P1 AHearts P2 QSpades 
-- /GAME --
P0 HAND: ADiamonds, JDiamonds, 4Diamonds, 2Diamonds, 7Clubs, 5Clubs, 4Clubs, 2Hearts, KSpades, 6Spades.
P1 HAND: KDiamonds, 6Diamonds, 5Diamonds, KClubs, KHearts, 3Hearts, JSpades, 4Spades, 3Spades, 2Spades.
P2 HAND: 7Diamonds, QDiamonds, JClubs, QClubs, 7Hearts, QHearts, 6Hearts, 4Hearts, 7Spades, QSpades.
P3 HAND: 3Diamonds, AClubs, 6Clubs, 3Clubs, 2Clubs, AHearts, JHearts, 5Hearts, ASpades, 5Spades.
P1 2Spades P2 QSpades P3 ASpades P0 6Spades 
P3 AHearts P0 2Hearts P1 KHearts P2 4Hearts 
P3 3Diamonds P0 ADiamonds P1 5Diamonds P2 7Diamonds 
P0 KSpades P1 3Spades P2 7Spades P3 5Spades 
P2 6Hearts P3 5Hearts P0 4Clubs P1 3Hearts 
P0 2Diamonds P1 6Diamonds P2 QDiamonds P3 2Clubs 
P3 JHearts P0 4Diamonds P1 4Spades P2 7Hearts 
P2 QHearts P3 3Clubs P0 5Clubs P1 KClubs 
P1 JSpades P2 QClubs P3 AClubs P0 JDiamonds 
P3 6Clubs P0 7Clubs P1 KDiamonds P2 JClubs 
-- /GAME --
P0 HAND: 5Diamonds, AClubs, 7Clubs, QClubs, JHearts, 6Hearts, KSpades, 5Spades, 4Spades, 2Spades.
P1 HAND: 7Diamonds, 6Diamonds, 2Diamonds, KClubs, 6Clubs, 3Clubs, 7Hearts, 3Hearts, ASpades, QSpades.
P2 HAND: QDiamonds, 4Diamonds, 3Diamonds, JClubs, 5Clubs, 4Clubs, 2Hearts, 7Spades, JSpades, 3Spades.
P3 HAND: ADiamonds, KDiamonds, JDiamonds, 2Clubs, AHearts, KHearts, QHearts, 5Hearts, 4Hearts, 6Spades.
P0 AClubs P1 3Clubs P2 JClubs P3 2Clubs 
P0 7Clubs P1 6Clubs P2 5Clubs P3 4Hearts 
P3 ADiamonds P0 5Diamonds P1 7Diamonds P2 3Diamonds 
P3 6Spades P0 KSpades P1 ASpades P2 3Spades 
P1 2Diamonds P2 4Diamonds P3 KDiamonds P0 JHearts 
P0 QClubs P1 KClubs P2 4Clubs P3 JDiamonds 
P1 6Diamonds P2 QDiamonds P3 5Hearts P0 2Spades 
P3 QHearts P0 6Hearts P1 3Hearts P2 2Hearts 
P3 KHearts P0 4Spades P1 7Hearts P2 JSpades 
P1 QSpades P2 7Spades P3 AHearts P0 5Spades 
-- /GAME --
P0 HAND: KDiamonds, QDiamonds, KClubs, 5Clubs, 4Clubs, AHearts, 2Hearts, 7Spades, 5Spades, 2Spades.
P1 HAND: ADiamonds, 7Diamonds, 4Diamonds, 2Diamonds, JClubs, QClubs, QHearts, JSpades, 4Spades, 3Spades.
P2 HAND: JDiamonds, 6Diamonds, 3Diamonds, 7Clubs, 7Hearts, JHearts, 4Hearts, ASpades, KSpades, QSpades.
P3 HAND: 5Diamonds, AClubs, 6Clubs, 3Clubs, 2Clubs, KHearts, 6Hearts, 5Hearts, 3Hearts, 6Spades.
P0 2Spades P1 3Spades P2 ASpades P3 6Spades 
P2 4Hearts P3 3Hearts P0 AHearts P1 QHearts 
P0 2Hearts P1 4Spades P2 7Hearts P3 5Hearts 
P2 QSpades P3 2Clubs P0 7Spades P1 JSpades 
P0 5Spades P1 QClubs P2 KSpades P3 5Diamonds 
P3 3Clubs P0 5Clubs P1 JClubs P2 7Clubs 
P2 JHearts P3 6Hearts P0 QDiamonds P1 7Diamonds 
P1 2Diamonds P2 3Diamonds P3 6Clubs P0 KDiamonds 
P0 KClubs P1 4Diamonds P2 6Diamonds P3 AClubs 
P2 JDiamonds P3 KHearts P0 4Clubs P1 ADiamonds 
-- /GAME --
P0 HAND: ADiamonds, QDiamonds, QClubs, 2Clubs, QHearts, 6Hearts, 5Hearts, 4Hearts, 2Hearts, 6Spades.
P1 HAND: 6Diamonds, 5Diamonds, 3Diamonds, 7Clubs, JClubs, 3Clubs, KHearts, 5Spades, 4Spades, 2Spades.
P2 HAND: JDiamonds, 2Diamonds, KClubs, 5Clubs, AHearts, 3Hearts, 7Spades, KSpades, JSpades, 3Spades.
P3 HAND: 7Diamonds, KDiamonds, 4Diamonds, AClubs, 6Clubs, 4Clubs, 7Hearts, JHearts, ASpades, QSpades.
P3 AClubs P0 2Clubs P1 7Clubs P2 5Clubs 
P3 ASpades P0 6Spades P1 5Spades P2 3Spades 
P3 4Clubs P0 QClubs P1 3Clubs P2 KClubs 
P2 AHearts P3 JHearts P0 QHearts P1 KHearts 
P2 3Hearts P3 7Hearts P0 2Hearts P1 JClubs 
P3 6Clubs P0 4Hearts P1 2Spades P2 2Diamonds 
P2 JSpades P3 QSpades P0 5Hearts P1 4Spades 
P2 JDiamonds P3 4Diamonds P0 ADiamonds P1 3Diamonds 
P0 QDiamonds P1 5Diamonds P2 KSpades P3 KDiamonds 
P3 7Diamonds P0 6Hearts P1 6Diamonds P2 7Spades 
-- /GAME --
P0 HAND: QDiamonds, 6Diamonds, 2Diamonds, AClubs, 3Clubs, 2Clubs, AHearts, 3Hearts, KSpades, 6Spades.
P1 HAND: 5Diamonds, 4Diamonds, KClubs, 4Clubs, 5Hearts, 4Hearts, ASpades, 7Spades, 5Spades, 2Spades.
P2 HAND: KDiamonds, 3Diamonds, 7Clubs, QClubs, 6Clubs, 5Clubs, JHearts, 2Hearts, QSpades, 4Spades.
P3 HAND: ADiamonds, 7Diamonds, JDiamonds, JClubs, 7Hearts, KHearts, QHearts, 6Hearts, JSpades, 3Spades.
P2 3Diamonds P3 ADiamonds P0 2Diamonds P1 5Diamonds 
P3 3Spades P0 6Spades P1 ASpades P2 4Spades 
P1 2Spades P2 QSpades P3 JSpades P0 KSpades 
P0 AClubs P1 4Clubs P2 7Clubs P3 JClubs 
P0 2Clubs P1 KClubs P2 5Clubs P3 7Diamonds 
P1 4Diamonds P2 KDiamonds P3 JDiamonds P0 QDiamonds 
P2 6Clubs P3 6Hearts P0 3Clubs P1 7Spades 
P3 QHearts P0 AHearts P1 4Hearts P2 2Hearts 
P0 6Diamonds P1 5Spades P2 QClubs P3 KHearts 
P3 7Hearts P0 3Hearts P1 5Hearts P2 JHearts 
-- /GAME --
P0 HAND: 6Diamonds, 5Diamonds, 4Diamonds, 3Diamonds, 2Diamonds, 5Clubs, 7Hearts, 3Hearts, 3Spades, 2Spades.
P1 HAND: ADiamonds, 7Diamonds, QDiamonds, AClubs, 2Clubs, AHearts, KHearts, 7Spades, QSpades, 6Spades.
P2 HAND: KDiamonds, JDiamonds, KClubs, JClubs, QClubs, 6Clubs, 4Clubs, QHearts, 5Hearts, JSpades.
P3 HAND: 7Clubs, 3Clubs, JHearts, 6Hearts, 4Hearts, 2Hearts, ASpades, KSpades, 5Spades, 4Spades.
P1 AClubs P2 4Clubs P3 7Clubs P0 5Clubs 
P1 AHearts P2 5Hearts P3 JHearts P0 3Hearts 
P1 2Clubs P2 6Clubs P3 3Clubs P0 7Hearts 
P2 QClubs P3 2Hearts P0 2Diamonds P1 6Spades 
P0 2Spades P1 QSpades P2 JSpades P3 ASpades 
P3 4Hearts P0 3Spades P1 KHearts P2 QHearts 
P1 QDiamonds P2 JDiamonds P3 4Spades P0 3Diamonds 
P2 JClubs P3 5Spades P0 4Diamonds P1 7Diamonds 
P1 ADiamonds P2 KDiamonds P3 KSpades P0 5Diamonds 
P1 7Spades P2 KClubs P3 6Hearts P0 6Diamonds 
-- /GAME --
P0 HAND: JDiamonds, 4Diamonds, AClubs, KClubs, JClubs, JHearts, 4Hearts, 2Hearts, 6Spades, 4Spades.
P1 HAND: ADiamonds, 2Diamonds, 7Clubs, QClubs, 6Clubs, AHearts, 7Hearts, ASpades, JSpades, QSpades.
P2 HAND: KDiamonds, 3Clubs, KHearts, QHearts, 3Hearts, 7Spades, KSpades, 5Spades, 3Spades, 2Spades.
P3 HAND: 7Diamonds, QDiamonds, 6Diamonds, 5Diamonds, 3Diamonds, 5Clubs, 4Clubs, 2Clubs, 6Hearts, 5Hearts.
P0 AClubs P1 6Clubs P2 3Clubs P3 2Clubs 
P0 JClubs P1 QClubs P2 3Hearts P3 4Clubs 
P2 2Spades P3 3Diamonds P0 4Spades P1 ASpades 
P1 ADiamonds P2 KDiamonds P3 7Diamonds P0 4Diamonds 
P1 2Diamonds P2 3Spades P3 5Diamonds P0 JDiamonds 
P0 6Spades P1 QSpades P2 5Spades P3 QDiamonds 
P1 JSpades P2 KSpades P3 5Hearts P0 JHearts 
P0 KClubs P1 7Clubs P2 QHearts P3 5Clubs 
P2 KHearts P3 6Hearts P0 2Hearts P1 7Hearts 
P1 AHearts P2 7Spades P3 6Diamonds P0 4Hearts 
-- /GAME --
P0 HAND: ADiamonds, 6Diamonds, 4Diamonds, 3Diamonds, 2Clubs, AHearts, 3Hearts, 2Hearts, 4Spades, 3Spades.
P1 HAND: QDiamonds, 5Diamonds, AClubs, 7Clubs, QClubs, 6Clubs, 4Clubs, 7Hearts, KHearts, 4Hearts.
P2 HAND: KDiamonds, JDiamonds, 2Diamonds, 5Clubs, 3Clubs, JHearts, 6Hearts, JSpades, 6Spades, 2Spades.
P3 HAND: 7Diamonds, KClubs, JClubs, QHearts, 5Hearts, ASpades, 7Spades, KSpades, QSpades, 5Spades.
P0 2Clubs P1 AClubs P2 3Clubs P3 KClubs 
P1 4Clubs P2 5Clubs P3 JClubs P0 2Hearts 
P3 5Hearts P0 AHearts P1 4Hearts P2 JHearts 
P0 3Hearts P1 KHearts P2 6Hearts P3 QHearts 
P1 5Diamonds P2 2Diamonds P3 7Diamonds P0 ADiamonds 
P0 3Diamonds P1 QDiamonds P2 KDiamonds P3 5Spades 
P3 QSpades P0 3Spades P1 6Clubs P2 2Spades 
P3 KSpades P0 4Spades P1 QClubs P2 6Spades 
P3 7Spades P0 4Diamonds P1 7Clubs P2 JSpades 
P3 ASpades P0 6Diamonds P1 7Hearts P2 JDiamonds 
-- /GAME --
P0 HAND: ADiamonds, 6Clubs, AHearts, 6Hearts, 4Hearts, 3Hearts, KSpades, QSpades, 5Spades, 4Spades.
P1 HAND: KDiamonds, JDiamonds, 4Diamonds, 4Clubs, 3Clubs, 2Clubs, 5Hearts, ASpades, 7Spades, 2Spades.
P2 HAND: 7Diamonds, 5Diamonds, 2Diamonds, 7Clubs, KClubs, JClubs, QClubs, 5Clubs, JHearts, 2Hearts.
P3 HAND: QDiamonds, 6Diamonds, 3Diamonds, AClubs, 7Hearts, KHearts, QHearts, JSpades, 6Spades, 3Spades.
P3 AClubs P0 6Clubs P1 4Clubs P2 5Clubs 
P3 3Diamonds P0 ADiamonds P1 4Diamonds P2 7Diamonds 
P0 4Spades P1 ASpades P2 2Hearts P3 3Spades 
P2 2Diamonds P3 6Diamonds P0 3Hearts P1 JDiamonds 
P0 5Spades P1 2Spades P2 5Diamonds P3 JSpades 
P3 6Spades P0 QSpades P1 7Spades P2 JHearts 
P2 QClubs P3 QDiamonds P0 4Hearts P1 2Clubs 
P0 AHearts P1 5Hearts P2 7Clubs P3 QHearts 
P0 KSpades P1 3Clubs P2 JClubs P3 KHearts 
P3 7Hearts P0 6Hearts P1 KDiamonds P2 KClubs 
-- /GAME --
P0 HAND: JDiamonds, 6Diamonds, 2Diamonds, AClubs, 7Clubs, JClubs, AHearts, 5Hearts, JSpades, QSpades.
P1 HAND: QDiamonds, 5Diamonds, 4Diamonds, QClubs, 5Clubs, 4Clubs, KHearts, QHearts, 5Spades, 4Spades.
P2 HAND: ADiamonds, KClubs, 3Clubs, 7Hearts, JHearts, 4Hearts, 2Hearts, KSpades, 3Spades, 2Spades.
P3 HAND: 7Diamonds, KDiamonds, 3Diamonds, 6Clubs, 2Clubs, 6Hearts, 3Hearts, ASpades, 7Spades, 6Spades.
P2 ADiamonds P3 3Diamonds P0 JDiamonds P1 4Diamonds 
P2 2Hearts P3 3Hearts P0 AHearts P1 QHearts 
P0 5Hearts P1 KHearts P2 4Hearts P3 6Hearts 
P1 4Clubs P2 3Clubs P3 2Clubs P0 AClubs 
P0 JClubs P1 5Clubs P2 KClubs P3 6Clubs 
P2 JHearts P3 6Spades P0 2Diamonds P1 QDiamonds 
P3 7Spades P0 QSpades P1 4Spades P2 2Spades 
P3 ASpades P0 JSpades P1 5Spades P2 3Spades 
P3 KDiamonds P0 6Diamonds P1 5Diamonds P2 KSpades 
P2 7Hearts P3 7Diamonds P0 7Clubs P1 QClubs 
-- /GAME --
P0 HAND: ADiamonds, 6Diamonds, JClubs, 5Clubs, AHearts, KHearts, 2Hearts, ASpades, JSpades, 3Spades.
P1 HAND: JDiamonds, QDiamonds, 3Diamonds, 7Clubs, 6Clubs, 3Clubs, 2Clubs, JHearts, QHearts, 5Hearts.
P2 HAND: 7Diamonds, KDiamonds, 4Diamonds, AClubs, KClubs, 3Hearts, 7Spades, QSpades, 5Spades, 4Spades.
P3 HAND: 5Diamonds, 2Diamonds, QClubs, 4Clubs, 7Hearts, 6Hearts, 4Hearts, KSpades, 6Spades, 2Spades.
P1 2Clubs P2 AClubs P3 4Clubs P0 JClubs 
P2 3Hearts P3 4Hearts P0 AHearts P1 5Hearts 
P0 ADiamonds P1 3Diamonds P2 7Diamonds P3 2Diamonds 
P0 2Hearts P1 QHearts P2 4Diamonds P3 7Hearts 
P3 5Diamonds P0 6Diamonds P1 QDiamonds P2 KDiamonds 
P2 4Spades P3 2Spades P0 3Spades P1 3Clubs 
P2 5Spades P3 6Spades P0 JSpades P1 6Clubs 
P0 ASpades P1 JDiamonds P2 QSpades P3 KSpades 
P0 KHearts P1 JHearts P2 7Spades P3 6Hearts 
P2 KClubs P3 QClubs P0 5Clubs P1 7Clubs 
-- /GAME --
P0 HAND: 5Diamonds, 2Diamonds, AClubs, 6Clubs, 4Clubs, 7Hearts, JHearts, QHearts, 3Hearts, 2Hearts.
P1 HAND: 7Diamonds, 3Clubs, 2Clubs, KHearts, 5Hearts, ASpades, KSpades, JSpades, 5Spades, 2Spades.
P2 HAND: KDiamonds, 6Diamonds, 4Diamonds, 3Diamonds, JClubs, QClubs, AHearts, 4Hearts, 4Spades, 3Spades.
P3 HAND: ADiamonds, JDiamonds, QDiamonds, 7Clubs, KClubs, 5Clubs, 6Hearts, 7Spades, QSpades, 6Spades.
P2 AHearts P3 6Hearts P0 7Hearts P1 5Hearts 
P2 3Diamonds P3 ADiamonds P0 2Diamonds P1 7Diamonds 
P3 5Clubs P0 AClubs P1 2Clubs P2 JClubs 
P0 6Clubs P1 3Clubs P2 QClubs P3 7Clubs 
P3 QDiamonds P0 5Diamonds P1 2Spades P2 4Diamonds 
P1 5Spades P2 3Spades P3 6Spades P0 4Clubs 
P3 JDiamonds P0 2Hearts P1 JSpades P2 6Diamonds 
P1 KSpades P2 4Spades P3 QSpades P0 3Hearts 
P1 ASpades P2 4Hearts P3 7Spades P0 QHearts 
P1 KHearts P2 KDiamonds P3 KClubs P0 JHearts 
-- /GAME --
P0 HAND: KDiamonds, 5Diamonds, 2Diamonds, 7Clubs, JClubs, JHearts, QHearts, 5Hearts, JSpades, 4Spades.
P1 HAND: ADiamonds, 7Diamonds, JDiamonds, QClubs, 5Clubs, 2Clubs, 6Hearts, 2Hearts, 7Spades, QSpades.
P2 HAND: QDiamonds, 3Diamonds, AClubs, 6Clubs, AHearts, 7Hearts, 4Hearts, 3Hearts, ASpades, 5Spades.
P3 HAND: 6Diamonds, 4Diamonds, KClubs, 4Clubs, 3Clubs, KHearts, KSpades, 6Spades, 3Spades, 2Spades.
P1 ADiamonds P2 3Diamonds P3 6Diamonds P0 2Diamonds 
P1 2Hearts P2 AHearts P3 KHearts P0 JHearts 
P2 ASpades P3 2Spades P0 JSpades P1 QSpades 
P2 3Hearts P3 3Spades P0 QHearts P1 6Hearts 
P0 5Hearts P1 2Clubs P2 4Hearts P3 KSpades 
P1 JDiamonds P2 QDiamonds P3 4Diamonds P0 KDiamonds 
P0 5Diamonds P1 7Diamonds P2 6Clubs P3 KClubs 
P3 6Spades P0 4Spades P1 7Spades P2 5Spades 
P1 5Clubs P2 AClubs P3 3Clubs P0 JClubs 
P2 7Hearts P3 4Clubs P0 7Clubs P1 QClubs 
-- /GAME --
P0 HAND: ADiamonds, JDiamonds, QDiamonds, 6Diamonds, 2Diamonds, 7Clubs, 2Clubs, QHearts, ASpades, 7Spades.
P1 HAND: 5Diamonds, JClubs, 5Clubs, 3Clubs, AHearts, 7Hearts, 4Hearts, 2Hearts, 5Spades, 2Spades.
P2 HAND: 4Diamonds, AClubs, KClubs, 6Clubs, KHearts, JHearts, 3Hearts, KSpades, 4Spades, 3Spades.
P3 HAND: 7Diamonds, KDiamonds, 3Diamonds, QClubs, 4Clubs, 6Hearts, 5Hearts, JSpades, QSpades, 6Spades.
P0 ADiamonds P1 5Diamonds P2 4Diamonds P3 3Diamonds 
P0 2Diamonds P1 2Hearts P2 3Hearts P3 KDiamonds 
P3 4Clubs P0 2Clubs P1 3Clubs P2 AClubs 
P2 3Spades P3 6Spades P0 ASpades P1 2Spades 
P0 6Diamonds P1 4Hearts P2 4Spades P3 7Diamonds 
P3 5Hearts P0 QHearts P1 AHearts P2 JHearts 
P1 5Clubs P2 6Clubs P3 QClubs P0 7Clubs 
P0 JDiamonds P1 5Spades P2 KClubs P3 6Hearts 
P0 QDiamonds P1 JClubs P2 KHearts P3 QSpades 
P0 7Spades P1 7Hearts P2 KSpades P3 JSpades 
-- /GAME --
P0 HAND: 7Diamonds, 3Diamonds, KClubs, JClubs, 2Hearts, ASpades, KSpades, JSpades, 5Spades, 3Spades.
P1 HAND: QClubs, 6Clubs, 4Clubs, 2Clubs, JHearts, 6Hearts, 5Hearts, 4Hearts, 7Spades, 4Spades.
P2 HAND: ADiamonds, 5Diamonds, 4Diamonds, 2Diamonds, AClubs, 7Clubs, 3Clubs, 7Hearts, QHearts, 6Spades.
P3 HAND: KDiamonds, JDiamonds, QDiamonds, 6Diamonds, 5Clubs, AHearts, KHearts, 3Hearts, QSpades, 2Spades.
P3 2Spades P0 ASpades P1 4Spades P2 6Spades 
P0 3Spades P1 7Spades P2 QHearts P3 QSpades 
P2 ADiamonds P3 6Diamonds P0 7Diamonds P1 4Hearts 
P1 2Clubs P2 AClubs P3 5Clubs P0 JClubs 
P2 2Diamonds P3 QDiamonds P0 3Diamonds P1 QClubs 
P3 JDiamonds P0 2Hearts P1 4Clubs P2 5Diamonds 
P0 KSpades P1 6Clubs P2 7Clubs P3 3Hearts 
P3 KHearts P0 5Spades P1 5Hearts P2 7Hearts 
P2 3Clubs P3 AHearts P0 KClubs P1 6Hearts 
P3 KDiamonds P0 JSpades P1 JHearts P2 4Diamonds 
-- /GAME --
P0 HAND: KDiamonds, JDiamonds, QDiamonds, QClubs, 6Hearts, 7Spades, QSpades, 6Spades, 5Spades, 2Spades.
P1 HAND: 2Diamonds, JClubs, 5Clubs, AHearts, 7Hearts, JHearts, QHearts, 3Hearts, 2Hearts, 4Spades.
P2 HAND: 7Diamonds, 6Diamonds, 4Diamonds, KClubs, 6Clubs, 5Hearts, 4Hearts, KSpades, JSpades, 3Spades.
P3 HAND: ADiamonds, 5Diamonds, 3Diamonds, AClubs, 7Clubs, 4Clubs, 3Clubs, 2Clubs, KHearts, ASpades.
P2 3Spades P3 ASpades P0 2Spades P1 4Spades 
P3 ADiamonds P0 QDiamonds P1 2Diamonds P2 4Diamonds 
P3 2Clubs P0 QClubs P1 5Clubs P2 KClubs 
P2 6Diamonds P3 3Diamonds P0 KDiamonds P1 2Hearts 
P1 JClubs P2 6Clubs P3 3Clubs P0 JDiamonds 
P1 3Hearts P2 4Hearts P3 KHearts P0 6Hearts 
P3 4Clubs P0 5Spades P1 QHearts P2 5Hearts 
P1 JHearts P2 JSpades P3 5Diamonds P0 6Spades 
P1 7Hearts P2 KSpades P3 7Clubs P0 QSpades 
P1 AHearts P2 7Diamonds P3 AClubs P0 7Spades 
-- /GAME --
P0 HAND: KDiamonds, QDiamonds, 6Diamonds, 4Clubs, 7Hearts, 6Hearts, 2Hearts, ASpades, KSpades, 6Spades.
P1 HAND: ADiamonds, JDiamonds, KClubs, 5Clubs, KHearts, QHearts, 5Hearts, 4Hearts, JSpades, 2Spades.
P2 HAND: 3Diamonds, 2Diamonds, AClubs, 7Clubs, JClubs, JHearts, 3Hearts, QSpades, 5Spades, 4Spades.
P3 HAND: 7Diamonds, 5Diamonds, 4Diamonds, QClubs, 6Clubs, 3Clubs, 2Clubs, AHearts, 7Spades, 3Spades.
P0 7Hearts P1 4Hearts P2 3Hearts P3 AHearts 
P3 3Spades P0 ASpades P1 2Spades P2 QSpades 
P0 KSpades P1 JSpades P2 4Spades P3 7Spades 
P3 4Diamonds P0 KDiamonds P1 ADiamonds P2 2Diamonds 
P1 5Hearts P2 JHearts P3 5Diamonds P0 2Hearts 
P2 3Diamonds P3 7Diamonds P0 6Diamonds P1 JDiamonds 
P3 2Clubs P0 4Clubs P1 5Clubs P2 JClubs 
P2 5Spades P3 3Clubs P0 6Spades P1 KHearts 
P3 6Clubs P0 6Hearts P1 KClubs P2 7Clubs 
P2 AClubs P3 QClubs P0 QDiamonds P1 QHearts 
-- /GAME --
P0 HAND: KDiamonds, 5Diamonds, 4Diamonds, 2Diamonds, AClubs, 6Clubs, QSpades, 6Spades, 4Spades, 2Spades.
P1 HAND: ADiamonds, JDiamonds, KClubs, 2Clubs, AHearts, 7Hearts, 3Hearts, KSpades, JSpades, 3Spades.
P2 HAND: 7Diamonds, QDiamonds, 6Diamonds, JClubs, 4Clubs, 3Clubs, JHearts, 6Hearts, 4Hearts, ASpades.
P3 HAND: 3Diamonds, 7Clubs, QClubs, 5Clubs, KHearts, QHearts, 5Hearts, 2Hearts, 7Spades, 5Spades.
P3 2Hearts P0 2Diamonds P1 3Hearts P2 JHearts 
P0 AClubs P1 2Clubs P2 JClubs P3 5Clubs 
P0 6Clubs P1 KClubs P2 3Clubs P3 7Clubs 
P3 5Hearts P0 4Diamonds P1 7Hearts P2 6Hearts 
P0 2Spades P1 3Spades P2 ASpades P3 5Spades 
P2 4Clubs P3 QClubs P0 KDiamonds P1 ADiamonds 
P1 JSpades P2 4Hearts P3 7Spades P0 4Spades 
P3 QHearts P0 6Spades P1 AHearts P2 6Diamonds 
P2 QDiamonds P3 3Diamonds P0 5Diamonds P1 JDiamonds 
P1 KSpades P2 7Diamonds P3 KHearts P0 QSpades 
-- /GAME --
P0 HAND: KDiamonds, 5Diamonds, 3Diamonds, 6Clubs, KHearts, QHearts, 4Hearts, QSpades, 5Spades, 4Spades.
P1 HAND: JDiamonds, QDiamonds, 2Diamonds, 7Clubs, QClubs, 4Clubs, AHearts, 6Hearts, ASpades, 6Spades.
P2 HAND: 7Diamonds, AClubs, KClubs, JClubs, 5Clubs, 2Clubs, 7Hearts, JHearts, 7Spades, KSpades.
P3 HAND: ADiamonds, 6Diamonds, 4Diamonds, 3Clubs, 5Hearts, 3Hearts, 2Hearts, JSpades, 3Spades, 2Spades.
P2 2Clubs P3 3Clubs P0 6Clubs P1 7Clubs 
P1 AHearts P2 JHearts P3 5Hearts P0 4Hearts 
P1 ASpades P2 KSpades P3 JSpades P0 4Spades 
P1 4Clubs P2 5Clubs P3 2Hearts P0 KHearts 
P2 JClubs P3 2Spades P0 QHearts P1 QClubs 
P2 7Diamonds P3 ADiamonds P0 3Diamonds P1 2Diamonds 
P3 3Hearts P0 QSpades P1 6Hearts P2 7Hearts 
P2 KClubs P3 3Spades P0 5Spades P1 6Spades 
P2 7Spades P3 4Diamonds P0 KDiamonds P1 QDiamonds 
P0 5Diamonds P1 JDiamonds P2 AClubs P3 6Diamonds 
-- /GAME --
P0 HAND: JClubs, 5Clubs, 7Hearts, KHearts, JHearts, 3Hearts, 7Spades, JSpades, 5Spades, 2Spades.
P1 HAND: KDiamonds, QDiamonds, 5Diamonds, 4Diamonds, QClubs, 6Clubs, 2Clubs, 4Hearts, ASpades, 4Spades.
P2 HAND: ADiamonds, 6Diamonds, 2Diamonds, AClubs, KClubs, 4Clubs, AHearts, KSpades, 6Spades, 3Spades.
P3 HAND: 7Diamonds, JDiamonds, 3Diamonds, 7Clubs, 3Clubs, QHearts, 6Hearts, 5Hearts, 2Hearts, QSpades.
P1 ASpades P2 3Spades P3 QSpades P0 2Spades 
P1 4Diamonds P2 ADiamonds P3 3Diamonds P0 7Hearts 
P2 AHearts P3 2Hearts P0 KHearts P1 4Hearts 
P2 2Diamonds P3 JDiamonds P0 JClubs P1 5Diamonds 
P0 3Hearts P1 4Spades P2 6Diamonds P3 QHearts 
P3 5Hearts P0 JHearts P1 QDiamonds P2 KSpades 
P0 5Spades P1 2Clubs P2 6Spades P3 7Diamonds 
P1 6Clubs P2 4Clubs P3 3Clubs P0 5Clubs 
P1 QClubs P2 KClubs P3 7Clubs P0 JSpades 
P3 6Hearts P0 7Spades P1 KDiamonds P2 AClubs 
-- /GAME --
P0 HAND: 7Diamonds, 6Diamonds, 5Diamonds, 3Diamonds, 5Clubs, 4Clubs, 2Clubs, 6Hearts, 3Hearts, QSpades.
P1 HAND: ADiamonds, KDiamonds, JDiamonds, 2Diamonds, JClubs, 6Clubs, 3Clubs, AHearts, KSpades, JSpades.
P2 HAND: 7Clubs, 7Hearts, KHearts, QHearts, 5Hearts, 7Spades, 6Spades, 5Spades, 4Spades, 2Spades.
P3 HAND: QDiamonds, 4Diamonds, AClubs, KClubs, QClubs, JHearts, 4Hearts, 2Hearts, ASpades, 3Spades.
P0 QSpades P1 JSpades P2 2Spades P3 ASpades 
P3 2Hearts P0 3Hearts P1 AHearts P2 5Hearts 
P1 ADiamonds P2 7Clubs P3 4Diamonds P0 7Diamonds 
P2 4Spades P3 3Spades P0 2Clubs P1 KSpades 
P0 6Hearts P1 2Diamonds P2 7Hearts P3 4Hearts 
P2 5Spades P3 QDiamonds P0 4Clubs P1 3Clubs 
P0 3Diamonds P1 JDiamonds P2 6Spades P3 JHearts 
P1 6Clubs P2 QHearts P3 QClubs P0 5Clubs 
P3 KClubs P0 5Diamonds P1 JClubs P2 KHearts 
P3 AClubs P0 6Diamonds P1 KDiamonds P2 7Spades 
-- /GAME --
P0 HAND: KDiamonds, 6Diamonds, 5Diamonds, 3Clubs, JHearts, 4Hearts, 3Hearts, 2Hearts, QSpades, 2Spades.
P1 HAND: ADiamonds, 7Diamonds, 4Diamonds, 3Diamonds, 2Diamonds, AClubs, QClubs, 5Clubs, 4Clubs, 6Spades.
P2 HAND: 7Clubs, KClubs, JClubs, 7Hearts, QHearts, 5Hearts, 7Spades, JSpades, 5Spades, 3Spades.
P3 HAND: JDiamonds, QDiamonds, 6Clubs, 2Clubs, AHearts, KHearts, 6Hearts, ASpades, KSpades, 4Spades.
P3 AHearts P0 2Hearts P1 ADiamonds P2 5Hearts 
P3 ASpades P0 2Spades P1 6Spades P2 3Spades 
P3 4Spades 
