-- GAME --
P0 HAND: 2Diamonds, AClubs, JClubs, QClubs, 5Clubs, 4Clubs, 2Clubs, JHearts, 7Spades, QSpades.
P1 HAND: ADiamonds, QDiamonds, 5Diamonds, KClubs, 7Hearts, KHearts, 5Hearts, JSpades, 3Spades, 2Spades.
P2 HAND: KDiamonds, JDiamonds, 6Diamonds, 7Clubs, 3Clubs, QHearts, 4Hearts, 3Hearts, ASpades, KSpades.
P3 HAND: 7Diamonds, 4Diamonds, 3Diamonds, 6Clubs, AHearts, 6Hearts, 2Hearts, 6Spades, 5Spades, 4Spades.
P0 JHearts P1 5Hearts P2 3Hearts P3 2Hearts 
P0 2Diamonds P1 ADiamonds P2 6Diamonds P3 7Diamonds 
P1 2Spades P2 ASpades P3 4Spades P0 7Spades 
P2 3Clubs P3 6Clubs P0 AClubs P1 KClubs 
P0 QSpades P1 3Spades P2 KSpades P3 5Spades 
P2 JDiamonds P3 3Diamonds P0 5Clubs P1 5Diamonds 
P2 4Hearts P3 6Hearts P0 2Clubs P1 KHearts 
P1 QDiamonds P2 KDiamonds P3 4Diamonds P0 JClubs 
P2 QHearts P3 AHearts P0 4Clubs P1 7Hearts 
P3 6Spades P0 QClubs P1 JSpades P2 7Clubs 
-- /GAME --
P0 HAND: ADiamonds, 7Clubs, JClubs, JHearts, QHearts, 4Hearts, 3Hearts, KSpades, QSpades, 6Spades.
P1 HAND: 7Diamonds, JDiamonds, 4Diamonds, 3Diamonds, KClubs, QClubs, 3Clubs, KHearts, ASpades, 4Spades.
P2 HAND: KDiamonds, 5Diamonds, 5Clubs, 2Clubs, 6Hearts, 2Hearts, 7Spades, 5Spades, 3Spades, 2Spades.
P3 HAND: QDiamonds, 6Diamonds, 2Diamonds, AClubs, 6Clubs, 4Clubs, AHearts, 7Hearts, 5Hearts, JSpades.
P3 AClubs P0 JClubs P1 KClubs P2 2Clubs 
P3 AHearts P0 3Hearts P1 KHearts P2 2Hearts 
P3 2Diamonds P0 ADiamonds P1 3Diamonds P2 KDiamonds 
P0 4Hearts P1 3Clubs P2 6Hearts P3 7Hearts 
P3 4Clubs P0 7Clubs P1 QClubs P2 5Clubs 
P0 QHearts P1 4Diamonds P2 5Diamonds P3 5Hearts 
P0 JHearts P1 4Spades P2 2Spades P3 QDiamonds 
P1 JDiamonds P2 3Spades P3 6Diamonds P0 KSpades 
P0 6Spades P1 ASpades P2 5Spades P3 JSpades 
P1 7Diamonds P2 7Spades P3 6Clubs P0 QSpades 
-- /GAME --
P0 HAND: ADiamonds, 3Diamonds, 2Diamonds, 7Clubs, 5Clubs, 2Clubs, AHearts, JHearts, 6Hearts, 4Hearts.
P1 HAND: 7Diamonds, KDiamonds, KClubs, QClubs, 4Clubs, 7Hearts, JSpades, QSpades, 5Spades, 4Spades.
P2 HAND: 4Diamonds, AClubs, 6Clubs, 3Clubs, QHearts, 3Hearts, ASpades, KSpades, 6Spades, 3Spades.
P3 HAND: JDiamonds, QDiamonds, 6Diamonds, 5Diamonds, JClubs, KHearts, 5Hearts, 2Hearts, 7Spades, 2Spades.
P2 AClubs P3 JClubs P0 7Clubs P1 4Clubs 
P2 ASpades P3 2Spades P0 JHearts P1 4Spades 
P2 3Clubs P3 2Hearts P0 2Clubs P1 KClubs 
P1 5Spades P2 3Spades P3 7Spades P0 2Diamonds 
P0 AHearts P1 7Hearts P2 QHearts P3 5Hearts 
P0 5Clubs P1 QClubs P2 6Clubs P3 KHearts 
P1 QSpades P2 6Spades P3 5Diamonds P0 6Hearts 
P3 6Diamonds P0 3Diamonds P1 KDiamonds P2 4Diamonds 
P1 JSpades P2 KSpades P3 QDiamonds P0 4Hearts 
P3 JDiamonds P0 ADiamonds P1 7Diamonds P2 3Hearts 
-- /GAME --
P0 HAND: 7Diamonds, 5Diamonds, 4Clubs, 7Hearts, KHearts, JHearts, 6Hearts, 7Spades, JSpades, 4Spades.
P1 HAND: 2Diamonds, QClubs, 5Clubs, 3Clubs, 5Hearts, 3Hearts, 2Hearts, QSpades, 5Spades, 2Spades.
P2 HAND: KDiamonds, JDiamonds, 6Diamonds, 3Diamonds, 7Clubs, JClubs, 6Clubs, ASpades, KSpades, 6Spades.
P3 HAND: ADiamonds, QDiamonds, 4Diamonds, AClubs, KClubs, 2Clubs, AHearts, QHearts, 4Hearts, 3Spades.
P1 2Diamonds P2 3Diamonds P3 ADiamonds P0 5Diamonds 
P3 AClubs P0 4Clubs P1 QClubs P2 6Clubs 
P3 AHearts P0 6Hearts P1 5Hearts P2 6Spades 
P2 6Diamonds P3 4Diamonds P0 7Diamonds P1 2Spades 
P1 2Hearts P2 KSpades P3 4Hearts P0 7Hearts 
P2 JDiamonds P3 QDiamonds P0 JSpades P1 3Clubs 
P0 KHearts P1 3Hearts P2 7Clubs P3 QHearts 
P0 JHearts P1 5Clubs P2 ASpades P3 2Clubs 
P2 JClubs P3 KClubs P0 4Spades P1 5Spades 
P1 QSpades P2 KDiamonds P3 3Spades P0 7Spades 
-- /GAME --
P0 HAND: JDiamonds, QDiamonds, 2Diamonds, 7Clubs, 5Clubs, JHearts, QHearts, 3Hearts, 2Hearts, 5Spades.
P1 HAND: ADiamonds, KClubs, JClubs, 2Clubs, 5Hearts, ASpades, 7Spades, QSpades, 4Spades, 2Spades.
P2 HAND: 7Diamonds, 6Diamonds, 5Diamonds, 4Diamonds, 4Clubs, 3Clubs, KHearts, KSpades, JSpades, 6Spades.
P3 HAND: KDiamonds, 3Diamonds, AClubs, QClubs, 6Clubs, AHearts, 7Hearts, 6Hearts, 4Hearts, 3Spades.
P0 2Hearts P1 5Hearts P2 KHearts P3 AHearts 
P3 AClubs P0 5Clubs P1 KClubs P2 3Clubs 
P3 3Spades P0 5Spades P1 ASpades P2 6Spades 
P1 2Clubs P2 4Clubs P3 6Clubs P0 7Clubs 
P0 3Hearts P1 2Spades P2 4Diamonds P3 4Hearts 
P2 JSpades P3 6Hearts P0 JDiamonds P1 4Spades 
P0 QHearts P1 QSpades P2 5Diamonds P3 7Hearts 
P2 6Diamonds P3 3Diamonds P0 QDiamonds P1 ADiamonds 
P1 JClubs P2 7Diamonds P3 QClubs P0 JHearts 
P2 KSpades P3 KDiamonds P0 2Diamonds P1 7Spades 
-- /GAME --
P0 HAND: 5Diamonds, QClubs, AHearts, JHearts, QHearts, 6Hearts, 4Hearts, 7Spades, JSpades, 3Spades.
P1 HAND: 7Clubs, 6Clubs, 4Clubs, 3Clubs, 7Hearts, 3Hearts, ASpades, QSpades, 6Spades, 5Spades.
P2 HAND: ADiamonds, JDiamonds, QDiamonds, 6Diamonds, 4Diamonds, 3Diamonds, JClubs, 5Hearts, 2Hearts, 4Spades.
P3 HAND: 7Diamonds, KDiamonds, 2Diamonds, AClubs, KClubs, 5Clubs, 2Clubs, KHearts, KSpades, 2Spades.
P3 2Diamonds P0 5Diamonds P1 3Hearts P2 ADiamonds 
P2 2Hearts P3 KHearts P0 AHearts P1 7Hearts 
P0 4Hearts P1 5Spades P2 5Hearts P3 2Spades 
P2 3Diamonds P3 7Diamonds P0 QClubs P1 7Clubs 
P1 6Spades P2 4Spades P3 KSpades P0 7Spades 
P0 6Hearts P1 QSpades P2 4Diamonds P3 2Clubs 
P3 5Clubs P0 3Spades P1 3Clubs P2 JClubs 
P2 6Diamonds P3 KDiamonds P0 QHearts P1 ASpades 
P3 KClubs P0 JSpades P1 4Clubs P2 QDiamonds 
P3 AClubs P0 JHearts P1 6Clubs P2 JDiamonds 
-- /GAME --
P0 HAND: ADiamonds, 6Clubs, KHearts, JHearts, 5Hearts, 2Hearts, KSpades, 6Spades, 4Spades, 3Spades.
P1 HAND: KDiamonds, JDiamonds, 4Diamonds, KClubs, 7Hearts, QHearts, 6Hearts, 4Hearts, 3Hearts, 2Spades.
P2 HAND: 7Diamonds, QDiamonds, 2Diamonds, JClubs, 5Clubs, 4Clubs, 3Clubs, ASpades, 7Spades, QSpades.
P3 HAND: 6Diamonds, 5Diamonds, 3Diamonds, AClubs, 7Clubs, QClubs, 2Clubs, AHearts, JSpades, 5Spades.
P0 6Clubs P1 KClubs P2 3Clubs P3 AClubs 
P3 AHearts P0 2Hearts P1 7Hearts P2 QSpades 
P2 2Diamonds P3 3Diamonds P0 ADiamonds P1 4Diamonds 
P0 KHearts P1 3Hearts P2 7Diamonds P3 5Spades 
P3 2Clubs P0 5Hearts P1 4Hearts P2 JClubs 
P2 4Clubs P3 QClubs P0 JHearts P1 KDiamonds 
P3 5Diamonds P0 KSpades P1 JDiamonds P2 QDiamonds 
P0 6Spades P1 2Spades P2 7Spades P3 JSpades 
P2 5Clubs P3 7Clubs P0 3Spades P1 6Hearts 
P0 4Spades P1 QHearts P2 ASpades P3 6Diamonds 
-- /GAME --
P0 HAND: 7Diamonds, QDiamonds, 6Diamonds, 5Clubs, 4Clubs, AHearts, QHearts, 6Spades, 5Spades, 3Spades.
P1 HAND: ADiamonds, KDiamonds, 4Diamonds, 3Diamonds, JClubs, 7Hearts, 6Hearts, 5Hearts, QSpades, 4Spades.
P2 HAND: JDiamonds, 5Diamonds, 2Diamonds, AClubs, QClubs, 3Clubs, 4Hearts, 3Hearts, ASpades, 2Spades.
P3 HAND: 7Clubs, KClubs, 6Clubs, 2Clubs, KHearts, JHearts, 2Hearts, 7Spades, KSpades, JSpades.
P3 2Clubs P0 5Clubs P1 JClubs P2 AClubs 
P2 ASpades P3 JSpades P0 6Spades P1 4Spades 
P2 2Spades P3 KSpades P0 5Spades P1 QSpades 
P3 2Hearts P0 AHearts P1 5Hearts P2 4Hearts 
P0 4Clubs P1 6Hearts P2 3Clubs P3 7Clubs 
P3 6Clubs P0 3Spades P1 3Diamonds P2 QClubs 
P1 4Diamonds P2 2Diamonds P3 JHearts P0 7Diamonds 
P0 QHearts P1 7Hearts P2 3Hearts P3 KHearts 
P1 KDiamonds P2 5Diamonds P3 KClubs P0 6Diamonds 
P1 ADiamonds P2 JDiamonds P3 7Spades P0 QDiamonds 
-- /GAME --
P0 HAND: ADiamonds, KDiamonds, 6Diamonds, 5Diamonds, 6Hearts, 3Hearts, 7Spades, JSpades, 6Spades, 5Spades.
P1 HAND: JDiamonds, 4Diamonds, 3Diamonds, 2Diamonds, AClubs, KClubs, ASpades, KSpades, 4Spades, 3Spades.
P2 HAND: 7Diamonds, QDiamonds, 6Clubs, 4Clubs, 3Clubs, KHearts, JHearts, QHearts, 5Hearts, QSpades.
P3 HAND: 7Clubs, JClubs, QClubs, 5Clubs, 2Clubs, AHearts, 7Hearts, 4Hearts, 2Hearts, 2Spades.
P2 3Clubs P3 2Clubs P0 3Hearts P1 AClubs 
P1 2Diamonds P2 QDiamonds P3 2Hearts P0 ADiamonds 
P0 6Hearts P1 3Diamonds P2 5Hearts P3 AHearts 
P3 4Hearts P0 5Diamonds P1 4Diamonds P2 KHearts 
P2 4Clubs P3 5Clubs P0 7Spades P1 KClubs 
P0 6Diamonds P1 JDiamonds P2 7Diamonds P3 2Spades 
P3 QClubs P0 JSpades P1 KSpades P2 6Clubs 
P1 3Spades P2 QSpades P3 JClubs P0 5Spades 
P2 QHearts P3 7Hearts P0 6Spades P1 ASpades 
P1 4Spades P2 JHearts P3 7Clubs P0 KDiamonds 
-- /GAME --
P0 HAND: ADiamonds, 7Diamonds, 3Diamonds, KClubs, 5Clubs, 4Clubs, AHearts, 7Hearts, 4Hearts, ASpades.
P1 HAND: KDiamonds, JDiamonds, 6Diamonds, AClubs, 7Clubs, JClubs, JHearts, 2Hearts, 7Spades, KSpades.
P2 HAND: QDiamonds, 5Diamonds, 4Diamonds, QClubs, 3Clubs, QHearts, 6Hearts, 5Hearts, JSpades, 5Spades.
P3 HAND: 2Diamonds, 6Clubs, 2Clubs, KHearts, 3Hearts, QSpades, 6Spades, 4Spades, 3Spades, 2Spades.
P1 AClubs P2 3Clubs P3 6Clubs P0 4Clubs 
P1 2Hearts P2 5Hearts P3 3Hearts P0 AHearts 
P0 ASpades P1 KSpades P2 JSpades P3 2Spades 
P0 5Clubs P1 JClubs P2 QClubs P3 2Clubs 
P1 JHearts P2 6Hearts P3 KHearts P0 7Hearts 
P0 KClubs P1 7Clubs P2 4Diamonds P3 3Spades 
P2 5Spades P3 4Spades P0 4Hearts P1 7Spades 
P1 6Diamonds P2 5Diamonds P3 2Diamonds P0 3Diamonds 
P1 JDiamonds P2 QDiamonds P3 6Spades P0 7Diamonds 
P0 ADiamonds P1 KDiamonds P2 QHearts P3 QSpades 
-- /GAME --
P0 HAND: 7Diamonds, KDiamonds, QDiamonds, 6Diamonds, 3Diamonds, KClubs, AHearts, JHearts, 4Hearts, QSpades.
P1 HAND: ADiamonds, AClubs, 7Clubs, 2Clubs, 5Hearts, 3Hearts, ASpades, KSpades, JSpades, 3Spades.
P2 HAND: 5Diamonds, 4Diamonds, 2Diamonds, 6Clubs, 5Clubs, 4Clubs, 3Clubs, 6Hearts, 2Hearts, 6Spades.
P3 HAND: JDiamonds, JClubs, QClubs, 7Hearts, KHearts, QHearts, 7Spades, 5Spades, 4Spades, 2Spades.
P0 QDiamonds P1 ADiamonds P2 2Diamonds 
