-- GAME --
P0 HAND: JDiamonds, 6Diamonds, 4Diamonds, 3Diamonds, 5Clubs, KHearts, 5Hearts, 4Hearts, 6Spades, 3Spades.
P1 HAND: KClubs, JClubs, QClubs, 4Clubs, QHearts, 3Hearts, 7Spades, QSpades, 4Spades, 2Spades.
P2 HAND: 7Diamonds, KDiamonds, 2Diamonds, 2Clubs, AHearts, 7Hearts, JHearts, 6Hearts, JSpades, 5Spades.
P3 HAND: ADiamonds, QDiamonds, 5Diamonds, AClubs, 7Clubs, 6Clubs, 3Clubs, 2Hearts, ASpades, KSpades.
P1 2Spades P2 5Spades P3 ASpades P0 3Spades 
P3 AClubs P0 5Clubs P1 KClubs P2 2Clubs 
P3 2Hearts P0 4Hearts P1 3Hearts P2 AHearts 
P2 6Hearts P3 3Clubs P0 KHearts P1 QHearts 
P0 5Hearts P1 4Clubs P2 JHearts P3 6Clubs 
P2 JSpades P3 KSpades P0 6Spades P1 7Spades 
P1 4Spades P2 2Diamonds P3 5Diamonds P0 JDiamonds 
P0 3Diamonds P1 QClubs P2 KDiamonds P3 ADiamonds 
P3 QDiamonds P0 4Diamonds P1 QSpades P2 7Diamonds 
P2 7Hearts P3 7Clubs P0 6Diamonds P1 JClubs 
-- /GAME --
P0 HAND: 4Diamonds, 2Diamonds, KClubs, 6Clubs, 3Clubs, 2Clubs, 3Hearts, 2Hearts, 7Spades, KSpades.
P1 HAND: KDiamonds, QDiamonds, 7Clubs, QClubs, 5Clubs, KHearts, ASpades, QSpades, 6Spades, 4Spades.
P2 HAND: ADiamonds, 7Diamonds, JDiamonds, 3Diamonds, JClubs, JHearts, 5Hearts, 4Hearts, 5Spades, 3Spades.
P3 HAND: 6Diamonds, 5Diamonds, AClubs, 4Clubs, AHearts, 7Hearts, QHearts, 6Hearts, JSpades, 2Spades.
P0 2Diamonds P1 QDiamonds P2 ADiamonds P3 5Diamonds 
P2 3Diamonds P3 6Diamonds P0 4Diamonds P1 KDiamonds 
P1 ASpades P2 3Spades P3 JSpades P0 KSpades 
P1 4Spades P2 5Spades P3 2Spades P0 7Spades 
P0 2Clubs P1 5Clubs P2 JClubs P3 AClubs 
P3 4Clubs P0 6Clubs P1 7Clubs P2 4Hearts 
P2 JDiamonds P3 6Hearts P0 3Clubs P1 QClubs 
P3 QHearts P0 2Hearts P1 KHearts P2 5Hearts 
P1 6Spades P2 JHearts P3 7Hearts P0 KClubs 
P3 AHearts P0 3Hearts P1 QSpades P2 7Diamonds 
-- /GAME --
P0 HAND: 7Diamonds, 5Diamonds, 4Diamonds, 3Diamonds, 2Diamonds, 7Clubs, KClubs, 3Clubs, 4Hearts, 3Spades.
P1 HAND: QDiamonds, 6Diamonds, AClubs, JClubs, 5Clubs, JHearts, 2Hearts, 7Spades, 5Spades, 4Spades.
P2 HAND: QClubs, 6Clubs, 4Clubs, 2Clubs, AHearts, KHearts, 5Hearts, 3Hearts, KSpades, 2Spades.
P3 HAND: ADiamonds, KDiamonds, JDiamonds, 7Hearts, QHearts, 6Hearts, ASpades, JSpades, QSpades, 6Spades.
P3 ADiamonds P0 2Diamonds P1 QDiamonds P2 2Clubs 
P2 AHearts P3 6Hearts P0 4Hearts P1 2Hearts 
P2 2Spades P3 ASpades P0 3Spades P1 7Spades 
P3 6Spades P0 3Diamonds P1 4Spades P2 KSpades 
P2 3Hearts P3 QHearts P0 3Clubs P1 JHearts 
P0 4Diamonds P1 6Diamonds P2 5Hearts P3 KDiamonds 
P3 QSpades P0 5Diamonds P1 5Spades P2 4Clubs 
P2 6Clubs P3 JDiamonds P0 KClubs P1 AClubs 
P1 5Clubs P2 QClubs P3 JSpades P0 7Clubs 
P0 7Diamonds P1 JClubs P2 KHearts P3 7Hearts 
-- /GAME --
P0 HAND: ADiamonds, 7Diamonds, JDiamonds, 6Clubs, 7Hearts, 3Hearts, 2Hearts, 7Spades, JSpades, 4Spades.
P1 HAND: 2Diamonds, AClubs, 7Clubs, 5Clubs, AHearts, JHearts, QHearts, 5Hearts, ASpades, 6Spades.
P2 HAND: 6Diamonds, 5Diamonds, 4Diamonds, 3Diamonds, QClubs, 4Clubs, 3Clubs, 2Clubs, 4Hearts, KSpades.
P3 HAND: KDiamonds, QDiamonds, KClubs, JClubs, KHearts, 6Hearts, QSpades, 5Spades, 3Spades, 2Spades.
P2 2Clubs P3 JClubs P0 6Clubs P1 AClubs 
P1 ASpades P2 KSpades P3 QSpades P0 4Spades 
P1 2Diamonds P2 3Diamonds P3 QDiamonds P0 ADiamonds 
P0 JSpades P1 6Spades P2 3Clubs P3 2Spades 
P0 JDiamonds P1 5Clubs P2 4Diamonds P3 KDiamonds 
P3 3Spades P0 7Spades P1 5Hearts P2 4Clubs 
P1 QHearts P2 4Hearts P3 6Hearts P0 2Hearts 
P1 JHearts P2 5Diamonds P3 KHearts P0 7Hearts 
P0 7Diamonds P1 AHearts P2 6Diamonds P3 KClubs 
P1 7Clubs P2 QClubs P3 5Spades P0 3Hearts 
-- /GAME --
P0 HAND: ADiamonds, 7Diamonds, JDiamonds, 4Clubs, 3Clubs, 2Clubs, JHearts, 5Hearts, ASpades, 5Spades.
P1 HAND: 5Diamonds, 4Diamonds, QClubs, AHearts, 6Hearts, 4Hearts, 7Spades, KSpades, QSpades, 2Spades.
P2 HAND: KDiamonds, 6Diamonds, AClubs, 5Clubs, 7Hearts, KHearts, 3Hearts, 2Hearts, 6Spades, 3Spades.
P3 HAND: QDiamonds, 3Diamonds, 2Diamonds, 7Clubs, KClubs, JClubs, 6Clubs, QHearts, JSpades, 4Spades.
P1 AHearts P2 2Hearts P3 QHearts P0 5Hearts 
P1 2Spades P2 3Spades P3 4Spades P0 ASpades 
P0 5Spades P1 QSpades P2 6Spades P3 JSpades 
P3 6Clubs P0 2Clubs P1 QClubs P2 AClubs 
P2 3Hearts P3 2Diamonds P0 JHearts P1 6Hearts 
P3 JClubs P0 3Clubs P1 4Hearts P2 5Clubs 
P3 3Diamonds P0 JDiamonds P1 4Diamonds P2 6Diamonds 
P0 7Diamonds P1 5Diamonds P2 KDiamonds P3 QDiamonds 
P0 4Clubs P1 KSpades P2 KHearts P3 7Clubs 
P3 KClubs P0 ADiamonds P1 7Spades P2 7Hearts 
-- /GAME --
P0 HAND: JDiamonds, 6Diamonds, 5Diamonds, 3Diamonds, QClubs, 4Clubs, 6Hearts, 5Hearts, 3Hearts, 2Spades.
P1 HAND: 7Diamonds, JClubs, 3Clubs, 2Clubs, AHearts, 4Hearts, JSpades, QSpades, 6Spades, 3Spades.
P2 HAND: ADiamonds, QDiamonds, 2Diamonds, 7Clubs, KClubs, 7Hearts, KHearts, QHearts, ASpades, 4Spades.
P3 HAND: KDiamonds, 4Diamonds, AClubs, 6Clubs, 5Clubs, JHearts, 2Hearts, 7Spades, KSpades, 5Spades.
P0 2Spades P1 3Spades P2 ASpades P3 5Spades 
P2 ADiamonds P3 4Diamonds P0 JDiamonds P1 7Diamonds 
P2 2Diamonds P3 KDiamonds P0 3Diamonds P1 JClubs 
P3 AClubs P0 4Clubs P1 3Clubs P2 KClubs 
P3 5Clubs P0 QClubs P1 2Clubs P2 7Clubs 
P2 4Spades P3 KSpades P0 3Hearts P1 6Spades 
P0 5Diamonds P1 QSpades P2 QDiamonds P3 6Clubs 
P2 QHearts P3 2Hearts P0 5Hearts P1 4Hearts 
P2 KHearts P3 JHearts P0 6Hearts P1 AHearts 
P1 JSpades P2 7Hearts P3 7Spades P0 6Diamonds 
-- /GAME --
P0 HAND: ADiamonds, JDiamonds, 6Diamonds, JClubs, QClubs, 4Clubs, 3Clubs, 2Clubs, KHearts, QSpades.
P1 HAND: 4Diamonds, 3Diamonds, KClubs, AHearts, JHearts, 4Hearts, 3Hearts, ASpades, KSpades, 6Spades.
P2 HAND: 7Diamonds, KDiamonds, QDiamonds, 5Diamonds, 7Clubs, 6Clubs, 6Hearts, 5Hearts, JSpades, 2Spades.
P3 HAND: 2Diamonds, AClubs, 5Clubs, 7Hearts, QHearts, 2Hearts, 7Spades, 5Spades, 4Spades, 3Spades.
P3 AClubs P0 2Clubs P1 KClubs P2 6Clubs 
P3 2Hearts P0 KHearts P1 AHearts P2 5Hearts 
P1 ASpades P2 2Spades P3 7Spades P0 QSpades 
P1 3Hearts P2 6Hearts P3 7Hearts P0 6Diamonds 
P0 JClubs P1 4Hearts P2 7Clubs P3 5Clubs 
P2 JSpades P3 3Spades P0 3Clubs P1 KSpades 
P1 6Spades P2 5Diamonds P3 4Spades P0 4Clubs 
P2 QDiamonds P3 2Diamonds P0 JDiamonds P1 3Diamonds 
P0 ADiamonds P1 4Diamonds P2 KDiamonds P3 5Spades 
P0 QClubs P1 JHearts P2 7Diamonds P3 QHearts 
-- /GAME --
P0 HAND: ADiamonds, QDiamonds, 3Diamonds, 2Diamonds, QClubs, 6Hearts, 4Hearts, JSpades, QSpades, 4Spades.
P1 HAND: 6Diamonds, 5Diamonds, 4Clubs, 3Clubs, 7Hearts, KHearts, JHearts, ASpades, KSpades, 2Spades.
P2 HAND: 7Diamonds, 4Diamonds, 7Clubs, 6Clubs, 5Clubs, 2Clubs, AHearts, QHearts, 6Spades, 3Spades.
P3 HAND: KDiamonds, JDiamonds, AClubs, KClubs, JClubs, 5Hearts, 3Hearts, 2Hearts, 7Spades, 5Spades.
P2 2Clubs P3 AClubs P0 QClubs P1 4Clubs 
P3 5Spades P0 JSpades P1 ASpades P2 3Spades 
P1 2Spades P2 6Spades P3 7Spades P0 4Spades 
P3 JDiamonds P0 ADiamonds P1 5Diamonds P2 7Diamonds 
P0 2Diamonds P1 6Diamonds P2 4Diamonds P3 KDiamonds 
P3 JClubs P0 3Diamonds P1 3Clubs P2 7Clubs 
P2 5Clubs P3 KClubs P0 4Hearts P1 JHearts 
P1 KHearts P2 QHearts P3 2Hearts P0 6Hearts 
P1 7Hearts P2 AHearts P3 3Hearts P0 QSpades 
P2 6Clubs P3 5Hearts P0 QDiamonds P1 KSpades 
-- /GAME --
P0 HAND: 5Diamonds, AClubs, KClubs, QClubs, 5Clubs, 4Clubs, AHearts, QHearts, QSpades, 3Spades.
P1 HAND: KDiamonds, QDiamonds, 6Diamonds, 7Clubs, 6Clubs, KHearts, 4Hearts, 3Hearts, ASpades, 7Spades.
P2 HAND: 7Diamonds, 3Clubs, 7Hearts, JHearts, 5Hearts, 2Hearts, KSpades, JSpades, 6Spades, 5Spades.
P3 HAND: ADiamonds, JDiamonds, 4Diamonds, 3Diamonds, 2Diamonds, JClubs, 2Clubs, 6Hearts, 4Spades, 2Spades.
P1 ASpades P2 5Spades P3 4Spades P0 3Spades 
P1 3Hearts P2 2Hearts P3 6Hearts P0 QHearts 
P0 AHearts P1 4Hearts P2 5Hearts P3 2Clubs 
P3 2Diamonds P0 5Diamonds P1 6Diamonds P2 7Diamonds 
P2 6Spades P3 2Spades P0 QSpades P1 7Spades 
P1 QDiamonds P2 3Clubs P3 3Diamonds P0 4Clubs 
P0 AClubs P1 6Clubs P2 7Hearts P3 JClubs 
P0 5Clubs P1 7Clubs P2 JHearts P3 ADiamonds 
P1 KDiamonds P2 JSpades P3 4Diamonds P0 QClubs 
P0 KClubs P1 KHearts P2 KSpades P3 JDiamonds 
-- /GAME --
P0 HAND: ADiamonds, KDiamonds, 4Diamonds, 5Clubs, AHearts, 7Hearts, KHearts, 2Hearts, QSpades, 4Spades.
P1 HAND: 6Diamonds, 2Diamonds, AClubs, KClubs, 6Clubs, 2Clubs, JHearts, 6Hearts, 5Hearts, 7Spades.
P2 HAND: 7Diamonds, JDiamonds, 7Clubs, JClubs, 4Clubs, 3Hearts, ASpades, KSpades, 6Spades, 5Spades.
P3 HAND: QDiamonds, 5Diamonds, 3Diamonds, QClubs, 3Clubs, QHearts, 4Hearts, JSpades, 3Spades, 2Spades.
P0 4Spades P1 7Spades P2 ASpades P3 2Spades 
P2 4Clubs P3 3Clubs P0 5Clubs P1 AClubs 
P1 2Diamonds P2 JDiamonds P3 3Diamonds P0 ADiamonds 
P0 QSpades P1 2Clubs P2 KSpades P3 3Spades 
P2 5Spades P3 JSpades P0 4Diamonds P1 KClubs 
P3 5Diamonds P0 KDiamonds P1 6Diamonds P2 7Diamonds 
P2 6Spades P3 QDiamonds P0 2Hearts P1 6Clubs 
P0 KHearts P1 5Hearts P2 3Hearts P3 4Hearts 
P0 7Hearts P1 6Hearts P2 JClubs P3 QHearts 
P0 AHearts P1 JHearts P2 7Clubs P3 QClubs 
-- /GAME --
P0 HAND: ADiamonds, JDiamonds, QDiamonds, 4Diamonds, 3Diamonds, 4Clubs, AHearts, 4Hearts, 7Spades, QSpades.
P1 HAND: 5Diamonds, 7Clubs, 5Clubs, 3Clubs, 2Clubs, JHearts, 6Hearts, KSpades, 6Spades, 5Spades.
P2 HAND: 7Diamonds, KDiamonds, 2Diamonds, AClubs, KClubs, 6Clubs, 7Hearts, KHearts, 2Hearts, JSpades.
P3 HAND: 6Diamonds, JClubs, QClubs, QHearts, 5Hearts, 3Hearts, ASpades, 4Spades, 3Spades, 2Spades.
P0 4Clubs P1 2Clubs P2 AClubs P3 QClubs 
P2 2Diamonds P3 6Diamonds P0 ADiamonds P1 5Diamonds 
P0 AHearts P1 6Hearts P2 7Hearts P3 3Hearts 
P0 4Hearts P1 JHearts P2 KHearts P3 5Hearts 
P2 2Hearts P3 QHearts P0 3Diamonds P1 7Clubs 
P3 JClubs P0 4Diamonds P1 3Clubs P2 KClubs 
P2 6Clubs P3 2Spades P0 QSpades P1 5Clubs 
P0 QDiamonds P1 5Spades P2 KDiamonds P3 3Spades 
P1 6Spades P2 JSpades P3 4Spades P0 7Spades 
P0 JDiamonds P1 KSpades P2 7Diamonds P3 ASpades 
-- /GAME --
P0 HAND: 7Diamonds, AClubs, JClubs, 6Clubs, 3Clubs, JHearts, 6Hearts, JSpades, QSpades, 6Spades.
P1 HAND: ADiamonds, JDiamonds, 6Diamonds, 3Diamonds, 5Hearts, 3Hearts, ASpades, 7Spades, KSpades, 3Spades.
P2 HAND: KDiamonds, QDiamonds, 2Diamonds, QClubs, 5Clubs, 2Clubs, 4Hearts, 5Spades, 4Spades, 2Spades.
P3 HAND: 5Diamonds, 4Diamonds, 7Clubs, KClubs, 4Clubs, AHearts, 7Hearts, KHearts, QHearts, 2Hearts.
P3 4Diamonds P0 7Diamonds P1 ADiamonds P2 2Diamonds 
P1 ASpades P2 2Spades P3 7Clubs P0 6Spades 
P1 3Diamonds P2 QDiamonds P3 5Diamonds P0 AClubs 
P2 2Clubs P3 KClubs P0 6Clubs P1 7Spades 
P3 4Clubs P0 JClubs P1 3Spades P2 QClubs 
P0 QSpades P1 KSpades P2 4Spades P3 2Hearts 
P3 QHearts P0 JHearts P1 3Hearts P2 4Hearts 
P0 JSpades P1 6Diamonds P2 5Spades P3 KHearts 
P3 7Hearts P0 6Hearts P1 5Hearts P2 5Clubs 
P3 AHearts P0 3Clubs P1 JDiamonds P2 KDiamonds 
-- /GAME --
P0 HAND: KClubs, JClubs, QClubs, 4Clubs, 3Clubs, 2Clubs, AHearts, 3Hearts, 6Spades, 4Spades.
P1 HAND: 5Diamonds, 3Diamonds, 5Clubs, JHearts, QHearts, 5Hearts, 4Hearts, 2Hearts, JSpades, 3Spades.
P2 HAND: ADiamonds, KDiamonds, JDiamonds, 6Diamonds, 4Diamonds, AClubs, 6Hearts, ASpades, 7Spades, 2Spades.
P3 HAND: 7Diamonds, QDiamonds, 2Diamonds, 7Clubs, 6Clubs, 7Hearts, KHearts, KSpades, QSpades, 5Spades.
P2 4Diamonds P3 2Diamonds P0 3Hearts P1 5Diamonds 
P1 2Hearts P2 6Hearts P3 KHearts P0 AHearts 
P0 2Clubs P1 5Clubs P2 AClubs P3 6Clubs 
P2 6Diamonds P3 QDiamonds P0 4Spades P1 3Diamonds 
P0 KClubs P1 4Hearts P2 2Spades P3 7Clubs 
P2 JDiamonds P3 7Diamonds P0 6Spades P1 JSpades 
P1 5Hearts P2 7Spades P3 7Hearts P0 JClubs 
P2 ASpades P3 5Spades P0 QClubs P1 3Spades 
P2 KDiamonds P3 QSpades P0 3Clubs P1 JHearts 
P3 KSpades P0 4Clubs P1 QHearts P2 ADiamonds 
-- /GAME --
P0 HAND: ADiamonds, 7Diamonds, QClubs, 6Clubs, QHearts, 5Hearts, ASpades, 7Spades, KSpades, 3Spades.
P1 HAND: KDiamonds, 6Diamonds, 5Diamonds, 2Diamonds, AClubs, KClubs, JClubs, 5Clubs, JHearts, JSpades.
P2 HAND: JDiamonds, 7Clubs, AHearts, 7Hearts, KHearts, 6Hearts, 2Hearts, 6Spades, 5Spades, 2Spades.
P3 HAND: QDiamonds, 4Diamonds, 3Diamonds, 4Clubs, 3Clubs, 2Clubs, 4Hearts, 3Hearts, QSpades, 4Spades.
P1 AClubs P2 7Clubs P3 4Clubs P0 6Clubs 
P1 2Diamonds P2 JDiamonds P3 3Diamonds P0 ADiamonds 
P0 7Diamonds P1 5Diamonds P2 AHearts P3 4Diamonds 
P0 QClubs P1 5Clubs P2 2Hearts P3 2Clubs 
P0 QHearts P1 JHearts P2 7Hearts P3 3Hearts 
P2 6Hearts P3 4Hearts P0 5Hearts P1 6Diamonds 
P2 2Spades P3 4Spades P0 KSpades P1 JSpades 
P0 7Spades P1 JClubs P2 5Spades P3 QSpades 
P0 ASpades P1 KDiamonds P2 6Spades P3 3Clubs 
P0 3Spades P1 KClubs P2 KHearts P3 QDiamonds 
-- /GAME --
P0 HAND: 5Diamonds, KClubs, 6Clubs, 3Clubs, AHearts, ASpades, JSpades, 6Spades, 5Spades, 4Spades.
P1 HAND: ADiamonds, KDiamonds, 4Diamonds, AClubs, 7Clubs, 2Clubs, KHearts, 3Hearts, 7Spades, QSpades.
P2 HAND: 3Diamonds, 2Diamonds, QClubs, JHearts, QHearts, 6Hearts, 5Hearts, 2Hearts, KSpades, 2Spades.
P3 HAND: 7Diamonds, JDiamonds, QDiamonds, 6Diamonds, JClubs, 5Clubs, 4Clubs, 7Hearts, 4Hearts, 3Spades.
P0 5Diamonds P1 ADiamonds P2 2Diamonds P3 7Diamonds 
P1 3Hearts P2 2Hearts P3 4Hearts P0 AHearts 
P0 ASpades P1 QSpades P2 KSpades P3 3Spades 
P0 4Spades P1 7Spades P2 2Spades P3 7Hearts 
P1 4Diamonds P2 3Diamonds P3 6Diamonds P0 5Spades 
P3 QDiamonds P0 3Clubs P1 KDiamonds P2 JHearts 
P0 6Spades P1 2Clubs P2 5Hearts P3 JDiamonds 
P1 7Clubs P2 QClubs P3 4Clubs P0 6Clubs 
P1 AClubs P2 6Hearts P3 5Clubs P0 KClubs 
P1 KHearts P2 QHearts P3 JClubs P0 JSpades 
-- /GAME --
P0 HAND: 7Diamonds, QDiamonds, 5Diamonds, 4Diamonds, 3Diamonds, 7Clubs, JClubs, 2Clubs, JHearts, 2Spades.
P1 HAND: ADiamonds, 6Diamonds, 6Clubs, 4Clubs, 3Clubs, 7Hearts, KHearts, 2Hearts, ASpades, 6Spades.
P2 HAND: KDiamonds, JDiamonds, 2Diamonds, AClubs, KClubs, QClubs, 5Clubs, QHearts, 6Hearts, 3Spades.
P3 HAND: AHearts, 5Hearts, 4Hearts, 3Hearts, 7Spades, KSpades, JSpades, QSpades, 5Spades, 4Spades.
P3 AHearts P0 JHearts P1 7Hearts P2 6Hearts 
P3 3Hearts P0 3Diamonds P1 KHearts P2 QHearts 
P1 ADiamonds P2 2Diamonds P3 7Spades P0 4Diamonds 
P1 ASpades P2 3Spades P3 KSpades P0 2Spades 
P1 2Hearts P2 5Clubs P3 4Hearts P0 7Diamonds 
P2 JDiamonds P3 4Spades P0 QDiamonds P1 6Diamonds 
P2 QClubs P3 5Hearts P0 2Clubs P1 3Clubs 
P2 KClubs P3 5Spades P0 JClubs P1 4Clubs 
P2 AClubs P3 QSpades P0 7Clubs P1 6Clubs 
P2 KDiamonds P3 JSpades P0 5Diamonds P1 6Spades 
-- /GAME --
P0 HAND: 7Diamonds, KDiamonds, AClubs, 5Clubs, 3Clubs, 6Hearts, ASpades, 7Spades, JSpades, QSpades.
P1 HAND: QDiamonds, 6Diamonds, 2Diamonds, 7Clubs, KHearts, 5Hearts, 4Hearts, KSpades, 6Spades, 3Spades.
P2 HAND: ADiamonds, JDiamonds, 5Diamonds, 4Diamonds, KClubs, 6Clubs, 2Clubs, QHearts, 4Spades, 2Spades.
P3 HAND: 3Diamonds, JClubs, QClubs, 4Clubs, AHearts, 7Hearts, JHearts, 3Hearts, 2Hearts, 5Spades.
P2 ADiamonds P3 3Diamonds P0 7Diamonds P1 2Diamonds 
P2 2Clubs P3 4Clubs P0 AClubs P1 7Clubs 
P0 6Hearts P1 4Hearts P2 QHearts P3 AHearts 
P3 2Hearts P0 5Clubs P1 5Hearts P2 4Diamonds 
P1 6Diamonds P2 5Diamonds P3 3Hearts P0 KDiamonds 
P0 3Clubs P1 QDiamonds P2 KClubs P3 QClubs 
P2 6Clubs P3 JClubs P0 QSpades P1 KSpades 
P1 3Spades P2 2Spades P3 5Spades P0 JSpades 
P0 7Spades P1 6Spades P2 4Spades P3 JHearts 
P0 ASpades P1 KHearts P2 JDiamonds P3 7Hearts 
-- /GAME --
P0 HAND: ADiamonds, KDiamonds, QClubs, AHearts, JHearts, 4Hearts, 2Hearts, 5Spades, 4Spades, 2Spades.
P1 HAND: 6Diamonds, 5Diamonds, 2Diamonds, AClubs, 6Clubs, 6Hearts, ASpades, 7Spades, KSpades, JSpades.
P2 HAND: 7Clubs, JClubs, 5Clubs, 3Clubs, 7Hearts, KHearts, 3Hearts, QSpades, 6Spades, 3Spades.
P3 HAND: 7Diamonds, JDiamonds, QDiamonds, 4Diamonds, 3Diamonds, KClubs, 4Clubs, 2Clubs, QHearts, 5Hearts.
P1 AClubs P2 3Clubs P3 KClubs P0 QClubs 
P1 ASpades P2 3Spades P3 7Diamonds P0 2Spades 
P1 2Diamonds P2 5Clubs P3 3Diamonds P0 ADiamonds 
P0 KDiamonds P1 5Diamonds P2 7Clubs P3 4Diamonds 
P0 4Spades P1 JSpades P2 6Spades P3 JDiamonds 
P1 6Diamonds P2 QSpades P3 QDiamonds P0 2Hearts 
P0 5Spades P1 KSpades P2 3Hearts P3 2Clubs 
P2 JClubs P3 4Clubs P0 4Hearts P1 6Clubs 
P0 AHearts P1 6Hearts P2 KHearts P3 5Hearts 
P0 JHearts P1 7Spades P2 7Hearts P3 QHearts 
-- /GAME --
P0 HAND: 4Diamonds, 2Diamonds, JClubs, 6Clubs, 5Clubs, JHearts, 5Hearts, 2Hearts, ASpades, 6Spades.
P1 HAND: QDiamonds, 6Diamonds, 6Hearts, 4Hearts, 3Hearts, KSpades, JSpades, QSpades, 5Spades, 3Spades.
P2 HAND: 7Diamonds, KDiamonds, JDiamonds, 5Diamonds, 3Diamonds, AClubs, KClubs, 3Clubs, 7Hearts, 7Spades.
P3 HAND: ADiamonds, 7Clubs, QClubs, 4Clubs, 2Clubs, AHearts, KHearts, QHearts, 4Spades, 2Spades.
P0 2Diamonds P1 6Diamonds P2 3Diamonds P3 ADiamonds 
P3 AHearts P0 2Hearts P1 6Hearts P2 7Hearts 
P3 2Clubs P0 JClubs P1 3Hearts P2 AClubs 
P2 3Clubs P3 4Clubs P0 5Clubs P1 4Hearts 
P0 6Clubs P1 QDiamonds P2 KClubs P3 7Clubs 
P3 QClubs P0 5Hearts P1 3Spades P2 5Diamonds 
P1 5Spades P2 7Spades P3 2Spades P0 6Spades 
P2 JDiamonds P3 QHearts P0 4Diamonds P1 QSpades 
P1 JSpades P2 KDiamonds P3 4Spades P0 ASpades 
P0 JHearts P1 KSpades P2 7Diamonds P3 KHearts 
-- /GAME --
P0 HAND: ADiamonds, KDiamonds, 5Clubs, AHearts, 7Hearts, QHearts, 5Hearts, 4Hearts, 3Hearts, QSpades.
P1 HAND: 4Diamonds, AClubs, 7Clubs, QClubs, 4Clubs, 6Hearts, 7Spades, KSpades, JSpades, 4Spades.
P2 HAND: 7Diamonds, JDiamonds, 5Diamonds, KClubs, KHearts, JHearts, ASpades, 6Spades, 5Spades, 2Spades.
P3 HAND: QDiamonds, 6Diamonds, 3Diamonds, 2Diamonds, JClubs, 6Clubs, 3Clubs, 2Clubs, 2Hearts, 3Spades.
P3 2Clubs P0 5Clubs P1 AClubs P2 KClubs 
P1 4Clubs P2 2Spades P3 3Clubs P0 QSpades 
P1 4Spades P2 ASpades P3 3Spades P0 AHearts 
P2 5Spades P3 2Hearts P0 3Hearts P1 7Spades 
P1 6Hearts P2 JHearts P3 6Clubs P0 7Hearts 
P0 QHearts P1 QClubs P2 KHearts P3 2Diamonds 
P3 JClubs P0 4Hearts P1 7Clubs P2 5Diamonds 
P2 6Spades P3 3Diamonds P0 5Hearts P1 KSpades 
P3 6Diamonds P0 KDiamonds P1 4Diamonds P2 JDiamonds 
P0 ADiamonds P1 JSpades P2 7Diamonds P3 QDiamonds 
-- /GAME --

