-- GAME --
P0 HAND: KDiamonds, KClubs, 5Clubs, JHearts, 6Hearts, 2Hearts, ASpades, 7Spades, JSpades, QSpades.
P1 HAND: ADiamonds, QDiamonds, 5Diamonds, 4Diamonds, AClubs, 4Clubs, 7Hearts, 5Hearts, KSpades, 3Spades.
P2 HAND: 7Diamonds, JDiamonds, 2Diamonds, 7Clubs, JClubs, 3Clubs, AHearts, QHearts, 4Hearts, 4Spades.
P3 HAND: 6Diamonds, 3Diamonds, QClubs, 6Clubs, 2Clubs, KHearts, 3Hearts, 6Spades, 5Spades, 2Spades.
P1 ADiamonds P2 2Diamonds P3 6Diamonds P0 KDiamonds 
P1 AClubs P2 3Clubs P3 QClubs P0 5Clubs 
P1 3Spades P2 4Spades P3 2Spades P0 ASpades 
P0 7Spades P1 KSpades P2 7Diamonds P3 5Spades 
P0 KClubs P1 4Clubs P2 7Clubs P3 2Clubs 
P2 JDiamonds P3 3Diamonds P0 2Hearts P1 4Diamonds 
P0 QSpades P1 5Diamonds P2 4Hearts P3 6Spades 
P2 JClubs P3 6Clubs P0 JSpades P1 5Hearts 
P1 QDiamonds P2 QHearts P3 3Hearts P0 JHearts 
P0 6Hearts P1 7Hearts P2 AHearts P3 KHearts 
-- /GAME --
P0 HAND: 7Diamonds, KDiamonds, JDiamonds, QDiamonds, 5Diamonds, QClubs, 2Clubs, JHearts, 6Hearts, JSpades.
P1 HAND: 4Diamonds, 3Diamonds, 2Diamonds, AClubs, KClubs, 5Clubs, 4Clubs, 2Hearts, 7Spades, 4Spades.
P2 HAND: 6Diamonds, 7Clubs, 6Clubs, 3Clubs, KHearts, 5Hearts, 4Hearts, KSpades, 5Spades, 2Spades.
P3 HAND: ADiamonds, JClubs, AHearts, 7Hearts, QHearts, 3Hearts, ASpades, QSpades, 6Spades, 3Spades.
P0 JSpades P1 4Spades P2 2Spades P3 ASpades 
P3 ADiamonds P0 5Diamonds P1 4Diamonds P2 6Diamonds 
P3 3Spades P0 2Clubs P1 7Spades P2 5Spades 
P1 2Diamonds P2 3Clubs P3 6Spades P0 7Diamonds 
P0 KDiamonds P1 3Diamonds P2 6Clubs P3 QSpades 
P0 JDiamonds P1 4Clubs P2 4Hearts P3 3Hearts 
P2 5Hearts P3 QHearts P0 6Hearts P1 2Hearts 
P3 JClubs P0 QClubs P1 5Clubs P2 7Clubs 
P2 KHearts P3 7Hearts P0 JHearts P1 AClubs 
P3 AHearts P0 QDiamonds P1 KClubs P2 KSpades 
-- /GAME --
P0 HAND: 7Diamonds, 5Diamonds, AClubs, 7Clubs, QClubs, 5Clubs, 4Clubs, 4Hearts, 2Hearts, 5Spades.
P1 HAND: ADiamonds, 6Diamonds, KClubs, JClubs, 2Clubs, AHearts, JHearts, 5Hearts, 7Spades, 6Spades.
P2 HAND: KDiamonds, 4Diamonds, 6Clubs, QHearts, 3Hearts, KSpades, JSpades, QSpades, 4Spades, 3Spades.
P3 HAND: JDiamonds, QDiamonds, 3Diamonds, 2Diamonds, 3Clubs, 7Hearts, KHearts, 6Hearts, ASpades, 2Spades.
P3 ASpades P0 5Spades P1 7Spades P2 3Spades 
P3 2Diamonds P0 5Diamonds P1 ADiamonds P2 4Diamonds 
P1 2Clubs P2 6Clubs P3 3Clubs P0 AClubs 
P0 7Diamonds P1 6Diamonds P2 KDiamonds P3 3Diamonds 
P0 4Clubs P1 JClubs P2 4Spades P3 JDiamonds 
P1 6Spades P2 QSpades P3 2Spades P0 7Clubs 
P2 JSpades P3 QDiamonds P0 QClubs P1 5Hearts 
P1 JHearts P2 3Hearts P3 6Hearts P0 2Hearts 
P1 AHearts P2 QHearts P3 KHearts P0 4Hearts 
P1 KClubs P2 KSpades P3 7Hearts P0 5Clubs 
-- /GAME --
P0 HAND: 7Diamonds, 4Diamonds, 3Diamonds, JClubs, 6Clubs, JHearts, QHearts, 5Hearts, 2Hearts, 4Spades.
P1 HAND: ADiamonds, 5Diamonds, 2Clubs, AHearts, 7Hearts, KHearts, 3Hearts, 6Spades, 5Spades, 2Spades.
P2 HAND: 2Diamonds, AClubs, KClubs, QClubs, 4Clubs, 6Hearts, 7Spades, KSpades, QSpades, 3Spades.
P3 HAND: KDiamonds, JDiamonds, QDiamonds, 6Diamonds, 7Clubs, 5Clubs, 3Clubs, 4Hearts, ASpades, JSpades.
P2 AClubs P3 3Clubs P0 6Clubs P1 2Clubs 
P2 2Diamonds P3 6Diamonds P0 3Diamonds P1 ADiamonds 
P1 2Spades P2 3Spades P3 ASpades P0 4Spades 
P3 5Clubs P0 JClubs P1 5Diamonds P2 KClubs 
P2 4Clubs P3 7Clubs P0 JHearts P1 KHearts 
P1 5Spades P2 QSpades P3 JSpades P0 4Diamonds 
P3 QDiamonds P0 7Diamonds P1 3Hearts P2 6Hearts 
P2 QClubs P3 4Hearts P0 2Hearts P1 6Spades 
P3 JDiamonds P0 QHearts P1 7Hearts P2 KSpades 
P1 AHearts P2 7Spades P3 KDiamonds P0 5Hearts 
-- /GAME --
P0 HAND: ADiamonds, 7Diamonds, KDiamonds, 6Diamonds, 7Clubs, QClubs, KHearts, QHearts, 6Hearts, QSpades.
P1 HAND: 4Diamonds, 4Clubs, 2Clubs, AHearts, 7Hearts, JHearts, 4Hearts, JSpades, 6Spades, 4Spades.
P2 HAND: 2Diamonds, AClubs, KClubs, 6Clubs, 5Clubs, 3Clubs, 5Hearts, 2Hearts, KSpades, 3Spades.
P3 HAND: JDiamonds, QDiamonds, 5Diamonds, 3Diamonds, JClubs, 3Hearts, ASpades, 7Spades, 5Spades, 2Spades.
P1 AHearts P2 2Hearts P3 3Hearts P0 6Hearts 
P1 2Clubs P2 AClubs P3 JClubs P0 7Clubs 
P2 3Clubs P3 2Spades P0 QClubs P1 4Clubs 
P0 QSpades P1 4Spades P2 3Spades P3 ASpades 
P3 5Spades P0 6Diamonds P1 6Spades P2 KSpades 
P0 KDiamonds P1 4Diamonds P2 2Diamonds P3 3Diamonds 
P0 QHearts P1 4Hearts P2 5Hearts P3 5Diamonds 
P3 QDiamonds P0 7Diamonds P1 JHearts P2 KClubs 
P0 KHearts P1 7Hearts P2 5Clubs P3 7Spades 
P1 JSpades P2 6Clubs P3 JDiamonds P0 ADiamonds 
-- /GAME --
P0 HAND: 7Diamonds, JDiamonds, QDiamonds, 5Diamonds, 4Clubs, 5Hearts, ASpades, 7Spades, JSpades, 5Spades.
P1 HAND: 2Diamonds, 7Clubs, KClubs, JClubs, QClubs, 6Clubs, 7Hearts, 2Hearts, 6Spades, 4Spades.
P2 HAND: ADiamonds, KDiamonds, 3Diamonds, AClubs, 5Clubs, 2Clubs, QHearts, 6Hearts, KSpades, 2Spades.
P3 HAND: 6Diamonds, 4Diamonds, 3Clubs, AHearts, KHearts, JHearts, 4Hearts, 3Hearts, QSpades, 3Spades.
P0 ASpades P1 4Spades P2 KSpades P3 3Spades 
P0 7Spades P1 6Spades P2 2Spades P3 QSpades 
P0 5Diamonds P1 2Diamonds P2 ADiamonds P3 4Diamonds 
P2 AClubs P3 3Clubs P0 4Clubs P1 6Clubs 
P2 2Clubs P3 6Diamonds P0 5Hearts P1 QClubs 
P0 5Spades P1 2Hearts P2 3Diamonds P3 3Hearts 
P3 4Hearts P0 JSpades P1 7Hearts P2 6Hearts 
P1 JClubs P2 5Clubs P3 JHearts P0 QDiamonds 
P3 KHearts P0 JDiamonds P1 KClubs P2 QHearts 
P3 AHearts P0 7Diamonds P1 7Clubs P2 KDiamonds 
-- /GAME --
P0 HAND: 7Diamonds, 4Diamonds, 7Clubs, 6Clubs, 4Clubs, KHearts, 4Hearts, ASpades, 6Spades, 4Spades.
P1 HAND: ADiamonds, 3Diamonds, AClubs, 2Clubs, AHearts, 7Hearts, 7Spades, KSpades, JSpades, 5Spades.
P2 HAND: KDiamonds, QDiamonds, 2Diamonds, QClubs, 3Clubs, JHearts, 6Hearts, 5Hearts, 2Hearts, QSpades.
P3 HAND: JDiamonds, 6Diamonds, 5Diamonds, KClubs, JClubs, 5Clubs, QHearts, 3Hearts, 3Spades, 2Spades.
P3 3Hearts 
