-- GAME --
P0 HAND: ADiamonds, 6Diamonds, QClubs, 6Clubs, AHearts, 5Hearts, 3Hearts, KSpades, QSpades, 5Spades.
P1 HAND: QDiamonds, 3Diamonds, KClubs, 5Clubs, 4Clubs, JHearts, 6Hearts, 4Hearts, 2Hearts, ASpades.
P2 HAND: 2Diamonds, AClubs, 7Clubs, 3Clubs, 7Hearts, KHearts, QHearts, 7Spades, 6Spades, 4Spades.
P3 HAND: 7Diamonds, KDiamonds, JDiamonds, 5Diamonds, 4Diamonds, JClubs, 2Clubs, JSpades, 3Spades, 2Spades.
P3 2Spades P0 5Spades P1 ASpades P2 4Spades 
P1 2Hearts P2 QHearts P3 3Spades P0 AHearts 
P0 ADiamonds P1 3Diamonds P2 2Diamonds P3 4Diamonds 
P0 6Diamonds P1 QDiamonds P2 6Spades P3 7Diamonds 
P3 5Diamonds P0 3Hearts P1 4Hearts P2 3Clubs 
P2 7Clubs P3 2Clubs P0 6Clubs P1 4Clubs 
P2 AClubs P3 JClubs P0 QClubs P1 5Clubs 
P2 KHearts P3 JDiamonds P0 5Hearts P1 6Hearts 
P2 7Hearts P3 JSpades P0 QSpades P1 JHearts 
P2 7Spades P3 KDiamonds P0 KSpades P1 KClubs 
-- /GAME --
P0 HAND: QDiamonds, 4Diamonds, 2Diamonds, 3Clubs, JHearts, 2Hearts, 7Spades, 4Spades, 3Spades, 2Spades.
P1 HAND: ADiamonds, 7Diamonds, 6Diamonds, 5Diamonds, AClubs, 4Clubs, 2Clubs, 5Hearts, 3Hearts, KSpades.
P2 HAND: KDiamonds, JDiamonds, 3Diamonds, 7Clubs, JClubs, 7Hearts, 4Hearts, JSpades, 6Spades, 5Spades.
P3 HAND: KClubs, QClubs, 6Clubs, 5Clubs, AHearts, KHearts, QHearts, 6Hearts, ASpades, QSpades.
P2 4Hearts P3 AHearts P0 2Hearts P1 5Hearts 
P3 ASpades P0 2Spades P1 KSpades P2 5Spades 
P3 5Clubs P0 3Clubs P1 AClubs P2 JClubs 
P1 2Clubs P2 7Clubs P3 6Clubs P0 7Spades 
P2 6Spades P3 QSpades P0 3Spades P1 4Clubs 
P3 6Hearts P0 JHearts P1 3Hearts P2 7Hearts 
P2 JSpades P3 QClubs P0 4Spades P1 5Diamonds 
P1 6Diamonds P2 3Diamonds P3 QHearts P0 QDiamonds 
P0 2Diamonds P1 7Diamonds P2 JDiamonds P3 KClubs 
P1 ADiamonds P2 KDiamonds P3 KHearts P0 4Diamonds 
-- /GAME --
P0 HAND: ADiamonds, KDiamonds, 7Clubs, JHearts, 4Hearts, 2Hearts, QSpades, 6Spades, 4Spades, 3Spades.
P1 HAND: 7Diamonds, 2Diamonds, QClubs, 5Clubs, 3Clubs, AHearts, KHearts, QHearts, ASpades, KSpades.
P2 HAND: JDiamonds, QDiamonds, 5Diamonds, 3Diamonds, KClubs, JClubs, 2Clubs, 6Hearts, 5Hearts, JSpades.
P3 HAND: 6Diamonds, 4Diamonds, AClubs, 6Clubs, 4Clubs, 7Hearts, 3Hearts, 7Spades, 5Spades, 2Spades.

