-- GAME --
P0 HAND: KDiamonds, 6Diamonds, 5Diamonds, 4Diamonds, 3Diamonds, JClubs, 5Clubs, 4Clubs, AHearts, QSpades.
P1 HAND: QDiamonds, 3Clubs, 2Clubs, QHearts, 6Hearts, 3Hearts, 2Hearts, ASpades, 7Spades, 3Spades.
P2 HAND: ADiamonds, QClubs, 7Hearts, KHearts, JHearts, 5Hearts, KSpades, 6Spades, 4Spades, 2Spades.
P3 HAND: 7Diamonds, JDiamonds, 2Diamonds, AClubs, 7Clubs, KClubs, 6Clubs, 4Hearts, JSpades, 5Spades.
P1 2Clubs P2 QClubs P3 AClubs P0 5Clubs 
P3 2Diamonds P0 6Diamonds P1 QDiamonds P2 ADiamonds 
P2 5Hearts P3 4Hearts P0 AHearts P1 2Hearts 
P0 JClubs P1 3Clubs P2 2Spades P3 6Clubs 
P2 JHearts P3 5Spades P0 QSpades P1 3Hearts 
P0 KDiamonds P1 6Hearts P2 4Spades P3 JDiamonds 
P2 6Spades P3 JSpades P0 3Diamonds P1 3Spades 
P3 KClubs P0 4Clubs P1 QHearts P2 KSpades 
P2 KHearts P3 7Diamonds P0 5Diamonds P1 7Spades 
P1 ASpades P2 7Hearts P3 7Clubs P0 4Diamonds 
-- /GAME --
P0 HAND: ADiamonds, KDiamonds, JDiamonds, 3Diamonds, QClubs, 3Clubs, AHearts, 2Hearts, 7Spades, 3Spades.
P1 HAND: QDiamonds, 6Diamonds, 5Diamonds, 6Clubs, 5Hearts, 3Hearts, JSpades, QSpades, 5Spades, 4Spades.
P2 HAND: 4Diamonds, 7Clubs, JClubs, 5Clubs, 4Clubs, 2Clubs, 7Hearts, JHearts, QHearts, 2Spades.
P3 HAND: 7Diamonds, 2Diamonds, AClubs, KClubs, KHearts, 6Hearts, 4Hearts, ASpades, KSpades, 6Spades.
P0 ADiamonds P1 5Diamonds P2 4Diamonds P3 2Diamonds 
P0 AHearts P1 3Hearts P2 7Hearts P3 4Hearts 
P0 2Hearts P1 5Hearts P2 QHearts P3 KHearts 
P3 AClubs P0 3Clubs P1 6Clubs P2 2Clubs 
P3 6Hearts P0 7Spades P1 6Diamonds P2 JHearts 
P0 QClubs P1 QDiamonds P2 4Clubs P3 KClubs 
P3 6Spades P0 3Spades P1 4Spades P2 2Spades 
P3 KSpades P0 JDiamonds P1 5Spades P2 5Clubs 
P3 ASpades P0 3Diamonds P1 QSpades P2 JClubs 
P3 7Diamonds P0 KDiamonds P1 JSpades P2 7Clubs 
-- /GAME --
P0 HAND: ADiamonds, QDiamonds, AClubs, KHearts, 6Hearts, 5Hearts, ASpades, KSpades, JSpades, QSpades.
P1 HAND: 7Diamonds, 3Diamonds, 7Clubs, 2Clubs, AHearts, 4Hearts, 7Spades, 6Spades, 5Spades, 3Spades.
P2 HAND: JDiamonds, 5Diamonds, 4Diamonds, 6Clubs, 5Clubs, 4Clubs, 3Clubs, JHearts, 3Hearts, 2Hearts.
P3 HAND: KDiamonds, 6Diamonds, 2Diamonds, KClubs, JClubs, QClubs, 7Hearts, QHearts, 4Spades, 2Spades.
P3 2Diamonds P0 ADiamonds P1 3Diamonds P2 JDiamonds 
P0 AClubs P1 2Clubs P2 6Clubs P3 QClubs 
P0 ASpades P1 3Spades P2 5Diamonds P3 2Spades 
P0 KSpades P1 5Spades P2 3Clubs P3 4Spades 
P0 JSpades P1 6Spades P2 4Diamonds P3 6Diamonds 
P0 QSpades P1 7Spades P2 2Hearts P3 QHearts 
P3 JClubs P0 KHearts P1 7Clubs P2 5Clubs 
P0 QDiamonds P1 7Diamonds P2 3Hearts P3 KDiamonds 
P2 4Clubs P3 KClubs P0 6Hearts P1 4Hearts 
P0 5Hearts P1 AHearts P2 JHearts P3 7Hearts 
-- /GAME --
P0 HAND: JDiamonds, 5Diamonds, 7Clubs, 5Clubs, 3Clubs, JHearts, 2Hearts, ASpades, KSpades, QSpades.
P1 HAND: ADiamonds, KDiamonds, QDiamonds, AClubs, JClubs, 6Clubs, QHearts, 4Hearts, JSpades, 5Spades.
P2 HAND: 6Diamonds, 4Diamonds, 2Diamonds, KClubs, QClubs, 2Clubs, 5Hearts, 7Spades, 4Spades, 2Spades.
P3 HAND: 7Diamonds, 3Diamonds, 4Clubs, AHearts, 7Hearts, KHearts, 6Hearts, 3Hearts, 6Spades, 3Spades.
P2 2Diamonds P3 3Diamonds 
