-- GAME --
P0 HAND: KDiamonds, JDiamonds, QDiamonds, 2Diamonds, 4Clubs, KHearts, 4Hearts, 2Hearts, KSpades, 5Spades.
P1 HAND: 6Diamonds, 5Diamonds, 4Diamonds, QClubs, 6Clubs, 2Clubs, AHearts, 7Hearts, 7Spades, 6Spades.
P2 HAND: ADiamonds, 7Clubs, 3Clubs, QHearts, 6Hearts, 5Hearts, 3Hearts, ASpades, JSpades, 2Spades.
P3 HAND: 7Diamonds, 3Diamonds, AClubs, KClubs, JClubs, 5Clubs, JHearts, QSpades, 4Spades, 3Spades.
P1 AHearts P2 3Hearts P3 JHearts P0 2Hearts 
P1 2Clubs P2 3Clubs P3 AClubs P0 4Clubs 
P3 3Diamonds P0 KDiamonds P1 4Diamonds P2 ADiamonds 
P2 5Hearts P3 5Clubs P0 KHearts P1 7Hearts 
P1 5Diamonds P2 6Hearts P3 7Diamonds P0 JDiamonds 
P3 JClubs P0 5Spades P1 6Clubs P2 7Clubs 
P0 QDiamonds P1 6Diamonds P2 QHearts P3 3Spades 
P3 4Spades P0 KSpades P1 6Spades P2 2Spades 
P0 4Hearts P1 QClubs P2 JSpades P3 KClubs 
P2 ASpades P3 QSpades P0 2Diamonds P1 7Spades 
-- /GAME --
P0 HAND: ADiamonds, 3Diamonds, 4Clubs, AHearts, 7Hearts, QHearts, 6Hearts, 4Hearts, 7Spades, 5Spades.
P1 HAND: JDiamonds, QDiamonds, 4Diamonds, 5Clubs, 2Clubs, JHearts, 5Hearts, 3Hearts, 2Hearts, 4Spades.
P2 HAND: 6Diamonds, 5Diamonds, 2Diamonds, 7Clubs, JClubs, QClubs, KHearts, KSpades, 6Spades, 2Spades.
P3 HAND: 7Diamonds, KDiamonds, AClubs, KClubs, 6Clubs, 3Clubs, ASpades, JSpades, QSpades, 3Spades.
P0 AHearts P1 2Hearts P2 KHearts P3 3Clubs 
P3 ASpades P0 5Spades P1 4Spades P2 2Spades 
P3 3Spades P0 7Spades P1 2Clubs P2 6Spades 
P1 3Hearts P2 2Diamonds P3 QSpades P0 7Hearts 
P0 ADiamonds P1 4Diamonds P2 6Diamonds P3 KDiamonds 
P0 QHearts P1 5Hearts P2 5Diamonds P3 6Clubs 
P3 JSpades P0 4Clubs P1 QDiamonds P2 KSpades 
P0 6Hearts P1 JHearts P2 QClubs P3 KClubs 
P3 AClubs P0 4Hearts P1 5Clubs P2 JClubs 
P3 7Diamonds P0 3Diamonds P1 JDiamonds P2 7Clubs 
-- /GAME --
P0 HAND: QClubs, 3Clubs, KHearts, JHearts, 3Hearts, 2Hearts, 7Spades, KSpades, 5Spades, 2Spades.
P1 HAND: ADiamonds, JDiamonds, 2Diamonds, KClubs, 5Clubs, 5Hearts, JSpades, QSpades, 6Spades, 4Spades.
P2 HAND: QDiamonds, 6Diamonds, AClubs, 7Clubs, AHearts, 7Hearts, QHearts, 6Hearts, 4Hearts, ASpades.
P3 HAND: 7Diamonds, KDiamonds, 5Diamonds, 4Diamonds, 3Diamonds, JClubs, 6Clubs, 4Clubs, 2Clubs, 3Spades.
P3 2Clubs P0 3Clubs P1 5Clubs P2 AClubs 
P2 4Hearts P3 3Spades P0 3Hearts P1 5Hearts 
P1 4Spades P2 ASpades P3 3Diamonds P0 2Spades 
P3 4Clubs 
