-- GAME --
P0 HAND: QDiamonds, 2Diamonds, QClubs, 3Clubs, 2Clubs, AHearts, 7Hearts, QHearts, 3Hearts, 5Spades.
P1 HAND: ADiamonds, KDiamonds, 4Diamonds, 4Clubs, 6Hearts, 5Hearts, 4Hearts, 7Spades, JSpades, 3Spades.
P2 HAND: JDiamonds, 5Diamonds, JClubs, KHearts, JHearts, 2Hearts, KSpades, QSpades, 6Spades, 2Spades.
P3 HAND: 7Diamonds, 6Diamonds, 3Diamonds, AClubs, 7Clubs, KClubs, 6Clubs, 5Clubs, ASpades, 4Spades.
P1 ADiamonds P2 5Diamonds P3 7Diamonds P0 2Diamonds 
P1 3Spades P2 2Spades P3 ASpades P0 5Spades 
P3 3Diamonds P0 QDiamonds P1 KDiamonds P2 JDiamonds 
P1 4Diamonds P2 6Spades P3 6Diamonds P0 2Clubs 
P3 4Spades P0 3Clubs P1 7Spades P2 QSpades 
P1 4Clubs P2 JClubs P3 5Clubs P0 QClubs 
P2 2Hearts P3 6Clubs P0 3Hearts P1 4Hearts 
P1 JSpades P2 KSpades P3 KClubs P0 QHearts 
P0 AHearts P1 5Hearts P2 JHearts P3 7Clubs 
P0 7Hearts P1 6Hearts P2 KHearts P3 AClubs 
-- /GAME --
P0 HAND: ADiamonds, 6Diamonds, 5Diamonds, KClubs, 2Clubs, AHearts, 7Hearts, QHearts, 4Hearts, 3Hearts.
P1 HAND: 7Diamonds, 2Diamonds, JClubs, KHearts, 6Hearts, 2Hearts, JSpades, 6Spades, 5Spades, 4Spades.
P2 HAND: 7Clubs, QClubs, 6Clubs, 5Clubs, 4Clubs, 3Clubs, JHearts, 7Spades, KSpades, QSpades.
P3 HAND: KDiamonds, JDiamonds, QDiamonds, 4Diamonds, 3Diamonds, AClubs, 5Hearts, ASpades, 3Spades, 2Spades.
P0 2Clubs P1 JClubs P2 3Clubs P3 AClubs 
P3 3Diamonds P0 5Diamonds P1 2Diamonds P2 7Clubs 
P0 ADiamonds P1 7Diamonds P2 JHearts P3 4Diamonds 
P0 AHearts P1 2Hearts P2 QClubs P3 5Hearts 
P0 7Hearts P1 6Hearts P2 6Clubs P3 2Spades 
P3 QDiamonds P0 6Diamonds P1 4Spades P2 4Clubs 
P1 5Spades P2 QSpades P3 3Spades P0 KClubs 
P2 5Clubs P3 ASpades P0 4Hearts P1 KHearts 
P3 JDiamonds P0 QHearts P1 6Spades P2 KSpades 
P2 7Spades P3 KDiamonds P0 3Hearts P1 JSpades 
-- /GAME --
P0 HAND: QDiamonds, 6Diamonds, 6Clubs, 5Clubs, 3Clubs, AHearts, KHearts, 2Hearts, ASpades, 7Spades.
P1 HAND: ADiamonds, JDiamonds, 5Diamonds, AClubs, QHearts, 6Hearts, 4Hearts, JSpades, QSpades, 4Spades.
P2 HAND: 7Diamonds, KDiamonds, 4Diamonds, 2Diamonds, 7Clubs, JClubs, 2Clubs, 7Hearts, JHearts, 3Spades.
P3 HAND: 3Diamonds, KClubs, QClubs, 4Clubs, 5Hearts, 3Hearts, KSpades, 6Spades, 5Spades, 2Spades.
P3 2Spades P0 ASpades P1 4Spades P2 3Spades 
P0 AHearts P1 4Hearts P2 7Hearts P3 3Hearts 
P0 3Clubs P1 AClubs P2 2Clubs P3 4Clubs 
P1 ADiamonds P2 2Diamonds P3 3Diamonds P0 6Diamonds 
P1 5Diamonds P2 4Diamonds P3 5Hearts P0 QDiamonds 
P0 5Clubs P1 6Hearts P2 JClubs P3 QClubs 
P2 JHearts P3 5Spades P0 KHearts P1 QHearts 
P0 2Hearts P1 QSpades P2 7Clubs P3 6Spades 
P2 KDiamonds P3 KClubs P0 6Clubs P1 JDiamonds 
P3 KSpades P0 7Spades P1 JSpades P2 7Diamonds 
-- /GAME --
P0 HAND: KDiamonds, 5Diamonds, 3Diamonds, 2Diamonds, 6Clubs, 2Hearts, ASpades, 6Spades, 5Spades, 2Spades.
P1 HAND: ADiamonds, 7Diamonds, KClubs, QClubs, 5Clubs, 4Clubs, KHearts, 6Hearts, 5Hearts, 4Spades.
P2 HAND: 7Clubs, JClubs, 3Clubs, 2Clubs, 7Hearts, JHearts, 3Hearts, 7Spades, QSpades, 3Spades.
P3 HAND: JDiamonds, QDiamonds, 6Diamonds, 4Diamonds, AClubs, AHearts, QHearts, 4Hearts, KSpades, JSpades.
P2 2Clubs P3 AClubs P0 6Clubs P1 KClubs 
P3 AHearts P0 2Hearts P1 KHearts P2 3Hearts 
P3 4Diamonds P0 2Diamonds P1 ADiamonds P2 3Spades 
P2 3Clubs P3 4Hearts P0 2Spades P1 4Clubs 
P0 3Diamonds P1 7Diamonds P2 QSpades P3 6Diamonds 
P2 JClubs P3 QDiamonds P0 5Diamonds P1 5Clubs 
P2 JHearts P3 QHearts P0 5Spades P1 5Hearts 
P0 6Spades P1 4Spades P2 7Spades P3 JSpades 
P2 7Clubs P3 KSpades P0 ASpades P1 QClubs 
P0 KDiamonds P1 6Hearts P2 7Hearts P3 JDiamonds 
-- /GAME --

