-- GAME --
P0 HAND: KDiamonds, JDiamonds, 4Diamonds, 3Diamonds, JHearts, 5Hearts, ASpades, QSpades, 6Spades, 3Spades.
P1 HAND: AClubs, KClubs, QClubs, 5Clubs, 7Hearts, 4Hearts, 3Hearts, KSpades, 5Spades, 4Spades.
P2 HAND: QDiamonds, 7Clubs, JClubs, 6Clubs, 4Clubs, 2Clubs, AHearts, QHearts, 7Spades, 2Spades.
P3 HAND: ADiamonds, 7Diamonds, 6Diamonds, 5Diamonds, 2Diamonds, 3Clubs, KHearts, 6Hearts, 2Hearts, JSpades.
P0 5Hearts P1 3Hearts P2 AHearts P3 2Hearts 
P2 2Clubs P3 3Clubs P0 JHearts P1 AClubs 
P1 4Hearts P2 QHearts P3 6Hearts P0 KDiamonds 
P2 4Clubs P3 2Diamonds P0 3Diamonds P1 KClubs 
P1 5Clubs P2 6Clubs P3 5Diamonds P0 JDiamonds 
P2 QDiamonds P3 6Diamonds P0 4Diamonds P1 QClubs 
P2 JClubs P3 JSpades P0 3Spades P1 7Hearts 
P3 KHearts P0 6Spades P1 4Spades P2 7Clubs 
P0 ASpades P1 5Spades P2 2Spades P3 7Diamonds 
P0 QSpades P1 KSpades P2 7Spades P3 ADiamonds 
-- /GAME --
P0 HAND: 3Diamonds, 7Clubs, JClubs, QClubs, 4Clubs, KHearts, 5Hearts, 4Hearts, 3Hearts, JSpades.
P1 HAND: KDiamonds, 4Diamonds, KClubs, 6Clubs, 2Clubs, AHearts, JHearts, QSpades, 4Spades, 3Spades.
P2 HAND: ADiamonds, 7Diamonds, 6Diamonds, 5Diamonds, 2Diamonds, 5Clubs, 3Clubs, 2Hearts, 7Spades, 5Spades.
P3 HAND: JDiamonds, QDiamonds, AClubs, 7Hearts, QHearts, 6Hearts, ASpades, KSpades, 6Spades, 2Spades.
P3 AClubs P0 4Clubs P1 KClubs P2 3Clubs 
P3 ASpades P0 JSpades P1 QSpades P2 5Spades 
P3 2Spades P0 3Diamonds P1 3Spades P2 7Spades 
P2 2Diamonds P3 QDiamonds P0 KHearts P1 4Diamonds 
P0 3Hearts P1 JHearts P2 2Hearts P3 6Hearts 
P1 2Clubs P2 5Clubs P3 6Spades P0 7Clubs 
P0 JClubs P1 6Clubs P2 5Diamonds P3 QHearts 
P3 JDiamonds P0 5Hearts P1 KDiamonds P2 ADiamonds 
P0 QClubs P1 4Spades P2 6Diamonds P3 7Hearts 
P3 KSpades P0 4Hearts P1 AHearts P2 7Diamonds 
-- /GAME --
P0 HAND: ADiamonds, KDiamonds, JDiamonds, QDiamonds, 6Diamonds, 3Diamonds, 2Diamonds, QClubs, 5Clubs, 4Hearts.
P1 HAND: 7Diamonds, 5Diamonds, KClubs, JClubs, 6Clubs, 4Clubs, AHearts, QHearts, JSpades, 2Spades.
P2 HAND: 4Diamonds, 2Clubs, JHearts, 5Hearts, 2Hearts, ASpades, 7Spades, KSpades, 5Spades, 4Spades.
P3 HAND: AClubs, 7Clubs, 3Clubs, 7Hearts, KHearts, 6Hearts, 3Hearts, QSpades, 6Spades, 3Spades.
P2 2Clubs P3 AClubs P0 5Clubs P1 KClubs 
P3 3Clubs P0 QClubs P1 4Clubs P2 ASpades 
P0 4Hearts P1 QHearts P2 2Hearts P3 3Hearts 
P1 2Spades P2 7Spades P3 3Spades P0 ADiamonds 
P2 4Diamonds P3 6Spades P0 2Diamonds P1 7Diamonds 
P1 5Diamonds P2 4Spades P3 QSpades P0 KDiamonds 
P0 JDiamonds P1 6Clubs P2 5Spades P3 6Hearts 
P3 KHearts P0 QDiamonds P1 AHearts P2 5Hearts 
P1 JClubs P2 JHearts P3 7Clubs P0 3Diamonds 
P2 KSpades P3 7Hearts P0 6Diamonds P1 JSpades 
-- /GAME --
P0 HAND: ADiamonds, 4Diamonds, 3Diamonds, KClubs, 6Clubs, 5Clubs, KHearts, 7Spades, KSpades, 2Spades.
P1 HAND: 7Diamonds, JDiamonds, 2Diamonds, 7Clubs, 4Clubs, 3Clubs, AHearts, QHearts, 4Hearts, QSpades.
P2 HAND: KDiamonds, 5Diamonds, JClubs, QClubs, 2Clubs, 6Hearts, 3Hearts, ASpades, JSpades, 5Spades.
P3 HAND: QDiamonds, 6Diamonds, AClubs, 7Hearts, JHearts, 5Hearts, 2Hearts, 6Spades, 4Spades, 3Spades.
P1 AHearts P2 3Hearts P3 7Hearts P0 KHearts 
P1 2Diamonds P2 5Diamonds P3 6Diamonds P0 3Diamonds 
P3 2Hearts P0 KSpades P1 4Hearts P2 6Hearts 
P2 ASpades P3 3Spades P0 7Spades P1 QSpades 
P2 5Spades P3 4Spades P0 2Spades P1 QHearts 
P2 JSpades P3 6Spades P0 4Diamonds P1 3Clubs 
P1 JDiamonds P2 KDiamonds P3 QDiamonds P0 ADiamonds 
P0 5Clubs P1 4Clubs P2 2Clubs P3 AClubs 
P3 5Hearts P0 KClubs P1 7Clubs P2 QClubs 
P1 7Diamonds P2 JClubs P3 JHearts P0 6Clubs 
-- /GAME --
P0 HAND: ADiamonds, KDiamonds, AClubs, JClubs, QClubs, 5Clubs, KHearts, ASpades, KSpades, 2Spades.
P1 HAND: 3Diamonds, KClubs, 4Clubs, 2Clubs, 7Hearts, QHearts, 3Hearts, QSpades, 6Spades, 5Spades.
P2 HAND: 6Diamonds, 5Diamonds, 4Diamonds, 6Clubs, 3Clubs, 6Hearts, 7Spades, JSpades, 4Spades, 3Spades.
P3 HAND: 7Diamonds, JDiamonds, QDiamonds, 2Diamonds, 7Clubs, AHearts, JHearts, 5Hearts, 4Hearts, 2Hearts.
P0 ADiamonds P1 3Diamonds P2 6Diamonds P3 2Diamonds 
P0 AClubs P1 2Clubs P2 6Clubs P3 7Clubs 
P0 ASpades P1 5Spades P2 7Spades P3 2Hearts 
P3 QDiamonds P0 KDiamonds P1 3Hearts P2 4Diamonds 
P1 4Clubs P2 3Clubs P3 4Hearts P0 5Clubs 
P3 JDiamonds P0 KHearts P1 7Hearts P2 5Diamonds 
P1 6Spades P2 3Spades P3 5Hearts P0 2Spades 
P3 JHearts P0 KSpades P1 QHearts P2 6Hearts 
P3 AHearts P0 QClubs P1 QSpades P2 4Spades 
P3 7Diamonds P0 JClubs P1 KClubs P2 JSpades 
-- /GAME --
P0 HAND: 7Diamonds, KDiamonds, JDiamonds, 3Diamonds, JClubs, 3Clubs, 2Clubs, KHearts, ASpades, 3Spades.
P1 HAND: 6Diamonds, 2Diamonds, KClubs, QClubs, JHearts, 3Hearts, 7Spades, KSpades, JSpades, 5Spades.
P2 HAND: 5Diamonds, 4Diamonds, 7Clubs, 4Clubs, 7Hearts, QHearts, 5Hearts, 4Hearts, 6Spades, 2Spades.
P3 HAND: ADiamonds, QDiamonds, AClubs, 6Clubs, 5Clubs, AHearts, 6Hearts, 2Hearts, QSpades, 4Spades.
P3 ADiamonds P0 3Diamonds P1 6Diamonds P2 4Diamonds 
P3 AHearts P0 KHearts P1 JHearts P2 4Hearts 
P3 2Hearts P0 JClubs P1 3Hearts P2 7Hearts 
P0 ASpades P1 5Spades P2 6Spades P3 4Spades 
P0 2Clubs P1 QClubs P2 4Clubs P3 5Clubs 
P1 2Diamonds P2 5Diamonds P3 QDiamonds P0 7Diamonds 
P0 3Spades P1 JSpades P2 2Spades P3 QSpades 
P1 KClubs P2 7Clubs P3 AClubs P0 3Clubs 
P3 6Hearts P0 KDiamonds P1 KSpades P2 QHearts 
P2 5Hearts P3 6Clubs P0 JDiamonds P1 7Spades 
-- /GAME --

