-- GAME --
P0 HAND: 6Diamonds, 5Diamonds, 3Diamonds, 2Diamonds, KClubs, QClubs, 4Clubs, KHearts, KSpades, 2Spades.
P1 HAND: 7Diamonds, AClubs, JClubs, 3Clubs, AHearts, 6Hearts, 5Hearts, 2Hearts, 6Spades, 4Spades.
P2 HAND: JDiamonds, 4Diamonds, 6Clubs, 2Clubs, 4Hearts, 3Hearts, 7Spades, QSpades, 5Spades, 3Spades.
P3 HAND: ADiamonds, KDiamonds, QDiamonds, 7Clubs, 5Clubs, 7Hearts, JHearts, QHearts, ASpades, JSpades.
P2 2Clubs P3 5Clubs P0 4Clubs P1 AClubs 
P1 3Clubs P2 6Clubs P3 7Clubs P0 QClubs 
P3 ADiamonds P0 2Diamonds P1 7Diamonds P2 4Diamonds 
P3 ASpades P0 2Spades P1 6Spades P2 3Spades 
P3 QDiamonds P0 3Diamonds P1 4Spades P2 JDiamonds 
P2 5Spades P3 JSpades P0 KSpades P1 2Hearts 
P1 JClubs P2 QSpades P3 QHearts P0 KClubs 
P3 JHearts P0 KHearts P1 AHearts P2 3Hearts 
P1 5Hearts P2 4Hearts P3 7Hearts P0 5Diamonds 
P3 KDiamonds P0 6Diamonds P1 6Hearts P2 7Spades 
-- /GAME --
P0 HAND: ADiamonds, 5Diamonds, 3Diamonds, 2Diamonds, 6Clubs, 5Clubs, 3Clubs, 3Hearts, ASpades, 6Spades.
P1 HAND: 7Clubs, KClubs, 4Clubs, AHearts, 7Hearts, JHearts, 5Hearts, KSpades, JSpades, 2Spades.
P2 HAND: 7Diamonds, QDiamonds, 6Diamonds, 4Diamonds, JClubs, KHearts, QHearts, 4Hearts, 7Spades, 5Spades.
P3 HAND: KDiamonds, JDiamonds, AClubs, QClubs, 2Clubs, 6Hearts, 2Hearts, QSpades, 4Spades, 3Spades.
P1 AHearts P2 4Hearts P3 6Hearts P0 3Hearts 
P1 4Clubs P2 JClubs P3 AClubs P0 3Clubs 
P3 2Clubs P0 5Clubs P1 7Clubs P2 5Spades 
P2 4Diamonds P3 JDiamonds P0 ADiamonds P1 2Spades 
P1 5Hearts P2 QHearts P3 2Hearts P0 6Clubs 
P2 6Diamonds P3 KDiamonds P0 2Diamonds P1 7Hearts 
P3 QClubs P0 3Diamonds P1 KClubs P2 7Spades 
P2 QDiamonds P3 3Spades P0 5Diamonds P1 JHearts 
P3 4Spades P0 6Spades P1 JSpades P2 KHearts 
P1 KSpades P2 7Diamonds P3 QSpades P0 ASpades 
-- /GAME --
P0 HAND: 7Diamonds, 5Diamonds, 3Diamonds, 2Diamonds, 6Clubs, AHearts, 7Hearts, KHearts, 2Hearts, JSpades.
P1 HAND: 4Diamonds, AClubs, 4Clubs, 2Clubs, JHearts, 4Hearts, 3Hearts, QSpades, 3Spades, 2Spades.
P2 HAND: JDiamonds, QDiamonds, 6Diamonds, 7Clubs, 5Clubs, ASpades, KSpades, 6Spades, 5Spades, 4Spades.
P3 HAND: ADiamonds, KDiamonds, KClubs, JClubs, QClubs, 3Clubs, QHearts, 6Hearts, 5Hearts, 7Spades.
P0 AHearts P1 3Hearts P2 ASpades P3 5Hearts 
P0 7Hearts P1 4Hearts P2 KSpades P3 6Hearts 
P0 KHearts P1 JHearts P2 JDiamonds P3 QHearts 
P0 JSpades P1 2Spades P2 4Spades P3 7Spades 
P3 ADiamonds P0 2Diamonds P1 4Diamonds P2 6Diamonds 
P3 3Clubs P0 6Clubs P1 2Clubs P2 5Clubs 
P0 7Diamonds P1 4Clubs P2 QDiamonds P3 KDiamonds 
P1 3Spades P2 5Spades P3 QClubs P0 2Hearts 
P3 JClubs P0 3Diamonds P1 AClubs P2 7Clubs 
P1 QSpades P2 6Spades P3 KClubs P0 5Diamonds 
-- /GAME --

