-- GAME --
P1 ADiamonds P2 4Diamonds P3 JDiamonds P0 2Diamonds 
P1 2Spades P2 5Spades P3 ASpades P0 3Spades 
P3 4Spades P0 5Clubs P1 6Spades P2 KSpades 
P0 2Hearts P1 3Hearts P2 AHearts P3 7Hearts 
P2 6Hearts P3 5Diamonds P0 JHearts P1 4Hearts 
P0 3Diamonds P1 5Hearts P2 7Diamonds P3 6Clubs 
P3 QSpades P0 JClubs P1 KClubs P2 QDiamonds 
P1 3Clubs P2 2Clubs P3 QClubs P0 AClubs 
P0 6Diamonds P1 4Clubs P2 QHearts P3 7Spades 
P1 7Clubs P2 KHearts P3 JSpades P0 KDiamonds 
-- /GAME --
P0 HAND: ADiamonds, 3Diamonds, 7Clubs, 6Clubs, 2Clubs, KHearts, QHearts, 2Hearts, ASpades, JSpades.
P1 HAND: JDiamonds, QDiamonds, 6Diamonds, 5Diamonds, KClubs, QClubs, 3Clubs, JHearts, QSpades, 4Spades.
P2 HAND: 4Diamonds, AClubs, AHearts, 7Hearts, 5Hearts, 7Spades, 6Spades, 5Spades, 3Spades, 2Spades.
P3 HAND: 7Diamonds, KDiamonds, 2Diamonds, JClubs, 5Clubs, 4Clubs, 6Hearts, 4Hearts, 3Hearts, KSpades.
P0 ASpades P1 4Spades P2 7Spades P3 KSpades 
P0 ADiamonds P1 5Diamonds P2 4Diamonds P3 2Diamonds 
P0 3Diamonds P1 6Diamonds P2 2Spades P3 7Diamonds 
P3 4Clubs P0 2Clubs P1 3Clubs P2 AClubs 
P2 3Spades P3 5Clubs P0 JSpades P1 QSpades 
P0 7Clubs P1 QClubs P2 6Spades P3 JClubs 
P0 2Hearts P1 JHearts P2 5Hearts P3 3Hearts 
P1 QDiamonds P2 5Spades P3 KDiamonds P0 QHearts 
P0 6Clubs P1 KClubs P2 7Hearts P3 4Hearts 
P2 AHearts P3 6Hearts P0 KHearts P1 JDiamonds 
-- /GAME --
P0 HAND: KDiamonds, 2Diamonds, KClubs, QClubs, 5Clubs, 5Hearts, 2Hearts, 7Spades, 6Spades, 4Spades.
P1 HAND: 5Diamonds, 4Diamonds, 7Clubs, 4Clubs, AHearts, QHearts, 4Hearts, 3Hearts, 5Spades, 2Spades.
P2 HAND: ADiamonds, 7Diamonds, JDiamonds, QDiamonds, JClubs, 3Clubs, 2Clubs, 7Hearts, KHearts, JHearts.
P3 HAND: 6Diamonds, 3Diamonds, AClubs, 6Clubs, 6Hearts, ASpades, KSpades, JSpades, QSpades, 3Spades.
P3 AClubs P0 5Clubs P1 7Clubs P2 2Clubs 
P3 3Spades P0 4Spades P1 2Spades P2 7Hearts 
P0 2Hearts P1 AHearts P2 JHearts P3 6Hearts 
P1 3Hearts P2 KHearts P3 6Clubs P0 5Hearts 
P2 3Clubs P3 QSpades P0 KClubs P1 4Clubs 
P0 QClubs P1 4Hearts P2 JClubs P3 3Diamonds 
P3 JSpades P0 7Spades P1 5Spades P2 QDiamonds 
P2 JDiamonds P3 6Diamonds P0 2Diamonds P1 4Diamonds 
P2 7Diamonds P3 KSpades P0 KDiamonds P1 5Diamonds 
P2 ADiamonds P3 ASpades P0 6Spades P1 QHearts 
-- /GAME --
P0 HAND: QDiamonds, 5Diamonds, 7Clubs, 7Hearts, 6Hearts, 4Hearts, 2Hearts, 7Spades, QSpades, 6Spades.
P1 HAND: 6Diamonds, 2Diamonds, KClubs, QClubs, 2Clubs, 5Hearts, 3Hearts, KSpades, JSpades, 2Spades.
P2 HAND: 7Diamonds, AClubs, 6Clubs, 5Clubs, 3Clubs, AHearts, JHearts, QHearts, ASpades, 4Spades.
P3 HAND: ADiamonds, KDiamonds, JDiamonds, 4Diamonds, 3Diamonds, JClubs, 4Clubs, KHearts, 5Spades, 3Spades.
P2 AHearts P3 KHearts P0 7Hearts P1 3Hearts 
P2 ASpades P3 3Spades P0 7Spades P1 2Spades 
P2 4Spades P3 5Spades P0 6Spades P1 KSpades 
P1 2Diamonds P2 7Diamonds P3 ADiamonds P0 5Diamonds 
P3 3Diamonds P0 QDiamonds P1 6Diamonds P2 JHearts 
P0 2Hearts P1 5Hearts P2 QHearts P3 4Diamonds 
P2 3Clubs P3 4Clubs P0 7Clubs P1 2Clubs 
P0 4Hearts P1 QClubs P2 5Clubs P3 KDiamonds 
P1 JSpades P2 6Clubs P3 JClubs P0 QSpades 
P3 JDiamonds P0 6Hearts P1 KClubs P2 AClubs 
-- /GAME --

