-- GAME --
P0 HAND: ADiamonds, 3Diamonds, 5Clubs, 5Hearts, 4Hearts, ASpades, 7Spades, KSpades, 6Spades, 5Spades.
P1 HAND: QDiamonds, 6Diamonds, AClubs, KClubs, JClubs, 4Clubs, 7Hearts, QHearts, 2Hearts, JSpades.
P2 HAND: KDiamonds, JDiamonds, 4Diamonds, 7Clubs, QClubs, AHearts, KHearts, JHearts, 4Spades, 3Spades.
P3 HAND: 7Diamonds, 5Diamonds, 2Diamonds, 6Clubs, 3Clubs, 2Clubs, 6Hearts, 3Hearts, QSpades, 2Spades.
P3 2Clubs P0 5Clubs P1 AClubs P2 QClubs 
P1 2Hearts P2 AHearts P3 3Hearts P0 5Hearts 
P2 3Spades P3 2Spades P0 ASpades P1 JSpades 
P0 4Hearts P1 QHearts P2 JHearts P3 6Hearts 
P2 4Spades P3 QSpades P0 7Spades P1 6Diamonds 
P1 4Clubs P2 7Clubs P3 3Clubs P0 KSpades 
P2 4Diamonds P3 2Diamonds P0 3Diamonds P1 QDiamonds 
P1 JClubs P2 JDiamonds P3 6Clubs P0 6Spades 
P2 KDiamonds P3 5Diamonds P0 ADiamonds P1 KClubs 
P0 5Spades P1 7Hearts P2 KHearts P3 7Diamonds 
-- /GAME --
P0 HAND: ADiamonds, KDiamonds, AClubs, 7Clubs, 6Clubs, 5Clubs, 4Clubs, QHearts, 5Spades, 4Spades.
P1 HAND: JDiamonds, 6Diamonds, 3Diamonds, KClubs, QClubs, JHearts, 5Hearts, ASpades, 7Spades, 2Spades.
P2 HAND: 7Diamonds, 4Diamonds, 3Clubs, 7Hearts, KHearts, 3Hearts, 2Hearts, KSpades, QSpades, 6Spades.
P3 HAND: QDiamonds, 5Diamonds, 2Diamonds, JClubs, 2Clubs, AHearts, 6Hearts, 4Hearts, JSpades, 3Spades.
P2 2Hearts P3 AHearts P0 QHearts P1 JHearts 
P3 2Diamonds P0 ADiamonds P1 3Diamonds P2 7Diamonds 
P0 AClubs P1 QClubs P2 3Clubs P3 2Clubs 
P0 7Clubs P1 KClubs P2 7Hearts P3 JClubs 
P0 KDiamonds P1 6Diamonds P2 4Diamonds P3 5Diamonds 
P0 5Clubs P1 5Hearts P2 3Hearts P3 4Hearts 
P0 6Clubs P1 2Spades P2 6Spades P3 6Hearts 
P2 QSpades P3 3Spades P0 4Spades P1 7Spades 
P1 JDiamonds P2 KSpades P3 QDiamonds P0 4Clubs 
P2 KHearts P3 JSpades P0 5Spades P1 ASpades 
-- /GAME --
P0 HAND: JDiamonds, 5Diamonds, 5Clubs, 3Clubs, 2Clubs, KHearts, 5Hearts, KSpades, JSpades, 4Spades.
P1 HAND: KDiamonds, 6Diamonds, 4Diamonds, 3Diamonds, 2Diamonds, AClubs, 3Hearts, 2Hearts, 7Spades, QSpades.
P2 HAND: ADiamonds, QDiamonds, 7Clubs, QClubs, 6Clubs, AHearts, 7Hearts, QHearts, 4Hearts, ASpades.
P3 HAND: 7Diamonds, KClubs, JClubs, 4Clubs, JHearts, 6Hearts, 6Spades, 5Spades, 3Spades, 2Spades.
P1 AClubs P2 6Clubs 
