-- GAME --
P0 HAND: 5Diamonds, 4Diamonds, KClubs, 3Clubs, 2Clubs, QHearts, 3Hearts, ASpades, KSpades, 4Spades.
P1 HAND: QClubs, 4Clubs, 7Hearts, KHearts, 5Hearts, 4Hearts, QSpades, 5Spades, 3Spades, 2Spades.
P2 HAND: ADiamonds, 7Diamonds, JDiamonds, QDiamonds, 6Diamonds, JClubs, 6Clubs, AHearts, JHearts, 6Hearts.
P3 HAND: KDiamonds, 3Diamonds, 2Diamonds, AClubs, 7Clubs, 5Clubs, 2Hearts, 7Spades, JSpades, 6Spades.
P2 6Diamonds P3 2Diamonds P0 4Diamonds P1 2Spades 
P2 6Clubs P3 AClubs P0 2Clubs P1 QClubs 
P3 3Diamonds P0 5Diamonds P1 3Spades P2 ADiamonds 
P2 QDiamonds P3 KDiamonds P0 3Clubs P1 QSpades 
P3 5Clubs P0 KClubs P1 4Clubs P2 JClubs 
P0 ASpades P1 5Spades P2 7Diamonds P3 6Spades 
P0 KSpades P1 4Hearts P2 6Hearts P3 JSpades 
P2 JDiamonds P3 2Hearts P0 QHearts P1 KHearts 
P1 5Hearts P2 JHearts P3 7Clubs P0 3Hearts 
P2 AHearts P3 7Spades P0 4Spades P1 7Hearts 
-- /GAME --
P0 HAND: JClubs, QClubs, 3Clubs, 2Clubs, KHearts, JHearts, 4Hearts, 2Hearts, JSpades, 5Spades.
P1 HAND: ADiamonds, KDiamonds, JDiamonds, 6Diamonds, 5Diamonds, 7Hearts, 5Hearts, 3Hearts, KSpades, QSpades.
P2 HAND: QDiamonds, 4Diamonds, 2Diamonds, AClubs, 7Clubs, KClubs, 4Clubs, AHearts, ASpades, 3Spades.
P3 HAND: 7Diamonds, 3Diamonds, 6Clubs, 5Clubs, QHearts, 6Hearts, 7Spades, 6Spades, 4Spades, 2Spades.
P1 5Diamonds P2 2Diamonds P3 3Diamonds P0 5Spades 
P1 6Diamonds P2 4Diamonds P3 7Diamonds P0 2Hearts 
P0 JSpades P1 QSpades P2 ASpades P3 2Spades 
P2 AClubs P3 5Clubs P0 JClubs P1 3Hearts 
P1 JDiamonds P2 QDiamonds P3 6Hearts P0 2Clubs 
P3 4Spades P0 QClubs P1 KSpades P2 3Spades 
P1 5Hearts P2 AHearts P3 QHearts P0 KHearts 
P2 4Clubs P3 6Clubs P0 3Clubs P1 ADiamonds 
P3 6Spades P0 JHearts P1 7Hearts P2 KClubs 
P1 KDiamonds P2 7Clubs P3 7Spades P0 4Hearts 
-- /GAME --
P0 HAND: ADiamonds, 6Diamonds, AClubs, QClubs, 3Clubs, 2Clubs, KHearts, 6Hearts, 5Hearts, 2Spades.
P1 HAND: 7Diamonds, JClubs, 6Clubs, 5Clubs, 4Clubs, QHearts, 4Hearts, KSpades, 4Spades, 3Spades.
P2 HAND: QDiamonds, 4Diamonds, 3Diamonds, KClubs, AHearts, 7Hearts, 3Hearts, 2Hearts, JSpades, 6Spades.
P3 HAND: KDiamonds, JDiamonds, 5Diamonds, 2Diamonds, 7Clubs, JHearts, ASpades, 7Spades, QSpades, 5Spades.
P0 AClubs P1 4Clubs P2 KClubs P3 7Clubs 
P0 2Clubs P1 5Clubs P2 2Hearts P3 ASpades 
P1 3Spades P2 6Spades P3 7Spades P0 2Spades 
P3 5Spades P0 3Clubs P1 KSpades P2 JSpades 
P1 4Hearts P2 AHearts P3 JHearts P0 KHearts 
P2 3Hearts P3 QSpades P0 5Hearts P1 QHearts 
P1 4Spades P2 3Diamonds P3 2Diamonds P0 QClubs 
P2 4Diamonds P3 5Diamonds P0 6Diamonds P1 7Diamonds 
P1 6Clubs P2 QDiamonds P3 JDiamonds P0 6Hearts 
P3 KDiamonds P0 ADiamonds P1 JClubs P2 7Hearts 
-- /GAME --
P0 HAND: 3Diamonds, 7Clubs, KClubs, 4Clubs, 3Clubs, KHearts, QHearts, 6Hearts, 5Hearts, JSpades.
P1 HAND: ADiamonds, 7Diamonds, 2Diamonds, AClubs, JClubs, QClubs, AHearts, 2Hearts, ASpades, QSpades.
P2 HAND: QDiamonds, 5Diamonds, 4Diamonds, 6Clubs, 2Clubs, JHearts, KSpades, 6Spades, 3Spades, 2Spades.
P3 HAND: KDiamonds, JDiamonds, 6Diamonds, 5Clubs, 7Hearts, 4Hearts, 3Hearts, 7Spades, 5Spades, 4Spades.
P3 3Hearts P0 5Hearts P1 AHearts P2 JHearts 
P1 ADiamonds P2 4Diamonds P3 KDiamonds P0 3Diamonds 
P1 AClubs P2 2Clubs P3 5Clubs P0 3Clubs 
P1 2Diamonds P2 5Diamonds P3 6Diamonds P0 4Clubs 
P3 4Hearts P0 KHearts P1 2Hearts P2 QDiamonds 
P0 QHearts P1 QClubs P2 6Clubs P3 7Hearts 
P3 JDiamonds P0 6Hearts P1 7Diamonds P2 2Spades 
P2 3Spades P3 4Spades P0 JSpades P1 QSpades 
P0 KClubs P1 JClubs P2 6Spades P3 7Spades 
P3 5Spades P0 7Clubs P1 ASpades P2 KSpades 
-- /GAME --
P0 HAND: JDiamonds, 6Diamonds, 7Clubs, KClubs, 5Clubs, KHearts, JHearts, 6Hearts, 4Hearts, ASpades.
P1 HAND: KDiamonds, 3Diamonds, AClubs, JClubs, 3Clubs, QHearts, 5Hearts, 7Spades, 5Spades, 3Spades.
P2 HAND: ADiamonds, 4Diamonds, 2Diamonds, QClubs, AHearts, 3Hearts, KSpades, JSpades, 6Spades, 2Spades.
P3 HAND: 7Diamonds, QDiamonds, 5Diamonds, 6Clubs, 4Clubs, 2Clubs, 7Hearts, 2Hearts, QSpades, 4Spades.
P2 AHearts P3 2Hearts P0 4Hearts P1 5Hearts 
P2 2Spades P3 4Spades P0 ASpades P1 3Spades 
P0 6Hearts P1 QHearts P2 3Hearts P3 7Hearts 
P3 2Clubs P0 7Clubs P1 AClubs P2 QClubs 
P1 3Clubs P2 6Spades P3 4Clubs P0 5Clubs 
P0 KClubs P1 JClubs P2 2Diamonds P3 6Clubs 
P2 JSpades 
