-- GAME --
P0 HAND: JClubs, 3Clubs, 7Hearts, KHearts, 6Hearts, 4Hearts, 2Hearts, JSpades, 4Spades, 2Spades.
P1 HAND: ADiamonds, QDiamonds, 5Diamonds, AClubs, KClubs, 5Clubs, 4Clubs, AHearts, KSpades, 3Spades.
P2 HAND: JDiamonds, 6Diamonds, 4Diamonds, 3Diamonds, 2Clubs, JHearts, QHearts, 5Hearts, ASpades, 7Spades.
P3 HAND: 7Diamonds, KDiamonds, 2Diamonds, 7Clubs, QClubs, 6Clubs, 3Hearts, QSpades, 6Spades, 5Spades.
P2 ASpades P3 5Spades P0 JSpades P1 3Spades 
P2 2Clubs P3 6Clubs P0 3Clubs P1 AClubs 
P1 ADiamonds P2 3Diamonds P3 7Diamonds P0 2Hearts 
P0 JClubs P1 4Clubs P2 4Diamonds P3 7Clubs 
P3 2Diamonds P0 2Spades P1 5Diamonds P2 JDiamonds 
P2 6Diamonds P3 KDiamonds P0 4Spades P1 QDiamonds 
P3 6Spades P0 7Hearts P1 KSpades P2 7Spades 
P0 6Hearts P1 AHearts P2 5Hearts P3 3Hearts 
P1 5Clubs P2 QHearts P3 QClubs P0 4Hearts 
P2 JHearts P3 QSpades P0 KHearts P1 KClubs 
-- /GAME --
P0 HAND: ADiamonds, QDiamonds, 5Clubs, 3Clubs, 2Clubs, KHearts, 3Hearts, KSpades, 6Spades, 3Spades.
P1 HAND: JDiamonds, 2Diamonds, QClubs, 4Clubs, QHearts, 4Hearts, 7Spades, QSpades, 4Spades, 2Spades.
P2 HAND: KDiamonds, 6Diamonds, 7Clubs, JClubs, AHearts, 7Hearts, 6Hearts, 5Hearts, 2Hearts, 5Spades.
P3 HAND: 7Diamonds, 5Diamonds, 4Diamonds, 3Diamonds, AClubs, KClubs, 6Clubs, JHearts, ASpades, JSpades.
P1 2Diamonds P2 6Diamonds P3 3Diamonds P0 QDiamonds 
P0 KHearts P1 4Hearts P2 2Hearts P3 JHearts 
P0 3Hearts P1 QHearts P2 5Hearts P3 AClubs 
P1 2Spades P2 5Spades P3 ASpades P0 3Spades 
P3 4Diamonds P0 ADiamonds P1 JDiamonds P2 KDiamonds 
P0 KSpades P1 4Spades P2 6Hearts P3 JSpades 
P2 7Clubs P3 6Clubs P0 2Clubs P1 4Clubs 
P2 JClubs P3 KClubs P0 3Clubs P1 QClubs 
P3 5Diamonds P0 6Spades P1 QSpades P2 7Hearts 
P2 AHearts P3 7Diamonds P0 5Clubs P1 7Spades 
-- /GAME --
P0 HAND: 7Diamonds, 6Diamonds, 5Diamonds, 3Diamonds, 2Diamonds, 7Clubs, 3Hearts, 7Spades, 5Spades, 2Spades.
P1 HAND: ADiamonds, KDiamonds, JDiamonds, 6Clubs, 5Clubs, 7Hearts, KHearts, QHearts, 4Hearts, 2Hearts.
P2 HAND: QDiamonds, 4Diamonds, AClubs, 4Clubs, AHearts, JHearts, ASpades, KSpades, QSpades, 3Spades.
P3 HAND: KClubs, JClubs, QClubs, 3Clubs, 2Clubs, 6Hearts, 5Hearts, JSpades, 6Spades, 4Spades.
P0 3Hearts P1 2Hearts P2 AHearts P3 5Hearts 
P2 AClubs P3 2Clubs P0 7Clubs P1 5Clubs 
P2 4Diamonds P3 3Clubs P0 2Diamonds P1 ADiamonds 
P1 4Hearts P2 JHearts P3 6Hearts P0 7Diamonds 
P2 4Clubs P3 QClubs P0 3Diamonds P1 6Clubs 
P3 JClubs P0 5Diamonds P1 QHearts P2 3Spades 
P2 QDiamonds P3 4Spades P0 6Diamonds P1 KDiamonds 
P3 6Spades P0 5Spades P1 JDiamonds P2 QSpades 
P2 KSpades P3 JSpades P0 7Spades P1 KHearts 
P0 2Spades P1 7Hearts P2 ASpades P3 KClubs 
-- /GAME --

