-- GAME --
P0 HAND: 6Diamonds, 4Diamonds, 3Diamonds, 3Clubs, KHearts, 2Hearts, QSpades, 6Spades, 3Spades, 2Spades.
P1 HAND: JDiamonds, QDiamonds, 5Diamonds, AClubs, 6Clubs, QHearts, 6Hearts, 5Hearts, ASpades, 5Spades.
P2 HAND: 7Diamonds, KDiamonds, 7Clubs, QClubs, 5Clubs, 2Clubs, AHearts, 4Hearts, 3Hearts, 7Spades.
P3 HAND: ADiamonds, 2Diamonds, KClubs, JClubs, 4Clubs, 7Hearts, JHearts, KSpades, JSpades, 4Spades.
P1 AClubs P2 2Clubs P3 KClubs P0 3Clubs 
P1 ASpades P2 7Spades P3 KSpades P0 2Spades 
P1 5Hearts P2 AHearts P3 JHearts P0 KHearts 
P2 3Hearts P3 7Hearts P0 2Hearts P1 QHearts 
P3 4Clubs P0 3Spades P1 6Clubs P2 7Clubs 
P2 4Hearts P3 4Spades P0 6Spades P1 6Hearts 
P1 5Spades P2 5Clubs P3 JSpades P0 QSpades 
P3 JClubs P0 3Diamonds P1 5Diamonds P2 QClubs 
P1 QDiamonds P2 KDiamonds P3 ADiamonds P0 6Diamonds 
P3 2Diamonds P0 4Diamonds P1 JDiamonds P2 7Diamonds 
-- /GAME --
P0 HAND: ADiamonds, 7Diamonds, 6Diamonds, 5Diamonds, 5Clubs, 7Hearts, 5Hearts, ASpades, JSpades, 3Spades.
P1 HAND: KDiamonds, AClubs, QClubs, 4Clubs, KHearts, 4Hearts, 3Hearts, QSpades, 6Spades, 5Spades.
P2 HAND: QDiamonds, 4Diamonds, KClubs, JClubs, 3Clubs, AHearts, JHearts, 6Hearts, 4Spades, 2Spades.
P3 HAND: JDiamonds, 3Diamonds, 2Diamonds, 7Clubs, 6Clubs, 2Clubs, QHearts, 2Hearts, 7Spades, KSpades.
P0 7Diamonds P1 KDiamonds P2 4Diamonds P3 2Diamonds 

