-- GAME --
P0 HAND: QDiamonds, 6Diamonds, 2Diamonds, AClubs, 7Hearts, JHearts, 3Hearts, 2Hearts, 7Spades, 5Spades.
P1 HAND: ADiamonds, KDiamonds, 3Diamonds, 7Clubs, QClubs, 6Clubs, 3Clubs, ASpades, QSpades, 3Spades.
P2 HAND: 7Diamonds, JDiamonds, 4Diamonds, JClubs, 5Clubs, KHearts, 4Hearts, KSpades, JSpades, 6Spades.
P3 HAND: 5Diamonds, KClubs, 4Clubs, 2Clubs, AHearts, QHearts, 6Hearts, 5Hearts, 4Spades, 2Spades.
P1 ADiamonds P2 4Diamonds P3 5Diamonds P0 2Diamonds 
P1 ASpades P2 6Spades P3 4Spades P0 5Spades 
P1 3Diamonds P2 JDiamonds P3 2Clubs P0 QDiamonds 
P2 5Clubs P3 4Clubs P0 AClubs P1 3Clubs 
P0 7Spades P1 3Spades P2 KSpades P3 2Spades 
P0 2Hearts P1 6Clubs P2 4Hearts P3 5Hearts 
P3 6Hearts P0 JHearts P1 QClubs P2 KHearts 
P2 JClubs P3 KClubs P0 7Hearts P1 7Clubs 
P0 3Hearts P1 QSpades P2 JSpades P3 QHearts 
P3 AHearts P0 6Diamonds P1 KDiamonds P2 7Diamonds 
-- /GAME --
P0 HAND: 7Diamonds, 2Diamonds, 7Clubs, KClubs, QClubs, 5Clubs, AHearts, 5Hearts, 7Spades, 6Spades.
P1 HAND: QDiamonds, 5Diamonds, 4Diamonds, 3Diamonds, JClubs, 4Clubs, QHearts, JSpades, QSpades, 2Spades.
P2 HAND: KDiamonds, AClubs, 3Clubs, 2Clubs, 7Hearts, ASpades, KSpades, 5Spades, 4Spades, 3Spades.
P3 HAND: ADiamonds, JDiamonds, 6Diamonds, 6Clubs, KHearts, JHearts, 6Hearts, 4Hearts, 3Hearts, 2Hearts.
P0 6Spades P1 2Spades P2 ASpades P3 2Hearts 
P3 ADiamonds P0 2Diamonds P1 QDiamonds P2 KDiamonds 
P3 6Diamonds P0 7Diamonds P1 3Diamonds P2 AClubs 
P0 7Clubs P1 4Clubs P2 3Clubs P3 6Clubs 
P0 5Clubs P1 JClubs P2 2Clubs P3 JDiamonds 
P1 4Diamonds P2 3Spades P3 3Hearts P0 QClubs 
P3 4Hearts P0 5Hearts P1 QHearts P2 7Hearts 
P2 4Spades P3 6Hearts P0 7Spades P1 JSpades 
P3 JHearts P0 AHearts P1 5Diamonds P2 KSpades 
P0 KClubs P1 QSpades P2 5Spades P3 KHearts 
-- /GAME --
P0 HAND: QDiamonds, 5Diamonds, 3Diamonds, AClubs, 4Clubs, KHearts, QHearts, 7Spades, KSpades, 2Spades.
P1 HAND: KDiamonds, 2Diamonds, QClubs, 5Clubs, JHearts, 6Hearts, 3Hearts, JSpades, 6Spades, 5Spades.
P2 HAND: ADiamonds, 7Diamonds, JDiamonds, JClubs, 6Clubs, AHearts, 7Hearts, 4Hearts, QSpades, 3Spades.
P3 HAND: 6Diamonds, 4Diamonds, 7Clubs, KClubs, 3Clubs, 2Clubs, 5Hearts, 2Hearts, ASpades, 4Spades.
P3 ASpades P0 2Spades P1 JSpades P2 3Spades 
P3 2Clubs P0 AClubs P1 5Clubs P2 JClubs 
P0 QHearts P1 3Hearts P2 AHearts P3 2Hearts 
P2 4Hearts P3 5Hearts P0 KHearts P1 6Hearts 
P0 4Clubs P1 QClubs P2 6Clubs P3 7Clubs 
P3 3Clubs P0 7Spades P1 2Diamonds P2 JDiamonds 
P2 QSpades P3 4Spades P0 KSpades P1 5Spades 
P0 3Diamonds P1 KDiamonds P2 7Diamonds P3 4Diamonds 
P2 ADiamonds P3 6Diamonds P0 QDiamonds P1 6Spades 
P2 7Hearts P3 KClubs P0 5Diamonds P1 JHearts 
-- /GAME --
P0 HAND: QDiamonds, 5Diamonds, 5Clubs, 3Clubs, 2Clubs, AHearts, 4Hearts, JSpades, QSpades, 6Spades.
P1 HAND: ADiamonds, 7Diamonds, JDiamonds, 7Clubs, KClubs, JClubs, 7Hearts, KHearts, ASpades, 7Spades.
P2 HAND: KDiamonds, 4Diamonds, 4Clubs, QHearts, 6Hearts, 5Hearts, 3Hearts, 4Spades, 3Spades, 2Spades.
P3 HAND: 6Diamonds, 3Diamonds, 2Diamonds, AClubs, QClubs, 6Clubs, JHearts, 2Hearts, KSpades, 5Spades.
P2 2Spades P3 5Spades P0 6Spades P1 ASpades 
P1 JClubs P2 4Clubs P3 AClubs P0 2Clubs 
P3 2Hearts P0 AHearts P1 KHearts P2 QHearts 

