-- GAME --
P0 HAND: 2Diamonds, AClubs, 3Clubs, 7Hearts, KHearts, 4Hearts, JSpades, QSpades, 6Spades, 5Spades.
P1 HAND: ADiamonds, 5Diamonds, 3Diamonds, 7Clubs, KClubs, 4Clubs, AHearts, QHearts, ASpades, 7Spades.
P2 HAND: 7Diamonds, KDiamonds, JDiamonds, QDiamonds, 4Diamonds, 2Clubs, 6Hearts, KSpades, 3Spades, 2Spades.
P3 HAND: 6Diamonds, JClubs, QClubs, 6Clubs, 5Clubs, JHearts, 5Hearts, 3Hearts, 2Hearts, 4Spades.
P1 ADiamonds P2 4Diamonds P3 6Diamonds P0 2Diamonds 
P1 AHearts P2 6Hearts P3 JHearts P0 KHearts 
P1 3Diamonds P2 QDiamonds P3 2Hearts P0 7Hearts 
P2 2Clubs P3 5Clubs P0 AClubs P1 4Clubs 
P0 4Hearts P1 QHearts P2 2Spades P3 3Hearts 
P2 JDiamonds P3 5Hearts P0 3Clubs P1 5Diamonds 
P2 3Spades P3 4Spades P0 6Spades P1 7Spades 
P1 ASpades P2 KSpades P3 JClubs P0 5Spades 
P1 KClubs P2 KDiamonds P3 6Clubs P0 JSpades 
P0 QSpades P1 7Clubs P2 7Diamonds P3 QClubs 
-- /GAME --
P0 HAND: 6Diamonds, 4Diamonds, 6Clubs, 3Clubs, 2Clubs, AHearts, 7Hearts, KSpades, JSpades, 4Spades.
P1 HAND: 7Diamonds, 2Diamonds, QClubs, 4Clubs, JHearts, 4Hearts, 3Hearts, 2Hearts, 6Spades, 5Spades.
P2 HAND: JDiamonds, 5Diamonds, 3Diamonds, AClubs, 7Clubs, KClubs, KHearts, 5Hearts, 3Spades, 2Spades.
P3 HAND: ADiamonds, KDiamonds, QDiamonds, JClubs, 5Clubs, QHearts, 6Hearts, ASpades, 7Spades, QSpades.
P0 AHearts P1 2Hearts P2 KHearts P3 6Hearts 
P0 7Hearts P1 3Hearts P2 5Hearts P3 QHearts 
P0 2Clubs P1 4Clubs P2 AClubs P3 5Clubs 
P2 2Spades P3 ASpades P0 4Spades P1 6Spades 
P3 QSpades P0 KSpades P1 5Spades P2 3Spades 
P0 JSpades P1 4Hearts P2 3Diamonds P3 7Spades 
P2 5Diamonds P3 QDiamonds P0 4Diamonds P1 2Diamonds 
P3 JClubs P0 6Clubs P1 QClubs P2 7Clubs 
P2 JDiamonds P3 KDiamonds P0 6Diamonds P1 7Diamonds 
P1 JHearts P2 KClubs P3 ADiamonds P0 3Clubs 
-- /GAME --
P0 HAND: QDiamonds, 3Diamonds, JClubs, 2Clubs, KHearts, JHearts, ASpades, 7Spades, QSpades, 4Spades.
P1 HAND: JDiamonds, 6Diamonds, 4Clubs, AHearts, 6Hearts, 3Hearts, 2Hearts, JSpades, 6Spades, 2Spades.
P2 HAND: 7Diamonds, 5Diamonds, KClubs, QClubs, 5Clubs, 7Hearts, 5Hearts, 4Hearts, KSpades, 3Spades.
P3 HAND: ADiamonds, KDiamonds, 4Diamonds, 2Diamonds, AClubs, 7Clubs, 6Clubs, 3Clubs, QHearts, 5Spades.
P3 ADiamonds P0 3Diamonds P1 JDiamonds P2 5Diamonds 
P3 AClubs P0 2Clubs P1 4Clubs P2 5Clubs 
P3 2Diamonds P0 QDiamonds P1 6Diamonds P2 7Diamonds 
P2 3Spades P3 5Spades P0 ASpades P1 2Spades 
P0 JClubs P1 6Spades P2 QClubs P3 7Clubs 
P3 3Clubs P0 4Spades P1 2Hearts P2 KClubs 
P1 JSpades P2 KSpades P3 QHearts P0 QSpades 
P3 4Diamonds P0 7Spades P1 3Hearts P2 4Hearts 
P2 5Hearts P3 6Clubs P0 KHearts P1 6Hearts 
P0 JHearts P1 AHearts P2 7Hearts P3 KDiamonds 
-- /GAME --
P0 HAND: QDiamonds, 2Diamonds, AHearts, KHearts, QHearts, 2Hearts, KSpades, JSpades, 5Spades, 4Spades.
P1 HAND: 7Diamonds, 5Diamonds, 4Diamonds, JClubs, QClubs, 4Clubs, 2Clubs, QSpades, 6Spades, 3Spades.
P2 HAND: JDiamonds, KClubs, 6Clubs, 5Clubs, 3Clubs, JHearts, 6Hearts, 5Hearts, 3Hearts, 2Spades.
P3 HAND: ADiamonds, KDiamonds, 6Diamonds, 3Diamonds, AClubs, 7Clubs, 7Hearts, 4Hearts, ASpades, 7Spades.
P2 2Spades 
