-- GAME --
P0 HAND: ADiamonds, KDiamonds, 6Diamonds, 7Clubs, 5Clubs, KHearts, 3Hearts, KSpades, 6Spades, 3Spades.
P1 HAND: JDiamonds, QDiamonds, KClubs, JClubs, 3Clubs, AHearts, 6Hearts, 5Hearts, JSpades, 2Spades.
P2 HAND: 5Diamonds, 4Diamonds, 3Diamonds, AClubs, QClubs, 4Clubs, 2Clubs, JHearts, ASpades, 7Spades.
P3 HAND: 7Diamonds, 2Diamonds, 6Clubs, 7Hearts, QHearts, 4Hearts, 2Hearts, QSpades, 5Spades, 4Spades.
P0 ADiamonds P1 QDiamonds P2 5Diamonds P3 2Diamonds 
P0 5Clubs P1 3Clubs P2 AClubs P3 6Clubs 
P2 2Clubs P3 2Hearts P0 7Clubs P1 JClubs 
P0 6Diamonds P1 JDiamonds P2 3Diamonds P3 7Diamonds 
P3 4Hearts P0 KHearts P1 AHearts P2 JHearts 
P1 5Hearts P2 4Diamonds P3 7Hearts P0 3Hearts 
P3 QHearts P0 KDiamonds P1 6Hearts P2 7Spades 
P2 4Clubs P3 4Spades P0 6Spades P1 KClubs 
P0 3Spades P1 2Spades P2 ASpades P3 5Spades 
P2 QClubs P3 QSpades P0 KSpades P1 JSpades 
-- /GAME --
P0 HAND: JDiamonds, QDiamonds, AClubs, 3Clubs, 2Clubs, 7Hearts, JHearts, 6Hearts, 5Hearts, 4Spades.
P1 HAND: ADiamonds, 7Diamonds, JClubs, 4Clubs, AHearts, KHearts, ASpades, 7Spades, QSpades, 6Spades.
P2 HAND: 6Diamonds, 5Diamonds, 4Diamonds, QClubs, QHearts, KSpades, JSpades, 5Spades, 3Spades, 2Spades.
P3 HAND: KDiamonds, 3Diamonds, 2Diamonds, 7Clubs, KClubs, 6Clubs, 5Clubs, 4Hearts, 3Hearts, 2Hearts.
P3 2Diamonds P0 QDiamonds P1 ADiamonds P2 4Diamonds 
P1 AHearts P2 QHearts P3 4Hearts P0 5Hearts 
P1 4Clubs P2 QClubs P3 5Clubs P0 AClubs 
P0 6Hearts P1 KHearts P2 5Diamonds P3 3Hearts 
P1 JClubs P2 6Diamonds P3 7Clubs P0 2Clubs 
P3 2Hearts P0 7Hearts P1 6Spades P2 JSpades 
P2 2Spades P3 3Diamonds P0 4Spades P1 QSpades 
P1 7Spades P2 3Spades P3 6Clubs P0 3Clubs 
P1 ASpades P2 5Spades P3 KDiamonds P0 JDiamonds 
P1 7Diamonds P2 KSpades P3 KClubs P0 JHearts 
-- /GAME --
P0 HAND: 3Diamonds, AClubs, JClubs, QClubs, 3Clubs, 7Hearts, KHearts, QHearts, JSpades, 4Spades.
P1 HAND: 7Diamonds, QDiamonds, 4Diamonds, KClubs, 5Clubs, 2Clubs, 5Hearts, 3Hearts, 5Spades, 3Spades.
P2 HAND: ADiamonds, KDiamonds, 6Diamonds, 2Diamonds, 6Clubs, 4Clubs, JHearts, 6Hearts, QSpades, 6Spades.
P3 HAND: JDiamonds, 5Diamonds, 7Clubs, AHearts, 4Hearts, 2Hearts, ASpades, 7Spades, KSpades, 2Spades.
P2 ADiamonds P3 5Diamonds P0 3Diamonds P1 4Diamonds 
P2 2Diamonds P3 JDiamonds P0 4Spades P1 7Diamonds 
P1 3Hearts P2 6Hearts P3 AHearts P0 QHearts 
P3 2Hearts P0 7Hearts P1 5Hearts P2 JHearts 
P0 KHearts P1 3Spades P2 6Diamonds P3 4Hearts 
P0 JSpades P1 5Spades P2 6Spades P3 ASpades 
P3 2Spades P0 3Clubs P1 QDiamonds P2 QSpades 
P0 QClubs P1 2Clubs P2 4Clubs P3 7Clubs 
P3 KSpades P0 JClubs P1 KClubs P2 KDiamonds 
P1 5Clubs P2 6Clubs P3 7Spades P0 AClubs 
-- /GAME --
P0 HAND: QDiamonds, 5Diamonds, QClubs, 6Clubs, 2Clubs, AHearts, 7Hearts, 5Hearts, 4Hearts, 3Spades.
P1 HAND: 6Diamonds, 4Diamonds, 5Clubs, 3Clubs, 6Hearts, 2Hearts, ASpades, 7Spades, KSpades, 6Spades.
P2 HAND: 7Diamonds, JDiamonds, 2Diamonds, KClubs, JClubs, 4Clubs, KHearts, JSpades, QSpades, 5Spades.
P3 HAND: ADiamonds, KDiamonds, 3Diamonds, AClubs, 7Clubs, JHearts, QHearts, 3Hearts, 4Spades, 2Spades.
P1 ASpades P2 5Spades P3 4Spades P0 3Spades 
P1 2Hearts P2 KHearts P3 3Hearts P0 AHearts 
P0 7Hearts P1 6Hearts P2 KClubs P3 QHearts 
P0 2Clubs P1 3Clubs P2 4Clubs P3 AClubs 
P3 2Spades P0 4Hearts P1 7Spades P2 QSpades 
P1 5Clubs P2 JClubs P3 7Clubs P0 6Clubs 
P3 JHearts P0 5Hearts P1 6Spades P2 2Diamonds 
P2 JSpades P3 3Diamonds P0 5Diamonds P1 KSpades 
P0 QClubs P1 4Diamonds P2 JDiamonds P3 KDiamonds 
P3 ADiamonds P0 QDiamonds P1 6Diamonds P2 7Diamonds 
-- /GAME --
P0 HAND: JDiamonds, 4Diamonds, 3Diamonds, 3Clubs, 2Clubs, KHearts, JHearts, 6Hearts, 7Spades, 5Spades.
P1 HAND: QDiamonds, 6Diamonds, QClubs, 4Clubs, QHearts, 3Hearts, ASpades, KSpades, QSpades, 2Spades.
P2 HAND: 7Diamonds, 5Diamonds, 2Diamonds, KClubs, 7Hearts, 5Hearts, 4Hearts, 2Hearts, 4Spades, 3Spades.
P3 HAND: ADiamonds, KDiamonds, AClubs, 7Clubs, JClubs, 6Clubs, 5Clubs, AHearts, JSpades, 6Spades.

