-- GAME --
P0 HAND: ADiamonds, JDiamonds, 5Diamonds, AClubs, QClubs, 6Clubs, QHearts, 5Hearts, 4Spades, 2Spades.
P1 HAND: 6Diamonds, 2Diamonds, 4Clubs, 4Hearts, 3Hearts, KSpades, JSpades, QSpades, 5Spades, 3Spades.
P2 HAND: KDiamonds, QDiamonds, 3Diamonds, 5Clubs, 3Clubs, 2Clubs, 7Hearts, JHearts, 6Hearts, 6Spades.
P3 HAND: 7Diamonds, 4Diamonds, 7Clubs, KClubs, JClubs, AHearts, KHearts, 2Hearts, ASpades, 7Spades.
P2 2Clubs P3 JClubs P0 AClubs P1 4Clubs 
P0 4Spades P1 3Spades P2 6Spades P3 7Spades 
P3 AHearts P0 QHearts P1 4Hearts P2 6Hearts 
P3 2Hearts P0 5Hearts P1 3Hearts P2 7Hearts 
P2 3Diamonds P3 4Diamonds P0 5Diamonds P1 6Diamonds 
P1 2Diamonds P2 QDiamonds P3 7Diamonds P0 JDiamonds 
P3 ASpades P0 2Spades P1 5Spades P2 3Clubs 
P3 KClubs P0 QClubs P1 QSpades P2 5Clubs 
P1 JSpades P2 JHearts P3 KHearts P0 ADiamonds 
P1 KSpades P2 KDiamonds P3 7Clubs P0 6Clubs 
-- /GAME --
P0 HAND: JDiamonds, 2Diamonds, 7Clubs, 4Clubs, 2Clubs, QHearts, 6Hearts, 7Spades, JSpades, 2Spades.
P1 HAND: ADiamonds, 6Diamonds, 5Diamonds, 4Diamonds, KClubs, QClubs, KHearts, 2Hearts, KSpades, 6Spades.
P2 HAND: 7Diamonds, KDiamonds, 3Diamonds, JClubs, 5Clubs, 3Clubs, 3Hearts, 5Spades, 4Spades, 3Spades.
P3 HAND: QDiamonds, AClubs, 6Clubs, AHearts, 7Hearts, JHearts, 5Hearts, 4Hearts, ASpades, QSpades.
P1 ADiamonds P2 3Diamonds P3 QDiamonds P0 2Diamonds 
P1 2Hearts P2 3Hearts P3 AHearts P0 6Hearts 
P3 ASpades P0 2Spades P1 KSpades P2 3Spades 
P3 4Hearts P0 QHearts P1 KHearts P2 3Clubs 
P2 4Spades P3 QSpades P0 7Spades P1 6Spades 
P0 JSpades P1 4Diamonds P2 5Spades P3 5Hearts 
P0 JDiamonds P1 5Diamonds P2 KDiamonds P3 6Clubs 
P3 JHearts P0 2Clubs P1 6Diamonds P2 7Diamonds 
P0 4Clubs P1 QClubs P2 5Clubs P3 AClubs 
P3 7Hearts P0 7Clubs P1 KClubs P2 JClubs 
-- /GAME --
P0 HAND: 5Diamonds, 4Diamonds, AClubs, 7Hearts, 3Hearts, 7Spades, KSpades, 6Spades, 4Spades, 3Spades.
P1 HAND: ADiamonds, 7Diamonds, JDiamonds, 6Diamonds, 3Diamonds, 7Clubs, JClubs, 2Clubs, 4Hearts, 2Spades.
P2 HAND: KDiamonds, QDiamonds, KClubs, QClubs, AHearts, KHearts, 6Hearts, 5Hearts, QSpades, 5Spades.
P3 HAND: 2Diamonds, 6Clubs, 5Clubs, 4Clubs, 3Clubs, JHearts, QHearts, 2Hearts, ASpades, JSpades.
P0 AClubs P1 2Clubs P2 QClubs P3 3Clubs 
P0 7Hearts P1 4Hearts P2 AHearts P3 2Hearts 
P2 5Hearts P3 QHearts P0 3Hearts P1 ADiamonds 
P3 ASpades P0 3Spades P1 2Spades P2 5Spades 
P3 2Diamonds P0 5Diamonds P1 7Diamonds P2 QDiamonds 
P1 3Diamonds P2 KDiamonds P3 4Clubs P0 4Diamonds 
P3 JHearts P0 6Spades P1 6Diamonds P2 KHearts 
P2 6Hearts P3 5Clubs P0 KSpades P1 JDiamonds 
P3 JSpades P0 4Spades P1 JClubs P2 QSpades 
P1 7Clubs P2 KClubs P3 6Clubs P0 7Spades 
-- /GAME --
P0 HAND: QDiamonds, 6Diamonds, KClubs, JClubs, 3Clubs, 4Hearts, 3Hearts, KSpades, JSpades, QSpades.
P1 HAND: JDiamonds, 5Diamonds, 3Diamonds, AClubs, QClubs, 4Clubs, 2Clubs, 5Hearts, 2Hearts, ASpades.
P2 HAND: ADiamonds, KDiamonds, 2Diamonds, 7Clubs, AHearts, KHearts, 7Spades, 6Spades, 4Spades, 2Spades.
P3 HAND: 7Diamonds, 4Diamonds, 6Clubs, 5Clubs, 7Hearts, JHearts, QHearts, 6Hearts, 5Spades, 3Spades.
P3 4Diamonds 
