-- GAME --
P0 HAND: KDiamonds, JDiamonds, 6Diamonds, 3Diamonds, QClubs, 5Hearts, 3Hearts, 2Hearts, 5Spades, 4Spades.
P1 HAND: 2Diamonds, AClubs, 7Clubs, KClubs, 3Clubs, 2Clubs, JHearts, QHearts, 7Spades, 6Spades.
P2 HAND: ADiamonds, 6Clubs, 5Clubs, 4Clubs, AHearts, 7Hearts, 6Hearts, KSpades, QSpades, 3Spades.
P3 HAND: 7Diamonds, QDiamonds, 5Diamonds, 4Diamonds, JClubs, KHearts, 4Hearts, ASpades, JSpades, 2Spades.
P2 ADiamonds P3 4Diamonds P0 KDiamonds P1 2Diamonds 
P2 AHearts P3 4Hearts P0 5Hearts P1 QHearts 
P2 4Clubs P3 JClubs P0 QClubs P1 AClubs 
P1 2Clubs P2 5Clubs P3 5Diamonds P0 JDiamonds 
P2 6Clubs P3 QDiamonds P0 5Spades P1 3Clubs 
P0 2Hearts P1 JHearts P2 7Hearts P3 KHearts 
P2 6Hearts P3 2Spades P0 3Hearts P1 7Clubs 
P3 JSpades P0 4Spades P1 6Spades P2 3Spades 
P3 ASpades P0 3Diamonds P1 7Spades P2 QSpades 
P3 7Diamonds P0 6Diamonds P1 KClubs P2 KSpades 
-- /GAME --
P0 HAND: 7Diamonds, 4Diamonds, AClubs, JClubs, 5Clubs, 7Hearts, QHearts, 4Hearts, ASpades, 4Spades.
P1 HAND: ADiamonds, 5Diamonds, 2Diamonds, KClubs, 6Clubs, AHearts, JHearts, 6Hearts, 3Hearts, 7Spades.
P2 HAND: KDiamonds, 6Diamonds, 7Clubs, 4Clubs, KHearts, 5Hearts, QSpades, 5Spades, 3Spades, 2Spades.
P3 HAND: JDiamonds, QDiamonds, 3Diamonds, QClubs, 3Clubs, 2Clubs, 2Hearts, KSpades, JSpades, 6Spades.
P1 AHearts P2 5Hearts P3 2Hearts P0 4Hearts 
P1 3Hearts P2 KHearts P3 2Clubs P0 7Hearts 
P0 ASpades P1 7Spades P2 QSpades P3 6Spades 
P0 AClubs P1 6Clubs P2 7Clubs P3 3Clubs 
P0 5Clubs P1 KClubs P2 4Clubs P3 QClubs 
P1 6Hearts P2 2Spades P3 3Diamonds P0 QHearts 
P3 JSpades P0 4Spades P1 2Diamonds P2 3Spades 
P1 JHearts P2 5Spades P3 QDiamonds P0 7Diamonds 
P0 4Diamonds P1 5Diamonds P2 6Diamonds P3 JDiamonds 
P3 KSpades P0 JClubs P1 ADiamonds P2 KDiamonds 
-- /GAME --
P0 HAND: ADiamonds, QDiamonds, QClubs, 6Clubs, 5Clubs, 2Clubs, 7Hearts, JHearts, 2Hearts, ASpades.
P1 HAND: KDiamonds, 6Diamonds, JClubs, 7Spades, JSpades, QSpades, 6Spades, 5Spades, 4Spades, 3Spades.
P2 HAND: 3Diamonds, 2Diamonds, 7Clubs, 4Clubs, 3Clubs, 6Hearts, 5Hearts, 4Hearts, 3Hearts, 2Spades.
P3 HAND: 7Diamonds, JDiamonds, 5Diamonds, 4Diamonds, AClubs, KClubs, AHearts, KHearts, QHearts, KSpades.
P0 ADiamonds 
