-- GAME --
P3 4Hearts P0 6Hearts P1 5Hearts 
P2 JHearts P3 4Clubs P0 3Hearts P1 7Hearts 
P1 3Diamonds P2 KHearts P3 KDiamonds P0 JClubs 
P2 AHearts P3 5Clubs P0 6Spades P1 QClubs 
P2 KClubs P3 7Clubs P0 2Spades P1 7Spades 
-- /GAME --
P0 HAND: KDiamonds, QDiamonds, 7Clubs, JClubs, 7Spades, KSpades, JSpades, 5Spades, 4Spades, 3Spades.
P1 HAND: 7Diamonds, 5Diamonds, 4Diamonds, 2Diamonds, KClubs, QClubs, 6Clubs, 5Clubs, 3Clubs, 7Hearts.
P2 HAND: ADiamonds, 4Clubs, AHearts, KHearts, 6Hearts, 5Hearts, 4Hearts, 2Hearts, ASpades, QSpades.
P3 HAND: JDiamonds, 6Diamonds, 3Diamonds, AClubs, 2Clubs, JHearts, QHearts, 3Hearts, 6Spades, 2Spades.
P2 ADiamonds P3 3Diamonds P0 KDiamonds P1 2Diamonds 
P2 2Hearts P3 3Hearts P0 QDiamonds P1 7Hearts 
P1 4Diamonds P2 4Hearts P3 6Diamonds P0 3Spades 
P3 2Spades P0 JSpades P1 5Diamonds P2 ASpades 
P2 5Hearts P3 QHearts P0 7Clubs P1 7Diamonds 
P0 5Spades P1 3Clubs P2 QSpades P3 6Spades 
P1 5Clubs P2 4Clubs P3 2Clubs P0 JClubs 
P0 KSpades P1 6Clubs P2 6Hearts P3 JDiamonds 
P1 QClubs P2 KHearts P3 AClubs P0 4Spades 
P3 JHearts P0 7Spades P1 KClubs P2 AHearts 
-- /GAME --
P0 HAND: 5Diamonds, AClubs, KClubs, JClubs, AHearts, KHearts, 6Hearts, 5Hearts, JSpades, QSpades.
P1 HAND: 7Diamonds, KDiamonds, JDiamonds, 2Diamonds, 7Clubs, QClubs, 6Clubs, 3Hearts, 7Spades, 5Spades.
P2 HAND: QDiamonds, 6Diamonds, 4Diamonds, 3Diamonds, 5Clubs, JHearts, QHearts, 4Hearts, ASpades, KSpades.
P3 HAND: ADiamonds, 4Clubs, 3Clubs, 2Clubs, 7Hearts, 2Hearts, 6Spades, 4Spades, 3Spades, 2Spades.
P1 2Diamonds P2 3Diamonds 
