-- GAME --
P0 HAND: 6Diamonds, AClubs, JClubs, 4Clubs, AHearts, 7Hearts, QHearts, 6Hearts, 5Spades, 2Spades.
P1 HAND: ADiamonds, QDiamonds, 2Diamonds, KClubs, QClubs, 3Clubs, 3Hearts, ASpades, 6Spades, 3Spades.
P2 HAND: JDiamonds, 5Diamonds, 6Clubs, KHearts, 4Hearts, 2Hearts, 7Spades, JSpades, QSpades, 4Spades.
P3 HAND: 7Diamonds, KDiamonds, 4Diamonds, 3Diamonds, 7Clubs, 5Clubs, 2Clubs, JHearts, 5Hearts, KSpades.
P0 4Clubs P1 3Clubs P2 6Clubs P3 7Clubs 
P3 2Clubs P0 AClubs P1 QClubs P2 7Spades 
P0 5Spades P1 ASpades P2 4Spades P3 KSpades 
P1 3Hearts P2 2Hearts P3 5Hearts P0 6Hearts 
P0 7Hearts P1 2Diamonds P2 4Hearts P3 JHearts 
P1 3Spades P2 QSpades P3 5Clubs P0 2Spades 
P2 JSpades P3 3Diamonds P0 JClubs P1 6Spades 
P3 4Diamonds P0 6Diamonds P1 QDiamonds P2 5Diamonds 
P1 ADiamonds P2 JDiamonds P3 KDiamonds P0 QHearts 
P1 KClubs P2 KHearts P3 7Diamonds P0 AHearts 
-- /GAME --
P0 HAND: JDiamonds, QDiamonds, 7Clubs, 6Clubs, JHearts, 4Hearts, KSpades, 6Spades, 5Spades, 4Spades.
P1 HAND: 6Diamonds, 2Diamonds, JClubs, QClubs, 5Clubs, 3Clubs, AHearts, QHearts, 5Hearts, 2Spades.
P2 HAND: 7Diamonds, 5Diamonds, AClubs, KHearts, 6Hearts, 3Hearts, 2Hearts, ASpades, JSpades, 3Spades.
P3 HAND: ADiamonds, KDiamonds, 4Diamonds, 3Diamonds, KClubs, 4Clubs, 2Clubs, 7Hearts, 7Spades, QSpades.
P3 ADiamonds P0 QDiamonds P1 6Diamonds P2 5Diamonds 
P3 2Clubs P0 6Clubs P1 3Clubs P2 AClubs 
P2 2Hearts P3 7Hearts P0 JHearts P1 AHearts 
P1 2Diamonds P2 7Diamonds P3 3Diamonds P0 JDiamonds 
P2 3Hearts P3 4Diamonds P0 4Hearts P1 QHearts 
P1 5Clubs P2 6Hearts P3 4Clubs P0 7Clubs 
P0 6Spades P1 2Spades P2 3Spades P3 QSpades 
P3 7Spades P0 5Spades P1 5Hearts P2 ASpades 
P2 JSpades P3 KDiamonds P0 4Spades P1 QClubs 
P2 KHearts P3 KClubs P0 KSpades P1 JClubs 
-- /GAME --
P0 HAND: ADiamonds, QDiamonds, 5Diamonds, 3Diamonds, KClubs, 6Clubs, 5Clubs, KHearts, 5Spades, 4Spades.
P1 HAND: 6Diamonds, 2Diamonds, 3Clubs, AHearts, 7Hearts, JHearts, 3Hearts, KSpades, JSpades, 2Spades.
P2 HAND: 7Diamonds, KDiamonds, 4Diamonds, AClubs, QClubs, 4Clubs, 6Hearts, 5Hearts, QSpades, 3Spades.
P3 HAND: JDiamonds, 7Clubs, JClubs, 2Clubs, QHearts, 4Hearts, 2Hearts, ASpades, 7Spades, 6Spades.
P2 AClubs P3 2Clubs 
