-- GAME --
P0 HAND: ADiamonds, JDiamonds, 3Diamonds, 2Diamonds, 7Clubs, AHearts, KHearts, QHearts, JSpades, 6Spades.
P1 HAND: 4Diamonds, AClubs, JClubs, 6Clubs, 5Clubs, 2Clubs, 7Hearts, JHearts, QSpades, 4Spades.
P2 HAND: KDiamonds, KClubs, 4Clubs, 5Hearts, 4Hearts, ASpades, 7Spades, 5Spades, 3Spades, 2Spades.
P3 HAND: 7Diamonds, QDiamonds, 6Diamonds, 5Diamonds, QClubs, 3Clubs, 6Hearts, 3Hearts, 2Hearts, KSpades.
P1 2Clubs P2 4Clubs P3 3Clubs P0 7Clubs 
P0 6Spades P1 4Spades P2 ASpades P3 KSpades 
P2 2Spades P3 2Hearts P0 JSpades P1 QSpades 
P0 JDiamonds P1 4Diamonds P2 KDiamonds P3 7Diamonds 
P3 3Hearts P0 KHearts P1 JHearts P2 5Hearts 
P0 ADiamonds P1 5Clubs P2 7Spades P3 5Diamonds 
P0 2Diamonds P1 6Clubs P2 3Spades P3 6Diamonds 
P3 6Hearts P0 AHearts P1 7Hearts P2 4Hearts 
P0 QHearts P1 JClubs P2 5Spades P3 QDiamonds 
P3 QClubs P0 3Diamonds P1 AClubs P2 KClubs 
-- /GAME --
P0 HAND: KDiamonds, 6Diamonds, 4Diamonds, 3Diamonds, 7Clubs, JClubs, 6Hearts, 4Hearts, ASpades, 2Spades.
P1 HAND: ADiamonds, 7Diamonds, QDiamonds, 2Diamonds, 6Clubs, AHearts, 7Hearts, KHearts, 5Hearts, 6Spades.
P2 HAND: 5Diamonds, KClubs, QClubs, 5Clubs, 2Clubs, JHearts, 2Hearts, KSpades, JSpades, QSpades.
P3 HAND: JDiamonds, AClubs, 4Clubs, 3Clubs, QHearts, 3Hearts, 7Spades, 5Spades, 4Spades, 3Spades.
P0 4Hearts P1 AHearts P2 2Hearts P3 QHearts 
P1 ADiamonds P2 5Diamonds P3 JDiamonds P0 3Diamonds 
P1 2Diamonds P2 2Clubs P3 3Clubs P0 KDiamonds 
P0 6Hearts P1 5Hearts P2 JHearts P3 3Hearts 
P2 5Clubs P3 AClubs P0 JClubs P1 6Clubs 
P3 4Clubs P0 7Clubs P1 6Spades P2 QClubs 
P1 QDiamonds P2 QSpades P3 3Spades P0 4Diamonds 
P2 JSpades P3 4Spades P0 2Spades P1 KHearts 
P2 KSpades P3 5Spades P0 ASpades P1 7Diamonds 
P0 6Diamonds P1 7Hearts P2 KClubs P3 7Spades 
-- /GAME --
P0 HAND: AClubs, 7Clubs, KClubs, JClubs, QClubs, 3Clubs, AHearts, KHearts, ASpades, QSpades.
P1 HAND: ADiamonds, 7Diamonds, JDiamonds, 6Diamonds, 5Diamonds, 2Clubs, 6Hearts, 4Hearts, 3Hearts, 3Spades.
P2 HAND: QDiamonds, 2Diamonds, 5Clubs, JHearts, 5Hearts, 2Hearts, 7Spades, KSpades, 5Spades, 4Spades.
P3 HAND: KDiamonds, 4Diamonds, 3Diamonds, 6Clubs, 4Clubs, 7Hearts, QHearts, JSpades, 6Spades, 2Spades.
P3 2Spades P0 ASpades P1 3Spades P2 7Spades 
P0 AHearts P1 3Hearts P2 JHearts P3 QHearts 
P0 QSpades P1 2Clubs P2 KSpades P3 6Spades 
P2 2Hearts P3 7Hearts P0 KHearts P1 6Hearts 
P3 4Clubs P0 AClubs P1 5Diamonds P2 5Clubs 
P1 4Hearts P2 5Hearts P3 6Clubs P0 7Clubs 
P2 4Spades P3 JSpades P0 3Clubs P1 6Diamonds 
P1 JDiamonds P2 2Diamonds P3 3Diamonds P0 QClubs 
P1 7Diamonds P2 QDiamonds P3 4Diamonds P0 JClubs 
P1 ADiamonds P2 5Spades P3 KDiamonds P0 KClubs 
-- /GAME --
P0 HAND: ADiamonds, 5Diamonds, 2Diamonds, 7Clubs, 5Clubs, 3Clubs, 7Hearts, 6Hearts, QSpades, 5Spades.
P1 HAND: KDiamonds, QDiamonds, 6Diamonds, 3Diamonds, 4Clubs, AHearts, QHearts, 4Hearts, ASpades, 3Spades.
P2 HAND: 4Diamonds, AClubs, 6Clubs, KHearts, JHearts, 5Hearts, 2Hearts, 7Spades, KSpades, 6Spades.
P3 HAND: 7Diamonds, JDiamonds, KClubs, JClubs, QClubs, 2Clubs, 3Hearts, JSpades, 4Spades, 2Spades.
P2 AClubs P3 2Clubs P0 7Clubs P1 4Clubs 
P2 2Hearts P3 3Hearts P0 6Hearts P1 AHearts 
P1 ASpades P2 6Spades P3 JSpades P0 5Spades 
P1 3Spades P2 KSpades P3 2Spades P0 QSpades 
P2 5Hearts P3 4Spades P0 7Hearts P1 4Hearts 
P0 3Clubs P1 QHearts P2 6Clubs P3 KClubs 
P3 QClubs P0 5Clubs P1 3Diamonds P2 4Diamonds 
P2 JHearts P3 JDiamonds 
