-- GAME --
P0 HAND: 7Diamonds, KDiamonds, QDiamonds, AHearts, QHearts, 6Hearts, 5Hearts, 4Hearts, 6Spades, 5Spades.
P1 HAND: JDiamonds, 6Diamonds, 4Diamonds, 7Clubs, JClubs, QClubs, 6Clubs, 2Clubs, JSpades, 4Spades.
P2 HAND: 2Diamonds, AClubs, 5Clubs, 4Clubs, KHearts, JHearts, 2Hearts, ASpades, 7Spades, KSpades.
P3 HAND: ADiamonds, 5Diamonds, 3Diamonds, KClubs, 3Clubs, 7Hearts, 3Hearts, QSpades, 3Spades, 2Spades.
P1 2Clubs P2 AClubs P3 3Clubs P0 AHearts 
P2 ASpades P3 2Spades P0 6Spades P1 4Spades 
P2 2Hearts P3 7Hearts P0 4Hearts P1 7Clubs 
P3 3Hearts P0 QHearts P1 6Clubs P2 KHearts 
P2 4Clubs P3 KClubs P0 QDiamonds P1 QClubs 
P0 5Spades P1 JSpades P2 7Spades P3 3Spades 
P2 5Clubs P3 QSpades P0 7Diamonds P1 JClubs 
P0 5Hearts P1 4Diamonds P2 JHearts P3 3Diamonds 
P1 6Diamonds P2 2Diamonds P3 5Diamonds P0 KDiamonds 
P0 6Hearts P1 JDiamonds P2 KSpades P3 ADiamonds 
-- /GAME --
P0 HAND: ADiamonds, JDiamonds, QDiamonds, 5Diamonds, AClubs, QHearts, 5Hearts, 2Hearts, JSpades, 6Spades.
P1 HAND: 7Diamonds, KDiamonds, 6Diamonds, 4Diamonds, 7Clubs, JClubs, KSpades, QSpades, 3Spades, 2Spades.
P2 HAND: 2Diamonds, KClubs, 6Clubs, 4Clubs, AHearts, 7Hearts, KHearts, 3Hearts, ASpades, 7Spades.
P3 HAND: 3Diamonds, QClubs, 5Clubs, 3Clubs, 2Clubs, JHearts, 6Hearts, 4Hearts, 5Spades, 4Spades.
P0 ADiamonds P1 4Diamonds P2 2Diamonds P3 3Diamonds 
P0 AClubs P1 JClubs P2 KClubs P3 2Clubs 
P0 6Spades P1 2Spades P2 ASpades P3 4Spades 
P2 4Clubs P3 3Clubs P0 5Diamonds P1 7Clubs 
P1 3Spades P2 7Spades P3 5Spades P0 JSpades 
P2 6Clubs P3 5Clubs P0 QDiamonds P1 6Diamonds 
P2 3Hearts P3 4Hearts P0 QHearts P1 QSpades 
P0 JDiamonds P1 KDiamonds P2 KHearts P3 QClubs 
P2 7Hearts P3 6Hearts P0 2Hearts P1 KSpades 
P2 AHearts P3 JHearts P0 5Hearts P1 7Diamonds 
-- /GAME --
P0 HAND: ADiamonds, 7Diamonds, 4Diamonds, AClubs, 6Clubs, 3Clubs, 7Hearts, 2Hearts, KSpades, 5Spades.
P1 HAND: QDiamonds, 2Diamonds, 7Clubs, JClubs, QClubs, 5Clubs, AHearts, 4Hearts, ASpades, 3Spades.
P2 HAND: JDiamonds, 3Diamonds, 4Clubs, 2Clubs, KHearts, JHearts, 5Hearts, 3Hearts, 7Spades, 2Spades.
P3 HAND: KDiamonds, 6Diamonds, 5Diamonds, KClubs, QHearts, 6Hearts, JSpades, QSpades, 6Spades, 4Spades.
P3 5Diamonds P0 ADiamonds P1 2Diamonds P2 JDiamonds 
P0 7Diamonds P1 QDiamonds P2 3Diamonds P3 6Diamonds 
P0 AClubs P1 5Clubs P2 4Clubs P3 KClubs 
P0 2Hearts P1 AHearts P2 3Hearts P3 QHearts 
P1 4Hearts P2 5Hearts P3 6Hearts P0 7Hearts 
P0 4Diamonds P1 QClubs P2 2Clubs P3 KDiamonds 
P3 4Spades P0 KSpades P1 3Spades P2 2Spades 
P0 6Clubs P1 JClubs P2 7Spades P3 6Spades 
P2 JHearts P3 QSpades P0 3Clubs P1 7Clubs 
P3 JSpades P0 5Spades P1 ASpades P2 KHearts 
-- /GAME --
P0 HAND: 2Clubs, JHearts, QHearts, 6Hearts, 5Hearts, 3Hearts, ASpades, QSpades, 6Spades, 4Spades.
P1 HAND: ADiamonds, JDiamonds, 5Diamonds, 3Diamonds, QClubs, 5Clubs, 3Clubs, 7Spades, 5Spades, 2Spades.
P2 HAND: 7Diamonds, KDiamonds, 6Diamonds, 2Diamonds, 7Clubs, 4Clubs, KHearts, 2Hearts, KSpades, JSpades.
P3 HAND: QDiamonds, 4Diamonds, AClubs, KClubs, JClubs, 6Clubs, AHearts, 7Hearts, 4Hearts, 3Spades.
P2 2Diamonds P3 4Diamonds P0 4Spades P1 3Diamonds 
P0 2Clubs P1 3Clubs P2 4Clubs P3 AClubs 
P3 AHearts P0 5Hearts P1 ADiamonds P2 2Hearts 
P3 4Hearts P0 JHearts P1 5Diamonds P2 KHearts 
P2 6Diamonds P3 QDiamonds P0 6Spades P1 JDiamonds 
P0 6Hearts P1 5Clubs P2 JSpades P3 7Hearts 
P2 KSpades P3 3Spades P0 QSpades P1 7Spades 
P1 QClubs P2 7Clubs P3 6Clubs P0 QHearts 
P2 KDiamonds P3 JClubs P0 ASpades P1 2Spades 
P0 3Hearts P1 5Spades P2 7Diamonds P3 KClubs 
-- /GAME --
P0 HAND: 7Diamonds, KDiamonds, 7Clubs, 5Clubs, 2Clubs, 4Hearts, ASpades, 6Spades, 5Spades, 2Spades.
P1 HAND: ADiamonds, 6Diamonds, 2Diamonds, QClubs, 6Clubs, 4Clubs, 5Hearts, 3Hearts, 2Hearts, 4Spades.
P2 HAND: 3Diamonds, AClubs, JClubs, 3Clubs, AHearts, KHearts, JHearts, 6Hearts, QSpades, 3Spades.
P3 HAND: JDiamonds, QDiamonds, 5Diamonds, 4Diamonds, KClubs, 7Hearts, QHearts, 7Spades, KSpades, JSpades.
P1 ADiamonds P2 3Diamonds P3 JDiamonds P0 KDiamonds 
P1 2Diamonds P2 3Clubs P3 4Diamonds P0 7Diamonds 
P0 ASpades P1 4Spades P2 QSpades P3 JSpades 
P0 2Spades P1 4Clubs P2 3Spades P3 7Spades 
P3 5Diamonds P0 5Spades P1 6Diamonds P2 6Hearts 
P2 AClubs P3 KClubs P0 7Clubs P1 6Clubs 
P2 JClubs P3 QDiamonds P0 5Clubs P1 QClubs 
P2 JHearts P3 QHearts P0 4Hearts P1 2Hearts 
P2 KHearts P3 7Hearts P0 2Clubs P1 3Hearts 
P3 KSpades P0 6Spades P1 5Hearts P2 AHearts 
-- /GAME --
P0 HAND: ADiamonds, KDiamonds, 4Diamonds, 7Clubs, JClubs, QClubs, 5Clubs, 7Hearts, 4Hearts, QSpades.
P1 HAND: JDiamonds, 6Diamonds, AClubs, 6Clubs, 4Clubs, 2Hearts, 7Spades, KSpades, JSpades, 5Spades.
P2 HAND: 3Diamonds, 2Diamonds, KClubs, 3Clubs, 2Clubs, AHearts, QHearts, 5Hearts, 3Spades, 2Spades.
P3 HAND: 7Diamonds, QDiamonds, 5Diamonds, KHearts, JHearts, 6Hearts, 3Hearts, ASpades, 6Spades, 4Spades.
P0 ADiamonds P1 6Diamonds P2 3Diamonds P3 5Diamonds 
P0 4Diamonds P1 JDiamonds P2 2Diamonds P3 7Diamonds 
P3 ASpades P0 QSpades P1 7Spades P2 2Spades 
P3 4Spades P0 5Clubs P1 KSpades P2 3Spades 
P1 AClubs P2 2Clubs P3 QDiamonds P0 QClubs 
P1 4Clubs P2 3Clubs P3 6Spades P0 7Clubs 
P0 JClubs P1 6Clubs P2 KClubs P3 3Hearts 
P3 6Hearts P0 7Hearts P1 2Hearts P2 5Hearts 
P0 KDiamonds P1 5Spades P2 QHearts P3 JHearts 
P3 KHearts P0 4Hearts P1 JSpades P2 AHearts 
-- /GAME --
P0 HAND: 5Diamonds, KHearts, JHearts, QHearts, 4Hearts, 3Hearts, ASpades, JSpades, 5Spades, 3Spades.
P1 HAND: 7Diamonds, QDiamonds, 6Diamonds, 3Diamonds, 2Diamonds, 6Clubs, AHearts, 7Hearts, 6Hearts, QSpades.
P2 HAND: ADiamonds, KClubs, JClubs, QClubs, 4Clubs, 3Clubs, 5Hearts, 2Hearts, 6Spades, 4Spades.
P3 HAND: KDiamonds, JDiamonds, 4Diamonds, AClubs, 7Clubs, 5Clubs, 2Clubs, 7Spades, KSpades, 2Spades.
P3 2Spades P0 ASpades P1 QSpades P2 6Spades 
P0 JSpades P1 2Diamonds P2 4Spades P3 7Spades 
P3 4Diamonds P0 5Diamonds P1 3Diamonds P2 ADiamonds 
P2 2Hearts P3 2Clubs P0 3Hearts P1 AHearts 
P3 JDiamonds P0 4Hearts P1 6Diamonds P2 5Hearts 
P3 5Clubs P0 3Spades P1 6Clubs P2 3Clubs 
P1 6Hearts P2 4Clubs P3 7Clubs P0 QHearts 
P3 AClubs P0 5Spades P1 7Diamonds P2 QClubs 
P3 KDiamonds P0 KHearts P1 QDiamonds P2 JClubs 
P2 KClubs P3 KSpades P0 JHearts P1 7Hearts 
-- /GAME --
P0 HAND: 5Diamonds, 3Diamonds, JClubs, 3Clubs, KHearts, JHearts, 5Hearts, ASpades, 7Spades, 5Spades.
P1 HAND: 2Diamonds, 7Clubs, 6Clubs, 2Clubs, 6Hearts, 4Hearts, 3Hearts, 2Hearts, KSpades, 6Spades.
P2 HAND: KDiamonds, JDiamonds, QDiamonds, 4Diamonds, AClubs, AHearts, JSpades, QSpades, 4Spades, 3Spades.
P3 HAND: ADiamonds, 7Diamonds, 6Diamonds, KClubs, QClubs, 5Clubs, 4Clubs, 7Hearts, QHearts, 2Spades.
P2 AClubs P3 4Clubs P0 JClubs P1 2Clubs 
P2 3Spades P3 2Spades P0 ASpades P1 6Spades 
P0 7Spades P1 KSpades P2 4Spades P3 QHearts 
P3 ADiamonds P0 5Diamonds P1 2Diamonds P2 4Diamonds 
P3 5Clubs P0 3Clubs P1 7Clubs P2 AHearts 
P2 QDiamonds P3 6Diamonds P0 3Diamonds P1 6Clubs 
P2 QSpades P3 QClubs P0 5Spades P1 2Hearts 
P1 3Hearts P2 JDiamonds P3 7Hearts P0 5Hearts 
P3 KClubs P0 KHearts P1 4Hearts P2 KDiamonds 
P0 JHearts P1 6Hearts P2 JSpades P3 7Diamonds 
-- /GAME --
P0 HAND: KDiamonds, 5Diamonds, 4Diamonds, KClubs, 6Clubs, 3Clubs, AHearts, JHearts, QHearts, 7Spades.
P1 HAND: QDiamonds, 3Diamonds, AClubs, 4Clubs, 2Clubs, 7Hearts, 2Hearts, QSpades, 5Spades, 3Spades.
P2 HAND: 7Diamonds, JDiamonds, QClubs, KHearts, 6Hearts, 4Hearts, 3Hearts, JSpades, 4Spades, 2Spades.
P3 HAND: ADiamonds, 6Diamonds, 2Diamonds, 7Clubs, JClubs, 5Clubs, 5Hearts, ASpades, KSpades, 6Spades.
P1 AClubs P2 QClubs P3 7Clubs P0 6Clubs 
P1 2Clubs P2 2Spades P3 5Clubs P0 KClubs 
P0 7Spades P1 3Spades P2 4Spades P3 ASpades 
P3 5Hearts P0 AHearts P1 2Hearts P2 KHearts 
P0 3Clubs P1 4Clubs P2 3Hearts P3 JClubs 
P3 6Spades P0 QHearts P1 5Spades P2 JSpades 
P2 4Hearts P3 2Diamonds P0 JHearts P1 7Hearts 
P3 6Diamonds P0 KDiamonds P1 3Diamonds P2 JDiamonds 
P0 5Diamonds P1 QDiamonds P2 7Diamonds P3 ADiamonds 
P3 KSpades P0 4Diamonds P1 QSpades P2 6Hearts 
-- /GAME --
P0 HAND: 6Diamonds, 5Diamonds, 3Diamonds, QClubs, 6Clubs, 2Clubs, AHearts, JHearts, 5Hearts, 4Spades.
P1 HAND: ADiamonds, JDiamonds, AClubs, JClubs, 4Clubs, 3Clubs, 6Hearts, QSpades, 3Spades, 2Spades.
P2 HAND: KDiamonds, QDiamonds, KClubs, 5Clubs, KHearts, QHearts, 4Hearts, 7Spades, JSpades, 6Spades.
P3 HAND: 7Diamonds, 4Diamonds, 2Diamonds, 7Clubs, 7Hearts, 3Hearts, 2Hearts, ASpades, KSpades, 5Spades.
P0 4Spades P1 2Spades P2 6Spades P3 ASpades 
P3 2Diamonds P0 6Diamonds P1 ADiamonds P2 QDiamonds 
P1 AClubs P2 5Clubs P3 7Clubs P0 6Clubs 
P1 3Clubs P2 KClubs P3 4Diamonds P0 QClubs 
P2 JSpades P3 5Spades P0 JHearts P1 3Spades 
P0 5Diamonds P1 JDiamonds P2 KDiamonds P3 7Diamonds 
P3 2Hearts P0 5Hearts P1 6Hearts P2 4Hearts 
P1 4Clubs P2 QHearts P3 3Hearts P0 2Clubs 
P2 KHearts P3 7Hearts P0 AHearts P1 QSpades 
P0 3Diamonds P1 JClubs P2 7Spades P3 KSpades 
-- /GAME --
P0 HAND: ADiamonds, 7Clubs, QClubs, 3Clubs, JHearts, 5Hearts, 4Hearts, 3Hearts, ASpades, 2Spades.
P1 HAND: 7Diamonds, 6Clubs, 5Clubs, 2Clubs, QHearts, 2Hearts, JSpades, QSpades, 4Spades, 3Spades.
P2 HAND: KDiamonds, 6Diamonds, 5Diamonds, 4Diamonds, AClubs, KClubs, JClubs, KHearts, 7Spades, KSpades.
P3 HAND: JDiamonds, QDiamonds, 3Diamonds, 2Diamonds, 4Clubs, AHearts, 7Hearts, 6Hearts, 6Spades, 5Spades.
P3 AHearts P0 4Hearts P1 QHearts P2 KHearts 
P3 4Clubs P0 3Clubs P1 2Clubs P2 AClubs 
P2 JClubs P3 5Spades P0 7Clubs P1 5Clubs 
P0 ASpades P1 3Spades P2 7Spades P3 6Spades 
P0 2Spades P1 4Spades P2 KSpades P3 6Hearts 
P2 4Diamonds P3 2Diamonds P0 ADiamonds P1 7Diamonds 
P0 QClubs P1 6Clubs P2 KClubs P3 3Diamonds 
P3 QDiamonds P0 5Hearts P1 2Hearts P2 5Diamonds 
P3 JDiamonds P0 JHearts P1 QSpades P2 KDiamonds 
P2 6Diamonds P3 7Hearts P0 3Hearts P1 JSpades 
-- /GAME --
P0 HAND: QDiamonds, 3Diamonds, KClubs, QClubs, 6Clubs, 4Clubs, 6Hearts, 5Hearts, 7Spades, JSpades.
P1 HAND: KDiamonds, JDiamonds, AClubs, 3Clubs, 7Hearts, 4Hearts, 3Hearts, ASpades, KSpades, QSpades.
P2 HAND: 5Diamonds, 2Diamonds, 7Clubs, JClubs, 5Clubs, AHearts, QHearts, 5Spades, 4Spades, 3Spades.
P3 HAND: ADiamonds, 7Diamonds, 6Diamonds, 4Diamonds, 2Clubs, KHearts, JHearts, 2Hearts, 6Spades, 2Spades.
P2 AHearts P3 2Hearts 
