-- GAME --
P0 HAND: KDiamonds, JDiamonds, 2Diamonds, 5Clubs, KHearts, QHearts, 4Hearts, KSpades, 5Spades, 4Spades.
P1 HAND: ADiamonds, 7Diamonds, 4Diamonds, 3Diamonds, 3Clubs, 2Clubs, AHearts, JHearts, 2Hearts, 6Spades.
P2 HAND: QDiamonds, 5Diamonds, 7Clubs, KClubs, 4Clubs, 3Hearts, ASpades, 7Spades, QSpades, 3Spades.
P3 HAND: 6Diamonds, AClubs, JClubs, QClubs, 6Clubs, 7Hearts, 6Hearts, 5Hearts, JSpades, 2Spades.
P3 AClubs P0 5Clubs P1 3Clubs P2 4Clubs 
P3 5Hearts P0 4Hearts P1 AHearts P2 3Hearts 
P1 ADiamonds P2 5Diamonds P3 6Diamonds P0 2Diamonds 
P1 2Clubs P2 KClubs P3 6Clubs P0 KDiamonds 
P2 QDiamonds P3 6Hearts P0 JDiamonds P1 7Diamonds 
P1 2Hearts P2 3Spades P3 7Hearts P0 KHearts 
P2 QSpades P3 2Spades P0 4Spades P1 6Spades 
P2 7Spades P3 JSpades P0 5Spades P1 3Diamonds 
P2 ASpades P3 QClubs P0 KSpades P1 4Diamonds 
P2 7Clubs P3 JClubs P0 QHearts P1 JHearts 
-- /GAME --
P0 HAND: ADiamonds, KDiamonds, 3Clubs, 2Clubs, 6Hearts, 3Hearts, 7Spades, 6Spades, 4Spades, 2Spades.
P1 HAND: JDiamonds, QDiamonds, AClubs, QClubs, 5Clubs, 7Hearts, 4Hearts, JSpades, 5Spades, 3Spades.
P2 HAND: 5Diamonds, 3Diamonds, 2Diamonds, 7Clubs, JClubs, KHearts, JHearts, ASpades, KSpades, QSpades.
P3 HAND: 7Diamonds, 6Diamonds, 4Diamonds, KClubs, 6Clubs, 4Clubs, AHearts, QHearts, 5Hearts, 2Hearts.
P2 2Diamonds P3 4Diamonds P0 ADiamonds P1 QDiamonds 
P0 3Hearts P1 4Hearts P2 JHearts P3 AHearts 
P3 2Hearts P0 6Hearts P1 7Hearts P2 KHearts 
P1 AClubs P2 JClubs P3 KClubs P0 2Clubs 
P1 5Clubs P2 7Clubs P3 4Clubs P0 3Clubs 
P2 3Diamonds P3 6Diamonds P0 KDiamonds P1 JDiamonds 
P0 2Spades P1 3Spades P2 QSpades P3 5Hearts 
P2 5Diamonds P3 7Diamonds P0 6Spades P1 JSpades 
P1 QClubs P2 KSpades P3 6Clubs P0 7Spades 
P0 4Spades P1 5Spades P2 ASpades P3 QHearts 
-- /GAME --
P0 HAND: JDiamonds, 5Diamonds, QClubs, AHearts, 4Hearts, 7Spades, KSpades, 5Spades, 4Spades, 3Spades.
P1 HAND: QDiamonds, AClubs, JClubs, 6Clubs, 4Clubs, 3Clubs, 2Clubs, JHearts, 5Hearts, QSpades.
P2 HAND: 4Diamonds, 3Diamonds, 7Clubs, KClubs, 5Clubs, 7Hearts, 6Hearts, JSpades, 6Spades, 2Spades.
P3 HAND: ADiamonds, 7Diamonds, KDiamonds, 6Diamonds, 2Diamonds, KHearts, QHearts, 3Hearts, 2Hearts, ASpades.
P1 2Clubs P2 5Clubs P3 2Diamonds P0 QClubs 
P0 3Spades P1 QSpades P2 2Spades P3 ASpades 
P3 2Hearts P0 4Hearts P1 5Hearts P2 7Hearts 
P2 3Diamonds P3 ADiamonds P0 5Diamonds P1 QDiamonds 
P3 3Hearts P0 AHearts P1 JHearts P2 6Hearts 
P0 7Spades P1 3Clubs P2 6Spades P3 6Diamonds 
P0 JDiamonds P1 4Clubs P2 4Diamonds P3 7Diamonds 
P3 QHearts P0 4Spades P1 6Clubs P2 7Clubs 
P0 5Spades P1 JClubs P2 JSpades P3 KDiamonds 
P2 KClubs P3 KHearts P0 KSpades P1 AClubs 
-- /GAME --
P0 HAND: 7Diamonds, 5Diamonds, 3Diamonds, AClubs, 4Clubs, QHearts, 6Hearts, KSpades, 4Spades, 2Spades.
P1 HAND: ADiamonds, JDiamonds, QDiamonds, 7Clubs, JClubs, 5Clubs, 5Hearts, JSpades, QSpades, 6Spades.
P2 HAND: KDiamonds, 6Diamonds, 2Diamonds, 3Clubs, AHearts, 7Hearts, 2Hearts, ASpades, 5Spades, 3Spades.
P3 HAND: 4Diamonds, KClubs, QClubs, 6Clubs, 2Clubs, KHearts, JHearts, 4Hearts, 3Hearts, 7Spades.
P0 AClubs P1 5Clubs P2 3Clubs P3 2Clubs 
P0 4Clubs P1 JClubs P2 2Diamonds P3 KClubs 
P3 4Diamonds P0 3Diamonds P1 ADiamonds P2 6Diamonds 
P1 6Spades P2 ASpades P3 7Spades P0 KSpades 
P2 3Spades P3 6Clubs P0 2Spades P1 JSpades 
P1 QDiamonds P2 KDiamonds P3 3Hearts P0 5Diamonds 
P3 QClubs P0 QHearts P1 7Clubs P2 5Spades 
P0 4Spades P1 QSpades P2 2Hearts P3 4Hearts 
P3 JHearts P0 6Hearts P1 5Hearts P2 7Hearts 
P2 AHearts P3 KHearts P0 7Diamonds P1 JDiamonds 
-- /GAME --

