-- GAME --
P0 4Clubs P1 5Clubs P2 7Clubs P3 2Clubs 
P2 3Diamonds P3 2Hearts P0 2Diamonds P1 5Diamonds 
P1 AHearts P2 QHearts P3 KHearts P0 4Hearts 
P1 2Spades P2 ASpades P3 3Spades P0 7Spades 
P2 4Diamonds P3 3Clubs P0 6Diamonds P1 QSpades 
P3 6Clubs P0 4Spades P1 AClubs P2 QDiamonds 
P1 3Hearts P2 JHearts P3 QClubs P0 5Hearts 
P3 JClubs P0 JDiamonds P1 5Spades P2 JSpades 
P3 KClubs P0 KDiamonds P1 6Hearts P2 7Diamonds 
P3 KSpades P0 7Hearts P1 6Spades P2 ADiamonds 
-- /GAME --
P0 HAND: 7Diamonds, 3Diamonds, KClubs, 7Hearts, 6Hearts, 5Hearts, 4Hearts, 3Hearts, KSpades, 2Spades.
P1 HAND: ADiamonds, KDiamonds, QDiamonds, 5Diamonds, 2Diamonds, QClubs, 5Clubs, 4Clubs, 5Spades, 4Spades.
P2 HAND: 4Diamonds, 6Clubs, AHearts, KHearts, JHearts, 2Hearts, ASpades, JSpades, QSpades, 3Spades.
P3 HAND: JDiamonds, 6Diamonds, AClubs, 7Clubs, JClubs, 3Clubs, 2Clubs, QHearts, 7Spades, 6Spades.
P3 2Clubs P0 KClubs P1 4Clubs P2 6Clubs 
P0 3Hearts P1 2Diamonds P2 AHearts P3 QHearts 
P2 2Hearts P3 3Clubs P0 4Hearts P1 5Diamonds 
P0 3Diamonds P1 ADiamonds P2 4Diamonds P3 JDiamonds 
P1 5Clubs P2 3Spades P3 JClubs P0 7Hearts 
P2 JHearts P3 6Diamonds P0 5Hearts P1 QDiamonds 
P2 QSpades P3 6Spades P0 2Spades P1 4Spades 
P2 JSpades P3 7Spades P0 KSpades P1 5Spades 
P3 7Clubs P0 7Diamonds P1 QClubs P2 ASpades 
P2 KHearts P3 AClubs P0 6Hearts P1 KDiamonds 
-- /GAME --

