-- GAME --
P0 HAND: JDiamonds, 5Diamonds, JClubs, 5Clubs, 4Clubs, 3Clubs, 2Clubs, KHearts, QSpades, 3Spades.
P1 HAND: ADiamonds, 7Diamonds, KDiamonds, 4Diamonds, 3Diamonds, 6Clubs, 4Hearts, KSpades, 4Spades, 2Spades.
P2 HAND: QDiamonds, 2Diamonds, 7Clubs, QClubs, AHearts, 7Hearts, JHearts, 3Hearts, 2Hearts, 7Spades.
P3 HAND: 6Diamonds, AClubs, KClubs, QHearts, 6Hearts, 5Hearts, ASpades, JSpades, 6Spades, 5Spades.
P0 KHearts P1 4Hearts P2 AHearts P3 5Hearts 
P2 2Hearts P3 6Hearts P0 JDiamonds P1 2Spades 
P0 2Clubs P1 6Clubs P2 QClubs P3 AClubs 
P3 5Spades P0 3Spades P1 4Spades P2 7Spades 
P2 3Hearts P3 QHearts P0 5Diamonds P1 3Diamonds 
P0 QSpades P1 KSpades P2 2Diamonds P3 6Spades 
P2 JHearts P3 6Diamonds P0 3Clubs P1 4Diamonds 
P3 JSpades P0 JClubs P1 KDiamonds P2 7Clubs 
P1 7Diamonds P2 QDiamonds P3 KClubs P0 4Clubs 
P1 ADiamonds P2 7Hearts P3 ASpades P0 5Clubs 
-- /GAME --
P0 HAND: KDiamonds, JDiamonds, 4Diamonds, 2Diamonds, QClubs, 6Clubs, 4Clubs, QHearts, 5Hearts, KSpades.
P1 HAND: 7Diamonds, QDiamonds, 5Clubs, AHearts, KHearts, 6Hearts, 3Hearts, 2Hearts, 5Spades, 4Spades.
P2 HAND: ADiamonds, 6Diamonds, AClubs, KClubs, JClubs, 3Clubs, 7Hearts, JHearts, 4Hearts, 3Spades.
P3 HAND: 5Diamonds, 3Diamonds, 7Clubs, 2Clubs, ASpades, 7Spades, JSpades, QSpades, 6Spades, 2Spades.
P3 2Clubs P0 4Clubs P1 5Clubs P2 AClubs 
P2 3Clubs P3 7Clubs P0 6Clubs P1 AHearts 
P3 2Spades P0 KSpades P1 4Spades P2 3Spades 
P0 QClubs P1 2Hearts P2 JClubs P3 3Diamonds 
P3 6Spades P0 QHearts P1 5Spades P2 4Hearts 
P3 QSpades P0 5Hearts P1 3Hearts P2 6Diamonds 
P2 JHearts P3 5Diamonds P0 KDiamonds P1 6Hearts 
P0 4Diamonds P1 QDiamonds P2 ADiamonds P3 JSpades 
P2 KClubs P3 7Spades P0 JDiamonds P1 7Diamonds 
P1 KHearts P2 7Hearts P3 ASpades P0 2Diamonds 
-- /GAME --
P0 HAND: 6Diamonds, 4Diamonds, 3Diamonds, 7Clubs, JClubs, 6Clubs, 7Hearts, JHearts, QHearts, ASpades.
P1 HAND: 7Diamonds, QDiamonds, AClubs, 3Clubs, KHearts, 6Hearts, 3Hearts, JSpades, 6Spades, 4Spades.
P2 HAND: 5Diamonds, KClubs, QClubs, 5Clubs, 4Clubs, AHearts, 4Hearts, 2Hearts, 7Spades, 3Spades.
P3 HAND: ADiamonds, KDiamonds, JDiamonds, 2Diamonds, 2Clubs, 5Hearts, KSpades, QSpades, 5Spades, 2Spades.
P2 3Spades P3 2Spades P0 ASpades P1 4Spades 
P0 3Diamonds P1 QDiamonds P2 5Diamonds P3 ADiamonds 
P3 2Diamonds P0 6Diamonds P1 7Diamonds P2 2Hearts 
P2 4Clubs P3 2Clubs P0 6Clubs P1 AClubs 
P1 3Clubs P2 5Clubs P3 5Spades P0 7Clubs 
P0 4Diamonds P1 6Spades P2 QClubs P3 KDiamonds 
P3 QSpades P0 JClubs P1 JSpades P2 7Spades 
P2 4Hearts P3 5Hearts P0 JHearts P1 3Hearts 
P0 QHearts P1 6Hearts P2 AHearts P3 JDiamonds 
P2 KClubs P3 KSpades P0 7Hearts P1 KHearts 
-- /GAME --
P0 HAND: 7Diamonds, KDiamonds, 2Diamonds, KClubs, 5Clubs, 3Clubs, 2Hearts, KSpades, JSpades, QSpades.
P1 HAND: ADiamonds, JDiamonds, QClubs, 6Clubs, 2Clubs, JHearts, 6Hearts, 5Hearts, 3Hearts, 6Spades.
P2 HAND: 6Diamonds, 3Diamonds, 7Clubs, JClubs, 4Clubs, AHearts, KHearts, 4Hearts, 7Spades, 4Spades.
P3 HAND: QDiamonds, 5Diamonds, 4Diamonds, AClubs, 7Hearts, QHearts, ASpades, 5Spades, 3Spades, 2Spades.
P1 ADiamonds P2 3Diamonds P3 QDiamonds P0 2Diamonds 
P1 3Hearts P2 AHearts P3 QHearts P0 2Hearts 
P2 4Hearts P3 7Hearts P0 KClubs P1 5Hearts 
P0 KSpades P1 6Spades P2 4Spades P3 ASpades 
P3 2Spades P0 JSpades P1 6Hearts P2 7Spades 
P2 6Diamonds P3 4Diamonds P0 7Diamonds P1 JDiamonds 
P0 KDiamonds P1 2Clubs P2 4Clubs P3 5Diamonds 
P2 JClubs P3 AClubs P0 3Clubs P1 6Clubs 
P3 3Spades P0 QSpades P1 QClubs P2 7Clubs 
P2 KHearts P3 5Spades P0 5Clubs P1 JHearts 
-- /GAME --
P0 HAND: ADiamonds, JClubs, 2Clubs, AHearts, KHearts, QHearts, 6Hearts, 3Hearts, QSpades, 3Spades.
P1 HAND: 7Diamonds, 6Diamonds, 4Diamonds, 3Diamonds, 2Diamonds, KClubs, 5Hearts, 4Hearts, 2Hearts, 7Spades.
P2 HAND: 5Diamonds, QClubs, 5Clubs, JHearts, KSpades, JSpades, 6Spades, 5Spades, 4Spades, 2Spades.
P3 HAND: KDiamonds, JDiamonds, QDiamonds, AClubs, 7Clubs, 6Clubs, 4Clubs, 3Clubs, 7Hearts, ASpades.
P0 AHearts P1 2Hearts P2 JHearts P3 7Hearts 
P0 KHearts P1 4Hearts P2 KSpades P3 QDiamonds 
P3 3Clubs P0 JClubs P1 KClubs P2 5Clubs 
P1 5Hearts P2 2Spades P3 4Clubs P0 QHearts 
P0 2Clubs P1 2Diamonds P2 QClubs P3 AClubs 
P1 3Diamonds P2 5Diamonds P3 JDiamonds P0 ADiamonds 
P0 6Hearts P1 4Diamonds P2 4Spades P3 ASpades 
P1 6Diamonds P2 5Spades P3 KDiamonds P0 3Spades 
P3 6Clubs P0 3Hearts P1 7Diamonds P2 6Spades 
P1 7Spades P2 JSpades P3 7Clubs P0 QSpades 
-- /GAME --
P0 HAND: ADiamonds, 4Diamonds, 5Clubs, AHearts, QHearts, 6Hearts, 2Hearts, ASpades, 6Spades, 5Spades.
P1 HAND: 7Diamonds, KClubs, 3Clubs, 2Clubs, 7Hearts, KHearts, 7Spades, JSpades, QSpades, 4Spades.
P2 HAND: JDiamonds, 3Diamonds, 2Diamonds, AClubs, 7Clubs, 6Clubs, 5Hearts, KSpades, 3Spades, 2Spades.
P3 HAND: KDiamonds, QDiamonds, 6Diamonds, 5Diamonds, JClubs, QClubs, 4Clubs, JHearts, 4Hearts, 3Hearts.
P3 3Hearts P0 QHearts P1 KHearts P2 5Hearts 
P1 2Clubs P2 AClubs P3 4Clubs P0 5Clubs 
P2 2Diamonds P3 5Diamonds P0 4Diamonds P1 7Diamonds 
P1 3Clubs P2 6Clubs P3 QClubs P0 2Hearts 
P3 4Hearts P0 AHearts P1 7Hearts P2 7Clubs 
P0 ASpades P1 4Spades P2 2Spades P3 6Diamonds 
P0 ADiamonds P1 QSpades P2 3Diamonds P3 KDiamonds 
P1 JSpades P2 3Spades P3 QDiamonds P0 5Spades 
P1 7Spades P2 KSpades P3 JClubs P0 6Spades 
P1 KClubs P2 JDiamonds P3 JHearts P0 6Hearts 
-- /GAME --
P0 HAND: JDiamonds, 5Diamonds, 2Diamonds, AClubs, QClubs, 5Clubs, KHearts, QHearts, 3Hearts, QSpades.
P1 HAND: ADiamonds, 7Diamonds, 3Diamonds, KClubs, JClubs, 7Hearts, 6Hearts, 7Spades, JSpades, 5Spades.
P2 HAND: KDiamonds, 6Diamonds, 4Diamonds, 3Clubs, AHearts, 2Hearts, KSpades, 6Spades, 3Spades, 2Spades.
P3 HAND: QDiamonds, 7Clubs, 6Clubs, 4Clubs, 2Clubs, JHearts, 5Hearts, 4Hearts, ASpades, 4Spades.
P2 AHearts P3 4Hearts P0 KHearts P1 6Hearts 
P2 2Hearts P3 5Hearts P0 3Hearts P1 7Hearts 
P1 ADiamonds P2 4Diamonds P3 QDiamonds P0 2Diamonds 
P1 3Diamonds P2 6Diamonds P3 4Spades P0 JDiamonds 
P0 QSpades P1 5Spades P2 2Spades P3 ASpades 
P3 JHearts P0 QHearts P1 JClubs P2 3Spades 
P1 JSpades P2 6Spades P3 2Clubs P0 5Diamonds 
P3 4Clubs P0 QClubs P1 KClubs P2 3Clubs 
P1 7Diamonds P2 KDiamonds P3 6Clubs P0 5Clubs 
P3 7Clubs P0 AClubs P1 7Spades P2 KSpades 
-- /GAME --

