-- GAME --
P0 HAND: JDiamonds, 5Clubs, 7Hearts, 6Hearts, 5Hearts, 4Hearts, 3Hearts, ASpades, 7Spades, 5Spades.
P1 HAND: ADiamonds, 6Diamonds, 4Diamonds, 2Diamonds, AClubs, 3Clubs, JHearts, KSpades, QSpades, 3Spades.
P2 HAND: KDiamonds, JClubs, 6Clubs, 4Clubs, 2Clubs, KHearts, JSpades, 6Spades, 4Spades, 2Spades.
P3 HAND: 7Diamonds, QDiamonds, 5Diamonds, 3Diamonds, 7Clubs, KClubs, QClubs, AHearts, QHearts, 2Hearts.
P2 2Clubs P3 QClubs P0 5Clubs P1 AClubs 
P1 3Clubs P2 4Clubs P3 7Clubs P0 JDiamonds 
P0 ASpades P1 3Spades P2 JSpades P3 3Diamonds 
P3 AHearts P0 3Hearts P1 JHearts P2 KHearts 
P3 2Hearts P0 7Hearts P1 2Diamonds P2 KDiamonds 
P2 2Spades P3 QHearts P0 7Spades P1 QSpades 
P0 4Hearts P1 4Diamonds P2 4Spades P3 KClubs 
P1 6Diamonds P2 6Clubs P3 5Diamonds P0 5Spades 
P1 ADiamonds P2 6Spades P3 QDiamonds P0 5Hearts 
P1 KSpades P2 JClubs P3 7Diamonds P0 6Hearts 
-- /GAME --
P0 HAND: QDiamonds, 5Diamonds, KClubs, 2Clubs, 7Hearts, 4Hearts, 7Spades, KSpades, QSpades, 4Spades.
P1 HAND: ADiamonds, KDiamonds, 4Diamonds, 2Diamonds, AClubs, 3Clubs, AHearts, JHearts, JSpades, 3Spades.
P2 HAND: 7Diamonds, JDiamonds, 3Diamonds, JClubs, 6Clubs, 5Clubs, 6Hearts, 2Hearts, ASpades, 6Spades.
P3 HAND: 6Diamonds, 7Clubs, QClubs, 4Clubs, KHearts, QHearts, 5Hearts, 3Hearts, 5Spades, 2Spades.
P1 ADiamonds P2 3Diamonds P3 6Diamonds P0 5Diamonds 
P1 AClubs P2 5Clubs P3 7Clubs P0 2Clubs 
P1 AHearts P2 2Hearts P3 KHearts P0 4Hearts 
P1 2Diamonds P2 JDiamonds P3 3Hearts P0 QDiamonds 
P2 6Clubs P3 4Clubs P0 KClubs P1 3Clubs 
P0 QSpades P1 3Spades P2 6Spades P3 2Spades 
P0 4Spades P1 JSpades P2 ASpades P3 5Spades 
P2 6Hearts P3 5Hearts P0 7Hearts P1 JHearts 
P0 KSpades P1 4Diamonds P2 JClubs P3 QClubs 
P0 7Spades P1 KDiamonds P2 7Diamonds P3 QHearts 
-- /GAME --
P0 HAND: ADiamonds, QDiamonds, 5Diamonds, 4Diamonds, 2Diamonds, 3Clubs, QHearts, 3Hearts, 3Spades, 2Spades.
P1 HAND: KDiamonds, 6Diamonds, 7Clubs, 6Clubs, 5Clubs, AHearts, 7Hearts, 2Hearts, ASpades, 6Spades.
P2 HAND: 7Diamonds, 3Diamonds, AClubs, KClubs, QClubs, 4Clubs, JHearts, 4Hearts, 7Spades, JSpades.
P3 HAND: JDiamonds, JClubs, 2Clubs, KHearts, 6Hearts, 5Hearts, KSpades, QSpades, 5Spades, 4Spades.
P0 3Clubs P1 5Clubs P2 AClubs P3 2Clubs 
P2 3Diamonds P3 JDiamonds P0 ADiamonds P1 6Diamonds 
P0 2Spades P1 ASpades P2 JSpades P3 KSpades 
P1 6Clubs P2 4Clubs P3 JClubs P0 QHearts 
P0 3Spades P1 6Spades P2 7Spades P3 4Spades 
P2 QClubs P3 5Spades P0 3Hearts P1 7Clubs 
P0 2Diamonds P1 KDiamonds P2 7Diamonds P3 5Hearts 
P3 QSpades P0 QDiamonds P1 2Hearts P2 4Hearts 
P2 JHearts P3 6Hearts P0 4Diamonds P1 7Hearts 
P1 AHearts P2 KClubs P3 KHearts P0 5Diamonds 
-- /GAME --
P0 HAND: 3Diamonds, 2Diamonds, AClubs, JClubs, 6Clubs, KHearts, 7Spades, KSpades, QSpades, 5Spades.
P1 HAND: ADiamonds, 7Diamonds, 5Diamonds, KClubs, 2Clubs, 6Hearts, 5Hearts, 3Hearts, 4Spades, 3Spades.
P2 HAND: 4Diamonds, QClubs, 5Clubs, 4Clubs, AHearts, 7Hearts, 2Hearts, ASpades, JSpades, 6Spades.
P3 HAND: KDiamonds, JDiamonds, QDiamonds, 6Diamonds, 7Clubs, 3Clubs, JHearts, QHearts, 4Hearts, 2Spades.
P3 2Spades P0 QSpades P1 3Spades P2 ASpades 
P2 4Diamonds P3 6Diamonds P0 2Diamonds P1 ADiamonds 
P1 2Clubs P2 4Clubs P3 3Clubs P0 JClubs 
P0 3Diamonds P1 5Diamonds P2 5Clubs P3 KDiamonds 
P3 QDiamonds P0 6Clubs P1 7Diamonds P2 2Hearts 
P2 6Spades P3 4Hearts P0 5Spades P1 4Spades 
P3 JDiamonds P0 KHearts P1 KClubs P2 JSpades 
P0 AClubs P1 3Hearts P2 QClubs P3 7Clubs 
P1 5Hearts P2 7Hearts P3 QHearts P0 7Spades 
P2 AHearts P3 JHearts P0 KSpades P1 6Hearts 
-- /GAME --
P0 HAND: ADiamonds, 4Diamonds, AClubs, JClubs, KHearts, JHearts, 2Hearts, 5Spades, 3Spades, 2Spades.
P1 HAND: 6Diamonds, 5Diamonds, 6Clubs, 4Clubs, 2Clubs, AHearts, 4Hearts, 3Hearts, ASpades, QSpades.
P2 HAND: 7Diamonds, JDiamonds, 3Diamonds, 7Clubs, KClubs, QClubs, QHearts, 6Hearts, 5Hearts, JSpades.
P3 HAND: KDiamonds, QDiamonds, 2Diamonds, 5Clubs, 3Clubs, 7Hearts, 7Spades, KSpades, 6Spades, 4Spades.
P2 3Diamonds P3 2Diamonds P0 4Diamonds P1 6Diamonds 
P1 AHearts P2 5Hearts P3 7Hearts P0 2Hearts 
P1 ASpades P2 JSpades P3 7Spades P0 2Spades 
P1 3Hearts P2 6Hearts P3 4Spades P0 KHearts 
P0 3Spades P1 QSpades P2 QHearts P3 KSpades 
P3 6Spades P0 5Spades P1 4Hearts P2 QClubs 
P2 JDiamonds P3 QDiamonds P0 ADiamonds P1 5Diamonds 
P0 JHearts P1 2Clubs P2 KClubs P3 KDiamonds 
P2 7Clubs P3 3Clubs P0 JClubs P1 4Clubs 
P2 7Diamonds P3 5Clubs P0 AClubs P1 6Clubs 
-- /GAME --
P0 HAND: KDiamonds, QDiamonds, 6Diamonds, 2Diamonds, JClubs, 5Clubs, JHearts, QHearts, JSpades, 6Spades.
P1 HAND: ADiamonds, KClubs, QClubs, 3Clubs, AHearts, 7Hearts, 6Hearts, ASpades, 7Spades, 2Spades.
P2 HAND: JDiamonds, 7Clubs, 2Clubs, KHearts, 5Hearts, 4Hearts, 3Hearts, 2Hearts, 5Spades, 4Spades.
P3 HAND: 7Diamonds, 5Diamonds, 4Diamonds, 3Diamonds, AClubs, 6Clubs, 4Clubs, KSpades, QSpades, 3Spades.
P1 AHearts P2 2Hearts P3 AClubs P0 QHearts 
P1 ASpades P2 4Spades P3 KSpades P0 6Spades 
P1 2Spades P2 5Spades P3 3Spades P0 JSpades 
P0 JClubs P1 3Clubs P2 7Clubs P3 4Clubs 
P2 2Clubs P3 6Clubs P0 5Clubs P1 KClubs 
P1 6Hearts P2 3Hearts P3 QSpades P0 JHearts 
P0 QDiamonds P1 ADiamonds P2 JDiamonds P3 3Diamonds 
P1 QClubs P2 4Hearts P3 4Diamonds P0 6Diamonds 
P0 2Diamonds P1 7Hearts P2 5Hearts P3 5Diamonds 
P3 7Diamonds P0 KDiamonds P1 7Spades P2 KHearts 
-- /GAME --
P0 HAND: 4Diamonds, KClubs, 6Clubs, 3Clubs, QHearts, 5Hearts, 3Hearts, ASpades, QSpades, 2Spades.
P1 HAND: JDiamonds, 6Diamonds, 2Diamonds, QClubs, 5Clubs, AHearts, JSpades, 6Spades, 4Spades, 3Spades.
P2 HAND: ADiamonds, 7Diamonds, KDiamonds, 5Diamonds, 4Clubs, 2Clubs, 7Hearts, KHearts, JHearts, 7Spades.
P3 HAND: QDiamonds, 3Diamonds, AClubs, 7Clubs, JClubs, 6Hearts, 4Hearts, 2Hearts, KSpades, 5Spades.
P2 2Clubs P3 AClubs 
