-- GAME --
P0 HAND: 6Diamonds, 4Diamonds, 2Diamonds, AClubs, 3Clubs, JHearts, QHearts, 4Hearts, 2Hearts, JSpades.
P1 HAND: 7Diamonds, QDiamonds, 6Clubs, 4Clubs, ASpades, 7Spades, KSpades, 4Spades, 3Spades, 2Spades.
P2 HAND: ADiamonds, KDiamonds, 5Diamonds, 3Diamonds, 7Clubs, JClubs, QClubs, AHearts, QSpades, 6Spades.
P3 HAND: JDiamonds, KClubs, 5Clubs, 2Clubs, 7Hearts, KHearts, 6Hearts, 5Hearts, 3Hearts, 5Spades.
P0 JSpades P1 2Spades P2 6Spades P3 5Spades 
P0 AClubs P1 4Clubs P2 7Clubs P3 2Clubs 
P0 3Clubs P1 6Clubs P2 QClubs P3 KClubs 
P3 5Clubs P0 2Diamonds P1 3Spades P2 JClubs 
P2 3Diamonds P3 JDiamonds P0 4Diamonds P1 7Diamonds 
P1 4Spades P2 QSpades P3 3Hearts P0 6Diamonds 
P3 5Hearts P0 QHearts P1 QDiamonds P2 AHearts 
P2 5Diamonds P3 6Hearts P0 2Hearts P1 ASpades 
P3 KHearts P0 4Hearts P1 KSpades P2 KDiamonds 
P3 7Hearts P0 JHearts P1 7Spades P2 ADiamonds 
-- /GAME --
P0 HAND: ADiamonds, 7Diamonds, QDiamonds, 5Diamonds, 2Diamonds, JClubs, QHearts, 4Hearts, 6Spades, 4Spades.
P1 HAND: KDiamonds, AClubs, KClubs, KHearts, JHearts, 3Hearts, ASpades, QSpades, 5Spades, 3Spades.
P2 HAND: 4Diamonds, QClubs, 6Clubs, 4Clubs, 3Clubs, 6Hearts, 2Hearts, 7Spades, KSpades, 2Spades.
P3 HAND: JDiamonds, 6Diamonds, 3Diamonds, 7Clubs, 5Clubs, 2Clubs, AHearts, 7Hearts, 5Hearts, JSpades.
P3 AHearts P0 4Hearts P1 KHearts P2 2Hearts 
P3 2Clubs P0 JClubs P1 AClubs P2 3Clubs 
P1 ASpades P2 2Spades P3 JSpades P0 4Spades 
P1 3Hearts P2 6Hearts P3 7Hearts P0 QHearts 
P3 5Clubs P0 6Spades P1 KClubs P2 4Clubs 
P1 3Spades P2 KSpades P3 5Hearts P0 2Diamonds 
P0 ADiamonds P1 KDiamonds P2 4Diamonds P3 3Diamonds 
P0 7Diamonds P1 5Spades P2 7Spades P3 6Diamonds 
P0 5Diamonds P1 QSpades P2 6Clubs P3 JDiamonds 
P3 7Clubs P0 QDiamonds P1 JHearts P2 QClubs 
-- /GAME --
P0 HAND: JDiamonds, QDiamonds, 6Diamonds, KClubs, 2Clubs, 7Hearts, 4Hearts, 3Hearts, KSpades, 6Spades.
P1 HAND: ADiamonds, KDiamonds, 5Diamonds, 3Diamonds, QClubs, AHearts, JHearts, 7Spades, QSpades, 3Spades.
P2 HAND: 7Diamonds, 2Diamonds, AClubs, 7Clubs, JClubs, 6Clubs, 5Clubs, QHearts, JSpades, 5Spades.
P3 HAND: 4Diamonds, 4Clubs, 3Clubs, KHearts, 6Hearts, 5Hearts, 2Hearts, ASpades, 4Spades, 2Spades.
P2 2Diamonds P3 4Diamonds P0 6Diamonds P1 ADiamonds 
P1 AHearts P2 QHearts P3 KHearts P0 3Hearts 
P1 3Diamonds P2 7Diamonds P3 2Spades P0 QDiamonds 
P3 2Hearts P0 7Hearts P1 JHearts P2 AClubs 
P0 4Hearts P1 5Diamonds P2 5Clubs P3 6Hearts 
P3 3Clubs P0 KClubs P1 QClubs P2 7Clubs 
P2 6Clubs P3 4Clubs P0 2Clubs P1 3Spades 
P1 QSpades P2 5Spades P3 4Spades P0 KSpades 
P0 JDiamonds P1 KDiamonds P2 JSpades P3 ASpades 
P3 5Hearts P0 6Spades P1 7Spades P2 JClubs 
-- /GAME --
P0 HAND: KDiamonds, QDiamonds, AClubs, 5Clubs, 2Clubs, AHearts, 4Hearts, 2Hearts, 4Spades, 2Spades.
P1 HAND: ADiamonds, 4Diamonds, KClubs, JClubs, QClubs, JHearts, 5Hearts, ASpades, QSpades, 6Spades.
P2 HAND: 2Diamonds, 7Clubs, 4Clubs, 7Hearts, QHearts, 6Hearts, 3Hearts, JSpades, 5Spades, 3Spades.
P3 HAND: 7Diamonds, JDiamonds, 6Diamonds, 5Diamonds, 3Diamonds, 6Clubs, 3Clubs, KHearts, 7Spades, KSpades.
P1 ADiamonds P2 2Diamonds P3 7Diamonds P0 QDiamonds 
P1 ASpades P2 3Spades P3 7Spades P0 2Spades 
P1 4Diamonds P2 4Clubs P3 3Diamonds P0 KDiamonds 
P0 4Spades P1 6Spades P2 5Spades P3 KSpades 
P3 3Clubs P0 AClubs P1 QClubs P2 7Clubs 
P0 2Clubs P1 JClubs P2 3Hearts P3 6Clubs 
P2 JSpades P3 5Diamonds P0 5Clubs P1 QSpades 
P2 6Hearts P3 KHearts P0 AHearts P1 5Hearts 
P0 2Hearts P1 JHearts P2 QHearts P3 JDiamonds 
P1 KClubs P2 7Hearts P3 6Diamonds P0 4Hearts 
-- /GAME --
P0 HAND: JDiamonds, QDiamonds, KClubs, 5Clubs, 3Clubs, AHearts, 6Hearts, 5Hearts, 4Hearts, QSpades.
P1 HAND: 7Diamonds, KDiamonds, 3Diamonds, 7Clubs, 6Clubs, 4Clubs, KHearts, 2Hearts, 5Spades, 3Spades.
P2 HAND: 6Diamonds, 5Diamonds, AClubs, JClubs, JHearts, QHearts, 3Hearts, KSpades, 6Spades, 2Spades.
P3 HAND: ADiamonds, 4Diamonds, 2Diamonds, QClubs, 2Clubs, 7Hearts, ASpades, 7Spades, JSpades, 4Spades.
P0 AHearts P1 2Hearts P2 JHearts P3 7Hearts 
P0 QDiamonds P1 3Diamonds P2 5Diamonds P3 ADiamonds 
P3 2Diamonds P0 JDiamonds P1 7Diamonds P2 6Diamonds 
P1 4Clubs P2 AClubs P3 2Clubs P0 KClubs 
P2 3Hearts P3 4Diamonds P0 4Hearts P1 KHearts 
P1 6Clubs P2 JClubs P3 QClubs P0 3Clubs 
P2 QHearts P3 4Spades P0 5Hearts P1 7Clubs 
P3 JSpades P0 QSpades P1 3Spades P2 KSpades 
P2 2Spades P3 7Spades P0 6Hearts P1 5Spades 
P3 ASpades P0 5Clubs P1 KDiamonds P2 6Spades 
-- /GAME --

