-- GAME --
P0 HAND: 7Diamonds, 5Diamonds, QClubs, 3Clubs, KHearts, 4Hearts, 3Hearts, 2Hearts, 6Spades, 3Spades.
P1 HAND: KDiamonds, 3Diamonds, 6Clubs, JHearts, QHearts, 6Hearts, 5Hearts, ASpades, JSpades, 4Spades.
P2 HAND: ADiamonds, JDiamonds, 2Diamonds, JClubs, 5Clubs, 4Clubs, 2Clubs, 7Spades, KSpades, QSpades.
P3 HAND: QDiamonds, 6Diamonds, 4Diamonds, AClubs, 7Clubs, KClubs, AHearts, 7Hearts, 5Spades, 2Spades.
P0 2Hearts P1 5Hearts P2 2Diamonds P3 AHearts 
P3 AClubs P0 3Clubs P1 6Clubs P2 2Clubs 
P3 4Diamonds P0 5Diamonds P1 3Diamonds P2 ADiamonds 
P2 4Clubs P3 KClubs P0 QClubs P1 KDiamonds 
P3 6Diamonds P0 7Diamonds P1 4Spades P2 JDiamonds 
P1 6Hearts P2 5Clubs P3 7Hearts P0 3Hearts 
P3 QDiamonds P0 3Spades P1 QHearts P2 JClubs 
P0 KHearts P1 JHearts P2 QSpades P3 7Clubs 
P2 KSpades P3 2Spades P0 6Spades P1 JSpades 
P2 7Spades P3 5Spades P0 4Hearts P1 ASpades 
-- /GAME --
P0 HAND: JDiamonds, AClubs, JClubs, 2Clubs, AHearts, 5Hearts, 7Spades, KSpades, QSpades, 3Spades.
P1 HAND: KDiamonds, KClubs, QClubs, 6Clubs, 5Clubs, 4Clubs, JHearts, QHearts, 3Hearts, JSpades.
P2 HAND: 7Diamonds, 5Diamonds, 3Diamonds, 3Clubs, 7Hearts, KHearts, 6Hearts, 4Hearts, ASpades, 5Spades.
P3 HAND: ADiamonds, QDiamonds, 6Diamonds, 4Diamonds, 2Diamonds, 7Clubs, 2Hearts, 6Spades, 4Spades, 2Spades.
P3 2Hearts P0 5Hearts P1 3Hearts P2 7Hearts 
P2 ASpades P3 2Spades P0 7Spades P1 JSpades 
P2 3Clubs P3 7Clubs P0 AClubs P1 4Clubs 
P0 AHearts P1 QHearts P2 4Hearts P3 2Diamonds 
P3 4Spades P0 KSpades P1 5Clubs P2 5Spades 
P0 QSpades P1 6Clubs P2 KHearts P3 6Spades 
P0 3Spades P1 QClubs P2 6Hearts P3 4Diamonds 
P3 6Diamonds P0 JDiamonds P1 KDiamonds P2 7Diamonds 
P2 3Diamonds P3 QDiamonds P0 2Clubs P1 KClubs 
P3 ADiamonds P0 JClubs P1 JHearts P2 5Diamonds 
-- /GAME --
P0 HAND: 7Diamonds, KDiamonds, 3Diamonds, 2Diamonds, JHearts, 4Hearts, 2Hearts, 6Spades, 5Spades, 4Spades.
P1 HAND: 6Diamonds, 4Diamonds, 7Clubs, JClubs, 3Clubs, 2Clubs, 6Hearts, 5Hearts, QSpades, 3Spades.
P2 HAND: ADiamonds, 5Diamonds, 5Clubs, 4Clubs, AHearts, 7Hearts, QHearts, ASpades, 7Spades, JSpades.
P3 HAND: JDiamonds, QDiamonds, AClubs, KClubs, QClubs, 6Clubs, KHearts, 3Hearts, KSpades, 2Spades.
P2 ADiamonds P3 QDiamonds P0 7Diamonds P1 4Diamonds 
P2 ASpades P3 2Spades P0 4Spades P1 3Spades 
P2 4Clubs P3 AClubs P0 2Hearts P1 2Clubs 
P0 KDiamonds P1 6Diamonds P2 5Diamonds P3 JDiamonds 
P0 5Spades P1 QSpades P2 7Spades P3 KSpades 
P2 5Clubs P3 6Clubs P0 4Hearts P1 3Clubs 
P0 3Diamonds P1 5Hearts P2 QHearts P3 QClubs 
P2 JSpades P3 3Hearts P0 6Spades P1 7Clubs 
P3 KHearts P0 JHearts P1 6Hearts P2 7Hearts 
P2 AHearts P3 KClubs P0 2Diamonds P1 JClubs 
-- /GAME --
P0 HAND: 5Diamonds, 4Diamonds, 2Diamonds, 2Clubs, QHearts, JSpades, 6Spades, 5Spades, 4Spades, 2Spades.
P1 HAND: KDiamonds, JDiamonds, AClubs, 6Clubs, AHearts, JHearts, 3Hearts, 7Spades, KSpades, QSpades.
P2 HAND: 7Clubs, KClubs, JClubs, 5Clubs, 3Clubs, 7Hearts, 5Hearts, 4Hearts, 2Hearts, ASpades.
P3 HAND: ADiamonds, 7Diamonds, QDiamonds, 6Diamonds, 3Diamonds, QClubs, 4Clubs, KHearts, 6Hearts, 3Spades.
P1 AClubs P2 3Clubs P3 QClubs P0 2Clubs 
P1 AHearts P2 2Hearts P3 KHearts P0 QHearts 
P1 3Hearts P2 4Hearts P3 6Hearts P0 2Spades 
P3 3Spades P0 JSpades P1 QSpades P2 ASpades 
P2 5Clubs P3 4Clubs P0 2Diamonds P1 6Clubs 
P0 4Spades P1 KSpades P2 5Hearts P3 3Diamonds 
P3 6Diamonds P0 4Diamonds P1 JDiamonds P2 JClubs 
P1 JHearts P2 7Hearts P3 QDiamonds P0 5Spades 
P3 7Diamonds P0 5Diamonds P1 KDiamonds P2 KClubs 
P3 ADiamonds P0 6Spades P1 7Spades P2 7Clubs 
-- /GAME --
P0 HAND: 7Diamonds, JDiamonds, 6Diamonds, 2Diamonds, 5Clubs, 3Clubs, KHearts, QSpades, 6Spades, 2Spades.
P1 HAND: KDiamonds, 4Diamonds, 7Clubs, 7Hearts, QHearts, 5Hearts, 7Spades, JSpades, 5Spades, 3Spades.
P2 HAND: ADiamonds, 5Diamonds, AClubs, JClubs, 6Clubs, 4Clubs, 2Clubs, 4Hearts, 2Hearts, ASpades.
P3 HAND: QDiamonds, 3Diamonds, KClubs, QClubs, AHearts, JHearts, 6Hearts, 3Hearts, KSpades, 4Spades.

