-- GAME --
P0 HAND: QDiamonds, 5Diamonds, 7Clubs, 5Clubs, AHearts, 5Hearts, 3Hearts, ASpades, 6Spades, 4Spades.
P1 HAND: ADiamonds, 6Diamonds, 2Diamonds, QClubs, 4Clubs, 2Clubs, 7Hearts, 6Hearts, 7Spades, 3Spades.
P2 HAND: 7Diamonds, JDiamonds, JClubs, QHearts, 4Hearts, 2Hearts, KSpades, QSpades, 5Spades, 2Spades.
P3 HAND: KDiamonds, 4Diamonds, 3Diamonds, AClubs, KClubs, 6Clubs, 3Clubs, KHearts, JHearts, JSpades.
P0 AHearts P1 6Hearts P2 QHearts P3 JHearts 
P0 ASpades P1 3Spades P2 KSpades P3 JSpades 
P0 5Diamonds P1 ADiamonds P2 JDiamonds P3 KDiamonds 
P1 2Diamonds P2 7Diamonds P3 3Diamonds P0 QDiamonds 
P2 2Hearts P3 KHearts P0 5Hearts P1 7Hearts 
P1 6Diamonds P2 2Spades P3 4Diamonds P0 7Clubs 
P0 4Spades P1 7Spades P2 5Spades P3 3Clubs 
P3 6Clubs P0 5Clubs P1 2Clubs P2 JClubs 
P2 4Hearts P3 KClubs P0 3Hearts P1 4Clubs 
P3 AClubs P0 6Spades P1 QClubs P2 QSpades 
-- /GAME --
P0 HAND: ADiamonds, 7Diamonds, 3Diamonds, AClubs, QClubs, 3Clubs, JSpades, QSpades, 6Spades, 5Spades.
P1 HAND: KClubs, JClubs, 4Clubs, AHearts, 6Hearts, 5Hearts, 4Hearts, 2Hearts, 3Spades, 2Spades.
P2 HAND: JDiamonds, 6Diamonds, 4Diamonds, 2Diamonds, 6Clubs, 5Clubs, 2Clubs, 7Hearts, 3Hearts, ASpades.
P3 HAND: KDiamonds, QDiamonds, 5Diamonds, 7Clubs, KHearts, JHearts, QHearts, 7Spades, KSpades, 4Spades.
P3 5Diamonds P0 ADiamonds P1 2Spades P2 2Diamonds 
P1 2Hearts P2 3Hearts P3 QHearts P0 3Clubs 
P3 QDiamonds P0 7Diamonds P1 3Spades P2 4Diamonds 
P1 4Clubs P2 2Clubs P3 7Clubs P0 AClubs 
P0 QClubs P1 JClubs P2 5Clubs P3 KDiamonds 
P1 4Hearts P2 7Hearts P3 JHearts P0 3Diamonds 
P2 6Diamonds P3 4Spades P0 JSpades P1 5Hearts 
P0 5Spades P1 6Hearts P2 ASpades P3 KSpades 
P2 6Clubs P3 7Spades P0 6Spades P1 KClubs 
P3 KHearts P0 QSpades P1 AHearts P2 JDiamonds 
-- /GAME --
P0 HAND: ADiamonds, 7Clubs, QClubs, JHearts, QHearts, ASpades, 7Spades, JSpades, 6Spades, 5Spades.
P1 HAND: JDiamonds, 6Diamonds, JClubs, 6Clubs, AHearts, 7Hearts, KHearts, 5Hearts, KSpades, 2Spades.
P2 HAND: KDiamonds, 5Diamonds, 3Diamonds, AClubs, KClubs, 2Clubs, 4Hearts, QSpades, 4Spades, 3Spades.
P3 HAND: 7Diamonds, QDiamonds, 4Diamonds, 2Diamonds, 5Clubs, 4Clubs, 3Clubs, 6Hearts, 3Hearts, 2Hearts.

