-- GAME --
P0 HAND: ADiamonds, 6Diamonds, 5Diamonds, 4Diamonds, 3Diamonds, AClubs, JClubs, QClubs, 6Hearts, 4Hearts.
P1 HAND: 2Diamonds, KClubs, 3Clubs, JHearts, 5Hearts, 2Hearts, ASpades, QSpades, 3Spades, 2Spades.
P2 HAND: 7Diamonds, KDiamonds, JDiamonds, 6Clubs, 2Clubs, AHearts, 7Hearts, QHearts, 7Spades, 4Spades.
P3 HAND: QDiamonds, 7Clubs, 5Clubs, 4Clubs, KHearts, 3Hearts, KSpades, JSpades, 6Spades, 5Spades.
P0 ADiamonds P1 2Diamonds P2 7Diamonds P3 QDiamonds 
P0 4Hearts P1 2Hearts P2 AHearts P3 3Hearts 
P2 4Spades P3 5Spades P0 QClubs P1 2Spades 
P0 6Hearts P1 5Hearts P2 7Hearts P3 KHearts 
P2 QHearts P3 6Spades P0 6Diamonds P1 JHearts 
P1 3Spades P2 7Spades P3 JSpades P0 5Diamonds 
P2 JDiamonds P3 4Clubs P0 4Diamonds P1 ASpades 
P3 5Clubs P0 JClubs P1 3Clubs P2 2Clubs 
P0 AClubs P1 KClubs P2 6Clubs P3 7Clubs 
P0 3Diamonds P1 QSpades P2 KDiamonds P3 KSpades 
-- /GAME --
P0 HAND: 6Diamonds, AClubs, 6Hearts, 2Hearts, ASpades, 7Spades, KSpades, QSpades, 6Spades, 3Spades.
P1 HAND: 7Diamonds, JDiamonds, QDiamonds, 5Diamonds, 4Diamonds, 4Clubs, AHearts, 7Hearts, 4Hearts, 4Spades.
P2 HAND: ADiamonds, 2Diamonds, KClubs, QClubs, 5Clubs, JHearts, QHearts, 5Hearts, 3Hearts, 5Spades.
P3 HAND: KDiamonds, 3Diamonds, 7Clubs, JClubs, 6Clubs, 3Clubs, 2Clubs, KHearts, JSpades, 2Spades.
P3 2Clubs P0 AClubs P1 4Clubs P2 KClubs 
P0 ASpades P1 4Spades P2 5Spades P3 2Spades 
P0 6Diamonds P1 4Diamonds P2 ADiamonds P3 3Diamonds 
P2 2Diamonds P3 KDiamonds P0 2Hearts P1 5Diamonds 
P0 7Spades P1 4Hearts P2 5Hearts P3 JSpades 
P2 5Clubs P3 3Clubs P0 6Hearts P1 QDiamonds 
P0 KSpades P1 7Hearts P2 QClubs P3 7Clubs 
P1 JDiamonds P2 3Hearts P3 6Clubs P0 QSpades 
P2 QHearts P3 KHearts P0 3Spades P1 AHearts 
P1 7Diamonds P2 JHearts P3 JClubs P0 6Spades 
-- /GAME --
P0 HAND: 7Diamonds, KDiamonds, JDiamonds, AClubs, QClubs, JHearts, QHearts, 6Hearts, QSpades, 5Spades.
P1 HAND: QDiamonds, 7Clubs, JClubs, 6Clubs, 5Clubs, 2Clubs, KHearts, 3Hearts, ASpades, 3Spades.
P2 HAND: ADiamonds, 5Diamonds, 2Diamonds, 3Clubs, AHearts, 7Hearts, 5Hearts, KSpades, JSpades, 2Spades.
P3 HAND: 6Diamonds, 4Diamonds, 3Diamonds, KClubs, 4Clubs, 4Hearts, 2Hearts, 7Spades, 6Spades, 4Spades.
P2 ADiamonds P3 3Diamonds P0 7Diamonds P1 QDiamonds 
P2 AHearts P3 2Hearts P0 JHearts P1 3Hearts 
P2 2Diamonds P3 4Diamonds P0 KDiamonds P1 3Spades 
P0 QSpades P1 ASpades P2 2Spades P3 7Spades 
P1 2Clubs P2 3Clubs P3 4Clubs P0 QClubs 
P0 5Spades P1 5Clubs P2 JSpades P3 6Spades 
P1 6Clubs P2 5Diamonds P3 KClubs P0 AClubs 
P0 JDiamonds P1 JClubs P2 5Hearts P3 6Diamonds 
P1 7Clubs P2 KSpades P3 4Hearts P0 6Hearts 
P1 KHearts P2 7Hearts P3 4Spades P0 QHearts 
-- /GAME --
P0 HAND: KDiamonds, 6Diamonds, 3Diamonds, AClubs, KClubs, 4Clubs, 7Hearts, 6Hearts, 3Hearts, 5Spades.
P1 HAND: 7Diamonds, 4Diamonds, 6Clubs, 5Clubs, 2Clubs, 5Hearts, 4Hearts, KSpades, QSpades, 6Spades.
P2 HAND: ADiamonds, JDiamonds, QDiamonds, 5Diamonds, 7Clubs, JClubs, JSpades, 4Spades, 3Spades, 2Spades.
P3 HAND: 2Diamonds, QClubs, 3Clubs, AHearts, KHearts, JHearts, QHearts, 2Hearts, ASpades, 7Spades.
P3 2Diamonds P0 KDiamonds P1 4Diamonds P2 ADiamonds 
P2 5Diamonds P3 2Hearts P0 6Diamonds P1 7Diamonds 
P1 2Clubs P2 JClubs P3 3Clubs P0 KClubs 
P0 AClubs P1 5Clubs P2 7Clubs P3 QClubs 
P0 7Hearts P1 4Hearts P2 2Spades P3 QHearts 
P2 QDiamonds P3 7Spades P0 3Diamonds P1 6Clubs 
P3 JHearts P0 6Hearts P1 5Hearts P2 3Spades 
P2 JDiamonds P3 ASpades P0 4Clubs P1 6Spades 
P3 KHearts P0 3Hearts P1 QSpades P2 JSpades 
P2 4Spades P3 AHearts P0 5Spades P1 KSpades 
-- /GAME --
P0 HAND: ADiamonds, QDiamonds, QClubs, 5Clubs, 4Clubs, 6Hearts, 5Hearts, JSpades, 6Spades, 4Spades.
P1 HAND: 4Diamonds, 3Diamonds, AClubs, 7Clubs, KClubs, KHearts, QHearts, 2Hearts, 5Spades, 2Spades.
P2 HAND: 7Diamonds, 5Diamonds, 2Diamonds, 6Clubs, 2Clubs, AHearts, 7Hearts, JHearts, ASpades, KSpades.
P3 HAND: KDiamonds, JDiamonds, 6Diamonds, JClubs, 3Clubs, 4Hearts, 3Hearts, 7Spades, QSpades, 3Spades.
P2 ASpades P3 3Spades P0 JSpades P1 2Spades 
P2 2Diamonds P3 6Diamonds P0 ADiamonds P1 3Diamonds 
P0 QDiamonds P1 4Diamonds P2 7Diamonds P3 JDiamonds 
P2 2Clubs P3 3Clubs P0 QClubs P1 AClubs 
P1 5Spades P2 KSpades P3 7Spades P0 4Spades 
P3 QSpades P0 6Spades P1 2Hearts P2 5Diamonds 
P1 QHearts P2 JHearts P3 3Hearts P0 6Hearts 
P2 6Clubs P3 JClubs P0 5Clubs P1 7Clubs 
P1 KHearts P2 7Hearts P3 4Hearts P0 5Hearts 
P2 AHearts P3 KDiamonds P0 4Clubs P1 KClubs 
-- /GAME --
P0 HAND: JDiamonds, 6Diamonds, QClubs, 5Clubs, 3Clubs, KHearts, 3Hearts, QSpades, 6Spades, 2Spades.
P1 HAND: QDiamonds, 4Diamonds, AClubs, KClubs, 4Clubs, AHearts, 7Hearts, JHearts, 4Hearts, 3Spades.
P2 HAND: ADiamonds, 7Diamonds, 5Diamonds, 2Diamonds, 7Clubs, 6Clubs, QHearts, 5Hearts, ASpades, 5Spades.
P3 HAND: KDiamonds, 3Diamonds, JClubs, 2Clubs, 6Hearts, 2Hearts, 7Spades, KSpades, JSpades, 4Spades.
P1 AClubs P2 6Clubs P3 JClubs P0 3Clubs 
P1 3Spades P2 ASpades P3 4Spades P0 QSpades 
P2 ADiamonds P3 3Diamonds P0 JDiamonds P1 4Diamonds 
P2 2Diamonds P3 KDiamonds P0 6Diamonds P1 QDiamonds 
P3 2Clubs P0 QClubs P1 4Clubs P2 7Clubs 
P2 5Diamonds P3 2Hearts P0 3Hearts P1 4Hearts 
P1 JHearts P2 5Hearts P3 6Hearts P0 KHearts 
P0 6Spades P1 7Hearts P2 5Spades P3 7Spades 
P1 AHearts P2 QHearts P3 JSpades P0 5Clubs 
P1 KClubs P2 7Diamonds P3 KSpades P0 2Spades 
-- /GAME --
P0 HAND: 7Diamonds, AClubs, QClubs, 6Clubs, 2Clubs, 7Hearts, QHearts, KSpades, QSpades, 4Spades.
P1 HAND: ADiamonds, KDiamonds, JDiamonds, 6Diamonds, 5Diamonds, 4Diamonds, 3Clubs, JHearts, 6Spades, 3Spades.
P2 HAND: 3Diamonds, 2Diamonds, 5Clubs, 4Clubs, KHearts, 5Hearts, 4Hearts, 2Hearts, 7Spades, 2Spades.
P3 HAND: QDiamonds, 7Clubs, KClubs, JClubs, AHearts, 6Hearts, 3Hearts, ASpades, JSpades, 5Spades.
P0 4Spades P1 3Spades P2 2Spades P3 ASpades 
P3 AHearts P0 QHearts P1 JHearts P2 2Hearts 
P3 3Hearts P0 7Hearts P1 3Clubs P2 4Hearts 
P1 4Diamonds P2 2Diamonds P3 QDiamonds P0 7Diamonds 
P0 QSpades P1 6Spades P2 7Spades P3 5Spades 
P2 3Diamonds P3 6Hearts P0 QClubs P1 5Diamonds 
P0 KSpades P1 6Diamonds P2 5Hearts P3 JSpades 
P0 6Clubs P1 JDiamonds P2 4Clubs P3 JClubs 
P3 KClubs P0 2Clubs P1 KDiamonds P2 5Clubs 
P3 7Clubs P0 AClubs P1 ADiamonds P2 KHearts 
-- /GAME --
P0 HAND: KDiamonds, 7Clubs, 6Clubs, 2Clubs, KHearts, 6Hearts, 5Hearts, ASpades, JSpades, 3Spades.
P1 HAND: QDiamonds, 2Diamonds, KClubs, 5Clubs, 4Clubs, 7Hearts, 3Hearts, QSpades, 6Spades, 5Spades.
P2 HAND: ADiamonds, 4Diamonds, 3Diamonds, AClubs, AHearts, JHearts, QHearts, 4Hearts, 2Hearts, 7Spades.
P3 HAND: 7Diamonds, JDiamonds, 6Diamonds, 5Diamonds, JClubs, QClubs, 3Clubs, KSpades, 4Spades, 2Spades.
P3 2Spades P0 ASpades P1 5Spades P2 7Spades 
P0 3Spades P1 6Spades P2 3Diamonds P3 KSpades 
P3 3Clubs P0 7Clubs P1 4Clubs P2 AClubs 
P2 ADiamonds P3 5Diamonds P0 KDiamonds P1 2Diamonds 
P2 4Diamonds P3 6Diamonds P0 5Hearts P1 QDiamonds 
P0 2Clubs P1 5Clubs P2 2Hearts P3 QClubs 
P2 4Hearts P3 4Spades P0 KHearts P1 3Hearts 
P0 JSpades P1 QSpades P2 QHearts P3 JDiamonds 
P2 JHearts P3 JClubs P0 6Hearts P1 7Hearts 
P1 KClubs P2 AHearts P3 7Diamonds P0 6Clubs 
-- /GAME --
P0 HAND: JDiamonds, QDiamonds, 7Clubs, QClubs, 4Clubs, 3Clubs, AHearts, 2Hearts, 6Spades, 3Spades.
P1 HAND: ADiamonds, JClubs, 7Hearts, KHearts, 6Hearts, 5Hearts, 7Spades, KSpades, 5Spades, 4Spades.
P2 HAND: 6Diamonds, 5Diamonds, 3Diamonds, 2Diamonds, KClubs, 5Clubs, 2Clubs, JHearts, JSpades, 2Spades.
P3 HAND: 7Diamonds, KDiamonds, 4Diamonds, AClubs, 6Clubs, QHearts, 4Hearts, 3Hearts, ASpades, QSpades.
P3 AClubs P0 3Clubs P1 JClubs P2 2Clubs 
P3 3Hearts P0 AHearts P1 5Hearts P2 JHearts 
P0 JDiamonds P1 ADiamonds P2 2Diamonds P3 7Diamonds 
P1 6Hearts P2 3Diamonds P3 4Hearts P0 2Hearts 
P1 4Spades P2 2Spades P3 QSpades P0 3Spades 
P3 4Diamonds P0 QDiamonds P1 5Spades P2 5Diamonds 
P1 KSpades P2 JSpades P3 ASpades P0 6Spades 
P3 6Clubs P0 7Clubs P1 7Spades P2 5Clubs 
P1 KHearts P2 6Diamonds P3 QHearts P0 4Clubs 
P1 7Hearts P2 KClubs P3 KDiamonds P0 QClubs 
-- /GAME --
P0 HAND: 6Diamonds, 5Diamonds, AClubs, KClubs, JClubs, 2Clubs, AHearts, 5Hearts, 3Hearts, 6Spades.
P1 HAND: JDiamonds, QDiamonds, 5Clubs, 7Hearts, KHearts, 4Hearts, 2Hearts, ASpades, 7Spades, 2Spades.
P2 HAND: 7Diamonds, 4Diamonds, 3Diamonds, 2Diamonds, 7Clubs, QClubs, 6Clubs, QHearts, 6Hearts, 4Spades.
P3 HAND: ADiamonds, KDiamonds, 4Clubs, 3Clubs, JHearts, KSpades, JSpades, QSpades, 5Spades, 3Spades.
P2 2Diamonds P3 ADiamonds P0 5Diamonds P1 JDiamonds 
P3 3Clubs P0 AClubs P1 5Clubs P2 7Clubs 
P0 6Spades P1 ASpades P2 4Spades P3 KSpades 
P1 2Spades P2 3Diamonds P3 3Spades P0 6Diamonds 
P3 4Clubs P0 KClubs P1 QDiamonds P2 QClubs 
P0 JClubs P1 2Hearts P2 6Clubs P3 KDiamonds 
P1 4Hearts P2 6Hearts P3 JHearts P0 AHearts 
P0 2Clubs P1 KHearts P2 4Diamonds P3 JSpades 
P1 7Hearts P2 QHearts P3 QSpades P0 3Hearts 
P1 7Spades P2 7Diamonds P3 5Spades P0 5Hearts 
-- /GAME --
P0 HAND: ADiamonds, 7Diamonds, KDiamonds, 4Diamonds, 7Hearts, 3Hearts, ASpades, QSpades, 5Spades, 4Spades.
P1 HAND: 6Diamonds, QClubs, 5Clubs, AHearts, KHearts, QHearts, 6Hearts, 7Spades, JSpades, 3Spades.
P2 HAND: JDiamonds, QDiamonds, 2Diamonds, AClubs, 3Clubs, 2Clubs, 5Hearts, 2Hearts, KSpades, 6Spades.
P3 HAND: 5Diamonds, 3Diamonds, 7Clubs, KClubs, JClubs, 6Clubs, 4Clubs, JHearts, 4Hearts, 2Spades.
P1 AHearts P2 2Hearts P3 JHearts P0 3Hearts 
P1 5Clubs P2 AClubs P3 4Clubs P0 7Hearts 
P2 2Diamonds P3 3Diamonds P0 ADiamonds P1 6Diamonds 
P0 7Diamonds P1 3Spades P2 QDiamonds P3 5Diamonds 
P1 6Hearts P2 5Hearts P3 4Hearts P0 5Spades 
P0 KDiamonds P1 QClubs P2 JDiamonds P3 2Spades 
P3 6Clubs P0 QSpades P1 QHearts P2 3Clubs 
P0 4Diamonds P1 JSpades P2 2Clubs P3 7Clubs 
P1 7Spades P2 6Spades P3 JClubs P0 ASpades 
P0 4Spades P1 KHearts P2 KSpades P3 KClubs 
-- /GAME --
P0 HAND: ADiamonds, QDiamonds, 6Diamonds, 4Diamonds, 6Clubs, 4Clubs, 3Hearts, 7Spades, QSpades, 2Spades.
P1 HAND: 7Diamonds, KDiamonds, 5Diamonds, 7Clubs, KClubs, 7Hearts, QHearts, 6Hearts, 6Spades, 4Spades.
P2 HAND: AClubs, JClubs, 3Clubs, 2Clubs, JHearts, 5Hearts, 2Hearts, ASpades, JSpades, 3Spades.
P3 HAND: JDiamonds, 3Diamonds, 2Diamonds, QClubs, 5Clubs, AHearts, KHearts, 4Hearts, KSpades, 5Spades.
P0 ADiamonds P1 5Diamonds P2 AClubs P3 2Diamonds 
P0 4Clubs P1 7Clubs P2 2Clubs P3 QClubs 
P1 4Spades P2 ASpades P3 5Spades P0 7Spades 
P2 3Clubs P3 5Clubs P0 6Clubs P1 KClubs 
P1 6Spades P2 3Spades P3 KSpades P0 2Spades 
P3 3Diamonds P0 QDiamonds P1 KDiamonds P2 2Hearts 
P2 JClubs P3 4Hearts P0 4Diamonds P1 7Diamonds 
P3 JDiamonds P0 6Diamonds P1 6Hearts P2 5Hearts 
P1 QHearts P2 JHearts P3 KHearts P0 3Hearts 
P3 AHearts P0 QSpades P1 7Hearts P2 JSpades 
-- /GAME --
P0 HAND: ADiamonds, JDiamonds, 6Diamonds, 4Diamonds, 2Diamonds, 7Clubs, 4Clubs, 2Hearts, QSpades, 2Spades.
P1 HAND: QDiamonds, 3Diamonds, JClubs, QClubs, 6Clubs, 7Hearts, KHearts, 4Hearts, JSpades, 3Spades.
P2 HAND: 7Diamonds, 5Diamonds, 5Clubs, 3Clubs, JHearts, QHearts, 7Spades, KSpades, 6Spades, 4Spades.
P3 HAND: KDiamonds, AClubs, KClubs, 2Clubs, AHearts, 6Hearts, 5Hearts, 3Hearts, ASpades, 5Spades.
P3 AClubs P0 4Clubs P1 JClubs P2 3Clubs 
P3 AHearts P0 2Hearts P1 7Hearts P2 QHearts 
P3 2Clubs P0 7Clubs P1 6Clubs P2 5Clubs 
P0 ADiamonds P1 3Diamonds P2 7Diamonds P3 KDiamonds 
P0 JDiamonds P1 QDiamonds P2 5Diamonds P3 5Spades 
P3 3Hearts P0 2Spades P1 4Hearts P2 JHearts 
P0 4Diamonds P1 QClubs P2 4Spades P3 5Hearts 
P2 6Spades P3 ASpades P0 QSpades P1 3Spades 
P3 6Hearts P0 6Diamonds P1 KHearts P2 KSpades 
P2 7Spades P3 KClubs P0 2Diamonds P1 JSpades 
-- /GAME --
P0 HAND: JDiamonds, QDiamonds, 3Diamonds, JClubs, QClubs, 5Clubs, 5Hearts, 4Hearts, 3Spades, 2Spades.
P1 HAND: KDiamonds, 4Clubs, QHearts, 6Hearts, 2Hearts, KSpades, QSpades, 6Spades, 5Spades, 4Spades.
P2 HAND: 6Diamonds, 4Diamonds, 2Diamonds, 7Clubs, 6Clubs, 3Clubs, 7Hearts, KHearts, JHearts, ASpades.
P3 HAND: ADiamonds, 7Diamonds, 5Diamonds, AClubs, KClubs, 2Clubs, AHearts, 3Hearts, 7Spades, JSpades.
P2 ASpades P3 JSpades P0 3Spades P1 4Spades 
P2 2Diamonds P3 ADiamonds P0 3Diamonds P1 KDiamonds 
P3 AClubs P0 5Clubs P1 4Clubs P2 3Clubs 
P3 2Clubs P0 JClubs P1 5Spades P2 7Clubs 
P2 4Diamonds P3 5Diamonds P0 JDiamonds P1 6Spades 
P0 2Spades P1 QSpades P2 6Diamonds P3 7Spades 
P3 3Hearts P0 4Hearts P1 2Hearts P2 JHearts 
P2 6Clubs P3 KClubs P0 QClubs P1 KSpades 
P3 AHearts P0 5Hearts P1 6Hearts P2 KHearts 
P3 7Diamonds P0 QDiamonds P1 QHearts P2 7Hearts 
-- /GAME --
P0 HAND: KDiamonds, 3Diamonds, 3Clubs, KHearts, JHearts, 5Hearts, 2Hearts, JSpades, 5Spades, 3Spades.
P1 HAND: 6Diamonds, 2Diamonds, 7Clubs, QClubs, 4Clubs, 2Clubs, 7Hearts, 6Hearts, 7Spades, KSpades.
P2 HAND: ADiamonds, 7Diamonds, JDiamonds, QDiamonds, 4Diamonds, AClubs, JClubs, QHearts, 4Hearts, 4Spades.
P3 HAND: 5Diamonds, KClubs, 6Clubs, 5Clubs, AHearts, 3Hearts, ASpades, QSpades, 6Spades, 2Spades.
P3 ASpades P0 3Spades P1 7Spades P2 4Spades 
P3 2Spades P0 JSpades P1 KSpades P2 4Hearts 
P2 4Diamonds P3 5Diamonds P0 3Diamonds P1 6Diamonds 
P1 2Diamonds P2 QDiamonds P3 5Clubs P0 KDiamonds 
P0 5Spades P1 2Clubs P2 QHearts P3 6Spades 
P2 JDiamonds P3 6Clubs P0 2Hearts P1 4Clubs 
P0 3Clubs P1 QClubs P2 AClubs P3 KClubs 
P2 JClubs P3 QSpades P0 JHearts P1 7Clubs 
P0 5Hearts P1 6Hearts P2 7Diamonds P3 3Hearts 
P1 7Hearts P2 ADiamonds P3 AHearts P0 KHearts 
-- /GAME --
P0 HAND: QDiamonds, 4Diamonds, KClubs, JClubs, 4Clubs, 7Hearts, QHearts, 6Hearts, 3Hearts, KSpades.
P1 HAND: 7Diamonds, KDiamonds, 5Diamonds, 5Clubs, 3Clubs, AHearts, 5Hearts, 7Spades, JSpades, 2Spades.
P2 HAND: ADiamonds, 6Diamonds, AClubs, 7Clubs, QClubs, 6Clubs, 2Clubs, QSpades, 6Spades, 5Spades.
P3 HAND: JDiamonds, 3Diamonds, 2Diamonds, KHearts, JHearts, 4Hearts, 2Hearts, ASpades, 4Spades, 3Spades.
P2 ADiamonds P3 2Diamonds P0 QDiamonds P1 5Diamonds 
P2 5Spades P3 ASpades P0 KSpades P1 7Spades 
P3 2Hearts P0 7Hearts P1 AHearts P2 2Clubs 
P2 6Diamonds P3 3Diamonds P0 4Diamonds P1 7Diamonds 
P1 2Spades P2 6Spades P3 3Spades P0 QHearts 
P2 QSpades P3 4Spades P0 4Clubs P1 JSpades 
P0 3Hearts P1 5Hearts P2 6Clubs P3 4Hearts 
P2 QClubs P3 JDiamonds P0 JClubs P1 3Clubs 
P0 6Hearts P1 5Clubs P2 7Clubs P3 JHearts 
P2 AClubs P3 KHearts P0 KClubs P1 KDiamonds 
-- /GAME --
P0 HAND: 7Diamonds, QDiamonds, 6Diamonds, 5Diamonds, QClubs, 5Clubs, 6Hearts, ASpades, KSpades, JSpades.
P1 HAND: 4Clubs, 2Clubs, 7Hearts, QHearts, 5Hearts, 4Hearts, 2Hearts, 5Spades, 4Spades, 3Spades.
P2 HAND: ADiamonds, KDiamonds, JDiamonds, 2Diamonds, KClubs, 3Clubs, AHearts, 7Spades, 6Spades, 2Spades.
P3 HAND: 4Diamonds, 3Diamonds, AClubs, 7Clubs, JClubs, 6Clubs, KHearts, JHearts, 3Hearts, QSpades.
P1 2Clubs P2 3Clubs P3 AClubs P0 5Clubs 
P3 3Hearts P0 6Hearts P1 2Hearts P2 AHearts 
P2 2Spades P3 QSpades P0 ASpades P1 3Spades 
P0 KSpades P1 4Spades P2 7Spades P3 3Diamonds 
P3 6Clubs P0 QClubs P1 4Clubs P2 KClubs 
P2 6Spades P3 4Diamonds P0 JSpades P1 5Spades 
P3 JClubs P0 QDiamonds P1 4Hearts P2 2Diamonds 
P0 5Diamonds P1 5Hearts P2 JDiamonds P3 JHearts 
P2 KDiamonds P3 KHearts P0 6Diamonds P1 QHearts 
P2 ADiamonds P3 7Clubs P0 7Diamonds P1 7Hearts 
-- /GAME --
P0 HAND: 4Diamonds, 5Clubs, 3Clubs, 2Clubs, 4Hearts, 3Hearts, ASpades, 7Spades, KSpades, 4Spades.
P1 HAND: 7Diamonds, KDiamonds, JDiamonds, 2Diamonds, KClubs, 4Clubs, 7Hearts, JHearts, 2Hearts, 3Spades.
P2 HAND: 6Diamonds, 5Diamonds, 3Diamonds, AClubs, JClubs, 6Clubs, KHearts, 6Hearts, 6Spades, 2Spades.
P3 HAND: ADiamonds, QDiamonds, 7Clubs, QClubs, AHearts, QHearts, 5Hearts, JSpades, QSpades, 5Spades.
P0 3Hearts P1 2Hearts P2 6Hearts P3 AHearts 
P3 ADiamonds P0 4Diamonds P1 7Diamonds P2 3Diamonds 
P3 5Hearts P0 4Hearts P1 7Hearts P2 KHearts 
P1 2Diamonds P2 5Diamonds P3 QDiamonds P0 4Spades 
P0 3Clubs P1 4Clubs P2 AClubs P3 QClubs 
P2 6Diamonds P3 QHearts P0 KSpades P1 JDiamonds 
P0 2Clubs P1 KClubs P2 6Clubs P3 7Clubs 
P3 5Spades P0 7Spades P1 3Spades P2 2Spades 
P0 5Clubs P1 JHearts P2 JClubs P3 QSpades 
P3 JSpades P0 ASpades P1 KDiamonds P2 6Spades 
-- /GAME --
P0 HAND: 7Diamonds, JDiamonds, 2Diamonds, AClubs, 6Hearts, 3Hearts, ASpades, QSpades, 6Spades, 3Spades.
P1 HAND: 6Diamonds, 5Diamonds, 4Clubs, 3Clubs, 2Clubs, KHearts, JHearts, QHearts, 5Spades, 2Spades.
P2 HAND: ADiamonds, 4Diamonds, KClubs, 6Clubs, AHearts, 7Hearts, 4Hearts, 2Hearts, 7Spades, KSpades.
P3 HAND: KDiamonds, QDiamonds, 3Diamonds, 7Clubs, JClubs, QClubs, 5Clubs, 5Hearts, JSpades, 4Spades.
P3 4Spades P0 ASpades P1 2Spades P2 7Spades 
P0 AClubs P1 2Clubs P2 KClubs P3 5Clubs 
P0 3Hearts P1 QHearts P2 AHearts P3 5Hearts 
P2 2Hearts P3 QClubs P0 6Hearts P1 KHearts 
P1 3Clubs P2 6Clubs P3 JClubs P0 JDiamonds 
P0 QSpades P1 5Spades P2 KSpades P3 JSpades 
P2 4Hearts P3 3Diamonds P0 6Spades P1 JHearts 
P3 QDiamonds P0 7Diamonds P1 5Diamonds P2 4Diamonds 
P0 3Spades P1 4Clubs P2 ADiamonds P3 7Clubs 
P2 7Hearts P3 KDiamonds P0 2Diamonds P1 6Diamonds 
-- /GAME --
P0 HAND: 7Diamonds, 6Diamonds, 4Diamonds, QClubs, 4Clubs, QHearts, 4Hearts, 3Hearts, 6Spades, 3Spades.
P1 HAND: ADiamonds, KDiamonds, 2Diamonds, 3Clubs, 2Clubs, JHearts, 6Hearts, 5Hearts, 2Hearts, 4Spades.
P2 HAND: QDiamonds, 7Clubs, AHearts, KHearts, ASpades, 7Spades, KSpades, JSpades, QSpades, 2Spades.
P3 HAND: JDiamonds, 5Diamonds, 3Diamonds, AClubs, KClubs, JClubs, 6Clubs, 5Clubs, 7Hearts, 5Spades.
P2 AHearts P3 7Hearts P0 QHearts P1 2Hearts 
P2 2Spades P3 5Spades P0 6Spades P1 4Spades 
P0 4Diamonds P1 ADiamonds P2 QDiamonds P3 JDiamonds 
P1 2Diamonds P2 QSpades P3 3Diamonds P0 7Diamonds 
P0 3Spades P1 5Hearts P2 JSpades P3 5Diamonds 
P2 7Clubs P3 AClubs P0 4Clubs P1 2Clubs 
P3 5Clubs P0 QClubs P1 3Clubs P2 ASpades 
P0 6Diamonds P1 KDiamonds P2 KHearts P3 6Clubs 
P3 JClubs P0 4Hearts P1 6Hearts P2 KSpades 
P3 KClubs P0 3Hearts P1 JHearts P2 7Spades 
-- /GAME --
P0 HAND: QDiamonds, 6Diamonds, AClubs, QClubs, 4Clubs, 7Hearts, JHearts, 5Hearts, ASpades, KSpades.
P1 HAND: 7Clubs, 5Clubs, 3Clubs, 2Clubs, AHearts, 4Hearts, 2Hearts, 7Spades, 6Spades, 5Spades.
P2 HAND: ADiamonds, KDiamonds, 4Diamonds, 3Diamonds, 2Diamonds, KClubs, JClubs, KHearts, QSpades, 3Spades.
P3 HAND: 7Diamonds, JDiamonds, 5Diamonds, 6Clubs, QHearts, 6Hearts, 3Hearts, JSpades, 4Spades, 2Spades.
P1 AHearts P2 KHearts P3 QHearts P0 5Hearts 
P1 2Hearts P2 2Diamonds P3 3Hearts P0 7Hearts 
P0 ASpades P1 5Spades P2 QSpades P3 2Spades 
P0 KSpades P1 6Spades P2 3Spades P3 4Spades 
P0 6Diamonds P1 4Hearts P2 ADiamonds P3 5Diamonds 
P2 3Diamonds P3 JDiamonds P0 QDiamonds P1 7Spades 
P3 6Hearts P0 JHearts P1 2Clubs P2 4Diamonds 
P1 3Clubs P2 JClubs P3 6Clubs P0 QClubs 
P2 KClubs P3 JSpades P0 4Clubs P1 7Clubs 
P1 5Clubs P2 KDiamonds P3 7Diamonds P0 AClubs 
-- /GAME --
P0 HAND: KDiamonds, JDiamonds, 3Diamonds, JClubs, 2Clubs, AHearts, 7Hearts, 5Spades, 4Spades, 3Spades.
P1 HAND: 7Diamonds, 6Diamonds, 4Diamonds, KClubs, JHearts, QHearts, 6Hearts, ASpades, 7Spades, KSpades.
P2 HAND: 5Diamonds, 2Diamonds, QClubs, 6Clubs, 3Hearts, 2Hearts, JSpades, QSpades, 6Spades, 2Spades.
P3 HAND: ADiamonds, QDiamonds, AClubs, 7Clubs, 5Clubs, 4Clubs, 3Clubs, KHearts, 5Hearts, 4Hearts.

