-- GAME --
P0 5Hearts P1 QHearts P2 AHearts P3 3Hearts 
P2 2Hearts P3 7Hearts P0 4Hearts P1 KDiamonds 
P3 3Spades P0 ASpades P1 2Spades P2 JSpades 
P0 JHearts P1 4Spades P2 6Hearts P3 2Clubs 
P3 QClubs P0 6Clubs P1 4Clubs P2 3Clubs 
P3 AClubs P0 KClubs P1 JDiamonds P2 5Clubs 
P3 KSpades P0 6Spades P1 5Spades P2 JClubs 
P2 KHearts P3 7Spades P0 7Clubs P1 QSpades 
-- /GAME --
P0 HAND: AClubs, 4Clubs, AHearts, KHearts, 6Hearts, 3Hearts, 2Hearts, ASpades, JSpades, QSpades.
P1 HAND: 7Diamonds, KDiamonds, 3Diamonds, 2Diamonds, 6Clubs, 5Clubs, 7Hearts, JHearts, 4Hearts, 2Spades.
P2 HAND: ADiamonds, JDiamonds, 5Diamonds, 4Diamonds, 3Clubs, QHearts, 5Hearts, 7Spades, 6Spades, 5Spades.
P3 HAND: QDiamonds, 6Diamonds, 7Clubs, KClubs, JClubs, QClubs, 2Clubs, KSpades, 4Spades, 3Spades.
P3 2Clubs P0 AClubs P1 5Clubs P2 3Clubs 
P0 AHearts P1 4Hearts P2 QHearts P3 6Diamonds 
P3 3Spades P0 ASpades P1 2Spades P2 7Spades 
P0 2Hearts P1 7Hearts P2 5Hearts P3 7Clubs 
P1 6Clubs P2 5Spades P3 QClubs P0 4Clubs 
P3 4Spades P0 JSpades P1 2Diamonds P2 6Spades 
P1 JHearts P2 4Diamonds P3 QDiamonds P0 3Hearts 
P3 JClubs P0 QSpades P1 3Diamonds P2 5Diamonds 
P2 JDiamonds P3 KClubs P0 KHearts P1 KDiamonds 
P1 7Diamonds P2 ADiamonds P3 KSpades P0 6Hearts 
-- /GAME --
P0 HAND: 5Diamonds, AClubs, 7Clubs, JClubs, 3Clubs, 5Hearts, 4Hearts, ASpades, QSpades, 4Spades.
P1 HAND: KDiamonds, KClubs, 7Hearts, QHearts, 6Hearts, 3Hearts, 2Hearts, JSpades, 6Spades, 2Spades.
P2 HAND: JDiamonds, QDiamonds, 6Diamonds, 3Diamonds, QClubs, 4Clubs, 2Clubs, JHearts, 5Spades, 3Spades.
P3 HAND: ADiamonds, 7Diamonds, 4Diamonds, 2Diamonds, 6Clubs, 5Clubs, AHearts, KHearts, 7Spades, KSpades.
P2 2Clubs P3 5Clubs P0 7Clubs P1 KClubs 
P0 ASpades P1 2Spades P2 5Spades P3 KSpades 
P0 4Hearts P1 2Hearts P2 JHearts P3 AHearts 
P3 6Clubs P0 3Clubs P1 3Hearts P2 QClubs 
P2 3Spades P3 7Spades P0 QSpades P1 JSpades 
P3 2Diamonds P0 5Diamonds P1 KDiamonds P2 3Diamonds 
P1 6Hearts P2 4Clubs P3 KHearts P0 5Hearts 
P3 4Diamonds P0 4Spades P1 6Spades P2 6Diamonds 
P2 QDiamonds P3 7Diamonds P0 JClubs P1 7Hearts 
P3 ADiamonds P0 AClubs P1 QHearts P2 JDiamonds 
-- /GAME --
P0 HAND: KDiamonds, 6Diamonds, 7Clubs, 7Hearts, KHearts, 6Hearts, 3Hearts, ASpades, 5Spades, 4Spades.
P1 HAND: QDiamonds, 4Diamonds, 2Diamonds, AClubs, JClubs, 5Clubs, 3Clubs, JHearts, 2Hearts, 3Spades.
P2 HAND: 7Diamonds, 5Diamonds, 3Diamonds, QClubs, 6Clubs, 4Clubs, 7Spades, KSpades, JSpades, QSpades.
P3 HAND: ADiamonds, JDiamonds, KClubs, 2Clubs, AHearts, QHearts, 5Hearts, 4Hearts, 6Spades, 2Spades.
P1 AClubs P2 4Clubs P3 KClubs P0 7Clubs 
P1 2Diamonds P2 3Diamonds P3 ADiamonds P0 6Diamonds 
P3 2Clubs P0 KDiamonds P1 JClubs P2 6Clubs 
P1 3Clubs P2 QClubs P3 2Spades 
