-- GAME --
P0 HAND: QDiamonds, 2Diamonds, QClubs, 2Clubs, AHearts, ASpades, 7Spades, KSpades, JSpades, 4Spades.
P1 HAND: ADiamonds, 7Diamonds, KDiamonds, 4Diamonds, 7Clubs, KClubs, 4Clubs, 7Hearts, QHearts, 4Hearts.
P2 HAND: JDiamonds, 5Diamonds, 6Clubs, 3Clubs, JHearts, 6Hearts, 3Hearts, 5Spades, 3Spades, 2Spades.
P3 HAND: 6Diamonds, 3Diamonds, AClubs, JClubs, 5Clubs, KHearts, 5Hearts, 2Hearts, QSpades, 6Spades.
P0 AHearts P1 4Hearts P2 JHearts P3 2Hearts 
P0 2Diamonds P1 ADiamonds P2 5Diamonds P3 6Diamonds 
P1 4Diamonds P2 JDiamonds P3 3Diamonds P0 QDiamonds 
P2 3Clubs P3 AClubs P0 2Clubs P1 7Clubs 
P3 5Clubs P0 QClubs P1 KClubs P2 6Clubs 
P1 4Clubs P2 3Hearts P3 JClubs P0 4Spades 
P0 JSpades P1 QHearts P2 2Spades P3 6Spades 
P0 KSpades P1 KDiamonds P2 3Spades P3 QSpades 
P0 7Spades P1 7Diamonds P2 5Spades P3 5Hearts 
P0 ASpades P1 7Hearts P2 6Hearts P3 KHearts 
-- /GAME --
P0 HAND: ADiamonds, 7Diamonds, 4Diamonds, JClubs, QClubs, 6Clubs, 7Hearts, 3Hearts, QSpades, 3Spades.
P1 HAND: JDiamonds, 3Diamonds, 7Clubs, KClubs, KHearts, JHearts, QHearts, JSpades, 6Spades, 2Spades.
P2 HAND: QDiamonds, 5Diamonds, AClubs, 3Clubs, 2Clubs, 6Hearts, ASpades, KSpades, 5Spades, 4Spades.
P3 HAND: KDiamonds, 6Diamonds, 2Diamonds, 5Clubs, 4Clubs, AHearts, 5Hearts, 4Hearts, 2Hearts, 7Spades.
P3 AHearts P0 3Hearts P1 KHearts P2 6Hearts 
P3 2Diamonds P0 ADiamonds P1 3Diamonds P2 QDiamonds 
P0 7Hearts P1 QHearts P2 ASpades P3 2Hearts 
P0 7Diamonds P1 JDiamonds P2 5Diamonds P3 6Diamonds 
P0 4Diamonds P1 2Spades P2 4Spades P3 KDiamonds 
P3 7Spades P0 3Spades P1 JSpades P2 5Spades 
P3 4Hearts P0 6Clubs P1 JHearts P2 KSpades 
P0 QSpades P1 6Spades P2 2Clubs P3 5Hearts 
P2 3Clubs P3 4Clubs P0 QClubs P1 KClubs 
P1 7Clubs P2 AClubs P3 5Clubs P0 JClubs 
-- /GAME --
P0 HAND: ADiamonds, 5Diamonds, 7Clubs, QClubs, 3Clubs, AHearts, KHearts, QHearts, 7Spades, 6Spades.
P1 HAND: 7Diamonds, QDiamonds, 6Diamonds, 4Diamonds, AClubs, JClubs, 5Clubs, 4Clubs, 3Hearts, KSpades.
P2 HAND: 3Diamonds, 2Diamonds, KClubs, 7Hearts, 6Hearts, 5Hearts, 4Hearts, JSpades, 5Spades, 4Spades.
P3 HAND: KDiamonds, JDiamonds, 6Clubs, 2Clubs, JHearts, 2Hearts, ASpades, QSpades, 3Spades, 2Spades.
P2 4Hearts P3 2Hearts P0 AHearts P1 3Hearts 
P0 3Clubs P1 AClubs P2 KClubs P3 6Clubs 
P1 4Clubs P2 4Spades P3 2Clubs P0 7Clubs 
P0 6Spades P1 KSpades P2 5Spades P3 ASpades 
P3 2Spades P0 7Spades P1 4Diamonds P2 JSpades 
P1 5Clubs P2 5Hearts P3 3Spades P0 QClubs 
P0 QHearts P1 6Diamonds P2 6Hearts P3 JHearts 
P1 JClubs P2 2Diamonds P3 QSpades P0 KHearts 
P2 3Diamonds P3 JDiamonds P0 5Diamonds P1 QDiamonds 
P3 KDiamonds P0 ADiamonds P1 7Diamonds P2 7Hearts 
-- /GAME --
P0 HAND: ADiamonds, JDiamonds, QClubs, 5Clubs, 7Hearts, 6Hearts, 5Hearts, KSpades, 5Spades, 3Spades.
P1 HAND: KDiamonds, QDiamonds, 6Diamonds, 4Diamonds, AClubs, JClubs, AHearts, 2Hearts, ASpades, 6Spades.
P2 HAND: 5Diamonds, 3Diamonds, 2Diamonds, KClubs, 3Clubs, 2Clubs, JHearts, QHearts, QSpades, 2Spades.
P3 HAND: 7Diamonds, 7Clubs, 6Clubs, 4Clubs, KHearts, 4Hearts, 3Hearts, 7Spades, JSpades, 4Spades.
P1 AClubs P2 2Clubs P3 7Clubs P0 5Clubs 
P1 AHearts P2 QHearts P3 KHearts P0 5Hearts 
P1 ASpades P2 2Spades P3 7Spades P0 3Spades 
P1 2Hearts P2 JHearts P3 3Hearts P0 7Hearts 
P0 6Hearts P1 6Spades P2 3Clubs P3 4Hearts 
P0 5Spades P1 4Diamonds P2 QSpades P3 JSpades 
P1 JClubs P2 KClubs P3 4Clubs P0 QClubs 
P2 2Diamonds P3 7Diamonds P0 ADiamonds P1 6Diamonds 
P0 JDiamonds P1 QDiamonds P2 3Diamonds P3 4Spades 
P0 KSpades P1 KDiamonds P2 5Diamonds P3 6Clubs 
-- /GAME --
P0 HAND: ADiamonds, 5Diamonds, 4Diamonds, AClubs, 3Clubs, 2Hearts, ASpades, QSpades, 6Spades, 5Spades.
P1 HAND: 7Diamonds, KClubs, JClubs, QClubs, 5Clubs, 2Clubs, KHearts, 5Hearts, 4Hearts, KSpades.
P2 HAND: JDiamonds, 3Diamonds, 4Clubs, 7Hearts, JHearts, QHearts, 6Hearts, 3Hearts, 7Spades, 2Spades.
P3 HAND: KDiamonds, QDiamonds, 6Diamonds, 2Diamonds, 7Clubs, 6Clubs, AHearts, JSpades, 4Spades, 3Spades.
P0 AClubs P1 2Clubs P2 4Clubs P3 6Clubs 
P0 ASpades P1 KSpades P2 7Spades P3 3Spades 
P0 2Hearts P1 4Hearts P2 3Hearts P3 AHearts 
P3 4Spades P0 5Spades P1 5Clubs P2 2Spades 
P0 3Clubs P1 QClubs P2 6Hearts P3 7Clubs 
P3 JSpades P0 6Spades P1 5Hearts P2 QHearts 
P3 2Diamonds P0 4Diamonds P1 7Diamonds P2 3Diamonds 
P1 JClubs P2 JDiamonds P3 KDiamonds P0 QSpades 
P3 6Diamonds P0 5Diamonds P1 KClubs P2 JHearts 
P3 QDiamonds P0 ADiamonds P1 KHearts P2 7Hearts 
-- /GAME --
P0 HAND: ADiamonds, JDiamonds, 6Diamonds, 6Clubs, KHearts, 6Hearts, 5Hearts, KSpades, QSpades, 6Spades.
P1 HAND: 7Diamonds, QDiamonds, 7Clubs, KClubs, JClubs, JHearts, QHearts, 2Hearts, 7Spades, JSpades.
P2 HAND: 5Diamonds, 4Diamonds, QClubs, 5Clubs, AHearts, 7Hearts, 4Hearts, 3Hearts, 4Spades, 2Spades.
P3 HAND: KDiamonds, 3Diamonds, 2Diamonds, AClubs, 4Clubs, 3Clubs, 2Clubs, ASpades, 5Spades, 3Spades.
P3 AClubs P0 6Clubs P1 7Clubs P2 5Clubs 
P3 ASpades P0 6Spades P1 7Spades P2 2Spades 
P3 2Diamonds P0 ADiamonds P1 QDiamonds P2 5Diamonds 
P0 6Diamonds P1 7Diamonds P2 4Diamonds P3 KDiamonds 
P1 JClubs P2 QClubs P3 2Clubs P0 5Hearts 
P0 JDiamonds P1 2Hearts P2 4Spades P3 3Diamonds 
P1 JSpades P2 3Hearts P3 3Spades P0 KSpades 
P2 4Hearts P3 3Clubs P0 6Hearts P1 QHearts 
P1 JHearts P2 7Hearts P3 4Clubs P0 KHearts 
P2 AHearts P3 5Spades P0 QSpades P1 KClubs 
-- /GAME --
P0 HAND: AClubs, 4Clubs, 5Hearts, 4Hearts, KSpades, JSpades, QSpades, 6Spades, 4Spades, 2Spades.
P1 HAND: KDiamonds, 7Clubs, QClubs, 6Clubs, 3Clubs, 2Clubs, AHearts, ASpades, 7Spades, 5Spades.
P2 HAND: ADiamonds, 6Diamonds, 5Diamonds, 2Diamonds, JClubs, 5Clubs, 7Hearts, JHearts, 6Hearts, 2Hearts.
P3 HAND: 7Diamonds, JDiamonds, QDiamonds, 4Diamonds, 3Diamonds, KClubs, KHearts, QHearts, 3Hearts, 3Spades.

