-- GAME --
P0 HAND: 7Diamonds, 6Diamonds, AClubs, AHearts, JHearts, QHearts, 6Hearts, 5Hearts, 6Spades, 4Spades.
P1 HAND: JDiamonds, 4Diamonds, 3Diamonds, 7Clubs, KClubs, 7Hearts, 4Hearts, 3Hearts, 5Spades, 3Spades.
P2 HAND: ADiamonds, KDiamonds, 6Clubs, 2Clubs, KHearts, 2Hearts, ASpades, 7Spades, QSpades, 2Spades.
P3 HAND: QDiamonds, 5Diamonds, 2Diamonds, JClubs, QClubs, 5Clubs, 4Clubs, 3Clubs, KSpades, JSpades.
P0 AClubs P1 KClubs P2 6Clubs P3 3Clubs 
P0 AHearts P1 3Hearts P2 KHearts P3 JSpades 
P3 2Diamonds P0 6Diamonds P1 3Diamonds P2 ADiamonds 
P2 2Clubs P3 4Clubs P0 5Hearts P1 7Clubs 
P1 4Diamonds P2 KDiamonds P3 5Diamonds P0 7Diamonds 
P0 4Spades P1 3Spades P2 2Spades P3 KSpades 
P3 5Clubs P0 JHearts P1 4Hearts P2 2Hearts 
P3 QDiamonds P0 6Hearts P1 JDiamonds P2 QSpades 
P2 7Spades P3 QClubs P0 6Spades P1 5Spades 
P2 ASpades P3 JClubs P0 QHearts P1 7Hearts 
-- /GAME --
P0 HAND: 7Diamonds, 3Diamonds, AClubs, JClubs, 5Clubs, KHearts, QHearts, 6Hearts, 2Hearts, 3Spades.
P1 HAND: ADiamonds, KDiamonds, JDiamonds, QDiamonds, 2Diamonds, ASpades, 7Spades, QSpades, 6Spades, 4Spades.
P2 HAND: 6Diamonds, 7Clubs, 3Clubs, 2Clubs, AHearts, JHearts, 5Hearts, 4Hearts, 3Hearts, 5Spades.
P3 HAND: 5Diamonds, 4Diamonds, KClubs, QClubs, 6Clubs, 4Clubs, 7Hearts, KSpades, JSpades, 2Spades.
P3 2Spades P0 3Spades P1 ASpades P2 5Spades 
P1 2Diamonds P2 6Diamonds P3 4Diamonds P0 3Diamonds 
P2 2Clubs P3 4Clubs P0 5Clubs P1 4Spades 
P0 6Hearts P1 6Spades P2 3Hearts P3 7Hearts 
P3 5Diamonds P0 7Diamonds P1 QDiamonds P2 7Clubs 
P0 2Hearts P1 QSpades P2 4Hearts P3 6Clubs 
P2 3Clubs P3 QClubs P0 JClubs P1 JDiamonds 
P0 AClubs P1 KDiamonds P2 5Hearts P3 KClubs 
P2 JHearts P3 JSpades P0 KHearts P1 7Spades 
P0 QHearts P1 ADiamonds P2 AHearts P3 KSpades 
-- /GAME --
P0 HAND: ADiamonds, 5Diamonds, 3Diamonds, QClubs, 7Hearts, JHearts, QHearts, JSpades, QSpades, 6Spades.
P1 HAND: 4Diamonds, 2Diamonds, 6Clubs, 3Clubs, AHearts, 5Hearts, 2Hearts, ASpades, 3Spades, 2Spades.
P2 HAND: 6Diamonds, AClubs, KClubs, 5Clubs, 4Clubs, 2Clubs, 6Hearts, 4Hearts, 3Hearts, 7Spades.
P3 HAND: 7Diamonds, KDiamonds, JDiamonds, QDiamonds, 7Clubs, JClubs, KHearts, KSpades, 5Spades, 4Spades.
P2 2Clubs P3 JClubs P0 QClubs P1 6Clubs 
P3 QDiamonds P0 3Diamonds P1 2Diamonds P2 6Diamonds 
P3 JDiamonds P0 ADiamonds P1 4Diamonds P2 AClubs 
P0 JSpades P1 2Spades P2 7Spades P3 4Spades 
P2 3Hearts P3 KHearts P0 QHearts P1 AHearts 
P1 2Hearts P2 4Hearts P3 5Spades P0 JHearts 
P3 KSpades P0 6Spades P1 3Spades P2 4Clubs 
P3 KDiamonds P0 5Diamonds P1 3Clubs P2 5Clubs 
P3 7Diamonds P0 QSpades P1 ASpades P2 6Hearts 
P1 5Hearts P2 KClubs P3 7Clubs P0 7Hearts 
-- /GAME --
P0 HAND: JDiamonds, 6Diamonds, 3Diamonds, 7Clubs, KHearts, JHearts, 3Hearts, ASpades, 5Spades, 2Spades.
P1 HAND: 7Diamonds, QDiamonds, 5Diamonds, AClubs, KClubs, 5Clubs, 7Spades, QSpades, 6Spades, 4Spades.
P2 HAND: ADiamonds, 2Diamonds, JClubs, QClubs, 2Clubs, QHearts, 5Hearts, KSpades, JSpades, 3Spades.
P3 HAND: KDiamonds, 4Diamonds, 6Clubs, 4Clubs, 3Clubs, AHearts, 7Hearts, 6Hearts, 4Hearts, 2Hearts.
P3 2Hearts 
