-- GAME --
P0 HAND: ADiamonds, JDiamonds, 5Diamonds, 2Diamonds, KClubs, JClubs, 2Clubs, 7Spades, 6Spades, 4Spades.
P1 HAND: QDiamonds, 6Diamonds, 4Diamonds, AClubs, QClubs, JHearts, QHearts, 2Hearts, ASpades, JSpades.
P2 HAND: 3Diamonds, 7Clubs, 5Clubs, AHearts, 7Hearts, 5Hearts, 4Hearts, KSpades, QSpades, 3Spades.
P3 HAND: 7Diamonds, KDiamonds, 6Clubs, 4Clubs, 3Clubs, KHearts, 6Hearts, 3Hearts, 5Spades, 2Spades.
P0 2Diamonds P1 4Diamonds P2 3Diamonds P3 KDiamonds 
P3 2Spades P0 6Spades P1 ASpades P2 3Spades 
P1 AClubs P2 5Clubs P3 6Clubs P0 2Clubs 
P1 2Hearts P2 AHearts P3 3Hearts P0 7Spades 
P2 4Hearts P3 6Hearts P0 4Spades P1 JHearts 
P1 QClubs P2 7Clubs P3 3Clubs P0 KClubs 
P2 5Hearts P3 KHearts P0 5Diamonds P1 QHearts 
P0 JClubs P1 6Diamonds P2 QSpades P3 4Clubs 
P1 JSpades P2 KSpades P3 5Spades P0 JDiamonds 
P0 ADiamonds P1 QDiamonds P2 7Hearts P3 7Diamonds 
-- /GAME --
P0 HAND: 7Diamonds, KDiamonds, JDiamonds, 7Clubs, 6Clubs, JHearts, 3Hearts, JSpades, 5Spades, 3Spades.
P1 HAND: ADiamonds, 6Diamonds, 4Diamonds, 2Diamonds, AClubs, 4Clubs, 6Hearts, 5Hearts, KSpades, 6Spades.
P2 HAND: QDiamonds, 3Diamonds, JClubs, QClubs, 2Clubs, AHearts, 7Hearts, ASpades, 4Spades, 2Spades.
P3 HAND: 5Diamonds, KClubs, 5Clubs, 3Clubs, KHearts, QHearts, 4Hearts, 2Hearts, 7Spades, QSpades.
P3 2Hearts 
