-- GAME --
P0 AHearts P1 2Hearts P2 6Hearts P3 3Hearts 
P0 4Clubs P1 AClubs P2 3Clubs P3 ASpades 
P1 2Spades P2 4Spades P3 3Spades P0 7Spades 
P0 KSpades P1 JSpades P2 KClubs P3 5Spades 
P0 6Spades P1 6Clubs P2 5Clubs P3 QSpades 
P3 JHearts P0 7Hearts P1 QHearts P2 QClubs 
P0 5Hearts P1 5Diamonds P2 2Diamonds P3 KHearts 
P1 JClubs P2 4Diamonds P3 3Diamonds P0 2Clubs 
P2 6Diamonds P3 KDiamonds P0 ADiamonds P1 JDiamonds 
P0 4Hearts P1 7Clubs P2 QDiamonds P3 7Diamonds 
-- /GAME --
P0 HAND: 5Diamonds, 7Clubs, JClubs, QClubs, 3Clubs, JHearts, 4Hearts, 7Spades, 5Spades, 3Spades.
P1 HAND: ADiamonds, 7Diamonds, KDiamonds, 6Diamonds, 4Diamonds, AHearts, KHearts, ASpades, QSpades, 4Spades.
P2 HAND: QDiamonds, 2Diamonds, AClubs, KClubs, 2Clubs, 6Hearts, 5Hearts, 2Hearts, KSpades, 2Spades.
P3 HAND: JDiamonds, 3Diamonds, 6Clubs, 5Clubs, 4Clubs, 7Hearts, QHearts, 3Hearts, JSpades, 6Spades.
P3 3Diamonds P0 5Diamonds P1 ADiamonds P2 2Diamonds 
P1 ASpades P2 2Spades P3 JSpades P0 3Spades 
P1 4Diamonds P2 QDiamonds P3 JDiamonds P0 JHearts 
P0 7Spades P1 4Spades P2 KSpades P3 6Spades 
P0 5Spades P1 QSpades P2 2Clubs P3 6Clubs 
P1 6Diamonds P2 2Hearts P3 4Clubs P0 7Clubs 
P2 5Hearts P3 3Hearts P0 4Hearts P1 KHearts 
P1 AHearts P2 6Hearts P3 QHearts P0 3Clubs 
P1 KDiamonds P2 KClubs P3 7Hearts P0 QClubs 
P3 5Clubs P0 JClubs P1 7Diamonds P2 AClubs 
-- /GAME --
P0 HAND: 6Diamonds, KClubs, JClubs, 6Clubs, 4Clubs, AHearts, KHearts, 6Hearts, 4Hearts, 2Hearts.
P1 HAND: 4Diamonds, 2Diamonds, QClubs, 7Hearts, JHearts, 5Hearts, ASpades, 7Spades, KSpades, 2Spades.
P2 HAND: ADiamonds, 7Diamonds, 5Diamonds, 7Clubs, 5Clubs, 2Clubs, 3Hearts, 6Spades, 5Spades, 4Spades.
P3 HAND: KDiamonds, JDiamonds, QDiamonds, 3Diamonds, AClubs, 3Clubs, QHearts, JSpades, QSpades, 3Spades.
P2 ADiamonds P3 3Diamonds P0 6Diamonds P1 2Diamonds 
P2 2Clubs P3 AClubs P0 4Clubs P1 QClubs 
P3 3Clubs P0 KClubs P1 4Diamonds P2 7Clubs 
P2 3Hearts P3 QHearts P0 AHearts P1 5Hearts 
P0 JClubs P1 2Spades P2 5Clubs P3 KDiamonds 
P1 JHearts P2 5Diamonds P3 QDiamonds P0 KHearts 
P0 6Hearts P1 7Hearts P2 4Spades P3 QSpades 
P3 JDiamonds P0 6Clubs P1 KSpades P2 7Diamonds 
P1 7Spades P2 5Spades P3 3Spades P0 4Hearts 
P1 ASpades P2 6Spades P3 JSpades P0 2Hearts 
-- /GAME --
P0 HAND: JDiamonds, 4Diamonds, AClubs, KClubs, 5Clubs, 4Clubs, 5Hearts, 3Hearts, 6Spades, 5Spades.
P1 HAND: ADiamonds, 7Diamonds, 6Diamonds, 7Clubs, QClubs, KHearts, 7Spades, JSpades, QSpades, 3Spades.
P2 HAND: 5Diamonds, 2Diamonds, 6Clubs, 3Clubs, 2Clubs, AHearts, 4Hearts, KSpades, 4Spades, 2Spades.
P3 HAND: KDiamonds, QDiamonds, 3Diamonds, JClubs, 7Hearts, JHearts, QHearts, 6Hearts, 2Hearts, ASpades.
P1 3Spades P2 2Spades P3 ASpades P0 5Spades 
P3 2Hearts P0 5Hearts P1 KHearts P2 AHearts 
P2 2Clubs P3 JClubs P0 AClubs P1 QClubs 
P0 KClubs P1 7Clubs P2 3Clubs P3 7Hearts 
P1 QSpades P2 4Spades P3 6Hearts P0 6Spades 
P1 JSpades P2 KSpades P3 3Diamonds P0 JDiamonds 
P0 3Hearts P1 6Diamonds P2 4Hearts P3 JHearts 
P1 7Diamonds P2 2Diamonds P3 QDiamonds P0 4Diamonds 
P1 ADiamonds P2 5Diamonds P3 KDiamonds P0 4Clubs 
P1 7Spades P2 6Clubs P3 QHearts P0 5Clubs 
-- /GAME --
P0 HAND: KDiamonds, 5Diamonds, 4Diamonds, AClubs, 5Clubs, 3Clubs, KHearts, QHearts, 6Hearts, QSpades.
P1 HAND: 6Diamonds, JClubs, QClubs, 4Clubs, JHearts, 2Hearts, ASpades, 7Spades, 5Spades, 3Spades.
P2 HAND: ADiamonds, JDiamonds, KClubs, 6Clubs, AHearts, 5Hearts, 4Hearts, 3Hearts, KSpades, 4Spades.
P3 HAND: 7Diamonds, QDiamonds, 3Diamonds, 2Diamonds, 7Clubs, 2Clubs, 7Hearts, JSpades, 6Spades, 2Spades.

