-- GAME --
P0 HAND: KDiamonds, 5Diamonds, 4Diamonds, AClubs, 7Clubs, 5Clubs, AHearts, 6Hearts, 3Hearts, 6Spades.
P1 HAND: QDiamonds, 6Diamonds, 3Diamonds, 6Clubs, 4Clubs, 3Clubs, 5Hearts, 7Spades, QSpades, 3Spades.
P2 HAND: JDiamonds, JClubs, QHearts, 4Hearts, 2Hearts, ASpades, JSpades, 5Spades, 4Spades, 2Spades.
P3 HAND: ADiamonds, 7Diamonds, 2Diamonds, KClubs, QClubs, 2Clubs, 7Hearts, KHearts, JHearts, KSpades.
P0 AClubs P1 3Clubs P2 JClubs P3 2Clubs 
P0 7Clubs P1 4Clubs P2 ASpades P3 QClubs 
P0 6Spades P1 7Spades P2 2Spades P3 KSpades 
P1 3Diamonds P2 JDiamonds P3 ADiamonds P0 4Diamonds 
P3 2Diamonds P0 5Diamonds P1 6Diamonds P2 4Spades 
P1 3Spades P2 5Spades P3 JHearts P0 5Clubs 
P3 KHearts P0 3Hearts P1 5Hearts P2 2Hearts 
P3 7Hearts P0 AHearts P1 6Clubs P2 4Hearts 
P0 6Hearts P1 QDiamonds P2 QHearts P3 KClubs 
P2 JSpades P3 7Diamonds P0 KDiamonds P1 QSpades 
-- /GAME --
P0 HAND: JDiamonds, 5Diamonds, 2Diamonds, AClubs, 5Clubs, AHearts, KHearts, 2Hearts, QSpades, 5Spades.
P1 HAND: ADiamonds, 7Diamonds, KDiamonds, QClubs, 6Clubs, 4Clubs, 3Hearts, 6Spades, 4Spades, 2Spades.
P2 HAND: QDiamonds, 6Diamonds, 7Clubs, KClubs, 2Clubs, 7Hearts, JHearts, 5Hearts, 4Hearts, 3Spades.
P3 HAND: 4Diamonds, 3Diamonds, JClubs, 3Clubs, QHearts, 6Hearts, ASpades, 7Spades, KSpades, JSpades.
P3 ASpades P0 5Spades P1 6Spades P2 3Spades 
P3 3Diamonds P0 2Diamonds P1 ADiamonds P2 6Diamonds 
P1 2Spades P2 2Clubs P3 7Spades P0 QSpades 
P3 3Clubs P0 AClubs P1 4Clubs P2 7Clubs 
P0 5Clubs P1 6Clubs P2 KClubs P3 JClubs 
P2 QDiamonds P3 4Diamonds P0 JDiamonds P1 7Diamonds 
P1 4Spades P2 4Hearts P3 JSpades P0 5Diamonds 
P2 5Hearts P3 6Hearts P0 2Hearts P1 3Hearts 
P3 QHearts P0 KHearts P1 QClubs P2 JHearts 
P0 AHearts P1 KDiamonds P2 7Hearts P3 KSpades 
-- /GAME --
P0 HAND: 6Diamonds, 7Clubs, 5Clubs, 4Clubs, 2Clubs, AHearts, 7Hearts, JHearts, 5Hearts, 3Hearts.
P1 HAND: 3Diamonds, AClubs, JClubs, 6Clubs, QHearts, 6Hearts, 4Hearts, 2Hearts, ASpades, 3Spades.
P2 HAND: 7Diamonds, QDiamonds, 4Diamonds, 2Diamonds, 3Clubs, KSpades, JSpades, QSpades, 5Spades, 2Spades.
P3 HAND: ADiamonds, KDiamonds, JDiamonds, 5Diamonds, KClubs, QClubs, KHearts, 7Spades, 6Spades, 4Spades.
P2 2Diamonds P3 ADiamonds P0 6Diamonds P1 3Diamonds 
P3 4Spades P0 3Hearts P1 ASpades P2 2Spades 
P1 2Hearts P2 4Diamonds P3 KHearts P0 AHearts 
P0 7Hearts P1 4Hearts P2 7Diamonds P3 QClubs 
P3 5Diamonds P0 5Hearts P1 3Spades P2 QDiamonds 
P2 5Spades P3 6Spades P0 2Clubs P1 6Hearts 
P0 JHearts P1 QHearts P2 3Clubs P3 KClubs 
P3 JDiamonds P0 4Clubs P1 6Clubs P2 QSpades 
P1 JClubs P2 JSpades P3 KDiamonds P0 7Clubs 
P0 5Clubs P1 AClubs P2 KSpades P3 7Spades 
-- /GAME --
P0 HAND: KDiamonds, QDiamonds, 4Diamonds, 7Clubs, JClubs, 5Clubs, 3Clubs, AHearts, 7Hearts, ASpades.
P1 HAND: JDiamonds, QClubs, 6Clubs, 2Clubs, KHearts, 3Hearts, 7Spades, KSpades, QSpades, 3Spades.
P2 HAND: ADiamonds, 6Diamonds, 3Diamonds, AClubs, 4Clubs, JHearts, 4Hearts, JSpades, 5Spades, 4Spades.
P3 HAND: 7Diamonds, 5Diamonds, 2Diamonds, KClubs, QHearts, 6Hearts, 5Hearts, 2Hearts, 6Spades, 2Spades.
P1 3Hearts P2 4Hearts P3 2Hearts P0 AHearts 
P0 7Hearts P1 KHearts P2 JHearts P3 5Hearts 
P0 ASpades P1 3Spades P2 JSpades P3 2Spades 
P0 4Diamonds P1 JDiamonds P2 ADiamonds P3 2Diamonds 
P2 3Diamonds P3 5Diamonds P0 KDiamonds P1 QSpades 
P0 QDiamonds P1 2Clubs P2 6Diamonds P3 7Diamonds 
P1 6Clubs P2 4Clubs P3 KClubs P0 7Clubs 
P0 JClubs P1 QClubs P2 AClubs P3 6Hearts 
P2 4Spades P3 6Spades P0 5Clubs P1 KSpades 
P0 3Clubs P1 7Spades P2 5Spades P3 QHearts 
-- /GAME --
P0 HAND: QDiamonds, 6Diamonds, 4Diamonds, AClubs, KClubs, KHearts, 2Hearts, 7Spades, JSpades, QSpades.
P1 HAND: 7Clubs, 3Clubs, AHearts, 7Hearts, JHearts, 4Hearts, KSpades, 5Spades, 4Spades, 2Spades.
P2 HAND: ADiamonds, 7Diamonds, KDiamonds, 3Diamonds, 6Clubs, 4Clubs, 6Hearts, ASpades, 6Spades, 3Spades.
P3 HAND: JDiamonds, 5Diamonds, 2Diamonds, JClubs, QClubs, 5Clubs, 2Clubs, QHearts, 5Hearts, 3Hearts.
P1 2Spades P2 ASpades 
