-- GAME --
P0 HAND: JDiamonds, 3Diamonds, AClubs, JClubs, 6Clubs, 3Clubs, 6Hearts, 7Spades, 6Spades, 5Spades.
P1 HAND: KDiamonds, 5Diamonds, 4Diamonds, KClubs, 2Clubs, 7Hearts, QHearts, 2Hearts, QSpades, 4Spades.
P2 HAND: 7Clubs, QClubs, 5Clubs, 4Clubs, JHearts, 5Hearts, ASpades, KSpades, JSpades, 2Spades.
P3 HAND: ADiamonds, 7Diamonds, QDiamonds, 6Diamonds, 2Diamonds, AHearts, KHearts, 4Hearts, 3Hearts, 3Spades.
P2 ASpades P3 3Spades P0 7Spades P1 4Spades 
P2 2Spades P3 2Diamonds P0 6Spades P1 QSpades 
P1 2Clubs P2 4Clubs P3 6Diamonds P0 AClubs 
P0 JClubs P1 KClubs P2 5Clubs P3 ADiamonds 
P1 4Diamonds P2 QClubs P3 7Diamonds P0 3Diamonds 
P3 QDiamonds P0 JDiamonds P1 5Diamonds P2 7Clubs 
P0 5Spades P1 2Hearts P2 JSpades P3 3Hearts 
P3 4Hearts P0 6Hearts P1 QHearts P2 5Hearts 
P1 7Hearts P2 JHearts P3 KHearts P0 6Clubs 
P1 KDiamonds P2 KSpades P3 AHearts P0 3Clubs 
-- /GAME --
P0 HAND: ADiamonds, KDiamonds, 7Hearts, 3Hearts, 2Hearts, KSpades, JSpades, QSpades, 4Spades, 2Spades.
P1 HAND: QDiamonds, 5Diamonds, 4Diamonds, 7Clubs, JClubs, QClubs, JHearts, 7Spades, 5Spades, 3Spades.
P2 HAND: 7Diamonds, JDiamonds, AClubs, KClubs, 5Clubs, 3Clubs, AHearts, QHearts, 4Hearts, ASpades.
P3 HAND: 6Diamonds, 3Diamonds, 2Diamonds, 6Clubs, 4Clubs, 2Clubs, KHearts, 6Hearts, 5Hearts, 6Spades.
P1 3Spades P2 ASpades P3 6Spades P0 KSpades 
P2 AClubs P3 2Clubs P0 KDiamonds P1 QClubs 
P2 3Clubs P3 4Clubs P0 3Hearts P1 JClubs 
P0 ADiamonds P1 4Diamonds P2 7Diamonds P3 2Diamonds 
P0 JSpades P1 5Spades P2 5Clubs P3 3Diamonds 
P0 QSpades P1 7Spades P2 4Hearts P3 5Hearts 
P3 6Diamonds P0 2Hearts P1 5Diamonds P2 JDiamonds 
P0 4Spades P1 QDiamonds P2 QHearts P3 6Clubs 
P2 AHearts P3 6Hearts P0 7Hearts P1 JHearts 
P2 KClubs P3 KHearts P0 2Spades P1 7Clubs 
-- /GAME --
P0 HAND: 7Diamonds, 3Diamonds, 2Diamonds, 5Clubs, 7Hearts, KHearts, 6Hearts, 5Hearts, KSpades, 2Spades.
P1 HAND: KDiamonds, 6Diamonds, AClubs, KClubs, 3Clubs, 4Hearts, 2Hearts, ASpades, 5Spades, 4Spades.
P2 HAND: JDiamonds, 7Clubs, JClubs, QClubs, 4Clubs, 2Clubs, AHearts, QHearts, 7Spades, JSpades.
P3 HAND: ADiamonds, QDiamonds, 5Diamonds, 4Diamonds, 6Clubs, JHearts, 3Hearts, QSpades, 6Spades, 3Spades.
P0 2Spades P1 ASpades P2 JSpades P3 QSpades 
P1 AClubs P2 2Clubs P3 6Clubs P0 5Clubs 
P1 3Clubs P2 4Clubs P3 3Spades P0 KSpades 
P2 QClubs P3 4Diamonds P0 5Hearts P1 KClubs 
P0 6Hearts P1 2Hearts P2 QHearts P3 3Hearts 
P2 JDiamonds P3 ADiamonds P0 2Diamonds P1 KDiamonds 
P3 5Diamonds P0 7Diamonds P1 6Diamonds P2 7Clubs 
P0 3Diamonds P1 4Spades P2 AHearts P3 QDiamonds 
P2 JClubs P3 6Spades P0 7Hearts P1 5Spades 
P0 KHearts P1 4Hearts P2 7Spades P3 JHearts 
-- /GAME --
P0 HAND: JDiamonds, JClubs, QClubs, 6Clubs, 5Clubs, 7Hearts, KHearts, JHearts, 5Hearts, 3Spades.
P1 HAND: 7Diamonds, KDiamonds, 4Diamonds, 7Clubs, KClubs, AHearts, QHearts, 2Hearts, JSpades, QSpades.
P2 HAND: 3Diamonds, 2Diamonds, AClubs, 4Clubs, 3Clubs, 3Hearts, ASpades, 5Spades, 4Spades, 2Spades.
P3 HAND: ADiamonds, QDiamonds, 6Diamonds, 5Diamonds, 2Clubs, 6Hearts, 4Hearts, 7Spades, KSpades, 6Spades.
P3 ADiamonds P0 JDiamonds P1 7Diamonds P2 2Diamonds 
P3 2Clubs P0 5Clubs P1 KClubs P2 AClubs 
P2 ASpades P3 6Spades P0 3Spades P1 QSpades 
P2 2Spades P3 KSpades P0 KHearts P1 JSpades 
P0 JClubs P1 7Clubs P2 3Clubs P3 7Spades 
P1 4Diamonds P2 3Diamonds P3 5Diamonds P0 7Hearts 
P0 QClubs P1 2Hearts P2 4Clubs P3 QDiamonds 
P1 QHearts P2 3Hearts P3 4Hearts P0 JHearts 
P0 6Clubs P1 AHearts P2 4Spades P3 6Diamonds 
P1 KDiamonds P2 5Spades P3 6Hearts P0 5Hearts 
-- /GAME --
P0 HAND: ADiamonds, 7Diamonds, JDiamonds, 5Diamonds, 4Clubs, 2Clubs, QHearts, 4Hearts, QSpades, 2Spades.
P1 HAND: KDiamonds, 6Diamonds, JClubs, 6Clubs, 3Clubs, AHearts, KHearts, 5Hearts, ASpades, 5Spades.
P2 HAND: 4Diamonds, 2Diamonds, KClubs, 6Hearts, 3Hearts, 2Hearts, 7Spades, KSpades, JSpades, 6Spades.
P3 HAND: QDiamonds, 3Diamonds, AClubs, 7Clubs, QClubs, 5Clubs, 7Hearts, JHearts, 4Spades, 3Spades.
P2 2Diamonds P3 3Diamonds P0 ADiamonds P1 6Diamonds 
P0 7Diamonds P1 KDiamonds P2 4Diamonds P3 QDiamonds 
P0 JDiamonds P1 3Clubs P2 6Spades P3 3Spades 
P0 4Clubs P1 6Clubs P2 KClubs P3 AClubs 
P3 4Spades P0 QSpades P1 ASpades P2 JSpades 
P1 5Spades P2 KSpades P3 5Clubs P0 2Spades 
P2 2Hearts P3 JHearts P0 4Hearts P1 5Hearts 
P3 QClubs P0 2Clubs P1 JClubs P2 3Hearts 
P2 6Hearts P3 7Hearts P0 QHearts P1 KHearts 
P3 7Clubs P0 5Diamonds P1 AHearts P2 7Spades 
-- /GAME --
P0 HAND: ADiamonds, JDiamonds, 2Diamonds, AClubs, AHearts, 7Hearts, QHearts, 2Hearts, QSpades, 3Spades.
P1 HAND: QDiamonds, 3Diamonds, 7Clubs, 5Clubs, 3Clubs, 2Clubs, 4Hearts, ASpades, 5Spades, 4Spades.
P2 HAND: KDiamonds, QClubs, 6Clubs, 4Clubs, KHearts, JHearts, 6Hearts, 7Spades, KSpades, 6Spades.
P3 HAND: 7Diamonds, 6Diamonds, 5Diamonds, 4Diamonds, KClubs, JClubs, 5Hearts, 3Hearts, JSpades, 2Spades.
P1 2Clubs P2 4Clubs P3 JClubs P0 AClubs 
P0 AHearts P1 4Hearts P2 KHearts P3 3Hearts 
P0 7Hearts P1 4Spades P2 6Hearts P3 5Hearts 
P1 3Diamonds P2 KDiamonds P3 4Diamonds P0 ADiamonds 
P0 JDiamonds P1 QDiamonds P2 6Spades P3 5Diamonds 
P2 6Clubs P3 KClubs P0 QSpades P1 3Clubs 
P0 QHearts P1 5Clubs P2 JHearts P3 2Spades 
P3 6Diamonds P0 2Diamonds P1 5Spades P2 QClubs 
P1 ASpades P2 KSpades P3 JSpades P0 3Spades 
P1 7Clubs P2 7Spades P3 7Diamonds P0 2Hearts 
-- /GAME --
P0 HAND: JDiamonds, 6Diamonds, 4Diamonds, KHearts, 3Hearts, 7Spades, KSpades, JSpades, 6Spades, 2Spades.
P1 HAND: KDiamonds, QDiamonds, AClubs, 7Clubs, 3Clubs, 2Clubs, QHearts, 5Hearts, 2Hearts, 4Spades.
P2 HAND: 7Diamonds, 2Diamonds, KClubs, JClubs, QClubs, 5Clubs, 4Clubs, AHearts, JHearts, QSpades.
P3 HAND: ADiamonds, 5Diamonds, 3Diamonds, 6Clubs, 7Hearts, 6Hearts, 4Hearts, ASpades, 5Spades, 3Spades.
P0 7Spades P1 4Spades P2 QSpades P3 ASpades 
P3 3Spades P0 KSpades P1 2Clubs P2 AHearts 
P0 JSpades P1 2Hearts P2 KClubs P3 5Spades 
P0 3Hearts P1 5Hearts P2 JHearts P3 7Hearts 
P3 4Hearts P0 KHearts P1 QHearts P2 JClubs 
P0 6Spades P1 3Clubs P2 4Clubs P3 6Clubs 
P0 2Spades P1 QDiamonds P2 5Clubs P3 6Hearts 
P1 KDiamonds P2 2Diamonds P3 3Diamonds P0 4Diamonds 
P1 7Clubs P2 QClubs P3 5Diamonds P0 JDiamonds 
P0 6Diamonds P1 AClubs P2 7Diamonds P3 ADiamonds 
-- /GAME --
P0 HAND: 6Diamonds, 4Diamonds, 3Diamonds, KHearts, JHearts, 6Hearts, 3Hearts, ASpades, 4Spades, 2Spades.
P1 HAND: 7Diamonds, QDiamonds, 5Diamonds, AClubs, KClubs, 6Clubs, 5Clubs, 4Hearts, 2Hearts, 7Spades.
P2 HAND: ADiamonds, KDiamonds, JDiamonds, 2Diamonds, 7Clubs, JClubs, 2Clubs, AHearts, 7Hearts, JSpades.
P3 HAND: QClubs, 4Clubs, 3Clubs, QHearts, 5Hearts, KSpades, QSpades, 6Spades, 5Spades, 3Spades.
P2 ADiamonds P3 5Hearts P0 4Diamonds P1 7Diamonds 

