-- GAME --
P0 HAND: KDiamonds, 4Diamonds, JClubs, 2Clubs, JHearts, 5Hearts, 3Hearts, ASpades, 3Spades, 2Spades.
P1 HAND: 7Diamonds, QDiamonds, 5Diamonds, 2Diamonds, 3Clubs, 7Hearts, QHearts, 7Spades, KSpades, 6Spades.
P2 HAND: ADiamonds, 3Diamonds, AClubs, 7Clubs, QClubs, 6Clubs, 5Clubs, 6Hearts, QSpades, 5Spades.
P3 HAND: JDiamonds, 6Diamonds, KClubs, 4Clubs, AHearts, KHearts, 4Hearts, 2Hearts, JSpades, 4Spades.
P1 2Diamonds P2 ADiamonds P3 6Diamonds P0 KDiamonds 
P2 3Diamonds P3 JDiamonds P0 4Diamonds P1 7Diamonds 
P1 3Clubs P2 AClubs P3 4Clubs P0 2Clubs 
P2 5Clubs P3 KClubs P0 JClubs P1 7Spades 
P3 4Spades P0 ASpades P1 6Spades P2 QSpades 
P0 3Spades P1 KSpades P2 5Spades P3 JSpades 
P1 5Diamonds P2 6Clubs P3 2Hearts P0 JHearts 
P0 2Spades P1 QDiamonds P2 QClubs P3 4Hearts 
P3 KHearts P0 5Hearts P1 QHearts P2 6Hearts 
P3 AHearts P0 3Hearts P1 7Hearts P2 7Clubs 
-- /GAME --
P0 HAND: KDiamonds, 5Diamonds, 4Diamonds, JClubs, 2Clubs, QHearts, 6Hearts, 5Hearts, 3Hearts, 2Spades.
P1 HAND: 7Diamonds, 3Diamonds, QClubs, 5Clubs, 4Clubs, AHearts, 7Spades, KSpades, 6Spades, 4Spades.
P2 HAND: JDiamonds, 2Diamonds, AClubs, 7Clubs, KClubs, 3Clubs, JHearts, 4Hearts, ASpades, 5Spades.
P3 HAND: ADiamonds, QDiamonds, 6Diamonds, 6Clubs, 7Hearts, KHearts, 2Hearts, JSpades, QSpades, 3Spades.
P0 KDiamonds P1 3Diamonds P2 2Diamonds P3 ADiamonds 
P3 2Hearts P0 QHearts P1 AHearts P2 4Hearts 
P1 4Spades P2 ASpades P3 3Spades P0 2Spades 
P2 5Spades P3 QSpades P0 5Diamonds P1 7Spades 
P1 6Spades P2 3Clubs P3 JSpades P0 4Diamonds 
P2 JDiamonds P3 6Diamonds P0 6Hearts P1 7Diamonds 
P1 4Clubs P2 KClubs P3 6Clubs P0 JClubs 
P2 JHearts P3 KHearts P0 5Hearts P1 KSpades 
P3 QDiamonds P0 3Hearts P1 5Clubs P2 7Clubs 
P2 AClubs P3 7Hearts P0 2Clubs P1 QClubs 
-- /GAME --
P0 HAND: 2Diamonds, 7Clubs, JClubs, 7Hearts, QHearts, 6Hearts, 5Hearts, 3Hearts, ASpades, 6Spades.
P1 HAND: KClubs, 6Clubs, 5Clubs, 4Hearts, 2Hearts, 7Spades, QSpades, 5Spades, 3Spades, 2Spades.
P2 HAND: ADiamonds, 7Diamonds, 4Diamonds, AClubs, QClubs, 2Clubs, KHearts, JHearts, KSpades, 4Spades.
P3 HAND: KDiamonds, JDiamonds, QDiamonds, 6Diamonds, 5Diamonds, 3Diamonds, 4Clubs, 3Clubs, AHearts, JSpades.
P3 AHearts P0 QHearts P1 4Hearts P2 JHearts 
P3 3Diamonds P0 2Diamonds P1 2Hearts P2 ADiamonds 
P2 AClubs P3 3Clubs P0 JClubs P1 5Clubs 
P2 2Clubs P3 4Clubs P0 7Clubs P1 6Clubs 
P0 7Hearts P1 2Spades P2 KHearts P3 KDiamonds 
P1 3Spades P2 4Spades P3 JSpades P0 ASpades 
P0 5Hearts P1 5Spades P2 4Diamonds P3 JDiamonds 
P1 QSpades P2 KSpades P3 5Diamonds P0 6Spades 
P2 QClubs P3 6Diamonds P0 6Hearts P1 KClubs 
P1 7Spades P2 7Diamonds P3 QDiamonds P0 3Hearts 
-- /GAME --

