-- GAME --
P0 HAND: KDiamonds, QDiamonds, 3Clubs, JHearts, QHearts, 6Hearts, 2Hearts, JSpades, QSpades, 2Spades.
P1 HAND: JDiamonds, 6Diamonds, 7Clubs, KClubs, JClubs, 2Clubs, 7Spades, KSpades, 6Spades, 4Spades.
P2 HAND: 5Diamonds, 3Diamonds, 2Diamonds, AClubs, QClubs, 6Clubs, AHearts, 7Hearts, KHearts, 4Hearts.
P3 HAND: ADiamonds, 7Diamonds, 4Diamonds, 5Clubs, 4Clubs, 5Hearts, 3Hearts, ASpades, 5Spades, 3Spades.
P2 AHearts P3 3Hearts P0 JHearts P1 2Clubs 
P1 4Spades P2 2Diamonds P3 ASpades P0 2Spades 
P3 ADiamonds P0 QDiamonds P1 JDiamonds P2 3Diamonds 
P3 3Spades P0 JSpades P1 6Spades P2 7Hearts 
P0 QSpades P1 KSpades P2 6Clubs P3 5Spades 
P2 4Hearts P3 5Hearts P0 QHearts P1 6Diamonds 
P0 KDiamonds P1 JClubs P2 5Diamonds P3 7Diamonds 
P1 KClubs P2 QClubs P3 4Clubs P0 3Clubs 
P1 7Clubs P2 AClubs P3 5Clubs P0 6Hearts 
P2 KHearts P3 4Diamonds P0 2Hearts P1 7Spades 
-- /GAME --
P0 HAND: ADiamonds, KDiamonds, JDiamonds, QDiamonds, KClubs, 7Hearts, JHearts, QHearts, 7Spades, KSpades.
P1 HAND: 6Diamonds, 5Diamonds, 4Diamonds, 3Clubs, AHearts, 3Hearts, 2Hearts, JSpades, 5Spades, 2Spades.
P2 HAND: 2Diamonds, QClubs, 6Clubs, 5Clubs, 2Clubs, KHearts, 4Hearts, ASpades, 4Spades, 3Spades.
P3 HAND: 7Diamonds, 3Diamonds, AClubs, 7Clubs, JClubs, 4Clubs, 6Hearts, 5Hearts, QSpades, 6Spades.
P1 AHearts P2 4Hearts P3 6Hearts P0 QHearts 
P1 2Hearts P2 KHearts P3 5Hearts P0 7Hearts 
P0 JHearts P1 3Hearts P2 2Clubs P3 4Clubs 
P0 KClubs P1 3Clubs P2 5Clubs P3 AClubs 
P3 6Spades P0 KSpades P1 2Spades P2 ASpades 
P2 3Spades P3 QSpades P0 7Spades P1 5Spades 
P0 ADiamonds P1 4Diamonds P2 2Diamonds P3 3Diamonds 
P0 QDiamonds P1 5Diamonds P2 4Spades P3 7Diamonds 
P3 JClubs P0 JDiamonds P1 JSpades P2 QClubs 
P0 KDiamonds P1 6Diamonds P2 6Clubs P3 7Clubs 
-- /GAME --
P0 HAND: JDiamonds, 5Clubs, 4Clubs, AHearts, 7Hearts, QHearts, 3Hearts, 2Hearts, ASpades, 6Spades.
P1 HAND: QDiamonds, 4Diamonds, 2Diamonds, KClubs, 6Clubs, 4Hearts, 7Spades, 5Spades, 3Spades, 2Spades.
P2 HAND: 5Diamonds, 3Diamonds, 7Clubs, JClubs, KHearts, 6Hearts, 5Hearts, KSpades, JSpades, QSpades.
P3 HAND: ADiamonds, 7Diamonds, KDiamonds, 6Diamonds, AClubs, QClubs, 3Clubs, 2Clubs, JHearts, 4Spades.
P0 AHearts P1 4Hearts P2 KHearts P3 JHearts 
P0 ASpades P1 2Spades P2 KSpades P3 4Spades 
P0 JDiamonds P1 2Diamonds P2 3Diamonds P3 ADiamonds 
P3 6Diamonds P0 6Spades P1 4Diamonds P2 5Diamonds 
P3 2Clubs P0 4Clubs P1 6Clubs P2 JClubs 
P2 5Hearts P3 3Clubs P0 2Hearts P1 7Spades 
P3 QClubs P0 5Clubs P1 KClubs P2 7Clubs 
P2 6Hearts P3 AClubs P0 3Hearts P1 QDiamonds 
P3 KDiamonds P0 QHearts P1 3Spades P2 QSpades 
P3 7Diamonds P0 7Hearts P1 5Spades P2 JSpades 
-- /GAME --
P0 HAND: ADiamonds, 7Diamonds, JDiamonds, 3Diamonds, QClubs, 2Clubs, AHearts, 3Hearts, QSpades, 4Spades.
P1 HAND: KDiamonds, QDiamonds, 6Diamonds, 7Clubs, 3Clubs, 5Hearts, 2Hearts, KSpades, 6Spades, 2Spades.
P2 HAND: 2Diamonds, AClubs, 6Clubs, 4Clubs, 7Hearts, KHearts, JHearts, QHearts, JSpades, 3Spades.
P3 HAND: 5Diamonds, 4Diamonds, KClubs, JClubs, 5Clubs, 6Hearts, 4Hearts, ASpades, 7Spades, 5Spades.
P3 ASpades P0 4Spades P1 KSpades P2 3Spades 
P3 4Diamonds P0 ADiamonds P1 6Diamonds P2 2Diamonds 
P0 AHearts P1 2Hearts P2 7Hearts P3 4Hearts 
P0 3Hearts P1 5Hearts P2 QHearts P3 6Hearts 
P2 JHearts P3 5Diamonds P0 QSpades P1 3Clubs 
P1 2Spades P2 JSpades P3 5Spades P0 7Diamonds 
P2 4Clubs P3 5Clubs P0 2Clubs P1 7Clubs 
P1 6Spades P2 6Clubs P3 7Spades P0 JDiamonds 
P2 AClubs P3 JClubs P0 QClubs P1 QDiamonds 
P2 KHearts P3 KClubs P0 3Diamonds P1 KDiamonds 
-- /GAME --
P0 HAND: JDiamonds, QDiamonds, AClubs, KClubs, JClubs, AHearts, 7Hearts, QHearts, ASpades, 2Spades.
P1 HAND: KDiamonds, 5Diamonds, 7Clubs, 6Clubs, 4Clubs, 6Hearts, 5Hearts, 2Hearts, QSpades, 6Spades.
P2 HAND: ADiamonds, 6Diamonds, 4Diamonds, 2Diamonds, KHearts, JHearts, 4Hearts, 3Hearts, KSpades, 4Spades.
P3 HAND: 7Diamonds, 3Diamonds, QClubs, 5Clubs, 3Clubs, 2Clubs, 7Spades, JSpades, 5Spades, 3Spades.
P2 ADiamonds P3 3Diamonds P0 JDiamonds P1 5Diamonds 
P2 2Diamonds P3 7Diamonds P0 QDiamonds P1 KDiamonds 
P3 2Clubs P0 AClubs P1 4Clubs P2 KHearts 
P0 JClubs P1 6Clubs P2 3Hearts P3 3Clubs 
P0 KClubs P1 7Clubs P2 4Spades P3 5Clubs 
P2 4Diamonds P3 QClubs P0 QHearts P1 2Hearts 
P2 4Hearts P3 3Spades P0 7Hearts P1 6Hearts 
P3 5Spades P0 2Spades P1 6Spades P2 KSpades 
P2 6Diamonds P3 JSpades P0 ASpades P1 5Hearts 
P0 AHearts P1 QSpades P2 JHearts P3 7Spades 
-- /GAME --
P0 HAND: 7Clubs, KClubs, 5Clubs, QHearts, 4Hearts, 3Hearts, 7Spades, KSpades, JSpades, 6Spades.
P1 HAND: 6Diamonds, 5Diamonds, JClubs, 4Clubs, 3Clubs, 2Clubs, 7Hearts, JHearts, ASpades, 2Spades.
P2 HAND: KDiamonds, JDiamonds, 4Diamonds, 2Diamonds, QClubs, AHearts, 6Hearts, 5Hearts, 5Spades, 4Spades.
P3 HAND: ADiamonds, 7Diamonds, QDiamonds, 3Diamonds, AClubs, 6Clubs, KHearts, 2Hearts, QSpades, 3Spades.
P1 2Clubs P2 QClubs P3 AClubs P0 5Clubs 
P3 ADiamonds P0 6Spades P1 5Diamonds P2 KDiamonds 
P0 KClubs P1 3Clubs P2 2Diamonds P3 6Clubs 
P0 7Clubs P1 4Clubs P2 4Spades P3 QSpades 
P3 2Hearts P0 3Hearts P1 JHearts P2 AHearts 
P2 4Diamonds P3 3Diamonds P0 4Hearts P1 6Diamonds 
P1 JClubs P2 5Hearts P3 QDiamonds P0 7Spades 
P0 QHearts P1 7Hearts P2 6Hearts P3 KHearts 
P1 2Spades P2 5Spades P3 3Spades P0 KSpades 
P0 JSpades P1 ASpades P2 JDiamonds P3 7Diamonds 
-- /GAME --
P0 HAND: 7Diamonds, 6Diamonds, 3Diamonds, AClubs, 7Clubs, QClubs, 6Clubs, AHearts, 4Hearts, ASpades.
P1 HAND: ADiamonds, KDiamonds, 5Diamonds, 4Diamonds, KClubs, 7Hearts, QHearts, QSpades, 6Spades, 5Spades.
P2 HAND: QDiamonds, JClubs, 3Clubs, 2Clubs, KHearts, 6Hearts, 3Hearts, KSpades, 4Spades, 2Spades.
P3 HAND: JDiamonds, 2Diamonds, 5Clubs, 4Clubs, JHearts, 5Hearts, 2Hearts, 7Spades, JSpades, 3Spades.
P0 ASpades P1 5Spades P2 KSpades P3 3Spades 
P0 AClubs P1 KClubs P2 JClubs P3 4Clubs 
P0 6Clubs P1 4Diamonds P2 2Clubs P3 5Clubs 
P0 QClubs P1 5Diamonds P2 3Clubs P3 2Diamonds 
P0 3Diamonds P1 ADiamonds P2 QDiamonds P3 JDiamonds 
P1 6Spades P2 2Spades P3 7Spades P0 4Hearts 
P0 7Diamonds P1 KDiamonds P2 3Hearts P3 5Hearts 
P3 JSpades P0 6Diamonds P1 QSpades P2 4Spades 
P3 2Hearts P0 AHearts P1 QHearts P2 6Hearts 
P0 7Clubs P1 7Hearts P2 KHearts P3 JHearts 
-- /GAME --
P0 HAND: 5Diamonds, 2Diamonds, 7Clubs, 6Clubs, 5Clubs, 6Hearts, 5Hearts, 4Hearts, 2Hearts, KSpades.
P1 HAND: JDiamonds, 4Diamonds, AClubs, JClubs, JHearts, QHearts, 3Hearts, ASpades, 7Spades, 2Spades.
P2 HAND: 7Diamonds, QDiamonds, QClubs, 4Clubs, 3Clubs, 7Hearts, KHearts, QSpades, 6Spades, 5Spades.
P3 HAND: ADiamonds, KDiamonds, 6Diamonds, 3Diamonds, KClubs, 2Clubs, AHearts, JSpades, 4Spades, 3Spades.

