-- GAME --
P0 HAND: JDiamonds, 5Diamonds, 3Diamonds, 2Diamonds, KClubs, 4Clubs, 2Clubs, 3Hearts, 4Spades, 2Spades.
P1 HAND: ADiamonds, KDiamonds, 3Clubs, 7Hearts, KHearts, JHearts, 4Hearts, ASpades, KSpades, 6Spades.
P2 HAND: 6Diamonds, 7Clubs, 6Clubs, 5Clubs, AHearts, QHearts, 6Hearts, 5Hearts, QSpades, 3Spades.
P3 HAND: 7Diamonds, QDiamonds, 4Diamonds, AClubs, JClubs, QClubs, 2Hearts, 7Spades, JSpades, 5Spades.
P3 AClubs P0 2Clubs P1 3Clubs P2 5Clubs 
P3 2Hearts P0 3Hearts P1 4Hearts P2 AHearts 
P2 5Hearts P3 4Diamonds P0 2Diamonds P1 7Hearts 
P1 ADiamonds P2 6Diamonds P3 7Diamonds P0 3Diamonds 
P1 JHearts P2 6Hearts P3 QDiamonds P0 4Spades 
P0 4Clubs P1 6Spades P2 6Clubs P3 JClubs 
P1 KSpades P2 3Spades P3 5Spades P0 2Spades 
P1 ASpades P2 QSpades P3 JSpades P0 5Diamonds 
P1 KDiamonds P2 QHearts P3 7Spades P0 JDiamonds 
P3 QClubs P0 KClubs P1 KHearts P2 7Clubs 
-- /GAME --
P0 HAND: KDiamonds, 4Clubs, QHearts, 6Hearts, 2Hearts, 7Spades, KSpades, JSpades, QSpades, 4Spades.
P1 HAND: ADiamonds, 7Diamonds, AClubs, 6Clubs, 5Clubs, KHearts, JHearts, 5Hearts, ASpades, 3Spades.
P2 HAND: QDiamonds, 5Diamonds, 4Diamonds, 2Diamonds, JClubs, 2Clubs, 7Hearts, 3Hearts, 5Spades, 2Spades.
P3 HAND: JDiamonds, 6Diamonds, 3Diamonds, 7Clubs, KClubs, QClubs, 3Clubs, AHearts, 4Hearts, 6Spades.
P2 2Diamonds P3 3Diamonds P0 KDiamonds P1 ADiamonds 
P1 AClubs P2 2Clubs P3 7Clubs P0 4Clubs 
P1 ASpades P2 2Spades P3 6Spades P0 4Spades 
P1 3Spades P2 5Spades P3 3Clubs P0 7Spades 
P0 QSpades P1 5Clubs P2 4Diamonds P3 6Diamonds 
P0 JSpades P1 6Clubs P2 5Diamonds P3 QClubs 
P0 KSpades P1 5Hearts P2 QDiamonds P3 KClubs 
P1 JHearts P2 3Hearts P3 4Hearts P0 2Hearts 
P1 KHearts P2 7Hearts P3 AHearts P0 6Hearts 
P3 JDiamonds P0 QHearts P1 7Diamonds P2 JClubs 
-- /GAME --
P0 HAND: KDiamonds, QDiamonds, 2Diamonds, KHearts, QHearts, 6Hearts, 3Hearts, 2Hearts, 5Spades, 2Spades.
P1 HAND: 7Diamonds, 6Diamonds, 4Diamonds, AClubs, JClubs, QClubs, 5Clubs, 7Spades, QSpades, 4Spades.
P2 HAND: ADiamonds, JDiamonds, 5Diamonds, 7Clubs, KClubs, AHearts, ASpades, KSpades, JSpades, 6Spades.
P3 HAND: 3Diamonds, 6Clubs, 4Clubs, 3Clubs, 2Clubs, 7Hearts, JHearts, 5Hearts, 4Hearts, 3Spades.
P1 AClubs P2 KClubs P3 6Clubs P0 5Spades 
P0 2Diamonds P1 4Diamonds P2 ADiamonds P3 3Diamonds 
P2 AHearts P3 4Hearts P0 KHearts P1 4Spades 
P1 5Clubs P2 7Clubs P3 2Clubs P0 KDiamonds 
P2 5Diamonds P3 3Clubs P0 QDiamonds P1 7Diamonds 
P1 6Diamonds P2 JDiamonds P3 4Clubs P0 QHearts 
P2 6Spades P3 3Spades P0 2Spades P1 QSpades 
P1 QClubs P2 JSpades P3 5Hearts P0 6Hearts 
P2 KSpades P3 JHearts P0 3Hearts P1 7Spades 
P1 JClubs P2 ASpades P3 7Hearts P0 2Hearts 
-- /GAME --
P0 HAND: QDiamonds, 6Diamonds, 5Diamonds, 2Diamonds, 5Hearts, ASpades, JSpades, QSpades, 6Spades, 2Spades.
P1 HAND: ADiamonds, 4Diamonds, 7Clubs, JClubs, QClubs, 5Clubs, AHearts, 7Hearts, 4Hearts, 3Spades.
P2 HAND: 7Diamonds, KDiamonds, AClubs, KClubs, 6Clubs, 4Clubs, 3Clubs, JHearts, 6Hearts, 7Spades.
P3 HAND: JDiamonds, 3Diamonds, 2Clubs, KHearts, QHearts, 3Hearts, 2Hearts, KSpades, 5Spades, 4Spades.
P0 5Hearts P1 AHearts P2 6Hearts P3 KHearts 
P1 3Spades P2 7Spades P3 4Spades P0 ASpades 
P0 6Spades P1 4Hearts P2 3Clubs P3 KSpades 
P3 2Clubs P0 2Spades P1 5Clubs P2 AClubs 
P2 4Clubs P3 2Hearts P0 JSpades P1 7Clubs 
P1 QClubs P2 6Clubs P3 3Hearts P0 QSpades 
P1 JClubs P2 KClubs P3 3Diamonds P0 QDiamonds 
P0 6Diamonds P1 4Diamonds P2 KDiamonds P3 JDiamonds 
P2 JHearts P3 QHearts P0 5Diamonds P1 7Hearts 
P0 2Diamonds P1 ADiamonds P2 7Diamonds P3 5Spades 
-- /GAME --
P0 HAND: ADiamonds, 7Diamonds, KDiamonds, JDiamonds, 3Diamonds, JClubs, 3Clubs, 4Hearts, 5Spades, 4Spades.
P1 HAND: QDiamonds, 7Clubs, 6Clubs, KHearts, QHearts, 6Hearts, 2Hearts, 7Spades, 3Spades, 2Spades.
P2 HAND: 5Diamonds, KClubs, QClubs, 4Clubs, 7Hearts, JHearts, 3Hearts, ASpades, KSpades, 6Spades.
P3 HAND: 6Diamonds, 4Diamonds, 2Diamonds, AClubs, 5Clubs, 2Clubs, AHearts, 5Hearts, JSpades, QSpades.
P3 AClubs P0 3Clubs P1 7Clubs P2 4Clubs 
P3 AHearts P0 4Hearts P1 KHearts P2 3Hearts 
P3 2Diamonds P0 ADiamonds P1 QDiamonds P2 5Diamonds 
P0 JClubs P1 6Clubs P2 KClubs P3 2Clubs 
P2 QClubs P3 5Clubs P0 KDiamonds P1 2Spades 
P1 2Hearts P2 JHearts P3 5Hearts P0 7Diamonds 
P2 6Spades P3 QSpades P0 5Spades P1 3Spades 
P3 4Diamonds P0 3Diamonds P1 6Hearts P2 KSpades 
P2 ASpades P3 JSpades P0 4Spades P1 7Spades 
P2 7Hearts P3 6Diamonds P0 JDiamonds P1 QHearts 
-- /GAME --
P0 HAND: 7Diamonds, 6Diamonds, KClubs, QClubs, QHearts, 4Hearts, 3Hearts, JSpades, QSpades, 4Spades.
P1 HAND: JDiamonds, 5Diamonds, AClubs, JClubs, 2Clubs, KHearts, JHearts, 6Hearts, 7Spades, 2Spades.
P2 HAND: ADiamonds, KDiamonds, QDiamonds, 6Clubs, 5Clubs, 4Clubs, 3Clubs, 5Hearts, 2Hearts, 5Spades.
P3 HAND: 4Diamonds, 3Diamonds, 2Diamonds, 7Clubs, AHearts, 7Hearts, ASpades, KSpades, 6Spades, 3Spades.
P2 ADiamonds P3 2Diamonds P0 7Diamonds P1 5Diamonds 
P2 2Hearts P3 AHearts P0 3Hearts P1 KHearts 
P3 3Diamonds P0 6Diamonds P1 JDiamonds P2 KDiamonds 
P2 3Clubs P3 7Clubs P0 QClubs P1 AClubs 
P1 2Clubs P2 4Clubs P3 4Diamonds P0 KClubs 
P0 4Hearts P1 6Hearts P2 5Hearts P3 7Hearts 
P3 3Spades P0 4Spades P1 2Spades P2 5Spades 
P2 5Clubs P3 6Spades P0 QSpades P1 JClubs 
P0 QHearts P1 JHearts P2 6Clubs P3 KSpades 
P3 ASpades P0 JSpades P1 7Spades P2 QDiamonds 
-- /GAME --
P0 HAND: KDiamonds, JClubs, QClubs, 2Clubs, 7Hearts, JHearts, 3Hearts, 7Spades, JSpades, 6Spades.
P1 HAND: ADiamonds, QDiamonds, 4Diamonds, 3Diamonds, 2Diamonds, KClubs, 5Hearts, 4Spades, 3Spades, 2Spades.
P2 HAND: 7Diamonds, 6Diamonds, AClubs, 7Clubs, 6Clubs, 5Clubs, 4Hearts, KSpades, QSpades, 5Spades.
P3 HAND: JDiamonds, 5Diamonds, 4Clubs, 3Clubs, AHearts, KHearts, QHearts, 6Hearts, 2Hearts, ASpades.
P1 2Diamonds P2 6Diamonds P3 5Diamonds P0 KDiamonds 
P0 2Clubs P1 KClubs P2 AClubs P3 3Clubs 
P2 5Clubs P3 4Clubs P0 QClubs P1 2Spades 
P0 JClubs P1 3Diamonds P2 6Clubs P3 2Hearts 
P3 ASpades P0 6Spades P1 4Spades P2 5Spades 
P3 JDiamonds P0 JHearts P1 4Diamonds P2 7Diamonds 
P0 JSpades P1 3Spades P2 QSpades P3 6Hearts 
P3 QHearts P0 3Hearts P1 5Hearts P2 4Hearts 
P3 KHearts P0 7Hearts P1 QDiamonds P2 7Clubs 
P0 7Spades P1 ADiamonds P2 KSpades P3 AHearts 
-- /GAME --

