-- GAME --
P0 HAND: 7Diamonds, KDiamonds, 4Diamonds, 2Diamonds, 7Clubs, 2Clubs, 5Hearts, 2Hearts, ASpades, 2Spades.
P1 HAND: ADiamonds, JDiamonds, 3Diamonds, QClubs, KHearts, JHearts, QHearts, 3Hearts, 5Spades, 3Spades.
P2 HAND: 6Diamonds, KClubs, JClubs, 6Clubs, 5Clubs, 6Hearts, 4Hearts, 7Spades, KSpades, QSpades.
P3 HAND: QDiamonds, 5Diamonds, AClubs, 4Clubs, 3Clubs, AHearts, 7Hearts, JSpades, 6Spades, 4Spades.
P3 AClubs P0 2Clubs P1 QClubs P2 5Clubs 
P3 3Clubs P0 7Clubs P1 3Hearts P2 6Clubs 
P1 ADiamonds P2 6Diamonds P3 QDiamonds P0 2Diamonds 
P1 3Diamonds P2 QSpades P3 5Diamonds P0 7Diamonds 
P0 KDiamonds P1 JDiamonds P2 4Hearts P3 7Hearts 
P3 4Clubs P0 2Spades P1 3Spades P2 KClubs 
P2 JClubs P3 4Spades P0 2Hearts P1 5Spades 
P0 5Hearts P1 QHearts P2 6Hearts P3 AHearts 
P3 6Spades P0 ASpades P1 JHearts P2 KSpades 
P1 KHearts P2 7Spades P3 JSpades P0 4Diamonds 
-- /GAME --
P0 HAND: JDiamonds, 4Diamonds, 3Diamonds, 2Diamonds, JClubs, 6Clubs, KHearts, ASpades, 7Spades, JSpades.
P1 HAND: 7Diamonds, 5Diamonds, KClubs, QClubs, 5Hearts, KSpades, QSpades, 6Spades, 5Spades, 4Spades.
P2 HAND: ADiamonds, KDiamonds, QDiamonds, 7Clubs, 4Clubs, 2Clubs, AHearts, QHearts, 6Hearts, 2Hearts.
P3 HAND: 6Diamonds, AClubs, 5Clubs, 3Clubs, 7Hearts, JHearts, 4Hearts, 3Hearts, 3Spades, 2Spades.
P2 ADiamonds P3 6Diamonds P0 JDiamonds P1 5Diamonds 
P2 AHearts P3 3Hearts P0 KHearts P1 5Hearts 
P2 2Clubs P3 AClubs P0 6Clubs P1 KClubs 
P3 3Clubs P0 JClubs P1 QClubs P2 7Clubs 
P2 2Hearts P3 4Hearts P0 JSpades P1 4Spades 
P0 2Diamonds P1 7Diamonds P2 QDiamonds P3 7Hearts 
P1 5Spades P2 4Clubs P3 2Spades P0 7Spades 
P0 3Diamonds P1 6Spades P2 KDiamonds P3 JHearts 
P1 QSpades P2 6Hearts P3 3Spades P0 ASpades 
P0 4Diamonds P1 KSpades P2 QHearts P3 5Clubs 
-- /GAME --
P0 HAND: ADiamonds, AClubs, 7Clubs, 6Clubs, 2Clubs, AHearts, KHearts, 4Hearts, ASpades, 7Spades.
P1 HAND: 7Diamonds, 3Diamonds, KClubs, JClubs, 5Clubs, 3Clubs, JHearts, 5Hearts, 3Hearts, 4Spades.
P2 HAND: 6Diamonds, 4Diamonds, 2Diamonds, QClubs, 7Hearts, 2Hearts, KSpades, JSpades, QSpades, 5Spades.
P3 HAND: KDiamonds, JDiamonds, QDiamonds, 5Diamonds, 4Clubs, QHearts, 6Hearts, 6Spades, 3Spades, 2Spades.
P1 3Diamonds P2 2Diamonds P3 5Diamonds P0 ADiamonds 
P0 KHearts P1 3Hearts P2 2Hearts P3 6Hearts 
P0 AHearts P1 5Hearts P2 7Hearts P3 QHearts 
P0 ASpades P1 4Spades P2 KSpades P3 2Spades 
P0 7Spades P1 JHearts P2 5Spades P3 6Spades 
P1 3Clubs P2 QClubs P3 4Clubs P0 2Clubs 
P2 4Diamonds P3 QDiamonds P0 4Hearts P1 7Diamonds 
P0 AClubs P1 5Clubs P2 JSpades P3 3Spades 
P0 7Clubs P1 JClubs P2 6Diamonds P3 JDiamonds 
P0 6Clubs P1 KClubs P2 QSpades P3 KDiamonds 
-- /GAME --
P0 HAND: KDiamonds, 6Diamonds, 5Diamonds, AClubs, KClubs, 6Clubs, 5Clubs, 7Spades, 5Spades, 4Spades.
P1 HAND: ADiamonds, 7Diamonds, QDiamonds, 2Diamonds, 4Clubs, 7Hearts, KHearts, 4Hearts, ASpades, 2Spades.
P2 HAND: 4Diamonds, 3Diamonds, 7Clubs, QClubs, 2Clubs, JHearts, QHearts, 2Hearts, 6Spades, 3Spades.
P3 HAND: JDiamonds, JClubs, 3Clubs, AHearts, 6Hearts, 5Hearts, 3Hearts, KSpades, JSpades, QSpades.
P0 AClubs P1 4Clubs P2 7Clubs P3 3Clubs 

