-- GAME --
P0 HAND: ADiamonds, JDiamonds, 4Diamonds, 2Diamonds, KClubs, 2Clubs, 6Hearts, 4Hearts, KSpades, 4Spades.
P1 HAND: QDiamonds, 6Diamonds, 7Clubs, 4Clubs, KHearts, JHearts, QHearts, 5Hearts, 2Hearts, 6Spades.
P2 HAND: 7Diamonds, KDiamonds, 3Diamonds, AClubs, AHearts, 7Hearts, 3Hearts, 7Spades, JSpades, QSpades.
P3 HAND: 5Diamonds, JClubs, QClubs, 6Clubs, 5Clubs, 3Clubs, ASpades, 5Spades, 3Spades, 2Spades.
P2 AClubs P3 3Clubs P0 KClubs P1 4Clubs 
P2 3Diamonds P3 5Diamonds P0 ADiamonds P1 6Diamonds 
P0 2Clubs P1 7Clubs P2 3Hearts P3 5Clubs 
P2 QSpades P3 ASpades P0 4Spades P1 6Spades 
P3 2Spades P0 KSpades P1 QDiamonds P2 7Spades 
P2 JSpades P3 3Spades P0 4Hearts P1 2Hearts 
P0 2Diamonds P1 5Hearts P2 KDiamonds P3 JClubs 
P1 QHearts P2 7Hearts P3 5Spades P0 6Hearts 
P2 AHearts P3 6Clubs P0 JDiamonds P1 JHearts 
P2 7Diamonds P3 QClubs P0 4Diamonds P1 KHearts 
-- /GAME --
P0 HAND: JClubs, QClubs, 6Clubs, 5Clubs, AHearts, KHearts, JHearts, ASpades, 6Spades, 4Spades.
P1 HAND: ADiamonds, 2Diamonds, AClubs, 4Clubs, 2Clubs, QHearts, 4Hearts, 3Hearts, KSpades, JSpades.
P2 HAND: 7Diamonds, QDiamonds, 6Diamonds, 5Diamonds, 3Diamonds, KClubs, 7Hearts, 5Hearts, 7Spades, QSpades.
P3 HAND: KDiamonds, JDiamonds, 4Diamonds, 7Clubs, 3Clubs, 6Hearts, 2Hearts, 5Spades, 3Spades, 2Spades.
P1 ADiamonds P2 3Diamonds P3 KDiamonds P0 JHearts 
P0 ASpades P1 JSpades P2 7Spades P3 2Spades 
P0 6Spades P1 KSpades P2 QSpades P3 5Spades 
P1 AClubs P2 KClubs P3 7Clubs P0 5Clubs 
P1 2Diamonds P2 5Diamonds P3 4Diamonds P0 4Spades 
P2 6Diamonds P3 JDiamonds P0 KHearts P1 2Clubs 
P0 6Clubs P1 4Clubs P2 QDiamonds P3 3Clubs 
P0 QClubs P1 3Hearts P2 5Hearts P3 3Spades 
P2 7Hearts P3 2Hearts P0 AHearts P1 4Hearts 
P0 JClubs P1 QHearts P2 7Diamonds P3 6Hearts 
-- /GAME --
P0 HAND: ADiamonds, KDiamonds, JDiamonds, 2Diamonds, AClubs, 5Clubs, 4Clubs, 2Hearts, 5Spades, 2Spades.
P1 HAND: 7Diamonds, 5Diamonds, QClubs, 7Hearts, KHearts, QHearts, ASpades, 6Spades, 4Spades, 3Spades.
P2 HAND: 6Diamonds, 3Diamonds, 7Clubs, 6Clubs, AHearts, 6Hearts, 5Hearts, 4Hearts, JSpades, QSpades.
P3 HAND: QDiamonds, 4Diamonds, KClubs, JClubs, 3Clubs, 2Clubs, JHearts, 3Hearts, 7Spades, KSpades.
P0 AClubs P1 QClubs P2 7Clubs P3 2Clubs 
P0 ADiamonds P1 5Diamonds P2 6Diamonds P3 4Diamonds 
P0 5Spades P1 ASpades P2 QSpades P3 7Spades 
P1 3Spades P2 JSpades P3 KSpades P0 2Spades 
P3 3Clubs P0 5Clubs P1 4Spades P2 6Clubs 
P2 3Diamonds P3 QDiamonds P0 KDiamonds P1 7Diamonds 
P1 6Spades P2 4Hearts P3 3Hearts P0 JDiamonds 
P2 5Hearts P3 JHearts P0 2Hearts P1 QHearts 
P3 JClubs P0 4Clubs P1 KHearts P2 AHearts 
P2 6Hearts P3 KClubs P0 2Diamonds P1 7Hearts 
-- /GAME --
P0 HAND: ADiamonds, 7Diamonds, KDiamonds, 5Diamonds, AClubs, KClubs, QClubs, 7Hearts, 2Hearts, KSpades.
P1 HAND: JDiamonds, 6Diamonds, 4Diamonds, 2Diamonds, 6Clubs, KHearts, 7Spades, JSpades, 5Spades, 4Spades.
P2 HAND: 3Diamonds, JClubs, 5Clubs, AHearts, JHearts, 6Hearts, 5Hearts, 3Hearts, ASpades, QSpades.
P3 HAND: QDiamonds, 7Clubs, 4Clubs, 3Clubs, 2Clubs, QHearts, 4Hearts, 6Spades, 3Spades, 2Spades.
P3 2Clubs P0 AClubs P1 6Clubs P2 JClubs 
P0 ADiamonds P1 2Diamonds P2 3Diamonds P3 QDiamonds 
P0 KSpades P1 4Spades P2 ASpades P3 2Spades 
P2 5Clubs P3 3Clubs P0 QClubs P1 4Diamonds 
P0 KClubs P1 5Spades P2 QSpades P3 7Clubs 
P3 3Spades P0 7Hearts P1 JSpades P2 3Hearts 
P0 2Hearts P1 KHearts P2 5Hearts P3 4Hearts 
P1 6Diamonds P2 6Hearts P3 4Clubs P0 7Diamonds 
P2 JHearts P3 QHearts P0 KDiamonds P1 JDiamonds 
P2 AHearts P3 6Spades P0 5Diamonds P1 7Spades 
-- /GAME --

