-- GAME --
P0 HAND: QDiamonds, KClubs, 3Clubs, 2Clubs, KHearts, QHearts, 5Hearts, ASpades, KSpades, 2Spades.
P1 HAND: KDiamonds, 7Clubs, QClubs, 5Clubs, 4Clubs, AHearts, JHearts, 6Hearts, 2Hearts, 7Spades.
P2 HAND: ADiamonds, 7Diamonds, 3Diamonds, AClubs, JClubs, 6Clubs, 7Hearts, 4Hearts, 3Hearts, 5Spades.
P3 HAND: JDiamonds, 6Diamonds, 5Diamonds, 4Diamonds, 2Diamonds, JSpades, QSpades, 6Spades, 4Spades, 3Spades.
P2 ADiamonds P3 2Diamonds P0 QDiamonds P1 KDiamonds 
P2 3Diamonds P3 4Diamonds P0 2Clubs P1 2Hearts 
P0 ASpades P1 7Spades P2 5Spades P3 3Spades 
P0 KSpades P1 6Hearts P2 7Diamonds P3 4Spades 
P0 2Spades P1 4Clubs P2 3Hearts P3 JSpades 
P1 JHearts P2 4Hearts P3 5Diamonds P0 KHearts 
P0 5Hearts P1 AHearts P2 7Hearts P3 JDiamonds 
P1 5Clubs P2 6Clubs P3 6Diamonds P0 KClubs 
P0 3Clubs P1 QClubs P2 JClubs P3 6Spades 
P2 AClubs P3 QSpades P0 QHearts P1 7Clubs 
-- /GAME --
P0 HAND: 4Diamonds, 3Diamonds, AClubs, 3Clubs, KHearts, 2Hearts, ASpades, JSpades, QSpades, 2Spades.
P1 HAND: 7Diamonds, JDiamonds, 5Diamonds, 7Clubs, QClubs, 5Clubs, 4Clubs, 7Hearts, QHearts, 3Spades.
P2 HAND: QDiamonds, 2Diamonds, JClubs, AHearts, JHearts, 6Hearts, 4Hearts, 3Hearts, 6Spades, 5Spades.
P3 HAND: ADiamonds, KDiamonds, 6Diamonds, KClubs, 6Clubs, 2Clubs, 5Hearts, 7Spades, KSpades, 4Spades.
P1 3Spades P2 5Spades P3 4Spades P0 ASpades 
P0 AClubs P1 4Clubs P2 JClubs P3 2Clubs 
P0 3Clubs P1 5Clubs P2 2Diamonds P3 KClubs 
P3 ADiamonds P0 3Diamonds P1 7Diamonds P2 QDiamonds 
P3 6Diamonds P0 4Diamonds P1 5Diamonds P2 6Spades 
P3 6Clubs P0 2Spades P1 QClubs P2 3Hearts 
P2 4Hearts P3 5Hearts P0 2Hearts P1 QHearts 
P1 JDiamonds P2 6Hearts P3 KDiamonds P0 JSpades 
P2 JHearts P3 KSpades P0 KHearts P1 7Hearts 
P1 7Clubs P2 AHearts P3 7Spades P0 QSpades 
-- /GAME --
P0 HAND: KDiamonds, 5Diamonds, JClubs, QClubs, 5Clubs, 7Hearts, KHearts, 7Spades, 6Spades, 4Spades.
P1 HAND: ADiamonds, 6Diamonds, KClubs, 3Clubs, AHearts, JHearts, QHearts, 6Hearts, 4Hearts, 3Spades.
P2 HAND: JDiamonds, 3Diamonds, AClubs, 7Clubs, 2Clubs, 5Hearts, 3Hearts, 2Hearts, KSpades, QSpades.
P3 HAND: 7Diamonds, QDiamonds, 4Diamonds, 2Diamonds, 6Clubs, 4Clubs, ASpades, JSpades, 5Spades, 2Spades.
P0 4Spades P1 3Spades P2 QSpades P3 ASpades 
P3 2Spades P0 6Spades P1 3Clubs P2 KSpades 
P2 AClubs P3 4Clubs P0 JClubs P1 KClubs 
P2 2Clubs P3 6Clubs P0 5Clubs P1 AHearts 
P3 5Spades P0 7Spades P1 6Diamonds P2 JDiamonds 
P2 2Hearts P3 2Diamonds P0 KHearts P1 JHearts 
P3 JSpades P0 5Diamonds P1 4Hearts P2 7Clubs 
P0 QClubs P1 6Hearts P2 3Hearts P3 4Diamonds 
P3 QDiamonds P0 KDiamonds P1 ADiamonds P2 3Diamonds 
P1 QHearts P2 5Hearts P3 7Diamonds P0 7Hearts 
-- /GAME --
P0 HAND: JDiamonds, QDiamonds, 5Diamonds, 4Diamonds, 3Clubs, 7Hearts, 6Hearts, ASpades, JSpades, 6Spades.
P1 HAND: KDiamonds, 2Diamonds, 4Clubs, KHearts, QHearts, 3Hearts, 2Hearts, KSpades, QSpades, 5Spades.
P2 HAND: ADiamonds, AClubs, KClubs, JClubs, 2Clubs, JHearts, 4Hearts, 4Spades, 3Spades, 2Spades.
P3 HAND: 7Diamonds, 6Diamonds, 3Diamonds, 7Clubs, QClubs, 6Clubs, 5Clubs, AHearts, 5Hearts, 7Spades.
P3 AHearts P0 6Hearts P1 KHearts P2 4Hearts 
P3 3Diamonds P0 4Diamonds P1 2Diamonds P2 ADiamonds 
P2 AClubs P3 5Clubs P0 3Clubs P1 4Clubs 
P2 2Clubs P3 6Clubs P0 6Spades P1 2Hearts 
P0 5Diamonds P1 KDiamonds P2 2Spades P3 6Diamonds 
P2 JClubs P3 QClubs P0 JSpades P1 KSpades 
P1 3Hearts P2 JHearts P3 5Hearts P0 7Hearts 
P0 ASpades P1 5Spades P2 3Spades P3 7Spades 
P0 QDiamonds P1 QHearts P2 4Spades P3 7Diamonds 
P2 KClubs P3 7Clubs P0 JDiamonds P1 QSpades 
-- /GAME --

