-- GAME --
P0 HAND: 5Diamonds, KClubs, JClubs, 6Clubs, AHearts, 7Hearts, 5Hearts, KSpades, QSpades, 2Spades.
P1 HAND: ADiamonds, JDiamonds, 6Diamonds, 7Clubs, QClubs, 5Clubs, JHearts, 2Hearts, 7Spades, 5Spades.
P2 HAND: 7Diamonds, QDiamonds, 4Diamonds, 3Diamonds, AClubs, 3Clubs, 4Hearts, 3Hearts, ASpades, 3Spades.
P3 HAND: KDiamonds, 2Diamonds, 4Clubs, 2Clubs, KHearts, QHearts, 6Hearts, JSpades, 6Spades, 4Spades.
P2 AClubs P3 2Clubs P0 KClubs P1 5Clubs 
P2 ASpades P3 4Spades P0 KSpades P1 5Spades 
P2 3Clubs P3 4Clubs P0 6Clubs P1 7Clubs 
P1 2Hearts P2 3Hearts P3 6Hearts P0 AHearts 
P0 7Hearts P1 JHearts P2 4Hearts P3 QHearts 
P0 2Spades P1 7Spades P2 3Spades P3 JSpades 
P1 QClubs P2 3Diamonds P3 6Spades P0 JClubs 
P2 4Diamonds P3 2Diamonds P0 5Diamonds P1 6Diamonds 
P1 JDiamonds P2 QDiamonds P3 KDiamonds P0 5Hearts 
P3 KHearts P0 QSpades P1 ADiamonds P2 7Diamonds 
-- /GAME --
P0 HAND: ADiamonds, 7Diamonds, KDiamonds, QDiamonds, 6Diamonds, KClubs, KSpades, 5Spades, 3Spades, 2Spades.
P1 HAND: 5Diamonds, 3Diamonds, 2Diamonds, AClubs, 5Clubs, 2Clubs, AHearts, QHearts, 4Hearts, 2Hearts.
P2 HAND: 4Diamonds, 7Clubs, 6Clubs, 3Clubs, 7Hearts, JHearts, 6Hearts, 3Hearts, QSpades, 6Spades.
P3 HAND: JDiamonds, JClubs, QClubs, 4Clubs, KHearts, 5Hearts, ASpades, 7Spades, JSpades, 4Spades.
P1 AClubs P2 3Clubs P3 JClubs P0 KClubs 
P1 AHearts P2 3Hearts P3 KHearts P0 6Diamonds 
P0 KDiamonds P1 2Diamonds P2 4Diamonds P3 JDiamonds 
P0 7Diamonds P1 3Diamonds P2 6Clubs P3 4Clubs 
P0 3Spades P1 2Clubs P2 6Spades P3 ASpades 
P3 4Spades P0 5Spades P1 2Hearts P2 QSpades 
P2 6Hearts P3 5Hearts P0 2Spades P1 QHearts 
P1 4Hearts P2 JHearts P3 QClubs P0 KSpades 
P2 7Clubs P3 JSpades P0 ADiamonds P1 5Clubs 
P0 QDiamonds P1 5Diamonds P2 7Hearts P3 7Spades 
-- /GAME --
P0 HAND: JDiamonds, 6Diamonds, 4Diamonds, 3Clubs, AHearts, 7Hearts, QHearts, 5Hearts, 7Spades, 3Spades.
P1 HAND: 7Diamonds, KDiamonds, 3Diamonds, AClubs, JClubs, 4Clubs, KHearts, 3Hearts, 6Spades, 2Spades.
P2 HAND: 5Diamonds, 2Diamonds, 2Clubs, JHearts, 6Hearts, 4Hearts, ASpades, KSpades, JSpades, 5Spades.
P3 HAND: ADiamonds, QDiamonds, 7Clubs, KClubs, QClubs, 6Clubs, 5Clubs, 2Hearts, QSpades, 4Spades.
P0 AHearts P1 3Hearts P2 JHearts P3 2Hearts 
P0 4Diamonds P1 3Diamonds P2 2Diamonds P3 ADiamonds 
P3 4Spades P0 3Spades P1 2Spades P2 ASpades 
P2 4Hearts P3 QDiamonds P0 7Hearts P1 KHearts 
P0 5Hearts P1 6Spades P2 6Hearts P3 QSpades 
P2 5Diamonds P3 5Clubs P0 6Diamonds P1 7Diamonds 
P3 6Clubs P0 3Clubs P1 4Clubs P2 2Clubs 
P3 QClubs P0 QHearts P1 JClubs P2 5Spades 
P1 AClubs P2 JSpades P3 KClubs P0 JDiamonds 
P1 KDiamonds P2 KSpades P3 7Clubs P0 7Spades 
-- /GAME --
P0 HAND: ADiamonds, JDiamonds, 4Diamonds, 4Clubs, QHearts, 6Hearts, 5Hearts, 3Hearts, ASpades, QSpades.
P1 HAND: 7Diamonds, KDiamonds, 6Diamonds, 2Diamonds, 7Clubs, JClubs, 2Clubs, 7Hearts, 5Spades, 2Spades.
P2 HAND: QDiamonds, AClubs, QClubs, 6Clubs, AHearts, JHearts, 2Hearts, JSpades, 4Spades, 3Spades.
P3 HAND: 5Diamonds, 3Diamonds, KClubs, 5Clubs, 3Clubs, KHearts, 4Hearts, 7Spades, KSpades, 6Spades.
P3 3Diamonds P0 ADiamonds P1 2Diamonds P2 QDiamonds 
P0 4Diamonds P1 6Diamonds P2 2Hearts P3 5Diamonds 
P1 2Clubs P2 AClubs P3 3Clubs P0 4Clubs 
P2 AHearts P3 4Hearts P0 QHearts P1 7Hearts 
P2 6Clubs P3 5Clubs P0 3Hearts P1 7Clubs 
P1 JClubs P2 QClubs P3 KClubs P0 QSpades 
P0 JDiamonds P1 KDiamonds P2 3Spades P3 6Spades 
P3 KSpades P0 ASpades P1 2Spades P2 4Spades 
P0 5Hearts P1 5Spades P2 JHearts P3 KHearts 
P1 7Diamonds P2 JSpades P3 7Spades P0 6Hearts 
-- /GAME --
P0 HAND: QDiamonds, 4Diamonds, JClubs, 4Clubs, 7Hearts, KHearts, JHearts, QHearts, 5Hearts, 2Spades.
P1 HAND: ADiamonds, 7Diamonds, 3Diamonds, AClubs, 5Clubs, 2Clubs, 3Hearts, 2Hearts, 7Spades, 4Spades.
P2 HAND: JDiamonds, 6Diamonds, 5Diamonds, 6Clubs, AHearts, 6Hearts, 4Hearts, ASpades, JSpades, 6Spades.
P3 HAND: KDiamonds, 2Diamonds, 7Clubs, KClubs, QClubs, 3Clubs, KSpades, QSpades, 5Spades, 3Spades.
P2 AHearts P3 3Spades P0 5Hearts P1 3Hearts 
P3 2Diamonds P0 4Diamonds P1 ADiamonds P2 5Diamonds 
P1 AClubs P2 6Clubs P3 7Clubs P0 4Clubs 
P1 2Clubs P2 4Hearts P3 KClubs P0 JClubs 
P3 3Clubs P0 QDiamonds P1 5Clubs P2 6Diamonds 
P1 2Hearts P2 6Hearts P3 QClubs P0 7Hearts 
P0 QHearts P1 3Diamonds P2 6Spades P3 5Spades 
P2 JDiamonds P3 KDiamonds P0 2Spades P1 7Diamonds 
P0 JHearts P1 4Spades P2 JSpades P3 KSpades 
P3 QSpades P0 KHearts P1 7Spades P2 ASpades 
-- /GAME --
P0 HAND: ADiamonds, JDiamonds, QDiamonds, 4Clubs, 3Clubs, JHearts, QHearts, 3Hearts, KSpades, 2Spades.
P1 HAND: 4Diamonds, 3Diamonds, 2Diamonds, JClubs, QClubs, 6Clubs, 7Hearts, 6Hearts, JSpades, 3Spades.
P2 HAND: 7Diamonds, KDiamonds, 6Diamonds, 7Clubs, 2Clubs, AHearts, 4Hearts, 7Spades, QSpades, 6Spades.
P3 HAND: 5Diamonds, AClubs, KClubs, 5Clubs, KHearts, 5Hearts, 2Hearts, ASpades, 5Spades, 4Spades.
P1 2Diamonds P2 6Diamonds P3 5Diamonds P0 ADiamonds 
P0 JDiamonds P1 3Diamonds P2 7Diamonds P3 2Hearts 
P3 AClubs P0 3Clubs P1 JClubs P2 2Clubs 
P3 ASpades P0 2Spades P1 JSpades P2 6Spades 
P3 4Spades P0 KSpades P1 3Spades P2 7Spades 
P2 QSpades P3 5Spades P0 4Clubs P1 4Diamonds 
P2 4Hearts P3 5Hearts P0 3Hearts P1 6Hearts 
P1 6Clubs P2 7Clubs P3 5Clubs P0 QDiamonds 
P2 AHearts P3 KHearts P0 JHearts P1 7Hearts 
P2 KDiamonds P3 KClubs P0 QHearts P1 QClubs 
-- /GAME --

