-- GAME --
P0 HAND: 6Diamonds, 5Diamonds, 4Diamonds, 3Diamonds, KClubs, JClubs, KHearts, 2Hearts, 7Spades, JSpades.
P1 HAND: KDiamonds, AClubs, 7Clubs, 4Clubs, 7Hearts, JHearts, 6Hearts, 5Hearts, ASpades, KSpades.
P2 HAND: JDiamonds, QClubs, 3Clubs, 2Clubs, 4Hearts, 3Hearts, QSpades, 4Spades, 3Spades, 2Spades.
P3 HAND: ADiamonds, 7Diamonds, QDiamonds, 2Diamonds, 6Clubs, 5Clubs, AHearts, QHearts, 6Spades, 5Spades.
P1 ASpades P2 2Spades P3 6Spades P0 JSpades 
P1 5Hearts P2 3Hearts P3 AHearts P0 2Hearts 
P3 ADiamonds P0 4Diamonds P1 KDiamonds P2 JDiamonds 
P3 2Diamonds P0 5Diamonds P1 6Hearts P2 QSpades 
P0 7Spades P1 KSpades P2 3Spades P3 5Spades 
P0 KHearts P1 JHearts P2 4Hearts P3 QHearts 
P0 6Diamonds P1 4Clubs P2 4Spades P3 7Diamonds 
P1 7Clubs P2 2Clubs P3 5Clubs P0 JClubs 
P1 AClubs P2 3Clubs P3 6Clubs P0 KClubs 
P1 7Hearts P2 QClubs P3 QDiamonds P0 3Diamonds 
-- /GAME --
P0 HAND: KDiamonds, 6Clubs, 3Clubs, 2Clubs, AHearts, KHearts, 4Hearts, 2Hearts, 7Spades, JSpades.
P1 HAND: 4Diamonds, AClubs, 7Clubs, 5Clubs, 7Hearts, QHearts, 3Hearts, KSpades, QSpades, 6Spades.
P2 HAND: ADiamonds, 7Diamonds, JDiamonds, 6Diamonds, 5Diamonds, 2Diamonds, KClubs, JHearts, ASpades, 4Spades.
P3 HAND: QDiamonds, 3Diamonds, JClubs, QClubs, 4Clubs, 6Hearts, 5Hearts, 5Spades, 3Spades, 2Spades.
P0 AHearts P1 3Hearts P2 JHearts P3 5Hearts 
P0 2Clubs P1 AClubs P2 KClubs P3 JClubs 
P1 4Diamonds P2 2Diamonds P3 3Diamonds P0 KDiamonds 
P0 KHearts P1 QHearts P2 4Spades P3 6Hearts 
P2 5Diamonds P3 QDiamonds P0 2Hearts P1 7Clubs 
P3 4Clubs P0 6Clubs P1 5Clubs P2 ADiamonds 
P0 4Hearts P1 7Hearts P2 ASpades P3 QClubs 
P2 6Diamonds P3 2Spades P0 3Clubs P1 6Spades 
P1 QSpades P2 JDiamonds P3 3Spades P0 JSpades 
P0 7Spades P1 KSpades P2 7Diamonds P3 5Spades 
-- /GAME --
P0 HAND: JDiamonds, 4Diamonds, 7Clubs, KClubs, 2Clubs, KHearts, 6Hearts, 5Hearts, ASpades, 6Spades.
P1 HAND: ADiamonds, KDiamonds, JClubs, 4Clubs, JHearts, KSpades, JSpades, 5Spades, 3Spades, 2Spades.
P2 HAND: 7Diamonds, 5Diamonds, AClubs, QClubs, 5Clubs, 3Clubs, AHearts, 3Hearts, 2Hearts, 7Spades.
P3 HAND: QDiamonds, 6Diamonds, 3Diamonds, 2Diamonds, 6Clubs, 7Hearts, QHearts, 4Hearts, QSpades, 4Spades.
P3 2Diamonds P0 4Diamonds P1 ADiamonds P2 5Diamonds 
P1 2Spades P2 7Spades P3 4Spades P0 ASpades 
P0 6Spades P1 3Spades P2 2Hearts P3 QSpades 
P3 3Diamonds P0 JDiamonds P1 KDiamonds P2 7Diamonds 
P2 AHearts P3 4Hearts P0 KHearts P1 JHearts 
P2 3Hearts P3 QHearts P0 6Hearts P1 KSpades 
P3 6Diamonds P0 5Hearts P1 5Spades P2 3Clubs 
P2 5Clubs P3 6Clubs P0 2Clubs P1 4Clubs 
P3 QDiamonds P0 7Clubs P1 JSpades P2 QClubs 
P0 KClubs P1 JClubs P2 AClubs P3 7Hearts 
-- /GAME --
P0 HAND: ADiamonds, 5Diamonds, 4Diamonds, 3Diamonds, AClubs, KClubs, 4Clubs, 3Clubs, KSpades, JSpades.
P1 HAND: KDiamonds, AHearts, 7Hearts, QHearts, 4Hearts, ASpades, 7Spades, 5Spades, 3Spades, 2Spades.
P2 HAND: 7Diamonds, JDiamonds, 2Diamonds, 7Clubs, QClubs, 6Clubs, 2Clubs, JHearts, 5Hearts, 6Spades.
P3 HAND: QDiamonds, 6Diamonds, JClubs, 5Clubs, KHearts, 6Hearts, 3Hearts, 2Hearts, QSpades, 4Spades.
P2 2Diamonds P3 6Diamonds P0 ADiamonds P1 KDiamonds 
P0 AClubs P1 4Hearts P2 2Clubs P3 JClubs 
P1 2Spades P2 6Spades P3 4Spades P0 KSpades 
P0 JSpades P1 3Spades P2 6Clubs P3 QSpades 
P0 KClubs P1 5Spades P2 7Clubs P3 5Clubs 
P2 QClubs P3 QDiamonds P0 3Clubs P1 QHearts 
P1 7Hearts P2 5Hearts P3 2Hearts P0 4Clubs 
P1 AHearts P2 JHearts P3 3Hearts P0 3Diamonds 
P1 7Spades P2 JDiamonds P3 6Hearts P0 4Diamonds 
P3 KHearts P0 5Diamonds P1 ASpades P2 7Diamonds 
-- /GAME --
P0 HAND: 7Diamonds, JDiamonds, 3Diamonds, 7Clubs, KClubs, 2Clubs, 3Hearts, 2Hearts, JSpades, QSpades.
P1 HAND: ADiamonds, KDiamonds, 2Diamonds, 5Clubs, 4Clubs, 7Hearts, KHearts, 6Spades, 5Spades, 2Spades.
P2 HAND: 6Diamonds, 4Diamonds, QClubs, 6Clubs, AHearts, JHearts, QHearts, 6Hearts, 5Hearts, 4Hearts.
P3 HAND: QDiamonds, 5Diamonds, AClubs, JClubs, 3Clubs, ASpades, 7Spades, KSpades, 4Spades, 3Spades.
P1 2Spades P2 4Hearts P3 ASpades P0 QSpades 
P3 AClubs P0 2Clubs P1 5Clubs P2 6Clubs 
P3 3Clubs P0 7Clubs P1 4Clubs P2 QClubs 
P0 KClubs P1 5Spades P2 5Hearts P3 JClubs 
P0 JSpades P1 6Spades P2 6Hearts P3 7Spades 
P3 3Spades P0 3Hearts P1 2Diamonds P2 QHearts 
P1 KDiamonds P2 4Diamonds P3 5Diamonds P0 7Diamonds 
P0 2Hearts P1 KHearts P2 JHearts P3 KSpades 
P1 ADiamonds P2 6Diamonds P3 QDiamonds P0 3Diamonds 
P1 7Hearts P2 AHearts P3 4Spades P0 JDiamonds 
-- /GAME --
P0 HAND: ADiamonds, QDiamonds, 2Diamonds, 7Clubs, 6Clubs, 2Clubs, KHearts, 2Hearts, KSpades, 4Spades.
P1 HAND: 6Diamonds, 4Diamonds, 3Clubs, 7Hearts, 6Hearts, JSpades, QSpades, 6Spades, 3Spades, 2Spades.
P2 HAND: 7Diamonds, 3Diamonds, AClubs, KClubs, QClubs, 5Clubs, JHearts, 3Hearts, ASpades, 7Spades.
P3 HAND: KDiamonds, JDiamonds, 5Diamonds, JClubs, 4Clubs, AHearts, QHearts, 5Hearts, 4Hearts, 5Spades.
P0 ADiamonds P1 4Diamonds P2 7Diamonds P3 5Diamonds 
P0 4Spades P1 2Spades P2 ASpades P3 5Spades 
P2 AClubs P3 4Clubs P0 7Clubs P1 3Clubs 
P2 3Diamonds P3 JDiamonds P0 2Diamonds P1 6Diamonds 
P3 JClubs P0 2Clubs P1 3Spades P2 KClubs 
P2 5Clubs P3 4Hearts P0 6Clubs P1 JSpades 
P3 5Hearts P0 2Hearts P1 6Hearts P2 3Hearts 
P1 6Spades P2 7Spades P3 QHearts P0 KSpades 
P3 AHearts P0 KHearts P1 7Hearts P2 JHearts 
P3 KDiamonds P0 QDiamonds P1 QSpades P2 QClubs 
-- /GAME --
P0 HAND: 7Diamonds, 5Diamonds, AClubs, 6Clubs, AHearts, KHearts, JHearts, 5Hearts, QSpades, 3Spades.
P1 HAND: ADiamonds, JDiamonds, QDiamonds, KClubs, 5Clubs, 2Clubs, QHearts, 2Hearts, JSpades, 4Spades.
P2 HAND: 4Diamonds, 3Diamonds, QClubs, 7Hearts, 4Hearts, ASpades, 7Spades, KSpades, 6Spades, 5Spades.
P3 HAND: KDiamonds, 6Diamonds, 2Diamonds, 7Clubs, JClubs, 4Clubs, 3Clubs, 6Hearts, 3Hearts, 2Spades.
P3 2Diamonds P0 5Diamonds P1 ADiamonds P2 3Diamonds 
P1 2Clubs P2 QClubs P3 3Clubs P0 AClubs 
P0 AHearts P1 2Hearts P2 7Hearts P3 3Hearts 
P0 7Diamonds P1 QDiamonds P2 4Diamonds P3 6Diamonds 
P0 6Clubs P1 5Clubs P2 4Hearts P3 7Clubs 
P3 4Clubs P0 5Hearts P1 KClubs P2 5Spades 
P2 6Spades P3 2Spades P0 3Spades P1 4Spades 
P2 KSpades P3 6Hearts P0 QSpades P1 JSpades 
P2 7Spades P3 JClubs P0 KHearts P1 QHearts 
P2 ASpades P3 KDiamonds P0 JHearts P1 JDiamonds 
-- /GAME --
P0 HAND: ADiamonds, 7Diamonds, 5Diamonds, 2Diamonds, KClubs, QClubs, 6Hearts, ASpades, QSpades, 3Spades.
P1 HAND: KDiamonds, 6Diamonds, 4Diamonds, JClubs, 6Clubs, 5Clubs, 2Clubs, AHearts, 5Hearts, KSpades.
P2 HAND: JDiamonds, 3Diamonds, AClubs, 4Clubs, 7Hearts, QHearts, 3Hearts, 5Spades, 4Spades, 2Spades.
P3 HAND: QDiamonds, 7Clubs, 3Clubs, KHearts, JHearts, 4Hearts, 2Hearts, 7Spades, JSpades, 6Spades.
P2 AClubs P3 3Clubs 
