-- GAME --
P0 HAND: ADiamonds, 7Diamonds, KDiamonds, QDiamonds, 5Diamonds, 3Diamonds, 6Clubs, 3Hearts, 7Spades, KSpades.
P1 HAND: 6Diamonds, AClubs, KClubs, JClubs, KHearts, 2Hearts, JSpades, 6Spades, 5Spades, 4Spades.
P2 HAND: JDiamonds, 2Diamonds, 7Clubs, 4Clubs, 3Clubs, AHearts, 6Hearts, 4Hearts, ASpades, 2Spades.
P3 HAND: 4Diamonds, QClubs, 5Clubs, 2Clubs, 7Hearts, JHearts, QHearts, 5Hearts, QSpades, 3Spades.
P0 3Hearts P1 2Hearts P2 4Hearts P3 5Hearts 
P3 2Clubs P0 6Clubs P1 AClubs P2 3Clubs 
P1 4Spades P2 ASpades P3 3Spades P0 7Spades 
P2 2Diamonds P3 4Diamonds P0 ADiamonds P1 6Diamonds 
P0 KSpades P1 5Spades P2 2Spades P3 QSpades 
P0 KDiamonds P1 6Spades P2 JDiamonds P3 QHearts 
P3 5Clubs P0 QDiamonds P1 JClubs P2 7Clubs 
P2 4Clubs P3 QClubs P0 3Diamonds P1 KClubs 
P1 JSpades P2 6Hearts P3 JHearts P0 5Diamonds 
P3 7Hearts P0 7Diamonds P1 KHearts P2 AHearts 
-- /GAME --
P0 HAND: 6Diamonds, 4Diamonds, 3Diamonds, AClubs, 5Clubs, KHearts, 3Hearts, 7Spades, JSpades, 3Spades.
P1 HAND: ADiamonds, KDiamonds, JDiamonds, KClubs, 4Clubs, 7Hearts, 6Hearts, 5Hearts, 5Spades, 4Spades.
P2 HAND: QDiamonds, 7Clubs, QClubs, 3Clubs, JHearts, 4Hearts, 2Hearts, ASpades, 6Spades, 2Spades.
P3 HAND: 7Diamonds, 5Diamonds, 2Diamonds, JClubs, 6Clubs, 2Clubs, AHearts, QHearts, KSpades, QSpades.
P3 AHearts P0 3Hearts P1 7Hearts P2 2Hearts 
P3 2Clubs P0 AClubs P1 4Clubs P2 7Clubs 
P0 KHearts P1 5Hearts P2 JHearts P3 QHearts 
P0 5Clubs P1 KClubs P2 3Clubs P3 JClubs 
P1 4Spades P2 ASpades P3 QSpades P0 7Spades 
P2 2Spades P3 KSpades P0 3Spades P1 5Spades 
P3 6Clubs P0 JSpades P1 6Hearts P2 QClubs 
P2 4Hearts P3 2Diamonds P0 3Diamonds P1 JDiamonds 
P1 KDiamonds P2 QDiamonds P3 5Diamonds P0 4Diamonds 
P1 ADiamonds P2 6Spades P3 7Diamonds P0 6Diamonds 
-- /GAME --
P0 HAND: QDiamonds, 3Diamonds, JClubs, 3Clubs, KHearts, JHearts, KSpades, 4Spades, 3Spades, 2Spades.
P1 HAND: ADiamonds, 7Diamonds, JDiamonds, 2Diamonds, AClubs, 5Clubs, 4Clubs, 7Hearts, ASpades, 5Spades.
P2 HAND: 6Diamonds, 7Clubs, KClubs, QClubs, AHearts, 4Hearts, 3Hearts, 2Hearts, JSpades, 6Spades.
P3 HAND: KDiamonds, 5Diamonds, 4Diamonds, 6Clubs, 2Clubs, QHearts, 6Hearts, 5Hearts, 7Spades, QSpades.
P2 AHearts P3 5Hearts P0 KHearts P1 7Hearts 
P2 2Hearts P3 6Hearts P0 JHearts P1 4Clubs 
P0 3Clubs P1 AClubs P2 QClubs P3 6Clubs 
P1 ASpades P2 6Spades P3 7Spades P0 2Spades 
P1 5Clubs P2 KClubs P3 2Clubs P0 JClubs 
P2 3Hearts P3 QHearts P0 QDiamonds P1 5Spades 
P0 4Spades P1 2Diamonds P2 JSpades P3 QSpades 
P1 JDiamonds P2 6Diamonds P3 4Diamonds P0 3Diamonds 
P1 7Diamonds P2 4Hearts P3 5Diamonds P0 3Spades 
P1 ADiamonds P2 7Clubs P3 KDiamonds P0 KSpades 
-- /GAME --
P0 HAND: ADiamonds, 3Diamonds, 2Diamonds, AClubs, 6Clubs, 4Clubs, 7Hearts, 5Hearts, QSpades, 2Spades.
P1 HAND: 7Diamonds, JDiamonds, QDiamonds, KClubs, KHearts, JHearts, 3Hearts, 2Hearts, ASpades, 5Spades.
P2 HAND: KDiamonds, 6Diamonds, 4Diamonds, JClubs, 2Clubs, QHearts, 4Hearts, 7Spades, KSpades, 4Spades.
P3 HAND: 5Diamonds, 7Clubs, QClubs, 5Clubs, 3Clubs, AHearts, 6Hearts, JSpades, 6Spades, 3Spades.
P1 ASpades P2 4Spades P3 JSpades P0 2Spades 
P1 2Hearts P2 4Hearts P3 AHearts P0 5Hearts 
P3 3Spades P0 QSpades P1 5Spades P2 7Spades 
P2 4Diamonds P3 5Diamonds P0 ADiamonds P1 QDiamonds 
P0 2Diamonds P1 JDiamonds P2 6Diamonds P3 6Hearts 
P1 3Hearts P2 QHearts P3 6Spades P0 7Hearts 
P0 3Diamonds P1 7Diamonds P2 KDiamonds P3 3Clubs 
P3 5Clubs P0 4Clubs P1 KClubs P2 2Clubs 
P1 JHearts P2 JClubs P3 7Clubs P0 AClubs 
P0 6Clubs P1 KHearts P2 KSpades P3 QClubs 
-- /GAME --
P0 HAND: 7Diamonds, QDiamonds, 6Diamonds, 4Diamonds, 3Diamonds, KHearts, JHearts, 5Hearts, JSpades, 4Spades.
P1 HAND: 2Diamonds, 7Clubs, JClubs, 5Clubs, 7Hearts, 4Hearts, 3Hearts, ASpades, KSpades, 5Spades.
P2 HAND: ADiamonds, JDiamonds, 5Diamonds, QClubs, 4Clubs, 2Clubs, AHearts, 2Hearts, 7Spades, 6Spades.
P3 HAND: KDiamonds, AClubs, KClubs, 6Clubs, 3Clubs, QHearts, 6Hearts, QSpades, 3Spades, 2Spades.
P0 3Diamonds P1 2Diamonds P2 5Diamonds P3 KDiamonds 
P3 AClubs P0 7Diamonds P1 5Clubs P2 QClubs 
P0 4Diamonds P1 3Hearts P2 JDiamonds P3 2Spades 
P2 AHearts P3 6Hearts P0 KHearts P1 4Hearts 
P2 2Clubs P3 3Clubs P0 5Hearts P1 7Clubs 
P1 ASpades P2 6Spades P3 QSpades P0 4Spades 
P1 5Spades P2 7Spades P3 3Spades P0 JSpades 
P2 2Hearts P3 QHearts P0 JHearts P1 7Hearts 
P1 JClubs P2 4Clubs P3 6Clubs P0 6Diamonds 
P0 QDiamonds P1 KSpades P2 ADiamonds P3 KClubs 
-- /GAME --
P0 HAND: QDiamonds, AClubs, 7Clubs, 6Clubs, 3Clubs, 2Clubs, 7Hearts, JHearts, JSpades, 6Spades.
P1 HAND: ADiamonds, JDiamonds, 6Diamonds, 4Diamonds, 3Diamonds, KHearts, 6Hearts, 5Hearts, 3Hearts, 5Spades.
P2 HAND: 7Diamonds, KDiamonds, 5Diamonds, KClubs, JClubs, AHearts, 7Spades, QSpades, 3Spades, 2Spades.
P3 HAND: 2Diamonds, QClubs, 5Clubs, 4Clubs, QHearts, 4Hearts, 2Hearts, ASpades, KSpades, 4Spades.
P3 ASpades P0 6Spades P1 5Spades P2 2Spades 
P3 2Diamonds P0 QDiamonds P1 ADiamonds P2 5Diamonds 
P1 3Diamonds P2 KDiamonds P3 4Clubs P0 7Clubs 
P2 3Spades P3 4Spades P0 JSpades P1 4Diamonds 
P0 AClubs P1 3Hearts P2 JClubs P3 QClubs 
P1 6Diamonds P2 7Diamonds P3 2Hearts P0 7Hearts 
P0 2Clubs P1 5Hearts P2 KClubs P3 5Clubs 
P1 JDiamonds P2 QSpades P3 4Hearts P0 JHearts 
P0 6Clubs P1 6Hearts P2 AHearts P3 KSpades 
P2 7Spades P3 QHearts P0 3Clubs P1 KHearts 
-- /GAME --
P0 HAND: KDiamonds, JDiamonds, 4Diamonds, 3Diamonds, 2Diamonds, AClubs, 5Spades, 4Spades, 3Spades, 2Spades.
P1 HAND: 5Diamonds, 5Clubs, 3Clubs, AHearts, KHearts, JHearts, 4Hearts, 3Hearts, ASpades, JSpades.
P2 HAND: 7Diamonds, QDiamonds, 6Diamonds, 7Clubs, JClubs, 6Clubs, 4Clubs, 7Hearts, 5Hearts, 2Hearts.
P3 HAND: ADiamonds, KClubs, QClubs, 2Clubs, QHearts, 6Hearts, 7Spades, KSpades, QSpades, 6Spades.
P2 4Clubs P3 2Clubs P0 AClubs P1 3Clubs 

