-- GAME --
P0 HAND: KDiamonds, JDiamonds, KClubs, 3Clubs, AHearts, KHearts, 5Hearts, 2Hearts, JSpades, 6Spades.
P1 HAND: 5Diamonds, 3Diamonds, AClubs, QClubs, 2Clubs, 7Hearts, QHearts, 6Hearts, 3Hearts, 2Spades.
P2 HAND: QDiamonds, 6Diamonds, 4Diamonds, 2Diamonds, ASpades, 7Spades, KSpades, 5Spades, 4Spades, 3Spades.
P3 HAND: ADiamonds, 7Diamonds, 7Clubs, JClubs, 6Clubs, 5Clubs, 4Clubs, JHearts, 4Hearts, QSpades.
P2 2Diamonds P3 ADiamonds P0 JDiamonds P1 5Diamonds 
P3 4Clubs P0 3Clubs P1 AClubs P2 3Spades 
P1 2Clubs P2 4Diamonds P3 7Clubs P0 KClubs 
P3 5Clubs P0 6Spades P1 QClubs P2 4Spades 
P1 2Spades P2 5Spades P3 QSpades P0 JSpades 
P0 2Hearts P1 3Hearts P2 6Diamonds P3 4Hearts 
P3 6Clubs P0 KDiamonds P1 3Diamonds P2 QDiamonds 
P3 JClubs P0 KHearts P1 7Hearts P2 KSpades 
P1 6Hearts P2 7Spades P3 JHearts P0 5Hearts 
P3 7Diamonds P0 AHearts P1 QHearts P2 ASpades 
-- /GAME --
P0 HAND: ADiamonds, 5Diamonds, 4Diamonds, 2Diamonds, 4Clubs, 3Clubs, AHearts, 3Hearts, ASpades, JSpades.
P1 HAND: 3Diamonds, AClubs, 6Clubs, 2Clubs, KHearts, JHearts, 6Hearts, 5Hearts, 6Spades, 3Spades.
P2 HAND: JDiamonds, QDiamonds, 7Clubs, JClubs, QClubs, 7Hearts, QHearts, KSpades, QSpades, 2Spades.
P3 HAND: 7Diamonds, KDiamonds, 6Diamonds, KClubs, 5Clubs, 4Hearts, 2Hearts, 7Spades, 5Spades, 4Spades.
P1 AClubs P2 QClubs P3 KClubs P0 3Clubs 
P1 2Clubs P2 JClubs P3 5Clubs P0 4Clubs 
P2 QDiamonds P3 6Diamonds P0 ADiamonds P1 3Diamonds 
P0 AHearts P1 5Hearts P2 7Hearts P3 2Hearts 
P0 3Hearts P1 6Hearts P2 QHearts P3 4Hearts 
P2 JDiamonds P3 KDiamonds P0 2Diamonds P1 KHearts 
P3 4Spades P0 JSpades P1 3Spades P2 2Spades 
P0 4Diamonds P1 6Clubs P2 QSpades P3 7Diamonds 
P2 KSpades P3 5Spades P0 ASpades P1 6Spades 
P0 5Diamonds P1 JHearts P2 7Clubs P3 7Spades 
-- /GAME --
P0 HAND: 7Diamonds, QDiamonds, 3Diamonds, 4Clubs, 3Clubs, 7Hearts, QHearts, 5Hearts, 2Hearts, KSpades.
P1 HAND: 5Diamonds, 2Diamonds, KClubs, JClubs, 5Clubs, AHearts, KHearts, 6Hearts, 4Hearts, QSpades.
P2 HAND: ADiamonds, JDiamonds, 7Clubs, 2Clubs, JHearts, ASpades, 7Spades, 6Spades, 5Spades, 2Spades.
P3 HAND: KDiamonds, 6Diamonds, 4Diamonds, AClubs, QClubs, 6Clubs, 3Hearts, JSpades, 4Spades, 3Spades.
P0 KSpades P1 QSpades P2 ASpades P3 3Spades 
P2 ADiamonds P3 4Diamonds P0 7Diamonds P1 2Diamonds 
P2 2Spades P3 4Spades P0 3Clubs P1 4Hearts 
P0 3Diamonds P1 5Diamonds P2 JDiamonds P3 KDiamonds 
P3 3Hearts P0 QHearts P1 AHearts P2 JHearts 
P1 6Hearts P2 5Spades P3 6Diamonds P0 7Hearts 
P0 2Hearts P1 KHearts P2 6Spades P3 JSpades 
P1 5Clubs P2 2Clubs P3 6Clubs P0 4Clubs 
P3 QClubs P0 QDiamonds P1 JClubs P2 7Clubs 
P2 7Spades P3 AClubs P0 5Hearts P1 KClubs 
-- /GAME --
P0 HAND: KDiamonds, 6Diamonds, 4Diamonds, AClubs, KClubs, QClubs, AHearts, 7Spades, QSpades, 2Spades.
P1 HAND: ADiamonds, 5Clubs, 4Clubs, KHearts, JHearts, 5Hearts, 4Hearts, ASpades, 6Spades, 4Spades.
P2 HAND: QDiamonds, 3Diamonds, JClubs, 3Clubs, 7Hearts, QHearts, 2Hearts, KSpades, JSpades, 3Spades.
P3 HAND: 7Diamonds, JDiamonds, 5Diamonds, 2Diamonds, 7Clubs, 6Clubs, 2Clubs, 6Hearts, 3Hearts, 5Spades.
P3 2Clubs P0 AClubs P1 4Clubs P2 JClubs 
P0 AHearts P1 4Hearts P2 7Hearts P3 3Hearts 
P0 QClubs P1 5Clubs P2 3Clubs P3 7Clubs 
P3 5Spades P0 2Spades P1 ASpades P2 3Spades 
P1 4Spades P2 JSpades P3 6Clubs P0 7Spades 
P0 QSpades P1 6Spades P2 KSpades P3 2Diamonds 
P3 6Hearts P0 KDiamonds P1 5Hearts P2 QHearts 
P0 4Diamonds P1 ADiamonds P2 3Diamonds P3 5Diamonds 
P1 JHearts P2 2Hearts P3 JDiamonds P0 6Diamonds 
P3 7Diamonds P0 KClubs P1 KHearts P2 QDiamonds 
-- /GAME --
P0 HAND: ADiamonds, 7Diamonds, 5Diamonds, 3Diamonds, 7Clubs, AHearts, KHearts, JSpades, 3Spades, 2Spades.
P1 HAND: KDiamonds, JDiamonds, 3Clubs, 2Clubs, QHearts, 4Hearts, 3Hearts, 7Spades, 6Spades, 5Spades.
P2 HAND: 6Diamonds, AClubs, QClubs, 6Clubs, 7Hearts, JHearts, 6Hearts, ASpades, KSpades, QSpades.
P3 HAND: QDiamonds, 4Diamonds, 2Diamonds, KClubs, JClubs, 5Clubs, 4Clubs, 5Hearts, 2Hearts, 4Spades.
P2 AClubs P3 4Clubs P0 7Clubs P1 2Clubs 
P2 ASpades P3 4Spades P0 JSpades P1 5Spades 
P2 6Diamonds P3 2Diamonds P0 ADiamonds P1 JDiamonds 
P0 2Spades P1 6Spades P2 QSpades P3 4Diamonds 
P2 6Clubs P3 5Clubs P0 3Spades P1 3Clubs 
P2 QClubs P3 JClubs P0 KHearts P1 KDiamonds 
P0 3Diamonds P1 3Hearts P2 6Hearts P3 QDiamonds 
P2 JHearts P3 2Hearts P0 AHearts P1 4Hearts 
P0 7Diamonds P1 QHearts P2 7Hearts P3 KClubs 
P2 KSpades P3 5Hearts P0 5Diamonds P1 7Spades 
-- /GAME --
P0 HAND: JDiamonds, JClubs, QClubs, 5Clubs, JHearts, QHearts, 6Hearts, 5Hearts, 6Spades, 3Spades.
P1 HAND: KDiamonds, 6Diamonds, 4Diamonds, 7Clubs, KClubs, 3Clubs, AHearts, KHearts, 4Hearts, ASpades.
P2 HAND: 7Diamonds, 3Diamonds, 6Clubs, 7Hearts, 2Hearts, 7Spades, KSpades, JSpades, 5Spades, 4Spades.
P3 HAND: ADiamonds, QDiamonds, 5Diamonds, 2Diamonds, AClubs, 4Clubs, 2Clubs, 3Hearts, QSpades, 2Spades.

