-- GAME --
P0 2Hearts P1 3Hearts P2 AHearts 
P2 ASpades P3 4Spades P0 3Spades P1 2Spades 
P2 2Diamonds P3 6Diamonds P0 ADiamonds P1 3Diamonds 
P0 3Clubs P1 4Diamonds P2 2Clubs P3 5Clubs 
P3 QDiamonds P0 7Clubs P1 5Diamonds P2 KHearts 
P0 JSpades P1 5Hearts P2 KSpades P3 7Spades 
P3 QHearts P0 4Clubs P1 6Hearts P2 JHearts 
P0 5Spades P1 JDiamonds P2 6Clubs P3 QSpades 
P2 QClubs P3 AClubs P0 JClubs P1 7Diamonds 
P3 7Hearts P0 6Spades P1 KDiamonds P2 KClubs 
-- /GAME --
P0 HAND: 7Diamonds, KDiamonds, 7Clubs, KClubs, 3Clubs, 4Hearts, 7Spades, 6Spades, 3Spades, 2Spades.
P1 HAND: 6Diamonds, 5Diamonds, 3Diamonds, 2Diamonds, AHearts, KHearts, QHearts, 6Hearts, 2Hearts, JSpades.
P2 HAND: 4Diamonds, AClubs, JClubs, QClubs, 6Clubs, 5Clubs, 2Clubs, 3Hearts, KSpades, 4Spades.
P3 HAND: ADiamonds, JDiamonds, QDiamonds, 4Clubs, 7Hearts, JHearts, 5Hearts, ASpades, QSpades, 5Spades.
P2 2Clubs P3 4Clubs P0 KClubs P1 2Diamonds 
P0 2Spades P1 JSpades P2 4Spades P3 ASpades 
P3 ADiamonds P0 KDiamonds P1 6Diamonds P2 4Diamonds 
P3 5Spades P0 7Spades P1 2Hearts P2 KSpades 
P1 3Diamonds P2 5Clubs P3 QDiamonds P0 7Diamonds 
P0 7Clubs P1 6Hearts P2 6Clubs P3 JDiamonds 
P1 5Diamonds P2 QClubs P3 QSpades P0 3Spades 
P1 QHearts P2 3Hearts P3 5Hearts P0 4Hearts 
P1 KHearts P2 JClubs P3 JHearts P0 3Clubs 
P1 AHearts P2 AClubs P3 7Hearts P0 6Spades 
-- /GAME --
P0 HAND: ADiamonds, 5Diamonds, 2Diamonds, AClubs, 5Clubs, KHearts, QHearts, 5Hearts, 2Hearts, 4Spades.
P1 HAND: QDiamonds, 3Diamonds, KClubs, 4Clubs, JHearts, 6Hearts, ASpades, 7Spades, JSpades, 5Spades.
P2 HAND: 7Diamonds, KDiamonds, 7Clubs, QClubs, 2Clubs, AHearts, 7Hearts, 3Hearts, QSpades, 3Spades.
P3 HAND: JDiamonds, 6Diamonds, 4Diamonds, JClubs, 6Clubs, 3Clubs, 4Hearts, KSpades, 6Spades, 2Spades.
P1 ASpades P2 3Spades P3 KSpades P0 4Spades 
P1 3Diamonds P2 KDiamonds P3 4Diamonds P0 ADiamonds 
P0 AClubs P1 4Clubs P2 7Clubs P3 3Clubs 
P0 2Hearts P1 6Hearts P2 3Hearts P3 4Hearts 
P1 5Spades P2 QSpades P3 2Spades P0 2Diamonds 
P2 2Clubs P3 6Clubs P0 5Clubs P1 KClubs 
P1 QDiamonds P2 7Diamonds P3 6Diamonds P0 5Diamonds 
P2 QClubs P3 JClubs P0 KHearts P1 JSpades 
P0 QHearts P1 JHearts P2 7Hearts P3 6Spades 
P2 AHearts P3 JDiamonds P0 5Hearts P1 7Spades 
-- /GAME --
P0 HAND: 6Diamonds, 5Diamonds, JClubs, 5Clubs, 2Clubs, 6Hearts, 2Hearts, KSpades, JSpades, 6Spades.
P1 HAND: ADiamonds, QDiamonds, 3Diamonds, AClubs, QClubs, 4Clubs, 7Hearts, KHearts, QHearts, 5Hearts.
P2 HAND: KDiamonds, JDiamonds, KClubs, 3Clubs, AHearts, JHearts, 4Hearts, 7Spades, 5Spades, 4Spades.
P3 HAND: 7Diamonds, 4Diamonds, 2Diamonds, 7Clubs, 6Clubs, 3Hearts, ASpades, QSpades, 3Spades, 2Spades.
P0 2Hearts P1 5Hearts P2 AHearts P3 3Hearts 
P2 3Clubs P3 6Clubs P0 2Clubs P1 AClubs 
P1 4Clubs P2 KClubs P3 7Clubs P0 5Clubs 
P3 ASpades P0 6Spades P1 7Hearts P2 4Spades 
P3 2Spades P0 KSpades P1 QClubs P2 7Spades 
P2 4Hearts P3 3Spades P0 6Hearts P1 KHearts 
P1 QHearts P2 JHearts P3 2Diamonds P0 5Diamonds 
P0 6Diamonds P1 3Diamonds P2 JDiamonds P3 4Diamonds 
P2 5Spades P3 QSpades P0 JSpades P1 QDiamonds 
P1 ADiamonds P2 KDiamonds P3 7Diamonds P0 JClubs 
-- /GAME --
P0 HAND: ADiamonds, 3Diamonds, AClubs, 4Clubs, 3Clubs, 2Clubs, 5Hearts, 3Hearts, 5Spades, 4Spades.
P1 HAND: QDiamonds, 2Diamonds, 6Clubs, 5Clubs, AHearts, 7Hearts, KHearts, JHearts, QHearts, 3Spades.
P2 HAND: KDiamonds, JDiamonds, KClubs, QClubs, 4Hearts, 2Hearts, ASpades, 7Spades, JSpades, QSpades.
P3 HAND: 7Diamonds, 6Diamonds, 5Diamonds, 4Diamonds, 7Clubs, JClubs, 6Hearts, KSpades, 6Spades, 2Spades.
P3 4Diamonds P0 ADiamonds P1 2Diamonds P2 KDiamonds 
P0 AClubs P1 5Clubs P2 KClubs P3 JClubs 
P0 3Diamonds P1 QDiamonds P2 JDiamonds P3 7Diamonds 
P3 5Diamonds P0 4Spades P1 6Clubs P2 QClubs 
P0 5Spades P1 3Spades P2 QSpades P3 2Spades 
P2 2Hearts P3 6Hearts P0 3Hearts P1 AHearts 
P1 QHearts P2 4Hearts P3 6Diamonds P0 5Hearts 
P1 JHearts P2 JSpades P3 KSpades P0 2Clubs 
P3 6Spades P0 4Clubs P1 KHearts P2 7Spades 
P2 ASpades P3 7Clubs P0 3Clubs P1 7Hearts 
-- /GAME --
P0 HAND: KDiamonds, 4Diamonds, 3Diamonds, AClubs, KClubs, JClubs, 4Clubs, KHearts, JSpades, 4Spades.
P1 HAND: ADiamonds, 7Diamonds, JDiamonds, QDiamonds, 6Diamonds, 5Diamonds, JHearts, 7Spades, KSpades, 2Spades.
P2 HAND: 7Clubs, QClubs, 6Clubs, 5Clubs, 2Clubs, AHearts, 6Hearts, 5Hearts, 2Hearts, QSpades.
P3 HAND: 2Diamonds, 3Clubs, 7Hearts, QHearts, 4Hearts, 3Hearts, ASpades, 6Spades, 5Spades, 3Spades.
P2 AHearts P3 3Hearts P0 KHearts P1 JHearts 
P2 2Clubs P3 3Clubs P0 AClubs P1 5Diamonds 
P1 2Spades P2 QSpades P3 ASpades P0 4Spades 
P3 3Spades P0 JSpades P1 7Spades P2 2Hearts 
P1 6Diamonds P2 5Clubs P3 2Diamonds P0 KDiamonds 
P0 3Diamonds P1 QDiamonds P2 5Hearts P3 7Hearts 
P1 JDiamonds P2 6Clubs P3 4Hearts P0 4Diamonds 
P1 7Diamonds P2 6Hearts P3 5Spades P0 4Clubs 
P1 ADiamonds P2 QClubs P3 6Spades P0 JClubs 
P1 KSpades P2 7Clubs P3 QHearts P0 KClubs 
-- /GAME --
P0 HAND: 6Diamonds, 7Clubs, KClubs, JClubs, 6Clubs, AHearts, 7Hearts, 2Hearts, JSpades, 3Spades.
P1 HAND: 3Diamonds, 2Diamonds, 3Clubs, 2Clubs, KHearts, ASpades, KSpades, 6Spades, 4Spades, 2Spades.
P2 HAND: KDiamonds, JDiamonds, 5Diamonds, 4Diamonds, AClubs, QClubs, 5Hearts, 4Hearts, QSpades, 5Spades.
P3 HAND: ADiamonds, 7Diamonds, QDiamonds, 5Clubs, 4Clubs, JHearts, QHearts, 6Hearts, 3Hearts, 7Spades.
P1 2Diamonds P2 4Diamonds P3 ADiamonds P0 6Diamonds 
P3 3Hearts P0 AHearts P1 KHearts P2 5Hearts 
P0 7Hearts P1 2Spades P2 4Hearts P3 JHearts 
P1 2Clubs P2 AClubs P3 4Clubs P0 KClubs 
P2 5Diamonds P3 QDiamonds P0 2Hearts P1 3Diamonds 
P3 5Clubs P0 7Clubs P1 3Clubs P2 QClubs 
P0 JClubs P1 4Spades P2 5Spades P3 6Hearts 
P2 JDiamonds P3 7Diamonds P0 JSpades P1 KSpades 
P1 6Spades P2 QSpades P3 7Spades P0 3Spades 
P3 QHearts P0 6Clubs P1 ASpades P2 KDiamonds 
-- /GAME --
P0 HAND: KDiamonds, JDiamonds, QDiamonds, 2Diamonds, 2Clubs, 7Hearts, 2Hearts, KSpades, JSpades, 3Spades.
P1 HAND: 4Diamonds, KClubs, QClubs, 6Clubs, AHearts, 5Hearts, 4Hearts, ASpades, 7Spades, 6Spades.
P2 HAND: ADiamonds, 7Diamonds, 5Diamonds, AClubs, 5Clubs, 3Clubs, QHearts, 3Hearts, QSpades, 5Spades.
P3 HAND: 6Diamonds, 3Diamonds, 7Clubs, JClubs, 4Clubs, KHearts, JHearts, 6Hearts, 4Spades, 2Spades.
P0 2Clubs P1 6Clubs P2 3Clubs P3 4Clubs 
P1 AHearts P2 3Hearts P3 KHearts P0 2Hearts 
P1 ASpades P2 5Spades P3 4Spades P0 3Spades 
P1 4Diamonds P2 ADiamonds P3 3Diamonds P0 KDiamonds 
P2 5Diamonds P3 6Diamonds P0 JDiamonds P1 4Hearts 
P0 QDiamonds P1 5Hearts P2 7Diamonds P3 JClubs 
P3 2Spades P0 KSpades P1 7Spades P2 QSpades 
P1 6Spades P2 QHearts P3 6Hearts P0 JSpades 
P0 7Hearts P1 QClubs P2 AClubs P3 JHearts 
P2 5Clubs P3 7Clubs P0 2Diamonds P1 KClubs 
-- /GAME --
P0 HAND: QDiamonds, 2Clubs, AHearts, QHearts, 6Hearts, 4Hearts, 3Hearts, ASpades, 4Spades, 2Spades.
P1 HAND: 6Diamonds, 4Diamonds, QClubs, 5Clubs, 4Clubs, 3Clubs, 7Hearts, JHearts, 7Spades, 5Spades.
P2 HAND: 5Diamonds, 2Diamonds, AClubs, 7Clubs, 6Clubs, 5Hearts, JSpades, QSpades, 6Spades, 3Spades.
P3 HAND: ADiamonds, 7Diamonds, KDiamonds, JDiamonds, 3Diamonds, KClubs, JClubs, KHearts, 2Hearts, KSpades.
P1 3Clubs P2 AClubs P3 JClubs P0 2Clubs 
P2 2Diamonds P3 ADiamonds P0 QDiamonds P1 6Diamonds 
P3 3Diamonds P0 3Hearts P1 4Diamonds P2 5Diamonds 
P0 AHearts P1 JHearts P2 5Hearts P3 2Hearts 
P0 4Hearts P1 7Hearts P2 3Spades P3 KHearts 
P1 4Clubs P2 6Clubs P3 KClubs P0 6Hearts 
P0 QHearts P1 5Clubs P2 6Spades P3 JDiamonds 
P0 ASpades P1 5Spades P2 JSpades P3 KSpades 
P0 2Spades P1 7Spades P2 QSpades P3 7Diamonds 
P1 QClubs P2 7Clubs P3 KDiamonds P0 4Spades 
-- /GAME --
P0 HAND: ADiamonds, 5Diamonds, AClubs, 5Clubs, 4Clubs, KHearts, QHearts, 4Hearts, QSpades, 2Spades.
P1 HAND: QDiamonds, 3Diamonds, 2Diamonds, 2Clubs, 7Hearts, JHearts, 3Hearts, 2Hearts, ASpades, 6Spades.
P2 HAND: KDiamonds, JDiamonds, 4Diamonds, KClubs, QClubs, 6Clubs, 6Hearts, 5Hearts, KSpades, 4Spades.
P3 HAND: 7Diamonds, 6Diamonds, 7Clubs, JClubs, 3Clubs, AHearts, 7Spades, JSpades, 5Spades, 3Spades.
P0 ADiamonds P1 2Diamonds P2 4Diamonds P3 6Diamonds 
P0 5Diamonds P1 3Diamonds P2 JDiamonds P3 7Diamonds 
P3 AHearts P0 4Hearts P1 7Hearts P2 5Hearts 
P3 3Clubs P0 AClubs P1 2Clubs P2 KClubs 
P0 5Clubs P1 2Hearts P2 6Clubs P3 7Clubs 
P3 3Spades P0 QSpades P1 ASpades P2 4Spades 
P1 3Hearts P2 6Hearts P3 5Spades P0 KHearts 
P0 QHearts P1 JHearts P2 KDiamonds P3 JClubs 
P2 QClubs P3 JSpades P0 4Clubs P1 QDiamonds 
P1 6Spades P2 KSpades P3 7Spades P0 2Spades 
-- /GAME --
P0 HAND: KDiamonds, 6Diamonds, 4Diamonds, 7Clubs, KClubs, 3Clubs, 7Hearts, 3Hearts, JSpades, QSpades.
P1 HAND: JDiamonds, 3Diamonds, AClubs, 2Clubs, JHearts, 5Hearts, 4Hearts, ASpades, 6Spades, 5Spades.
P2 HAND: 7Diamonds, JClubs, QClubs, 4Clubs, AHearts, QHearts, 2Hearts, 7Spades, KSpades, 4Spades.
P3 HAND: ADiamonds, QDiamonds, 5Diamonds, 2Diamonds, 6Clubs, 5Clubs, KHearts, 6Hearts, 3Spades, 2Spades.
P3 ADiamonds P0 4Diamonds P1 JDiamonds P2 7Diamonds 
P3 2Diamonds P0 KDiamonds P1 3Diamonds P2 7Spades 
P0 6Diamonds P1 2Clubs P2 4Clubs P3 QDiamonds 
P3 2Spades P0 QSpades P1 ASpades P2 4Spades 
P1 AClubs P2 QClubs P3 6Clubs P0 3Clubs 
P1 5Spades P2 KSpades P3 3Spades P0 JSpades 
P2 JClubs P3 5Clubs P0 7Clubs P1 4Hearts 
P1 6Spades P2 2Hearts P3 5Diamonds P0 KClubs 
P2 QHearts P3 6Hearts P0 3Hearts P1 5Hearts 
P2 AHearts P3 KHearts P0 7Hearts P1 JHearts 
-- /GAME --
P0 HAND: QDiamonds, QClubs, 3Clubs, JHearts, 5Hearts, ASpades, QSpades, 5Spades, 4Spades, 2Spades.
P1 HAND: ADiamonds, 6Diamonds, 2Diamonds, AClubs, KClubs, 5Clubs, 2Clubs, 3Hearts, 7Spades, KSpades.
P2 HAND: JDiamonds, 5Diamonds, 4Diamonds, 3Diamonds, JClubs, 6Clubs, AHearts, 4Hearts, JSpades, 3Spades.
P3 HAND: 7Diamonds, KDiamonds, 7Clubs, 4Clubs, 7Hearts, KHearts, QHearts, 6Hearts, 2Hearts, 6Spades.

