-- GAME --
P0 5Diamonds P1 ADiamonds P2 QDiamonds 
P1 3Diamonds P2 7Diamonds P3 4Diamonds P0 JDiamonds 
P2 4Spades P3 5Clubs P0 6Spades P1 3Spades 
P0 2Clubs P1 5Spades P2 QSpades P3 7Clubs 
P3 6Diamonds P0 2Hearts P1 KDiamonds P2 7Spades 
P0 4Clubs P1 3Hearts P2 5Hearts P3 JClubs 
P2 6Hearts P3 7Hearts P0 QHearts P1 4Hearts 
P3 AHearts P0 QClubs P1 JHearts P2 KHearts 
-- /GAME --
P0 HAND: 2Diamonds, 5Clubs, 2Clubs, KHearts, JHearts, QHearts, 6Hearts, QSpades, 6Spades, 2Spades.
P1 HAND: ADiamonds, 3Diamonds, AClubs, QClubs, 6Clubs, 4Clubs, 3Clubs, 2Hearts, KSpades, 5Spades.
P2 HAND: 7Diamonds, KDiamonds, JDiamonds, QDiamonds, 4Diamonds, JClubs, 5Hearts, 4Hearts, JSpades, 4Spades.
P3 HAND: 6Diamonds, 5Diamonds, 7Clubs, KClubs, AHearts, 7Hearts, 3Hearts, ASpades, 7Spades, 3Spades.
P1 ADiamonds P2 4Diamonds P3 6Diamonds P0 2Diamonds 
P1 2Hearts P2 4Hearts P3 AHearts P0 6Hearts 
P3 3Hearts P0 KHearts P1 3Diamonds P2 5Hearts 
P0 2Clubs P1 AClubs P2 JClubs P3 7Clubs 
P1 3Clubs P2 QDiamonds P3 KClubs P0 5Clubs 
P3 5Diamonds P0 QHearts P1 4Clubs P2 7Diamonds 
P2 JDiamonds P3 3Spades P0 6Spades P1 6Clubs 
P0 JHearts P1 QClubs P2 4Spades P3 7Hearts 
P2 JSpades P3 7Spades P0 2Spades P1 5Spades 
P3 ASpades P0 QSpades P1 KSpades P2 KDiamonds 
-- /GAME --
P0 HAND: ADiamonds, JDiamonds, 6Diamonds, 4Diamonds, 4Clubs, 2Clubs, AHearts, 6Hearts, 4Hearts, JSpades.
P1 HAND: 7Diamonds, KDiamonds, 5Diamonds, 2Diamonds, AClubs, KClubs, KHearts, 3Hearts, ASpades, QSpades.
P2 HAND: QDiamonds, 3Diamonds, JClubs, 6Clubs, 5Clubs, 3Clubs, 7Hearts, 5Hearts, 7Spades, 4Spades.
P3 HAND: 7Clubs, QClubs, JHearts, QHearts, 2Hearts, KSpades, 6Spades, 5Spades, 3Spades, 2Spades.
P0 AHearts P1 3Hearts P2 7Hearts P3 2Hearts 
P0 ADiamonds P1 2Diamonds P2 QDiamonds P3 2Spades 
P3 QClubs P0 2Clubs P1 AClubs P2 3Clubs 
P1 5Diamonds P2 3Diamonds P3 QHearts P0 JDiamonds 
P0 4Diamonds P1 KDiamonds P2 5Clubs P3 7Clubs 
P1 QSpades P2 4Spades P3 3Spades P0 JSpades 
P0 4Clubs P1 KClubs P2 6Clubs P3 JHearts 
P1 ASpades P2 7Spades P3 5Spades P0 6Diamonds 
P1 KHearts P2 5Hearts P3 6Spades P0 6Hearts 
P3 KSpades P0 4Hearts P1 7Diamonds P2 JClubs 
-- /GAME --
P0 HAND: ADiamonds, 2Diamonds, KClubs, 5Clubs, JHearts, 5Hearts, 3Hearts, KSpades, 5Spades, 4Spades.
P1 HAND: 7Diamonds, KDiamonds, QDiamonds, 6Diamonds, 5Diamonds, 4Diamonds, 7Clubs, JClubs, QClubs, 6Hearts.
P2 HAND: AClubs, 4Clubs, AHearts, 4Hearts, 2Hearts, JSpades, QSpades, 6Spades, 3Spades, 2Spades.
P3 HAND: JDiamonds, 3Diamonds, 6Clubs, 3Clubs, 2Clubs, 7Hearts, KHearts, QHearts, ASpades, 7Spades.
P0 ADiamonds P1 4Diamonds P2 AHearts P3 3Diamonds 
P0 KSpades P1 5Diamonds P2 2Spades P3 ASpades 
P3 7Hearts P0 JHearts P1 6Hearts P2 2Hearts 
P3 7Spades P0 5Spades P1 7Diamonds P2 3Spades 
P3 QHearts P0 5Hearts P1 6Diamonds P2 4Hearts 
P3 JDiamonds P0 2Diamonds P1 QDiamonds P2 4Clubs 
P2 6Spades P3 2Clubs P0 4Spades P1 KDiamonds 
P3 3Clubs P0 5Clubs P1 QClubs P2 AClubs 
P2 QSpades P3 6Clubs P0 KClubs P1 7Clubs 
P1 JClubs P2 JSpades P3 KHearts P0 3Hearts 
-- /GAME --
P0 HAND: KDiamonds, JDiamonds, QDiamonds, 3Diamonds, 5Clubs, 2Clubs, 7Hearts, 6Hearts, 3Hearts, JSpades.
P1 HAND: 6Diamonds, 7Clubs, KClubs, JClubs, KHearts, 4Hearts, 2Hearts, ASpades, 3Spades, 2Spades.
P2 HAND: ADiamonds, 7Diamonds, 4Diamonds, 2Diamonds, 3Clubs, AHearts, 5Hearts, 6Spades, 5Spades, 4Spades.
P3 HAND: 5Diamonds, AClubs, QClubs, 6Clubs, 4Clubs, JHearts, QHearts, 7Spades, KSpades, QSpades.
P3 AClubs 
