-- GAME --
P0 HAND: ADiamonds, JDiamonds, 5Diamonds, AClubs, 7Clubs, KClubs, 5Clubs, AHearts, 5Hearts, KSpades.
P1 HAND: 7Diamonds, 6Diamonds, QClubs, 7Hearts, JHearts, 4Hearts, ASpades, 7Spades, QSpades, 2Spades.
P2 HAND: KDiamonds, QDiamonds, 3Diamonds, 3Clubs, KHearts, QHearts, 3Hearts, JSpades, 6Spades, 3Spades.
P3 HAND: 4Diamonds, 2Diamonds, JClubs, 6Clubs, 4Clubs, 2Clubs, 6Hearts, 2Hearts, 5Spades, 4Spades.
P1 ASpades P2 3Spades P3 5Spades P0 KSpades 
P1 2Spades P2 6Spades P3 4Spades P0 5Diamonds 
P2 3Diamonds P3 2Diamonds P0 JDiamonds P1 7Diamonds 
P1 6Diamonds P2 QDiamonds P3 4Diamonds P0 ADiamonds 
P0 AClubs P1 QClubs P2 3Clubs P3 2Clubs 
P0 5Hearts P1 4Hearts P2 3Hearts P3 2Hearts 
P0 5Clubs P1 QSpades P2 QHearts P3 4Clubs 
P2 JSpades P3 6Clubs P0 KClubs P1 7Spades 
P1 JHearts P2 KHearts P3 6Hearts P0 AHearts 
P0 7Clubs P1 7Hearts P2 KDiamonds P3 JClubs 
-- /GAME --
P0 HAND: QDiamonds, AClubs, JClubs, QClubs, 3Clubs, 7Hearts, QHearts, 6Hearts, 5Hearts, 4Hearts.
P1 HAND: ADiamonds, 7Diamonds, 3Diamonds, 2Diamonds, 6Clubs, 4Clubs, 3Hearts, 2Hearts, 4Spades, 2Spades.
P2 HAND: KDiamonds, JDiamonds, 5Diamonds, 4Diamonds, 5Clubs, 2Clubs, AHearts, JHearts, JSpades, QSpades.
P3 HAND: 6Diamonds, 7Clubs, KClubs, KHearts, ASpades, 7Spades, KSpades, 6Spades, 5Spades, 3Spades.
P0 QDiamonds P1 ADiamonds P2 4Diamonds P3 6Diamonds 
P1 2Diamonds P2 5Diamonds P3 3Spades P0 3Clubs 
P3 5Spades P0 5Hearts P1 2Spades P2 QSpades 
P2 AHearts P3 KHearts P0 7Hearts P1 2Hearts 
P2 2Clubs P3 KClubs P0 AClubs P1 4Clubs 
P0 QHearts P1 3Hearts P2 JHearts P3 6Spades 
P3 KSpades P0 6Hearts P1 4Spades P2 JSpades 
P3 7Spades P0 4Hearts P1 3Diamonds P2 5Clubs 
P3 ASpades P0 QClubs P1 6Clubs P2 JDiamonds 
P3 7Clubs P0 JClubs P1 7Diamonds P2 KDiamonds 
-- /GAME --
P0 HAND: 4Diamonds, 2Diamonds, AClubs, 4Clubs, 2Clubs, 7Hearts, KHearts, 3Hearts, KSpades, 3Spades.
P1 HAND: 7Diamonds, KDiamonds, JDiamonds, 6Diamonds, 6Clubs, 3Clubs, JHearts, 6Hearts, ASpades, QSpades.
P2 HAND: 3Diamonds, 7Clubs, QClubs, 5Clubs, AHearts, 5Hearts, 7Spades, 6Spades, 5Spades, 2Spades.
P3 HAND: ADiamonds, QDiamonds, 5Diamonds, KClubs, JClubs, QHearts, 4Hearts, 2Hearts, JSpades, 4Spades.
P3 ADiamonds P0 4Diamonds P1 7Diamonds P2 3Diamonds 
P3 4Spades P0 KSpades P1 ASpades P2 2Spades 
P1 3Clubs P2 5Clubs P3 JClubs P0 AClubs 
P0 2Diamonds P1 6Diamonds P2 5Spades P3 QDiamonds 
P3 5Diamonds P0 4Clubs P1 JDiamonds P2 6Spades 
P1 6Clubs P2 QClubs P3 KClubs P0 2Clubs 
P3 JSpades P0 3Spades P1 QSpades P2 7Spades 
P2 5Hearts P3 2Hearts P0 KHearts P1 6Hearts 
P0 3Hearts P1 JHearts P2 AHearts P3 4Hearts 
P2 7Clubs P3 QHearts P0 7Hearts P1 KDiamonds 
-- /GAME --
P0 HAND: JDiamonds, 5Diamonds, AClubs, JClubs, QClubs, 7Hearts, JHearts, 4Hearts, 7Spades, 4Spades.
P1 HAND: ADiamonds, QDiamonds, 4Diamonds, 3Diamonds, 5Clubs, 2Clubs, KHearts, 2Hearts, 5Spades, 3Spades.
P2 HAND: 7Diamonds, KDiamonds, 2Diamonds, KClubs, AHearts, 6Hearts, ASpades, JSpades, 6Spades, 2Spades.
P3 HAND: 6Diamonds, 7Clubs, 6Clubs, 4Clubs, 3Clubs, QHearts, 5Hearts, 3Hearts, KSpades, QSpades.
P2 AHearts P3 3Hearts P0 7Hearts P1 2Hearts 
P2 ASpades P3 QSpades P0 7Spades P1 3Spades 
P2 2Spades P3 KSpades P0 4Spades P1 5Spades 
P3 3Clubs P0 AClubs P1 2Clubs P2 KClubs 
P0 JHearts P1 KHearts P2 6Hearts P3 QHearts 
P1 5Clubs P2 6Spades P3 7Clubs P0 QClubs 
P3 4Clubs P0 JClubs P1 3Diamonds P2 2Diamonds 
P1 4Diamonds P2 KDiamonds P3 6Diamonds P0 JDiamonds 
P2 JSpades P3 5Hearts P0 5Diamonds P1 QDiamonds 
P1 ADiamonds P2 7Diamonds P3 6Clubs P0 4Hearts 
-- /GAME --
P0 HAND: 7Diamonds, 3Diamonds, 7Clubs, 2Clubs, 7Hearts, QHearts, 6Hearts, 5Hearts, 2Hearts, KSpades.
P1 HAND: ADiamonds, KDiamonds, 5Diamonds, JClubs, QClubs, 5Clubs, 3Hearts, ASpades, 7Spades, 5Spades.
P2 HAND: JDiamonds, 6Diamonds, 4Diamonds, AClubs, 6Clubs, 3Clubs, AHearts, QSpades, 3Spades, 2Spades.
P3 HAND: QDiamonds, 2Diamonds, KClubs, 4Clubs, KHearts, JHearts, 4Hearts, JSpades, 6Spades, 4Spades.
P1 ADiamonds P2 4Diamonds P3 QDiamonds P0 3Diamonds 
P1 ASpades P2 2Spades P3 JSpades P0 KSpades 
P1 5Diamonds P2 6Diamonds P3 2Diamonds P0 7Diamonds 
P0 6Hearts P1 3Hearts P2 AHearts P3 4Hearts 
P2 AClubs P3 4Clubs P0 2Clubs P1 5Clubs 
P2 3Clubs P3 KClubs P0 7Clubs P1 QClubs 
P0 QHearts P1 5Spades P2 3Spades P3 JHearts 
P3 4Spades P0 5Hearts P1 7Spades P2 QSpades 
P0 7Hearts P1 JClubs P2 JDiamonds P3 KHearts 
P0 2Hearts P1 KDiamonds P2 6Clubs P3 6Spades 
-- /GAME --
P0 HAND: 6Diamonds, 4Diamonds, 2Diamonds, 5Clubs, 4Clubs, 3Clubs, 2Clubs, 2Hearts, 7Spades, JSpades.
P1 HAND: ADiamonds, KDiamonds, 7Clubs, KClubs, QClubs, 6Clubs, AHearts, 7Hearts, 3Hearts, QSpades.
P2 HAND: JDiamonds, QDiamonds, 5Diamonds, KHearts, JHearts, QHearts, 4Hearts, 6Spades, 3Spades, 2Spades.
P3 HAND: 7Diamonds, 3Diamonds, AClubs, JClubs, 6Hearts, 5Hearts, ASpades, KSpades, 5Spades, 4Spades.
P0 5Clubs P1 6Clubs P2 2Spades P3 JClubs 
P3 3Diamonds P0 6Diamonds P1 ADiamonds P2 5Diamonds 
P1 AHearts P2 4Hearts P3 6Hearts P0 2Hearts 
P1 3Hearts P2 QHearts P3 5Hearts P0 4Diamonds 
P2 3Spades P3 ASpades P0 JSpades P1 QSpades 
P3 4Spades P0 7Spades P1 QClubs P2 6Spades 
P1 KClubs P2 QDiamonds P3 AClubs P0 2Clubs 
P3 5Spades P0 2Diamonds P1 7Clubs P2 JDiamonds 
P1 KDiamonds P2 JHearts P3 7Diamonds P0 4Clubs 
P0 3Clubs P1 7Hearts P2 KHearts P3 KSpades 
-- /GAME --
P0 HAND: QDiamonds, 3Diamonds, 7Clubs, JClubs, 6Clubs, 4Clubs, 7Hearts, 2Hearts, KSpades, 6Spades.
P1 HAND: ADiamonds, AClubs, 5Clubs, 2Clubs, AHearts, QHearts, 6Hearts, JSpades, 5Spades, 2Spades.
P2 HAND: 7Diamonds, JDiamonds, 6Diamonds, 5Diamonds, KClubs, 3Clubs, 5Hearts, 4Hearts, 3Hearts, 3Spades.
P3 HAND: KDiamonds, 4Diamonds, 2Diamonds, QClubs, KHearts, JHearts, ASpades, 7Spades, QSpades, 4Spades.
P3 ASpades P0 6Spades P1 JSpades P2 3Spades 
P3 2Diamonds P0 QDiamonds P1 ADiamonds P2 5Diamonds 
P1 AHearts P2 3Hearts P3 KHearts P0 2Hearts 
P1 2Spades P2 4Hearts P3 7Spades P0 KSpades 
P3 4Diamonds P0 3Diamonds P1 5Spades P2 7Diamonds 
P2 5Hearts P3 JHearts P0 7Hearts P1 6Hearts 
P0 6Clubs P1 2Clubs P2 3Clubs P3 QClubs 
P3 4Spades P0 4Clubs P1 QHearts P2 JDiamonds 
P0 JClubs P1 5Clubs P2 KClubs P3 QSpades 
P2 6Diamonds P3 KDiamonds P0 7Clubs P1 AClubs 
-- /GAME --
P0 HAND: QDiamonds, 6Diamonds, 5Diamonds, 3Diamonds, QClubs, 3Clubs, 7Hearts, KHearts, 4Hearts, 2Spades.
P1 HAND: AClubs, 7Clubs, 6Clubs, 3Hearts, ASpades, 7Spades, QSpades, 5Spades, 4Spades, 3Spades.
P2 HAND: ADiamonds, KDiamonds, JDiamonds, 4Diamonds, KClubs, JClubs, 4Clubs, 2Clubs, 2Hearts, JSpades.
P3 HAND: 7Diamonds, 2Diamonds, 5Clubs, AHearts, JHearts, QHearts, 6Hearts, 5Hearts, KSpades, 6Spades.
P1 AClubs P2 2Clubs P3 5Clubs P0 3Clubs 
P1 3Hearts P2 2Hearts P3 AHearts P0 4Hearts 
P3 2Diamonds P0 QDiamonds P1 6Clubs P2 ADiamonds 
P2 4Diamonds P3 7Diamonds P0 6Diamonds P1 7Clubs 
P3 5Hearts P0 KHearts P1 3Spades P2 4Clubs 
P1 4Spades P2 JSpades P3 6Spades P0 2Spades 
P2 JDiamonds P3 6Hearts P0 5Diamonds P1 5Spades 
P1 QSpades P2 JClubs P3 KSpades P0 3Diamonds 
P3 QHearts P0 7Hearts P1 7Spades P2 KDiamonds 
P1 ASpades P2 KClubs P3 JHearts P0 QClubs 
-- /GAME --
P0 HAND: ADiamonds, JDiamonds, 5Diamonds, 7Clubs, AHearts, QHearts, 6Hearts, 7Spades, 5Spades, 3Spades.
P1 HAND: 6Diamonds, 3Diamonds, JClubs, 6Clubs, 4Clubs, KHearts, 5Hearts, QSpades, 4Spades, 2Spades.
P2 HAND: KDiamonds, 4Diamonds, AClubs, KClubs, 5Clubs, 3Clubs, 7Hearts, 4Hearts, 3Hearts, 6Spades.
P3 HAND: 7Diamonds, QDiamonds, 2Diamonds, QClubs, 2Clubs, JHearts, 2Hearts, ASpades, KSpades, JSpades.
P0 5Spades P1 2Spades P2 6Spades P3 JSpades 
P3 2Diamonds P0 JDiamonds P1 3Diamonds P2 KDiamonds 
P2 AClubs P3 2Clubs P0 7Clubs P1 4Clubs 
P2 3Clubs P3 QClubs P0 6Hearts P1 JClubs 
P1 5Hearts P2 3Hearts P3 2Hearts P0 AHearts 
P0 QHearts P1 KHearts P2 4Hearts P3 JHearts 
P1 6Diamonds P2 4Diamonds P3 QDiamonds P0 ADiamonds 
P0 5Diamonds P1 6Clubs P2 5Clubs P3 7Diamonds 
P3 KSpades P0 7Spades P1 4Spades P2 7Hearts 
P0 3Spades P1 QSpades P2 KClubs P3 ASpades 
-- /GAME --
P0 HAND: ADiamonds, 6Diamonds, 3Diamonds, AClubs, 6Clubs, 5Clubs, 7Hearts, 6Hearts, KSpades, 6Spades.
P1 HAND: 4Diamonds, 2Diamonds, JClubs, 3Clubs, KHearts, 2Hearts, 7Spades, JSpades, QSpades, 4Spades.
P2 HAND: JDiamonds, 7Clubs, QClubs, 2Clubs, AHearts, JHearts, 4Hearts, 3Hearts, ASpades, 5Spades.
P3 HAND: 7Diamonds, KDiamonds, QDiamonds, 5Diamonds, KClubs, 4Clubs, QHearts, 5Hearts, 3Spades, 2Spades.
P3 2Spades P0 6Spades P1 4Spades P2 ASpades 
P2 AHearts P3 5Hearts P0 6Hearts P1 2Hearts 
P2 3Hearts P3 QHearts P0 7Hearts P1 KHearts 
P0 6Clubs P1 3Clubs P2 2Clubs P3 4Clubs 
P0 5Clubs P1 JClubs P2 QClubs P3 KClubs 
P3 3Spades P0 KSpades P1 QSpades P2 5Spades 
P0 AClubs P1 2Diamonds P2 7Clubs P3 5Diamonds 
P0 ADiamonds P1 4Diamonds P2 JDiamonds P3 QDiamonds 
P0 6Diamonds P1 JSpades P2 4Hearts P3 7Diamonds 
P3 KDiamonds P0 3Diamonds P1 7Spades P2 JHearts 
-- /GAME --
P0 HAND: KDiamonds, QDiamonds, AClubs, 5Clubs, 3Clubs, QHearts, ASpades, KSpades, 6Spades, 2Spades.
P1 HAND: ADiamonds, 5Diamonds, JClubs, QClubs, KHearts, JHearts, 6Hearts, 5Hearts, JSpades, 3Spades.
P2 HAND: 6Diamonds, 2Diamonds, 4Clubs, AHearts, 7Hearts, 4Hearts, 2Hearts, 7Spades, QSpades, 5Spades.
P3 HAND: 7Diamonds, JDiamonds, 4Diamonds, 3Diamonds, 7Clubs, KClubs, 6Clubs, 2Clubs, 3Hearts, 4Spades.
P2 2Diamonds P3 3Diamonds P0 QDiamonds P1 ADiamonds 
P1 3Spades P2 5Spades P3 4Spades P0 ASpades 
P0 KSpades P1 JSpades P2 7Spades P3 3Hearts 
P3 2Clubs P0 AClubs P1 QClubs P2 4Clubs 
P0 5Clubs P1 JClubs P2 6Diamonds P3 7Clubs 
P3 4Diamonds P0 KDiamonds P1 5Diamonds P2 QSpades 
P0 3Clubs P1 5Hearts P2 2Hearts P3 KClubs 
P1 6Hearts P2 4Hearts P3 6Clubs P0 QHearts 
P0 6Spades P1 JHearts P2 7Hearts P3 JDiamonds 
P2 AHearts P3 7Diamonds P0 2Spades P1 KHearts 
-- /GAME --
P0 HAND: KDiamonds, 6Diamonds, AClubs, 6Clubs, 7Hearts, 2Hearts, ASpades, KSpades, JSpades, 6Spades.
P1 HAND: JDiamonds, 5Diamonds, 3Diamonds, JClubs, KHearts, JHearts, 5Hearts, 4Hearts, QSpades, 4Spades.
P2 HAND: ADiamonds, 4Diamonds, 2Diamonds, 7Clubs, QClubs, 4Clubs, 6Hearts, 3Hearts, 7Spades, 3Spades.
P3 HAND: 7Diamonds, QDiamonds, KClubs, 5Clubs, 3Clubs, 2Clubs, AHearts, QHearts, 5Spades, 2Spades.
P1 3Diamonds P2 ADiamonds P3 QDiamonds P0 KDiamonds 
P2 2Diamonds P3 7Diamonds P0 6Diamonds P1 JDiamonds 
P3 AHearts P0 2Hearts P1 KHearts P2 3Hearts 
P3 2Clubs P0 6Clubs P1 JClubs P2 7Clubs 
P2 4Diamonds P3 3Clubs P0 JSpades P1 5Diamonds 
P0 6Spades P1 4Spades P2 3Spades P3 2Spades 
P0 ASpades P1 QSpades P2 7Spades P3 5Spades 
P0 KSpades P1 4Hearts P2 4Clubs P3 5Clubs 
P0 AClubs P1 5Hearts P2 QClubs P3 KClubs 
P0 7Hearts P1 JHearts P2 6Hearts P3 QHearts 
-- /GAME --
P0 HAND: ADiamonds, 7Diamonds, QDiamonds, 5Diamonds, 6Clubs, 5Clubs, 4Clubs, QSpades, 6Spades, 5Spades.
P1 HAND: 4Diamonds, 7Clubs, QClubs, 2Clubs, KHearts, QHearts, 6Hearts, 5Hearts, 3Hearts, JSpades.
P2 HAND: JDiamonds, 3Diamonds, 2Diamonds, AClubs, KClubs, AHearts, 7Hearts, 7Spades, KSpades, 3Spades.
P3 HAND: KDiamonds, 6Diamonds, JClubs, 3Clubs, JHearts, 4Hearts, 2Hearts, ASpades, 4Spades, 2Spades.

