-- GAME --
P0 HAND: ADiamonds, 7Diamonds, 4Diamonds, 6Clubs, 3Clubs, KHearts, JHearts, QHearts, 4Hearts, 6Spades.
P1 HAND: QDiamonds, AClubs, KClubs, 4Clubs, ASpades, 7Spades, KSpades, QSpades, 3Spades, 2Spades.
P2 HAND: KDiamonds, 5Diamonds, 3Diamonds, 2Diamonds, QClubs, 5Clubs, 6Hearts, JSpades, 5Spades, 4Spades.
P3 HAND: JDiamonds, 6Diamonds, 7Clubs, JClubs, 2Clubs, AHearts, 7Hearts, 5Hearts, 3Hearts, 2Hearts.
P1 2Spades P2 4Spades P3 2Hearts P0 6Spades 
P0 ADiamonds P1 QDiamonds P2 KDiamonds P3 6Diamonds 
P0 QHearts P1 3Spades P2 6Hearts P3 AHearts 
P3 3Hearts P0 JHearts P1 QSpades P2 JSpades 
P0 KHearts P1 4Clubs P2 2Diamonds P3 7Hearts 
P1 KClubs P2 5Clubs P3 2Clubs P0 3Clubs 
P1 AClubs P2 QClubs P3 JClubs P0 6Clubs 
P1 KSpades P2 5Spades P3 5Hearts P0 4Hearts 
P1 7Spades P2 3Diamonds P3 7Clubs P0 4Diamonds 
P3 JDiamonds P0 7Diamonds P1 ASpades P2 5Diamonds 
-- /GAME --
P0 HAND: ADiamonds, JDiamonds, QDiamonds, 5Diamonds, AClubs, KClubs, JClubs, 2Clubs, AHearts, QSpades.
P1 HAND: 3Diamonds, 7Clubs, 4Clubs, 7Hearts, KHearts, 4Hearts, ASpades, 7Spades, KSpades, 3Spades.
P2 HAND: 7Diamonds, 6Diamonds, 2Diamonds, 3Clubs, JHearts, 6Hearts, 5Hearts, JSpades, 6Spades, 2Spades.
P3 HAND: KDiamonds, 4Diamonds, QClubs, 6Clubs, 5Clubs, QHearts, 3Hearts, 2Hearts, 5Spades, 4Spades.
P0 AHearts P1 4Hearts P2 JHearts P3 2Hearts 
P0 AClubs P1 4Clubs P2 3Clubs P3 5Clubs 
P0 QSpades P1 ASpades P2 2Spades P3 5Spades 
P1 3Spades P2 6Spades P3 4Spades P0 KClubs 
P2 5Hearts P3 3Hearts P0 QDiamonds P1 KHearts 
P0 JClubs P1 7Clubs P2 2Diamonds P3 6Clubs 
P2 6Hearts P3 QHearts P0 JDiamonds P1 7Hearts 
P0 2Clubs P1 3Diamonds P2 6Diamonds P3 QClubs 
P2 JSpades P3 4Diamonds P0 5Diamonds P1 KSpades 
P0 ADiamonds P1 7Spades P2 7Diamonds P3 KDiamonds 
-- /GAME --
P0 HAND: KDiamonds, QDiamonds, 3Clubs, 7Hearts, 6Hearts, 5Hearts, 3Hearts, JSpades, QSpades, 2Spades.
P1 HAND: 7Diamonds, JDiamonds, 6Diamonds, 5Diamonds, 2Diamonds, 7Clubs, 6Clubs, 4Clubs, AHearts, ASpades.
P2 HAND: ADiamonds, 4Diamonds, 3Diamonds, AClubs, JClubs, QHearts, 2Hearts, 7Spades, KSpades, 3Spades.
P3 HAND: KClubs, QClubs, 5Clubs, 2Clubs, KHearts, JHearts, 4Hearts, 6Spades, 5Spades, 4Spades.
P3 2Clubs P0 3Clubs P1 4Clubs P2 AClubs 
P2 ADiamonds P3 4Spades P0 QDiamonds P1 7Diamonds 
P3 4Hearts P0 3Hearts P1 AHearts P2 2Hearts 
P1 2Diamonds P2 3Diamonds P3 5Clubs P0 KDiamonds 
P0 QSpades P1 ASpades P2 3Spades P3 5Spades 
P1 5Diamonds P2 4Diamonds P3 QClubs P0 6Hearts 
P1 6Diamonds P2 QHearts P3 6Spades P0 5Hearts 
P3 JHearts P0 7Hearts P1 6Clubs P2 JClubs 
P0 2Spades P1 JDiamonds P2 KSpades P3 KClubs 
P2 7Spades P3 KHearts P0 JSpades P1 7Clubs 
-- /GAME --
P0 HAND: ADiamonds, KDiamonds, JDiamonds, 6Diamonds, KClubs, 6Clubs, KHearts, 7Spades, 6Spades, 4Spades.
P1 HAND: 7Clubs, QClubs, 5Clubs, 3Clubs, JHearts, QHearts, 3Hearts, ASpades, KSpades, 5Spades.
P2 HAND: 3Diamonds, AClubs, JClubs, 4Clubs, 2Clubs, 7Hearts, 5Hearts, JSpades, QSpades, 2Spades.
P3 HAND: 7Diamonds, QDiamonds, 5Diamonds, 4Diamonds, 2Diamonds, AHearts, 6Hearts, 4Hearts, 2Hearts, 3Spades.
P2 AClubs P3 3Spades P0 6Clubs P1 7Clubs 
P3 AHearts P0 KHearts P1 JHearts P2 5Hearts 
P3 2Diamonds P0 ADiamonds P1 5Spades P2 3Diamonds 
P1 3Clubs P2 2Clubs P3 2Hearts P0 KClubs 
P0 KDiamonds P1 3Hearts P2 4Clubs P3 7Diamonds 
P3 4Diamonds P0 JDiamonds P1 5Clubs P2 7Hearts 
P0 6Diamonds P1 QClubs P2 2Spades P3 5Diamonds 
P2 JClubs P3 4Hearts P0 4Spades P1 QHearts 
P0 6Spades P1 KSpades P2 QSpades P3 QDiamonds 
P1 ASpades P2 JSpades P3 6Hearts P0 7Spades 
-- /GAME --
P0 HAND: 7Diamonds, JDiamonds, 6Diamonds, 5Diamonds, 4Diamonds, 6Clubs, 2Clubs, 7Spades, KSpades, 6Spades.
P1 HAND: 2Diamonds, 7Clubs, KClubs, 4Clubs, 3Clubs, AHearts, 7Hearts, KHearts, QHearts, 2Hearts.
P2 HAND: KDiamonds, QDiamonds, QClubs, 5Clubs, JHearts, 6Hearts, 3Hearts, ASpades, QSpades, 4Spades.
P3 HAND: ADiamonds, 3Diamonds, AClubs, JClubs, 5Hearts, 4Hearts, JSpades, 5Spades, 3Spades, 2Spades.
P1 2Hearts P2 3Hearts P3 4Hearts P0 2Clubs 
P3 AClubs P0 6Clubs P1 7Clubs P2 5Clubs 
P3 2Spades P0 6Spades P1 3Clubs P2 ASpades 
P2 4Spades P3 3Spades P0 KSpades P1 4Clubs 
P0 JDiamonds P1 2Diamonds P2 QDiamonds P3 ADiamonds 
P3 5Hearts P0 4Diamonds P1 QHearts P2 JHearts 
P0 6Diamonds P1 KClubs P2 KDiamonds P3 3Diamonds 
P2 6Hearts P3 5Spades P0 5Diamonds P1 KHearts 
P0 7Diamonds P1 7Hearts P2 QClubs P3 JClubs 
P0 7Spades P1 AHearts P2 QSpades P3 JSpades 
-- /GAME --

