-- GAME --
P0 HAND: 7Diamonds, 3Diamonds, 4Clubs, AHearts, 7Hearts, QHearts, 4Hearts, 5Spades, 4Spades, 3Spades.
P1 HAND: KDiamonds, QDiamonds, KClubs, 3Clubs, 2Clubs, 5Hearts, 3Hearts, 7Spades, QSpades, 6Spades.
P2 HAND: JDiamonds, 6Diamonds, 4Diamonds, JClubs, 6Clubs, 5Clubs, KHearts, ASpades, KSpades, 2Spades.
P3 HAND: ADiamonds, 5Diamonds, 2Diamonds, AClubs, 7Clubs, QClubs, JHearts, 6Hearts, 2Hearts, JSpades.
P3 AClubs P0 4Clubs P1 KClubs P2 5Clubs 
P3 2Hearts P0 AHearts P1 3Hearts P2 KHearts 
P0 7Hearts P1 5Hearts P2 ASpades P3 6Hearts 
P0 QHearts P1 2Clubs P2 2Spades P3 JHearts 
P3 QClubs P0 7Diamonds P1 3Clubs P2 JClubs 
P0 5Spades P1 7Spades P2 KSpades P3 JSpades 
P1 6Spades P2 6Clubs P3 2Diamonds P0 4Spades 
P3 5Diamonds P0 3Diamonds P1 QDiamonds P2 4Diamonds 
P1 QSpades P2 6Diamonds P3 ADiamonds P0 3Spades 
P3 7Clubs P0 4Hearts P1 KDiamonds P2 JDiamonds 
-- /GAME --
P0 HAND: 6Diamonds, 4Diamonds, 4Clubs, 2Clubs, 5Hearts, 4Hearts, 3Hearts, ASpades, 7Spades, 4Spades.
P1 HAND: KDiamonds, 5Diamonds, 2Diamonds, AClubs, JClubs, 6Hearts, 2Hearts, 6Spades, 3Spades, 2Spades.
P2 HAND: QDiamonds, 3Diamonds, QClubs, 5Clubs, 3Clubs, AHearts, 7Hearts, KHearts, QHearts, QSpades.
P3 HAND: ADiamonds, 7Diamonds, JDiamonds, 7Clubs, KClubs, 6Clubs, JHearts, KSpades, JSpades, 5Spades.
P2 AHearts P3 JHearts P0 4Hearts P1 2Hearts 
P2 3Clubs P3 6Clubs P0 4Clubs P1 AClubs 
P1 2Spades P2 QSpades P3 5Spades P0 ASpades 
P0 7Spades P1 3Spades P2 7Hearts P3 JSpades 
P0 4Spades P1 6Spades P2 5Clubs P3 KSpades 
P3 JDiamonds P0 4Diamonds P1 2Diamonds P2 3Diamonds 
P3 7Diamonds P0 6Diamonds P1 5Diamonds 
