-- GAME --
P0 HAND: JDiamonds, 7Clubs, KClubs, JClubs, JHearts, QHearts, 5Hearts, 3Hearts, 5Spades, 3Spades.
P1 HAND: KDiamonds, 3Diamonds, 2Diamonds, QClubs, 6Clubs, AHearts, KHearts, ASpades, 7Spades, QSpades.
P2 HAND: QDiamonds, 6Diamonds, 4Diamonds, 2Clubs, 7Hearts, KSpades, JSpades, 6Spades, 4Spades, 2Spades.
P3 HAND: ADiamonds, 7Diamonds, 5Diamonds, AClubs, 5Clubs, 4Clubs, 3Clubs, 6Hearts, 4Hearts, 2Hearts.
P3 AClubs P0 JClubs P1 QClubs P2 2Clubs 
P3 2Hearts P0 3Hearts P1 AHearts P2 7Hearts 
P1 ASpades P2 2Spades P3 6Hearts P0 3Spades 
P1 6Clubs P2 4Spades P3 3Clubs P0 7Clubs 
P0 KClubs P1 QSpades P2 KSpades P3 4Clubs 
P0 5Hearts P1 KHearts P2 6Spades P3 4Hearts 
P1 2Diamonds P2 4Diamonds P3 5Diamonds P0 JDiamonds 
P0 5Spades P1 7Spades P2 JSpades P3 5Clubs 
P1 3Diamonds P2 6Diamonds P3 7Diamonds P0 QHearts 
P3 ADiamonds P0 JHearts P1 KDiamonds P2 QDiamonds 
-- /GAME --
P0 HAND: KDiamonds, 3Diamonds, 7Clubs, 7Hearts, QHearts, 6Hearts, 4Hearts, ASpades, QSpades, 6Spades.
P1 HAND: ADiamonds, 2Diamonds, 6Clubs, 3Clubs, 2Clubs, AHearts, 2Hearts, 7Spades, 4Spades, 3Spades.
P2 HAND: 5Diamonds, 4Diamonds, AClubs, KClubs, JClubs, 4Clubs, KHearts, 5Hearts, 3Hearts, 2Spades.
P3 HAND: 7Diamonds, JDiamonds, QDiamonds, 6Diamonds, QClubs, 5Clubs, JHearts, KSpades, JSpades, 5Spades.
P2 2Spades P3 5Spades P0 ASpades P1 3Spades 
P0 3Diamonds P1 ADiamonds P2 4Diamonds P3 7Diamonds 
P1 AHearts P2 3Hearts P3 JHearts P0 4Hearts 
P1 2Diamonds P2 5Diamonds P3 6Diamonds P0 KDiamonds 
P0 7Hearts P1 2Hearts P2 KHearts P3 5Clubs 
P3 QDiamonds P0 7Clubs P1 4Spades P2 5Hearts 
P0 6Spades P1 7Spades P2 4Clubs P3 JSpades 
P2 JClubs P3 QClubs P0 6Hearts P1 2Clubs 
P2 KClubs P3 JDiamonds P0 QSpades P1 3Clubs 
P2 AClubs P3 KSpades P0 QHearts P1 6Clubs 
-- /GAME --
P0 HAND: ADiamonds, 2Diamonds, 7Clubs, JClubs, QClubs, JHearts, 5Hearts, KSpades, 6Spades, 5Spades.
P1 HAND: KDiamonds, JDiamonds, QDiamonds, 4Diamonds, AClubs, 2Clubs, AHearts, 4Hearts, ASpades, 3Spades.
P2 HAND: 6Diamonds, 3Diamonds, KClubs, 5Clubs, 4Clubs, 3Clubs, 7Hearts, KHearts, 4Spades, 2Spades.
P3 HAND: 7Diamonds, 5Diamonds, 6Clubs, QHearts, 6Hearts, 3Hearts, 2Hearts, 7Spades, JSpades, QSpades.
P1 AClubs P2 3Clubs P3 6Clubs P0 QClubs 
P1 AHearts P2 KHearts P3 QHearts P0 5Hearts 
P1 ASpades P2 2Spades P3 7Spades P0 5Spades 
P1 2Clubs P2 4Clubs P3 2Hearts P0 7Clubs 
P0 6Spades P1 3Spades P2 4Spades P3 JSpades 
P3 3Hearts P0 JHearts P1 4Hearts P2 7Hearts 
P2 5Clubs P3 6Hearts P0 JClubs P1 4Diamonds 
P1 QDiamonds P2 3Diamonds P3 5Diamonds P0 2Diamonds 
P1 JDiamonds P2 6Diamonds P3 7Diamonds P0 ADiamonds 
P0 KSpades P1 KDiamonds P2 KClubs P3 QSpades 
-- /GAME --
P0 HAND: ADiamonds, 4Diamonds, AClubs, 7Clubs, JClubs, QClubs, 4Clubs, 7Hearts, 3Hearts, 2Hearts.
P1 HAND: QDiamonds, 3Diamonds, KClubs, 3Clubs, QHearts, 6Hearts, 4Hearts, KSpades, QSpades, 5Spades.
P2 HAND: KDiamonds, 5Clubs, 2Clubs, JHearts, ASpades, 7Spades, JSpades, 6Spades, 4Spades, 2Spades.
P3 HAND: 7Diamonds, JDiamonds, 6Diamonds, 5Diamonds, 2Diamonds, 6Clubs, AHearts, KHearts, 5Hearts, 3Spades.

