-- GAME --
P0 4Clubs P1 2Clubs P2 5Clubs P3 3Clubs 
P2 4Hearts P3 JHearts P0 JClubs P1 4Diamonds 
P0 JDiamonds P1 6Diamonds P2 5Hearts P3 5Diamonds 
P0 KDiamonds P1 6Spades P2 QSpades P3 QClubs 
P3 5Spades P0 7Clubs P1 JSpades P2 KClubs 
P0 QDiamonds P1 6Clubs P2 AClubs P3 7Hearts 
-- /GAME --
P0 HAND: 6Diamonds, 7Clubs, KHearts, JHearts, QHearts, ASpades, 7Spades, JSpades, 3Spades, 2Spades.
P1 HAND: 7Diamonds, KDiamonds, 4Diamonds, AClubs, KClubs, 4Clubs, AHearts, 6Hearts, 6Spades, 5Spades.
P2 HAND: ADiamonds, QDiamonds, 3Diamonds, 2Diamonds, 6Clubs, 4Hearts, 3Hearts, 2Hearts, KSpades, QSpades.
P3 HAND: JDiamonds, 5Diamonds, JClubs, QClubs, 5Clubs, 3Clubs, 2Clubs, 7Hearts, 5Hearts, 4Spades.
P2 2Hearts P3 5Hearts P0 QHearts P1 AHearts 
P1 AClubs P2 6Clubs P3 JClubs P0 7Clubs 
P1 4Clubs P2 3Hearts P3 2Clubs P0 2Spades 
P1 5Spades P2 QSpades P3 4Spades P0 ASpades 
P0 6Diamonds P1 4Diamonds P2 2Diamonds P3 5Diamonds 
P0 7Spades P1 6Spades P2 KSpades P3 JDiamonds 
P3 3Clubs P0 JSpades P1 KClubs P2 3Diamonds 
P2 4Hearts P3 7Hearts P0 JHearts P1 6Hearts 
P3 5Clubs P0 KHearts P1 KDiamonds P2 ADiamonds 
P2 QDiamonds P3 QClubs P0 3Spades P1 7Diamonds 
-- /GAME --
P0 HAND: ADiamonds, JDiamonds, 6Diamonds, 5Diamonds, 6Clubs, AHearts, QHearts, 7Spades, 5Spades, 3Spades.
P1 HAND: 4Diamonds, 3Diamonds, 7Clubs, 5Clubs, 4Clubs, 2Clubs, 7Hearts, KHearts, JHearts, JSpades.
P2 HAND: 7Diamonds, KDiamonds, AClubs, KClubs, QClubs, 3Clubs, 6Hearts, 4Hearts, 2Hearts, QSpades.
P3 HAND: QDiamonds, 2Diamonds, JClubs, 5Hearts, 3Hearts, ASpades, KSpades, 6Spades, 4Spades, 2Spades.
P1 2Clubs P2 AClubs P3 JClubs P0 6Clubs 
P2 2Hearts P3 3Hearts P0 QHearts P1 7Hearts 
P1 3Diamonds P2 KDiamonds P3 2Diamonds P0 ADiamonds 
P0 3Spades P1 JSpades P2 QSpades P3 2Spades 
P1 4Diamonds P2 7Diamonds P3 QDiamonds P0 JDiamonds 
P2 3Clubs P3 5Hearts P0 6Diamonds P1 7Clubs 
P1 4Clubs P2 QClubs P3 4Spades P0 7Spades 
P0 AHearts P1 JHearts P2 4Hearts P3 6Spades 
P3 KSpades P0 5Spades P1 5Clubs P2 6Hearts 
P3 ASpades P0 5Diamonds P1 KHearts P2 KClubs 

