-- GAME --
P0 HAND: ADiamonds, 7Diamonds, 3Diamonds, 2Diamonds, 6Clubs, 4Clubs, AHearts, ASpades, 5Spades, 3Spades.
P1 HAND: KDiamonds, 5Diamonds, AClubs, 7Clubs, 5Clubs, 7Hearts, 5Hearts, JSpades, QSpades, 2Spades.
P2 HAND: JDiamonds, 6Diamonds, JClubs, QClubs, 3Clubs, JHearts, 6Hearts, 4Hearts, 3Hearts, 2Hearts.
P3 HAND: QDiamonds, 4Diamonds, KClubs, 2Clubs, KHearts, QHearts, 7Spades, KSpades, 6Spades, 4Spades.
P3 2Clubs P0 6Clubs P1 AClubs P2 3Clubs 
P1 2Spades P2 6Diamonds P3 4Spades P0 ASpades 
P0 ADiamonds P1 5Diamonds P2 JDiamonds P3 4Diamonds 
P0 4Clubs P1 5Clubs P2 QClubs P3 KClubs 
P3 6Spades P0 3Spades P1 QSpades P2 2Hearts 
P2 JClubs P3 QDiamonds P0 5Spades P1 7Clubs 
P1 JSpades P2 3Hearts P3 KSpades P0 7Diamonds 
P2 4Hearts P3 QHearts P0 AHearts P1 5Hearts 
P0 2Diamonds P1 KDiamonds P2 6Hearts P3 KHearts 
P3 7Spades P0 3Diamonds P1 7Hearts P2 JHearts 
-- /GAME --
P0 HAND: ADiamonds, 3Diamonds, KClubs, JClubs, QClubs, 4Clubs, 3Clubs, 7Hearts, 7Spades, KSpades.
P1 HAND: 4Diamonds, 2Diamonds, 7Clubs, AHearts, 6Hearts, 3Hearts, 2Hearts, 6Spades, 4Spades, 3Spades.
P2 HAND: 7Diamonds, KDiamonds, JDiamonds, QDiamonds, 5Diamonds, KHearts, JHearts, 5Hearts, 4Hearts, QSpades.
P3 HAND: 6Diamonds, AClubs, 6Clubs, 5Clubs, 2Clubs, QHearts, ASpades, JSpades, 5Spades, 2Spades.
P2 5Diamonds P3 6Diamonds P0 ADiamonds P1 2Diamonds 
P0 3Diamonds P1 4Diamonds P2 QDiamonds P3 2Clubs 
P2 QSpades P3 ASpades P0 KSpades P1 6Spades 
P3 AClubs P0 3Clubs P1 7Clubs P2 4Hearts 
P2 JDiamonds P3 2Spades P0 QClubs P1 2Hearts 
P1 3Spades P2 5Hearts P3 5Spades P0 7Spades 
P2 JHearts P3 QHearts P0 7Hearts P1 AHearts 
P1 4Spades P2 KHearts P3 JSpades P0 KClubs 
P2 KDiamonds P3 5Clubs P0 JClubs P1 3Hearts 
P1 6Hearts P2 7Diamonds P3 6Clubs P0 4Clubs 
-- /GAME --
P0 HAND: ADiamonds, QDiamonds, 4Diamonds, 5Clubs, 4Clubs, QHearts, 5Hearts, 4Hearts, 6Spades, 2Spades.
P1 HAND: 7Diamonds, 7Clubs, KClubs, JClubs, 2Clubs, AHearts, 7Hearts, 6Hearts, KSpades, 5Spades.
P2 HAND: KDiamonds, 6Diamonds, 3Diamonds, QClubs, 6Clubs, KHearts, 2Hearts, ASpades, 7Spades, QSpades.
P3 HAND: JDiamonds, 5Diamonds, 2Diamonds, AClubs, 3Clubs, JHearts, 3Hearts, JSpades, 4Spades, 3Spades.
P1 AHearts P2 2Hearts P3 JHearts P0 4Hearts 
P1 2Clubs P2 6Clubs P3 AClubs P0 5Clubs 
P3 3Clubs P0 4Clubs P1 JClubs P2 QClubs 
P1 5Spades P2 ASpades P3 3Spades P0 2Spades 
P2 QSpades P3 4Spades P0 6Spades P1 KSpades 
P1 6Hearts P2 KHearts P3 3Hearts P0 QHearts 
P2 3Diamonds P3 2Diamonds P0 QDiamonds P1 7Diamonds 
P1 KClubs P2 6Diamonds P3 5Diamonds P0 5Hearts 
P2 KDiamonds P3 JDiamonds P0 4Diamonds P1 7Clubs 
P2 7Spades P3 JSpades P0 ADiamonds P1 7Hearts 
-- /GAME --
P0 HAND: ADiamonds, QDiamonds, 3Diamonds, 2Diamonds, AClubs, QClubs, 3Clubs, 7Spades, JSpades, 6Spades.
P1 HAND: 6Diamonds, KClubs, 5Clubs, 2Clubs, KHearts, QHearts, 2Hearts, KSpades, 5Spades, 3Spades.
P2 HAND: KDiamonds, JDiamonds, 5Diamonds, 4Diamonds, JClubs, 6Clubs, AHearts, JHearts, 3Hearts, ASpades.
P3 HAND: 7Diamonds, 7Clubs, 4Clubs, 7Hearts, 6Hearts, 5Hearts, 4Hearts, QSpades, 4Spades, 2Spades.
P0 ADiamonds P1 6Diamonds P2 KDiamonds P3 7Diamonds 
P0 6Spades P1 3Spades P2 ASpades P3 2Spades 
P2 AHearts P3 4Hearts P0 7Spades P1 2Hearts 
P2 3Hearts P3 5Hearts P0 3Clubs P1 QHearts 
P0 JSpades P1 5Spades P2 4Diamonds P3 4Spades 
P0 QDiamonds P1 2Clubs P2 5Diamonds P3 7Hearts 
P1 5Clubs P2 6Clubs P3 4Clubs P0 QClubs 
P0 AClubs P1 KClubs P2 JClubs P3 7Clubs 
P0 2Diamonds P1 KHearts P2 JDiamonds P3 6Hearts 
P2 JHearts P3 QSpades P0 3Diamonds P1 KSpades 
-- /GAME --
P0 HAND: ADiamonds, JDiamonds, 7Clubs, 6Clubs, 4Clubs, KHearts, QHearts, 2Hearts, ASpades, 3Spades.
P1 HAND: KDiamonds, 5Diamonds, 3Diamonds, AClubs, 2Clubs, 6Hearts, 5Hearts, 4Hearts, 3Hearts, 2Spades.
P2 HAND: 7Diamonds, QDiamonds, 4Diamonds, 2Diamonds, KClubs, JClubs, QClubs, AHearts, KSpades, JSpades.
P3 HAND: 6Diamonds, 5Clubs, 3Clubs, 7Hearts, JHearts, 7Spades, QSpades, 6Spades, 5Spades, 4Spades.
P3 3Clubs P0 4Clubs P1 AClubs P2 QClubs 
P1 2Clubs P2 JClubs P3 5Clubs P0 7Clubs 
P0 ADiamonds P1 3Diamonds P2 7Diamonds P3 6Diamonds 
P0 JDiamonds P1 5Diamonds P2 2Diamonds P3 4Spades 
P3 JHearts P0 KHearts P1 3Hearts P2 AHearts 
P2 4Diamonds P3 5Spades P0 6Clubs P1 KDiamonds 
P3 6Spades P0 3Spades P1 2Spades P2 JSpades 
P2 QDiamonds P3 QSpades P0 2Hearts P1 6Hearts 
P3 7Spades P0 ASpades P1 4Hearts P2 KSpades 
P0 QHearts P1 5Hearts P2 KClubs P3 7Hearts 
-- /GAME --

