-- GAME --
P0 HAND: JDiamonds, 4Diamonds, 7Clubs, 2Clubs, JHearts, 5Hearts, 3Hearts, JSpades, 6Spades, 2Spades.
P1 HAND: 7Diamonds, KDiamonds, 3Diamonds, QClubs, KHearts, QHearts, 2Hearts, 7Spades, QSpades, 5Spades.
P2 HAND: ADiamonds, KClubs, JClubs, 5Clubs, 3Clubs, 7Hearts, 4Hearts, ASpades, 4Spades, 3Spades.
P3 HAND: QDiamonds, 6Diamonds, 5Diamonds, 2Diamonds, AClubs, 6Clubs, 4Clubs, AHearts, 6Hearts, KSpades.
P1 2Hearts P2 4Hearts P3 AHearts P0 3Hearts 
P3 2Diamonds P0 4Diamonds P1 3Diamonds P2 ADiamonds 
P2 ASpades P3 KSpades P0 JSpades P1 5Spades 
P2 3Spades P3 5Diamonds P0 2Spades P1 7Spades 
P1 QHearts P2 7Hearts P3 6Hearts P0 JHearts 
P2 4Spades P3 6Diamonds P0 6Spades P1 QSpades 
P1 QClubs P2 3Clubs P3 4Clubs P0 7Clubs 
P0 5Hearts P1 KHearts P2 5Clubs P3 QDiamonds 
P2 JClubs P3 6Clubs P0 2Clubs P1 KDiamonds 
P2 KClubs P3 AClubs P0 JDiamonds P1 7Diamonds 
-- /GAME --
P0 HAND: KDiamonds, JDiamonds, 6Diamonds, 2Diamonds, AClubs, 7Clubs, QClubs, 2Clubs, KHearts, 5Hearts.
P1 HAND: QDiamonds, 3Clubs, AHearts, QHearts, 3Hearts, ASpades, 7Spades, QSpades, 4Spades, 2Spades.
P2 HAND: 7Diamonds, 5Diamonds, KClubs, JClubs, 7Hearts, 6Hearts, KSpades, JSpades, 6Spades, 3Spades.
P3 HAND: ADiamonds, 4Diamonds, 3Diamonds, 6Clubs, 5Clubs, 4Clubs, JHearts, 4Hearts, 2Hearts, 5Spades.
P0 QClubs P1 3Clubs P2 JClubs P3 4Clubs 
P2 3Spades P3 5Spades P0 2Clubs P1 2Spades 
P0 5Hearts P1 AHearts P2 6Hearts P3 JHearts 
P1 3Hearts P2 7Hearts P3 2Hearts P0 KHearts 
P2 5Diamonds P3 ADiamonds P0 2Diamonds P1 QDiamonds 
P3 3Diamonds P0 KDiamonds P1 4Spades P2 7Diamonds 
P2 6Spades P3 4Diamonds P0 6Diamonds P1 ASpades 
P1 QHearts P2 KClubs P3 4Hearts P0 JDiamonds 
P2 JSpades P3 5Clubs P0 AClubs P1 QSpades 
P0 7Clubs P1 7Spades P2 KSpades P3 6Clubs 
-- /GAME --
P0 HAND: 7Diamonds, 5Diamonds, AClubs, KClubs, 6Clubs, 2Clubs, 5Hearts, 2Hearts, QSpades, 4Spades.
P1 HAND: ADiamonds, QDiamonds, 6Diamonds, 2Diamonds, 4Clubs, 3Clubs, QHearts, KSpades, 5Spades, 2Spades.
P2 HAND: JDiamonds, 4Diamonds, 3Diamonds, 7Clubs, QClubs, 6Hearts, 3Hearts, 7Spades, JSpades, 6Spades.
P3 HAND: KDiamonds, JClubs, 5Clubs, AHearts, 7Hearts, KHearts, JHearts, 4Hearts, ASpades, 3Spades.
P3 ASpades P0 4Spades P1 KSpades P2 6Spades 
P3 3Spades P0 QSpades P1 2Spades P2 7Spades 
P2 3Diamonds P3 KDiamonds P0 5Diamonds P1 ADiamonds 
P1 2Diamonds P2 4Diamonds P3 5Clubs P0 7Diamonds 
P0 2Hearts P1 QHearts P2 3Hearts P3 4Hearts 
P1 3Clubs P2 QClubs P3 JClubs P0 KClubs 
P0 5Hearts P1 4Clubs P2 6Hearts P3 JHearts 
P3 KHearts P0 2Clubs P1 5Spades P2 JDiamonds 
P3 7Hearts P0 6Clubs P1 6Diamonds P2 JSpades 
P3 AHearts P0 AClubs P1 QDiamonds P2 7Clubs 
-- /GAME --

