-- GAME --
P0 HAND: JDiamonds, 6Diamonds, 2Diamonds, 7Clubs, QClubs, 3Clubs, 2Clubs, 5Hearts, 4Hearts, 2Spades.
P1 HAND: 5Diamonds, 4Diamonds, JClubs, 5Clubs, AHearts, KHearts, 3Hearts, JSpades, 4Spades, 3Spades.
P2 HAND: QDiamonds, 3Diamonds, 6Clubs, 7Hearts, JHearts, ASpades, 7Spades, KSpades, QSpades, 5Spades.
P3 HAND: ADiamonds, 7Diamonds, KDiamonds, AClubs, KClubs, 4Clubs, QHearts, 6Hearts, 2Hearts, 6Spades.
P1 AHearts P2 JHearts P3 QHearts P0 4Hearts 
P1 3Hearts P2 7Hearts P3 2Hearts P0 5Hearts 
P2 3Diamonds P3 ADiamonds P0 2Diamonds P1 5Diamonds 
P3 AClubs P0 2Clubs P1 JClubs P2 6Clubs 
P3 4Clubs P0 7Clubs P1 5Clubs P2 QDiamonds 
P0 6Diamonds P1 4Diamonds P2 5Spades P3 KDiamonds 
P2 QSpades P3 6Spades P0 2Spades P1 3Spades 
P2 KSpades P3 6Hearts P0 JDiamonds P1 4Spades 
P2 7Spades P3 KClubs P0 QClubs P1 JSpades 
P2 ASpades P3 7Diamonds P0 3Clubs P1 KHearts 
-- /GAME --
P0 HAND: JDiamonds, 6Diamonds, 3Diamonds, 7Clubs, 5Clubs, 3Clubs, AHearts, KHearts, ASpades, 5Spades.
P1 HAND: 7Diamonds, 2Diamonds, 6Clubs, 7Hearts, JHearts, 5Hearts, 3Hearts, 2Hearts, 7Spades, 2Spades.
P2 HAND: KDiamonds, 5Diamonds, KClubs, JClubs, QClubs, QHearts, 6Hearts, KSpades, JSpades, QSpades.
P3 HAND: ADiamonds, QDiamonds, 4Diamonds, AClubs, 4Clubs, 2Clubs, 4Hearts, 6Spades, 4Spades, 3Spades.
P0 AHearts P1 2Hearts P2 QHearts P3 4Hearts 
P0 3Diamonds P1 2Diamonds P2 5Diamonds P3 ADiamonds 
P3 AClubs P0 3Clubs P1 6Clubs P2 QClubs 
P3 2Clubs P0 7Clubs P1 2Spades P2 JClubs 
P1 3Hearts P2 6Hearts P3 4Diamonds P0 KHearts 
P0 5Clubs P1 5Hearts P2 KClubs P3 4Clubs 
P2 QSpades P3 3Spades P0 5Spades P1 7Spades 
P1 JHearts P2 JSpades P3 QDiamonds P0 JDiamonds 
P2 KSpades P3 4Spades P0 ASpades P1 7Diamonds 
P0 6Diamonds P1 7Hearts P2 KDiamonds P3 6Spades 
-- /GAME --

