-- GAME --
P0 HAND: JDiamonds, 4Diamonds, 2Diamonds, AClubs, JClubs, QClubs, 4Clubs, QHearts, ASpades, 7Spades.
P1 HAND: QDiamonds, 7Clubs, 6Clubs, AHearts, KHearts, JHearts, QSpades, 5Spades, 3Spades, 2Spades.
P2 HAND: 7Diamonds, KClubs, 2Clubs, 6Hearts, 4Hearts, 3Hearts, 2Hearts, KSpades, JSpades, 6Spades.
P3 HAND: ADiamonds, KDiamonds, 6Diamonds, 5Diamonds, 3Diamonds, 5Clubs, 3Clubs, 7Hearts, 5Hearts, 4Spades.
P2 2Hearts P3 5Hearts P0 QHearts P1 AHearts 
P1 2Spades P2 6Spades P3 4Spades P0 ASpades 
P0 2Diamonds P1 QDiamonds P2 7Diamonds P3 ADiamonds 
P3 3Diamonds P0 4Diamonds P1 3Spades P2 KSpades 
P0 JDiamonds P1 5Spades P2 3Hearts P3 KDiamonds 
P3 5Diamonds P0 4Clubs P1 QSpades P2 JSpades 
P0 QClubs P1 6Clubs P2 2Clubs P3 3Clubs 
P0 JClubs P1 7Clubs P2 KClubs P3 5Clubs 
P1 JHearts P2 4Hearts P3 7Hearts P0 AClubs 
P0 7Spades P1 KHearts P2 6Hearts P3 6Diamonds 
-- /GAME --
P0 HAND: JDiamonds, 6Diamonds, AClubs, QClubs, 4Clubs, 3Clubs, AHearts, 6Hearts, 2Hearts, 6Spades.
P1 HAND: 7Diamonds, 3Diamonds, 6Clubs, 5Clubs, QHearts, 4Hearts, ASpades, KSpades, 4Spades, 3Spades.
P2 HAND: ADiamonds, QDiamonds, JClubs, 2Clubs, KHearts, JHearts, 5Hearts, 7Spades, JSpades, 2Spades.
P3 HAND: KDiamonds, 5Diamonds, 4Diamonds, 2Diamonds, 7Clubs, KClubs, 7Hearts, 3Hearts, QSpades, 5Spades.
P1 ASpades P2 2Spades P3 QSpades P0 6Spades 
P1 3Diamonds P2 ADiamonds P3 2Diamonds P0 JDiamonds 
P2 2Clubs P3 KClubs P0 AClubs P1 5Clubs 
P0 6Diamonds P1 7Diamonds P2 QDiamonds P3 KDiamonds 
P1 3Spades P2 JSpades P3 5Spades P0 QClubs 
P2 JClubs P3 7Clubs P0 3Clubs P1 6Clubs 
P3 4Diamonds P0 2Hearts P1 4Spades P2 7Spades 
P0 4Clubs P1 4Hearts P2 5Hearts P3 5Diamonds 
P2 JHearts P3 3Hearts P0 6Hearts P1 QHearts 
P2 KHearts P3 7Hearts P0 AHearts P1 KSpades 
-- /GAME --
P0 HAND: ADiamonds, JDiamonds, 2Diamonds, 7Clubs, JClubs, QHearts, 5Hearts, 3Hearts, 7Spades, 2Spades.
P1 HAND: 5Diamonds, 4Diamonds, AClubs, QClubs, 4Clubs, KHearts, JHearts, 4Hearts, 2Hearts, ASpades.
P2 HAND: 7Diamonds, KDiamonds, 6Diamonds, 5Clubs, AHearts, 6Hearts, KSpades, 6Spades, 5Spades, 3Spades.
P3 HAND: QDiamonds, 3Diamonds, KClubs, 6Clubs, 3Clubs, 2Clubs, 7Hearts, JSpades, QSpades, 4Spades.
P0 ADiamonds P1 4Diamonds P2 7Diamonds P3 3Diamonds 
P0 2Diamonds P1 5Diamonds P2 KDiamonds P3 QDiamonds 
P2 AHearts P3 7Hearts P0 QHearts P1 2Hearts 
P2 3Spades P3 4Spades P0 2Spades P1 ASpades 
P1 4Hearts P2 6Hearts P3 QSpades P0 3Hearts 
P2 5Spades P3 JSpades P0 7Spades P1 4Clubs 
P1 JHearts P2 6Diamonds P3 2Clubs P0 5Hearts 
P3 3Clubs P0 JClubs P1 QClubs P2 5Clubs 
P0 JDiamonds P1 AClubs P2 6Spades P3 6Clubs 
P1 KHearts P2 KSpades P3 KClubs P0 7Clubs 
-- /GAME --
P0 HAND: JDiamonds, QDiamonds, 5Diamonds, 3Diamonds, QClubs, JHearts, 3Hearts, 7Spades, JSpades, 6Spades.
P1 HAND: KDiamonds, 7Clubs, 5Clubs, 2Clubs, AHearts, QHearts, ASpades, 4Spades, 3Spades, 2Spades.
P2 HAND: ADiamonds, AClubs, JClubs, 4Clubs, 3Clubs, KHearts, 6Hearts, 2Hearts, KSpades, 5Spades.
P3 HAND: 7Diamonds, 6Diamonds, 4Diamonds, 2Diamonds, KClubs, 6Clubs, 7Hearts, 5Hearts, 4Hearts, QSpades.
P3 2Diamonds P0 3Diamonds P1 KDiamonds P2 ADiamonds 
P2 2Hearts P3 4Hearts P0 3Hearts P1 AHearts 
P1 ASpades P2 5Spades P3 QSpades P0 6Spades 
P1 2Spades P2 KSpades P3 4Diamonds P0 7Spades 
P0 5Diamonds P1 3Spades P2 6Hearts P3 7Diamonds 
P3 5Hearts P0 JHearts P1 QHearts P2 KHearts 
P2 3Clubs P3 6Clubs P0 QClubs P1 2Clubs 
P0 QDiamonds P1 4Spades P2 4Clubs P3 6Diamonds 
P2 JClubs P3 KClubs P0 JSpades P1 5Clubs 
P3 7Hearts P0 JDiamonds P1 7Clubs P2 AClubs 
-- /GAME --
P0 HAND: KDiamonds, 7Clubs, JClubs, 6Clubs, 2Clubs, 5Hearts, ASpades, KSpades, 6Spades, 3Spades.
P1 HAND: QDiamonds, 6Diamonds, 4Diamonds, 3Diamonds, 2Diamonds, QHearts, 6Hearts, 2Hearts, 7Spades, 5Spades.
P2 HAND: ADiamonds, 7Diamonds, 5Diamonds, 5Clubs, 4Clubs, 3Clubs, AHearts, 4Hearts, 3Hearts, QSpades.
P3 HAND: JDiamonds, AClubs, KClubs, QClubs, 7Hearts, KHearts, JHearts, JSpades, 4Spades, 2Spades.
P2 AHearts P3 JHearts P0 5Hearts P1 2Hearts 
P2 3Clubs P3 AClubs P0 2Clubs P1 7Spades 
P3 2Spades P0 ASpades P1 5Spades P2 QSpades 
P0 3Spades P1 6Hearts P2 3Hearts P3 JSpades 
P3 4Spades P0 6Spades P1 QHearts P2 5Clubs 
P0 6Clubs P1 2Diamonds P2 4Clubs P3 KClubs 
P1 3Diamonds P2 5Diamonds P3 JDiamonds P0 KDiamonds 
P0 JClubs P1 4Diamonds P2 4Hearts P3 QClubs 
P1 6Diamonds P2 7Diamonds P3 KHearts P0 7Clubs 
P2 ADiamonds P3 7Hearts P0 KSpades P1 QDiamonds 
-- /GAME --

