-- GAME --
P0 HAND: 7Diamonds, 6Diamonds, 3Diamonds, 7Clubs, KClubs, 3Clubs, 7Hearts, QHearts, 5Hearts, 5Spades.
P1 HAND: ADiamonds, QDiamonds, 4Diamonds, 4Clubs, 4Hearts, 2Hearts, JSpades, QSpades, 4Spades, 3Spades.
P2 HAND: JDiamonds, AClubs, QClubs, 6Clubs, 2Clubs, AHearts, KHearts, 6Hearts, 3Hearts, ASpades.
P3 HAND: KDiamonds, 5Diamonds, 2Diamonds, JClubs, 5Clubs, JHearts, 7Spades, KSpades, 6Spades, 2Spades.
P1 ADiamonds P2 JDiamonds P3 KDiamonds P0 3Diamonds 
P1 2Hearts P2 AHearts P3 JHearts P0 7Hearts 
P2 AClubs P3 5Clubs P0 7Clubs P1 4Clubs 
P2 2Clubs P3 JClubs P0 KClubs P1 3Spades 
P1 4Diamonds P2 3Hearts P3 2Diamonds P0 7Diamonds 
P0 6Diamonds P1 QDiamonds P2 6Clubs P3 5Diamonds 
P1 4Hearts P2 6Hearts P3 2Spades P0 5Hearts 
P3 6Spades P0 5Spades P1 4Spades P2 ASpades 
P2 QClubs P3 KSpades P0 3Clubs P1 QSpades 
P3 7Spades P0 QHearts P1 JSpades P2 KHearts 
-- /GAME --
P0 HAND: ADiamonds, 4Clubs, 2Clubs, AHearts, 7Hearts, 5Hearts, 4Hearts, 7Spades, KSpades, 6Spades.
P1 HAND: JDiamonds, 5Diamonds, AClubs, 7Clubs, JClubs, 6Clubs, QHearts, 2Hearts, JSpades, 2Spades.
P2 HAND: QDiamonds, 6Diamonds, 4Diamonds, 2Diamonds, KClubs, QClubs, 5Clubs, 3Clubs, 6Hearts, 4Spades.
P3 HAND: 7Diamonds, KDiamonds, 3Diamonds, KHearts, JHearts, 3Hearts, ASpades, QSpades, 5Spades, 3Spades.

