-- GAME --
P0 HAND: 3Diamonds, AClubs, JClubs, 6Clubs, 3Clubs, 2Clubs, AHearts, QHearts, JSpades, 5Spades.
P1 HAND: ADiamonds, JDiamonds, 4Diamonds, KClubs, 7Hearts, JHearts, 6Hearts, 3Hearts, KSpades, 3Spades.
P2 HAND: 7Diamonds, 6Diamonds, 5Clubs, 4Clubs, KHearts, ASpades, QSpades, 6Spades, 4Spades, 2Spades.
P3 HAND: KDiamonds, QDiamonds, 5Diamonds, 2Diamonds, 7Clubs, QClubs, 5Hearts, 4Hearts, 2Hearts, 7Spades.
P3 2Diamonds P0 3Diamonds P1 ADiamonds P2 6Diamonds 
P1 3Hearts P2 KHearts P3 2Hearts P0 QHearts 
P2 2Spades P3 7Spades P0 5Spades P1 KSpades 
P3 4Hearts P0 AHearts P1 6Hearts P2 ASpades 
P0 AClubs P1 KClubs P2 4Clubs P3 QClubs 
P0 2Clubs P1 3Spades P2 5Clubs P3 7Clubs 
P3 5Diamonds P0 JSpades P1 4Diamonds P2 7Diamonds 
P2 4Spades P3 5Hearts P0 3Clubs P1 JDiamonds 
P0 6Clubs P1 JHearts P2 6Spades P3 QDiamonds 
P0 JClubs P1 7Hearts P2 QSpades P3 KDiamonds 
-- /GAME --
P0 HAND: JDiamonds, 6Diamonds, AClubs, JClubs, 5Clubs, AHearts, 7Hearts, KHearts, QHearts, 4Spades.
P1 HAND: KDiamonds, 5Diamonds, 7Clubs, 6Clubs, 6Hearts, 3Hearts, 7Spades, JSpades, 6Spades, 3Spades.
P2 HAND: ADiamonds, 7Diamonds, 3Diamonds, 2Diamonds, QClubs, 2Clubs, 5Hearts, 2Hearts, QSpades, 2Spades.
P3 HAND: QDiamonds, 4Diamonds, KClubs, 4Clubs, 3Clubs, JHearts, 4Hearts, ASpades, KSpades, 5Spades.
P2 ADiamonds P3 4Diamonds P0 6Diamonds P1 5Diamonds 
P2 2Diamonds P3 QDiamonds P0 JDiamonds P1 KDiamonds 
P1 3Spades P2 2Spades P3 ASpades P0 4Spades 
P3 3Clubs P0 5Clubs P1 6Clubs P2 QClubs 
P2 2Clubs P3 4Clubs P0 AClubs P1 7Clubs 
P0 AHearts P1 3Hearts P2 2Hearts P3 4Hearts 
P0 7Hearts P1 6Hearts P2 5Hearts P3 JHearts 
P0 JClubs P1 6Spades P2 3Diamonds P3 KClubs 
P3 5Spades P0 KHearts P1 JSpades P2 QSpades 
P0 QHearts P1 7Spades P2 7Diamonds P3 KSpades 
-- /GAME --
P0 HAND: JDiamonds, 4Diamonds, 7Clubs, 6Clubs, 5Clubs, 4Hearts, 3Hearts, ASpades, 7Spades, 5Spades.
P1 HAND: KDiamonds, 3Diamonds, 2Diamonds, AClubs, KClubs, 4Clubs, 3Clubs, 6Hearts, 5Hearts, JSpades.
P2 HAND: ADiamonds, 7Diamonds, QDiamonds, 6Diamonds, 5Diamonds, JClubs, QClubs, QHearts, KSpades, 4Spades.
P3 HAND: 2Clubs, AHearts, 7Hearts, KHearts, JHearts, 2Hearts, QSpades, 6Spades, 3Spades, 2Spades.
P1 AClubs P2 QClubs P3 2Clubs 
