-- GAME --
P0 HAND: 5Diamonds, 2Diamonds, 2Clubs, 7Hearts, QHearts, 4Hearts, JSpades, QSpades, 6Spades, 3Spades.
P1 HAND: KDiamonds, JDiamonds, KClubs, JClubs, 6Clubs, 3Clubs, JHearts, ASpades, 4Spades, 2Spades.
P2 HAND: ADiamonds, QDiamonds, 7Clubs, 5Clubs, AHearts, KHearts, 5Hearts, 3Hearts, 2Hearts, KSpades.
P3 HAND: 7Diamonds, 6Diamonds, 4Diamonds, 3Diamonds, AClubs, QClubs, 4Clubs, 6Hearts, 7Spades, 5Spades.
P3 3Diamonds P0 2Diamonds P1 JDiamonds P2 ADiamonds 
P2 2Hearts P3 6Hearts P0 4Hearts P1 JHearts 
P1 ASpades P2 KSpades P3 7Spades P0 3Spades 
P1 2Spades P2 3Hearts P3 5Spades P0 JSpades 
P0 5Diamonds P1 KDiamonds P2 QDiamonds P3 7Diamonds 
P3 4Diamonds P0 2Clubs P1 4Spades P2 AHearts 
P0 6Spades P1 3Clubs P2 5Hearts P3 6Diamonds 
P1 6Clubs P2 5Clubs P3 4Clubs P0 QSpades 
P1 JClubs P2 7Clubs P3 AClubs P0 QHearts 
P3 QClubs P0 7Hearts P1 KClubs P2 KHearts 
-- /GAME --
P0 HAND: 7Diamonds, QDiamonds, 6Diamonds, 7Clubs, 4Clubs, 3Clubs, 2Clubs, 4Hearts, 3Hearts, JSpades.
P1 HAND: 5Diamonds, AClubs, KClubs, QClubs, 5Clubs, 7Hearts, KHearts, 6Hearts, 5Spades, 2Spades.
P2 HAND: KDiamonds, 3Diamonds, JClubs, 6Clubs, JHearts, QHearts, ASpades, 7Spades, 6Spades, 3Spades.
P3 HAND: ADiamonds, JDiamonds, 4Diamonds, 2Diamonds, AHearts, 5Hearts, 2Hearts, KSpades, QSpades, 4Spades.
P2 ASpades P3 4Spades P0 JSpades P1 2Spades 
P2 3Diamonds P3 ADiamonds P0 6Diamonds P1 5Diamonds 
P3 AHearts P0 3Hearts P1 7Hearts P2 QHearts 
P3 2Diamonds P0 7Diamonds P1 5Clubs P2 KDiamonds 
P1 5Spades P2 3Spades P3 QSpades P0 2Clubs 
P0 4Hearts P1 6Hearts P2 JHearts P3 2Hearts 
P2 6Spades P3 KSpades P0 7Clubs P1 AClubs 
P1 QClubs P2 6Clubs P3 4Diamonds P0 3Clubs 
P1 KClubs P2 JClubs P3 5Hearts P0 4Clubs 
P1 KHearts P2 7Spades P3 JDiamonds P0 QDiamonds 
-- /GAME --

