-- GAME --
P0 HAND: QDiamonds, JClubs, QClubs, 6Clubs, 4Clubs, AHearts, 7Hearts, 2Hearts, KSpades, JSpades.
P1 HAND: 7Diamonds, 6Diamonds, 5Diamonds, 7Clubs, KClubs, 3Clubs, 2Clubs, QHearts, 5Spades, 3Spades.
P2 HAND: ADiamonds, KDiamonds, JDiamonds, 4Diamonds, AClubs, 5Clubs, 6Hearts, 5Hearts, ASpades, 4Spades.
P3 HAND: 3Diamonds, 2Diamonds, KHearts, JHearts, 4Hearts, 3Hearts, 7Spades, QSpades, 6Spades, 2Spades.
P1 3Spades P2 ASpades P3 2Spades P0 KSpades 
P2 ADiamonds P3 2Diamonds P0 QDiamonds P1 5Diamonds 
P2 4Diamonds P3 3Diamonds P0 JSpades P1 7Diamonds 
P1 5Spades P2 4Spades P3 6Spades P0 2Hearts 
P3 3Hearts P0 AHearts P1 QHearts P2 6Hearts 
P0 QClubs P1 2Clubs P2 5Clubs P3 4Hearts 
P0 6Clubs P1 3Clubs P2 AClubs P3 QSpades 
P2 5Hearts P3 JHearts P0 7Hearts P1 KClubs 
P1 6Diamonds P2 JDiamonds P3 KHearts P0 JClubs 
P0 4Clubs P1 7Clubs P2 KDiamonds P3 7Spades 
-- /GAME --
P0 HAND: ADiamonds, 7Diamonds, 6Diamonds, 5Diamonds, 4Diamonds, JClubs, 6Clubs, 3Clubs, JHearts, 4Hearts.
P1 HAND: QDiamonds, 3Diamonds, 7Clubs, QHearts, 3Hearts, 2Hearts, ASpades, 7Spades, 4Spades, 3Spades.
P2 HAND: KClubs, 5Clubs, 4Clubs, 2Clubs, AHearts, KHearts, 6Hearts, 5Hearts, JSpades, QSpades.
P3 HAND: KDiamonds, JDiamonds, 2Diamonds, AClubs, QClubs, 7Hearts, KSpades, 6Spades, 5Spades, 2Spades.
P0 4Hearts P1 2Hearts P2 AHearts P3 7Hearts 
P2 2Clubs P3 AClubs P0 3Clubs P1 7Clubs 
P3 2Spades P0 4Diamonds P1 3Spades P2 JSpades 
P0 ADiamonds P1 3Diamonds P2 KClubs P3 2Diamonds 
P0 7Diamonds P1 QDiamonds P2 KHearts P3 JDiamonds 
P0 6Clubs P1 3Hearts P2 4Clubs P3 QClubs 
P3 5Spades P0 JHearts P1 ASpades P2 QSpades 
P1 4Spades P2 5Clubs P3 6Spades P0 JClubs 
P3 KDiamonds P0 5Diamonds P1 QHearts P2 5Hearts 
P3 KSpades P0 6Diamonds P1 7Spades P2 6Hearts 
-- /GAME --
P0 HAND: 6Diamonds, 5Diamonds, 2Diamonds, AClubs, 6Clubs, 3Clubs, QHearts, KSpades, 6Spades, 5Spades.
P1 HAND: JDiamonds, QDiamonds, 3Diamonds, KClubs, 4Clubs, 6Hearts, 5Hearts, 4Hearts, ASpades, JSpades.
P2 HAND: ADiamonds, 7Diamonds, KDiamonds, 7Clubs, JClubs, 5Clubs, 2Clubs, 7Spades, 4Spades, 3Spades.
P3 HAND: 4Diamonds, QClubs, AHearts, 7Hearts, KHearts, JHearts, 3Hearts, 2Hearts, QSpades, 2Spades.
P3 2Hearts P0 QHearts P1 4Hearts P2 ADiamonds 
P0 2Diamonds P1 3Diamonds P2 7Diamonds P3 4Diamonds 
P2 3Spades P3 2Spades P0 5Spades P1 ASpades 
P1 5Hearts P2 4Spades P3 3Hearts P0 5Diamonds 
P1 6Hearts P2 2Clubs P3 JHearts P0 KSpades 
P2 5Clubs P3 QClubs P0 3Clubs P1 4Clubs 
P3 QSpades P0 6Spades P1 JSpades P2 7Spades 
P2 JClubs P3 KHearts P0 6Clubs P1 KClubs 
P1 QDiamonds P2 KDiamonds P3 7Hearts P0 6Diamonds 
P2 7Clubs P3 AHearts P0 AClubs P1 JDiamonds 
-- /GAME --
P0 HAND: ADiamonds, QDiamonds, 6Diamonds, 4Diamonds, 7Clubs, KClubs, 2Clubs, AHearts, 7Hearts, JSpades.
P1 HAND: 2Diamonds, QClubs, 5Clubs, JHearts, QHearts, 6Hearts, 5Hearts, 6Spades, 4Spades, 3Spades.
P2 HAND: JDiamonds, 5Diamonds, 3Diamonds, AClubs, 4Clubs, KHearts, 4Hearts, 2Hearts, 7Spades, 5Spades.
P3 HAND: 7Diamonds, KDiamonds, JClubs, 6Clubs, 3Clubs, 3Hearts, ASpades, KSpades, QSpades, 2Spades.

