-- GAME --
P0 HAND: ADiamonds, 7Diamonds, 2Diamonds, QHearts, 3Hearts, ASpades, 7Spades, JSpades, 5Spades, 4Spades.
P1 HAND: 5Diamonds, 4Diamonds, JClubs, QClubs, 6Clubs, 5Clubs, AHearts, 7Hearts, JHearts, 6Hearts.
P2 HAND: KDiamonds, 6Diamonds, AClubs, 7Clubs, 4Clubs, 3Clubs, 4Hearts, 2Hearts, KSpades, 2Spades.
P3 HAND: JDiamonds, QDiamonds, 3Diamonds, KClubs, 2Clubs, KHearts, 5Hearts, QSpades, 6Spades, 3Spades.
P0 3Hearts P1 AHearts P2 2Hearts P3 KHearts 
P1 4Diamonds P2 6Diamonds P3 3Diamonds P0 2Diamonds 
P2 AClubs P3 2Clubs P0 QHearts P1 5Clubs 
P2 3Clubs P3 KClubs P0 4Spades P1 6Clubs 
P0 7Spades P1 5Diamonds P2 2Spades P3 3Spades 
P0 ASpades P1 6Hearts P2 KSpades P3 6Spades 
P0 JSpades P1 QClubs P2 7Clubs P3 QSpades 
P0 ADiamonds P1 JClubs P2 KDiamonds P3 QDiamonds 
P0 7Diamonds P1 JHearts P2 4Clubs P3 JDiamonds 
P0 5Spades P1 7Hearts P2 4Hearts P3 5Hearts 
-- /GAME --
P0 HAND: 7Diamonds, KDiamonds, 2Diamonds, 7Clubs, AHearts, QHearts, 6Hearts, 5Hearts, JSpades, 3Spades.
P1 HAND: JDiamonds, 4Diamonds, 3Diamonds, KClubs, 3Clubs, KHearts, JHearts, 2Hearts, 7Spades, 6Spades.
P2 HAND: AClubs, JClubs, 6Clubs, 2Clubs, 7Hearts, 3Hearts, KSpades, QSpades, 4Spades, 2Spades.
P3 HAND: ADiamonds, QDiamonds, 6Diamonds, 5Diamonds, QClubs, 5Clubs, 4Clubs, 4Hearts, ASpades, 5Spades.
P3 ADiamonds P0 2Diamonds P1 JDiamonds P2 2Clubs 
P2 2Spades P3 ASpades P0 3Spades P1 7Spades 
P3 4Hearts P0 AHearts P1 2Hearts P2 7Hearts 
P0 7Diamonds P1 3Diamonds P2 KSpades P3 5Diamonds 
P0 KDiamonds P1 4Diamonds P2 QSpades P3 6Diamonds 
P0 JSpades P1 6Spades P2 4Spades P3 5Spades 
P0 7Clubs P1 3Clubs P2 6Clubs P3 4Clubs 
P0 6Hearts P1 JHearts P2 3Hearts P3 QDiamonds 
P1 KClubs P2 JClubs P3 5Clubs P0 5Hearts 
P1 KHearts P2 AClubs P3 QClubs P0 QHearts 
-- /GAME --
P0 HAND: 4Diamonds, KClubs, 4Clubs, QHearts, 4Hearts, 3Hearts, 7Spades, KSpades, 5Spades, 2Spades.
P1 HAND: JDiamonds, QDiamonds, 6Diamonds, JClubs, QClubs, 5Clubs, 3Clubs, 5Hearts, QSpades, 3Spades.
P2 HAND: 7Diamonds, KDiamonds, 5Diamonds, 7Clubs, 6Clubs, 2Clubs, 7Hearts, 6Hearts, ASpades, JSpades.
P3 HAND: ADiamonds, 3Diamonds, 2Diamonds, AClubs, AHearts, KHearts, JHearts, 2Hearts, 6Spades, 4Spades.
P2 ASpades P3 4Spades 
