-- GAME --
P0 HAND: KDiamonds, 5Diamonds, 3Diamonds, AClubs, KClubs, 4Clubs, 3Clubs, 2Clubs, ASpades, 2Spades.
P1 HAND: QDiamonds, 4Diamonds, 6Clubs, 5Clubs, AHearts, 4Hearts, 7Spades, QSpades, 5Spades, 4Spades.
P2 HAND: JDiamonds, 6Diamonds, 2Diamonds, JClubs, JHearts, 5Hearts, KSpades, JSpades, 6Spades, 3Spades.
P3 HAND: ADiamonds, 7Diamonds, 7Clubs, QClubs, 7Hearts, KHearts, QHearts, 6Hearts, 3Hearts, 2Hearts.
P1 AHearts P2 5Hearts P3 7Hearts P0 3Diamonds 
P0 ASpades P1 4Spades P2 KSpades P3 7Diamonds 
P3 2Hearts P0 2Spades P1 4Hearts P2 JHearts 
P2 3Spades P3 3Hearts P0 2Clubs P1 7Spades 
P1 5Clubs P2 JClubs P3 QClubs P0 AClubs 
P0 3Clubs P1 6Clubs P2 6Spades P3 7Clubs 
P3 6Hearts P0 4Clubs P1 5Spades P2 2Diamonds 
P2 JSpades P3 QHearts P0 5Diamonds P1 QSpades 
P0 KClubs P1 4Diamonds P2 6Diamonds P3 ADiamonds 
P3 KHearts P0 KDiamonds P1 QDiamonds P2 JDiamonds 
-- /GAME --
P0 HAND: KDiamonds, AClubs, 7Clubs, JClubs, 4Clubs, 2Clubs, AHearts, 5Hearts, 3Hearts, JSpades.
P1 HAND: ADiamonds, 7Diamonds, 3Diamonds, 2Diamonds, KClubs, 6Clubs, JHearts, QHearts, 2Hearts, 4Spades.
P2 HAND: QDiamonds, QClubs, 5Clubs, 7Hearts, KHearts, 6Hearts, 7Spades, KSpades, QSpades, 3Spades.
P3 HAND: JDiamonds, 6Diamonds, 5Diamonds, 4Diamonds, 3Clubs, 4Hearts, ASpades, 6Spades, 5Spades, 2Spades.
P0 AHearts P1 2Hearts P2 7Hearts P3 4Hearts 
P0 AClubs P1 6Clubs P2 QClubs P3 3Clubs 
P0 JSpades P1 4Spades P2 3Spades P3 ASpades 
P3 2Spades P0 KDiamonds P1 QHearts P2 7Spades 
P0 3Hearts P1 JHearts P2 6Hearts P3 6Spades 
P1 2Diamonds P2 QDiamonds P3 4Diamonds P0 7Clubs 
P2 5Clubs P3 5Spades P0 JClubs P1 KClubs 
P1 3Diamonds P2 QSpades P3 5Diamonds P0 5Hearts 
P3 6Diamonds P0 2Clubs P1 7Diamonds P2 KHearts 
P1 ADiamonds P2 KSpades P3 JDiamonds P0 4Clubs 
-- /GAME --
P0 HAND: ADiamonds, KDiamonds, 6Diamonds, 4Diamonds, 2Diamonds, QClubs, 5Clubs, JHearts, 2Hearts, 4Spades.
P1 HAND: 5Diamonds, JClubs, AHearts, QHearts, 3Hearts, ASpades, 7Spades, 5Spades, 3Spades, 2Spades.
P2 HAND: 7Diamonds, JDiamonds, QDiamonds, 3Diamonds, 6Clubs, 4Clubs, 3Clubs, 6Hearts, QSpades, 6Spades.
P3 HAND: AClubs, 7Clubs, KClubs, 2Clubs, 7Hearts, KHearts, 5Hearts, 4Hearts, KSpades, JSpades.

