-- GAME --
P0 KDiamonds 
P3 QHearts P0 4Hearts P1 JHearts P2 7Hearts 
P2 5Spades P3 7Spades P0 7Clubs P1 4Diamonds 
P0 5Hearts P1 5Diamonds P2 4Clubs P3 5Clubs 
P3 JDiamonds P0 JClubs P1 6Diamonds P2 QClubs 
P0 KHearts P1 3Clubs P2 KClubs P3 AClubs 
-- /GAME --
P0 HAND: 6Diamonds, 3Diamonds, KClubs, QClubs, 6Clubs, 3Clubs, 2Hearts, KSpades, QSpades, 6Spades.
P1 HAND: 7Diamonds, KDiamonds, JDiamonds, QDiamonds, 4Diamonds, 2Diamonds, JClubs, AHearts, QHearts, 3Hearts.
P2 HAND: ADiamonds, 5Diamonds, 5Clubs, 4Clubs, 2Clubs, 7Hearts, KHearts, 6Hearts, 4Spades, 3Spades.
P3 HAND: AClubs, 7Clubs, JHearts, 5Hearts, 4Hearts, ASpades, 7Spades, JSpades, 5Spades, 2Spades.
P2 2Clubs P3 AClubs P0 6Clubs P1 JClubs 
P3 2Spades P0 6Spades P1 3Hearts P2 4Spades 
P0 2Hearts P1 AHearts P2 6Hearts P3 JHearts 
P1 QHearts P2 KHearts P3 4Hearts P0 KClubs 
P2 3Spades P3 5Spades P0 QSpades P1 2Diamonds 
P1 4Diamonds P2 5Diamonds P3 5Hearts P0 3Diamonds 
P2 4Clubs P3 7Clubs P0 3Clubs P1 QDiamonds 
P1 JDiamonds P2 ADiamonds P3 JSpades P0 6Diamonds 
P2 5Clubs P3 7Spades P0 QClubs P1 KDiamonds 
P1 7Diamonds P2 7Hearts P3 ASpades P0 KSpades 
-- /GAME --
P0 HAND: 7Clubs, KClubs, AHearts, KHearts, QHearts, 7Spades, KSpades, JSpades, 6Spades, 2Spades.
P1 HAND: KDiamonds, 6Diamonds, 5Diamonds, 4Diamonds, 6Clubs, 4Clubs, 2Clubs, 4Hearts, 3Hearts, 4Spades.
P2 HAND: 7Diamonds, 2Diamonds, 5Clubs, JHearts, 5Hearts, 2Hearts, ASpades, QSpades, 5Spades, 3Spades.
P3 HAND: ADiamonds, JDiamonds, QDiamonds, 3Diamonds, AClubs, JClubs, QClubs, 3Clubs, 7Hearts, 6Hearts.
P1 2Clubs P2 5Clubs P3 AClubs P0 KClubs 
P3 ADiamonds P0 QHearts P1 4Diamonds P2 7Diamonds 
P0 2Spades P1 4Spades P2 ASpades P3 6Hearts 
P3 3Diamonds P0 6Spades P1 KDiamonds P2 2Diamonds 
P1 4Clubs P2 3Spades P3 3Clubs P0 7Clubs 
P0 JSpades P1 5Diamonds P2 5Spades P3 QDiamonds 
P0 KSpades P1 6Diamonds P2 QSpades P3 7Hearts 
P3 QClubs P0 KHearts P1 6Clubs P2 2Hearts 
P0 7Spades P1 3Hearts P2 5Hearts P3 JDiamonds 
P2 JHearts P3 JClubs P0 AHearts P1 4Hearts 
-- /GAME --

