-- GAME --
P0 HAND: 7Diamonds, 5Diamonds, 2Diamonds, 7Hearts, KHearts, QHearts, 6Hearts, 5Hearts, 4Hearts, 6Spades.
P1 HAND: 6Diamonds, 3Diamonds, KClubs, QClubs, 6Clubs, AHearts, 2Hearts, ASpades, KSpades, 3Spades.
P2 HAND: JDiamonds, 4Diamonds, AClubs, 5Clubs, 4Clubs, JHearts, JSpades, QSpades, 5Spades, 4Spades.
P3 HAND: ADiamonds, KDiamonds, QDiamonds, 7Clubs, JClubs, 3Clubs, 2Clubs, 3Hearts, 7Spades, 2Spades.
P1 AHearts P2 JHearts P3 3Hearts P0 4Hearts 
P1 ASpades P2 4Spades P3 7Spades P0 6Spades 
P1 2Hearts P2 4Clubs P3 2Clubs P0 7Hearts 
P0 2Diamonds P1 3Diamonds P2 4Diamonds P3 QDiamonds 
P3 2Spades P0 5Hearts P1 KSpades P2 5Spades 
P1 3Spades P2 QSpades P3 3Clubs P0 6Hearts 
P2 5Clubs P3 JClubs P0 5Diamonds P1 6Clubs 
P0 KHearts P1 QClubs P2 JDiamonds P3 KDiamonds 
P3 ADiamonds P0 7Diamonds P1 6Diamonds P2 JSpades 
P3 7Clubs P0 QHearts P1 KClubs P2 AClubs 
-- /GAME --
P0 HAND: 6Diamonds, 5Diamonds, AClubs, 6Clubs, 3Clubs, KHearts, 6Hearts, 5Spades, 4Spades, 3Spades.
P1 HAND: ADiamonds, KDiamonds, JDiamonds, 4Diamonds, 7Clubs, KClubs, 2Clubs, JSpades, QSpades, 6Spades.
P2 HAND: 7Diamonds, QDiamonds, 3Diamonds, QClubs, 5Clubs, QHearts, 5Hearts, 3Hearts, 7Spades, KSpades.
P3 HAND: 2Diamonds, JClubs, 4Clubs, AHearts, 7Hearts, JHearts, 4Hearts, 2Hearts, ASpades, 2Spades.

