-- GAME --
P0 HAND: 7Diamonds, 4Diamonds, 3Diamonds, QClubs, 5Clubs, 2Clubs, 7Hearts, KHearts, 5Hearts, ASpades.
P1 HAND: JDiamonds, 6Diamonds, 5Diamonds, 7Clubs, JClubs, 4Hearts, 2Hearts, 7Spades, QSpades, 3Spades.
P2 HAND: ADiamonds, QDiamonds, 2Diamonds, AClubs, 6Clubs, 4Clubs, JHearts, QHearts, 4Spades, 2Spades.
P3 HAND: KDiamonds, KClubs, 3Clubs, AHearts, 6Hearts, 3Hearts, KSpades, JSpades, 6Spades, 5Spades.
P0 3Diamonds P1 5Diamonds P2 ADiamonds P3 KDiamonds 
P2 AClubs P3 3Clubs P0 QClubs P1 JClubs 
P2 2Diamonds P3 3Hearts P0 7Diamonds P1 6Diamonds 
P0 5Hearts P1 2Hearts P2 QHearts P3 AHearts 
P3 6Hearts P0 7Hearts P1 4Hearts P2 JHearts 
P0 KHearts P1 3Spades P2 4Clubs P3 KClubs 
P1 JDiamonds P2 QDiamonds P3 5Spades P0 4Diamonds 
P3 6Spades P0 ASpades P1 QSpades P2 2Spades 
P0 2Clubs P1 7Clubs P2 6Clubs P3 JSpades 
P3 KSpades P0 5Clubs P1 7Spades P2 4Spades 
-- /GAME --
P0 HAND: ADiamonds, 7Diamonds, KDiamonds, QClubs, 7Hearts, 6Hearts, 2Hearts, 7Spades, JSpades, 4Spades.
P1 HAND: JDiamonds, QDiamonds, 6Diamonds, 4Diamonds, 3Diamonds, 5Clubs, AHearts, KHearts, 4Hearts, KSpades.
P2 HAND: 2Diamonds, AClubs, 6Clubs, 3Clubs, 2Clubs, JHearts, QHearts, QSpades, 5Spades, 2Spades.
P3 HAND: 5Diamonds, 7Clubs, KClubs, JClubs, 4Clubs, 5Hearts, 3Hearts, ASpades, 6Spades, 3Spades.
P3 ASpades P0 4Spades P1 KSpades P2 2Spades 
P3 3Hearts P0 2Hearts P1 AHearts P2 QHearts 
P1 3Diamonds P2 2Diamonds P3 5Diamonds P0 ADiamonds 
P0 7Diamonds P1 4Diamonds P2 JHearts P3 4Clubs 
P3 3Spades P0 JSpades P1 4Hearts P2 QSpades 
P0 KDiamonds P1 6Diamonds P2 5Spades P3 5Hearts 
P0 6Hearts P1 KHearts P2 2Clubs P3 6Spades 
P2 3Clubs P3 JClubs P0 QClubs P1 5Clubs 
P3 KClubs P0 7Spades P1 QDiamonds P2 AClubs 
P2 6Clubs P3 7Clubs P0 7Hearts P1 JDiamonds 
-- /GAME --
P0 HAND: KDiamonds, 2Diamonds, AClubs, 6Clubs, AHearts, 4Hearts, 7Spades, KSpades, JSpades, QSpades.
P1 HAND: 6Diamonds, 4Diamonds, 3Diamonds, QClubs, 5Clubs, 4Clubs, 2Clubs, KHearts, ASpades, 5Spades.
P2 HAND: ADiamonds, 5Diamonds, 7Clubs, KClubs, JClubs, 3Clubs, 7Hearts, 5Hearts, 6Spades, 2Spades.
P3 HAND: 7Diamonds, JDiamonds, QDiamonds, JHearts, QHearts, 6Hearts, 3Hearts, 2Hearts, 4Spades, 3Spades.
P0 HAND: KDiamonds, JDiamonds, 3Diamonds, KClubs, AHearts, JHearts, QHearts, 3Hearts, KSpades, 4Spades.
P1 HAND: 2Diamonds, JClubs, 5Clubs, 2Clubs, KHearts, 4Hearts, 7Spades, JSpades, QSpades, 5Spades.
P2 HAND: QDiamonds, 6Diamonds, 5Diamonds, 4Diamonds, 7Clubs, 6Clubs, 3Clubs, 6Spades, 3Spades, 2Spades.
P3 HAND: ADiamonds, 7Diamonds, AClubs, QClubs, 4Clubs, 7Hearts, 6Hearts, 5Hearts, 2Hearts, ASpades.

