-- GAME --
P0 HAND: JDiamonds, 7Clubs, QClubs, KHearts, JHearts, 6Hearts, 5Hearts, 3Hearts, ASpades, 7Spades.
P1 HAND: ADiamonds, QDiamonds, 4Diamonds, 6Clubs, QHearts, 4Hearts, JSpades, QSpades, 6Spades, 5Spades.
P2 HAND: 6Diamonds, AClubs, KClubs, JClubs, 3Clubs, 2Clubs, AHearts, 4Spades, 3Spades, 2Spades.
P3 HAND: 7Diamonds, KDiamonds, 5Diamonds, 3Diamonds, 2Diamonds, 5Clubs, 4Clubs, 7Hearts, 2Hearts, KSpades.
P2 2Clubs P3 4Clubs P0 7Clubs P1 6Clubs 
P0 QClubs P1 4Diamonds P2 3Clubs P3 5Clubs 
P0 3Hearts P1 4Hearts P2 AHearts P3 2Hearts 
P2 6Diamonds P3 2Diamonds P0 JDiamonds P1 ADiamonds 
P1 QDiamonds P2 2Spades P3 3Diamonds P0 KHearts 
P2 JClubs P3 5Diamonds P0 7Spades P1 QHearts 
P0 JHearts P1 5Spades P2 3Spades P3 7Hearts 
P1 6Spades P2 4Spades P3 KSpades P0 ASpades 
P0 6Hearts P1 QSpades P2 KClubs P3 7Diamonds 
P1 JSpades P2 AClubs P3 KDiamonds P0 5Hearts 
-- /GAME --
P0 HAND: 7Clubs, KClubs, 6Clubs, 5Clubs, 2Clubs, QHearts, 4Hearts, 3Hearts, ASpades, 2Spades.
P1 HAND: ADiamonds, KDiamonds, 6Diamonds, 5Diamonds, 4Diamonds, 2Diamonds, QClubs, 4Clubs, 7Hearts, KHearts.
P2 HAND: 7Diamonds, QDiamonds, 3Diamonds, AClubs, JClubs, 3Clubs, 2Hearts, KSpades, 6Spades, 3Spades.
P3 HAND: JDiamonds, AHearts, JHearts, 6Hearts, 5Hearts, 7Spades, JSpades, QSpades, 5Spades, 4Spades.
P1 2Diamonds P2 3Diamonds P3 JDiamonds P0 2Spades 
P3 AHearts P0 3Hearts P1 7Hearts P2 2Hearts 
P3 4Spades P0 ASpades P1 4Clubs P2 3Spades 
P1 4Diamonds P2 QDiamonds P3 5Hearts P0 QHearts 
P2 6Spades P3 5Spades P0 2Clubs P1 5Diamonds 
P0 4Hearts P1 KHearts P2 3Clubs P3 6Hearts 
P2 JClubs P3 QSpades P0 5Clubs P1 QClubs 
P2 AClubs P3 JHearts P0 6Clubs P1 6Diamonds 
P2 KSpades P3 JSpades P0 KClubs P1 KDiamonds 
P0 7Clubs P1 ADiamonds P2 7Diamonds P3 7Spades 
-- /GAME --
P0 HAND: ADiamonds, KDiamonds, JDiamonds, 6Diamonds, 5Diamonds, 2Clubs, JHearts, QSpades, 6Spades, 2Spades.
P1 HAND: 7Diamonds, 4Diamonds, 2Diamonds, JClubs, QClubs, 3Clubs, 7Hearts, 5Hearts, 4Hearts, 5Spades.
P2 HAND: QDiamonds, 3Diamonds, 7Clubs, AHearts, KHearts, 6Hearts, 2Hearts, KSpades, 4Spades, 3Spades.
P3 HAND: AClubs, KClubs, 6Clubs, 5Clubs, 4Clubs, QHearts, 3Hearts, ASpades, 7Spades, JSpades.
P0 2Clubs P1 3Clubs P2 7Clubs P3 AClubs 
P3 ASpades P0 2Spades P1 5Spades P2 3Spades 
P3 3Hearts P0 JHearts P1 4Hearts P2 AHearts 
P2 2Hearts P3 QHearts P0 KDiamonds P1 7Hearts 
P1 2Diamonds P2 3Diamonds P3 4Clubs P0 5Diamonds 
P3 JSpades P0 6Spades P1 4Diamonds P2 KSpades 
P2 4Spades P3 7Spades P0 QSpades P1 7Diamonds 
P3 5Clubs P0 6Diamonds P1 QClubs P2 6Hearts 
P1 5Hearts P2 KHearts P3 6Clubs P0 JDiamonds 
P3 KClubs P0 ADiamonds P1 JClubs P2 QDiamonds 
-- /GAME --
P0 HAND: ADiamonds, 4Diamonds, 3Diamonds, KClubs, JClubs, 3Hearts, JSpades, 6Spades, 4Spades, 2Spades.
P1 HAND: 5Diamonds, 2Diamonds, 7Clubs, 4Clubs, 6Hearts, 4Hearts, 2Hearts, KSpades, 5Spades, 3Spades.
P2 HAND: 7Diamonds, KDiamonds, JDiamonds, QDiamonds, 6Diamonds, AClubs, QClubs, QHearts, 5Hearts, ASpades.
P3 HAND: 6Clubs, 5Clubs, 3Clubs, 2Clubs, AHearts, 7Hearts, KHearts, JHearts, 7Spades, QSpades.
P3 2Clubs P0 JClubs P1 4Clubs P2 AClubs 
P2 ASpades P3 QSpades P0 JSpades P1 3Spades 
P2 6Diamonds P3 3Clubs P0 ADiamonds P1 2Diamonds 
P0 6Spades P1 5Spades P2 QDiamonds P3 7Spades 
P3 5Clubs P0 KClubs P1 7Clubs P2 QClubs 
P1 5Diamonds P2 JDiamonds P3 6Clubs P0 4Diamonds 
P2 5Hearts P3 JHearts P0 3Hearts P1 2Hearts 
P3 KHearts P0 3Diamonds P1 4Hearts P2 QHearts 
P3 7Hearts P0 4Spades P1 6Hearts P2 KDiamonds 
P3 AHearts P0 2Spades P1 KSpades P2 7Diamonds 
-- /GAME --
P0 HAND: QDiamonds, 5Diamonds, 6Clubs, 2Clubs, KHearts, JHearts, QHearts, 6Hearts, 4Hearts, JSpades.
P1 HAND: ADiamonds, JDiamonds, 6Diamonds, 4Diamonds, 7Clubs, 3Clubs, 2Hearts, ASpades, 7Spades, 5Spades.
P2 HAND: 7Diamonds, 2Diamonds, KClubs, JClubs, 4Clubs, AHearts, 3Hearts, KSpades, QSpades, 3Spades.
P3 HAND: KDiamonds, 3Diamonds, AClubs, QClubs, 5Clubs, 7Hearts, 5Hearts, 6Spades, 4Spades, 2Spades.
P0 5Diamonds P1 ADiamonds P2 2Diamonds P3 KDiamonds 
P1 ASpades P2 3Spades P3 6Spades P0 JSpades 
P1 3Clubs P2 4Clubs P3 AClubs P0 6Clubs 
P3 2Spades P0 QDiamonds P1 7Spades P2 QSpades 
P1 4Diamonds P2 7Diamonds P3 3Diamonds P0 2Clubs 
P2 JClubs P3 5Clubs P0 4Hearts P1 7Clubs 
P0 6Hearts P1 2Hearts P2 3Hearts P3 5Hearts 
P0 QHearts P1 5Spades P2 AHearts P3 7Hearts 
P2 KClubs P3 QClubs P0 JHearts P1 6Diamonds 
P0 KHearts P1 JDiamonds P2 KSpades P3 4Spades 
-- /GAME --

