-- GAME --
P0 7Spades P1 3Hearts P2 QHearts 
P2 JHearts P3 7Hearts P0 3Spades P1 4Hearts 
P3 7Clubs P0 JSpades P1 5Hearts P2 AHearts 
-- /GAME --
P0 HAND: ADiamonds, 7Diamonds, 6Diamonds, 5Diamonds, AClubs, KClubs, QHearts, 2Hearts, KSpades, 4Spades.
P1 HAND: JDiamonds, 3Diamonds, 7Clubs, 4Clubs, KHearts, 6Hearts, 3Hearts, ASpades, 7Spades, 2Spades.
P2 HAND: KDiamonds, QDiamonds, 3Clubs, AHearts, 7Hearts, JHearts, QSpades, 6Spades, 5Spades, 3Spades.
P3 HAND: 4Diamonds, 2Diamonds, JClubs, QClubs, 6Clubs, 5Clubs, 2Clubs, 5Hearts, 4Hearts, JSpades.
P2 AHearts P3 4Hearts P0 QHearts P1 3Hearts 
P2 3Clubs P3 2Clubs P0 AClubs P1 4Clubs 
P0 4Spades P1 ASpades P2 3Spades P3 JSpades 
P1 2Spades P2 5Spades P3 5Clubs P0 KSpades 
P0 2Hearts P1 6Hearts P2 7Hearts P3 5Hearts 
P2 6Spades P3 6Clubs P0 5Diamonds P1 7Spades 
P0 KClubs P1 7Clubs P2 QDiamonds P3 QClubs 
P2 QSpades P3 2Diamonds P0 6Diamonds P1 3Diamonds 
P0 7Diamonds P1 JDiamonds P2 KDiamonds P3 4Diamonds 
P0 ADiamonds P1 KHearts P2 JHearts P3 JClubs 
-- /GAME --
P0 HAND: KDiamonds, 2Diamonds, AClubs, KClubs, KHearts, 6Hearts, 2Hearts, ASpades, KSpades, 2Spades.
P1 HAND: ADiamonds, 5Diamonds, 4Diamonds, 3Diamonds, QClubs, JHearts, 7Spades, JSpades, 5Spades, 3Spades.
P2 HAND: 7Diamonds, JDiamonds, JClubs, 4Clubs, 3Clubs, AHearts, 7Hearts, QHearts, 3Hearts, QSpades.
P3 HAND: QDiamonds, 6Diamonds, 7Clubs, 6Clubs, 5Clubs, 2Clubs, 5Hearts, 4Hearts, 6Spades, 4Spades.
P3 4Hearts P0 2Hearts P1 JHearts P2 AHearts 
P2 3Hearts P3 5Hearts P0 6Hearts P1 3Diamonds 
P0 2Diamonds P1 ADiamonds P2 JDiamonds P3 QDiamonds 
P1 3Spades P2 QSpades P3 4Spades P0 ASpades 
P0 KHearts P1 4Diamonds P2 QHearts P3 2Clubs 
P3 6Diamonds P0 KDiamonds P1 5Diamonds P2 7Diamonds 
P2 3Clubs P3 5Clubs P0 KClubs P1 QClubs 
P0 2Spades P1 5Spades P2 4Clubs P3 6Spades 
P2 JClubs P3 6Clubs P0 AClubs P1 JSpades 
P0 KSpades P1 7Spades P2 7Hearts P3 7Clubs 
-- /GAME --
P0 HAND: 4Diamonds, 3Diamonds, QHearts, 5Hearts, 4Hearts, 7Spades, KSpades, 4Spades, 3Spades, 2Spades.
P1 HAND: 6Diamonds, 5Diamonds, AClubs, JClubs, QClubs, 4Clubs, 3Clubs, 6Hearts, 2Hearts, QSpades.
P2 HAND: ADiamonds, KDiamonds, JDiamonds, QDiamonds, 2Diamonds, KClubs, 6Clubs, 2Clubs, JSpades, 5Spades.
P3 HAND: 7Diamonds, 7Clubs, 5Clubs, AHearts, 7Hearts, KHearts, JHearts, 3Hearts, ASpades, 6Spades.
P2 2Diamonds P3 7Diamonds P0 3Diamonds P1 6Diamonds 
P3 3Hearts P0 4Hearts P1 2Hearts P2 ADiamonds 
P0 5Hearts P1 6Hearts P2 5Spades P3 AHearts 
P3 ASpades P0 2Spades P1 QSpades P2 JSpades 
P3 6Spades P0 3Spades P1 5Diamonds P2 QDiamonds 
P3 JHearts P0 QHearts P1 3Clubs P2 6Clubs 
P2 JDiamonds P3 5Clubs P0 4Diamonds P1 4Clubs 
P3 7Clubs P0 4Spades P1 QClubs P2 2Clubs 
P3 KHearts P0 KSpades P1 JClubs P2 KClubs 
P2 KDiamonds P3 7Hearts P0 7Spades P1 AClubs 
-- /GAME --
P0 HAND: 7Diamonds, QDiamonds, 6Diamonds, 2Clubs, AHearts, KHearts, 3Hearts, ASpades, KSpades, 5Spades.
P1 HAND: JDiamonds, 5Diamonds, AClubs, 6Clubs, 5Clubs, JHearts, 4Hearts, QSpades, 6Spades, 2Spades.
P2 HAND: ADiamonds, 4Diamonds, KClubs, QClubs, 4Clubs, 7Hearts, QHearts, 6Hearts, 4Spades, 3Spades.
P3 HAND: KDiamonds, 3Diamonds, 2Diamonds, 7Clubs, JClubs, 3Clubs, 5Hearts, 2Hearts, 7Spades, JSpades.
P1 AClubs P2 4Clubs P3 7Clubs 
