-- GAME --
P0 HAND: KDiamonds, 5Diamonds, 7Clubs, 5Clubs, 2Clubs, AHearts, 7Hearts, 5Hearts, 2Hearts, ASpades.
P1 HAND: 6Diamonds, QClubs, 3Clubs, KHearts, 6Hearts, 4Hearts, 7Spades, KSpades, 5Spades, 4Spades.
P2 HAND: ADiamonds, 7Diamonds, JDiamonds, 4Diamonds, KClubs, JClubs, 4Clubs, 3Hearts, QSpades, 3Spades.
P3 HAND: QDiamonds, 3Diamonds, 2Diamonds, AClubs, 6Clubs, JHearts, QHearts, JSpades, 6Spades, 2Spades.
P1 4Hearts P2 3Hearts P3 QHearts P0 AHearts 
P0 2Hearts P1 6Hearts P2 3Spades P3 JHearts 
P3 2Diamonds P0 5Diamonds P1 6Diamonds P2 ADiamonds 
P2 4Diamonds P3 3Diamonds P0 KDiamonds P1 4Spades 
P0 5Hearts P1 KHearts P2 QSpades P3 JSpades 
P1 5Spades P2 4Clubs P3 2Spades P0 ASpades 
P2 JDiamonds P3 QDiamonds P0 2Clubs P1 3Clubs 
P1 QClubs P2 JClubs P3 AClubs P0 5Clubs 
P3 6Spades P0 7Clubs P1 KSpades P2 7Diamonds 
P0 7Hearts P1 7Spades P2 KClubs P3 6Clubs 
-- /GAME --
P0 HAND: ADiamonds, QDiamonds, 6Clubs, 2Clubs, 6Hearts, 5Hearts, 3Hearts, 2Hearts, 7Spades, 6Spades.
P1 HAND: KDiamonds, 4Diamonds, 3Diamonds, 7Clubs, KClubs, QClubs, QHearts, QSpades, 5Spades, 4Spades.
P2 HAND: 7Diamonds, 2Diamonds, AClubs, JClubs, 5Clubs, 3Clubs, AHearts, 7Hearts, JSpades, 3Spades.
P3 HAND: JDiamonds, 6Diamonds, 5Diamonds, 4Clubs, KHearts, JHearts, 4Hearts, ASpades, KSpades, 2Spades.
P0 ADiamonds P1 3Diamonds P2 7Diamonds P3 5Diamonds 
P0 6Clubs P1 QClubs P2 AClubs P3 4Clubs 
P2 AHearts P3 4Hearts P0 6Hearts P1 QHearts 
P2 2Diamonds P3 6Diamonds P0 QDiamonds P1 KDiamonds 
P1 4Diamonds P2 3Clubs P3 JDiamonds P0 2Clubs 
P3 JHearts P0 2Hearts P1 4Spades P2 7Hearts 
P1 5Spades P2 3Spades P3 2Spades P0 7Spades 
P0 3Hearts P1 QSpades P2 5Clubs P3 KHearts 
P1 KClubs P2 JClubs P3 KSpades P0 5Hearts 
P3 ASpades P0 6Spades P1 7Clubs P2 JSpades 
-- /GAME --
P0 HAND: ADiamonds, JDiamonds, QDiamonds, 2Diamonds, KClubs, 2Clubs, ASpades, 7Spades, 5Spades, 3Spades.
P1 HAND: AClubs, 6Clubs, 4Clubs, 3Clubs, KHearts, 6Hearts, 5Hearts, 3Hearts, 2Hearts, QSpades.
P2 HAND: 6Diamonds, 4Diamonds, 3Diamonds, 7Clubs, JClubs, AHearts, JHearts, JSpades, 6Spades, 2Spades.
P3 HAND: 7Diamonds, KDiamonds, 5Diamonds, QClubs, 5Clubs, 7Hearts, QHearts, 4Hearts, KSpades, 4Spades.
P3 4Hearts P0 3Spades P1 2Hearts P2 AHearts 
P2 2Spades P3 4Spades P0 ASpades P1 QSpades 
P0 2Clubs P1 AClubs P2 JClubs P3 QClubs 
P1 3Clubs P2 7Clubs P3 5Clubs P0 KClubs 
P2 6Spades P3 KSpades P0 5Spades P1 KHearts 
P3 QHearts P0 2Diamonds P1 3Hearts P2 JHearts 
P0 ADiamonds P1 4Clubs P2 3Diamonds P3 5Diamonds 
P0 QDiamonds P1 5Hearts P2 4Diamonds P3 KDiamonds 
P3 7Diamonds P0 JDiamonds P1 6Clubs P2 6Diamonds 
P3 7Hearts P0 7Spades P1 6Hearts P2 JSpades 
-- /GAME --
P0 HAND: 7Diamonds, KDiamonds, QDiamonds, 4Diamonds, AClubs, KHearts, 2Hearts, ASpades, 7Spades, KSpades.
P1 HAND: ADiamonds, 3Diamonds, 3Clubs, 2Clubs, QHearts, 6Hearts, 5Hearts, 6Spades, 5Spades, 2Spades.
P2 HAND: 5Diamonds, JClubs, 6Clubs, 5Clubs, 4Clubs, 7Hearts, 4Hearts, 3Hearts, JSpades, 4Spades.
P3 HAND: JDiamonds, 6Diamonds, 2Diamonds, 7Clubs, KClubs, QClubs, AHearts, JHearts, QSpades, 3Spades.
P2 3Hearts P3 AHearts P0 2Hearts P1 QHearts 
P3 3Spades P0 ASpades P1 2Spades P2 JSpades 
P0 7Spades P1 5Spades P2 4Spades P3 QSpades 
P0 AClubs P1 2Clubs P2 JClubs P3 QClubs 
P0 KHearts P1 5Hearts P2 7Hearts P3 JHearts 
P2 4Clubs P3 KClubs P0 4Diamonds P1 3Clubs 
P0 QDiamonds P1 3Diamonds P2 5Diamonds P3 2Diamonds 
P0 KSpades P1 6Spades P2 4Hearts P3 6Diamonds 
P3 JDiamonds P0 7Diamonds P1 ADiamonds P2 5Clubs 
P1 6Hearts P2 6Clubs P3 7Clubs P0 KDiamonds 
-- /GAME --
P0 HAND: JDiamonds, 7Clubs, KClubs, 6Clubs, 4Clubs, 7Hearts, JHearts, 3Hearts, ASpades, 6Spades.
P1 HAND: 7Diamonds, 4Diamonds, JClubs, QClubs, AHearts, 5Hearts, JSpades, QSpades, 5Spades, 3Spades.
P2 HAND: KDiamonds, QDiamonds, 3Diamonds, AClubs, 5Clubs, 3Clubs, 6Hearts, 7Spades, KSpades, 2Spades.
P3 HAND: ADiamonds, 6Diamonds, 5Diamonds, 2Diamonds, 2Clubs, KHearts, QHearts, 4Hearts, 2Hearts, 4Spades.
P1 AHearts P2 6Hearts P3 KHearts P0 3Hearts 
P1 3Spades P2 2Spades P3 4Spades P0 6Spades 
P0 ASpades P1 5Spades P2 7Spades P3 2Clubs 
P3 ADiamonds P0 JDiamonds P1 7Diamonds P2 3Diamonds 
P3 2Diamonds P0 4Clubs P1 4Diamonds P2 KDiamonds 
P0 JHearts P1 5Hearts P2 QDiamonds P3 2Hearts 
P0 6Clubs P1 QClubs P2 3Clubs P3 QHearts 
P1 QSpades P2 KSpades P3 4Hearts P0 7Hearts 
P2 5Clubs P3 5Diamonds P0 KClubs P1 JClubs 
P0 7Clubs P1 JSpades P2 AClubs P3 6Diamonds 
-- /GAME --
P0 HAND: 4Diamonds, JClubs, 6Clubs, 3Clubs, AHearts, KHearts, 6Hearts, ASpades, 4Spades, 2Spades.
P1 HAND: ADiamonds, 7Diamonds, 2Diamonds, QClubs, 4Clubs, 4Hearts, 7Spades, JSpades, 6Spades, 5Spades.
P2 HAND: JDiamonds, 5Diamonds, 3Diamonds, AClubs, 7Clubs, 2Clubs, 7Hearts, QHearts, KSpades, QSpades.
P3 HAND: KDiamonds, QDiamonds, 6Diamonds, KClubs, 5Clubs, JHearts, 5Hearts, 3Hearts, 2Hearts, 3Spades.
P0 AHearts P1 4Hearts P2 7Hearts P3 2Hearts 
P0 KHearts P1 2Diamonds P2 QHearts P3 3Hearts 
P0 6Hearts P1 5Spades P2 3Diamonds P3 JHearts 
P3 3Spades P0 ASpades P1 6Spades P2 KSpades 
P0 4Spades P1 JSpades P2 QSpades P3 KDiamonds 
P1 4Clubs P2 2Clubs P3 5Clubs P0 3Clubs 
P3 5Hearts P0 2Spades P1 QClubs P2 5Diamonds 
P1 7Diamonds P2 JDiamonds P3 6Diamonds P0 4Diamonds 
P1 7Spades P2 7Clubs P3 QDiamonds P0 JClubs 
P2 AClubs P3 KClubs P0 6Clubs P1 ADiamonds 
-- /GAME --

