-- GAME --
P0 HAND: ADiamonds, JDiamonds, 6Clubs, QHearts, 5Hearts, 4Hearts, 2Hearts, 7Spades, KSpades, 3Spades.
P1 HAND: 7Diamonds, KDiamonds, 6Diamonds, 4Diamonds, 2Diamonds, 7Clubs, 5Clubs, 6Hearts, ASpades, QSpades.
P2 HAND: 3Diamonds, KClubs, JClubs, 4Clubs, KHearts, 3Hearts, JSpades, 5Spades, 4Spades, 2Spades.
P3 HAND: QDiamonds, 5Diamonds, AClubs, QClubs, 3Clubs, 2Clubs, AHearts, 7Hearts, JHearts, 6Spades.
P1 ASpades P2 2Spades P3 6Spades P0 3Spades 
P1 5Clubs P2 4Clubs P3 AClubs P0 6Clubs 
P3 AHearts P0 2Hearts P1 6Hearts P2 3Hearts 
P3 2Clubs P0 4Hearts P1 7Clubs P2 JClubs 
P1 QSpades P2 4Spades P3 3Clubs P0 7Spades 
P0 5Hearts P1 2Diamonds P2 KHearts P3 7Hearts 
P1 4Diamonds P2 3Diamonds P3 5Diamonds P0 JDiamonds 
P0 KSpades P1 6Diamonds P2 5Spades P3 JHearts 
P1 KDiamonds P2 JSpades P3 QDiamonds P0 ADiamonds 
P0 QHearts P1 7Diamonds P2 KClubs P3 QClubs 
-- /GAME --
P0 HAND: JClubs, QClubs, 5Clubs, 3Clubs, KHearts, 6Hearts, 4Hearts, KSpades, JSpades, QSpades.
P1 HAND: 7Diamonds, 4Diamonds, 3Diamonds, 4Clubs, 2Clubs, 7Hearts, JHearts, 3Hearts, 2Hearts, 2Spades.
P2 HAND: ADiamonds, KDiamonds, JDiamonds, 2Diamonds, AClubs, 7Clubs, KClubs, QHearts, 4Spades, 3Spades.
P3 HAND: QDiamonds, 6Diamonds, 5Diamonds, 6Clubs, AHearts, 5Hearts, ASpades, 7Spades, 6Spades, 5Spades.
P0 3Clubs P1 2Clubs P2 AClubs P3 6Clubs 
P2 ADiamonds P3 5Diamonds P0 4Hearts P1 3Diamonds 
P2 2Diamonds P3 6Diamonds P0 QSpades P1 4Diamonds 
P0 KHearts P1 2Hearts P2 QHearts P3 AHearts 
P3 5Hearts P0 6Hearts P1 3Hearts P2 7Clubs 
P0 QClubs P1 4Clubs P2 KClubs P3 5Spades 
P3 QDiamonds P0 JClubs P1 7Diamonds P2 JDiamonds 
P1 JHearts P2 3Spades P3 6Spades P0 5Clubs 
P3 7Spades P0 JSpades P1 2Spades P2 4Spades 
P3 ASpades P0 KSpades P1 7Hearts P2 KDiamonds 
-- /GAME --
P0 HAND: QDiamonds, AClubs, KClubs, 5Clubs, KHearts, JHearts, QHearts, 4Hearts, KSpades, JSpades.
P1 HAND: 7Diamonds, KDiamonds, 6Diamonds, 2Diamonds, 3Clubs, AHearts, 3Hearts, 2Hearts, 5Spades, 3Spades.
P2 HAND: JDiamonds, 5Diamonds, 4Diamonds, 3Diamonds, QClubs, 7Hearts, 5Hearts, QSpades, 6Spades, 4Spades.
P3 HAND: ADiamonds, 7Clubs, JClubs, 6Clubs, 4Clubs, 2Clubs, 6Hearts, ASpades, 7Spades, 2Spades.
P3 ASpades P0 KSpades P1 5Spades P2 4Spades 
P3 2Clubs P0 AClubs P1 3Clubs P2 QClubs 
P0 KClubs P1 2Hearts P2 5Hearts P3 7Clubs 
P3 2Spades P0 JSpades P1 3Spades P2 QSpades 
P0 5Clubs P1 3Hearts P2 6Spades P3 JClubs 
P3 4Clubs P0 4Hearts P1 2Diamonds P2 3Diamonds 
P2 4Diamonds P3 ADiamonds P0 QDiamonds P1 6Diamonds 
P3 6Clubs P0 QHearts P1 KDiamonds P2 7Hearts 
P1 7Diamonds P2 5Diamonds P3 6Hearts P0 JHearts 
P1 AHearts P2 JDiamonds P3 7Spades P0 KHearts 
-- /GAME --
P0 HAND: ADiamonds, QDiamonds, KClubs, 6Clubs, 3Clubs, 7Hearts, 5Hearts, 3Hearts, KSpades, 3Spades.
P1 HAND: KDiamonds, JDiamonds, 6Diamonds, 3Diamonds, JClubs, ASpades, JSpades, QSpades, 6Spades, 5Spades.
P2 HAND: 7Diamonds, 2Diamonds, AClubs, QClubs, 2Clubs, AHearts, JHearts, 6Hearts, 7Spades, 4Spades.
P3 HAND: 5Diamonds, 4Diamonds, 7Clubs, 5Clubs, 4Clubs, KHearts, QHearts, 4Hearts, 2Hearts, 2Spades.
P2 AClubs P3 4Clubs P0 3Clubs P1 JClubs 
P2 AHearts P3 2Hearts P0 7Hearts P1 3Diamonds 
P1 5Spades P2 4Spades P3 2Spades P0 KSpades 
P0 QDiamonds P1 6Diamonds P2 2Diamonds P3 4Diamonds 
P0 KClubs P1 6Spades P2 2Clubs P3 7Clubs 
P3 4Hearts P0 5Hearts P1 QSpades P2 JHearts 
P2 6Hearts P3 QHearts P0 3Hearts P1 ASpades 
P3 5Clubs P0 6Clubs P1 JDiamonds P2 QClubs 
P1 JSpades P2 7Spades P3 5Diamonds P0 3Spades 
P3 KHearts P0 ADiamonds P1 KDiamonds P2 7Diamonds 
-- /GAME --

