-- GAME --
P0 HAND: 6Diamonds, 5Diamonds, 7Clubs, KClubs, JClubs, QHearts, 4Hearts, KSpades, QSpades, 3Spades.
P1 HAND: ADiamonds, 7Diamonds, KDiamonds, 3Diamonds, 6Clubs, 4Clubs, 6Hearts, 2Hearts, ASpades, 5Spades.
P2 HAND: JDiamonds, QDiamonds, 4Diamonds, AClubs, KHearts, 5Hearts, 3Hearts, 7Spades, 6Spades, 2Spades.
P3 HAND: 2Diamonds, QClubs, 5Clubs, 3Clubs, 2Clubs, AHearts, 7Hearts, JHearts, JSpades, 4Spades.
P3 AHearts P0 4Hearts P1 6Hearts P2 3Hearts 
P3 2Diamonds P0 5Diamonds P1 ADiamonds P2 4Diamonds 
P1 2Hearts P2 5Hearts P3 7Hearts P0 QHearts 
P3 2Clubs P0 7Clubs P1 4Clubs P2 AClubs 
P2 QDiamonds P3 3Clubs P0 6Diamonds P1 7Diamonds 
P1 3Diamonds P2 JDiamonds P3 5Clubs P0 KClubs 
P2 2Spades P3 4Spades P0 QSpades P1 5Spades 
P0 JClubs P1 6Clubs P2 6Spades P3 QClubs 
P2 7Spades P3 JSpades P0 3Spades P1 ASpades 
P1 KDiamonds P2 KHearts P3 JHearts P0 KSpades 
-- /GAME --
P0 HAND: 7Diamonds, KDiamonds, JDiamonds, 6Diamonds, 4Diamonds, 7Hearts, 5Hearts, 2Hearts, 7Spades, 3Spades.
P1 HAND: QDiamonds, 5Diamonds, 3Diamonds, AHearts, KHearts, JHearts, 4Hearts, KSpades, 6Spades, 2Spades.
P2 HAND: ADiamonds, 2Diamonds, AClubs, KClubs, JClubs, 5Clubs, QHearts, 6Hearts, 3Hearts, ASpades.
P3 HAND: 7Clubs, QClubs, 6Clubs, 4Clubs, 3Clubs, 2Clubs, JSpades, QSpades, 5Spades, 4Spades.
P2 AClubs P3 2Clubs P0 7Spades P1 3Diamonds 
P1 AHearts P2 3Hearts P3 7Clubs P0 2Hearts 
P1 2Spades P2 ASpades P3 4Spades P0 3Spades 
P2 5Clubs P3 3Clubs P0 5Hearts P1 4Hearts 
P2 6Hearts P3 4Clubs P0 7Hearts P1 JHearts 
P0 4Diamonds P1 5Diamonds P2 2Diamonds P3 JSpades 
P1 6Spades P2 QHearts P3 5Spades P0 JDiamonds 
P0 6Diamonds P1 QDiamonds P2 ADiamonds P3 6Clubs 
P2 JClubs P3 QClubs P0 KDiamonds P1 KHearts 
P0 7Diamonds P1 KSpades P2 KClubs P3 QSpades 
-- /GAME --
P0 HAND: 6Diamonds, 3Diamonds, KClubs, JClubs, AHearts, KHearts, JHearts, 7Spades, 5Spades, 3Spades.
P1 HAND: ADiamonds, KDiamonds, 5Diamonds, 4Diamonds, 7Clubs, 5Clubs, ASpades, KSpades, QSpades, 2Spades.
P2 HAND: JDiamonds, 2Diamonds, QClubs, 7Hearts, 6Hearts, 5Hearts, 3Hearts, 2Hearts, JSpades, 4Spades.
P3 HAND: 7Diamonds, QDiamonds, AClubs, 6Clubs, 4Clubs, 3Clubs, 2Clubs, QHearts, 4Hearts, 6Spades.

