-- GAME --
P0 HAND: 3Diamonds, AClubs, QClubs, 6Clubs, 7Hearts, KHearts, ASpades, 7Spades, QSpades, 2Spades.
P1 HAND: KDiamonds, JDiamonds, QDiamonds, 5Diamonds, 2Diamonds, 3Clubs, AHearts, JHearts, QHearts, KSpades.
P2 HAND: 4Diamonds, 7Clubs, KClubs, JClubs, 5Clubs, 6Hearts, JSpades, 6Spades, 4Spades, 3Spades.
P3 HAND: ADiamonds, 7Diamonds, 6Diamonds, 4Clubs, 2Clubs, 5Hearts, 4Hearts, 3Hearts, 2Hearts, 5Spades.
P0 3Diamonds P1 2Diamonds P2 4Diamonds P3 ADiamonds 
P3 2Hearts P0 KHearts P1 AHearts P2 6Hearts 
P1 5Diamonds P2 3Spades P3 7Diamonds P0 QClubs 
P0 ASpades P1 KSpades P2 JSpades P3 5Spades 
P0 7Hearts P1 QHearts P2 6Spades P3 3Hearts 
P0 QSpades P1 QDiamonds P2 4Spades P3 4Hearts 
P0 6Clubs P1 3Clubs P2 5Clubs P3 2Clubs 
P0 2Spades P1 JDiamonds P2 JClubs P3 5Hearts 
P2 KClubs P3 4Clubs P0 AClubs P1 JHearts 
P0 7Spades P1 KDiamonds P2 7Clubs P3 6Diamonds 
-- /GAME --
P0 HAND: ADiamonds, JDiamonds, QDiamonds, QClubs, 6Clubs, 2Hearts, 6Spades, 4Spades, 3Spades, 2Spades.
P1 HAND: KDiamonds, AClubs, 7Clubs, 5Clubs, 3Clubs, 2Clubs, AHearts, KHearts, JHearts, JSpades.
P2 HAND: 6Diamonds, 5Diamonds, 3Diamonds, 2Diamonds, KClubs, JClubs, 6Hearts, 7Spades, KSpades, 5Spades.
P3 HAND: 7Diamonds, 4Diamonds, 4Clubs, 7Hearts, QHearts, 5Hearts, 4Hearts, 3Hearts, ASpades, QSpades.
P3 ASpades P0 2Spades P1 JSpades P2 5Spades 
P3 3Hearts P0 2Hearts P1 AHearts P2 6Hearts 
P1 2Clubs P2 JClubs P3 4Clubs P0 QClubs 
P2 2Diamonds P3 4Diamonds P0 QDiamonds P1 KDiamonds 
P1 3Clubs P2 KClubs P3 4Hearts P0 6Clubs 
P2 3Diamonds P3 7Diamonds P0 ADiamonds P1 5Clubs 
P0 6Spades P1 JHearts P2 7Spades P3 QSpades 
P2 5Diamonds P3 5Hearts P0 JDiamonds P1 KHearts 
P0 4Spades P1 7Clubs P2 KSpades P3 QHearts 
P2 6Diamonds P3 7Hearts P0 3Spades P1 AClubs 
-- /GAME --
P0 HAND: KClubs, 3Clubs, AHearts, JHearts, 4Hearts, 7Spades, JSpades, QSpades, 4Spades, 2Spades.
P1 HAND: JDiamonds, QDiamonds, 2Diamonds, AClubs, JClubs, QClubs, 6Clubs, 6Hearts, 5Hearts, 3Hearts.
P2 HAND: ADiamonds, 7Diamonds, 5Diamonds, 3Diamonds, 7Clubs, 7Hearts, KHearts, QHearts, 2Hearts, 6Spades.
P3 HAND: KDiamonds, 6Diamonds, 4Diamonds, 5Clubs, 4Clubs, 2Clubs, ASpades, KSpades, 5Spades, 3Spades.
P2 2Hearts P3 2Clubs P0 AHearts P1 3Hearts 
P0 3Clubs P1 AClubs P2 7Clubs P3 5Clubs 
P1 5Hearts P2 QHearts P3 3Spades P0 JHearts 
P0 QSpades P1 6Clubs P2 6Spades P3 ASpades 
P3 4Clubs P0 KClubs P1 QClubs P2 7Hearts 
P0 4Hearts P1 6Hearts P2 KHearts P3 5Spades 
P2 3Diamonds P3 4Diamonds P0 2Spades P1 2Diamonds 
P3 6Diamonds P0 JSpades P1 QDiamonds P2 7Diamonds 
P2 5Diamonds P3 KDiamonds P0 4Spades P1 JDiamonds 
P3 KSpades P0 7Spades P1 JClubs P2 ADiamonds 
-- /GAME --
P0 HAND: KClubs, 2Clubs, AHearts, 7Hearts, KHearts, 5Hearts, 4Hearts, 3Hearts, ASpades, JSpades.
P1 HAND: ADiamonds, 6Diamonds, AClubs, 7Clubs, QClubs, 4Clubs, 7Spades, QSpades, 4Spades, 2Spades.
P2 HAND: KDiamonds, 4Diamonds, 3Diamonds, 6Clubs, 5Clubs, QHearts, 6Hearts, KSpades, 6Spades, 3Spades.
P3 HAND: 7Diamonds, JDiamonds, QDiamonds, 5Diamonds, 2Diamonds, JClubs, 3Clubs, JHearts, 2Hearts, 5Spades.
P2 3Diamonds P3 2Diamonds P0 2Clubs P1 ADiamonds 
P1 4Clubs P2 5Clubs P3 3Clubs P0 KClubs 
P0 AHearts P1 2Spades P2 6Hearts P3 JHearts 
P1 6Diamonds P2 4Diamonds P3 5Diamonds P0 3Hearts 
P1 QClubs P2 6Clubs P3 JClubs P0 4Hearts 
P3 2Hearts P0 5Hearts P1 4Spades P2 QHearts 
P1 QSpades P2 3Spades P3 5Spades P0 JSpades 
P0 ASpades P1 7Spades P2 6Spades P3 QDiamonds 
P0 7Hearts P1 7Clubs P2 KSpades P3 JDiamonds 
P2 KDiamonds P3 7Diamonds P0 KHearts P1 AClubs 
-- /GAME --
P0 HAND: 7Diamonds, 3Diamonds, 2Diamonds, 5Clubs, 3Clubs, 7Hearts, QHearts, ASpades, 5Spades, 2Spades.
P1 HAND: AClubs, KClubs, 2Clubs, AHearts, KHearts, 5Hearts, 2Hearts, JSpades, 6Spades, 3Spades.
P2 HAND: ADiamonds, KDiamonds, JDiamonds, 5Diamonds, 7Clubs, JClubs, QClubs, 6Clubs, 4Hearts, 7Spades.
P3 HAND: QDiamonds, 6Diamonds, 4Diamonds, 4Clubs, JHearts, 6Hearts, 3Hearts, KSpades, QSpades, 4Spades.
P1 AClubs P2 6Clubs P3 4Clubs P0 3Clubs 
P1 AHearts P2 4Hearts P3 JHearts P0 QHearts 
P1 2Clubs P2 QClubs P3 3Hearts P0 5Clubs 
P2 ADiamonds P3 4Diamonds P0 7Diamonds P1 3Spades 
P1 2Hearts P2 5Diamonds P3 6Hearts P0 7Hearts 
P0 2Diamonds P1 5Hearts P2 KDiamonds P3 6Diamonds 
P2 JDiamonds P3 QDiamonds P0 3Diamonds P1 6Spades 
P1 JSpades P2 7Spades P3 4Spades P0 2Spades 
P2 JClubs P3 QSpades P0 ASpades P1 KClubs 
P0 5Spades P1 KHearts P2 7Clubs P3 KSpades 
-- /GAME --
P0 HAND: ADiamonds, 6Diamonds, 5Diamonds, 4Diamonds, JClubs, QClubs, 6Clubs, AHearts, 4Hearts, KSpades.
P1 HAND: JDiamonds, QDiamonds, 3Diamonds, 2Diamonds, 7Clubs, KClubs, 4Clubs, 7Hearts, 7Spades, JSpades.
P2 HAND: 2Clubs, KHearts, QHearts, 6Hearts, 3Hearts, 2Hearts, QSpades, 5Spades, 4Spades, 3Spades.
P3 HAND: 7Diamonds, KDiamonds, AClubs, 5Clubs, 3Clubs, JHearts, 5Hearts, ASpades, 6Spades, 2Spades.
P0 KSpades P1 JSpades P2 3Spades P3 ASpades 
P3 AClubs P0 6Clubs P1 7Clubs P2 2Clubs 
P3 2Spades P0 JClubs P1 7Spades P2 4Spades 
P1 2Diamonds P2 5Spades P3 KDiamonds P0 4Diamonds 
P3 3Clubs P0 QClubs P1 4Clubs P2 QSpades 
P0 4Hearts P1 7Hearts P2 2Hearts P3 5Hearts 
P1 3Diamonds P2 3Hearts P3 7Diamonds P0 ADiamonds 
P2 6Hearts P3 JHearts P0 AHearts P1 QDiamonds 
P0 6Diamonds P1 JDiamonds P2 QHearts P3 5Clubs 
P2 KHearts P3 6Spades P0 5Diamonds P1 KClubs 
-- /GAME --
P0 HAND: 7Diamonds, AClubs, 7Clubs, KClubs, QClubs, 7Hearts, QHearts, 5Hearts, 7Spades, 2Spades.
P1 HAND: JDiamonds, 6Diamonds, 5Diamonds, 2Diamonds, 3Clubs, KHearts, 4Hearts, 2Hearts, KSpades, 6Spades.
P2 HAND: ADiamonds, 6Clubs, 2Clubs, 6Hearts, 3Hearts, ASpades, JSpades, 5Spades, 4Spades, 3Spades.
P3 HAND: KDiamonds, QDiamonds, 4Diamonds, 3Diamonds, JClubs, 5Clubs, 4Clubs, AHearts, JHearts, QSpades.
P3 AHearts P0 5Hearts P1 KHearts P2 3Hearts 
P3 3Diamonds P0 7Diamonds P1 2Diamonds P2 ADiamonds 
P2 3Spades P3 QSpades P0 2Spades P1 KSpades 
P1 2Hearts P2 6Hearts P3 JHearts P0 7Hearts 
P0 QHearts P1 4Hearts P2 4Spades P3 4Diamonds 
P0 AClubs P1 3Clubs P2 2Clubs P3 4Clubs 
P0 7Clubs P1 5Diamonds P2 6Clubs P3 5Clubs 
P0 KClubs P1 6Diamonds P2 ASpades P3 JClubs 
P0 QClubs P1 6Spades P2 5Spades P3 QDiamonds 
P0 7Spades P1 JDiamonds P2 JSpades P3 KDiamonds 
-- /GAME --
P0 HAND: ADiamonds, 6Diamonds, 3Diamonds, 7Clubs, 5Clubs, AHearts, 5Hearts, 3Hearts, 2Hearts, ASpades.
P1 HAND: KDiamonds, JDiamonds, AClubs, KClubs, QClubs, 7Hearts, QHearts, 6Hearts, JSpades, 2Spades.
P2 HAND: QDiamonds, 2Diamonds, 6Clubs, 3Clubs, 2Clubs, JHearts, 7Spades, KSpades, 5Spades, 3Spades.
P3 HAND: 7Diamonds, 5Diamonds, 4Diamonds, JClubs, 4Clubs, KHearts, 4Hearts, QSpades, 6Spades, 4Spades.
P2 2Diamonds P3 4Diamonds P0 ADiamonds P1 JDiamonds 
P0 AHearts P1 6Hearts P2 JHearts P3 4Hearts 
P0 2Hearts P1 QHearts P2 2Clubs P3 KHearts 
P3 4Clubs P0 7Clubs P1 AClubs P2 3Clubs 
P1 QClubs P2 6Clubs P3 JClubs P0 5Clubs 
P3 5Diamonds P0 6Diamonds P1 KDiamonds P2 QDiamonds 
P1 2Spades P2 3Spades P3 4Spades P0 ASpades 
P0 5Hearts P1 7Hearts P2 5Spades P3 6Spades 
P3 QSpades P0 3Hearts P1 JSpades P2 KSpades 
P2 7Spades P3 7Diamonds P0 3Diamonds P1 KClubs 
-- /GAME --
P0 HAND: 5Diamonds, 4Diamonds, KClubs, 2Clubs, AHearts, 7Hearts, 7Spades, JSpades, 4Spades, 2Spades.
P1 HAND: ADiamonds, 7Diamonds, KDiamonds, JDiamonds, 3Diamonds, 2Diamonds, 5Clubs, 2Hearts, QSpades, 3Spades.
P2 HAND: 7Clubs, JClubs, QHearts, 6Hearts, 5Hearts, 4Hearts, 3Hearts, ASpades, KSpades, 5Spades.
P3 HAND: QDiamonds, 6Diamonds, AClubs, QClubs, 6Clubs, 4Clubs, 3Clubs, KHearts, JHearts, 6Spades.
P1 2Diamonds P2 3Hearts P3 6Diamonds P0 4Diamonds 
P3 6Spades P0 4Spades P1 3Spades P2 ASpades 
P2 4Hearts P3 JHearts P0 AHearts P1 2Hearts 
P0 7Hearts P1 5Clubs P2 5Hearts P3 KHearts 
P1 3Diamonds P2 5Spades P3 QDiamonds P0 5Diamonds 
P3 3Clubs P0 2Clubs P1 QSpades P2 JClubs 
P2 6Hearts P3 4Clubs P0 KClubs P1 JDiamonds 
P0 7Spades P1 KDiamonds P2 KSpades P3 6Clubs 
P3 QClubs P0 2Spades P1 7Diamonds P2 7Clubs 
P2 QHearts P3 AClubs P0 JSpades P1 ADiamonds 
-- /GAME --
P0 HAND: 5Diamonds, 3Diamonds, 7Clubs, JClubs, QClubs, 5Clubs, KHearts, 6Hearts, 5Hearts, JSpades.
P1 HAND: 6Diamonds, AClubs, 6Clubs, 3Clubs, 2Clubs, JHearts, 7Spades, KSpades, 5Spades, 4Spades.
P2 HAND: KDiamonds, JDiamonds, 2Diamonds, KClubs, 4Clubs, 4Hearts, 2Hearts, ASpades, QSpades, 3Spades.
P3 HAND: ADiamonds, 7Diamonds, QDiamonds, 4Diamonds, AHearts, 7Hearts, QHearts, 3Hearts, 6Spades, 2Spades.
P3 ADiamonds P0 5Diamonds P1 6Diamonds P2 2Diamonds 
P3 AHearts P0 5Hearts P1 JHearts P2 2Hearts 
P3 3Hearts P0 KHearts P1 2Clubs P2 4Hearts 
P0 6Hearts P1 3Clubs P2 4Clubs P3 7Hearts 
P3 4Diamonds P0 3Diamonds P1 6Clubs P2 KDiamonds 
P2 JDiamonds P3 QDiamonds P0 JSpades P1 KSpades 
P1 4Spades P2 3Spades P3 2Spades P0 5Clubs 
P1 5Spades P2 QSpades P3 6Spades P0 7Clubs 
P2 ASpades P3 QHearts P0 JClubs P1 7Spades 
P2 KClubs P3 7Diamonds P0 QClubs P1 AClubs 
-- /GAME --
P0 HAND: ADiamonds, JDiamonds, 6Diamonds, AClubs, 7Clubs, JClubs, 4Clubs, 2Clubs, 6Spades, 5Spades.
P1 HAND: KDiamonds, QDiamonds, 5Diamonds, 4Diamonds, QClubs, 5Clubs, 3Clubs, 7Hearts, 6Hearts, 4Hearts.
P2 HAND: 7Diamonds, KClubs, AHearts, 5Hearts, 3Hearts, ASpades, 7Spades, KSpades, QSpades, 2Spades.
P3 HAND: 3Diamonds, 2Diamonds, 6Clubs, KHearts, JHearts, QHearts, 2Hearts, JSpades, 4Spades, 3Spades.
P2 AHearts P3 2Hearts P0 5Spades P1 4Hearts 
P2 2Spades P3 3Spades P0 6Spades P1 4Diamonds 
P0 AClubs P1 3Clubs P2 KClubs P3 6Clubs 
P0 7Clubs P1 5Clubs P2 ASpades P3 2Diamonds 
P0 JClubs P1 QClubs P2 3Hearts P3 3Diamonds 
P0 6Diamonds P1 5Diamonds P2 7Diamonds P3 4Spades 
P2 5Hearts P3 QHearts P0 4Clubs P1 6Hearts 
P0 ADiamonds P1 QDiamonds P2 QSpades P3 JHearts 
P0 JDiamonds P1 KDiamonds P2 KSpades P3 KHearts 
P1 7Hearts P2 7Spades P3 JSpades P0 2Clubs 
-- /GAME --
P0 HAND: KDiamonds, 6Diamonds, 4Diamonds, 5Clubs, 2Clubs, KHearts, ASpades, 7Spades, 6Spades, 2Spades.
P1 HAND: JDiamonds, 5Diamonds, JClubs, 6Clubs, 3Clubs, 4Hearts, 2Hearts, JSpades, 5Spades, 3Spades.
P2 HAND: 7Diamonds, 3Diamonds, KClubs, QClubs, AHearts, JHearts, 5Hearts, 3Hearts, KSpades, 4Spades.
P3 HAND: ADiamonds, QDiamonds, 2Diamonds, AClubs, 7Clubs, 4Clubs, 7Hearts, QHearts, 6Hearts, QSpades.
P1 2Hearts P2 AHearts P3 6Hearts P0 KHearts 
P2 3Diamonds P3 ADiamonds P0 4Diamonds P1 JDiamonds 
P3 AClubs P0 2Clubs P1 JClubs P2 QClubs 
P3 2Diamonds P0 6Diamonds P1 5Diamonds P2 7Diamonds 
P2 3Hearts P3 QHearts P0 5Clubs P1 4Hearts 
P3 4Clubs P0 2Spades P1 3Clubs P2 KClubs 
P0 6Spades P1 3Spades P2 4Spades P3 QSpades 
P3 QDiamonds P0 KDiamonds P1 5Spades P2 KSpades 
P2 5Hearts P3 7Hearts P0 7Spades P1 6Clubs 
P0 ASpades P1 JSpades P2 JHearts P3 7Clubs 
-- /GAME --
P0 HAND: JDiamonds, QDiamonds, 6Diamonds, 5Diamonds, 2Diamonds, QClubs, KHearts, 6Hearts, 4Spades, 2Spades.
P1 HAND: AClubs, JClubs, 5Clubs, 3Clubs, JHearts, 3Hearts, 2Hearts, ASpades, 7Spades, 5Spades.
P2 HAND: 4Diamonds, KClubs, 6Clubs, AHearts, 7Hearts, QHearts, 4Hearts, KSpades, QSpades, 6Spades.
P3 HAND: ADiamonds, 7Diamonds, KDiamonds, 3Diamonds, 7Clubs, 4Clubs, 2Clubs, 5Hearts, JSpades, 3Spades.
P0 QClubs P1 AClubs P2 6Clubs P3 7Clubs 
P1 ASpades P2 6Spades P3 JSpades P0 2Spades 
P1 2Hearts P2 AHearts P3 5Hearts P0 KHearts 
P2 4Hearts P3 2Clubs P0 6Hearts P1 JHearts 
P1 3Clubs P2 KClubs P3 4Clubs P0 4Spades 
P2 QHearts P3 3Spades P0 6Diamonds P1 3Hearts 
P0 2Diamonds P1 5Clubs P2 4Diamonds P3 3Diamonds 
P2 QSpades P3 KDiamonds P0 5Diamonds P1 7Spades 
P3 7Diamonds P0 QDiamonds P1 5Spades P2 KSpades 
P3 ADiamonds P0 JDiamonds P1 JClubs P2 7Hearts 
-- /GAME --
P0 HAND: KDiamonds, 6Diamonds, 3Diamonds, 6Clubs, 2Clubs, AHearts, QHearts, 5Hearts, 3Hearts, 3Spades.
P1 HAND: ADiamonds, 7Diamonds, 2Diamonds, QClubs, 5Clubs, 4Clubs, 4Hearts, 2Hearts, 5Spades, 2Spades.
P2 HAND: QDiamonds, 5Diamonds, AClubs, 7Clubs, JClubs, 7Hearts, 7Spades, QSpades, 6Spades, 4Spades.
P3 HAND: JDiamonds, 4Diamonds, KClubs, 3Clubs, KHearts, JHearts, 6Hearts, ASpades, KSpades, JSpades.
P3 ASpades P0 3Spades P1 5Spades P2 4Spades 
P3 3Clubs P0 2Clubs P1 4Clubs P2 AClubs 
P2 6Spades P3 JSpades P0 6Clubs P1 2Spades 
P3 6Hearts P0 AHearts P1 2Hearts P2 7Hearts 
P0 3Diamonds P1 2Diamonds P2 5Diamonds P3 4Diamonds 
P2 QSpades P3 KSpades P0 6Diamonds P1 7Diamonds 
P1 4Hearts P2 QDiamonds P3 JHearts P0 QHearts 
P2 JClubs P3 KClubs P0 KDiamonds P1 5Clubs 
P0 5Hearts P1 QClubs P2 7Clubs P3 KHearts 
P3 JDiamonds P0 3Hearts P1 ADiamonds P2 7Spades 
-- /GAME --
P0 HAND: 7Diamonds, 3Diamonds, AClubs, 7Clubs, KHearts, QHearts, 5Hearts, ASpades, 3Spades, 2Spades.
P1 HAND: ADiamonds, JDiamonds, QDiamonds, 6Diamonds, 4Diamonds, 5Clubs, 4Clubs, AHearts, KSpades, 5Spades.
P2 HAND: KDiamonds, 5Diamonds, QClubs, 6Clubs, 7Hearts, 3Hearts, 7Spades, JSpades, QSpades, 6Spades.
P3 HAND: 2Diamonds, KClubs, JClubs, 3Clubs, 2Clubs, JHearts, 6Hearts, 4Hearts, 2Hearts, 4Spades.
P3 2Clubs P0 AClubs P1 4Clubs P2 QClubs 
P0 ASpades P1 5Spades P2 7Spades P3 4Spades 
P0 QHearts P1 AHearts P2 3Hearts P3 JHearts 
P1 5Clubs P2 6Clubs P3 3Clubs P0 7Clubs 
P0 2Spades P1 KSpades P2 6Spades P3 KClubs 
P1 4Diamonds P2 5Diamonds P3 2Diamonds P0 7Diamonds 
P0 3Spades P1 6Diamonds P2 QSpades P3 JClubs 
P1 QDiamonds P2 KDiamonds P3 2Hearts P0 3Diamonds 
P2 JSpades P3 4Hearts P0 5Hearts P1 JDiamonds 
P1 ADiamonds P2 7Hearts P3 6Hearts P0 KHearts 
-- /GAME --
P0 HAND: ADiamonds, 7Diamonds, AClubs, 6Clubs, 3Clubs, KHearts, 2Hearts, KSpades, JSpades, 4Spades.
P1 HAND: KDiamonds, 6Diamonds, KClubs, QClubs, 4Clubs, AHearts, JHearts, 6Hearts, 3Hearts, 7Spades.
P2 HAND: JDiamonds, 3Diamonds, 7Clubs, JClubs, 2Clubs, QHearts, ASpades, 6Spades, 5Spades, 2Spades.
P3 HAND: QDiamonds, 5Diamonds, 4Diamonds, 2Diamonds, 5Clubs, 7Hearts, 5Hearts, 4Hearts, QSpades, 3Spades.
P2 ASpades P3 3Spades P0 KSpades P1 7Spades 
P2 2Clubs P3 5Clubs P0 AClubs P1 4Clubs 
P0 ADiamonds P1 6Diamonds P2 JDiamonds P3 2Diamonds 
P0 7Diamonds P1 KDiamonds P2 3Diamonds P3 4Diamonds 
P0 JSpades P1 QClubs P2 6Spades P3 QSpades 
P0 6Clubs P1 KClubs P2 JClubs P3 QDiamonds 
P1 3Hearts P2 QHearts P3 4Hearts P0 KHearts 
P0 3Clubs P1 6Hearts P2 7Clubs P3 5Diamonds 
P1 JHearts P2 2Spades P3 5Hearts P0 2Hearts 
P1 AHearts P2 5Spades P3 7Hearts P0 4Spades 
-- /GAME --
P0 HAND: 5Diamonds, 3Diamonds, 2Diamonds, AClubs, KClubs, 2Clubs, AHearts, 4Hearts, 2Hearts, 6Spades.
P1 HAND: ADiamonds, JDiamonds, 6Diamonds, 7Clubs, JClubs, JHearts, 6Hearts, 3Hearts, ASpades, QSpades.
P2 HAND: 7Diamonds, 4Clubs, 3Clubs, QHearts, 5Hearts, 7Spades, KSpades, JSpades, 4Spades, 3Spades.
P3 HAND: KDiamonds, QDiamonds, 4Diamonds, QClubs, 6Clubs, 5Clubs, 7Hearts, KHearts, 5Spades, 2Spades.
P1 ASpades P2 3Spades P3 5Spades P0 6Spades 
P1 3Hearts P2 5Hearts P3 KHearts P0 AHearts 
P0 AClubs P1 JClubs P2 4Clubs P3 5Clubs 
P0 2Hearts P1 6Hearts P2 QHearts P3 7Hearts 
P3 2Spades P0 5Diamonds P1 QSpades P2 7Spades 
P0 4Hearts P1 JHearts P2 3Clubs P3 QClubs 
P1 6Diamonds P2 7Diamonds P3 4Diamonds P0 2Diamonds 
P2 4Spades P3 6Clubs P0 3Diamonds P1 JDiamonds 
P1 ADiamonds P2 JSpades P3 QDiamonds P0 2Clubs 
P1 7Clubs P2 KSpades P3 KDiamonds P0 KClubs 
-- /GAME --
P0 HAND: 5Diamonds, 2Diamonds, AClubs, QClubs, 5Clubs, AHearts, KHearts, 3Hearts, 2Hearts, 6Spades.
P1 HAND: ADiamonds, 6Diamonds, 4Diamonds, 7Clubs, 4Clubs, 7Hearts, QHearts, ASpades, KSpades, QSpades.
P2 HAND: JClubs, JHearts, 6Hearts, 5Hearts, 4Hearts, 7Spades, JSpades, 5Spades, 3Spades, 2Spades.
P3 HAND: 7Diamonds, KDiamonds, JDiamonds, QDiamonds, 3Diamonds, KClubs, 6Clubs, 3Clubs, 2Clubs, 4Spades.
P0 6Spades P1 ASpades P2 2Spades P3 4Spades 
P1 ADiamonds P2 JClubs P3 3Diamonds P0 2Diamonds 
P2 3Spades P3 QDiamonds P0 QClubs P1 QSpades 
P0 5Diamonds P1 4Diamonds P2 4Hearts P3 7Diamonds 
P3 JDiamonds P0 5Clubs P1 6Diamonds P2 7Spades 
P0 AHearts P1 QHearts P2 JHearts P3 2Clubs 
P3 3Clubs P0 AClubs P1 4Clubs P2 JSpades 
P0 2Hearts P1 7Hearts P2 5Hearts P3 KDiamonds 
P1 7Clubs P2 5Spades P3 6Clubs P0 3Hearts 
P1 KSpades P2 6Hearts P3 KClubs P0 KHearts 
-- /GAME --
P0 HAND: 6Diamonds, AClubs, QClubs, 5Clubs, 3Clubs, AHearts, 7Spades, KSpades, 5Spades, 4Spades.
P1 HAND: KDiamonds, JDiamonds, QDiamonds, 2Diamonds, 7Clubs, JHearts, QHearts, 3Hearts, 2Hearts, 2Spades.
P2 HAND: 5Diamonds, KClubs, JClubs, 6Clubs, 4Clubs, KHearts, 6Hearts, 4Hearts, JSpades, 3Spades.
P3 HAND: ADiamonds, 7Diamonds, 4Diamonds, 3Diamonds, 2Clubs, 7Hearts, 5Hearts, ASpades, QSpades, 6Spades.
P3 ADiamonds P0 6Diamonds P1 KDiamonds P2 5Diamonds 
P3 ASpades P0 4Spades P1 2Spades P2 3Spades 
P3 3Diamonds P0 3Clubs P1 2Diamonds P2 KHearts 
P0 5Clubs P1 7Clubs P2 4Clubs P3 2Clubs 
P1 2Hearts P2 4Hearts P3 5Hearts P0 AHearts 
P0 AClubs P1 3Hearts P2 6Clubs P3 4Diamonds 
P0 7Spades P1 QDiamonds P2 JSpades P3 6Spades 
P0 KSpades P1 QHearts P2 6Hearts P3 QSpades 
P0 5Spades P1 JDiamonds P2 JClubs P3 7Diamonds 
P2 KClubs P3 7Hearts P0 QClubs P1 JHearts 
-- /GAME --
P0 HAND: 6Diamonds, 5Diamonds, JClubs, QClubs, AHearts, QHearts, 2Hearts, QSpades, 5Spades, 2Spades.
P1 HAND: JDiamonds, QDiamonds, 3Diamonds, AClubs, 7Clubs, 2Clubs, KHearts, ASpades, KSpades, JSpades.
P2 HAND: KDiamonds, 5Clubs, 3Clubs, 7Hearts, JHearts, 6Hearts, 5Hearts, 4Hearts, 7Spades, 4Spades.
P3 HAND: ADiamonds, 7Diamonds, 4Diamonds, 2Diamonds, KClubs, 6Clubs, 4Clubs, 3Hearts, 6Spades, 3Spades.
P2 3Clubs P3 4Clubs P0 QClubs P1 AClubs 
P1 2Clubs P2 5Clubs P3 6Clubs P0 JClubs 
P0 AHearts P1 KHearts P2 7Hearts P3 3Hearts 
P0 6Diamonds P1 3Diamonds P2 KDiamonds P3 ADiamonds 
P3 2Diamonds P0 5Diamonds P1 QDiamonds P2 4Hearts 
P1 JDiamonds P2 5Hearts P3 4Diamonds P0 QSpades 
P0 2Spades P1 JSpades P2 4Spades P3 3Spades 
P1 KSpades P2 7Spades P3 6Spades P0 5Spades 
P2 6Hearts P3 KClubs P0 QHearts P1 ASpades 
P1 7Clubs P2 JHearts P3 7Diamonds P0 2Hearts 
-- /GAME --
P0 HAND: 3Clubs, 2Clubs, AHearts, JHearts, 6Hearts, KSpades, 6Spades, 5Spades, 4Spades, 2Spades.
P1 HAND: ADiamonds, KDiamonds, 2Diamonds, 7Clubs, KClubs, QClubs, 7Hearts, 3Hearts, 7Spades, 3Spades.
P2 HAND: 7Diamonds, QDiamonds, 5Diamonds, 3Diamonds, AClubs, JClubs, KHearts, QHearts, ASpades, QSpades.
P3 HAND: JDiamonds, 6Diamonds, 4Diamonds, 6Clubs, 5Clubs, 4Clubs, 5Hearts, 4Hearts, 2Hearts, JSpades.
P1 ADiamonds P2 3Diamonds P3 JDiamonds P0 JHearts 
P1 2Diamonds P2 5Diamonds P3 4Diamonds P0 6Hearts 
P2 AClubs P3 4Clubs P0 2Clubs P1 QClubs 
P2 QDiamonds P3 6Diamonds P0 2Spades P1 KDiamonds 
P0 AHearts P1 3Hearts P2 KHearts P3 2Hearts 
P0 3Clubs P1 KClubs P2 JClubs P3 6Clubs 
P1 3Spades P2 QSpades P3 JSpades P0 KSpades 
P0 4Spades P1 7Spades P2 ASpades P3 4Hearts 
P2 QHearts P3 5Hearts P0 5Spades P1 7Hearts 
P0 6Spades P1 7Clubs P2 7Diamonds P3 5Clubs 
-- /GAME --
P0 HAND: ADiamonds, QDiamonds, 5Diamonds, 2Diamonds, AClubs, 7Clubs, KHearts, JHearts, 5Hearts, 5Spades.
P1 HAND: 4Diamonds, 3Diamonds, KClubs, 4Clubs, 7Hearts, 3Hearts, 7Spades, JSpades, 3Spades, 2Spades.
P2 HAND: JDiamonds, 6Diamonds, JClubs, 6Clubs, 5Clubs, 3Clubs, AHearts, QHearts, ASpades, KSpades.
P3 HAND: 7Diamonds, KDiamonds, QClubs, 2Clubs, 6Hearts, 4Hearts, 2Hearts, QSpades, 6Spades, 4Spades.
P1 2Spades P2 ASpades P3 4Spades P0 5Spades 
P2 3Clubs P3 2Clubs P0 AClubs P1 4Clubs 
P0 5Hearts P1 3Hearts P2 QHearts P3 2Hearts 
P2 5Clubs P3 QClubs P0 7Clubs P1 KClubs 
P0 JHearts P1 7Hearts P2 AHearts P3 4Hearts 
P2 6Diamonds P3 KDiamonds P0 ADiamonds P1 3Diamonds 
P0 QDiamonds P1 4Diamonds P2 JDiamonds P3 7Diamonds 
P3 6Spades P0 2Diamonds P1 7Spades P2 KSpades 
P1 3Spades P2 6Clubs P3 QSpades P0 5Diamonds 
P3 6Hearts P0 KHearts P1 JSpades P2 JClubs 
-- /GAME --
P0 HAND: JDiamonds, 2Diamonds, AClubs, KClubs, JClubs, QClubs, 3Hearts, 2Hearts, 7Spades, 4Spades.
P1 HAND: 5Diamonds, 4Diamonds, 3Diamonds, 6Clubs, 7Hearts, KHearts, JHearts, 4Hearts, ASpades, KSpades.
P2 HAND: ADiamonds, KDiamonds, QDiamonds, 5Clubs, 4Clubs, AHearts, 6Hearts, 5Hearts, JSpades, 5Spades.
P3 HAND: 7Diamonds, 6Diamonds, 7Clubs, 3Clubs, 2Clubs, QHearts, QSpades, 6Spades, 3Spades, 2Spades.
P0 3Hearts P1 4Hearts P2 AHearts P3 QHearts 
P2 ADiamonds P3 6Diamonds P0 JDiamonds P1 3Diamonds 
P2 4Clubs P3 2Clubs P0 QClubs P1 6Clubs 
P0 7Spades P1 ASpades P2 5Spades P3 2Spades 
P1 4Diamonds P2 QDiamonds P3 7Diamonds P0 2Diamonds 
P3 3Clubs P0 AClubs P1 KSpades P2 5Clubs 
P1 5Diamonds P2 KDiamonds P3 3Spades P0 4Spades 
P0 JClubs P1 JHearts P2 JSpades P3 7Clubs 
P2 5Hearts P3 6Spades P0 2Hearts P1 7Hearts 
P3 QSpades P0 KClubs P1 KHearts P2 6Hearts 
-- /GAME --
P0 HAND: JDiamonds, 4Diamonds, 6Clubs, 5Hearts, 2Hearts, ASpades, 6Spades, 4Spades, 3Spades, 2Spades.
P1 HAND: 7Diamonds, 6Diamonds, 3Diamonds, 2Diamonds, KClubs, 4Clubs, 3Clubs, 6Hearts, KSpades, JSpades.
P2 HAND: ADiamonds, KDiamonds, 7Clubs, JClubs, AHearts, KHearts, JHearts, 4Hearts, 3Hearts, 7Spades.
P3 HAND: QDiamonds, 5Diamonds, AClubs, QClubs, 5Clubs, 2Clubs, 7Hearts, QHearts, QSpades, 5Spades.
P3 AClubs P0 6Clubs P1 KClubs P2 JClubs 
P3 2Clubs P0 JDiamonds P1 3Clubs P2 7Clubs 
P2 ADiamonds P3 5Diamonds P0 4Diamonds P1 2Diamonds 
P2 3Hearts P3 QHearts P0 2Hearts P1 6Hearts 
P3 5Clubs P0 5Hearts P1 4Clubs P2 7Spades 
P0 ASpades P1 JSpades P2 KDiamonds P3 5Spades 
P0 6Spades P1 KSpades P2 4Hearts P3 QSpades 
P2 JHearts P3 7Hearts P0 2Spades P1 7Diamonds 
P3 QDiamonds P0 3Spades P1 3Diamonds P2 KHearts 
P2 AHearts P3 QClubs P0 4Spades P1 6Diamonds 
-- /GAME --
P0 HAND: ADiamonds, 7Clubs, 6Clubs, 2Clubs, QHearts, 5Hearts, 6Spades, 4Spades, 3Spades, 2Spades.
P1 HAND: JDiamonds, 6Diamonds, 3Diamonds, 2Diamonds, AClubs, AHearts, JHearts, 2Hearts, 7Spades, JSpades.
P2 HAND: 4Diamonds, KClubs, JClubs, 4Clubs, 7Hearts, KHearts, 3Hearts, KSpades, QSpades, 5Spades.
P3 HAND: 7Diamonds, KDiamonds, QDiamonds, 5Diamonds, QClubs, 5Clubs, 3Clubs, 6Hearts, 4Hearts, ASpades.
P2 3Hearts P3 4Hearts P0 5Hearts P1 AHearts 
P1 AClubs P2 4Clubs P3 QClubs P0 2Clubs 
P1 2Hearts P2 KHearts P3 6Hearts P0 QHearts 
P2 5Spades P3 ASpades P0 2Spades P1 7Spades 
P3 3Clubs P0 7Clubs P1 2Diamonds P2 JClubs 
P1 JHearts P2 7Hearts P3 5Diamonds P0 ADiamonds 
P0 6Spades P1 JSpades P2 KSpades P3 QDiamonds 
P3 5Clubs P0 6Clubs P1 3Diamonds P2 KClubs 
P1 6Diamonds P2 4Diamonds P3 KDiamonds P0 3Spades 
P3 7Diamonds P0 4Spades P1 JDiamonds P2 QSpades 
-- /GAME --
P0 HAND: 7Diamonds, AClubs, 7Clubs, JClubs, 5Clubs, 2Clubs, KHearts, 5Hearts, KSpades, QSpades.
P1 HAND: JDiamonds, 4Diamonds, KClubs, 6Clubs, 3Clubs, 7Hearts, QHearts, JSpades, 4Spades, 2Spades.
P2 HAND: ADiamonds, QDiamonds, 6Diamonds, 5Diamonds, QClubs, 4Clubs, JHearts, 4Hearts, ASpades, 6Spades.
P3 HAND: KDiamonds, 3Diamonds, 2Diamonds, AHearts, 6Hearts, 3Hearts, 2Hearts, 7Spades, 5Spades, 3Spades.
P1 2Spades P2 ASpades P3 3Spades P0 KSpades 
P2 4Clubs P3 2Hearts P0 AClubs P1 3Clubs 
P0 QSpades P1 4Spades P2 6Spades P3 7Spades 
P3 AHearts P0 5Hearts P1 7Hearts P2 4Hearts 
P3 3Hearts P0 KHearts P1 QHearts P2 JHearts 
P0 JClubs P1 6Clubs P2 QClubs P3 2Diamonds 
P3 5Spades P0 7Diamonds P1 JSpades P2 5Diamonds 
P0 2Clubs P1 KClubs P2 6Diamonds P3 6Hearts 
P2 QDiamonds P3 3Diamonds P0 5Clubs P1 4Diamonds 
P2 ADiamonds P3 KDiamonds P0 7Clubs P1 JDiamonds 
-- /GAME --
P0 HAND: 7Diamonds, 5Diamonds, 2Diamonds, 7Hearts, JHearts, 6Hearts, 2Hearts, QSpades, 6Spades, 2Spades.
P1 HAND: KDiamonds, JDiamonds, 3Diamonds, 7Clubs, QClubs, 6Clubs, ASpades, KSpades, JSpades, 5Spades.
P2 HAND: ADiamonds, QDiamonds, 6Diamonds, 4Diamonds, 5Clubs, 4Clubs, KHearts, 3Hearts, 4Spades, 3Spades.
P3 HAND: AClubs, KClubs, JClubs, 3Clubs, 2Clubs, AHearts, QHearts, 5Hearts, 4Hearts, 7Spades.
P0 2Hearts P1 3Diamonds P2 3Hearts P3 AHearts 
P3 4Hearts P0 JHearts P1 5Spades P2 KHearts 
P2 3Spades P3 7Spades P0 2Spades P1 ASpades 
P1 JDiamonds P2 ADiamonds P3 2Clubs P0 2Diamonds 
P3 5Hearts P0 7Hearts P1 6Clubs P2 4Diamonds 
P1 JSpades P2 4Spades P3 QHearts P0 QSpades 
P1 QClubs P2 4Clubs P3 3Clubs P0 6Spades 
P1 7Clubs P2 5Clubs P3 JClubs P0 6Hearts 
P1 KDiamonds P2 6Diamonds P3 KClubs P0 5Diamonds 
P3 AClubs P0 7Diamonds P1 KSpades P2 QDiamonds 
-- /GAME --
P0 HAND: 6Clubs, 5Clubs, 3Clubs, AHearts, 7Hearts, 5Hearts, 4Hearts, ASpades, KSpades, QSpades.
P1 HAND: ADiamonds, QDiamonds, 5Diamonds, 3Diamonds, AClubs, QClubs, 4Clubs, 2Clubs, 3Hearts, JSpades.
P2 HAND: 2Diamonds, 7Clubs, KClubs, 6Hearts, 2Hearts, 7Spades, 6Spades, 5Spades, 4Spades, 2Spades.
P3 HAND: 7Diamonds, KDiamonds, JDiamonds, 6Diamonds, 4Diamonds, JClubs, KHearts, JHearts, QHearts, 3Spades.
P0 3Clubs P1 2Clubs P2 KClubs P3 JClubs 
P2 2Diamonds P3 4Diamonds P0 4Hearts P1 ADiamonds 
P1 3Diamonds P2 2Hearts P3 6Diamonds P0 5Hearts 
P3 3Spades P0 ASpades P1 JSpades P2 7Spades 
P0 6Clubs P1 4Clubs P2 7Clubs P3 QHearts 
P2 2Spades P3 JDiamonds P0 QSpades P1 QClubs 
P1 3Hearts P2 6Hearts P3 JHearts P0 AHearts 
P0 7Hearts P1 AClubs P2 4Spades P3 KHearts 
P1 5Diamonds P2 5Spades P3 KDiamonds P0 5Clubs 
P0 KSpades P1 QDiamonds P2 6Spades P3 7Diamonds 
-- /GAME --
P0 HAND: KDiamonds, JDiamonds, QDiamonds, 6Diamonds, KClubs, JHearts, 5Hearts, 2Hearts, ASpades, 5Spades.
P1 HAND: ADiamonds, 7Diamonds, KHearts, 3Hearts, 7Spades, KSpades, JSpades, QSpades, 4Spades, 3Spades.
P2 HAND: 3Diamonds, 2Diamonds, 7Clubs, JClubs, QClubs, 6Clubs, 2Clubs, AHearts, 6Hearts, 6Spades.
P3 HAND: 5Diamonds, 4Diamonds, AClubs, 5Clubs, 4Clubs, 3Clubs, 7Hearts, QHearts, 4Hearts, 2Spades.
P3 2Spades P0 ASpades P1 3Spades P2 6Spades 
P0 2Hearts P1 3Hearts P2 AHearts P3 4Hearts 
P2 2Diamonds P3 4Diamonds P0 6Diamonds P1 ADiamonds 
P1 4Spades P2 3Diamonds P3 5Diamonds P0 5Spades 
P0 JHearts P1 KHearts P2 6Hearts P3 7Hearts 
P3 QHearts P0 5Hearts P1 QSpades P2 2Clubs 
P2 6Clubs P3 3Clubs P0 KClubs P1 JSpades 
P0 QDiamonds P1 7Diamonds P2 QClubs P3 AClubs 
P3 4Clubs P0 KDiamonds P1 KSpades P2 JClubs 
P2 7Clubs P3 5Clubs P0 JDiamonds P1 7Spades 
-- /GAME --
P0 HAND: 7Diamonds, KDiamonds, 4Diamonds, 5Clubs, KHearts, 4Hearts, 7Spades, QSpades, 6Spades, 5Spades.
P1 HAND: 3Diamonds, 2Diamonds, AClubs, 7Clubs, 7Hearts, QHearts, 6Hearts, ASpades, KSpades, JSpades.
P2 HAND: 5Diamonds, JClubs, QClubs, 4Clubs, 2Clubs, AHearts, JHearts, 3Hearts, 4Spades, 3Spades.
P3 HAND: ADiamonds, JDiamonds, QDiamonds, 6Diamonds, KClubs, 6Clubs, 3Clubs, 5Hearts, 2Hearts, 2Spades.
P2 2Clubs P3 3Clubs P0 5Clubs P1 AClubs 
P1 ASpades P2 3Spades P3 2Spades P0 5Spades 
P1 2Diamonds P2 5Diamonds P3 ADiamonds P0 4Diamonds 
P3 6Diamonds P0 7Diamonds P1 3Diamonds P2 JClubs 
P0 KDiamonds P1 6Hearts P2 4Clubs P3 JDiamonds 
P1 JSpades P2 4Spades P3 6Clubs P0 7Spades 
P0 QSpades P1 KSpades P2 3Hearts P3 5Hearts 
P3 QDiamonds P0 KHearts P1 7Hearts P2 AHearts 
P2 QClubs P3 KClubs P0 4Hearts P1 7Clubs 
P0 6Spades P1 QHearts P2 JHearts P3 2Hearts 
-- /GAME --
P0 HAND: ADiamonds, 7Diamonds, 6Diamonds, 5Diamonds, 2Diamonds, 3Clubs, 7Hearts, 4Hearts, 4Spades, 2Spades.
P1 HAND: QDiamonds, AClubs, KClubs, QClubs, AHearts, 5Hearts, 3Hearts, JSpades, QSpades, 6Spades.
P2 HAND: JDiamonds, 3Diamonds, 7Clubs, 5Clubs, 4Clubs, 2Clubs, KHearts, ASpades, 7Spades, 5Spades.
P3 HAND: KDiamonds, 4Diamonds, JClubs, 6Clubs, JHearts, QHearts, 6Hearts, 2Hearts, KSpades, 3Spades.
P1 AClubs P2 2Clubs P3 JClubs P0 3Clubs 
P1 AHearts P2 KHearts P3 JHearts P0 4Hearts 
P1 3Hearts P2 4Clubs P3 2Hearts P0 7Hearts 
P0 ADiamonds P1 QDiamonds P2 3Diamonds P3 4Diamonds 
P0 7Diamonds P1 5Hearts P2 JDiamonds P3 KDiamonds 
P0 4Spades P1 6Spades P2 ASpades P3 3Spades 
P2 5Clubs P3 6Clubs P0 2Spades P1 KClubs 
P1 QClubs P2 7Clubs P3 6Hearts P0 2Diamonds 
P0 5Diamonds P1 QSpades P2 5Spades P3 QHearts 
P0 6Diamonds P1 JSpades P2 7Spades P3 KSpades 
-- /GAME --
P0 HAND: KDiamonds, JDiamonds, 5Diamonds, 3Diamonds, 6Clubs, 5Clubs, 4Clubs, 2Clubs, JHearts, 6Spades.
P1 HAND: 4Diamonds, AClubs, KClubs, JClubs, KHearts, QHearts, 5Hearts, 2Hearts, KSpades, QSpades.
P2 HAND: 7Diamonds, QDiamonds, 6Diamonds, QClubs, 3Clubs, AHearts, 6Hearts, ASpades, JSpades, 3Spades.
P3 HAND: ADiamonds, 2Diamonds, 7Clubs, 7Hearts, 4Hearts, 3Hearts, 7Spades, 5Spades, 4Spades, 2Spades.
P3 ADiamonds P0 3Diamonds P1 4Diamonds P2 6Diamonds 
P3 2Diamonds P0 JDiamonds P1 2Hearts P2 7Diamonds 
P2 AHearts P3 3Hearts P0 JHearts P1 5Hearts 
P2 3Clubs P3 7Clubs P0 2Clubs P1 AClubs 
P1 QHearts P2 6Hearts P3 4Hearts P0 6Spades 
P0 6Clubs P1 JClubs P2 QClubs P3 7Hearts 
P1 QSpades P2 3Spades P3 2Spades P0 4Clubs 
P1 KSpades P2 JSpades P3 4Spades P0 5Clubs 
P1 KClubs P2 QDiamonds P3 5Spades P0 5Diamonds 
P3 7Spades P0 KDiamonds P1 KHearts P2 ASpades 
-- /GAME --
P0 HAND: ADiamonds, JDiamonds, 6Diamonds, AClubs, 7Clubs, 3Clubs, 2Clubs, JHearts, ASpades, KSpades.
P1 HAND: KDiamonds, 5Diamonds, 3Diamonds, KClubs, QClubs, AHearts, 7Hearts, QHearts, 6Hearts, 4Hearts.
P2 HAND: 2Diamonds, JClubs, 5Clubs, KHearts, 5Hearts, 2Hearts, 7Spades, 6Spades, 4Spades, 2Spades.
P3 HAND: 7Diamonds, QDiamonds, 4Diamonds, 6Clubs, 4Clubs, 3Hearts, JSpades, QSpades, 5Spades, 3Spades.
P2 2Diamonds P3 4Diamonds P0 ADiamonds P1 3Diamonds 
P0 AClubs P1 QClubs P2 JClubs P3 4Clubs 
P0 ASpades P1 4Hearts P2 2Spades P3 JSpades 
P1 5Diamonds P2 4Spades P3 7Diamonds P0 6Diamonds 
P3 3Spades P0 KSpades P1 6Hearts P2 6Spades 
P1 QHearts P2 2Hearts P3 3Hearts P0 JHearts 
P0 JDiamonds P1 KDiamonds P2 5Hearts P3 QDiamonds 
P2 5Clubs P3 6Clubs P0 7Clubs P1 KClubs 
P0 2Clubs P1 7Hearts P2 7Spades P3 QSpades 
P1 AHearts P2 KHearts P3 5Spades P0 3Clubs 
-- /GAME --
P0 HAND: QDiamonds, 5Diamonds, 4Diamonds, 2Diamonds, 7Clubs, KClubs, QClubs, ASpades, 7Spades, 2Spades.
P1 HAND: KDiamonds, JDiamonds, 6Diamonds, 5Clubs, 7Hearts, JHearts, KSpades, JSpades, 6Spades, 3Spades.
P2 HAND: ADiamonds, AClubs, JClubs, 6Clubs, KHearts, QHearts, 5Hearts, 3Hearts, 5Spades, 4Spades.
P3 HAND: 7Diamonds, 3Diamonds, 4Clubs, 3Clubs, 2Clubs, AHearts, 6Hearts, 4Hearts, 2Hearts, QSpades.
P1 3Spades P2 4Spades P3 QSpades P0 ASpades 
P0 2Diamonds P1 6Diamonds P2 ADiamonds P3 3Diamonds 
P2 3Hearts P3 AHearts P0 7Clubs P1 JHearts 
P0 4Diamonds P1 JDiamonds P2 5Hearts P3 7Diamonds 
P3 2Hearts P0 KClubs P1 7Hearts P2 KHearts 
P0 QDiamonds P1 KDiamonds P2 6Clubs P3 4Hearts 
P2 5Spades P3 6Hearts P0 7Spades P1 6Spades 
P0 5Diamonds P1 5Clubs P2 QHearts P3 2Clubs 
P1 JSpades P2 JClubs P3 3Clubs P0 2Spades 
P2 AClubs P3 4Clubs P0 QClubs P1 KSpades 
-- /GAME --
P0 HAND: JDiamonds, QDiamonds, 5Diamonds, 4Clubs, 2Clubs, QHearts, 3Hearts, JSpades, QSpades, 6Spades.
P1 HAND: 6Diamonds, 3Diamonds, AClubs, QClubs, 6Hearts, 4Hearts, 2Hearts, 7Spades, 5Spades, 3Spades.
P2 HAND: ADiamonds, KDiamonds, JClubs, 5Clubs, AHearts, 7Hearts, KHearts, JHearts, 5Hearts, 2Spades.
P3 HAND: 7Diamonds, 4Diamonds, 2Diamonds, 7Clubs, KClubs, 6Clubs, 3Clubs, ASpades, KSpades, 4Spades.
P0 QHearts P1 2Hearts P2 AHearts P3 3Clubs 
P3 ASpades P0 6Spades P1 7Spades P2 2Spades 
P3 2Diamonds P0 QDiamonds P1 3Diamonds P2 ADiamonds 
P2 5Hearts P3 4Diamonds P0 3Hearts P1 6Hearts 
P1 3Spades P2 5Clubs P3 4Spades P0 JSpades 
P2 JHearts P3 6Clubs P0 5Diamonds P1 4Hearts 
P3 KClubs P0 2Clubs P1 QClubs P2 JClubs 
P3 7Clubs P0 4Clubs P1 AClubs P2 KDiamonds 
P1 5Spades P2 KHearts P3 KSpades P0 QSpades 
P3 7Diamonds P0 JDiamonds P1 6Diamonds P2 7Hearts 
-- /GAME --
P0 HAND: 3Diamonds, 2Diamonds, AClubs, JClubs, QClubs, 5Clubs, 2Clubs, KHearts, 4Hearts, 5Spades.
P1 HAND: ADiamonds, 7Diamonds, QDiamonds, KClubs, JHearts, ASpades, KSpades, QSpades, 4Spades, 3Spades.
P2 HAND: 5Diamonds, 7Clubs, 6Clubs, 4Clubs, 3Clubs, 7Hearts, QHearts, 6Hearts, 5Hearts, 2Hearts.
P3 HAND: KDiamonds, JDiamonds, 6Diamonds, 4Diamonds, AHearts, 3Hearts, 7Spades, JSpades, 6Spades, 2Spades.
P1 ADiamonds P2 5Diamonds P3 KDiamonds P0 2Diamonds 
P1 3Spades P2 2Hearts P3 2Spades P0 5Spades 
P0 3Diamonds P1 QDiamonds P2 5Hearts P3 JDiamonds 
P3 AHearts P0 4Hearts P1 JHearts P2 6Hearts 
P3 3Hearts P0 KHearts P1 4Spades P2 7Hearts 
P2 QHearts P3 4Diamonds P0 2Clubs P1 QSpades 
P0 AClubs P1 KClubs P2 3Clubs P3 6Diamonds 
P0 5Clubs P1 KSpades P2 4Clubs P3 6Spades 
P0 QClubs P1 7Diamonds P2 6Clubs P3 JSpades 
P0 JClubs P1 ASpades P2 7Clubs P3 7Spades 
-- /GAME --
P0 HAND: JDiamonds, 2Diamonds, KHearts, JHearts, QHearts, 6Hearts, 4Hearts, 7Spades, KSpades, 4Spades.
P1 HAND: KDiamonds, AClubs, KClubs, JClubs, QClubs, 6Clubs, 7Hearts, 3Hearts, 6Spades, 2Spades.
P2 HAND: ADiamonds, 7Diamonds, 3Diamonds, 7Clubs, 3Clubs, AHearts, ASpades, JSpades, QSpades, 3Spades.
P3 HAND: QDiamonds, 6Diamonds, 5Diamonds, 4Diamonds, 5Clubs, 4Clubs, 2Clubs, 5Hearts, 2Hearts, 5Spades.
P0 4Hearts P1 3Hearts P2 AHearts P3 2Hearts 
P2 ASpades P3 5Spades P0 7Spades P1 2Spades 
P2 3Clubs P3 2Clubs P0 KHearts P1 AClubs 
P1 6Clubs P2 7Clubs P3 4Clubs P0 KSpades 
P2 3Spades P3 5Clubs P0 4Spades P1 6Spades 
P1 QClubs P2 QSpades P3 5Hearts P0 JDiamonds 
P0 QHearts P1 7Hearts P2 3Diamonds P3 4Diamonds 
P3 5Diamonds P0 2Diamonds P1 KDiamonds P2 7Diamonds 
P2 JSpades P3 6Diamonds P0 6Hearts P1 KClubs 
P3 QDiamonds P0 JHearts P1 JClubs P2 ADiamonds 
-- /GAME --
P0 HAND: 2Diamonds, AClubs, 6Clubs, 3Clubs, QHearts, 2Hearts, ASpades, 5Spades, 3Spades, 2Spades.
P1 HAND: ADiamonds, JDiamonds, QDiamonds, 3Diamonds, 4Clubs, KHearts, 5Hearts, 3Hearts, 7Spades, QSpades.
P2 HAND: 6Diamonds, 5Diamonds, 4Diamonds, KClubs, QClubs, 2Clubs, AHearts, KSpades, 6Spades, 4Spades.
P3 HAND: 7Diamonds, KDiamonds, 7Clubs, JClubs, 5Clubs, 7Hearts, JHearts, 6Hearts, 4Hearts, JSpades.
P3 4Hearts P0 2Hearts P1 3Hearts P2 AHearts 
P2 4Diamonds P3 KDiamonds P0 2Diamonds P1 ADiamonds 
P1 3Diamonds P2 5Diamonds P3 7Diamonds P0 3Clubs 
P0 ASpades P1 QSpades P2 KSpades P3 JSpades 
P0 2Spades P1 7Spades P2 4Spades P3 7Hearts 
P1 5Hearts P2 6Diamonds P3 6Hearts P0 QHearts 
P0 3Spades P1 QDiamonds P2 6Spades P3 5Clubs 
P3 JHearts P0 5Spades P1 KHearts P2 2Clubs 
P2 QClubs P3 JClubs P0 6Clubs P1 4Clubs 
P3 7Clubs P0 AClubs P1 JDiamonds P2 KClubs 
-- /GAME --
P0 HAND: ADiamonds, JDiamonds, 6Diamonds, 4Diamonds, JClubs, QClubs, 6Clubs, 3Clubs, 6Hearts, 4Spades.
P1 HAND: KDiamonds, 3Diamonds, 2Diamonds, 7Clubs, 5Clubs, 4Clubs, 7Hearts, KHearts, 5Hearts, 3Hearts.
P2 HAND: 7Diamonds, 5Diamonds, AClubs, KClubs, 2Clubs, AHearts, QHearts, 4Hearts, 7Spades, JSpades.
P3 HAND: QDiamonds, JHearts, 2Hearts, ASpades, KSpades, QSpades, 6Spades, 5Spades, 3Spades, 2Spades.
P2 AClubs P3 2Hearts P0 3Clubs P1 7Clubs 
P3 2Spades P0 4Spades P1 2Diamonds P2 7Spades 
P2 2Clubs P3 3Spades P0 QClubs P1 4Clubs 
P0 ADiamonds P1 3Diamonds P2 7Diamonds P3 QDiamonds 
P0 4Diamonds P1 KDiamonds P2 5Diamonds P3 ASpades 
P1 5Clubs P2 KClubs P3 5Spades P0 JClubs 
P2 JSpades P3 6Spades P0 JDiamonds P1 3Hearts 
P1 5Hearts P2 4Hearts P3 JHearts P0 6Hearts 
P3 QSpades P0 6Clubs P1 KHearts P2 AHearts 
P2 QHearts P3 KSpades P0 6Diamonds P1 7Hearts 
-- /GAME --
P0 HAND: 7Diamonds, 6Diamonds, 5Diamonds, 4Diamonds, AClubs, KClubs, 2Clubs, KHearts, JHearts, JSpades.
P1 HAND: 2Diamonds, JClubs, 5Clubs, 4Clubs, 6Hearts, 4Hearts, 2Hearts, ASpades, QSpades, 2Spades.
P2 HAND: KDiamonds, JDiamonds, QClubs, 6Clubs, 3Clubs, 5Hearts, 3Hearts, 7Spades, 6Spades, 5Spades.
P3 HAND: ADiamonds, QDiamonds, 3Diamonds, 7Clubs, AHearts, 7Hearts, QHearts, KSpades, 4Spades, 3Spades.
P1 ASpades P2 5Spades P3 KSpades P0 JSpades 
P1 2Hearts P2 3Hearts P3 AHearts P0 JHearts 
P3 3Spades P0 4Diamonds P1 2Spades P2 7Spades 
P0 5Diamonds P1 2Diamonds P2 JDiamonds P3 3Diamonds 
P2 3Clubs P3 7Clubs P0 AClubs P1 4Clubs 
P0 KHearts P1 4Hearts P2 5Hearts P3 7Hearts 
P3 4Spades P0 2Clubs P1 QSpades P2 6Spades 
P1 5Clubs P2 6Clubs P3 QHearts P0 KClubs 
P0 6Diamonds P1 6Hearts P2 KDiamonds P3 QDiamonds 
P2 QClubs P3 ADiamonds P0 7Diamonds P1 JClubs 
-- /GAME --
P0 HAND: KDiamonds, QDiamonds, 6Diamonds, 4Diamonds, AClubs, 7Clubs, JClubs, 5Clubs, 4Hearts, 3Hearts.
P1 HAND: 7Diamonds, JDiamonds, KClubs, 3Clubs, 2Clubs, 7Hearts, QHearts, 7Spades, KSpades, 5Spades.
P2 HAND: ADiamonds, 5Diamonds, 6Clubs, AHearts, KHearts, 6Hearts, JSpades, 4Spades, 3Spades, 2Spades.
P3 HAND: 3Diamonds, 2Diamonds, QClubs, 4Clubs, JHearts, 5Hearts, 2Hearts, ASpades, QSpades, 6Spades.
P0 3Hearts P1 QHearts P2 AHearts P3 2Hearts 
P2 2Spades P3 ASpades P0 KDiamonds P1 5Spades 
P0 4Hearts P1 7Hearts P2 6Hearts P3 JHearts 
P1 2Clubs P2 6Clubs P3 4Clubs P0 AClubs 
P0 4Diamonds P1 JDiamonds P2 5Diamonds P3 2Diamonds 
P1 3Clubs P2 3Spades P3 QClubs P0 7Clubs 
P0 JClubs P1 KClubs P2 ADiamonds P3 5Hearts 
P2 4Spades P3 6Spades P0 QDiamonds P1 KSpades 
P0 5Clubs P1 7Diamonds P2 JSpades P3 QSpades 
P1 7Spades P2 KHearts P3 3Diamonds P0 6Diamonds 
-- /GAME --
P0 HAND: ADiamonds, 3Diamonds, KClubs, JClubs, 6Hearts, 5Hearts, KSpades, JSpades, QSpades, 3Spades.
P1 HAND: QDiamonds, 6Diamonds, AClubs, 5Clubs, 4Clubs, 2Clubs, ASpades, 6Spades, 4Spades, 2Spades.
P2 HAND: 7Diamonds, KDiamonds, 4Diamonds, 2Diamonds, 6Clubs, AHearts, QHearts, 4Hearts, 2Hearts, 5Spades.
P3 HAND: JDiamonds, 5Diamonds, 7Clubs, QClubs, 3Clubs, 7Hearts, KHearts, JHearts, 3Hearts, 7Spades.
P0 ADiamonds P1 6Diamonds P2 7Diamonds P3 5Diamonds 
P0 QSpades P1 ASpades P2 5Spades P3 7Spades 
P1 2Spades P2 2Diamonds P3 3Hearts P0 KSpades 
P0 JSpades P1 4Spades P2 2Hearts P3 3Clubs 
P3 JDiamonds P0 3Diamonds P1 QDiamonds P2 KDiamonds 
P2 4Diamonds P3 QClubs P0 KClubs P1 AClubs 
P1 6Spades P2 4Hearts P3 7Clubs P0 3Spades 
P3 JHearts P0 5Hearts P1 2Clubs P2 QHearts 
P1 4Clubs P2 6Clubs P3 KHearts P0 JClubs 
P0 6Hearts P1 5Clubs P2 AHearts P3 7Hearts 
-- /GAME --
P0 HAND: 3Diamonds, QClubs, 6Clubs, AHearts, QHearts, 6Hearts, 7Spades, KSpades, 3Spades, 2Spades.
P1 HAND: ADiamonds, 6Diamonds, AClubs, 7Clubs, 4Clubs, 3Clubs, 7Hearts, ASpades, JSpades, 6Spades.
P2 HAND: KDiamonds, JClubs, 5Clubs, 2Clubs, JHearts, 5Hearts, 3Hearts, QSpades, 5Spades, 4Spades.
P3 HAND: 7Diamonds, JDiamonds, QDiamonds, 5Diamonds, 4Diamonds, 2Diamonds, KClubs, KHearts, 4Hearts, 2Hearts.
P3 2Diamonds P0 3Diamonds P1 ADiamonds P2 KDiamonds 
P1 AClubs P2 2Clubs P3 KClubs P0 6Clubs 
P1 3Clubs P2 5Clubs P3 2Hearts P0 QClubs 
P0 2Spades P1 6Spades P2 4Spades P3 7Diamonds 
P1 4Clubs P2 JClubs P3 4Diamonds P0 QHearts 
P2 3Hearts P3 4Hearts P0 6Hearts P1 7Hearts 
P1 6Diamonds P2 5Hearts P3 5Diamonds P0 7Spades 
P0 3Spades P1 JSpades P2 5Spades P3 KHearts 
P1 ASpades P2 QSpades P3 QDiamonds P0 KSpades 
P1 7Clubs P2 JHearts P3 JDiamonds P0 AHearts 
-- /GAME --
P0 HAND: KDiamonds, 7Clubs, JClubs, 3Clubs, 7Hearts, 5Hearts, 2Hearts, ASpades, JSpades, QSpades.
P1 HAND: 7Diamonds, 5Diamonds, 4Diamonds, 5Clubs, AHearts, JHearts, 7Spades, 5Spades, 3Spades, 2Spades.
P2 HAND: 3Diamonds, 2Diamonds, AClubs, KClubs, 6Clubs, KHearts, QHearts, 3Hearts, 6Spades, 4Spades.
P3 HAND: ADiamonds, JDiamonds, QDiamonds, 6Diamonds, QClubs, 4Clubs, 2Clubs, 6Hearts, 4Hearts, KSpades.
P2 2Diamonds P3 ADiamonds P0 KDiamonds P1 7Diamonds 
P3 4Hearts P0 2Hearts P1 AHearts P2 3Hearts 
P1 2Spades P2 4Spades P3 KSpades P0 ASpades 
P0 3Clubs P1 5Clubs P2 6Clubs P3 2Clubs 
P2 3Diamonds P3 6Diamonds P0 7Clubs P1 4Diamonds 
P0 JClubs P1 3Spades P2 KClubs P3 4Clubs 
P2 6Spades P3 6Hearts P0 QSpades P1 7Spades 
P1 5Diamonds P2 QHearts P3 QDiamonds P0 5Hearts 
P3 JDiamonds P0 7Hearts P1 5Spades P2 AClubs 
P2 KHearts P3 QClubs P0 JSpades P1 JHearts 
-- /GAME --
P0 HAND: 2Diamonds, 7Clubs, KClubs, JClubs, 7Hearts, QHearts, 6Hearts, 4Hearts, KSpades, 2Spades.
P1 HAND: 7Diamonds, JDiamonds, QDiamonds, 3Diamonds, QClubs, 4Clubs, 2Clubs, AHearts, 3Hearts, 6Spades.
P2 HAND: ADiamonds, KDiamonds, 5Diamonds, 4Diamonds, KHearts, ASpades, QSpades, 5Spades, 4Spades, 3Spades.
P3 HAND: 6Diamonds, AClubs, 6Clubs, 5Clubs, 3Clubs, JHearts, 5Hearts, 2Hearts, 7Spades, JSpades.

