-- GAME --
P0 HAND: ADiamonds, JDiamonds, 6Diamonds, 5Diamonds, 3Diamonds, 5Hearts, 4Hearts, 3Hearts, ASpades, 4Spades.
P1 HAND: KDiamonds, 4Diamonds, AClubs, 6Clubs, KHearts, 6Hearts, 7Spades, KSpades, 5Spades, 2Spades.
P2 HAND: 2Diamonds, JClubs, QClubs, 4Clubs, 3Clubs, 2Clubs, 7Hearts, JHearts, QHearts, 3Spades.
P3 HAND: 7Diamonds, QDiamonds, 7Clubs, KClubs, 5Clubs, AHearts, 2Hearts, JSpades, QSpades, 6Spades.
P0 ASpades P1 2Spades P2 3Spades P3 6Spades 
P0 ADiamonds P1 4Diamonds P2 2Diamonds P3 QDiamonds 
P0 4Spades P1 5Spades P2 2Clubs P3 JSpades 
P3 5Clubs P0 3Hearts P1 6Clubs P2 JClubs 
P0 JDiamonds P1 KDiamonds P2 QHearts P3 7Diamonds 
P2 3Clubs P3 KClubs P0 4Hearts P1 AClubs 
P0 6Diamonds P1 6Hearts P2 4Clubs P3 7Clubs 
P1 KHearts P2 JHearts P3 2Hearts P0 5Hearts 
P1 KSpades P2 QClubs P3 QSpades P0 3Diamonds 
P1 7Spades P2 7Hearts P3 AHearts P0 5Diamonds 
-- /GAME --
P0 HAND: QDiamonds, 3Clubs, 2Clubs, 7Hearts, KHearts, 3Hearts, 2Hearts, ASpades, 4Spades, 3Spades.
P1 HAND: 4Diamonds, 7Clubs, JClubs, 5Clubs, 5Hearts, 4Hearts, JSpades, 6Spades, 5Spades, 2Spades.
P2 HAND: 7Diamonds, 6Diamonds, 3Diamonds, KClubs, 6Clubs, 4Clubs, JHearts, 7Spades, KSpades, QSpades.
P3 HAND: ADiamonds, KDiamonds, JDiamonds, 5Diamonds, 2Diamonds, AClubs, QClubs, AHearts, QHearts, 6Hearts.
P3 AClubs P0 2Clubs P1 7Clubs P2 4Clubs 
P3 AHearts P0 2Hearts P1 5Hearts P2 JHearts 
P3 6Hearts P0 7Hearts P1 4Hearts P2 7Spades 
P0 ASpades P1 2Spades P2 KSpades P3 2Diamonds 
P3 QClubs P0 3Clubs P1 5Clubs P2 KClubs 
P2 6Clubs P3 QHearts P0 QDiamonds P1 JClubs 
P0 3Spades P1 5Spades P2 QSpades P3 5Diamonds 
P3 JDiamonds P0 4Spades P1 4Diamonds P2 3Diamonds 
P3 KDiamonds P0 3Hearts P1 6Spades P2 6Diamonds 
P3 ADiamonds P0 KHearts P1 JSpades P2 7Diamonds 
-- /GAME --
P0 HAND: 5Diamonds, 4Diamonds, 3Diamonds, 2Diamonds, JClubs, 6Clubs, AHearts, 2Hearts, ASpades, 6Spades.
P1 HAND: JDiamonds, 2Clubs, JHearts, 6Hearts, 5Hearts, 7Spades, QSpades, 5Spades, 4Spades, 2Spades.
P2 HAND: ADiamonds, QDiamonds, AClubs, 7Clubs, 5Clubs, 7Hearts, 4Hearts, 3Hearts, JSpades, 3Spades.
P3 HAND: 7Diamonds, KDiamonds, 6Diamonds, KClubs, QClubs, 4Clubs, 3Clubs, KHearts, QHearts, KSpades.
P2 ADiamonds P3 6Diamonds P0 5Diamonds P1 JDiamonds 
P2 AClubs P3 3Clubs P0 JClubs P1 2Clubs 
P2 3Spades P3 KSpades P0 ASpades P1 2Spades 
P0 6Clubs P1 4Spades P2 7Clubs P3 4Clubs 
P2 5Clubs P3 QClubs P0 6Spades P1 7Spades 
P3 QHearts P0 AHearts P1 5Hearts P2 3Hearts 
P0 4Diamonds P1 5Spades P2 QDiamonds P3 7Diamonds 
P3 KHearts P0 2Hearts P1 6Hearts P2 4Hearts 
P3 KDiamonds P0 2Diamonds P1 QSpades P2 7Hearts 
P2 JSpades P3 KClubs P0 3Diamonds P1 JHearts 
-- /GAME --
P0 HAND: KDiamonds, QDiamonds, 6Diamonds, 7Clubs, KClubs, 4Clubs, 3Clubs, 6Hearts, 4Hearts, 5Spades.
P1 HAND: 7Diamonds, 5Diamonds, 4Diamonds, AClubs, 5Clubs, AHearts, 3Hearts, QSpades, 6Spades, 2Spades.
P2 HAND: ADiamonds, JDiamonds, 3Diamonds, QClubs, 6Clubs, 2Clubs, 7Hearts, QHearts, 2Hearts, ASpades.
P3 HAND: 2Diamonds, JClubs, KHearts, JHearts, 5Hearts, 7Spades, KSpades, JSpades, 4Spades, 3Spades.
P1 AClubs P2 2Clubs P3 JClubs P0 3Clubs 
P1 AHearts P2 2Hearts P3 KHearts P0 4Hearts 
P1 2Spades P2 ASpades P3 3Spades P0 5Spades 
P2 6Clubs P3 4Spades P0 7Clubs P1 5Clubs 
P0 6Hearts P1 3Hearts P2 7Hearts P3 5Hearts 
P2 QClubs P3 2Diamonds P0 4Clubs P1 QSpades 
P3 JHearts P0 6Diamonds P1 6Spades P2 QHearts 
P0 KClubs P1 4Diamonds P2 3Diamonds P3 7Spades 
P1 5Diamonds P2 JDiamonds P3 JSpades P0 KDiamonds 
P0 QDiamonds P1 7Diamonds P2 ADiamonds P3 KSpades 
-- /GAME --
P0 HAND: JDiamonds, 6Diamonds, 5Diamonds, AClubs, JClubs, QClubs, AHearts, KSpades, 6Spades, 2Spades.
P1 HAND: 3Diamonds, 2Diamonds, 7Clubs, KClubs, 5Clubs, 4Clubs, KHearts, 5Hearts, 3Hearts, QSpades.
P2 HAND: ADiamonds, QDiamonds, 6Clubs, 7Hearts, JHearts, QHearts, ASpades, 7Spades, 5Spades, 3Spades.
P3 HAND: 7Diamonds, KDiamonds, 4Diamonds, 3Clubs, 2Clubs, 6Hearts, 4Hearts, 2Hearts, JSpades, 4Spades.
P0 AClubs P1 4Clubs P2 6Clubs P3 2Clubs 
P0 2Spades P1 QSpades P2 ASpades P3 4Spades 
P2 ADiamonds P3 4Diamonds P0 JDiamonds P1 2Diamonds 
P2 3Spades P3 JSpades P0 6Spades P1 7Clubs 
P3 3Clubs P0 JClubs P1 5Clubs P2 7Spades 
P0 QClubs P1 KClubs P2 QHearts P3 KDiamonds 
P2 5Spades P3 2Hearts P0 KSpades P1 3Diamonds 
P3 4Hearts P0 AHearts P1 3Hearts P2 JHearts 
P0 6Diamonds P1 5Hearts P2 QDiamonds P3 7Diamonds 
P1 KHearts P2 7Hearts P3 6Hearts P0 5Diamonds 
-- /GAME --
P0 HAND: 7Diamonds, KDiamonds, JDiamonds, QDiamonds, AClubs, 7Clubs, 7Hearts, ASpades, QSpades, 2Spades.
P1 HAND: ADiamonds, 5Diamonds, 4Clubs, 3Clubs, AHearts, QHearts, 6Hearts, 4Hearts, 3Hearts, 2Hearts.
P2 HAND: 4Diamonds, 3Diamonds, 2Diamonds, JClubs, QClubs, 2Clubs, JHearts, KSpades, JSpades, 3Spades.
P3 HAND: 6Diamonds, KClubs, 6Clubs, 5Clubs, KHearts, 5Hearts, 7Spades, 6Spades, 5Spades, 4Spades.
P2 2Diamonds P3 6Diamonds P0 QDiamonds P1 ADiamonds 
P1 3Clubs P2 2Clubs P3 5Clubs P0 AClubs 
P0 ASpades P1 2Hearts P2 3Spades P3 7Spades 
P1 4Clubs P2 QClubs P3 6Clubs P0 7Clubs 
P0 2Spades P1 5Diamonds P2 KSpades P3 4Spades 
P2 3Diamonds P3 5Spades P0 JDiamonds P1 3Hearts 
P1 4Hearts P2 JHearts P3 5Hearts P0 7Hearts 
P0 QSpades P1 6Hearts P2 JSpades P3 6Spades 
P1 QHearts P2 4Diamonds P3 KHearts P0 KDiamonds 
P3 KClubs P0 7Diamonds P1 AHearts P2 JClubs 
-- /GAME --
P0 HAND: 7Diamonds, 6Diamonds, 2Diamonds, 7Clubs, QHearts, 4Hearts, 7Spades, 6Spades, 5Spades, 3Spades.
P1 HAND: KDiamonds, QDiamonds, 4Diamonds, JClubs, QClubs, 5Clubs, AHearts, JHearts, 3Hearts, 2Hearts.
P2 HAND: ADiamonds, JDiamonds, 5Diamonds, 3Diamonds, KClubs, 2Clubs, 7Hearts, KHearts, 6Hearts, QSpades.
P3 HAND: AClubs, 6Clubs, 4Clubs, 3Clubs, 5Hearts, ASpades, KSpades, JSpades, 4Spades, 2Spades.
P1 AHearts P2 6Hearts P3 5Hearts P0 4Hearts 
P1 2Hearts P2 KHearts P3 2Spades P0 QHearts 
P2 2Clubs P3 AClubs P0 7Clubs P1 JClubs 
P3 3Clubs P0 3Spades P1 5Clubs P2 KClubs 
P2 QSpades P3 4Spades P0 6Spades P1 3Hearts 
P2 3Diamonds P3 4Clubs P0 2Diamonds P1 4Diamonds 
P1 QClubs P2 5Diamonds P3 6Clubs P0 7Spades 
P2 JDiamonds P3 JSpades P0 7Diamonds P1 QDiamonds 
P0 5Spades P1 KDiamonds P2 ADiamonds P3 KSpades 
P2 7Hearts P3 ASpades P0 6Diamonds P1 JHearts 
-- /GAME --
P0 HAND: KDiamonds, QDiamonds, 5Diamonds, 2Diamonds, AClubs, 7Clubs, AHearts, QHearts, 2Hearts, JSpades.
P1 HAND: 3Diamonds, 4Clubs, KHearts, JHearts, 5Hearts, 7Spades, QSpades, 6Spades, 5Spades, 4Spades.
P2 HAND: 6Diamonds, 4Diamonds, JClubs, QClubs, 5Clubs, 3Clubs, 2Clubs, 4Hearts, ASpades, 3Spades.
P3 HAND: ADiamonds, 7Diamonds, JDiamonds, KClubs, 6Clubs, 7Hearts, 6Hearts, 3Hearts, KSpades, 2Spades.
P0 AClubs P1 4Clubs P2 JClubs P3 6Clubs 
P0 7Clubs P1 5Hearts P2 2Clubs P3 KClubs 
P1 3Diamonds P2 4Diamonds P3 ADiamonds P0 2Diamonds 
P3 2Spades P0 JSpades P1 4Spades P2 ASpades 
P2 3Clubs P3 3Hearts P0 QHearts P1 5Spades 
P0 AHearts P1 JHearts P2 4Hearts P3 6Hearts 
P0 2Hearts P1 KHearts P2 3Spades P3 7Hearts 
P3 JDiamonds P0 KDiamonds P1 6Spades P2 6Diamonds 
P0 QDiamonds P1 QSpades P2 5Clubs P3 7Diamonds 
P3 KSpades P0 5Diamonds P1 7Spades P2 QClubs 
-- /GAME --
P0 HAND: JDiamonds, 6Clubs, JHearts, 5Hearts, 2Hearts, ASpades, 7Spades, KSpades, QSpades, 4Spades.
P1 HAND: 5Diamonds, 7Clubs, JClubs, 4Clubs, 2Clubs, AHearts, KHearts, QHearts, 6Hearts, 6Spades.
P2 HAND: KDiamonds, QDiamonds, 6Diamonds, 3Diamonds, 2Diamonds, QClubs, 3Clubs, 7Hearts, 3Hearts, 3Spades.
P3 HAND: ADiamonds, 7Diamonds, 4Diamonds, AClubs, KClubs, 5Clubs, 4Hearts, JSpades, 5Spades, 2Spades.
P3 AClubs P0 6Clubs P1 7Clubs P2 3Clubs 
P3 2Spades P0 ASpades P1 6Spades P2 3Spades 
P0 2Hearts P1 AHearts P2 3Hearts P3 4Hearts 
P1 2Clubs P2 QClubs P3 KClubs P0 JDiamonds 
P0 5Hearts P1 6Hearts P2 7Hearts P3 4Diamonds 
P3 5Clubs P0 4Spades P1 4Clubs P2 2Diamonds 
P2 3Diamonds P3 7Diamonds P0 QSpades P1 5Diamonds 
P3 5Spades P0 KSpades P1 QHearts P2 6Diamonds 
P2 QDiamonds P3 ADiamonds P0 JHearts P1 KHearts 
P3 JSpades P0 7Spades P1 JClubs P2 KDiamonds 
-- /GAME --
P0 HAND: 7Diamonds, 6Diamonds, 5Diamonds, AClubs, KClubs, 2Clubs, 7Hearts, JHearts, QSpades, 5Spades.
P1 HAND: 2Diamonds, JClubs, 6Clubs, 3Clubs, QHearts, 2Hearts, 7Spades, 6Spades, 3Spades, 2Spades.
P2 HAND: ADiamonds, JDiamonds, 3Diamonds, 7Clubs, 5Clubs, 5Hearts, 3Hearts, KSpades, JSpades, 4Spades.
P3 HAND: KDiamonds, QDiamonds, 4Diamonds, QClubs, 4Clubs, AHearts, KHearts, 6Hearts, 4Hearts, ASpades.
P2 ADiamonds P3 4Diamonds P0 7Diamonds P1 2Diamonds 
P2 3Diamonds P3 QDiamonds P0 6Diamonds P1 7Spades 
P3 ASpades P0 5Spades P1 6Spades P2 4Spades 
P3 4Clubs P0 AClubs P1 3Clubs P2 7Clubs 
P0 KClubs P1 6Clubs P2 5Clubs P3 QClubs 
P0 2Clubs P1 JClubs P2 3Hearts P3 4Hearts 
P3 6Hearts P0 7Hearts P1 2Hearts P2 5Hearts 
P0 QSpades P1 2Spades P2 JSpades P3 KHearts 
P3 AHearts P0 JHearts P1 QHearts P2 JDiamonds 
P3 KDiamonds P0 5Diamonds P1 3Spades P2 KSpades 
-- /GAME --
P0 HAND: ADiamonds, 4Diamonds, AClubs, 6Clubs, 2Clubs, AHearts, 7Hearts, 6Hearts, 2Hearts, 4Spades.
P1 HAND: JDiamonds, 3Diamonds, QClubs, 5Clubs, 4Clubs, JHearts, QHearts, 5Hearts, KSpades, 3Spades.
P2 HAND: 7Diamonds, KDiamonds, QDiamonds, JClubs, KHearts, 4Hearts, ASpades, JSpades, QSpades, 5Spades.
P3 HAND: 6Diamonds, 5Diamonds, 2Diamonds, 7Clubs, KClubs, 3Clubs, 3Hearts, 7Spades, 6Spades, 2Spades.
P0 AHearts P1 5Hearts P2 KHearts P3 3Hearts 
P0 ADiamonds P1 3Diamonds P2 7Diamonds P3 2Diamonds 
P0 AClubs P1 4Clubs P2 JClubs P3 3Clubs 
P0 4Diamonds P1 JDiamonds P2 KDiamonds P3 5Diamonds 
P2 4Hearts P3 6Diamonds P0 2Hearts P1 JHearts 
P1 5Clubs P2 QDiamonds P3 7Clubs P0 6Clubs 
P3 2Spades P0 4Spades P1 3Spades P2 5Spades 
P2 QSpades P3 6Spades P0 2Clubs P1 KSpades 
P1 QClubs P2 JSpades P3 KClubs P0 7Hearts 
P2 ASpades P3 7Spades P0 6Hearts P1 QHearts 
-- /GAME --
P0 HAND: JDiamonds, QDiamonds, 5Diamonds, 4Diamonds, 4Clubs, 3Clubs, 2Clubs, AHearts, JHearts, 3Hearts.
P1 HAND: ADiamonds, 7Clubs, 6Clubs, QHearts, 4Hearts, 2Hearts, 7Spades, JSpades, 4Spades, 2Spades.
P2 HAND: 7Diamonds, 2Diamonds, AClubs, JClubs, KHearts, 5Hearts, ASpades, QSpades, 5Spades, 3Spades.
P3 HAND: KDiamonds, 6Diamonds, 3Diamonds, KClubs, QClubs, 5Clubs, 7Hearts, 6Hearts, KSpades, 6Spades.
P3 5Clubs P0 4Clubs P1 6Clubs P2 AClubs 
P2 ASpades P3 6Spades P0 3Clubs P1 2Spades 
P2 3Spades P3 KSpades P0 JDiamonds P1 4Spades 
P0 AHearts P1 2Hearts P2 KHearts P3 6Hearts 
P0 JHearts P1 4Hearts P2 5Hearts P3 7Hearts 
P3 QClubs P0 2Clubs P1 7Clubs P2 JClubs 
P1 QHearts P2 5Spades P3 3Diamonds P0 3Hearts 
P3 6Diamonds P0 4Diamonds P1 ADiamonds P2 2Diamonds 
P1 JSpades P2 QSpades P3 KDiamonds P0 5Diamonds 
P3 KClubs P0 QDiamonds P1 7Spades P2 7Diamonds 
-- /GAME --
P0 HAND: JDiamonds, 2Diamonds, AClubs, 7Clubs, QHearts, 3Hearts, 7Spades, JSpades, QSpades, 3Spades.
P1 HAND: ADiamonds, QDiamonds, 5Diamonds, 4Diamonds, 6Clubs, AHearts, 7Hearts, 4Hearts, 5Spades, 2Spades.
P2 HAND: 6Diamonds, 3Diamonds, 3Clubs, KHearts, JHearts, 6Hearts, 5Hearts, KSpades, 6Spades, 4Spades.
P3 HAND: 7Diamonds, KDiamonds, KClubs, JClubs, QClubs, 5Clubs, 4Clubs, 2Clubs, 2Hearts, ASpades.
P2 3Diamonds P3 KDiamonds P0 2Diamonds P1 ADiamonds 
P1 2Spades P2 4Spades P3 ASpades P0 3Spades 
P3 2Clubs P0 AClubs P1 6Clubs P2 3Clubs 
P0 7Clubs P1 4Hearts P2 5Hearts P3 4Clubs 
P2 6Diamonds P3 7Diamonds P0 JDiamonds P1 QDiamonds 
P3 5Clubs P0 7Spades P1 7Hearts P2 6Spades 
P1 4Diamonds P2 6Hearts P3 QClubs P0 JSpades 
P2 JHearts P3 2Hearts P0 3Hearts P1 AHearts 
P1 5Diamonds P2 KHearts P3 JClubs P0 QSpades 
P2 KSpades P3 KClubs P0 QHearts P1 5Spades 
-- /GAME --
P0 HAND: 5Diamonds, JClubs, 6Clubs, 2Clubs, 6Hearts, 3Hearts, ASpades, 7Spades, 5Spades, 3Spades.
P1 HAND: ADiamonds, 4Diamonds, 2Diamonds, AClubs, 7Clubs, 7Hearts, KHearts, JHearts, 4Hearts, JSpades.
P2 HAND: KDiamonds, QDiamonds, KClubs, 5Clubs, 4Clubs, 3Clubs, AHearts, 5Hearts, QSpades, 6Spades.
P3 HAND: 7Diamonds, JDiamonds, 6Diamonds, 3Diamonds, QClubs, QHearts, 2Hearts, KSpades, 4Spades, 2Spades.
P1 ADiamonds P2 QDiamonds P3 7Diamonds P0 5Diamonds 
P1 2Diamonds P2 KDiamonds P3 3Diamonds P0 7Spades 
P2 AHearts P3 2Hearts P0 6Hearts P1 4Hearts 
P2 5Hearts P3 QHearts P0 3Hearts P1 7Hearts 
P1 4Diamonds P2 6Spades P3 6Diamonds P0 3Spades 
P3 2Spades P0 ASpades P1 JSpades P2 QSpades 
P0 5Spades P1 7Clubs P2 3Clubs P3 KSpades 
P1 JHearts P2 4Clubs P3 4Spades P0 JClubs 
P0 2Clubs P1 AClubs P2 5Clubs P3 QClubs 
P1 KHearts P2 KClubs P3 JDiamonds P0 6Clubs 
-- /GAME --
P0 HAND: KClubs, QClubs, 4Clubs, AHearts, 7Hearts, JHearts, ASpades, JSpades, QSpades, 6Spades.
P1 HAND: 6Diamonds, 5Diamonds, 2Diamonds, 5Clubs, 2Clubs, 4Hearts, 3Hearts, 7Spades, KSpades, 4Spades.
P2 HAND: 7Diamonds, JDiamonds, QDiamonds, 4Diamonds, JClubs, KHearts, QHearts, 6Hearts, 5Spades, 3Spades.
P3 HAND: ADiamonds, KDiamonds, 3Diamonds, AClubs, 7Clubs, 6Clubs, 3Clubs, 5Hearts, 2Hearts, 2Spades.
P0 ASpades P1 4Spades P2 5Spades P3 2Spades 
P0 4Clubs P1 2Clubs P2 JClubs P3 AClubs 
P3 ADiamonds P0 JHearts P1 2Diamonds P2 7Diamonds 
P0 QClubs P1 5Clubs P2 3Spades P3 7Clubs 
P3 3Diamonds P0 6Spades P1 5Diamonds P2 JDiamonds 
P2 4Diamonds P3 KDiamonds P0 7Hearts P1 6Diamonds 
P0 KClubs P1 3Hearts P2 QDiamonds P3 6Clubs 
P1 4Hearts P2 6Hearts P3 2Hearts P0 AHearts 
P0 QSpades P1 KSpades P2 QHearts P3 3Clubs 
P2 KHearts P3 5Hearts P0 JSpades P1 7Spades 
-- /GAME --
P0 HAND: KDiamonds, 5Diamonds, 7Clubs, 3Clubs, AHearts, KHearts, QHearts, 3Hearts, 2Hearts, QSpades.
P1 HAND: ADiamonds, 7Diamonds, JDiamonds, JClubs, QClubs, 4Clubs, JHearts, 5Hearts, JSpades, 2Spades.
P2 HAND: QDiamonds, 4Diamonds, 3Diamonds, 2Diamonds, KClubs, 7Hearts, 6Hearts, KSpades, 6Spades, 4Spades.
P3 HAND: 6Diamonds, AClubs, 6Clubs, 5Clubs, 2Clubs, 4Hearts, ASpades, 7Spades, 5Spades, 3Spades.
P1 2Spades P2 4Spades P3 ASpades P0 QSpades 
P3 AClubs P0 3Clubs P1 JClubs P2 KClubs 
P3 2Clubs P0 7Clubs P1 4Clubs P2 7Hearts 
P0 AHearts P1 5Hearts P2 6Hearts P3 4Hearts 
P0 2Hearts P1 JHearts P2 6Spades P3 7Spades 
P1 QClubs P2 2Diamonds P3 5Clubs P0 KHearts 
P2 3Diamonds P3 6Diamonds P0 5Diamonds P1 JDiamonds 
P1 JSpades P2 KSpades P3 3Spades P0 KDiamonds 
P0 3Hearts P1 7Diamonds P2 4Diamonds P3 6Clubs 
P1 ADiamonds P2 QDiamonds P3 5Spades P0 QHearts 
-- /GAME --
P0 HAND: 6Diamonds, 5Diamonds, 3Diamonds, 6Clubs, 7Hearts, KHearts, KSpades, JSpades, 4Spades, 3Spades.
P1 HAND: 7Diamonds, QClubs, 2Clubs, JHearts, 6Hearts, 4Hearts, 3Hearts, 2Hearts, QSpades, 2Spades.
P2 HAND: KDiamonds, 4Diamonds, AClubs, 7Clubs, KClubs, JClubs, 4Clubs, 3Clubs, 7Spades, 6Spades.
P3 HAND: ADiamonds, JDiamonds, QDiamonds, 2Diamonds, 5Clubs, AHearts, QHearts, 5Hearts, ASpades, 5Spades.
P0 6Clubs P1 2Clubs P2 AClubs P3 5Clubs 
P2 3Clubs P3 2Diamonds P0 KHearts P1 QClubs 
P0 3Diamonds P1 7Diamonds P2 4Diamonds P3 ADiamonds 
P3 ASpades P0 3Spades P1 QSpades P2 6Spades 
P3 5Spades P0 KSpades P1 2Spades P2 7Spades 
P2 4Clubs P3 QDiamonds P0 JSpades P1 2Hearts 
P1 3Hearts P2 JClubs P3 5Hearts P0 7Hearts 
P0 4Spades P1 4Hearts P2 KDiamonds P3 JDiamonds 
P1 6Hearts P2 KClubs P3 QHearts P0 5Diamonds 
P3 AHearts P0 6Diamonds P1 JHearts P2 7Clubs 
-- /GAME --
P0 HAND: KDiamonds, 2Diamonds, 7Clubs, 2Clubs, 7Hearts, KHearts, 2Hearts, 7Spades, KSpades, 2Spades.
P1 HAND: ADiamonds, QDiamonds, 5Diamonds, 4Diamonds, 3Diamonds, KClubs, QClubs, 4Hearts, 3Hearts, QSpades.
P2 HAND: 6Diamonds, AClubs, JClubs, 6Clubs, 3Clubs, QHearts, JSpades, 5Spades, 4Spades, 3Spades.
P3 HAND: 7Diamonds, JDiamonds, 5Clubs, 4Clubs, AHearts, JHearts, 6Hearts, 5Hearts, ASpades, 6Spades.
P3 AHearts P0 2Hearts P1 4Hearts P2 QHearts 
P3 ASpades P0 2Spades P1 QSpades P2 3Spades 
P3 4Clubs P0 7Clubs P1 QClubs P2 AClubs 
P2 3Clubs P3 5Clubs P0 2Clubs P1 KClubs 
P1 3Hearts P2 4Spades P3 5Hearts P0 7Hearts 
P0 KHearts P1 3Diamonds P2 5Spades P3 JHearts 
P1 4Diamonds P2 6Diamonds P3 JDiamonds P0 KDiamonds 
P0 2Diamonds P1 5Diamonds P2 6Clubs P3 7Diamonds 
P3 6Hearts P0 KSpades P1 QDiamonds P2 JClubs 
P1 ADiamonds P2 JSpades P3 6Spades P0 7Spades 
-- /GAME --
P0 HAND: 7Diamonds, 5Diamonds, 2Diamonds, 7Clubs, JClubs, AHearts, 2Hearts, 6Spades, 5Spades, 2Spades.
P1 HAND: KDiamonds, JDiamonds, AClubs, QClubs, 7Hearts, 5Hearts, 4Hearts, 3Hearts, ASpades, 7Spades.
P2 HAND: ADiamonds, 6Diamonds, 6Clubs, 3Clubs, 2Clubs, JHearts, QHearts, 6Hearts, JSpades, 4Spades.
P3 HAND: QDiamonds, 4Diamonds, 3Diamonds, KClubs, 5Clubs, 4Clubs, KHearts, KSpades, QSpades, 3Spades.
P2 2Clubs P3 4Clubs P0 JClubs P1 AClubs 
P1 ASpades P2 4Spades P3 KSpades P0 2Spades 
P1 3Hearts P2 6Hearts P3 KHearts P0 AHearts 
P0 7Clubs P1 QClubs P2 6Clubs P3 5Clubs 
P0 6Spades P1 7Spades P2 JSpades P3 QSpades 
P1 4Hearts P2 QHearts P3 3Spades P0 2Hearts 
P2 3Clubs P3 KClubs P0 2Diamonds P1 5Hearts 
P0 5Spades P1 JDiamonds P2 6Diamonds P3 3Diamonds 
P1 KDiamonds P2 ADiamonds P3 4Diamonds P0 5Diamonds 
P2 JHearts P3 QDiamonds P0 7Diamonds P1 7Hearts 
-- /GAME --
P0 HAND: ADiamonds, 6Diamonds, 5Diamonds, 2Diamonds, 4Clubs, 2Clubs, JHearts, KSpades, 3Spades, 2Spades.
P1 HAND: 7Diamonds, KDiamonds, JDiamonds, 4Diamonds, KClubs, KHearts, ASpades, 7Spades, QSpades, 4Spades.
P2 HAND: 7Clubs, 6Clubs, 5Clubs, 3Clubs, AHearts, 7Hearts, QHearts, 6Hearts, 3Hearts, 5Spades.
P3 HAND: QDiamonds, 3Diamonds, AClubs, JClubs, QClubs, 5Hearts, 4Hearts, 2Hearts, JSpades, 6Spades.
P1 4Diamonds P2 3Clubs P3 3Diamonds P0 ADiamonds 
P0 6Diamonds P1 JDiamonds P2 3Hearts P3 QDiamonds 
P1 4Spades P2 5Spades P3 6Spades P0 KSpades 
P0 JHearts P1 KHearts P2 AHearts P3 2Hearts 
P2 5Clubs P3 AClubs P0 2Clubs P1 KClubs 
P3 4Hearts P0 3Spades P1 QSpades P2 6Hearts 
P1 7Spades P2 6Clubs P3 JSpades P0 2Spades 
P1 ASpades P2 QHearts P3 5Hearts P0 4Clubs 
P1 KDiamonds P2 7Clubs P3 QClubs P0 2Diamonds 
P1 7Diamonds P2 7Hearts P3 JClubs P0 5Diamonds 
-- /GAME --
P0 HAND: 3Diamonds, KClubs, JClubs, 4Clubs, QHearts, 6Hearts, ASpades, 6Spades, 3Spades, 2Spades.
P1 HAND: ADiamonds, KDiamonds, JDiamonds, 5Diamonds, QClubs, 5Clubs, 2Clubs, KHearts, QSpades, 5Spades.
P2 HAND: 6Diamonds, 4Diamonds, 7Clubs, 6Clubs, AHearts, 7Hearts, 5Hearts, 4Hearts, 7Spades, 4Spades.
P3 HAND: 7Diamonds, QDiamonds, 2Diamonds, AClubs, 3Clubs, JHearts, 3Hearts, 2Hearts, KSpades, JSpades.
P1 ADiamonds P2 4Diamonds P3 7Diamonds P0 3Diamonds 
P1 2Clubs P2 6Clubs P3 AClubs P0 4Clubs 
P3 2Diamonds P0 QHearts P1 5Diamonds P2 6Diamonds 
P0 ASpades P1 5Spades P2 7Spades P3 JSpades 
P0 KClubs P1 5Clubs P2 7Clubs P3 3Clubs 
P2 4Spades P3 KSpades P0 6Spades P1 QSpades 
P3 QDiamonds P0 6Hearts P1 JDiamonds P2 4Hearts 
P0 JClubs P1 QClubs P2 5Hearts P3 JHearts 
P3 2Hearts P0 3Spades P1 KHearts P2 7Hearts 
P2 AHearts P3 3Hearts P0 2Spades P1 KDiamonds 
-- /GAME --
P0 HAND: ADiamonds, KDiamonds, QDiamonds, AClubs, QClubs, 6Hearts, 5Hearts, KSpades, 6Spades, 2Spades.
P1 HAND: 7Diamonds, JDiamonds, 2Diamonds, 7Clubs, 5Clubs, 4Clubs, KHearts, ASpades, QSpades, 5Spades.
P2 HAND: 4Diamonds, 3Diamonds, 6Clubs, 7Hearts, JHearts, QHearts, 3Hearts, 2Hearts, JSpades, 3Spades.
P3 HAND: 6Diamonds, 5Diamonds, KClubs, JClubs, 3Clubs, 2Clubs, AHearts, 4Hearts, 7Spades, 4Spades.
P0 ADiamonds P1 2Diamonds P2 4Diamonds P3 5Diamonds 
P0 AClubs P1 4Clubs P2 6Clubs P3 2Clubs 
P0 QDiamonds P1 JDiamonds P2 3Diamonds P3 6Diamonds 
P1 ASpades P2 3Spades P3 7Spades P0 2Spades 
P1 5Clubs P2 2Hearts P3 3Clubs P0 QClubs 
P2 JSpades P3 4Spades P0 KSpades P1 5Spades 
P0 KDiamonds P1 7Diamonds P2 3Hearts P3 4Hearts 
P3 JClubs P0 6Spades P1 7Clubs P2 QHearts 
P2 JHearts P3 AHearts P0 5Hearts P1 KHearts 
P3 KClubs P0 6Hearts P1 QSpades P2 7Hearts 
-- /GAME --
P0 HAND: ADiamonds, 5Diamonds, 3Diamonds, 5Clubs, QHearts, 7Spades, KSpades, QSpades, 5Spades, 2Spades.
P1 HAND: 7Diamonds, KDiamonds, QDiamonds, KClubs, 4Clubs, KHearts, 6Hearts, 6Spades, 4Spades, 3Spades.
P2 HAND: 6Diamonds, QClubs, 2Clubs, AHearts, 5Hearts, 4Hearts, 3Hearts, 2Hearts, ASpades, JSpades.
P3 HAND: JDiamonds, 4Diamonds, 2Diamonds, AClubs, 7Clubs, JClubs, 6Clubs, 3Clubs, 7Hearts, JHearts.
P3 2Diamonds P0 ADiamonds P1 QDiamonds P2 6Diamonds 
P0 5Clubs P1 4Clubs P2 2Clubs P3 AClubs 
P3 3Clubs P0 2Spades P1 KClubs P2 QClubs 
P0 5Diamonds P1 KDiamonds P2 2Hearts P3 JDiamonds 
P1 6Hearts P2 AHearts P3 JHearts P0 QHearts 
P2 3Hearts P3 7Hearts P0 KSpades P1 KHearts 
P0 3Diamonds P1 7Diamonds P2 JSpades P3 4Diamonds 
P2 4Hearts P3 6Clubs P0 QSpades P1 3Spades 
P0 7Spades P1 4Spades P2 ASpades P3 JClubs 
P2 5Hearts P3 7Clubs P0 5Spades P1 6Spades 
-- /GAME --
P0 HAND: KDiamonds, 6Diamonds, AClubs, QClubs, 6Clubs, 5Hearts, JSpades, 6Spades, 5Spades, 2Spades.
P1 HAND: 5Diamonds, KClubs, 4Clubs, 3Clubs, 2Clubs, AHearts, QHearts, 3Hearts, 2Hearts, KSpades.
P2 HAND: JDiamonds, 4Diamonds, 7Clubs, JClubs, 5Clubs, JHearts, 4Hearts, QSpades, 4Spades, 3Spades.
P3 HAND: ADiamonds, 7Diamonds, QDiamonds, 3Diamonds, 2Diamonds, 7Hearts, KHearts, 6Hearts, ASpades, 7Spades.
P3 2Diamonds P0 6Diamonds P1 5Diamonds P2 JDiamonds 
P2 4Diamonds P3 3Diamonds P0 KDiamonds P1 2Clubs 
P0 AClubs P1 3Clubs P2 7Clubs P3 7Spades 
P3 6Hearts P0 5Hearts P1 AHearts P2 4Hearts 
P1 2Hearts P2 JHearts P3 7Hearts P0 JSpades 
P0 QClubs P1 4Clubs P2 5Clubs P3 QDiamonds 
P0 6Clubs P1 KClubs P2 JClubs P3 ADiamonds 
P1 3Hearts P2 3Spades P3 KHearts P0 2Spades 
P2 4Spades P3 ASpades P0 5Spades P1 KSpades 
P3 7Diamonds P0 6Spades P1 QHearts P2 QSpades 
-- /GAME --
P0 HAND: 7Diamonds, 4Diamonds, 3Diamonds, AClubs, JClubs, 4Clubs, 3Clubs, QHearts, 5Spades, 3Spades.
P1 HAND: ADiamonds, KDiamonds, 6Diamonds, 2Diamonds, QClubs, 6Clubs, 7Hearts, KHearts, 6Hearts, 7Spades.
P2 HAND: JDiamonds, 7Clubs, KClubs, JHearts, 4Hearts, ASpades, JSpades, QSpades, 6Spades, 4Spades.
P3 HAND: QDiamonds, 5Diamonds, 5Clubs, 2Clubs, AHearts, 5Hearts, 3Hearts, 2Hearts, KSpades, 2Spades.
P2 4Hearts P3 AHearts P0 QHearts P1 7Hearts 
P3 2Hearts P0 3Spades P1 KHearts P2 JHearts 
P1 ADiamonds P2 JDiamonds P3 QDiamonds P0 3Diamonds 
P1 2Diamonds P2 4Spades P3 5Diamonds P0 7Diamonds 
P0 4Diamonds P1 6Diamonds P2 6Spades P3 KSpades 
P1 6Hearts P2 QSpades P3 3Hearts P0 5Spades 
P1 6Clubs P2 KClubs P3 2Clubs P0 3Clubs 
P2 JSpades P3 2Spades P0 JClubs P1 7Spades 
P0 AClubs P1 QClubs P2 7Clubs P3 5Clubs 
P0 4Clubs P1 KDiamonds P2 ASpades P3 5Hearts 
-- /GAME --
P0 HAND: ADiamonds, JDiamonds, 2Diamonds, 6Clubs, AHearts, QHearts, 6Hearts, 5Hearts, ASpades, 2Spades.
P1 HAND: 6Diamonds, AClubs, KClubs, QClubs, 5Clubs, 2Clubs, 3Hearts, 7Spades, 6Spades, 5Spades.
P2 HAND: QDiamonds, 5Diamonds, 4Diamonds, 3Diamonds, 4Clubs, JHearts, 4Hearts, KSpades, QSpades, 4Spades.
P3 HAND: 7Diamonds, KDiamonds, 7Clubs, JClubs, 3Clubs, 7Hearts, KHearts, 2Hearts, JSpades, 3Spades.
P1 2Clubs P2 4Clubs P3 3Clubs P0 6Clubs 
P0 AHearts P1 3Hearts P2 JHearts P3 2Hearts 
P0 ADiamonds P1 6Diamonds P2 QDiamonds P3 KDiamonds 
P0 JDiamonds P1 5Clubs P2 3Diamonds P3 7Diamonds 
P3 JClubs P0 2Spades P1 QClubs P2 5Diamonds 
P0 QHearts P1 5Spades P2 4Hearts P3 7Hearts 
P1 6Spades P2 4Spades P3 3Spades P0 ASpades 
P0 5Hearts P1 7Spades P2 4Diamonds P3 KHearts 
P1 KClubs P2 QSpades P3 7Clubs P0 2Diamonds 
P2 KSpades P3 JSpades P0 6Hearts P1 AClubs 
-- /GAME --
P0 HAND: 7Diamonds, QDiamonds, 3Diamonds, 2Diamonds, AClubs, JClubs, AHearts, JHearts, 4Hearts, ASpades.
P1 HAND: ADiamonds, KDiamonds, 6Diamonds, KClubs, 7Hearts, QHearts, 7Spades, 5Spades, 4Spades, 2Spades.
P2 HAND: QClubs, 6Clubs, 4Clubs, 3Clubs, KHearts, 5Hearts, 3Hearts, 2Hearts, KSpades, JSpades.
P3 HAND: JDiamonds, 5Diamonds, 4Diamonds, 7Clubs, 5Clubs, 2Clubs, 6Hearts, QSpades, 6Spades, 3Spades.
P0 ASpades P1 2Spades P2 KSpades P3 3Spades 
P0 AHearts P1 QHearts P2 KHearts P3 6Hearts 
P0 3Diamonds P1 ADiamonds P2 3Clubs P3 4Diamonds 
P2 2Hearts P3 5Diamonds P0 JHearts P1 7Hearts 
P1 4Spades P2 JSpades P3 6Spades P0 7Diamonds 
P2 3Hearts P3 QSpades P0 4Hearts P1 5Spades 
P0 2Diamonds P1 6Diamonds P2 5Hearts P3 JDiamonds 
P3 2Clubs P0 AClubs P1 KClubs P2 4Clubs 
P0 QDiamonds P1 KDiamonds P2 6Clubs P3 7Clubs 
P3 5Clubs P0 JClubs P1 7Spades P2 QClubs 
-- /GAME --
P0 HAND: JDiamonds, 5Diamonds, QClubs, 5Clubs, 4Clubs, QHearts, 6Hearts, 4Hearts, 2Hearts, 7Spades.
P1 HAND: 3Diamonds, 2Diamonds, 6Clubs, 3Clubs, 7Hearts, JHearts, 5Hearts, KSpades, JSpades, 2Spades.
P2 HAND: ADiamonds, KDiamonds, 6Diamonds, 2Clubs, AHearts, KHearts, ASpades, 6Spades, 5Spades, 4Spades.
P3 HAND: 7Diamonds, QDiamonds, 4Diamonds, AClubs, 7Clubs, KClubs, JClubs, 3Hearts, QSpades, 3Spades.
P3 AClubs P0 4Clubs P1 6Clubs P2 2Clubs 
P3 3Hearts P0 2Hearts P1 5Hearts P2 AHearts 
P2 ADiamonds P3 4Diamonds P0 JDiamonds P1 2Diamonds 
P2 6Diamonds P3 QDiamonds P0 5Diamonds P1 3Diamonds 
P3 JClubs P0 5Clubs P1 3Clubs P2 4Spades 
P2 5Spades P3 3Spades P0 7Spades P1 2Spades 
P0 QClubs P1 JSpades P2 ASpades P3 KClubs 
P2 6Spades P3 QSpades P0 4Hearts P1 KSpades 
P1 JHearts P2 KHearts P3 7Diamonds P0 QHearts 
P2 KDiamonds P3 7Clubs P0 6Hearts P1 7Hearts 
-- /GAME --

