-- GAME --
P0 HAND: AClubs, 5Clubs, AHearts, QHearts, 6Hearts, 5Hearts, 3Hearts, 2Hearts, JSpades, 6Spades.
P1 HAND: ADiamonds, 7Diamonds, KDiamonds, JDiamonds, 6Diamonds, 3Diamonds, 2Diamonds, KClubs, 7Hearts, ASpades.
P2 HAND: 5Diamonds, 7Clubs, 6Clubs, 3Clubs, 2Clubs, JHearts, 4Hearts, 7Spades, QSpades, 4Spades.
P3 HAND: QDiamonds, 4Diamonds, JClubs, QClubs, 4Clubs, KHearts, KSpades, 5Spades, 3Spades, 2Spades.
P3 2Spades P0 JSpades P1 ASpades P2 4Spades 
P1 2Diamonds P2 5Diamonds P3 4Diamonds P0 6Spades 
P2 4Hearts P3 KHearts P0 AHearts P1 7Hearts 
P0 QHearts P1 3Diamonds P2 JHearts P3 4Clubs 
P3 3Spades P0 5Clubs P1 6Diamonds P2 7Spades 
P0 6Hearts P1 KClubs P2 QSpades P3 KSpades 
P1 JDiamonds P2 2Clubs P3 QDiamonds P0 5Hearts 
P2 3Clubs P3 QClubs P0 AClubs P1 KDiamonds 
P0 3Hearts P1 7Diamonds P2 6Clubs P3 JClubs 
P3 5Spades P0 2Hearts P1 ADiamonds P2 7Clubs 
-- /GAME --
P0 HAND: JDiamonds, 6Diamonds, 5Diamonds, 2Diamonds, JClubs, QClubs, 6Clubs, 7Hearts, 5Hearts, 3Hearts.
P1 HAND: ADiamonds, 7Clubs, KHearts, JHearts, 6Hearts, ASpades, 7Spades, 6Spades, 5Spades, 3Spades.
P2 HAND: 7Diamonds, QDiamonds, AClubs, 2Clubs, AHearts, QHearts, 4Hearts, JSpades, 4Spades, 2Spades.
P3 HAND: KDiamonds, 4Diamonds, 3Diamonds, KClubs, 5Clubs, 4Clubs, 3Clubs, 2Hearts, KSpades, QSpades.
P2 AClubs P3 3Clubs P0 JClubs P1 7Clubs 
P2 AHearts P3 2Hearts P0 7Hearts P1 6Hearts 
P2 2Clubs P3 4Clubs P0 QClubs P1 3Spades 
P0 6Clubs P1 5Spades P2 2Spades P3 KClubs 
P3 5Clubs P0 5Hearts P1 6Spades P2 4Hearts 
P3 QSpades P0 3Hearts P1 ASpades P2 4Spades 
P1 JHearts P2 QHearts P3 3Diamonds P0 JDiamonds 
P0 2Diamonds P1 ADiamonds P2 QDiamonds P3 4Diamonds 
P1 KHearts P2 7Diamonds P3 KSpades P0 5Diamonds 
P2 JSpades P3 KDiamonds P0 6Diamonds P1 7Spades 
-- /GAME --
P0 HAND: ADiamonds, KDiamonds, 3Diamonds, KClubs, 5Clubs, 3Clubs, 2Clubs, QHearts, 5Hearts, JSpades.
P1 HAND: 5Diamonds, 2Diamonds, 7Clubs, 6Clubs, 4Clubs, AHearts, JHearts, 3Hearts, 2Hearts, KSpades.
P2 HAND: 7Diamonds, 4Diamonds, AClubs, JClubs, KHearts, 6Hearts, 4Hearts, 7Spades, 6Spades, 4Spades.
P3 HAND: JDiamonds, QDiamonds, 6Diamonds, QClubs, 7Hearts, ASpades, QSpades, 5Spades, 3Spades, 2Spades.
P1 AHearts P2 4Hearts P3 7Hearts P0 5Hearts 
P1 2Diamonds P2 4Diamonds P3 6Diamonds P0 ADiamonds 
P0 2Clubs P1 4Clubs P2 AClubs P3 QClubs 
P2 6Hearts P3 QDiamonds P0 QHearts P1 JHearts 
P1 2Hearts P2 KHearts P3 2Spades P0 JSpades 
P0 KDiamonds P1 5Diamonds P2 7Diamonds P3 JDiamonds 
P2 JClubs P3 3Spades P0 3Clubs P1 7Clubs 
P3 5Spades P0 3Diamonds P1 KSpades P2 4Spades 
P1 3Hearts P2 6Spades P3 QSpades P0 5Clubs 
P3 ASpades P0 KClubs P1 6Clubs P2 7Spades 
-- /GAME --
P0 HAND: KDiamonds, JDiamonds, 6Diamonds, 5Diamonds, 4Diamonds, 2Diamonds, KClubs, 5Clubs, KSpades, QSpades.
P1 HAND: ADiamonds, QDiamonds, 3Diamonds, 6Clubs, 2Clubs, JHearts, QHearts, 6Spades, 4Spades, 2Spades.
P2 HAND: 7Diamonds, 7Clubs, JClubs, QClubs, 7Hearts, 4Hearts, 3Hearts, 2Hearts, ASpades, 5Spades.
P3 HAND: AClubs, 4Clubs, 3Clubs, AHearts, KHearts, 6Hearts, 5Hearts, 7Spades, JSpades, 3Spades.
P0 2Diamonds P1 ADiamonds P2 7Diamonds P3 AClubs 
P1 2Clubs P2 7Clubs P3 3Clubs P0 KClubs 
P2 2Hearts P3 AHearts P0 KSpades P1 QHearts 
P0 KDiamonds P1 3Diamonds P2 3Hearts P3 4Clubs 
P0 JDiamonds P1 QDiamonds P2 5Spades P3 JSpades 
P3 5Hearts P0 5Clubs P1 JHearts P2 7Hearts 
P2 4Hearts P3 6Hearts P0 QSpades P1 6Clubs 
P0 6Diamonds P1 2Spades P2 QClubs P3 KHearts 
P1 4Spades P2 ASpades P3 3Spades P0 5Diamonds 
P2 JClubs P3 7Spades P0 4Diamonds P1 6Spades 
-- /GAME --
P0 HAND: JDiamonds, 2Diamonds, 7Clubs, 5Clubs, KHearts, 5Hearts, 4Hearts, JSpades, QSpades, 3Spades.
P1 HAND: QDiamonds, 3Diamonds, AClubs, JClubs, QClubs, 4Clubs, 6Hearts, KSpades, 6Spades, 5Spades.
P2 HAND: ADiamonds, KDiamonds, KClubs, 6Clubs, 3Clubs, 2Clubs, AHearts, 7Hearts, JHearts, 3Hearts.
P3 HAND: 7Diamonds, 6Diamonds, 5Diamonds, 4Diamonds, QHearts, 2Hearts, ASpades, 7Spades, 4Spades, 2Spades.
P3 ASpades P0 3Spades P1 KSpades P2 3Hearts 
P2 ADiamonds P3 4Diamonds P0 JDiamonds P1 3Diamonds 
P2 2Clubs P3 2Spades P0 5Clubs P1 AClubs 
P1 4Clubs P2 3Clubs P3 4Spades P0 7Clubs 
P0 JSpades P1 5Spades P2 6Clubs P3 7Spades 
P3 5Diamonds P0 2Diamonds P1 QDiamonds P2 KDiamonds 
P2 JHearts P3 2Hearts P0 4Hearts P1 6Hearts 
P2 7Hearts P3 QHearts P0 5Hearts P1 6Spades 
P2 AHearts P3 6Diamonds P0 KHearts P1 QClubs 
P2 KClubs P3 7Diamonds P0 QSpades P1 JClubs 
-- /GAME --
P0 HAND: QDiamonds, 2Diamonds, JClubs, 5Clubs, JHearts, 6Hearts, 3Hearts, 7Spades, JSpades, 4Spades.
P1 HAND: ADiamonds, 7Diamonds, 6Diamonds, 5Diamonds, AClubs, 7Clubs, 7Hearts, 4Hearts, KSpades, 5Spades.
P2 HAND: KDiamonds, 4Diamonds, KClubs, 4Clubs, 3Clubs, AHearts, KHearts, 5Hearts, 2Hearts, 3Spades.
P3 HAND: JDiamonds, 3Diamonds, QClubs, 6Clubs, 2Clubs, QHearts, ASpades, QSpades, 6Spades, 2Spades.
P1 ADiamonds P2 4Diamonds P3 JDiamonds P0 2Diamonds 
P1 4Hearts P2 AHearts P3 QHearts P0 JHearts 
P2 2Hearts P3 2Spades P0 3Hearts P1 7Hearts 
P1 5Diamonds P2 KDiamonds P3 3Diamonds P0 QDiamonds 
P2 3Spades P3 ASpades P0 4Spades P1 KSpades 
P3 6Spades P0 7Spades P1 5Spades P2 KHearts 
P0 JSpades P1 6Diamonds P2 5Hearts P3 QSpades 
P0 6Hearts P1 7Clubs P2 3Clubs P3 2Clubs 
P1 AClubs P2 4Clubs P3 6Clubs P0 5Clubs 
P1 7Diamonds P2 KClubs P3 QClubs P0 JClubs 
-- /GAME --
P0 HAND: ADiamonds, 7Diamonds, KDiamonds, JDiamonds, QDiamonds, AHearts, KSpades, QSpades, 5Spades, 3Spades.
P1 HAND: 6Diamonds, 5Diamonds, 7Clubs, QClubs, 5Hearts, 4Hearts, 3Hearts, 7Spades, 6Spades, 4Spades.
P2 HAND: 3Diamonds, 2Diamonds, AClubs, KClubs, 6Clubs, 5Clubs, 2Clubs, 6Hearts, 2Hearts, ASpades.
P3 HAND: 4Diamonds, JClubs, 4Clubs, 3Clubs, 7Hearts, KHearts, JHearts, QHearts, JSpades, 2Spades.
P0 ADiamonds P1 5Diamonds P2 3Diamonds P3 4Diamonds 
P0 AHearts P1 3Hearts P2 6Hearts P3 QHearts 
P0 KDiamonds P1 6Diamonds P2 2Diamonds P3 2Spades 
P0 JDiamonds P1 4Hearts P2 2Hearts P3 3Clubs 
P3 JHearts P0 3Spades P1 5Hearts P2 2Clubs 
P2 ASpades P3 JSpades P0 KSpades P1 4Spades 
P2 5Clubs P3 4Clubs P0 5Spades P1 QClubs 
P1 6Spades P2 6Clubs P3 JClubs P0 QSpades 
P3 KHearts P0 7Diamonds P1 7Clubs P2 AClubs 
P2 KClubs P3 7Hearts P0 QDiamonds P1 7Spades 
-- /GAME --
P0 HAND: ADiamonds, QDiamonds, 5Diamonds, JClubs, QClubs, 5Clubs, QHearts, 7Spades, KSpades, QSpades.
P1 HAND: 7Diamonds, 6Diamonds, 2Diamonds, AClubs, 3Clubs, 2Clubs, AHearts, KHearts, 2Hearts, ASpades.
P2 HAND: KDiamonds, 4Diamonds, 3Diamonds, 6Clubs, 7Hearts, JHearts, 5Hearts, 3Hearts, 4Spades, 2Spades.
P3 HAND: JDiamonds, 7Clubs, KClubs, 4Clubs, 6Hearts, 4Hearts, JSpades, 6Spades, 5Spades, 3Spades.
P3 3Spades P0 QSpades P1 ASpades P2 2Spades 
P1 AHearts P2 3Hearts P3 6Hearts P0 QHearts 
P1 2Diamonds P2 3Diamonds P3 JDiamonds P0 ADiamonds 
P0 QDiamonds P1 6Diamonds P2 4Diamonds P3 4Hearts 
P0 7Spades P1 2Clubs P2 4Spades P3 JSpades 
P1 2Hearts P2 5Hearts P3 5Spades P0 KSpades 
P2 JHearts P3 6Spades P0 5Diamonds P1 KHearts 
P1 3Clubs P2 6Clubs P3 4Clubs P0 JClubs 
P0 5Clubs P1 AClubs P2 KDiamonds P3 KClubs 
P1 7Diamonds P2 7Hearts P3 7Clubs P0 QClubs 
-- /GAME --
P0 HAND: 2Diamonds, KClubs, 5Clubs, JHearts, 5Hearts, 2Hearts, ASpades, 7Spades, 3Spades, 2Spades.
P1 HAND: ADiamonds, 7Diamonds, 3Diamonds, 4Clubs, 2Clubs, 7Hearts, 3Hearts, KSpades, JSpades, 5Spades.
P2 HAND: JDiamonds, AClubs, 7Clubs, JClubs, 6Clubs, 3Clubs, AHearts, QHearts, 6Hearts, 4Spades.
P3 HAND: KDiamonds, QDiamonds, 6Diamonds, 5Diamonds, 4Diamonds, QClubs, KHearts, 4Hearts, QSpades, 6Spades.
P2 3Clubs P3 QClubs P0 5Clubs P1 4Clubs 
P3 4Diamonds P0 2Diamonds P1 ADiamonds P2 JDiamonds 
P1 2Clubs P2 6Clubs P3 4Hearts P0 KClubs 
P0 2Hearts P1 3Hearts P2 AHearts P3 KHearts 
P2 6Hearts P3 5Diamonds P0 5Hearts P1 7Hearts 
P1 3Diamonds P2 QHearts P3 6Diamonds P0 JHearts 
P3 QDiamonds P0 2Spades P1 7Diamonds P2 AClubs 
P0 ASpades P1 5Spades P2 4Spades P3 6Spades 
P0 7Spades P1 JSpades P2 7Clubs P3 QSpades 
P0 3Spades P1 KSpades P2 JClubs P3 KDiamonds 
-- /GAME --
P0 HAND: ADiamonds, JDiamonds, 5Diamonds, KClubs, QClubs, 2Clubs, AHearts, 6Hearts, JSpades, 6Spades.
P1 HAND: QDiamonds, 6Diamonds, 4Diamonds, JClubs, KHearts, QHearts, 2Hearts, 7Spades, 5Spades, 4Spades.
P2 HAND: 2Diamonds, 7Clubs, 6Clubs, 5Clubs, 5Hearts, 3Hearts, ASpades, KSpades, QSpades, 3Spades.
P3 HAND: 7Diamonds, KDiamonds, 3Diamonds, AClubs, 4Clubs, 3Clubs, 7Hearts, JHearts, 4Hearts, 2Spades.
P1 4Diamonds P2 2Diamonds P3 3Diamonds P0 ADiamonds 
P0 6Spades P1 4Spades P2 ASpades P3 2Spades 
P2 3Spades P3 3Clubs P0 JSpades P1 7Spades 
P1 5Spades P2 QSpades P3 4Clubs P0 JDiamonds 
P2 5Clubs P3 AClubs P0 2Clubs P1 JClubs 
P3 4Hearts P0 6Hearts P1 2Hearts P2 3Hearts 
P0 5Diamonds P1 6Diamonds P2 6Clubs P3 7Diamonds 
P3 JHearts P0 AHearts P1 QHearts P2 5Hearts 
P0 KClubs P1 QDiamonds P2 7Clubs P3 7Hearts 
P3 KDiamonds P0 QClubs P1 KHearts P2 KSpades 
-- /GAME --
P0 HAND: 7Diamonds, QDiamonds, 5Diamonds, 7Clubs, 6Clubs, KHearts, 6Hearts, 4Hearts, ASpades, QSpades.
P1 HAND: JDiamonds, 2Diamonds, 5Clubs, 4Clubs, 3Clubs, 2Clubs, AHearts, 7Hearts, QHearts, 4Spades.
P2 HAND: ADiamonds, KDiamonds, 6Diamonds, QClubs, JHearts, 5Hearts, 3Hearts, 7Spades, KSpades, JSpades.
P3 HAND: 4Diamonds, 3Diamonds, AClubs, KClubs, JClubs, 2Hearts, 6Spades, 5Spades, 3Spades, 2Spades.
P0 5Diamonds P1 2Diamonds P2 ADiamonds P3 3Diamonds 
P2 3Hearts P3 2Hearts P0 4Hearts P1 AHearts 
P1 2Clubs P2 QClubs P3 AClubs P0 6Clubs 
P3 4Diamonds P0 7Diamonds P1 JDiamonds P2 KDiamonds 
P0 7Clubs P1 3Clubs P2 JHearts P3 JClubs 
P0 KHearts P1 QHearts P2 5Hearts P3 2Spades 
P3 3Spades P0 QSpades P1 4Spades P2 JSpades 
P2 6Diamonds P3 5Spades P0 QDiamonds P1 7Hearts 
P3 6Spades P0 ASpades P1 4Clubs P2 KSpades 
P0 6Hearts P1 5Clubs P2 7Spades P3 KClubs 
-- /GAME --

