-- GAME --
P0 HAND: ADiamonds, 7Diamonds, KDiamonds, 2Diamonds, KClubs, 2Clubs, AHearts, 7Hearts, QHearts, 7Spades.
P1 HAND: 6Diamonds, AClubs, 6Clubs, 5Clubs, 4Clubs, 3Clubs, 5Hearts, 2Hearts, 4Spades, 3Spades.
P2 HAND: QDiamonds, 5Diamonds, 3Diamonds, 7Clubs, JClubs, QClubs, 4Hearts, ASpades, 6Spades, 5Spades.
P3 HAND: JDiamonds, 4Diamonds, KHearts, JHearts, 6Hearts, 3Hearts, KSpades, JSpades, QSpades, 2Spades.
P2 ASpades P3 2Spades P0 7Spades P1 3Spades 
P2 3Diamonds P3 4Diamonds P0 ADiamonds P1 6Diamonds 
P0 AHearts P1 2Hearts P2 4Hearts P3 3Hearts 
P0 7Hearts P1 5Hearts P2 QDiamonds P3 6Hearts 
P0 QHearts P1 4Spades P2 5Diamonds P3 KHearts 
P3 QSpades P0 KClubs P1 AClubs P2 5Spades 
P1 3Clubs P2 QClubs P3 JDiamonds P0 2Clubs 
P2 6Spades P3 JSpades P0 2Diamonds P1 4Clubs 
P1 5Clubs P2 JClubs P3 JHearts P0 7Diamonds 
P2 7Clubs P3 KSpades P0 KDiamonds P1 6Clubs 
-- /GAME --
P0 HAND: 7Diamonds, 5Diamonds, QClubs, 5Clubs, 3Clubs, KHearts, 6Hearts, 3Hearts, QSpades, 3Spades.
P1 HAND: ADiamonds, JDiamonds, 6Diamonds, 4Diamonds, KClubs, 2Clubs, QHearts, 4Hearts, 5Spades, 4Spades.
P2 HAND: KDiamonds, QDiamonds, 3Diamonds, AClubs, 4Clubs, AHearts, 7Hearts, JHearts, ASpades, 6Spades.
P3 HAND: 2Diamonds, 7Clubs, JClubs, 6Clubs, 5Hearts, 2Hearts, 7Spades, KSpades, JSpades, 2Spades.
P1 ADiamonds P2 3Diamonds P3 2Diamonds P0 5Diamonds 
P1 2Clubs P2 AClubs P3 6Clubs P0 5Clubs 
P2 ASpades P3 2Spades P0 3Spades P1 4Spades 
P2 4Clubs P3 JClubs P0 QClubs P1 KClubs 
P1 4Diamonds P2 QDiamonds P3 2Hearts P0 7Diamonds 
P3 JSpades P0 QSpades P1 5Spades P2 6Spades 
P3 5Hearts P0 6Hearts P1 4Hearts P2 JHearts 
P2 7Hearts P3 KSpades P0 KHearts P1 QHearts 
P2 AHearts P3 7Clubs P0 3Hearts P1 6Diamonds 
P2 KDiamonds P3 7Spades P0 3Clubs P1 JDiamonds 
-- /GAME --
P0 HAND: ADiamonds, 2Diamonds, 7Clubs, KClubs, JClubs, QHearts, QSpades, 6Spades, 4Spades, 3Spades.
P1 HAND: 7Diamonds, KDiamonds, 4Diamonds, 3Diamonds, 2Clubs, 7Hearts, 4Hearts, ASpades, 7Spades, KSpades.
P2 HAND: QDiamonds, 6Diamonds, 5Diamonds, 5Clubs, AHearts, JHearts, 6Hearts, 3Hearts, 2Hearts, 2Spades.
P3 HAND: JDiamonds, AClubs, QClubs, 6Clubs, 4Clubs, 3Clubs, KHearts, 5Hearts, JSpades, 5Spades.
P0 2Diamonds P1 3Diamonds P2 5Diamonds P3 JDiamonds 
P3 5Hearts P0 QHearts P1 4Hearts P2 AHearts 
P2 2Hearts P3 KHearts P0 ADiamonds P1 7Hearts 
P1 ASpades P2 2Spades P3 JSpades P0 4Spades 
P1 4Diamonds P2 6Diamonds P3 5Spades P0 6Spades 
P2 3Hearts P3 3Clubs P0 3Spades P1 7Diamonds 
P3 4Clubs P0 JClubs P1 2Clubs P2 5Clubs 
P0 QSpades P1 KSpades P2 6Hearts P3 6Clubs 
P3 QClubs P0 KClubs P1 KDiamonds P2 JHearts 
P0 7Clubs P1 7Spades P2 QDiamonds P3 AClubs 
-- /GAME --
P0 HAND: QDiamonds, 3Diamonds, 2Diamonds, 7Clubs, KClubs, 5Clubs, 4Clubs, 7Hearts, 4Hearts, QSpades.
P1 HAND: 7Diamonds, JDiamonds, 6Diamonds, AClubs, QClubs, AHearts, 6Hearts, 2Hearts, 5Spades, 3Spades.
P2 HAND: 5Diamonds, 4Diamonds, JClubs, 3Clubs, 2Clubs, KHearts, 5Hearts, JSpades, 4Spades, 2Spades.
P3 HAND: ADiamonds, KDiamonds, 6Clubs, JHearts, QHearts, 3Hearts, ASpades, 7Spades, KSpades, 6Spades.
P3 ADiamonds P0 2Diamonds P1 7Diamonds P2 4Diamonds 
P3 ASpades P0 QSpades P1 5Spades P2 2Spades 
P3 3Hearts P0 7Hearts P1 AHearts P2 5Hearts 
P1 2Hearts P2 KHearts P3 QHearts P0 4Hearts 
P2 4Spades P3 6Spades P0 4Clubs P1 3Spades 
P0 KClubs P1 QClubs P2 2Clubs P3 6Clubs 
P0 5Clubs P1 AClubs P2 3Clubs P3 7Spades 
P1 6Diamonds P2 5Diamonds P3 KDiamonds P0 3Diamonds 
P3 JHearts P0 QDiamonds P1 6Hearts P2 JClubs 
P2 JSpades P3 KSpades P0 7Clubs P1 JDiamonds 
-- /GAME --

