-- GAME --
P0 HAND: 7Clubs, QClubs, 7Hearts, QHearts, 6Hearts, ASpades, 6Spades, 4Spades, 3Spades, 2Spades.
P1 HAND: ADiamonds, KDiamonds, AClubs, JClubs, KHearts, 5Hearts, 4Hearts, 7Spades, KSpades, JSpades.
P2 HAND: JDiamonds, QDiamonds, 6Diamonds, 4Diamonds, 3Diamonds, KClubs, 5Clubs, 3Clubs, 2Clubs, QSpades.
P3 HAND: 7Diamonds, 5Diamonds, 2Diamonds, 6Clubs, 4Clubs, AHearts, JHearts, 3Hearts, 2Hearts, 5Spades.
P2 2Clubs P3 4Clubs P0 QClubs P1 AClubs 
P1 ADiamonds P2 3Diamonds P3 7Diamonds P0 2Spades 
P0 7Clubs P1 JClubs P2 3Clubs P3 6Clubs 
P0 3Spades P1 JSpades P2 QSpades P3 5Spades 
P1 4Hearts P2 4Diamonds P3 AHearts P0 6Hearts 
P3 2Diamonds P0 7Hearts P1 KDiamonds P2 6Diamonds 
P1 5Hearts P2 5Clubs P3 2Hearts P0 QHearts 
P0 ASpades P1 KSpades P2 KClubs P3 3Hearts 
P0 4Spades P1 7Spades P2 QDiamonds P3 JHearts 
P1 KHearts P2 JDiamonds P3 5Diamonds P0 6Spades 
-- /GAME --
P0 HAND: ADiamonds, 7Clubs, KHearts, 4Hearts, 3Hearts, KSpades, JSpades, 5Spades, 3Spades, 2Spades.
P1 HAND: 7Diamonds, QDiamonds, 6Diamonds, 4Diamonds, 6Clubs, 2Clubs, QHearts, 5Hearts, 6Spades, 4Spades.
P2 HAND: JDiamonds, 3Diamonds, AClubs, KClubs, JClubs, 3Clubs, 7Hearts, JHearts, ASpades, 7Spades.
P3 HAND: KDiamonds, 5Diamonds, 2Diamonds, QClubs, 5Clubs, 4Clubs, AHearts, 6Hearts, 2Hearts, QSpades.
P1 2Clubs P2 AClubs P3 4Clubs P0 7Clubs 
P2 ASpades P3 QSpades P0 KSpades P1 4Spades 
P2 3Diamonds P3 2Diamonds P0 ADiamonds P1 4Diamonds 
P0 JSpades P1 6Spades P2 7Spades P3 2Hearts 
P3 5Diamonds P0 KHearts P1 6Diamonds P2 JDiamonds 
P0 5Spades P1 6Clubs P2 3Clubs P3 5Clubs 
P0 3Spades P1 QDiamonds P2 JHearts P3 AHearts 
P3 QClubs P0 2Spades P1 5Hearts P2 JClubs 
P1 QHearts P2 7Hearts P3 6Hearts P0 3Hearts 
P2 KClubs P3 KDiamonds P0 4Hearts P1 7Diamonds 
-- /GAME --
P0 HAND: 3Diamonds, 2Clubs, KHearts, 6Hearts, 3Hearts, ASpades, 7Spades, KSpades, 6Spades, 4Spades.
P1 HAND: 6Diamonds, 5Diamonds, 4Diamonds, AClubs, 6Clubs, 5Clubs, JHearts, QHearts, JSpades, QSpades.
P2 HAND: ADiamonds, JDiamonds, QDiamonds, 7Clubs, JClubs, 4Clubs, 3Clubs, AHearts, 7Hearts, 3Spades.
P3 HAND: 7Diamonds, KDiamonds, 2Diamonds, KClubs, QClubs, 5Hearts, 4Hearts, 2Hearts, 5Spades, 2Spades.
P0 ASpades P1 QSpades P2 3Spades P3 2Spades 
P0 7Spades P1 JSpades P2 ADiamonds P3 5Spades 
P0 KSpades P1 4Diamonds P2 AHearts P3 QClubs 
P3 2Diamonds P0 3Diamonds P1 5Diamonds P2 JDiamonds 
P2 7Hearts P3 2Hearts P0 KHearts P1 QHearts 
P2 QDiamonds P3 KDiamonds P0 2Clubs P1 6Diamonds 
P0 6Spades P1 5Clubs P2 3Clubs P3 7Diamonds 
P1 JHearts P2 4Clubs P3 4Hearts P0 6Hearts 
P2 JClubs P3 KClubs P0 4Spades P1 6Clubs 
P3 5Hearts P0 3Hearts P1 AClubs P2 7Clubs 
-- /GAME --
P0 HAND: 5Diamonds, 3Diamonds, 2Clubs, AHearts, QHearts, 5Hearts, 4Hearts, 2Hearts, JSpades, 6Spades.
P1 HAND: ADiamonds, KDiamonds, 4Diamonds, AClubs, QClubs, 6Clubs, 4Clubs, 7Hearts, 3Hearts, 2Spades.
P2 HAND: 7Diamonds, JDiamonds, QDiamonds, 7Clubs, JClubs, 5Clubs, ASpades, 5Spades, 4Spades, 3Spades.
P3 HAND: 6Diamonds, 2Diamonds, KClubs, 3Clubs, KHearts, JHearts, 6Hearts, 7Spades, KSpades, QSpades.
P3 3Clubs 
