-- GAME --
P0 HAND: 7Diamonds, JDiamonds, 3Diamonds, AClubs, 4Clubs, AHearts, JHearts, QHearts, 7Spades, KSpades.
P1 HAND: QDiamonds, 4Diamonds, 2Diamonds, 7Clubs, 5Clubs, 3Clubs, KHearts, 5Hearts, 6Spades, 5Spades.
P2 HAND: KDiamonds, 6Diamonds, JClubs, 6Clubs, 4Hearts, 3Hearts, 2Hearts, JSpades, QSpades, 3Spades.
P3 HAND: ADiamonds, 5Diamonds, KClubs, QClubs, 2Clubs, 7Hearts, 6Hearts, ASpades, 4Spades, 2Spades.
P2 2Hearts P3 6Hearts P0 QHearts P1 KHearts 
P1 2Diamonds P2 6Diamonds P3 ADiamonds P0 3Diamonds 
P3 ASpades P0 KSpades P1 6Spades P2 3Spades 
P3 2Spades P0 7Spades P1 5Spades P2 JSpades 
P0 AClubs P1 3Clubs P2 6Clubs P3 2Clubs 
P0 4Clubs P1 5Clubs P2 JClubs P3 QClubs 
P2 3Hearts P3 7Hearts P0 AHearts P1 5Hearts 
P0 7Diamonds P1 4Diamonds P2 KDiamonds P3 5Diamonds 
P0 JHearts P1 QDiamonds P2 4Hearts P3 KClubs 
P3 4Spades P0 JDiamonds P1 7Clubs P2 QSpades 
-- /GAME --
P0 HAND: JDiamonds, 4Diamonds, 6Clubs, AHearts, JHearts, 3Hearts, 2Hearts, KSpades, 5Spades, 2Spades.
P1 HAND: 7Diamonds, 5Diamonds, AClubs, KClubs, QClubs, 3Clubs, 2Clubs, KHearts, 4Hearts, 4Spades.
P2 HAND: KDiamonds, QDiamonds, 6Diamonds, 3Diamonds, 2Diamonds, JClubs, 7Hearts, 7Spades, JSpades, QSpades.
P3 HAND: ADiamonds, 7Clubs, 5Clubs, 4Clubs, QHearts, 6Hearts, 5Hearts, ASpades, 6Spades, 3Spades.
P1 2Clubs P2 JClubs P3 4Clubs P0 6Clubs 
P2 2Diamonds P3 ADiamonds P0 4Diamonds P1 7Diamonds 
P3 5Clubs P0 JDiamonds P1 3Clubs P2 3Diamonds 
P3 5Hearts P0 AHearts P1 4Hearts P2 7Hearts 
P0 2Hearts P1 KHearts P2 6Diamonds P3 QHearts 
P1 5Diamonds P2 QDiamonds P3 6Hearts P0 JHearts 
P2 QSpades P3 3Spades P0 KSpades P1 4Spades 
P0 2Spades P1 QClubs P2 JSpades P3 ASpades 
P3 6Spades P0 5Spades P1 KClubs P2 7Spades 
P2 KDiamonds P3 7Clubs P0 3Hearts P1 AClubs 
-- /GAME --
P0 HAND: 6Diamonds, 5Diamonds, 4Diamonds, AClubs, 6Clubs, AHearts, 7Hearts, 5Hearts, 3Hearts, 2Hearts.
P1 HAND: KDiamonds, JDiamonds, 2Diamonds, 5Clubs, KHearts, JHearts, QSpades, 5Spades, 4Spades, 2Spades.
P2 HAND: QDiamonds, 3Diamonds, 7Clubs, JClubs, QClubs, 4Clubs, QHearts, KSpades, JSpades, 3Spades.
P3 HAND: ADiamonds, 7Diamonds, KClubs, 3Clubs, 2Clubs, 6Hearts, 4Hearts, ASpades, 7Spades, 6Spades.
P0 AHearts P1 JHearts P2 QHearts P3 4Hearts 
P0 4Diamonds P1 2Diamonds P2 3Diamonds P3 ADiamonds 
P3 2Clubs P0 6Clubs P1 5Clubs P2 7Clubs 
P2 4Clubs P3 3Clubs P0 AClubs P1 2Spades 
P1 JDiamonds P2 QDiamonds P3 7Diamonds P0 5Diamonds 
P3 6Hearts P0 7Hearts P1 KHearts P2 JClubs 
P0 6Diamonds P1 KDiamonds P2 QClubs P3 KClubs 
P1 4Spades P2 3Spades P3 6Spades P0 2Hearts 
P3 7Spades P0 3Hearts P1 5Spades P2 JSpades 
P3 ASpades P0 5Hearts P1 QSpades P2 KSpades 
-- /GAME --
P0 HAND: 3Diamonds, 2Diamonds, 7Clubs, JClubs, 6Hearts, 5Hearts, 3Hearts, QSpades, 5Spades, 2Spades.
P1 HAND: 7Diamonds, KDiamonds, JDiamonds, 5Diamonds, 6Clubs, 4Clubs, 7Hearts, KHearts, QHearts, JSpades.
P2 HAND: QDiamonds, 4Diamonds, AClubs, 5Clubs, 3Clubs, 2Clubs, AHearts, 2Hearts, 4Spades, 3Spades.
P3 HAND: ADiamonds, 6Diamonds, KClubs, QClubs, JHearts, 4Hearts, ASpades, 7Spades, KSpades, 6Spades.
P3 ADiamonds P0 2Diamonds P1 7Diamonds P2 4Diamonds 
P3 ASpades P0 2Spades P1 JSpades P2 3Spades 
P3 4Hearts P0 5Hearts P1 QHearts P2 AHearts 
P2 2Hearts P3 JHearts P0 6Hearts P1 7Hearts 
P1 5Diamonds P2 QDiamonds P3 6Diamonds P0 3Diamonds 
P2 4Spades P3 6Spades P0 QSpades P1 4Clubs 
P1 JDiamonds P2 2Clubs P3 QClubs P0 7Clubs 
P0 3Hearts P1 KHearts P2 3Clubs P3 KClubs 
P3 KSpades P0 5Spades P1 6Clubs P2 5Clubs 
P1 KDiamonds P2 AClubs P3 7Spades P0 JClubs 
-- /GAME --

