-- GAME --
P2 2Diamonds P3 ADiamonds P0 KDiamonds P1 QDiamonds 
P3 2Clubs P0 4Clubs P1 AClubs P2 2Hearts 
P2 3Diamonds P3 4Diamonds P0 7Diamonds P1 5Diamonds 
P0 5Clubs P1 3Clubs P2 4Spades P3 KClubs 
P3 2Spades P0 5Spades P1 6Spades P2 JSpades 
P2 QSpades P3 3Spades P0 ASpades P1 7Spades 
P0 QClubs P1 JClubs P2 5Hearts P3 6Clubs 
P2 QHearts P3 6Diamonds P0 3Hearts P1 6Hearts 
P2 JHearts P3 JDiamonds P0 4Hearts P1 7Hearts 
P1 7Clubs P2 AHearts P3 KSpades P0 KHearts 
-- /GAME --
P0 HAND: 5Clubs, 4Clubs, 7Hearts, QHearts, 4Hearts, 3Hearts, JSpades, QSpades, 6Spades, 5Spades.
P1 HAND: ADiamonds, 7Diamonds, JDiamonds, 5Diamonds, AClubs, JClubs, QClubs, 6Clubs, 2Hearts, 7Spades.
P2 HAND: 4Diamonds, 2Diamonds, 7Clubs, KClubs, 3Clubs, 2Clubs, JHearts, ASpades, 4Spades, 3Spades.
P3 HAND: KDiamonds, QDiamonds, 6Diamonds, 3Diamonds, AHearts, KHearts, 6Hearts, 5Hearts, KSpades, 2Spades.
P1 ADiamonds P2 2Diamonds P3 KDiamonds P0 JSpades 
P0 4Clubs P1 AClubs P2 2Clubs P3 AHearts 
P1 2Hearts P2 JHearts P3 5Hearts P0 7Hearts 
P0 5Clubs P1 6Clubs P2 3Clubs P3 KHearts 
P1 5Diamonds P2 4Diamonds P3 3Diamonds P0 3Hearts 
P1 QClubs P2 KClubs P3 2Spades P0 QSpades 
P0 4Hearts P1 7Spades P2 ASpades P3 6Hearts 
P2 3Spades P3 KSpades P0 5Spades P1 7Diamonds 
P3 6Diamonds P0 QHearts P1 JDiamonds P2 4Spades 
P2 7Clubs P3 QDiamonds P0 6Spades P1 JClubs 
-- /GAME --
P0 HAND: 7Diamonds, JDiamonds, 5Diamonds, KClubs, 5Hearts, 3Hearts, 2Hearts, QSpades, 4Spades, 3Spades.
P1 HAND: 6Diamonds, 2Diamonds, 7Clubs, JClubs, 5Clubs, QHearts, ASpades, 7Spades, JSpades, 2Spades.
P2 HAND: ADiamonds, KDiamonds, QDiamonds, 4Diamonds, 3Diamonds, 2Clubs, AHearts, KHearts, KSpades, 5Spades.
P3 HAND: AClubs, QClubs, 6Clubs, 4Clubs, 3Clubs, 7Hearts, JHearts, 6Hearts, 4Hearts, 6Spades.
P0 KClubs P1 5Clubs P2 2Clubs P3 AClubs 
P3 3Clubs P0 2Hearts P1 7Clubs P2 5Spades 
P2 3Diamonds P3 4Clubs P0 5Diamonds P1 6Diamonds 
P1 2Diamonds P2 4Diamonds P3 4Hearts P0 7Diamonds 
P0 3Spades P1 2Spades P2 KSpades P3 6Spades 
P2 QDiamonds P3 6Clubs P0 JDiamonds P1 JSpades 
P1 QHearts P2 AHearts P3 6Hearts P0 3Hearts 
P2 KDiamonds P3 QClubs P0 5Hearts P1 7Spades 
P1 JClubs P2 KHearts P3 JHearts P0 QSpades 
P0 4Spades P1 ASpades P2 ADiamonds P3 7Hearts 
-- /GAME --
P0 HAND: ADiamonds, KDiamonds, JDiamonds, 6Diamonds, 3Diamonds, KClubs, 4Clubs, 3Clubs, KHearts, ASpades.
P1 HAND: 7Clubs, 2Clubs, AHearts, 7Hearts, 7Spades, KSpades, JSpades, 6Spades, 4Spades, 2Spades.
P2 HAND: QDiamonds, 5Diamonds, 4Diamonds, 2Diamonds, JClubs, QClubs, 5Clubs, JHearts, QHearts, 5Spades.
P3 HAND: 7Diamonds, AClubs, 6Clubs, 6Hearts, 5Hearts, 4Hearts, 3Hearts, 2Hearts, QSpades, 3Spades.

