-- GAME --
P0 HAND: ADiamonds, 7Clubs, 6Clubs, 2Clubs, AHearts, QHearts, 5Hearts, 7Spades, KSpades, QSpades.
P1 HAND: 4Diamonds, 3Diamonds, QClubs, JHearts, 6Hearts, 2Hearts, JSpades, 6Spades, 3Spades, 2Spades.
P2 HAND: 7Diamonds, JDiamonds, QDiamonds, 5Diamonds, KClubs, JClubs, 5Clubs, 3Clubs, 7Hearts, 5Spades.
P3 HAND: KDiamonds, 6Diamonds, 2Diamonds, AClubs, 4Clubs, KHearts, 4Hearts, 3Hearts, ASpades, 4Spades.
P0 ADiamonds P1 3Diamonds P2 7Diamonds P3 2Diamonds 
P0 2Clubs P1 QClubs P2 3Clubs P3 AClubs 
P3 ASpades P0 QSpades P1 JSpades P2 5Spades 
P3 4Clubs P0 7Clubs P1 2Hearts P2 5Clubs 
P1 2Spades P2 5Diamonds P3 4Spades P0 7Spades 
P0 KSpades P1 3Spades P2 QDiamonds P3 3Hearts 
P3 6Diamonds P0 6Clubs P1 4Diamonds P2 JDiamonds 
P2 JClubs P3 4Hearts P0 5Hearts P1 6Spades 
P0 QHearts P1 6Hearts P2 7Hearts P3 KHearts 
P2 KClubs P3 KDiamonds P0 AHearts P1 JHearts 
-- /GAME --
P0 HAND: JDiamonds, 4Diamonds, KClubs, 6Clubs, 4Clubs, QHearts, 6Hearts, ASpades, QSpades, 5Spades.
P1 HAND: ADiamonds, QDiamonds, 6Diamonds, AClubs, 7Clubs, JClubs, 2Clubs, 4Hearts, 3Hearts, JSpades.
P2 HAND: QClubs, 5Clubs, 7Hearts, JHearts, 5Hearts, 2Hearts, 7Spades, KSpades, 3Spades, 2Spades.
P3 HAND: 7Diamonds, KDiamonds, 5Diamonds, 3Diamonds, 2Diamonds, 3Clubs, AHearts, KHearts, 6Spades, 4Spades.
P3 AHearts P0 6Hearts P1 4Hearts P2 2Hearts 
P3 2Diamonds P0 4Diamonds P1 ADiamonds P2 5Clubs 
P2 2Spades P3 4Spades P0 ASpades P1 JSpades 
P0 JDiamonds P1 6Diamonds P2 3Spades P3 7Diamonds 
P3 3Diamonds P0 QHearts P1 QDiamonds P2 5Hearts 
P1 3Hearts P2 JHearts P3 KHearts P0 KClubs 
P0 5Spades P1 2Clubs P2 KSpades P3 6Spades 
P1 JClubs P2 QClubs P3 3Clubs P0 4Clubs 
P1 7Clubs P2 7Hearts P3 5Diamonds P0 6Clubs 
P1 AClubs P2 7Spades P3 KDiamonds P0 QSpades 
-- /GAME --
P0 HAND: 7Diamonds, KDiamonds, 6Clubs, 7Hearts, 5Hearts, 4Hearts, KSpades, QSpades, 6Spades, 3Spades.
P1 HAND: QDiamonds, 5Diamonds, AClubs, 3Clubs, 2Clubs, JHearts, QHearts, 6Hearts, 7Spades, 2Spades.
P2 HAND: JDiamonds, 4Diamonds, 2Diamonds, 7Clubs, KClubs, JClubs, AHearts, KHearts, 2Hearts, 5Spades.
P3 HAND: ADiamonds, 6Diamonds, 3Diamonds, QClubs, 5Clubs, 4Clubs, 3Hearts, ASpades, JSpades, 4Spades.
P2 2Diamonds P3 ADiamonds P0 KDiamonds P1 QDiamonds 
P3 ASpades P0 3Spades P1 7Spades P2 5Spades 
P3 3Diamonds P0 7Diamonds P1 5Diamonds P2 JDiamonds 
P0 6Clubs P1 AClubs P2 JClubs P3 QClubs 
P1 2Clubs P2 KClubs P3 4Clubs P0 KSpades 
P2 4Diamonds P3 6Diamonds P0 4Hearts P1 2Spades 
P0 6Spades P1 3Clubs P2 2Hearts P3 4Spades 
P2 KHearts P3 3Hearts P0 5Hearts P1 6Hearts 
P2 AHearts P3 5Clubs P0 7Hearts P1 QHearts 
P2 7Clubs P3 JSpades P0 QSpades P1 JHearts 
-- /GAME --
P0 HAND: JDiamonds, 5Diamonds, 4Diamonds, 7Clubs, 6Clubs, 4Clubs, KHearts, JHearts, 7Spades, 5Spades.
P1 HAND: QDiamonds, 6Diamonds, 3Diamonds, QClubs, 5Clubs, 5Hearts, 4Hearts, 3Hearts, ASpades, 4Spades.
P2 HAND: ADiamonds, 2Diamonds, AClubs, KClubs, 2Clubs, AHearts, 6Hearts, JSpades, QSpades, 2Spades.
P3 HAND: 7Diamonds, KDiamonds, JClubs, 3Clubs, 7Hearts, QHearts, 2Hearts, KSpades, 6Spades, 3Spades.
P1 ASpades P2 2Spades P3 KSpades P0 5Spades 
P1 3Hearts P2 AHearts P3 2Hearts P0 KHearts 
P2 AClubs P3 3Clubs P0 7Clubs P1 5Clubs 
P2 2Clubs P3 JClubs P0 4Clubs P1 QClubs 
P3 3Spades P0 7Spades P1 4Spades P2 JSpades 
P0 6Clubs P1 4Hearts P2 KClubs P3 6Spades 
P2 6Hearts P3 QHearts P0 JHearts P1 5Hearts 
P0 4Diamonds P1 3Diamonds P2 2Diamonds P3 KDiamonds 
P3 7Diamonds P0 5Diamonds P1 6Diamonds P2 ADiamonds 
P2 QSpades P3 7Hearts P0 JDiamonds P1 QDiamonds 
-- /GAME --
P0 HAND: 7Diamonds, JDiamonds, QDiamonds, 2Diamonds, 6Clubs, 5Hearts, 2Hearts, 7Spades, 5Spades, 4Spades.
P1 HAND: KDiamonds, 6Diamonds, 4Diamonds, QClubs, 2Clubs, AHearts, 4Hearts, 3Hearts, ASpades, QSpades.
P2 HAND: ADiamonds, 5Diamonds, 3Diamonds, KClubs, 5Clubs, 4Clubs, QHearts, 6Hearts, KSpades, 2Spades.
P3 HAND: AClubs, 7Clubs, JClubs, 3Clubs, 7Hearts, KHearts, JHearts, JSpades, 6Spades, 3Spades.
P0 6Clubs P1 2Clubs P2 4Clubs P3 AClubs 
P3 3Clubs P0 4Spades P1 QClubs P2 KClubs 
P2 ADiamonds P3 JHearts P0 2Diamonds P1 KDiamonds 
P3 3Spades P0 7Spades P1 ASpades P2 2Spades 
P1 4Diamonds P2 3Diamonds P3 6Spades P0 7Diamonds 
P0 5Spades P1 QSpades P2 KSpades P3 JSpades 
P2 5Diamonds P3 KHearts P0 QDiamonds P1 6Diamonds 
P3 JClubs P0 JDiamonds P1 3Hearts P2 5Clubs 
P1 4Hearts P2 6Hearts P3 7Hearts P0 2Hearts 
P3 7Clubs P0 5Hearts P1 AHearts P2 QHearts 
-- /GAME --
P0 HAND: ADiamonds, KDiamonds, QClubs, 3Clubs, 2Clubs, 6Hearts, 3Hearts, 6Spades, 5Spades, 2Spades.
P1 HAND: JDiamonds, 5Diamonds, 2Diamonds, 6Clubs, AHearts, 5Hearts, ASpades, 7Spades, KSpades, QSpades.
P2 HAND: 7Diamonds, 6Diamonds, 4Diamonds, 7Clubs, KClubs, JClubs, 5Clubs, JHearts, QHearts, 3Spades.
P3 HAND: QDiamonds, 3Diamonds, AClubs, 4Clubs, 7Hearts, KHearts, 4Hearts, 2Hearts, JSpades, 4Spades.
P2 4Diamonds P3 3Diamonds P0 ADiamonds P1 2Diamonds 
P0 3Hearts P1 AHearts P2 QHearts P3 7Hearts 
P1 5Diamonds P2 6Diamonds P3 QDiamonds P0 KDiamonds 
P0 6Hearts P1 5Hearts P2 JHearts P3 KHearts 
P3 AClubs P0 2Clubs P1 6Clubs P2 5Clubs 
P3 2Hearts P0 3Clubs P1 QSpades P2 3Spades 
P1 JDiamonds P2 7Diamonds P3 4Spades P0 5Spades 
P0 2Spades P1 KSpades P2 JClubs P3 JSpades 
P1 7Spades P2 KClubs P3 4Clubs P0 6Spades 
P1 ASpades P2 7Clubs P3 4Hearts P0 QClubs 
-- /GAME --
P0 HAND: JDiamonds, 4Diamonds, AClubs, 7Clubs, 6Clubs, 4Clubs, QHearts, 2Hearts, JSpades, 3Spades.
P1 HAND: ADiamonds, QDiamonds, 3Diamonds, 3Clubs, 2Clubs, 3Hearts, KSpades, 6Spades, 5Spades, 2Spades.
P2 HAND: 7Diamonds, 6Diamonds, 2Diamonds, JClubs, 5Clubs, KHearts, 5Hearts, 4Hearts, ASpades, 4Spades.
P3 HAND: KDiamonds, 5Diamonds, KClubs, QClubs, AHearts, 7Hearts, JHearts, 6Hearts, 7Spades, QSpades.
P1 ADiamonds P2 2Diamonds P3 KDiamonds P0 4Diamonds 
P1 2Clubs P2 5Clubs P3 QClubs P0 AClubs 
P0 JDiamonds P1 3Diamonds P2 7Diamonds P3 5Diamonds 
P2 4Hearts P3 AHearts P0 2Hearts P1 3Hearts 
P3 6Hearts P0 QHearts P1 3Clubs P2 KHearts 
P2 5Hearts P3 JHearts P0 3Spades P1 QDiamonds 
P0 4Clubs P1 2Spades P2 JClubs P3 KClubs 
P1 5Spades P2 4Spades P3 QSpades P0 JSpades 
P0 6Clubs P1 6Spades P2 6Diamonds P3 7Hearts 
P1 KSpades P2 ASpades P3 7Spades P0 7Clubs 
-- /GAME --
P0 HAND: ADiamonds, QDiamonds, 4Diamonds, 3Diamonds, 6Clubs, KHearts, 4Hearts, 7Spades, 6Spades, 5Spades.
P1 HAND: 2Diamonds, KClubs, JClubs, 7Hearts, JHearts, 6Hearts, 5Hearts, 2Hearts, JSpades, 3Spades.
P2 HAND: KDiamonds, 5Diamonds, 7Clubs, QClubs, 5Clubs, 4Clubs, AHearts, ASpades, KSpades, QSpades.
P3 HAND: 7Diamonds, JDiamonds, 6Diamonds, AClubs, 3Clubs, 2Clubs, QHearts, 3Hearts, 4Spades, 2Spades.
P0 ADiamonds P1 2Diamonds P2 KDiamonds P3 6Diamonds 
P0 6Clubs P1 JClubs P2 4Clubs P3 AClubs 
P3 2Clubs P0 3Diamonds P1 KClubs P2 7Clubs 
P2 ASpades P3 2Spades P0 7Spades P1 3Spades 
P2 5Diamonds P3 JDiamonds P0 4Diamonds P1 JSpades 
P3 3Clubs P0 5Spades P1 2Hearts P2 5Clubs 
P1 5Hearts P2 AHearts P3 3Hearts P0 4Hearts 
P2 QClubs P3 4Spades P0 6Spades P1 6Hearts 
P1 JHearts P2 QSpades P3 QHearts P0 KHearts 
P0 QDiamonds P1 7Hearts P2 KSpades P3 7Diamonds 
-- /GAME --

