-- GAME --
P0 HAND: ADiamonds, JDiamonds, QDiamonds, 2Diamonds, JClubs, KHearts, 7Spades, JSpades, 4Spades, 2Spades.
P1 HAND: 4Diamonds, 3Diamonds, 7Clubs, AHearts, 7Hearts, QHearts, 6Hearts, 4Hearts, KSpades, 3Spades.
P2 HAND: 7Diamonds, AClubs, KClubs, QClubs, 5Clubs, 3Clubs, 2Clubs, 3Hearts, QSpades, 6Spades.
P3 HAND: KDiamonds, 6Diamonds, 5Diamonds, 6Clubs, 4Clubs, JHearts, 5Hearts, 2Hearts, ASpades, 5Spades.
P1 3Diamonds P2 7Diamonds P3 5Diamonds P0 ADiamonds 
P0 2Diamonds P1 4Diamonds P2 3Hearts P3 KDiamonds 
P3 ASpades P0 2Spades P1 KSpades P2 6Spades 
P3 2Hearts P0 KHearts P1 AHearts P2 2Clubs 
P2 QSpades P3 5Spades P0 JSpades P1 3Spades 
P0 4Spades P1 4Hearts P2 3Clubs P3 5Hearts 
P2 5Clubs P3 4Clubs P0 JClubs P1 7Clubs 
P1 6Hearts P2 QClubs P3 JHearts P0 7Spades 
P2 KClubs P3 6Clubs P0 QDiamonds P1 QHearts 
P2 AClubs P3 6Diamonds P0 JDiamonds P1 7Hearts 
-- /GAME --
P0 HAND: 7Diamonds, QDiamonds, 6Diamonds, AClubs, QClubs, 2Clubs, 5Hearts, 3Hearts, 2Hearts, 7Spades.
P1 HAND: 5Diamonds, 4Diamonds, 3Diamonds, 2Diamonds, 6Clubs, KHearts, 6Hearts, JSpades, 3Spades, 2Spades.
P2 HAND: ADiamonds, JDiamonds, 7Clubs, KClubs, 5Clubs, 4Clubs, 7Hearts, 4Hearts, ASpades, 6Spades.
P3 HAND: KDiamonds, JClubs, 3Clubs, AHearts, JHearts, QHearts, KSpades, QSpades, 5Spades, 4Spades.
P0 AClubs P1 6Clubs P2 7Clubs P3 3Clubs 

