-- GAME --
P0 HAND: KDiamonds, 7Clubs, 5Clubs, 3Clubs, QHearts, 5Hearts, 3Hearts, QSpades, 6Spades, 3Spades.
P1 HAND: ADiamonds, JDiamonds, QDiamonds, 4Diamonds, 2Diamonds, 6Clubs, JHearts, JSpades, 5Spades, 4Spades.
P2 HAND: 7Diamonds, 3Diamonds, KClubs, JClubs, 7Hearts, KHearts, 6Hearts, 4Hearts, 2Hearts, ASpades.
P3 HAND: 6Diamonds, 5Diamonds, AClubs, QClubs, 4Clubs, 2Clubs, AHearts, 7Spades, KSpades, 2Spades.
P2 2Hearts P3 AHearts P0 3Hearts P1 JHearts 
P3 AClubs P0 3Clubs P1 6Clubs P2 JClubs 
P3 2Clubs P0 5Clubs P1 2Diamonds P2 KClubs 
P2 3Diamonds P3 5Diamonds P0 KDiamonds P1 ADiamonds 
P1 4Diamonds P2 7Diamonds P3 6Diamonds P0 7Clubs 
P2 4Hearts P3 4Clubs P0 QHearts P1 QDiamonds 
P0 5Hearts P1 4Spades P2 6Hearts P3 QClubs 
P1 JDiamonds P2 ASpades P3 2Spades P0 3Spades 
P2 KHearts P3 KSpades P0 6Spades P1 5Spades 
P3 7Spades P0 QSpades P1 JSpades P2 7Hearts 
-- /GAME --
P0 HAND: 7Diamonds, 6Diamonds, 5Diamonds, 4Diamonds, 2Diamonds, QClubs, 4Clubs, AHearts, KHearts, 3Hearts.
P1 HAND: JDiamonds, 3Diamonds, JClubs, 5Clubs, 2Clubs, 7Hearts, JHearts, KSpades, JSpades, QSpades.
P2 HAND: KDiamonds, AClubs, KClubs, 3Clubs, 6Hearts, 4Hearts, ASpades, 7Spades, 6Spades, 5Spades.
P3 HAND: ADiamonds, QDiamonds, 7Clubs, 6Clubs, QHearts, 5Hearts, 2Hearts, 4Spades, 3Spades, 2Spades.
P1 2Clubs P2 AClubs P3 6Clubs P0 QClubs 
P2 ASpades P3 2Spades P0 4Clubs P1 QSpades 
P2 3Clubs P3 7Clubs P0 2Diamonds P1 5Clubs 
P0 4Diamonds P1 3Diamonds P2 KDiamonds P3 QDiamonds 
P2 4Hearts P3 2Hearts P0 AHearts P1 JHearts 
P0 5Diamonds P1 JDiamonds P2 5Spades P3 ADiamonds 
P3 3Spades P0 6Diamonds P1 JSpades P2 7Spades 
P0 3Hearts P1 7Hearts P2 6Hearts P3 QHearts 
P1 JClubs P2 KClubs P3 4Spades P0 7Diamonds 
P0 KHearts P1 KSpades P2 6Spades P3 5Hearts 
-- /GAME --
P0 HAND: ADiamonds, KDiamonds, 6Diamonds, 5Diamonds, 2Diamonds, KClubs, JClubs, 6Hearts, 4Hearts, 7Spades.
P1 HAND: 7Diamonds, QClubs, 6Clubs, 5Clubs, JHearts, QHearts, 5Hearts, KSpades, 4Spades, 2Spades.
P2 HAND: 4Clubs, 2Clubs, AHearts, 7Hearts, 3Hearts, 2Hearts, ASpades, JSpades, 5Spades, 3Spades.
P3 HAND: JDiamonds, QDiamonds, 4Diamonds, 3Diamonds, AClubs, 7Clubs, 3Clubs, KHearts, QSpades, 6Spades.
P0 ADiamonds P1 7Diamonds P2 AHearts P3 3Diamonds 
P0 KDiamonds P1 2Spades P2 ASpades P3 4Diamonds 
P0 7Spades P1 4Spades P2 JSpades P3 6Spades 
P0 6Diamonds P1 5Hearts P2 2Hearts P3 JDiamonds 
P3 QDiamonds P0 5Diamonds P1 QHearts P2 3Hearts 
P3 QSpades P0 KClubs P1 KSpades P2 5Spades 
P0 2Diamonds P1 5Clubs P2 3Spades P3 KHearts 
P1 JHearts P2 7Hearts P3 3Clubs P0 4Hearts 
P3 7Clubs P0 JClubs P1 6Clubs P2 2Clubs 
P3 AClubs P0 6Hearts P1 QClubs P2 4Clubs 
-- /GAME --
P0 HAND: 4Diamonds, QClubs, 5Clubs, KHearts, 4Hearts, 2Hearts, ASpades, 4Spades, 3Spades, 2Spades.
P1 HAND: ADiamonds, KDiamonds, QDiamonds, 7Clubs, 3Clubs, 7Hearts, 5Hearts, 3Hearts, 7Spades, JSpades.
P2 HAND: 7Diamonds, JDiamonds, 2Diamonds, AClubs, JClubs, 4Clubs, 2Clubs, JHearts, 6Hearts, 6Spades.
P3 HAND: 6Diamonds, 5Diamonds, 3Diamonds, KClubs, 6Clubs, AHearts, QHearts, KSpades, QSpades, 5Spades.
P3 AHearts P0 2Hearts P1 7Hearts P2 6Hearts 
P3 3Diamonds P0 4Diamonds P1 ADiamonds P2 2Diamonds 
P1 3Hearts P2 JHearts P3 QHearts P0 KHearts 
P0 ASpades P1 JSpades P2 6Spades P3 5Spades 
P0 4Hearts P1 5Hearts P2 2Clubs P3 5Diamonds 
P2 JDiamonds P3 6Diamonds P0 QClubs P1 QDiamonds 
P0 2Spades P1 7Spades P2 4Clubs P3 QSpades 
P2 JClubs P3 6Clubs P0 5Clubs P1 3Clubs 
P2 AClubs P3 KClubs P0 3Spades P1 7Clubs 
P2 7Diamonds P3 KSpades P0 4Spades P1 KDiamonds 
-- /GAME --
P0 HAND: QDiamonds, 5Diamonds, 4Diamonds, 7Clubs, JClubs, 7Hearts, ASpades, KSpades, 5Spades, 4Spades.
P1 HAND: ADiamonds, AClubs, QClubs, 4Clubs, 3Clubs, 5Hearts, 4Hearts, 2Hearts, 6Spades, 2Spades.
P2 HAND: 7Diamonds, KDiamonds, JDiamonds, 3Diamonds, 2Diamonds, 5Clubs, KHearts, JHearts, QHearts, 3Hearts.
P3 HAND: 6Diamonds, KClubs, 6Clubs, 2Clubs, AHearts, 6Hearts, 7Spades, JSpades, QSpades, 3Spades.
P2 2Diamonds P3 6Diamonds P0 4Diamonds P1 ADiamonds 
P1 2Hearts P2 3Hearts P3 AHearts P0 7Hearts 
P3 3Spades P0 ASpades P1 2Spades P2 7Diamonds 
P0 KSpades P1 6Spades P2 3Diamonds P3 7Spades 
P3 6Hearts P0 7Clubs P1 4Hearts P2 KHearts 
P0 QDiamonds P1 5Hearts P2 JDiamonds P3 2Clubs 
P3 QSpades P0 4Spades P1 3Clubs P2 QHearts 
P1 4Clubs P2 5Clubs P3 6Clubs P0 JClubs 
P0 5Spades P1 QClubs P2 JHearts P3 JSpades 
P1 AClubs P2 KDiamonds P3 KClubs P0 5Diamonds 
-- /GAME --
P0 HAND: 7Diamonds, KDiamonds, 5Diamonds, KClubs, KHearts, 4Hearts, 2Hearts, JSpades, 5Spades, 3Spades.
P1 HAND: QDiamonds, QClubs, 6Clubs, 5Clubs, 3Clubs, 6Hearts, 5Hearts, ASpades, 6Spades, 2Spades.
P2 HAND: 6Diamonds, AClubs, 7Clubs, JClubs, 4Clubs, 7Hearts, JHearts, QHearts, KSpades, 4Spades.
P3 HAND: ADiamonds, JDiamonds, 4Diamonds, 3Diamonds, 2Diamonds, 2Clubs, AHearts, 3Hearts, 7Spades, QSpades.
P1 ASpades P2 4Spades P3 7Spades P0 3Spades 
P1 2Spades P2 KSpades P3 QSpades P0 JSpades 
P2 AClubs P3 2Clubs P0 KClubs P1 3Clubs 
P2 4Clubs P3 2Diamonds P0 2Hearts P1 5Clubs 
P0 5Spades P1 6Spades P2 6Diamonds P3 ADiamonds 
P1 6Clubs P2 JClubs P3 3Diamonds P0 7Diamonds 
P2 QHearts P3 3Hearts P0 KHearts P1 5Hearts 
P0 KDiamonds P1 QDiamonds P2 7Clubs P3 4Diamonds 
P0 5Diamonds P1 QClubs P2 JHearts P3 JDiamonds 
P2 7Hearts P3 AHearts P0 4Hearts P1 6Hearts 
-- /GAME --
P0 HAND: 7Diamonds, KDiamonds, JDiamonds, 3Diamonds, QClubs, 3Clubs, 7Hearts, 4Hearts, 2Hearts, 2Spades.
P1 HAND: ADiamonds, 6Diamonds, 2Diamonds, 7Clubs, KClubs, JClubs, 5Hearts, ASpades, 7Spades, 6Spades.
P2 HAND: QDiamonds, AClubs, 5Clubs, 4Clubs, 2Clubs, AHearts, KHearts, QHearts, 3Hearts, 4Spades.
P3 HAND: 5Diamonds, 4Diamonds, 6Clubs, JHearts, 6Hearts, KSpades, JSpades, QSpades, 5Spades, 3Spades.
P0 2Spades P1 ASpades P2 4Spades P3 KSpades 
P1 ADiamonds P2 QDiamonds P3 5Diamonds P0 3Diamonds 
P1 2Diamonds P2 2Clubs P3 4Diamonds P0 7Diamonds 
P0 KDiamonds P1 6Diamonds P2 4Clubs P3 3Spades 
P0 JDiamonds P1 6Spades P2 5Clubs P3 5Spades 
P0 QClubs P1 JClubs P2 AClubs P3 6Clubs 
P2 3Hearts P3 6Hearts P0 2Hearts P1 5Hearts 
P3 QSpades P0 7Hearts P1 7Spades P2 QHearts 
P0 3Clubs P1 KClubs P2 KHearts P3 JSpades 
P2 AHearts P3 JHearts P0 4Hearts P1 7Clubs 
-- /GAME --
P0 HAND: JDiamonds, QDiamonds, QClubs, 4Clubs, 3Clubs, JHearts, 5Hearts, 4Hearts, QSpades, 2Spades.
P1 HAND: ADiamonds, 5Diamonds, AClubs, 7Clubs, 2Clubs, KHearts, 3Hearts, 7Spades, 6Spades, 5Spades.
P2 HAND: KDiamonds, 2Diamonds, KClubs, 6Clubs, 5Clubs, 7Hearts, 6Hearts, 2Hearts, ASpades, JSpades.
P3 HAND: 7Diamonds, 6Diamonds, 4Diamonds, 3Diamonds, JClubs, AHearts, QHearts, KSpades, 4Spades, 3Spades.
P3 AHearts P0 4Hearts P1 KHearts P2 2Hearts 
P3 3Diamonds P0 QDiamonds P1 ADiamonds P2 2Diamonds 
P1 3Hearts P2 6Hearts P3 QHearts P0 JHearts 
P0 QSpades P1 5Spades P2 ASpades P3 3Spades 
P2 JSpades P3 4Spades P0 2Spades P1 7Spades 
P1 5Diamonds P2 KDiamonds P3 4Diamonds P0 JDiamonds 
P2 5Clubs P3 JClubs P0 3Clubs P1 2Clubs 
P3 6Diamonds P0 QClubs P1 6Spades P2 7Hearts 
P0 5Hearts P1 7Clubs P2 6Clubs P3 7Diamonds 
P1 AClubs P2 KClubs P3 KSpades P0 4Clubs 
-- /GAME --
P0 HAND: 7Diamonds, QDiamonds, 4Diamonds, 3Diamonds, 2Diamonds, 7Clubs, QClubs, 6Clubs, ASpades, 2Spades.
P1 HAND: ADiamonds, KDiamonds, AClubs, 4Clubs, AHearts, 7Spades, JSpades, 6Spades, 5Spades, 4Spades.
P2 HAND: 6Diamonds, 5Diamonds, KClubs, JClubs, 3Clubs, 7Hearts, KHearts, QHearts, 4Hearts, KSpades.
P3 HAND: JDiamonds, 5Clubs, 2Clubs, JHearts, 6Hearts, 5Hearts, 3Hearts, 2Hearts, QSpades, 3Spades.
P2 3Clubs P3 2Clubs P0 6Clubs P1 AClubs 
P1 ADiamonds P2 5Diamonds P3 JDiamonds P0 2Diamonds 
P1 AHearts P2 4Hearts P3 JHearts P0 2Spades 
P0 QDiamonds P1 KDiamonds P2 6Diamonds P3 6Hearts 
P1 4Clubs P2 JClubs P3 5Clubs P0 7Clubs 
P0 QClubs P1 4Spades P2 KClubs P3 5Hearts 
P1 5Spades P2 KSpades P3 3Spades P0 ASpades 
P0 3Diamonds P1 6Spades P2 QHearts P3 3Hearts 
P1 JSpades P2 KHearts P3 QSpades P0 4Diamonds 
P1 7Spades P2 7Hearts P3 2Hearts P0 7Diamonds 
-- /GAME --
P0 HAND: 6Diamonds, 5Diamonds, AClubs, 6Clubs, AHearts, 7Hearts, KHearts, KSpades, QSpades, 6Spades.
P1 HAND: ADiamonds, QDiamonds, 4Diamonds, JClubs, QClubs, 4Clubs, 4Hearts, ASpades, 7Spades, JSpades.
P2 HAND: 3Diamonds, 2Diamonds, KClubs, 3Clubs, QHearts, 5Hearts, 3Hearts, 2Hearts, 5Spades, 4Spades.
P3 HAND: 7Diamonds, KDiamonds, JDiamonds, 7Clubs, 5Clubs, 2Clubs, JHearts, 6Hearts, 3Spades, 2Spades.
P1 ADiamonds P2 2Diamonds P3 7Diamonds P0 5Diamonds 
P1 ASpades P2 4Spades P3 3Spades P0 6Spades 
P1 4Diamonds P2 3Diamonds P3 KDiamonds P0 6Diamonds 
P3 2Spades P0 KSpades P1 7Spades P2 5Spades 
P1 4Hearts P2 2Hearts P3 6Hearts P0 AHearts 
P0 7Hearts P1 4Clubs P2 3Hearts P3 JHearts 
P1 QDiamonds P2 5Hearts P3 JDiamonds P0 6Clubs 
P0 KHearts P1 QClubs P2 QHearts P3 2Clubs 
P1 JSpades P2 3Clubs P3 5Clubs P0 QSpades 
P3 7Clubs P0 AClubs P1 JClubs P2 KClubs 
-- /GAME --
P0 HAND: 7Diamonds, KDiamonds, 3Diamonds, JClubs, 5Clubs, AHearts, 6Hearts, 3Hearts, ASpades, JSpades.
P1 HAND: ADiamonds, AClubs, KClubs, 6Clubs, KHearts, QHearts, KSpades, QSpades, 4Spades, 3Spades.
P2 HAND: JDiamonds, 4Diamonds, 7Clubs, 3Clubs, 2Clubs, JHearts, 5Hearts, 2Hearts, 6Spades, 5Spades.
P3 HAND: QDiamonds, 6Diamonds, 5Diamonds, 2Diamonds, QClubs, 4Clubs, 7Hearts, 4Hearts, 7Spades, 2Spades.
P1 AClubs P2 2Clubs P3 QClubs P0 5Clubs 
P1 3Spades P2 5Spades P3 2Spades P0 JSpades 
P0 ASpades P1 4Spades P2 6Spades P3 7Spades 
P0 AHearts P1 QHearts P2 JHearts P3 4Hearts 
P0 6Hearts P1 KHearts P2 2Hearts P3 7Hearts 
P3 4Clubs P0 JClubs P1 6Clubs P2 7Clubs 
P2 3Clubs P3 2Diamonds P0 3Hearts P1 KClubs 
P3 5Diamonds P0 3Diamonds P1 ADiamonds P2 4Diamonds 
P1 QSpades P2 5Hearts P3 6Diamonds P0 7Diamonds 
P0 KDiamonds P1 KSpades P2 JDiamonds P3 QDiamonds 
-- /GAME --
P0 HAND: KDiamonds, 5Diamonds, 4Diamonds, QClubs, 2Clubs, AHearts, 5Hearts, 4Hearts, 3Hearts, 6Spades.
P1 HAND: 7Diamonds, QDiamonds, 6Diamonds, 2Diamonds, 7Clubs, 5Clubs, 4Clubs, 3Clubs, 4Spades, 2Spades.
P2 HAND: ADiamonds, JDiamonds, 7Hearts, KHearts, QHearts, 2Hearts, ASpades, 7Spades, JSpades, 5Spades.
P3 HAND: 3Diamonds, AClubs, KClubs, JClubs, 6Clubs, JHearts, 6Hearts, KSpades, QSpades, 3Spades.
P0 6Spades P1 2Spades P2 ASpades P3 3Spades 
P2 ADiamonds P3 3Diamonds P0 KDiamonds P1 2Diamonds 
P2 2Hearts P3 6Hearts P0 AHearts P1 3Clubs 
P1 4Spades P2 5Spades P3 QSpades P0 4Diamonds 
P3 JHearts P0 3Hearts P1 6Diamonds P2 7Hearts 
P2 QHearts P3 6Clubs P0 4Hearts P1 7Diamonds 
P3 JClubs P0 2Clubs P1 4Clubs P2 JDiamonds 
P3 KClubs P0 QClubs P1 5Clubs P2 JSpades 
P3 AClubs P0 5Hearts P1 7Clubs P2 KHearts 
P3 KSpades P0 5Diamonds P1 QDiamonds P2 7Spades 
-- /GAME --

