-- GAME --
P0 HAND: ADiamonds, JDiamonds, 7Clubs, 4Clubs, 3Clubs, 2Clubs, 7Hearts, JHearts, QSpades, 5Spades.
P1 HAND: KDiamonds, QDiamonds, KHearts, QHearts, 6Hearts, ASpades, 7Spades, KSpades, 6Spades, 4Spades.
P2 HAND: 6Diamonds, 5Diamonds, 3Diamonds, AClubs, KClubs, 6Clubs, 5Hearts, 4Hearts, JSpades, 3Spades.
P3 HAND: 7Diamonds, 4Diamonds, 2Diamonds, JClubs, QClubs, 5Clubs, AHearts, 3Hearts, 2Hearts, 2Spades.
P1 4Spades P2 3Spades P3 2Spades P0 QSpades 
P0 5Spades P1 6Spades P2 JSpades P3 2Diamonds 
P2 3Diamonds P3 4Diamonds P0 ADiamonds P1 QDiamonds 
P0 JDiamonds P1 KDiamonds P2 5Diamonds P3 7Diamonds 
P3 AHearts P0 JHearts P1 KHearts P2 4Hearts 
P3 2Hearts P0 7Hearts P1 6Hearts P2 5Hearts 
P0 2Clubs P1 QHearts P2 6Clubs P3 5Clubs 
P2 6Diamonds P3 3Hearts P0 7Clubs P1 KSpades 
P0 4Clubs P1 7Spades P2 KClubs P3 QClubs 
P2 AClubs P3 JClubs P0 3Clubs P1 ASpades 
-- /GAME --
P0 HAND: ADiamonds, JDiamonds, 5Diamonds, 7Clubs, KClubs, 2Clubs, 6Hearts, ASpades, KSpades, QSpades.
P1 HAND: 7Diamonds, KDiamonds, 6Diamonds, 2Diamonds, QClubs, 4Clubs, QHearts, 6Spades, 5Spades, 2Spades.
P2 HAND: 4Diamonds, AClubs, 6Clubs, AHearts, KHearts, JHearts, 3Hearts, 7Spades, JSpades, 3Spades.
P3 HAND: QDiamonds, 3Diamonds, JClubs, 5Clubs, 3Clubs, 7Hearts, 5Hearts, 4Hearts, 2Hearts, 4Spades.
P0 ADiamonds P1 2Diamonds P2 4Diamonds P3 3Diamonds 
P0 6Hearts P1 QHearts P2 AHearts P3 2Hearts 
P2 3Hearts P3 4Hearts P0 2Clubs P1 2Spades 
P0 ASpades P1 5Spades P2 7Spades P3 4Spades 
P0 5Diamonds P1 6Diamonds P2 3Spades P3 QDiamonds 
P3 5Hearts P0 JDiamonds P1 6Spades P2 KHearts 
P2 JHearts P3 7Hearts P0 7Clubs P1 KDiamonds 
P0 QSpades P1 4Clubs P2 JSpades P3 3Clubs 
P1 QClubs P2 6Clubs P3 5Clubs P0 KClubs 
P0 KSpades P1 7Diamonds P2 AClubs P3 JClubs 
-- /GAME --
P0 HAND: 6Diamonds, 3Diamonds, 4Clubs, 2Clubs, AHearts, 7Hearts, 3Hearts, ASpades, JSpades, 4Spades.
P1 HAND: ADiamonds, 5Diamonds, 4Diamonds, 6Clubs, JHearts, 5Hearts, 2Hearts, 7Spades, 6Spades, 5Spades.
P2 HAND: KDiamonds, JDiamonds, QDiamonds, AClubs, KClubs, QClubs, 3Clubs, KHearts, QHearts, 6Hearts.
P3 HAND: 7Diamonds, 2Diamonds, 7Clubs, JClubs, 5Clubs, 4Hearts, KSpades, QSpades, 3Spades, 2Spades.
P3 2Spades P0 ASpades P1 5Spades P2 AClubs 
P0 JSpades P1 6Spades P2 3Clubs P3 KSpades 
P3 3Spades P0 4Spades P1 7Spades P2 QDiamonds 
P2 6Hearts P3 4Hearts P0 AHearts P1 2Hearts 
P0 7Hearts P1 5Hearts P2 KHearts P3 2Diamonds 
P3 5Clubs P0 4Clubs P1 6Clubs P2 KClubs 
P2 QClubs P3 JClubs P0 2Clubs P1 JHearts 
P3 QSpades P0 3Diamonds P1 4Diamonds P2 QHearts 
P1 5Diamonds P2 JDiamonds P3 7Diamonds P0 6Diamonds 
P3 7Clubs P0 3Hearts P1 ADiamonds P2 KDiamonds 
-- /GAME --
P0 HAND: 6Diamonds, 5Diamonds, 3Diamonds, 2Diamonds, AHearts, QHearts, 4Hearts, QSpades, 6Spades, 5Spades.
P1 HAND: ADiamonds, 7Diamonds, JDiamonds, KClubs, JClubs, QClubs, 3Clubs, KHearts, 2Hearts, JSpades.
P2 HAND: QDiamonds, AClubs, 5Clubs, 6Hearts, 5Hearts, ASpades, 7Spades, 4Spades, 3Spades, 2Spades.
P3 HAND: KDiamonds, 4Diamonds, 7Clubs, 6Clubs, 4Clubs, 2Clubs, 7Hearts, JHearts, 3Hearts, KSpades.
P2 AClubs P3 2Clubs P0 QSpades P1 3Clubs 
P2 2Spades P3 KSpades P0 5Spades P1 JSpades 
P3 4Diamonds P0 6Diamonds P1 ADiamonds P2 QDiamonds 
P1 QClubs P2 5Clubs P3 4Clubs P0 4Hearts 
P0 6Spades P1 2Hearts P2 3Spades P3 7Clubs 
P1 JDiamonds P2 4Spades P3 KDiamonds P0 2Diamonds 
P3 6Clubs P0 3Diamonds P1 JClubs P2 5Hearts 
P2 6Hearts P3 3Hearts P0 QHearts P1 KHearts 
P1 KClubs P2 7Spades P3 JHearts P0 AHearts 
P0 5Diamonds P1 7Diamonds P2 ASpades P3 7Hearts 
-- /GAME --
P0 HAND: QDiamonds, 4Diamonds, QClubs, 4Clubs, QHearts, 4Hearts, 7Spades, KSpades, QSpades, 6Spades.
P1 HAND: 2Diamonds, 6Clubs, 5Clubs, 2Clubs, 7Hearts, 6Hearts, 2Hearts, ASpades, 5Spades, 2Spades.
P2 HAND: 7Diamonds, KDiamonds, 6Diamonds, 3Diamonds, JClubs, 3Clubs, AHearts, KHearts, 4Spades, 3Spades.
P3 HAND: ADiamonds, JDiamonds, 5Diamonds, AClubs, 7Clubs, KClubs, JHearts, 5Hearts, 3Hearts, JSpades.
P1 ASpades P2 3Spades P3 JSpades P0 6Spades 
P1 2Diamonds P2 3Diamonds P3 ADiamonds P0 4Diamonds 
P3 3Hearts P0 4Hearts P1 2Hearts P2 AHearts 
P2 4Spades P3 5Diamonds P0 7Spades P1 2Spades 
P0 QDiamonds P1 5Spades P2 6Diamonds P3 JDiamonds 
P3 5Hearts P0 QHearts P1 7Hearts P2 KHearts 
P1 6Hearts P2 3Clubs P3 JHearts P0 KSpades 
P2 JClubs P3 KClubs P0 4Clubs P1 2Clubs 
P3 7Clubs P0 QClubs P1 5Clubs P2 KDiamonds 
P3 AClubs P0 QSpades P1 6Clubs P2 7Diamonds 
-- /GAME --

