-- GAME --
P0 HAND: 7Clubs, JClubs, JHearts, QHearts, 6Hearts, 4Hearts, 3Hearts, ASpades, 3Spades, 2Spades.
P1 HAND: QDiamonds, 3Diamonds, 2Diamonds, KClubs, 4Clubs, 2Clubs, 7Spades, JSpades, 5Spades, 4Spades.
P2 HAND: ADiamonds, 7Diamonds, KDiamonds, JDiamonds, 4Diamonds, AClubs, 6Clubs, 3Clubs, AHearts, 6Spades.
P3 HAND: 6Diamonds, 5Diamonds, QClubs, 5Clubs, 7Hearts, KHearts, 5Hearts, 2Hearts, KSpades, QSpades.
P3 2Hearts P0 JHearts P1 2Clubs P2 AHearts 
P2 AClubs P3 5Clubs P0 JClubs P1 4Clubs 
P2 3Clubs P3 QClubs P0 7Clubs P1 KClubs 
P0 ASpades P1 4Spades P2 6Spades P3 QSpades 
P0 2Spades P1 5Spades P2 6Clubs P3 KSpades 
P3 5Hearts P0 QHearts P1 2Diamonds P2 4Diamonds 
P2 JDiamonds P3 5Diamonds P0 3Spades P1 3Diamonds 
P2 KDiamonds P3 6Diamonds P0 3Hearts P1 QDiamonds 
P2 7Diamonds P3 KHearts P0 4Hearts P1 JSpades 
P2 ADiamonds P3 7Hearts P0 6Hearts P1 7Spades 
-- /GAME --
P0 HAND: 7Diamonds, KDiamonds, 6Diamonds, 3Diamonds, 7Clubs, JClubs, 6Clubs, 2Clubs, JHearts, ASpades.
P1 HAND: QDiamonds, 5Diamonds, AClubs, QClubs, 4Clubs, 7Hearts, 2Hearts, JSpades, QSpades, 5Spades.
P2 HAND: ADiamonds, 4Diamonds, 5Clubs, 3Clubs, KHearts, QHearts, 6Hearts, 5Hearts, 4Hearts, 3Hearts.
P3 HAND: JDiamonds, 2Diamonds, KClubs, AHearts, 7Spades, KSpades, 6Spades, 4Spades, 3Spades, 2Spades.
P2 ADiamonds P3 2Diamonds P0 7Diamonds P1 5Diamonds 
P2 3Clubs P3 KClubs P0 2Clubs P1 AClubs 
P1 4Clubs P2 5Clubs P3 2Spades P0 7Clubs 
P0 ASpades P1 5Spades P2 4Diamonds P3 3Spades 
P0 KDiamonds P1 QDiamonds P2 3Hearts P3 JDiamonds 
P2 4Hearts P3 AHearts P0 JHearts P1 2Hearts 
P3 4Spades P0 JClubs P1 QSpades P2 5Hearts 
P2 6Hearts P3 6Spades P0 3Diamonds P1 7Hearts 
P1 QClubs P2 QHearts P3 KSpades P0 6Clubs 
P2 KHearts P3 7Spades P0 6Diamonds P1 JSpades 
-- /GAME --

