-- GAME --
P0 HAND: 6Diamonds, 2Diamonds, AClubs, 2Clubs, AHearts, JHearts, QHearts, 6Hearts, 2Hearts, 5Spades.
P1 HAND: ADiamonds, 7Diamonds, JDiamonds, 5Diamonds, KClubs, 5Hearts, 4Hearts, KSpades, 6Spades, 4Spades.
P2 HAND: KDiamonds, 4Diamonds, 3Diamonds, 7Clubs, 6Clubs, 7Hearts, 3Hearts, 7Spades, QSpades, 2Spades.
P3 HAND: QDiamonds, JClubs, QClubs, 5Clubs, 4Clubs, 3Clubs, KHearts, ASpades, JSpades, 3Spades.
P1 4Hearts P2 3Hearts P3 KHearts P0 AHearts 
P0 2Clubs P1 KClubs P2 6Clubs P3 JClubs 
P1 4Spades P2 2Spades P3 ASpades P0 5Spades 
P3 3Clubs P0 AClubs P1 5Diamonds P2 7Clubs 
P1 5Hearts P2 7Hearts P3 QDiamonds P0 6Hearts 
P3 3Spades P0 JHearts P1 6Spades P2 7Spades 
P2 QSpades P3 JSpades P0 2Hearts P1 KSpades 
P1 JDiamonds P2 3Diamonds P3 4Clubs P0 2Diamonds 
P1 7Diamonds P2 4Diamonds P3 5Clubs P0 6Diamonds 
P1 ADiamonds P2 KDiamonds P3 QClubs P0 QHearts 
-- /GAME --
P0 HAND: 3Diamonds, 7Clubs, 6Clubs, 5Clubs, AHearts, KHearts, 6Hearts, 5Hearts, QSpades, 3Spades.
P1 HAND: 7Diamonds, JClubs, QClubs, 4Clubs, 2Clubs, 7Hearts, ASpades, JSpades, 6Spades, 2Spades.
P2 HAND: ADiamonds, QDiamonds, 6Diamonds, AClubs, KClubs, JHearts, 4Hearts, 3Hearts, 5Spades, 4Spades.
P3 HAND: KDiamonds, JDiamonds, 5Diamonds, 4Diamonds, 2Diamonds, 3Clubs, QHearts, 2Hearts, 7Spades, KSpades.
P0 AHearts P1 7Hearts P2 JHearts P3 2Hearts 
P0 KHearts P1 2Spades P2 4Hearts P3 QHearts 
P0 3Spades P1 ASpades P2 4Spades P3 7Spades 
P1 6Spades P2 5Spades P3 KSpades P0 QSpades 
P3 2Diamonds P0 3Diamonds P1 7Diamonds P2 ADiamonds 
P2 3Hearts P3 4Diamonds P0 6Hearts P1 2Clubs 
P1 JSpades P2 6Diamonds P3 5Diamonds P0 7Clubs 
P0 5Hearts P1 4Clubs P2 QDiamonds P3 KDiamonds 
P1 QClubs P2 KClubs P3 3Clubs P0 5Clubs 
P2 AClubs P3 JDiamonds P0 6Clubs P1 JClubs 
-- /GAME --
P0 HAND: 2Diamonds, JClubs, 7Hearts, QHearts, 4Hearts, 2Hearts, 7Spades, QSpades, 5Spades, 2Spades.
P1 HAND: ADiamonds, KDiamonds, JDiamonds, QClubs, 6Clubs, 4Clubs, 3Clubs, KHearts, 6Hearts, KSpades.
P2 HAND: 7Diamonds, QDiamonds, 6Diamonds, 5Diamonds, 4Diamonds, KClubs, 2Clubs, 3Hearts, JSpades, 4Spades.
P3 HAND: 3Diamonds, AClubs, 7Clubs, 5Clubs, AHearts, JHearts, 5Hearts, ASpades, 6Spades, 3Spades.
P3 AHearts P0 2Hearts P1 KHearts P2 3Hearts 
P3 ASpades P0 2Spades P1 KSpades P2 4Spades 
P3 3Diamonds P0 2Diamonds P1 ADiamonds P2 4Diamonds 
P1 6Hearts P2 5Diamonds P3 5Hearts P0 7Hearts 
P0 4Hearts P1 3Clubs P2 6Diamonds P3 JHearts 
P1 JDiamonds P2 QDiamonds P3 5Clubs P0 5Spades 
P3 3Spades P0 7Spades P1 4Clubs P2 JSpades 
P1 6Clubs P2 2Clubs P3 7Clubs P0 JClubs 
P3 6Spades P0 QSpades P1 QClubs P2 KClubs 
P2 7Diamonds P3 AClubs P0 QHearts P1 KDiamonds 
-- /GAME --
P0 HAND: ADiamonds, 4Diamonds, AClubs, KClubs, QClubs, 5Clubs, 4Clubs, 3Clubs, 7Hearts, ASpades.
P1 HAND: 7Diamonds, 6Diamonds, 3Diamonds, JClubs, AHearts, 6Hearts, 5Hearts, QSpades, 6Spades, 3Spades.
P2 HAND: QDiamonds, 5Diamonds, 6Clubs, 2Clubs, JHearts, 4Hearts, 2Hearts, KSpades, JSpades, 4Spades.
P3 HAND: KDiamonds, JDiamonds, 2Diamonds, 7Clubs, KHearts, QHearts, 3Hearts, 7Spades, 5Spades, 2Spades.
P1 AHearts P2 2Hearts P3 KHearts P0 7Hearts 
P1 3Diamonds P2 5Diamonds P3 2Diamonds P0 4Diamonds 
P2 4Hearts P3 3Hearts P0 3Clubs P1 5Hearts 
P0 4Clubs P1 JClubs P2 2Clubs P3 7Clubs 
P3 2Spades P0 ASpades P1 3Spades P2 KSpades 
P0 ADiamonds P1 6Diamonds P2 QDiamonds P3 JDiamonds 
P0 KClubs P1 6Hearts P2 6Clubs P3 5Spades 
P0 AClubs P1 6Spades P2 4Spades P3 QHearts 
P0 5Clubs P1 QSpades P2 JHearts P3 KDiamonds 
P0 QClubs P1 7Diamonds P2 JSpades P3 7Spades 
-- /GAME --

