-- GAME --
P0 HAND: 7Diamonds, 6Diamonds, 4Diamonds, 3Diamonds, AClubs, KClubs, 6Hearts, QSpades, 5Spades, 4Spades.
P1 HAND: JDiamonds, QDiamonds, 5Diamonds, 7Clubs, QClubs, 4Clubs, 3Clubs, 4Hearts, 2Hearts, KSpades.
P2 HAND: ADiamonds, KDiamonds, 2Diamonds, JClubs, 6Clubs, 7Hearts, JHearts, ASpades, 7Spades, 6Spades.
P3 HAND: 5Clubs, 2Clubs, AHearts, KHearts, QHearts, 5Hearts, 3Hearts, JSpades, 3Spades, 2Spades.
P2 ASpades P3 2Spades P0 QSpades P1 KSpades 
P2 6Clubs P3 2Clubs P0 AClubs P1 3Clubs 
P0 4Spades P1 2Hearts P2 7Spades P3 3Spades 
P2 6Spades P3 JSpades P0 5Spades P1 7Clubs 
P3 3Hearts P0 6Hearts P1 4Hearts P2 7Hearts 
P2 JClubs P3 5Clubs P0 KClubs P1 4Clubs 
P0 3Diamonds P1 5Diamonds P2 2Diamonds P3 AHearts 
P1 QClubs P2 KDiamonds P3 5Hearts P0 7Diamonds 
P0 4Diamonds P1 QDiamonds P2 ADiamonds P3 QHearts 
P2 JHearts P3 KHearts P0 6Diamonds P1 JDiamonds 
-- /GAME --
P0 HAND: 4Diamonds, 3Diamonds, JClubs, 5Clubs, JHearts, 6Hearts, 4Hearts, 7Spades, JSpades, 4Spades.
P1 HAND: ADiamonds, KDiamonds, KClubs, AHearts, 7Hearts, KHearts, 3Hearts, 2Hearts, ASpades, 6Spades.
P2 HAND: 7Diamonds, QDiamonds, 2Diamonds, AClubs, 7Clubs, QClubs, 6Clubs, QHearts, 5Spades, 2Spades.
P3 HAND: JDiamonds, 6Diamonds, 5Diamonds, 4Clubs, 3Clubs, 2Clubs, 5Hearts, KSpades, QSpades, 3Spades.
P1 ADiamonds P2 2Diamonds P3 JDiamonds P0 4Diamonds 
P1 2Hearts P2 QHearts P3 5Hearts P0 JHearts 
P0 3Diamonds P1 KDiamonds P2 7Diamonds P3 5Diamonds 
P2 AClubs P3 2Clubs P0 JClubs P1 KClubs 
P2 6Clubs P3 3Clubs P0 5Clubs P1 3Hearts 
P2 QDiamonds P3 6Diamonds P0 6Hearts P1 6Spades 
P1 ASpades P2 2Spades P3 3Spades P0 4Spades 
P1 KHearts P2 QClubs P3 QSpades P0 4Hearts 
P3 4Clubs P0 JSpades P1 7Hearts P2 7Clubs 
P0 7Spades P1 AHearts P2 5Spades P3 KSpades 
-- /GAME --
P0 HAND: ADiamonds, 5Diamonds, KClubs, JClubs, QClubs, 6Clubs, 3Clubs, QHearts, 2Hearts, 5Spades.
P1 HAND: JDiamonds, QDiamonds, 3Diamonds, 2Diamonds, 5Clubs, 7Hearts, 6Hearts, 4Hearts, ASpades, 3Spades.
P2 HAND: KDiamonds, 4Diamonds, AHearts, KHearts, JHearts, 5Hearts, KSpades, JSpades, 4Spades, 2Spades.
P3 HAND: 7Diamonds, 6Diamonds, AClubs, 7Clubs, 4Clubs, 2Clubs, 3Hearts, 7Spades, QSpades, 6Spades.
P0 5Spades P1 ASpades P2 2Spades P3 7Spades 
P1 3Spades P2 4Spades P3 6Spades P0 3Clubs 
P3 2Clubs P0 6Clubs P1 5Clubs P2 AHearts 
P0 KClubs P1 4Hearts P2 5Hearts P3 AClubs 
P3 3Hearts P0 QHearts P1 7Hearts P2 JHearts 
P1 6Hearts P2 KHearts P3 4Clubs P0 2Hearts 
P2 JSpades P3 QSpades P0 JClubs P1 2Diamonds 
P1 3Diamonds P2 4Diamonds P3 6Diamonds P0 5Diamonds 
P3 7Diamonds P0 ADiamonds P1 QDiamonds P2 KDiamonds 
P0 QClubs P1 JDiamonds P2 KSpades P3 7Clubs 
-- /GAME --
P0 HAND: KDiamonds, JDiamonds, 3Diamonds, 7Clubs, JClubs, QClubs, 6Clubs, 4Clubs, AHearts, QSpades.
P1 HAND: ADiamonds, 7Diamonds, 4Diamonds, 2Diamonds, KClubs, 7Hearts, 3Hearts, ASpades, 7Spades, JSpades.
P2 HAND: 6Diamonds, 5Diamonds, JHearts, QHearts, 6Hearts, 5Hearts, 4Hearts, 5Spades, 4Spades, 2Spades.
P3 HAND: QDiamonds, AClubs, 5Clubs, 3Clubs, 2Clubs, KHearts, 2Hearts, KSpades, 6Spades, 3Spades.
P3 AClubs P0 4Clubs P1 KClubs P2 5Diamonds 
P2 2Spades P3 3Spades P0 QSpades P1 ASpades 
P1 3Hearts P2 4Hearts P3 2Hearts P0 AHearts 
P0 6Clubs P1 2Diamonds P2 4Spades P3 5Clubs 
P1 JSpades P2 5Spades P3 6Spades P0 3Diamonds 
P0 QClubs P1 4Diamonds P2 5Hearts P3 3Clubs 
P1 7Diamonds P2 6Diamonds P3 QDiamonds P0 JDiamonds 
P1 ADiamonds P2 6Hearts P3 2Clubs P0 KDiamonds 
P1 7Hearts P2 QHearts P3 KHearts P0 JClubs 
P1 7Spades P2 JHearts P3 KSpades P0 7Clubs 
-- /GAME --
P0 HAND: 7Diamonds, 6Diamonds, 5Clubs, AHearts, JHearts, QHearts, 6Hearts, 3Hearts, ASpades, KSpades.
P1 HAND: ADiamonds, 5Diamonds, 3Diamonds, AClubs, QClubs, 3Clubs, 2Hearts, 7Spades, 3Spades, 2Spades.
P2 HAND: KDiamonds, JDiamonds, 2Diamonds, 7Clubs, KClubs, 6Clubs, 2Clubs, 5Hearts, 4Hearts, QSpades.
P3 HAND: QDiamonds, 4Diamonds, JClubs, 4Clubs, 7Hearts, KHearts, JSpades, 6Spades, 5Spades, 4Spades.
P2 2Diamonds P3 4Diamonds 
