-- GAME --
P0 HAND: 5Diamonds, JClubs, QClubs, 5Clubs, 3Clubs, KHearts, 5Hearts, 7Spades, JSpades, 4Spades.
P1 HAND: 7Diamonds, KDiamonds, 7Clubs, 6Clubs, 4Clubs, AHearts, 7Hearts, JHearts, 4Hearts, 6Spades.
P2 HAND: ADiamonds, 6Diamonds, 4Diamonds, KClubs, QHearts, 3Hearts, ASpades, KSpades, 3Spades, 2Spades.
P3 HAND: JDiamonds, QDiamonds, 3Diamonds, 2Diamonds, AClubs, 2Clubs, 6Hearts, 2Hearts, QSpades, 5Spades.
P3 2Diamonds P0 5Diamonds P1 KDiamonds P2 ADiamonds 
P2 ASpades P3 5Spades P0 JSpades P1 6Spades 
P2 2Spades P3 QSpades P0 7Spades P1 4Clubs 
P1 AHearts P2 3Hearts P3 6Hearts P0 5Hearts 
P1 4Hearts P2 QHearts P3 2Hearts P0 KHearts 
P0 4Spades P1 6Clubs P2 3Spades P3 JDiamonds 
P1 JHearts P2 4Diamonds P3 3Diamonds P0 3Clubs 
P0 5Clubs P1 7Clubs P2 KClubs P3 2Clubs 
P1 7Diamonds P2 6Diamonds P3 QDiamonds P0 JClubs 
P0 QClubs P1 7Hearts P2 KSpades P3 AClubs 
-- /GAME --
P0 HAND: QDiamonds, 3Diamonds, 4Clubs, JHearts, 5Hearts, 7Spades, JSpades, QSpades, 4Spades, 2Spades.
P1 HAND: ADiamonds, 7Diamonds, KDiamonds, JDiamonds, 4Diamonds, 2Diamonds, 5Clubs, QHearts, ASpades, KSpades.
P2 HAND: 6Diamonds, 5Diamonds, AClubs, KClubs, QClubs, 3Clubs, 7Hearts, 6Hearts, 3Hearts, 2Hearts.
P3 HAND: 7Clubs, JClubs, 6Clubs, 2Clubs, AHearts, KHearts, 4Hearts, 6Spades, 5Spades, 3Spades.

