-- GAME --
P0 HAND: ADiamonds, JDiamonds, 4Diamonds, JClubs, QClubs, 3Clubs, 2Clubs, AHearts, 2Hearts, 7Spades.
P1 HAND: 5Diamonds, 2Diamonds, AClubs, 7Clubs, 4Clubs, 6Hearts, 3Hearts, QSpades, 4Spades, 3Spades.
P2 HAND: KDiamonds, QDiamonds, KClubs, 6Clubs, 7Hearts, ASpades, KSpades, JSpades, 6Spades, 5Spades.
P3 HAND: 7Diamonds, 6Diamonds, 3Diamonds, 5Clubs, KHearts, JHearts, QHearts, 5Hearts, 4Hearts, 2Spades.
P2 5Spades P3 2Spades P0 7Spades P1 3Spades 
P0 2Clubs P1 AClubs P2 6Clubs P3 5Clubs 
P1 3Hearts P2 7Hearts P3 4Hearts P0 2Hearts 
P2 6Spades P3 5Hearts P0 3Clubs P1 QSpades 
P1 4Clubs P2 KClubs P3 QHearts P0 JClubs 
P2 JSpades P3 3Diamonds P0 QClubs P1 4Spades 
P3 JHearts P0 AHearts P1 6Hearts P2 ASpades 
P0 4Diamonds P1 2Diamonds P2 QDiamonds P3 6Diamonds 
P2 KDiamonds P3 7Diamonds P0 ADiamonds P1 5Diamonds 
P0 JDiamonds P1 7Clubs P2 KSpades P3 KHearts 
-- /GAME --
P0 HAND: KDiamonds, JDiamonds, 6Diamonds, 3Diamonds, 6Clubs, 7Hearts, 2Hearts, ASpades, 7Spades, JSpades.
P1 HAND: 4Diamonds, JClubs, QClubs, 4Clubs, 3Clubs, 2Clubs, KHearts, QHearts, QSpades, 6Spades.
P2 HAND: 7Diamonds, 2Diamonds, 7Clubs, AHearts, 6Hearts, 5Hearts, 3Hearts, 5Spades, 4Spades, 2Spades.
P3 HAND: ADiamonds, QDiamonds, 5Diamonds, AClubs, KClubs, 5Clubs, JHearts, 4Hearts, KSpades, 3Spades.
P1 2Clubs P2 7Clubs P3 AClubs P0 6Clubs 
P3 ADiamonds P0 3Diamonds P1 4Diamonds P2 2Diamonds 
P3 4Hearts P0 2Hearts P1 QHearts P2 AHearts 
P2 3Hearts P3 JHearts P0 7Hearts P1 KHearts 
P0 6Diamonds P1 3Clubs P2 7Diamonds P3 5Diamonds 
P2 5Hearts P3 5Clubs P0 JDiamonds P1 4Clubs 
P2 6Hearts P3 QDiamonds P0 KDiamonds P1 6Spades 
P1 QClubs P2 2Spades P3 KClubs P0 JSpades 
P0 ASpades P1 QSpades P2 4Spades P3 3Spades 
P0 7Spades P1 JClubs P2 5Spades P3 KSpades 
-- /GAME --
P0 HAND: 6Diamonds, 3Diamonds, AClubs, KClubs, 6Clubs, 4Clubs, 2Clubs, KHearts, JHearts, 2Hearts.
P1 HAND: ADiamonds, 7Diamonds, JDiamonds, QDiamonds, JClubs, 5Clubs, 5Hearts, KSpades, JSpades, QSpades.
P2 HAND: KDiamonds, 3Clubs, AHearts, QHearts, 6Hearts, 3Hearts, 7Spades, 6Spades, 3Spades, 2Spades.
P3 HAND: 5Diamonds, 4Diamonds, 2Diamonds, 7Clubs, QClubs, 7Hearts, 4Hearts, ASpades, 5Spades, 4Spades.
P0 3Diamonds P1 ADiamonds P2 KDiamonds P3 5Diamonds 
P1 5Clubs P2 3Clubs P3 QClubs P0 AClubs 
P0 2Clubs P1 JClubs P2 3Hearts P3 7Clubs 
P3 2Diamonds P0 6Diamonds P1 QDiamonds P2 6Hearts 
P1 5Hearts P2 AHearts P3 4Hearts P0 KHearts 
P2 QHearts P3 7Hearts P0 2Hearts P1 7Diamonds 
P3 4Diamonds P0 KClubs P1 JDiamonds P2 2Spades 
P2 3Spades P3 4Spades P0 4Clubs P1 QSpades 
P1 JSpades P2 6Spades P3 5Spades P0 6Clubs 
P1 KSpades P2 7Spades P3 ASpades P0 JHearts 
-- /GAME --
P0 HAND: JDiamonds, 5Diamonds, 4Diamonds, AClubs, KClubs, QHearts, 4Hearts, KSpades, 3Spades, 2Spades.
P1 HAND: KDiamonds, 3Diamonds, 7Clubs, 3Clubs, 7Hearts, JHearts, 3Hearts, 2Hearts, ASpades, JSpades.
P2 HAND: ADiamonds, 6Diamonds, 2Diamonds, 6Clubs, 2Clubs, KHearts, 6Hearts, 7Spades, 6Spades, 4Spades.
P3 HAND: 7Diamonds, QDiamonds, JClubs, QClubs, 5Clubs, 4Clubs, AHearts, 5Hearts, QSpades, 5Spades.
P3 AHearts P0 4Hearts P1 7Hearts P2 6Hearts 
P3 4Clubs P0 KClubs P1 3Clubs P2 6Clubs 
P0 AClubs P1 7Clubs P2 2Clubs P3 5Clubs 
P0 QHearts P1 2Hearts P2 KHearts P3 5Hearts 
P2 4Spades P3 5Spades P0 2Spades P1 ASpades 
P1 3Hearts P2 6Spades P3 QClubs P0 3Spades 
P1 JHearts P2 2Diamonds P3 QSpades P0 KSpades 
P2 6Diamonds P3 QDiamonds P0 4Diamonds P1 3Diamonds 
P3 JClubs P0 JDiamonds P1 KDiamonds P2 ADiamonds 
P2 7Spades P3 7Diamonds P0 5Diamonds P1 JSpades 
-- /GAME --
P0 HAND: 7Diamonds, 6Diamonds, 5Diamonds, 4Diamonds, KClubs, JClubs, 7Hearts, JHearts, 5Hearts, 2Hearts.
P1 HAND: ADiamonds, 3Diamonds, 7Clubs, QClubs, 2Clubs, AHearts, KHearts, 6Hearts, 3Hearts, 5Spades.
P2 HAND: KDiamonds, JDiamonds, 2Diamonds, 5Clubs, 3Clubs, 4Hearts, ASpades, KSpades, JSpades, 2Spades.
P3 HAND: QDiamonds, AClubs, 6Clubs, 4Clubs, QHearts, 7Spades, QSpades, 6Spades, 4Spades, 3Spades.

