-- GAME --
P0 HAND: 7Diamonds, JDiamonds, 3Diamonds, KClubs, 6Clubs, 5Clubs, 3Clubs, 2Clubs, 4Hearts, 2Hearts.
P1 HAND: ADiamonds, 2Diamonds, 4Clubs, 7Hearts, 6Hearts, 5Hearts, ASpades, 7Spades, 4Spades, 3Spades.
P2 HAND: KDiamonds, 6Diamonds, 4Diamonds, AClubs, JClubs, KHearts, JHearts, JSpades, 6Spades, 5Spades.
P3 HAND: QDiamonds, 5Diamonds, 7Clubs, QClubs, AHearts, QHearts, 3Hearts, KSpades, QSpades, 2Spades.
P1 ADiamonds P2 4Diamonds P3 QDiamonds P0 3Diamonds 
P1 ASpades P2 5Spades P3 KSpades P0 2Hearts 
P0 6Clubs P1 4Clubs P2 AClubs P3 QClubs 
P2 6Diamonds P3 5Diamonds P0 7Diamonds P1 2Diamonds 
P0 JDiamonds P1 3Spades P2 KDiamonds P3 3Hearts 
P3 2Spades P0 4Hearts P1 4Spades P2 JSpades 
P0 KClubs P1 5Hearts P2 JClubs P3 7Clubs 
P1 6Hearts P2 JHearts P3 QHearts P0 5Clubs 
P2 6Spades P3 QSpades P0 2Clubs P1 7Spades 
P1 7Hearts P2 KHearts P3 AHearts P0 3Clubs 
-- /GAME --
P0 HAND: 3Diamonds, AClubs, KClubs, 4Clubs, 7Hearts, JHearts, 4Hearts, JSpades, 6Spades, 5Spades.
P1 HAND: KDiamonds, QDiamonds, 2Diamonds, 6Clubs, 3Clubs, AHearts, 5Hearts, ASpades, KSpades, 3Spades.
P2 HAND: ADiamonds, JDiamonds, 4Diamonds, 7Clubs, KHearts, QHearts, 6Hearts, 3Hearts, QSpades, 2Spades.
P3 HAND: 7Diamonds, 6Diamonds, 5Diamonds, JClubs, QClubs, 5Clubs, 2Clubs, 2Hearts, 7Spades, 4Spades.
P0 AClubs P1 3Clubs P2 7Clubs P3 2Clubs 
P0 KClubs P1 6Clubs P2 KHearts P3 5Clubs 
P0 4Clubs P1 3Spades P2 2Spades P3 JClubs 
P3 2Hearts P0 4Hearts P1 AHearts P2 3Hearts 
P1 ASpades P2 QSpades P3 7Spades P0 5Spades 
P1 5Hearts P2 6Hearts P3 4Spades P0 7Hearts 
P0 JSpades P1 KSpades P2 4Diamonds P3 5Diamonds 
P3 QClubs P0 3Diamonds P1 2Diamonds P2 QHearts 
P0 JHearts P1 QDiamonds P2 JDiamonds P3 7Diamonds 
P3 6Diamonds P0 6Spades P1 KDiamonds P2 ADiamonds 
-- /GAME --
P0 HAND: ADiamonds, 7Diamonds, 6Diamonds, AClubs, 3Clubs, 7Hearts, QHearts, 6Hearts, 3Hearts, ASpades.
P1 HAND: 3Diamonds, JClubs, 4Clubs, 2Clubs, KHearts, 5Hearts, KSpades, QSpades, 4Spades, 2Spades.
P2 HAND: KDiamonds, JDiamonds, 2Diamonds, KClubs, 6Clubs, AHearts, JHearts, 4Hearts, 7Spades, 5Spades.
P3 HAND: QDiamonds, 5Diamonds, 4Diamonds, 7Clubs, QClubs, 5Clubs, 2Hearts, JSpades, 6Spades, 3Spades.
P3 3Spades P0 ASpades P1 2Spades P2 7Spades 
P0 6Hearts P1 5Hearts P2 4Hearts P3 2Hearts 
P0 3Hearts P1 KHearts P2 JHearts P3 7Clubs 
P1 2Clubs P2 6Clubs P3 5Clubs P0 AClubs 
P0 3Clubs P1 4Clubs P2 KClubs P3 QClubs 
P2 2Diamonds P3 4Diamonds P0 ADiamonds P1 3Diamonds 
P0 QHearts P1 4Spades P2 AHearts P3 5Diamonds 
P2 5Spades P3 6Spades P0 7Hearts P1 QSpades 
P0 7Diamonds P1 JClubs P2 KDiamonds P3 QDiamonds 
P0 6Diamonds P1 KSpades P2 JDiamonds P3 JSpades 
-- /GAME --
P0 HAND: ADiamonds, 5Diamonds, 2Diamonds, AClubs, 7Clubs, KClubs, 5Clubs, 4Clubs, 7Hearts, 4Hearts.
P1 HAND: 7Diamonds, 4Diamonds, 6Clubs, AHearts, QHearts, 6Hearts, JSpades, 6Spades, 3Spades, 2Spades.
P2 HAND: 6Diamonds, 3Diamonds, QClubs, 3Clubs, 2Clubs, 2Hearts, 7Spades, KSpades, 5Spades, 4Spades.
P3 HAND: KDiamonds, JDiamonds, QDiamonds, JClubs, KHearts, JHearts, 5Hearts, 3Hearts, ASpades, QSpades.
P2 2Clubs P3 JClubs P0 AClubs P1 6Clubs 
P0 ADiamonds P1 4Diamonds P2 6Diamonds P3 QDiamonds 
P0 KClubs P1 6Hearts P2 3Clubs P3 3Hearts 
P0 5Clubs P1 QHearts P2 QClubs P3 5Hearts 
P2 2Hearts P3 JHearts P0 4Hearts P1 AHearts 
P1 2Spades P2 4Spades P3 QSpades P0 2Diamonds 
P3 JDiamonds P0 5Diamonds P1 7Diamonds P2 3Diamonds 
P1 3Spades P2 5Spades P3 ASpades P0 4Clubs 
P3 KDiamonds P0 7Clubs P1 6Spades P2 KSpades 
P2 7Spades P3 KHearts P0 7Hearts P1 JSpades 
-- /GAME --
P0 HAND: QDiamonds, 6Diamonds, 3Diamonds, AClubs, QHearts, 7Spades, KSpades, JSpades, 4Spades, 3Spades.
P1 HAND: ADiamonds, 7Diamonds, 4Diamonds, 5Clubs, 3Clubs, 2Clubs, AHearts, KHearts, 5Hearts, 2Hearts.
P2 HAND: KDiamonds, 7Clubs, QClubs, 4Clubs, 6Hearts, 3Hearts, ASpades, QSpades, 6Spades, 5Spades.
P3 HAND: JDiamonds, 5Diamonds, 2Diamonds, KClubs, JClubs, 6Clubs, 7Hearts, JHearts, 4Hearts, 2Spades.
P1 ADiamonds P2 KDiamonds P3 JDiamonds P0 3Diamonds 
P1 AHearts P2 3Hearts P3 7Hearts P0 QHearts 
P1 2Hearts P2 6Hearts P3 4Hearts P0 7Spades 
P2 5Spades P3 2Spades P0 KSpades P1 4Diamonds 
P0 QDiamonds P1 7Diamonds P2 4Clubs P3 2Diamonds 
P2 6Spades P3 5Diamonds P0 JSpades P1 5Hearts 
P0 4Spades P1 2Clubs P2 QSpades P3 JHearts 
P1 3Clubs P2 QClubs P3 6Clubs P0 AClubs 
P0 6Diamonds P1 5Clubs P2 7Clubs P3 JClubs 
P2 ASpades P3 KClubs P0 3Spades P1 KHearts 
-- /GAME --
P0 HAND: 7Diamonds, KDiamonds, JDiamonds, 5Diamonds, 4Diamonds, 7Clubs, 3Clubs, 2Hearts, 7Spades, 6Spades.
P1 HAND: ADiamonds, JClubs, 5Clubs, AHearts, 7Hearts, QHearts, 6Hearts, 4Hearts, 5Spades, 4Spades.
P2 HAND: QDiamonds, 6Diamonds, 3Diamonds, AClubs, QClubs, 4Clubs, 2Clubs, KHearts, JHearts, 3Hearts.
P3 HAND: 2Diamonds, KClubs, 6Clubs, 5Hearts, ASpades, KSpades, JSpades, QSpades, 3Spades, 2Spades.
P0 2Hearts P1 AHearts P2 3Hearts P3 5Hearts 
P1 ADiamonds P2 3Diamonds P3 2Diamonds P0 4Diamonds 
P1 4Hearts P2 JHearts P3 6Clubs P0 7Clubs 
P2 2Clubs P3 KClubs P0 3Clubs P1 JClubs 
P3 2Spades P0 7Spades P1 4Spades P2 AClubs 
P0 KDiamonds P1 5Clubs P2 6Diamonds P3 3Spades 
P3 QSpades P0 6Spades P1 5Spades P2 4Clubs 
P3 JSpades P0 5Diamonds P1 6Hearts P2 QDiamonds 
P3 KSpades P0 7Diamonds P1 QHearts P2 QClubs 
P3 ASpades P0 JDiamonds P1 7Hearts P2 KHearts 
-- /GAME --

