-- GAME --
P0 HAND: ADiamonds, QDiamonds, 7Clubs, 4Clubs, AHearts, 6Hearts, KSpades, JSpades, QSpades, 6Spades.
P1 HAND: 4Diamonds, 3Diamonds, JClubs, QClubs, 6Clubs, 5Clubs, KHearts, 3Hearts, 5Spades, 3Spades.
P2 HAND: KDiamonds, JDiamonds, 6Diamonds, KClubs, 2Clubs, 7Hearts, JHearts, QHearts, 7Spades, 4Spades.
P3 HAND: 7Diamonds, 5Diamonds, 2Diamonds, AClubs, 3Clubs, 5Hearts, 4Hearts, 2Hearts, ASpades, 2Spades.
P2 2Clubs P3 AClubs P0 4Clubs P1 JClubs 
P3 2Diamonds P0 QDiamonds P1 3Diamonds P2 KDiamonds 
P2 6Diamonds P3 5Diamonds P0 ADiamonds P1 4Diamonds 
P0 QSpades P1 3Spades P2 4Spades P3 2Spades 
P0 6Spades P1 5Spades P2 7Spades P3 ASpades 
P3 2Hearts P0 6Hearts P1 3Hearts P2 7Hearts 
P2 QHearts P3 4Hearts P0 AHearts P1 KHearts 
P0 KSpades P1 5Clubs P2 JDiamonds P3 3Clubs 
P0 JSpades P1 6Clubs P2 JHearts P3 5Hearts 
P0 7Clubs P1 QClubs P2 KClubs P3 7Diamonds 
-- /GAME --
P0 HAND: QDiamonds, 6Diamonds, 4Diamonds, AClubs, QClubs, 6Clubs, QHearts, 2Hearts, 7Spades, QSpades.
P1 HAND: 3Diamonds, KClubs, 3Clubs, KHearts, JHearts, ASpades, KSpades, JSpades, 4Spades, 2Spades.
P2 HAND: 2Diamonds, JClubs, 5Clubs, 4Clubs, AHearts, 7Hearts, 5Hearts, 4Hearts, 6Spades, 3Spades.
P3 HAND: ADiamonds, 7Diamonds, KDiamonds, JDiamonds, 5Diamonds, 7Clubs, 2Clubs, 6Hearts, 3Hearts, 5Spades.
P1 2Spades P2 3Spades P3 5Spades P0 7Spades 
P0 2Hearts P1 JHearts P2 AHearts P3 3Hearts 
P2 4Clubs P3 2Clubs P0 AClubs P1 3Clubs 
P0 QHearts P1 KHearts P2 4Hearts P3 6Hearts 
P1 4Spades P2 6Spades P3 5Diamonds P0 QSpades 
P3 JDiamonds P0 4Diamonds P1 3Diamonds P2 2Diamonds 
P3 KDiamonds P0 6Diamonds P1 JSpades P2 5Clubs 
P3 7Diamonds P0 QDiamonds P1 KClubs P2 5Hearts 
P3 ADiamonds P0 6Clubs P1 KSpades P2 JClubs 
P3 7Clubs P0 QClubs P1 ASpades P2 7Hearts 
-- /GAME --
P0 HAND: 7Diamonds, 5Diamonds, KClubs, 6Clubs, 5Clubs, 3Clubs, JHearts, 5Hearts, 7Spades, 5Spades.
P1 HAND: ADiamonds, 6Diamonds, 2Diamonds, JClubs, AHearts, QHearts, 3Hearts, 2Hearts, 6Spades, 4Spades.
P2 HAND: 3Diamonds, 7Clubs, 4Clubs, 2Clubs, 7Hearts, 6Hearts, 4Hearts, KSpades, QSpades, 2Spades.
P3 HAND: KDiamonds, JDiamonds, QDiamonds, 4Diamonds, AClubs, QClubs, KHearts, ASpades, JSpades, 3Spades.
P0 5Diamonds P1 ADiamonds P2 3Diamonds P3 KDiamonds 
P1 AHearts P2 4Hearts P3 KHearts P0 5Hearts 
P1 2Diamonds P2 2Spades P3 4Diamonds P0 7Diamonds 
P0 5Spades P1 4Spades P2 QSpades P3 ASpades 
P3 3Spades P0 7Spades P1 6Spades P2 KSpades 
P0 5Clubs P1 JClubs P2 2Clubs P3 QClubs 
P1 2Hearts P2 6Hearts P3 QDiamonds P0 JHearts 
P0 3Clubs P1 3Hearts P2 4Clubs P3 AClubs 
P3 JDiamonds P0 KClubs P1 6Diamonds P2 7Hearts 
P0 6Clubs P1 QHearts P2 7Clubs P3 JSpades 
-- /GAME --
P0 HAND: AClubs, QClubs, 5Clubs, AHearts, KHearts, 6Hearts, 3Hearts, ASpades, KSpades, QSpades.
P1 HAND: ADiamonds, 7Diamonds, KDiamonds, JDiamonds, 2Diamonds, KClubs, 2Clubs, QHearts, 4Hearts, 4Spades.
P2 HAND: 6Diamonds, 3Diamonds, JClubs, 6Clubs, 4Clubs, 3Clubs, 7Hearts, JHearts, 5Hearts, 5Spades.
P3 HAND: QDiamonds, 5Diamonds, 4Diamonds, 7Clubs, 2Hearts, 7Spades, JSpades, 6Spades, 3Spades, 2Spades.
P3 2Spades P0 KSpades P1 4Spades P2 5Spades 
P0 AHearts P1 4Hearts P2 5Hearts P3 2Hearts 
P0 3Hearts P1 QHearts P2 JHearts P3 3Spades 
P2 3Diamonds P3 4Diamonds P0 QSpades P1 ADiamonds 
P1 2Diamonds P2 6Diamonds P3 5Diamonds P0 QClubs 
P2 3Clubs P3 7Clubs P0 AClubs P1 2Clubs 
P0 6Hearts P1 JDiamonds P2 7Hearts P3 6Spades 
P2 4Clubs P3 QDiamonds P0 5Clubs P1 KClubs 
P1 KDiamonds P2 6Clubs P3 JSpades P0 KHearts 
P0 ASpades P1 7Diamonds P2 JClubs P3 7Spades 
-- /GAME --
P0 HAND: KDiamonds, 3Diamonds, JClubs, 4Clubs, 3Clubs, 4Hearts, 3Hearts, ASpades, 5Spades, 3Spades.
P1 HAND: JDiamonds, 4Diamonds, 6Clubs, 5Clubs, AHearts, QHearts, 2Hearts, 7Spades, JSpades, 6Spades.
P2 HAND: QDiamonds, 6Diamonds, KClubs, QClubs, 2Clubs, 7Hearts, JHearts, KSpades, 4Spades, 2Spades.
P3 HAND: ADiamonds, 7Diamonds, 5Diamonds, 2Diamonds, AClubs, 7Clubs, KHearts, 6Hearts, 5Hearts, QSpades.
P3 ADiamonds P0 3Diamonds P1 JDiamonds P2 6Diamonds 
P3 2Diamonds P0 KDiamonds P1 4Diamonds P2 QDiamonds 
P0 ASpades P1 6Spades P2 KSpades P3 QSpades 
P0 4Hearts P1 AHearts P2 JHearts P3 KHearts 
P1 2Hearts P2 7Hearts P3 5Hearts P0 3Hearts 
P2 2Spades P3 5Diamonds P0 3Spades P1 7Spades 
P1 QHearts P2 4Spades P3 6Hearts P0 5Spades 
P1 JSpades P2 2Clubs P3 7Clubs P0 3Clubs 
P3 AClubs P0 4Clubs P1 5Clubs P2 QClubs 
P3 7Diamonds P0 JClubs P1 6Clubs P2 KClubs 
-- /GAME --
P0 HAND: JDiamonds, 6Diamonds, AClubs, QHearts, 5Hearts, 4Hearts, 3Hearts, ASpades, JSpades, 2Spades.
P1 HAND: 7Clubs, JClubs, 3Clubs, AHearts, JHearts, 6Hearts, KSpades, QSpades, 5Spades, 3Spades.
P2 HAND: KDiamonds, 5Diamonds, 4Diamonds, 3Diamonds, 2Diamonds, 4Clubs, 7Hearts, KHearts, 2Hearts, 7Spades.
P3 HAND: ADiamonds, 7Diamonds, QDiamonds, KClubs, QClubs, 6Clubs, 5Clubs, 2Clubs, 6Spades, 4Spades.
P2 2Diamonds P3 ADiamonds 
