-- GAME --
P0 HAND: 7Diamonds, AClubs, JClubs, 3Clubs, KHearts, QHearts, 5Hearts, ASpades, 7Spades, 2Spades.
P1 HAND: ADiamonds, KDiamonds, QDiamonds, 5Diamonds, AHearts, 7Hearts, KSpades, 5Spades, 4Spades, 3Spades.
P2 HAND: JDiamonds, 7Clubs, KClubs, 5Clubs, JHearts, 6Hearts, 3Hearts, 2Hearts, JSpades, QSpades.
P3 HAND: 6Diamonds, 4Diamonds, 3Diamonds, 2Diamonds, QClubs, 6Clubs, 4Clubs, 2Clubs, 4Hearts, 6Spades.
P0 3Clubs P1 3Spades P2 5Clubs P3 2Clubs 
P2 2Hearts P3 4Hearts P0 5Hearts P1 AHearts 
P1 ADiamonds P2 JDiamonds P3 6Diamonds P0 7Diamonds 
P1 4Spades P2 QSpades P3 6Spades P0 ASpades 
P0 7Spades P1 5Spades P2 JSpades P3 4Clubs 
P3 2Diamonds P0 2Spades P1 KDiamonds P2 3Hearts 
P1 5Diamonds P2 6Hearts P3 3Diamonds P0 QHearts 
P1 QDiamonds P2 KClubs P3 4Diamonds P0 KHearts 
P2 JHearts P3 6Clubs P0 JClubs P1 7Hearts 
P0 AClubs P1 KSpades P2 7Clubs P3 QClubs 
-- /GAME --
P0 HAND: QDiamonds, 6Diamonds, 5Diamonds, 4Diamonds, KClubs, 5Clubs, 7Hearts, 4Hearts, 2Hearts, 3Spades.
P1 HAND: 7Diamonds, KDiamonds, 3Diamonds, AClubs, JClubs, 6Clubs, JHearts, ASpades, QSpades, 5Spades.
P2 HAND: ADiamonds, JDiamonds, 7Clubs, 3Clubs, 2Clubs, AHearts, KHearts, 6Hearts, 7Spades, 4Spades.
P3 HAND: 2Diamonds, QClubs, 4Clubs, QHearts, 5Hearts, 3Hearts, KSpades, JSpades, 6Spades, 2Spades.
P3 2Diamonds P0 4Diamonds P1 3Diamonds P2 ADiamonds 
P2 AHearts P3 3Hearts P0 2Hearts P1 JHearts 
P2 2Clubs P3 4Clubs P0 5Clubs P1 AClubs 
P1 6Clubs P2 3Clubs P3 QClubs P0 KClubs 
P0 3Spades P1 5Spades P2 4Spades P3 2Spades 
P1 JClubs P2 7Clubs P3 6Spades P0 5Diamonds 
P3 5Hearts P0 7Hearts P1 QSpades P2 6Hearts 
P1 ASpades P2 7Spades P3 JSpades P0 6Diamonds 
P1 KDiamonds P2 JDiamonds P3 KSpades P0 QDiamonds 
P3 QHearts P0 4Hearts P1 7Diamonds 
