-- GAME --
P0 QDiamonds P1 3Hearts P2 5Spades P3 KDiamonds 
P1 JSpades P2 KSpades P3 5Hearts P0 5Diamonds 
P3 4Diamonds P0 6Hearts P1 KHearts P2 QHearts 
P1 AHearts P2 JHearts P3 7Hearts P0 JClubs 
-- /GAME --
P0 HAND: KDiamonds, 6Diamonds, JClubs, 6Clubs, JHearts, 4Hearts, 7Spades, KSpades, 4Spades, 2Spades.
P1 HAND: 2Diamonds, 7Clubs, 5Clubs, 2Clubs, AHearts, 6Hearts, ASpades, JSpades, 5Spades, 3Spades.
P2 HAND: ADiamonds, 7Diamonds, 5Diamonds, AClubs, QClubs, 4Clubs, 3Clubs, QHearts, 5Hearts, 2Hearts.
P3 HAND: JDiamonds, QDiamonds, 4Diamonds, 3Diamonds, KClubs, 7Hearts, KHearts, 3Hearts, QSpades, 6Spades.
P3 3Hearts P0 4Hearts P1 AHearts P2 2Hearts 
P1 ASpades P2 5Diamonds P3 6Spades P0 7Spades 
P2 AClubs P3 KClubs P0 JClubs P1 2Clubs 
P2 3Clubs P3 QSpades P0 6Clubs P1 7Clubs 
P1 3Spades P2 4Clubs P3 3Diamonds P0 2Spades 
P3 4Diamonds P0 6Diamonds P1 2Diamonds P2 7Diamonds 
P2 5Hearts P3 KHearts P0 JHearts P1 6Hearts 
P3 QDiamonds P0 KDiamonds P1 5Clubs P2 ADiamonds 
P2 QClubs P3 JDiamonds P0 4Spades P1 JSpades 
P3 7Hearts P0 KSpades P1 5Spades P2 QHearts 
-- /GAME --
P0 HAND: JDiamonds, QDiamonds, 5Diamonds, 4Diamonds, JClubs, AHearts, JHearts, 6Hearts, 5Spades, 4Spades.
P1 HAND: ADiamonds, 7Diamonds, 6Diamonds, 3Diamonds, 7Clubs, 6Clubs, 2Clubs, 3Hearts, QSpades, 6Spades.
P2 HAND: 2Diamonds, AClubs, 5Clubs, 3Clubs, KHearts, 4Hearts, 2Hearts, 7Spades, KSpades, 2Spades.
P3 HAND: KDiamonds, KClubs, QClubs, 4Clubs, 7Hearts, QHearts, 5Hearts, ASpades, JSpades, 3Spades.

