-- GAME --
P0 HAND: QDiamonds, QClubs, 5Clubs, 4Clubs, 2Clubs, AHearts, ASpades, 6Spades, 3Spades, 2Spades.
P1 HAND: JDiamonds, 6Diamonds, 4Diamonds, 3Diamonds, 7Hearts, QHearts, 4Hearts, 2Hearts, 7Spades, JSpades.
P2 HAND: 7Diamonds, KDiamonds, 5Diamonds, KClubs, 6Clubs, 3Clubs, KHearts, JHearts, 5Hearts, 4Spades.
P3 HAND: ADiamonds, 2Diamonds, AClubs, 7Clubs, JClubs, 6Hearts, 3Hearts, KSpades, QSpades, 5Spades.
P1 2Hearts P2 5Hearts P3 3Hearts P0 AHearts 
P0 QDiamonds P1 3Diamonds P2 5Diamonds P3 ADiamonds 
P3 AClubs P0 2Clubs P1 7Hearts P2 3Clubs 
P3 2Diamonds P0 2Spades P1 4Diamonds P2 7Diamonds 
P0 5Clubs P1 4Hearts P2 6Clubs P3 7Clubs 
P3 6Hearts P0 3Spades P1 QHearts P2 KHearts 
P0 6Spades P1 JSpades P2 4Spades P3 5Spades 
P1 6Diamonds P2 KDiamonds P3 QSpades P0 ASpades 
P0 QClubs P1 7Spades P2 KClubs P3 JClubs 
P1 JDiamonds P2 JHearts P3 KSpades P0 4Clubs 
-- /GAME --
P0 HAND: ADiamonds, 6Diamonds, KClubs, KHearts, JHearts, 2Hearts, ASpades, KSpades, 4Spades, 3Spades.
P1 HAND: KDiamonds, QDiamonds, 4Diamonds, JClubs, 5Clubs, 3Clubs, QHearts, 5Hearts, 6Spades, 5Spades.
P2 HAND: 7Diamonds, 5Diamonds, 3Diamonds, QClubs, 2Clubs, 7Hearts, 6Hearts, 4Hearts, 3Hearts, 7Spades.
P3 HAND: JDiamonds, 2Diamonds, AClubs, 7Clubs, 6Clubs, 4Clubs, AHearts, JSpades, QSpades, 2Spades.
P0 4Spades P1 5Spades P2 7Spades P3 2Spades 
P2 2Clubs P3 AClubs P0 KClubs P1 JClubs 
P3 AHearts P0 2Hearts P1 QHearts P2 3Hearts 
P3 2Diamonds P0 6Diamonds P1 4Diamonds P2 7Diamonds 
P2 3Diamonds P3 JDiamonds P0 ADiamonds P1 QDiamonds 
P0 JHearts P1 5Hearts P2 4Hearts P3 4Clubs 
P0 KSpades P1 6Spades P2 5Diamonds P3 QSpades 
P0 ASpades P1 3Clubs P2 7Hearts P3 JSpades 
P0 KHearts P1 5Clubs P2 6Hearts P3 6Clubs 
P0 3Spades P1 KDiamonds P2 QClubs P3 7Clubs 
-- /GAME --
P0 HAND: ADiamonds, QDiamonds, 4Diamonds, 4Clubs, 7Hearts, JHearts, 5Hearts, 4Hearts, JSpades, 2Spades.
P1 HAND: JDiamonds, 5Diamonds, 3Diamonds, 7Clubs, JClubs, QClubs, 3Clubs, 2Clubs, KSpades, 6Spades.
P2 HAND: 7Diamonds, AClubs, KClubs, 6Clubs, AHearts, QHearts, 6Hearts, 2Hearts, 5Spades, 3Spades.
P3 HAND: KDiamonds, 6Diamonds, 2Diamonds, 5Clubs, KHearts, 3Hearts, ASpades, 7Spades, QSpades, 4Spades.
P3 ASpades P0 2Spades P1 KSpades P2 3Spades 
P3 3Hearts P0 5Hearts P1 2Clubs P2 AHearts 
P2 AClubs P3 5Clubs P0 4Clubs P1 3Clubs 
P2 2Hearts P3 KHearts P0 4Hearts P1 7Clubs 
P3 4Spades P0 JSpades P1 6Spades P2 5Spades 
P0 JHearts P1 QClubs P2 6Hearts P3 2Diamonds 
P3 QSpades P0 QDiamonds P1 3Diamonds P2 KClubs 
P0 4Diamonds P1 5Diamonds P2 7Diamonds P3 6Diamonds 
P2 6Clubs P3 KDiamonds P0 ADiamonds P1 JClubs 
P0 7Hearts P1 JDiamonds P2 QHearts P3 7Spades 
-- /GAME --
P0 HAND: ADiamonds, JDiamonds, AClubs, KClubs, 6Clubs, QHearts, 2Hearts, 6Spades, 5Spades, 2Spades.
P1 HAND: 5Diamonds, QClubs, 5Clubs, KHearts, 6Hearts, 7Spades, KSpades, JSpades, QSpades, 3Spades.
P2 HAND: QDiamonds, 3Diamonds, 2Diamonds, 7Clubs, 2Clubs, AHearts, 5Hearts, 4Hearts, 3Hearts, ASpades.
P3 HAND: 7Diamonds, KDiamonds, 6Diamonds, 4Diamonds, JClubs, 4Clubs, 3Clubs, 7Hearts, JHearts, 4Spades.
P2 ASpades P3 4Spades P0 6Spades P1 3Spades 
P2 2Diamonds P3 4Diamonds P0 ADiamonds P1 5Diamonds 
P0 AClubs P1 5Clubs P2 7Clubs P3 3Clubs 
P0 KClubs P1 QClubs P2 2Clubs P3 4Clubs 
P0 5Spades P1 QSpades P2 3Diamonds P3 7Diamonds 
P1 JSpades P2 QDiamonds P3 JHearts P0 2Spades 
P3 6Diamonds P0 JDiamonds P1 6Hearts P2 3Hearts 
P1 KHearts P2 4Hearts P3 7Hearts P0 2Hearts 
P3 JClubs P0 6Clubs P1 KSpades P2 5Hearts 
P2 AHearts P3 KDiamonds P0 QHearts P1 7Spades 
-- /GAME --
P0 HAND: KDiamonds, QDiamonds, AClubs, KClubs, 5Hearts, 3Hearts, 2Hearts, ASpades, 5Spades, 2Spades.
P1 HAND: 6Diamonds, 2Diamonds, JClubs, QClubs, 6Clubs, 2Clubs, 4Hearts, 7Spades, JSpades, QSpades.
P2 HAND: ADiamonds, 7Diamonds, 5Diamonds, 4Diamonds, 3Diamonds, 7Clubs, 5Clubs, 3Clubs, 4Spades, 3Spades.
P3 HAND: JDiamonds, 4Clubs, AHearts, 7Hearts, KHearts, JHearts, QHearts, 6Hearts, KSpades, 6Spades.
P1 2Diamonds P2 ADiamonds P3 JDiamonds P0 KDiamonds 
P2 3Diamonds P3 4Clubs P0 QDiamonds P1 6Diamonds 
P0 AClubs P1 2Clubs P2 7Clubs P3 6Hearts 
P3 6Spades P0 ASpades P1 QSpades P2 4Spades 
P0 5Spades P1 JSpades P2 3Spades P3 KSpades 
P3 QHearts P0 2Hearts P1 4Hearts P2 3Clubs 
P3 JHearts P0 3Hearts P1 6Clubs P2 4Diamonds 
P3 KHearts P0 5Hearts P1 QClubs P2 5Diamonds 
P3 7Hearts P0 2Spades P1 JClubs P2 5Clubs 
P3 AHearts P0 KClubs P1 7Spades P2 7Diamonds 
-- /GAME --
P0 HAND: QClubs, 5Clubs, 2Clubs, AHearts, 7Hearts, JHearts, QHearts, 6Hearts, 5Spades, 4Spades.
P1 HAND: KDiamonds, 5Diamonds, 2Diamonds, 7Clubs, KClubs, 6Clubs, 5Hearts, KSpades, 6Spades, 2Spades.
P2 HAND: 7Diamonds, QDiamonds, 6Diamonds, 4Diamonds, AClubs, KHearts, 4Hearts, 3Hearts, 2Hearts, 3Spades.
P3 HAND: ADiamonds, JDiamonds, 3Diamonds, JClubs, 4Clubs, 3Clubs, ASpades, 7Spades, JSpades, QSpades.
P0 AHearts P1 5Hearts P2 KHearts P3 3Clubs 
P3 ADiamonds P0 2Clubs P1 2Diamonds P2 7Diamonds 
P0 5Spades P1 2Spades P2 3Spades P3 ASpades 
P3 3Diamonds P0 4Spades P1 KDiamonds P2 4Diamonds 
P1 5Diamonds P2 6Diamonds P3 JDiamonds P0 QClubs 
P0 QHearts P1 6Spades P2 2Hearts P3 QSpades 
P0 JHearts P1 6Clubs P2 3Hearts P3 7Spades 
P1 KClubs P2 AClubs P3 4Clubs P0 5Clubs 
P2 4Hearts P3 JClubs P0 6Hearts P1 KSpades 
P3 JSpades P0 7Hearts P1 7Clubs P2 QDiamonds 
-- /GAME --
P0 HAND: 7Diamonds, KClubs, 5Clubs, 4Clubs, 3Clubs, 2Clubs, QHearts, 5Hearts, 2Hearts, 5Spades.
P1 HAND: JDiamonds, 3Diamonds, 2Diamonds, QClubs, JHearts, ASpades, KSpades, QSpades, 6Spades, 2Spades.
P2 HAND: KDiamonds, 6Diamonds, 5Diamonds, AClubs, AHearts, 7Hearts, KHearts, 3Hearts, JSpades, 3Spades.
P3 HAND: ADiamonds, QDiamonds, 4Diamonds, 7Clubs, JClubs, 6Clubs, 6Hearts, 4Hearts, 7Spades, 4Spades.
P3 ADiamonds P0 7Diamonds P1 JDiamonds P2 5Diamonds 
P3 4Diamonds P0 5Spades P1 2Diamonds P2 KDiamonds 
P2 AHearts P3 4Hearts P0 QHearts P1 JHearts 
P2 3Hearts P3 6Hearts P0 2Hearts P1 ASpades 
P3 7Spades P0 2Clubs P1 2Spades P2 JSpades 
P0 5Hearts P1 3Diamonds P2 KHearts P3 4Spades 
P2 3Spades P3 QDiamonds P0 5Clubs P1 6Spades 
P0 4Clubs P1 QClubs P2 AClubs P3 6Clubs 
P2 6Diamonds P3 JClubs P0 KClubs P1 QSpades 
P0 3Clubs P1 KSpades P2 7Hearts P3 7Clubs 
-- /GAME --
P0 HAND: ADiamonds, 7Diamonds, KDiamonds, KClubs, 4Clubs, 2Clubs, QHearts, KSpades, QSpades, 3Spades.
P1 HAND: 6Diamonds, 5Diamonds, 2Diamonds, QClubs, 7Hearts, KHearts, JHearts, ASpades, 7Spades, 5Spades.
P2 HAND: QDiamonds, 4Diamonds, 6Clubs, 3Clubs, 6Hearts, 4Hearts, 3Hearts, JSpades, 6Spades, 2Spades.
P3 HAND: JDiamonds, 3Diamonds, AClubs, 7Clubs, JClubs, 5Clubs, AHearts, 5Hearts, 2Hearts, 4Spades.

