-- GAME --
P0 HAND: KDiamonds, 6Diamonds, 4Diamonds, AClubs, 3Clubs, 6Hearts, KSpades, 4Spades, 3Spades, 2Spades.
P1 HAND: ADiamonds, 7Diamonds, 5Diamonds, 7Clubs, JClubs, QClubs, 2Clubs, KHearts, ASpades, JSpades.
P2 HAND: 2Diamonds, KClubs, 6Clubs, 5Clubs, 4Clubs, JHearts, 5Hearts, 3Hearts, 2Hearts, 6Spades.
P3 HAND: JDiamonds, QDiamonds, 3Diamonds, AHearts, 7Hearts, QHearts, 4Hearts, 7Spades, QSpades, 5Spades.
P0 AClubs P1 2Clubs P2 KClubs P3 5Spades 
P3 AHearts P0 6Hearts P1 KHearts P2 2Hearts 
P3 3Diamonds P0 6Diamonds P1 ADiamonds P2 2Diamonds 
P1 5Diamonds P2 3Hearts P3 QDiamonds P0 KDiamonds 
P0 4Diamonds P1 7Diamonds P2 6Spades P3 JDiamonds 
P2 4Clubs P3 4Hearts P0 3Clubs P1 7Clubs 
P1 QClubs P2 5Clubs P3 QHearts P0 KSpades 
P0 4Spades P1 JSpades P2 5Hearts P3 QSpades 
P1 JClubs P2 6Clubs P3 7Spades P0 2Spades 
P3 7Hearts P0 3Spades P1 ASpades P2 JHearts 
-- /GAME --
P0 HAND: KDiamonds, QDiamonds, 5Diamonds, KClubs, 6Clubs, 5Clubs, 7Hearts, 6Hearts, 2Hearts, 6Spades.
P1 HAND: 7Diamonds, 6Diamonds, 4Clubs, AHearts, QHearts, 3Hearts, 7Spades, KSpades, QSpades, 3Spades.
P2 HAND: 4Diamonds, AClubs, 7Clubs, QClubs, 3Clubs, 2Clubs, JHearts, 5Hearts, JSpades, 5Spades.
P3 HAND: ADiamonds, JDiamonds, 3Diamonds, 2Diamonds, JClubs, KHearts, 4Hearts, ASpades, 4Spades, 2Spades.
P3 ADiamonds P0 5Diamonds P1 7Diamonds P2 4Diamonds 
P3 2Diamonds P0 KDiamonds P1 6Diamonds P2 AClubs 
P0 QDiamonds P1 3Hearts P2 2Clubs P3 JDiamonds 
P3 3Diamonds P0 7Hearts P1 3Spades P2 5Spades 
P2 3Clubs P3 JClubs P0 KClubs P1 4Clubs 
P0 6Clubs P1 QHearts P2 QClubs P3 4Hearts 
P2 5Hearts P3 KHearts P0 6Hearts P1 AHearts 
P1 QSpades P2 JSpades P3 ASpades P0 6Spades 
P3 2Spades P0 5Clubs P1 KSpades P2 JHearts 
P1 7Spades P2 7Clubs P3 4Spades P0 2Hearts 
-- /GAME --
P0 HAND: 5Diamonds, 4Diamonds, 3Diamonds, 3Clubs, 2Clubs, 4Hearts, 2Hearts, KSpades, 6Spades, 4Spades.
P1 HAND: 2Diamonds, AClubs, 7Clubs, KClubs, 6Clubs, AHearts, QHearts, 5Hearts, QSpades, 2Spades.
P2 HAND: ADiamonds, 7Diamonds, JDiamonds, 6Diamonds, JHearts, 6Hearts, 7Spades, JSpades, 5Spades, 3Spades.
P3 HAND: KDiamonds, QDiamonds, JClubs, QClubs, 5Clubs, 4Clubs, 7Hearts, KHearts, 3Hearts, ASpades.
P2 ADiamonds P3 QDiamonds P0 4Diamonds P1 2Diamonds 
P2 3Spades P3 ASpades P0 6Spades P1 QSpades 
P3 4Clubs P0 3Clubs P1 AClubs P2 6Hearts 
P2 5Spades P3 5Clubs P0 KSpades P1 2Spades 
P0 4Spades P1 6Clubs P2 JSpades P3 QClubs 
P2 6Diamonds P3 KDiamonds P0 5Diamonds P1 7Clubs 
P3 JClubs P0 2Clubs P1 KClubs P2 JHearts 
P2 JDiamonds P3 3Hearts P0 3Diamonds P1 5Hearts 
P1 QHearts P2 7Diamonds P3 KHearts P0 2Hearts 
P3 7Hearts P0 4Hearts P1 AHearts P2 7Spades 
-- /GAME --
P0 HAND: 7Diamonds, KDiamonds, 4Diamonds, 3Diamonds, AClubs, JClubs, 3Clubs, 2Clubs, 7Hearts, 4Hearts.
P1 HAND: ADiamonds, JDiamonds, 6Clubs, 4Clubs, QHearts, 6Hearts, ASpades, KSpades, QSpades, 6Spades.
P2 HAND: QDiamonds, 6Diamonds, 2Diamonds, KClubs, AHearts, 3Hearts, 5Spades, 4Spades, 3Spades, 2Spades.
P3 HAND: 5Diamonds, 7Clubs, QClubs, 5Clubs, KHearts, JHearts, 5Hearts, 2Hearts, 7Spades, JSpades.
P1 ADiamonds P2 2Diamonds P3 5Diamonds P0 4Diamonds 
P1 ASpades P2 2Spades P3 7Spades P0 JClubs 
P0 4Hearts P1 6Hearts P2 AHearts P3 2Hearts 
P2 3Hearts P3 5Hearts P0 7Hearts P1 QHearts 
P0 3Diamonds P1 JDiamonds P2 6Diamonds P3 KHearts 
P1 6Spades P2 3Spades P3 JSpades P0 2Clubs 
P0 KDiamonds P1 QSpades P2 QDiamonds P3 5Clubs 
P3 JHearts P0 3Clubs P1 4Clubs P2 4Spades 
P1 6Clubs P2 KClubs P3 QClubs P0 AClubs 
P0 7Diamonds P1 KSpades P2 5Spades P3 7Clubs 
-- /GAME --
P0 HAND: ADiamonds, KDiamonds, JDiamonds, 4Diamonds, AClubs, 3Clubs, QHearts, 4Hearts, 2Hearts, 5Spades.
P1 HAND: 6Diamonds, 3Diamonds, 2Diamonds, 4Clubs, KHearts, JHearts, 3Hearts, JSpades, 6Spades, 3Spades.
P2 HAND: 7Diamonds, QDiamonds, 5Diamonds, QClubs, 6Clubs, 5Clubs, 7Hearts, 5Hearts, KSpades, QSpades.
P3 HAND: 7Clubs, KClubs, JClubs, 2Clubs, AHearts, 6Hearts, ASpades, 7Spades, 4Spades, 2Spades.
P0 ADiamonds P1 2Diamonds P2 7Diamonds P3 6Hearts 
P3 ASpades P0 5Spades P1 JSpades P2 QSpades 
P3 2Clubs P0 AClubs P1 4Clubs P2 QClubs 
P0 3Clubs P1 3Diamonds P2 5Clubs P3 7Clubs 
P3 2Spades P0 QHearts P1 3Spades P2 KSpades 
P0 KDiamonds P1 6Diamonds P2 5Diamonds P3 4Spades 
P0 JDiamonds P1 6Spades P2 QDiamonds P3 AHearts 
P3 JClubs P0 4Hearts P1 3Hearts P2 6Clubs 
P0 4Diamonds P1 JHearts P2 5Hearts P3 7Spades 
P1 KHearts P2 7Hearts P3 KClubs P0 2Hearts 
-- /GAME --
P0 HAND: 6Diamonds, 7Clubs, 6Clubs, 5Clubs, AHearts, 2Hearts, 7Spades, JSpades, 6Spades, 5Spades.
P1 HAND: QDiamonds, 4Diamonds, 2Diamonds, 3Clubs, QHearts, 6Hearts, 4Hearts, KSpades, QSpades, 2Spades.
P2 HAND: ADiamonds, KDiamonds, 5Diamonds, 3Diamonds, JClubs, 2Clubs, 7Hearts, KHearts, JHearts, 5Hearts.
P3 HAND: 7Diamonds, JDiamonds, AClubs, KClubs, QClubs, 4Clubs, 3Hearts, ASpades, 4Spades, 3Spades.
P3 AClubs P0 6Clubs P1 3Clubs P2 2Clubs 
P3 ASpades P0 6Spades P1 KSpades P2 3Diamonds 
P2 5Hearts P3 3Hearts P0 AHearts P1 4Hearts 
P0 7Spades P1 2Spades P2 7Hearts P3 3Spades 
P0 7Clubs P1 2Diamonds P2 JClubs P3 KClubs 
P1 6Hearts P2 JHearts P3 4Clubs P0 2Hearts 
P2 5Diamonds P3 JDiamonds P0 6Diamonds P1 4Diamonds 
P3 4Spades P0 JSpades P1 QSpades P2 KHearts 
P0 5Clubs P1 QHearts P2 KDiamonds P3 QClubs 
P2 ADiamonds P3 7Diamonds P0 5Spades P1 QDiamonds 
-- /GAME --
P0 HAND: 7Diamonds, KDiamonds, 5Diamonds, JClubs, QClubs, 5Clubs, 4Clubs, JSpades, 4Spades, 2Spades.
P1 HAND: ADiamonds, JDiamonds, 4Diamonds, 7Clubs, 6Clubs, 2Clubs, JHearts, 6Hearts, 3Hearts, 2Hearts.
P2 HAND: 3Diamonds, KClubs, 3Clubs, 7Hearts, KHearts, QHearts, 5Hearts, ASpades, 7Spades, 5Spades.
P3 HAND: QDiamonds, 6Diamonds, 2Diamonds, AClubs, AHearts, 4Hearts, KSpades, QSpades, 6Spades, 3Spades.
P2 ASpades P3 3Spades P0 JSpades P1 4Diamonds 
P1 2Clubs P2 3Clubs P3 AClubs P0 5Clubs 
P3 AHearts P0 7Diamonds P1 2Hearts P2 7Hearts 
P0 4Spades P1 3Hearts P2 7Spades P3 6Spades 
P2 5Hearts P3 4Hearts P0 KDiamonds P1 6Hearts 
P0 JClubs P1 6Clubs P2 KClubs P3 2Diamonds 
P3 QSpades P0 2Spades P1 JDiamonds P2 5Spades 
P1 JHearts P2 QHearts P3 6Diamonds P0 4Clubs 
P3 QDiamonds P0 5Diamonds P1 ADiamonds P2 3Diamonds 
P1 7Clubs P2 KHearts P3 KSpades P0 QClubs 
-- /GAME --
P0 HAND: ADiamonds, JDiamonds, 5Diamonds, 4Diamonds, 7Clubs, 4Clubs, 2Clubs, 3Hearts, 7Spades, JSpades.
P1 HAND: 6Diamonds, QClubs, 6Clubs, 5Clubs, 6Hearts, 2Hearts, KSpades, QSpades, 6Spades, 4Spades.
P2 HAND: KDiamonds, QDiamonds, 3Diamonds, AClubs, 3Clubs, AHearts, 7Hearts, QHearts, 4Hearts, 2Spades.
P3 HAND: 7Diamonds, 2Diamonds, KClubs, JClubs, KHearts, JHearts, 5Hearts, ASpades, 5Spades, 3Spades.
P1 2Hearts P2 AHearts P3 5Hearts P0 3Hearts 
P2 2Spades P3 ASpades P0 JSpades P1 KSpades 
P3 2Diamonds P0 ADiamonds P1 6Diamonds P2 KDiamonds 
P0 5Diamonds P1 4Spades P2 3Diamonds P3 7Diamonds 
P3 3Spades P0 7Spades P1 6Spades P2 7Hearts 
P0 JDiamonds P1 6Hearts P2 QDiamonds P3 JClubs 
P3 5Spades P0 4Clubs P1 QSpades P2 QHearts 
P0 4Diamonds P1 5Clubs P2 4Hearts P3 KHearts 
P1 6Clubs P2 3Clubs P3 KClubs P0 7Clubs 
P0 2Clubs P1 QClubs P2 AClubs P3 JHearts 
-- /GAME --
P0 HAND: JDiamonds, 6Diamonds, 7Hearts, QHearts, 5Hearts, 4Hearts, 6Spades, 5Spades, 4Spades, 2Spades.
P1 HAND: KDiamonds, QDiamonds, 5Diamonds, 3Diamonds, AClubs, QClubs, 5Clubs, 2Hearts, KSpades, QSpades.
P2 HAND: 7Diamonds, 4Diamonds, 2Diamonds, JClubs, 2Clubs, AHearts, KHearts, JHearts, 6Hearts, 3Spades.
P3 HAND: ADiamonds, 7Clubs, KClubs, 6Clubs, 4Clubs, 3Clubs, 3Hearts, ASpades, 7Spades, JSpades.
P0 6Diamonds P1 3Diamonds P2 2Diamonds P3 ADiamonds 
P3 3Clubs P0 2Spades P1 5Clubs P2 JClubs 
P0 4Hearts P1 2Hearts P2 AHearts P3 3Hearts 
P2 2Clubs P3 4Clubs P0 5Spades P1 QClubs 
P0 5Hearts P1 5Diamonds P2 6Hearts P3 6Clubs 
P2 4Diamonds P3 JSpades P0 JDiamonds P1 KDiamonds 
P3 7Spades P0 4Spades P1 QSpades P2 3Spades 
P3 ASpades P0 6Spades P1 KSpades P2 JHearts 
P3 KClubs P0 7Hearts P1 AClubs P2 KHearts 
P1 QDiamonds P2 7Diamonds P3 7Clubs P0 QHearts 
-- /GAME --
P0 HAND: KDiamonds, QDiamonds, 2Diamonds, AClubs, JClubs, 5Clubs, 3Clubs, 3Hearts, 2Hearts, JSpades.
P1 HAND: ADiamonds, 7Diamonds, QClubs, 6Clubs, 7Hearts, JHearts, QHearts, 7Spades, KSpades, 2Spades.
P2 HAND: 5Diamonds, 4Diamonds, 3Diamonds, KClubs, 4Clubs, AHearts, 6Hearts, 5Hearts, 4Hearts, 4Spades.
P3 HAND: JDiamonds, 6Diamonds, 7Clubs, 2Clubs, KHearts, ASpades, QSpades, 6Spades, 5Spades, 3Spades.
P3 3Spades P0 JSpades P1 2Spades P2 4Spades 
P0 3Hearts P1 QHearts P2 AHearts P3 KHearts 
P2 3Diamonds P3 6Diamonds P0 2Diamonds P1 ADiamonds 
P1 JHearts P2 4Hearts P3 5Spades P0 2Hearts 
P1 6Clubs P2 4Clubs P3 2Clubs P0 JClubs 
P0 3Clubs P1 QClubs P2 KClubs P3 7Clubs 
P3 6Spades P0 KDiamonds P1 KSpades P2 4Diamonds 
P1 7Diamonds P2 5Diamonds P3 JDiamonds P0 QDiamonds 
P1 7Hearts P2 5Hearts P3 QSpades P0 5Clubs 
P0 AClubs P1 7Spades P2 6Hearts P3 ASpades 
-- /GAME --
P0 HAND: KDiamonds, KClubs, JClubs, 5Clubs, AHearts, 7Hearts, JHearts, 2Hearts, 3Spades, 2Spades.
P1 HAND: 7Diamonds, JDiamonds, QDiamonds, 2Clubs, KHearts, QHearts, 5Hearts, 3Hearts, KSpades, QSpades.
P2 HAND: 3Diamonds, AClubs, QClubs, 6Hearts, 4Hearts, ASpades, 7Spades, 6Spades, 5Spades, 4Spades.
P3 HAND: ADiamonds, 6Diamonds, 5Diamonds, 4Diamonds, 2Diamonds, 7Clubs, 6Clubs, 4Clubs, 3Clubs, JSpades.
P3 2Diamonds P0 KDiamonds P1 QDiamonds P2 3Diamonds 
P0 AHearts P1 3Hearts P2 6Hearts P3 3Clubs 
P3 4Diamonds P0 7Hearts P1 JDiamonds P2 QClubs 
P2 4Hearts P3 5Diamonds P0 JHearts P1 KHearts 
P1 5Hearts P2 4Spades P3 6Diamonds P0 2Hearts 
P1 QHearts P2 5Spades P3 4Clubs P0 5Clubs 
P0 3Spades P1 QSpades P2 ASpades P3 JSpades 
P2 6Spades P3 6Clubs P0 2Spades P1 KSpades 
P3 7Clubs P0 KClubs P1 2Clubs P2 AClubs 
P2 7Spades P3 ADiamonds P0 JClubs P1 7Diamonds 
-- /GAME --
P0 HAND: KDiamonds, JDiamonds, 6Diamonds, 4Diamonds, 3Diamonds, 3Clubs, 2Clubs, JHearts, 6Hearts, 5Hearts.
P1 HAND: JClubs, QClubs, 4Clubs, KHearts, QHearts, 3Hearts, 2Hearts, KSpades, QSpades, 3Spades.
P2 HAND: QDiamonds, 2Diamonds, AClubs, KClubs, AHearts, 7Hearts, ASpades, 7Spades, 6Spades, 5Spades.
P3 HAND: ADiamonds, 7Diamonds, 5Diamonds, 7Clubs, 6Clubs, 5Clubs, 4Hearts, JSpades, 4Spades, 2Spades.
P2 AClubs P3 5Clubs P0 2Clubs P1 4Clubs 
P2 ASpades P3 2Spades P0 KDiamonds P1 3Spades 
P2 2Diamonds P3 ADiamonds P0 6Diamonds P1 KSpades 
P3 4Spades P0 6Hearts P1 QSpades P2 7Spades 
P0 3Clubs P1 QClubs P2 KClubs P3 7Clubs 
P3 5Diamonds P0 JDiamonds P1 2Hearts P2 QDiamonds 
P1 JClubs P2 5Spades P3 6Clubs P0 JHearts 
P0 3Diamonds P1 3Hearts P2 6Spades P3 7Diamonds 
P1 QHearts P2 7Hearts P3 4Hearts P0 5Hearts 
P2 AHearts P3 JSpades P0 4Diamonds P1 KHearts 
-- /GAME --
P0 HAND: ADiamonds, JDiamonds, 3Diamonds, KClubs, JClubs, QClubs, 6Hearts, 4Hearts, 3Hearts, JSpades.
P1 HAND: 7Diamonds, 5Diamonds, 4Diamonds, 2Diamonds, AClubs, 4Clubs, 2Clubs, ASpades, 4Spades, 2Spades.
P2 HAND: QDiamonds, 6Diamonds, 7Clubs, 6Clubs, 3Clubs, AHearts, 7Hearts, KHearts, 5Hearts, 3Spades.
P3 HAND: KDiamonds, 5Clubs, JHearts, QHearts, 2Hearts, 7Spades, KSpades, QSpades, 6Spades, 5Spades.
P1 AClubs P2 3Clubs P3 5Clubs P0 QClubs 
P1 ASpades P2 3Spades P3 7Spades P0 JSpades 
P1 2Clubs P2 6Clubs P3 2Hearts P0 KClubs 
P0 6Hearts P1 2Spades P2 AHearts P3 QHearts 
P2 5Hearts P3 JHearts P0 4Hearts P1 4Clubs 
P3 5Spades P0 3Diamonds P1 4Spades P2 7Clubs 
P0 JClubs P1 2Diamonds P2 6Diamonds P3 6Spades 
P2 QDiamonds P3 KDiamonds P0 JDiamonds P1 4Diamonds 
P3 QSpades P0 3Hearts P1 5Diamonds P2 KHearts 
P1 7Diamonds P2 7Hearts P3 KSpades P0 ADiamonds 
-- /GAME --
P0 HAND: 6Diamonds, 2Diamonds, 7Clubs, 4Clubs, 3Clubs, 2Clubs, 7Hearts, QHearts, 6Hearts, 5Hearts.
P1 HAND: ADiamonds, 4Diamonds, AClubs, KClubs, 6Clubs, JHearts, 2Hearts, ASpades, 7Spades, QSpades.
P2 HAND: 7Diamonds, QDiamonds, 5Diamonds, 3Diamonds, JClubs, KHearts, 3Hearts, JSpades, 6Spades, 2Spades.
P3 HAND: KDiamonds, JDiamonds, QClubs, 5Clubs, AHearts, 4Hearts, KSpades, 5Spades, 4Spades, 3Spades.

