-- GAME --
P0 HAND: QDiamonds, 6Diamonds, 5Clubs, 4Clubs, 3Clubs, 5Hearts, ASpades, 6Spades, 4Spades, 3Spades.
P1 HAND: 7Diamonds, 3Diamonds, 2Diamonds, AClubs, 7Clubs, 7Hearts, 3Hearts, 7Spades, JSpades, QSpades.
P2 HAND: KClubs, QClubs, 6Clubs, 2Clubs, AHearts, JHearts, QHearts, 6Hearts, 4Hearts, 2Spades.
P3 HAND: ADiamonds, KDiamonds, JDiamonds, 5Diamonds, 4Diamonds, JClubs, KHearts, 2Hearts, KSpades, 5Spades.
P0 5Hearts P1 3Hearts P2 AHearts P3 2Hearts 
P2 2Clubs P3 JClubs P0 4Clubs P1 AClubs 
P1 2Diamonds P2 4Hearts P3 ADiamonds P0 6Diamonds 
P3 4Diamonds P0 QDiamonds P1 3Diamonds P2 KClubs 
P0 3Clubs P1 7Clubs P2 6Clubs P3 KDiamonds 
P1 QSpades P2 2Spades P3 5Spades P0 3Spades 
P1 JSpades P2 6Hearts P3 KSpades P0 ASpades 
P0 5Clubs P1 7Spades P2 QClubs P3 KHearts 
P1 7Diamonds P2 QHearts P3 5Diamonds P0 4Spades 
P0 6Spades P1 7Hearts P2 JHearts P3 JDiamonds 
-- /GAME --
P0 HAND: 7Diamonds, QDiamonds, 6Diamonds, 3Diamonds, 2Diamonds, QClubs, 2Clubs, AHearts, 4Spades, 3Spades.
P1 HAND: KDiamonds, 5Diamonds, KClubs, 4Clubs, JHearts, 6Hearts, 3Hearts, 2Hearts, 7Spades, KSpades.
P2 HAND: ADiamonds, JDiamonds, AClubs, 7Clubs, JClubs, 3Clubs, QHearts, JSpades, QSpades, 2Spades.
P3 HAND: 4Diamonds, 6Clubs, 5Clubs, 7Hearts, KHearts, 5Hearts, 4Hearts, ASpades, 6Spades, 5Spades.
P3 4Diamonds P0 2Diamonds P1 5Diamonds P2 ADiamonds 
P2 AClubs P3 5Clubs P0 QClubs P1 4Clubs 
P2 3Clubs P3 6Clubs P0 2Clubs P1 KClubs 
P1 2Hearts P2 QHearts P3 4Hearts P0 AHearts 
P0 3Diamonds P1 KDiamonds P2 JDiamonds P3 7Hearts 
P1 3Hearts P2 2Spades P3 5Hearts P0 7Diamonds 
P2 JClubs P3 5Spades P0 3Spades P1 JHearts 
P3 6Spades P0 4Spades P1 KSpades P2 QSpades 
P1 6Hearts P2 JSpades P3 KHearts P0 QDiamonds 
P2 7Clubs P3 ASpades P0 6Diamonds P1 7Spades 
-- /GAME --
P0 HAND: ADiamonds, 6Diamonds, 4Diamonds, 7Clubs, KClubs, AHearts, 7Hearts, JHearts, JSpades, 4Spades.
P1 HAND: KDiamonds, 5Clubs, 4Clubs, 2Clubs, 4Hearts, 2Hearts, 7Spades, QSpades, 6Spades, 3Spades.
P2 HAND: 7Diamonds, QDiamonds, AClubs, JClubs, 3Clubs, 6Hearts, ASpades, KSpades, 5Spades, 2Spades.
P3 HAND: JDiamonds, 5Diamonds, 3Diamonds, 2Diamonds, QClubs, 6Clubs, KHearts, QHearts, 5Hearts, 3Hearts.
P2 AClubs P3 6Clubs P0 7Clubs P1 2Clubs 
P2 ASpades P3 3Hearts P0 JSpades P1 7Spades 
P3 2Diamonds P0 ADiamonds P1 KDiamonds P2 7Diamonds 
P0 4Spades P1 3Spades P2 2Spades P3 3Diamonds 
P0 4Diamonds P1 4Clubs P2 QDiamonds P3 JDiamonds 
P3 5Diamonds P0 6Diamonds P1 5Clubs P2 KSpades 
P0 KClubs P1 6Spades P2 3Clubs P3 QClubs 
P0 JHearts P1 2Hearts P2 6Hearts P3 5Hearts 
P0 7Hearts P1 4Hearts P2 5Spades P3 QHearts 
P0 AHearts P1 QSpades P2 JClubs P3 KHearts 
-- /GAME --

