-- GAME --
P0 HAND: 7Diamonds, KDiamonds, 6Diamonds, 5Diamonds, 4Diamonds, JClubs, QClubs, 5Hearts, 4Hearts, KSpades.
P1 HAND: ADiamonds, QDiamonds, 2Diamonds, AClubs, 6Clubs, 5Clubs, 4Clubs, 2Clubs, AHearts, 6Hearts.
P2 HAND: 3Diamonds, 7Clubs, KClubs, 3Clubs, 7Hearts, QHearts, 3Hearts, ASpades, JSpades, 5Spades.
P3 HAND: JDiamonds, KHearts, JHearts, 2Hearts, 7Spades, QSpades, 6Spades, 4Spades, 3Spades, 2Spades.
P2 ASpades P3 2Spades P0 KSpades P1 2Clubs 
P1 ADiamonds P2 3Diamonds P3 JDiamonds P0 4Diamonds 
P1 AHearts P2 3Hearts P3 KHearts P0 4Hearts 
P1 2Diamonds P2 5Spades P3 2Hearts P0 7Diamonds 
P0 5Hearts P1 6Hearts P2 QHearts P3 JHearts 
P3 3Spades P0 5Diamonds P1 QDiamonds P2 JSpades 
P2 3Clubs P3 4Spades P0 JClubs P1 4Clubs 
P0 6Diamonds P1 5Clubs P2 KClubs P3 6Spades 
P2 7Clubs P3 QSpades P0 QClubs P1 AClubs 
P1 6Clubs P2 7Hearts P3 7Spades P0 KDiamonds 
-- /GAME --
P0 HAND: 2Diamonds, AClubs, 4Clubs, AHearts, QHearts, 3Hearts, JSpades, 6Spades, 4Spades, 3Spades.
P1 HAND: 7Diamonds, QDiamonds, 6Diamonds, QClubs, 3Clubs, 2Clubs, 6Hearts, 5Hearts, 5Spades, 2Spades.
P2 HAND: 7Clubs, KClubs, JClubs, 6Clubs, JHearts, 4Hearts, ASpades, 7Spades, KSpades, QSpades.
P3 HAND: ADiamonds, KDiamonds, JDiamonds, 5Diamonds, 4Diamonds, 3Diamonds, 5Clubs, 7Hearts, KHearts, 2Hearts.
P1 2Clubs P2 6Clubs P3 5Clubs P0 AClubs 
P0 2Diamonds P1 6Diamonds P2 QSpades P3 ADiamonds 
P3 3Diamonds P0 4Clubs P1 QDiamonds P2 4Hearts 
P2 ASpades P3 2Hearts P0 3Spades P1 5Spades 
P3 4Diamonds P0 4Spades P1 7Diamonds P2 JHearts 
P2 JClubs P3 5Diamonds P0 JSpades P1 3Clubs 
P2 KClubs P3 KHearts P0 6Spades P1 QClubs 
P3 JDiamonds P0 3Hearts P1 2Spades P2 7Clubs 
P0 QHearts P1 5Hearts P2 KSpades P3 7Hearts 
P3 KDiamonds P0 AHearts P1 6Hearts P2 7Spades 
-- /GAME --
P0 HAND: 4Diamonds, 2Diamonds, AClubs, KClubs, 6Clubs, 5Clubs, 2Clubs, QHearts, 4Hearts, 3Spades.
P1 HAND: ADiamonds, 7Diamonds, 3Diamonds, JHearts, 6Hearts, 5Hearts, ASpades, QSpades, 4Spades, 2Spades.
P2 HAND: KDiamonds, 7Clubs, QClubs, 4Clubs, 3Clubs, AHearts, 2Hearts, 7Spades, KSpades, 6Spades.
P3 HAND: JDiamonds, QDiamonds, 6Diamonds, 5Diamonds, JClubs, 7Hearts, KHearts, 3Hearts, JSpades, 5Spades.
P0 AClubs P1 3Diamonds P2 3Clubs P3 JClubs 
P1 ASpades P2 6Spades P3 JSpades P0 3Spades 
P1 2Spades P2 KSpades P3 5Spades P0 KClubs 
P2 AHearts P3 3Hearts P0 QHearts P1 5Hearts 
P2 2Hearts P3 KHearts P0 4Hearts P1 JHearts 
P3 5Diamonds P0 2Diamonds P1 7Diamonds P2 KDiamonds 
P1 4Spades P2 7Spades P3 6Diamonds P0 2Clubs 
P3 QDiamonds P0 4Diamonds P1 ADiamonds P2 4Clubs 
P1 6Hearts P2 QClubs P3 7Hearts P0 5Clubs 
P3 JDiamonds P0 6Clubs P1 QSpades P2 7Clubs 
-- /GAME --
P0 HAND: KDiamonds, 2Diamonds, 7Clubs, 4Clubs, 2Clubs, AHearts, 4Hearts, JSpades, QSpades, 2Spades.
P1 HAND: AClubs, KClubs, KHearts, JHearts, QHearts, 5Hearts, ASpades, KSpades, 6Spades, 3Spades.
P2 HAND: ADiamonds, QDiamonds, 5Diamonds, 3Diamonds, QClubs, 3Clubs, 7Hearts, 2Hearts, 5Spades, 4Spades.
P3 HAND: 7Diamonds, JDiamonds, 6Diamonds, 4Diamonds, JClubs, 6Clubs, 5Clubs, 6Hearts, 3Hearts, 7Spades.
P0 AHearts P1 5Hearts P2 7Hearts P3 3Hearts 
P0 4Hearts P1 QHearts P2 2Hearts P3 6Hearts 
P1 AClubs P2 3Clubs P3 JClubs P0 2Clubs 
P1 ASpades P2 4Spades P3 7Spades P0 2Spades 
P1 3Spades P2 5Spades P3 5Clubs P0 JSpades 
P0 QSpades P1 6Spades P2 QClubs P3 6Clubs 
P0 2Diamonds P1 JHearts P2 3Diamonds P3 4Diamonds 
P3 6Diamonds P0 KDiamonds P1 KClubs P2 5Diamonds 
P0 4Clubs P1 KHearts P2 QDiamonds P3 JDiamonds 
P3 7Diamonds P0 7Clubs P1 KSpades P2 ADiamonds 
-- /GAME --
P0 HAND: KDiamonds, JDiamonds, AClubs, KClubs, 6Clubs, 3Clubs, JHearts, 4Hearts, JSpades, 5Spades.
P1 HAND: ADiamonds, QDiamonds, 6Diamonds, 5Clubs, 4Clubs, 2Clubs, QHearts, 6Hearts, 6Spades, 3Spades.
P2 HAND: 7Diamonds, 5Diamonds, 3Diamonds, 7Clubs, QClubs, AHearts, 5Hearts, 2Hearts, QSpades, 4Spades.
P3 HAND: 4Diamonds, 2Diamonds, JClubs, 7Hearts, KHearts, 3Hearts, ASpades, 7Spades, KSpades, 2Spades.
P3 ASpades P0 5Spades P1 6Spades P2 4Spades 
P3 2Diamonds P0 JDiamonds P1 ADiamonds P2 3Diamonds 
P1 2Clubs P2 QClubs P3 JClubs P0 AClubs 
P0 JSpades P1 3Spades P2 QSpades P3 7Spades 
P3 2Spades P0 3Clubs P1 4Clubs P2 5Diamonds 
P3 4Diamonds P0 KDiamonds P1 6Diamonds P2 7Diamonds 
P2 2Hearts P3 3Hearts P0 4Hearts P1 6Hearts 
P1 5Clubs P2 7Clubs P3 KHearts P0 6Clubs 
P3 7Hearts P0 JHearts P1 QHearts P2 AHearts 
P2 5Hearts P3 KSpades P0 KClubs P1 QDiamonds 
-- /GAME --
P0 HAND: 7Diamonds, JDiamonds, 3Diamonds, QClubs, 5Clubs, AHearts, 3Hearts, ASpades, JSpades, 2Spades.
P1 HAND: 6Diamonds, 4Diamonds, AClubs, 7Clubs, 7Hearts, 6Hearts, 4Hearts, 7Spades, QSpades, 5Spades.
P2 HAND: ADiamonds, KDiamonds, QDiamonds, 5Diamonds, KClubs, 6Clubs, 4Clubs, 5Hearts, 2Hearts, KSpades.
P3 HAND: 2Diamonds, JClubs, 3Clubs, 2Clubs, KHearts, JHearts, QHearts, 6Spades, 4Spades, 3Spades.
P2 ADiamonds P3 2Diamonds P0 7Diamonds P1 4Diamonds 
P2 4Clubs P3 2Clubs P0 5Clubs P1 AClubs 
P1 5Spades P2 KSpades P3 3Spades P0 ASpades 
P0 2Spades P1 QSpades P2 5Diamonds P3 6Spades 
P1 6Diamonds P2 QDiamonds P3 3Clubs P0 JDiamonds 
P0 JSpades P1 7Spades P2 2Hearts P3 4Spades 
P2 6Clubs P3 JClubs P0 QClubs P1 7Clubs 
P1 4Hearts P2 5Hearts P3 QHearts P0 3Hearts 
P3 JHearts P0 AHearts P1 6Hearts P2 KDiamonds 
P0 3Diamonds P1 7Hearts P2 KClubs P3 KHearts 
-- /GAME --
P0 HAND: KDiamonds, JDiamonds, JClubs, QClubs, 6Clubs, 2Hearts, QSpades, 5Spades, 4Spades, 3Spades.
P1 HAND: 7Diamonds, 6Diamonds, 3Diamonds, 7Clubs, KClubs, KHearts, 6Hearts, 4Hearts, 3Hearts, ASpades.
P2 HAND: ADiamonds, 5Diamonds, 4Diamonds, 2Diamonds, 4Clubs, AHearts, QHearts, 5Hearts, KSpades, 2Spades.
P3 HAND: QDiamonds, AClubs, 5Clubs, 3Clubs, 2Clubs, 7Hearts, JHearts, 7Spades, JSpades, 6Spades.
P1 3Diamonds P2 ADiamonds P3 QDiamonds P0 KDiamonds 
P2 AHearts P3 JHearts P0 2Hearts P1 3Hearts 
P2 2Diamonds P3 2Clubs P0 JDiamonds P1 7Diamonds 
P1 4Hearts P2 5Hearts P3 7Hearts P0 3Spades 
P0 6Clubs P1 KClubs P2 4Clubs P3 AClubs 
P3 3Clubs P0 QClubs P1 7Clubs P2 2Spades 
P2 4Diamonds P3 5Clubs P0 4Spades P1 6Diamonds 
P0 JClubs P1 6Hearts P2 5Diamonds P3 6Spades 
P3 JSpades P0 5Spades P1 ASpades P2 KSpades 
P1 KHearts P2 QHearts P3 7Spades P0 QSpades 
-- /GAME --
P0 HAND: 7Diamonds, JDiamonds, QDiamonds, 4Diamonds, 2Diamonds, 5Clubs, AHearts, 5Hearts, 2Hearts, ASpades.
P1 HAND: ADiamonds, 6Diamonds, KClubs, QClubs, 6Clubs, 3Clubs, JHearts, 6Hearts, 6Spades, 3Spades.
P2 HAND: AClubs, JClubs, 2Clubs, 7Hearts, KHearts, 4Hearts, 3Hearts, KSpades, QSpades, 4Spades.
P3 HAND: KDiamonds, 5Diamonds, 3Diamonds, 7Clubs, 4Clubs, QHearts, 7Spades, JSpades, 5Spades, 2Spades.
P0 AHearts P1 6Hearts P2 7Hearts P3 QHearts 
P0 5Clubs P1 3Clubs P2 AClubs P3 4Clubs 
P2 2Clubs P3 7Clubs P0 ASpades P1 6Clubs 
P0 2Diamonds P1 ADiamonds P2 4Spades P3 3Diamonds 
P2 3Hearts P3 5Diamonds P0 2Hearts P1 JHearts 
P1 6Diamonds P2 4Hearts P3 KDiamonds P0 7Diamonds 
P0 5Hearts P1 QClubs P2 KHearts P3 2Spades 
P3 5Spades P0 4Diamonds P1 3Spades P2 QSpades 
P2 JClubs P3 JSpades P0 QDiamonds P1 KClubs 
P3 7Spades P0 JDiamonds P1 6Spades P2 KSpades 
-- /GAME --
P0 HAND: KDiamonds, JDiamonds, QDiamonds, AClubs, AHearts, ASpades, KSpades, 6Spades, 4Spades, 3Spades.
P1 HAND: 2Diamonds, JClubs, 6Clubs, 5Clubs, 7Hearts, QHearts, 5Hearts, 3Hearts, 2Hearts, 5Spades.
P2 HAND: ADiamonds, 5Diamonds, 3Diamonds, KClubs, QClubs, 3Clubs, KHearts, JHearts, 4Hearts, 2Spades.
P3 HAND: 7Diamonds, 6Diamonds, 4Diamonds, 7Clubs, 4Clubs, 2Clubs, 6Hearts, 7Spades, JSpades, QSpades.
P3 2Clubs P0 AClubs P1 5Clubs P2 KClubs 
P0 QDiamonds P1 2Diamonds P2 ADiamonds P3 4Diamonds 
P2 3Diamonds P3 6Diamonds P0 JDiamonds P1 2Hearts 
P0 AHearts P1 3Hearts P2 KHearts P3 6Hearts 
P0 KDiamonds P1 5Hearts P2 5Diamonds P3 7Diamonds 
P3 4Clubs P0 3Spades P1 6Clubs P2 QClubs 
P0 KSpades P1 5Spades P2 2Spades P3 QSpades 
P0 ASpades P1 QHearts P2 JHearts P3 JSpades 
P0 4Spades P1 JClubs P2 3Clubs P3 7Spades 
P3 7Clubs P0 6Spades P1 7Hearts P2 4Hearts 
-- /GAME --
P0 HAND: ADiamonds, JDiamonds, JClubs, JHearts, 4Hearts, 3Hearts, 7Spades, KSpades, QSpades, 6Spades.
P1 HAND: 7Diamonds, QDiamonds, 2Diamonds, AClubs, KClubs, 5Clubs, KHearts, 2Hearts, 4Spades, 2Spades.
P2 HAND: KDiamonds, 6Diamonds, 5Diamonds, QClubs, 3Clubs, AHearts, 7Hearts, 6Hearts, JSpades, 5Spades.
P3 HAND: 4Diamonds, 3Diamonds, 7Clubs, 6Clubs, 4Clubs, 2Clubs, QHearts, 5Hearts, ASpades, 3Spades.
P2 AHearts P3 5Hearts P0 JHearts P1 2Hearts 
P2 3Clubs P3 2Clubs P0 JClubs P1 AClubs 
P1 2Spades P2 5Spades P3 ASpades P0 6Spades 
P3 3Spades P0 7Spades P1 4Spades P2 JSpades 
P0 3Hearts P1 KHearts P2 7Hearts P3 QHearts 
P2 6Hearts P3 4Clubs P0 4Hearts P1 5Clubs 
P2 QClubs P3 6Clubs P0 QSpades P1 KClubs 
P1 2Diamonds P2 5Diamonds P3 3Diamonds P0 JDiamonds 
P0 KSpades P1 QDiamonds P2 KDiamonds P3 7Clubs 
P2 6Diamonds P3 4Diamonds P0 ADiamonds P1 7Diamonds 
-- /GAME --
P0 HAND: KDiamonds, 2Diamonds, AClubs, KClubs, QClubs, JHearts, QHearts, 6Hearts, 5Hearts, JSpades.
P1 HAND: 6Diamonds, 5Diamonds, JClubs, 6Clubs, 5Clubs, 3Clubs, 7Spades, 6Spades, 3Spades, 2Spades.
P2 HAND: ADiamonds, 3Diamonds, 7Clubs, 4Clubs, 2Clubs, AHearts, 4Hearts, 2Hearts, ASpades, KSpades.
P3 HAND: 7Diamonds, JDiamonds, QDiamonds, 4Diamonds, 7Hearts, KHearts, 3Hearts, QSpades, 5Spades, 4Spades.
P1 2Spades P2 ASpades P3 4Spades P0 JSpades 
P2 ADiamonds P3 4Diamonds P0 KDiamonds P1 5Diamonds 
P2 2Clubs P3 5Spades P0 AClubs P1 3Clubs 
P0 2Diamonds P1 6Diamonds P2 3Diamonds P3 7Diamonds 
P3 QDiamonds P0 5Hearts P1 3Spades P2 7Clubs 
P0 QClubs P1 5Clubs P2 4Clubs P3 QSpades 
P0 KClubs P1 6Clubs P2 2Hearts P3 3Hearts 
P3 JDiamonds P0 6Hearts P1 6Spades P2 KSpades 
P0 QHearts P1 JClubs P2 4Hearts P3 KHearts 
P3 7Hearts P0 JHearts P1 7Spades P2 AHearts 
-- /GAME --
P0 HAND: 7Diamonds, 6Diamonds, 4Diamonds, 7Clubs, JClubs, KHearts, 6Hearts, 4Hearts, 3Hearts, JSpades.
P1 HAND: AClubs, 6Clubs, 5Clubs, 4Clubs, 3Clubs, AHearts, 2Hearts, 7Spades, KSpades, QSpades.
P2 HAND: KDiamonds, JDiamonds, 5Diamonds, 3Diamonds, QHearts, 5Hearts, 6Spades, 5Spades, 4Spades, 2Spades.
P3 HAND: ADiamonds, QDiamonds, 2Diamonds, KClubs, QClubs, 2Clubs, 7Hearts, JHearts, ASpades, 3Spades.
P3 ASpades P0 JSpades P1 7Spades P2 2Spades 
P3 2Clubs P0 JClubs P1 AClubs P2 3Diamonds 
P2 4Spades P3 3Spades P0 3Hearts P1 KSpades 
P1 AHearts P2 5Hearts P3 7Hearts P0 4Hearts 
P1 2Hearts P2 QHearts P3 JHearts P0 KHearts 
P0 6Hearts P1 3Clubs P2 5Spades P3 QClubs 
P0 4Diamonds P1 4Clubs P2 5Diamonds P3 2Diamonds 
P2 6Spades P3 QDiamonds P0 7Diamonds P1 QSpades 
P0 6Diamonds P1 5Clubs P2 JDiamonds P3 ADiamonds 
P3 KClubs P0 7Clubs P1 6Clubs P2 KDiamonds 
-- /GAME --
P0 HAND: KDiamonds, 6Diamonds, KClubs, 7Hearts, KHearts, ASpades, 7Spades, KSpades, 5Spades, 2Spades.
P1 HAND: JDiamonds, 2Diamonds, QClubs, 6Clubs, 3Clubs, AHearts, JHearts, QHearts, 5Hearts, JSpades.
P2 HAND: 7Diamonds, QDiamonds, 5Diamonds, 4Diamonds, 3Diamonds, 5Clubs, 2Clubs, 6Hearts, 6Spades, 3Spades.
P3 HAND: ADiamonds, AClubs, 7Clubs, JClubs, 4Clubs, 4Hearts, 3Hearts, 2Hearts, QSpades, 4Spades.
P2 2Clubs P3 AClubs P0 KClubs P1 QClubs 
P3 2Hearts P0 KHearts P1 AHearts P2 6Hearts 
P1 3Clubs P2 5Clubs P3 4Clubs P0 7Hearts 
P2 3Spades P3 4Spades P0 ASpades P1 JSpades 
P0 6Diamonds P1 2Diamonds P2 3Diamonds P3 ADiamonds 
P3 3Hearts P0 2Spades P1 5Hearts P2 6Spades 
P1 6Clubs P2 4Diamonds P3 JClubs P0 7Spades 
P2 5Diamonds P3 4Hearts P0 KDiamonds P1 JDiamonds 
P0 5Spades P1 QHearts P2 QDiamonds P3 QSpades 
P2 7Diamonds P3 7Clubs P0 KSpades P1 JHearts 
-- /GAME --
P0 HAND: QDiamonds, 6Diamonds, JClubs, 6Clubs, 4Clubs, 3Clubs, QHearts, 5Hearts, 2Hearts, 5Spades.
P1 HAND: 7Diamonds, JDiamonds, 2Diamonds, 7Hearts, KHearts, ASpades, KSpades, 6Spades, 4Spades, 2Spades.
P2 HAND: KDiamonds, 5Diamonds, 4Diamonds, KClubs, QClubs, 2Clubs, JHearts, 4Hearts, 3Hearts, JSpades.
P3 HAND: ADiamonds, 3Diamonds, AClubs, 7Clubs, 5Clubs, AHearts, 6Hearts, 7Spades, QSpades, 3Spades.
P1 2Diamonds P2 4Diamonds P3 ADiamonds P0 6Diamonds 
P3 AHearts P0 2Hearts P1 7Hearts P2 3Hearts 
P3 3Diamonds P0 QDiamonds P1 7Diamonds P2 5Diamonds 
P1 2Spades P2 JSpades P3 3Spades P0 5Spades 
P2 4Hearts P3 6Hearts P0 5Hearts P1 KHearts 
P1 4Spades P2 2Clubs P3 QSpades P0 QHearts 
P2 JHearts P3 5Clubs P0 6Clubs P1 6Spades 
P0 3Clubs P1 JDiamonds P2 QClubs P3 7Clubs 
P3 AClubs P0 4Clubs P1 ASpades P2 KClubs 
P3 7Spades P0 JClubs P1 KSpades P2 KDiamonds 
-- /GAME --
P0 HAND: ADiamonds, 7Diamonds, 6Diamonds, 2Diamonds, QClubs, JHearts, 4Hearts, ASpades, 7Spades, 5Spades.
P1 HAND: 7Clubs, 6Clubs, 5Clubs, 4Clubs, 2Clubs, AHearts, 6Hearts, 5Hearts, 2Hearts, 2Spades.
P2 HAND: QDiamonds, 5Diamonds, 4Diamonds, KClubs, 3Clubs, QHearts, 3Hearts, KSpades, QSpades, 4Spades.
P3 HAND: KDiamonds, JDiamonds, 3Diamonds, AClubs, JClubs, 7Hearts, KHearts, JSpades, 6Spades, 3Spades.
P0 ADiamonds P1 2Spades P2 4Diamonds P3 KDiamonds 
P1 AHearts P2 3Hearts P3 7Hearts P0 4Hearts 
P1 2Clubs P2 3Clubs P3 AClubs P0 QClubs 
P3 3Diamonds P0 2Diamonds P1 2Hearts P2 QDiamonds 
P2 5Diamonds P3 JDiamonds P0 6Diamonds P1 7Clubs 
P3 JClubs P0 JHearts P1 4Clubs P2 KClubs 
P2 QHearts P3 KHearts P0 5Spades P1 5Hearts 
P0 7Spades P1 5Clubs P2 4Spades P3 3Spades 
P0 ASpades P1 6Clubs P2 QSpades P3 6Spades 
P0 7Diamonds P1 6Hearts P2 KSpades P3 JSpades 
-- /GAME --
P0 HAND: KDiamonds, JDiamonds, QDiamonds, 6Diamonds, 2Diamonds, AClubs, 7Clubs, 6Hearts, 6Spades, 3Spades.
P1 HAND: 5Diamonds, KClubs, 5Clubs, 7Hearts, KHearts, 5Hearts, 4Hearts, 2Hearts, KSpades, JSpades.
P2 HAND: ADiamonds, 4Diamonds, 3Diamonds, JClubs, 4Clubs, 3Clubs, 2Clubs, QHearts, QSpades, 4Spades.
P3 HAND: 7Diamonds, QClubs, 6Clubs, AHearts, JHearts, 3Hearts, ASpades, 7Spades, 5Spades, 2Spades.
P3 AHearts P0 6Hearts P1 7Hearts P2 QHearts 
P3 ASpades P0 3Spades P1 KSpades P2 4Spades 
P3 2Spades P0 6Spades P1 JSpades P2 QSpades 
P1 2Hearts P2 3Diamonds P3 3Hearts P0 KDiamonds 
P3 5Spades P0 2Diamonds P1 4Hearts P2 4Diamonds 
P3 JHearts P0 6Diamonds P1 5Hearts P2 2Clubs 
P2 3Clubs P3 6Clubs P0 7Clubs P1 5Clubs 
P0 QDiamonds P1 5Diamonds P2 ADiamonds P3 7Diamonds 
P2 4Clubs P3 QClubs P0 AClubs P1 KClubs 
P0 JDiamonds P1 KHearts P2 JClubs P3 7Spades 
-- /GAME --

