-- GAME --
P0 HAND: ADiamonds, 7Diamonds, JDiamonds, 5Diamonds, 2Diamonds, AClubs, KClubs, 3Hearts, 4Spades, 2Spades.
P1 HAND: 6Diamonds, 4Diamonds, 7Clubs, JClubs, 6Clubs, 2Clubs, 7Hearts, 4Hearts, 2Hearts, 5Spades.
P2 HAND: QClubs, 5Clubs, 4Clubs, 3Clubs, KHearts, JHearts, 6Hearts, 5Hearts, JSpades, 6Spades.
P3 HAND: KDiamonds, QDiamonds, 3Diamonds, AHearts, QHearts, ASpades, 7Spades, KSpades, QSpades, 3Spades.
P2 3Clubs P3 3Diamonds P0 AClubs P1 2Clubs 
P0 ADiamonds P1 4Diamonds P2 JSpades P3 QDiamonds 
P0 5Diamonds P1 6Diamonds P2 4Clubs P3 KDiamonds 
P3 3Spades P0 4Spades P1 5Spades P2 6Spades 
P2 5Clubs P3 QSpades P0 KClubs P1 7Clubs 
P1 6Clubs P2 QClubs P3 QHearts P0 2Spades 
P3 AHearts P0 3Hearts P1 2Hearts P2 5Hearts 
P3 KSpades P0 7Diamonds P1 4Hearts P2 6Hearts 
P2 JHearts P3 7Spades P0 2Diamonds P1 7Hearts 
P1 JClubs P2 KHearts P3 ASpades P0 JDiamonds 
-- /GAME --
P0 HAND: KDiamonds, 5Diamonds, 5Clubs, AHearts, 7Hearts, JHearts, 5Hearts, KSpades, 6Spades, 3Spades.
P1 HAND: 7Diamonds, JDiamonds, 3Diamonds, 2Diamonds, AClubs, KClubs, 2Clubs, 3Hearts, ASpades, 5Spades.
P2 HAND: ADiamonds, 6Diamonds, 4Diamonds, 6Clubs, 4Clubs, 3Clubs, KHearts, QHearts, JSpades, QSpades.
P3 HAND: QDiamonds, 7Clubs, JClubs, QClubs, 6Hearts, 4Hearts, 2Hearts, 7Spades, 4Spades, 2Spades.
P1 AClubs P2 3Clubs P3 7Clubs P0 5Clubs 
P1 ASpades P2 QSpades P3 7Spades P0 3Spades 
P1 2Diamonds P2 ADiamonds P3 QDiamonds P0 KDiamonds 
P2 4Diamonds P3 2Spades P0 5Diamonds P1 7Diamonds 
P1 2Clubs P2 4Clubs P3 QClubs P0 6Spades 
P3 4Spades P0 KSpades P1 5Spades P2 JSpades 
P0 AHearts P1 3Hearts P2 QHearts P3 2Hearts 
P0 7Hearts P1 3Diamonds P2 KHearts P3 4Hearts 
P0 JHearts P1 JDiamonds P2 6Diamonds P3 6Hearts 
P0 5Hearts P1 KClubs P2 6Clubs P3 JClubs 
-- /GAME --
P0 HAND: QDiamonds, 2Diamonds, AClubs, 3Clubs, 2Clubs, JHearts, 4Hearts, KSpades, 3Spades, 2Spades.
P1 HAND: KDiamonds, 6Diamonds, 6Clubs, 4Clubs, AHearts, KHearts, 2Hearts, 7Spades, JSpades, QSpades.
P2 HAND: JDiamonds, 4Diamonds, 3Diamonds, 7Clubs, QClubs, QHearts, 6Hearts, 3Hearts, 6Spades, 5Spades.
P3 HAND: ADiamonds, 7Diamonds, 5Diamonds, KClubs, JClubs, 5Clubs, 7Hearts, 5Hearts, ASpades, 4Spades.
P0 AClubs P1 4Clubs P2 7Clubs P3 5Clubs 
P0 3Spades P1 QSpades P2 5Spades P3 ASpades 
P3 4Spades P0 KSpades P1 7Spades P2 6Spades 
P1 AHearts P2 3Hearts P3 7Hearts P0 4Hearts 
P1 2Hearts P2 6Hearts P3 5Hearts P0 JHearts 
P0 2Spades P1 JSpades P2 QClubs P3 KClubs 
P1 6Clubs P2 QHearts P3 JClubs P0 2Clubs 
P3 5Diamonds P0 QDiamonds P1 6Diamonds P2 3Diamonds 
P0 2Diamonds P1 KDiamonds P2 4Diamonds P3 7Diamonds 
P3 ADiamonds P0 3Clubs P1 KHearts P2 JDiamonds 
-- /GAME --
P0 HAND: 7Diamonds, QDiamonds, 5Diamonds, KClubs, 7Hearts, 2Hearts, 7Spades, 6Spades, 3Spades, 2Spades.
P1 HAND: JDiamonds, 4Diamonds, QClubs, 2Clubs, AHearts, 6Hearts, 3Hearts, QSpades, 5Spades, 4Spades.
P2 HAND: ADiamonds, 2Diamonds, 6Clubs, 5Clubs, KHearts, JHearts, QHearts, 4Hearts, ASpades, KSpades.
P3 HAND: KDiamonds, 6Diamonds, 3Diamonds, AClubs, 7Clubs, JClubs, 4Clubs, 3Clubs, 5Hearts, JSpades.

