-- GAME --
P0 HAND: KDiamonds, 4Diamonds, 3Diamonds, AClubs, QClubs, 4Clubs, 3Clubs, 5Hearts, JSpades, 4Spades.
P1 HAND: ADiamonds, JDiamonds, QDiamonds, 2Diamonds, JClubs, QHearts, 6Hearts, 4Hearts, 2Hearts, QSpades.
P2 HAND: 7Diamonds, 5Diamonds, 7Clubs, 6Clubs, 5Clubs, 2Clubs, AHearts, KHearts, 3Hearts, KSpades.
P3 HAND: 6Diamonds, KClubs, 7Hearts, JHearts, ASpades, 7Spades, 6Spades, 5Spades, 3Spades, 2Spades.
P3 2Spades P0 JSpades P1 QSpades P2 KSpades 
P2 2Clubs P3 KClubs P0 AClubs P1 JClubs 
P0 KDiamonds P1 ADiamonds P2 5Diamonds P3 6Diamonds 
P1 2Diamonds P2 7Diamonds P3 JHearts P0 4Diamonds 
P3 3Spades P0 4Spades P1 QDiamonds P2 7Clubs 
P0 3Diamonds P1 JDiamonds P2 5Clubs P3 ASpades 
P1 2Hearts P2 3Hearts P3 7Hearts P0 5Hearts 
P3 5Spades P0 QClubs P1 4Hearts P2 6Clubs 
P1 6Hearts P2 KHearts P3 6Spades P0 4Clubs 
P2 AHearts P3 7Spades P0 3Clubs P1 QHearts 
-- /GAME --
P0 HAND: 4Diamonds, 3Diamonds, QClubs, 4Clubs, 3Clubs, AHearts, 7Hearts, JHearts, 2Hearts, 6Spades.
P1 HAND: 7Diamonds, 5Diamonds, AClubs, KClubs, 5Clubs, QHearts, 5Hearts, ASpades, 5Spades, 2Spades.
P2 HAND: ADiamonds, 6Diamonds, 6Clubs, 2Clubs, 6Hearts, 3Hearts, KSpades, JSpades, QSpades, 3Spades.
P3 HAND: KDiamonds, JDiamonds, QDiamonds, 2Diamonds, 7Clubs, JClubs, KHearts, 4Hearts, 7Spades, 4Spades.
P2 2Clubs P3 JClubs P0 4Clubs P1 AClubs 
P1 ASpades P2 3Spades P3 7Spades P0 6Spades 
P1 2Spades P2 QSpades P3 4Spades P0 7Hearts 
P2 3Hearts P3 4Hearts P0 AHearts P1 5Hearts 
P0 3Clubs P1 5Clubs P2 6Clubs P3 7Clubs 
P3 2Diamonds P0 3Diamonds P1 5Diamonds P2 6Diamonds 
P2 6Hearts P3 KHearts P0 2Hearts P1 QHearts 
P3 QDiamonds P0 4Diamonds P1 7Diamonds P2 ADiamonds 
P2 JSpades P3 JDiamonds P0 JHearts P1 5Spades 
P3 KDiamonds P0 QClubs P1 KClubs P2 KSpades 
-- /GAME --
P0 HAND: 7Diamonds, JDiamonds, AClubs, JClubs, KHearts, ASpades, 7Spades, KSpades, JSpades, 3Spades.
P1 HAND: ADiamonds, 2Diamonds, 7Clubs, QClubs, 6Clubs, 4Clubs, JHearts, 5Hearts, 6Spades, 5Spades.
P2 HAND: 6Diamonds, 3Diamonds, 5Clubs, 3Clubs, 7Hearts, QHearts, 4Hearts, 3Hearts, QSpades, 4Spades.
P3 HAND: KDiamonds, QDiamonds, 5Diamonds, 4Diamonds, KClubs, 2Clubs, AHearts, 6Hearts, 2Hearts, 2Spades.
P1 ADiamonds P2 3Diamonds P3 KDiamonds P0 JDiamonds 
P1 2Diamonds P2 6Diamonds P3 4Diamonds P0 7Diamonds 
P0 AClubs P1 4Clubs P2 5Clubs P3 2Clubs 
P0 KHearts P1 5Hearts P2 3Hearts P3 AHearts 
P3 2Hearts P0 JClubs P1 JHearts P2 7Hearts 
P2 3Clubs P3 KClubs P0 3Spades P1 6Clubs 
P0 JSpades P1 5Spades P2 4Spades P3 2Spades 
P0 KSpades P1 6Spades P2 QSpades P3 5Diamonds 
P0 7Spades P1 QClubs P2 4Hearts P3 6Hearts 
P0 ASpades P1 7Clubs P2 QHearts P3 QDiamonds 
-- /GAME --
P0 HAND: 5Diamonds, 4Diamonds, 5Clubs, 3Clubs, JHearts, QHearts, 6Hearts, 2Hearts, ASpades, KSpades.
P1 HAND: 7Diamonds, QDiamonds, 2Diamonds, KClubs, JClubs, 4Clubs, KHearts, 5Hearts, 3Hearts, 7Spades.
P2 HAND: JDiamonds, 6Diamonds, 3Diamonds, 7Clubs, AHearts, 7Hearts, 6Spades, 5Spades, 4Spades, 2Spades.
P3 HAND: ADiamonds, KDiamonds, AClubs, QClubs, 6Clubs, 2Clubs, 4Hearts, JSpades, QSpades, 3Spades.
P0 ASpades P1 7Spades P2 6Spades P3 3Spades 
P0 4Diamonds P1 2Diamonds P2 3Diamonds P3 ADiamonds 
P3 4Hearts P0 2Hearts P1 3Hearts P2 AHearts 
P2 2Spades P3 QSpades P0 KSpades P1 4Clubs 
P1 5Hearts P2 7Hearts P3 2Clubs P0 6Hearts 
P3 JSpades P0 3Clubs P1 QDiamonds P2 5Spades 
P0 5Clubs P1 JClubs P2 7Clubs P3 AClubs 
P3 6Clubs P0 5Diamonds P1 KClubs P2 4Spades 
P1 KHearts P2 6Diamonds P3 KDiamonds P0 QHearts 
P1 7Diamonds P2 JDiamonds P3 QClubs P0 JHearts 
-- /GAME --
P0 HAND: ADiamonds, KHearts, JHearts, QHearts, 6Hearts, 2Hearts, KSpades, 4Spades, 3Spades, 2Spades.
P1 HAND: KDiamonds, 6Diamonds, 3Diamonds, 7Clubs, 6Clubs, 3Clubs, AHearts, ASpades, 7Spades, JSpades.
P2 HAND: 7Diamonds, JDiamonds, 4Diamonds, JClubs, 5Clubs, 4Clubs, 2Clubs, 7Hearts, QSpades, 5Spades.
P3 HAND: QDiamonds, 5Diamonds, 2Diamonds, AClubs, KClubs, QClubs, 5Hearts, 4Hearts, 3Hearts, 6Spades.

