-- GAME --
P3 5Spades 
P0 4Spades P1 JSpades P2 2Spades P3 KSpades 
P3 AClubs P0 2Clubs P1 JClubs P2 4Clubs 
P3 3Clubs P0 7Clubs P1 6Clubs P2 JDiamonds 
P0 KClubs P1 QClubs P2 4Hearts P3 5Clubs 
P2 QHearts P3 KHearts P0 6Diamonds P1 KDiamonds 
P3 QDiamonds P0 3Spades P1 3Diamonds P2 JHearts 
P2 AHearts P3 7Hearts P0 QSpades P1 5Diamonds 
-- /GAME --
P0 HAND: ADiamonds, JDiamonds, 3Clubs, AHearts, QHearts, 6Hearts, 4Hearts, ASpades, JSpades, QSpades.
P1 HAND: 7Diamonds, KDiamonds, 6Diamonds, 4Diamonds, 2Diamonds, 2Clubs, KHearts, JHearts, 5Hearts, 3Hearts.
P2 HAND: 5Diamonds, 3Diamonds, AClubs, 7Clubs, 4Clubs, 2Hearts, 7Spades, KSpades, 6Spades, 4Spades.
P3 HAND: QDiamonds, KClubs, JClubs, QClubs, 6Clubs, 5Clubs, 7Hearts, 5Spades, 3Spades, 2Spades.
P3 5Clubs P0 3Clubs P1 2Clubs P2 AClubs 
P2 2Hearts P3 7Hearts P0 AHearts P1 3Hearts 
P0 ADiamonds P1 2Diamonds P2 5Diamonds P3 QDiamonds 
P0 JDiamonds P1 4Diamonds P2 3Diamonds P3 6Clubs 
P0 6Hearts P1 5Hearts P2 4Clubs P3 QClubs 
P0 4Hearts P1 JHearts P2 4Spades P3 2Spades 
P2 6Spades P3 3Spades P0 QSpades P1 6Diamonds 
P0 QHearts P1 KHearts P2 KSpades P3 JClubs 
P2 7Spades P3 5Spades P0 JSpades P1 KDiamonds 
P2 7Clubs P3 KClubs P0 ASpades P1 7Diamonds 
-- /GAME --
P0 HAND: KDiamonds, 4Diamonds, KClubs, QClubs, KHearts, JHearts, 3Hearts, ASpades, KSpades, 3Spades.
P1 HAND: 3Diamonds, 7Clubs, JClubs, 6Clubs, 2Clubs, AHearts, 7Hearts, QSpades, 5Spades, 2Spades.
P2 HAND: JDiamonds, QDiamonds, 5Clubs, 4Clubs, QHearts, 5Hearts, 4Hearts, JSpades, 6Spades, 4Spades.
P3 HAND: ADiamonds, 7Diamonds, 6Diamonds, 5Diamonds, 2Diamonds, AClubs, 3Clubs, 6Hearts, 2Hearts, 7Spades.
P2 4Clubs P3 AClubs 
