-- GAME --
P0 HAND: KDiamonds, QDiamonds, 5Diamonds, 2Diamonds, QClubs, 5Clubs, 2Clubs, AHearts, 4Spades, 2Spades.
P1 HAND: 7Clubs, 3Clubs, 6Hearts, 4Hearts, 3Hearts, 2Hearts, ASpades, 7Spades, QSpades, 6Spades.
P2 HAND: JDiamonds, 3Diamonds, AClubs, JClubs, 4Clubs, 7Hearts, KHearts, KSpades, JSpades, 3Spades.
P3 HAND: ADiamonds, 7Diamonds, 6Diamonds, 4Diamonds, KClubs, 6Clubs, JHearts, QHearts, 5Hearts, 5Spades.
P1 ASpades P2 3Spades P3 5Spades P0 2Spades 
P1 2Hearts P2 KHearts P3 5Hearts P0 AHearts 
P0 5Clubs P1 3Clubs P2 AClubs P3 6Clubs 
P2 4Clubs P3 KClubs P0 2Clubs P1 7Clubs 
P1 3Hearts P2 7Hearts P3 QHearts P0 QClubs 
P2 JClubs P3 4Diamonds P0 4Spades P1 7Spades 
P3 JHearts P0 2Diamonds P1 4Hearts P2 KSpades 
P0 5Diamonds P1 6Hearts P2 3Diamonds P3 6Diamonds 
P3 7Diamonds P0 QDiamonds P1 6Spades P2 JDiamonds 
P3 ADiamonds P0 KDiamonds P1 QSpades P2 JSpades 
-- /GAME --
P0 HAND: KDiamonds, JDiamonds, 6Diamonds, 2Diamonds, AClubs, KClubs, 4Hearts, 2Hearts, 4Spades, 3Spades.
P1 HAND: ADiamonds, QDiamonds, 3Diamonds, 6Clubs, 4Clubs, KHearts, ASpades, KSpades, QSpades, 5Spades.
P2 HAND: 5Diamonds, 4Diamonds, JClubs, QClubs, 3Clubs, 2Clubs, AHearts, 5Hearts, 7Spades, JSpades.
P3 HAND: 7Diamonds, 7Clubs, 5Clubs, 7Hearts, JHearts, QHearts, 6Hearts, 3Hearts, 6Spades, 2Spades.
P0 AClubs P1 4Clubs P2 JClubs P3 5Clubs 
P0 3Spades P1 ASpades P2 JSpades P3 6Spades 
P1 ADiamonds P2 4Diamonds P3 7Diamonds P0 2Diamonds 
P1 3Diamonds P2 5Diamonds P3 2Spades P0 KDiamonds 
P0 JDiamonds P1 QDiamonds P2 5Hearts P3 6Hearts 
P3 3Hearts P0 4Hearts P1 KHearts P2 AHearts 
P2 2Clubs P3 7Clubs P0 KClubs P1 6Clubs 
P3 QHearts P0 2Hearts P1 5Spades P2 3Clubs 
P3 JHearts P0 6Diamonds P1 QSpades P2 QClubs 
P3 7Hearts P0 4Spades P1 KSpades P2 7Spades 
-- /GAME --
P0 HAND: 3Diamonds, QClubs, 4Clubs, 3Clubs, JHearts, ASpades, 7Spades, QSpades, 5Spades, 4Spades.
P1 HAND: ADiamonds, 7Diamonds, KDiamonds, JDiamonds, QDiamonds, 6Diamonds, 2Clubs, AHearts, 4Hearts, 3Hearts.
P2 HAND: 5Diamonds, 2Diamonds, AClubs, KClubs, JClubs, 6Clubs, 7Hearts, KHearts, JSpades, 6Spades.
P3 HAND: 4Diamonds, 7Clubs, 5Clubs, QHearts, 6Hearts, 5Hearts, 2Hearts, KSpades, 3Spades, 2Spades.
P3 2Hearts P0 JHearts P1 AHearts P2 KHearts 
P1 2Clubs P2 AClubs P3 5Clubs P0 QClubs 
P2 2Diamonds P3 4Diamonds P0 3Diamonds P1 ADiamonds 
P1 3Hearts P2 7Hearts P3 5Hearts P0 4Clubs 
P2 5Diamonds P3 6Hearts P0 3Clubs P1 7Diamonds 
P1 4Hearts P2 6Clubs P3 QHearts P0 4Spades 
P0 QSpades P1 6Diamonds P2 6Spades P3 2Spades 
P0 7Spades P1 QDiamonds P2 JSpades P3 3Spades 
P0 ASpades P1 JDiamonds P2 KClubs P3 KSpades 
P0 5Spades P1 KDiamonds P2 JClubs P3 7Clubs 
-- /GAME --
P0 HAND: 7Diamonds, 3Diamonds, 6Clubs, 4Clubs, 2Clubs, 7Hearts, QHearts, 4Hearts, 3Hearts, JSpades.
P1 HAND: JDiamonds, QDiamonds, 5Diamonds, AClubs, QClubs, 5Clubs, 3Clubs, 6Hearts, 5Hearts, 5Spades.
P2 HAND: 6Diamonds, 7Clubs, KClubs, JHearts, ASpades, 7Spades, 6Spades, 4Spades, 3Spades, 2Spades.
P3 HAND: ADiamonds, KDiamonds, 4Diamonds, 2Diamonds, JClubs, AHearts, KHearts, 2Hearts, KSpades, QSpades.

