-- GAME --
P0 HAND: KDiamonds, 5Diamonds, JClubs, 5Hearts, 3Hearts, 2Hearts, ASpades, JSpades, QSpades, 6Spades.
P1 HAND: ADiamonds, 6Diamonds, 4Diamonds, 3Diamonds, AClubs, 3Clubs, 7Hearts, KHearts, 6Hearts, 3Spades.
P2 HAND: JDiamonds, QDiamonds, QClubs, 6Clubs, 5Clubs, 4Clubs, 2Clubs, AHearts, 5Spades, 2Spades.
P3 HAND: 7Diamonds, 2Diamonds, 7Clubs, KClubs, JHearts, QHearts, 4Hearts, 7Spades, KSpades, 4Spades.
P2 AHearts P3 4Hearts P0 2Hearts P1 6Hearts 
P2 2Clubs P3 KClubs P0 JClubs P1 AClubs 
P1 3Clubs P2 4Clubs P3 7Clubs P0 KDiamonds 
P0 ASpades P1 3Spades P2 5Spades P3 4Spades 
P0 3Hearts P1 KHearts P2 2Spades P3 JHearts 
P1 3Diamonds P2 QDiamonds P3 2Diamonds P0 5Diamonds 
P2 5Clubs P3 QHearts P0 5Hearts P1 4Diamonds 
P1 6Diamonds P2 JDiamonds P3 7Diamonds P0 6Spades 
P3 KSpades P0 JSpades P1 ADiamonds P2 6Clubs 
P1 7Hearts P2 QClubs P3 7Spades P0 QSpades 
-- /GAME --
P0 HAND: JDiamonds, AClubs, 7Clubs, KClubs, 4Clubs, JHearts, 2Hearts, QSpades, 6Spades, 5Spades.
P1 HAND: QDiamonds, 6Diamonds, 6Clubs, 7Hearts, KHearts, 6Hearts, 5Hearts, KSpades, JSpades, 3Spades.
P2 HAND: ADiamonds, 7Diamonds, KDiamonds, 4Diamonds, 3Diamonds, JClubs, QClubs, 5Clubs, AHearts, QHearts.
P3 HAND: 5Diamonds, 2Diamonds, 3Clubs, 2Clubs, 4Hearts, 3Hearts, ASpades, 7Spades, 4Spades, 2Spades.
P1 3Spades P2 5Clubs P3 ASpades P0 5Spades 
P3 2Clubs P0 AClubs P1 6Clubs P2 JClubs 
P0 2Hearts P1 5Hearts P2 AHearts P3 3Hearts 
P2 QClubs P3 3Clubs P0 KClubs P1 6Diamonds 
P1 6Hearts P2 QHearts P3 4Hearts P0 JHearts 
P0 QSpades P1 JSpades P2 3Diamonds P3 2Spades 
P2 4Diamonds P3 2Diamonds P0 JDiamonds P1 QDiamonds 
P0 6Spades P1 KSpades P2 KDiamonds P3 4Spades 
P2 7Diamonds P3 5Diamonds P0 4Clubs P1 KHearts 
P2 ADiamonds P3 7Spades P0 7Clubs P1 7Hearts 
-- /GAME --
P0 HAND: 7Diamonds, KDiamonds, 5Diamonds, 3Diamonds, QClubs, 5Clubs, 7Hearts, 6Hearts, 7Spades, 6Spades.
P1 HAND: ADiamonds, JDiamonds, AClubs, KClubs, JClubs, 4Clubs, QHearts, 5Spades, 3Spades, 2Spades.
P2 HAND: 4Diamonds, 2Diamonds, 6Clubs, AHearts, KHearts, 4Hearts, 3Hearts, 2Hearts, KSpades, JSpades.
P3 HAND: QDiamonds, 6Diamonds, 7Clubs, 3Clubs, 2Clubs, JHearts, 5Hearts, ASpades, QSpades, 4Spades.
P0 3Diamonds P1 ADiamonds P2 2Diamonds P3 QDiamonds 
P1 2Spades P2 JSpades P3 ASpades P0 6Spades 
P3 4Spades P0 7Spades P1 3Spades P2 KSpades 
P0 6Hearts P1 QHearts P2 AHearts P3 5Hearts 
P2 2Hearts P3 JHearts P0 7Hearts P1 4Clubs 
P1 5Spades P2 3Hearts P3 QSpades P0 5Diamonds 
P3 6Diamonds P0 7Diamonds P1 JDiamonds P2 4Diamonds 
P0 KDiamonds P1 JClubs P2 4Hearts P3 2Clubs 
P1 KClubs P2 6Clubs P3 3Clubs P0 5Clubs 
P1 AClubs P2 KHearts P3 7Clubs P0 QClubs 
-- /GAME --
P0 HAND: QDiamonds, 6Diamonds, KClubs, 7Hearts, JHearts, 7Spades, KSpades, JSpades, 3Spades, 2Spades.
P1 HAND: ADiamonds, JDiamonds, 4Diamonds, 3Diamonds, 5Clubs, 4Clubs, 3Clubs, QHearts, 4Hearts, 4Spades.
P2 HAND: 7Diamonds, KDiamonds, 2Diamonds, JClubs, 6Clubs, KHearts, 6Hearts, 5Hearts, 3Hearts, QSpades.
P3 HAND: 5Diamonds, AClubs, 7Clubs, QClubs, 2Clubs, AHearts, 2Hearts, ASpades, 6Spades, 5Spades.

