-- GAME --
P0 HAND: JDiamonds, QDiamonds, 5Diamonds, KClubs, JClubs, 7Hearts, 3Hearts, 6Spades, 5Spades, 3Spades.
P1 HAND: ADiamonds, 7Diamonds, 3Diamonds, 2Diamonds, AClubs, 5Clubs, 3Clubs, 4Hearts, KSpades, 4Spades.
P2 HAND: 6Diamonds, 7Clubs, 6Clubs, KHearts, JHearts, QHearts, 6Hearts, ASpades, 7Spades, JSpades.
P3 HAND: KDiamonds, 4Diamonds, QClubs, 4Clubs, 2Clubs, AHearts, 5Hearts, 2Hearts, QSpades, 2Spades.
P0 3Spades P1 4Spades P2 ASpades P3 2Spades 
P2 6Diamonds P3 4Diamonds P0 5Diamonds P1 ADiamonds 
P1 2Diamonds P2 6Hearts P3 KDiamonds P0 QDiamonds 
P3 AHearts P0 3Hearts P1 4Hearts P2 QHearts 
P3 2Hearts P0 7Hearts P1 3Clubs P2 JHearts 
P1 3Diamonds P2 6Clubs P3 5Hearts P0 JDiamonds 
P2 JSpades P3 QSpades P0 6Spades P1 KSpades 
P1 5Clubs P2 7Clubs P3 2Clubs P0 KClubs 
P2 KHearts P3 4Clubs P0 JClubs P1 AClubs 
P1 7Diamonds P2 7Spades P3 QClubs P0 5Spades 
-- /GAME --
P0 HAND: 7Diamonds, KDiamonds, AClubs, 7Clubs, KClubs, 5Clubs, 3Clubs, AHearts, QSpades, 3Spades.
P1 HAND: JDiamonds, QDiamonds, 4Diamonds, 2Diamonds, JClubs, 4Clubs, QHearts, 6Hearts, ASpades, 7Spades.
P2 HAND: 6Diamonds, 5Diamonds, 3Diamonds, QClubs, 6Clubs, KHearts, JHearts, 4Hearts, 6Spades, 4Spades.
P3 HAND: ADiamonds, 2Clubs, 7Hearts, 5Hearts, 3Hearts, 2Hearts, KSpades, JSpades, 5Spades, 2Spades.
P3 ADiamonds P0 KDiamonds P1 JDiamonds P2 3Diamonds 
P3 2Clubs P0 AClubs P1 4Clubs P2 QClubs 
P0 7Clubs P1 JClubs P2 6Clubs P3 2Spades 
P3 2Hearts P0 AHearts P1 6Hearts P2 KHearts 
P0 7Diamonds P1 2Diamonds P2 6Diamonds P3 5Spades 
P3 3Hearts P0 QSpades P1 QHearts P2 JHearts 
P0 KClubs P1 4Diamonds P2 4Hearts P3 5Hearts 
P0 5Clubs P1 QDiamonds P2 5Diamonds P3 JSpades 
P3 KSpades P0 3Spades P1 7Spades P2 4Spades 
P1 ASpades P2 6Spades P3 7Hearts P0 3Clubs 
-- /GAME --
P0 HAND: KDiamonds, JDiamonds, 6Diamonds, JClubs, 5Clubs, 7Hearts, 4Hearts, ASpades, 3Spades, 2Spades.
P1 HAND: 5Diamonds, 3Diamonds, 7Clubs, KClubs, 6Clubs, AHearts, JHearts, 6Hearts, 3Hearts, 4Spades.
P2 HAND: 7Diamonds, 4Diamonds, AClubs, 3Clubs, 2Clubs, 2Hearts, 7Spades, KSpades, 6Spades, 5Spades.
P3 HAND: ADiamonds, QDiamonds, 2Diamonds, QClubs, 4Clubs, KHearts, QHearts, 5Hearts, JSpades, QSpades.
P2 AClubs P3 4Clubs P0 JClubs P1 6Clubs 
P2 2Clubs P3 QClubs P0 5Clubs P1 7Clubs 
P1 3Diamonds P2 4Diamonds P3 ADiamonds P0 6Diamonds 
P3 2Diamonds P0 KDiamonds P1 5Diamonds P2 7Diamonds 
P2 3Clubs P3 QDiamonds P0 4Hearts P1 KClubs 
P0 ASpades P1 4Spades P2 7Spades P3 QSpades 
P0 2Spades P1 3Hearts P2 5Spades P3 JSpades 
P1 6Hearts P2 2Hearts P3 5Hearts P0 7Hearts 
P0 JDiamonds P1 JHearts P2 6Spades P3 QHearts 
P1 AHearts P2 KSpades P3 KHearts P0 3Spades 
-- /GAME --
P0 HAND: QDiamonds, 2Diamonds, AClubs, 6Clubs, 4Clubs, 7Hearts, 3Hearts, 2Hearts, KSpades, 3Spades.
P1 HAND: ADiamonds, KDiamonds, JDiamonds, 3Diamonds, 5Clubs, 3Clubs, KHearts, 4Hearts, JSpades, QSpades.
P2 HAND: 7Diamonds, 4Diamonds, 7Clubs, KClubs, QClubs, 2Clubs, AHearts, ASpades, 5Spades, 2Spades.
P3 HAND: 6Diamonds, 5Diamonds, JClubs, JHearts, QHearts, 6Hearts, 5Hearts, 7Spades, 6Spades, 4Spades.
P1 ADiamonds P2 4Diamonds P3 6Diamonds P0 2Diamonds 
P1 3Diamonds P2 7Diamonds P3 5Diamonds P0 QDiamonds 
P2 ASpades P3 4Spades P0 KSpades P1 QSpades 
P2 2Clubs P3 JClubs P0 AClubs P1 3Clubs 
P0 3Spades P1 JSpades P2 2Spades P3 7Spades 
P3 6Spades P0 3Hearts P1 5Clubs P2 5Spades 
P0 4Clubs P1 4Hearts P2 QClubs P3 5Hearts 
P3 6Hearts P0 7Hearts P1 KHearts P2 AHearts 
P2 KClubs P3 QHearts P0 6Clubs P1 KDiamonds 
P3 JHearts P0 2Hearts P1 JDiamonds P2 7Clubs 
-- /GAME --
P0 HAND: ADiamonds, KDiamonds, AClubs, JClubs, QClubs, 3Clubs, 2Clubs, 5Hearts, 4Spades, 2Spades.
P1 HAND: 5Diamonds, 3Diamonds, 2Diamonds, KClubs, 4Clubs, JHearts, 4Hearts, ASpades, KSpades, 5Spades.
P2 HAND: JDiamonds, 4Diamonds, 6Clubs, 5Clubs, KHearts, 6Hearts, 3Hearts, 2Hearts, 7Spades, JSpades.
P3 HAND: 7Diamonds, QDiamonds, 6Diamonds, 7Clubs, AHearts, 7Hearts, QHearts, QSpades, 6Spades, 3Spades.
P0 AClubs P1 4Clubs P2 6Clubs P3 7Clubs 
P0 5Hearts P1 4Hearts P2 2Hearts P3 AHearts 
P3 3Spades P0 4Spades P1 ASpades P2 JSpades 
P1 5Spades P2 7Spades P3 6Spades P0 2Spades 
P2 3Hearts P3 QHearts P0 KDiamonds P1 JHearts 
P0 JClubs P1 KClubs P2 5Clubs P3 7Hearts 
P1 2Diamonds P2 4Diamonds P3 6Diamonds P0 ADiamonds 
P0 QClubs P1 3Diamonds P2 6Hearts P3 QSpades 
P1 5Diamonds P2 JDiamonds P3 QDiamonds P0 3Clubs 
P2 KHearts P3 7Diamonds P0 2Clubs P1 KSpades 
-- /GAME --
P0 HAND: KDiamonds, QDiamonds, 3Diamonds, 7Hearts, QHearts, 4Hearts, 2Hearts, 7Spades, KSpades, 3Spades.
P1 HAND: 4Diamonds, 2Diamonds, 4Clubs, AHearts, JHearts, 6Hearts, 3Hearts, QSpades, 6Spades, 5Spades.
P2 HAND: JDiamonds, 5Diamonds, AClubs, QClubs, 6Clubs, 2Clubs, ASpades, JSpades, 4Spades, 2Spades.
P3 HAND: ADiamonds, 7Diamonds, 6Diamonds, 7Clubs, KClubs, JClubs, 5Clubs, 3Clubs, KHearts, 5Hearts.
P3 ADiamonds P0 3Diamonds P1 4Diamonds P2 5Diamonds 
P3 3Clubs P0 3Spades P1 4Clubs P2 AClubs 
P0 QDiamonds P1 2Diamonds P2 JDiamonds P3 7Diamonds 
P3 5Clubs P0 KSpades P1 3Hearts P2 QClubs 
P0 2Hearts P1 AHearts P2 2Spades P3 5Hearts 
P2 2Clubs P3 JClubs P0 7Spades P1 6Hearts 
P0 7Hearts P1 JHearts P2 6Clubs P3 KHearts 
P0 KDiamonds P1 5Spades P2 4Spades P3 6Diamonds 
P1 6Spades P2 JSpades P3 KClubs P0 QHearts 
P2 ASpades P3 7Clubs P0 4Hearts P1 QSpades 
-- /GAME --
P0 HAND: ADiamonds, KDiamonds, JDiamonds, 4Diamonds, 2Diamonds, 4Clubs, 2Clubs, JHearts, 6Hearts, 4Hearts.
P1 HAND: 6Diamonds, JClubs, QClubs, 5Clubs, 3Clubs, 3Hearts, ASpades, QSpades, 5Spades, 3Spades.
P2 HAND: QDiamonds, 5Diamonds, 7Clubs, 6Clubs, AHearts, 7Hearts, 5Hearts, KSpades, JSpades, 6Spades.
P3 HAND: 7Diamonds, 3Diamonds, AClubs, KClubs, KHearts, QHearts, 2Hearts, 7Spades, 4Spades, 2Spades.
P2 AHearts P3 2Hearts P0 JHearts P1 3Hearts 
P2 5Diamonds P3 3Diamonds P0 ADiamonds P1 6Diamonds 
P0 4Hearts P1 3Spades P2 7Hearts P3 QHearts 
P2 5Hearts P3 KHearts P0 6Hearts P1 ASpades 
P3 2Spades P0 4Clubs P1 5Spades P2 KSpades 
P0 4Diamonds P1 QSpades P2 QDiamonds P3 7Diamonds 
P3 4Spades P0 JDiamonds P1 3Clubs P2 6Spades 
P1 5Clubs P2 6Clubs P3 KClubs P0 2Clubs 
P3 AClubs P0 2Diamonds P1 QClubs P2 7Clubs 
P3 7Spades P0 KDiamonds P1 JClubs P2 JSpades 
-- /GAME --
P0 HAND: 2Diamonds, AClubs, 5Clubs, 4Clubs, 2Clubs, QHearts, 5Hearts, 3Hearts, 6Spades, 3Spades.
P1 HAND: JDiamonds, 6Diamonds, 5Diamonds, JClubs, AHearts, 6Hearts, 4Hearts, 7Spades, QSpades, 5Spades.
P2 HAND: 7Diamonds, QDiamonds, 7Clubs, QClubs, 3Clubs, KHearts, ASpades, KSpades, JSpades, 4Spades.
P3 HAND: ADiamonds, KDiamonds, 4Diamonds, 3Diamonds, KClubs, 6Clubs, 7Hearts, JHearts, 2Hearts, 2Spades.
P1 AHearts P2 KHearts P3 7Hearts P0 3Hearts 
P1 4Hearts P2 3Clubs P3 JHearts P0 QHearts 
P3 ADiamonds P0 2Diamonds P1 JDiamonds P2 QDiamonds 
P3 2Hearts P0 5Hearts P1 6Hearts P2 QClubs 
P1 5Diamonds P2 7Diamonds P3 3Diamonds P0 AClubs 
P2 7Clubs P3 6Clubs P0 4Clubs P1 JClubs 
P2 4Spades P3 2Spades P0 3Spades P1 5Spades 
P1 6Diamonds P2 JSpades P3 4Diamonds P0 5Clubs 
P2 KSpades P3 KDiamonds P0 6Spades P1 7Spades 
P1 QSpades P2 ASpades P3 KClubs P0 2Clubs 
-- /GAME --
P0 HAND: ADiamonds, JDiamonds, 4Diamonds, KClubs, 5Clubs, 3Clubs, 7Hearts, 2Hearts, JSpades, 2Spades.
P1 HAND: QDiamonds, 6Diamonds, QClubs, KHearts, QHearts, 3Hearts, 7Spades, KSpades, 6Spades, 4Spades.
P2 HAND: KDiamonds, 5Diamonds, AClubs, 7Clubs, 4Clubs, AHearts, 6Hearts, 5Hearts, ASpades, 5Spades.
P3 HAND: 7Diamonds, 3Diamonds, 2Diamonds, JClubs, 6Clubs, 2Clubs, JHearts, 4Hearts, QSpades, 3Spades.
P0 ADiamonds P1 6Diamonds P2 KDiamonds P3 2Diamonds 
P0 2Spades P1 4Spades P2 ASpades P3 3Spades 
P2 AHearts P3 4Hearts P0 7Hearts P1 3Hearts 
P2 5Diamonds P3 3Diamonds P0 JDiamonds P1 QDiamonds 
P0 JSpades P1 6Spades P2 5Spades P3 QSpades 
P0 4Diamonds P1 QHearts P2 5Hearts P3 7Diamonds 
P3 JHearts P0 2Hearts P1 KHearts P2 6Hearts 
P1 QClubs P2 4Clubs P3 2Clubs P0 KClubs 
P0 3Clubs P1 KSpades P2 7Clubs P3 6Clubs 
P2 AClubs P3 JClubs P0 5Clubs P1 7Spades 
-- /GAME --
P0 HAND: 7Diamonds, JDiamonds, 3Diamonds, AClubs, QClubs, 5Clubs, 2Clubs, 7Hearts, 7Spades, JSpades.
P1 HAND: ADiamonds, QDiamonds, 2Diamonds, JClubs, 6Clubs, 3Clubs, AHearts, 2Hearts, ASpades, 3Spades.
P2 HAND: KDiamonds, 5Diamonds, 4Diamonds, KClubs, QHearts, 6Hearts, 5Hearts, KSpades, QSpades, 2Spades.
P3 HAND: 6Diamonds, 7Clubs, 4Clubs, KHearts, JHearts, 4Hearts, 3Hearts, 6Spades, 5Spades, 4Spades.
P3 3Hearts 
