-- GAME --
P0 HAND: 7Diamonds, JClubs, 3Clubs, 7Hearts, QHearts, 3Hearts, 6Spades, 5Spades, 4Spades, 3Spades.
P1 HAND: KDiamonds, JDiamonds, QDiamonds, 7Clubs, 6Clubs, 5Clubs, JHearts, 2Hearts, KSpades, JSpades.
P2 HAND: 6Diamonds, 3Diamonds, AClubs, KClubs, QClubs, 2Clubs, 6Hearts, 7Spades, QSpades, 2Spades.
P3 HAND: ADiamonds, 5Diamonds, 4Diamonds, 2Diamonds, 4Clubs, AHearts, KHearts, 5Hearts, 4Hearts, ASpades.
P0 3Spades P1 JSpades P2 2Spades P3 ASpades 
P3 ADiamonds P0 7Diamonds P1 KDiamonds P2 3Diamonds 
P3 AHearts P0 3Hearts P1 JHearts P2 6Hearts 
P3 2Diamonds P0 4Spades P1 JDiamonds P2 6Diamonds 
P1 2Hearts P2 QSpades P3 4Hearts P0 7Hearts 
P0 5Spades P1 KSpades P2 7Spades P3 4Clubs 
P3 4Diamonds P0 6Spades P1 QDiamonds P2 2Clubs 
P2 QClubs P3 5Diamonds P0 JClubs P1 7Clubs 
P1 5Clubs P2 KClubs P3 5Hearts P0 3Clubs 
P2 AClubs P3 KHearts P0 QHearts P1 6Clubs 
-- /GAME --
P0 HAND: JDiamonds, 5Diamonds, 4Diamonds, 3Diamonds, QClubs, AHearts, KHearts, QHearts, KSpades, 5Spades.
P1 HAND: ADiamonds, KDiamonds, 2Diamonds, KClubs, 2Clubs, 5Hearts, 4Hearts, 3Hearts, JSpades, 3Spades.
P2 HAND: 7Diamonds, QDiamonds, 7Clubs, 6Clubs, 4Clubs, 7Hearts, 6Hearts, 2Hearts, QSpades, 4Spades.
P3 HAND: 6Diamonds, AClubs, JClubs, 5Clubs, 3Clubs, JHearts, ASpades, 7Spades, 6Spades, 2Spades.
P3 AClubs P0 QClubs P1 KClubs P2 4Clubs 
P3 ASpades P0 5Spades P1 JSpades P2 4Spades 
P3 2Spades P0 KSpades P1 3Spades P2 QSpades 
P0 3Diamonds P1 ADiamonds P2 QDiamonds P3 6Diamonds 
P1 2Diamonds P2 7Diamonds P3 JHearts P0 4Diamonds 
P3 3Clubs P0 5Diamonds P1 2Clubs P2 7Clubs 
P2 6Clubs P3 5Clubs P0 QHearts P1 3Hearts 
P0 KHearts P1 4Hearts P2 2Hearts P3 6Spades 
P0 AHearts P1 5Hearts P2 6Hearts P3 JClubs 
P0 JDiamonds P1 KDiamonds P2 7Hearts P3 7Spades 
-- /GAME --
P0 HAND: 7Diamonds, KDiamonds, QDiamonds, 3Diamonds, 7Hearts, JHearts, QHearts, 3Hearts, KSpades, 4Spades.
P1 HAND: 6Diamonds, KClubs, JClubs, 6Clubs, 5Clubs, 3Clubs, 2Clubs, AHearts, 5Hearts, QSpades.
P2 HAND: JDiamonds, 5Diamonds, 4Diamonds, AClubs, 7Clubs, QClubs, 4Clubs, KHearts, 6Hearts, ASpades.
P3 HAND: ADiamonds, 2Diamonds, 4Hearts, 2Hearts, 7Spades, JSpades, 6Spades, 5Spades, 3Spades, 2Spades.
P2 AClubs P3 2Spades P0 KSpades P1 2Clubs 
P0 3Hearts P1 AHearts P2 6Hearts P3 4Hearts 
P1 3Clubs P2 4Clubs P3 2Diamonds P0 7Diamonds 
P2 4Diamonds P3 ADiamonds P0 QDiamonds P1 6Diamonds 
P3 2Hearts P0 7Hearts P1 5Hearts P2 KHearts 
P0 3Diamonds P1 5Clubs P2 5Diamonds P3 3Spades 
P3 5Spades P0 4Spades P1 QSpades P2 ASpades 
P2 QClubs P3 6Spades P0 QHearts P1 KClubs 
P3 JSpades P0 JHearts P1 6Clubs P2 JDiamonds 
P3 7Spades P0 KDiamonds P1 JClubs P2 7Clubs 
-- /GAME --
P0 HAND: 7Diamonds, KDiamonds, QDiamonds, 5Diamonds, 4Clubs, AHearts, KHearts, QHearts, 5Spades, 3Spades.
P1 HAND: JDiamonds, 4Diamonds, 5Clubs, 3Clubs, 7Hearts, 4Hearts, 3Hearts, KSpades, QSpades, 2Spades.
P2 HAND: 6Diamonds, 3Diamonds, AClubs, KClubs, 6Clubs, 2Clubs, JHearts, 5Hearts, 7Spades, 6Spades.
P3 HAND: ADiamonds, 2Diamonds, 7Clubs, JClubs, QClubs, 6Hearts, 2Hearts, ASpades, JSpades, 4Spades.
P1 3Clubs P2 AClubs P3 QClubs P0 4Clubs 
P2 2Clubs P3 JClubs P0 5Diamonds P1 5Clubs 
P3 ADiamonds P0 QDiamonds P1 JDiamonds P2 3Diamonds 
P3 2Diamonds P0 7Diamonds P1 4Diamonds P2 6Diamonds 
P0 AHearts P1 3Hearts P2 JHearts P3 2Hearts 
P0 QHearts P1 4Hearts P2 5Hearts P3 6Hearts 
P0 KHearts P1 7Hearts P2 6Spades P3 JSpades 
P3 4Spades P0 3Spades P1 2Spades P2 7Spades 
P2 6Clubs P3 7Clubs P0 5Spades P1 QSpades 
P1 KSpades P2 KClubs P3 ASpades P0 KDiamonds 
-- /GAME --
P0 HAND: KDiamonds, JDiamonds, QDiamonds, 6Diamonds, 4Clubs, KHearts, 6Hearts, 2Hearts, 7Spades, KSpades.
P1 HAND: ADiamonds, 7Diamonds, 3Diamonds, 5Clubs, 2Clubs, AHearts, QHearts, 5Hearts, QSpades, 4Spades.
P2 HAND: 5Diamonds, 4Diamonds, AClubs, 7Clubs, KClubs, 3Clubs, 3Hearts, JSpades, 6Spades, 5Spades.
P3 HAND: 2Diamonds, JClubs, QClubs, 6Clubs, 7Hearts, JHearts, 4Hearts, ASpades, 3Spades, 2Spades.

