-- GAME --
P0 HAND: 4Diamonds, 2Diamonds, AClubs, 7Clubs, JClubs, QHearts, ASpades, JSpades, 4Spades, 2Spades.
P1 HAND: ADiamonds, 6Diamonds, QClubs, 4Clubs, 3Clubs, 2Clubs, AHearts, KSpades, QSpades, 6Spades.
P2 HAND: KDiamonds, KClubs, 6Clubs, 5Clubs, KHearts, JHearts, 5Hearts, 4Hearts, 3Hearts, 7Spades.
P3 HAND: 7Diamonds, JDiamonds, QDiamonds, 5Diamonds, 3Diamonds, 7Hearts, 6Hearts, 2Hearts, 5Spades, 3Spades.
P0 AClubs P1 2Clubs P2 KClubs P3 3Diamonds 
P3 2Hearts P0 QHearts P1 AHearts P2 3Hearts 
P1 3Clubs P2 5Clubs P3 3Spades P0 7Clubs 
P0 2Spades P1 6Spades P2 7Spades P3 5Spades 
P2 4Hearts P3 6Hearts P0 4Spades P1 KSpades 
P3 5Diamonds P0 2Diamonds P1 6Diamonds P2 KDiamonds 
P2 5Hearts P3 7Hearts P0 4Diamonds P1 ADiamonds 
P1 4Clubs P2 6Clubs P3 QDiamonds P0 JClubs 
P3 JDiamonds P0 ASpades P1 QClubs P2 JHearts 
P3 7Diamonds P0 JSpades P1 QSpades P2 KHearts 
-- /GAME --
P0 HAND: ADiamonds, 5Diamonds, 4Diamonds, 7Hearts, 4Hearts, KSpades, QSpades, 5Spades, 3Spades, 2Spades.
P1 HAND: 7Diamonds, KDiamonds, JDiamonds, 7Clubs, JClubs, QClubs, 6Clubs, 2Clubs, JHearts, 6Hearts.
P2 HAND: QDiamonds, 6Diamonds, KClubs, 5Clubs, 4Clubs, KHearts, QHearts, 5Hearts, 3Hearts, 6Spades.
P3 HAND: 3Diamonds, 2Diamonds, AClubs, 3Clubs, AHearts, 2Hearts, ASpades, 7Spades, JSpades, 4Spades.
P3 AHearts P0 4Hearts P1 JHearts P2 3Hearts 
P3 ASpades P0 2Spades P1 7Diamonds P2 6Spades 
P3 2Diamonds P0 ADiamonds P1 JDiamonds P2 QDiamonds 
P0 QSpades P1 6Hearts P2 5Hearts P3 7Spades 
P3 2Hearts P0 7Hearts P1 2Clubs P2 QHearts 
P1 6Clubs P2 4Clubs P3 3Clubs P0 3Spades 
P1 QClubs P2 5Clubs P3 AClubs P0 5Spades 
P3 3Diamonds P0 5Diamonds P1 KDiamonds P2 6Diamonds 
P1 JClubs P2 KClubs P3 4Spades P0 KSpades 
P2 KHearts P3 JSpades P0 4Diamonds P1 7Clubs 
-- /GAME --
P0 HAND: 7Diamonds, KDiamonds, QDiamonds, 5Diamonds, 2Diamonds, 5Clubs, 6Hearts, ASpades, 6Spades, 2Spades.
P1 HAND: ADiamonds, 6Diamonds, 3Diamonds, AClubs, JClubs, 2Clubs, QHearts, 5Hearts, 4Hearts, JSpades.
P2 HAND: 4Diamonds, KClubs, QClubs, 3Clubs, AHearts, 7Hearts, KHearts, 2Hearts, QSpades, 5Spades.
P3 HAND: JDiamonds, 7Clubs, 6Clubs, 4Clubs, JHearts, 3Hearts, 7Spades, KSpades, 4Spades, 3Spades.
P1 ADiamonds P2 4Diamonds P3 JDiamonds P0 2Diamonds 
P1 AClubs P2 3Clubs P3 7Clubs P0 5Clubs 
P1 2Clubs P2 QClubs P3 4Clubs P0 5Diamonds 
P2 AHearts P3 3Hearts P0 6Hearts P1 4Hearts 
P2 2Hearts P3 JHearts P0 2Spades P1 5Hearts 
P0 KDiamonds P1 3Diamonds P2 5Spades P3 6Clubs 
P2 QSpades P3 3Spades P0 6Spades P1 JSpades 
P1 6Diamonds P2 KClubs P3 4Spades P0 QDiamonds 
P3 KSpades P0 ASpades P1 QHearts P2 7Hearts 
P0 7Diamonds P1 JClubs P2 KHearts P3 7Spades 
-- /GAME --
P0 HAND: JDiamonds, 2Clubs, 7Hearts, JHearts, 6Hearts, 4Hearts, 3Hearts, KSpades, 6Spades, 2Spades.
P1 HAND: 7Diamonds, 6Diamonds, 4Diamonds, 7Clubs, 5Clubs, 3Clubs, AHearts, QSpades, 5Spades, 3Spades.
P2 HAND: ADiamonds, KDiamonds, QDiamonds, KClubs, JClubs, 6Clubs, 4Clubs, KHearts, 7Spades, JSpades.
P3 HAND: 5Diamonds, 3Diamonds, 2Diamonds, AClubs, QClubs, QHearts, 5Hearts, 2Hearts, ASpades, 4Spades.
P0 2Clubs P1 3Clubs P2 4Clubs P3 AClubs 
P3 ASpades P0 2Spades P1 QSpades P2 JSpades 
P3 2Hearts P0 3Hearts P1 AHearts P2 KHearts 
P1 3Spades P2 7Spades P3 4Spades P0 KSpades 
P2 6Clubs P3 QClubs P0 JDiamonds P1 5Clubs 
P0 6Spades P1 5Spades P2 QDiamonds P3 5Hearts 
P2 JClubs P3 QHearts P0 4Hearts P1 7Clubs 
P1 4Diamonds P2 KDiamonds P3 2Diamonds P0 6Hearts 
P2 ADiamonds P3 3Diamonds P0 JHearts P1 6Diamonds 
P2 KClubs P3 5Diamonds P0 7Hearts P1 7Diamonds 
-- /GAME --
P0 HAND: ADiamonds, JDiamonds, 2Diamonds, 7Clubs, 2Clubs, KHearts, QHearts, 3Hearts, 2Hearts, ASpades.
P1 HAND: QDiamonds, 5Diamonds, AClubs, QClubs, 6Clubs, JHearts, KSpades, QSpades, 4Spades, 3Spades.
P2 HAND: KDiamonds, 4Diamonds, KClubs, 4Clubs, 3Clubs, 6Hearts, 5Hearts, 7Spades, 6Spades, 2Spades.
P3 HAND: 7Diamonds, 6Diamonds, 3Diamonds, JClubs, 5Clubs, AHearts, 7Hearts, 4Hearts, JSpades, 5Spades.
P3 AHearts P0 2Hearts P1 JHearts P2 5Hearts 
P3 3Diamonds P0 ADiamonds P1 5Diamonds P2 KDiamonds 
P0 ASpades P1 3Spades P2 7Spades P3 5Spades 
P0 3Hearts P1 4Spades P2 6Hearts P3 7Hearts 
P3 4Hearts P0 QHearts P1 QDiamonds P2 6Spades 
P0 KHearts P1 QSpades P2 3Clubs P3 5Clubs 
P3 6Diamonds P0 2Diamonds P1 6Clubs P2 4Diamonds 
P1 QClubs P2 4Clubs P3 JClubs P0 7Clubs 
P0 JDiamonds P1 AClubs P2 2Spades P3 7Diamonds 
P1 KSpades P2 KClubs P3 JSpades P0 2Clubs 
-- /GAME --
P0 HAND: ADiamonds, 7Diamonds, KDiamonds, JDiamonds, AHearts, 3Hearts, 2Hearts, 7Spades, KSpades, JSpades.
P1 HAND: 6Diamonds, 5Diamonds, 3Diamonds, JClubs, QClubs, 6Clubs, 6Hearts, ASpades, 3Spades, 2Spades.
P2 HAND: 4Diamonds, KClubs, 5Clubs, 2Clubs, 7Hearts, JHearts, 5Hearts, QSpades, 6Spades, 4Spades.
P3 HAND: QDiamonds, 2Diamonds, AClubs, 7Clubs, 4Clubs, 3Clubs, KHearts, QHearts, 4Hearts, 5Spades.
P2 4Diamonds P3 2Diamonds P0 ADiamonds P1 3Diamonds 
P0 AHearts P1 6Hearts P2 7Hearts P3 4Hearts 
P0 2Hearts P1 2Spades P2 5Hearts P3 KHearts 
P3 5Spades P0 7Spades P1 ASpades P2 4Spades 
P1 3Spades P2 6Spades P3 QDiamonds P0 KSpades 
P0 JSpades P1 5Diamonds P2 QSpades P3 3Clubs 
P3 QHearts P0 3Hearts P1 6Diamonds P2 JHearts 
P2 2Clubs P3 4Clubs P0 JDiamonds P1 6Clubs 
P1 QClubs P2 5Clubs P3 7Clubs P0 KDiamonds 
P3 AClubs P0 7Diamonds P1 JClubs P2 KClubs 
-- /GAME --
P0 HAND: JDiamonds, 6Diamonds, AClubs, QClubs, 5Clubs, 4Clubs, QHearts, 5Hearts, KSpades, 4Spades.
P1 HAND: ADiamonds, 4Diamonds, JClubs, 6Clubs, 3Clubs, 7Hearts, KHearts, 6Hearts, 3Hearts, 7Spades.
P2 HAND: KDiamonds, 3Diamonds, 2Diamonds, 7Clubs, KClubs, AHearts, 4Hearts, 5Spades, 3Spades, 2Spades.
P3 HAND: 7Diamonds, QDiamonds, 5Diamonds, 2Clubs, JHearts, 2Hearts, ASpades, JSpades, QSpades, 6Spades.
P1 ADiamonds P2 2Diamonds P3 7Diamonds P0 6Diamonds 
P1 3Hearts P2 AHearts P3 2Hearts P0 QHearts 
P2 2Spades P3 ASpades P0 4Spades P1 7Spades 
P3 5Diamonds P0 JDiamonds P1 4Diamonds P2 KDiamonds 
P2 3Diamonds P3 QDiamonds P0 4Clubs P1 6Hearts 
P0 5Hearts P1 KHearts P2 4Hearts P3 JHearts 
P1 3Clubs P2 KClubs P3 2Clubs P0 5Clubs 
P2 3Spades P3 6Spades P0 KSpades P1 6Clubs 
P1 JClubs P2 7Clubs P3 QSpades P0 QClubs 
P2 5Spades P3 JSpades P0 AClubs P1 7Hearts 
-- /GAME --
P0 HAND: KDiamonds, JDiamonds, 3Diamonds, KClubs, QClubs, 6Clubs, 4Clubs, 4Hearts, ASpades, JSpades.
P1 HAND: ADiamonds, 7Diamonds, 5Diamonds, AClubs, JClubs, 3Clubs, KHearts, 6Hearts, 5Spades, 4Spades.
P2 HAND: QDiamonds, 6Diamonds, 4Diamonds, 2Diamonds, 5Clubs, 2Clubs, AHearts, 5Hearts, 6Spades, 2Spades.
P3 HAND: 7Clubs, 7Hearts, JHearts, QHearts, 3Hearts, 2Hearts, 7Spades, KSpades, QSpades, 3Spades.
P0 ASpades P1 4Spades P2 6Spades P3 3Spades 
P0 3Diamonds P1 ADiamonds P2 2Diamonds P3 7Clubs 
P1 AClubs P2 2Clubs P3 7Spades P0 4Clubs 
P1 3Clubs P2 5Clubs P3 QSpades P0 KClubs 
P0 4Hearts P1 6Hearts P2 5Hearts P3 2Hearts 
P1 5Diamonds P2 4Diamonds P3 3Hearts P0 JDiamonds 
P3 QHearts P0 6Clubs P1 KHearts P2 AHearts 
P2 2Spades P3 KSpades P0 JSpades P1 5Spades 
P3 JHearts P0 QClubs P1 JClubs P2 6Diamonds 
P3 7Hearts P0 KDiamonds P1 7Diamonds P2 QDiamonds 
-- /GAME --
P0 HAND: ADiamonds, JDiamonds, 5Diamonds, KClubs, 6Clubs, 3Clubs, ASpades, KSpades, JSpades, 2Spades.
P1 HAND: KDiamonds, 6Diamonds, 4Diamonds, JClubs, 2Clubs, AHearts, 7Hearts, 6Hearts, 4Hearts, QSpades.
P2 HAND: 7Diamonds, QDiamonds, 3Diamonds, 5Clubs, 4Clubs, QHearts, 5Hearts, 3Hearts, 6Spades, 5Spades.
P3 HAND: 2Diamonds, AClubs, 7Clubs, QClubs, KHearts, JHearts, 2Hearts, 7Spades, 4Spades, 3Spades.
P0 ADiamonds P1 4Diamonds P2 7Diamonds P3 2Diamonds 
P0 ASpades P1 QSpades P2 6Spades P3 3Spades 
P0 5Diamonds P1 6Diamonds P2 3Diamonds P3 7Spades 
P1 AHearts P2 3Hearts P3 KHearts P0 KClubs 
P0 JDiamonds P1 KDiamonds P2 QDiamonds P3 JHearts 
P1 4Hearts P2 5Hearts P3 2Hearts P0 KSpades 
P2 5Spades P3 4Spades P0 JSpades P1 6Hearts 
P0 2Spades P1 2Clubs P2 QHearts P3 QClubs 
P3 7Clubs P0 3Clubs P1 JClubs P2 4Clubs 
P3 AClubs P0 6Clubs P1 7Hearts P2 5Clubs 
-- /GAME --
P0 HAND: ADiamonds, JDiamonds, 4Diamonds, KClubs, 2Clubs, 5Hearts, 3Hearts, QSpades, 6Spades, 2Spades.
P1 HAND: 7Diamonds, QDiamonds, 6Diamonds, 2Diamonds, JClubs, 5Clubs, 7Hearts, QHearts, 4Hearts, 2Hearts.
P2 HAND: KDiamonds, 5Diamonds, 3Diamonds, 7Clubs, 6Clubs, KHearts, 6Hearts, ASpades, KSpades, 4Spades.
P3 HAND: AClubs, QClubs, 4Clubs, 3Clubs, AHearts, JHearts, 7Spades, JSpades, 5Spades, 3Spades.
P3 AClubs P0 2Clubs P1 JClubs P2 6Clubs 
P3 AHearts P0 3Hearts P1 7Hearts P2 6Hearts 
P3 3Clubs P0 KClubs P1 5Clubs P2 7Clubs 
P2 ASpades P3 3Spades P0 QSpades P1 2Diamonds 
P1 2Hearts P2 KHearts P3 JHearts P0 5Hearts 
P2 4Spades P3 5Spades P0 6Spades P1 4Hearts 
P0 2Spades P1 QHearts P2 KSpades P3 7Spades 
P3 4Clubs P0 4Diamonds P1 6Diamonds P2 3Diamonds 
P1 QDiamonds P2 5Diamonds P3 QClubs P0 JDiamonds 
P0 ADiamonds P1 7Diamonds P2 KDiamonds P3 JSpades 
-- /GAME --
P0 HAND: JDiamonds, 3Diamonds, AClubs, 5Clubs, 3Clubs, 7Hearts, JHearts, 2Hearts, ASpades, 5Spades.
P1 HAND: ADiamonds, KDiamonds, QDiamonds, QClubs, AHearts, QHearts, 6Spades, 4Spades, 3Spades, 2Spades.
P2 HAND: 7Diamonds, 6Diamonds, 5Diamonds, 6Clubs, 4Clubs, 2Clubs, KHearts, 6Hearts, 4Hearts, 7Spades.
P3 HAND: 4Diamonds, 2Diamonds, 7Clubs, KClubs, JClubs, 5Hearts, 3Hearts, KSpades, JSpades, QSpades.
P2 2Clubs P3 JClubs P0 AClubs P1 QClubs 
P0 7Hearts P1 AHearts P2 4Hearts P3 5Hearts 
P1 ADiamonds P2 5Diamonds P3 4Diamonds P0 3Diamonds 
P1 QDiamonds P2 6Diamonds P3 2Diamonds P0 JDiamonds 
P0 3Clubs P1 QHearts P2 4Clubs P3 7Clubs 
P3 3Hearts P0 2Hearts P1 2Spades P2 6Hearts 
P1 3Spades P2 7Spades P3 QSpades P0 5Spades 
P2 6Clubs P3 KClubs P0 5Clubs P1 KDiamonds 
P3 JSpades P0 ASpades P1 4Spades P2 7Diamonds 
P0 JHearts P1 6Spades P2 KHearts P3 KSpades 
-- /GAME --
P0 HAND: JDiamonds, 2Diamonds, AClubs, 7Clubs, 5Clubs, 7Hearts, KHearts, 7Spades, 6Spades, 3Spades.
P1 HAND: ADiamonds, KClubs, 2Clubs, 4Hearts, 3Hearts, KSpades, JSpades, 5Spades, 4Spades, 2Spades.
P2 HAND: 7Diamonds, KDiamonds, QDiamonds, QClubs, 3Clubs, JHearts, QHearts, 5Hearts, ASpades, QSpades.
P3 HAND: 6Diamonds, 5Diamonds, 4Diamonds, 3Diamonds, JClubs, 6Clubs, 4Clubs, AHearts, 6Hearts, 2Hearts.
P1 ADiamonds P2 QDiamonds P3 6Diamonds P0 2Diamonds 
P1 2Spades P2 ASpades P3 4Clubs P0 7Spades 
P3 AHearts P0 KHearts P1 4Hearts P2 5Hearts 
P3 2Hearts P0 7Hearts P1 3Hearts P2 JHearts 
P0 JDiamonds P1 4Spades P2 7Diamonds P3 3Diamonds 
P2 QHearts P3 6Hearts P0 6Spades P1 5Spades 
P2 QSpades P3 4Diamonds P0 3Spades P1 KSpades 
P1 JSpades P2 3Clubs P3 5Diamonds P0 5Clubs 
P0 7Clubs P1 2Clubs P2 QClubs P3 6Clubs 
P0 AClubs P1 KClubs P2 KDiamonds P3 JClubs 
-- /GAME --
P0 HAND: ADiamonds, 7Diamonds, 2Diamonds, 7Clubs, KClubs, 4Clubs, 2Clubs, QHearts, 5Hearts, JSpades.
P1 HAND: QDiamonds, 5Diamonds, 4Diamonds, 3Diamonds, JClubs, 6Clubs, 3Clubs, 6Hearts, QSpades, 5Spades.
P2 HAND: KDiamonds, AClubs, QClubs, AHearts, KHearts, JHearts, 3Hearts, 2Hearts, ASpades, KSpades.
P3 HAND: JDiamonds, 6Diamonds, 5Clubs, 7Hearts, 4Hearts, 7Spades, 6Spades, 4Spades, 3Spades, 2Spades.
P0 ADiamonds P1 3Diamonds P2 KDiamonds P3 6Diamonds 
P0 4Clubs P1 3Clubs P2 AClubs P3 5Clubs 
P2 2Hearts P3 4Hearts P0 5Hearts P1 6Hearts 
P1 4Diamonds P2 3Hearts P3 JDiamonds P0 7Diamonds 
P0 QHearts P1 5Diamonds P2 JHearts P3 7Hearts 
P3 2Spades P0 JSpades P1 5Spades P2 KSpades 
P2 QClubs P3 3Spades P0 KClubs P1 JClubs 
P3 4Spades P0 7Clubs P1 QSpades P2 ASpades 
P2 KHearts P3 6Spades P0 2Diamonds P1 QDiamonds 
P3 7Spades P0 2Clubs P1 6Clubs P2 AHearts 
-- /GAME --
P0 HAND: KDiamonds, JDiamonds, 5Diamonds, 7Clubs, QClubs, 6Clubs, 4Clubs, 2Clubs, 5Hearts, JSpades.
P1 HAND: ADiamonds, 3Diamonds, 3Clubs, 7Hearts, KHearts, QHearts, 6Hearts, 3Hearts, QSpades, 3Spades.
P2 HAND: 6Diamonds, AClubs, KClubs, JClubs, 5Clubs, 7Spades, KSpades, 5Spades, 4Spades, 2Spades.
P3 HAND: 7Diamonds, QDiamonds, 4Diamonds, 2Diamonds, AHearts, JHearts, 4Hearts, 2Hearts, ASpades, 6Spades.
P3 AHearts P0 5Hearts P1 7Hearts P2 2Spades 
P2 AClubs P3 6Spades P0 2Clubs P1 3Clubs 
P3 2Diamonds P0 KDiamonds P1 ADiamonds P2 6Diamonds 
P1 3Diamonds P2 5Clubs P3 7Diamonds P0 5Diamonds 
P3 2Hearts P0 4Clubs P1 3Hearts P2 4Spades 
P2 JClubs P3 4Diamonds P0 7Clubs P1 3Spades 
P1 6Hearts P2 5Spades P3 4Hearts P0 6Clubs 
P2 KSpades P3 ASpades P0 JSpades P1 QSpades 
P3 QDiamonds P0 JDiamonds P1 QHearts P2 KClubs 
P0 QClubs P1 KHearts P2 7Spades P3 JHearts 
-- /GAME --
P0 HAND: ADiamonds, KClubs, 3Clubs, 7Hearts, JHearts, ASpades, 7Spades, 6Spades, 3Spades, 2Spades.
P1 HAND: KDiamonds, JDiamonds, 6Diamonds, 3Diamonds, AClubs, AHearts, 5Hearts, 4Hearts, 3Hearts, KSpades.
P2 HAND: 5Diamonds, 2Diamonds, 7Clubs, QClubs, 5Clubs, KHearts, QHearts, 6Hearts, 5Spades, 4Spades.
P3 HAND: 7Diamonds, QDiamonds, 4Diamonds, JClubs, 6Clubs, 4Clubs, 2Clubs, 2Hearts, JSpades, QSpades.
P2 2Diamonds P3 4Diamonds P0 ADiamonds P1 3Diamonds 
P0 ASpades P1 KSpades P2 5Spades P3 QSpades 
P0 3Clubs P1 AClubs P2 5Clubs P3 JClubs 
P1 6Diamonds P2 5Diamonds P3 7Diamonds P0 7Hearts 
P0 KClubs P1 3Hearts P2 QClubs P3 6Clubs 
P1 JDiamonds P2 4Spades P3 QDiamonds P0 JHearts 
P0 2Spades P1 4Hearts P2 6Hearts P3 JSpades 
P2 QHearts P3 2Hearts P0 3Spades P1 5Hearts 
P2 KHearts P3 2Clubs P0 7Spades P1 AHearts 
P1 KDiamonds P2 7Clubs P3 4Clubs P0 6Spades 
-- /GAME --
P0 HAND: ADiamonds, KDiamonds, JDiamonds, QDiamonds, JClubs, 6Clubs, 6Hearts, KSpades, QSpades, 4Spades.
P1 HAND: 7Diamonds, 6Diamonds, 4Diamonds, 7Clubs, 7Hearts, QHearts, 3Hearts, 7Spades, 6Spades, 3Spades.
P2 HAND: 5Diamonds, 2Diamonds, AClubs, KClubs, 3Clubs, 2Clubs, 5Hearts, 4Hearts, 2Hearts, JSpades.
P3 HAND: 3Diamonds, QClubs, 5Clubs, 4Clubs, AHearts, KHearts, JHearts, ASpades, 5Spades, 2Spades.
P1 3Hearts P2 2Hearts P3 AHearts P0 6Hearts 
P3 ASpades P0 4Spades P1 7Spades P2 JSpades 
P3 2Spades P0 QSpades P1 3Spades P2 5Diamonds 
P0 KSpades P1 6Spades P2 2Diamonds P3 5Spades 
P0 ADiamonds P1 4Diamonds P2 5Hearts P3 3Diamonds 
P0 KDiamonds P1 6Diamonds P2 4Hearts P3 4Clubs 
P3 JHearts P0 6Clubs P1 QHearts P2 2Clubs 
P0 JDiamonds P1 7Diamonds P2 3Clubs P3 5Clubs 
P3 QClubs P0 JClubs P1 7Clubs P2 AClubs 
P2 KClubs P3 KHearts P0 QDiamonds P1 7Hearts 
-- /GAME --
P0 HAND: 7Diamonds, 2Diamonds, JClubs, QClubs, 3Clubs, AHearts, KHearts, JHearts, QHearts, ASpades.
P1 HAND: JDiamonds, 5Diamonds, 4Clubs, 7Hearts, 4Hearts, 2Hearts, KSpades, JSpades, 6Spades, 2Spades.
P2 HAND: ADiamonds, KDiamonds, 3Diamonds, 7Clubs, KClubs, 6Clubs, 5Clubs, 5Hearts, 3Hearts, 4Spades.
P3 HAND: QDiamonds, 6Diamonds, 4Diamonds, AClubs, 2Clubs, 6Hearts, 7Spades, QSpades, 5Spades, 3Spades.
P0 AHearts P1 2Hearts P2 5Hearts P3 6Hearts 
P0 ASpades P1 2Spades P2 4Spades P3 3Spades 
P0 JClubs P1 4Clubs P2 5Clubs P3 AClubs 
P3 2Clubs P0 3Clubs P1 4Hearts P2 7Clubs 
P2 3Hearts P3 5Spades P0 KHearts P1 7Hearts 
P1 6Spades P2 6Clubs P3 7Spades P0 QClubs 
P3 QSpades P0 QHearts P1 JSpades P2 3Diamonds 
P2 KDiamonds P3 4Diamonds P0 2Diamonds P1 5Diamonds 
P2 ADiamonds P3 6Diamonds P0 7Diamonds P1 JDiamonds 
P2 KClubs P3 QDiamonds P0 JHearts P1 KSpades 
-- /GAME --
P0 HAND: 7Diamonds, 4Diamonds, 4Clubs, JHearts, 6Hearts, 3Hearts, ASpades, 7Spades, 4Spades, 3Spades.
P1 HAND: ADiamonds, QDiamonds, 6Diamonds, 2Diamonds, QClubs, QHearts, 4Hearts, KSpades, 6Spades, 5Spades.
P2 HAND: KDiamonds, 3Diamonds, 7Clubs, JClubs, 5Clubs, 3Clubs, 2Clubs, 7Hearts, 2Hearts, JSpades.
P3 HAND: JDiamonds, 5Diamonds, AClubs, KClubs, 6Clubs, AHearts, KHearts, 5Hearts, QSpades, 2Spades.
P3 AClubs P0 4Clubs P1 QClubs P2 2Clubs 
P3 2Spades P0 ASpades P1 5Spades P2 JSpades 
P0 3Hearts P1 4Hearts P2 2Hearts P3 5Hearts 
P3 5Diamonds P0 7Diamonds P1 ADiamonds P2 3Diamonds 
P1 2Diamonds P2 KDiamonds P3 JDiamonds P0 4Diamonds 
P2 3Clubs P3 6Clubs P0 3Spades P1 KSpades 
P3 QSpades P0 7Spades P1 6Spades P2 7Clubs 
P0 6Hearts P1 QHearts P2 7Hearts P3 AHearts 
P3 KHearts P0 JHearts P1 6Diamonds P2 5Clubs 
P3 KClubs P0 4Spades P1 QDiamonds P2 JClubs 
-- /GAME --
P0 HAND: 5Diamonds, 3Diamonds, 7Clubs, QClubs, 4Hearts, 3Hearts, 2Hearts, 7Spades, JSpades, 2Spades.
P1 HAND: 7Diamonds, 6Diamonds, KClubs, JClubs, 4Clubs, QHearts, 6Hearts, 5Hearts, ASpades, 3Spades.
P2 HAND: ADiamonds, 2Diamonds, AClubs, 5Clubs, 3Clubs, 2Clubs, AHearts, 7Hearts, KHearts, KSpades.
P3 HAND: KDiamonds, JDiamonds, QDiamonds, 4Diamonds, 6Clubs, JHearts, QSpades, 6Spades, 5Spades, 4Spades.
P2 ADiamonds P3 4Diamonds P0 3Diamonds P1 6Diamonds 
P2 AClubs P3 6Clubs P0 7Clubs P1 4Clubs 
P2 AHearts P3 JHearts P0 4Hearts P1 5Hearts 
P2 2Diamonds P3 QDiamonds P0 5Diamonds P1 7Diamonds 
P1 6Hearts P2 KHearts P3 4Spades P0 2Hearts 
P3 JDiamonds P0 3Hearts P1 QHearts P2 KSpades 
P2 2Clubs P3 5Spades P0 QClubs P1 KClubs 
P3 6Spades P0 7Spades P1 ASpades P2 3Clubs 
P1 JClubs P2 5Clubs P3 QSpades P0 JSpades 
P0 2Spades P1 3Spades P2 7Hearts P3 KDiamonds 
-- /GAME --
P0 HAND: ADiamonds, KDiamonds, AClubs, KClubs, 7Hearts, QHearts, 3Hearts, 6Spades, 3Spades, 2Spades.
P1 HAND: QDiamonds, 5Diamonds, 4Diamonds, JClubs, 6Clubs, 4Clubs, 2Clubs, 5Hearts, JSpades, QSpades.
P2 HAND: 7Diamonds, 3Diamonds, 3Clubs, AHearts, KHearts, 6Hearts, 2Hearts, 7Spades, KSpades, 4Spades.
P3 HAND: JDiamonds, 6Diamonds, 2Diamonds, 7Clubs, QClubs, 5Clubs, JHearts, 4Hearts, ASpades, 5Spades.
P1 2Clubs P2 3Clubs P3 5Clubs P0 AClubs 
P0 ADiamonds P1 4Diamonds P2 7Diamonds P3 2Diamonds 
P0 KClubs P1 4Clubs P2 2Hearts P3 7Clubs 
P3 4Hearts P0 3Hearts P1 5Hearts P2 AHearts 
P2 3Diamonds P3 6Diamonds P0 KDiamonds P1 5Diamonds 
P0 2Spades P1 QSpades P2 4Spades P3 5Spades 
P1 6Clubs P2 6Hearts P3 QClubs P0 3Spades 
P0 6Spades P1 JSpades P2 KSpades P3 ASpades 
P3 JDiamonds P0 QHearts P1 QDiamonds P2 7Spades 
P2 KHearts P3 JHearts P0 7Hearts P1 JClubs 
-- /GAME --
P0 HAND: KDiamonds, JDiamonds, JClubs, 6Clubs, 5Clubs, 3Clubs, KHearts, ASpades, 6Spades, 4Spades.
P1 HAND: ADiamonds, 6Diamonds, 4Diamonds, 3Diamonds, 2Diamonds, QClubs, 5Hearts, 4Hearts, JSpades, 5Spades.
P2 HAND: AClubs, KClubs, 4Clubs, 2Clubs, AHearts, 7Hearts, QHearts, 6Hearts, 3Hearts, QSpades.
P3 HAND: 7Diamonds, QDiamonds, 5Diamonds, 7Clubs, JHearts, 2Hearts, 7Spades, KSpades, 3Spades, 2Spades.
P0 ASpades P1 5Spades P2 QSpades P3 2Spades 
P0 6Clubs P1 QClubs P2 AClubs P3 7Clubs 
P2 2Clubs P3 3Spades P0 5Clubs P1 2Diamonds 
P0 6Spades P1 JSpades P2 4Clubs P3 7Spades 
P3 5Diamonds P0 KDiamonds P1 ADiamonds P2 3Hearts 
P2 6Hearts P3 2Hearts P0 KHearts P1 4Hearts 
P0 JDiamonds P1 3Diamonds P2 QHearts P3 QDiamonds 
P2 7Hearts P3 JHearts P0 3Clubs P1 5Hearts 
P2 AHearts P3 KSpades P0 JClubs P1 4Diamonds 
P2 KClubs P3 7Diamonds P0 4Spades P1 6Diamonds 
-- /GAME --

