-- GAME --
P0 HAND: 4Diamonds, AClubs, 7Clubs, JClubs, 2Clubs, AHearts, JHearts, 2Hearts, 3Spades, 2Spades.
P1 HAND: QDiamonds, 3Diamonds, QClubs, 5Clubs, 4Clubs, 3Clubs, QHearts, 5Hearts, ASpades, 4Spades.
P2 HAND: ADiamonds, 7Diamonds, 6Diamonds, 5Diamonds, 2Diamonds, 6Clubs, 7Hearts, 3Hearts, KSpades, 6Spades.
P3 HAND: KDiamonds, JDiamonds, KClubs, KHearts, 6Hearts, 4Hearts, 7Spades, JSpades, QSpades, 5Spades.
P1 ASpades P2 6Spades P3 7Spades P0 2Spades 
P1 3Diamonds P2 ADiamonds P3 JDiamonds P0 4Diamonds 
P2 2Diamonds P3 KDiamonds P0 3Spades P1 QDiamonds 
P3 4Hearts P0 AHearts P1 5Hearts P2 7Hearts 
P0 AClubs P1 3Clubs P2 6Clubs P3 KClubs 
P0 7Clubs P1 4Clubs P2 7Diamonds P3 5Spades 
P0 JClubs P1 5Clubs P2 3Hearts P3 6Hearts 
P0 2Clubs P1 QClubs P2 5Diamonds P3 KHearts 
P1 4Spades P2 KSpades P3 QSpades P0 2Hearts 
P2 6Diamonds P3 JSpades P0 JHearts P1 QHearts 
-- /GAME --
P0 HAND: 7Diamonds, 6Diamonds, 5Diamonds, 4Clubs, AHearts, JHearts, 7Spades, KSpades, QSpades, 6Spades.
P1 HAND: ADiamonds, JDiamonds, 4Diamonds, 2Diamonds, AClubs, 7Clubs, QHearts, 4Hearts, 2Hearts, JSpades.
P2 HAND: KClubs, 5Clubs, KHearts, 6Hearts, 3Hearts, ASpades, 5Spades, 4Spades, 3Spades, 2Spades.
P3 HAND: KDiamonds, QDiamonds, 3Diamonds, JClubs, QClubs, 6Clubs, 3Clubs, 2Clubs, 7Hearts, 5Hearts.
P0 AHearts P1 2Hearts P2 KHearts P3 5Hearts 
P0 6Spades P1 JSpades P2 ASpades P3 2Clubs 
P3 3Diamonds P0 5Diamonds P1 ADiamonds P2 5Clubs 
P2 2Spades P3 QDiamonds P0 7Spades P1 7Clubs 
P1 2Diamonds P2 3Hearts P3 KDiamonds P0 7Diamonds 
P0 6Diamonds P1 4Diamonds P2 3Spades P3 3Clubs 
P3 6Clubs P0 4Clubs P1 AClubs P2 KClubs 
P1 4Hearts P2 6Hearts P3 7Hearts P0 JHearts 
P3 QClubs P0 QSpades P1 QHearts P2 4Spades 
P3 JClubs P0 KSpades P1 JDiamonds P2 5Spades 
-- /GAME --
P0 HAND: ADiamonds, 5Diamonds, 3Diamonds, 7Clubs, JClubs, 3Clubs, AHearts, 3Hearts, JSpades, 5Spades.
P1 HAND: JDiamonds, 6Diamonds, 2Diamonds, AClubs, JHearts, QHearts, ASpades, 7Spades, QSpades, 3Spades.
P2 HAND: KDiamonds, QClubs, 6Clubs, 5Clubs, 4Clubs, 2Clubs, 6Hearts, 2Hearts, KSpades, 2Spades.
P3 HAND: 7Diamonds, QDiamonds, 4Diamonds, KClubs, 7Hearts, KHearts, 5Hearts, 4Hearts, 6Spades, 4Spades.
P3 4Diamonds P0 ADiamonds P1 2Diamonds P2 KDiamonds 
P0 3Hearts P1 QHearts P2 2Hearts P3 7Hearts 
P3 4Hearts P0 AHearts P1 JHearts P2 6Hearts 
P0 3Diamonds P1 6Diamonds P2 2Spades P3 7Diamonds 
P3 4Spades P0 JSpades P1 ASpades P2 KSpades 
P1 3Spades P2 2Clubs P3 6Spades P0 5Spades 
P2 4Clubs P3 KClubs P0 3Clubs P1 AClubs 
P1 QSpades P2 5Clubs P3 5Hearts P0 5Diamonds 
P2 6Clubs P3 QDiamonds P0 JClubs P1 JDiamonds 
P0 7Clubs P1 7Spades P2 QClubs P3 KHearts 
-- /GAME --
P0 HAND: JDiamonds, JClubs, QClubs, 5Clubs, 4Clubs, JHearts, 7Spades, JSpades, QSpades, 4Spades.
P1 HAND: QDiamonds, 6Diamonds, 5Diamonds, 2Clubs, KHearts, QHearts, ASpades, KSpades, 6Spades, 3Spades.
P2 HAND: ADiamonds, 4Diamonds, 7Clubs, 3Clubs, 7Hearts, 6Hearts, 5Hearts, 4Hearts, 5Spades, 2Spades.
P3 HAND: 7Diamonds, KDiamonds, 3Diamonds, 2Diamonds, AClubs, KClubs, 6Clubs, AHearts, 3Hearts, 2Hearts.
P2 ADiamonds P3 2Diamonds P0 JDiamonds P1 5Diamonds 
P2 2Spades P3 3Diamonds P0 4Spades P1 ASpades 
P1 2Clubs P2 3Clubs P3 AClubs P0 5Clubs 
P3 6Clubs P0 JClubs P1 3Spades P2 7Clubs 
P2 4Diamonds P3 KDiamonds P0 JHearts P1 6Diamonds 
P0 7Spades P1 6Spades P2 5Spades P3 2Hearts 
P3 3Hearts P0 JSpades P1 QHearts P2 7Hearts 
P2 4Hearts P3 AHearts P0 4Clubs P1 KHearts 
P3 KClubs P0 QClubs P1 QDiamonds P2 5Hearts 
P2 6Hearts P3 7Diamonds P0 QSpades P1 KSpades 
-- /GAME --

