-- GAME --
P0 HAND: 5Diamonds, AClubs, 2Clubs, JHearts, QHearts, 5Hearts, 2Hearts, JSpades, QSpades, 4Spades.
P1 HAND: 6Diamonds, 4Diamonds, QClubs, 6Clubs, 5Clubs, 4Clubs, 3Clubs, 7Hearts, ASpades, 2Spades.
P2 HAND: 7Diamonds, KDiamonds, 3Diamonds, 7Clubs, JClubs, AHearts, 6Hearts, 3Hearts, 6Spades, 5Spades.
P3 HAND: ADiamonds, JDiamonds, QDiamonds, 2Diamonds, KClubs, KHearts, 4Hearts, 7Spades, KSpades, 3Spades.
P3 3Spades P0 4Spades P1 ASpades P2 5Spades 
P1 2Spades P2 6Spades P3 7Spades P0 QSpades 
P3 4Hearts P0 2Hearts P1 7Hearts P2 AHearts 
P2 3Hearts P3 KHearts P0 5Hearts P1 QClubs 
P3 2Diamonds P0 5Diamonds P1 4Diamonds P2 3Diamonds 
P0 AClubs P1 3Clubs P2 7Clubs P3 KClubs 
P0 JSpades P1 4Clubs P2 6Hearts P3 KSpades 
P3 QDiamonds P0 2Clubs P1 6Diamonds P2 KDiamonds 
P2 JClubs P3 JDiamonds P0 QHearts P1 6Clubs 
P3 ADiamonds P0 JHearts P1 5Clubs P2 7Diamonds 
-- /GAME --
P0 HAND: ADiamonds, KDiamonds, 4Diamonds, 2Diamonds, 4Clubs, QHearts, 3Hearts, ASpades, 4Spades, 2Spades.
P1 HAND: JDiamonds, 6Diamonds, 3Diamonds, 7Clubs, AHearts, 7Hearts, KHearts, 6Hearts, 2Hearts, 3Spades.
P2 HAND: QDiamonds, KClubs, 2Clubs, JHearts, 5Hearts, 7Spades, KSpades, JSpades, QSpades, 6Spades.
P3 HAND: 7Diamonds, 5Diamonds, AClubs, JClubs, QClubs, 6Clubs, 5Clubs, 3Clubs, 4Hearts, 5Spades.
P2 2Clubs P3 3Clubs P0 4Clubs P1 7Clubs 
P1 3Diamonds P2 QDiamonds P3 5Diamonds P0 ADiamonds 
P0 ASpades P1 3Spades P2 7Spades P3 5Spades 
P0 2Spades P1 6Diamonds P2 6Spades P3 5Clubs 
P2 QSpades P3 6Clubs P0 4Spades P1 2Hearts 
P1 JDiamonds P2 5Hearts P3 7Diamonds P0 KDiamonds 
P2 JSpades P3 QClubs P0 QHearts P1 KHearts 
P1 6Hearts P2 JHearts P3 4Hearts P0 3Hearts 
P2 KClubs P3 JClubs P0 2Diamonds P1 7Hearts 
P1 AHearts P2 KSpades P3 AClubs P0 4Diamonds 
-- /GAME --
P0 HAND: KDiamonds, JDiamonds, 6Diamonds, 4Clubs, 2Clubs, 7Hearts, 5Hearts, 4Hearts, 2Hearts, 7Spades.
P1 HAND: 5Diamonds, 2Diamonds, KClubs, 5Clubs, AHearts, JHearts, QHearts, JSpades, 5Spades, 4Spades.
P2 HAND: ADiamonds, 7Diamonds, QDiamonds, 3Diamonds, AClubs, JClubs, 3Clubs, 6Spades, 3Spades, 2Spades.
P3 HAND: 4Diamonds, 7Clubs, QClubs, 6Clubs, KHearts, 6Hearts, 3Hearts, ASpades, KSpades, QSpades.
P1 AHearts P2 3Clubs P3 3Hearts P0 7Hearts 
P2 ADiamonds P3 4Diamonds P0 KDiamonds P1 2Diamonds 
P2 2Spades P3 ASpades P0 7Spades P1 JSpades 
P3 6Hearts P0 2Hearts P1 QHearts P2 3Diamonds 
P1 4Spades P2 3Spades P3 KSpades P0 2Clubs 
P0 5Hearts P1 JHearts P2 6Spades P3 KHearts 
P3 QSpades P0 4Clubs P1 5Spades P2 7Diamonds 
P0 4Hearts P1 5Diamonds P2 QDiamonds P3 6Clubs 
P3 QClubs P0 6Diamonds P1 5Clubs P2 JClubs 
P2 AClubs P3 7Clubs P0 JDiamonds P1 KClubs 
-- /GAME --
P0 HAND: ADiamonds, 6Diamonds, JClubs, 3Clubs, 2Clubs, 6Hearts, 4Hearts, 3Hearts, 7Spades, 5Spades.
P1 HAND: JDiamonds, 2Diamonds, AClubs, KClubs, 5Clubs, AHearts, QHearts, JSpades, 4Spades, 2Spades.
P2 HAND: 7Diamonds, QDiamonds, 4Diamonds, 3Diamonds, KHearts, ASpades, KSpades, QSpades, 6Spades, 3Spades.
P3 HAND: KDiamonds, 5Diamonds, 7Clubs, QClubs, 6Clubs, 4Clubs, 7Hearts, JHearts, 5Hearts, 2Hearts.
P0 ADiamonds P1 2Diamonds P2 7Diamonds P3 5Diamonds 
P0 6Diamonds P1 JDiamonds P2 3Diamonds P3 KDiamonds 
P3 2Hearts P0 3Hearts P1 AHearts P2 KHearts 
P1 2Spades P2 ASpades P3 4Clubs P0 5Spades 
P3 5Hearts P0 6Hearts P1 QHearts P2 3Spades 
P1 4Spades P2 6Spades P3 6Clubs P0 7Spades 
P3 JHearts P0 4Hearts P1 5Clubs P2 4Diamonds 
P1 JSpades P2 QSpades P3 QClubs P0 JClubs 
P0 2Clubs P1 KClubs P2 QDiamonds P3 7Clubs 
P3 7Hearts P0 3Clubs P1 AClubs P2 KSpades 
-- /GAME --
P0 HAND: 5Diamonds, 4Clubs, 3Clubs, 2Clubs, KHearts, 6Hearts, 5Hearts, 6Spades, 4Spades, 2Spades.
P1 HAND: QDiamonds, 4Diamonds, 3Diamonds, 6Clubs, AHearts, JHearts, 4Hearts, 2Hearts, JSpades, 5Spades.
P2 HAND: 7Diamonds, KDiamonds, 2Diamonds, 7Clubs, KClubs, QClubs, 3Hearts, ASpades, 7Spades, 3Spades.
P3 HAND: ADiamonds, JDiamonds, 6Diamonds, AClubs, JClubs, 5Clubs, 7Hearts, QHearts, KSpades, QSpades.
P3 ADiamonds P0 5Diamonds P1 QDiamonds P2 2Diamonds 
P3 6Diamonds P0 2Clubs P1 3Diamonds P2 7Diamonds 
P0 2Spades P1 5Spades P2 ASpades P3 QSpades 
P2 3Hearts P3 QHearts P0 5Hearts P1 AHearts 
P1 2Hearts P2 3Spades P3 7Hearts P0 6Hearts 
P3 JDiamonds P0 4Clubs P1 4Diamonds P2 KDiamonds 
P0 KHearts P1 4Hearts P2 QClubs P3 JClubs 
P3 5Clubs P0 3Clubs P1 6Clubs P2 KClubs 
P2 7Clubs P3 AClubs P0 4Spades P1 JHearts 
P3 KSpades P0 6Spades P1 JSpades P2 7Spades 
-- /GAME --
P0 HAND: JDiamonds, 6Diamonds, 5Diamonds, 2Diamonds, KClubs, QClubs, 3Clubs, 2Clubs, KHearts, 6Spades.
P1 HAND: ADiamonds, 4Diamonds, 5Clubs, 6Hearts, 4Hearts, 3Hearts, ASpades, KSpades, JSpades, QSpades.
P2 HAND: KDiamonds, QDiamonds, 3Diamonds, AClubs, 7Clubs, AHearts, QHearts, 2Hearts, 5Spades, 2Spades.
P3 HAND: 7Diamonds, JClubs, 6Clubs, 4Clubs, 7Hearts, JHearts, 5Hearts, 7Spades, 4Spades, 3Spades.

