-- GAME --
P0 HAND: ADiamonds, KDiamonds, QDiamonds, 5Diamonds, AClubs, JClubs, KHearts, JSpades, QSpades, 5Spades.
P1 HAND: JDiamonds, QClubs, 6Clubs, 4Clubs, 3Clubs, 6Hearts, 5Hearts, 2Hearts, ASpades, 4Spades.
P2 HAND: 7Diamonds, 6Diamonds, 3Diamonds, 7Clubs, AHearts, JHearts, QHearts, 4Hearts, 3Spades, 2Spades.
P3 HAND: 4Diamonds, 2Diamonds, KClubs, 5Clubs, 2Clubs, 7Hearts, 3Hearts, 7Spades, KSpades, 6Spades.
P1 ASpades P2 2Spades P3 7Spades P0 5Spades 
P1 2Hearts P2 AHearts P3 3Hearts P0 KHearts 
P2 3Spades P3 6Spades P0 JSpades P1 4Spades 
P0 AClubs P1 3Clubs P2 7Clubs P3 2Clubs 
P0 QSpades P1 4Clubs P2 4Hearts P3 KSpades 
P3 5Clubs P0 JClubs P1 6Clubs P2 JHearts 
P0 ADiamonds P1 JDiamonds P2 3Diamonds P3 2Diamonds 
P0 5Diamonds P1 5Hearts P2 6Diamonds P3 4Diamonds 
P2 QHearts P3 7Hearts P0 KDiamonds P1 6Hearts 
P0 QDiamonds P1 QClubs P2 7Diamonds P3 KClubs 
-- /GAME --
P0 HAND: 7Diamonds, QDiamonds, 5Diamonds, 6Clubs, 2Clubs, AHearts, JHearts, JSpades, 6Spades, 5Spades.
P1 HAND: KDiamonds, JDiamonds, 2Diamonds, 5Clubs, 6Hearts, 2Hearts, 7Spades, 4Spades, 3Spades, 2Spades.
P2 HAND: ADiamonds, 6Diamonds, 3Diamonds, AClubs, KClubs, 4Clubs, KHearts, QHearts, 4Hearts, KSpades.
P3 HAND: 4Diamonds, 7Clubs, JClubs, QClubs, 3Clubs, 7Hearts, 5Hearts, 3Hearts, ASpades, QSpades.
P0 AHearts P1 2Hearts P2 KHearts P3 3Hearts 
P0 5Spades P1 2Spades P2 KSpades P3 ASpades 
P3 4Diamonds P0 QDiamonds P1 2Diamonds P2 ADiamonds 
P2 3Diamonds P3 5Hearts P0 7Diamonds P1 JDiamonds 
P0 5Diamonds P1 KDiamonds P2 6Diamonds P3 7Hearts 
P1 3Spades P2 4Hearts P3 QSpades P0 JSpades 
P0 6Spades P1 4Spades P2 QHearts P3 3Clubs 
P3 QClubs P0 2Clubs P1 5Clubs P2 4Clubs 
P3 JClubs P0 6Clubs P1 6Hearts P2 KClubs 
P2 AClubs P3 7Clubs P0 JHearts P1 7Spades 
-- /GAME --
P0 HAND: KDiamonds, 2Diamonds, AClubs, AHearts, 7Hearts, KHearts, 5Hearts, 3Hearts, JSpades, 4Spades.
P1 HAND: ADiamonds, 4Diamonds, 7Clubs, 4Clubs, 3Clubs, 4Hearts, 7Spades, QSpades, 6Spades, 5Spades.
P2 HAND: QDiamonds, 6Diamonds, 3Diamonds, QClubs, QHearts, 2Hearts, ASpades, KSpades, 3Spades, 2Spades.
P3 HAND: 7Diamonds, JDiamonds, 5Diamonds, KClubs, JClubs, 6Clubs, 5Clubs, 2Clubs, JHearts, 6Hearts.
P3 2Clubs P0 AClubs P1 3Clubs P2 QClubs 
P0 4Spades P1 5Spades P2 ASpades P3 6Hearts 
P3 5Diamonds P0 KDiamonds P1 ADiamonds P2 3Diamonds 
P1 4Diamonds P2 6Diamonds P3 7Diamonds P0 2Diamonds 
P3 5Clubs P0 JSpades P1 7Clubs P2 2Hearts 
P2 2Spades P3 6Clubs P0 5Hearts P1 6Spades 
P0 AHearts P1 4Hearts P2 QHearts P3 JHearts 
P0 7Hearts P1 4Clubs P2 KSpades P3 JDiamonds 
P0 KHearts P1 QSpades P2 3Spades P3 JClubs 
P0 3Hearts P1 7Spades P2 QDiamonds P3 KClubs 
-- /GAME --
P0 HAND: ADiamonds, 6Diamonds, 3Diamonds, QClubs, KHearts, JHearts, 6Hearts, 5Hearts, ASpades, 5Spades.
P1 HAND: KDiamonds, QDiamonds, 4Diamonds, 2Diamonds, AClubs, 7Clubs, 3Clubs, QHearts, 3Hearts, 3Spades.
P2 HAND: JDiamonds, 5Diamonds, JClubs, 6Clubs, 2Clubs, 2Hearts, 7Spades, KSpades, 6Spades, 4Spades.
P3 HAND: 7Diamonds, KClubs, 5Clubs, 4Clubs, AHearts, 7Hearts, 4Hearts, JSpades, QSpades, 2Spades.

