-- GAME --
P0 HAND: 7Diamonds, AClubs, KClubs, 6Clubs, AHearts, QHearts, 5Hearts, 4Hearts, 6Spades, 2Spades.
P1 HAND: 6Diamonds, 4Clubs, 3Clubs, KHearts, 2Hearts, ASpades, JSpades, QSpades, 5Spades, 4Spades.
P2 HAND: JDiamonds, QDiamonds, 5Diamonds, 3Diamonds, 2Diamonds, 7Clubs, QClubs, 2Clubs, 6Hearts, 7Spades.
P3 HAND: ADiamonds, KDiamonds, 4Diamonds, JClubs, 5Clubs, 7Hearts, JHearts, 3Hearts, KSpades, 3Spades.
P1 2Hearts P2 6Hearts P3 3Hearts P0 AHearts 
P0 2Spades P1 ASpades P2 7Spades P3 KSpades 
P1 4Spades P2 2Diamonds P3 3Spades P0 6Spades 
P0 4Hearts P1 KHearts P2 3Diamonds P3 7Hearts 
P3 4Diamonds P0 7Diamonds P1 6Diamonds P2 JDiamonds 
P0 6Clubs P1 3Clubs P2 2Clubs P3 5Clubs 
P0 5Hearts P1 5Spades P2 5Diamonds P3 JHearts 
P3 JClubs P0 KClubs P1 4Clubs P2 QClubs 
P0 AClubs P1 QSpades P2 7Clubs P3 KDiamonds 
P0 QHearts P1 JSpades P2 QDiamonds P3 ADiamonds 
-- /GAME --
P0 HAND: KDiamonds, JDiamonds, QDiamonds, 5Diamonds, 4Diamonds, 3Diamonds, 2Hearts, ASpades, KSpades, JSpades.
P1 HAND: 7Clubs, KClubs, JClubs, QClubs, 7Hearts, KHearts, QHearts, 7Spades, QSpades, 5Spades.
P2 HAND: ADiamonds, AClubs, 6Clubs, 4Clubs, JHearts, 5Hearts, 4Hearts, 3Hearts, 6Spades, 3Spades.
P3 HAND: 7Diamonds, 6Diamonds, 2Diamonds, 5Clubs, 3Clubs, 2Clubs, AHearts, 6Hearts, 4Spades, 2Spades.
P0 2Hearts P1 QHearts P2 3Hearts P3 AHearts 
P3 2Diamonds P0 QDiamonds P1 5Spades P2 ADiamonds 
P2 3Spades P3 2Spades P0 ASpades P1 QSpades 
P0 4Diamonds P1 QClubs P2 4Hearts P3 7Diamonds 
P1 JClubs P2 4Clubs P3 2Clubs P0 3Diamonds 
P1 KClubs P2 6Clubs P3 3Clubs P0 5Diamonds 
P1 7Clubs P2 AClubs P3 5Clubs P0 KSpades 
P2 5Hearts P3 6Hearts P0 JDiamonds P1 7Hearts 
P1 KHearts P2 JHearts P3 4Spades P0 JSpades 
P1 7Spades P2 6Spades P3 6Diamonds P0 KDiamonds 
-- /GAME --
P0 HAND: 7Diamonds, 6Diamonds, KClubs, 6Clubs, QHearts, 5Hearts, 2Hearts, ASpades, QSpades, 5Spades.
P1 HAND: ADiamonds, KDiamonds, 3Diamonds, 7Clubs, 4Clubs, 2Clubs, JHearts, 4Hearts, 3Hearts, JSpades.
P2 HAND: QDiamonds, 5Diamonds, 2Diamonds, AClubs, QClubs, 7Hearts, KHearts, 7Spades, KSpades, 3Spades.
P3 HAND: JDiamonds, 4Diamonds, JClubs, 5Clubs, 3Clubs, AHearts, 6Hearts, 6Spades, 4Spades, 2Spades.
P3 AHearts P0 2Hearts P1 JHearts P2 KHearts 
P3 3Clubs P0 6Clubs P1 2Clubs P2 AClubs 
P2 2Diamonds P3 4Diamonds P0 6Diamonds P1 ADiamonds 
P1 3Diamonds P2 5Diamonds P3 JDiamonds P0 7Diamonds 
P0 KClubs P1 4Clubs P2 QClubs P3 5Clubs 
P0 QHearts P1 3Hearts P2 7Hearts P3 6Hearts 
P2 QDiamonds P3 2Spades P0 5Hearts P1 KDiamonds 
P3 JClubs P0 QSpades P1 7Clubs P2 3Spades 
P0 5Spades P1 JSpades P2 KSpades P3 4Spades 
P2 7Spades P3 6Spades P0 ASpades P1 4Hearts 
-- /GAME --
P0 HAND: 7Diamonds, 2Diamonds, 7Clubs, 6Clubs, 2Clubs, AHearts, 4Hearts, 2Hearts, KSpades, 6Spades.
P1 HAND: ADiamonds, KDiamonds, 5Diamonds, JClubs, 3Clubs, JHearts, 5Hearts, ASpades, 7Spades, 4Spades.
P2 HAND: 6Diamonds, 4Diamonds, 3Diamonds, AClubs, KClubs, QClubs, KHearts, QHearts, 3Hearts, 5Spades.
P3 HAND: JDiamonds, QDiamonds, 5Clubs, 4Clubs, 7Hearts, 6Hearts, JSpades, QSpades, 3Spades, 2Spades.
P0 AHearts P1 5Hearts P2 KHearts P3 6Hearts 
P0 6Spades P1 ASpades P2 5Spades P3 JSpades 
P1 ADiamonds P2 3Diamonds P3 JDiamonds P0 2Diamonds 
P1 4Spades P2 3Hearts P3 2Spades P0 KSpades 
P0 2Clubs P1 3Clubs P2 QClubs P3 4Clubs 
P2 4Diamonds P3 QDiamonds P0 7Diamonds P1 5Diamonds 
P0 6Clubs P1 JClubs P2 KClubs P3 5Clubs 
P2 6Diamonds P3 3Spades P0 7Clubs P1 KDiamonds 
P0 4Hearts P1 JHearts P2 QHearts P3 7Hearts 
P3 QSpades P0 2Hearts P1 7Spades P2 AClubs 
-- /GAME --
P0 HAND: JDiamonds, 6Diamonds, 5Diamonds, 4Diamonds, AClubs, 3Clubs, KHearts, JHearts, QSpades, 3Spades.
P1 HAND: ADiamonds, QDiamonds, KClubs, QHearts, 3Hearts, ASpades, 7Spades, 6Spades, 4Spades, 2Spades.
P2 HAND: KDiamonds, 3Diamonds, 7Clubs, JClubs, QClubs, 4Clubs, 6Hearts, 5Hearts, 4Hearts, JSpades.
P3 HAND: 7Diamonds, 2Diamonds, 6Clubs, 5Clubs, 2Clubs, AHearts, 7Hearts, 2Hearts, KSpades, 5Spades.
P3 AHearts P0 JHearts P1 QHearts P2 4Hearts 
P3 2Diamonds P0 5Diamonds P1 ADiamonds P2 3Diamonds 
P1 2Spades P2 JSpades P3 5Spades P0 QSpades 
P2 5Hearts P3 2Hearts P0 KHearts P1 3Hearts 
P0 JDiamonds P1 QDiamonds P2 KDiamonds P3 7Diamonds 
P3 2Clubs P0 3Clubs P1 KClubs P2 4Clubs 
P1 4Spades P2 6Hearts P3 KSpades P0 3Spades 
P3 5Clubs P0 AClubs P1 6Spades P2 QClubs 
P0 6Diamonds P1 7Spades P2 JClubs P3 7Hearts 
P2 7Clubs P3 6Clubs P0 4Diamonds P1 ASpades 
-- /GAME --
P0 HAND: 7Diamonds, 5Diamonds, 4Diamonds, 2Diamonds, 4Clubs, 3Clubs, 5Hearts, 6Spades, 4Spades, 2Spades.
P1 HAND: 6Diamonds, 3Diamonds, AClubs, 7Clubs, QClubs, 2Clubs, 7Hearts, 2Hearts, 7Spades, QSpades.
P2 HAND: ADiamonds, JDiamonds, KClubs, JClubs, 6Clubs, 5Clubs, KSpades, JSpades, 5Spades, 3Spades.
P3 HAND: KDiamonds, QDiamonds, AHearts, KHearts, JHearts, QHearts, 6Hearts, 4Hearts, 3Hearts, ASpades.
P2 ADiamonds P3 QDiamonds P0 7Diamonds P1 3Diamonds 
P2 5Clubs P3 3Hearts P0 3Clubs P1 AClubs 
P1 2Clubs P2 6Clubs P3 4Hearts P0 4Clubs 
P2 JDiamonds P3 KDiamonds P0 5Diamonds P1 6Diamonds 
P3 6Hearts P0 5Hearts P1 2Hearts P2 3Spades 
P2 JClubs P3 QHearts P0 2Spades P1 QClubs 
P0 4Spades P1 QSpades P2 5Spades P3 ASpades 
P3 JHearts P0 6Spades P1 7Hearts P2 KClubs 
P0 4Diamonds P1 7Spades P2 JSpades P3 AHearts 
P1 7Clubs P2 KSpades P3 KHearts P0 2Diamonds 
-- /GAME --
P0 HAND: 7Diamonds, 2Diamonds, 7Clubs, JClubs, 3Clubs, AHearts, 7Hearts, 6Hearts, ASpades, 5Spades.
P1 HAND: 5Diamonds, 3Diamonds, KClubs, 6Clubs, 5Hearts, 4Hearts, 3Hearts, 7Spades, KSpades, 3Spades.
P2 HAND: QDiamonds, QClubs, 5Clubs, 4Clubs, KHearts, JSpades, QSpades, 6Spades, 4Spades, 2Spades.
P3 HAND: ADiamonds, KDiamonds, JDiamonds, 6Diamonds, 4Diamonds, AClubs, 2Clubs, JHearts, QHearts, 2Hearts.
P1 3Diamonds P2 QDiamonds P3 ADiamonds P0 2Diamonds 
P3 2Hearts P0 AHearts P1 3Hearts P2 KHearts 
P0 ASpades P1 3Spades P2 JSpades P3 2Clubs 
P3 4Diamonds P0 7Diamonds P1 5Diamonds P2 QSpades 

