-- GAME --
P0 HAND: JDiamonds, 6Diamonds, JClubs, 4Clubs, 7Hearts, JHearts, 3Hearts, 7Spades, 4Spades, 3Spades.
P1 HAND: ADiamonds, QDiamonds, 4Diamonds, KClubs, QClubs, 2Clubs, QHearts, 6Hearts, 2Hearts, ASpades.
P2 HAND: KDiamonds, 5Diamonds, 2Diamonds, 3Clubs, AHearts, 5Hearts, JSpades, QSpades, 6Spades, 5Spades.
P3 HAND: 7Diamonds, 3Diamonds, AClubs, 7Clubs, 6Clubs, 5Clubs, KHearts, 4Hearts, KSpades, 2Spades.
P3 AClubs P0 JClubs P1 KClubs P2 3Clubs 
P3 2Spades P0 4Spades P1 ASpades P2 5Spades 
P1 2Clubs P2 5Hearts P3 7Clubs P0 4Clubs 
P3 4Hearts P0 JHearts P1 2Hearts P2 AHearts 
P2 6Spades P3 KSpades P0 7Spades P1 4Diamonds 
P1 6Hearts P2 QSpades P3 KHearts P0 7Hearts 
P0 3Hearts P1 QHearts P2 2Diamonds P3 5Clubs 
P2 JSpades P3 6Clubs P0 3Spades P1 QClubs 
P2 5Diamonds P3 3Diamonds P0 JDiamonds P1 QDiamonds 
P0 6Diamonds P1 ADiamonds P2 KDiamonds P3 7Diamonds 
-- /GAME --
P0 HAND: JDiamonds, 7Clubs, JClubs, 4Clubs, 2Clubs, AHearts, 4Hearts, JSpades, 6Spades, 5Spades.
P1 HAND: ADiamonds, KDiamonds, 5Diamonds, 4Diamonds, 5Clubs, 3Clubs, 6Hearts, 3Hearts, ASpades, KSpades.
P2 HAND: 7Diamonds, 6Diamonds, AClubs, KClubs, QClubs, 6Clubs, QHearts, 2Hearts, 4Spades, 2Spades.
P3 HAND: QDiamonds, 3Diamonds, 2Diamonds, 7Hearts, KHearts, JHearts, 5Hearts, 7Spades, QSpades, 3Spades.
P2 AClubs P3 2Diamonds P0 2Clubs P1 5Clubs 
P3 3Spades P0 6Spades P1 ASpades P2 2Spades 
P1 3Clubs P2 6Clubs P3 5Hearts P0 7Clubs 
P0 4Hearts P1 3Hearts P2 2Hearts P3 7Hearts 
P3 QSpades P0 JSpades P1 KSpades P2 4Spades 
P1 6Hearts P2 QHearts P3 JHearts P0 AHearts 
P0 JClubs P1 4Diamonds P2 QClubs P3 7Spades 
P1 5Diamonds P2 6Diamonds P3 3Diamonds P0 JDiamonds 
P0 5Spades P1 KDiamonds P2 7Diamonds P3 KHearts 
P2 KClubs P3 QDiamonds P0 4Clubs P1 ADiamonds 
-- /GAME --
P0 HAND: 7Diamonds, 2Diamonds, 4Clubs, QHearts, 6Hearts, 5Hearts, KSpades, JSpades, QSpades, 6Spades.
P1 HAND: ADiamonds, 6Diamonds, 5Diamonds, 4Diamonds, 3Diamonds, 7Clubs, 6Clubs, AHearts, 7Hearts, 2Spades.
P2 HAND: JDiamonds, QDiamonds, AClubs, JClubs, QClubs, 5Clubs, KHearts, 2Hearts, 5Spades, 4Spades.
P3 HAND: KDiamonds, KClubs, 3Clubs, 2Clubs, JHearts, 4Hearts, 3Hearts, ASpades, 7Spades, 3Spades.
P1 2Spades P2 4Spades P3 ASpades P0 6Spades 
P3 2Clubs P0 4Clubs P1 6Clubs P2 AClubs 
P2 5Clubs P3 3Clubs P0 2Diamonds P1 7Clubs 
P1 3Diamonds P2 QDiamonds P3 KDiamonds P0 7Diamonds 
P0 KSpades P1 4Diamonds P2 5Spades P3 7Spades 
P3 3Spades P0 JSpades P1 5Diamonds P2 JDiamonds 
P0 QSpades P1 6Diamonds P2 QClubs P3 3Hearts 
P3 4Hearts P0 QHearts P1 7Hearts P2 2Hearts 
P1 AHearts P2 KHearts P3 JHearts P0 5Hearts 
P1 ADiamonds P2 JClubs P3 KClubs P0 6Hearts 
-- /GAME --
P0 HAND: QDiamonds, 4Diamonds, 5Clubs, 2Clubs, AHearts, 7Hearts, JHearts, 7Spades, JSpades, 3Spades.
P1 HAND: 7Diamonds, JDiamonds, 6Diamonds, 5Diamonds, 3Diamonds, 7Clubs, 6Hearts, 4Hearts, QSpades, 2Spades.
P2 HAND: KDiamonds, AClubs, JClubs, 6Clubs, 4Clubs, KHearts, QHearts, 5Hearts, 6Spades, 5Spades.
P3 HAND: ADiamonds, 2Diamonds, KClubs, QClubs, 3Clubs, 3Hearts, 2Hearts, ASpades, KSpades, 4Spades.
P0 2Clubs P1 7Clubs P2 AClubs P3 3Clubs 
P2 4Clubs P3 QClubs P0 5Clubs P1 7Diamonds 
P3 ADiamonds P0 4Diamonds P1 JDiamonds P2 KDiamonds 
P3 ASpades P0 3Spades P1 QSpades P2 5Spades 
P3 2Diamonds P0 QDiamonds P1 3Diamonds P2 JClubs 
P0 7Spades P1 2Spades P2 6Spades P3 4Spades 
P0 JSpades P1 5Diamonds P2 6Clubs P3 KSpades 
P3 2Hearts P0 JHearts P1 4Hearts P2 5Hearts 
P0 7Hearts P1 6Hearts P2 QHearts P3 3Hearts 
P0 AHearts P1 6Diamonds P2 KHearts P3 KClubs 
-- /GAME --
P0 HAND: ADiamonds, 7Diamonds, JDiamonds, KClubs, 6Clubs, JHearts, 6Hearts, 5Hearts, QSpades, 5Spades.
P1 HAND: KDiamonds, 5Diamonds, JClubs, 5Clubs, AHearts, 7Spades, JSpades, 6Spades, 4Spades, 2Spades.
P2 HAND: QDiamonds, 4Diamonds, 2Diamonds, AClubs, 4Clubs, 3Clubs, 7Hearts, QHearts, 2Hearts, ASpades.
P3 HAND: 6Diamonds, 3Diamonds, 7Clubs, QClubs, 2Clubs, KHearts, 4Hearts, 3Hearts, KSpades, 3Spades.
P3 3Diamonds P0 ADiamonds P1 5Diamonds P2 QDiamonds 
P0 7Diamonds P1 KDiamonds P2 4Diamonds P3 6Diamonds 
P0 JDiamonds P1 2Spades P2 2Diamonds P3 3Hearts 
P0 5Spades P1 4Spades P2 ASpades P3 3Spades 
P2 2Hearts P3 4Hearts P0 5Hearts P1 AHearts 
P1 6Spades P2 QHearts P3 KSpades P0 QSpades 
P3 2Clubs P0 6Clubs P1 5Clubs P2 3Clubs 
P0 JHearts P1 JClubs P2 7Hearts P3 KHearts 
P1 JSpades P2 4Clubs P3 QClubs P0 KClubs 
P0 6Hearts P1 7Spades P2 AClubs P3 7Clubs 
-- /GAME --
P0 HAND: QDiamonds, 6Diamonds, 5Diamonds, 4Diamonds, AClubs, 3Clubs, JHearts, 5Hearts, QSpades, 6Spades.
P1 HAND: KDiamonds, 3Diamonds, QClubs, 6Clubs, 5Clubs, 4Clubs, KHearts, QHearts, KSpades, 4Spades.
P2 HAND: 7Diamonds, JDiamonds, KClubs, JClubs, 2Clubs, AHearts, 7Hearts, 2Hearts, JSpades, 3Spades.
P3 HAND: ADiamonds, 2Diamonds, 7Clubs, 6Hearts, 4Hearts, 3Hearts, ASpades, 7Spades, 5Spades, 2Spades.
P2 AHearts P3 3Hearts P0 JHearts P1 QHearts 
P2 2Hearts P3 4Hearts P0 5Hearts P1 KHearts 
P1 3Diamonds P2 JDiamonds P3 ADiamonds P0 6Diamonds 
P3 ASpades P0 6Spades P1 KSpades P2 3Spades 
P3 2Diamonds P0 QDiamonds P1 KDiamonds P2 7Diamonds 
P2 JSpades P3 2Spades P0 QSpades P1 4Spades 
P2 2Clubs P3 7Clubs P0 3Clubs P1 4Clubs 
P3 5Spades P0 5Diamonds P1 5Clubs P2 JClubs 
P2 KClubs P3 6Hearts P0 AClubs P1 6Clubs 
P0 4Diamonds P1 QClubs P2 7Hearts P3 7Spades 
-- /GAME --
P0 HAND: ADiamonds, 7Clubs, JClubs, QHearts, 6Hearts, 4Hearts, JSpades, QSpades, 6Spades, 5Spades.
P1 HAND: KDiamonds, 3Diamonds, QClubs, 4Clubs, 2Clubs, AHearts, JHearts, 3Hearts, 4Spades, 3Spades.
P2 HAND: JDiamonds, QDiamonds, 4Diamonds, 2Diamonds, KClubs, 3Clubs, 2Hearts, ASpades, KSpades, 2Spades.
P3 HAND: 7Diamonds, 6Diamonds, 5Diamonds, AClubs, 6Clubs, 5Clubs, 7Hearts, KHearts, 5Hearts, 7Spades.
P3 AClubs P0 JClubs P1 QClubs P2 3Clubs 
P3 5Diamonds P0 ADiamonds P1 3Diamonds P2 JDiamonds 
P0 7Clubs P1 2Clubs P2 KClubs P3 5Clubs 
P0 6Hearts P1 AHearts P2 2Hearts P3 7Hearts 
P1 3Hearts P2 2Diamonds P3 KHearts P0 4Hearts 
P3 5Hearts P0 QHearts P1 JHearts P2 2Spades 
P2 4Diamonds P3 6Diamonds P0 5Spades P1 KDiamonds 
P0 6Spades P1 3Spades P2 KSpades P3 7Spades 
P3 6Clubs P0 JSpades P1 4Clubs P2 QDiamonds 
P0 QSpades P1 4Spades P2 ASpades P3 7Diamonds 
-- /GAME --
P0 HAND: JClubs, QClubs, 3Clubs, KHearts, QHearts, 5Hearts, QSpades, 5Spades, 3Spades, 2Spades.
P1 HAND: ADiamonds, JDiamonds, QDiamonds, AClubs, 4Clubs, 2Clubs, 7Hearts, 6Hearts, 4Hearts, JSpades.
P2 HAND: KDiamonds, 6Diamonds, 7Clubs, KClubs, 5Clubs, AHearts, JHearts, ASpades, KSpades, 6Spades.
P3 HAND: 7Diamonds, 5Diamonds, 4Diamonds, 3Diamonds, 2Diamonds, 6Clubs, 3Hearts, 2Hearts, 7Spades, 4Spades.
P2 ASpades P3 4Spades P0 QSpades P1 JSpades 
P2 5Clubs P3 6Clubs P0 3Clubs P1 AClubs 
P1 ADiamonds P2 6Diamonds P3 7Diamonds P0 5Hearts 
P0 JClubs P1 2Clubs P2 7Clubs P3 2Hearts 
P3 2Diamonds P0 3Spades P1 QDiamonds P2 KDiamonds 
P2 6Spades P3 7Spades P0 5Spades P1 JDiamonds 
P3 3Diamonds P0 QClubs P1 4Clubs P2 JHearts 
P2 AHearts P3 3Hearts P0 QHearts P1 4Hearts 
P2 KClubs P3 4Diamonds P0 KHearts P1 7Hearts 
P1 6Hearts P2 KSpades P3 5Diamonds P0 2Spades 
-- /GAME --
P0 HAND: ADiamonds, KDiamonds, 4Diamonds, KClubs, JClubs, JHearts, 4Hearts, ASpades, 7Spades, 2Spades.
P1 HAND: 6Diamonds, 3Diamonds, 2Diamonds, 7Clubs, 3Clubs, 2Clubs, QHearts, 6Hearts, KSpades, 3Spades.
P2 HAND: 7Diamonds, 5Diamonds, AClubs, 6Clubs, 5Clubs, AHearts, 5Hearts, 3Hearts, QSpades, 6Spades.
P3 HAND: JDiamonds, QDiamonds, QClubs, 4Clubs, 7Hearts, KHearts, 2Hearts, JSpades, 5Spades, 4Spades.
P1 2Diamonds P2 5Diamonds P3 QDiamonds P0 ADiamonds 
P0 ASpades P1 3Spades P2 QSpades P3 4Spades 
P0 7Spades P1 KSpades P2 6Spades P3 5Spades 
P0 4Diamonds P1 3Diamonds P2 7Diamonds P3 JDiamonds 
P2 AHearts P3 2Hearts P0 JHearts P1 6Hearts 
P2 3Hearts P3 KHearts P0 4Hearts P1 QHearts 
P3 JSpades P0 2Spades P1 6Diamonds P2 5Hearts 
P3 4Clubs P0 KClubs P1 2Clubs P2 5Clubs 
P0 KDiamonds P1 3Clubs P2 6Clubs P3 QClubs 
P3 7Hearts P0 JClubs P1 7Clubs P2 AClubs 
-- /GAME --
P0 HAND: KDiamonds, 5Diamonds, KClubs, QClubs, 5Clubs, 4Clubs, 5Hearts, 3Hearts, 6Spades, 3Spades.
P1 HAND: QDiamonds, 3Diamonds, AClubs, 6Clubs, 3Clubs, 7Hearts, KHearts, JHearts, QSpades, 2Spades.
P2 HAND: ADiamonds, JDiamonds, JClubs, 2Clubs, 6Hearts, 4Hearts, 2Hearts, ASpades, 7Spades, 4Spades.
P3 HAND: 7Diamonds, 6Diamonds, 4Diamonds, 2Diamonds, 7Clubs, AHearts, QHearts, KSpades, JSpades, 5Spades.
P3 2Diamonds P0 5Diamonds P1 3Diamonds P2 ADiamonds 
P2 ASpades P3 5Spades P0 3Spades P1 2Spades 
P2 2Clubs P3 7Clubs P0 QClubs P1 AClubs 
P1 3Clubs P2 JClubs P3 4Diamonds P0 KClubs 
P0 KDiamonds P1 QDiamonds P2 JDiamonds P3 7Diamonds 
P3 6Diamonds P0 6Spades P1 6Clubs P2 4Spades 
P3 JSpades P0 5Clubs P1 QSpades P2 7Spades 
P2 2Hearts P3 QHearts P0 3Hearts P1 JHearts 
P1 KHearts P2 4Hearts P3 AHearts P0 5Hearts 
P3 KSpades P0 4Clubs P1 7Hearts P2 6Hearts 
-- /GAME --
P0 HAND: 7Diamonds, KDiamonds, 4Diamonds, 3Diamonds, JHearts, QHearts, 6Hearts, ASpades, 5Spades, 4Spades.
P1 HAND: ADiamonds, 5Diamonds, KClubs, QClubs, 6Clubs, 5Clubs, 3Clubs, 7Spades, KSpades, 3Spades.
P2 HAND: QDiamonds, 6Diamonds, 2Diamonds, AClubs, 4Clubs, 5Hearts, 4Hearts, 3Hearts, JSpades, 6Spades.
P3 HAND: JDiamonds, 7Clubs, JClubs, 2Clubs, AHearts, 7Hearts, KHearts, 2Hearts, QSpades, 2Spades.
P2 AClubs P3 2Clubs P0 7Diamonds P1 3Clubs 
P2 2Diamonds P3 JDiamonds P0 3Diamonds P1 ADiamonds 
P1 5Diamonds P2 6Diamonds P3 2Hearts P0 KDiamonds 
P0 4Diamonds P1 5Clubs P2 QDiamonds P3 2Spades 
P3 AHearts P0 6Hearts P1 KClubs P2 3Hearts 
P3 JClubs P0 4Spades P1 6Clubs P2 4Clubs 
P0 QHearts P1 QClubs P2 4Hearts P3 7Hearts 
P3 QSpades P0 5Spades P1 3Spades P2 6Spades 
P3 KHearts P0 JHearts P1 KSpades P2 5Hearts 
P1 7Spades P2 JSpades P3 7Clubs P0 ASpades 
-- /GAME --
P0 HAND: JDiamonds, 3Diamonds, 7Clubs, 4Clubs, AHearts, 7Hearts, 6Hearts, 7Spades, 4Spades, 3Spades.
P1 HAND: QDiamonds, 5Diamonds, 3Clubs, 4Hearts, 3Hearts, 2Hearts, ASpades, JSpades, 6Spades, 5Spades.
P2 HAND: 4Diamonds, 2Diamonds, KClubs, JClubs, QClubs, 5Clubs, KHearts, JHearts, KSpades, QSpades.
P3 HAND: ADiamonds, 7Diamonds, KDiamonds, 6Diamonds, AClubs, 6Clubs, 2Clubs, QHearts, 5Hearts, 2Spades.
P1 ASpades P2 QSpades P3 2Spades P0 3Spades 
P1 3Clubs P2 5Clubs P3 AClubs P0 4Clubs 
P3 ADiamonds P0 3Diamonds P1 QDiamonds P2 2Diamonds 
P3 2Clubs P0 7Clubs P1 2Hearts P2 QClubs 
P1 5Diamonds P2 4Diamonds P3 6Diamonds P0 JDiamonds 
P0 7Spades P1 5Spades P2 KSpades P3 5Hearts 
P3 6Clubs P0 4Spades P1 6Spades P2 KClubs 
P2 JClubs P3 QHearts P0 6Hearts P1 JSpades 
P3 KDiamonds P0 7Hearts P1 3Hearts P2 JHearts 
P0 AHearts P1 4Hearts P2 KHearts P3 7Diamonds 
-- /GAME --
P0 HAND: 7Diamonds, JDiamonds, 6Clubs, 4Clubs, 3Clubs, 4Hearts, 3Hearts, 7Spades, QSpades, 4Spades.
P1 HAND: QDiamonds, 7Clubs, QClubs, KHearts, 6Hearts, 5Hearts, 2Hearts, KSpades, 5Spades, 2Spades.
P2 HAND: ADiamonds, KDiamonds, 5Diamonds, 2Diamonds, AClubs, JClubs, 7Hearts, JHearts, JSpades, 3Spades.
P3 HAND: 6Diamonds, 4Diamonds, 3Diamonds, KClubs, 5Clubs, 2Clubs, AHearts, QHearts, ASpades, 6Spades.
P0 4Spades P1 2Spades P2 3Spades P3 ASpades 
P3 AHearts P0 3Hearts P1 KHearts P2 JHearts 
P3 2Clubs P0 6Clubs P1 QClubs P2 AClubs 
P2 JClubs P3 5Clubs P0 3Clubs P1 7Clubs 
P1 2Hearts P2 7Hearts P3 QHearts P0 4Hearts 
P2 JSpades P3 6Spades P0 7Spades P1 5Spades 
P0 QSpades P1 KSpades P2 2Diamonds P3 3Diamonds 
P3 4Diamonds P0 JDiamonds P1 QDiamonds P2 5Diamonds 
P0 4Clubs P1 5Hearts P2 KDiamonds P3 KClubs 
P2 ADiamonds P3 6Diamonds P0 7Diamonds P1 6Hearts 
-- /GAME --
P0 HAND: 7Diamonds, 5Diamonds, 4Diamonds, 6Clubs, 2Clubs, JHearts, QHearts, ASpades, QSpades, 2Spades.
P1 HAND: KDiamonds, JDiamonds, 3Diamonds, 2Diamonds, AClubs, JClubs, 3Clubs, JSpades, 6Spades, 3Spades.
P2 HAND: 7Clubs, KClubs, 5Clubs, 4Clubs, AHearts, 7Hearts, 6Hearts, 5Hearts, 3Hearts, 5Spades.
P3 HAND: ADiamonds, QDiamonds, 6Diamonds, QClubs, KHearts, 4Hearts, 2Hearts, 7Spades, KSpades, 4Spades.
P3 ADiamonds P0 4Diamonds P1 KDiamonds P2 3Hearts 
P2 4Clubs P3 QClubs P0 6Clubs P1 AClubs 
P1 2Diamonds P2 5Clubs P3 6Diamonds P0 7Diamonds 
P0 ASpades P1 3Spades P2 5Spades P3 4Spades 
P0 QSpades P1 6Spades P2 5Hearts P3 KSpades 
P2 6Hearts P3 2Hearts P0 JHearts P1 3Diamonds 
P0 5Diamonds P1 JDiamonds P2 7Hearts P3 QDiamonds 
P2 AHearts P3 4Hearts P0 QHearts P1 3Clubs 
P2 KClubs P3 KHearts P0 2Clubs P1 JClubs 
P3 7Spades P0 2Spades P1 JSpades P2 7Clubs 
-- /GAME --
P0 HAND: 5Diamonds, AClubs, KClubs, 5Clubs, 4Clubs, 3Clubs, 2Clubs, AHearts, KHearts, 3Hearts.
P1 HAND: 7Diamonds, 4Diamonds, 7Clubs, 4Hearts, ASpades, 7Spades, KSpades, JSpades, QSpades, 6Spades.
P2 HAND: ADiamonds, 6Diamonds, JClubs, QClubs, JHearts, 6Hearts, 5Hearts, 2Hearts, 5Spades, 4Spades.
P3 HAND: KDiamonds, JDiamonds, QDiamonds, 3Diamonds, 2Diamonds, 6Clubs, 7Hearts, QHearts, 3Spades, 2Spades.
P2 ADiamonds P3 2Diamonds P0 5Diamonds P1 4Diamonds 
P2 2Hearts P3 QHearts P0 AHearts P1 4Hearts 
P0 AClubs P1 7Clubs P2 JClubs P3 6Clubs 
P0 KHearts P1 6Spades P2 5Hearts P3 7Hearts 
P1 QSpades P2 4Spades P3 2Spades P0 3Hearts 
P1 JSpades P2 5Spades P3 3Spades P0 3Clubs 
P1 KSpades P2 6Diamonds P3 3Diamonds P0 2Clubs 
P1 7Spades P2 6Hearts P3 QDiamonds P0 4Clubs 
P1 ASpades P2 QClubs P3 JDiamonds P0 5Clubs 
P1 7Diamonds P2 JHearts P3 KDiamonds P0 KClubs 
-- /GAME --
P0 HAND: 7Diamonds, 4Diamonds, 6Clubs, 4Clubs, 7Hearts, 6Hearts, 5Hearts, 7Spades, KSpades, QSpades.
P1 HAND: JDiamonds, QDiamonds, 5Diamonds, KClubs, JClubs, AHearts, JHearts, QHearts, 3Hearts, ASpades.
P2 HAND: KDiamonds, AClubs, 7Clubs, 3Clubs, KHearts, 2Hearts, 6Spades, 5Spades, 4Spades, 3Spades.
P3 HAND: ADiamonds, 6Diamonds, 3Diamonds, 2Diamonds, QClubs, 5Clubs, 2Clubs, 4Hearts, JSpades, 2Spades.
P1 AHearts P2 2Hearts P3 4Hearts P0 5Hearts 
P1 3Hearts P2 KHearts P3 2Diamonds P0 7Hearts 
P0 6Hearts P1 QHearts P2 3Clubs P3 ADiamonds 
P1 5Diamonds P2 KDiamonds P3 3Diamonds P0 7Diamonds 
P0 4Diamonds P1 QDiamonds P2 3Spades P3 6Diamonds 
P2 AClubs P3 2Clubs P0 4Clubs P1 JClubs 
P2 4Spades P3 2Spades P0 QSpades P1 ASpades 
P1 JDiamonds P2 5Spades P3 5Clubs P0 6Clubs 
P2 6Spades P3 JSpades P0 7Spades P1 JHearts 
P0 KSpades P1 KClubs P2 7Clubs P3 QClubs 
-- /GAME --
P0 HAND: 7Diamonds, JDiamonds, JClubs, QClubs, 2Clubs, 7Hearts, 5Hearts, 3Hearts, 2Hearts, 4Spades.
P1 HAND: ADiamonds, 5Diamonds, 4Diamonds, 7Clubs, AHearts, JHearts, 4Hearts, KSpades, 6Spades, 3Spades.
P2 HAND: KDiamonds, 6Diamonds, 2Diamonds, AClubs, 6Clubs, 3Clubs, 6Hearts, ASpades, QSpades, 5Spades.
P3 HAND: QDiamonds, 3Diamonds, KClubs, 5Clubs, 4Clubs, KHearts, QHearts, 7Spades, JSpades, 2Spades.
P0 2Clubs P1 7Clubs P2 AClubs P3 4Clubs 
P2 2Diamonds P3 3Diamonds P0 JDiamonds P1 ADiamonds 
P1 AHearts P2 6Hearts P3 KHearts P0 3Hearts 
P1 4Diamonds P2 6Diamonds P3 QDiamonds P0 7Diamonds 
P0 QClubs P1 4Hearts P2 3Clubs P3 KClubs 
P3 5Clubs P0 JClubs P1 5Diamonds P2 6Clubs 
P0 5Hearts P1 JHearts P2 5Spades P3 QHearts 
P2 QSpades P3 2Spades P0 4Spades P1 3Spades 
P2 ASpades P3 JSpades P0 7Hearts P1 6Spades 
P2 KDiamonds P3 7Spades P0 2Hearts P1 KSpades 
-- /GAME --
P0 HAND: 6Diamonds, 2Diamonds, KClubs, 4Clubs, 6Hearts, 4Hearts, 5Spades, 4Spades, 3Spades, 2Spades.
P1 HAND: KDiamonds, QDiamonds, 3Diamonds, 2Clubs, AHearts, KHearts, ASpades, 7Spades, JSpades, QSpades.
P2 HAND: JDiamonds, 5Diamonds, AClubs, 7Clubs, QClubs, 5Clubs, QHearts, 5Hearts, 3Hearts, 2Hearts.
P3 HAND: ADiamonds, 7Diamonds, 4Diamonds, JClubs, 6Clubs, 3Clubs, 7Hearts, JHearts, KSpades, 6Spades.
P3 ADiamonds P0 2Diamonds P1 KDiamonds P2 5Diamonds 
P3 4Diamonds P0 6Diamonds P1 3Diamonds P2 JDiamonds 
P2 2Hearts P3 JHearts P0 6Hearts P1 AHearts 
P1 ASpades P2 5Clubs P3 6Spades P0 4Spades 
P2 3Hearts P3 7Hearts P0 4Hearts P1 KHearts 
P3 3Clubs P0 4Clubs P1 2Clubs P2 QClubs 
P2 5Hearts P3 6Clubs P0 KClubs P1 QDiamonds 
P0 5Spades P1 QSpades P2 QHearts P3 KSpades 
P3 JClubs P0 3Spades P1 JSpades P2 7Clubs 
P2 AClubs P3 7Diamonds P0 2Spades P1 7Spades 
-- /GAME --
P0 HAND: 7Diamonds, KDiamonds, KClubs, 6Clubs, 5Clubs, AHearts, JHearts, 6Hearts, KSpades, 5Spades.
P1 HAND: ADiamonds, QDiamonds, 6Diamonds, 4Diamonds, QClubs, 7Hearts, KHearts, 2Hearts, JSpades, 4Spades.
P2 HAND: JDiamonds, 3Diamonds, 2Diamonds, AClubs, 7Clubs, 4Clubs, 7Spades, QSpades, 6Spades, 3Spades.
P3 HAND: 5Diamonds, JClubs, 3Clubs, 2Clubs, QHearts, 5Hearts, 4Hearts, 3Hearts, ASpades, 2Spades.
P2 AClubs P3 2Clubs P0 KClubs P1 QClubs 
P2 3Spades P3 ASpades P0 5Spades P1 JSpades 
P3 2Spades P0 KSpades P1 4Spades P2 7Spades 
P2 4Clubs P3 3Clubs P0 6Clubs P1 2Hearts 
P0 5Clubs P1 4Diamonds P2 7Clubs P3 JClubs 
P1 6Diamonds P2 2Diamonds P3 5Diamonds P0 7Diamonds 
P0 AHearts P1 KHearts P2 QSpades P3 3Hearts 
P0 JHearts P1 7Hearts P2 3Diamonds P3 4Hearts 
P2 6Spades P3 5Hearts P0 KDiamonds P1 QDiamonds 
P0 6Hearts P1 ADiamonds P2 JDiamonds P3 QHearts 
-- /GAME --
P0 HAND: 7Diamonds, 7Clubs, 3Clubs, KHearts, 5Hearts, 4Hearts, 3Hearts, 7Spades, 5Spades, 3Spades.
P1 HAND: JDiamonds, 6Diamonds, 4Diamonds, AClubs, KClubs, JClubs, QHearts, ASpades, 4Spades, 2Spades.
P2 HAND: 2Diamonds, QClubs, 6Clubs, 5Clubs, 4Clubs, 2Clubs, 7Hearts, 2Hearts, KSpades, 6Spades.
P3 HAND: ADiamonds, KDiamonds, QDiamonds, 5Diamonds, 3Diamonds, AHearts, JHearts, 6Hearts, JSpades, QSpades.
P1 AClubs P2 2Clubs P3 ADiamonds P0 3Clubs 
P1 ASpades P2 6Spades P3 JSpades P0 3Spades 
P1 2Spades P2 KSpades P3 QSpades P0 7Spades 
P0 7Clubs P1 JClubs P2 4Clubs P3 6Hearts 
P3 3Diamonds P0 7Diamonds P1 4Diamonds P2 2Diamonds 
P0 5Spades P1 4Spades P2 5Clubs P3 5Diamonds 
P0 3Hearts P1 QHearts P2 2Hearts P3 JHearts 
P3 QDiamonds P0 4Hearts P1 6Diamonds P2 QClubs 
P0 KHearts P1 JDiamonds P2 7Hearts P3 AHearts 
P3 KDiamonds P0 5Hearts P1 KClubs P2 6Clubs 
-- /GAME --
P0 HAND: 4Diamonds, 7Clubs, 5Clubs, JHearts, QHearts, 5Hearts, 2Hearts, 7Spades, QSpades, 2Spades.
P1 HAND: 7Diamonds, QDiamonds, 5Diamonds, 3Diamonds, AClubs, JClubs, 7Hearts, 3Hearts, ASpades, 6Spades.
P2 HAND: JDiamonds, 2Diamonds, KClubs, QClubs, 4Clubs, 2Clubs, AHearts, KHearts, KSpades, 4Spades.
P3 HAND: ADiamonds, KDiamonds, 6Diamonds, 6Clubs, 3Clubs, 6Hearts, 4Hearts, JSpades, 5Spades, 3Spades.
P0 2Hearts P1 3Hearts P2 AHearts P3 4Hearts 
P2 2Diamonds P3 ADiamonds P0 4Diamonds P1 7Diamonds 
P3 3Spades P0 QSpades P1 ASpades P2 4Spades 
P1 3Diamonds P2 JDiamonds P3 KDiamonds P0 7Clubs 
P0 7Spades P1 6Spades P2 KSpades P3 5Spades 
P0 JHearts P1 7Hearts P2 KHearts P3 6Hearts 
P1 5Diamonds P2 2Clubs P3 6Diamonds P0 QHearts 
P2 4Clubs P3 3Clubs P0 5Clubs P1 JClubs 
P1 QDiamonds P2 QClubs P3 6Clubs P0 5Hearts 
P2 KClubs P3 JSpades P0 2Spades P1 AClubs 
-- /GAME --
P0 HAND: 7Diamonds, QDiamonds, 6Diamonds, 7Clubs, KClubs, JClubs, AHearts, 7Hearts, KSpades, JSpades.
P1 HAND: JDiamonds, 5Diamonds, AClubs, 5Clubs, KHearts, QHearts, 6Hearts, 3Hearts, 4Spades, 3Spades.
P2 HAND: ADiamonds, KDiamonds, 3Clubs, 5Hearts, 4Hearts, 2Hearts, ASpades, 7Spades, QSpades, 6Spades.
P3 HAND: 4Diamonds, 3Diamonds, 2Diamonds, QClubs, 6Clubs, 4Clubs, 2Clubs, JHearts, 5Spades, 2Spades.
P3 2Diamonds P0 6Diamonds P1 5Diamonds P2 ADiamonds 
P2 2Hearts P3 JHearts P0 AHearts P1 3Hearts 
P0 7Diamonds P1 JDiamonds P2 KDiamonds P3 3Diamonds 
P0 7Hearts P1 6Hearts P2 5Hearts P3 2Spades 
P3 2Clubs P0 JClubs P1 AClubs P2 3Clubs 
P1 5Clubs P2 4Hearts P3 4Clubs P0 7Clubs 
P0 KClubs P1 QHearts P2 6Spades P3 6Clubs 
P2 QSpades P3 5Spades P0 KSpades P1 3Spades 
P0 QDiamonds P1 4Spades P2 7Spades P3 4Diamonds 
P2 ASpades P3 QClubs P0 JSpades P1 KHearts 
-- /GAME --
P0 HAND: ADiamonds, KClubs, JClubs, AHearts, KHearts, JHearts, KSpades, JSpades, QSpades, 4Spades.
P1 HAND: 7Diamonds, JDiamonds, QDiamonds, 6Diamonds, 5Clubs, 3Clubs, QHearts, 6Hearts, 6Spades, 2Spades.
P2 HAND: KDiamonds, 2Diamonds, 7Clubs, 4Clubs, 2Clubs, 7Hearts, 4Hearts, 2Hearts, 7Spades, 5Spades.
P3 HAND: 5Diamonds, 4Diamonds, 3Diamonds, AClubs, QClubs, 6Clubs, 5Hearts, 3Hearts, ASpades, 3Spades.
P0 ADiamonds P1 6Diamonds P2 KDiamonds P3 3Diamonds 
P0 AHearts P1 6Hearts P2 7Hearts P3 3Hearts 
P0 KHearts P1 QHearts P2 4Hearts P3 5Hearts 
P0 JHearts P1 2Spades P2 2Hearts P3 3Spades 
P0 4Spades P1 6Spades P2 5Spades P3 ASpades 
P3 4Diamonds P0 KSpades P1 7Diamonds P2 2Diamonds 
P1 QDiamonds P2 2Clubs P3 5Diamonds P0 JSpades 
P2 4Clubs P3 6Clubs P0 KClubs P1 3Clubs 
P0 QSpades P1 5Clubs P2 7Spades P3 QClubs 
P3 AClubs P0 JClubs P1 JDiamonds P2 7Clubs 
-- /GAME --
P0 HAND: 7Diamonds, 5Diamonds, 4Diamonds, 2Diamonds, AClubs, 5Clubs, 4Clubs, QHearts, 2Hearts, 5Spades.
P1 HAND: ADiamonds, KDiamonds, JDiamonds, KClubs, 6Clubs, 3Clubs, 7Hearts, 5Hearts, 3Hearts, 4Spades.
P2 HAND: QDiamonds, 6Diamonds, 3Diamonds, 7Clubs, JClubs, QClubs, AHearts, ASpades, QSpades, 3Spades.
P3 HAND: 2Clubs, KHearts, JHearts, 6Hearts, 4Hearts, 7Spades, KSpades, JSpades, 6Spades, 2Spades.
P3 2Clubs P0 AClubs P1 3Clubs P2 7Clubs 
P0 5Spades P1 4Spades P2 ASpades P3 2Spades 
P2 AHearts P3 4Hearts P0 QHearts P1 3Hearts 
P2 3Spades P3 6Spades P0 2Hearts P1 7Hearts 
P3 6Hearts P0 5Clubs P1 5Hearts P2 QClubs 
P3 JHearts P0 2Diamonds P1 6Clubs P2 JClubs 
P0 4Clubs P1 KClubs P2 QSpades P3 7Spades 
P1 JDiamonds P2 3Diamonds P3 JSpades P0 7Diamonds 
P0 4Diamonds P1 KDiamonds P2 6Diamonds P3 KHearts 
P1 ADiamonds P2 QDiamonds P3 KSpades P0 5Diamonds 
-- /GAME --
P0 HAND: 6Diamonds, 5Diamonds, 3Diamonds, QClubs, QHearts, 5Hearts, KSpades, JSpades, QSpades, 5Spades.
P1 HAND: KDiamonds, 2Diamonds, 7Clubs, JClubs, 5Clubs, JHearts, 4Hearts, ASpades, 7Spades, 6Spades.
P2 HAND: ADiamonds, QDiamonds, AClubs, KClubs, 6Clubs, 4Clubs, AHearts, 7Hearts, 4Spades, 2Spades.
P3 HAND: 7Diamonds, JDiamonds, 4Diamonds, 3Clubs, 2Clubs, KHearts, 6Hearts, 3Hearts, 2Hearts, 3Spades.
P2 ADiamonds P3 4Diamonds P0 3Diamonds P1 2Diamonds 
P2 AClubs P3 2Clubs P0 QClubs P1 5Clubs 
P2 AHearts P3 2Hearts P0 QHearts P1 4Hearts 
P2 4Clubs P3 3Clubs P0 5Hearts P1 7Clubs 
P1 JClubs P2 6Clubs P3 3Hearts P0 5Spades 
P0 6Diamonds P1 KDiamonds P2 QDiamonds P3 7Diamonds 
P3 6Hearts P0 5Diamonds P1 JHearts P2 7Hearts 
P2 2Spades P3 3Spades P0 KSpades P1 6Spades 
P0 JSpades P1 7Spades P2 4Spades P3 KHearts 
P1 ASpades P2 KClubs P3 JDiamonds P0 QSpades 
-- /GAME --
P0 HAND: 3Diamonds, 2Diamonds, AClubs, 6Clubs, QHearts, 6Hearts, 5Hearts, JSpades, 6Spades, 4Spades.
P1 HAND: JDiamonds, QDiamonds, 6Diamonds, 5Clubs, 4Clubs, 7Hearts, KHearts, ASpades, QSpades, 2Spades.
P2 HAND: ADiamonds, 7Diamonds, 4Diamonds, 7Clubs, JClubs, AHearts, JHearts, 2Hearts, 7Spades, 5Spades.
P3 HAND: KDiamonds, 5Diamonds, KClubs, QClubs, 3Clubs, 2Clubs, 4Hearts, 3Hearts, KSpades, 3Spades.
P1 4Clubs P2 JClubs P3 2Clubs P0 AClubs 
P0 6Clubs P1 5Clubs P2 7Clubs P3 3Clubs 
P2 ADiamonds P3 5Diamonds P0 2Diamonds P1 6Diamonds 
P2 AHearts P3 3Hearts P0 QHearts P1 KHearts 
P2 2Hearts P3 4Hearts P0 5Hearts P1 7Hearts 
P1 QDiamonds P2 4Diamonds P3 KDiamonds P0 3Diamonds 
P3 QClubs P0 6Hearts P1 2Spades P2 5Spades 
P2 JHearts P3 3Spades P0 JSpades P1 ASpades 
P1 JDiamonds P2 7Diamonds P3 KSpades P0 4Spades 
P3 KClubs P0 6Spades P1 QSpades P2 7Spades 
-- /GAME --
P0 HAND: KDiamonds, 2Diamonds, AClubs, QClubs, 5Clubs, 6Hearts, 3Hearts, 7Spades, 6Spades, 5Spades.
P1 HAND: 7Diamonds, JDiamonds, 7Clubs, JClubs, 4Clubs, 2Clubs, KHearts, QHearts, 4Hearts, KSpades.
P2 HAND: ADiamonds, QDiamonds, 5Diamonds, 4Diamonds, 3Diamonds, 7Hearts, JHearts, QSpades, 3Spades, 2Spades.
P3 HAND: 6Diamonds, KClubs, 6Clubs, 3Clubs, AHearts, 5Hearts, 2Hearts, ASpades, JSpades, 4Spades.
P0 AClubs P1 2Clubs P2 ADiamonds P3 3Clubs 
P0 3Hearts P1 4Hearts P2 JHearts P3 AHearts 
P3 2Hearts P0 6Hearts P1 QHearts P2 7Hearts 
P2 3Diamonds P3 6Diamonds P0 KDiamonds P1 7Diamonds 
P1 4Clubs P2 4Diamonds P3 6Clubs P0 QClubs 
P0 5Clubs P1 JClubs P2 5Diamonds P3 KClubs 
P3 5Hearts P0 2Diamonds P1 KHearts P2 QDiamonds 
P1 JDiamonds P2 2Spades P3 4Spades P0 7Spades 
P0 5Spades P1 KSpades P2 3Spades P3 JSpades 
P1 7Clubs P2 QSpades P3 ASpades P0 6Spades 
-- /GAME --
P0 HAND: QDiamonds, 4Diamonds, 7Clubs, 2Clubs, 5Hearts, 7Spades, KSpades, QSpades, 6Spades, 4Spades.
P1 HAND: 7Diamonds, AClubs, KClubs, JClubs, 4Clubs, 7Hearts, JHearts, 4Hearts, ASpades, 5Spades.
P2 HAND: KDiamonds, 6Diamonds, 5Diamonds, 2Diamonds, 6Clubs, 5Clubs, 3Clubs, QHearts, 6Hearts, 2Spades.
P3 HAND: ADiamonds, JDiamonds, 3Diamonds, QClubs, AHearts, KHearts, 3Hearts, 2Hearts, JSpades, 3Spades.
P3 AHearts P0 5Hearts P1 7Hearts P2 6Hearts 
P3 2Hearts P0 6Spades P1 4Hearts P2 QHearts 
P2 2Spades P3 3Spades P0 KSpades P1 ASpades 
P1 AClubs P2 3Clubs P3 QClubs P0 2Clubs 
P1 4Clubs P2 5Clubs P3 3Hearts P0 7Clubs 
P0 7Spades P1 5Spades P2 6Clubs P3 JSpades 
P0 QSpades P1 7Diamonds P2 2Diamonds P3 KHearts 
P1 JClubs P2 5Diamonds P3 3Diamonds P0 4Spades 
P2 6Diamonds P3 JDiamonds P0 4Diamonds P1 KClubs 
P3 ADiamonds P0 QDiamonds P1 JHearts P2 KDiamonds 
-- /GAME --
P0 HAND: KDiamonds, 4Diamonds, 3Diamonds, 2Diamonds, AClubs, QClubs, 6Clubs, KHearts, 7Spades, 6Spades.
P1 HAND: 5Diamonds, KClubs, JClubs, 3Clubs, 2Clubs, JHearts, 6Hearts, 2Hearts, JSpades, 5Spades.
P2 HAND: ADiamonds, 7Diamonds, 6Diamonds, 7Clubs, 5Clubs, 4Clubs, AHearts, 4Hearts, 3Hearts, 3Spades.
P3 HAND: JDiamonds, QDiamonds, 7Hearts, QHearts, 5Hearts, ASpades, KSpades, QSpades, 4Spades, 2Spades.

