-- GAME --
P1 ADiamonds P2 2Diamonds P3 7Diamonds P0 5Diamonds 
P1 2Hearts P2 3Hearts P3 JHearts P0 4Hearts 
P3 3Diamonds P0 JDiamonds P1 QDiamonds P2 KDiamonds 
P2 ASpades P3 5Spades P0 7Spades P1 3Spades 
P2 2Spades P3 6Spades P0 4Spades P1 AHearts 
P3 4Diamonds P0 6Diamonds P1 6Hearts P2 7Hearts 
P0 JSpades P1 QHearts P2 QSpades P3 3Clubs 
P3 4Clubs P0 KClubs P1 2Clubs P2 QClubs 
P0 5Clubs P1 6Clubs P2 5Hearts P3 JClubs 
P3 AClubs P0 7Clubs P1 KHearts P2 KSpades 
-- /GAME --
P0 HAND: 7Diamonds, JDiamonds, 2Diamonds, 2Clubs, AHearts, 7Hearts, 5Hearts, 5Spades, 4Spades, 2Spades.
P1 HAND: QDiamonds, 4Diamonds, KClubs, QClubs, KHearts, QHearts, ASpades, 7Spades, QSpades, 3Spades.
P2 HAND: KDiamonds, 6Diamonds, 5Diamonds, 3Diamonds, JClubs, JHearts, 6Hearts, 4Hearts, 3Hearts, JSpades.
P3 HAND: ADiamonds, AClubs, 7Clubs, 6Clubs, 5Clubs, 4Clubs, 3Clubs, 2Hearts, KSpades, 6Spades.
P0 2Clubs P1 QClubs P2 JClubs P3 7Clubs 
P3 ADiamonds P0 2Diamonds P1 QDiamonds P2 3Diamonds 
P3 2Hearts P0 AHearts P1 QHearts P2 JHearts 
P0 7Diamonds P1 4Diamonds P2 5Diamonds P3 3Clubs 
P3 6Spades P0 2Spades P1 ASpades P2 JSpades 
P1 3Spades P2 3Hearts P3 KSpades P0 4Spades 
P3 4Clubs P0 5Spades P1 KClubs P2 4Hearts 
P1 QSpades P2 6Diamonds P3 5Clubs P0 5Hearts 
P3 6Clubs P0 JDiamonds P1 KHearts P2 6Hearts 
P3 AClubs P0 7Hearts P1 7Spades P2 KDiamonds 
-- /GAME --
P0 HAND: 7Diamonds, 7Clubs, 5Hearts, 4Hearts, 3Hearts, 2Hearts, ASpades, KSpades, JSpades, 3Spades.
P1 HAND: KDiamonds, QDiamonds, 2Diamonds, KClubs, QClubs, 6Clubs, AHearts, 7Spades, QSpades, 5Spades.
P2 HAND: JDiamonds, 6Diamonds, 5Diamonds, 3Diamonds, 5Clubs, 3Clubs, 2Clubs, 7Hearts, QHearts, 6Hearts.
P3 HAND: ADiamonds, 4Diamonds, AClubs, JClubs, 4Clubs, KHearts, JHearts, 6Spades, 4Spades, 2Spades.

