-- GAME --
P0 HAND: JDiamonds, 5Diamonds, JClubs, AHearts, JHearts, 5Hearts, 4Hearts, 7Spades, KSpades, 3Spades.
P1 HAND: 4Diamonds, 2Diamonds, KClubs, QClubs, 3Clubs, 2Clubs, JSpades, 6Spades, 4Spades, 2Spades.
P2 HAND: 7Diamonds, AClubs, 7Clubs, 6Clubs, 5Clubs, 4Clubs, QHearts, 6Hearts, 3Hearts, ASpades.
P3 HAND: ADiamonds, KDiamonds, QDiamonds, 6Diamonds, 3Diamonds, 7Hearts, KHearts, 2Hearts, QSpades, 5Spades.
P1 2Diamonds P2 7Diamonds P3 ADiamonds P0 5Diamonds 
P3 2Hearts P0 AHearts P1 2Spades P2 3Hearts 
P1 2Clubs P2 AClubs P3 5Spades P0 JClubs 
P3 3Diamonds P0 JDiamonds P1 4Diamonds P2 7Clubs 
P0 KSpades P1 4Spades P2 ASpades P3 QSpades 
P2 4Clubs P3 6Diamonds P0 3Spades P1 3Clubs 
P0 7Spades P1 6Spades P2 5Clubs P3 QDiamonds 
P0 4Hearts P1 QClubs P2 6Hearts P3 7Hearts 
P3 KDiamonds P0 5Hearts P1 JSpades P2 6Clubs 
P1 KClubs P2 QHearts P3 KHearts P0 JHearts 
-- /GAME --
P0 HAND: JDiamonds, 6Diamonds, 6Clubs, 7Hearts, 6Hearts, 4Hearts, 7Spades, JSpades, QSpades, 4Spades.
P1 HAND: ADiamonds, 5Diamonds, 3Diamonds, 2Diamonds, AHearts, KHearts, 5Hearts, 3Hearts, 5Spades, 3Spades.
P2 HAND: QDiamonds, 4Diamonds, AClubs, KClubs, 5Clubs, 4Clubs, 3Clubs, QHearts, KSpades, 2Spades.
P3 HAND: 7Diamonds, KDiamonds, 7Clubs, JClubs, QClubs, 2Clubs, JHearts, 2Hearts, ASpades, 6Spades.
P0 6Clubs P1 3Hearts P2 AClubs P3 2Clubs 
P2 2Spades P3 ASpades P0 4Spades P1 5Spades 
P3 2Hearts P0 4Hearts P1 AHearts P2 QHearts 
P1 3Spades P2 KSpades P3 6Spades P0 7Spades 
P0 7Hearts P1 5Hearts P2 KClubs P3 JHearts 
P0 6Hearts P1 KHearts P2 3Clubs P3 7Clubs 
P1 2Diamonds P2 4Diamonds P3 KDiamonds P0 6Diamonds 
P3 QClubs P0 JDiamonds P1 ADiamonds P2 4Clubs 
P1 3Diamonds P2 QDiamonds P3 7Diamonds P0 QSpades 
P3 JClubs P0 JSpades P1 5Diamonds P2 5Clubs 
-- /GAME --
P0 HAND: ADiamonds, KDiamonds, 6Diamonds, 5Diamonds, AClubs, 5Clubs, ASpades, 7Spades, QSpades, 3Spades.
P1 HAND: 3Diamonds, 7Clubs, JClubs, 4Clubs, JHearts, QHearts, 4Hearts, 3Hearts, 2Hearts, KSpades.
P2 HAND: 7Diamonds, JDiamonds, QClubs, 3Clubs, 2Clubs, 7Hearts, KHearts, JSpades, 6Spades, 5Spades.
P3 HAND: QDiamonds, 4Diamonds, 2Diamonds, KClubs, 6Clubs, AHearts, 6Hearts, 5Hearts, 4Spades, 2Spades.

