-- GAME --
P0 HAND: ADiamonds, QDiamonds, AClubs, JClubs, QClubs, 7Hearts, 3Hearts, 2Hearts, JSpades, 5Spades.
P1 HAND: 7Diamonds, 7Clubs, 6Clubs, 4Clubs, 3Clubs, AHearts, 7Spades, KSpades, QSpades, 3Spades.
P2 HAND: 5Diamonds, 4Diamonds, 3Diamonds, 2Diamonds, KClubs, 5Clubs, 2Clubs, JHearts, 6Hearts, 6Spades.
P3 HAND: KDiamonds, JDiamonds, 6Diamonds, KHearts, QHearts, 5Hearts, 4Hearts, ASpades, 4Spades, 2Spades.
P0 5Spades P1 3Spades P2 6Spades P3 ASpades 
P3 2Spades P0 JSpades P1 QSpades P2 KClubs 
P0 AClubs P1 3Clubs P2 5Clubs P3 6Diamonds 
P3 4Hearts P0 2Hearts P1 AHearts P2 6Hearts 
P1 4Clubs P2 2Clubs P3 4Spades P0 JClubs 
P0 QDiamonds P1 7Diamonds P2 2Diamonds P3 JDiamonds 
P1 6Clubs P2 3Diamonds P3 5Hearts P0 QClubs 
P2 JHearts P3 QHearts P0 7Hearts P1 KSpades 
P0 3Hearts P1 7Clubs P2 4Diamonds P3 KHearts 
P2 5Diamonds P3 KDiamonds P0 ADiamonds P1 7Spades 
-- /GAME --
P0 HAND: 5Diamonds, AHearts, QHearts, 6Hearts, 5Hearts, ASpades, 7Spades, QSpades, 6Spades, 2Spades.
P1 HAND: 3Diamonds, 2Diamonds, 7Clubs, KClubs, QClubs, 4Clubs, 3Clubs, 7Hearts, 4Hearts, 4Spades.
P2 HAND: ADiamonds, 7Diamonds, QDiamonds, 6Diamonds, 4Diamonds, 6Clubs, 3Hearts, KSpades, JSpades, 5Spades.
P3 HAND: KDiamonds, JDiamonds, AClubs, JClubs, 5Clubs, 2Clubs, KHearts, JHearts, 2Hearts, 3Spades.
P3 AClubs P0 2Spades P1 3Clubs P2 6Clubs 
P0 5Diamonds P1 2Diamonds P2 ADiamonds P3 JDiamonds 
P2 3Hearts P3 2Hearts P0 AHearts P1 4Hearts 
P0 6Hearts P1 7Hearts P2 5Spades P3 JHearts 
P2 4Diamonds P3 KDiamonds P0 6Spades P1 3Diamonds 
P0 QHearts P1 4Clubs P2 6Diamonds P3 KHearts 
P3 2Clubs P0 5Hearts P1 7Clubs P2 JSpades 
P2 QDiamonds P3 5Clubs P0 QSpades P1 QClubs 
P0 ASpades P1 4Spades P2 KSpades P3 3Spades 
P0 7Spades P1 KClubs P2 7Diamonds P3 JClubs 
-- /GAME --
P0 HAND: QDiamonds, 5Diamonds, 4Diamonds, AClubs, JClubs, AHearts, 5Hearts, JSpades, 5Spades, 2Spades.
P1 HAND: 7Diamonds, KDiamonds, 3Diamonds, QClubs, 6Clubs, 5Clubs, 4Clubs, 3Clubs, KHearts, 4Spades.
P2 HAND: ADiamonds, JDiamonds, 2Diamonds, KClubs, 6Hearts, 4Hearts, 2Hearts, ASpades, KSpades, 3Spades.
P3 HAND: 6Diamonds, 7Clubs, 2Clubs, 7Hearts, JHearts, QHearts, 3Hearts, 7Spades, QSpades, 6Spades.
P2 ADiamonds P3 6Diamonds P0 4Diamonds P1 3Diamonds 
P2 ASpades P3 6Spades P0 JSpades P1 4Spades 
P2 2Diamonds P3 3Hearts P0 QDiamonds P1 7Diamonds 
P1 3Clubs P2 KClubs P3 2Clubs P0 JClubs 
P2 2Hearts P3 QHearts P0 AHearts P1 KHearts 
P0 2Spades P1 4Clubs P2 3Spades P3 7Spades 
P1 5Clubs P2 4Hearts P3 7Clubs P0 AClubs 
P0 5Spades P1 6Clubs P2 KSpades P3 QSpades 
P1 QClubs P2 6Hearts P3 JHearts P0 5Hearts 
P1 KDiamonds P2 JDiamonds P3 7Hearts P0 5Diamonds 
-- /GAME --

