-- GAME --
P0 2Diamonds P1 ADiamonds P2 4Diamonds P3 JDiamonds 
P1 AHearts P2 4Hearts P3 5Hearts P0 2Hearts 
P1 ASpades P2 4Spades P3 KSpades P0 2Spades 
P1 3Hearts P2 6Hearts P3 3Diamonds P0 JHearts 
P0 7Spades P1 3Spades P2 JSpades P3 QSpades 
P0 7Diamonds P1 QDiamonds P2 6Diamonds P3 4Clubs 
P3 5Clubs P0 3Clubs P1 2Clubs P2 7Clubs 
P2 6Spades P3 6Clubs P0 QClubs P1 5Spades 
P0 5Diamonds P1 KDiamonds P2 AClubs P3 JClubs 
P2 7Hearts P3 KClubs P0 QHearts P1 KHearts 
-- /GAME --
P0 HAND: ADiamonds, 7Clubs, JClubs, 5Clubs, AHearts, 6Hearts, JSpades, 6Spades, 5Spades, 3Spades.
P1 HAND: 6Diamonds, 2Diamonds, 4Clubs, 3Clubs, 2Clubs, KHearts, 3Hearts, 7Spades, KSpades, 4Spades.
P2 HAND: 7Diamonds, JDiamonds, 4Diamonds, 3Diamonds, QHearts, 5Hearts, 4Hearts, 2Hearts, ASpades, QSpades.
P3 HAND: KDiamonds, QDiamonds, 5Diamonds, AClubs, KClubs, QClubs, 6Clubs, 7Hearts, JHearts, 2Spades.
P3 AClubs P0 5Clubs P1 4Clubs P2 3Diamonds 
P2 ASpades P3 2Spades P0 JSpades P1 4Spades 
P2 2Hearts P3 JHearts P0 AHearts P1 3Hearts 
P0 6Spades P1 KSpades P2 QSpades P3 7Hearts 
P1 2Clubs P2 4Hearts P3 6Clubs P0 7Clubs 
P0 JClubs P1 3Clubs P2 5Hearts P3 KClubs 
P3 QClubs P0 5Spades P1 2Diamonds P2 QHearts 
P1 6Diamonds P2 4Diamonds P3 5Diamonds P0 ADiamonds 
P0 6Hearts P1 KHearts P2 JDiamonds P3 KDiamonds 
P3 QDiamonds P0 3Spades P1 7Spades P2 7Diamonds 
-- /GAME --
P0 HAND: ADiamonds, KDiamonds, 6Diamonds, JClubs, 3Clubs, 2Clubs, AHearts, 7Spades, KSpades, 5Spades.
P1 HAND: 7Diamonds, JDiamonds, 2Diamonds, 7Clubs, KClubs, QClubs, 6Clubs, 5Hearts, ASpades, 2Spades.
P2 HAND: 5Diamonds, 4Diamonds, AClubs, 5Clubs, 4Clubs, KHearts, 6Hearts, 4Hearts, 2Hearts, 4Spades.
P3 HAND: QDiamonds, 3Diamonds, 7Hearts, JHearts, QHearts, 3Hearts, JSpades, QSpades, 6Spades, 3Spades.
P2 AClubs P3 3Spades P0 2Clubs P1 7Clubs 
P3 3Diamonds P0 ADiamonds P1 2Diamonds P2 5Diamonds 
P0 AHearts P1 5Hearts P2 KHearts P3 3Hearts 
P0 3Clubs P1 6Clubs P2 4Clubs P3 7Hearts 
P1 QClubs P2 5Clubs P3 QDiamonds P0 JClubs 
P0 KDiamonds P1 JDiamonds P2 4Diamonds P3 6Spades 
P3 QHearts P0 6Diamonds P1 2Spades P2 2Hearts 
P1 ASpades P2 4Spades P3 QSpades P0 5Spades 
P1 KClubs P2 4Hearts P3 JSpades P0 7Spades 
P0 KSpades P1 7Diamonds P2 6Hearts P3 JHearts 
-- /GAME --
P0 HAND: QDiamonds, 6Diamonds, AClubs, 2Clubs, AHearts, 7Hearts, KHearts, JHearts, 7Spades, KSpades.
P1 HAND: 7Clubs, KClubs, 5Clubs, 3Clubs, QHearts, 5Hearts, 4Hearts, 5Spades, 3Spades, 2Spades.
P2 HAND: ADiamonds, 7Diamonds, 3Diamonds, 2Diamonds, JClubs, QClubs, 4Clubs, 6Hearts, JSpades, QSpades.
P3 HAND: KDiamonds, JDiamonds, 5Diamonds, 4Diamonds, 6Clubs, 3Hearts, 2Hearts, ASpades, 6Spades, 4Spades.
P1 2Spades P2 QSpades P3 ASpades P0 KSpades 
P3 2Hearts P0 AHearts P1 4Hearts P2 6Hearts 
P0 7Spades P1 3Spades P2 JSpades P3 4Spades 
P0 6Diamonds P1 5Hearts P2 ADiamonds P3 4Diamonds 
P2 2Diamonds P3 5Diamonds P0 QDiamonds P1 5Spades 
P0 JHearts P1 QHearts P2 4Clubs P3 3Hearts 
P2 3Diamonds P3 JDiamonds P0 KHearts P1 3Clubs 
P1 5Clubs P2 QClubs P3 6Clubs P0 2Clubs 
P2 JClubs P3 6Spades P0 AClubs P1 KClubs 
P0 7Hearts P1 7Clubs P2 7Diamonds P3 KDiamonds 
-- /GAME --
P0 HAND: 2Diamonds, 4Clubs, 2Clubs, AHearts, 6Hearts, ASpades, JSpades, 6Spades, 5Spades, 2Spades.
P1 HAND: ADiamonds, 7Diamonds, 5Diamonds, 3Diamonds, AClubs, 7Clubs, QClubs, 5Clubs, 4Hearts, QSpades.
P2 HAND: KDiamonds, KClubs, JClubs, 6Clubs, KHearts, 3Hearts, 2Hearts, 7Spades, KSpades, 3Spades.
P3 HAND: JDiamonds, QDiamonds, 6Diamonds, 4Diamonds, 3Clubs, 7Hearts, JHearts, QHearts, 5Hearts, 4Spades.

