-- GAME --
P0 6Diamonds P1 5Diamonds P2 KDiamonds 
P2 AClubs P3 4Clubs P0 5Clubs P1 3Clubs 
P2 2Diamonds P3 4Diamonds P0 2Clubs P1 7Diamonds 
P1 3Hearts P2 4Hearts P3 QDiamonds P0 AHearts 
P0 KHearts P1 JHearts P2 5Hearts P3 2Spades 
P3 QClubs P0 6Spades P1 6Clubs P2 KClubs 
P0 QHearts P1 QSpades P2 7Hearts P3 ADiamonds 
P1 JClubs P2 5Spades P3 4Spades P0 2Hearts 
P2 JSpades P3 7Spades P0 3Spades P1 ASpades 
P1 7Clubs P2 KSpades P3 JDiamonds P0 6Hearts 
-- /GAME --
P0 HAND: 6Diamonds, 5Diamonds, 4Clubs, JHearts, QHearts, 5Hearts, 2Hearts, 6Spades, 5Spades, 3Spades.
P1 HAND: ADiamonds, 7Diamonds, QDiamonds, KClubs, 5Clubs, 3Clubs, 6Hearts, 3Hearts, KSpades, 4Spades.
P2 HAND: KDiamonds, JDiamonds, 2Diamonds, AClubs, QClubs, AHearts, KHearts, 4Hearts, 7Spades, QSpades.
P3 HAND: 4Diamonds, 3Diamonds, 7Clubs, JClubs, 6Clubs, 2Clubs, 7Hearts, ASpades, JSpades, 2Spades.
P2 AClubs P3 2Clubs P0 4Clubs P1 3Clubs 
P2 AHearts P3 7Hearts P0 JHearts P1 3Hearts 
P2 4Hearts P3 2Spades P0 5Hearts P1 6Hearts 
P1 4Spades P2 QSpades P3 ASpades P0 3Spades 
P3 6Clubs P0 6Diamonds P1 5Clubs P2 QClubs 
P0 QHearts P1 QDiamonds P2 KHearts P3 7Clubs 
P1 7Diamonds P2 2Diamonds P3 3Diamonds P0 5Diamonds 
P1 ADiamonds P2 JDiamonds P3 4Diamonds P0 2Hearts 
P1 KClubs P2 KDiamonds P3 JClubs P0 6Spades 
P2 7Spades P3 JSpades P0 5Spades P1 KSpades 
-- /GAME --
P0 HAND: 7Diamonds, JDiamonds, 5Diamonds, 5Clubs, KHearts, QHearts, KSpades, 6Spades, 3Spades, 2Spades.
P1 HAND: ADiamonds, KDiamonds, 6Diamonds, 4Diamonds, 3Diamonds, AClubs, 6Clubs, 4Clubs, JHearts, 6Hearts.
P2 HAND: QDiamonds, KClubs, QClubs, 3Clubs, 2Clubs, AHearts, 7Hearts, 4Hearts, 7Spades, 4Spades.
P3 HAND: 2Diamonds, 7Clubs, JClubs, 5Hearts, 3Hearts, 2Hearts, ASpades, JSpades, QSpades, 5Spades.
P1 3Diamonds P2 QDiamonds P3 2Diamonds P0 7Diamonds 
P0 6Spades P1 4Diamonds P2 4Spades P3 5Spades 
P0 2Spades P1 4Clubs P2 7Spades P3 ASpades 
P3 2Hearts P0 KHearts P1 6Hearts P2 AHearts 
P2 2Clubs P3 JClubs P0 5Clubs P1 AClubs 
P1 6Diamonds P2 3Clubs P3 3Hearts P0 JDiamonds 
P0 5Diamonds P1 KDiamonds P2 4Hearts P3 7Clubs 
P1 6Clubs 
