-- GAME --
P0 HAND: ADiamonds, 6Diamonds, AClubs, JClubs, 6Clubs, 5Hearts, 4Hearts, 7Spades, 5Spades, 4Spades.
P1 HAND: KDiamonds, JDiamonds, QDiamonds, 3Diamonds, 4Clubs, QHearts, 3Hearts, 2Hearts, KSpades, 2Spades.
P2 HAND: 5Diamonds, 4Diamonds, 7Clubs, KClubs, KHearts, 6Hearts, ASpades, JSpades, QSpades, 6Spades.
P3 HAND: 7Diamonds, 2Diamonds, QClubs, 5Clubs, 3Clubs, 2Clubs, AHearts, 7Hearts, JHearts, 3Spades.
P0 ADiamonds P1 3Diamonds P2 5Diamonds P3 2Diamonds 
P0 6Diamonds P1 QDiamonds P2 4Diamonds P3 7Diamonds 
P3 AHearts P0 5Hearts P1 QHearts P2 6Hearts 
P3 3Spades P0 7Spades P1 2Spades P2 ASpades 
P2 6Spades P3 2Clubs P0 5Spades P1 KSpades 
P3 JHearts P0 4Hearts P1 2Hearts P2 KHearts 
P2 QSpades P3 3Clubs P0 4Spades P1 KDiamonds 
P3 5Clubs P0 AClubs P1 4Clubs P2 KClubs 
P0 JClubs P1 3Hearts P2 7Clubs P3 QClubs 
P2 JSpades P3 7Hearts P0 6Clubs P1 JDiamonds 
-- /GAME --
P0 HAND: JDiamonds, 4Diamonds, 3Diamonds, AClubs, KClubs, 2Clubs, AHearts, 3Hearts, KSpades, 6Spades.
P1 HAND: KDiamonds, QDiamonds, 6Diamonds, 5Clubs, 3Clubs, JHearts, 6Hearts, 5Hearts, 7Spades, JSpades.
P2 HAND: ADiamonds, JClubs, QClubs, 7Hearts, KHearts, QHearts, 4Hearts, QSpades, 5Spades, 4Spades.
P3 HAND: 7Diamonds, 5Diamonds, 2Diamonds, 7Clubs, 6Clubs, 4Clubs, 2Hearts, ASpades, 3Spades, 2Spades.
P3 ASpades P0 KSpades P1 7Spades P2 4Spades 
P3 2Diamonds P0 JDiamonds P1 6Diamonds P2 ADiamonds 
P2 5Spades P3 2Spades P0 6Spades P1 JSpades 
P1 3Clubs P2 QClubs P3 4Clubs P0 AClubs 
P0 3Diamonds P1 QDiamonds P2 QSpades P3 7Diamonds 
P3 3Spades P0 4Diamonds P1 5Clubs P2 4Hearts 
P2 JClubs P3 6Clubs P0 KClubs P1 5Hearts 
P1 6Hearts P2 QHearts P3 2Hearts P0 AHearts 
P0 2Clubs P1 JHearts P2 KHearts P3 7Clubs 
P2 7Hearts P3 5Diamonds P0 3Hearts P1 KDiamonds 
-- /GAME --

