-- GAME --
P0 HAND: KDiamonds, 6Diamonds, 3Diamonds, AClubs, 7Clubs, KClubs, 4Clubs, 3Clubs, KHearts, 5Hearts.
P1 HAND: ADiamonds, QClubs, 6Clubs, 7Hearts, QHearts, 4Hearts, 3Hearts, 7Spades, QSpades, 3Spades.
P2 HAND: 7Diamonds, JDiamonds, QDiamonds, 5Diamonds, 5Clubs, 2Clubs, 6Hearts, ASpades, KSpades, 2Spades.
P3 HAND: 4Diamonds, 2Diamonds, JClubs, AHearts, JHearts, 2Hearts, JSpades, 6Spades, 5Spades, 4Spades.
P1 ADiamonds P2 5Diamonds P3 4Diamonds P0 3Diamonds 
P1 3Hearts P2 6Hearts P3 AHearts P0 5Hearts 
P3 2Diamonds P0 KDiamonds P1 3Spades P2 7Diamonds 
P2 ASpades P3 4Spades P0 KHearts P1 QSpades 
P2 2Spades P3 5Spades P0 3Clubs P1 7Spades 
P0 6Diamonds P1 4Hearts P2 QDiamonds P3 2Hearts 
P2 JDiamonds P3 6Spades P0 4Clubs P1 QHearts 
P0 AClubs P1 6Clubs P2 2Clubs P3 JClubs 
P0 7Clubs P1 QClubs P2 5Clubs P3 JHearts 
P0 KClubs P1 7Hearts P2 KSpades P3 JSpades 
-- /GAME --
P0 HAND: JDiamonds, 6Diamonds, 7Clubs, KClubs, QClubs, 6Clubs, 2Clubs, 5Hearts, KSpades, QSpades.
P1 HAND: QDiamonds, 5Diamonds, 3Diamonds, 2Diamonds, 7Hearts, KHearts, QHearts, 3Hearts, 5Spades, 3Spades.
P2 HAND: JClubs, 5Clubs, 4Clubs, 3Clubs, AHearts, 6Hearts, ASpades, 6Spades, 4Spades, 2Spades.
P3 HAND: ADiamonds, 7Diamonds, KDiamonds, 4Diamonds, AClubs, JHearts, 4Hearts, 2Hearts, 7Spades, JSpades.
P0 5Hearts P1 3Hearts P2 AHearts P3 2Hearts 
P2 3Clubs P3 AClubs P0 2Clubs P1 7Hearts 
P3 ADiamonds P0 6Diamonds P1 QDiamonds P2 2Spades 
P2 4Clubs P3 4Diamonds P0 KClubs P1 2Diamonds 
P0 JDiamonds P1 3Diamonds P2 5Clubs P3 7Diamonds 
P3 4Hearts P0 7Clubs P1 KHearts P2 6Hearts 
P1 5Diamonds P2 4Spades P3 KDiamonds P0 QClubs 
P2 JClubs P3 JSpades P0 6Clubs P1 QHearts 
P3 JHearts P0 KSpades P1 3Spades P2 6Spades 
P0 QSpades P1 5Spades P2 ASpades P3 7Spades 
-- /GAME --
P0 HAND: ADiamonds, 6Diamonds, 5Diamonds, 5Clubs, 7Hearts, 4Hearts, KSpades, 6Spades, 3Spades, 2Spades.
P1 HAND: 4Diamonds, AClubs, 7Clubs, JClubs, 3Clubs, QHearts, 6Hearts, 5Hearts, 3Hearts, 7Spades.
P2 HAND: 7Diamonds, QDiamonds, 6Clubs, 4Clubs, 2Clubs, 2Hearts, ASpades, JSpades, QSpades, 5Spades.
P3 HAND: KDiamonds, JDiamonds, 3Diamonds, 2Diamonds, KClubs, QClubs, AHearts, KHearts, JHearts, 4Spades.
P3 AHearts P0 4Hearts P1 QHearts P2 2Hearts 
P3 2Diamonds P0 ADiamonds P1 4Diamonds P2 7Diamonds 
P0 7Hearts P1 3Hearts P2 QDiamonds P3 JHearts 
P0 6Diamonds P1 3Clubs P2 2Clubs P3 KDiamonds 
P3 3Diamonds P0 5Diamonds P1 5Hearts P2 6Clubs 
P0 5Clubs P1 JClubs P2 4Clubs P3 KClubs 
P3 QClubs P0 KSpades P1 7Clubs P2 5Spades 
P0 2Spades P1 7Spades P2 ASpades P3 4Spades 
P2 QSpades P3 JDiamonds P0 3Spades P1 6Hearts 
P2 JSpades P3 KHearts P0 6Spades P1 AClubs 
-- /GAME --

