-- GAME --
P2 3Hearts 
P2 2Clubs P3 5Clubs P0 4Clubs P1 AClubs 
P1 2Diamonds P2 3Clubs P3 4Diamonds P0 7Diamonds 
P0 KDiamonds P1 5Diamonds P2 JClubs P3 6Diamonds 
P0 4Spades P1 2Spades P2 6Spades P3 ASpades 
P3 3Spades P0 KSpades P1 7Spades P2 JSpades 
P1 QDiamonds P2 6Clubs P3 5Spades P0 KClubs 
P1 QSpades P2 QClubs P3 6Hearts P0 2Hearts 
P3 KHearts P0 7Hearts P1 4Hearts P2 QHearts 
P0 5Hearts P1 7Clubs P2 JHearts P3 AHearts 
-- /GAME --
P0 HAND: JDiamonds, 4Diamonds, 3Diamonds, AClubs, 7Clubs, QClubs, 3Clubs, 6Hearts, ASpades, 6Spades.
P1 HAND: QDiamonds, 5Clubs, AHearts, JHearts, 5Hearts, 7Spades, KSpades, JSpades, QSpades, 5Spades.
P2 HAND: ADiamonds, JClubs, 6Clubs, 7Hearts, KHearts, 3Hearts, 2Hearts, 4Spades, 3Spades, 2Spades.
P3 HAND: 7Diamonds, KDiamonds, 6Diamonds, 5Diamonds, 2Diamonds, KClubs, 4Clubs, 2Clubs, QHearts, 4Hearts.
P2 ADiamonds P3 2Diamonds P0 JDiamonds P1 QDiamonds 
P2 2Hearts P3 4Hearts P0 6Hearts P1 AHearts 
P1 5Clubs P2 6Clubs P3 2Clubs P0 AClubs 
P0 7Clubs P1 5Spades P2 JClubs P3 KClubs 
P1 5Hearts P2 3Hearts P3 QHearts P0 4Diamonds 
P3 4Clubs P0 3Clubs P1 QSpades P2 2Spades 
P1 JHearts P2 KHearts P3 5Diamonds P0 QClubs 
P2 3Spades P3 6Diamonds P0 6Spades P1 JSpades 
P1 KSpades P2 4Spades P3 KDiamonds P0 ASpades 
P0 3Diamonds P1 7Spades P2 7Hearts P3 7Diamonds 
-- /GAME --

