-- GAME --
P2 QDiamonds 
P3 2Diamonds P0 5Diamonds P1 2Spades P2 7Diamonds 
P2 ASpades P3 3Spades P0 KSpades P1 6Spades 
P2 6Hearts P3 KHearts P0 AHearts P1 4Hearts 
P0 JSpades P1 7Spades P2 3Clubs P3 5Spades 
P2 JDiamonds P3 6Diamonds P0 4Spades P1 5Hearts 
P2 5Clubs P3 2Clubs P0 AClubs P1 4Clubs 
P0 2Hearts P1 QHearts P2 7Hearts P3 KClubs 
P3 QSpades P0 3Hearts P1 6Clubs P2 JClubs 
P2 KDiamonds P3 7Clubs P0 JHearts P1 QClubs 
-- /GAME --
P0 HAND: KDiamonds, 2Diamonds, 6Clubs, 2Clubs, AHearts, KHearts, QHearts, 6Hearts, 4Hearts, ASpades.
P1 HAND: 3Diamonds, KClubs, 5Clubs, JHearts, 5Hearts, 2Hearts, KSpades, 6Spades, 4Spades, 2Spades.
P2 HAND: 7Diamonds, QDiamonds, 5Diamonds, 4Diamonds, AClubs, JClubs, 7Hearts, 3Hearts, JSpades, 3Spades.
P3 HAND: ADiamonds, JDiamonds, 6Diamonds, 7Clubs, QClubs, 4Clubs, 3Clubs, 7Spades, QSpades, 5Spades.
P2 AClubs P3 3Clubs P0 2Clubs P1 5Clubs 
P2 3Hearts P3 4Clubs P0 AHearts P1 2Hearts 
P0 6Clubs P1 KClubs P2 JClubs P3 7Clubs 
P3 ADiamonds P0 2Diamonds P1 3Diamonds P2 4Diamonds 
P3 6Diamonds P0 KDiamonds P1 5Hearts P2 7Diamonds 
P2 5Diamonds P3 JDiamonds P0 4Hearts P1 JHearts 
P3 QClubs P0 6Hearts P1 2Spades P2 QDiamonds 
P1 4Spades P2 3Spades P3 5Spades P0 ASpades 
P0 QHearts P1 6Spades P2 7Hearts P3 QSpades 
P3 7Spades P0 KHearts P1 KSpades P2 JSpades 
-- /GAME --
P0 HAND: ADiamonds, QDiamonds, 4Diamonds, 2Diamonds, 7Clubs, 6Clubs, 4Clubs, AHearts, KHearts, JHearts.
P1 HAND: KDiamonds, KClubs, 3Clubs, 4Hearts, 2Hearts, ASpades, 7Spades, 6Spades, 5Spades, 4Spades.
P2 HAND: 7Diamonds, JDiamonds, 6Diamonds, 5Diamonds, 3Diamonds, AClubs, QClubs, 2Clubs, 3Hearts, JSpades.
P3 HAND: JClubs, 5Clubs, 7Hearts, QHearts, 6Hearts, 5Hearts, KSpades, QSpades, 3Spades, 2Spades.
P1 2Hearts P2 3Hearts P3 5Hearts P0 AHearts 
P0 4Clubs P1 3Clubs P2 AClubs P3 5Clubs 
P2 2Clubs P3 JClubs P0 7Clubs P1 KClubs 
P0 6Clubs P1 4Hearts P2 QClubs P3 2Spades 
P2 JSpades P3 3Spades P0 JHearts P1 ASpades 
P1 4Spades P2 3Diamonds P3 QSpades P0 KHearts 
P2 5Diamonds P3 6Hearts P0 2Diamonds P1 KDiamonds 
P1 5Spades P2 6Diamonds P3 KSpades P0 4Diamonds 
P2 JDiamonds P3 QHearts P0 QDiamonds P1 6Spades 
P2 7Diamonds P3 7Hearts P0 ADiamonds P1 7Spades 
-- /GAME --
P0 HAND: ADiamonds, 7Diamonds, 4Diamonds, 7Clubs, 4Clubs, 3Clubs, QHearts, 5Hearts, 7Spades, 6Spades.
P1 HAND: KDiamonds, JDiamonds, QDiamonds, JClubs, QClubs, 2Clubs, 7Hearts, KHearts, JSpades, 4Spades.
P2 HAND: 6Diamonds, 5Diamonds, 6Clubs, 5Clubs, JHearts, 6Hearts, 4Hearts, 3Hearts, QSpades, 2Spades.
P3 HAND: 3Diamonds, 2Diamonds, AClubs, KClubs, AHearts, 2Hearts, ASpades, KSpades, 5Spades, 3Spades.
P0 ADiamonds P1 QDiamonds P2 6Diamonds P3 2Diamonds 
P0 3Clubs P1 2Clubs P2 5Clubs P3 AClubs 
P3 AHearts P0 5Hearts P1 7Hearts P2 3Hearts 
P3 2Hearts P0 QHearts P1 KHearts P2 4Hearts 
P1 QClubs P2 6Clubs P3 KClubs P0 7Clubs 
P0 4Clubs P1 JClubs P2 5Diamonds P3 3Diamonds 
P1 JDiamonds P2 6Hearts P3 3Spades P0 4Diamonds 
P3 5Spades P0 6Spades P1 4Spades P2 2Spades 
P0 7Spades P1 JSpades P2 QSpades P3 ASpades 
P3 KSpades P0 7Diamonds P1 KDiamonds P2 JHearts 
-- /GAME --

