-- GAME --
P0 HAND: 4Diamonds, 2Diamonds, 7Clubs, KClubs, JClubs, 4Clubs, 5Hearts, 2Hearts, KSpades, QSpades.
P1 HAND: ADiamonds, KDiamonds, QDiamonds, AClubs, 6Clubs, 3Clubs, AHearts, 7Spades, 4Spades, 3Spades.
P2 HAND: 6Diamonds, 5Diamonds, 5Clubs, 2Clubs, 7Hearts, KHearts, 6Hearts, 4Hearts, 6Spades, 2Spades.
P3 HAND: 7Diamonds, JDiamonds, 3Diamonds, QClubs, JHearts, QHearts, 3Hearts, ASpades, JSpades, 5Spades.
P1 AClubs P2 2Clubs P3 QClubs P0 4Clubs 
P1 AHearts P2 4Hearts P3 JHearts P0 2Hearts 
P1 3Clubs P2 5Clubs P3 3Hearts P0 7Clubs 
P0 5Hearts P1 3Spades P2 6Hearts P3 QHearts 
P3 ASpades P0 QSpades P1 7Spades P2 2Spades 
P3 5Spades P0 KSpades P1 4Spades P2 6Spades 
P0 2Diamonds P1 QDiamonds P2 5Diamonds P3 3Diamonds 
P1 6Clubs P2 6Diamonds P3 JDiamonds P0 JClubs 
P3 JSpades P0 4Diamonds P1 KDiamonds P2 KHearts 
P1 ADiamonds P2 7Hearts P3 7Diamonds P0 KClubs 
-- /GAME --
P0 HAND: QDiamonds, AClubs, 7Hearts, 5Hearts, 3Hearts, ASpades, JSpades, QSpades, 5Spades, 2Spades.
P1 HAND: 6Diamonds, 3Diamonds, KClubs, JClubs, QClubs, 2Clubs, AHearts, KHearts, 2Hearts, KSpades.
P2 HAND: JDiamonds, 5Diamonds, 2Diamonds, 6Clubs, 4Clubs, 3Clubs, QHearts, 6Hearts, 7Spades, 3Spades.
P3 HAND: ADiamonds, 7Diamonds, KDiamonds, 4Diamonds, 7Clubs, 5Clubs, JHearts, 4Hearts, 6Spades, 4Spades.
P0 AClubs P1 2Clubs P2 6Clubs P3 5Clubs 
P0 QDiamonds P1 3Diamonds P2 2Diamonds P3 ADiamonds 
P3 4Diamonds P0 3Hearts P1 6Diamonds P2 JDiamonds 
P2 3Clubs P3 7Clubs P0 2Spades P1 QClubs 
P0 ASpades P1 KSpades P2 3Spades P3 4Spades 
P0 5Spades P1 2Hearts P2 7Spades P3 6Spades 
P2 4Clubs P3 4Hearts P0 5Hearts P1 KClubs 
P1 JClubs P2 5Diamonds P3 JHearts P0 QSpades 
P0 JSpades P1 KHearts P2 6Hearts P3 KDiamonds 
P0 7Hearts P1 AHearts P2 QHearts P3 7Diamonds 
-- /GAME --
P0 HAND: 7Diamonds, 5Diamonds, 2Diamonds, AHearts, KHearts, 3Hearts, 2Hearts, 7Spades, QSpades, 2Spades.
P1 HAND: ADiamonds, QDiamonds, 4Diamonds, JClubs, QClubs, 4Clubs, 7Hearts, 5Hearts, 4Hearts, 4Spades.
P2 HAND: JDiamonds, 6Diamonds, 3Diamonds, AClubs, 5Clubs, 3Clubs, 2Clubs, JHearts, QHearts, 5Spades.
P3 HAND: KDiamonds, 7Clubs, KClubs, 6Clubs, 6Hearts, ASpades, KSpades, JSpades, 6Spades, 3Spades.
P3 3Spades P0 7Spades P1 4Spades P2 5Spades 
P0 AHearts P1 4Hearts P2 JHearts P3 6Hearts 
P0 2Diamonds P1 ADiamonds P2 3Diamonds P3 KDiamonds 
P1 4Diamonds P2 6Diamonds P3 6Spades P0 7Diamonds 

