-- GAME --
P0 HAND: QDiamonds, 2Diamonds, JClubs, KHearts, ASpades, 7Spades, KSpades, QSpades, 5Spades, 2Spades.
P1 HAND: ADiamonds, 3Diamonds, 7Clubs, KClubs, 6Clubs, 5Clubs, 7Hearts, 6Hearts, 4Hearts, 3Spades.
P2 HAND: 7Diamonds, KDiamonds, JDiamonds, 4Diamonds, AClubs, 3Clubs, AHearts, QHearts, 5Hearts, 6Spades.
P3 HAND: 6Diamonds, 5Diamonds, QClubs, 4Clubs, 2Clubs, JHearts, 3Hearts, 2Hearts, JSpades, 4Spades.
P1 ADiamonds P2 4Diamonds P3 6Diamonds P0 2Diamonds 
P1 3Diamonds P2 JDiamonds P3 5Diamonds P0 QDiamonds 
P2 AClubs P3 2Clubs P0 JClubs P1 5Clubs 
P2 AHearts P3 2Hearts P0 KHearts P1 4Hearts 
P2 3Clubs P3 4Clubs P0 5Spades P1 6Clubs 
P0 ASpades P1 3Spades P2 6Spades P3 4Spades 
P0 7Spades P1 6Hearts P2 7Diamonds P3 JSpades 
P0 KSpades P1 KClubs P2 KDiamonds P3 3Hearts 
P0 QSpades P1 7Clubs P2 5Hearts P3 QClubs 
P0 2Spades P1 7Hearts P2 QHearts P3 JHearts 
-- /GAME --
P0 HAND: KDiamonds, JDiamonds, 5Diamonds, 2Diamonds, 4Clubs, 3Clubs, 2Clubs, QHearts, 3Hearts, 2Spades.
P1 HAND: 7Diamonds, KClubs, JClubs, QClubs, 6Clubs, KHearts, 4Hearts, 7Spades, KSpades, 6Spades.
P2 HAND: ADiamonds, QDiamonds, 6Diamonds, 5Clubs, AHearts, 2Hearts, ASpades, JSpades, QSpades, 3Spades.
P3 HAND: 4Diamonds, 3Diamonds, AClubs, 7Clubs, 7Hearts, JHearts, 6Hearts, 5Hearts, 5Spades, 4Spades.
P0 2Spades P1 6Spades P2 ASpades P3 4Spades 
P2 ADiamonds P3 3Diamonds P0 KDiamonds P1 7Diamonds 
P2 AHearts P3 5Hearts P0 QHearts P1 4Hearts 
P2 2Hearts P3 6Hearts P0 3Hearts P1 KHearts 
P1 6Clubs P2 5Clubs P3 7Clubs P0 2Clubs 
P3 4Diamonds P0 JDiamonds P1 QClubs P2 6Diamonds 
P1 JClubs P2 3Spades P3 AClubs P0 3Clubs 
P3 5Spades P0 4Clubs P1 KSpades P2 JSpades 
P0 2Diamonds P1 KClubs P2 QDiamonds P3 7Hearts 
P1 7Spades P2 QSpades P3 JHearts P0 5Diamonds 
-- /GAME --

