-- GAME --
P0 7Hearts P1 AHearts P2 5Hearts 
P1 ADiamonds P2 4Diamonds P3 6Diamonds P0 3Diamonds 
P1 2Diamonds P2 5Diamonds P3 4Clubs P0 7Diamonds 
P0 AClubs P1 3Clubs P2 KClubs P3 7Clubs 
P0 2Clubs P1 6Clubs P2 6Hearts P3 KHearts 
P1 2Hearts P2 QHearts P3 4Hearts P0 JDiamonds 
P2 2Spades P3 4Spades P0 7Spades P1 ASpades 
P1 QDiamonds P2 KDiamonds P3 5Spades P0 JSpades 
P0 QClubs P1 JClubs P2 QSpades P3 JHearts 
P2 KSpades P3 6Spades P0 5Clubs P1 3Spades 
-- /GAME --
P0 HAND: 5Diamonds, 7Clubs, JClubs, QClubs, QHearts, ASpades, KSpades, JSpades, QSpades, 6Spades.
P1 HAND: 7Diamonds, KDiamonds, 2Diamonds, KClubs, 6Clubs, 7Hearts, KHearts, 6Hearts, 4Hearts, 2Spades.
P2 HAND: ADiamonds, QDiamonds, 3Diamonds, AClubs, 5Clubs, 4Clubs, 3Clubs, AHearts, 5Hearts, 4Spades.
P3 HAND: JDiamonds, 6Diamonds, 4Diamonds, 2Clubs, JHearts, 3Hearts, 2Hearts, 7Spades, 5Spades, 3Spades.
P2 AClubs P3 2Clubs P0 7Clubs P1 6Clubs 
P2 AHearts P3 2Hearts P0 QHearts P1 4Hearts 
P2 3Clubs P3 3Hearts P0 JClubs P1 KClubs 
P1 2Spades P2 4Spades P3 3Spades P0 ASpades 
P0 KSpades P1 6Hearts P2 4Clubs P3 7Spades 
P3 5Spades P0 JSpades P1 2Diamonds P2 5Clubs 
P1 KDiamonds P2 3Diamonds P3 4Diamonds P0 5Diamonds 
P1 7Diamonds P2 ADiamonds P3 6Diamonds P0 QClubs 
P2 5Hearts P3 JHearts P0 6Spades P1 7Hearts 
P1 KHearts P2 QDiamonds P3 JDiamonds P0 QSpades 
-- /GAME --
P0 HAND: 7Diamonds, 4Diamonds, AClubs, 7Clubs, 6Hearts, 7Spades, KSpades, 6Spades, 3Spades, 2Spades.
P1 HAND: 6Diamonds, 2Diamonds, QClubs, 5Clubs, AHearts, 7Hearts, KHearts, 5Hearts, JSpades, 5Spades.
P2 HAND: ADiamonds, 5Diamonds, 3Diamonds, 3Clubs, 2Clubs, JHearts, QHearts, 3Hearts, 2Hearts, QSpades.
P3 HAND: KDiamonds, JDiamonds, QDiamonds, KClubs, JClubs, 6Clubs, 4Clubs, 4Hearts, ASpades, 4Spades.
P1 AHearts P2 2Hearts P3 4Hearts P0 6Hearts 
P1 2Diamonds P2 ADiamonds P3 QDiamonds P0 7Diamonds 
P2 3Diamonds P3 JDiamonds P0 4Diamonds P1 6Diamonds 
P3 ASpades P0 2Spades P1 JSpades P2 QSpades 
P3 4Spades P0 7Spades P1 5Spades P2 JHearts 
P0 6Spades P1 5Hearts P2 3Hearts P3 4Clubs 
P3 6Clubs P0 7Clubs P1 5Clubs P2 2Clubs 
P0 KSpades P1 QClubs P2 5Diamonds P3 KDiamonds 
P1 KHearts P2 QHearts P3 JClubs P0 AClubs 
P0 3Spades P1 7Hearts P2 3Clubs P3 KClubs 
-- /GAME --
P0 HAND: 5Diamonds, 4Diamonds, QClubs, 4Clubs, JHearts, QHearts, 3Hearts, 7Spades, JSpades, 6Spades.
P1 HAND: 7Diamonds, KDiamonds, QDiamonds, 7Clubs, 6Clubs, 5Clubs, 6Hearts, QSpades, 5Spades, 3Spades.
P2 HAND: JDiamonds, 6Diamonds, 3Diamonds, JClubs, 2Clubs, AHearts, 7Hearts, 4Hearts, ASpades, 4Spades.
P3 HAND: ADiamonds, 2Diamonds, AClubs, KClubs, 3Clubs, KHearts, 5Hearts, 2Hearts, KSpades, 2Spades.

