-- GAME --
P0 HAND: ADiamonds, QDiamonds, 6Clubs, AHearts, 6Hearts, 5Hearts, 4Hearts, 3Hearts, QSpades, 4Spades.
P1 HAND: KDiamonds, 6Diamonds, 4Diamonds, 7Clubs, 4Clubs, 3Clubs, 7Hearts, KHearts, 7Spades, KSpades.
P2 HAND: 5Diamonds, 2Diamonds, AClubs, KClubs, JClubs, QClubs, QHearts, ASpades, JSpades, 5Spades.
P3 HAND: 7Diamonds, JDiamonds, 3Diamonds, 5Clubs, 2Clubs, JHearts, 2Hearts, 6Spades, 3Spades, 2Spades.
P1 4Diamonds P2 2Diamonds P3 3Diamonds P0 QDiamonds 
P0 AHearts P1 KHearts P2 QHearts P3 2Hearts 
P0 6Hearts P1 7Hearts P2 QClubs P3 JHearts 
P2 ASpades P3 2Spades P0 QSpades P1 KSpades 
P2 5Diamonds P3 JDiamonds P0 ADiamonds P1 6Diamonds 
P0 4Spades P1 7Spades P2 5Spades P3 6Spades 
P1 3Clubs P2 JClubs P3 2Clubs P0 6Clubs 
P2 JSpades P3 3Spades P0 5Hearts P1 4Clubs 
P1 7Clubs P2 AClubs P3 5Clubs P0 4Hearts 
P2 KClubs P3 7Diamonds P0 3Hearts P1 KDiamonds 
-- /GAME --
P0 HAND: JDiamonds, 5Diamonds, 3Diamonds, AClubs, KClubs, 7Hearts, 6Hearts, 2Hearts, 4Spades, 3Spades.
P1 HAND: QDiamonds, 7Clubs, AHearts, KHearts, 5Hearts, 4Hearts, 3Hearts, ASpades, 7Spades, QSpades.
P2 HAND: ADiamonds, 7Diamonds, KDiamonds, 2Diamonds, JClubs, QClubs, 6Clubs, JHearts, QHearts, 2Spades.
P3 HAND: 6Diamonds, 4Diamonds, 5Clubs, 4Clubs, 3Clubs, 2Clubs, KSpades, JSpades, 6Spades, 5Spades.
P0 4Spades P1 ASpades P2 2Spades P3 KSpades 
P1 3Hearts P2 QHearts P3 4Diamonds P0 7Hearts 
P0 5Diamonds P1 QDiamonds P2 ADiamonds P3 6Diamonds 
P2 2Diamonds P3 5Spades P0 3Diamonds P1 4Hearts 
P0 3Spades P1 QSpades P2 6Clubs P3 6Spades 
P2 JHearts P3 2Clubs P0 2Hearts P1 AHearts 
P3 JSpades P0 KClubs P1 7Spades P2 7Diamonds 
P0 JDiamonds P1 5Hearts P2 KDiamonds P3 3Clubs 
P3 4Clubs P0 AClubs P1 7Clubs P2 QClubs 
P0 6Hearts P1 KHearts P2 JClubs P3 5Clubs 
-- /GAME --
P0 HAND: QDiamonds, 3Diamonds, QClubs, 5Clubs, 3Clubs, AHearts, 2Hearts, 5Spades, 4Spades, 3Spades.
P1 HAND: JDiamonds, 6Diamonds, 5Diamonds, 2Clubs, KHearts, QHearts, 4Hearts, 3Hearts, KSpades, QSpades.
P2 HAND: KDiamonds, 4Diamonds, 7Clubs, KClubs, JClubs, 6Clubs, 7Hearts, 5Hearts, ASpades, 6Spades.
P3 HAND: ADiamonds, 7Diamonds, 2Diamonds, AClubs, 4Clubs, JHearts, 6Hearts, 7Spades, JSpades, 2Spades.
P3 ADiamonds P0 3Diamonds P1 JDiamonds P2 4Diamonds 
P3 2Diamonds P0 QDiamonds P1 5Diamonds P2 KDiamonds 
P2 ASpades P3 2Spades P0 5Spades P1 QSpades 
P2 5Hearts P3 6Hearts P0 AHearts P1 3Hearts 
P0 2Hearts P1 4Hearts P2 7Hearts P3 JHearts 
P2 6Spades P3 JSpades P0 3Spades P1 KSpades 
P1 6Diamonds P2 6Clubs P3 7Diamonds P0 4Spades 
P2 JClubs P3 4Clubs P0 3Clubs P1 2Clubs 
P2 KClubs P3 AClubs P0 5Clubs P1 KHearts 
P3 7Spades P0 QClubs P1 QHearts P2 7Clubs 
-- /GAME --
P0 HAND: ADiamonds, 4Diamonds, JClubs, 2Clubs, KHearts, JHearts, QHearts, 6Hearts, 4Spades, 3Spades.
P1 HAND: 7Diamonds, 6Diamonds, 7Clubs, KClubs, AHearts, 3Hearts, ASpades, KSpades, 6Spades, 5Spades.
P2 HAND: QDiamonds, 5Diamonds, 3Diamonds, 2Diamonds, AClubs, QClubs, 4Clubs, 7Hearts, JSpades, QSpades.
P3 HAND: KDiamonds, JDiamonds, 6Clubs, 5Clubs, 3Clubs, 5Hearts, 4Hearts, 2Hearts, 7Spades, 2Spades.
P3 2Hearts P0 6Hearts P1 AHearts P2 7Hearts 
P1 ASpades P2 QSpades P3 7Spades P0 3Spades 
P1 3Hearts P2 4Clubs P3 4Hearts P0 KHearts 
P0 QHearts P1 5Spades P2 QClubs P3 5Hearts 
P0 2Clubs P1 KClubs P2 AClubs P3 3Clubs 
P2 JSpades P3 2Spades P0 4Spades P1 KSpades 
P1 6Spades P2 2Diamonds P3 5Clubs P0 JHearts 
P2 3Diamonds P3 JDiamonds P0 4Diamonds P1 6Diamonds 
P3 6Clubs P0 JClubs P1 7Clubs P2 5Diamonds 
P2 QDiamonds P3 KDiamonds P0 ADiamonds P1 7Diamonds 
-- /GAME --
P0 HAND: ADiamonds, 7Diamonds, JClubs, 6Clubs, 3Clubs, 6Hearts, 3Hearts, ASpades, QSpades, 2Spades.
P1 HAND: 3Diamonds, 2Diamonds, AClubs, 7Clubs, 4Clubs, 2Clubs, 5Hearts, KSpades, 6Spades, 3Spades.
P2 HAND: KDiamonds, QDiamonds, 6Diamonds, 5Diamonds, QClubs, 7Hearts, 4Hearts, 2Hearts, 7Spades, 5Spades.
P3 HAND: JDiamonds, 4Diamonds, KClubs, 5Clubs, AHearts, KHearts, JHearts, QHearts, JSpades, 4Spades.
P2 2Hearts P3 AHearts P0 3Hearts P1 5Hearts 
P3 4Diamonds P0 ADiamonds P1 2Diamonds P2 KDiamonds 
P0 6Hearts P1 2Clubs P2 7Hearts P3 QHearts 
P2 4Hearts P3 JHearts P0 2Spades P1 3Diamonds 
P0 6Clubs P1 AClubs P2 QClubs P3 KClubs 
P1 4Clubs P2 5Diamonds P3 5Clubs P0 JClubs 
P0 3Clubs P1 7Clubs P2 5Spades P3 JSpades 
P3 JDiamonds P0 7Diamonds P1 3Spades P2 6Diamonds 
P1 6Spades P2 7Spades P3 4Spades P0 QSpades 
P2 QDiamonds P3 KHearts P0 ASpades P1 KSpades 
-- /GAME --
P0 HAND: ADiamonds, QDiamonds, 3Diamonds, JClubs, 3Clubs, 7Hearts, 3Hearts, 2Hearts, JSpades, 2Spades.
P1 HAND: KDiamonds, 6Diamonds, 4Diamonds, 2Diamonds, KClubs, 4Clubs, KHearts, 7Spades, 6Spades, 3Spades.
P2 HAND: 7Diamonds, 5Diamonds, AClubs, 7Clubs, 6Clubs, JHearts, QHearts, 5Hearts, 4Hearts, 4Spades.
P3 HAND: JDiamonds, QClubs, 5Clubs, 2Clubs, AHearts, 6Hearts, ASpades, KSpades, QSpades, 5Spades.
P1 2Diamonds P2 5Diamonds P3 JDiamonds P0 ADiamonds 
P0 2Spades P1 3Spades P2 4Spades P3 ASpades 
P3 AHearts P0 2Hearts P1 KHearts P2 4Hearts 
P3 5Spades P0 JSpades P1 7Spades P2 6Clubs 
P2 5Hearts P3 6Hearts P0 7Hearts P1 4Clubs 
P1 4Diamonds P2 7Diamonds P3 2Clubs P0 3Diamonds 
P3 QSpades P0 3Hearts P1 6Spades P2 QHearts 
P3 5Clubs P0 3Clubs P1 KClubs P2 7Clubs 
P2 JHearts P3 QClubs P0 JClubs P1 6Diamonds 
P0 QDiamonds P1 KDiamonds P2 AClubs P3 KSpades 
-- /GAME --
P0 HAND: JDiamonds, QDiamonds, 5Diamonds, KClubs, AHearts, KHearts, 6Hearts, 7Spades, KSpades, 2Spades.
P1 HAND: KDiamonds, AClubs, JClubs, 6Clubs, 5Clubs, 2Clubs, JHearts, QHearts, 4Hearts, JSpades.
P2 HAND: 4Diamonds, 3Diamonds, 2Diamonds, 7Clubs, QClubs, 3Clubs, 7Hearts, 2Hearts, ASpades, 6Spades.
P3 HAND: ADiamonds, 7Diamonds, 6Diamonds, 4Clubs, 5Hearts, 3Hearts, QSpades, 5Spades, 4Spades, 3Spades.
P0 AHearts P1 4Hearts P2 7Hearts P3 3Hearts 
P0 KClubs P1 AClubs P2 3Clubs P3 4Clubs 
P1 2Clubs P2 QClubs P3 5Hearts P0 KHearts 
P2 2Diamonds P3 ADiamonds P0 5Diamonds P1 KDiamonds 
P3 6Diamonds P0 QDiamonds P1 5Clubs P2 4Diamonds 
P0 6Hearts P1 QHearts P2 2Hearts P3 7Diamonds 
P1 6Clubs P2 7Clubs P3 3Spades P0 7Spades 
P0 JDiamonds P1 JSpades P2 3Diamonds P3 4Spades 
P1 JClubs P2 6Spades P3 5Spades P0 KSpades 
P0 2Spades P1 JHearts P2 ASpades P3 QSpades 
-- /GAME --
P0 HAND: 6Clubs, 4Clubs, 2Clubs, KHearts, JHearts, 4Hearts, 3Hearts, KSpades, QSpades, 2Spades.
P1 HAND: KDiamonds, 5Diamonds, JClubs, QClubs, 3Clubs, QHearts, 6Hearts, 2Hearts, JSpades, 4Spades.
P2 HAND: JDiamonds, QDiamonds, 6Diamonds, 2Diamonds, 7Clubs, KClubs, AHearts, 7Hearts, 5Hearts, 6Spades.
P3 HAND: ADiamonds, 7Diamonds, 4Diamonds, 3Diamonds, AClubs, 5Clubs, ASpades, 7Spades, 5Spades, 3Spades.

