-- GAME --
P0 HAND: 7Diamonds, QDiamonds, 6Diamonds, 7Clubs, 4Clubs, QHearts, 6Hearts, JSpades, 6Spades, 5Spades.
P1 HAND: ADiamonds, KDiamonds, 2Diamonds, 2Clubs, AHearts, 7Hearts, KHearts, 5Hearts, 4Hearts, 3Spades.
P2 HAND: 4Diamonds, AClubs, KClubs, QClubs, 5Clubs, 3Clubs, JHearts, 3Hearts, 7Spades, 2Spades.
P3 HAND: JDiamonds, 5Diamonds, 3Diamonds, JClubs, 6Clubs, 2Hearts, ASpades, KSpades, QSpades, 4Spades.
P0 4Clubs P1 2Clubs P2 AClubs P3 6Clubs 
P2 2Spades P3 ASpades P0 6Spades P1 3Spades 
P3 3Diamonds P0 6Diamonds P1 ADiamonds P2 4Diamonds 
P1 2Diamonds P2 3Clubs P3 5Diamonds P0 7Diamonds 
P0 QDiamonds P1 KDiamonds P2 3Hearts P3 JDiamonds 
P2 5Clubs P3 JClubs P0 7Clubs P1 4Hearts 
P1 5Hearts P2 JHearts P3 2Hearts P0 QHearts 
P2 QClubs P3 4Spades P0 JSpades P1 KHearts 
P1 7Hearts P2 KClubs P3 QSpades P0 6Hearts 
P1 AHearts P2 7Spades P3 KSpades P0 5Spades 
-- /GAME --
P0 HAND: KDiamonds, QDiamonds, 6Diamonds, 4Diamonds, 4Clubs, AHearts, 7Hearts, 4Hearts, ASpades, 5Spades.
P1 HAND: 2Diamonds, AClubs, KClubs, JClubs, 5Clubs, KHearts, 6Hearts, 7Spades, QSpades, 4Spades.
P2 HAND: 7Diamonds, JDiamonds, 5Diamonds, 3Diamonds, 7Clubs, 2Clubs, 5Hearts, 3Hearts, KSpades, JSpades.
P3 HAND: ADiamonds, QClubs, 6Clubs, 3Clubs, JHearts, QHearts, 2Hearts, 6Spades, 3Spades, 2Spades.
P3 2Hearts P0 AHearts P1 6Hearts P2 5Hearts 
P0 ASpades P1 4Spades P2 KSpades P3 2Spades 
P0 5Spades P1 QSpades P2 JSpades P3 3Spades 
P2 2Clubs P3 3Clubs P0 4Clubs P1 AClubs 
P1 5Clubs P2 7Clubs P3 6Clubs P0 7Hearts 
P2 3Hearts P3 QHearts P0 4Hearts P1 KHearts 
P1 JClubs P2 3Diamonds P3 QClubs P0 KDiamonds 
P0 4Diamonds P1 2Diamonds P2 5Diamonds P3 ADiamonds 
P3 6Spades P0 6Diamonds P1 7Spades P2 JDiamonds 
P2 7Diamonds P3 JHearts P0 QDiamonds P1 KClubs 
-- /GAME --

