-- GAME --
P0 HAND: QDiamonds, 5Diamonds, 2Diamonds, 5Clubs, 4Hearts, ASpades, 7Spades, KSpades, JSpades, 5Spades.
P1 HAND: 7Diamonds, JDiamonds, AClubs, 2Clubs, AHearts, QHearts, QSpades, 6Spades, 4Spades, 2Spades.
P2 HAND: ADiamonds, 4Diamonds, KClubs, JClubs, QClubs, 3Clubs, JHearts, 5Hearts, 3Hearts, 2Hearts.
P3 HAND: KDiamonds, 6Diamonds, 3Diamonds, 7Clubs, 6Clubs, 4Clubs, 7Hearts, KHearts, 6Hearts, 3Spades.
P2 ADiamonds P3 3Diamonds P0 QDiamonds P1 JDiamonds 
P2 2Hearts P3 6Hearts P0 4Hearts P1 AHearts 
P1 2Spades P2 3Hearts P3 3Spades P0 ASpades 
P0 7Spades P1 4Spades P2 JHearts P3 4Clubs 
P3 6Diamonds P0 2Diamonds P1 7Diamonds P2 4Diamonds 
P1 6Spades P2 5Hearts P3 6Clubs P0 5Spades 
P3 7Clubs P0 5Clubs P1 2Clubs P2 3Clubs 
P3 KDiamonds P0 5Diamonds P1 QHearts P2 QClubs 
P2 JClubs P3 KHearts P0 KSpades P1 AClubs 
P1 QSpades P2 KClubs P3 7Hearts P0 JSpades 
-- /GAME --
P0 HAND: ADiamonds, KDiamonds, JDiamonds, 5Diamonds, 5Hearts, 4Hearts, 3Hearts, 6Spades, 5Spades, 4Spades.
P1 HAND: 2Diamonds, QClubs, 6Clubs, 3Clubs, KHearts, 6Hearts, 2Hearts, ASpades, KSpades, QSpades.
P2 HAND: 7Diamonds, 3Diamonds, AClubs, KClubs, JClubs, 5Clubs, 2Clubs, AHearts, 7Spades, 3Spades.
P3 HAND: QDiamonds, 6Diamonds, 4Diamonds, 7Clubs, 4Clubs, 7Hearts, JHearts, QHearts, JSpades, 2Spades.
P1 2Diamonds P2 3Diamonds P3 4Diamonds P0 KDiamonds 
P0 6Spades P1 QSpades P2 3Spades P3 2Spades 
P1 2Hearts P2 AHearts P3 QHearts P0 5Hearts 
P2 2Clubs P3 4Clubs P0 5Spades P1 3Clubs 
P0 4Spades P1 KSpades P2 7Spades P3 JSpades 
P2 5Clubs P3 7Clubs P0 3Hearts P1 QClubs 
P3 6Diamonds P0 ADiamonds P1 ASpades P2 7Diamonds 
P1 6Clubs P2 JClubs P3 QDiamonds P0 4Hearts 
P2 KClubs P3 JHearts P0 5Diamonds P1 6Hearts 
P2 AClubs P3 7Hearts P0 JDiamonds P1 KHearts 
-- /GAME --
P0 HAND: ADiamonds, 4Diamonds, 2Diamonds, KClubs, 6Clubs, 2Clubs, 6Hearts, 4Hearts, QSpades, 3Spades.
P1 HAND: JDiamonds, AClubs, JClubs, KHearts, 5Hearts, 3Hearts, JSpades, 6Spades, 5Spades, 2Spades.
P2 HAND: KDiamonds, QDiamonds, 6Diamonds, 3Diamonds, 7Clubs, 5Clubs, 3Clubs, ASpades, 7Spades, 4Spades.
P3 HAND: 7Diamonds, 5Diamonds, QClubs, 4Clubs, AHearts, 7Hearts, JHearts, QHearts, 2Hearts, KSpades.

