-- GAME --
P1 6Hearts 
P1 5Spades P2 3Spades P3 ASpades P0 3Diamonds 
P0 ADiamonds P1 JClubs P2 KHearts P3 6Diamonds 
P0 KDiamonds P1 JSpades P2 JHearts P3 4Spades 
P0 JDiamonds P1 KClubs P2 5Hearts P3 6Spades 
P0 QDiamonds P1 7Spades P2 QHearts P3 QSpades 
-- /GAME --
P0 HAND: QDiamonds, 4Diamonds, 7Clubs, JClubs, 4Clubs, 4Hearts, 3Hearts, ASpades, KSpades, 3Spades.
P1 HAND: ADiamonds, 7Diamonds, KDiamonds, 6Clubs, 7Hearts, KHearts, QHearts, 6Hearts, QSpades, 4Spades.
P2 HAND: JDiamonds, 5Diamonds, 3Diamonds, KClubs, 3Clubs, 2Clubs, JHearts, 2Hearts, 7Spades, JSpades.
P3 HAND: 6Diamonds, 2Diamonds, AClubs, QClubs, 5Clubs, AHearts, 5Hearts, 6Spades, 5Spades, 2Spades.
P3 AHearts P0 3Hearts P1 7Hearts P2 2Hearts 
P3 2Diamonds P0 4Diamonds P1 ADiamonds P2 3Diamonds 
P1 4Spades P2 JSpades P3 2Spades P0 ASpades 
P0 4Hearts P1 6Hearts P2 JHearts P3 5Hearts 
P2 5Diamonds P3 6Diamonds P0 QDiamonds P1 7Diamonds 
P1 QHearts P2 2Clubs P3 5Spades P0 KSpades 
P2 JDiamonds P3 6Spades P0 3Spades P1 KDiamonds 
P1 QSpades P2 7Spades P3 5Clubs P0 7Clubs 
P0 4Clubs P1 6Clubs P2 3Clubs P3 QClubs 
P3 AClubs P0 JClubs P1 KHearts P2 KClubs 
-- /GAME --
P0 HAND: KDiamonds, 6Diamonds, 3Diamonds, JClubs, QClubs, 4Clubs, 4Hearts, 2Hearts, JSpades, 5Spades.
P1 HAND: JDiamonds, 2Diamonds, KClubs, 6Clubs, AHearts, QHearts, 3Hearts, ASpades, 7Spades, 3Spades.
P2 HAND: QDiamonds, 7Clubs, 5Clubs, KHearts, JHearts, 6Hearts, 5Hearts, KSpades, 6Spades, 2Spades.
P3 HAND: ADiamonds, 7Diamonds, 5Diamonds, 4Diamonds, AClubs, 3Clubs, 2Clubs, 7Hearts, QSpades, 4Spades.
P2 5Clubs P3 AClubs P0 4Clubs P1 KClubs 
P3 ADiamonds P0 3Diamonds P1 JDiamonds P2 QDiamonds 
P3 2Clubs P0 QClubs P1 6Clubs P2 7Clubs 
P2 5Hearts P3 7Hearts P0 4Hearts P1 AHearts 
P1 2Diamonds P2 6Hearts P3 7Diamonds P0 6Diamonds 
P3 3Clubs P0 JClubs P1 3Hearts P2 KHearts 
P0 2Hearts P1 QHearts P2 JHearts P3 4Spades 
P3 4Diamonds P0 KDiamonds P1 3Spades P2 2Spades 
P1 7Spades P2 6Spades P3 QSpades P0 5Spades 
P1 ASpades P2 KSpades P3 5Diamonds P0 JSpades 
-- /GAME --

