-- GAME --
P0 HAND: ADiamonds, 6Diamonds, 2Diamonds, 6Clubs, 2Clubs, KHearts, KSpades, 6Spades, 5Spades, 2Spades.
P1 HAND: 7Diamonds, QDiamonds, 5Diamonds, JClubs, 5Clubs, 3Clubs, QHearts, 4Hearts, JSpades, QSpades.
P2 HAND: JDiamonds, 4Diamonds, 3Diamonds, AClubs, 7Clubs, AHearts, ASpades, 7Spades, 4Spades, 3Spades.
P3 HAND: KDiamonds, KClubs, QClubs, 4Clubs, 7Hearts, JHearts, 6Hearts, 5Hearts, 3Hearts, 2Hearts.
P1 3Clubs P2 AClubs P3 4Clubs P0 2Clubs 
P2 AHearts P3 2Hearts P0 KHearts P1 4Hearts 
P2 3Diamonds P3 KDiamonds P0 ADiamonds P1 5Diamonds 
P0 2Diamonds P1 QDiamonds P2 4Diamonds P3 7Hearts 
P1 5Clubs P2 7Clubs P3 QClubs P0 6Clubs 
P2 JDiamonds P3 3Hearts P0 6Diamonds P1 7Diamonds 
P1 QHearts P2 3Spades P3 5Hearts P0 2Spades 
P2 4Spades P3 6Hearts P0 5Spades P1 QSpades 
P1 JClubs P2 7Spades P3 KClubs P0 KSpades 
P2 ASpades P3 JHearts P0 6Spades P1 JSpades 
-- /GAME --
P0 HAND: KDiamonds, KClubs, JClubs, 6Clubs, 5Clubs, 2Clubs, 5Hearts, 3Hearts, 7Spades, 3Spades.
P1 HAND: 7Diamonds, 2Diamonds, AClubs, 3Clubs, QHearts, 2Hearts, ASpades, JSpades, 5Spades, 4Spades.
P2 HAND: ADiamonds, 4Diamonds, 3Diamonds, QClubs, 4Clubs, AHearts, 6Hearts, 4Hearts, 6Spades, 2Spades.
P3 HAND: JDiamonds, QDiamonds, 6Diamonds, 5Diamonds, 7Clubs, 7Hearts, KHearts, JHearts, KSpades, QSpades.

