-- GAME --
P0 HAND: 7Diamonds, KDiamonds, 6Diamonds, 3Diamonds, 7Clubs, JClubs, 6Clubs, AHearts, 2Hearts, QSpades.
P1 HAND: 4Diamonds, KHearts, JHearts, QHearts, 6Hearts, 5Hearts, 3Hearts, ASpades, JSpades, 3Spades.
P2 HAND: AClubs, KClubs, QClubs, 4Clubs, 7Hearts, 4Hearts, KSpades, 5Spades, 4Spades, 2Spades.
P3 HAND: ADiamonds, JDiamonds, QDiamonds, 5Diamonds, 2Diamonds, 5Clubs, 3Clubs, 2Clubs, 7Spades, 6Spades.
P2 AClubs P3 2Clubs P0 7Clubs P1 3Spades 
P1 3Hearts P2 4Hearts P3 2Diamonds P0 AHearts 
P0 3Diamonds P1 4Diamonds P2 4Clubs P3 ADiamonds 
P3 3Clubs P0 JClubs P1 5Hearts P2 KClubs 
P2 QClubs P3 5Clubs P0 6Clubs P1 6Hearts 
P2 2Spades P3 6Spades P0 QSpades P1 JSpades 
P1 QHearts P2 7Hearts P3 7Spades P0 2Hearts 
P3 5Diamonds P0 7Diamonds P1 ASpades P2 4Spades 
P1 JHearts P2 5Spades P3 QDiamonds P0 KDiamonds 
P2 KSpades P3 JDiamonds P0 6Diamonds P1 KHearts 
-- /GAME --
P0 HAND: KDiamonds, QDiamonds, 5Diamonds, 4Clubs, 7Hearts, QHearts, 7Spades, KSpades, 5Spades, 2Spades.
P1 HAND: 7Clubs, JClubs, QClubs, 6Clubs, 2Clubs, KHearts, 2Hearts, ASpades, 6Spades, 3Spades.
P2 HAND: ADiamonds, 7Diamonds, 3Diamonds, AClubs, KClubs, 5Clubs, JHearts, 4Hearts, 3Hearts, 4Spades.
P3 HAND: JDiamonds, 6Diamonds, 4Diamonds, 2Diamonds, 3Clubs, AHearts, 6Hearts, 5Hearts, JSpades, QSpades.
P1 ASpades P2 4Spades P3 JSpades P0 2Spades 
P1 2Clubs P2 AClubs P3 3Clubs P0 4Clubs 
P2 ADiamonds P3 2Diamonds P0 KDiamonds P1 2Hearts 
P1 3Spades P2 3Diamonds P3 QSpades P0 7Spades 
P0 QDiamonds P1 6Clubs P2 7Diamonds P3 4Diamonds 
P2 5Clubs P3 6Diamonds P0 5Diamonds P1 7Clubs 
P1 6Spades P2 3Hearts P3 5Hearts P0 5Spades 
P3 JDiamonds P0 KSpades P1 KHearts P2 KClubs 
P1 QClubs P2 4Hearts P3 6Hearts P0 7Hearts 
P0 QHearts P1 JClubs P2 JHearts P3 AHearts 
-- /GAME --
P0 HAND: 5Diamonds, KClubs, JClubs, 6Clubs, 5Clubs, 3Clubs, QHearts, 4Hearts, 7Spades, 3Spades.
P1 HAND: KDiamonds, JDiamonds, QDiamonds, AClubs, 4Clubs, 3Hearts, 2Hearts, ASpades, KSpades, QSpades.
P2 HAND: 7Diamonds, 4Diamonds, 3Diamonds, 2Diamonds, QClubs, KHearts, JHearts, 5Hearts, 4Spades, 2Spades.
P3 HAND: ADiamonds, 6Diamonds, 7Clubs, 2Clubs, AHearts, 7Hearts, 6Hearts, JSpades, 6Spades, 5Spades.

