-- GAME --
P0 HAND: 7Diamonds, 5Diamonds, 4Diamonds, 7Clubs, 5Clubs, 3Clubs, 6Hearts, 5Hearts, 2Hearts, JSpades.
P1 HAND: 6Diamonds, 3Diamonds, AClubs, KHearts, QHearts, 4Hearts, 7Spades, 6Spades, 5Spades, 4Spades.
P2 HAND: 2Diamonds, JClubs, 2Clubs, JHearts, 3Hearts, ASpades, KSpades, QSpades, 3Spades, 2Spades.
P3 HAND: ADiamonds, KDiamonds, JDiamonds, QDiamonds, KClubs, QClubs, 6Clubs, 4Clubs, AHearts, 7Hearts.
P1 3Diamonds P2 2Diamonds P3 ADiamonds P0 4Diamonds 
P3 AHearts P0 2Hearts P1 KHearts P2 3Hearts 
P3 QDiamonds P0 7Diamonds P1 6Diamonds P2 ASpades 
P0 5Diamonds P1 4Hearts P2 2Spades P3 KDiamonds 
P3 JDiamonds P0 7Clubs P1 AClubs P2 3Spades 
P1 4Spades P2 QSpades P3 4Clubs P0 JSpades 
P3 6Clubs P0 3Clubs P1 5Spades P2 2Clubs 
P3 QClubs P0 5Clubs P1 6Spades P2 JClubs 
P2 JHearts P3 7Hearts P0 5Hearts P1 QHearts 
P3 KClubs P0 6Hearts P1 7Spades P2 KSpades 
-- /GAME --
P0 HAND: 7Diamonds, 6Diamonds, 4Diamonds, 3Diamonds, 6Hearts, 5Hearts, ASpades, 7Spades, 6Spades, 4Spades.
P1 HAND: JDiamonds, QClubs, 6Clubs, 2Clubs, KHearts, 4Hearts, 3Hearts, 2Hearts, QSpades, 5Spades.
P2 HAND: ADiamonds, 2Diamonds, 7Clubs, KClubs, 5Clubs, 4Clubs, 7Hearts, JHearts, QHearts, JSpades.
P3 HAND: KDiamonds, QDiamonds, 5Diamonds, AClubs, JClubs, 3Clubs, AHearts, KSpades, 3Spades, 2Spades.
P0 ASpades P1 5Spades P2 JSpades P3 2Spades 
P0 7Spades P1 QSpades P2 ADiamonds P3 3Spades 
P0 6Spades P1 2Hearts P2 2Diamonds P3 KSpades 
P3 AHearts P0 5Hearts P1 KHearts P2 QHearts 
P3 5Diamonds P0 3Diamonds P1 JDiamonds P2 4Clubs 
P2 JHearts P3 QDiamonds P0 6Hearts P1 3Hearts 
P2 5Clubs P3 3Clubs P0 4Spades P1 2Clubs 
P2 KClubs P3 JClubs P0 7Diamonds P1 6Clubs 
P2 7Clubs P3 AClubs P0 6Diamonds P1 QClubs 
P3 KDiamonds P0 4Diamonds P1 4Hearts P2 7Hearts 
-- /GAME --

