-- GAME --
P0 HAND: KDiamonds, JDiamonds, JClubs, 5Clubs, 4Clubs, 4Hearts, ASpades, JSpades, 4Spades, 2Spades.
P1 HAND: ADiamonds, QDiamonds, 5Diamonds, 3Diamonds, 3Clubs, 2Clubs, KHearts, 5Hearts, 6Spades, 3Spades.
P2 HAND: 4Diamonds, 7Clubs, KClubs, 6Clubs, JHearts, QHearts, 3Hearts, 2Hearts, 7Spades, KSpades.
P3 HAND: 7Diamonds, 6Diamonds, 2Diamonds, AClubs, QClubs, AHearts, 7Hearts, 6Hearts, QSpades, 5Spades.
P0 ASpades P1 3Spades P2 7Spades P3 5Spades 
P0 JDiamonds P1 ADiamonds P2 4Diamonds P3 7Diamonds 
P1 2Clubs P2 6Clubs P3 AClubs P0 4Clubs 
P3 2Diamonds P0 KDiamonds P1 3Diamonds P2 7Clubs 
P0 4Spades P1 6Spades P2 KSpades P3 QSpades 
P2 2Hearts P3 6Hearts P0 4Hearts P1 5Hearts 
P3 6Diamonds P0 2Spades P1 5Diamonds P2 3Hearts 
P2 QHearts P3 7Hearts P0 5Clubs P1 KHearts 
P3 QClubs P0 JClubs P1 3Clubs P2 KClubs 
P2 JHearts P3 AHearts P0 JSpades P1 QDiamonds 
-- /GAME --
P0 HAND: KDiamonds, QDiamonds, JClubs, 6Clubs, AHearts, JHearts, 5Hearts, 3Hearts, 3Spades, 2Spades.
P1 HAND: 6Diamonds, 5Diamonds, 2Diamonds, 4Clubs, QHearts, ASpades, 7Spades, QSpades, 6Spades, 5Spades.
P2 HAND: 7Diamonds, JDiamonds, 4Diamonds, AClubs, 7Clubs, KClubs, 2Clubs, KHearts, 2Hearts, KSpades.
P3 HAND: ADiamonds, 3Diamonds, QClubs, 5Clubs, 3Clubs, 7Hearts, 6Hearts, 4Hearts, JSpades, 4Spades.
P3 ADiamonds P0 QDiamonds P1 6Diamonds P2 4Diamonds 
P3 3Diamonds P0 KDiamonds P1 2Diamonds P2 7Diamonds 
P2 2Hearts P3 4Hearts P0 AHearts P1 QHearts 
P0 5Hearts P1 5Diamonds P2 KHearts P3 7Hearts 
P3 4Spades P0 3Spades P1 ASpades P2 KSpades 
P1 5Spades P2 2Clubs P3 JSpades P0 2Spades 
P2 JDiamonds P3 6Hearts P0 3Hearts P1 6Spades 
P2 KClubs P3 3Clubs P0 6Clubs P1 4Clubs 
P2 7Clubs P3 5Clubs P0 JClubs P1 QSpades 
P2 AClubs P3 QClubs P0 JHearts P1 7Spades 
-- /GAME --
P0 HAND: 5Diamonds, KClubs, 6Clubs, 4Hearts, 2Hearts, 7Spades, KSpades, 6Spades, 5Spades, 3Spades.
P1 HAND: KDiamonds, QDiamonds, AClubs, JClubs, 7Hearts, KHearts, QHearts, ASpades, 4Spades, 2Spades.
P2 HAND: ADiamonds, 7Diamonds, 2Diamonds, 7Clubs, 3Clubs, 2Clubs, 6Hearts, 5Hearts, 3Hearts, JSpades.
P3 HAND: JDiamonds, 6Diamonds, 4Diamonds, 3Diamonds, QClubs, 5Clubs, 4Clubs, AHearts, JHearts, QSpades.
P2 ADiamonds P3 3Diamonds P0 5Diamonds P1 QDiamonds 
P2 2Diamonds P3 4Diamonds P0 2Hearts P1 KDiamonds 
P0 6Clubs P1 AClubs P2 2Clubs P3 QClubs 
P1 ASpades P2 JSpades P3 QSpades P0 3Spades 
P1 2Spades P2 3Clubs P3 4Clubs P0 7Spades 
P0 KSpades P1 4Spades P2 3Hearts P3 5Clubs 
P2 5Hearts P3 JHearts P0 4Hearts P1 QHearts 
P3 6Diamonds P0 KClubs P1 KHearts P2 7Diamonds 
P1 JClubs P2 7Clubs P3 AHearts P0 5Spades 
P3 JDiamonds P0 6Spades P1 7Hearts P2 6Hearts 
-- /GAME --
P0 HAND: 7Diamonds, JDiamonds, QDiamonds, AClubs, 7Clubs, 6Clubs, JHearts, 6Hearts, 7Spades, JSpades.
P1 HAND: KDiamonds, 5Diamonds, KClubs, 3Clubs, KHearts, QHearts, 4Hearts, 6Spades, 5Spades, 3Spades.
P2 HAND: ADiamonds, 6Diamonds, 4Diamonds, 5Clubs, 7Hearts, 3Hearts, ASpades, KSpades, QSpades, 2Spades.
P3 HAND: 3Diamonds, 2Diamonds, JClubs, QClubs, 4Clubs, 2Clubs, AHearts, 5Hearts, 2Hearts, 4Spades.
P1 3Spades P2 ASpades P3 4Spades P0 7Spades 
P2 ADiamonds P3 2Diamonds P0 7Diamonds P1 5Diamonds 
P2 2Spades P3 2Hearts P0 JSpades P1 5Spades 
P0 JDiamonds P1 KDiamonds P2 4Diamonds P3 3Diamonds 
P1 4Hearts P2 3Hearts P3 AHearts P0 6Hearts 
P3 5Hearts P0 JHearts P1 QHearts P2 7Hearts 
P2 6Diamonds P3 2Clubs P0 QDiamonds P1 KHearts 
P3 4Clubs P0 6Clubs P1 3Clubs P2 5Clubs 
P0 AClubs P1 KClubs P2 KSpades P3 QClubs 
P0 7Clubs P1 6Spades P2 QSpades P3 JClubs 
-- /GAME --
P0 HAND: KDiamonds, QDiamonds, 3Diamonds, 5Clubs, 7Hearts, JHearts, QHearts, 4Hearts, 2Hearts, 4Spades.
P1 HAND: ADiamonds, 4Diamonds, 2Diamonds, 4Clubs, 2Clubs, 6Hearts, 5Hearts, ASpades, KSpades, 3Spades.
P2 HAND: 7Diamonds, JDiamonds, 6Diamonds, 5Diamonds, KClubs, QClubs, AHearts, KHearts, 7Spades, 6Spades.
P3 HAND: AClubs, 7Clubs, JClubs, 6Clubs, 3Clubs, 3Hearts, JSpades, QSpades, 5Spades, 2Spades.
P0 5Clubs P1 2Clubs P2 QClubs P3 AClubs 
P3 3Clubs P0 3Diamonds P1 4Clubs P2 KClubs 
P2 AHearts P3 3Hearts P0 7Hearts P1 5Hearts 
P2 5Diamonds P3 6Clubs P0 KDiamonds P1 ADiamonds 
P1 2Diamonds P2 6Diamonds P3 2Spades P0 QDiamonds 
P3 JClubs P0 4Spades P1 4Diamonds P2 7Diamonds 
P0 2Hearts P1 6Hearts P2 KHearts P3 5Spades 
P3 QSpades P0 4Hearts P1 3Spades P2 6Spades 
P3 JSpades P0 QHearts P1 KSpades P2 7Spades 
P2 JDiamonds P3 7Clubs P0 JHearts P1 ASpades 
-- /GAME --
P0 HAND: KDiamonds, QDiamonds, KHearts, JHearts, QHearts, 3Hearts, ASpades, 7Spades, QSpades, 5Spades.
P1 HAND: 6Diamonds, 5Diamonds, 2Diamonds, AClubs, AHearts, 7Hearts, 6Hearts, 5Hearts, 6Spades, 2Spades.
P2 HAND: 4Diamonds, 3Diamonds, 7Clubs, KClubs, JClubs, 6Clubs, 4Clubs, KSpades, JSpades, 3Spades.
P3 HAND: ADiamonds, 7Diamonds, JDiamonds, QClubs, 5Clubs, 3Clubs, 2Clubs, 4Hearts, 2Hearts, 4Spades.
P3 ADiamonds P0 QDiamonds P1 6Diamonds P2 3Diamonds 
P3 2Hearts P0 3Hearts P1 AHearts P2 4Clubs 
P2 3Spades P3 4Spades P0 ASpades P1 2Spades 
P0 KHearts P1 5Hearts P2 4Diamonds P3 4Hearts 
P0 JHearts P1 6Hearts P2 6Clubs P3 2Clubs 
P2 JSpades P3 3Clubs P0 5Spades P1 6Spades 
P3 JDiamonds P0 KDiamonds P1 2Diamonds P2 KSpades 
P0 QHearts P1 7Hearts P2 JClubs P3 7Diamonds 
P2 KClubs P3 5Clubs P0 7Spades P1 AClubs 
P1 5Diamonds P2 7Clubs P3 QClubs P0 QSpades 
-- /GAME --
P0 HAND: 7Diamonds, 5Diamonds, JClubs, 4Clubs, 2Clubs, 7Hearts, 6Hearts, KSpades, 5Spades, 3Spades.
P1 HAND: JDiamonds, 6Diamonds, 3Diamonds, 2Diamonds, 7Clubs, 6Clubs, 5Clubs, 3Clubs, 5Hearts, 2Spades.
P2 HAND: QDiamonds, KClubs, AHearts, 4Hearts, 3Hearts, 2Hearts, ASpades, JSpades, QSpades, 4Spades.
P3 HAND: ADiamonds, KDiamonds, 4Diamonds, AClubs, QClubs, KHearts, JHearts, QHearts, 7Spades, 6Spades.
P1 2Diamonds P2 QDiamonds P3 ADiamonds P0 5Diamonds 
P3 AClubs P0 2Clubs P1 7Clubs P2 KClubs 
P3 4Diamonds P0 7Diamonds P1 3Diamonds P2 AHearts 
P0 JClubs P1 3Clubs P2 4Hearts P3 QClubs 
P0 4Clubs P1 5Clubs P2 2Hearts P3 KDiamonds 
P1 5Hearts P2 3Hearts P3 QHearts P0 7Hearts 
P0 6Hearts P1 6Diamonds P2 4Spades P3 JHearts 
P2 QSpades P3 6Spades P0 KSpades P1 2Spades 
P0 5Spades P1 6Clubs P2 JSpades P3 7Spades 
P3 KHearts P0 3Spades P1 JDiamonds P2 ASpades 
-- /GAME --
P0 HAND: 4Diamonds, AClubs, 6Clubs, 4Clubs, 3Clubs, AHearts, 6Hearts, ASpades, 7Spades, JSpades.
P1 HAND: KDiamonds, JDiamonds, 5Clubs, 5Hearts, 3Hearts, QSpades, 6Spades, 5Spades, 3Spades, 2Spades.
P2 HAND: QDiamonds, 6Diamonds, 3Diamonds, KClubs, JClubs, QClubs, KHearts, JHearts, 2Hearts, KSpades.
P3 HAND: ADiamonds, 7Diamonds, 5Diamonds, 2Diamonds, 7Clubs, 2Clubs, 7Hearts, QHearts, 4Hearts, 4Spades.
P0 AHearts P1 3Hearts P2 KHearts P3 4Hearts 
P0 ASpades P1 2Spades P2 KSpades P3 4Spades 
P0 4Diamonds P1 JDiamonds P2 3Diamonds P3 ADiamonds 
P3 2Diamonds P0 6Hearts P1 KDiamonds P2 6Diamonds 
P1 3Spades P2 2Hearts P3 5Diamonds P0 7Spades 
P0 JSpades P1 5Spades P2 QDiamonds P3 2Clubs 
P3 QHearts P0 3Clubs P1 5Hearts P2 JHearts 
P0 6Clubs P1 5Clubs P2 QClubs P3 7Clubs 
P3 7Diamonds P0 AClubs P1 6Spades P2 JClubs 
P0 4Clubs P1 QSpades P2 KClubs P3 7Hearts 
-- /GAME --
P0 HAND: 7Diamonds, JDiamonds, 5Diamonds, 2Diamonds, 7Clubs, KClubs, 2Clubs, AHearts, 7Hearts, 7Spades.
P1 HAND: 3Diamonds, QClubs, 6Clubs, 4Clubs, 3Clubs, QHearts, 6Hearts, 3Hearts, 2Hearts, 4Spades.
P2 HAND: ADiamonds, QDiamonds, AClubs, KHearts, 4Hearts, ASpades, KSpades, 5Spades, 3Spades, 2Spades.
P3 HAND: KDiamonds, 6Diamonds, 4Diamonds, JClubs, 5Clubs, JHearts, 5Hearts, JSpades, QSpades, 6Spades.

