-- GAME --
P0 HAND: KClubs, 4Clubs, KHearts, JHearts, 3Hearts, 2Hearts, 7Spades, JSpades, QSpades, 6Spades.
P1 HAND: JDiamonds, QDiamonds, 2Diamonds, QClubs, 5Clubs, 6Hearts, 5Hearts, 4Hearts, ASpades, KSpades.
P2 HAND: ADiamonds, KDiamonds, 4Diamonds, 3Diamonds, 7Clubs, 6Clubs, 7Hearts, QHearts, 4Spades, 3Spades.
P3 HAND: 7Diamonds, 6Diamonds, 5Diamonds, AClubs, JClubs, 3Clubs, 2Clubs, AHearts, 5Spades, 2Spades.
P1 ASpades P2 3Spades P3 5Spades P0 6Spades 
P1 2Diamonds P2 ADiamonds P3 5Diamonds P0 KClubs 
P2 3Diamonds P3 6Diamonds P0 KHearts P1 QDiamonds 
P0 4Clubs P1 5Clubs P2 6Clubs P3 AClubs 
P3 2Clubs P0 JHearts P1 QClubs P2 7Clubs 
P0 2Hearts P1 4Hearts P2 QHearts P3 AHearts 
P3 2Spades P0 7Spades P1 KSpades P2 4Spades 
P0 QSpades P1 5Hearts P2 4Diamonds P3 7Diamonds 
P1 JDiamonds P2 KDiamonds P3 3Clubs P0 JSpades 
P2 7Hearts P3 JClubs P0 3Hearts P1 6Hearts 
-- /GAME --
P0 HAND: 7Diamonds, KDiamonds, 6Diamonds, 4Diamonds, 7Clubs, 3Clubs, JHearts, ASpades, 5Spades, 4Spades.
P1 HAND: ADiamonds, QDiamonds, AClubs, JClubs, 5Clubs, AHearts, 7Hearts, 3Hearts, KSpades, 3Spades.
P2 HAND: JDiamonds, 5Diamonds, QClubs, 6Clubs, 4Clubs, QHearts, 6Hearts, 4Hearts, 7Spades, JSpades.
P3 HAND: 3Diamonds, 2Diamonds, KClubs, 2Clubs, KHearts, 5Hearts, 2Hearts, QSpades, 6Spades, 2Spades.
P0 ASpades P1 3Spades P2 7Spades P3 2Spades 
P0 3Clubs P1 AClubs P2 4Clubs P3 KClubs 
P1 ADiamonds P2 5Diamonds P3 3Diamonds P0 4Diamonds 
P1 5Clubs P2 6Clubs P3 2Clubs P0 7Clubs 
P0 4Spades P1 KSpades P2 JSpades P3 QSpades 
P1 QDiamonds P2 JDiamonds P3 2Diamonds P0 7Diamonds 
P0 5Spades P1 3Hearts P2 QClubs P3 6Spades 
P1 JClubs P2 4Hearts P3 2Hearts P0 KDiamonds 
P2 6Hearts P3 5Hearts P0 JHearts P1 7Hearts 
P1 AHearts P2 QHearts P3 KHearts P0 6Diamonds 
-- /GAME --
P0 HAND: QDiamonds, 5Diamonds, KClubs, JClubs, 2Clubs, 6Hearts, 7Spades, 6Spades, 5Spades, 2Spades.
P1 HAND: KDiamonds, AClubs, 7Clubs, 5Clubs, 3Clubs, 7Hearts, JHearts, 5Hearts, JSpades, QSpades.
P2 HAND: ADiamonds, 7Diamonds, 2Diamonds, AHearts, KHearts, QHearts, 3Hearts, 2Hearts, ASpades, 4Spades.
P3 HAND: JDiamonds, 6Diamonds, 4Diamonds, 3Diamonds, QClubs, 6Clubs, 4Clubs, 4Hearts, KSpades, 3Spades.
P3 3Diamonds P0 5Diamonds P1 KDiamonds P2 ADiamonds 
P2 ASpades P3 3Spades P0 7Spades P1 QSpades 
P2 2Diamonds P3 4Diamonds P0 QDiamonds P1 3Clubs 
P0 2Clubs P1 AClubs P2 2Hearts P3 4Clubs 
P2 4Spades P3 KSpades P0 6Spades P1 JSpades 
P3 6Diamonds P0 6Hearts P1 5Clubs P2 7Diamonds 
P0 KClubs P1 7Clubs P2 3Hearts P3 6Clubs 
P2 QHearts P3 4Hearts P0 JClubs P1 JHearts 
P1 5Hearts P2 KHearts P3 QClubs P0 5Spades 
P2 AHearts P3 JDiamonds P0 2Spades P1 7Hearts 
-- /GAME --
P0 HAND: QDiamonds, QClubs, 5Clubs, AHearts, 4Hearts, 3Hearts, JSpades, 6Spades, 5Spades, 4Spades.
P1 HAND: ADiamonds, KClubs, 6Clubs, JHearts, 6Hearts, 2Hearts, ASpades, 7Spades, QSpades, 2Spades.
P2 HAND: 4Diamonds, 3Diamonds, AClubs, 7Clubs, JClubs, 4Clubs, 3Clubs, 7Hearts, KHearts, 5Hearts.
P3 HAND: 7Diamonds, KDiamonds, JDiamonds, 6Diamonds, 5Diamonds, 2Diamonds, 2Clubs, QHearts, KSpades, 3Spades.
P2 3Diamonds P3 2Diamonds P0 QDiamonds P1 ADiamonds 
P1 2Hearts P2 5Hearts P3 QHearts P0 AHearts 

