-- GAME --
P0 HAND: ADiamonds, 7Diamonds, JDiamonds, QDiamonds, 6Diamonds, 4Clubs, 2Clubs, 4Hearts, 7Spades, 6Spades.
P1 HAND: 3Diamonds, 6Clubs, 5Clubs, AHearts, JHearts, 3Hearts, 2Hearts, JSpades, 5Spades, 4Spades.
P2 HAND: KDiamonds, 5Diamonds, 4Diamonds, AClubs, 7Clubs, KClubs, JClubs, KHearts, ASpades, 2Spades.
P3 HAND: 2Diamonds, QClubs, 3Clubs, 7Hearts, QHearts, 6Hearts, 5Hearts, KSpades, QSpades, 3Spades.
P1 AHearts P2 KHearts P3 7Hearts P0 4Hearts 
P1 2Hearts P2 4Diamonds P3 5Hearts P0 2Clubs 
P3 2Diamonds P0 ADiamonds P1 3Diamonds P2 KDiamonds 
P0 QDiamonds P1 3Hearts P2 5Diamonds P3 3Clubs 
P0 6Diamonds P1 5Clubs P2 2Spades P3 6Hearts 
P2 JClubs P3 QClubs P0 4Clubs P1 6Clubs 
P2 ASpades P3 3Spades P0 6Spades P1 4Spades 
P2 KClubs P3 QHearts P0 JDiamonds P1 5Spades 
P1 JHearts P2 7Clubs P3 QSpades P0 7Spades 
P0 7Diamonds P1 JSpades P2 AClubs P3 KSpades 
-- /GAME --
P0 HAND: 5Diamonds, 7Clubs, 2Clubs, AHearts, KHearts, JHearts, 6Hearts, 2Hearts, 5Spades, 3Spades.
P1 HAND: KDiamonds, JDiamonds, QDiamonds, 6Diamonds, 3Diamonds, QClubs, QHearts, ASpades, JSpades, 4Spades.
P2 HAND: 7Diamonds, 2Diamonds, AClubs, KClubs, 6Clubs, 3Clubs, 3Hearts, 7Spades, QSpades, 2Spades.
P3 HAND: ADiamonds, 4Diamonds, JClubs, 5Clubs, 4Clubs, 7Hearts, 5Hearts, 4Hearts, KSpades, 6Spades.
P0 5Diamonds P1 3Diamonds P2 2Diamonds P3 ADiamonds 
P3 4Diamonds P0 2Clubs P1 6Diamonds P2 7Diamonds 
P2 3Clubs P3 4Clubs P0 7Clubs P1 QClubs 
P0 3Spades P1 4Spades P2 2Spades P3 6Spades 
P3 4Hearts P0 AHearts P1 QHearts P2 3Hearts 
P0 2Hearts P1 QDiamonds P2 6Clubs P3 7Hearts 
P3 5Clubs P0 5Spades P1 JSpades P2 KClubs 
P1 JDiamonds P2 QSpades P3 KSpades P0 6Hearts 
P3 5Hearts P0 KHearts P1 ASpades P2 AClubs 
P1 KDiamonds P2 7Spades P3 JClubs P0 JHearts 
-- /GAME --
P0 HAND: 7Diamonds, QDiamonds, 6Diamonds, 3Clubs, 7Hearts, KHearts, QHearts, 3Hearts, 2Hearts, 4Spades.
P1 HAND: ADiamonds, JDiamonds, 3Diamonds, QClubs, 5Clubs, 6Hearts, ASpades, 7Spades, 5Spades, 2Spades.
P2 HAND: KDiamonds, 5Diamonds, AClubs, 6Clubs, 2Clubs, JHearts, 4Hearts, KSpades, JSpades, QSpades.
P3 HAND: 4Diamonds, 2Diamonds, 7Clubs, KClubs, JClubs, 4Clubs, AHearts, 5Hearts, 6Spades, 3Spades.
P3 AHearts P0 2Hearts P1 6Hearts P2 4Hearts 
P3 2Diamonds P0 6Diamonds P1 ADiamonds P2 5Diamonds 
P1 ASpades P2 QSpades P3 6Spades P0 4Spades 
P1 2Spades P2 JSpades P3 3Spades P0 7Diamonds 
P2 JHearts P3 5Hearts P0 3Hearts P1 3Diamonds 
P2 2Clubs P3 4Clubs P0 3Clubs P1 5Clubs 
P1 5Spades P2 KSpades P3 4Diamonds P0 7Hearts 
P2 6Clubs P3 JClubs P0 QHearts P1 QClubs 
P3 KClubs P0 KHearts P1 JDiamonds P2 AClubs 
P2 KDiamonds P3 7Clubs P0 QDiamonds P1 7Spades 
-- /GAME --
P0 HAND: ADiamonds, KDiamonds, 6Diamonds, 5Clubs, 2Clubs, 7Hearts, 5Hearts, 2Hearts, KSpades, 2Spades.
P1 HAND: 7Diamonds, QDiamonds, 2Diamonds, 7Clubs, 6Hearts, ASpades, JSpades, QSpades, 6Spades, 4Spades.
P2 HAND: JDiamonds, 5Diamonds, KClubs, JClubs, QClubs, 6Clubs, KHearts, JHearts, QHearts, 3Spades.
P3 HAND: 4Diamonds, 3Diamonds, AClubs, 4Clubs, 3Clubs, AHearts, 4Hearts, 3Hearts, 7Spades, 5Spades.
P2 3Spades P3 5Spades P0 2Spades P1 ASpades 
P1 4Spades P2 6Clubs P3 7Spades P0 KSpades 
P3 AClubs P0 2Clubs P1 7Clubs P2 QClubs 
P3 AHearts P0 2Hearts P1 6Hearts P2 QHearts 
P3 3Clubs P0 5Clubs P1 6Spades P2 KClubs 
P2 JClubs P3 4Clubs P0 5Hearts P1 QSpades 
P2 JHearts P3 3Hearts P0 7Hearts P1 2Diamonds 
P1 JSpades P2 5Diamonds P3 4Hearts P0 6Diamonds 
P0 KDiamonds P1 QDiamonds P2 JDiamonds P3 3Diamonds 
P0 ADiamonds P1 7Diamonds P2 KHearts P3 4Diamonds 
-- /GAME --
P0 HAND: 4Diamonds, 3Diamonds, 7Clubs, 6Clubs, KHearts, JHearts, QHearts, 2Hearts, QSpades, 4Spades.
P1 HAND: ADiamonds, KDiamonds, 6Diamonds, QClubs, 5Clubs, 3Clubs, 6Hearts, 3Hearts, 5Spades, 3Spades.
P2 HAND: 7Diamonds, JDiamonds, 5Diamonds, KClubs, AHearts, 7Hearts, 5Hearts, KSpades, JSpades, 2Spades.
P3 HAND: QDiamonds, 2Diamonds, AClubs, JClubs, 4Clubs, 2Clubs, 4Hearts, ASpades, 7Spades, 6Spades.
P2 AHearts P3 4Hearts P0 KHearts P1 3Hearts 
P2 5Diamonds P3 2Diamonds P0 3Diamonds P1 ADiamonds 
P1 3Clubs P2 KClubs P3 AClubs P0 6Clubs 
P3 2Clubs P0 7Clubs P1 5Clubs P2 7Diamonds 
P0 2Hearts P1 6Hearts P2 7Hearts P3 6Spades 
P3 4Clubs P0 QHearts P1 QClubs P2 5Hearts 
P1 6Diamonds P2 JDiamonds P3 QDiamonds P0 4Diamonds 
P2 2Spades P3 7Spades P0 4Spades P1 3Spades 
P3 JClubs P0 QSpades P1 KDiamonds P2 JSpades 
P2 KSpades P3 ASpades P0 JHearts P1 5Spades 
-- /GAME --

