-- GAME --
P0 HAND: JDiamonds, 5Diamonds, 7Clubs, KClubs, 5Clubs, 6Hearts, 5Hearts, JSpades, 4Spades, 2Spades.
P1 HAND: ADiamonds, 7Diamonds, KDiamonds, QDiamonds, 4Diamonds, 6Clubs, 2Clubs, KHearts, QHearts, 2Hearts.
P2 HAND: AClubs, 4Clubs, 3Clubs, 7Hearts, 4Hearts, 3Hearts, ASpades, KSpades, QSpades, 3Spades.
P3 HAND: 6Diamonds, 3Diamonds, 2Diamonds, JClubs, QClubs, AHearts, JHearts, 7Spades, 6Spades, 5Spades.
P1 2Clubs P2 AClubs P3 QClubs P0 7Clubs 
P2 ASpades P3 5Spades P0 JSpades P1 2Hearts 
P1 4Diamonds P2 3Clubs P3 2Diamonds P0 JDiamonds 
P0 5Diamonds P1 QDiamonds P2 3Spades P3 6Diamonds 
P1 6Clubs P2 4Clubs P3 JClubs P0 KClubs 
P0 5Hearts P1 QHearts P2 3Hearts P3 JHearts 
P3 3Diamonds P0 6Hearts P1 KDiamonds P2 KSpades 
P0 5Clubs P1 KHearts P2 QSpades P3 7Spades 
P1 7Diamonds P2 4Hearts P3 AHearts P0 2Spades 
P3 6Spades P0 4Spades P1 ADiamonds P2 7Hearts 
-- /GAME --
P0 HAND: 7Diamonds, KDiamonds, 6Diamonds, AClubs, KClubs, 6Clubs, AHearts, JHearts, 5Hearts, 5Spades.
P1 HAND: 5Diamonds, 2Diamonds, 2Clubs, 7Hearts, KHearts, 6Hearts, 4Hearts, 3Hearts, ASpades, QSpades.
P2 HAND: JDiamonds, 4Diamonds, QClubs, 5Clubs, 3Clubs, QHearts, 2Hearts, 7Spades, 4Spades, 2Spades.
P3 HAND: ADiamonds, QDiamonds, 3Diamonds, 7Clubs, JClubs, 4Clubs, KSpades, JSpades, 6Spades, 3Spades.
P0 AHearts P1 3Hearts P2 QHearts P3 4Clubs 
P3 ADiamonds P0 6Diamonds P1 5Diamonds P2 4Diamonds 
P3 3Diamonds P0 7Diamonds P1 2Diamonds P2 JDiamonds 
P0 5Spades P1 ASpades P2 2Spades P3 KSpades 
P1 4Hearts P2 2Hearts P3 3Spades P0 JHearts 
P0 AClubs P1 2Clubs P2 3Clubs P3 JClubs 
P0 5Hearts P1 6Hearts P2 4Spades P3 JSpades 
P1 QSpades P2 7Spades P3 6Spades P0 KClubs 
P0 KDiamonds P1 KHearts P2 5Clubs P3 QDiamonds 
P2 QClubs P3 7Clubs P0 6Clubs P1 7Hearts 
-- /GAME --
P0 HAND: KDiamonds, 2Diamonds, JHearts, 6Hearts, 5Hearts, 4Hearts, 2Hearts, QSpades, 6Spades, 3Spades.
P1 HAND: JDiamonds, QDiamonds, 7Clubs, JClubs, 3Clubs, 7Hearts, KHearts, 3Hearts, ASpades, 2Spades.
P2 HAND: 7Diamonds, 6Diamonds, 5Diamonds, 4Diamonds, 3Diamonds, QClubs, 2Clubs, 7Spades, KSpades, 5Spades.
P3 HAND: ADiamonds, AClubs, KClubs, 6Clubs, 5Clubs, 4Clubs, AHearts, QHearts, JSpades, 4Spades.
P3 ADiamonds P0 2Diamonds P1 JDiamonds P2 3Diamonds 
P3 AHearts P0 2Hearts P1 7Hearts P2 2Clubs 
P2 4Diamonds P3 4Spades P0 KDiamonds P1 QDiamonds 
P0 3Spades P1 ASpades P2 5Spades P3 JSpades 
P1 2Spades P2 KSpades P3 QHearts P0 QSpades 
P2 5Diamonds P3 4Clubs P0 4Hearts P1 KHearts 
P3 5Clubs P0 5Hearts P1 3Clubs P2 QClubs 
P2 6Diamonds P3 6Clubs P0 6Hearts P1 3Hearts 
P3 KClubs P0 6Spades P1 JClubs P2 7Diamonds 
P3 AClubs P0 JHearts P1 7Clubs P2 7Spades 
-- /GAME --
P0 HAND: QDiamonds, QClubs, 6Clubs, 3Clubs, KHearts, QHearts, 5Hearts, 3Hearts, 5Spades, 2Spades.
P1 HAND: ADiamonds, 7Diamonds, 6Diamonds, 4Diamonds, 3Diamonds, 2Diamonds, KClubs, 7Hearts, ASpades, KSpades.
P2 HAND: JDiamonds, 5Diamonds, AClubs, 7Clubs, 5Clubs, 2Hearts, 7Spades, JSpades, 6Spades, 4Spades.
P3 HAND: KDiamonds, JClubs, 4Clubs, 2Clubs, AHearts, JHearts, 6Hearts, 4Hearts, QSpades, 3Spades.
P2 AClubs P3 2Clubs P0 QClubs P1 KClubs 
P2 2Hearts P3 AHearts P0 3Hearts P1 7Hearts 
P3 4Clubs P0 3Clubs P1 2Diamonds P2 7Clubs 
P2 5Diamonds P3 KDiamonds P0 QDiamonds P1 ADiamonds 
P1 3Diamonds P2 JDiamonds P3 4Hearts P0 2Spades 
P0 6Clubs P1 4Diamonds P2 5Clubs P3 JClubs 
P3 6Hearts P0 KHearts P1 6Diamonds P2 4Spades 
P2 6Spades P3 3Spades P0 5Spades P1 KSpades 
P1 ASpades P2 JSpades P3 QSpades P0 5Hearts 
P1 7Diamonds P2 7Spades P3 JHearts P0 QHearts 
-- /GAME --
P0 HAND: KDiamonds, KClubs, JClubs, 3Clubs, 7Hearts, 7Spades, JSpades, 5Spades, 4Spades, 2Spades.
P1 HAND: ADiamonds, QDiamonds, 5Diamonds, 3Diamonds, 2Diamonds, 5Clubs, KHearts, JHearts, 4Hearts, 3Spades.
P2 HAND: 7Diamonds, 6Diamonds, AClubs, 7Clubs, QClubs, 4Clubs, 5Hearts, 2Hearts, ASpades, QSpades.
P3 HAND: JDiamonds, 4Diamonds, 6Clubs, 2Clubs, AHearts, QHearts, 6Hearts, 3Hearts, KSpades, 6Spades.
P1 3Spades P2 ASpades P3 6Spades P0 7Spades 
P2 AClubs P3 2Clubs P0 KClubs P1 5Clubs 
P2 2Hearts P3 AHearts P0 7Hearts P1 KHearts 
P3 3Hearts P0 KDiamonds P1 4Hearts P2 5Hearts 
P0 JClubs P1 2Diamonds P2 4Clubs P3 6Clubs 
P1 JHearts P2 QClubs P3 6Hearts P0 2Spades 
P1 3Diamonds P2 6Diamonds P3 4Diamonds P0 JSpades 
P2 QSpades P3 KSpades P0 4Spades P1 5Diamonds 
P1 QDiamonds P2 7Diamonds P3 JDiamonds P0 3Clubs 
P2 7Clubs P3 QHearts P0 5Spades P1 ADiamonds 
-- /GAME --
P0 HAND: 7Diamonds, KDiamonds, 6Diamonds, 2Diamonds, JClubs, 6Clubs, 4Clubs, 3Clubs, KSpades, 2Spades.
P1 HAND: ADiamonds, JDiamonds, 4Diamonds, 7Clubs, KClubs, KHearts, 6Hearts, 2Hearts, JSpades, 6Spades.
P2 HAND: 5Clubs, AHearts, 7Hearts, JHearts, QHearts, 5Hearts, 4Hearts, 3Hearts, ASpades, 4Spades.
P3 HAND: QDiamonds, 5Diamonds, 3Diamonds, AClubs, QClubs, 2Clubs, 7Spades, QSpades, 5Spades, 3Spades.

