-- GAME --
P0 HAND: ADiamonds, KDiamonds, QDiamonds, AClubs, KClubs, JClubs, QHearts, ASpades, 3Spades, 2Spades.
P1 HAND: 3Diamonds, 2Diamonds, 7Clubs, QClubs, 3Clubs, 2Clubs, AHearts, 3Hearts, KSpades, 6Spades.
P2 HAND: 7Diamonds, JDiamonds, 6Clubs, 5Clubs, 4Clubs, KHearts, 7Spades, JSpades, 5Spades, 4Spades.
P3 HAND: 6Diamonds, 5Diamonds, 4Diamonds, 7Hearts, JHearts, 6Hearts, 5Hearts, 4Hearts, 2Hearts, QSpades.
P1 AHearts P2 KHearts P3 7Hearts P0 QHearts 
P1 2Diamonds P2 JDiamonds P3 4Diamonds P0 KDiamonds 
P0 2Spades P1 6Spades P2 4Spades P3 QSpades 
P3 2Hearts P0 JClubs P1 3Hearts P2 4Clubs 
P1 2Clubs P2 5Clubs P3 4Hearts P0 KClubs 
P0 3Spades P1 KSpades P2 5Spades P3 JHearts 
P1 3Diamonds P2 7Diamonds P3 5Diamonds P0 ADiamonds 
P0 AClubs P1 3Clubs P2 6Clubs P3 5Hearts 
P0 QDiamonds P1 QClubs P2 JSpades P3 6Diamonds 
P2 7Spades P3 6Hearts P0 ASpades P1 7Clubs 
-- /GAME --
P0 HAND: 7Diamonds, 5Diamonds, 5Clubs, AHearts, JHearts, 6Hearts, 4Hearts, 3Hearts, 7Spades, 2Spades.
P1 HAND: JDiamonds, 2Diamonds, QClubs, 7Hearts, 2Hearts, JSpades, QSpades, 6Spades, 5Spades, 3Spades.
P2 HAND: QDiamonds, 4Diamonds, AClubs, 7Clubs, KClubs, JClubs, 6Clubs, KHearts, QHearts, ASpades.
P3 HAND: ADiamonds, KDiamonds, 6Diamonds, 3Diamonds, 4Clubs, 3Clubs, 2Clubs, 5Hearts, KSpades, 4Spades.
P0 AHearts P1 2Hearts P2 KHearts P3 5Hearts 
P0 JHearts P1 7Hearts P2 QHearts P3 ADiamonds 
P1 2Diamonds P2 4Diamonds P3 3Diamonds P0 7Diamonds 
P0 5Diamonds P1 JDiamonds P2 QDiamonds P3 KDiamonds 
P3 4Spades P0 2Spades P1 3Spades P2 ASpades 
P2 6Clubs P3 2Clubs P0 5Clubs P1 QClubs 
P1 5Spades P2 JClubs P3 KSpades P0 7Spades 
P2 KClubs P3 3Clubs P0 3Hearts P1 6Spades 
P2 7Clubs P3 4Clubs P0 4Hearts P1 QSpades 
P2 AClubs P3 6Diamonds P0 6Hearts P1 JSpades 
-- /GAME --
P0 HAND: KDiamonds, JDiamonds, 5Diamonds, 2Diamonds, 7Clubs, 6Hearts, 3Hearts, ASpades, KSpades, JSpades.
P1 HAND: 7Diamonds, QDiamonds, AClubs, 4Clubs, JHearts, 4Hearts, 2Hearts, QSpades, 6Spades, 4Spades.
P2 HAND: ADiamonds, 6Diamonds, KClubs, QClubs, 6Clubs, 5Clubs, AHearts, KHearts, 5Hearts, 5Spades.
P3 HAND: 4Diamonds, 3Diamonds, JClubs, 3Clubs, 2Clubs, 7Hearts, QHearts, 7Spades, 3Spades, 2Spades.
P3 2Spades P0 ASpades P1 4Spades P2 5Spades 
P0 3Hearts P1 2Hearts P2 AHearts P3 QHearts 
P2 ADiamonds P3 3Diamonds P0 KDiamonds P1 QDiamonds 
P2 5Hearts P3 7Hearts P0 6Hearts P1 JHearts 
P3 3Spades P0 KSpades P1 6Spades P2 KHearts 
P0 JSpades P1 QSpades P2 5Clubs P3 7Spades 
P2 6Diamonds P3 4Diamonds P0 JDiamonds P1 7Diamonds 
P1 4Hearts P2 6Clubs P3 2Clubs P0 7Clubs 
P0 5Diamonds P1 4Clubs P2 QClubs P3 3Clubs 
P2 KClubs P3 JClubs P0 2Diamonds P1 AClubs 
-- /GAME --
P0 HAND: 2Diamonds, 5Clubs, AHearts, 7Hearts, JHearts, 5Hearts, ASpades, KSpades, 6Spades, 5Spades.
P1 HAND: JDiamonds, 3Diamonds, 7Clubs, QClubs, KHearts, 6Hearts, JSpades, 4Spades, 3Spades, 2Spades.
P2 HAND: 7Diamonds, KDiamonds, 6Diamonds, 4Diamonds, AClubs, KClubs, 6Clubs, 3Hearts, 7Spades, QSpades.
P3 HAND: ADiamonds, QDiamonds, 5Diamonds, JClubs, 4Clubs, 3Clubs, 2Clubs, QHearts, 4Hearts, 2Hearts.
P2 AClubs P3 2Clubs P0 5Clubs P1 QClubs 
P2 3Hearts P3 2Hearts P0 AHearts P1 6Hearts 
P0 2Diamonds P1 3Diamonds P2 4Diamonds P3 ADiamonds 
P3 3Clubs P0 5Hearts P1 7Clubs P2 6Clubs 
P1 JDiamonds P2 6Diamonds P3 5Diamonds P0 JHearts 
P1 2Spades P2 QSpades P3 4Clubs P0 5Spades 
P2 7Spades P3 4Hearts P0 6Spades P1 3Spades 
P2 KDiamonds P3 QDiamonds P0 KSpades P1 KHearts 
P0 ASpades P1 4Spades P2 KClubs P3 QHearts 
P0 7Hearts P1 JSpades P2 7Diamonds P3 JClubs 
-- /GAME --
P0 HAND: ADiamonds, QDiamonds, 3Diamonds, 6Clubs, JHearts, 5Hearts, ASpades, 7Spades, 4Spades, 3Spades.
P1 HAND: 7Diamonds, KDiamonds, JDiamonds, 7Clubs, JClubs, QClubs, 4Clubs, 2Clubs, AHearts, JSpades.
P2 HAND: 5Diamonds, 2Diamonds, AClubs, 5Clubs, KHearts, 4Hearts, 2Hearts, KSpades, 6Spades, 5Spades.
P3 HAND: 6Diamonds, 4Diamonds, KClubs, 3Clubs, 7Hearts, QHearts, 6Hearts, 3Hearts, QSpades, 2Spades.

