-- GAME --
P0 HAND: ADiamonds, 7Diamonds, KDiamonds, AClubs, 6Clubs, KHearts, QHearts, 2Hearts, 7Spades, 3Spades.
P1 HAND: QDiamonds, 5Diamonds, KClubs, JClubs, QClubs, 5Clubs, 2Clubs, KSpades, JSpades, 5Spades.
P2 HAND: 6Diamonds, 3Diamonds, 2Diamonds, 7Clubs, 4Clubs, 3Clubs, 7Hearts, 6Hearts, 3Hearts, 6Spades.
P3 HAND: JDiamonds, 4Diamonds, AHearts, JHearts, 5Hearts, 4Hearts, ASpades, QSpades, 4Spades, 2Spades.
P3 AHearts P0 2Hearts P1 KSpades P2 3Hearts 
P3 2Spades P0 3Spades P1 5Spades P2 6Spades 
P2 2Diamonds P3 4Diamonds P0 ADiamonds P1 5Diamonds 
P0 7Diamonds P1 QDiamonds P2 6Diamonds P3 JDiamonds 
P0 KDiamonds P1 2Clubs P2 3Diamonds P3 ASpades 
P1 JSpades P2 6Hearts P3 4Spades P0 7Spades 
P0 QHearts P1 5Clubs P2 7Hearts P3 JHearts 
P1 QClubs P2 3Clubs P3 4Hearts P0 6Clubs 
P1 JClubs P2 4Clubs P3 5Hearts P0 AClubs 
P0 KHearts P1 KClubs P2 7Clubs P3 QSpades 
-- /GAME --
P0 HAND: KDiamonds, QDiamonds, 5Diamonds, AClubs, JHearts, QHearts, 3Hearts, 2Hearts, ASpades, 2Spades.
P1 HAND: 7Diamonds, 2Diamonds, JClubs, QClubs, 3Clubs, KHearts, 5Hearts, 7Spades, 6Spades, 3Spades.
P2 HAND: ADiamonds, 6Diamonds, 4Diamonds, 5Clubs, 4Clubs, 7Hearts, 6Hearts, 4Hearts, KSpades, 5Spades.
P3 HAND: JDiamonds, 3Diamonds, 7Clubs, KClubs, 6Clubs, 2Clubs, AHearts, JSpades, QSpades, 4Spades.
P2 ADiamonds P3 3Diamonds P0 KDiamonds P1 2Diamonds 
P2 4Diamonds P3 JDiamonds P0 5Diamonds P1 7Diamonds 
P1 3Spades P2 5Spades P3 4Spades P0 2Spades 
P2 4Hearts P3 AHearts P0 2Hearts P1 KHearts 
P3 QSpades P0 ASpades P1 6Spades P2 KSpades 
P0 3Hearts P1 5Hearts P2 7Hearts P3 2Clubs 
P3 JSpades P0 QDiamonds P1 7Spades P2 4Clubs 
P2 6Diamonds P3 6Clubs P0 QHearts P1 3Clubs 
P3 KClubs P0 AClubs P1 QClubs P2 5Clubs 
P0 JHearts P1 JClubs P2 6Hearts P3 7Clubs 
-- /GAME --
P0 HAND: KDiamonds, JDiamonds, AClubs, QClubs, 6Clubs, 5Clubs, QHearts, 5Hearts, 4Hearts, 6Spades.
P1 HAND: 6Diamonds, 5Diamonds, 4Clubs, 3Clubs, KHearts, JHearts, 7Spades, KSpades, QSpades, 3Spades.
P2 HAND: ADiamonds, 7Diamonds, 2Diamonds, JClubs, 2Clubs, AHearts, 2Hearts, ASpades, JSpades, 4Spades.
P3 HAND: QDiamonds, 4Diamonds, 3Diamonds, 7Clubs, KClubs, 7Hearts, 6Hearts, 3Hearts, 5Spades, 2Spades.
P1 3Clubs P2 2Clubs P3 KClubs P0 AClubs 
P0 6Spades P1 3Spades P2 ASpades P3 2Spades 
P2 ADiamonds P3 3Diamonds P0 KDiamonds P1 5Diamonds 
P2 2Diamonds P3 4Diamonds P0 JDiamonds P1 6Diamonds 
P0 5Clubs P1 4Clubs P2 JClubs P3 7Clubs 
P3 5Spades P0 4Hearts P1 QSpades P2 JSpades 
P0 6Clubs P1 JHearts P2 4Spades P3 QDiamonds 
P1 KHearts P2 2Hearts P3 3Hearts P0 5Hearts 
P1 KSpades P2 AHearts P3 6Hearts P0 QClubs 
P2 7Diamonds P3 7Hearts P0 QHearts P1 7Spades 
-- /GAME --
P0 HAND: ADiamonds, 4Diamonds, 7Clubs, JClubs, 4Clubs, 5Hearts, 3Hearts, 2Hearts, 4Spades, 3Spades.
P1 HAND: KDiamonds, 5Diamonds, 3Diamonds, 2Diamonds, AClubs, 7Hearts, ASpades, KSpades, JSpades, QSpades.
P2 HAND: 7Diamonds, JDiamonds, QDiamonds, 6Diamonds, KClubs, 6Clubs, 3Clubs, 4Hearts, 7Spades, 5Spades.
P3 HAND: QClubs, 5Clubs, 2Clubs, AHearts, KHearts, JHearts, QHearts, 6Hearts, 6Spades, 2Spades.
P0 3Spades P1 ASpades P2 5Spades P3 6Spades 
P1 AClubs P2 3Clubs P3 QClubs P0 4Clubs 
P1 2Diamonds P2 6Diamonds P3 2Clubs P0 ADiamonds 
P0 4Spades P1 QSpades P2 7Spades P3 2Spades 
P2 6Clubs P3 5Clubs P0 7Clubs P1 7Hearts 
P1 3Diamonds P2 QDiamonds P3 6Hearts P0 4Diamonds 
P3 QHearts P0 2Hearts P1 5Diamonds P2 4Hearts 
P3 JHearts P0 3Hearts P1 JSpades P2 JDiamonds 
P3 KHearts P0 5Hearts P1 KDiamonds P2 KClubs 
P3 AHearts P0 JClubs P1 KSpades P2 7Diamonds 
-- /GAME --
P0 HAND: QDiamonds, AClubs, 7Clubs, 6Clubs, KHearts, 4Hearts, 3Hearts, JSpades, 5Spades, 2Spades.
P1 HAND: KDiamonds, 6Diamonds, 3Diamonds, KClubs, QClubs, 2Clubs, 7Hearts, 5Hearts, 2Hearts, ASpades.
P2 HAND: ADiamonds, 7Diamonds, JDiamonds, 2Diamonds, QHearts, 6Hearts, KSpades, 6Spades, 4Spades, 3Spades.
P3 HAND: 5Diamonds, 4Diamonds, JClubs, 5Clubs, 4Clubs, 3Clubs, AHearts, JHearts, 7Spades, QSpades.
P3 3Clubs P0 AClubs P1 2Clubs P2 ADiamonds 
P0 7Clubs P1 QClubs P2 7Diamonds P3 4Clubs 
P0 6Clubs P1 KClubs P2 2Diamonds P3 JClubs 
P1 ASpades P2 3Spades P3 7Spades P0 2Spades 
P1 3Diamonds P2 JDiamonds P3 4Diamonds P0 QDiamonds 
P2 4Spades P3 QSpades P0 JSpades P1 2Hearts 
P1 6Diamonds P2 6Spades P3 5Diamonds P0 5Spades 
P1 5Hearts P2 6Hearts P3 JHearts P0 KHearts 
P0 3Hearts P1 7Hearts P2 QHearts P3 AHearts 
P3 5Clubs P0 4Hearts P1 KDiamonds P2 KSpades 
-- /GAME --
P0 HAND: KDiamonds, 4Diamonds, 3Diamonds, 2Diamonds, 7Clubs, KClubs, 4Clubs, QHearts, 7Spades, 2Spades.
P1 HAND: ADiamonds, 7Diamonds, 5Diamonds, AClubs, 6Clubs, 3Clubs, KHearts, 2Hearts, QSpades, 5Spades.
P2 HAND: JDiamonds, QDiamonds, 6Diamonds, JClubs, 5Clubs, AHearts, 5Hearts, 4Hearts, KSpades, 6Spades.
P3 HAND: QClubs, 2Clubs, 7Hearts, JHearts, 6Hearts, 3Hearts, ASpades, JSpades, 4Spades, 3Spades.
P3 ASpades P0 2Spades P1 QSpades P2 6Spades 
P3 2Clubs P0 4Clubs P1 AClubs P2 5Clubs 
P1 2Hearts P2 AHearts P3 3Hearts P0 QHearts 
P2 4Hearts P3 6Hearts P0 2Diamonds P1 KHearts 
P0 7Spades P1 5Spades P2 KSpades P3 3Spades 
P0 7Clubs P1 3Clubs P2 JClubs P3 QClubs 
P0 KClubs P1 6Clubs P2 5Hearts P3 4Spades 
P0 3Diamonds P1 5Diamonds P2 6Diamonds P3 JHearts 
P2 QDiamonds P3 JSpades P0 4Diamonds P1 7Diamonds 
P1 ADiamonds P2 JDiamonds P3 7Hearts P0 KDiamonds 
-- /GAME --
P0 HAND: 3Diamonds, 7Clubs, 6Clubs, 5Clubs, 3Clubs, 2Clubs, ASpades, 5Spades, 3Spades, 2Spades.
P1 HAND: KDiamonds, QDiamonds, 4Diamonds, 4Clubs, KHearts, 4Hearts, 3Hearts, 2Hearts, 6Spades, 4Spades.
P2 HAND: 5Diamonds, 2Diamonds, AClubs, JClubs, 7Hearts, JHearts, QHearts, 5Hearts, JSpades, QSpades.
P3 HAND: ADiamonds, 7Diamonds, JDiamonds, 6Diamonds, KClubs, QClubs, AHearts, 6Hearts, 7Spades, KSpades.
P2 AClubs P3 QClubs P0 7Clubs P1 4Clubs 
P2 2Diamonds P3 ADiamonds P0 3Diamonds P1 KDiamonds 
P3 AHearts P0 2Spades P1 2Hearts P2 7Hearts 
P0 5Clubs P1 3Hearts P2 JClubs P3 KClubs 
P3 6Diamonds P0 6Clubs P1 4Diamonds P2 5Diamonds 
P3 6Hearts P0 2Clubs P1 KHearts P2 5Hearts 
P1 4Hearts P2 QHearts P3 KSpades P0 ASpades 
P0 3Clubs P1 QDiamonds P2 QSpades P3 7Spades 
P3 JDiamonds P0 3Spades P1 4Spades P2 JSpades 
P2 JHearts P3 7Diamonds P0 5Spades P1 6Spades 
-- /GAME --
P0 HAND: 7Diamonds, JClubs, 6Clubs, 4Clubs, 3Clubs, JHearts, 5Hearts, KSpades, JSpades, 2Spades.
P1 HAND: 5Diamonds, KClubs, 5Clubs, AHearts, 6Hearts, 3Hearts, QSpades, 5Spades, 4Spades, 3Spades.
P2 HAND: KDiamonds, 4Diamonds, 3Diamonds, AClubs, QClubs, KHearts, 4Hearts, ASpades, 7Spades, 6Spades.
P3 HAND: ADiamonds, JDiamonds, QDiamonds, 6Diamonds, 2Diamonds, 7Clubs, 2Clubs, 7Hearts, QHearts, 2Hearts.
P1 3Spades P2 ASpades P3 2Hearts P0 2Spades 
P3 2Diamonds P0 7Diamonds P1 5Diamonds P2 KDiamonds 
P0 3Clubs P1 5Clubs P2 AClubs P3 2Clubs 
P2 3Diamonds P3 6Diamonds P0 4Clubs P1 KClubs 
P3 QDiamonds P0 JClubs P1 3Hearts P2 4Diamonds 
P1 4Spades P2 6Spades P3 QHearts P0 JSpades 
P3 JDiamonds P0 6Clubs P1 5Spades P2 QClubs 
P3 7Hearts P0 5Hearts P1 6Hearts P2 4Hearts 
P3 7Clubs P0 JHearts P1 AHearts P2 7Spades 
P1 QSpades P2 KHearts P3 ADiamonds P0 KSpades 
-- /GAME --
P0 HAND: 7Diamonds, KDiamonds, 7Clubs, 6Clubs, 5Clubs, 7Hearts, KHearts, JHearts, 6Spades, 3Spades.
P1 HAND: QDiamonds, 6Diamonds, 2Diamonds, KClubs, QClubs, 4Clubs, 6Hearts, 4Hearts, QSpades, 5Spades.
P2 HAND: ADiamonds, 5Diamonds, JClubs, 3Clubs, AHearts, QHearts, 3Hearts, 2Hearts, 4Spades, 2Spades.
P3 HAND: JDiamonds, 4Diamonds, 3Diamonds, AClubs, 2Clubs, 5Hearts, ASpades, 7Spades, KSpades, JSpades.
P0 3Spades P1 5Spades P2 2Spades P3 ASpades 
P3 3Diamonds P0 KDiamonds P1 2Diamonds P2 ADiamonds 
P2 AHearts P3 5Hearts P0 7Hearts P1 4Hearts 
P2 2Hearts P3 4Diamonds P0 KHearts P1 6Hearts 
P0 7Diamonds P1 6Diamonds P2 5Diamonds P3 JDiamonds 
P0 JHearts P1 QDiamonds P2 3Hearts P3 2Clubs 
P3 JSpades P0 6Spades P1 QSpades P2 4Spades 
P3 AClubs P0 5Clubs P1 4Clubs P2 3Clubs 
P3 KSpades P0 6Clubs P1 QClubs P2 JClubs 
P2 QHearts P3 7Spades P0 7Clubs P1 KClubs 
-- /GAME --
P0 HAND: QDiamonds, 4Diamonds, JClubs, QClubs, 2Clubs, AHearts, 7Hearts, JHearts, JSpades, 6Spades.
P1 HAND: KDiamonds, 5Diamonds, 7Clubs, 5Clubs, 4Clubs, KHearts, 5Hearts, 3Hearts, QSpades, 5Spades.
P2 HAND: 7Diamonds, JDiamonds, 3Diamonds, 2Diamonds, KClubs, 6Clubs, QHearts, 2Hearts, ASpades, 7Spades.
P3 HAND: ADiamonds, 6Diamonds, AClubs, 3Clubs, 6Hearts, 4Hearts, KSpades, 4Spades, 3Spades, 2Spades.
P3 ADiamonds P0 4Diamonds P1 KDiamonds P2 2Diamonds 
P3 AClubs P0 2Clubs P1 7Clubs P2 6Clubs 
P3 2Spades P0 JSpades P1 5Spades P2 ASpades 
P2 3Diamonds P3 6Diamonds P0 QDiamonds P1 5Diamonds 
P0 6Spades P1 QSpades P2 7Spades P3 3Spades 
P2 JDiamonds P3 3Clubs P0 QClubs P1 3Hearts 
P1 4Clubs P2 KClubs P3 4Spades P0 JClubs 
P2 2Hearts P3 4Hearts P0 JHearts P1 5Hearts 
P0 7Hearts P1 KHearts P2 QHearts P3 6Hearts 
P0 AHearts P1 5Clubs P2 7Diamonds P3 KSpades 
-- /GAME --
P0 HAND: QDiamonds, 4Diamonds, 6Clubs, 4Clubs, 3Clubs, 6Hearts, 2Hearts, 7Spades, QSpades, 3Spades.
P1 HAND: ADiamonds, JDiamonds, JClubs, QHearts, 5Hearts, 4Hearts, 3Hearts, ASpades, JSpades, 6Spades.
P2 HAND: 7Diamonds, 5Diamonds, AClubs, KClubs, 5Clubs, 7Hearts, JHearts, KSpades, 4Spades, 2Spades.
P3 HAND: KDiamonds, 6Diamonds, 3Diamonds, 2Diamonds, 7Clubs, QClubs, 2Clubs, AHearts, KHearts, 5Spades.
P2 AClubs P3 2Clubs P0 3Clubs P1 JClubs 
P2 2Spades P3 5Spades P0 3Spades P1 ASpades 
P1 3Hearts P2 JHearts P3 AHearts P0 2Hearts 
P3 QClubs P0 6Clubs P1 4Hearts P2 KClubs 
P2 4Spades P3 2Diamonds P0 QSpades P1 JSpades 
P3 3Diamonds P0 QDiamonds P1 JDiamonds P2 7Diamonds 
P2 5Clubs P3 7Clubs P0 4Clubs P1 QHearts 
P3 6Diamonds P0 4Diamonds P1 ADiamonds P2 5Diamonds 
P1 5Hearts P2 7Hearts P3 KHearts P0 6Hearts 
P2 KSpades P3 KDiamonds P0 7Spades P1 6Spades 
-- /GAME --
P0 HAND: KDiamonds, JDiamonds, 3Diamonds, AClubs, AHearts, 7Hearts, QSpades, 6Spades, 5Spades, 4Spades.
P1 HAND: 5Diamonds, 4Diamonds, 7Clubs, 6Clubs, 2Clubs, KHearts, JHearts, 6Hearts, 3Hearts, JSpades.
P2 HAND: JClubs, QClubs, 5Clubs, QHearts, 5Hearts, 4Hearts, 2Hearts, ASpades, 7Spades, 2Spades.
P3 HAND: ADiamonds, 7Diamonds, QDiamonds, 6Diamonds, 2Diamonds, KClubs, 4Clubs, 3Clubs, KSpades, 3Spades.
P1 2Clubs P2 5Clubs P3 3Clubs P0 AClubs 
P0 3Diamonds P1 4Diamonds P2 2Spades P3 ADiamonds 
P3 2Diamonds P0 KDiamonds P1 5Diamonds P2 ASpades 
P0 JDiamonds P1 6Clubs P2 QClubs P3 7Diamonds 
P3 3Spades P0 QSpades P1 JSpades P2 7Spades 
P2 JClubs P3 4Clubs P0 4Spades P1 7Clubs 
P1 3Hearts P2 2Hearts P3 6Diamonds P0 7Hearts 
P0 5Spades P1 6Hearts P2 4Hearts P3 KSpades 
P1 JHearts P2 5Hearts P3 QDiamonds P0 AHearts 
P0 6Spades P1 KHearts P2 QHearts P3 KClubs 
-- /GAME --
P0 HAND: ADiamonds, QDiamonds, 5Diamonds, 7Clubs, KClubs, QClubs, AHearts, 7Hearts, 6Spades, 2Spades.
P1 HAND: 6Diamonds, 4Diamonds, 3Diamonds, AClubs, 2Clubs, JHearts, 4Hearts, 3Hearts, 7Spades, 4Spades.
P2 HAND: 2Diamonds, JClubs, 3Clubs, KHearts, QHearts, 6Hearts, 2Hearts, JSpades, QSpades, 3Spades.
P3 HAND: 7Diamonds, KDiamonds, JDiamonds, 6Clubs, 5Clubs, 4Clubs, 5Hearts, ASpades, KSpades, 5Spades.
P3 ASpades P0 2Spades P1 7Spades P2 3Spades 
P3 5Hearts P0 AHearts P1 3Hearts P2 KHearts 
P0 QClubs P1 2Clubs P2 3Clubs P3 4Clubs 
P0 KClubs P1 AClubs P2 JClubs P3 5Clubs 
P1 3Diamonds P2 2Diamonds P3 JDiamonds P0 5Diamonds 
P3 5Spades P0 6Spades P1 4Spades P2 JSpades 
P2 2Hearts P3 6Clubs P0 7Hearts P1 JHearts 
P3 KDiamonds P0 ADiamonds P1 4Diamonds P2 QHearts 
P0 7Clubs P1 4Hearts P2 6Hearts P3 KSpades 
P0 QDiamonds P1 6Diamonds P2 QSpades P3 7Diamonds 
-- /GAME --
P0 HAND: ADiamonds, JDiamonds, 4Diamonds, QClubs, 4Clubs, JHearts, 7Spades, JSpades, 6Spades, 3Spades.
P1 HAND: 3Diamonds, 2Diamonds, AClubs, 2Clubs, AHearts, KHearts, QHearts, 4Hearts, 5Spades, 2Spades.
P2 HAND: KDiamonds, QDiamonds, 5Diamonds, 7Clubs, 6Clubs, 7Hearts, 6Hearts, ASpades, QSpades, 4Spades.
P3 HAND: 7Diamonds, 6Diamonds, KClubs, JClubs, 5Clubs, 3Clubs, 5Hearts, 3Hearts, 2Hearts, KSpades.
P2 ASpades P3 KSpades P0 7Spades P1 2Spades 
P2 4Spades P3 3Clubs P0 JSpades P1 5Spades 
P0 ADiamonds P1 2Diamonds P2 KDiamonds P3 6Diamonds 
P0 3Spades P1 2Clubs P2 QSpades P3 5Clubs 
P2 5Diamonds P3 7Diamonds P0 4Diamonds P1 3Diamonds 
P3 JClubs P0 4Clubs P1 AClubs P2 6Clubs 
P1 4Hearts P2 6Hearts P3 2Hearts P0 JHearts 
P0 6Spades P1 QHearts P2 QDiamonds P3 KClubs 
P1 KHearts P2 7Hearts P3 3Hearts P0 JDiamonds 
P2 7Clubs P3 5Hearts P0 QClubs P1 AHearts 
-- /GAME --
P0 HAND: 4Diamonds, 2Diamonds, 7Clubs, QClubs, AHearts, KHearts, QHearts, 4Hearts, 3Hearts, 3Spades.
P1 HAND: ADiamonds, KDiamonds, 3Diamonds, AClubs, 5Clubs, 2Clubs, 7Hearts, KSpades, 6Spades, 5Spades.
P2 HAND: QDiamonds, 6Diamonds, 5Diamonds, KClubs, JClubs, 4Clubs, JHearts, 2Hearts, JSpades, 4Spades.
P3 HAND: 7Diamonds, JDiamonds, 6Clubs, 3Clubs, 6Hearts, 5Hearts, ASpades, 7Spades, QSpades, 2Spades.
P1 ADiamonds P2 5Diamonds P3 7Diamonds P0 2Diamonds 
P1 AClubs P2 4Clubs P3 6Clubs P0 QClubs 
P1 2Clubs P2 JClubs P3 3Clubs P0 7Clubs 
P0 AHearts P1 7Hearts P2 2Hearts P3 5Hearts 
P0 KHearts P1 3Diamonds P2 JHearts P3 6Hearts 
P0 4Diamonds P1 KDiamonds P2 6Diamonds P3 JDiamonds 
P1 5Clubs P2 KClubs P3 2Spades P0 3Spades 
P2 4Spades P3 ASpades P0 3Hearts P1 5Spades 
P0 4Hearts P1 6Spades P2 QDiamonds P3 QSpades 
P0 QHearts P1 KSpades P2 JSpades P3 7Spades 
-- /GAME --
P0 HAND: QDiamonds, 2Diamonds, KClubs, 5Clubs, QHearts, 6Hearts, 5Hearts, 4Hearts, KSpades, 4Spades.
P1 HAND: 7Diamonds, JDiamonds, 4Diamonds, AClubs, 7Clubs, 6Clubs, 2Hearts, JSpades, 6Spades, 5Spades.
P2 HAND: 6Diamonds, JClubs, QClubs, 4Clubs, 3Clubs, 2Clubs, 7Hearts, JHearts, 7Spades, 2Spades.
P3 HAND: ADiamonds, KDiamonds, 5Diamonds, 3Diamonds, AHearts, KHearts, 3Hearts, ASpades, QSpades, 3Spades.
P0 4Hearts P1 2Hearts P2 JHearts P3 AHearts 
P3 ADiamonds P0 2Diamonds P1 7Diamonds P2 6Diamonds 
P3 3Diamonds P0 QDiamonds P1 4Diamonds P2 7Hearts 
P0 5Hearts P1 6Clubs P2 2Clubs P3 KHearts 
P3 3Hearts P0 QHearts P1 5Spades P2 3Clubs 
P1 JDiamonds P2 4Clubs P3 5Diamonds P0 6Hearts 
P1 6Spades P2 2Spades P3 3Spades P0 KSpades 
P0 5Clubs P1 7Clubs P2 QClubs P3 KDiamonds 
P1 JSpades P2 7Spades P3 ASpades P0 4Spades 
P3 QSpades P0 KClubs P1 AClubs P2 JClubs 
-- /GAME --
P0 HAND: 7Diamonds, JDiamonds, 2Diamonds, AClubs, QClubs, 4Clubs, KHearts, 3Hearts, ASpades, 4Spades.
P1 HAND: ADiamonds, KDiamonds, QDiamonds, KClubs, 5Clubs, AHearts, JHearts, 2Hearts, QSpades, 6Spades.
P2 HAND: 5Diamonds, 3Diamonds, 7Clubs, JClubs, 6Clubs, 7Hearts, QHearts, 5Hearts, 4Hearts, KSpades.
P3 HAND: 6Diamonds, 4Diamonds, 3Clubs, 2Clubs, 6Hearts, 7Spades, JSpades, 5Spades, 3Spades, 2Spades.
P3 2Spades P0 ASpades P1 6Spades P2 KSpades 
P0 4Spades P1 QSpades P2 3Diamonds P3 7Spades 
P3 3Spades P0 3Hearts P1 2Hearts P2 4Hearts 
P3 4Diamonds P0 2Diamonds P1 ADiamonds P2 5Diamonds 
P1 QDiamonds P2 5Hearts P3 6Diamonds P0 JDiamonds 
P0 7Diamonds P1 KDiamonds P2 6Clubs P3 5Spades 
P2 QHearts P3 6Hearts P0 KHearts P1 AHearts 
P1 JHearts P2 7Hearts P3 2Clubs P0 4Clubs 
P0 AClubs P1 5Clubs P2 JClubs P3 3Clubs 
P0 QClubs P1 KClubs P2 7Clubs P3 JSpades 
-- /GAME --
P0 HAND: JDiamonds, 6Diamonds, 4Diamonds, 7Clubs, KClubs, 6Clubs, 5Hearts, 7Spades, QSpades, 3Spades.
P1 HAND: ADiamonds, 7Diamonds, 5Diamonds, 2Diamonds, 7Hearts, JHearts, 3Hearts, JSpades, 6Spades, 2Spades.
P2 HAND: 3Diamonds, AClubs, JClubs, QClubs, 3Clubs, AHearts, QHearts, 6Hearts, 2Hearts, 4Spades.
P3 HAND: KDiamonds, QDiamonds, 5Clubs, 4Clubs, 2Clubs, KHearts, 4Hearts, ASpades, KSpades, 5Spades.
P2 AClubs P3 2Clubs P0 7Clubs P1 2Spades 
P1 ADiamonds P2 3Diamonds P3 KDiamonds P0 4Diamonds 
P1 2Diamonds P2 2Hearts P3 QDiamonds P0 JDiamonds 
P0 5Hearts P1 3Hearts P2 AHearts P3 4Hearts 
P2 3Clubs P3 4Clubs P0 6Clubs P1 5Diamonds 
P0 6Diamonds P1 7Diamonds P2 4Spades P3 5Spades 
P3 5Clubs P0 KClubs P1 6Spades P2 QClubs 
P1 JHearts P2 6Hearts P3 KHearts P0 7Spades 
P0 3Spades P1 JSpades P2 QHearts P3 KSpades 
P3 ASpades P0 QSpades P1 7Hearts P2 JClubs 
-- /GAME --
P0 HAND: JClubs, 6Clubs, 5Clubs, 4Clubs, 2Clubs, AHearts, 7Hearts, ASpades, JSpades, 6Spades.
P1 HAND: JDiamonds, 6Diamonds, 4Diamonds, AClubs, QClubs, 3Clubs, QHearts, KSpades, 5Spades, 3Spades.
P2 HAND: QDiamonds, 5Diamonds, 3Diamonds, KHearts, 5Hearts, 4Hearts, 3Hearts, 2Hearts, QSpades, 4Spades.
P3 HAND: ADiamonds, 7Diamonds, KDiamonds, 2Diamonds, 7Clubs, KClubs, JHearts, 6Hearts, 7Spades, 2Spades.
P3 2Spades P0 ASpades P1 3Spades P2 QSpades 
P0 AHearts P1 QHearts P2 KHearts P3 6Hearts 
P0 7Hearts P1 4Diamonds P2 2Hearts P3 JHearts 
P1 AClubs P2 3Diamonds P3 KClubs P0 JClubs 
P2 3Hearts P3 2Diamonds P0 6Clubs P1 KSpades 
P3 KDiamonds P0 2Clubs P1 6Diamonds P2 5Diamonds 
P3 7Diamonds P0 4Clubs P1 JDiamonds P2 QDiamonds 
P3 ADiamonds P0 5Clubs P1 3Clubs P2 4Hearts 
P3 7Clubs P0 6Spades P1 QClubs P2 4Spades 
P3 7Spades P0 JSpades P1 5Spades P2 5Hearts 
-- /GAME --
P0 HAND: KDiamonds, 5Diamonds, AClubs, KClubs, QClubs, 4Clubs, 2Clubs, AHearts, 7Spades, 2Spades.
P1 HAND: JDiamonds, 3Diamonds, 6Clubs, QHearts, 5Hearts, 2Hearts, JSpades, 6Spades, 5Spades, 4Spades.
P2 HAND: QDiamonds, 6Diamonds, 7Clubs, JClubs, 3Clubs, 7Hearts, KHearts, JHearts, 4Hearts, 3Hearts.
P3 HAND: ADiamonds, 7Diamonds, 4Diamonds, 2Diamonds, 5Clubs, 6Hearts, ASpades, KSpades, QSpades, 3Spades.
P2 3Clubs P3 5Clubs P0 AClubs P1 6Clubs 
P0 AHearts P1 2Hearts P2 7Hearts P3 6Hearts 
P0 5Diamonds P1 3Diamonds P2 6Diamonds P3 ADiamonds 
P3 2Diamonds P0 KDiamonds P1 JDiamonds P2 QDiamonds 
P0 2Clubs P1 5Hearts P2 7Clubs P3 3Spades 
P3 4Diamonds P0 4Clubs P1 QHearts P2 3Hearts 
P3 QSpades P0 2Spades P1 4Spades P2 4Hearts 
P3 KSpades P0 7Spades P1 5Spades P2 KHearts 
P0 QClubs P1 6Spades P2 JClubs P3 7Diamonds 
P1 JSpades P2 JHearts P3 ASpades P0 KClubs 
-- /GAME --
P0 HAND: QDiamonds, 5Diamonds, 7Clubs, JClubs, 5Clubs, 2Clubs, JHearts, QHearts, QSpades, 3Spades.
P1 HAND: ADiamonds, 6Diamonds, 3Diamonds, AClubs, KHearts, 5Hearts, 3Hearts, ASpades, JSpades, 6Spades.
P2 HAND: 7Diamonds, KDiamonds, 4Diamonds, KClubs, 4Clubs, 7Hearts, 2Hearts, KSpades, 5Spades, 4Spades.
P3 HAND: JDiamonds, 2Diamonds, QClubs, 6Clubs, 3Clubs, AHearts, 6Hearts, 4Hearts, 7Spades, 2Spades.
P1 AClubs P2 4Clubs P3 QClubs P0 2Clubs 
P1 ASpades P2 4Spades P3 7Spades P0 3Spades 
P1 3Hearts P2 2Hearts P3 AHearts P0 QHearts 
P3 2Spades P0 QSpades P1 6Spades P2 KSpades 
P2 5Spades P3 3Clubs P0 QDiamonds P1 JSpades 
P0 JHearts P1 5Hearts P2 7Hearts P3 4Hearts 
P2 4Diamonds P3 2Diamonds P0 5Diamonds P1 3Diamonds 
P0 5Clubs P1 6Diamonds P2 KClubs P3 6Clubs 
P1 ADiamonds P2 KDiamonds P3 JDiamonds P0 JClubs 
P1 KHearts P2 7Diamonds P3 6Hearts P0 7Clubs 
-- /GAME --
P0 HAND: 2Diamonds, 7Clubs, QClubs, 6Clubs, 5Clubs, AHearts, QHearts, 6Hearts, 2Hearts, 3Spades.
P1 HAND: KDiamonds, JDiamonds, 4Diamonds, 3Diamonds, 4Clubs, 3Hearts, KSpades, JSpades, QSpades, 2Spades.
P2 HAND: ADiamonds, 7Diamonds, 6Diamonds, AClubs, KClubs, 2Clubs, 5Hearts, 4Hearts, 6Spades, 4Spades.
P3 HAND: QDiamonds, 5Diamonds, JClubs, 3Clubs, 7Hearts, KHearts, JHearts, ASpades, 7Spades, 5Spades.
P0 3Spades P1 2Spades P2 4Spades P3 ASpades 
P3 3Clubs P0 5Clubs P1 4Clubs P2 AClubs 
P2 ADiamonds P3 5Diamonds P0 2Diamonds P1 3Diamonds 
P2 2Clubs P3 JClubs P0 6Clubs P1 KDiamonds 
P3 5Spades P0 2Hearts P1 QSpades P2 6Spades 
P0 6Hearts P1 3Hearts P2 4Hearts P3 JHearts 
P3 QDiamonds P0 QClubs P1 4Diamonds P2 7Diamonds 
P2 6Diamonds P3 KHearts P0 AHearts P1 JDiamonds 
P0 7Clubs P1 JSpades P2 KClubs P3 7Hearts 
P3 7Spades P0 QHearts P1 KSpades P2 5Hearts 
-- /GAME --
P0 HAND: 7Clubs, JClubs, 5Clubs, 4Clubs, 7Hearts, JHearts, 6Hearts, 5Hearts, KSpades, JSpades.
P1 HAND: 3Diamonds, AClubs, KClubs, QClubs, 3Clubs, KHearts, 4Hearts, QSpades, 5Spades, 4Spades.
P2 HAND: KDiamonds, JDiamonds, 5Diamonds, 4Diamonds, 2Diamonds, 6Clubs, QHearts, 3Hearts, 6Spades, 2Spades.
P3 HAND: ADiamonds, 7Diamonds, QDiamonds, 6Diamonds, 2Clubs, AHearts, 2Hearts, ASpades, 7Spades, 3Spades.
P3 AHearts P0 5Hearts P1 KHearts P2 3Hearts 
P3 ASpades P0 JSpades P1 QSpades P2 2Spades 
P3 2Clubs P0 5Clubs P1 AClubs P2 6Clubs 
P1 3Clubs P2 6Spades P3 2Hearts P0 7Clubs 
P0 KSpades P1 4Spades P2 QHearts P3 7Spades 
P3 3Spades P0 4Clubs P1 5Spades P2 2Diamonds 
P2 4Diamonds P3 6Diamonds P0 6Hearts P1 3Diamonds 
P3 QDiamonds P0 JClubs P1 4Hearts P2 JDiamonds 
P2 5Diamonds P3 7Diamonds P0 JHearts P1 KClubs 
P3 ADiamonds P0 7Hearts P1 QClubs P2 KDiamonds 
-- /GAME --
P0 HAND: 4Diamonds, JClubs, 6Clubs, 5Clubs, 4Clubs, AHearts, QHearts, ASpades, KSpades, 4Spades.
P1 HAND: ADiamonds, 7Diamonds, 3Diamonds, 7Hearts, 6Hearts, 5Hearts, 3Hearts, 7Spades, JSpades, 6Spades.
P2 HAND: JDiamonds, QDiamonds, 7Clubs, QClubs, 3Clubs, 2Clubs, KHearts, JHearts, QSpades, 3Spades.
P3 HAND: KDiamonds, 6Diamonds, 5Diamonds, 2Diamonds, AClubs, KClubs, 4Hearts, 2Hearts, 5Spades, 2Spades.
P1 ADiamonds P2 QDiamonds P3 KDiamonds 
