-- GAME --
P3 5Diamonds P0 6Diamonds P1 KDiamonds P2 JDiamonds 
P1 3Hearts P2 6Hearts P3 4Hearts P0 7Hearts 
P0 4Clubs P1 AHearts P2 JHearts P3 6Clubs 
P1 7Diamonds P2 KHearts P3 QHearts P0 5Hearts 
-- /GAME --
P0 HAND: 5Diamonds, 3Diamonds, 7Clubs, JClubs, QClubs, 4Clubs, QHearts, 4Hearts, ASpades, QSpades.
P1 HAND: 7Diamonds, 6Diamonds, 4Diamonds, AClubs, KClubs, 3Clubs, 2Clubs, 2Hearts, KSpades, 2Spades.
P2 HAND: KDiamonds, JDiamonds, 2Diamonds, JHearts, 6Hearts, 5Hearts, 7Spades, JSpades, 5Spades, 3Spades.
P3 HAND: ADiamonds, QDiamonds, 6Clubs, 5Clubs, AHearts, 7Hearts, KHearts, 3Hearts, 6Spades, 4Spades.
P2 2Diamonds P3 ADiamonds P0 3Diamonds P1 7Diamonds 
P3 AHearts P0 4Hearts P1 2Hearts P2 5Hearts 
P3 3Hearts P0 QHearts P1 2Clubs P2 JHearts 
P2 6Hearts P3 KHearts P0 5Diamonds P1 AClubs 
P3 5Clubs P0 7Clubs P1 3Clubs P2 KDiamonds 
P0 JClubs P1 KClubs P2 3Spades P3 6Clubs 
P2 JDiamonds P3 QDiamonds P0 QSpades P1 4Diamonds 
P0 QClubs P1 6Diamonds P2 5Spades P3 4Spades 
P2 JSpades P3 6Spades P0 ASpades P1 2Spades 
P0 4Clubs P1 KSpades P2 7Spades P3 7Hearts 
-- /GAME --

