-- GAME --
P0 HAND: KDiamonds, 3Diamonds, JClubs, 6Clubs, 7Hearts, KHearts, JHearts, 3Hearts, JSpades, 6Spades.
P1 HAND: JDiamonds, QDiamonds, 6Diamonds, 7Clubs, 2Clubs, AHearts, 4Hearts, KSpades, 5Spades, 2Spades.
P2 HAND: ADiamonds, 4Diamonds, 2Diamonds, AClubs, QClubs, 6Hearts, 2Hearts, ASpades, 7Spades, 3Spades.
P3 HAND: 7Diamonds, 5Diamonds, KClubs, 5Clubs, 4Clubs, 3Clubs, QHearts, 5Hearts, QSpades, 4Spades.
P3 3Clubs P0 6Clubs P1 2Clubs P2 AClubs 
P2 ASpades P3 4Spades P0 JSpades P1 2Spades 
P2 2Hearts P3 5Hearts P0 3Hearts P1 AHearts 
P1 4Hearts P2 6Hearts P3 QHearts P0 7Hearts 
P0 JClubs P1 7Clubs P2 QClubs P3 KClubs 
P1 5Spades P2 3Spades P3 QSpades P0 6Spades 
P3 4Clubs P0 3Diamonds P1 6Diamonds P2 2Diamonds 
P1 QDiamonds P2 4Diamonds P3 5Diamonds P0 KDiamonds 
P0 JHearts P1 JDiamonds P2 ADiamonds P3 5Clubs 
P2 7Spades P3 7Diamonds P0 KHearts P1 KSpades 
-- /GAME --
P0 HAND: ADiamonds, 5Diamonds, 3Diamonds, 2Diamonds, 7Clubs, KClubs, 6Hearts, 4Hearts, 7Spades, QSpades.
P1 HAND: 7Diamonds, JClubs, AHearts, JHearts, QHearts, 3Hearts, ASpades, 6Spades, 4Spades, 2Spades.
P2 HAND: KDiamonds, QDiamonds, 6Diamonds, QClubs, 4Clubs, 2Clubs, KHearts, 5Hearts, 2Hearts, 5Spades.
P3 HAND: JDiamonds, 4Diamonds, AClubs, 6Clubs, 5Clubs, 3Clubs, 7Hearts, KSpades, JSpades, 3Spades.
P2 2Clubs P3 AClubs P0 KClubs P1 JClubs 
P3 3Clubs P0 7Clubs P1 3Hearts P2 4Clubs 
P1 ASpades P2 5Spades P3 KSpades P0 QSpades 
P1 2Spades P2 6Diamonds P3 3Spades P0 7Spades 
P0 ADiamonds P1 7Diamonds P2 KDiamonds P3 4Diamonds 
P0 2Diamonds P1 4Spades P2 QDiamonds P3 JDiamonds 
P3 5Clubs P0 4Hearts P1 6Spades P2 QClubs 
P0 3Diamonds P1 QHearts P2 2Hearts P3 JSpades 
P1 JHearts P2 5Hearts P3 7Hearts P0 6Hearts 
P3 6Clubs P0 5Diamonds P1 AHearts P2 KHearts 
-- /GAME --
P0 HAND: KDiamonds, 2Diamonds, 7Clubs, 5Clubs, AHearts, 7Hearts, KHearts, KSpades, 4Spades, 3Spades.
P1 HAND: AClubs, JClubs, 2Clubs, 5Hearts, 3Hearts, 2Hearts, ASpades, JSpades, 6Spades, 5Spades.
P2 HAND: ADiamonds, 7Diamonds, QDiamonds, 5Diamonds, 3Diamonds, 6Clubs, JHearts, QHearts, 4Hearts, QSpades.
P3 HAND: JDiamonds, 6Diamonds, 4Diamonds, KClubs, QClubs, 4Clubs, 3Clubs, 6Hearts, 7Spades, 2Spades.
P1 AClubs P2 6Clubs P3 KClubs P0 5Clubs 
P1 2Clubs P2 3Diamonds P3 3Clubs P0 7Clubs 
P0 AHearts P1 2Hearts P2 JHearts P3 6Hearts 
P0 2Diamonds P1 3Hearts P2 ADiamonds P3 4Diamonds 
P2 4Hearts P3 4Clubs P0 7Hearts P1 5Hearts 
P0 3Spades P1 5Spades P2 QSpades P3 2Spades 
P2 5Diamonds P3 6Diamonds P0 KDiamonds P1 6Spades 
P1 JClubs P2 QDiamonds P3 QClubs P0 4Spades 
P0 KHearts P1 JSpades P2 QHearts P3 JDiamonds 
P1 ASpades P2 7Diamonds P3 7Spades P0 KSpades 
-- /GAME --
P0 HAND: QDiamonds, 6Diamonds, 4Diamonds, 7Clubs, AHearts, QHearts, 6Hearts, 2Hearts, 4Spades, 2Spades.
P1 HAND: ADiamonds, 7Diamonds, JDiamonds, AClubs, 2Clubs, KHearts, 7Spades, KSpades, QSpades, 5Spades.
P2 HAND: KDiamonds, 3Diamonds, 2Diamonds, KClubs, QClubs, 4Hearts, 3Hearts, JSpades, 6Spades, 3Spades.
P3 HAND: 5Diamonds, JClubs, 6Clubs, 5Clubs, 4Clubs, 3Clubs, 7Hearts, JHearts, 5Hearts, ASpades.
P0 AHearts P1 KHearts P2 4Hearts P3 5Hearts 
P0 4Spades P1 5Spades P2 3Spades P3 ASpades 
P3 3Clubs P0 7Clubs P1 AClubs P2 QClubs 
P1 2Clubs P2 KClubs P3 4Clubs P0 QHearts 
P2 3Hearts P3 JHearts P0 6Hearts P1 7Spades 
P3 5Clubs P0 2Hearts P1 QSpades P2 6Spades 
P3 6Clubs P0 4Diamonds P1 JDiamonds P2 2Diamonds 
P1 7Diamonds P2 3Diamonds P3 5Diamonds P0 6Diamonds 
P1 ADiamonds P2 KDiamonds P3 JClubs P0 QDiamonds 
P1 KSpades P2 JSpades P3 7Hearts P0 2Spades 
-- /GAME --

