-- GAME --
P0 HAND: KDiamonds, JDiamonds, 5Diamonds, 4Diamonds, 2Diamonds, 4Hearts, 2Hearts, 7Spades, QSpades, 3Spades.
P1 HAND: ADiamonds, 7Diamonds, QDiamonds, AClubs, 4Clubs, 2Clubs, KHearts, 6Hearts, KSpades, 2Spades.
P2 HAND: 6Diamonds, 7Clubs, QClubs, 5Clubs, AHearts, 7Hearts, QHearts, 3Hearts, ASpades, 5Spades.
P3 HAND: 3Diamonds, KClubs, JClubs, 6Clubs, 3Clubs, JHearts, 5Hearts, JSpades, 6Spades, 4Spades.
P1 AClubs P2 5Clubs P3 KClubs P0 2Diamonds 
P0 3Spades P1 2Spades P2 ASpades P3 4Spades 
P2 AHearts P3 5Hearts P0 2Hearts P1 6Hearts 
P2 3Hearts P3 JHearts P0 4Hearts P1 KHearts 
P1 2Clubs P2 7Clubs P3 3Clubs P0 7Spades 
P2 5Spades P3 6Spades P0 QSpades P1 KSpades 
P1 4Clubs P2 QClubs P3 6Clubs P0 5Diamonds 
P0 4Diamonds P1 QDiamonds P2 6Diamonds P3 3Diamonds 
P1 7Diamonds P2 QHearts P3 JClubs P0 JDiamonds 
P1 ADiamonds P2 7Hearts P3 JSpades P0 KDiamonds 
-- /GAME --
P0 HAND: 6Diamonds, 4Diamonds, JClubs, 6Clubs, 2Clubs, AHearts, JHearts, QHearts, 7Spades, 6Spades.
P1 HAND: ADiamonds, KDiamonds, JDiamonds, 5Clubs, 4Clubs, KHearts, 3Hearts, KSpades, QSpades, 2Spades.
P2 HAND: 7Diamonds, 5Diamonds, KClubs, QClubs, 7Hearts, 4Hearts, ASpades, 5Spades, 4Spades, 3Spades.
P3 HAND: QDiamonds, 3Diamonds, 2Diamonds, AClubs, 7Clubs, 3Clubs, 6Hearts, 5Hearts, 2Hearts, JSpades.
P0 6Spades P1 2Spades P2 ASpades P3 JSpades 
P2 3Spades P3 2Diamonds P0 7Spades P1 QSpades 
P0 4Diamonds P1 ADiamonds P2 5Diamonds P3 QDiamonds 
P1 4Clubs P2 QClubs P3 AClubs P0 2Clubs 
P3 3Diamonds P0 6Diamonds P1 JDiamonds P2 7Diamonds 
P2 4Spades P3 3Clubs P0 QHearts P1 KSpades 
P0 6Clubs P1 5Clubs P2 KClubs P3 7Clubs 
P3 2Hearts P0 JHearts P1 3Hearts P2 4Hearts 
P0 JClubs P1 KHearts P2 7Hearts P3 5Hearts 
P2 5Spades P3 6Hearts P0 AHearts P1 KDiamonds 
-- /GAME --
P0 HAND: 7Diamonds, QDiamonds, 3Diamonds, 7Clubs, 5Clubs, 2Clubs, KHearts, KSpades, JSpades, 5Spades.
P1 HAND: ADiamonds, JDiamonds, 5Diamonds, 4Diamonds, AClubs, 4Clubs, 3Clubs, 7Hearts, JHearts, 6Hearts.
P2 HAND: 6Diamonds, JClubs, QClubs, 6Clubs, QHearts, 4Hearts, 2Hearts, QSpades, 3Spades, 2Spades.
P3 HAND: KDiamonds, 2Diamonds, KClubs, AHearts, 5Hearts, 3Hearts, ASpades, 7Spades, 6Spades, 4Spades.

