-- GAME --
P0 HAND: ADiamonds, KDiamonds, QDiamonds, AClubs, KClubs, 3Clubs, 2Clubs, KHearts, 6Hearts, ASpades.
P1 HAND: 7Diamonds, 5Diamonds, 3Diamonds, 2Diamonds, 7Clubs, 5Clubs, 4Clubs, 3Hearts, QSpades, 6Spades.
P2 HAND: JDiamonds, 6Diamonds, 4Diamonds, JClubs, QClubs, JHearts, 5Hearts, 4Hearts, 7Spades, KSpades.
P3 HAND: 6Clubs, AHearts, 7Hearts, QHearts, 2Hearts, JSpades, 5Spades, 4Spades, 3Spades, 2Spades.
P0 KHearts P1 3Hearts P2 4Hearts P3 AHearts 
P3 2Hearts P0 6Hearts P1 2Diamonds P2 JHearts 
P2 4Diamonds P3 6Clubs P0 ADiamonds P1 3Diamonds 
P0 AClubs P1 4Clubs P2 JClubs P3 2Spades 
P3 QHearts P0 2Clubs P1 5Diamonds P2 5Hearts 
P3 3Spades P0 ASpades P1 6Spades P2 KSpades 
P0 3Clubs P1 5Clubs P2 QClubs P3 4Spades 
P3 5Spades P0 KClubs P1 QSpades P2 7Spades 
P2 6Diamonds P3 JSpades P0 QDiamonds P1 7Diamonds 
P3 7Hearts P0 KDiamonds P1 7Clubs P2 JDiamonds 
-- /GAME --
P0 HAND: QDiamonds, 3Diamonds, AHearts, KHearts, 6Hearts, 4Hearts, 3Hearts, 7Spades, JSpades, 6Spades.
P1 HAND: 2Diamonds, AClubs, KClubs, JClubs, QClubs, 7Hearts, QHearts, 5Hearts, 4Spades, 2Spades.
P2 HAND: ADiamonds, 7Diamonds, 6Diamonds, 5Diamonds, 4Clubs, 2Clubs, ASpades, KSpades, QSpades, 5Spades.
P3 HAND: KDiamonds, JDiamonds, 4Diamonds, 7Clubs, 6Clubs, 5Clubs, 3Clubs, JHearts, 2Hearts, 3Spades.
P3 2Hearts P0 KHearts P1 5Hearts P2 ADiamonds 
P0 AHearts P1 QHearts P2 7Diamonds P3 JHearts 
P0 6Hearts P1 7Hearts P2 5Spades P3 3Clubs 
P2 2Clubs P3 5Clubs P0 6Spades P1 QClubs 
P0 4Hearts P1 2Diamonds P2 4Clubs P3 4Diamonds 
P0 3Hearts P1 2Spades P2 5Diamonds P3 7Clubs 
P1 JClubs P2 6Diamonds P3 6Clubs P0 3Diamonds 
P1 4Spades P2 QSpades P3 3Spades P0 7Spades 
P0 QDiamonds P1 KClubs P2 KSpades P3 JDiamonds 
P2 ASpades P3 KDiamonds P0 JSpades P1 AClubs 
-- /GAME --
P0 HAND: 2Clubs, AHearts, 7Hearts, JHearts, 6Hearts, 4Hearts, 3Hearts, ASpades, JSpades, 3Spades.
P1 HAND: KDiamonds, JDiamonds, QDiamonds, 6Diamonds, 4Clubs, 5Hearts, 2Hearts, 7Spades, KSpades, QSpades.
P2 HAND: 5Diamonds, 4Diamonds, 7Clubs, QClubs, 5Clubs, 3Clubs, QHearts, 5Spades, 4Spades, 2Spades.
P3 HAND: ADiamonds, 7Diamonds, 3Diamonds, 2Diamonds, AClubs, KClubs, JClubs, 6Clubs, KHearts, 6Spades.

