-- GAME --
P0 HAND: 7Diamonds, QDiamonds, 5Diamonds, 4Diamonds, AClubs, 7Clubs, 7Hearts, KHearts, 4Hearts, 3Hearts.
P1 HAND: JDiamonds, 6Diamonds, 2Diamonds, 5Clubs, 2Clubs, AHearts, JHearts, QHearts, 5Hearts, 4Spades.
P2 HAND: KClubs, JClubs, QClubs, 4Clubs, 7Spades, JSpades, 6Spades, 5Spades, 3Spades, 2Spades.
P3 HAND: ADiamonds, KDiamonds, 3Diamonds, 6Clubs, 3Clubs, 6Hearts, 2Hearts, ASpades, KSpades, QSpades.
P2 4Clubs P3 3Clubs P0 AClubs P1 2Clubs 
P0 7Clubs P1 5Clubs P2 QClubs P3 6Clubs 
P0 4Diamonds P1 2Diamonds P2 2Spades P3 3Diamonds 
P2 JClubs P3 2Hearts P0 3Hearts P1 5Hearts 
P2 3Spades P3 QSpades P0 5Diamonds P1 4Spades 
P3 6Hearts P0 KHearts P1 AHearts P2 5Spades 
P2 6Spades P3 KSpades P0 4Hearts P1 JDiamonds 
P3 ASpades P0 QDiamonds P1 JHearts P2 JSpades 
P3 KDiamonds P0 7Diamonds P1 6Diamonds P2 KClubs 
P0 7Hearts P1 QHearts P2 7Spades P3 ADiamonds 
-- /GAME --
P0 HAND: 7Diamonds, 4Diamonds, 3Diamonds, JClubs, 6Clubs, 5Clubs, JHearts, 5Hearts, 6Spades, 5Spades.
P1 HAND: ADiamonds, KDiamonds, JDiamonds, QDiamonds, QClubs, 3Clubs, 7Hearts, 3Hearts, 7Spades, 3Spades.
P2 HAND: 6Diamonds, 2Diamonds, 7Clubs, 4Clubs, 2Clubs, AHearts, 6Hearts, KSpades, 4Spades, 2Spades.
P3 HAND: 5Diamonds, AClubs, KClubs, KHearts, QHearts, 4Hearts, 2Hearts, ASpades, JSpades, QSpades.
P1 3Clubs P2 2Clubs P3 AClubs P0 6Clubs 
P3 ASpades P0 5Spades P1 7Spades P2 2Spades 
P3 2Hearts P0 JHearts P1 3Hearts P2 AHearts 
P2 4Clubs P3 KClubs P0 5Clubs P1 QClubs 
P3 4Hearts P0 5Hearts P1 7Hearts P2 6Hearts 
P1 3Spades P2 4Spades P3 QSpades P0 6Spades 
P3 QHearts P0 3Diamonds P1 QDiamonds P2 2Diamonds 
P1 JDiamonds P2 6Diamonds P3 5Diamonds P0 7Diamonds 
P0 JClubs P1 KDiamonds P2 7Clubs P3 KHearts 
P1 ADiamonds P2 KSpades P3 JSpades P0 4Diamonds 
-- /GAME --
P0 HAND: 3Diamonds, 4Clubs, 3Clubs, 2Clubs, JHearts, QHearts, 5Hearts, QSpades, 3Spades, 2Spades.
P1 HAND: 7Diamonds, QDiamonds, KClubs, JClubs, 5Clubs, KHearts, 3Hearts, KSpades, JSpades, 4Spades.
P2 HAND: 6Diamonds, 5Diamonds, AClubs, QClubs, 6Clubs, AHearts, 7Hearts, 4Hearts, 2Hearts, ASpades.
P3 HAND: ADiamonds, KDiamonds, JDiamonds, 4Diamonds, 2Diamonds, 7Clubs, 6Hearts, 7Spades, 6Spades, 5Spades.
P0 QHearts P1 3Hearts P2 AHearts P3 6Hearts 
P2 AClubs P3 7Clubs P0 4Clubs P1 5Clubs 
P2 ASpades P3 5Spades P0 QSpades P1 4Spades 
P2 2Hearts P3 6Spades P0 JHearts P1 KHearts 
P1 JClubs P2 6Clubs P3 2Diamonds P0 2Clubs 
P3 4Diamonds P0 3Diamonds P1 QDiamonds P2 5Diamonds 
P1 JSpades P2 4Hearts P3 7Spades P0 2Spades 
P3 JDiamonds P0 5Hearts P1 7Diamonds P2 6Diamonds 
P1 KClubs P2 QClubs P3 KDiamonds P0 3Clubs 
P3 ADiamonds P0 3Spades P1 KSpades P2 7Hearts 
-- /GAME --
P0 HAND: 7Diamonds, QDiamonds, 6Diamonds, QClubs, 5Clubs, 3Clubs, 7Hearts, ASpades, 6Spades, 2Spades.
P1 HAND: 5Diamonds, 3Diamonds, JClubs, 6Clubs, AHearts, 7Spades, KSpades, JSpades, QSpades, 4Spades.
P2 HAND: KDiamonds, JDiamonds, 4Diamonds, 2Diamonds, 7Clubs, KClubs, 2Clubs, KHearts, 5Hearts, 3Spades.
P3 HAND: ADiamonds, AClubs, 4Clubs, JHearts, QHearts, 6Hearts, 4Hearts, 3Hearts, 2Hearts, 5Spades.
P3 AClubs P0 3Clubs P1 JClubs P2 2Clubs 
P3 2Hearts P0 7Hearts P1 AHearts P2 5Hearts 
P1 4Spades P2 3Spades P3 5Spades P0 2Spades 
P3 3Hearts P0 6Spades P1 6Clubs P2 KHearts 
P2 2Diamonds P3 ADiamonds P0 6Diamonds P1 3Diamonds 
P3 4Clubs P0 5Clubs P1 QSpades P2 7Clubs 
P2 4Diamonds P3 4Hearts P0 QDiamonds P1 5Diamonds 
P0 7Diamonds P1 JSpades P2 JDiamonds P3 6Hearts 
P0 ASpades P1 KSpades P2 KDiamonds P3 QHearts 
P2 KClubs P3 JHearts P0 QClubs P1 7Spades 
-- /GAME --
P0 HAND: ADiamonds, KDiamonds, JDiamonds, QDiamonds, 6Diamonds, 5Diamonds, KClubs, QHearts, 2Hearts, ASpades.
P1 HAND: 3Diamonds, JClubs, QClubs, 5Clubs, 4Clubs, AHearts, KHearts, JHearts, 7Spades, 3Spades.
P2 HAND: 7Diamonds, 4Diamonds, 6Clubs, 2Clubs, 6Hearts, 4Hearts, 3Hearts, JSpades, 6Spades, 5Spades.
P3 HAND: 2Diamonds, AClubs, 7Clubs, 3Clubs, 7Hearts, 5Hearts, KSpades, QSpades, 4Spades, 2Spades.
P2 2Clubs P3 AClubs P0 KClubs P1 JClubs 
P3 2Diamonds P0 ADiamonds P1 3Diamonds P2 7Diamonds 
P0 ASpades P1 3Spades P2 JSpades P3 2Spades 
P0 QDiamonds P1 4Clubs P2 4Diamonds P3 3Clubs 
P0 JDiamonds P1 5Clubs P2 5Spades P3 4Spades 
P0 KDiamonds P1 QClubs P2 3Hearts P3 5Hearts 
P3 QSpades P0 QHearts P1 7Spades P2 6Spades 
P0 6Diamonds P1 JHearts P2 6Clubs P3 7Clubs 
P1 KHearts P2 4Hearts P3 7Hearts P0 2Hearts 
P3 KSpades P0 5Diamonds P1 AHearts P2 6Hearts 
-- /GAME --
P0 HAND: KDiamonds, 3Diamonds, 2Diamonds, JClubs, AHearts, 3Hearts, QSpades, 5Spades, 3Spades, 2Spades.
P1 HAND: 6Diamonds, 5Diamonds, 6Clubs, KHearts, JHearts, 5Hearts, ASpades, 7Spades, JSpades, 6Spades.
P2 HAND: JDiamonds, 4Diamonds, AClubs, 7Clubs, QClubs, QHearts, 6Hearts, 2Hearts, KSpades, 4Spades.
P3 HAND: ADiamonds, 7Diamonds, QDiamonds, KClubs, 5Clubs, 4Clubs, 3Clubs, 2Clubs, 7Hearts, 4Hearts.
P3 ADiamonds P0 2Diamonds P1 6Diamonds P2 4Diamonds 
P3 2Clubs P0 JClubs P1 6Clubs P2 AClubs 
P2 4Spades P3 3Clubs P0 2Spades P1 ASpades 
P1 5Diamonds P2 JDiamonds P3 7Diamonds P0 3Diamonds 
P3 4Clubs P0 KDiamonds P1 6Spades P2 7Clubs 
P2 QClubs P3 5Clubs P0 QSpades P1 5Hearts 
P1 JSpades P2 KSpades P3 4Hearts P0 3Spades 
P3 QDiamonds P0 5Spades P1 JHearts P2 2Hearts 
P1 KHearts P2 6Hearts P3 7Hearts P0 AHearts 
P0 3Hearts P1 7Spades P2 QHearts P3 KClubs 
-- /GAME --
P0 HAND: ADiamonds, 4Diamonds, 6Clubs, 4Clubs, AHearts, KHearts, QHearts, 2Hearts, 4Spades, 2Spades.
P1 HAND: JDiamonds, 3Diamonds, 2Diamonds, AClubs, KClubs, QClubs, 3Clubs, 5Hearts, ASpades, 3Spades.
P2 HAND: 7Diamonds, KDiamonds, 6Diamonds, 5Diamonds, 7Clubs, JClubs, 2Clubs, 7Hearts, 6Hearts, QSpades.
P3 HAND: QDiamonds, 5Clubs, JHearts, 4Hearts, 3Hearts, 7Spades, KSpades, JSpades, 6Spades, 5Spades.
P2 2Clubs P3 5Clubs P0 4Clubs P1 AClubs 
P1 2Diamonds P2 5Diamonds P3 QDiamonds P0 ADiamonds 
P0 AHearts P1 5Hearts P2 7Hearts P3 3Hearts 
P0 6Clubs P1 3Clubs P2 7Clubs P3 5Spades 
P3 4Hearts P0 QHearts P1 3Diamonds P2 6Hearts 
P0 4Diamonds P1 JDiamonds P2 6Diamonds P3 JHearts 
P1 QClubs P2 JClubs P3 6Spades P0 2Hearts 
P3 JSpades P0 2Spades P1 3Spades P2 QSpades 
P3 KSpades P0 4Spades P1 ASpades P2 KDiamonds 
P1 KClubs P2 7Diamonds P3 7Spades P0 KHearts 
-- /GAME --
P0 HAND: ADiamonds, 5Diamonds, AClubs, 2Clubs, QHearts, 5Hearts, 2Hearts, 7Spades, JSpades, 3Spades.
P1 HAND: 6Diamonds, KClubs, QClubs, 6Clubs, 6Hearts, 4Hearts, ASpades, QSpades, 5Spades, 4Spades.
P2 HAND: 2Diamonds, JClubs, 5Clubs, 4Clubs, 3Clubs, AHearts, KHearts, JHearts, 3Hearts, 6Spades.
P3 HAND: 7Diamonds, KDiamonds, JDiamonds, QDiamonds, 4Diamonds, 3Diamonds, 7Clubs, 7Hearts, KSpades, 2Spades.
P1 ASpades P2 6Spades P3 KSpades P0 3Spades 
P1 4Hearts P2 AHearts P3 7Hearts P0 QHearts 
P2 3Clubs P3 7Clubs P0 AClubs P1 6Clubs 
P0 5Hearts P1 6Hearts P2 3Hearts P3 2Spades 
P1 4Spades P2 4Clubs P3 3Diamonds P0 JSpades 
P3 4Diamonds P0 5Diamonds P1 6Diamonds P2 2Diamonds 
P1 5Spades P2 5Clubs P3 QDiamonds P0 7Spades 
P3 JDiamonds P0 ADiamonds P1 QClubs P2 KHearts 
P0 2Hearts P1 QSpades P2 JHearts P3 KDiamonds 
P3 7Diamonds P0 2Clubs P1 KClubs P2 JClubs 
-- /GAME --
P0 HAND: KDiamonds, 5Diamonds, 4Diamonds, 2Diamonds, KClubs, 4Clubs, JSpades, 6Spades, 5Spades, 3Spades.
P1 HAND: 7Diamonds, JDiamonds, 6Diamonds, AClubs, 3Clubs, 6Hearts, 5Hearts, 2Hearts, KSpades, 4Spades.
P2 HAND: ADiamonds, 7Clubs, QClubs, 6Clubs, 5Clubs, AHearts, KHearts, QHearts, QSpades, 2Spades.
P3 HAND: QDiamonds, 3Diamonds, JClubs, 2Clubs, 7Hearts, JHearts, 4Hearts, 3Hearts, ASpades, 7Spades.
P0 2Diamonds P1 6Diamonds P2 ADiamonds P3 3Diamonds 
P2 AHearts P3 3Hearts P0 KClubs P1 2Hearts 
P2 5Clubs P3 2Clubs P0 4Clubs P1 AClubs 
P1 3Clubs P2 6Clubs P3 JClubs P0 4Diamonds 
P3 4Hearts P0 5Diamonds P1 5Hearts P2 KHearts 
P2 QClubs P3 QDiamonds P0 3Spades P1 6Hearts 
P0 5Spades P1 4Spades P2 2Spades P3 7Spades 
P3 JHearts P0 JSpades P1 KSpades P2 QHearts 
P1 JDiamonds P2 QSpades P3 ASpades P0 KDiamonds 
P3 7Hearts P0 6Spades P1 7Diamonds P2 7Clubs 
-- /GAME --
P0 HAND: QDiamonds, 6Diamonds, 3Diamonds, JClubs, 4Clubs, JHearts, QHearts, 5Hearts, 6Spades, 3Spades.
P1 HAND: KDiamonds, JDiamonds, 5Diamonds, 4Diamonds, 6Clubs, 6Hearts, 3Hearts, KSpades, 5Spades, 2Spades.
P2 HAND: ADiamonds, 7Diamonds, AClubs, KClubs, QClubs, 3Clubs, AHearts, 7Hearts, ASpades, JSpades.
P3 HAND: 2Diamonds, 7Clubs, 5Clubs, 2Clubs, KHearts, 4Hearts, 2Hearts, 7Spades, QSpades, 4Spades.
P3 2Clubs P0 JClubs P1 6Clubs P2 AClubs 
P2 AHearts P3 2Hearts P0 JHearts P1 3Hearts 
P2 ASpades P3 4Spades P0 3Spades P1 2Spades 
P2 3Clubs P3 5Clubs P0 4Clubs P1 KSpades 
P3 4Hearts P0 5Hearts P1 6Hearts P2 7Hearts 
P2 QClubs P3 7Clubs P0 QDiamonds P1 JDiamonds 
P1 5Spades P2 JSpades P3 QSpades P0 6Spades 
P2 7Diamonds P3 2Diamonds P0 3Diamonds P1 4Diamonds 
P2 ADiamonds P3 KHearts P0 6Diamonds P1 5Diamonds 
P2 KClubs P3 7Spades P0 QHearts P1 KDiamonds 
-- /GAME --
P0 HAND: QDiamonds, 6Diamonds, 7Clubs, KClubs, 6Clubs, 5Clubs, 2Clubs, KHearts, 5Hearts, QSpades.
P1 HAND: JDiamonds, 2Diamonds, AClubs, 4Clubs, 3Clubs, 3Hearts, 2Hearts, 7Spades, JSpades, 5Spades.
P2 HAND: ADiamonds, 5Diamonds, QClubs, AHearts, 7Hearts, JHearts, 4Hearts, 6Spades, 3Spades, 2Spades.
P3 HAND: 7Diamonds, KDiamonds, 4Diamonds, 3Diamonds, JClubs, QHearts, 6Hearts, ASpades, KSpades, 4Spades.

