-- GAME --
P0 HAND: QDiamonds, 4Diamonds, AHearts, 7Hearts, KHearts, JHearts, QHearts, ASpades, 6Spades, 2Spades.
P1 HAND: 7Diamonds, 6Diamonds, 7Clubs, JClubs, QClubs, 5Clubs, 6Hearts, 3Hearts, 2Hearts, QSpades.
P2 HAND: ADiamonds, JDiamonds, 3Diamonds, 3Clubs, 4Hearts, 7Spades, KSpades, JSpades, 5Spades, 4Spades.
P3 HAND: KDiamonds, 5Diamonds, 2Diamonds, AClubs, KClubs, 6Clubs, 4Clubs, 2Clubs, 5Hearts, 3Spades.
P1 5Clubs P2 3Clubs P3 AClubs P0 ASpades 
P3 2Diamonds P0 QDiamonds P1 6Diamonds P2 ADiamonds 
P2 3Diamonds P3 5Diamonds P0 4Diamonds P1 7Diamonds 
P1 QClubs P2 4Spades P3 2Clubs P0 AHearts 
P0 QHearts P1 2Hearts P2 4Hearts P3 5Hearts 
P0 JHearts P1 3Hearts P2 5Spades P3 3Spades 
P0 KHearts P1 6Hearts P2 JDiamonds P3 4Clubs 
P0 7Hearts P1 QSpades P2 JSpades P3 6Clubs 
P0 6Spades P1 JClubs P2 KSpades P3 KDiamonds 
P2 7Spades P3 KClubs P0 2Spades P1 7Clubs 
-- /GAME --
P0 HAND: 4Clubs, KHearts, JHearts, QHearts, 3Hearts, 2Hearts, ASpades, JSpades, 5Spades, 4Spades.
P1 HAND: ADiamonds, KDiamonds, AClubs, KClubs, QClubs, 4Hearts, 7Spades, KSpades, QSpades, 2Spades.
P2 HAND: JDiamonds, 2Diamonds, 7Clubs, JClubs, 3Clubs, 2Clubs, 7Hearts, 5Hearts, 6Spades, 3Spades.
P3 HAND: 7Diamonds, QDiamonds, 6Diamonds, 5Diamonds, 4Diamonds, 3Diamonds, 6Clubs, 5Clubs, AHearts, 6Hearts.
P0 KHearts P1 4Hearts P2 5Hearts P3 AHearts 
P3 5Clubs P0 4Clubs P1 AClubs P2 2Clubs 
P1 2Spades P2 3Spades P3 6Clubs P0 ASpades 
P0 QHearts P1 QClubs P2 7Hearts P3 6Hearts 
P2 3Clubs P3 3Diamonds P0 JHearts P1 KClubs 
P3 4Diamonds P0 JSpades P1 KDiamonds P2 2Diamonds 
P1 QSpades P2 6Spades P3 5Diamonds P0 4Spades 
P3 6Diamonds P0 3Hearts P1 ADiamonds P2 JDiamonds 
P1 KSpades P2 JClubs P3 QDiamonds P0 5Spades 
P3 7Diamonds P0 2Hearts P1 7Spades P2 7Clubs 
-- /GAME --
P0 HAND: 2Diamonds, AClubs, 4Clubs, QHearts, 6Hearts, 4Hearts, 2Hearts, QSpades, 6Spades, 4Spades.
P1 HAND: ADiamonds, KDiamonds, 5Diamonds, 3Diamonds, 7Clubs, 2Clubs, 7Spades, JSpades, 5Spades, 2Spades.
P2 HAND: 7Diamonds, 6Diamonds, 4Diamonds, JClubs, 5Clubs, 3Clubs, 7Hearts, JHearts, 5Hearts, KSpades.
P3 HAND: JDiamonds, QDiamonds, KClubs, QClubs, 6Clubs, AHearts, KHearts, 3Hearts, ASpades, 3Spades.
P3 ASpades P0 4Spades P1 7Spades P2 KSpades 
P3 3Spades P0 QSpades P1 2Spades P2 7Diamonds 
P0 AClubs P1 2Clubs P2 JClubs P3 6Clubs 
P0 2Diamonds P1 ADiamonds P2 4Diamonds P3 JDiamonds 
P1 3Diamonds P2 6Diamonds P3 QDiamonds P0 QHearts 
P0 6Spades P1 5Spades P2 3Clubs P3 QClubs 
P0 4Clubs P1 7Clubs P2 5Clubs P3 KClubs 
P1 5Diamonds P2 5Hearts P3 3Hearts P0 6Hearts 
P0 4Hearts P1 JSpades P2 JHearts P3 KHearts 
P3 AHearts P0 2Hearts P1 KDiamonds P2 7Hearts 
-- /GAME --
P0 HAND: JDiamonds, 5Diamonds, 3Diamonds, 2Diamonds, AClubs, JHearts, QSpades, 6Spades, 5Spades, 3Spades.
P1 HAND: 7Diamonds, QDiamonds, 4Diamonds, 5Clubs, 4Clubs, 3Clubs, 6Hearts, 3Hearts, 2Hearts, 7Spades.
P2 HAND: 6Diamonds, 7Clubs, KClubs, JClubs, AHearts, 7Hearts, KHearts, QHearts, 4Spades, 2Spades.
P3 HAND: ADiamonds, KDiamonds, QClubs, 6Clubs, 2Clubs, 5Hearts, 4Hearts, ASpades, KSpades, JSpades.
P2 AHearts P3 4Hearts P0 JHearts P1 2Hearts 
P2 2Spades P3 ASpades P0 3Spades P1 7Spades 
P3 2Clubs P0 AClubs P1 3Clubs P2 7Clubs 
P0 QSpades P1 3Hearts P2 4Spades P3 KSpades 
P3 5Hearts P0 JDiamonds P1 6Hearts P2 7Hearts 
P0 5Diamonds P1 4Diamonds P2 6Diamonds P3 KDiamonds 
P3 6Clubs P0 2Diamonds P1 4Clubs P2 KClubs 
P0 3Diamonds P1 QDiamonds P2 QHearts P3 ADiamonds 
P3 QClubs P0 5Spades P1 5Clubs P2 JClubs 
P2 KHearts P3 JSpades P0 6Spades P1 7Diamonds 
-- /GAME --
P0 HAND: 7Diamonds, QDiamonds, 6Diamonds, 5Clubs, 7Hearts, QHearts, 4Hearts, ASpades, 7Spades, JSpades.
P1 HAND: JDiamonds, 5Diamonds, 4Diamonds, JClubs, QClubs, 6Clubs, JHearts, 5Hearts, 6Spades, 3Spades.
P2 HAND: ADiamonds, KDiamonds, 7Clubs, 3Clubs, 2Hearts, KSpades, QSpades, 5Spades, 4Spades, 2Spades.
P3 HAND: 3Diamonds, 2Diamonds, AClubs, KClubs, 4Clubs, 2Clubs, AHearts, KHearts, 6Hearts, 3Hearts.
P1 4Diamonds P2 ADiamonds P3 2Diamonds P0 QDiamonds 
P2 2Hearts P3 AHearts P0 4Hearts P1 JHearts 
P3 AClubs P0 5Clubs P1 JClubs P2 3Clubs 
P3 2Clubs P0 ASpades P1 6Clubs P2 7Clubs 
P0 QHearts P1 5Hearts P2 2Spades P3 3Hearts 
P2 4Spades P3 3Diamonds P0 JSpades P1 3Spades 
P0 7Spades P1 6Spades P2 5Spades P3 4Clubs 
P0 7Diamonds P1 5Diamonds P2 KDiamonds P3 6Hearts 
P0 6Diamonds P1 JDiamonds P2 QSpades P3 KClubs 
P2 KSpades P3 KHearts P0 7Hearts P1 QClubs 
-- /GAME --
P0 HAND: ADiamonds, QDiamonds, JClubs, QClubs, 2Clubs, AHearts, 7Spades, QSpades, 4Spades, 2Spades.
P1 HAND: KDiamonds, 5Diamonds, 3Diamonds, KClubs, 6Clubs, 5Clubs, 3Clubs, KHearts, JHearts, 3Spades.
P2 HAND: 7Diamonds, JDiamonds, 7Clubs, 4Clubs, 7Hearts, QHearts, 4Hearts, 3Hearts, ASpades, 6Spades.
P3 HAND: 6Diamonds, 4Diamonds, 2Diamonds, AClubs, 6Hearts, 5Hearts, 2Hearts, KSpades, JSpades, 5Spades.
P0 QClubs P1 3Clubs P2 4Clubs P3 AClubs 
P3 2Diamonds P0 ADiamonds P1 3Diamonds P2 7Diamonds 
P0 AHearts P1 JHearts P2 7Hearts P3 2Hearts 
P0 QDiamonds P1 5Diamonds P2 JDiamonds P3 4Diamonds 
P2 3Hearts P3 5Hearts P0 JClubs P1 KHearts 
P1 5Clubs P2 7Clubs P3 5Spades P0 2Clubs 
P3 6Diamonds P0 QSpades P1 KDiamonds P2 QHearts 
P0 7Spades P1 3Spades P2 6Spades P3 JSpades 
P0 4Spades P1 6Clubs P2 ASpades P3 KSpades 
P2 4Hearts P3 6Hearts P0 2Spades P1 KClubs 
-- /GAME --
P0 HAND: ADiamonds, 2Diamonds, AClubs, KClubs, JClubs, 6Clubs, 5Clubs, 5Hearts, 3Hearts, QSpades.
P1 HAND: 7Diamonds, JDiamonds, 6Diamonds, 5Diamonds, QClubs, 4Clubs, AHearts, QHearts, 6Spades, 4Spades.
P2 HAND: KDiamonds, 3Diamonds, 7Clubs, 2Clubs, KHearts, JHearts, 6Hearts, ASpades, JSpades, 5Spades.
P3 HAND: QDiamonds, 4Diamonds, 3Clubs, 7Hearts, 4Hearts, 2Hearts, 7Spades, KSpades, 3Spades, 2Spades.
P3 2Hearts P0 5Hearts P1 AHearts P2 6Hearts 
P1 4Clubs P2 2Clubs P3 3Clubs P0 KClubs 
P0 AClubs P1 QClubs P2 7Clubs P3 2Spades 
P3 4Diamonds P0 ADiamonds P1 5Diamonds P2 KDiamonds 
P0 QSpades P1 4Spades P2 5Spades P3 3Spades 

