-- GAME --
P0 HAND: ADiamonds, 7Diamonds, JDiamonds, 6Diamonds, 7Clubs, JClubs, 5Clubs, 2Clubs, 4Hearts, QSpades.
P1 HAND: 4Diamonds, 2Diamonds, AClubs, 3Clubs, 7Hearts, KHearts, 5Hearts, 6Spades, 5Spades, 4Spades.
P2 HAND: 6Clubs, 4Clubs, AHearts, JHearts, 6Hearts, 2Hearts, ASpades, 7Spades, JSpades, 2Spades.
P3 HAND: KDiamonds, QDiamonds, 5Diamonds, 3Diamonds, KClubs, QClubs, QHearts, 3Hearts, KSpades, 3Spades.
P3 3Diamonds P0 ADiamonds P1 2Diamonds P2 ASpades 
P0 7Diamonds P1 4Diamonds P2 7Spades P3 5Diamonds 
P0 QSpades P1 4Spades P2 2Spades P3 KSpades 
P3 3Spades P0 7Clubs P1 5Spades P2 JSpades 
P2 4Clubs P3 QClubs P0 2Clubs P1 AClubs 
P1 3Clubs P2 6Clubs P3 KClubs P0 5Clubs 
P3 QDiamonds P0 JDiamonds P1 5Hearts P2 6Hearts 
P2 2Hearts P3 3Hearts P0 4Hearts P1 KHearts 
P1 6Spades P2 JHearts P3 QHearts P0 JClubs 
P2 AHearts P3 KDiamonds P0 6Diamonds P1 7Hearts 
-- /GAME --
P0 HAND: QDiamonds, 6Diamonds, 5Diamonds, 6Clubs, 3Clubs, AHearts, JHearts, ASpades, 7Spades, QSpades.
P1 HAND: ADiamonds, 3Diamonds, 2Diamonds, 4Clubs, 2Clubs, 7Hearts, 3Hearts, KSpades, JSpades, 2Spades.
P2 HAND: JDiamonds, KClubs, JClubs, 5Clubs, KHearts, QHearts, 5Hearts, 2Hearts, 6Spades, 3Spades.
P3 HAND: 7Diamonds, KDiamonds, 4Diamonds, AClubs, 7Clubs, QClubs, 6Hearts, 4Hearts, 5Spades, 4Spades.
P2 2Hearts P3 4Hearts P0 JHearts P1 7Hearts 
P1 ADiamonds P2 JDiamonds P3 7Diamonds P0 5Diamonds 
P1 2Diamonds P2 5Clubs P3 KDiamonds P0 6Diamonds 
P3 AClubs P0 6Clubs P1 4Clubs P2 JClubs 
P3 4Diamonds P0 QDiamonds P1 3Diamonds P2 KClubs 
P0 AHearts P1 3Hearts P2 5Hearts P3 6Hearts 
P0 3Clubs P1 2Clubs P2 QHearts P3 7Clubs 
P3 QClubs P0 QSpades P1 2Spades P2 KHearts 
P0 7Spades P1 JSpades P2 3Spades P3 4Spades 
P0 ASpades P1 KSpades P2 6Spades P3 5Spades 
-- /GAME --
P0 HAND: ADiamonds, 6Diamonds, AClubs, QClubs, 4Clubs, 5Hearts, 3Hearts, 7Spades, QSpades, 3Spades.
P1 HAND: 5Diamonds, 2Diamonds, 7Clubs, KClubs, 3Clubs, 7Hearts, KHearts, 6Hearts, ASpades, 4Spades.
P2 HAND: KDiamonds, JDiamonds, QDiamonds, 6Clubs, 2Clubs, JHearts, 2Hearts, KSpades, 6Spades, 5Spades.
P3 HAND: 7Diamonds, 4Diamonds, 3Diamonds, JClubs, 5Clubs, AHearts, QHearts, 4Hearts, JSpades, 2Spades.

