-- GAME --
P0 HAND: 7Clubs, QClubs, 5Clubs, 4Clubs, 7Hearts, KHearts, 2Hearts, QSpades, 5Spades, 4Spades.
P1 HAND: JDiamonds, QDiamonds, 2Diamonds, QHearts, 5Hearts, 4Hearts, 3Hearts, ASpades, 7Spades, 6Spades.
P2 HAND: ADiamonds, 6Diamonds, 5Diamonds, 3Diamonds, KClubs, JClubs, 6Clubs, AHearts, JHearts, 3Spades.
P3 HAND: 7Diamonds, KDiamonds, 4Diamonds, AClubs, 3Clubs, 2Clubs, 6Hearts, KSpades, JSpades, 2Spades.
P3 2Spades P0 4Spades P1 ASpades P2 3Spades 
P1 2Diamonds P2 ADiamonds P3 4Diamonds P0 7Hearts 
P2 AHearts P3 6Hearts P0 KHearts P1 3Hearts 
P2 3Diamonds P3 KDiamonds P0 QClubs P1 QDiamonds 
P0 2Hearts P1 4Hearts P2 JHearts P3 2Clubs 
P3 JSpades P0 QSpades P1 7Spades P2 6Clubs 
P2 5Diamonds P3 7Diamonds P0 4Clubs P1 JDiamonds 
P0 5Spades P1 6Spades P2 6Diamonds P3 KSpades 
P3 3Clubs P0 7Clubs P1 5Hearts P2 JClubs 
P0 5Clubs P1 QHearts P2 KClubs P3 AClubs 
-- /GAME --
P0 HAND: ADiamonds, 7Diamonds, KDiamonds, JDiamonds, 5Clubs, AHearts, 2Hearts, ASpades, 7Spades, 5Spades.
P1 HAND: AClubs, QClubs, 6Clubs, 4Clubs, 7Hearts, JHearts, 3Hearts, KSpades, QSpades, 3Spades.
P2 HAND: 6Diamonds, 5Diamonds, 4Diamonds, 3Diamonds, 7Clubs, KClubs, JClubs, 3Clubs, 2Clubs, 6Spades.
P3 HAND: QDiamonds, 2Diamonds, KHearts, QHearts, 6Hearts, 5Hearts, 4Hearts, JSpades, 4Spades, 2Spades.
P2 2Clubs P3 2Diamonds P0 5Clubs P1 AClubs 
P1 3Spades P2 6Spades P3 2Spades P0 ASpades 
P0 ADiamonds P1 3Hearts P2 3Diamonds P3 QDiamonds 
P1 4Clubs P2 3Clubs P3 4Spades P0 JDiamonds 
P1 6Clubs P2 JClubs P3 4Hearts P0 KDiamonds 
P3 JSpades P0 7Spades P1 QSpades P2 7Clubs 
P0 5Spades P1 KSpades P2 4Diamonds P3 5Hearts 
P3 6Hearts P0 2Hearts P1 JHearts P2 5Diamonds 
P1 QClubs P2 KClubs P3 QHearts P0 7Diamonds 
P3 KHearts P0 AHearts P1 7Hearts P2 6Diamonds 
-- /GAME --
P0 HAND: 3Diamonds, 2Diamonds, AClubs, KClubs, 5Clubs, 7Hearts, 4Hearts, QSpades, 5Spades, 4Spades.
P1 HAND: KDiamonds, JDiamonds, 5Diamonds, QClubs, 4Clubs, AHearts, JHearts, KSpades, JSpades, 6Spades.
P2 HAND: JClubs, 6Clubs, KHearts, QHearts, 6Hearts, 5Hearts, 3Hearts, 2Hearts, 7Spades, 3Spades.
P3 HAND: ADiamonds, 7Diamonds, QDiamonds, 6Diamonds, 4Diamonds, 7Clubs, 3Clubs, 2Clubs, ASpades, 2Spades.

