-- GAME --
P0 HAND: ADiamonds, 7Diamonds, 5Diamonds, 3Clubs, JHearts, 6Hearts, KSpades, QSpades, 4Spades, 3Spades.
P1 HAND: KDiamonds, QDiamonds, 4Diamonds, AClubs, 6Clubs, 4Hearts, 3Hearts, 7Spades, JSpades, 2Spades.
P2 HAND: 6Diamonds, 3Diamonds, 2Diamonds, 7Clubs, KClubs, JClubs, QClubs, 2Clubs, 5Hearts, 5Spades.
P3 HAND: JDiamonds, 5Clubs, 4Clubs, AHearts, 7Hearts, KHearts, QHearts, 2Hearts, ASpades, 6Spades.
P3 2Hearts P0 6Hearts P1 3Hearts P2 5Hearts 
P0 JHearts P1 4Hearts P2 2Diamonds P3 AHearts 
P3 4Clubs P0 3Clubs P1 AClubs P2 2Clubs 
P1 4Diamonds P2 3Diamonds P3 JDiamonds P0 ADiamonds 
P0 7Diamonds P1 QDiamonds P2 6Diamonds P3 6Spades 
P3 5Clubs P0 5Diamonds P1 6Clubs P2 7Clubs 
P2 QClubs P3 QHearts P0 3Spades P1 2Spades 
P0 4Spades P1 JSpades P2 5Spades P3 ASpades 
P3 KHearts P0 QSpades P1 7Spades P2 JClubs 
P1 KDiamonds P2 KClubs P3 7Hearts P0 KSpades 
-- /GAME --
P0 HAND: 7Diamonds, 4Diamonds, 7Clubs, AHearts, QHearts, 4Hearts, 3Hearts, ASpades, 7Spades, 6Spades.
P1 HAND: ADiamonds, QDiamonds, 3Diamonds, 2Diamonds, 6Clubs, 2Clubs, 7Hearts, KHearts, 6Hearts, KSpades.
P2 HAND: KDiamonds, 6Diamonds, 5Diamonds, KClubs, JClubs, QClubs, JHearts, 5Spades, 4Spades, 3Spades.
P3 HAND: JDiamonds, AClubs, 5Clubs, 4Clubs, 3Clubs, 5Hearts, 2Hearts, JSpades, QSpades, 2Spades.
P2 3Spades P3 2Spades P0 ASpades P1 KSpades 
P0 4Diamonds P1 ADiamonds P2 5Diamonds P3 JDiamonds 
P1 2Diamonds P2 6Diamonds P3 3Clubs P0 7Diamonds 
P0 6Spades P1 2Clubs P2 4Spades P3 JSpades 
P3 4Clubs P0 7Clubs P1 6Clubs P2 KClubs 
P0 3Hearts P1 6Hearts P2 JHearts P3 2Hearts 
P2 5Spades P3 QSpades P0 7Spades P1 KHearts 
P1 3Diamonds P2 KDiamonds P3 5Clubs P0 4Hearts 
P0 AHearts P1 7Hearts P2 JClubs P3 5Hearts 
P0 QHearts P1 QDiamonds P2 QClubs P3 AClubs 
-- /GAME --
P0 HAND: JDiamonds, 6Diamonds, 5Diamonds, 3Diamonds, 2Diamonds, 6Clubs, 5Clubs, AHearts, 6Hearts, 7Spades.
P1 HAND: QDiamonds, 4Diamonds, KClubs, KHearts, JHearts, QHearts, 5Hearts, 4Hearts, 3Hearts, QSpades.
P2 HAND: ADiamonds, 7Diamonds, AClubs, 7Clubs, QClubs, 4Clubs, 2Clubs, ASpades, 5Spades, 2Spades.
P3 HAND: KDiamonds, JClubs, 3Clubs, 7Hearts, 2Hearts, KSpades, JSpades, 6Spades, 4Spades, 3Spades.
P1 4Diamonds P2 ADiamonds P3 KDiamonds P0 JDiamonds 
P2 2Clubs P3 3Clubs P0 6Clubs P1 KClubs 
P1 QDiamonds P2 7Diamonds P3 2Hearts P0 2Diamonds 
P3 3Spades P0 7Spades P1 QSpades P2 ASpades 
P2 2Spades P3 4Spades P0 5Clubs P1 3Hearts 
P1 4Hearts P2 4Clubs P3 7Hearts P0 AHearts 
P0 6Diamonds P1 5Hearts P2 5Spades P3 KSpades 
P1 QHearts P2 QClubs P3 6Spades P0 6Hearts 
P1 JHearts P2 7Clubs P3 JClubs P0 5Diamonds 
P1 KHearts P2 AClubs P3 JSpades P0 3Diamonds 
-- /GAME --
P0 HAND: ADiamonds, 6Diamonds, 4Diamonds, QClubs, 2Clubs, 5Hearts, 2Hearts, ASpades, JSpades, 5Spades.
P1 HAND: KDiamonds, 3Diamonds, 3Clubs, AHearts, 7Hearts, JHearts, QSpades, 6Spades, 3Spades, 2Spades.
P2 HAND: 7Diamonds, AClubs, 6Clubs, 4Clubs, KHearts, QHearts, 6Hearts, 3Hearts, 7Spades, 4Spades.
P3 HAND: JDiamonds, QDiamonds, 5Diamonds, 2Diamonds, 7Clubs, KClubs, JClubs, 5Clubs, 4Hearts, KSpades.
P0 ADiamonds P1 3Diamonds P2 7Diamonds P3 2Diamonds 
P0 ASpades P1 2Spades P2 7Spades P3 KSpades 
P0 JSpades P1 3Spades P2 4Spades P3 4Hearts 
P0 6Diamonds P1 KDiamonds P2 3Hearts P3 JDiamonds 
P1 6Spades P2 6Hearts P3 5Diamonds P0 5Spades 
P1 QSpades P2 QHearts P3 QDiamonds P0 QClubs 
P0 2Hearts P1 JHearts P2 KHearts P3 5Clubs 
P3 JClubs P0 2Clubs P1 3Clubs P2 4Clubs 
P3 KClubs P0 4Diamonds P1 7Hearts P2 AClubs 
P2 6Clubs P3 7Clubs P0 5Hearts P1 AHearts 
-- /GAME --
P0 HAND: 6Diamonds, 4Diamonds, 7Clubs, KClubs, QClubs, 7Hearts, 4Hearts, 6Spades, 5Spades, 2Spades.
P1 HAND: ADiamonds, KDiamonds, JDiamonds, QDiamonds, AClubs, KHearts, 2Hearts, KSpades, 4Spades, 3Spades.
P2 HAND: 2Diamonds, 6Clubs, 4Clubs, 3Clubs, 2Clubs, AHearts, 6Hearts, 5Hearts, ASpades, JSpades.
P3 HAND: 7Diamonds, 5Diamonds, 3Diamonds, JClubs, 5Clubs, JHearts, QHearts, 3Hearts, 7Spades, QSpades.

