-- GAME --
P0 HAND: 7Diamonds, 2Diamonds, JClubs, QClubs, 6Clubs, 5Clubs, 2Clubs, 6Hearts, 4Hearts, 7Spades.
P1 HAND: QDiamonds, AClubs, 7Clubs, KClubs, 3Clubs, 5Hearts, KSpades, JSpades, QSpades, 5Spades.
P2 HAND: ADiamonds, 4Diamonds, 3Diamonds, AHearts, KHearts, JHearts, QHearts, ASpades, 6Spades, 2Spades.
P3 HAND: KDiamonds, JDiamonds, 6Diamonds, 5Diamonds, 4Clubs, 7Hearts, 3Hearts, 2Hearts, 4Spades, 3Spades.
P0 7Spades P1 5Spades P2 ASpades P3 3Spades 
P2 ADiamonds P3 5Diamonds P0 7Diamonds P1 QDiamonds 
P2 2Spades P3 4Spades P0 4Hearts P1 QSpades 
P0 2Clubs P1 AClubs P2 QHearts P3 4Clubs 
P2 3Diamonds P3 6Diamonds P0 2Diamonds P1 7Clubs 
P3 JDiamonds P0 6Hearts P1 3Clubs P2 4Diamonds 
P0 JClubs P1 KClubs P2 JHearts P3 7Hearts 
P3 2Hearts P0 QClubs P1 5Hearts P2 KHearts 
P2 6Spades P3 3Hearts P0 5Clubs P1 KSpades 
P3 KDiamonds P0 6Clubs P1 JSpades P2 AHearts 
-- /GAME --
P0 HAND: 5Diamonds, 3Diamonds, AClubs, 7Clubs, KClubs, QClubs, 6Clubs, QHearts, JSpades, 2Spades.
P1 HAND: KDiamonds, 2Diamonds, JClubs, 4Clubs, 3Clubs, 7Hearts, 2Hearts, ASpades, QSpades, 6Spades.
P2 HAND: 7Diamonds, JDiamonds, QDiamonds, 6Diamonds, 4Diamonds, 5Clubs, 6Hearts, 3Hearts, 5Spades, 3Spades.
P3 HAND: ADiamonds, 2Clubs, AHearts, KHearts, JHearts, 5Hearts, 4Hearts, 7Spades, KSpades, 4Spades.
P3 ADiamonds P0 3Diamonds P1 KDiamonds P2 4Diamonds 
P3 4Hearts P0 QHearts P1 2Hearts P2 6Hearts 
P0 5Diamonds P1 2Diamonds P2 6Diamonds P3 4Spades 
P2 3Hearts P3 5Hearts P0 QClubs P1 7Hearts 
P0 6Clubs P1 3Clubs P2 5Clubs P3 2Clubs 
P0 2Spades P1 ASpades P2 3Spades P3 7Spades 
P1 6Spades P2 5Spades P3 KSpades P0 JSpades 
P3 JHearts P0 KClubs P1 QSpades P2 7Diamonds 
P0 7Clubs P1 4Clubs P2 QDiamonds P3 KHearts 
P0 AClubs P1 JClubs P2 JDiamonds P3 AHearts 
-- /GAME --
P0 HAND: 5Diamonds, QClubs, 6Clubs, 5Clubs, 6Hearts, 4Hearts, 2Hearts, 7Spades, QSpades, 2Spades.
P1 HAND: KDiamonds, QDiamonds, 3Diamonds, 2Diamonds, KClubs, 3Clubs, 2Clubs, JHearts, 5Spades, 3Spades.
P2 HAND: ADiamonds, JDiamonds, 6Diamonds, JClubs, 4Clubs, AHearts, KHearts, KSpades, JSpades, 6Spades.
P3 HAND: 7Diamonds, 4Diamonds, AClubs, 7Clubs, 7Hearts, QHearts, 5Hearts, 3Hearts, ASpades, 4Spades.
P2 AHearts P3 3Hearts P0 6Hearts P1 JHearts 
P2 4Clubs P3 AClubs P0 5Clubs P1 KClubs 
P3 ASpades P0 2Spades P1 5Spades P2 6Spades 
P3 4Spades P0 7Spades P1 3Spades P2 KSpades 
P0 QSpades P1 2Clubs P2 JSpades P3 4Diamonds 
P3 5Hearts P0 2Hearts P1 3Clubs P2 KHearts 
P2 JClubs P3 7Clubs P0 6Clubs P1 2Diamonds 
P1 3Diamonds P2 6Diamonds P3 7Diamonds P0 5Diamonds 
P3 QHearts P0 4Hearts P1 QDiamonds P2 JDiamonds 
P2 ADiamonds P3 7Hearts P0 QClubs P1 KDiamonds 
-- /GAME --
P0 HAND: QDiamonds, 5Diamonds, 3Diamonds, AClubs, KClubs, JClubs, 2Clubs, QHearts, 5Hearts, JSpades.
P1 HAND: ADiamonds, KDiamonds, 2Diamonds, 7Clubs, QClubs, 3Clubs, 2Hearts, 6Spades, 4Spades, 3Spades.
P2 HAND: 6Diamonds, 4Diamonds, 5Clubs, 4Clubs, AHearts, 6Hearts, 4Hearts, 3Hearts, 5Spades, 2Spades.
P3 HAND: 7Diamonds, JDiamonds, 6Clubs, 7Hearts, KHearts, JHearts, ASpades, 7Spades, KSpades, QSpades.
P1 2Hearts P2 AHearts P3 JHearts P0 QHearts 
P2 2Spades P3 ASpades P0 JSpades P1 6Spades 
P3 6Clubs P0 AClubs P1 3Clubs P2 5Clubs 
P0 JClubs P1 QClubs P2 4Clubs P3 JDiamonds 
P3 QSpades P0 5Hearts P1 3Spades P2 5Spades 
P3 7Diamonds P0 3Diamonds P1 2Diamonds P2 4Diamonds 
P3 KHearts P0 5Diamonds P1 4Spades P2 6Hearts 
P0 QDiamonds P1 KDiamonds P2 6Diamonds P3 7Hearts 
P1 ADiamonds P2 3Hearts P3 KSpades P0 2Clubs 
P1 7Clubs P2 4Hearts P3 7Spades P0 KClubs 
-- /GAME --
P0 HAND: JDiamonds, 4Diamonds, 3Diamonds, JClubs, 3Clubs, 7Hearts, 7Spades, 6Spades, 5Spades, 3Spades.
P1 HAND: ADiamonds, 2Diamonds, AClubs, 7Clubs, 5Clubs, 4Clubs, JHearts, QHearts, 4Hearts, 2Spades.
P2 HAND: 7Diamonds, KDiamonds, QDiamonds, 6Diamonds, 5Diamonds, KHearts, 6Hearts, 5Hearts, KSpades, JSpades.
P3 HAND: KClubs, QClubs, 6Clubs, 2Clubs, AHearts, 3Hearts, 2Hearts, ASpades, QSpades, 4Spades.
P0 3Spades P1 2Spades P2 JSpades P3 ASpades 
P3 2Clubs P0 JClubs P1 AClubs P2 5Hearts 
P2 5Diamonds P3 4Spades P0 4Diamonds P1 ADiamonds 
P1 2Diamonds P2 6Diamonds P3 6Clubs P0 JDiamonds 
P0 3Clubs P1 4Clubs P2 QDiamonds P3 KClubs 
P3 QClubs P0 7Hearts P1 5Clubs P2 7Diamonds 
P0 3Diamonds P1 4Hearts P2 KDiamonds P3 QSpades 
P1 QHearts P2 6Hearts P3 2Hearts P0 5Spades 
P1 JHearts P2 KHearts P3 AHearts P0 6Spades 
P3 3Hearts P0 7Spades P1 7Clubs P2 KSpades 
-- /GAME --
P0 HAND: 6Diamonds, AClubs, KClubs, 6Clubs, 2Clubs, KHearts, 2Hearts, JSpades, 5Spades, 3Spades.
P1 HAND: ADiamonds, 5Diamonds, 3Diamonds, 7Hearts, JHearts, 6Hearts, 5Hearts, QSpades, 6Spades, 4Spades.
P2 HAND: 7Diamonds, 4Diamonds, 7Clubs, JClubs, QClubs, 5Clubs, AHearts, QHearts, ASpades, 7Spades.
P3 HAND: KDiamonds, JDiamonds, QDiamonds, 2Diamonds, 4Clubs, 3Clubs, 4Hearts, 3Hearts, KSpades, 2Spades.
P3 2Diamonds P0 6Diamonds P1 ADiamonds P2 4Diamonds 
P1 3Diamonds P2 7Diamonds P3 QDiamonds P0 KHearts 
P2 AHearts P3 3Hearts P0 2Hearts P1 5Hearts 
P2 ASpades P3 2Spades P0 JSpades P1 4Spades 
P2 QHearts P3 4Hearts P0 KClubs P1 6Hearts 
P0 3Spades P1 6Spades P2 7Spades P3 KSpades 
P2 5Clubs P3 3Clubs P0 2Clubs P1 5Diamonds 
P2 QClubs P3 4Clubs P0 6Clubs P1 QSpades 
P2 JClubs P3 JDiamonds P0 AClubs P1 JHearts 
P0 5Spades P1 7Hearts P2 7Clubs P3 KDiamonds 
-- /GAME --

