-- GAME --
P0 HAND: KDiamonds, 2Diamonds, JClubs, QClubs, 7Hearts, JHearts, QHearts, 2Hearts, KSpades, 3Spades.
P1 HAND: ADiamonds, QDiamonds, 6Diamonds, AClubs, 7Clubs, AHearts, 6Hearts, 5Hearts, 7Spades, JSpades.
P2 HAND: 7Diamonds, 5Diamonds, 6Clubs, 5Clubs, 2Clubs, KHearts, 4Hearts, ASpades, 4Spades, 2Spades.
P3 HAND: JDiamonds, 4Diamonds, 3Diamonds, KClubs, 4Clubs, 3Clubs, 3Hearts, QSpades, 6Spades, 5Spades.
P3 3Diamonds P0 KDiamonds P1 ADiamonds P2 5Diamonds 
P1 AClubs P2 2Clubs P3 KClubs P0 QClubs 
P1 AHearts P2 4Hearts P3 3Hearts P0 2Hearts 
P1 5Hearts P2 KHearts P3 3Clubs P0 7Hearts 
P0 2Diamonds P1 6Diamonds P2 7Diamonds P3 4Diamonds 
P2 5Clubs P3 4Clubs P0 JClubs P1 7Clubs 
P1 6Hearts P2 6Clubs P3 5Spades P0 QHearts 
P3 JDiamonds P0 JHearts P1 QDiamonds P2 2Spades 
P2 4Spades P3 6Spades P0 KSpades P1 JSpades 
P0 3Spades P1 7Spades P2 ASpades P3 QSpades 
-- /GAME --
P0 HAND: JDiamonds, 6Diamonds, 4Diamonds, AClubs, QClubs, 4Clubs, JHearts, 6Hearts, 4Hearts, 6Spades.
P1 HAND: KDiamonds, 7Clubs, 6Clubs, AHearts, KHearts, 3Hearts, KSpades, JSpades, 3Spades, 2Spades.
P2 HAND: 7Diamonds, KClubs, JClubs, 5Clubs, QHearts, 5Hearts, 2Hearts, ASpades, 7Spades, 4Spades.
P3 HAND: ADiamonds, QDiamonds, 5Diamonds, 3Diamonds, 2Diamonds, 3Clubs, 2Clubs, 7Hearts, QSpades, 5Spades.
P2 ASpades P3 5Spades P0 6Spades P1 2Spades 
P2 2Hearts P3 7Hearts P0 4Hearts P1 AHearts 
P1 3Hearts P2 5Hearts P3 2Diamonds P0 JHearts 
P0 JDiamonds P1 KDiamonds P2 7Diamonds P3 ADiamonds 
P3 3Diamonds P0 6Diamonds P1 3Spades P2 7Spades 
P0 6Hearts P1 KHearts P2 QHearts P3 QDiamonds 
P1 JSpades P2 4Spades P3 QSpades P0 4Diamonds 
P1 6Clubs P2 5Clubs P3 2Clubs P0 4Clubs 
P1 7Clubs P2 JClubs P3 3Clubs P0 AClubs 
P0 QClubs P1 KSpades P2 KClubs P3 5Diamonds 
-- /GAME --
P0 HAND: 6Diamonds, 3Diamonds, JClubs, 2Clubs, AHearts, 7Hearts, 4Hearts, 3Hearts, 5Spades, 2Spades.
P1 HAND: KDiamonds, JDiamonds, 4Diamonds, 7Clubs, KClubs, 5Clubs, 3Clubs, KHearts, KSpades, JSpades.
P2 HAND: ADiamonds, 5Diamonds, 2Diamonds, 6Clubs, 4Clubs, JHearts, 6Hearts, 5Hearts, ASpades, 4Spades.
P3 HAND: 7Diamonds, QDiamonds, AClubs, QClubs, QHearts, 2Hearts, 7Spades, QSpades, 6Spades, 3Spades.
P1 3Clubs P2 4Clubs P3 AClubs P0 2Clubs 
P3 3Spades P0 5Spades P1 JSpades P2 ASpades 
P2 ADiamonds P3 QDiamonds P0 6Diamonds P1 4Diamonds 
P2 2Diamonds P3 7Diamonds P0 3Diamonds P1 KDiamonds 
P3 6Spades P0 2Spades P1 KSpades P2 4Spades 
P1 5Clubs P2 6Clubs P3 QClubs P0 JClubs 
P0 3Hearts P1 KHearts P2 5Hearts P3 2Hearts 
P1 JDiamonds P2 5Diamonds P3 QSpades P0 4Hearts 
P0 AHearts P1 KClubs P2 6Hearts P3 QHearts 
P0 7Hearts P1 7Clubs P2 JHearts P3 7Spades 
-- /GAME --
P0 HAND: QDiamonds, 6Diamonds, 4Diamonds, JClubs, QClubs, 2Clubs, AHearts, 7Spades, JSpades, 4Spades.
P1 HAND: 2Diamonds, AClubs, 4Hearts, 2Hearts, ASpades, KSpades, QSpades, 6Spades, 5Spades, 3Spades.
P2 HAND: ADiamonds, 3Diamonds, 7Clubs, 6Clubs, 5Clubs, 4Clubs, 3Clubs, 7Hearts, KHearts, 6Hearts.
P3 HAND: 7Diamonds, KDiamonds, JDiamonds, 5Diamonds, KClubs, JHearts, QHearts, 5Hearts, 3Hearts, 2Spades.

