-- GAME --
P0 HAND: ADiamonds, KDiamonds, 6Diamonds, 3Diamonds, KClubs, JClubs, 2Hearts, KSpades, JSpades, QSpades.
P1 HAND: JDiamonds, 5Diamonds, 6Clubs, 5Clubs, AHearts, KHearts, 4Hearts, 7Spades, 4Spades, 2Spades.
P2 HAND: 7Diamonds, 4Diamonds, 2Diamonds, 7Clubs, 4Clubs, 3Clubs, 2Clubs, QHearts, 6Spades, 3Spades.
P3 HAND: QDiamonds, AClubs, QClubs, 7Hearts, JHearts, 6Hearts, 5Hearts, 3Hearts, ASpades, 5Spades.
P1 AHearts P2 QHearts P3 7Hearts P0 2Hearts 
P1 4Hearts P2 2Diamonds P3 3Hearts P0 3Diamonds 
P1 5Diamonds P2 4Diamonds P3 QDiamonds P0 ADiamonds 
P0 KDiamonds P1 JDiamonds P2 7Diamonds P3 5Spades 
P3 AClubs P0 JClubs P1 6Clubs P2 2Clubs 
P3 5Hearts P0 KClubs P1 KHearts P2 3Spades 
P2 3Clubs P3 QClubs P0 KSpades P1 5Clubs 
P0 6Diamonds P1 2Spades P2 4Clubs P3 JHearts 
P1 4Spades P2 6Spades P3 ASpades P0 JSpades 
P3 6Hearts P0 QSpades P1 7Spades P2 7Clubs 
-- /GAME --
P0 HAND: KDiamonds, 3Diamonds, JClubs, 6Clubs, 5Clubs, 2Clubs, AHearts, 7Hearts, QHearts, 5Spades.
P1 HAND: ADiamonds, QDiamonds, 6Diamonds, 4Diamonds, QClubs, 3Clubs, 2Hearts, JSpades, 6Spades, 4Spades.
P2 HAND: 7Diamonds, JDiamonds, 5Diamonds, 2Diamonds, AClubs, 4Clubs, KHearts, 6Hearts, ASpades, QSpades.
P3 HAND: 7Clubs, KClubs, JHearts, 5Hearts, 4Hearts, 3Hearts, 7Spades, KSpades, 3Spades, 2Spades.
P0 5Clubs P1 3Clubs P2 AClubs P3 KClubs 
P2 ASpades P3 2Spades P0 5Spades P1 4Spades 
P2 2Diamonds P3 3Spades P0 3Diamonds P1 ADiamonds 
P1 4Diamonds P2 5Diamonds P3 3Hearts P0 KDiamonds 
P3 4Hearts P0 QHearts P1 2Hearts P2 6Hearts 
P0 JClubs P1 QClubs P2 4Clubs P3 7Clubs 
P3 5Hearts P0 7Hearts P1 6Diamonds P2 KHearts 
P0 6Clubs P1 6Spades P2 QSpades P3 JHearts 
P3 KSpades P0 AHearts P1 JSpades P2 7Diamonds 
P0 2Clubs P1 QDiamonds P2 JDiamonds P3 7Spades 
-- /GAME --
P0 HAND: ADiamonds, QDiamonds, 6Diamonds, 3Diamonds, AClubs, 6Clubs, 3Hearts, ASpades, 6Spades, 5Spades.
P1 HAND: JDiamonds, 5Diamonds, 7Clubs, QClubs, 4Clubs, AHearts, KSpades, QSpades, 3Spades, 2Spades.
P2 HAND: 7Diamonds, KDiamonds, JClubs, 3Clubs, 2Clubs, KHearts, QHearts, 4Hearts, 2Hearts, JSpades.
P3 HAND: 4Diamonds, 2Diamonds, KClubs, 5Clubs, 7Hearts, JHearts, 6Hearts, 5Hearts, 7Spades, 4Spades.
P3 2Diamonds P0 ADiamonds P1 5Diamonds P2 7Diamonds 
P0 ASpades P1 2Spades P2 JSpades P3 4Spades 
P0 QDiamonds P1 JDiamonds P2 KDiamonds P3 4Diamonds 
P2 2Hearts P3 5Hearts P0 3Hearts P1 AHearts 
P1 3Spades P2 4Hearts P3 7Spades P0 6Spades 
P3 6Hearts P0 6Clubs P1 QSpades P2 KHearts 
P0 6Diamonds P1 4Clubs P2 QHearts P3 7Hearts 
P1 QClubs P2 2Clubs P3 5Clubs P0 AClubs 
P0 3Diamonds P1 7Clubs P2 3Clubs P3 JHearts 
P1 KSpades P2 JClubs P3 KClubs P0 5Spades 
-- /GAME --
P0 HAND: JDiamonds, QDiamonds, 4Diamonds, 4Clubs, 5Hearts, 2Hearts, ASpades, 7Spades, KSpades, 4Spades.
P1 HAND: 6Diamonds, 5Diamonds, 3Diamonds, 2Diamonds, AClubs, 5Clubs, AHearts, 4Hearts, QSpades, 6Spades.
P2 HAND: 7Diamonds, KDiamonds, QClubs, 6Clubs, 2Clubs, QHearts, 3Hearts, JSpades, 3Spades, 2Spades.
P3 HAND: ADiamonds, 7Clubs, KClubs, JClubs, 3Clubs, 7Hearts, KHearts, JHearts, 6Hearts, 5Spades.
P2 2Clubs P3 3Clubs P0 4Clubs P1 AClubs 
P1 AHearts P2 3Hearts P3 7Hearts P0 5Hearts 
P1 4Hearts P2 QHearts P3 6Hearts P0 2Hearts 
P2 2Spades P3 5Spades P0 ASpades P1 6Spades 
P0 4Diamonds P1 2Diamonds P2 KDiamonds P3 ADiamonds 
P3 JClubs P0 7Spades P1 5Clubs P2 6Clubs 
P3 JHearts P0 KSpades P1 3Diamonds P2 7Diamonds 
P2 3Spades 
