-- GAME --
P0 HAND: ADiamonds, KDiamonds, 4Diamonds, 4Clubs, 3Clubs, QHearts, 6Hearts, 6Spades, 5Spades, 4Spades.
P1 HAND: JDiamonds, QDiamonds, 5Diamonds, 3Diamonds, 7Clubs, JHearts, 2Hearts, 7Spades, JSpades, QSpades.
P2 HAND: 6Diamonds, 2Diamonds, AClubs, KClubs, JClubs, 5Clubs, AHearts, KHearts, 5Hearts, 4Hearts.
P3 HAND: 7Diamonds, QClubs, 6Clubs, 2Clubs, 7Hearts, 3Hearts, ASpades, KSpades, 3Spades, 2Spades.
P3 ASpades P0 6Spades P1 7Spades P2 5Clubs 
P2 AHearts P3 3Hearts P0 QHearts P1 2Hearts 
P2 2Diamonds P3 7Diamonds P0 ADiamonds P1 3Diamonds 
P0 5Spades P1 QSpades P2 4Hearts P3 KSpades 
P3 2Spades P0 4Spades P1 JSpades P2 5Hearts 
P1 5Diamonds P2 6Diamonds P3 3Spades P0 KDiamonds 
P0 6Hearts P1 JHearts P2 KHearts P3 7Hearts 
P3 2Clubs P0 4Clubs P1 7Clubs P2 AClubs 
P2 JClubs P3 6Clubs P0 3Clubs P1 QDiamonds 
P2 KClubs P3 QClubs P0 4Diamonds P1 JDiamonds 
-- /GAME --
P0 HAND: 4Diamonds, KClubs, 4Clubs, 3Clubs, 2Clubs, KHearts, 3Hearts, 2Hearts, ASpades, 6Spades.
P1 HAND: ADiamonds, 5Diamonds, 7Clubs, 5Clubs, QHearts, 5Hearts, 7Spades, QSpades, 5Spades, 2Spades.
P2 HAND: QDiamonds, 3Diamonds, 2Diamonds, QClubs, 6Clubs, AHearts, 7Hearts, 4Hearts, KSpades, JSpades.
P3 HAND: 7Diamonds, KDiamonds, JDiamonds, 6Diamonds, AClubs, JClubs, JHearts, 6Hearts, 4Spades, 3Spades.
P2 AHearts P3 6Hearts 
