-- GAME --
P0 HAND: QDiamonds, 6Diamonds, 2Diamonds, AClubs, 5Clubs, 6Hearts, JSpades, QSpades, 4Spades, 2Spades.
P1 HAND: 7Diamonds, QClubs, 6Clubs, 4Clubs, AHearts, QHearts, 5Hearts, KSpades, 5Spades, 3Spades.
P2 HAND: JDiamonds, 4Diamonds, 7Clubs, KClubs, JClubs, 3Clubs, 2Clubs, KHearts, 3Hearts, ASpades.
P3 HAND: ADiamonds, KDiamonds, 5Diamonds, 3Diamonds, 7Hearts, JHearts, 4Hearts, 2Hearts, 7Spades, 6Spades.
P2 ASpades P3 6Spades P0 JSpades P1 3Spades 
P2 2Clubs P3 2Hearts P0 AClubs P1 4Clubs 
P0 6Hearts P1 AHearts P2 3Hearts P3 7Hearts 
P1 5Hearts P2 KHearts P3 4Hearts P0 QSpades 
P2 3Clubs P3 3Diamonds P0 5Clubs P1 QClubs 
P3 JHearts P0 QDiamonds P1 QHearts P2 7Clubs 
P0 2Spades P1 5Spades P2 4Diamonds P3 7Spades 
P2 JClubs P3 5Diamonds P0 6Diamonds P1 6Clubs 
P0 4Spades P1 KSpades P2 JDiamonds P3 KDiamonds 
P3 ADiamonds P0 2Diamonds P1 7Diamonds P2 KClubs 
-- /GAME --
P0 HAND: KDiamonds, QDiamonds, 6Diamonds, 5Diamonds, 3Clubs, AHearts, KHearts, JSpades, QSpades, 5Spades.
P1 HAND: 7Diamonds, 7Clubs, KClubs, JClubs, QClubs, 5Clubs, 6Hearts, 5Hearts, 4Hearts, KSpades.
P2 HAND: ADiamonds, 3Diamonds, 2Diamonds, 6Clubs, 7Hearts, 3Hearts, 6Spades, 4Spades, 3Spades, 2Spades.
P3 HAND: JDiamonds, 4Diamonds, AClubs, 4Clubs, 2Clubs, JHearts, QHearts, 2Hearts, ASpades, 7Spades.
P1 4Hearts P2 3Hearts P3 2Hearts P0 AHearts 
P0 3Clubs P1 5Clubs P2 6Clubs P3 AClubs 
P3 2Clubs P0 JSpades P1 QClubs P2 ADiamonds 
P0 KHearts P1 5Hearts P2 7Hearts P3 QHearts 
P2 2Diamonds P3 4Diamonds P0 5Diamonds P1 7Diamonds 
P1 6Hearts P2 3Diamonds P3 JHearts P0 QSpades 
P0 6Diamonds P1 KSpades P2 2Spades P3 JDiamonds 
P1 JClubs P2 3Spades P3 4Clubs P0 KDiamonds 
P2 4Spades P3 7Spades P0 5Spades P1 7Clubs 
P3 ASpades P0 QDiamonds P1 KClubs P2 6Spades 
-- /GAME --
P0 HAND: 7Diamonds, KDiamonds, 6Diamonds, 5Diamonds, 3Diamonds, JClubs, 6Clubs, 3Hearts, QSpades, 5Spades.
P1 HAND: QDiamonds, AClubs, KClubs, 5Clubs, 4Clubs, 2Clubs, 2Hearts, ASpades, 7Spades, KSpades.
P2 HAND: ADiamonds, 7Clubs, QClubs, AHearts, KHearts, 5Hearts, 4Hearts, 4Spades, 3Spades, 2Spades.
P3 HAND: JDiamonds, 4Diamonds, 2Diamonds, 3Clubs, 7Hearts, JHearts, QHearts, 6Hearts, JSpades, 6Spades.
P0 3Hearts P1 2Hearts P2 AHearts P3 6Hearts 
P2 ADiamonds P3 2Diamonds P0 7Diamonds P1 QDiamonds 
P2 4Hearts P3 QHearts P0 QSpades P1 2Clubs 
P0 JClubs P1 AClubs P2 QClubs P3 3Clubs 
P1 4Clubs P2 7Clubs P3 6Spades P0 6Clubs 
P3 4Diamonds P0 KDiamonds P1 5Clubs P2 KHearts 
P0 3Diamonds P1 KSpades P2 5Hearts P3 JDiamonds 
P1 7Spades P2 2Spades P3 JSpades P0 5Spades 
P1 ASpades P2 3Spades P3 JHearts P0 5Diamonds 
P1 KClubs P2 4Spades P3 7Hearts P0 6Diamonds 
-- /GAME --
P0 HAND: 7Diamonds, 2Diamonds, QClubs, 5Clubs, 5Hearts, 4Hearts, 3Hearts, 5Spades, 4Spades, 3Spades.
P1 HAND: ADiamonds, QDiamonds, 4Diamonds, JClubs, 6Clubs, 4Clubs, 2Clubs, AHearts, QHearts, JSpades.
P2 HAND: KDiamonds, 7Clubs, 3Clubs, 7Hearts, KHearts, 6Hearts, ASpades, QSpades, 6Spades, 2Spades.
P3 HAND: JDiamonds, 6Diamonds, 5Diamonds, 3Diamonds, AClubs, KClubs, JHearts, 2Hearts, 7Spades, KSpades.
P3 AClubs P0 5Clubs 
