-- GAME --
P0 HAND: KDiamonds, 5Diamonds, AClubs, 7Clubs, 3Clubs, JHearts, 6Hearts, KSpades, 5Spades, 4Spades.
P1 HAND: 7Diamonds, JDiamonds, 2Diamonds, KClubs, 5Clubs, 7Hearts, 5Hearts, 4Hearts, JSpades, QSpades.
P2 HAND: 3Diamonds, JClubs, 4Clubs, 2Clubs, KHearts, QHearts, 3Hearts, ASpades, 3Spades, 2Spades.
P3 HAND: ADiamonds, QDiamonds, 6Diamonds, 4Diamonds, QClubs, 6Clubs, AHearts, 2Hearts, 7Spades, 6Spades.
P1 2Diamonds P2 3Diamonds P3 ADiamonds P0 5Diamonds 
P3 AHearts P0 6Hearts P1 7Hearts P2 3Hearts 
P3 2Hearts P0 JHearts P1 4Hearts P2 KHearts 
P2 ASpades P3 6Spades P0 KSpades P1 QSpades 
P2 2Spades P3 7Spades P0 4Spades P1 JSpades 
P3 4Diamonds P0 KDiamonds P1 7Diamonds P2 2Clubs 
P2 3Spades P3 6Diamonds P0 5Spades P1 5Hearts 
P0 3Clubs P1 5Clubs P2 4Clubs P3 6Clubs 
P3 QDiamonds P0 7Clubs P1 JDiamonds P2 QHearts 
P0 AClubs P1 KClubs P2 JClubs P3 QClubs 
-- /GAME --
P0 HAND: ADiamonds, 7Diamonds, QDiamonds, 6Diamonds, 3Diamonds, AClubs, 6Hearts, ASpades, JSpades, 6Spades.
P1 HAND: 4Diamonds, 2Diamonds, 6Clubs, 2Clubs, AHearts, 7Hearts, 5Hearts, 7Spades, QSpades, 4Spades.
P2 HAND: KClubs, JClubs, 5Clubs, 4Clubs, 3Clubs, KHearts, JHearts, QHearts, 4Hearts, 5Spades.
P3 HAND: KDiamonds, JDiamonds, 5Diamonds, 7Clubs, QClubs, 3Hearts, 2Hearts, KSpades, 3Spades, 2Spades.
P0 6Hearts P1 AHearts P2 4Hearts P3 3Hearts 
P1 2Clubs P2 3Clubs P3 QClubs P0 AClubs 
P0 ADiamonds P1 2Diamonds P2 KClubs P3 5Diamonds 
P0 3Diamonds P1 4Diamonds P2 4Clubs P3 JDiamonds 
P3 2Hearts P0 QDiamonds P1 5Hearts P2 KHearts 
P0 7Diamonds P1 4Spades P2 JClubs P3 KDiamonds 
P0 6Spades P1 QSpades P2 5Spades P3 KSpades 
P3 2Spades P0 ASpades P1 7Spades P2 JHearts 
P0 6Diamonds P1 6Clubs P2 5Clubs P3 3Spades 
P0 JSpades P1 7Hearts P2 QHearts P3 7Clubs 
-- /GAME --
P0 HAND: QDiamonds, 5Diamonds, 4Diamonds, AClubs, KClubs, 7Hearts, JHearts, 7Spades, KSpades, JSpades.
P1 HAND: KDiamonds, 6Diamonds, 6Clubs, AHearts, QHearts, 6Hearts, 2Hearts, ASpades, 6Spades, 5Spades.
P2 HAND: ADiamonds, 7Clubs, JClubs, 2Clubs, 5Hearts, 4Hearts, 3Hearts, QSpades, 4Spades, 2Spades.
P3 HAND: 7Diamonds, JDiamonds, 3Diamonds, 2Diamonds, QClubs, 5Clubs, 4Clubs, 3Clubs, KHearts, 3Spades.
P3 2Diamonds P0 QDiamonds P1 6Diamonds P2 ADiamonds 
P2 2Clubs P3 3Clubs P0 AClubs P1 6Clubs 
P0 4Diamonds P1 KDiamonds P2 3Hearts P3 7Diamonds 
P3 3Diamonds P0 5Diamonds P1 2Hearts P2 7Clubs 
P0 KClubs P1 6Hearts P2 JClubs P3 4Clubs 
P0 JHearts P1 AHearts P2 4Hearts P3 KHearts 
P1 QHearts P2 5Hearts P3 5Clubs P0 7Hearts 
P0 JSpades P1 5Spades P2 2Spades P3 3Spades 
P0 KSpades P1 6Spades P2 4Spades P3 QClubs 
P0 7Spades P1 ASpades P2 QSpades P3 JDiamonds 
-- /GAME --
P0 HAND: ADiamonds, JDiamonds, 6Diamonds, 3Diamonds, 7Clubs, 6Clubs, AHearts, 7Hearts, 2Hearts, ASpades.
P1 HAND: AClubs, QClubs, 4Clubs, KHearts, 6Hearts, 5Hearts, 3Hearts, 7Spades, KSpades, 4Spades.
P2 HAND: QDiamonds, 5Diamonds, 4Diamonds, 2Diamonds, JClubs, 3Clubs, JHearts, QHearts, JSpades, QSpades.
P3 HAND: 7Diamonds, KDiamonds, KClubs, 5Clubs, 2Clubs, 4Hearts, 6Spades, 5Spades, 3Spades, 2Spades.
P1 AClubs P2 3Clubs P3 KClubs P0 6Clubs 
P1 4Clubs P2 JClubs P3 2Clubs P0 7Clubs 
P0 2Hearts P1 3Hearts P2 QHearts P3 4Hearts 
P2 2Diamonds P3 KDiamonds P0 ADiamonds P1 5Hearts 
P1 4Spades P2 QSpades P3 2Spades P0 ASpades 
P0 7Hearts P1 6Hearts P2 JHearts P3 3Spades 
P0 AHearts P1 KHearts P2 4Diamonds P3 5Clubs 
P0 JDiamonds P1 QClubs P2 5Diamonds P3 7Diamonds 
P3 5Spades P0 3Diamonds P1 7Spades P2 JSpades 
P1 KSpades P2 QDiamonds P3 6Spades P0 6Diamonds 
-- /GAME --
P0 HAND: 5Diamonds, AClubs, KClubs, 5Clubs, 2Clubs, 5Hearts, KSpades, JSpades, QSpades, 2Spades.
P1 HAND: ADiamonds, 4Diamonds, 7Clubs, JClubs, QClubs, 4Clubs, JHearts, 6Hearts, 3Hearts, 4Spades.
P2 HAND: KDiamonds, QDiamonds, 2Diamonds, 6Clubs, 3Clubs, 7Hearts, QHearts, 7Spades, 6Spades, 3Spades.
P3 HAND: 7Diamonds, JDiamonds, 6Diamonds, 3Diamonds, AHearts, KHearts, 4Hearts, 2Hearts, ASpades, 5Spades.
P0 5Diamonds P1 ADiamonds P2 2Diamonds P3 7Diamonds 
P1 4Diamonds P2 QDiamonds P3 3Diamonds P0 AClubs 
P2 3Clubs P3 5Spades P0 5Clubs P1 7Clubs 
P1 4Clubs P2 6Clubs P3 6Diamonds P0 KClubs 
P0 QSpades P1 4Spades P2 3Spades P3 ASpades 
P3 JDiamonds P0 5Hearts P1 QClubs P2 KDiamonds 
P0 2Clubs P1 JClubs P2 6Spades P3 2Hearts 
P3 4Hearts P0 KSpades P1 3Hearts P2 QHearts 
P2 7Hearts P3 AHearts P0 2Spades P1 6Hearts 
P3 KHearts P0 JSpades P1 JHearts P2 7Spades 
-- /GAME --
P0 HAND: 7Diamonds, JDiamonds, 7Clubs, 6Clubs, 3Clubs, 2Clubs, AHearts, KHearts, ASpades, 4Spades.
P1 HAND: KDiamonds, 5Diamonds, 2Diamonds, AClubs, KClubs, 7Hearts, QHearts, 3Hearts, 7Spades, JSpades.
P2 HAND: ADiamonds, QDiamonds, 4Diamonds, 3Diamonds, JClubs, QClubs, 4Clubs, JHearts, 6Hearts, KSpades.
P3 HAND: 6Diamonds, 5Clubs, 5Hearts, 4Hearts, 2Hearts, QSpades, 6Spades, 5Spades, 3Spades, 2Spades.
P3 2Hearts P0 AHearts P1 3Hearts P2 JHearts 
P0 2Clubs P1 KClubs P2 4Clubs P3 5Clubs 
P1 2Diamonds P2 ADiamonds P3 6Diamonds P0 JDiamonds 
P2 3Diamonds P3 2Spades P0 7Diamonds P1 5Diamonds 
P0 3Clubs P1 AClubs P2 QClubs P3 QSpades 
P1 QHearts P2 6Hearts P3 4Hearts P0 KHearts 
P0 ASpades P1 JSpades P2 KSpades P3 3Spades 
P0 4Spades P1 7Spades P2 JClubs P3 5Spades 
P2 4Diamonds P3 5Hearts P0 6Clubs P1 KDiamonds 
P0 7Clubs P1 7Hearts P2 QDiamonds P3 6Spades 
-- /GAME --
P0 HAND: QDiamonds, 6Diamonds, 4Diamonds, 7Clubs, 4Clubs, AHearts, 7Hearts, KHearts, 2Hearts, QSpades.
P1 HAND: ADiamonds, KClubs, 3Clubs, JHearts, QHearts, 5Hearts, 7Spades, 6Spades, 4Spades, 2Spades.
P2 HAND: 7Diamonds, JDiamonds, 3Diamonds, 2Diamonds, 6Clubs, 6Hearts, 4Hearts, 3Hearts, JSpades, 5Spades.
P3 HAND: KDiamonds, 5Diamonds, AClubs, JClubs, QClubs, 5Clubs, 2Clubs, ASpades, KSpades, 3Spades.
P2 2Diamonds P3 5Diamonds P0 4Diamonds P1 ADiamonds 
P1 2Spades P2 5Spades P3 ASpades P0 QSpades 
P3 2Clubs P0 4Clubs P1 3Clubs P2 6Clubs 
P2 3Diamonds P3 KDiamonds P0 6Diamonds P1 7Spades 
P3 3Spades P0 QDiamonds P1 4Spades P2 JSpades 
P2 JDiamonds P3 5Clubs P0 2Hearts P1 6Spades 
P0 KHearts P1 5Hearts P2 3Hearts P3 QClubs 
P0 7Hearts P1 QHearts P2 4Hearts P3 JClubs 
P0 AHearts P1 JHearts P2 6Hearts P3 KSpades 
P0 7Clubs P1 KClubs P2 7Diamonds P3 AClubs 
-- /GAME --
P0 HAND: KDiamonds, 4Diamonds, 7Clubs, 3Clubs, AHearts, KHearts, 4Hearts, 7Spades, JSpades, 6Spades.
P1 HAND: JDiamonds, 6Diamonds, 5Diamonds, 6Clubs, 4Clubs, 7Hearts, 3Hearts, 2Hearts, QSpades, 3Spades.
P2 HAND: ADiamonds, 7Diamonds, QDiamonds, 2Diamonds, KClubs, QClubs, 2Clubs, 5Spades, 4Spades, 2Spades.
P3 HAND: 3Diamonds, AClubs, JClubs, 5Clubs, JHearts, QHearts, 6Hearts, 5Hearts, ASpades, KSpades.
P1 2Hearts P2 2Diamonds P3 5Hearts P0 KHearts 
P0 AHearts P1 3Hearts P2 ADiamonds P3 6Hearts 
P0 4Hearts P1 7Hearts P2 2Clubs P3 QHearts 
P2 7Diamonds P3 3Diamonds P0 KDiamonds P1 5Diamonds 
P2 2Spades P3 ASpades P0 6Spades P1 QSpades 
P3 JHearts P0 4Diamonds P1 3Spades P2 4Spades 
P3 5Clubs P0 7Clubs P1 4Clubs P2 QClubs 
P0 JSpades P1 6Diamonds P2 5Spades P3 KSpades 
P3 JClubs P0 3Clubs P1 6Clubs P2 KClubs 
P2 QDiamonds P3 AClubs P0 7Spades P1 JDiamonds 
-- /GAME --
P0 HAND: 7Diamonds, KDiamonds, 2Diamonds, AClubs, KClubs, JClubs, KHearts, 2Hearts, 6Spades, 2Spades.
P1 HAND: ADiamonds, 6Diamonds, 4Diamonds, QClubs, 5Clubs, 3Clubs, 2Clubs, 4Hearts, ASpades, 5Spades.
P2 HAND: JDiamonds, QDiamonds, 5Diamonds, 3Diamonds, 4Clubs, AHearts, QHearts, 6Hearts, JSpades, 4Spades.
P3 HAND: 7Clubs, 6Clubs, 7Hearts, JHearts, 5Hearts, 3Hearts, 7Spades, KSpades, QSpades, 3Spades.
P0 AClubs P1 2Clubs P2 4Clubs P3 6Clubs 
P0 2Spades P1 ASpades P2 4Spades P3 7Spades 
P1 ADiamonds P2 3Diamonds P3 7Clubs P0 2Diamonds 
P1 3Clubs P2 5Diamonds P3 3Spades P0 KClubs 
P0 JClubs P1 5Clubs P2 QDiamonds P3 3Hearts 
P3 QSpades P0 6Spades P1 5Spades P2 JSpades 
P2 JDiamonds P3 5Hearts P0 KDiamonds P1 6Diamonds 
P3 JHearts P0 2Hearts P1 4Hearts P2 6Hearts 
P3 7Hearts P0 KHearts P1 4Diamonds P2 AHearts 
P2 QHearts P3 KSpades P0 7Diamonds P1 QClubs 
-- /GAME --
P0 HAND: 7Diamonds, JDiamonds, QDiamonds, 3Diamonds, 2Diamonds, 4Clubs, 6Hearts, 2Hearts, KSpades, 4Spades.
P1 HAND: 4Diamonds, AClubs, QClubs, 6Clubs, 5Clubs, 7Hearts, 4Hearts, JSpades, QSpades, 2Spades.
P2 HAND: ADiamonds, 7Clubs, JClubs, 2Clubs, KHearts, JHearts, QHearts, 5Hearts, 6Spades, 3Spades.
P3 HAND: KDiamonds, 6Diamonds, 5Diamonds, KClubs, 3Clubs, AHearts, 3Hearts, ASpades, 7Spades, 5Spades.
P3 ASpades P0 4Spades P1 JSpades P2 3Spades 
P3 3Clubs P0 4Clubs P1 AClubs P2 2Clubs 
P1 2Spades P2 6Spades P3 7Spades P0 KSpades 
P3 5Diamonds P0 JDiamonds P1 4Diamonds P2 ADiamonds 
P2 JClubs P3 KClubs P0 2Hearts P1 5Clubs 
P0 6Hearts P1 4Hearts P2 5Hearts P3 3Hearts 
P0 QDiamonds P1 6Clubs P2 QHearts P3 6Diamonds 
P2 JHearts P3 AHearts P0 2Diamonds P1 7Hearts 
P3 5Spades P0 3Diamonds P1 QSpades P2 KHearts 
P2 7Clubs P3 KDiamonds P0 7Diamonds P1 QClubs 
-- /GAME --
P0 HAND: ADiamonds, AClubs, 7Clubs, KClubs, KHearts, JHearts, QHearts, 5Hearts, 6Spades, 2Spades.
P1 HAND: 4Diamonds, 3Diamonds, QClubs, 6Clubs, 2Clubs, 7Hearts, 6Hearts, ASpades, 7Spades, 5Spades.
P2 HAND: QDiamonds, 6Diamonds, 2Diamonds, JClubs, 5Clubs, 4Clubs, 3Hearts, 2Hearts, JSpades, 3Spades.
P3 HAND: 7Diamonds, KDiamonds, JDiamonds, 5Diamonds, 3Clubs, AHearts, 4Hearts, KSpades, QSpades, 4Spades.
P2 2Diamonds P3 5Diamonds P0 ADiamonds P1 3Diamonds 
P0 AClubs P1 2Clubs P2 JClubs P3 3Clubs 
P0 QHearts P1 6Hearts P2 2Hearts P3 AHearts 
P3 4Hearts P0 JHearts P1 7Hearts P2 3Hearts 
P1 4Diamonds P2 6Diamonds P3 JDiamonds P0 2Spades 
P0 6Spades P1 5Spades P2 3Spades P3 4Spades 
P0 KHearts P1 6Clubs P2 4Clubs P3 QSpades 
P3 KSpades P0 7Clubs P1 7Spades P2 JSpades 
P1 QClubs P2 5Clubs P3 KDiamonds P0 KClubs 
P0 5Hearts P1 ASpades P2 QDiamonds P3 7Diamonds 
-- /GAME --
P0 HAND: QDiamonds, 3Diamonds, 7Clubs, 6Clubs, 5Clubs, 6Hearts, 5Hearts, 4Hearts, ASpades, 2Spades.
P1 HAND: ADiamonds, JDiamonds, 4Diamonds, 3Clubs, 2Clubs, JHearts, 2Hearts, KSpades, QSpades, 6Spades.
P2 HAND: 7Diamonds, KDiamonds, 6Diamonds, JClubs, QHearts, 3Hearts, 7Spades, JSpades, 5Spades, 3Spades.
P3 HAND: 5Diamonds, 2Diamonds, AClubs, KClubs, QClubs, 4Clubs, AHearts, 7Hearts, KHearts, 4Spades.
P1 ADiamonds P2 6Diamonds P3 5Diamonds P0 3Diamonds 
P1 2Hearts P2 3Hearts P3 AHearts P0 4Hearts 
P3 2Diamonds P0 QDiamonds P1 4Diamonds P2 7Diamonds 
P2 3Spades P3 4Spades P0 ASpades P1 6Spades 
P0 2Spades P1 QSpades P2 5Spades P3 7Hearts 
P1 JDiamonds P2 KDiamonds P3 4Clubs P0 7Clubs 
P0 5Hearts P1 JHearts P2 QHearts P3 KHearts 
P3 QClubs P0 5Clubs P1 2Clubs P2 JClubs 
P2 JSpades P3 KClubs P0 6Clubs P1 KSpades 
P3 AClubs P0 6Hearts P1 3Clubs P2 7Spades 
-- /GAME --
P0 HAND: 7Diamonds, 5Diamonds, 3Diamonds, AClubs, 7Clubs, 5Clubs, 3Clubs, 2Hearts, 5Spades, 4Spades.
P1 HAND: ADiamonds, JDiamonds, 4Diamonds, 2Diamonds, JClubs, 2Clubs, 4Hearts, ASpades, JSpades, 6Spades.
P2 HAND: KDiamonds, KClubs, QClubs, 7Hearts, KHearts, QHearts, 6Hearts, 5Hearts, KSpades, 3Spades.
P3 HAND: QDiamonds, 6Diamonds, 6Clubs, 4Clubs, AHearts, JHearts, 3Hearts, 7Spades, QSpades, 2Spades.
P0 2Hearts P1 4Hearts P2 5Hearts P3 AHearts 
P3 2Spades P0 4Spades P1 ASpades P2 3Spades 
P1 2Clubs P2 QClubs P3 4Clubs P0 AClubs 
P0 5Spades P1 6Spades P2 KSpades P3 7Spades 
P3 3Hearts P0 7Diamonds P1 ADiamonds P2 6Hearts 
P1 JClubs P2 KClubs P3 6Clubs P0 7Clubs 
P0 3Clubs P1 2Diamonds P2 QHearts P3 JHearts 
P1 JSpades P2 KDiamonds P3 QSpades P0 5Clubs 
P2 KHearts P3 6Diamonds P0 3Diamonds P1 4Diamonds 
P3 QDiamonds P0 5Diamonds P1 JDiamonds P2 7Hearts 
-- /GAME --
P0 HAND: 7Diamonds, 4Diamonds, AClubs, 5Clubs, 2Clubs, QHearts, ASpades, JSpades, 5Spades, 2Spades.
P1 HAND: 6Diamonds, 5Diamonds, QClubs, 7Hearts, JHearts, 5Hearts, 2Hearts, KSpades, 4Spades, 3Spades.
P2 HAND: KDiamonds, 3Diamonds, 2Diamonds, 7Clubs, JClubs, KHearts, 6Hearts, 4Hearts, 7Spades, QSpades.
P3 HAND: ADiamonds, JDiamonds, QDiamonds, KClubs, 6Clubs, 4Clubs, 3Clubs, AHearts, 3Hearts, 6Spades.
P0 QHearts P1 2Hearts P2 4Hearts P3 AHearts 
P3 ADiamonds P0 4Diamonds P1 6Diamonds P2 2Diamonds 
P3 3Hearts P0 2Spades P1 7Hearts P2 6Hearts 
P1 3Spades P2 QSpades P3 6Spades P0 JSpades 
P0 AClubs P1 QClubs P2 JClubs P3 3Clubs 
P0 2Clubs P1 4Spades P2 7Clubs P3 4Clubs 
P2 3Diamonds P3 QDiamonds P0 7Diamonds P1 5Diamonds 
P0 5Clubs P1 5Hearts P2 KDiamonds P3 6Clubs 
P3 JDiamonds P0 5Spades P1 JHearts P2 KHearts 
P3 KClubs P0 ASpades P1 KSpades P2 7Spades 
-- /GAME --
P0 HAND: ADiamonds, JDiamonds, 7Clubs, QClubs, 2Clubs, 4Hearts, 2Hearts, JSpades, 3Spades, 2Spades.
P1 HAND: QDiamonds, 5Diamonds, JClubs, AHearts, 7Hearts, QHearts, ASpades, QSpades, 5Spades, 4Spades.
P2 HAND: 7Diamonds, KDiamonds, 6Diamonds, 2Diamonds, KClubs, 5Clubs, 4Clubs, 5Hearts, KSpades, 6Spades.
P3 HAND: 4Diamonds, 3Diamonds, AClubs, 6Clubs, 3Clubs, KHearts, JHearts, 6Hearts, 3Hearts, 7Spades.
P3 AClubs P0 2Clubs P1 JClubs P2 4Clubs 
P3 3Clubs P0 7Clubs P1 5Diamonds P2 5Clubs 
P1 AHearts P2 5Hearts P3 KHearts P0 2Hearts 
P1 ASpades P2 6Spades P3 7Spades P0 2Spades 
P1 4Spades P2 KSpades P3 3Hearts P0 JSpades 
P2 2Diamonds P3 3Diamonds P0 ADiamonds P1 QDiamonds 
P0 4Hearts P1 QHearts P2 6Diamonds P3 6Hearts 
P2 KDiamonds P3 4Diamonds P0 JDiamonds P1 5Spades 
P2 7Diamonds P3 6Clubs P0 QClubs P1 QSpades 
P2 KClubs P3 JHearts P0 3Spades P1 7Hearts 
-- /GAME --
P0 HAND: ADiamonds, KDiamonds, 6Diamonds, QClubs, 2Clubs, AHearts, KHearts, JHearts, 5Hearts, 4Hearts.
P1 HAND: JDiamonds, QDiamonds, 4Diamonds, AClubs, 5Clubs, 3Clubs, QHearts, 2Hearts, QSpades, 3Spades.
P2 HAND: 3Diamonds, 7Clubs, 6Clubs, 4Clubs, 3Hearts, ASpades, 7Spades, KSpades, JSpades, 6Spades.
P3 HAND: 7Diamonds, 5Diamonds, 2Diamonds, KClubs, JClubs, 7Hearts, 6Hearts, 5Spades, 4Spades, 2Spades.
P2 3Diamonds P3 2Diamonds P0 ADiamonds P1 4Diamonds 
P0 2Clubs P1 AClubs P2 4Clubs P3 KClubs 
P1 3Clubs P2 6Clubs P3 JClubs P0 QClubs 
P3 2Spades P0 6Diamonds P1 3Spades P2 ASpades 
P2 6Spades P3 4Spades P0 4Hearts P1 QSpades 
P0 5Hearts P1 2Hearts P2 3Hearts P3 6Hearts 
P3 5Diamonds P0 KDiamonds P1 QDiamonds P2 7Clubs 
P0 AHearts P1 QHearts P2 7Spades P3 7Hearts 
P0 KHearts P1 5Clubs P2 JSpades P3 5Spades 
P0 JHearts P1 JDiamonds P2 KSpades P3 7Diamonds 
-- /GAME --
P0 HAND: QDiamonds, 2Diamonds, AClubs, 7Clubs, JClubs, 5Clubs, 6Hearts, KSpades, JSpades, 5Spades.
P1 HAND: ADiamonds, 6Diamonds, 5Diamonds, 3Diamonds, KClubs, 2Clubs, 4Hearts, 7Spades, QSpades, 2Spades.
P2 HAND: 7Diamonds, JDiamonds, 6Clubs, 3Clubs, AHearts, KHearts, JHearts, 5Hearts, 2Hearts, ASpades.
P3 HAND: KDiamonds, 4Diamonds, QClubs, 4Clubs, 7Hearts, QHearts, 3Hearts, 6Spades, 4Spades, 3Spades.
P1 ADiamonds P2 JDiamonds P3 KDiamonds P0 QDiamonds 
P1 2Spades P2 ASpades P3 3Spades P0 KSpades 
P2 2Hearts P3 3Hearts P0 6Hearts P1 4Hearts 
P0 2Diamonds P1 3Diamonds P2 7Diamonds P3 4Diamonds 
P2 5Hearts P3 QHearts P0 5Clubs P1 5Diamonds 
P0 5Spades P1 QSpades P2 3Clubs P3 4Spades 
P2 JHearts P3 7Hearts P0 7Clubs P1 6Diamonds 
P0 JSpades P1 7Spades P2 6Clubs P3 6Spades 
P2 KHearts P3 4Clubs P0 JClubs P1 KClubs 
P1 2Clubs P2 AHearts P3 QClubs P0 AClubs 
-- /GAME --
P0 HAND: 6Diamonds, 2Diamonds, AClubs, JClubs, 5Clubs, QHearts, 5Hearts, 7Spades, JSpades, 6Spades.
P1 HAND: ADiamonds, 7Diamonds, KDiamonds, 4Diamonds, KClubs, 4Clubs, 2Clubs, 7Hearts, 4Hearts, 2Hearts.
P2 HAND: QDiamonds, 5Diamonds, 7Clubs, 6Clubs, 3Hearts, ASpades, QSpades, 5Spades, 4Spades, 2Spades.
P3 HAND: JDiamonds, 3Diamonds, QClubs, 3Clubs, AHearts, KHearts, JHearts, 6Hearts, KSpades, 3Spades.
P0 AClubs P1 2Clubs P2 7Clubs P3 3Clubs 
P0 QHearts P1 2Hearts P2 3Hearts P3 AHearts 
P3 3Spades P0 6Spades P1 4Clubs P2 ASpades 
P2 2Spades P3 KSpades P0 JSpades P1 7Hearts 
P3 6Hearts P0 5Hearts P1 4Hearts P2 4Spades 
P3 QClubs P0 5Clubs P1 KClubs P2 6Clubs 
P1 4Diamonds P2 5Diamonds P3 3Diamonds P0 2Diamonds 
P2 5Spades P3 JDiamonds P0 7Spades P1 KDiamonds 
P1 7Diamonds P2 QDiamonds P3 JHearts P0 6Diamonds 
P1 ADiamonds P2 QSpades P3 KHearts P0 JClubs 
-- /GAME --
P0 HAND: 5Diamonds, 7Clubs, KClubs, QClubs, 2Clubs, 5Hearts, 3Hearts, ASpades, QSpades, 2Spades.
P1 HAND: 7Diamonds, JDiamonds, 6Diamonds, 3Diamonds, AClubs, 5Clubs, AHearts, 7Hearts, 5Spades, 3Spades.
P2 HAND: 4Diamonds, 2Diamonds, JClubs, 4Clubs, KHearts, JHearts, QHearts, 4Hearts, 7Spades, JSpades.
P3 HAND: ADiamonds, KDiamonds, QDiamonds, 6Clubs, 3Clubs, 6Hearts, 2Hearts, KSpades, 6Spades, 4Spades.
P3 ADiamonds P0 5Diamonds P1 7Diamonds P2 2Diamonds 
P3 3Clubs P0 QClubs P1 AClubs P2 4Clubs 
P1 3Diamonds P2 4Diamonds P3 KDiamonds P0 3Hearts 
P0 5Hearts P1 7Hearts P2 4Hearts P3 2Hearts 
P1 3Spades P2 JSpades P3 4Spades P0 ASpades 
P0 7Clubs P1 5Clubs P2 JClubs P3 6Clubs 
P0 KClubs P1 5Spades P2 QHearts P3 6Spades 
P2 JHearts P3 6Hearts P0 2Spades P1 AHearts 
P1 6Diamonds P2 KHearts P3 QDiamonds P0 QSpades 
P2 7Spades P3 KSpades P0 2Clubs P1 JDiamonds 
-- /GAME --
P0 HAND: AClubs, 7Clubs, 6Clubs, 5Clubs, 4Clubs, 2Clubs, AHearts, QHearts, 5Spades, 2Spades.
P1 HAND: KDiamonds, QDiamonds, 5Diamonds, KClubs, JClubs, QClubs, KHearts, 6Hearts, 5Hearts, 7Spades.
P2 HAND: ADiamonds, JDiamonds, 3Diamonds, 2Diamonds, 3Clubs, JHearts, 2Hearts, KSpades, QSpades, 3Spades.
P3 HAND: 7Diamonds, 6Diamonds, 4Diamonds, 7Hearts, 4Hearts, 3Hearts, ASpades, JSpades, 6Spades, 4Spades.
P2 2Hearts P3 3Hearts P0 AHearts P1 5Hearts 
P0 5Spades P1 7Spades P2 3Spades P3 ASpades 
P3 4Hearts P0 QHearts P1 6Hearts P2 JHearts 
P2 3Clubs P3 4Spades P0 AClubs P1 QClubs 
P0 2Spades P1 5Diamonds P2 QSpades P3 JSpades 
P1 JClubs P2 2Diamonds P3 6Spades P0 7Clubs 
P2 3Diamonds P3 4Diamonds P0 2Clubs P1 QDiamonds 
P1 KDiamonds P2 JDiamonds P3 6Diamonds P0 4Clubs 
P1 KClubs P2 ADiamonds P3 7Hearts P0 5Clubs 
P2 KSpades P3 7Diamonds P0 6Clubs P1 KHearts 
-- /GAME --
P0 HAND: 6Diamonds, 7Hearts, 6Hearts, 4Hearts, 2Hearts, ASpades, 6Spades, 5Spades, 4Spades, 2Spades.
P1 HAND: ADiamonds, JDiamonds, 4Diamonds, 7Clubs, KClubs, JClubs, 4Clubs, 3Hearts, 7Spades, KSpades.
P2 HAND: KDiamonds, 3Diamonds, 2Diamonds, QClubs, 6Clubs, 3Clubs, AHearts, JHearts, JSpades, 3Spades.
P3 HAND: 7Diamonds, QDiamonds, 5Diamonds, AClubs, 5Clubs, 2Clubs, KHearts, QHearts, 5Hearts, QSpades.
P1 ADiamonds P2 2Diamonds P3 7Diamonds P0 6Diamonds 
P1 3Hearts P2 AHearts P3 5Hearts P0 2Hearts 
P2 3Diamonds P3 5Diamonds P0 4Hearts P1 JDiamonds 
P1 4Diamonds P2 KDiamonds P3 QDiamonds P0 7Hearts 
P2 3Clubs P3 AClubs P0 2Spades P1 4Clubs 
P0 6Hearts P1 KSpades P2 JHearts P3 KHearts 
P1 JClubs P2 6Clubs P3 2Clubs P0 4Spades 
P0 5Spades P1 7Spades P2 3Spades P3 QSpades 
P1 KClubs P2 QClubs P3 5Clubs P0 6Spades 
P0 ASpades P1 7Clubs P2 JSpades P3 QHearts 
-- /GAME --
P0 HAND: QDiamonds, 6Diamonds, 5Diamonds, 3Diamonds, AClubs, 3Clubs, 2Clubs, JHearts, 4Hearts, 2Hearts.
P1 HAND: KDiamonds, 2Diamonds, 7Clubs, QClubs, 6Clubs, 6Hearts, 5Hearts, JSpades, 5Spades, 2Spades.
P2 HAND: ADiamonds, 7Diamonds, JDiamonds, 4Clubs, AHearts, KHearts, QHearts, 3Hearts, KSpades, 6Spades.
P3 HAND: 4Diamonds, KClubs, JClubs, 5Clubs, 7Hearts, ASpades, 7Spades, QSpades, 4Spades, 3Spades.
P0 5Diamonds P1 2Diamonds P2 ADiamonds P3 4Diamonds 
P2 4Clubs P3 5Clubs P0 AClubs P1 6Clubs 
P0 2Clubs P1 QClubs P2 6Spades P3 KClubs 
P3 3Spades P0 3Clubs P1 2Spades P2 KSpades 
P2 JDiamonds P3 4Spades P0 3Diamonds P1 KDiamonds 
P1 5Spades P2 3Hearts P3 QSpades P0 QDiamonds 
P2 QHearts P3 7Hearts P0 2Hearts P1 5Hearts 
P3 JClubs P0 6Diamonds P1 7Clubs P2 KHearts 
P2 AHearts P3 7Spades P0 4Hearts P1 6Hearts 
P2 7Diamonds P3 ASpades P0 JHearts P1 JSpades 
-- /GAME --
P0 HAND: JDiamonds, 4Diamonds, 3Diamonds, QClubs, 3Clubs, KHearts, QHearts, 5Hearts, ASpades, 2Spades.
P1 HAND: KDiamonds, 2Diamonds, AClubs, 7Clubs, 6Clubs, JHearts, 3Hearts, JSpades, QSpades, 4Spades.
P2 HAND: 6Diamonds, KClubs, JClubs, AHearts, 6Hearts, 2Hearts, 7Spades, KSpades, 6Spades, 5Spades.
P3 HAND: ADiamonds, 7Diamonds, QDiamonds, 5Diamonds, 5Clubs, 4Clubs, 2Clubs, 7Hearts, 4Hearts, 3Spades.
P1 2Diamonds P2 6Diamonds P3 ADiamonds P0 3Diamonds 
P3 3Spades P0 2Spades P1 4Spades P2 7Spades 
P2 AHearts P3 4Hearts P0 KHearts P1 3Hearts 
P2 2Hearts P3 7Hearts P0 5Hearts P1 JHearts 
P3 5Diamonds P0 JDiamonds P1 KDiamonds P2 JClubs 
P2 5Spades P3 QDiamonds P0 ASpades P1 QSpades 
P0 QHearts P1 6Clubs P2 6Hearts P3 7Diamonds 
P1 JSpades P2 6Spades P3 2Clubs P0 QClubs 
P0 4Diamonds P1 7Clubs P2 KSpades P3 4Clubs 
P1 AClubs P2 KClubs P3 5Clubs P0 3Clubs 
-- /GAME --
P0 HAND: JDiamonds, QDiamonds, 2Diamonds, QClubs, 5Clubs, 4Clubs, 2Clubs, AHearts, 6Hearts, 7Spades.
P1 HAND: 5Diamonds, 3Diamonds, JClubs, 6Clubs, 3Clubs, 5Hearts, 2Hearts, QSpades, 6Spades, 4Spades.
P2 HAND: ADiamonds, AClubs, 7Clubs, JHearts, 3Hearts, KSpades, JSpades, 5Spades, 3Spades, 2Spades.
P3 HAND: 7Diamonds, KDiamonds, 6Diamonds, 4Diamonds, KClubs, 7Hearts, KHearts, QHearts, 4Hearts, ASpades.
P0 AHearts P1 2Hearts P2 JHearts P3 4Hearts 
P0 6Hearts P1 5Hearts P2 3Hearts P3 7Hearts 
P3 ASpades P0 7Spades P1 QSpades P2 2Spades 
P3 QHearts P0 JDiamonds P1 3Clubs P2 AClubs 
P0 QClubs P1 6Clubs P2 7Clubs P3 KClubs 
P2 3Spades P3 4Diamonds P0 QDiamonds P1 4Spades 
P0 2Clubs P1 JClubs P2 5Spades P3 KHearts 
P1 6Spades P2 JSpades P3 6Diamonds P0 4Clubs 
P3 KDiamonds P0 2Diamonds P1 3Diamonds P2 ADiamonds 
P2 KSpades P3 7Diamonds P0 5Clubs P1 5Diamonds 
-- /GAME --
P0 HAND: 7Diamonds, 6Diamonds, 5Diamonds, 3Diamonds, 2Diamonds, 2Clubs, 4Hearts, KSpades, QSpades, 5Spades.
P1 HAND: ADiamonds, 7Clubs, JClubs, QClubs, 3Clubs, JHearts, 6Hearts, JSpades, 6Spades, 4Spades.
P2 HAND: JDiamonds, QDiamonds, AClubs, KClubs, 6Clubs, 4Clubs, KHearts, 5Hearts, 3Hearts, 2Spades.
P3 HAND: KDiamonds, 4Diamonds, 5Clubs, AHearts, 7Hearts, QHearts, 2Hearts, ASpades, 7Spades, 3Spades.
P3 AHearts P0 4Hearts P1 JHearts P2 3Hearts 
P3 ASpades P0 5Spades P1 JSpades P2 2Spades 
P3 2Hearts P0 KSpades P1 6Hearts P2 KHearts 
P2 5Hearts P3 QHearts P0 2Clubs P1 4Spades 
P0 QSpades P1 6Spades P2 QDiamonds P3 7Spades 
P3 3Spades P0 2Diamonds P1 3Clubs P2 4Clubs 
P2 JDiamonds P3 4Diamonds P0 3Diamonds P1 ADiamonds 
P1 QClubs P2 6Clubs P3 5Clubs P0 5Diamonds 
P1 JClubs P2 KClubs P3 KDiamonds P0 7Diamonds 
P2 AClubs P3 7Hearts P0 6Diamonds P1 7Clubs 
-- /GAME --
P0 HAND: KDiamonds, 6Diamonds, 7Clubs, KClubs, AHearts, 7Hearts, QHearts, 5Hearts, JSpades, 2Spades.
P1 HAND: 7Diamonds, QDiamonds, 4Diamonds, 2Diamonds, AClubs, JClubs, 2Clubs, KHearts, QSpades, 5Spades.
P2 HAND: ADiamonds, QClubs, 6Clubs, 5Clubs, JHearts, 4Hearts, 3Hearts, 2Hearts, 4Spades, 3Spades.
P3 HAND: JDiamonds, 5Diamonds, 3Diamonds, 4Clubs, 3Clubs, 6Hearts, ASpades, 7Spades, KSpades, 6Spades.
P2 ADiamonds P3 3Diamonds P0 6Diamonds P1 2Diamonds 
P2 2Hearts P3 6Hearts P0 AHearts P1 KHearts 
P0 QHearts P1 2Clubs P2 3Hearts P3 3Clubs 
P0 2Spades P1 5Spades P2 3Spades P3 6Spades 
P3 4Clubs P0 KClubs P1 AClubs P2 5Clubs 
P1 4Diamonds P2 4Hearts P3 5Diamonds P0 KDiamonds 
P0 JSpades P1 QSpades P2 4Spades P3 KSpades 
P3 JDiamonds P0 5Hearts P1 QDiamonds P2 6Clubs 
P3 7Spades P0 7Clubs P1 JClubs P2 QClubs 
P3 ASpades P0 7Hearts P1 7Diamonds P2 JHearts 
-- /GAME --
P0 HAND: ADiamonds, 7Diamonds, QDiamonds, 3Diamonds, KClubs, JClubs, QClubs, 2Clubs, 4Spades, 2Spades.
P1 HAND: JDiamonds, 5Diamonds, 4Diamonds, 7Clubs, 3Clubs, 7Hearts, 6Hearts, 5Hearts, 4Hearts, 3Hearts.
P2 HAND: 6Diamonds, AClubs, 6Clubs, 5Clubs, 4Clubs, AHearts, ASpades, KSpades, QSpades, 5Spades.
P3 HAND: KDiamonds, 2Diamonds, KHearts, JHearts, QHearts, 2Hearts, 7Spades, JSpades, 6Spades, 3Spades.
P1 3Clubs P2 AClubs P3 2Diamonds P0 2Clubs 
P3 2Hearts P0 2Spades P1 3Hearts P2 AHearts 
P2 4Clubs P3 3Spades P0 QClubs P1 7Clubs 
P1 4Hearts P2 5Clubs P3 QHearts P0 4Spades 
P3 6Spades P0 QDiamonds P1 5Hearts P2 ASpades 
P0 ADiamonds P1 4Diamonds P2 6Diamonds P3 KDiamonds 
P0 3Diamonds P1 5Diamonds P2 5Spades P3 7Spades 
P1 6Hearts P2 6Clubs P3 JHearts P0 JClubs 
P3 JSpades P0 7Diamonds P1 7Hearts P2 KSpades 
P0 KClubs P1 JDiamonds P2 QSpades P3 KHearts 
-- /GAME --
P0 HAND: QDiamonds, 3Diamonds, AClubs, KClubs, 5Clubs, 4Clubs, ASpades, JSpades, 6Spades, 3Spades.
P1 HAND: 7Diamonds, KDiamonds, 6Diamonds, AHearts, JHearts, 5Hearts, 2Hearts, 7Spades, 4Spades, 2Spades.
P2 HAND: ADiamonds, 5Diamonds, JClubs, QClubs, 2Clubs, 7Hearts, KHearts, 4Hearts, 3Hearts, KSpades.
P3 HAND: JDiamonds, 4Diamonds, 2Diamonds, 7Clubs, 6Clubs, 3Clubs, QHearts, 6Hearts, QSpades, 5Spades.
P0 AClubs P1 2Hearts P2 2Clubs P3 7Clubs 
P1 2Spades P2 KSpades P3 5Spades P0 ASpades 
P0 3Spades P1 4Spades P2 5Diamonds P3 QSpades 
P3 2Diamonds P0 QDiamonds P1 6Diamonds P2 ADiamonds 
P2 QClubs P3 3Clubs P0 4Clubs P1 5Hearts 
P1 JHearts P2 3Hearts P3 6Hearts P0 3Diamonds 
P1 AHearts P2 4Hearts P3 QHearts P0 6Spades 
P1 KDiamonds P2 KHearts P3 4Diamonds P0 KClubs 
P2 JClubs P3 6Clubs P0 5Clubs P1 7Diamonds 
P2 7Hearts P3 JDiamonds P0 JSpades P1 7Spades 
-- /GAME --
P0 HAND: 4Diamonds, 2Diamonds, 7Clubs, QClubs, 7Hearts, KHearts, 6Hearts, 5Hearts, 7Spades, KSpades.
P1 HAND: JDiamonds, QDiamonds, 3Diamonds, 5Clubs, AHearts, 3Hearts, ASpades, JSpades, QSpades, 6Spades.
P2 HAND: 6Diamonds, 5Diamonds, AClubs, KClubs, JClubs, 4Clubs, JHearts, 4Hearts, 2Hearts, 3Spades.
P3 HAND: ADiamonds, 7Diamonds, KDiamonds, 6Clubs, 3Clubs, 2Clubs, QHearts, 5Spades, 4Spades, 2Spades.
P0 2Diamonds P1 3Diamonds P2 5Diamonds P3 ADiamonds 
P3 2Spades P0 KSpades P1 ASpades P2 3Spades 
P1 AHearts P2 2Hearts P3 QHearts P0 5Hearts 
P1 3Hearts P2 4Hearts P3 4Spades P0 7Hearts 
P0 4Diamonds P1 QDiamonds P2 6Diamonds P3 7Diamonds 
P3 5Spades P0 7Spades P1 6Spades P2 JHearts 
P0 KHearts P1 QSpades P2 4Clubs P3 6Clubs 
P3 2Clubs P0 7Clubs P1 5Clubs P2 JClubs 
P0 6Hearts P1 JDiamonds P2 KClubs P3 KDiamonds 
P2 AClubs P3 3Clubs P0 QClubs P1 JSpades 
-- /GAME --
P0 HAND: 4Diamonds, 3Diamonds, AClubs, KClubs, QClubs, 5Clubs, 7Hearts, KSpades, JSpades, 4Spades.
P1 HAND: JDiamonds, 5Diamonds, 2Diamonds, 3Clubs, 2Clubs, QHearts, 6Hearts, 5Hearts, ASpades, 6Spades.
P2 HAND: ADiamonds, KDiamonds, QDiamonds, 6Diamonds, 7Clubs, 4Clubs, KHearts, JHearts, 5Spades, 3Spades.
P3 HAND: 7Diamonds, JClubs, 6Clubs, AHearts, 4Hearts, 3Hearts, 2Hearts, 7Spades, QSpades, 2Spades.
P3 AHearts P0 7Hearts P1 QHearts P2 JHearts 
P3 2Hearts P0 4Diamonds P1 5Hearts P2 KHearts 
P2 4Clubs P3 6Clubs P0 AClubs P1 2Clubs 
P0 3Diamonds P1 2Diamonds P2 ADiamonds P3 7Diamonds 
P2 6Diamonds P3 3Hearts P0 5Clubs P1 JDiamonds 
P1 3Clubs P2 7Clubs P3 JClubs P0 KClubs 
P2 QDiamonds P3 4Hearts P0 KSpades P1 5Diamonds 
P0 QClubs P1 6Hearts P2 3Spades P3 2Spades 
P2 5Spades P3 QSpades P0 4Spades P1 6Spades 
P3 7Spades P0 JSpades P1 ASpades P2 KDiamonds 
-- /GAME --
P0 HAND: 7Diamonds, JDiamonds, AClubs, 7Clubs, 2Clubs, 2Hearts, ASpades, KSpades, JSpades, 2Spades.
P1 HAND: ADiamonds, 2Diamonds, KClubs, 3Clubs, AHearts, 7Hearts, KHearts, QHearts, 3Hearts, 4Spades.
P2 HAND: 5Diamonds, 3Diamonds, 4Clubs, JHearts, 5Hearts, 4Hearts, QSpades, 6Spades, 5Spades, 3Spades.
P3 HAND: KDiamonds, QDiamonds, 6Diamonds, 4Diamonds, JClubs, QClubs, 6Clubs, 5Clubs, 6Hearts, 7Spades.
P2 3Diamonds P3 4Diamonds P0 JDiamonds P1 ADiamonds 
P1 2Diamonds P2 5Diamonds P3 6Diamonds P0 7Diamonds 
P0 2Hearts P1 3Hearts P2 4Hearts P3 6Hearts 
P3 5Clubs P0 AClubs P1 3Clubs P2 4Clubs 
P0 7Clubs P1 KClubs P2 QSpades P3 6Clubs 
P0 ASpades P1 4Spades P2 6Spades P3 7Spades 
P0 KSpades P1 QHearts P2 3Spades P3 KDiamonds 
P1 KHearts P2 5Hearts P3 QDiamonds P0 2Spades 
P1 7Hearts P2 JHearts P3 QClubs P0 2Clubs 
P1 AHearts P2 5Spades P3 JClubs P0 JSpades 
-- /GAME --
P0 HAND: JDiamonds, QDiamonds, 6Diamonds, 3Diamonds, KClubs, QClubs, 7Hearts, KSpades, QSpades, 4Spades.
P1 HAND: 2Diamonds, 7Clubs, 3Clubs, JHearts, QHearts, 6Hearts, 3Hearts, 7Spades, 6Spades, 5Spades.
P2 HAND: ADiamonds, 7Diamonds, KDiamonds, 6Clubs, 5Clubs, 5Hearts, 2Hearts, JSpades, 3Spades, 2Spades.
P3 HAND: 5Diamonds, 4Diamonds, AClubs, JClubs, 4Clubs, 2Clubs, AHearts, KHearts, 4Hearts, ASpades.
P1 3Clubs P2 5Clubs P3 AClubs P0 QClubs 
P3 AHearts P0 7Hearts P1 JHearts P2 2Hearts 
P3 ASpades P0 QSpades P1 7Spades P2 2Spades 
P3 2Clubs P0 KClubs P1 7Clubs P2 6Clubs 
P1 3Hearts P2 5Hearts P3 KHearts P0 JDiamonds 
P0 3Diamonds P1 2Diamonds P2 KDiamonds P3 4Diamonds 
P2 3Spades P3 4Clubs P0 KSpades P1 5Spades 
P0 4Spades P1 6Spades P2 JSpades P3 4Hearts 
P2 7Diamonds P3 5Diamonds P0 6Diamonds P1 6Hearts 
P2 ADiamonds P3 JClubs P0 QDiamonds P1 QHearts 
-- /GAME --
P0 HAND: ADiamonds, 5Diamonds, 3Diamonds, 7Clubs, 3Clubs, JHearts, QHearts, 4Hearts, KSpades, 4Spades.
P1 HAND: 2Diamonds, AClubs, 6Clubs, 2Clubs, KHearts, 6Hearts, 5Hearts, 7Spades, QSpades, 3Spades.
P2 HAND: 7Diamonds, KDiamonds, JDiamonds, 4Diamonds, KClubs, JClubs, 5Clubs, 4Clubs, 3Hearts, JSpades.
P3 HAND: QDiamonds, 6Diamonds, QClubs, AHearts, 7Hearts, 2Hearts, ASpades, 6Spades, 5Spades, 2Spades.
P0 ADiamonds P1 2Diamonds P2 7Diamonds P3 6Diamonds 
P0 QHearts P1 5Hearts P2 3Hearts P3 AHearts 
P3 2Hearts P0 JHearts P1 6Hearts P2 KDiamonds 
P0 4Hearts P1 KHearts P2 4Diamonds P3 7Hearts 
P3 QDiamonds P0 5Diamonds P1 2Clubs P2 JDiamonds 
P2 4Clubs P3 QClubs P0 7Clubs P1 AClubs 
P1 6Clubs P2 5Clubs P3 2Spades P0 3Clubs 
P3 5Spades P0 4Spades P1 3Spades P2 JSpades 
P2 JClubs P3 6Spades P0 KSpades P1 7Spades 
P1 QSpades P2 KClubs P3 ASpades P0 3Diamonds 
-- /GAME --
P0 HAND: ADiamonds, 5Diamonds, 4Diamonds, 2Diamonds, AClubs, QClubs, 7Hearts, QHearts, 7Spades, 4Spades.
P1 HAND: 6Diamonds, 7Clubs, JClubs, 6Clubs, KHearts, 5Hearts, 4Hearts, 3Hearts, KSpades, JSpades.
P2 HAND: 7Diamonds, QDiamonds, 3Diamonds, KClubs, 5Clubs, 4Clubs, 2Clubs, ASpades, 5Spades, 3Spades.
P3 HAND: KDiamonds, JDiamonds, 3Clubs, AHearts, JHearts, 6Hearts, 2Hearts, QSpades, 6Spades, 2Spades.
P3 AHearts P0 QHearts P1 KHearts P2 3Spades 
P2 2Clubs P3 3Clubs P0 AClubs P1 6Clubs 
P0 7Hearts P1 3Hearts P2 7Diamonds P3 2Hearts 
P0 ADiamonds P1 6Diamonds P2 QDiamonds P3 JDiamonds 
P0 2Diamonds P1 4Hearts P2 3Diamonds P3 KDiamonds 
P3 6Hearts P0 4Diamonds P1 5Hearts P2 4Clubs 
P3 JHearts P0 5Diamonds P1 JSpades P2 ASpades 
P2 5Clubs P3 2Spades P0 QClubs P1 7Clubs 
P3 6Spades P0 4Spades P1 KSpades P2 5Spades 
P1 JClubs P2 KClubs P3 QSpades P0 7Spades 
-- /GAME --

