P0 HAND: 6Diamonds, 5Diamonds, 7Clubs, AHearts, QHearts, 6Hearts, 3Hearts, 2Hearts, KSpades, JSpades.
P1 HAND: 7Diamonds, 3Diamonds, JClubs, 5Clubs, 4Clubs, KHearts, 5Hearts, 4Hearts, 7Spades, 6Spades.
P2 HAND: KDiamonds, JDiamonds, 4Diamonds, 2Diamonds, AClubs, 6Clubs, 3Clubs, 7Hearts, JHearts, ASpades.
P3 HAND: ADiamonds, QDiamonds, KClubs, QClubs, 2Clubs, QSpades, 5Spades, 4Spades, 3Spades, 2Spades.
P2 AClubs P3 2Clubs P0 7Clubs P1 4Clubs 
P2 ASpades P3 2Spades P0 KSpades P1 6Spades 
P2 3Clubs P3 QClubs P0 6Diamonds P1 5Clubs 
P0 JSpades P1 7Spades P2 2Diamonds P3 3Spades 
P2 6Clubs P3 KClubs P0 5Diamonds P1 JClubs 
P0 AHearts P1 4Hearts P2 7Hearts P3 QDiamonds 
P3 4Spades P0 QHearts P1 5Hearts P2 4Diamonds 
P2 JHearts P3 5Spades P0 6Hearts P1 KHearts 
P1 3Diamonds P2 JDiamonds P3 ADiamonds P0 3Hearts 
P3 QSpades P0 2Hearts P1 7Diamonds P2 KDiamonds 
-- /GAME --
P0 HAND: KDiamonds, 7Clubs, 4Clubs, AHearts, KHearts, 6Hearts, 2Hearts, ASpades, KSpades, 2Spades.
P1 HAND: ADiamonds, QDiamonds, 6Diamonds, 4Diamonds, 3Diamonds, 3Clubs, QHearts, 7Spades, QSpades, 4Spades.
P2 HAND: 7Diamonds, 2Diamonds, AClubs, KClubs, JClubs, 5Clubs, 3Hearts, JSpades, 6Spades, 3Spades.
P3 HAND: JDiamonds, 5Diamonds, QClubs, 6Clubs, 2Clubs, 7Hearts, JHearts, 5Hearts, 4Hearts, 5Spades.
P1 3Diamonds P2 2Diamonds P3 5Diamonds P0 KDiamonds 
P0 AHearts P1 QHearts P2 3Hearts P3 4Hearts 
P0 2Spades P1 4Spades P2 3Spades P3 5Spades 
P3 2Clubs P0 7Clubs P1 3Clubs P2 AClubs 
P2 5Clubs P3 6Clubs P0 4Clubs P1 ADiamonds 
P3 QClubs P0 KHearts P1 4Diamonds P2 KClubs 
P0 2Hearts P1 6Diamonds P2 6Spades P3 5Hearts 
P3 JDiamonds P0 KSpades P1 QDiamonds P2 7Diamonds 
P2 JClubs P3 JHearts P0 6Hearts P1 7Spades 
P3 7Hearts P0 ASpades P1 QSpades P2 JSpades 
-- /GAME --
P0 HAND: ADiamonds, KDiamonds, 5Diamonds, 4Diamonds, 7Hearts, 5Hearts, 7Spades, JSpades, 3Spades, 2Spades.
P1 HAND: QDiamonds, 2Diamonds, 6Clubs, 4Clubs, 3Clubs, QHearts, 3Hearts, ASpades, KSpades, QSpades.
P2 HAND: 6Diamonds, 3Diamonds, KClubs, JClubs, QClubs, 2Clubs, KHearts, 6Hearts, 5Spades, 4Spades.
P3 HAND: 7Diamonds, JDiamonds, AClubs, 7Clubs, 5Clubs, AHearts, JHearts, 4Hearts, 2Hearts, 6Spades.

