-- GAME --
P0 HAND: 4Diamonds, AClubs, 2Clubs, AHearts, KHearts, 6Hearts, 5Hearts, 2Hearts, 7Spades, QSpades.
P1 HAND: 7Diamonds, 5Diamonds, 3Diamonds, KClubs, QClubs, 5Clubs, JHearts, 4Hearts, 6Spades, 5Spades.
P2 HAND: ADiamonds, KDiamonds, 6Diamonds, 7Clubs, 4Clubs, 7Hearts, 3Hearts, KSpades, JSpades, 4Spades.
P3 HAND: JDiamonds, QDiamonds, 2Diamonds, JClubs, 6Clubs, 3Clubs, QHearts, ASpades, 3Spades, 2Spades.
P0 AHearts P1 4Hearts P2 7Hearts P3 QHearts 
P0 4Diamonds P1 3Diamonds P2 ADiamonds P3 2Diamonds 
P2 3Hearts P3 2Spades P0 2Hearts P1 JHearts 
P1 5Diamonds P2 6Diamonds P3 QDiamonds P0 5Hearts 
P3 ASpades P0 QSpades P1 6Spades P2 4Spades 
P3 3Spades P0 7Spades P1 5Spades P2 KSpades 
P0 6Hearts P1 5Clubs P2 4Clubs P3 JDiamonds 
P1 QClubs P2 7Clubs P3 3Clubs P0 2Clubs 
P2 JSpades P3 6Clubs P0 KHearts P1 7Diamonds 
P3 JClubs P0 AClubs P1 KClubs P2 KDiamonds 
-- /GAME --
P0 HAND: 3Diamonds, 7Clubs, KClubs, JClubs, 2Clubs, 7Hearts, KHearts, 6Hearts, 6Spades, 4Spades.
P1 HAND: ADiamonds, KDiamonds, 6Diamonds, 5Clubs, 4Hearts, 3Hearts, 2Hearts, 7Spades, KSpades, 2Spades.
P2 HAND: JDiamonds, 5Diamonds, 2Diamonds, AClubs, QClubs, 6Clubs, 4Clubs, 5Hearts, 5Spades, 3Spades.
P3 HAND: 7Diamonds, QDiamonds, 4Diamonds, 3Clubs, AHearts, JHearts, QHearts, ASpades, JSpades, QSpades.
P3 AHearts P0 6Hearts P1 4Hearts P2 5Hearts 
P3 3Clubs P0 2Clubs P1 5Clubs P2 AClubs 
P2 2Diamonds P3 4Diamonds P0 3Diamonds P1 ADiamonds 
P1 2Hearts P2 4Clubs P3 QHearts P0 7Hearts 
P0 KHearts P1 3Hearts P2 5Diamonds P3 JHearts 
P0 4Spades P1 2Spades P2 3Spades P3 QSpades 
P3 QDiamonds P0 6Spades P1 6Diamonds P2 JDiamonds 
P0 KClubs P1 KSpades P2 6Clubs P3 7Diamonds 
P1 7Spades P2 5Spades P3 JSpades P0 JClubs 
P1 KDiamonds P2 QClubs P3 ASpades P0 7Clubs 
-- /GAME --
P0 HAND: KDiamonds, KClubs, QClubs, 6Clubs, 4Hearts, 3Hearts, 7Spades, 6Spades, 4Spades, 3Spades.
P1 HAND: 7Clubs, 2Clubs, JHearts, QHearts, 5Hearts, 2Hearts, ASpades, KSpades, JSpades, 5Spades.
P2 HAND: ADiamonds, 6Diamonds, 3Diamonds, 4Clubs, 3Clubs, AHearts, 7Hearts, KHearts, 6Hearts, QSpades.
P3 HAND: 7Diamonds, JDiamonds, QDiamonds, 5Diamonds, 4Diamonds, 2Diamonds, AClubs, JClubs, 5Clubs, 2Spades.
P2 ADiamonds P3 2Diamonds P0 KDiamonds P1 2Hearts 
P1 ASpades P2 QSpades P3 2Spades P0 3Spades 
P1 2Clubs P2 3Clubs P3 AClubs P0 6Clubs 
P3 4Diamonds P0 4Spades P1 5Spades P2 6Diamonds 
P2 3Diamonds P3 5Diamonds P0 QClubs P1 7Clubs 
P3 5Clubs P0 KClubs P1 5Hearts P2 4Clubs 
P1 JSpades P2 6Hearts P3 QDiamonds P0 7Spades 
P2 KHearts P3 JDiamonds P0 3Hearts P1 QHearts 
P2 7Hearts P3 JClubs P0 4Hearts P1 JHearts 
P2 AHearts P3 7Diamonds P0 6Spades P1 KSpades 
-- /GAME --
P0 HAND: ADiamonds, KDiamonds, 3Diamonds, AClubs, KHearts, QHearts, 5Hearts, 4Hearts, ASpades, 5Spades.
P1 HAND: 5Diamonds, 4Diamonds, 2Diamonds, KClubs, JClubs, QClubs, 6Clubs, 4Clubs, JSpades, 4Spades.
P2 HAND: JDiamonds, QDiamonds, 6Diamonds, 7Clubs, 5Clubs, 3Clubs, AHearts, 2Hearts, QSpades, 6Spades.
P3 HAND: 7Diamonds, 2Clubs, 7Hearts, JHearts, 6Hearts, 3Hearts, 7Spades, KSpades, 3Spades, 2Spades.
P1 4Clubs P2 3Clubs P3 2Clubs P0 AClubs 
P0 ASpades P1 4Spades P2 QSpades P3 2Spades 
P0 4Hearts P1 6Clubs P2 AHearts P3 3Hearts 
P2 2Hearts P3 6Hearts P0 QHearts P1 QClubs 
P0 5Spades P1 JSpades P2 6Spades P3 7Spades 
P3 3Spades P0 KHearts P1 2Diamonds P2 5Clubs 
P1 JClubs P2 7Clubs P3 7Diamonds P0 ADiamonds 
P0 5Hearts P1 4Diamonds P2 6Diamonds P3 JHearts 
P2 QDiamonds P3 KSpades P0 3Diamonds P1 5Diamonds 
P2 JDiamonds P3 7Hearts P0 KDiamonds P1 KClubs 
-- /GAME --
P0 HAND: ADiamonds, 5Diamonds, JClubs, 4Clubs, 7Hearts, 6Hearts, 7Spades, QSpades, 6Spades, 4Spades.
P1 HAND: KDiamonds, 4Diamonds, 3Diamonds, 2Diamonds, AClubs, 4Hearts, 2Hearts, ASpades, JSpades, 5Spades.
P2 HAND: JDiamonds, QDiamonds, 6Diamonds, 7Clubs, KClubs, 5Clubs, AHearts, KHearts, JHearts, 5Hearts.
P3 HAND: 7Diamonds, QClubs, 6Clubs, 3Clubs, 2Clubs, QHearts, 3Hearts, KSpades, 3Spades, 2Spades.
P3 2Spades 
