-- GAME --
P0 HAND: 2Diamonds, KClubs, JClubs, 7Hearts, JHearts, QHearts, 4Hearts, 2Hearts, 7Spades, 6Spades.
P1 HAND: 7Diamonds, 5Diamonds, 7Clubs, QClubs, 6Clubs, 4Clubs, 3Clubs, 5Spades, 4Spades, 2Spades.
P2 HAND: KDiamonds, JDiamonds, AHearts, KHearts, 6Hearts, 5Hearts, 3Hearts, ASpades, JSpades, QSpades.
P3 HAND: ADiamonds, QDiamonds, 6Diamonds, 4Diamonds, 3Diamonds, AClubs, 5Clubs, 2Clubs, KSpades, 3Spades.
P0 JClubs P1 3Clubs P2 3Hearts P3 AClubs 
P3 2Clubs P0 KClubs P1 4Clubs P2 AHearts 
P0 7Hearts P1 5Diamonds P2 5Hearts P3 KSpades 
P1 2Spades P2 ASpades P3 3Spades P0 6Spades 
P2 6Hearts P3 5Clubs P0 2Hearts P1 4Spades 
P2 QSpades P3 3Diamonds P0 7Spades P1 5Spades 
P3 4Diamonds P0 2Diamonds P1 7Diamonds P2 JDiamonds 
P1 6Clubs P2 KDiamonds P3 6Diamonds P0 JHearts 
P2 JSpades P3 QDiamonds P0 4Hearts P1 7Clubs 
P3 ADiamonds P0 QHearts P1 QClubs P2 KHearts 
-- /GAME --
P0 HAND: 6Diamonds, 4Diamonds, QClubs, 3Clubs, AHearts, 7Hearts, 4Hearts, 2Hearts, KSpades, 6Spades.
P1 HAND: KDiamonds, JDiamonds, 7Clubs, 5Clubs, KHearts, 5Hearts, 3Hearts, ASpades, JSpades, 3Spades.
P2 HAND: ADiamonds, 7Diamonds, QDiamonds, 5Diamonds, 2Diamonds, QHearts, 6Hearts, 7Spades, QSpades, 4Spades.
P3 HAND: 3Diamonds, AClubs, KClubs, JClubs, 6Clubs, 4Clubs, 2Clubs, JHearts, 5Spades, 2Spades.
P3 2Clubs P0 3Clubs P1 5Clubs P2 4Spades 
P1 ASpades P2 QSpades P3 5Spades P0 6Spades 
P1 3Hearts P2 6Hearts P3 JHearts P0 AHearts 
P0 KSpades P1 3Spades P2 7Spades P3 2Spades 
P2 QHearts P3 4Clubs P0 2Hearts P1 KHearts 
P1 5Hearts P2 2Diamonds P3 6Clubs P0 7Hearts 
P2 5Diamonds P3 3Diamonds P0 4Diamonds P1 JDiamonds 
P1 JSpades P2 QDiamonds P3 JClubs P0 QClubs 
P2 7Diamonds P3 KClubs P0 6Diamonds P1 KDiamonds 
P2 ADiamonds P3 AClubs P0 4Hearts P1 7Clubs 
-- /GAME --
P0 HAND: 7Diamonds, 2Diamonds, AClubs, 7Clubs, QClubs, 3Clubs, 4Hearts, 7Spades, 5Spades, 3Spades.
P1 HAND: 6Diamonds, 3Diamonds, 6Clubs, 5Clubs, AHearts, 7Hearts, JHearts, 6Hearts, KSpades, 2Spades.
P2 HAND: ADiamonds, JDiamonds, QDiamonds, JClubs, 4Clubs, KHearts, 5Hearts, 3Hearts, ASpades, 4Spades.
P3 HAND: KDiamonds, 5Diamonds, 4Diamonds, KClubs, 2Clubs, QHearts, 2Hearts, JSpades, QSpades, 6Spades.
P2 ASpades P3 6Spades P0 7Spades P1 2Spades 
P2 3Hearts P3 2Hearts P0 4Hearts P1 AHearts 
P1 5Clubs P2 4Clubs P3 2Clubs P0 AClubs 
P0 3Spades P1 KSpades P2 4Spades P3 JSpades 
P1 6Clubs P2 JClubs P3 KClubs P0 7Clubs 
P0 QClubs P1 6Hearts P2 5Hearts P3 QHearts 
P0 3Clubs P1 3Diamonds P2 QDiamonds P3 QSpades 
P2 JDiamonds P3 4Diamonds P0 2Diamonds P1 6Diamonds 
P2 ADiamonds P3 5Diamonds P0 7Diamonds P1 JHearts 
P2 KHearts P3 KDiamonds P0 5Spades P1 7Hearts 
-- /GAME --
P0 HAND: ADiamonds, 7Diamonds, KDiamonds, 6Diamonds, 4Diamonds, 5Clubs, 4Clubs, 6Hearts, 3Hearts, 2Spades.
P1 HAND: 3Diamonds, 2Diamonds, 7Clubs, KClubs, AHearts, QHearts, ASpades, QSpades, 6Spades, 5Spades.
P2 HAND: JDiamonds, QDiamonds, 5Diamonds, JClubs, KHearts, JHearts, 5Hearts, 2Hearts, KSpades, JSpades.
P3 HAND: AClubs, QClubs, 6Clubs, 3Clubs, 2Clubs, 7Hearts, 4Hearts, 7Spades, 4Spades, 3Spades.
P1 AHearts P2 2Hearts P3 7Hearts P0 3Hearts 
P1 ASpades P2 JSpades P3 7Spades P0 2Spades 
P1 5Spades P2 KSpades P3 3Spades P0 6Hearts 
P2 5Hearts P3 4Hearts P0 4Clubs P1 QHearts 
P1 6Spades P2 5Diamonds P3 4Spades P0 5Clubs 
P2 JClubs P3 2Clubs P0 4Diamonds P1 KClubs 
P0 ADiamonds P1 2Diamonds P2 QDiamonds P3 3Clubs 
P0 7Diamonds P1 3Diamonds P2 JDiamonds P3 6Clubs 
P0 KDiamonds P1 QSpades P2 JHearts P3 QClubs 
P0 6Diamonds P1 7Clubs P2 KHearts P3 AClubs 
-- /GAME --
P0 HAND: QDiamonds, 6Diamonds, 2Diamonds, KClubs, 5Clubs, 4Clubs, AHearts, 2Hearts, 7Spades, JSpades.
P1 HAND: JDiamonds, 4Diamonds, 3Diamonds, AClubs, 7Clubs, JClubs, QClubs, QSpades, 5Spades, 4Spades.
P2 HAND: 7Diamonds, 5Diamonds, 6Clubs, 3Clubs, 2Clubs, KHearts, 6Hearts, 5Hearts, ASpades, 2Spades.
P3 HAND: ADiamonds, KDiamonds, 7Hearts, JHearts, QHearts, 4Hearts, 3Hearts, KSpades, 6Spades, 3Spades.
P0 JSpades P1 4Spades P2 ASpades P3 3Spades 
P2 2Clubs P3 3Hearts P0 5Clubs P1 AClubs 
P1 5Spades P2 2Spades P3 6Spades P0 7Spades 
P0 4Clubs P1 QClubs P2 3Clubs P3 7Hearts 
P1 QSpades P2 5Hearts P3 KSpades P0 QDiamonds 
P0 AHearts P1 3Diamonds P2 6Hearts P3 JHearts 
P1 JClubs P2 6Clubs P3 4Hearts P0 KClubs 
P0 2Hearts P1 4Diamonds P2 KHearts P3 QHearts 
P1 JDiamonds P2 5Diamonds P3 KDiamonds P0 2Diamonds 
P3 ADiamonds P0 6Diamonds P1 7Clubs P2 7Diamonds 
-- /GAME --
P0 HAND: KDiamonds, 6Diamonds, 2Diamonds, QClubs, JHearts, QHearts, ASpades, KSpades, 6Spades, 5Spades.
P1 HAND: 5Diamonds, AClubs, 7Clubs, JClubs, 5Clubs, 2Clubs, 6Hearts, 2Hearts, 7Spades, 3Spades.
P2 HAND: ADiamonds, QDiamonds, 4Diamonds, 4Clubs, 3Clubs, AHearts, KHearts, 5Hearts, JSpades, 2Spades.
P3 HAND: 7Diamonds, JDiamonds, 3Diamonds, KClubs, 6Clubs, 7Hearts, 4Hearts, 3Hearts, QSpades, 4Spades.
P3 3Diamonds P0 2Diamonds P1 5Diamonds P2 ADiamonds 
P2 2Spades P3 4Spades P0 ASpades P1 3Spades 
P0 5Spades P1 7Spades P2 JSpades P3 QSpades 
P1 2Clubs P2 3Clubs P3 6Clubs P0 QClubs 
P0 6Diamonds P1 5Clubs P2 4Diamonds P3 7Diamonds 
P3 JDiamonds P0 KDiamonds P1 2Hearts P2 QDiamonds 
P1 JClubs P2 4Clubs P3 KClubs P0 JHearts 
P0 QHearts P1 6Hearts P2 5Hearts P3 3Hearts 
P0 6Spades P1 7Clubs P2 KHearts P3 7Hearts 
P3 4Hearts P0 KSpades P1 AClubs P2 AHearts 
-- /GAME --
P0 HAND: ADiamonds, 3Diamonds, 4Clubs, AHearts, 4Hearts, 3Hearts, 7Spades, JSpades, 6Spades, 3Spades.
P1 HAND: KDiamonds, JDiamonds, QDiamonds, 4Diamonds, 7Clubs, KClubs, QHearts, ASpades, 5Spades, 2Spades.
P2 HAND: 6Diamonds, JClubs, QClubs, 5Clubs, 7Hearts, KHearts, 5Hearts, 2Hearts, KSpades, 4Spades.
P3 HAND: 7Diamonds, 5Diamonds, 2Diamonds, AClubs, 6Clubs, 3Clubs, 2Clubs, JHearts, 6Hearts, QSpades.
P2 2Hearts P3 6Hearts P0 AHearts P1 QHearts 
P0 4Clubs P1 KClubs P2 5Clubs P3 AClubs 
P3 2Clubs P0 JSpades P1 7Clubs P2 QClubs 
P1 ASpades P2 4Spades P3 QSpades P0 3Spades 
P1 2Spades P2 KSpades P3 3Clubs P0 7Spades 
P0 6Spades P1 5Spades P2 5Hearts P3 6Clubs 
P0 3Hearts P1 4Diamonds P2 KHearts P3 JHearts 
P1 QDiamonds P2 6Diamonds P3 2Diamonds P0 3Diamonds 
P1 JDiamonds P2 JClubs P3 5Diamonds P0 ADiamonds 
P0 4Hearts P1 KDiamonds P2 7Hearts P3 7Diamonds 
-- /GAME --
P0 HAND: JDiamonds, QDiamonds, 5Clubs, 2Clubs, KHearts, 5Hearts, 2Hearts, ASpades, 5Spades, 3Spades.
P1 HAND: 7Diamonds, KDiamonds, 4Diamonds, 3Diamonds, 7Clubs, 6Clubs, AHearts, JHearts, 4Hearts, 2Spades.
P2 HAND: ADiamonds, 6Diamonds, 5Diamonds, AClubs, QClubs, 4Clubs, QHearts, 6Hearts, 7Spades, 6Spades.
P3 HAND: 2Diamonds, KClubs, JClubs, 3Clubs, 7Hearts, 3Hearts, KSpades, JSpades, QSpades, 4Spades.
P1 AHearts P2 6Hearts P3 7Hearts P0 2Hearts 
P1 3Diamonds P2 ADiamonds P3 2Diamonds P0 JDiamonds 
P2 AClubs P3 3Clubs P0 2Clubs P1 6Clubs 
P2 4Clubs P3 JClubs P0 5Clubs P1 7Clubs 
P1 4Diamonds P2 5Diamonds P3 3Hearts P0 QDiamonds 
P0 5Hearts P1 4Hearts P2 QHearts P3 4Spades 
P3 QSpades P0 3Spades P1 2Spades P2 6Spades 
P3 JSpades P0 5Spades P1 JHearts P2 7Spades 
P2 6Diamonds P3 KSpades P0 ASpades P1 KDiamonds 
P0 KHearts P1 7Diamonds P2 QClubs P3 KClubs 
-- /GAME --
P0 HAND: KDiamonds, JDiamonds, 4Diamonds, 5Clubs, 4Clubs, 2Clubs, AHearts, JHearts, 4Hearts, 2Hearts.
P1 HAND: ADiamonds, 5Diamonds, AClubs, KClubs, 6Clubs, 3Clubs, KHearts, 6Hearts, 7Spades, 3Spades.
P2 HAND: 7Diamonds, QDiamonds, 3Diamonds, 2Diamonds, 7Clubs, JClubs, QClubs, 5Hearts, QSpades, 5Spades.
P3 HAND: 6Diamonds, 7Hearts, QHearts, 3Hearts, ASpades, KSpades, JSpades, 6Spades, 4Spades, 2Spades.
P0 AHearts P1 6Hearts P2 5Hearts P3 3Hearts 
P0 2Hearts P1 KHearts P2 2Diamonds P3 7Hearts 
P3 6Diamonds P0 JDiamonds P1 ADiamonds P2 3Diamonds 
P1 AClubs P2 QClubs P3 QHearts P0 2Clubs 
P1 3Clubs P2 JClubs P3 2Spades P0 4Clubs 
P3 4Spades P0 JHearts P1 3Spades P2 5Spades 
P2 QDiamonds P3 6Spades P0 4Diamonds P1 5Diamonds 
P3 JSpades P0 KDiamonds P1 7Spades P2 QSpades 
P1 6Clubs P2 7Clubs P3 KSpades P0 5Clubs 
P3 ASpades P0 4Hearts P1 KClubs P2 7Diamonds 
-- /GAME --
P0 HAND: 3Diamonds, 2Diamonds, JClubs, 6Clubs, 4Clubs, 3Clubs, AHearts, QHearts, 5Hearts, 3Spades.
P1 HAND: ADiamonds, 5Diamonds, AClubs, KClubs, 6Hearts, 3Hearts, 2Hearts, JSpades, 4Spades, 2Spades.
P2 HAND: 6Diamonds, 4Diamonds, 7Clubs, QClubs, 2Clubs, 7Hearts, 4Hearts, KSpades, QSpades, 6Spades.
P3 HAND: 7Diamonds, KDiamonds, JDiamonds, QDiamonds, 5Clubs, KHearts, JHearts, ASpades, 7Spades, 5Spades.
P3 ASpades P0 3Spades P1 JSpades P2 6Spades 
P3 5Clubs P0 3Clubs P1 AClubs P2 2Clubs 
P1 ADiamonds P2 4Diamonds P3 7Diamonds P0 2Diamonds 
P1 2Spades P2 QSpades P3 7Spades P0 QHearts 
P0 AHearts P1 2Hearts P2 4Hearts P3 JHearts 
P0 5Hearts P1 3Hearts P2 7Hearts P3 KHearts 
P2 6Diamonds P3 QDiamonds P0 3Diamonds P1 5Diamonds 
P3 5Spades P0 4Clubs P1 4Spades P2 KSpades 
P2 QClubs P3 JDiamonds P0 JClubs P1 KClubs 
P1 6Hearts P2 7Clubs P3 KDiamonds P0 6Clubs 
-- /GAME --
P0 HAND: QDiamonds, 3Diamonds, 2Diamonds, 6Clubs, 4Clubs, AHearts, KHearts, JHearts, 5Hearts, 7Spades.
P1 HAND: 7Diamonds, 6Diamonds, 4Diamonds, JClubs, 5Clubs, 4Hearts, ASpades, KSpades, JSpades, QSpades.
P2 HAND: ADiamonds, KDiamonds, KClubs, 3Clubs, 2Clubs, 7Hearts, 2Hearts, 4Spades, 3Spades, 2Spades.
P3 HAND: JDiamonds, 5Diamonds, AClubs, 7Clubs, QClubs, QHearts, 6Hearts, 3Hearts, 6Spades, 5Spades.
P2 ADiamonds P3 5Diamonds P0 QDiamonds P1 4Diamonds 
P2 2Clubs P3 AClubs P0 4Clubs P1 JClubs 
P3 3Hearts P0 AHearts P1 4Hearts P2 7Hearts 
P0 6Clubs P1 5Clubs P2 3Clubs P3 7Clubs 
P3 6Hearts P0 JHearts P1 6Diamonds P2 2Hearts 
P0 7Spades P1 ASpades P2 2Spades P3 5Spades 
P1 QSpades P2 3Spades P3 6Spades P0 5Hearts 
P1 JSpades P2 4Spades P3 QClubs P0 2Diamonds 
P1 KSpades P2 KDiamonds P3 QHearts P0 3Diamonds 
P1 7Diamonds P2 KClubs P3 JDiamonds P0 KHearts 
-- /GAME --
P0 HAND: ADiamonds, KDiamonds, 6Diamonds, KClubs, 5Clubs, AHearts, 7Hearts, 5Hearts, 2Hearts, 2Spades.
P1 HAND: AClubs, QClubs, 4Clubs, KHearts, JHearts, 6Hearts, 7Spades, KSpades, 5Spades, 3Spades.
P2 HAND: JDiamonds, QDiamonds, 2Diamonds, JClubs, 3Clubs, 4Hearts, 3Hearts, ASpades, JSpades, 6Spades.
P3 HAND: 7Diamonds, 5Diamonds, 4Diamonds, 3Diamonds, 7Clubs, 6Clubs, 2Clubs, QHearts, QSpades, 4Spades.
P1 AClubs P2 3Clubs P3 7Clubs P0 5Clubs 
P1 3Spades P2 ASpades P3 4Spades P0 2Spades 
P2 3Hearts P3 QHearts P0 AHearts P1 6Hearts 
P0 ADiamonds P1 4Clubs P2 2Diamonds P3 3Diamonds 
P0 6Diamonds P1 5Spades P2 QDiamonds P3 4Diamonds 
P2 4Hearts P3 2Clubs P0 7Hearts P1 JHearts 
P0 2Hearts P1 KHearts P2 6Spades P3 QSpades 
P1 QClubs P2 JClubs P3 6Clubs P0 KClubs 
P0 5Hearts P1 KSpades P2 JDiamonds P3 7Diamonds 
P3 5Diamonds P0 KDiamonds P1 7Spades P2 JSpades 
-- /GAME --
P0 HAND: ADiamonds, 4Diamonds, AClubs, 3Clubs, 2Clubs, JHearts, 2Hearts, 7Spades, 5Spades, 2Spades.
P1 HAND: 7Diamonds, KDiamonds, JClubs, 5Clubs, 4Clubs, KHearts, QHearts, ASpades, KSpades, 6Spades.
P2 HAND: JDiamonds, QDiamonds, 6Diamonds, 2Diamonds, 7Clubs, 6Clubs, AHearts, 7Hearts, 4Hearts, JSpades.
P3 HAND: 5Diamonds, 3Diamonds, KClubs, QClubs, 6Hearts, 5Hearts, 3Hearts, QSpades, 4Spades, 3Spades.
P0 4Diamonds P1 KDiamonds P2 2Diamonds P3 5Diamonds 
P1 ASpades P2 JSpades P3 QSpades P0 2Spades 
P1 6Spades P2 4Hearts P3 3Spades P0 7Spades 
P0 AClubs P1 4Clubs P2 6Clubs P3 QClubs 
P0 2Clubs P1 5Clubs P2 7Clubs P3 KClubs 
P2 AHearts P3 3Hearts P0 JHearts P1 QHearts 
P2 6Diamonds P3 3Diamonds P0 ADiamonds P1 7Diamonds 
P0 2Hearts P1 KHearts P2 7Hearts P3 5Hearts 
P2 QDiamonds P3 4Spades P0 5Spades P1 JClubs 
P1 KSpades P2 JDiamonds P3 6Hearts P0 3Clubs 
-- /GAME --
P0 HAND: KClubs, 3Clubs, AHearts, KHearts, JHearts, QHearts, 2Hearts, KSpades, JSpades, QSpades.
P1 HAND: QDiamonds, 3Diamonds, 2Diamonds, AClubs, 7Clubs, JClubs, 7Hearts, 5Hearts, 4Hearts, 3Spades.
P2 HAND: QClubs, 6Clubs, 5Clubs, 4Clubs, 2Clubs, 6Hearts, ASpades, 7Spades, 6Spades, 4Spades.
P3 HAND: ADiamonds, 7Diamonds, KDiamonds, JDiamonds, 6Diamonds, 5Diamonds, 4Diamonds, 3Hearts, 5Spades, 2Spades.
P3 2Spades P0 QSpades P1 3Spades P2 ASpades 
P2 4Spades P3 5Spades P0 JSpades P1 2Diamonds 
P0 AHearts P1 4Hearts P2 6Hearts P3 3Hearts 
P0 QHearts P1 5Hearts P2 6Spades P3 4Diamonds 
P0 2Hearts P1 7Hearts P2 2Clubs P3 5Diamonds 
P2 4Clubs P3 6Diamonds P0 3Clubs P1 JClubs 
P1 3Diamonds P2 5Clubs P3 JDiamonds P0 KHearts 
P2 6Clubs P3 KDiamonds P0 KClubs P1 7Clubs 
P1 QDiamonds P2 QClubs P3 7Diamonds P0 KSpades 
P2 7Spades P3 ADiamonds P0 JHearts P1 AClubs 
-- /GAME --
P0 HAND: 6Diamonds, 4Diamonds, 5Clubs, 3Clubs, KHearts, 5Hearts, 3Hearts, 2Hearts, 7Spades, 4Spades.
P1 HAND: ADiamonds, 2Diamonds, JClubs, 6Clubs, 2Clubs, AHearts, JHearts, QSpades, 5Spades, 2Spades.
P2 HAND: 7Diamonds, KDiamonds, JDiamonds, AClubs, KClubs, 7Hearts, QHearts, JSpades, 6Spades, 3Spades.
P3 HAND: QDiamonds, 5Diamonds, 3Diamonds, 7Clubs, QClubs, 4Clubs, 6Hearts, 4Hearts, ASpades, KSpades.
P3 3Diamonds 
