-- GAME --
P0 HAND: 3Diamonds, KClubs, 7Hearts, QHearts, 5Hearts, 2Hearts, 6Spades, 5Spades, 4Spades, 3Spades.
P1 HAND: KDiamonds, 6Diamonds, 7Clubs, JClubs, QClubs, 4Clubs, 3Clubs, 7Spades, QSpades, 2Spades.
P2 HAND: JDiamonds, 4Diamonds, 2Diamonds, 6Clubs, AHearts, KHearts, JHearts, 6Hearts, 4Hearts, KSpades.
P3 HAND: ADiamonds, 7Diamonds, QDiamonds, 5Diamonds, AClubs, 5Clubs, 2Clubs, 3Hearts, ASpades, JSpades.
P0 KClubs P1 3Clubs P2 6Clubs P3 AClubs 
P3 ASpades P0 3Spades P1 7Spades P2 KSpades 
P3 2Clubs P0 7Hearts P1 4Clubs P2 2Diamonds 
P2 4Hearts P3 3Hearts P0 2Hearts P1 2Spades 
P2 6Hearts P3 5Clubs P0 QHearts P1 QClubs 
P0 5Spades P1 QSpades P2 4Diamonds P3 JSpades 
P2 JHearts P3 5Diamonds P0 5Hearts P1 7Clubs 
P3 QDiamonds P0 3Diamonds P1 6Diamonds P2 JDiamonds 
P2 KHearts P3 7Diamonds P0 4Spades P1 JClubs 
P3 ADiamonds P0 6Spades P1 KDiamonds P2 AHearts 
-- /GAME --
P0 HAND: KDiamonds, JDiamonds, 7Clubs, 5Clubs, 7Hearts, JHearts, QHearts, 5Hearts, 2Hearts, 4Spades.
P1 HAND: ADiamonds, 7Diamonds, QDiamonds, AClubs, KClubs, JClubs, 6Clubs, 4Clubs, ASpades, 3Spades.
P2 HAND: 6Diamonds, 4Diamonds, QClubs, 2Clubs, KHearts, 7Spades, KSpades, QSpades, 6Spades, 5Spades.
P3 HAND: 5Diamonds, 3Diamonds, 2Diamonds, 3Clubs, AHearts, 6Hearts, 4Hearts, 3Hearts, JSpades, 2Spades.
P3 AHearts P0 2Hearts P1 AClubs P2 KHearts 
P3 2Spades P0 4Spades P1 ASpades P2 5Spades 
P1 3Spades P2 6Spades P3 JSpades P0 KDiamonds 
P0 7Clubs P1 4Clubs P2 QClubs P3 3Clubs 
P0 JHearts P1 6Clubs P2 2Clubs P3 3Hearts 
P0 QHearts P1 QDiamonds P2 QSpades P3 6Hearts 
P1 JClubs P2 4Diamonds P3 4Hearts P0 5Clubs 
P2 6Diamonds P3 2Diamonds P0 JDiamonds P1 7Diamonds 
P1 ADiamonds P2 KSpades P3 3Diamonds P0 5Hearts 
P1 KClubs P2 7Spades P3 5Diamonds P0 7Hearts 
-- /GAME --
P0 HAND: 4Diamonds, JClubs, 6Clubs, 4Clubs, 7Hearts, QHearts, ASpades, KSpades, QSpades, 4Spades.
P1 HAND: 6Diamonds, 5Diamonds, 3Diamonds, 7Clubs, KClubs, QClubs, 5Clubs, 3Clubs, JHearts, 2Spades.
P2 HAND: ADiamonds, 7Diamonds, KDiamonds, 2Clubs, KHearts, 6Hearts, 3Hearts, 2Hearts, JSpades, 3Spades.
P3 HAND: JDiamonds, QDiamonds, 2Diamonds, AClubs, AHearts, 5Hearts, 4Hearts, 7Spades, 6Spades, 5Spades.
P2 2Clubs P3 AClubs P0 4Clubs P1 7Clubs 
P3 AHearts P0 QHearts P1 JHearts P2 2Hearts 
P3 4Hearts P0 7Hearts P1 3Diamonds P2 3Hearts 
P1 2Spades P2 3Spades P3 5Spades P0 4Spades 
P3 5Hearts P0 ASpades P1 5Diamonds P2 6Hearts 
P1 3Clubs P2 KDiamonds P3 6Spades P0 JClubs 
P2 JSpades P3 7Spades P0 KSpades P1 KClubs 
P3 2Diamonds P0 4Diamonds P1 6Diamonds P2 7Diamonds 
P2 ADiamonds P3 QDiamonds P0 QSpades P1 5Clubs 
P2 KHearts P3 JDiamonds P0 6Clubs P1 QClubs 
-- /GAME --
P0 HAND: KDiamonds, AClubs, QClubs, 5Clubs, 2Clubs, AHearts, 5Hearts, 3Hearts, JSpades, 3Spades.
P1 HAND: QDiamonds, KClubs, 6Clubs, 4Clubs, 3Clubs, KHearts, JHearts, QHearts, 2Hearts, 6Spades.
P2 HAND: ADiamonds, 7Diamonds, JDiamonds, 5Diamonds, 4Diamonds, 7Clubs, 7Hearts, 7Spades, 5Spades, 4Spades.
P3 HAND: 6Diamonds, 3Diamonds, 2Diamonds, JClubs, 6Hearts, 4Hearts, ASpades, KSpades, QSpades, 2Spades.
P1 3Clubs P2 7Clubs P3 JClubs P0 QClubs 
P2 4Diamonds P3 2Diamonds P0 KDiamonds P1 QDiamonds 
P0 AClubs P1 4Clubs P2 ADiamonds P3 4Hearts 
P3 ASpades P0 3Spades P1 6Spades P2 4Spades 
P3 2Spades P0 JSpades P1 6Clubs P2 7Spades 
P2 5Diamonds P3 3Diamonds P0 3Hearts P1 2Hearts 
P0 5Clubs P1 KClubs P2 5Spades P3 KSpades 
P1 QHearts P2 7Hearts P3 6Hearts P0 5Hearts 
P2 JDiamonds P3 6Diamonds P0 2Clubs P1 JHearts 
P1 KHearts P2 7Diamonds P3 QSpades P0 AHearts 
-- /GAME --
P0 HAND: 7Diamonds, 4Diamonds, AClubs, 4Clubs, 7Hearts, 7Spades, KSpades, 5Spades, 3Spades, 2Spades.
P1 HAND: 3Diamonds, 2Diamonds, KClubs, QClubs, KHearts, 6Hearts, 5Hearts, 3Hearts, JSpades, 6Spades.
P2 HAND: ADiamonds, KDiamonds, JDiamonds, 7Clubs, 5Clubs, 2Clubs, 2Hearts, ASpades, QSpades, 4Spades.
P3 HAND: QDiamonds, 6Diamonds, 5Diamonds, JClubs, 6Clubs, 3Clubs, AHearts, JHearts, QHearts, 4Hearts.
P0 2Spades P1 6Spades P2 ASpades P3 4Hearts 
P3 3Clubs P0 4Clubs P1 QClubs P2 7Clubs 
P2 ADiamonds P3 5Diamonds P0 4Diamonds P1 2Diamonds 
P2 2Clubs P3 6Clubs P0 AClubs P1 KClubs 
P0 7Diamonds P1 3Diamonds P2 KDiamonds P3 6Diamonds 
P0 KSpades P1 JSpades P2 4Spades P3 QHearts 
P3 QDiamonds P0 7Hearts P1 3Hearts P2 JDiamonds 
P0 7Spades P1 5Hearts P2 QSpades P3 JClubs 
P1 6Hearts P2 2Hearts P3 JHearts P0 3Spades 
P3 AHearts P0 5Spades P1 KHearts P2 5Clubs 
-- /GAME --
P0 HAND: 2Diamonds, KClubs, QClubs, 5Clubs, 2Clubs, AHearts, 6Hearts, 2Hearts, KSpades, 3Spades.
P1 HAND: ADiamonds, KDiamonds, 6Diamonds, 3Diamonds, 6Clubs, 4Clubs, 7Hearts, QHearts, 6Spades, 2Spades.
P2 HAND: 5Diamonds, 4Diamonds, AClubs, JClubs, KHearts, 3Hearts, ASpades, JSpades, 5Spades, 4Spades.
P3 HAND: 7Diamonds, JDiamonds, QDiamonds, 7Clubs, 3Clubs, JHearts, 5Hearts, 4Hearts, 7Spades, QSpades.
P3 3Clubs P0 2Clubs P1 4Clubs P2 AClubs 
P2 3Hearts P3 4Hearts P0 AHearts P1 QHearts 
P0 5Clubs P1 6Clubs P2 JClubs P3 7Clubs 
P3 5Hearts P0 6Hearts P1 7Hearts P2 KHearts 
P1 ADiamonds P2 4Diamonds P3 7Diamonds P0 2Diamonds 
P1 3Diamonds P2 5Diamonds P3 QDiamonds P0 KSpades 
P0 QClubs P1 6Diamonds P2 4Spades P3 QSpades 
P3 JDiamonds P0 3Spades P1 KDiamonds P2 5Spades 
P2 JSpades P3 7Spades P0 2Hearts P1 2Spades 
P3 JHearts P0 KClubs P1 6Spades P2 ASpades 
-- /GAME --
P0 HAND: KDiamonds, JDiamonds, QDiamonds, 6Diamonds, 3Diamonds, JClubs, 2Clubs, 7Hearts, JHearts, 5Hearts.
P1 HAND: 5Diamonds, 2Diamonds, KClubs, 5Clubs, 4Clubs, 3Clubs, QHearts, 3Hearts, 7Spades, QSpades.
P2 HAND: AClubs, 7Clubs, QClubs, AHearts, 6Hearts, 4Hearts, 2Hearts, ASpades, 6Spades, 3Spades.
P3 HAND: ADiamonds, 7Diamonds, 4Diamonds, 6Clubs, KHearts, KSpades, JSpades, 5Spades, 4Spades, 2Spades.
P2 AClubs P3 6Clubs P0 JClubs P1 3Clubs 
P2 ASpades P3 2Spades P0 2Clubs P1 QSpades 
P2 3Spades P3 4Spades P0 JHearts P1 7Spades 
P0 3Diamonds P1 2Diamonds P2 6Spades P3 ADiamonds 
P3 4Diamonds P0 KDiamonds P1 5Diamonds P2 7Clubs 
P0 JDiamonds P1 4Clubs P2 QClubs P3 7Diamonds 
P3 5Spades P0 7Hearts P1 5Clubs P2 2Hearts 
P0 QDiamonds P1 3Hearts P2 4Hearts P3 KHearts 
P3 JSpades P0 5Hearts P1 QHearts P2 AHearts 
P2 6Hearts P3 KSpades P0 6Diamonds P1 KClubs 
-- /GAME --
P0 HAND: KDiamonds, 7Clubs, 5Clubs, 4Clubs, 2Clubs, JHearts, 2Hearts, ASpades, KSpades, 4Spades.
P1 HAND: ADiamonds, 2Diamonds, KClubs, AHearts, 7Hearts, 5Hearts, 4Hearts, 7Spades, QSpades, 2Spades.
P2 HAND: 6Diamonds, 4Diamonds, AClubs, JClubs, QClubs, 6Clubs, 3Clubs, QHearts, 6Hearts, 5Spades.
P3 HAND: 7Diamonds, JDiamonds, QDiamonds, 5Diamonds, 3Diamonds, KHearts, 3Hearts, JSpades, 6Spades, 3Spades.
P1 ADiamonds P2 4Diamonds P3 7Diamonds P0 KDiamonds 
P1 AHearts P2 6Hearts P3 KHearts P0 2Hearts 
P1 2Diamonds P2 6Diamonds P3 3Diamonds P0 JHearts 
P2 5Spades P3 3Spades P0 KSpades P1 7Spades 
P1 2Spades P2 QHearts P3 6Spades P0 ASpades 
P0 5Clubs P1 KClubs P2 3Clubs P3 JDiamonds 
P1 4Hearts P2 6Clubs P3 3Hearts P0 4Spades 
P2 QClubs P3 5Diamonds P0 2Clubs P1 5Hearts 
P2 JClubs P3 QDiamonds P0 7Clubs P1 QSpades 
P0 4Clubs P1 7Hearts P2 AClubs P3 JSpades 
-- /GAME --
P0 HAND: KDiamonds, QClubs, 6Clubs, KHearts, 6Hearts, KSpades, JSpades, QSpades, 6Spades, 3Spades.
P1 HAND: QDiamonds, 3Diamonds, 7Clubs, JClubs, 4Clubs, 4Hearts, 3Hearts, ASpades, 5Spades, 4Spades.
P2 HAND: ADiamonds, JDiamonds, 5Diamonds, AClubs, 2Clubs, AHearts, 7Hearts, 5Hearts, 2Hearts, 7Spades.
P3 HAND: 7Diamonds, 6Diamonds, 4Diamonds, 2Diamonds, KClubs, 5Clubs, 3Clubs, JHearts, QHearts, 2Spades.
P0 6Clubs P1 4Clubs P2 AClubs P3 3Clubs 
P2 AHearts P3 QHearts P0 KHearts P1 3Hearts 
P2 2Clubs P3 5Clubs P0 QClubs P1 7Clubs 
P1 ASpades P2 7Spades P3 2Spades P0 3Spades 
P1 4Hearts P2 2Hearts P3 JHearts P0 6Hearts 
P3 2Diamonds P0 KDiamonds P1 3Diamonds P2 5Diamonds 
P0 KSpades P1 4Spades P2 7Hearts P3 4Diamonds 
P3 6Diamonds P0 6Spades P1 QDiamonds P2 JDiamonds 
P2 5Hearts P3 7Diamonds P0 QSpades P1 JClubs 
P3 KClubs P0 JSpades P1 5Spades P2 ADiamonds 
-- /GAME --
P0 HAND: JDiamonds, 2Diamonds, 7Clubs, JClubs, 6Clubs, 3Clubs, 2Clubs, KHearts, QHearts, 3Hearts.
P1 HAND: 3Diamonds, AClubs, KClubs, 4Hearts, 2Hearts, KSpades, QSpades, 6Spades, 4Spades, 2Spades.
P2 HAND: 7Diamonds, 6Diamonds, 4Diamonds, 4Clubs, 7Hearts, JHearts, 6Hearts, 5Hearts, 7Spades, 3Spades.
P3 HAND: ADiamonds, KDiamonds, QDiamonds, 5Diamonds, QClubs, 5Clubs, AHearts, ASpades, JSpades, 5Spades.
P1 2Hearts P2 5Hearts P3 AHearts P0 3Hearts 
P3 ADiamonds P0 2Diamonds P1 3Diamonds P2 4Diamonds 
P3 ASpades P0 7Clubs P1 2Spades P2 7Spades 
P0 JDiamonds P1 4Hearts P2 7Diamonds P3 5Diamonds 
P2 3Spades P3 5Spades P0 2Clubs P1 4Spades 
P0 QHearts P1 6Spades P2 6Hearts P3 QDiamonds 
P0 3Clubs P1 KClubs P2 4Clubs P3 5Clubs 
P1 QSpades P2 6Diamonds P3 JSpades P0 JClubs 
P0 KHearts P1 AClubs P2 JHearts P3 KDiamonds 
P1 KSpades P2 7Hearts P3 QClubs P0 6Clubs 
-- /GAME --
P0 HAND: QDiamonds, 3Diamonds, 7Clubs, KClubs, 2Clubs, 7Spades, KSpades, 6Spades, 4Spades, 2Spades.
P1 HAND: 7Diamonds, JDiamonds, 4Diamonds, 2Diamonds, AClubs, 4Clubs, KHearts, QHearts, 3Hearts, ASpades.
P2 HAND: KDiamonds, 5Clubs, 3Clubs, JHearts, 6Hearts, 4Hearts, 2Hearts, JSpades, QSpades, 5Spades.
P3 HAND: ADiamonds, 6Diamonds, 5Diamonds, JClubs, QClubs, 6Clubs, AHearts, 7Hearts, 5Hearts, 3Spades.
P0 2Spades P1 ASpades P2 5Spades P3 3Spades 
P1 AClubs P2 3Clubs P3 JClubs P0 2Clubs 
P1 3Hearts P2 2Hearts P3 AHearts P0 QDiamonds 
P0 7Clubs P1 4Clubs P2 5Clubs P3 6Clubs 
P0 KClubs P1 QHearts P2 KDiamonds P3 QClubs 
P2 4Hearts P3 5Hearts P0 3Diamonds P1 KHearts 
P0 KSpades P1 2Diamonds P2 QSpades P3 7Hearts 
P1 4Diamonds P2 6Hearts P3 5Diamonds P0 4Spades 
P3 6Diamonds P0 7Spades P1 JDiamonds P2 JHearts 
P1 7Diamonds P2 JSpades P3 ADiamonds P0 6Spades 
-- /GAME --
P0 HAND: QDiamonds, 3Clubs, 2Clubs, 7Hearts, 6Hearts, 5Hearts, 3Hearts, KSpades, 5Spades, 3Spades.
P1 HAND: JDiamonds, 2Diamonds, 7Clubs, KClubs, JClubs, 5Clubs, 4Hearts, 7Spades, QSpades, 4Spades.
P2 HAND: KDiamonds, 4Diamonds, QClubs, 4Clubs, JHearts, QHearts, ASpades, JSpades, 6Spades, 2Spades.
P3 HAND: ADiamonds, 7Diamonds, 6Diamonds, 5Diamonds, 3Diamonds, AClubs, 6Clubs, AHearts, KHearts, 2Hearts.
P3 2Hearts P0 3Hearts P1 4Hearts P2 JHearts 
P2 4Diamonds P3 ADiamonds P0 QDiamonds P1 JDiamonds 
P3 AClubs P0 2Clubs P1 7Clubs P2 4Clubs 
P3 3Diamonds P0 7Hearts P1 2Diamonds P2 KDiamonds 
P2 QClubs P3 6Clubs P0 3Clubs P1 KClubs 
P1 5Clubs P2 QHearts P3 5Diamonds P0 3Spades 
P0 6Hearts P1 4Spades P2 2Spades P3 AHearts 
P1 JClubs P2 6Spades P3 6Diamonds P0 5Hearts 
P2 JSpades P3 KHearts P0 5Spades P1 7Spades 
P1 QSpades P2 ASpades P3 7Diamonds P0 KSpades 
-- /GAME --
P0 HAND: 7Diamonds, JDiamonds, 6Clubs, 5Clubs, 4Clubs, 7Hearts, KHearts, 5Hearts, 6Spades, 5Spades.
P1 HAND: KDiamonds, QDiamonds, 6Diamonds, KClubs, 2Clubs, AHearts, 6Hearts, 3Hearts, 2Hearts, JSpades.
P2 HAND: 5Diamonds, 3Diamonds, 7Clubs, JClubs, QClubs, 3Clubs, 4Hearts, ASpades, 4Spades, 2Spades.
P3 HAND: ADiamonds, 4Diamonds, 2Diamonds, AClubs, JHearts, QHearts, 7Spades, KSpades, QSpades, 3Spades.
P2 ASpades P3 3Spades P0 5Spades P1 JSpades 
P2 2Spades P3 QSpades P0 6Spades P1 AHearts 
P3 ADiamonds P0 JDiamonds P1 KDiamonds P2 3Diamonds 
P3 2Diamonds P0 7Diamonds P1 6Diamonds P2 5Diamonds 
P0 7Hearts P1 2Hearts P2 4Hearts P3 QHearts 
P0 KHearts P1 3Hearts P2 4Spades P3 JHearts 
P0 5Hearts P1 6Hearts P2 3Clubs P3 4Diamonds 
P2 QClubs P3 AClubs P0 4Clubs P1 2Clubs 
P3 KSpades P0 5Clubs P1 QDiamonds P2 JClubs 
P2 7Clubs P3 7Spades P0 6Clubs P1 KClubs 
-- /GAME --
P0 HAND: ADiamonds, 7Diamonds, JDiamonds, 3Diamonds, JClubs, KHearts, 6Hearts, ASpades, 7Spades, KSpades.
P1 HAND: 6Diamonds, 5Diamonds, AClubs, QClubs, 6Clubs, 5Clubs, QHearts, 4Hearts, 3Spades, 2Spades.
P2 HAND: KDiamonds, QDiamonds, 4Diamonds, KClubs, 4Clubs, 2Clubs, 7Hearts, JHearts, 3Hearts, 4Spades.
P3 HAND: 2Diamonds, 7Clubs, 3Clubs, AHearts, 5Hearts, 2Hearts, JSpades, QSpades, 6Spades, 5Spades.
P1 AClubs P2 2Clubs P3 7Clubs P0 JClubs 
P1 4Hearts P2 3Hearts P3 AHearts P0 6Hearts 
P3 2Diamonds P0 JDiamonds P1 5Diamonds P2 KDiamonds 
P2 4Diamonds P3 2Hearts P0 ADiamonds P1 6Diamonds 
P0 ASpades P1 2Spades P2 4Spades P3 5Spades 
P0 7Spades P1 3Spades P2 7Hearts P3 6Spades 
P0 KSpades P1 5Clubs P2 KClubs P3 QSpades 
P0 7Diamonds P1 6Clubs P2 QDiamonds P3 JSpades 
P3 3Clubs P0 3Diamonds P1 QClubs P2 4Clubs 
P1 QHearts P2 JHearts P3 5Hearts P0 KHearts 
-- /GAME --
P0 HAND: 7Diamonds, KDiamonds, QDiamonds, 6Diamonds, QClubs, 3Clubs, 2Clubs, 6Hearts, KSpades, 2Spades.
P1 HAND: ADiamonds, 4Diamonds, 2Diamonds, JClubs, 6Clubs, 3Hearts, JSpades, 5Spades, 4Spades, 3Spades.
P2 HAND: 7Clubs, AHearts, 7Hearts, JHearts, QHearts, 5Hearts, 4Hearts, ASpades, 7Spades, QSpades.
P3 HAND: JDiamonds, 5Diamonds, 3Diamonds, AClubs, KClubs, 5Clubs, 4Clubs, KHearts, 2Hearts, 6Spades.
P0 QClubs P1 6Clubs P2 7Clubs P3 AClubs 
P3 3Diamonds P0 6Diamonds P1 ADiamonds P2 4Hearts 
P2 ASpades P3 6Spades P0 KSpades P1 3Spades 
P2 QSpades P3 4Clubs P0 2Spades P1 JSpades 
P1 2Diamonds P2 5Hearts P3 5Diamonds P0 7Diamonds 
P2 QHearts P3 2Hearts P0 6Hearts P1 3Hearts 
P2 JHearts P3 KHearts P0 2Clubs P1 JClubs 
P3 5Clubs P0 3Clubs P1 4Diamonds P2 7Hearts 
P2 AHearts P3 JDiamonds P0 KDiamonds P1 4Spades 
P2 7Spades P3 KClubs P0 QDiamonds P1 5Spades 
-- /GAME --
P0 HAND: 2Diamonds, 4Clubs, 7Hearts, JHearts, 5Hearts, 4Hearts, 7Spades, JSpades, QSpades, 3Spades.
P1 HAND: ADiamonds, 7Diamonds, 6Diamonds, 5Diamonds, 4Diamonds, 3Diamonds, 7Clubs, QClubs, 2Clubs, 6Spades.
P2 HAND: KDiamonds, JDiamonds, QDiamonds, JClubs, 3Clubs, QHearts, 3Hearts, KSpades, 5Spades, 4Spades.
P3 HAND: AClubs, KClubs, 6Clubs, 5Clubs, AHearts, KHearts, 6Hearts, 2Hearts, ASpades, 2Spades.
P3 AHearts P0 4Hearts P1 ADiamonds P2 3Hearts 
P3 ASpades P0 3Spades P1 6Spades P2 4Spades 
P3 2Hearts P0 JHearts P1 3Diamonds P2 QHearts 
P0 7Spades P1 2Clubs P2 5Spades P3 2Spades 
P1 4Diamonds P2 QDiamonds P3 6Hearts P0 2Diamonds 
P2 JDiamonds P3 5Clubs P0 4Clubs P1 7Diamonds 
P3 6Clubs P0 7Hearts P1 QClubs P2 JClubs 
P2 3Clubs P3 KClubs P0 5Hearts P1 7Clubs 
P1 5Diamonds P2 KDiamonds P3 AClubs P0 QSpades 
P3 KHearts P0 JSpades P1 6Diamonds P2 KSpades 
-- /GAME --

