-- GAME --
P0 HAND: JDiamonds, 5Diamonds, 4Diamonds, AClubs, JClubs, JHearts, 3Hearts, ASpades, KSpades, 6Spades.
P1 HAND: KDiamonds, 6Diamonds, 3Diamonds, KClubs, 5Clubs, 4Clubs, QHearts, 6Hearts, 5Hearts, QSpades.
P2 HAND: ADiamonds, 7Diamonds, 7Clubs, 7Hearts, KHearts, 4Hearts, 2Hearts, JSpades, 4Spades, 2Spades.
P3 HAND: QDiamonds, 2Diamonds, QClubs, 6Clubs, 3Clubs, 2Clubs, AHearts, 7Spades, 5Spades, 3Spades.
P3 AHearts P0 3Hearts P1 QHearts P2 2Hearts 
P3 2Diamonds P0 JDiamonds P1 3Diamonds P2 ADiamonds 
P2 4Hearts P3 2Clubs P0 JHearts P1 5Hearts 
P0 AClubs P1 4Clubs P2 7Clubs P3 3Clubs 
P0 JClubs P1 5Clubs P2 2Spades P3 6Clubs 
P2 4Spades P3 3Spades P0 6Spades P1 QSpades 
P1 6Diamonds P2 7Diamonds P3 QDiamonds P0 4Diamonds 
P2 JSpades P3 5Spades P0 KSpades P1 6Hearts 
P0 ASpades P1 KDiamonds P2 KHearts P3 7Spades 
P0 5Diamonds P1 KClubs P2 7Hearts P3 QClubs 
-- /GAME --
P0 HAND: 7Diamonds, JDiamonds, QDiamonds, 3Diamonds, QClubs, 6Clubs, KHearts, ASpades, 4Spades, 2Spades.
P1 HAND: ADiamonds, 4Diamonds, 2Diamonds, 2Clubs, AHearts, QHearts, 5Hearts, 3Hearts, 7Spades, JSpades.
P2 HAND: 6Diamonds, KClubs, JClubs, 5Clubs, 4Clubs, 7Hearts, 6Hearts, 6Spades, 5Spades, 3Spades.
P3 HAND: KDiamonds, 5Diamonds, AClubs, 7Clubs, 3Clubs, JHearts, 4Hearts, 2Hearts, KSpades, QSpades.
P2 3Spades P3 QSpades P0 ASpades P1 JSpades 
P0 KHearts P1 AHearts P2 6Hearts P3 JHearts 
P1 2Clubs P2 4Clubs P3 AClubs P0 6Clubs 
P3 2Hearts P0 2Spades P1 3Hearts P2 7Hearts 
P2 5Clubs P3 3Clubs P0 QClubs P1 5Hearts 
P0 4Spades P1 7Spades P2 5Spades P3 KSpades 
P1 QHearts P2 6Spades P3 4Hearts P0 3Diamonds 
P0 QDiamonds P1 2Diamonds P2 6Diamonds P3 5Diamonds 
P0 JDiamonds P1 4Diamonds P2 JClubs P3 KDiamonds 
P3 7Clubs P0 7Diamonds P1 ADiamonds P2 KClubs 
-- /GAME --
P0 HAND: 7Diamonds, QDiamonds, 2Clubs, 7Hearts, KHearts, JHearts, QHearts, 5Hearts, 5Spades, 3Spades.
P1 HAND: JDiamonds, 5Diamonds, QClubs, 5Clubs, 4Clubs, 3Hearts, 2Hearts, 7Spades, 6Spades, 2Spades.
P2 HAND: ADiamonds, KDiamonds, 6Diamonds, JClubs, AHearts, 6Hearts, 4Hearts, KSpades, JSpades, 4Spades.
P3 HAND: 4Diamonds, 3Diamonds, 2Diamonds, AClubs, 7Clubs, KClubs, 6Clubs, 3Clubs, ASpades, QSpades.
P1 2Spades P2 4Spades P3 ASpades P0 3Spades 
P3 2Diamonds P0 QDiamonds P1 5Diamonds P2 ADiamonds 
P2 6Diamonds P3 3Diamonds P0 7Diamonds P1 JDiamonds 
P0 2Clubs P1 4Clubs P2 JClubs P3 AClubs 
P3 3Clubs P0 5Spades P1 5Clubs P2 4Hearts 
P2 JSpades P3 QSpades P0 5Hearts P1 6Spades 
P0 QHearts P1 2Hearts P2 6Hearts P3 4Diamonds 
P0 JHearts P1 3Hearts P2 AHearts P3 6Clubs 
P2 KDiamonds P3 KClubs P0 KHearts P1 QClubs 
P0 7Hearts P1 7Spades P2 KSpades P3 7Clubs 
-- /GAME --
P0 HAND: KDiamonds, JDiamonds, 6Diamonds, 2Diamonds, 7Clubs, 5Clubs, 3Clubs, KHearts, JHearts, 3Spades.
P1 HAND: ADiamonds, 5Diamonds, 4Diamonds, JClubs, 6Clubs, AHearts, 2Hearts, JSpades, 4Spades, 2Spades.
P2 HAND: QDiamonds, AClubs, KClubs, 2Clubs, 7Hearts, QHearts, 4Hearts, 7Spades, QSpades, 6Spades.
P3 HAND: 7Diamonds, 3Diamonds, QClubs, 4Clubs, 6Hearts, 5Hearts, 3Hearts, ASpades, KSpades, 5Spades.
P1 AHearts P2 4Hearts P3 6Hearts P0 JHearts 
P1 2Hearts P2 QHearts P3 3Hearts P0 KHearts 
P0 3Spades P1 2Spades P2 6Spades P3 ASpades 
P3 4Clubs P0 7Clubs P1 6Clubs P2 AClubs 
P2 2Clubs P3 QClubs P0 5Clubs P1 JClubs 
P1 4Spades P2 QSpades P3 5Spades P0 3Clubs 
P2 QDiamonds P3 3Diamonds P0 2Diamonds P1 4Diamonds 
P2 KClubs P3 5Hearts P0 6Diamonds P1 5Diamonds 
P0 JDiamonds P1 ADiamonds P2 7Hearts P3 7Diamonds 
P1 JSpades P2 7Spades P3 KSpades P0 KDiamonds 
-- /GAME --
P0 HAND: 7Diamonds, 5Diamonds, JClubs, 3Clubs, JHearts, 6Hearts, 4Hearts, 7Spades, QSpades, 4Spades.
P1 HAND: 2Diamonds, KClubs, QClubs, 2Clubs, AHearts, 7Hearts, QHearts, 3Hearts, JSpades, 2Spades.
P2 HAND: KDiamonds, QDiamonds, 4Diamonds, 3Diamonds, 7Clubs, 4Clubs, KHearts, 5Hearts, 5Spades, 3Spades.
P3 HAND: ADiamonds, JDiamonds, 6Diamonds, AClubs, 6Clubs, 5Clubs, 2Hearts, ASpades, KSpades, 6Spades.

