-- GAME --
P0 HAND: QDiamonds, 5Diamonds, 4Diamonds, 7Clubs, QClubs, 5Clubs, 2Clubs, 2Hearts, 7Spades, KSpades.
P1 HAND: ADiamonds, 7Diamonds, JDiamonds, KClubs, 6Clubs, KHearts, JHearts, QHearts, ASpades, 2Spades.
P2 HAND: 6Diamonds, 2Diamonds, AClubs, JClubs, 3Clubs, AHearts, 6Hearts, 4Hearts, JSpades, 4Spades.
P3 HAND: KDiamonds, 3Diamonds, 4Clubs, 7Hearts, 5Hearts, 3Hearts, QSpades, 6Spades, 5Spades, 3Spades.
P0 2Hearts P1 QHearts P2 AHearts P3 3Hearts 
P2 AClubs P3 4Clubs P0 7Clubs P1 6Clubs 
P2 3Clubs P3 3Spades P0 QClubs P1 KClubs 
P1 ASpades P2 4Spades P3 QSpades P0 KSpades 
P1 2Spades P2 JSpades P3 5Spades P0 7Spades 
P0 2Clubs P1 JDiamonds P2 JClubs P3 7Hearts 
P1 JHearts P2 4Hearts P3 5Hearts P0 5Clubs 
P1 7Diamonds P2 2Diamonds P3 3Diamonds P0 4Diamonds 
P1 ADiamonds P2 6Diamonds P3 KDiamonds P0 5Diamonds 
P1 KHearts P2 6Hearts P3 6Spades P0 QDiamonds 
-- /GAME --
P0 HAND: 5Diamonds, 2Diamonds, QClubs, 3Clubs, KHearts, JHearts, 5Hearts, 7Spades, JSpades, 3Spades.
P1 HAND: KDiamonds, 6Diamonds, 5Clubs, 4Clubs, 7Hearts, QHearts, 2Hearts, ASpades, QSpades, 6Spades.
P2 HAND: ADiamonds, 7Diamonds, JDiamonds, QDiamonds, 7Clubs, KClubs, 6Clubs, 2Clubs, 4Hearts, 5Spades.
P3 HAND: 4Diamonds, 3Diamonds, AClubs, JClubs, AHearts, 6Hearts, 3Hearts, KSpades, 4Spades, 2Spades.
P3 AClubs P0 3Clubs P1 5Clubs P2 2Clubs 
P3 AHearts P0 5Hearts P1 7Hearts P2 4Hearts 
P3 2Spades P0 3Spades P1 ASpades P2 5Spades 
P1 2Hearts P2 6Clubs P3 3Hearts P0 KHearts 
P0 JSpades P1 6Spades P2 QDiamonds P3 4Spades 
P2 JDiamonds P3 3Diamonds P0 2Diamonds P1 6Diamonds 
P2 7Diamonds P3 4Diamonds P0 5Diamonds P1 KDiamonds 
P2 ADiamonds P3 6Hearts P0 7Spades P1 4Clubs 
P2 KClubs P3 JClubs P0 QClubs P1 QHearts 
P2 7Clubs P3 KSpades P0 JHearts P1 QSpades 
-- /GAME --
P0 HAND: 4Diamonds, 2Diamonds, AClubs, 5Clubs, 3Clubs, JHearts, ASpades, KSpades, JSpades, 4Spades.
P1 HAND: ADiamonds, QDiamonds, KClubs, 6Hearts, 3Hearts, 2Hearts, 6Spades, 5Spades, 3Spades, 2Spades.
P2 HAND: 7Diamonds, KDiamonds, 6Diamonds, 3Diamonds, 7Clubs, JClubs, 4Clubs, AHearts, KHearts, 4Hearts.
P3 HAND: JDiamonds, 5Diamonds, QClubs, 6Clubs, 2Clubs, 7Hearts, QHearts, 5Hearts, 7Spades, QSpades.
P2 AHearts P3 5Hearts P0 JHearts P1 2Hearts 
P2 3Diamonds P3 5Diamonds P0 2Diamonds P1 ADiamonds 
P1 2Spades P2 4Hearts P3 QSpades P0 KSpades 
P0 ASpades P1 3Spades P2 7Diamonds P3 7Spades 
P0 4Diamonds P1 QDiamonds P2 6Diamonds P3 JDiamonds 
P3 QHearts P0 4Spades P1 3Hearts P2 KHearts 
P2 4Clubs P3 2Clubs P0 3Clubs P1 KClubs 
P1 5Spades P2 JClubs P3 6Clubs P0 JSpades 
P2 7Clubs P3 QClubs P0 AClubs P1 6Hearts 
P0 5Clubs P1 6Spades P2 KDiamonds P3 7Hearts 
-- /GAME --
P0 HAND: 5Diamonds, 4Diamonds, 2Diamonds, 6Clubs, 4Clubs, 3Clubs, KHearts, 3Hearts, KSpades, 3Spades.
P1 HAND: ADiamonds, 7Clubs, 2Clubs, AHearts, 7Hearts, 6Hearts, 5Hearts, 4Hearts, 2Hearts, 7Spades.
P2 HAND: KDiamonds, 6Diamonds, 3Diamonds, AClubs, JClubs, QHearts, ASpades, QSpades, 4Spades, 2Spades.
P3 HAND: 7Diamonds, JDiamonds, QDiamonds, KClubs, QClubs, 5Clubs, JHearts, JSpades, 6Spades, 5Spades.
P1 2Clubs P2 AClubs P3 5Clubs P0 6Clubs 
P2 ASpades P3 5Spades P0 3Spades P1 7Spades 
P2 2Spades P3 6Spades P0 KSpades P1 2Hearts 
P0 3Clubs P1 7Clubs P2 JClubs P3 KClubs 
P1 4Hearts P2 QHearts P3 JHearts P0 KHearts 
P0 4Clubs P1 5Hearts P2 4Spades P3 QClubs 
P3 JSpades P0 3Hearts P1 6Hearts P2 QSpades 
P3 QDiamonds P0 5Diamonds P1 ADiamonds P2 3Diamonds 
P1 7Hearts P2 6Diamonds P3 JDiamonds P0 2Diamonds 
P3 7Diamonds P0 4Diamonds P1 AHearts P2 KDiamonds 
-- /GAME --
P0 HAND: QDiamonds, 4Diamonds, 3Diamonds, 5Clubs, AHearts, 7Hearts, 5Hearts, 4Hearts, 6Spades, 4Spades.
P1 HAND: 7Diamonds, JDiamonds, AClubs, 7Clubs, KClubs, JClubs, QClubs, 4Clubs, 6Hearts, 2Hearts.
P2 HAND: 5Diamonds, 2Diamonds, 2Clubs, KHearts, QHearts, ASpades, 7Spades, JSpades, QSpades, 5Spades.
P3 HAND: ADiamonds, KDiamonds, 6Diamonds, 6Clubs, 3Clubs, JHearts, 3Hearts, KSpades, 3Spades, 2Spades.
P0 5Clubs P1 4Clubs P2 2Clubs P3 6Clubs 
P3 2Spades P0 6Spades P1 2Hearts P2 ASpades 
P2 5Spades P3 3Spades P0 4Spades P1 6Hearts 
P2 QHearts P3 3Hearts P0 AHearts P1 JDiamonds 
P1 QClubs P2 QSpades P3 3Clubs P0 5Hearts 
P1 JClubs P2 2Diamonds P3 6Diamonds P0 QDiamonds 
P0 4Hearts P1 7Diamonds P2 KHearts P3 JHearts 
P1 KClubs P2 5Diamonds P3 KDiamonds P0 4Diamonds 
P3 ADiamonds P0 3Diamonds P1 7Clubs P2 JSpades 
P3 KSpades P0 7Hearts P1 AClubs P2 7Spades 
-- /GAME --
P0 HAND: 5Diamonds, JClubs, 3Clubs, KHearts, JHearts, QHearts, 3Hearts, 2Hearts, 6Spades, 3Spades.
P1 HAND: ADiamonds, 4Diamonds, 3Diamonds, AClubs, QClubs, 5Clubs, 2Clubs, AHearts, 5Spades, 4Spades.
P2 HAND: 7Diamonds, KDiamonds, 2Diamonds, KClubs, 6Clubs, 7Hearts, 7Spades, JSpades, QSpades, 2Spades.
P3 HAND: JDiamonds, QDiamonds, 6Diamonds, 7Clubs, 4Clubs, 6Hearts, 5Hearts, 4Hearts, ASpades, KSpades.
P3 ASpades P0 6Spades P1 5Spades P2 2Spades 
P3 4Clubs P0 3Clubs P1 AClubs P2 6Clubs 
P1 ADiamonds P2 2Diamonds P3 JDiamonds P0 5Diamonds 
P1 2Clubs P2 KClubs P3 7Clubs P0 JClubs 
P3 6Diamonds P0 3Spades P1 3Diamonds P2 7Diamonds 
P2 QSpades P3 KSpades P0 QHearts P1 4Spades 
P0 2Hearts P1 AHearts P2 7Hearts P3 4Hearts 
P1 4Diamonds P2 KDiamonds P3 QDiamonds P0 3Hearts 
P0 KHearts P1 5Clubs P2 7Spades P3 5Hearts 
P0 JHearts P1 QClubs P2 JSpades P3 6Hearts 
-- /GAME --
P0 HAND: KDiamonds, JDiamonds, 3Diamonds, 4Clubs, 3Clubs, AHearts, 3Hearts, KSpades, 6Spades, 2Spades.
P1 HAND: 5Diamonds, QClubs, 5Clubs, 2Clubs, KHearts, QHearts, 4Hearts, 2Hearts, ASpades, 7Spades.
P2 HAND: 7Diamonds, QDiamonds, 6Diamonds, 4Diamonds, 7Clubs, 7Hearts, 6Hearts, JSpades, QSpades, 5Spades.
P3 HAND: ADiamonds, 2Diamonds, AClubs, KClubs, JClubs, 6Clubs, JHearts, 5Hearts, 4Spades, 3Spades.
P3 ADiamonds P0 3Diamonds P1 5Diamonds P2 4Diamonds 
P3 AClubs P0 4Clubs P1 QClubs P2 7Clubs 
P3 2Diamonds P0 JDiamonds P1 2Clubs P2 7Diamonds 
P2 6Diamonds P3 5Hearts P0 KDiamonds P1 2Hearts 
P0 3Clubs P1 5Clubs P2 6Hearts P3 KClubs 
P3 6Clubs P0 3Hearts P1 4Hearts P2 QDiamonds 
P3 JClubs P0 2Spades P1 QHearts P2 7Hearts 
P0 6Spades P1 7Spades P2 5Spades P3 3Spades 
P1 ASpades P2 QSpades P3 4Spades P0 KSpades 
P1 KHearts P2 JSpades P3 JHearts P0 AHearts 
-- /GAME --
P0 HAND: QDiamonds, 6Diamonds, 2Clubs, 7Hearts, QHearts, 5Hearts, 4Hearts, 7Spades, 3Spades, 2Spades.
P1 HAND: 5Diamonds, 4Diamonds, 7Clubs, KClubs, JClubs, KHearts, JHearts, 6Hearts, ASpades, 5Spades.
P2 HAND: KDiamonds, 2Diamonds, QClubs, 5Clubs, 4Clubs, 3Clubs, 2Hearts, KSpades, JSpades, 6Spades.
P3 HAND: ADiamonds, 7Diamonds, JDiamonds, 3Diamonds, AClubs, 6Clubs, AHearts, 3Hearts, QSpades, 4Spades.
P2 2Diamonds P3 ADiamonds P0 6Diamonds P1 5Diamonds 
P3 AHearts P0 QHearts P1 KHearts P2 2Hearts 
P3 3Diamonds P0 QDiamonds P1 4Diamonds P2 KDiamonds 
P2 6Spades P3 4Spades P0 7Spades P1 ASpades 
P1 5Spades P2 JSpades P3 QSpades P0 3Spades 
P2 3Clubs P3 6Clubs P0 2Clubs P1 JClubs 
P1 6Hearts P2 4Clubs P3 3Hearts P0 5Hearts 
P2 5Clubs P3 AClubs P0 4Hearts P1 KClubs 
P3 JDiamonds P0 7Hearts P1 7Clubs P2 KSpades 
P1 JHearts P2 QClubs P3 7Diamonds P0 2Spades 
-- /GAME --
P0 HAND: ADiamonds, KDiamonds, 4Diamonds, 3Diamonds, 5Clubs, KHearts, 2Hearts, 7Spades, KSpades, 6Spades.
P1 HAND: 7Diamonds, 6Diamonds, AClubs, 2Clubs, QHearts, 6Hearts, QSpades, 5Spades, 4Spades, 3Spades.
P2 HAND: 5Diamonds, 7Clubs, KClubs, 6Clubs, 3Clubs, 7Hearts, JHearts, 3Hearts, JSpades, 2Spades.
P3 HAND: JDiamonds, QDiamonds, 2Diamonds, JClubs, QClubs, 4Clubs, AHearts, 5Hearts, 4Hearts, ASpades.

