-- GAME --
P0 HAND: ADiamonds, KDiamonds, 6Diamonds, 3Diamonds, KClubs, JClubs, 3Clubs, 2Clubs, KHearts, QHearts.
P1 HAND: JDiamonds, QDiamonds, 4Diamonds, AClubs, 7Clubs, AHearts, 6Hearts, 3Hearts, 2Hearts, 3Spades.
P2 HAND: 7Diamonds, 5Diamonds, QClubs, 5Clubs, JHearts, ASpades, KSpades, QSpades, 4Spades, 2Spades.
P3 HAND: 2Diamonds, 6Clubs, 4Clubs, 7Hearts, 5Hearts, 4Hearts, 7Spades, JSpades, 6Spades, 5Spades.
P1 AHearts P2 JHearts P3 7Hearts P0 QHearts 
P1 2Hearts P2 2Spades P3 4Hearts P0 KHearts 
P0 2Clubs P1 7Clubs P2 5Clubs P3 4Clubs 
P1 3Hearts P2 4Spades P3 5Hearts P0 3Diamonds 
P3 2Diamonds P0 KDiamonds P1 4Diamonds P2 7Diamonds 
P2 5Diamonds P3 5Spades P0 ADiamonds P1 QDiamonds 
P0 3Clubs P1 AClubs P2 QClubs P3 6Clubs 
P1 3Spades P2 QSpades P3 6Spades P0 6Diamonds 
P2 KSpades P3 JSpades P0 JClubs P1 6Hearts 
P0 KClubs P1 JDiamonds P2 ASpades P3 7Spades 
-- /GAME --
P0 HAND: ADiamonds, 5Diamonds, 4Diamonds, AClubs, 2Clubs, KHearts, 3Hearts, 7Spades, 6Spades, 2Spades.
P1 HAND: 6Diamonds, 2Diamonds, KClubs, 5Clubs, 4Clubs, AHearts, QHearts, ASpades, KSpades, 4Spades.
P2 HAND: KDiamonds, JDiamonds, QDiamonds, QClubs, 6Clubs, 3Clubs, 6Hearts, 5Hearts, 5Spades, 3Spades.
P3 HAND: 7Diamonds, 3Diamonds, 7Clubs, JClubs, 7Hearts, JHearts, 4Hearts, 2Hearts, JSpades, QSpades.
P0 ADiamonds P1 2Diamonds P2 KDiamonds P3 3Diamonds 
P0 AClubs P1 4Clubs P2 QClubs P3 JClubs 
P0 2Clubs P1 5Clubs P2 3Clubs P3 7Clubs 
P3 QSpades P0 2Spades P1 ASpades P2 3Spades 
P1 4Spades P2 5Spades P3 JSpades P0 7Spades 
P0 6Spades P1 KSpades P2 6Clubs P3 7Diamonds 
P1 6Diamonds P2 QDiamonds P3 2Hearts P0 4Diamonds 
P3 4Hearts P0 KHearts P1 QHearts P2 5Hearts 
P0 5Diamonds P1 AHearts P2 JDiamonds P3 JHearts 
P1 KClubs P2 6Hearts P3 7Hearts P0 3Hearts 
-- /GAME --
P0 HAND: 6Diamonds, 2Diamonds, KClubs, QClubs, 5Clubs, 7Hearts, KHearts, 5Hearts, KSpades, 3Spades.
P1 HAND: ADiamonds, 4Diamonds, 4Clubs, 2Clubs, AHearts, 4Hearts, ASpades, 7Spades, 4Spades, 2Spades.
P2 HAND: 7Diamonds, JDiamonds, 5Diamonds, 3Diamonds, 7Clubs, JClubs, 6Clubs, 6Hearts, QSpades, 6Spades.
P3 HAND: KDiamonds, QDiamonds, AClubs, 3Clubs, JHearts, QHearts, 3Hearts, 2Hearts, JSpades, 5Spades.
P3 AClubs P0 5Clubs P1 4Clubs P2 6Clubs 
P3 2Hearts P0 5Hearts P1 AHearts P2 6Hearts 
P1 ASpades P2 6Spades P3 JSpades P0 3Spades 
P1 2Clubs P2 JClubs P3 3Clubs P0 KClubs 
P0 KSpades P1 2Spades P2 QSpades P3 5Spades 
P0 QClubs P1 4Hearts P2 7Clubs P3 QDiamonds 
P3 3Hearts P0 KHearts P1 4Spades P2 3Diamonds 
P2 5Diamonds P3 KDiamonds P0 2Diamonds P1 4Diamonds 
P3 QHearts P0 7Hearts P1 ADiamonds P2 JDiamonds 
P1 7Spades P2 7Diamonds P3 JHearts P0 6Diamonds 
-- /GAME --
P0 HAND: JDiamonds, QDiamonds, 3Diamonds, 2Diamonds, QClubs, 2Clubs, AHearts, 5Hearts, 6Spades, 3Spades.
P1 HAND: 6Diamonds, KClubs, JClubs, JHearts, QHearts, 6Hearts, 4Hearts, 2Hearts, QSpades, 4Spades.
P2 HAND: ADiamonds, 7Diamonds, 5Diamonds, AClubs, 7Clubs, 6Clubs, 3Clubs, 3Hearts, 7Spades, KSpades.
P3 HAND: KDiamonds, 4Diamonds, 5Clubs, 4Clubs, 7Hearts, KHearts, ASpades, JSpades, 5Spades, 2Spades.
P2 ADiamonds P3 4Diamonds P0 JDiamonds P1 6Diamonds 
P2 AClubs P3 4Clubs P0 QClubs P1 JClubs 
P2 3Clubs P3 5Clubs P0 2Clubs P1 KClubs 
P1 4Spades P2 KSpades P3 ASpades P0 3Spades 
P3 2Spades P0 6Spades P1 QSpades P2 7Spades 
P2 5Diamonds P3 KDiamonds P0 2Diamonds P1 2Hearts 
P1 4Hearts P2 3Hearts P3 KHearts P0 5Hearts 
P3 5Spades P0 3Diamonds P1 6Hearts P2 6Clubs 
P1 QHearts P2 7Diamonds P3 7Hearts P0 AHearts 
P0 QDiamonds P1 JHearts P2 7Clubs P3 JSpades 
-- /GAME --
P0 HAND: 5Diamonds, 4Diamonds, 7Clubs, 6Clubs, 4Clubs, 2Clubs, JHearts, 4Hearts, KSpades, JSpades.
P1 HAND: KDiamonds, AClubs, QClubs, 3Clubs, 5Hearts, 3Hearts, ASpades, 7Spades, 6Spades, 4Spades.
P2 HAND: QDiamonds, 6Diamonds, 3Diamonds, 2Diamonds, JClubs, 5Clubs, AHearts, 7Hearts, 6Hearts, 2Hearts.
P3 HAND: ADiamonds, 7Diamonds, JDiamonds, KClubs, KHearts, QHearts, QSpades, 5Spades, 3Spades, 2Spades.
P1 ASpades P2 5Clubs P3 2Spades P0 KSpades 
P2 AHearts P3 QHearts P0 JHearts P1 3Hearts 
P2 2Diamonds P3 ADiamonds P0 4Diamonds P1 KDiamonds 
P3 3Spades P0 JSpades P1 4Spades P2 7Hearts 
P0 4Hearts P1 5Hearts P2 2Hearts P3 KHearts 
P3 5Spades P0 5Diamonds P1 6Spades P2 3Diamonds 
P1 3Clubs P2 JClubs P3 KClubs P0 7Clubs 
P0 2Clubs P1 QClubs P2 6Diamonds P3 7Diamonds 
P1 AClubs P2 6Hearts P3 JDiamonds P0 4Clubs 
P1 7Spades P2 QDiamonds P3 QSpades P0 6Clubs 
-- /GAME --
P0 HAND: ADiamonds, JDiamonds, 6Diamonds, 7Clubs, 5Clubs, 4Clubs, AHearts, 5Hearts, 7Spades, QSpades.
P1 HAND: KDiamonds, QDiamonds, 5Diamonds, QClubs, 3Clubs, QHearts, 6Hearts, ASpades, KSpades, 5Spades.
P2 HAND: 7Diamonds, 4Diamonds, KClubs, 6Clubs, 2Clubs, 7Hearts, JHearts, JSpades, 3Spades, 2Spades.
P3 HAND: 3Diamonds, 2Diamonds, AClubs, JClubs, KHearts, 4Hearts, 3Hearts, 2Hearts, 6Spades, 4Spades.
P0 ADiamonds P1 5Diamonds P2 7Diamonds P3 2Diamonds 
P0 AHearts P1 6Hearts P2 7Hearts P3 2Hearts 
P0 5Hearts P1 QHearts P2 JHearts P3 KHearts 
P3 AClubs P0 4Clubs P1 QClubs P2 2Clubs 
P3 3Diamonds P0 JDiamonds P1 KDiamonds P2 4Diamonds 
P1 3Clubs P2 6Clubs P3 JClubs P0 7Clubs 
P0 6Diamonds P1 QDiamonds P2 2Spades P3 3Hearts 
P2 3Spades P3 4Spades P0 QSpades P1 5Spades 
P0 5Clubs P1 KSpades P2 KClubs P3 4Hearts 
P1 ASpades P2 JSpades P3 6Spades P0 7Spades 
-- /GAME --
P0 HAND: KDiamonds, 3Diamonds, 7Clubs, KClubs, JHearts, 5Hearts, 4Hearts, 3Hearts, 3Spades, 2Spades.
P1 HAND: ADiamonds, AClubs, JClubs, 3Clubs, 2Clubs, AHearts, KHearts, ASpades, QSpades, 6Spades.
P2 HAND: QDiamonds, 5Diamonds, 6Clubs, 4Clubs, 7Hearts, QHearts, 6Hearts, 7Spades, JSpades, 4Spades.
P3 HAND: 7Diamonds, JDiamonds, 6Diamonds, 4Diamonds, 2Diamonds, QClubs, 5Clubs, 2Hearts, KSpades, 5Spades.
P3 2Hearts P0 3Hearts P1 AHearts P2 6Hearts 
P1 AClubs P2 4Clubs P3 QClubs 
