-- GAME --
P0 HAND: 6Diamonds, 2Diamonds, AClubs, 7Clubs, 6Clubs, 7Hearts, 3Hearts, 7Spades, 5Spades, 3Spades.
P1 HAND: KDiamonds, JDiamonds, QDiamonds, JClubs, 3Clubs, AHearts, QHearts, 4Hearts, ASpades, 4Spades.
P2 HAND: 7Diamonds, 3Diamonds, KClubs, QClubs, 5Clubs, 2Clubs, JHearts, 5Hearts, 2Hearts, 2Spades.
P3 HAND: ADiamonds, 5Diamonds, 4Diamonds, 4Clubs, KHearts, 6Hearts, KSpades, JSpades, QSpades, 6Spades.
P0 3Spades P1 4Spades P2 2Spades P3 6Spades 
P3 ADiamonds P0 2Diamonds P1 KDiamonds P2 3Diamonds 
P3 4Diamonds P0 6Diamonds P1 QDiamonds P2 7Diamonds 
P2 2Clubs P3 4Clubs P0 AClubs P1 3Clubs 
P0 3Hearts P1 AHearts P2 2Hearts P3 KHearts 
P1 4Hearts P2 5Hearts P3 6Hearts P0 7Hearts 
P0 7Clubs P1 JClubs P2 5Clubs P3 QSpades 
P3 5Diamonds P0 6Clubs P1 JDiamonds P2 QClubs 
P1 QHearts P2 JHearts P3 JSpades P0 7Spades 
P0 5Spades P1 ASpades P2 KClubs P3 KSpades 
-- /GAME --
P0 HAND: JDiamonds, 6Diamonds, JClubs, QClubs, 5Clubs, 2Clubs, 3Hearts, 7Spades, JSpades, 6Spades.
P1 HAND: ADiamonds, KDiamonds, 5Diamonds, AClubs, 7Clubs, AHearts, KHearts, 4Hearts, 4Spades, 2Spades.
P2 HAND: QDiamonds, 4Clubs, 7Hearts, JHearts, 6Hearts, 5Hearts, KSpades, QSpades, 5Spades, 3Spades.
P3 HAND: 7Diamonds, 4Diamonds, 3Diamonds, 2Diamonds, KClubs, 6Clubs, 3Clubs, QHearts, 2Hearts, ASpades.

