-- GAME --
P0 QDiamonds P1 ADiamonds P2 5Diamonds 
P1 AClubs P2 2Clubs P3 QClubs P0 4Clubs 
P1 2Hearts P2 AHearts P3 QHearts P0 7Hearts 
P2 3Clubs P3 3Diamonds P0 JClubs P1 KClubs 
P1 3Hearts P2 5Hearts P3 4Diamonds P0 JHearts 
P0 4Hearts P1 6Hearts P2 5Clubs P3 7Diamonds 
P1 6Diamonds P2 JDiamonds P3 2Spades P0 KDiamonds 
P3 5Spades P0 7Spades P1 6Spades P2 ASpades 
P2 6Clubs P3 QSpades P0 3Spades P1 KHearts 
P3 JSpades P0 4Spades P1 KSpades P2 7Clubs 
-- /GAME --
P0 HAND: KDiamonds, 6Diamonds, 4Diamonds, AClubs, JClubs, 2Hearts, 7Spades, 5Spades, 4Spades, 2Spades.
P1 HAND: QDiamonds, 3Diamonds, KClubs, 6Clubs, 5Clubs, 3Clubs, 7Hearts, QHearts, QSpades, 6Spades.
P2 HAND: 2Diamonds, 7Clubs, QClubs, 2Clubs, AHearts, 6Hearts, 4Hearts, 3Hearts, KSpades, JSpades.
P3 HAND: ADiamonds, 7Diamonds, JDiamonds, 5Diamonds, 4Clubs, KHearts, JHearts, 5Hearts, ASpades, 3Spades.
P2 AHearts P3 5Hearts P0 2Hearts P1 QHearts 
P2 2Diamonds P3 ADiamonds P0 4Diamonds P1 QDiamonds 
P3 ASpades P0 2Spades P1 QSpades P2 JSpades 
P3 3Spades P0 7Spades P1 6Spades P2 KSpades 
P0 4Spades P1 3Diamonds P2 3Hearts P3 5Diamonds 
P0 5Spades P1 3Clubs P2 4Hearts P3 7Diamonds 
P1 5Clubs P2 2Clubs P3 4Clubs P0 JClubs 
P0 KDiamonds P1 6Clubs P2 6Hearts P3 JDiamonds 
P1 KClubs P2 QClubs P3 JHearts P0 AClubs 
P0 6Diamonds P1 7Hearts P2 7Clubs P3 KHearts 
-- /GAME --

