-- GAME --
P0 HAND: 4Diamonds, 2Diamonds, 7Clubs, 5Clubs, 3Clubs, KHearts, 6Hearts, 4Hearts, 2Hearts, 4Spades.
P1 HAND: ADiamonds, KDiamonds, AClubs, JClubs, 6Clubs, 2Clubs, ASpades, 7Spades, 6Spades, 5Spades.
P2 HAND: JDiamonds, 5Diamonds, 3Diamonds, 4Clubs, AHearts, 7Hearts, JHearts, QHearts, 5Hearts, 3Hearts.
P3 HAND: 7Diamonds, QDiamonds, 6Diamonds, KClubs, QClubs, KSpades, JSpades, QSpades, 3Spades, 2Spades.
P3 2Spades P0 4Spades P1 ASpades P2 3Diamonds 
P2 3Hearts P3 3Spades P0 2Hearts P1 2Clubs 
P2 4Clubs P3 QClubs P0 3Clubs P1 AClubs 
P1 5Spades P2 5Hearts P3 QSpades P0 5Clubs 
P3 JSpades P0 7Clubs P1 6Spades P2 5Diamonds 
P2 QHearts P3 6Diamonds P0 4Hearts P1 7Spades 
P3 QDiamonds P0 2Diamonds P1 KDiamonds P2 JDiamonds 
P1 6Clubs P2 JHearts P3 KClubs P0 4Diamonds 
P0 6Hearts P1 ADiamonds P2 7Hearts P3 KSpades 
P1 JClubs P2 AHearts P3 7Diamonds P0 KHearts 
-- /GAME --
P0 HAND: ADiamonds, 6Diamonds, 4Clubs, AHearts, 7Hearts, QHearts, 4Hearts, 6Spades, 4Spades, 2Spades.
P1 HAND: 3Diamonds, 2Diamonds, 6Clubs, 5Clubs, 2Clubs, 3Hearts, ASpades, KSpades, JSpades, 5Spades.
P2 HAND: 7Diamonds, KDiamonds, JDiamonds, QDiamonds, JClubs, QClubs, 3Clubs, 7Spades, QSpades, 3Spades.
P3 HAND: 5Diamonds, 4Diamonds, AClubs, 7Clubs, KClubs, KHearts, JHearts, 6Hearts, 5Hearts, 2Hearts.
P2 3Spades P3 2Hearts P0 4Spades P1 ASpades 
P1 2Diamonds P2 QDiamonds P3 4Diamonds P0 ADiamonds 
P0 AHearts P1 3Hearts P2 7Diamonds P3 5Hearts 
P0 7Hearts P1 2Clubs P2 3Clubs P3 6Hearts 
P2 QSpades P3 5Diamonds P0 6Spades P1 KSpades 
P1 3Diamonds P2 JDiamonds P3 KClubs P0 6Diamonds 
P3 JHearts P0 4Hearts P1 5Spades P2 QClubs 
P2 JClubs P3 7Clubs P0 4Clubs P1 5Clubs 
P3 AClubs P0 2Spades P1 6Clubs P2 KDiamonds 
P3 KHearts P0 QHearts P1 JSpades P2 7Spades 
-- /GAME --

