-- GAME --
P0 2Hearts P1 3Hearts P2 4Hearts P3 6Hearts 
P3 ASpades P0 5Spades P1 QSpades P2 4Spades 
P3 2Spades P0 5Clubs P1 3Spades P2 7Spades 
P2 ADiamonds P3 3Diamonds P0 JDiamonds P1 6Diamonds 
P2 3Clubs P3 4Clubs P0 AClubs P1 2Clubs 
P0 5Hearts P1 7Hearts P2 AHearts P3 4Diamonds 
P2 6Clubs P3 JClubs P0 QHearts P1 QClubs 
P0 2Diamonds P1 KDiamonds P2 7Diamonds P3 5Diamonds 
P2 6Spades P3 KSpades P0 JHearts P1 KClubs 
P0 KHearts P1 7Clubs P2 JSpades P3 QDiamonds 
-- /GAME --
P0 HAND: 4Diamonds, AClubs, QClubs, 4Clubs, 3Clubs, 7Hearts, KHearts, JSpades, QSpades, 3Spades.
P1 HAND: ADiamonds, JDiamonds, 5Diamonds, 7Clubs, JHearts, QHearts, 5Hearts, 2Hearts, KSpades, 6Spades.
P2 HAND: KDiamonds, QDiamonds, 3Diamonds, JClubs, 6Clubs, 2Clubs, 4Hearts, 3Hearts, 5Spades, 2Spades.
P3 HAND: 7Diamonds, 6Diamonds, 2Diamonds, KClubs, 5Clubs, AHearts, 6Hearts, ASpades, 7Spades, 4Spades.
P3 AHearts P0 KHearts P1 JHearts P2 3Hearts 
P3 ASpades P0 3Spades P1 KSpades P2 2Spades 
P3 2Diamonds P0 4Diamonds P1 ADiamonds P2 3Diamonds 
P1 2Hearts P2 4Hearts P3 6Hearts P0 7Hearts 
P0 3Clubs P1 7Clubs P2 2Clubs P3 5Clubs 
P1 5Diamonds P2 QDiamonds P3 7Diamonds P0 QClubs 
P0 AClubs P1 5Hearts P2 6Clubs P3 KClubs 
P0 QSpades P1 6Spades P2 5Spades P3 7Spades 
P3 4Spades P0 JSpades P1 QHearts P2 KDiamonds 
P0 4Clubs P1 JDiamonds P2 JClubs P3 6Diamonds 
-- /GAME --
P0 HAND: ADiamonds, JDiamonds, QClubs, 3Clubs, 2Clubs, KHearts, 5Hearts, 4Hearts, 2Hearts, 2Spades.
P1 HAND: KDiamonds, 4Diamonds, 3Diamonds, 7Clubs, JClubs, 6Clubs, QHearts, 6Hearts, 7Spades, JSpades.
P2 HAND: 6Diamonds, 5Diamonds, 5Clubs, AHearts, 7Hearts, 3Hearts, ASpades, KSpades, 6Spades, 3Spades.
P3 HAND: 7Diamonds, QDiamonds, 2Diamonds, AClubs, KClubs, 4Clubs, JHearts, QSpades, 5Spades, 4Spades.
P1 3Diamonds P2 5Diamonds P3 2Diamonds P0 ADiamonds 
P0 2Spades P1 JSpades P2 3Spades P3 4Spades 
P1 4Diamonds P2 6Diamonds P3 7Diamonds P0 JDiamonds 
P3 AClubs P0 3Clubs P1 7Clubs P2 5Clubs 
P3 4Clubs P0 QClubs P1 6Clubs P2 AHearts 
P0 2Clubs P1 JClubs P2 3Hearts P3 KClubs 
P3 QDiamonds P0 5Hearts P1 KDiamonds P2 6Spades 
P2 7Hearts P3 JHearts P0 KHearts P1 6Hearts 
P2 KSpades P3 5Spades P0 4Hearts P1 7Spades 
P1 QHearts P2 ASpades P3 QSpades P0 2Hearts 
-- /GAME --
P0 HAND: KDiamonds, 6Diamonds, 7Clubs, 5Clubs, AHearts, ASpades, KSpades, JSpades, QSpades, 2Spades.
P1 HAND: JDiamonds, 6Clubs, 4Clubs, 2Clubs, 7Hearts, 4Hearts, 2Hearts, 7Spades, 5Spades, 4Spades.
P2 HAND: ADiamonds, 7Diamonds, 4Diamonds, 3Diamonds, 2Diamonds, AClubs, KClubs, KHearts, QHearts, 3Spades.
P3 HAND: QDiamonds, 5Diamonds, JClubs, QClubs, 3Clubs, JHearts, 6Hearts, 5Hearts, 3Hearts, 6Spades.
P0 ASpades P1 4Spades P2 3Spades P3 6Spades 
P0 6Diamonds P1 JDiamonds P2 ADiamonds P3 5Diamonds 
P2 AClubs P3 3Clubs P0 7Clubs P1 2Clubs 
P2 2Diamonds P3 QDiamonds P0 KDiamonds P1 2Hearts 
P1 4Clubs P2 KClubs P3 QClubs P0 5Clubs 
P2 3Diamonds P3 3Hearts P0 2Spades P1 7Spades 
P3 JClubs P0 QSpades P1 6Clubs P2 QHearts 
P2 4Diamonds P3 5Hearts P0 JSpades P1 5Spades 
P3 6Hearts P0 AHearts P1 4Hearts P2 KHearts 
P0 KSpades P1 7Hearts P2 7Diamonds P3 JHearts 
-- /GAME --
P0 HAND: ADiamonds, KDiamonds, JDiamonds, 3Clubs, 7Hearts, 3Hearts, JSpades, QSpades, 3Spades, 2Spades.
P1 HAND: 7Diamonds, 4Diamonds, 3Diamonds, AClubs, 6Clubs, KHearts, JHearts, 6Hearts, 4Hearts, 5Spades.
P2 HAND: 5Diamonds, 2Diamonds, 7Clubs, 4Clubs, 2Clubs, QHearts, 5Hearts, 2Hearts, ASpades, 6Spades.
P3 HAND: QDiamonds, 6Diamonds, KClubs, JClubs, QClubs, 5Clubs, AHearts, 7Spades, KSpades, 4Spades.
P3 AHearts P0 3Hearts P1 KHearts P2 2Hearts 
P3 4Spades P0 2Spades P1 5Spades P2 ASpades 
P2 2Clubs P3 5Clubs P0 3Clubs P1 AClubs 
P1 4Hearts P2 5Hearts P3 QClubs P0 7Hearts 
P0 JSpades P1 6Clubs P2 6Spades P3 7Spades 
P3 JClubs P0 3Spades P1 6Hearts P2 7Clubs 
P2 4Clubs P3 KClubs P0 JDiamonds P1 7Diamonds 
P1 JHearts P2 QHearts P3 6Diamonds P0 KDiamonds 
P0 QSpades P1 3Diamonds P2 2Diamonds P3 KSpades 
P1 4Diamonds P2 5Diamonds P3 QDiamonds P0 ADiamonds 
-- /GAME --
P0 HAND: 7Diamonds, KDiamonds, 4Diamonds, 7Clubs, 6Clubs, 4Clubs, 5Hearts, 4Hearts, JSpades, 3Spades.
P1 HAND: ADiamonds, 5Diamonds, AClubs, KClubs, QClubs, 2Clubs, 7Hearts, 2Hearts, 6Spades, 5Spades.
P2 HAND: JDiamonds, 6Diamonds, 3Diamonds, JClubs, 5Clubs, AHearts, 6Hearts, ASpades, KSpades, QSpades.
P3 HAND: QDiamonds, 2Diamonds, 3Clubs, KHearts, JHearts, QHearts, 3Hearts, 7Spades, 4Spades, 2Spades.
P2 AHearts P3 3Hearts P0 5Hearts P1 2Hearts 
P2 ASpades P3 2Spades P0 JSpades P1 5Spades 
P2 3Diamonds P3 2Diamonds P0 KDiamonds P1 ADiamonds 
P1 5Diamonds P2 6Diamonds P3 QDiamonds P0 7Diamonds 
P0 4Hearts P1 7Hearts P2 6Hearts P3 KHearts 
P1 6Spades P2 QSpades P3 7Spades P0 3Spades 
P3 4Spades P0 4Diamonds P1 2Clubs P2 KSpades 
P1 QClubs P2 5Clubs P3 3Clubs P0 7Clubs 
P0 4Clubs P1 KClubs P2 JClubs P3 JHearts 
P1 AClubs P2 JDiamonds P3 QHearts P0 6Clubs 
-- /GAME --
P0 HAND: KDiamonds, 5Diamonds, 4Diamonds, 3Diamonds, 2Diamonds, 7Clubs, JClubs, KSpades, QSpades, 4Spades.
P1 HAND: ADiamonds, 7Diamonds, KHearts, QHearts, 4Hearts, ASpades, 6Spades, 5Spades, 3Spades, 2Spades.
P2 HAND: JDiamonds, KClubs, QClubs, 4Clubs, 2Clubs, 7Hearts, JHearts, 5Hearts, 7Spades, JSpades.
P3 HAND: QDiamonds, 6Diamonds, AClubs, 6Clubs, 5Clubs, 3Clubs, AHearts, 6Hearts, 3Hearts, 2Hearts.
P1 2Spades P2 JSpades P3 2Hearts P0 KSpades 
P0 JClubs P1 3Spades P2 2Clubs P3 AClubs 
P3 AHearts P0 KDiamonds P1 4Hearts P2 7Hearts 
P0 2Diamonds P1 7Diamonds P2 JDiamonds P3 6Diamonds 
P1 5Spades P2 7Spades P3 QDiamonds P0 4Spades 
P3 3Clubs P0 7Clubs P1 ADiamonds P2 4Clubs 
P1 6Spades P2 5Hearts P3 3Hearts P0 QSpades 
P0 5Diamonds P1 QHearts P2 KClubs P3 5Clubs 
P0 4Diamonds P1 KHearts P2 QClubs P3 6Clubs 
P0 3Diamonds P1 ASpades P2 JHearts P3 6Hearts 
-- /GAME --
P0 HAND: ADiamonds, 7Diamonds, 7Clubs, KHearts, JHearts, 3Hearts, 2Hearts, KSpades, QSpades, 4Spades.
P1 HAND: 6Diamonds, 4Diamonds, 3Diamonds, 2Diamonds, AClubs, JClubs, 6Clubs, 5Clubs, AHearts, 4Hearts.
P2 HAND: KDiamonds, JDiamonds, 5Diamonds, KClubs, 2Clubs, QHearts, 6Hearts, 5Hearts, 3Spades, 2Spades.
P3 HAND: QDiamonds, QClubs, 4Clubs, 3Clubs, 7Hearts, ASpades, 7Spades, JSpades, 6Spades, 5Spades.
P0 ADiamonds P1 2Diamonds P2 KDiamonds P3 QDiamonds 
P0 7Diamonds P1 3Diamonds P2 JDiamonds P3 3Clubs 
P3 5Spades P0 4Spades P1 4Diamonds P2 2Spades 
P3 6Spades P0 QSpades P1 4Hearts P2 3Spades 
P0 KSpades P1 6Diamonds P2 5Diamonds P3 ASpades 
P3 JSpades P0 2Hearts P1 5Clubs P2 5Hearts 
P1 AHearts P2 6Hearts P3 7Hearts P0 3Hearts 
P1 6Clubs P2 2Clubs P3 4Clubs P0 7Clubs 
P0 JHearts P1 JClubs P2 QHearts P3 7Spades 
P1 AClubs P2 KClubs P3 QClubs P0 KHearts 
-- /GAME --
P0 HAND: 7Diamonds, 6Diamonds, 4Diamonds, KClubs, JClubs, 6Clubs, 4Clubs, 3Hearts, 2Hearts, 6Spades.
P1 HAND: 3Diamonds, 2Diamonds, AClubs, 5Clubs, AHearts, 6Hearts, JSpades, QSpades, 5Spades, 2Spades.
P2 HAND: ADiamonds, KDiamonds, 5Diamonds, 7Clubs, QClubs, 3Clubs, 2Clubs, 5Hearts, 7Spades, 4Spades.
P3 HAND: JDiamonds, QDiamonds, 7Hearts, KHearts, JHearts, QHearts, 4Hearts, ASpades, KSpades, 3Spades.
P3 4Hearts P0 2Hearts P1 AHearts P2 5Hearts 
P1 AClubs P2 2Clubs P3 7Hearts P0 4Clubs 
P1 2Diamonds P2 ADiamonds P3 QDiamonds P0 7Diamonds 
P2 3Clubs P3 QHearts P0 JClubs P1 5Clubs 
P0 6Diamonds P1 3Diamonds P2 KDiamonds P3 JDiamonds 
P2 5Diamonds P3 3Spades P0 4Diamonds P1 6Hearts 
P3 JHearts P0 3Hearts P1 2Spades P2 QClubs 
P1 5Spades P2 4Spades P3 KSpades P0 6Spades 
P3 ASpades P0 6Clubs P1 QSpades P2 7Spades 
P3 KHearts P0 KClubs P1 JSpades P2 7Clubs 
-- /GAME --
P0 HAND: JDiamonds, 6Diamonds, 4Diamonds, QClubs, 5Clubs, 7Hearts, KHearts, JHearts, 6Hearts, 5Hearts.
P1 HAND: ADiamonds, QDiamonds, AClubs, 6Clubs, 3Clubs, QHearts, QSpades, 5Spades, 4Spades, 3Spades.
P2 HAND: 7Diamonds, 7Clubs, JClubs, 4Clubs, 2Clubs, 3Hearts, 2Hearts, KSpades, 6Spades, 2Spades.
P3 HAND: KDiamonds, 5Diamonds, 3Diamonds, 2Diamonds, KClubs, AHearts, 4Hearts, ASpades, 7Spades, JSpades.
P2 2Clubs P3 KClubs P0 5Clubs P1 AClubs 
P1 ADiamonds P2 7Diamonds P3 KDiamonds P0 4Diamonds 
P1 3Clubs P2 4Clubs P3 2Diamonds P0 QClubs 
P0 JDiamonds P1 QDiamonds P2 7Clubs P3 3Diamonds 
P0 6Diamonds P1 6Clubs P2 2Hearts P3 5Diamonds 
P0 5Hearts P1 QHearts P2 3Hearts P3 AHearts 
P3 4Hearts P0 KHearts P1 3Spades P2 2Spades 
P1 4Spades P2 6Spades P3 JSpades P0 6Hearts 
P3 7Spades P0 JHearts P1 5Spades P2 KSpades 
P3 ASpades P0 7Hearts P1 QSpades P2 JClubs 
-- /GAME --
P0 HAND: QDiamonds, AClubs, 7Clubs, KHearts, QHearts, 6Hearts, 5Hearts, ASpades, 5Spades, 2Spades.
P1 HAND: ADiamonds, 7Diamonds, 6Diamonds, 2Diamonds, JClubs, 7Spades, KSpades, JSpades, 4Spades, 3Spades.
P2 HAND: JDiamonds, 4Diamonds, KClubs, QClubs, 4Clubs, 3Clubs, 7Hearts, 4Hearts, 3Hearts, 6Spades.
P3 HAND: KDiamonds, 5Diamonds, 3Diamonds, 6Clubs, 5Clubs, 2Clubs, AHearts, JHearts, 2Hearts, QSpades.
P1 ADiamonds P2 4Diamonds P3 KDiamonds P0 QDiamonds 
P1 2Diamonds P2 JDiamonds P3 3Diamonds P0 7Clubs 
P2 3Clubs P3 2Clubs P0 AClubs P1 JClubs 
P0 ASpades P1 3Spades P2 6Spades P3 QSpades 
P0 5Hearts P1 4Spades P2 3Hearts P3 2Hearts 
P0 6Hearts P1 6Diamonds P2 4Hearts P3 JHearts 
P3 5Diamonds P0 KHearts P1 7Diamonds P2 KClubs 
P0 5Spades P1 JSpades P2 4Clubs P3 6Clubs 
P1 KSpades P2 QClubs P3 AHearts P0 2Spades 
P3 5Clubs P0 QHearts P1 7Spades P2 7Hearts 
-- /GAME --
P0 HAND: 7Diamonds, JDiamonds, 6Diamonds, 5Diamonds, 2Clubs, JHearts, 3Hearts, 7Spades, 4Spades, 2Spades.
P1 HAND: 3Diamonds, 2Diamonds, AClubs, 7Clubs, JClubs, 3Clubs, KHearts, 4Hearts, 2Hearts, 3Spades.
P2 HAND: 4Diamonds, QClubs, 6Clubs, 4Clubs, AHearts, 7Hearts, 6Hearts, ASpades, QSpades, 5Spades.
P3 HAND: ADiamonds, KDiamonds, QDiamonds, KClubs, 5Clubs, QHearts, 5Hearts, KSpades, JSpades, 6Spades.
P0 2Clubs P1 AClubs P2 4Clubs P3 KClubs 
P1 2Diamonds P2 4Diamonds P3 ADiamonds P0 5Diamonds 
P3 5Clubs P0 3Hearts P1 7Clubs P2 6Clubs 
P1 2Hearts P2 AHearts P3 5Hearts P0 JHearts 
P2 6Hearts P3 QHearts P0 2Spades P1 4Hearts 
P0 JDiamonds P1 3Diamonds P2 QClubs P3 KDiamonds 
P3 QDiamonds P0 6Diamonds P1 3Clubs P2 5Spades 
P2 QSpades P3 6Spades P0 4Spades P1 3Spades 
P2 ASpades P3 JSpades P0 7Spades P1 JClubs 
P2 7Hearts P3 KSpades P0 7Diamonds P1 KHearts 
-- /GAME --
P0 HAND: ADiamonds, KDiamonds, 4Diamonds, 3Diamonds, JClubs, QHearts, 2Hearts, KSpades, JSpades, 4Spades.
P1 HAND: JDiamonds, AClubs, 6Clubs, 4Clubs, 2Clubs, AHearts, 7Hearts, KHearts, 5Spades, 2Spades.
P2 HAND: QDiamonds, 5Diamonds, 2Diamonds, KClubs, JHearts, 6Hearts, 5Hearts, ASpades, 7Spades, QSpades.
P3 HAND: 7Diamonds, 6Diamonds, 7Clubs, QClubs, 5Clubs, 3Clubs, 4Hearts, 3Hearts, 6Spades, 3Spades.
P1 AHearts P2 5Hearts P3 4Hearts P0 2Hearts 
P1 2Spades P2 ASpades P3 3Spades P0 KSpades 
P2 2Diamonds P3 6Diamonds P0 ADiamonds P1 JDiamonds 
P0 3Diamonds P1 5Spades P2 5Diamonds P3 7Diamonds 
P3 3Hearts P0 QHearts P1 7Hearts P2 6Hearts 
P1 2Clubs P2 KClubs P3 3Clubs P0 JClubs 
P2 QDiamonds P3 6Spades P0 KDiamonds P1 4Clubs 
P1 6Clubs P2 QSpades P3 5Clubs P0 4Diamonds 
P1 AClubs P2 JHearts P3 QClubs P0 4Spades 
P1 KHearts P2 7Spades P3 7Clubs P0 JSpades 
-- /GAME --
P0 HAND: ADiamonds, QDiamonds, 7Clubs, KClubs, 6Clubs, 4Clubs, 7Hearts, 6Hearts, JSpades, QSpades.
P1 HAND: 7Diamonds, 6Diamonds, 4Diamonds, JClubs, QClubs, 5Clubs, JHearts, QHearts, 3Hearts, 5Spades.
P2 HAND: KDiamonds, JDiamonds, 3Diamonds, 2Diamonds, AClubs, AHearts, 2Hearts, ASpades, KSpades, 3Spades.
P3 HAND: 5Diamonds, 3Clubs, 2Clubs, KHearts, 5Hearts, 4Hearts, 7Spades, 6Spades, 4Spades, 2Spades.
P0 ADiamonds P1 4Diamonds P2 KDiamonds P3 5Diamonds 
P0 6Hearts P1 3Hearts P2 AHearts P3 4Hearts 
P2 AClubs P3 2Clubs P0 7Clubs P1 5Clubs 
P2 2Diamonds P3 3Clubs P0 QDiamonds P1 7Diamonds 
P1 6Diamonds P2 3Diamonds P3 5Hearts P0 6Clubs 
P1 QClubs P2 2Hearts P3 2Spades P0 4Clubs 
P3 4Spades P0 JSpades P1 5Spades P2 3Spades 
P0 QSpades P1 QHearts P2 KSpades P3 7Spades 
P3 6Spades P0 KClubs P1 JClubs P2 ASpades 
P2 JDiamonds P3 KHearts P0 7Hearts P1 JHearts 
-- /GAME --
P0 HAND: 2Diamonds, QClubs, 5Clubs, 2Clubs, KHearts, JHearts, QHearts, 6Hearts, 5Hearts, 7Spades.
P1 HAND: ADiamonds, JDiamonds, QDiamonds, 6Diamonds, KClubs, 3Clubs, 7Hearts, 2Hearts, ASpades, JSpades.
P2 HAND: KDiamonds, 4Diamonds, 3Diamonds, JClubs, 6Clubs, 4Hearts, 3Hearts, 4Spades, 3Spades, 2Spades.
P3 HAND: 7Diamonds, 5Diamonds, AClubs, 7Clubs, 4Clubs, AHearts, KSpades, QSpades, 6Spades, 5Spades.
P3 AClubs P0 2Clubs P1 KClubs P2 6Clubs 
P3 4Clubs P0 QClubs P1 3Clubs P2 JClubs 
P2 2Spades P3 5Spades P0 7Spades P1 ASpades 
P1 ADiamonds P2 3Diamonds P3 7Diamonds P0 2Diamonds 
P1 6Diamonds P2 4Diamonds P3 5Diamonds P0 5Clubs 
P1 QDiamonds P2 KDiamonds P3 AHearts P0 5Hearts 
P3 6Spades P0 QHearts P1 JSpades P2 4Spades 
P0 6Hearts P1 2Hearts P2 3Hearts P3 QSpades 
P0 JHearts P1 7Hearts P2 4Hearts P3 7Clubs 
P1 JDiamonds P2 3Spades P3 KSpades P0 KHearts 
-- /GAME --
P0 HAND: 4Diamonds, 3Diamonds, AClubs, KClubs, 6Clubs, JHearts, 2Hearts, QSpades, 5Spades, 3Spades.
P1 HAND: 7Diamonds, 5Diamonds, 2Diamonds, JClubs, 5Clubs, 3Clubs, 6Hearts, 4Hearts, ASpades, 7Spades.
P2 HAND: ADiamonds, KDiamonds, QDiamonds, 6Diamonds, QClubs, 4Clubs, 2Clubs, KHearts, QHearts, 5Hearts.
P3 HAND: JDiamonds, 7Clubs, AHearts, 7Hearts, 3Hearts, KSpades, JSpades, 6Spades, 4Spades, 2Spades.
P2 ADiamonds P3 JDiamonds P0 4Diamonds P1 2Diamonds 
P2 5Hearts P3 AHearts P0 2Hearts P1 6Hearts 
P3 2Spades P0 3Spades P1 ASpades P2 2Clubs 
P2 6Diamonds P3 3Hearts P0 3Diamonds P1 7Diamonds 
P1 4Hearts P2 QHearts P3 7Hearts P0 JHearts 
P3 4Spades P0 QSpades P1 7Spades P2 4Clubs 
P2 QDiamonds P3 6Spades P0 5Spades P1 5Diamonds 
P2 QClubs P3 7Clubs P0 AClubs P1 3Clubs 
P0 KClubs P1 5Clubs P2 KDiamonds P3 JSpades 
P0 6Clubs P1 JClubs P2 KHearts P3 KSpades 
-- /GAME --
P0 HAND: JDiamonds, 5Diamonds, 2Diamonds, 7Clubs, AHearts, 7Hearts, QHearts, 4Hearts, 6Spades, 3Spades.
P1 HAND: ADiamonds, 7Diamonds, KDiamonds, 6Diamonds, AClubs, QClubs, 2Clubs, KSpades, 4Spades, 2Spades.
P2 HAND: 4Diamonds, 3Diamonds, JClubs, 5Clubs, JHearts, 3Hearts, 2Hearts, ASpades, JSpades, QSpades.
P3 HAND: QDiamonds, KClubs, 6Clubs, 4Clubs, 3Clubs, KHearts, 6Hearts, 5Hearts, 7Spades, 5Spades.
P1 ADiamonds P2 3Diamonds P3 QDiamonds P0 2Diamonds 
P1 AClubs P2 5Clubs P3 KClubs P0 7Clubs 
P1 2Clubs P2 JClubs P3 3Clubs P0 6Spades 
P2 ASpades P3 5Spades P0 3Spades P1 2Spades 
P2 4Diamonds P3 4Clubs P0 5Diamonds P1 7Diamonds 
P1 4Spades P2 QSpades P3 7Spades P0 4Hearts 
P0 AHearts P1 6Diamonds P2 2Hearts P3 5Hearts 
P0 7Hearts P1 QClubs P2 3Hearts P3 6Hearts 
P0 JDiamonds P1 KDiamonds P2 JHearts P3 KHearts 
P3 6Clubs P0 QHearts P1 KSpades P2 JSpades 
-- /GAME --
P0 HAND: 7Diamonds, JDiamonds, 3Diamonds, AClubs, 7Clubs, 6Clubs, 5Clubs, 3Clubs, KHearts, 5Hearts.
P1 HAND: 4Diamonds, 4Clubs, 2Clubs, AHearts, QHearts, 3Hearts, KSpades, 6Spades, 5Spades, 4Spades.
P2 HAND: ADiamonds, QDiamonds, 6Diamonds, KClubs, 7Hearts, JHearts, 2Hearts, JSpades, QSpades, 2Spades.
P3 HAND: KDiamonds, 5Diamonds, 2Diamonds, JClubs, QClubs, 6Hearts, 4Hearts, ASpades, 7Spades, 3Spades.
P0 AClubs P1 2Clubs P2 KClubs P3 QClubs 
P0 5Hearts P1 AHearts P2 2Hearts P3 6Hearts 
P1 3Hearts P2 JHearts P3 4Hearts P0 KHearts 
P0 3Diamonds P1 4Diamonds P2 ADiamonds P3 2Diamonds 
P2 6Diamonds P3 5Diamonds P0 7Diamonds P1 4Spades 
P1 4Clubs P2 QDiamonds P3 JClubs P0 7Clubs 
P0 JDiamonds P1 QHearts P2 2Spades P3 KDiamonds 
P2 QSpades P3 3Spades P0 6Clubs P1 5Spades 
P2 JSpades P3 7Spades P0 5Clubs P1 6Spades 
P3 ASpades P0 3Clubs P1 KSpades P2 7Hearts 
-- /GAME --
P0 HAND: KDiamonds, 5Diamonds, 2Diamonds, KClubs, KHearts, QHearts, 5Hearts, 7Spades, 4Spades, 3Spades.
P1 HAND: 6Diamonds, 4Diamonds, QClubs, 5Clubs, 3Clubs, 2Hearts, ASpades, KSpades, JSpades, 6Spades.
P2 HAND: ADiamonds, QDiamonds, JClubs, 4Clubs, 2Clubs, 6Hearts, 3Hearts, QSpades, 5Spades, 2Spades.
P3 HAND: 7Diamonds, JDiamonds, 3Diamonds, AClubs, 7Clubs, 6Clubs, AHearts, 7Hearts, JHearts, 4Hearts.
P3 AHearts P0 5Hearts P1 2Hearts P2 3Hearts 
P3 3Diamonds P0 5Diamonds P1 4Diamonds P2 ADiamonds 
P2 2Spades P3 4Hearts P0 4Spades P1 ASpades 
P1 6Diamonds P2 QDiamonds P3 7Diamonds P0 2Diamonds 
P3 JDiamonds P0 KDiamonds P1 3Clubs P2 4Clubs 
P2 5Spades P3 6Clubs P0 3Spades P1 KSpades 
P3 JHearts P0 KHearts P1 5Clubs P2 6Hearts 
P1 6Spades P2 QSpades P3 7Clubs P0 7Spades 
P3 AClubs P0 KClubs P1 QClubs P2 2Clubs 
P3 7Hearts P0 QHearts P1 JSpades P2 JClubs 
-- /GAME --
P0 HAND: JDiamonds, 6Diamonds, 4Diamonds, 3Diamonds, KClubs, KHearts, JHearts, KSpades, 6Spades, 2Spades.
P1 HAND: 7Diamonds, QDiamonds, AClubs, 7Clubs, JClubs, QClubs, QHearts, 3Hearts, 2Hearts, 7Spades.
P2 HAND: ADiamonds, KDiamonds, 6Clubs, 5Clubs, 4Clubs, 2Clubs, 7Hearts, 6Hearts, 5Spades, 3Spades.
P3 HAND: 5Diamonds, 2Diamonds, 3Clubs, AHearts, 5Hearts, 4Hearts, ASpades, JSpades, QSpades, 4Spades.
P2 ADiamonds P3 2Diamonds P0 JDiamonds P1 QDiamonds 
P2 2Clubs P3 3Clubs P0 KClubs P1 AClubs 
P1 QClubs P2 4Clubs P3 4Spades P0 KHearts 
P0 3Diamonds P1 7Diamonds P2 KDiamonds P3 5Diamonds 
P1 JClubs P2 5Clubs P3 QSpades P0 JHearts 
P0 6Spades P1 7Spades P2 3Spades P3 ASpades 
P3 JSpades P0 KSpades P1 2Hearts P2 5Spades 
P1 3Hearts P2 6Hearts P3 4Hearts P0 2Spades 
P2 6Clubs P3 5Hearts P0 6Diamonds P1 7Clubs 
P3 AHearts P0 4Diamonds P1 QHearts P2 7Hearts 
-- /GAME --
P0 HAND: KDiamonds, JDiamonds, 6Diamonds, 3Diamonds, QHearts, 5Hearts, 3Hearts, ASpades, JSpades, 2Spades.
P1 HAND: 7Diamonds, QDiamonds, 7Clubs, JClubs, QClubs, 3Clubs, 7Hearts, JHearts, 4Hearts, 7Spades.
P2 HAND: ADiamonds, 5Diamonds, 4Diamonds, 2Diamonds, AClubs, 6Clubs, 5Clubs, 4Clubs, 2Clubs, QSpades.
P3 HAND: KClubs, AHearts, KHearts, 6Hearts, 2Hearts, KSpades, 6Spades, 5Spades, 4Spades, 3Spades.
P1 3Clubs P2 AClubs P3 KClubs P0 JSpades 
P2 ADiamonds P3 2Hearts P0 3Diamonds P1 7Diamonds 
P3 3Spades P0 ASpades P1 7Spades P2 QSpades 
P0 JDiamonds P1 QDiamonds P2 2Diamonds P3 6Hearts 
P3 4Spades P0 2Spades P1 QClubs P2 2Clubs 
P3 5Spades P0 6Diamonds P1 4Hearts P2 4Diamonds 
P1 JClubs P2 4Clubs P3 6Spades P0 QHearts 
P0 3Hearts P1 JHearts P2 5Diamonds P3 KHearts 
P3 AHearts P0 5Hearts P1 7Hearts P2 5Clubs 
P3 KSpades P0 KDiamonds P1 7Clubs P2 6Clubs 
-- /GAME --
P0 HAND: 2Diamonds, AClubs, 7Clubs, 4Clubs, JHearts, QHearts, 2Hearts, 7Spades, 5Spades, 3Spades.
P1 HAND: 7Diamonds, JDiamonds, 6Diamonds, KClubs, 5Clubs, 3Clubs, 7Hearts, KHearts, ASpades, KSpades.
P2 HAND: ADiamonds, QDiamonds, 3Diamonds, JClubs, 6Clubs, 6Hearts, 4Hearts, 3Hearts, JSpades, 4Spades.
P3 HAND: KDiamonds, 5Diamonds, 4Diamonds, QClubs, 2Clubs, AHearts, 5Hearts, QSpades, 6Spades, 2Spades.
P0 AClubs P1 3Clubs P2 JClubs P3 2Clubs 
P0 2Hearts P1 KHearts P2 3Hearts P3 AHearts 
P3 4Diamonds P0 2Diamonds P1 6Diamonds P2 ADiamonds 
P2 3Diamonds P3 5Diamonds P0 3Spades P1 JDiamonds 
P0 QHearts P1 7Hearts P2 4Hearts P3 5Hearts 
P1 5Clubs P2 6Clubs P3 QClubs P0 7Clubs 
P0 JHearts P1 KSpades P2 6Hearts P3 KDiamonds 
P1 ASpades P2 4Spades P3 2Spades P0 5Spades 
P1 KClubs P2 QDiamonds P3 6Spades P0 4Clubs 
P3 QSpades P0 7Spades P1 7Diamonds P2 JSpades 
-- /GAME --
P0 HAND: KDiamonds, 3Diamonds, 2Diamonds, 4Clubs, 7Hearts, 6Hearts, 5Hearts, 4Hearts, 2Hearts, ASpades.
P1 HAND: ADiamonds, JDiamonds, 4Diamonds, JClubs, 6Clubs, 5Clubs, JHearts, 6Spades, 4Spades, 3Spades.
P2 HAND: 7Diamonds, 5Diamonds, 7Clubs, KClubs, QClubs, 2Clubs, QHearts, 3Hearts, 7Spades, 5Spades.
P3 HAND: QDiamonds, 6Diamonds, AClubs, 3Clubs, AHearts, KHearts, KSpades, JSpades, QSpades, 2Spades.
P3 AHearts P0 2Hearts P1 JHearts P2 3Hearts 
P3 2Spades P0 ASpades P1 3Spades P2 7Spades 
P0 6Hearts P1 4Diamonds P2 QHearts P3 KHearts 
P3 6Diamonds P0 2Diamonds P1 ADiamonds P2 5Diamonds 
P1 4Spades P2 5Spades P3 QSpades P0 3Diamonds 
P3 QDiamonds P0 KDiamonds P1 JDiamonds P2 7Diamonds 
P2 2Clubs P3 3Clubs P0 4Clubs P1 5Clubs 
P1 6Spades P2 QClubs P3 JSpades P0 7Hearts 
P2 KClubs P3 AClubs P0 5Hearts P1 6Clubs 
P3 KSpades P0 4Hearts P1 JClubs P2 7Clubs 
-- /GAME --
P0 HAND: KDiamonds, JDiamonds, 6Diamonds, 3Diamonds, JClubs, 6Clubs, AHearts, 7Hearts, JHearts, 3Spades.
P1 HAND: ADiamonds, 5Diamonds, 7Clubs, KClubs, 5Clubs, KHearts, QHearts, 2Hearts, ASpades, QSpades.
P2 HAND: 7Diamonds, 2Diamonds, QClubs, 4Clubs, 3Clubs, 3Hearts, KSpades, JSpades, 5Spades, 2Spades.
P3 HAND: QDiamonds, 4Diamonds, AClubs, 2Clubs, 6Hearts, 5Hearts, 4Hearts, 7Spades, 6Spades, 4Spades.
P2 2Diamonds P3 4Diamonds P0 6Diamonds P1 ADiamonds 
P1 ASpades P2 2Spades P3 7Spades P0 3Spades 
P1 2Hearts P2 3Hearts P3 4Hearts P0 AHearts 
P0 3Diamonds P1 5Diamonds P2 7Diamonds P3 QDiamonds 
P2 5Spades P3 4Spades P0 JDiamonds P1 QSpades 
P1 QHearts P2 3Clubs P3 5Hearts P0 7Hearts 
P2 JSpades P3 6Spades P0 JClubs P1 KClubs 
P1 5Clubs P2 4Clubs P3 2Clubs P0 6Clubs 
P0 JHearts P1 KHearts P2 QClubs P3 6Hearts 
P2 KSpades P3 AClubs P0 KDiamonds P1 7Clubs 
-- /GAME --
P0 HAND: KDiamonds, 6Diamonds, 6Clubs, 4Clubs, 2Clubs, KHearts, QHearts, 4Hearts, 3Hearts, KSpades.
P1 HAND: 7Diamonds, QDiamonds, 5Diamonds, 2Diamonds, 7Clubs, KClubs, JClubs, 7Hearts, 2Hearts, 2Spades.
P2 HAND: JDiamonds, 4Diamonds, QClubs, 5Clubs, AHearts, 6Hearts, 5Hearts, 7Spades, 5Spades, 4Spades.
P3 HAND: ADiamonds, 3Diamonds, AClubs, 3Clubs, JHearts, ASpades, JSpades, QSpades, 6Spades, 3Spades.
P0 3Hearts P1 2Hearts P2 AHearts P3 JHearts 
P2 4Diamonds P3 ADiamonds P0 6Diamonds P1 7Diamonds 
P3 3Diamonds P0 KDiamonds P1 2Diamonds P2 JDiamonds 
P0 4Hearts P1 7Hearts P2 5Hearts P3 ASpades 
P1 2Spades P2 7Spades P3 3Spades P0 KSpades 
P2 4Spades P3 6Spades P0 2Clubs P1 5Diamonds 
P0 QHearts P1 QDiamonds P2 6Hearts P3 QSpades 
P0 KHearts P1 JClubs P2 5Spades P3 JSpades 
P1 KClubs P2 5Clubs P3 3Clubs P0 4Clubs 
P1 7Clubs P2 QClubs P3 AClubs P0 6Clubs 
-- /GAME --
P0 HAND: ADiamonds, KDiamonds, QDiamonds, 6Diamonds, JClubs, 5Clubs, JHearts, 5Hearts, 2Hearts, 7Spades.
P1 HAND: 7Diamonds, JDiamonds, KClubs, 4Clubs, AHearts, ASpades, QSpades, 6Spades, 5Spades, 2Spades.
P2 HAND: AClubs, 6Clubs, 3Clubs, 2Clubs, 7Hearts, 3Hearts, KSpades, JSpades, 4Spades, 3Spades.
P3 HAND: 5Diamonds, 4Diamonds, 3Diamonds, 2Diamonds, 7Clubs, QClubs, KHearts, QHearts, 6Hearts, 4Hearts.
P3 2Diamonds P0 ADiamonds P1 JDiamonds P2 AClubs 
P0 KDiamonds P1 7Diamonds P2 3Spades P3 3Diamonds 
P2 2Clubs P3 7Clubs P0 5Clubs P1 KClubs 
P3 4Diamonds P0 QDiamonds P1 4Clubs P2 7Hearts 
P0 6Diamonds P1 2Spades P2 3Clubs P3 5Diamonds 
P1 AHearts P2 3Hearts P3 KHearts P0 2Hearts 
P1 5Spades P2 4Spades P3 4Hearts P0 7Spades 
P0 JClubs P1 6Spades P2 6Clubs P3 QClubs 
P1 QSpades P2 JSpades P3 6Hearts P0 JHearts 
P2 KSpades P3 QHearts P0 5Hearts P1 ASpades 
-- /GAME --
P0 HAND: ADiamonds, KDiamonds, QDiamonds, 2Diamonds, AHearts, KHearts, 2Hearts, 7Spades, 6Spades, 5Spades.
P1 HAND: AClubs, KClubs, 6Clubs, 4Clubs, 2Clubs, JHearts, QHearts, 5Hearts, 4Hearts, QSpades.
P2 HAND: 6Diamonds, 5Diamonds, 3Diamonds, 7Clubs, QClubs, 5Clubs, 7Hearts, 3Hearts, JSpades, 3Spades.
P3 HAND: 7Diamonds, JDiamonds, 4Diamonds, JClubs, 3Clubs, 6Hearts, ASpades, KSpades, 4Spades, 2Spades.
P2 3Diamonds P3 4Diamonds P0 ADiamonds P1 4Hearts 
P1 2Clubs P2 5Clubs P3 3Clubs P0 KDiamonds 
P2 3Spades P3 ASpades P0 5Spades P1 QSpades 
P3 2Spades P0 7Spades P1 5Hearts P2 JSpades 
P1 4Clubs P2 QClubs P3 JClubs P0 2Hearts 
P0 2Diamonds P1 6Clubs P2 5Diamonds P3 7Diamonds 
P3 4Spades P0 6Spades P1 QHearts P2 6Diamonds 
P1 JHearts P2 3Hearts P3 6Hearts P0 KHearts 
P0 AHearts P1 KClubs P2 7Hearts P3 JDiamonds 
P0 QDiamonds P1 AClubs P2 7Clubs P3 KSpades 
-- /GAME --
P0 HAND: ADiamonds, QDiamonds, 6Diamonds, AClubs, QClubs, JHearts, QHearts, 6Hearts, 4Hearts, JSpades.
P1 HAND: 5Diamonds, 7Clubs, KClubs, 5Clubs, 3Clubs, 7Hearts, 5Hearts, QSpades, 3Spades, 2Spades.
P2 HAND: 7Diamonds, KDiamonds, JDiamonds, 4Diamonds, 2Diamonds, KHearts, 3Hearts, 2Hearts, ASpades, 7Spades.
P3 HAND: 3Diamonds, JClubs, 6Clubs, 4Clubs, 2Clubs, AHearts, KSpades, 6Spades, 5Spades, 4Spades.
P1 2Spades P2 ASpades P3 4Spades P0 JSpades 
P2 2Hearts P3 AHearts P0 4Hearts P1 7Hearts 
P3 2Clubs P0 QClubs P1 3Clubs P2 7Spades 
P0 AClubs P1 5Clubs P2 KHearts P3 4Clubs 
P0 6Diamonds P1 5Diamonds P2 2Diamonds P3 3Diamonds 
P0 QDiamonds P1 3Spades P2 4Diamonds P3 5Spades 
P0 JHearts P1 5Hearts P2 3Hearts P3 6Clubs 
P0 QHearts P1 QSpades P2 JDiamonds P3 6Spades 
P2 KDiamonds P3 JClubs P0 ADiamonds P1 KClubs 
P0 6Hearts P1 7Clubs P2 7Diamonds P3 KSpades 
-- /GAME --
P0 HAND: KDiamonds, JDiamonds, 2Diamonds, KClubs, 5Clubs, 7Hearts, KHearts, 3Hearts, JSpades, QSpades.
P1 HAND: 7Diamonds, QDiamonds, 6Diamonds, 3Diamonds, 7Clubs, JHearts, QHearts, 6Hearts, 4Spades, 2Spades.
P2 HAND: ADiamonds, 4Diamonds, AClubs, QClubs, 3Clubs, 2Clubs, 4Hearts, 7Spades, KSpades, 3Spades.
P3 HAND: 5Diamonds, JClubs, 6Clubs, 4Clubs, AHearts, 5Hearts, 2Hearts, ASpades, 6Spades, 5Spades.
P0 2Diamonds P1 3Diamonds P2 ADiamonds P3 5Diamonds 
P2 AClubs P3 4Clubs P0 KClubs P1 7Clubs 
P2 2Clubs P3 6Clubs P0 5Clubs P1 7Diamonds 
P3 ASpades P0 QSpades P1 4Spades P2 3Spades 
P3 5Spades P0 JSpades P1 2Spades P2 7Spades 
P2 3Clubs P3 JClubs P0 3Hearts P1 6Diamonds 
P0 JDiamonds P1 QDiamonds P2 4Diamonds P3 2Hearts 
P3 6Spades P0 KHearts P1 6Hearts P2 KSpades 
P0 KDiamonds P1 QHearts P2 QClubs P3 5Hearts 
P1 JHearts P2 4Hearts P3 AHearts P0 7Hearts 
-- /GAME --
P0 HAND: 7Diamonds, QDiamonds, 4Diamonds, 3Diamonds, QClubs, 3Clubs, AHearts, JSpades, 4Spades, 3Spades.
P1 HAND: ADiamonds, 6Diamonds, JClubs, 4Clubs, KHearts, JHearts, QHearts, 2Hearts, ASpades, 6Spades.
P2 HAND: 7Clubs, KClubs, 6Clubs, 5Clubs, 2Clubs, 7Hearts, 6Hearts, KSpades, 5Spades, 2Spades.
P3 HAND: KDiamonds, JDiamonds, 5Diamonds, 2Diamonds, AClubs, 5Hearts, 4Hearts, 3Hearts, 7Spades, QSpades.
P3 AClubs P0 3Clubs P1 JClubs P2 2Clubs 
P3 2Diamonds P0 4Diamonds P1 ADiamonds P2 2Spades 
P2 5Clubs P3 3Hearts P0 QClubs P1 4Clubs 
P0 AHearts P1 2Hearts P2 7Hearts P3 4Hearts 
P0 3Spades P1 6Spades P2 5Spades P3 QSpades 
P3 5Diamonds P0 7Diamonds P1 6Diamonds P2 7Clubs 
P0 QDiamonds P1 QHearts P2 6Clubs P3 KDiamonds 
P3 5Hearts P0 3Diamonds P1 JHearts P2 6Hearts 
P1 ASpades P2 KSpades P3 7Spades P0 4Spades 
P1 KHearts P2 KClubs P3 JDiamonds P0 JSpades 
-- /GAME --
P0 HAND: ADiamonds, 2Diamonds, AClubs, 4Clubs, 2Clubs, KHearts, JHearts, 6Hearts, 7Spades, 3Spades.
P1 HAND: 7Diamonds, JDiamonds, QDiamonds, 6Diamonds, 4Diamonds, 3Clubs, 7Hearts, QHearts, 3Hearts, 4Spades.
P2 HAND: KDiamonds, 5Diamonds, 3Diamonds, KClubs, AHearts, ASpades, QSpades, 6Spades, 5Spades, 2Spades.
P3 HAND: 7Clubs, JClubs, QClubs, 6Clubs, 5Clubs, 5Hearts, 4Hearts, 2Hearts, KSpades, JSpades.
P2 AHearts P3 2Hearts P0 KHearts P1 3Hearts 
P2 2Spades P3 JSpades P0 3Spades P1 4Spades 
P3 4Hearts P0 JHearts P1 7Hearts P2 3Diamonds 
P2 5Spades P3 KSpades P0 7Spades P1 4Diamonds 
P1 3Clubs P2 KClubs P3 5Clubs P0 AClubs 
P0 6Hearts P1 QHearts P2 6Spades P3 5Hearts 
P1 6Diamonds P2 5Diamonds P3 6Clubs P0 2Diamonds 
P1 QDiamonds P2 KDiamonds P3 QClubs P0 ADiamonds 
P0 4Clubs P1 JDiamonds P2 QSpades P3 7Clubs 
P1 7Diamonds P2 ASpades P3 JClubs P0 2Clubs 
-- /GAME --
P0 HAND: ADiamonds, JDiamonds, AClubs, KClubs, QClubs, 5Clubs, 3Clubs, 3Hearts, 2Hearts, QSpades.
P1 HAND: 7Diamonds, KDiamonds, QDiamonds, 6Diamonds, 7Hearts, 4Hearts, ASpades, 7Spades, JSpades, 6Spades.
P2 HAND: 5Diamonds, 7Clubs, JClubs, 6Clubs, 4Clubs, 2Clubs, 5Hearts, 4Spades, 3Spades, 2Spades.
P3 HAND: 4Diamonds, 3Diamonds, 2Diamonds, AHearts, KHearts, JHearts, QHearts, 6Hearts, KSpades, 5Spades.
P1 ASpades P2 2Spades P3 KSpades P0 QSpades 
P1 4Hearts P2 5Hearts P3 AHearts P0 2Hearts 
P3 5Spades P0 3Hearts P1 7Spades P2 3Spades 
P1 6Spades P2 4Spades P3 6Hearts P0 3Clubs 
P1 JSpades P2 2Clubs P3 QHearts P0 JDiamonds 
P0 AClubs P1 6Diamonds P2 4Clubs P3 KHearts 
P1 QDiamonds P2 5Diamonds P3 2Diamonds P0 ADiamonds 
P0 QClubs P1 KDiamonds P2 6Clubs P3 JHearts 
P1 7Diamonds P2 JClubs P3 3Diamonds P0 5Clubs 
P1 7Hearts P2 7Clubs P3 4Diamonds P0 KClubs 
-- /GAME --
P0 HAND: ADiamonds, 6Diamonds, 5Diamonds, 7Clubs, JClubs, KHearts, JHearts, KSpades, 6Spades, 4Spades.
P1 HAND: KDiamonds, 3Diamonds, QClubs, 5Clubs, 2Clubs, 7Spades, QSpades, 5Spades, 3Spades, 2Spades.
P2 HAND: QDiamonds, AClubs, KClubs, 6Clubs, AHearts, 7Hearts, 5Hearts, 4Hearts, ASpades, JSpades.
P3 HAND: 7Diamonds, JDiamonds, 4Diamonds, 2Diamonds, 4Clubs, 3Clubs, QHearts, 6Hearts, 3Hearts, 2Hearts.
P0 JHearts P1 2Clubs P2 AHearts P3 2Hearts 
P2 AClubs P3 3Clubs P0 7Clubs P1 5Clubs 
P2 ASpades P3 2Diamonds P0 4Spades P1 7Spades 
P3 3Hearts P0 KHearts P1 2Spades P2 7Hearts 
P2 4Hearts P3 6Hearts P0 5Diamonds P1 3Spades 
P0 JClubs P1 QClubs P2 6Clubs P3 4Clubs 
P0 ADiamonds P1 3Diamonds P2 QDiamonds P3 4Diamonds 
P0 6Spades P1 5Spades P2 JSpades P3 QHearts 
P2 5Hearts P3 JDiamonds P0 KSpades P1 QSpades 
P3 7Diamonds P0 6Diamonds P1 KDiamonds P2 KClubs 
-- /GAME --
P0 HAND: 6Diamonds, 2Diamonds, QClubs, 5Clubs, 4Clubs, AHearts, 5Hearts, 6Spades, 5Spades, 3Spades.
P1 HAND: KDiamonds, JDiamonds, 5Diamonds, JClubs, 6Clubs, 2Clubs, 6Hearts, 3Hearts, QSpades, 4Spades.
P2 HAND: 7Diamonds, QDiamonds, 4Diamonds, 7Clubs, KClubs, 3Clubs, 7Hearts, 4Hearts, 2Hearts, 2Spades.
P3 HAND: ADiamonds, 3Diamonds, AClubs, KHearts, JHearts, QHearts, ASpades, 7Spades, KSpades, JSpades.
P3 ADiamonds P0 2Diamonds P1 KDiamonds P2 4Diamonds 
P3 AClubs P0 4Clubs P1 JClubs P2 3Clubs 
P3 3Diamonds P0 6Diamonds P1 5Diamonds P2 7Diamonds 
P2 2Hearts P3 QHearts P0 AHearts P1 3Hearts 
P0 5Clubs P1 2Clubs P2 7Clubs P3 JSpades 
P3 JHearts P0 5Hearts P1 6Hearts P2 7Hearts 
P2 4Hearts P3 KHearts P0 6Spades P1 6Clubs 
P0 QClubs P1 4Spades P2 KClubs P3 KSpades 
P3 7Spades P0 3Spades P1 QSpades P2 2Spades 
P3 ASpades P0 5Spades P1 JDiamonds P2 QDiamonds 
-- /GAME --
P0 HAND: KDiamonds, AClubs, QClubs, 3Clubs, KHearts, QHearts, 5Hearts, 4Hearts, 2Hearts, 2Spades.
P1 HAND: 6Diamonds, 5Diamonds, 4Diamonds, 3Diamonds, 2Diamonds, 7Clubs, KClubs, JClubs, 6Clubs, 7Spades.
P2 HAND: ADiamonds, 7Diamonds, 5Clubs, JHearts, 6Hearts, ASpades, KSpades, JSpades, QSpades, 4Spades.
P3 HAND: JDiamonds, QDiamonds, 4Clubs, 2Clubs, AHearts, 7Hearts, 3Hearts, 6Spades, 5Spades, 3Spades.
P2 ADiamonds P3 QDiamonds P0 KDiamonds P1 2Diamonds 
P2 4Spades P3 3Spades P0 2Spades P1 7Spades 
P1 3Diamonds P2 7Diamonds P3 JDiamonds P0 KHearts 
P2 6Hearts P3 AHearts P0 2Hearts P1 6Diamonds 
P3 3Hearts P0 QHearts P1 4Diamonds P2 JHearts 
P2 QSpades P3 5Spades P0 3Clubs P1 5Diamonds 
P0 5Hearts P1 6Clubs P2 5Clubs P3 7Hearts 
P1 JClubs P2 JSpades P3 2Clubs P0 QClubs 
P1 KClubs P2 KSpades P3 4Clubs P0 AClubs 
P0 4Hearts P1 7Clubs P2 ASpades P3 6Spades 
-- /GAME --
P0 HAND: KDiamonds, 4Clubs, 3Clubs, 7Hearts, 5Hearts, 2Hearts, 7Spades, 6Spades, 4Spades, 3Spades.
P1 HAND: ADiamonds, 7Diamonds, JDiamonds, 5Diamonds, 4Diamonds, 3Diamonds, 2Diamonds, JClubs, QSpades, 2Spades.
P2 HAND: QDiamonds, 6Diamonds, 7Clubs, 6Clubs, KHearts, QHearts, 6Hearts, 4Hearts, 3Hearts, KSpades.
P3 HAND: AClubs, KClubs, QClubs, 5Clubs, 2Clubs, AHearts, JHearts, ASpades, JSpades, 5Spades.
P1 2Diamonds P2 6Diamonds P3 2Clubs P0 KDiamonds 
P0 3Clubs P1 JClubs P2 6Clubs P3 AClubs 
P3 ASpades P0 3Spades P1 QSpades P2 KSpades 
P3 5Clubs P0 4Clubs P1 2Spades P2 7Clubs 
P2 QDiamonds P3 5Spades P0 2Hearts P1 3Diamonds 
P0 6Spades P1 4Diamonds P2 3Hearts P3 JSpades 
P2 4Hearts P3 JHearts P0 7Hearts P1 5Diamonds 
P0 4Spades P1 JDiamonds P2 6Hearts P3 QClubs 
P2 QHearts P3 AHearts P0 5Hearts P1 ADiamonds 
P3 KClubs P0 7Spades P1 7Diamonds P2 KHearts 
-- /GAME --
P0 HAND: 5Diamonds, 4Diamonds, 2Diamonds, AHearts, 5Hearts, 3Hearts, 2Hearts, JSpades, 5Spades, 2Spades.
P1 HAND: JDiamonds, QDiamonds, AClubs, KClubs, QClubs, 6Clubs, 4Clubs, ASpades, 7Spades, QSpades.
P2 HAND: 3Diamonds, JClubs, 5Clubs, 2Clubs, 7Hearts, KHearts, QHearts, 6Hearts, 4Hearts, 4Spades.
P3 HAND: ADiamonds, 7Diamonds, KDiamonds, 6Diamonds, 7Clubs, 3Clubs, JHearts, KSpades, 6Spades, 3Spades.
P2 2Clubs P3 3Clubs P0 2Diamonds P1 AClubs 
P1 4Clubs P2 5Clubs P3 7Clubs P0 2Spades 
P0 AHearts P1 QSpades P2 4Hearts P3 JHearts 
P1 6Clubs P2 JClubs P3 6Diamonds P0 5Diamonds 
P2 3Diamonds P3 KDiamonds P0 4Diamonds P1 JDiamonds 
P3 3Spades P0 JSpades P1 7Spades P2 4Spades 
P1 QDiamonds P2 6Hearts P3 7Diamonds P0 5Spades 
P0 5Hearts P1 QClubs P2 7Hearts P3 6Spades 
P3 KSpades P0 3Hearts P1 ASpades P2 QHearts 
P1 KClubs P2 KHearts P3 ADiamonds P0 2Hearts 
-- /GAME --
P0 HAND: ADiamonds, JDiamonds, 3Diamonds, JClubs, 4Clubs, 5Hearts, JSpades, 4Spades, 3Spades, 2Spades.
P1 HAND: 5Diamonds, 7Clubs, KClubs, 2Clubs, JHearts, 4Hearts, ASpades, QSpades, 6Spades, 5Spades.
P2 HAND: 7Diamonds, QDiamonds, 2Diamonds, AClubs, 5Clubs, 7Hearts, KHearts, QHearts, 6Hearts, KSpades.
P3 HAND: KDiamonds, 6Diamonds, 4Diamonds, QClubs, 6Clubs, 3Clubs, AHearts, 3Hearts, 2Hearts, 7Spades.
P1 ASpades P2 KSpades P3 7Spades P0 2Spades 
P1 2Clubs P2 AClubs P3 3Clubs P0 JClubs 
P2 2Diamonds P3 4Diamonds P0 ADiamonds P1 5Diamonds 
P0 4Clubs P1 KClubs P2 5Clubs P3 QClubs 
P1 5Spades P2 QDiamonds P3 6Diamonds P0 JSpades 
P0 3Spades P1 6Spades P2 6Hearts P3 6Clubs 
P2 QHearts P3 2Hearts P0 5Hearts P1 4Hearts 
P2 KHearts P3 3Hearts P0 JDiamonds P1 JHearts 
P2 7Hearts P3 AHearts P0 4Spades P1 7Clubs 
P3 KDiamonds P0 3Diamonds P1 QSpades P2 7Diamonds 
-- /GAME --
P0 HAND: QDiamonds, 5Diamonds, AClubs, JClubs, 4Clubs, 3Clubs, 6Hearts, 5Hearts, ASpades, 6Spades.
P1 HAND: 4Diamonds, 7Clubs, 6Clubs, 5Clubs, 7Hearts, 4Hearts, 3Hearts, QSpades, 5Spades, 4Spades.
P2 HAND: ADiamonds, 7Diamonds, KDiamonds, QClubs, KHearts, JHearts, QHearts, 2Hearts, KSpades, 2Spades.
P3 HAND: JDiamonds, 6Diamonds, 3Diamonds, 2Diamonds, KClubs, 2Clubs, AHearts, 7Spades, JSpades, 3Spades.
P0 AClubs P1 5Clubs P2 QClubs P3 2Clubs 
P0 ASpades P1 4Spades P2 KSpades P3 3Spades 
P0 5Hearts P1 3Hearts P2 2Hearts P3 AHearts 
P3 JSpades P0 6Spades P1 5Spades P2 2Spades 
P3 2Diamonds P0 QDiamonds P1 4Diamonds P2 KDiamonds 
P2 QHearts P3 3Diamonds P0 6Hearts P1 7Hearts 
P3 6Diamonds P0 5Diamonds P1 4Hearts P2 7Diamonds 
P2 JHearts P3 JDiamonds P0 3Clubs P1 7Clubs 
P3 KClubs P0 4Clubs P1 6Clubs P2 ADiamonds 
P2 KHearts P3 7Spades P0 JClubs P1 QSpades 
-- /GAME --
P0 HAND: 7Clubs, AHearts, JHearts, 6Hearts, 3Hearts, ASpades, 7Spades, KSpades, JSpades, QSpades.
P1 HAND: ADiamonds, 7Diamonds, QDiamonds, 5Diamonds, 4Diamonds, QClubs, 7Hearts, 5Hearts, 2Hearts, 6Spades.
P2 HAND: KDiamonds, 6Diamonds, 3Diamonds, KClubs, JClubs, 4Clubs, 3Clubs, QHearts, 4Hearts, 4Spades.
P3 HAND: JDiamonds, 2Diamonds, AClubs, 6Clubs, 5Clubs, 2Clubs, KHearts, 5Spades, 3Spades, 2Spades.
P3 2Diamonds P0 7Clubs P1 4Diamonds P2 KDiamonds 
P0 AHearts P1 2Hearts P2 QHearts P3 KHearts 
P0 ASpades P1 6Spades P2 4Spades P3 2Spades 
P0 JSpades P1 5Diamonds P2 3Diamonds P3 3Spades 
P0 QSpades P1 5Hearts P2 4Hearts P3 5Spades 
P0 KSpades P1 QDiamonds P2 3Clubs P3 5Clubs 
P3 JDiamonds P0 JHearts P1 7Diamonds P2 6Diamonds 
P1 QClubs P2 4Clubs P3 2Clubs P0 3Hearts 
P1 7Hearts P2 JClubs P3 AClubs P0 6Hearts 
P3 6Clubs P0 7Spades P1 ADiamonds P2 KClubs 
-- /GAME --
P0 HAND: 6Diamonds, 5Diamonds, 3Diamonds, KClubs, QClubs, JHearts, QHearts, 6Hearts, KSpades, 4Spades.
P1 HAND: 7Diamonds, JDiamonds, 4Diamonds, AClubs, 7Clubs, 6Clubs, 4Clubs, 2Clubs, 7Hearts, KHearts.
P2 HAND: QDiamonds, 5Clubs, 3Clubs, 4Hearts, 3Hearts, 2Hearts, ASpades, QSpades, 6Spades, 5Spades.
P3 HAND: ADiamonds, KDiamonds, 2Diamonds, JClubs, AHearts, 5Hearts, 7Spades, JSpades, 3Spades, 2Spades.
P2 ASpades P3 2Spades P0 KSpades P1 4Diamonds 
P1 2Clubs P2 3Clubs P3 JClubs P0 KClubs 
P0 4Spades P1 4Clubs P2 5Spades P3 7Spades 
P3 AHearts P0 6Hearts P1 7Hearts P2 2Hearts 
P3 3Spades P0 QClubs P1 6Clubs P2 QSpades 
P2 3Hearts P3 5Hearts P0 JHearts P1 KHearts 
P1 JDiamonds P2 QDiamonds P3 2Diamonds P0 3Diamonds 
P1 7Diamonds P2 4Hearts P3 KDiamonds P0 5Diamonds 
P1 7Clubs P2 5Clubs P3 ADiamonds P0 QHearts 
P3 JSpades P0 6Diamonds P1 AClubs P2 6Spades 
-- /GAME --
P0 HAND: ADiamonds, JDiamonds, 5Diamonds, 4Diamonds, 7Clubs, 5Clubs, 7Hearts, ASpades, KSpades, 5Spades.
P1 HAND: KDiamonds, 6Clubs, 4Clubs, 3Clubs, JHearts, QHearts, 6Hearts, 5Hearts, QSpades, 4Spades.
P2 HAND: 7Diamonds, 3Diamonds, 2Diamonds, AClubs, QClubs, 4Hearts, 7Spades, JSpades, 6Spades, 2Spades.
P3 HAND: QDiamonds, 6Diamonds, KClubs, JClubs, 2Clubs, AHearts, KHearts, 3Hearts, 2Hearts, 3Spades.
P2 AClubs P3 2Clubs P0 7Clubs P1 3Clubs 
P2 2Diamonds P3 6Diamonds P0 ADiamonds P1 KDiamonds 
P0 JDiamonds P1 4Clubs P2 7Diamonds P3 QDiamonds 
P2 2Spades P3 3Spades P0 5Spades P1 QSpades 
P1 4Spades P2 6Spades P3 2Hearts P0 KSpades 
P3 JClubs P0 5Clubs P1 6Clubs P2 QClubs 
P3 3Hearts P0 7Hearts P1 5Hearts P2 4Hearts 
P0 4Diamonds P1 6Hearts P2 3Diamonds P3 KClubs 
P1 QHearts P2 JSpades P3 KHearts P0 5Diamonds 
P3 AHearts P0 ASpades P1 JHearts P2 7Spades 
-- /GAME --
P0 HAND: ADiamonds, JDiamonds, 4Diamonds, 2Diamonds, AClubs, 2Clubs, AHearts, 7Hearts, KHearts, QSpades.
P1 HAND: 5Diamonds, 7Clubs, JClubs, 6Clubs, 4Clubs, QHearts, 3Hearts, JSpades, 6Spades, 2Spades.
P2 HAND: KDiamonds, 3Diamonds, QClubs, 5Clubs, JHearts, 6Hearts, 4Hearts, 7Spades, 4Spades, 3Spades.
P3 HAND: 7Diamonds, QDiamonds, 6Diamonds, KClubs, 3Clubs, 5Hearts, 2Hearts, ASpades, KSpades, 5Spades.
P1 2Spades P2 3Spades P3 ASpades P0 QSpades 
P3 3Clubs P0 2Clubs P1 4Clubs P2 QClubs 
P2 3Diamonds P3 6Diamonds P0 ADiamonds P1 5Diamonds 
P0 AClubs P1 6Clubs P2 5Clubs P3 KClubs 
P0 KHearts P1 3Hearts P2 4Hearts P3 2Hearts 
P0 2Diamonds P1 6Spades P2 KDiamonds P3 7Diamonds 
P3 5Spades P0 4Diamonds P1 JSpades P2 7Spades 
P2 4Spades P3 KSpades P0 7Hearts P1 JClubs 
P0 AHearts P1 QHearts P2 6Hearts P3 5Hearts 
P0 JDiamonds P1 7Clubs P2 JHearts P3 QDiamonds 
-- /GAME --
P0 HAND: ADiamonds, 7Diamonds, KDiamonds, 6Diamonds, 3Diamonds, 4Clubs, KHearts, KSpades, QSpades, 3Spades.
P1 HAND: JDiamonds, AClubs, QClubs, AHearts, 6Hearts, ASpades, 7Spades, 6Spades, 5Spades, 4Spades.
P2 HAND: QDiamonds, 7Clubs, JClubs, 5Clubs, 3Clubs, 7Hearts, 5Hearts, 4Hearts, 2Hearts, JSpades.
P3 HAND: 5Diamonds, 4Diamonds, 2Diamonds, KClubs, 6Clubs, 2Clubs, JHearts, QHearts, 3Hearts, 2Spades.
P0 ADiamonds P1 JDiamonds P2 QDiamonds P3 2Diamonds 
P0 KDiamonds P1 4Spades P2 3Clubs P3 4Diamonds 
P0 6Diamonds P1 5Spades P2 5Clubs P3 5Diamonds 
P0 3Spades P1 ASpades P2 JSpades P3 2Spades 
P1 AClubs P2 JClubs P3 KClubs P0 4Clubs 
P1 6Spades P2 2Hearts P3 2Clubs P0 KSpades 
P2 4Hearts P3 3Hearts P0 KHearts P1 6Hearts 
P0 QSpades P1 7Spades P2 5Hearts P3 QHearts 
P3 6Clubs P0 3Diamonds P1 QClubs P2 7Clubs 
P2 7Hearts P3 JHearts P0 7Diamonds P1 AHearts 
-- /GAME --
P0 HAND: QDiamonds, 5Diamonds, 7Clubs, JClubs, AHearts, KHearts, JHearts, 6Spades, 3Spades, 2Spades.
P1 HAND: JDiamonds, 4Diamonds, 3Diamonds, AClubs, 3Clubs, 7Hearts, 6Hearts, 4Hearts, KSpades, 5Spades.
P2 HAND: ADiamonds, 6Diamonds, KClubs, 5Clubs, QHearts, 3Hearts, 2Hearts, ASpades, QSpades, 4Spades.
P3 HAND: 7Diamonds, KDiamonds, 2Diamonds, QClubs, 6Clubs, 4Clubs, 2Clubs, 5Hearts, 7Spades, JSpades.
P3 2Diamonds P0 5Diamonds P1 3Diamonds P2 ADiamonds 
P2 2Hearts P3 5Hearts P0 AHearts P1 4Hearts 
P0 JClubs P1 AClubs P2 5Clubs P3 QClubs 
P1 3Clubs P2 KClubs P3 2Clubs P0 7Clubs 
P0 QDiamonds P1 4Diamonds P2 6Diamonds P3 7Diamonds 
P3 4Clubs P0 JHearts P1 6Hearts P2 3Hearts 
P3 6Clubs P0 2Spades P1 5Spades P2 QHearts 
P1 JDiamonds P2 4Spades P3 KDiamonds P0 KHearts 
P2 QSpades P3 JSpades P0 3Spades P1 KSpades 
P1 7Hearts P2 ASpades P3 7Spades P0 6Spades 
-- /GAME --
P0 HAND: 7Diamonds, 5Diamonds, 7Clubs, KClubs, JClubs, 4Clubs, 2Hearts, ASpades, JSpades, 5Spades.
P1 HAND: KDiamonds, 3Diamonds, AHearts, QHearts, 6Hearts, 7Spades, KSpades, 4Spades, 3Spades, 2Spades.
P2 HAND: ADiamonds, JDiamonds, QDiamonds, 6Diamonds, 4Diamonds, 2Diamonds, 6Clubs, 3Clubs, 5Hearts, QSpades.
P3 HAND: AClubs, QClubs, 5Clubs, 2Clubs, 7Hearts, KHearts, JHearts, 4Hearts, 3Hearts, 6Spades.
P3 AClubs P0 4Clubs P1 AHearts P2 3Clubs 
P3 2Clubs P0 KClubs P1 2Spades P2 6Clubs 
P0 ASpades P1 3Spades P2 QSpades P3 6Spades 
P0 JClubs P1 4Spades P2 5Hearts P3 5Clubs 
P0 2Hearts P1 6Hearts P2 2Diamonds P3 3Hearts 
P2 4Diamonds P3 4Hearts P0 5Diamonds P1 3Diamonds 
P0 JSpades P1 KSpades P2 6Diamonds P3 QClubs 
P2 QDiamonds P3 JHearts P0 7Diamonds P1 KDiamonds 
P0 7Clubs P1 QHearts P2 JDiamonds P3 KHearts 
P2 ADiamonds P3 7Hearts P0 5Spades P1 7Spades 
-- /GAME --
P0 HAND: 5Diamonds, 3Diamonds, 2Diamonds, KClubs, JHearts, 4Hearts, 2Hearts, 7Spades, JSpades, 2Spades.
P1 HAND: 6Diamonds, AClubs, 7Clubs, 6Clubs, 5Clubs, 7Hearts, KHearts, 5Hearts, ASpades, KSpades.
P2 HAND: 7Diamonds, QDiamonds, 4Diamonds, JClubs, QClubs, 3Clubs, 2Clubs, QHearts, QSpades, 5Spades.
P3 HAND: ADiamonds, KDiamonds, JDiamonds, 4Clubs, AHearts, 6Hearts, 3Hearts, 6Spades, 4Spades, 3Spades.
P2 2Clubs P3 4Clubs P0 KClubs P1 AClubs 
P1 ASpades P2 5Spades P3 6Spades P0 2Spades 
P1 5Clubs P2 3Clubs P3 3Spades P0 5Diamonds 
P1 6Diamonds P2 4Diamonds P3 ADiamonds P0 2Diamonds 
P3 4Spades P0 JSpades P1 KSpades P2 QSpades 
P1 6Clubs P2 QClubs P3 3Hearts P0 3Diamonds 
P3 JDiamonds P0 2Hearts P1 5Hearts P2 QDiamonds 
P1 KHearts P2 QHearts P3 6Hearts P0 4Hearts 
P1 7Hearts P2 JClubs P3 AHearts P0 JHearts 
P3 KDiamonds P0 7Spades P1 7Clubs P2 7Diamonds 
-- /GAME --
P0 HAND: ADiamonds, 7Diamonds, 4Diamonds, 7Clubs, 5Clubs, 3Clubs, 7Hearts, 5Hearts, 7Spades, KSpades.
P1 HAND: 6Diamonds, 5Diamonds, 6Clubs, 4Clubs, AHearts, QHearts, 3Hearts, QSpades, 5Spades, 2Spades.
P2 HAND: JDiamonds, QDiamonds, 3Diamonds, AClubs, KClubs, QClubs, 6Hearts, 4Hearts, 2Hearts, ASpades.
P3 HAND: KDiamonds, 2Diamonds, JClubs, 2Clubs, KHearts, JHearts, JSpades, 6Spades, 4Spades, 3Spades.
P1 2Spades P2 ASpades P3 3Spades P0 7Spades 
P2 AClubs P3 2Clubs P0 7Clubs P1 4Clubs 
P2 3Diamonds P3 2Diamonds P0 ADiamonds P1 5Diamonds 
P0 KSpades P1 5Spades P2 KClubs P3 4Spades 
P0 4Diamonds P1 6Diamonds P2 QDiamonds P3 KDiamonds 
P3 6Spades P0 3Clubs P1 QSpades P2 QClubs 
P1 6Clubs P2 2Hearts P3 JClubs P0 5Clubs 
P2 JDiamonds P3 JHearts P0 7Diamonds P1 3Hearts 
P3 JSpades P0 7Hearts P1 AHearts P2 4Hearts 
P1 QHearts P2 6Hearts P3 KHearts P0 5Hearts 
-- /GAME --
P0 HAND: ADiamonds, KDiamonds, 2Clubs, AHearts, 7Hearts, 6Hearts, 4Hearts, 3Hearts, 6Spades, 4Spades.
P1 HAND: JDiamonds, QDiamonds, 4Diamonds, 2Diamonds, 5Clubs, KHearts, 5Hearts, 2Hearts, 7Spades, 3Spades.
P2 HAND: 6Diamonds, AClubs, KClubs, JClubs, QClubs, 4Clubs, 3Clubs, JHearts, JSpades, 5Spades.
P3 HAND: 7Diamonds, 5Diamonds, 3Diamonds, 7Clubs, 6Clubs, QHearts, ASpades, KSpades, QSpades, 2Spades.
P0 AHearts P1 2Hearts P2 JHearts P3 QHearts 
P0 ADiamonds P1 2Diamonds P2 6Diamonds P3 3Diamonds 
P0 2Clubs P1 5Clubs P2 AClubs P3 6Clubs 
P2 3Clubs P3 7Clubs P0 6Spades P1 7Spades 
P1 4Diamonds P2 4Clubs P3 7Diamonds P0 KDiamonds 
P3 5Diamonds P0 4Spades P1 QDiamonds P2 KClubs 
P0 6Hearts P1 5Hearts P2 QClubs P3 2Spades 
P3 QSpades P0 3Hearts P1 3Spades P2 5Spades 
P3 KSpades P0 4Hearts P1 JDiamonds P2 JSpades 
P3 ASpades P0 7Hearts P1 KHearts P2 JClubs 
-- /GAME --
P0 HAND: AClubs, 7Clubs, 5Clubs, AHearts, QHearts, 6Hearts, 5Hearts, 4Hearts, 2Hearts, 7Spades.
P1 HAND: 7Diamonds, QDiamonds, 3Diamonds, 2Diamonds, JClubs, 6Clubs, 4Clubs, 2Clubs, 6Spades, 3Spades.
P2 HAND: 6Diamonds, 5Diamonds, 4Diamonds, KClubs, QClubs, 3Clubs, JHearts, 3Hearts, QSpades, 5Spades.
P3 HAND: ADiamonds, KDiamonds, JDiamonds, 7Hearts, KHearts, ASpades, KSpades, JSpades, 4Spades, 2Spades.
P3 ADiamonds P0 5Clubs P1 2Diamonds P2 6Diamonds 
P0 7Spades P1 3Spades P2 5Spades P3 ASpades 
P3 2Spades P0 6Hearts P1 6Spades P2 QSpades 
P2 3Hearts P3 KHearts P0 AHearts P1 2Clubs 
P1 3Diamonds P2 4Diamonds P3 JDiamonds P0 5Hearts 
P3 4Spades P0 2Hearts P1 QDiamonds P2 5Diamonds 
P3 JSpades P0 4Hearts P1 4Clubs P2 3Clubs 
P1 6Clubs P2 QClubs P3 KDiamonds P0 7Clubs 
P0 QHearts P1 JClubs P2 JHearts P3 7Hearts 
P1 7Diamonds P2 KClubs P3 KSpades P0 AClubs 
-- /GAME --
P0 HAND: JDiamonds, 5Diamonds, 4Diamonds, KClubs, 2Clubs, AHearts, 7Hearts, 5Hearts, 7Spades, 6Spades.
P1 HAND: ADiamonds, 7Diamonds, QDiamonds, 7Clubs, JClubs, 4Clubs, 6Hearts, 2Hearts, JSpades, 5Spades.
P2 HAND: 3Diamonds, QClubs, 6Clubs, KHearts, JHearts, QHearts, ASpades, KSpades, 4Spades, 3Spades.
P3 HAND: KDiamonds, 6Diamonds, 2Diamonds, AClubs, 5Clubs, 3Clubs, 4Hearts, 3Hearts, QSpades, 2Spades.
P2 3Diamonds P3 2Diamonds P0 5Diamonds P1 ADiamonds 
P1 2Hearts P2 QHearts P3 3Hearts P0 AHearts 
P0 2Clubs P1 4Clubs P2 6Clubs P3 AClubs 
P3 3Clubs P0 KClubs P1 7Clubs P2 QClubs 
P1 6Hearts P2 JHearts P3 4Hearts P0 7Hearts 
P0 JDiamonds P1 QDiamonds P2 3Spades P3 6Diamonds 
P2 4Spades P3 2Spades P0 6Spades P1 5Spades 
P0 4Diamonds P1 7Diamonds P2 KSpades P3 KDiamonds 
P2 ASpades P3 QSpades P0 7Spades P1 JSpades 
P2 KHearts P3 5Clubs P0 5Hearts P1 JClubs 
-- /GAME --
P0 HAND: KDiamonds, JDiamonds, 3Diamonds, AClubs, AHearts, 2Hearts, 7Spades, QSpades, 5Spades, 2Spades.
P1 HAND: ADiamonds, QDiamonds, 7Clubs, JClubs, QClubs, 6Clubs, 5Clubs, 3Clubs, 7Hearts, JSpades.
P2 HAND: 5Diamonds, 4Clubs, JHearts, 6Hearts, 5Hearts, 4Hearts, 3Hearts, ASpades, 4Spades, 3Spades.
P3 HAND: 7Diamonds, 6Diamonds, 4Diamonds, 2Diamonds, KClubs, 2Clubs, KHearts, QHearts, KSpades, 6Spades.
P2 ASpades P3 6Spades P0 2Spades P1 JSpades 
P2 3Hearts P3 QHearts P0 AHearts P1 7Hearts 
P0 AClubs P1 3Clubs P2 4Clubs P3 2Clubs 
P0 2Hearts P1 5Clubs P2 4Hearts P3 KHearts 
P3 2Diamonds P0 KDiamonds P1 QDiamonds P2 5Diamonds 
P0 3Diamonds P1 ADiamonds P2 3Spades P3 4Diamonds 
P1 6Clubs P2 4Spades P3 KClubs P0 JDiamonds 
P0 7Spades P1 QClubs P2 JHearts P3 KSpades 
P0 QSpades P1 JClubs P2 5Hearts P3 6Diamonds 
P3 7Diamonds P0 5Spades P1 7Clubs P2 6Hearts 
-- /GAME --
P0 HAND: 7Diamonds, QDiamonds, 7Clubs, QClubs, 2Clubs, 6Hearts, 4Hearts, 7Spades, KSpades, 3Spades.
P1 HAND: KDiamonds, 4Diamonds, 3Diamonds, 5Clubs, 4Clubs, AHearts, KHearts, JHearts, QHearts, 4Spades.
P2 HAND: ADiamonds, JDiamonds, 5Diamonds, 3Clubs, 3Hearts, 2Hearts, JSpades, 6Spades, 5Spades, 2Spades.
P3 HAND: 6Diamonds, 2Diamonds, AClubs, KClubs, JClubs, 6Clubs, 7Hearts, 5Hearts, ASpades, QSpades.
P1 AHearts P2 2Hearts P3 7Hearts P0 4Hearts 
P1 4Clubs P2 3Clubs P3 AClubs P0 2Clubs 
P3 ASpades P0 3Spades P1 4Spades P2 2Spades 
P3 5Hearts P0 6Hearts P1 QHearts P2 3Hearts 
P1 5Clubs P2 5Spades P3 6Clubs P0 7Clubs 
P0 QClubs P1 3Diamonds P2 6Spades P3 KClubs 
P1 JHearts P2 5Diamonds P3 QSpades P0 7Spades 
P2 JSpades P3 2Diamonds P0 KSpades P1 KHearts 
P3 JClubs P0 7Diamonds P1 4Diamonds P2 JDiamonds 
P0 QDiamonds P1 KDiamonds P2 ADiamonds P3 6Diamonds 
-- /GAME --
P0 HAND: 7Diamonds, 3Clubs, 2Clubs, 7Hearts, JHearts, 6Hearts, 4Hearts, 6Spades, 3Spades, 2Spades.
P1 HAND: KDiamonds, KClubs, 6Clubs, 5Clubs, KHearts, 5Hearts, ASpades, KSpades, QSpades, 4Spades.
P2 HAND: QDiamonds, 5Diamonds, AClubs, 4Clubs, AHearts, QHearts, 3Hearts, 2Hearts, 7Spades, JSpades.
P3 HAND: ADiamonds, JDiamonds, 6Diamonds, 4Diamonds, 3Diamonds, 2Diamonds, 7Clubs, JClubs, QClubs, 5Spades.
P0 2Spades P1 4Spades P2 JSpades P3 5Spades 
P2 AClubs P3 QClubs P0 3Clubs P1 5Clubs 
P2 AHearts P3 2Diamonds P0 7Hearts P1 5Hearts 
P2 2Hearts P3 3Diamonds P0 JHearts P1 KHearts 
P1 6Clubs P2 4Clubs P3 7Clubs P0 2Clubs 
P3 4Diamonds P0 7Diamonds P1 KDiamonds P2 QDiamonds 
P0 6Hearts P1 QSpades P2 3Hearts P3 ADiamonds 
P1 KSpades P2 7Spades P3 6Diamonds P0 3Spades 
P2 5Diamonds P3 JDiamonds P0 6Spades P1 ASpades 
P1 KClubs P2 QHearts P3 JClubs P0 4Hearts 
-- /GAME --
P0 HAND: 7Diamonds, 5Diamonds, 2Diamonds, AClubs, JClubs, QClubs, 6Clubs, 7Hearts, 5Spades, 3Spades.
P1 HAND: QDiamonds, 4Diamonds, 7Clubs, 4Clubs, 4Hearts, 2Hearts, ASpades, 6Spades, 4Spades, 2Spades.
P2 HAND: KDiamonds, 6Diamonds, 3Diamonds, 3Clubs, AHearts, KHearts, JHearts, QHearts, 5Hearts, QSpades.
P3 HAND: ADiamonds, JDiamonds, KClubs, 5Clubs, 2Clubs, 6Hearts, 3Hearts, 7Spades, KSpades, JSpades.
P3 2Clubs P0 AClubs P1 4Clubs P2 3Clubs 
P0 7Hearts P1 2Hearts P2 AHearts P3 3Hearts 
P2 5Hearts P3 6Hearts P0 2Diamonds P1 4Hearts 
P0 6Clubs P1 7Clubs P2 3Diamonds P3 5Clubs 
P2 QHearts P3 JDiamonds P0 7Diamonds P1 2Spades 
P0 QClubs P1 4Spades P2 QSpades P3 KClubs 
P3 JSpades P0 5Spades P1 ASpades P2 6Diamonds 
P2 JHearts P3 ADiamonds P0 3Spades P1 6Spades 
P3 KSpades P0 5Diamonds P1 4Diamonds P2 KHearts 
P0 JClubs P1 QDiamonds P2 KDiamonds P3 7Spades 
-- /GAME --
P0 HAND: KDiamonds, QDiamonds, 6Diamonds, 4Diamonds, 3Diamonds, 7Clubs, KClubs, KHearts, 6Hearts, KSpades.
P1 HAND: AClubs, 2Clubs, JHearts, 4Hearts, ASpades, QSpades, 6Spades, 5Spades, 4Spades, 2Spades.
P2 HAND: 7Diamonds, 2Diamonds, QClubs, 6Clubs, 5Clubs, 4Clubs, 5Hearts, 7Spades, JSpades, 3Spades.
P3 HAND: ADiamonds, JDiamonds, 5Diamonds, JClubs, 3Clubs, AHearts, 7Hearts, QHearts, 3Hearts, 2Hearts.
P0 6Hearts P1 4Hearts P2 5Hearts P3 AHearts 
P3 2Hearts P0 KHearts P1 JHearts P2 7Spades 
P0 KSpades P1 2Spades P2 3Spades P3 3Clubs 
P0 3Diamonds P1 2Clubs P2 2Diamonds P3 5Diamonds 
P3 3Hearts P0 QDiamonds P1 4Spades P2 JSpades 
P0 4Diamonds P1 5Spades P2 7Diamonds P3 ADiamonds 
P3 QHearts P0 6Diamonds P1 6Spades P2 QClubs 
P0 KDiamonds P1 QSpades P2 4Clubs P3 JDiamonds 
P0 KClubs P1 AClubs P2 5Clubs P3 JClubs 
P1 ASpades P2 6Clubs P3 7Hearts P0 7Clubs 
-- /GAME --
P0 HAND: QDiamonds, 7Hearts, KHearts, 4Hearts, 3Hearts, 7Spades, 6Spades, 4Spades, 3Spades, 2Spades.
P1 HAND: 6Diamonds, 2Diamonds, 7Clubs, QClubs, 4Clubs, JHearts, 5Hearts, 2Hearts, JSpades, 5Spades.
P2 HAND: 7Diamonds, 4Diamonds, KClubs, JClubs, 6Clubs, 5Clubs, 2Clubs, AHearts, QHearts, KSpades.
P3 HAND: ADiamonds, KDiamonds, JDiamonds, 5Diamonds, 3Diamonds, AClubs, 3Clubs, 6Hearts, ASpades, QSpades.
P3 3Diamonds P0 QDiamonds P1 2Diamonds P2 7Diamonds 
P2 2Clubs P3 AClubs P0 7Hearts P1 4Clubs 
P0 2Spades P1 5Spades P2 KSpades P3 ASpades 
P3 3Clubs P0 3Spades P1 7Clubs P2 5Clubs 
P1 6Diamonds P2 4Diamonds P3 5Diamonds P0 4Spades 
P1 QClubs P2 6Clubs P3 QSpades P0 3Hearts 
P0 6Spades P1 JSpades P2 QHearts P3 JDiamonds 
P2 JClubs P3 6Hearts P0 KHearts P1 2Hearts 
P0 4Hearts P1 5Hearts P2 AHearts P3 KDiamonds 
P2 KClubs P3 ADiamonds P0 7Spades P1 JHearts 
-- /GAME --
P0 HAND: QDiamonds, 5Diamonds, 4Diamonds, 2Diamonds, AClubs, 7Clubs, QClubs, AHearts, KSpades, QSpades.
P1 HAND: ADiamonds, 6Diamonds, JClubs, 5Clubs, 4Clubs, JHearts, 4Hearts, 3Hearts, 2Hearts, ASpades.
P2 HAND: KDiamonds, JDiamonds, 3Diamonds, 6Clubs, 3Clubs, 2Clubs, QHearts, 5Hearts, 6Spades, 2Spades.
P3 HAND: 7Diamonds, KClubs, 7Hearts, KHearts, 6Hearts, 7Spades, JSpades, 5Spades, 4Spades, 3Spades.
P2 2Clubs P3 KClubs P0 AClubs P1 4Clubs 
P0 2Diamonds P1 ADiamonds P2 3Diamonds P3 7Diamonds 
P1 ASpades P2 2Spades P3 7Spades P0 QSpades 
P1 5Clubs P2 3Clubs P3 3Spades P0 7Clubs 
P0 KSpades P1 6Diamonds P2 6Spades P3 4Spades 
P0 QClubs P1 JClubs P2 6Clubs P3 JSpades 
P1 2Hearts P2 5Hearts P3 6Hearts P0 AHearts 
P0 5Diamonds P1 3Hearts P2 JDiamonds P3 5Spades 
P1 4Hearts P2 QHearts P3 KHearts P0 4Diamonds 
P3 7Hearts P0 QDiamonds P1 JHearts P2 KDiamonds 
-- /GAME --
P0 HAND: 7Diamonds, 5Diamonds, AClubs, 6Clubs, 4Clubs, AHearts, 5Hearts, 2Hearts, 3Spades, 2Spades.
P1 HAND: JDiamonds, QDiamonds, 3Diamonds, 7Clubs, 3Clubs, 2Clubs, KHearts, QHearts, 6Hearts, 4Hearts.
P2 HAND: ADiamonds, 6Diamonds, 4Diamonds, KClubs, 5Clubs, JHearts, ASpades, QSpades, 6Spades, 4Spades.
P3 HAND: KDiamonds, 2Diamonds, JClubs, QClubs, 7Hearts, 3Hearts, 7Spades, KSpades, JSpades, 5Spades.
P1 3Diamonds P2 ADiamonds P3 2Diamonds P0 7Diamonds 
P2 ASpades P3 5Spades P0 3Spades P1 2Clubs 
P1 4Hearts P2 JHearts P3 3Hearts P0 AHearts 
P0 5Diamonds P1 QDiamonds P2 4Diamonds P3 KDiamonds 
P3 JSpades P0 2Spades P1 6Hearts P2 4Spades 
P3 QClubs P0 4Clubs P1 3Clubs P2 5Clubs 
P3 JClubs P0 6Clubs P1 7Clubs P2 KClubs 
P1 QHearts P2 6Diamonds P3 7Hearts P0 2Hearts 
P3 KSpades P0 AClubs P1 JDiamonds P2 QSpades 
P0 5Hearts P1 KHearts P2 6Spades P3 7Spades 
-- /GAME --
P0 HAND: 7Diamonds, KDiamonds, 6Diamonds, KClubs, 5Clubs, 2Clubs, ASpades, 7Spades, KSpades, 6Spades.
P1 HAND: QDiamonds, 6Clubs, 4Clubs, 7Hearts, 5Hearts, 4Hearts, 3Hearts, 2Hearts, QSpades, 4Spades.
P2 HAND: 5Diamonds, 3Diamonds, AClubs, 7Clubs, 3Clubs, AHearts, JHearts, JSpades, 3Spades, 2Spades.
P3 HAND: ADiamonds, JDiamonds, 4Diamonds, 2Diamonds, JClubs, QClubs, KHearts, QHearts, 6Hearts, 5Spades.
P0 ASpades P1 4Spades P2 JSpades P3 5Spades 
P0 KSpades P1 QSpades P2 2Spades P3 2Diamonds 
P3 6Hearts P0 6Spades P1 2Hearts P2 AHearts 
P2 AClubs P3 QClubs P0 KClubs P1 4Clubs 
P2 3Clubs P3 JClubs P0 2Clubs P1 6Clubs 
P3 QHearts P0 7Diamonds P1 3Hearts P2 JHearts 
P0 5Clubs P1 4Hearts P2 7Clubs P3 4Diamonds 
P3 JDiamonds P0 KDiamonds P1 QDiamonds P2 3Diamonds 
P0 6Diamonds P1 5Hearts P2 5Diamonds P3 ADiamonds 
P3 KHearts P0 7Spades P1 7Hearts P2 3Spades 
-- /GAME --
P0 HAND: ADiamonds, 7Diamonds, JDiamonds, 3Diamonds, AClubs, 5Clubs, 3Clubs, KHearts, 3Hearts, 2Spades.
P1 HAND: 5Diamonds, QClubs, 4Clubs, 7Hearts, JHearts, 5Hearts, ASpades, 5Spades, 4Spades, 3Spades.
P2 HAND: KDiamonds, QDiamonds, 6Diamonds, 2Diamonds, 7Clubs, KClubs, 2Clubs, QHearts, 4Hearts, JSpades.
P3 HAND: 4Diamonds, JClubs, 6Clubs, AHearts, 6Hearts, 2Hearts, 7Spades, KSpades, QSpades, 6Spades.
P3 AHearts P0 3Hearts P1 7Hearts P2 4Hearts 
P3 2Hearts P0 KHearts P1 5Hearts P2 QHearts 
P0 AClubs P1 4Clubs P2 7Clubs P3 6Clubs 
P0 5Clubs P1 QClubs P2 KClubs P3 JClubs 
P2 2Clubs P3 6Hearts P0 3Clubs P1 3Spades 
P0 3Diamonds P1 5Diamonds P2 2Diamonds P3 4Diamonds 
P1 ASpades P2 JSpades P3 7Spades P0 2Spades 
P1 4Spades P2 6Diamonds P3 6Spades P0 JDiamonds 
P0 7Diamonds P1 5Spades P2 QDiamonds P3 QSpades 
P0 ADiamonds P1 JHearts P2 KDiamonds P3 KSpades 
-- /GAME --
P0 HAND: ADiamonds, 3Diamonds, 2Diamonds, 5Clubs, 3Clubs, QHearts, 6Hearts, 5Hearts, 3Hearts, KSpades.
P1 HAND: KDiamonds, 5Diamonds, 7Clubs, 6Clubs, 4Clubs, JSpades, 5Spades, 4Spades, 3Spades, 2Spades.
P2 HAND: JDiamonds, QDiamonds, 6Diamonds, AClubs, JClubs, 2Clubs, 7Hearts, KHearts, 2Hearts, 6Spades.
P3 HAND: 7Diamonds, 4Diamonds, KClubs, QClubs, AHearts, JHearts, 4Hearts, ASpades, 7Spades, QSpades.
P2 2Hearts P3 AHearts P0 3Hearts P1 KDiamonds 
P3 ASpades P0 KSpades P1 JSpades P2 6Spades 
P3 4Diamonds P0 ADiamonds P1 5Diamonds P2 JDiamonds 
P0 3Diamonds P1 2Spades P2 6Diamonds P3 7Diamonds 
P3 4Hearts P0 QHearts P1 3Spades P2 7Hearts 
P2 QDiamonds P3 QSpades P0 2Diamonds P1 4Spades 
P2 2Clubs P3 QClubs P0 3Clubs P1 4Clubs 
P3 JHearts P0 6Hearts P1 5Spades P2 KHearts 
P2 JClubs P3 KClubs P0 5Clubs P1 6Clubs 
P3 7Spades P0 5Hearts P1 7Clubs P2 AClubs 
-- /GAME --
P0 HAND: AClubs, JClubs, 2Clubs, KHearts, JHearts, QHearts, 4Hearts, ASpades, 7Spades, 3Spades.
P1 HAND: ADiamonds, 7Diamonds, KDiamonds, 2Diamonds, KClubs, 7Hearts, 6Hearts, KSpades, JSpades, 5Spades.
P2 HAND: JDiamonds, QDiamonds, 4Diamonds, 7Clubs, 4Clubs, 5Hearts, 3Hearts, 2Hearts, 6Spades, 4Spades.
P3 HAND: 6Diamonds, 5Diamonds, 3Diamonds, QClubs, 6Clubs, 5Clubs, 3Clubs, AHearts, QSpades, 2Spades.
P2 2Hearts P3 AHearts P0 4Hearts P1 7Hearts 
P3 2Spades P0 ASpades P1 5Spades P2 6Spades 
P0 AClubs P1 KClubs P2 7Clubs P3 3Clubs 
P0 JClubs P1 6Hearts P2 4Clubs P3 5Clubs 
P0 2Clubs P1 2Diamonds P2 3Hearts P3 QClubs 
P1 JSpades P2 4Spades P3 QSpades P0 7Spades 
P0 3Spades P1 KSpades P2 5Hearts P3 6Clubs 
P1 KDiamonds P2 4Diamonds P3 3Diamonds P0 QHearts 
P1 7Diamonds P2 QDiamonds P3 5Diamonds P0 JHearts 
P1 ADiamonds P2 JDiamonds P3 6Diamonds P0 KHearts 
-- /GAME --
P0 HAND: 7Diamonds, KDiamonds, AClubs, 7Clubs, QClubs, 5Clubs, 4Clubs, 5Spades, 4Spades, 2Spades.
P1 HAND: QDiamonds, 3Diamonds, 2Diamonds, KClubs, JClubs, KHearts, 5Hearts, 2Hearts, ASpades, 6Spades.
P2 HAND: ADiamonds, JDiamonds, 5Diamonds, 6Clubs, AHearts, 7Hearts, QHearts, 6Hearts, 4Hearts, 7Spades.
P3 HAND: 6Diamonds, 4Diamonds, 3Clubs, 2Clubs, JHearts, 3Hearts, KSpades, JSpades, QSpades, 3Spades.
P1 2Diamonds P2 ADiamonds P3 4Diamonds P0 7Diamonds 
P2 4Hearts P3 3Hearts P0 KDiamonds P1 KHearts 
P1 2Hearts P2 6Hearts P3 JHearts P0 4Clubs 
P3 2Clubs P0 AClubs P1 JClubs P2 6Clubs 
P0 QClubs P1 KClubs P2 7Spades P3 3Clubs 
P2 5Diamonds P3 6Diamonds P0 2Spades P1 3Diamonds 
P0 7Clubs P1 6Spades P2 QHearts P3 3Spades 
P1 5Hearts P2 7Hearts P3 QSpades P0 5Clubs 
P3 JSpades P0 5Spades P1 ASpades P2 JDiamonds 
P1 QDiamonds P2 AHearts P3 KSpades P0 4Spades 
-- /GAME --
P0 HAND: KDiamonds, 6Diamonds, AClubs, 7Clubs, JHearts, 3Hearts, 2Hearts, ASpades, QSpades, 3Spades.
P1 HAND: 3Diamonds, KClubs, QClubs, 3Clubs, 2Clubs, 6Hearts, 5Hearts, 7Spades, 4Spades, 2Spades.
P2 HAND: ADiamonds, 7Diamonds, QDiamonds, 5Diamonds, 5Clubs, 4Clubs, AHearts, 7Hearts, KHearts, QHearts.
P3 HAND: JDiamonds, 4Diamonds, 2Diamonds, JClubs, 6Clubs, 4Hearts, KSpades, JSpades, 6Spades, 5Spades.
P0 AClubs P1 2Clubs P2 5Clubs P3 6Clubs 
P0 7Clubs P1 3Clubs P2 4Clubs P3 JClubs 
P0 3Hearts P1 5Hearts P2 AHearts P3 4Hearts 
P2 ADiamonds P3 2Diamonds P0 KDiamonds P1 3Diamonds 
P2 5Diamonds P3 4Diamonds P0 6Diamonds P1 6Hearts 
P0 2Hearts P1 QClubs P2 QHearts P3 5Spades 
P3 JDiamonds P0 JHearts P1 2Spades P2 QDiamonds 
P1 4Spades P2 KHearts P3 6Spades P0 QSpades 
P0 ASpades P1 7Spades P2 7Diamonds P3 JSpades 
P0 3Spades P1 KClubs P2 7Hearts P3 KSpades 
-- /GAME --
P0 HAND: 7Diamonds, KDiamonds, JDiamonds, 6Diamonds, QClubs, 7Hearts, JHearts, 3Hearts, 2Hearts, 6Spades.
P1 HAND: QDiamonds, 4Diamonds, 7Clubs, JClubs, 5Clubs, AHearts, QHearts, 4Hearts, 5Spades, 4Spades.
P2 HAND: ADiamonds, 5Diamonds, 2Diamonds, KClubs, 3Clubs, 5Hearts, ASpades, KSpades, JSpades, 2Spades.
P3 HAND: 3Diamonds, AClubs, 6Clubs, 4Clubs, 2Clubs, KHearts, 6Hearts, 7Spades, QSpades, 3Spades.
P3 AClubs P0 QClubs P1 7Clubs P2 3Clubs 
P3 2Clubs P0 6Spades P1 5Clubs P2 KClubs 
P0 6Diamonds P1 4Diamonds P2 ADiamonds P3 3Diamonds 
P2 2Diamonds P3 4Clubs P0 KDiamonds P1 QDiamonds 
P0 JDiamonds P1 4Hearts P2 5Diamonds P3 6Clubs 
P0 3Hearts P1 AHearts P2 5Hearts P3 KHearts 
P1 QHearts P2 2Spades P3 6Hearts P0 7Hearts 
P2 JSpades P3 3Spades P0 JHearts P1 4Spades 
P2 KSpades P3 QSpades P0 2Hearts P1 5Spades 
P2 ASpades P3 7Spades P0 7Diamonds P1 JClubs 
-- /GAME --
P0 HAND: 6Diamonds, AClubs, 7Clubs, QClubs, 6Hearts, 4Hearts, 3Hearts, 7Spades, JSpades, 4Spades.
P1 HAND: 3Diamonds, JClubs, 5Clubs, 3Clubs, 7Hearts, JHearts, QHearts, KSpades, 6Spades, 3Spades.
P2 HAND: 7Diamonds, KDiamonds, 5Diamonds, 4Diamonds, KClubs, 6Clubs, 4Clubs, 2Clubs, 5Hearts, 2Hearts.
P3 HAND: ADiamonds, JDiamonds, QDiamonds, 2Diamonds, AHearts, KHearts, ASpades, QSpades, 5Spades, 2Spades.
P2 2Clubs P3 2Diamonds P0 AClubs P1 3Clubs 
P0 4Spades P1 3Spades P2 4Diamonds P3 ASpades 
P3 2Spades P0 7Spades P1 6Spades P2 7Diamonds 
P0 JSpades P1 KSpades P2 2Hearts P3 5Spades 
P2 4Clubs P3 QDiamonds P0 7Clubs P1 5Clubs 
P0 QClubs P1 JClubs P2 6Clubs P3 ADiamonds 
P1 3Diamonds P2 5Diamonds P3 JDiamonds P0 6Diamonds 
P3 QSpades P0 6Hearts P1 QHearts P2 5Hearts 
P1 JHearts P2 KDiamonds P3 KHearts P0 3Hearts 
P3 AHearts P0 4Hearts P1 7Hearts P2 KClubs 
-- /GAME --
P0 HAND: KDiamonds, 5Diamonds, 4Diamonds, AClubs, 5Clubs, 4Clubs, QHearts, 5Hearts, 7Spades, 6Spades.
P1 HAND: JDiamonds, 6Diamonds, 7Clubs, KClubs, JClubs, QClubs, AHearts, 2Hearts, ASpades, JSpades.
P2 HAND: ADiamonds, 3Diamonds, 2Diamonds, 6Clubs, 3Clubs, 2Clubs, 6Hearts, 4Hearts, 3Hearts, 3Spades.
P3 HAND: 7Diamonds, QDiamonds, 7Hearts, KHearts, JHearts, KSpades, QSpades, 5Spades, 4Spades, 2Spades.
P1 ASpades P2 3Spades P3 KSpades P0 6Spades 
P1 6Diamonds P2 ADiamonds P3 QDiamonds P0 KDiamonds 
P2 2Diamonds P3 7Diamonds P0 5Diamonds P1 JDiamonds 
P3 2Spades P0 7Spades P1 JSpades P2 6Clubs 
P0 AClubs P1 QClubs P2 3Clubs P3 JHearts 
P3 4Spades P0 4Diamonds P1 2Hearts P2 2Clubs 
P1 JClubs P2 3Diamonds P3 5Spades P0 5Clubs 
P1 AHearts P2 3Hearts P3 KHearts P0 5Hearts 
P1 KClubs P2 4Hearts P3 QSpades P0 4Clubs 
P2 6Hearts P3 7Hearts P0 QHearts P1 7Clubs 
-- /GAME --
P0 HAND: 7Diamonds, JDiamonds, 3Diamonds, QClubs, 6Clubs, 7Hearts, 3Hearts, 2Hearts, JSpades, 6Spades.
P1 HAND: KDiamonds, 5Diamonds, 4Diamonds, 7Clubs, 5Clubs, 4Clubs, 3Clubs, 2Clubs, 4Hearts, 3Spades.
P2 HAND: ADiamonds, QDiamonds, 6Diamonds, JClubs, AHearts, JHearts, 6Hearts, QSpades, 4Spades, 2Spades.
P3 HAND: 2Diamonds, AClubs, KClubs, KHearts, QHearts, 5Hearts, ASpades, 7Spades, KSpades, 5Spades.
P3 AClubs P0 6Clubs P1 7Clubs P2 JClubs 
P3 ASpades P0 6Spades P1 3Spades P2 2Spades 
P3 2Diamonds P0 3Diamonds P1 4Diamonds P2 ADiamonds 
P2 4Spades P3 5Spades P0 JSpades P1 2Clubs 
P0 QClubs P1 3Clubs P2 6Diamonds P3 KClubs 
P3 5Hearts P0 3Hearts P1 4Hearts P2 6Hearts 
P2 QDiamonds P3 QHearts P0 JDiamonds P1 KDiamonds 
P3 KHearts P0 7Hearts P1 4Clubs P2 JHearts 
P0 2Hearts P1 5Diamonds P2 AHearts P3 KSpades 
P2 QSpades P3 7Spades P0 7Diamonds P1 5Clubs 
-- /GAME --
P0 HAND: JDiamonds, 6Diamonds, 4Diamonds, KClubs, 3Clubs, 2Clubs, AHearts, 7Hearts, KSpades, 2Spades.
P1 HAND: ADiamonds, KDiamonds, QDiamonds, 5Diamonds, 3Diamonds, AClubs, 5Clubs, 6Hearts, 4Hearts, 7Spades.
P2 HAND: 2Diamonds, 7Clubs, QClubs, 6Clubs, KHearts, JHearts, QHearts, 3Hearts, 5Spades, 3Spades.
P3 HAND: 7Diamonds, JClubs, 4Clubs, 5Hearts, 2Hearts, ASpades, JSpades, QSpades, 6Spades, 4Spades.
P2 2Diamonds P3 7Diamonds P0 4Diamonds P1 ADiamonds 
P1 AClubs P2 6Clubs P3 JClubs P0 3Clubs 
P1 3Diamonds P2 3Spades P3 4Clubs P0 JDiamonds 
P0 6Diamonds P1 5Diamonds P2 5Spades P3 4Spades 
P0 2Spades P1 7Spades P2 3Hearts P3 6Spades 
P2 QClubs P3 QSpades P0 2Clubs P1 5Clubs 
P2 QHearts P3 2Hearts P0 7Hearts P1 4Hearts 
P0 KSpades P1 QDiamonds P2 JHearts P3 JSpades 
P2 KHearts P3 5Hearts P0 AHearts P1 6Hearts 
P0 KClubs P1 KDiamonds P2 7Clubs P3 ASpades 
-- /GAME --
P0 HAND: KDiamonds, 3Diamonds, AClubs, 4Clubs, 3Clubs, 6Hearts, 3Hearts, JSpades, 6Spades, 5Spades.
P1 HAND: 7Diamonds, 6Diamonds, 2Diamonds, JClubs, 2Clubs, KHearts, JHearts, KSpades, 3Spades, 2Spades.
P2 HAND: JDiamonds, 7Clubs, KClubs, 5Clubs, AHearts, 7Hearts, 2Hearts, ASpades, 7Spades, 4Spades.
P3 HAND: ADiamonds, QDiamonds, 5Diamonds, 4Diamonds, QClubs, 6Clubs, QHearts, 5Hearts, 4Hearts, QSpades.
P1 2Diamonds P2 JDiamonds P3 ADiamonds P0 3Diamonds 
P3 4Diamonds P0 KDiamonds P1 7Diamonds P2 4Spades 
P2 AHearts P3 4Hearts P0 6Hearts P1 JHearts 
P2 2Hearts P3 5Hearts P0 3Hearts P1 KHearts 
P1 2Clubs P2 5Clubs P3 6Clubs P0 AClubs 
P0 3Clubs P1 JClubs P2 7Clubs P3 QClubs 
P2 7Spades P3 QSpades P0 JSpades P1 2Spades 
P2 ASpades P3 5Diamonds P0 5Spades P1 3Spades 
P2 KClubs P3 QDiamonds P0 4Clubs P1 KSpades 
P1 6Diamonds P2 7Hearts P3 QHearts P0 6Spades 
-- /GAME --
P0 HAND: 7Diamonds, KDiamonds, 6Diamonds, 5Diamonds, 3Diamonds, 2Diamonds, KClubs, 5Clubs, KHearts, QHearts.
P1 HAND: JDiamonds, QDiamonds, 4Diamonds, JClubs, 2Clubs, AHearts, 5Hearts, 6Spades, 4Spades, 3Spades.
P2 HAND: 7Clubs, QClubs, 4Clubs, 6Hearts, 4Hearts, 3Hearts, ASpades, 7Spades, QSpades, 5Spades.
P3 HAND: ADiamonds, AClubs, 6Clubs, 3Clubs, 7Hearts, JHearts, 2Hearts, KSpades, JSpades, 2Spades.
P0 5Clubs P1 2Clubs P2 4Clubs P3 AClubs 
P3 2Hearts P0 QHearts P1 AHearts P2 3Hearts 
P1 3Spades P2 ASpades P3 2Spades P0 KClubs 
P2 4Hearts P3 JHearts P0 KHearts P1 5Hearts 
P0 2Diamonds P1 4Diamonds P2 5Spades P3 ADiamonds 
P3 3Clubs P0 6Diamonds P1 JClubs P2 7Clubs 
P0 KDiamonds P1 QDiamonds P2 6Hearts P3 6Clubs 
P0 7Diamonds P1 JDiamonds P2 QClubs P3 JSpades 
P0 5Diamonds P1 4Spades P2 QSpades P3 KSpades 
P0 3Diamonds P1 6Spades P2 7Spades P3 7Hearts 
-- /GAME --
P0 HAND: QDiamonds, 4Diamonds, 3Diamonds, 2Clubs, 6Hearts, 4Hearts, JSpades, 6Spades, 4Spades, 3Spades.
P1 HAND: KDiamonds, KClubs, 6Clubs, AHearts, JHearts, QHearts, 2Hearts, ASpades, QSpades, 5Spades.
P2 HAND: 7Diamonds, 6Diamonds, 5Diamonds, AClubs, QClubs, 7Hearts, KHearts, 5Hearts, 3Hearts, KSpades.
P3 HAND: ADiamonds, JDiamonds, 2Diamonds, 7Clubs, JClubs, 5Clubs, 4Clubs, 3Clubs, 7Spades, 2Spades.
P1 AHearts P2 3Hearts P3 7Clubs P0 4Hearts 
P1 ASpades P2 KSpades P3 7Spades P0 3Spades 
P1 2Hearts P2 5Hearts P3 2Spades P0 6Hearts 
P0 2Clubs P1 6Clubs P2 AClubs P3 3Clubs 
P2 QClubs P3 4Clubs P0 QDiamonds P1 KClubs 
P0 3Diamonds P1 KDiamonds P2 5Diamonds P3 2Diamonds 
P1 5Spades P2 6Diamonds P3 5Clubs P0 JSpades 
P2 7Diamonds P3 ADiamonds P0 4Diamonds P1 JHearts 
P3 JClubs P0 6Spades P1 QHearts P2 KHearts 
P3 JDiamonds P0 4Spades P1 QSpades P2 7Hearts 
-- /GAME --
P0 HAND: ADiamonds, 3Diamonds, AClubs, JClubs, KHearts, 2Hearts, QSpades, 6Spades, 4Spades, 2Spades.
P1 HAND: 7Diamonds, QDiamonds, 6Clubs, 4Clubs, JHearts, QHearts, KSpades, JSpades, 5Spades, 3Spades.
P2 HAND: 6Diamonds, 4Diamonds, 2Diamonds, 5Clubs, 3Clubs, 2Clubs, AHearts, 3Hearts, ASpades, 7Spades.
P3 HAND: KDiamonds, JDiamonds, 5Diamonds, 7Clubs, KClubs, QClubs, 7Hearts, 6Hearts, 5Hearts, 4Hearts.
P0 AClubs P1 4Clubs P2 5Clubs P3 QClubs 
P0 2Hearts P1 QHearts P2 AHearts P3 4Hearts 
P2 ASpades P3 5Diamonds P0 2Spades P1 KSpades 
P3 5Hearts P0 KHearts P1 JHearts P2 3Hearts 
P0 JClubs P1 6Clubs P2 2Clubs P3 7Clubs 
P3 6Hearts P0 6Spades P1 3Spades P2 3Clubs 
P3 JDiamonds P0 3Diamonds P1 QDiamonds P2 2Diamonds 
P3 KDiamonds P0 ADiamonds P1 7Diamonds P2 4Diamonds 
P0 QSpades P1 5Spades P2 7Spades P3 KClubs 
P2 6Diamonds P3 7Hearts P0 4Spades P1 JSpades 
-- /GAME --
P0 HAND: ADiamonds, 6Diamonds, 7Clubs, KClubs, 6Clubs, AHearts, 5Hearts, 4Hearts, 2Hearts, 5Spades.
P1 HAND: 7Diamonds, QDiamonds, 3Clubs, KHearts, JHearts, QHearts, 3Hearts, ASpades, 7Spades, 6Spades.
P2 HAND: KDiamonds, 5Diamonds, 2Diamonds, 4Clubs, 7Hearts, 6Hearts, KSpades, JSpades, QSpades, 4Spades.
P3 HAND: JDiamonds, 4Diamonds, 3Diamonds, AClubs, JClubs, QClubs, 5Clubs, 2Clubs, 3Spades, 2Spades.
P3 2Clubs P0 6Clubs P1 3Clubs P2 4Clubs 
P0 ADiamonds P1 QDiamonds P2 KDiamonds P3 3Diamonds 
P0 5Spades P1 ASpades P2 4Spades P3 3Spades 
P1 6Spades P2 QSpades P3 2Spades P0 7Clubs 
P2 2Diamonds P3 4Diamonds P0 6Diamonds P1 7Diamonds 
P1 3Hearts P2 6Hearts P3 5Clubs P0 2Hearts 
P2 5Diamonds P3 JDiamonds P0 4Hearts P1 QHearts 
P1 JHearts P2 7Hearts P3 QClubs P0 5Hearts 
P2 JSpades P3 JClubs P0 KClubs P1 7Spades 
P1 KHearts P2 KSpades P3 AClubs P0 AHearts 
-- /GAME --
P0 HAND: 6Diamonds, 2Diamonds, 6Clubs, 4Clubs, AHearts, 3Hearts, 2Hearts, KSpades, 5Spades, 2Spades.
P1 HAND: QDiamonds, AClubs, KClubs, JClubs, QHearts, 4Hearts, ASpades, 7Spades, 6Spades, 4Spades.
P2 HAND: 7Diamonds, 5Diamonds, 3Diamonds, 7Clubs, QClubs, 5Clubs, 7Hearts, 6Hearts, QSpades, 3Spades.
P3 HAND: ADiamonds, KDiamonds, JDiamonds, 4Diamonds, 3Clubs, 2Clubs, KHearts, JHearts, 5Hearts, JSpades.
P2 3Diamonds P3 ADiamonds P0 2Diamonds P1 QDiamonds 
P3 4Diamonds P0 6Diamonds P1 4Hearts P2 7Diamonds 
P2 3Spades P3 JSpades P0 2Spades P1 ASpades 
P1 4Spades P2 QSpades P3 5Hearts P0 KSpades 
P0 AHearts P1 QHearts P2 7Hearts P3 JHearts 
P0 5Spades P1 6Spades P2 5Diamonds P3 KDiamonds 
P1 JClubs P2 5Clubs P3 2Clubs P0 4Clubs 
P1 KClubs P2 QClubs P3 3Clubs P0 6Clubs 
P1 AClubs P2 7Clubs P3 JDiamonds P0 2Hearts 
P1 7Spades P2 6Hearts P3 KHearts P0 3Hearts 
-- /GAME --
P0 HAND: 4Diamonds, 3Diamonds, 2Diamonds, 4Clubs, 3Clubs, QHearts, 6Hearts, 3Hearts, 2Hearts, ASpades.
P1 HAND: ADiamonds, 7Diamonds, KDiamonds, JDiamonds, QDiamonds, 2Clubs, AHearts, KHearts, 4Hearts, 2Spades.
P2 HAND: AClubs, 7Clubs, JClubs, 6Clubs, 7Hearts, JHearts, KSpades, QSpades, 6Spades, 3Spades.
P3 HAND: 6Diamonds, 5Diamonds, KClubs, QClubs, 5Clubs, 5Hearts, 7Spades, JSpades, 5Spades, 4Spades.
P1 2Clubs P2 AClubs P3 5Clubs P0 4Clubs 
P2 3Spades P3 4Spades P0 ASpades P1 2Spades 
P0 3Clubs P1 QDiamonds P2 7Clubs P3 QClubs 
P2 6Clubs P3 KClubs P0 2Hearts P1 4Hearts 
P1 JDiamonds P2 6Spades P3 5Diamonds P0 4Diamonds 
P1 KHearts P2 JHearts P3 5Hearts P0 3Hearts 
P1 AHearts P2 7Hearts P3 7Spades P0 6Hearts 
P1 KDiamonds P2 QSpades P3 6Diamonds P0 3Diamonds 
P1 7Diamonds P2 JClubs P3 5Spades P0 2Diamonds 
P1 ADiamonds P2 KSpades P3 JSpades P0 QHearts 
-- /GAME --
P0 HAND: 7Diamonds, KDiamonds, JDiamonds, QDiamonds, 3Diamonds, 7Clubs, 4Clubs, 3Hearts, KSpades, QSpades.
P1 HAND: 6Diamonds, 4Diamonds, JClubs, 3Clubs, 7Hearts, KHearts, JHearts, 4Hearts, 2Hearts, 3Spades.
P2 HAND: 2Diamonds, AClubs, KClubs, 5Clubs, QHearts, 6Hearts, 7Spades, 6Spades, 5Spades, 4Spades.
P3 HAND: ADiamonds, 5Diamonds, QClubs, 6Clubs, 2Clubs, AHearts, 5Hearts, ASpades, JSpades, 2Spades.
P2 AClubs P3 2Clubs P0 7Clubs P1 3Clubs 
P2 2Diamonds P3 ADiamonds P0 3Diamonds P1 6Diamonds 
P3 AHearts P0 3Hearts P1 7Hearts P2 6Hearts 
P3 5Diamonds P0 JDiamonds P1 4Diamonds P2 KClubs 
P0 KDiamonds P1 2Hearts P2 5Clubs P3 5Hearts 
P0 QDiamonds P1 4Hearts P2 QHearts P3 6Clubs 
P0 4Clubs P1 JClubs P2 4Spades P3 QClubs 
P2 5Spades P3 2Spades P0 QSpades P1 3Spades 
P0 7Diamonds P1 JHearts P2 6Spades P3 JSpades 
P3 ASpades P0 KSpades P1 KHearts P2 7Spades 
-- /GAME --
P0 HAND: 7Diamonds, JDiamonds, 6Diamonds, JClubs, JHearts, 5Hearts, 4Hearts, 3Hearts, 5Spades, 4Spades.
P1 HAND: 4Diamonds, AClubs, QClubs, 6Clubs, 5Clubs, 4Clubs, KHearts, QHearts, 7Spades, KSpades.
P2 HAND: KDiamonds, 5Diamonds, 3Diamonds, 2Diamonds, 3Clubs, 2Clubs, 7Hearts, ASpades, QSpades, 3Spades.
P3 HAND: ADiamonds, QDiamonds, 7Clubs, KClubs, AHearts, 6Hearts, 2Hearts, JSpades, 6Spades, 2Spades.
P1 4Diamonds P2 2Diamonds P3 ADiamonds P0 6Diamonds 
P3 AHearts P0 3Hearts P1 KHearts P2 7Hearts 
P3 2Hearts P0 JHearts P1 QHearts P2 ASpades 
P0 5Hearts P1 4Clubs P2 3Diamonds P3 6Hearts 
P1 7Spades P2 3Spades P3 JSpades P0 5Spades 
P1 5Clubs P2 2Clubs P3 KClubs P0 JClubs 
P3 2Spades P0 4Spades P1 KSpades P2 QSpades 
P1 6Clubs P2 3Clubs P3 7Clubs P0 4Hearts 
P3 6Spades P0 JDiamonds P1 QClubs P2 5Diamonds 
P1 AClubs P2 KDiamonds P3 QDiamonds P0 7Diamonds 
-- /GAME --
P0 HAND: ADiamonds, 7Diamonds, QDiamonds, 5Clubs, 7Hearts, QHearts, 4Hearts, 5Spades, 4Spades, 3Spades.
P1 HAND: KDiamonds, 6Diamonds, 2Diamonds, AClubs, 7Clubs, KClubs, 2Clubs, KHearts, JSpades, QSpades.
P2 HAND: JDiamonds, 5Diamonds, QClubs, 6Clubs, JHearts, 6Hearts, 5Hearts, KSpades, 6Spades, 2Spades.
P3 HAND: 4Diamonds, 3Diamonds, JClubs, 4Clubs, 3Clubs, AHearts, 3Hearts, 2Hearts, ASpades, 7Spades.
P0 5Clubs P1 AClubs P2 6Clubs P3 JClubs 
P1 2Diamonds P2 5Diamonds P3 3Diamonds P0 ADiamonds 
P0 3Spades P1 QSpades P2 2Spades P3 ASpades 
P3 3Clubs P0 4Spades P1 7Clubs P2 QClubs 
P1 2Clubs P2 6Spades P3 4Clubs P0 5Spades 
P3 4Diamonds P0 QDiamonds P1 6Diamonds P2 JDiamonds 
P2 5Hearts P3 2Hearts P0 QHearts P1 KHearts 
P1 JSpades P2 KSpades P3 7Spades P0 7Hearts 
P0 4Hearts P1 KDiamonds P2 6Hearts P3 3Hearts 
P2 JHearts P3 AHearts P0 7Diamonds P1 KClubs 
-- /GAME --
P0 HAND: 5Diamonds, AClubs, 7Clubs, KClubs, 7Hearts, KHearts, JHearts, 5Hearts, 2Hearts, ASpades.
P1 HAND: ADiamonds, QDiamonds, 4Diamonds, 5Clubs, 2Clubs, AHearts, 7Spades, KSpades, JSpades, 4Spades.
P2 HAND: 6Diamonds, 2Diamonds, JClubs, 6Clubs, 4Clubs, 6Hearts, 4Hearts, 3Hearts, 6Spades, 2Spades.
P3 HAND: 7Diamonds, KDiamonds, JDiamonds, 3Diamonds, QClubs, 3Clubs, QHearts, QSpades, 5Spades, 3Spades.
P0 AClubs P1 2Clubs P2 JClubs P3 3Clubs 
P0 5Diamonds P1 ADiamonds P2 2Diamonds P3 7Diamonds 
P1 AHearts P2 3Hearts P3 QHearts P0 2Hearts 
P1 4Diamonds P2 6Diamonds P3 3Diamonds P0 7Clubs 
P2 4Clubs P3 QClubs P0 KClubs P1 5Clubs 
P0 JHearts P1 QDiamonds P2 4Hearts P3 3Spades 
P3 JDiamonds P0 5Hearts P1 4Spades P2 6Clubs 
P1 JSpades P2 2Spades P3 5Spades P0 ASpades 
P0 KHearts P1 KSpades P2 6Hearts P3 KDiamonds 
P1 7Spades P2 6Spades P3 QSpades P0 7Hearts 
-- /GAME --
P0 HAND: JDiamonds, QDiamonds, 6Diamonds, 4Diamonds, 2Diamonds, AClubs, KClubs, 5Clubs, 4Hearts, 7Spades.
P1 HAND: JClubs, QClubs, 6Clubs, 3Clubs, KHearts, QHearts, 6Hearts, 3Hearts, 2Hearts, QSpades.
P2 HAND: ADiamonds, 2Clubs, AHearts, 7Hearts, 5Hearts, KSpades, JSpades, 6Spades, 5Spades, 4Spades.
P3 HAND: 7Diamonds, KDiamonds, 5Diamonds, 3Diamonds, 7Clubs, 4Clubs, JHearts, ASpades, 3Spades, 2Spades.
P3 ASpades P0 7Spades P1 QSpades P2 4Spades 
P3 2Spades P0 2Diamonds P1 3Clubs P2 KSpades 
P2 ADiamonds P3 3Diamonds P0 JDiamonds P1 2Hearts 
P1 6Clubs P2 2Clubs P3 4Clubs P0 AClubs 
P0 QDiamonds P1 QClubs P2 5Spades P3 7Diamonds 
P3 3Spades P0 4Hearts P1 3Hearts P2 JSpades 
P0 KClubs P1 JClubs P2 5Hearts P3 7Clubs 
P2 6Spades P3 5Diamonds P0 5Clubs P1 6Hearts 
P1 QHearts P2 7Hearts P3 JHearts P0 6Diamonds 
P2 AHearts P3 KDiamonds P0 4Diamonds P1 KHearts 
-- /GAME --
P0 HAND: ADiamonds, JDiamonds, QDiamonds, 5Diamonds, 3Clubs, JHearts, 6Hearts, 3Hearts, KSpades, 6Spades.
P1 HAND: KDiamonds, KClubs, JClubs, QClubs, 5Clubs, KHearts, QHearts, 4Spades, 3Spades, 2Spades.
P2 HAND: 7Diamonds, 3Diamonds, 2Diamonds, AClubs, 6Clubs, 4Clubs, 7Hearts, 4Hearts, QSpades, 5Spades.
P3 HAND: 6Diamonds, 4Diamonds, 7Clubs, 2Clubs, AHearts, 5Hearts, 2Hearts, ASpades, 7Spades, JSpades.
P2 2Diamonds P3 4Diamonds P0 ADiamonds P1 KDiamonds 
P0 6Spades P1 2Spades P2 5Spades P3 ASpades 
P3 AHearts P0 3Hearts P1 KHearts P2 4Hearts 
P3 2Hearts P0 JHearts P1 QHearts P2 7Hearts 
P2 3Diamonds P3 6Diamonds P0 JDiamonds P1 3Spades 
P0 QDiamonds P1 4Spades P2 7Diamonds P3 2Clubs 
P3 5Hearts P0 6Hearts P1 5Clubs P2 QSpades 
P1 QClubs P2 4Clubs P3 7Clubs P0 3Clubs 
P3 JSpades P0 KSpades P1 JClubs P2 AClubs 
P2 6Clubs P3 7Spades P0 5Diamonds P1 KClubs 
-- /GAME --
P0 HAND: ADiamonds, 2Diamonds, AClubs, KClubs, 6Clubs, 4Clubs, KHearts, 4Hearts, 3Hearts, JSpades.
P1 HAND: JDiamonds, QDiamonds, 6Diamonds, 5Diamonds, QClubs, 2Hearts, ASpades, 7Spades, 5Spades, 2Spades.
P2 HAND: KDiamonds, 5Clubs, 3Clubs, AHearts, QHearts, 6Hearts, 5Hearts, KSpades, 6Spades, 3Spades.
P3 HAND: 7Diamonds, 4Diamonds, 3Diamonds, 7Clubs, JClubs, 2Clubs, 7Hearts, JHearts, QSpades, 4Spades.
P1 ASpades P2 3Spades P3 QSpades P0 JSpades 
P1 2Hearts P2 AHearts P3 JHearts P0 KHearts 
P2 5Hearts P3 7Hearts P0 3Hearts P1 7Spades 
P3 3Diamonds P0 ADiamonds P1 5Diamonds P2 KDiamonds 
P0 4Hearts P1 2Spades P2 6Hearts P3 4Diamonds 
P2 6Spades P3 4Spades P0 4Clubs P1 5Spades 
P0 AClubs P1 QClubs P2 3Clubs P3 2Clubs 
P0 6Clubs P1 6Diamonds P2 5Clubs P3 JClubs 
P3 7Clubs P0 KClubs P1 QDiamonds P2 QHearts 
P3 7Diamonds P0 2Diamonds P1 JDiamonds P2 KSpades 
-- /GAME --
P0 HAND: 7Diamonds, 3Diamonds, KClubs, 3Clubs, KHearts, 3Hearts, 2Hearts, KSpades, 5Spades, 4Spades.
P1 HAND: AClubs, 7Clubs, 5Clubs, 2Clubs, AHearts, 7Hearts, JHearts, QHearts, 5Hearts, JSpades.
P2 HAND: QDiamonds, 6Diamonds, JClubs, 4Clubs, 6Hearts, ASpades, 7Spades, 6Spades, 3Spades, 2Spades.
P3 HAND: ADiamonds, KDiamonds, JDiamonds, 5Diamonds, 4Diamonds, 2Diamonds, QClubs, 6Clubs, 4Hearts, QSpades.
P0 2Hearts P1 AHearts P2 6Hearts P3 4Hearts 
P1 AClubs P2 4Clubs P3 QClubs P0 3Clubs 
P1 2Clubs P2 JClubs P3 6Clubs P0 KClubs 
P0 3Hearts P1 5Hearts P2 6Diamonds P3 ADiamonds 
P1 5Clubs P2 QDiamonds P3 2Diamonds P0 3Diamonds 
P1 QHearts P2 2Spades P3 4Diamonds P0 KHearts 
P2 3Spades P3 QSpades P0 KSpades P1 JSpades 
P0 5Spades P1 JHearts P2 6Spades P3 5Diamonds 
P2 7Spades P3 JDiamonds P0 4Spades P1 7Clubs 
P2 ASpades P3 KDiamonds P0 7Diamonds P1 7Hearts 
-- /GAME --
P0 HAND: KDiamonds, 5Diamonds, AClubs, KClubs, JClubs, 6Clubs, QHearts, 6Hearts, JSpades, 5Spades.
P1 HAND: 7Diamonds, 6Diamonds, 2Diamonds, 5Clubs, 4Clubs, 7Hearts, KHearts, 4Hearts, ASpades, 2Spades.
P2 HAND: 4Diamonds, 3Clubs, 2Clubs, AHearts, JHearts, 5Hearts, 3Hearts, 2Hearts, 7Spades, 3Spades.
P3 HAND: ADiamonds, JDiamonds, QDiamonds, 3Diamonds, 7Clubs, QClubs, KSpades, QSpades, 6Spades, 4Spades.
P3 ADiamonds P0 5Diamonds P1 7Diamonds P2 4Diamonds 
P3 3Diamonds P0 KDiamonds P1 2Diamonds P2 7Spades 
P0 AClubs P1 4Clubs P2 3Clubs P3 QClubs 
P0 6Clubs P1 5Clubs P2 2Clubs P3 7Clubs 
P3 4Spades P0 5Spades P1 ASpades P2 3Spades 
P1 2Spades P2 2Hearts P3 6Spades P0 JSpades 
P2 3Hearts P3 QDiamonds P0 QHearts P1 4Hearts 
P0 6Hearts P1 KHearts P2 5Hearts P3 KSpades 
P1 6Diamonds P2 JHearts P3 JDiamonds P0 KClubs 
P2 AHearts P3 QSpades P0 JClubs P1 7Hearts 
-- /GAME --
P0 HAND: ADiamonds, QDiamonds, 6Diamonds, 2Diamonds, 7Clubs, JHearts, ASpades, JSpades, 3Spades, 2Spades.
P1 HAND: 7Diamonds, AClubs, 4Clubs, 2Clubs, AHearts, KHearts, QHearts, 4Hearts, 3Hearts, 4Spades.
P2 HAND: KDiamonds, 4Diamonds, 3Diamonds, KClubs, QClubs, 7Hearts, 5Hearts, KSpades, QSpades, 5Spades.
P3 HAND: JDiamonds, 5Diamonds, JClubs, 6Clubs, 5Clubs, 3Clubs, 6Hearts, 2Hearts, 7Spades, 6Spades.
P2 3Diamonds P3 5Diamonds P0 ADiamonds P1 7Diamonds 
P0 ASpades P1 4Spades P2 KSpades P3 6Spades 
P0 JHearts P1 AHearts P2 5Hearts P3 6Hearts 
P1 3Hearts P2 7Hearts P3 2Hearts P0 JSpades 
P2 4Diamonds P3 JDiamonds P0 2Diamonds P1 KHearts 
P3 3Clubs P0 7Clubs P1 AClubs P2 QClubs 
P1 4Hearts P2 5Spades P3 5Clubs P0 3Spades 
P3 6Clubs P0 6Diamonds P1 2Clubs P2 KClubs 
P2 QSpades P3 7Spades P0 2Spades P1 QHearts 
P3 JClubs P0 QDiamonds P1 4Clubs P2 KDiamonds 
-- /GAME --
P0 HAND: KDiamonds, 7Clubs, KClubs, JClubs, AHearts, KHearts, KSpades, JSpades, 3Spades, 2Spades.
P1 HAND: QDiamonds, 6Diamonds, 5Diamonds, 4Diamonds, AClubs, 6Clubs, 4Hearts, ASpades, 7Spades, 5Spades.
P2 HAND: 2Diamonds, 5Clubs, 4Clubs, 3Clubs, QHearts, 6Hearts, 5Hearts, 3Hearts, 2Hearts, QSpades.
P3 HAND: ADiamonds, 7Diamonds, JDiamonds, 3Diamonds, QClubs, 2Clubs, 7Hearts, JHearts, 6Spades, 4Spades.
P1 AClubs P2 3Clubs P3 QClubs P0 JClubs 
P1 4Diamonds P2 2Diamonds P3 ADiamonds P0 KDiamonds 
P3 2Clubs P0 KClubs P1 6Clubs P2 5Clubs 
P0 AHearts P1 4Hearts P2 QHearts P3 JHearts 
P0 2Spades P1 5Spades P2 QSpades P3 4Spades 
P2 2Hearts P3 7Hearts P0 KHearts P1 QDiamonds 
P3 3Diamonds P0 3Spades P1 5Diamonds P2 6Hearts 
P0 JSpades P1 7Spades P2 3Hearts P3 6Spades 
P1 6Diamonds P2 4Clubs P3 JDiamonds P0 KSpades 
P0 7Clubs P1 ASpades P2 5Hearts P3 7Diamonds 
-- /GAME --
P0 HAND: 7Diamonds, QDiamonds, 7Clubs, AHearts, 7Hearts, KHearts, 5Hearts, 4Hearts, 2Hearts, 3Spades.
P1 HAND: 6Diamonds, 5Diamonds, 2Diamonds, QClubs, 2Clubs, 6Hearts, 7Spades, JSpades, QSpades, 6Spades.
P2 HAND: ADiamonds, KDiamonds, 4Diamonds, 3Diamonds, AClubs, KClubs, 4Clubs, JHearts, 3Hearts, 5Spades.
P3 HAND: JDiamonds, JClubs, 6Clubs, 5Clubs, 3Clubs, QHearts, ASpades, KSpades, 4Spades, 2Spades.
P0 AHearts P1 6Hearts P2 JHearts P3 QHearts 
P0 KHearts P1 2Diamonds P2 3Hearts P3 3Clubs 
P0 QDiamonds P1 5Diamonds P2 ADiamonds P3 JDiamonds 
P2 AClubs P3 5Clubs P0 7Clubs P1 2Clubs 
P2 3Diamonds P3 6Clubs P0 7Diamonds P1 6Diamonds 
P0 5Hearts P1 QClubs P2 4Diamonds P3 2Spades 
P3 JClubs P0 3Spades P1 6Spades P2 4Clubs 
P1 QSpades P2 5Spades P3 4Spades P0 2Hearts 
P1 JSpades P2 KDiamonds P3 KSpades P0 4Hearts 
P3 ASpades P0 7Hearts P1 7Spades P2 KClubs 
-- /GAME --
P0 HAND: KDiamonds, AClubs, 6Clubs, 4Clubs, AHearts, 7Hearts, JHearts, ASpades, QSpades, 4Spades.
P1 HAND: ADiamonds, 5Diamonds, 3Diamonds, 7Clubs, 3Clubs, 6Hearts, 2Hearts, 7Spades, KSpades, 5Spades.
P2 HAND: 7Diamonds, JDiamonds, 4Diamonds, QClubs, 5Clubs, 2Clubs, KHearts, 5Hearts, 4Hearts, 2Spades.
P3 HAND: QDiamonds, 6Diamonds, 2Diamonds, KClubs, JClubs, QHearts, 3Hearts, JSpades, 6Spades, 3Spades.
P3 2Diamonds P0 KDiamonds P1 ADiamonds P2 4Diamonds 
P1 2Hearts P2 4Hearts P3 3Hearts P0 AHearts 
P0 ASpades P1 5Spades P2 2Spades P3 3Spades 
P0 JHearts P1 6Hearts P2 5Hearts P3 QHearts 
P0 4Spades P1 KSpades P2 2Clubs P3 6Spades 
P2 JDiamonds P3 6Diamonds P0 4Clubs P1 3Diamonds 
P0 QSpades P1 7Spades P2 5Clubs P3 JSpades 
P2 QClubs P3 JClubs P0 AClubs P1 3Clubs 
P0 7Hearts P1 7Clubs P2 KHearts P3 QDiamonds 
P1 5Diamonds P2 7Diamonds P3 KClubs P0 6Clubs 
-- /GAME --
P0 HAND: ADiamonds, KDiamonds, KClubs, 6Clubs, AHearts, 6Hearts, 2Hearts, KSpades, JSpades, 2Spades.
P1 HAND: 2Diamonds, 7Clubs, JClubs, QClubs, 3Clubs, 2Clubs, 7Hearts, JHearts, 7Spades, QSpades.
P2 HAND: JDiamonds, 4Diamonds, AClubs, 4Clubs, KHearts, QHearts, 4Hearts, 3Hearts, ASpades, 6Spades.
P3 HAND: 7Diamonds, QDiamonds, 6Diamonds, 5Diamonds, 3Diamonds, 5Clubs, 5Hearts, 5Spades, 4Spades, 3Spades.
P2 AClubs P3 5Clubs P0 KClubs P1 2Clubs 
P2 3Hearts P3 5Hearts P0 AHearts P1 JHearts 
P0 ADiamonds P1 2Diamonds P2 JDiamonds P3 3Diamonds 
P0 6Clubs P1 3Clubs P2 4Clubs P3 5Diamonds 
P0 2Hearts P1 7Hearts P2 4Hearts P3 7Diamonds 
P1 QClubs P2 4Diamonds P3 6Diamonds P0 6Hearts 
P1 JClubs P2 QHearts P3 3Spades P0 KSpades 
P0 2Spades P1 QSpades P2 6Spades P3 4Spades 
P1 7Spades P2 ASpades P3 5Spades P0 JSpades 
P2 KHearts P3 QDiamonds P0 KDiamonds P1 7Clubs 
-- /GAME --
P0 HAND: KDiamonds, 3Diamonds, KClubs, JClubs, 4Clubs, 3Clubs, KHearts, 3Hearts, JSpades, QSpades.
P1 HAND: ADiamonds, QDiamonds, 6Diamonds, 7Clubs, 6Clubs, AHearts, JHearts, 6Spades, 5Spades, 4Spades.
P2 HAND: 7Diamonds, 5Diamonds, 4Diamonds, QClubs, 5Clubs, 2Clubs, 7Hearts, QHearts, 4Hearts, ASpades.
P3 HAND: JDiamonds, 2Diamonds, AClubs, 6Hearts, 5Hearts, 2Hearts, 7Spades, KSpades, 3Spades, 2Spades.
P0 3Clubs P1 6Clubs P2 2Clubs P3 AClubs 
P3 2Hearts P0 3Hearts P1 AHearts P2 4Hearts 
P1 4Spades P2 ASpades P3 2Spades P0 JSpades 
P2 5Clubs P3 3Spades P0 JClubs P1 7Clubs 
P1 5Spades P2 QClubs P3 7Spades P0 QSpades 
P3 5Hearts P0 KHearts P1 JHearts P2 7Hearts 
P2 QHearts P3 6Hearts P0 3Diamonds P1 6Spades 
P0 KClubs P1 6Diamonds P2 4Diamonds P3 KSpades 
P1 QDiamonds P2 5Diamonds P3 2Diamonds P0 KDiamonds 
P0 4Clubs P1 ADiamonds P2 7Diamonds P3 JDiamonds 
-- /GAME --
P0 HAND: QDiamonds, 4Diamonds, AClubs, 7Clubs, 4Hearts, 2Hearts, ASpades, 6Spades, 3Spades, 2Spades.
P1 HAND: ADiamonds, 5Diamonds, 2Diamonds, KClubs, QClubs, 3Clubs, KHearts, QHearts, 5Hearts, 7Spades.
P2 HAND: JDiamonds, 3Diamonds, 6Clubs, 4Clubs, 2Clubs, 7Hearts, JHearts, 6Hearts, 3Hearts, KSpades.
P3 HAND: 7Diamonds, KDiamonds, 6Diamonds, JClubs, 5Clubs, AHearts, JSpades, QSpades, 5Spades, 4Spades.
P3 AHearts P0 2Hearts P1 KHearts P2 3Hearts 
P3 4Spades P0 ASpades P1 7Spades P2 KSpades 
P0 4Hearts P1 5Hearts P2 6Hearts P3 5Spades 
P2 3Diamonds P3 6Diamonds P0 QDiamonds P1 ADiamonds 
P1 2Diamonds P2 JDiamonds P3 7Diamonds P0 4Diamonds 
P3 QSpades P0 6Spades P1 5Diamonds P2 2Clubs 
P2 JHearts P3 5Clubs P0 3Spades P1 QHearts 
P3 JSpades P0 2Spades P1 3Clubs P2 4Clubs 
P2 6Clubs P3 JClubs P0 7Clubs P1 QClubs 
P0 AClubs P1 KClubs P2 7Hearts P3 KDiamonds 
-- /GAME --
P0 HAND: JDiamonds, 3Diamonds, 7Clubs, JHearts, 4Hearts, 2Hearts, KSpades, JSpades, 5Spades, 3Spades.
P1 HAND: 4Diamonds, JClubs, QClubs, 5Clubs, 3Clubs, 2Clubs, 5Hearts, 3Hearts, 6Spades, 2Spades.
P2 HAND: ADiamonds, 7Diamonds, KDiamonds, QDiamonds, 6Diamonds, 5Diamonds, KClubs, AHearts, 7Hearts, QSpades.
P3 HAND: 2Diamonds, AClubs, 6Clubs, 4Clubs, KHearts, QHearts, 6Hearts, ASpades, 7Spades, 4Spades.
P2 5Diamonds P3 2Diamonds P0 3Diamonds P1 4Diamonds 
P2 6Diamonds P3 4Spades P0 JDiamonds P1 2Spades 
P0 3Spades P1 6Spades P2 QSpades P3 ASpades 
P3 6Hearts P0 2Hearts P1 3Hearts P2 AHearts 
P2 QDiamonds P3 QHearts P0 7Clubs P1 5Hearts 
P0 KSpades P1 2Clubs P2 KClubs P3 7Spades 
P2 KDiamonds P3 4Clubs P0 5Spades P1 3Clubs 
P3 6Clubs P0 4Hearts P1 5Clubs P2 7Diamonds 
P3 AClubs P0 JSpades P1 QClubs P2 7Hearts 
P3 KHearts P0 JHearts P1 JClubs P2 ADiamonds 
-- /GAME --
P0 HAND: 4Diamonds, AClubs, 7Clubs, 3Clubs, 2Clubs, AHearts, JHearts, JSpades, 3Spades, 2Spades.
P1 HAND: 7Diamonds, JDiamonds, QDiamonds, 6Diamonds, 5Diamonds, 3Diamonds, KClubs, 5Clubs, 5Hearts, 7Spades.
P2 HAND: ADiamonds, 2Diamonds, 6Clubs, 7Hearts, 6Hearts, 3Hearts, 2Hearts, QSpades, 6Spades, 5Spades.
P3 HAND: KDiamonds, JClubs, QClubs, 4Clubs, KHearts, QHearts, 4Hearts, ASpades, KSpades, 4Spades.
P1 3Diamonds P2 ADiamonds P3 KDiamonds P0 4Diamonds 
P2 2Diamonds P3 4Clubs P0 2Spades P1 5Diamonds 
P0 AClubs P1 5Clubs P2 6Clubs P3 QClubs 
P0 AHearts P1 5Hearts P2 7Hearts P3 4Hearts 
P0 JHearts P1 6Diamonds P2 2Hearts P3 KHearts 
P3 QHearts P0 2Clubs P1 7Diamonds P2 3Hearts 
P3 JClubs P0 3Clubs P1 KClubs P2 5Spades 
P2 6Hearts P3 4Spades P0 JSpades P1 QDiamonds 
P0 7Clubs P1 7Spades P2 6Spades P3 KSpades 
P1 JDiamonds P2 QSpades P3 ASpades P0 3Spades 
-- /GAME --
P0 HAND: 7Diamonds, QDiamonds, JClubs, 6Clubs, 5Clubs, 2Clubs, JHearts, ASpades, JSpades, 6Spades.
P1 HAND: JDiamonds, 6Diamonds, 4Diamonds, 2Diamonds, KClubs, AHearts, 5Hearts, 4Hearts, QSpades, 5Spades.
P2 HAND: KDiamonds, 5Diamonds, 3Diamonds, AClubs, 7Clubs, 7Hearts, KHearts, QHearts, 6Hearts, 3Hearts.
P3 HAND: ADiamonds, QClubs, 4Clubs, 3Clubs, 2Hearts, 7Spades, KSpades, 4Spades, 3Spades, 2Spades.
P0 ASpades P1 5Spades P2 7Hearts P3 2Spades 
P0 JSpades P1 QSpades P2 7Clubs P3 3Spades 
P2 3Diamonds P3 ADiamonds P0 QDiamonds P1 JDiamonds 
P3 2Hearts P0 JHearts P1 AHearts P2 3Hearts 
P1 2Diamonds P2 5Diamonds P3 4Spades P0 7Diamonds 
P0 6Spades P1 4Diamonds P2 6Hearts P3 7Spades 
P3 3Clubs P0 JClubs P1 KClubs P2 AClubs 
P2 QHearts P3 4Clubs P0 6Clubs P1 4Hearts 
P0 2Clubs P1 5Hearts P2 KDiamonds P3 QClubs 
P3 KSpades P0 5Clubs P1 6Diamonds P2 KHearts 
-- /GAME --
P0 HAND: KDiamonds, JDiamonds, QDiamonds, KClubs, 4Clubs, 3Clubs, 7Hearts, KHearts, 6Hearts, 3Hearts.
P1 HAND: 5Diamonds, 2Diamonds, AClubs, QClubs, JHearts, QHearts, 2Hearts, 7Spades, 6Spades, 5Spades.
P2 HAND: ADiamonds, 7Diamonds, 7Clubs, JClubs, 2Clubs, AHearts, 5Hearts, KSpades, JSpades, 2Spades.
P3 HAND: 6Diamonds, 4Diamonds, 3Diamonds, 6Clubs, 5Clubs, 4Hearts, ASpades, QSpades, 4Spades, 3Spades.
P3 ASpades P0 3Hearts P1 5Spades P2 KSpades 
P0 QDiamonds P1 2Diamonds P2 ADiamonds P3 3Diamonds 
P2 2Clubs P3 5Clubs P0 3Clubs P1 AClubs 
P1 5Diamonds P2 7Diamonds P3 4Diamonds P0 KDiamonds 
P2 2Spades P3 3Spades P0 7Hearts P1 6Spades 
P0 JDiamonds P1 QClubs P2 5Hearts P3 6Diamonds 
P2 JClubs P3 6Clubs P0 KClubs P1 2Hearts 
P1 QHearts P2 AHearts P3 4Hearts P0 KHearts 
P2 JSpades P3 4Spades P0 6Hearts P1 7Spades 
P0 4Clubs P1 JHearts P2 7Clubs P3 QSpades 
-- /GAME --
P0 HAND: 4Diamonds, AClubs, KClubs, KHearts, QHearts, 4Hearts, 7Spades, QSpades, 6Spades, 5Spades.
P1 HAND: JDiamonds, 5Diamonds, 3Diamonds, 2Diamonds, QClubs, AHearts, 2Hearts, JSpades, 3Spades, 2Spades.
P2 HAND: ADiamonds, KDiamonds, 7Clubs, JClubs, 6Clubs, 4Clubs, 3Clubs, 5Hearts, KSpades, 4Spades.
P3 HAND: 7Diamonds, QDiamonds, 6Diamonds, 5Clubs, 2Clubs, 7Hearts, JHearts, 6Hearts, 3Hearts, ASpades.
P2 ADiamonds P3 6Diamonds P0 4Diamonds P1 2Diamonds 
P2 3Clubs P3 2Clubs P0 AClubs P1 QClubs 
P0 4Hearts P1 AHearts P2 5Hearts P3 7Hearts 
P1 2Hearts P2 4Clubs P3 3Hearts P0 KHearts 
P0 QHearts P1 3Diamonds P2 6Clubs P3 JHearts 
P3 5Clubs P0 KClubs P1 5Diamonds P2 7Clubs 
P2 JClubs P3 6Hearts P0 QSpades P1 JSpades 
P1 JDiamonds P2 KDiamonds P3 QDiamonds P0 7Spades 
P0 6Spades P1 2Spades P2 4Spades P3 ASpades 
P3 7Diamonds P0 5Spades P1 3Spades P2 KSpades 
-- /GAME --
P0 HAND: ADiamonds, JDiamonds, AClubs, QClubs, 6Clubs, KHearts, 4Hearts, 2Hearts, QSpades, 2Spades.
P1 HAND: 7Diamonds, 6Diamonds, 5Diamonds, JClubs, 5Clubs, 3Clubs, 2Clubs, JHearts, ASpades, 4Spades.
P2 HAND: KDiamonds, QDiamonds, 4Diamonds, 2Diamonds, 4Clubs, AHearts, QHearts, 6Hearts, KSpades, 6Spades.
P3 HAND: 3Diamonds, 7Clubs, KClubs, 7Hearts, 5Hearts, 3Hearts, 7Spades, JSpades, 5Spades, 3Spades.
P1 ASpades P2 6Spades P3 7Spades P0 2Spades 
P1 2Clubs P2 4Clubs P3 KClubs P0 AClubs 
P0 QSpades P1 4Spades P2 KSpades P3 3Spades 
P2 AHearts P3 3Hearts P0 KHearts P1 JHearts 
P2 6Hearts P3 5Hearts P0 4Hearts P1 3Clubs 
P2 QHearts P3 7Hearts P0 2Hearts P1 JClubs 
P3 5Spades P0 QClubs P1 5Clubs P2 2Diamonds 
P2 4Diamonds P3 3Diamonds P0 JDiamonds P1 5Diamonds 
P0 6Clubs P1 6Diamonds P2 QDiamonds P3 7Clubs 
P2 KDiamonds P3 JSpades P0 ADiamonds P1 7Diamonds 
-- /GAME --
P0 HAND: QDiamonds, 5Diamonds, 3Clubs, AHearts, KHearts, 6Hearts, 3Hearts, JSpades, 6Spades, 5Spades.
P1 HAND: ADiamonds, 7Diamonds, KDiamonds, 7Clubs, KClubs, JClubs, 2Clubs, JHearts, 5Hearts, 3Spades.
P2 HAND: 3Diamonds, AClubs, QClubs, 7Hearts, QHearts, 4Hearts, 7Spades, KSpades, QSpades, 4Spades.
P3 HAND: JDiamonds, 6Diamonds, 4Diamonds, 2Diamonds, 6Clubs, 5Clubs, 4Clubs, 2Hearts, ASpades, 2Spades.
P0 AHearts P1 5Hearts P2 7Hearts P3 2Hearts 
P0 KHearts P1 JHearts P2 QHearts P3 2Diamonds 
P3 ASpades P0 5Spades P1 3Spades P2 4Spades 
P3 2Spades P0 JSpades P1 2Clubs P2 7Spades 
P2 AClubs P3 4Clubs P0 3Clubs P1 JClubs 
P2 4Hearts P3 5Clubs P0 6Hearts P1 KDiamonds 
P1 7Diamonds P2 3Diamonds P3 4Diamonds P0 5Diamonds 
P1 ADiamonds P2 QClubs P3 6Diamonds P0 QDiamonds 
P1 KClubs P2 QSpades P3 6Clubs P0 6Spades 
P1 7Clubs P2 KSpades P3 JDiamonds P0 3Hearts 
-- /GAME --
P0 HAND: ADiamonds, JDiamonds, 3Diamonds, 2Diamonds, KClubs, 2Clubs, JHearts, QHearts, 4Hearts, 6Spades.
P1 HAND: 4Diamonds, AClubs, 6Clubs, AHearts, 7Hearts, KHearts, 6Hearts, JSpades, QSpades, 5Spades.
P2 HAND: 7Clubs, JClubs, QClubs, 5Clubs, 4Clubs, 3Clubs, 5Hearts, KSpades, 4Spades, 2Spades.
P3 HAND: 7Diamonds, KDiamonds, QDiamonds, 6Diamonds, 5Diamonds, 3Hearts, 2Hearts, ASpades, 7Spades, 3Spades.
P3 ASpades P0 6Spades P1 JSpades P2 2Spades 
P3 2Hearts P0 4Hearts P1 AHearts P2 5Hearts 
P1 4Diamonds P2 4Spades P3 5Diamonds P0 ADiamonds 
P0 QHearts P1 6Hearts P2 3Clubs P3 3Hearts 
P2 4Clubs P3 3Spades P0 2Clubs P1 6Clubs 
P1 5Spades P2 KSpades P3 7Spades P0 KClubs 
P0 JHearts P1 KHearts P2 5Clubs P3 6Diamonds 
P2 QClubs P3 QDiamonds P0 JDiamonds P1 AClubs 
P1 QSpades P2 JClubs P3 KDiamonds P0 3Diamonds 
P2 7Clubs P3 7Diamonds P0 2Diamonds P1 7Hearts 
-- /GAME --
P0 HAND: 7Diamonds, JDiamonds, QDiamonds, 3Diamonds, 2Diamonds, 5Clubs, AHearts, ASpades, JSpades, 4Spades.
P1 HAND: 5Diamonds, 7Clubs, KClubs, JClubs, 4Clubs, JHearts, QHearts, 3Hearts, 6Spades, 3Spades.
P2 HAND: ADiamonds, KDiamonds, AClubs, QClubs, 2Clubs, 6Hearts, 5Hearts, 4Hearts, 2Hearts, 2Spades.
P3 HAND: 6Diamonds, 4Diamonds, 6Clubs, 3Clubs, 7Hearts, KHearts, 7Spades, KSpades, QSpades, 5Spades.

