-- GAME --
P0 HAND: KDiamonds, 3Diamonds, 6Clubs, 3Clubs, 2Clubs, KHearts, 6Hearts, ASpades, 4Spades, 3Spades.
P1 HAND: ADiamonds, JDiamonds, 6Diamonds, AClubs, JClubs, QClubs, 5Clubs, 4Clubs, JHearts, 2Spades.
P2 HAND: 7Diamonds, QDiamonds, 5Diamonds, 2Diamonds, 7Clubs, QHearts, 3Hearts, 7Spades, QSpades, 5Spades.
P3 HAND: 4Diamonds, KClubs, AHearts, 7Hearts, 5Hearts, 4Hearts, 2Hearts, KSpades, JSpades, 6Spades.
P0 ASpades P1 2Spades P2 7Spades P3 6Spades 
P0 2Clubs P1 AClubs P2 7Clubs P3 KClubs 
P1 ADiamonds P2 2Diamonds P3 4Diamonds P0 3Diamonds 
P1 4Clubs P2 5Diamonds P3 2Hearts P0 3Clubs 
P3 JSpades P0 3Spades P1 5Clubs P2 5Spades 
P3 4Hearts P0 KHearts P1 JHearts P2 3Hearts 
P0 KDiamonds P1 6Diamonds P2 QDiamonds P3 5Hearts 
P3 7Hearts P0 6Hearts P1 QClubs P2 QHearts 
P3 AHearts P0 6Clubs P1 JDiamonds P2 QSpades 
P3 KSpades P0 4Spades P1 JClubs P2 7Diamonds 
-- /GAME --
P0 HAND: ADiamonds, JDiamonds, QDiamonds, 6Diamonds, 4Clubs, 3Clubs, 2Clubs, 7Hearts, JHearts, QSpades.
P1 HAND: 7Diamonds, KDiamonds, 5Diamonds, 7Clubs, KClubs, 5Clubs, AHearts, 4Hearts, KSpades, 2Spades.
P2 HAND: 4Diamonds, JClubs, 6Clubs, KHearts, QHearts, 3Hearts, 2Hearts, ASpades, JSpades, 6Spades.
P3 HAND: 3Diamonds, 2Diamonds, AClubs, QClubs, 6Hearts, 5Hearts, 7Spades, 5Spades, 4Spades, 3Spades.
P3 AClubs P0 2Clubs P1 7Clubs P2 6Clubs 
P3 2Diamonds P0 ADiamonds P1 5Diamonds P2 4Diamonds 
P0 3Clubs P1 5Clubs P2 JClubs P3 QClubs 
P2 2Hearts P3 5Hearts P0 JHearts P1 AHearts 
P1 4Hearts P2 3Hearts P3 6Hearts P0 7Hearts 
P0 6Diamonds P1 KDiamonds P2 QHearts P3 3Diamonds 
P1 2Spades P2 6Spades P3 3Spades P0 QSpades 
P0 4Clubs P1 KClubs P2 JSpades P3 7Spades 
P3 4Spades P0 QDiamonds P1 KSpades P2 ASpades 
P2 KHearts P3 5Spades P0 JDiamonds P1 7Diamonds 
-- /GAME --
P0 HAND: 7Diamonds, QDiamonds, JClubs, 5Hearts, 7Spades, KSpades, QSpades, 6Spades, 3Spades, 2Spades.
P1 HAND: ADiamonds, KDiamonds, JDiamonds, 5Diamonds, AClubs, 7Clubs, JHearts, 6Hearts, 4Hearts, 3Hearts.
P2 HAND: 3Diamonds, 2Diamonds, QClubs, 6Clubs, 5Clubs, 4Clubs, 2Clubs, QHearts, JSpades, 4Spades.
P3 HAND: 6Diamonds, 4Diamonds, KClubs, 3Clubs, AHearts, 7Hearts, KHearts, 2Hearts, ASpades, 5Spades.
P2 2Diamonds P3 4Diamonds P0 QDiamonds P1 ADiamonds 
P1 AClubs P2 2Clubs P3 KClubs P0 JClubs 
P1 5Diamonds P2 3Diamonds P3 6Diamonds P0 7Diamonds 
P0 2Spades P1 3Hearts P2 4Spades P3 ASpades 
P1 JDiamonds P2 4Clubs P3 3Clubs P0 3Spades 
P1 4Hearts P2 QHearts P3 2Hearts P0 5Hearts 
P2 5Clubs P3 5Spades P0 QSpades P1 7Clubs 
P1 6Hearts P2 6Clubs P3 KHearts P0 6Spades 
P3 7Hearts P0 KSpades P1 JHearts P2 QClubs 
P3 AHearts P0 7Spades P1 KDiamonds P2 JSpades 
-- /GAME --

