-- GAME --
P0 HAND: KDiamonds, 6Diamonds, 5Diamonds, AClubs, KClubs, 4Clubs, 7Hearts, QHearts, 5Hearts, 2Hearts.
P1 HAND: ADiamonds, 7Diamonds, QDiamonds, 4Diamonds, 6Clubs, 2Clubs, JHearts, ASpades, QSpades, 4Spades.
P2 HAND: JDiamonds, 3Diamonds, 2Diamonds, 7Clubs, QClubs, KHearts, 6Hearts, 4Hearts, 3Spades, 2Spades.
P3 HAND: JClubs, 5Clubs, 3Clubs, AHearts, 3Hearts, 7Spades, KSpades, JSpades, 6Spades, 5Spades.
P3 AHearts P0 5Hearts P1 JHearts P2 4Hearts 
P3 3Clubs P0 AClubs P1 2Clubs P2 7Clubs 
P0 4Clubs P1 6Clubs P2 QClubs P3 JClubs 
P3 3Hearts P0 7Hearts P1 4Spades P2 6Hearts 
P1 ADiamonds P2 2Diamonds P3 5Clubs P0 5Diamonds 
P1 4Diamonds P2 3Diamonds P3 5Spades P0 KDiamonds 
P3 6Spades P0 6Diamonds P1 QSpades P2 2Spades 
P1 QDiamonds P2 JDiamonds P3 JSpades P0 2Hearts 
P3 KSpades P0 QHearts P1 ASpades P2 3Spades 
P1 7Diamonds P2 KHearts P3 7Spades P0 KClubs 
-- /GAME --
P0 HAND: ADiamonds, QDiamonds, AClubs, KClubs, 6Clubs, 5Hearts, 2Hearts, 5Spades, 3Spades, 2Spades.
P1 HAND: JDiamonds, 6Diamonds, 5Diamonds, 3Diamonds, 7Clubs, 4Clubs, 3Clubs, 7Hearts, 6Hearts, 7Spades.
P2 HAND: 2Diamonds, JClubs, 2Clubs, AHearts, KHearts, QHearts, 3Hearts, KSpades, JSpades, 4Spades.
P3 HAND: 7Diamonds, KDiamonds, 4Diamonds, QClubs, 5Clubs, JHearts, 4Hearts, ASpades, QSpades, 6Spades.
P2 2Diamonds P3 4Diamonds P0 ADiamonds P1 3Diamonds 
P0 AClubs P1 3Clubs P2 JClubs P3 5Clubs 
P0 3Spades P1 7Spades P2 4Spades P3 ASpades 
P3 6Spades P0 5Spades P1 4Clubs P2 KSpades 
P2 2Clubs P3 QClubs P0 KClubs P1 7Clubs 
P1 5Diamonds P2 3Hearts P3 KDiamonds P0 QDiamonds 
P2 JSpades P3 QSpades P0 2Spades P1 6Hearts 
P1 6Diamonds P2 QHearts P3 7Diamonds P0 6Clubs 
P2 KHearts P3 4Hearts P0 2Hearts P1 7Hearts 
P1 JDiamonds P2 AHearts P3 JHearts P0 5Hearts 
-- /GAME --
P0 HAND: 4Diamonds, JClubs, 5Clubs, 3Clubs, 2Clubs, QHearts, 6Hearts, 7Spades, JSpades, QSpades.
P1 HAND: ADiamonds, 7Diamonds, JDiamonds, 6Diamonds, 5Diamonds, AClubs, 7Clubs, QClubs, 4Hearts, 6Spades.
P2 HAND: KDiamonds, 3Diamonds, 2Diamonds, 6Clubs, 7Hearts, 3Hearts, 2Hearts, ASpades, 5Spades, 4Spades.
P3 HAND: QDiamonds, KClubs, 4Clubs, AHearts, KHearts, JHearts, 5Hearts, KSpades, 3Spades, 2Spades.
P1 4Hearts P2 2Hearts P3 AHearts 
