-- GAME --
P0 ASpades 
P0 KDiamonds P1 3Diamonds P2 6Diamonds P3 ADiamonds 
P3 5Clubs P0 2Clubs P1 3Clubs P2 AClubs 
P2 4Clubs P3 QDiamonds P0 QHearts P1 6Clubs 
P0 2Diamonds P1 5Diamonds P2 5Spades P3 7Diamonds 
P3 JDiamonds P0 4Diamonds P1 5Hearts P2 QClubs 
P1 JClubs P2 KClubs P3 2Hearts P0 JHearts 
P0 6Spades P1 JSpades P2 QSpades P3 7Spades 
P3 3Hearts P0 KHearts P1 AHearts P2 6Hearts 
P1 7Clubs P2 KSpades P3 7Hearts P0 4Hearts 
-- /GAME --
P0 HAND: 7Diamonds, 4Diamonds, JClubs, 5Clubs, AHearts, 7Hearts, 6Hearts, 5Hearts, JSpades, 3Spades.
P1 HAND: ADiamonds, KDiamonds, 3Diamonds, QClubs, 4Clubs, 2Clubs, KHearts, JHearts, 6Spades, 5Spades.
P2 HAND: JDiamonds, QDiamonds, 5Diamonds, 2Diamonds, 7Clubs, KClubs, 3Clubs, QHearts, 2Hearts, 4Spades.
P3 HAND: 6Diamonds, AClubs, 6Clubs, 4Hearts, 3Hearts, ASpades, 7Spades, KSpades, QSpades, 2Spades.
P0 AHearts P1 JHearts P2 QHearts P3 3Hearts 
P0 7Hearts P1 KHearts P2 2Hearts P3 4Hearts 
P0 7Diamonds P1 ADiamonds P2 2Diamonds P3 6Diamonds 
P1 2Clubs P2 3Clubs P3 AClubs P0 5Clubs 
P3 6Clubs P0 JClubs P1 4Clubs P2 7Clubs 
P2 5Diamonds P3 2Spades P0 4Diamonds P1 KDiamonds 
P3 QSpades P0 JSpades P1 5Spades P2 4Spades 
P0 5Hearts P1 3Diamonds P2 QDiamonds P3 KSpades 
P3 7Spades P0 3Spades P1 6Spades P2 JDiamonds 
P3 ASpades P0 6Hearts P1 QClubs P2 KClubs 
-- /GAME --
P0 HAND: JDiamonds, 6Diamonds, 4Diamonds, 7Clubs, 3Clubs, AHearts, 6Hearts, 5Hearts, QSpades, 4Spades.
P1 HAND: 7Diamonds, KDiamonds, QDiamonds, JClubs, 4Clubs, 2Clubs, JHearts, 4Hearts, JSpades, 5Spades.
P2 HAND: ADiamonds, 2Diamonds, AClubs, KClubs, 6Clubs, 5Clubs, 7Hearts, 7Spades, KSpades, 6Spades.
P3 HAND: 5Diamonds, 3Diamonds, QClubs, KHearts, QHearts, 3Hearts, 2Hearts, ASpades, 3Spades, 2Spades.
P3 ASpades P0 4Spades P1 JSpades P2 6Spades 
P3 2Hearts P0 AHearts P1 4Hearts P2 7Hearts 
P0 JDiamonds P1 QDiamonds P2 ADiamonds P3 3Diamonds 
P2 2Diamonds P3 5Diamonds P0 4Diamonds P1 7Diamonds 
P1 5Spades P2 KSpades P3 2Spades P0 QSpades 
P2 5Clubs P3 QClubs P0 7Clubs P1 2Clubs 
P0 5Hearts P1 JHearts P2 6Clubs P3 3Hearts 
P2 KClubs P3 3Spades P0 3Clubs P1 4Clubs 
P2 AClubs P3 QHearts P0 6Diamonds P1 JClubs 
P2 7Spades P3 KHearts P0 6Hearts P1 KDiamonds 
-- /GAME --
P0 HAND: ADiamonds, 6Diamonds, 4Diamonds, QClubs, 6Clubs, JHearts, 6Hearts, 4Hearts, 6Spades, 3Spades.
P1 HAND: KDiamonds, JDiamonds, 5Diamonds, 7Hearts, KHearts, 7Spades, KSpades, JSpades, 5Spades, 4Spades.
P2 HAND: QDiamonds, AClubs, JClubs, 2Clubs, AHearts, QHearts, 5Hearts, 3Hearts, 2Hearts, QSpades.
P3 HAND: 7Diamonds, 3Diamonds, 2Diamonds, 7Clubs, KClubs, 5Clubs, 4Clubs, 3Clubs, ASpades, 2Spades.
P2 AClubs P3 3Clubs P0 QClubs P1 5Diamonds 
P1 4Spades P2 QSpades P3 ASpades P0 6Spades 
P3 2Spades P0 3Spades P1 5Spades P2 2Clubs 
P1 JSpades P2 2Hearts P3 4Clubs P0 4Diamonds 
P0 JHearts P1 KHearts P2 AHearts P3 2Diamonds 
P3 5Clubs P0 6Clubs P1 JDiamonds P2 JClubs 
P1 KDiamonds P2 QDiamonds P3 3Diamonds P0 ADiamonds 
P0 6Diamonds P1 KSpades P2 3Hearts P3 7Diamonds 
P3 KClubs P0 6Hearts P1 7Hearts P2 5Hearts 
P3 7Clubs P0 4Hearts P1 7Spades P2 QHearts 
-- /GAME --
P0 HAND: AHearts, JHearts, QHearts, 4Hearts, 3Hearts, ASpades, KSpades, 6Spades, 4Spades, 3Spades.
P1 HAND: KDiamonds, AClubs, 7Clubs, JClubs, 6Clubs, 4Clubs, 3Clubs, 2Hearts, 7Spades, JSpades.
P2 HAND: ADiamonds, JDiamonds, 5Diamonds, 2Diamonds, KClubs, QClubs, 6Hearts, 5Hearts, QSpades, 5Spades.
P3 HAND: 7Diamonds, QDiamonds, 6Diamonds, 4Diamonds, 3Diamonds, 5Clubs, 2Clubs, 7Hearts, KHearts, 2Spades.
P1 2Hearts 
