-- GAME --
P0 2Spades P1 5Spades P2 4Spades P3 3Spades 
P1 2Hearts P2 5Hearts P3 4Hearts P0 AHearts 
P0 KSpades P1 7Spades P2 2Diamonds P3 6Spades 
P1 3Clubs P2 AClubs P3 2Clubs P0 QClubs 
P2 5Diamonds P3 ADiamonds P0 6Diamonds P1 7Diamonds 
P3 3Diamonds P0 4Clubs P1 4Diamonds P2 KDiamonds 
P2 5Clubs P3 QHearts P0 6Hearts P1 7Clubs 
P1 3Hearts P2 6Clubs P3 KHearts P0 7Hearts 
P0 JHearts P1 QDiamonds P2 JDiamonds P3 QSpades 
P3 JSpades P0 ASpades P1 KClubs P2 JClubs 
-- /GAME --
P0 HAND: ADiamonds, JDiamonds, 3Diamonds, AClubs, QClubs, KHearts, QHearts, 7Spades, 6Spades, 2Spades.
P1 HAND: 4Diamonds, 2Diamonds, 5Clubs, 4Clubs, 3Clubs, 2Clubs, AHearts, 6Hearts, JSpades, 4Spades.
P2 HAND: 7Diamonds, 6Diamonds, 5Diamonds, KClubs, JClubs, 5Hearts, 4Hearts, 2Hearts, ASpades, KSpades.
P3 HAND: KDiamonds, QDiamonds, 7Clubs, 6Clubs, 7Hearts, JHearts, 3Hearts, QSpades, 5Spades, 3Spades.
P3 3Spades P0 2Spades P1 4Spades P2 ASpades 
P2 5Diamonds P3 QDiamonds P0 ADiamonds P1 2Diamonds 
P0 KHearts P1 6Hearts P2 2Hearts P3 3Hearts 
P0 QHearts P1 AHearts P2 4Hearts P3 JHearts 
P1 2Clubs P2 JClubs P3 6Clubs P0 QClubs 
P2 6Diamonds P3 KDiamonds P0 3Diamonds P1 4Diamonds 
P3 5Spades P0 7Spades P1 JSpades P2 KSpades 
P0 AClubs P1 3Clubs P2 KClubs P3 7Clubs 
P0 JDiamonds P1 4Clubs P2 7Diamonds P3 7Hearts 
P3 QSpades P0 6Spades P1 5Clubs P2 5Hearts 
-- /GAME --
P0 HAND: 3Diamonds, 2Diamonds, QClubs, 2Clubs, AHearts, KHearts, 5Spades, 4Spades, 3Spades, 2Spades.
P1 HAND: JDiamonds, 4Diamonds, AClubs, 5Clubs, QHearts, 6Hearts, 4Hearts, 2Hearts, 7Spades, JSpades.
P2 HAND: 7Diamonds, 6Diamonds, KClubs, JClubs, 6Clubs, 5Hearts, 3Hearts, ASpades, KSpades, QSpades.
P3 HAND: ADiamonds, KDiamonds, QDiamonds, 5Diamonds, 7Clubs, 4Clubs, 3Clubs, 7Hearts, JHearts, 6Spades.

