-- GAME --
P0 JSpades P1 2Clubs P2 3Clubs 
P2 6Clubs P3 JClubs P0 2Spades P1 4Clubs 
P3 JHearts P0 QHearts P1 5Clubs P2 QClubs 
P2 KDiamonds P3 KClubs P0 4Spades P1 JDiamonds 
P3 KSpades P0 5Hearts P1 AClubs P2 7Diamonds 
-- /GAME --
P0 HAND: QDiamonds, 6Diamonds, AClubs, KClubs, QHearts, 6Hearts, ASpades, 7Spades, QSpades, 2Spades.
P1 HAND: 7Diamonds, KDiamonds, 7Clubs, 6Clubs, 4Clubs, KHearts, 4Hearts, 2Hearts, 6Spades, 3Spades.
P2 HAND: JDiamonds, 4Diamonds, 3Diamonds, 2Diamonds, 3Clubs, 2Clubs, 7Hearts, JHearts, JSpades, 5Spades.
P3 HAND: ADiamonds, 5Diamonds, JClubs, QClubs, 5Clubs, AHearts, 5Hearts, 3Hearts, KSpades, 4Spades.
P1 2Hearts P2 JHearts P3 AHearts P0 6Hearts 
P3 ADiamonds P0 6Diamonds P1 7Diamonds P2 2Diamonds 
P3 3Hearts P0 QHearts P1 4Hearts P2 7Hearts 
P2 2Clubs P3 5Clubs P0 KClubs P1 7Clubs 
P1 4Clubs P2 3Clubs P3 QClubs P0 AClubs 
P0 QDiamonds P1 KDiamonds P2 3Diamonds P3 5Diamonds 
P1 6Clubs P2 4Diamonds P3 JClubs P0 QSpades 
P0 2Spades P1 3Spades P2 5Spades P3 4Spades 
P2 JDiamonds P3 5Hearts P0 ASpades P1 KHearts 
P0 7Spades P1 6Spades P2 JSpades P3 KSpades 
-- /GAME --
P0 HAND: 6Diamonds, 2Diamonds, KClubs, QClubs, 4Clubs, 3Clubs, 7Hearts, 3Hearts, KSpades, 6Spades.
P1 HAND: 7Diamonds, 5Diamonds, 4Diamonds, 6Clubs, 2Clubs, 2Hearts, ASpades, 7Spades, 5Spades, 4Spades.
P2 HAND: QDiamonds, 3Diamonds, AClubs, JClubs, AHearts, QHearts, 6Hearts, 5Hearts, JSpades, 2Spades.
P3 HAND: ADiamonds, KDiamonds, JDiamonds, 7Clubs, 5Clubs, KHearts, JHearts, 4Hearts, QSpades, 3Spades.
P3 ADiamonds P0 2Diamonds P1 7Diamonds P2 3Diamonds 
P3 3Spades P0 6Spades P1 ASpades P2 2Spades 
P1 2Clubs P2 AClubs P3 5Clubs P0 KClubs 
P2 QDiamonds P3 JDiamonds P0 6Diamonds P1 5Diamonds 
P3 QSpades P0 KSpades P1 4Spades P2 JSpades 
P0 3Clubs P1 6Clubs P2 JClubs P3 7Clubs 
P3 4Hearts P0 3Hearts P1 2Hearts P2 5Hearts 
P2 6Hearts P3 JHearts P0 7Hearts P1 4Diamonds 
P0 4Clubs P1 5Spades P2 QHearts P3 KHearts 
P3 KDiamonds P0 QClubs P1 7Spades P2 AHearts 
-- /GAME --
P0 HAND: KDiamonds, 7Clubs, JClubs, 5Clubs, 4Clubs, KHearts, 3Hearts, JSpades, 4Spades, 2Spades.
P1 HAND: 7Diamonds, 5Diamonds, AClubs, QClubs, 3Clubs, QHearts, 4Hearts, ASpades, 7Spades, QSpades.
P2 HAND: QDiamonds, 4Diamonds, 3Diamonds, KClubs, 2Clubs, AHearts, 6Hearts, 5Hearts, KSpades, 6Spades.
P3 HAND: ADiamonds, JDiamonds, 6Diamonds, 2Diamonds, 6Clubs, 7Hearts, JHearts, 2Hearts, 5Spades, 3Spades.
P2 2Clubs P3 6Clubs P0 4Clubs P1 AClubs 
P1 ASpades P2 6Spades P3 5Spades P0 2Spades 
P1 3Clubs P2 KClubs P3 2Diamonds P0 7Clubs 
P0 3Hearts P1 4Hearts P2 5Hearts P3 2Hearts 
P2 3Diamonds P3 ADiamonds P0 KDiamonds P1 7Diamonds 
P3 3Spades P0 JSpades P1 7Spades P2 KSpades 
P1 5Diamonds P2 4Diamonds P3 6Diamonds P0 KHearts 
P0 4Spades P1 QSpades P2 QDiamonds P3 JDiamonds 
P1 QClubs P2 6Hearts P3 JHearts P0 5Clubs 
P3 7Hearts P0 JClubs P1 QHearts P2 AHearts 
-- /GAME --
P0 HAND: ADiamonds, 7Diamonds, JDiamonds, 3Diamonds, 2Diamonds, JClubs, 4Clubs, AHearts, QHearts, 2Hearts.
P1 HAND: KDiamonds, 5Diamonds, 4Diamonds, 7Hearts, JHearts, 5Hearts, 3Hearts, 7Spades, KSpades, 3Spades.
P2 HAND: 7Clubs, KClubs, 6Clubs, 3Clubs, 6Hearts, 4Hearts, ASpades, JSpades, QSpades, 6Spades.
P3 HAND: QDiamonds, 6Diamonds, AClubs, QClubs, 5Clubs, 2Clubs, KHearts, 5Spades, 4Spades, 2Spades.
P1 3Hearts P2 4Hearts P3 KHearts P0 2Hearts 
P3 2Spades P0 JClubs P1 3Spades P2 ASpades 
P0 ADiamonds P1 4Diamonds P2 JSpades P3 6Diamonds 
P0 7Diamonds P1 5Diamonds P2 QSpades P3 QDiamonds 
P0 2Diamonds P1 KDiamonds P2 6Hearts P3 5Spades 
P1 5Hearts P2 6Spades P3 4Spades P0 AHearts 
P0 JDiamonds P1 JHearts P2 3Clubs P3 5Clubs 
P3 2Clubs P0 4Clubs P1 KSpades P2 6Clubs 
P2 KClubs P3 QClubs P0 3Diamonds P1 7Hearts 
P2 7Clubs P3 AClubs P0 QHearts P1 7Spades 
-- /GAME --
P0 HAND: 3Diamonds, JClubs, 5Clubs, 4Clubs, 2Clubs, 7Hearts, 2Hearts, KSpades, 3Spades, 2Spades.
P1 HAND: ADiamonds, 7Diamonds, KDiamonds, 4Diamonds, AClubs, 7Clubs, QHearts, ASpades, JSpades, 6Spades.
P2 HAND: JDiamonds, KClubs, QClubs, 6Clubs, 3Clubs, JHearts, 6Hearts, QSpades, 5Spades, 4Spades.
P3 HAND: QDiamonds, 6Diamonds, 5Diamonds, 2Diamonds, AHearts, KHearts, 5Hearts, 4Hearts, 3Hearts, 7Spades.
P0 3Diamonds P1 ADiamonds P2 JDiamonds P3 QDiamonds 
P1 AClubs P2 3Clubs P3 7Spades P0 2Clubs 
P1 ASpades P2 4Spades P3 6Diamonds P0 2Spades 
P1 4Diamonds P2 5Spades P3 2Diamonds P0 4Clubs 
P1 6Spades P2 QSpades P3 5Diamonds P0 KSpades 
P0 3Spades P1 JSpades P2 6Clubs P3 3Hearts 
P3 4Hearts P0 7Hearts P1 QHearts P2 6Hearts 
P0 5Clubs P1 7Clubs P2 QClubs P3 5Hearts 
P3 KHearts P0 2Hearts P1 KDiamonds P2 JHearts 
P3 AHearts P0 JClubs P1 7Diamonds P2 KClubs 
-- /GAME --
P0 HAND: JDiamonds, QDiamonds, 6Diamonds, 5Diamonds, KClubs, 4Clubs, 7Hearts, 6Hearts, 3Hearts, 4Spades.
P1 HAND: 3Diamonds, AClubs, JClubs, 6Clubs, 2Clubs, AHearts, 4Hearts, ASpades, 7Spades, KSpades.
P2 HAND: ADiamonds, 4Diamonds, 2Diamonds, QClubs, 3Clubs, KHearts, 5Hearts, JSpades, 6Spades, 5Spades.
P3 HAND: 7Diamonds, KDiamonds, 7Clubs, 5Clubs, JHearts, QHearts, 2Hearts, QSpades, 3Spades, 2Spades.
P3 2Spades P0 4Spades P1 ASpades P2 5Spades 
P1 AClubs P2 3Clubs P3 7Clubs P0 4Clubs 
P1 2Clubs P2 QClubs P3 5Clubs P0 KClubs 
P0 3Hearts P1 4Hearts P2 5Hearts P3 2Hearts 
P2 ADiamonds P3 KDiamonds P0 JDiamonds P1 3Diamonds 
P2 2Diamonds P3 7Diamonds P0 5Diamonds P1 7Spades 
P3 3Spades P0 6Diamonds P1 KSpades P2 6Spades 
P1 6Clubs P2 4Diamonds P3 QSpades P0 7Hearts 
P0 QDiamonds P1 AHearts P2 JSpades P3 QHearts 
P1 JClubs P2 KHearts P3 JHearts P0 6Hearts 
-- /GAME --
P0 HAND: 7Diamonds, 4Diamonds, 7Clubs, KClubs, 2Clubs, QHearts, KSpades, QSpades, 6Spades, 2Spades.
P1 HAND: KDiamonds, JDiamonds, 3Diamonds, JClubs, QClubs, 5Clubs, 4Clubs, JHearts, 2Hearts, 7Spades.
P2 HAND: 6Diamonds, 5Diamonds, 2Diamonds, AClubs, 3Clubs, AHearts, 7Hearts, 5Hearts, 5Spades, 4Spades.
P3 HAND: ADiamonds, QDiamonds, 6Clubs, KHearts, 6Hearts, 4Hearts, 3Hearts, ASpades, JSpades, 3Spades.
P3 ASpades P0 2Spades P1 7Spades P2 4Spades 
P3 3Hearts P0 QHearts P1 2Hearts P2 AHearts 
P2 AClubs P3 6Clubs P0 7Clubs P1 4Clubs 
P2 3Clubs P3 3Spades P0 KClubs P1 5Clubs 
P0 KSpades P1 QClubs P2 5Spades P3 JSpades 
P0 QSpades P1 3Diamonds P2 5Hearts P3 KHearts 
P1 JClubs P2 2Diamonds P3 4Hearts P0 2Clubs 
P2 5Diamonds P3 QDiamonds P0 7Diamonds P1 JDiamonds 
P0 6Spades P1 KDiamonds P2 6Diamonds P3 6Hearts 
P1 JHearts P2 7Hearts P3 ADiamonds P0 4Diamonds 
-- /GAME --
P0 HAND: 6Diamonds, 5Diamonds, 7Clubs, QClubs, 6Clubs, 7Hearts, KHearts, ASpades, 6Spades, 3Spades.
P1 HAND: KDiamonds, 3Diamonds, 3Clubs, AHearts, JHearts, 5Hearts, 4Hearts, 3Hearts, QSpades, 4Spades.
P2 HAND: 7Diamonds, JDiamonds, QDiamonds, 4Diamonds, JClubs, 5Clubs, 7Spades, KSpades, 5Spades, 2Spades.
P3 HAND: ADiamonds, 2Diamonds, AClubs, KClubs, 4Clubs, 2Clubs, QHearts, 6Hearts, 2Hearts, JSpades.
P2 4Diamonds P3 ADiamonds P0 5Diamonds P1 KDiamonds 
P3 AClubs P0 6Clubs P1 3Clubs P2 5Clubs 
P3 2Diamonds P0 6Diamonds P1 3Diamonds P2 7Diamonds 
P2 QDiamonds P3 2Clubs P0 3Spades P1 3Hearts 
P0 6Spades P1 4Spades P2 2Spades P3 JSpades 
P3 2Hearts P0 7Hearts P1 AHearts P2 5Spades 
P2 JDiamonds P3 4Clubs P0 ASpades P1 4Hearts 
P0 7Clubs P1 QSpades P2 JClubs P3 KClubs 
P1 5Hearts P2 KSpades P3 6Hearts P0 KHearts 
P2 7Spades P3 QHearts P0 QClubs P1 JHearts 
-- /GAME --
P0 HAND: ADiamonds, 7Diamonds, 3Diamonds, 2Diamonds, QClubs, 4Clubs, 7Hearts, KHearts, 5Hearts, JSpades.
P1 HAND: 6Diamonds, 7Clubs, JClubs, 6Clubs, 3Clubs, AHearts, QHearts, 4Hearts, KSpades, QSpades.
P2 HAND: JDiamonds, QDiamonds, 4Diamonds, AClubs, 5Clubs, JHearts, 6Hearts, 2Hearts, 6Spades, 2Spades.
P3 HAND: KDiamonds, 5Diamonds, KClubs, 2Clubs, 3Hearts, ASpades, 7Spades, 5Spades, 4Spades, 3Spades.
P1 AHearts 
