-- GAME --
P0 HAND: JDiamonds, QDiamonds, 4Diamonds, 6Clubs, 5Clubs, JHearts, 5Hearts, 4Hearts, JSpades, 4Spades.
P1 HAND: 7Diamonds, KDiamonds, 6Diamonds, AClubs, JClubs, 3Hearts, KSpades, QSpades, 5Spades, 3Spades.
P2 HAND: ADiamonds, 5Diamonds, 3Diamonds, 2Diamonds, 7Clubs, QClubs, 4Clubs, 2Clubs, ASpades, 7Spades.
P3 HAND: KClubs, 3Clubs, AHearts, 7Hearts, KHearts, QHearts, 6Hearts, 2Hearts, 6Spades, 2Spades.
P0 4Hearts P1 3Hearts P2 2Diamonds P3 AHearts 
P3 2Hearts P0 JHearts P1 3Spades P2 ADiamonds 
P0 5Hearts P1 5Spades P2 3Diamonds P3 7Hearts 
P3 2Spades P0 JSpades P1 QSpades P2 ASpades 
P2 5Diamonds P3 6Hearts P0 4Diamonds P1 7Diamonds 
P1 6Diamonds P2 2Clubs P3 6Spades P0 JDiamonds 
P2 4Clubs P3 3Clubs P0 5Clubs P1 JClubs 
P1 AClubs P2 QClubs P3 KClubs P0 6Clubs 
P1 KDiamonds P2 7Clubs P3 QHearts P0 QDiamonds 
P2 7Spades P3 KHearts P0 4Spades P1 KSpades 
-- /GAME --
P0 HAND: 3Diamonds, AClubs, 4Clubs, 3Clubs, 7Hearts, 6Hearts, ASpades, KSpades, 5Spades, 4Spades.
P1 HAND: 7Diamonds, 6Diamonds, KClubs, JClubs, 5Clubs, 2Clubs, AHearts, KHearts, 5Hearts, QSpades.
P2 HAND: ADiamonds, QDiamonds, 4Diamonds, 2Diamonds, QClubs, QHearts, 4Hearts, 7Spades, 3Spades, 2Spades.
P3 HAND: KDiamonds, JDiamonds, 5Diamonds, 7Clubs, 6Clubs, JHearts, 3Hearts, 2Hearts, JSpades, 6Spades.
P3 2Hearts P0 6Hearts P1 AHearts P2 4Hearts 
P1 5Hearts P2 QHearts P3 3Hearts P0 7Hearts 
P0 ASpades P1 QSpades P2 7Spades P3 6Spades 
P0 3Diamonds P1 6Diamonds P2 ADiamonds P3 5Diamonds 
P2 2Diamonds P3 JDiamonds P0 3Clubs P1 7Diamonds 
P0 4Spades P1 2Clubs P2 2Spades P3 JSpades 
P1 5Clubs P2 QClubs P3 6Clubs P0 4Clubs 
P2 3Spades P3 7Clubs P0 5Spades P1 KHearts 
P3 JHearts P0 KSpades P1 JClubs P2 4Diamonds 
P1 KClubs P2 QDiamonds P3 KDiamonds P0 AClubs 
-- /GAME --
P0 HAND: 7Diamonds, KDiamonds, JDiamonds, 3Diamonds, 7Clubs, JClubs, QClubs, 4Clubs, 4Hearts, JSpades.
P1 HAND: 5Diamonds, 5Clubs, 3Clubs, 2Clubs, 6Hearts, 5Hearts, 2Hearts, 7Spades, 5Spades, 3Spades.
P2 HAND: ADiamonds, QDiamonds, 4Diamonds, KClubs, AHearts, KHearts, JHearts, QHearts, ASpades, KSpades.
P3 HAND: 6Diamonds, 2Diamonds, AClubs, 6Clubs, 7Hearts, 3Hearts, QSpades, 6Spades, 4Spades, 2Spades.
P2 ADiamonds P3 2Diamonds P0 7Diamonds P1 5Diamonds 
P2 ASpades P3 2Spades P0 JSpades P1 3Spades 
P2 4Diamonds P3 6Diamonds P0 3Diamonds P1 7Spades 
P3 AClubs P0 4Clubs P1 5Clubs P2 KClubs 
P3 4Spades P0 4Hearts P1 5Spades P2 KSpades 
P0 KDiamonds P1 2Clubs P2 QDiamonds P3 3Hearts 
P3 6Clubs P0 7Clubs P1 3Clubs P2 QHearts 
P2 JHearts P3 7Hearts P0 QClubs P1 2Hearts 
P3 6Spades P0 JDiamonds P1 5Hearts P2 KHearts 
P2 AHearts P3 QSpades P0 JClubs P1 6Hearts 
-- /GAME --
P0 HAND: 6Diamonds, JClubs, QClubs, 4Clubs, 3Clubs, AHearts, 7Hearts, 6Hearts, ASpades, 3Spades.
P1 HAND: ADiamonds, 3Diamonds, 2Diamonds, AClubs, 7Clubs, 2Clubs, JHearts, 3Hearts, 2Hearts, QSpades.
P2 HAND: KDiamonds, JDiamonds, 5Diamonds, 5Clubs, KHearts, QHearts, 7Spades, JSpades, 6Spades, 4Spades.
P3 HAND: 7Diamonds, QDiamonds, 4Diamonds, KClubs, 6Clubs, 5Hearts, 4Hearts, KSpades, 5Spades, 2Spades.
P1 ADiamonds P2 5Diamonds P3 7Diamonds P0 6Diamonds 
P1 2Diamonds P2 JDiamonds P3 4Diamonds P0 7Hearts 
P2 4Spades P3 2Spades P0 ASpades P1 QSpades 
P0 AHearts P1 2Hearts P2 KHearts P3 4Hearts 
P0 3Spades P1 3Diamonds P2 7Spades P3 5Spades 
P2 6Spades P3 KSpades P0 3Clubs P1 3Hearts 
P0 6Hearts P1 JHearts P2 QHearts P3 5Hearts 
P1 2Clubs P2 5Clubs P3 6Clubs P0 JClubs 
P0 4Clubs P1 7Clubs P2 JSpades P3 KClubs 
P1 AClubs P2 KDiamonds P3 QDiamonds P0 QClubs 
-- /GAME --
P0 HAND: 3Diamonds, AClubs, 7Clubs, JClubs, 6Clubs, 2Clubs, 5Hearts, 4Hearts, 2Hearts, JSpades.
P1 HAND: JDiamonds, 6Diamonds, 5Diamonds, QClubs, 5Clubs, 3Clubs, QSpades, 6Spades, 3Spades, 2Spades.
P2 HAND: KDiamonds, 4Diamonds, 4Clubs, AHearts, 7Hearts, KHearts, JHearts, QHearts, 6Hearts, 5Spades.
P3 HAND: ADiamonds, 7Diamonds, QDiamonds, 2Diamonds, KClubs, 3Hearts, ASpades, 7Spades, KSpades, 4Spades.
P0 3Diamonds P1 5Diamonds P2 4Diamonds P3 ADiamonds 
P3 2Diamonds P0 2Hearts P1 6Diamonds P2 KDiamonds 
P2 4Clubs P3 KClubs P0 AClubs P1 3Clubs 
P0 4Hearts P1 5Clubs P2 AHearts P3 3Hearts 
P2 6Hearts P3 QDiamonds P0 5Hearts P1 QClubs 
P2 QHearts P3 4Spades P0 JSpades P1 JDiamonds 
P0 2Clubs P1 2Spades P2 5Spades P3 KSpades 
P3 7Spades P0 6Clubs P1 3Spades P2 JHearts 
P3 ASpades P0 JClubs P1 6Spades P2 KHearts 
P3 7Diamonds P0 7Clubs P1 QSpades P2 7Hearts 
-- /GAME --
P0 HAND: 7Diamonds, AClubs, KClubs, QHearts, 5Hearts, 3Hearts, ASpades, KSpades, 6Spades, 5Spades.
P1 HAND: 5Diamonds, 4Diamonds, 2Diamonds, 6Clubs, 2Clubs, KHearts, 6Hearts, 7Spades, 4Spades, 2Spades.
P2 HAND: KDiamonds, QClubs, 5Clubs, 4Clubs, 3Clubs, 7Hearts, JHearts, 2Hearts, QSpades, 3Spades.
P3 HAND: ADiamonds, JDiamonds, QDiamonds, 6Diamonds, 3Diamonds, 7Clubs, JClubs, AHearts, 4Hearts, JSpades.
P3 3Diamonds P0 7Diamonds P1 2Diamonds P2 KDiamonds 
P0 ASpades P1 2Spades P2 QSpades P3 JSpades 
P0 3Hearts P1 6Hearts P2 2Hearts P3 AHearts 
P3 4Hearts P0 QHearts P1 KHearts P2 7Hearts 
P2 3Spades P3 6Diamonds P0 5Spades P1 7Spades 
P1 4Diamonds P2 3Clubs P3 QDiamonds P0 KSpades 
P2 JHearts P3 JClubs P0 5Hearts P1 5Diamonds 
P3 JDiamonds P0 6Spades P1 4Spades P2 4Clubs 
P2 5Clubs P3 7Clubs P0 AClubs P1 2Clubs 
P0 KClubs P1 6Clubs P2 QClubs P3 ADiamonds 
-- /GAME --
P0 HAND: 6Diamonds, AClubs, 6Clubs, 4Clubs, 3Clubs, 5Hearts, 3Hearts, 7Spades, JSpades, 6Spades.
P1 HAND: ADiamonds, 5Diamonds, JClubs, 5Clubs, KHearts, ASpades, KSpades, QSpades, 4Spades, 2Spades.
P2 HAND: 7Diamonds, QDiamonds, 3Diamonds, AHearts, 7Hearts, JHearts, QHearts, 6Hearts, 2Hearts, 3Spades.
P3 HAND: KDiamonds, JDiamonds, 4Diamonds, 2Diamonds, 7Clubs, KClubs, QClubs, 2Clubs, 4Hearts, 5Spades.
P3 2Diamonds P0 6Diamonds P1 ADiamonds P2 3Diamonds 
P1 2Spades P2 3Spades P3 5Spades P0 7Spades 
P0 AClubs P1 5Clubs P2 7Diamonds P3 2Clubs 
P0 3Clubs P1 JClubs P2 QDiamonds P3 7Clubs 
P3 4Diamonds P0 5Hearts P1 5Diamonds P2 2Hearts 
P0 JSpades P1 4Spades P2 6Hearts P3 QClubs 
P2 QHearts P3 4Hearts P0 3Hearts P1 KHearts 
P1 QSpades P2 JHearts P3 JDiamonds P0 6Spades 
P2 7Hearts P3 KDiamonds P0 6Clubs P1 KSpades 
P2 AHearts P3 KClubs P0 4Clubs P1 ASpades 
-- /GAME --
P0 HAND: QDiamonds, 3Diamonds, 2Diamonds, QClubs, 6Clubs, 4Clubs, QHearts, 4Hearts, 3Hearts, 3Spades.
P1 HAND: ADiamonds, 7Diamonds, KDiamonds, 4Diamonds, KHearts, 6Hearts, 2Hearts, JSpades, QSpades, 5Spades.
P2 HAND: JDiamonds, 5Diamonds, AClubs, 3Clubs, 7Hearts, 5Hearts, ASpades, 7Spades, KSpades, 4Spades.
P3 HAND: 6Diamonds, 7Clubs, KClubs, JClubs, 5Clubs, 2Clubs, AHearts, JHearts, 6Spades, 2Spades.
P2 AClubs P3 2Clubs P0 QClubs P1 4Diamonds 
P1 2Hearts P2 5Hearts P3 AHearts P0 3Hearts 
P3 2Spades P0 3Spades P1 5Spades P2 ASpades 
P2 3Clubs P3 5Clubs P0 6Clubs P1 6Hearts 
P0 4Clubs P1 QSpades P2 4Spades P3 7Clubs 
P3 6Spades P0 QHearts P1 JSpades P2 7Spades 
P2 5Diamonds P3 6Diamonds P0 2Diamonds P1 KDiamonds 
P1 7Diamonds P2 JDiamonds P3 JClubs P0 3Diamonds 
P1 ADiamonds P2 KSpades P3 JHearts P0 QDiamonds 
P1 KHearts P2 7Hearts P3 KClubs P0 4Hearts 
-- /GAME --
P0 HAND: 7Diamonds, AClubs, QClubs, 4Clubs, 2Clubs, 7Hearts, JHearts, 5Hearts, 7Spades, QSpades.
P1 HAND: ADiamonds, 6Diamonds, 4Diamonds, KClubs, JClubs, 3Hearts, JSpades, 6Spades, 5Spades, 4Spades.
P2 HAND: QDiamonds, 5Diamonds, 6Clubs, 3Clubs, QHearts, 6Hearts, ASpades, KSpades, 3Spades, 2Spades.
P3 HAND: KDiamonds, JDiamonds, 3Diamonds, 2Diamonds, 7Clubs, 5Clubs, AHearts, KHearts, 4Hearts, 2Hearts.
P1 ADiamonds P2 5Diamonds P3 KDiamonds P0 7Diamonds 
P1 4Diamonds P2 QDiamonds P3 2Diamonds P0 7Spades 
P2 2Spades P3 3Diamonds P0 QSpades P1 JSpades 
P1 4Spades P2 3Spades P3 5Clubs P0 4Clubs 
P1 5Spades P2 KSpades P3 2Hearts P0 2Clubs 
P3 JDiamonds P0 5Hearts P1 6Diamonds P2 ASpades 
P0 AClubs P1 JClubs P2 6Clubs P3 7Clubs 
P0 7Hearts P1 3Hearts P2 6Hearts P3 AHearts 
P3 4Hearts P0 JHearts P1 6Spades P2 QHearts 
P0 QClubs P1 KClubs P2 3Clubs P3 KHearts 
-- /GAME --
P0 HAND: 7Diamonds, QDiamonds, KClubs, 2Clubs, 7Hearts, JHearts, QHearts, 4Hearts, 3Hearts, KSpades.
P1 HAND: KDiamonds, JDiamonds, 4Diamonds, 3Diamonds, 5Clubs, 4Clubs, ASpades, JSpades, 5Spades, 2Spades.
P2 HAND: 5Diamonds, 2Diamonds, 7Clubs, JClubs, QClubs, 6Clubs, 3Clubs, 5Hearts, 2Hearts, 6Spades.
P3 HAND: ADiamonds, 6Diamonds, AClubs, AHearts, KHearts, 6Hearts, 7Spades, QSpades, 4Spades, 3Spades.
P0 2Clubs P1 4Clubs P2 3Clubs P3 AClubs 
P3 ADiamonds P0 QDiamonds P1 KDiamonds P2 2Diamonds 
P3 3Spades P0 KSpades P1 ASpades P2 6Spades 
P1 2Spades P2 5Diamonds P3 7Spades P0 3Hearts 
P0 KClubs P1 5Clubs P2 6Clubs P3 4Spades 
P0 4Hearts P1 3Diamonds P2 2Hearts P3 6Hearts 
P3 6Diamonds P0 7Diamonds P1 4Diamonds P2 7Clubs 
P0 QHearts P1 5Spades P2 5Hearts P3 KHearts 
P3 QSpades P0 7Hearts P1 JSpades P2 JClubs 
P0 JHearts P1 JDiamonds P2 QClubs P3 AHearts 
-- /GAME --
P0 HAND: ADiamonds, 7Diamonds, JDiamonds, 2Diamonds, JClubs, QClubs, 5Clubs, JHearts, JSpades, QSpades.
P1 HAND: 7Clubs, 6Clubs, KHearts, QHearts, 4Hearts, 2Hearts, 7Spades, KSpades, 4Spades, 3Spades.
P2 HAND: QDiamonds, 6Diamonds, 5Diamonds, 3Diamonds, KClubs, 4Clubs, AHearts, 6Hearts, ASpades, 5Spades.
P3 HAND: KDiamonds, 4Diamonds, AClubs, 3Clubs, 2Clubs, 7Hearts, 5Hearts, 3Hearts, 6Spades, 2Spades.
P3 AClubs P0 5Clubs P1 7Clubs P2 4Clubs 
P3 2Clubs P0 JClubs P1 6Clubs P2 KClubs 
P2 ASpades P3 2Spades P0 JSpades P1 3Spades 
P2 3Diamonds P3 4Diamonds P0 ADiamonds P1 2Hearts 
P1 4Spades P2 5Spades P3 6Spades P0 QSpades 
P0 QClubs P1 4Hearts P2 5Diamonds P3 3Clubs 
P1 QHearts P2 6Hearts P3 3Hearts P0 JHearts 
P0 2Diamonds P1 KHearts P2 6Diamonds P3 KDiamonds 
P1 KSpades P2 QDiamonds P3 5Hearts P0 JDiamonds 
P3 7Hearts P0 7Diamonds P1 7Spades P2 AHearts 
-- /GAME --
P0 HAND: KDiamonds, 5Diamonds, 2Diamonds, JClubs, 7Hearts, 6Hearts, 5Hearts, JSpades, 5Spades, 2Spades.
P1 HAND: 7Diamonds, JDiamonds, 4Diamonds, 3Diamonds, QClubs, 6Clubs, 5Clubs, 4Clubs, AHearts, QSpades.
P2 HAND: ADiamonds, QDiamonds, AClubs, 7Clubs, KClubs, JHearts, ASpades, 7Spades, KSpades, 6Spades.
P3 HAND: 6Diamonds, 3Clubs, 2Clubs, KHearts, QHearts, 4Hearts, 3Hearts, 2Hearts, 4Spades, 3Spades.
P2 AClubs P3 2Clubs P0 JClubs P1 4Clubs 
P2 ASpades P3 3Spades P0 JSpades P1 QSpades 
P2 6Spades P3 4Spades P0 2Spades P1 5Clubs 
P2 JHearts P3 2Hearts P0 5Hearts P1 AHearts 
P1 6Clubs P2 KClubs P3 3Clubs P0 7Hearts 
P2 QDiamonds P3 6Diamonds P0 2Diamonds P1 3Diamonds 
P2 ADiamonds P3 3Hearts P0 KDiamonds P1 4Diamonds 
P2 KSpades P3 4Hearts P0 5Spades P1 QClubs 
P2 7Clubs P3 QHearts P0 6Hearts P1 JDiamonds 
P1 7Diamonds P2 7Spades P3 KHearts P0 5Diamonds 
-- /GAME --
P0 HAND: 7Diamonds, 5Diamonds, AClubs, 7Clubs, QClubs, 3Clubs, 2Clubs, 4Hearts, 7Spades, 5Spades.
P1 HAND: ADiamonds, 4Diamonds, 2Diamonds, KClubs, 5Clubs, 4Clubs, QHearts, ASpades, QSpades, 4Spades.
P2 HAND: KDiamonds, JDiamonds, 3Diamonds, AHearts, JHearts, 3Hearts, KSpades, JSpades, 6Spades, 3Spades.
P3 HAND: QDiamonds, 6Diamonds, JClubs, 6Clubs, 7Hearts, KHearts, 6Hearts, 5Hearts, 2Hearts, 2Spades.
P1 ADiamonds P2 3Diamonds P3 QDiamonds P0 5Diamonds 
P1 2Diamonds P2 JDiamonds P3 6Diamonds P0 7Diamonds 
P0 4Hearts P1 QHearts P2 AHearts P3 2Hearts 
P2 3Hearts P3 5Hearts P0 2Clubs P1 KClubs 
P3 6Clubs P0 AClubs P1 4Clubs P2 KDiamonds 
P0 3Clubs P1 5Clubs P2 3Spades P3 JClubs 
P2 JHearts P3 6Hearts P0 7Spades P1 ASpades 
P1 4Diamonds P2 6Spades P3 2Spades P0 7Clubs 
P2 JSpades P3 KHearts P0 5Spades P1 4Spades 
P2 KSpades P3 7Hearts P0 QClubs P1 QSpades 
-- /GAME --
P0 HAND: ADiamonds, 7Diamonds, QDiamonds, 4Diamonds, 7Clubs, 6Clubs, 5Clubs, 4Clubs, 3Hearts, QSpades.
P1 HAND: KDiamonds, 5Diamonds, QClubs, 5Hearts, 2Hearts, 7Spades, KSpades, 6Spades, 5Spades, 2Spades.
P2 HAND: 6Diamonds, 3Diamonds, 2Diamonds, JClubs, 3Clubs, 2Clubs, JHearts, QHearts, 6Hearts, 3Spades.
P3 HAND: JDiamonds, AClubs, KClubs, AHearts, 7Hearts, KHearts, 4Hearts, ASpades, JSpades, 4Spades.
P3 AHearts P0 3Hearts P1 5Hearts P2 6Hearts 
P3 ASpades P0 QSpades P1 7Spades P2 3Spades 
P3 4Hearts P0 4Diamonds P1 2Hearts P2 JHearts 
P2 2Diamonds P3 JDiamonds P0 ADiamonds P1 5Diamonds 
P0 7Diamonds P1 KDiamonds P2 3Diamonds P3 KClubs 
P3 4Spades P0 QDiamonds P1 2Spades P2 6Diamonds 
P3 JSpades P0 4Clubs P1 5Spades P2 QHearts 
P0 5Clubs P1 QClubs P2 2Clubs P3 AClubs 
P3 KHearts P0 6Clubs P1 6Spades P2 3Clubs 
P0 7Clubs P1 KSpades P2 JClubs P3 7Hearts 
-- /GAME --
P0 HAND: ADiamonds, 7Diamonds, 5Diamonds, JClubs, 5Hearts, 3Hearts, ASpades, KSpades, 4Spades, 3Spades.
P1 HAND: JDiamonds, QDiamonds, 6Diamonds, 3Diamonds, 2Diamonds, KClubs, AHearts, JHearts, 2Hearts, 6Spades.
P2 HAND: 4Diamonds, AClubs, 7Clubs, 5Clubs, KHearts, QHearts, 4Hearts, 7Spades, 5Spades, 2Spades.
P3 HAND: KDiamonds, QClubs, 6Clubs, 4Clubs, 3Clubs, 2Clubs, 7Hearts, 6Hearts, JSpades, QSpades.
P2 AClubs P3 2Clubs P0 JClubs P1 KClubs 
P2 2Spades P3 QSpades P0 ASpades P1 6Spades 
P0 3Hearts P1 AHearts P2 4Hearts P3 7Hearts 
P1 2Hearts P2 QHearts P3 6Hearts P0 5Hearts 
P2 5Clubs P3 3Clubs P0 3Spades P1 2Diamonds 
P1 JHearts P2 KHearts P3 KDiamonds P0 7Diamonds 
P0 KSpades P1 3Diamonds P2 5Spades P3 JSpades 
P1 6Diamonds P2 4Diamonds P3 4Clubs P0 5Diamonds 
P1 QDiamonds P2 7Clubs P3 6Clubs P0 ADiamonds 
P0 4Spades P1 JDiamonds P2 7Spades P3 QClubs 
-- /GAME --
P0 HAND: ADiamonds, 7Diamonds, JDiamonds, AClubs, KClubs, 6Clubs, KHearts, QHearts, 7Spades, 3Spades.
P1 HAND: KDiamonds, 4Diamonds, 3Diamonds, 5Clubs, 2Clubs, 6Hearts, 5Hearts, 4Hearts, KSpades, JSpades.
P2 HAND: 5Diamonds, 7Clubs, JClubs, 4Clubs, 3Clubs, 7Hearts, JHearts, 2Hearts, 5Spades, 4Spades.
P3 HAND: QDiamonds, 6Diamonds, 2Diamonds, QClubs, AHearts, 3Hearts, ASpades, QSpades, 6Spades, 2Spades.
P1 2Clubs P2 3Clubs P3 QClubs P0 AClubs 
P0 ADiamonds P1 3Diamonds P2 5Diamonds P3 2Diamonds 
P0 7Diamonds P1 4Diamonds P2 7Clubs P3 6Diamonds 
P0 6Clubs P1 5Clubs P2 4Clubs P3 3Hearts 
P0 JDiamonds P1 KDiamonds P2 4Spades P3 QDiamonds 
P2 2Hearts P3 AHearts P0 QHearts P1 6Hearts 
P3 2Spades P0 3Spades P1 JSpades P2 5Spades 
P1 4Hearts P2 JHearts P3 6Spades P0 KHearts 
P3 QSpades P0 7Spades P1 KSpades P2 7Hearts 
P0 KClubs P1 5Hearts P2 JClubs P3 ASpades 
-- /GAME --
P0 HAND: 7Diamonds, KDiamonds, 3Diamonds, KClubs, 6Clubs, 7Hearts, JHearts, QHearts, 7Spades, 6Spades.
P1 HAND: JDiamonds, 4Diamonds, 7Clubs, JClubs, 3Clubs, AHearts, 4Hearts, 3Hearts, ASpades, 5Spades.
P2 HAND: ADiamonds, 5Diamonds, AClubs, 2Clubs, KHearts, KSpades, JSpades, 4Spades, 3Spades, 2Spades.
P3 HAND: QDiamonds, 6Diamonds, 2Diamonds, QClubs, 5Clubs, 4Clubs, 6Hearts, 5Hearts, 2Hearts, QSpades.
P0 3Diamonds P1 4Diamonds P2 ADiamonds P3 2Diamonds 
P2 AClubs P3 4Clubs P0 KClubs P1 3Clubs 
P2 2Clubs P3 5Clubs P0 6Clubs P1 7Clubs 
P1 AHearts P2 KHearts P3 6Hearts P0 QHearts 
P1 3Hearts P2 5Diamonds P3 2Hearts P0 7Hearts 
P0 7Diamonds P1 JDiamonds P2 2Spades P3 6Diamonds 
P2 3Spades P3 QSpades P0 7Spades P1 ASpades 
P1 4Hearts P2 4Spades P3 5Hearts P0 JHearts 
P2 JSpades P3 QDiamonds P0 6Spades P1 5Spades 
P2 KSpades P3 QClubs P0 KDiamonds P1 JClubs 
-- /GAME --
P0 HAND: 6Diamonds, 4Diamonds, 3Diamonds, 2Diamonds, AClubs, QClubs, 3Clubs, 7Hearts, 7Spades, QSpades.
P1 HAND: KDiamonds, JDiamonds, 5Diamonds, 5Clubs, 4Clubs, AHearts, JHearts, QHearts, 6Spades, 4Spades.
P2 HAND: ADiamonds, 7Diamonds, QDiamonds, JClubs, 2Clubs, 4Hearts, 3Hearts, 2Hearts, ASpades, 3Spades.
P3 HAND: 7Clubs, KClubs, 6Clubs, KHearts, 6Hearts, 5Hearts, KSpades, JSpades, 5Spades, 2Spades.
P3 2Spades P0 QSpades P1 4Spades P2 ASpades 
P2 ADiamonds P3 6Clubs P0 2Diamonds P1 KDiamonds 
P3 5Hearts P0 7Hearts P1 AHearts P2 2Hearts 
P1 5Diamonds P2 QDiamonds P3 5Spades P0 3Diamonds 
P2 3Hearts P3 6Hearts P0 6Diamonds P1 JHearts 
P1 6Spades P2 3Spades P3 JSpades P0 7Spades 
P0 4Diamonds P1 JDiamonds P2 7Diamonds P3 KClubs 
P3 7Clubs P0 AClubs P1 4Clubs P2 2Clubs 
P0 3Clubs P1 5Clubs P2 JClubs P3 KHearts 
P2 4Hearts P3 KSpades P0 QClubs P1 QHearts 
-- /GAME --
P0 HAND: JDiamonds, 5Diamonds, 3Diamonds, 2Diamonds, 5Clubs, 2Clubs, AHearts, ASpades, 7Spades, JSpades.
P1 HAND: KDiamonds, QDiamonds, KClubs, JClubs, QClubs, 7Hearts, QHearts, 2Hearts, QSpades, 4Spades.
P2 HAND: ADiamonds, 6Diamonds, 4Diamonds, 4Clubs, KHearts, JHearts, 6Hearts, 5Hearts, 6Spades, 3Spades.
P3 HAND: 7Diamonds, AClubs, 7Clubs, 6Clubs, 3Clubs, 4Hearts, 3Hearts, KSpades, 5Spades, 2Spades.
P3 AClubs P0 2Clubs P1 KClubs P2 4Clubs 
P3 3Clubs P0 5Clubs P1 QClubs P2 4Diamonds 
P1 2Hearts P2 5Hearts P3 3Hearts P0 AHearts 
P0 2Diamonds P1 QDiamonds P2 ADiamonds P3 7Diamonds 
P2 6Diamonds P3 4Hearts P0 JDiamonds P1 KDiamonds 
P1 QHearts P2 6Hearts P3 6Clubs P0 3Diamonds 
P1 JClubs P2 3Spades P3 7Clubs P0 5Diamonds 
P2 JHearts P3 2Spades P0 JSpades P1 7Hearts 
P0 ASpades P1 4Spades P2 6Spades P3 5Spades 
P0 7Spades P1 QSpades P2 KHearts P3 KSpades 
-- /GAME --
P0 HAND: 7Diamonds, KDiamonds, JClubs, 4Clubs, 3Clubs, JHearts, ASpades, KSpades, JSpades, 5Spades.
P1 HAND: QDiamonds, 4Diamonds, 2Diamonds, 7Clubs, KClubs, 6Clubs, 5Clubs, 6Hearts, 5Hearts, 4Spades.
P2 HAND: ADiamonds, 6Diamonds, 3Diamonds, AClubs, 7Hearts, KHearts, 3Hearts, 2Hearts, 7Spades, QSpades.
P3 HAND: JDiamonds, 5Diamonds, QClubs, 2Clubs, AHearts, QHearts, 4Hearts, 6Spades, 3Spades, 2Spades.
P2 ADiamonds P3 5Diamonds P0 7Diamonds P1 2Diamonds 
P2 AClubs P3 2Clubs P0 JClubs P1 5Clubs 
P2 3Diamonds P3 JDiamonds P0 KDiamonds P1 4Diamonds 
P0 ASpades P1 4Spades P2 7Spades P3 2Spades 
P0 3Clubs P1 6Clubs P2 6Diamonds P3 QClubs 
P3 3Spades P0 KSpades P1 QDiamonds P2 QSpades 
P0 4Clubs P1 KClubs P2 2Hearts P3 6Spades 
P2 3Hearts P3 4Hearts P0 JHearts P1 5Hearts 
P0 JSpades P1 6Hearts P2 KHearts P3 AHearts 
P3 QHearts P0 5Spades P1 7Clubs P2 7Hearts 
-- /GAME --
P0 HAND: ADiamonds, QDiamonds, 6Diamonds, AClubs, 3Clubs, KHearts, 5Hearts, ASpades, 7Spades, KSpades.
P1 HAND: JDiamonds, 7Clubs, QClubs, 7Hearts, 6Hearts, 4Hearts, 3Hearts, 2Hearts, 4Spades, 3Spades.
P2 HAND: 7Diamonds, 5Diamonds, KClubs, JClubs, 6Clubs, 4Clubs, 2Clubs, QHearts, 6Spades, 2Spades.
P3 HAND: KDiamonds, 4Diamonds, 3Diamonds, 2Diamonds, 5Clubs, AHearts, JHearts, JSpades, QSpades, 5Spades.
P2 2Spades P3 5Spades P0 ASpades P1 3Spades 
P0 ADiamonds P1 JDiamonds P2 7Diamonds P3 2Diamonds 
P0 7Spades P1 4Spades P2 6Spades P3 QSpades 
P0 5Hearts P1 2Hearts P2 QHearts P3 AHearts 
P3 3Diamonds P0 QDiamonds P1 3Hearts P2 5Diamonds 
P0 6Diamonds P1 4Hearts P2 2Clubs P3 4Diamonds 
P2 4Clubs P3 5Clubs P0 3Clubs P1 QClubs 
P1 6Hearts P2 6Clubs P3 JHearts P0 KHearts 
P2 JClubs P3 JSpades P0 AClubs P1 7Clubs 
P0 KSpades P1 7Hearts P2 KClubs P3 KDiamonds 
-- /GAME --
P0 HAND: 7Diamonds, KDiamonds, JDiamonds, 7Clubs, KClubs, 6Clubs, 4Hearts, 3Hearts, JSpades, 6Spades.
P1 HAND: QDiamonds, 5Diamonds, 2Diamonds, JClubs, 2Clubs, 7Hearts, QHearts, ASpades, 7Spades, 2Spades.
P2 HAND: ADiamonds, 6Diamonds, QClubs, 5Clubs, 4Clubs, 6Hearts, KSpades, QSpades, 5Spades, 3Spades.
P3 HAND: 4Diamonds, 3Diamonds, AClubs, 3Clubs, AHearts, KHearts, JHearts, 5Hearts, 2Hearts, 4Spades.
P1 ASpades P2 3Spades P3 4Spades P0 6Spades 
P1 2Clubs P2 4Clubs P3 AClubs P0 6Clubs 
P3 2Hearts P0 3Hearts P1 QHearts P2 6Hearts 
P1 2Spades P2 5Spades P3 3Clubs P0 JSpades 
P0 4Hearts P1 7Hearts P2 6Diamonds P3 5Hearts 
P2 5Clubs P3 3Diamonds P0 KClubs P1 JClubs 
P3 JHearts P0 7Clubs P1 2Diamonds P2 ADiamonds 
P2 QClubs P3 4Diamonds P0 JDiamonds P1 7Spades 
P0 7Diamonds P1 5Diamonds P2 KSpades P3 KHearts 
P0 KDiamonds P1 QDiamonds P2 QSpades P3 AHearts 
-- /GAME --
P0 HAND: JDiamonds, 5Diamonds, 4Diamonds, 2Diamonds, AClubs, QClubs, 6Clubs, 5Hearts, 2Hearts, 2Spades.
P1 HAND: 7Diamonds, KDiamonds, 3Diamonds, JClubs, 2Clubs, 3Hearts, KSpades, QSpades, 6Spades, 3Spades.
P2 HAND: QDiamonds, 6Diamonds, 7Clubs, KClubs, 4Clubs, JHearts, QHearts, 4Hearts, 5Spades, 4Spades.
P3 HAND: ADiamonds, 5Clubs, 3Clubs, AHearts, 7Hearts, KHearts, 6Hearts, ASpades, 7Spades, JSpades.
P0 AClubs P1 2Clubs P2 7Clubs P3 3Clubs 
P0 2Diamonds P1 3Diamonds P2 6Diamonds P3 ADiamonds 
P3 AHearts P0 2Hearts P1 3Hearts P2 4Hearts 
P3 5Clubs P0 QClubs P1 JClubs P2 KClubs 
P2 4Clubs P3 6Hearts P0 6Clubs P1 3Spades 
P1 6Spades P2 4Spades P3 JSpades P0 2Spades 
P3 7Spades P0 4Diamonds P1 QSpades P2 5Spades 
P3 ASpades P0 5Hearts P1 KSpades P2 QDiamonds 
P3 KHearts P0 5Diamonds P1 KDiamonds P2 QHearts 
P3 7Hearts P0 JDiamonds P1 7Diamonds P2 JHearts 
-- /GAME --

