-- GAME --
P0 HAND: KDiamonds, JDiamonds, JClubs, 2Clubs, 7Hearts, 5Hearts, 7Spades, QSpades, 6Spades, 2Spades.
P1 HAND: ADiamonds, 7Diamonds, 6Diamonds, 4Diamonds, AClubs, KHearts, JHearts, 3Hearts, 2Hearts, 3Spades.
P2 HAND: QDiamonds, 5Diamonds, KClubs, 5Clubs, 3Clubs, QHearts, 6Hearts, 4Hearts, JSpades, 5Spades.
P3 HAND: 3Diamonds, 2Diamonds, 7Clubs, QClubs, 6Clubs, 4Clubs, AHearts, ASpades, KSpades, 4Spades.
P3 AHearts P0 5Hearts P1 KHearts P2 4Hearts 
P3 ASpades P0 2Spades P1 3Spades P2 5Spades 
P3 4Clubs P0 2Clubs P1 AClubs P2 3Clubs 
P1 2Hearts P2 6Hearts P3 4Spades P0 7Hearts 
P0 JClubs P1 3Hearts P2 5Clubs P3 7Clubs 
P3 6Clubs P0 JDiamonds P1 4Diamonds P2 KClubs 
P0 KDiamonds P1 6Diamonds P2 5Diamonds P3 2Diamonds 
P0 7Spades P1 7Diamonds P2 JSpades P3 KSpades 
P1 JHearts P2 QHearts P3 3Diamonds P0 6Spades 
P3 QClubs P0 QSpades P1 ADiamonds P2 QDiamonds 
-- /GAME --
P0 HAND: KDiamonds, JDiamonds, 4Diamonds, 3Diamonds, 7Clubs, KClubs, 4Clubs, AHearts, QSpades, 3Spades.
P1 HAND: QDiamonds, 5Diamonds, 2Diamonds, 5Clubs, QHearts, 6Hearts, 2Hearts, 6Spades, 4Spades, 2Spades.
P2 HAND: 6Diamonds, AClubs, JClubs, 2Clubs, 7Hearts, KHearts, 5Hearts, 3Hearts, KSpades, 5Spades.
P3 HAND: ADiamonds, 7Diamonds, QClubs, 6Clubs, 3Clubs, JHearts, 4Hearts, ASpades, 7Spades, JSpades.
P2 AClubs P3 3Clubs P0 7Clubs P1 5Clubs 
P2 2Clubs P3 6Clubs P0 4Clubs P1 QDiamonds 
P3 ADiamonds P0 3Diamonds P1 5Diamonds P2 6Diamonds 
P3 ASpades P0 3Spades P1 6Spades P2 5Spades 
P3 QClubs P0 KClubs P1 2Hearts P2 JClubs 
P1 2Diamonds P2 3Hearts P3 7Diamonds P0 KDiamonds 
P2 5Hearts P3 4Hearts P0 AHearts P1 6Hearts 
P0 QSpades P1 2Spades P2 KSpades P3 7Spades 
P3 JSpades P0 4Diamonds P1 4Spades P2 KHearts 
P2 7Hearts P3 JHearts P0 JDiamonds P1 QHearts 
-- /GAME --
P0 HAND: 6Diamonds, 4Diamonds, 2Diamonds, 5Clubs, KHearts, ASpades, 7Spades, KSpades, 6Spades, 4Spades.
P1 HAND: ADiamonds, QDiamonds, 3Diamonds, AClubs, 3Clubs, 7Hearts, QHearts, 4Hearts, 5Spades, 2Spades.
P2 HAND: 7Diamonds, JDiamonds, 7Clubs, KClubs, JClubs, 6Clubs, 4Clubs, JSpades, QSpades, 3Spades.
P3 HAND: KDiamonds, 5Diamonds, QClubs, 2Clubs, AHearts, JHearts, 6Hearts, 5Hearts, 3Hearts, 2Hearts.
P1 AClubs P2 4Clubs P3 QClubs P0 5Clubs 
P1 2Spades P2 3Spades P3 2Clubs P0 ASpades 
P0 4Spades P1 5Spades P2 QSpades P3 2Hearts 
P2 6Clubs P3 3Hearts P0 2Diamonds P1 3Clubs 
P0 6Spades P1 4Hearts P2 JSpades P3 5Hearts 
P2 JClubs P3 6Hearts P0 KHearts P1 3Diamonds 
P1 QHearts P2 JDiamonds P3 JHearts P0 7Spades 
P2 7Diamonds P3 5Diamonds P0 4Diamonds P1 ADiamonds 
P1 QDiamonds P2 KClubs P3 KDiamonds P0 6Diamonds 
P3 AHearts P0 KSpades P1 7Hearts P2 7Clubs 
-- /GAME --
P0 HAND: JDiamonds, KClubs, JClubs, JHearts, QHearts, 6Hearts, ASpades, JSpades, QSpades, 6Spades.
P1 HAND: 7Diamonds, 2Diamonds, 7Clubs, QClubs, 6Clubs, 5Hearts, 3Hearts, 7Spades, 3Spades, 2Spades.
P2 HAND: 5Diamonds, 3Diamonds, AClubs, 3Clubs, 2Clubs, 7Hearts, 4Hearts, 2Hearts, KSpades, 4Spades.
P3 HAND: ADiamonds, KDiamonds, QDiamonds, 6Diamonds, 4Diamonds, 5Clubs, 4Clubs, AHearts, KHearts, 5Spades.
P0 6Spades P1 2Spades P2 4Spades P3 5Spades 
P0 ASpades P1 3Spades P2 KSpades P3 4Diamonds 
P3 AHearts P0 6Hearts P1 5Hearts P2 2Hearts 
P3 4Clubs P0 JClubs P1 6Clubs P2 AClubs 
P2 2Clubs P3 5Clubs P0 KClubs P1 7Clubs 
P1 3Hearts P2 4Hearts P3 KHearts P0 QHearts 
P3 6Diamonds P0 JDiamonds P1 2Diamonds P2 3Diamonds 
P0 QSpades P1 7Spades P2 5Diamonds P3 QDiamonds 
P3 KDiamonds P0 JSpades P1 7Diamonds P2 3Clubs 
P1 QClubs P2 7Hearts P3 ADiamonds P0 JHearts 
-- /GAME --
P0 HAND: JDiamonds, 4Diamonds, 2Diamonds, JClubs, 4Clubs, AHearts, 5Hearts, 7Spades, 5Spades, 3Spades.
P1 HAND: QDiamonds, 6Diamonds, 5Diamonds, 3Diamonds, 3Clubs, KHearts, 4Hearts, KSpades, JSpades, 2Spades.
P2 HAND: 7Diamonds, 7Clubs, 2Clubs, 7Hearts, 6Hearts, 3Hearts, 2Hearts, ASpades, QSpades, 4Spades.
P3 HAND: ADiamonds, KDiamonds, AClubs, KClubs, QClubs, 6Clubs, 5Clubs, JHearts, QHearts, 6Spades.
P0 AHearts P1 4Hearts P2 7Hearts P3 QHearts 
P0 5Hearts P1 KHearts P2 2Hearts P3 JHearts 
P1 2Spades P2 ASpades P3 6Spades P0 7Spades 
P2 3Hearts P3 5Clubs P0 3Spades P1 KSpades 
P3 ADiamonds P0 2Diamonds P1 QDiamonds P2 7Diamonds 
P3 6Clubs P0 JClubs P1 3Clubs P2 2Clubs 
P0 4Diamonds P1 3Diamonds P2 4Spades P3 KDiamonds 
P3 QClubs P0 4Clubs P1 5Diamonds P2 7Clubs 
P2 6Hearts P3 KClubs P0 5Spades P1 JSpades 
P3 AClubs P0 JDiamonds P1 6Diamonds P2 QSpades 
-- /GAME --
P0 HAND: 7Diamonds, JDiamonds, 2Diamonds, AClubs, JClubs, 5Clubs, KHearts, 6Hearts, ASpades, JSpades.
P1 HAND: ADiamonds, 5Diamonds, KClubs, 6Clubs, 3Clubs, 5Hearts, 4Hearts, 2Hearts, 5Spades, 4Spades.
P2 HAND: KDiamonds, 4Diamonds, 7Clubs, QClubs, 4Clubs, 7Hearts, QHearts, 7Spades, KSpades, QSpades.
P3 HAND: QDiamonds, 6Diamonds, 3Diamonds, 2Clubs, AHearts, JHearts, 3Hearts, 6Spades, 3Spades, 2Spades.
P3 AHearts P0 6Hearts P1 5Hearts P2 QHearts 
P3 2Spades P0 ASpades P1 4Spades P2 7Spades 
P0 JSpades P1 5Spades P2 KSpades P3 3Spades 
P2 4Diamonds P3 3Diamonds P0 2Diamonds P1 ADiamonds 
P1 2Hearts P2 7Hearts P3 3Hearts P0 KHearts 
P2 QSpades P3 6Spades P0 7Diamonds P1 3Clubs 
P1 4Hearts P2 4Clubs P3 JHearts P0 JDiamonds 
P2 QClubs P3 2Clubs P0 5Clubs P1 6Clubs 
P2 7Clubs P3 6Diamonds P0 JClubs P1 KClubs 
P2 KDiamonds P3 QDiamonds P0 AClubs P1 5Diamonds 
-- /GAME --
P0 HAND: QDiamonds, 3Diamonds, QClubs, 5Clubs, 2Clubs, AHearts, 7Hearts, KSpades, JSpades, 4Spades.
P1 HAND: ADiamonds, JDiamonds, 2Diamonds, 7Clubs, KHearts, QHearts, 4Hearts, 2Hearts, 6Spades, 2Spades.
P2 HAND: 5Diamonds, AClubs, JClubs, 6Clubs, 3Clubs, 6Hearts, 3Hearts, 7Spades, 5Spades, 3Spades.
P3 HAND: 7Diamonds, KDiamonds, 6Diamonds, 4Diamonds, KClubs, 4Clubs, JHearts, 5Hearts, ASpades, QSpades.
P2 AClubs P3 4Clubs P0 QClubs P1 7Clubs 
P2 3Clubs P3 KClubs P0 2Clubs P1 ADiamonds 
P3 4Diamonds P0 3Diamonds P1 2Diamonds P2 5Diamonds 
P2 3Hearts P3 5Hearts P0 AHearts P1 2Hearts 
P0 7Hearts P1 4Hearts P2 6Hearts P3 JHearts 
P0 5Clubs P1 QHearts P2 6Clubs P3 6Diamonds 
P2 JClubs P3 QSpades P0 JSpades P1 JDiamonds 
P0 QDiamonds P1 2Spades P2 3Spades P3 KDiamonds 
P2 5Spades P3 ASpades P0 4Spades P1 6Spades 
P3 7Diamonds P0 KSpades P1 KHearts P2 7Spades 
-- /GAME --
P0 HAND: JDiamonds, 4Diamonds, AClubs, 7Clubs, 2Clubs, 2Hearts, 7Spades, JSpades, 6Spades, 3Spades.
P1 HAND: ADiamonds, QDiamonds, 3Diamonds, 2Diamonds, JClubs, KHearts, JHearts, 6Hearts, KSpades, QSpades.
P2 HAND: 7Diamonds, 6Diamonds, 5Diamonds, KClubs, 5Clubs, 4Clubs, QHearts, 4Hearts, 3Hearts, 5Spades.
P3 HAND: KDiamonds, QClubs, 6Clubs, 3Clubs, AHearts, 7Hearts, 5Hearts, ASpades, 4Spades, 2Spades.
P1 ADiamonds P2 5Diamonds P3 KDiamonds P0 4Diamonds 
P1 2Diamonds P2 6Diamonds P3 3Clubs P0 JDiamonds 
P0 AClubs P1 JClubs P2 KClubs P3 6Clubs 
P0 7Clubs P1 QSpades P2 4Clubs P3 QClubs 
P1 3Diamonds P2 7Diamonds P3 2Spades P0 3Spades 
P0 2Clubs P1 6Hearts P2 5Clubs P3 5Hearts 
P2 3Hearts P3 AHearts P0 2Hearts P1 KHearts 
P3 4Spades P0 7Spades P1 KSpades P2 5Spades 
P0 6Spades P1 QDiamonds P2 4Hearts P3 ASpades 
P3 7Hearts P0 JSpades P1 JHearts P2 QHearts 
-- /GAME --
P0 HAND: 7Diamonds, 4Diamonds, 3Diamonds, 2Diamonds, AClubs, 7Clubs, 2Clubs, 4Hearts, 3Hearts, 2Hearts.
P1 HAND: ADiamonds, JDiamonds, JClubs, KHearts, 5Hearts, ASpades, 7Spades, QSpades, 5Spades, 3Spades.
P2 HAND: KDiamonds, QDiamonds, 6Clubs, 5Clubs, 4Clubs, 3Clubs, AHearts, 7Hearts, JSpades, 2Spades.
P3 HAND: 6Diamonds, 5Diamonds, KClubs, QClubs, JHearts, QHearts, 6Hearts, KSpades, 6Spades, 4Spades.
P3 4Spades P0 2Hearts P1 ASpades P2 2Spades 
P1 ADiamonds P2 QDiamonds P3 6Diamonds P0 2Diamonds 
P1 3Spades P2 JSpades P3 6Spades P0 7Diamonds 
P2 AHearts P3 6Hearts P0 4Hearts P1 5Hearts 
P2 3Clubs P3 QClubs P0 2Clubs P1 JClubs 
P1 5Spades P2 4Clubs P3 KSpades P0 3Hearts 
P2 5Clubs P3 KClubs P0 7Clubs P1 QSpades 
P0 3Diamonds P1 JDiamonds P2 KDiamonds P3 5Diamonds 
P2 6Clubs P3 QHearts P0 AClubs P1 KHearts 
P0 4Diamonds P1 7Spades P2 7Hearts P3 JHearts 
-- /GAME --
P0 HAND: 5Diamonds, 4Diamonds, 2Clubs, 7Hearts, JHearts, 4Hearts, 3Hearts, 7Spades, JSpades, QSpades.
P1 HAND: JDiamonds, 6Diamonds, 3Diamonds, 3Clubs, AHearts, KHearts, 2Hearts, ASpades, 5Spades, 4Spades.
P2 HAND: KDiamonds, AClubs, KClubs, JClubs, QClubs, 6Clubs, 5Clubs, QHearts, 5Hearts, 2Spades.
P3 HAND: ADiamonds, 7Diamonds, QDiamonds, 2Diamonds, 7Clubs, 4Clubs, 6Hearts, KSpades, 6Spades, 3Spades.
P2 2Spades P3 3Spades P0 QSpades P1 ASpades 
P1 AHearts P2 5Hearts P3 6Hearts P0 3Hearts 
P1 2Hearts P2 QHearts P3 4Clubs P0 7Hearts 
P0 2Clubs P1 3Clubs P2 5Clubs P3 7Clubs 
P3 6Spades P0 JSpades P1 4Spades P2 AClubs 
P0 7Spades P1 5Spades P2 KDiamonds P3 KSpades 
P2 6Clubs P3 2Diamonds P0 4Hearts P1 KHearts 
P3 QDiamonds P0 4Diamonds P1 3Diamonds P2 QClubs 
P3 7Diamonds P0 5Diamonds P1 6Diamonds P2 JClubs 
P3 ADiamonds P0 JHearts P1 JDiamonds P2 KClubs 
-- /GAME --
P0 HAND: ADiamonds, 3Diamonds, 7Clubs, KClubs, JClubs, QClubs, AHearts, 6Hearts, 7Spades, 3Spades.
P1 HAND: 6Clubs, 4Clubs, 3Clubs, KHearts, QHearts, 5Hearts, 2Hearts, KSpades, 5Spades, 2Spades.
P2 HAND: QDiamonds, 5Diamonds, AClubs, 2Clubs, 7Hearts, JHearts, 4Hearts, ASpades, JSpades, QSpades.
P3 HAND: 7Diamonds, KDiamonds, JDiamonds, 6Diamonds, 4Diamonds, 2Diamonds, 5Clubs, 3Hearts, 6Spades, 4Spades.
P1 2Spades P2 ASpades P3 4Spades P0 7Spades 
P2 AClubs P3 5Clubs P0 7Clubs P1 3Clubs 
P2 2Clubs P3 2Diamonds P0 KClubs P1 4Clubs 
P0 ADiamonds P1 2Hearts P2 5Diamonds P3 7Diamonds 
P1 5Spades P2 QSpades P3 6Spades P0 3Spades 
P2 QDiamonds P3 4Diamonds P0 3Diamonds P1 6Clubs 
P2 JSpades P3 6Diamonds P0 QClubs P1 KSpades 
P1 5Hearts P2 4Hearts P3 3Hearts P0 6Hearts 
P0 JClubs P1 QHearts P2 JHearts P3 JDiamonds 
P2 7Hearts P3 KDiamonds P0 AHearts P1 KHearts 
-- /GAME --
P0 HAND: ADiamonds, KDiamonds, JDiamonds, 5Diamonds, 3Clubs, 2Clubs, KHearts, JHearts, 5Hearts, KSpades.
P1 HAND: 2Diamonds, AClubs, 6Clubs, 5Clubs, AHearts, 7Hearts, 3Hearts, ASpades, 6Spades, 4Spades.
P2 HAND: 6Diamonds, 4Diamonds, 7Clubs, QClubs, 4Clubs, 2Hearts, 7Spades, JSpades, 5Spades, 2Spades.
P3 HAND: 7Diamonds, QDiamonds, 3Diamonds, KClubs, JClubs, QHearts, 6Hearts, 4Hearts, QSpades, 3Spades.
P0 KSpades P1 ASpades P2 2Spades P3 QSpades 
P1 AClubs P2 4Clubs P3 KClubs P0 2Clubs 
P1 AHearts P2 2Hearts P3 QHearts P0 5Hearts 
P1 3Hearts P2 5Spades P3 4Hearts P0 KHearts 
P0 JHearts P1 7Hearts P2 4Diamonds P3 6Hearts 
P2 QClubs P3 JClubs P0 3Clubs P1 6Clubs 
P3 3Spades P0 5Diamonds P1 4Spades P2 7Spades 
P0 ADiamonds P1 2Diamonds P2 6Diamonds P3 3Diamonds 
P0 JDiamonds P1 5Clubs P2 JSpades P3 7Diamonds 
P3 QDiamonds P0 KDiamonds P1 6Spades P2 7Clubs 
-- /GAME --
P0 HAND: 5Diamonds, AClubs, 7Clubs, 4Clubs, AHearts, 7Hearts, 5Hearts, 7Spades, 5Spades, 3Spades.
P1 HAND: QDiamonds, 3Diamonds, KClubs, JClubs, 6Clubs, 4Hearts, KSpades, JSpades, QSpades, 2Spades.
P2 HAND: 7Diamonds, 6Diamonds, 4Diamonds, 3Clubs, 2Clubs, KHearts, 6Hearts, 3Hearts, ASpades, 4Spades.
P3 HAND: ADiamonds, KDiamonds, JDiamonds, 2Diamonds, QClubs, 5Clubs, JHearts, QHearts, 2Hearts, 6Spades.
P3 2Hearts P0 AHearts P1 4Hearts P2 KHearts 
P0 AClubs P1 6Clubs P2 3Clubs P3 5Clubs 
P0 7Clubs P1 JClubs P2 2Clubs P3 QClubs 
P0 7Hearts P1 3Diamonds P2 3Hearts P3 JHearts 
P1 2Spades P2 ASpades P3 6Spades P0 7Spades 
P2 4Spades P3 QHearts P0 3Spades P1 KSpades 
P1 QSpades P2 6Hearts P3 2Diamonds P0 5Spades 
P3 JDiamonds P0 5Diamonds P1 QDiamonds P2 7Diamonds 
P2 4Diamonds P3 KDiamonds P0 5Hearts P1 KClubs 
P3 ADiamonds P0 4Clubs P1 JSpades P2 6Diamonds 
-- /GAME --
P0 HAND: KDiamonds, QDiamonds, 5Diamonds, 3Diamonds, KClubs, 6Clubs, AHearts, QHearts, QSpades, 2Spades.
P1 HAND: 7Diamonds, 4Diamonds, 2Diamonds, 5Clubs, 2Clubs, JHearts, 5Hearts, ASpades, KSpades, 4Spades.
P2 HAND: ADiamonds, JDiamonds, 6Diamonds, JClubs, QClubs, 4Clubs, 3Clubs, 7Hearts, 3Hearts, 5Spades.
P3 HAND: AClubs, 7Clubs, KHearts, 6Hearts, 4Hearts, 2Hearts, 7Spades, JSpades, 6Spades, 3Spades.
P3 AClubs P0 6Clubs P1 5Clubs P2 3Clubs 
P3 2Hearts P0 AHearts P1 5Hearts P2 7Hearts 
P0 QHearts P1 JHearts P2 3Hearts P3 KHearts 
P3 3Spades P0 2Spades P1 ASpades P2 5Spades 
P1 2Clubs P2 4Clubs P3 7Clubs P0 KClubs 
P3 4Hearts P0 3Diamonds P1 4Spades P2 JClubs 
P0 QSpades P1 KSpades P2 6Diamonds P3 6Spades 
P2 QClubs P3 6Hearts P0 5Diamonds P1 2Diamonds 
P0 QDiamonds P1 4Diamonds P2 JDiamonds P3 JSpades 
P2 ADiamonds P3 7Spades P0 KDiamonds P1 7Diamonds 
-- /GAME --
P0 HAND: 6Diamonds, 2Diamonds, KClubs, JClubs, QClubs, 2Clubs, 4Hearts, 7Spades, JSpades, QSpades.
P1 HAND: JDiamonds, QDiamonds, 5Diamonds, 4Diamonds, AClubs, 5Clubs, 7Hearts, 5Hearts, 6Spades, 3Spades.
P2 HAND: ADiamonds, KDiamonds, 6Clubs, AHearts, KHearts, JHearts, 3Hearts, 2Hearts, KSpades, 5Spades.
P3 HAND: 7Diamonds, 3Diamonds, 7Clubs, 4Clubs, 3Clubs, QHearts, 6Hearts, ASpades, 4Spades, 2Spades.
P2 ADiamonds P3 3Diamonds P0 6Diamonds P1 4Diamonds 
P2 2Hearts P3 6Hearts P0 4Hearts P1 7Hearts 
P1 AClubs P2 6Clubs P3 7Clubs P0 2Clubs 
P1 5Diamonds P2 KDiamonds P3 7Diamonds P0 2Diamonds 
P3 3Clubs P0 KClubs P1 5Clubs P2 AHearts 
P0 QClubs P1 5Hearts P2 3Hearts P3 4Clubs 
P0 JClubs P1 QDiamonds P2 5Spades P3 ASpades 
P3 QHearts P0 7Spades P1 JDiamonds P2 KHearts 
P0 QSpades P1 3Spades P2 KSpades P3 2Spades 
P2 JHearts P3 4Spades P0 JSpades P1 6Spades 
-- /GAME --
P0 HAND: 6Diamonds, JClubs, 2Clubs, AHearts, 7Hearts, JHearts, 7Spades, KSpades, 6Spades, 4Spades.
P1 HAND: QDiamonds, AClubs, 5Clubs, 4Clubs, 3Clubs, KHearts, QHearts, 6Hearts, 2Hearts, QSpades.
P2 HAND: ADiamonds, 7Diamonds, JDiamonds, 4Diamonds, 3Diamonds, 2Diamonds, 6Clubs, 3Hearts, JSpades, 5Spades.
P3 HAND: KDiamonds, 5Diamonds, 7Clubs, KClubs, QClubs, 5Hearts, 4Hearts, ASpades, 3Spades, 2Spades.

