-- GAME --
P0 HAND: KDiamonds, 5Diamonds, 4Diamonds, 3Diamonds, KClubs, QClubs, 6Clubs, 6Hearts, 3Hearts, KSpades.
P1 HAND: ADiamonds, JDiamonds, 6Diamonds, AHearts, KHearts, JHearts, QHearts, 4Hearts, 4Spades, 2Spades.
P2 HAND: QDiamonds, 2Diamonds, AClubs, 5Clubs, 4Clubs, 2Clubs, 7Hearts, QSpades, 6Spades, 5Spades.
P3 HAND: 7Diamonds, 7Clubs, JClubs, 3Clubs, 5Hearts, 2Hearts, ASpades, 7Spades, JSpades, 3Spades.
P0 3Hearts P1 AHearts P2 7Hearts P3 5Hearts 
P1 ADiamonds P2 2Diamonds P3 7Diamonds P0 3Diamonds 
P1 4Hearts P2 2Clubs P3 2Hearts P0 6Hearts 
P0 KDiamonds P1 6Diamonds P2 QDiamonds P3 3Spades 
P3 3Clubs P0 KClubs P1 QHearts P2 AClubs 
P2 4Clubs P3 JClubs P0 6Clubs P1 KHearts 
P3 JSpades P0 KSpades P1 2Spades P2 5Spades 
P0 QClubs P1 4Spades P2 5Clubs P3 7Clubs 
P1 JDiamonds P2 6Spades P3 7Spades P0 4Diamonds 
P3 ASpades P0 5Diamonds P1 JHearts P2 QSpades 
-- /GAME --
P0 HAND: 6Diamonds, 7Clubs, 6Clubs, AHearts, JHearts, 4Hearts, 2Hearts, JSpades, QSpades, 4Spades.
P1 HAND: 3Diamonds, KClubs, 4Clubs, 3Clubs, 2Clubs, KHearts, 6Hearts, 3Hearts, ASpades, KSpades.
P2 HAND: 7Diamonds, KDiamonds, JDiamonds, 5Diamonds, QClubs, 5Hearts, 6Spades, 5Spades, 3Spades, 2Spades.
P3 HAND: ADiamonds, QDiamonds, 4Diamonds, 2Diamonds, AClubs, JClubs, 5Clubs, 7Hearts, QHearts, 7Spades.
P3 AClubs P0 6Clubs P1 KClubs P2 QClubs 
P3 5Clubs P0 7Clubs P1 2Clubs P2 6Spades 
P0 AHearts P1 3Hearts P2 5Hearts P3 QHearts 
P0 JSpades P1 ASpades P2 2Spades P3 7Spades 
P1 3Clubs P2 3Spades P3 JClubs P0 6Diamonds 
P0 QSpades P1 KSpades P2 5Spades P3 7Hearts 
P1 4Clubs P2 5Diamonds P3 2Diamonds P0 JHearts 
P2 JDiamonds P3 4Diamonds P0 2Hearts P1 3Diamonds 
P2 KDiamonds P3 QDiamonds P0 4Hearts P1 6Hearts 
P2 7Diamonds P3 ADiamonds P0 4Spades P1 KHearts 
-- /GAME --
P0 HAND: 6Diamonds, 4Diamonds, 6Clubs, 7Hearts, QHearts, 5Hearts, 3Hearts, KSpades, 4Spades, 3Spades.
P1 HAND: 5Diamonds, 7Clubs, 5Clubs, 3Clubs, AHearts, JHearts, 4Hearts, ASpades, 7Spades, 6Spades.
P2 HAND: KDiamonds, QDiamonds, 3Diamonds, KClubs, 2Clubs, 6Hearts, 2Hearts, JSpades, QSpades, 2Spades.
P3 HAND: ADiamonds, 7Diamonds, JDiamonds, 2Diamonds, AClubs, JClubs, QClubs, 4Clubs, KHearts, 5Spades.
P2 2Hearts P3 KHearts P0 3Hearts P1 AHearts 
P1 ASpades P2 2Spades 
