-- GAME --
P0 HAND: QDiamonds, 5Diamonds, 4Diamonds, 6Clubs, 2Clubs, AHearts, KHearts, QHearts, 7Spades, 6Spades.
P1 HAND: 7Diamonds, KDiamonds, 3Diamonds, 2Diamonds, AClubs, QClubs, 5Hearts, 2Hearts, QSpades, 4Spades.
P2 HAND: ADiamonds, 6Diamonds, JClubs, 3Clubs, 7Hearts, JHearts, 6Hearts, JSpades, 5Spades, 3Spades.
P3 HAND: JDiamonds, 7Clubs, KClubs, 5Clubs, 4Clubs, 4Hearts, 3Hearts, ASpades, KSpades, 2Spades.
P0 4Diamonds P1 2Diamonds P2 ADiamonds P3 JDiamonds 
P2 3Spades P3 ASpades P0 6Spades P1 QSpades 
P3 2Spades P0 7Spades P1 4Spades P2 JSpades 
P0 KHearts P1 2Hearts P2 6Hearts P3 3Hearts 
P0 AHearts P1 5Hearts P2 7Hearts P3 4Hearts 
P0 QHearts P1 3Diamonds P2 JHearts P3 4Clubs 
P3 5Clubs P0 2Clubs P1 QClubs P2 3Clubs 
P1 AClubs P2 JClubs P3 KClubs P0 6Clubs 
P1 KDiamonds P2 6Diamonds P3 7Clubs P0 5Diamonds 
P3 KSpades P0 QDiamonds P1 7Diamonds P2 5Spades 
-- /GAME --
P0 HAND: ADiamonds, QDiamonds, 4Diamonds, 6Clubs, 3Clubs, JHearts, QHearts, ASpades, QSpades, 5Spades.
P1 HAND: 2Diamonds, JClubs, QClubs, 5Clubs, 4Clubs, AHearts, 7Spades, JSpades, 6Spades, 2Spades.
P2 HAND: 7Diamonds, 3Diamonds, AClubs, 7Clubs, KClubs, 5Hearts, 3Hearts, 2Hearts, KSpades, 4Spades.
P3 HAND: KDiamonds, JDiamonds, 6Diamonds, 5Diamonds, 2Clubs, 7Hearts, KHearts, 6Hearts, 4Hearts, 3Spades.
P3 2Clubs P0 3Clubs P1 4Clubs P2 AClubs 
P2 2Hearts P3 4Hearts P0 QHearts P1 AHearts 
P1 2Spades P2 4Spades P3 3Spades P0 QSpades 
P0 ASpades P1 6Spades P2 KSpades P3 5Diamonds 
P3 6Hearts P0 JHearts P1 5Clubs P2 5Hearts 
P0 5Spades P1 JSpades P2 3Hearts P3 7Hearts 
P1 QClubs P2 KClubs P3 6Diamonds P0 6Clubs 
P3 JDiamonds P0 4Diamonds P1 2Diamonds P2 3Diamonds 
P3 KDiamonds P0 QDiamonds P1 JClubs P2 7Diamonds 
P2 7Clubs P3 KHearts P0 ADiamonds P1 7Spades 
-- /GAME --
P0 HAND: 7Diamonds, 5Diamonds, 7Clubs, 3Clubs, AHearts, 7Hearts, 3Hearts, 2Hearts, ASpades, 3Spades.
P1 HAND: 2Diamonds, AClubs, JClubs, 4Clubs, KHearts, JHearts, QHearts, 4Hearts, KSpades, 6Spades.
P2 HAND: ADiamonds, QDiamonds, 4Diamonds, 3Diamonds, QClubs, 7Spades, QSpades, 5Spades, 4Spades, 2Spades.
P3 HAND: KDiamonds, JDiamonds, 6Diamonds, KClubs, 6Clubs, 5Clubs, 2Clubs, 6Hearts, 5Hearts, JSpades.
P2 ADiamonds P3 6Diamonds P0 7Diamonds P1 2Diamonds 
P2 2Spades P3 JSpades P0 3Spades P1 KSpades 
P1 AClubs P2 QClubs P3 KClubs P0 3Clubs 
P1 4Clubs P2 3Diamonds P3 2Clubs P0 7Clubs 
P0 5Diamonds P1 6Spades P2 4Diamonds P3 KDiamonds 
P3 5Clubs P0 2Hearts P1 JClubs P2 7Spades 
P0 7Hearts P1 4Hearts P2 4Spades P3 5Hearts 
P0 3Hearts P1 QHearts P2 5Spades P3 6Hearts 
P1 JHearts P2 QDiamonds P3 6Clubs P0 AHearts 
P0 ASpades P1 KHearts P2 QSpades P3 JDiamonds 
-- /GAME --
P0 HAND: 2Diamonds, KClubs, 7Hearts, KHearts, 6Hearts, 5Hearts, 7Spades, KSpades, 6Spades, 5Spades.
P1 HAND: 3Diamonds, AClubs, JClubs, 2Clubs, AHearts, JHearts, 2Hearts, 4Spades, 3Spades, 2Spades.
P2 HAND: ADiamonds, KDiamonds, 6Diamonds, 7Clubs, QClubs, 4Clubs, 3Hearts, ASpades, JSpades, QSpades.
P3 HAND: 7Diamonds, JDiamonds, QDiamonds, 5Diamonds, 4Diamonds, 6Clubs, 5Clubs, 3Clubs, QHearts, 4Hearts.

