-- GAME --
P0 2Clubs P1 4Clubs P2 5Clubs P3 JClubs 
P3 2Hearts P0 4Hearts P1 5Hearts P2 QHearts 
P2 6Spades P3 6Hearts P0 2Diamonds P1 KSpades 
P3 AHearts P0 JHearts P1 7Hearts P2 KHearts 
P3 KDiamonds P0 4Diamonds P1 6Diamonds P2 KClubs 
P3 7Diamonds P0 3Diamonds P1 JDiamonds P2 7Clubs 
-- /GAME --
P0 HAND: KDiamonds, JDiamonds, QDiamonds, 2Clubs, AHearts, KHearts, QHearts, 4Hearts, 3Hearts, QSpades.
P1 HAND: ADiamonds, 6Diamonds, 4Diamonds, 7Clubs, KClubs, 3Clubs, JHearts, JSpades, 5Spades, 2Spades.
P2 HAND: 7Diamonds, 3Diamonds, AClubs, JClubs, QClubs, 5Clubs, 4Clubs, 6Hearts, 5Hearts, KSpades.
P3 HAND: 5Diamonds, 2Diamonds, 6Clubs, 7Hearts, 2Hearts, ASpades, 7Spades, 6Spades, 4Spades, 3Spades.
P1 2Spades P2 KSpades P3 ASpades P0 QSpades 
P3 2Hearts P0 AHearts P1 JHearts P2 6Hearts 
P0 2Clubs P1 3Clubs P2 AClubs P3 6Clubs 
P2 4Clubs P3 3Spades P0 3Hearts P1 7Clubs 
P1 5Spades P2 5Clubs P3 4Spades P0 4Hearts 
P1 JSpades P2 5Hearts P3 6Spades P0 QDiamonds 
P0 KHearts P1 4Diamonds P2 QClubs P3 7Hearts 
P1 6Diamonds P2 3Diamonds P3 2Diamonds P0 KDiamonds 
P0 QHearts P1 ADiamonds P2 JClubs P3 7Spades 
P1 KClubs P2 7Diamonds P3 5Diamonds P0 JDiamonds 
-- /GAME --
P0 HAND: QDiamonds, 6Diamonds, QClubs, 5Clubs, 5Hearts, 3Hearts, 2Hearts, 7Spades, JSpades, QSpades.
P1 HAND: ADiamonds, KDiamonds, JDiamonds, 2Diamonds, AClubs, 7Clubs, KClubs, 6Clubs, KHearts, 3Spades.
P2 HAND: 5Diamonds, 4Diamonds, 3Diamonds, 4Clubs, 2Clubs, 7Hearts, 4Hearts, ASpades, KSpades, 5Spades.
P3 HAND: 7Diamonds, JClubs, 3Clubs, AHearts, JHearts, QHearts, 6Hearts, 6Spades, 4Spades, 2Spades.

