-- GAME --
P0 HAND: 3Diamonds, AClubs, 6Clubs, 4Clubs, 2Clubs, KHearts, QHearts, 2Hearts, ASpades, QSpades.
P1 HAND: ADiamonds, 5Diamonds, 4Diamonds, 5Clubs, 3Clubs, 7Hearts, 6Hearts, 4Hearts, 3Hearts, 5Spades.
P2 HAND: 7Diamonds, KDiamonds, QDiamonds, 7Clubs, AHearts, JHearts, 5Hearts, 7Spades, 4Spades, 3Spades.
P3 HAND: JDiamonds, 6Diamonds, 2Diamonds, KClubs, JClubs, QClubs, KSpades, JSpades, 6Spades, 2Spades.
P0 AClubs P1 3Clubs P2 7Clubs P3 QClubs 
P0 3Diamonds P1 ADiamonds P2 QDiamonds P3 JDiamonds 
P1 3Hearts P2 AHearts P3 2Spades P0 2Hearts 
P3 2Diamonds P0 2Clubs P1 4Diamonds P2 7Diamonds 
P2 5Hearts P3 6Diamonds P0 QHearts P1 7Hearts 
P1 4Hearts P2 JHearts P3 6Spades P0 KHearts 
P3 JClubs P0 4Clubs P1 5Clubs P2 3Spades 
P2 4Spades P3 JSpades P0 QSpades P1 5Spades 
P3 KSpades P0 ASpades P1 5Diamonds P2 7Spades 
P0 6Clubs P1 6Hearts P2 KDiamonds P3 KClubs 
-- /GAME --
P0 HAND: ADiamonds, 6Diamonds, 5Diamonds, 2Diamonds, AClubs, 3Clubs, QHearts, 6Spades, 5Spades, 2Spades.
P1 HAND: JDiamonds, 4Diamonds, KClubs, AHearts, KHearts, 3Hearts, ASpades, JSpades, 4Spades, 3Spades.
P2 HAND: 6Clubs, 5Clubs, 4Clubs, 7Hearts, 6Hearts, 4Hearts, 2Hearts, 7Spades, KSpades, QSpades.
P3 HAND: 7Diamonds, KDiamonds, QDiamonds, 3Diamonds, 7Clubs, JClubs, QClubs, 2Clubs, JHearts, 5Hearts.
P3 3Diamonds P0 ADiamonds P1 4Diamonds P2 7Hearts 
P0 6Diamonds P1 JDiamonds P2 2Hearts P3 7Diamonds 
P3 5Hearts P0 QHearts P1 AHearts P2 4Hearts 
P1 ASpades P2 QSpades P3 KDiamonds P0 2Spades 
P1 3Hearts P2 6Hearts P3 JHearts P0 5Spades 
P3 QDiamonds P0 2Diamonds P1 3Spades P2 4Clubs 
P2 5Clubs P3 2Clubs P0 3Clubs P1 KClubs 
P1 4Spades P2 KSpades P3 QClubs P0 6Spades 
P3 JClubs P0 AClubs P1 JSpades P2 6Clubs 
P0 5Diamonds P1 KHearts P2 7Spades P3 7Clubs 
-- /GAME --
P0 HAND: 7Diamonds, 4Diamonds, 7Clubs, JClubs, 6Clubs, 5Clubs, 4Clubs, 2Clubs, 7Hearts, QSpades.
P1 HAND: JDiamonds, 5Diamonds, 3Diamonds, AClubs, AHearts, KHearts, 6Hearts, 3Hearts, 6Spades, 4Spades.
P2 HAND: ADiamonds, KDiamonds, 6Diamonds, QClubs, 3Clubs, QHearts, 2Hearts, ASpades, KSpades, JSpades.
P3 HAND: QDiamonds, 2Diamonds, KClubs, JHearts, 5Hearts, 4Hearts, 7Spades, 5Spades, 3Spades, 2Spades.
P2 ASpades P3 2Spades P0 QSpades P1 4Spades 
P2 2Hearts P3 4Hearts P0 7Hearts P1 AHearts 
P1 AClubs P2 3Clubs P3 KClubs P0 2Clubs 
P1 3Hearts P2 QHearts P3 5Hearts P0 7Clubs 
P2 QClubs P3 3Spades P0 4Clubs P1 6Hearts 
P2 JSpades P3 5Spades P0 7Diamonds P1 6Spades 
P0 5Clubs P1 3Diamonds P2 6Diamonds P3 2Diamonds 
P2 KDiamonds P3 QDiamonds P0 4Diamonds P1 5Diamonds 
P2 ADiamonds P3 JHearts P0 JClubs P1 JDiamonds 
P2 KSpades P3 7Spades P0 6Clubs P1 KHearts 
-- /GAME --
P0 HAND: QDiamonds, 6Diamonds, 3Diamonds, 3Clubs, QHearts, 6Hearts, 3Hearts, 2Hearts, 7Spades, KSpades.
P1 HAND: KDiamonds, 5Diamonds, 7Clubs, KClubs, JClubs, QClubs, 2Clubs, 7Hearts, JHearts, 3Spades.
P2 HAND: 4Diamonds, 2Diamonds, AClubs, 6Clubs, 5Hearts, ASpades, JSpades, QSpades, 6Spades, 2Spades.
P3 HAND: ADiamonds, 7Diamonds, JDiamonds, 5Clubs, 4Clubs, AHearts, KHearts, 4Hearts, 5Spades, 4Spades.
P1 2Clubs P2 AClubs P3 4Clubs P0 3Clubs 
P2 2Diamonds P3 ADiamonds P0 3Diamonds P1 KDiamonds 
P3 AHearts P0 2Hearts P1 7Hearts P2 5Hearts 
P3 4Hearts P0 QHearts P1 JHearts P2 2Spades 
P2 4Diamonds P3 JDiamonds P0 6Diamonds P1 5Diamonds 
P3 5Clubs P0 3Hearts P1 QClubs P2 6Clubs 
P1 JClubs P2 6Spades P3 4Spades P0 QDiamonds 
P2 QSpades P3 5Spades P0 7Spades P1 3Spades 
P0 6Hearts P1 KClubs P2 JSpades P3 KHearts 
P2 ASpades P3 7Diamonds P0 KSpades P1 7Clubs 
-- /GAME --
P0 HAND: ADiamonds, 7Diamonds, 4Diamonds, 7Clubs, JClubs, AHearts, 7Hearts, 4Hearts, 3Hearts, JSpades.
P1 HAND: KDiamonds, JDiamonds, 5Diamonds, KClubs, 5Clubs, QHearts, 2Hearts, 7Spades, QSpades, 4Spades.
P2 HAND: QDiamonds, 3Diamonds, 2Diamonds, AClubs, 6Clubs, 4Clubs, 2Clubs, KHearts, 6Spades, 3Spades.
P3 HAND: 6Diamonds, QClubs, 3Clubs, JHearts, 6Hearts, 5Hearts, ASpades, KSpades, 5Spades, 2Spades.
P0 ADiamonds P1 5Diamonds P2 QDiamonds P3 6Diamonds 
P0 AHearts P1 2Hearts P2 KHearts P3 5Hearts 
P0 3Hearts P1 QHearts P2 2Diamonds P3 JHearts 
P3 3Clubs P0 JClubs P1 5Clubs P2 AClubs 
P2 2Clubs P3 QClubs P0 7Clubs P1 KClubs 
P0 4Hearts P1 4Spades P2 3Diamonds P3 6Hearts 
P1 JDiamonds P2 4Clubs P3 2Spades P0 4Diamonds 
P3 5Spades P0 JSpades P1 QSpades P2 3Spades 
P0 7Diamonds P1 KDiamonds P2 6Spades P3 KSpades 
P3 ASpades P0 7Hearts P1 7Spades P2 6Clubs 
-- /GAME --
P0 HAND: JDiamonds, 4Diamonds, 2Diamonds, JClubs, 7Hearts, JHearts, 2Hearts, QSpades, 6Spades, 4Spades.
P1 HAND: ADiamonds, KDiamonds, QDiamonds, 6Clubs, 3Clubs, AHearts, QHearts, 3Hearts, 7Spades, KSpades.
P2 HAND: 3Diamonds, AClubs, 7Clubs, QClubs, 4Clubs, KHearts, 6Hearts, ASpades, 5Spades, 2Spades.
P3 HAND: 7Diamonds, 6Diamonds, 5Diamonds, KClubs, 5Clubs, 2Clubs, 5Hearts, 4Hearts, JSpades, 3Spades.
P2 ASpades P3 3Spades P0 QSpades P1 KSpades 
P2 2Spades P3 JSpades P0 4Spades P1 7Spades 
P1 ADiamonds P2 3Diamonds P3 7Diamonds P0 2Diamonds 
P1 AHearts P2 6Hearts P3 5Hearts P0 2Hearts 
P1 3Hearts P2 KHearts P3 4Hearts P0 7Hearts 
P0 6Spades P1 QDiamonds P2 5Spades P3 5Diamonds 
P0 4Diamonds P1 KDiamonds P2 4Clubs P3 6Diamonds 
P2 QClubs P3 2Clubs P0 JClubs P1 3Clubs 
P0 JDiamonds P1 QHearts P2 7Clubs P3 5Clubs 
P2 AClubs P3 KClubs P0 JHearts P1 6Clubs 
-- /GAME --
P0 HAND: KDiamonds, JDiamonds, 4Diamonds, 3Diamonds, 7Clubs, AHearts, 6Hearts, 5Hearts, 3Hearts, 6Spades.
P1 HAND: ADiamonds, JClubs, 5Clubs, 4Clubs, QHearts, 4Hearts, ASpades, JSpades, QSpades, 2Spades.
P2 HAND: QDiamonds, 6Diamonds, AClubs, 6Clubs, 2Clubs, 7Hearts, KHearts, JHearts, 2Hearts, 4Spades.
P3 HAND: 7Diamonds, 5Diamonds, 2Diamonds, KClubs, QClubs, 3Clubs, 7Spades, KSpades, 5Spades, 3Spades.
P1 ASpades P2 4Spades P3 7Spades 
