-- GAME --
P0 HAND: KDiamonds, QDiamonds, 6Diamonds, AClubs, 6Clubs, 5Clubs, 4Clubs, 2Clubs, 3Hearts, KSpades.
P1 HAND: JDiamonds, 4Diamonds, JClubs, AHearts, KHearts, 5Hearts, 4Hearts, QSpades, 6Spades, 5Spades.
P2 HAND: 7Clubs, KClubs, QClubs, 7Hearts, JHearts, QHearts, ASpades, 7Spades, JSpades, 2Spades.
P3 HAND: ADiamonds, 7Diamonds, 5Diamonds, 3Diamonds, 2Diamonds, 3Clubs, 6Hearts, 2Hearts, 4Spades, 3Spades.
P3 2Diamonds P0 6Diamonds P1 4Diamonds P2 7Clubs 
P0 3Hearts P1 AHearts P2 QHearts P3 6Hearts 
P1 4Hearts P2 JHearts P3 2Hearts P0 KDiamonds 
P2 QClubs P3 3Clubs P0 AClubs P1 JClubs 
P0 2Clubs P1 5Hearts P2 KClubs P3 3Diamonds 
P2 2Spades P3 3Spades P0 KSpades P1 5Spades 
P0 4Clubs P1 6Spades P2 JSpades P3 5Diamonds 
P2 7Spades P3 4Spades P0 QDiamonds P1 QSpades 
P2 ASpades P3 7Diamonds P0 6Clubs P1 JDiamonds 
P2 7Hearts P3 ADiamonds P0 5Clubs P1 KHearts 
-- /GAME --
P0 HAND: JDiamonds, 6Diamonds, 5Diamonds, 4Diamonds, 2Diamonds, KClubs, 5Clubs, JHearts, JSpades, 5Spades.
P1 HAND: KDiamonds, 7Clubs, QClubs, 6Clubs, 3Clubs, 2Clubs, 4Hearts, 2Hearts, ASpades, 7Spades.
P2 HAND: 7Diamonds, 3Diamonds, AClubs, 4Clubs, 6Hearts, 3Hearts, KSpades, 6Spades, 4Spades, 3Spades.
P3 HAND: ADiamonds, QDiamonds, JClubs, AHearts, 7Hearts, KHearts, QHearts, 5Hearts, QSpades, 2Spades.
P2 AClubs P3 JClubs P0 KClubs P1 2Clubs 
P2 3Diamonds P3 ADiamonds P0 4Diamonds P1 KDiamonds 
P3 5Hearts P0 JHearts P1 2Hearts P2 6Hearts 
P0 5Clubs P1 3Clubs P2 4Clubs P3 QDiamonds 
P0 2Diamonds P1 4Hearts P2 7Diamonds P3 2Spades 
P3 QHearts P0 JSpades P1 7Spades P2 3Hearts 
P1 6Clubs P2 3Spades P3 QSpades P0 5Diamonds 
P3 KHearts P0 5Spades P1 QClubs P2 4Spades 
P0 JDiamonds P1 ASpades P2 6Spades P3 AHearts 
P1 7Clubs P2 KSpades P3 7Hearts P0 6Diamonds 
-- /GAME --
P0 HAND: JDiamonds, 5Diamonds, 3Diamonds, 2Diamonds, JClubs, 2Clubs, ASpades, 5Spades, 4Spades, 3Spades.
P1 HAND: 7Diamonds, KDiamonds, 6Clubs, 5Clubs, 4Clubs, 3Clubs, 4Hearts, 7Spades, KSpades, JSpades.
P2 HAND: QDiamonds, 6Diamonds, AClubs, KClubs, QClubs, 7Hearts, QHearts, 5Hearts, 3Hearts, 6Spades.
P3 HAND: ADiamonds, 4Diamonds, 7Clubs, AHearts, KHearts, JHearts, 6Hearts, 2Hearts, QSpades, 2Spades.
P1 3Clubs P2 AClubs P3 7Clubs P0 JClubs 
P2 3Hearts P3 AHearts P0 JDiamonds P1 4Hearts 
P0 ASpades P1 JSpades P2 6Spades P3 2Spades 
P0 3Spades P1 KSpades P2 5Hearts P3 QSpades 
P1 4Clubs P2 QClubs P3 2Hearts P0 2Clubs 
P2 QHearts P3 6Hearts P0 5Diamonds P1 5Clubs 
P0 4Spades P1 7Spades P2 6Diamonds P3 ADiamonds 
P3 JHearts P0 2Diamonds P1 6Clubs P2 7Hearts 
P0 5Spades P1 KDiamonds P2 QDiamonds P3 KHearts 
P1 7Diamonds P2 KClubs P3 4Diamonds P0 3Diamonds 
-- /GAME --
P0 HAND: ADiamonds, JDiamonds, 7Clubs, KClubs, QClubs, 3Clubs, 2Clubs, AHearts, 4Hearts, 2Spades.
P1 HAND: 7Diamonds, KDiamonds, QDiamonds, 5Diamonds, 4Diamonds, 3Diamonds, 5Hearts, JSpades, 5Spades, 4Spades.
P2 HAND: AClubs, 6Clubs, 4Clubs, KHearts, JHearts, 6Hearts, 3Hearts, 7Spades, KSpades, 3Spades.
P3 HAND: 6Diamonds, 2Diamonds, JClubs, 5Clubs, 7Hearts, QHearts, 2Hearts, ASpades, QSpades, 6Spades.
P0 ADiamonds P1 3Diamonds P2 AClubs P3 2Diamonds 
P0 AHearts P1 5Hearts P2 KHearts P3 2Hearts 
P0 7Clubs P1 4Spades P2 4Clubs P3 JClubs 
P1 4Diamonds P2 3Hearts P3 6Diamonds P0 JDiamonds 
P0 KClubs P1 5Diamonds P2 6Clubs P3 5Clubs 
P0 QClubs P1 QDiamonds P2 JHearts P3 6Spades 
P3 QHearts P0 4Hearts P1 5Spades P2 6Hearts 
P1 JSpades P2 3Spades P3 QSpades P0 2Spades 
P1 KDiamonds P2 KSpades P3 ASpades P0 2Clubs 
P3 7Hearts P0 3Clubs P1 7Diamonds P2 7Spades 
-- /GAME --
P0 HAND: ADiamonds, 6Diamonds, 5Diamonds, 4Diamonds, QHearts, 4Hearts, 2Hearts, ASpades, JSpades, 5Spades.
P1 HAND: 7Diamonds, KDiamonds, JClubs, QClubs, 5Clubs, 4Clubs, 3Clubs, 2Clubs, 6Hearts, 7Spades.
P2 HAND: 3Diamonds, KClubs, 6Clubs, 7Hearts, 5Hearts, KSpades, QSpades, 6Spades, 3Spades, 2Spades.
P3 HAND: JDiamonds, QDiamonds, 2Diamonds, AClubs, 7Clubs, AHearts, KHearts, JHearts, 3Hearts, 4Spades.
P2 2Spades P3 4Spades P0 ASpades P1 7Spades 
P0 ADiamonds P1 KDiamonds P2 3Diamonds P3 2Diamonds 
P0 5Spades P1 6Hearts P2 3Spades P3 3Hearts 
P0 JSpades P1 2Clubs P2 6Spades P3 AHearts 
P1 3Clubs P2 6Clubs P3 7Clubs P0 6Diamonds 
P3 QDiamonds P0 4Diamonds P1 7Diamonds P2 KClubs 
P2 5Hearts P3 JHearts P0 4Hearts P1 4Clubs 
P1 5Clubs P2 QSpades P3 AClubs P0 5Diamonds 
P3 JDiamonds P0 2Hearts P1 QClubs P2 KSpades 
P1 JClubs P2 7Hearts P3 KHearts P0 QHearts 
-- /GAME --
P0 HAND: ADiamonds, KDiamonds, JDiamonds, 5Diamonds, AClubs, JClubs, AHearts, JHearts, QHearts, 7Spades.
P1 HAND: 7Diamonds, 2Diamonds, QClubs, 2Clubs, KHearts, 5Hearts, 4Hearts, 3Hearts, 2Hearts, JSpades.
P2 HAND: 4Diamonds, 3Diamonds, 6Clubs, 5Clubs, 3Clubs, ASpades, QSpades, 6Spades, 5Spades, 2Spades.
P3 HAND: QDiamonds, 6Diamonds, 7Clubs, KClubs, 4Clubs, 7Hearts, 6Hearts, KSpades, 4Spades, 3Spades.
P1 2Diamonds P2 3Diamonds P3 6Diamonds P0 ADiamonds 
P0 AHearts P1 2Hearts P2 ASpades P3 6Hearts 
P0 7Spades P1 JSpades P2 QSpades P3 3Spades 
P0 JHearts P1 3Hearts P2 2Spades P3 7Hearts 
P3 4Spades P0 QHearts P1 4Hearts P2 6Spades 
P2 4Diamonds P3 QDiamonds P0 JDiamonds P1 7Diamonds 
P1 5Hearts P2 5Spades P3 4Clubs P0 5Diamonds 
P3 KClubs P0 JClubs P1 2Clubs P2 3Clubs 
P3 7Clubs P0 AClubs P1 QClubs P2 5Clubs 
P0 KDiamonds P1 KHearts P2 6Clubs P3 KSpades 
-- /GAME --
P0 HAND: KDiamonds, 2Diamonds, JClubs, 5Clubs, AHearts, KHearts, QHearts, 6Hearts, KSpades, JSpades.
P1 HAND: 7Diamonds, JDiamonds, AClubs, 7Clubs, 2Clubs, 5Hearts, 7Spades, QSpades, 6Spades, 3Spades.
P2 HAND: QDiamonds, 4Diamonds, KClubs, QClubs, 6Clubs, 4Clubs, 7Hearts, 4Hearts, ASpades, 5Spades.
P3 HAND: ADiamonds, 6Diamonds, 5Diamonds, 3Diamonds, 3Clubs, JHearts, 3Hearts, 2Hearts, 4Spades, 2Spades.
P0 AHearts P1 5Hearts P2 7Hearts P3 2Hearts 
P0 KHearts P1 2Clubs P2 4Hearts P3 3Hearts 
P0 5Clubs P1 AClubs P2 4Clubs P3 3Clubs 
P1 JDiamonds P2 4Diamonds P3 ADiamonds P0 2Diamonds 
P3 3Diamonds P0 KDiamonds P1 7Diamonds P2 QDiamonds 
P1 3Spades P2 5Spades P3 2Spades P0 KSpades 
P0 JClubs P1 7Clubs P2 6Clubs P3 JHearts 
P1 6Spades P2 ASpades P3 4Spades P0 JSpades 
P2 QClubs P3 5Diamonds P0 6Hearts P1 QSpades 
P1 7Spades P2 KClubs P3 6Diamonds P0 QHearts 
-- /GAME --
P0 HAND: ADiamonds, 6Diamonds, 7Clubs, KClubs, 6Clubs, 5Clubs, 4Clubs, AHearts, 2Hearts, 2Spades.
P1 HAND: 7Diamonds, 5Diamonds, 7Hearts, KHearts, 3Hearts, 7Spades, KSpades, JSpades, 6Spades, 5Spades.
P2 HAND: KDiamonds, 3Diamonds, 2Diamonds, QClubs, 3Clubs, 2Clubs, QHearts, 5Hearts, ASpades, 3Spades.
P3 HAND: JDiamonds, QDiamonds, 4Diamonds, AClubs, JClubs, JHearts, 6Hearts, 4Hearts, QSpades, 4Spades.
P3 AClubs P0 4Clubs P1 7Diamonds P2 2Clubs 
P3 4Diamonds P0 ADiamonds P1 5Diamonds P2 KDiamonds 
P0 AHearts P1 3Hearts P2 QHearts P3 4Hearts 
P0 2Spades P1 5Spades P2 3Spades P3 4Spades 
P1 6Spades P2 ASpades P3 QSpades P0 7Clubs 
P2 2Diamonds P3 QDiamonds P0 6Diamonds P1 7Hearts 
P3 6Hearts P0 2Hearts P1 KHearts P2 5Hearts 
P1 JSpades P2 3Diamonds P3 JDiamonds P0 5Clubs 
P1 KSpades P2 3Clubs P3 JClubs P0 6Clubs 
P1 7Spades P2 QClubs P3 JHearts P0 KClubs 
-- /GAME --
P0 HAND: KDiamonds, QDiamonds, 2Diamonds, AClubs, JClubs, 6Clubs, 5Clubs, QSpades, 6Spades, 3Spades.
P1 HAND: 7Diamonds, 7Clubs, KClubs, 3Clubs, 2Clubs, JHearts, 4Hearts, JSpades, 5Spades, 4Spades.
P2 HAND: 5Diamonds, 4Diamonds, QClubs, 7Hearts, KHearts, 6Hearts, 5Hearts, 7Spades, KSpades, 2Spades.
P3 HAND: ADiamonds, JDiamonds, 6Diamonds, 3Diamonds, 4Clubs, AHearts, QHearts, 3Hearts, 2Hearts, ASpades.
P2 4Diamonds P3 ADiamonds P0 2Diamonds P1 7Diamonds 
P3 AHearts P0 QSpades P1 4Hearts P2 7Hearts 
P0 KDiamonds P1 2Clubs P2 5Diamonds P3 3Diamonds 
P0 QDiamonds P1 3Clubs P2 5Hearts P3 JDiamonds 
P3 2Hearts P0 5Clubs P1 JHearts P2 KHearts 
P2 6Hearts P3 3Hearts P0 6Clubs P1 4Spades 
P1 5Spades P2 2Spades P3 ASpades P0 3Spades 
P3 4Clubs P0 AClubs P1 KClubs P2 QClubs 
P0 JClubs P1 7Clubs P2 KSpades P3 6Diamonds 
P2 7Spades P3 QHearts P0 6Spades P1 JSpades 
-- /GAME --
P0 HAND: KDiamonds, QDiamonds, JClubs, 2Clubs, AHearts, 7Hearts, JHearts, QHearts, 2Hearts, KSpades.
P1 HAND: 6Diamonds, 5Diamonds, 4Diamonds, 3Diamonds, QClubs, 6Clubs, 5Hearts, JSpades, QSpades, 6Spades.
P2 HAND: 7Diamonds, AClubs, 7Clubs, 5Clubs, 4Clubs, 3Clubs, 3Hearts, ASpades, 4Spades, 2Spades.
P3 HAND: ADiamonds, JDiamonds, 2Diamonds, KClubs, KHearts, 6Hearts, 4Hearts, 7Spades, 5Spades, 3Spades.
P1 3Diamonds P2 7Diamonds P3 ADiamonds P0 QDiamonds 
P3 2Diamonds P0 KDiamonds P1 4Diamonds P2 AClubs 
P0 AHearts P1 5Hearts P2 3Hearts P3 4Hearts 
P0 7Hearts P1 5Diamonds P2 ASpades P3 6Hearts 
P0 2Hearts P1 6Diamonds P2 2Spades P3 KHearts 
P3 3Spades P0 KSpades P1 6Spades P2 4Spades 
P0 JClubs P1 6Clubs P2 7Clubs P3 KClubs 
P2 3Clubs P3 5Spades P0 2Clubs P1 QClubs 
P1 QSpades P2 4Clubs P3 7Spades P0 QHearts 
P0 JHearts P1 JSpades P2 5Clubs P3 JDiamonds 
-- /GAME --
P0 HAND: ADiamonds, 7Diamonds, QDiamonds, 3Diamonds, 2Diamonds, AClubs, 7Clubs, QClubs, AHearts, 6Spades.
P1 HAND: KDiamonds, 5Diamonds, JHearts, QHearts, 6Hearts, 2Hearts, QSpades, 5Spades, 3Spades, 2Spades.
P2 HAND: 6Diamonds, JClubs, 6Clubs, 3Clubs, 2Clubs, 7Hearts, 4Hearts, 3Hearts, KSpades, 4Spades.
P3 HAND: JDiamonds, 4Diamonds, KClubs, 5Clubs, 4Clubs, KHearts, 5Hearts, ASpades, 7Spades, JSpades.
P1 2Hearts P2 3Hearts P3 5Hearts P0 AHearts 
P0 6Spades P1 2Spades P2 4Spades P3 ASpades 
P3 4Diamonds P0 ADiamonds P1 5Diamonds P2 6Diamonds 
P0 AClubs P1 3Spades P2 2Clubs P3 4Clubs 
P0 7Clubs P1 5Spades P2 3Clubs P3 5Clubs 
P0 7Diamonds P1 KDiamonds P2 7Hearts P3 JDiamonds 
P0 QDiamonds P1 6Hearts P2 KSpades P3 KClubs 
P3 JSpades P0 2Diamonds P1 QSpades P2 6Clubs 
P2 4Hearts P3 KHearts P0 QClubs P1 QHearts 
P0 3Diamonds P1 JHearts P2 JClubs P3 7Spades 
-- /GAME --
P0 HAND: KDiamonds, 5Diamonds, 3Diamonds, 2Diamonds, AClubs, 7Hearts, 6Hearts, 5Hearts, 6Spades, 5Spades.
P1 HAND: 7Diamonds, 7Clubs, 5Clubs, 4Clubs, KHearts, JHearts, 7Spades, QSpades, 3Spades, 2Spades.
P2 HAND: ADiamonds, JDiamonds, 6Diamonds, KClubs, 6Clubs, AHearts, QHearts, 4Hearts, KSpades, JSpades.
P3 HAND: QDiamonds, 4Diamonds, JClubs, QClubs, 3Clubs, 2Clubs, 3Hearts, 2Hearts, ASpades, 4Spades.
P0 2Diamonds P1 7Diamonds P2 ADiamonds P3 4Diamonds 
P2 AHearts P3 2Hearts P0 7Hearts P1 JHearts 
P2 4Hearts P3 3Hearts P0 5Hearts P1 KHearts 
P1 2Spades P2 JSpades P3 ASpades P0 5Spades 
P3 4Spades P0 6Spades P1 3Spades P2 KSpades 
P2 6Diamonds P3 QDiamonds P0 KDiamonds P1 4Clubs 
P1 QSpades P2 QHearts P3 2Clubs P0 6Hearts 
P3 3Clubs P0 AClubs P1 5Clubs P2 6Clubs 
P0 3Diamonds P1 7Clubs P2 JDiamonds P3 QClubs 
P1 7Spades P2 KClubs P3 JClubs P0 5Diamonds 
-- /GAME --
P0 HAND: KDiamonds, JDiamonds, QDiamonds, 5Diamonds, 6Clubs, 3Clubs, 2Clubs, AHearts, 3Hearts, 6Spades.
P1 HAND: ADiamonds, 4Diamonds, 2Diamonds, 5Clubs, 4Clubs, 7Hearts, 6Hearts, 5Hearts, QSpades, 2Spades.
P2 HAND: 7Diamonds, 6Diamonds, 3Diamonds, QClubs, KHearts, QHearts, 4Hearts, ASpades, 5Spades, 3Spades.
P3 HAND: AClubs, 7Clubs, KClubs, JClubs, JHearts, 2Hearts, 7Spades, KSpades, JSpades, 4Spades.
P3 AClubs P0 6Clubs P1 5Clubs P2 QClubs 
P3 4Spades P0 6Spades P1 2Spades P2 ASpades 
P2 3Diamonds P3 2Hearts P0 5Diamonds P1 ADiamonds 
P3 JClubs P0 2Clubs P1 4Clubs P2 3Spades 
P3 JSpades P0 3Clubs P1 QSpades P2 5Spades 
P3 JHearts P0 3Hearts P1 5Hearts P2 4Hearts 
P3 KClubs P0 QDiamonds P1 6Hearts P2 QHearts 
P2 6Diamonds P3 KSpades P0 JDiamonds P1 2Diamonds 
P0 KDiamonds P1 4Diamonds P2 7Diamonds P3 7Clubs 
P2 KHearts P3 7Spades P0 AHearts P1 7Hearts 
-- /GAME --
P0 HAND: 7Diamonds, JDiamonds, QDiamonds, 4Diamonds, 4Clubs, 2Clubs, KHearts, JHearts, 2Hearts, 3Spades.
P1 HAND: 6Diamonds, 2Diamonds, JClubs, QClubs, 6Clubs, 3Clubs, 7Hearts, 4Hearts, ASpades, QSpades.
P2 HAND: KDiamonds, 5Diamonds, 3Diamonds, AClubs, 7Clubs, KClubs, 6Hearts, 3Hearts, JSpades, 6Spades.
P3 HAND: ADiamonds, 5Clubs, AHearts, QHearts, 5Hearts, 7Spades, KSpades, 5Spades, 4Spades, 2Spades.
P1 ASpades P2 6Spades P3 7Spades P0 3Spades 
P1 2Diamonds P2 3Diamonds P3 ADiamonds P0 4Diamonds 
P3 2Spades P0 2Clubs P1 QSpades P2 JSpades 
P2 AClubs P3 5Clubs P0 4Clubs P1 3Clubs 
P2 5Diamonds P3 4Spades P0 7Diamonds P1 6Diamonds 
P0 QDiamonds P1 6Clubs P2 KDiamonds P3 5Hearts 
P3 5Spades P0 JDiamonds P1 QClubs P2 3Hearts 
P2 6Hearts P3 QHearts P0 JHearts P1 7Hearts 
P1 JClubs P2 KClubs P3 AHearts P0 2Hearts 
P3 KSpades P0 KHearts P1 4Hearts P2 7Clubs 
-- /GAME --
P0 HAND: AClubs, JClubs, 4Clubs, 3Clubs, 2Clubs, AHearts, 7Spades, QSpades, 3Spades, 2Spades.
P1 HAND: ADiamonds, 7Diamonds, QDiamonds, 7Clubs, KClubs, 5Clubs, 7Hearts, KHearts, KSpades, 4Spades.
P2 HAND: 6Diamonds, 4Diamonds, 3Diamonds, 2Diamonds, QClubs, 6Clubs, 6Hearts, 2Hearts, JSpades, 5Spades.
P3 HAND: KDiamonds, JDiamonds, 5Diamonds, JHearts, QHearts, 5Hearts, 4Hearts, 3Hearts, ASpades, 6Spades.
P0 AHearts P1 KHearts P2 6Hearts P3 3Hearts 
P0 AClubs P1 5Clubs P2 QClubs P3 5Diamonds 
P3 ASpades P0 2Spades P1 KSpades P2 5Spades 
P3 4Hearts P0 4Clubs P1 7Hearts P2 2Hearts 
P1 4Spades P2 JSpades P3 6Spades P0 7Spades 
P0 QSpades P1 QDiamonds P2 6Clubs P3 JHearts 
P1 7Diamonds P2 2Diamonds P3 JDiamonds P0 3Spades 
P1 ADiamonds P2 3Diamonds P3 KDiamonds P0 2Clubs 
P1 KClubs P2 4Diamonds P3 5Hearts P0 3Clubs 
P2 6Diamonds P3 QHearts P0 JClubs P1 7Clubs 
-- /GAME --
P0 HAND: ADiamonds, QDiamonds, 4Diamonds, AClubs, JClubs, QClubs, 5Clubs, AHearts, 4Hearts, QSpades.
P1 HAND: 5Diamonds, 3Diamonds, 7Clubs, KClubs, 3Clubs, 2Clubs, JHearts, QHearts, 5Spades, 3Spades.
P2 HAND: KDiamonds, 6Clubs, 4Clubs, KHearts, 6Hearts, 3Hearts, ASpades, 7Spades, KSpades, 4Spades.
P3 HAND: 7Diamonds, JDiamonds, 6Diamonds, 2Diamonds, 7Hearts, 5Hearts, 2Hearts, JSpades, 6Spades, 2Spades.
P3 2Hearts P0 AHearts P1 QHearts P2 KHearts 
P0 AClubs P1 2Clubs P2 6Clubs P3 2Diamonds 
P3 2Spades P0 QSpades P1 3Spades P2 ASpades 
P2 3Hearts P3 5Hearts P0 4Hearts P1 JHearts 
P1 3Clubs P2 4Clubs P3 6Spades P0 JClubs 
P0 QClubs P1 KClubs P2 KDiamonds P3 7Diamonds 
P3 JSpades P0 5Clubs P1 5Spades P2 7Spades 
P2 4Spades P3 6Diamonds P0 QDiamonds P1 3Diamonds 
P0 ADiamonds P1 5Diamonds P2 KSpades P3 JDiamonds 
P0 4Diamonds P1 7Clubs P2 6Hearts P3 7Hearts 
-- /GAME --
P0 HAND: QDiamonds, 2Diamonds, 7Clubs, KClubs, 6Clubs, 2Clubs, AHearts, ASpades, 7Spades, 5Spades.
P1 HAND: 6Diamonds, 4Diamonds, 3Diamonds, JClubs, QClubs, 4Clubs, 5Hearts, 4Hearts, 6Spades, 2Spades.
P2 HAND: JDiamonds, AClubs, 5Clubs, 3Clubs, 7Hearts, JHearts, QHearts, 3Hearts, KSpades, JSpades.
P3 HAND: ADiamonds, 7Diamonds, KDiamonds, 5Diamonds, KHearts, 6Hearts, 2Hearts, QSpades, 4Spades, 3Spades.
P2 AClubs P3 2Hearts P0 7Clubs P1 JClubs 
P3 ADiamonds P0 2Diamonds P1 6Diamonds P2 JDiamonds 
P3 3Spades P0 ASpades P1 2Spades P2 KSpades 
P0 AHearts P1 4Hearts P2 3Hearts P3 6Hearts 
P0 7Spades P1 6Spades P2 JSpades P3 4Spades 
P0 QDiamonds P1 3Diamonds P2 3Clubs P3 7Diamonds 
P3 5Diamonds P0 5Spades P1 4Diamonds P2 5Clubs 
P3 QSpades P0 2Clubs P1 4Clubs P2 QHearts 
P2 JHearts P3 KHearts P0 6Clubs P1 5Hearts 
P3 KDiamonds P0 KClubs P1 QClubs P2 7Hearts 
-- /GAME --
P0 HAND: KDiamonds, 4Diamonds, AClubs, QClubs, 5Clubs, 3Clubs, 7Hearts, KHearts, 4Hearts, 3Hearts.
P1 HAND: QDiamonds, 3Diamonds, 7Clubs, 2Clubs, QHearts, ASpades, KSpades, JSpades, QSpades, 5Spades.
P2 HAND: JDiamonds, 6Diamonds, JClubs, 6Clubs, AHearts, 5Hearts, 7Spades, 6Spades, 3Spades, 2Spades.
P3 HAND: ADiamonds, 7Diamonds, 5Diamonds, 2Diamonds, KClubs, 4Clubs, JHearts, 6Hearts, 2Hearts, 4Spades.
P1 2Clubs P2 6Clubs P3 4Clubs P0 AClubs 
P0 3Hearts P1 QHearts P2 AHearts P3 2Hearts 
P2 2Spades P3 4Spades P0 4Diamonds P1 5Spades 
P0 QClubs P1 7Clubs P2 JClubs P3 KClubs 
P1 QSpades P2 3Spades P3 6Hearts P0 5Clubs 
P1 JSpades P2 6Spades P3 2Diamonds P0 3Clubs 
P3 JHearts P0 7Hearts P1 3Diamonds P2 5Hearts 
P1 QDiamonds P2 6Diamonds P3 5Diamonds P0 KDiamonds 
P0 KHearts P1 KSpades P2 JDiamonds P3 7Diamonds 
P3 ADiamonds P0 4Hearts P1 ASpades P2 7Spades 
-- /GAME --
P0 HAND: KDiamonds, JDiamonds, 6Diamonds, 2Diamonds, AClubs, KHearts, QHearts, KSpades, QSpades, 4Spades.
P1 HAND: ADiamonds, 3Diamonds, QClubs, 6Clubs, 3Clubs, JHearts, 6Hearts, 3Hearts, 2Hearts, JSpades.
P2 HAND: 7Diamonds, QDiamonds, 5Diamonds, 4Diamonds, 7Hearts, 5Hearts, 4Hearts, ASpades, 7Spades, 3Spades.
P3 HAND: 7Clubs, KClubs, JClubs, 5Clubs, 4Clubs, 2Clubs, AHearts, 6Spades, 5Spades, 2Spades.
P0 2Diamonds P1 ADiamonds P2 4Diamonds P3 AHearts 
P1 2Hearts P2 7Hearts P3 2Clubs P0 QHearts 
P3 2Spades P0 KSpades P1 JSpades P2 ASpades 
P2 3Spades P3 5Spades P0 4Spades P1 JHearts 
P3 6Spades P0 QSpades P1 3Diamonds P2 7Spades 
P2 4Hearts P3 4Clubs P0 KHearts P1 6Hearts 
P3 5Clubs P0 AClubs P1 3Clubs P2 7Diamonds 
P0 JDiamonds P1 3Hearts P2 5Diamonds P3 JClubs 
P3 KClubs P0 6Diamonds P1 6Clubs P2 5Hearts 
P3 7Clubs P0 KDiamonds P1 QClubs P2 QDiamonds 
-- /GAME --

