-- GAME --
P0 HAND: KDiamonds, QDiamonds, 5Diamonds, QClubs, 2Clubs, KHearts, JHearts, 7Spades, 5Spades, 3Spades.
P1 HAND: JDiamonds, 4Diamonds, 2Diamonds, 6Clubs, 4Clubs, 7Hearts, 2Hearts, JSpades, 6Spades, 4Spades.
P2 HAND: 7Diamonds, 3Diamonds, 7Clubs, KClubs, 5Clubs, AHearts, QHearts, 6Hearts, ASpades, KSpades.
P3 HAND: ADiamonds, 6Diamonds, AClubs, JClubs, 3Clubs, 5Hearts, 4Hearts, 3Hearts, QSpades, 2Spades.
P2 ASpades P3 2Spades P0 7Spades P1 4Spades 
P2 3Diamonds P3 ADiamonds P0 5Diamonds P1 JDiamonds 
P3 AClubs P0 2Clubs P1 6Clubs P2 5Clubs 
P3 3Clubs P0 QClubs P1 4Clubs P2 7Clubs 
P2 6Hearts P3 3Hearts P0 JHearts P1 2Hearts 
P0 KHearts P1 7Hearts P2 AHearts P3 4Hearts 
P2 QHearts P3 5Hearts P0 3Spades P1 2Diamonds 
P2 KClubs P3 JClubs P0 5Spades P1 4Diamonds 
P2 KSpades P3 QSpades P0 QDiamonds P1 6Spades 
P2 7Diamonds P3 6Diamonds P0 KDiamonds P1 JSpades 
-- /GAME --
P0 HAND: KDiamonds, JDiamonds, 3Diamonds, 2Diamonds, 7Clubs, JClubs, 4Clubs, 4Hearts, 2Hearts, 5Spades.
P1 HAND: ADiamonds, 7Diamonds, KClubs, AHearts, 6Hearts, 3Hearts, 7Spades, KSpades, JSpades, QSpades.
P2 HAND: QDiamonds, 6Diamonds, 4Diamonds, 2Clubs, JHearts, 5Hearts, ASpades, 6Spades, 3Spades, 2Spades.
P3 HAND: 5Diamonds, AClubs, QClubs, 6Clubs, 5Clubs, 3Clubs, 7Hearts, KHearts, QHearts, 4Spades.
P1 ADiamonds P2 4Diamonds P3 5Diamonds P0 2Diamonds 
P1 QSpades P2 ASpades P3 4Spades P0 5Spades 
P2 2Clubs P3 AClubs P0 4Clubs P1 KClubs 
P3 3Clubs P0 7Clubs P1 3Hearts P2 5Hearts 
P2 2Spades P3 5Clubs P0 JClubs P1 7Spades 
P1 JSpades P2 3Spades P3 6Clubs P0 3Diamonds 
P1 6Hearts P2 JHearts P3 QHearts P0 2Hearts 
P2 6Diamonds P3 QClubs P0 KDiamonds P1 7Diamonds 
P1 AHearts P2 6Spades P3 KHearts P0 4Hearts 
P1 KSpades P2 QDiamonds P3 7Hearts P0 JDiamonds 
-- /GAME --
P0 HAND: 5Diamonds, 3Diamonds, 6Clubs, 4Clubs, KHearts, 5Hearts, 2Hearts, ASpades, KSpades, QSpades.
P1 HAND: 7Diamonds, KDiamonds, QDiamonds, 7Clubs, JClubs, QClubs, QHearts, 6Spades, 4Spades, 2Spades.
P2 HAND: ADiamonds, JDiamonds, 6Diamonds, 5Clubs, 2Clubs, AHearts, 6Hearts, 4Hearts, 7Spades, 3Spades.
P3 HAND: 4Diamonds, 2Diamonds, AClubs, KClubs, 3Clubs, 7Hearts, JHearts, 3Hearts, JSpades, 5Spades.
P0 3Diamonds P1 QDiamonds P2 ADiamonds P3 2Diamonds 
P2 AHearts P3 3Hearts P0 2Hearts P1 QHearts 
P2 3Spades P3 5Spades P0 QSpades P1 2Spades 
P0 ASpades P1 4Spades P2 7Spades P3 JSpades 
P0 5Diamonds P1 KDiamonds P2 6Diamonds P3 4Diamonds 
P1 6Spades P2 4Hearts P3 3Clubs P0 KSpades 
P3 JHearts P0 KHearts P1 QClubs P2 6Hearts 
P1 JClubs P2 2Clubs P3 KClubs P0 4Clubs 
P3 AClubs P0 6Clubs P1 7Clubs P2 5Clubs 
P3 7Hearts P0 5Hearts P1 7Diamonds P2 JDiamonds 
-- /GAME --
P0 HAND: 7Diamonds, 6Diamonds, 5Diamonds, 6Clubs, 5Clubs, 7Spades, QSpades, 6Spades, 5Spades, 3Spades.
P1 HAND: KDiamonds, QDiamonds, 7Clubs, QClubs, 3Clubs, 2Clubs, AHearts, 3Hearts, KSpades, 2Spades.
P2 HAND: JDiamonds, JClubs, 7Hearts, KHearts, JHearts, 6Hearts, 5Hearts, 2Hearts, JSpades, 4Spades.
P3 HAND: ADiamonds, 4Diamonds, 3Diamonds, 2Diamonds, AClubs, KClubs, 4Clubs, QHearts, 4Hearts, ASpades.
P3 ADiamonds P0 5Diamonds P1 KDiamonds P2 JDiamonds 
P3 ASpades P0 3Spades P1 KSpades P2 4Spades 
P3 2Diamonds P0 7Diamonds P1 QDiamonds P2 7Hearts 
P0 6Diamonds P1 2Spades P2 KHearts P3 3Diamonds 
P0 5Spades P1 3Hearts P2 JSpades P3 4Diamonds 
P2 2Hearts P3 4Hearts P0 5Clubs P1 AHearts 
P0 6Clubs P1 2Clubs P2 JClubs P3 4Clubs 
P2 5Hearts P3 QHearts P0 6Spades P1 3Clubs 
P1 QClubs P2 6Hearts P3 KClubs P0 QSpades 
P3 AClubs P0 7Spades P1 7Clubs P2 JHearts 
-- /GAME --

