-- GAME --
P0 HAND: 7Diamonds, AClubs, KClubs, JClubs, QClubs, AHearts, 7Hearts, JHearts, QSpades, 5Spades.
P1 HAND: KDiamonds, QDiamonds, 4Diamonds, 2Diamonds, 7Clubs, 3Clubs, 4Hearts, 7Spades, KSpades, JSpades.
P2 HAND: 6Diamonds, 5Diamonds, 5Clubs, 2Clubs, KHearts, QHearts, 6Hearts, 5Hearts, 3Hearts, ASpades.
P3 HAND: ADiamonds, JDiamonds, 3Diamonds, 6Clubs, 4Clubs, 2Hearts, 6Spades, 4Spades, 3Spades, 2Spades.
P1 2Diamonds P2 5Diamonds P3 ADiamonds P0 7Diamonds 
P3 2Hearts P0 AHearts P1 4Hearts P2 KHearts 
P0 5Spades P1 JSpades P2 ASpades P3 2Spades 
P2 3Hearts P3 3Diamonds P0 7Hearts P1 3Clubs 
P1 4Diamonds P2 6Diamonds P3 JDiamonds P0 QSpades 
P3 3Spades P0 JHearts P1 7Spades P2 2Clubs 
P2 5Hearts P3 4Spades P0 QClubs P1 QDiamonds 
P0 AClubs P1 7Clubs P2 5Clubs P3 4Clubs 
P0 JClubs P1 KDiamonds P2 6Hearts P3 6Clubs 
P0 KClubs P1 KSpades P2 QHearts P3 6Spades 
-- /GAME --
P0 HAND: JDiamonds, 2Diamonds, KClubs, 6Clubs, 3Clubs, 5Hearts, KSpades, JSpades, QSpades, 2Spades.
P1 HAND: 7Diamonds, KDiamonds, 6Diamonds, 7Clubs, QClubs, KHearts, 4Hearts, ASpades, 7Spades, 6Spades.
P2 HAND: QDiamonds, 5Clubs, 2Clubs, AHearts, JHearts, QHearts, 6Hearts, 3Hearts, 2Hearts, 4Spades.
P3 HAND: ADiamonds, 5Diamonds, 4Diamonds, 3Diamonds, AClubs, JClubs, 4Clubs, 7Hearts, 5Spades, 3Spades.

