-- GAME --
P0 HAND: QDiamonds, JClubs, QClubs, 6Clubs, 5Clubs, KHearts, QHearts, 5Hearts, QSpades, 6Spades.
P1 HAND: 7Diamonds, JDiamonds, 5Diamonds, 4Diamonds, 3Diamonds, KClubs, AHearts, 4Hearts, KSpades, 5Spades.
P2 HAND: KDiamonds, AClubs, 7Clubs, 3Clubs, 7Hearts, 2Hearts, ASpades, 7Spades, 4Spades, 2Spades.
P3 HAND: ADiamonds, 6Diamonds, 2Diamonds, 4Clubs, 2Clubs, JHearts, 6Hearts, 3Hearts, JSpades, 3Spades.
P0 QHearts P1 4Hearts P2 2Hearts P3 3Hearts 
P0 5Hearts P1 AHearts P2 7Hearts P3 6Hearts 
P1 3Diamonds P2 KDiamonds P3 ADiamonds P0 QDiamonds 
P3 2Diamonds P0 QSpades P1 4Diamonds P2 2Spades 
P1 5Diamonds P2 3Clubs P3 6Diamonds P0 6Spades 
P3 2Clubs P0 JClubs P1 KClubs P2 AClubs 
P2 4Spades P3 3Spades P0 5Clubs P1 KSpades 
P1 5Spades P2 7Spades P3 JSpades P0 QClubs 
P2 7Clubs P3 4Clubs P0 6Clubs P1 JDiamonds 
P2 ASpades P3 JHearts P0 KHearts P1 7Diamonds 
-- /GAME --
P0 HAND: 7Diamonds, AClubs, QClubs, KHearts, 2Hearts, 7Spades, KSpades, JSpades, 4Spades, 3Spades.
P1 HAND: ADiamonds, 5Diamonds, 2Diamonds, 7Clubs, 4Clubs, 2Clubs, AHearts, 6Hearts, 3Hearts, ASpades.
P3 2Spades P2 HAND: 6Diamonds, 3Diamonds, KClubs, 6Clubs, 5Clubs, JHearts, 4Hearts, QSpades, 6Spades, 5Spades.
P3 HAND: KDiamonds, JDiamonds, QDiamonds, 4Diamonds, JClubs, 3Clubs, 7Hearts, QHearts, 5Hearts.
P0 3Spades P1 ASpades P2 5Spades 
P1 ADiamonds P2 3Diamonds P3 KDiamonds P0 7Diamonds 
P1 2Diamonds P2 6Diamonds P3 4Diamonds P0 7Spades 
P2 5Clubs P3 3Clubs P0 QClubs P1 7Clubs 
P1 2Clubs P2 6Clubs P3 JClubs P0 AClubs 
P0 KSpades P1 4Clubs P2 QSpades P3 5Hearts 
P3 QDiamonds P0 4Spades P1 5Diamonds P2 6Spades 
P3 JDiamonds P0 JSpades P1 3Hearts P2 4Hearts 
P2 JHearts P3 QHearts P0 2Hearts P1 AHearts 
P1 6Hearts P2 KClubs P3 7Hearts P0 KHearts 
-- /GAME --
P0 HAND: 5Diamonds, 4Diamonds, AClubs, 7Clubs, 6Clubs, KHearts, 6Hearts, 5Hearts, 2Hearts, JSpades.
P1 HAND: 7Diamonds, QDiamonds, 2Diamonds, JClubs, 5Clubs, JHearts, QHearts, ASpades, 4Spades, 3Spades.
P2 HAND: ADiamonds, 6Diamonds, 3Diamonds, KClubs, 2Clubs, KSpades, QSpades, 6Spades, 5Spades, 2Spades.
P3 HAND: KDiamonds, JDiamonds, QClubs, 4Clubs, 3Clubs, AHearts, 7Hearts, 4Hearts, 3Hearts, 7Spades.
P2 2Clubs P3 3Clubs 
