-- GAME --
P3 2Spades P0 4Spades P1 5Spades P2 ASpades 
P2 AHearts P3 QHearts P0 2Hearts P1 6Hearts 
P2 2Clubs P3 QClubs P0 KClubs P1 AClubs 
P1 QSpades P2 4Clubs P3 3Spades P0 JSpades 
P0 7Clubs P1 2Diamonds P2 5Clubs P3 7Hearts 
P1 3Diamonds P2 KDiamonds P3 QDiamonds P0 4Diamonds 
P2 5Hearts P3 KHearts P0 3Hearts P1 7Spades 
P3 7Diamonds P0 3Clubs P1 5Diamonds P2 6Clubs 
P3 ADiamonds P0 4Hearts P1 6Diamonds P2 JClubs 
P3 KSpades P0 6Spades P1 JDiamonds P2 JHearts 
-- /GAME --
P0 HAND: QDiamonds, KClubs, JClubs, QClubs, 3Clubs, AHearts, 6Hearts, JSpades, 4Spades, 3Spades.
P1 HAND: ADiamonds, 7Diamonds, 7Clubs, 4Clubs, 2Clubs, KHearts, 5Hearts, 3Hearts, 5Spades, 2Spades.
P2 HAND: KDiamonds, 5Diamonds, AClubs, 6Clubs, 7Hearts, JHearts, QHearts, 4Hearts, ASpades, KSpades.
P3 HAND: JDiamonds, 6Diamonds, 4Diamonds, 3Diamonds, 2Diamonds, 5Clubs, 2Hearts, 7Spades, QSpades, 6Spades.
P2 AClubs P3 5Clubs P0 KClubs P1 2Clubs 
P2 ASpades P3 6Spades P0 JSpades P1 2Spades 
P2 4Hearts P3 2Hearts P0 AHearts P1 3Hearts 
P0 3Spades P1 5Spades P2 KSpades P3 7Spades 
P3 QSpades P0 4Spades P1 4Clubs P2 6Clubs 
P3 2Diamonds P0 QDiamonds P1 7Diamonds P2 5Diamonds 
P1 5Hearts P2 QHearts P3 3Diamonds P0 6Hearts 
P3 4Diamonds P0 3Clubs P1 ADiamonds P2 KDiamonds 
P1 KHearts P2 JHearts P3 6Diamonds P0 QClubs 
P3 JDiamonds P0 JClubs P1 7Clubs P2 7Hearts 
-- /GAME --
P0 HAND: QDiamonds, 4Diamonds, JClubs, QClubs, 4Clubs, 5Hearts, 4Hearts, 7Spades, 5Spades, 2Spades.
P1 HAND: JDiamonds, 5Diamonds, 3Diamonds, 2Diamonds, AClubs, 7Clubs, 3Clubs, 7Hearts, QHearts, 6Hearts.
P2 HAND: 7Diamonds, 6Diamonds, KClubs, 5Clubs, 2Clubs, KHearts, JHearts, 3Hearts, KSpades, 3Spades.
P3 HAND: ADiamonds, KDiamonds, 6Clubs, AHearts, 2Hearts, ASpades, JSpades, QSpades, 6Spades, 4Spades.
P3 AHearts P0 4Hearts P1 7Hearts P2 3Hearts 
P3 2Hearts P0 5Hearts P1 6Hearts P2 KHearts 
P2 2Clubs P3 6Clubs P0 4Clubs P1 AClubs 
P1 3Clubs P2 5Clubs P3 4Spades P0 JClubs 
P0 2Spades P1 QHearts P2 3Spades P3 ASpades 
P3 6Spades P0 7Spades P1 2Diamonds P2 KSpades 
P1 3Diamonds P2 6Diamonds P3 KDiamonds P0 4Diamonds 
P3 QSpades P0 5Spades P1 5Diamonds P2 7Diamonds 
P2 JHearts P3 ADiamonds P0 QClubs P1 7Clubs 
P3 JSpades P0 QDiamonds P1 JDiamonds P2 KClubs 
-- /GAME --
P0 HAND: ADiamonds, 7Diamonds, JClubs, 6Clubs, 3Clubs, AHearts, KHearts, JHearts, 4Hearts, KSpades.
P1 HAND: 7Clubs, KClubs, QClubs, 7Hearts, 6Hearts, 5Hearts, ASpades, QSpades, 4Spades, 3Spades.
P2 HAND: QDiamonds, 6Diamonds, 5Diamonds, 2Diamonds, 5Clubs, 4Clubs, 3Hearts, 2Hearts, 7Spades, JSpades.
P3 HAND: KDiamonds, JDiamonds, 4Diamonds, 3Diamonds, AClubs, 2Clubs, QHearts, 6Spades, 5Spades, 2Spades.
P2 2Diamonds P3 3Diamonds P0 ADiamonds P1 QClubs 
P1 ASpades P2 JSpades P3 6Spades P0 KSpades 
P1 3Spades P2 7Spades P3 2Spades P0 7Diamonds 
P2 2Hearts P3 QHearts P0 AHearts P1 5Hearts 
P0 4Hearts P1 6Hearts P2 3Hearts P3 KDiamonds 
P1 4Spades P2 5Diamonds P3 5Spades P0 3Clubs 
P0 JHearts P1 7Hearts P2 4Clubs P3 AClubs 
P3 4Diamonds P0 6Clubs P1 QSpades P2 QDiamonds 
P0 JClubs P1 KClubs P2 5Clubs P3 2Clubs 
P1 7Clubs P2 6Diamonds P3 JDiamonds P0 KHearts 
-- /GAME --
P0 HAND: 4Diamonds, 3Diamonds, 7Clubs, KClubs, 5Clubs, AHearts, 7Hearts, KHearts, 4Hearts, 3Spades.
P1 HAND: 7Diamonds, KDiamonds, JDiamonds, 6Diamonds, 2Diamonds, 6Clubs, 2Clubs, ASpades, 5Spades, 4Spades.
P2 HAND: ADiamonds, 5Diamonds, AClubs, QClubs, 4Clubs, 3Clubs, 2Hearts, JSpades, QSpades, 6Spades.
P3 HAND: QDiamonds, JClubs, JHearts, QHearts, 6Hearts, 5Hearts, 3Hearts, 7Spades, KSpades, 2Spades.
P1 ASpades P2 6Spades P3 7Spades P0 3Spades 
P1 2Diamonds P2 ADiamonds P3 QDiamonds P0 3Diamonds 
P2 AClubs P3 JClubs P0 7Clubs P1 2Clubs 
P2 3Clubs P3 2Spades P0 KClubs P1 6Clubs 
P0 4Diamonds P1 6Diamonds P2 5Diamonds P3 KSpades 
P1 4Spades P2 QSpades P3 3Hearts P0 4Hearts 
P0 5Clubs P1 5Spades P2 4Clubs P3 5Hearts 
P3 6Hearts P0 KHearts P1 JDiamonds P2 2Hearts 
P0 7Hearts P1 KDiamonds P2 QClubs P3 QHearts 
P0 AHearts P1 7Diamonds P2 JSpades P3 JHearts 
-- /GAME --
P0 HAND: 7Diamonds, 4Diamonds, KClubs, 6Clubs, 5Clubs, 4Clubs, KHearts, 7Spades, JSpades, 4Spades.
P1 HAND: KDiamonds, JDiamonds, 2Diamonds, AClubs, QClubs, 7Hearts, 5Hearts, 2Hearts, 3Spades, 2Spades.
P2 HAND: ADiamonds, 3Diamonds, JClubs, 2Clubs, QHearts, 6Hearts, 4Hearts, 3Hearts, ASpades, QSpades.
P3 HAND: QDiamonds, 6Diamonds, 5Diamonds, 7Clubs, 3Clubs, AHearts, JHearts, KSpades, 6Spades, 5Spades.
P0 4Clubs P1 AClubs P2 2Clubs P3 7Clubs 
P1 2Diamonds P2 ADiamonds P3 5Diamonds P0 7Diamonds 
P2 ASpades P3 5Spades P0 7Spades P1 2Spades 
P2 3Diamonds P3 6Diamonds P0 4Diamonds P1 KDiamonds 
P1 3Spades P2 QSpades P3 KSpades P0 4Spades 
P3 3Clubs P0 KClubs P1 QClubs P2 JClubs 
P0 5Clubs P1 2Hearts P2 3Hearts P3 6Spades 
P2 4Hearts P3 JHearts P0 KHearts P1 7Hearts 
P1 JDiamonds P2 6Hearts P3 QDiamonds P0 JSpades 
P2 QHearts P3 AHearts P0 6Clubs P1 5Hearts 
-- /GAME --
P0 HAND: KDiamonds, 2Diamonds, 7Clubs, 4Clubs, 3Clubs, 7Hearts, JHearts, 6Hearts, 4Hearts, 5Spades.
P1 HAND: JDiamonds, 6Diamonds, KClubs, JClubs, 6Clubs, AHearts, 2Hearts, 6Spades, 4Spades, 2Spades.
P2 HAND: ADiamonds, QDiamonds, 5Diamonds, QClubs, KHearts, QHearts, ASpades, 7Spades, KSpades, QSpades.
P3 HAND: 7Diamonds, 4Diamonds, 3Diamonds, AClubs, 5Clubs, 2Clubs, 5Hearts, 3Hearts, JSpades, 3Spades.
P1 2Spades P2 ASpades P3 3Spades P0 5Spades 
P2 ADiamonds P3 3Diamonds P0 KDiamonds P1 6Diamonds 
P2 5Diamonds P3 4Diamonds P0 2Diamonds P1 JDiamonds 
P1 4Spades P2 QSpades P3 JSpades P0 4Hearts 
P0 3Clubs P1 6Clubs P2 QClubs P3 AClubs 
P3 2Clubs P0 7Clubs P1 JClubs P2 7Spades 
P0 4Clubs P1 KClubs P2 QDiamonds P3 5Clubs 
P1 6Spades P2 KSpades P3 3Hearts P0 7Hearts 
P0 6Hearts P1 2Hearts P2 QHearts P3 5Hearts 
P2 KHearts P3 7Diamonds P0 JHearts P1 AHearts 
-- /GAME --
P0 HAND: QDiamonds, 3Diamonds, 7Clubs, 5Clubs, 4Clubs, 6Hearts, 5Hearts, JSpades, 6Spades, 5Spades.
P1 HAND: ADiamonds, 7Diamonds, 5Diamonds, 2Diamonds, KClubs, JClubs, 6Clubs, AHearts, QHearts, KSpades.
P2 HAND: KDiamonds, 6Diamonds, QClubs, 2Clubs, 7Hearts, 4Hearts, 2Hearts, 7Spades, QSpades, 3Spades.
P3 HAND: JDiamonds, 4Diamonds, AClubs, 3Clubs, KHearts, JHearts, 3Hearts, ASpades, 4Spades, 2Spades.
P0 5Hearts P1 AHearts P2 2Hearts P3 KHearts 
P1 ADiamonds P2 6Diamonds P3 JDiamonds P0 3Diamonds 
P1 2Diamonds P2 KDiamonds P3 4Diamonds P0 QDiamonds 
P2 2Clubs P3 AClubs P0 4Clubs P1 KClubs 
P3 3Clubs P0 7Clubs P1 6Clubs P2 QClubs 
P0 6Hearts P1 QHearts P2 7Hearts P3 3Hearts 
P2 4Hearts P3 JHearts P0 5Spades P1 5Diamonds 
P0 5Clubs P1 JClubs P2 3Spades P3 2Spades 
P2 QSpades P3 4Spades P0 6Spades P1 KSpades 
P1 7Diamonds P2 7Spades P3 ASpades 
