-- GAME --
P0 HAND: JDiamonds, 4Diamonds, 7Clubs, 5Clubs, 7Hearts, JHearts, QHearts, 6Hearts, QSpades, 6Spades.
P1 HAND: 7Diamonds, KClubs, JClubs, 4Clubs, AHearts, KHearts, 5Hearts, 7Spades, 4Spades, 3Spades.
P2 HAND: 5Diamonds, 3Diamonds, 2Diamonds, QClubs, 6Clubs, 2Clubs, 4Hearts, 3Hearts, KSpades, 2Spades.
P3 HAND: ADiamonds, KDiamonds, QDiamonds, 6Diamonds, AClubs, 3Clubs, 2Hearts, ASpades, JSpades, 5Spades.
P3 ADiamonds P0 4Diamonds P1 7Diamonds P2 2Diamonds 
P3 ASpades P0 6Spades P1 7Spades P2 2Spades 
P3 2Hearts P0 6Hearts P1 AHearts P2 3Hearts 
P1 3Spades P2 KSpades P3 5Spades P0 QSpades 
P2 3Diamonds P3 6Diamonds P0 JDiamonds P1 4Spades 
P0 5Clubs P1 4Clubs P2 2Clubs P3 3Clubs 
P0 JHearts P1 5Hearts P2 4Hearts P3 QDiamonds 
P0 QHearts P1 KHearts P2 6Clubs P3 AClubs 
P3 JSpades P0 7Clubs P1 JClubs P2 5Diamonds 
P0 7Hearts P1 KClubs P2 QClubs P3 KDiamonds 
-- /GAME --
P0 HAND: 7Diamonds, 5Diamonds, JClubs, AHearts, 6Hearts, 5Hearts, 2Hearts, JSpades, QSpades, 6Spades.
P1 HAND: ADiamonds, 6Diamonds, 4Diamonds, AClubs, 7Clubs, QClubs, 6Clubs, 5Clubs, 3Hearts, 7Spades.
P2 HAND: QDiamonds, 3Diamonds, 2Diamonds, 3Clubs, 2Clubs, QHearts, 4Hearts, ASpades, 5Spades, 3Spades.
P3 HAND: KDiamonds, JDiamonds, KClubs, 4Clubs, 7Hearts, KHearts, JHearts, KSpades, 4Spades, 2Spades.
P2 ASpades P3 2Spades P0 JSpades P1 7Spades 
P2 2Diamonds P3 JDiamonds 
