-- GAME --
P0 HAND: ADiamonds, 7Diamonds, 5Diamonds, AClubs, KClubs, 6Clubs, 2Hearts, JSpades, QSpades, 4Spades.
P1 HAND: JDiamonds, 3Diamonds, 7Clubs, 5Clubs, 2Clubs, QHearts, KSpades, 6Spades, 5Spades, 2Spades.
P2 HAND: QDiamonds, JClubs, QClubs, 4Clubs, AHearts, JHearts, 6Hearts, ASpades, 7Spades, 3Spades.
P3 HAND: KDiamonds, 6Diamonds, 4Diamonds, 2Diamonds, 3Clubs, 7Hearts, KHearts, 5Hearts, 4Hearts, 3Hearts.
P0 AClubs P1 2Clubs P2 JClubs P3 3Clubs 
P0 2Hearts P1 QHearts P2 AHearts P3 3Hearts 
P2 ASpades P3 2Diamonds P0 4Spades P1 KSpades 
P3 4Hearts P0 5Diamonds P1 2Spades P2 JHearts 
P0 KClubs P1 5Clubs P2 4Clubs P3 5Hearts 
P0 6Clubs P1 7Clubs P2 QClubs P3 7Hearts 
P1 5Spades P2 3Spades P3 4Diamonds P0 QSpades 
P3 6Diamonds P0 ADiamonds P1 3Diamonds P2 QDiamonds 
P0 JSpades P1 6Spades P2 7Spades P3 KDiamonds 
P3 KHearts P0 7Diamonds P1 JDiamonds P2 6Hearts 
-- /GAME --
P0 HAND: ADiamonds, 2Diamonds, 2Clubs, KHearts, 5Hearts, KSpades, 6Spades, 5Spades, 4Spades, 3Spades.
P1 HAND: 6Diamonds, 7Clubs, QClubs, 4Clubs, JHearts, QHearts, 6Hearts, 3Hearts, JSpades, QSpades.
P2 HAND: 7Diamonds, KDiamonds, QDiamonds, 3Diamonds, KClubs, JClubs, AHearts, 4Hearts, 2Hearts, ASpades.
P3 HAND: JDiamonds, 5Diamonds, 4Diamonds, AClubs, 6Clubs, 5Clubs, 3Clubs, 7Hearts, 7Spades, 2Spades.
P3 AClubs P0 2Clubs P1 7Clubs P2 JClubs 
P3 2Spades P0 3Spades P1 QSpades P2 ASpades 
P2 AHearts P3 7Hearts P0 KHearts P1 3Hearts 
P2 2Hearts P3 3Clubs P0 5Hearts P1 JHearts 
P1 4Clubs P2 KClubs P3 5Clubs P0 KSpades 
P2 4Hearts P3 6Clubs P0 4Spades P1 QHearts 
P1 6Hearts P2 3Diamonds P3 4Diamonds P0 5Spades 
P3 5Diamonds P0 2Diamonds P1 6Diamonds P2 QDiamonds 
P2 KDiamonds P3 JDiamonds P0 ADiamonds P1 QClubs 
P0 6Spades P1 JSpades P2 7Diamonds P3 7Spades 
-- /GAME --
P0 HAND: ADiamonds, 7Diamonds, 3Diamonds, 2Diamonds, 7Clubs, JClubs, 7Hearts, KHearts, 3Hearts, 2Hearts.
P1 HAND: KDiamonds, JDiamonds, 6Clubs, 5Clubs, 3Clubs, 4Hearts, KSpades, 5Spades, 4Spades, 3Spades.
P2 HAND: 6Diamonds, 4Diamonds, KClubs, QClubs, AHearts, QHearts, 6Hearts, 5Hearts, 7Spades, 6Spades.
P3 HAND: QDiamonds, 5Diamonds, AClubs, 4Clubs, 2Clubs, JHearts, ASpades, JSpades, QSpades, 2Spades.
P2 AHearts P3 JHearts P0 7Hearts P1 4Hearts 
P2 4Diamonds P3 5Diamonds P0 ADiamonds P1 JDiamonds 
P0 KHearts P1 3Clubs P2 QHearts P3 2Spades 
P3 AClubs P0 JClubs P1 6Clubs P2 QClubs 
P3 2Clubs P0 7Clubs P1 5Clubs P2 KClubs 
P0 7Diamonds P1 KDiamonds P2 6Diamonds P3 QDiamonds 
P0 3Diamonds P1 3Spades P2 5Hearts P3 4Clubs 
P1 4Spades P2 6Spades P3 QSpades P0 2Hearts 
P3 JSpades P0 3Hearts P1 5Spades P2 7Spades 
P2 6Hearts P3 ASpades P0 2Diamonds P1 KSpades 
-- /GAME --
P0 HAND: ADiamonds, AClubs, 7Clubs, 7Hearts, KHearts, QHearts, 6Hearts, 4Hearts, KSpades, 6Spades.
P1 HAND: 6Diamonds, 4Diamonds, 2Diamonds, KClubs, 6Clubs, AHearts, 5Hearts, 7Spades, 5Spades, 2Spades.
P2 HAND: JDiamonds, QClubs, 5Clubs, 2Clubs, JHearts, 3Hearts, ASpades, JSpades, QSpades, 4Spades.
P3 HAND: 7Diamonds, KDiamonds, QDiamonds, 5Diamonds, 3Diamonds, JClubs, 4Clubs, 3Clubs, 2Hearts, 3Spades.

