-- GAME --
P2 5Hearts P3 KHearts P0 AHearts 
P0 4Hearts P1 3Clubs P2 6Hearts P3 7Hearts 
P3 2Clubs P0 4Spades P1 4Clubs P2 KClubs 
P0 JHearts P1 6Clubs P2 ADiamonds P3 2Spades 
P3 3Diamonds P0 6Spades P1 KDiamonds P2 JDiamonds 
P0 KSpades P1 JSpades P2 5Spades P3 4Diamonds 
P0 ASpades P1 7Spades P2 QSpades P3 5Clubs 
P0 QHearts P1 JClubs P2 2Diamonds P3 6Diamonds 
P0 3Hearts P1 7Clubs P2 5Diamonds P3 QDiamonds 
P0 3Spades P1 AClubs P2 QClubs P3 7Diamonds 
-- /GAME --
P0 HAND: JDiamonds, 4Diamonds, 2Diamonds, JClubs, QClubs, 4Clubs, 2Clubs, JHearts, ASpades, 7Spades.
P1 HAND: KDiamonds, 6Diamonds, 5Diamonds, 3Diamonds, AClubs, 7Clubs, 4Hearts, 2Hearts, JSpades, 5Spades.
P2 HAND: ADiamonds, 7Diamonds, QDiamonds, 6Clubs, 3Clubs, KHearts, QHearts, 6Hearts, KSpades, 4Spades.
P3 HAND: KClubs, 5Clubs, AHearts, 7Hearts, 5Hearts, 3Hearts, QSpades, 6Spades, 3Spades, 2Spades.
P0 ASpades P1 5Spades P2 KSpades P3 2Spades 
P0 7Spades P1 JSpades P2 4Spades P3 3Spades 
P0 2Diamonds P1 3Diamonds P2 ADiamonds P3 3Hearts 
P3 5Clubs P0 JClubs P1 AClubs P2 3Clubs 
P1 5Diamonds P2 QDiamonds P3 6Spades P0 JDiamonds 
P0 4Clubs P1 7Clubs P2 6Clubs P3 KClubs 
P1 6Diamonds P2 7Diamonds P3 5Hearts P0 4Diamonds 
P3 QSpades P0 QClubs P1 2Hearts P2 6Hearts 
P2 QHearts P3 7Hearts P0 JHearts P1 4Hearts 
P3 AHearts P0 2Clubs P1 KDiamonds P2 KHearts 
-- /GAME --
P0 HAND: KDiamonds, 5Diamonds, 4Diamonds, 2Diamonds, QClubs, 5Clubs, 4Clubs, 2Hearts, QSpades, 3Spades.
P1 HAND: JDiamonds, 3Diamonds, 3Clubs, AHearts, JHearts, QHearts, 4Hearts, KSpades, JSpades, 4Spades.
P2 HAND: ADiamonds, QDiamonds, 7Clubs, KClubs, 2Clubs, 7Hearts, 6Hearts, ASpades, 6Spades, 2Spades.
P3 HAND: 7Diamonds, 6Diamonds, AClubs, JClubs, 6Clubs, KHearts, 5Hearts, 3Hearts, 7Spades, 5Spades.
P3 AClubs P0 4Clubs P1 3Clubs P2 2Clubs 
P3 5Spades P0 QSpades P1 4Spades P2 ASpades 
P2 ADiamonds P3 6Diamonds P0 KDiamonds P1 3Diamonds 
P2 2Spades P3 7Spades P0 3Spades P1 KSpades 
P3 6Clubs P0 QClubs P1 4Hearts P2 KClubs 
P1 JDiamonds P2 QDiamonds P3 7Diamonds P0 4Diamonds 
P3 JClubs P0 5Clubs P1 QHearts P2 7Clubs 
P1 JSpades P2 6Spades P3 3Hearts P0 2Diamonds 
P3 5Hearts P0 2Hearts P1 JHearts P2 6Hearts 
P1 AHearts P2 7Hearts P3 KHearts P0 5Diamonds 
-- /GAME --
P0 HAND: 3Diamonds, 2Diamonds, AClubs, 2Clubs, JHearts, 6Hearts, 3Hearts, KSpades, QSpades, 2Spades.
P1 HAND: 7Diamonds, 7Clubs, 6Clubs, 5Clubs, 4Clubs, KHearts, QHearts, 2Hearts, 6Spades, 4Spades.
P2 HAND: ADiamonds, KDiamonds, JDiamonds, JClubs, QClubs, 3Clubs, AHearts, 5Hearts, ASpades, JSpades.
P3 HAND: QDiamonds, 6Diamonds, 5Diamonds, 4Diamonds, KClubs, 7Hearts, 4Hearts, 7Spades, 5Spades, 3Spades.
P2 ADiamonds P3 4Diamonds P0 2Diamonds P1 7Diamonds 
P2 AHearts P3 4Hearts P0 JHearts P1 2Hearts 
P2 3Clubs P3 KClubs P0 AClubs P1 4Clubs 
P0 3Diamonds P1 5Clubs P2 KDiamonds P3 5Diamonds 
P2 5Hearts P3 7Hearts P0 6Hearts P1 KHearts 
P3 6Diamonds P0 QSpades P1 6Clubs P2 JDiamonds 
P0 3Hearts P1 QHearts P2 QClubs P3 QDiamonds 
P1 4Spades P2 JSpades P3 3Spades P0 KSpades 
P0 2Clubs P1 7Clubs P2 JClubs P3 5Spades 
P3 7Spades P0 2Spades P1 6Spades P2 ASpades 
-- /GAME --
P0 HAND: JDiamonds, QDiamonds, 3Diamonds, 5Clubs, 4Clubs, AHearts, 4Hearts, 2Hearts, JSpades, 5Spades.
P1 HAND: 7Diamonds, KDiamonds, 4Diamonds, 3Clubs, 7Hearts, QHearts, 5Hearts, 7Spades, QSpades, 3Spades.
P2 HAND: ADiamonds, 6Diamonds, 5Diamonds, KClubs, QClubs, 2Clubs, JHearts, ASpades, KSpades, 4Spades.
P3 HAND: 2Diamonds, AClubs, 7Clubs, JClubs, 6Clubs, KHearts, 6Hearts, 3Hearts, 6Spades, 2Spades.
P1 3Spades P2 ASpades P3 2Spades P0 JSpades 
P2 ADiamonds P3 2Diamonds P0 JDiamonds P1 4Diamonds 
P2 4Spades P3 6Spades P0 5Spades P1 7Spades 
P1 5Hearts P2 JHearts P3 3Hearts P0 AHearts 
P0 4Hearts P1 QHearts P2 5Diamonds P3 KHearts 
P3 6Hearts P0 2Hearts P1 7Hearts P2 2Clubs 
P2 6Diamonds P3 6Clubs P0 3Diamonds P1 7Diamonds 
P3 JClubs P0 5Clubs P1 3Clubs P2 QClubs 
P3 7Clubs P0 4Clubs P1 QSpades P2 KClubs 
P3 AClubs P0 QDiamonds P1 KDiamonds P2 KSpades 
-- /GAME --
P0 HAND: 7Diamonds, KDiamonds, QDiamonds, 6Diamonds, 4Diamonds, AClubs, QClubs, 4Clubs, 7Hearts, JHearts.
P1 HAND: JDiamonds, 2Diamonds, 7Clubs, KClubs, 6Clubs, 6Hearts, 2Hearts, ASpades, 7Spades, KSpades.
P2 HAND: 5Diamonds, 3Diamonds, AHearts, QHearts, 5Hearts, 3Hearts, JSpades, 4Spades, 3Spades, 2Spades.
P3 HAND: ADiamonds, JClubs, 5Clubs, 3Clubs, 2Clubs, KHearts, 4Hearts, QSpades, 6Spades, 5Spades.

