-- GAME --
P0 HAND: JDiamonds, 7Clubs, KClubs, 2Clubs, 5Hearts, ASpades, JSpades, QSpades, 6Spades, 4Spades.
P1 HAND: KDiamonds, QDiamonds, 4Diamonds, 2Diamonds, QClubs, AHearts, KHearts, JHearts, 6Hearts, 2Hearts.
P2 HAND: JClubs, 6Clubs, 5Clubs, 4Clubs, 3Clubs, QHearts, 4Hearts, 7Spades, KSpades, 5Spades.
P3 HAND: ADiamonds, 7Diamonds, 6Diamonds, 5Diamonds, 3Diamonds, AClubs, 7Hearts, 3Hearts, 3Spades, 2Spades.
P2 3Clubs P3 AClubs P0 2Clubs P1 QClubs 
P3 2Spades P0 ASpades P1 2Hearts P2 5Spades 
P1 2Diamonds P2 4Clubs P3 ADiamonds P0 JDiamonds 
P3 3Diamonds P0 7Clubs P1 4Diamonds P2 4Hearts 
P2 5Clubs P3 3Spades P0 KClubs P1 QDiamonds 
P0 5Hearts P1 6Hearts P2 QHearts P3 3Hearts 
P2 6Clubs P3 5Diamonds P0 4Spades P1 JHearts 
P1 KHearts P2 JClubs P3 7Hearts P0 6Spades 
P3 6Diamonds P0 QSpades P1 KDiamonds P2 KSpades 
P1 AHearts P2 7Spades P3 7Diamonds P0 JSpades 
-- /GAME --
P0 HAND: JDiamonds, 3Diamonds, JClubs, QClubs, AHearts, 7Hearts, JHearts, 5Hearts, KSpades, 5Spades.
P1 HAND: ADiamonds, QDiamonds, 6Diamonds, 4Diamonds, 7Clubs, 5Clubs, 2Clubs, 6Hearts, JSpades, 4Spades.
P2 HAND: KDiamonds, AClubs, KClubs, 4Clubs, KHearts, QHearts, 3Hearts, 7Spades, QSpades, 3Spades.
P3 HAND: 7Diamonds, 5Diamonds, 2Diamonds, 6Clubs, 3Clubs, 4Hearts, 2Hearts, ASpades, 6Spades, 2Spades.
P1 2Clubs P2 AClubs P3 3Clubs P0 JClubs 
P2 3Hearts P3 2Hearts P0 AHearts P1 6Hearts 
P0 QClubs P1 5Clubs P2 4Clubs P3 6Clubs 
P0 JDiamonds P1 4Diamonds P2 KDiamonds P3 7Diamonds 
P3 ASpades P0 5Spades P1 JSpades P2 3Spades 
P3 2Spades 
