-- GAME --
P0 HAND: JDiamonds, KClubs, JClubs, QClubs, 7Hearts, KHearts, ASpades, 6Spades, 4Spades, 3Spades.
P1 HAND: 6Diamonds, 2Diamonds, AClubs, 7Clubs, 4Clubs, AHearts, 3Hearts, KSpades, JSpades, 2Spades.
P2 HAND: 7Diamonds, 4Diamonds, 5Clubs, 3Clubs, 2Clubs, QHearts, 6Hearts, 4Hearts, 7Spades, 5Spades.
P3 HAND: ADiamonds, KDiamonds, QDiamonds, 5Diamonds, 3Diamonds, 6Clubs, JHearts, 5Hearts, 2Hearts, QSpades.
P3 2Hearts P0 KHearts P1 AHearts P2 4Hearts 
P1 2Diamonds P2 4Diamonds P3 ADiamonds P0 JDiamonds 
P3 3Diamonds P0 KClubs P1 6Diamonds P2 7Diamonds 
P0 ASpades P1 2Spades P2 7Spades P3 QSpades 
P0 7Hearts P1 3Hearts P2 QHearts P3 5Hearts 
P0 3Spades P1 JSpades P2 5Spades P3 KDiamonds 
P1 4Clubs P2 2Clubs P3 6Clubs P0 JClubs 
P0 4Spades P1 KSpades P2 6Hearts P3 JHearts 
P1 7Clubs P2 3Clubs P3 5Diamonds P0 QClubs 
P1 AClubs P2 5Clubs P3 QDiamonds P0 6Spades 
-- /GAME --
P0 HAND: 5Diamonds, 4Diamonds, 6Clubs, 3Clubs, AHearts, 5Hearts, 4Hearts, 3Hearts, 5Spades, 2Spades.
P1 HAND: JDiamonds, 3Diamonds, 7Clubs, JClubs, 2Clubs, 7Hearts, 6Hearts, 2Hearts, QSpades, 3Spades.
P2 HAND: 7Diamonds, 2Diamonds, AClubs, QClubs, 5Clubs, KHearts, QHearts, 7Spades, JSpades, 4Spades.
P3 HAND: ADiamonds, KDiamonds, QDiamonds, 6Diamonds, KClubs, 4Clubs, JHearts, ASpades, KSpades, 6Spades.
P2 AClubs P3 4Clubs P0 6Clubs P1 2Clubs 
P2 4Spades P3 ASpades P0 2Spades P1 QSpades 
P3 6Spades P0 5Spades P1 3Spades P2 7Spades 
P2 5Clubs P3 KClubs P0 3Clubs P1 7Clubs 
P1 2Hearts P2 QHearts P3 JHearts P0 AHearts 
P0 3Hearts P1 6Hearts P2 KHearts P3 6Diamonds 
P3 QDiamonds P0 4Diamonds P1 3Diamonds P2 2Diamonds 
P3 KDiamonds P0 5Diamonds P1 JDiamonds P2 7Diamonds 
P2 QClubs P3 ADiamonds P0 4Hearts P1 JClubs 
P3 KSpades P0 5Hearts P1 7Hearts P2 JSpades 
-- /GAME --
P0 HAND: 7Diamonds, 6Diamonds, 3Diamonds, JClubs, 6Clubs, 4Clubs, 3Clubs, AHearts, QHearts, 4Hearts.
P1 HAND: JDiamonds, 2Diamonds, 7Clubs, KClubs, QClubs, 5Clubs, JHearts, 2Hearts, KSpades, 5Spades.
P2 HAND: QDiamonds, 2Clubs, KHearts, 5Hearts, 3Hearts, ASpades, JSpades, 6Spades, 4Spades, 3Spades.
P3 HAND: ADiamonds, KDiamonds, 5Diamonds, 4Diamonds, AClubs, 7Hearts, 6Hearts, 7Spades, QSpades, 2Spades.
P1 2Hearts P2 3Hearts P3 6Hearts P0 AHearts 
P0 3Clubs P1 5Clubs P2 2Clubs P3 AClubs 
P3 2Spades P0 7Diamonds P1 5Spades P2 ASpades 
P0 6Clubs P1 QClubs P2 3Spades P3 7Hearts 
P1 JHearts P2 5Hearts P3 QSpades P0 4Hearts 
P1 2Diamonds P2 QDiamonds P3 4Diamonds P0 3Diamonds 
P2 4Spades P3 7Spades P0 6Diamonds P1 KSpades 
P0 QHearts P1 JDiamonds P2 KHearts P3 5Diamonds 
P1 KClubs P2 6Spades P3 KDiamonds P0 4Clubs 
P3 ADiamonds P0 JClubs P1 7Clubs P2 JSpades 
-- /GAME --
P0 HAND: 4Diamonds, 4Clubs, 2Clubs, AHearts, KHearts, 6Hearts, 3Hearts, 7Spades, 6Spades, 4Spades.
P1 HAND: KDiamonds, 3Diamonds, 7Clubs, JClubs, 3Clubs, 4Hearts, 2Hearts, JSpades, 5Spades, 2Spades.
P2 HAND: JDiamonds, QDiamonds, 6Diamonds, 2Diamonds, AClubs, JHearts, QHearts, 5Hearts, KSpades, QSpades.
P3 HAND: ADiamonds, 7Diamonds, 5Diamonds, KClubs, QClubs, 6Clubs, 5Clubs, 7Hearts, ASpades, 3Spades.

