-- GAME --
P0 HAND: ADiamonds, 7Diamonds, KDiamonds, 3Diamonds, 3Clubs, KHearts, 6Hearts, KSpades, QSpades, 5Spades.
P1 HAND: QDiamonds, 7Clubs, 4Clubs, AHearts, JHearts, 4Hearts, 3Hearts, ASpades, JSpades, 4Spades.
P2 HAND: JDiamonds, 5Diamonds, 4Diamonds, AClubs, QClubs, 5Clubs, 2Clubs, 7Hearts, 6Spades, 2Spades.
P3 HAND: 6Diamonds, 2Diamonds, KClubs, JClubs, 6Clubs, QHearts, 5Hearts, 2Hearts, 7Spades, 3Spades.
P3 2Diamonds P0 ADiamonds P1 QDiamonds P2 JDiamonds 
P0 3Clubs P1 4Clubs P2 AClubs P3 6Clubs 
P2 2Clubs P3 JClubs P0 KHearts P1 7Clubs 
P0 6Hearts P1 3Hearts P2 7Hearts P3 2Hearts 
P2 2Spades P3 3Spades P0 5Spades P1 ASpades 
P1 4Spades P2 6Spades P3 7Spades P0 QSpades 
P3 6Diamonds P0 KDiamonds P1 4Hearts P2 4Diamonds 
P1 JSpades P2 5Diamonds P3 5Hearts P0 KSpades 
P3 QHearts P0 3Diamonds P1 JHearts P2 5Clubs 
P1 AHearts P2 QClubs P3 KClubs P0 7Diamonds 
-- /GAME --
P0 HAND: QDiamonds, 7Clubs, 6Clubs, 4Clubs, QHearts, 6Hearts, 7Spades, QSpades, 3Spades, 2Spades.
P1 HAND: 7Diamonds, JDiamonds, 6Diamonds, 4Diamonds, QClubs, 5Clubs, 2Clubs, 2Hearts, KSpades, 6Spades.
P2 HAND: ADiamonds, KDiamonds, 2Diamonds, AClubs, JClubs, 4Hearts, 3Hearts, ASpades, 5Spades, 4Spades.
P3 HAND: 5Diamonds, 3Diamonds, KClubs, 3Clubs, AHearts, 7Hearts, KHearts, JHearts, 5Hearts, JSpades.
P2 ADiamonds P3 3Diamonds P0 QDiamonds P1 4Diamonds 
P2 ASpades P3 JSpades P0 7Spades P1 6Spades 
P2 2Diamonds P3 5Diamonds P0 6Hearts P1 7Diamonds 
P1 2Hearts P2 3Hearts P3 AHearts P0 QHearts 
P3 5Hearts P0 2Spades P1 6Diamonds P2 4Hearts 
P3 JHearts P0 3Spades P1 2Clubs P2 4Spades 
P1 JDiamonds P2 KDiamonds P3 3Clubs P0 7Clubs 
P0 QSpades P1 KSpades P2 5Spades P3 7Hearts 
P1 5Clubs P2 JClubs P3 KClubs P0 4Clubs 
P3 KHearts P0 6Clubs P1 QClubs P2 AClubs 
-- /GAME --
P0 HAND: ADiamonds, 7Diamonds, JDiamonds, 3Diamonds, KClubs, 6Hearts, 5Hearts, KSpades, 5Spades, 2Spades.
P1 HAND: 4Diamonds, 7Clubs, QClubs, 6Clubs, 5Clubs, 2Clubs, AHearts, JHearts, 7Spades, 4Spades.
P2 HAND: KDiamonds, QDiamonds, 2Diamonds, JClubs, 4Clubs, 3Clubs, QHearts, 4Hearts, JSpades, 3Spades.
P3 HAND: 6Diamonds, 5Diamonds, AClubs, 7Hearts, KHearts, 3Hearts, 2Hearts, ASpades, QSpades, 6Spades.
P1 2Clubs P2 3Clubs P3 AClubs P0 KClubs 
P3 ASpades P0 2Spades P1 7Spades P2 3Spades 
P3 5Diamonds P0 ADiamonds P1 4Diamonds P2 KDiamonds 
P0 5Hearts P1 JHearts P2 4Hearts P3 2Hearts 
P1 4Spades P2 JSpades P3 6Spades P0 KSpades 
P0 6Hearts P1 AHearts P2 QHearts P3 3Hearts 
P1 5Clubs P2 4Clubs P3 6Diamonds P0 5Spades 
P1 6Clubs P2 JClubs P3 QSpades P0 7Diamonds 
P2 2Diamonds P3 KHearts P0 JDiamonds P1 7Clubs 
P3 7Hearts P0 3Diamonds P1 QClubs P2 QDiamonds 
-- /GAME --
P0 HAND: ADiamonds, QDiamonds, AClubs, JClubs, QClubs, 5Clubs, KHearts, JHearts, ASpades, 2Spades.
P1 HAND: 7Diamonds, 7Clubs, 6Clubs, 4Clubs, 2Clubs, AHearts, 6Hearts, 4Hearts, KSpades, 5Spades.
P2 HAND: JDiamonds, 4Diamonds, 3Diamonds, 3Clubs, 7Hearts, 3Hearts, 2Hearts, 7Spades, JSpades, 6Spades.
P3 HAND: KDiamonds, 6Diamonds, 5Diamonds, 2Diamonds, KClubs, QHearts, 5Hearts, QSpades, 4Spades, 3Spades.

