-- GAME --
P0 HAND: 7Diamonds, KDiamonds, JDiamonds, 4Diamonds, 5Clubs, 2Clubs, KHearts, 6Hearts, JSpades, 4Spades.
P1 HAND: QDiamonds, 5Diamonds, 3Diamonds, AClubs, JClubs, 4Clubs, 3Clubs, 3Hearts, 2Hearts, KSpades.
P2 HAND: 6Diamonds, 6Clubs, 7Hearts, QHearts, ASpades, 7Spades, QSpades, 6Spades, 5Spades, 3Spades.
P3 HAND: ADiamonds, 2Diamonds, 7Clubs, KClubs, QClubs, AHearts, JHearts, 5Hearts, 4Hearts, 2Spades.
P0 2Clubs P1 3Clubs P2 6Clubs P3 QClubs 
P3 ADiamonds P0 4Diamonds P1 QDiamonds P2 6Diamonds 
P3 AHearts P0 6Hearts P1 3Hearts P2 QHearts 
P3 2Diamonds P0 7Diamonds P1 3Diamonds P2 ASpades 
P0 KDiamonds P1 5Diamonds P2 3Spades P3 2Spades 
P0 JDiamonds P1 2Hearts P2 5Spades P3 4Hearts 
P0 KHearts P1 4Clubs P2 7Hearts P3 JHearts 
P1 JClubs P2 6Spades P3 KClubs P0 5Clubs 
P3 5Hearts P0 4Spades P1 AClubs P2 QSpades 
P1 KSpades P2 7Spades P3 7Clubs P0 JSpades 
-- /GAME --
P0 HAND: KDiamonds, AClubs, 7Hearts, 3Hearts, 2Hearts, JSpades, 6Spades, 5Spades, 4Spades, 2Spades.
P1 HAND: ADiamonds, 7Diamonds, QDiamonds, 2Diamonds, KClubs, QClubs, 6Clubs, 4Clubs, 7Spades, 3Spades.
P2 HAND: JDiamonds, 6Diamonds, 5Diamonds, 4Diamonds, 7Clubs, JClubs, AHearts, 6Hearts, ASpades, KSpades.
P3 HAND: 3Diamonds, 5Clubs, 3Clubs, 2Clubs, KHearts, JHearts, QHearts, 5Hearts, 4Hearts, QSpades.
P3 2Clubs P0 AClubs P1 4Clubs P2 7Clubs 
P0 2Hearts P1 3Spades P2 AHearts P3 4Hearts 
P2 ASpades P3 QSpades P0 JSpades P1 7Spades 
P2 6Hearts P3 5Hearts P0 3Hearts P1 6Clubs 
P2 JClubs P3 3Clubs P0 2Spades P1 KClubs 
P1 QClubs P2 4Diamonds P3 5Clubs P0 7Hearts 
P2 5Diamonds P3 3Diamonds P0 KDiamonds P1 2Diamonds 
P0 6Spades P1 QDiamonds P2 KSpades P3 KHearts 
P1 7Diamonds P2 6Diamonds P3 QHearts P0 5Spades 
P1 ADiamonds P2 JDiamonds P3 JHearts P0 4Spades 
-- /GAME --
P0 HAND: 7Diamonds, 4Diamonds, 2Diamonds, 5Clubs, 4Clubs, QHearts, ASpades, 7Spades, JSpades, 3Spades.
P1 HAND: 3Diamonds, AClubs, 6Clubs, 3Clubs, 6Hearts, 3Hearts, KSpades, QSpades, 5Spades, 4Spades.
P2 HAND: ADiamonds, KDiamonds, QDiamonds, 5Diamonds, QClubs, 2Clubs, AHearts, 7Hearts, JHearts, 2Spades.
P3 HAND: JDiamonds, 6Diamonds, 7Clubs, KClubs, JClubs, KHearts, 5Hearts, 4Hearts, 2Hearts, 6Spades.

