-- GAME --
P0 HAND: JDiamonds, AClubs, KClubs, AHearts, 7Hearts, JHearts, 7Spades, QSpades, 6Spades, 5Spades.
P1 HAND: KDiamonds, 6Diamonds, 3Diamonds, 3Clubs, 2Clubs, KHearts, 5Hearts, 2Hearts, 3Spades, 2Spades.
P2 HAND: QDiamonds, 5Diamonds, 4Diamonds, QClubs, 6Clubs, 4Clubs, QHearts, 6Hearts, 3Hearts, JSpades.
P3 HAND: ADiamonds, 7Diamonds, 2Diamonds, 7Clubs, JClubs, 5Clubs, 4Hearts, ASpades, KSpades, 4Spades.
P3 ASpades P0 5Spades P1 3Spades P2 JSpades 
P3 4Hearts P0 AHearts P1 2Hearts P2 QHearts 
P0 7Hearts P1 5Hearts P2 6Hearts P3 2Diamonds 
P3 4Spades P0 7Spades P1 2Spades P2 QClubs 
P0 AClubs P1 2Clubs P2 6Clubs P3 5Clubs 
P0 JHearts P1 KHearts P2 3Hearts P3 7Clubs 
P1 3Clubs P2 4Clubs P3 JClubs P0 KClubs 
P0 6Spades P1 3Diamonds P2 4Diamonds P3 KSpades 
P2 5Diamonds P3 7Diamonds P0 JDiamonds P1 6Diamonds 
P3 ADiamonds P0 QSpades P1 KDiamonds P2 QDiamonds 
-- /GAME --
P0 HAND: QDiamonds, 4Diamonds, 6Clubs, 5Clubs, 4Clubs, AHearts, ASpades, KSpades, 6Spades, 5Spades.
P1 HAND: ADiamonds, 7Diamonds, KDiamonds, 2Diamonds, AClubs, QClubs, 2Clubs, 7Hearts, 3Spades, 2Spades.
P2 HAND: 6Diamonds, 3Diamonds, 7Clubs, 3Clubs, QHearts, 5Hearts, 4Hearts, 2Hearts, JSpades, QSpades.
P3 HAND: JDiamonds, 5Diamonds, KClubs, JClubs, KHearts, JHearts, 6Hearts, 3Hearts, 7Spades, 4Spades.
P2 2Hearts P3 3Hearts P0 AHearts P1 7Hearts 
P0 ASpades P1 2Spades P2 JSpades P3 4Spades 
P0 4Diamonds P1 ADiamonds P2 3Diamonds P3 JDiamonds 
P1 2Diamonds P2 6Diamonds P3 5Diamonds P0 QDiamonds 
P0 KSpades P1 3Spades P2 QSpades P3 7Spades 
P3 6Hearts P0 4Clubs P1 2Clubs P2 QHearts 
P0 5Spades P1 QClubs P2 4Hearts P3 KHearts 
P1 AClubs P2 3Clubs P3 JClubs P0 5Clubs 
P1 KDiamonds P2 5Hearts P3 KClubs P0 6Spades 
P3 JHearts P0 6Clubs P1 7Diamonds P2 7Clubs 
-- /GAME --
P0 HAND: 5Diamonds, KClubs, JClubs, 6Clubs, 5Clubs, KHearts, 5Hearts, ASpades, 6Spades, 5Spades.
P1 HAND: 7Diamonds, KDiamonds, JDiamonds, 3Diamonds, 3Clubs, JHearts, 6Hearts, KSpades, 4Spades, 2Spades.
P2 HAND: ADiamonds, 4Diamonds, 7Clubs, 7Hearts, 4Hearts, 3Hearts, 2Hearts, 7Spades, JSpades, 3Spades.
P3 HAND: QDiamonds, 6Diamonds, 2Diamonds, AClubs, QClubs, 4Clubs, 2Clubs, AHearts, QHearts, QSpades.
P1 3Diamonds P2 ADiamonds P3 2Diamonds P0 5Diamonds 
P2 2Hearts P3 AHearts P0 5Hearts P1 JHearts 
P3 AClubs P0 5Clubs P1 3Clubs P2 7Clubs 
P3 2Clubs P0 KClubs P1 6Hearts P2 7Hearts 
P0 JClubs P1 2Spades P2 3Hearts P3 QClubs 
P1 JDiamonds P2 4Diamonds P3 6Diamonds P0 6Clubs 
P1 4Spades P2 3Spades P3 QSpades P0 5Spades 
P3 4Clubs P0 KHearts P1 KSpades P2 7Spades 
P2 4Hearts P3 QHearts P0 6Spades P1 KDiamonds 
P0 ASpades P1 7Diamonds P2 JSpades P3 QDiamonds 
-- /GAME --
P0 HAND: ADiamonds, JDiamonds, 5Diamonds, AClubs, JClubs, AHearts, 7Hearts, QHearts, 7Spades, 5Spades.
P1 HAND: QDiamonds, 2Diamonds, 3Clubs, KHearts, 6Hearts, 4Hearts, ASpades, QSpades, 4Spades, 3Spades.
P2 HAND: KDiamonds, 4Diamonds, 7Clubs, KClubs, QClubs, 5Clubs, 2Clubs, 3Hearts, 2Hearts, KSpades.
P3 HAND: 7Diamonds, 6Diamonds, 3Diamonds, 6Clubs, 4Clubs, JHearts, 5Hearts, JSpades, 6Spades, 2Spades.
P0 AHearts P1 4Hearts P2 3Hearts P3 5Hearts 
P0 AClubs P1 3Clubs P2 7Clubs P3 4Clubs 
P0 ADiamonds P1 2Diamonds P2 KDiamonds P3 3Diamonds 
P0 JDiamonds P1 QDiamonds P2 4Diamonds P3 7Diamonds 
P3 6Diamonds P0 5Diamonds P1 6Hearts P2 2Clubs 
P3 6Clubs P0 JClubs P1 3Spades P2 5Clubs 
P1 4Spades P2 KSpades P3 2Spades P0 7Spades 
P0 5Spades P1 QSpades P2 2Hearts P3 6Spades 
P1 ASpades P2 QClubs P3 JSpades P0 QHearts 
P1 KHearts P2 KClubs P3 JHearts P0 7Hearts 
-- /GAME --
P0 HAND: 7Diamonds, 6Diamonds, 5Diamonds, 3Diamonds, 2Diamonds, QClubs, 6Hearts, 4Hearts, QSpades, 6Spades.
P1 HAND: 7Clubs, JClubs, AHearts, KHearts, JHearts, QHearts, 5Hearts, 3Hearts, 7Spades, KSpades.
P2 HAND: KDiamonds, 4Diamonds, AClubs, KClubs, 6Clubs, 3Clubs, 2Clubs, 7Hearts, 3Spades, 2Spades.
P3 HAND: ADiamonds, JDiamonds, QDiamonds, 5Clubs, 4Clubs, 2Hearts, ASpades, JSpades, 5Spades, 4Spades.
P3 ASpades P0 6Spades P1 7Spades P2 2Spades 
P3 2Hearts P0 4Hearts P1 AHearts P2 7Hearts 
P1 3Hearts P2 2Clubs P3 4Clubs P0 6Hearts 
P0 QSpades P1 KSpades P2 3Spades P3 JSpades 
P1 5Hearts P2 3Clubs P3 4Spades P0 QClubs 
P1 QHearts P2 6Clubs P3 5Clubs P0 2Diamonds 
P0 3Diamonds P1 JClubs P2 4Diamonds P3 QDiamonds 
P3 5Spades P0 7Diamonds P1 JHearts P2 AClubs 
P0 5Diamonds P1 KHearts P2 KDiamonds P3 ADiamonds 
P3 JDiamonds P0 6Diamonds P1 7Clubs P2 KClubs 
-- /GAME --
P0 HAND: ADiamonds, 5Diamonds, 7Clubs, 6Clubs, 5Clubs, AHearts, 2Hearts, 7Spades, JSpades, 5Spades.
P1 HAND: JDiamonds, 4Diamonds, JClubs, 4Clubs, QHearts, KSpades, 6Spades, 4Spades, 3Spades, 2Spades.
P2 HAND: 7Diamonds, QDiamonds, 6Diamonds, 2Diamonds, QClubs, 3Clubs, 2Clubs, 7Hearts, 6Hearts, 5Hearts.
P3 HAND: KDiamonds, 3Diamonds, AClubs, KClubs, KHearts, JHearts, 4Hearts, 3Hearts, ASpades, QSpades.
P2 2Diamonds P3 3Diamonds P0 ADiamonds P1 4Diamonds 
P0 AHearts P1 QHearts P2 7Hearts P3 3Hearts 
P0 5Diamonds P1 JDiamonds P2 6Diamonds P3 KDiamonds 
P3 AClubs P0 5Clubs P1 JClubs P2 2Clubs 
P3 4Hearts P0 2Hearts P1 4Clubs P2 6Hearts 
P2 3Clubs P3 KClubs P0 7Clubs P1 2Spades 
P1 3Spades P2 5Hearts P3 QSpades P0 7Spades 
P0 6Clubs P1 4Spades P2 QClubs P3 KHearts 
P1 6Spades P2 QDiamonds P3 ASpades P0 5Spades 
P3 JHearts P0 JSpades P1 KSpades P2 7Diamonds 
-- /GAME --

