-- GAME --
P0 HAND: KDiamonds, JDiamonds, QDiamonds, 2Diamonds, 7Clubs, 6Clubs, AHearts, KHearts, 5Spades, 2Spades.
P1 HAND: 7Diamonds, 3Diamonds, KClubs, JClubs, 3Clubs, 7Hearts, 6Hearts, 7Spades, KSpades, JSpades.
P2 HAND: 5Diamonds, AClubs, 4Clubs, 2Clubs, JHearts, QHearts, 5Hearts, 4Hearts, ASpades, QSpades.
P3 HAND: ADiamonds, 6Diamonds, 4Diamonds, QClubs, 5Clubs, 3Hearts, 2Hearts, 6Spades, 4Spades, 3Spades.
P1 3Clubs P2 AClubs P3 5Clubs P0 7Clubs 
P2 ASpades P3 3Spades P0 5Spades P1 JSpades 
P2 2Clubs P3 QClubs P0 6Clubs P1 KClubs 
P1 6Hearts P2 4Hearts P3 2Hearts P0 AHearts 
P0 2Spades P1 KSpades P2 QSpades P3 6Spades 
P1 JClubs P2 4Clubs P3 3Hearts P0 2Diamonds 
P0 KHearts P1 7Hearts P2 5Hearts P3 4Spades 
P1 3Diamonds P2 5Diamonds P3 4Diamonds P0 KDiamonds 
P0 QDiamonds P1 7Diamonds P2 QHearts P3 6Diamonds 
P1 7Spades P2 JHearts P3 ADiamonds P0 JDiamonds 
-- /GAME --
P0 HAND: KDiamonds, 7Clubs, 6Clubs, 3Clubs, AHearts, JHearts, QHearts, 6Hearts, 5Hearts, 7Spades.
P1 HAND: ADiamonds, JDiamonds, 6Diamonds, 5Diamonds, JClubs, 7Hearts, KHearts, 3Hearts, JSpades, 5Spades.
P2 HAND: QDiamonds, 2Diamonds, AClubs, KClubs, QClubs, 5Clubs, ASpades, QSpades, 6Spades, 2Spades.
P3 HAND: 7Diamonds, 4Diamonds, 3Diamonds, 4Clubs, 2Clubs, 4Hearts, 2Hearts, KSpades, 4Spades, 3Spades.
P0 AHearts P1 3Hearts P2 AClubs P3 2Hearts 
P0 7Clubs P1 JClubs P2 KClubs P3 2Clubs 
P0 5Hearts P1 KHearts P2 2Spades P3 4Hearts 
P1 5Spades P2 ASpades P3 3Spades P0 7Spades 
P2 5Clubs P3 4Clubs P0 6Clubs P1 5Diamonds 
P1 JSpades P2 6Spades P3 4Spades P0 3Clubs 
P1 6Diamonds P2 2Diamonds P3 3Diamonds P0 KDiamonds 
P0 6Hearts P1 7Hearts P2 QDiamonds P3 7Diamonds 
P3 4Diamonds P0 QHearts P1 JDiamonds P2 QClubs 
P1 ADiamonds P2 QSpades P3 KSpades P0 JHearts 
-- /GAME --
P0 HAND: 6Diamonds, 3Diamonds, 2Clubs, 5Hearts, 2Hearts, 7Spades, JSpades, QSpades, 5Spades, 3Spades.
P1 HAND: ADiamonds, JDiamonds, 4Diamonds, JClubs, QClubs, KHearts, JHearts, ASpades, 4Spades, 2Spades.
P2 HAND: 7Diamonds, 5Diamonds, KClubs, 6Clubs, 3Clubs, QHearts, 6Hearts, 4Hearts, KSpades, 6Spades.
P3 HAND: KDiamonds, QDiamonds, 2Diamonds, AClubs, 7Clubs, 5Clubs, 4Clubs, AHearts, 7Hearts, 3Hearts.
P3 AClubs P0 2Clubs P1 JClubs P2 3Clubs 
P3 AHearts P0 2Hearts P1 KHearts P2 4Hearts 
P3 2Diamonds P0 6Diamonds P1 ADiamonds P2 5Diamonds 
P1 4Diamonds P2 7Diamonds P3 QDiamonds P0 3Diamonds 
P2 6Clubs P3 4Clubs P0 5Hearts P1 QClubs 
P1 JDiamonds P2 6Hearts P3 KDiamonds P0 7Spades 
P0 3Spades P1 2Spades P2 6Spades P3 3Hearts 
P2 QHearts P3 7Hearts P0 5Spades P1 JHearts 
P0 QSpades P1 4Spades P2 KSpades P3 5Clubs 
P2 KClubs P3 7Clubs P0 JSpades P1 ASpades 
-- /GAME --
P0 HAND: ADiamonds, 6Diamonds, 4Diamonds, 3Clubs, 2Clubs, 6Hearts, 3Hearts, JSpades, QSpades, 5Spades.
P1 HAND: KDiamonds, QDiamonds, 3Diamonds, KClubs, QClubs, 5Clubs, 7Hearts, JHearts, KSpades, 3Spades.
P2 HAND: JDiamonds, 2Diamonds, JClubs, 6Clubs, 4Clubs, KHearts, 5Hearts, 2Hearts, 7Spades, 2Spades.
P3 HAND: 7Diamonds, 5Diamonds, AClubs, 7Clubs, AHearts, QHearts, 4Hearts, ASpades, 6Spades, 4Spades.
P2 2Diamonds P3 5Diamonds P0 ADiamonds P1 3Diamonds 
P0 3Clubs P1 5Clubs P2 4Clubs P3 AClubs 
P3 AHearts P0 6Hearts P1 7Hearts P2 2Hearts 
P3 4Hearts P0 3Hearts P1 JHearts P2 KHearts 
P2 5Hearts P3 QHearts P0 4Diamonds P1 KDiamonds 
P3 4Spades 
