-- GAME --
P0 HAND: KDiamonds, JDiamonds, 4Diamonds, AClubs, 4Clubs, 7Hearts, QHearts, 7Spades, KSpades, 3Spades.
P1 HAND: 5Diamonds, 3Diamonds, QClubs, 6Clubs, 3Clubs, AHearts, 2Hearts, ASpades, JSpades, 5Spades.
P2 HAND: 7Diamonds, 2Diamonds, 7Clubs, 5Clubs, KHearts, JHearts, 5Hearts, QSpades, 6Spades, 4Spades.
P3 HAND: ADiamonds, QDiamonds, 6Diamonds, KClubs, JClubs, 2Clubs, 6Hearts, 4Hearts, 3Hearts, 2Spades.
P2 2Diamonds P3 ADiamonds P0 4Diamonds P1 5Diamonds 
P3 2Spades P0 3Spades P1 ASpades P2 4Spades 
P1 AHearts P2 5Hearts P3 6Hearts P0 QHearts 
P1 2Hearts P2 JHearts P3 3Hearts P0 7Hearts 
P0 KDiamonds P1 3Diamonds P2 7Diamonds P3 6Diamonds 
P2 6Spades P3 4Hearts P0 7Spades P1 5Spades 
P0 KSpades P1 JSpades P2 QSpades P3 2Clubs 
P3 QDiamonds P0 JDiamonds P1 3Clubs P2 5Clubs 
P2 7Clubs P3 JClubs P0 AClubs P1 6Clubs 
P0 4Clubs P1 QClubs P2 KHearts P3 KClubs 
-- /GAME --
P0 HAND: ADiamonds, QDiamonds, 4Diamonds, JClubs, QClubs, 5Clubs, 7Hearts, 5Spades, 4Spades, 2Spades.
P1 HAND: KDiamonds, 3Diamonds, 2Diamonds, 6Clubs, 2Clubs, 7Spades, KSpades, JSpades, QSpades, 3Spades.
P2 HAND: 5Diamonds, 7Clubs, 4Clubs, 3Clubs, JHearts, QHearts, 4Hearts, 3Hearts, 2Hearts, 6Spades.
P3 HAND: 7Diamonds, JDiamonds, 6Diamonds, AClubs, KClubs, AHearts, KHearts, 6Hearts, 5Hearts, ASpades.

