-- GAME --
P0 HAND: 6Diamonds, 7Clubs, KClubs, JClubs, 2Clubs, 6Hearts, 4Hearts, ASpades, QSpades, 6Spades.
P1 HAND: 4Clubs, 7Hearts, JHearts, 5Hearts, 3Hearts, 2Hearts, 7Spades, 5Spades, 3Spades, 2Spades.
P2 HAND: ADiamonds, 7Diamonds, 4Diamonds, AClubs, QClubs, AHearts, KHearts, QHearts, KSpades, 4Spades.
P3 HAND: KDiamonds, JDiamonds, QDiamonds, 5Diamonds, 3Diamonds, 2Diamonds, 6Clubs, 5Clubs, 3Clubs, JSpades.
P2 ADiamonds P3 2Diamonds P0 6Diamonds P1 2Hearts 
P1 2Spades P2 4Spades P3 JSpades P0 ASpades 
P0 QSpades P1 3Spades P2 KSpades P3 3Diamonds 
P2 AClubs P3 3Clubs P0 7Clubs P1 4Clubs 
P2 4Diamonds P3 5Diamonds P0 6Spades P1 7Spades 
P3 5Clubs P0 KClubs P1 5Spades P2 QClubs 
P0 2Clubs P1 3Hearts P2 QHearts P3 6Clubs 
P2 KHearts P3 QDiamonds P0 4Hearts P1 7Hearts 
P1 5Hearts P2 AHearts P3 JDiamonds P0 6Hearts 
P2 7Diamonds P3 KDiamonds P0 JClubs P1 JHearts 
-- /GAME --
P0 HAND: 6Diamonds, 4Clubs, 3Clubs, QHearts, 6Hearts, 4Hearts, JSpades, QSpades, 4Spades, 3Spades.
P1 HAND: 3Diamonds, 2Diamonds, KClubs, 6Clubs, 5Clubs, 2Clubs, 2Hearts, 6Spades, 5Spades, 2Spades.
P2 HAND: ADiamonds, 7Diamonds, JDiamonds, 5Diamonds, AClubs, QClubs, AHearts, 7Hearts, KHearts, 3Hearts.
P3 HAND: KDiamonds, QDiamonds, 4Diamonds, 7Clubs, JClubs, JHearts, 5Hearts, ASpades, 7Spades, KSpades.
P1 2Diamonds P2 ADiamonds P3 4Diamonds P0 6Diamonds 
P2 AClubs P3 JClubs P0 4Clubs P1 2Clubs 
P2 AHearts P3 5Hearts P0 QHearts P1 2Hearts 
P2 3Hearts P3 JHearts P0 4Hearts P1 KClubs 
P3 QDiamonds P0 3Spades P1 3Diamonds P2 7Diamonds 
P0 6Hearts P1 5Clubs P2 KHearts P3 KSpades 
P3 7Spades P0 4Spades P1 2Spades P2 5Diamonds 
P3 ASpades P0 QSpades P1 5Spades P2 QClubs 
P3 KDiamonds P0 JSpades P1 6Clubs P2 JDiamonds 
P0 3Clubs P1 6Spades P2 7Hearts P3 7Clubs 
-- /GAME --
P0 HAND: ADiamonds, KDiamonds, 3Diamonds, 6Clubs, 5Clubs, 2Clubs, 6Hearts, 3Hearts, 2Hearts, ASpades.
P1 HAND: 7Diamonds, QDiamonds, 6Diamonds, AClubs, QClubs, KHearts, 4Hearts, KSpades, 5Spades, 3Spades.
P2 HAND: JDiamonds, 4Diamonds, KClubs, JClubs, AHearts, 7Spades, QSpades, 6Spades, 4Spades, 2Spades.
P3 HAND: 5Diamonds, 2Diamonds, 7Clubs, 4Clubs, 3Clubs, 7Hearts, JHearts, QHearts, 5Hearts, JSpades.
P0 ASpades P1 3Spades P2 7Spades P3 JSpades 
P0 ADiamonds P1 6Diamonds P2 JDiamonds P3 2Diamonds 
P0 6Clubs P1 AClubs P2 JClubs P3 7Clubs 
P1 5Spades P2 2Spades P3 3Clubs P0 5Clubs 
P1 QDiamonds P2 4Diamonds P3 5Diamonds P0 KDiamonds 
P0 3Diamonds P1 7Diamonds P2 AHearts P3 4Clubs 
P2 4Spades P3 5Hearts P0 2Clubs P1 KSpades 
P3 QHearts P0 2Hearts P1 4Hearts P2 6Spades 
P3 JHearts P0 6Hearts P1 KHearts P2 QSpades 
P1 QClubs P2 KClubs P3 7Hearts P0 3Hearts 
-- /GAME --
P0 HAND: JDiamonds, AClubs, 7Clubs, KClubs, JClubs, 2Clubs, QHearts, 3Hearts, JSpades, 6Spades.
P1 HAND: 2Diamonds, 5Clubs, 7Hearts, KHearts, JHearts, 6Hearts, 5Hearts, QSpades, 5Spades, 4Spades.
P2 HAND: 7Diamonds, KDiamonds, 6Diamonds, 5Diamonds, 4Diamonds, 3Diamonds, 3Clubs, 4Hearts, KSpades, 2Spades.
P3 HAND: ADiamonds, QDiamonds, QClubs, 6Clubs, 4Clubs, AHearts, 2Hearts, ASpades, 7Spades, 3Spades.
P3 AHearts P0 QHearts P1 7Hearts P2 4Hearts 
P3 ASpades P0 6Spades P1 QSpades P2 2Spades 
P3 2Hearts P0 3Hearts P1 5Hearts P2 3Clubs 
P1 4Spades P2 KSpades P3 7Spades P0 JSpades 
P3 3Spades P0 JDiamonds P1 5Spades P2 3Diamonds 
P0 AClubs P1 5Clubs P2 4Diamonds P3 4Clubs 
P2 5Diamonds P3 QDiamonds P0 2Clubs P1 2Diamonds 
P3 6Clubs P0 7Clubs P1 6Hearts P2 6Diamonds 
P2 KDiamonds P3 ADiamonds P0 JClubs P1 KHearts 
P3 QClubs P0 KClubs P1 JHearts P2 7Diamonds 
-- /GAME --
P0 HAND: 7Diamonds, KDiamonds, QDiamonds, 5Diamonds, AHearts, KHearts, QHearts, 6Hearts, 7Spades, 4Spades.
P1 HAND: 6Diamonds, 3Diamonds, KClubs, JClubs, QClubs, 4Hearts, ASpades, QSpades, 6Spades, 5Spades.
P2 HAND: JDiamonds, 7Clubs, 4Clubs, 2Clubs, 5Hearts, 2Hearts, KSpades, JSpades, 3Spades, 2Spades.
P3 HAND: ADiamonds, 4Diamonds, 2Diamonds, AClubs, 6Clubs, 5Clubs, 3Clubs, 7Hearts, JHearts, 3Hearts.

