-- GAME --
P0 HAND: ADiamonds, JDiamonds, 7Clubs, QClubs, 2Clubs, QHearts, ASpades, JSpades, 4Spades, 2Spades.
P1 HAND: QDiamonds, 6Diamonds, 2Diamonds, KClubs, JClubs, 6Clubs, 7Hearts, KHearts, 2Hearts, 5Spades.
P2 HAND: KDiamonds, 4Diamonds, 3Diamonds, 6Hearts, 5Hearts, 4Hearts, 7Spades, KSpades, QSpades, 6Spades.
P3 HAND: 7Diamonds, 5Diamonds, AClubs, 5Clubs, 4Clubs, 3Clubs, AHearts, JHearts, 3Hearts, 3Spades.
P0 ASpades P1 5Spades P2 7Spades P3 3Spades 
P0 QHearts P1 2Hearts P2 4Hearts P3 AHearts 
P3 3Hearts P0 JDiamonds P1 7Hearts P2 5Hearts 
P1 2Diamonds P2 3Diamonds P3 5Diamonds P0 ADiamonds 
P0 2Spades P1 6Diamonds P2 KSpades P3 3Clubs 
P3 JHearts P0 JSpades P1 KHearts P2 6Hearts 
P1 QDiamonds P2 4Diamonds P3 7Diamonds P0 7Clubs 
P0 4Spades P1 6Clubs P2 6Spades P3 4Clubs 
P1 JClubs P2 QSpades P3 5Clubs P0 2Clubs 
P1 KClubs P2 KDiamonds P3 AClubs P0 QClubs 
-- /GAME --
P0 HAND: 7Diamonds, KDiamonds, 4Diamonds, 4Clubs, 2Clubs, JHearts, QHearts, 3Hearts, ASpades, 6Spades.
P1 HAND: QDiamonds, 6Clubs, 3Clubs, KHearts, 6Hearts, 2Hearts, KSpades, JSpades, 5Spades, 4Spades.
P2 HAND: ADiamonds, 6Diamonds, 3Diamonds, AClubs, QClubs, 4Hearts, 7Spades, QSpades, 3Spades, 2Spades.
P3 HAND: JDiamonds, 5Diamonds, 2Diamonds, 7Clubs, KClubs, JClubs, 5Clubs, AHearts, 7Hearts, 5Hearts.
P3 AHearts P0 3Hearts P1 KHearts P2 4Hearts 
P3 2Diamonds P0 4Diamonds P1 QDiamonds P2 ADiamonds 
P2 AClubs P3 5Clubs P0 2Clubs P1 3Clubs 
P2 3Diamonds P3 5Diamonds P0 7Diamonds P1 4Spades 
P1 2Hearts P2 6Diamonds P3 7Hearts P0 QHearts 
P3 5Hearts P0 JHearts P1 6Hearts P2 QClubs 
P0 KDiamonds P1 6Clubs P2 2Spades P3 JDiamonds 
P2 3Spades P3 JClubs P0 6Spades P1 5Spades 
P0 4Clubs P1 JSpades P2 QSpades P3 7Clubs 
P1 KSpades P2 7Spades P3 KClubs P0 ASpades 
-- /GAME --
P0 HAND: 6Diamonds, 4Diamonds, 2Diamonds, JClubs, 6Hearts, 4Hearts, 3Hearts, 7Spades, 4Spades, 2Spades.
P1 HAND: KDiamonds, 3Diamonds, QClubs, 5Clubs, 7Hearts, JHearts, 2Hearts, KSpades, 6Spades, 3Spades.
P2 HAND: ADiamonds, JDiamonds, AClubs, KClubs, 4Clubs, 3Clubs, 2Clubs, KHearts, JSpades, QSpades.
P3 HAND: 7Diamonds, QDiamonds, 5Diamonds, 7Clubs, 6Clubs, AHearts, QHearts, 5Hearts, ASpades, 5Spades.
P2 ADiamonds P3 5Diamonds P0 2Diamonds P1 3Diamonds 
P2 2Clubs P3 6Clubs P0 JClubs P1 5Clubs 
P0 2Spades P1 3Spades P2 QSpades P3 ASpades 
P3 5Spades P0 7Spades P1 6Spades P2 JSpades 
P0 4Diamonds P1 KDiamonds P2 JDiamonds P3 7Diamonds 
P3 QDiamonds P0 6Diamonds P1 QClubs P2 3Clubs 
P3 5Hearts P0 6Hearts P1 2Hearts P2 KHearts 
P2 4Clubs P3 7Clubs P0 4Hearts P1 JHearts 
P1 7Hearts P2 KClubs P3 QHearts P0 3Hearts 
P1 KSpades P2 AClubs P3 AHearts P0 4Spades 
-- /GAME --
P0 HAND: ADiamonds, 7Diamonds, JDiamonds, QDiamonds, 6Diamonds, QClubs, 5Clubs, 3Clubs, 6Hearts, 3Hearts.
P1 HAND: 5Diamonds, 3Diamonds, 2Diamonds, 7Clubs, 6Clubs, 2Clubs, KHearts, QHearts, KSpades, QSpades.
P2 HAND: KDiamonds, AClubs, KClubs, JHearts, 5Hearts, 4Hearts, 7Spades, 6Spades, 5Spades, 2Spades.
P3 HAND: 4Diamonds, JClubs, 4Clubs, AHearts, 7Hearts, 2Hearts, ASpades, JSpades, 4Spades, 3Spades.
P1 2Diamonds P2 KDiamonds P3 4Diamonds P0 ADiamonds 
P0 7Diamonds P1 3Diamonds P2 AClubs P3 2Hearts 
P3 ASpades P0 3Hearts P1 QSpades P2 7Spades 
P0 3Clubs P1 7Clubs P2 KClubs P3 JClubs 
P1 2Clubs P2 2Spades P3 4Clubs P0 QClubs 
P0 5Clubs P1 6Clubs P2 5Spades P3 JSpades 
P1 5Diamonds P2 6Spades P3 3Spades P0 JDiamonds 
P0 QDiamonds P1 QHearts P2 4Hearts P3 4Spades 
P1 KHearts P2 5Hearts P3 7Hearts P0 6Hearts 
P3 AHearts P0 6Diamonds P1 KSpades P2 JHearts 
-- /GAME --
P0 HAND: 7Diamonds, KDiamonds, 6Diamonds, AClubs, KHearts, 6Hearts, 5Hearts, 4Hearts, 3Hearts, QSpades.
P1 HAND: QDiamonds, KClubs, 5Clubs, 3Clubs, QHearts, 2Hearts, ASpades, JSpades, 6Spades, 5Spades.
P2 HAND: ADiamonds, 4Diamonds, 2Diamonds, JClubs, 6Clubs, 4Clubs, 7Hearts, JHearts, 7Spades, 2Spades.
P3 HAND: JDiamonds, 5Diamonds, 3Diamonds, 7Clubs, QClubs, 2Clubs, AHearts, KSpades, 4Spades, 3Spades.
P0 KHearts P1 2Hearts P2 JHearts P3 AHearts 
P3 2Clubs P0 AClubs P1 3Clubs P2 JClubs 
P0 3Hearts P1 QHearts P2 7Hearts P3 3Diamonds 
P3 3Spades P0 QSpades P1 ASpades P2 2Spades 
P1 5Clubs P2 4Clubs P3 7Clubs P0 7Diamonds 
P0 4Hearts P1 5Spades P2 6Clubs P3 4Spades 
P0 5Hearts P1 6Spades P2 2Diamonds P3 QClubs 
P2 4Diamonds P3 5Diamonds P0 6Diamonds P1 QDiamonds 
P1 JSpades P2 7Spades P3 KSpades P0 KDiamonds 
P0 6Hearts P1 KClubs P2 ADiamonds P3 JDiamonds 
-- /GAME --
P0 HAND: ADiamonds, KDiamonds, 6Diamonds, AClubs, 6Clubs, 2Clubs, 5Hearts, 4Hearts, QSpades, 5Spades.
P1 HAND: 7Diamonds, 5Diamonds, 4Diamonds, 7Clubs, KClubs, 5Clubs, KHearts, 2Hearts, KSpades, 6Spades.
P2 HAND: JDiamonds, QDiamonds, 2Diamonds, 3Clubs, JHearts, 6Hearts, 3Hearts, 7Spades, 4Spades, 2Spades.
P3 HAND: 3Diamonds, JClubs, QClubs, 4Clubs, AHearts, 7Hearts, QHearts, ASpades, JSpades, 3Spades.

