-- GAME --
P3 4Hearts P0 5Hearts P1 QDiamonds 
P2 QSpades P3 6Hearts P0 KClubs P1 7Clubs 
P1 JDiamonds P2 4Clubs P3 QClubs P0 2Hearts 
P3 JClubs P0 2Clubs P1 6Clubs P2 KHearts 
P3 AClubs P0 3Clubs P1 KDiamonds P2 7Hearts 
-- /GAME --
P0 HAND: KDiamonds, 5Diamonds, 3Diamonds, JClubs, KHearts, 5Hearts, JSpades, 6Spades, 5Spades, 4Spades.
P1 HAND: ADiamonds, 2Diamonds, AClubs, KClubs, 5Clubs, 7Hearts, 6Hearts, 4Hearts, 2Hearts, ASpades.
P2 HAND: 6Diamonds, 4Diamonds, 6Clubs, 4Clubs, 3Clubs, JHearts, QHearts, 7Spades, KSpades, QSpades.
P3 HAND: 7Diamonds, JDiamonds, QDiamonds, 7Clubs, QClubs, 2Clubs, AHearts, 3Hearts, 3Spades, 2Spades.
P3 AHearts P0 5Hearts P1 7Hearts P2 QHearts 
P3 2Clubs P0 JClubs P1 AClubs P2 3Clubs 
P1 ASpades P2 QSpades P3 3Spades P0 4Spades 
P1 2Hearts P2 JHearts P3 3Hearts P0 KHearts 
P0 5Spades P1 4Hearts P2 7Spades P3 2Spades 
P2 4Clubs P3 QClubs P0 KDiamonds P1 5Clubs 
P0 JSpades P1 6Hearts P2 KSpades P3 QDiamonds 
P3 JDiamonds P0 3Diamonds P1 2Diamonds P2 4Diamonds 
P3 7Diamonds P0 5Diamonds P1 ADiamonds P2 6Diamonds 
P1 KClubs P2 6Clubs P3 7Clubs P0 6Spades 
-- /GAME --
P0 HAND: JDiamonds, 6Diamonds, 4Diamonds, AClubs, 6Clubs, 3Clubs, KHearts, JHearts, QHearts, 3Hearts.
P1 HAND: KDiamonds, KClubs, 2Clubs, AHearts, 7Hearts, 6Hearts, 5Hearts, 4Hearts, 7Spades, JSpades.
P2 HAND: QDiamonds, 3Diamonds, 7Clubs, JClubs, 2Hearts, KSpades, QSpades, 6Spades, 4Spades, 2Spades.
P3 HAND: ADiamonds, 7Diamonds, 5Diamonds, 2Diamonds, QClubs, 5Clubs, 4Clubs, ASpades, 5Spades, 3Spades.
P1 4Hearts P2 2Hearts P3 2Diamonds P0 KHearts 
P0 4Diamonds P1 KDiamonds P2 3Diamonds P3 ADiamonds 
P3 ASpades P0 3Clubs P1 JSpades P2 KSpades 
P0 JDiamonds P1 5Hearts P2 QDiamonds P3 7Diamonds 
P3 3Spades P0 6Clubs P1 7Spades P2 QSpades 
P0 JHearts P1 6Hearts P2 2Spades P3 5Diamonds 
P0 QHearts P1 7Hearts P2 JClubs P3 5Spades 
P2 4Spades P3 4Clubs P0 3Hearts P1 AHearts 
P3 5Clubs P0 AClubs P1 2Clubs P2 7Clubs 
P0 6Diamonds P1 KClubs P2 6Spades P3 QClubs 
-- /GAME --
P0 HAND: JClubs, 5Clubs, 4Clubs, 3Clubs, 2Clubs, KHearts, ASpades, 4Spades, 3Spades, 2Spades.
P1 HAND: KDiamonds, JDiamonds, 4Diamonds, 7Hearts, QHearts, 6Hearts, 4Hearts, 3Hearts, 7Spades, QSpades.
P2 HAND: 7Diamonds, QDiamonds, 6Diamonds, 5Diamonds, 2Diamonds, QClubs, JHearts, 5Hearts, KSpades, 5Spades.
P3 HAND: ADiamonds, 3Diamonds, AClubs, 7Clubs, KClubs, 6Clubs, AHearts, 2Hearts, JSpades, 6Spades.
P0 ASpades P1 QSpades P2 KSpades P3 6Spades 
P0 2Clubs P1 4Diamonds P2 QClubs P3 AClubs 
P3 ADiamonds P0 KHearts P1 JDiamonds P2 7Diamonds 
P0 4Spades P1 7Spades P2 5Spades P3 JSpades 
P1 3Hearts P2 5Hearts P3 2Hearts P0 JClubs 
P2 2Diamonds P3 3Diamonds P0 2Spades P1 KDiamonds 
P1 4Hearts P2 JHearts P3 AHearts P0 3Spades 
P3 6Clubs P0 3Clubs P1 6Hearts P2 5Diamonds 
P1 QHearts P2 6Diamonds P3 KClubs P0 4Clubs 
P1 7Hearts P2 QDiamonds P3 7Clubs P0 5Clubs 
-- /GAME --
P0 HAND: 6Diamonds, 4Diamonds, JClubs, 4Clubs, 2Clubs, JHearts, QHearts, 6Hearts, 4Hearts, 4Spades.
P1 HAND: AClubs, 7Clubs, QClubs, 7Hearts, KHearts, 3Hearts, 7Spades, QSpades, 3Spades, 2Spades.
P2 HAND: ADiamonds, KDiamonds, JDiamonds, 5Diamonds, 3Diamonds, KClubs, 3Clubs, AHearts, 2Hearts, KSpades.
P3 HAND: 7Diamonds, QDiamonds, 2Diamonds, 6Clubs, 5Clubs, 5Hearts, ASpades, JSpades, 6Spades, 5Spades.
P3 ASpades P0 4Spades P1 7Spades P2 KSpades 
P3 2Diamonds P0 6Diamonds P1 2Spades P2 ADiamonds 
P2 3Diamonds P3 7Diamonds P0 4Diamonds P1 AClubs 
P3 5Clubs P0 JClubs P1 7Clubs P2 3Clubs 
P1 3Spades P2 5Diamonds P3 5Spades P0 4Clubs 
P3 6Clubs P0 2Clubs P1 QClubs P2 KClubs 
P2 JDiamonds P3 QDiamonds P0 JHearts P1 KHearts 
P1 QSpades P2 2Hearts P3 6Spades P0 QHearts 
P0 4Hearts P1 3Hearts P2 AHearts P3 5Hearts 
P2 KDiamonds P3 JSpades P0 6Hearts P1 7Hearts 
-- /GAME --
P0 HAND: 7Diamonds, 5Diamonds, 4Diamonds, AClubs, 5Clubs, 6Hearts, 2Hearts, JSpades, 5Spades, 2Spades.
P1 HAND: QDiamonds, 6Diamonds, 3Diamonds, 3Clubs, 2Clubs, AHearts, JHearts, 5Hearts, KSpades, 4Spades.
P2 HAND: KDiamonds, JDiamonds, 2Diamonds, 4Clubs, KHearts, QHearts, 4Hearts, 7Spades, QSpades, 6Spades.
P3 HAND: ADiamonds, 7Clubs, KClubs, JClubs, QClubs, 6Clubs, 7Hearts, 3Hearts, ASpades, 3Spades.
P2 2Diamonds P3 ADiamonds P0 4Diamonds P1 QDiamonds 
P3 ASpades P0 2Spades P1 KSpades P2 6Spades 
P3 3Hearts P0 6Hearts P1 AHearts P2 4Hearts 
P1 3Diamonds P2 JDiamonds P3 3Spades P0 7Diamonds 
P0 2Hearts P1 5Hearts P2 QHearts P3 7Hearts 
P3 6Clubs P0 5Clubs P1 2Clubs P2 4Clubs 
P3 QClubs P0 AClubs P1 3Clubs P2 7Spades 
P0 5Diamonds P1 6Diamonds P2 KDiamonds P3 JClubs 
P3 KClubs P0 5Spades P1 4Spades P2 QSpades 
P3 7Clubs P0 JSpades P1 JHearts P2 KHearts 
-- /GAME --
P0 HAND: ADiamonds, 3Diamonds, 2Diamonds, 6Clubs, 3Clubs, AHearts, QHearts, 3Hearts, 2Hearts, 7Spades.
P1 HAND: 7Diamonds, QDiamonds, 5Diamonds, 4Diamonds, AClubs, JHearts, 5Hearts, ASpades, QSpades, 5Spades.
P2 HAND: JClubs, QClubs, 5Clubs, 4Clubs, 7Hearts, 4Hearts, KSpades, JSpades, 6Spades, 2Spades.
P3 HAND: KDiamonds, JDiamonds, 6Diamonds, 7Clubs, KClubs, 2Clubs, KHearts, 6Hearts, 4Spades, 3Spades.
P1 AClubs P2 4Clubs P3 7Clubs P0 3Clubs 
P1 ASpades P2 2Spades P3 4Spades P0 7Spades 
P1 4Diamonds P2 5Clubs P3 6Diamonds P0 2Diamonds 
P3 2Clubs P0 6Clubs P1 5Diamonds P2 JClubs 
P2 6Spades P3 3Spades P0 2Hearts P1 5Spades 
P0 ADiamonds P1 QDiamonds P2 KSpades P3 JDiamonds 
P0 3Hearts P1 5Hearts P2 4Hearts P3 6Hearts 
P3 KHearts P0 QHearts P1 JHearts P2 7Hearts 
P2 QClubs P3 KClubs P0 3Diamonds P1 7Diamonds 
P3 KDiamonds P0 AHearts P1 QSpades P2 JSpades 
-- /GAME --
P0 HAND: 7Diamonds, 5Diamonds, 6Clubs, 5Clubs, 2Clubs, 6Hearts, 4Hearts, 3Hearts, 2Hearts, 4Spades.
P1 HAND: ADiamonds, JDiamonds, 6Diamonds, 3Diamonds, QClubs, AHearts, 7Hearts, JHearts, KSpades, 5Spades.
P2 HAND: KDiamonds, 2Diamonds, AClubs, KHearts, QHearts, 5Hearts, ASpades, JSpades, QSpades, 2Spades.
P3 HAND: QDiamonds, 4Diamonds, 7Clubs, KClubs, JClubs, 4Clubs, 3Clubs, 7Spades, 6Spades, 3Spades.
P0 4Spades P1 5Spades P2 ASpades P3 3Spades 
P2 2Diamonds P3 4Diamonds P0 5Diamonds P1 ADiamonds 
P1 AHearts P2 5Hearts P3 7Spades P0 2Hearts 
P1 3Diamonds P2 KDiamonds P3 QDiamonds P0 7Diamonds 
P0 2Clubs P1 QClubs P2 AClubs P3 3Clubs 
P2 2Spades P3 6Spades P0 6Clubs P1 KSpades 
P0 3Hearts P1 7Hearts P2 QHearts P3 4Clubs 
P3 JClubs P0 5Clubs P1 6Diamonds P2 QSpades 
P3 KClubs P0 4Hearts P1 JDiamonds P2 JSpades 
P3 7Clubs P0 6Hearts P1 JHearts P2 KHearts 
-- /GAME --
P0 HAND: 7Diamonds, 7Clubs, 6Clubs, 6Hearts, 4Hearts, KSpades, QSpades, 6Spades, 3Spades, 2Spades.
P1 HAND: ADiamonds, 5Diamonds, 4Diamonds, KClubs, 5Clubs, 2Clubs, AHearts, QHearts, ASpades, 4Spades.
P2 HAND: KDiamonds, 3Diamonds, JClubs, 4Clubs, 7Hearts, KHearts, JHearts, 5Hearts, 7Spades, 5Spades.
P3 HAND: JDiamonds, QDiamonds, 6Diamonds, 2Diamonds, AClubs, QClubs, 3Clubs, 3Hearts, 2Hearts, JSpades.
P0 4Hearts P1 AHearts P2 5Hearts P3 3Hearts 
P1 ADiamonds P2 3Diamonds P3 JDiamonds P0 7Diamonds 
P1 ASpades P2 5Spades P3 JSpades P0 2Spades 
P1 4Diamonds P2 KDiamonds P3 2Diamonds P0 6Hearts 
P2 JHearts P3 2Hearts P0 7Clubs P1 QHearts 
P0 3Spades P1 4Spades P2 7Spades P3 3Clubs 
P3 6Diamonds P0 6Clubs P1 5Diamonds P2 7Hearts 
P0 6Spades P1 2Clubs P2 4Clubs P3 QDiamonds 
P2 JClubs P3 QClubs P0 QSpades P1 KClubs 
P1 5Clubs P2 KHearts P3 AClubs P0 KSpades 
-- /GAME --
P0 HAND: KDiamonds, 4Diamonds, JClubs, 6Clubs, 4Clubs, QHearts, 5Hearts, 4Hearts, 6Spades, 2Spades.
P1 HAND: 6Diamonds, AClubs, QClubs, 3Clubs, AHearts, JHearts, 2Hearts, ASpades, KSpades, 4Spades.
P2 HAND: 7Diamonds, JDiamonds, 3Diamonds, 2Diamonds, 7Clubs, 7Hearts, KHearts, JSpades, QSpades, 5Spades.
P3 HAND: ADiamonds, QDiamonds, 5Diamonds, KClubs, 5Clubs, 2Clubs, 6Hearts, 3Hearts, 7Spades, 3Spades.
P3 ADiamonds P0 4Diamonds P1 6Diamonds P2 2Diamonds 
P3 2Clubs P0 JClubs P1 AClubs P2 7Clubs 
P1 ASpades P2 5Spades P3 7Spades P0 2Spades 
P1 3Clubs P2 3Diamonds P3 KClubs P0 6Clubs 
P3 3Spades P0 6Spades P1 KSpades P2 QSpades 
P1 4Spades P2 JSpades P3 5Diamonds P0 KDiamonds 
P2 JDiamonds P3 QDiamonds P0 QHearts P1 JHearts 
P1 QClubs P2 KHearts P3 5Clubs P0 4Clubs 
P2 7Hearts P3 3Hearts P0 4Hearts P1 AHearts 
P1 2Hearts P2 7Diamonds P3 6Hearts P0 5Hearts 
-- /GAME --
P0 HAND: 7Diamonds, JDiamonds, 3Diamonds, 5Clubs, 7Hearts, ASpades, KSpades, QSpades, 6Spades, 5Spades.
P1 HAND: 5Diamonds, 2Diamonds, QClubs, 4Clubs, KHearts, JHearts, QHearts, 6Hearts, 5Hearts, 4Hearts.
P2 HAND: ADiamonds, 6Diamonds, 4Diamonds, AClubs, 7Clubs, KClubs, JClubs, 6Clubs, 2Clubs, 2Hearts.
P3 HAND: KDiamonds, QDiamonds, 3Clubs, AHearts, 3Hearts, 7Spades, JSpades, 4Spades, 3Spades, 2Spades.
P2 ADiamonds P3 QDiamonds P0 7Diamonds P1 2Diamonds 
P2 2Clubs P3 3Clubs P0 5Clubs P1 QClubs 
P1 4Clubs P2 6Clubs P3 2Spades P0 KSpades 
P2 4Diamonds P3 KDiamonds P0 3Diamonds P1 5Diamonds 
P3 3Spades P0 ASpades P1 4Hearts P2 6Diamonds 
P1 5Hearts P2 2Hearts P3 3Hearts P0 7Hearts 
P0 QSpades P1 6Hearts P2 JClubs P3 7Spades 
P1 QHearts 
