-- GAME --
P0 HAND: 7Diamonds, 3Diamonds, KClubs, 3Clubs, 2Clubs, 7Hearts, JHearts, 7Spades, 6Spades, 3Spades.
P1 HAND: JDiamonds, 5Diamonds, 7Clubs, 5Clubs, 4Clubs, 5Hearts, 4Hearts, 3Hearts, JSpades, 2Spades.
P2 HAND: ADiamonds, KDiamonds, 4Diamonds, 2Diamonds, JClubs, AHearts, KHearts, KSpades, 5Spades, 4Spades.
P3 HAND: QDiamonds, 6Diamonds, AClubs, QClubs, 6Clubs, QHearts, 6Hearts, 2Hearts, ASpades, QSpades.
P3 AClubs P0 2Clubs P1 7Clubs P2 JClubs 
P3 ASpades P0 3Spades P1 JSpades P2 4Spades 
P3 2Hearts P0 JHearts P1 3Hearts P2 AHearts 
P2 5Spades P3 QSpades P0 7Spades P1 2Spades 
P0 7Hearts P1 4Hearts P2 KHearts P3 6Hearts 
P0 KClubs P1 4Clubs P2 KSpades P3 6Clubs 
P0 3Clubs P1 5Clubs P2 2Diamonds P3 QClubs 
P2 4Diamonds P3 6Diamonds P0 7Diamonds P1 5Diamonds 
P0 6Spades P1 5Hearts P2 KDiamonds P3 QHearts 
P2 ADiamonds P3 QDiamonds P0 3Diamonds P1 JDiamonds 
-- /GAME --
P0 HAND: ADiamonds, KDiamonds, 2Diamonds, JClubs, 4Clubs, 2Clubs, 6Hearts, 4Hearts, 2Hearts, QSpades.
P1 HAND: JDiamonds, KClubs, QClubs, AHearts, JHearts, KSpades, JSpades, 5Spades, 4Spades, 2Spades.
P2 HAND: QDiamonds, 6Diamonds, 3Diamonds, 7Clubs, 5Clubs, 3Clubs, KHearts, QHearts, ASpades, 6Spades.
P3 HAND: 7Diamonds, 5Diamonds, 4Diamonds, AClubs, 6Clubs, 7Hearts, 5Hearts, 3Hearts, 7Spades, 3Spades.
P2 ASpades P3 3Spades P0 QSpades P1 2Spades 
P2 3Diamonds P3 4Diamonds P0 ADiamonds P1 JDiamonds 
P0 2Clubs P1 QClubs P2 3Clubs P3 AClubs 
P3 5Diamonds P0 KDiamonds P1 4Spades P2 QDiamonds 
P0 2Diamonds P1 5Spades P2 6Diamonds P3 7Diamonds 
P3 6Clubs P0 JClubs P1 KClubs P2 7Clubs 
P2 5Clubs P3 3Hearts P0 4Clubs P1 KSpades 
P3 5Hearts P0 2Hearts P1 JHearts P2 QHearts 
P1 JSpades P2 6Spades P3 7Spades P0 4Hearts 
P0 6Hearts P1 AHearts P2 KHearts P3 7Hearts 
-- /GAME --
P0 HAND: JDiamonds, 6Diamonds, 3Diamonds, AClubs, 4Clubs, 6Hearts, 5Hearts, QSpades, 4Spades, 2Spades.
P1 HAND: QClubs, 5Clubs, AHearts, KHearts, QHearts, 4Hearts, 3Hearts, 6Spades, 5Spades, 3Spades.
P2 HAND: ADiamonds, KDiamonds, 4Diamonds, 7Clubs, KClubs, JClubs, 6Clubs, 3Clubs, JHearts, 2Hearts.
P3 HAND: 7Diamonds, QDiamonds, 5Diamonds, 2Diamonds, 2Clubs, 7Hearts, ASpades, 7Spades, KSpades, JSpades.
P1 3Hearts P2 2Hearts P3 7Hearts P0 5Hearts 
P3 ASpades P0 2Spades P1 6Spades P2 4Diamonds 
P2 3Clubs P3 2Clubs P0 AClubs P1 5Clubs 
P0 4Spades P1 3Spades P2 6Clubs P3 7Spades 
P3 JSpades P0 QSpades P1 5Spades P2 KDiamonds 
P2 JClubs P3 2Diamonds P0 4Clubs P1 QClubs 
P3 5Diamonds P0 JDiamonds P1 4Hearts P2 ADiamonds 
P2 JHearts P3 QDiamonds P0 6Hearts P1 AHearts 
P3 7Diamonds P0 3Diamonds P1 QHearts P2 KClubs 
P3 KSpades P0 6Diamonds P1 KHearts P2 7Clubs 
-- /GAME --
P0 HAND: 7Diamonds, 7Clubs, 4Clubs, 2Clubs, AHearts, 7Hearts, KHearts, 6Hearts, KSpades, 3Spades.
P1 HAND: ADiamonds, KDiamonds, 3Diamonds, 2Diamonds, QClubs, QHearts, 5Hearts, 4Hearts, ASpades, 6Spades.
P2 HAND: JDiamonds, 5Diamonds, JClubs, 6Clubs, 5Clubs, 3Clubs, 3Hearts, 2Hearts, JSpades, 5Spades.
P3 HAND: QDiamonds, 6Diamonds, 4Diamonds, AClubs, KClubs, JHearts, 7Spades, QSpades, 4Spades, 2Spades.
P0 2Clubs P1 QClubs P2 3Clubs P3 AClubs 
P3 4Diamonds P0 7Diamonds P1 ADiamonds P2 5Diamonds 
P1 2Diamonds P2 JDiamonds P3 6Diamonds P0 7Hearts 
P2 2Hearts P3 JHearts P0 AHearts P1 4Hearts 
P0 KHearts P1 5Hearts P2 3Hearts P3 QDiamonds 
P0 7Clubs P1 6Spades P2 5Clubs P3 KClubs 
P1 3Diamonds P2 6Clubs P3 2Spades P0 6Hearts 
P3 4Spades P0 KSpades P1 ASpades P2 5Spades 
P1 QHearts P2 JSpades P3 7Spades P0 4Clubs 
P3 QSpades P0 3Spades P1 KDiamonds P2 JClubs 
-- /GAME --
P0 HAND: 3Diamonds, AClubs, 7Clubs, JClubs, QClubs, 7Hearts, QHearts, 4Hearts, JSpades, 2Spades.
P1 HAND: 7Diamonds, KDiamonds, 5Diamonds, 2Diamonds, 6Clubs, 5Clubs, 2Clubs, 2Hearts, ASpades, KSpades.
P2 HAND: QDiamonds, 4Diamonds, 3Clubs, KHearts, JHearts, 7Spades, 6Spades, 5Spades, 4Spades, 3Spades.
P3 HAND: ADiamonds, JDiamonds, 6Diamonds, KClubs, 4Clubs, AHearts, 6Hearts, 5Hearts, 3Hearts, QSpades.
P3 ADiamonds P0 3Diamonds P1 7Diamonds P2 4Diamonds 
P3 AHearts P0 4Hearts P1 2Hearts P2 JHearts 
P3 3Hearts P0 7Hearts P1 2Clubs P2 KHearts 
P1 ASpades P2 3Spades P3 QSpades P0 2Spades 
P1 2Diamonds P2 QDiamonds P3 6Diamonds P0 JSpades 
P2 4Spades P3 5Hearts P0 QClubs P1 KSpades 
P0 AClubs P1 5Clubs P2 3Clubs P3 4Clubs 
P0 7Clubs P1 6Clubs P2 7Spades P3 KClubs 
P0 JClubs P1 5Diamonds P2 5Spades P3 6Hearts 
P0 QHearts P1 KDiamonds P2 6Spades P3 JDiamonds 
-- /GAME --
P0 HAND: 4Diamonds, 2Diamonds, AClubs, JClubs, 5Hearts, 3Hearts, 7Spades, KSpades, JSpades, 4Spades.
P1 HAND: 7Diamonds, 5Diamonds, 6Clubs, 3Clubs, 2Clubs, KHearts, JHearts, 5Spades, 3Spades, 2Spades.
P2 HAND: QDiamonds, 6Diamonds, 7Clubs, KClubs, 5Clubs, AHearts, 7Hearts, 4Hearts, ASpades, QSpades.
P3 HAND: ADiamonds, KDiamonds, JDiamonds, 3Diamonds, QClubs, 4Clubs, QHearts, 6Hearts, 2Hearts, 6Spades.
P2 ASpades P3 6Spades P0 7Spades P1 2Spades 
P2 5Clubs P3 4Clubs P0 AClubs P1 2Clubs 
P0 2Diamonds P1 5Diamonds P2 6Diamonds P3 ADiamonds 
P3 3Diamonds P0 4Diamonds P1 7Diamonds P2 QDiamonds 
P1 3Clubs P2 KClubs P3 QClubs P0 JClubs 
P2 QSpades P3 2Hearts P0 4Spades P1 5Spades 
P3 JDiamonds P0 3Hearts P1 3Spades P2 7Clubs 
P0 JSpades P1 6Clubs P2 4Hearts P3 6Hearts 
P3 QHearts P0 5Hearts P1 JHearts P2 7Hearts 
P2 AHearts P3 KDiamonds P0 KSpades P1 KHearts 
-- /GAME --
P0 HAND: JDiamonds, 3Diamonds, KClubs, AHearts, KHearts, 4Hearts, 3Hearts, JSpades, 6Spades, 3Spades.
P1 HAND: ADiamonds, 5Diamonds, AClubs, JClubs, QClubs, 4Clubs, 2Clubs, QHearts, ASpades, 4Spades.
P2 HAND: 7Diamonds, KDiamonds, QDiamonds, 4Diamonds, 7Clubs, 7Hearts, JHearts, 2Hearts, KSpades, 2Spades.
P3 HAND: 6Diamonds, 2Diamonds, 6Clubs, 5Clubs, 3Clubs, 6Hearts, 5Hearts, 7Spades, QSpades, 5Spades.

