-- GAME --
P3 QDiamonds P0 ADiamonds 
P0 2Diamonds P1 5Diamonds P2 4Clubs P3 7Diamonds 
P3 ASpades P0 2Spades P1 7Spades P2 JSpades 
P3 3Clubs P0 6Clubs P1 KClubs P2 AClubs 
P2 JClubs P3 5Clubs P0 2Hearts P1 7Clubs 
P0 6Spades P1 4Spades P2 KSpades P3 3Spades 
P2 3Hearts P3 QHearts P0 4Hearts P1 KHearts 
P1 6Diamonds P2 5Hearts P3 JDiamonds P0 4Diamonds 
P2 JHearts P3 5Spades P0 AHearts P1 QSpades 
P0 6Hearts P1 KDiamonds P2 7Hearts P3 QClubs 
-- /GAME --
P0 HAND: KDiamonds, QDiamonds, AClubs, 7Clubs, KClubs, 6Clubs, JHearts, 2Hearts, KSpades, QSpades.
P1 HAND: 5Diamonds, 4Diamonds, 3Diamonds, JClubs, QClubs, KHearts, 6Hearts, JSpades, 5Spades, 4Spades.
P2 HAND: 7Diamonds, 6Diamonds, 5Clubs, 4Clubs, 2Clubs, QHearts, 5Hearts, 3Hearts, 6Spades, 3Spades.
P3 HAND: ADiamonds, JDiamonds, 2Diamonds, 3Clubs, AHearts, 7Hearts, 4Hearts, ASpades, 7Spades, 2Spades.
P0 AClubs P1 QClubs P2 5Clubs P3 3Clubs 
P0 2Hearts P1 6Hearts P2 3Hearts P3 AHearts 
P3 ADiamonds P0 QDiamonds P1 5Diamonds P2 6Diamonds 
P3 2Diamonds P0 KDiamonds P1 3Diamonds P2 7Diamonds 
P2 2Clubs P3 4Hearts P0 7Clubs P1 JClubs 
P0 JHearts P1 KHearts P2 5Hearts P3 7Hearts 
P3 JDiamonds P0 KSpades P1 4Diamonds P2 QHearts 
P0 6Clubs P1 4Spades P2 4Clubs P3 2Spades 
P1 5Spades P2 3Spades P3 7Spades P0 QSpades 
P3 ASpades P0 KClubs P1 JSpades P2 6Spades 
-- /GAME --
P0 HAND: ADiamonds, 4Diamonds, 7Clubs, 4Clubs, AHearts, 6Hearts, 3Hearts, 2Hearts, 7Spades, 2Spades.
P1 HAND: KDiamonds, QDiamonds, 3Diamonds, 3Clubs, KHearts, QHearts, KSpades, JSpades, QSpades, 3Spades.
P2 HAND: 7Diamonds, JDiamonds, 6Diamonds, 5Diamonds, QClubs, 5Clubs, 2Clubs, JHearts, 5Spades, 4Spades.
P3 HAND: 2Diamonds, AClubs, KClubs, JClubs, 6Clubs, 7Hearts, 5Hearts, 4Hearts, ASpades, 6Spades.
P3 AClubs P0 4Clubs P1 3Clubs P2 2Clubs 
P3 ASpades P0 2Spades P1 KSpades P2 4Spades 
P3 4Hearts P0 AHearts P1 QHearts P2 JHearts 
P0 2Hearts P1 KHearts P2 5Clubs P3 7Hearts 
P3 5Hearts P0 3Hearts P1 3Spades P2 5Spades 
P3 6Clubs P0 7Clubs P1 3Diamonds P2 QClubs 
P1 QSpades P2 5Diamonds P3 6Spades P0 7Spades 
P2 6Diamonds P3 2Diamonds P0 4Diamonds P1 QDiamonds 
P1 JSpades P2 JDiamonds P3 JClubs P0 6Hearts 
P2 7Diamonds P3 KClubs P0 ADiamonds P1 KDiamonds 
-- /GAME --
P0 HAND: JDiamonds, 6Diamonds, AClubs, 7Clubs, QClubs, 7Hearts, 4Hearts, QSpades, 3Spades, 2Spades.
P1 HAND: ADiamonds, KDiamonds, QDiamonds, 4Diamonds, KClubs, 4Clubs, AHearts, KHearts, 7Spades, JSpades.
P2 HAND: 5Diamonds, JClubs, 6Clubs, JHearts, QHearts, 3Hearts, 2Hearts, ASpades, 6Spades, 5Spades.
P3 HAND: 7Diamonds, 3Diamonds, 2Diamonds, 5Clubs, 3Clubs, 2Clubs, 6Hearts, 5Hearts, KSpades, 4Spades.

