-- GAME --
P0 HAND: ADiamonds, 3Diamonds, QClubs, 4Clubs, 2Clubs, JHearts, 6Hearts, 3Hearts, 6Spades, 4Spades.
P1 HAND: KDiamonds, 5Diamonds, KClubs, AHearts, 5Hearts, 2Hearts, ASpades, 7Spades, KSpades, 3Spades.
P2 HAND: 7Diamonds, 2Diamonds, 7Clubs, JClubs, 5Clubs, 3Clubs, JSpades, QSpades, 5Spades, 2Spades.
P3 HAND: JDiamonds, QDiamonds, 6Diamonds, 4Diamonds, AClubs, 6Clubs, 7Hearts, KHearts, QHearts, 4Hearts.
P2 2Diamonds P3 4Diamonds P0 ADiamonds P1 5Diamonds 
P0 3Diamonds P1 KDiamonds P2 7Diamonds P3 6Diamonds 
P2 3Clubs P3 AClubs P0 2Clubs P1 KClubs 
P3 4Hearts P0 3Hearts P1 AHearts P2 2Spades 
P2 5Clubs P3 6Clubs P0 QClubs P1 2Hearts 
P0 4Clubs P1 5Hearts P2 JClubs P3 QDiamonds 
P2 5Spades P3 QHearts P0 6Spades P1 3Spades 
P0 6Hearts P1 KSpades P2 QSpades P3 7Hearts 
P1 7Spades P2 JSpades P3 JDiamonds P0 4Spades 
P1 ASpades P2 7Clubs P3 KHearts P0 JHearts 
-- /GAME --
P0 HAND: 7Diamonds, 3Diamonds, 2Diamonds, KClubs, 7Hearts, 5Hearts, 3Hearts, 7Spades, 3Spades, 2Spades.
P1 HAND: KDiamonds, JDiamonds, 5Diamonds, 4Diamonds, 7Clubs, KHearts, 2Hearts, ASpades, KSpades, JSpades.
P2 HAND: AClubs, JClubs, QClubs, 6Clubs, 5Clubs, 4Clubs, AHearts, JHearts, 4Hearts, QSpades.
P3 HAND: ADiamonds, QDiamonds, 6Diamonds, 3Clubs, 2Clubs, QHearts, 6Hearts, 6Spades, 5Spades, 4Spades.
P1 ASpades P2 QSpades P3 6Spades P0 2Spades 
P1 4Diamonds P2 4Clubs P3 ADiamonds P0 2Diamonds 
P3 2Clubs P0 KClubs P1 7Clubs P2 AClubs 
P2 5Clubs P3 3Clubs P0 3Diamonds P1 5Diamonds 
P2 6Clubs P3 4Spades P0 3Spades P1 2Hearts 
P1 JDiamonds P2 QClubs P3 6Diamonds P0 7Diamonds 
P0 3Hearts P1 KHearts P2 4Hearts P3 6Hearts 
P1 JSpades P2 JHearts P3 5Spades P0 7Spades 
P2 JClubs P3 QDiamonds P0 5Hearts P1 KDiamonds 
P0 7Hearts P1 KSpades P2 AHearts P3 QHearts 
-- /GAME --
P0 HAND: ADiamonds, JDiamonds, 4Clubs, 3Clubs, 5Hearts, 7Spades, KSpades, JSpades, 6Spades, 2Spades.
P1 HAND: QDiamonds, 6Diamonds, 4Diamonds, 2Clubs, AHearts, 7Hearts, 3Hearts, 2Hearts, 5Spades, 3Spades.
P2 HAND: KDiamonds, 5Diamonds, AClubs, 7Clubs, KClubs, JClubs, KHearts, 4Hearts, ASpades, 4Spades.
P3 HAND: 7Diamonds, 3Diamonds, 2Diamonds, QClubs, 6Clubs, 5Clubs, JHearts, QHearts, 6Hearts, QSpades.
P0 ADiamonds P1 4Diamonds P2 KDiamonds P3 2Diamonds 
P0 JDiamonds P1 6Diamonds P2 5Diamonds P3 7Diamonds 
P3 3Diamonds P0 3Clubs P1 QDiamonds P2 4Spades 
P1 2Clubs P2 AClubs P3 5Clubs P0 4Clubs 
P2 ASpades P3 QSpades P0 7Spades P1 3Spades 
P2 JClubs P3 6Clubs P0 5Hearts P1 5Spades 
P0 2Spades P1 2Hearts P2 4Hearts P3 QClubs 
P2 KHearts P3 6Hearts P0 JSpades P1 7Hearts 
P1 3Hearts P2 KClubs P3 QHearts P0 6Spades 
P3 JHearts P0 KSpades P1 AHearts P2 7Clubs 
-- /GAME --
P0 HAND: 4Diamonds, 2Diamonds, JClubs, 4Clubs, JHearts, 6Hearts, 4Hearts, 2Hearts, 7Spades, 4Spades.
P1 HAND: 7Diamonds, 5Diamonds, 3Diamonds, 7Clubs, QClubs, 6Clubs, 3Hearts, KSpades, QSpades, 3Spades.
P2 HAND: KDiamonds, JDiamonds, AClubs, KClubs, AHearts, 7Hearts, QHearts, JSpades, 6Spades, 2Spades.
P3 HAND: ADiamonds, QDiamonds, 6Diamonds, 5Clubs, 3Clubs, 2Clubs, KHearts, 5Hearts, ASpades, 5Spades.
P3 ADiamonds P0 2Diamonds P1 7Diamonds P2 JDiamonds 
P3 ASpades P0 4Spades P1 KSpades P2 2Spades 
P3 5Hearts P0 JHearts P1 3Hearts P2 AHearts 
P2 6Spades P3 5Spades P0 7Spades P1 3Spades 
P0 4Diamonds P1 3Diamonds P2 KDiamonds P3 6Diamonds 
P2 QHearts P3 KHearts P0 4Hearts P1 QSpades 
P3 QDiamonds P0 4Clubs P1 5Diamonds P2 7Hearts 
P0 2Hearts P1 6Clubs P2 KClubs P3 2Clubs 
P2 JSpades P3 3Clubs P0 JClubs P1 7Clubs 
P1 QClubs P2 AClubs P3 5Clubs P0 6Hearts 
-- /GAME --
P0 HAND: QDiamonds, 6Diamonds, 4Diamonds, 3Diamonds, 6Clubs, 3Clubs, 2Clubs, QHearts, 5Spades, 4Spades.
P1 HAND: 7Diamonds, KDiamonds, 2Diamonds, 6Hearts, 5Hearts, 4Hearts, 3Hearts, ASpades, 7Spades, KSpades.
P2 HAND: JDiamonds, 7Clubs, JClubs, AHearts, JHearts, 2Hearts, JSpades, QSpades, 3Spades, 2Spades.
P3 HAND: ADiamonds, 5Diamonds, AClubs, KClubs, QClubs, 5Clubs, 4Clubs, 7Hearts, KHearts, 6Spades.
P2 AHearts P3 KHearts P0 QHearts P1 3Hearts 
P2 2Hearts P3 7Hearts P0 QDiamonds P1 4Hearts 
P0 4Spades P1 ASpades P2 2Spades P3 6Spades 
P1 5Hearts P2 JHearts P3 4Clubs P0 5Spades 
P2 3Spades P3 5Clubs P0 2Clubs P1 7Spades 
P1 6Hearts P2 QSpades P3 QClubs P0 3Clubs 
P1 2Diamonds P2 JDiamonds P3 5Diamonds P0 3Diamonds 
P2 JClubs P3 KClubs P0 6Clubs P1 KSpades 
P3 ADiamonds P0 4Diamonds P1 KDiamonds P2 JSpades 
P3 AClubs P0 6Diamonds P1 7Diamonds P2 7Clubs 
-- /GAME --
P0 HAND: 7Diamonds, KDiamonds, 5Diamonds, 6Clubs, 4Clubs, KHearts, 6Hearts, 5Hearts, 3Hearts, 2Hearts.
P1 HAND: 6Diamonds, 3Diamonds, 7Clubs, KClubs, QClubs, 7Hearts, 4Hearts, KSpades, QSpades, 4Spades.
P2 HAND: ADiamonds, QDiamonds, 4Diamonds, AClubs, AHearts, QHearts, ASpades, 6Spades, 3Spades, 2Spades.
P3 HAND: JDiamonds, 2Diamonds, JClubs, 5Clubs, 3Clubs, 2Clubs, JHearts, 7Spades, JSpades, 5Spades.
P2 ADiamonds P3 2Diamonds P0 7Diamonds P1 3Diamonds 
P2 AClubs P3 2Clubs P0 6Clubs P1 QClubs 
P2 ASpades P3 5Spades P0 4Clubs P1 4Spades 
P2 2Spades P3 JSpades P0 2Hearts P1 QSpades 
P0 3Hearts P1 4Hearts P2 QHearts P3 JHearts 
P3 3Clubs P0 5Hearts P1 KClubs P2 QDiamonds 
P0 KDiamonds P1 6Diamonds P2 4Diamonds P3 JDiamonds 
P0 5Diamonds P1 7Hearts P2 AHearts P3 5Clubs 
P2 3Spades P3 7Spades P0 KHearts P1 KSpades 
P0 6Hearts P1 7Clubs P2 6Spades P3 JClubs 
-- /GAME --
P0 HAND: ADiamonds, 7Diamonds, 4Diamonds, JClubs, QClubs, 3Clubs, AHearts, JHearts, 2Hearts, QSpades.
P1 HAND: QDiamonds, 3Diamonds, 2Diamonds, 6Clubs, KHearts, 6Hearts, 4Hearts, ASpades, 7Spades, 5Spades.
P2 HAND: JDiamonds, 6Diamonds, KClubs, 4Clubs, 7Hearts, QHearts, 6Spades, 4Spades, 3Spades, 2Spades.
P3 HAND: KDiamonds, 5Diamonds, AClubs, 7Clubs, 5Clubs, 2Clubs, 5Hearts, 3Hearts, KSpades, JSpades.
P1 ASpades P2 2Spades P3 KSpades P0 QSpades 
P1 2Diamonds P2 6Diamonds P3 5Diamonds P0 ADiamonds 
P0 AHearts P1 4Hearts P2 7Hearts P3 3Hearts 
P0 3Clubs P1 6Clubs P2 4Clubs P3 2Clubs 
P1 3Diamonds P2 JDiamonds P3 KDiamonds P0 7Diamonds 
P0 4Diamonds P1 QDiamonds P2 3Spades P3 JSpades 
P1 5Spades P2 4Spades P3 5Hearts P0 2Hearts 
P1 6Hearts P2 QHearts P3 5Clubs P0 JHearts 
P3 7Clubs P0 QClubs P1 KHearts P2 KClubs 
P3 AClubs P0 JClubs P1 7Spades P2 6Spades 
-- /GAME --
P0 HAND: 7Diamonds, KDiamonds, KClubs, QClubs, 5Clubs, 3Clubs, 2Clubs, JHearts, 4Hearts, ASpades.
P1 HAND: QDiamonds, 6Diamonds, 5Diamonds, 3Diamonds, JClubs, 4Clubs, 2Hearts, 5Spades, 4Spades, 3Spades.
P2 HAND: 4Diamonds, AClubs, AHearts, QHearts, 5Hearts, 3Hearts, KSpades, JSpades, QSpades, 2Spades.
P3 HAND: ADiamonds, JDiamonds, 2Diamonds, 7Clubs, 6Clubs, 7Hearts, KHearts, 6Hearts, 7Spades, 6Spades.
P0 ASpades P1 3Spades P2 KSpades P3 6Spades 
P0 2Clubs P1 4Clubs P2 AClubs P3 6Clubs 

