-- GAME --
P0 HAND: 7Diamonds, 3Diamonds, QClubs, 2Clubs, QHearts, 6Hearts, 5Hearts, 2Hearts, JSpades, QSpades.
P1 HAND: QDiamonds, 4Diamonds, 7Clubs, JClubs, 6Clubs, 4Clubs, 7Hearts, KSpades, 6Spades, 3Spades.
P2 HAND: ADiamonds, JDiamonds, 6Diamonds, AClubs, 5Clubs, AHearts, JHearts, 3Hearts, ASpades, 4Spades.
P3 HAND: KDiamonds, 5Diamonds, 2Diamonds, KClubs, 3Clubs, KHearts, 4Hearts, 7Spades, 5Spades, 2Spades.
P0 2Hearts P1 7Hearts P2 AHearts P3 4Hearts 
P2 AClubs P3 3Clubs P0 QClubs P1 4Clubs 
P2 ASpades P3 2Spades P0 JSpades P1 3Spades 
P2 3Hearts P3 KHearts P0 5Hearts P1 7Clubs 
P3 5Spades P0 QSpades P1 6Spades P2 4Spades 
P0 3Diamonds P1 4Diamonds P2 6Diamonds P3 2Diamonds 
P2 5Clubs P3 KClubs P0 2Clubs P1 JClubs 
P3 5Diamonds P0 7Diamonds P1 QDiamonds P2 JDiamonds 
P0 QHearts P1 6Clubs P2 JHearts P3 KDiamonds 
P3 7Spades P0 6Hearts P1 KSpades P2 ADiamonds 
-- /GAME --
P0 HAND: KDiamonds, JDiamonds, 6Diamonds, JClubs, 6Clubs, 4Clubs, 7Hearts, ASpades, 7Spades, JSpades.
P1 HAND: 7Diamonds, 2Diamonds, KClubs, 2Clubs, JHearts, 6Hearts, 3Hearts, KSpades, 5Spades, 2Spades.
P2 HAND: ADiamonds, 3Diamonds, AClubs, 7Clubs, QClubs, 3Clubs, AHearts, 5Hearts, 2Hearts, 4Spades.
P3 HAND: QDiamonds, 5Diamonds, 4Diamonds, 5Clubs, KHearts, QHearts, 4Hearts, QSpades, 6Spades, 3Spades.

