-- GAME --
P0 HAND: 4Diamonds, 2Diamonds, AClubs, 4Clubs, 7Hearts, 6Hearts, 4Hearts, KSpades, JSpades, 3Spades.
P1 HAND: KDiamonds, 5Diamonds, 7Clubs, 6Clubs, 5Clubs, 3Clubs, KHearts, QHearts, 3Hearts, QSpades.
P2 HAND: 7Diamonds, QDiamonds, 6Diamonds, 3Diamonds, KClubs, JClubs, AHearts, 2Hearts, 6Spades, 2Spades.
P3 HAND: ADiamonds, JDiamonds, QClubs, 2Clubs, JHearts, 5Hearts, ASpades, 7Spades, 5Spades, 4Spades.
P2 2Spades P3 ASpades P0 3Spades P1 QSpades 
P3 ADiamonds P0 2Diamonds P1 KDiamonds P2 3Diamonds 
P3 2Clubs P0 AClubs P1 3Clubs P2 KClubs 
P0 KSpades P1 5Diamonds P2 6Spades P3 7Spades 
P3 4Spades P0 JSpades P1 5Clubs P2 7Diamonds 
P0 4Hearts P1 3Hearts P2 2Hearts P3 5Hearts 
P3 5Spades P0 6Hearts P1 6Clubs P2 JClubs 
P0 4Diamonds P1 QHearts P2 6Diamonds P3 JDiamonds 
P1 KHearts P2 AHearts P3 JHearts P0 7Hearts 
P2 QDiamonds P3 QClubs P0 4Clubs P1 7Clubs 
-- /GAME --
P0 HAND: JDiamonds, QDiamonds, 2Diamonds, QClubs, 6Clubs, 4Clubs, 3Clubs, JHearts, 4Hearts, 2Spades.
P1 HAND: 6Diamonds, 4Diamonds, 3Diamonds, JClubs, 5Clubs, QHearts, 6Hearts, 5Hearts, 2Hearts, 4Spades.
P2 HAND: 7Diamonds, KDiamonds, 5Diamonds, AClubs, 7Clubs, KClubs, 2Clubs, 3Hearts, JSpades, 6Spades.
P3 HAND: ADiamonds, AHearts, 7Hearts, KHearts, ASpades, 7Spades, KSpades, QSpades, 5Spades, 3Spades.
P1 2Hearts P2 3Hearts P3 AHearts P0 4Hearts 
P3 3Spades P0 2Spades P1 4Spades P2 JSpades 
P2 AClubs P3 ADiamonds P0 3Clubs P1 JClubs 
P3 5Spades P0 2Diamonds P1 5Clubs P2 6Spades 
P0 4Clubs P1 5Hearts P2 2Clubs P3 QSpades 
P0 6Clubs P1 6Hearts P2 KClubs P3 KHearts 
P2 5Diamonds P3 KSpades P0 QDiamonds P1 3Diamonds 
P0 JHearts P1 QHearts P2 KDiamonds P3 7Hearts 
P2 7Diamonds P3 7Spades P0 JDiamonds P1 4Diamonds 
P2 7Clubs P3 ASpades P0 QClubs P1 6Diamonds 
-- /GAME --
P0 HAND: JDiamonds, 6Diamonds, 2Diamonds, 5Clubs, 7Hearts, JHearts, 5Hearts, 4Hearts, 3Hearts, JSpades.
P1 HAND: ADiamonds, QDiamonds, 3Diamonds, 7Clubs, QClubs, KHearts, QHearts, 6Hearts, ASpades, KSpades.
P2 HAND: 7Diamonds, 4Diamonds, 6Clubs, 4Clubs, 3Clubs, AHearts, 2Hearts, 7Spades, 6Spades, 2Spades.
P3 HAND: KDiamonds, 5Diamonds, AClubs, KClubs, JClubs, 2Clubs, QSpades, 5Spades, 4Spades, 3Spades.
P0 2Diamonds P1 ADiamonds P2 4Diamonds P3 KDiamonds 
P1 3Diamonds P2 7Diamonds P3 5Diamonds P0 JDiamonds 
P2 AHearts P3 3Spades P0 4Hearts P1 KHearts 
P3 AClubs P0 5Clubs P1 7Clubs P2 3Clubs 
P3 2Clubs P0 6Diamonds P1 QClubs P2 4Clubs 
P1 6Hearts P2 2Hearts P3 4Spades P0 3Hearts 
P3 JClubs P0 JSpades P1 KSpades P2 6Clubs 
P1 QDiamonds P2 2Spades P3 5Spades P0 5Hearts 
P3 QSpades P0 JHearts P1 ASpades P2 6Spades 
P1 QHearts P2 7Spades P3 KClubs P0 7Hearts 
-- /GAME --
P0 HAND: KDiamonds, QDiamonds, AClubs, 7Clubs, 6Clubs, 7Hearts, KHearts, JSpades, QSpades, 6Spades.
P1 HAND: ADiamonds, 6Diamonds, KClubs, JClubs, 4Hearts, 3Hearts, 2Hearts, ASpades, 4Spades, 2Spades.
P2 HAND: 7Diamonds, JDiamonds, 2Diamonds, 4Clubs, AHearts, JHearts, QHearts, KSpades, 5Spades, 3Spades.
P3 HAND: 5Diamonds, 4Diamonds, 3Diamonds, QClubs, 5Clubs, 3Clubs, 2Clubs, 6Hearts, 5Hearts, 7Spades.
P3 2Clubs 
