-- GAME --
P0 HAND: 5Diamonds, JClubs, 6Clubs, 5Clubs, 3Clubs, AHearts, QHearts, 3Hearts, 7Spades, 3Spades.
P1 HAND: 7Diamonds, JDiamonds, 2Diamonds, 7Clubs, 7Hearts, KHearts, ASpades, 6Spades, 5Spades, 2Spades.
P2 HAND: ADiamonds, QDiamonds, 6Diamonds, 4Diamonds, KClubs, 2Clubs, 6Hearts, 5Hearts, JSpades, 4Spades.
P3 HAND: KDiamonds, 3Diamonds, AClubs, QClubs, 4Clubs, JHearts, 4Hearts, 2Hearts, KSpades, QSpades.
P2 ADiamonds P3 3Diamonds P0 5Diamonds P1 2Diamonds 
P2 2Clubs P3 AClubs P0 5Clubs P1 7Clubs 
P3 4Clubs P0 6Clubs P1 2Spades P2 KClubs 
P2 4Diamonds P3 KDiamonds P0 3Hearts P1 JDiamonds 
P0 3Spades P1 ASpades P2 4Spades P3 KSpades 
P1 5Spades P2 JSpades P3 QSpades P0 7Spades 
P0 JClubs P1 6Spades P2 QDiamonds P3 QClubs 
P0 3Clubs P1 KHearts P2 6Diamonds P3 2Hearts 
P1 7Hearts P2 5Hearts P3 4Hearts P0 AHearts 
P0 QHearts P1 7Diamonds P2 6Hearts P3 JHearts 
-- /GAME --
P0 HAND: KDiamonds, 5Diamonds, 2Diamonds, KClubs, AHearts, QHearts, 3Hearts, ASpades, JSpades, 2Spades.
P1 HAND: 7Diamonds, JDiamonds, 6Diamonds, 4Diamonds, 3Diamonds, 6Clubs, 5Hearts, 2Hearts, 7Spades, 4Spades.
P2 HAND: ADiamonds, AClubs, 7Clubs, QClubs, 5Clubs, 4Clubs, JHearts, KSpades, QSpades, 5Spades.
P3 HAND: QDiamonds, JClubs, 3Clubs, 2Clubs, 7Hearts, KHearts, 6Hearts, 4Hearts, 6Spades, 3Spades.
P1 3Diamonds P2 ADiamonds P3 QDiamonds P0 KDiamonds 
P2 4Clubs P3 2Clubs P0 KClubs P1 6Clubs 
P0 ASpades P1 4Spades P2 KSpades P3 3Spades 
P0 5Diamonds P1 4Diamonds P2 5Clubs P3 3Clubs 
P0 2Diamonds P1 6Diamonds P2 5Spades P3 JClubs 
P1 JDiamonds P2 QClubs P3 4Hearts P0 2Spades 
P3 6Spades P0 JSpades P1 7Spades P2 QSpades 
P1 2Hearts P2 JHearts P3 6Hearts P0 3Hearts 
P2 7Clubs P3 KHearts P0 AHearts P1 7Diamonds 
P0 QHearts P1 5Hearts P2 AClubs P3 7Hearts 
-- /GAME --
P0 HAND: KDiamonds, 5Diamonds, KClubs, 6Clubs, AHearts, KHearts, QHearts, 2Hearts, ASpades, KSpades.
P1 HAND: JDiamonds, QDiamonds, 4Diamonds, 7Clubs, 5Hearts, 3Hearts, JSpades, 6Spades, 5Spades, 4Spades.
P2 HAND: ADiamonds, 7Diamonds, 6Diamonds, 3Diamonds, 2Diamonds, AClubs, JClubs, QClubs, 7Hearts, 4Hearts.
P3 HAND: 5Clubs, 4Clubs, 3Clubs, 2Clubs, JHearts, 6Hearts, 7Spades, QSpades, 3Spades, 2Spades.
P0 AHearts P1 3Hearts P2 7Hearts P3 6Hearts 
P0 ASpades P1 4Spades P2 ADiamonds P3 2Spades 
P0 KSpades P1 5Spades P2 2Diamonds P3 7Spades 
P3 3Spades P0 5Diamonds P1 6Spades P2 3Diamonds 
P1 4Diamonds P2 6Diamonds P3 QSpades P0 KDiamonds 
P0 QHearts P1 5Hearts P2 4Hearts P3 JHearts 
P3 2Clubs P0 KClubs P1 7Clubs P2 AClubs 
P2 QClubs P3 3Clubs P0 6Clubs P1 QDiamonds 
P2 JClubs P3 4Clubs P0 KHearts P1 JDiamonds 
P2 7Diamonds P3 5Clubs P0 2Hearts P1 JSpades 
-- /GAME --
P0 HAND: JDiamonds, 6Diamonds, 5Diamonds, AClubs, 5Clubs, 4Clubs, AHearts, KHearts, 5Hearts, 2Spades.
P1 HAND: ADiamonds, 4Diamonds, 6Clubs, QHearts, 6Hearts, ASpades, JSpades, QSpades, 5Spades, 3Spades.
P2 HAND: 2Diamonds, 7Clubs, QClubs, 3Clubs, 2Clubs, 7Hearts, JHearts, 4Hearts, 2Hearts, 7Spades.
P3 HAND: 7Diamonds, KDiamonds, QDiamonds, 3Diamonds, KClubs, JClubs, 3Hearts, KSpades, 6Spades, 4Spades.
P3 3Diamonds P0 5Diamonds P1 ADiamonds P2 2Diamonds 
P1 3Spades P2 7Spades P3 4Spades P0 2Spades 
P2 2Hearts P3 3Hearts P0 AHearts P1 6Hearts 
P0 6Diamonds P1 4Diamonds P2 4Hearts P3 7Diamonds 
P3 6Spades P0 JDiamonds P1 5Spades P2 2Clubs 
P2 JHearts P3 QDiamonds P0 KHearts P1 QHearts 
P0 5Hearts P1 QSpades P2 7Hearts P3 JClubs 
P3 KClubs P0 4Clubs P1 6Clubs P2 3Clubs 
P3 KDiamonds P0 5Clubs P1 JSpades P2 QClubs 
P2 7Clubs P3 KSpades P0 AClubs P1 ASpades 
-- /GAME --
P0 HAND: ADiamonds, KDiamonds, JDiamonds, 4Diamonds, 2Diamonds, AClubs, 2Clubs, 7Hearts, 6Spades, 4Spades.
P1 HAND: QDiamonds, 6Diamonds, JClubs, 6Clubs, QHearts, 6Hearts, 5Hearts, 4Hearts, KSpades, JSpades.
P2 HAND: 7Diamonds, 5Diamonds, 3Diamonds, KClubs, QClubs, 3Clubs, AHearts, KHearts, 5Spades, 2Spades.
P3 HAND: 7Clubs, 5Clubs, 4Clubs, JHearts, 3Hearts, 2Hearts, ASpades, 7Spades, QSpades, 3Spades.

