-- GAME --
P0 6Spades P1 QClubs P2 7Spades P3 ASpades 
P3 JDiamonds P0 6Diamonds P1 7Clubs P2 KClubs 
-- /GAME --
P0 HAND: 6Diamonds, KClubs, 6Clubs, 4Clubs, KHearts, ASpades, KSpades, JSpades, 5Spades, 3Spades.
P1 HAND: 7Diamonds, JDiamonds, 4Diamonds, 3Clubs, 2Clubs, AHearts, JHearts, QHearts, 6Spades, 2Spades.
P2 HAND: ADiamonds, AClubs, 7Clubs, JClubs, 5Clubs, 7Hearts, 6Hearts, 5Hearts, 2Hearts, 7Spades.
P3 HAND: KDiamonds, QDiamonds, 5Diamonds, 3Diamonds, 2Diamonds, QClubs, 4Hearts, 3Hearts, QSpades, 4Spades.
P3 2Diamonds P0 6Diamonds P1 4Diamonds P2 ADiamonds 
P2 2Hearts P3 3Hearts P0 KHearts P1 AHearts 
P1 2Spades P2 7Spades P3 4Spades P0 ASpades 
P0 KSpades P1 6Spades P2 7Hearts P3 QSpades 
P0 JSpades P1 QHearts P2 6Hearts P3 QClubs 
P3 3Diamonds P0 6Clubs P1 JDiamonds P2 5Hearts 
P0 3Spades P1 2Clubs P2 5Clubs P3 4Hearts 
P2 JClubs P3 5Diamonds P0 KClubs P1 3Clubs 
P0 5Spades P1 JHearts P2 7Clubs P3 QDiamonds 
P2 AClubs P3 KDiamonds P0 4Clubs P1 7Diamonds 
-- /GAME --
P0 HAND: 6Diamonds, 5Diamonds, 2Diamonds, 7Clubs, JClubs, 5Hearts, 3Hearts, 7Spades, QSpades, 3Spades.
P1 HAND: KDiamonds, QDiamonds, KClubs, 2Clubs, 7Hearts, KHearts, JHearts, QHearts, 2Hearts, KSpades.
P2 HAND: ADiamonds, 7Diamonds, JDiamonds, 4Diamonds, 3Clubs, AHearts, 6Hearts, 4Hearts, JSpades, 4Spades.
P3 HAND: 3Diamonds, AClubs, QClubs, 6Clubs, 5Clubs, 4Clubs, ASpades, 6Spades, 5Spades, 2Spades.
P2 ADiamonds P3 3Diamonds P0 5Diamonds P1 QDiamonds 
P2 AHearts P3 4Clubs P0 3Hearts P1 7Hearts 
P3 ASpades P0 7Spades P1 KSpades P2 4Spades 
P3 2Spades P0 QSpades P1 2Hearts P2 JSpades 
P2 4Diamonds P3 5Spades P0 6Diamonds P1 KDiamonds 
P1 QHearts P2 4Hearts P3 6Spades P0 5Hearts 
P1 JHearts P2 6Hearts P3 5Clubs P0 7Clubs 
P0 3Spades P1 2Clubs P2 3Clubs P3 6Clubs 
P3 QClubs P0 JClubs P1 KClubs P2 JDiamonds 
P1 KHearts P2 7Diamonds P3 AClubs P0 2Diamonds 
-- /GAME --
P0 HAND: 7Diamonds, JDiamonds, JClubs, 6Clubs, 3Clubs, AHearts, JHearts, 4Hearts, 3Hearts, JSpades.
P1 HAND: 5Diamonds, 3Diamonds, 2Diamonds, 5Clubs, 7Hearts, KHearts, 6Hearts, ASpades, 7Spades, 5Spades.
P2 HAND: ADiamonds, QDiamonds, AClubs, 7Clubs, KClubs, QClubs, 4Clubs, 2Clubs, QHearts, 6Spades.
P3 HAND: KDiamonds, 6Diamonds, 4Diamonds, 5Hearts, 2Hearts, KSpades, QSpades, 4Spades, 3Spades, 2Spades.
P1 ASpades P2 6Spades P3 KSpades P0 JSpades 
P1 2Diamonds P2 ADiamonds P3 4Diamonds P0 7Diamonds 
P2 QDiamonds P3 6Diamonds P0 JDiamonds P1 3Diamonds 
P0 AHearts P1 6Hearts P2 QHearts P3 2Hearts 
P0 3Clubs P1 5Clubs P2 2Clubs P3 KDiamonds 
P1 5Diamonds P2 4Clubs P3 2Spades P0 JHearts 
P2 QClubs P3 3Spades P0 6Clubs P1 5Spades 
P2 KClubs P3 4Spades P0 JClubs P1 KHearts 
P2 7Clubs P3 5Hearts P0 4Hearts P1 7Hearts 
P2 AClubs P3 QSpades P0 3Hearts P1 7Spades 
-- /GAME --
P0 HAND: 4Diamonds, AClubs, 5Clubs, 2Clubs, 7Hearts, KHearts, QHearts, 2Hearts, KSpades, 5Spades.
P1 HAND: KDiamonds, QDiamonds, 7Clubs, 4Clubs, 6Hearts, 5Hearts, 4Hearts, 3Hearts, ASpades, 6Spades.
P2 HAND: ADiamonds, 5Diamonds, 3Diamonds, 2Diamonds, KClubs, JClubs, QClubs, AHearts, JHearts, QSpades.
P3 HAND: 7Diamonds, JDiamonds, 6Diamonds, 6Clubs, 3Clubs, 7Spades, JSpades, 4Spades, 3Spades, 2Spades.
P1 ASpades P2 QSpades P3 7Spades P0 5Spades 
P1 3Hearts P2 AHearts P3 3Clubs P0 7Hearts 
P3 2Spades P0 KSpades P1 6Spades P2 ADiamonds 
P0 QHearts P1 4Hearts P2 JHearts P3 6Clubs 
P3 7Diamonds P0 4Diamonds P1 KDiamonds P2 2Diamonds 
P3 3Spades P0 5Clubs P1 5Hearts P2 5Diamonds 
P0 2Clubs P1 4Clubs P2 QClubs P3 4Spades 
P2 3Diamonds P3 6Diamonds P0 AClubs P1 QDiamonds 
P0 KHearts P1 6Hearts P2 JClubs P3 JDiamonds 
P2 KClubs P3 JSpades P0 2Hearts P1 7Clubs 
-- /GAME --
P0 HAND: 5Diamonds, 2Diamonds, JClubs, 5Clubs, 7Hearts, QHearts, QSpades, 6Spades, 5Spades, 4Spades.
P1 HAND: KDiamonds, JDiamonds, KClubs, QClubs, 6Clubs, 3Clubs, AHearts, KHearts, 7Spades, KSpades.
P2 HAND: 7Diamonds, 4Diamonds, AClubs, 4Clubs, 2Clubs, 5Hearts, 4Hearts, 2Hearts, 3Spades, 2Spades.
P3 HAND: ADiamonds, QDiamonds, 6Diamonds, 3Diamonds, 7Clubs, JHearts, 6Hearts, 3Hearts, ASpades, JSpades.
P0 2Diamonds P1 JDiamonds P2 4Diamonds P3 ADiamonds 
P3 ASpades P0 4Spades P1 7Spades P2 2Spades 
P3 3Diamonds P0 5Diamonds P1 KDiamonds P2 7Diamonds 
P2 2Hearts P3 3Hearts P0 7Hearts P1 AHearts 
P1 3Clubs P2 2Clubs P3 7Clubs P0 5Clubs 
P3 6Diamonds P0 QHearts P1 6Clubs P2 3Spades 
P1 QClubs P2 4Clubs P3 6Hearts P0 JClubs 
P0 QSpades P1 KSpades P2 AClubs P3 JSpades 
P2 4Hearts P3 JHearts P0 6Spades P1 KHearts 
P1 KClubs P2 5Hearts P3 QDiamonds P0 5Spades 
-- /GAME --
P0 HAND: KClubs, QClubs, 4Clubs, KHearts, QHearts, 6Hearts, 3Hearts, 6Spades, 5Spades, 4Spades.
P1 HAND: 7Diamonds, JDiamonds, QDiamonds, 5Diamonds, AClubs, 2Clubs, AHearts, 2Hearts, 3Spades, 2Spades.
P2 HAND: KDiamonds, 6Diamonds, 3Diamonds, 7Clubs, 5Clubs, 7Hearts, 5Hearts, ASpades, KSpades, QSpades.
P3 HAND: ADiamonds, 4Diamonds, 2Diamonds, JClubs, 6Clubs, 3Clubs, JHearts, 4Hearts, 7Spades, JSpades.
P3 ADiamonds P0 6Spades P1 5Diamonds P2 KDiamonds 
P0 KClubs P1 AClubs P2 5Clubs P3 JClubs 
P1 AHearts P2 5Hearts P3 JHearts P0 3Hearts 
P1 2Clubs P2 7Clubs P3 3Clubs P0 QClubs 
P2 3Diamonds P3 2Diamonds P0 4Spades P1 QDiamonds 
P0 KHearts P1 2Hearts P2 7Hearts P3 4Hearts 
P2 6Diamonds P3 4Diamonds P0 5Spades P1 JDiamonds 
P0 QHearts P1 2Spades P2 QSpades P3 6Clubs 
P2 KSpades P3 JSpades P0 6Hearts P1 3Spades 
P2 ASpades P3 7Spades P0 4Clubs P1 7Diamonds 
-- /GAME --
P0 HAND: KDiamonds, JDiamonds, 5Diamonds, AClubs, AHearts, 7Hearts, KSpades, QSpades, 3Spades, 2Spades.
P1 HAND: 6Diamonds, 4Diamonds, 7Clubs, KClubs, 5Clubs, 5Hearts, 4Hearts, 3Hearts, JSpades, 5Spades.
P2 HAND: QDiamonds, 3Diamonds, JClubs, 4Clubs, 3Clubs, 2Clubs, KHearts, QHearts, 2Hearts, 6Spades.
P3 HAND: ADiamonds, 7Diamonds, 2Diamonds, QClubs, 6Clubs, JHearts, 6Hearts, ASpades, 7Spades, 4Spades.
P2 2Clubs P3 6Clubs P0 AClubs P1 5Clubs 
P0 AHearts P1 3Hearts P2 KHearts P3 6Hearts 
P0 7Hearts P1 4Hearts P2 QHearts P3 JHearts 
P0 JDiamonds P1 4Diamonds P2 3Diamonds P3 ADiamonds 
P3 2Diamonds P0 5Diamonds P1 6Diamonds P2 QDiamonds 
P2 2Hearts P3 QClubs P0 3Spades P1 5Hearts 
P0 KDiamonds P1 5Spades P2 3Clubs P3 7Diamonds 
P1 JSpades P2 6Spades P3 4Spades P0 KSpades 
P0 2Spades P1 KClubs P2 4Clubs P3 7Spades 
P3 ASpades P0 QSpades P1 7Clubs P2 JClubs 
-- /GAME --
P0 HAND: KDiamonds, 6Diamonds, JClubs, 6Clubs, 5Clubs, 2Clubs, 7Hearts, KHearts, 3Hearts, 2Hearts.
P1 HAND: QDiamonds, 5Diamonds, 4Diamonds, 7Clubs, KClubs, AHearts, JHearts, 5Hearts, 4Hearts, QSpades.
P2 HAND: JDiamonds, 2Diamonds, AClubs, QClubs, 4Clubs, QHearts, ASpades, 7Spades, JSpades, 5Spades.
P3 HAND: ADiamonds, 7Diamonds, 3Diamonds, 3Clubs, 6Hearts, KSpades, 6Spades, 4Spades, 3Spades, 2Spades.
P1 AHearts P2 QHearts P3 6Hearts P0 2Hearts 
P1 4Diamonds P2 2Diamonds P3 ADiamonds P0 6Diamonds 
P3 2Spades P0 2Clubs P1 QSpades P2 ASpades 
P0 7Hearts P1 4Hearts P2 7Spades P3 3Clubs 
P3 3Diamonds P0 KDiamonds P1 5Diamonds P2 JDiamonds 
P0 KHearts P1 5Hearts P2 5Spades P3 3Spades 
P0 JClubs P1 KClubs P2 AClubs P3 4Spades 
P2 JSpades P3 6Spades P0 5Clubs P1 QDiamonds 
P0 6Clubs P1 7Clubs P2 4Clubs P3 7Diamonds 
P1 JHearts P2 QClubs P3 KSpades P0 3Hearts 
-- /GAME --
P0 HAND: KDiamonds, 4Diamonds, 2Diamonds, AClubs, JClubs, 5Clubs, AHearts, 2Hearts, KSpades, JSpades.
P1 HAND: 5Diamonds, 3Diamonds, 7Clubs, KClubs, 6Clubs, 7Hearts, JHearts, 7Spades, 6Spades, 5Spades.
P2 HAND: ADiamonds, JDiamonds, QClubs, KHearts, QHearts, 6Hearts, 5Hearts, 4Hearts, ASpades, 2Spades.
P3 HAND: 7Diamonds, QDiamonds, 6Diamonds, 4Clubs, 3Clubs, 2Clubs, 3Hearts, QSpades, 4Spades, 3Spades.

