-- GAME --
-- /GAME --
P0 HAND: ADiamonds, 6Diamonds, AClubs, JClubs, 2Clubs, QHearts, 2Hearts, KSpades, JSpades, 4Spades.
P1 HAND: KDiamonds, 3Diamonds, 5Clubs, 4Clubs, 3Clubs, 6Hearts, 5Hearts, ASpades, 6Spades, 2Spades.
P2 HAND: JDiamonds, QDiamonds, 5Diamonds, 7Clubs, QClubs, 7Hearts, KHearts, 3Hearts, 7Spades, 5Spades.
P3 HAND: 7Diamonds, 4Diamonds, 2Diamonds, KClubs, 6Clubs, AHearts, JHearts, 4Hearts, QSpades, 3Spades.
P2 3Hearts P3 AHearts P0 2Hearts P1 6Hearts 
P3 3Spades P0 4Spades P1 ASpades P2 5Spades 
P1 2Spades P2 7Spades P3 QSpades P0 KSpades 
P2 QClubs P3 6Clubs P0 AClubs P1 3Clubs 
P0 2Clubs P1 4Clubs P2 7Clubs P3 KClubs 
P2 5Diamonds P3 2Diamonds P0 6Diamonds P1 3Diamonds 
P0 JClubs P1 5Clubs P2 QDiamonds P3 7Diamonds 
P3 4Hearts P0 QHearts P1 5Hearts P2 7Hearts 
P2 JDiamonds P3 4Diamonds P0 ADiamonds P1 KDiamonds 
P0 JSpades P1 6Spades P2 KHearts P3 JHearts 
-- /GAME --
P0 HAND: 7Diamonds, KClubs, 6Clubs, 2Clubs, KHearts, QHearts, 5Hearts, ASpades, 7Spades, 6Spades.
P1 HAND: ADiamonds, 2Diamonds, 7Clubs, JClubs, 3Clubs, 4Hearts, 2Hearts, JSpades, 3Spades, 2Spades.
P2 HAND: KDiamonds, JDiamonds, QDiamonds, 5Diamonds, QClubs, 5Clubs, AHearts, 6Hearts, KSpades, 4Spades.
P3 HAND: 6Diamonds, 4Diamonds, 3Diamonds, AClubs, 4Clubs, 7Hearts, JHearts, 3Hearts, QSpades, 5Spades.
P1 ADiamonds P2 5Diamonds P3 6Diamonds P0 7Diamonds 
P1 2Diamonds P2 QDiamonds P3 3Diamonds P0 KHearts 
P2 AHearts P3 3Hearts P0 QHearts P1 2Hearts 
P2 4Spades P3 5Spades P0 ASpades P1 2Spades 
P0 2Clubs P1 3Clubs P2 5Clubs P3 4Clubs 
P2 6Hearts P3 JHearts P0 5Hearts P1 4Hearts 
P3 4Diamonds P0 6Spades P1 3Spades P2 KDiamonds 
P2 JDiamonds P3 QSpades P0 6Clubs P1 JClubs 
P1 JSpades P2 KSpades P3 AClubs P0 7Spades 
P3 7Hearts P0 KClubs P1 7Clubs P2 QClubs 
-- /GAME --
P0 HAND: ADiamonds, JDiamonds, 4Diamonds, KClubs, 7Hearts, KHearts, QHearts, 5Hearts, 4Hearts, QSpades.
P1 HAND: QDiamonds, 6Diamonds, 5Diamonds, 3Diamonds, AHearts, 6Hearts, 2Hearts, ASpades, 7Spades, 5Spades.
P2 HAND: 7Diamonds, KDiamonds, QClubs, 5Clubs, 4Clubs, 3Clubs, 2Clubs, KSpades, 4Spades, 2Spades.
P3 HAND: 2Diamonds, AClubs, 7Clubs, JClubs, 6Clubs, JHearts, 3Hearts, JSpades, 6Spades, 3Spades.
P0 ADiamonds P1 3Diamonds P2 7Diamonds P3 2Diamonds 
P0 KClubs P1 2Hearts P2 2Clubs P3 AClubs 
P3 3Hearts P0 4Hearts P1 AHearts P2 2Spades 
P2 3Clubs P3 6Clubs P0 QSpades P1 5Diamonds 
P0 7Hearts P1 6Hearts P2 KDiamonds P3 JHearts 
P0 KHearts P1 6Diamonds P2 QClubs P3 3Spades 
P3 JClubs P0 5Hearts P1 QDiamonds P2 4Clubs 
P3 6Spades P0 QHearts P1 5Spades P2 4Spades 
P3 JSpades P0 4Diamonds P1 7Spades P2 KSpades 
P1 ASpades P2 5Clubs P3 7Clubs P0 JDiamonds 
-- /GAME --
P0 HAND: KDiamonds, JDiamonds, QClubs, 3Clubs, JHearts, 4Hearts, 7Spades, JSpades, 6Spades, 5Spades.
P1 HAND: 7Diamonds, 4Diamonds, KClubs, 6Clubs, 5Clubs, 4Clubs, AHearts, QSpades, 4Spades, 3Spades.
P2 HAND: QDiamonds, 6Diamonds, AClubs, 7Clubs, 7Hearts, 6Hearts, 5Hearts, 2Hearts, KSpades, 2Spades.
P3 HAND: ADiamonds, 5Diamonds, 3Diamonds, 2Diamonds, JClubs, 2Clubs, KHearts, QHearts, 3Hearts, ASpades.
P3 ADiamonds P0 JDiamonds P1 7Diamonds P2 6Diamonds 
P3 ASpades P0 5Spades P1 QSpades P2 2Spades 
P3 2Diamonds P0 KDiamonds P1 4Diamonds P2 QDiamonds 
P0 QClubs P1 4Clubs P2 AClubs P3 2Clubs 
P2 2Hearts P3 3Hearts P0 4Hearts P1 AHearts 
P1 3Spades P2 KSpades P3 3Diamonds P0 7Spades 
P0 JSpades P1 4Spades P2 5Hearts P3 5Diamonds 
P2 6Hearts P3 QHearts P0 JHearts P1 5Clubs 
P0 6Spades P1 6Clubs P2 7Hearts P3 JClubs 
P2 7Clubs P3 KHearts P0 3Clubs P1 KClubs 
-- /GAME --
P0 HAND: 7Diamonds, 3Diamonds, JClubs, 5Clubs, JHearts, 6Hearts, 5Hearts, 3Hearts, ASpades, 3Spades.
P1 HAND: KDiamonds, 6Diamonds, 5Diamonds, 4Diamonds, 7Clubs, 6Clubs, AHearts, 2Hearts, JSpades, 6Spades.
P2 HAND: ADiamonds, JDiamonds, QDiamonds, 4Clubs, 3Clubs, 2Clubs, KHearts, QSpades, 5Spades, 2Spades.
P3 HAND: 2Diamonds, AClubs, KClubs, QClubs, 7Hearts, QHearts, 4Hearts, 7Spades, KSpades, 4Spades.
P2 ADiamonds P3 2Diamonds P0 7Diamonds P1 4Diamonds 
P2 2Clubs P3 AClubs P0 5Clubs P1 7Clubs 
P3 4Hearts P0 3Hearts P1 AHearts P2 KHearts 
P1 2Hearts P2 3Clubs P3 7Hearts P0 5Hearts 
P3 QClubs P0 JClubs P1 6Clubs P2 4Clubs 
P0 JHearts P1 5Diamonds P2 JDiamonds P3 QHearts 
P0 6Hearts P1 6Diamonds P2 QDiamonds P3 4Spades 
P3 KSpades P0 3Spades P1 6Spades P2 2Spades 
P3 7Spades P0 ASpades P1 JSpades P2 5Spades 
P0 3Diamonds P1 KDiamonds P2 QSpades P3 KClubs 
-- /GAME --
P0 HAND: KDiamonds, AClubs, KClubs, JClubs, 5Clubs, 2Clubs, 2Hearts, ASpades, 6Spades, 4Spades.
P1 HAND: 7Diamonds, JDiamonds, QDiamonds, 5Diamonds, 3Diamonds, 6Clubs, 7Hearts, JHearts, 3Hearts, 2Spades.
P2 HAND: ADiamonds, 6Diamonds, 7Clubs, 4Clubs, 3Clubs, AHearts, QHearts, 5Hearts, 4Hearts, 7Spades.
P3 HAND: 4Diamonds, 2Diamonds, QClubs, KHearts, 6Hearts, KSpades, JSpades, QSpades, 5Spades, 3Spades.
P1 3Diamonds P2 ADiamonds P3 2Diamonds P0 KDiamonds 
P2 AHearts P3 6Hearts P0 2Hearts P1 3Hearts 
P2 3Clubs P3 QClubs P0 AClubs P1 6Clubs 
P0 4Spades P1 2Spades P2 7Spades P3 3Spades 
P2 4Clubs P3 4Diamonds P0 2Clubs P1 5Diamonds 
P2 4Hearts P3 KHearts P0 6Spades P1 JHearts 
P0 ASpades P1 QDiamonds P2 7Clubs P3 5Spades 
P0 KClubs P1 JDiamonds P2 5Hearts P3 QSpades 
P3 JSpades P0 5Clubs P1 7Diamonds P2 6Diamonds 
P3 KSpades P0 JClubs P1 7Hearts P2 QHearts 
-- /GAME --
P0 HAND: 5Diamonds, 4Diamonds, AClubs, KClubs, JClubs, QClubs, 4Clubs, 7Hearts, KHearts, JSpades.
P1 HAND: 6Diamonds, JHearts, 6Hearts, 4Hearts, 3Hearts, 2Hearts, KSpades, QSpades, 6Spades, 4Spades.
P2 HAND: JDiamonds, QDiamonds, 3Diamonds, 2Diamonds, 7Clubs, AHearts, 5Hearts, ASpades, 5Spades, 3Spades.
P3 HAND: ADiamonds, 7Diamonds, KDiamonds, 6Clubs, 5Clubs, 3Clubs, 2Clubs, QHearts, 7Spades, 2Spades.

