-- GAME --
P0 HAND: ADiamonds, 4Diamonds, 3Diamonds, 2Diamonds, QClubs, 6Clubs, 4Clubs, QHearts, KSpades, QSpades.
P1 HAND: 7Diamonds, 5Diamonds, AClubs, 7Clubs, 5Clubs, AHearts, 2Hearts, ASpades, JSpades, 2Spades.
P2 HAND: JDiamonds, KClubs, JClubs, JHearts, 6Hearts, 5Hearts, 3Hearts, 6Spades, 5Spades, 3Spades.
P3 HAND: KDiamonds, QDiamonds, 6Diamonds, 3Clubs, 2Clubs, 7Hearts, KHearts, 4Hearts, 7Spades, 4Spades.
P0 4Clubs P1 AClubs P2 JClubs P3 3Clubs 
P1 ASpades P2 3Spades P3 7Spades P0 QSpades 
P1 2Spades P2 5Spades P3 4Spades P0 KSpades 
P0 6Clubs P1 5Clubs P2 KClubs P3 2Clubs 
P2 6Spades P3 6Diamonds P0 QClubs P1 JSpades 
P1 5Diamonds P2 JDiamonds P3 QDiamonds P0 ADiamonds 
P0 2Diamonds P1 7Diamonds P2 3Hearts P3 KDiamonds 
P2 5Hearts P3 4Hearts P0 QHearts P1 2Hearts 
P0 3Diamonds P1 AHearts P2 6Hearts P3 KHearts 
P1 7Clubs P2 JHearts P3 7Hearts P0 4Diamonds 
-- /GAME --
P0 HAND: ADiamonds, 7Diamonds, JDiamonds, QDiamonds, 6Clubs, AHearts, 6Hearts, 7Spades, QSpades, 4Spades.
P1 HAND: KDiamonds, 6Diamonds, 3Diamonds, 2Diamonds, AClubs, 2Clubs, KHearts, 5Hearts, 3Spades, 2Spades.
P2 HAND: 5Diamonds, 4Diamonds, KClubs, 5Clubs, 4Clubs, 3Clubs, 4Hearts, 3Hearts, KSpades, JSpades.
P3 HAND: 7Clubs, JClubs, QClubs, 7Hearts, JHearts, QHearts, 2Hearts, ASpades, 6Spades, 5Spades.
P3 ASpades 
