-- GAME --
P1 2Hearts P2 AHearts P3 KHearts P0 QHearts 
P2 ADiamonds P3 5Diamonds P0 6Diamonds P1 3Diamonds 
P2 2Diamonds P3 JDiamonds P0 4Diamonds P1 7Hearts 
P3 2Spades P0 5Spades P1 6Spades P2 3Hearts 
P1 5Hearts P2 4Hearts P3 3Spades P0 KSpades 
P1 JSpades P2 6Hearts P3 4Spades P0 KClubs 
P0 4Clubs P1 3Clubs P2 AClubs P3 2Clubs 
P2 QDiamonds P3 KDiamonds P0 6Clubs P1 7Clubs 
P1 5Clubs P2 JHearts P3 QSpades P0 QClubs 
P0 JClubs P1 7Spades P2 7Diamonds P3 ASpades 
-- /GAME --
P0 HAND: JDiamonds, 4Diamonds, 3Diamonds, QClubs, 6Clubs, JHearts, 5Hearts, 4Hearts, QSpades, 4Spades.
P1 HAND: QDiamonds, 2Diamonds, 5Clubs, AHearts, 7Hearts, 3Hearts, 2Hearts, JSpades, 6Spades, 3Spades.
P2 HAND: ADiamonds, 7Diamonds, KDiamonds, 6Diamonds, KClubs, JClubs, 3Clubs, KHearts, 6Hearts, KSpades.
P3 HAND: 5Diamonds, AClubs, 7Clubs, 4Clubs, 2Clubs, QHearts, ASpades, 7Spades, 5Spades, 2Spades.
P0 6Clubs P1 5Clubs P2 3Clubs P3 AClubs 
P3 2Clubs P0 QClubs P1 2Diamonds P2 KClubs 
P2 6Diamonds P3 5Diamonds P0 3Diamonds P1 QDiamonds 
P1 AHearts P2 6Hearts P3 QHearts P0 4Hearts 
P1 2Hearts P2 KHearts P3 4Clubs P0 JHearts 
P2 JClubs P3 7Clubs P0 QSpades P1 JSpades 
P1 3Hearts P2 KSpades P3 2Spades P0 5Hearts 
P2 KDiamonds P3 5Spades P0 4Diamonds P1 7Hearts 
P3 7Spades P0 4Spades P1 3Spades P2 7Diamonds 
P3 ASpades P0 JDiamonds P1 6Spades P2 ADiamonds 
-- /GAME --
P0 HAND: 7Diamonds, KDiamonds, QDiamonds, 6Diamonds, QClubs, 6Clubs, 3Clubs, 3Hearts, ASpades, 3Spades.
P1 HAND: ADiamonds, JDiamonds, 4Diamonds, AClubs, 7Clubs, 5Clubs, 4Clubs, 7Hearts, KHearts, 2Hearts.
P2 HAND: 5Diamonds, 3Diamonds, 2Diamonds, AHearts, QHearts, 5Hearts, 7Spades, 6Spades, 5Spades, 2Spades.
P3 HAND: KClubs, JClubs, 2Clubs, JHearts, 6Hearts, 4Hearts, KSpades, JSpades, QSpades, 4Spades.
P3 2Clubs P0 6Clubs P1 AClubs P2 2Spades 
P2 AHearts P3 4Hearts P0 3Hearts P1 2Hearts 
P2 2Diamonds P3 6Hearts P0 6Diamonds P1 ADiamonds 
P1 4Diamonds P2 3Diamonds P3 4Spades P0 QDiamonds 
P3 JClubs P0 3Clubs P1 4Clubs P2 5Diamonds 
P3 JHearts P0 QClubs P1 7Hearts P2 5Hearts 
P1 5Clubs P2 QHearts P3 KClubs P0 3Spades 
P0 ASpades P1 JDiamonds P2 5Spades P3 QSpades 
P0 7Diamonds P1 KHearts P2 6Spades P3 JSpades 
P3 KSpades P0 KDiamonds P1 7Clubs P2 7Spades 
-- /GAME --
P0 HAND: 7Diamonds, QDiamonds, 5Diamonds, 4Diamonds, 2Diamonds, AClubs, 2Clubs, 3Hearts, 7Spades, 3Spades.
P1 HAND: ADiamonds, 6Diamonds, KClubs, 6Clubs, 5Clubs, KHearts, QHearts, 5Hearts, 6Spades, 4Spades.
P2 HAND: KDiamonds, JDiamonds, 3Diamonds, QClubs, 6Hearts, 4Hearts, 2Hearts, KSpades, QSpades, 5Spades.
P3 HAND: 7Clubs, JClubs, 4Clubs, 3Clubs, AHearts, 7Hearts, JHearts, ASpades, JSpades, 2Spades.
P2 2Hearts P3 AHearts P0 3Hearts P1 KHearts 
P3 ASpades P0 3Spades P1 6Spades P2 5Spades 
P3 2Spades P0 7Spades P1 4Spades P2 KSpades 
P0 5Diamonds P1 ADiamonds P2 3Diamonds P3 7Hearts 
P1 5Hearts P2 4Hearts P3 JHearts P0 2Diamonds 
P3 JSpades P0 2Clubs P1 6Diamonds P2 QSpades 
P0 QDiamonds P1 QHearts P2 JDiamonds P3 3Clubs 
P3 4Clubs P0 AClubs P1 5Clubs P2 QClubs 
P0 7Diamonds P1 6Clubs P2 KDiamonds P3 JClubs 
P3 7Clubs P0 4Diamonds P1 KClubs P2 6Hearts 
-- /GAME --
P0 HAND: 4Diamonds, AClubs, 7Clubs, JClubs, 5Clubs, JHearts, QHearts, 7Spades, KSpades, JSpades.
P1 HAND: ADiamonds, 7Diamonds, 5Diamonds, 3Diamonds, KClubs, 4Clubs, AHearts, 7Hearts, 6Hearts, 4Spades.
P2 HAND: KDiamonds, JDiamonds, QDiamonds, 2Diamonds, 6Clubs, 3Clubs, 2Clubs, KHearts, ASpades, 5Spades.
P3 HAND: 6Diamonds, QClubs, 5Hearts, 4Hearts, 3Hearts, 2Hearts, QSpades, 6Spades, 3Spades, 2Spades.
P1 ADiamonds P2 2Diamonds P3 6Diamonds P0 4Diamonds 
P1 AHearts P2 KHearts P3 5Hearts P0 QHearts 
P1 3Diamonds P2 QDiamonds P3 2Hearts P0 JHearts 
P2 2Clubs P3 QClubs P0 AClubs P1 4Clubs 
P0 JSpades P1 4Spades P2 5Spades P3 2Spades 
P0 JClubs P1 KClubs P2 3Clubs P3 4Hearts 
P1 5Diamonds P2 JDiamonds P3 3Hearts P0 7Clubs 
P2 6Clubs P3 3Spades P0 5Clubs P1 7Diamonds 
P3 6Spades P0 KSpades P1 6Hearts P2 ASpades 
P2 KDiamonds P3 QSpades P0 7Spades P1 7Hearts 
-- /GAME --
P0 HAND: JDiamonds, 3Diamonds, 7Clubs, 5Clubs, 3Clubs, 7Hearts, QHearts, ASpades, KSpades, 3Spades.
P1 HAND: KDiamonds, 6Diamonds, 5Diamonds, 2Diamonds, KClubs, QClubs, KHearts, 6Hearts, 5Spades, 4Spades.
P2 HAND: 7Diamonds, 4Diamonds, JClubs, 6Clubs, 4Clubs, JHearts, 3Hearts, 2Hearts, JSpades, QSpades.
P3 HAND: ADiamonds, QDiamonds, AClubs, 2Clubs, AHearts, 5Hearts, 4Hearts, 7Spades, 6Spades, 2Spades.
P0 ASpades P1 4Spades P2 JSpades P3 2Spades 
P0 3Spades P1 5Spades P2 QSpades P3 7Spades 
P3 AClubs P0 3Clubs P1 KClubs P2 4Clubs 
P3 AHearts P0 QHearts P1 KHearts P2 2Hearts 
P3 2Clubs P0 7Clubs P1 QClubs P2 JClubs 
P0 7Hearts P1 6Hearts P2 JHearts P3 4Hearts 
P0 KSpades P1 2Diamonds P2 3Hearts P3 6Spades 
P1 5Diamonds P2 4Diamonds P3 QDiamonds P0 JDiamonds 
P0 5Clubs P1 6Diamonds P2 6Clubs P3 5Hearts 
P1 KDiamonds P2 7Diamonds P3 ADiamonds P0 3Diamonds 
-- /GAME --
P0 HAND: KDiamonds, JDiamonds, 5Diamonds, 4Diamonds, JClubs, 3Clubs, 2Clubs, AHearts, 4Hearts, 7Spades.
P1 HAND: 6Diamonds, 7Clubs, KClubs, 7Hearts, 6Hearts, 2Hearts, ASpades, KSpades, QSpades, 5Spades.
P2 HAND: ADiamonds, 2Diamonds, QClubs, 6Clubs, 5Clubs, KHearts, QHearts, 5Hearts, 3Hearts, 6Spades.
P3 HAND: 7Diamonds, QDiamonds, 3Diamonds, AClubs, 4Clubs, JHearts, JSpades, 4Spades, 3Spades, 2Spades.
P3 2Spades P0 7Spades P1 ASpades P2 6Spades 
P1 2Hearts P2 3Hearts P3 JHearts P0 AHearts 
P0 4Hearts P1 6Hearts P2 5Hearts P3 7Diamonds 
P1 5Spades P2 2Diamonds P3 3Spades P0 5Diamonds 
P1 6Diamonds P2 ADiamonds P3 3Diamonds P0 KDiamonds 
P2 QHearts P3 4Spades P0 JDiamonds P1 7Hearts 
P1 QSpades P2 5Clubs P3 JSpades P0 4Diamonds 
P2 6Clubs P3 4Clubs P0 2Clubs P1 KClubs 
P1 7Clubs P2 QClubs P3 AClubs P0 3Clubs 
P3 QDiamonds P0 JClubs P1 KSpades P2 KHearts 
-- /GAME --
P0 HAND: QDiamonds, KClubs, JClubs, 6Clubs, 3Clubs, 7Hearts, 5Hearts, 7Spades, 6Spades, 5Spades.
P1 HAND: JDiamonds, 6Diamonds, AClubs, 7Clubs, JHearts, QHearts, 6Hearts, 2Hearts, KSpades, 4Spades.
P2 HAND: 7Diamonds, KDiamonds, 4Diamonds, 3Diamonds, 5Clubs, 4Clubs, KHearts, 4Hearts, JSpades, 3Spades.
P3 HAND: ADiamonds, 5Diamonds, 2Diamonds, QClubs, 2Clubs, AHearts, 3Hearts, ASpades, QSpades, 2Spades.
P2 3Spades P3 ASpades P0 5Spades P1 KSpades 
P3 AHearts P0 5Hearts P1 JHearts P2 4Hearts 
P3 2Clubs P0 6Clubs P1 AClubs P2 4Clubs 
P1 2Hearts P2 KHearts P3 3Hearts P0 7Hearts 
P0 7Spades P1 4Spades P2 JSpades P3 2Spades 
P0 QDiamonds P1 6Diamonds P2 3Diamonds P3 2Diamonds 
P0 6Spades P1 6Hearts P2 5Clubs P3 QSpades 
P3 QClubs P0 KClubs P1 7Clubs P2 4Diamonds 
P2 KDiamonds P3 5Diamonds P0 3Clubs P1 JDiamonds 
P2 7Diamonds P3 ADiamonds P0 JClubs P1 QHearts 
-- /GAME --
P0 HAND: JDiamonds, 6Diamonds, 4Diamonds, 3Diamonds, 7Clubs, JClubs, 5Clubs, 4Hearts, JSpades, QSpades.
P1 HAND: QDiamonds, 5Diamonds, 6Clubs, 4Clubs, 3Clubs, 2Clubs, 2Hearts, ASpades, 7Spades, 5Spades.
P2 HAND: 7Diamonds, KClubs, 7Hearts, KHearts, JHearts, QHearts, 6Hearts, 4Spades, 3Spades, 2Spades.
P3 HAND: ADiamonds, KDiamonds, 2Diamonds, AClubs, QClubs, AHearts, 5Hearts, 3Hearts, KSpades, 6Spades.
P3 ADiamonds P0 3Diamonds P1 QDiamonds P2 7Diamonds 
P3 AHearts P0 4Hearts P1 2Hearts P2 6Hearts 
P3 2Diamonds P0 JDiamonds P1 5Diamonds P2 7Hearts 
P0 QSpades P1 ASpades P2 2Spades P3 KSpades 
P1 5Spades P2 3Spades P3 6Spades P0 JSpades 
P0 6Diamonds P1 2Clubs P2 4Spades P3 KDiamonds 
P1 3Clubs P2 KClubs P3 QClubs P0 7Clubs 
P0 4Diamonds P1 4Clubs P2 QHearts P3 5Hearts 
P1 6Clubs P2 JHearts P3 AClubs P0 5Clubs 
P3 3Hearts P0 JClubs P1 7Spades P2 KHearts 
-- /GAME --
P0 HAND: 5Diamonds, 4Diamonds, 3Diamonds, 2Diamonds, AClubs, 4Clubs, 7Spades, KSpades, JSpades, 5Spades.
P1 HAND: ADiamonds, KDiamonds, QDiamonds, 6Diamonds, KClubs, QClubs, 2Clubs, 7Hearts, 2Hearts, ASpades.
P2 HAND: JDiamonds, 7Clubs, 6Clubs, 3Clubs, JHearts, 5Hearts, 3Hearts, QSpades, 6Spades, 2Spades.
P3 HAND: 7Diamonds, JClubs, 5Clubs, AHearts, KHearts, QHearts, 6Hearts, 4Hearts, 4Spades, 3Spades.
P2 2Spades P3 3Spades 
