-- GAME --
P0 HAND: ADiamonds, JDiamonds, 4Diamonds, JClubs, QClubs, 6Clubs, 3Hearts, KSpades, 6Spades, 2Spades.
P1 HAND: KDiamonds, KClubs, 5Clubs, 2Clubs, 7Hearts, QHearts, 4Hearts, 5Spades, 4Spades, 3Spades.
P2 HAND: 7Diamonds, QDiamonds, 5Diamonds, 2Diamonds, 7Clubs, JHearts, 6Hearts, 5Hearts, 2Hearts, JSpades.
P3 HAND: 6Diamonds, 3Diamonds, AClubs, 4Clubs, 3Clubs, AHearts, KHearts, ASpades, 7Spades, QSpades.
P3 AHearts P0 3Hearts P1 7Hearts P2 2Hearts 
P3 ASpades P0 2Spades P1 5Spades P2 JSpades 
P3 3Diamonds P0 ADiamonds P1 KDiamonds P2 7Diamonds 
P0 KSpades P1 3Spades P2 2Diamonds P3 7Spades 
P3 6Diamonds P0 JDiamonds P1 4Hearts P2 QDiamonds 
P0 6Spades P1 4Spades P2 5Diamonds P3 QSpades 
P3 3Clubs P0 6Clubs P1 2Clubs P2 7Clubs 
P2 5Hearts P3 KHearts P0 QClubs P1 QHearts 
P0 4Diamonds P1 5Clubs P2 6Hearts P3 4Clubs 
P1 KClubs P2 JHearts P3 AClubs P0 JClubs 
-- /GAME --
P0 HAND: KDiamonds, JDiamonds, 3Diamonds, 2Diamonds, KClubs, 7Hearts, 6Hearts, KSpades, JSpades, 6Spades.
P1 HAND: 6Diamonds, 4Diamonds, AClubs, 4Clubs, AHearts, 5Hearts, 4Hearts, 3Hearts, 2Hearts, 2Spades.
P2 HAND: 7Diamonds, 7Clubs, JClubs, QClubs, 6Clubs, 3Clubs, 2Clubs, KHearts, ASpades, QSpades.
P3 HAND: ADiamonds, QDiamonds, 5Diamonds, 5Clubs, JHearts, QHearts, 7Spades, 5Spades, 4Spades, 3Spades.
P2 2Clubs P3 5Clubs P0 KClubs P1 AClubs 
P1 2Hearts P2 KHearts P3 QHearts P0 7Hearts 
P0 3Diamonds P1 4Diamonds P2 7Diamonds P3 ADiamonds 
P3 5Diamonds P0 KDiamonds P1 6Diamonds P2 7Clubs 
P0 JDiamonds P1 3Hearts P2 JClubs P3 QDiamonds 
P0 2Diamonds P1 4Clubs P2 3Clubs P3 3Spades 
P3 JHearts P0 6Hearts P1 4Hearts P2 6Clubs 
P3 4Spades P0 KSpades P1 2Spades P2 QSpades 
P0 6Spades P1 5Hearts P2 ASpades P3 5Spades 
P2 QClubs P3 7Spades P0 JSpades P1 AHearts 
-- /GAME --
P0 HAND: QDiamonds, 6Diamonds, 2Diamonds, AClubs, 6Clubs, 5Clubs, 4Clubs, 2Clubs, 6Spades, 4Spades.
P1 HAND: 7Diamonds, KHearts, JHearts, 3Hearts, 2Hearts, 7Spades, JSpades, QSpades, 3Spades, 2Spades.
P2 HAND: ADiamonds, KDiamonds, JDiamonds, 4Diamonds, 3Diamonds, JClubs, AHearts, 7Hearts, ASpades, KSpades.
P3 HAND: 5Diamonds, 7Clubs, KClubs, QClubs, 3Clubs, QHearts, 6Hearts, 5Hearts, 4Hearts, 5Spades.
P1 2Hearts P2 AHearts P3 4Hearts P0 QDiamonds 
P0 AClubs P1 7Diamonds P2 JClubs P3 7Clubs 
P1 2Spades P2 ASpades P3 5Spades P0 6Spades 
P2 7Hearts P3 5Hearts P0 2Diamonds P1 3Hearts 
P0 6Clubs P1 3Spades P2 3Diamonds P3 3Clubs 
P2 4Diamonds P3 5Diamonds P0 6Diamonds P1 QSpades 
P0 4Spades P1 JSpades P2 KSpades P3 6Hearts 
P2 JDiamonds P3 QClubs P0 5Clubs P1 JHearts 
P2 KDiamonds P3 QHearts P0 4Clubs P1 KHearts 
P2 ADiamonds P3 KClubs P0 2Clubs P1 7Spades 
-- /GAME --
P0 HAND: QDiamonds, 4Diamonds, AClubs, 7Clubs, 2Clubs, 5Hearts, 2Hearts, ASpades, JSpades, 4Spades.
P1 HAND: KDiamonds, 5Diamonds, 6Clubs, 4Clubs, 7Hearts, KHearts, 7Spades, 6Spades, 5Spades, 3Spades.
P2 HAND: 7Diamonds, 2Diamonds, KClubs, JClubs, 3Clubs, QHearts, 6Hearts, 3Hearts, QSpades, 2Spades.
P3 HAND: ADiamonds, JDiamonds, 6Diamonds, 3Diamonds, QClubs, 5Clubs, AHearts, JHearts, 4Hearts, KSpades.
P0 ASpades P1 3Spades P2 QSpades P3 KSpades 
P0 QDiamonds P1 5Diamonds P2 2Diamonds P3 ADiamonds 
P3 AHearts P0 5Hearts P1 7Hearts P2 3Hearts 
P3 3Diamonds P0 4Diamonds P1 KDiamonds P2 7Diamonds 
P2 2Spades P3 4Hearts P0 JSpades P1 7Spades 
P1 5Spades P2 6Hearts P3 6Diamonds P0 4Spades 
P1 6Spades P2 QHearts P3 5Clubs P0 2Hearts 
P3 JDiamonds P0 7Clubs P1 KHearts P2 3Clubs 
P0 2Clubs P1 4Clubs P2 JClubs P3 QClubs 
P2 KClubs P3 JHearts P0 AClubs P1 6Clubs 
-- /GAME --
P0 HAND: 7Diamonds, QDiamonds, 6Diamonds, 3Diamonds, 5Clubs, 7Hearts, JHearts, ASpades, KSpades, JSpades.
P1 HAND: KDiamonds, 4Diamonds, 6Clubs, 3Clubs, AHearts, KHearts, 5Hearts, QSpades, 6Spades, 3Spades.
P2 HAND: JDiamonds, 5Diamonds, 2Diamonds, AClubs, KClubs, QClubs, QHearts, 6Hearts, 3Hearts, 2Spades.
P3 HAND: ADiamonds, 7Clubs, JClubs, 4Clubs, 2Clubs, 4Hearts, 2Hearts, 7Spades, 5Spades, 4Spades.
P3 ADiamonds P0 3Diamonds P1 KDiamonds P2 2Diamonds 
P3 2Clubs P0 5Clubs P1 3Clubs P2 AClubs 
P2 2Spades P3 4Spades P0 KSpades P1 3Spades 
P0 ASpades P1 6Spades P2 KClubs P3 5Spades 
P0 7Diamonds P1 4Diamonds P2 JDiamonds P3 2Hearts 
P3 4Clubs P0 6Diamonds P1 6Clubs P2 QClubs 
P2 5Diamonds P3 4Hearts P0 QDiamonds P1 QSpades 
P3 JClubs P0 JSpades P1 5Hearts P2 6Hearts 
P2 3Hearts P3 7Clubs P0 7Hearts P1 AHearts 
P1 KHearts P2 QHearts P3 7Spades P0 JHearts 
-- /GAME --
P0 HAND: KDiamonds, 4Diamonds, KHearts, 4Hearts, 2Hearts, ASpades, QSpades, 6Spades, 5Spades, 4Spades.
P1 HAND: QDiamonds, 2Diamonds, AClubs, 3Clubs, AHearts, JHearts, QHearts, 5Hearts, 3Hearts, 3Spades.
P2 HAND: ADiamonds, 7Diamonds, JDiamonds, 6Diamonds, 3Diamonds, JClubs, QClubs, 5Clubs, 7Hearts, KSpades.
P3 HAND: 5Diamonds, 7Clubs, KClubs, 6Clubs, 4Clubs, 2Clubs, 6Hearts, 7Spades, JSpades, 2Spades.
P2 3Diamonds P3 5Diamonds P0 4Diamonds P1 QDiamonds 
P1 AClubs P2 5Clubs P3 7Clubs P0 ASpades 
P0 4Hearts P1 AHearts P2 7Hearts P3 6Hearts 
P1 2Diamonds P2 6Diamonds P3 2Clubs P0 KDiamonds 
P0 KHearts P1 3Hearts P2 ADiamonds P3 2Spades 
P3 4Clubs P0 2Hearts P1 3Clubs P2 JClubs 
P2 QClubs P3 6Clubs P0 QSpades P1 5Hearts 
P0 4Spades P1 3Spades P2 KSpades P3 JSpades 
P2 JDiamonds P3 7Spades P0 5Spades P1 JHearts 
P3 KClubs P0 6Spades P1 QHearts P2 7Diamonds 
-- /GAME --
P0 HAND: ADiamonds, 7Clubs, QClubs, 3Clubs, 2Clubs, 7Hearts, 5Hearts, 4Hearts, ASpades, KSpades.
P1 HAND: KDiamonds, 6Diamonds, 5Diamonds, 2Diamonds, KClubs, 6Clubs, KHearts, 2Hearts, 7Spades, 5Spades.
P2 HAND: QDiamonds, 4Diamonds, AClubs, JClubs, 5Clubs, 4Clubs, AHearts, QHearts, QSpades, 3Spades.
P3 HAND: 7Diamonds, JDiamonds, 3Diamonds, JHearts, 6Hearts, 3Hearts, JSpades, 6Spades, 4Spades, 2Spades.
P1 2Diamonds P2 4Diamonds P3 3Diamonds P0 ADiamonds 
P0 7Clubs P1 6Clubs P2 AClubs P3 3Hearts 
P3 2Spades P0 ASpades P1 5Spades P2 QSpades 
P0 KSpades P1 7Spades P2 3Spades P3 JSpades 
P1 5Diamonds P2 QDiamonds 
