-- GAME --
P0 HAND: KDiamonds, 4Diamonds, KClubs, QHearts, ASpades, KSpades, JSpades, QSpades, 6Spades, 3Spades.
P1 HAND: ADiamonds, 5Diamonds, AClubs, JClubs, QClubs, 6Clubs, 4Clubs, AHearts, 6Hearts, 3Hearts.
P2 HAND: 7Diamonds, JDiamonds, QDiamonds, 2Clubs, 7Hearts, JHearts, 2Hearts, 7Spades, 5Spades, 2Spades.
P3 HAND: 6Diamonds, 3Diamonds, 2Diamonds, 7Clubs, 5Clubs, 3Clubs, KHearts, 5Hearts, 4Hearts, 4Spades.
P2 2Clubs P3 3Clubs P0 KClubs P1 AClubs 
P1 ADiamonds P2 QDiamonds P3 6Diamonds P0 4Diamonds 
P1 4Clubs P2 2Spades P3 7Clubs P0 QHearts 
P0 KDiamonds P1 5Diamonds P2 7Diamonds P3 2Diamonds 
P2 5Spades P3 4Spades P0 ASpades P1 3Hearts 
P1 6Clubs P2 2Hearts P3 5Clubs P0 KSpades 
P2 JDiamonds P3 3Diamonds P0 3Spades P1 QClubs 
P2 JHearts P3 4Hearts P0 6Spades P1 6Hearts 
P2 7Hearts P3 5Hearts P0 JSpades P1 AHearts 
P1 JClubs P2 7Spades P3 KHearts P0 QSpades 
-- /GAME --
P0 HAND: ADiamonds, 3Diamonds, AClubs, 7Clubs, QClubs, 3Clubs, 7Hearts, JHearts, 4Hearts, 2Hearts.
P1 HAND: 7Diamonds, 5Diamonds, 2Diamonds, 2Clubs, ASpades, 7Spades, KSpades, JSpades, QSpades, 4Spades.
P2 HAND: JDiamonds, 6Diamonds, KClubs, JClubs, KHearts, QHearts, 6Hearts, 5Spades, 3Spades, 2Spades.
P3 HAND: KDiamonds, QDiamonds, 4Diamonds, 6Clubs, 5Clubs, 4Clubs, AHearts, 5Hearts, 3Hearts, 6Spades.
P1 2Clubs P2 JClubs P3 4Clubs P0 AClubs 
P0 7Clubs P1 2Diamonds P2 KClubs P3 6Clubs 
P1 4Spades P2 2Spades P3 6Spades P0 3Clubs 
P3 AHearts P0 2Hearts P1 ASpades P2 6Hearts 
P3 3Hearts P0 4Hearts P1 QSpades P2 KHearts 
P2 3Spades P3 5Clubs P0 QClubs P1 7Spades 
P1 JSpades P2 5Spades P3 5Hearts P0 3Diamonds 
P0 JHearts P1 5Diamonds P2 QHearts P3 4Diamonds 
P1 7Diamonds P2 6Diamonds P3 QDiamonds P0 ADiamonds 
P0 7Hearts P1 KSpades P2 JDiamonds P3 KDiamonds 
-- /GAME --
P0 HAND: JDiamonds, 5Diamonds, 7Clubs, 3Clubs, AHearts, JHearts, 6Hearts, 3Hearts, 7Spades, KSpades.
P1 HAND: KDiamonds, QDiamonds, 6Diamonds, JClubs, 5Clubs, KHearts, QHearts, ASpades, QSpades, 6Spades.
P2 HAND: 7Diamonds, 3Diamonds, 2Diamonds, AClubs, KClubs, 6Clubs, 4Clubs, 7Hearts, 2Hearts, 3Spades.
P3 HAND: ADiamonds, 4Diamonds, QClubs, 2Clubs, 5Hearts, 4Hearts, JSpades, 5Spades, 4Spades, 2Spades.
P0 AHearts P1 QHearts P2 7Hearts P3 4Hearts 
P0 3Hearts P1 KHearts P2 2Hearts P3 5Hearts 
P1 ASpades P2 3Spades P3 JSpades P0 KSpades 
P1 5Clubs P2 AClubs P3 2Clubs P0 7Clubs 
P2 4Clubs P3 QClubs P0 3Clubs P1 JClubs 
P1 6Spades P2 6Clubs P3 2Spades P0 7Spades 
P0 JHearts P1 QSpades P2 2Diamonds P3 4Diamonds 
P3 4Spades P0 JDiamonds P1 6Diamonds P2 KClubs 
P0 6Hearts P1 QDiamonds P2 3Diamonds P3 5Spades 
P1 KDiamonds P2 7Diamonds P3 ADiamonds P0 5Diamonds 
-- /GAME --
P0 HAND: JDiamonds, 6Diamonds, 2Diamonds, 7Hearts, QHearts, 6Hearts, 3Hearts, QSpades, 6Spades, 2Spades.
P1 HAND: 7Diamonds, 5Diamonds, KClubs, QClubs, 5Clubs, 3Clubs, AHearts, ASpades, KSpades, 4Spades.
P2 HAND: ADiamonds, 3Diamonds, AClubs, 6Clubs, 4Clubs, 5Hearts, 4Hearts, 7Spades, 5Spades, 3Spades.
P3 HAND: KDiamonds, QDiamonds, 4Diamonds, 7Clubs, JClubs, 2Clubs, KHearts, JHearts, 2Hearts, JSpades.
P3 2Hearts P0 3Hearts P1 AHearts 
