-- GAME --
-- /GAME --
P0 HAND: 7Diamonds, KDiamonds, JDiamonds, 4Diamonds, 7Clubs, QClubs, 5Clubs, QHearts, 3Hearts, 5Spades.
P1 HAND: ADiamonds, AClubs, KClubs, 7Hearts, JHearts, JSpades, 6Spades, 4Spades, 3Spades, 2Spades.
P2 HAND: QDiamonds, 6Clubs, 2Clubs, AHearts, 6Hearts, 5Hearts, 4Hearts, 2Hearts, KSpades, QSpades.
P3 HAND: 6Diamonds, 5Diamonds, 3Diamonds, 2Diamonds, JClubs, 4Clubs, 3Clubs, KHearts, ASpades, 7Spades.
P0 5Spades P1 2Spades P2 QSpades P3 ASpades 
P3 3Clubs P0 7Clubs P1 AClubs P2 2Clubs 
P1 3Spades P2 KSpades P3 7Spades P0 7Diamonds 
P0 QHearts P1 JHearts P2 AHearts P3 KHearts 
P2 2Hearts P3 4Clubs P0 3Hearts P1 7Hearts 
P1 4Spades P2 4Hearts P3 2Diamonds P0 JDiamonds 
P0 5Clubs P1 KClubs P2 6Clubs P3 JClubs 
P1 6Spades P2 5Hearts P3 3Diamonds P0 KDiamonds 
P0 QClubs P1 ADiamonds P2 6Hearts P3 5Diamonds 
P1 JSpades P2 QDiamonds P3 6Diamonds P0 4Diamonds 
-- /GAME --
P0 HAND: 7Diamonds, 5Diamonds, KClubs, 4Clubs, KHearts, 5Hearts, 4Hearts, KSpades, QSpades, 4Spades.
P1 HAND: KDiamonds, 2Diamonds, AClubs, QClubs, 6Clubs, AHearts, QHearts, 7Spades, JSpades, 3Spades.
P2 HAND: 4Diamonds, 3Diamonds, 7Clubs, JClubs, 5Clubs, 3Clubs, 2Clubs, 6Hearts, 3Hearts, 6Spades.
P3 HAND: ADiamonds, JDiamonds, QDiamonds, 6Diamonds, 7Hearts, JHearts, 2Hearts, ASpades, 5Spades, 2Spades.
P3 ADiamonds P0 5Diamonds P1 KDiamonds P2 3Diamonds 
P3 ASpades P0 4Spades P1 7Spades P2 6Spades 
P3 2Spades P0 KSpades P1 3Spades P2 7Clubs 
P0 7Diamonds P1 2Diamonds P2 4Diamonds P3 6Diamonds 
P0 QSpades P1 JSpades P2 3Hearts P3 5Spades 
P2 2Clubs P3 QDiamonds P0 KClubs P1 AClubs 
P1 6Clubs P2 3Clubs P3 2Hearts P0 4Clubs 
P3 JDiamonds P0 KHearts P1 AHearts P2 5Clubs 
P1 QClubs P2 JClubs P3 JHearts P0 4Hearts 
P3 7Hearts P0 5Hearts P1 QHearts P2 6Hearts 
-- /GAME --
P0 HAND: 7Diamonds, 6Diamonds, 7Clubs, KClubs, QClubs, 6Clubs, 4Clubs, 7Hearts, 6Spades, 2Spades.
P1 HAND: KDiamonds, 5Diamonds, 5Clubs, KHearts, JHearts, QHearts, 4Hearts, 3Hearts, 2Hearts, KSpades.
P2 HAND: JDiamonds, 4Diamonds, AClubs, JClubs, 3Clubs, AHearts, ASpades, 7Spades, 5Spades, 3Spades.
P3 HAND: ADiamonds, QDiamonds, 3Diamonds, 2Diamonds, 2Clubs, 6Hearts, 5Hearts, JSpades, QSpades, 4Spades.
P1 2Hearts P2 AHearts P3 5Hearts P0 7Hearts 
P2 AClubs P3 2Clubs P0 7Clubs P1 5Clubs 
P2 3Clubs P3 2Diamonds P0 4Clubs P1 3Hearts 
P0 6Diamonds P1 5Diamonds P2 4Diamonds P3 ADiamonds 
P3 3Diamonds P0 7Diamonds P1 KDiamonds P2 JDiamonds 
P0 6Clubs P1 4Hearts P2 JClubs P3 6Hearts 
P2 3Spades P3 4Spades P0 6Spades P1 KSpades 
P1 QHearts P2 5Spades P3 QDiamonds P0 KClubs 
P2 7Spades P3 QSpades P0 2Spades P1 JHearts 
P2 ASpades P3 JSpades P0 QClubs P1 KHearts 
-- /GAME --
P0 HAND: 7Diamonds, JDiamonds, 4Diamonds, 2Diamonds, KClubs, QClubs, 4Clubs, 2Clubs, 6Spades, 5Spades.
P1 HAND: KDiamonds, JClubs, 5Clubs, 3Clubs, KHearts, 5Hearts, 2Hearts, 7Spades, JSpades, 2Spades.
P2 HAND: ADiamonds, QDiamonds, 5Diamonds, 3Diamonds, 6Clubs, AHearts, 7Hearts, ASpades, QSpades, 4Spades.
P3 HAND: 6Diamonds, AClubs, 7Clubs, JHearts, QHearts, 6Hearts, 4Hearts, 3Hearts, KSpades, 3Spades.
P0 KClubs P1 3Clubs P2 6Clubs P3 AClubs 
P3 3Spades P0 5Spades P1 2Spades P2 ASpades 
P2 ADiamonds P3 6Diamonds P0 2Diamonds P1 KDiamonds 
P2 3Diamonds P3 3Hearts 
