-- GAME --
P0 HAND: 4Diamonds, JClubs, 6Clubs, 3Clubs, 5Hearts, JSpades, QSpades, 6Spades, 4Spades, 3Spades.
P1 HAND: ADiamonds, 3Diamonds, 7Clubs, QClubs, 2Clubs, 7Hearts, QHearts, 4Hearts, ASpades, KSpades.
P2 HAND: KDiamonds, 6Diamonds, 5Diamonds, AClubs, KClubs, 5Clubs, 3Hearts, 7Spades, 5Spades, 2Spades.
P3 HAND: 7Diamonds, JDiamonds, QDiamonds, 2Diamonds, 4Clubs, AHearts, KHearts, JHearts, 6Hearts, 2Hearts.
P2 AClubs P3 4Clubs P0 JClubs P1 2Clubs 
P2 3Hearts P3 AHearts P0 5Hearts P1 7Hearts 
P3 2Diamonds P0 4Diamonds P1 ADiamonds P2 5Diamonds 
P1 3Diamonds P2 6Diamonds P3 QDiamonds P0 3Clubs 
P3 2Hearts P0 JSpades P1 4Hearts P2 KDiamonds 
P0 3Spades P1 KSpades P2 2Spades P3 7Diamonds 
P1 QClubs P2 5Clubs P3 6Hearts P0 6Clubs 
P1 QHearts P2 5Spades P3 JHearts P0 QSpades 
P0 4Spades P1 ASpades P2 7Spades P3 KHearts 
P1 7Clubs P2 KClubs P3 JDiamonds P0 6Spades 
-- /GAME --
P0 HAND: 6Diamonds, KClubs, JClubs, QClubs, 4Clubs, 7Hearts, 4Hearts, JSpades, 6Spades, 3Spades.
P1 HAND: ADiamonds, KDiamonds, 7Clubs, 6Clubs, JHearts, QHearts, 2Hearts, 7Spades, 4Spades, 2Spades.
P2 HAND: 5Diamonds, 4Diamonds, 3Diamonds, 2Diamonds, 5Clubs, 2Clubs, KHearts, 6Hearts, 3Hearts, KSpades.
P3 HAND: 7Diamonds, JDiamonds, QDiamonds, AClubs, 3Clubs, AHearts, 5Hearts, ASpades, QSpades, 5Spades.
P1 ADiamonds P2 2Diamonds P3 7Diamonds P0 6Diamonds 
P1 2Hearts P2 3Hearts P3 AHearts P0 4Hearts 
P3 ASpades P0 3Spades P1 7Spades P2 KSpades 
P3 5Hearts P0 7Hearts P1 QHearts P2 KHearts 
P0 6Spades P1 2Spades P2 3Diamonds P3 QSpades 
P3 5Spades P0 JSpades P1 4Spades P2 6Hearts 
P0 QClubs P1 6Clubs P2 2Clubs P3 3Clubs 
P0 4Clubs P1 7Clubs P2 5Clubs P3 AClubs 
P3 QDiamonds P0 JClubs P1 KDiamonds P2 5Diamonds 
P0 KClubs P1 JHearts P2 4Diamonds P3 JDiamonds 
-- /GAME --
P0 HAND: ADiamonds, 7Diamonds, KDiamonds, 3Diamonds, 2Diamonds, QClubs, AHearts, 7Spades, 3Spades, 2Spades.
P1 HAND: JDiamonds, KClubs, JClubs, 5Clubs, 3Clubs, QHearts, 6Hearts, 4Hearts, 2Hearts, 5Spades.
P2 HAND: 6Diamonds, 5Diamonds, AClubs, 6Clubs, 2Clubs, 7Hearts, KHearts, JSpades, QSpades, 6Spades.
P3 HAND: QDiamonds, 4Diamonds, 7Clubs, 4Clubs, JHearts, 5Hearts, 3Hearts, ASpades, KSpades, 4Spades.
P0 ADiamonds P1 JDiamonds P2 6Diamonds P3 4Diamonds 
P0 QClubs P1 3Clubs P2 AClubs P3 4Clubs 
P2 2Clubs P3 7Clubs P0 AHearts P1 5Clubs 
P0 KDiamonds P1 5Spades P2 5Diamonds P3 QDiamonds 
P0 2Diamonds P1 2Hearts P2 6Clubs P3 ASpades 
P1 JClubs P2 6Spades P3 4Spades P0 2Spades 
P1 4Hearts P2 KHearts P3 3Hearts P0 7Diamonds 
P2 QSpades P3 KSpades P0 7Spades P1 6Hearts 
P1 QHearts P2 7Hearts P3 5Hearts P0 3Spades 
P2 JSpades P3 JHearts P0 3Diamonds P1 KClubs 
-- /GAME --
P0 HAND: JDiamonds, 6Diamonds, 3Diamonds, 6Clubs, 3Clubs, 2Clubs, KHearts, 6Spades, 5Spades, 3Spades.
P1 HAND: ADiamonds, 5Diamonds, 4Diamonds, 2Diamonds, JClubs, 5Clubs, JHearts, QHearts, 6Hearts, 4Spades.
P2 HAND: KDiamonds, 7Clubs, QClubs, 4Clubs, 7Hearts, 4Hearts, ASpades, 7Spades, JSpades, QSpades.
P3 HAND: 7Diamonds, QDiamonds, AClubs, KClubs, AHearts, 5Hearts, 3Hearts, 2Hearts, KSpades, 2Spades.
P3 AClubs P0 2Clubs P1 JClubs P2 4Clubs 
P3 AHearts P0 KHearts P1 JHearts P2 4Hearts 
P3 2Hearts P0 3Clubs P1 6Hearts P2 7Hearts 
P2 QClubs P3 KClubs P0 6Clubs P1 5Clubs 
P3 3Hearts P0 3Diamonds P1 QHearts P2 QSpades 
P2 JSpades P3 2Spades P0 3Spades P1 4Spades 
P2 7Spades P3 KSpades P0 5Spades P1 2Diamonds 
P2 ASpades P3 5Hearts P0 6Spades P1 4Diamonds 
P2 KDiamonds P3 QDiamonds P0 6Diamonds P1 ADiamonds 
P1 5Diamonds P2 7Clubs P3 7Diamonds P0 JDiamonds 
-- /GAME --
P0 HAND: ADiamonds, 7Diamonds, 4Clubs, AHearts, JHearts, 3Hearts, 2Hearts, KSpades, 6Spades, 2Spades.
P1 HAND: 6Diamonds, 2Diamonds, AClubs, 7Clubs, JClubs, 3Clubs, 2Clubs, KHearts, QHearts, ASpades.
P2 HAND: JDiamonds, 4Diamonds, 3Diamonds, KClubs, 6Clubs, 6Hearts, 5Hearts, 4Hearts, 7Spades, 3Spades.
P3 HAND: KDiamonds, QDiamonds, 5Diamonds, QClubs, 5Clubs, 7Hearts, JSpades, QSpades, 5Spades, 4Spades.
P2 3Diamonds P3 5Diamonds P0 ADiamonds P1 2Diamonds 
P0 4Clubs P1 AClubs P2 6Clubs P3 QClubs 
P1 ASpades P2 3Spades P3 JSpades P0 2Spades 
P1 2Clubs P2 KClubs P3 5Clubs P0 7Diamonds 
P2 4Diamonds P3 QDiamonds P0 6Spades P1 6Diamonds 
P3 4Spades P0 KSpades P1 3Clubs P2 7Spades 
P2 JDiamonds P3 KDiamonds P0 2Hearts P1 QHearts 
P1 JClubs P2 4Hearts P3 5Spades P0 3Hearts 
P2 5Hearts P3 7Hearts P0 AHearts P1 KHearts 
P0 JHearts P1 7Clubs P2 6Hearts P3 QSpades 
-- /GAME --
P0 HAND: ADiamonds, JDiamonds, 5Diamonds, 4Clubs, 3Clubs, 2Clubs, KHearts, JSpades, QSpades, 6Spades.
P1 HAND: 7Diamonds, 3Diamonds, KClubs, QClubs, 5Clubs, 4Hearts, ASpades, 7Spades, KSpades, 2Spades.
P2 HAND: KDiamonds, 4Diamonds, AClubs, JClubs, 6Clubs, JHearts, 5Hearts, 2Hearts, 5Spades, 3Spades.
P3 HAND: QDiamonds, 6Diamonds, 2Diamonds, 7Clubs, AHearts, 7Hearts, QHearts, 6Hearts, 3Hearts, 4Spades.
P1 ASpades P2 3Spades P3 4Spades P0 6Spades 
P1 2Spades P2 5Spades P3 2Diamonds P0 JSpades 
P0 ADiamonds P1 3Diamonds P2 KDiamonds P3 6Diamonds 
P0 QSpades P1 KSpades P2 6Clubs P3 7Clubs 
P3 3Hearts P0 KHearts P1 4Hearts P2 JHearts 
P0 5Diamonds P1 7Diamonds P2 4Diamonds P3 QDiamonds 
P1 5Clubs P2 JClubs P3 6Hearts P0 2Clubs 
P2 2Hearts P3 QHearts P0 3Clubs P1 QClubs 
P1 KClubs P2 AClubs P3 7Hearts P0 4Clubs 
P2 5Hearts P3 AHearts P0 JDiamonds P1 7Spades 
-- /GAME --
P0 HAND: ADiamonds, JDiamonds, AClubs, 7Clubs, QClubs, 5Clubs, 3Clubs, 2Clubs, 2Hearts, 4Spades.
P1 HAND: 6Diamonds, 4Diamonds, 2Diamonds, KClubs, 6Clubs, 6Hearts, 3Hearts, 7Spades, JSpades, 3Spades.
P2 HAND: QDiamonds, 5Diamonds, AHearts, 7Hearts, KHearts, ASpades, QSpades, 6Spades, 5Spades, 2Spades.
P3 HAND: 7Diamonds, KDiamonds, 3Diamonds, JClubs, 4Clubs, JHearts, QHearts, 5Hearts, 4Hearts, KSpades.
P2 AHearts P3 4Hearts P0 2Hearts P1 3Hearts 
P2 5Diamonds P3 3Diamonds P0 ADiamonds P1 2Diamonds 
P0 AClubs P1 6Clubs P2 7Hearts P3 4Clubs 
P0 JDiamonds P1 4Diamonds P2 QDiamonds P3 7Diamonds 
P3 5Hearts P0 2Clubs P1 6Hearts P2 KHearts 
P2 2Spades P3 KSpades P0 4Spades P1 3Spades 
P3 QHearts P0 3Clubs P1 6Diamonds P2 5Spades 
P2 6Spades P3 JClubs 
