-- GAME --
P0 HAND: ADiamonds, 6Diamonds, 5Diamonds, AClubs, AHearts, JHearts, 4Hearts, 7Spades, KSpades, 2Spades.
P1 HAND: KDiamonds, JDiamonds, QDiamonds, 4Diamonds, QClubs, 5Clubs, 7Hearts, 6Hearts, QSpades, 3Spades.
P2 HAND: 7Clubs, JClubs, 4Clubs, 2Clubs, 5Hearts, 2Hearts, ASpades, JSpades, 6Spades, 5Spades.
P3 HAND: 7Diamonds, 3Diamonds, 2Diamonds, KClubs, 6Clubs, 3Clubs, KHearts, QHearts, 3Hearts, 4Spades.
P0 ADiamonds P1 4Diamonds P2 ASpades P3 2Diamonds 
P0 AClubs P1 5Clubs P2 7Clubs P3 3Clubs 
P0 7Spades P1 3Spades P2 JSpades P3 4Spades 
P0 KSpades P1 QSpades P2 5Spades P3 3Hearts 
P3 3Diamonds P0 6Diamonds P1 QDiamonds P2 2Clubs 
P1 QClubs P2 4Clubs P3 6Clubs P0 4Hearts 
P0 2Spades P1 6Hearts P2 6Spades P3 7Diamonds 
P1 JDiamonds P2 2Hearts P3 QHearts P0 5Diamonds 
P3 KHearts P0 AHearts P1 7Hearts P2 5Hearts 
P0 JHearts P1 KDiamonds P2 JClubs P3 KClubs 
-- /GAME --
P0 HAND: JDiamonds, AClubs, KClubs, 6Clubs, 4Clubs, 4Hearts, 2Hearts, KSpades, 6Spades, 2Spades.
P1 HAND: 7Diamonds, 5Diamonds, 3Diamonds, 2Diamonds, QClubs, 2Clubs, 3Hearts, 7Spades, JSpades, QSpades.
P2 HAND: KDiamonds, 6Diamonds, JClubs, 5Clubs, 3Clubs, QHearts, 6Hearts, 5Hearts, ASpades, 3Spades.
P3 HAND: ADiamonds, QDiamonds, 4Diamonds, 7Clubs, AHearts, 7Hearts, KHearts, JHearts, 5Spades, 4Spades.
P3 ADiamonds P0 JDiamonds P1 7Diamonds P2 6Diamonds 
P3 AHearts P0 4Hearts P1 3Hearts P2 5Hearts 
P3 4Diamonds P0 4Clubs P1 2Diamonds P2 KDiamonds 
P0 2Hearts P1 3Diamonds P2 6Hearts P3 7Hearts 
P3 4Spades P0 KSpades P1 QSpades P2 ASpades 
P2 3Spades P3 5Spades P0 6Spades P1 7Spades 
P1 5Diamonds P2 QHearts P3 QDiamonds P0 6Clubs 
P0 2Spades P1 JSpades P2 3Clubs P3 7Clubs 
P3 JHearts P0 KClubs P1 2Clubs P2 5Clubs 
P0 AClubs P1 QClubs P2 JClubs P3 KHearts 
-- /GAME --
P0 HAND: 7Diamonds, JDiamonds, AClubs, 7Clubs, KClubs, JClubs, 6Clubs, 4Clubs, 7Hearts, 2Hearts.
P1 HAND: KDiamonds, 5Diamonds, 3Diamonds, 3Clubs, 2Clubs, AHearts, 5Hearts, 3Hearts, 7Spades, 6Spades.
P2 HAND: ADiamonds, QClubs, 5Clubs, JHearts, ASpades, KSpades, JSpades, 5Spades, 4Spades, 3Spades.
P3 HAND: QDiamonds, 6Diamonds, 4Diamonds, 2Diamonds, KHearts, QHearts, 6Hearts, 4Hearts, QSpades, 2Spades.
P2 3Spades P3 2Spades P0 JDiamonds P1 6Spades 
P0 AClubs P1 2Clubs P2 QClubs P3 2Diamonds 
P3 4Hearts P0 2Hearts P1 AHearts P2 JHearts 
P1 3Clubs P2 5Clubs P3 6Hearts P0 7Clubs 
P0 7Hearts P1 3Hearts P2 ASpades P3 QHearts 
P0 4Clubs P1 5Hearts P2 4Spades P3 QSpades 
P0 6Clubs P1 3Diamonds P2 5Spades P3 KHearts 
P1 5Diamonds P2 ADiamonds P3 4Diamonds P0 7Diamonds 
P2 JSpades P3 6Diamonds P0 JClubs P1 7Spades 
P3 QDiamonds P0 KClubs P1 KDiamonds P2 KSpades 
-- /GAME --
P0 HAND: 7Diamonds, KDiamonds, AClubs, KClubs, QClubs, 2Clubs, 4Hearts, ASpades, 4Spades, 3Spades.
P1 HAND: QDiamonds, 6Diamonds, 5Diamonds, 2Diamonds, 6Clubs, 3Clubs, KHearts, 5Hearts, 3Hearts, 2Hearts.
P2 HAND: ADiamonds, 4Diamonds, JClubs, 5Clubs, 4Clubs, 7Hearts, JHearts, KSpades, JSpades, 6Spades.
P3 HAND: JDiamonds, 3Diamonds, 7Clubs, AHearts, QHearts, 6Hearts, 7Spades, QSpades, 5Spades, 2Spades.
P1 2Diamonds P2 ADiamonds P3 3Diamonds P0 7Diamonds 
P2 4Diamonds P3 JDiamonds P0 KDiamonds P1 5Diamonds 

