-- GAME --
P3 ASpades P0 3Spades 
P3 KDiamonds P0 6Spades P1 7Hearts P2 QSpades 
-- /GAME --
P0 HAND: ADiamonds, 7Diamonds, 6Diamonds, KClubs, QClubs, 2Clubs, JHearts, 5Hearts, 4Hearts, 6Spades.
P1 HAND: KDiamonds, 5Diamonds, 4Diamonds, 7Clubs, JClubs, 5Clubs, 4Clubs, ASpades, QSpades, 2Spades.
P2 HAND: JDiamonds, 2Diamonds, 6Clubs, 3Clubs, AHearts, 6Hearts, 3Hearts, 2Hearts, 7Spades, 4Spades.
P3 HAND: QDiamonds, 3Diamonds, AClubs, 7Hearts, KHearts, QHearts, KSpades, JSpades, 5Spades, 3Spades.
P1 ASpades P2 4Spades P3 KSpades P0 6Spades 
P1 2Spades P2 7Spades P3 3Spades P0 KClubs 
P2 AHearts P3 QHearts P0 JHearts P1 4Diamonds 
P1 4Clubs P2 3Clubs P3 AClubs P0 2Clubs 
P3 5Spades P0 4Hearts P1 QSpades P2 2Hearts 
P1 5Clubs P2 6Clubs P3 3Diamonds P0 QClubs 
P3 JSpades P0 5Hearts P1 5Diamonds P2 3Hearts 
P1 JClubs P2 6Hearts P3 QDiamonds P0 7Diamonds 
P0 6Diamonds P1 KDiamonds P2 2Diamonds P3 7Hearts 
P1 7Clubs P2 JDiamonds P3 KHearts P0 ADiamonds 
-- /GAME --
P0 HAND: 4Diamonds, 3Diamonds, KClubs, JClubs, 6Clubs, 4Clubs, QHearts, 5Hearts, KSpades, 6Spades.
P1 HAND: AClubs, 7Clubs, QClubs, 2Clubs, 3Hearts, 7Spades, QSpades, 5Spades, 4Spades, 2Spades.
P2 HAND: 7Diamonds, 5Diamonds, 5Clubs, 3Clubs, 7Hearts, JHearts, 6Hearts, ASpades, JSpades, 3Spades.
P3 HAND: ADiamonds, KDiamonds, JDiamonds, QDiamonds, 6Diamonds, 2Diamonds, AHearts, KHearts, 4Hearts, 2Hearts.
P0 6Spades P1 2Spades P2 ASpades P3 2Diamonds 
P3 AHearts 
