-- GAME --
P0 HAND: JDiamonds, QDiamonds, JHearts, QHearts, 4Hearts, 3Hearts, KSpades, QSpades, 4Spades, 2Spades.
P1 HAND: ADiamonds, 7Diamonds, KDiamonds, 5Diamonds, QClubs, 6Hearts, 5Hearts, 2Hearts, ASpades, 6Spades.
P2 HAND: 6Diamonds, 7Clubs, KClubs, JClubs, 6Clubs, 4Clubs, 7Hearts, KHearts, 5Spades, 3Spades.
P3 HAND: 4Diamonds, 3Diamonds, 2Diamonds, AClubs, 5Clubs, 3Clubs, 2Clubs, AHearts, 7Spades, JSpades.
P3 AClubs P0 3Hearts P1 QClubs P2 7Clubs 
P0 QDiamonds P1 ADiamonds P2 6Diamonds P3 4Diamonds 
P1 ASpades P2 3Spades P3 7Spades P0 2Spades 
P1 5Diamonds P2 4Clubs P3 2Diamonds P0 JDiamonds 
P0 KSpades P1 6Spades P2 5Spades P3 JSpades 
P0 4Hearts P1 2Hearts P2 KHearts P3 AHearts 
P3 2Clubs P0 QHearts P1 5Hearts P2 KClubs 
P0 QSpades P1 6Hearts P2 6Clubs P3 5Clubs 
P1 KDiamonds P2 7Hearts P3 3Diamonds P0 4Spades 
P2 JClubs P3 3Clubs P0 JHearts P1 7Diamonds 
-- /GAME --
P0 HAND: ADiamonds, 5Diamonds, 3Diamonds, AClubs, JClubs, 5Clubs, 4Clubs, 7Hearts, QSpades, 2Spades.
P1 HAND: 7Diamonds, KDiamonds, JDiamonds, 6Diamonds, 2Diamonds, KClubs, JHearts, QHearts, 6Spades, 3Spades.
P2 HAND: QDiamonds, 7Clubs, AHearts, KHearts, 6Hearts, 5Hearts, 3Hearts, 2Hearts, KSpades, JSpades.
P3 HAND: 4Diamonds, QClubs, 6Clubs, 3Clubs, 2Clubs, 4Hearts, ASpades, 7Spades, 5Spades, 4Spades.
P2 2Hearts P3 4Hearts P0 7Hearts P1 QHearts 
P0 ADiamonds P1 2Diamonds P2 QDiamonds P3 4Diamonds 
P0 AClubs P1 KClubs P2 7Clubs P3 2Clubs 
P0 5Diamonds P1 6Diamonds P2 3Hearts P3 QClubs 
P1 JDiamonds P2 5Hearts P3 3Clubs P0 3Diamonds 
P1 JHearts P2 6Hearts P3 6Clubs P0 2Spades 
P0 4Clubs P1 3Spades P2 JSpades P3 4Spades 
P2 KSpades P3 5Spades P0 QSpades P1 6Spades 
P2 KHearts P3 7Spades P0 5Clubs P1 7Diamonds 
P3 ASpades P0 JClubs P1 KDiamonds P2 AHearts 
-- /GAME --

