-- GAME --
P0 HAND: QDiamonds, AClubs, 5Clubs, 4Clubs, 2Clubs, AHearts, KHearts, 6Hearts, 2Hearts, ASpades.
P1 HAND: ADiamonds, 5Diamonds, 7Clubs, KClubs, JClubs, QClubs, 6Clubs, QHearts, 5Hearts, QSpades.
P2 HAND: JDiamonds, 6Diamonds, 3Diamonds, 2Diamonds, 4Hearts, KSpades, JSpades, 6Spades, 3Spades, 2Spades.
P3 HAND: 7Diamonds, KDiamonds, 4Diamonds, 3Clubs, 7Hearts, JHearts, 3Hearts, 7Spades, 5Spades, 4Spades.
P2 2Spades P3 4Spades P0 ASpades P1 QSpades 
P0 AClubs P1 6Clubs P2 KSpades P3 3Clubs 
P0 AHearts P1 5Hearts P2 4Hearts P3 3Hearts 
P0 2Hearts P1 QHearts P2 3Spades P3 7Hearts 
P3 5Spades P0 QDiamonds P1 QClubs P2 JSpades 
P0 6Hearts P1 5Diamonds P2 6Spades P3 JHearts 
P1 JClubs P2 2Diamonds P3 4Diamonds P0 2Clubs 
P3 KDiamonds P0 4Clubs P1 ADiamonds P2 3Diamonds 
P1 KClubs P2 6Diamonds P3 7Diamonds P0 5Clubs 
P3 7Spades P0 KHearts P1 7Clubs P2 JDiamonds 
-- /GAME --
P0 HAND: AHearts, 7Hearts, KHearts, JHearts, 4Hearts, 2Hearts, ASpades, 5Spades, 4Spades, 3Spades.
P1 HAND: 7Diamonds, QDiamonds, 3Diamonds, AClubs, 7Clubs, KClubs, 5Clubs, QHearts, 7Spades, 2Spades.
P2 HAND: ADiamonds, 6Diamonds, 5Diamonds, 6Clubs, 2Clubs, 5Hearts, KSpades, JSpades, QSpades, 6Spades.
P3 HAND: KDiamonds, JDiamonds, 4Diamonds, 2Diamonds, JClubs, QClubs, 4Clubs, 3Clubs, 6Hearts, 3Hearts.
P1 AClubs P2 2Clubs P3 JClubs P0 2Hearts 
P0 AHearts P1 QHearts P2 5Hearts P3 3Hearts 
P0 7Hearts P1 2Spades P2 ADiamonds P3 6Hearts 
P0 KHearts P1 3Diamonds P2 KSpades P3 2Diamonds 
P0 ASpades P1 7Spades P2 JSpades P3 3Clubs 
P0 5Spades P1 5Clubs P2 6Spades P3 4Diamonds 
P2 5Diamonds P3 JDiamonds P0 4Hearts P1 QDiamonds 
P0 3Spades P1 KClubs P2 QSpades P3 4Clubs 
P2 6Diamonds P3 KDiamonds P0 JHearts P1 7Diamonds 
P0 4Spades P1 7Clubs P2 6Clubs P3 QClubs 
-- /GAME --

