-- GAME --
P0 HAND: QDiamonds, 2Diamonds, 5Clubs, AHearts, 5Hearts, ASpades, 7Spades, JSpades, 5Spades, 3Spades.
P1 HAND: ADiamonds, 6Diamonds, 4Diamonds, AClubs, KClubs, 6Hearts, 4Hearts, 6Spades, 4Spades, 2Spades.
P2 HAND: KDiamonds, JDiamonds, 5Diamonds, 7Clubs, JClubs, QClubs, 6Clubs, 4Clubs, KHearts, JHearts.
P3 HAND: 7Diamonds, 3Diamonds, 3Clubs, 2Clubs, 7Hearts, QHearts, 3Hearts, 2Hearts, KSpades, QSpades.
P1 AClubs P2 4Clubs P3 3Clubs P0 5Clubs 
P1 2Spades P2 6Clubs P3 QSpades P0 ASpades 
P0 AHearts P1 4Hearts P2 KHearts P3 2Hearts 
P0 5Hearts P1 6Hearts P2 JHearts P3 7Hearts 
P3 2Clubs P0 QDiamonds P1 KClubs P2 7Clubs 
P0 7Spades P1 4Spades P2 JClubs P3 KSpades 
P0 JSpades P1 6Spades P2 QClubs P3 3Diamonds 
P3 3Hearts P0 2Diamonds P1 4Diamonds P2 5Diamonds 
P2 JDiamonds P3 7Diamonds P0 3Spades P1 6Diamonds 
P3 QHearts P0 5Spades P1 ADiamonds P2 KDiamonds 
-- /GAME --
P0 HAND: 7Diamonds, JDiamonds, 4Diamonds, 2Diamonds, 7Clubs, 3Hearts, 7Spades, JSpades, QSpades, 2Spades.
P1 HAND: ADiamonds, QDiamonds, 6Diamonds, KClubs, 5Clubs, 4Clubs, 3Clubs, QHearts, 4Hearts, 5Spades.
P2 HAND: 3Diamonds, 6Clubs, AHearts, 7Hearts, JHearts, 6Hearts, 2Hearts, ASpades, 6Spades, 4Spades.
P3 HAND: KDiamonds, 5Diamonds, AClubs, JClubs, QClubs, 2Clubs, KHearts, 5Hearts, KSpades, 3Spades.
P0 3Hearts P1 4Hearts P2 AHearts P3 5Hearts 
P2 ASpades P3 3Spades P0 7Spades P1 5Spades 
P2 2Hearts P3 KHearts P0 7Clubs P1 QHearts 
P0 2Spades P1 6Diamonds P2 4Spades P3 KSpades 
P3 5Diamonds P0 JDiamonds P1 ADiamonds P2 3Diamonds 
P1 QDiamonds P2 6Hearts P3 KDiamonds P0 7Diamonds 
P0 4Diamonds P1 3Clubs P2 6Spades P3 2Clubs 
P1 4Clubs P2 6Clubs P3 QClubs P0 2Diamonds 
P3 JClubs P0 QSpades P1 5Clubs P2 JHearts 
P3 AClubs P0 JSpades P1 KClubs P2 7Hearts 
-- /GAME --
P0 HAND: KDiamonds, 6Diamonds, 5Diamonds, AClubs, 7Clubs, 5Clubs, 6Hearts, 4Hearts, 2Hearts, 4Spades.
P1 HAND: JDiamonds, QDiamonds, 4Diamonds, 3Diamonds, AHearts, 7Hearts, 7Spades, 6Spades, 3Spades, 2Spades.
P2 HAND: 7Diamonds, 2Diamonds, KClubs, JClubs, 4Clubs, 3Clubs, KHearts, QHearts, 3Hearts, 5Spades.
P3 HAND: ADiamonds, QClubs, 6Clubs, 2Clubs, JHearts, 5Hearts, ASpades, KSpades, JSpades, QSpades.
P3 ADiamonds P0 5Diamonds P1 JDiamonds P2 2Diamonds 
P3 ASpades P0 4Spades P1 7Spades P2 5Spades 
P3 5Hearts P0 2Hearts P1 AHearts P2 3Hearts 
P1 2Spades P2 QHearts P3 KSpades P0 5Clubs 
P0 KDiamonds P1 3Diamonds P2 7Diamonds P3 2Clubs 
P3 QSpades P0 6Diamonds P1 3Spades P2 3Clubs 
P2 4Clubs P3 6Clubs P0 7Clubs P1 4Diamonds 
P0 4Hearts P1 7Hearts P2 KHearts P3 JHearts 
P1 6Spades P2 JClubs P3 JSpades P0 6Hearts 
P2 KClubs P3 QClubs P0 AClubs P1 QDiamonds 
-- /GAME --
P0 HAND: ADiamonds, 5Diamonds, 3Diamonds, KClubs, 6Clubs, 4Clubs, 6Hearts, 5Hearts, 4Hearts, 3Spades.
P1 HAND: 4Diamonds, AClubs, QClubs, 5Clubs, 3Clubs, JHearts, 3Hearts, 2Hearts, 7Spades, 2Spades.
P2 HAND: 7Diamonds, JDiamonds, 6Diamonds, 2Diamonds, 7Clubs, 2Clubs, AHearts, KHearts, ASpades, KSpades.
P3 HAND: KDiamonds, QDiamonds, JClubs, 7Hearts, QHearts, JSpades, QSpades, 6Spades, 5Spades, 4Spades.
P2 AHearts P3 QHearts P0 4Hearts P1 2Hearts 
P2 ASpades P3 4Spades P0 3Spades P1 2Spades 
P2 2Diamonds P3 QDiamonds P0 ADiamonds P1 4Diamonds 
P0 5Hearts P1 3Hearts P2 KHearts P3 7Hearts 
P3 5Spades P0 KClubs P1 7Spades P2 KSpades 
P0 6Hearts P1 JHearts P2 6Diamonds P3 KDiamonds 
P1 3Clubs P2 2Clubs P3 JClubs P0 4Clubs 
P3 6Spades P0 5Diamonds P1 5Clubs P2 7Clubs 
P2 JDiamonds P3 QSpades P0 3Diamonds P1 QClubs 
P1 AClubs P2 7Diamonds P3 JSpades P0 6Clubs 
-- /GAME --
P0 HAND: AClubs, QClubs, 6Clubs, 4Clubs, 3Clubs, JHearts, QHearts, 6Hearts, 2Hearts, 7Spades.
P1 HAND: 7Diamonds, KDiamonds, 5Diamonds, 4Diamonds, 2Diamonds, KClubs, 2Clubs, AHearts, 7Hearts, ASpades.
P2 HAND: ADiamonds, JDiamonds, 6Diamonds, 3Diamonds, 7Clubs, 5Hearts, JSpades, 6Spades, 5Spades, 3Spades.
P3 HAND: QDiamonds, JClubs, 5Clubs, KHearts, 4Hearts, 3Hearts, KSpades, QSpades, 4Spades, 2Spades.
P1 AHearts P2 5Hearts P3 KHearts P0 2Hearts 
P1 ASpades P2 3Spades P3 KSpades P0 7Spades 
P1 2Diamonds P2 ADiamonds P3 QDiamonds P0 6Hearts 
P2 3Diamonds P3 2Spades P0 QHearts P1 7Diamonds 
P1 4Diamonds P2 6Diamonds P3 3Hearts P0 JHearts 
P2 5Spades P3 4Spades P0 3Clubs P1 5Diamonds 
P0 4Clubs P1 2Clubs P2 7Clubs P3 5Clubs 
P2 6Spades P3 QSpades P0 6Clubs P1 KClubs 
P1 KDiamonds P2 JDiamonds P3 JClubs P0 AClubs 
P0 QClubs P1 7Hearts P2 JSpades P3 4Hearts 
-- /GAME --
P0 HAND: ADiamonds, KDiamonds, 7Clubs, KClubs, 7Hearts, 5Hearts, 3Hearts, 7Spades, 5Spades, 4Spades.
P1 HAND: 3Diamonds, AClubs, QClubs, 4Clubs, 3Clubs, 2Clubs, QHearts, 4Hearts, ASpades, 2Spades.
P2 HAND: JDiamonds, 5Diamonds, JClubs, 5Clubs, AHearts, KHearts, 6Hearts, JSpades, QSpades, 6Spades.
P3 HAND: 7Diamonds, QDiamonds, 6Diamonds, 4Diamonds, 2Diamonds, 6Clubs, JHearts, 2Hearts, KSpades, 3Spades.
P3 2Diamonds P0 ADiamonds P1 3Diamonds P2 JDiamonds 
P0 KDiamonds P1 2Clubs P2 5Diamonds P3 7Diamonds 
P3 2Hearts P0 3Hearts P1 4Hearts P2 AHearts 
P2 5Clubs P3 6Clubs P0 KClubs P1 AClubs 
P1 3Clubs P2 JClubs P3 4Diamonds P0 7Clubs 
P0 4Spades P1 2Spades P2 6Spades P3 3Spades 
P2 6Hearts P3 JHearts P0 7Hearts P1 QHearts 
P0 5Hearts P1 4Clubs P2 KHearts P3 6Diamonds 
P2 QSpades P3 KSpades P0 7Spades P1 ASpades 
P1 QClubs P2 JSpades P3 QDiamonds P0 5Spades 
-- /GAME --
P0 HAND: ADiamonds, 5Diamonds, QClubs, 2Clubs, 7Hearts, JHearts, 5Hearts, ASpades, 7Spades, KSpades.
P1 HAND: KDiamonds, JDiamonds, 6Diamonds, AClubs, JClubs, 6Clubs, KHearts, 4Hearts, QSpades, 3Spades.
P2 HAND: 7Diamonds, 2Diamonds, KClubs, 5Clubs, 4Clubs, 3Clubs, AHearts, 6Hearts, 6Spades, 2Spades.
P3 HAND: QDiamonds, 4Diamonds, 3Diamonds, 7Clubs, QHearts, 3Hearts, 2Hearts, JSpades, 5Spades, 4Spades.
P2 AHearts P3 2Hearts P0 7Hearts P1 4Hearts 
P2 2Spades P3 4Spades P0 ASpades P1 3Spades 
P0 2Clubs P1 AClubs P2 3Clubs P3 7Clubs 
P1 6Clubs P2 4Clubs P3 3Hearts P0 QClubs 
P0 JHearts P1 KHearts P2 6Hearts P3 QHearts 
P1 QSpades P2 6Spades P3 5Spades P0 7Spades 
P0 5Hearts P1 6Diamonds P2 5Clubs P3 JSpades 
P1 JClubs P2 KClubs P3 3Diamonds P0 5Diamonds 
P0 KSpades P1 JDiamonds P2 7Diamonds P3 4Diamonds 
P2 2Diamonds P3 QDiamonds P0 ADiamonds P1 KDiamonds 
-- /GAME --
P0 HAND: 4Diamonds, 3Diamonds, 7Clubs, JClubs, 4Clubs, AHearts, KHearts, JHearts, 2Hearts, 4Spades.
P1 HAND: JDiamonds, 5Diamonds, AClubs, QClubs, 6Clubs, 2Clubs, QHearts, 5Hearts, 4Hearts, 2Spades.
P2 HAND: ADiamonds, 7Diamonds, QDiamonds, 2Diamonds, 3Clubs, 7Hearts, 6Hearts, KSpades, JSpades, QSpades.
P3 HAND: KDiamonds, 6Diamonds, KClubs, 5Clubs, 3Hearts, ASpades, 7Spades, 6Spades, 5Spades, 3Spades.
P1 2Spades P2 QSpades P3 ASpades P0 4Spades 
P3 3Hearts P0 AHearts P1 4Hearts P2 7Hearts 
P0 KHearts P1 5Hearts P2 6Hearts P3 3Spades 
P0 JHearts P1 QHearts P2 3Clubs P3 5Clubs 
P3 5Spades P0 3Diamonds P1 5Diamonds P2 KSpades 
P2 2Diamonds P3 6Diamonds P0 4Diamonds P1 JDiamonds 
P1 2Clubs P2 QDiamonds P3 KClubs P0 7Clubs 
P0 2Hearts P1 6Clubs P2 JSpades P3 7Spades 
P1 QClubs P2 7Diamonds P3 6Spades P0 JClubs 
P0 4Clubs P1 AClubs P2 ADiamonds P3 KDiamonds 
-- /GAME --
P0 HAND: QDiamonds, 2Diamonds, AClubs, 3Clubs, 2Clubs, JHearts, 6Hearts, 4Hearts, 3Hearts, KSpades.
P1 HAND: ADiamonds, KDiamonds, JDiamonds, 5Diamonds, 4Diamonds, 7Clubs, KClubs, AHearts, 2Hearts, 2Spades.
P2 HAND: 6Diamonds, 6Clubs, 5Clubs, KHearts, QHearts, 5Hearts, ASpades, QSpades, 6Spades, 3Spades.
P3 HAND: 7Diamonds, 3Diamonds, JClubs, QClubs, 4Clubs, 7Hearts, 7Spades, JSpades, 5Spades, 4Spades.
P0 AClubs P1 KClubs P2 6Clubs P3 4Clubs 
P0 KSpades P1 2Spades P2 ASpades P3 4Spades 
P2 3Spades P3 5Spades P0 2Clubs P1 ADiamonds 
P3 7Diamonds P0 2Diamonds P1 KDiamonds P2 6Diamonds 
P3 3Diamonds P0 QDiamonds P1 4Diamonds P2 QSpades 
P0 3Clubs P1 7Clubs P2 5Clubs P3 JClubs 
P1 5Diamonds P2 6Spades P3 QClubs P0 JHearts 
P0 3Hearts P1 2Hearts P2 5Hearts P3 7Hearts 
P3 JSpades P0 4Hearts P1 AHearts P2 QHearts 
P1 JDiamonds P2 KHearts P3 7Spades P0 6Hearts 
-- /GAME --
P0 HAND: 5Diamonds, 3Diamonds, AClubs, 6Clubs, 3Clubs, KHearts, 5Hearts, 3Hearts, ASpades, 6Spades.
P1 HAND: QDiamonds, 2Diamonds, AHearts, JHearts, QHearts, 2Hearts, 7Spades, KSpades, 5Spades, 2Spades.
P2 HAND: ADiamonds, KDiamonds, 6Diamonds, 7Clubs, KClubs, QClubs, 5Clubs, 4Clubs, 2Clubs, JSpades.
P3 HAND: 7Diamonds, JDiamonds, 4Diamonds, JClubs, 7Hearts, 6Hearts, 4Hearts, QSpades, 4Spades, 3Spades.
P3 3Spades P0 ASpades P1 2Spades P2 JSpades 
P0 AClubs P1 2Diamonds P2 2Clubs P3 JClubs 
P1 AHearts P2 6Diamonds P3 4Hearts P0 KHearts 
P2 4Clubs P3 4Spades P0 6Clubs P1 2Hearts 
P0 3Hearts P1 QHearts P2 5Clubs P3 7Hearts 
P3 6Hearts P0 5Hearts P1 JHearts P2 QClubs 
P1 5Spades P2 KDiamonds P3 QSpades P0 6Spades 
P2 ADiamonds P3 4Diamonds P0 3Diamonds P1 QDiamonds 
P2 KClubs P3 JDiamonds P0 3Clubs P1 7Spades 
P3 7Diamonds P0 5Diamonds P1 KSpades P2 7Clubs 
-- /GAME --
P0 HAND: 7Diamonds, JDiamonds, AClubs, 7Clubs, AHearts, KHearts, 3Hearts, 2Hearts, 5Spades, 2Spades.
P1 HAND: ADiamonds, KDiamonds, QDiamonds, 6Diamonds, 5Diamonds, KClubs, QClubs, 3Clubs, 2Clubs, 4Hearts.
P2 HAND: 4Clubs, 7Hearts, 6Hearts, 5Hearts, ASpades, 7Spades, KSpades, JSpades, 6Spades, 4Spades.
P3 HAND: 4Diamonds, 3Diamonds, 2Diamonds, JClubs, 6Clubs, 5Clubs, JHearts, QHearts, QSpades, 3Spades.
P2 4Spades P3 3Spades P0 2Spades P1 4Hearts 
P2 5Hearts P3 QHearts P0 AHearts P1 2Clubs 
P1 5Diamonds P2 6Hearts P3 2Diamonds P0 7Diamonds 
P0 5Spades P1 6Diamonds P2 6Spades P3 QSpades 
P3 3Diamonds P0 JDiamonds P1 QDiamonds P2 ASpades 
P0 3Hearts P1 3Clubs P2 7Hearts P3 JHearts 
P1 QClubs P2 4Clubs P3 5Clubs P0 7Clubs 
P0 2Hearts P1 KClubs P2 JSpades P3 4Diamonds 
P1 KDiamonds P2 KSpades P3 6Clubs P0 AClubs 
P0 KHearts P1 ADiamonds P2 7Spades P3 JClubs 
-- /GAME --
P0 HAND: QDiamonds, 6Diamonds, 5Diamonds, 2Diamonds, 4Clubs, QHearts, 6Hearts, 3Hearts, JSpades, QSpades.
P1 HAND: JDiamonds, AClubs, KClubs, 6Clubs, 3Clubs, 2Clubs, 2Hearts, ASpades, 7Spades, 2Spades.
P2 HAND: ADiamonds, 4Diamonds, 7Clubs, JClubs, 5Clubs, JHearts, 5Hearts, 6Spades, 5Spades, 3Spades.
P3 HAND: 7Diamonds, KDiamonds, 3Diamonds, QClubs, AHearts, 7Hearts, KHearts, 4Hearts, KSpades, 4Spades.
P1 2Clubs P2 5Clubs P3 QClubs P0 4Clubs 
P3 AHearts P0 3Hearts P1 2Hearts P2 5Hearts 
P3 4Hearts P0 QHearts P1 2Spades P2 JHearts 
P2 3Spades P3 4Spades P0 QSpades P1 ASpades 
P1 3Clubs P2 JClubs P3 3Diamonds P0 6Hearts 
P3 KDiamonds P0 2Diamonds P1 JDiamonds P2 ADiamonds 
P2 5Spades P3 KSpades P0 JSpades P1 7Spades 
P1 6Clubs P2 7Clubs P3 7Diamonds P0 5Diamonds 
P3 KHearts P0 6Diamonds P1 KClubs P2 6Spades 
P0 QDiamonds P1 AClubs P2 4Diamonds P3 7Hearts 
-- /GAME --
P0 HAND: KClubs, JClubs, QClubs, 5Clubs, 4Clubs, 2Clubs, KHearts, QHearts, 2Hearts, QSpades.
P1 HAND: KDiamonds, 2Diamonds, AClubs, 3Clubs, 7Hearts, 6Hearts, ASpades, 7Spades, JSpades, 5Spades.
P2 HAND: ADiamonds, 7Diamonds, JDiamonds, 6Diamonds, 5Diamonds, 3Diamonds, 7Clubs, 6Clubs, JHearts, 5Hearts.
P3 HAND: QDiamonds, 4Diamonds, AHearts, 4Hearts, 3Hearts, KSpades, 6Spades, 4Spades, 3Spades, 2Spades.

