-- GAME --
P0 HAND: ADiamonds, 2Diamonds, KClubs, 4Clubs, 2Clubs, AHearts, 3Hearts, 7Spades, JSpades, 3Spades.
P1 HAND: QDiamonds, AClubs, 7Clubs, JClubs, KHearts, JHearts, QHearts, 5Spades, 4Spades, 2Spades.
P2 HAND: 7Diamonds, KDiamonds, 6Diamonds, QClubs, 6Clubs, 5Hearts, 2Hearts, ASpades, KSpades, 6Spades.
P3 HAND: JDiamonds, 5Diamonds, 4Diamonds, 3Diamonds, 5Clubs, 3Clubs, 7Hearts, 6Hearts, 4Hearts, QSpades.
P2 ASpades P3 QSpades P0 7Spades P1 2Spades 
P2 6Diamonds P3 3Diamonds P0 ADiamonds P1 QDiamonds 
P0 2Diamonds P1 4Spades P2 7Diamonds P3 4Diamonds 
P2 6Clubs P3 3Clubs P0 2Clubs P1 AClubs 
P1 5Spades P2 6Spades P3 5Diamonds P0 JSpades 
P0 3Spades P1 QHearts P2 KSpades P3 JDiamonds 
P1 JClubs P2 QClubs P3 5Clubs P0 KClubs 
P0 4Clubs P1 7Clubs P2 2Hearts P3 4Hearts 
P3 6Hearts P0 3Hearts P1 JHearts P2 5Hearts 
P1 KHearts P2 KDiamonds P3 7Hearts P0 AHearts 
-- /GAME --
P0 HAND: ADiamonds, 4Diamonds, 7Clubs, 4Clubs, 3Clubs, 2Clubs, QHearts, 2Hearts, QSpades, 4Spades.
P1 HAND: KDiamonds, JDiamonds, 5Diamonds, KClubs, QClubs, 5Clubs, JHearts, 4Hearts, KSpades, 2Spades.
P2 HAND: 7Diamonds, 6Diamonds, 2Diamonds, AHearts, 7Hearts, KHearts, 5Hearts, 3Hearts, 6Spades, 3Spades.
P3 HAND: QDiamonds, 3Diamonds, AClubs, JClubs, 6Clubs, 6Hearts, ASpades, 7Spades, JSpades, 5Spades.
P1 4Hearts P2 AHearts P3 6Hearts P0 QHearts 
P2 2Diamonds P3 3Diamonds P0 ADiamonds P1 5Diamonds 
P0 2Hearts P1 JHearts P2 3Hearts P3 AClubs 
P1 5Clubs P2 5Hearts P3 6Clubs P0 7Clubs 
P0 4Diamonds P1 JDiamonds P2 7Diamonds P3 QDiamonds 
P2 6Diamonds P3 5Spades P0 QSpades P1 KDiamonds 
P0 4Clubs P1 QClubs P2 3Spades P3 JClubs 
P2 6Spades P3 JSpades P0 4Spades P1 2Spades 
P3 7Spades P0 2Clubs P1 KSpades P2 KHearts 
P3 ASpades P0 3Clubs P1 KClubs P2 7Hearts 
-- /GAME --
P0 HAND: KDiamonds, 5Diamonds, 3Diamonds, 7Clubs, 5Clubs, 3Clubs, JHearts, 4Hearts, 7Spades, KSpades.
P1 HAND: 7Diamonds, JDiamonds, 4Diamonds, 2Diamonds, KClubs, 7Hearts, KHearts, QSpades, 6Spades, 4Spades.
P2 HAND: ADiamonds, QDiamonds, AClubs, JClubs, 4Clubs, 6Hearts, 2Hearts, JSpades, 5Spades, 2Spades.
P3 HAND: 6Diamonds, QClubs, 6Clubs, 2Clubs, AHearts, QHearts, 5Hearts, 3Hearts, ASpades, 3Spades.
P0 3Diamonds P1 2Diamonds P2 ADiamonds P3 6Diamonds 
P2 2Hearts P3 AHearts P0 4Hearts P1 7Hearts 
P3 ASpades P0 KSpades P1 QSpades P2 2Spades 
P3 3Hearts P0 JHearts P1 KHearts P2 6Hearts 
P1 4Diamonds P2 QDiamonds P3 3Spades P0 KDiamonds 
P0 7Spades P1 4Spades P2 5Spades P3 2Clubs 
P3 5Hearts P0 5Diamonds P1 6Spades P2 4Clubs 
P2 JSpades P3 QHearts P0 3Clubs P1 KClubs 
P1 JDiamonds P2 JClubs P3 6Clubs P0 7Clubs 
P0 5Clubs P1 7Diamonds P2 AClubs P3 QClubs 
-- /GAME --
P0 HAND: JDiamonds, 5Diamonds, 4Diamonds, 2Diamonds, QClubs, 3Clubs, 6Hearts, 4Hearts, 3Hearts, 4Spades.
P1 HAND: KDiamonds, QDiamonds, 6Diamonds, 7Hearts, KHearts, JHearts, 2Hearts, 7Spades, KSpades, QSpades.
P2 HAND: 7Diamonds, 3Diamonds, AClubs, KClubs, 5Clubs, 4Clubs, 2Clubs, 5Hearts, JSpades, 3Spades.
P3 HAND: ADiamonds, 7Clubs, JClubs, 6Clubs, AHearts, QHearts, ASpades, 6Spades, 5Spades, 2Spades.
P3 ADiamonds P0 2Diamonds P1 KDiamonds P2 3Diamonds 
P3 AHearts P0 3Hearts P1 7Hearts P2 5Hearts 

