-- GAME --
P0 HAND: JDiamonds, 6Diamonds, 5Diamonds, JClubs, 2Clubs, 7Hearts, 6Hearts, 3Hearts, 7Spades, 4Spades.
P1 HAND: ADiamonds, 7Diamonds, 2Diamonds, 7Clubs, JHearts, 5Hearts, KSpades, 6Spades, 5Spades, 3Spades.
P2 HAND: KDiamonds, QDiamonds, 4Diamonds, 3Diamonds, KClubs, 6Clubs, 5Clubs, 4Clubs, 2Hearts, JSpades.
P3 HAND: AClubs, QClubs, 3Clubs, AHearts, KHearts, QHearts, 4Hearts, ASpades, QSpades, 2Spades.
P0 3Hearts P1 5Hearts P2 2Hearts P3 AHearts 
P3 ASpades P0 4Spades P1 KSpades P2 JSpades 
P3 2Spades P0 7Spades P1 3Spades P2 KDiamonds 
P0 7Hearts P1 JHearts P2 QDiamonds P3 4Hearts 
P0 6Hearts P1 2Diamonds P2 3Diamonds P3 KHearts 
P3 QHearts P0 JClubs P1 7Clubs P2 4Diamonds 
P1 5Spades P2 4Clubs P3 QSpades P0 JDiamonds 
P2 5Clubs P3 3Clubs P0 2Clubs P1 6Spades 
P2 6Clubs P3 QClubs P0 5Diamonds P1 ADiamonds 
P3 AClubs P0 6Diamonds P1 7Diamonds P2 KClubs 
-- /GAME --
P0 HAND: KDiamonds, 6Diamonds, 2Diamonds, 7Clubs, QClubs, 2Clubs, JHearts, 6Hearts, JSpades, 5Spades.
P1 HAND: QDiamonds, 4Diamonds, 6Clubs, 5Clubs, 5Hearts, 2Hearts, ASpades, 7Spades, QSpades, 3Spades.
P2 HAND: ADiamonds, 7Diamonds, JDiamonds, KClubs, 7Hearts, KHearts, QHearts, 6Spades, 4Spades, 2Spades.
P3 HAND: 5Diamonds, 3Diamonds, AClubs, JClubs, 4Clubs, 3Clubs, AHearts, 4Hearts, 3Hearts, KSpades.
P3 AClubs P0 2Clubs P1 6Clubs P2 KClubs 
P3 3Diamonds P0 6Diamonds P1 4Diamonds P2 ADiamonds 
P2 2Spades P3 KSpades P0 5Spades P1 ASpades 
P1 3Spades P2 4Spades P3 3Clubs P0 JSpades 
P0 6Hearts P1 2Hearts P2 QHearts P3 3Hearts 
P2 6Spades P3 4Clubs P0 JHearts P1 QSpades 
P0 KDiamonds P1 QDiamonds P2 7Diamonds P3 5Diamonds 
P2 JDiamonds P3 4Hearts P0 2Diamonds P1 7Spades 
P3 JClubs P0 7Clubs P1 5Clubs P2 KHearts 
P2 7Hearts P3 AHearts P0 QClubs P1 5Hearts 
-- /GAME --
P0 HAND: ADiamonds, 7Diamonds, AClubs, 4Clubs, 2Clubs, 6Hearts, 5Hearts, JSpades, 6Spades, 4Spades.
P1 HAND: KDiamonds, JDiamonds, QDiamonds, 4Diamonds, 2Diamonds, JHearts, QHearts, ASpades, 5Spades, 3Spades.
P2 HAND: 7Clubs, KClubs, JClubs, 5Clubs, AHearts, 7Hearts, 4Hearts, 3Hearts, KSpades, QSpades.
P3 HAND: 6Diamonds, 5Diamonds, 3Diamonds, QClubs, 6Clubs, 3Clubs, KHearts, 2Hearts, 7Spades, 2Spades.
P2 AHearts P3 2Hearts P0 6Hearts P1 QHearts 
P2 3Hearts P3 KHearts P0 5Hearts P1 JHearts 
P3 2Spades P0 6Spades P1 ASpades P2 QSpades 
P1 3Spades P2 KSpades P3 7Spades P0 4Spades 
P3 3Clubs P0 AClubs P1 2Diamonds P2 5Clubs 
P1 5Spades P2 4Hearts P3 6Clubs P0 JSpades 
P0 2Clubs P1 4Diamonds P2 JClubs P3 QClubs 
P1 QDiamonds P2 KClubs P3 3Diamonds P0 7Diamonds 
P0 4Clubs P1 JDiamonds P2 7Clubs P3 5Diamonds 
P1 KDiamonds P2 7Hearts P3 6Diamonds P0 ADiamonds 
-- /GAME --
P0 HAND: KDiamonds, JDiamonds, QDiamonds, 4Diamonds, 2Diamonds, JClubs, 5Hearts, 4Hearts, 2Hearts, 4Spades.
P1 HAND: ADiamonds, 3Diamonds, AClubs, 4Clubs, AHearts, JHearts, 6Hearts, KSpades, QSpades, 3Spades.
P2 HAND: 6Diamonds, 7Clubs, QClubs, 5Clubs, 2Clubs, 7Hearts, 3Hearts, ASpades, JSpades, 6Spades.
P3 HAND: 7Diamonds, 5Diamonds, KClubs, 6Clubs, 3Clubs, KHearts, QHearts, 7Spades, 5Spades, 2Spades.
P1 AClubs P2 2Clubs P3 KClubs P0 JClubs 
P1 AHearts P2 3Hearts P3 KHearts P0 2Hearts 
P1 3Spades P2 ASpades P3 2Spades P0 4Spades 
P2 5Clubs P3 3Clubs P0 2Diamonds P1 4Clubs 
P0 5Hearts P1 6Hearts P2 7Hearts P3 QHearts 
P2 6Spades P3 5Spades P0 KDiamonds P1 QSpades 
P0 4Hearts P1 JHearts P2 QClubs P3 7Spades 
P1 3Diamonds P2 6Diamonds P3 5Diamonds P0 JDiamonds 
P0 4Diamonds P1 ADiamonds P2 JSpades P3 7Diamonds 
P1 KSpades P2 7Clubs P3 6Clubs P0 QDiamonds 
-- /GAME --
P0 HAND: KDiamonds, 4Diamonds, 2Diamonds, KClubs, 4Clubs, 2Clubs, KSpades, 5Spades, 4Spades, 2Spades.
P1 HAND: 7Diamonds, 5Diamonds, AClubs, JClubs, KHearts, 5Hearts, 3Hearts, 2Hearts, 7Spades, JSpades.
P2 HAND: ADiamonds, QDiamonds, 6Diamonds, 3Diamonds, 7Clubs, QClubs, 6Clubs, 3Clubs, 6Spades, 3Spades.
P3 HAND: JDiamonds, 5Clubs, AHearts, 7Hearts, JHearts, QHearts, 6Hearts, 4Hearts, ASpades, QSpades.
P3 4Hearts P0 KClubs P1 2Hearts P2 ADiamonds 
P0 2Spades P1 JSpades P2 3Spades P3 ASpades 
P3 6Hearts P0 2Clubs P1 3Hearts P2 QDiamonds 
P0 2Diamonds P1 7Diamonds P2 3Diamonds P3 JDiamonds 
P1 5Diamonds P2 6Diamonds P3 QHearts P0 KDiamonds 
P0 4Diamonds P1 5Hearts P2 6Spades P3 QSpades 
P0 4Spades P1 7Spades P2 3Clubs P3 5Clubs 
P3 JHearts P0 4Clubs P1 KHearts P2 6Clubs 
P2 QClubs P3 7Hearts P0 5Spades P1 JClubs 
P1 AClubs P2 7Clubs P3 AHearts P0 KSpades 
-- /GAME --
P0 HAND: QDiamonds, QClubs, 4Clubs, AHearts, 6Hearts, 5Hearts, KSpades, 5Spades, 4Spades, 2Spades.
P1 HAND: ADiamonds, JDiamonds, 3Diamonds, KClubs, 3Clubs, 2Clubs, JHearts, QHearts, 3Hearts, 7Spades.
P2 HAND: 7Diamonds, 6Diamonds, 4Diamonds, AClubs, JClubs, 6Clubs, 5Clubs, 7Hearts, 2Hearts, 6Spades.
P3 HAND: KDiamonds, 5Diamonds, 2Diamonds, 7Clubs, KHearts, 4Hearts, ASpades, JSpades, QSpades, 3Spades.
P2 AClubs P3 7Clubs P0 QClubs P1 2Clubs 
P2 2Hearts P3 4Hearts P0 AHearts P1 3Hearts 
P0 4Clubs P1 3Clubs P2 5Clubs P3 3Spades 
P2 6Clubs P3 QSpades P0 QDiamonds P1 KClubs 
P0 5Hearts P1 QHearts P2 7Hearts P3 KHearts 
P2 6Spades P3 ASpades P0 2Spades P1 7Spades 
P3 JSpades P0 KSpades P1 3Diamonds P2 4Diamonds 
P2 JClubs P3 2Diamonds P0 4Spades P1 JHearts 
P3 5Diamonds P0 6Hearts P1 JDiamonds P2 6Diamonds 
P1 ADiamonds P2 7Diamonds P3 KDiamonds P0 5Spades 
-- /GAME --
P0 HAND: JDiamonds, 6Diamonds, 3Diamonds, AClubs, KClubs, 4Clubs, 2Clubs, KHearts, 4Hearts, 7Spades.
P1 HAND: 7Clubs, JClubs, 3Clubs, 7Hearts, QHearts, 6Hearts, 3Hearts, JSpades, QSpades, 3Spades.
P2 HAND: ADiamonds, 2Diamonds, QClubs, 6Clubs, AHearts, JHearts, 5Hearts, 2Hearts, 4Spades, 2Spades.
P3 HAND: 7Diamonds, KDiamonds, QDiamonds, 5Diamonds, 4Diamonds, 5Clubs, ASpades, KSpades, 6Spades, 5Spades.
P1 3Hearts P2 AHearts P3 5Clubs P0 4Hearts 
P3 ASpades P0 7Spades P1 JSpades P2 2Spades 
P3 4Diamonds P0 6Diamonds P1 3Spades P2 ADiamonds 
P2 2Diamonds P3 5Diamonds P0 JDiamonds P1 6Hearts 
P0 AClubs P1 3Clubs P2 6Clubs P3 5Spades 
P0 2Clubs P1 JClubs P2 QClubs P3 7Diamonds 
P1 QHearts P2 2Hearts P3 6Spades P0 KHearts 
P0 3Diamonds P1 QSpades P2 4Spades P3 KDiamonds 
P3 QDiamonds P0 4Clubs P1 7Clubs P2 5Hearts 
P1 7Hearts P2 JHearts P3 KSpades P0 KClubs 
-- /GAME --
P0 HAND: ADiamonds, 6Diamonds, AClubs, 4Clubs, KHearts, 5Hearts, 7Spades, KSpades, 3Spades, 2Spades.
P1 HAND: 3Diamonds, 6Clubs, 3Clubs, 2Clubs, AHearts, JHearts, ASpades, JSpades, 6Spades, 4Spades.
P2 HAND: 7Diamonds, QDiamonds, 4Diamonds, JClubs, QClubs, QHearts, 4Hearts, 2Hearts, QSpades, 5Spades.
P3 HAND: KDiamonds, JDiamonds, 5Diamonds, 2Diamonds, 7Clubs, KClubs, 5Clubs, 7Hearts, 6Hearts, 3Hearts.
P0 AClubs P1 2Clubs P2 JClubs P3 5Clubs 
P0 5Hearts P1 AHearts P2 2Hearts P3 7Hearts 
P1 ASpades P2 5Spades P3 7Clubs P0 2Spades 
P1 3Clubs P2 QClubs P3 KClubs P0 4Clubs 
P3 3Hearts P0 KHearts P1 JHearts P2 QHearts 
P0 ADiamonds P1 3Diamonds P2 4Diamonds P3 2Diamonds 
P0 6Diamonds P1 4Spades P2 QDiamonds P3 5Diamonds 
P2 4Hearts P3 6Hearts P0 3Spades P1 JSpades 
P3 JDiamonds P0 KSpades P1 6Clubs P2 7Diamonds 
P2 QSpades P3 KDiamonds P0 7Spades P1 6Spades 
-- /GAME --
P0 HAND: ADiamonds, QDiamonds, 7Clubs, QClubs, 2Clubs, AHearts, 6Hearts, 2Hearts, 4Spades, 3Spades.
P1 HAND: KDiamonds, JDiamonds, 3Diamonds, AClubs, KClubs, 5Clubs, 7Hearts, JSpades, 6Spades, 5Spades.
P2 HAND: 6Diamonds, 2Diamonds, 4Clubs, KHearts, JHearts, 5Hearts, 4Hearts, ASpades, 7Spades, QSpades.
P3 HAND: 7Diamonds, 5Diamonds, 4Diamonds, JClubs, 6Clubs, 3Clubs, QHearts, 3Hearts, KSpades, 2Spades.
P3 2Spades P0 3Spades P1 5Spades P2 ASpades 
P2 2Diamonds P3 4Diamonds P0 QDiamonds P1 KDiamonds 
P1 AClubs P2 4Clubs P3 JClubs P0 2Clubs 
P1 3Diamonds P2 6Diamonds P3 5Diamonds P0 ADiamonds 
P0 4Spades P1 6Spades P2 7Spades P3 KSpades 
P2 QSpades P3 3Clubs P0 QClubs P1 JSpades 
P1 5Clubs P2 4Hearts P3 6Clubs P0 7Clubs 
P2 5Hearts P3 3Hearts P0 2Hearts P1 7Hearts 
P1 JDiamonds P2 JHearts P3 7Diamonds P0 6Hearts 
P2 KHearts P3 QHearts P0 AHearts P1 KClubs 
-- /GAME --
P0 HAND: ADiamonds, 7Diamonds, 6Diamonds, 4Diamonds, 2Diamonds, 3Clubs, KHearts, 5Hearts, KSpades, 3Spades.
P1 HAND: JDiamonds, 3Diamonds, AClubs, QClubs, 5Clubs, AHearts, QHearts, 3Hearts, ASpades, 4Spades.
P2 HAND: KDiamonds, 7Clubs, 6Clubs, 4Clubs, JHearts, 6Hearts, 4Hearts, 2Hearts, 7Spades, 5Spades.
P3 HAND: QDiamonds, 5Diamonds, KClubs, JClubs, 2Clubs, 7Hearts, JSpades, QSpades, 6Spades, 2Spades.
P2 2Hearts P3 7Hearts P0 5Hearts P1 AHearts 
P1 AClubs P2 4Clubs P3 KClubs P0 3Clubs 
P1 3Diamonds P2 KDiamonds P3 5Diamonds P0 ADiamonds 
P0 7Diamonds P1 JDiamonds P2 7Clubs P3 QDiamonds 
P0 6Diamonds P1 3Hearts P2 JHearts P3 2Clubs 
P0 4Diamonds P1 5Clubs P2 4Hearts P3 2Spades 
P3 JClubs P0 KSpades P1 QClubs P2 6Clubs 
P0 2Diamonds P1 QHearts P2 6Hearts P3 6Spades 
P3 QSpades P0 3Spades P1 4Spades P2 5Spades 
P3 JSpades P0 KHearts P1 ASpades P2 7Spades 
-- /GAME --
P0 HAND: ADiamonds, JDiamonds, QDiamonds, KClubs, 6Clubs, QHearts, 5Hearts, 3Hearts, KSpades, 3Spades.
P1 HAND: 5Diamonds, AClubs, QClubs, AHearts, JHearts, 4Hearts, 2Hearts, QSpades, 5Spades, 4Spades.
P2 HAND: 7Diamonds, KDiamonds, JClubs, 5Clubs, 4Clubs, 2Clubs, KHearts, ASpades, 6Spades, 2Spades.
P3 HAND: 6Diamonds, 4Diamonds, 3Diamonds, 2Diamonds, 7Clubs, 3Clubs, 7Hearts, 6Hearts, 7Spades, JSpades.

