-- GAME --
P0 HAND: KDiamonds, JDiamonds, 3Diamonds, KClubs, 2Clubs, 7Hearts, KHearts, JHearts, 5Hearts, 4Hearts.
P1 HAND: 6Diamonds, AClubs, 5Clubs, 3Hearts, KSpades, JSpades, QSpades, 6Spades, 5Spades, 4Spades.
P2 HAND: QDiamonds, 4Diamonds, 7Clubs, JClubs, 4Clubs, 3Clubs, AHearts, QHearts, 6Hearts, 3Spades.
P3 HAND: ADiamonds, 7Diamonds, 5Diamonds, 2Diamonds, QClubs, 6Clubs, 2Hearts, ASpades, 7Spades, 2Spades.
P0 3Diamonds P1 6Diamonds P2 4Diamonds P3 ADiamonds 
P3 2Diamonds P0 KDiamonds P1 3Hearts P2 QDiamonds 
P0 2Clubs P1 AClubs P2 3Clubs P3 QClubs 
P1 5Clubs P2 4Clubs P3 6Clubs P0 KClubs 
P0 4Hearts P1 4Spades P2 6Hearts P3 2Hearts 
P1 5Spades P2 3Spades P3 2Spades P0 5Hearts 
P1 6Spades P2 QHearts P3 7Spades P0 JHearts 
P3 5Diamonds P0 JDiamonds P1 QSpades P2 JClubs 
P1 JSpades P2 7Clubs P3 ASpades P0 KHearts 
P3 7Diamonds P0 7Hearts P1 KSpades P2 AHearts 
-- /GAME --
P0 HAND: ADiamonds, JDiamonds, 6Diamonds, 3Diamonds, 2Diamonds, 4Clubs, 5Hearts, 7Spades, QSpades, 4Spades.
P1 HAND: 7Diamonds, QDiamonds, 5Diamonds, 7Clubs, QClubs, 6Clubs, 3Clubs, 2Clubs, JHearts, 5Spades.
P2 HAND: KDiamonds, AClubs, JClubs, AHearts, 7Hearts, 4Hearts, 3Hearts, 2Hearts, JSpades, 3Spades.
P3 HAND: 4Diamonds, KClubs, 5Clubs, KHearts, QHearts, 6Hearts, ASpades, KSpades, 6Spades, 2Spades.
P3 ASpades P0 4Spades P1 5Spades P2 3Spades 
P3 2Spades P0 7Spades P1 2Clubs P2 JSpades 
P1 5Diamonds P2 KDiamonds P3 4Diamonds P0 ADiamonds 
P0 5Hearts P1 JHearts P2 AHearts P3 6Hearts 
P2 2Hearts P3 QHearts P0 4Clubs P1 QDiamonds 
P0 QSpades P1 3Clubs P2 3Hearts P3 KSpades 
P1 6Clubs P2 JClubs P3 5Clubs P0 JDiamonds 
P2 4Hearts P3 KHearts P0 2Diamonds P1 7Diamonds 
P3 6Spades P0 6Diamonds P1 QClubs P2 AClubs 
P2 7Hearts P3 KClubs P0 3Diamonds P1 7Clubs 
-- /GAME --
P0 HAND: 3Diamonds, AClubs, 7Clubs, 6Clubs, 2Clubs, 7Hearts, KHearts, QHearts, 5Spades, 4Spades.
P1 HAND: KDiamonds, 6Diamonds, KClubs, 5Clubs, 3Clubs, 4Hearts, 7Spades, 6Spades, 3Spades, 2Spades.
P2 HAND: 7Diamonds, QDiamonds, 5Diamonds, 4Diamonds, 2Diamonds, QClubs, 4Clubs, 6Hearts, 5Hearts, ASpades.
P3 HAND: ADiamonds, JDiamonds, JClubs, AHearts, JHearts, 3Hearts, 2Hearts, KSpades, JSpades, QSpades.
P2 ASpades P3 QSpades P0 5Spades P1 2Spades 
P2 4Clubs P3 JClubs P0 AClubs P1 3Clubs 
P0 7Clubs P1 5Clubs P2 QClubs P3 JDiamonds 
P3 AHearts P0 QHearts P1 4Hearts P2 5Hearts 
P3 2Hearts P0 7Hearts P1 6Diamonds P2 6Hearts 
P1 3Spades P2 2Diamonds P3 JSpades P0 4Spades 
P2 4Diamonds P3 ADiamonds P0 3Diamonds P1 KDiamonds 
P3 3Hearts P0 KHearts P1 6Spades P2 5Diamonds 
P2 QDiamonds P3 JHearts P0 2Clubs P1 KClubs 
P2 7Diamonds P3 KSpades P0 6Clubs P1 7Spades 
-- /GAME --
P0 HAND: 7Diamonds, 6Diamonds, 4Diamonds, 2Diamonds, KClubs, JHearts, 2Hearts, 7Spades, QSpades, 2Spades.
P1 HAND: ADiamonds, 3Diamonds, 7Clubs, 4Clubs, 3Clubs, QHearts, 6Hearts, 3Hearts, 6Spades, 4Spades.
P2 HAND: KDiamonds, JClubs, QClubs, 6Clubs, 2Clubs, AHearts, 4Hearts, KSpades, 5Spades, 3Spades.
P3 HAND: JDiamonds, QDiamonds, 5Diamonds, AClubs, 5Clubs, 7Hearts, KHearts, 5Hearts, ASpades, JSpades.
P1 ADiamonds P2 KDiamonds P3 JDiamonds P0 2Diamonds 
P1 3Diamonds P2 2Clubs P3 5Diamonds P0 7Diamonds 
P0 KClubs P1 3Clubs P2 6Clubs P3 AClubs 
P3 ASpades P0 2Spades P1 6Spades P2 3Spades 
P3 5Clubs P0 JHearts P1 4Clubs P2 JClubs 
P0 7Spades P1 4Spades P2 KSpades P3 JSpades 
P0 QSpades P1 3Hearts P2 5Spades P3 QDiamonds 
P1 6Hearts P2 4Hearts P3 5Hearts P0 2Hearts 
P1 QHearts P2 AHearts P3 KHearts P0 6Diamonds 
P2 QClubs P3 7Hearts P0 4Diamonds P1 7Clubs 
-- /GAME --

