-- GAME --
P0 HAND: JDiamonds, 5Diamonds, 4Diamonds, KClubs, 2Clubs, JHearts, QHearts, 6Hearts, 5Hearts, JSpades.
P1 HAND: KDiamonds, QDiamonds, 6Diamonds, 3Diamonds, AClubs, 5Clubs, 4Clubs, 4Hearts, KSpades, 2Spades.
P2 HAND: 7Diamonds, 7Clubs, JClubs, QClubs, 7Hearts, KHearts, 3Hearts, ASpades, 7Spades, 5Spades.
P3 HAND: ADiamonds, 2Diamonds, 6Clubs, 3Clubs, AHearts, 2Hearts, QSpades, 6Spades, 4Spades, 3Spades.
P1 AClubs P2 QClubs P3 6Clubs P0 2Clubs 
P1 2Spades P2 ASpades P3 3Spades P0 JSpades 
P2 5Spades P3 4Spades P0 KClubs P1 KSpades 
P1 3Diamonds P2 7Diamonds P3 ADiamonds P0 4Diamonds 
P3 2Diamonds P0 5Diamonds P1 6Diamonds P2 3Hearts 
P2 JClubs P3 3Clubs P0 JDiamonds P1 4Clubs 
P2 KHearts P3 2Hearts P0 6Hearts P1 4Hearts 
P2 7Hearts P3 AHearts P0 5Hearts P1 KDiamonds 
P3 6Spades P0 JHearts P1 5Clubs P2 7Spades 
P0 QHearts P1 QDiamonds P2 7Clubs P3 QSpades 
-- /GAME --
P0 HAND: 7Diamonds, 6Diamonds, 5Diamonds, 7Clubs, KClubs, 2Clubs, AHearts, QHearts, 6Hearts, QSpades.
P1 HAND: KDiamonds, QClubs, 5Clubs, 3Clubs, 7Hearts, JHearts, 4Hearts, 3Hearts, ASpades, 7Spades.
P2 HAND: 3Diamonds, 2Diamonds, AClubs, JClubs, KHearts, 5Hearts, KSpades, 6Spades, 5Spades, 4Spades.
P3 HAND: ADiamonds, JDiamonds, QDiamonds, 4Diamonds, 6Clubs, 4Clubs, 2Hearts, JSpades, 3Spades, 2Spades.
P0 AHearts P1 3Hearts P2 KHearts P3 2Hearts 
P0 6Hearts P1 4Hearts P2 5Hearts P3 2Spades 
P0 QSpades P1 ASpades P2 4Spades P3 JSpades 
P1 3Clubs P2 AClubs P3 4Clubs P0 7Clubs 
P2 5Spades P3 3Spades P0 QHearts P1 7Spades 
P1 5Clubs P2 JClubs P3 6Clubs P0 KClubs 
P0 2Clubs P1 QClubs P2 6Spades P3 4Diamonds 
P3 QDiamonds P0 7Diamonds P1 KDiamonds P2 2Diamonds 
P0 6Diamonds P1 JHearts P2 3Diamonds P3 JDiamonds 
P3 ADiamonds P0 5Diamonds P1 7Hearts P2 KSpades 
-- /GAME --
P0 HAND: 4Diamonds, 7Clubs, 4Clubs, KHearts, QHearts, 6Hearts, 5Hearts, 4Hearts, JSpades, QSpades.
P1 HAND: 7Diamonds, KDiamonds, QDiamonds, 6Diamonds, AClubs, KClubs, AHearts, 7Hearts, 2Hearts, 7Spades.
P2 HAND: ADiamonds, 5Diamonds, JClubs, QClubs, 5Clubs, 2Clubs, ASpades, KSpades, 6Spades, 2Spades.
P3 HAND: JDiamonds, 3Diamonds, 2Diamonds, 6Clubs, 3Clubs, JHearts, 3Hearts, 5Spades, 4Spades, 3Spades.
P3 2Diamonds P0 4Diamonds P1 6Diamonds P2 ADiamonds 
P2 2Clubs P3 3Clubs P0 7Clubs P1 AClubs 
P1 AHearts P2 2Spades P3 3Hearts P0 KHearts 
P2 5Diamonds P3 3Diamonds P0 4Clubs P1 7Diamonds 
P1 2Hearts P2 5Clubs P3 JHearts 
