-- GAME --
P0 HAND: 6Diamonds, 3Diamonds, QClubs, AHearts, JHearts, 6Hearts, 4Hearts, 3Hearts, 7Spades, JSpades.
P1 HAND: 7Diamonds, KDiamonds, 2Diamonds, 3Clubs, 2Clubs, 7Hearts, KHearts, QHearts, KSpades, QSpades.
P2 HAND: ADiamonds, JDiamonds, 5Diamonds, 7Clubs, KClubs, JClubs, 6Clubs, 4Clubs, 6Spades, 5Spades.
P3 HAND: QDiamonds, 4Diamonds, AClubs, 5Clubs, 5Hearts, 2Hearts, ASpades, 4Spades, 3Spades, 2Spades.
P1 2Diamonds P2 ADiamonds P3 4Diamonds P0 6Diamonds 
P2 4Clubs P3 AClubs P0 QClubs P1 3Clubs 
P3 2Hearts P0 AHearts P1 QHearts P2 7Clubs 
P0 JHearts P1 KHearts P2 5Spades P3 5Hearts 
P2 5Diamonds P3 QDiamonds P0 3Diamonds P1 7Diamonds 
P1 2Clubs P2 6Clubs P3 5Clubs P0 6Hearts 
P2 JDiamonds P3 2Spades P0 4Hearts P1 KDiamonds 
P3 3Spades P0 7Spades P1 QSpades P2 6Spades 
P0 3Hearts P1 7Hearts P2 JClubs P3 4Spades 
P3 ASpades P0 JSpades P1 KSpades P2 KClubs 
-- /GAME --
P0 HAND: 7Diamonds, 5Diamonds, 7Clubs, JClubs, 2Clubs, 7Hearts, JHearts, QHearts, 5Hearts, 7Spades.
P1 HAND: ADiamonds, JDiamonds, 6Diamonds, 2Diamonds, 6Clubs, AHearts, 6Spades, 5Spades, 3Spades, 2Spades.
P2 HAND: AClubs, QClubs, 5Clubs, 4Clubs, 3Clubs, KHearts, 6Hearts, 3Hearts, JSpades, 4Spades.
P3 HAND: KDiamonds, QDiamonds, 4Diamonds, 3Diamonds, KClubs, 4Hearts, 2Hearts, ASpades, KSpades, QSpades.
P0 5Diamonds P1 2Diamonds P2 3Clubs P3 3Diamonds 
P0 JClubs P1 6Clubs P2 AClubs P3 KClubs 
P2 3Hearts P3 2Hearts P0 5Hearts P1 AHearts 
P1 2Spades P2 4Spades P3 ASpades P0 7Spades 
P3 4Hearts P0 7Hearts P1 6Diamonds P2 6Hearts 
P1 3Spades P2 JSpades P3 KSpades P0 7Diamonds 
P0 JHearts P1 5Spades P2 KHearts P3 4Diamonds 
P3 QSpades P0 QHearts P1 6Spades P2 4Clubs 
P3 QDiamonds P0 2Clubs P1 JDiamonds P2 5Clubs 
P1 ADiamonds P2 QClubs P3 KDiamonds P0 7Clubs 
-- /GAME --
P0 HAND: QDiamonds, 2Diamonds, AClubs, KClubs, QClubs, 5Clubs, 3Clubs, 6Hearts, 6Spades, 2Spades.
P1 HAND: JDiamonds, 5Diamonds, KHearts, JHearts, QHearts, 5Hearts, 3Hearts, ASpades, 7Spades, QSpades.
P2 HAND: 7Diamonds, 6Diamonds, 4Diamonds, 7Clubs, 6Clubs, 2Clubs, AHearts, 7Hearts, 2Hearts, 5Spades.
P3 HAND: ADiamonds, KDiamonds, 3Diamonds, JClubs, 4Clubs, 4Hearts, KSpades, JSpades, 4Spades, 3Spades.
P3 ADiamonds P0 2Diamonds P1 JDiamonds P2 4Diamonds 
P3 3Diamonds P0 QDiamonds P1 5Diamonds P2 7Diamonds 
P2 2Clubs P3 4Clubs P0 AClubs P1 3Hearts 

