-- GAME --
P0 HAND: ADiamonds, QDiamonds, 6Clubs, 4Clubs, AHearts, JHearts, 2Hearts, ASpades, 5Spades, 2Spades.
P1 HAND: KDiamonds, JDiamonds, AClubs, JClubs, QHearts, 5Hearts, 7Spades, KSpades, JSpades, 3Spades.
P2 HAND: 6Diamonds, 5Diamonds, KClubs, 3Clubs, 7Hearts, KHearts, 4Hearts, QSpades, 6Spades, 4Spades.
P3 HAND: 7Diamonds, 4Diamonds, 3Diamonds, 2Diamonds, 7Clubs, QClubs, 5Clubs, 2Clubs, 6Hearts, 3Hearts.
P3 2Diamonds P0 ADiamonds P1 JDiamonds P2 6Diamonds 
P0 QDiamonds P1 KDiamonds P2 5Diamonds P3 7Diamonds 
P3 3Diamonds P0 2Hearts P1 3Spades P2 4Hearts 
P3 3Hearts P0 AHearts P1 5Hearts P2 7Hearts 
P0 ASpades P1 JSpades P2 QSpades P3 2Clubs 
P3 4Diamonds P0 JHearts P1 QHearts P2 3Clubs 
P2 4Spades P3 6Hearts P0 2Spades P1 7Spades 
P1 JClubs P2 KClubs P3 7Clubs P0 4Clubs 
P3 5Clubs P0 6Clubs P1 AClubs P2 6Spades 
P1 KSpades P2 KHearts P3 QClubs P0 5Spades 
-- /GAME --
P0 HAND: 7Diamonds, 3Diamonds, 7Clubs, 5Clubs, 3Clubs, JHearts, QHearts, 4Hearts, 4Spades, 3Spades.
P1 HAND: JDiamonds, 6Diamonds, 4Diamonds, 2Diamonds, JClubs, AHearts, 7Hearts, KHearts, ASpades, KSpades.
P2 HAND: ADiamonds, 6Clubs, 4Clubs, 6Hearts, 3Hearts, 2Hearts, 7Spades, JSpades, QSpades, 5Spades.
P3 HAND: KDiamonds, QDiamonds, 5Diamonds, AClubs, KClubs, QClubs, 2Clubs, 5Hearts, 6Spades, 2Spades.
P2 ADiamonds P3 5Diamonds P0 7Diamonds P1 2Diamonds 
P2 4Clubs P3 AClubs P0 3Clubs P1 JClubs 
P3 2Clubs P0 7Clubs P1 KHearts P2 6Clubs 
P1 ASpades P2 5Spades P3 6Spades P0 3Spades 
P1 4Diamonds P2 QSpades P3 KDiamonds P0 3Diamonds 
P3 2Spades P0 4Spades P1 KSpades P2 7Spades 
P2 JSpades P3 QDiamonds P0 JHearts P1 7Hearts 
P1 6Diamonds P2 2Hearts P3 QClubs P0 5Clubs 
P2 3Hearts P3 5Hearts P0 QHearts P1 AHearts 
P1 JDiamonds P2 6Hearts P3 KClubs P0 4Hearts 
-- /GAME --
P0 HAND: QDiamonds, 5Diamonds, QClubs, 4Hearts, ASpades, KSpades, QSpades, 4Spades, 3Spades, 2Spades.
P1 HAND: 7Diamonds, 6Diamonds, 4Diamonds, 4Clubs, 7Hearts, KHearts, QHearts, 3Hearts, 2Hearts, JSpades.
P2 HAND: ADiamonds, KDiamonds, JDiamonds, 3Diamonds, 2Diamonds, AClubs, JClubs, 3Clubs, 2Clubs, JHearts.
P3 HAND: 7Clubs, KClubs, 6Clubs, 5Clubs, AHearts, 6Hearts, 5Hearts, 7Spades, 6Spades, 5Spades.
P1 2Hearts P2 JHearts P3 AHearts P0 4Hearts 
P3 5Clubs P0 QClubs P1 4Clubs P2 AClubs 
P2 2Diamonds P3 5Hearts P0 QDiamonds P1 7Diamonds 
P1 3Hearts P2 2Clubs P3 6Hearts P0 5Diamonds 
P3 6Clubs P0 2Spades P1 4Diamonds P2 JClubs 
P0 ASpades P1 JSpades P2 ADiamonds P3 5Spades 
P0 3Spades P1 6Diamonds P2 3Diamonds P3 6Spades 
P3 7Spades P0 4Spades P1 QHearts P2 3Clubs 
P3 KClubs P0 QSpades P1 KHearts P2 KDiamonds 
P0 KSpades P1 7Hearts P2 JDiamonds P3 7Clubs 
-- /GAME --
P0 HAND: 7Diamonds, 7Clubs, JClubs, 6Clubs, 5Clubs, 4Hearts, 7Spades, 6Spades, 4Spades, 3Spades.
P1 HAND: JDiamonds, 6Diamonds, 2Diamonds, KClubs, 3Clubs, QHearts, 3Hearts, 2Hearts, JSpades, 5Spades.
P2 HAND: ADiamonds, 5Diamonds, 3Diamonds, AClubs, 4Clubs, 2Clubs, KHearts, 6Hearts, KSpades, 2Spades.
P3 HAND: KDiamonds, QDiamonds, 4Diamonds, QClubs, AHearts, 7Hearts, JHearts, 5Hearts, ASpades, QSpades.
P0 4Hearts P1 2Hearts P2 6Hearts P3 AHearts 
P3 4Diamonds P0 7Diamonds P1 2Diamonds P2 ADiamonds 
P2 AClubs P3 QClubs P0 7Clubs P1 3Clubs 
P2 2Clubs P3 5Hearts P0 6Clubs P1 KClubs 
P1 3Hearts P2 KHearts P3 JHearts P0 JClubs 
P2 3Diamonds P3 QDiamonds P0 3Spades P1 6Diamonds 
P0 4Spades P1 5Spades P2 2Spades P3 QSpades 
P3 ASpades P0 6Spades P1 JSpades P2 KSpades 
P3 KDiamonds P0 7Spades P1 JDiamonds P2 5Diamonds 
P0 5Clubs P1 QHearts P2 4Clubs P3 7Hearts 
-- /GAME --
P0 HAND: 7Diamonds, KDiamonds, JDiamonds, 5Diamonds, 3Diamonds, KClubs, KHearts, QHearts, 6Hearts, 6Spades.
P1 HAND: ADiamonds, QDiamonds, 7Clubs, JClubs, 3Clubs, 2Clubs, 3Hearts, JSpades, 4Spades, 2Spades.
P2 HAND: 6Diamonds, 4Diamonds, 2Diamonds, AHearts, 7Hearts, 5Hearts, 2Hearts, 7Spades, QSpades, 5Spades.
P3 HAND: AClubs, QClubs, 6Clubs, 5Clubs, 4Clubs, JHearts, 4Hearts, ASpades, KSpades, 3Spades.
P3 3Spades 
