-- GAME --
P0 HAND: 2Diamonds, QClubs, 4Clubs, KHearts, 6Hearts, ASpades, 5Spades, 4Spades, 3Spades, 2Spades.
P1 HAND: KDiamonds, 7Clubs, 6Clubs, 5Clubs, AHearts, QHearts, 4Hearts, 3Hearts, 7Spades, JSpades.
P2 HAND: 4Diamonds, 3Diamonds, KClubs, JClubs, 2Clubs, 7Hearts, JHearts, 5Hearts, KSpades, 6Spades.
P3 HAND: ADiamonds, 7Diamonds, JDiamonds, QDiamonds, 6Diamonds, 5Diamonds, AClubs, 3Clubs, 2Hearts, QSpades.
P2 2Clubs P3 AClubs P0 4Clubs P1 7Clubs 
P3 2Hearts P0 6Hearts P1 AHearts P2 5Hearts 
P1 3Hearts P2 JHearts P3 3Clubs P0 KHearts 
P0 QClubs P1 5Clubs P2 JClubs P3 QSpades 
P3 5Diamonds P0 2Diamonds P1 KDiamonds P2 3Diamonds 
P1 4Hearts P2 7Hearts P3 6Diamonds P0 5Spades 
P0 4Spades P1 JSpades P2 6Spades P3 ADiamonds 
P1 6Clubs P2 KClubs P3 QDiamonds P0 3Spades 
P0 ASpades P1 7Spades P2 KSpades P3 JDiamonds 
P0 2Spades P1 QHearts P2 4Diamonds P3 7Diamonds 
-- /GAME --
P0 HAND: 2Diamonds, KClubs, 5Clubs, AHearts, 6Hearts, 5Hearts, 2Hearts, ASpades, JSpades, 2Spades.
P1 HAND: ADiamonds, 5Diamonds, 3Diamonds, QClubs, 6Clubs, 4Clubs, 2Clubs, 7Hearts, JHearts, 4Hearts.
P2 HAND: 7Diamonds, KDiamonds, 6Diamonds, 4Diamonds, AClubs, 3Hearts, KSpades, 5Spades, 4Spades, 3Spades.
P3 HAND: JDiamonds, QDiamonds, 7Clubs, JClubs, 3Clubs, KHearts, QHearts, 7Spades, QSpades, 6Spades.
P1 ADiamonds P2 4Diamonds P3 JDiamonds P0 2Diamonds 
P1 2Clubs P2 AClubs P3 3Clubs P0 KClubs 
P2 3Hearts P3 QHearts P0 AHearts P1 4Hearts 
P0 6Hearts P1 JHearts P2 6Diamonds P3 KHearts 
P3 QDiamonds P0 5Clubs P1 3Diamonds P2 7Diamonds 
P2 3Spades P3 6Spades P0 JSpades P1 4Clubs 
P0 2Hearts P1 7Hearts P2 4Spades P3 QSpades 
P3 JClubs P0 5Hearts P1 6Clubs P2 5Spades 
P2 KSpades P3 7Spades P0 ASpades P1 5Diamonds 
P0 2Spades P1 QClubs P2 KDiamonds P3 7Clubs 
-- /GAME --
P0 HAND: JDiamonds, QDiamonds, 5Diamonds, 2Diamonds, 2Clubs, AHearts, QHearts, 5Hearts, ASpades, QSpades.
P1 HAND: 7Diamonds, KDiamonds, AClubs, JClubs, QClubs, 7Hearts, JHearts, 6Hearts, 4Hearts, 2Hearts.
P2 HAND: ADiamonds, 7Clubs, 4Clubs, 3Clubs, KSpades, JSpades, 6Spades, 5Spades, 4Spades, 3Spades.
P3 HAND: 6Diamonds, 4Diamonds, 3Diamonds, KClubs, 6Clubs, 5Clubs, KHearts, 3Hearts, 7Spades, 2Spades.
P0 ASpades P1 QClubs P2 3Spades P3 7Spades 
P1 2Hearts P2 4Spades P3 3Hearts P0 AHearts 
P0 QHearts P1 4Hearts P2 5Spades P3 KHearts 
P3 2Spades P0 QSpades P1 6Hearts P2 KSpades 
P2 ADiamonds P3 3Diamonds P0 JDiamonds P1 KDiamonds 
P2 6Spades P3 4Diamonds P0 5Hearts P1 JClubs 
P1 JHearts P2 3Clubs P3 6Diamonds P0 QDiamonds 
P2 JSpades P3 5Clubs P0 2Diamonds P1 7Diamonds 
P3 6Clubs P0 2Clubs P1 AClubs P2 4Clubs 
P1 7Hearts P2 7Clubs P3 KClubs P0 5Diamonds 
-- /GAME --
P0 HAND: JDiamonds, 5Clubs, KHearts, QHearts, 5Hearts, 3Hearts, KSpades, QSpades, 6Spades, 5Spades.
P1 HAND: QDiamonds, 3Diamonds, AClubs, 7Clubs, 2Clubs, 4Hearts, 7Spades, JSpades, 4Spades, 2Spades.
P2 HAND: 7Diamonds, KDiamonds, 5Diamonds, 4Diamonds, 2Diamonds, JClubs, 7Hearts, 6Hearts, 2Hearts, 3Spades.
P3 HAND: ADiamonds, 6Diamonds, KClubs, QClubs, 6Clubs, 4Clubs, 3Clubs, AHearts, JHearts, ASpades.
P3 ADiamonds P0 JDiamonds P1 QDiamonds P2 2Diamonds 
P3 AHearts P0 3Hearts P1 4Hearts P2 2Hearts 
P3 ASpades P0 5Spades P1 7Spades P2 3Spades 
P3 6Diamonds P0 5Hearts P1 3Diamonds P2 7Diamonds 
P2 4Diamonds P3 3Clubs P0 5Clubs P1 2Spades 
P0 6Spades P1 4Spades P2 5Diamonds P3 4Clubs 
P3 JHearts P0 QHearts P1 2Clubs P2 6Hearts 
P1 JSpades P2 JClubs P3 KClubs P0 QSpades 
P3 6Clubs P0 KHearts P1 7Clubs P2 KDiamonds 
P1 AClubs P2 7Hearts P3 QClubs P0 KSpades 
-- /GAME --
P0 HAND: 7Diamonds, 3Diamonds, 4Clubs, KHearts, 6Hearts, 3Hearts, 2Hearts, ASpades, KSpades, 6Spades.
P1 HAND: 5Diamonds, AClubs, QClubs, 6Clubs, 3Clubs, AHearts, 4Hearts, QSpades, 4Spades, 3Spades.
P2 HAND: KDiamonds, QDiamonds, 2Diamonds, 7Clubs, KClubs, JClubs, JHearts, 7Spades, JSpades, 5Spades.
P3 HAND: ADiamonds, JDiamonds, 6Diamonds, 4Diamonds, 5Clubs, 2Clubs, 7Hearts, QHearts, 5Hearts, 2Spades.
P2 2Diamonds P3 ADiamonds P0 3Diamonds P1 5Diamonds 
P3 2Spades P0 ASpades P1 3Spades P2 7Spades 
P0 KSpades P1 4Spades P2 JSpades P3 2Clubs 
P3 4Diamonds P0 7Diamonds P1 3Clubs P2 QDiamonds 
P1 AHearts P2 JHearts P3 7Hearts P0 2Hearts 
P1 4Hearts P2 5Spades P3 5Hearts P0 KHearts 
P0 6Hearts P1 QSpades P2 JClubs P3 QHearts 
P2 KClubs P3 5Clubs P0 4Clubs P1 6Clubs 
P2 7Clubs P3 6Diamonds P0 6Spades P1 AClubs 
P1 QClubs P2 KDiamonds P3 JDiamonds P0 3Hearts 
-- /GAME --
P0 HAND: AClubs, KClubs, 2Clubs, 7Hearts, KHearts, 5Hearts, 2Hearts, 7Spades, QSpades, 2Spades.
P1 HAND: 7Diamonds, KDiamonds, JDiamonds, QDiamonds, 6Diamonds, 3Diamonds, QClubs, 3Clubs, 4Hearts, 3Hearts.
P2 HAND: 4Diamonds, 2Diamonds, 5Clubs, 4Clubs, AHearts, QHearts, 6Spades, 5Spades, 4Spades, 3Spades.
P3 HAND: ADiamonds, 5Diamonds, 7Clubs, JClubs, 6Clubs, JHearts, 6Hearts, ASpades, KSpades, JSpades.
P1 3Diamonds P2 2Diamonds P3 ADiamonds P0 7Spades 
P3 ASpades P0 2Spades P1 7Diamonds P2 3Spades 
P3 5Diamonds P0 QSpades P1 6Diamonds P2 4Diamonds 
P1 3Clubs P2 4Clubs P3 6Clubs P0 KClubs 
P0 KHearts P1 3Hearts P2 QHearts P3 6Hearts 
P0 5Hearts P1 4Hearts P2 AHearts P3 JHearts 
P2 4Spades P3 JSpades P0 2Hearts P1 QDiamonds 
P0 AClubs P1 QClubs P2 5Clubs P3 JClubs 
P0 7Hearts P1 JDiamonds P2 5Spades P3 KSpades 
P0 2Clubs P1 KDiamonds P2 6Spades P3 7Clubs 
-- /GAME --

