-- GAME --
P0 HAND: 7Diamonds, JDiamonds, KClubs, 5Clubs, 3Clubs, AHearts, QHearts, 2Hearts, JSpades, QSpades.
P1 HAND: 6Diamonds, 5Diamonds, 4Diamonds, 2Diamonds, AClubs, JClubs, 3Hearts, 7Spades, 5Spades, 3Spades.
P2 HAND: ADiamonds, KDiamonds, 3Diamonds, 7Clubs, QClubs, 6Clubs, 4Clubs, 2Clubs, 6Hearts, 6Spades.
P3 HAND: QDiamonds, 7Hearts, KHearts, JHearts, 5Hearts, 4Hearts, ASpades, KSpades, 4Spades, 2Spades.
P0 JDiamonds P1 2Diamonds P2 ADiamonds P3 QDiamonds 
P2 2Clubs P3 4Hearts P0 3Clubs P1 AClubs 
P1 3Hearts P2 6Hearts P3 5Hearts P0 AHearts 
P0 7Diamonds P1 4Diamonds P2 KDiamonds P3 2Spades 
P3 JHearts P0 QHearts P1 3Spades P2 6Spades 
P2 3Diamonds P3 4Spades P0 QSpades P1 5Diamonds 
P0 2Hearts P1 6Diamonds P2 4Clubs P3 7Hearts 
P3 KSpades P0 JSpades P1 5Spades P2 6Clubs 
P3 ASpades P0 5Clubs P1 7Spades P2 QClubs 
P3 KHearts P0 KClubs P1 JClubs P2 7Clubs 
-- /GAME --
P0 HAND: 7Diamonds, KDiamonds, JDiamonds, AClubs, KClubs, QClubs, 3Clubs, QHearts, 4Hearts, 4Spades.
P1 HAND: 3Diamonds, 4Clubs, 7Hearts, 3Hearts, ASpades, KSpades, 6Spades, 5Spades, 3Spades, 2Spades.
P2 HAND: ADiamonds, QDiamonds, 5Diamonds, 7Clubs, JClubs, 2Clubs, KHearts, 6Hearts, 7Spades, QSpades.
P3 HAND: 6Diamonds, 4Diamonds, 2Diamonds, 6Clubs, 5Clubs, AHearts, JHearts, 5Hearts, 2Hearts, JSpades.
P3 AHearts P0 4Hearts P1 7Hearts P2 6Hearts 
P3 2Hearts P0 QHearts P1 3Hearts P2 KHearts 
P2 2Clubs P3 5Clubs P0 AClubs P1 4Clubs 
P0 4Spades P1 2Spades P2 QSpades P3 JSpades 
P3 5Hearts P0 3Clubs P1 3Spades P2 5Diamonds 
P2 JClubs P3 6Clubs P0 KClubs P1 3Diamonds 
P1 5Spades P2 7Spades P3 2Diamonds P0 7Diamonds 
P0 JDiamonds P1 6Spades P2 QDiamonds P3 4Diamonds 
P0 QClubs P1 KSpades P2 7Clubs P3 6Diamonds 
P3 JHearts P0 KDiamonds P1 ASpades P2 ADiamonds 
-- /GAME --
P0 HAND: ADiamonds, 7Clubs, KClubs, JClubs, 5Clubs, AHearts, 4Hearts, JSpades, 5Spades, 2Spades.
P1 HAND: 7Diamonds, KDiamonds, AClubs, 6Clubs, 2Clubs, QHearts, 3Hearts, 7Spades, KSpades, 6Spades.
P2 HAND: 5Diamonds, 4Diamonds, 2Diamonds, QClubs, 4Clubs, JHearts, 6Hearts, 5Hearts, 2Hearts, ASpades.
P3 HAND: JDiamonds, QDiamonds, 6Diamonds, 3Diamonds, 3Clubs, 7Hearts, KHearts, QSpades, 4Spades, 3Spades.
P2 ASpades P3 3Spades P0 JSpades P1 6Spades 
P2 2Diamonds P3 3Diamonds P0 ADiamonds P1 KDiamonds 
P0 5Clubs P1 2Clubs P2 4Clubs P3 3Clubs 
P0 JClubs P1 6Clubs P2 QClubs P3 4Spades 
P0 2Spades P1 KSpades P2 2Hearts P3 QSpades 
P1 3Hearts P2 5Hearts P3 KHearts P0 4Hearts 
P3 6Diamonds P0 5Spades P1 7Diamonds P2 4Diamonds 
P1 QHearts P2 6Hearts P3 7Hearts P0 AHearts 
P0 KClubs P1 AClubs P2 5Diamonds P3 JDiamonds 
P1 7Spades P2 JHearts P3 QDiamonds P0 7Clubs 
-- /GAME --
P0 HAND: 7Diamonds, KDiamonds, 2Diamonds, 7Clubs, QClubs, 7Hearts, KHearts, 4Hearts, 5Spades, 2Spades.
P1 HAND: ADiamonds, 4Diamonds, JClubs, 5Clubs, 3Clubs, AHearts, 3Hearts, 2Hearts, ASpades, KSpades.
P2 HAND: JDiamonds, 6Diamonds, 3Diamonds, AClubs, 2Clubs, QHearts, 6Hearts, 5Hearts, JSpades, 3Spades.
P3 HAND: QDiamonds, 5Diamonds, KClubs, 6Clubs, 4Clubs, JHearts, 7Spades, QSpades, 6Spades, 4Spades.
P1 AHearts P2 5Hearts P3 JHearts P0 4Hearts 
P1 ASpades P2 3Spades P3 7Spades P0 2Spades 
P1 2Hearts P2 6Hearts P3 4Clubs P0 7Hearts 
P0 2Diamonds P1 4Diamonds P2 3Diamonds P3 5Diamonds 
P3 4Spades P0 5Spades P1 KSpades P2 JSpades 
P1 3Clubs P2 AClubs P3 6Clubs P0 7Clubs 
P2 2Clubs P3 KClubs P0 QClubs P1 JClubs 
P3 6Spades P0 7Diamonds P1 ADiamonds P2 QHearts 
P1 3Hearts P2 6Diamonds P3 QSpades P0 KHearts 
P2 JDiamonds P3 QDiamonds P0 KDiamonds P1 5Clubs 
-- /GAME --
P0 HAND: 7Diamonds, KDiamonds, 6Clubs, 3Clubs, AHearts, JHearts, 6Hearts, ASpades, 5Spades, 2Spades.
P1 HAND: JDiamonds, 5Diamonds, 4Diamonds, 3Diamonds, 5Clubs, 4Clubs, 2Clubs, 2Hearts, KSpades, QSpades.
P2 HAND: QDiamonds, 6Diamonds, AClubs, JClubs, QClubs, QHearts, 3Hearts, JSpades, 6Spades, 3Spades.
P3 HAND: ADiamonds, 2Diamonds, 7Clubs, KClubs, 7Hearts, KHearts, 5Hearts, 4Hearts, 7Spades, 4Spades.
P0 AHearts P1 2Hearts P2 3Hearts P3 4Hearts 
P0 6Hearts P1 2Clubs P2 QHearts P3 5Hearts 
P2 AClubs P3 KClubs P0 6Clubs P1 4Clubs 
P2 3Spades P3 4Spades P0 2Spades P1 KSpades 
P1 3Diamonds P2 6Diamonds P3 ADiamonds P0 KDiamonds 
P3 2Diamonds P0 7Diamonds P1 4Diamonds P2 QDiamonds 
P0 ASpades P1 QSpades P2 JSpades P3 7Spades 
P0 3Clubs P1 5Clubs P2 QClubs P3 7Clubs 
P3 KHearts P0 JHearts P1 5Diamonds P2 6Spades 
P3 7Hearts P0 5Spades P1 JDiamonds P2 JClubs 
-- /GAME --
P0 HAND: 5Diamonds, 2Diamonds, AClubs, QClubs, 6Clubs, JHearts, QHearts, ASpades, KSpades, 5Spades.
P1 HAND: ADiamonds, KDiamonds, QDiamonds, 4Diamonds, 7Clubs, JClubs, 4Clubs, KHearts, QSpades, 6Spades.
P2 HAND: 7Diamonds, JDiamonds, 3Clubs, 2Clubs, 6Hearts, 5Hearts, 3Hearts, JSpades, 3Spades, 2Spades.
P3 HAND: 6Diamonds, 3Diamonds, KClubs, 5Clubs, AHearts, 7Hearts, 4Hearts, 2Hearts, 7Spades, 4Spades.
P3 AHearts P0 QHearts P1 KHearts P2 3Hearts 
P3 2Hearts P0 JHearts P1 4Diamonds P2 6Hearts 
P0 2Diamonds P1 ADiamonds P2 JDiamonds P3 6Diamonds 
P1 4Clubs P2 2Clubs P3 5Clubs P0 AClubs 
P0 5Diamonds P1 QDiamonds P2 7Diamonds P3 3Diamonds 
P2 3Clubs P3 KClubs P0 6Clubs P1 7Clubs 
P1 JClubs P2 5Hearts P3 4Hearts P0 QClubs 
P1 6Spades P2 2Spades P3 4Spades P0 5Spades 
P1 QSpades P2 3Spades P3 7Spades P0 ASpades 
P0 KSpades P1 KDiamonds P2 JSpades P3 7Hearts 
-- /GAME --

