-- GAME --
P0 HAND: 7Diamonds, 6Diamonds, 3Diamonds, 2Diamonds, KClubs, 2Clubs, AHearts, 7Spades, 4Spades, 3Spades.
P1 HAND: ADiamonds, QClubs, 5Clubs, 4Clubs, 6Hearts, 5Hearts, KSpades, QSpades, 6Spades, 5Spades.
P2 HAND: QDiamonds, 5Diamonds, 4Diamonds, AClubs, 7Clubs, 6Clubs, 4Hearts, 3Hearts, 2Hearts, ASpades.
P3 HAND: KDiamonds, JDiamonds, JClubs, 3Clubs, 7Hearts, KHearts, JHearts, QHearts, JSpades, 2Spades.
P3 2Spades P0 3Spades P1 5Spades P2 ASpades 
P2 AClubs P3 3Clubs P0 KClubs P1 4Clubs 
P2 2Hearts P3 QHearts P0 AHearts P1 5Hearts 
P0 2Clubs P1 5Clubs P2 7Clubs P3 JClubs 
P2 3Hearts P3 JHearts P0 6Diamonds P1 6Hearts 
P0 2Diamonds P1 ADiamonds P2 4Diamonds P3 JDiamonds 
P1 6Spades P2 4Hearts P3 JSpades P0 7Spades 
P0 4Spades P1 QSpades P2 6Clubs P3 7Hearts 
P1 QClubs P2 5Diamonds P3 KDiamonds P0 3Diamonds 
P3 KHearts P0 7Diamonds P1 KSpades P2 QDiamonds 
-- /GAME --
P0 HAND: QDiamonds, 6Diamonds, 4Diamonds, 3Diamonds, JClubs, 3Clubs, ASpades, KSpades, 5Spades, 4Spades.
P1 HAND: ADiamonds, 5Diamonds, QClubs, 6Hearts, 5Hearts, 4Hearts, 3Hearts, 2Hearts, QSpades, 3Spades.
P2 HAND: 7Diamonds, 2Diamonds, 7Clubs, KClubs, 4Clubs, KHearts, JHearts, QHearts, 7Spades, 6Spades.
P3 HAND: KDiamonds, JDiamonds, AClubs, 6Clubs, 5Clubs, 2Clubs, AHearts, 7Hearts, JSpades, 2Spades.
P2 4Clubs P3 AClubs P0 3Clubs P1 QClubs 
P3 AHearts P0 QDiamonds P1 2Hearts P2 KHearts 
P0 ASpades P1 3Spades P2 7Spades P3 2Spades 
P0 KSpades P1 QSpades P2 6Spades P3 JSpades 
P0 5Spades P1 3Hearts P2 QHearts P3 2Clubs 
P0 4Spades P1 4Hearts P2 2Diamonds P3 5Clubs 
P2 JHearts P3 7Hearts P0 6Diamonds P1 5Hearts 
P0 JClubs P1 6Hearts P2 KClubs P3 6Clubs 
P2 7Diamonds P3 JDiamonds P0 3Diamonds P1 ADiamonds 
P1 5Diamonds P2 7Clubs P3 KDiamonds P0 4Diamonds 
-- /GAME --
P0 HAND: 2Diamonds, QClubs, 4Clubs, AHearts, 6Hearts, 5Hearts, 2Hearts, 7Spades, 5Spades, 3Spades.
P1 HAND: QDiamonds, 6Diamonds, 5Diamonds, 4Diamonds, AClubs, JClubs, 5Clubs, KHearts, 6Spades, 2Spades.
P2 HAND: KDiamonds, JDiamonds, 7Clubs, KClubs, 3Clubs, 2Clubs, 7Hearts, QHearts, 3Hearts, JSpades.
P3 HAND: ADiamonds, 7Diamonds, 3Diamonds, 6Clubs, JHearts, 4Hearts, ASpades, KSpades, QSpades, 4Spades.

