-- GAME --
P0 HAND: QDiamonds, KClubs, QClubs, 4Clubs, KHearts, JHearts, 2Hearts, 7Spades, JSpades, 2Spades.
P1 HAND: JDiamonds, 6Diamonds, 4Diamonds, AClubs, 7Clubs, 6Clubs, 2Clubs, AHearts, 5Hearts, 6Spades.
P2 HAND: ADiamonds, KDiamonds, 5Diamonds, JClubs, 5Clubs, 3Clubs, 7Hearts, QHearts, 6Hearts, KSpades.
P3 HAND: 7Diamonds, 3Diamonds, 2Diamonds, 4Hearts, 3Hearts, ASpades, QSpades, 5Spades, 4Spades, 3Spades.
P0 QDiamonds P1 4Diamonds P2 ADiamonds P3 2Diamonds 
P2 3Clubs P3 3Diamonds P0 4Clubs P1 AClubs 
P1 AHearts P2 6Hearts P3 4Hearts P0 2Hearts 
P1 2Clubs P2 5Clubs P3 3Hearts P0 KClubs 
P0 QClubs P1 6Clubs P2 JClubs P3 3Spades 
P3 4Spades P0 2Spades P1 6Spades P2 KSpades 
P2 5Diamonds P3 7Diamonds P0 7Spades P1 6Diamonds 
P0 KHearts P1 5Hearts P2 QHearts P3 5Spades 
P3 QSpades P0 JSpades P1 JDiamonds P2 7Hearts 
P0 JHearts P1 7Clubs P2 KDiamonds P3 ASpades 
-- /GAME --
P0 HAND: KDiamonds, JDiamonds, QDiamonds, 3Diamonds, 6Clubs, 3Clubs, KHearts, 5Hearts, 2Hearts, ASpades.
P1 HAND: ADiamonds, 5Diamonds, 2Diamonds, JClubs, QClubs, QHearts, 4Hearts, 7Spades, 6Spades, 4Spades.
P2 HAND: 6Diamonds, 4Diamonds, 7Clubs, KClubs, 5Clubs, 4Clubs, 2Clubs, AHearts, 7Hearts, 5Spades.
P3 HAND: 7Diamonds, AClubs, JHearts, 6Hearts, 3Hearts, KSpades, JSpades, QSpades, 3Spades, 2Spades.
P3 2Spades P0 ASpades P1 4Spades P2 5Spades 
P0 6Clubs P1 QClubs P2 2Clubs P3 AClubs 
P3 3Hearts P0 KHearts P1 4Hearts P2 AHearts 
P2 4Diamonds P3 7Diamonds P0 3Diamonds P1 ADiamonds 
P1 2Diamonds P2 6Diamonds P3 3Spades P0 KDiamonds 
P0 JDiamonds P1 5Diamonds P2 4Clubs P3 6Hearts 
P2 5Clubs P3 QSpades P0 3Clubs P1 JClubs 
P1 6Spades P2 KClubs P3 JSpades P0 QDiamonds 
P2 7Clubs P3 JHearts P0 5Hearts P1 QHearts 
P2 7Hearts P3 KSpades P0 2Hearts P1 7Spades 
-- /GAME --
P0 HAND: ADiamonds, KDiamonds, QDiamonds, 4Clubs, AHearts, KHearts, JSpades, 6Spades, 5Spades, 2Spades.
P1 HAND: 7Diamonds, 6Diamonds, AClubs, 7Clubs, KClubs, 6Clubs, 5Clubs, 3Clubs, 2Hearts, ASpades.
P2 HAND: 5Diamonds, 4Diamonds, 3Diamonds, 2Diamonds, JClubs, QHearts, 4Hearts, 3Hearts, 7Spades, KSpades.
P3 HAND: JDiamonds, QClubs, 2Clubs, 7Hearts, JHearts, 6Hearts, 5Hearts, QSpades, 4Spades, 3Spades.
P2 2Diamonds P3 JDiamonds P0 ADiamonds P1 6Diamonds 
P0 AHearts P1 2Hearts P2 QHearts P3 5Hearts 
P0 KHearts P1 3Clubs P2 3Hearts P3 7Hearts 
P1 ASpades P2 KSpades P3 QSpades P0 2Spades 
P1 5Clubs P2 JClubs P3 2Clubs P0 4Clubs 
P2 3Diamonds P3 3Spades P0 KDiamonds P1 7Diamonds 
P1 6Clubs P2 4Diamonds P3 QClubs P0 5Spades 
P3 4Spades P0 JSpades P1 KClubs P2 7Spades 
P1 7Clubs P2 4Hearts P3 6Hearts P0 QDiamonds 
P1 AClubs P2 5Diamonds P3 JHearts P0 6Spades 
-- /GAME --
P0 HAND: QDiamonds, 4Diamonds, 3Diamonds, JClubs, QClubs, 6Clubs, KHearts, QHearts, 4Spades, 2Spades.
P1 HAND: 2Diamonds, 5Clubs, 3Clubs, 6Hearts, 3Hearts, 2Hearts, 7Spades, JSpades, QSpades, 6Spades.
P2 HAND: 7Diamonds, KDiamonds, 5Diamonds, 7Clubs, KClubs, 2Clubs, 7Hearts, 4Hearts, 5Spades, 3Spades.
P3 HAND: ADiamonds, JDiamonds, 6Diamonds, AClubs, 4Clubs, AHearts, JHearts, 5Hearts, ASpades, KSpades.
P1 2Diamonds P2 5Diamonds P3 ADiamonds 
