-- GAME --
P0 HAND: 7Clubs, JClubs, 6Clubs, 2Clubs, JHearts, 4Hearts, ASpades, 7Spades, 6Spades, 5Spades.
P1 HAND: ADiamonds, 7Diamonds, 6Diamonds, 5Diamonds, QClubs, 7Hearts, QHearts, 2Hearts, KSpades, JSpades.
P2 HAND: JDiamonds, QDiamonds, 3Diamonds, AClubs, 4Clubs, KHearts, 6Hearts, 5Hearts, 3Hearts, 4Spades.
P3 HAND: KDiamonds, 4Diamonds, 2Diamonds, KClubs, 5Clubs, 3Clubs, AHearts, QSpades, 3Spades, 2Spades.
P3 AHearts P0 4Hearts P1 7Hearts P2 3Hearts 
P3 2Spades P0 ASpades P1 JSpades P2 4Spades 
P0 JHearts P1 2Hearts P2 5Hearts P3 3Clubs 
P0 7Clubs P1 QClubs P2 AClubs P3 5Clubs 
P2 4Clubs P3 KClubs P0 2Clubs P1 KSpades 
P3 3Spades P0 7Spades P1 5Diamonds P2 QDiamonds 
P2 6Hearts P3 QSpades P0 6Clubs P1 QHearts 
P1 6Diamonds P2 3Diamonds P3 2Diamonds P0 5Spades 
P1 7Diamonds P2 JDiamonds P3 4Diamonds P0 6Spades 
P1 ADiamonds P2 KHearts P3 KDiamonds P0 JClubs 
-- /GAME --
P0 HAND: ADiamonds, 3Diamonds, JClubs, QClubs, 4Clubs, AHearts, 7Hearts, KHearts, 4Hearts, 3Hearts.
P1 HAND: 7Diamonds, QDiamonds, AClubs, 6Clubs, 3Clubs, QHearts, 6Hearts, 5Spades, 3Spades, 2Spades.
P2 HAND: JDiamonds, 6Diamonds, 2Diamonds, 7Clubs, 2Hearts, ASpades, 7Spades, JSpades, QSpades, 4Spades.
P3 HAND: KDiamonds, 5Diamonds, 4Diamonds, KClubs, 5Clubs, 2Clubs, JHearts, 5Hearts, KSpades, 6Spades.
P2 2Hearts P3 5Hearts P0 AHearts P1 6Hearts 
P0 ADiamonds P1 QDiamonds P2 2Diamonds P3 4Diamonds 
P0 JClubs P1 AClubs P2 7Clubs P3 KClubs 
P1 2Spades P2 ASpades P3 6Spades P0 7Hearts 
P2 4Spades P3 KSpades P0 4Clubs P1 5Spades 
P3 2Clubs P0 QClubs P1 3Clubs P2 7Spades 
P0 3Hearts P1 QHearts P2 QSpades P3 JHearts 
P3 5Clubs P0 4Hearts P1 6Clubs P2 6Diamonds 
P2 JSpades P3 5Diamonds P0 KHearts P1 3Spades 
P3 KDiamonds P0 3Diamonds P1 7Diamonds P2 JDiamonds 
-- /GAME --
P0 HAND: JDiamonds, 6Diamonds, 2Diamonds, 5Clubs, 2Clubs, QHearts, 5Hearts, 3Hearts, 6Spades, 5Spades.
P1 HAND: ADiamonds, 7Diamonds, QDiamonds, KClubs, 4Clubs, AHearts, 7Hearts, 6Hearts, 2Hearts, 4Spades.
P2 HAND: 5Diamonds, 3Diamonds, 7Clubs, JClubs, 6Clubs, KHearts, 7Spades, KSpades, JSpades, 3Spades.
P3 HAND: KDiamonds, 4Diamonds, AClubs, QClubs, 3Clubs, JHearts, 4Hearts, ASpades, QSpades, 2Spades.
P1 ADiamonds P2 3Diamonds 
