-- GAME --
P0 ASpades P1 KSpades P2 3Hearts P3 KHearts 
P3 2Hearts P0 6Spades P1 5Hearts P2 QHearts 
P2 JHearts P3 AHearts P0 JSpades P1 6Hearts 
P3 KDiamonds P0 7Spades P1 QClubs P2 7Hearts 
-- /GAME --
P0 HAND: KDiamonds, QDiamonds, 7Clubs, 2Clubs, 7Hearts, JHearts, 3Hearts, KSpades, 3Spades, 2Spades.
P1 HAND: ADiamonds, 4Diamonds, KClubs, QClubs, AHearts, KHearts, QHearts, 5Hearts, 4Hearts, ASpades.
P2 HAND: 7Diamonds, JDiamonds, 6Diamonds, 5Diamonds, 5Clubs, 4Clubs, 3Clubs, 2Hearts, 7Spades, 5Spades.
P3 HAND: 3Diamonds, 2Diamonds, AClubs, JClubs, 6Clubs, 6Hearts, JSpades, QSpades, 6Spades, 4Spades.
P3 AClubs P0 2Clubs P1 KClubs P2 3Clubs 
P3 2Diamonds P0 QDiamonds P1 ADiamonds P2 5Diamonds 
P1 4Diamonds P2 6Diamonds P3 3Diamonds P0 KDiamonds 
P0 3Hearts P1 AHearts P2 2Hearts P3 6Hearts 
P1 4Hearts P2 4Clubs P3 6Clubs P0 7Hearts 
P0 JHearts P1 5Hearts P2 5Clubs P3 4Spades 
P3 JClubs P0 7Clubs P1 QClubs P2 7Diamonds 
P0 2Spades P1 ASpades P2 5Spades P3 6Spades 
P1 QHearts P2 7Spades P3 QSpades P0 KSpades 
P2 JDiamonds P3 JSpades P0 3Spades P1 KHearts 
-- /GAME --
P0 HAND: 7Clubs, JClubs, QClubs, KHearts, 6Hearts, 4Hearts, 2Hearts, ASpades, 6Spades, 5Spades.
P1 HAND: KDiamonds, 5Diamonds, 3Diamonds, AClubs, 6Clubs, 7Hearts, 3Hearts, QSpades, 3Spades, 2Spades.
P2 HAND: 7Diamonds, JDiamonds, KClubs, 5Clubs, 4Clubs, 3Clubs, JHearts, QHearts, 5Hearts, JSpades.
P3 HAND: ADiamonds, QDiamonds, 6Diamonds, 4Diamonds, 2Diamonds, 2Clubs, AHearts, 7Spades, KSpades, 4Spades.
P2 3Clubs P3 2Clubs P0 QClubs P1 AClubs 
P1 2Spades P2 JSpades P3 4Spades P0 ASpades 
P0 6Spades P1 3Spades P2 4Clubs P3 7Spades 
P3 2Diamonds P0 5Spades P1 3Diamonds P2 7Diamonds 
P2 5Clubs P3 4Diamonds P0 7Clubs P1 6Clubs 
P0 JClubs P1 5Diamonds P2 KClubs P3 AHearts 
P3 6Diamonds P0 2Hearts P1 KDiamonds P2 JDiamonds 
P0 4Hearts P1 3Hearts P2 5Hearts P3 QDiamonds 
P2 QHearts P3 KSpades P0 KHearts P1 7Hearts 
P1 QSpades P2 JHearts P3 ADiamonds P0 6Hearts 
-- /GAME --
P0 HAND: KDiamonds, 5Diamonds, 4Diamonds, 5Clubs, 4Clubs, 7Spades, KSpades, JSpades, 5Spades, 3Spades.
P1 HAND: JDiamonds, 6Diamonds, KClubs, QClubs, 7Hearts, KHearts, QHearts, ASpades, 4Spades, 2Spades.
P2 HAND: 7Diamonds, 7Clubs, JClubs, 6Clubs, 3Clubs, JHearts, 6Hearts, 5Hearts, QSpades, 6Spades.
P3 HAND: ADiamonds, QDiamonds, 3Diamonds, 2Diamonds, AClubs, 2Clubs, AHearts, 4Hearts, 3Hearts, 2Hearts.
P1 6Diamonds P2 7Diamonds P3 ADiamonds P0 4Diamonds 
P3 AClubs P0 5Clubs P1 KClubs P2 3Clubs 
P3 AHearts P0 3Spades P1 QHearts P2 JHearts 
P0 KDiamonds P1 JDiamonds P2 7Clubs P3 2Diamonds 
P0 5Diamonds P1 QClubs P2 5Hearts P3 QDiamonds 
P3 2Clubs P0 4Clubs P1 2Spades P2 6Clubs 
P1 4Spades P2 6Spades P3 2Hearts P0 5Spades 
P2 6Hearts P3 3Hearts P0 JSpades P1 KHearts 
P0 KSpades P1 ASpades P2 QSpades P3 4Hearts 
P1 7Hearts P2 JClubs P3 3Diamonds P0 7Spades 
-- /GAME --
P0 HAND: 7Diamonds, KDiamonds, 6Diamonds, 5Diamonds, KHearts, 6Hearts, 3Hearts, KSpades, 6Spades, 4Spades.
P1 HAND: ADiamonds, JDiamonds, 5Clubs, 4Clubs, QHearts, 5Hearts, 4Hearts, 7Spades, 5Spades, 3Spades.
P2 HAND: 4Diamonds, 3Diamonds, AClubs, 7Clubs, JClubs, QClubs, JHearts, 2Hearts, ASpades, 2Spades.
P3 HAND: QDiamonds, 2Diamonds, KClubs, 6Clubs, 3Clubs, 2Clubs, AHearts, 7Hearts, JSpades, QSpades.
P0 4Spades P1 3Spades P2 ASpades P3 QSpades 
P2 AClubs P3 2Clubs P0 3Hearts P1 4Clubs 
P0 5Diamonds P1 ADiamonds P2 3Diamonds P3 QDiamonds 
P1 5Clubs P2 QClubs P3 3Clubs P0 KSpades 
P2 2Spades P3 JSpades P0 6Spades P1 7Spades 
P1 5Spades P2 4Diamonds P3 2Diamonds P0 6Diamonds 
P1 JDiamonds P2 2Hearts P3 6Clubs P0 7Diamonds 
P2 JClubs P3 KClubs P0 6Hearts P1 QHearts 
P1 4Hearts P2 JHearts P3 7Hearts P0 KHearts 
P3 AHearts P0 KDiamonds P1 5Hearts P2 7Clubs 
-- /GAME --
P0 HAND: KDiamonds, 5Diamonds, 4Diamonds, AClubs, 7Clubs, QClubs, 7Hearts, KHearts, 2Hearts, 4Spades.
P1 HAND: 7Diamonds, 2Diamonds, JClubs, 6Clubs, 2Clubs, AHearts, JHearts, QHearts, 6Hearts, 5Hearts.
P2 HAND: ADiamonds, 6Diamonds, KClubs, 4Clubs, 3Clubs, 7Spades, KSpades, JSpades, QSpades, 6Spades.
P3 HAND: JDiamonds, QDiamonds, 3Diamonds, 5Clubs, 4Hearts, 3Hearts, ASpades, 5Spades, 3Spades, 2Spades.
P3 3Diamonds P0 4Diamonds P1 2Diamonds P2 ADiamonds 
P2 3Clubs P3 5Clubs P0 7Clubs P1 2Clubs 
P0 QClubs P1 6Clubs P2 4Clubs P3 3Hearts 
P0 AClubs P1 JClubs P2 KClubs P3 2Spades 
P3 4Hearts P0 2Hearts P1 AHearts P2 6Spades 
P2 6Diamonds P3 QDiamonds P0 KDiamonds P1 7Diamonds 
P1 5Hearts P2 QSpades P3 3Spades P0 KHearts 
P2 JSpades P3 5Spades P0 4Spades P1 6Hearts 
P2 KSpades P3 ASpades P0 5Diamonds P1 JHearts 
P3 JDiamonds P0 7Hearts P1 QHearts P2 7Spades 
-- /GAME --
P0 HAND: 6Diamonds, 5Diamonds, 5Clubs, 7Hearts, 2Hearts, ASpades, 7Spades, QSpades, 4Spades, 2Spades.
P1 HAND: 4Diamonds, AClubs, 7Clubs, KClubs, 4Clubs, JHearts, 5Hearts, 4Hearts, 3Hearts, KSpades.
P2 HAND: ADiamonds, 7Diamonds, KDiamonds, JDiamonds, JClubs, QClubs, 3Clubs, AHearts, JSpades, 3Spades.
P3 HAND: QDiamonds, 3Diamonds, 2Diamonds, 6Clubs, 2Clubs, KHearts, QHearts, 6Hearts, 6Spades, 5Spades.
P2 ADiamonds P3 2Diamonds P0 6Diamonds P1 4Diamonds 
P2 3Clubs P3 2Clubs P0 5Clubs P1 AClubs 
P1 4Clubs P2 QClubs P3 6Clubs P0 2Spades 
P2 3Spades P3 5Spades P0 ASpades P1 KSpades 
P0 7Spades P1 3Hearts P2 JSpades P3 6Spades 
P1 4Hearts P2 AHearts P3 6Hearts P0 7Hearts 
P2 JDiamonds P3 3Diamonds P0 5Diamonds P1 5Hearts 
P1 JHearts P2 JClubs P3 QHearts P0 2Hearts 
P1 KClubs P2 KDiamonds P3 KHearts P0 4Spades 
P3 QDiamonds P0 QSpades P1 7Clubs P2 7Diamonds 
-- /GAME --

