-- GAME --
P0 HAND: ADiamonds, QDiamonds, 4Diamonds, 3Diamonds, QClubs, QHearts, 2Hearts, KSpades, 6Spades, 5Spades.
P1 HAND: 6Diamonds, KClubs, JClubs, 5Clubs, 2Clubs, JHearts, ASpades, 7Spades, JSpades, 2Spades.
P2 HAND: KDiamonds, 5Diamonds, AClubs, AHearts, KHearts, 5Hearts, 4Hearts, QSpades, 4Spades, 3Spades.
P3 HAND: 7Diamonds, JDiamonds, 2Diamonds, 7Clubs, 6Clubs, 4Clubs, 3Clubs, 7Hearts, 6Hearts, 3Hearts.
P1 2Clubs P2 AClubs P3 3Clubs P0 QClubs 
P2 AHearts P3 3Hearts P0 QHearts P1 JHearts 
P2 4Hearts P3 6Hearts P0 2Hearts P1 KClubs 
P3 2Diamonds P0 ADiamonds P1 6Diamonds P2 KDiamonds 
P0 3Diamonds P1 5Clubs P2 5Diamonds P3 7Diamonds 
P3 4Clubs P0 5Spades P1 JClubs P2 KHearts 
P0 4Diamonds P1 2Spades P2 5Hearts P3 JDiamonds 
P1 JSpades P2 3Spades P3 6Clubs P0 KSpades 
P0 QDiamonds P1 7Spades P2 4Spades P3 7Clubs 
P1 ASpades P2 QSpades P3 7Hearts P0 6Spades 
-- /GAME --
P0 HAND: 7Diamonds, QDiamonds, 5Diamonds, KClubs, JClubs, 4Clubs, 3Clubs, 6Hearts, 4Hearts, QSpades.
P1 HAND: KDiamonds, 4Diamonds, AClubs, QClubs, 5Clubs, 2Clubs, KHearts, 5Hearts, 3Hearts, JSpades.
P2 HAND: 3Diamonds, AHearts, 7Hearts, JHearts, QHearts, 2Hearts, ASpades, 7Spades, KSpades, 6Spades.
P3 HAND: ADiamonds, JDiamonds, 6Diamonds, 2Diamonds, 7Clubs, 6Clubs, 5Spades, 4Spades, 3Spades, 2Spades.
P0 4Hearts P1 3Hearts P2 AHearts P3 2Spades 
P3 ADiamonds P0 5Diamonds P1 KDiamonds P2 3Diamonds 
P3 2Diamonds P0 7Diamonds P1 4Diamonds P2 7Hearts 
P0 QDiamonds P1 2Clubs P2 2Hearts P3 JDiamonds 
P3 6Diamonds P0 6Hearts P1 5Clubs P2 QHearts 
P3 6Clubs P0 4Clubs P1 AClubs P2 6Spades 
P2 JHearts P3 3Spades P0 QSpades P1 5Hearts 
P0 3Clubs P1 QClubs P2 KSpades P3 7Clubs 
P2 7Spades P3 4Spades P0 KClubs P1 JSpades 
P2 ASpades P3 5Spades P0 JClubs P1 KHearts 
-- /GAME --
P0 HAND: ADiamonds, JDiamonds, 2Diamonds, QClubs, 5Clubs, 2Clubs, 6Hearts, 7Spades, 6Spades, 5Spades.
P1 HAND: 7Diamonds, QDiamonds, 6Diamonds, 4Diamonds, 3Clubs, QHearts, 3Hearts, KSpades, QSpades, 2Spades.
P2 HAND: KDiamonds, 3Diamonds, AClubs, KClubs, 6Clubs, 4Clubs, 4Hearts, 2Hearts, JSpades, 4Spades.
P3 HAND: 5Diamonds, 7Clubs, JClubs, AHearts, 7Hearts, KHearts, JHearts, 5Hearts, ASpades, 3Spades.
P3 5Diamonds P0 ADiamonds P1 4Diamonds P2 KDiamonds 
P0 6Hearts P1 3Hearts P2 2Hearts P3 AHearts 
P3 5Hearts P0 7Spades P1 QHearts P2 4Hearts 
P0 2Clubs P1 3Clubs P2 AClubs P3 JClubs 
P2 3Diamonds P3 3Spades P0 2Diamonds P1 7Diamonds 
P3 JHearts P0 6Spades P1 6Diamonds P2 KClubs 
P0 QClubs P1 QDiamonds P2 4Clubs P3 7Clubs 
P3 ASpades P0 5Spades P1 2Spades P2 4Spades 
P3 KHearts P0 5Clubs P1 QSpades P2 JSpades 
P2 6Clubs P3 7Hearts P0 JDiamonds P1 KSpades 
-- /GAME --
P0 HAND: JDiamonds, 5Diamonds, 7Clubs, JClubs, 3Clubs, 2Clubs, AHearts, 6Hearts, 4Hearts, JSpades.
P1 HAND: ADiamonds, 3Diamonds, 2Diamonds, KClubs, 6Clubs, 5Clubs, 4Clubs, 5Spades, 4Spades, 3Spades.
P2 HAND: 7Diamonds, QDiamonds, QClubs, 7Hearts, KHearts, 3Hearts, ASpades, 7Spades, QSpades, 2Spades.
P3 HAND: KDiamonds, 6Diamonds, 4Diamonds, AClubs, JHearts, QHearts, 5Hearts, 2Hearts, KSpades, 6Spades.
P2 ASpades P3 6Spades P0 JSpades P1 3Spades 
P2 2Spades P3 KSpades P0 JClubs P1 4Spades 
P0 5Diamonds P1 ADiamonds P2 QDiamonds P3 KDiamonds 
P1 2Diamonds P2 7Diamonds P3 4Diamonds P0 JDiamonds 
P2 3Hearts P3 2Hearts P0 AHearts P1 4Clubs 
P1 3Diamonds P2 QSpades P3 6Diamonds P0 7Clubs 
P0 6Hearts P1 5Spades P2 7Hearts P3 5Hearts 
P2 QClubs P3 AClubs P0 2Clubs P1 5Clubs 
P3 QHearts P0 4Hearts P1 6Clubs P2 KHearts 
P1 KClubs P2 7Spades P3 JHearts P0 3Clubs 
-- /GAME --
P0 HAND: 5Diamonds, 7Clubs, KClubs, 6Clubs, 5Clubs, 3Clubs, 4Hearts, KSpades, QSpades, 3Spades.
P1 HAND: 2Diamonds, JClubs, QClubs, KHearts, QHearts, 3Hearts, 2Hearts, ASpades, 7Spades, 2Spades.
P2 HAND: KDiamonds, JDiamonds, QDiamonds, AClubs, AHearts, 7Hearts, JSpades, 6Spades, 5Spades, 4Spades.
P3 HAND: ADiamonds, 7Diamonds, 6Diamonds, 4Diamonds, 3Diamonds, 4Clubs, 2Clubs, JHearts, 6Hearts, 5Hearts.
P1 ASpades P2 4Spades P3 ADiamonds P0 3Spades 
P1 2Diamonds P2 QDiamonds P3 7Diamonds P0 5Diamonds 
P3 3Diamonds P0 4Hearts P1 2Hearts P2 KDiamonds 
P2 AHearts P3 5Hearts P0 KSpades P1 3Hearts 
P2 5Spades P3 4Diamonds P0 QSpades P1 7Spades 
P1 2Spades P2 6Spades P3 6Diamonds P0 3Clubs 
P0 5Clubs P1 QClubs P2 AClubs P3 2Clubs 
P2 JDiamonds P3 6Hearts P0 KClubs P1 QHearts 
P0 7Clubs P1 JClubs P2 7Hearts P3 4Clubs 
P0 6Clubs P1 KHearts P2 JSpades P3 JHearts 
-- /GAME --
P0 HAND: ADiamonds, 6Diamonds, 5Diamonds, JClubs, AHearts, KHearts, JHearts, 5Hearts, 4Hearts, 7Spades.
P1 HAND: 7Diamonds, 4Diamonds, 3Diamonds, KClubs, 3Clubs, 2Clubs, KSpades, QSpades, 3Spades, 2Spades.
P2 HAND: KDiamonds, 2Diamonds, 7Clubs, 6Clubs, 6Hearts, 3Hearts, 2Hearts, ASpades, 6Spades, 5Spades.
P3 HAND: JDiamonds, QDiamonds, AClubs, QClubs, 5Clubs, 4Clubs, 7Hearts, QHearts, JSpades, 4Spades.
P0 AHearts P1 3Diamonds P2 2Hearts P3 7Hearts 
P1 2Clubs P2 6Clubs P3 AClubs P0 JClubs 
P3 4Clubs P0 5Diamonds P1 3Clubs P2 7Clubs 
P0 4Hearts P1 2Spades P2 3Hearts P3 QHearts 
P3 4Spades P0 7Spades P1 3Spades P2 ASpades 
P2 5Spades P3 JSpades P0 6Diamonds P1 QSpades 
P0 JHearts P1 4Diamonds P2 6Hearts P3 QClubs 
P1 7Diamonds P2 2Diamonds P3 QDiamonds P0 ADiamonds 
P0 KHearts P1 KClubs P2 KDiamonds P3 5Clubs 
P2 6Spades P3 JDiamonds P0 5Hearts P1 KSpades 
-- /GAME --
P0 HAND: 4Diamonds, AClubs, 7Clubs, KClubs, 3Clubs, 7Hearts, 6Hearts, 5Hearts, 3Hearts, 2Spades.
P1 HAND: ADiamonds, 7Diamonds, 5Diamonds, KHearts, QHearts, 2Hearts, JSpades, 6Spades, 5Spades, 3Spades.
P2 HAND: JDiamonds, 6Diamonds, QClubs, 5Clubs, 4Clubs, AHearts, 4Hearts, ASpades, QSpades, 4Spades.
P3 HAND: KDiamonds, QDiamonds, 3Diamonds, 2Diamonds, JClubs, 6Clubs, 2Clubs, JHearts, 7Spades, KSpades.
P3 2Diamonds P0 4Diamonds P1 ADiamonds P2 6Diamonds 
P1 2Hearts P2 AHearts P3 JHearts P0 7Hearts 
P2 ASpades P3 KSpades P0 2Spades P1 3Spades 
P2 4Hearts P3 3Diamonds P0 3Hearts P1 KHearts 
P1 5Diamonds P2 JDiamonds P3 QDiamonds P0 6Hearts 
P2 4Spades P3 7Spades P0 KClubs P1 5Spades 
P0 5Hearts P1 QHearts P2 QSpades P3 KDiamonds 
P1 6Spades P2 4Clubs P3 2Clubs P0 3Clubs 
P2 5Clubs P3 6Clubs P0 7Clubs P1 JSpades 
P0 AClubs P1 7Diamonds P2 QClubs P3 JClubs 
-- /GAME --
P0 HAND: ADiamonds, 2Diamonds, JClubs, 7Hearts, KHearts, QHearts, 6Hearts, 4Hearts, 7Spades, 4Spades.
P1 HAND: JDiamonds, 3Diamonds, AClubs, 3Clubs, 2Clubs, JHearts, ASpades, 6Spades, 3Spades, 2Spades.
P2 HAND: 7Diamonds, 4Diamonds, KClubs, 6Clubs, 5Clubs, 5Hearts, 3Hearts, 2Hearts, KSpades, 5Spades.
P3 HAND: KDiamonds, QDiamonds, 6Diamonds, 5Diamonds, 7Clubs, QClubs, 4Clubs, AHearts, JSpades, QSpades.
P0 JClubs P1 AClubs P2 5Clubs P3 7Clubs 
P1 ASpades P2 5Spades P3 JSpades P0 4Spades 
P1 2Clubs P2 6Clubs P3 4Clubs P0 7Spades 
P2 2Hearts P3 AHearts P0 4Hearts P1 JHearts 
P3 QClubs P0 2Diamonds P1 3Clubs P2 KClubs 
P0 KHearts P1 2Spades P2 3Hearts P3 QSpades 
P0 QHearts P1 3Spades P2 5Hearts P3 5Diamonds 
P3 6Diamonds P0 ADiamonds P1 3Diamonds P2 4Diamonds 
P0 6Hearts P1 6Spades P2 7Diamonds P3 QDiamonds 
P2 KSpades P3 KDiamonds P0 7Hearts P1 JDiamonds 
-- /GAME --
P0 HAND: 7Diamonds, KDiamonds, QDiamonds, 2Diamonds, AClubs, 7Clubs, 3Clubs, 5Hearts, QSpades, 6Spades.
P1 HAND: ADiamonds, 4Diamonds, 3Diamonds, 5Clubs, AHearts, JHearts, 6Hearts, ASpades, KSpades, 5Spades.
P2 HAND: JDiamonds, 5Diamonds, KClubs, QClubs, 2Clubs, 7Hearts, QHearts, 4Hearts, JSpades, 4Spades.
P3 HAND: 6Diamonds, JClubs, 6Clubs, 4Clubs, KHearts, 3Hearts, 2Hearts, 7Spades, 3Spades, 2Spades.
P3 2Hearts P0 5Hearts P1 AHearts P2 4Hearts 
P1 ADiamonds P2 5Diamonds P3 6Diamonds P0 2Diamonds 
P1 3Diamonds P2 JDiamonds P3 3Hearts P0 7Diamonds 
P0 AClubs P1 5Clubs P2 KClubs P3 4Clubs 
P0 KDiamonds P1 4Diamonds P2 2Clubs P3 6Clubs 
P0 QDiamonds P1 6Hearts P2 QClubs P3 2Spades 
P3 JClubs P0 7Clubs P1 5Spades P2 JSpades 
P2 QHearts P3 KHearts P0 QSpades P1 JHearts 
P0 3Clubs P1 KSpades P2 4Spades P3 3Spades 
P1 ASpades P2 7Hearts P3 7Spades P0 6Spades 
-- /GAME --
P0 HAND: 7Diamonds, 6Clubs, 2Clubs, JHearts, ASpades, KSpades, QSpades, 6Spades, 3Spades, 2Spades.
P1 HAND: 4Diamonds, QClubs, 5Clubs, 4Clubs, 3Clubs, AHearts, 6Hearts, 3Hearts, 2Hearts, 4Spades.
P2 HAND: ADiamonds, KDiamonds, JDiamonds, QDiamonds, 5Diamonds, AClubs, 7Clubs, KHearts, 7Spades, 5Spades.
P3 HAND: 6Diamonds, 3Diamonds, 2Diamonds, KClubs, JClubs, 7Hearts, QHearts, 5Hearts, 4Hearts, JSpades.
P2 5Diamonds P3 2Diamonds P0 7Diamonds P1 4Diamonds 
P0 ASpades P1 4Spades P2 7Spades P3 JSpades 
P0 6Clubs P1 3Clubs P2 AClubs P3 JClubs 
P2 5Spades P3 3Diamonds P0 KSpades P1 4Clubs 
P0 2Clubs P1 5Clubs P2 7Clubs P3 KClubs 
P2 QDiamonds P3 6Diamonds P0 JHearts P1 AHearts 
P1 QClubs P2 KHearts P3 7Hearts P0 2Spades 
P3 4Hearts P0 3Spades P1 2Hearts P2 JDiamonds 
P3 5Hearts P0 6Spades P1 3Hearts P2 KDiamonds 
P3 QHearts P0 QSpades P1 6Hearts P2 ADiamonds 
-- /GAME --
P0 HAND: KDiamonds, QDiamonds, 7Clubs, 6Clubs, AHearts, JHearts, 5Hearts, 4Hearts, KSpades, 3Spades.
P1 HAND: 5Diamonds, 4Diamonds, 3Diamonds, QClubs, 7Hearts, 6Hearts, 2Hearts, 7Spades, JSpades, 6Spades.
P2 HAND: 6Diamonds, AClubs, KClubs, JClubs, 5Clubs, 3Hearts, ASpades, QSpades, 5Spades, 4Spades.
P3 HAND: ADiamonds, 7Diamonds, JDiamonds, 2Diamonds, 4Clubs, 3Clubs, 2Clubs, KHearts, QHearts, 2Spades.
P1 2Hearts P2 3Hearts P3 QHearts P0 AHearts 
P0 3Spades P1 6Spades P2 ASpades P3 2Spades 
P2 AClubs P3 2Clubs P0 7Clubs P1 QClubs 
P2 4Spades P3 3Clubs P0 KSpades P1 7Spades 
P1 6Hearts P2 5Clubs P3 KHearts P0 4Hearts 
P3 4Clubs P0 6Clubs P1 3Diamonds P2 JClubs 
P1 JSpades P2 5Spades P3 2Diamonds P0 KDiamonds 
P0 5Hearts P1 7Hearts P2 6Diamonds P3 JDiamonds 
P3 7Diamonds P0 QDiamonds P1 4Diamonds P2 QSpades 
P3 ADiamonds P0 JHearts P1 5Diamonds P2 KClubs 
-- /GAME --
P0 HAND: ADiamonds, KDiamonds, AClubs, 3Clubs, AHearts, 7Hearts, QHearts, 5Hearts, JSpades, 4Spades.
P1 HAND: JDiamonds, 6Diamonds, 5Diamonds, 3Diamonds, 5Clubs, 4Clubs, 6Hearts, 3Hearts, 5Spades, 2Spades.
P2 HAND: 7Diamonds, 4Diamonds, 7Clubs, QClubs, KHearts, 4Hearts, 2Hearts, ASpades, KSpades, QSpades.
P3 HAND: QDiamonds, 2Diamonds, KClubs, JClubs, 6Clubs, 2Clubs, JHearts, 7Spades, 6Spades, 3Spades.
P0 ADiamonds P1 3Diamonds P2 7Diamonds P3 2Diamonds 
P0 AHearts P1 3Hearts P2 KHearts P3 JHearts 
P0 4Spades P1 2Spades P2 ASpades P3 3Spades 
P2 2Hearts P3 6Spades P0 7Hearts P1 6Hearts 
P0 JSpades P1 5Spades P2 QSpades P3 7Spades 
P3 QDiamonds P0 KDiamonds P1 5Diamonds P2 4Diamonds 
P0 QHearts P1 6Diamonds P2 4Hearts P3 2Clubs 
P3 6Clubs P0 3Clubs P1 4Clubs P2 QClubs 
P2 7Clubs P3 JClubs P0 AClubs P1 5Clubs 
P0 5Hearts P1 JDiamonds P2 KSpades P3 KClubs 
-- /GAME --
P0 HAND: 4Diamonds, 3Diamonds, 7Clubs, 5Clubs, 5Hearts, ASpades, JSpades, 6Spades, 3Spades, 2Spades.
P1 HAND: ADiamonds, JDiamonds, 6Clubs, 3Clubs, 7Hearts, JHearts, QHearts, 2Hearts, KSpades, 4Spades.
P2 HAND: KDiamonds, QDiamonds, 5Diamonds, KClubs, AHearts, KHearts, 6Hearts, 4Hearts, 3Hearts, 5Spades.
P3 HAND: 7Diamonds, 6Diamonds, 2Diamonds, AClubs, JClubs, QClubs, 4Clubs, 2Clubs, 7Spades, QSpades.
P3 2Diamonds P0 4Diamonds P1 ADiamonds P2 5Diamonds 
P1 2Hearts P2 AHearts P3 2Clubs P0 5Hearts 
P3 6Diamonds P0 3Diamonds P1 JDiamonds P2 KDiamonds 
P2 3Hearts P3 QSpades P0 2Spades P1 7Hearts 
P1 4Spades P2 5Spades P3 7Spades P0 ASpades 
P0 JSpades P1 KSpades P2 KClubs P3 AClubs 
P3 4Clubs P0 5Clubs P1 3Clubs P2 KHearts 
P0 7Clubs P1 6Clubs P2 QDiamonds P3 QClubs 
P0 6Spades P1 QHearts P2 4Hearts P3 JClubs 
P3 7Diamonds P0 3Spades P1 JHearts P2 6Hearts 
-- /GAME --

