-- GAME --
P0 HAND: 7Diamonds, KDiamonds, JDiamonds, 4Diamonds, KClubs, QClubs, 4Clubs, 3Hearts, 2Hearts, ASpades.
P1 HAND: ADiamonds, QDiamonds, AClubs, 7Clubs, 6Clubs, 5Hearts, 7Spades, KSpades, QSpades, 5Spades.
P2 HAND: 6Diamonds, 5Diamonds, 2Diamonds, JClubs, 3Clubs, 2Clubs, AHearts, KHearts, 6Hearts, 3Spades.
P3 HAND: 3Diamonds, 5Clubs, 7Hearts, JHearts, QHearts, 4Hearts, JSpades, 6Spades, 4Spades, 2Spades.
P2 AHearts P3 4Hearts P0 3Hearts P1 5Hearts 
P2 2Diamonds P3 3Diamonds P0 4Diamonds P1 ADiamonds 
P1 AClubs P2 2Clubs P3 5Clubs P0 4Clubs 
P1 6Clubs P2 3Clubs P3 QHearts P0 KClubs 
P0 7Diamonds P1 QDiamonds P2 6Diamonds P3 2Spades 
P3 JHearts P0 2Hearts P1 5Spades P2 6Hearts 
P1 QSpades P2 3Spades P3 4Spades P0 ASpades 
P0 KDiamonds P1 KSpades P2 5Diamonds P3 7Hearts 
P1 7Spades P2 JClubs P3 6Spades P0 JDiamonds 
P1 7Clubs P2 KHearts P3 JSpades P0 QClubs 
-- /GAME --
P0 HAND: ADiamonds, KDiamonds, 5Diamonds, 4Diamonds, JClubs, AHearts, 5Hearts, 3Hearts, ASpades, 4Spades.
P1 HAND: JDiamonds, QDiamonds, 2Diamonds, 7Clubs, 3Clubs, 7Hearts, KHearts, 2Hearts, 7Spades, 6Spades.
P2 HAND: 7Diamonds, 3Diamonds, AClubs, KClubs, QClubs, 6Clubs, QHearts, 6Hearts, QSpades, 2Spades.
P3 HAND: 6Diamonds, 5Clubs, 4Clubs, 2Clubs, JHearts, 4Hearts, KSpades, JSpades, 5Spades, 3Spades.
P1 2Diamonds P2 3Diamonds P3 6Diamonds P0 KDiamonds 
P0 3Hearts P1 2Hearts P2 6Hearts P3 4Hearts 
P2 AClubs P3 2Clubs P0 JClubs P1 3Clubs 
P2 2Spades P3 3Spades P0 ASpades P1 6Spades 
P0 5Hearts P1 KHearts P2 QHearts P3 JHearts 
P1 QDiamonds P2 7Diamonds P3 4Clubs P0 ADiamonds 
P0 5Diamonds P1 JDiamonds P2 6Clubs P3 KSpades 
P1 7Hearts P2 QClubs P3 5Clubs P0 AHearts 
P0 4Diamonds P1 7Clubs P2 QSpades P3 5Spades 
P0 4Spades P1 7Spades P2 KClubs P3 JSpades 
-- /GAME --
P0 HAND: KDiamonds, 7Clubs, JClubs, 3Clubs, 7Hearts, 6Hearts, 3Hearts, ASpades, QSpades, 2Spades.
P1 HAND: ADiamonds, JDiamonds, AClubs, 6Clubs, AHearts, KHearts, 2Hearts, KSpades, JSpades, 6Spades.
P2 HAND: 5Diamonds, 3Diamonds, 2Diamonds, QClubs, 5Clubs, 4Clubs, 2Clubs, JHearts, 7Spades, 4Spades.
P3 HAND: 7Diamonds, QDiamonds, 6Diamonds, 4Diamonds, KClubs, QHearts, 5Hearts, 4Hearts, 5Spades, 3Spades.
P0 ASpades P1 6Spades P2 7Spades P3 3Spades 
P0 KDiamonds P1 ADiamonds P2 2Diamonds P3 7Diamonds 
P1 AHearts P2 JHearts P3 QHearts P0 3Hearts 
P1 2Hearts P2 3Diamonds P3 4Hearts P0 7Hearts 
P0 6Hearts P1 KHearts P2 4Spades P3 5Hearts 
P1 JDiamonds P2 5Diamonds P3 4Diamonds P0 2Spades 
P1 JSpades P2 2Clubs P3 5Spades P0 QSpades 
P2 4Clubs P3 KClubs P0 7Clubs P1 AClubs 
P1 6Clubs P2 5Clubs P3 6Diamonds P0 3Clubs 
P1 KSpades P2 QClubs P3 QDiamonds P0 JClubs 
-- /GAME --
P0 HAND: JDiamonds, 4Diamonds, AHearts, 7Hearts, JHearts, 4Hearts, 2Hearts, ASpades, 5Spades, 3Spades.
P1 HAND: 7Diamonds, QDiamonds, 2Diamonds, QClubs, 3Clubs, 6Hearts, 3Hearts, JSpades, 6Spades, 2Spades.
P2 HAND: 5Diamonds, 3Diamonds, 7Clubs, KClubs, JClubs, 4Clubs, QHearts, 5Hearts, QSpades, 4Spades.
P3 HAND: ADiamonds, KDiamonds, 6Diamonds, AClubs, 6Clubs, 5Clubs, 2Clubs, KHearts, 7Spades, KSpades.
P3 ADiamonds P0 4Diamonds P1 7Diamonds P2 3Diamonds 
P3 AClubs P0 2Hearts P1 3Clubs P2 7Clubs 
P0 AHearts P1 3Hearts P2 5Hearts P3 KHearts 
P0 7Hearts P1 6Hearts P2 QHearts P3 2Clubs 
P0 JDiamonds P1 2Diamonds P2 5Diamonds P3 KDiamonds 
P3 5Clubs P0 3Spades P1 QClubs P2 KClubs 
P2 4Clubs P3 6Clubs P0 5Spades P1 JSpades 
P3 6Diamonds P0 4Hearts P1 QDiamonds P2 JClubs 
P0 JHearts P1 2Spades P2 4Spades P3 KSpades 
P0 ASpades P1 6Spades P2 QSpades P3 7Spades 
-- /GAME --
P0 HAND: ADiamonds, 6Diamonds, 4Diamonds, 5Clubs, QHearts, 4Hearts, ASpades, JSpades, 6Spades, 4Spades.
P1 HAND: KDiamonds, JDiamonds, 7Clubs, KClubs, 3Clubs, KHearts, JHearts, 6Hearts, 7Spades, 3Spades.
P2 HAND: 3Diamonds, AClubs, JClubs, QClubs, 4Clubs, 2Clubs, 7Hearts, 5Hearts, QSpades, 2Spades.
P3 HAND: 7Diamonds, QDiamonds, 5Diamonds, 2Diamonds, 6Clubs, AHearts, 3Hearts, 2Hearts, KSpades, 5Spades.
P2 2Clubs P3 6Clubs P0 5Clubs P1 7Clubs 
P1 3Clubs P2 4Clubs P3 2Diamonds P0 4Hearts 
P2 3Diamonds P3 5Diamonds P0 4Diamonds P1 KDiamonds 
P1 6Hearts P2 5Hearts P3 AHearts P0 QHearts 
P3 2Hearts P0 6Diamonds P1 JHearts P2 7Hearts 
P2 QClubs P3 3Hearts P0 4Spades P1 KClubs 
P0 ASpades P1 3Spades P2 2Spades P3 5Spades 
P0 6Spades P1 7Spades P2 QSpades P3 KSpades 
P1 JDiamonds P2 JClubs P3 QDiamonds P0 ADiamonds 
P0 JSpades P1 KHearts P2 AClubs P3 7Diamonds 
-- /GAME --
P0 HAND: QDiamonds, 5Diamonds, 2Diamonds, KClubs, 4Clubs, AHearts, 7Hearts, JHearts, QHearts, 3Hearts.
P1 HAND: JDiamonds, AClubs, 5Clubs, KHearts, 4Hearts, 2Hearts, ASpades, 7Spades, JSpades, 5Spades.
P2 HAND: 7Diamonds, 7Clubs, JClubs, 6Clubs, 5Hearts, KSpades, QSpades, 6Spades, 4Spades, 2Spades.
P3 HAND: ADiamonds, KDiamonds, 6Diamonds, 4Diamonds, 3Diamonds, QClubs, 3Clubs, 2Clubs, 6Hearts, 3Spades.
P1 AClubs P2 6Clubs P3 QClubs P0 4Clubs 
P1 ASpades P2 2Spades P3 3Spades P0 3Hearts 
P0 AHearts P1 2Hearts P2 5Hearts P3 6Hearts 
P0 7Hearts P1 4Hearts P2 7Diamonds P3 2Clubs 
P0 KClubs P1 5Clubs P2 JClubs P3 3Clubs 
P0 QHearts P1 KHearts P2 4Spades P3 ADiamonds 
P1 5Spades P2 6Spades P3 3Diamonds P0 2Diamonds 
P2 QSpades P3 4Diamonds P0 5Diamonds P1 7Spades 
P1 JDiamonds P2 KSpades P3 6Diamonds P0 QDiamonds 
P1 JSpades P2 7Clubs P3 KDiamonds P0 JHearts 
-- /GAME --
P0 HAND: KDiamonds, 4Diamonds, 3Diamonds, AClubs, KClubs, 5Clubs, 5Hearts, KSpades, QSpades, 5Spades.
P1 HAND: QDiamonds, 6Diamonds, 5Diamonds, 4Clubs, 2Clubs, AHearts, 7Hearts, JHearts, 3Hearts, ASpades.
P2 HAND: ADiamonds, JDiamonds, 2Diamonds, 7Clubs, JClubs, QClubs, 2Hearts, 6Spades, 4Spades, 3Spades.
P3 HAND: 7Diamonds, 6Clubs, 3Clubs, KHearts, QHearts, 6Hearts, 4Hearts, 7Spades, JSpades, 2Spades.
P3 3Clubs P0 AClubs P1 2Clubs P2 7Clubs 
P0 KClubs P1 4Clubs P2 JClubs P3 6Clubs 
P0 5Clubs P1 3Hearts P2 QClubs P3 4Hearts 
P2 ADiamonds P3 7Diamonds P0 KDiamonds P1 5Diamonds 
P2 2Diamonds P3 6Hearts P0 4Diamonds P1 QDiamonds 
P1 6Diamonds P2 JDiamonds P3 QHearts P0 3Diamonds 
P2 2Hearts P3 KHearts P0 5Hearts P1 AHearts 
P1 JHearts P2 3Spades P3 2Spades P0 QSpades 
P0 5Spades P1 ASpades P2 4Spades P3 JSpades 
P1 7Hearts P2 6Spades P3 7Spades P0 KSpades 
-- /GAME --
P0 HAND: KDiamonds, JDiamonds, 6Diamonds, 7Clubs, JClubs, QClubs, 3Hearts, 2Hearts, 3Spades, 2Spades.
P1 HAND: ADiamonds, QDiamonds, 4Clubs, JHearts, 5Hearts, 4Hearts, KSpades, JSpades, QSpades, 6Spades.
P2 HAND: 4Diamonds, 3Diamonds, KClubs, 6Clubs, 5Clubs, 7Hearts, QHearts, 6Hearts, 5Spades, 4Spades.
P3 HAND: 7Diamonds, 5Diamonds, 2Diamonds, AClubs, 3Clubs, 2Clubs, AHearts, KHearts, ASpades, 7Spades.
P2 3Diamonds P3 2Diamonds P0 6Diamonds P1 ADiamonds 
P1 4Clubs P2 5Clubs P3 AClubs P0 QClubs 
P3 ASpades P0 2Spades P1 KSpades P2 4Spades 
P3 2Clubs P0 7Clubs P1 4Hearts P2 6Clubs 
P1 6Spades P2 5Spades P3 7Spades P0 3Spades 
P3 3Clubs P0 JClubs P1 QDiamonds P2 KClubs 
P2 4Diamonds P3 5Diamonds P0 KDiamonds P1 QSpades 
P0 JDiamonds P1 5Hearts P2 6Hearts P3 7Diamonds 
P2 QHearts P3 KHearts P0 2Hearts P1 JHearts 
P3 AHearts P0 3Hearts P1 JSpades P2 7Hearts 
-- /GAME --
P0 HAND: 5Diamonds, QClubs, 4Clubs, 2Clubs, AHearts, QHearts, 4Hearts, 2Hearts, ASpades, QSpades.
P1 HAND: JDiamonds, 4Diamonds, 7Clubs, JClubs, 5Clubs, 7Hearts, JHearts, 5Hearts, 3Hearts, JSpades.
P2 HAND: ADiamonds, KDiamonds, KClubs, 3Clubs, KHearts, 6Hearts, 7Spades, 6Spades, 4Spades, 3Spades.
P3 HAND: 7Diamonds, QDiamonds, 6Diamonds, 3Diamonds, 2Diamonds, AClubs, 6Clubs, KSpades, 5Spades, 2Spades.
P1 4Diamonds P2 ADiamonds P3 2Diamonds P0 5Diamonds 
P2 3Clubs P3 AClubs P0 2Clubs P1 7Clubs 
P3 2Spades P0 QSpades P1 JSpades P2 7Spades 
P2 3Spades P3 5Spades P0 ASpades P1 3Hearts 
P1 5Clubs P2 KClubs P3 6Clubs P0 QClubs 
P2 4Spades P3 KSpades P0 4Clubs P1 JDiamonds 
P3 3Diamonds P0 2Hearts P1 5Hearts P2 KDiamonds 
P1 JClubs P2 6Spades P3 6Diamonds P0 4Hearts 
P0 QHearts P1 JHearts P2 KHearts P3 QDiamonds 
P2 6Hearts P3 7Diamonds P0 AHearts P1 7Hearts 
-- /GAME --
P0 HAND: 7Diamonds, QDiamonds, 7Clubs, KClubs, QClubs, 3Clubs, 7Spades, 5Spades, 4Spades, 3Spades.
P1 HAND: KDiamonds, 6Diamonds, 5Diamonds, 4Diamonds, JClubs, 5Clubs, 5Hearts, KSpades, JSpades, 2Spades.
P2 HAND: ADiamonds, AClubs, 4Clubs, AHearts, 7Hearts, JHearts, 6Hearts, ASpades, QSpades, 6Spades.
P3 HAND: JDiamonds, 3Diamonds, 2Diamonds, 6Clubs, 2Clubs, KHearts, QHearts, 4Hearts, 3Hearts, 2Hearts.
P0 QDiamonds P1 4Diamonds P2 ADiamonds P3 2Diamonds 
P2 AClubs P3 2Clubs P0 7Clubs P1 5Clubs 
P2 ASpades P3 2Hearts P0 3Spades P1 KSpades 
P3 3Diamonds P0 7Diamonds P1 5Diamonds P2 QSpades 
P0 KClubs P1 JClubs P2 4Clubs P3 6Clubs 
P0 5Spades P1 2Spades P2 6Spades P3 3Hearts 
P3 JDiamonds P0 QClubs P1 6Diamonds P2 6Hearts 
P2 JHearts P3 4Hearts P0 3Clubs P1 5Hearts 
P2 7Hearts P3 QHearts P0 4Spades P1 JSpades 
P2 AHearts P3 KHearts P0 7Spades P1 KDiamonds 
-- /GAME --
P0 HAND: 6Diamonds, 4Diamonds, 7Clubs, JClubs, QClubs, 6Clubs, 4Clubs, AHearts, 3Hearts, JSpades.
P1 HAND: ADiamonds, KDiamonds, 5Diamonds, 3Diamonds, QHearts, 6Hearts, 2Hearts, QSpades, 6Spades, 3Spades.
P2 HAND: JDiamonds, AClubs, 5Clubs, 3Clubs, JHearts, 5Hearts, ASpades, 7Spades, KSpades, 5Spades.
P3 HAND: 7Diamonds, QDiamonds, 2Diamonds, KClubs, 2Clubs, 7Hearts, KHearts, 4Hearts, 4Spades, 2Spades.
P1 ADiamonds P2 JDiamonds P3 7Diamonds P0 4Diamonds 
P1 2Hearts P2 5Hearts P3 4Hearts P0 3Hearts 
P2 ASpades P3 2Spades P0 JSpades P1 3Spades 
P2 5Spades P3 4Spades P0 4Clubs P1 6Spades 
P0 6Clubs P1 3Diamonds P2 3Clubs P3 2Clubs 
P0 QClubs P1 5Diamonds P2 5Clubs P3 KClubs 
P3 2Diamonds P0 6Diamonds P1 KDiamonds P2 AClubs 
P2 JHearts P3 KHearts P0 AHearts P1 6Hearts 
P0 7Clubs P1 QHearts P2 KSpades P3 QDiamonds 
P0 JClubs P1 QSpades P2 7Spades P3 7Hearts 
-- /GAME --
P0 HAND: ADiamonds, 7Diamonds, JDiamonds, 5Diamonds, AClubs, KClubs, 6Clubs, 3Clubs, 4Hearts, 2Spades.
P1 HAND: QDiamonds, 6Diamonds, 2Diamonds, JHearts, 5Hearts, 3Hearts, 2Hearts, 7Spades, KSpades, 6Spades.
P2 HAND: KDiamonds, 3Diamonds, 4Clubs, 2Clubs, AHearts, 7Hearts, QHearts, ASpades, JSpades, QSpades.
P3 HAND: 4Diamonds, 7Clubs, JClubs, QClubs, 5Clubs, KHearts, 6Hearts, 5Spades, 4Spades, 3Spades.
P0 AClubs P1 6Spades P2 2Clubs P3 7Clubs 
P1 2Diamonds P2 3Diamonds P3 4Diamonds P0 ADiamonds 
P0 4Hearts P1 2Hearts P2 AHearts P3 6Hearts 
P2 4Clubs P3 5Clubs P0 KClubs P1 3Hearts 
P0 6Clubs P1 5Hearts P2 QHearts P3 JClubs 
P3 QClubs P0 3Clubs P1 6Diamonds P2 QSpades 
P2 JSpades P3 3Spades P0 2Spades P1 KSpades 
P1 QDiamonds P2 KDiamonds P3 4Spades P0 5Diamonds 
P3 5Spades P0 7Diamonds P1 7Spades P2 ASpades 
P2 7Hearts P3 KHearts P0 JDiamonds P1 JHearts 
-- /GAME --
P0 HAND: ADiamonds, 6Diamonds, 5Diamonds, 2Diamonds, 2Clubs, 6Hearts, ASpades, 7Spades, KSpades, 5Spades.
P1 HAND: 4Diamonds, KClubs, 4Clubs, AHearts, 7Hearts, QHearts, 3Hearts, 2Hearts, QSpades, 4Spades.
P2 HAND: KDiamonds, JDiamonds, 7Clubs, JClubs, QClubs, 3Clubs, JHearts, 5Hearts, 6Spades, 3Spades.
P3 HAND: 7Diamonds, QDiamonds, 3Diamonds, AClubs, 6Clubs, 5Clubs, KHearts, 4Hearts, JSpades, 2Spades.
P3 AClubs P0 2Clubs P1 KClubs P2 3Clubs 
P3 3Diamonds P0 2Diamonds P1 4Diamonds P2 KDiamonds 
P2 5Hearts P3 4Hearts P0 6Hearts P1 AHearts 
P1 2Hearts P2 JHearts P3 KHearts P0 5Spades 
P0 KSpades P1 4Spades P2 3Spades P3 2Spades 
P0 7Spades P1 QSpades P2 6Spades P3 JSpades 
P0 ADiamonds P1 3Hearts P2 JDiamonds P3 QDiamonds 
P0 5Diamonds P1 4Clubs P2 QClubs P3 7Diamonds 
P3 5Clubs P0 6Diamonds P1 QHearts P2 7Clubs 
P2 JClubs P3 6Clubs P0 ASpades P1 7Hearts 
-- /GAME --
P0 HAND: 7Diamonds, 6Diamonds, 2Diamonds, JClubs, 4Clubs, 7Hearts, JHearts, 5Hearts, ASpades, 7Spades.
P1 HAND: QDiamonds, 5Diamonds, 3Diamonds, AClubs, 7Clubs, 6Clubs, 5Clubs, JSpades, QSpades, 5Spades.
P2 HAND: KDiamonds, QClubs, KHearts, 6Hearts, 4Hearts, 2Hearts, KSpades, 6Spades, 4Spades, 3Spades.
P3 HAND: ADiamonds, JDiamonds, 4Diamonds, KClubs, 3Clubs, 2Clubs, AHearts, QHearts, 3Hearts, 2Spades.
P2 2Hearts P3 AHearts P0 5Hearts P1 JSpades 
P3 ADiamonds P0 2Diamonds P1 QDiamonds P2 KDiamonds 
P3 2Spades P0 ASpades P1 5Spades P2 KSpades 
P0 7Diamonds P1 3Diamonds P2 KHearts P3 4Diamonds 
P0 7Spades P1 QSpades P2 3Spades P3 2Clubs 
P3 3Hearts P0 7Hearts P1 5Clubs P2 4Hearts 
P1 5Diamonds P2 4Spades P3 JDiamonds P0 6Diamonds 
P3 QHearts P0 JHearts P1 6Clubs P2 6Hearts 
P1 7Clubs P2 QClubs P3 3Clubs P0 4Clubs 
P1 AClubs P2 6Spades P3 KClubs P0 JClubs 
-- /GAME --
P0 HAND: KDiamonds, JDiamonds, 6Diamonds, 4Diamonds, KClubs, QClubs, 6Clubs, 3Clubs, 3Hearts, 3Spades.
P1 HAND: QDiamonds, 2Diamonds, AClubs, 7Clubs, JClubs, 2Clubs, KHearts, 2Hearts, ASpades, 2Spades.
P2 HAND: 7Diamonds, 5Diamonds, 3Diamonds, 7Hearts, 6Hearts, 5Hearts, KSpades, JSpades, QSpades, 4Spades.
P3 HAND: ADiamonds, 5Clubs, 4Clubs, AHearts, JHearts, QHearts, 4Hearts, 7Spades, 6Spades, 5Spades.

