-- GAME --
P0 ADiamonds P1 5Diamonds P2 7Diamonds P3 6Diamonds 
P0 4Diamonds P1 JDiamonds P2 KDiamonds P3 QClubs 
P3 2Hearts P0 4Hearts P1 AHearts P2 3Clubs 
P2 ASpades P3 QSpades P0 7Spades P1 5Spades 
P2 4Spades P3 KSpades P0 2Spades P1 6Spades 
P3 QHearts P0 5Hearts P1 3Hearts P2 QDiamonds 
P3 JHearts P0 7Clubs P1 6Hearts P2 JSpades 
P0 3Spades P1 2Clubs P2 4Clubs P3 KClubs 
P3 AClubs P0 2Diamonds P1 6Clubs P2 5Clubs 
P3 KHearts P0 3Diamonds P1 7Hearts P2 JClubs 
-- /GAME --
P0 HAND: ADiamonds, 7Diamonds, 3Diamonds, QClubs, 7Hearts, 5Hearts, 4Hearts, 2Hearts, ASpades, KSpades.
P1 HAND: KDiamonds, QDiamonds, AClubs, 4Clubs, 3Clubs, JHearts, 6Hearts, JSpades, 4Spades, 2Spades.
P2 HAND: 2Diamonds, KClubs, JClubs, 6Clubs, 2Clubs, AHearts, 7Spades, 6Spades, 5Spades, 3Spades.
P3 HAND: JDiamonds, 6Diamonds, 5Diamonds, 4Diamonds, 7Clubs, 5Clubs, KHearts, QHearts, 3Hearts, QSpades.
P3 3Hearts P0 2Hearts P1 6Hearts P2 AHearts 
P2 2Diamonds P3 4Diamonds P0 ADiamonds P1 QDiamonds 
P0 ASpades P1 2Spades P2 7Spades P3 QSpades 
P0 KSpades P1 4Spades P2 3Spades P3 5Diamonds 
P0 7Hearts P1 JHearts P2 6Spades P3 QHearts 
P0 7Diamonds P1 KDiamonds P2 5Spades P3 6Diamonds 
P0 3Diamonds P1 3Clubs P2 2Clubs P3 JDiamonds 
P1 JSpades P2 6Clubs P3 5Clubs P0 QClubs 
P0 5Hearts P1 4Clubs P2 JClubs P3 KHearts 
P2 KClubs P3 7Clubs P0 4Hearts P1 AClubs 
-- /GAME --
P0 HAND: 7Diamonds, 4Diamonds, 2Diamonds, AClubs, JClubs, QClubs, 5Clubs, 7Hearts, 4Hearts, 4Spades.
P1 HAND: KDiamonds, JDiamonds, 6Diamonds, 3Diamonds, JHearts, 6Hearts, ASpades, KSpades, JSpades, 5Spades.
P2 HAND: ADiamonds, QDiamonds, 7Clubs, 6Clubs, 4Clubs, KHearts, 3Hearts, QSpades, 3Spades, 2Spades.
P3 HAND: 5Diamonds, KClubs, 3Clubs, 2Clubs, AHearts, QHearts, 5Hearts, 2Hearts, 7Spades, 6Spades.
P2 ADiamonds P3 5Diamonds P0 7Diamonds P1 3Diamonds 
P2 2Spades P3 6Spades P0 4Spades P1 ASpades 
P1 5Spades P2 3Spades P3 7Spades P0 4Hearts 
P0 4Diamonds P1 6Diamonds P2 QDiamonds P3 2Clubs 
P2 4Clubs P3 3Clubs P0 AClubs P1 6Hearts 
P1 JDiamonds P2 6Clubs P3 2Hearts P0 2Diamonds 
P3 5Hearts P0 7Hearts P1 JHearts P2 3Hearts 
P0 JClubs P1 JSpades P2 7Clubs P3 KClubs 
P2 QSpades P3 QHearts P0 5Clubs P1 KSpades 
P3 AHearts P0 QClubs P1 KDiamonds P2 KHearts 
-- /GAME --
P0 HAND: 4Diamonds, KClubs, 7Hearts, 6Hearts, 2Hearts, ASpades, JSpades, QSpades, 6Spades, 3Spades.
P1 HAND: 6Diamonds, 3Diamonds, QClubs, 6Clubs, 4Clubs, 3Clubs, AHearts, 7Spades, KSpades, 2Spades.
P2 HAND: ADiamonds, KDiamonds, QDiamonds, 5Diamonds, 7Clubs, JClubs, 2Clubs, KHearts, JHearts, 5Spades.
P3 HAND: 7Diamonds, JDiamonds, 2Diamonds, AClubs, 5Clubs, QHearts, 5Hearts, 4Hearts, 3Hearts, 4Spades.
P1 2Spades P2 5Spades P3 4Spades P0 ASpades 
P0 4Diamonds P1 3Diamonds P2 ADiamonds P3 2Diamonds 
P2 2Clubs P3 AClubs P0 KClubs P1 QClubs 
P3 5Clubs P0 2Hearts P1 3Clubs P2 7Clubs 
P0 6Hearts P1 AHearts P2 JHearts P3 3Hearts 
P1 4Clubs P2 JClubs P3 4Hearts P0 3Spades 
P3 JDiamonds P0 7Hearts P1 6Diamonds P2 KDiamonds 
P0 JSpades P1 KSpades P2 KHearts P3 7Diamonds 
P2 5Diamonds P3 5Hearts P0 6Spades P1 7Spades 
P3 QHearts P0 QSpades P1 6Clubs P2 QDiamonds 
-- /GAME --

