-- GAME --
P0 HAND: ADiamonds, 5Diamonds, AClubs, JClubs, 4Clubs, 3Clubs, 7Hearts, KSpades, 6Spades, 2Spades.
P1 HAND: 7Diamonds, QDiamonds, 6Diamonds, 3Diamonds, 7Clubs, 2Clubs, AHearts, 4Hearts, JSpades, QSpades.
P2 HAND: KDiamonds, 2Diamonds, KClubs, QClubs, JHearts, 2Hearts, ASpades, 7Spades, 4Spades, 3Spades.
P3 HAND: JDiamonds, 4Diamonds, 6Clubs, 5Clubs, KHearts, QHearts, 6Hearts, 5Hearts, 3Hearts, 5Spades.
P3 3Hearts P0 7Hearts P1 AHearts P2 2Hearts 
P1 3Diamonds P2 2Diamonds P3 4Diamonds P0 5Diamonds 
P0 ADiamonds P1 6Diamonds P2 KDiamonds P3 JDiamonds 
P0 2Spades P1 QSpades P2 ASpades P3 5Spades 
P2 3Spades P3 5Hearts P0 6Spades P1 JSpades 
P1 4Hearts P2 JHearts P3 6Hearts P0 KSpades 
P2 4Spades P3 QHearts P0 3Clubs P1 QDiamonds 
P0 4Clubs P1 2Clubs P2 QClubs P3 5Clubs 
P2 KClubs P3 6Clubs P0 JClubs P1 7Clubs 
P1 7Diamonds P2 7Spades P3 KHearts P0 AClubs 
-- /GAME --
P0 HAND: ADiamonds, 6Diamonds, KClubs, 4Clubs, KHearts, ASpades, QSpades, 4Spades, 3Spades, 2Spades.
P1 HAND: QDiamonds, 2Diamonds, AClubs, 7Clubs, 5Clubs, JHearts, 6Hearts, 3Hearts, 7Spades, 6Spades.
P2 HAND: 7Diamonds, KDiamonds, 3Diamonds, QClubs, 6Clubs, AHearts, 7Hearts, 5Hearts, 2Hearts, 5Spades.
P3 HAND: JDiamonds, 5Diamonds, 4Diamonds, JClubs, 3Clubs, 2Clubs, QHearts, 4Hearts, KSpades, JSpades.
P2 3Diamonds P3 4Diamonds P0 6Diamonds P1 QDiamonds 
P1 AClubs P2 6Clubs P3 JClubs 
