-- GAME --
P0 HAND: 7Diamonds, JDiamonds, JClubs, QClubs, AHearts, KHearts, 2Hearts, ASpades, 4Spades, 3Spades.
P1 HAND: ADiamonds, 6Diamonds, 7Clubs, KClubs, 5Hearts, 4Hearts, JSpades, QSpades, 6Spades, 2Spades.
P2 HAND: QDiamonds, 3Diamonds, AClubs, 6Clubs, 5Clubs, 3Clubs, QHearts, 3Hearts, 7Spades, 5Spades.
P3 HAND: KDiamonds, 5Diamonds, 4Diamonds, 2Diamonds, 4Clubs, 2Clubs, 7Hearts, JHearts, 6Hearts, KSpades.
P2 3Diamonds P3 2Diamonds P0 JDiamonds P1 ADiamonds 
P1 2Spades P2 5Spades P3 KSpades P0 ASpades 
P0 7Diamonds P1 6Diamonds P2 QDiamonds P3 4Diamonds 
P0 3Spades P1 6Spades P2 7Spades P3 2Clubs 
P3 5Diamonds P0 2Hearts P1 4Hearts P2 3Hearts 
P3 6Hearts P0 AHearts P1 5Hearts P2 QHearts 
P0 4Spades P1 QSpades P2 3Clubs P3 4Clubs 
P3 JHearts P0 KHearts P1 KClubs P2 AClubs 
P2 5Clubs P3 KDiamonds P0 JClubs P1 7Clubs 
P1 JSpades P2 6Clubs P3 7Hearts P0 QClubs 
-- /GAME --
P0 HAND: 7Diamonds, JClubs, 2Clubs, 4Hearts, 2Hearts, 7Spades, JSpades, QSpades, 6Spades, 2Spades.
P1 HAND: KDiamonds, 7Clubs, QClubs, 5Clubs, 3Clubs, 7Hearts, KHearts, JHearts, 5Spades, 4Spades.
P2 HAND: JDiamonds, 6Diamonds, 5Diamonds, 3Diamonds, AClubs, KClubs, 6Clubs, 4Clubs, 6Hearts, ASpades.
P3 HAND: ADiamonds, QDiamonds, 4Diamonds, 2Diamonds, AHearts, QHearts, 5Hearts, 3Hearts, KSpades, 3Spades.
P1 3Clubs P2 AClubs P3 3Spades P0 2Clubs 
P3 ADiamonds P0 7Diamonds P1 KDiamonds P2 3Diamonds 
P3 AHearts P0 2Hearts P1 7Hearts P2 6Hearts 
P3 2Diamonds P0 JClubs P1 5Clubs P2 JDiamonds 
P2 4Clubs P3 3Hearts P0 7Spades P1 QClubs 
P0 2Spades P1 4Spades P2 ASpades P3 KSpades 
P2 5Diamonds P3 4Diamonds P0 4Hearts P1 5Spades 
P1 JHearts P2 6Diamonds P3 5Hearts P0 JSpades 
P0 6Spades P1 KHearts P2 6Clubs P3 QDiamonds 
P0 QSpades P1 7Clubs P2 KClubs P3 QHearts 
-- /GAME --
P0 HAND: 2Diamonds, KClubs, 5Clubs, 4Clubs, KHearts, 2Hearts, QSpades, 6Spades, 5Spades, 3Spades.
P1 HAND: QDiamonds, JClubs, 6Clubs, 2Clubs, 7Hearts, JHearts, 6Hearts, 5Hearts, ASpades, 4Spades.
P2 HAND: 7Diamonds, KDiamonds, 6Diamonds, 5Diamonds, 4Diamonds, AHearts, QHearts, 7Spades, KSpades, JSpades.
P3 HAND: ADiamonds, JDiamonds, 3Diamonds, AClubs, 7Clubs, QClubs, 3Clubs, 4Hearts, 3Hearts, 2Spades.
P0 3Spades P1 ASpades P2 JSpades P3 2Spades 
P1 4Spades P2 KSpades P3 3Diamonds P0 QSpades 
P2 AHearts P3 3Hearts P0 KHearts P1 5Hearts 
P2 4Diamonds P3 ADiamonds P0 2Diamonds P1 QDiamonds 
P3 4Hearts P0 2Hearts P1 6Hearts P2 QHearts 
P2 5Diamonds P3 JDiamonds P0 KClubs P1 JHearts 
P0 5Spades P1 2Clubs P2 7Spades P3 3Clubs 
P3 QClubs P0 4Clubs P1 6Clubs P2 6Diamonds 
P3 7Clubs P0 5Clubs P1 JClubs P2 KDiamonds 
P3 AClubs P0 6Spades P1 7Hearts P2 7Diamonds 
-- /GAME --
P0 HAND: 7Diamonds, 4Diamonds, QClubs, 6Clubs, 2Clubs, AHearts, 7Hearts, 2Hearts, JSpades, 3Spades.
P1 HAND: JDiamonds, 3Diamonds, AClubs, 7Clubs, KClubs, JClubs, QHearts, 3Hearts, ASpades, KSpades.
P2 HAND: KDiamonds, 5Diamonds, 2Diamonds, 5Clubs, 3Clubs, JHearts, 7Spades, 6Spades, 4Spades, 2Spades.
P3 HAND: ADiamonds, QDiamonds, 6Diamonds, 4Clubs, KHearts, 6Hearts, 5Hearts, 4Hearts, QSpades, 5Spades.
P3 ADiamonds P0 4Diamonds P1 JDiamonds P2 2Diamonds 
P3 4Clubs P0 2Clubs P1 AClubs P2 3Clubs 
P1 3Diamonds P2 5Diamonds P3 6Diamonds P0 7Diamonds 
P0 AHearts P1 3Hearts P2 JHearts P3 4Hearts 
P0 6Clubs P1 JClubs P2 5Clubs P3 KHearts 
P1 QHearts P2 2Spades P3 5Hearts P0 7Hearts 
P2 4Spades P3 5Spades P0 JSpades P1 KSpades 
P1 ASpades P2 6Spades P3 QSpades P0 3Spades 
P1 KClubs P2 7Spades P3 6Hearts P0 QClubs 
P2 KDiamonds P3 QDiamonds P0 2Hearts P1 7Clubs 
-- /GAME --
P0 HAND: 4Diamonds, 2Diamonds, 7Clubs, QClubs, 5Clubs, 4Clubs, KHearts, 3Hearts, ASpades, 5Spades.
P1 HAND: ADiamonds, 6Diamonds, KClubs, 3Clubs, AHearts, 4Hearts, JSpades, 6Spades, 4Spades, 3Spades.
P2 HAND: 7Diamonds, JDiamonds, 5Diamonds, AClubs, 6Clubs, JHearts, QHearts, 6Hearts, 5Hearts, 2Hearts.
P3 HAND: KDiamonds, QDiamonds, 3Diamonds, JClubs, 2Clubs, 7Hearts, 7Spades, KSpades, QSpades, 2Spades.
P2 AClubs P3 2Clubs P0 7Clubs P1 3Clubs 
P2 5Diamonds P3 3Diamonds P0 2Diamonds P1 ADiamonds 
P1 3Spades P2 6Clubs P3 2Spades P0 5Spades 
P0 ASpades P1 4Spades P2 7Diamonds P3 QSpades 
P0 4Clubs P1 KClubs P2 2Hearts P3 JClubs 
P2 JDiamonds P3 QDiamonds P0 4Diamonds P1 6Diamonds 
P2 5Hearts P3 7Hearts P0 3Hearts P1 4Hearts 
P3 KDiamonds P0 KHearts P1 AHearts P2 6Hearts 
P1 6Spades P2 QHearts P3 KSpades P0 QClubs 
P2 JHearts P3 7Spades P0 5Clubs P1 JSpades 
-- /GAME --
P0 HAND: QDiamonds, 5Diamonds, 4Diamonds, QClubs, 3Clubs, 2Clubs, 7Hearts, 2Hearts, 7Spades, 4Spades.
P1 HAND: KDiamonds, JDiamonds, 2Diamonds, AClubs, 6Clubs, QHearts, 4Hearts, ASpades, KSpades, 2Spades.
P2 HAND: 7Diamonds, 6Diamonds, 7Clubs, KClubs, JClubs, 5Clubs, KHearts, 6Hearts, QSpades, 5Spades.
P3 HAND: ADiamonds, 3Diamonds, 4Clubs, AHearts, JHearts, 5Hearts, 3Hearts, JSpades, 6Spades, 3Spades.
P3 ADiamonds P0 4Diamonds P1 KDiamonds P2 6Diamonds 
P3 AHearts P0 2Hearts P1 QHearts P2 6Hearts 
P3 3Diamonds P0 QDiamonds P1 2Diamonds P2 7Diamonds 
P2 5Spades P3 3Spades P0 7Spades P1 ASpades 
P1 2Spades P2 QSpades P3 6Spades P0 4Spades 
P2 5Clubs P3 4Clubs P0 2Clubs P1 6Clubs 
P1 4Hearts P2 KHearts P3 3Hearts P0 7Hearts 
P0 5Diamonds P1 JDiamonds P2 JClubs P3 5Hearts 
P2 KClubs P3 JHearts P0 3Clubs P1 AClubs 
P1 KSpades P2 7Clubs P3 JSpades P0 QClubs 
-- /GAME --
P0 HAND: 7Diamonds, JDiamonds, 2Diamonds, 7Clubs, QClubs, JHearts, 4Hearts, ASpades, KSpades, 4Spades.
P1 HAND: 4Diamonds, AClubs, JClubs, AHearts, 7Hearts, QHearts, 6Hearts, 3Hearts, 5Spades, 3Spades.
P2 HAND: ADiamonds, 6Diamonds, 3Diamonds, 6Clubs, 3Clubs, 2Clubs, KHearts, QSpades, 6Spades, 2Spades.
P3 HAND: KDiamonds, QDiamonds, 5Diamonds, KClubs, 5Clubs, 4Clubs, 5Hearts, 2Hearts, 7Spades, JSpades.
P2 ADiamonds P3 5Diamonds P0 2Diamonds P1 4Diamonds 
P2 2Spades P3 JSpades P0 4Spades P1 5Spades 
P3 2Hearts P0 JHearts P1 AHearts P2 KHearts 
P1 3Hearts P2 3Diamonds P3 5Hearts P0 4Hearts 
P3 QDiamonds P0 7Diamonds P1 JClubs P2 6Diamonds 
P1 3Spades P2 6Spades P3 7Spades P0 ASpades 
P0 JDiamonds P1 6Hearts P2 QSpades P3 KDiamonds 
P3 4Clubs P0 7Clubs P1 AClubs P2 2Clubs 
P1 QHearts P2 3Clubs P3 5Clubs P0 KSpades 
P3 KClubs P0 QClubs P1 7Hearts P2 6Clubs 
-- /GAME --
P0 HAND: KDiamonds, 4Clubs, JHearts, 4Hearts, ASpades, KSpades, QSpades, 6Spades, 5Spades, 2Spades.
P1 HAND: 6Diamonds, 4Diamonds, 3Diamonds, 2Diamonds, 6Clubs, 3Clubs, AHearts, 7Spades, JSpades, 3Spades.
P2 HAND: ADiamonds, JDiamonds, 5Diamonds, KClubs, 7Hearts, QHearts, 6Hearts, 5Hearts, 3Hearts, 4Spades.
P3 HAND: 7Diamonds, QDiamonds, AClubs, 7Clubs, JClubs, QClubs, 5Clubs, 2Clubs, KHearts, 2Hearts.
P1 2Diamonds P2 ADiamonds P3 QDiamonds P0 KDiamonds 
P2 4Spades P3 2Clubs P0 2Spades P1 7Spades 
P1 3Diamonds P2 5Diamonds P3 7Diamonds P0 JHearts 
P0 4Clubs P1 3Clubs P2 KClubs P3 AClubs 
P3 5Clubs P0 KSpades P1 6Clubs P2 3Hearts 
P2 JDiamonds P3 QClubs P0 4Hearts P1 4Diamonds 
P0 ASpades P1 3Spades P2 5Hearts P3 KHearts 
P3 JClubs P0 QSpades P1 AHearts P2 6Hearts 
P1 6Diamonds P2 QHearts P3 2Hearts P0 6Spades 
P2 7Hearts P3 7Clubs P0 5Spades P1 JSpades 
-- /GAME --
P0 HAND: ADiamonds, KDiamonds, JDiamonds, 6Diamonds, AClubs, 7Clubs, 3Clubs, 2Clubs, QHearts, 3Hearts.
P1 HAND: 3Diamonds, AHearts, 7Hearts, JHearts, 6Hearts, ASpades, 7Spades, JSpades, QSpades, 4Spades.
P2 HAND: 5Diamonds, 4Diamonds, 2Diamonds, 5Clubs, KHearts, 4Hearts, 2Hearts, KSpades, 6Spades, 3Spades.
P3 HAND: 7Diamonds, QDiamonds, KClubs, JClubs, QClubs, 6Clubs, 4Clubs, 5Hearts, 5Spades, 2Spades.
P0 AClubs P1 3Diamonds P2 5Clubs P3 KClubs 
P1 AHearts P2 2Hearts P3 5Hearts P0 3Hearts 
P1 4Spades P2 3Spades P3 2Spades P0 7Clubs 
P1 6Hearts P2 4Hearts P3 4Clubs P0 QHearts 
P0 2Clubs P1 QSpades P2 6Spades P3 JClubs 
P3 5Spades P0 6Diamonds P1 JSpades P2 KSpades 
P0 3Clubs P1 JHearts P2 2Diamonds P3 6Clubs 
P2 4Diamonds P3 QDiamonds P0 JDiamonds P1 7Hearts 
P0 ADiamonds P1 7Spades P2 5Diamonds P3 7Diamonds 
P0 KDiamonds P1 ASpades P2 KHearts P3 QClubs 
-- /GAME --
P0 HAND: 7Diamonds, 3Diamonds, 7Clubs, 5Clubs, 2Clubs, KHearts, 6Hearts, 4Hearts, JSpades, 3Spades.
P1 HAND: ADiamonds, QDiamonds, 6Diamonds, 5Diamonds, JClubs, AHearts, 7Hearts, 5Hearts, KSpades, 4Spades.
P2 HAND: KDiamonds, JDiamonds, AClubs, QClubs, 6Clubs, 4Clubs, QHearts, 2Hearts, ASpades, 5Spades.
P3 HAND: 4Diamonds, 2Diamonds, KClubs, 3Clubs, JHearts, 3Hearts, 7Spades, QSpades, 6Spades, 2Spades.
P3 2Diamonds P0 3Diamonds P1 ADiamonds P2 JDiamonds 
P1 AHearts P2 2Hearts P3 JHearts P0 4Hearts 
P1 4Spades P2 ASpades P3 2Spades P0 JSpades 
P2 5Spades P3 6Spades P0 3Spades P1 KSpades 
P1 5Diamonds P2 KDiamonds P3 4Diamonds P0 7Diamonds 
P0 KHearts P1 5Hearts P2 QHearts P3 3Hearts 
P0 6Hearts P1 7Hearts P2 4Clubs P3 KClubs 
P3 QSpades P0 7Clubs P1 6Diamonds P2 6Clubs 
P0 2Clubs P1 JClubs P2 QClubs P3 3Clubs 
P1 QDiamonds P2 AClubs P3 7Spades P0 5Clubs 
-- /GAME --
P0 HAND: ADiamonds, 7Diamonds, QDiamonds, 6Diamonds, 5Diamonds, 4Diamonds, AClubs, 2Clubs, AHearts, ASpades.
P1 HAND: 2Diamonds, JClubs, KHearts, QHearts, 5Hearts, KSpades, JSpades, 5Spades, 4Spades, 2Spades.
P2 HAND: KDiamonds, 7Clubs, QClubs, 6Clubs, 5Clubs, 4Clubs, JHearts, 6Hearts, 2Hearts, 6Spades.
P3 HAND: JDiamonds, 3Diamonds, KClubs, 3Clubs, 7Hearts, 4Hearts, 3Hearts, 7Spades, QSpades, 3Spades.
P2 2Hearts P3 3Hearts P0 AHearts P1 5Hearts 
P0 AClubs P1 JClubs P2 7Clubs P3 3Clubs 
P0 2Clubs P1 2Diamonds P2 4Clubs P3 KClubs 
P3 3Diamonds P0 4Diamonds P1 QHearts P2 KDiamonds 
P2 5Clubs P3 4Hearts P0 5Diamonds P1 2Spades 
P1 4Spades P2 6Spades P3 3Spades P0 ASpades 
P0 6Diamonds P1 5Spades P2 6Clubs P3 JDiamonds 
P1 JSpades P2 6Hearts P3 QSpades P0 QDiamonds 
P1 KSpades P2 QClubs P3 7Spades P0 7Diamonds 
P3 7Hearts P0 ADiamonds P1 KHearts P2 JHearts 
-- /GAME --
P0 HAND: 7Diamonds, KDiamonds, 2Diamonds, KClubs, 5Clubs, 3Clubs, 2Clubs, 7Hearts, 6Hearts, JSpades.
P1 HAND: JDiamonds, 6Diamonds, 4Diamonds, AClubs, 7Clubs, JClubs, 6Clubs, JHearts, 5Hearts, 3Hearts.
P2 HAND: ADiamonds, QDiamonds, 3Diamonds, QClubs, KHearts, 4Hearts, ASpades, KSpades, QSpades, 4Spades.
P3 HAND: 5Diamonds, 4Clubs, AHearts, QHearts, 2Hearts, 7Spades, 6Spades, 5Spades, 3Spades, 2Spades.
P1 3Hearts P2 4Hearts P3 AHearts P0 6Hearts 
P3 2Hearts P0 7Hearts P1 5Hearts P2 KHearts 
P0 JSpades P1 4Diamonds P2 ASpades P3 2Spades 
P2 ADiamonds P3 5Diamonds P0 7Diamonds P1 6Diamonds 
P2 3Diamonds P3 3Spades P0 2Diamonds P1 JDiamonds 
P1 JHearts P2 4Spades P3 QHearts P0 2Clubs 
P0 KDiamonds P1 6Clubs P2 QDiamonds P3 7Spades 
P1 JClubs P2 QClubs P3 4Clubs P0 KClubs 
P0 3Clubs P1 7Clubs P2 QSpades P3 6Spades 
P1 AClubs P2 KSpades P3 5Spades P0 5Clubs 
-- /GAME --

