-- GAME --
P0 HAND: 5Diamonds, AClubs, QClubs, AHearts, 6Hearts, 5Hearts, 2Hearts, KSpades, QSpades, 2Spades.
P1 HAND: KDiamonds, 4Diamonds, KClubs, 5Clubs, KHearts, 4Hearts, ASpades, JSpades, 6Spades, 3Spades.
P2 HAND: ADiamonds, QDiamonds, 6Diamonds, 7Clubs, 4Clubs, 3Clubs, JHearts, QHearts, 3Hearts, 5Spades.
P3 HAND: 7Diamonds, JDiamonds, 3Diamonds, 2Diamonds, JClubs, 6Clubs, 2Clubs, 7Hearts, 7Spades, 4Spades.
P2 ADiamonds P3 2Diamonds P0 5Diamonds P1 4Diamonds 
P2 3Clubs P3 2Clubs P0 AClubs P1 5Clubs 
P0 QClubs P1 KClubs P2 7Clubs P3 6Clubs 
P2 4Clubs P3 JClubs P0 2Hearts P1 3Spades 
P0 2Spades P1 ASpades P2 5Spades P3 7Spades 
P1 6Spades P2 6Diamonds P3 4Spades P0 KSpades 
P0 QSpades P1 JSpades P2 3Hearts P3 7Hearts 
P3 3Diamonds P0 5Hearts P1 KDiamonds P2 QDiamonds 
P0 6Hearts P1 4Hearts P2 QHearts P3 JDiamonds 
P2 JHearts P3 7Diamonds P0 AHearts P1 KHearts 
-- /GAME --
P0 HAND: ADiamonds, 7Diamonds, JDiamonds, 4Diamonds, 5Clubs, 3Clubs, AHearts, QHearts, 4Hearts, 6Spades.
P1 HAND: KDiamonds, 2Diamonds, AClubs, JClubs, 4Clubs, 7Hearts, 5Hearts, 3Hearts, 2Hearts, 2Spades.
P2 HAND: QDiamonds, 6Diamonds, 5Diamonds, 7Clubs, 6Clubs, KHearts, JHearts, ASpades, 7Spades, 4Spades.
P3 HAND: 3Diamonds, KClubs, QClubs, 2Clubs, 6Hearts, KSpades, JSpades, QSpades, 5Spades, 3Spades.
P1 AClubs P2 6Clubs P3 KClubs P0 3Clubs 
P1 2Diamonds P2 5Diamonds P3 3Diamonds P0 ADiamonds 
P0 6Spades P1 2Spades P2 ASpades P3 3Spades 
P2 4Spades P3 5Spades P0 4Hearts P1 4Clubs 
P0 QHearts P1 2Hearts P2 JHearts P3 6Hearts 
P2 6Diamonds P3 2Clubs P0 7Diamonds P1 KDiamonds 
P0 JDiamonds P1 3Hearts P2 QDiamonds P3 KSpades 
P1 JClubs P2 7Clubs P3 QClubs P0 5Clubs 
P2 KHearts P3 QSpades P0 AHearts P1 5Hearts 
P0 4Diamonds P1 7Hearts P2 7Spades P3 JSpades 
-- /GAME --
P0 HAND: ADiamonds, 2Diamonds, 7Clubs, QClubs, 3Clubs, KHearts, QHearts, 3Hearts, KSpades, 6Spades.
P1 HAND: KDiamonds, JDiamonds, 3Diamonds, JClubs, 5Clubs, ASpades, 7Spades, 5Spades, 4Spades, 3Spades.
P2 HAND: 5Diamonds, 4Clubs, 2Clubs, AHearts, 7Hearts, 6Hearts, 5Hearts, 2Hearts, JSpades, QSpades.
P3 HAND: 7Diamonds, QDiamonds, 6Diamonds, 4Diamonds, AClubs, KClubs, 6Clubs, JHearts, 4Hearts, 2Spades.
P0 6Spades P1 ASpades P2 QSpades P3 2Spades 
P1 3Diamonds P2 5Diamonds P3 4Diamonds P0 ADiamonds 
P0 KSpades P1 3Spades P2 JSpades P3 4Hearts 
P3 AClubs P0 3Clubs P1 JClubs P2 2Clubs 
P3 6Diamonds P0 2Diamonds P1 JDiamonds P2 4Clubs 
P1 4Spades P2 2Hearts P3 6Clubs P0 7Clubs 
P2 5Hearts P3 JHearts P0 KHearts P1 5Clubs 
P0 QHearts P1 5Spades P2 6Hearts P3 QDiamonds 
P0 3Hearts P1 KDiamonds P2 7Hearts P3 KClubs 
P2 AHearts P3 7Diamonds P0 QClubs P1 7Spades 
-- /GAME --
P0 HAND: ADiamonds, 7Diamonds, KDiamonds, JDiamonds, QDiamonds, 2Diamonds, KClubs, 2Clubs, 2Hearts, 7Spades.
P1 HAND: 6Diamonds, 5Diamonds, 4Diamonds, 7Clubs, 6Clubs, 3Clubs, 7Hearts, JSpades, 5Spades, 2Spades.
P2 HAND: JClubs, 5Clubs, AHearts, JHearts, 5Hearts, 4Hearts, 3Hearts, KSpades, QSpades, 4Spades.
P3 HAND: 3Diamonds, AClubs, QClubs, 4Clubs, KHearts, QHearts, 6Hearts, ASpades, 6Spades, 3Spades.
P3 AClubs P0 2Clubs P1 7Clubs P2 5Clubs 
P3 ASpades P0 7Spades P1 JSpades P2 4Spades 
P3 3Diamonds P0 2Diamonds P1 4Diamonds P2 QSpades 
P1 2Spades P2 KSpades P3 3Spades P0 ADiamonds 
P2 JClubs P3 4Clubs P0 KClubs P1 3Clubs 
P0 2Hearts P1 7Hearts P2 AHearts P3 6Hearts 
P2 3Hearts P3 QHearts P0 QDiamonds P1 6Diamonds 
P3 6Spades P0 JDiamonds P1 5Spades P2 4Hearts 
P2 5Hearts P3 KHearts P0 KDiamonds P1 6Clubs 
P3 QClubs P0 7Diamonds P1 5Diamonds P2 JHearts 
-- /GAME --
P0 HAND: KDiamonds, QDiamonds, 6Clubs, 4Clubs, 3Clubs, AHearts, 6Hearts, KSpades, JSpades, 6Spades.
P1 HAND: ADiamonds, 7Diamonds, 6Diamonds, KClubs, 2Clubs, QHearts, 5Hearts, 3Hearts, ASpades, QSpades.
P2 HAND: 5Diamonds, 4Diamonds, AClubs, 5Clubs, 7Hearts, JHearts, 2Hearts, 7Spades, 4Spades, 3Spades.
P3 HAND: JDiamonds, 3Diamonds, 2Diamonds, 7Clubs, JClubs, QClubs, KHearts, 4Hearts, 5Spades, 2Spades.
P0 AHearts P1 3Hearts P2 7Hearts P3 4Hearts 
P0 6Hearts P1 5Hearts P2 2Hearts P3 KHearts 
P3 2Diamonds P0 QDiamonds P1 ADiamonds P2 4Diamonds 
P1 ASpades P2 3Spades 
