-- GAME --
P0 5Clubs P1 3Clubs P2 AClubs 
P2 ASpades P3 5Spades P0 JSpades P1 3Spades 
P2 2Clubs P3 JClubs P0 QClubs P1 7Clubs 
P1 4Hearts P2 5Hearts P3 QHearts P0 AHearts 
P0 QSpades P1 4Spades P2 7Spades P3 6Spades 
P2 2Spades P3 KSpades P0 JDiamonds P1 KDiamonds 
P1 4Diamonds P2 6Diamonds P3 2Diamonds P0 7Hearts 
P2 6Clubs P3 3Diamonds P0 2Hearts P1 KHearts 
P3 JHearts P0 3Hearts P1 5Diamonds P2 ADiamonds 
P2 KClubs P3 QDiamonds P0 6Hearts P1 7Diamonds 
-- /GAME --
P0 HAND: QDiamonds, 6Diamonds, AClubs, KClubs, QClubs, 2Hearts, 7Spades, QSpades, 5Spades, 4Spades.
P1 HAND: ADiamonds, 5Diamonds, JClubs, 6Clubs, 4Clubs, 2Clubs, 6Hearts, ASpades, KSpades, 6Spades.
P2 HAND: 7Diamonds, 3Diamonds, 2Diamonds, 5Clubs, 3Clubs, JHearts, QHearts, 4Hearts, 3Hearts, JSpades.
P3 HAND: KDiamonds, JDiamonds, 4Diamonds, 7Clubs, AHearts, 7Hearts, KHearts, 5Hearts, 3Spades, 2Spades.
P2 2Diamonds P3 4Diamonds P0 6Diamonds P1 ADiamonds 
P1 ASpades P2 JSpades P3 3Spades P0 4Spades 
P1 5Diamonds P2 3Diamonds P3 JDiamonds P0 QDiamonds 
P3 AHearts P0 2Hearts P1 6Hearts P2 3Hearts 
P3 2Spades P0 5Spades P1 6Spades P2 4Hearts 
P1 2Clubs P2 3Clubs P3 7Clubs P0 AClubs 
P0 KClubs P1 4Clubs P2 5Clubs P3 5Hearts 
P0 QClubs P1 6Clubs P2 QHearts P3 KDiamonds 
P0 7Spades P1 KSpades P2 JHearts P3 KHearts 
P0 QSpades P1 JClubs P2 7Diamonds P3 7Hearts 
-- /GAME --
P0 HAND: ADiamonds, 7Diamonds, KDiamonds, JDiamonds, QDiamonds, JClubs, 4Clubs, 2Clubs, 2Hearts, 5Spades.
P1 HAND: 4Diamonds, 3Diamonds, AClubs, QClubs, 6Clubs, AHearts, KHearts, KSpades, 3Spades, 2Spades.
P2 HAND: 6Diamonds, 7Clubs, KClubs, 3Clubs, 7Hearts, JHearts, QHearts, 6Hearts, 4Hearts, ASpades.
P3 HAND: 5Diamonds, 2Diamonds, 5Clubs, 5Hearts, 3Hearts, 7Spades, JSpades, QSpades, 6Spades, 4Spades.
P1 AClubs P2 3Clubs P3 5Clubs P0 2Clubs 
P1 AHearts P2 4Hearts P3 5Hearts P0 2Hearts 
P1 2Spades P2 ASpades P3 4Spades P0 5Spades 
P2 6Hearts P3 3Hearts P0 QDiamonds P1 KHearts 
P0 ADiamonds P1 3Diamonds P2 6Diamonds P3 2Diamonds 
P0 7Diamonds P1 4Diamonds P2 7Clubs P3 5Diamonds 
P0 JDiamonds P1 3Spades P2 QHearts P3 6Spades 
P0 JClubs P1 6Clubs P2 KClubs P3 QSpades 
P2 JHearts P3 JSpades P0 4Clubs P1 QClubs 
P2 7Hearts P3 7Spades P0 KDiamonds P1 KSpades 
-- /GAME --
P0 HAND: ADiamonds, 3Diamonds, AHearts, QHearts, 6Hearts, 2Hearts, ASpades, 7Spades, QSpades, 3Spades.
P1 HAND: QDiamonds, 4Diamonds, AClubs, KClubs, QClubs, JSpades, 6Spades, 5Spades, 4Spades, 2Spades.
P2 HAND: KDiamonds, 6Diamonds, 5Diamonds, 7Clubs, JClubs, 4Clubs, 3Clubs, KHearts, 5Hearts, KSpades.
P3 HAND: 7Diamonds, JDiamonds, 2Diamonds, 6Clubs, 5Clubs, 2Clubs, 7Hearts, JHearts, 4Hearts, 3Hearts.
P0 AHearts P1 4Diamonds P2 5Hearts P3 7Hearts 
P1 AClubs P2 3Clubs P3 6Clubs P0 3Diamonds 
P0 ASpades P1 2Spades P2 KSpades P3 2Diamonds 
P3 2Clubs P0 ADiamonds P1 QClubs P2 7Clubs 
P0 2Hearts P1 4Spades P2 KHearts P3 3Hearts 
P2 4Clubs P3 5Clubs P0 6Hearts P1 KClubs 
P1 5Spades P2 5Diamonds P3 4Hearts P0 7Spades 
P2 JClubs P3 JDiamonds P0 3Spades P1 JSpades 
P3 JHearts P0 QHearts P1 QDiamonds P2 KDiamonds 
P2 6Diamonds P3 7Diamonds P0 QSpades P1 6Spades 
-- /GAME --
P0 HAND: ADiamonds, KDiamonds, JDiamonds, 5Diamonds, 3Diamonds, 2Diamonds, KClubs, JClubs, 5Clubs, 3Hearts.
P1 HAND: 6Diamonds, 2Clubs, KHearts, QHearts, 6Hearts, 2Hearts, JSpades, 6Spades, 5Spades, 4Spades.
P2 HAND: 4Diamonds, 7Clubs, QClubs, 6Clubs, 4Clubs, 3Clubs, 5Hearts, ASpades, 7Spades, 3Spades.
P3 HAND: 7Diamonds, QDiamonds, AClubs, AHearts, 7Hearts, JHearts, 4Hearts, KSpades, QSpades, 2Spades.
P3 AHearts P0 3Hearts P1 KHearts P2 5Hearts 
P3 2Spades P0 5Clubs P1 4Spades P2 ASpades 
P0 2Diamonds P1 6Diamonds P2 4Diamonds P3 7Diamonds 
P3 4Hearts P0 JClubs P1 2Hearts P2 7Spades 
P0 3Diamonds P1 5Spades P2 3Spades P3 QDiamonds 
P3 QSpades P0 KClubs P1 6Spades P2 3Clubs 
P0 5Diamonds P1 6Hearts P2 4Clubs P3 AClubs 
P3 JHearts P0 JDiamonds P1 QHearts P2 6Clubs 
P2 QClubs P3 KSpades P0 KDiamonds P1 2Clubs 
P2 7Clubs P3 7Hearts P0 ADiamonds P1 JSpades 
-- /GAME --
P0 HAND: ADiamonds, QDiamonds, 6Diamonds, QClubs, 5Clubs, QHearts, 2Hearts, JSpades, QSpades, 3Spades.
P1 HAND: JDiamonds, 4Diamonds, 3Diamonds, 6Clubs, 3Clubs, 2Clubs, KHearts, 4Hearts, KSpades, 2Spades.
P2 HAND: 7Diamonds, KDiamonds, 2Diamonds, 7Clubs, KClubs, 4Clubs, AHearts, 6Hearts, 3Hearts, 4Spades.
P3 HAND: 5Diamonds, AClubs, JClubs, 7Hearts, JHearts, 5Hearts, ASpades, 7Spades, 6Spades, 5Spades.
P2 AHearts P3 5Hearts P0 2Hearts P1 4Hearts 
P2 2Diamonds P3 5Diamonds P0 ADiamonds P1 3Diamonds 
P0 5Clubs P1 2Clubs P2 4Clubs P3 AClubs 
P3 JClubs P0 QClubs P1 3Clubs P2 7Clubs 
P2 3Hearts P3 JHearts P0 QHearts P1 KHearts 
P1 4Diamonds P2 KDiamonds P3 5Spades P0 6Diamonds 
P3 6Spades P0 3Spades P1 2Spades P2 4Spades 
P3 7Spades P0 QSpades P1 KSpades P2 6Hearts 
P3 ASpades P0 JSpades P1 6Clubs P2 KClubs 
P3 7Hearts P0 QDiamonds P1 JDiamonds P2 7Diamonds 
-- /GAME --
P0 HAND: KDiamonds, 6Diamonds, 5Diamonds, 2Diamonds, 5Clubs, AHearts, KHearts, 2Hearts, QSpades, 2Spades.
P1 HAND: 7Diamonds, 4Diamonds, 6Clubs, 7Hearts, JHearts, 4Hearts, 3Hearts, 7Spades, JSpades, 6Spades.
P2 HAND: ADiamonds, 3Diamonds, AClubs, JClubs, QClubs, 3Clubs, QHearts, 6Hearts, KSpades, 4Spades.
P3 HAND: JDiamonds, QDiamonds, 7Clubs, KClubs, 4Clubs, 2Clubs, 5Hearts, ASpades, 5Spades, 3Spades.
P1 3Hearts P2 6Hearts P3 5Hearts P0 AHearts 
P0 5Clubs P1 6Clubs P2 AClubs P3 2Clubs 
P2 3Clubs P3 4Clubs P0 2Diamonds P1 4Hearts 
P0 2Spades P1 6Spades P2 4Spades P3 ASpades 
P3 3Spades P0 QSpades P1 7Spades P2 KSpades 
P1 JHearts P2 QHearts P3 QDiamonds P0 2Hearts 
P3 5Spades P0 5Diamonds P1 JSpades P2 JClubs 
P0 6Diamonds P1 4Diamonds P2 3Diamonds P3 JDiamonds 
P3 KClubs P0 KDiamonds P1 7Diamonds P2 QClubs 
P1 7Hearts P2 ADiamonds P3 7Clubs P0 KHearts 
-- /GAME --
P0 HAND: 7Diamonds, 3Diamonds, 2Diamonds, 7Clubs, KClubs, 4Clubs, 6Hearts, 2Hearts, KSpades, 3Spades.
P1 HAND: 5Diamonds, 4Diamonds, AClubs, QClubs, 6Clubs, AHearts, 5Hearts, QSpades, 6Spades, 5Spades.
P2 HAND: 6Diamonds, JClubs, 5Clubs, 3Clubs, 7Hearts, JHearts, 3Hearts, ASpades, 7Spades, JSpades.
P3 HAND: ADiamonds, KDiamonds, JDiamonds, QDiamonds, 2Clubs, KHearts, QHearts, 4Hearts, 4Spades, 2Spades.
P0 2Hearts P1 AHearts P2 3Hearts P3 KHearts 
P1 AClubs P2 3Clubs P3 2Clubs P0 4Clubs 
P1 4Diamonds P2 6Diamonds P3 ADiamonds P0 2Diamonds 
P3 4Hearts P0 6Hearts P1 5Hearts P2 7Hearts 
P2 5Clubs P3 QDiamonds P0 7Clubs P1 6Clubs 
P0 KSpades P1 5Spades P2 JSpades P3 2Spades 
P0 3Spades P1 6Spades P2 7Spades P3 4Spades 
P2 JClubs P3 QHearts P0 KClubs P1 QClubs 
P0 7Diamonds P1 5Diamonds P2 JHearts P3 JDiamonds 
P0 3Diamonds P1 QSpades P2 ASpades P3 KDiamonds 
-- /GAME --
P0 HAND: 7Diamonds, KDiamonds, 4Diamonds, 6Clubs, 4Clubs, AHearts, QHearts, 4Hearts, 7Spades, 4Spades.
P1 HAND: JDiamonds, QDiamonds, 6Diamonds, 5Diamonds, KClubs, QClubs, 3Clubs, ASpades, JSpades, 2Spades.
P2 HAND: 3Diamonds, 2Diamonds, AClubs, 7Clubs, 5Clubs, 2Clubs, 7Hearts, 5Hearts, KSpades, QSpades.
P3 HAND: ADiamonds, JClubs, KHearts, JHearts, 6Hearts, 3Hearts, 2Hearts, 6Spades, 5Spades, 3Spades.
P3 ADiamonds P0 4Diamonds P1 JDiamonds P2 2Diamonds 
P3 2Hearts P0 AHearts P1 3Clubs P2 5Hearts 
P1 ASpades P2 QSpades P3 6Spades P0 4Spades 
P1 2Spades P2 KSpades P3 3Spades P0 7Spades 
P0 6Clubs P1 QClubs P2 2Clubs P3 JClubs 
P3 3Hearts P0 QHearts P1 5Diamonds P2 7Hearts 
P2 3Diamonds P3 5Spades P0 KDiamonds P1 6Diamonds 
P0 4Clubs P1 KClubs P2 5Clubs P3 KHearts 
P1 QDiamonds P2 7Clubs P3 6Hearts P0 7Diamonds 
P2 AClubs P3 JHearts P0 4Hearts P1 JSpades 
-- /GAME --
P0 HAND: 7Diamonds, 6Diamonds, 5Diamonds, 4Diamonds, 2Diamonds, AClubs, KClubs, 7Hearts, KSpades, 5Spades.
P1 HAND: QDiamonds, QClubs, 4Clubs, 2Clubs, AHearts, KHearts, 3Hearts, 7Spades, 3Spades, 2Spades.
P2 HAND: KDiamonds, 3Diamonds, 7Clubs, JClubs, 6Clubs, 5Clubs, JHearts, 4Hearts, 2Hearts, 4Spades.
P3 HAND: ADiamonds, JDiamonds, 3Clubs, QHearts, 6Hearts, 5Hearts, ASpades, JSpades, QSpades, 6Spades.
P2 2Hearts P3 5Hearts P0 7Hearts P1 AHearts 
P1 2Clubs P2 5Clubs P3 3Clubs P0 KClubs 
P0 AClubs P1 4Clubs P2 6Clubs P3 6Spades 
P3 ADiamonds P0 2Diamonds P1 QDiamonds P2 3Diamonds 
P3 6Hearts P0 KSpades P1 3Hearts P2 JHearts 
P0 5Spades P1 2Spades P2 4Spades P3 QSpades 
P3 QHearts P0 4Diamonds P1 KHearts P2 4Hearts 
P1 QClubs P2 JClubs P3 JSpades P0 5Diamonds 
P3 JDiamonds P0 6Diamonds P1 3Spades P2 KDiamonds 
P1 7Spades P2 7Clubs P3 ASpades P0 7Diamonds 
-- /GAME --
P0 HAND: JDiamonds, 6Diamonds, 7Clubs, KClubs, 2Clubs, 7Hearts, QHearts, 4Hearts, 2Hearts, 7Spades.
P1 HAND: ADiamonds, 5Diamonds, 3Diamonds, 6Clubs, KHearts, JHearts, ASpades, JSpades, 5Spades, 2Spades.
P2 HAND: KDiamonds, QDiamonds, 4Diamonds, AClubs, JClubs, QClubs, AHearts, 5Hearts, QSpades, 3Spades.
P3 HAND: 7Diamonds, 2Diamonds, 5Clubs, 4Clubs, 3Clubs, 6Hearts, 3Hearts, KSpades, 6Spades, 4Spades.
P1 ADiamonds P2 4Diamonds P3 7Diamonds P0 6Diamonds 
P1 ASpades P2 3Spades P3 KSpades P0 7Spades 
P1 2Spades P2 QSpades P3 4Spades P0 JDiamonds 
P2 AClubs P3 3Clubs P0 7Clubs P1 6Clubs 
P2 QDiamonds P3 2Diamonds P0 2Hearts P1 3Diamonds 
P0 4Hearts P1 JHearts P2 5Hearts P3 3Hearts 
P1 5Diamonds P2 KDiamonds P3 4Clubs P0 KClubs 
P2 QClubs P3 5Clubs P0 2Clubs P1 5Spades 
P2 JClubs P3 6Spades P0 QHearts P1 KHearts 
P1 JSpades P2 AHearts P3 6Hearts P0 7Hearts 
-- /GAME --
P0 HAND: ADiamonds, 4Diamonds, 3Diamonds, AClubs, 7Clubs, 6Clubs, 5Clubs, JHearts, JSpades, 5Spades.
P1 HAND: 6Diamonds, 5Diamonds, 2Diamonds, 3Clubs, AHearts, 5Hearts, 4Hearts, ASpades, 6Spades, 2Spades.
P2 HAND: JDiamonds, JClubs, 7Hearts, QHearts, 6Hearts, 3Hearts, 2Hearts, QSpades, 4Spades, 3Spades.
P3 HAND: 7Diamonds, KDiamonds, QDiamonds, KClubs, QClubs, 4Clubs, 2Clubs, KHearts, 7Spades, KSpades.
P1 AHearts P2 2Hearts P3 KHearts P0 JHearts 
P1 ASpades P2 3Spades P3 7Spades P0 5Spades 
P1 2Diamonds P2 JDiamonds P3 QDiamonds P0 ADiamonds 
P0 AClubs P1 3Clubs P2 JClubs P3 2Clubs 
P0 7Clubs P1 2Spades P2 7Hearts P3 4Clubs 
P0 JSpades P1 6Spades P2 4Spades P3 KSpades 
P3 QClubs P0 5Clubs P1 4Hearts P2 3Hearts 
P3 KClubs P0 6Clubs P1 5Diamonds P2 6Hearts 
P3 KDiamonds P0 3Diamonds P1 6Diamonds P2 QHearts 
P3 7Diamonds P0 4Diamonds P1 5Hearts P2 QSpades 
-- /GAME --
P0 HAND: 6Diamonds, 4Diamonds, 7Clubs, KClubs, JClubs, JHearts, 6Hearts, ASpades, JSpades, 3Spades.
P1 HAND: 5Diamonds, QClubs, 5Clubs, 2Clubs, KHearts, QHearts, 4Hearts, KSpades, 5Spades, 2Spades.
P2 HAND: ADiamonds, 7Diamonds, JDiamonds, 3Diamonds, 2Diamonds, 6Clubs, 7Hearts, 3Hearts, 2Hearts, 6Spades.
P3 HAND: KDiamonds, QDiamonds, AClubs, 4Clubs, 3Clubs, AHearts, 5Hearts, 7Spades, QSpades, 4Spades.
P0 4Diamonds P1 5Diamonds P2 ADiamonds P3 QDiamonds 
P2 2Diamonds P3 KDiamonds P0 6Diamonds P1 KHearts 
P3 AClubs P0 JClubs P1 QClubs P2 6Clubs 
P3 AHearts P0 6Hearts P1 QHearts P2 2Hearts 
P3 3Clubs P0 KClubs P1 2Clubs P2 7Diamonds 
P0 JHearts P1 4Hearts P2 3Hearts P3 5Hearts 
P0 ASpades P1 2Spades P2 6Spades P3 4Spades 
P0 3Spades P1 5Spades P2 3Diamonds P3 QSpades 
P3 4Clubs P0 7Clubs P1 5Clubs P2 7Hearts 
P0 JSpades P1 KSpades P2 JDiamonds P3 7Spades 
-- /GAME --
P0 HAND: ADiamonds, 5Diamonds, 6Clubs, 5Clubs, 3Clubs, QHearts, 7Spades, QSpades, 5Spades, 3Spades.
P1 HAND: 7Diamonds, 4Diamonds, JClubs, 2Clubs, KHearts, JHearts, 6Hearts, 4Hearts, 3Hearts, 6Spades.
P2 HAND: KDiamonds, QDiamonds, AClubs, 7Clubs, KClubs, AHearts, 2Hearts, JSpades, 4Spades, 2Spades.
P3 HAND: JDiamonds, 6Diamonds, 3Diamonds, 2Diamonds, QClubs, 4Clubs, 7Hearts, 5Hearts, ASpades, KSpades.
P3 ASpades P0 3Spades P1 6Spades P2 2Spades 
P3 2Diamonds P0 ADiamonds P1 4Diamonds P2 KDiamonds 
P0 QHearts P1 3Hearts P2 AHearts P3 5Hearts 
P2 2Hearts P3 7Hearts P0 6Clubs P1 4Hearts 
P0 5Diamonds P1 7Diamonds P2 QDiamonds P3 JDiamonds 
P1 6Hearts P2 4Spades P3 3Diamonds P0 5Spades 
P1 JHearts P2 KClubs P3 6Diamonds P0 7Spades 
P2 JSpades P3 KSpades P0 QSpades P1 KHearts 
P3 4Clubs P0 5Clubs P1 2Clubs P2 7Clubs 
P2 AClubs P3 QClubs P0 3Clubs P1 JClubs 
-- /GAME --
P0 HAND: KDiamonds, QDiamonds, 6Diamonds, 5Diamonds, 4Diamonds, 6Clubs, 3Clubs, 3Hearts, 2Hearts, 3Spades.
P1 HAND: 7Diamonds, KClubs, JClubs, QClubs, 7Hearts, JHearts, QHearts, 4Hearts, JSpades, 4Spades.
P2 HAND: JDiamonds, 3Diamonds, AClubs, 2Clubs, KHearts, 6Hearts, ASpades, 7Spades, 6Spades, 2Spades.
P3 HAND: ADiamonds, 2Diamonds, 7Clubs, 5Clubs, 4Clubs, AHearts, 5Hearts, KSpades, QSpades, 5Spades.
P2 AClubs P3 4Clubs P0 3Clubs P1 QClubs 
P2 ASpades P3 5Spades P0 3Spades P1 4Spades 
P2 2Clubs P3 5Clubs P0 6Clubs P1 KClubs 
P1 JClubs P2 2Spades P3 7Clubs P0 3Hearts 
P0 4Diamonds P1 7Diamonds P2 3Diamonds P3 ADiamonds 
P3 2Diamonds P0 KDiamonds P1 4Hearts P2 JDiamonds 
P1 JSpades P2 6Spades P3 QSpades P0 2Hearts 
P0 5Diamonds P1 QHearts P2 6Hearts P3 KSpades 
P1 JHearts P2 KHearts P3 AHearts P0 6Diamonds 
P3 5Hearts P0 QDiamonds P1 7Hearts P2 7Spades 
-- /GAME --
P0 HAND: 6Diamonds, 5Diamonds, 2Diamonds, AClubs, AHearts, 6Hearts, 5Hearts, QSpades, 5Spades, 3Spades.
P1 HAND: 7Diamonds, JDiamonds, KClubs, JClubs, 5Clubs, 3Clubs, 7Hearts, KHearts, QHearts, 4Spades.
P2 HAND: KDiamonds, 6Clubs, 4Clubs, JHearts, 4Hearts, 2Hearts, ASpades, KSpades, JSpades, 2Spades.
P3 HAND: ADiamonds, QDiamonds, 4Diamonds, 3Diamonds, 7Clubs, QClubs, 2Clubs, 3Hearts, 7Spades, 6Spades.
P1 3Clubs P2 4Clubs P3 2Clubs P0 AClubs 
P0 2Diamonds P1 JDiamonds P2 KDiamonds P3 ADiamonds 
P3 3Diamonds P0 5Diamonds P1 7Diamonds P2 2Hearts 
P2 ASpades P3 6Spades P0 QSpades P1 4Spades 
P2 2Spades P3 7Spades P0 3Spades P1 KClubs 
P3 4Diamonds P0 6Diamonds P1 5Clubs P2 KSpades 
P0 5Spades P1 QHearts P2 JSpades P3 7Clubs 
P1 JClubs P2 6Clubs P3 QClubs P0 5Hearts 
P0 AHearts P1 KHearts P2 4Hearts P3 3Hearts 
P0 6Hearts P1 7Hearts P2 JHearts P3 QDiamonds 
-- /GAME --
P0 HAND: ADiamonds, 7Diamonds, 6Diamonds, 3Diamonds, AClubs, 7Hearts, 6Hearts, QSpades, 4Spades, 2Spades.
P1 HAND: JDiamonds, 2Diamonds, 7Clubs, 6Clubs, 4Clubs, AHearts, 5Hearts, ASpades, 7Spades, 3Spades.
P2 HAND: 4Diamonds, KClubs, 5Clubs, 3Clubs, 2Clubs, KHearts, 4Hearts, 2Hearts, KSpades, JSpades.
P3 HAND: KDiamonds, QDiamonds, 5Diamonds, JClubs, QClubs, JHearts, QHearts, 3Hearts, 6Spades, 5Spades.
P0 ADiamonds P1 2Diamonds P2 4Diamonds P3 5Diamonds 
P0 AClubs P1 4Clubs P2 KClubs P3 QClubs 
P0 3Diamonds P1 JDiamonds P2 2Clubs P3 KDiamonds 
P3 3Hearts P0 6Hearts P1 AHearts P2 2Hearts 
P1 5Hearts P2 4Hearts P3 QHearts P0 7Hearts 
P0 6Diamonds P1 6Clubs P2 3Clubs P3 QDiamonds 
P3 JClubs P0 2Spades P1 7Clubs P2 5Clubs 
P0 QSpades P1 3Spades P2 JSpades P3 5Spades 
P2 KSpades P3 6Spades P0 4Spades P1 7Spades 
P1 ASpades P2 KHearts P3 JHearts P0 7Diamonds 
-- /GAME --
P0 HAND: 7Diamonds, KDiamonds, QDiamonds, AClubs, 2Clubs, 7Hearts, KHearts, QHearts, ASpades, KSpades.
P1 HAND: ADiamonds, 3Diamonds, 2Diamonds, 7Clubs, 6Clubs, 5Clubs, 6Hearts, 4Hearts, 7Spades, 4Spades.
P2 HAND: JDiamonds, 6Diamonds, 4Diamonds, KClubs, 3Clubs, AHearts, 5Hearts, QSpades, 5Spades, 3Spades.
P3 HAND: 5Diamonds, JClubs, QClubs, 4Clubs, JHearts, 3Hearts, 2Hearts, JSpades, 6Spades, 2Spades.

