-- GAME --
P0 HAND: KDiamonds, 6Diamonds, JClubs, 6Clubs, 3Clubs, 3Hearts, 2Hearts, KSpades, QSpades, 6Spades.
P1 HAND: 3Diamonds, AClubs, 7Clubs, QClubs, 5Clubs, 4Clubs, 6Hearts, 4Hearts, 4Spades, 2Spades.
P2 HAND: ADiamonds, 7Diamonds, JDiamonds, KClubs, 2Clubs, AHearts, KHearts, ASpades, JSpades, 3Spades.
P3 HAND: QDiamonds, 5Diamonds, 4Diamonds, 2Diamonds, 7Hearts, JHearts, QHearts, 5Hearts, 7Spades, 5Spades.
P2 AHearts P3 5Hearts P0 2Hearts P1 4Hearts 
P2 ASpades P3 5Spades P0 KSpades P1 2Spades 
P2 2Clubs P3 QHearts P0 3Clubs P1 AClubs 
P1 4Clubs P2 KClubs P3 2Diamonds P0 6Clubs 
P3 JHearts P0 3Hearts P1 6Hearts P2 KHearts 
P2 3Spades P3 7Spades P0 6Spades P1 4Spades 
P3 4Diamonds P0 6Diamonds P1 3Diamonds P2 JDiamonds 
P2 JSpades P3 5Diamonds P0 QSpades P1 7Clubs 
P3 QDiamonds P0 KDiamonds P1 5Clubs P2 7Diamonds 
P2 ADiamonds P3 7Hearts P0 JClubs P1 QClubs 
-- /GAME --
P0 HAND: JDiamonds, 6Diamonds, 4Diamonds, KClubs, 3Clubs, 7Hearts, KSpades, 5Spades, 4Spades, 3Spades.
P1 HAND: 7Diamonds, 3Diamonds, 2Diamonds, 6Clubs, KHearts, 6Hearts, 3Hearts, JSpades, 6Spades, 2Spades.
P2 HAND: KDiamonds, 5Diamonds, QClubs, 5Clubs, 4Clubs, 2Clubs, AHearts, JHearts, ASpades, QSpades.
P3 HAND: ADiamonds, QDiamonds, AClubs, 7Clubs, JClubs, QHearts, 5Hearts, 4Hearts, 2Hearts, 7Spades.
P1 2Diamonds P2 5Diamonds P3 ADiamonds P0 4Diamonds 
P3 AClubs P0 3Clubs P1 6Clubs P2 2Clubs 
P3 2Hearts P0 7Hearts P1 3Hearts P2 AHearts 
P2 4Clubs P3 JClubs P0 KClubs P1 2Spades 
P1 3Diamonds P2 KDiamonds P3 QDiamonds P0 JDiamonds 
P2 5Clubs P3 7Clubs P0 KSpades P1 6Hearts 
P0 6Diamonds P1 7Diamonds P2 QSpades P3 7Spades 
P3 4Hearts P0 3Spades P1 KHearts P2 JHearts 
P0 4Spades P1 6Spades P2 ASpades P3 5Hearts 
P2 QClubs P3 QHearts P0 5Spades P1 JSpades 
-- /GAME --
P0 HAND: KDiamonds, 5Diamonds, KClubs, 3Clubs, ASpades, 7Spades, KSpades, JSpades, QSpades, 4Spades.
P1 HAND: ADiamonds, 7Diamonds, JDiamonds, QDiamonds, JClubs, JHearts, 6Hearts, 5Hearts, 4Hearts, 3Spades.
P2 HAND: 6Diamonds, AClubs, 7Clubs, QClubs, 5Clubs, 2Clubs, KHearts, QHearts, 3Hearts, 6Spades.
P3 HAND: 4Diamonds, 3Diamonds, 2Diamonds, 6Clubs, 4Clubs, AHearts, 7Hearts, 2Hearts, 5Spades, 2Spades.
P0 ASpades P1 3Spades P2 6Spades P3 2Spades 
P0 5Diamonds P1 ADiamonds P2 6Diamonds P3 4Diamonds 
P1 4Hearts P2 3Hearts P3 AHearts P0 KClubs 
P0 KDiamonds P1 QDiamonds P2 2Clubs P3 2Diamonds 
P2 QHearts P3 2Hearts P0 3Clubs P1 5Hearts 
P0 4Spades P1 6Hearts P2 5Clubs P3 5Spades 
P2 QClubs P3 4Clubs P0 QSpades P1 JClubs 
P1 JDiamonds P2 7Clubs P3 3Diamonds P0 7Spades 
P2 AClubs P3 6Clubs P0 KSpades P1 JHearts 
P2 KHearts P3 7Hearts P0 JSpades P1 7Diamonds 
-- /GAME --
P0 HAND: KDiamonds, QDiamonds, AClubs, 7Clubs, KClubs, 5Clubs, AHearts, 7Spades, 5Spades, 4Spades.
P1 HAND: ADiamonds, 7Diamonds, QClubs, 4Clubs, 7Hearts, KHearts, QHearts, 6Hearts, 3Hearts, 6Spades.
P2 HAND: JDiamonds, 5Diamonds, 2Diamonds, 3Clubs, 2Clubs, 5Hearts, 4Hearts, 2Hearts, QSpades, 3Spades.
P3 HAND: 6Diamonds, 4Diamonds, 3Diamonds, JClubs, 6Clubs, JHearts, ASpades, KSpades, JSpades, 2Spades.
P3 ASpades P0 4Spades P1 6Spades P2 3Spades 
P3 2Spades P0 7Spades P1 4Clubs P2 QSpades 
P1 ADiamonds P2 2Diamonds P3 6Diamonds P0 KDiamonds 
P1 3Hearts P2 2Hearts P3 JHearts P0 AHearts 
P0 QDiamonds P1 7Diamonds P2 5Diamonds P3 4Diamonds 
P1 6Hearts P2 4Hearts P3 3Diamonds P0 5Spades 
P1 QHearts P2 5Hearts P3 6Clubs P0 5Clubs 
P3 JSpades P0 KClubs P1 KHearts P2 JDiamonds 
P0 7Clubs P1 QClubs P2 2Clubs P3 JClubs 
P0 AClubs P1 7Hearts P2 3Clubs P3 KSpades 
-- /GAME --

