-- GAME --
P0 HAND: KDiamonds, 2Diamonds, AClubs, 5Clubs, AHearts, 7Hearts, 3Hearts, ASpades, KSpades, 3Spades.
P1 HAND: JDiamonds, QDiamonds, 6Diamonds, 5Diamonds, 4Diamonds, QClubs, 6Clubs, KHearts, JHearts, 6Hearts.
P2 HAND: ADiamonds, 7Diamonds, 3Diamonds, JClubs, 4Clubs, 3Clubs, 2Clubs, 7Spades, QSpades, 5Spades.
P3 HAND: 7Clubs, KClubs, QHearts, 5Hearts, 4Hearts, 2Hearts, JSpades, 6Spades, 4Spades, 2Spades.
P1 4Diamonds P2 ADiamonds P3 KClubs P0 2Diamonds 
P3 2Hearts P0 7Hearts P1 6Hearts P2 7Diamonds 
P0 AHearts P1 JHearts P2 7Spades P3 4Hearts 
P0 5Clubs P1 6Clubs P2 2Clubs P3 7Clubs 
P3 2Spades P0 ASpades P1 QClubs P2 5Spades 
P1 5Diamonds P2 3Diamonds P3 4Spades P0 KDiamonds 
P0 KSpades P1 6Diamonds P2 QSpades P3 6Spades 
P0 3Hearts P1 KHearts P2 3Clubs P3 5Hearts 
P2 4Clubs P3 QHearts P0 AClubs P1 QDiamonds 
P0 3Spades P1 JDiamonds P2 JClubs P3 JSpades 
-- /GAME --
P0 HAND: KDiamonds, QDiamonds, 5Diamonds, 3Diamonds, AClubs, JClubs, 5Clubs, KHearts, KSpades, JSpades.
P1 HAND: 7Diamonds, 6Diamonds, 4Diamonds, KClubs, 4Clubs, QHearts, 3Hearts, ASpades, 5Spades, 3Spades.
P2 HAND: ADiamonds, 7Clubs, QClubs, 6Clubs, AHearts, 6Hearts, 5Hearts, 4Hearts, 2Hearts, 2Spades.
P3 HAND: JDiamonds, 2Diamonds, 3Clubs, 2Clubs, 7Hearts, JHearts, 7Spades, QSpades, 6Spades, 4Spades.

