-- GAME --
P0 HAND: KDiamonds, 5Diamonds, 4Diamonds, 2Diamonds, 7Clubs, JClubs, 5Clubs, JHearts, QSpades, 2Spades.
P1 HAND: 7Diamonds, 6Clubs, 2Clubs, KHearts, 6Hearts, 5Hearts, ASpades, 7Spades, 6Spades, 5Spades.
P2 HAND: JDiamonds, KClubs, QClubs, AHearts, QHearts, 3Hearts, 2Hearts, KSpades, JSpades, 4Spades.
P3 HAND: ADiamonds, QDiamonds, 6Diamonds, 3Diamonds, AClubs, 4Clubs, 3Clubs, 7Hearts, 4Hearts, 3Spades.
P1 ASpades P2 4Spades P3 3Spades P0 2Spades 
P1 5Hearts P2 AHearts P3 4Hearts P0 JHearts 
P2 2Hearts P3 7Hearts P0 5Clubs P1 6Hearts 
P0 QSpades P1 5Spades P2 JSpades P3 3Clubs 
P3 ADiamonds P0 2Diamonds P1 7Diamonds P2 JDiamonds 
P3 3Diamonds P0 KDiamonds P1 6Spades P2 KSpades 
P0 4Diamonds P1 2Clubs P2 3Hearts P3 QDiamonds 
P1 6Clubs P2 QClubs P3 4Clubs P0 7Clubs 
P0 5Diamonds P1 KHearts P2 QHearts P3 6Diamonds 
P3 AClubs P0 JClubs P1 7Spades P2 KClubs 
-- /GAME --
P0 HAND: JDiamonds, QDiamonds, 4Clubs, 3Clubs, JHearts, 6Hearts, 3Hearts, 7Spades, KSpades, QSpades.
P1 HAND: 6Diamonds, 3Diamonds, 2Diamonds, QClubs, 5Clubs, 2Clubs, AHearts, 5Hearts, ASpades, 4Spades.
P2 HAND: ADiamonds, 5Diamonds, 4Diamonds, 7Clubs, 7Hearts, KHearts, QHearts, 6Spades, 5Spades, 2Spades.
P3 HAND: 7Diamonds, KDiamonds, AClubs, KClubs, JClubs, 6Clubs, 4Hearts, 2Hearts, JSpades, 3Spades.
P0 3Clubs P1 2Clubs P2 7Clubs P3 AClubs 
P3 2Hearts P0 3Hearts P1 AHearts P2 QHearts 
P1 2Diamonds P2 ADiamonds P3 KDiamonds P0 JDiamonds 
P2 4Diamonds P3 7Diamonds P0 QDiamonds P1 6Diamonds 
P3 4Hearts P0 JHearts P1 5Hearts P2 7Hearts 
P2 5Diamonds P3 6Clubs P0 6Hearts P1 3Diamonds 
P2 2Spades P3 3Spades P0 QSpades P1 4Spades 
P0 4Clubs P1 5Clubs P2 5Spades P3 JClubs 
P2 6Spades P3 JSpades P0 7Spades P1 ASpades 
P1 QClubs P2 KHearts P3 KClubs P0 KSpades 
-- /GAME --
P0 HAND: 5Diamonds, 3Diamonds, 2Diamonds, AClubs, 4Clubs, JHearts, 5Hearts, 7Spades, JSpades, 3Spades.
P1 HAND: ADiamonds, KDiamonds, QDiamonds, 7Clubs, KClubs, AHearts, 7Hearts, 4Hearts, 2Hearts, KSpades.
P2 HAND: 7Diamonds, JDiamonds, 4Diamonds, QHearts, 6Hearts, 3Hearts, ASpades, QSpades, 6Spades, 4Spades.
P3 HAND: 6Diamonds, JClubs, QClubs, 6Clubs, 5Clubs, 3Clubs, 2Clubs, KHearts, 5Spades, 2Spades.
P3 2Clubs P0 AClubs P1 KClubs P2 ASpades 
P0 4Clubs P1 7Clubs P2 3Hearts P3 3Clubs 
P2 4Diamonds P3 6Diamonds P0 2Diamonds P1 ADiamonds 
P1 QDiamonds P2 JDiamonds P3 KHearts P0 5Diamonds 
P3 2Spades P0 JSpades P1 KSpades P2 4Spades 
P1 2Hearts P2 6Hearts P3 5Clubs P0 5Hearts 
P2 6Spades P3 5Spades P0 3Spades P1 4Hearts 
P1 7Hearts P2 QHearts P3 6Clubs P0 JHearts 
P1 AHearts P2 QSpades P3 QClubs P0 3Diamonds 
P1 KDiamonds P2 7Diamonds P3 JClubs P0 7Spades 
-- /GAME --
P0 HAND: 7Diamonds, KDiamonds, QDiamonds, 5Diamonds, 3Diamonds, 7Clubs, 4Clubs, 4Hearts, 4Spades, 3Spades.
P1 HAND: ADiamonds, 6Diamonds, KClubs, JClubs, 7Hearts, QHearts, 6Hearts, 5Hearts, 3Hearts, KSpades.
P2 HAND: JDiamonds, 4Diamonds, AClubs, QClubs, 6Clubs, 2Clubs, AHearts, JHearts, QSpades, 5Spades.
P3 HAND: 2Diamonds, 5Clubs, 3Clubs, KHearts, 2Hearts, ASpades, 7Spades, JSpades, 6Spades, 2Spades.
P2 AClubs P3 3Clubs P0 7Clubs P1 JClubs 
P2 2Clubs P3 5Clubs P0 4Clubs P1 KClubs 
P1 ADiamonds P2 4Diamonds P3 2Diamonds P0 3Diamonds 
P1 6Diamonds P2 JDiamonds P3 2Spades P0 7Diamonds 
P0 QDiamonds P1 3Hearts P2 5Spades P3 ASpades 
P1 5Hearts P2 JHearts P3 2Hearts P0 4Hearts 
P2 6Clubs P3 6Spades P0 3Spades P1 6Hearts 
P1 QHearts P2 AHearts P3 KHearts P0 KDiamonds 
P2 QClubs P3 JSpades P0 4Spades P1 7Hearts 
P1 KSpades P2 QSpades P3 7Spades P0 5Diamonds 
-- /GAME --
P0 HAND: JDiamonds, 5Diamonds, 4Diamonds, AHearts, JHearts, 6Hearts, 4Hearts, QSpades, 3Spades, 2Spades.
P1 HAND: ADiamonds, KDiamonds, 6Diamonds, AClubs, KClubs, QClubs, 5Clubs, 2Hearts, 6Spades, 5Spades.
P2 HAND: 7Diamonds, 6Clubs, 7Hearts, KHearts, QHearts, 3Hearts, ASpades, 7Spades, JSpades, 4Spades.
P3 HAND: QDiamonds, 3Diamonds, 2Diamonds, 7Clubs, JClubs, 4Clubs, 3Clubs, 2Clubs, 5Hearts, KSpades.
P1 ADiamonds P2 7Diamonds P3 QDiamonds P0 4Diamonds 
P1 AClubs P2 6Clubs P3 7Clubs P0 4Hearts 
P0 5Diamonds P1 6Diamonds P2 4Spades P3 3Diamonds 
P1 5Clubs P2 3Hearts P3 2Clubs P0 JDiamonds 
P2 ASpades P3 KSpades P0 QSpades P1 5Spades 
P2 JSpades P3 2Diamonds P0 2Spades P1 6Spades 
P2 QHearts P3 5Hearts P0 6Hearts P1 2Hearts 
P2 KHearts P3 3Clubs P0 JHearts P1 QClubs 
P2 7Hearts P3 4Clubs P0 AHearts P1 KDiamonds 
P0 3Spades P1 KClubs P2 7Spades P3 JClubs 
-- /GAME --
P0 HAND: 7Clubs, QClubs, 3Clubs, 2Clubs, 2Hearts, JSpades, QSpades, 6Spades, 5Spades, 2Spades.
P1 HAND: 7Diamonds, JDiamonds, KClubs, 6Clubs, 4Clubs, AHearts, JHearts, 4Hearts, 7Spades, KSpades.
P2 HAND: ADiamonds, JClubs, 5Clubs, 7Hearts, KHearts, QHearts, 6Hearts, 5Hearts, 3Hearts, 4Spades.
P3 HAND: KDiamonds, QDiamonds, 6Diamonds, 5Diamonds, 4Diamonds, 3Diamonds, 2Diamonds, AClubs, ASpades, 3Spades.
P0 5Spades P1 KSpades P2 4Spades P3 ASpades 
P3 AClubs P0 2Clubs P1 KClubs P2 5Clubs 
P3 3Spades P0 JSpades P1 7Spades P2 ADiamonds 
P2 3Hearts P3 2Diamonds P0 2Hearts P1 AHearts 
P3 3Diamonds P0 2Spades P1 JDiamonds P2 5Hearts 
P1 4Clubs P2 JClubs P3 4Diamonds P0 3Clubs 
P3 5Diamonds P0 6Spades P1 7Diamonds P2 6Hearts 
P1 4Hearts P2 QHearts P3 6Diamonds P0 QSpades 
P3 QDiamonds P0 QClubs P1 6Clubs P2 KHearts 
P3 KDiamonds P0 7Clubs P1 JHearts P2 7Hearts 
-- /GAME --
P0 HAND: 7Diamonds, 6Diamonds, 5Clubs, AHearts, 4Hearts, KSpades, QSpades, 5Spades, 4Spades, 3Spades.
P1 HAND: ADiamonds, JDiamonds, AClubs, JClubs, QClubs, 3Clubs, 5Hearts, 2Hearts, 7Spades, 2Spades.
P2 HAND: 5Diamonds, 4Diamonds, 3Diamonds, KClubs, 6Clubs, 4Clubs, 2Clubs, 3Hearts, ASpades, 6Spades.
P3 HAND: KDiamonds, QDiamonds, 2Diamonds, 7Clubs, 7Hearts, KHearts, JHearts, QHearts, 6Hearts, JSpades.
P3 2Diamonds 
