-- GAME --
P0 HAND: JDiamonds, 4Diamonds, 7Clubs, 5Clubs, 3Clubs, JHearts, 5Hearts, 7Spades, 5Spades, 4Spades.
P1 HAND: QDiamonds, 5Diamonds, JClubs, QClubs, AHearts, 7Hearts, KHearts, QHearts, 6Hearts, KSpades.
P2 HAND: 7Diamonds, KDiamonds, 6Diamonds, KClubs, 6Clubs, 4Clubs, 3Hearts, ASpades, JSpades, 6Spades.
P3 HAND: ADiamonds, 3Diamonds, 2Diamonds, AClubs, 2Clubs, 4Hearts, 2Hearts, QSpades, 3Spades, 2Spades.
P1 5Diamonds P2 6Diamonds P3 ADiamonds P0 4Diamonds 
P3 AClubs P0 3Clubs P1 JClubs P2 4Clubs 
P3 2Diamonds P0 JDiamonds P1 QDiamonds P2 7Diamonds 
P2 ASpades P3 2Spades P0 7Spades P1 KSpades 
P2 6Clubs P3 2Clubs P0 7Clubs P1 QClubs 
P0 5Clubs P1 6Hearts P2 KClubs P3 QSpades 
P1 QHearts P2 3Hearts P3 2Hearts P0 JHearts 
P0 4Spades P1 KHearts P2 6Spades P3 3Spades 
P1 7Hearts P2 JSpades P3 4Hearts P0 5Hearts 
P1 AHearts P2 KDiamonds P3 3Diamonds P0 5Spades 
-- /GAME --
P0 HAND: 7Diamonds, 2Diamonds, KClubs, QClubs, 7Hearts, QHearts, 6Hearts, ASpades, 5Spades, 3Spades.
P1 HAND: QDiamonds, 6Diamonds, 5Diamonds, 3Diamonds, 7Clubs, 3Clubs, 2Clubs, 3Hearts, 6Spades, 4Spades.
P2 HAND: JDiamonds, 4Diamonds, AClubs, AHearts, KHearts, JHearts, 4Hearts, 2Hearts, JSpades, QSpades.
P3 HAND: ADiamonds, KDiamonds, JClubs, 6Clubs, 5Clubs, 4Clubs, 5Hearts, 7Spades, KSpades, 2Spades.
P0 ASpades P1 4Spades P2 JSpades P3 2Spades 
P0 3Spades P1 6Spades P2 QSpades P3 7Spades 
P3 ADiamonds P0 2Diamonds P1 QDiamonds P2 4Diamonds 
P3 5Hearts P0 QHearts P1 3Hearts P2 AHearts 
P2 2Hearts P3 4Clubs P0 6Hearts P1 6Diamonds 
P3 5Clubs P0 KClubs P1 2Clubs P2 AClubs 
P2 4Hearts P3 6Clubs P0 7Hearts P1 5Diamonds 
P3 JClubs P0 QClubs P1 3Clubs P2 JDiamonds 
P3 KDiamonds P0 7Diamonds P1 3Diamonds P2 KHearts 
P0 5Spades P1 7Clubs P2 JHearts P3 KSpades 
-- /GAME --
P0 HAND: QDiamonds, 4Diamonds, 3Diamonds, AClubs, 7Clubs, JClubs, 4Clubs, 2Clubs, 5Hearts, 4Spades.
P1 HAND: ADiamonds, 7Diamonds, KDiamonds, 2Diamonds, 6Clubs, QHearts, 6Hearts, 4Hearts, JSpades, 2Spades.
P2 HAND: JDiamonds, 5Diamonds, 5Clubs, 3Clubs, 7Hearts, KHearts, 3Hearts, KSpades, 6Spades, 5Spades.
P3 HAND: 6Diamonds, KClubs, QClubs, AHearts, JHearts, 2Hearts, ASpades, 7Spades, QSpades, 3Spades.
P3 AHearts 
