-- GAME --
P3 2Hearts P0 4Hearts P1 3Hearts P2 AHearts 
P2 4Spades P3 3Spades P0 2Spades P1 ASpades 
P1 2Clubs P2 6Hearts P3 3Clubs P0 JClubs 
P0 KSpades P1 5Spades P2 6Spades P3 7Spades 
P3 5Hearts P0 KHearts P1 JHearts P2 QHearts 
P0 5Clubs P1 4Clubs P2 2Diamonds P3 QClubs 
P2 5Diamonds P3 6Diamonds P0 JDiamonds P1 6Clubs 
P0 3Diamonds P1 KClubs P2 QDiamonds P3 QSpades 
P2 7Diamonds P3 JSpades P0 4Diamonds P1 7Clubs 
P2 ADiamonds P3 7Hearts P0 KDiamonds P1 AClubs 
-- /GAME --
P0 HAND: 7Clubs, KClubs, QClubs, 2Clubs, KHearts, QHearts, 5Hearts, 3Hearts, JSpades, 5Spades.
P1 HAND: ADiamonds, QDiamonds, 3Diamonds, 2Diamonds, 4Clubs, 4Hearts, ASpades, 7Spades, KSpades, 6Spades.
P2 HAND: KDiamonds, 5Diamonds, 4Diamonds, JClubs, 6Clubs, 3Clubs, 7Hearts, JHearts, 6Hearts, 2Spades.
P3 HAND: 7Diamonds, JDiamonds, 6Diamonds, AClubs, 5Clubs, AHearts, 2Hearts, QSpades, 4Spades, 3Spades.
P2 3Clubs P3 AClubs P0 2Clubs P1 4Clubs 
P3 AHearts P0 3Hearts P1 4Hearts P2 6Hearts 
P3 2Hearts P0 QHearts P1 2Diamonds P2 7Hearts 
P2 4Diamonds P3 6Diamonds P0 5Spades P1 3Diamonds 
P0 7Clubs P1 6Spades P2 6Clubs P3 5Clubs 
P1 QDiamonds P2 5Diamonds P3 JDiamonds P0 QClubs 
P3 3Spades P0 JSpades P1 KSpades P2 2Spades 
P1 7Spades P2 JClubs P3 4Spades P0 5Hearts 
P1 ASpades P2 JHearts P3 QSpades P0 KClubs 
P1 ADiamonds P2 KDiamonds P3 7Diamonds P0 KHearts 
-- /GAME --

