-- GAME --
P0 HAND: 3Diamonds, 6Clubs, 5Clubs, AHearts, QHearts, 4Hearts, 2Hearts, QSpades, 6Spades, 3Spades.
P1 HAND: ADiamonds, 6Diamonds, 3Clubs, KHearts, JHearts, 6Hearts, 5Hearts, 3Hearts, JSpades, 5Spades.
P2 HAND: 5Diamonds, AClubs, 7Clubs, KClubs, QClubs, 2Clubs, ASpades, 7Spades, 4Spades, 2Spades.
P3 HAND: 7Diamonds, KDiamonds, JDiamonds, QDiamonds, 4Diamonds, 2Diamonds, JClubs, 4Clubs, 7Hearts, KSpades.
P3 4Clubs P0 5Clubs P1 3Clubs P2 AClubs 
P2 ASpades P3 KSpades P0 QSpades P1 5Spades 
P2 2Clubs P3 JClubs P0 6Clubs P1 KHearts 
P3 2Diamonds P0 3Diamonds P1 6Diamonds P2 5Diamonds 
P1 3Hearts P2 2Spades P3 7Hearts P0 AHearts 
P0 QHearts P1 5Hearts P2 4Spades P3 4Diamonds 
P3 QDiamonds P0 3Spades P1 ADiamonds P2 QClubs 
P1 6Hearts P2 KClubs P3 JDiamonds P0 4Hearts 
P3 KDiamonds P0 2Hearts P1 JHearts P2 7Clubs 
P3 7Diamonds P0 6Spades P1 JSpades P2 7Spades 
-- /GAME --
P0 HAND: 6Diamonds, 3Diamonds, 7Clubs, QClubs, 3Clubs, 7Hearts, KHearts, 6Hearts, 3Hearts, 4Spades.
P1 HAND: ADiamonds, KDiamonds, QDiamonds, 6Clubs, 5Clubs, 4Clubs, 5Hearts, 4Hearts, 2Hearts, 5Spades.
P2 HAND: 7Diamonds, 5Diamonds, 4Diamonds, AHearts, QHearts, ASpades, 7Spades, QSpades, 6Spades, 2Spades.
P3 HAND: JDiamonds, 2Diamonds, AClubs, KClubs, JClubs, 2Clubs, JHearts, KSpades, JSpades, 3Spades.
P2 2Spades P3 3Spades P0 4Spades P1 5Spades 
P1 ADiamonds P2 4Diamonds P3 JDiamonds P0 3Diamonds 
P1 4Clubs P2 5Diamonds P3 AClubs P0 3Clubs 
P3 2Diamonds P0 6Diamonds P1 QDiamonds P2 7Diamonds 
P2 6Spades P3 JSpades P0 7Hearts P1 5Clubs 
P0 7Clubs P1 6Clubs P2 ASpades P3 2Clubs 
P0 QClubs P1 2Hearts P2 QSpades P3 KClubs 
P1 4Hearts P2 QHearts P3 JHearts P0 KHearts 
P0 6Hearts P1 5Hearts P2 AHearts P3 JClubs 
P2 7Spades P3 KSpades P0 3Hearts P1 KDiamonds 
-- /GAME --
P0 HAND: JDiamonds, 5Diamonds, 7Clubs, JClubs, QClubs, 6Clubs, 5Clubs, 6Hearts, 5Hearts, 6Spades.
P1 HAND: ADiamonds, 7Diamonds, KDiamonds, 6Diamonds, AClubs, KClubs, 2Hearts, ASpades, 4Spades, 3Spades.
P2 HAND: 4Diamonds, 2Diamonds, 4Clubs, 3Clubs, 2Clubs, AHearts, 7Spades, JSpades, QSpades, 5Spades.
P3 HAND: QDiamonds, 3Diamonds, 7Hearts, KHearts, JHearts, QHearts, 4Hearts, 3Hearts, KSpades, 2Spades.
P1 ADiamonds P2 2Diamonds P3 QDiamonds P0 5Diamonds 
P1 ASpades P2 5Spades P3 KSpades P0 6Spades 
P1 2Hearts P2 AHearts P3 3Hearts P0 6Hearts 
P2 4Diamonds P3 3Diamonds P0 JDiamonds P1 7Diamonds 
P1 3Spades P2 QSpades P3 2Spades P0 7Clubs 
P0 5Hearts P1 4Spades P2 2Clubs P3 4Hearts 
P2 JSpades P3 QHearts P0 JClubs P1 KClubs 
P1 6Diamonds P2 3Clubs P3 JHearts P0 QClubs 
P0 6Clubs P1 AClubs P2 4Clubs P3 7Hearts 
P1 KDiamonds P2 7Spades P3 KHearts P0 5Clubs 
-- /GAME --
P0 HAND: JDiamonds, QDiamonds, 3Diamonds, JClubs, QClubs, 4Clubs, 3Hearts, KSpades, QSpades, 2Spades.
P1 HAND: AClubs, KClubs, 6Clubs, 2Clubs, AHearts, JHearts, 5Hearts, 4Hearts, JSpades, 3Spades.
P2 HAND: KDiamonds, 6Diamonds, 7Clubs, 5Clubs, 3Clubs, 7Hearts, KHearts, ASpades, 5Spades, 4Spades.
P3 HAND: ADiamonds, 7Diamonds, 5Diamonds, 4Diamonds, 2Diamonds, QHearts, 6Hearts, 2Hearts, 7Spades, 6Spades.
P0 3Hearts P1 AHearts P2 KHearts P3 QHearts 
P1 AClubs P2 3Clubs P3 7Spades P0 4Clubs 
P1 2Clubs P2 5Clubs P3 2Hearts P0 JClubs 
P0 3Diamonds P1 3Spades P2 6Diamonds P3 2Diamonds 
P2 4Spades P3 6Spades P0 KSpades P1 JSpades 
P0 QSpades P1 4Hearts P2 5Spades P3 6Hearts 
P0 2Spades P1 5Hearts P2 ASpades P3 4Diamonds 
P3 5Diamonds P0 QDiamonds P1 6Clubs P2 KDiamonds 
P2 7Clubs P3 7Diamonds P0 QClubs P1 KClubs 
P3 ADiamonds P0 JDiamonds P1 JHearts P2 7Hearts 
-- /GAME --
P0 HAND: 5Diamonds, KClubs, 4Clubs, 2Clubs, AHearts, KHearts, 2Hearts, 7Spades, KSpades, 6Spades.
P1 HAND: QDiamonds, 4Diamonds, AClubs, QClubs, 6Clubs, 3Clubs, 7Hearts, 4Hearts, JSpades, 3Spades.
P2 HAND: ADiamonds, JDiamonds, 6Diamonds, 2Diamonds, JHearts, QHearts, ASpades, QSpades, 4Spades, 2Spades.
P3 HAND: 7Diamonds, KDiamonds, 3Diamonds, 7Clubs, JClubs, 5Clubs, 6Hearts, 5Hearts, 3Hearts, 5Spades.
P3 3Diamonds P0 5Diamonds P1 4Diamonds P2 ADiamonds 
P2 ASpades P3 5Spades P0 7Spades P1 3Spades 
P2 2Diamonds P3 KDiamonds P0 2Hearts P1 QDiamonds 
P0 2Clubs P1 AClubs P2 QHearts P3 5Clubs 

