-- GAME --
P0 6Diamonds P1 5Diamonds 
P3 ASpades P0 2Spades P1 7Spades P2 5Spades 
P3 3Clubs P0 AClubs P1 JClubs P2 5Clubs 
P0 3Spades P1 4Spades P2 6Spades P3 4Clubs 
P2 2Clubs P3 6Clubs P0 QDiamonds P1 7Clubs 
P1 3Diamonds P2 QSpades P3 QClubs P0 7Diamonds 
P0 KDiamonds P1 4Diamonds P2 5Hearts P3 2Hearts 
P2 JSpades P3 JHearts P0 JDiamonds P1 3Hearts 
P3 KHearts P0 4Hearts P1 QHearts P2 6Hearts 
P3 KClubs P0 AHearts P1 7Hearts P2 KSpades 
-- /GAME --
P0 HAND: 5Diamonds, KClubs, QClubs, 5Clubs, 3Clubs, 2Clubs, JHearts, ASpades, JSpades, 6Spades.
P1 HAND: ADiamonds, KDiamonds, JDiamonds, 6Diamonds, 3Diamonds, 4Clubs, QHearts, 6Hearts, KSpades, 2Spades.
P2 HAND: 7Diamonds, QDiamonds, AClubs, 7Hearts, 3Hearts, 2Hearts, 7Spades, QSpades, 5Spades, 3Spades.
P3 HAND: 4Diamonds, 2Diamonds, 7Clubs, JClubs, 6Clubs, AHearts, KHearts, 5Hearts, 4Hearts, 4Spades.
P1 3Diamonds P2 QDiamonds P3 2Diamonds P0 5Diamonds 
P2 AClubs P3 6Clubs P0 KClubs P1 4Clubs 
P2 2Hearts P3 AHearts P0 JHearts P1 QHearts 
P3 4Diamonds P0 2Clubs P1 6Diamonds P2 7Diamonds 
P2 3Hearts P3 4Hearts P0 3Clubs P1 6Hearts 
P1 JDiamonds P2 3Spades P3 5Hearts P0 QClubs 
P2 5Spades P3 4Spades P0 6Spades P1 2Spades 
P0 5Clubs P1 KSpades P2 QSpades P3 7Clubs 
P1 KDiamonds P2 7Spades P3 JClubs P0 JSpades 
P2 7Hearts P3 KHearts P0 ASpades P1 ADiamonds 
-- /GAME --

