-- GAME --
P0 HAND: JClubs, 2Clubs, 7Hearts, KHearts, JHearts, 4Hearts, ASpades, 6Spades, 4Spades, 3Spades.
P1 HAND: ADiamonds, QDiamonds, 7Clubs, 6Clubs, 5Clubs, 4Clubs, AHearts, QHearts, 2Hearts, KSpades.
P2 HAND: KDiamonds, 6Diamonds, AClubs, 5Hearts, 3Hearts, 7Spades, JSpades, QSpades, 5Spades, 2Spades.
P3 HAND: 7Diamonds, JDiamonds, 5Diamonds, 4Diamonds, 3Diamonds, 2Diamonds, KClubs, QClubs, 3Clubs, 6Hearts.
P1 ADiamonds P2 6Diamonds P3 7Diamonds P0 7Hearts 
P0 ASpades P1 KSpades P2 7Spades P3 6Hearts 
P3 2Diamonds P0 2Clubs P1 QDiamonds P2 KDiamonds 
P2 AClubs P3 3Clubs P0 JClubs P1 4Clubs 
P2 2Spades P3 3Diamonds P0 3Spades P1 5Clubs 
P0 6Spades P1 6Clubs P2 5Spades P3 4Diamonds 
P0 JHearts P1 2Hearts P2 3Hearts P3 5Diamonds 
P0 4Spades P1 QHearts P2 QSpades P3 KClubs 
P1 AHearts P2 5Hearts P3 JDiamonds P0 4Hearts 
P1 7Clubs P2 JSpades P3 QClubs P0 KHearts 
-- /GAME --
P0 HAND: ADiamonds, KDiamonds, 6Diamonds, 3Diamonds, 6Clubs, 4Clubs, AHearts, 7Hearts, 4Hearts, 7Spades.
P1 HAND: JDiamonds, 4Diamonds, AClubs, KClubs, 5Clubs, 3Clubs, JHearts, JSpades, 4Spades, 3Spades.
P2 HAND: 2Diamonds, JClubs, QClubs, 2Clubs, QHearts, 5Hearts, 2Hearts, ASpades, KSpades, 5Spades.
P3 HAND: 7Diamonds, QDiamonds, 5Diamonds, 7Clubs, KHearts, 6Hearts, 3Hearts, QSpades, 6Spades, 2Spades.
P0 6Clubs P1 AClubs P2 2Clubs P3 7Clubs 
P1 3Clubs P2 QClubs P3 2Spades P0 4Clubs 
P2 ASpades P3 6Spades P0 7Spades P1 3Spades 
P2 2Diamonds P3 5Diamonds P0 ADiamonds P1 4Diamonds 
P0 4Hearts P1 JHearts P2 2Hearts P3 3Hearts 
P1 4Spades P2 5Spades P3 QSpades P0 7Hearts 
P0 3Diamonds P1 JDiamonds P2 5Hearts P3 QDiamonds 
P2 JClubs P3 6Hearts P0 6Diamonds P1 KClubs 
P3 KHearts P0 AHearts P1 5Clubs P2 QHearts 
P0 KDiamonds P1 JSpades P2 KSpades P3 7Diamonds 
-- /GAME --
P0 HAND: ADiamonds, 6Diamonds, 5Diamonds, JClubs, 3Clubs, 2Clubs, AHearts, 5Hearts, 3Spades, 2Spades.
P1 HAND: JDiamonds, 4Diamonds, 7Clubs, KClubs, QClubs, 5Clubs, 4Clubs, KHearts, 2Hearts, 6Spades.
P2 HAND: 2Diamonds, AClubs, 6Clubs, JHearts, QHearts, 4Hearts, KSpades, JSpades, 5Spades, 4Spades.
P3 HAND: 7Diamonds, KDiamonds, QDiamonds, 3Diamonds, 7Hearts, 6Hearts, 3Hearts, ASpades, 7Spades, QSpades.
P3 ASpades P0 2Spades P1 6Spades P2 4Spades 
P3 3Hearts P0 AHearts P1 2Hearts P2 JHearts 
P0 5Hearts P1 KHearts P2 4Hearts P3 7Hearts 
P3 6Hearts P0 5Diamonds P1 4Clubs P2 QHearts 
P0 3Spades P1 5Clubs P2 5Spades P3 7Spades 
P3 QSpades P0 6Diamonds P1 QClubs P2 KSpades 
P0 2Clubs P1 KClubs P2 AClubs P3 3Diamonds 
P3 QDiamonds P0 ADiamonds P1 4Diamonds P2 2Diamonds 
P0 JClubs P1 7Clubs P2 6Clubs P3 KDiamonds 
P3 7Diamonds P0 3Clubs P1 JDiamonds P2 JSpades 
-- /GAME --
P0 HAND: 6Diamonds, 5Clubs, 4Clubs, 7Hearts, KHearts, 6Hearts, 7Spades, JSpades, 6Spades, 5Spades.
P1 HAND: KDiamonds, 4Diamonds, KClubs, 2Clubs, JHearts, 3Hearts, 2Hearts, ASpades, KSpades, 4Spades.
P2 HAND: ADiamonds, JDiamonds, 5Diamonds, 3Diamonds, AClubs, QClubs, QHearts, 5Hearts, 4Hearts, QSpades.
P3 HAND: 7Diamonds, QDiamonds, 2Diamonds, 7Clubs, JClubs, 6Clubs, 3Clubs, AHearts, 3Spades, 2Spades.
P2 ADiamonds P3 2Diamonds P0 6Diamonds P1 4Diamonds 
P2 AClubs P3 3Clubs P0 5Clubs P1 2Clubs 
P2 3Diamonds P3 QDiamonds P0 6Hearts P1 KDiamonds 
P0 4Clubs P1 KClubs P2 QClubs P3 7Clubs 
P3 2Spades P0 5Spades P1 ASpades P2 QSpades 
P1 4Spades P2 5Diamonds P3 3Spades P0 7Spades 
P0 JSpades P1 KSpades P2 4Hearts P3 AHearts 
P3 6Clubs P0 6Spades P1 2Hearts P2 5Hearts 
P2 JDiamonds P3 7Diamonds P0 KHearts P1 3Hearts 
P0 7Hearts P1 JHearts P2 QHearts P3 JClubs 
-- /GAME --
P0 HAND: QDiamonds, 6Diamonds, 4Diamonds, 3Diamonds, 2Diamonds, 5Clubs, 7Hearts, 7Spades, 4Spades, 3Spades.
P1 HAND: ADiamonds, 7Diamonds, 5Diamonds, JClubs, QClubs, 3Clubs, QHearts, 5Hearts, 4Hearts, KSpades.
P2 HAND: JDiamonds, 7Clubs, KClubs, JHearts, 6Hearts, 3Hearts, 2Hearts, ASpades, QSpades, 5Spades.
P3 HAND: KDiamonds, AClubs, 6Clubs, 4Clubs, 2Clubs, AHearts, KHearts, JSpades, 6Spades, 2Spades.
P1 3Clubs P2 KClubs P3 AClubs P0 5Clubs 
P3 AHearts P0 7Hearts P1 QHearts P2 2Hearts 
P3 2Clubs P0 QDiamonds P1 QClubs P2 7Clubs 
P0 3Spades P1 KSpades P2 ASpades P3 2Spades 
P2 3Hearts P3 KHearts P0 2Diamonds P1 4Hearts 
P0 3Diamonds P1 5Diamonds P2 JDiamonds P3 KDiamonds 
P3 4Clubs P0 4Spades P1 JClubs P2 5Spades 
P1 5Hearts P2 6Hearts P3 6Clubs P0 7Spades 
P2 QSpades P3 6Spades P0 4Diamonds P1 7Diamonds 
P1 ADiamonds P2 JHearts P3 JSpades P0 6Diamonds 
-- /GAME --
P0 HAND: 5Diamonds, 7Clubs, JClubs, 6Clubs, 4Clubs, 3Clubs, 7Hearts, 5Hearts, 4Hearts, 5Spades.
P1 HAND: 3Diamonds, AClubs, 2Clubs, 2Hearts, 7Spades, KSpades, QSpades, 6Spades, 4Spades, 3Spades.
P2 HAND: ADiamonds, 7Diamonds, JDiamonds, 5Clubs, AHearts, KHearts, JHearts, 6Hearts, ASpades, 2Spades.
P3 HAND: KDiamonds, QDiamonds, 6Diamonds, 4Diamonds, 2Diamonds, KClubs, QClubs, QHearts, 3Hearts, JSpades.
P0 5Diamonds P1 3Diamonds P2 ADiamonds P3 2Diamonds 
P2 AHearts P3 3Hearts P0 7Hearts P1 2Hearts 
P2 ASpades P3 JSpades P0 5Spades P1 3Spades 
P2 2Spades P3 4Diamonds P0 3Clubs P1 4Spades 
P0 4Clubs P1 2Clubs P2 5Clubs P3 QClubs 
P3 6Diamonds P0 6Clubs P1 6Spades P2 7Diamonds 
P0 4Hearts P1 QSpades P2 KHearts P3 QHearts 
P2 6Hearts P3 QDiamonds P0 5Hearts P1 AClubs 
P1 KSpades P2 JDiamonds P3 KClubs P0 7Clubs 
P0 JClubs P1 7Spades P2 JHearts P3 KDiamonds 
-- /GAME --

