-- GAME --
P0 HAND: ADiamonds, QDiamonds, 6Diamonds, 5Diamonds, 4Diamonds, 2Diamonds, 3Clubs, AHearts, 4Hearts, 4Spades.
P1 HAND: JDiamonds, 7Clubs, 2Clubs, 7Hearts, KHearts, JHearts, 3Hearts, 2Hearts, QSpades, 5Spades.
P2 HAND: 7Diamonds, KDiamonds, AClubs, 5Clubs, 4Clubs, QHearts, 5Hearts, 7Spades, 6Spades, 3Spades.
P3 HAND: 3Diamonds, KClubs, JClubs, QClubs, 6Clubs, 6Hearts, ASpades, KSpades, JSpades, 2Spades.
P3 ASpades P0 4Spades P1 QSpades P2 3Spades 
P3 2Spades P0 4Hearts P1 5Spades P2 7Spades 
P2 5Hearts P3 6Hearts P0 AHearts P1 2Hearts 
P0 ADiamonds P1 JDiamonds P2 7Diamonds P3 3Diamonds 
P0 6Diamonds P1 3Hearts P2 KDiamonds P3 6Clubs 
P3 JSpades P0 2Diamonds P1 2Clubs P2 6Spades 
P1 JHearts P2 QHearts P3 QClubs P0 4Diamonds 
P3 JClubs P0 3Clubs P1 7Clubs P2 AClubs 
P2 4Clubs P3 KClubs P0 5Diamonds P1 7Hearts 
P3 KSpades P0 QDiamonds P1 KHearts P2 5Clubs 
-- /GAME --
P0 HAND: 4Diamonds, 7Clubs, JClubs, 5Clubs, 4Clubs, 3Clubs, 2Clubs, AHearts, 7Hearts, 6Hearts.
P1 HAND: ADiamonds, QDiamonds, 5Diamonds, 3Diamonds, AClubs, 7Spades, JSpades, QSpades, 6Spades, 4Spades.
P2 HAND: KDiamonds, JDiamonds, 6Diamonds, 2Diamonds, QClubs, 6Clubs, 5Hearts, 2Hearts, 5Spades, 3Spades.
P3 HAND: 7Diamonds, KClubs, KHearts, JHearts, QHearts, 4Hearts, 3Hearts, ASpades, KSpades, 2Spades.
P2 2Diamonds P3 7Diamonds P0 4Diamonds P1 ADiamonds 
P1 AClubs P2 6Clubs P3 KClubs P0 2Clubs 
P1 3Diamonds P2 6Diamonds P3 3Hearts P0 7Clubs 
P2 2Hearts P3 4Hearts P0 AHearts P1 4Spades 
P1 5Diamonds P2 JDiamonds P3 QHearts P0 7Hearts 
P2 5Hearts P3 JHearts P0 6Hearts P1 QDiamonds 
P3 2Spades P0 3Clubs P1 6Spades P2 3Spades 
P1 QSpades P2 5Spades P3 KSpades P0 4Clubs 
P3 ASpades P0 5Clubs P1 JSpades P2 QClubs 
P3 KHearts P0 JClubs P1 7Spades P2 KDiamonds 
-- /GAME --
P0 HAND: ADiamonds, 6Diamonds, 4Diamonds, 7Clubs, 6Clubs, 5Clubs, 3Clubs, ASpades, QSpades, 4Spades.
P1 HAND: KDiamonds, QDiamonds, 2Diamonds, KClubs, 2Clubs, QHearts, 5Hearts, 3Hearts, 2Hearts, 2Spades.
P2 HAND: QClubs, AHearts, 7Hearts, KHearts, 6Hearts, 4Hearts, 7Spades, JSpades, 6Spades, 5Spades.
P3 HAND: 7Diamonds, JDiamonds, 5Diamonds, 3Diamonds, AClubs, JClubs, 4Clubs, JHearts, KSpades, 3Spades.
P1 2Diamonds P2 4Hearts P3 3Diamonds P0 4Diamonds 
P0 ADiamonds P1 QDiamonds P2 AHearts P3 5Diamonds 
P0 6Diamonds P1 KDiamonds P2 6Hearts P3 7Diamonds 
P3 AClubs P0 3Clubs P1 KClubs P2 QClubs 
P3 4Clubs P0 7Clubs P1 2Clubs P2 7Hearts 
P0 5Clubs P1 2Hearts P2 5Spades P3 JClubs 
P2 6Spades P3 3Spades P0 4Spades P1 2Spades 
P2 JSpades P3 KSpades P0 ASpades P1 3Hearts 
P0 6Clubs P1 5Hearts P2 7Spades P3 JDiamonds 
P2 KHearts P3 JHearts P0 QSpades P1 QHearts 
-- /GAME --
P0 HAND: QDiamonds, 6Diamonds, 5Diamonds, KClubs, QClubs, 3Clubs, AHearts, JHearts, 3Hearts, JSpades.
P1 HAND: ADiamonds, KDiamonds, 4Diamonds, 7Clubs, 2Clubs, 7Hearts, 6Hearts, 5Hearts, 7Spades, QSpades.
P2 HAND: 2Diamonds, AClubs, 5Clubs, QHearts, 4Hearts, 2Hearts, ASpades, 5Spades, 3Spades, 2Spades.
P3 HAND: 7Diamonds, JDiamonds, 3Diamonds, JClubs, 6Clubs, 4Clubs, KHearts, KSpades, 6Spades, 4Spades.
P0 AHearts P1 5Hearts P2 QHearts P3 KHearts 
P0 5Diamonds P1 ADiamonds P2 2Diamonds P3 7Diamonds 
P1 2Clubs P2 AClubs P3 4Clubs P0 KClubs 
P2 2Hearts P3 3Diamonds P0 3Hearts P1 7Hearts 
P1 4Diamonds P2 4Hearts P3 JDiamonds P0 6Diamonds 
P3 6Clubs P0 QClubs P1 7Clubs P2 5Clubs 
P1 6Hearts P2 2Spades P3 4Spades P0 JHearts 
P3 JClubs P0 3Clubs P1 QSpades P2 ASpades 
P2 3Spades P3 6Spades P0 JSpades P1 7Spades 
P1 KDiamonds P2 5Spades P3 KSpades P0 QDiamonds 
-- /GAME --
P0 HAND: ADiamonds, QDiamonds, 5Diamonds, 3Diamonds, KClubs, 5Clubs, 7Hearts, 3Hearts, 6Spades, 3Spades.
P1 HAND: 7Diamonds, 4Diamonds, 7Clubs, JClubs, 4Clubs, 6Hearts, ASpades, 7Spades, 5Spades, 2Spades.
P2 HAND: JDiamonds, 6Diamonds, 2Diamonds, 6Clubs, KHearts, 5Hearts, 4Hearts, KSpades, JSpades, QSpades.
P3 HAND: KDiamonds, AClubs, QClubs, 3Clubs, 2Clubs, AHearts, JHearts, QHearts, 2Hearts, 4Spades.
P3 AClubs P0 5Clubs P1 7Clubs P2 6Clubs 
P3 AHearts P0 3Hearts P1 6Hearts P2 4Hearts 
P3 2Clubs P0 KClubs P1 4Clubs P2 KHearts 
P0 6Spades P1 2Spades P2 QSpades P3 4Spades 
P2 2Diamonds P3 KDiamonds P0 ADiamonds P1 4Diamonds 
P0 3Spades P1 5Spades P2 JSpades P3 2Hearts 
P2 5Hearts P3 QHearts P0 7Hearts P1 7Spades 
P1 JClubs P2 6Diamonds P3 3Clubs P0 3Diamonds 
P1 ASpades P2 KSpades P3 QClubs P0 5Diamonds 
P1 7Diamonds P2 JDiamonds P3 JHearts P0 QDiamonds 
-- /GAME --

