-- GAME --
P0 HAND: 7Diamonds, 2Diamonds, 7Clubs, 5Clubs, 3Clubs, 5Hearts, JSpades, QSpades, 4Spades, 2Spades.
P1 HAND: ADiamonds, JDiamonds, 6Diamonds, 5Diamonds, QClubs, QHearts, 3Hearts, ASpades, 6Spades, 5Spades.
P2 HAND: QDiamonds, AClubs, JClubs, 6Clubs, 2Clubs, AHearts, 7Hearts, KHearts, 2Hearts, 3Spades.
P3 HAND: KDiamonds, 4Diamonds, 3Diamonds, KClubs, 4Clubs, JHearts, 6Hearts, 4Hearts, 7Spades, KSpades.
P0 5Hearts P1 3Hearts P2 AHearts P3 4Hearts 
P2 AClubs P3 4Clubs P0 7Clubs P1 QClubs 
P2 2Clubs P3 KClubs P0 3Clubs P1 ASpades 
P3 7Spades P0 2Spades P1 6Spades P2 3Spades 
P3 6Hearts P0 5Clubs P1 QHearts P2 7Hearts 
P2 2Hearts P3 JHearts P0 2Diamonds P1 5Spades 
P0 JSpades P1 5Diamonds P2 6Clubs P3 KSpades 
P1 6Diamonds P2 QDiamonds P3 3Diamonds P0 7Diamonds 
P0 4Spades P1 JDiamonds P2 JClubs P3 4Diamonds 
P1 ADiamonds P2 KHearts P3 KDiamonds P0 QSpades 
-- /GAME --
P0 HAND: KDiamonds, QDiamonds, 5Diamonds, QClubs, 3Clubs, AHearts, JHearts, 2Hearts, ASpades, KSpades.
P1 HAND: 6Diamonds, 4Diamonds, 3Diamonds, KClubs, 6Clubs, 2Clubs, QHearts, 6Hearts, 4Hearts, 7Spades.
P2 HAND: JDiamonds, 2Diamonds, AClubs, 7Clubs, JClubs, 4Clubs, 7Hearts, KHearts, 5Spades, 4Spades.
P3 HAND: ADiamonds, 7Diamonds, 5Clubs, 5Hearts, 3Hearts, JSpades, QSpades, 6Spades, 3Spades, 2Spades.
P3 ADiamonds P0 5Diamonds P1 6Diamonds P2 2Diamonds 
P3 2Spades P0 KSpades P1 7Spades P2 4Spades 
P1 2Clubs P2 AClubs P3 5Clubs P0 QClubs 
P2 4Clubs P3 3Spades P0 3Clubs P1 KClubs 
P1 3Diamonds P2 JDiamonds P3 7Diamonds P0 QDiamonds 
P3 6Spades P0 ASpades P1 4Hearts P2 5Spades 
P1 4Diamonds P2 KHearts P3 QSpades P0 KDiamonds 
P2 JClubs P3 3Hearts P0 JHearts P1 6Clubs 
P0 2Hearts P1 6Hearts P2 7Hearts P3 5Hearts 
P2 7Clubs P3 JSpades P0 AHearts P1 QHearts 
-- /GAME --
P0 HAND: 2Diamonds, 7Clubs, JClubs, KHearts, JHearts, 6Hearts, 3Hearts, 2Hearts, ASpades, QSpades.
P1 HAND: KDiamonds, JDiamonds, 5Diamonds, 4Diamonds, 3Diamonds, KClubs, 4Clubs, 5Hearts, KSpades, 4Spades.
P2 HAND: AClubs, 6Clubs, 2Clubs, AHearts, 7Hearts, QHearts, 4Hearts, JSpades, 5Spades, 3Spades.
P3 HAND: ADiamonds, 7Diamonds, QDiamonds, 6Diamonds, QClubs, 5Clubs, 3Clubs, 7Spades, 6Spades, 2Spades.
P2 AClubs P3 3Clubs P0 JClubs P1 4Clubs 
P2 AHearts P3 2Spades P0 2Hearts P1 5Hearts 
P3 ADiamonds P0 2Diamonds P1 KDiamonds P2 3Spades 
P2 2Clubs P3 5Clubs P0 7Clubs P1 KClubs 
P0 3Hearts P1 3Diamonds P2 4Hearts P3 6Diamonds 
P2 6Clubs P3 QClubs P0 QSpades P1 4Diamonds 
P0 6Hearts P1 5Diamonds P2 QHearts P3 QDiamonds 
P2 5Spades P3 6Spades P0 ASpades P1 4Spades 
P0 JHearts P1 KSpades P2 7Hearts P3 7Diamonds 
P1 JDiamonds P2 JSpades P3 7Spades P0 KHearts 
-- /GAME --
P0 HAND: JDiamonds, QDiamonds, 2Diamonds, 7Clubs, 4Clubs, QHearts, 2Hearts, KSpades, 6Spades, 3Spades.
P1 HAND: 7Diamonds, 6Diamonds, KClubs, JClubs, 2Clubs, 7Hearts, 6Hearts, 3Hearts, QSpades, 2Spades.
P2 HAND: ADiamonds, KDiamonds, 5Diamonds, 3Diamonds, AClubs, 3Clubs, AHearts, KHearts, 4Hearts, 7Spades.
P3 HAND: 4Diamonds, QClubs, 6Clubs, 5Clubs, JHearts, 5Hearts, ASpades, JSpades, 5Spades, 4Spades.
P1 2Spades P2 7Spades P3 ASpades P0 3Spades 
P3 4Diamonds P0 JDiamonds P1 6Diamonds P2 ADiamonds 
P2 AHearts P3 5Hearts P0 QHearts P1 3Hearts 
P2 3Diamonds P3 4Spades P0 2Diamonds P1 7Diamonds 
P1 6Hearts P2 4Hearts P3 JHearts P0 2Hearts 
P3 5Spades P0 KSpades P1 QSpades P2 KDiamonds 
P0 6Spades P1 2Clubs P2 5Diamonds P3 JSpades 
P1 JClubs P2 3Clubs P3 5Clubs P0 7Clubs 
P0 QDiamonds P1 KClubs P2 AClubs P3 6Clubs 

