-- GAME --
P0 HAND: 2Diamonds, 7Clubs, KClubs, JClubs, AHearts, 6Hearts, ASpades, KSpades, JSpades, 3Spades.
P1 HAND: 7Diamonds, 6Diamonds, 4Diamonds, 3Diamonds, 6Clubs, JHearts, QHearts, 4Hearts, 3Hearts, 5Spades.
P2 HAND: ADiamonds, 5Diamonds, 5Clubs, 4Clubs, 2Clubs, KHearts, 2Hearts, 7Spades, 6Spades, 4Spades.
P3 HAND: KDiamonds, JDiamonds, QDiamonds, AClubs, QClubs, 3Clubs, 7Hearts, 5Hearts, QSpades, 2Spades.
P1 3Diamonds P2 ADiamonds P3 QDiamonds P0 2Diamonds 
P2 2Clubs P3 AClubs P0 JClubs P1 6Clubs 
P3 2Spades P0 ASpades P1 5Spades P2 7Spades 
P0 6Hearts P1 3Hearts P2 2Hearts P3 5Hearts 
P0 7Clubs P1 4Hearts P2 4Clubs P3 QClubs 
P1 4Diamonds P2 5Diamonds P3 JDiamonds P0 3Spades 
P3 3Clubs P0 KClubs P1 6Diamonds P2 5Clubs 
P0 JSpades P1 QHearts P2 4Spades P3 QSpades 
P1 JHearts P2 KHearts P3 7Hearts P0 AHearts 
P0 KSpades P1 7Diamonds P2 6Spades P3 KDiamonds 
-- /GAME --
P0 HAND: 7Diamonds, 6Diamonds, QClubs, 6Clubs, 3Clubs, AHearts, 7Hearts, 3Hearts, 6Spades, 3Spades.
P1 HAND: 5Diamonds, AClubs, 7Clubs, KClubs, 5Clubs, 4Clubs, 2Clubs, KHearts, 4Hearts, 4Spades.
P2 HAND: ADiamonds, KDiamonds, QDiamonds, 4Diamonds, JClubs, QHearts, 6Hearts, 2Hearts, 7Spades, KSpades.
P3 HAND: JDiamonds, 3Diamonds, 2Diamonds, JHearts, 5Hearts, ASpades, JSpades, QSpades, 5Spades, 2Spades.
P0 AHearts P1 4Hearts P2 QHearts P3 5Hearts 
P0 6Clubs P1 2Clubs P2 JClubs P3 2Diamonds 
P2 2Hearts P3 JHearts P0 7Hearts P1 KHearts 
P0 3Hearts P1 4Clubs P2 6Hearts P3 3Diamonds 
P2 4Diamonds P3 JDiamonds P0 6Diamonds P1 5Diamonds 
P3 2Spades P0 3Spades P1 4Spades P2 KSpades 
P2 QDiamonds P3 5Spades P0 7Diamonds P1 AClubs 
P3 QSpades P0 6Spades P1 5Clubs P2 7Spades 
P2 KDiamonds P3 JSpades P0 3Clubs P1 7Clubs 
P3 ASpades P0 QClubs P1 KClubs P2 ADiamonds 
-- /GAME --
P0 HAND: 5Diamonds, 5Clubs, 3Clubs, 7Hearts, KHearts, 5Hearts, 3Hearts, 6Spades, 5Spades, 2Spades.
P1 HAND: KDiamonds, AClubs, 7Clubs, 2Clubs, AHearts, JHearts, ASpades, KSpades, 4Spades, 3Spades.
P2 HAND: 2Diamonds, QClubs, 6Clubs, 4Clubs, QHearts, 6Hearts, 4Hearts, 2Hearts, JSpades, QSpades.
P3 HAND: ADiamonds, 7Diamonds, JDiamonds, QDiamonds, 6Diamonds, 4Diamonds, 3Diamonds, KClubs, JClubs, 7Spades.
P3 3Diamonds P0 5Diamonds P1 KDiamonds P2 2Diamonds 
P1 AHearts P2 2Hearts P3 ADiamonds P0 3Hearts 
P1 ASpades P2 QSpades P3 7Spades P0 2Spades 
P1 3Spades P2 JSpades P3 4Diamonds P0 5Spades 
P2 4Hearts P3 6Diamonds P0 5Hearts P1 JHearts 
P1 4Spades P2 6Hearts P3 QDiamonds P0 6Spades 
P0 3Clubs P1 2Clubs P2 4Clubs P3 JClubs 
P3 JDiamonds P0 7Hearts P1 7Clubs P2 QHearts 
P1 AClubs P2 6Clubs P3 KClubs P0 5Clubs 
P1 KSpades P2 QClubs P3 7Diamonds P0 KHearts 
-- /GAME --
P0 HAND: 6Diamonds, AClubs, 5Clubs, AHearts, JHearts, QHearts, 6Hearts, KSpades, JSpades, 5Spades.
P1 HAND: 5Diamonds, 3Diamonds, 2Diamonds, JClubs, 4Clubs, 2Clubs, 4Hearts, 2Hearts, ASpades, 6Spades.
P2 HAND: ADiamonds, 7Diamonds, JDiamonds, 4Diamonds, 6Clubs, KHearts, 5Hearts, 7Spades, 3Spades, 2Spades.
P3 HAND: KDiamonds, QDiamonds, 7Clubs, KClubs, QClubs, 3Clubs, 7Hearts, 3Hearts, QSpades, 4Spades.
P2 ADiamonds P3 QDiamonds P0 6Diamonds P1 2Diamonds 
P2 4Diamonds P3 KDiamonds P0 5Clubs P1 5Diamonds 
P3 3Clubs P0 AClubs P1 2Clubs P2 6Clubs 
P0 5Spades P1 6Spades P2 2Spades P3 4Spades 
P1 2Hearts P2 5Hearts P3 3Hearts P0 JHearts 
P0 JSpades P1 ASpades P2 3Spades P3 QSpades 
P1 3Diamonds P2 JDiamonds P3 QClubs P0 AHearts 
P2 7Spades P3 KClubs P0 KSpades P1 4Clubs 
P2 KHearts P3 7Hearts P0 6Hearts P1 4Hearts 
P3 7Clubs P0 QHearts P1 JClubs P2 7Diamonds 
-- /GAME --
P0 HAND: ADiamonds, 4Diamonds, JClubs, 4Clubs, 7Hearts, KHearts, 5Hearts, 4Hearts, 3Hearts, QSpades.
P1 HAND: 5Diamonds, 3Diamonds, 7Clubs, KClubs, 6Clubs, 5Clubs, AHearts, 2Hearts, 7Spades, 6Spades.
P2 HAND: QDiamonds, 6Diamonds, 2Diamonds, 3Clubs, 2Clubs, 6Hearts, KSpades, JSpades, 4Spades, 2Spades.
P3 HAND: 7Diamonds, KDiamonds, JDiamonds, AClubs, QClubs, JHearts, QHearts, ASpades, 5Spades, 3Spades.
P1 3Diamonds P2 2Diamonds P3 JDiamonds P0 4Diamonds 
P3 AClubs P0 4Clubs P1 7Clubs P2 2Clubs 
P3 ASpades P0 QSpades P1 7Spades P2 2Spades 
P3 3Spades P0 JClubs P1 6Spades P2 KSpades 
P2 3Clubs P3 QClubs P0 7Hearts P1 5Clubs 
P0 3Hearts P1 2Hearts P2 6Hearts P3 QHearts 
P3 5Spades P0 5Hearts P1 5Diamonds P2 JSpades 
P0 4Hearts P1 AHearts P2 4Spades P3 JHearts 
P1 6Clubs P2 6Diamonds P3 KDiamonds P0 KHearts 
P0 ADiamonds P1 KClubs P2 QDiamonds P3 7Diamonds 
-- /GAME --
P0 HAND: 2Diamonds, 5Clubs, 3Clubs, JHearts, 5Hearts, 4Hearts, 3Hearts, ASpades, 7Spades, 5Spades.
P1 HAND: JDiamonds, QDiamonds, 5Diamonds, AClubs, 4Clubs, 2Clubs, QHearts, JSpades, 3Spades, 2Spades.
P2 HAND: ADiamonds, 7Diamonds, 6Diamonds, 4Diamonds, 7Clubs, KClubs, QClubs, 6Clubs, 7Hearts, 2Hearts.
P3 HAND: KDiamonds, 3Diamonds, JClubs, AHearts, KHearts, 6Hearts, KSpades, QSpades, 6Spades, 4Spades.
P2 ADiamonds P3 3Diamonds P0 2Diamonds P1 5Diamonds 
P2 2Hearts P3 AHearts P0 3Hearts P1 QHearts 
P3 6Hearts P0 4Hearts P1 2Clubs P2 7Hearts 
P2 4Diamonds P3 KDiamonds P0 5Spades P1 QDiamonds 
P0 5Clubs P1 AClubs P2 6Clubs P3 JClubs 
P1 4Clubs P2 QClubs P3 4Spades P0 3Clubs 
P3 6Spades P0 7Spades P1 2Spades P2 7Diamonds 
P0 5Hearts P1 3Spades P2 6Diamonds P3 KHearts 
P1 JDiamonds P2 KClubs P3 QSpades P0 ASpades 
P0 JHearts P1 JSpades P2 7Clubs P3 KSpades 
-- /GAME --
P0 HAND: KDiamonds, 6Diamonds, 4Diamonds, 6Clubs, 3Clubs, 2Clubs, 5Hearts, 4Hearts, JSpades, QSpades.
P1 HAND: ADiamonds, 5Diamonds, 2Diamonds, 7Clubs, KClubs, QClubs, 4Clubs, 7Hearts, 3Hearts, 5Spades.
P2 HAND: JDiamonds, AClubs, JClubs, 5Clubs, JHearts, 6Hearts, ASpades, 4Spades, 3Spades, 2Spades.
P3 HAND: 7Diamonds, QDiamonds, 3Diamonds, AHearts, KHearts, QHearts, 2Hearts, 7Spades, KSpades, 6Spades.
P1 3Hearts P2 6Hearts P3 AHearts P0 4Hearts 
P3 2Hearts P0 5Hearts P1 7Hearts P2 JHearts 
P1 4Clubs P2 AClubs P3 3Diamonds P0 2Clubs 
P3 6Spades P0 JSpades P1 5Spades P2 ASpades 
P2 2Spades P3 KSpades P0 QSpades P1 7Clubs 
P3 QHearts P0 3Clubs P1 QClubs P2 3Spades 
P3 QDiamonds P0 KDiamonds P1 ADiamonds P2 JDiamonds 
P1 2Diamonds P2 4Spades P3 7Diamonds P0 4Diamonds 
P3 KHearts P0 6Diamonds P1 5Diamonds P2 JClubs 
P0 6Clubs P1 KClubs P2 5Clubs P3 7Spades 
-- /GAME --
P0 HAND: 5Diamonds, AClubs, 7Clubs, QClubs, 6Clubs, 5Hearts, 4Hearts, 6Spades, 5Spades, 4Spades.
P1 HAND: 7Diamonds, KDiamonds, 3Diamonds, KClubs, JClubs, 4Clubs, 7Hearts, 3Hearts, QSpades, 3Spades.
P2 HAND: ADiamonds, 6Diamonds, 2Diamonds, 5Clubs, 3Clubs, 2Clubs, AHearts, JHearts, KSpades, JSpades.
P3 HAND: JDiamonds, QDiamonds, 4Diamonds, KHearts, QHearts, 6Hearts, 2Hearts, ASpades, 7Spades, 2Spades.
P0 5Diamonds P1 3Diamonds P2 ADiamonds P3 4Diamonds 
P2 2Diamonds P3 QDiamonds P0 4Hearts P1 KDiamonds 
P0 6Clubs P1 4Clubs P2 2Clubs P3 2Spades 
P0 AClubs P1 JClubs P2 3Clubs P3 2Hearts 
P3 ASpades P0 4Spades P1 QSpades P2 JSpades 
P3 JDiamonds P0 5Hearts P1 7Diamonds P2 6Diamonds 
P0 5Spades P1 3Spades P2 KSpades P3 7Spades 
P3 6Hearts P0 7Clubs P1 3Hearts P2 JHearts 
P2 5Clubs P3 QHearts P0 QClubs P1 KClubs 
P3 KHearts P0 6Spades P1 7Hearts P2 AHearts 
-- /GAME --
P0 HAND: 3Diamonds, KClubs, QClubs, 4Clubs, AHearts, KHearts, QHearts, 6Hearts, 5Hearts, QSpades.
P1 HAND: ADiamonds, 7Diamonds, 5Clubs, JHearts, 4Hearts, 3Hearts, 2Hearts, ASpades, 5Spades, 4Spades.
P2 HAND: KDiamonds, JDiamonds, 6Diamonds, JClubs, 6Clubs, 3Clubs, 7Hearts, 7Spades, KSpades, 2Spades.
P3 HAND: QDiamonds, 5Diamonds, 4Diamonds, 2Diamonds, AClubs, 7Clubs, 2Clubs, JSpades, 6Spades, 3Spades.
P3 2Diamonds P0 3Diamonds P1 ADiamonds P2 6Diamonds 
P1 ASpades P2 2Spades P3 JSpades P0 QSpades 
P1 2Hearts P2 7Hearts P3 2Clubs P0 5Hearts 
P3 3Spades P0 6Hearts P1 4Spades P2 7Spades 
P2 JDiamonds P3 4Diamonds P0 QHearts P1 7Diamonds 
P1 3Hearts P2 3Clubs P3 5Diamonds P0 AHearts 
P2 6Clubs P3 7Clubs P0 4Clubs P1 5Clubs 
P3 6Spades P0 KClubs P1 5Spades P2 KSpades 
P0 KHearts P1 4Hearts P2 JClubs P3 AClubs 
P3 QDiamonds P0 QClubs P1 JHearts P2 KDiamonds 
-- /GAME --
P0 HAND: KDiamonds, 7Clubs, QClubs, 6Clubs, 2Clubs, AHearts, 7Hearts, 4Hearts, 7Spades, JSpades.
P1 HAND: ADiamonds, 7Diamonds, 2Diamonds, 3Clubs, KHearts, ASpades, QSpades, 5Spades, 4Spades, 2Spades.
P2 HAND: QDiamonds, 6Diamonds, 5Diamonds, JClubs, 5Clubs, 6Hearts, 5Hearts, 2Hearts, 6Spades, 3Spades.
P3 HAND: JDiamonds, 4Diamonds, 3Diamonds, AClubs, KClubs, 4Clubs, JHearts, QHearts, 3Hearts, KSpades.
P2 3Spades P3 KSpades P0 JSpades P1 ASpades 
P1 ADiamonds P2 5Diamonds P3 JDiamonds P0 KDiamonds 
P1 2Diamonds P2 6Diamonds P3 3Diamonds P0 7Spades 
P2 5Clubs P3 AClubs P0 2Clubs P1 3Clubs 
P3 4Diamonds P0 6Clubs P1 7Diamonds P2 QDiamonds 
P1 2Spades P2 6Spades P3 4Clubs P0 7Clubs 
P2 JClubs P3 KClubs P0 QClubs P1 QSpades 
P3 3Hearts P0 4Hearts P1 KHearts P2 2Hearts 
P1 4Spades P2 5Hearts P3 QHearts P0 AHearts 
P0 7Hearts P1 5Spades P2 6Hearts P3 JHearts 
-- /GAME --
P0 HAND: QDiamonds, 5Diamonds, 4Diamonds, AClubs, 5Clubs, 4Clubs, 2Clubs, KHearts, ASpades, 3Spades.
P1 HAND: KDiamonds, 2Diamonds, 7Clubs, 6Clubs, 7Hearts, 5Hearts, 4Hearts, KSpades, 6Spades, 2Spades.
P2 HAND: ADiamonds, JDiamonds, 6Diamonds, JHearts, QHearts, 3Hearts, 2Hearts, JSpades, 5Spades, 4Spades.
P3 HAND: 7Diamonds, 3Diamonds, KClubs, JClubs, QClubs, 3Clubs, AHearts, 6Hearts, 7Spades, QSpades.
P1 2Diamonds P2 ADiamonds P3 3Diamonds P0 QDiamonds 
P2 2Hearts P3 AHearts P0 KHearts P1 7Hearts 
P3 3Clubs P0 AClubs P1 6Clubs P2 JDiamonds 
P0 5Diamonds P1 KDiamonds P2 6Diamonds P3 7Diamonds 
P3 6Hearts P0 4Diamonds P1 4Hearts P2 JHearts 
P2 3Hearts P3 QClubs P0 2Clubs P1 5Hearts 
P1 2Spades P2 4Spades P3 QSpades P0 3Spades 
P3 JClubs P0 4Clubs P1 7Clubs P2 5Spades 
P2 QHearts P3 7Spades P0 ASpades P1 6Spades 
P0 5Clubs P1 KSpades P2 JSpades P3 KClubs 
-- /GAME --
P0 HAND: 2Diamonds, KClubs, 5Clubs, 2Clubs, AHearts, KHearts, JHearts, ASpades, 7Spades, JSpades.
P1 HAND: JDiamonds, QDiamonds, 4Diamonds, 3Diamonds, AClubs, 7Clubs, 6Clubs, 4Clubs, 3Hearts, KSpades.
P2 HAND: 7Diamonds, 6Diamonds, JClubs, 6Hearts, 5Hearts, 4Hearts, 2Hearts, 5Spades, 4Spades, 3Spades.
P3 HAND: ADiamonds, KDiamonds, 5Diamonds, QClubs, 3Clubs, 7Hearts, QHearts, QSpades, 6Spades, 2Spades.
P0 2Diamonds P1 3Diamonds P2 6Diamonds P3 ADiamonds 
P3 2Spades P0 ASpades P1 KSpades P2 5Spades 
P0 2Clubs P1 AClubs P2 JClubs P3 QClubs 
P1 4Diamonds P2 7Diamonds P3 5Diamonds P0 7Spades 
P2 3Spades P3 6Spades P0 JSpades P1 4Clubs 
P0 5Clubs P1 6Clubs P2 4Spades P3 3Clubs 
P1 QDiamonds P2 2Hearts P3 KDiamonds P0 KClubs 
P2 4Hearts P3 QHearts P0 JHearts P1 3Hearts 
P0 AHearts P1 JDiamonds P2 5Hearts P3 7Hearts 
P0 KHearts P1 7Clubs P2 6Hearts P3 QSpades 
-- /GAME --
P0 HAND: JDiamonds, 6Diamonds, 4Diamonds, KClubs, JClubs, 4Clubs, AHearts, 7Hearts, 2Hearts, 2Spades.
P1 HAND: KDiamonds, QDiamonds, AClubs, 7Clubs, 2Clubs, KHearts, JHearts, 5Hearts, QSpades, 5Spades.
P2 HAND: ADiamonds, 5Diamonds, QClubs, 6Clubs, 3Clubs, 6Hearts, 4Hearts, 3Hearts, KSpades, 4Spades.
P3 HAND: 7Diamonds, 3Diamonds, 2Diamonds, 5Clubs, QHearts, ASpades, 7Spades, JSpades, 6Spades, 3Spades.
P3 3Spades P0 2Spades P1 5Spades P2 KSpades 
P2 3Clubs P3 5Clubs P0 4Clubs P1 AClubs 
P1 2Clubs P2 6Clubs P3 6Spades P0 KClubs 
P0 AHearts P1 5Hearts P2 6Hearts P3 QHearts 
P0 4Diamonds P1 QDiamonds P2 5Diamonds P3 2Diamonds 
P1 QSpades P2 4Spades P3 JSpades P0 2Hearts 
P3 3Diamonds P0 6Diamonds P1 KDiamonds P2 ADiamonds 
P2 3Hearts P3 7Diamonds P0 7Hearts P1 KHearts 
P3 7Spades P0 JDiamonds P1 JHearts P2 QClubs 
P0 JClubs P1 7Clubs P2 4Hearts P3 ASpades 
-- /GAME --
P0 HAND: ADiamonds, 7Diamonds, KDiamonds, QDiamonds, 7Clubs, JClubs, 3Clubs, KHearts, QHearts, 7Spades.
P1 HAND: 6Diamonds, QClubs, 4Clubs, 2Clubs, 7Hearts, JHearts, 4Hearts, 2Hearts, QSpades, 5Spades.
P2 HAND: 5Diamonds, 3Diamonds, 2Diamonds, AClubs, 3Hearts, ASpades, JSpades, 6Spades, 4Spades, 2Spades.
P3 HAND: JDiamonds, 4Diamonds, KClubs, 6Clubs, 5Clubs, AHearts, 6Hearts, 5Hearts, KSpades, 3Spades.
P2 AClubs P3 5Clubs P0 7Clubs P1 2Clubs 
P2 2Diamonds P3 4Diamonds P0 ADiamonds P1 6Diamonds 
P0 QHearts P1 2Hearts P2 3Hearts P3 5Hearts 
P0 3Clubs P1 4Clubs P2 2Spades P3 KClubs 
P3 3Spades P0 7Spades P1 5Spades P2 ASpades 
P2 3Diamonds P3 JDiamonds P0 KDiamonds P1 4Hearts 
P1 QClubs P2 4Spades P3 6Clubs P0 JClubs 
P0 QDiamonds P1 QSpades P2 5Diamonds P3 6Hearts 
P3 AHearts P0 KHearts P1 JHearts P2 6Spades 
P3 KSpades P0 7Diamonds P1 7Hearts P2 JSpades 
-- /GAME --
P0 HAND: JDiamonds, 7Clubs, 3Clubs, AHearts, 2Hearts, ASpades, KSpades, JSpades, 6Spades, 3Spades.
P1 HAND: ADiamonds, 7Diamonds, KDiamonds, QDiamonds, 2Diamonds, KClubs, QClubs, 4Clubs, QHearts, 3Hearts.
P2 HAND: 6Diamonds, 5Diamonds, 4Diamonds, JClubs, 6Clubs, JHearts, 6Hearts, 5Spades, 4Spades, 2Spades.
P3 HAND: 3Diamonds, AClubs, 5Clubs, 2Clubs, 7Hearts, KHearts, 5Hearts, 4Hearts, 7Spades, QSpades.
P1 2Diamonds P2 4Diamonds P3 3Diamonds P0 JDiamonds 
P0 AHearts P1 3Hearts P2 JHearts P3 4Hearts 
P0 3Spades P1 4Clubs P2 2Spades P3 QSpades 
P3 AClubs P0 3Clubs P1 KClubs P2 6Clubs 
P3 2Clubs P0 7Clubs P1 QClubs P2 JClubs 
P0 2Hearts P1 QHearts P2 6Hearts P3 7Hearts 
P3 5Clubs P0 KSpades P1 QDiamonds P2 6Diamonds 
P0 ASpades P1 KDiamonds P2 4Spades P3 7Spades 
P0 JSpades P1 7Diamonds P2 5Spades P3 5Hearts 
P0 6Spades P1 ADiamonds P2 5Diamonds P3 KHearts 
-- /GAME --
P0 HAND: ADiamonds, JDiamonds, QClubs, 3Clubs, 2Clubs, QHearts, 2Hearts, KSpades, 6Spades, 2Spades.
P1 HAND: 7Diamonds, 6Diamonds, 2Diamonds, 7Clubs, KClubs, 7Hearts, KHearts, JHearts, 6Hearts, 7Spades.
P2 HAND: 5Diamonds, JClubs, 6Clubs, 4Clubs, 5Hearts, 4Hearts, 3Hearts, JSpades, 4Spades, 3Spades.
P3 HAND: KDiamonds, QDiamonds, 4Diamonds, 3Diamonds, AClubs, 5Clubs, AHearts, ASpades, QSpades, 5Spades.
P3 AHearts P0 2Hearts P1 7Hearts P2 3Hearts 
P3 ASpades P0 2Spades P1 7Spades P2 3Spades 
P3 3Diamonds P0 ADiamonds P1 2Diamonds P2 5Diamonds 
P0 2Clubs P1 KClubs P2 4Clubs P3 5Clubs 
P1 6Diamonds P2 4Hearts P3 4Diamonds P0 JDiamonds 
P0 3Clubs P1 7Clubs P2 6Clubs P3 AClubs 
P3 5Spades P0 KSpades P1 6Hearts P2 JSpades 
P0 QHearts P1 JHearts P2 5Hearts P3 KDiamonds 
P1 KHearts P2 4Spades P3 QDiamonds P0 6Spades 
P1 7Diamonds P2 JClubs P3 QSpades P0 QClubs 
-- /GAME --
P0 HAND: QDiamonds, 5Diamonds, 2Diamonds, JClubs, 6Clubs, 5Clubs, 3Clubs, JHearts, QHearts, KSpades.
P1 HAND: 6Diamonds, AClubs, KClubs, QClubs, 5Hearts, 4Hearts, 2Hearts, 6Spades, 4Spades, 3Spades.
P2 HAND: 7Diamonds, JDiamonds, 7Clubs, 7Hearts, KHearts, 6Hearts, 3Hearts, 7Spades, QSpades, 2Spades.
P3 HAND: ADiamonds, KDiamonds, 4Diamonds, 3Diamonds, 4Clubs, 2Clubs, AHearts, ASpades, JSpades, 5Spades.
P2 2Spades P3 ASpades P0 KSpades P1 6Spades 
P3 ADiamonds P0 2Diamonds P1 6Diamonds P2 JDiamonds 
P3 AHearts P0 QHearts P1 5Hearts P2 3Hearts 
P3 3Diamonds P0 QDiamonds P1 2Hearts P2 7Diamonds 
P2 6Hearts P3 4Diamonds P0 JHearts P1 4Hearts 
P0 5Diamonds P1 3Spades P2 QSpades P3 KDiamonds 
P3 5Spades P0 JClubs P1 4Spades P2 7Spades 
P0 3Clubs P1 QClubs P2 7Clubs P3 2Clubs 
P2 KHearts P3 4Clubs P0 6Clubs P1 KClubs 
P1 AClubs P2 7Hearts P3 JSpades P0 5Clubs 
-- /GAME --
P0 HAND: ADiamonds, 5Diamonds, AClubs, KClubs, 4Clubs, 3Clubs, 2Clubs, 4Hearts, QSpades, 6Spades.
P1 HAND: 7Diamonds, JDiamonds, QDiamonds, 4Diamonds, 7Clubs, JClubs, QClubs, AHearts, 6Hearts, 2Spades.
P2 HAND: 6Diamonds, 6Clubs, 5Clubs, 7Hearts, KHearts, 5Hearts, 3Hearts, 7Spades, KSpades, 3Spades.
P3 HAND: KDiamonds, 3Diamonds, 2Diamonds, JHearts, QHearts, 2Hearts, ASpades, JSpades, 5Spades, 4Spades.
P1 AHearts P2 3Hearts P3 JHearts P0 4Hearts 
P1 2Spades P2 3Spades P3 ASpades P0 6Spades 
P3 2Diamonds P0 5Diamonds P1 4Diamonds P2 6Diamonds 
P2 5Hearts P3 2Hearts P0 KClubs P1 6Hearts 
P0 2Clubs P1 QClubs P2 5Clubs P3 KDiamonds 
P1 QDiamonds P2 6Clubs P3 3Diamonds P0 ADiamonds 
P2 KHearts P3 QHearts P0 QSpades P1 JClubs 
P1 JDiamonds P2 KSpades P3 4Spades P0 3Clubs 
P0 AClubs P1 7Clubs P2 7Hearts P3 5Spades 
P0 4Clubs P1 7Diamonds P2 7Spades P3 JSpades 
-- /GAME --
P0 HAND: 7Diamonds, 2Diamonds, 5Clubs, 4Clubs, 3Clubs, 7Hearts, 3Hearts, ASpades, KSpades, JSpades.
P1 HAND: JDiamonds, 5Diamonds, 4Diamonds, 3Diamonds, 6Clubs, AHearts, KHearts, 5Hearts, 7Spades, 2Spades.
P2 HAND: 6Diamonds, AClubs, 7Clubs, QClubs, 2Clubs, 6Hearts, 2Hearts, QSpades, 6Spades, 5Spades.
P3 HAND: ADiamonds, KDiamonds, QDiamonds, KClubs, JClubs, JHearts, QHearts, 4Hearts, 4Spades, 3Spades.
P0 ASpades P1 2Spades P2 QSpades P3 3Spades 
P0 4Clubs P1 6Clubs P2 AClubs P3 JClubs 
P2 2Clubs P3 KClubs P0 5Clubs P1 7Spades 
P3 ADiamonds P0 2Diamonds P1 JDiamonds P2 6Diamonds 
P3 4Spades P0 JSpades P1 3Diamonds P2 6Spades 
P0 7Diamonds P1 4Diamonds P2 7Clubs P3 QDiamonds 
P0 3Clubs P1 5Diamonds P2 QClubs P3 4Hearts 
P3 QHearts P0 3Hearts P1 5Hearts P2 2Hearts 
P3 JHearts P0 7Hearts P1 AHearts P2 6Hearts 
P1 KHearts P2 5Spades P3 KDiamonds P0 KSpades 
-- /GAME --
P0 HAND: 6Diamonds, KClubs, JClubs, 2Clubs, JHearts, JSpades, QSpades, 6Spades, 5Spades, 2Spades.
P1 HAND: QDiamonds, 5Diamonds, AHearts, KHearts, QHearts, 6Hearts, 3Hearts, 2Hearts, ASpades, 7Spades.
P2 HAND: 7Diamonds, JDiamonds, 4Diamonds, 3Diamonds, AClubs, 7Clubs, 5Clubs, 4Clubs, KSpades, 3Spades.
P3 HAND: ADiamonds, KDiamonds, 2Diamonds, QClubs, 6Clubs, 3Clubs, 7Hearts, 5Hearts, 4Hearts, 4Spades.
P3 3Clubs P0 2Clubs P1 2Hearts P2 AClubs 
P2 3Spades P3 4Spades P0 2Spades P1 ASpades 
P1 3Hearts P2 4Clubs P3 4Hearts P0 JHearts 
P0 5Spades P1 7Spades P2 KSpades P3 7Hearts 
P1 6Hearts P2 5Clubs P3 5Hearts P0 6Spades 
P1 QHearts P2 3Diamonds P3 6Clubs P0 KClubs 
P2 4Diamonds P3 2Diamonds P0 6Diamonds P1 5Diamonds 
P0 JClubs P1 QDiamonds P2 7Clubs P3 QClubs 
P1 KHearts P2 JDiamonds P3 KDiamonds P0 QSpades 
P3 ADiamonds P0 JSpades P1 AHearts P2 7Diamonds 
-- /GAME --
P0 HAND: ADiamonds, JClubs, 7Hearts, JHearts, QHearts, 4Hearts, 2Hearts, 7Spades, JSpades, 6Spades.
P1 HAND: QDiamonds, 5Diamonds, 3Diamonds, 2Clubs, AHearts, 6Hearts, 5Hearts, 3Hearts, KSpades, 5Spades.
P2 HAND: 7Diamonds, KDiamonds, JDiamonds, 6Diamonds, 2Diamonds, 7Clubs, 6Clubs, 5Clubs, 3Clubs, 2Spades.
P3 HAND: 4Diamonds, AClubs, KClubs, QClubs, 4Clubs, KHearts, ASpades, QSpades, 4Spades, 3Spades.
P3 AClubs P0 JClubs P1 2Clubs P2 3Clubs 
P3 ASpades P0 6Spades P1 KSpades P2 2Spades 
P3 3Spades P0 7Spades P1 5Spades P2 7Clubs 
P0 2Hearts P1 AHearts P2 2Diamonds P3 KHearts 
P2 5Clubs P3 4Clubs P0 4Hearts P1 3Hearts 
P2 6Clubs P3 QClubs P0 JSpades P1 6Hearts 
P3 4Spades P0 QHearts P1 5Hearts P2 6Diamonds 
P2 JDiamonds P3 4Diamonds P0 ADiamonds P1 3Diamonds 
P0 7Hearts P1 5Diamonds P2 KDiamonds P3 QSpades 
P2 7Diamonds P3 KClubs P0 JHearts P1 QDiamonds 
-- /GAME --
P0 HAND: KDiamonds, JDiamonds, QDiamonds, 6Diamonds, 3Diamonds, 7Clubs, 7Hearts, KHearts, ASpades, 7Spades.
P1 HAND: 4Diamonds, 2Diamonds, 4Clubs, 2Clubs, 4Hearts, 3Hearts, JSpades, 5Spades, 4Spades, 3Spades.
P2 HAND: ADiamonds, KClubs, JClubs, 6Clubs, AHearts, QHearts, 6Hearts, 5Hearts, 2Hearts, 2Spades.
P3 HAND: 7Diamonds, 5Diamonds, AClubs, QClubs, 5Clubs, 3Clubs, JHearts, KSpades, QSpades, 6Spades.
P2 2Hearts P3 JHearts P0 KHearts P1 3Hearts 
P0 3Diamonds P1 2Diamonds P2 ADiamonds P3 5Diamonds 
P2 2Spades P3 6Spades P0 ASpades P1 3Spades 
P0 6Diamonds P1 4Diamonds P2 5Hearts P3 7Diamonds 
P3 AClubs P0 7Clubs P1 4Clubs P2 6Clubs 
P3 3Clubs P0 KDiamonds P1 2Clubs P2 KClubs 
P0 QDiamonds P1 4Hearts P2 6Hearts P3 5Clubs 
P0 JDiamonds P1 4Spades P2 QHearts P3 QClubs 
P0 7Hearts P1 5Spades P2 AHearts P3 QSpades 
P2 JClubs P3 KSpades P0 7Spades P1 JSpades 
-- /GAME --
P0 HAND: 7Diamonds, 6Diamonds, 5Diamonds, KClubs, QClubs, 2Clubs, 4Hearts, JSpades, 5Spades, 2Spades.
P1 HAND: KDiamonds, QDiamonds, JClubs, 5Clubs, 7Hearts, 5Hearts, ASpades, 7Spades, 6Spades, 3Spades.
P2 HAND: ADiamonds, JDiamonds, 3Diamonds, 2Diamonds, AClubs, 7Clubs, QHearts, 2Hearts, KSpades, QSpades.
P3 HAND: 4Diamonds, 6Clubs, 4Clubs, 3Clubs, AHearts, KHearts, JHearts, 6Hearts, 3Hearts, 4Spades.
P1 ASpades P2 QSpades P3 4Spades P0 2Spades 
P1 3Spades P2 KSpades P3 3Hearts P0 JSpades 
P2 ADiamonds P3 4Diamonds P0 7Diamonds P1 QDiamonds 
P2 2Diamonds P3 6Hearts P0 6Diamonds P1 KDiamonds 
P1 5Hearts P2 2Hearts P3 AHearts P0 4Hearts 
P3 JHearts P0 5Spades P1 7Hearts P2 QHearts 
P1 6Spades P2 3Diamonds P3 3Clubs P0 5Diamonds 
P3 4Clubs P0 KClubs P1 5Clubs P2 7Clubs 
P2 JDiamonds P3 6Clubs P0 QClubs P1 JClubs 
P1 7Spades P2 AClubs P3 KHearts P0 2Clubs 
-- /GAME --
P0 HAND: 7Diamonds, KDiamonds, 5Diamonds, 4Diamonds, 3Diamonds, KClubs, 5Clubs, AHearts, JHearts, 6Spades.
P1 HAND: ADiamonds, JDiamonds, 2Diamonds, QClubs, 3Hearts, 2Hearts, ASpades, JSpades, QSpades, 5Spades.
P2 HAND: 6Diamonds, AClubs, 7Clubs, 6Clubs, 4Clubs, 3Clubs, KHearts, QHearts, 7Spades, KSpades.
P3 HAND: QDiamonds, JClubs, 2Clubs, 7Hearts, 6Hearts, 5Hearts, 4Hearts, 4Spades, 3Spades, 2Spades.
P0 JHearts P1 2Hearts P2 QHearts P3 7Hearts 
P3 2Clubs P0 KClubs P1 QClubs P2 AClubs 
P2 3Clubs P3 JClubs P0 5Clubs P1 ADiamonds 
P3 4Hearts P0 AHearts P1 3Hearts P2 KHearts 
P0 7Diamonds P1 2Diamonds P2 6Diamonds P3 QDiamonds 
P0 3Diamonds P1 JDiamonds P2 4Clubs P3 6Hearts 
P1 5Spades P2 KSpades P3 2Spades P0 6Spades 
P2 6Clubs P3 5Hearts P0 4Diamonds P1 QSpades 
P1 JSpades P2 7Spades P3 3Spades P0 KDiamonds 
P2 7Clubs P3 4Spades P0 5Diamonds P1 ASpades 
-- /GAME --
P0 HAND: 7Diamonds, KDiamonds, 2Diamonds, KHearts, 6Hearts, 4Hearts, 3Hearts, ASpades, 7Spades, JSpades.
P1 HAND: QDiamonds, 4Diamonds, 3Diamonds, JClubs, 3Clubs, AHearts, 6Spades, 5Spades, 4Spades, 2Spades.
P2 HAND: ADiamonds, JDiamonds, 5Diamonds, AClubs, KClubs, 2Clubs, 7Hearts, QHearts, 5Hearts, QSpades.
P3 HAND: 6Diamonds, 7Clubs, QClubs, 6Clubs, 5Clubs, 4Clubs, JHearts, 2Hearts, KSpades, 3Spades.

