-- GAME --
P0 QSpades P1 KClubs 
P1 7Clubs P2 JDiamonds P3 2Clubs P0 4Spades 
P1 AClubs P2 KHearts P3 3Clubs P0 2Spades 
-- /GAME --
P0 HAND: ADiamonds, 7Diamonds, QClubs, 4Clubs, 6Hearts, 5Hearts, ASpades, 7Spades, QSpades, 5Spades.
P1 HAND: KDiamonds, 5Diamonds, 3Diamonds, 2Clubs, JHearts, QHearts, 2Hearts, KSpades, 6Spades, 3Spades.
P2 HAND: JDiamonds, QDiamonds, 4Diamonds, AClubs, 7Clubs, 3Clubs, 7Hearts, 4Hearts, 3Hearts, 2Spades.
P3 HAND: 6Diamonds, 2Diamonds, KClubs, JClubs, 6Clubs, 5Clubs, AHearts, KHearts, JSpades, 4Spades.
P0 ADiamonds P1 3Diamonds P2 JDiamonds P3 2Diamonds 
P0 7Diamonds P1 5Diamonds P2 QDiamonds P3 6Diamonds 
P0 4Clubs P1 2Clubs P2 AClubs P3 5Clubs 
P2 3Clubs P3 6Clubs P0 QClubs P1 2Hearts 
P0 6Hearts P1 QHearts P2 3Hearts P3 AHearts 
P3 JClubs P0 5Hearts P1 3Spades P2 7Clubs 
P1 JHearts P2 4Hearts P3 KHearts P0 QSpades 
P0 5Spades P1 6Spades P2 2Spades P3 4Spades 
P1 KSpades P2 4Diamonds P3 JSpades P0 7Spades 
P0 ASpades P1 KDiamonds P2 7Hearts P3 KClubs 
-- /GAME --
P0 HAND: 7Diamonds, QDiamonds, 6Diamonds, 3Diamonds, 7Clubs, KClubs, JClubs, QClubs, 4Clubs, 5Hearts.
P1 HAND: 4Diamonds, 2Diamonds, AClubs, 2Clubs, AHearts, 7Hearts, 3Hearts, 7Spades, JSpades, 3Spades.
P2 HAND: ADiamonds, KDiamonds, JDiamonds, 6Clubs, JHearts, 6Hearts, 4Hearts, 6Spades, 5Spades, 4Spades.
P3 HAND: 5Diamonds, 5Clubs, 3Clubs, KHearts, QHearts, 2Hearts, ASpades, KSpades, QSpades, 2Spades.
P3 ASpades P0 5Hearts P1 7Spades P2 4Spades 
P3 2Hearts P0 3Diamonds P1 AHearts P2 4Hearts 
P1 2Diamonds P2 ADiamonds P3 5Diamonds P0 7Diamonds 
P2 5Spades P3 2Spades P0 6Diamonds P1 JSpades 
P1 3Hearts P2 6Hearts P3 QHearts P0 QDiamonds 
P3 QSpades P0 4Clubs P1 3Spades P2 6Spades 
P0 QClubs P1 2Clubs P2 6Clubs P3 3Clubs 
P0 JClubs P1 AClubs P2 JDiamonds P3 5Clubs 
P1 4Diamonds P2 KDiamonds P3 KHearts P0 7Clubs 
P0 KClubs P1 7Hearts P2 JHearts P3 KSpades 
-- /GAME --
P0 HAND: 2Diamonds, AClubs, 7Clubs, KClubs, JClubs, QClubs, 2Clubs, 6Hearts, 5Hearts, 3Spades.
P1 HAND: QDiamonds, 5Diamonds, 5Clubs, 7Hearts, JHearts, 2Hearts, JSpades, QSpades, 6Spades, 4Spades.
P2 HAND: ADiamonds, 7Diamonds, JDiamonds, 6Clubs, 4Clubs, 3Clubs, AHearts, ASpades, 7Spades, 2Spades.
P3 HAND: KDiamonds, 6Diamonds, 4Diamonds, 3Diamonds, KHearts, QHearts, 4Hearts, 3Hearts, KSpades, 5Spades.
P1 2Hearts P2 AHearts P3 3Hearts P0 5Hearts 
P2 ADiamonds P3 3Diamonds P0 2Diamonds P1 5Diamonds 
P2 ASpades P3 5Spades P0 3Spades P1 4Spades 
P2 2Spades P3 KSpades P0 2Clubs P1 6Spades 
P0 6Hearts P1 JHearts P2 3Clubs P3 4Hearts 
P2 JDiamonds P3 4Diamonds P0 QClubs P1 QDiamonds 
P0 JClubs P1 5Clubs P2 4Clubs P3 6Diamonds 
P0 KClubs P1 QSpades P2 6Clubs P3 QHearts 
P0 7Clubs P1 JSpades P2 7Diamonds P3 KDiamonds 
P0 AClubs P1 7Hearts P2 7Spades P3 KHearts 
-- /GAME --
P0 HAND: JDiamonds, QDiamonds, 5Diamonds, AClubs, 7Clubs, 6Clubs, KHearts, 6Hearts, ASpades, KSpades.
P1 HAND: 7Diamonds, 6Diamonds, 5Clubs, 7Hearts, JHearts, QHearts, 5Hearts, 4Hearts, 2Hearts, 2Spades.
P2 HAND: 4Diamonds, 3Diamonds, 2Diamonds, QClubs, 3Hearts, 7Spades, JSpades, 6Spades, 5Spades, 3Spades.
P3 HAND: ADiamonds, KDiamonds, KClubs, JClubs, 4Clubs, 3Clubs, 2Clubs, AHearts, QSpades, 4Spades.
P2 2Diamonds P3 ADiamonds P0 5Diamonds P1 7Diamonds 
P3 AHearts P0 6Hearts P1 7Hearts P2 3Hearts 
P3 4Spades P0 ASpades P1 2Spades P2 7Spades 
P0 KSpades P1 2Hearts P2 3Spades P3 QSpades 
P0 QDiamonds P1 6Diamonds P2 3Diamonds P3 KDiamonds 
P3 2Clubs P0 6Clubs P1 5Clubs P2 QClubs 
P2 4Diamonds P3 3Clubs P0 JDiamonds P1 JHearts 
P3 4Clubs P0 AClubs P1 4Hearts P2 JSpades 
P0 KHearts P1 5Hearts P2 5Spades P3 JClubs 
P3 KClubs P0 7Clubs P1 QHearts P2 6Spades 
-- /GAME --
P0 HAND: ADiamonds, KDiamonds, 4Diamonds, 3Diamonds, KClubs, JClubs, 4Clubs, 3Clubs, 3Hearts, 4Spades.
P1 HAND: 6Diamonds, 2Clubs, AHearts, 7Hearts, KSpades, QSpades, 6Spades, 5Spades, 3Spades, 2Spades.
P2 HAND: JDiamonds, 5Diamonds, 2Diamonds, AClubs, 7Clubs, 6Clubs, QHearts, 6Hearts, 7Spades, JSpades.
P3 HAND: 7Diamonds, QDiamonds, QClubs, 5Clubs, KHearts, JHearts, 5Hearts, 4Hearts, 2Hearts, ASpades.

