-- GAME --
P0 HAND: KDiamonds, 6Diamonds, 3Diamonds, JClubs, 3Hearts, ASpades, KSpades, JSpades, QSpades, 6Spades.
P1 HAND: JDiamonds, 5Diamonds, 4Diamonds, KClubs, 3Clubs, 7Hearts, QHearts, 6Hearts, 2Hearts, 7Spades.
P2 HAND: 2Diamonds, AClubs, QClubs, 6Clubs, KHearts, JHearts, 4Hearts, 5Spades, 4Spades, 2Spades.
P3 HAND: ADiamonds, 7Diamonds, QDiamonds, 7Clubs, 5Clubs, 4Clubs, 2Clubs, AHearts, 5Hearts, 3Spades.
P2 AClubs P3 2Clubs P0 JClubs P1 3Clubs 
P2 2Diamonds P3 ADiamonds P0 3Diamonds P1 JDiamonds 
P3 3Spades P0 ASpades P1 7Spades P2 5Spades 
P0 KSpades P1 4Diamonds P2 4Spades P3 4Clubs 
P0 JSpades P1 5Diamonds P2 2Spades P3 5Clubs 
P0 QSpades P1 2Hearts P2 6Clubs P3 7Diamonds 
P1 6Hearts P2 4Hearts P3 5Hearts P0 3Hearts 
P1 QHearts P2 JHearts P3 AHearts P0 6Spades 
P3 QDiamonds P0 KDiamonds P1 7Hearts P2 QClubs 
P1 KClubs P2 KHearts P3 7Clubs P0 6Diamonds 
-- /GAME --
P0 HAND: JDiamonds, 6Diamonds, 4Diamonds, 5Clubs, 2Clubs, JHearts, 5Hearts, ASpades, 5Spades, 4Spades.
P1 HAND: 7Diamonds, QDiamonds, 6Clubs, 4Clubs, AHearts, KHearts, 7Spades, JSpades, 3Spades, 2Spades.
P2 HAND: KDiamonds, 2Diamonds, JClubs, QClubs, 7Hearts, QHearts, 6Hearts, 4Hearts, 3Hearts, QSpades.
P3 HAND: ADiamonds, 5Diamonds, 3Diamonds, AClubs, 7Clubs, KClubs, 3Clubs, 2Hearts, KSpades, 6Spades.
P1 AHearts P2 3Hearts P3 2Hearts P0 5Hearts 
P1 4Clubs P2 QClubs P3 AClubs P0 2Clubs 
P3 ADiamonds P0 4Diamonds P1 7Diamonds P2 2Diamonds 
P3 3Diamonds P0 JDiamonds P1 QDiamonds P2 KDiamonds 
P2 4Hearts P3 3Clubs P0 JHearts P1 KHearts 
P1 6Clubs P2 JClubs P3 KClubs P0 5Clubs 
P3 5Diamonds P0 6Diamonds P1 2Spades P2 6Hearts 
P1 3Spades P2 QSpades P3 6Spades P0 4Spades 
P2 QHearts P3 KSpades P0 5Spades P1 JSpades 
P3 7Clubs P0 ASpades P1 7Spades P2 7Hearts 
-- /GAME --
P0 HAND: QClubs, 5Clubs, 3Clubs, 2Clubs, 5Hearts, 4Hearts, 3Hearts, 7Spades, JSpades, QSpades.
P1 HAND: ADiamonds, 7Diamonds, 4Diamonds, KClubs, JClubs, 4Clubs, AHearts, JHearts, QHearts, KSpades.
P2 HAND: JDiamonds, QDiamonds, 5Diamonds, AClubs, 7Clubs, 6Clubs, 7Hearts, 6Hearts, 6Spades, 3Spades.
P3 HAND: KDiamonds, 6Diamonds, 3Diamonds, 2Diamonds, KHearts, 2Hearts, ASpades, 5Spades, 4Spades, 2Spades.
P0 5Hearts P1 AHearts P2 6Hearts P3 KHearts 
P1 ADiamonds P2 5Diamonds P3 KDiamonds P0 QSpades 

