-- GAME --
P0 HAND: KDiamonds, JDiamonds, 4Diamonds, 4Clubs, 7Hearts, JHearts, 6Hearts, 5Hearts, JSpades, 2Spades.
P1 HAND: 7Diamonds, 5Diamonds, 3Diamonds, KClubs, JClubs, QClubs, 3Clubs, AHearts, 7Spades, 4Spades.
P2 HAND: AClubs, 7Clubs, 6Clubs, 2Clubs, 4Hearts, 3Hearts, 2Hearts, KSpades, 6Spades, 5Spades.
P3 HAND: ADiamonds, QDiamonds, 6Diamonds, 2Diamonds, 5Clubs, KHearts, QHearts, ASpades, QSpades, 3Spades.
P3 ADiamonds P0 4Diamonds P1 7Diamonds P2 2Clubs 
P2 2Hearts P3 QHearts P0 5Hearts P1 AHearts 
P1 3Diamonds P2 3Hearts P3 2Diamonds P0 KDiamonds 
P0 JDiamonds P1 5Diamonds P2 KSpades P3 6Diamonds 
P0 2Spades P1 4Spades P2 5Spades P3 ASpades 
P3 3Spades P0 JSpades P1 7Spades P2 6Spades 
P1 3Clubs P2 6Clubs P3 5Clubs P0 4Clubs 
P2 4Hearts P3 KHearts P0 6Hearts P1 QClubs 
P1 JClubs P2 7Clubs P3 QDiamonds P0 7Hearts 
P2 AClubs P3 QSpades P0 JHearts P1 KClubs 
-- /GAME --
P0 HAND: ADiamonds, 5Diamonds, 4Diamonds, 2Diamonds, AClubs, KClubs, JHearts, 6Hearts, KSpades, 4Spades.
P1 HAND: QDiamonds, QClubs, 6Clubs, 2Clubs, AHearts, KHearts, 4Hearts, 3Hearts, 2Hearts, 3Spades.
P2 HAND: 3Diamonds, JClubs, 5Clubs, 4Clubs, 3Clubs, QHearts, 5Hearts, ASpades, 7Spades, JSpades.
P3 HAND: 7Diamonds, KDiamonds, JDiamonds, 6Diamonds, 7Clubs, 7Hearts, QSpades, 6Spades, 5Spades, 2Spades.
P2 ASpades P3 2Spades P0 KSpades P1 3Spades 
P2 3Diamonds P3 6Diamonds P0 ADiamonds P1 QDiamonds 
P0 5Diamonds P1 2Hearts P2 5Hearts P3 7Diamonds 
P3 5Spades P0 4Spades P1 3Hearts P2 7Spades 
P2 QHearts P3 7Hearts P0 6Hearts P1 AHearts 
P1 4Hearts P2 3Clubs P3 6Spades P0 JHearts 
P2 JSpades P3 QSpades P0 KClubs P1 KHearts 
P0 4Diamonds P1 2Clubs P2 4Clubs P3 JDiamonds 
P2 5Clubs P3 7Clubs P0 AClubs P1 6Clubs 
P0 2Diamonds P1 QClubs P2 JClubs P3 KDiamonds 
-- /GAME --
P0 HAND: 5Diamonds, AClubs, 4Clubs, 3Clubs, KHearts, 3Hearts, QSpades, 6Spades, 5Spades, 4Spades.
P1 HAND: ADiamonds, KDiamonds, 2Diamonds, KClubs, 5Clubs, 2Clubs, 4Hearts, 2Hearts, 3Spades, 2Spades.
P2 HAND: JDiamonds, QDiamonds, JClubs, QClubs, 6Clubs, JHearts, 6Hearts, 5Hearts, ASpades, KSpades.
P3 HAND: 7Diamonds, 6Diamonds, 4Diamonds, 3Diamonds, 7Clubs, AHearts, 7Hearts, QHearts, 7Spades, JSpades.
P1 ADiamonds P2 QDiamonds P3 7Diamonds P0 5Diamonds 
P1 2Diamonds P2 JDiamonds P3 3Diamonds P0 KHearts 
P2 ASpades P3 JSpades P0 QSpades P1 2Spades 
P2 5Hearts P3 AHearts P0 3Hearts P1 4Hearts 
P3 4Diamonds P0 6Spades P1 KDiamonds P2 6Hearts 
P1 2Hearts P2 JHearts P3 QHearts P0 5Spades 
P2 6Clubs P3 7Clubs P0 AClubs P1 2Clubs 
P0 4Spades P1 3Spades P2 KSpades P3 7Spades 
P3 6Diamonds P0 4Clubs P1 5Clubs P2 QClubs 
P2 JClubs P3 7Hearts P0 3Clubs P1 KClubs 
-- /GAME --
P0 HAND: KDiamonds, QDiamonds, 3Diamonds, 2Diamonds, 7Clubs, 6Clubs, 5Hearts, 4Hearts, 2Hearts, 6Spades.
P1 HAND: 7Diamonds, 5Diamonds, 4Diamonds, JClubs, 5Clubs, AHearts, 7Hearts, KHearts, KSpades, 2Spades.
P2 HAND: JDiamonds, 6Diamonds, AClubs, 4Clubs, 6Hearts, ASpades, 7Spades, JSpades, QSpades, 3Spades.
P3 HAND: ADiamonds, KClubs, QClubs, 3Clubs, 2Clubs, JHearts, QHearts, 3Hearts, 5Spades, 4Spades.
P0 6Spades P1 2Spades P2 ASpades P3 4Spades 
P2 3Spades P3 5Spades P0 5Hearts P1 KSpades 
P1 AHearts P2 6Hearts P3 JHearts P0 4Hearts 
P1 4Diamonds P2 6Diamonds P3 ADiamonds P0 2Diamonds 
P3 3Hearts P0 2Hearts P1 KHearts P2 QSpades 
P1 5Diamonds P2 JDiamonds P3 QHearts P0 KDiamonds 
P0 QDiamonds P1 7Diamonds P2 4Clubs P3 QClubs 
P3 2Clubs P0 7Clubs P1 5Clubs P2 AClubs 
P2 JSpades P3 3Clubs P0 6Clubs P1 JClubs 
P1 7Hearts P2 7Spades P3 KClubs P0 3Diamonds 
-- /GAME --
P0 HAND: 5Diamonds, AClubs, 7Clubs, 2Clubs, KHearts, JHearts, 2Hearts, ASpades, 5Spades, 4Spades.
P1 HAND: 6Diamonds, JClubs, 6Clubs, 4Clubs, 3Clubs, 7Hearts, QHearts, 5Hearts, 4Hearts, JSpades.
P2 HAND: ADiamonds, KDiamonds, 4Diamonds, KClubs, 6Hearts, 7Spades, KSpades, QSpades, 6Spades, 2Spades.
P3 HAND: 7Diamonds, JDiamonds, QDiamonds, 3Diamonds, 2Diamonds, QClubs, 5Clubs, AHearts, 3Hearts, 3Spades.
P3 AHearts P0 2Hearts P1 7Hearts P2 6Hearts 
P3 2Diamonds P0 5Diamonds P1 6Diamonds P2 ADiamonds 
P2 4Diamonds P3 3Diamonds P0 2Clubs P1 3Clubs 
P2 2Spades P3 3Spades P0 4Spades P1 JSpades 
P1 4Clubs P2 KClubs P3 5Clubs P0 AClubs 
P0 5Spades P1 4Hearts P2 6Spades P3 3Hearts 
P2 QSpades P3 QDiamonds P0 ASpades P1 5Hearts 
P0 7Clubs P1 6Clubs P2 KDiamonds P3 QClubs 
P0 KHearts P1 QHearts P2 KSpades P3 JDiamonds 
P2 7Spades P3 7Diamonds P0 JHearts P1 JClubs 
-- /GAME --

