-- GAME --
P0 HAND: 7Diamonds, JDiamonds, 6Diamonds, 5Diamonds, AClubs, KClubs, 7Hearts, 6Hearts, 3Hearts, 4Spades.
P1 HAND: ADiamonds, QDiamonds, 4Diamonds, QClubs, 5Clubs, KHearts, QHearts, 7Spades, QSpades, 3Spades.
P2 HAND: KDiamonds, 7Clubs, 6Clubs, 4Clubs, AHearts, JHearts, 4Hearts, JSpades, 6Spades, 5Spades.
P3 HAND: 3Diamonds, 2Diamonds, JClubs, 3Clubs, 2Clubs, 5Hearts, 2Hearts, ASpades, KSpades, 2Spades.
P2 4Clubs P3 2Clubs P0 AClubs P1 5Clubs 
P0 4Spades P1 3Spades P2 5Spades P3 ASpades 
P3 2Diamonds P0 5Diamonds P1 ADiamonds P2 KDiamonds 
P1 4Diamonds P2 6Clubs P3 3Diamonds P0 7Diamonds 
P0 6Diamonds P1 QDiamonds P2 6Spades P3 KSpades 
P1 QClubs P2 7Clubs P3 3Clubs P0 KClubs 
P2 JSpades P3 2Spades P0 3Hearts P1 QSpades 
P0 JDiamonds P1 QHearts P2 JHearts P3 JClubs 
P2 4Hearts P3 2Hearts P0 6Hearts P1 KHearts 
P1 7Spades P2 AHearts P3 5Hearts P0 7Hearts 
-- /GAME --
P0 HAND: 7Diamonds, 7Clubs, KClubs, 6Hearts, 3Hearts, 2Hearts, 7Spades, JSpades, 5Spades, 2Spades.
P1 HAND: 4Diamonds, 3Diamonds, 2Diamonds, AClubs, JClubs, AHearts, 7Hearts, 4Hearts, 6Spades, 4Spades.
P2 HAND: KDiamonds, JDiamonds, 5Diamonds, 5Clubs, 2Clubs, KHearts, QHearts, 5Hearts, ASpades, 3Spades.
P3 HAND: ADiamonds, QDiamonds, 6Diamonds, QClubs, 6Clubs, 4Clubs, 3Clubs, JHearts, KSpades, QSpades.
P1 AClubs P2 2Clubs P3 QClubs P0 KClubs 
P1 2Diamonds P2 5Diamonds P3 ADiamonds P0 7Diamonds 
P3 3Clubs P0 7Clubs P1 JClubs P2 5Clubs 
P0 2Hearts P1 4Hearts P2 5Hearts P3 JHearts 
P3 4Clubs P0 2Spades P1 3Diamonds P2 3Spades 
P3 6Diamonds P0 5Spades P1 4Diamonds P2 KDiamonds 
P2 ASpades P3 QSpades P0 7Spades P1 4Spades 
P2 JDiamonds P3 QDiamonds P0 3Hearts P1 7Hearts 
P1 6Spades P2 QHearts P3 KSpades P0 JSpades 
P2 KHearts P3 6Clubs P0 6Hearts P1 AHearts 
-- /GAME --
P0 HAND: JDiamonds, 7Clubs, AHearts, JHearts, QHearts, 2Hearts, ASpades, KSpades, JSpades, 3Spades.
P1 HAND: 5Diamonds, 4Diamonds, 3Diamonds, AClubs, KClubs, QClubs, 4Clubs, 5Hearts, 7Spades, 4Spades.
P2 HAND: ADiamonds, KDiamonds, QDiamonds, 6Diamonds, 6Clubs, 7Hearts, 4Hearts, QSpades, 6Spades, 5Spades.
P3 HAND: 7Diamonds, 2Diamonds, JClubs, 5Clubs, 3Clubs, 2Clubs, KHearts, 6Hearts, 3Hearts, 2Spades.
P0 7Clubs P1 AClubs P2 6Clubs P3 JClubs 
P1 4Clubs P2 4Hearts P3 2Clubs 
