-- GAME --
P0 HAND: 7Clubs, 5Clubs, 2Clubs, AHearts, JHearts, 2Hearts, 7Spades, JSpades, 6Spades, 2Spades.
P1 HAND: 5Diamonds, 4Diamonds, 3Diamonds, KClubs, JClubs, QClubs, 4Clubs, 3Clubs, KHearts, 4Spades.
P2 HAND: KDiamonds, QDiamonds, AClubs, 7Hearts, 5Hearts, 4Hearts, KSpades, QSpades, 5Spades, 3Spades.
P3 HAND: ADiamonds, 7Diamonds, JDiamonds, 6Diamonds, 2Diamonds, 6Clubs, QHearts, 6Hearts, 3Hearts, ASpades.
P0 AHearts P1 KHearts P2 7Hearts P3 3Hearts 
P0 2Clubs P1 3Clubs P2 AClubs P3 6Clubs 
P2 4Hearts P3 6Hearts P0 JHearts P1 3Diamonds 
P0 5Clubs P1 4Clubs P2 5Hearts P3 2Diamonds 
P0 2Hearts P1 4Diamonds P2 QDiamonds P3 QHearts 
P3 6Diamonds P0 6Spades P1 5Diamonds P2 KDiamonds 
P0 2Spades P1 4Spades P2 3Spades P3 ASpades 
P3 JDiamonds P0 JSpades P1 QClubs P2 5Spades 
P0 7Spades P1 JClubs P2 QSpades P3 7Diamonds 
P0 7Clubs P1 KClubs P2 KSpades P3 ADiamonds 
-- /GAME --
P0 HAND: 7Diamonds, QDiamonds, 6Diamonds, 5Diamonds, 4Diamonds, 3Diamonds, 6Clubs, 5Clubs, 4Spades, 2Spades.
P1 HAND: ADiamonds, KDiamonds, 2Diamonds, 2Clubs, 7Hearts, 2Hearts, 7Spades, KSpades, QSpades, 3Spades.
P2 HAND: AClubs, 7Clubs, KClubs, AHearts, KHearts, QHearts, 5Hearts, 3Hearts, ASpades, 6Spades.
P3 HAND: JDiamonds, JClubs, QClubs, 4Clubs, 3Clubs, JHearts, 6Hearts, 4Hearts, JSpades, 5Spades.
P3 3Clubs P0 5Clubs P1 2Clubs P2 AClubs 
P2 ASpades P3 5Spades P0 4Spades P1 3Spades 
P2 6Spades P3 JSpades P0 2Spades P1 7Spades 
P1 ADiamonds P2 3Hearts P3 JDiamonds P0 7Diamonds 
P2 5Hearts P3 4Hearts P0 QDiamonds P1 2Hearts 
P2 QHearts P3 6Hearts P0 6Clubs P1 7Hearts 
P1 2Diamonds P2 KHearts P3 4Clubs P0 5Diamonds 
P2 AHearts P3 JHearts P0 6Diamonds P1 QSpades 
P2 KClubs P3 QClubs P0 4Diamonds P1 KDiamonds 
P2 7Clubs P3 JClubs P0 3Diamonds P1 KSpades 
-- /GAME --

