-- GAME --
P0 HAND: 7Diamonds, QDiamonds, 6Diamonds, AClubs, 7Clubs, 3Clubs, AHearts, 6Hearts, 4Hearts, 6Spades.
P1 HAND: ADiamonds, JDiamonds, 4Diamonds, 5Clubs, 4Clubs, 2Clubs, 7Hearts, 2Hearts, ASpades, 5Spades.
P2 HAND: 3Diamonds, 2Diamonds, JClubs, QClubs, KHearts, JHearts, QHearts, KSpades, 4Spades, 3Spades.
P3 HAND: KDiamonds, 5Diamonds, KClubs, 6Clubs, 5Hearts, 3Hearts, 7Spades, JSpades, QSpades, 2Spades.
P3 3Hearts P0 AHearts P1 2Hearts P2 KHearts 
P0 AClubs P1 2Clubs P2 JClubs P3 6Clubs 
P0 6Spades P1 5Spades P2 3Spades P3 2Spades 
P0 7Clubs P1 4Clubs P2 QClubs P3 KClubs 
P0 6Hearts P1 7Hearts P2 QHearts P3 5Hearts 
P1 ADiamonds P2 2Diamonds P3 KDiamonds P0 6Diamonds 
P1 4Diamonds P2 3Diamonds P3 5Diamonds P0 7Diamonds 
P0 QDiamonds P1 JDiamonds P2 4Spades P3 QSpades 
P3 JSpades P0 4Hearts P1 ASpades P2 KSpades 
P1 5Clubs P2 JHearts P3 7Spades P0 3Clubs 
-- /GAME --
P0 HAND: ADiamonds, 7Diamonds, JDiamonds, 4Diamonds, KClubs, QClubs, AHearts, 4Hearts, 5Spades, 4Spades.
P1 HAND: KDiamonds, JClubs, 5Clubs, 4Clubs, 2Clubs, KHearts, 6Hearts, 6Spades, 3Spades, 2Spades.
P2 HAND: QDiamonds, 6Diamonds, 5Diamonds, 7Clubs, 7Hearts, QHearts, 2Hearts, ASpades, 7Spades, JSpades.
P3 HAND: 3Diamonds, 2Diamonds, AClubs, 6Clubs, 3Clubs, JHearts, 5Hearts, 3Hearts, KSpades, QSpades.
P2 ASpades P3 QSpades P0 5Spades P1 2Spades 
P2 5Diamonds P3 2Diamonds P0 ADiamonds P1 KDiamonds 
P0 4Spades P1 3Spades P2 7Spades P3 KSpades 
P2 6Diamonds P3 3Diamonds P0 7Diamonds P1 6Hearts 
P1 2Clubs P2 7Clubs P3 AClubs P0 QClubs 
P3 3Clubs P0 KClubs P1 4Clubs P2 JSpades 
P0 JDiamonds P1 5Clubs P2 QDiamonds P3 3Hearts 
P3 6Clubs P0 4Diamonds P1 JClubs P2 2Hearts 
P2 QHearts P3 5Hearts P0 4Hearts P1 KHearts 
P1 6Spades P2 7Hearts P3 JHearts P0 AHearts 
-- /GAME --
P0 HAND: ADiamonds, 7Diamonds, JDiamonds, 5Diamonds, AClubs, 4Clubs, KHearts, 6Spades, 4Spades, 3Spades.
P1 HAND: KDiamonds, 6Diamonds, KClubs, JClubs, QClubs, 2Clubs, 6Hearts, 5Hearts, KSpades, 2Spades.
P2 HAND: 4Diamonds, 3Diamonds, 7Clubs, 7Hearts, QHearts, 3Hearts, 2Hearts, 7Spades, QSpades, 5Spades.
P3 HAND: QDiamonds, 2Diamonds, 6Clubs, 5Clubs, 3Clubs, AHearts, JHearts, 4Hearts, ASpades, JSpades.
P1 2Clubs P2 7Clubs P3 3Clubs P0 4Clubs 
P2 2Hearts P3 AHearts P0 KHearts P1 6Hearts 
P3 2Diamonds P0 ADiamonds P1 6Diamonds P2 4Diamonds 
P0 AClubs P1 QClubs P2 7Hearts P3 5Clubs 
P0 3Spades P1 2Spades P2 5Spades P3 JSpades 
P3 4Hearts P0 6Spades P1 5Hearts P2 QHearts 
P0 4Spades P1 KSpades P2 QSpades P3 ASpades 
P3 6Clubs P0 7Diamonds P1 JClubs P2 7Spades 
P2 3Diamonds P3 QDiamonds P0 JDiamonds P1 KDiamonds 
P1 KClubs P2 3Hearts P3 JHearts P0 5Diamonds 
-- /GAME --
P0 HAND: ADiamonds, 7Diamonds, JClubs, 5Clubs, QHearts, 6Hearts, 7Spades, QSpades, 4Spades, 3Spades.
P1 HAND: JDiamonds, 5Diamonds, 7Clubs, KClubs, 6Clubs, 3Clubs, JHearts, 4Hearts, 3Hearts, KSpades.
P2 HAND: KDiamonds, 4Diamonds, 2Diamonds, AClubs, 4Clubs, 2Clubs, KHearts, 5Hearts, ASpades, 6Spades.
P3 HAND: QDiamonds, 6Diamonds, 3Diamonds, QClubs, AHearts, 7Hearts, 2Hearts, JSpades, 5Spades, 2Spades.
P0 QHearts P1 3Hearts P2 5Hearts P3 AHearts 
P3 2Hearts P0 6Hearts P1 4Hearts P2 KHearts 
P2 AClubs P3 QClubs P0 JClubs P1 3Clubs 
P2 ASpades P3 2Spades P0 7Spades P1 KSpades 
P2 2Clubs P3 5Spades P0 5Clubs P1 7Clubs 
P1 6Clubs P2 4Clubs P3 3Diamonds P0 3Spades 
P3 JSpades P0 QSpades P1 KClubs P2 6Spades 
P3 6Diamonds P0 7Diamonds P1 5Diamonds P2 2Diamonds 
P0 4Spades P1 JDiamonds P2 4Diamonds P3 7Hearts 
P1 JHearts P2 KDiamonds P3 QDiamonds P0 ADiamonds 
-- /GAME --
P0 HAND: 7Diamonds, 7Clubs, KClubs, JClubs, 4Hearts, ASpades, 7Spades, KSpades, 6Spades, 4Spades.
P1 HAND: KDiamonds, 5Diamonds, 4Diamonds, 3Diamonds, 2Diamonds, 5Clubs, AHearts, 5Hearts, 3Hearts, 2Hearts.
P2 HAND: ADiamonds, 4Clubs, 3Clubs, 2Clubs, 7Hearts, KHearts, JHearts, QHearts, QSpades, 3Spades.
P3 HAND: JDiamonds, QDiamonds, 6Diamonds, AClubs, QClubs, 6Clubs, 6Hearts, JSpades, 5Spades, 2Spades.
P3 2Spades P0 ASpades P1 5Clubs P2 3Spades 
P1 AHearts P2 QHearts P3 6Hearts P0 4Hearts 
P1 2Diamonds P2 ADiamonds P3 6Diamonds P0 7Diamonds 
P2 QSpades P3 5Spades P0 4Spades P1 2Hearts 
P2 JHearts P3 QDiamonds P0 KSpades P1 3Hearts 
P2 2Clubs P3 6Clubs P0 JClubs P1 3Diamonds 
P0 7Spades P1 4Diamonds P2 7Hearts P3 JSpades 
P0 6Spades P1 5Diamonds P2 3Clubs P3 QClubs 
P3 JDiamonds P0 7Clubs P1 KDiamonds P2 KHearts 
P0 KClubs P1 5Hearts P2 4Clubs P3 AClubs 
-- /GAME --

