-- GAME --
P0 KDiamonds P1 JDiamonds P2 ADiamonds 
P2 4Hearts P3 4Spades P0 KHearts P1 JClubs 
P1 JSpades P2 5Diamonds P3 7Spades P0 QSpades 
P3 5Spades P0 QHearts P1 KSpades P2 QClubs 
P2 5Hearts P3 6Diamonds P0 QDiamonds P1 7Clubs 
P1 AClubs P2 6Hearts P3 5Clubs P0 3Diamonds 
P1 7Diamonds P2 JHearts P3 KClubs P0 4Diamonds 
-- /GAME --
P0 HAND: JDiamonds, QDiamonds, 5Diamonds, 6Clubs, 7Hearts, JHearts, 3Hearts, 2Hearts, 4Spades, 3Spades.
P1 HAND: KDiamonds, 6Diamonds, 3Diamonds, 5Clubs, 4Clubs, 5Hearts, 4Hearts, ASpades, 7Spades, 2Spades.
P2 HAND: 7Diamonds, 4Diamonds, 2Diamonds, AClubs, 7Clubs, QClubs, 3Clubs, AHearts, QSpades, 5Spades.
P3 HAND: ADiamonds, KClubs, JClubs, 2Clubs, KHearts, QHearts, 6Hearts, KSpades, JSpades, 6Spades.
P3 ADiamonds P0 5Diamonds P1 KDiamonds P2 2Diamonds 
P3 6Hearts P0 2Hearts P1 4Hearts P2 AHearts 
P2 4Diamonds P3 6Spades P0 QDiamonds P1 3Diamonds 
P0 JDiamonds P1 6Diamonds P2 7Diamonds P3 2Clubs 
P3 QHearts P0 JHearts P1 5Hearts P2 QSpades 
P0 3Hearts P1 2Spades P2 5Spades P3 KHearts 
P3 JSpades P0 4Spades P1 ASpades P2 3Clubs 
P2 QClubs P3 JClubs P0 6Clubs P1 4Clubs 
P3 KClubs P0 7Hearts P1 5Clubs P2 7Clubs 
P2 AClubs P3 KSpades P0 3Spades P1 7Spades 
-- /GAME --
P0 HAND: JDiamonds, QDiamonds, 5Diamonds, 6Clubs, 3Clubs, 7Hearts, KHearts, ASpades, KSpades, 6Spades.
P1 HAND: KDiamonds, 4Diamonds, AClubs, KClubs, 4Clubs, JHearts, QHearts, 3Hearts, 2Hearts, 5Spades.
P2 HAND: 6Diamonds, 2Diamonds, JClubs, QClubs, 5Clubs, 6Hearts, 5Hearts, 4Hearts, 7Spades, JSpades.
P3 HAND: ADiamonds, 7Diamonds, 3Diamonds, 7Clubs, 2Clubs, AHearts, QSpades, 4Spades, 3Spades, 2Spades.
P2 2Diamonds P3 ADiamonds P0 5Diamonds P1 KDiamonds 
P3 AHearts P0 KHearts P1 JHearts P2 4Hearts 
P3 2Spades P0 ASpades P1 5Spades P2 7Spades 
P0 KSpades P1 2Hearts P2 JSpades P3 3Spades 
P0 QDiamonds P1 4Diamonds P2 6Diamonds P3 7Diamonds 
P3 3Diamonds P0 JDiamonds P1 3Hearts P2 6Hearts 
P0 6Spades P1 QHearts P2 5Hearts P3 QSpades 
P3 4Spades P0 6Clubs P1 4Clubs P2 5Clubs 
P0 3Clubs P1 KClubs P2 QClubs P3 2Clubs 
P1 AClubs P2 JClubs P3 7Clubs P0 7Hearts 
-- /GAME --
P0 HAND: 7Diamonds, JClubs, QClubs, 2Clubs, KHearts, 5Hearts, 4Hearts, 2Hearts, JSpades, 6Spades.
P1 HAND: JDiamonds, QDiamonds, 3Diamonds, 7Clubs, KClubs, 6Clubs, 7Hearts, 6Hearts, 3Hearts, 7Spades.
P2 HAND: KDiamonds, 2Diamonds, AClubs, 3Clubs, AHearts, JHearts, QHearts, 4Spades, 3Spades, 2Spades.
P3 HAND: ADiamonds, 6Diamonds, 5Diamonds, 4Diamonds, 5Clubs, 4Clubs, ASpades, KSpades, QSpades, 5Spades.
P1 3Diamonds P2 2Diamonds P3 ADiamonds P0 7Diamonds 
P3 ASpades P0 6Spades P1 7Spades P2 2Spades 
P3 4Diamonds P0 2Hearts P1 QDiamonds P2 KDiamonds 
P0 JSpades P1 6Clubs P2 3Spades P3 KSpades 
P3 4Clubs P0 JClubs P1 KClubs P2 AClubs 
P2 3Clubs P3 5Clubs P0 QClubs P1 7Clubs 
P1 JDiamonds P2 4Spades P3 5Diamonds P0 2Clubs 
P1 3Hearts P2 QHearts P3 5Spades P0 KHearts 
P0 4Hearts P1 6Hearts P2 JHearts P3 6Diamonds 
P2 AHearts P3 QSpades P0 5Hearts P1 7Hearts 
-- /GAME --
P0 HAND: KDiamonds, 6Diamonds, 4Diamonds, 2Clubs, AHearts, 3Hearts, 2Hearts, QSpades, 5Spades, 2Spades.
P1 HAND: QDiamonds, 2Diamonds, KClubs, 5Clubs, 3Clubs, KHearts, 6Hearts, 4Hearts, JSpades, 4Spades.
P2 HAND: ADiamonds, 7Diamonds, 5Diamonds, 3Diamonds, 7Clubs, QClubs, 7Hearts, QHearts, 7Spades, 6Spades.
P3 HAND: JDiamonds, AClubs, JClubs, 6Clubs, 4Clubs, JHearts, 5Hearts, ASpades, KSpades, 3Spades.
P0 AHearts P1 4Hearts P2 7Hearts P3 5Hearts 
P0 2Spades P1 4Spades P2 6Spades P3 ASpades 
P3 3Spades P0 5Spades P1 JSpades P2 7Spades 
P2 ADiamonds P3 JDiamonds P0 KDiamonds P1 2Diamonds 
P2 3Diamonds P3 4Clubs P0 4Diamonds P1 QDiamonds 
P3 JHearts P0 3Hearts P1 KHearts P2 QHearts 
P1 6Hearts P2 5Diamonds P3 6Clubs P0 2Hearts 
P3 JClubs P0 2Clubs P1 3Clubs P2 QClubs 
P3 AClubs P0 6Diamonds P1 5Clubs P2 7Clubs 
P3 KSpades P0 QSpades P1 KClubs P2 7Diamonds 
-- /GAME --
P0 HAND: KDiamonds, 4Diamonds, 3Diamonds, KClubs, 5Clubs, 2Clubs, KHearts, ASpades, 4Spades, 2Spades.
P1 HAND: 7Diamonds, 4Clubs, AHearts, QHearts, 6Hearts, 5Hearts, 3Hearts, KSpades, JSpades, QSpades.
P2 HAND: ADiamonds, QDiamonds, 2Diamonds, JClubs, QClubs, 3Clubs, JHearts, 2Hearts, 6Spades, 3Spades.
P3 HAND: JDiamonds, 6Diamonds, 5Diamonds, AClubs, 7Clubs, 6Clubs, 7Hearts, 4Hearts, 7Spades, 5Spades.
P3 AClubs P0 5Clubs P1 4Clubs P2 3Clubs 
P3 4Hearts P0 KHearts P1 AHearts P2 2Hearts 
P1 3Hearts P2 JHearts P3 7Hearts P0 KDiamonds 
P0 ASpades P1 QSpades P2 6Spades P3 5Spades 
P0 2Spades P1 JSpades P2 3Spades P3 7Spades 
P3 6Clubs P0 2Clubs P1 5Hearts P2 JClubs 
P2 QClubs P3 7Clubs P0 KClubs P1 KSpades 
P3 5Diamonds P0 4Diamonds P1 7Diamonds P2 ADiamonds 
P2 2Diamonds P3 6Diamonds P0 3Diamonds P1 QHearts 
P3 JDiamonds P0 4Spades P1 6Hearts P2 QDiamonds 
-- /GAME --
P0 HAND: JDiamonds, AClubs, QClubs, 4Clubs, 2Clubs, JHearts, 6Hearts, ASpades, QSpades, 4Spades.
P1 HAND: ADiamonds, 5Diamonds, 6Clubs, KHearts, QHearts, 5Hearts, 4Hearts, JSpades, 6Spades, 5Spades.
P2 HAND: KDiamonds, 4Diamonds, 3Diamonds, 2Diamonds, KClubs, JClubs, AHearts, 2Hearts, 7Spades, 2Spades.
P3 HAND: 7Diamonds, QDiamonds, 6Diamonds, 7Clubs, 5Clubs, 3Clubs, 7Hearts, 3Hearts, KSpades, 3Spades.
P2 2Diamonds P3 6Diamonds P0 JDiamonds P1 ADiamonds 
P1 5Diamonds P2 3Diamonds P3 7Diamonds P0 JHearts 
P0 ASpades P1 5Spades P2 7Spades P3 3Spades 
P0 AClubs P1 6Clubs P2 KClubs P3 3Clubs 
P0 4Clubs P1 6Spades P2 JClubs P3 7Clubs 
P3 5Clubs P0 QClubs P1 4Hearts P2 2Spades 
P1 JSpades P2 4Diamonds P3 KSpades P0 4Spades 
P3 QDiamonds P0 6Hearts P1 5Hearts P2 KDiamonds 
P0 QSpades P1 QHearts P2 2Hearts P3 3Hearts 
P1 KHearts P2 AHearts P3 7Hearts P0 2Clubs 
-- /GAME --
P0 HAND: 3Diamonds, 3Clubs, 2Clubs, AHearts, 4Hearts, 7Spades, KSpades, QSpades, 4Spades, 3Spades.
P1 HAND: ADiamonds, 4Diamonds, AClubs, 4Clubs, QHearts, 3Hearts, ASpades, JSpades, 6Spades, 2Spades.
P2 HAND: QDiamonds, 6Diamonds, 5Diamonds, 2Diamonds, KClubs, 6Clubs, 5Clubs, KHearts, 6Hearts, 5Spades.
P3 HAND: 7Diamonds, KDiamonds, JDiamonds, 7Clubs, JClubs, QClubs, 7Hearts, JHearts, 5Hearts, 2Hearts.
P1 ADiamonds P2 2Diamonds P3 7Diamonds P0 3Diamonds 
P1 AClubs P2 5Clubs P3 7Clubs P0 2Clubs 
P1 ASpades P2 5Spades P3 KDiamonds P0 3Spades 
P1 2Spades P2 5Diamonds P3 QClubs P0 7Spades 
P0 KSpades P1 6Spades P2 6Diamonds P3 2Hearts 
P3 JDiamonds P0 4Hearts P1 4Diamonds P2 QDiamonds 
P0 3Clubs P1 4Clubs P2 6Clubs P3 JClubs 
P3 5Hearts P0 AHearts P1 3Hearts P2 6Hearts 
P0 QSpades P1 JSpades P2 KHearts P3 7Hearts 
P3 JHearts P0 4Spades P1 QHearts P2 KClubs 
-- /GAME --
P0 HAND: ADiamonds, 7Diamonds, 4Diamonds, 3Diamonds, JClubs, 2Clubs, QHearts, 5Hearts, 2Hearts, KSpades.
P1 HAND: 6Diamonds, 5Diamonds, 2Diamonds, 7Clubs, 6Clubs, 5Clubs, KHearts, JHearts, 6Hearts, 3Spades.
P2 HAND: JDiamonds, QDiamonds, QClubs, 4Clubs, 7Hearts, 4Hearts, 3Hearts, JSpades, QSpades, 2Spades.
P3 HAND: KDiamonds, AClubs, KClubs, 3Clubs, AHearts, ASpades, 7Spades, 6Spades, 5Spades, 4Spades.
P3 AHearts P0 2Hearts P1 KHearts P2 3Hearts 

