-- GAME --
P0 HAND: ADiamonds, JDiamonds, QDiamonds, 7Clubs, 5Clubs, 4Hearts, JSpades, 4Spades, 3Spades, 2Spades.
P1 HAND: 6Diamonds, 2Diamonds, AClubs, KClubs, 3Clubs, AHearts, 2Hearts, QSpades, 6Spades, 5Spades.
P2 HAND: KDiamonds, 4Diamonds, JClubs, 6Clubs, 4Clubs, 2Clubs, KHearts, 6Hearts, 3Hearts, 7Spades.
P3 HAND: 7Diamonds, 5Diamonds, 3Diamonds, QClubs, 7Hearts, JHearts, QHearts, 5Hearts, ASpades, KSpades.
P1 AClubs P2 2Clubs P3 QClubs P0 5Clubs 
P1 AHearts P2 3Hearts P3 7Hearts P0 4Hearts 
P1 2Diamonds P2 4Diamonds P3 3Diamonds P0 JDiamonds 
P0 JSpades P1 5Spades P2 7Spades P3 ASpades 
P3 5Diamonds P0 ADiamonds P1 6Diamonds P2 KDiamonds 
P0 2Spades P1 6Spades P2 4Clubs P3 KSpades 
P3 5Hearts P0 QDiamonds P1 2Hearts P2 KHearts 
P2 6Clubs P3 QHearts P0 7Clubs P1 3Clubs 
P0 3Spades P1 QSpades P2 6Hearts P3 7Diamonds 
P1 KClubs P2 JClubs P3 JHearts P0 4Spades 
-- /GAME --
P0 HAND: 7Diamonds, 6Diamonds, KClubs, KHearts, 5Hearts, JSpades, QSpades, 5Spades, 3Spades, 2Spades.
P1 HAND: KDiamonds, JDiamonds, 5Diamonds, 4Diamonds, 6Clubs, 5Clubs, AHearts, 3Hearts, 2Hearts, 7Spades.
P2 HAND: 2Diamonds, AClubs, 7Clubs, JClubs, 3Clubs, 7Hearts, QHearts, KSpades, 6Spades, 4Spades.
P3 HAND: ADiamonds, QDiamonds, 3Diamonds, QClubs, 4Clubs, 2Clubs, JHearts, 6Hearts, 4Hearts, ASpades.
P0 2Spades P1 7Spades P2 4Spades P3 ASpades 
P3 ADiamonds P0 6Diamonds P1 KDiamonds P2 2Diamonds 
P3 2Clubs P0 KClubs P1 5Clubs P2 AClubs 
P2 3Clubs P3 4Clubs P0 3Spades P1 6Clubs 
P0 5Spades P1 2Hearts P2 6Spades P3 3Diamonds 
P2 QHearts P3 4Hearts P0 KHearts P1 AHearts 
P1 3Hearts P2 7Hearts P3 6Hearts P0 5Hearts 
P2 JClubs P3 QClubs P0 QSpades P1 4Diamonds 
P0 7Diamonds P1 5Diamonds P2 7Clubs P3 QDiamonds 
P0 JSpades P1 JDiamonds P2 KSpades P3 JHearts 
-- /GAME --
P0 HAND: ADiamonds, KDiamonds, 5Diamonds, 4Clubs, 3Clubs, AHearts, 7Hearts, KHearts, JHearts, 6Hearts.
P1 HAND: 3Diamonds, 2Diamonds, 7Clubs, KClubs, 5Clubs, 2Clubs, 4Hearts, QSpades, 4Spades, 2Spades.
P2 HAND: JDiamonds, JClubs, 6Clubs, QHearts, 5Hearts, 3Hearts, ASpades, 6Spades, 5Spades, 3Spades.
P3 HAND: 7Diamonds, QDiamonds, 6Diamonds, 4Diamonds, AClubs, QClubs, 2Hearts, 7Spades, KSpades, JSpades.
P3 AClubs P0 3Clubs P1 7Clubs P2 6Clubs 
P3 2Hearts P0 AHearts P1 4Hearts P2 QHearts 
P0 ADiamonds P1 2Diamonds P2 JDiamonds P3 4Diamonds 
P0 4Clubs P1 2Clubs P2 JClubs P3 QClubs 
P2 3Hearts P3 6Diamonds P0 KHearts P1 3Diamonds 
P0 5Diamonds P1 5Clubs P2 5Hearts P3 7Diamonds 
P3 QDiamonds P0 KDiamonds P1 2Spades P2 3Spades 
P2 5Spades P3 JSpades P0 6Hearts P1 4Spades 
P3 KSpades P0 7Hearts P1 QSpades P2 ASpades 
P2 6Spades P3 7Spades P0 JHearts P1 KClubs 
-- /GAME --

