-- GAME --
P0 HAND: 5Diamonds, KClubs, 2Clubs, 7Hearts, KHearts, JHearts, 6Hearts, 2Hearts, QSpades, 3Spades.
P1 HAND: ADiamonds, KDiamonds, JDiamonds, 6Diamonds, 4Diamonds, 2Diamonds, 4Hearts, 7Spades, KSpades, 6Spades.
P2 HAND: QDiamonds, AClubs, JClubs, QClubs, 6Clubs, 4Clubs, 5Hearts, 3Hearts, ASpades, 4Spades.
P3 HAND: 7Diamonds, 3Diamonds, 7Clubs, 5Clubs, 3Clubs, AHearts, QHearts, JSpades, 5Spades, 2Spades.
P1 2Diamonds P2 QDiamonds P3 3Diamonds P0 5Diamonds 
P2 4Clubs P3 3Clubs P0 2Clubs P1 4Diamonds 
P2 4Spades P3 2Spades P0 3Spades P1 7Spades 
P1 6Diamonds P2 6Clubs P3 7Diamonds P0 QSpades 
P3 5Clubs P0 KClubs P1 6Spades P2 AClubs 
P2 QClubs P3 7Clubs P0 JHearts P1 JDiamonds 
P0 2Hearts P1 4Hearts P2 3Hearts P3 QHearts 
P3 5Spades P0 KHearts P1 KSpades P2 ASpades 
P0 6Hearts P1 KDiamonds P2 5Hearts P3 AHearts 
P3 JSpades P0 7Hearts P1 ADiamonds P2 JClubs 
-- /GAME --
P0 HAND: 5Diamonds, 7Clubs, 6Clubs, 2Clubs, AHearts, JHearts, 3Hearts, 6Spades, 5Spades, 2Spades.
P1 HAND: QDiamonds, 2Diamonds, JClubs, 5Clubs, QHearts, 6Hearts, 4Hearts, JSpades, QSpades, 3Spades.
P2 HAND: ADiamonds, 7Diamonds, KDiamonds, 6Diamonds, 3Diamonds, AClubs, QClubs, 3Clubs, KHearts, 4Spades.
P3 HAND: JDiamonds, 4Diamonds, KClubs, 4Clubs, 7Hearts, 5Hearts, 2Hearts, ASpades, 7Spades, KSpades.
P0 AHearts P1 4Hearts P2 KHearts P3 2Hearts 
P0 5Diamonds P1 2Diamonds P2 ADiamonds P3 4Diamonds 
P2 3Diamonds P3 JDiamonds P0 2Clubs P1 QDiamonds 
P0 2Spades P1 3Spades P2 4Spades P3 ASpades 
P3 5Hearts P0 JHearts P1 6Hearts P2 7Diamonds 
P0 5Spades P1 QSpades P2 6Diamonds P3 7Spades 
P3 4Clubs P0 6Clubs P1 5Clubs P2 3Clubs 
P0 6Spades P1 JSpades P2 QClubs P3 KSpades 
P2 AClubs P3 KClubs P0 7Clubs P1 JClubs 
P2 KDiamonds P3 7Hearts P0 3Hearts P1 QHearts 
-- /GAME --
P0 HAND: QDiamonds, 4Diamonds, 2Diamonds, JClubs, 5Clubs, 4Clubs, AHearts, QHearts, 6Hearts, 2Hearts.
P1 HAND: 7Diamonds, 5Diamonds, AClubs, KClubs, QClubs, 6Clubs, KHearts, ASpades, 7Spades, 5Spades.
P2 HAND: 6Diamonds, 3Diamonds, 3Clubs, 2Clubs, 7Hearts, JHearts, KSpades, JSpades, 6Spades, 4Spades.
P3 HAND: ADiamonds, KDiamonds, JDiamonds, 7Clubs, 5Hearts, 4Hearts, 3Hearts, QSpades, 3Spades, 2Spades.
P3 2Spades P0 4Clubs P1 ASpades P2 4Spades 
P1 5Spades P2 6Spades P3 3Spades P0 JClubs 
P2 2Clubs P3 7Clubs P0 5Clubs P1 AClubs 
P1 6Clubs P2 3Clubs P3 3Hearts P0 2Hearts 
P1 QClubs P2 3Diamonds P3 4Hearts P0 QHearts 
P2 JHearts P3 5Hearts P0 AHearts P1 KHearts 
P0 6Hearts P1 5Diamonds P2 7Hearts P3 QSpades 
P1 7Diamonds P2 6Diamonds P3 JDiamonds P0 2Diamonds 
P1 KClubs P2 JSpades P3 KDiamonds P0 4Diamonds 
P3 ADiamonds P0 QDiamonds P1 7Spades P2 KSpades 
-- /GAME --
P0 HAND: ADiamonds, 6Diamonds, AClubs, JClubs, 4Clubs, KHearts, 6Hearts, 6Spades, 5Spades, 4Spades.
P1 HAND: QDiamonds, QClubs, 6Clubs, 3Clubs, 2Clubs, 7Hearts, 4Hearts, ASpades, 3Spades, 2Spades.
P2 HAND: JDiamonds, 4Diamonds, 3Diamonds, 2Diamonds, KClubs, 5Hearts, 3Hearts, 2Hearts, 7Spades, QSpades.
P3 HAND: 7Diamonds, KDiamonds, 5Diamonds, 7Clubs, 5Clubs, AHearts, JHearts, QHearts, KSpades, JSpades.
P2 2Diamonds P3 5Diamonds P0 ADiamonds P1 QDiamonds 
P0 AClubs P1 2Clubs P2 KClubs P3 5Clubs 
P0 6Diamonds P1 3Clubs P2 3Diamonds P3 7Diamonds 
P3 AHearts P0 6Hearts P1 7Hearts P2 2Hearts 
P3 QHearts P0 KHearts P1 4Hearts P2 5Hearts 
P0 4Spades P1 2Spades P2 QSpades P3 JSpades 
P3 JHearts P0 5Spades P1 6Clubs P2 3Hearts 
P0 4Clubs P1 QClubs P2 4Diamonds P3 7Clubs 
P3 KSpades P0 6Spades P1 3Spades P2 7Spades 
P2 JDiamonds P3 KDiamonds P0 JClubs P1 ASpades 
-- /GAME --
P0 HAND: KDiamonds, 3Diamonds, 7Clubs, JClubs, 5Clubs, 7Hearts, ASpades, KSpades, 6Spades, 3Spades.
P1 HAND: JDiamonds, QDiamonds, 5Diamonds, 4Diamonds, 6Clubs, 3Clubs, AHearts, 2Hearts, 7Spades, 2Spades.
P2 HAND: ADiamonds, 7Diamonds, 6Diamonds, 4Clubs, QHearts, 6Hearts, 4Hearts, 3Hearts, JSpades, 5Spades.
P3 HAND: 2Diamonds, AClubs, KClubs, QClubs, 2Clubs, KHearts, JHearts, 5Hearts, QSpades, 4Spades.
P1 AHearts P2 3Hearts P3 KHearts P0 7Hearts 
P1 2Hearts P2 4Hearts P3 JHearts P0 3Diamonds 
P3 AClubs P0 5Clubs P1 6Clubs P2 4Clubs 
P3 2Diamonds P0 KDiamonds P1 4Diamonds P2 ADiamonds 
P2 6Diamonds P3 2Clubs P0 3Spades P1 5Diamonds 
P0 6Spades P1 2Spades P2 5Spades P3 4Spades 
P0 JClubs P1 3Clubs P2 6Hearts P3 KClubs 
P3 5Hearts P0 KSpades P1 QDiamonds P2 QHearts 
P0 ASpades P1 7Spades P2 JSpades P3 QSpades 
P0 7Clubs P1 JDiamonds P2 7Diamonds P3 QClubs 
-- /GAME --
P0 HAND: ADiamonds, KClubs, 3Clubs, AHearts, KHearts, 5Hearts, 4Hearts, 3Hearts, 6Spades, 3Spades.
P1 HAND: 7Diamonds, QDiamonds, 6Diamonds, 4Diamonds, JClubs, QClubs, 2Clubs, 6Hearts, ASpades, JSpades.
P2 HAND: KDiamonds, 5Diamonds, 3Diamonds, 2Diamonds, AClubs, 7Clubs, 7Hearts, JHearts, 7Spades, QSpades.
P3 HAND: JDiamonds, 6Clubs, 5Clubs, 4Clubs, QHearts, 2Hearts, KSpades, 5Spades, 4Spades, 2Spades.
P1 2Clubs P2 AClubs P3 4Clubs P0 KClubs 
P2 2Diamonds P3 JDiamonds P0 ADiamonds P1 4Diamonds 
P0 AHearts P1 6Hearts P2 7Hearts P3 2Hearts 
P0 3Clubs P1 QClubs P2 7Clubs P3 5Clubs 
P2 3Diamonds P3 6Clubs P0 3Spades P1 6Diamonds 
P0 5Hearts P1 QDiamonds P2 JHearts P3 QHearts 
P2 5Diamonds P3 2Spades P0 6Spades P1 7Diamonds 
P0 4Hearts P1 JSpades P2 QSpades P3 4Spades 
P1 JClubs P2 7Spades P3 5Spades P0 KHearts 
P2 KDiamonds P3 KSpades P0 3Hearts P1 ASpades 
-- /GAME --
P0 HAND: KDiamonds, JDiamonds, QHearts, 5Hearts, 4Hearts, ASpades, KSpades, 5Spades, 3Spades, 2Spades.
P1 HAND: QDiamonds, 6Diamonds, 5Diamonds, AClubs, JClubs, 5Clubs, 2Clubs, KHearts, JHearts, 4Spades.
P2 HAND: 7Diamonds, 3Diamonds, 2Diamonds, 7Clubs, QClubs, 4Clubs, AHearts, 7Hearts, 2Hearts, 7Spades.
P3 HAND: ADiamonds, 4Diamonds, KClubs, 6Clubs, 3Clubs, 6Hearts, 3Hearts, JSpades, QSpades, 6Spades.
P0 4Hearts P1 JHearts P2 2Hearts P3 3Hearts 
P1 AClubs P2 4Clubs P3 KClubs P0 QHearts 
P0 JDiamonds P1 5Diamonds P2 2Diamonds P3 ADiamonds 
P3 3Clubs P0 5Hearts P1 2Clubs P2 7Clubs 
P0 KDiamonds P1 6Diamonds P2 7Diamonds P3 4Diamonds 
P2 3Diamonds P3 6Clubs P0 2Spades P1 QDiamonds 
P1 4Spades P2 7Spades P3 6Spades P0 ASpades 
P0 5Spades P1 5Clubs P2 QClubs P3 JSpades 
P3 QSpades P0 KSpades P1 KHearts P2 7Hearts 
P2 AHearts P3 6Hearts P0 3Spades P1 JClubs 
-- /GAME --
P0 HAND: 6Diamonds, 3Diamonds, 2Diamonds, JClubs, 6Clubs, 2Clubs, AHearts, 7Hearts, 3Hearts, KSpades.
P1 HAND: ADiamonds, KDiamonds, QHearts, 5Hearts, 2Hearts, 7Spades, JSpades, QSpades, 6Spades, 5Spades.
P2 HAND: 7Diamonds, JDiamonds, 5Diamonds, AClubs, 7Clubs, 5Clubs, 6Hearts, 4Hearts, 4Spades, 3Spades.
P3 HAND: QDiamonds, 4Diamonds, KClubs, QClubs, 4Clubs, 3Clubs, KHearts, JHearts, ASpades, 2Spades.
P3 ASpades 
