-- GAME --
P0 HAND: JDiamonds, QDiamonds, QClubs, 3Clubs, KHearts, 5Hearts, 2Hearts, ASpades, 7Spades, 5Spades.
P1 HAND: 4Diamonds, 7Clubs, KClubs, 6Clubs, 7Hearts, 6Hearts, 3Hearts, JSpades, 4Spades, 2Spades.
P2 HAND: ADiamonds, 7Diamonds, KDiamonds, 6Diamonds, 3Diamonds, 2Diamonds, 2Clubs, JHearts, 4Hearts, 3Spades.
P3 HAND: 5Diamonds, AClubs, JClubs, 5Clubs, 4Clubs, AHearts, QHearts, KSpades, QSpades, 6Spades.
P1 3Hearts P2 4Hearts P3 AHearts P0 5Hearts 
P3 AClubs P0 3Clubs P1 7Clubs P2 2Clubs 
P3 4Clubs P0 QClubs P1 KClubs P2 3Spades 
P2 2Diamonds P3 5Diamonds P0 QDiamonds P1 4Diamonds 
P0 2Hearts P1 6Hearts P2 JHearts P3 QHearts 
P2 3Diamonds P3 5Clubs P0 JDiamonds P1 6Clubs 
P0 KHearts P1 7Hearts P2 6Diamonds P3 JClubs 
P1 2Spades P2 KDiamonds P3 6Spades P0 7Spades 
P0 ASpades P1 4Spades P2 ADiamonds P3 QSpades 
P0 5Spades P1 JSpades P2 7Diamonds P3 KSpades 
-- /GAME --
P0 HAND: ADiamonds, QDiamonds, 4Diamonds, 7Clubs, 5Clubs, 4Clubs, 2Clubs, JHearts, 7Spades, QSpades.
P1 HAND: JDiamonds, 5Diamonds, QClubs, AHearts, KHearts, 4Hearts, ASpades, KSpades, 6Spades, 2Spades.
P2 HAND: 7Diamonds, KDiamonds, 2Diamonds, 3Clubs, 7Hearts, 6Hearts, 3Hearts, JSpades, 4Spades, 3Spades.
P3 HAND: 6Diamonds, 3Diamonds, AClubs, KClubs, JClubs, 6Clubs, QHearts, 5Hearts, 2Hearts, 5Spades.
P0 ADiamonds P1 5Diamonds P2 7Diamonds P3 3Diamonds 
P0 QDiamonds P1 JDiamonds P2 KDiamonds P3 6Diamonds 
P2 2Diamonds P3 2Hearts P0 4Diamonds P1 2Spades 
P0 JHearts P1 AHearts P2 3Hearts P3 QHearts 
P1 ASpades P2 3Spades P3 5Spades P0 QSpades 
P1 4Hearts P2 6Hearts P3 5Hearts P0 7Spades 
P2 4Spades P3 6Clubs P0 7Clubs P1 6Spades 
P0 2Clubs P1 QClubs P2 3Clubs P3 JClubs 
P3 KClubs P0 4Clubs P1 KHearts P2 JSpades 
P3 AClubs P0 5Clubs P1 KSpades P2 7Hearts 
-- /GAME --
P0 HAND: JDiamonds, 6Diamonds, AClubs, 7Clubs, 5Clubs, KHearts, JHearts, QHearts, 4Hearts, KSpades.
P1 HAND: 2Diamonds, JClubs, 4Clubs, 6Hearts, ASpades, 7Spades, JSpades, QSpades, 4Spades, 2Spades.
P2 HAND: 5Diamonds, 4Diamonds, 3Diamonds, 6Clubs, 3Clubs, 7Hearts, 5Hearts, 3Hearts, 2Hearts, 5Spades.
P3 HAND: ADiamonds, 7Diamonds, KDiamonds, QDiamonds, KClubs, QClubs, 2Clubs, AHearts, 6Spades, 3Spades.
P3 AHearts P0 4Hearts P1 6Hearts P2 2Hearts 
P3 2Clubs P0 AClubs P1 4Clubs P2 6Clubs 
P0 KSpades P1 2Spades P2 5Spades P3 3Spades 
P0 QHearts P1 4Spades P2 7Hearts P3 QDiamonds 
P3 6Spades P0 JDiamonds P1 QSpades P2 5Hearts 
P0 7Clubs P1 JClubs P2 3Clubs P3 QClubs 
P0 5Clubs P1 2Diamonds P2 3Hearts P3 KClubs 
P1 JSpades P2 3Diamonds P3 KDiamonds P0 JHearts 
P3 7Diamonds P0 6Diamonds P1 7Spades P2 4Diamonds 
P3 ADiamonds P0 KHearts P1 ASpades P2 5Diamonds 
-- /GAME --
P0 HAND: 7Diamonds, JClubs, 6Clubs, 2Clubs, QHearts, 5Hearts, 3Hearts, 2Hearts, ASpades, KSpades.
P1 HAND: 4Diamonds, 2Diamonds, 7Clubs, QClubs, 5Clubs, 3Clubs, AHearts, JHearts, 6Hearts, 6Spades.
P2 HAND: KDiamonds, JDiamonds, QDiamonds, AClubs, 4Clubs, 7Hearts, KHearts, 7Spades, 5Spades, 4Spades.
P3 HAND: ADiamonds, 6Diamonds, 5Diamonds, 3Diamonds, KClubs, 4Hearts, JSpades, QSpades, 3Spades, 2Spades.
P2 AClubs P3 KClubs P0 JClubs P1 3Clubs 
P2 4Clubs P3 2Spades P0 2Clubs P1 7Clubs 
P1 AHearts P2 KHearts P3 4Hearts P0 3Hearts 
P1 5Clubs P2 4Spades P3 3Spades P0 6Clubs 
P0 ASpades P1 6Spades P2 7Spades P3 QSpades 
P0 KSpades P1 6Hearts P2 5Spades P3 JSpades 
P0 QHearts P1 JHearts P2 7Hearts P3 3Diamonds 
P3 5Diamonds P0 7Diamonds P1 2Diamonds P2 QDiamonds 
P0 5Hearts P1 QClubs P2 JDiamonds P3 ADiamonds 
P3 6Diamonds P0 2Hearts P1 4Diamonds P2 KDiamonds 
-- /GAME --
P0 HAND: ADiamonds, KDiamonds, AClubs, KClubs, QClubs, 3Clubs, KHearts, 6Spades, 4Spades, 2Spades.
P1 HAND: 7Diamonds, 6Diamonds, 3Diamonds, 6Clubs, 4Clubs, QHearts, 5Hearts, 2Hearts, 7Spades, 5Spades.
P2 HAND: 4Diamonds, 2Diamonds, JClubs, 2Clubs, 7Hearts, JHearts, ASpades, JSpades, QSpades, 3Spades.
P3 HAND: JDiamonds, QDiamonds, 5Diamonds, 7Clubs, 5Clubs, AHearts, 6Hearts, 4Hearts, 3Hearts, KSpades.
P1 2Hearts P2 JHearts P3 AHearts P0 KHearts 
P3 3Hearts P0 2Spades P1 5Hearts P2 7Hearts 
P0 ADiamonds P1 3Diamonds P2 4Diamonds P3 5Diamonds 
P0 AClubs P1 4Clubs P2 JClubs P3 5Clubs 
P0 KDiamonds P1 6Diamonds P2 2Diamonds P3 QDiamonds 
P0 3Clubs P1 6Clubs P2 2Clubs P3 7Clubs 
P3 4Hearts P0 4Spades P1 QHearts P2 3Spades 
P0 KClubs P1 5Spades P2 QSpades P3 KSpades 
P3 6Hearts P0 6Spades P1 7Spades P2 ASpades 
P2 JSpades P3 JDiamonds P0 QClubs P1 7Diamonds 
-- /GAME --
P0 HAND: KDiamonds, JDiamonds, QDiamonds, 3Diamonds, QClubs, 5Clubs, 3Clubs, 2Clubs, 3Hearts, QSpades.
P1 HAND: 6Diamonds, AClubs, KClubs, JClubs, 4Clubs, KHearts, QHearts, 2Hearts, ASpades, 5Spades.
P2 HAND: 7Diamonds, 4Diamonds, 2Diamonds, 7Hearts, 5Hearts, 4Hearts, 7Spades, JSpades, 4Spades, 3Spades.
P3 HAND: ADiamonds, 5Diamonds, 7Clubs, 6Clubs, AHearts, JHearts, 6Hearts, KSpades, 6Spades, 2Spades.
P0 3Clubs P1 AClubs P2 4Hearts P3 6Clubs 
P2 2Diamonds P3 ADiamonds P0 3Diamonds P1 6Diamonds 
P3 2Spades P0 QSpades P1 ASpades P2 3Spades 
P1 4Clubs P2 4Diamonds P3 7Clubs P0 2Clubs 
P3 5Diamonds P0 KDiamonds P1 5Spades P2 7Diamonds 
P2 4Spades P3 6Spades P0 3Hearts P1 2Hearts 
P0 JDiamonds P1 QHearts P2 7Hearts P3 AHearts 
P3 6Hearts P0 5Clubs P1 KHearts P2 5Hearts 
P1 JClubs P2 JSpades P3 JHearts P0 QClubs 
P3 KSpades P0 QDiamonds P1 KClubs P2 7Spades 
-- /GAME --

