-- GAME --
P0 HAND: ADiamonds, AClubs, JClubs, 6Clubs, JHearts, QHearts, 6Hearts, ASpades, 6Spades, 4Spades.
P1 HAND: JDiamonds, QDiamonds, 4Diamonds, 7Clubs, 5Clubs, 3Clubs, 2Clubs, KSpades, QSpades, 2Spades.
P2 HAND: 6Diamonds, 5Diamonds, 3Diamonds, QClubs, 4Clubs, AHearts, 7Hearts, 2Hearts, JSpades, 5Spades.
P3 HAND: 7Diamonds, KDiamonds, 2Diamonds, KClubs, KHearts, 5Hearts, 4Hearts, 3Hearts, 7Spades, 3Spades.
P3 2Diamonds P0 ADiamonds P1 4Diamonds P2 6Diamonds 
P0 ASpades P1 2Spades P2 JSpades P3 3Spades 
P0 AClubs P1 2Clubs P2 QClubs P3 KClubs 
P0 4Spades P1 QSpades P2 5Spades P3 7Spades 
P3 3Hearts P0 6Hearts P1 3Clubs P2 2Hearts 
P0 JClubs P1 5Clubs P2 4Clubs P3 4Hearts 
P3 5Hearts P0 JHearts P1 QDiamonds P2 7Hearts 
P2 3Diamonds P3 KDiamonds P0 QHearts P1 JDiamonds 
P0 6Spades P1 KSpades P2 5Diamonds P3 7Diamonds 
P1 7Clubs P2 AHearts P3 KHearts P0 6Clubs 
-- /GAME --
P0 HAND: 4Diamonds, AClubs, 4Clubs, JHearts, 6Hearts, 5Hearts, 4Hearts, 3Hearts, JSpades, QSpades.
P1 HAND: ADiamonds, KDiamonds, QDiamonds, 3Diamonds, 2Diamonds, JClubs, 7Hearts, ASpades, 5Spades, 2Spades.
P2 HAND: 7Diamonds, JDiamonds, 6Diamonds, 7Clubs, 5Clubs, 3Clubs, 2Hearts, KSpades, 6Spades, 4Spades.
P3 HAND: 5Diamonds, KClubs, QClubs, 6Clubs, 2Clubs, AHearts, KHearts, QHearts, 7Spades, 3Spades.
P2 2Hearts P3 AHearts P0 3Hearts P1 7Hearts 
P3 2Clubs P0 AClubs P1 JClubs P2 7Clubs 
P0 4Clubs P1 2Spades P2 3Clubs P3 KClubs 
P3 3Spades P0 QSpades P1 ASpades P2 4Spades 
P1 5Spades P2 6Spades P3 7Spades P0 JSpades 
P3 6Clubs P0 4Diamonds P1 2Diamonds P2 5Clubs 
P0 5Hearts P1 3Diamonds P2 6Diamonds P3 QHearts 
P2 JDiamonds P3 5Diamonds P0 6Hearts P1 QDiamonds 
P2 7Diamonds P3 QClubs P0 JHearts P1 ADiamonds 
P1 KDiamonds P2 KSpades P3 KHearts P0 4Hearts 
-- /GAME --
P0 HAND: 7Diamonds, 5Diamonds, 4Diamonds, 6Clubs, KHearts, 5Hearts, 2Hearts, 7Spades, 5Spades, 3Spades.
P1 HAND: KDiamonds, 6Diamonds, 3Diamonds, AClubs, 7Clubs, JClubs, 7Hearts, 6Hearts, 4Hearts, KSpades.
P2 HAND: ADiamonds, QDiamonds, 2Diamonds, 5Clubs, JHearts, QHearts, ASpades, JSpades, 6Spades, 4Spades.
P3 HAND: JDiamonds, KClubs, QClubs, 4Clubs, 3Clubs, 2Clubs, AHearts, 3Hearts, QSpades, 2Spades.
P1 AClubs P2 5Clubs P3 KClubs P0 6Clubs 
P1 3Diamonds P2 ADiamonds P3 JDiamonds P0 7Diamonds 
P2 2Diamonds P3 2Clubs P0 5Diamonds P1 KDiamonds 
P1 4Hearts P2 QHearts P3 AHearts P0 2Hearts 
P3 3Clubs P0 3Spades P1 JClubs P2 JHearts 
P0 4Diamonds P1 6Diamonds P2 QDiamonds P3 3Hearts 
P2 4Spades P3 2Spades P0 7Spades P1 KSpades 
P0 5Spades P1 6Hearts P2 6Spades P3 QSpades 
P3 4Clubs P0 KHearts P1 7Clubs P2 JSpades 
P2 ASpades P3 QClubs P0 5Hearts P1 7Hearts 
-- /GAME --
P0 HAND: 7Diamonds, 2Diamonds, AClubs, JClubs, 6Clubs, 4Clubs, QHearts, 2Hearts, 7Spades, KSpades.
P1 HAND: JDiamonds, 6Diamonds, 3Diamonds, 5Clubs, 3Clubs, 7Hearts, 6Hearts, JSpades, 3Spades, 2Spades.
P2 HAND: ADiamonds, KDiamonds, QDiamonds, 4Diamonds, 7Clubs, 2Clubs, 5Hearts, 4Hearts, 3Hearts, QSpades.
P3 HAND: 5Diamonds, KClubs, QClubs, AHearts, KHearts, JHearts, ASpades, 6Spades, 5Spades, 4Spades.
P0 AClubs P1 3Clubs P2 7Clubs P3 QClubs 
P0 2Hearts P1 6Hearts P2 3Hearts P3 AHearts 
P3 5Diamonds P0 2Diamonds P1 3Diamonds P2 ADiamonds 
P2 2Clubs P3 KClubs P0 4Clubs P1 5Clubs 
P3 JHearts P0 QHearts P1 7Hearts P2 4Hearts 
P1 6Diamonds P2 4Diamonds P3 4Spades P0 7Diamonds 
P3 5Spades P0 7Spades P1 2Spades P2 QSpades 
P0 JClubs P1 3Spades P2 5Hearts P3 KHearts 
P1 JDiamonds P2 QDiamonds P3 6Spades P0 KSpades 
P0 6Clubs P1 JSpades P2 KDiamonds P3 ASpades 
-- /GAME --
P0 HAND: 7Diamonds, AClubs, KClubs, JClubs, 6Clubs, 4Clubs, AHearts, 4Hearts, 2Hearts, 4Spades.
P1 HAND: 6Diamonds, 4Diamonds, 2Diamonds, 7Clubs, 5Clubs, 7Hearts, 6Hearts, KSpades, 6Spades, 2Spades.
P2 HAND: KDiamonds, JDiamonds, QDiamonds, KHearts, JHearts, 5Hearts, 7Spades, JSpades, 5Spades, 3Spades.
P3 HAND: ADiamonds, 5Diamonds, 3Diamonds, QClubs, 3Clubs, 2Clubs, QHearts, 3Hearts, ASpades, QSpades.
P3 ADiamonds P0 7Diamonds P1 6Diamonds P2 QDiamonds 
P3 ASpades P0 4Spades P1 KSpades P2 3Spades 
P3 2Clubs P0 AClubs P1 5Clubs P2 7Spades 
P0 KClubs P1 7Clubs P2 5Hearts P3 3Clubs 
P2 5Spades P3 QSpades P0 2Hearts P1 2Spades 
P0 JClubs P1 2Diamonds P2 KDiamonds P3 QClubs 
P0 6Clubs P1 4Diamonds P2 JHearts P3 3Diamonds 
P2 JDiamonds P3 5Diamonds P0 4Hearts P1 6Spades 
P0 4Clubs P1 6Hearts P2 KHearts P3 3Hearts 
P2 JSpades P3 QHearts P0 AHearts P1 7Hearts 
-- /GAME --
P0 HAND: 6Diamonds, 5Diamonds, AClubs, 6Clubs, 7Hearts, KHearts, ASpades, 7Spades, KSpades, 3Spades.
P1 HAND: JDiamonds, 3Diamonds, JClubs, 4Clubs, 3Clubs, AHearts, JHearts, 6Hearts, 5Spades, 4Spades.
P2 HAND: ADiamonds, 7Diamonds, KDiamonds, 4Diamonds, 2Diamonds, KClubs, 5Clubs, 2Clubs, 4Hearts, 2Hearts.
P3 HAND: QDiamonds, 7Clubs, QClubs, QHearts, 5Hearts, 3Hearts, JSpades, QSpades, 6Spades, 2Spades.
P3 2Spades 
