-- GAME --
P0 HAND: KDiamonds, QDiamonds, 5Diamonds, JClubs, 6Clubs, 3Clubs, 7Hearts, JHearts, 7Spades, 3Spades.
P1 HAND: 7Diamonds, JDiamonds, 2Diamonds, KClubs, QClubs, 2Clubs, 6Hearts, 4Hearts, 2Hearts, 5Spades.
P2 HAND: 4Diamonds, 4Clubs, AHearts, KHearts, 3Hearts, ASpades, KSpades, JSpades, QSpades, 4Spades.
P3 HAND: ADiamonds, 6Diamonds, 3Diamonds, AClubs, 7Clubs, 5Clubs, QHearts, 5Hearts, 6Spades, 2Spades.
P3 ADiamonds P0 5Diamonds P1 7Diamonds P2 4Diamonds 
P3 AClubs P0 3Clubs P1 KClubs P2 4Clubs 
P3 3Diamonds P0 KDiamonds P1 2Diamonds P2 AHearts 
P0 7Hearts P1 2Hearts P2 KHearts P3 5Hearts 
P0 JHearts P1 4Hearts P2 3Hearts P3 QHearts 
P0 QDiamonds P1 JDiamonds P2 4Spades P3 6Diamonds 
P2 QSpades P3 2Spades P0 3Spades P1 5Spades 
P2 JSpades P3 6Spades P0 7Spades P1 2Clubs 
P0 6Clubs P1 QClubs P2 KSpades P3 5Clubs 
P2 ASpades P3 7Clubs P0 JClubs P1 6Hearts 
-- /GAME --
P0 HAND: ADiamonds, KDiamonds, 5Diamonds, AClubs, QClubs, 6Clubs, 5Clubs, QHearts, 5Hearts, 4Hearts.
P1 HAND: JClubs, 4Clubs, 2Clubs, 7Hearts, JHearts, 6Hearts, ASpades, KSpades, 6Spades, 2Spades.
P2 HAND: 6Diamonds, 4Diamonds, 3Diamonds, 2Diamonds, KClubs, AHearts, KHearts, 2Hearts, QSpades, 4Spades.
P3 HAND: 7Diamonds, JDiamonds, QDiamonds, 7Clubs, 3Clubs, 3Hearts, 7Spades, JSpades, 5Spades, 3Spades.
P2 AHearts P3 3Hearts P0 QHearts P1 6Hearts 
P2 2Diamonds P3 QDiamonds P0 ADiamonds P1 2Clubs 
P1 ASpades P2 4Spades P3 7Spades P0 5Clubs 
P0 KDiamonds P1 2Spades P2 3Diamonds P3 7Diamonds 
P3 3Spades P0 5Diamonds P1 KSpades P2 QSpades 
P1 6Spades P2 2Hearts P3 5Spades P0 4Hearts 
P1 JHearts P2 KHearts P3 3Clubs P0 5Hearts 
P3 JDiamonds P0 6Clubs P1 4Clubs P2 6Diamonds 
P0 QClubs P1 JClubs P2 KClubs P3 7Clubs 
P3 JSpades P0 AClubs P1 7Hearts P2 4Diamonds 
-- /GAME --
P0 HAND: 7Diamonds, KDiamonds, 6Diamonds, AClubs, 6Clubs, 5Clubs, ASpades, KSpades, JSpades, 6Spades.
P1 HAND: QDiamonds, 5Diamonds, 4Diamonds, 2Diamonds, QClubs, KHearts, 3Hearts, QSpades, 5Spades, 2Spades.
P2 HAND: 3Diamonds, 7Clubs, KClubs, 4Clubs, 3Clubs, 7Hearts, QHearts, 2Hearts, 7Spades, 4Spades.
P3 HAND: ADiamonds, JDiamonds, JClubs, 2Clubs, AHearts, JHearts, 6Hearts, 5Hearts, 4Hearts, 3Spades.
P1 2Diamonds P2 3Diamonds P3 ADiamonds P0 6Diamonds 
P3 2Clubs P0 AClubs P1 QClubs P2 7Clubs 
P0 5Clubs P1 3Hearts P2 KClubs P3 JClubs 
P2 2Hearts P3 4Hearts P0 6Clubs P1 KHearts 
P1 4Diamonds P2 3Clubs P3 JDiamonds P0 7Diamonds 
P0 6Spades P1 2Spades P2 4Spades P3 3Spades 
P0 ASpades P1 5Spades P2 7Spades P3 5Hearts 
P0 KSpades P1 QSpades P2 4Clubs P3 6Hearts 
P0 KDiamonds P1 5Diamonds P2 QHearts P3 JHearts 
P0 JSpades P1 QDiamonds P2 7Hearts P3 AHearts 
-- /GAME --
P0 HAND: ADiamonds, 5Diamonds, 2Diamonds, AClubs, AHearts, KHearts, QHearts, 5Hearts, KSpades, 4Spades.
P1 HAND: 7Diamonds, KDiamonds, 4Diamonds, 3Diamonds, KClubs, 6Hearts, 2Hearts, ASpades, 7Spades, 3Spades.
P2 HAND: QDiamonds, 7Clubs, JClubs, QClubs, 6Clubs, 5Clubs, 4Clubs, 4Hearts, 6Spades, 5Spades.
P3 HAND: JDiamonds, 6Diamonds, 3Clubs, 2Clubs, 7Hearts, JHearts, 3Hearts, JSpades, QSpades, 2Spades.
P2 4Clubs P3 2Clubs P0 AClubs P1 KClubs 
P0 AHearts P1 2Hearts P2 4Hearts P3 3Hearts 
P0 4Spades P1 ASpades P2 5Spades P3 JSpades 
P1 3Spades P2 6Spades P3 2Spades P0 KSpades 
P0 5Hearts P1 6Hearts P2 5Clubs P3 7Hearts 
P3 3Clubs P0 2Diamonds P1 3Diamonds P2 6Clubs 
P1 4Diamonds P2 QDiamonds P3 6Diamonds P0 5Diamonds 
P2 QClubs P3 QSpades P0 QHearts P1 KDiamonds 
P1 7Diamonds P2 JClubs P3 JDiamonds P0 ADiamonds 
P0 KHearts P1 7Spades P2 7Clubs P3 JHearts 
-- /GAME --
P0 HAND: 7Diamonds, 3Diamonds, AClubs, 6Clubs, 4Clubs, QHearts, 6Hearts, 3Hearts, 7Spades, 5Spades.
P1 HAND: ADiamonds, KDiamonds, 5Diamonds, 5Clubs, AHearts, KHearts, 5Hearts, KSpades, QSpades, 6Spades.
P2 HAND: 6Diamonds, 7Clubs, JClubs, 3Clubs, 2Clubs, JHearts, 2Hearts, JSpades, 4Spades, 3Spades.
P3 HAND: JDiamonds, QDiamonds, 4Diamonds, 2Diamonds, KClubs, QClubs, 7Hearts, 4Hearts, ASpades, 2Spades.
P1 ADiamonds P2 6Diamonds P3 JDiamonds P0 3Diamonds 
P1 5Diamonds P2 2Clubs P3 2Diamonds P0 7Diamonds 
P0 AClubs P1 5Clubs P2 7Clubs P3 QClubs 
P0 4Clubs P1 6Spades P2 3Clubs P3 KClubs 
P3 ASpades P0 5Spades P1 KSpades P2 3Spades 
P3 2Spades P0 7Spades P1 QSpades P2 JSpades 
P0 6Clubs P1 5Hearts P2 JClubs P3 QDiamonds 
P1 KHearts P2 2Hearts P3 4Hearts P0 3Hearts 
P1 AHearts P2 JHearts P3 7Hearts P0 6Hearts 
P1 KDiamonds P2 4Spades P3 4Diamonds P0 QHearts 
-- /GAME --
P0 HAND: ADiamonds, JDiamonds, 5Diamonds, 2Diamonds, QClubs, 7Hearts, 5Hearts, QSpades, 6Spades, 2Spades.
P1 HAND: 7Diamonds, KDiamonds, 3Diamonds, 7Clubs, KClubs, JClubs, 6Clubs, 3Clubs, 3Hearts, 3Spades.
P2 HAND: QDiamonds, AClubs, 5Clubs, 4Clubs, KHearts, JHearts, 2Hearts, ASpades, KSpades, 5Spades.
P3 HAND: 6Diamonds, 4Diamonds, 2Clubs, AHearts, QHearts, 6Hearts, 4Hearts, 7Spades, JSpades, 4Spades.
P0 7Hearts P1 3Hearts P2 2Hearts P3 AHearts 

