-- GAME --
P0 HAND: KDiamonds, JDiamonds, AClubs, QClubs, 6Clubs, QHearts, 7Spades, KSpades, 6Spades, 2Spades.
P1 HAND: 7Diamonds, 3Diamonds, JClubs, 2Clubs, AHearts, 7Hearts, KHearts, 4Hearts, 3Hearts, 3Spades.
P2 HAND: 5Diamonds, 4Diamonds, 2Diamonds, KClubs, 4Clubs, 3Clubs, 6Hearts, 5Hearts, 2Hearts, QSpades.
P3 HAND: ADiamonds, QDiamonds, 6Diamonds, 7Clubs, 5Clubs, JHearts, ASpades, JSpades, 5Spades, 4Spades.
P2 2Diamonds P3 ADiamonds P0 JDiamonds P1 7Diamonds 
P3 5Clubs P0 AClubs P1 2Clubs P2 KClubs 
P0 KDiamonds P1 3Diamonds P2 5Diamonds P3 6Diamonds 
P0 QClubs P1 JClubs P2 3Clubs P3 7Clubs 
P3 QDiamonds P0 QHearts P1 3Hearts P2 4Diamonds 
P3 JHearts P0 KSpades P1 4Hearts P2 6Hearts 
P0 6Clubs P1 3Spades P2 4Clubs P3 4Spades 
P3 5Spades P0 2Spades P1 KHearts P2 QSpades 
P2 2Hearts P3 JSpades P0 7Spades P1 7Hearts 
P0 6Spades P1 AHearts P2 5Hearts P3 ASpades 
-- /GAME --
P0 HAND: 7Diamonds, KDiamonds, 4Diamonds, 7Clubs, 5Clubs, 7Hearts, 7Spades, QSpades, 5Spades, 4Spades.
P1 HAND: QDiamonds, 6Diamonds, 2Diamonds, QClubs, 2Clubs, JHearts, 6Hearts, 2Hearts, JSpades, 2Spades.
P2 HAND: ADiamonds, 5Diamonds, 3Diamonds, AClubs, 6Clubs, 4Clubs, 3Clubs, AHearts, ASpades, 3Spades.
P3 HAND: JDiamonds, KClubs, JClubs, KHearts, QHearts, 5Hearts, 4Hearts, 3Hearts, KSpades, 6Spades.
P1 2Diamonds P2 ADiamonds P3 JDiamonds P0 7Diamonds 
P2 AClubs P3 JClubs P0 7Clubs P1 2Clubs 
P2 AHearts P3 3Hearts P0 7Hearts P1 2Hearts 
P2 3Diamonds P3 4Hearts P0 KDiamonds P1 6Diamonds 
P0 4Diamonds P1 QDiamonds P2 5Diamonds P3 KClubs 
P1 6Hearts P2 3Clubs P3 5Hearts P0 5Clubs 
P1 QClubs P2 4Clubs P3 QHearts P0 7Spades 
P0 QSpades P1 2Spades P2 3Spades P3 6Spades 
P0 5Spades P1 JSpades P2 ASpades P3 KSpades 
P2 6Clubs P3 KHearts P0 4Spades P1 JHearts 
-- /GAME --
P0 HAND: JDiamonds, QDiamonds, 5Diamonds, AHearts, 4Hearts, 3Hearts, 2Hearts, 7Spades, KSpades, JSpades.
P1 HAND: ADiamonds, 3Diamonds, 7Clubs, JClubs, 2Clubs, KHearts, ASpades, QSpades, 5Spades, 3Spades.
P2 HAND: KDiamonds, 4Diamonds, 2Diamonds, 6Clubs, 4Clubs, 3Clubs, JHearts, QHearts, 5Hearts, 4Spades.
P3 HAND: 7Diamonds, 6Diamonds, AClubs, KClubs, QClubs, 5Clubs, 7Hearts, 6Hearts, 6Spades, 2Spades.
P0 AHearts P1 KHearts P2 JHearts P3 6Hearts 
P0 4Hearts P1 2Clubs P2 5Hearts P3 7Hearts 
P3 2Spades P0 JSpades P1 ASpades P2 4Spades 
P1 3Spades P2 3Clubs P3 6Spades P0 7Spades 
P0 KSpades P1 5Spades P2 4Clubs P3 5Clubs 
P0 3Hearts P1 QSpades P2 QHearts P3 QClubs 
P2 6Clubs P3 KClubs P0 QDiamonds P1 JClubs 
P0 2Hearts P1 3Diamonds P2 2Diamonds P3 AClubs 
P1 ADiamonds P2 4Diamonds P3 6Diamonds P0 5Diamonds 
P1 7Clubs P2 KDiamonds P3 7Diamonds P0 JDiamonds 
-- /GAME --
P0 HAND: 7Diamonds, JDiamonds, KClubs, JClubs, QClubs, 7Hearts, 6Hearts, 3Hearts, 7Spades, QSpades.
P1 HAND: 6Diamonds, 5Diamonds, AClubs, 7Clubs, 3Clubs, 2Clubs, QHearts, 5Hearts, ASpades, 6Spades.
P2 HAND: 4Diamonds, 6Clubs, 4Clubs, AHearts, KHearts, 4Hearts, 5Spades, 4Spades, 3Spades, 2Spades.
P3 HAND: ADiamonds, KDiamonds, QDiamonds, 3Diamonds, 2Diamonds, 5Clubs, JHearts, 2Hearts, KSpades, JSpades.
P3 2Diamonds P0 JDiamonds P1 5Diamonds P2 4Diamonds 
P0 3Hearts P1 5Hearts P2 AHearts P3 2Hearts 
P2 4Clubs P3 5Clubs P0 QClubs P1 AClubs 
P1 2Clubs P2 6Clubs P3 3Diamonds P0 KClubs 
P0 JClubs P1 3Clubs P2 4Hearts P3 QDiamonds 
P0 7Diamonds P1 6Diamonds P2 2Spades P3 KDiamonds 
P2 3Spades P3 JSpades P0 7Spades P1 ASpades 
P1 QHearts P2 KHearts P3 JHearts P0 7Hearts 
P0 QSpades P1 6Spades P2 4Spades P3 KSpades 
P3 ADiamonds P0 6Hearts P1 7Clubs P2 5Spades 
-- /GAME --

