-- GAME --
P0 HAND: ADiamonds, KDiamonds, 6Diamonds, 2Diamonds, KClubs, 7Hearts, 6Hearts, 4Hearts, 3Hearts, 2Spades.
P1 HAND: 5Diamonds, 7Clubs, 6Clubs, 5Clubs, 4Clubs, 2Clubs, 5Hearts, KSpades, 4Spades, 3Spades.
P2 HAND: 7Diamonds, 4Diamonds, QClubs, KHearts, 2Hearts, ASpades, 7Spades, JSpades, 6Spades, 5Spades.
P3 HAND: JDiamonds, QDiamonds, 3Diamonds, AClubs, JClubs, 3Clubs, AHearts, JHearts, QHearts, QSpades.
P3 AHearts P0 3Hearts P1 5Hearts P2 2Hearts 
P3 3Diamonds P0 ADiamonds P1 5Diamonds P2 7Diamonds 
P0 KDiamonds P1 3Spades P2 4Diamonds P3 QDiamonds 
P0 7Hearts P1 2Clubs P2 KHearts P3 JHearts 
P1 4Spades P2 5Spades P3 QSpades P0 2Spades 
P3 QHearts P0 4Hearts P1 4Clubs P2 6Spades 
P1 5Clubs P2 QClubs P3 3Clubs P0 KClubs 
P0 6Hearts P1 6Clubs P2 JSpades P3 JDiamonds 
P1 7Clubs P2 7Spades P3 JClubs P0 2Diamonds 
P1 KSpades P2 ASpades P3 AClubs P0 6Diamonds 
-- /GAME --
P0 HAND: ADiamonds, JDiamonds, AClubs, JClubs, 3Clubs, 6Hearts, 5Hearts, 2Hearts, 7Spades, QSpades.
P1 HAND: 7Diamonds, 4Diamonds, 3Diamonds, 2Diamonds, AHearts, QHearts, JSpades, 5Spades, 4Spades, 3Spades.
P2 HAND: 6Diamonds, 5Diamonds, KClubs, QClubs, 5Clubs, 4Clubs, JHearts, 3Hearts, KSpades, 6Spades.
P3 HAND: KDiamonds, QDiamonds, 7Clubs, 6Clubs, 2Clubs, 7Hearts, KHearts, 4Hearts, ASpades, 2Spades.
P2 3Hearts P3 4Hearts P0 2Hearts P1 AHearts 
P1 2Diamonds P2 5Diamonds P3 QDiamonds P0 JDiamonds 
P0 ADiamonds P1 3Diamonds P2 6Diamonds P3 KDiamonds 
P0 5Hearts P1 QHearts P2 JHearts P3 7Hearts 
P3 2Clubs P0 JClubs P1 4Diamonds P2 KClubs 
P2 4Clubs P3 6Clubs P0 3Clubs P1 7Diamonds 
P3 2Spades P0 QSpades P1 3Spades P2 6Spades 
P0 6Hearts P1 4Spades P2 5Clubs P3 KHearts 
P1 5Spades P2 KSpades P3 ASpades P0 7Spades 
P3 7Clubs P0 AClubs P1 JSpades P2 QClubs 
-- /GAME --
P0 HAND: 4Diamonds, AClubs, 6Clubs, 3Clubs, KHearts, QHearts, 2Hearts, ASpades, KSpades, 5Spades.
P1 HAND: ADiamonds, QDiamonds, 5Diamonds, 7Hearts, 5Hearts, 4Hearts, JSpades, QSpades, 6Spades, 4Spades.
P2 HAND: 7Diamonds, KDiamonds, JDiamonds, 6Diamonds, 3Diamonds, 2Diamonds, 4Clubs, JHearts, 7Spades, 2Spades.
P3 HAND: 7Clubs, KClubs, JClubs, QClubs, 5Clubs, 2Clubs, AHearts, 6Hearts, 3Hearts, 3Spades.
P1 ADiamonds P2 2Diamonds P3 7Clubs P0 4Diamonds 
P1 4Spades P2 2Spades P3 3Spades P0 KSpades 
P0 2Hearts P1 4Hearts P2 JHearts P3 3Hearts 
P2 3Diamonds P3 2Clubs P0 5Spades P1 QDiamonds 
P1 5Diamonds P2 6Diamonds P3 5Clubs P0 ASpades 
P2 4Clubs P3 QClubs P0 AClubs P1 5Hearts 
P1 6Spades P2 7Spades P3 6Hearts P0 KHearts 
P0 6Clubs P1 QSpades P2 JDiamonds P3 KClubs 
P3 JClubs P0 3Clubs P1 7Hearts P2 KDiamonds 
P1 JSpades P2 7Diamonds P3 AHearts P0 QHearts 
-- /GAME --
P0 HAND: 5Diamonds, 7Clubs, QClubs, 4Clubs, AHearts, 7Hearts, JHearts, 3Hearts, QSpades, 6Spades.
P1 HAND: ADiamonds, JDiamonds, 4Diamonds, 3Diamonds, JClubs, 3Clubs, QHearts, 7Spades, 4Spades, 3Spades.
P2 HAND: KDiamonds, 6Diamonds, 2Diamonds, 6Clubs, 5Clubs, KHearts, 5Hearts, KSpades, JSpades, 2Spades.
P3 HAND: 7Diamonds, QDiamonds, AClubs, KClubs, 2Clubs, 6Hearts, 4Hearts, 2Hearts, ASpades, 5Spades.
P2 2Diamonds P3 QDiamonds P0 5Diamonds P1 ADiamonds 
P1 3Diamonds P2 6Diamonds P3 7Diamonds P0 JHearts 
P0 3Hearts P1 QHearts P2 5Hearts P3 2Hearts 
P1 3Clubs P2 5Clubs P3 AClubs P0 4Clubs 
P3 ASpades P0 6Spades P1 7Spades P2 2Spades 
P3 2Clubs P0 QClubs P1 JClubs P2 6Clubs 
P1 3Spades P2 JSpades P3 5Spades P0 QSpades 
P2 KHearts P3 4Hearts P0 AHearts P1 4Diamonds 
P0 7Hearts P1 4Spades P2 KDiamonds P3 6Hearts 
P0 7Clubs P1 JDiamonds P2 KSpades P3 KClubs 
-- /GAME --
P0 HAND: ADiamonds, 7Diamonds, 3Diamonds, 7Clubs, 6Clubs, 4Clubs, JHearts, 5Hearts, KSpades, QSpades.
P1 HAND: JDiamonds, 6Diamonds, 2Diamonds, AClubs, JClubs, KHearts, 2Hearts, ASpades, 6Spades, 5Spades.
P2 HAND: KDiamonds, QDiamonds, 4Diamonds, KClubs, 5Clubs, 3Clubs, AHearts, 6Hearts, 7Spades, JSpades.
P3 HAND: 5Diamonds, QClubs, 2Clubs, 7Hearts, QHearts, 4Hearts, 3Hearts, 4Spades, 3Spades, 2Spades.
P1 AClubs P2 3Clubs P3 QClubs P0 4Clubs 
P1 ASpades P2 JSpades P3 4Spades 
