-- GAME --
P0 HAND: 3Diamonds, KClubs, KHearts, JHearts, QHearts, 5Hearts, 3Hearts, 2Hearts, ASpades, JSpades.
P1 HAND: ADiamonds, AClubs, 7Clubs, 5Clubs, 2Clubs, 6Hearts, 7Spades, QSpades, 5Spades, 3Spades.
P2 HAND: JDiamonds, 4Diamonds, 2Diamonds, JClubs, QClubs, 6Clubs, 3Clubs, KSpades, 6Spades, 4Spades.
P3 HAND: 7Diamonds, KDiamonds, QDiamonds, 6Diamonds, 5Diamonds, 4Clubs, AHearts, 7Hearts, 4Hearts, 2Spades.
P3 AHearts P0 2Hearts P1 6Hearts P2 3Clubs 
P2 2Diamonds P3 5Diamonds P0 3Diamonds P1 ADiamonds 
P1 3Spades P2 4Spades P3 2Spades P0 JSpades 
P0 ASpades P1 5Spades P2 KSpades P3 4Clubs 
P3 4Hearts P0 KHearts P1 QSpades P2 JDiamonds 
P0 JHearts P1 2Clubs P2 4Diamonds P3 7Hearts 
P1 5Clubs P2 6Clubs P3 6Diamonds P0 KClubs 
P0 QHearts P1 7Clubs P2 6Spades P3 7Diamonds 
P1 AClubs P2 QClubs P3 QDiamonds P0 3Hearts 
P1 7Spades P2 JClubs P3 KDiamonds P0 5Hearts 
-- /GAME --
P0 HAND: KDiamonds, QDiamonds, 7Clubs, KClubs, QClubs, 6Clubs, 3Clubs, ASpades, 7Spades, 6Spades.
P1 HAND: ADiamonds, JClubs, 2Clubs, KHearts, 6Hearts, 5Hearts, KSpades, 5Spades, 3Spades, 2Spades.
P2 HAND: 5Diamonds, 4Diamonds, 2Diamonds, 5Clubs, 4Clubs, AHearts, JHearts, QHearts, QSpades, 4Spades.
P3 HAND: 7Diamonds, JDiamonds, 6Diamonds, 3Diamonds, AClubs, 7Hearts, 4Hearts, 3Hearts, 2Hearts, JSpades.
P2 2Diamonds P3 3Diamonds P0 QDiamonds P1 ADiamonds 
P1 2Clubs P2 4Clubs P3 AClubs P0 3Clubs 
P3 6Diamonds P0 KDiamonds P1 2Spades P2 5Diamonds 
P0 ASpades P1 3Spades P2 QSpades P3 JSpades 
P0 7Spades P1 5Spades P2 4Spades P3 2Hearts 
P3 JDiamonds P0 6Spades P1 5Hearts P2 4Diamonds 
P1 JClubs P2 5Clubs P3 3Hearts P0 6Clubs 
P3 4Hearts P0 QClubs P1 6Hearts P2 QHearts 
P2 JHearts P3 7Hearts P0 KClubs P1 KHearts 
P3 7Diamonds P0 7Clubs P1 KSpades P2 AHearts 
-- /GAME --
P0 HAND: KClubs, 6Clubs, 5Clubs, JHearts, QHearts, 6Hearts, 3Hearts, KSpades, QSpades, 5Spades.
P1 HAND: KDiamonds, QDiamonds, 6Diamonds, 5Diamonds, 4Diamonds, 3Diamonds, AHearts, 5Hearts, ASpades, 2Spades.
P2 HAND: JClubs, QClubs, 4Clubs, 3Clubs, 7Hearts, KHearts, 4Hearts, 7Spades, JSpades, 4Spades.
P3 HAND: ADiamonds, 7Diamonds, JDiamonds, 2Diamonds, AClubs, 7Clubs, 2Clubs, 2Hearts, 6Spades, 3Spades.
P1 AHearts P2 4Hearts P3 2Hearts P0 3Hearts 
P1 3Diamonds P2 3Clubs P3 ADiamonds P0 KSpades 
P0 6Hearts P1 5Hearts P2 7Hearts P3 3Spades 
P3 AClubs P0 5Clubs P1 KDiamonds P2 4Clubs 
P3 2Diamonds P0 JHearts P1 4Diamonds P2 QClubs 
P1 5Diamonds P2 4Spades P3 JDiamonds P0 KClubs 
P2 JClubs P3 2Clubs P0 6Clubs P1 6Diamonds 
P2 JSpades P3 6Spades P0 QSpades P1 ASpades 
P1 QDiamonds P2 7Spades P3 7Diamonds P0 QHearts 
P2 KHearts P3 7Clubs P0 5Spades P1 2Spades 
-- /GAME --
P0 HAND: 7Diamonds, JDiamonds, 6Diamonds, 5Diamonds, JHearts, 4Hearts, 2Hearts, 7Spades, 4Spades, 2Spades.
P1 HAND: 2Diamonds, 7Clubs, QClubs, 5Clubs, 4Clubs, 2Clubs, AHearts, KHearts, 6Hearts, 6Spades.
P2 HAND: 4Diamonds, 3Diamonds, 6Clubs, 7Hearts, QHearts, 5Hearts, ASpades, JSpades, QSpades, 5Spades.
P3 HAND: ADiamonds, KDiamonds, QDiamonds, AClubs, KClubs, JClubs, 3Clubs, 3Hearts, KSpades, 3Spades.
P0 2Hearts P1 AHearts P2 5Hearts P3 3Hearts 
P1 2Clubs P2 6Clubs P3 AClubs P0 JDiamonds 
P0 4Hearts P1 6Hearts P2 7Hearts P3 QDiamonds 
P3 3Clubs P0 5Diamonds P1 4Clubs P2 ASpades 
P0 7Spades P1 6Spades P2 JSpades P3 3Spades 
P0 JHearts P1 KHearts P2 QHearts P3 KClubs 
P1 5Clubs P2 5Spades P3 JClubs P0 2Spades 
P3 KDiamonds P0 7Diamonds P1 2Diamonds P2 3Diamonds 
P0 4Spades P1 QClubs P2 QSpades P3 KSpades 
P3 ADiamonds P0 6Diamonds P1 7Clubs P2 4Diamonds 
-- /GAME --

