-- GAME --
P0 HAND: ADiamonds, 7Diamonds, 3Diamonds, KClubs, QClubs, 5Clubs, JHearts, 5Hearts, 7Spades, 5Spades.
P1 HAND: JClubs, 3Clubs, 2Clubs, QHearts, 6Hearts, 3Hearts, ASpades, KSpades, QSpades, 3Spades.
P2 HAND: JDiamonds, 6Diamonds, 2Diamonds, 6Clubs, 4Clubs, AHearts, 2Hearts, JSpades, 4Spades, 2Spades.
P3 HAND: KDiamonds, QDiamonds, 5Diamonds, 4Diamonds, AClubs, 7Clubs, 7Hearts, KHearts, 4Hearts, 6Spades.
P1 ASpades P2 2Spades P3 6Spades P0 5Spades 
P1 2Clubs P2 4Clubs P3 AClubs P0 5Clubs 
P3 4Hearts P0 5Hearts P1 3Hearts P2 AHearts 
P2 2Hearts P3 KHearts P0 JHearts P1 QHearts 
P3 4Diamonds P0 3Diamonds P1 3Clubs P2 2Diamonds 
P3 5Diamonds P0 ADiamonds P1 3Spades P2 6Diamonds 
P0 7Diamonds P1 6Hearts P2 JDiamonds P3 QDiamonds 
P0 7Spades P1 QSpades P2 4Spades P3 KDiamonds 
P3 7Clubs P0 QClubs P1 JClubs P2 6Clubs 
P3 7Hearts P0 KClubs P1 KSpades P2 JSpades 
-- /GAME --
P0 HAND: ADiamonds, QDiamonds, AClubs, JClubs, 6Clubs, 2Clubs, 6Hearts, ASpades, JSpades, 4Spades.
P1 HAND: 4Diamonds, 2Diamonds, 4Clubs, 3Clubs, 4Hearts, 2Hearts, 7Spades, 6Spades, 3Spades, 2Spades.
P2 HAND: 7Diamonds, JDiamonds, 3Diamonds, 7Clubs, KClubs, 7Hearts, QHearts, 5Hearts, 3Hearts, KSpades.
P3 HAND: KDiamonds, 6Diamonds, 5Diamonds, QClubs, 5Clubs, AHearts, KHearts, JHearts, QSpades, 5Spades.
P0 6Hearts P1 2Hearts P2 3Hearts P3 AHearts 
P3 5Diamonds P0 QDiamonds P1 2Diamonds P2 7Diamonds 
P2 3Diamonds P3 6Diamonds P0 ADiamonds P1 4Diamonds 
P0 AClubs P1 3Clubs P2 7Clubs P3 5Clubs 
P0 6Clubs P1 4Clubs P2 KClubs P3 QClubs 
P2 5Hearts P3 JHearts P0 2Clubs P1 4Hearts 
P3 5Spades P0 4Spades P1 2Spades P2 KSpades 
P2 QHearts P3 KHearts P0 JSpades P1 7Spades 
P1 3Spades P2 JDiamonds P3 QSpades P0 ASpades 
P0 JClubs P1 6Spades P2 7Hearts P3 KDiamonds 
-- /GAME --
P0 HAND: QDiamonds, 6Diamonds, 4Diamonds, KClubs, JClubs, QClubs, QHearts, KSpades, 5Spades, 2Spades.
P1 HAND: 7Diamonds, 3Diamonds, 2Diamonds, 3Clubs, JHearts, 5Hearts, 4Hearts, JSpades, QSpades, 6Spades.
P2 HAND: AClubs, 6Clubs, 2Clubs, AHearts, 7Hearts, KHearts, 6Hearts, 7Spades, 4Spades, 3Spades.
P3 HAND: ADiamonds, KDiamonds, JDiamonds, 5Diamonds, 7Clubs, 5Clubs, 4Clubs, 3Hearts, 2Hearts, ASpades.
P3 ADiamonds 
