-- GAME --
P0 HAND: 4Diamonds, 7Clubs, JClubs, AHearts, 7Hearts, KHearts, 6Hearts, 4Hearts, 5Spades, 2Spades.
P1 HAND: QDiamonds, 3Diamonds, 2Diamonds, AClubs, 2Clubs, 2Hearts, ASpades, JSpades, QSpades, 4Spades.
P2 HAND: ADiamonds, 7Diamonds, KDiamonds, 6Diamonds, 5Diamonds, KClubs, 4Clubs, QHearts, 3Hearts, KSpades.
P3 HAND: JDiamonds, QClubs, 6Clubs, 5Clubs, 3Clubs, JHearts, 5Hearts, 7Spades, 6Spades, 3Spades.
P1 AClubs P2 4Clubs P3 QClubs P0 JClubs 
P1 ASpades P2 KSpades P3 7Spades P0 2Spades 
P1 2Clubs P2 KClubs P3 3Clubs P0 7Clubs 
P0 AHearts P1 2Hearts P2 QHearts P3 5Hearts 
P0 5Spades P1 4Spades P2 3Hearts P3 6Spades 
P3 3Spades P0 4Diamonds P1 QSpades P2 5Diamonds 
P2 6Diamonds P3 JDiamonds P0 4Hearts P1 2Diamonds 
P3 5Clubs P0 6Hearts P1 3Diamonds P2 KDiamonds 
P2 7Diamonds P3 6Clubs P0 KHearts P1 QDiamonds 
P2 ADiamonds P3 JHearts P0 7Hearts P1 JSpades 
-- /GAME --
P0 HAND: KDiamonds, 4Diamonds, KClubs, 5Clubs, AHearts, JHearts, QHearts, ASpades, KSpades, 6Spades.
P1 HAND: 7Diamonds, QDiamonds, 7Clubs, 4Clubs, 7Hearts, 5Hearts, 4Hearts, QSpades, 3Spades, 2Spades.
P2 HAND: 5Diamonds, 2Diamonds, AClubs, QClubs, KHearts, 6Hearts, 3Hearts, 7Spades, JSpades, 4Spades.
P3 HAND: ADiamonds, JDiamonds, 6Diamonds, 3Diamonds, JClubs, 6Clubs, 3Clubs, 2Clubs, 2Hearts, 5Spades.
P0 AHearts P1 4Hearts P2 KHearts P3 2Hearts 
P0 ASpades P1 2Spades P2 7Spades P3 5Spades 
P0 KSpades P1 3Spades P2 JSpades P3 2Clubs 
P3 ADiamonds P0 4Diamonds P1 7Diamonds P2 2Diamonds 
P3 3Diamonds P0 KDiamonds P1 QDiamonds P2 5Diamonds 
P0 6Spades P1 QSpades P2 4Spades P3 JDiamonds 
P1 5Hearts P2 3Hearts P3 6Diamonds P0 QHearts 
P0 JHearts P1 7Hearts P2 6Hearts P3 3Clubs 
P3 6Clubs 
