-- GAME --
P0 HAND: ADiamonds, JDiamonds, QDiamonds, 6Diamonds, 5Diamonds, 3Diamonds, 7Hearts, KHearts, 5Hearts, 4Spades.
P1 HAND: KDiamonds, JClubs, 4Clubs, 2Clubs, QHearts, 6Hearts, 4Hearts, 3Hearts, ASpades, JSpades.
P2 HAND: 7Diamonds, 2Diamonds, KClubs, 6Clubs, 5Clubs, JHearts, 7Spades, 6Spades, 3Spades, 2Spades.
P3 HAND: 4Diamonds, AClubs, 7Clubs, QClubs, 3Clubs, AHearts, 2Hearts, KSpades, QSpades, 5Spades.
P2 2Diamonds P3 4Diamonds P0 ADiamonds P1 KDiamonds 
P0 5Hearts P1 3Hearts P2 JHearts P3 AHearts 
P3 2Hearts P0 7Hearts P1 4Hearts P2 7Diamonds 
P0 KHearts P1 6Hearts P2 2Spades P3 5Spades 
P0 QDiamonds P1 QHearts P2 3Spades P3 QSpades 
P0 JDiamonds P1 2Clubs P2 6Spades P3 KSpades 
P1 JSpades P2 7Spades P3 3Clubs P0 4Spades 
P3 QClubs P0 6Diamonds P1 4Clubs P2 5Clubs 
P3 7Clubs P0 5Diamonds P1 JClubs P2 6Clubs 
P3 AClubs P0 3Diamonds P1 ASpades P2 KClubs 
-- /GAME --
P0 HAND: 7Diamonds, JDiamonds, 4Diamonds, 7Clubs, KClubs, QClubs, 4Clubs, KHearts, 5Hearts, 3Spades.
P1 HAND: KDiamonds, 6Diamonds, 3Diamonds, AClubs, 5Clubs, 3Clubs, 7Hearts, 3Hearts, JSpades, 4Spades.
P2 HAND: QDiamonds, JClubs, 6Clubs, JHearts, QHearts, 2Hearts, ASpades, QSpades, 6Spades, 2Spades.
P3 HAND: ADiamonds, 5Diamonds, 2Diamonds, 2Clubs, AHearts, 6Hearts, 4Hearts, 7Spades, KSpades, 5Spades.
P1 AClubs P2 6Clubs P3 2Clubs P0 4Clubs 
P1 3Clubs P2 JClubs P3 4Hearts P0 7Clubs 
P0 3Spades P1 4Spades P2 ASpades P3 5Spades 
P2 2Hearts P3 AHearts P0 5Hearts P1 7Hearts 
P3 6Hearts P0 KHearts P1 3Hearts P2 JHearts 
P0 JDiamonds P1 3Diamonds 
