-- GAME --
P0 HAND: 7Diamonds, QDiamonds, 4Diamonds, 6Clubs, 3Clubs, AHearts, 4Hearts, 2Hearts, ASpades, QSpades.
P1 HAND: JDiamonds, 2Diamonds, AClubs, 2Clubs, KHearts, JHearts, 6Hearts, 5Hearts, 6Spades, 5Spades.
P2 HAND: ADiamonds, 5Diamonds, 7Clubs, QClubs, 4Clubs, 7Hearts, QHearts, 3Hearts, 3Spades, 2Spades.
P3 HAND: KDiamonds, 6Diamonds, 3Diamonds, KClubs, JClubs, 5Clubs, 7Spades, KSpades, JSpades, 4Spades.
P0 ASpades P1 5Spades P2 3Spades P3 4Spades 
P0 AHearts P1 5Hearts P2 7Hearts P3 3Diamonds 
P3 5Clubs P0 3Clubs P1 AClubs P2 4Clubs 
P1 2Clubs P2 QClubs P3 JClubs P0 6Clubs 
P3 JSpades P0 QSpades P1 6Spades P2 2Spades 
P3 6Diamonds P0 4Diamonds P1 2Diamonds P2 5Diamonds 
P3 KDiamonds P0 QDiamonds P1 JDiamonds P2 ADiamonds 
P2 3Hearts P3 KClubs P0 4Hearts P1 KHearts 
P1 6Hearts P2 QHearts P3 KSpades P0 2Hearts 
P2 7Clubs P3 7Spades P0 7Diamonds P1 JHearts 
-- /GAME --
P0 HAND: 7Diamonds, QClubs, 2Clubs, KHearts, QHearts, 4Hearts, 2Hearts, KSpades, 6Spades, 3Spades.
P1 HAND: ADiamonds, JDiamonds, JClubs, 5Clubs, 3Clubs, 5Hearts, 3Hearts, JSpades, QSpades, 4Spades.
P2 HAND: 6Diamonds, 4Diamonds, 3Diamonds, 2Diamonds, AClubs, 7Clubs, JHearts, 6Hearts, ASpades, 7Spades.
P3 HAND: KDiamonds, QDiamonds, 5Diamonds, KClubs, 6Clubs, 4Clubs, AHearts, 7Hearts, 5Spades, 2Spades.
P3 AHearts P0 2Hearts P1 5Hearts P2 6Hearts 
P3 4Clubs P0 QClubs P1 3Clubs P2 AClubs 
P2 2Diamonds P3 5Diamonds P0 7Diamonds P1 ADiamonds 
P1 3Hearts P2 JHearts P3 7Hearts P0 4Hearts 
P3 6Clubs P0 2Clubs P1 5Clubs P2 7Clubs 
P2 3Diamonds P3 QDiamonds P0 QHearts P1 JDiamonds 
P1 JClubs P2 4Diamonds P3 KClubs P0 KSpades 
P0 3Spades P1 4Spades P2 7Spades P3 2Spades 
P2 6Diamonds P3 KDiamonds P0 KHearts P1 QSpades 
P1 JSpades P2 ASpades P3 5Spades P0 6Spades 
-- /GAME --
P0 HAND: 7Diamonds, 6Diamonds, 3Diamonds, 7Clubs, QClubs, JHearts, 2Hearts, 6Spades, 5Spades, 2Spades.
P1 HAND: KDiamonds, JDiamonds, 5Diamonds, KClubs, JClubs, 6Clubs, 4Clubs, 7Hearts, JSpades, QSpades.
P2 HAND: ADiamonds, QDiamonds, 4Diamonds, AClubs, 2Clubs, KHearts, 5Hearts, ASpades, 4Spades, 3Spades.
P3 HAND: 2Diamonds, 5Clubs, 3Clubs, AHearts, QHearts, 6Hearts, 4Hearts, 3Hearts, 7Spades, KSpades.
P2 AClubs P3 3Clubs P0 7Clubs P1 4Clubs 
P2 ASpades P3 KSpades P0 2Spades P1 QSpades 
P2 2Clubs P3 5Clubs P0 QClubs P1 KClubs 
P1 6Clubs P2 3Spades P3 3Hearts P0 2Hearts 
P1 JClubs P2 4Spades P3 4Hearts P0 JHearts 
P1 JSpades P2 5Hearts P3 7Spades P0 5Spades 
P3 6Hearts P0 6Spades P1 7Hearts P2 KHearts 
P1 5Diamonds P2 4Diamonds P3 2Diamonds P0 7Diamonds 
P0 3Diamonds P1 JDiamonds P2 QDiamonds P3 AHearts 
P1 KDiamonds P2 ADiamonds P3 QHearts P0 6Diamonds 
-- /GAME --
P0 HAND: JDiamonds, 6Diamonds, QClubs, 6Clubs, 4Clubs, 2Clubs, 4Hearts, 2Hearts, 7Spades, 6Spades.
P1 HAND: ADiamonds, 7Diamonds, 5Diamonds, 4Diamonds, KClubs, AHearts, KHearts, JHearts, QHearts, 5Hearts.
P2 HAND: QDiamonds, 2Diamonds, AClubs, 3Clubs, 7Hearts, 6Hearts, ASpades, 5Spades, 3Spades, 2Spades.
P3 HAND: KDiamonds, 3Diamonds, 7Clubs, JClubs, 5Clubs, 3Hearts, KSpades, JSpades, QSpades, 4Spades.
P1 ADiamonds P2 2Diamonds P3 KDiamonds P0 6Diamonds 
P1 4Diamonds P2 QDiamonds P3 3Diamonds P0 JDiamonds 
P0 2Clubs P1 KClubs P2 AClubs P3 5Clubs 
P2 ASpades P3 4Spades P0 7Spades P1 5Hearts 
P1 5Diamonds P2 2Spades P3 QSpades P0 6Spades 
P1 QHearts P2 6Hearts P3 3Hearts P0 2Hearts 
P1 JHearts P2 7Hearts P3 JClubs P0 4Hearts 
P2 3Clubs P3 7Clubs P0 4Clubs P1 7Diamonds 
P3 JSpades P0 6Clubs P1 KHearts P2 3Spades 
P1 AHearts P2 5Spades P3 KSpades P0 QClubs 
-- /GAME --
P0 HAND: ADiamonds, 7Diamonds, KDiamonds, KClubs, 5Clubs, 4Hearts, 3Hearts, QSpades, 5Spades, 2Spades.
P1 HAND: 5Diamonds, 4Diamonds, 4Clubs, 7Hearts, KHearts, 6Hearts, 5Hearts, KSpades, 4Spades, 3Spades.
P2 HAND: JDiamonds, QDiamonds, 6Diamonds, 7Clubs, QClubs, 6Clubs, 3Clubs, 2Clubs, JHearts, 7Spades.
P3 HAND: 3Diamonds, 2Diamonds, AClubs, JClubs, AHearts, QHearts, 2Hearts, ASpades, JSpades, 6Spades.
P0 ADiamonds P1 4Diamonds P2 JDiamonds P3 2Diamonds 
P0 3Hearts P1 5Hearts P2 JHearts P3 AHearts 
P3 ASpades P0 2Spades P1 KSpades P2 7Spades 
P3 2Hearts P0 4Hearts P1 6Hearts P2 6Diamonds 
P1 3Spades P2 QDiamonds P3 JSpades P0 5Spades 
P3 3Diamonds P0 7Diamonds P1 5Diamonds P2 2Clubs 
P2 3Clubs P3 JClubs P0 KClubs P1 4Clubs 
P0 5Clubs P1 4Spades P2 6Clubs P3 AClubs 
P3 6Spades P0 QSpades P1 KHearts P2 QClubs 
P2 7Clubs P3 QHearts P0 KDiamonds P1 7Hearts 
-- /GAME --
P0 HAND: 7Diamonds, QDiamonds, 5Diamonds, JClubs, QClubs, 6Hearts, 5Hearts, ASpades, KSpades, JSpades.
P1 HAND: KDiamonds, JDiamonds, 2Diamonds, 5Clubs, 4Clubs, 3Clubs, KHearts, JHearts, 3Hearts, 5Spades.
P2 HAND: ADiamonds, 6Diamonds, 3Diamonds, AClubs, 7Clubs, 2Clubs, QHearts, 4Hearts, QSpades, 6Spades.
P3 HAND: 4Diamonds, KClubs, 6Clubs, AHearts, 7Hearts, 2Hearts, 7Spades, 4Spades, 3Spades, 2Spades.
P3 2Spades P0 ASpades P1 5Spades P2 QSpades 
P0 QClubs P1 3Clubs P2 AClubs P3 6Clubs 
P2 ADiamonds P3 4Diamonds P0 7Diamonds P1 2Diamonds 
P2 2Clubs P3 KClubs P0 JClubs P1 5Clubs 
P3 3Spades P0 KSpades P1 4Clubs P2 6Spades 
P0 JSpades P1 3Hearts P2 3Diamonds P3 7Spades 
P1 JDiamonds P2 6Diamonds P3 4Spades P0 5Diamonds 
P1 JHearts P2 4Hearts P3 2Hearts P0 5Hearts 
P1 KHearts P2 QHearts P3 7Hearts P0 6Hearts 
P3 AHearts P0 QDiamonds P1 KDiamonds P2 7Clubs 
-- /GAME --
P0 HAND: 7Diamonds, JDiamonds, 6Diamonds, AClubs, KClubs, 4Clubs, 3Clubs, 7Hearts, QHearts, 4Hearts.
P1 HAND: 5Diamonds, 4Diamonds, 3Diamonds, 2Diamonds, 7Clubs, JClubs, QClubs, 6Hearts, 5Hearts, 7Spades.
P2 HAND: 6Clubs, 2Clubs, AHearts, JHearts, 3Hearts, ASpades, KSpades, JSpades, 6Spades, 5Spades.
P3 HAND: ADiamonds, KDiamonds, QDiamonds, 5Clubs, KHearts, 2Hearts, QSpades, 4Spades, 3Spades, 2Spades.
P2 AHearts 
