-- GAME --
P0 HAND: QClubs, 3Clubs, AHearts, 7Hearts, QHearts, 6Hearts, 4Hearts, ASpades, 4Spades, 3Spades.
P1 HAND: 4Diamonds, 2Diamonds, AClubs, KClubs, JClubs, 3Hearts, 2Hearts, 7Spades, 6Spades, 5Spades.
P2 HAND: ADiamonds, 7Diamonds, 6Diamonds, 3Diamonds, 7Clubs, 6Clubs, 5Clubs, JHearts, JSpades, 2Spades.
P3 HAND: KDiamonds, JDiamonds, QDiamonds, 5Diamonds, 4Clubs, 2Clubs, KHearts, 5Hearts, KSpades, QSpades.
P3 2Clubs P0 3Clubs P1 AClubs P2 5Clubs 
P1 2Hearts P2 JHearts P3 5Hearts P0 7Hearts 
P0 6Hearts P1 3Hearts P2 2Spades P3 KHearts 
P3 4Clubs P0 QClubs P1 JClubs P2 7Clubs 
P2 6Clubs P3 QSpades P0 ASpades P1 KClubs 
P1 5Spades P2 JSpades P3 KSpades P0 3Spades 
P3 5Diamonds P0 4Spades P1 2Diamonds P2 3Diamonds 
P3 QDiamonds P0 4Hearts P1 4Diamonds P2 6Diamonds 
P3 JDiamonds P0 QHearts P1 6Spades P2 7Diamonds 
P2 ADiamonds P3 KDiamonds P0 AHearts P1 7Spades 
-- /GAME --
P0 HAND: KDiamonds, JDiamonds, 6Diamonds, 2Diamonds, 7Clubs, 6Clubs, KHearts, JHearts, ASpades, JSpades.
P1 HAND: ADiamonds, KClubs, 5Clubs, 4Clubs, 3Clubs, 2Clubs, AHearts, 4Hearts, 3Hearts, 3Spades.
P2 HAND: 7Diamonds, QDiamonds, 5Diamonds, 4Diamonds, 3Diamonds, AClubs, JClubs, 7Spades, KSpades, 6Spades.
P3 HAND: QClubs, 7Hearts, QHearts, 6Hearts, 5Hearts, 2Hearts, QSpades, 5Spades, 4Spades, 2Spades.
P2 3Diamonds P3 2Hearts P0 2Diamonds P1 ADiamonds 
P1 AHearts P2 JClubs P3 5Hearts P0 KHearts 
P2 4Diamonds P3 2Spades P0 6Diamonds P1 3Hearts 
P0 JDiamonds P1 3Spades P2 5Diamonds P3 4Spades 
P0 6Clubs P1 2Clubs P2 AClubs P3 QClubs 
P2 6Spades P3 5Spades P0 ASpades P1 3Clubs 
P1 4Hearts P2 QDiamonds P3 6Hearts P0 JHearts 
P0 JSpades P1 4Clubs P2 KSpades P3 QSpades 
P1 5Clubs P2 7Diamonds P3 QHearts P0 7Clubs 
P0 KDiamonds P1 KClubs P2 7Spades P3 7Hearts 
-- /GAME --
P0 HAND: ADiamonds, 7Diamonds, QDiamonds, 3Diamonds, 7Clubs, 5Clubs, AHearts, KHearts, JHearts, 5Spades.
P1 HAND: 6Diamonds, 4Clubs, 5Hearts, 3Hearts, 2Hearts, ASpades, 7Spades, JSpades, QSpades, 4Spades.
P2 HAND: KDiamonds, 4Diamonds, 2Diamonds, JClubs, 6Clubs, 3Clubs, QHearts, 6Hearts, 4Hearts, 2Spades.
P3 HAND: JDiamonds, 5Diamonds, AClubs, KClubs, QClubs, 2Clubs, 7Hearts, KSpades, 6Spades, 3Spades.

