-- GAME --
P0 HAND: ADiamonds, 2Diamonds, AClubs, 7Clubs, JClubs, 2Clubs, AHearts, KHearts, JSpades, 4Spades.
P1 HAND: 7Diamonds, KDiamonds, 3Diamonds, 6Clubs, 5Clubs, 7Hearts, 2Hearts, 7Spades, QSpades, 2Spades.
P2 HAND: 6Diamonds, KClubs, JHearts, QHearts, 4Hearts, 3Hearts, ASpades, KSpades, 6Spades, 5Spades.
P3 HAND: JDiamonds, QDiamonds, 5Diamonds, 4Diamonds, QClubs, 4Clubs, 3Clubs, 6Hearts, 5Hearts, 3Spades.
P3 3Clubs P0 AClubs P1 5Clubs P2 KClubs 
P0 ADiamonds P1 3Diamonds P2 6Diamonds P3 4Diamonds 
P0 KHearts P1 2Hearts P2 3Hearts P3 5Hearts 
P0 4Spades P1 2Spades P2 ASpades P3 3Spades 
P2 5Spades P3 4Clubs P0 JSpades P1 7Spades 
P1 6Clubs P2 6Spades P3 QClubs P0 7Clubs 
P0 2Clubs P1 QSpades P2 4Hearts P3 5Diamonds 
P2 QHearts P3 6Hearts P0 AHearts P1 7Hearts 
P0 JClubs P1 KDiamonds P2 JHearts P3 QDiamonds 
P2 KSpades P3 JDiamonds P0 2Diamonds P1 7Diamonds 
-- /GAME --
P0 HAND: KDiamonds, 6Diamonds, KClubs, QClubs, 3Clubs, AHearts, JHearts, 5Hearts, 3Spades, 2Spades.
P1 HAND: JDiamonds, 5Diamonds, AClubs, JClubs, 6Clubs, KHearts, QHearts, ASpades, JSpades, QSpades.
P2 HAND: ADiamonds, 7Diamonds, 2Diamonds, 4Clubs, 6Hearts, 3Hearts, 2Hearts, KSpades, 6Spades, 4Spades.
P3 HAND: QDiamonds, 4Diamonds, 3Diamonds, 7Clubs, 5Clubs, 2Clubs, 7Hearts, 4Hearts, 7Spades, 5Spades.
P2 ADiamonds P3 3Diamonds P0 KDiamonds P1 5Diamonds 
P2 2Diamonds P3 4Diamonds P0 6Diamonds P1 JDiamonds 
P1 ASpades P2 4Spades P3 7Spades P0 2Spades 
P1 QHearts P2 2Hearts P3 4Hearts P0 JHearts 
P0 QClubs P1 6Clubs P2 4Clubs P3 2Clubs 
P0 3Clubs P1 JClubs P2 3Hearts P3 5Clubs 
P1 QSpades P2 6Spades P3 5Spades P0 3Spades 
P1 JSpades P2 KSpades P3 7Clubs P0 5Hearts 
P3 QDiamonds P0 KClubs P1 AClubs P2 7Diamonds 
P1 KHearts P2 6Hearts P3 7Hearts P0 AHearts 
-- /GAME --
P0 HAND: 3Diamonds, 7Clubs, JClubs, QClubs, 5Clubs, 2Hearts, 7Spades, KSpades, 6Spades, 5Spades.
P1 HAND: KDiamonds, QDiamonds, 4Diamonds, AClubs, 6Clubs, 3Clubs, JHearts, 4Hearts, 3Hearts, JSpades.
P2 HAND: ADiamonds, 7Diamonds, JDiamonds, 6Diamonds, 2Diamonds, 2Clubs, KHearts, 6Hearts, 4Spades, 2Spades.
P3 HAND: 5Diamonds, KClubs, 4Clubs, AHearts, 7Hearts, QHearts, 5Hearts, ASpades, QSpades, 3Spades.
P1 AClubs P2 2Clubs P3 KClubs P0 5Clubs 
P1 3Clubs P2 2Diamonds P3 4Clubs P0 7Clubs 
P0 2Hearts P1 3Hearts P2 6Hearts P3 AHearts 
P3 5Diamonds P0 3Diamonds P1 4Diamonds P2 ADiamonds 
P2 6Diamonds P3 5Hearts P0 QClubs P1 KDiamonds 
P1 4Hearts P2 KHearts P3 QHearts P0 JClubs 
P2 JDiamonds P3 3Spades P0 6Spades P1 QDiamonds 
P0 KSpades P1 JSpades P2 2Spades P3 ASpades 
P3 QSpades P0 5Spades P1 6Clubs P2 4Spades 
P3 7Hearts P0 7Spades P1 JHearts P2 7Diamonds 
-- /GAME --
P0 HAND: ADiamonds, 3Diamonds, KClubs, 3Clubs, JHearts, 6Hearts, 4Hearts, 3Hearts, QSpades, 2Spades.
P1 HAND: KDiamonds, QDiamonds, 5Diamonds, QClubs, 7Hearts, KHearts, QHearts, ASpades, 6Spades, 5Spades.
P2 HAND: 7Diamonds, 4Diamonds, AClubs, 6Clubs, 2Clubs, AHearts, 2Hearts, KSpades, JSpades, 4Spades.
P3 HAND: JDiamonds, 6Diamonds, 2Diamonds, 7Clubs, JClubs, 5Clubs, 4Clubs, 5Hearts, 7Spades, 3Spades.
P0 ADiamonds P1 5Diamonds P2 7Diamonds P3 2Diamonds 
P0 3Clubs P1 QClubs P2 AClubs P3 4Clubs 
P2 AHearts P3 5Hearts P0 JHearts P1 QHearts 
P2 2Clubs P3 5Clubs P0 KClubs P1 QDiamonds 
P0 3Diamonds P1 KDiamonds P2 4Diamonds P3 JDiamonds 
P1 5Spades P2 4Spades P3 3Spades P0 2Spades 
P1 6Spades P2 JSpades P3 7Spades P0 QSpades 
P3 6Diamonds P0 6Hearts P1 ASpades P2 2Hearts 
P1 KHearts P2 6Clubs P3 JClubs P0 4Hearts 
P1 7Hearts P2 KSpades P3 7Clubs P0 3Hearts 
-- /GAME --
P0 HAND: 7Diamonds, 4Diamonds, AClubs, 7Clubs, JClubs, 2Clubs, 7Hearts, KHearts, JHearts, 3Hearts.
P1 HAND: 6Diamonds, 6Clubs, 5Clubs, QHearts, 6Hearts, 7Spades, KSpades, 5Spades, 4Spades, 3Spades.
P2 HAND: ADiamonds, 5Diamonds, 3Diamonds, 2Diamonds, KClubs, AHearts, JSpades, QSpades, 6Spades, 2Spades.
P3 HAND: KDiamonds, JDiamonds, QDiamonds, QClubs, 4Clubs, 3Clubs, 5Hearts, 4Hearts, 2Hearts, ASpades.

