-- GAME --
P0 QClubs P1 7Clubs 
P3 5Clubs P0 KClubs P1 3Diamonds P2 JClubs 
P1 JHearts P2 4Diamonds P3 2Diamonds P0 KDiamonds 
P0 7Diamonds P1 JDiamonds P2 5Diamonds P3 6Diamonds 
P0 ADiamonds P1 7Spades P2 KSpades P3 QDiamonds 
-- /GAME --
P0 HAND: 3Diamonds, 2Diamonds, JClubs, 7Hearts, 5Hearts, 3Hearts, 2Hearts, ASpades, KSpades, 6Spades.
P1 HAND: JDiamonds, 5Diamonds, 7Clubs, 5Clubs, 3Clubs, KHearts, 6Hearts, 4Hearts, 5Spades, 3Spades.
P2 HAND: 7Diamonds, KDiamonds, AClubs, QClubs, 4Clubs, 2Clubs, JSpades, QSpades, 4Spades, 2Spades.
P3 HAND: ADiamonds, QDiamonds, 6Diamonds, 4Diamonds, KClubs, 6Clubs, AHearts, JHearts, QHearts, 7Spades.
P0 ASpades P1 3Spades P2 JSpades P3 7Spades 
P0 3Diamonds P1 5Diamonds P2 KDiamonds P3 ADiamonds 
P3 4Diamonds P0 2Diamonds P1 JDiamonds P2 7Diamonds 
P2 AClubs P3 6Clubs P0 JClubs P1 3Clubs 
P2 2Clubs P3 KClubs P0 7Hearts P1 5Clubs 
P0 6Spades P1 5Spades P2 2Spades P3 6Diamonds 
P0 KSpades P1 4Hearts P2 4Spades P3 QDiamonds 
P1 6Hearts P2 4Clubs P3 QHearts P0 2Hearts 
P3 JHearts P0 3Hearts P1 KHearts P2 QClubs 
P1 7Clubs P2 QSpades P3 AHearts P0 5Hearts 
-- /GAME --
P0 HAND: ADiamonds, KDiamonds, 6Diamonds, AClubs, JClubs, KHearts, 5Hearts, 4Hearts, KSpades, 5Spades.
P1 HAND: 4Diamonds, 3Diamonds, 7Clubs, 7Hearts, JHearts, QHearts, 6Hearts, 3Hearts, QSpades, 4Spades.
P2 HAND: 7Diamonds, 5Diamonds, 2Diamonds, KClubs, 5Clubs, 4Clubs, AHearts, 2Hearts, 7Spades, 3Spades.
P3 HAND: JDiamonds, QDiamonds, QClubs, 6Clubs, 3Clubs, 2Clubs, ASpades, JSpades, 6Spades, 2Spades.
P3 ASpades P0 5Spades P1 QSpades P2 3Spades 
P3 2Clubs P0 AClubs P1 7Clubs P2 KClubs 
P0 JClubs P1 3Diamonds P2 5Clubs P3 3Clubs 
P0 ADiamonds P1 4Diamonds P2 7Diamonds P3 QDiamonds 
P0 KDiamonds P1 4Spades P2 5Diamonds P3 JDiamonds 
P0 6Diamonds P1 3Hearts P2 2Diamonds P3 JSpades 
P1 6Hearts P2 2Hearts P3 2Spades P0 KHearts 
P0 4Hearts P1 QHearts P2 AHearts P3 6Clubs 
P2 4Clubs P3 QClubs P0 5Hearts P1 JHearts 
P1 7Hearts P2 7Spades P3 6Spades P0 KSpades 
-- /GAME --
P0 HAND: ADiamonds, KDiamonds, JDiamonds, 6Diamonds, 5Diamonds, 6Clubs, KHearts, JHearts, KSpades, 2Spades.
P1 HAND: 2Diamonds, JClubs, 5Clubs, 3Clubs, 4Hearts, 3Hearts, 2Hearts, JSpades, QSpades, 4Spades.
P2 HAND: QDiamonds, 4Diamonds, 3Diamonds, 2Clubs, AHearts, 7Hearts, QHearts, ASpades, 6Spades, 5Spades.
P3 HAND: 7Diamonds, AClubs, 7Clubs, KClubs, QClubs, 4Clubs, 6Hearts, 5Hearts, 7Spades, 3Spades.
P2 ASpades P3 3Spades P0 KSpades P1 4Spades 
P2 2Clubs P3 AClubs P0 6Clubs P1 JClubs 
P3 4Clubs P0 2Spades P1 3Clubs P2 3Diamonds 
P3 QClubs P0 JHearts P1 5Clubs P2 QDiamonds 
P0 ADiamonds P1 2Diamonds P2 4Diamonds P3 7Diamonds 
P0 KDiamonds P1 QSpades P2 6Spades P3 5Hearts 
P3 6Hearts P0 KHearts P1 2Hearts P2 QHearts 
P0 JDiamonds P1 3Hearts P2 5Spades P3 7Clubs 
P1 JSpades P2 7Hearts P3 7Spades P0 6Diamonds 
P2 AHearts P3 KClubs P0 5Diamonds P1 4Hearts 
-- /GAME --
P0 HAND: 4Diamonds, 2Diamonds, AClubs, JClubs, QClubs, JHearts, 4Hearts, 5Spades, 4Spades, 2Spades.
P1 HAND: ADiamonds, 7Diamonds, QDiamonds, 7Clubs, 3Clubs, AHearts, 6Hearts, 5Hearts, ASpades, QSpades.
P2 HAND: 3Diamonds, KClubs, 6Clubs, 5Clubs, 7Hearts, KHearts, QHearts, 3Hearts, 2Hearts, KSpades.
P3 HAND: KDiamonds, JDiamonds, 6Diamonds, 5Diamonds, 4Clubs, 2Clubs, 7Spades, JSpades, 6Spades, 3Spades.
P3 3Spades P0 2Spades P1 ASpades P2 KSpades 
P1 ADiamonds P2 3Diamonds P3 KDiamonds P0 2Diamonds 
P1 AHearts P2 2Hearts P3 7Spades P0 4Hearts 
P1 5Hearts P2 3Hearts P3 5Diamonds P0 JHearts 
P0 4Spades P1 QSpades P2 QHearts P3 JSpades 
P3 6Diamonds P0 4Diamonds P1 QDiamonds P2 5Clubs 
P2 6Clubs P3 2Clubs P0 AClubs P1 3Clubs 
P0 5Spades P1 6Hearts P2 KClubs P3 6Spades 
P2 KHearts P3 4Clubs P0 JClubs P1 7Clubs 
P1 7Diamonds P2 7Hearts P3 JDiamonds P0 QClubs 
-- /GAME --
P0 HAND: 7Diamonds, 3Diamonds, 5Clubs, 4Clubs, 3Clubs, AHearts, QHearts, KSpades, JSpades, 5Spades.
P1 HAND: KDiamonds, JDiamonds, QDiamonds, 4Diamonds, AClubs, JClubs, 2Clubs, ASpades, QSpades, 3Spades.
P2 HAND: ADiamonds, 2Diamonds, KClubs, 6Clubs, KHearts, JHearts, 5Hearts, 2Hearts, 6Spades, 2Spades.
P3 HAND: 6Diamonds, 5Diamonds, 7Clubs, QClubs, 7Hearts, 6Hearts, 4Hearts, 3Hearts, 7Spades, 4Spades.
P2 2Hearts P3 3Hearts P0 AHearts P1 4Diamonds 
P1 AClubs P2 6Clubs P3 7Clubs P0 3Clubs 
P1 ASpades P2 2Spades P3 7Spades P0 5Spades 
P1 2Clubs P2 KClubs P3 QClubs P0 5Clubs 
P2 5Hearts P3 4Hearts P0 QHearts P1 3Spades 
P0 KSpades P1 QSpades P2 6Spades P3 4Spades 
P0 JSpades P1 QDiamonds P2 ADiamonds P3 6Hearts 
P2 JHearts P3 7Hearts P0 7Diamonds P1 JClubs 
P0 4Clubs P1 JDiamonds P2 2Diamonds P3 5Diamonds 
P1 KDiamonds P2 KHearts P3 6Diamonds P0 3Diamonds 
-- /GAME --
P0 HAND: 7Diamonds, KDiamonds, KHearts, QHearts, 5Hearts, 3Hearts, 2Hearts, ASpades, QSpades, 4Spades.
P1 HAND: JDiamonds, QDiamonds, 3Diamonds, QClubs, 6Clubs, 3Clubs, 7Spades, 6Spades, 5Spades, 3Spades.
P2 HAND: 6Diamonds, 4Diamonds, KClubs, 4Clubs, AHearts, JHearts, 6Hearts, KSpades, JSpades, 2Spades.
P3 HAND: ADiamonds, 5Diamonds, 2Diamonds, AClubs, 7Clubs, JClubs, 5Clubs, 2Clubs, 7Hearts, 4Hearts.
P1 3Diamonds P2 4Diamonds P3 ADiamonds P0 KDiamonds 
P3 2Diamonds P0 7Diamonds P1 QDiamonds P2 6Diamonds 
P0 5Hearts P1 3Clubs P2 AHearts P3 4Hearts 
P2 4Clubs P3 2Clubs P0 4Spades P1 6Clubs 
P0 KHearts P1 QClubs P2 6Hearts P3 7Hearts 
P3 5Diamonds P0 QSpades P1 JDiamonds P2 KClubs 
P0 2Hearts P1 3Spades P2 JHearts P3 AClubs 
P1 5Spades P2 2Spades P3 5Clubs P0 ASpades 
P0 3Hearts P1 6Spades P2 JSpades P3 JClubs 
P2 KSpades P3 7Clubs P0 QHearts P1 7Spades 
-- /GAME --
P0 HAND: JDiamonds, 5Diamonds, 4Diamonds, AClubs, JClubs, 3Clubs, KSpades, JSpades, 6Spades, 5Spades.
P1 HAND: ADiamonds, 7Diamonds, KDiamonds, 3Diamonds, 2Diamonds, 2Clubs, KHearts, QHearts, 4Spades, 2Spades.
P2 HAND: QDiamonds, 6Diamonds, 5Clubs, JHearts, 6Hearts, 4Hearts, 3Hearts, ASpades, 7Spades, QSpades.
P3 HAND: 7Clubs, KClubs, QClubs, 6Clubs, 4Clubs, AHearts, 7Hearts, 5Hearts, 2Hearts, 3Spades.
P0 4Diamonds P1 ADiamonds P2 6Diamonds P3 AHearts 
P1 2Diamonds P2 QDiamonds P3 2Hearts P0 JDiamonds 
P0 5Diamonds P1 3Diamonds P2 3Hearts P3 3Spades 
P0 5Spades P1 2Spades P2 ASpades P3 4Clubs 
P3 5Hearts P0 3Clubs P1 QHearts P2 JHearts 
P0 AClubs P1 2Clubs P2 5Clubs P3 6Clubs 
P0 6Spades P1 4Spades P2 QSpades P3 QClubs 
P3 KClubs P0 JClubs P1 KDiamonds P2 4Hearts 
P3 7Clubs P0 JSpades P1 KHearts P2 6Hearts 
P3 7Hearts P0 KSpades P1 7Diamonds P2 7Spades 
-- /GAME --
P0 HAND: 7Diamonds, JDiamonds, 5Diamonds, AClubs, QClubs, 5Clubs, 3Clubs, 3Hearts, 7Spades, 4Spades.
P1 HAND: ADiamonds, 3Diamonds, 2Diamonds, 7Clubs, AHearts, 6Hearts, 2Hearts, ASpades, JSpades, 2Spades.
P2 HAND: QDiamonds, 6Diamonds, 4Diamonds, 4Clubs, 7Hearts, KHearts, JHearts, QHearts, 6Spades, 5Spades.
P3 HAND: KDiamonds, KClubs, JClubs, 6Clubs, 2Clubs, 5Hearts, 4Hearts, KSpades, QSpades, 3Spades.
P2 4Clubs P3 2Clubs P0 AClubs P1 7Clubs 
P0 4Spades P1 ASpades P2 5Spades P3 KSpades 
P1 AHearts P2 QHearts P3 5Hearts P0 3Hearts 
P1 2Hearts P2 JHearts P3 4Hearts P0 7Spades 
P2 6Spades P3 3Spades P0 3Clubs P1 JSpades 
P1 2Spades P2 4Diamonds P3 QSpades P0 QClubs 
P2 6Diamonds P3 KDiamonds P0 7Diamonds P1 ADiamonds 
P1 6Hearts P2 KHearts P3 6Clubs P0 5Clubs 
P2 QDiamonds P3 JClubs P0 5Diamonds P1 2Diamonds 
P2 7Hearts P3 KClubs P0 JDiamonds P1 3Diamonds 
-- /GAME --
P0 HAND: 6Diamonds, 7Clubs, 2Clubs, 5Hearts, 3Hearts, 2Hearts, KSpades, JSpades, QSpades, 2Spades.
P1 HAND: ADiamonds, 7Diamonds, KDiamonds, JDiamonds, JClubs, 6Clubs, 7Hearts, QHearts, 4Spades, 3Spades.
P2 HAND: QDiamonds, 5Diamonds, 4Diamonds, 2Diamonds, AClubs, QClubs, JHearts, 6Hearts, ASpades, 6Spades.
P3 HAND: 3Diamonds, KClubs, 5Clubs, 4Clubs, 3Clubs, AHearts, KHearts, 4Hearts, 7Spades, 5Spades.
P1 ADiamonds P2 2Diamonds P3 3Diamonds P0 6Diamonds 
P1 6Clubs P2 AClubs P3 3Clubs P0 7Clubs 
P2 4Diamonds P3 4Clubs P0 2Spades P1 JDiamonds 
P0 5Hearts P1 QHearts P2 6Hearts P3 AHearts 
P3 4Hearts P0 3Hearts P1 7Hearts P2 JHearts 
P1 JClubs P2 QClubs P3 5Clubs P0 2Clubs 
P1 3Spades P2 6Spades P3 5Spades P0 KSpades 
P0 2Hearts P1 4Spades P2 5Diamonds P3 KHearts 
P1 KDiamonds P2 QDiamonds P3 7Spades P0 QSpades 
P3 KClubs P0 JSpades P1 7Diamonds P2 ASpades 
-- /GAME --
P0 HAND: 5Diamonds, 4Diamonds, 7Clubs, JHearts, ASpades, 7Spades, JSpades, QSpades, 5Spades, 4Spades.
P1 HAND: ADiamonds, JDiamonds, 3Diamonds, 2Diamonds, QClubs, 6Clubs, 2Clubs, 7Hearts, QHearts, 3Spades.
P2 HAND: 6Diamonds, AClubs, KClubs, AHearts, KHearts, 6Hearts, 5Hearts, 3Hearts, KSpades, 6Spades.
P3 HAND: 7Diamonds, KDiamonds, QDiamonds, JClubs, 5Clubs, 4Clubs, 3Clubs, 4Hearts, 2Hearts, 2Spades.
P0 ASpades P1 3Spades P2 KSpades P3 2Spades 
P0 7Clubs P1 2Clubs P2 AClubs P3 3Clubs 
P2 3Hearts P3 2Hearts P0 JHearts P1 7Hearts 
P1 6Clubs P2 KClubs P3 4Clubs P0 7Spades 
P2 5Hearts P3 4Hearts P0 4Diamonds P1 QHearts 
P0 4Spades P1 QClubs P2 6Spades P3 5Clubs 
P2 6Hearts P3 QDiamonds P0 5Spades P1 2Diamonds 
P3 JClubs P0 5Diamonds P1 3Diamonds P2 AHearts 
P0 QSpades P1 JDiamonds P2 KHearts P3 KDiamonds 
P3 7Diamonds P0 JSpades P1 ADiamonds P2 6Diamonds 
-- /GAME --
P0 HAND: ADiamonds, JDiamonds, QDiamonds, 7Clubs, JClubs, QClubs, AHearts, QSpades, 5Spades, 4Spades.
P1 HAND: KClubs, 6Clubs, 3Clubs, 7Hearts, JHearts, 5Hearts, 4Hearts, 2Hearts, ASpades, JSpades.
P2 HAND: KDiamonds, 3Diamonds, 2Diamonds, 4Clubs, QHearts, 6Hearts, 7Spades, KSpades, 6Spades, 2Spades.
P3 HAND: 7Diamonds, 6Diamonds, 5Diamonds, 4Diamonds, AClubs, 5Clubs, 2Clubs, KHearts, 3Hearts, 3Spades.
P3 AClubs P0 QClubs P1 KClubs P2 4Clubs 
P3 2Clubs P0 7Clubs P1 3Clubs P2 7Spades 
P0 AHearts P1 2Hearts P2 QHearts P3 3Hearts 
P0 JClubs P1 6Clubs P2 2Spades P3 5Clubs 
P0 4Spades P1 ASpades P2 6Spades P3 3Spades 
P1 4Hearts P2 6Hearts P3 KHearts P0 QDiamonds 
P0 5Spades P1 JSpades P2 KSpades P3 4Diamonds 
P3 5Diamonds P0 ADiamonds P1 5Hearts P2 2Diamonds 
P0 QSpades P1 JHearts P2 3Diamonds P3 6Diamonds 
P3 7Diamonds P0 JDiamonds P1 7Hearts P2 KDiamonds 
-- /GAME --
P0 HAND: KDiamonds, 5Diamonds, 2Diamonds, AClubs, 4Clubs, 7Hearts, 3Hearts, KSpades, 5Spades, 2Spades.
P1 HAND: QDiamonds, KClubs, QClubs, 6Clubs, 3Clubs, QHearts, 5Hearts, ASpades, JSpades, 6Spades.
P2 HAND: ADiamonds, 6Diamonds, 4Diamonds, 3Diamonds, AHearts, KHearts, 2Hearts, 7Spades, 4Spades, 3Spades.
P3 HAND: 7Diamonds, JDiamonds, 7Clubs, JClubs, 5Clubs, 2Clubs, JHearts, 6Hearts, 4Hearts, QSpades.
P2 ADiamonds P3 JDiamonds P0 KDiamonds P1 QDiamonds 
P2 AHearts P3 4Hearts P0 7Hearts P1 5Hearts 
P2 2Hearts P3 6Hearts P0 3Hearts P1 QHearts 
P1 ASpades P2 3Spades P3 QSpades P0 2Spades 
P1 6Spades P2 4Spades P3 2Clubs P0 5Spades 
P3 JHearts P0 2Diamonds P1 3Clubs P2 KHearts 
P1 JSpades P2 7Spades P3 5Clubs P0 KSpades 
P3 JClubs P0 AClubs P1 6Clubs P2 6Diamonds 

