-- GAME --
P0 2Hearts 
P1 4Spades P2 5Spades P3 2Spades P0 ASpades 
P0 3Spades P1 7Spades P2 6Spades P3 KHearts 
P1 5Hearts P2 7Hearts P3 3Hearts P0 AHearts 
P0 QHearts P1 QClubs P2 QSpades P3 6Hearts 
P0 JHearts P1 3Diamonds P2 6Diamonds P3 3Clubs 
P2 QDiamonds P3 2Diamonds P0 JDiamonds P1 4Diamonds 
P0 KSpades P1 5Diamonds P2 KDiamonds P3 7Diamonds 
P3 5Clubs P0 JSpades P1 KClubs P2 ADiamonds 
-- /GAME --
P0 HAND: 6Diamonds, 5Diamonds, 3Diamonds, 2Diamonds, JClubs, 6Clubs, 4Clubs, 3Hearts, 7Spades, 6Spades.
P1 HAND: ADiamonds, 7Diamonds, JDiamonds, AClubs, KClubs, 5Hearts, KSpades, QSpades, 5Spades, 3Spades.
P2 HAND: QDiamonds, 4Diamonds, 7Clubs, 5Clubs, 3Clubs, 2Clubs, 7Hearts, KHearts, 6Hearts, 4Hearts.
P3 HAND: KDiamonds, QClubs, AHearts, JHearts, QHearts, 2Hearts, ASpades, JSpades, 4Spades, 2Spades.
P3 AHearts P0 3Hearts P1 5Hearts P2 4Hearts 
P3 ASpades P0 6Spades P1 KSpades P2 2Clubs 
P2 4Diamonds P3 KDiamonds P0 2Diamonds P1 ADiamonds 
P1 3Spades P2 6Hearts P3 2Spades P0 7Spades 
P0 3Diamonds P1 JDiamonds P2 QDiamonds P3 JHearts 
P1 5Spades P2 3Clubs P3 4Spades P0 5Diamonds 
P2 5Clubs P3 QClubs P0 4Clubs P1 KClubs 
P1 QSpades P2 7Clubs P3 JSpades P0 6Diamonds 
P2 KHearts P3 2Hearts P0 JClubs P1 AClubs 
P1 7Diamonds P2 7Hearts P3 QHearts P0 6Clubs 
-- /GAME --
P0 HAND: QDiamonds, 6Diamonds, 4Diamonds, 7Clubs, 6Clubs, 4Clubs, 5Hearts, 3Hearts, 7Spades, 2Spades.
P1 HAND: JDiamonds, KClubs, JClubs, QClubs, 2Clubs, KHearts, ASpades, JSpades, 6Spades, 3Spades.
P2 HAND: ADiamonds, 7Diamonds, 3Diamonds, 2Diamonds, AClubs, AHearts, QHearts, KSpades, QSpades, 4Spades.
P3 HAND: KDiamonds, 5Diamonds, 5Clubs, 3Clubs, 7Hearts, JHearts, 6Hearts, 4Hearts, 2Hearts, 5Spades.
P2 ADiamonds P3 5Diamonds P0 QDiamonds P1 JDiamonds 
P2 AClubs P3 3Clubs P0 7Clubs P1 2Clubs 
P2 AHearts P3 2Hearts P0 3Hearts P1 KHearts 
P2 2Diamonds P3 KDiamonds P0 4Diamonds P1 KClubs 
P3 4Hearts P0 5Hearts P1 QClubs P2 QHearts 
P2 3Diamonds P3 5Clubs P0 6Diamonds P1 3Spades 
P1 JClubs P2 4Spades P3 6Hearts P0 4Clubs 
P2 QSpades P3 5Spades P0 2Spades P1 6Spades 
P2 KSpades P3 JHearts P0 7Spades P1 ASpades 
P1 JSpades P2 7Diamonds P3 7Hearts P0 6Clubs 
-- /GAME --
P0 HAND: 7Diamonds, 3Diamonds, AClubs, 7Clubs, 3Clubs, 2Clubs, AHearts, KHearts, 5Hearts, KSpades.
P1 HAND: ADiamonds, KDiamonds, QDiamonds, 6Clubs, QHearts, 6Hearts, 3Hearts, 7Spades, JSpades, QSpades.
P2 HAND: 5Diamonds, JClubs, 4Clubs, 7Hearts, JHearts, 4Hearts, 2Hearts, 6Spades, 4Spades, 2Spades.
P3 HAND: JDiamonds, 6Diamonds, 4Diamonds, 2Diamonds, KClubs, QClubs, 5Clubs, ASpades, 5Spades, 3Spades.

