-- GAME --
P0 HAND: QDiamonds, 4Diamonds, AClubs, 7Clubs, KClubs, JClubs, 5Clubs, QHearts, 5Hearts, ASpades.
P1 HAND: ADiamonds, 6Diamonds, 2Diamonds, 3Clubs, JHearts, 3Hearts, QSpades, 5Spades, 3Spades, 2Spades.
P2 HAND: 7Diamonds, KDiamonds, JDiamonds, QClubs, 4Clubs, AHearts, 7Hearts, KHearts, 6Hearts, 6Spades.
P3 HAND: 5Diamonds, 3Diamonds, 6Clubs, 2Clubs, 4Hearts, 2Hearts, 7Spades, KSpades, JSpades, 4Spades.
P3 2Clubs P0 AClubs P1 3Clubs P2 QClubs 
P0 ASpades P1 2Spades P2 6Spades P3 4Spades 
P0 4Diamonds P1 ADiamonds P2 JDiamonds P3 5Diamonds 
P1 2Diamonds P2 KDiamonds P3 3Diamonds P0 QDiamonds 
P2 4Clubs P3 6Clubs P0 JClubs P1 3Spades 
P0 KClubs P1 5Spades P2 6Hearts P3 2Hearts 
P2 KHearts P3 4Hearts P0 5Hearts P1 3Hearts 
P2 7Hearts P3 JSpades P0 QHearts P1 JHearts 
P2 AHearts P3 KSpades P0 7Clubs P1 6Diamonds 
P2 7Diamonds P3 7Spades P0 5Clubs P1 QSpades 
-- /GAME --
P0 HAND: 7Diamonds, 5Diamonds, 2Diamonds, JClubs, 5Clubs, 4Clubs, AHearts, QHearts, 6Spades, 3Spades.
P1 HAND: ADiamonds, JDiamonds, 6Diamonds, AClubs, 7Clubs, KHearts, 3Hearts, JSpades, 5Spades, 2Spades.
P2 HAND: KDiamonds, QDiamonds, 4Diamonds, 3Clubs, 7Hearts, 6Hearts, 5Hearts, 4Hearts, 7Spades, 4Spades.
P3 HAND: 3Diamonds, KClubs, QClubs, 6Clubs, 2Clubs, JHearts, 2Hearts, ASpades, KSpades, QSpades.
P2 3Clubs P3 2Clubs P0 5Clubs P1 AClubs 
P1 2Spades P2 4Spades P3 ASpades P0 3Spades 
P3 2Hearts P0 AHearts P1 3Hearts P2 7Hearts 
P0 6Spades P1 5Spades P2 7Spades P3 QSpades 
P2 4Hearts P3 JHearts P0 QHearts P1 KHearts 
P1 JSpades P2 5Hearts P3 KSpades P0 7Diamonds 
P0 4Clubs P1 7Clubs P2 4Diamonds P3 6Clubs 
P2 6Hearts P3 QClubs P0 5Diamonds P1 6Diamonds 
P1 JDiamonds P2 QDiamonds P3 3Diamonds P0 2Diamonds 
P1 ADiamonds P2 KDiamonds P3 KClubs P0 JClubs 
-- /GAME --
P0 HAND: 7Diamonds, 5Diamonds, AClubs, KClubs, QClubs, 4Clubs, 7Hearts, 2Hearts, 7Spades, QSpades.
P1 HAND: KDiamonds, QDiamonds, 6Diamonds, 4Diamonds, 2Diamonds, 3Clubs, 5Hearts, 3Hearts, JSpades, 3Spades.
P2 HAND: ADiamonds, JDiamonds, 3Diamonds, 7Clubs, JClubs, KHearts, 4Hearts, KSpades, 6Spades, 5Spades.
P3 HAND: 6Clubs, 5Clubs, 2Clubs, AHearts, JHearts, QHearts, 6Hearts, ASpades, 4Spades, 2Spades.
P1 3Clubs P2 JClubs P3 2Clubs P0 AClubs 
P0 2Hearts P1 3Hearts P2 4Hearts P3 AHearts 
P3 ASpades P0 QSpades P1 JSpades P2 5Spades 
P3 2Spades P0 7Spades P1 3Spades P2 KSpades 
P0 7Hearts P1 5Hearts P2 KHearts P3 6Hearts 
P0 QClubs P1 2Diamonds P2 7Clubs P3 6Clubs 
P1 4Diamonds P2 3Diamonds P3 4Spades P0 7Diamonds 
P0 KClubs P1 6Diamonds P2 6Spades P3 5Clubs 
P1 QDiamonds P2 JDiamonds P3 QHearts P0 5Diamonds 
P2 ADiamonds P3 JHearts P0 4Clubs P1 KDiamonds 
-- /GAME --
P0 HAND: ADiamonds, KDiamonds, JDiamonds, 5Diamonds, 4Diamonds, 7Clubs, KHearts, QHearts, 7Spades, 4Spades.
P1 HAND: 7Diamonds, 3Diamonds, AClubs, QClubs, 4Clubs, 3Clubs, 2Hearts, ASpades, KSpades, 6Spades.
P2 HAND: KClubs, JClubs, 6Clubs, 5Clubs, 2Clubs, 7Hearts, 6Hearts, 3Hearts, QSpades, 2Spades.
P3 HAND: QDiamonds, 6Diamonds, 2Diamonds, AHearts, JHearts, 5Hearts, 4Hearts, JSpades, 5Spades, 3Spades.
P0 4Spades P1 ASpades P2 2Spades P3 JSpades 
P1 AClubs P2 2Clubs P3 AHearts P0 7Clubs 
P1 2Hearts P2 7Hearts P3 4Hearts P0 QHearts 
P2 3Hearts P3 5Hearts P0 KHearts P1 3Clubs 
P0 ADiamonds P1 3Diamonds P2 KClubs P3 2Diamonds 
P0 5Diamonds P1 7Diamonds P2 5Clubs P3 6Diamonds 
P1 4Clubs P2 6Clubs P3 3Spades P0 4Diamonds 
P0 KDiamonds P1 6Spades P2 JClubs P3 QDiamonds 
P0 JDiamonds P1 QClubs P2 6Hearts P3 5Spades 
P0 7Spades P1 KSpades P2 QSpades P3 JHearts 
-- /GAME --
P0 HAND: 4Diamonds, 7Clubs, 5Clubs, 2Clubs, AHearts, QHearts, 6Hearts, 4Hearts, 7Spades, 6Spades.
P1 HAND: 7Diamonds, JDiamonds, QDiamonds, 6Diamonds, 3Diamonds, 2Diamonds, KClubs, 4Clubs, 5Hearts, KSpades.
P2 HAND: 5Diamonds, JClubs, 6Clubs, KHearts, JHearts, JSpades, QSpades, 5Spades, 4Spades, 3Spades.
P3 HAND: ADiamonds, KDiamonds, AClubs, QClubs, 3Clubs, 7Hearts, 3Hearts, 2Hearts, ASpades, 2Spades.
P2 3Spades P3 ASpades P0 6Spades P1 KSpades 
P3 AClubs P0 2Clubs P1 KClubs P2 6Clubs 
P3 2Hearts P0 AHearts P1 5Hearts P2 KHearts 
P0 7Spades P1 2Diamonds P2 4Spades P3 2Spades 
P1 4Clubs P2 JClubs P3 3Clubs P0 7Clubs 
P0 5Clubs P1 3Diamonds P2 5Spades P3 QClubs 
P1 6Diamonds P2 5Diamonds P3 KDiamonds P0 4Diamonds 
P3 3Hearts P0 QHearts P1 QDiamonds P2 JHearts 
P1 JDiamonds P2 QSpades P3 ADiamonds P0 6Hearts 
P3 7Hearts P0 4Hearts P1 7Diamonds P2 JSpades 
-- /GAME --
P0 HAND: QDiamonds, 3Diamonds, AClubs, 7Clubs, QClubs, JHearts, ASpades, 7Spades, QSpades, 2Spades.
P1 HAND: 7Diamonds, KDiamonds, 6Diamonds, 5Diamonds, KClubs, 6Clubs, 5Clubs, 7Hearts, KSpades, JSpades.
P2 HAND: 4Diamonds, 2Diamonds, 4Clubs, 3Clubs, AHearts, QHearts, 6Hearts, 5Hearts, 3Hearts, 3Spades.
P3 HAND: ADiamonds, JDiamonds, JClubs, 2Clubs, KHearts, 4Hearts, 2Hearts, 6Spades, 5Spades, 4Spades.
P1 5Diamonds P2 2Diamonds P3 ADiamonds P0 3Diamonds 
P3 2Clubs P0 AClubs P1 5Clubs P2 4Clubs 
P0 QDiamonds P1 6Diamonds P2 4Diamonds P3 JDiamonds 
P3 2Hearts P0 JHearts P1 7Hearts P2 AHearts 
P2 3Clubs P3 JClubs P0 QClubs P1 KClubs 
P1 6Clubs P2 3Hearts P3 4Hearts P0 7Clubs 
P0 ASpades P1 JSpades P2 3Spades P3 4Spades 
P0 7Spades P1 KSpades P2 QHearts P3 5Spades 
P0 QSpades P1 KDiamonds P2 6Hearts P3 6Spades 
P0 2Spades P1 7Diamonds P2 5Hearts P3 KHearts 
-- /GAME --
P0 HAND: 7Diamonds, KDiamonds, 5Diamonds, 4Diamonds, QClubs, KHearts, 4Hearts, ASpades, KSpades, 3Spades.
P1 HAND: 6Diamonds, 3Diamonds, 5Clubs, 4Clubs, 7Hearts, QHearts, 6Hearts, 2Hearts, 7Spades, 2Spades.
P2 HAND: 2Diamonds, AClubs, KClubs, JClubs, 3Clubs, AHearts, JHearts, 3Hearts, JSpades, 5Spades.
P3 HAND: ADiamonds, JDiamonds, QDiamonds, 7Clubs, 6Clubs, 2Clubs, 5Hearts, QSpades, 6Spades, 4Spades.
P0 ASpades P1 2Spades P2 JSpades P3 4Spades 
P0 4Hearts P1 2Hearts P2 AHearts P3 5Hearts 
P2 2Diamonds P3 ADiamonds P0 5Diamonds P1 6Diamonds 
P3 6Spades P0 KSpades P1 7Spades P2 5Spades 
P1 3Diamonds P2 3Hearts P3 QDiamonds P0 7Diamonds 
P0 KDiamonds P1 6Hearts P2 JHearts P3 JDiamonds 
P0 4Diamonds P1 QHearts P2 3Clubs P3 QSpades 
P2 JClubs P3 2Clubs P0 QClubs P1 4Clubs 
P2 KClubs P3 6Clubs P0 KHearts P1 5Clubs 
P2 AClubs P3 7Clubs P0 3Spades P1 7Hearts 
-- /GAME --
P0 HAND: 7Diamonds, JDiamonds, 6Diamonds, 3Diamonds, AClubs, 7Hearts, JHearts, 3Hearts, 2Hearts, 4Spades.
P1 HAND: QClubs, 6Clubs, 2Clubs, AHearts, 6Hearts, ASpades, 7Spades, KSpades, 6Spades, 2Spades.
P2 HAND: ADiamonds, KDiamonds, 4Diamonds, KClubs, 3Clubs, KHearts, QHearts, 4Hearts, JSpades, 3Spades.
P3 HAND: QDiamonds, 5Diamonds, 2Diamonds, 7Clubs, JClubs, 5Clubs, 4Clubs, 5Hearts, QSpades, 5Spades.
P1 AHearts P2 4Hearts P3 5Hearts P0 2Hearts 
P1 2Clubs P2 3Clubs P3 4Clubs P0 AClubs 
P0 4Spades P1 ASpades P2 3Spades P3 QSpades 
P1 2Spades P2 JSpades P3 5Spades P0 7Hearts 
P2 QHearts P3 5Clubs P0 3Hearts P1 6Hearts 
P2 4Diamonds P3 2Diamonds P0 3Diamonds P1 6Clubs 
P2 KDiamonds P3 5Diamonds P0 6Diamonds P1 6Spades 
P2 ADiamonds P3 QDiamonds P0 JDiamonds P1 QClubs 
P2 KClubs P3 JClubs P0 JHearts P1 KSpades 
P2 KHearts P3 7Clubs P0 7Diamonds P1 7Spades 
-- /GAME --
P0 HAND: KDiamonds, 4Diamonds, KClubs, 6Clubs, QHearts, 5Hearts, ASpades, 7Spades, JSpades, QSpades.
P1 HAND: ADiamonds, 7Diamonds, AClubs, 5Clubs, 4Clubs, AHearts, 6Hearts, 4Hearts, KSpades, 6Spades.
P2 HAND: JDiamonds, 5Diamonds, 2Diamonds, 7Clubs, JClubs, 3Clubs, 2Clubs, JHearts, 3Hearts, 2Hearts.
P3 HAND: QDiamonds, 6Diamonds, 3Diamonds, QClubs, 7Hearts, KHearts, 5Spades, 4Spades, 3Spades, 2Spades.
P0 ASpades P1 6Spades P2 7Clubs P3 2Spades 
P0 6Clubs P1 AClubs P2 2Clubs P3 QClubs 
P1 ADiamonds P2 2Diamonds P3 QDiamonds P0 4Diamonds 
P1 4Clubs P2 3Clubs P3 3Diamonds P0 KClubs 
P0 KDiamonds P1 7Diamonds P2 5Diamonds P3 6Diamonds 
P1 5Clubs P2 JClubs P3 3Spades P0 7Spades 
P2 JDiamonds P3 4Spades P0 QSpades P1 4Hearts 
P1 6Hearts P2 2Hearts P3 KHearts P0 5Hearts 
P3 5Spades P0 JSpades P1 KSpades P2 3Hearts 
P2 JHearts P3 7Hearts P0 QHearts P1 AHearts 
-- /GAME --
P0 HAND: QDiamonds, AClubs, QClubs, 6Clubs, 5Clubs, 2Clubs, KSpades, JSpades, QSpades, 5Spades.
P1 HAND: ADiamonds, 4Diamonds, 7Clubs, 4Clubs, 3Clubs, AHearts, 7Hearts, 4Hearts, 3Hearts, 3Spades.
P2 HAND: KDiamonds, JDiamonds, 6Diamonds, 5Diamonds, KClubs, QHearts, 6Hearts, 5Hearts, 2Hearts, 4Spades.
P3 HAND: 7Diamonds, 3Diamonds, 2Diamonds, JClubs, KHearts, JHearts, ASpades, 7Spades, 6Spades, 2Spades.
P3 ASpades P0 5Spades P1 3Spades P2 4Spades 
P3 2Diamonds P0 QDiamonds P1 ADiamonds P2 5Diamonds 
P1 3Clubs P2 KClubs P3 JClubs P0 AClubs 
P0 QClubs P1 4Clubs P2 6Diamonds P3 2Spades 
P0 6Clubs P1 7Clubs P2 2Hearts P3 JHearts 
P3 3Diamonds P0 KSpades P1 4Diamonds P2 KDiamonds 
P2 JDiamonds P3 7Diamonds P0 2Clubs P1 3Hearts 
P1 4Hearts P2 5Hearts P3 KHearts P0 5Clubs 
P3 6Spades P0 JSpades P1 7Hearts P2 6Hearts 
P1 AHearts P2 QHearts P3 7Spades P0 QSpades 
-- /GAME --
P0 HAND: 4Diamonds, 6Clubs, 5Clubs, 4Clubs, 3Clubs, QHearts, 4Hearts, 3Hearts, 4Spades, 2Spades.
P1 HAND: QDiamonds, 2Diamonds, 7Clubs, KClubs, QClubs, ASpades, KSpades, JSpades, 6Spades, 3Spades.
P2 HAND: ADiamonds, KDiamonds, AClubs, AHearts, 7Hearts, KHearts, 5Hearts, 2Hearts, 7Spades, QSpades.
P3 HAND: 7Diamonds, JDiamonds, 6Diamonds, 5Diamonds, 3Diamonds, JClubs, 2Clubs, JHearts, 6Hearts, 5Spades.
P2 ADiamonds P3 3Diamonds P0 4Diamonds P1 2Diamonds 
P2 2Hearts P3 6Hearts P0 3Hearts P1 ASpades 
P3 5Diamonds P0 QHearts P1 QDiamonds P2 KDiamonds 
P2 5Hearts P3 JHearts P0 4Hearts P1 KSpades 
P3 5Spades P0 4Spades P1 3Spades P2 7Spades 
P2 QSpades P3 6Diamonds P0 2Spades P1 JSpades 
P1 6Spades P2 AClubs P3 JDiamonds P0 3Clubs 
P2 KHearts P3 2Clubs P0 4Clubs P1 QClubs 
P1 KClubs P2 7Hearts P3 JClubs P0 5Clubs 
P1 7Clubs P2 AHearts P3 7Diamonds P0 6Clubs 
-- /GAME --
P0 HAND: ADiamonds, 6Diamonds, 5Diamonds, 4Diamonds, 3Diamonds, 2Diamonds, 4Hearts, 3Hearts, ASpades, 4Spades.
P1 HAND: KDiamonds, 7Clubs, KClubs, QClubs, KHearts, 5Hearts, KSpades, JSpades, 6Spades, 3Spades.
P2 HAND: JDiamonds, QDiamonds, JClubs, 6Clubs, 5Clubs, 3Clubs, 2Clubs, JHearts, 6Hearts, 2Hearts.
P3 HAND: 7Diamonds, AClubs, 4Clubs, AHearts, 7Hearts, QHearts, 7Spades, QSpades, 5Spades, 2Spades.
P3 AHearts P0 3Hearts P1 KHearts P2 2Hearts 
P3 2Spades P0 ASpades P1 3Spades P2 JDiamonds 
P0 ADiamonds P1 KDiamonds P2 QDiamonds P3 7Diamonds 
P0 6Diamonds P1 5Hearts P2 JHearts P3 5Spades 
P0 5Diamonds P1 6Spades P2 6Hearts P3 QHearts 
P0 4Diamonds P1 QClubs P2 2Clubs P3 7Hearts 
P1 JSpades P2 3Clubs P3 QSpades P0 4Spades 
P2 5Clubs P3 4Clubs P0 3Diamonds P1 KClubs 
P1 7Clubs P2 6Clubs P3 AClubs P0 2Diamonds 
P3 7Spades P0 4Hearts P1 KSpades P2 JClubs 
-- /GAME --
P0 HAND: ADiamonds, 7Diamonds, QDiamonds, 4Diamonds, 7Clubs, 5Clubs, 4Clubs, 3Clubs, 7Hearts, QHearts.
P1 HAND: 6Diamonds, 2Diamonds, AClubs, 2Clubs, JHearts, 3Hearts, 7Spades, KSpades, JSpades, 6Spades.
P2 HAND: JDiamonds, 3Diamonds, QClubs, 6Clubs, KHearts, 4Hearts, 2Hearts, ASpades, QSpades, 5Spades.
P3 HAND: KDiamonds, 5Diamonds, KClubs, JClubs, AHearts, 6Hearts, 5Hearts, 4Spades, 3Spades, 2Spades.
P2 ASpades P3 2Spades P0 7Clubs P1 6Spades 
P2 2Hearts P3 AHearts P0 QHearts P1 JHearts 
P3 3Spades P0 5Clubs P1 7Spades P2 5Spades 
P1 AClubs P2 6Clubs P3 KClubs P0 3Clubs 
P1 2Clubs P2 QClubs P3 JClubs P0 4Clubs 
P3 4Spades P0 4Diamonds P1 JSpades P2 QSpades 
P0 ADiamonds P1 2Diamonds P2 3Diamonds P3 5Diamonds 
P0 7Diamonds P1 6Diamonds P2 JDiamonds P3 KDiamonds 
P0 QDiamonds P1 3Hearts P2 4Hearts P3 5Hearts 
P0 7Hearts P1 KSpades P2 KHearts P3 6Hearts 
-- /GAME --
P0 HAND: 4Diamonds, 2Diamonds, QClubs, 5Clubs, 3Clubs, AHearts, JHearts, QSpades, 6Spades, 2Spades.
P1 HAND: KDiamonds, QDiamonds, 6Diamonds, 3Diamonds, 2Clubs, KHearts, 6Hearts, 3Hearts, 2Hearts, ASpades.
P2 HAND: 7Diamonds, JDiamonds, AClubs, 7Clubs, 6Clubs, 4Clubs, 7Hearts, QHearts, 5Hearts, KSpades.
P3 HAND: ADiamonds, 5Diamonds, KClubs, JClubs, 4Hearts, 7Spades, JSpades, 5Spades, 4Spades, 3Spades.
P1 ASpades P2 KSpades P3 7Spades P0 2Spades 
P1 2Clubs P2 AClubs P3 JClubs P0 QClubs 
P2 4Clubs P3 KClubs P0 5Clubs P1 KDiamonds 
P3 ADiamonds P0 4Diamonds P1 QDiamonds P2 JDiamonds 
P3 3Spades P0 QSpades P1 3Diamonds P2 7Diamonds 
P0 6Spades P1 6Diamonds P2 6Clubs P3 JSpades 
P3 4Spades P0 3Clubs P1 2Hearts P2 5Hearts 
P2 QHearts P3 4Hearts P0 JHearts P1 KHearts 
P1 3Hearts P2 7Hearts P3 5Diamonds P0 AHearts 
P0 2Diamonds P1 6Hearts P2 7Clubs P3 5Spades 
-- /GAME --
P0 HAND: ADiamonds, 4Diamonds, 2Diamonds, KClubs, QClubs, 4Clubs, 2Clubs, KSpades, 4Spades, 2Spades.
P1 HAND: 6Diamonds, AClubs, JClubs, 6Clubs, 3Clubs, AHearts, 6Hearts, 2Hearts, ASpades, 3Spades.
P2 HAND: 5Diamonds, 3Diamonds, 7Clubs, 5Clubs, KHearts, QHearts, 5Hearts, 3Hearts, 7Spades, 6Spades.
P3 HAND: 7Diamonds, KDiamonds, JDiamonds, QDiamonds, 7Hearts, JHearts, 4Hearts, JSpades, QSpades, 5Spades.
P0 KClubs P1 AClubs P2 5Clubs P3 7Diamonds 
P1 AHearts P2 3Hearts P3 7Hearts P0 KSpades 
P0 ADiamonds P1 6Diamonds P2 5Diamonds P3 QDiamonds 
P0 4Diamonds P1 2Hearts P2 3Diamonds P3 KDiamonds 
P3 4Hearts P0 2Diamonds P1 6Hearts P2 KHearts 
P2 5Hearts P3 JHearts P0 4Spades P1 3Clubs 
P0 QClubs P1 6Clubs P2 7Clubs P3 5Spades 
P3 JDiamonds P0 2Spades P1 3Spades P2 QHearts 
P1 JClubs P2 6Spades P3 QSpades P0 4Clubs 
P3 JSpades P0 2Clubs P1 ASpades P2 7Spades 
-- /GAME --
P0 HAND: ADiamonds, QDiamonds, 5Diamonds, 7Clubs, KClubs, QClubs, 2Clubs, 3Hearts, QSpades, 2Spades.
P1 HAND: KDiamonds, 6Diamonds, 3Clubs, 7Hearts, KHearts, 2Hearts, JSpades, 6Spades, 5Spades, 4Spades.
P2 HAND: 7Diamonds, JDiamonds, 4Diamonds, 6Clubs, 5Clubs, JHearts, 6Hearts, 5Hearts, ASpades, 3Spades.
P3 HAND: 3Diamonds, 2Diamonds, AClubs, JClubs, 4Clubs, AHearts, QHearts, 4Hearts, 7Spades, KSpades.
P3 AClubs P0 2Clubs P1 3Clubs P2 5Clubs 
P3 2Diamonds P0 ADiamonds P1 6Diamonds P2 7Diamonds 
P0 2Spades P1 4Spades P2 ASpades P3 KSpades 
P2 3Spades P3 7Spades P0 QSpades P1 JSpades 
P3 3Diamonds P0 QDiamonds P1 KDiamonds P2 4Diamonds 
P1 5Spades P2 6Clubs P3 4Clubs P0 5Diamonds 
P1 6Spades P2 5Hearts P3 4Hearts P0 7Clubs 
P2 JDiamonds P3 QHearts P0 QClubs P1 2Hearts 
P3 JClubs P0 KClubs P1 KHearts P2 6Hearts 
P1 7Hearts P2 JHearts P3 AHearts P0 3Hearts 
-- /GAME --
P0 HAND: 6Diamonds, JClubs, QClubs, 4Clubs, 7Hearts, KHearts, QHearts, KSpades, 6Spades, 4Spades.
P1 HAND: ADiamonds, KDiamonds, JDiamonds, 3Diamonds, 2Diamonds, 7Clubs, 5Clubs, ASpades, QSpades, 3Spades.
P2 HAND: 6Clubs, 3Clubs, 2Clubs, AHearts, 5Hearts, 4Hearts, 2Hearts, JSpades, 5Spades, 2Spades.
P3 HAND: 7Diamonds, QDiamonds, 5Diamonds, 4Diamonds, AClubs, KClubs, JHearts, 6Hearts, 3Hearts, 7Spades.
P2 AHearts P3 3Hearts P0 7Hearts P1 2Diamonds 
P1 ASpades P2 2Spades P3 7Spades P0 4Spades 
P1 3Spades P2 5Spades P3 6Hearts P0 KSpades 
P0 JClubs P1 5Clubs P2 2Clubs P3 AClubs 
P3 JHearts P0 KHearts P1 3Diamonds P2 2Hearts 
P1 QSpades P2 JSpades P3 4Diamonds P0 6Spades 
P3 5Diamonds P0 6Diamonds P1 JDiamonds P2 3Clubs 
P1 KDiamonds P2 4Hearts P3 QDiamonds P0 4Clubs 
P1 ADiamonds P2 5Hearts P3 7Diamonds P0 QHearts 
P1 7Clubs P2 6Clubs P3 KClubs P0 QClubs 
-- /GAME --

