-- GAME --
P0 HAND: 7Diamonds, JDiamonds, QDiamonds, 5Diamonds, AClubs, 3Clubs, 2Clubs, AHearts, 7Spades, 2Spades.
P1 HAND: ADiamonds, KDiamonds, 6Diamonds, 2Diamonds, 7Clubs, KClubs, 3Hearts, ASpades, QSpades, 5Spades.
P2 HAND: JClubs, 4Clubs, KHearts, JHearts, 6Hearts, 5Hearts, 4Hearts, 6Spades, 4Spades, 3Spades.
P3 HAND: 4Diamonds, 3Diamonds, QClubs, 6Clubs, 5Clubs, 7Hearts, QHearts, 2Hearts, KSpades, JSpades.
P1 ADiamonds P2 4Clubs P3 3Diamonds P0 5Diamonds 
P2 3Spades P3 JSpades P0 2Spades P1 ASpades 
P1 2Diamonds P2 4Hearts P3 4Diamonds P0 7Diamonds 
P0 AHearts P1 3Hearts P2 KHearts P3 2Hearts 
P0 QDiamonds P1 6Diamonds P2 4Spades P3 QHearts 
P0 JDiamonds P1 KDiamonds P2 JClubs P3 KSpades 
P2 5Hearts P3 7Hearts P0 2Clubs P1 KClubs 
P1 5Spades P2 6Spades P3 5Clubs P0 7Spades 
P3 6Clubs P0 3Clubs P1 7Clubs P2 6Hearts 
P1 QSpades P2 JHearts P3 QClubs P0 AClubs 
-- /GAME --
P0 HAND: JDiamonds, 2Diamonds, JClubs, 5Clubs, AHearts, 7Hearts, JHearts, QHearts, 6Spades, 3Spades.
P1 HAND: 7Diamonds, KDiamonds, KClubs, 3Clubs, 2Clubs, KHearts, 4Hearts, 5Spades, 4Spades, 2Spades.
P2 HAND: QDiamonds, 5Diamonds, 3Diamonds, 7Clubs, QClubs, 6Clubs, 4Clubs, ASpades, KSpades, JSpades.
P3 HAND: ADiamonds, 6Diamonds, 4Diamonds, AClubs, 6Hearts, 5Hearts, 3Hearts, 2Hearts, 7Spades, QSpades.

