-- GAME --
P0 HAND: KDiamonds, KClubs, 6Clubs, 5Clubs, 4Clubs, AHearts, JHearts, JSpades, QSpades, 6Spades.
P1 HAND: 7Diamonds, JDiamonds, 6Diamonds, 3Diamonds, 2Diamonds, 3Clubs, 2Clubs, KHearts, 5Hearts, 4Spades.
P2 HAND: ADiamonds, 4Diamonds, AClubs, 7Clubs, 6Hearts, ASpades, 7Spades, KSpades, 5Spades, 2Spades.
P3 HAND: QDiamonds, 5Diamonds, JClubs, QClubs, 7Hearts, QHearts, 4Hearts, 3Hearts, 2Hearts, 3Spades.
P2 ADiamonds P3 5Diamonds P0 KDiamonds P1 2Diamonds 
P2 2Spades P3 3Spades P0 6Spades P1 4Spades 
P0 QSpades P1 3Diamonds P2 5Spades P3 2Hearts 
P0 JSpades P1 5Hearts P2 KSpades P3 QClubs 
P3 3Hearts P0 AHearts P1 KHearts P2 6Hearts 
P0 JHearts P1 6Diamonds P2 4Diamonds P3 7Hearts 
P3 4Hearts P0 4Clubs P1 2Clubs P2 ASpades 
P0 5Clubs P1 3Clubs P2 7Clubs P3 JClubs 
P2 AClubs P3 QDiamonds P0 6Clubs P1 JDiamonds 
P2 7Spades P3 QHearts P0 KClubs P1 7Diamonds 
-- /GAME --
P0 HAND: KDiamonds, 5Diamonds, AClubs, KClubs, JClubs, 5Hearts, 4Hearts, 2Hearts, ASpades, 4Spades.
P1 HAND: ADiamonds, 2Diamonds, 4Clubs, 2Clubs, AHearts, 7Hearts, QHearts, 7Spades, JSpades, 6Spades.
P2 HAND: 7Diamonds, QDiamonds, 6Diamonds, 4Diamonds, 3Diamonds, 7Clubs, 5Clubs, KHearts, JHearts, 5Spades.
P3 HAND: JDiamonds, QClubs, 6Clubs, 3Clubs, 6Hearts, 3Hearts, KSpades, QSpades, 3Spades, 2Spades.
P1 ADiamonds P2 3Diamonds P3 JDiamonds P0 5Diamonds 
P1 AHearts P2 JHearts P3 6Hearts P0 2Hearts 
P1 2Diamonds P2 4Diamonds P3 2Spades P0 KDiamonds 
P0 4Hearts P1 QHearts P2 KHearts P3 3Hearts 
P2 5Spades P3 3Spades P0 ASpades P1 6Spades 
P0 5Hearts P1 7Hearts P2 5Clubs P3 6Clubs 
P3 QSpades P0 4Spades P1 JSpades P2 7Clubs 
P2 6Diamonds P3 3Clubs P0 JClubs P1 2Clubs 
P0 KClubs P1 4Clubs P2 QDiamonds P3 QClubs 
P0 AClubs P1 7Spades P2 7Diamonds P3 KSpades 
-- /GAME --
P0 HAND: ADiamonds, JDiamonds, 6Diamonds, QClubs, AHearts, KHearts, ASpades, 7Spades, QSpades, 2Spades.
P1 HAND: KClubs, JClubs, 4Clubs, 6Hearts, 5Hearts, 3Hearts, 2Hearts, JSpades, 5Spades, 3Spades.
P2 HAND: KDiamonds, QDiamonds, 3Diamonds, AClubs, 6Clubs, 5Clubs, 2Clubs, 7Hearts, JHearts, QHearts.
P3 HAND: 7Diamonds, 5Diamonds, 4Diamonds, 2Diamonds, 7Clubs, 3Clubs, 4Hearts, KSpades, 6Spades, 4Spades.
P0 6Diamonds P1 2Hearts P2 3Diamonds P3 7Diamonds 
P3 2Diamonds P0 ADiamonds P1 3Spades P2 QDiamonds 
P1 3Hearts P2 QHearts P3 4Hearts P0 AHearts 
P0 JDiamonds P1 4Clubs P2 KDiamonds P3 4Diamonds 
P2 2Clubs P3 3Clubs P0 QClubs P1 KClubs 
P1 5Hearts P2 JHearts P3 5Diamonds P0 KHearts 
P0 2Spades P1 5Spades P2 5Clubs P3 4Spades 
P1 6Hearts P2 7Hearts P3 6Spades P0 QSpades 
P0 7Spades P1 JSpades P2 6Clubs P3 KSpades 
P0 ASpades P1 JClubs P2 AClubs P3 7Clubs 
-- /GAME --
P0 HAND: 7Diamonds, QClubs, 6Clubs, 5Clubs, 7Hearts, QHearts, ASpades, 7Spades, KSpades, 4Spades.
P1 HAND: ADiamonds, 7Clubs, JClubs, 4Clubs, AHearts, 5Hearts, 4Hearts, 3Hearts, 2Hearts, 3Spades.
P2 HAND: KDiamonds, JDiamonds, 4Diamonds, 3Diamonds, AClubs, 3Clubs, JHearts, JSpades, QSpades, 6Spades.
P3 HAND: QDiamonds, 6Diamonds, 5Diamonds, 2Diamonds, KClubs, 2Clubs, KHearts, 6Hearts, 5Spades, 2Spades.
P1 ADiamonds P2 3Diamonds P3 QDiamonds P0 7Diamonds 
P1 2Hearts P2 JHearts P3 6Hearts P0 7Hearts 
P0 QHearts P1 3Hearts P2 4Diamonds P3 KHearts 
P3 2Diamonds P0 5Clubs P1 3Spades P2 KDiamonds 
P0 ASpades P1 4Clubs P2 6Spades P3 5Spades 
P1 4Hearts P2 QSpades P3 2Spades P0 4Spades 
P1 5Hearts P2 3Clubs P3 5Diamonds P0 7Spades 
P2 JDiamonds P3 6Diamonds P0 6Clubs P1 JClubs 
P1 7Clubs P2 AClubs P3 2Clubs P0 QClubs 
P2 JSpades P3 KClubs P0 KSpades P1 AHearts 
-- /GAME --
P0 HAND: KDiamonds, AClubs, 7Clubs, KClubs, QClubs, AHearts, QHearts, 6Hearts, QSpades, 5Spades.
P1 HAND: ADiamonds, 7Diamonds, JDiamonds, QDiamonds, 6Clubs, 3Clubs, 2Clubs, JHearts, 3Hearts, JSpades.
P2 HAND: 2Diamonds, JClubs, 4Clubs, 7Hearts, 5Hearts, 4Hearts, KSpades, 6Spades, 3Spades, 2Spades.
P3 HAND: 6Diamonds, 5Diamonds, 4Diamonds, 3Diamonds, 5Clubs, KHearts, 2Hearts, ASpades, 7Spades, 4Spades.
P0 AHearts P1 3Hearts P2 7Hearts P3 2Hearts 
P0 KDiamonds P1 ADiamonds P2 2Diamonds P3 6Diamonds 
P1 QDiamonds P2 2Spades P3 3Diamonds P0 5Spades 
P1 JDiamonds P2 3Spades P3 4Diamonds P0 6Hearts 
P1 JHearts P2 4Hearts P3 KHearts P0 QHearts 
P3 4Spades P0 QSpades P1 JSpades P2 KSpades 
P2 5Hearts P3 5Diamonds P0 QClubs P1 2Clubs 
P0 KClubs P1 3Clubs P2 4Clubs P3 5Clubs 
P0 7Clubs P1 6Clubs P2 JClubs P3 7Spades 
P0 AClubs P1 7Diamonds P2 6Spades P3 ASpades 
-- /GAME --
P0 HAND: 7Diamonds, 3Diamonds, 2Diamonds, AClubs, 3Clubs, 2Clubs, 6Hearts, 4Hearts, 4Spades, 3Spades.
P1 HAND: ADiamonds, JDiamonds, QDiamonds, 6Diamonds, 5Diamonds, 4Clubs, AHearts, JHearts, 5Hearts, 5Spades.
P2 HAND: 4Diamonds, KClubs, QClubs, 7Hearts, KHearts, 2Hearts, 7Spades, KSpades, QSpades, 2Spades.
P3 HAND: KDiamonds, 7Clubs, JClubs, 6Clubs, 5Clubs, QHearts, 3Hearts, ASpades, JSpades, 6Spades.
P3 3Hearts P0 4Hearts P1 AHearts P2 2Hearts 
P1 4Clubs P2 QClubs P3 5Clubs P0 AClubs 
P0 2Diamonds P1 ADiamonds P2 4Diamonds P3 KDiamonds 
P1 5Diamonds P2 2Spades P3 6Clubs P0 7Diamonds 
P2 QSpades P3 6Spades P0 3Spades P1 5Spades 
P2 KSpades P3 JSpades P0 4Spades P1 5Hearts 
P2 7Spades P3 ASpades P0 6Hearts P1 JDiamonds 
P3 QHearts P0 3Diamonds P1 JHearts P2 7Hearts 
P2 KClubs P3 JClubs P0 3Clubs P1 6Diamonds 
P2 KHearts P3 7Clubs P0 2Clubs P1 QDiamonds 
-- /GAME --
P0 HAND: 7Diamonds, 7Clubs, QClubs, 5Clubs, 7Hearts, JHearts, QHearts, 5Hearts, 7Spades, 2Spades.
P1 HAND: KDiamonds, QDiamonds, KClubs, 4Clubs, 3Clubs, 2Clubs, AHearts, KHearts, 6Hearts, JSpades.
P2 HAND: ADiamonds, 5Diamonds, 4Diamonds, 2Diamonds, AClubs, JClubs, 6Clubs, 3Hearts, 2Hearts, KSpades.
P3 HAND: JDiamonds, 6Diamonds, 3Diamonds, 4Hearts, ASpades, QSpades, 6Spades, 5Spades, 4Spades, 3Spades.
P2 ADiamonds P3 3Diamonds P0 7Diamonds P1 QDiamonds 
P2 2Diamonds P3 6Diamonds P0 5Hearts P1 KDiamonds 
P1 AHearts P2 2Hearts P3 4Hearts P0 QHearts 
P1 6Hearts P2 3Hearts P3 3Spades P0 7Hearts 
P0 JHearts P1 KHearts P2 6Clubs P3 4Spades 
P2 4Diamonds P3 JDiamonds P0 5Clubs P1 2Clubs 
P0 2Spades P1 JSpades P2 KSpades P3 ASpades 
P3 5Spades P0 7Spades P1 3Clubs P2 JClubs 
P2 5Diamonds P3 6Spades P0 7Clubs P1 4Clubs 
P0 QClubs P1 KClubs P2 AClubs P3 QSpades 
-- /GAME --
P0 HAND: ADiamonds, 4Diamonds, 3Diamonds, 2Diamonds, 7Clubs, AHearts, QHearts, 5Spades, 4Spades, 3Spades.
P1 HAND: 7Diamonds, 6Diamonds, KClubs, QClubs, 2Clubs, 7Hearts, 6Hearts, 5Hearts, JSpades, QSpades.
P2 HAND: JDiamonds, 5Diamonds, AClubs, JClubs, KHearts, 2Hearts, ASpades, 7Spades, KSpades, 2Spades.
P3 HAND: KDiamonds, QDiamonds, 6Clubs, 5Clubs, 4Clubs, 3Clubs, JHearts, 4Hearts, 3Hearts, 6Spades.
P2 AClubs P3 3Clubs P0 7Clubs P1 2Clubs 
P2 2Hearts P3 3Hearts P0 AHearts P1 5Hearts 
P0 ADiamonds P1 6Diamonds P2 JDiamonds P3 QDiamonds 
P0 QHearts P1 6Hearts P2 KHearts P3 4Hearts 
P2 5Diamonds P3 KDiamonds P0 3Diamonds P1 7Diamonds 
P1 QClubs P2 JClubs P3 4Clubs P0 4Diamonds 
P2 2Spades P3 6Spades P0 3Spades P1 QSpades 
P1 JSpades P2 KSpades P3 5Clubs P0 5Spades 
P2 7Spades P3 6Clubs P0 4Spades P1 KClubs 
P2 ASpades P3 JHearts P0 2Diamonds P1 7Hearts 
-- /GAME --
P0 HAND: KDiamonds, 2Diamonds, 6Clubs, 5Clubs, 4Clubs, JHearts, 6Hearts, 5Hearts, 2Hearts, 5Spades.
P1 HAND: 7Diamonds, 6Diamonds, 5Diamonds, KClubs, 2Clubs, AHearts, QHearts, 4Hearts, 3Hearts, JSpades.
P2 HAND: ADiamonds, 4Diamonds, 3Diamonds, QClubs, 3Clubs, 7Hearts, 7Spades, 6Spades, 3Spades, 2Spades.
P3 HAND: JDiamonds, QDiamonds, AClubs, 7Clubs, JClubs, KHearts, ASpades, KSpades, QSpades, 4Spades.
P1 AHearts P2 7Hearts P3 KHearts P0 2Hearts 
P1 2Clubs P2 3Clubs P3 AClubs P0 6Clubs 
P3 QDiamonds P0 2Diamonds P1 5Diamonds P2 ADiamonds 
P2 3Diamonds P3 JDiamonds P0 KDiamonds P1 7Diamonds 
P1 3Hearts P2 4Diamonds P3 4Spades P0 5Hearts 
P3 JClubs P0 5Clubs P1 KClubs P2 QClubs 
P1 4Hearts P2 2Spades P3 QSpades P0 6Hearts 
P3 KSpades P0 5Spades P1 JSpades P2 7Spades 
P2 3Spades P3 ASpades P0 4Clubs P1 QHearts 
P3 7Clubs P0 JHearts P1 6Diamonds P2 6Spades 
-- /GAME --
P0 HAND: 5Diamonds, 3Diamonds, AClubs, AHearts, KHearts, 6Hearts, 5Hearts, KSpades, JSpades, 5Spades.
P1 HAND: KDiamonds, 7Clubs, KClubs, 6Clubs, 4Clubs, 3Clubs, 2Clubs, 7Hearts, 4Hearts, 4Spades.
P2 HAND: ADiamonds, 7Diamonds, QDiamonds, 2Diamonds, JClubs, 5Clubs, 2Hearts, 7Spades, 6Spades, 2Spades.
P3 HAND: JDiamonds, 6Diamonds, 4Diamonds, QClubs, JHearts, QHearts, 3Hearts, ASpades, QSpades, 3Spades.
P0 AHearts P1 4Hearts P2 2Hearts P3 3Hearts 
P0 AClubs P1 2Clubs P2 JClubs P3 QClubs 
P0 KHearts P1 7Hearts P2 2Spades P3 QHearts 
P2 ADiamonds P3 4Diamonds P0 3Diamonds P1 KDiamonds 
P2 2Diamonds P3 6Diamonds P0 5Diamonds P1 7Clubs 
P3 JDiamonds P0 5Hearts P1 3Clubs P2 7Diamonds 
P2 5Clubs P3 3Spades P0 5Spades P1 4Clubs 
P0 6Hearts P1 6Clubs P2 QDiamonds P3 JHearts 
P3 QSpades P0 KSpades P1 4Spades P2 6Spades 
P0 JSpades P1 KClubs P2 7Spades P3 ASpades 
-- /GAME --
P0 HAND: KDiamonds, QDiamonds, 6Diamonds, 2Diamonds, KClubs, 4Clubs, 4Hearts, 2Hearts, 7Spades, 6Spades.
P1 HAND: ADiamonds, 7Diamonds, JDiamonds, 3Diamonds, 6Clubs, 5Clubs, 2Clubs, JHearts, 3Hearts, KSpades.
P2 HAND: 4Diamonds, 3Clubs, AHearts, 7Hearts, KHearts, 5Hearts, JSpades, 5Spades, 4Spades, 3Spades.
P3 HAND: 5Diamonds, AClubs, 7Clubs, JClubs, QClubs, QHearts, 6Hearts, ASpades, QSpades, 2Spades.
P3 AClubs P0 4Clubs P1 6Clubs P2 3Clubs 
P3 ASpades P0 6Spades P1 KSpades P2 3Spades 
P3 2Spades P0 7Spades P1 3Hearts P2 4Spades 
P1 ADiamonds P2 4Diamonds P3 5Diamonds P0 2Diamonds 
P1 2Clubs P2 5Spades P3 7Clubs P0 KClubs 
P3 QClubs P0 6Diamonds P1 5Clubs P2 5Hearts 
P2 JSpades P3 QSpades P0 QDiamonds P1 JHearts 
P1 3Diamonds P2 KHearts P3 6Hearts P0 KDiamonds 
P2 7Hearts P3 QHearts P0 2Hearts P1 JDiamonds 
P2 AHearts P3 JClubs P0 4Hearts P1 7Diamonds 
-- /GAME --
P0 HAND: QDiamonds, 5Diamonds, 3Diamonds, 6Clubs, 5Clubs, KHearts, QHearts, KSpades, 4Spades, 3Spades.
P1 HAND: KDiamonds, JDiamonds, 4Diamonds, KClubs, JClubs, QClubs, AHearts, 7Hearts, JHearts, 5Spades.
P2 HAND: 7Diamonds, AClubs, 4Clubs, 2Clubs, 6Hearts, 5Hearts, 4Hearts, JSpades, QSpades, 6Spades.
P3 HAND: ADiamonds, 6Diamonds, 2Diamonds, 7Clubs, 3Clubs, 3Hearts, 2Hearts, ASpades, 7Spades, 2Spades.
P2 4Hearts P3 2Hearts P0 QHearts P1 AHearts 
P1 4Diamonds P2 7Diamonds P3 ADiamonds P0 3Diamonds 
P3 ASpades P0 3Spades P1 5Spades P2 6Spades 
P3 2Diamonds P0 5Diamonds P1 KDiamonds P2 5Hearts 
P1 JDiamonds P2 6Hearts P3 6Diamonds P0 QDiamonds 
P1 JHearts P2 QSpades P3 3Hearts P0 KHearts 
P0 KSpades P1 QClubs P2 JSpades P3 7Spades 
P1 JClubs P2 2Clubs P3 3Clubs P0 5Clubs 
P1 KClubs P2 4Clubs P3 7Clubs P0 6Clubs 
P3 2Spades P0 4Spades P1 7Hearts P2 AClubs 
-- /GAME --
P0 HAND: KDiamonds, 2Diamonds, AClubs, JClubs, 6Clubs, 3Clubs, ASpades, 6Spades, 5Spades, 4Spades.
P1 HAND: 7Clubs, KClubs, 5Clubs, 2Clubs, 6Hearts, 5Hearts, 7Spades, KSpades, JSpades, QSpades.
P2 HAND: ADiamonds, 7Diamonds, JDiamonds, QDiamonds, 5Diamonds, 3Diamonds, 7Hearts, JHearts, QHearts, 2Hearts.
P3 HAND: 6Diamonds, 4Diamonds, QClubs, 4Clubs, AHearts, KHearts, 4Hearts, 3Hearts, 3Spades, 2Spades.
P1 5Hearts P2 2Hearts P3 AHearts P0 3Clubs 
P0 ASpades P1 QSpades P2 ADiamonds P3 2Spades 
P0 2Diamonds P1 6Hearts P2 7Diamonds P3 4Diamonds 
P2 3Diamonds P3 6Diamonds P0 KDiamonds P1 2Clubs 
P1 JSpades P2 5Diamonds P3 3Spades P0 5Spades 
P1 5Clubs P2 QDiamonds P3 4Clubs P0 6Clubs 
P0 6Spades P1 KSpades P2 QHearts P3 KHearts 
P1 KClubs P2 JDiamonds P3 QClubs P0 JClubs 
P1 7Clubs P2 JHearts P3 3Hearts P0 AClubs 
P0 4Spades P1 7Spades P2 7Hearts P3 4Hearts 
-- /GAME --
P0 HAND: KDiamonds, QDiamonds, 3Diamonds, 7Clubs, JClubs, KHearts, 3Hearts, 6Spades, 4Spades, 3Spades.
P1 HAND: ADiamonds, 6Diamonds, 2Diamonds, 6Clubs, AHearts, 6Hearts, ASpades, 7Spades, 5Spades, 2Spades.
P2 HAND: 5Diamonds, 4Diamonds, KClubs, QClubs, 4Clubs, 3Clubs, 2Clubs, 4Hearts, JSpades, QSpades.
P3 HAND: 7Diamonds, JDiamonds, AClubs, 5Clubs, 7Hearts, JHearts, QHearts, 5Hearts, 2Hearts, KSpades.
P1 AHearts P2 4Hearts P3 7Hearts P0 3Hearts 
P1 ASpades P2 QSpades P3 KSpades P0 6Spades 
P1 2Spades P2 JSpades P3 2Hearts P0 4Spades 
P2 2Clubs P3 AClubs P0 7Clubs P1 6Clubs 
P3 5Clubs P0 JClubs P1 5Spades P2 KClubs 
P2 3Clubs P3 5Hearts P0 3Spades P1 6Hearts 
P2 4Clubs P3 QHearts P0 KHearts P1 2Diamonds 
P1 6Diamonds P2 4Diamonds P3 JDiamonds P0 KDiamonds 
P0 3Diamonds P1 ADiamonds P2 5Diamonds P3 7Diamonds 
P1 7Spades P2 QClubs P3 JHearts P0 QDiamonds 
-- /GAME --
P0 HAND: QDiamonds, 2Diamonds, KClubs, AHearts, 7Hearts, QHearts, 4Hearts, 7Spades, QSpades, 6Spades.
P1 HAND: ADiamonds, 7Diamonds, JDiamonds, 5Diamonds, 7Clubs, 5Clubs, 3Hearts, KSpades, JSpades, 3Spades.
P2 HAND: 3Diamonds, AClubs, 6Clubs, 4Clubs, 2Clubs, KHearts, JHearts, 6Hearts, 4Spades, 2Spades.
P3 HAND: KDiamonds, 6Diamonds, 4Diamonds, JClubs, QClubs, 3Clubs, 5Hearts, 2Hearts, ASpades, 5Spades.
P0 6Spades P1 3Spades P2 2Spades P3 ASpades 
P3 3Clubs P0 KClubs P1 5Clubs P2 AClubs 
P2 2Clubs P3 QClubs P0 2Diamonds P1 7Clubs 
P1 5Diamonds P2 3Diamonds P3 4Diamonds P0 QDiamonds 
P0 7Spades P1 JSpades P2 4Spades P3 5Spades 
P0 QSpades P1 KSpades P2 6Hearts P3 6Diamonds 
P2 4Clubs P3 JClubs P0 4Hearts P1 3Hearts 
P0 QHearts P1 JDiamonds P2 JHearts P3 2Hearts 
P2 6Clubs P3 5Hearts P0 AHearts P1 7Diamonds 
P0 7Hearts P1 ADiamonds P2 KHearts P3 KDiamonds 
-- /GAME --
P0 HAND: QDiamonds, 2Diamonds, JClubs, QClubs, 6Clubs, KHearts, JHearts, QHearts, 2Hearts, 7Spades.
P1 HAND: ADiamonds, JDiamonds, 6Diamonds, 3Diamonds, 7Clubs, AHearts, 7Hearts, ASpades, 5Spades, 4Spades.
P2 HAND: 5Diamonds, 4Diamonds, KClubs, 5Clubs, 4Clubs, 2Clubs, 6Hearts, 5Hearts, 3Hearts, 3Spades.
P3 HAND: 7Diamonds, KDiamonds, AClubs, 3Clubs, 4Hearts, KSpades, JSpades, QSpades, 6Spades, 2Spades.
P3 2Spades P0 7Spades P1 ASpades P2 3Spades 
P1 ADiamonds P2 4Diamonds P3 7Diamonds P0 2Diamonds 
P1 AHearts P2 3Hearts P3 4Hearts P0 2Hearts 
P1 3Diamonds P2 5Diamonds P3 KDiamonds P0 QDiamonds 
P3 6Spades P0 6Clubs P1 4Spades P2 6Hearts 
P0 KHearts P1 7Hearts P2 5Hearts P3 KSpades 
P1 5Spades P2 2Clubs P3 QSpades P0 QHearts 
P2 4Clubs P3 3Clubs P0 JClubs P1 7Clubs 
P1 6Diamonds P2 5Clubs P3 AClubs P0 JHearts 
P3 JSpades P0 QClubs P1 JDiamonds P2 KClubs 
-- /GAME --
P0 HAND: ADiamonds, QDiamonds, 6Diamonds, AClubs, JClubs, KHearts, 4Hearts, 7Spades, QSpades, 5Spades.
P1 HAND: KDiamonds, 2Diamonds, QClubs, 5Clubs, 3Clubs, JHearts, 5Hearts, 2Hearts, 6Spades, 2Spades.
P2 HAND: 5Diamonds, 4Diamonds, 7Clubs, 6Clubs, 7Hearts, 6Hearts, 3Hearts, JSpades, 4Spades, 3Spades.
P3 HAND: 7Diamonds, JDiamonds, 3Diamonds, KClubs, 4Clubs, 2Clubs, AHearts, QHearts, ASpades, KSpades.
P2 3Hearts P3 AHearts P0 4Hearts P1 JHearts 
P3 ASpades P0 5Spades P1 6Spades P2 3Spades 
P3 3Diamonds P0 ADiamonds P1 2Diamonds P2 5Diamonds 
P0 7Spades P1 2Spades P2 JSpades P3 KSpades 
P0 QSpades P1 2Hearts P2 4Spades P3 QHearts 
P0 KHearts P1 5Hearts P2 6Hearts P3 2Clubs 
P3 JDiamonds P0 6Diamonds P1 KDiamonds P2 4Diamonds 
P1 3Clubs P2 6Clubs P3 4Clubs P0 JClubs 
P0 QDiamonds P1 5Clubs P2 7Clubs P3 7Diamonds 
P2 7Hearts P3 KClubs P0 AClubs P1 QClubs 
-- /GAME --
P0 HAND: 7Diamonds, KDiamonds, 6Diamonds, 2Diamonds, KHearts, QHearts, 5Hearts, 3Hearts, 2Hearts, 3Spades.
P1 HAND: ADiamonds, JDiamonds, 3Diamonds, AClubs, KClubs, AHearts, 6Hearts, 4Hearts, 7Spades, 5Spades.
P2 HAND: QDiamonds, 5Diamonds, 4Diamonds, QClubs, 6Clubs, 5Clubs, 2Clubs, 6Spades, 4Spades, 2Spades.
P3 HAND: 7Clubs, JClubs, 4Clubs, 3Clubs, 7Hearts, JHearts, ASpades, KSpades, JSpades, QSpades.
P1 ADiamonds P2 4Diamonds P3 ASpades P0 2Diamonds 
P1 AClubs P2 2Clubs P3 7Clubs P0 2Hearts 
P0 3Spades P1 7Spades P2 2Spades P3 KSpades 
P1 3Diamonds P2 5Diamonds P3 3Clubs P0 7Diamonds 
P0 6Diamonds P1 JDiamonds P2 QDiamonds P3 JClubs 
P1 5Spades P2 4Spades P3 QSpades P0 3Hearts 
P0 KDiamonds P1 4Hearts P2 5Clubs P3 JSpades 
P1 6Hearts P2 6Clubs P3 JHearts P0 KHearts 
P0 5Hearts P1 AHearts P2 6Spades P3 7Hearts 
P1 KClubs P2 QClubs P3 4Clubs P0 QHearts 
-- /GAME --
P0 HAND: QDiamonds, 5Diamonds, 3Diamonds, AClubs, QClubs, 3Clubs, 2Clubs, KHearts, 7Spades, 3Spades.
P1 HAND: KDiamonds, KClubs, 4Clubs, JHearts, QHearts, 6Hearts, 5Hearts, 4Hearts, 3Hearts, 2Hearts.
P2 HAND: ADiamonds, JDiamonds, 4Diamonds, 5Clubs, AHearts, 7Hearts, ASpades, QSpades, 6Spades, 2Spades.
P3 HAND: 7Diamonds, 6Diamonds, 2Diamonds, 7Clubs, JClubs, 6Clubs, KSpades, JSpades, 5Spades, 4Spades.
P2 ADiamonds P3 2Diamonds P0 QDiamonds P1 KDiamonds 
P2 ASpades P3 4Spades P0 7Spades P1 2Hearts 
P1 4Clubs P2 5Clubs P3 6Clubs P0 AClubs 
P0 3Spades P1 3Hearts P2 2Spades P3 KSpades 
P1 4Hearts P2 7Hearts P3 5Spades P0 KHearts 
P2 4Diamonds P3 6Diamonds P0 5Diamonds P1 KClubs 
P3 JClubs P0 2Clubs P1 5Hearts P2 6Spades 
P1 6Hearts P2 AHearts P3 JSpades P0 QClubs 
P2 QSpades P3 7Diamonds P0 3Clubs P1 QHearts 
P1 JHearts P2 JDiamonds P3 7Clubs P0 3Diamonds 
-- /GAME --
P0 HAND: ADiamonds, 7Diamonds, 2Diamonds, 7Clubs, KClubs, 6Clubs, 4Clubs, QHearts, 2Hearts, 7Spades.
P1 HAND: JDiamonds, QDiamonds, 6Diamonds, JClubs, QClubs, 6Hearts, ASpades, JSpades, QSpades, 6Spades.
P2 HAND: 5Diamonds, 5Clubs, 2Clubs, AHearts, 7Hearts, KHearts, JHearts, KSpades, 4Spades, 3Spades.
P3 HAND: KDiamonds, 4Diamonds, 3Diamonds, AClubs, 3Clubs, 5Hearts, 4Hearts, 3Hearts, 5Spades, 2Spades.
P1 ASpades P2 3Spades P3 5Spades P0 7Spades 
P1 6Hearts P2 AHearts P3 3Hearts P0 QHearts 
P2 2Clubs P3 AClubs P0 4Clubs P1 JClubs 
P3 2Spades P0 6Clubs P1 6Spades P2 KSpades 
P2 4Spades P3 3Clubs P0 2Hearts P1 JSpades 
P1 QClubs P2 5Clubs P3 4Hearts P0 7Clubs 
P0 KClubs P1 QSpades P2 5Diamonds P3 KDiamonds 
P3 5Hearts P0 2Diamonds P1 6Diamonds P2 JHearts 
P1 QDiamonds P2 KHearts P3 3Diamonds P0 7Diamonds 
P0 ADiamonds P1 JDiamonds P2 7Hearts P3 4Diamonds 
-- /GAME --
P0 HAND: KDiamonds, 4Diamonds, 2Diamonds, JClubs, 6Clubs, 2Clubs, AHearts, 3Hearts, JSpades, QSpades.
P1 HAND: QDiamonds, 3Diamonds, AClubs, 7Clubs, KClubs, 5Clubs, 3Clubs, 7Hearts, KHearts, 4Hearts.
P2 HAND: 7Diamonds, 6Diamonds, 5Diamonds, QClubs, 4Clubs, JHearts, QHearts, 6Hearts, 5Hearts, 7Spades.
P3 HAND: ADiamonds, JDiamonds, 2Hearts, ASpades, KSpades, 6Spades, 5Spades, 4Spades, 3Spades, 2Spades.
P0 2Diamonds P1 3Diamonds P2 5Diamonds P3 ADiamonds 
P3 2Hearts P0 AHearts P1 4Hearts P2 JHearts 
P0 4Diamonds P1 QDiamonds P2 7Diamonds P3 JDiamonds 
P2 4Clubs P3 2Spades P0 JClubs P1 AClubs 
P3 3Spades P0 JSpades P1 3Clubs P2 7Spades 
P2 5Hearts P3 4Spades P0 3Hearts P1 7Hearts 
P3 5Spades P0 QSpades P1 5Clubs P2 QClubs 
P0 KDiamonds P1 KClubs P2 6Diamonds P3 6Spades 
P3 KSpades P0 2Clubs P1 KHearts P2 6Hearts 
P3 ASpades P0 6Clubs P1 7Clubs P2 QHearts 
-- /GAME --
P0 HAND: ADiamonds, 7Diamonds, JDiamonds, 2Diamonds, 6Hearts, 5Hearts, 7Spades, 6Spades, 5Spades, 4Spades.
P1 HAND: QDiamonds, 5Diamonds, 4Diamonds, 3Diamonds, 7Clubs, 3Clubs, 7Hearts, QSpades, 3Spades, 2Spades.
P2 HAND: KDiamonds, KClubs, 4Clubs, KHearts, JHearts, 4Hearts, 3Hearts, ASpades, KSpades, JSpades.
P3 HAND: 6Diamonds, AClubs, JClubs, QClubs, 6Clubs, 5Clubs, 2Clubs, AHearts, QHearts, 2Hearts.

