-- GAME --
P0 HAND: ADiamonds, 7Clubs, 4Clubs, AHearts, 7Hearts, QHearts, 5Hearts, 3Hearts, JSpades, 3Spades.
P1 HAND: QDiamonds, 6Diamonds, KClubs, JClubs, 6Clubs, 5Clubs, 2Clubs, KHearts, 2Hearts, 6Spades.
P2 HAND: KDiamonds, 4Diamonds, 3Diamonds, 3Clubs, 6Hearts, 4Hearts, ASpades, QSpades, 4Spades, 2Spades.
P3 HAND: 7Diamonds, JDiamonds, 5Diamonds, 2Diamonds, AClubs, QClubs, JHearts, 7Spades, KSpades, 5Spades.
P3 AClubs P0 4Clubs P1 KClubs P2 3Clubs 
P3 5Spades P0 3Spades P1 6Spades P2 ASpades 
P2 2Spades P3 KSpades P0 JSpades P1 KHearts 
P3 QClubs P0 7Clubs P1 2Clubs P2 QSpades 
P0 ADiamonds P1 6Diamonds P2 3Diamonds P3 2Diamonds 
P0 QHearts P1 2Hearts P2 4Hearts P3 JHearts 
P3 5Diamonds P0 5Hearts P1 QDiamonds P2 4Diamonds 
P1 5Clubs P2 4Spades P3 JDiamonds P0 3Hearts 
P3 7Diamonds P0 7Hearts P1 6Clubs P2 KDiamonds 
P3 7Spades P0 AHearts P1 JClubs P2 6Hearts 
-- /GAME --
P0 HAND: JDiamonds, 4Diamonds, KClubs, 3Clubs, 5Hearts, 4Hearts, ASpades, JSpades, QSpades, 2Spades.
P1 HAND: ADiamonds, KDiamonds, 7Clubs, 4Clubs, 2Clubs, 7Hearts, JHearts, QHearts, 2Hearts, 5Spades.
P2 HAND: 6Diamonds, 3Diamonds, AClubs, QClubs, 6Clubs, 5Clubs, KHearts, 7Spades, 4Spades, 3Spades.
P3 HAND: 7Diamonds, QDiamonds, 5Diamonds, 2Diamonds, JClubs, AHearts, 6Hearts, 3Hearts, KSpades, 6Spades.
P2 AClubs P3 JClubs P0 3Clubs P1 2Clubs 
P2 3Diamonds P3 2Diamonds P0 JDiamonds P1 ADiamonds 
P1 4Clubs P2 5Clubs P3 5Diamonds P0 KClubs 
P0 4Diamonds P1 KDiamonds P2 6Diamonds P3 7Diamonds 
P3 6Spades P0 JSpades P1 5Spades P2 7Spades 
P2 3Spades P3 KSpades P0 ASpades P1 2Hearts 
P1 QHearts P2 KHearts P3 AHearts P0 4Hearts 
P3 QDiamonds P0 5Hearts P1 JHearts P2 4Spades 
P1 7Hearts P2 6Clubs P3 3Hearts P0 2Spades 
P1 7Clubs P2 QClubs P3 6Hearts P0 QSpades 
-- /GAME --

