-- GAME --
P0 HAND: JDiamonds, 6Diamonds, 6Clubs, KHearts, QHearts, 5Hearts, 6Spades, 5Spades, 3Spades, 2Spades.
P1 HAND: ADiamonds, 7Diamonds, QDiamonds, 4Diamonds, AClubs, KClubs, QClubs, 4Clubs, ASpades, 7Spades.
P2 HAND: KDiamonds, 3Diamonds, JClubs, 5Clubs, 2Clubs, 7Hearts, JHearts, 4Hearts, QSpades, 4Spades.
P3 HAND: 5Diamonds, 2Diamonds, 7Clubs, 3Clubs, AHearts, 6Hearts, 3Hearts, 2Hearts, KSpades, JSpades.
P1 ADiamonds P2 3Diamonds P3 5Diamonds P0 6Diamonds 
P1 AClubs P2 2Clubs P3 7Clubs P0 6Clubs 
P1 ASpades P2 4Spades P3 KSpades P0 2Spades 
P1 4Diamonds P2 KDiamonds P3 2Diamonds P0 JDiamonds 
P2 5Clubs P3 3Clubs P0 KHearts P1 4Clubs 
P0 3Spades P1 7Spades P2 QSpades P3 JSpades 
P1 QDiamonds P2 4Hearts P3 2Hearts P0 5Spades 
P2 JClubs P3 3Hearts P0 QHearts P1 QClubs 
P0 6Spades P1 KClubs P2 JHearts P3 AHearts 
P3 6Hearts P0 5Hearts P1 7Diamonds P2 7Hearts 
-- /GAME --
P0 HAND: KDiamonds, 7Clubs, KClubs, 6Clubs, KHearts, JHearts, 5Hearts, JSpades, 6Spades, 5Spades.
P1 HAND: ADiamonds, JDiamonds, QDiamonds, 5Diamonds, 4Diamonds, 3Diamonds, 5Clubs, AHearts, ASpades, KSpades.
P2 HAND: 6Diamonds, 2Diamonds, 4Clubs, 3Clubs, 2Clubs, 3Hearts, 2Hearts, QSpades, 4Spades, 2Spades.
P3 HAND: 7Diamonds, AClubs, JClubs, QClubs, 7Hearts, QHearts, 6Hearts, 4Hearts, 7Spades, 3Spades.
P0 5Spades P1 ASpades P2 2Spades P3 7Spades 
P1 3Diamonds P2 2Diamonds P3 7Diamonds P0 KDiamonds 
P3 AClubs P0 6Clubs P1 5Clubs P2 2Clubs 
P3 3Spades P0 JSpades P1 KSpades P2 4Spades 
P1 4Diamonds P2 6Diamonds P3 QClubs P0 7Clubs 
P2 3Clubs P3 JClubs P0 KClubs P1 AHearts 
P1 5Diamonds P2 4Clubs P3 4Hearts P0 6Spades 
P3 6Hearts P0 KHearts P1 QDiamonds P2 2Hearts 
P0 5Hearts P1 JDiamonds P2 3Hearts P3 QHearts 
P3 7Hearts P0 JHearts P1 ADiamonds P2 QSpades 
-- /GAME --
P0 HAND: ADiamonds, AClubs, 7Clubs, JClubs, 4Clubs, 2Clubs, 7Hearts, KHearts, 4Spades, 2Spades.
P1 HAND: QDiamonds, 6Diamonds, QClubs, 6Clubs, 5Clubs, 3Clubs, AHearts, 6Hearts, 4Hearts, 6Spades.
P2 HAND: 7Diamonds, KDiamonds, JDiamonds, 5Diamonds, 4Diamonds, 2Diamonds, JHearts, 5Hearts, 3Hearts, KSpades.
P3 HAND: 3Diamonds, KClubs, QHearts, 2Hearts, ASpades, 7Spades, JSpades, QSpades, 5Spades, 3Spades.
P3 2Hearts P0 KHearts P1 AHearts P2 3Hearts 
P1 3Clubs P2 5Hearts P3 KClubs P0 AClubs 
P0 2Spades P1 6Spades P2 KSpades P3 ASpades 
P3 3Spades P0 4Spades P1 4Hearts P2 JHearts 
P0 7Hearts P1 6Hearts P2 2Diamonds P3 QHearts 
P2 4Diamonds P3 3Diamonds P0 ADiamonds P1 6Diamonds 
P0 JClubs P1 5Clubs P2 5Diamonds P3 5Spades 
P2 JDiamonds P3 QSpades P0 2Clubs P1 QDiamonds 
P2 KDiamonds P3 JSpades P0 4Clubs P1 6Clubs 
P2 7Diamonds P3 7Spades P0 7Clubs P1 QClubs 
-- /GAME --
P0 HAND: 4Diamonds, 3Diamonds, 2Diamonds, 6Clubs, JHearts, QHearts, KSpades, 6Spades, 3Spades, 2Spades.
P1 HAND: ADiamonds, QDiamonds, AClubs, 7Clubs, JClubs, KHearts, 3Hearts, 2Hearts, ASpades, 4Spades.
P2 HAND: 7Diamonds, KDiamonds, 6Diamonds, 5Diamonds, QClubs, 5Clubs, 2Clubs, 7Hearts, 6Hearts, JSpades.
P3 HAND: JDiamonds, KClubs, 4Clubs, 3Clubs, AHearts, 5Hearts, 4Hearts, 7Spades, QSpades, 5Spades.
P2 2Clubs P3 3Clubs P0 6Clubs P1 AClubs 
P1 ADiamonds P2 5Diamonds P3 JDiamonds P0 2Diamonds 
P1 ASpades P2 JSpades P3 7Spades P0 2Spades 
P1 4Spades P2 5Clubs P3 5Spades P0 KSpades 
P0 3Diamonds P1 QDiamonds P2 6Diamonds P3 KClubs 
P1 JClubs P2 QClubs P3 4Clubs P0 JHearts 
P0 4Diamonds P1 2Hearts P2 KDiamonds P3 QSpades 
P1 3Hearts P2 6Hearts P3 4Hearts P0 QHearts 
P0 3Spades P1 KHearts P2 7Hearts P3 AHearts 
P3 5Hearts P0 6Spades P1 7Clubs P2 7Diamonds 
-- /GAME --
P0 HAND: KDiamonds, JDiamonds, QDiamonds, 3Diamonds, 4Clubs, 2Clubs, 7Hearts, 6Hearts, QSpades, 3Spades.
P1 HAND: 7Diamonds, 6Diamonds, 4Diamonds, 2Diamonds, AClubs, QClubs, 3Clubs, 4Hearts, 3Hearts, 5Spades.
P2 HAND: 5Diamonds, KClubs, JClubs, 5Clubs, AHearts, KHearts, ASpades, JSpades, 4Spades, 2Spades.
P3 HAND: ADiamonds, 7Clubs, 6Clubs, JHearts, QHearts, 5Hearts, 2Hearts, 7Spades, KSpades, 6Spades.
P0 2Clubs P1 AClubs P2 5Clubs P3 7Clubs 
P1 2Diamonds P2 5Diamonds P3 ADiamonds P0 3Diamonds 
P3 2Hearts P0 6Hearts P1 3Hearts P2 AHearts 
P2 JClubs P3 6Clubs P0 4Clubs P1 3Clubs 
P2 2Spades P3 6Spades P0 QSpades P1 5Spades 
P0 7Hearts P1 4Hearts P2 KHearts P3 5Hearts 
P0 KDiamonds P1 4Diamonds P2 4Spades P3 QHearts 
P2 JSpades P3 KSpades P0 3Spades P1 7Diamonds 
P3 JHearts P0 QDiamonds P1 6Diamonds P2 ASpades 
P2 KClubs P3 7Spades P0 JDiamonds P1 QClubs 
-- /GAME --
P0 HAND: ADiamonds, QDiamonds, 2Diamonds, KClubs, 3Clubs, 2Clubs, AHearts, 2Hearts, 7Spades, 4Spades.
P1 HAND: JDiamonds, 6Diamonds, 3Diamonds, AClubs, QClubs, 4Clubs, JHearts, QHearts, ASpades, 5Spades.
P2 HAND: 4Diamonds, 7Clubs, 6Clubs, 5Clubs, 5Hearts, 4Hearts, 3Hearts, KSpades, 6Spades, 2Spades.
P3 HAND: 7Diamonds, KDiamonds, 5Diamonds, JClubs, 7Hearts, KHearts, 6Hearts, JSpades, QSpades, 3Spades.
P3 3Spades P0 4Spades P1 ASpades P2 2Spades 
P1 AClubs P2 5Clubs P3 JClubs P0 2Clubs 
P1 3Diamonds P2 4Diamonds P3 5Diamonds P0 QDiamonds 
P0 ADiamonds P1 6Diamonds P2 7Clubs P3 KDiamonds 
P0 2Diamonds P1 JDiamonds P2 6Clubs P3 7Diamonds 
P3 QSpades P0 7Spades P1 5Spades P2 KSpades 
P0 3Clubs P1 4Clubs P2 6Spades P3 JSpades 
P1 QClubs P2 3Hearts P3 6Hearts P0 KClubs 
P3 KHearts P0 2Hearts P1 QHearts P2 4Hearts 
P3 7Hearts P0 AHearts P1 JHearts P2 5Hearts 
-- /GAME --
P0 HAND: 3Diamonds, AClubs, QClubs, 5Clubs, 2Clubs, QHearts, 7Spades, 6Spades, 5Spades, 3Spades.
P1 HAND: JDiamonds, 6Diamonds, 5Diamonds, 7Clubs, AHearts, 7Hearts, JHearts, 5Hearts, 2Hearts, ASpades.
P2 HAND: 7Diamonds, QDiamonds, KClubs, JClubs, 4Clubs, 6Hearts, 4Hearts, 3Hearts, KSpades, QSpades.
P3 HAND: ADiamonds, KDiamonds, 4Diamonds, 2Diamonds, 6Clubs, 3Clubs, KHearts, JSpades, 4Spades, 2Spades.
P2 3Hearts P3 KHearts P0 QHearts P1 AHearts 
P1 ASpades P2 QSpades P3 JSpades P0 3Spades 
P1 2Hearts P2 4Hearts P3 2Spades P0 7Spades 
P2 4Clubs P3 3Clubs P0 AClubs P1 7Clubs 
P0 5Spades P1 5Hearts P2 KSpades P3 4Spades 
P2 6Hearts P3 6Clubs P0 6Spades P1 7Hearts 
P1 JHearts P2 QDiamonds P3 KDiamonds P0 2Clubs 
P3 2Diamonds P0 3Diamonds P1 5Diamonds P2 7Diamonds 
P2 JClubs P3 4Diamonds P0 5Clubs P1 6Diamonds 
P1 JDiamonds P2 KClubs P3 ADiamonds P0 QClubs 
-- /GAME --
P0 HAND: 6Diamonds, 5Diamonds, 2Diamonds, AClubs, 6Clubs, QHearts, 4Hearts, ASpades, JSpades, 4Spades.
P1 HAND: ADiamonds, KDiamonds, QDiamonds, 4Diamonds, 2Clubs, AHearts, 7Hearts, 6Hearts, KSpades, 6Spades.
P2 HAND: 3Diamonds, JClubs, QClubs, 5Clubs, 4Clubs, JHearts, 3Hearts, QSpades, 3Spades, 2Spades.
P3 HAND: 7Diamonds, JDiamonds, 7Clubs, KClubs, 3Clubs, KHearts, 5Hearts, 2Hearts, 7Spades, 5Spades.
P1 ADiamonds P2 3Diamonds P3 7Diamonds P0 2Diamonds 
P1 AHearts P2 3Hearts P3 KHearts P0 4Hearts 
P1 4Diamonds P2 2Spades P3 JDiamonds P0 5Diamonds 
P3 2Hearts P0 QHearts P1 7Hearts P2 JHearts 
P1 6Hearts P2 3Spades P3 5Hearts P0 6Diamonds 
P1 6Spades P2 QSpades P3 5Spades P0 JSpades 
P0 6Clubs P1 2Clubs P2 4Clubs P3 3Clubs 
P0 ASpades P1 KSpades P2 5Clubs P3 7Spades 
P2 QClubs P3 KClubs P0 AClubs P1 QDiamonds 
P0 4Spades P1 KDiamonds P2 JClubs P3 7Clubs 
-- /GAME --
P0 HAND: 7Diamonds, JDiamonds, QDiamonds, 4Diamonds, 3Clubs, 2Clubs, 7Hearts, 6Hearts, QSpades, 4Spades.
P1 HAND: 6Diamonds, 5Diamonds, 3Diamonds, JClubs, AHearts, JHearts, 3Hearts, ASpades, 3Spades, 2Spades.
P2 HAND: AClubs, 7Clubs, QClubs, 6Clubs, 5Clubs, 4Clubs, KHearts, 5Hearts, 4Hearts, 7Spades.
P3 HAND: ADiamonds, KDiamonds, 2Diamonds, KClubs, QHearts, 2Hearts, KSpades, JSpades, 6Spades, 5Spades.
P0 2Clubs P1 JClubs P2 AClubs P3 KClubs 
P2 4Clubs P3 2Diamonds P0 3Clubs P1 3Diamonds 
P2 4Hearts P3 2Hearts P0 6Hearts P1 AHearts 
P1 3Hearts P2 5Hearts P3 QHearts P0 7Hearts 
P0 QSpades P1 2Spades P2 7Spades P3 5Spades 
P2 5Clubs P3 6Spades P0 4Diamonds P1 JHearts 
P3 JSpades P0 4Spades P1 3Spades P2 6Clubs 
P3 KSpades P0 QDiamonds P1 ASpades P2 QClubs 
P1 5Diamonds P2 KHearts P3 ADiamonds P0 JDiamonds 
P3 KDiamonds P0 7Diamonds P1 6Diamonds P2 7Clubs 
-- /GAME --
P0 HAND: 7Diamonds, 7Clubs, 5Clubs, 3Clubs, KHearts, JHearts, 4Hearts, QSpades, 6Spades, 3Spades.
P1 HAND: KDiamonds, QDiamonds, 6Diamonds, QClubs, 6Clubs, 2Clubs, 7Spades, KSpades, 4Spades, 2Spades.
P2 HAND: ADiamonds, JDiamonds, 4Diamonds, 2Diamonds, KClubs, 4Clubs, 6Hearts, 3Hearts, 2Hearts, JSpades.
P3 HAND: 5Diamonds, 3Diamonds, AClubs, JClubs, AHearts, 7Hearts, QHearts, 5Hearts, ASpades, 5Spades.
P3 AClubs P0 3Clubs P1 QClubs P2 4Clubs 
P3 AHearts P0 4Hearts P1 KDiamonds P2 2Hearts 
P3 3Diamonds P0 7Diamonds P1 6Diamonds P2 ADiamonds 
P2 2Diamonds P3 5Diamonds P0 JHearts P1 QDiamonds 
P1 2Clubs P2 KClubs P3 JClubs P0 7Clubs 
P0 KHearts P1 6Clubs P2 3Hearts P3 7Hearts 
P3 5Hearts P0 5Clubs P1 2Spades P2 6Hearts 
P1 4Spades P2 JSpades P3 5Spades P0 QSpades 
P2 4Diamonds P3 QHearts P0 3Spades P1 KSpades 
P1 7Spades P2 JDiamonds P3 ASpades P0 6Spades 
-- /GAME --

