-- GAME --
P0 HAND: 7Diamonds, 4Diamonds, AClubs, QClubs, 6Clubs, 5Clubs, JHearts, QHearts, 2Hearts, 3Spades.
P1 HAND: ADiamonds, JDiamonds, 2Diamonds, 4Clubs, 3Clubs, 7Hearts, KHearts, 6Hearts, 5Spades, 4Spades.
P2 HAND: KDiamonds, QDiamonds, 5Diamonds, 7Clubs, KClubs, 4Hearts, 3Hearts, 7Spades, JSpades, QSpades.
P3 HAND: 6Diamonds, 3Diamonds, JClubs, 2Clubs, AHearts, 5Hearts, ASpades, KSpades, 6Spades, 2Spades.
P2 3Hearts P3 AHearts P0 2Hearts P1 7Hearts 
P3 ASpades P0 3Spades P1 5Spades P2 QSpades 
P3 2Spades P0 5Clubs P1 4Spades P2 7Spades 
P0 QHearts P1 6Hearts P2 4Hearts P3 5Hearts 
P0 JHearts P1 KHearts P2 KClubs P3 3Diamonds 
P2 5Diamonds P3 6Diamonds P0 4Diamonds P1 ADiamonds 
P1 2Diamonds P2 QDiamonds P3 6Spades P0 7Diamonds 
P0 6Clubs P1 3Clubs P2 7Clubs P3 2Clubs 
P2 JSpades P3 KSpades P0 QClubs P1 JDiamonds 
P0 AClubs P1 4Clubs P2 KDiamonds P3 JClubs 
-- /GAME --
P0 HAND: ADiamonds, 6Diamonds, 3Diamonds, 7Clubs, 6Clubs, 5Clubs, 4Clubs, 3Clubs, 5Spades, 2Spades.
P1 HAND: 7Diamonds, KDiamonds, 2Clubs, AHearts, JHearts, QHearts, 4Hearts, KSpades, JSpades, 3Spades.
P2 HAND: 5Diamonds, 4Diamonds, KClubs, 7Hearts, 5Hearts, 3Hearts, 7Spades, QSpades, 6Spades, 4Spades.
P3 HAND: JDiamonds, QDiamonds, 2Diamonds, AClubs, JClubs, QClubs, KHearts, 6Hearts, 2Hearts, ASpades.
P1 AHearts P2 3Hearts P3 KHearts P0 5Spades 
P1 3Spades P2 4Spades P3 ASpades P0 2Spades 
P3 2Diamonds P0 ADiamonds P1 KDiamonds P2 5Diamonds 
P0 3Diamonds P1 7Diamonds P2 4Diamonds P3 JDiamonds 
P1 4Hearts P2 7Hearts P3 2Hearts P0 6Diamonds 
P2 5Hearts P3 6Hearts P0 3Clubs P1 QHearts 
P0 4Clubs P1 2Clubs P2 KClubs P3 QClubs 
P2 6Spades P3 QDiamonds P0 5Clubs P1 JSpades 
P0 6Clubs P1 JHearts P2 QSpades P3 JClubs 
P3 AClubs P0 7Clubs P1 KSpades P2 7Spades 
-- /GAME --
P0 HAND: ADiamonds, 7Diamonds, 5Diamonds, 6Clubs, 7Hearts, QHearts, 3Hearts, 2Hearts, JSpades, 3Spades.
P1 HAND: KDiamonds, 2Diamonds, 7Clubs, KClubs, 5Clubs, 6Hearts, ASpades, 7Spades, KSpades, 2Spades.
P2 HAND: QDiamonds, 4Diamonds, AClubs, JClubs, 4Clubs, 3Clubs, 2Clubs, 5Hearts, 4Hearts, 5Spades.
P3 HAND: JDiamonds, 6Diamonds, 3Diamonds, QClubs, AHearts, KHearts, JHearts, QSpades, 6Spades, 4Spades.
P0 ADiamonds P1 2Diamonds P2 QDiamonds P3 3Diamonds 
P0 7Diamonds P1 KDiamonds P2 4Diamonds P3 6Diamonds 
P0 3Spades P1 ASpades P2 5Spades P3 QSpades 
P1 2Spades P2 4Hearts P3 4Spades P0 JSpades 
P0 5Diamonds P1 6Hearts P2 5Hearts P3 JDiamonds 
P3 6Spades P0 2Hearts P1 KSpades P2 2Clubs 
P2 3Clubs P3 QClubs P0 6Clubs P1 5Clubs 
P3 JHearts P0 3Hearts P1 KClubs P2 AClubs 
P2 4Clubs P3 KHearts P0 QHearts P1 7Clubs 
P1 7Spades P2 JClubs P3 AHearts P0 7Hearts 
-- /GAME --
P0 HAND: ADiamonds, AClubs, JClubs, AHearts, KHearts, 5Hearts, 3Hearts, ASpades, 7Spades, 3Spades.
P1 HAND: KDiamonds, 5Diamonds, 4Diamonds, 3Diamonds, QClubs, 2Clubs, JHearts, QHearts, QSpades, 5Spades.
P2 HAND: 7Diamonds, JDiamonds, QDiamonds, 6Diamonds, 7Clubs, KClubs, 5Clubs, 4Hearts, 2Hearts, KSpades.
P3 HAND: 2Diamonds, 6Clubs, 4Clubs, 3Clubs, 7Hearts, 6Hearts, JSpades, 6Spades, 4Spades, 2Spades.
P3 2Diamonds P0 ADiamonds P1 3Diamonds P2 7Diamonds 
P0 AClubs P1 2Clubs P2 7Clubs P3 3Clubs 
P0 ASpades P1 5Spades P2 KSpades P3 2Spades 
P0 7Spades P1 QSpades P2 KClubs P3 4Spades 
P0 3Spades P1 4Diamonds P2 5Clubs P3 JSpades 
P3 4Clubs P0 JClubs P1 QClubs P2 JDiamonds 
P0 3Hearts P1 QHearts P2 2Hearts P3 6Hearts 
P1 5Diamonds P2 6Diamonds P3 6Clubs P0 5Hearts 
P0 AHearts P1 JHearts P2 4Hearts P3 7Hearts 
P0 KHearts P1 KDiamonds P2 QDiamonds P3 6Spades 
-- /GAME --
P0 HAND: ADiamonds, 7Diamonds, QDiamonds, 6Diamonds, AHearts, 5Hearts, 4Hearts, ASpades, JSpades, 3Spades.
P1 HAND: 5Diamonds, 3Diamonds, JClubs, 4Clubs, 3Clubs, 3Hearts, 2Hearts, 6Spades, 4Spades, 2Spades.
P2 HAND: KDiamonds, 2Diamonds, QClubs, 5Clubs, 2Clubs, JHearts, 6Hearts, 7Spades, KSpades, 5Spades.
P3 HAND: JDiamonds, 4Diamonds, AClubs, 7Clubs, KClubs, 6Clubs, 7Hearts, KHearts, QHearts, QSpades.
P3 AClubs P0 3Spades P1 3Clubs P2 QClubs 

