-- GAME --
P0 4Hearts P1 4Diamonds P2 KHearts P3 QHearts 
P2 2Hearts P3 JHearts P0 6Hearts P1 JDiamonds 
P3 3Diamonds P0 4Clubs P1 QDiamonds P2 5Diamonds 
P0 5Spades P1 6Spades P2 3Clubs P3 2Clubs 
P2 QClubs P3 6Clubs P0 JClubs P1 7Clubs 
P1 5Clubs P2 KClubs P3 AClubs P0 QSpades 
-- /GAME --
P0 HAND: ADiamonds, 6Diamonds, 5Diamonds, 2Diamonds, QClubs, 3Hearts, ASpades, 5Spades, 4Spades, 2Spades.
P1 HAND: JDiamonds, QDiamonds, 4Diamonds, AClubs, 6Clubs, 4Clubs, 3Clubs, 2Clubs, 4Hearts, 3Spades.
P2 HAND: 7Diamonds, 3Diamonds, 7Clubs, 5Clubs, QHearts, 6Hearts, 5Hearts, 2Hearts, QSpades, 6Spades.
P3 HAND: KDiamonds, KClubs, JClubs, AHearts, 7Hearts, KHearts, JHearts, 7Spades, KSpades, JSpades.
P1 2Clubs P2 5Clubs P3 JClubs P0 QClubs 
P3 AHearts P0 3Hearts P1 4Hearts P2 2Hearts 
P3 JHearts P0 2Diamonds P1 3Clubs P2 QHearts 
P0 5Diamonds P1 4Diamonds P2 3Diamonds P3 KDiamonds 
P3 JSpades P0 ASpades P1 3Spades P2 QSpades 
P0 2Spades P1 4Clubs P2 6Spades P3 7Spades 
P3 KClubs P0 6Diamonds P1 6Clubs P2 7Clubs 
P0 5Spades P1 QDiamonds P2 5Hearts P3 KSpades 
P1 JDiamonds P2 7Diamonds P3 KHearts P0 ADiamonds 
P0 4Spades P1 AClubs P2 6Hearts P3 7Hearts 
-- /GAME --
P0 HAND: 7Diamonds, JDiamonds, QDiamonds, 5Diamonds, QClubs, KHearts, 5Hearts, JSpades, 6Spades, 3Spades.
P1 HAND: 4Diamonds, 2Diamonds, AClubs, 7Clubs, 3Clubs, AHearts, 7Hearts, 2Hearts, ASpades, 5Spades.
P2 HAND: ADiamonds, 6Diamonds, 6Clubs, 5Clubs, JHearts, 6Hearts, 4Hearts, 7Spades, QSpades, 4Spades.
P3 HAND: KDiamonds, 3Diamonds, KClubs, JClubs, 4Clubs, 2Clubs, QHearts, 3Hearts, KSpades, 2Spades.
P0 5Hearts P1 AHearts P2 4Hearts P3 QHearts 
P1 ASpades P2 4Spades P3 KSpades P0 3Spades 
P1 2Diamonds P2 ADiamonds P3 3Diamonds P0 7Diamonds 
P2 6Diamonds P3 KDiamonds P0 5Diamonds P1 4Diamonds 
P3 2Spades P0 JSpades P1 5Spades P2 7Spades 
P2 6Hearts P3 3Hearts P0 KHearts P1 7Hearts 
P1 2Hearts P2 JHearts P3 2Clubs P0 QClubs 
P0 6Spades P1 3Clubs P2 QSpades P3 4Clubs 
P3 JClubs P0 QDiamonds P1 7Clubs P2 5Clubs 
P1 AClubs P2 6Clubs P3 KClubs P0 JDiamonds 
-- /GAME --
P0 HAND: JDiamonds, 4Diamonds, 3Diamonds, 2Diamonds, 6Clubs, KHearts, 3Hearts, QSpades, 4Spades, 3Spades.
P1 HAND: 5Clubs, 3Clubs, JHearts, 5Hearts, 4Hearts, 2Hearts, 7Spades, 6Spades, 5Spades, 2Spades.
P2 HAND: ADiamonds, QDiamonds, AClubs, KClubs, QClubs, AHearts, 7Hearts, QHearts, 6Hearts, KSpades.
P3 HAND: 7Diamonds, KDiamonds, 6Diamonds, 5Diamonds, 7Clubs, JClubs, 4Clubs, 2Clubs, ASpades, JSpades.
P3 ASpades P0 3Spades P1 7Spades P2 KSpades 
P3 2Clubs P0 6Clubs P1 3Clubs P2 AClubs 
P2 ADiamonds P3 5Diamonds P0 JDiamonds P1 2Hearts 
P1 2Spades P2 QDiamonds P3 JSpades P0 4Spades 
P3 4Clubs P0 QSpades P1 5Clubs P2 KClubs 
P2 QClubs P3 JClubs P0 3Hearts P1 4Hearts 
P1 5Spades P2 6Hearts P3 6Diamonds P0 3Diamonds 
P2 QHearts P3 KDiamonds P0 KHearts P1 5Hearts 
P0 2Diamonds P1 6Spades P2 7Hearts P3 7Diamonds 
P2 AHearts P3 7Clubs P0 4Diamonds P1 JHearts 
-- /GAME --
P0 HAND: QDiamonds, 6Diamonds, 7Clubs, KClubs, JClubs, 3Clubs, AHearts, JHearts, 3Hearts, KSpades.
P1 HAND: 5Diamonds, 4Diamonds, 3Diamonds, 2Diamonds, QClubs, 6Clubs, 6Hearts, 5Hearts, ASpades, 6Spades.
P2 HAND: ADiamonds, AClubs, 4Hearts, 2Hearts, 7Spades, JSpades, QSpades, 4Spades, 3Spades, 2Spades.
P3 HAND: 7Diamonds, KDiamonds, JDiamonds, 5Clubs, 4Clubs, 2Clubs, 7Hearts, KHearts, QHearts, 5Spades.
P2 ADiamonds P3 JDiamonds P0 QDiamonds P1 2Diamonds 
P2 2Hearts P3 QHearts P0 AHearts P1 5Hearts 
P0 3Hearts P1 6Hearts P2 4Hearts P3 7Hearts 
P3 5Spades P0 KSpades P1 ASpades P2 2Spades 
P1 3Diamonds P2 3Spades P3 7Diamonds P0 6Diamonds 
P3 2Clubs P0 3Clubs P1 6Clubs P2 AClubs 
P2 4Spades P3 4Clubs P0 JClubs P1 6Spades 
P0 KClubs P1 QClubs P2 QSpades P3 5Clubs 
P0 7Clubs P1 4Diamonds P2 JSpades P3 KDiamonds 
P0 JHearts P1 5Diamonds P2 7Spades P3 KHearts 
-- /GAME --
P0 HAND: 4Diamonds, 2Diamonds, KClubs, JClubs, 5Clubs, 4Clubs, JHearts, 4Hearts, KSpades, JSpades.
P1 HAND: ADiamonds, 5Diamonds, KHearts, QHearts, 6Hearts, 2Hearts, QSpades, 4Spades, 3Spades, 2Spades.
P2 HAND: QDiamonds, 6Diamonds, AClubs, QClubs, 6Clubs, 2Clubs, AHearts, 7Hearts, 3Hearts, 7Spades.
P3 HAND: 7Diamonds, KDiamonds, JDiamonds, 3Diamonds, 7Clubs, 3Clubs, 5Hearts, ASpades, 6Spades, 5Spades.

