-- GAME --
P0 HAND: 5Diamonds, AClubs, 7Clubs, JClubs, QClubs, 6Clubs, 5Clubs, AHearts, 5Hearts, 4Spades.
P1 HAND: ADiamonds, 7Diamonds, KDiamonds, 4Diamonds, 2Diamonds, KClubs, 4Clubs, 3Clubs, 6Hearts, 3Spades.
P2 HAND: JDiamonds, QDiamonds, 7Hearts, JHearts, 4Hearts, 3Hearts, 2Hearts, 7Spades, JSpades, 6Spades.
P3 HAND: 6Diamonds, 3Diamonds, 2Clubs, KHearts, QHearts, ASpades, KSpades, QSpades, 5Spades, 2Spades.
P1 2Diamonds P2 QDiamonds P3 3Diamonds P0 5Diamonds 
P2 6Spades P3 ASpades P0 4Spades P1 3Spades 
P3 2Clubs P0 AClubs P1 3Clubs P2 7Spades 
P0 5Clubs P1 4Clubs P2 2Hearts P3 2Spades 
P2 JDiamonds P3 6Diamonds P0 6Clubs P1 ADiamonds 
P1 4Diamonds P2 3Hearts P3 5Spades P0 7Clubs 
P2 JSpades P3 QSpades P0 5Hearts P1 6Hearts 
P1 KDiamonds P2 4Hearts P3 QHearts P0 AHearts 
P0 QClubs P1 KClubs P2 JHearts P3 KHearts 
P3 KSpades P0 JClubs P1 7Diamonds P2 7Hearts 
-- /GAME --
P0 HAND: 5Diamonds, 2Diamonds, KClubs, QClubs, 4Clubs, 3Clubs, 5Hearts, 4Hearts, 6Spades, 2Spades.
P1 HAND: 4Diamonds, 6Clubs, 2Clubs, AHearts, 7Hearts, 6Hearts, 3Hearts, 7Spades, JSpades, 5Spades.
P2 HAND: ADiamonds, KDiamonds, JDiamonds, 3Diamonds, JClubs, 5Clubs, KHearts, QHearts, 2Hearts, QSpades.
P3 HAND: 7Diamonds, QDiamonds, 6Diamonds, AClubs, 7Clubs, JHearts, ASpades, KSpades, 4Spades, 3Spades.
P0 2Spades P1 5Spades P2 QSpades P3 ASpades 
P3 3Spades P0 6Spades P1 7Spades P2 5Clubs 
P2 ADiamonds P3 6Diamonds P0 5Diamonds P1 4Diamonds 
P2 2Hearts P3 JHearts P0 4Hearts P1 AHearts 
P1 3Hearts P2 QHearts P3 4Spades P0 5Hearts 
P2 3Diamonds P3 QDiamonds P0 2Diamonds P1 7Hearts 
P3 7Clubs P0 QClubs P1 2Clubs P2 JClubs 
P3 AClubs P0 4Clubs P1 6Clubs P2 JDiamonds 
P3 KSpades P0 KClubs P1 JSpades P2 KDiamonds 
P0 3Clubs P1 6Hearts P2 KHearts P3 7Diamonds 
-- /GAME --
P0 HAND: KDiamonds, JDiamonds, 4Diamonds, KClubs, 6Clubs, 3Clubs, QHearts, 3Hearts, KSpades, JSpades.
P1 HAND: ADiamonds, AClubs, 7Clubs, 5Clubs, 7Hearts, KHearts, 5Hearts, 2Hearts, 4Spades, 2Spades.
P2 HAND: QDiamonds, 5Diamonds, 3Diamonds, JClubs, AHearts, 6Hearts, 4Hearts, ASpades, 7Spades, 6Spades.
P3 HAND: 7Diamonds, 6Diamonds, 2Diamonds, QClubs, 4Clubs, 2Clubs, JHearts, QSpades, 5Spades, 3Spades.
P3 2Clubs 
