-- GAME --
P0 HAND: 7Diamonds, KDiamonds, AClubs, 7Clubs, 4Clubs, 3Clubs, 2Clubs, AHearts, 7Hearts, 6Hearts.
P1 HAND: QDiamonds, 3Diamonds, 2Diamonds, JHearts, QHearts, 4Hearts, 7Spades, JSpades, QSpades, 4Spades.
P2 HAND: ADiamonds, 5Diamonds, 4Diamonds, KClubs, JClubs, 3Hearts, 2Hearts, KSpades, 6Spades, 3Spades.
P3 HAND: JDiamonds, 6Diamonds, QClubs, 6Clubs, 5Clubs, KHearts, 5Hearts, ASpades, 5Spades, 2Spades.
P1 2Diamonds P2 ADiamonds P3 6Diamonds P0 7Diamonds 
P2 3Spades P3 ASpades P0 6Hearts P1 4Spades 
P0 AClubs P1 4Hearts P2 JClubs P3 QClubs 
P1 3Diamonds P2 4Diamonds P3 JDiamonds P0 KDiamonds 
P0 2Clubs P1 QDiamonds P2 KClubs P3 5Clubs 
P2 5Diamonds P3 2Spades P0 3Clubs P1 QSpades 
P2 6Spades P3 5Spades P0 4Clubs P1 7Spades 
P1 JSpades P2 KSpades P3 5Hearts P0 7Hearts 
P0 AHearts P1 QHearts P2 2Hearts P3 KHearts 
P0 7Clubs P1 JHearts P2 3Hearts P3 6Clubs 
-- /GAME --
P0 HAND: 7Diamonds, KDiamonds, 5Diamonds, 2Diamonds, 7Clubs, QClubs, JHearts, 2Hearts, 3Spades, 2Spades.
P1 HAND: AClubs, JClubs, 5Clubs, AHearts, KHearts, QHearts, 6Hearts, 7Spades, QSpades, 5Spades.
P2 HAND: JDiamonds, 4Diamonds, 3Diamonds, 4Clubs, 3Clubs, 5Hearts, 4Hearts, 3Hearts, 6Spades, 4Spades.
P3 HAND: ADiamonds, QDiamonds, 6Diamonds, KClubs, 6Clubs, 2Clubs, 7Hearts, ASpades, KSpades, JSpades.
P0 2Spades P1 5Spades P2 4Spades P3 ASpades 
P3 ADiamonds P0 2Diamonds P1 AHearts P2 3Diamonds 
P3 7Hearts P0 2Hearts P1 KHearts P2 3Hearts 
P3 6Diamonds P0 7Diamonds P1 5Clubs P2 4Diamonds 
P1 6Hearts P2 4Hearts P3 QDiamonds P0 JHearts 
P0 5Diamonds P1 QHearts P2 JDiamonds P3 2Clubs 
P3 JSpades P0 3Spades P1 7Spades P2 6Spades 
P1 QSpades P2 5Hearts P3 KSpades P0 QClubs 
P0 KDiamonds P1 JClubs P2 3Clubs P3 6Clubs 
P1 AClubs P2 4Clubs P3 KClubs P0 7Clubs 
-- /GAME --
P0 HAND: AClubs, 7Clubs, 4Clubs, 3Clubs, 2Clubs, AHearts, JSpades, 6Spades, 5Spades, 4Spades.
P1 HAND: 2Diamonds, KClubs, JClubs, QClubs, KHearts, JHearts, QHearts, 6Hearts, 7Spades, KSpades.
P2 HAND: KDiamonds, QDiamonds, 6Diamonds, 5Diamonds, 4Diamonds, 3Diamonds, 7Hearts, 4Hearts, QSpades, 2Spades.
P3 HAND: ADiamonds, 7Diamonds, JDiamonds, 6Clubs, 5Clubs, 5Hearts, 3Hearts, 2Hearts, ASpades, 3Spades.
P3 ASpades P0 4Spades P1 7Spades P2 2Spades 
P3 2Hearts P0 AHearts P1 6Hearts P2 7Hearts 
P0 JSpades P1 KSpades P2 QSpades P3 3Spades 
P1 QClubs P2 4Hearts P3 5Clubs P0 AClubs 
P0 2Clubs P1 JClubs P2 3Diamonds P3 6Clubs 
P2 4Diamonds P3 JDiamonds P0 3Clubs P1 2Diamonds 
P3 3Hearts P0 7Clubs P1 QHearts P2 5Diamonds 
P2 6Diamonds P3 7Diamonds P0 4Clubs P1 KClubs 
P3 5Hearts P0 5Spades P1 JHearts P2 QDiamonds 
P2 KDiamonds P3 ADiamonds P0 6Spades P1 KHearts 
-- /GAME --
P0 HAND: KDiamonds, JDiamonds, QDiamonds, 4Diamonds, JClubs, QClubs, 7Hearts, KSpades, 5Spades, 4Spades.
P1 HAND: 7Diamonds, 6Diamonds, AClubs, 7Clubs, 4Clubs, 3Clubs, JHearts, JSpades, QSpades, 2Spades.
P2 HAND: 5Diamonds, 2Diamonds, 6Clubs, 2Clubs, QHearts, 5Hearts, 3Hearts, 2Hearts, ASpades, 6Spades.
P3 HAND: ADiamonds, 3Diamonds, KClubs, 5Clubs, AHearts, KHearts, 6Hearts, 4Hearts, 7Spades, 3Spades.
P2 ASpades P3 3Spades P0 KSpades P1 2Spades 
P2 2Clubs P3 5Clubs P0 QClubs P1 AClubs 
P1 3Clubs P2 6Clubs P3 KClubs P0 JClubs 
P3 AHearts P0 7Hearts P1 JHearts P2 2Hearts 
P3 4Hearts P0 4Spades P1 4Clubs P2 QHearts 
P2 3Hearts P3 6Hearts P0 5Spades P1 7Clubs 
P3 3Diamonds P0 4Diamonds P1 6Diamonds P2 2Diamonds 
P1 QSpades P2 6Spades P3 7Spades P0 QDiamonds 
P0 JDiamonds P1 7Diamonds P2 5Diamonds P3 ADiamonds 
P3 KHearts P0 KDiamonds P1 JSpades P2 5Hearts 
-- /GAME --
P0 HAND: ADiamonds, 5Diamonds, 7Clubs, JClubs, 4Clubs, AHearts, 6Hearts, 5Hearts, 7Spades, 4Spades.
P1 HAND: 2Diamonds, KClubs, QClubs, 6Clubs, 2Clubs, JHearts, 4Hearts, 2Hearts, 6Spades, 3Spades.
P2 HAND: KDiamonds, JDiamonds, 6Diamonds, AClubs, 3Clubs, 7Hearts, QHearts, 3Hearts, ASpades, KSpades.
P3 HAND: 7Diamonds, QDiamonds, 4Diamonds, 3Diamonds, 5Clubs, KHearts, JSpades, QSpades, 5Spades, 2Spades.
P2 AClubs P3 5Clubs P0 7Clubs P1 2Clubs 
P2 3Clubs P3 3Diamonds P0 JClubs P1 KClubs 
P1 2Diamonds P2 6Diamonds P3 4Diamonds P0 ADiamonds 
P0 5Diamonds P1 2Hearts P2 JDiamonds P3 7Diamonds 
P3 QDiamonds P0 4Clubs P1 4Hearts P2 KDiamonds 
P2 3Hearts P3 KHearts P0 AHearts P1 JHearts 
P0 5Hearts P1 6Clubs P2 QHearts P3 2Spades 
P3 5Spades P0 4Spades P1 3Spades P2 KSpades 
P2 ASpades P3 QSpades P0 7Spades P1 6Spades 
P2 7Hearts P3 JSpades P0 6Hearts P1 QClubs 
-- /GAME --
P0 HAND: JDiamonds, QDiamonds, 5Diamonds, 4Clubs, 2Clubs, KHearts, 5Hearts, 3Hearts, 6Spades, 3Spades.
P1 HAND: 4Diamonds, 2Diamonds, 7Clubs, QClubs, 5Clubs, 7Hearts, 6Hearts, ASpades, 5Spades, 4Spades.
P2 HAND: 6Diamonds, JClubs, 6Clubs, AHearts, QHearts, 4Hearts, 7Spades, KSpades, JSpades, 2Spades.
P3 HAND: ADiamonds, 7Diamonds, KDiamonds, 3Diamonds, AClubs, KClubs, 3Clubs, JHearts, 2Hearts, QSpades.
P1 ASpades P2 2Spades P3 QSpades P0 3Spades 
P1 2Diamonds P2 6Diamonds P3 ADiamonds P0 5Diamonds 
P3 AClubs P0 2Clubs P1 7Clubs P2 6Clubs 
P3 3Diamonds P0 QDiamonds P1 4Diamonds P2 7Spades 
P0 JDiamonds P1 4Spades P2 4Hearts P3 KDiamonds 
P2 JClubs P3 3Clubs P0 4Clubs P1 5Clubs 
P2 JSpades P3 2Hearts P0 6Spades P1 5Spades 
P3 JHearts P0 3Hearts P1 6Hearts P2 QHearts 
P3 KClubs P0 5Hearts P1 QClubs P2 KSpades 
P0 KHearts P1 7Hearts P2 AHearts P3 7Diamonds 
-- /GAME --
P0 HAND: 7Diamonds, JDiamonds, KClubs, JClubs, QClubs, 3Clubs, 2Clubs, 4Hearts, ASpades, 2Spades.
P1 HAND: ADiamonds, KDiamonds, QDiamonds, 5Diamonds, 4Diamonds, 3Diamonds, JSpades, 6Spades, 5Spades, 3Spades.
P2 HAND: 6Diamonds, 2Diamonds, 7Clubs, 5Clubs, AHearts, KHearts, JHearts, 6Hearts, 3Hearts, 4Spades.
P3 HAND: AClubs, 6Clubs, 4Clubs, 7Hearts, QHearts, 5Hearts, 2Hearts, 7Spades, KSpades, QSpades.
P0 ASpades P1 3Spades P2 4Spades P3 QSpades 
P0 2Spades P1 5Spades P2 2Diamonds P3 7Spades 
P3 2Hearts P0 4Hearts P1 3Diamonds P2 AHearts 
P2 3Hearts P3 5Hearts P0 2Clubs P1 4Diamonds 
P0 JDiamonds P1 5Diamonds P2 6Diamonds P3 QHearts 
P0 7Diamonds P1 QDiamonds P2 5Clubs P3 6Clubs 
P3 4Clubs P0 3Clubs P1 6Spades P2 7Clubs 
P2 6Hearts P3 7Hearts P0 QClubs P1 JSpades 
P0 JClubs P1 KDiamonds P2 JHearts P3 AClubs 
P3 KSpades P0 KClubs P1 ADiamonds P2 KHearts 
-- /GAME --
P0 HAND: 7Clubs, KClubs, 6Clubs, 5Clubs, 4Clubs, KHearts, QHearts, 4Hearts, KSpades, 6Spades.
P1 HAND: ADiamonds, 6Diamonds, 5Diamonds, 4Diamonds, 2Clubs, 6Hearts, ASpades, 7Spades, 4Spades, 3Spades.
P2 HAND: 7Diamonds, KDiamonds, 2Diamonds, AClubs, JClubs, QClubs, 7Hearts, JHearts, 5Spades, 2Spades.
P3 HAND: JDiamonds, QDiamonds, 3Diamonds, 3Clubs, AHearts, 5Hearts, 3Hearts, 2Hearts, JSpades, QSpades.
P3 3Diamonds P0 4Clubs P1 ADiamonds P2 2Diamonds 
P1 ASpades P2 2Spades P3 JSpades P0 6Spades 
P1 2Clubs P2 AClubs P3 3Clubs P0 7Clubs 
P2 5Spades P3 QSpades P0 KSpades P1 7Spades 
P1 3Spades P2 QClubs P3 QDiamonds P0 4Hearts 
P0 KClubs P1 4Diamonds P2 JClubs P3 2Hearts 
P3 JDiamonds P0 5Clubs P1 5Diamonds P2 7Diamonds 
P2 JHearts P3 3Hearts P0 QHearts P1 6Hearts 
P2 7Hearts P3 AHearts P0 KHearts P1 6Diamonds 
P3 5Hearts P0 6Clubs P1 4Spades P2 KDiamonds 
-- /GAME --
P0 HAND: 7Diamonds, 2Diamonds, 5Clubs, AHearts, 6Hearts, 5Hearts, 4Hearts, 3Hearts, QSpades, 3Spades.
P1 HAND: QDiamonds, AClubs, 7Clubs, JClubs, 7Hearts, 2Hearts, 7Spades, KSpades, 6Spades, 2Spades.
P2 HAND: ADiamonds, KDiamonds, JDiamonds, 6Diamonds, 4Diamonds, 3Diamonds, 6Clubs, 4Clubs, JSpades, 4Spades.
P3 HAND: 5Diamonds, KClubs, QClubs, 3Clubs, 2Clubs, KHearts, JHearts, QHearts, ASpades, 5Spades.
P2 3Diamonds P3 5Diamonds P0 2Diamonds P1 QDiamonds 
P1 AClubs P2 4Clubs P3 KClubs P0 5Clubs 
P1 2Hearts P2 4Diamonds P3 QHearts P0 AHearts 
P0 7Diamonds P1 2Spades P2 6Diamonds P3 KHearts 
P1 JClubs P2 6Clubs P3 2Clubs P0 3Hearts 
P1 6Spades P2 4Spades P3 5Spades P0 3Spades 
P1 KSpades P2 JSpades P3 ASpades P0 QSpades 
P3 3Clubs P0 4Hearts P1 7Clubs P2 JDiamonds 
P1 7Spades P2 KDiamonds P3 QClubs P0 5Hearts 
P1 7Hearts P2 ADiamonds P3 JHearts P0 6Hearts 
-- /GAME --
P0 HAND: KDiamonds, JDiamonds, 6Diamonds, 5Diamonds, 4Diamonds, 2Diamonds, 4Clubs, 4Hearts, JSpades, 6Spades.
P1 HAND: AClubs, 7Clubs, QClubs, JHearts, 6Hearts, 3Hearts, QSpades, 5Spades, 4Spades, 2Spades.
P2 HAND: ADiamonds, QDiamonds, 3Diamonds, KClubs, 6Clubs, 3Clubs, AHearts, 5Hearts, KSpades, 3Spades.
P3 HAND: 7Diamonds, JClubs, 5Clubs, 2Clubs, 7Hearts, KHearts, QHearts, 2Hearts, ASpades, 7Spades.
P1 AClubs P2 3Clubs P3 JClubs P0 4Clubs 
P1 2Spades P2 3Spades P3 ASpades P0 6Spades 
P3 2Clubs P0 2Diamonds P1 QClubs P2 KClubs 
P0 4Hearts P1 3Hearts P2 AHearts P3 2Hearts 
P2 5Hearts P3 QHearts P0 4Diamonds P1 6Hearts 
P0 JSpades P1 4Spades P2 KSpades P3 7Spades 
P3 5Clubs P0 5Diamonds P1 7Clubs P2 6Clubs 
P0 6Diamonds P1 5Spades P2 3Diamonds P3 7Diamonds 
P3 KHearts P0 JDiamonds P1 JHearts P2 QDiamonds 
P0 KDiamonds P1 QSpades P2 ADiamonds P3 7Hearts 
-- /GAME --
P0 HAND: 3Diamonds, 2Diamonds, KClubs, 4Clubs, AHearts, KHearts, ASpades, KSpades, 5Spades, 4Spades.
P1 HAND: JDiamonds, 6Clubs, 3Clubs, JHearts, QHearts, 6Hearts, 3Hearts, 2Hearts, 3Spades, 2Spades.
P2 HAND: 7Diamonds, QDiamonds, 5Diamonds, 7Clubs, JClubs, 5Clubs, 2Clubs, 7Hearts, 4Hearts, QSpades.
P3 HAND: ADiamonds, KDiamonds, 6Diamonds, 4Diamonds, AClubs, QClubs, 5Hearts, 7Spades, JSpades, 6Spades.

