-- GAME --
P0 HAND: 6Diamonds, 4Diamonds, 2Diamonds, JClubs, 5Clubs, 2Clubs, AHearts, 7Hearts, 2Hearts, KSpades.
P1 HAND: 7Diamonds, JDiamonds, QDiamonds, 7Clubs, 4Clubs, 5Hearts, 4Hearts, 5Spades, 4Spades, 2Spades.
P2 HAND: KDiamonds, 5Diamonds, AClubs, JHearts, QHearts, 3Hearts, ASpades, JSpades, QSpades, 6Spades.
P3 HAND: ADiamonds, 3Diamonds, KClubs, QClubs, 6Clubs, 3Clubs, KHearts, 6Hearts, 7Spades, 3Spades.
P1 2Spades P2 ASpades P3 3Spades P0 KSpades 
P2 3Hearts P3 6Hearts P0 AHearts P1 4Hearts 
P0 2Diamonds P1 QDiamonds P2 5Diamonds P3 ADiamonds 
P3 3Diamonds P0 6Diamonds P1 7Diamonds P2 KDiamonds 
P1 4Spades P2 6Spades P3 7Spades P0 JClubs 
P0 7Hearts P1 5Hearts P2 JHearts P3 KHearts 
P0 4Diamonds P1 JDiamonds P2 QHearts P3 3Clubs 
P3 6Clubs P0 2Clubs P1 4Clubs P2 AClubs 
P2 QSpades P3 QClubs P0 2Hearts P1 5Spades 
P3 KClubs P0 5Clubs P1 7Clubs P2 JSpades 
-- /GAME --
P0 HAND: 6Diamonds, KClubs, JClubs, QClubs, AHearts, 6Hearts, 4Hearts, ASpades, 7Spades, JSpades.
P1 HAND: KDiamonds, JDiamonds, QDiamonds, 4Diamonds, 7Hearts, KHearts, QHearts, 5Hearts, QSpades, 3Spades.
P2 HAND: 7Diamonds, 3Diamonds, 2Diamonds, AClubs, 7Clubs, 6Clubs, 5Clubs, 2Clubs, 6Spades, 5Spades.
P3 HAND: ADiamonds, 5Diamonds, 4Clubs, 3Clubs, JHearts, 3Hearts, 2Hearts, KSpades, 4Spades, 2Spades.
P0 AHearts P1 5Hearts P2 7Diamonds P3 2Hearts 
P0 6Diamonds P1 4Diamonds P2 2Diamonds P3 ADiamonds 
P3 2Spades P0 ASpades P1 3Spades P2 6Spades 
P0 4Hearts P1 QHearts P2 3Diamonds P3 JHearts 
P3 3Hearts P0 6Hearts P1 KHearts P2 5Spades 
P1 QDiamonds P2 2Clubs P3 5Diamonds P0 7Spades 
P2 5Clubs P3 3Clubs P0 JClubs P1 QSpades 
P0 QClubs P1 JDiamonds P2 6Clubs P3 4Clubs 
P0 JSpades P1 KDiamonds P2 7Clubs P3 4Spades 
P2 AClubs P3 KSpades P0 KClubs P1 7Hearts 
-- /GAME --
P0 HAND: 5Diamonds, 4Diamonds, 2Diamonds, 3Clubs, AHearts, KHearts, 6Hearts, 2Hearts, ASpades, 2Spades.
P1 HAND: 6Diamonds, QClubs, 5Clubs, 2Clubs, 5Hearts, 3Hearts, 7Spades, 5Spades, 4Spades, 3Spades.
P2 HAND: 7Diamonds, KDiamonds, QDiamonds, AClubs, 7Clubs, 6Clubs, 4Clubs, 7Hearts, JSpades, QSpades.
P3 HAND: ADiamonds, JDiamonds, 3Diamonds, KClubs, JClubs, JHearts, QHearts, 4Hearts, KSpades, 6Spades.
P3 4Hearts P0 AHearts P1 3Hearts P2 7Hearts 
P0 3Clubs P1 2Clubs P2 AClubs P3 JClubs 
P2 4Clubs P3 KClubs P0 5Diamonds P1 5Clubs 
P0 ASpades 
