-- GAME --
P3 KDiamonds P0 2Diamonds 
P2 2Clubs P3 AClubs P0 KClubs P1 QClubs 
P3 3Spades P0 5Spades P1 4Clubs P2 QSpades 
P2 3Clubs P3 5Clubs P0 7Clubs P1 3Hearts 
P1 QDiamonds P2 5Diamonds P3 7Diamonds P0 4Diamonds 
P3 6Clubs P0 6Diamonds P1 4Hearts P2 4Spades 
P1 6Hearts P2 5Hearts P3 7Hearts P0 AHearts 
P0 KSpades P1 QHearts P2 JHearts P3 6Spades 
P2 JDiamonds P3 JClubs P0 7Spades P1 KHearts 
-- /GAME --
P0 HAND: ADiamonds, 5Diamonds, 3Diamonds, AClubs, 3Hearts, 2Hearts, ASpades, 7Spades, KSpades, 5Spades.
P1 HAND: JDiamonds, QDiamonds, JClubs, 6Clubs, AHearts, KHearts, 6Hearts, JSpades, 6Spades, 2Spades.
P2 HAND: 7Diamonds, 4Diamonds, 2Diamonds, KClubs, 4Clubs, QHearts, 5Hearts, 4Hearts, QSpades, 3Spades.
P3 HAND: KDiamonds, 6Diamonds, 7Clubs, QClubs, 5Clubs, 3Clubs, 2Clubs, 7Hearts, JHearts, 4Spades.
P3 4Spades P0 ASpades P1 2Spades P2 QSpades 
P0 ADiamonds P1 QDiamonds P2 7Diamonds P3 6Diamonds 
P0 7Spades P1 6Spades P2 3Spades P3 2Clubs 
P3 JHearts P0 2Hearts P1 AHearts P2 4Hearts 
P1 6Hearts P2 5Hearts P3 7Hearts P0 3Hearts 
P3 3Clubs P0 AClubs P1 6Clubs P2 4Clubs 

