-- GAME --
P0 HAND: ADiamonds, KDiamonds, JDiamonds, 3Diamonds, JClubs, QClubs, 6Clubs, 7Hearts, 7Spades, 3Spades.
P1 HAND: QDiamonds, 2Diamonds, KHearts, QHearts, 6Hearts, 4Hearts, 2Hearts, ASpades, KSpades, 6Spades.
P2 HAND: 5Diamonds, 7Clubs, 5Clubs, 4Clubs, 2Clubs, 5Hearts, JSpades, QSpades, 5Spades, 2Spades.
P3 HAND: 7Diamonds, 6Diamonds, 4Diamonds, AClubs, KClubs, 3Clubs, AHearts, JHearts, 3Hearts, 4Spades.
P3 AClubs P0 6Clubs P1 ASpades P2 2Clubs 
P3 3Clubs P0 QClubs P1 2Diamonds P2 7Clubs 
P2 2Spades P3 4Spades P0 7Spades P1 6Spades 
P0 ADiamonds P1 QDiamonds P2 5Diamonds P3 4Diamonds 
P0 JClubs P1 2Hearts P2 4Clubs P3 KClubs 
P1 4Hearts P2 5Hearts P3 3Hearts P0 7Hearts 
P0 KDiamonds P1 6Hearts P2 5Clubs P3 7Diamonds 
P1 QHearts P2 5Spades P3 JHearts P0 3Spades 
P3 6Diamonds P0 JDiamonds P1 KHearts P2 QSpades 
P1 KSpades P2 JSpades P3 AHearts P0 3Diamonds 
-- /GAME --
P0 HAND: ADiamonds, 4Diamonds, 2Diamonds, 7Clubs, 6Hearts, 4Hearts, KSpades, JSpades, QSpades, 4Spades.
P1 HAND: 7Diamonds, 6Diamonds, 6Clubs, 5Clubs, 3Clubs, KHearts, 5Hearts, 2Hearts, 6Spades, 3Spades.
P2 HAND: KDiamonds, QDiamonds, 5Diamonds, 3Diamonds, AClubs, 2Clubs, AHearts, JHearts, 7Spades, 5Spades.
P3 HAND: JDiamonds, KClubs, JClubs, QClubs, 4Clubs, 7Hearts, QHearts, 3Hearts, ASpades, 2Spades.
P2 AHearts P3 3Hearts P0 6Hearts P1 2Hearts 
P2 3Diamonds P3 JDiamonds P0 ADiamonds P1 6Diamonds 
P0 4Diamonds P1 7Diamonds P2 5Diamonds P3 ASpades 
P1 3Spades P2 7Spades P3 2Spades P0 KSpades 
P2 5Spades P3 QHearts P0 JSpades P1 6Spades 
P0 QSpades P1 5Hearts P2 QDiamonds P3 4Clubs 
P3 QClubs P0 7Clubs P1 3Clubs P2 2Clubs 
P0 2Diamonds P1 5Clubs P2 KDiamonds P3 7Hearts 
P1 6Clubs P2 AClubs P3 JClubs P0 4Hearts 
P2 JHearts P3 KClubs P0 4Spades P1 KHearts 
-- /GAME --
P0 HAND: ADiamonds, KDiamonds, JDiamonds, AHearts, KHearts, JHearts, QHearts, 5Hearts, 7Spades, 6Spades.
P1 HAND: 3Diamonds, AClubs, KClubs, 7Hearts, 4Hearts, 3Hearts, JSpades, QSpades, 4Spades, 3Spades.
P2 HAND: 7Diamonds, QDiamonds, QClubs, 4Clubs, 2Clubs, 6Hearts, 2Hearts, ASpades, KSpades, 5Spades.
P3 HAND: 6Diamonds, 5Diamonds, 4Diamonds, 2Diamonds, 7Clubs, JClubs, 6Clubs, 5Clubs, 3Clubs, 2Spades.
P1 AClubs P2 2Clubs P3 7Clubs P0 JHearts 
P0 5Hearts P1 3Hearts P2 2Hearts P3 2Diamonds 
P0 AHearts P1 4Hearts P2 6Hearts P3 2Spades 
P0 ADiamonds P1 3Diamonds P2 7Diamonds P3 4Diamonds 
P0 KDiamonds P1 3Spades P2 QDiamonds P3 5Diamonds 
P0 JDiamonds P1 4Spades P2 4Clubs P3 6Diamonds 
P0 QHearts P1 7Hearts P2 5Spades P3 JClubs 
P1 QSpades P2 KSpades P3 3Clubs P0 7Spades 
P0 6Spades P1 JSpades P2 ASpades P3 5Clubs 
P2 QClubs P3 6Clubs P0 KHearts P1 KClubs 
-- /GAME --
P0 HAND: 7Diamonds, 4Diamonds, 3Diamonds, KClubs, 5Clubs, 3Clubs, 2Clubs, 3Hearts, 2Hearts, 5Spades.
P1 HAND: 5Diamonds, AClubs, 6Clubs, KHearts, QHearts, 5Hearts, 4Hearts, 7Spades, 6Spades, 2Spades.
P2 HAND: JDiamonds, QDiamonds, 2Diamonds, 7Clubs, QClubs, 4Clubs, AHearts, JHearts, ASpades, QSpades.
P3 HAND: ADiamonds, KDiamonds, 6Diamonds, JClubs, 7Hearts, 6Hearts, KSpades, JSpades, 4Spades, 3Spades.
P0 3Diamonds P1 5Diamonds P2 2Diamonds P3 ADiamonds 
P3 6Diamonds P0 7Diamonds P1 2Spades P2 QDiamonds 
P1 AClubs P2 4Clubs P3 JClubs P0 2Clubs 
P1 4Hearts P2 AHearts P3 6Hearts P0 3Hearts 
P2 QClubs P3 3Spades P0 3Clubs P1 6Clubs 
P3 4Spades P0 5Spades P1 6Spades P2 QSpades 
P2 JDiamonds P3 KDiamonds P0 4Diamonds P1 KHearts 
P3 JSpades P0 2Hearts P1 7Spades P2 ASpades 
P2 JHearts P3 7Hearts P0 5Clubs P1 QHearts 
P3 KSpades P0 KClubs P1 5Hearts P2 7Clubs 
-- /GAME --
P0 HAND: AClubs, 7Clubs, 6Clubs, 5Clubs, AHearts, KHearts, JHearts, JSpades, QSpades, 4Spades.
P1 HAND: 6Diamonds, 5Diamonds, 4Diamonds, QClubs, 4Clubs, 7Hearts, 5Hearts, 2Hearts, 6Spades, 2Spades.
P2 HAND: ADiamonds, KDiamonds, JDiamonds, KClubs, 2Clubs, QHearts, 4Hearts, KSpades, 5Spades, 3Spades.
P3 HAND: 7Diamonds, QDiamonds, 3Diamonds, 2Diamonds, JClubs, 3Clubs, 6Hearts, 3Hearts, ASpades, 7Spades.
P3 ASpades P0 4Spades P1 6Spades P2 3Spades 
P3 2Diamonds P0 QSpades P1 4Diamonds P2 ADiamonds 
P2 4Hearts P3 3Hearts P0 AHearts P1 2Hearts 
P0 JHearts P1 5Hearts P2 QHearts P3 6Hearts 
P0 KHearts P1 7Hearts P2 2Clubs P3 3Clubs 
P3 3Diamonds P0 JSpades P1 5Diamonds P2 KDiamonds 
P2 5Spades P3 7Spades P0 7Clubs P1 2Spades 
P0 5Clubs P1 4Clubs P2 KClubs P3 JClubs 
P2 JDiamonds P3 QDiamonds P0 6Clubs P1 6Diamonds 
P0 AClubs P1 QClubs P2 KSpades P3 7Diamonds 
-- /GAME --
P0 HAND: ADiamonds, 4Diamonds, JClubs, QClubs, 6Clubs, 4Clubs, 3Clubs, AHearts, ASpades, 2Spades.
P1 HAND: 7Diamonds, 6Diamonds, 7Clubs, 7Hearts, JHearts, 5Hearts, KSpades, QSpades, 5Spades, 3Spades.
P2 HAND: KDiamonds, QDiamonds, 5Diamonds, 3Diamonds, KClubs, KHearts, QHearts, 2Hearts, 7Spades, 6Spades.
P3 HAND: JDiamonds, 2Diamonds, AClubs, 5Clubs, 2Clubs, 6Hearts, 4Hearts, 3Hearts, JSpades, 4Spades.
P1 5Hearts P2 2Hearts P3 3Hearts P0 AHearts 
P0 ADiamonds P1 6Diamonds P2 KDiamonds P3 2Diamonds 
P0 4Diamonds P1 7Diamonds P2 3Diamonds P3 JDiamonds 
P1 JHearts P2 QHearts P3 4Hearts P0 2Spades 
P0 6Clubs P1 7Clubs P2 KClubs P3 AClubs 
P3 2Clubs P0 JClubs P1 3Spades P2 5Diamonds 
P1 5Spades P2 6Spades P3 4Spades P0 ASpades 
P0 QClubs P1 QSpades P2 QDiamonds P3 5Clubs 
P1 KSpades P2 7Spades P3 JSpades P0 3Clubs 
P2 KHearts P3 6Hearts P0 4Clubs P1 7Hearts 
-- /GAME --
P0 HAND: 7Diamonds, QDiamonds, 5Clubs, AHearts, QHearts, 5Hearts, 2Hearts, ASpades, JSpades, 5Spades.
P1 HAND: KDiamonds, 5Diamonds, 4Diamonds, 4Clubs, 2Clubs, KHearts, 6Hearts, KSpades, 3Spades, 2Spades.
P2 HAND: ADiamonds, JDiamonds, 6Diamonds, 3Diamonds, KClubs, 3Clubs, 4Hearts, 7Spades, QSpades, 6Spades.
P3 HAND: 2Diamonds, AClubs, 7Clubs, JClubs, QClubs, 6Clubs, 7Hearts, JHearts, 3Hearts, 4Spades.
P0 ASpades P1 2Spades P2 7Spades P3 4Spades 
P0 AHearts P1 6Hearts P2 4Hearts P3 3Hearts 
P0 QDiamonds P1 4Diamonds P2 ADiamonds P3 2Diamonds 
P2 3Diamonds P3 6Clubs P0 7Diamonds P1 KDiamonds 
P3 JHearts P0 2Hearts P1 KHearts P2 3Clubs 
P2 6Diamonds P3 QClubs P0 JSpades P1 5Diamonds 
P3 JClubs P0 5Clubs P1 2Clubs P2 KClubs 
P2 6Spades P3 7Clubs P0 5Spades P1 KSpades 
P3 AClubs P0 5Hearts P1 4Clubs P2 QSpades 
P3 7Hearts P0 QHearts P1 3Spades P2 JDiamonds 
-- /GAME --
P0 HAND: 3Diamonds, 7Clubs, 6Clubs, 4Clubs, 7Hearts, JHearts, ASpades, 7Spades, 5Spades, 3Spades.
P1 HAND: 7Diamonds, 2Diamonds, JClubs, QClubs, 2Clubs, 6Hearts, 3Hearts, 2Hearts, JSpades, QSpades.
P2 HAND: ADiamonds, QDiamonds, 5Diamonds, AClubs, KClubs, 3Clubs, AHearts, KHearts, 5Hearts, 6Spades.
P3 HAND: KDiamonds, JDiamonds, 6Diamonds, 4Diamonds, 5Clubs, QHearts, 4Hearts, KSpades, 4Spades, 2Spades.
P3 2Spades P0 ASpades P1 QSpades P2 6Spades 
P0 JHearts P1 2Hearts P2 AHearts P3 4Hearts 
P2 ADiamonds P3 4Diamonds P0 3Diamonds P1 2Diamonds 
P2 5Diamonds P3 6Diamonds P0 7Clubs P1 7Diamonds 
P0 7Hearts P1 3Hearts P2 KHearts P3 QHearts 
P0 7Spades P1 JSpades P2 QDiamonds P3 4Spades 
P0 5Spades P1 6Hearts P2 5Hearts P3 KSpades 
P3 JDiamonds P0 4Clubs P1 2Clubs P2 3Clubs 
P0 3Spades P1 QClubs P2 KClubs P3 KDiamonds 
P2 AClubs P3 5Clubs P0 6Clubs P1 JClubs 
-- /GAME --
P0 HAND: QDiamonds, 6Diamonds, JClubs, 5Clubs, JHearts, QHearts, 6Hearts, KSpades, 6Spades, 4Spades.
P1 HAND: ADiamonds, 7Diamonds, KDiamonds, 2Diamonds, QClubs, 6Clubs, 7Hearts, 2Hearts, 7Spades, 3Spades.
P2 HAND: JDiamonds, 7Clubs, 3Clubs, 2Clubs, AHearts, KHearts, 5Hearts, 4Hearts, JSpades, 2Spades.
P3 HAND: 5Diamonds, 4Diamonds, 3Diamonds, AClubs, KClubs, 4Clubs, 3Hearts, ASpades, QSpades, 5Spades.
P2 AHearts P3 3Hearts P0 JHearts P1 2Hearts 
P2 2Clubs P3 AClubs P0 5Clubs P1 QClubs 
P3 ASpades P0 4Spades P1 7Spades P2 2Spades 
P3 4Clubs P0 JClubs P1 6Clubs P2 7Clubs 
P2 3Clubs P3 KClubs P0 QDiamonds P1 KDiamonds 
P1 3Spades P2 JSpades P3 5Spades P0 KSpades 
P0 6Spades P1 2Diamonds P2 4Hearts P3 QSpades 
P1 7Diamonds P2 JDiamonds P3 3Diamonds P0 6Diamonds 
P1 ADiamonds P2 5Hearts P3 4Diamonds P0 6Hearts 
P1 7Hearts P2 KHearts P3 5Diamonds P0 QHearts 
-- /GAME --
P0 HAND: 7Diamonds, 7Clubs, KClubs, 3Clubs, QHearts, 3Hearts, 7Spades, JSpades, 6Spades, 4Spades.
P1 HAND: JDiamonds, 6Diamonds, 5Diamonds, 3Diamonds, 2Diamonds, JClubs, QClubs, 2Clubs, AHearts, KHearts.
P2 HAND: KDiamonds, 4Diamonds, AClubs, 6Clubs, 5Clubs, JHearts, 2Hearts, KSpades, 5Spades, 3Spades.
P3 HAND: ADiamonds, QDiamonds, 4Clubs, 7Hearts, 6Hearts, 5Hearts, 4Hearts, ASpades, QSpades, 2Spades.
P1 AHearts P2 2Hearts P3 7Hearts P0 3Hearts 
P1 2Diamonds P2 4Diamonds P3 ADiamonds P0 7Diamonds 
P3 4Clubs P0 KClubs P1 2Clubs P2 AClubs 
P2 5Clubs P3 4Hearts P0 7Clubs P1 QClubs 
P0 3Clubs P1 JClubs P2 6Clubs P3 QDiamonds 
P1 3Diamonds P2 KDiamonds P3 5Hearts P0 QHearts 
P2 JHearts P3 6Hearts P0 JSpades P1 KHearts 
P0 4Spades P1 5Diamonds P2 3Spades P3 2Spades 
P0 6Spades P1 6Diamonds P2 5Spades P3 QSpades 
P3 ASpades P0 7Spades P1 JDiamonds P2 KSpades 
-- /GAME --
P0 HAND: AClubs, 6Clubs, 4Clubs, 3Clubs, 6Hearts, ASpades, QSpades, 6Spades, 3Spades, 2Spades.
P1 HAND: ADiamonds, QDiamonds, 4Diamonds, 3Diamonds, 2Diamonds, JHearts, QHearts, 5Hearts, 5Spades, 4Spades.
P2 HAND: 7Diamonds, 6Diamonds, 5Diamonds, 7Clubs, JClubs, 7Hearts, 3Hearts, 2Hearts, KSpades, JSpades.
P3 HAND: KDiamonds, JDiamonds, KClubs, QClubs, 5Clubs, 2Clubs, AHearts, KHearts, 4Hearts, 7Spades.
P1 2Diamonds P2 5Diamonds P3 JDiamonds P0 6Hearts 
P3 AHearts P0 2Spades P1 5Hearts P2 7Hearts 
P0 3Spades P1 4Spades P2 JSpades P3 7Spades 
P3 2Clubs P0 AClubs P1 5Spades P2 JClubs 
P1 3Diamonds P2 6Diamonds P3 KDiamonds P0 6Clubs 
P3 4Hearts P0 3Clubs P1 QHearts P2 2Hearts 
P1 4Diamonds P2 7Diamonds P3 5Clubs P0 4Clubs 
P2 3Hearts P3 KHearts P0 6Spades P1 JHearts 
P0 ASpades P1 QDiamonds P2 KSpades P3 QClubs 
P0 QSpades P1 ADiamonds P2 7Clubs P3 KClubs 
-- /GAME --
P0 HAND: ADiamonds, 7Clubs, KClubs, 3Clubs, 2Clubs, 2Hearts, 7Spades, JSpades, 4Spades, 3Spades.
P1 HAND: 7Diamonds, JClubs, QClubs, AHearts, 7Hearts, KHearts, 6Hearts, 4Hearts, 3Hearts, 2Spades.
P2 HAND: JDiamonds, QDiamonds, 4Diamonds, 3Diamonds, 2Diamonds, 6Clubs, ASpades, KSpades, QSpades, 6Spades.
P3 HAND: KDiamonds, 6Diamonds, 5Diamonds, AClubs, 5Clubs, 4Clubs, JHearts, QHearts, 5Hearts, 5Spades.
P0 2Clubs P1 QClubs P2 6Clubs P3 4Clubs 
P1 2Spades P2 ASpades P3 5Spades P0 7Spades 
P2 2Diamonds P3 5Diamonds P0 ADiamonds P1 7Diamonds 
P0 JSpades P1 3Hearts P2 KSpades P3 5Clubs 
P3 5Hearts P0 2Hearts P1 AHearts P2 3Diamonds 
P1 4Hearts P2 4Diamonds P3 QHearts P0 3Spades 
P3 6Diamonds P0 4Spades P1 6Hearts P2 JDiamonds 
P2 6Spades P3 AClubs P0 3Clubs P1 7Hearts 
P3 JHearts P0 7Clubs P1 KHearts P2 QDiamonds 
P0 KClubs P1 JClubs P2 QSpades P3 KDiamonds 
-- /GAME --
P0 HAND: ADiamonds, QDiamonds, 4Diamonds, 3Diamonds, 7Clubs, KHearts, QHearts, 3Hearts, JSpades, QSpades.
P1 HAND: 2Diamonds, JClubs, AHearts, 6Hearts, 5Hearts, 4Hearts, 7Spades, 5Spades, 4Spades, 2Spades.
P2 HAND: JDiamonds, 5Diamonds, QClubs, 6Clubs, 5Clubs, 2Clubs, 7Hearts, ASpades, KSpades, 6Spades.
P3 HAND: 7Diamonds, KDiamonds, 6Diamonds, AClubs, KClubs, 4Clubs, 3Clubs, JHearts, 2Hearts, 3Spades.
P3 2Hearts P0 3Hearts P1 AHearts P2 7Hearts 
P1 2Diamonds P2 5Diamonds P3 6Diamonds P0 ADiamonds 
P0 KHearts P1 4Hearts P2 ASpades P3 JHearts 
P0 QHearts P1 5Hearts P2 6Spades P3 3Spades 
P0 JSpades P1 2Spades P2 KSpades P3 3Clubs 
P3 4Clubs P0 7Clubs P1 JClubs P2 2Clubs 
P0 QSpades P1 4Spades P2 5Clubs P3 KClubs 
P3 AClubs P0 3Diamonds P1 7Spades P2 6Clubs 
P3 KDiamonds P0 4Diamonds P1 5Spades P2 JDiamonds 
P3 7Diamonds P0 QDiamonds P1 6Hearts P2 QClubs 
-- /GAME --
P0 HAND: 2Diamonds, 7Clubs, JClubs, QClubs, 5Clubs, QHearts, 6Hearts, 5Hearts, KSpades, 3Spades.
P1 HAND: ADiamonds, 3Diamonds, 3Clubs, 7Hearts, JHearts, ASpades, JSpades, QSpades, 5Spades, 4Spades.
P2 HAND: 7Diamonds, JDiamonds, 5Diamonds, 4Diamonds, KClubs, 6Clubs, KHearts, 3Hearts, 6Spades, 2Spades.
P3 HAND: KDiamonds, QDiamonds, 6Diamonds, AClubs, 4Clubs, 2Clubs, AHearts, 4Hearts, 2Hearts, 7Spades.
P2 2Spades P3 7Spades P0 3Spades P1 ASpades 
P1 ADiamonds P2 4Diamonds P3 KDiamonds P0 2Diamonds 
P1 3Diamonds P2 5Diamonds P3 6Diamonds P0 KSpades 
P3 AClubs P0 5Clubs P1 3Clubs P2 6Clubs 
P3 2Clubs P0 7Clubs P1 JHearts P2 KClubs 
P1 4Spades P2 6Spades P3 4Clubs P0 JClubs 
P2 JDiamonds P3 QDiamonds P0 QHearts P1 7Hearts 
P1 5Spades P2 3Hearts P3 2Hearts P0 QClubs 
P2 KHearts P3 4Hearts P0 5Hearts P1 QSpades 
P2 7Diamonds P3 AHearts P0 6Hearts P1 JSpades 
-- /GAME --
P0 HAND: 5Diamonds, 5Clubs, 4Clubs, 3Clubs, AHearts, KHearts, 6Hearts, 2Hearts, 5Spades, 3Spades.
P1 HAND: ADiamonds, JDiamonds, 4Diamonds, AClubs, KClubs, 2Clubs, JHearts, QHearts, 5Hearts, 3Hearts.
P2 HAND: QDiamonds, 6Diamonds, 3Diamonds, QClubs, 7Hearts, 4Hearts, ASpades, 7Spades, KSpades, 2Spades.
P3 HAND: 7Diamonds, KDiamonds, 2Diamonds, 7Clubs, JClubs, 6Clubs, JSpades, QSpades, 6Spades, 4Spades.
P1 ADiamonds P2 3Diamonds P3 7Diamonds P0 5Diamonds 
P1 AClubs P2 QClubs P3 7Clubs P0 5Clubs 
P1 2Clubs P2 2Spades P3 6Clubs P0 4Clubs 
P3 2Diamonds P0 5Spades P1 4Diamonds P2 QDiamonds 
P2 6Diamonds P3 KDiamonds P0 3Spades P1 JDiamonds 
P3 4Spades P0 3Clubs P1 3Hearts P2 KSpades 
P1 5Hearts P2 4Hearts P3 6Spades P0 2Hearts 
P1 QHearts P2 7Hearts P3 QSpades P0 6Hearts 
P2 7Spades P3 JSpades P0 KHearts P1 KClubs 
P0 AHearts P1 JHearts P2 ASpades P3 JClubs 
-- /GAME --
P0 HAND: QDiamonds, 4Diamonds, 3Diamonds, AClubs, 7Clubs, 2Clubs, AHearts, 4Hearts, ASpades, JSpades.
P1 HAND: 7Diamonds, KDiamonds, JDiamonds, JClubs, 7Hearts, QHearts, 6Hearts, 5Hearts, 3Hearts, 3Spades.
P2 HAND: 6Diamonds, 5Diamonds, KClubs, 5Clubs, 3Clubs, JHearts, 2Hearts, 7Spades, 5Spades, 2Spades.
P3 HAND: ADiamonds, 2Diamonds, QClubs, 6Clubs, 4Clubs, KHearts, KSpades, QSpades, 6Spades, 4Spades.
P0 AClubs P1 JClubs P2 KClubs P3 4Clubs 
P0 AHearts P1 3Hearts P2 JHearts P3 KHearts 
P0 4Diamonds P1 JDiamonds P2 5Diamonds P3 ADiamonds 
P3 2Diamonds P0 QDiamonds P1 7Diamonds P2 6Diamonds 
P1 5Hearts P2 2Hearts P3 6Clubs P0 4Hearts 
P1 6Hearts P2 3Clubs P3 QClubs P0 3Diamonds 
P1 QHearts P2 5Clubs P3 4Spades P0 2Clubs 
P3 6Spades P0 JSpades P1 3Spades P2 2Spades 
P0 ASpades P1 KDiamonds P2 5Spades P3 QSpades 
P0 7Clubs P1 7Hearts P2 7Spades P3 KSpades 
-- /GAME --

