-- GAME --
P0 HAND: JDiamonds, 5Diamonds, 4Diamonds, JClubs, 4Clubs, JHearts, 3Hearts, JSpades, 6Spades, 3Spades.
P1 HAND: 7Diamonds, AClubs, AHearts, 7Hearts, KHearts, QHearts, 4Hearts, ASpades, 4Spades, 2Spades.
P2 HAND: 3Diamonds, 2Diamonds, 7Clubs, KClubs, QClubs, 6Clubs, 5Clubs, 2Hearts, KSpades, QSpades.
P3 HAND: ADiamonds, KDiamonds, QDiamonds, 6Diamonds, 3Clubs, 2Clubs, 6Hearts, 5Hearts, 7Spades, 5Spades.
P3 ADiamonds P0 4Diamonds P1 7Diamonds P2 2Diamonds 
P3 2Clubs P0 4Clubs P1 AClubs P2 5Clubs 
P1 ASpades P2 QSpades P3 7Spades P0 3Spades 
P1 2Spades P2 KSpades P3 5Spades P0 JSpades 
P2 3Diamonds P3 6Diamonds P0 JDiamonds P1 4Spades 
P0 6Spades P1 4Hearts P2 6Clubs P3 KDiamonds 
P1 QHearts P2 2Hearts P3 5Hearts P0 JHearts 
P0 5Diamonds P1 KHearts P2 QClubs P3 QDiamonds 
P1 7Hearts P2 KClubs P3 6Hearts P0 3Hearts 
P1 AHearts P2 7Clubs P3 3Clubs P0 JClubs 
-- /GAME --
P0 HAND: ADiamonds, AClubs, KClubs, JClubs, 3Clubs, 2Clubs, 7Hearts, 3Hearts, KSpades, JSpades.
P1 HAND: 7Diamonds, KDiamonds, 7Clubs, 5Clubs, 6Hearts, 5Hearts, ASpades, 7Spades, 6Spades, 4Spades.
P2 HAND: JDiamonds, 6Diamonds, 5Diamonds, 3Diamonds, 4Clubs, AHearts, KHearts, JHearts, 3Spades, 2Spades.
P3 HAND: QDiamonds, 4Diamonds, 2Diamonds, QClubs, 6Clubs, QHearts, 4Hearts, 2Hearts, QSpades, 5Spades.
P2 AHearts P3 2Hearts P0 7Hearts P1 5Hearts 
P2 3Diamonds P3 2Diamonds P0 ADiamonds P1 KDiamonds 
P0 3Hearts P1 6Hearts P2 KHearts P3 4Hearts 
P2 4Clubs P3 6Clubs P0 AClubs P1 5Clubs 
P0 2Clubs P1 7Clubs P2 2Spades P3 QClubs 
P2 5Diamonds P3 4Diamonds P0 3Clubs P1 7Diamonds 
P1 4Spades P2 3Spades P3 5Spades P0 KSpades 
P0 JClubs P1 6Spades P2 6Diamonds P3 QDiamonds 
P1 7Spades P2 JDiamonds P3 QSpades P0 JSpades 
P1 ASpades P2 JHearts P3 QHearts P0 KClubs 
-- /GAME --
P0 HAND: QDiamonds, 3Diamonds, AClubs, QClubs, 2Clubs, AHearts, KHearts, 5Hearts, QSpades, 5Spades.
P1 HAND: 5Diamonds, 2Diamonds, 7Clubs, JClubs, 7Hearts, 3Hearts, 7Spades, KSpades, 4Spades, 3Spades.
P2 HAND: 7Diamonds, JDiamonds, 6Diamonds, KClubs, 6Clubs, 5Clubs, JHearts, 4Hearts, 2Hearts, ASpades.
P3 HAND: ADiamonds, KDiamonds, 4Diamonds, 4Clubs, 3Clubs, QHearts, 6Hearts, JSpades, 6Spades, 2Spades.
P1 2Diamonds P2 6Diamonds P3 ADiamonds P0 3Diamonds 
P3 2Spades P0 5Spades P1 3Spades P2 ASpades 
P2 2Hearts P3 6Hearts P0 AHearts P1 3Hearts 
P0 QDiamonds P1 5Diamonds P2 7Diamonds P3 4Diamonds 
P2 4Hearts P3 QHearts P0 KHearts P1 7Hearts 
P1 4Spades P2 5Clubs P3 6Spades P0 QSpades 
P2 JDiamonds P3 KDiamonds P0 QClubs P1 JClubs 
P1 7Clubs P2 6Clubs P3 3Clubs P0 AClubs 
P0 5Hearts P1 KSpades P2 JHearts P3 4Clubs 
P3 JSpades P0 2Clubs P1 7Spades P2 KClubs 
-- /GAME --
P0 HAND: KDiamonds, QDiamonds, 6Diamonds, JClubs, AHearts, KHearts, 2Hearts, 7Spades, KSpades, JSpades.
P1 HAND: ADiamonds, 5Diamonds, 3Diamonds, 6Clubs, 2Clubs, QHearts, 3Hearts, QSpades, 5Spades, 2Spades.
P2 HAND: 7Diamonds, 4Diamonds, QClubs, 4Clubs, 6Hearts, 5Hearts, ASpades, 6Spades, 4Spades, 3Spades.
P3 HAND: JDiamonds, 2Diamonds, AClubs, 7Clubs, KClubs, 5Clubs, 3Clubs, 7Hearts, JHearts, 4Hearts.
P0 AHearts P1 3Hearts P2 6Hearts P3 4Hearts 
P0 6Diamonds P1 ADiamonds P2 4Diamonds P3 JDiamonds 
P1 2Spades P2 ASpades P3 3Clubs P0 JSpades 
P3 2Diamonds P0 KDiamonds P1 3Diamonds P2 7Diamonds 
P2 3Spades P3 5Clubs P0 KSpades P1 QSpades 
P3 JHearts P0 KHearts P1 QHearts P2 5Hearts 
P0 QDiamonds P1 5Diamonds P2 4Spades P3 KClubs 
P3 7Clubs P0 JClubs P1 2Clubs P2 4Clubs 
P3 AClubs P0 2Hearts P1 6Clubs P2 QClubs 
P3 7Hearts P0 7Spades P1 5Spades P2 6Spades 
-- /GAME --
P0 HAND: JDiamonds, QDiamonds, 3Diamonds, JClubs, QClubs, 6Clubs, 2Clubs, AHearts, 3Hearts, ASpades.
P1 HAND: ADiamonds, 6Diamonds, 5Diamonds, 5Clubs, QHearts, 6Hearts, 5Hearts, 4Hearts, QSpades, 5Spades.
P2 HAND: KDiamonds, 4Diamonds, 2Diamonds, 3Clubs, 7Hearts, KHearts, KSpades, JSpades, 4Spades, 3Spades.
P3 HAND: 7Diamonds, AClubs, 7Clubs, KClubs, 4Clubs, JHearts, 2Hearts, 7Spades, 6Spades, 2Spades.
P3 AClubs P0 2Clubs P1 5Clubs P2 3Clubs 
P3 2Hearts P0 AHearts P1 4Hearts P2 7Hearts 
P0 ASpades P1 5Spades P2 KSpades P3 2Spades 
P0 3Hearts P1 5Hearts P2 KHearts P3 JHearts 
P2 3Spades P3 6Spades P0 6Clubs P1 QSpades 
P1 6Hearts P2 4Spades P3 4Clubs P0 QClubs 
P1 QHearts P2 2Diamonds P3 7Diamonds P0 JClubs 
P3 KClubs P0 QDiamonds P1 ADiamonds P2 JSpades 
P1 5Diamonds P2 4Diamonds P3 7Clubs P0 JDiamonds 
P0 3Diamonds P1 6Diamonds P2 KDiamonds P3 7Spades 
-- /GAME --
P0 HAND: QDiamonds, 2Diamonds, 6Clubs, KHearts, QHearts, 7Spades, KSpades, 6Spades, 3Spades, 2Spades.
P1 HAND: ADiamonds, JDiamonds, 5Diamonds, 3Diamonds, 2Clubs, 7Hearts, 2Hearts, JSpades, QSpades, 5Spades.
P2 HAND: KDiamonds, 6Diamonds, 7Clubs, JClubs, QClubs, 3Clubs, AHearts, 6Hearts, 5Hearts, ASpades.
P3 HAND: 7Diamonds, 4Diamonds, AClubs, KClubs, 5Clubs, 4Clubs, JHearts, 4Hearts, 3Hearts, 4Spades.
P2 AHearts P3 3Hearts P0 KHearts P1 2Hearts 
P2 ASpades P3 4Spades P0 7Spades P1 5Spades 
P2 3Clubs P3 AClubs P0 6Clubs P1 2Clubs 
P3 4Clubs P0 2Spades P1 QSpades P2 7Clubs 
P2 5Hearts P3 4Hearts P0 QHearts P1 7Hearts 
P1 JSpades P2 6Hearts P3 5Clubs P0 KSpades 
P0 3Spades P1 3Diamonds P2 QClubs P3 KClubs 
P1 5Diamonds P2 6Diamonds P3 4Diamonds P0 QDiamonds 
P0 6Spades P1 JDiamonds P2 KDiamonds P3 7Diamonds 
P3 JHearts P0 2Diamonds P1 ADiamonds P2 JClubs 
-- /GAME --
P0 HAND: 7Diamonds, QDiamonds, 6Clubs, AHearts, QHearts, 3Hearts, 2Hearts, KSpades, JSpades, 4Spades.
P1 HAND: 6Diamonds, 5Diamonds, 4Diamonds, 3Diamonds, AClubs, KClubs, QClubs, 6Hearts, ASpades, 2Spades.
P2 HAND: ADiamonds, JDiamonds, 5Clubs, 2Clubs, 7Hearts, JHearts, 4Hearts, 7Spades, 5Spades, 3Spades.
P3 HAND: KDiamonds, 2Diamonds, 7Clubs, JClubs, 4Clubs, 3Clubs, KHearts, 5Hearts, QSpades, 6Spades.

