-- GAME --
P0 HAND: JClubs, QClubs, 7Hearts, KHearts, QHearts, 4Hearts, ASpades, 7Spades, KSpades, 6Spades.
P1 HAND: JDiamonds, QDiamonds, 4Diamonds, 2Diamonds, KClubs, 3Clubs, 6Hearts, 3Hearts, 3Spades, 2Spades.
P2 HAND: KDiamonds, 7Clubs, 6Clubs, 5Clubs, 4Clubs, 2Clubs, AHearts, JHearts, 2Hearts, QSpades.
P3 HAND: ADiamonds, 7Diamonds, 6Diamonds, 5Diamonds, 3Diamonds, AClubs, 5Hearts, JSpades, 5Spades, 4Spades.
P2 AHearts P3 5Hearts P0 7Hearts P1 3Hearts 
P2 2Clubs P3 AClubs P0 QClubs P1 KClubs 
P3 3Diamonds P0 6Spades P1 2Diamonds P2 KDiamonds 
P0 JClubs P1 3Clubs P2 4Clubs P3 5Diamonds 
P0 4Hearts P1 6Hearts P2 2Hearts P3 ADiamonds 
P1 4Diamonds P2 5Clubs P3 6Diamonds P0 QHearts 
P3 4Spades P0 KSpades P1 2Spades P2 QSpades 
P0 ASpades P1 3Spades P2 7Clubs P3 5Spades 
P0 7Spades P1 QDiamonds P2 6Clubs P3 JSpades 
P0 KHearts P1 JDiamonds P2 JHearts P3 7Diamonds 
-- /GAME --
P0 HAND: ADiamonds, 5Diamonds, 4Diamonds, AClubs, QClubs, 3Clubs, 2Clubs, 6Hearts, 7Spades, 4Spades.
P1 HAND: 7Diamonds, KDiamonds, JDiamonds, QDiamonds, 2Diamonds, 4Clubs, AHearts, 3Hearts, JSpades, 5Spades.
P2 HAND: 6Diamonds, JClubs, 6Clubs, 7Hearts, KHearts, 5Hearts, 4Hearts, 2Hearts, 3Spades, 2Spades.
P3 HAND: 3Diamonds, 7Clubs, KClubs, 5Clubs, JHearts, QHearts, ASpades, KSpades, QSpades, 6Spades.
P1 AHearts P2 2Hearts P3 JHearts P0 6Hearts 
P1 2Diamonds P2 6Diamonds P3 3Diamonds P0 ADiamonds 
P0 4Spades P1 5Spades P2 2Spades P3 ASpades 
P3 6Spades P0 7Spades P1 JSpades P2 3Spades 
P0 5Diamonds P1 QDiamonds P2 4Hearts P3 KSpades 
P1 3Hearts P2 5Hearts P3 QHearts P0 4Diamonds 
P3 QSpades P0 2Clubs P1 4Clubs 
