-- GAME --
P0 HAND: 5Diamonds, AClubs, QClubs, 6Clubs, 2Clubs, 7Hearts, KHearts, JHearts, 3Hearts, JSpades.
P1 HAND: ADiamonds, 7Diamonds, 4Diamonds, 5Clubs, 3Clubs, AHearts, 6Hearts, 5Hearts, 7Spades, 6Spades.
P2 HAND: KDiamonds, JDiamonds, 3Diamonds, 7Clubs, JClubs, 4Hearts, ASpades, QSpades, 4Spades, 3Spades.
P3 HAND: QDiamonds, 6Diamonds, 2Diamonds, KClubs, 4Clubs, QHearts, 2Hearts, KSpades, 5Spades, 2Spades.
P0 JSpades P1 6Spades P2 ASpades P3 2Spades 
P2 3Spades P3 5Spades P0 5Diamonds P1 7Spades 
P0 AClubs P1 3Clubs P2 7Clubs P3 4Clubs 
P0 2Clubs P1 5Clubs P2 JClubs P3 KClubs 
P3 2Hearts P0 3Hearts P1 AHearts P2 4Hearts 
P1 5Hearts P2 4Spades P3 QHearts P0 7Hearts 
P0 QClubs P1 6Hearts P2 QSpades P3 2Diamonds 
P3 6Diamonds P0 KHearts P1 4Diamonds P2 3Diamonds 
P3 QDiamonds P0 JHearts P1 7Diamonds P2 JDiamonds 
P1 ADiamonds P2 KDiamonds P3 KSpades P0 6Clubs 
-- /GAME --
P0 HAND: ADiamonds, JDiamonds, 6Diamonds, 7Clubs, JClubs, 3Clubs, JSpades, 6Spades, 4Spades, 3Spades.
P1 HAND: QDiamonds, 4Diamonds, 2Diamonds, AClubs, 6Clubs, KHearts, JHearts, 3Hearts, ASpades, 7Spades.
P2 HAND: 5Diamonds, 3Diamonds, KClubs, 5Clubs, 2Clubs, 7Hearts, 6Hearts, 5Hearts, 2Hearts, 5Spades.
P3 HAND: 7Diamonds, KDiamonds, QClubs, 4Clubs, AHearts, QHearts, 4Hearts, KSpades, QSpades, 2Spades.
P3 AHearts P0 7Clubs P1 3Hearts P2 7Hearts 
P0 ADiamonds P1 2Diamonds P2 5Diamonds P3 KDiamonds 
P0 3Spades P1 ASpades P2 5Spades P3 KSpades 
P1 4Diamonds P2 3Diamonds P3 7Diamonds P0 6Diamonds 
P3 2Spades P0 4Spades P1 7Spades P2 2Clubs 
P2 2Hearts P3 4Hearts P0 JClubs P1 JHearts 
P0 JSpades P1 QDiamonds P2 6Hearts P3 QSpades 
P0 6Spades P1 6Clubs P2 5Hearts P3 QHearts 
P1 AClubs P2 5Clubs P3 4Clubs P0 3Clubs 
P1 KHearts P2 KClubs P3 QClubs P0 JDiamonds 
-- /GAME --
P0 HAND: 3Diamonds, 7Clubs, JClubs, 4Clubs, 7Hearts, QHearts, ASpades, 7Spades, KSpades, QSpades.
P1 HAND: ADiamonds, JDiamonds, QDiamonds, 6Diamonds, 4Diamonds, 2Diamonds, KClubs, 4Hearts, 3Hearts, 3Spades.
P2 HAND: 7Diamonds, QClubs, 2Clubs, AHearts, 6Hearts, 5Hearts, 2Hearts, JSpades, 4Spades, 2Spades.
P3 HAND: KDiamonds, 5Diamonds, AClubs, 6Clubs, 5Clubs, 3Clubs, KHearts, JHearts, 6Spades, 5Spades.
P2 AHearts P3 JHearts P0 7Hearts P1 3Hearts 
P2 2Clubs P3 AClubs P0 4Clubs P1 KClubs 
P3 3Clubs P0 7Clubs P1 2Diamonds P2 QClubs 
P1 3Spades P2 2Spades P3 5Spades P0 ASpades 
P0 3Diamonds P1 4Diamonds P2 7Diamonds P3 5Diamonds 
P2 2Hearts P3 KHearts P0 QHearts P1 4Hearts 
P3 5Clubs P0 JClubs P1 6Diamonds P2 4Spades 
P1 QDiamonds P2 5Hearts P3 KDiamonds P0 QSpades 
P3 6Clubs P0 7Spades P1 JDiamonds P2 6Hearts 
P1 ADiamonds P2 JSpades P3 6Spades P0 KSpades 
-- /GAME --
P0 HAND: 7Diamonds, JDiamonds, 6Diamonds, 5Diamonds, AClubs, QClubs, 6Clubs, 3Clubs, 6Hearts, 4Spades.
P1 HAND: ADiamonds, JClubs, KHearts, JHearts, QHearts, 5Hearts, 2Hearts, ASpades, 6Spades, 3Spades.
P2 HAND: KDiamonds, 3Diamonds, KClubs, 5Clubs, 2Clubs, 7Hearts, 4Hearts, 3Hearts, QSpades, 2Spades.
P3 HAND: QDiamonds, 4Diamonds, 2Diamonds, 7Clubs, 4Clubs, AHearts, 7Spades, KSpades, JSpades, 5Spades.
P1 ADiamonds P2 3Diamonds P3 QDiamonds P0 5Diamonds 
P1 ASpades P2 2Spades P3 7Spades P0 4Spades 
P1 2Hearts P2 3Hearts P3 AHearts P0 6Hearts 
P3 2Diamonds P0 6Diamonds P1 3Spades P2 KDiamonds 
P2 4Hearts P3 4Diamonds P0 QClubs P1 5Hearts 
P0 3Clubs P1 JClubs P2 2Clubs P3 4Clubs 
P1 6Spades P2 QSpades P3 5Spades P0 7Diamonds 
P2 5Clubs P3 7Clubs P0 AClubs P1 QHearts 
P0 JDiamonds P1 JHearts P2 KClubs P3 JSpades 
P2 7Hearts P3 KSpades P0 6Clubs P1 KHearts 
-- /GAME --
P0 HAND: 6Diamonds, 5Diamonds, 2Diamonds, QClubs, 2Clubs, AHearts, 6Hearts, 7Spades, QSpades, 3Spades.
P1 HAND: QDiamonds, 4Diamonds, KClubs, 3Clubs, KHearts, JHearts, QHearts, 5Hearts, 4Hearts, 3Hearts.
P2 HAND: JDiamonds, 3Diamonds, AClubs, 6Clubs, 5Clubs, ASpades, JSpades, 6Spades, 5Spades, 4Spades.
P3 HAND: ADiamonds, 7Diamonds, KDiamonds, 7Clubs, JClubs, 4Clubs, 7Hearts, 2Hearts, KSpades, 2Spades.
P0 AHearts P1 3Hearts P2 ASpades P3 2Hearts 
P0 7Spades P1 3Clubs P2 4Spades P3 KSpades 
P1 4Diamonds P2 3Diamonds P3 ADiamonds P0 2Diamonds 
P3 2Spades P0 3Spades P1 4Hearts P2 JSpades 
P2 5Spades P3 4Clubs P0 QSpades P1 KHearts 
P3 JClubs P0 2Clubs P1 KClubs P2 AClubs 
P2 6Spades P3 7Clubs P0 5Diamonds P1 JHearts 
P3 KDiamonds P0 6Diamonds P1 QDiamonds P2 JDiamonds 
P3 7Diamonds P0 QClubs P1 5Hearts P2 5Clubs 
P0 6Hearts P1 QHearts P2 6Clubs P3 7Hearts 
-- /GAME --
P0 HAND: JDiamonds, 4Diamonds, 3Diamonds, 4Clubs, 4Hearts, KSpades, QSpades, 5Spades, 4Spades, 3Spades.
P1 HAND: ADiamonds, 7Diamonds, AClubs, 3Clubs, 7Hearts, QHearts, 3Hearts, 2Hearts, ASpades, 2Spades.
P2 HAND: KDiamonds, 6Diamonds, 5Diamonds, 2Diamonds, 7Clubs, JClubs, 6Clubs, KHearts, JHearts, JSpades.
P3 HAND: QDiamonds, KClubs, QClubs, 5Clubs, 2Clubs, AHearts, 6Hearts, 5Hearts, 7Spades, 6Spades.
P3 2Clubs P0 4Clubs P1 AClubs P2 6Clubs 
P1 ADiamonds P2 2Diamonds P3 QDiamonds P0 3Diamonds 
P1 ASpades P2 JSpades P3 7Spades P0 3Spades 
P1 2Spades P2 5Diamonds P3 6Spades P0 KSpades 
P0 4Hearts P1 2Hearts P2 JHearts P3 5Hearts 
P2 6Diamonds P3 5Clubs P0 JDiamonds P1 7Diamonds 
P1 3Clubs P2 JClubs P3 QClubs P0 QSpades 
P2 KHearts P3 6Hearts P0 4Diamonds P1 3Hearts 
P2 KDiamonds P3 AHearts P0 4Spades P1 QHearts 
P3 KClubs P0 5Spades P1 7Hearts P2 7Clubs 
-- /GAME --
P0 HAND: KDiamonds, QDiamonds, 6Diamonds, 2Diamonds, QClubs, AHearts, KHearts, QHearts, 5Hearts, 5Spades.
P1 HAND: 4Diamonds, KClubs, JClubs, 4Clubs, JHearts, 3Hearts, 2Hearts, 7Spades, JSpades, QSpades.
P2 HAND: AClubs, 5Clubs, 3Clubs, 2Clubs, 7Hearts, ASpades, 6Spades, 4Spades, 3Spades, 2Spades.
P3 HAND: ADiamonds, 7Diamonds, JDiamonds, 5Diamonds, 3Diamonds, 7Clubs, 6Clubs, 6Hearts, 4Hearts, KSpades.

