-- GAME --
P0 HAND: 7Diamonds, QClubs, 2Clubs, AHearts, KHearts, 4Hearts, ASpades, 7Spades, KSpades, JSpades.
P1 HAND: AClubs, JClubs, 6Clubs, 7Hearts, JHearts, 5Hearts, 3Hearts, QSpades, 5Spades, 2Spades.
P2 HAND: ADiamonds, JDiamonds, 6Diamonds, 7Clubs, KClubs, 4Clubs, QHearts, 2Hearts, 6Spades, 3Spades.
P3 HAND: KDiamonds, QDiamonds, 5Diamonds, 4Diamonds, 3Diamonds, 2Diamonds, 5Clubs, 3Clubs, 6Hearts, 4Spades.
P3 3Clubs P0 2Clubs P1 AClubs P2 4Clubs 
P1 2Spades P2 3Spades P3 4Spades P0 ASpades 
P0 AHearts P1 3Hearts P2 QHearts P3 6Hearts 
P0 QClubs P1 6Clubs P2 7Clubs P3 5Clubs 
P2 2Hearts P3 2Diamonds P0 4Hearts P1 7Hearts 
P3 3Diamonds P0 7Diamonds P1 5Hearts P2 6Diamonds 
P0 KHearts P1 JHearts P2 JDiamonds P3 KDiamonds 
P3 4Diamonds P0 7Spades P1 5Spades P2 ADiamonds 
P2 6Spades P3 5Diamonds P0 JSpades P1 QSpades 
P3 QDiamonds P0 KSpades P1 JClubs P2 KClubs 
-- /GAME --
P0 HAND: QDiamonds, 6Diamonds, QClubs, 4Clubs, 3Clubs, 7Hearts, KHearts, JHearts, QHearts, 7Spades.
P1 HAND: JDiamonds, 2Diamonds, AClubs, 7Clubs, 6Clubs, 6Hearts, 4Hearts, KSpades, JSpades, QSpades.
P2 HAND: KDiamonds, 5Diamonds, KClubs, JClubs, 2Clubs, 5Hearts, 3Hearts, ASpades, 4Spades, 2Spades.
P3 HAND: ADiamonds, 7Diamonds, 4Diamonds, 3Diamonds, 5Clubs, AHearts, 2Hearts, 6Spades, 5Spades, 3Spades.
P2 2Clubs P3 5Clubs 
