-- GAME --
P0 HAND: AClubs, 7Clubs, KClubs, 6Clubs, 7Hearts, KHearts, JHearts, 3Hearts, 7Spades, 5Spades.
P1 HAND: QDiamonds, 4Diamonds, 3Diamonds, 2Diamonds, 3Clubs, QHearts, 6Hearts, ASpades, KSpades, 2Spades.
P2 HAND: KDiamonds, JDiamonds, 6Diamonds, 5Diamonds, QClubs, 2Clubs, 5Hearts, JSpades, QSpades, 6Spades.
P3 HAND: ADiamonds, 7Diamonds, JClubs, 5Clubs, 4Clubs, AHearts, 4Hearts, 2Hearts, 4Spades, 3Spades.
P3 ADiamonds P0 7Spades P1 2Diamonds P2 KDiamonds 
P0 AClubs P1 3Clubs P2 QClubs P3 4Clubs 
P0 3Hearts P1 6Hearts P2 5Hearts P3 AHearts 
P3 2Hearts P0 7Hearts P1 QHearts P2 JDiamonds 
P0 KHearts P1 3Diamonds P2 6Diamonds P3 4Hearts 
P0 JHearts P1 4Diamonds P2 2Clubs P3 5Clubs 
P0 6Clubs P1 QDiamonds P2 5Diamonds P3 JClubs 
P3 3Spades P0 5Spades P1 2Spades P2 6Spades 
P2 QSpades P3 4Spades P0 KClubs P1 KSpades 
P1 ASpades P2 JSpades P3 7Diamonds P0 7Clubs 
-- /GAME --
P0 HAND: QDiamonds, 3Diamonds, JClubs, 4Clubs, 7Hearts, JHearts, QHearts, 5Hearts, 2Hearts, 7Spades.
P1 HAND: ADiamonds, 6Diamonds, 2Diamonds, AClubs, QClubs, 6Clubs, ASpades, 5Spades, 3Spades, 2Spades.
P2 HAND: 7Diamonds, 5Diamonds, 4Diamonds, 3Clubs, 2Clubs, KHearts, 6Hearts, 4Hearts, KSpades, QSpades.
P3 HAND: KDiamonds, JDiamonds, 7Clubs, KClubs, 5Clubs, AHearts, 3Hearts, JSpades, 6Spades, 4Spades.
P2 2Clubs P3 5Clubs P0 4Clubs P1 AClubs 
P1 ASpades P2 QSpades P3 JSpades P0 7Spades 
P1 2Spades P2 KSpades P3 4Spades P0 JClubs 
P2 3Clubs P3 KClubs P0 QDiamonds P1 6Clubs 
P0 2Hearts P1 3Spades P2 4Hearts P3 AHearts 
P3 3Hearts P0 5Hearts P1 5Spades P2 KHearts 
P2 6Hearts P3 6Spades P0 QHearts P1 QClubs 
P0 3Diamonds P1 2Diamonds P2 4Diamonds P3 JDiamonds 
P3 KDiamonds P0 JHearts P1 6Diamonds P2 7Diamonds 
P2 5Diamonds P3 7Clubs P0 7Hearts P1 ADiamonds 
-- /GAME --
P0 HAND: KDiamonds, QDiamonds, 5Diamonds, AClubs, KClubs, JClubs, 6Clubs, JHearts, 7Spades, 6Spades.
P1 HAND: ADiamonds, JDiamonds, 4Diamonds, 2Diamonds, 5Clubs, 7Hearts, 3Hearts, ASpades, QSpades, 3Spades.
P2 HAND: 3Diamonds, 4Clubs, 3Clubs, AHearts, KHearts, QHearts, 6Hearts, 4Hearts, 5Spades, 4Spades.
P3 HAND: 7Diamonds, 6Diamonds, 7Clubs, QClubs, 2Clubs, 5Hearts, 2Hearts, KSpades, JSpades, 2Spades.
P1 ADiamonds P2 3Diamonds P3 7Diamonds P0 5Diamonds 
P1 2Diamonds P2 3Clubs P3 6Diamonds P0 KDiamonds 
P0 QDiamonds P1 4Diamonds P2 4Clubs P3 2Clubs 
P0 AClubs P1 5Clubs P2 AHearts P3 QClubs 
P0 KClubs P1 3Hearts P2 4Hearts P3 7Clubs 
P3 2Hearts P0 JHearts P1 7Hearts P2 6Hearts 
P1 JDiamonds P2 QHearts P3 2Spades P0 6Spades 
P0 6Clubs P1 3Spades P2 4Spades P3 5Hearts 
P2 5Spades P3 JSpades P0 7Spades P1 ASpades 
P1 QSpades P2 KHearts P3 KSpades P0 JClubs 
-- /GAME --

