-- GAME --
P0 HAND: ADiamonds, KDiamonds, 6Diamonds, 3Diamonds, 7Clubs, 6Clubs, 5Clubs, 5Hearts, 4Hearts, 3Hearts.
P1 HAND: JDiamonds, QDiamonds, 5Diamonds, 2Diamonds, AClubs, 4Clubs, 7Hearts, KHearts, KSpades, JSpades.
P2 HAND: 4Diamonds, JClubs, AHearts, JHearts, 2Hearts, 7Spades, QSpades, 6Spades, 5Spades, 3Spades.
P3 HAND: 7Diamonds, KClubs, QClubs, 3Clubs, 2Clubs, QHearts, 6Hearts, ASpades, 4Spades, 2Spades.
P2 AHearts P3 6Hearts P0 3Hearts P1 KHearts 
P2 2Hearts P3 QHearts P0 4Hearts P1 7Hearts 
P1 AClubs P2 JClubs P3 KClubs P0 5Clubs 
P1 2Diamonds P2 4Diamonds P3 7Diamonds P0 ADiamonds 
P0 KDiamonds P1 5Diamonds P2 JHearts P3 2Spades 
P3 2Clubs P0 7Clubs P1 4Clubs P2 3Spades 
P2 5Spades P3 4Spades P0 5Hearts P1 JSpades 
P1 QDiamonds P2 6Spades P3 3Clubs P0 6Diamonds 
P2 QSpades P3 ASpades P0 6Clubs P1 KSpades 
P3 QClubs P0 3Diamonds P1 JDiamonds P2 7Spades 
-- /GAME --
P0 HAND: QDiamonds, 3Diamonds, 7Clubs, 6Clubs, 7Hearts, KHearts, 3Hearts, ASpades, JSpades, 3Spades.
P1 HAND: ADiamonds, 5Diamonds, 5Clubs, 4Clubs, 2Clubs, JHearts, 6Hearts, 2Hearts, 7Spades, 6Spades.
P2 HAND: 7Diamonds, JDiamonds, 6Diamonds, 4Diamonds, 2Diamonds, KClubs, 3Clubs, QHearts, KSpades, 4Spades.
P3 HAND: KDiamonds, AClubs, JClubs, QClubs, AHearts, 5Hearts, 4Hearts, QSpades, 5Spades, 2Spades.
P1 ADiamonds P2 2Diamonds P3 KDiamonds P0 3Diamonds 
P1 2Clubs P2 3Clubs P3 AClubs P0 6Clubs 
P3 2Spades P0 ASpades P1 6Spades P2 KSpades 
P0 7Clubs P1 4Clubs P2 KClubs P3 QClubs 
P0 3Hearts P1 2Hearts P2 QHearts P3 4Hearts 
P2 4Diamonds P3 5Spades P0 QDiamonds P1 5Diamonds 
P0 3Spades P1 7Spades P2 4Spades P3 QSpades 
P1 5Clubs P2 6Diamonds P3 JClubs P0 7Hearts 
P0 JSpades P1 6Hearts P2 JDiamonds P3 5Hearts 
P1 JHearts P2 7Diamonds P3 AHearts P0 KHearts 
-- /GAME --
P0 HAND: JDiamonds, 4Diamonds, KClubs, 3Clubs, AHearts, 7Hearts, 3Hearts, ASpades, KSpades, 5Spades.
P1 HAND: ADiamonds, 6Diamonds, 7Clubs, 6Clubs, KHearts, 6Hearts, 4Hearts, QSpades, 6Spades, 2Spades.
P2 HAND: 7Diamonds, KDiamonds, 5Diamonds, JClubs, QClubs, 2Clubs, JHearts, 2Hearts, 4Spades, 3Spades.
P3 HAND: QDiamonds, 3Diamonds, 2Diamonds, AClubs, 5Clubs, 4Clubs, QHearts, 5Hearts, 7Spades, JSpades.
P0 4Diamonds P1 6Diamonds P2 5Diamonds P3 2Diamonds 
P1 2Spades P2 3Spades P3 JSpades P0 ASpades 
P0 AHearts P1 4Hearts P2 JHearts P3 5Hearts 
P0 3Clubs P1 6Clubs P2 2Clubs P3 AClubs 
P3 4Clubs P0 KClubs P1 7Clubs P2 QClubs 
P1 6Hearts P2 2Hearts P3 QHearts P0 7Hearts 
P0 3Hearts P1 KHearts P2 4Spades P3 7Spades 
P1 6Spades P2 KDiamonds P3 5Clubs P0 KSpades 
P2 JClubs P3 3Diamonds P0 JDiamonds P1 ADiamonds 
P1 QSpades P2 7Diamonds P3 QDiamonds P0 5Spades 
-- /GAME --
P0 HAND: KDiamonds, 6Diamonds, 2Diamonds, 5Clubs, 2Clubs, 6Hearts, 4Hearts, 2Hearts, ASpades, 4Spades.
P1 HAND: JDiamonds, 5Diamonds, 4Diamonds, 3Diamonds, 6Clubs, 3Clubs, 7Hearts, KHearts, 5Hearts, 6Spades.
P2 HAND: AClubs, JClubs, QClubs, 4Clubs, JHearts, QHearts, KSpades, QSpades, 5Spades, 3Spades.
P3 HAND: ADiamonds, 7Diamonds, QDiamonds, 7Clubs, KClubs, AHearts, 3Hearts, 7Spades, JSpades, 2Spades.
P3 ADiamonds P0 2Diamonds P1 JDiamonds P2 QHearts 
P2 AClubs P3 KClubs P0 2Clubs P1 3Clubs 
P2 3Spades P3 2Spades P0 ASpades P1 6Spades 
P0 6Diamonds P1 3Diamonds P2 4Clubs P3 7Diamonds 
P3 QDiamonds P0 KDiamonds P1 4Diamonds P2 KSpades 
P0 2Hearts P1 5Hearts P2 JHearts P3 3Hearts 
P2 5Spades P3 JSpades P0 4Spades P1 6Clubs 
P3 AHearts P0 4Hearts P1 KHearts P2 QClubs 
P3 7Clubs P0 5Clubs P1 7Hearts P2 JClubs 
P1 5Diamonds P2 QSpades P3 7Spades P0 6Hearts 
-- /GAME --
P0 HAND: KDiamonds, 6Diamonds, 4Diamonds, JClubs, 6Clubs, 4Clubs, 6Hearts, 5Hearts, 2Hearts, 5Spades.
P1 HAND: 7Diamonds, 5Diamonds, AClubs, QClubs, 3Clubs, KHearts, QSpades, 6Spades, 4Spades, 3Spades.
P2 HAND: JDiamonds, 3Diamonds, 2Diamonds, 5Clubs, 2Clubs, AHearts, 7Hearts, ASpades, KSpades, 2Spades.
P3 HAND: ADiamonds, QDiamonds, 7Clubs, KClubs, JHearts, QHearts, 4Hearts, 3Hearts, 7Spades, JSpades.
P2 AHearts P3 3Hearts P0 2Hearts P1 KHearts 
P2 2Diamonds P3 ADiamonds P0 4Diamonds P1 7Diamonds 
P3 4Hearts P0 6Hearts P1 3Clubs P2 7Hearts 
P2 2Clubs P3 KClubs P0 4Clubs P1 AClubs 
P1 5Diamonds P2 3Diamonds P3 QDiamonds P0 KDiamonds 
P0 6Diamonds P1 QClubs P2 JDiamonds P3 JSpades 
P3 QHearts P0 5Hearts P1 3Spades P2 5Clubs 
P1 4Spades P2 2Spades P3 7Spades P0 5Spades 
P3 JHearts P0 JClubs P1 6Spades P2 KSpades 
P2 ASpades P3 7Clubs P0 6Clubs P1 QSpades 
-- /GAME --
P0 HAND: 7Diamonds, QDiamonds, AClubs, 7Clubs, 2Clubs, 7Hearts, JHearts, 6Hearts, JSpades, 5Spades.
P1 HAND: KDiamonds, 4Diamonds, QClubs, 5Clubs, 4Clubs, QHearts, 4Hearts, 7Spades, 6Spades, 3Spades.
P2 HAND: 6Diamonds, 5Diamonds, 3Diamonds, KClubs, 6Clubs, 3Clubs, AHearts, 5Hearts, 3Hearts, 4Spades.
P3 HAND: ADiamonds, JDiamonds, 2Diamonds, JClubs, KHearts, 2Hearts, ASpades, KSpades, QSpades, 2Spades.
P3 ASpades P0 5Spades P1 7Spades P2 4Spades 
P3 2Hearts P0 6Hearts P1 4Hearts P2 AHearts 
P2 3Clubs P3 JClubs P0 AClubs P1 4Clubs 
P0 QDiamonds P1 4Diamonds P2 3Diamonds P3 2Diamonds 
P0 JSpades P1 3Spades P2 3Hearts P3 KSpades 
P3 2Spades P0 2Clubs P1 6Spades P2 5Hearts 
P1 5Clubs P2 6Clubs P3 QSpades P0 7Clubs 
P0 JHearts P1 QHearts P2 5Diamonds P3 KHearts 
P2 6Diamonds P3 JDiamonds P0 7Diamonds P1 KDiamonds 
P0 7Hearts P1 QClubs P2 KClubs P3 ADiamonds 
-- /GAME --
P0 HAND: 7Diamonds, QDiamonds, 2Clubs, AHearts, JHearts, 6Hearts, ASpades, KSpades, JSpades, 4Spades.
P1 HAND: ADiamonds, 4Diamonds, 3Diamonds, 7Clubs, 6Clubs, 5Clubs, 3Clubs, QHearts, 3Spades, 2Spades.
P2 HAND: JDiamonds, 6Diamonds, 5Diamonds, 2Diamonds, AClubs, KClubs, JClubs, 4Clubs, 3Hearts, 6Spades.
P3 HAND: KDiamonds, QClubs, 7Hearts, KHearts, 5Hearts, 4Hearts, 2Hearts, 7Spades, QSpades, 5Spades.
P2 AClubs P3 QClubs P0 2Clubs P1 3Clubs 
P2 3Hearts P3 2Hearts P0 AHearts P1 QHearts 
P0 ASpades P1 2Spades P2 6Spades P3 5Spades 
P0 4Spades P1 3Spades P2 4Clubs P3 7Spades 
P3 4Hearts P0 JHearts P1 5Clubs P2 KClubs 
P0 QDiamonds P1 3Diamonds P2 2Diamonds P3 KDiamonds 
P3 5Hearts P0 6Hearts P1 6Clubs P2 JClubs 
P0 JSpades P1 4Diamonds P2 5Diamonds P3 QSpades 
P2 6Diamonds P3 KHearts P0 7Diamonds P1 ADiamonds 
P1 7Clubs P2 JDiamonds P3 7Hearts P0 KSpades 
-- /GAME --
P0 HAND: KDiamonds, JDiamonds, KClubs, KHearts, JHearts, QHearts, 4Hearts, 2Hearts, ASpades, 6Spades.
P1 HAND: 6Diamonds, 7Clubs, 3Clubs, 2Clubs, 6Hearts, 5Hearts, 7Spades, KSpades, QSpades, 4Spades.
P2 HAND: ADiamonds, 7Diamonds, QDiamonds, 3Diamonds, 6Clubs, 4Clubs, 7Hearts, JSpades, 5Spades, 2Spades.
P3 HAND: 5Diamonds, 4Diamonds, 2Diamonds, AClubs, JClubs, QClubs, 5Clubs, AHearts, 3Hearts, 3Spades.
P1 2Clubs P2 4Clubs P3 AClubs P0 KClubs 
P3 AHearts P0 2Hearts P1 6Hearts P2 7Hearts 
P3 2Diamonds P0 KDiamonds P1 6Diamonds P2 ADiamonds 
P2 3Diamonds P3 4Diamonds P0 JDiamonds P1 3Clubs 
P0 KHearts P1 5Hearts P2 7Diamonds P3 3Hearts 
P0 4Hearts P1 4Spades P2 6Clubs P3 JClubs 
P1 QSpades P2 2Spades P3 3Spades P0 6Spades 
P1 KSpades P2 5Spades P3 5Diamonds P0 ASpades 
P0 JHearts P1 7Spades P2 QDiamonds P3 QClubs 
P1 7Clubs P2 JSpades P3 5Clubs P0 QHearts 
-- /GAME --
P0 HAND: 3Diamonds, KClubs, 5Clubs, 4Clubs, 2Clubs, AHearts, 4Hearts, ASpades, QSpades, 5Spades.
P1 HAND: QDiamonds, 6Diamonds, 2Diamonds, JClubs, QClubs, 3Clubs, KHearts, 6Hearts, 4Spades, 3Spades.
P2 HAND: KDiamonds, 5Diamonds, 4Diamonds, AClubs, JHearts, 5Hearts, 2Hearts, 7Spades, KSpades, 2Spades.
P3 HAND: ADiamonds, 7Diamonds, JDiamonds, 7Clubs, 6Clubs, 7Hearts, QHearts, 3Hearts, JSpades, 6Spades.
P0 ASpades P1 3Spades P2 7Spades P3 6Spades 
P0 3Diamonds P1 2Diamonds P2 4Diamonds P3 ADiamonds 
P3 6Clubs P0 2Clubs P1 3Clubs P2 AClubs 
P2 2Spades P3 JSpades P0 5Spades P1 4Spades 
P3 JDiamonds P0 KClubs P1 6Diamonds P2 KDiamonds 
P2 5Diamonds P3 7Diamonds P0 4Clubs P1 QDiamonds 
P3 3Hearts P0 4Hearts P1 6Hearts P2 2Hearts 
P1 QClubs P2 5Hearts P3 7Clubs P0 5Clubs 
P2 JHearts P3 QHearts P0 AHearts P1 KHearts 
P0 QSpades P1 JClubs P2 KSpades P3 7Hearts 
-- /GAME --
P0 HAND: 7Diamonds, 6Diamonds, 3Diamonds, 2Diamonds, 7Clubs, QClubs, 4Clubs, AHearts, ASpades, KSpades.
P1 HAND: KDiamonds, QDiamonds, 4Diamonds, 5Clubs, 7Hearts, 5Hearts, 4Hearts, 3Hearts, 2Hearts, 7Spades.
P2 HAND: JDiamonds, 5Diamonds, KClubs, 3Clubs, 2Clubs, KHearts, JHearts, JSpades, 3Spades, 2Spades.
P3 HAND: ADiamonds, AClubs, JClubs, 6Clubs, QHearts, 6Hearts, QSpades, 6Spades, 5Spades, 4Spades.
P1 2Hearts P2 JHearts P3 6Hearts P0 AHearts 
P0 ASpades P1 7Spades P2 JSpades P3 4Spades 
P0 KSpades P1 3Hearts P2 3Spades P3 5Spades 
P0 4Clubs P1 5Clubs P2 2Clubs P3 AClubs 
P3 6Clubs P0 7Clubs P1 4Diamonds P2 3Clubs 
P1 4Hearts P2 KHearts P3 QHearts P0 QClubs 
P2 2Spades P3 6Spades P0 2Diamonds P1 5Hearts 
P0 3Diamonds P1 QDiamonds P2 5Diamonds P3 ADiamonds 
P3 QSpades P0 6Diamonds P1 KDiamonds P2 KClubs 
P1 7Hearts P2 JDiamonds P3 JClubs P0 7Diamonds 
-- /GAME --
P0 HAND: JDiamonds, AClubs, JClubs, 7Hearts, KHearts, QHearts, 4Hearts, 3Hearts, ASpades, 3Spades.
P1 HAND: ADiamonds, KDiamonds, QDiamonds, 7Clubs, 6Clubs, 4Clubs, AHearts, QSpades, 6Spades, 4Spades.
P2 HAND: 7Diamonds, 5Diamonds, 4Diamonds, 3Diamonds, 2Diamonds, 3Clubs, JHearts, 2Hearts, 7Spades, JSpades.
P3 HAND: 6Diamonds, KClubs, QClubs, 5Clubs, 2Clubs, 6Hearts, 5Hearts, KSpades, 5Spades, 2Spades.
P0 JClubs P1 4Clubs P2 3Clubs P3 2Clubs 
P0 ASpades P1 4Spades P2 7Spades P3 2Spades 
P0 JDiamonds P1 ADiamonds P2 2Diamonds P3 6Diamonds 
P1 AHearts P2 2Hearts P3 6Hearts P0 3Hearts 
P1 6Spades P2 JSpades P3 KSpades P0 3Spades 
P3 5Hearts P0 4Hearts P1 QDiamonds P2 JHearts 
P2 3Diamonds P3 5Spades P0 QHearts P1 KDiamonds 
P1 QSpades P2 4Diamonds P3 5Clubs P0 KHearts 
P3 QClubs P0 AClubs P1 6Clubs P2 7Diamonds 
P0 7Hearts P1 7Clubs P2 5Diamonds P3 KClubs 
-- /GAME --
P0 HAND: KDiamonds, 3Diamonds, KClubs, 5Clubs, 2Clubs, KHearts, QHearts, 4Hearts, QSpades, 5Spades.
P1 HAND: ADiamonds, JDiamonds, QDiamonds, JClubs, 4Clubs, 3Clubs, AHearts, 3Hearts, 2Hearts, KSpades.
P2 HAND: 6Diamonds, 4Diamonds, 2Diamonds, QClubs, 7Hearts, 5Hearts, ASpades, 7Spades, JSpades, 4Spades.
P3 HAND: 7Diamonds, 5Diamonds, AClubs, 7Clubs, 6Clubs, JHearts, 6Hearts, 6Spades, 3Spades, 2Spades.
P3 AClubs P0 2Clubs P1 JClubs P2 QClubs 
P3 2Spades P0 QSpades P1 KSpades P2 ASpades 
P2 4Spades P3 3Spades P0 5Spades P1 2Hearts 
P0 KHearts P1 AHearts P2 5Hearts P3 JHearts 
P1 3Clubs P2 2Diamonds P3 6Clubs P0 KClubs 
P2 JSpades P3 6Spades P0 QHearts P1 QDiamonds 
P1 3Hearts P2 7Hearts P3 6Hearts P0 4Hearts 
P2 4Diamonds P3 5Diamonds P0 KDiamonds P1 JDiamonds 
P0 5Clubs P1 4Clubs P2 6Diamonds P3 7Clubs 
P2 7Spades P3 7Diamonds P0 3Diamonds P1 ADiamonds 
-- /GAME --
P0 HAND: 4Diamonds, KClubs, JClubs, 2Clubs, AHearts, 7Hearts, 7Spades, 6Spades, 3Spades, 2Spades.
P1 HAND: ADiamonds, JDiamonds, AClubs, 4Clubs, 3Clubs, JHearts, 5Hearts, 4Hearts, 2Hearts, ASpades.
P2 HAND: 7Diamonds, KDiamonds, QDiamonds, 3Diamonds, 2Diamonds, KHearts, QHearts, 3Hearts, KSpades, JSpades.
P3 HAND: 6Diamonds, 5Diamonds, 7Clubs, QClubs, 6Clubs, 5Clubs, 6Hearts, QSpades, 5Spades, 4Spades.
P2 2Diamonds P3 5Diamonds P0 4Diamonds P1 ADiamonds 
P1 AClubs P2 JSpades P3 5Clubs P0 KClubs 
P2 3Diamonds P3 6Diamonds P0 2Clubs P1 JDiamonds 
P1 2Hearts P2 3Hearts P3 6Hearts P0 AHearts 
P0 7Hearts P1 4Hearts P2 KHearts P3 4Spades 
P3 6Clubs P0 JClubs P1 3Clubs P2 7Diamonds 
P0 2Spades P1 ASpades P2 KSpades P3 5Spades 
P1 4Clubs P2 QDiamonds P3 QClubs P0 3Spades 
P0 7Spades P1 5Hearts P2 KDiamonds P3 QSpades 
P0 6Spades P1 JHearts P2 QHearts P3 7Clubs 
-- /GAME --
P0 HAND: ADiamonds, 6Diamonds, 4Diamonds, AClubs, 3Clubs, 7Hearts, 6Hearts, 3Hearts, ASpades, QSpades.
P1 HAND: KDiamonds, QDiamonds, 5Diamonds, KClubs, 2Clubs, 4Hearts, JSpades, 6Spades, 4Spades, 2Spades.
P2 HAND: JDiamonds, 7Clubs, 5Clubs, 4Clubs, AHearts, KHearts, QHearts, 5Hearts, 2Hearts, 3Spades.
P3 HAND: 7Diamonds, 3Diamonds, 2Diamonds, JClubs, QClubs, 6Clubs, JHearts, 7Spades, KSpades, 5Spades.
P1 2Clubs P2 4Clubs P3 6Clubs P0 3Clubs 
P3 5Spades P0 QSpades P1 2Spades P2 3Spades 
P0 ASpades P1 4Spades P2 AHearts P3 KSpades 
P0 7Hearts P1 4Hearts P2 KHearts P3 JHearts 
P0 6Hearts P1 6Spades P2 2Hearts P3 QClubs 
P0 3Hearts P1 5Diamonds P2 5Hearts P3 7Spades 
P1 JSpades P2 5Clubs P3 2Diamonds P0 4Diamonds 
P0 6Diamonds P1 QDiamonds P2 JDiamonds P3 7Diamonds 
P3 JClubs P0 AClubs P1 KClubs P2 7Clubs 
P0 ADiamonds P1 KDiamonds P2 QHearts P3 3Diamonds 
-- /GAME --
P0 HAND: ADiamonds, 7Diamonds, JDiamonds, 3Clubs, 7Hearts, QHearts, 4Hearts, 3Hearts, QSpades, 5Spades.
P1 HAND: QDiamonds, 5Diamonds, 4Diamonds, 3Diamonds, 2Clubs, KSpades, JSpades, 6Spades, 4Spades, 2Spades.
P2 HAND: 2Diamonds, AClubs, JClubs, QClubs, AHearts, KHearts, JHearts, 5Hearts, ASpades, 7Spades.
P3 HAND: KDiamonds, 6Diamonds, 7Clubs, KClubs, 6Clubs, 5Clubs, 4Clubs, 6Hearts, 2Hearts, 3Spades.
P3 3Spades P0 5Spades P1 2Spades P2 ASpades 
P2 AClubs P3 4Clubs P0 3Clubs P1 2Clubs 
P2 2Diamonds P3 6Diamonds P0 ADiamonds P1 3Diamonds 
P0 QSpades P1 4Spades P2 7Spades P3 2Hearts 
P3 5Clubs P0 JDiamonds P1 4Diamonds P2 JClubs 
P2 QClubs P3 6Clubs P0 3Hearts P1 5Diamonds 
P0 4Hearts P1 6Spades P2 5Hearts P3 6Hearts 
P3 KDiamonds P0 7Diamonds P1 QDiamonds P2 JHearts 
P2 KHearts P3 KClubs P0 7Hearts P1 JSpades 
P0 QHearts P1 KSpades P2 AHearts P3 7Clubs 
-- /GAME --
P0 HAND: 7Diamonds, KDiamonds, JDiamonds, 2Clubs, AHearts, 7Hearts, JHearts, 5Hearts, 7Spades, QSpades.
P1 HAND: 4Diamonds, 3Diamonds, AClubs, KClubs, JClubs, 3Clubs, KHearts, 6Hearts, 4Hearts, ASpades.
P2 HAND: QDiamonds, 5Diamonds, QClubs, 6Clubs, 5Clubs, QHearts, JSpades, 5Spades, 3Spades, 2Spades.
P3 HAND: ADiamonds, 6Diamonds, 2Diamonds, 7Clubs, 4Clubs, 3Hearts, 2Hearts, KSpades, 6Spades, 4Spades.
P2 2Spades P3 4Spades P0 QSpades P1 ASpades 
P1 AClubs P2 5Clubs P3 7Clubs P0 2Clubs 
P1 3Clubs P2 6Clubs P3 4Clubs P0 AHearts 
P2 3Spades P3 6Spades P0 7Spades P1 3Diamonds 
P1 4Hearts P2 QHearts P3 2Hearts P0 7Hearts 
P0 JHearts P1 6Hearts P2 5Spades P3 3Hearts 
P0 5Hearts P1 KHearts P2 QClubs P3 KSpades 
P1 JClubs P2 5Diamonds P3 2Diamonds P0 7Diamonds 
P0 JDiamonds P1 4Diamonds P2 QDiamonds P3 ADiamonds 
P3 6Diamonds P0 KDiamonds P1 KClubs P2 JSpades 
-- /GAME --
P0 HAND: 3Diamonds, QClubs, 3Clubs, JHearts, ASpades, KSpades, JSpades, QSpades, 3Spades, 2Spades.
P1 HAND: KDiamonds, JDiamonds, QDiamonds, AClubs, JClubs, 6Clubs, KHearts, QHearts, 5Hearts, 2Hearts.
P2 HAND: 7Diamonds, 2Diamonds, 5Clubs, 2Clubs, 7Hearts, 6Hearts, 4Hearts, 7Spades, 5Spades, 4Spades.
P3 HAND: ADiamonds, 6Diamonds, 5Diamonds, 4Diamonds, 7Clubs, KClubs, 4Clubs, AHearts, 3Hearts, 6Spades.

