-- GAME --
P0 HAND: 7Diamonds, KDiamonds, QDiamonds, 6Diamonds, 2Clubs, JHearts, 6Hearts, 3Hearts, KSpades, 2Spades.
P1 HAND: AClubs, KClubs, 3Clubs, 7Hearts, 4Hearts, 2Hearts, ASpades, QSpades, 6Spades, 5Spades.
P2 HAND: ADiamonds, JDiamonds, 2Diamonds, 7Clubs, QClubs, AHearts, KHearts, 5Hearts, 7Spades, JSpades.
P3 HAND: 5Diamonds, 4Diamonds, 3Diamonds, JClubs, 6Clubs, 5Clubs, 4Clubs, QHearts, 4Spades, 3Spades.
P2 ADiamonds P3 3Diamonds P0 6Diamonds P1 5Spades 
P1 AClubs P2 QClubs P3 JClubs P0 2Clubs 
P1 2Hearts P2 AHearts P3 QHearts P0 JHearts 
P2 2Diamonds P3 4Diamonds P0 QDiamonds P1 3Clubs 
P0 7Diamonds P1 6Spades P2 JDiamonds P3 5Diamonds 
P1 4Hearts P2 5Hearts P3 4Clubs P0 6Hearts 
P0 3Hearts P1 7Hearts P2 KHearts P3 6Clubs 
P1 QSpades P2 JSpades P3 3Spades P0 KSpades 
P0 2Spades P1 ASpades P2 7Spades P3 4Spades 
P1 KClubs P2 7Clubs P3 5Clubs P0 KDiamonds 
-- /GAME --
P0 HAND: QDiamonds, 7Clubs, 3Clubs, 2Clubs, KHearts, 6Hearts, 5Hearts, 4Hearts, 2Hearts, ASpades.
P1 HAND: 7Diamonds, 6Diamonds, 4Diamonds, 2Diamonds, JClubs, AHearts, 7Hearts, QHearts, 6Spades, 5Spades.
P2 HAND: ADiamonds, KDiamonds, 5Diamonds, 3Diamonds, KClubs, QClubs, JHearts, 7Spades, JSpades, 3Spades.
P3 HAND: JDiamonds, AClubs, 6Clubs, 5Clubs, 4Clubs, 3Hearts, KSpades, QSpades, 4Spades, 2Spades.
P1 2Diamonds P2 ADiamonds P3 JDiamonds P0 QDiamonds 
P2 3Diamonds P3 2Spades P0 ASpades P1 7Diamonds 
P1 4Diamonds P2 5Diamonds P3 4Clubs P0 7Clubs 
P2 3Spades P3 4Spades P0 2Hearts P1 5Spades 
P0 3Clubs P1 JClubs P2 QClubs P3 AClubs 
P3 5Clubs P0 2Clubs P1 6Diamonds P2 KClubs 
P2 JSpades P3 QSpades P0 KHearts P1 6Spades 
P0 6Hearts P1 QHearts P2 JHearts P3 3Hearts 
P2 KDiamonds P3 6Clubs P0 5Hearts P1 7Hearts 
P1 AHearts P2 7Spades P3 KSpades P0 4Hearts 
-- /GAME --
P0 HAND: 7Diamonds, 4Diamonds, JClubs, 5Clubs, 4Clubs, 7Hearts, 6Hearts, 7Spades, QSpades, 5Spades.
P1 HAND: 5Diamonds, 2Diamonds, AClubs, QClubs, KHearts, QHearts, 5Hearts, KSpades, JSpades, 2Spades.
P2 HAND: KDiamonds, JDiamonds, 3Diamonds, 3Clubs, JHearts, 3Hearts, 2Hearts, ASpades, 6Spades, 3Spades.
P3 HAND: ADiamonds, QDiamonds, 6Diamonds, 7Clubs, KClubs, 6Clubs, 2Clubs, AHearts, 4Hearts, 4Spades.
P0 6Hearts P1 5Hearts P2 2Hearts P3 AHearts 
P3 ADiamonds P0 4Diamonds P1 5Diamonds P2 3Diamonds 
P3 4Hearts P0 7Hearts P1 QHearts P2 JHearts 
P0 7Diamonds P1 2Diamonds P2 KDiamonds P3 6Diamonds 
P0 5Spades P1 2Spades P2 ASpades P3 4Spades 
P2 3Hearts P3 QDiamonds P0 4Clubs P1 KHearts 
P0 7Spades P1 JSpades P2 6Spades P3 2Clubs 
P3 6Clubs P0 5Clubs P1 QClubs P2 3Clubs 
P1 AClubs P2 3Spades P3 KClubs P0 JClubs 
P1 KSpades P2 JDiamonds P3 7Clubs P0 QSpades 
-- /GAME --
P0 HAND: JDiamonds, 2Diamonds, KClubs, QClubs, 2Clubs, 7Hearts, JHearts, QHearts, QSpades, 2Spades.
P1 HAND: ADiamonds, 5Diamonds, 3Diamonds, 7Clubs, 3Clubs, 3Hearts, ASpades, KSpades, JSpades, 4Spades.
P2 HAND: 7Diamonds, 6Diamonds, JClubs, 4Clubs, 6Hearts, 5Hearts, 2Hearts, 7Spades, 5Spades, 3Spades.
P3 HAND: KDiamonds, QDiamonds, 4Diamonds, AClubs, 6Clubs, 5Clubs, AHearts, KHearts, 4Hearts, 6Spades.
P3 AClubs P0 2Clubs P1 7Clubs P2 4Clubs 
P3 4Diamonds P0 2Diamonds P1 ADiamonds P2 6Diamonds 
P1 ASpades P2 3Spades P3 6Spades P0 2Spades 
P1 3Diamonds P2 7Diamonds P3 QDiamonds P0 JDiamonds 
P2 5Spades P3 5Clubs P0 QSpades P1 KSpades 
P1 3Clubs P2 JClubs P3 6Clubs P0 KClubs 
P0 QClubs P1 4Spades P2 2Hearts P3 4Hearts 
P3 KHearts P0 7Hearts P1 3Hearts P2 5Hearts 
P0 JHearts P1 5Diamonds P2 6Hearts P3 AHearts 
P3 KDiamonds P0 QHearts P1 JSpades P2 7Spades 
-- /GAME --

