-- GAME --
P0 HAND: KDiamonds, AClubs, KClubs, 6Clubs, 4Clubs, KHearts, ASpades, 7Spades, 6Spades, 3Spades.
P1 HAND: ADiamonds, QDiamonds, 7Clubs, QClubs, 5Clubs, 2Clubs, 7Hearts, 5Hearts, 3Hearts, QSpades.
P2 HAND: 7Diamonds, JDiamonds, 6Diamonds, 5Diamonds, 4Diamonds, JClubs, QHearts, 4Hearts, 5Spades, 4Spades.
P3 HAND: 3Diamonds, 2Diamonds, 3Clubs, AHearts, JHearts, 6Hearts, 2Hearts, KSpades, JSpades, 2Spades.
P0 ASpades P1 QSpades P2 5Spades P3 2Spades 
P0 AClubs P1 2Clubs P2 JClubs P3 3Clubs 
P0 KHearts P1 3Hearts P2 4Hearts P3 AHearts 
P3 2Hearts P0 KClubs P1 7Hearts P2 QHearts 
P1 5Clubs P2 4Spades P3 6Hearts P0 6Clubs 
P0 3Spades P1 5Hearts P2 4Diamonds P3 JSpades 
P2 5Diamonds P3 2Diamonds P0 KDiamonds P1 QDiamonds 
P0 4Clubs P1 QClubs P2 6Diamonds P3 3Diamonds 
P2 JDiamonds P3 JHearts P0 6Spades P1 ADiamonds 
P1 7Clubs P2 7Diamonds P3 KSpades P0 7Spades 
-- /GAME --
P0 HAND: 6Diamonds, 3Diamonds, 7Clubs, KClubs, QClubs, 2Clubs, 7Hearts, 6Hearts, 2Hearts, 3Spades.
P1 HAND: 5Diamonds, 4Diamonds, JClubs, 6Clubs, JHearts, 5Hearts, ASpades, 7Spades, JSpades, 5Spades.
P2 HAND: 7Diamonds, AClubs, 5Clubs, 4Clubs, 3Clubs, KHearts, 4Hearts, QSpades, 4Spades, 2Spades.
P3 HAND: ADiamonds, KDiamonds, JDiamonds, QDiamonds, 2Diamonds, AHearts, QHearts, 3Hearts, KSpades, 6Spades.
P3 2Diamonds P0 3Diamonds P1 4Diamonds P2 7Diamonds 
P2 2Spades P3 6Spades P0 3Spades P1 ASpades 
P1 5Diamonds P2 4Hearts P3 QDiamonds P0 6Diamonds 
P3 3Hearts P0 6Hearts P1 5Hearts P2 KHearts 
P2 4Spades P3 KSpades P0 7Clubs P1 5Spades 
P0 2Clubs P1 6Clubs P2 3Clubs P3 ADiamonds 
P1 JHearts P2 QSpades P3 AHearts P0 2Hearts 
P3 QHearts P0 7Hearts P1 JClubs P2 AClubs 
P2 4Clubs P3 JDiamonds P0 KClubs P1 JSpades 
P0 QClubs P1 7Spades P2 5Clubs P3 KDiamonds 
-- /GAME --
P0 HAND: ADiamonds, 7Diamonds, QDiamonds, 3Diamonds, KClubs, JClubs, 7Hearts, JHearts, KSpades, 4Spades.
P1 HAND: JDiamonds, 5Diamonds, QClubs, 6Clubs, 4Clubs, 7Spades, QSpades, 5Spades, 3Spades, 2Spades.
P2 HAND: 6Diamonds, 4Diamonds, AHearts, KHearts, QHearts, 6Hearts, 5Hearts, 3Hearts, 2Hearts, JSpades.
P3 HAND: KDiamonds, 2Diamonds, AClubs, 7Clubs, 5Clubs, 3Clubs, 2Clubs, 4Hearts, ASpades, 6Spades.

