-- GAME --
P0 HAND: JClubs, 6Clubs, 7Hearts, 6Hearts, 5Hearts, 2Hearts, ASpades, KSpades, JSpades, 2Spades.
P1 HAND: JDiamonds, 5Diamonds, 4Diamonds, 7Clubs, QClubs, 5Clubs, 4Clubs, QHearts, 3Hearts, QSpades.
P2 HAND: ADiamonds, 7Diamonds, 3Diamonds, 2Diamonds, AClubs, KClubs, 3Clubs, AHearts, 4Hearts, 5Spades.
P3 HAND: KDiamonds, QDiamonds, 6Diamonds, 2Clubs, KHearts, JHearts, 7Spades, 6Spades, 4Spades, 3Spades.
P1 4Diamonds P2 ADiamonds P3 6Diamonds P0 ASpades 
P2 AClubs P3 2Clubs P0 JClubs P1 4Clubs 
P2 2Diamonds P3 QDiamonds P0 6Clubs P1 JDiamonds 
P1 5Diamonds P2 3Diamonds P3 KDiamonds P0 2Hearts 
P0 JSpades P1 QSpades P2 5Spades P3 7Spades 
P3 3Spades P0 KSpades P1 5Clubs P2 7Diamonds 
P0 2Spades P1 QClubs P2 3Clubs P3 6Spades 
P3 4Spades P0 6Hearts P1 3Hearts P2 KClubs 
P0 5Hearts P1 QHearts P2 4Hearts P3 JHearts 
P3 KHearts P0 7Hearts P1 7Clubs P2 AHearts 
-- /GAME --
P0 HAND: 7Diamonds, 6Diamonds, 2Diamonds, JClubs, 5Clubs, QHearts, 6Hearts, 3Hearts, 6Spades, 3Spades.
P1 HAND: KDiamonds, 4Diamonds, 3Clubs, AHearts, KHearts, JHearts, 2Hearts, KSpades, 5Spades, 2Spades.
P2 HAND: ADiamonds, 5Diamonds, 3Diamonds, AClubs, 4Clubs, 2Clubs, 7Hearts, ASpades, 7Spades, QSpades.
P3 HAND: JDiamonds, QDiamonds, 7Clubs, KClubs, QClubs, 6Clubs, 5Hearts, 4Hearts, JSpades, 4Spades.
P0 6Diamonds P1 4Diamonds P2 ADiamonds P3 QDiamonds 
P2 ASpades P3 4Spades P0 6Spades P1 2Spades 
P2 3Diamonds P3 JDiamonds P0 7Diamonds P1 KDiamonds 
P0 3Spades P1 5Spades P2 7Spades P3 JSpades 
P2 5Diamonds P3 4Hearts P0 2Diamonds P1 2Hearts 
P2 QSpades P3 5Hearts P0 JClubs P1 KSpades 
P0 QHearts P1 JHearts P2 7Hearts P3 6Clubs 
P3 QClubs P0 5Clubs P1 3Clubs P2 2Clubs 
P3 KClubs P0 3Hearts P1 KHearts P2 AClubs 
P2 4Clubs P3 7Clubs P0 6Hearts P1 AHearts 
-- /GAME --

