-- GAME --
P0 HAND: KDiamonds, 5Diamonds, 7Clubs, KClubs, JClubs, 6Clubs, 7Hearts, QHearts, 4Hearts, KSpades.
P1 HAND: JDiamonds, 6Diamonds, AClubs, 5Clubs, 4Clubs, 3Clubs, 5Hearts, JSpades, QSpades, 5Spades.
P2 HAND: 4Diamonds, 3Diamonds, 2Diamonds, AHearts, 6Hearts, 3Hearts, 2Hearts, ASpades, 4Spades, 2Spades.
P3 HAND: ADiamonds, 7Diamonds, QDiamonds, QClubs, 2Clubs, KHearts, JHearts, 7Spades, 6Spades, 3Spades.
P1 5Hearts P2 AHearts P3 JHearts P0 7Hearts 
P2 ASpades P3 3Spades P0 KSpades P1 5Spades 
P2 2Diamonds P3 ADiamonds P0 5Diamonds P1 JDiamonds 
P3 6Spades P0 7Clubs P1 QSpades P2 4Spades 
P0 4Hearts P1 6Diamonds P2 2Hearts P3 KHearts 
P3 QDiamonds P0 KDiamonds P1 3Clubs P2 3Diamonds 
P1 JSpades P2 2Spades P3 7Spades P0 KClubs 
P0 QHearts P1 4Clubs P2 3Hearts P3 7Diamonds 
P1 5Clubs P2 4Diamonds P3 2Clubs P0 JClubs 
P0 6Clubs P1 AClubs P2 6Hearts P3 QClubs 
-- /GAME --
P0 HAND: ADiamonds, 7Diamonds, 5Clubs, 4Clubs, KHearts, 7Spades, KSpades, JSpades, 6Spades, 4Spades.
P1 HAND: 5Diamonds, 3Diamonds, 2Diamonds, KClubs, JClubs, QClubs, 6Clubs, 3Clubs, 2Hearts, QSpades.
P2 HAND: 4Diamonds, AClubs, 7Clubs, 6Hearts, 5Hearts, 4Hearts, 3Hearts, ASpades, 5Spades, 3Spades.
P3 HAND: KDiamonds, JDiamonds, QDiamonds, 6Diamonds, 2Clubs, AHearts, 7Hearts, JHearts, QHearts, 2Spades.
P0 4Spades P1 QSpades P2 3Spades P3 2Spades 
P1 2Diamonds P2 4Diamonds P3 6Diamonds P0 ADiamonds 
P0 6Spades P1 2Hearts P2 5Spades P3 2Clubs 
P0 7Diamonds P1 3Diamonds P2 AClubs P3 QDiamonds 
P0 4Clubs P1 3Clubs P2 7Clubs P3 QHearts 
P2 3Hearts P3 AHearts P0 KHearts P1 KClubs 
P3 JDiamonds P0 JSpades P1 5Diamonds P2 6Hearts 
P0 5Clubs P1 6Clubs P2 4Hearts P3 7Hearts 
P1 QClubs P2 5Hearts P3 JHearts P0 KSpades 
P0 7Spades P1 JClubs P2 ASpades P3 KDiamonds 
-- /GAME --
P0 HAND: 3Diamonds, 2Diamonds, 4Clubs, 2Clubs, 7Hearts, KHearts, 5Hearts, 3Hearts, 7Spades, 2Spades.
P1 HAND: ADiamonds, 7Diamonds, KDiamonds, 4Diamonds, AClubs, 3Clubs, QHearts, ASpades, JSpades, 4Spades.
P2 HAND: JDiamonds, QDiamonds, 5Diamonds, QClubs, 6Clubs, 5Clubs, AHearts, KSpades, 5Spades, 3Spades.
P3 HAND: 6Diamonds, 7Clubs, KClubs, JClubs, JHearts, 6Hearts, 4Hearts, 2Hearts, QSpades, 6Spades.
P3 2Hearts P0 3Hearts P1 QHearts P2 AHearts 
P2 5Diamonds P3 6Diamonds P0 2Diamonds P1 ADiamonds 
P1 AClubs P2 5Clubs P3 7Clubs P0 2Clubs 
P1 3Clubs P2 6Clubs P3 KClubs P0 4Clubs 
P3 4Hearts P0 KHearts P1 4Diamonds P2 JDiamonds 
P0 5Hearts P1 4Spades P2 QDiamonds P3 JHearts 
P1 JSpades P2 3Spades P3 6Spades P0 7Spades 
P0 3Diamonds P1 KDiamonds P2 QClubs P3 JClubs 
P1 ASpades P2 5Spades P3 QSpades P0 2Spades 
P1 7Diamonds P2 KSpades P3 6Hearts P0 7Hearts 
-- /GAME --
P0 HAND: KDiamonds, AClubs, 6Clubs, 5Clubs, 3Clubs, QHearts, 4Hearts, 7Spades, JSpades, 4Spades.
P1 HAND: ADiamonds, 7Diamonds, JDiamonds, 6Diamonds, 3Diamonds, 7Clubs, JClubs, AHearts, JHearts, 3Hearts.
P2 HAND: QDiamonds, 5Diamonds, 4Diamonds, 2Diamonds, QClubs, 4Clubs, KHearts, ASpades, KSpades, QSpades.
P3 HAND: KClubs, 2Clubs, 7Hearts, 6Hearts, 5Hearts, 2Hearts, 6Spades, 5Spades, 3Spades, 2Spades.
P2 ASpades P3 2Spades P0 7Spades P1 3Diamonds 
P1 AHearts P2 KHearts P3 7Hearts P0 4Hearts 
P1 3Hearts P2 4Clubs P3 2Hearts P0 QHearts 
P0 AClubs P1 JClubs P2 QClubs P3 2Clubs 
P0 4Spades P1 6Diamonds P2 QSpades P3 6Spades 
P1 JHearts P2 2Diamonds P3 5Hearts P0 JSpades 
P2 4Diamonds P3 3Spades P0 KDiamonds P1 JDiamonds 
P0 3Clubs P1 7Clubs P2 5Diamonds P3 KClubs 
P2 QDiamonds P3 5Spades P0 5Clubs P1 7Diamonds 
P1 ADiamonds P2 KSpades P3 6Hearts P0 6Clubs 
-- /GAME --
P0 HAND: KDiamonds, QDiamonds, 2Diamonds, 7Clubs, QClubs, 3Clubs, KHearts, KSpades, JSpades, 3Spades.
P1 HAND: ADiamonds, 7Diamonds, JDiamonds, JClubs, 6Clubs, 5Clubs, 7Hearts, JHearts, 6Spades, 2Spades.
P2 HAND: 6Diamonds, 3Diamonds, 4Clubs, 2Clubs, 5Hearts, 4Hearts, 3Hearts, 2Hearts, ASpades, 5Spades.
P3 HAND: 5Diamonds, 4Diamonds, AClubs, KClubs, AHearts, QHearts, 6Hearts, 7Spades, QSpades, 4Spades.
P1 ADiamonds P2 3Diamonds P3 5Diamonds P0 2Diamonds 
P1 5Clubs P2 2Clubs P3 AClubs P0 3Clubs 
P3 AHearts P0 KHearts P1 7Hearts P2 2Hearts 
P3 4Diamonds P0 KDiamonds P1 7Diamonds P2 6Diamonds 
P1 6Clubs P2 4Clubs P3 KClubs P0 7Clubs 
P0 QDiamonds P1 JDiamonds P2 5Spades P3 QSpades 
P3 6Hearts P0 KSpades P1 JHearts P2 5Hearts 
P0 QClubs P1 JClubs P2 ASpades P3 QHearts 
P2 3Hearts P3 4Spades P0 3Spades 
