-- GAME --
P0 HAND: 7Diamonds, KDiamonds, QDiamonds, 3Diamonds, AClubs, JClubs, 6Clubs, 4Clubs, 7Spades, JSpades.
P1 HAND: ADiamonds, 2Diamonds, KClubs, 2Clubs, KHearts, JHearts, 3Hearts, KSpades, QSpades, 6Spades.
P2 HAND: 6Diamonds, 5Diamonds, QClubs, 5Clubs, 3Clubs, 6Hearts, 5Hearts, 2Hearts, 5Spades, 4Spades.
P3 HAND: JDiamonds, 4Diamonds, 7Clubs, AHearts, 7Hearts, QHearts, 4Hearts, ASpades, 3Spades, 2Spades.
P2 2Hearts P3 AHearts P0 7Diamonds P1 3Hearts 
P0 3Diamonds P1 2Diamonds P2 5Diamonds P3 4Diamonds 
P2 3Clubs P3 7Clubs P0 AClubs P1 2Clubs 
P0 4Clubs P1 KClubs P2 5Clubs P3 ASpades 
P1 6Spades P2 4Spades P3 2Spades P0 7Spades 
P0 6Clubs P1 QSpades P2 QClubs P3 3Spades 
P2 5Hearts P3 4Hearts P0 JClubs P1 KHearts 
P1 JHearts P2 6Hearts P3 QHearts P0 KDiamonds 
P0 JSpades P1 KSpades P2 5Spades P3 7Hearts 
P1 ADiamonds P2 6Diamonds P3 JDiamonds P0 QDiamonds 
-- /GAME --
P0 HAND: 7Clubs, 6Clubs, 3Clubs, KHearts, QHearts, 4Hearts, 3Hearts, 2Hearts, 7Spades, JSpades.
P1 HAND: JDiamonds, 6Diamonds, AClubs, 4Clubs, 2Clubs, 5Hearts, KSpades, 5Spades, 4Spades, 2Spades.
P2 HAND: ADiamonds, KDiamonds, QDiamonds, 5Diamonds, 4Diamonds, 7Hearts, 6Hearts, ASpades, 6Spades, 3Spades.
P3 HAND: 7Diamonds, 3Diamonds, 2Diamonds, KClubs, JClubs, QClubs, 5Clubs, AHearts, JHearts, QSpades.
P1 2Spades P2 ASpades P3 QSpades P0 7Spades 
P2 3Spades P3 2Diamonds P0 JSpades P1 KSpades 
P1 4Spades P2 6Spades P3 3Diamonds P0 KHearts 
P2 4Diamonds P3 7Diamonds P0 7Clubs P1 6Diamonds 
P0 2Hearts P1 5Hearts P2 6Hearts P3 AHearts 
P3 JHearts P0 3Hearts P1 5Spades P2 7Hearts 
P2 5Diamonds P3 5Clubs P0 6Clubs P1 JDiamonds 
P0 4Hearts P1 2Clubs P2 QDiamonds P3 QClubs 
P3 JClubs P0 3Clubs P1 4Clubs P2 KDiamonds 
P3 KClubs P0 QHearts P1 AClubs P2 ADiamonds 
-- /GAME --
P0 HAND: 5Diamonds, 4Diamonds, 3Diamonds, 7Clubs, KClubs, 3Clubs, 2Hearts, 7Spades, JSpades, QSpades.
P1 HAND: ADiamonds, 7Diamonds, 6Diamonds, 2Diamonds, AHearts, KHearts, 6Hearts, 3Hearts, ASpades, KSpades.
P2 HAND: KDiamonds, JDiamonds, 4Clubs, 2Clubs, 7Hearts, QHearts, 5Hearts, 4Spades, 3Spades, 2Spades.
P3 HAND: QDiamonds, AClubs, JClubs, QClubs, 6Clubs, 5Clubs, JHearts, 4Hearts, 6Spades, 5Spades.
P0 2Hearts P1 AHearts P2 5Hearts P3 JHearts 
P1 ADiamonds P2 JDiamonds P3 QDiamonds P0 3Diamonds 
P1 ASpades P2 2Spades P3 6Spades P0 QSpades 
P1 2Diamonds P2 KDiamonds P3 4Hearts P0 4Diamonds 
P2 3Spades P3 5Spades P0 7Spades P1 KSpades 
P0 5Diamonds P1 6Diamonds P2 4Spades P3 5Clubs 
P3 6Clubs P0 KClubs P1 3Hearts P2 2Clubs 
P0 JSpades P1 6Hearts P2 QHearts P3 QClubs 
P3 JClubs P0 7Clubs P1 KHearts P2 4Clubs 
P0 3Clubs P1 7Diamonds P2 7Hearts P3 AClubs 
-- /GAME --
P0 HAND: KDiamonds, 6Diamonds, 4Diamonds, JClubs, 4Clubs, QHearts, 5Hearts, 7Spades, JSpades, 4Spades.
P1 HAND: JDiamonds, QDiamonds, 7Clubs, QClubs, 3Clubs, 7Hearts, JHearts, 3Hearts, 6Spades, 2Spades.
P2 HAND: 5Diamonds, 3Diamonds, AClubs, 6Clubs, 5Clubs, AHearts, 6Hearts, 4Hearts, 2Hearts, 5Spades.
P3 HAND: ADiamonds, 7Diamonds, 2Diamonds, KClubs, 2Clubs, KHearts, ASpades, KSpades, QSpades, 3Spades.
P3 ADiamonds P0 4Diamonds P1 JDiamonds P2 3Diamonds 
P3 ASpades P0 4Spades P1 6Spades P2 5Spades 
P3 2Diamonds P0 KDiamonds P1 QDiamonds P2 5Diamonds 
P0 6Diamonds P1 2Spades P2 5Clubs P3 7Diamonds 
P3 2Clubs P0 JClubs P1 3Clubs P2 AClubs 
P2 6Clubs P3 KClubs P0 4Clubs P1 7Clubs 
P1 QClubs P2 2Hearts P3 3Spades P0 7Spades 
P2 4Hearts P3 KHearts P0 5Hearts P1 3Hearts 
P3 QSpades P0 JSpades P1 JHearts P2 AHearts 
P2 6Hearts P3 KSpades P0 QHearts P1 7Hearts 
-- /GAME --
P0 HAND: ADiamonds, JDiamonds, 6Diamonds, 3Diamonds, 7Clubs, 2Clubs, 4Hearts, 3Hearts, ASpades, QSpades.
P1 HAND: 7Diamonds, 5Diamonds, AClubs, KClubs, JClubs, 6Clubs, AHearts, 7Hearts, JHearts, KSpades.
P2 HAND: KDiamonds, 2Diamonds, QClubs, 5Clubs, 3Clubs, QHearts, 6Hearts, 5Hearts, 2Hearts, 7Spades.
P3 HAND: QDiamonds, 4Diamonds, 4Clubs, KHearts, JSpades, 6Spades, 5Spades, 4Spades, 3Spades, 2Spades.
P2 2Diamonds P3 4Diamonds P0 ADiamonds P1 5Diamonds 
P0 3Hearts P1 AHearts P2 2Hearts P3 KHearts 
P1 JHearts P2 5Hearts P3 2Spades P0 4Hearts 
P1 6Clubs P2 3Clubs P3 4Clubs P0 7Clubs 
P0 ASpades P1 KSpades P2 7Spades P3 3Spades 
P0 3Diamonds P1 7Diamonds P2 KDiamonds P3 QDiamonds 
P1 JClubs P2 5Clubs P3 4Spades P0 2Clubs 
P1 KClubs P2 QClubs P3 5Spades P0 6Diamonds 
P1 AClubs P2 6Hearts P3 6Spades P0 QSpades 
P1 7Hearts P2 QHearts P3 JSpades P0 JDiamonds 
-- /GAME --
P0 HAND: JDiamonds, AClubs, 7Clubs, JClubs, 6Clubs, 2Clubs, KHearts, QHearts, 5Hearts, 6Spades.
P1 HAND: ADiamonds, QDiamonds, 5Diamonds, 3Diamonds, 2Diamonds, 6Hearts, 4Hearts, 2Hearts, ASpades, 5Spades.
P2 HAND: 4Diamonds, QClubs, 4Clubs, 3Clubs, 7Hearts, 3Hearts, 7Spades, KSpades, JSpades, 3Spades.
P3 HAND: 7Diamonds, KDiamonds, 6Diamonds, KClubs, 5Clubs, AHearts, JHearts, QSpades, 4Spades, 2Spades.
P1 2Diamonds P2 4Diamonds P3 6Diamonds P0 JDiamonds 
P0 6Spades P1 ASpades P2 3Spades P3 QSpades 
P1 2Hearts P2 3Hearts P3 AHearts P0 5Hearts 
P3 2Spades P0 2Clubs P1 5Spades P2 7Spades 
P0 AClubs P1 3Diamonds P2 3Clubs P3 5Clubs 
P0 7Clubs P1 4Hearts P2 4Clubs P3 KClubs 
P0 JClubs P1 5Diamonds P2 QClubs P3 4Spades 
P0 6Clubs P1 6Hearts P2 JSpades P3 JHearts 
P0 QHearts P1 QDiamonds P2 7Hearts P3 KDiamonds 
P2 KSpades P3 7Diamonds P0 KHearts P1 ADiamonds 
-- /GAME --
P0 HAND: JDiamonds, 7Clubs, KClubs, 6Clubs, 5Clubs, QHearts, 5Hearts, ASpades, KSpades, QSpades.
P1 HAND: ADiamonds, KDiamonds, QDiamonds, 4Diamonds, AClubs, 2Clubs, 6Hearts, 6Spades, 5Spades, 3Spades.
P2 HAND: 7Diamonds, 6Diamonds, 3Diamonds, QClubs, 4Clubs, 3Clubs, AHearts, 7Hearts, 4Hearts, 4Spades.
P3 HAND: 5Diamonds, 2Diamonds, JClubs, KHearts, JHearts, 3Hearts, 2Hearts, 7Spades, JSpades, 2Spades.
P0 JDiamonds P1 ADiamonds P2 3Diamonds P3 5Diamonds 
P1 AClubs P2 3Clubs P3 JClubs P0 5Clubs 
P1 2Clubs P2 4Clubs P3 2Diamonds P0 7Clubs 
P0 ASpades P1 3Spades P2 4Spades P3 2Spades 
P0 6Clubs P1 4Diamonds P2 QClubs P3 2Hearts 
P3 JSpades P0 KSpades P1 5Spades P2 7Diamonds 
P0 QSpades P1 6Spades P2 6Diamonds P3 7Spades 
P3 3Hearts P0 QHearts P1 6Hearts P2 4Hearts 
P0 5Hearts P1 QDiamonds P2 7Hearts P3 JHearts 
P2 AHearts P3 KHearts P0 KClubs P1 KDiamonds 
-- /GAME --
P0 HAND: 6Diamonds, KClubs, 4Clubs, 3Clubs, AHearts, 7Hearts, KHearts, 2Hearts, ASpades, 4Spades.
P1 HAND: QDiamonds, 4Diamonds, 3Diamonds, AClubs, JClubs, 6Clubs, QHearts, 4Hearts, QSpades, 3Spades.
P2 HAND: 2Diamonds, 5Clubs, 2Clubs, JHearts, 6Hearts, 5Hearts, 3Hearts, KSpades, 5Spades, 2Spades.
P3 HAND: ADiamonds, 7Diamonds, KDiamonds, JDiamonds, 5Diamonds, 7Clubs, QClubs, 7Spades, JSpades, 6Spades.
P3 5Diamonds P0 6Diamonds P1 3Diamonds P2 2Diamonds 
P0 3Clubs P1 AClubs P2 2Clubs P3 7Clubs 
P1 3Spades P2 2Spades P3 6Spades P0 4Spades 
P3 QClubs P0 4Clubs P1 6Clubs P2 5Clubs 
P3 JDiamonds P0 2Hearts P1 4Diamonds P2 KSpades 
P0 KHearts P1 4Hearts P2 3Hearts P3 JSpades 
P0 7Hearts P1 QHearts P2 5Hearts P3 KDiamonds 
P0 AHearts P1 QDiamonds P2 6Hearts P3 7Diamonds 
P0 ASpades P1 QSpades P2 5Spades P3 7Spades 
P0 KClubs P1 JClubs P2 JHearts P3 ADiamonds 
-- /GAME --

