-- GAME --
P0 HAND: ADiamonds, KDiamonds, 6Diamonds, 5Diamonds, 4Hearts, ASpades, 7Spades, 4Spades, 3Spades, 2Spades.
P1 HAND: 4Diamonds, 7Clubs, JClubs, 6Clubs, 3Clubs, JHearts, 6Hearts, 3Hearts, KSpades, 6Spades.
P2 HAND: QDiamonds, 3Diamonds, 2Diamonds, AClubs, KClubs, QClubs, 5Clubs, KHearts, 2Hearts, 5Spades.
P3 HAND: 7Diamonds, JDiamonds, 4Clubs, 2Clubs, AHearts, 7Hearts, QHearts, 5Hearts, JSpades, QSpades.
P2 AClubs P3 2Clubs P0 ASpades P1 3Clubs 
P2 2Diamonds P3 JDiamonds P0 ADiamonds P1 4Diamonds 
P0 7Spades P1 6Spades P2 5Spades P3 QSpades 
P0 5Diamonds P1 6Clubs P2 3Diamonds P3 7Diamonds 
P3 4Clubs P0 KDiamonds P1 7Clubs P2 5Clubs 
P1 JClubs P2 QClubs P3 5Hearts P0 6Diamonds 
P3 JSpades P0 2Spades P1 KSpades P2 2Hearts 
P2 QDiamonds P3 QHearts P0 3Spades P1 3Hearts 
P3 7Hearts P0 4Hearts P1 6Hearts P2 KHearts 
P3 AHearts P0 4Spades P1 JHearts P2 KClubs 
-- /GAME --
P0 HAND: 7Diamonds, 3Diamonds, JClubs, QClubs, 3Clubs, 7Hearts, JHearts, 2Hearts, KSpades, 6Spades.
P1 HAND: 5Diamonds, AClubs, 7Clubs, 2Clubs, AHearts, QHearts, 6Hearts, 4Hearts, 3Spades, 2Spades.
P2 HAND: ADiamonds, JDiamonds, QDiamonds, 6Diamonds, 2Diamonds, KClubs, 6Clubs, 4Clubs, 3Hearts, JSpades.
P3 HAND: KDiamonds, 4Diamonds, 5Clubs, KHearts, 5Hearts, ASpades, 7Spades, QSpades, 5Spades, 4Spades.
P1 AHearts P2 3Hearts P3 KHearts P0 2Hearts 
P1 2Spades P2 JSpades P3 ASpades P0 6Spades 
P3 4Diamonds P0 3Diamonds P1 5Diamonds P2 ADiamonds 
P2 2Diamonds P3 KDiamonds P0 7Diamonds P1 2Clubs 
P1 3Spades P2 6Diamonds P3 4Spades P0 KSpades 
P0 QClubs P1 7Clubs P2 4Clubs P3 5Clubs 
P1 4Hearts P2 QDiamonds P3 5Hearts P0 7Hearts 
P0 3Clubs P1 AClubs P2 6Clubs P3 7Spades 
P1 6Hearts P2 KClubs P3 5Spades P0 JHearts 
P2 JDiamonds P3 QSpades P0 JClubs P1 QHearts 
-- /GAME --
P0 HAND: 4Diamonds, 3Diamonds, 2Diamonds, AClubs, JClubs, 2Clubs, AHearts, 6Hearts, QSpades, 6Spades.
P1 HAND: JDiamonds, QDiamonds, 5Clubs, 3Clubs, 7Hearts, KHearts, QHearts, KSpades, JSpades, 2Spades.
P2 HAND: ADiamonds, KDiamonds, QClubs, 6Clubs, 5Hearts, 4Hearts, 2Hearts, 7Spades, 5Spades, 4Spades.
P3 HAND: 7Diamonds, 6Diamonds, 5Diamonds, 7Clubs, KClubs, 4Clubs, JHearts, 3Hearts, ASpades, 3Spades.
P0 AClubs P1 3Clubs P2 6Clubs P3 4Clubs 
P0 2Clubs P1 5Clubs P2 QClubs P3 KClubs 
P3 ASpades P0 6Spades P1 KSpades P2 4Spades 
P3 3Hearts P0 6Hearts P1 QHearts P2 2Hearts 
P1 2Spades P2 5Spades P3 3Spades P0 QSpades 
P0 3Diamonds P1 QDiamonds P2 ADiamonds P3 5Diamonds 
P2 4Hearts P3 JHearts P0 AHearts P1 KHearts 
P0 4Diamonds P1 JDiamonds P2 KDiamonds P3 7Diamonds 
P3 6Diamonds P0 2Diamonds P1 JSpades P2 5Hearts 
P3 7Clubs P0 JClubs P1 7Hearts P2 7Spades 
-- /GAME --
P0 HAND: 5Diamonds, KClubs, QClubs, 6Clubs, 3Clubs, 2Clubs, AHearts, KHearts, JSpades, 6Spades.
P1 HAND: QDiamonds, 3Diamonds, 7Clubs, 5Clubs, QHearts, 6Hearts, ASpades, 5Spades, 3Spades, 2Spades.
P2 HAND: ADiamonds, 7Diamonds, KDiamonds, 6Diamonds, 2Diamonds, AClubs, 7Hearts, 4Hearts, 3Hearts, 2Hearts.
P3 HAND: JDiamonds, 4Diamonds, JClubs, 4Clubs, JHearts, 5Hearts, 7Spades, KSpades, QSpades, 4Spades.
P3 4Diamonds P0 5Diamonds P1 3Diamonds P2 ADiamonds 
P2 2Diamonds P3 JDiamonds P0 2Clubs P1 QDiamonds 
P0 6Spades P1 ASpades P2 AClubs P3 4Spades 
P2 2Hearts P3 5Hearts P0 KHearts P1 6Hearts 
P0 JSpades P1 2Spades P2 3Hearts P3 7Spades 
P3 QSpades P0 QClubs P1 3Spades P2 7Diamonds 
P0 3Clubs P1 5Clubs P2 4Hearts P3 4Clubs 
P1 5Spades P2 6Diamonds P3 KSpades P0 KClubs 
P0 AHearts P1 QHearts P2 7Hearts P3 JHearts 
P0 6Clubs P1 7Clubs P2 KDiamonds P3 JClubs 
-- /GAME --
P0 HAND: KDiamonds, 6Diamonds, 4Diamonds, AClubs, KClubs, QClubs, 5Clubs, 4Clubs, 5Hearts, 3Hearts.
P1 HAND: ADiamonds, 2Diamonds, JClubs, 6Clubs, 3Clubs, 2Clubs, JHearts, 6Hearts, 2Hearts, 5Spades.
P2 HAND: 7Diamonds, 5Diamonds, 3Diamonds, AHearts, 7Hearts, KHearts, 4Hearts, JSpades, QSpades, 2Spades.
P3 HAND: JDiamonds, QDiamonds, 7Clubs, QHearts, ASpades, 7Spades, KSpades, 6Spades, 4Spades, 3Spades.
P2 AHearts P3 QHearts P0 3Hearts P1 2Hearts 
P2 3Diamonds P3 QDiamonds P0 6Diamonds P1 ADiamonds 
P1 2Diamonds P2 5Diamonds P3 JDiamonds P0 KDiamonds 
P0 5Hearts P1 6Hearts P2 4Hearts P3 7Clubs 
P1 2Clubs P2 2Spades P3 3Spades P0 4Clubs 
P3 4Spades P0 4Diamonds P1 5Spades P2 QSpades 
P2 JSpades P3 6Spades P0 KClubs P1 3Clubs 
P2 KHearts P3 KSpades P0 5Clubs P1 JHearts 
P3 7Spades P0 QClubs P1 6Clubs P2 7Diamonds 
P3 ASpades P0 AClubs P1 JClubs P2 7Hearts 

