-- GAME --
P0 HAND: 2Diamonds, JClubs, 6Clubs, 5Clubs, 5Hearts, 3Hearts, ASpades, 5Spades, 4Spades, 3Spades.
P1 HAND: QDiamonds, KClubs, 4Clubs, 3Clubs, 2Clubs, 7Hearts, KHearts, 6Hearts, KSpades, JSpades.
P2 HAND: KDiamonds, JDiamonds, 6Diamonds, 5Diamonds, 4Diamonds, 3Diamonds, AClubs, 7Clubs, JHearts, 4Hearts.
P3 HAND: ADiamonds, 7Diamonds, QClubs, AHearts, QHearts, 2Hearts, 7Spades, QSpades, 6Spades, 2Spades.
P1 2Clubs P2 AClubs P3 QClubs P0 JClubs 
P2 3Diamonds P3 ADiamonds P0 2Diamonds P1 QDiamonds 
P3 AHearts P0 3Hearts P1 7Hearts P2 4Hearts 
P3 2Hearts P0 5Hearts P1 KHearts P2 JHearts 
P1 3Clubs P2 7Clubs P3 2Spades P0 5Clubs 
P3 QHearts P0 6Clubs P1 6Hearts P2 4Diamonds 
P3 6Spades P0 3Spades P1 JSpades P2 5Diamonds 
P1 4Clubs P2 6Diamonds P3 QSpades P0 4Spades 
P3 7Spades P0 ASpades P1 KSpades P2 KDiamonds 
P0 5Spades P1 KClubs P2 JDiamonds P3 7Diamonds 
-- /GAME --
P0 HAND: 7Diamonds, KDiamonds, 4Diamonds, 3Diamonds, 2Diamonds, KClubs, 3Clubs, 5Hearts, 4Hearts, 7Spades.
P1 HAND: ADiamonds, 6Clubs, 7Hearts, KHearts, JHearts, 6Hearts, JSpades, 4Spades, 3Spades, 2Spades.
P2 HAND: QDiamonds, 7Clubs, JClubs, QClubs, 4Clubs, 2Clubs, AHearts, KSpades, QSpades, 5Spades.
P3 HAND: JDiamonds, 6Diamonds, 5Diamonds, AClubs, 5Clubs, QHearts, 3Hearts, 2Hearts, ASpades, 6Spades.
P0 4Hearts P1 6Hearts P2 AHearts P3 2Hearts 
P2 2Clubs P3 AClubs P0 3Clubs P1 6Clubs 
P3 ASpades P0 7Spades P1 JSpades P2 5Spades 
P3 3Hearts P0 5Hearts P1 JHearts P2 4Clubs 
P1 2Spades P2 QSpades P3 6Spades P0 KClubs 
P2 QClubs P3 5Clubs P0 2Diamonds P1 3Spades 
P0 3Diamonds P1 ADiamonds P2 QDiamonds P3 5Diamonds 
P1 4Spades P2 KSpades P3 QHearts P0 4Diamonds 
P0 KDiamonds P1 KHearts P2 JClubs P3 6Diamonds 
P0 7Diamonds P1 7Hearts P2 7Clubs P3 JDiamonds 
-- /GAME --
P0 HAND: ADiamonds, QDiamonds, 6Diamonds, 3Diamonds, 6Clubs, 2Clubs, 7Hearts, JHearts, 2Hearts, 6Spades.
P1 HAND: 7Diamonds, KDiamonds, JDiamonds, 7Clubs, KHearts, 5Hearts, 4Hearts, ASpades, 7Spades, KSpades.
P2 HAND: AClubs, KClubs, 3Clubs, AHearts, 6Hearts, 3Hearts, JSpades, 4Spades, 3Spades, 2Spades.
P3 HAND: 5Diamonds, 4Diamonds, 2Diamonds, JClubs, QClubs, 5Clubs, 4Clubs, QHearts, QSpades, 5Spades.
P3 2Diamonds P0 ADiamonds P1 JDiamonds P2 AClubs 
P0 6Spades P1 ASpades P2 2Spades P3 QSpades 
P1 4Hearts P2 3Hearts P3 QHearts P0 2Hearts 
P3 4Diamonds P0 QDiamonds P1 KDiamonds P2 6Hearts 
P2 3Clubs P3 4Clubs P0 6Clubs P1 7Clubs 
P1 5Hearts P2 AHearts P3 5Diamonds P0 JHearts 
P2 3Spades P3 5Spades P0 2Clubs P1 7Spades 
P1 KHearts P2 4Spades P3 5Clubs P0 7Hearts 
P0 6Diamonds P1 7Diamonds P2 JSpades P3 JClubs 
P1 KSpades P2 KClubs P3 QClubs P0 3Diamonds 
-- /GAME --
P0 HAND: ADiamonds, KDiamonds, 5Diamonds, AHearts, 7Hearts, JHearts, 4Hearts, 2Hearts, JSpades, 5Spades.
P1 HAND: 7Diamonds, QDiamonds, 4Diamonds, 2Diamonds, QClubs, 6Hearts, 3Hearts, ASpades, 6Spades, 4Spades.
P2 HAND: 6Diamonds, 3Diamonds, KClubs, JClubs, 4Clubs, 2Clubs, 5Hearts, QSpades, 3Spades, 2Spades.
P3 HAND: JDiamonds, AClubs, 7Clubs, 6Clubs, 5Clubs, 3Clubs, KHearts, QHearts, 7Spades, KSpades.
P2 2Clubs P3 AClubs P0 5Diamonds P1 QClubs 
P0 AHearts P1 3Hearts P2 5Hearts P3 QHearts 
P0 5Spades P1 ASpades P2 2Spades P3 7Spades 
P1 4Spades P2 3Spades P3 KSpades P0 JSpades 
P3 3Clubs P0 2Hearts P1 6Hearts P2 KClubs 
P2 4Clubs P3 5Clubs P0 4Hearts P1 6Spades 
P3 6Clubs P0 JHearts P1 2Diamonds P2 JClubs 
P1 4Diamonds P2 3Diamonds P3 JDiamonds P0 KDiamonds 
P0 ADiamonds P1 QDiamonds P2 6Diamonds P3 KHearts 
P0 7Hearts P1 7Diamonds P2 QSpades P3 7Clubs 
-- /GAME --
P0 HAND: ADiamonds, 6Diamonds, KClubs, JClubs, QClubs, 5Clubs, 7Hearts, KHearts, QHearts, 4Spades.
P1 HAND: KDiamonds, JDiamonds, 5Diamonds, 3Diamonds, 2Diamonds, 7Clubs, AHearts, ASpades, JSpades, QSpades.
P2 HAND: AClubs, 4Clubs, 3Clubs, 6Hearts, 4Hearts, 3Hearts, 2Hearts, 6Spades, 5Spades, 2Spades.
P3 HAND: 7Diamonds, QDiamonds, 4Diamonds, 6Clubs, 2Clubs, JHearts, 5Hearts, 7Spades, KSpades, 3Spades.
P1 AHearts P2 2Hearts P3 JHearts P0 QHearts 
P1 ASpades P2 2Spades P3 7Spades P0 4Spades 
P1 2Diamonds P2 3Hearts P3 4Diamonds P0 6Diamonds 
P0 ADiamonds P1 3Diamonds P2 6Hearts P3 QDiamonds 
P0 5Clubs P1 7Clubs P2 AClubs P3 2Clubs 
P2 4Hearts P3 5Hearts P0 KHearts P1 5Diamonds 
P0 QClubs P1 QSpades P2 3Clubs P3 6Clubs 
P0 JClubs P1 JDiamonds P2 4Clubs P3 3Spades 
P0 KClubs P1 JSpades P2 5Spades P3 KSpades 
P0 7Hearts P1 KDiamonds P2 6Spades P3 7Diamonds 
-- /GAME --

