-- GAME --
P0 HAND: 7Diamonds, QDiamonds, 6Diamonds, 3Diamonds, 2Diamonds, 4Clubs, 3Clubs, 2Clubs, 7Hearts, 4Hearts.
P1 HAND: ADiamonds, KDiamonds, JDiamonds, 5Diamonds, QClubs, AHearts, QHearts, QSpades, 6Spades, 2Spades.
P2 HAND: 4Diamonds, AClubs, 7Clubs, KClubs, 5Clubs, KHearts, JHearts, 6Hearts, 3Hearts, JSpades.
P3 HAND: JClubs, 6Clubs, 5Hearts, 2Hearts, ASpades, 7Spades, KSpades, 5Spades, 4Spades, 3Spades.
P3 3Spades P0 2Clubs P1 2Spades P2 JSpades 
P2 4Diamonds P3 4Spades P0 6Diamonds P1 ADiamonds 
P1 5Diamonds P2 5Clubs P3 5Spades P0 7Diamonds 
P0 3Clubs P1 QClubs P2 AClubs P3 6Clubs 
P2 3Hearts P3 2Hearts P0 4Hearts P1 QHearts 
P1 6Spades P2 6Hearts P3 KSpades P0 4Clubs 
P2 JHearts P3 5Hearts P0 7Hearts P1 AHearts 
P1 QSpades P2 KHearts P3 7Spades P0 QDiamonds 
P2 KClubs P3 JClubs P0 3Diamonds P1 JDiamonds 
P2 7Clubs P3 ASpades P0 2Diamonds P1 KDiamonds 
-- /GAME --
P0 HAND: ADiamonds, 6Diamonds, 4Diamonds, 3Diamonds, AClubs, AHearts, 4Hearts, KSpades, 5Spades, 2Spades.
P1 HAND: 7Diamonds, QDiamonds, 5Diamonds, JClubs, 4Clubs, 3Clubs, 2Clubs, 3Hearts, ASpades, JSpades.
P2 HAND: JDiamonds, 2Diamonds, 6Clubs, 5Clubs, 7Hearts, JHearts, QHearts, 6Hearts, 5Hearts, 2Hearts.
P3 HAND: KDiamonds, 7Clubs, KClubs, QClubs, KHearts, 7Spades, QSpades, 6Spades, 4Spades, 3Spades.
P2 2Diamonds P3 KDiamonds P0 ADiamonds P1 5Diamonds 
P0 AHearts P1 3Hearts P2 7Hearts P3 KHearts 
P0 2Spades P1 ASpades P2 5Clubs P3 3Spades 
P2 2Hearts P3 4Spades P0 4Hearts P1 QDiamonds 
P0 KSpades P1 JSpades P2 6Clubs P3 6Spades 
P2 5Hearts P3 QSpades P0 AClubs P1 7Diamonds 
P0 5Spades P1 2Clubs P2 6Hearts P3 7Spades 
P1 3Clubs P2 QHearts P3 QClubs P0 3Diamonds 
P3 KClubs P0 4Diamonds P1 4Clubs P2 JDiamonds 
P3 7Clubs P0 6Diamonds P1 JClubs P2 JHearts 
-- /GAME --
P0 HAND: 5Diamonds, 3Diamonds, 2Diamonds, AClubs, 7Clubs, 5Clubs, 3Clubs, KSpades, QSpades, 2Spades.
P1 HAND: KDiamonds, 4Diamonds, 4Clubs, 5Hearts, 4Hearts, ASpades, 7Spades, JSpades, 4Spades, 3Spades.
P2 HAND: ADiamonds, QDiamonds, 6Diamonds, JClubs, 6Clubs, 2Clubs, AHearts, 7Hearts, KHearts, 3Hearts.
P3 HAND: 7Diamonds, JDiamonds, KClubs, QClubs, JHearts, QHearts, 6Hearts, 2Hearts, 6Spades, 5Spades.
P1 4Diamonds P2 ADiamonds P3 JDiamonds P0 2Diamonds 
P2 AHearts P3 2Hearts P0 AClubs P1 4Hearts 
P2 2Clubs P3 QClubs P0 7Clubs P1 4Clubs 
P0 5Diamonds P1 KDiamonds P2 6Diamonds P3 7Diamonds 
P3 6Hearts P0 3Diamonds P1 5Hearts P2 7Hearts 
P2 3Hearts P3 QHearts P0 5Clubs P1 3Spades 
P1 4Spades P2 6Clubs P3 5Spades P0 KSpades 
P0 3Clubs P1 JSpades P2 JClubs P3 KClubs 
P1 7Spades P2 QDiamonds P3 6Spades P0 2Spades 
P1 ASpades P2 KHearts P3 JHearts P0 QSpades 
-- /GAME --
P0 HAND: 2Diamonds, KClubs, 5Clubs, 2Clubs, JHearts, 5Hearts, 4Hearts, ASpades, KSpades, JSpades.
P1 HAND: 5Diamonds, 3Diamonds, 6Clubs, 4Clubs, 3Clubs, AHearts, 3Hearts, 7Spades, 6Spades, 5Spades.
P2 HAND: KDiamonds, JDiamonds, 6Diamonds, 7Clubs, JClubs, 7Hearts, KHearts, QHearts, 2Hearts, 3Spades.
P3 HAND: ADiamonds, 7Diamonds, QDiamonds, 4Diamonds, AClubs, QClubs, 6Hearts, QSpades, 4Spades, 2Spades.
P0 2Diamonds P1 3Diamonds P2 6Diamonds P3 4Diamonds 
P2 2Hearts P3 6Hearts P0 5Hearts P1 AHearts 
P1 3Clubs P2 JClubs P3 AClubs P0 2Clubs 
P3 2Spades P0 KSpades P1 5Spades P2 3Spades 
P0 ASpades P1 6Spades P2 7Clubs P3 4Spades 
P0 JSpades P1 7Spades P2 JDiamonds P3 QSpades 
P2 QHearts P3 QClubs P0 4Hearts P1 3Hearts 
P2 KDiamonds P3 QDiamonds P0 JHearts P1 5Diamonds 
P2 KHearts P3 7Diamonds P0 5Clubs P1 6Clubs 
P3 ADiamonds P0 KClubs P1 4Clubs P2 7Hearts 
-- /GAME --
P0 HAND: JDiamonds, 6Clubs, 5Clubs, 3Clubs, QHearts, 2Hearts, ASpades, KSpades, 5Spades, 3Spades.
P1 HAND: 4Diamonds, 3Diamonds, KClubs, JClubs, KHearts, 6Hearts, 3Hearts, JSpades, QSpades, 4Spades.
P2 HAND: ADiamonds, 5Diamonds, 2Diamonds, QClubs, 2Clubs, AHearts, 5Hearts, 4Hearts, 7Spades, 6Spades.
P3 HAND: 7Diamonds, KDiamonds, QDiamonds, 6Diamonds, AClubs, 7Clubs, 4Clubs, 7Hearts, JHearts, 2Spades.
P3 AClubs P0 3Clubs P1 KClubs P2 2Clubs 
P3 4Clubs P0 6Clubs P1 JClubs P2 QClubs 
P1 3Diamonds P2 ADiamonds P3 6Diamonds P0 JDiamonds 
P2 AHearts P3 JHearts P0 QHearts P1 3Hearts 
P2 2Diamonds P3 QDiamonds P0 5Clubs P1 4Diamonds 
P3 2Spades P0 3Spades P1 4Spades P2 6Spades 
P2 4Hearts P3 7Hearts P0 2Hearts P1 KHearts 
P3 KDiamonds P0 5Spades P1 6Hearts P2 5Diamonds 
P0 ASpades P1 QSpades P2 7Spades P3 7Diamonds 
P0 KSpades P1 JSpades P2 5Hearts P3 7Clubs 
-- /GAME --
P0 HAND: 5Diamonds, AClubs, KClubs, QClubs, 2Clubs, AHearts, JHearts, QHearts, KSpades, JSpades.
P1 HAND: KDiamonds, JDiamonds, QDiamonds, 6Diamonds, 3Diamonds, 7Clubs, KHearts, 6Hearts, ASpades, QSpades.
P2 HAND: ADiamonds, 2Diamonds, JClubs, 5Hearts, 3Hearts, 2Hearts, 7Spades, 4Spades, 3Spades, 2Spades.
P3 HAND: 7Diamonds, 4Diamonds, 6Clubs, 5Clubs, 4Clubs, 3Clubs, 7Hearts, 4Hearts, 6Spades, 5Spades.
P1 ASpades P2 2Spades P3 6Spades P0 JSpades 
P1 3Diamonds P2 ADiamonds P3 4Diamonds P0 5Diamonds 
P2 2Diamonds P3 7Diamonds P0 2Clubs P1 6Diamonds 
P0 QClubs P1 7Clubs P2 JClubs P3 3Clubs 
P1 6Hearts P2 2Hearts P3 4Hearts P0 JHearts 
P0 KClubs P1 QDiamonds P2 3Hearts P3 4Clubs 
P0 KSpades P1 QSpades P2 3Spades P3 5Spades 
P0 AHearts P1 KHearts P2 5Hearts P3 7Hearts 
P0 AClubs P1 JDiamonds P2 7Spades P3 5Clubs 
P0 QHearts P1 KDiamonds P2 4Spades P3 6Clubs 
-- /GAME --
P0 HAND: JDiamonds, QDiamonds, 7Clubs, QClubs, 6Clubs, JHearts, 6Hearts, 5Hearts, 4Hearts, 4Spades.
P1 HAND: KDiamonds, KClubs, AHearts, KHearts, QHearts, 3Hearts, 6Spades, 5Spades, 3Spades, 2Spades.
P2 HAND: 7Diamonds, 6Diamonds, 3Diamonds, AClubs, 4Clubs, 3Clubs, 7Hearts, 2Hearts, ASpades, QSpades.
P3 HAND: ADiamonds, 5Diamonds, 4Diamonds, 2Diamonds, JClubs, 5Clubs, 2Clubs, 7Spades, KSpades, JSpades.

