-- GAME --
P0 HAND: JDiamonds, QDiamonds, 6Diamonds, 6Clubs, 5Clubs, 4Clubs, 2Clubs, 2Hearts, JSpades, 6Spades.
P1 HAND: KDiamonds, 4Diamonds, 2Diamonds, AClubs, 7Clubs, KClubs, JClubs, QClubs, JHearts, 5Hearts.
P2 HAND: 7Diamonds, 5Diamonds, 7Hearts, KHearts, QHearts, 3Hearts, ASpades, 7Spades, KSpades, 5Spades.
P3 HAND: ADiamonds, 3Diamonds, 3Clubs, AHearts, 6Hearts, 4Hearts, QSpades, 4Spades, 3Spades, 2Spades.
P1 2Diamonds P2 5Diamonds P3 ADiamonds P0 6Diamonds 
P3 AHearts P0 2Hearts P1 JHearts P2 3Hearts 
P3 2Spades P0 JSpades P1 4Diamonds P2 ASpades 
P2 5Spades P3 3Spades P0 6Spades P1 5Hearts 
P0 2Clubs P1 QClubs P2 QHearts P3 3Clubs 
P1 JClubs P2 KHearts P3 3Diamonds P0 4Clubs 
P1 KClubs P2 KSpades P3 4Hearts P0 5Clubs 
P1 7Clubs P2 7Diamonds P3 4Spades P0 6Clubs 
P1 AClubs P2 7Hearts P3 6Hearts P0 QDiamonds 
P1 KDiamonds P2 7Spades P3 QSpades P0 JDiamonds 
-- /GAME --
P0 HAND: ADiamonds, 4Diamonds, 3Diamonds, JClubs, QClubs, 5Clubs, 7Hearts, JHearts, 7Spades, 5Spades.
P1 HAND: 6Diamonds, 7Clubs, 6Clubs, 3Clubs, 2Clubs, 5Hearts, 4Hearts, 2Hearts, 4Spades, 3Spades.
P2 HAND: 7Diamonds, JDiamonds, QDiamonds, 5Diamonds, 2Diamonds, KClubs, 4Clubs, KHearts, QSpades, 2Spades.
P3 HAND: KDiamonds, AClubs, AHearts, QHearts, 6Hearts, 3Hearts, ASpades, KSpades, JSpades, 6Spades.

