-- GAME --
P0 HAND: 7Diamonds, 5Diamonds, 4Diamonds, KClubs, JClubs, AHearts, 7Hearts, KHearts, 5Hearts, 5Spades.
P1 HAND: QDiamonds, 2Diamonds, 4Clubs, JHearts, QHearts, 4Hearts, 7Spades, JSpades, QSpades, 2Spades.
P2 HAND: KDiamonds, JDiamonds, 3Diamonds, QClubs, 6Clubs, 5Clubs, 2Clubs, 6Spades, 4Spades, 3Spades.
P3 HAND: ADiamonds, 6Diamonds, AClubs, 7Clubs, 3Clubs, 6Hearts, 3Hearts, 2Hearts, ASpades, KSpades.
P3 AClubs P0 JClubs P1 4Clubs P2 2Clubs 
P3 ASpades P0 5Spades P1 7Spades P2 3Spades 
P3 2Hearts P0 AHearts P1 4Hearts P2 QClubs 
P0 7Hearts P1 QHearts P2 6Clubs P3 3Hearts 
P0 KHearts P1 JHearts P2 6Spades P3 6Hearts 
P0 4Diamonds P1 2Diamonds P2 3Diamonds P3 6Diamonds 
P3 3Clubs P0 KClubs P1 2Spades P2 5Clubs 
P0 5Diamonds P1 QDiamonds P2 JDiamonds P3 ADiamonds 
P3 KSpades P0 5Hearts P1 QSpades P2 4Spades 
P3 7Clubs P0 7Diamonds P1 JSpades P2 KDiamonds 
-- /GAME --
P0 HAND: JDiamonds, 3Diamonds, JClubs, 3Clubs, 2Clubs, QHearts, 5Hearts, 2Hearts, JSpades, 3Spades.
P1 HAND: 7Diamonds, 5Diamonds, 2Diamonds, 7Clubs, 4Clubs, AHearts, 4Hearts, QSpades, 6Spades, 5Spades.
P2 HAND: ADiamonds, 6Diamonds, AClubs, KClubs, 7Hearts, KHearts, 3Hearts, ASpades, KSpades, 4Spades.
P3 HAND: KDiamonds, QDiamonds, 4Diamonds, QClubs, 6Clubs, 5Clubs, JHearts, 6Hearts, 7Spades, 2Spades.
P2 ADiamonds P3 4Diamonds P0 JDiamonds P1 2Diamonds 
P2 AClubs P3 5Clubs P0 JClubs P1 4Clubs 
P2 ASpades P3 2Spades P0 JSpades P1 5Spades 
P2 4Spades P3 7Spades P0 3Spades P1 QSpades 
P3 6Clubs P0 3Clubs P1 7Clubs P2 KClubs 
P1 5Diamonds P2 6Diamonds P3 QDiamonds P0 3Diamonds 
P3 QClubs P0 2Clubs P1 6Spades P2 3Hearts 
P2 KHearts P3 6Hearts P0 QHearts P1 AHearts 
P1 4Hearts P2 7Hearts P3 JHearts P0 5Hearts 
P2 KSpades P3 KDiamonds P0 2Hearts P1 7Diamonds 
-- /GAME --
P0 HAND: QDiamonds, 4Diamonds, 3Diamonds, AClubs, 3Clubs, 7Hearts, 6Hearts, 5Hearts, 3Hearts, 3Spades.
P1 HAND: 2Diamonds, 7Clubs, JClubs, ASpades, KSpades, JSpades, QSpades, 6Spades, 5Spades, 2Spades.
P2 HAND: KDiamonds, JDiamonds, 6Diamonds, 5Diamonds, QClubs, 5Clubs, AHearts, JHearts, 4Hearts, 4Spades.
P3 HAND: ADiamonds, 7Diamonds, KClubs, 6Clubs, 4Clubs, 2Clubs, KHearts, QHearts, 2Hearts, 7Spades.
P1 2Diamonds P2 5Diamonds P3 ADiamonds P0 3Diamonds 
P3 2Clubs P0 AClubs P1 JClubs P2 QClubs 
P0 4Diamonds P1 2Spades P2 6Diamonds P3 7Diamonds 
P3 4Clubs P0 3Clubs P1 7Clubs P2 5Clubs 
P1 5Spades P2 4Spades P3 7Spades P0 3Spades 
P3 6Clubs P0 QDiamonds P1 6Spades P2 4Hearts 
P2 JDiamonds P3 2Hearts P0 7Hearts P1 QSpades 
P0 6Hearts P1 JSpades P2 JHearts P3 KHearts 
P3 QHearts P0 5Hearts P1 KSpades P2 AHearts 
P2 KDiamonds P3 KClubs P0 3Hearts P1 ASpades 
-- /GAME --
P0 HAND: 7Diamonds, QDiamonds, QClubs, 6Clubs, 4Clubs, 3Clubs, 7Hearts, 4Hearts, 2Hearts, 3Spades.
P1 HAND: KDiamonds, JDiamonds, 6Diamonds, 2Diamonds, 6Hearts, 3Hearts, JSpades, 5Spades, 4Spades, 2Spades.
P2 HAND: ADiamonds, 5Diamonds, 4Diamonds, AClubs, 7Clubs, 5Clubs, AHearts, 7Spades, KSpades, QSpades.
P3 HAND: 3Diamonds, KClubs, JClubs, 2Clubs, KHearts, JHearts, QHearts, 5Hearts, ASpades, 6Spades.
P0 4Clubs P1 2Diamonds P2 AClubs P3 2Clubs 
P2 ADiamonds P3 3Diamonds P0 7Diamonds P1 6Diamonds 
P2 4Diamonds P3 6Spades 
