-- GAME --
P0 HAND: JDiamonds, QDiamonds, 4Diamonds, 3Diamonds, 7Hearts, QHearts, 2Hearts, ASpades, 7Spades, KSpades.
P1 HAND: 7Diamonds, 6Diamonds, 5Diamonds, 2Diamonds, AClubs, JHearts, 6Hearts, 5Hearts, JSpades, 4Spades.
P2 HAND: ADiamonds, JClubs, QClubs, 6Clubs, 5Clubs, 4Clubs, 4Hearts, 3Hearts, 3Spades, 2Spades.
P3 HAND: KDiamonds, 7Clubs, KClubs, 3Clubs, 2Clubs, AHearts, KHearts, QSpades, 6Spades, 5Spades.
P0 2Hearts P1 5Hearts P2 3Hearts P3 AHearts 
P3 2Clubs P0 3Diamonds P1 AClubs P2 4Clubs 
P1 2Diamonds P2 ADiamonds P3 KDiamonds P0 4Diamonds 
P2 4Hearts P3 KHearts P0 QHearts P1 JHearts 
P3 3Clubs P0 QDiamonds P1 5Diamonds P2 JClubs 
P2 5Clubs P3 KClubs P0 JDiamonds P1 7Diamonds 
P3 5Spades P0 KSpades P1 4Spades P2 2Spades 
P0 7Hearts P1 6Hearts P2 3Spades P3 6Spades 
P3 QSpades P0 7Spades P1 JSpades P2 QClubs 
P0 ASpades P1 6Diamonds P2 6Clubs P3 7Clubs 
-- /GAME --
P0 HAND: 7Diamonds, 6Diamonds, 4Diamonds, 3Diamonds, AClubs, KClubs, 3Clubs, ASpades, QSpades, 5Spades.
P1 HAND: ADiamonds, 2Diamonds, QClubs, 6Clubs, AHearts, JHearts, 4Hearts, 2Hearts, JSpades, 4Spades.
P2 HAND: KDiamonds, 5Diamonds, JClubs, 4Clubs, 7Hearts, KHearts, QHearts, 6Hearts, 3Hearts, 6Spades.
P3 HAND: JDiamonds, QDiamonds, 7Clubs, 5Clubs, 2Clubs, 5Hearts, 7Spades, KSpades, 3Spades, 2Spades.
P3 2Clubs P0 3Clubs P1 6Clubs P2 JClubs 
P2 4Clubs P3 5Clubs P0 KClubs P1 QClubs 
P0 3Diamonds P1 ADiamonds P2 5Diamonds P3 JDiamonds 
P1 2Diamonds P2 KDiamonds P3 QDiamonds P0 4Diamonds 
P2 6Spades P3 2Spades P0 5Spades P1 JSpades 
P1 4Spades P2 3Hearts P3 3Spades P0 QSpades 
P2 6Hearts P3 5Hearts P0 6Diamonds P1 2Hearts 
P2 QHearts P3 KSpades P0 7Diamonds P1 JHearts 
P1 4Hearts P2 KHearts P3 7Clubs P0 ASpades 
P2 7Hearts P3 7Spades P0 AClubs P1 AHearts 
-- /GAME --
P0 HAND: ADiamonds, QDiamonds, 4Diamonds, 3Diamonds, 2Diamonds, 3Clubs, 2Clubs, ASpades, 7Spades, 3Spades.
P1 HAND: KDiamonds, KClubs, JClubs, 6Clubs, 5Clubs, AHearts, 3Hearts, JSpades, QSpades, 5Spades.
P2 HAND: 5Diamonds, AClubs, QClubs, 7Hearts, KHearts, QHearts, 5Hearts, 4Hearts, 2Hearts, 6Spades.
P3 HAND: 7Diamonds, JDiamonds, 6Diamonds, 7Clubs, 4Clubs, JHearts, 6Hearts, KSpades, 4Spades, 2Spades.
P2 2Hearts P3 6Hearts P0 3Spades P1 AHearts 
P1 3Hearts P2 4Hearts P3 JHearts P0 3Diamonds 
P3 2Spades P0 7Spades P1 5Spades P2 6Spades 
P0 2Diamonds P1 KDiamonds P2 5Diamonds P3 7Diamonds 
P3 4Spades P0 ASpades P1 QSpades P2 7Hearts 
P0 2Clubs P1 5Clubs P2 QClubs P3 4Clubs 
P2 5Hearts P3 6Diamonds P0 QDiamonds P1 6Clubs 
P1 JSpades P2 QHearts P3 KSpades P0 3Clubs 
P0 4Diamonds P1 JClubs P2 AClubs P3 JDiamonds 
P2 KHearts P3 7Clubs P0 ADiamonds P1 KClubs 
-- /GAME --
P0 HAND: KDiamonds, 5Diamonds, JClubs, 5Clubs, 2Clubs, KHearts, QHearts, 6Hearts, JSpades, 2Spades.
P1 HAND: ADiamonds, QDiamonds, 6Diamonds, 3Diamonds, AClubs, 7Clubs, 5Hearts, 3Hearts, 2Hearts, 3Spades.
P2 HAND: 7Diamonds, JDiamonds, 4Diamonds, 2Diamonds, 3Clubs, AHearts, 4Hearts, QSpades, 5Spades, 4Spades.
P3 HAND: KClubs, QClubs, 6Clubs, 4Clubs, 7Hearts, JHearts, ASpades, 7Spades, KSpades, 6Spades.
P1 ADiamonds P2 2Diamonds P3 7Hearts P0 5Diamonds 
P1 AClubs P2 3Clubs P3 KClubs P0 2Clubs 
P1 2Hearts P2 AHearts P3 JHearts P0 6Hearts 
P2 4Diamonds P3 4Clubs P0 KDiamonds P1 3Diamonds 
P0 2Spades P1 3Spades P2 4Spades P3 6Spades 
P3 6Clubs P0 5Clubs P1 7Clubs P2 5Spades 
P2 4Hearts P3 QClubs P0 QHearts P1 3Hearts 
P0 JSpades P1 5Hearts P2 QSpades P3 KSpades 
P3 7Spades P0 KHearts P1 6Diamonds P2 JDiamonds 
P3 ASpades P0 JClubs P1 QDiamonds P2 7Diamonds 
-- /GAME --
P0 HAND: JDiamonds, 4Diamonds, 3Diamonds, 6Clubs, 5Clubs, 3Clubs, 2Clubs, 6Hearts, 3Hearts, KSpades.
P1 HAND: ADiamonds, KDiamonds, QDiamonds, 5Diamonds, 7Hearts, JHearts, 4Hearts, JSpades, 4Spades, 2Spades.
P2 HAND: 6Diamonds, 2Diamonds, KClubs, 4Clubs, QHearts, ASpades, 7Spades, QSpades, 6Spades, 3Spades.
P3 HAND: 7Diamonds, AClubs, 7Clubs, JClubs, QClubs, AHearts, KHearts, 5Hearts, 2Hearts, 5Spades.

