-- GAME --
P0 HAND: 2Diamonds, 7Clubs, QClubs, 5Clubs, JHearts, QHearts, 4Hearts, 3Hearts, JSpades, 4Spades.
P1 HAND: 4Diamonds, 4Clubs, AHearts, 6Hearts, 5Hearts, ASpades, 7Spades, KSpades, QSpades, 5Spades.
P2 HAND: 7Diamonds, KDiamonds, JDiamonds, QDiamonds, 6Diamonds, 5Diamonds, AClubs, KClubs, 3Clubs, 6Spades.
P3 HAND: ADiamonds, 3Diamonds, JClubs, 6Clubs, 2Clubs, 7Hearts, KHearts, 2Hearts, 3Spades, 2Spades.
P0 2Diamonds P1 4Diamonds P2 5Diamonds P3 ADiamonds 
P3 2Hearts P0 3Hearts P1 AHearts P2 3Clubs 
P2 6Diamonds P3 3Diamonds P0 7Clubs P1 5Hearts 
P0 JHearts P1 6Hearts P2 6Spades P3 7Hearts 
P3 2Spades P0 4Spades P1 ASpades P2 KClubs 
P2 QDiamonds P3 3Spades P0 QClubs P1 5Spades 
P0 JSpades P1 QSpades P2 AClubs P3 KHearts 
P2 JDiamonds P3 2Clubs P0 5Clubs P1 4Clubs 
P0 QHearts P1 KSpades P2 KDiamonds P3 6Clubs 
P3 JClubs P0 4Hearts P1 7Spades P2 7Diamonds 
-- /GAME --
P0 HAND: KDiamonds, QDiamonds, 3Diamonds, 2Diamonds, AClubs, 2Clubs, 5Hearts, 4Hearts, ASpades, 2Spades.
P1 HAND: 6Diamonds, 5Diamonds, 4Diamonds, 5Clubs, 4Clubs, AHearts, 2Hearts, KSpades, 5Spades, 3Spades.
P2 HAND: ADiamonds, 7Clubs, KClubs, JClubs, QClubs, 3Clubs, 7Hearts, QHearts, 6Hearts, 4Spades.
P3 HAND: 7Diamonds, JDiamonds, 6Clubs, KHearts, JHearts, 3Hearts, 7Spades, JSpades, QSpades, 6Spades.
P3 3Hearts P0 4Hearts P1 AHearts P2 6Hearts 
P1 2Hearts P2 QHearts P3 JHearts P0 5Hearts 
P3 6Spades P0 2Spades P1 3Spades P2 4Spades 
P3 QSpades P0 ASpades P1 5Spades P2 ADiamonds 
P0 2Diamonds P1 4Diamonds P2 3Clubs P3 JDiamonds 
P2 QClubs P3 6Clubs P0 2Clubs P1 4Clubs 
P2 JClubs P3 JSpades P0 AClubs P1 5Clubs 
P0 KDiamonds P1 5Diamonds P2 KClubs P3 7Diamonds 
P2 7Clubs P3 KHearts P0 QDiamonds P1 6Diamonds 
P2 7Hearts P3 7Spades P0 3Diamonds P1 KSpades 
-- /GAME --
P0 HAND: QDiamonds, 5Diamonds, 4Diamonds, 7Clubs, JClubs, QClubs, 3Clubs, 2Clubs, AHearts, 4Hearts.
P1 HAND: 7Diamonds, AClubs, 6Clubs, 4Clubs, 7Hearts, KHearts, JSpades, 6Spades, 5Spades, 4Spades.
P2 HAND: ADiamonds, KDiamonds, 6Diamonds, 2Diamonds, KClubs, JHearts, QHearts, 2Hearts, ASpades, 2Spades.
P3 HAND: JDiamonds, 3Diamonds, 5Clubs, 6Hearts, 5Hearts, 3Hearts, 7Spades, KSpades, QSpades, 3Spades.
P2 ADiamonds P3 3Diamonds P0 QDiamonds P1 7Diamonds 
P2 ASpades P3 3Spades P0 4Hearts P1 4Spades 
P2 2Diamonds P3 JDiamonds P0 4Diamonds P1 7Hearts 
P3 3Hearts P0 AHearts P1 KHearts P2 JHearts 
P0 5Diamonds P1 5Spades P2 6Diamonds P3 5Hearts 
P2 2Hearts P3 6Hearts P0 JClubs P1 6Spades 
P0 2Clubs P1 4Clubs P2 KClubs P3 5Clubs 
P2 2Spades P3 QSpades P0 QClubs P1 JSpades 
P0 3Clubs P1 6Clubs P2 QHearts P3 7Spades 
P1 AClubs P2 KDiamonds P3 KSpades P0 7Clubs 
-- /GAME --
P0 HAND: 7Diamonds, JDiamonds, QDiamonds, 5Diamonds, QClubs, KHearts, 4Hearts, 2Hearts, 7Spades, KSpades.
P1 HAND: ADiamonds, 4Diamonds, KClubs, 3Clubs, AHearts, JHearts, JSpades, QSpades, 5Spades, 3Spades.
P2 HAND: 3Diamonds, AClubs, 7Clubs, JClubs, 6Clubs, 4Clubs, QHearts, 6Hearts, 5Hearts, 4Spades.
P3 HAND: KDiamonds, 6Diamonds, 2Diamonds, 5Clubs, 2Clubs, 7Hearts, 3Hearts, ASpades, 6Spades, 2Spades.
P1 ADiamonds P2 3Diamonds P3 KDiamonds 
