-- GAME --
P0 HAND: JDiamonds, QDiamonds, 2Diamonds, AClubs, KClubs, 3Clubs, JHearts, 4Hearts, QSpades, 3Spades.
P1 HAND: KDiamonds, 4Clubs, KHearts, QHearts, 5Hearts, 3Hearts, 7Spades, KSpades, JSpades, 2Spades.
P2 HAND: 4Diamonds, 3Diamonds, 7Clubs, JClubs, 6Clubs, 2Clubs, 7Hearts, 6Hearts, 5Spades, 4Spades.
P3 HAND: ADiamonds, 7Diamonds, 6Diamonds, 5Diamonds, QClubs, 5Clubs, AHearts, 2Hearts, ASpades, 6Spades.
P2 2Clubs P3 5Clubs P0 AClubs P1 4Clubs 
P0 3Clubs P1 3Hearts P2 7Clubs P3 QClubs 
P2 3Diamonds P3 ADiamonds P0 2Diamonds P1 KDiamonds 
P3 AHearts P0 4Hearts P1 KHearts P2 6Hearts 
P3 2Hearts P0 JHearts P1 5Hearts P2 7Hearts 
P2 4Diamonds P3 5Diamonds P0 JDiamonds P1 QHearts 
P0 QDiamonds P1 2Spades P2 6Clubs P3 7Diamonds 
P1 JSpades P2 4Spades P3 6Spades P0 3Spades 
P1 KSpades P2 5Spades P3 ASpades P0 QSpades 
P3 6Diamonds P0 KClubs P1 7Spades P2 JClubs 
-- /GAME --
P0 HAND: 5Diamonds, 3Diamonds, 2Diamonds, 7Clubs, KClubs, KHearts, 6Hearts, ASpades, 7Spades, 5Spades.
P1 HAND: ADiamonds, 7Diamonds, QDiamonds, AClubs, JClubs, AHearts, 4Hearts, 6Spades, 3Spades, 2Spades.
P2 HAND: 6Clubs, 5Clubs, 2Clubs, JHearts, 5Hearts, 3Hearts, 2Hearts, KSpades, QSpades, 4Spades.
P3 HAND: KDiamonds, JDiamonds, 6Diamonds, 4Diamonds, QClubs, 4Clubs, 3Clubs, 7Hearts, QHearts, JSpades.
P1 ADiamonds P2 2Hearts P3 4Diamonds P0 2Diamonds 
P2 2Clubs P3 3Clubs P0 KClubs P1 AClubs 
P1 2Spades P2 4Spades P3 JSpades P0 ASpades 
P0 3Diamonds P1 QDiamonds P2 5Clubs P3 KDiamonds 
P3 4Clubs P0 7Clubs P1 JClubs P2 6Clubs 
P0 5Diamonds P1 7Diamonds P2 3Hearts P3 6Diamonds 
P2 QSpades P3 QClubs P0 7Spades P1 3Spades 
P0 5Spades P1 6Spades P2 KSpades P3 QHearts 
P3 JDiamonds P0 KHearts P1 AHearts P2 5Hearts 
P1 4Hearts P2 JHearts P3 7Hearts P0 6Hearts 
-- /GAME --
P0 HAND: 7Diamonds, 2Diamonds, JClubs, 3Clubs, AHearts, KHearts, QHearts, 5Hearts, 7Spades, 3Spades.
P1 HAND: ADiamonds, 7Clubs, 5Clubs, 6Hearts, 3Hearts, 2Hearts, KSpades, JSpades, QSpades, 2Spades.
P2 HAND: KDiamonds, JDiamonds, 4Diamonds, AClubs, QClubs, JHearts, 4Hearts, ASpades, 6Spades, 5Spades.
P3 HAND: QDiamonds, 6Diamonds, 5Diamonds, 3Diamonds, KClubs, 6Clubs, 4Clubs, 2Clubs, 7Hearts, 4Spades.

