-- GAME --
P0 HAND: 5Diamonds, 3Diamonds, AClubs, 6Clubs, 4Clubs, QHearts, 6Hearts, 5Hearts, 6Spades, 3Spades.
P1 HAND: KDiamonds, QDiamonds, 2Clubs, AHearts, 7Hearts, KHearts, JHearts, 7Spades, KSpades, QSpades.
P2 HAND: ADiamonds, 4Diamonds, 7Clubs, JClubs, QClubs, 5Clubs, 3Hearts, 2Hearts, JSpades, 2Spades.
P3 HAND: 7Diamonds, JDiamonds, 6Diamonds, 2Diamonds, KClubs, 3Clubs, 4Hearts, ASpades, 5Spades, 4Spades.
P1 AHearts P2 2Hearts P3 4Hearts P0 5Hearts 
P1 QDiamonds P2 ADiamonds P3 2Diamonds P0 3Diamonds 
P2 2Spades P3 ASpades P0 3Spades P1 7Spades 
P3 4Spades P0 6Spades P1 KSpades P2 JSpades 
P1 QSpades P2 3Hearts P3 5Spades P0 5Diamonds 
P1 JHearts P2 4Diamonds P3 6Diamonds P0 6Hearts 
P1 2Clubs P2 5Clubs P3 3Clubs P0 4Clubs 
P2 QClubs P3 KClubs P0 6Clubs P1 7Hearts 
P3 JDiamonds P0 QHearts P1 KDiamonds P2 JClubs 
P2 7Clubs P3 7Diamonds P0 AClubs P1 KHearts 
-- /GAME --
P0 HAND: JDiamonds, QDiamonds, 7Clubs, JClubs, QClubs, JHearts, QHearts, 7Spades, JSpades, 6Spades.
P1 HAND: ADiamonds, 7Diamonds, 6Diamonds, 2Clubs, 7Hearts, 3Hearts, KSpades, QSpades, 4Spades, 3Spades.
P2 HAND: KDiamonds, 5Diamonds, AClubs, KClubs, 5Clubs, AHearts, 5Hearts, 4Hearts, 2Hearts, 5Spades.
P3 HAND: 4Diamonds, 3Diamonds, 2Diamonds, 6Clubs, 4Clubs, 3Clubs, KHearts, 6Hearts, ASpades, 2Spades.
P0 QHearts P1 3Hearts P2 AHearts P3 6Hearts 
P2 AClubs P3 3Clubs P0 7Clubs P1 2Clubs 
P2 2Hearts P3 KHearts P0 JHearts P1 7Hearts 
P1 3Spades P2 5Spades P3 ASpades P0 6Spades 
P3 2Spades P0 7Spades P1 4Spades P2 KClubs 
P0 JSpades P1 QSpades P2 5Diamonds P3 4Clubs 
P2 4Hearts P3 6Clubs P0 QClubs P1 6Diamonds 
P1 7Diamonds P2 KDiamonds P3 2Diamonds P0 QDiamonds 
P1 ADiamonds P2 5Clubs P3 3Diamonds P0 JDiamonds 
P1 KSpades P2 5Hearts P3 4Diamonds P0 JClubs 
-- /GAME --
P0 HAND: ADiamonds, 6Diamonds, 7Clubs, KClubs, 2Clubs, AHearts, JHearts, 5Hearts, ASpades, 2Spades.
P1 HAND: KDiamonds, JDiamonds, 3Diamonds, 2Diamonds, AClubs, 5Clubs, 7Hearts, 3Hearts, JSpades, 3Spades.
P2 HAND: 7Diamonds, QDiamonds, 4Diamonds, 4Clubs, 3Clubs, QHearts, 2Hearts, 7Spades, 6Spades, 5Spades.
P3 HAND: 5Diamonds, JClubs, QClubs, 6Clubs, KHearts, 6Hearts, 4Hearts, KSpades, QSpades, 4Spades.
P3 4Hearts P0 JHearts P1 3Hearts P2 QHearts 
P0 AHearts P1 7Hearts P2 2Hearts P3 6Hearts 
P0 ADiamonds P1 2Diamonds P2 7Diamonds P3 5Diamonds 
P0 6Diamonds P1 3Diamonds P2 4Diamonds P3 6Clubs 
P0 2Spades P1 3Spades P2 5Spades P3 4Spades 
P2 3Clubs P3 QClubs P0 7Clubs P1 AClubs 
P1 5Clubs P2 4Clubs P3 JClubs P0 KClubs 
P0 2Clubs P1 JSpades P2 QDiamonds P3 KHearts 
P1 JDiamonds P2 6Spades P3 QSpades P0 5Hearts 
P3 KSpades P0 ASpades P1 KDiamonds P2 7Spades 
-- /GAME --
P0 HAND: KDiamonds, QDiamonds, AClubs, 7Clubs, JClubs, 4Clubs, 2Clubs, AHearts, 3Hearts, 3Spades.
P1 HAND: 7Diamonds, JDiamonds, 6Diamonds, 5Diamonds, QClubs, 7Hearts, 6Hearts, 5Hearts, ASpades, QSpades.
P2 HAND: ADiamonds, 4Diamonds, 3Diamonds, KClubs, 6Clubs, 5Clubs, 3Clubs, KHearts, QHearts, JSpades.
P3 HAND: 2Diamonds, JHearts, 4Hearts, 2Hearts, 7Spades, KSpades, 6Spades, 5Spades, 4Spades, 2Spades.
P2 ADiamonds P3 2Diamonds P0 KDiamonds P1 5Diamonds 
P2 3Diamonds P3 2Spades P0 QDiamonds P1 7Diamonds 
P1 ASpades P2 JSpades P3 7Spades P0 3Spades 
P1 6Diamonds P2 4Diamonds P3 4Spades P0 2Clubs 
P1 QClubs P2 3Clubs P3 5Spades P0 AClubs 
P0 4Clubs P1 QSpades P2 5Clubs P3 6Spades 
P2 6Clubs P3 2Hearts P0 JClubs P1 JDiamonds 
P3 4Hearts P0 3Hearts P1 5Hearts P2 QHearts 
P2 KHearts P3 JHearts P0 AHearts P1 6Hearts 
P0 7Clubs P1 7Hearts P2 KClubs P3 KSpades 
-- /GAME --
P0 HAND: QDiamonds, 6Diamonds, KClubs, QClubs, 6Clubs, 5Clubs, 2Clubs, 6Hearts, JSpades, 4Spades.
P1 HAND: KDiamonds, JDiamonds, 5Diamonds, 2Diamonds, JClubs, 3Clubs, QHearts, 3Hearts, QSpades, 3Spades.
P2 HAND: ADiamonds, 4Diamonds, 3Diamonds, 7Clubs, 4Clubs, 7Hearts, 2Hearts, KSpades, 6Spades, 5Spades.
P3 HAND: 7Diamonds, AClubs, AHearts, KHearts, JHearts, 5Hearts, 4Hearts, ASpades, 7Spades, 2Spades.
P1 2Diamonds P2 ADiamonds P3 7Diamonds P0 QDiamonds 
P2 2Hearts P3 AHearts P0 6Hearts P1 QHearts 
P3 AClubs P0 2Clubs P1 JClubs P2 4Clubs 
P3 4Hearts P0 6Diamonds P1 3Hearts P2 7Hearts 
P2 3Diamonds P3 5Hearts P0 5Clubs P1 KDiamonds 
P1 3Clubs P2 7Clubs P3 2Spades P0 6Clubs 
P3 JHearts P0 QClubs P1 3Spades P2 5Spades 
P2 4Diamonds P3 7Spades P0 KClubs P1 JDiamonds 
P3 ASpades P0 4Spades P1 QSpades P2 6Spades 
P3 KHearts P0 JSpades P1 5Diamonds P2 KSpades 
-- /GAME --
P0 HAND: KDiamonds, 6Diamonds, 5Diamonds, 3Diamonds, 5Clubs, 4Clubs, 3Clubs, KHearts, 2Hearts, JSpades.
P1 HAND: JDiamonds, AClubs, 7Clubs, KClubs, JClubs, QClubs, 2Clubs, 3Hearts, KSpades, 2Spades.
P2 HAND: ADiamonds, 7Diamonds, QDiamonds, 4Diamonds, 6Clubs, AHearts, JHearts, 4Hearts, 7Spades, 3Spades.
P3 HAND: 2Diamonds, 7Hearts, QHearts, 6Hearts, 5Hearts, ASpades, QSpades, 6Spades, 5Spades, 4Spades.
P0 JSpades P1 2Spades P2 3Spades P3 ASpades 
P3 2Diamonds P0 KDiamonds P1 JDiamonds P2 ADiamonds 
P2 4Diamonds P3 4Spades P0 3Diamonds P1 2Clubs 
P2 6Clubs P3 5Spades P0 3Clubs P1 AClubs 
P1 QClubs P2 QDiamonds P3 6Spades P0 4Clubs 
P1 JClubs P2 4Hearts P3 QSpades P0 5Clubs 
P2 JHearts P3 5Hearts P0 2Hearts P1 3Hearts 
P2 AHearts P3 6Hearts P0 KHearts P1 KClubs 
P2 7Diamonds P3 QHearts P0 5Diamonds P1 7Clubs 
P3 7Hearts P0 6Diamonds P1 KSpades P2 7Spades 
-- /GAME --
P0 HAND: 2Diamonds, KClubs, JClubs, QClubs, 4Clubs, QHearts, 4Hearts, 3Hearts, 6Spades, 3Spades.
P1 HAND: ADiamonds, 7Diamonds, KDiamonds, 6Diamonds, 6Clubs, 2Hearts, 7Spades, JSpades, 5Spades, 2Spades.
P2 HAND: QDiamonds, 5Diamonds, 3Diamonds, AClubs, 5Clubs, 3Clubs, AHearts, 6Hearts, 5Hearts, ASpades.
P3 HAND: JDiamonds, 4Diamonds, 7Clubs, 2Clubs, 7Hearts, KHearts, JHearts, KSpades, QSpades, 4Spades.

