-- GAME --
P0 HAND: QDiamonds, 5Diamonds, 2Diamonds, 3Clubs, 2Clubs, QHearts, 3Hearts, 2Hearts, KSpades, QSpades.
P1 HAND: 7Diamonds, KDiamonds, 6Diamonds, 4Diamonds, QClubs, 6Clubs, 6Hearts, 4Hearts, 7Spades, 6Spades.
P2 HAND: JDiamonds, 3Diamonds, 7Clubs, KClubs, 5Clubs, 4Clubs, AHearts, KHearts, JHearts, 2Spades.
P3 HAND: ADiamonds, AClubs, JClubs, 7Hearts, 5Hearts, ASpades, JSpades, 5Spades, 4Spades, 3Spades.
P0 2Clubs P1 6Clubs P2 4Clubs P3 AClubs 
P3 ADiamonds P0 2Diamonds P1 7Diamonds P2 3Diamonds 
P3 5Hearts P0 QHearts P1 4Hearts P2 AHearts 
P2 5Clubs P3 JClubs P0 3Clubs P1 QClubs 
P3 3Spades P0 QSpades P1 6Spades P2 2Spades 
P0 2Hearts P1 6Hearts P2 JHearts P3 7Hearts 
P3 4Spades P0 KSpades P1 7Spades P2 JDiamonds 
P1 4Diamonds P2 KClubs P3 5Spades P0 5Diamonds 
P3 JSpades P0 3Hearts P1 6Diamonds P2 KHearts 
P3 ASpades P0 QDiamonds P1 KDiamonds P2 7Clubs 
-- /GAME --
P0 HAND: ADiamonds, QDiamonds, 6Diamonds, 5Diamonds, 2Diamonds, 3Clubs, 6Hearts, 2Hearts, KSpades, 6Spades.
P1 HAND: 7Diamonds, KDiamonds, 4Diamonds, AClubs, 6Clubs, 7Hearts, JHearts, QHearts, 4Hearts, JSpades.
P2 HAND: 7Clubs, JClubs, 5Clubs, 2Clubs, KHearts, 3Hearts, QSpades, 4Spades, 3Spades, 2Spades.
P3 HAND: JDiamonds, 3Diamonds, KClubs, QClubs, 4Clubs, AHearts, 5Hearts, ASpades, 7Spades, 5Spades.
P3 AHearts P0 2Hearts P1 7Hearts P2 3Hearts 
P3 3Diamonds P0 ADiamonds P1 4Diamonds P2 7Clubs 
P0 QDiamonds P1 KDiamonds P2 2Spades P3 JDiamonds 
P2 2Clubs P3 4Clubs P0 3Clubs P1 AClubs 
P1 4Hearts P2 KHearts P3 5Hearts P0 6Hearts 
P2 5Clubs P3 QClubs P0 6Spades P1 6Clubs 
P0 2Diamonds P1 7Diamonds P2 3Spades P3 5Spades 
P3 7Spades P0 KSpades P1 JSpades P2 4Spades 
P3 ASpades P0 5Diamonds P1 QHearts P2 QSpades 
P3 KClubs P0 6Diamonds P1 JHearts P2 JClubs 
-- /GAME --
P0 HAND: 7Diamonds, 6Diamonds, 3Diamonds, KClubs, 4Clubs, 3Clubs, 7Hearts, 5Hearts, 5Spades, 2Spades.
P1 HAND: 5Diamonds, 4Diamonds, AClubs, 2Clubs, KHearts, QHearts, 7Spades, KSpades, 6Spades, 4Spades.
P2 HAND: KDiamonds, JDiamonds, QDiamonds, 7Clubs, QClubs, 6Clubs, 6Hearts, 4Hearts, JSpades, 3Spades.
P3 HAND: ADiamonds, 2Diamonds, JClubs, 5Clubs, AHearts, JHearts, 3Hearts, 2Hearts, ASpades, QSpades.
P2 3Spades P3 ASpades P0 5Spades P1 7Spades 
P3 AHearts P0 5Hearts P1 KHearts P2 4Hearts 
P3 2Hearts P0 7Hearts P1 QHearts P2 6Hearts 
P0 2Spades P1 4Spades P2 JSpades P3 QSpades 
P2 6Clubs P3 5Clubs P0 3Clubs P1 AClubs 
P1 2Clubs P2 QClubs P3 JClubs P0 KClubs 
P0 4Clubs P1 6Spades P2 7Clubs P3 2Diamonds 
P3 3Hearts P0 3Diamonds P1 4Diamonds P2 QDiamonds 
P2 JDiamonds P3 ADiamonds P0 6Diamonds P1 5Diamonds 
P3 JHearts P0 7Diamonds P1 KSpades P2 KDiamonds 
-- /GAME --

