-- GAME --
P0 5Diamonds P1 6Diamonds 
P3 3Hearts P0 2Hearts P1 AHearts P2 JHearts 
P1 ASpades P2 2Spades P3 KSpades P0 3Spades 
P1 3Diamonds P2 4Diamonds P3 7Diamonds P0 KDiamonds 
P3 4Spades P0 7Spades P1 6Spades P2 7Hearts 
P0 QSpades P1 JSpades P2 2Clubs P3 5Spades 
P2 JDiamonds P3 QDiamonds P0 KClubs P1 AClubs 
P1 QHearts P2 3Clubs P3 6Hearts P0 KHearts 
P2 6Clubs P3 5Clubs P0 5Hearts P1 4Clubs 
P2 7Clubs P3 JClubs P0 4Hearts P1 QClubs 
-- /GAME --
P0 HAND: 7Diamonds, JDiamonds, KClubs, 6Clubs, 4Clubs, AHearts, 6Hearts, 4Hearts, KSpades, 3Spades.
P1 HAND: 2Diamonds, 7Clubs, JClubs, 5Clubs, 3Clubs, 7Hearts, 3Hearts, JSpades, 6Spades, 5Spades.
P2 HAND: QDiamonds, 6Diamonds, 4Diamonds, 3Diamonds, JHearts, QHearts, 5Hearts, 7Spades, QSpades, 2Spades.
P3 HAND: ADiamonds, KDiamonds, 5Diamonds, AClubs, QClubs, 2Clubs, KHearts, 2Hearts, ASpades, 4Spades.
P1 2Diamonds P2 3Diamonds P3 ADiamonds P0 JDiamonds 
P3 AClubs P0 4Clubs P1 7Clubs P2 5Hearts 
P2 2Spades P3 ASpades P0 3Spades P1 JSpades 
P3 2Clubs P0 KClubs P1 3Clubs P2 7Spades 
P0 KSpades P1 5Spades P2 QSpades P3 4Spades 
P0 7Diamonds P1 3Hearts P2 4Diamonds P3 KDiamonds 
P1 5Clubs P2 6Diamonds P3 QClubs P0 6Clubs 
P3 5Diamonds P0 6Hearts P1 6Spades P2 QDiamonds 
P0 4Hearts P1 7Hearts P2 QHearts P3 2Hearts 
P1 JClubs P2 JHearts P3 KHearts P0 AHearts 
-- /GAME --
P0 HAND: ADiamonds, 2Diamonds, 3Clubs, 3Hearts, 2Hearts, 7Spades, QSpades, 6Spades, 5Spades, 2Spades.
P1 HAND: JDiamonds, 5Diamonds, 4Diamonds, 4Clubs, 2Clubs, AHearts, 6Hearts, ASpades, KSpades, 3Spades.
P2 HAND: QDiamonds, 7Clubs, 5Clubs, KHearts, JHearts, QHearts, 5Hearts, 4Hearts, JSpades, 4Spades.
P3 HAND: 7Diamonds, KDiamonds, 6Diamonds, 3Diamonds, AClubs, KClubs, JClubs, QClubs, 6Clubs, 7Hearts.
P0 3Hearts P1 AHearts P2 4Hearts P3 7Hearts 
P1 ASpades P2 4Spades P3 7Diamonds P0 2Spades 
P1 3Spades P2 JSpades P3 3Diamonds P0 7Spades 
P0 ADiamonds P1 4Diamonds P2 QDiamonds P3 6Diamonds 
P0 2Hearts P1 6Hearts P2 5Hearts P3 KDiamonds 
P1 5Diamonds P2 QHearts P3 6Clubs P0 2Diamonds 
P3 QClubs P0 3Clubs P1 2Clubs P2 5Clubs 
P3 JClubs P0 5Spades P1 4Clubs P2 7Clubs 
P2 JHearts P3 KClubs P0 6Spades P1 KSpades 
P3 AClubs P0 QSpades P1 JDiamonds P2 KHearts 
-- /GAME --
P0 HAND: QDiamonds, 6Diamonds, 5Diamonds, 4Diamonds, 4Clubs, KHearts, 2Hearts, JSpades, 5Spades, 4Spades.
P1 HAND: ADiamonds, 7Diamonds, KDiamonds, 3Diamonds, 2Diamonds, QClubs, 5Clubs, 7Hearts, 6Hearts, ASpades.
P2 HAND: JDiamonds, 7Clubs, 2Clubs, QHearts, 5Hearts, 4Hearts, KSpades, QSpades, 6Spades, 3Spades.
P3 HAND: AClubs, KClubs, JClubs, 6Clubs, 3Clubs, AHearts, JHearts, 3Hearts, 7Spades, 2Spades.
P3 2Spades P0 4Spades P1 ASpades P2 3Spades 
P1 5Clubs P2 2Clubs P3 AClubs P0 4Clubs 
P3 AHearts P0 2Hearts P1 7Hearts P2 4Hearts 
P3 3Clubs P0 5Spades P1 QClubs P2 7Clubs 
P2 5Hearts P3 3Hearts P0 KHearts P1 6Hearts 
P0 4Diamonds P1 2Diamonds P2 JDiamonds P3 6Clubs 
P2 6Spades P3 7Spades P0 JSpades P1 3Diamonds 
P1 KDiamonds P2 QHearts P3 JClubs P0 5Diamonds 
P1 7Diamonds P2 QSpades P3 JHearts P0 6Diamonds 
P1 ADiamonds P2 KSpades P3 KClubs P0 QDiamonds 
-- /GAME --

