-- GAME --
P0 HAND: 7Diamonds, KClubs, 6Clubs, AHearts, 7Hearts, KHearts, 6Hearts, 3Hearts, QSpades, 4Spades.
P1 HAND: KDiamonds, QDiamonds, 2Diamonds, AClubs, 5Clubs, 4Clubs, QHearts, 5Hearts, KSpades, JSpades.
P2 HAND: JDiamonds, 5Diamonds, 3Diamonds, QClubs, 3Clubs, 2Clubs, JHearts, 2Hearts, 6Spades, 5Spades.
P3 HAND: ADiamonds, 6Diamonds, 4Diamonds, 7Clubs, JClubs, 4Hearts, ASpades, 7Spades, 3Spades, 2Spades.
P0 AHearts P1 5Hearts P2 JHearts P3 4Hearts 
P0 7Hearts P1 QHearts P2 2Hearts P3 JClubs 
P3 ADiamonds P0 7Diamonds P1 KDiamonds P2 3Diamonds 
P3 ASpades P0 4Spades P1 KSpades P2 5Spades 
P3 2Spades P0 QSpades P1 JSpades P2 6Spades 
P1 2Diamonds P2 5Diamonds P3 4Diamonds P0 KHearts 
P2 JDiamonds P3 6Diamonds P0 6Hearts P1 QDiamonds 
P2 2Clubs P3 7Clubs P0 6Clubs P1 4Clubs 
P3 3Spades P0 KClubs P1 5Clubs P2 3Clubs 
P0 3Hearts P1 AClubs P2 QClubs P3 7Spades 
-- /GAME --
P0 HAND: JDiamonds, QDiamonds, 5Diamonds, 4Diamonds, 7Clubs, 6Clubs, 5Clubs, 3Clubs, 5Hearts, ASpades.
P1 HAND: ADiamonds, 7Diamonds, KClubs, QClubs, 2Clubs, KHearts, 6Hearts, 6Spades, 4Spades, 2Spades.
P2 HAND: 2Diamonds, AClubs, 4Clubs, AHearts, 7Hearts, JHearts, 4Hearts, 2Hearts, QSpades, 3Spades.
P3 HAND: KDiamonds, 6Diamonds, 3Diamonds, JClubs, QHearts, 3Hearts, 7Spades, KSpades, JSpades, 5Spades.
P3 3Diamonds P0 4Diamonds P1 ADiamonds P2 2Diamonds 
P1 2Clubs P2 AClubs P3 JClubs P0 7Clubs 
P2 3Spades P3 5Spades P0 ASpades P1 2Spades 
P0 JDiamonds P1 7Diamonds P2 2Hearts P3 6Diamonds 
P2 4Clubs P3 3Hearts P0 3Clubs P1 KClubs 
P3 JSpades P0 5Hearts P1 4Spades P2 QSpades 
P0 5Diamonds P1 6Spades P2 4Hearts P3 KDiamonds 
P2 JHearts P3 QHearts P0 QDiamonds P1 KHearts 
P1 QClubs P2 7Hearts P3 KSpades P0 6Clubs 
P2 AHearts P3 7Spades P0 5Clubs P1 6Hearts 
-- /GAME --
P0 HAND: ADiamonds, 6Clubs, 4Clubs, AHearts, 7Hearts, KHearts, 2Hearts, 7Spades, KSpades, 2Spades.
P1 HAND: KDiamonds, QDiamonds, 6Diamonds, 2Diamonds, 7Clubs, 3Clubs, JHearts, QHearts, 6Hearts, 4Spades.
P2 HAND: 4Diamonds, AClubs, KClubs, QClubs, 3Hearts, ASpades, QSpades, 6Spades, 5Spades, 3Spades.
P3 HAND: 7Diamonds, JDiamonds, 5Diamonds, 3Diamonds, JClubs, 5Clubs, 2Clubs, 5Hearts, 4Hearts, JSpades.
P2 AClubs P3 2Clubs P0 4Clubs P1 3Clubs 
P2 3Hearts P3 4Hearts P0 AHearts P1 6Hearts 
P0 7Hearts P1 QHearts P2 ASpades P3 5Hearts 
P0 2Spades P1 4Spades P2 3Spades P3 JSpades 
P3 5Clubs P0 6Clubs P1 7Clubs P2 QClubs 
P1 JHearts P2 5Spades P3 3Diamonds P0 2Hearts 
P3 JClubs P0 ADiamonds P1 2Diamonds P2 KClubs 
P0 7Spades P1 6Diamonds P2 6Spades P3 5Diamonds 
P1 QDiamonds P2 4Diamonds P3 JDiamonds P0 KSpades 
P3 7Diamonds P0 KHearts P1 KDiamonds P2 QSpades 
-- /GAME --
P0 HAND: 7Clubs, KClubs, JClubs, 3Clubs, 7Hearts, QHearts, 4Hearts, ASpades, 7Spades, 2Spades.
P1 HAND: 7Diamonds, QDiamonds, 3Diamonds, AClubs, AHearts, JHearts, 2Hearts, JSpades, 5Spades, 4Spades.
P2 HAND: KDiamonds, JDiamonds, 2Diamonds, QClubs, 4Clubs, 5Hearts, 3Hearts, KSpades, 6Spades, 3Spades.
P3 HAND: ADiamonds, 6Diamonds, 5Diamonds, 4Diamonds, 6Clubs, 5Clubs, 2Clubs, KHearts, 6Hearts, QSpades.
P1 AClubs P2 4Clubs P3 6Clubs P0 3Clubs 
P1 AHearts P2 3Hearts P3 KHearts P0 4Hearts 
P1 2Hearts P2 5Hearts P3 6Hearts P0 QHearts 
P0 7Hearts P1 JHearts P2 3Spades P3 QSpades 
P3 ADiamonds P0 2Spades P1 3Diamonds P2 KDiamonds 
P0 7Clubs P1 4Spades P2 QClubs P3 5Clubs 
P1 QDiamonds P2 2Diamonds P3 4Diamonds P0 7Spades 
P0 KClubs P1 5Spades P2 6Spades P3 2Clubs 
P2 JDiamonds P3 5Diamonds P0 JClubs P1 7Diamonds 
P1 JSpades P2 KSpades P3 6Diamonds P0 ASpades 
-- /GAME --

