-- GAME --
P0 HAND: QDiamonds, QClubs, 4Clubs, 7Hearts, KHearts, 7Spades, QSpades, 6Spades, 5Spades, 3Spades.
P1 HAND: 7Diamonds, 4Diamonds, 3Diamonds, 2Diamonds, KClubs, JHearts, 6Hearts, KSpades, 4Spades, 2Spades.
P2 HAND: KDiamonds, 6Diamonds, AClubs, 7Clubs, JClubs, 6Clubs, 2Clubs, QHearts, 4Hearts, 3Hearts.
P3 HAND: ADiamonds, JDiamonds, 5Diamonds, 5Clubs, 3Clubs, AHearts, 5Hearts, 2Hearts, ASpades, JSpades.
P0 QDiamonds P1 2Diamonds P2 6Diamonds P3 ADiamonds 
P3 ASpades P0 3Spades P1 KSpades P2 3Hearts 
P2 2Clubs P3 3Clubs P0 4Clubs P1 KClubs 
P1 2Spades P2 6Clubs P3 JSpades P0 7Spades 
P0 QClubs P1 3Diamonds P2 JClubs P3 5Clubs 
P2 4Hearts P3 2Hearts P0 KHearts P1 6Hearts 
P0 QSpades P1 4Spades P2 AClubs P3 5Hearts 
P3 5Diamonds P0 7Hearts P1 4Diamonds P2 KDiamonds 
P0 6Spades P1 JHearts P2 QHearts P3 JDiamonds 
P1 7Diamonds P2 7Clubs P3 AHearts P0 5Spades 
-- /GAME --
P0 HAND: KDiamonds, JDiamonds, QDiamonds, 3Diamonds, 6Clubs, 4Clubs, 5Hearts, 7Spades, 5Spades, 4Spades.
P1 HAND: 7Diamonds, AClubs, KClubs, 5Clubs, 2Clubs, 7Hearts, JHearts, 6Hearts, 2Hearts, 6Spades.
P2 HAND: 4Diamonds, 2Diamonds, 7Clubs, AHearts, KHearts, QHearts, ASpades, KSpades, QSpades, 3Spades.
P3 HAND: ADiamonds, 6Diamonds, 5Diamonds, JClubs, QClubs, 3Clubs, 4Hearts, 3Hearts, JSpades, 2Spades.
P3 ADiamonds P0 3Diamonds P1 7Diamonds P2 2Diamonds 
P3 2Spades P0 4Spades P1 6Spades P2 ASpades 
P2 3Spades P3 JSpades P0 7Spades P1 2Hearts 
P1 AClubs P2 7Clubs P3 JClubs P0 4Clubs 
P1 2Clubs P2 4Diamonds P3 3Clubs P0 6Clubs 
P0 5Hearts P1 6Hearts P2 QHearts P3 3Hearts 
P2 QSpades P3 5Diamonds P0 5Spades P1 5Clubs 
P2 KHearts P3 4Hearts P0 QDiamonds P1 7Hearts 
P1 JHearts P2 AHearts P3 6Diamonds P0 KDiamonds 
P2 KSpades P3 QClubs P0 JDiamonds P1 KClubs 
-- /GAME --
P0 HAND: 4Diamonds, 3Diamonds, 2Diamonds, AClubs, QClubs, AHearts, 7Hearts, KHearts, QSpades, 6Spades.
P1 HAND: JDiamonds, 6Diamonds, 7Clubs, KClubs, 6Clubs, 4Clubs, 2Hearts, 7Spades, KSpades, 3Spades.
P2 HAND: 5Diamonds, JClubs, 3Clubs, 2Clubs, JHearts, 6Hearts, 5Hearts, 4Hearts, 4Spades, 2Spades.
P3 HAND: ADiamonds, 7Diamonds, KDiamonds, QDiamonds, 5Clubs, QHearts, 3Hearts, ASpades, JSpades, 5Spades.
P2 2Clubs P3 5Clubs P0 AClubs P1 4Clubs 
P0 2Diamonds P1 6Diamonds P2 5Diamonds P3 QDiamonds 
P3 ASpades P0 6Spades P1 7Spades P2 2Spades 
P3 3Hearts P0 AHearts P1 2Hearts P2 JHearts 
P0 4Diamonds P1 JDiamonds P2 3Clubs P3 KDiamonds 
P3 5Spades P0 QSpades P1 KSpades P2 4Spades 
P1 3Spades P2 4Hearts P3 JSpades P0 3Diamonds 
P0 7Hearts P1 6Clubs P2 6Hearts P3 QHearts 
P0 KHearts P1 KClubs P2 5Hearts P3 7Diamonds 
P3 ADiamonds P0 QClubs P1 7Clubs P2 JClubs 
-- /GAME --
P0 HAND: 6Diamonds, 5Diamonds, AClubs, QClubs, 2Clubs, 2Hearts, KSpades, QSpades, 5Spades, 2Spades.
P1 HAND: QDiamonds, 7Clubs, KClubs, JClubs, 5Clubs, QHearts, 5Hearts, 4Hearts, 3Hearts, 3Spades.
P2 HAND: JDiamonds, 2Diamonds, 6Clubs, AHearts, KHearts, JHearts, ASpades, 7Spades, JSpades, 6Spades.
P3 HAND: ADiamonds, 7Diamonds, KDiamonds, 4Diamonds, 3Diamonds, 4Clubs, 3Clubs, 7Hearts, 6Hearts, 4Spades.
P1 3Hearts P2 AHearts P3 6Hearts P0 2Hearts 
P2 ASpades P3 4Spades P0 KSpades P1 3Spades 
P2 6Clubs P3 3Clubs P0 AClubs P1 5Clubs 
P0 2Spades P1 4Hearts P2 7Spades P3 3Diamonds 
P3 4Clubs P0 QClubs P1 JClubs P2 2Diamonds 
P2 6Spades P3 4Diamonds P0 5Spades P1 7Clubs 
P3 KDiamonds P0 5Diamonds P1 QDiamonds P2 JDiamonds 
P3 7Diamonds P0 6Diamonds P1 5Hearts P2 JHearts 
P3 ADiamonds P0 2Clubs P1 QHearts P2 JSpades 
P3 7Hearts P0 QSpades P1 KClubs P2 KHearts 
-- /GAME --
P0 HAND: 4Diamonds, 2Diamonds, QClubs, 2Clubs, KHearts, 3Hearts, JSpades, QSpades, 4Spades, 3Spades.
P1 HAND: ADiamonds, 7Diamonds, KDiamonds, QDiamonds, 5Diamonds, 4Clubs, 3Clubs, 7Hearts, JHearts, 2Hearts.
P2 HAND: JDiamonds, AClubs, 7Clubs, 6Clubs, 5Clubs, QHearts, 7Spades, KSpades, 6Spades, 2Spades.
P3 HAND: 6Diamonds, 3Diamonds, KClubs, JClubs, AHearts, 6Hearts, 5Hearts, 4Hearts, ASpades, 5Spades.
P0 KHearts P1 2Hearts P2 QHearts P3 AHearts 
P3 ASpades P0 3Spades P1 ADiamonds P2 2Spades 
P3 3Diamonds P0 4Diamonds P1 7Diamonds P2 JDiamonds 
P1 5Diamonds P2 6Spades P3 6Diamonds P0 2Diamonds 
P3 4Hearts P0 3Hearts P1 7Hearts P2 5Clubs 
P2 6Clubs P3 JClubs P0 2Clubs P1 3Clubs 
P3 5Hearts P0 QClubs P1 JHearts P2 7Spades 
P0 JSpades P1 QDiamonds P2 KSpades P3 5Spades 
P2 7Clubs P3 KClubs P0 QSpades P1 4Clubs 
P2 AClubs P3 6Hearts P0 4Spades P1 KDiamonds 
-- /GAME --
P0 HAND: 4Diamonds, AClubs, 5Clubs, 7Hearts, QHearts, 4Hearts, 2Hearts, ASpades, 4Spades, 3Spades.
P1 HAND: 7Diamonds, KDiamonds, JDiamonds, QDiamonds, 6Diamonds, JClubs, 6Clubs, 2Clubs, JHearts, 6Hearts.
P2 HAND: 5Diamonds, 2Diamonds, 7Clubs, KClubs, 3Clubs, AHearts, KHearts, KSpades, 6Spades, 5Spades.
P3 HAND: ADiamonds, 3Diamonds, QClubs, 4Clubs, 5Hearts, 3Hearts, 7Spades, JSpades, QSpades, 2Spades.
P3 ADiamonds P0 4Diamonds P1 7Diamonds P2 2Diamonds 
P3 3Diamonds P0 5Clubs P1 6Diamonds P2 5Diamonds 
P1 2Clubs P2 3Clubs P3 4Clubs P0 AClubs 
P0 3Spades P1 6Clubs P2 5Spades P3 2Spades 
P2 AHearts P3 3Hearts P0 2Hearts P1 6Hearts 
P2 6Spades P3 QSpades P0 4Spades P1 KDiamonds 
P3 5Hearts P0 7Hearts P1 JHearts P2 KHearts 
P0 QHearts P1 QDiamonds P2 KSpades P3 7Spades 
P3 QClubs P0 ASpades P1 JClubs P2 7Clubs 
P0 4Hearts P1 JDiamonds P2 KClubs P3 JSpades 
-- /GAME --
P0 HAND: 7Diamonds, 6Diamonds, AClubs, 7Clubs, QClubs, AHearts, 5Hearts, 7Spades, KSpades, 2Spades.
P1 HAND: ADiamonds, JDiamonds, QDiamonds, 4Diamonds, 3Diamonds, 6Clubs, 5Clubs, 7Hearts, 2Hearts, 4Spades.
P2 HAND: KDiamonds, 2Diamonds, KClubs, 2Clubs, KHearts, JHearts, QHearts, 3Hearts, ASpades, JSpades.
P3 HAND: 5Diamonds, JClubs, 4Clubs, 3Clubs, 6Hearts, 4Hearts, QSpades, 6Spades, 5Spades, 3Spades.
P2 ASpades P3 3Spades P0 7Spades P1 4Spades 
P2 2Clubs P3 3Clubs P0 AClubs P1 5Clubs 
P0 AHearts P1 2Hearts P2 KHearts P3 4Hearts 
P0 7Clubs P1 6Clubs P2 KClubs P3 4Clubs 
P0 QClubs P1 3Diamonds P2 3Hearts P3 JClubs 
P1 4Diamonds P2 2Diamonds P3 5Diamonds P0 7Diamonds 
P0 6Diamonds P1 QDiamonds P2 KDiamonds P3 5Spades 
P2 QHearts P3 6Hearts P0 5Hearts P1 7Hearts 
P1 JDiamonds P2 JHearts P3 6Spades P0 2Spades 
P1 ADiamonds P2 JSpades P3 QSpades P0 KSpades 
-- /GAME --
P0 HAND: ADiamonds, QDiamonds, 2Diamonds, 7Clubs, QClubs, 5Clubs, 2Clubs, KHearts, QHearts, 2Hearts.
P1 HAND: KDiamonds, 5Diamonds, 3Diamonds, 6Clubs, 7Hearts, ASpades, 7Spades, JSpades, QSpades, 2Spades.
P2 HAND: 7Diamonds, AClubs, KClubs, 4Clubs, 3Clubs, AHearts, JHearts, 6Hearts, KSpades, 5Spades.
P3 HAND: JDiamonds, 6Diamonds, 4Diamonds, JClubs, 5Hearts, 4Hearts, 3Hearts, 6Spades, 4Spades, 3Spades.
P1 2Spades P2 5Spades P3 3Spades P0 KHearts 
P2 AHearts P3 3Hearts P0 QHearts P1 7Hearts 
P2 6Hearts P3 4Hearts P0 2Hearts P1 3Diamonds 
P2 JHearts P3 5Hearts P0 2Diamonds P1 5Diamonds 
P2 3Clubs P3 JClubs P0 2Clubs P1 6Clubs 
P3 4Diamonds P0 QDiamonds P1 KDiamonds P2 7Diamonds 
P2 4Clubs P3 4Spades P0 5Clubs P1 QSpades 
P0 ADiamonds P1 JSpades P2 KSpades P3 6Diamonds 
P0 QClubs P1 7Spades P2 KClubs P3 6Spades 
P2 AClubs P3 JDiamonds P0 7Clubs P1 ASpades 
-- /GAME --
P0 HAND: 5Diamonds, 2Diamonds, 6Clubs, 3Clubs, 2Clubs, JHearts, QHearts, 5Spades, 4Spades, 3Spades.
P1 HAND: JDiamonds, AClubs, JClubs, AHearts, 7Hearts, 6Hearts, 4Hearts, 2Hearts, JSpades, QSpades.
P2 HAND: 7Diamonds, 6Diamonds, 3Diamonds, KClubs, 5Clubs, 4Clubs, 3Hearts, ASpades, 7Spades, 2Spades.
P3 HAND: ADiamonds, KDiamonds, QDiamonds, 4Diamonds, 7Clubs, QClubs, KHearts, 5Hearts, KSpades, 6Spades.
P1 2Hearts P2 3Hearts P3 5Hearts P0 JHearts 
P0 QHearts P1 4Hearts P2 2Spades P3 KHearts 
P3 ADiamonds P0 2Diamonds P1 JDiamonds P2 3Diamonds 
P3 4Diamonds P0 5Diamonds P1 6Hearts P2 7Diamonds 
P2 ASpades P3 6Spades P0 5Spades P1 QSpades 
P2 6Diamonds P3 QDiamonds P0 2Clubs P1 JClubs 
P1 JSpades P2 7Spades P3 KSpades P0 4Spades 
P2 4Clubs P3 QClubs P0 3Clubs P1 AClubs 
P1 7Hearts P2 5Clubs P3 7Clubs P0 3Spades 
P3 KDiamonds P0 6Clubs P1 AHearts P2 KClubs 
-- /GAME --
P0 HAND: 7Diamonds, KDiamonds, 6Diamonds, 7Clubs, 6Clubs, AHearts, KHearts, JHearts, 6Hearts, 3Hearts.
P1 HAND: ADiamonds, AClubs, KClubs, JClubs, 4Hearts, ASpades, KSpades, QSpades, 6Spades, 3Spades.
P2 HAND: QDiamonds, 5Diamonds, 4Diamonds, 3Diamonds, 2Diamonds, 2Clubs, 5Hearts, 2Hearts, 4Spades, 2Spades.
P3 HAND: JDiamonds, QClubs, 5Clubs, 4Clubs, 3Clubs, 7Hearts, QHearts, 7Spades, JSpades, 5Spades.
P0 AHearts P1 4Hearts P2 5Hearts P3 QHearts 
P0 3Hearts P1 3Spades P2 2Hearts P3 7Hearts 
P3 5Spades P0 6Hearts P1 ASpades P2 2Spades 
P1 ADiamonds P2 2Diamonds P3 JDiamonds P0 6Diamonds 
P1 6Spades P2 4Spades P3 JSpades P0 7Clubs 
P0 7Diamonds P1 JClubs P2 3Diamonds P3 7Spades 
P1 QSpades P2 4Diamonds P3 3Clubs P0 6Clubs 
P0 KDiamonds P1 KClubs P2 5Diamonds P3 4Clubs 
P1 AClubs P2 2Clubs P3 5Clubs P0 JHearts 
P1 KSpades P2 QDiamonds P3 QClubs P0 KHearts 
-- /GAME --
P0 HAND: 7Diamonds, 3Diamonds, 2Diamonds, KHearts, QHearts, 5Hearts, 2Hearts, 7Spades, JSpades, 4Spades.
P1 HAND: ADiamonds, QDiamonds, 6Diamonds, 5Diamonds, KClubs, 6Clubs, 4Clubs, 2Clubs, 6Hearts, 6Spades.
P2 HAND: AClubs, 7Clubs, JClubs, QClubs, AHearts, JHearts, 4Hearts, KSpades, QSpades, 5Spades.
P3 HAND: KDiamonds, JDiamonds, 4Diamonds, 5Clubs, 3Clubs, 7Hearts, 3Hearts, ASpades, 3Spades, 2Spades.
P3 3Clubs P0 2Diamonds P1 2Clubs P2 AClubs 
P2 AHearts P3 3Hearts P0 KHearts P1 6Hearts 
P2 4Hearts P3 7Hearts P0 2Hearts P1 ADiamonds 
P3 4Diamonds P0 7Diamonds P1 5Diamonds P2 7Clubs 
P0 3Diamonds P1 6Diamonds P2 QClubs P3 KDiamonds 
P3 5Clubs P0 5Hearts P1 4Clubs P2 JClubs 
P2 JHearts P3 2Spades P0 QHearts P1 KClubs 
P3 JDiamonds P0 4Spades P1 QDiamonds P2 5Spades 
P2 QSpades P3 3Spades P0 JSpades P1 6Spades 
P0 7Spades P1 6Clubs P2 KSpades P3 ASpades 
-- /GAME --
P0 HAND: 7Diamonds, KDiamonds, 6Diamonds, 3Diamonds, 2Diamonds, 3Clubs, QHearts, 5Hearts, ASpades, 6Spades.
P1 HAND: JDiamonds, KClubs, JClubs, 5Clubs, 2Clubs, AHearts, KHearts, JHearts, 7Spades, 5Spades.
P2 HAND: ADiamonds, 4Diamonds, 7Clubs, QClubs, 6Clubs, 4Clubs, 4Hearts, 3Hearts, KSpades, QSpades.
P3 HAND: QDiamonds, 5Diamonds, AClubs, 7Hearts, 6Hearts, 2Hearts, JSpades, 4Spades, 3Spades, 2Spades.
P2 ADiamonds P3 5Diamonds P0 2Diamonds P1 JDiamonds 
P2 4Diamonds P3 QDiamonds P0 KDiamonds P1 JHearts 
P1 2Clubs P2 4Clubs P3 AClubs P0 3Clubs 
P3 2Spades P0 6Spades P1 5Spades P2 KSpades 
P2 6Clubs P3 3Spades P0 3Diamonds P1 KClubs 
P1 5Clubs P2 QClubs P3 4Spades P0 ASpades 
P2 QSpades P3 JSpades P0 QHearts P1 7Spades 
P0 5Hearts P1 KHearts P2 3Hearts P3 2Hearts 
P1 JClubs P2 7Clubs P3 6Hearts P0 6Diamonds 
P3 7Hearts P0 7Diamonds P1 AHearts P2 4Hearts 
-- /GAME --
P0 HAND: QDiamonds, 3Diamonds, AClubs, 2Clubs, AHearts, KHearts, JHearts, QHearts, JSpades, 6Spades.
P1 HAND: KDiamonds, 4Diamonds, QClubs, 6Clubs, 5Clubs, 4Clubs, 6Hearts, KSpades, QSpades, 4Spades.
P2 HAND: ADiamonds, JDiamonds, 6Diamonds, 7Clubs, 5Hearts, 2Hearts, ASpades, 7Spades, 3Spades, 2Spades.
P3 HAND: 7Diamonds, 5Diamonds, 2Diamonds, KClubs, JClubs, 3Clubs, 7Hearts, 4Hearts, 3Hearts, 5Spades.

