-- GAME --
P0 HAND: KDiamonds, JDiamonds, 6Diamonds, 3Diamonds, KClubs, JClubs, 6Clubs, 5Clubs, 7Spades, 5Spades.
P1 HAND: 7Diamonds, QDiamonds, QClubs, 6Hearts, 4Hearts, 3Hearts, 2Hearts, ASpades, JSpades, 3Spades.
P2 HAND: ADiamonds, 4Diamonds, AClubs, AHearts, 7Hearts, KHearts, QHearts, 5Hearts, 6Spades, 4Spades.
P3 HAND: 5Diamonds, 2Diamonds, 7Clubs, 4Clubs, 3Clubs, 2Clubs, JHearts, KSpades, QSpades, 2Spades.
P0 3Diamonds P1 QDiamonds P2 ADiamonds P3 2Diamonds 
P2 AClubs P3 2Clubs P0 KClubs P1 QClubs 
P2 4Diamonds P3 5Diamonds P0 JDiamonds P1 7Diamonds 
P1 2Hearts P2 AHearts P3 JHearts P0 KDiamonds 
P2 5Hearts P3 3Clubs P0 6Diamonds P1 6Hearts 
P1 3Hearts P2 QHearts P3 4Clubs P0 JClubs 
P2 4Spades P3 2Spades P0 5Spades P1 3Spades 
P0 5Clubs P1 4Hearts P2 6Spades P3 7Clubs 
P2 KHearts P3 QSpades P0 7Spades P1 ASpades 
P1 JSpades P2 7Hearts P3 KSpades P0 6Clubs 
-- /GAME --
P0 HAND: 2Diamonds, JClubs, 5Clubs, 4Clubs, 2Clubs, AHearts, 6Hearts, 3Hearts, JSpades, QSpades.
P1 HAND: ADiamonds, KDiamonds, QDiamonds, 4Diamonds, KClubs, 4Hearts, 7Spades, 5Spades, 3Spades, 2Spades.
P2 HAND: 7Diamonds, JDiamonds, 5Diamonds, 7Clubs, QClubs, 3Clubs, 7Hearts, 2Hearts, ASpades, 4Spades.
P3 HAND: 6Diamonds, 3Diamonds, AClubs, 6Clubs, KHearts, JHearts, QHearts, 5Hearts, KSpades, 6Spades.
P3 AClubs P0 2Clubs P1 KClubs P2 3Clubs 
P3 3Diamonds P0 2Diamonds P1 ADiamonds P2 5Diamonds 
P1 4Diamonds P2 JDiamonds P3 6Diamonds P0 JClubs 
P2 2Hearts P3 5Hearts P0 AHearts P1 4Hearts 
P0 4Clubs P1 QDiamonds P2 7Clubs P3 6Clubs 
P2 QClubs P3 QHearts P0 5Clubs P1 2Spades 
P1 3Spades P2 4Spades P3 6Spades P0 QSpades 
P0 6Hearts P1 5Spades P2 7Hearts P3 KHearts 
P1 7Spades P2 ASpades P3 KSpades P0 JSpades 
P2 7Diamonds P3 JHearts P0 3Hearts P1 KDiamonds 
-- /GAME --
P0 HAND: JDiamonds, AHearts, QHearts, 6Hearts, 5Hearts, 3Hearts, KSpades, JSpades, 5Spades, 3Spades.
P1 HAND: KDiamonds, 6Diamonds, 5Diamonds, 3Diamonds, QClubs, 4Clubs, 7Hearts, KHearts, 6Spades, 4Spades.
P2 HAND: ADiamonds, 7Diamonds, 4Diamonds, 2Diamonds, AClubs, KClubs, JClubs, 6Clubs, 5Clubs, ASpades.
P3 HAND: QDiamonds, 7Clubs, 3Clubs, 2Clubs, JHearts, 4Hearts, 2Hearts, 7Spades, QSpades, 2Spades.
P2 5Clubs P3 2Clubs P0 3Spades P1 QClubs 
P1 4Clubs P2 6Clubs P3 3Clubs P0 KSpades 
P2 JClubs P3 7Clubs P0 JDiamonds P1 KDiamonds 
P1 4Spades P2 ASpades P3 2Spades P0 JSpades 
P2 2Diamonds P3 QDiamonds P0 5Spades P1 3Diamonds 
P3 2Hearts P0 AHearts P1 KHearts P2 AClubs 
P0 QHearts P1 7Hearts P2 4Diamonds P3 4Hearts 
P2 7Diamonds P3 QSpades P0 6Hearts P1 5Diamonds 
P2 ADiamonds P3 JHearts P0 5Hearts P1 6Diamonds 
P2 KClubs P3 7Spades P0 3Hearts P1 6Spades 
-- /GAME --
P0 HAND: JDiamonds, 6Diamonds, 3Diamonds, 2Diamonds, 7Clubs, KClubs, JClubs, QClubs, JHearts, JSpades.
P1 HAND: 7Diamonds, QDiamonds, 5Diamonds, 5Clubs, AHearts, 6Hearts, 4Hearts, 3Hearts, 6Spades, 2Spades.
P2 HAND: KDiamonds, 6Clubs, 2Clubs, 7Hearts, QHearts, 5Hearts, ASpades, QSpades, 4Spades, 3Spades.
P3 HAND: ADiamonds, 4Diamonds, AClubs, 4Clubs, 3Clubs, KHearts, 2Hearts, 7Spades, KSpades, 5Spades.

