-- GAME --
P0 HAND: ADiamonds, 6Diamonds, 5Diamonds, JClubs, 3Clubs, AHearts, KHearts, 4Hearts, ASpades, 2Spades.
P1 HAND: JDiamonds, 4Diamonds, 3Diamonds, AClubs, 5Clubs, 6Hearts, 3Hearts, KSpades, JSpades, 6Spades.
P2 HAND: 7Diamonds, KDiamonds, QDiamonds, 2Diamonds, KClubs, 6Clubs, JHearts, QHearts, 2Hearts, 7Spades.
P3 HAND: 7Clubs, QClubs, 4Clubs, 2Clubs, 7Hearts, 5Hearts, QSpades, 5Spades, 4Spades, 3Spades.
P2 2Diamonds P3 2Clubs P0 5Diamonds P1 JDiamonds 
P1 AClubs P2 6Clubs P3 7Clubs P0 3Clubs 
P1 3Diamonds P2 QDiamonds P3 3Spades P0 ADiamonds 
P0 JClubs P1 5Clubs P2 KClubs P3 4Clubs 
P2 2Hearts P3 5Hearts P0 4Hearts P1 3Hearts 
P3 4Spades P0 2Spades P1 6Spades P2 7Spades 
P2 QHearts P3 7Hearts P0 AHearts P1 6Hearts 
P0 KHearts P1 4Diamonds P2 JHearts P3 5Spades 
P0 ASpades P1 JSpades P2 7Diamonds P3 QSpades 
P0 6Diamonds P1 KSpades P2 KDiamonds P3 QClubs 
-- /GAME --
P0 HAND: 7Diamonds, JDiamonds, 7Clubs, 5Clubs, 7Hearts, QHearts, 3Hearts, 7Spades, KSpades, 3Spades.
P1 HAND: ADiamonds, KDiamonds, QDiamonds, JClubs, QClubs, 4Clubs, KHearts, 6Hearts, 4Hearts, JSpades.
P2 HAND: 6Diamonds, 3Diamonds, 2Diamonds, AClubs, 3Clubs, AHearts, 5Hearts, 2Hearts, 5Spades, 4Spades.
P3 HAND: 5Diamonds, 4Diamonds, KClubs, 6Clubs, 2Clubs, JHearts, ASpades, QSpades, 6Spades, 2Spades.
P1 ADiamonds P2 2Diamonds P3 5Diamonds P0 JDiamonds 
P1 4Clubs P2 AClubs P3 2Clubs P0 5Clubs 
P2 AHearts P3 JHearts P0 7Hearts P1 4Hearts 
P2 2Hearts P3 4Diamonds P0 3Hearts P1 KHearts 
P1 6Hearts P2 5Hearts P3 6Clubs P0 QHearts 
P0 7Clubs P1 QClubs P2 3Clubs P3 KClubs 
P0 7Diamonds P1 QDiamonds P2 3Diamonds P3 2Spades 
P3 6Spades P0 KSpades P1 JSpades P2 4Spades 
P0 3Spades P1 JClubs P2 5Spades P3 QSpades 
P3 ASpades P0 7Spades P1 KDiamonds P2 6Diamonds 
-- /GAME --
P0 HAND: KDiamonds, 5Diamonds, 4Diamonds, AClubs, JClubs, QClubs, AHearts, 5Hearts, JSpades, 6Spades.
P1 HAND: 7Diamonds, 3Diamonds, 5Clubs, 4Clubs, KHearts, JHearts, 4Hearts, 2Hearts, KSpades, QSpades.
P2 HAND: 6Diamonds, 2Diamonds, 6Clubs, 3Clubs, 7Hearts, QHearts, 7Spades, 4Spades, 3Spades, 2Spades.
P3 HAND: ADiamonds, JDiamonds, QDiamonds, 7Clubs, KClubs, 2Clubs, 6Hearts, 3Hearts, ASpades, 5Spades.
P0 JSpades P1 QSpades P2 2Spades P3 ASpades 
P3 ADiamonds P0 4Diamonds P1 7Diamonds P2 2Diamonds 
P3 2Clubs P0 QClubs P1 4Clubs P2 6Clubs 
P0 6Spades P1 KSpades P2 3Spades P3 5Spades 
P1 2Hearts P2 QHearts P3 3Hearts P0 5Hearts 
P2 3Clubs P3 KClubs P0 AClubs P1 5Clubs 
P0 AHearts P1 4Hearts P2 7Hearts P3 6Hearts 
P0 KDiamonds P1 3Diamonds P2 6Diamonds P3 QDiamonds 
P0 5Diamonds P1 JHearts P2 4Spades P3 JDiamonds 
P2 7Spades P3 7Clubs P0 JClubs P1 KHearts 
-- /GAME --
P0 HAND: KDiamonds, JDiamonds, QClubs, 4Clubs, AHearts, KHearts, 5Hearts, ASpades, 5Spades, 4Spades.
P1 HAND: ADiamonds, QDiamonds, 4Diamonds, KClubs, 2Clubs, 6Hearts, 3Hearts, 2Hearts, 6Spades, 2Spades.
P2 HAND: 7Diamonds, 5Diamonds, 3Diamonds, 2Diamonds, JClubs, 5Clubs, QHearts, 4Hearts, 7Spades, KSpades.
P3 HAND: 6Diamonds, AClubs, 7Clubs, 6Clubs, 3Clubs, 7Hearts, JHearts, JSpades, QSpades, 3Spades.
P3 AClubs P0 4Clubs P1 KClubs P2 5Clubs 
P3 3Clubs P0 QClubs P1 2Clubs P2 JClubs 
P2 4Hearts P3 JHearts P0 AHearts P1 2Hearts 
P0 KDiamonds P1 4Diamonds P2 2Diamonds P3 6Diamonds 
P0 JDiamonds P1 QDiamonds P2 3Diamonds P3 3Spades 
P0 KHearts P1 3Hearts P2 QHearts P3 7Hearts 
P3 6Clubs P0 5Spades P1 2Spades P2 5Diamonds 
P2 7Diamonds P3 QSpades P0 5Hearts P1 ADiamonds 
P1 6Hearts P2 KSpades P3 JSpades P0 4Spades 
P1 6Spades P2 7Spades P3 7Clubs P0 ASpades 
-- /GAME --
P0 HAND: QDiamonds, 3Clubs, 7Hearts, KHearts, 4Hearts, 3Hearts, KSpades, QSpades, 6Spades, 5Spades.
P1 HAND: ADiamonds, JDiamonds, 7Clubs, KClubs, 6Clubs, 5Clubs, AHearts, QHearts, 7Spades, 4Spades.
P2 HAND: 7Diamonds, 6Diamonds, 5Diamonds, 3Diamonds, 2Clubs, 5Hearts, 2Hearts, ASpades, JSpades, 3Spades.
P3 HAND: KDiamonds, 4Diamonds, 2Diamonds, AClubs, JClubs, QClubs, 4Clubs, JHearts, 6Hearts, 2Spades.
P2 ASpades P3 2Spades P0 KSpades P1 4Spades 
P2 2Hearts P3 6Hearts P0 3Hearts P1 AHearts 
P1 ADiamonds P2 3Diamonds P3 KDiamonds P0 QDiamonds 
P1 QHearts P2 5Hearts P3 JHearts P0 7Hearts 
P0 6Spades P1 7Spades P2 3Spades P3 4Diamonds 
P1 JDiamonds P2 5Diamonds P3 2Diamonds P0 5Spades 
P1 5Clubs P2 2Clubs P3 4Clubs P0 3Clubs 
P1 6Clubs P2 6Diamonds P3 QClubs P0 QSpades 
P3 JClubs P0 KHearts P1 KClubs P2 JSpades 
P1 7Clubs P2 7Diamonds P3 AClubs P0 4Hearts 
-- /GAME --
P0 HAND: QDiamonds, 6Diamonds, 4Diamonds, AClubs, 7Clubs, 3Clubs, 2Clubs, 3Hearts, QSpades, 5Spades.
P1 HAND: KDiamonds, JClubs, 4Clubs, AHearts, KHearts, 2Hearts, JSpades, 6Spades, 4Spades, 3Spades.
P2 HAND: JDiamonds, 3Diamonds, 2Diamonds, KClubs, 6Clubs, 5Clubs, QHearts, ASpades, 7Spades, KSpades.
P3 HAND: ADiamonds, 7Diamonds, 5Diamonds, QClubs, 7Hearts, JHearts, 6Hearts, 5Hearts, 4Hearts, 2Spades.
P1 AHearts P2 QHearts P3 7Hearts P0 3Hearts 
P1 2Hearts P2 2Diamonds P3 4Hearts P0 5Spades 
P3 ADiamonds P0 4Diamonds P1 KDiamonds P2 3Diamonds 
P3 2Spades P0 QSpades P1 3Spades P2 ASpades 
P2 JDiamonds P3 5Diamonds P0 6Diamonds P1 4Spades 
P2 5Clubs P3 QClubs P0 2Clubs P1 4Clubs 
P3 5Hearts P0 QDiamonds P1 KHearts P2 6Clubs 
P2 KClubs P3 6Hearts P0 3Clubs P1 JClubs 
P2 KSpades P3 JHearts P0 7Clubs P1 6Spades 
P0 AClubs P1 JSpades P2 7Spades P3 7Diamonds 
-- /GAME --
P0 HAND: ADiamonds, QClubs, 2Clubs, AHearts, KHearts, JHearts, 5Hearts, 3Hearts, JSpades, QSpades.
P1 HAND: QDiamonds, 4Diamonds, KClubs, JClubs, 6Clubs, 7Spades, KSpades, 6Spades, 5Spades, 4Spades.
P2 HAND: 7Diamonds, KDiamonds, JDiamonds, 5Diamonds, 3Diamonds, AClubs, 4Clubs, 4Hearts, ASpades, 2Spades.
P3 HAND: 6Diamonds, 2Diamonds, 7Clubs, 5Clubs, 3Clubs, 7Hearts, QHearts, 6Hearts, 2Hearts, 3Spades.
P2 AClubs P3 3Clubs P0 QClubs P1 6Clubs 
P2 ASpades P3 3Spades P0 JSpades P1 4Spades 
P2 2Spades P3 2Hearts P0 QSpades P1 7Spades 
P1 5Spades P2 4Clubs P3 5Clubs P0 2Clubs 
P1 6Spades P2 4Hearts P3 6Hearts P0 5Hearts 
P1 JClubs P2 3Diamonds P3 7Clubs P0 AHearts 
P2 5Diamonds P3 2Diamonds P0 ADiamonds P1 4Diamonds 
P0 3Hearts P1 QDiamonds P2 JDiamonds P3 QHearts 
P2 KDiamonds P3 6Diamonds P0 KHearts P1 KClubs 
P2 7Diamonds P3 7Hearts P0 JHearts P1 KSpades 
-- /GAME --
P0 HAND: JDiamonds, KClubs, JHearts, QHearts, 6Hearts, 2Hearts, 7Spades, KSpades, 4Spades, 2Spades.
P1 HAND: KDiamonds, QDiamonds, 6Diamonds, 5Diamonds, AClubs, JClubs, QClubs, 4Clubs, AHearts, JSpades.
P2 HAND: 7Diamonds, 4Diamonds, 7Clubs, 6Clubs, 3Clubs, KHearts, 3Hearts, QSpades, 6Spades, 3Spades.
P3 HAND: ADiamonds, 3Diamonds, 2Diamonds, 5Clubs, 2Clubs, 7Hearts, 5Hearts, 4Hearts, ASpades, 5Spades.
P1 AClubs P2 3Clubs P3 5Clubs P0 KClubs 
P1 AHearts P2 3Hearts P3 7Hearts P0 6Hearts 
P1 4Clubs P2 6Clubs P3 2Clubs P0 JDiamonds 
P2 4Diamonds P3 ADiamonds P0 4Spades P1 5Diamonds 
P0 QHearts P1 6Diamonds P2 KHearts P3 4Hearts 
P2 3Spades P3 5Spades P0 2Spades P1 JSpades 
P1 QDiamonds P2 7Diamonds P3 2Diamonds P0 JHearts 
P2 6Spades P3 ASpades P0 KSpades P1 KDiamonds 
P3 3Diamonds P0 2Hearts P1 QClubs P2 QSpades 
P2 7Clubs P3 5Hearts P0 7Spades P1 JClubs 
-- /GAME --
P0 HAND: 6Diamonds, 4Diamonds, KClubs, 6Clubs, 4Clubs, 2Clubs, 7Hearts, 7Spades, KSpades, 4Spades.
P1 HAND: 7Diamonds, QDiamonds, 5Diamonds, 3Diamonds, AClubs, KHearts, QHearts, 6Spades, 5Spades, 3Spades.
P2 HAND: ADiamonds, KDiamonds, 2Diamonds, QClubs, 3Clubs, JHearts, 6Hearts, ASpades, JSpades, QSpades.
P3 HAND: JDiamonds, 7Clubs, JClubs, 5Clubs, AHearts, 5Hearts, 4Hearts, 3Hearts, 2Hearts, 2Spades.
P0 6Diamonds P1 3Diamonds P2 2Diamonds P3 JDiamonds 
P3 2Hearts P0 7Hearts P1 QHearts P2 JHearts 
P0 6Clubs P1 AClubs P2 3Clubs P3 7Clubs 
P1 3Spades P2 ASpades P3 2Spades P0 7Spades 
P2 6Hearts P3 3Hearts P0 4Diamonds P1 KHearts 
P0 KSpades P1 5Spades P2 JSpades P3 4Hearts 
P0 4Spades P1 6Spades P2 QSpades P3 5Clubs 
P2 QClubs P3 JClubs P0 4Clubs P1 5Diamonds 
P1 QDiamonds P2 KDiamonds P3 5Hearts P0 KClubs 
P2 ADiamonds P3 AHearts P0 2Clubs P1 7Diamonds 
-- /GAME --

