-- GAME --
P0 HAND: 3Diamonds, KClubs, AHearts, KHearts, JHearts, QHearts, 2Hearts, 6Spades, 4Spades, 3Spades.
P1 HAND: JDiamonds, 5Diamonds, 4Diamonds, AClubs, JClubs, 5Clubs, 4Clubs, ASpades, KSpades, 5Spades.
P2 HAND: ADiamonds, 7Diamonds, QDiamonds, 7Clubs, QClubs, 3Clubs, 7Hearts, 4Hearts, 7Spades, JSpades.
P3 HAND: KDiamonds, 6Diamonds, 2Diamonds, 6Clubs, 2Clubs, 6Hearts, 5Hearts, 3Hearts, QSpades, 2Spades.
P3 2Diamonds P0 3Diamonds P1 4Diamonds P2 ADiamonds 
P2 3Clubs P3 2Clubs P0 KClubs P1 AClubs 
P1 ASpades P2 JSpades P3 QSpades P0 3Spades 
P1 4Clubs P2 QClubs P3 6Clubs P0 4Spades 
P2 QDiamonds P3 6Diamonds P0 2Hearts P1 5Diamonds 
P0 AHearts P1 5Clubs P2 4Hearts P3 3Hearts 
P0 QHearts P1 5Spades P2 7Hearts P3 5Hearts 
P2 7Diamonds P3 KDiamonds P0 KHearts P1 JDiamonds 
P0 JHearts P1 JClubs P2 7Clubs P3 6Hearts 
P0 6Spades P1 KSpades P2 7Spades P3 2Spades 
-- /GAME --
P0 HAND: ADiamonds, 7Diamonds, 6Diamonds, 7Clubs, QClubs, 6Clubs, 3Clubs, 5Hearts, 7Spades, 3Spades.
P1 HAND: KDiamonds, 4Diamonds, 5Clubs, AHearts, KHearts, JHearts, 6Hearts, 4Hearts, KSpades, QSpades.
P2 HAND: JDiamonds, QDiamonds, 5Diamonds, 2Diamonds, KClubs, JClubs, 7Hearts, QHearts, 4Spades, 2Spades.
P3 HAND: 3Diamonds, AClubs, 4Clubs, 2Clubs, 3Hearts, 2Hearts, ASpades, JSpades, 6Spades, 5Spades.
P2 2Diamonds P3 3Diamonds P0 ADiamonds P1 4Diamonds 
P0 7Diamonds P1 KDiamonds P2 5Diamonds P3 5Spades 
P3 AClubs P0 3Clubs P1 5Clubs P2 JClubs 
P3 2Clubs P0 7Clubs P1 QSpades P2 KClubs 

