-- GAME --
P0 HAND: 3Diamonds, 3Clubs, 2Clubs, AHearts, 7Hearts, KHearts, QHearts, 5Hearts, 4Hearts, ASpades.
P1 HAND: 6Diamonds, 5Diamonds, QClubs, 6Hearts, 3Hearts, 2Hearts, KSpades, JSpades, QSpades, 5Spades.
P2 HAND: ADiamonds, 7Diamonds, QDiamonds, 7Clubs, JClubs, 6Clubs, 5Clubs, 6Spades, 4Spades, 2Spades.
P3 HAND: KDiamonds, JDiamonds, 4Diamonds, 2Diamonds, AClubs, KClubs, 4Clubs, JHearts, 7Spades, 3Spades.
P2 ADiamonds P3 2Diamonds P0 3Diamonds P1 5Diamonds 
P2 5Clubs P3 AClubs P0 2Clubs P1 QClubs 
P3 4Diamonds P0 3Clubs P1 6Diamonds P2 7Diamonds 
P2 6Clubs P3 4Clubs P0 4Hearts P1 2Hearts 
P2 QDiamonds P3 JDiamonds P0 5Hearts P1 6Hearts 
P3 JHearts P0 AHearts P1 3Hearts P2 7Clubs 
P0 7Hearts P1 5Spades P2 6Spades P3 7Spades 
P3 3Spades P0 ASpades P1 QSpades P2 2Spades 
P0 QHearts P1 JSpades P2 JClubs P3 KDiamonds 
P1 KSpades P2 4Spades P3 KClubs P0 KHearts 
-- /GAME --
P0 HAND: ADiamonds, JDiamonds, 7Clubs, 2Clubs, 7Hearts, 3Hearts, ASpades, KSpades, JSpades, 5Spades.
P1 HAND: 7Diamonds, KDiamonds, 6Diamonds, 5Diamonds, KClubs, KHearts, 6Hearts, 5Hearts, 7Spades, 3Spades.
P2 HAND: 4Diamonds, 3Diamonds, 2Diamonds, AClubs, QClubs, 6Clubs, JHearts, 4Hearts, 2Hearts, 6Spades.
P3 HAND: QDiamonds, JClubs, 5Clubs, 4Clubs, 3Clubs, AHearts, QHearts, QSpades, 4Spades, 2Spades.
P1 5Diamonds P2 2Diamonds P3 QDiamonds P0 JDiamonds 
P0 ASpades P1 3Spades P2 6Spades P3 2Spades 
P0 5Spades P1 7Spades P2 2Hearts P3 4Spades 
P1 5Hearts P2 4Hearts P3 AHearts P0 3Hearts 
P3 3Clubs P0 2Clubs P1 KClubs P2 AClubs 
P2 3Diamonds P3 4Clubs P0 ADiamonds P1 6Diamonds 
P0 JSpades P1 6Hearts P2 4Diamonds P3 QSpades 
P0 KSpades P1 KDiamonds P2 6Clubs P3 5Clubs 
P0 7Clubs P1 KHearts P2 QClubs P3 JClubs 
P0 7Hearts P1 7Diamonds P2 JHearts P3 QHearts 
-- /GAME --
P0 HAND: KDiamonds, KClubs, 5Clubs, 4Clubs, 3Clubs, JHearts, 5Hearts, 2Hearts, 6Spades, 3Spades.
P1 HAND: JDiamonds, 5Diamonds, 3Diamonds, 2Clubs, KHearts, 4Hearts, ASpades, KSpades, JSpades, 5Spades.
P2 HAND: QDiamonds, 6Diamonds, 2Diamonds, AClubs, QClubs, AHearts, QHearts, 6Hearts, 7Spades, 4Spades.
P3 HAND: ADiamonds, 7Diamonds, 4Diamonds, 7Clubs, JClubs, 6Clubs, 7Hearts, 3Hearts, QSpades, 2Spades.
P0 6Spades P1 ASpades P2 4Spades P3 QSpades 
P1 2Clubs P2 AClubs P3 6Clubs P0 KClubs 
P2 AHearts P3 3Hearts P0 JHearts P1 4Hearts 
P2 6Hearts P3 7Hearts P0 2Hearts P1 KHearts 
P3 2Spades P0 3Spades P1 5Spades P2 7Spades 
P2 QClubs P3 JClubs P0 3Clubs P1 KSpades 
P3 4Diamonds P0 KDiamonds P1 3Diamonds P2 2Diamonds 
P0 5Hearts P1 5Diamonds P2 QHearts P3 7Clubs 
P1 JSpades P2 6Diamonds P3 7Diamonds P0 4Clubs 
P3 ADiamonds P0 5Clubs P1 JDiamonds P2 QDiamonds 
-- /GAME --
P0 HAND: AClubs, JClubs, QClubs, 6Clubs, 4Clubs, 7Hearts, 5Hearts, 4Hearts, ASpades, 2Spades.
P1 HAND: 7Diamonds, JDiamonds, 3Diamonds, 7Clubs, KClubs, 5Clubs, 3Clubs, AHearts, 3Hearts, 3Spades.
P2 HAND: ADiamonds, QDiamonds, 6Diamonds, 5Diamonds, 4Diamonds, QHearts, 2Hearts, QSpades, 6Spades, 5Spades.
P3 HAND: KDiamonds, 2Diamonds, 2Clubs, KHearts, JHearts, 6Hearts, 7Spades, KSpades, JSpades, 4Spades.
P3 2Clubs P0 AClubs P1 3Clubs P2 QHearts 
P0 ASpades P1 3Spades P2 QSpades P3 4Spades 
P0 4Hearts P1 AHearts P2 2Hearts P3 KHearts 
P1 3Hearts P2 5Spades P3 6Hearts P0 7Hearts 
P0 JClubs P1 5Clubs P2 6Spades P3 2Diamonds 
P3 JHearts P0 5Hearts P1 3Diamonds P2 4Diamonds 
P2 5Diamonds P3 KDiamonds P0 2Spades P1 JDiamonds 
P3 JSpades P0 QClubs P1 7Diamonds P2 ADiamonds 
P2 6Diamonds P3 KSpades P0 4Clubs P1 KClubs 
P2 QDiamonds P3 7Spades P0 6Clubs P1 7Clubs 
-- /GAME --
P0 HAND: 3Diamonds, 6Clubs, 2Clubs, 6Hearts, 3Hearts, 2Hearts, 7Spades, KSpades, QSpades, 2Spades.
P1 HAND: 7Diamonds, KDiamonds, 7Clubs, 3Clubs, AHearts, 7Hearts, JHearts, 6Spades, 4Spades, 3Spades.
P2 HAND: ADiamonds, JDiamonds, QDiamonds, 2Diamonds, JClubs, QClubs, 5Clubs, QHearts, 4Hearts, JSpades.
P3 HAND: 6Diamonds, 5Diamonds, 4Diamonds, AClubs, KClubs, 4Clubs, KHearts, 5Hearts, ASpades, 5Spades.
P0 KSpades P1 3Spades P2 JSpades P3 ASpades 
P3 AClubs P0 2Clubs P1 7Clubs P2 5Clubs 
P3 4Clubs P0 6Clubs P1 3Clubs P2 JClubs 
P2 4Hearts P3 5Hearts P0 6Hearts P1 AHearts 
P1 4Spades P2 QClubs P3 5Spades P0 7Spades 
P0 QSpades P1 6Spades P2 QHearts P3 4Diamonds 
P3 5Diamonds P0 3Diamonds P1 KDiamonds P2 2Diamonds 
P1 JHearts P2 QDiamonds P3 KHearts P0 2Hearts 
P2 JDiamonds P3 6Diamonds P0 2Spades P1 7Diamonds 
P1 7Hearts P2 ADiamonds P3 KClubs P0 3Hearts 
-- /GAME --
P0 HAND: 7Diamonds, JDiamonds, 6Diamonds, 6Clubs, 4Clubs, 2Clubs, 5Hearts, 7Spades, QSpades, 6Spades.
P1 HAND: ADiamonds, QDiamonds, 2Diamonds, QClubs, 7Hearts, QHearts, 3Hearts, 2Hearts, 5Spades, 3Spades.
P2 HAND: KDiamonds, 4Diamonds, 3Diamonds, 7Clubs, 5Clubs, KHearts, 6Hearts, 4Hearts, 4Spades, 2Spades.
P3 HAND: 5Diamonds, AClubs, KClubs, JClubs, 3Clubs, AHearts, JHearts, ASpades, KSpades, JSpades.

