-- GAME --
P0 HAND: 7Diamonds, JDiamonds, AClubs, KClubs, QClubs, 7Hearts, KHearts, 5Hearts, 2Hearts, JSpades.
P1 HAND: 5Diamonds, 3Diamonds, JClubs, AHearts, JHearts, 3Hearts, KSpades, QSpades, 3Spades, 2Spades.
P2 HAND: KDiamonds, QDiamonds, 2Diamonds, 4Clubs, 3Clubs, 6Hearts, 4Hearts, ASpades, 7Spades, 5Spades.
P3 HAND: ADiamonds, 6Diamonds, 4Diamonds, 7Clubs, 6Clubs, 5Clubs, 2Clubs, QHearts, 6Spades, 4Spades.
P2 2Diamonds P3 ADiamonds P0 JDiamonds P1 5Diamonds 
P3 2Clubs P0 KClubs P1 JClubs P2 4Clubs 
P0 AClubs P1 2Spades P2 3Clubs P3 7Clubs 
P1 AHearts P2 4Hearts P3 QHearts P0 2Hearts 
P1 3Diamonds P2 QDiamonds P3 4Diamonds P0 7Diamonds 
P0 7Hearts P1 3Hearts P2 6Hearts P3 4Spades 
P3 5Clubs P0 QClubs P1 3Spades P2 5Spades 
P2 7Spades P3 6Spades P0 JSpades P1 QSpades 
P2 ASpades P3 6Diamonds P0 KHearts P1 KSpades 
P2 KDiamonds P3 6Clubs P0 5Hearts P1 JHearts 
-- /GAME --
P0 HAND: 4Diamonds, 7Clubs, KClubs, 5Clubs, 4Clubs, 6Hearts, 5Hearts, ASpades, KSpades, QSpades.
P1 HAND: ADiamonds, 2Diamonds, AClubs, 3Clubs, 2Clubs, KHearts, QHearts, 4Hearts, 7Spades, 3Spades.
P2 HAND: 7Diamonds, QDiamonds, JClubs, QClubs, 6Clubs, 7Hearts, JHearts, 2Hearts, JSpades, 5Spades.
P3 HAND: KDiamonds, JDiamonds, 6Diamonds, 5Diamonds, 3Diamonds, AHearts, 3Hearts, 6Spades, 4Spades, 2Spades.
P1 ADiamonds P2 QDiamonds P3 KDiamonds P0 4Diamonds 
P1 2Diamonds P2 7Diamonds P3 3Diamonds P0 ASpades 
P2 2Hearts P3 AHearts P0 5Hearts P1 KHearts 
P3 2Spades P0 KSpades P1 7Spades P2 5Spades 
P1 3Spades P2 JSpades P3 4Spades P0 QSpades 
P2 JHearts P3 3Hearts P0 6Hearts P1 4Hearts 
P2 6Clubs P3 5Diamonds P0 KClubs P1 2Clubs 
P0 4Clubs P1 3Clubs P2 QClubs P3 6Diamonds 
P2 JClubs P3 6Spades P0 5Clubs P1 AClubs 
P1 QHearts P2 7Hearts P3 JDiamonds P0 7Clubs 
-- /GAME --
P0 HAND: 7Diamonds, KDiamonds, 5Diamonds, AClubs, 6Hearts, 4Hearts, ASpades, 7Spades, 3Spades, 2Spades.
P1 HAND: ADiamonds, 2Diamonds, QClubs, 4Clubs, 7Hearts, 2Hearts, KSpades, QSpades, 5Spades, 4Spades.
P2 HAND: 3Diamonds, 7Clubs, KClubs, 5Clubs, 3Clubs, AHearts, KHearts, JHearts, QHearts, 6Spades.
P3 HAND: JDiamonds, QDiamonds, 6Diamonds, 4Diamonds, JClubs, 6Clubs, 2Clubs, 5Hearts, 3Hearts, JSpades.
P0 AClubs P1 4Clubs P2 7Clubs P3 2Clubs 
P0 4Hearts P1 2Hearts P2 AHearts P3 3Hearts 
P2 3Diamonds P3 4Diamonds P0 5Diamonds P1 ADiamonds 
P1 2Diamonds P2 3Clubs P3 6Diamonds P0 7Diamonds 
P0 KDiamonds P1 QClubs P2 KClubs P3 QDiamonds 
P0 6Hearts P1 7Hearts P2 QHearts P3 5Hearts 
P1 4Spades P2 6Spades P3 JSpades P0 7Spades 
P0 ASpades P1 5Spades P2 KHearts P3 6Clubs 
P0 2Spades P1 QSpades P2 5Clubs P3 JDiamonds 
P1 KSpades P2 JHearts P3 JClubs P0 3Spades 
-- /GAME --
P0 HAND: KDiamonds, 4Diamonds, 2Diamonds, AClubs, JClubs, 3Clubs, 7Hearts, KHearts, 6Hearts, QSpades.
P1 HAND: ADiamonds, 7Diamonds, JDiamonds, QDiamonds, 6Clubs, 5Clubs, 2Clubs, 2Hearts, 7Spades, JSpades.
P2 HAND: 6Diamonds, 5Diamonds, QClubs, 4Clubs, 5Hearts, ASpades, KSpades, 6Spades, 4Spades, 2Spades.
P3 HAND: 3Diamonds, 7Clubs, KClubs, AHearts, JHearts, QHearts, 4Hearts, 3Hearts, 5Spades, 3Spades.
P3 3Diamonds P0 KDiamonds P1 ADiamonds P2 5Diamonds 
P1 2Clubs P2 4Clubs P3 KClubs P0 AClubs 
P0 2Diamonds P1 QDiamonds P2 6Diamonds P3 AHearts 
P1 2Hearts P2 5Hearts P3 3Hearts P0 7Hearts 
P0 KHearts P1 5Clubs P2 QClubs P3 4Hearts 
P0 JClubs P1 6Clubs P2 2Spades P3 7Clubs 
P2 4Spades P3 3Spades P0 QSpades P1 JSpades 
P1 JDiamonds P2 6Spades P3 QHearts P0 4Diamonds 
P2 KSpades P3 5Spades P0 6Hearts P1 7Spades 
P1 7Diamonds P2 ASpades P3 JHearts P0 3Clubs 
-- /GAME --
P0 HAND: 6Diamonds, 7Hearts, KHearts, 6Hearts, 5Hearts, 7Spades, KSpades, JSpades, 5Spades, 3Spades.
P1 HAND: 7Diamonds, AClubs, 7Clubs, KClubs, JClubs, QClubs, 6Clubs, 4Clubs, QSpades, 2Spades.
P2 HAND: ADiamonds, 5Diamonds, 3Diamonds, 2Diamonds, 3Clubs, AHearts, JHearts, QHearts, ASpades, 6Spades.
P3 HAND: KDiamonds, JDiamonds, QDiamonds, 4Diamonds, 5Clubs, 2Clubs, 4Hearts, 3Hearts, 2Hearts, 4Spades.
P2 ADiamonds P3 4Diamonds P0 6Diamonds P1 7Diamonds 
P2 AHearts P3 2Hearts P0 7Hearts P1 2Spades 
P1 4Clubs P2 3Clubs P3 2Clubs P0 5Hearts 
P1 6Clubs P2 2Diamonds P3 5Clubs P0 6Hearts 
P1 QClubs P2 3Diamonds P3 3Hearts P0 JSpades 
P0 3Spades P1 QSpades P2 6Spades P3 4Spades 
P1 JClubs P2 5Diamonds P3 4Hearts P0 KHearts 
P1 KClubs P2 QHearts P3 QDiamonds P0 KSpades 
P0 5Spades P1 7Clubs P2 ASpades P3 JDiamonds 
P2 JHearts P3 KDiamonds P0 7Spades P1 AClubs 
-- /GAME --
P0 HAND: 6Diamonds, KClubs, 6Clubs, 2Clubs, QHearts, 4Hearts, 3Hearts, 7Spades, KSpades, 2Spades.
P1 HAND: ADiamonds, 7Diamonds, JDiamonds, 3Diamonds, JClubs, 7Hearts, KHearts, 6Hearts, 5Hearts, 2Hearts.
P2 HAND: KDiamonds, QDiamonds, 4Diamonds, 2Diamonds, AClubs, QClubs, 5Clubs, QSpades, 6Spades, 4Spades.
P3 HAND: 5Diamonds, 7Clubs, 4Clubs, 3Clubs, AHearts, JHearts, ASpades, JSpades, 5Spades, 3Spades.
P3 AHearts P0 3Hearts P1 7Hearts P2 2Diamonds 
P2 AClubs P3 3Clubs P0 KClubs P1 JClubs 
P2 4Spades P3 ASpades P0 2Spades P1 KHearts 
P3 3Spades P0 KSpades P1 2Hearts P2 QSpades 
P0 2Clubs P1 5Hearts P2 5Clubs P3 7Clubs 
P3 4Clubs P0 6Clubs P1 6Hearts P2 QClubs 
P2 6Spades P3 5Spades P0 7Spades P1 3Diamonds 
P1 JDiamonds P2 4Diamonds P3 5Diamonds P0 6Diamonds 
P1 7Diamonds P2 QDiamonds P3 JHearts P0 4Hearts 
P1 ADiamonds P2 KDiamonds P3 JSpades P0 QHearts 
-- /GAME --
P0 HAND: JDiamonds, 3Diamonds, 7Clubs, 4Clubs, 3Hearts, JSpades, 6Spades, 5Spades, 3Spades, 2Spades.
P1 HAND: KDiamonds, 2Diamonds, 6Clubs, 5Clubs, 3Clubs, AHearts, KHearts, JHearts, 7Spades, 4Spades.
P2 HAND: ADiamonds, 7Diamonds, 6Diamonds, 5Diamonds, AClubs, KClubs, JClubs, QClubs, 6Hearts, ASpades.
P3 HAND: QDiamonds, 4Diamonds, 2Clubs, 7Hearts, QHearts, 5Hearts, 4Hearts, 2Hearts, KSpades, QSpades.
P2 ADiamonds P3 4Diamonds P0 JDiamonds P1 2Diamonds 
P2 AClubs P3 2Clubs P0 7Clubs P1 3Clubs 
P2 ASpades P3 QSpades P0 JSpades P1 4Spades 
P2 5Diamonds P3 QDiamonds P0 3Diamonds P1 KDiamonds 
P1 5Clubs P2 QClubs P3 2Hearts P0 4Clubs 
P3 4Hearts P0 3Hearts P1 JHearts P2 6Hearts 
P1 6Clubs P2 JClubs P3 5Hearts P0 2Spades 
P3 QHearts P0 3Spades P1 KHearts P2 6Diamonds 
P1 AHearts P2 KClubs P3 7Hearts P0 5Spades 
P1 7Spades P2 7Diamonds P3 KSpades P0 6Spades 
-- /GAME --
P0 HAND: 7Diamonds, 6Diamonds, JClubs, QClubs, 5Hearts, 3Hearts, ASpades, KSpades, 3Spades, 2Spades.
P1 HAND: QDiamonds, 5Diamonds, AClubs, 6Clubs, 5Clubs, 2Clubs, QHearts, 6Hearts, 7Spades, 6Spades.
P2 HAND: ADiamonds, JDiamonds, 3Diamonds, 2Diamonds, 4Clubs, AHearts, KHearts, JSpades, QSpades, 4Spades.
P3 HAND: KDiamonds, 4Diamonds, 7Clubs, KClubs, 3Clubs, 7Hearts, JHearts, 4Hearts, 2Hearts, 5Spades.
P1 AClubs P2 4Clubs P3 7Clubs P0 QClubs 
P1 2Clubs P2 2Diamonds P3 KClubs P0 JClubs 
P3 3Clubs P0 2Spades P1 5Clubs P2 3Diamonds 
P1 5Diamonds P2 ADiamonds P3 4Diamonds P0 7Diamonds 
P2 4Spades P3 5Spades P0 ASpades P1 6Spades 
P0 6Diamonds P1 QDiamonds P2 JDiamonds P3 KDiamonds 
P3 2Hearts P0 3Hearts P1 6Hearts P2 KHearts 
P2 QSpades P3 4Hearts P0 3Spades P1 7Spades 
P3 JHearts P0 5Hearts P1 QHearts P2 AHearts 
P2 JSpades P3 7Hearts P0 KSpades P1 6Clubs 
-- /GAME --
P0 HAND: ADiamonds, AClubs, 5Clubs, 2Clubs, 7Hearts, QHearts, 5Hearts, 4Hearts, 2Hearts, 5Spades.
P1 HAND: 7Diamonds, QDiamonds, 2Diamonds, KClubs, JClubs, QClubs, 6Clubs, 4Clubs, ASpades, KSpades.
P2 HAND: 4Diamonds, 7Clubs, AHearts, KHearts, JHearts, 6Hearts, 7Spades, JSpades, 6Spades, 4Spades.
P3 HAND: KDiamonds, JDiamonds, 6Diamonds, 5Diamonds, 3Diamonds, 3Clubs, 3Hearts, QSpades, 3Spades, 2Spades.
P0 AClubs P1 4Clubs P2 7Clubs P3 3Clubs 
P0 2Clubs P1 6Clubs P2 4Spades P3 QSpades 
P1 ASpades P2 6Spades P3 3Spades P0 5Spades 
P1 QClubs P2 6Hearts P3 2Spades P0 5Clubs 
P1 JClubs P2 4Diamonds P3 3Hearts P0 7Hearts 
P2 JHearts P3 3Diamonds P0 2Hearts P1 KClubs 
P3 5Diamonds P0 ADiamonds P1 2Diamonds P2 AHearts 
P0 QHearts P1 QDiamonds P2 KHearts P3 6Diamonds 
P1 7Diamonds P2 JSpades P3 JDiamonds P0 4Hearts 
P1 KSpades P2 7Spades P3 KDiamonds P0 5Hearts 
-- /GAME --
P0 HAND: 7Diamonds, JDiamonds, QDiamonds, 5Diamonds, AClubs, JClubs, KHearts, QHearts, 3Hearts, 4Spades.
P1 HAND: 4Diamonds, 3Diamonds, 2Diamonds, 4Clubs, 2Clubs, 7Hearts, JHearts, 5Hearts, 6Spades, 3Spades.
P2 HAND: ADiamonds, KDiamonds, KClubs, QClubs, 5Clubs, 4Hearts, 7Spades, JSpades, QSpades, 5Spades.
P3 HAND: 6Diamonds, 7Clubs, 6Clubs, 3Clubs, AHearts, 6Hearts, 2Hearts, ASpades, KSpades, 2Spades.
P2 ADiamonds P3 6Diamonds P0 7Diamonds P1 2Diamonds 
P2 5Clubs P3 3Clubs P0 AClubs P1 2Clubs 
P0 4Spades P1 3Spades P2 5Spades P3 ASpades 
P3 2Spades P0 3Hearts P1 6Spades P2 7Spades 
P0 JClubs P1 4Clubs P2 QClubs P3 7Clubs 
P3 6Clubs P0 JDiamonds P1 3Diamonds P2 KClubs 
P2 QSpades P3 KSpades P0 QHearts P1 JHearts 
P1 4Diamonds P2 KDiamonds P3 2Hearts P0 5Diamonds 
P3 6Hearts P0 KHearts P1 5Hearts P2 4Hearts 
P0 QDiamonds P1 7Hearts P2 JSpades P3 AHearts 
-- /GAME --
P0 HAND: QDiamonds, 5Diamonds, 3Diamonds, 3Clubs, 2Clubs, JHearts, QHearts, 2Hearts, 5Spades, 3Spades.
P1 HAND: ADiamonds, JDiamonds, 2Diamonds, KClubs, JClubs, AHearts, 7Spades, QSpades, 6Spades, 4Spades.
P2 HAND: 7Diamonds, KDiamonds, 6Diamonds, 6Clubs, 5Clubs, 6Hearts, 5Hearts, 4Hearts, ASpades, JSpades.
P3 HAND: 4Diamonds, AClubs, 7Clubs, QClubs, 4Clubs, 7Hearts, KHearts, 3Hearts, KSpades, 2Spades.
P1 ADiamonds P2 6Diamonds P3 4Diamonds P0 3Diamonds 
P1 AHearts P2 4Hearts P3 7Hearts P0 2Hearts 
P1 2Diamonds P2 KDiamonds P3 3Hearts P0 QDiamonds 
P2 5Clubs P3 AClubs P0 2Clubs P1 KClubs 
P3 4Clubs P0 3Clubs P1 JClubs P2 6Clubs 
P1 JDiamonds P2 7Diamonds P3 2Spades P0 5Diamonds 
P3 QClubs P0 3Spades P1 4Spades P2 5Hearts 
P1 6Spades P2 JSpades P3 KSpades P0 5Spades 
P3 KHearts P0 JHearts P1 QSpades P2 6Hearts 
P1 7Spades P2 ASpades P3 7Clubs P0 QHearts 
-- /GAME --
P0 HAND: QDiamonds, 3Diamonds, 7Clubs, JClubs, 5Clubs, KHearts, 2Hearts, 7Spades, KSpades, JSpades.
P1 HAND: JDiamonds, 5Diamonds, 2Diamonds, KClubs, AHearts, 5Hearts, 3Hearts, QSpades, 4Spades, 3Spades.
P2 HAND: KDiamonds, QClubs, 6Clubs, 4Clubs, 7Hearts, JHearts, QHearts, 4Hearts, ASpades, 5Spades.
P3 HAND: ADiamonds, 7Diamonds, 6Diamonds, 4Diamonds, AClubs, 3Clubs, 2Clubs, 6Hearts, 6Spades, 2Spades.
P0 3Diamonds P1 2Diamonds P2 KDiamonds P3 ADiamonds 
P3 2Spades P0 JSpades P1 3Spades P2 ASpades 
P2 4Hearts P3 6Hearts P0 2Hearts P1 AHearts 
P1 3Hearts P2 QHearts P3 4Diamonds P0 KHearts 
P0 QDiamonds P1 5Diamonds P2 5Spades P3 7Diamonds 
P3 6Diamonds P0 KSpades P1 JDiamonds P2 4Clubs 
P2 JHearts P3 6Spades P0 JClubs P1 5Hearts 
P0 7Spades P1 4Spades P2 6Clubs P3 AClubs 
P3 2Clubs P0 5Clubs P1 KClubs P2 QClubs 
P1 QSpades P2 7Hearts P3 3Clubs P0 7Clubs 
-- /GAME --
P0 HAND: 7Diamonds, KDiamonds, JDiamonds, 6Diamonds, KClubs, 3Clubs, 2Clubs, KHearts, 3Hearts, QSpades.
P1 HAND: 4Diamonds, 2Diamonds, 5Clubs, JHearts, QHearts, 6Hearts, 5Hearts, 4Hearts, 5Spades, 2Spades.
P2 HAND: AClubs, 7Clubs, QClubs, 6Clubs, 4Clubs, 7Hearts, 7Spades, KSpades, JSpades, 6Spades.
P3 HAND: ADiamonds, QDiamonds, 5Diamonds, 3Diamonds, JClubs, AHearts, 2Hearts, ASpades, 4Spades, 3Spades.
P3 ADiamonds P0 6Diamonds P1 4Diamonds P2 6Spades 
P2 4Clubs P3 JClubs P0 2Clubs P1 5Clubs 
P3 AHearts P0 3Hearts P1 JHearts P2 7Hearts 
P3 2Hearts P0 KHearts P1 4Hearts P2 AClubs 
P0 7Diamonds P1 2Diamonds P2 7Clubs P3 3Diamonds 
P0 KClubs P1 5Hearts P2 6Clubs P3 5Diamonds 
P0 KDiamonds P1 6Hearts P2 QClubs P3 QDiamonds 
P0 JDiamonds P1 QHearts P2 JSpades P3 ASpades 
P3 3Spades P0 QSpades P1 2Spades P2 KSpades 
P2 7Spades P3 4Spades P0 3Clubs P1 5Spades 
-- /GAME --
P0 HAND: QDiamonds, 5Diamonds, 6Clubs, 5Clubs, 4Clubs, 7Hearts, JHearts, 6Hearts, 4Hearts, KSpades.
P1 HAND: 7Diamonds, JDiamonds, 4Diamonds, 2Diamonds, KHearts, QHearts, 3Hearts, ASpades, 7Spades, 4Spades.
P2 HAND: ADiamonds, 6Diamonds, AClubs, KClubs, 3Clubs, 2Hearts, QSpades, 6Spades, 3Spades, 2Spades.
P3 HAND: KDiamonds, 3Diamonds, 7Clubs, JClubs, QClubs, 2Clubs, AHearts, 5Hearts, JSpades, 5Spades.
P2 ADiamonds P3 3Diamonds P0 QDiamonds P1 2Diamonds 
P2 AClubs P3 2Clubs P0 4Clubs P1 4Spades 
P1 3Hearts P2 2Hearts P3 AHearts P0 4Hearts 
P3 5Hearts P0 7Hearts P1 QHearts P2 KClubs 
P0 JHearts P1 KHearts P2 2Spades P3 5Spades 
P3 QClubs P0 5Clubs P1 4Diamonds P2 3Clubs 
P3 JClubs P0 6Clubs P1 7Spades P2 6Diamonds 
P1 JDiamonds P2 3Spades P3 KDiamonds P0 5Diamonds 
P2 6Spades P3 JSpades P0 KSpades P1 ASpades 
P1 7Diamonds P2 QSpades P3 7Clubs P0 6Hearts 
-- /GAME --
P0 HAND: JDiamonds, 4Diamonds, 7Clubs, QClubs, 7Hearts, KHearts, 5Hearts, 3Hearts, ASpades, 4Spades.
P1 HAND: KDiamonds, KClubs, JClubs, 2Clubs, AHearts, QHearts, 4Hearts, 7Spades, 6Spades, 2Spades.
P2 HAND: 7Diamonds, 6Diamonds, 2Diamonds, AClubs, 5Clubs, JHearts, 6Hearts, KSpades, 5Spades, 3Spades.
P3 HAND: ADiamonds, QDiamonds, 5Diamonds, 3Diamonds, 6Clubs, 4Clubs, 3Clubs, 2Hearts, JSpades, QSpades.

