-- GAME --
P0 HAND: 7Clubs, QClubs, 6Clubs, 5Clubs, 3Clubs, 2Clubs, 6Hearts, 3Hearts, ASpades, 6Spades.
P1 HAND: 7Diamonds, KDiamonds, 3Diamonds, KClubs, JHearts, QHearts, 2Hearts, JSpades, QSpades, 2Spades.
P2 HAND: ADiamonds, JDiamonds, QDiamonds, 5Diamonds, AClubs, AHearts, 7Hearts, KHearts, 4Hearts, 4Spades.
P3 HAND: 6Diamonds, 4Diamonds, 2Diamonds, JClubs, 4Clubs, 5Hearts, 7Spades, KSpades, 5Spades, 3Spades.
P0 ASpades P1 2Spades P2 4Spades P3 3Spades 
P0 3Hearts P1 2Hearts P2 AHearts P3 5Hearts 
P2 AClubs P3 4Clubs P0 7Clubs P1 KClubs 
P2 4Hearts P3 5Spades P0 6Hearts P1 JHearts 
P1 QHearts P2 KHearts P3 2Diamonds P0 6Spades 
P3 JClubs P0 2Clubs P1 JSpades P2 5Diamonds 
P2 QDiamonds P3 4Diamonds P0 QClubs P1 3Diamonds 
P2 JDiamonds P3 6Diamonds P0 6Clubs P1 KDiamonds 
P1 QSpades P2 ADiamonds P3 KSpades P0 3Clubs 
P2 7Hearts P3 7Spades P0 5Clubs P1 7Diamonds 
-- /GAME --
P0 HAND: ADiamonds, 7Diamonds, QClubs, 4Clubs, 2Clubs, AHearts, KHearts, 6Hearts, 2Hearts, ASpades.
P1 HAND: 2Diamonds, 6Clubs, 5Clubs, 3Clubs, JHearts, QHearts, 4Hearts, KSpades, 5Spades, 4Spades.
P2 HAND: JDiamonds, 6Diamonds, 5Diamonds, 4Diamonds, AClubs, 7Hearts, 3Hearts, QSpades, 3Spades, 2Spades.
P3 HAND: KDiamonds, QDiamonds, 3Diamonds, 7Clubs, KClubs, JClubs, 5Hearts, 7Spades, JSpades, 6Spades.
P3 5Hearts P0 AHearts P1 4Hearts P2 7Hearts 
P0 ASpades P1 4Spades P2 QSpades P3 6Spades 
P0 2Clubs P1 3Clubs P2 AClubs P3 JClubs 
P2 2Spades P3 JSpades P0 2Hearts P1 KSpades 
P1 5Clubs P2 3Hearts P3 7Clubs P0 4Clubs 
P3 3Diamonds 
