-- GAME --
P0 HAND: ADiamonds, KDiamonds, 4Diamonds, JClubs, 6Clubs, 2Clubs, AHearts, 5Hearts, 2Hearts, KSpades.
P1 HAND: 7Diamonds, JDiamonds, KClubs, 4Clubs, JHearts, ASpades, 7Spades, QSpades, 6Spades, 3Spades.
P2 HAND: QDiamonds, 5Diamonds, 7Clubs, 5Clubs, 7Hearts, QHearts, 6Hearts, 3Hearts, JSpades, 5Spades.
P3 HAND: 6Diamonds, 3Diamonds, 2Diamonds, AClubs, QClubs, 3Clubs, KHearts, 4Hearts, 4Spades, 2Spades.
P1 3Spades P2 5Spades P3 2Spades P0 KSpades 
P0 ADiamonds P1 JDiamonds P2 QDiamonds P3 2Diamonds 
P0 2Clubs P1 4Clubs P2 5Clubs P3 AClubs 
P3 3Diamonds P0 4Diamonds P1 7Diamonds P2 5Diamonds 
P1 6Spades P2 JSpades P3 4Spades P0 KDiamonds 
P2 3Hearts P3 4Hearts P0 2Hearts P1 JHearts 
P1 QSpades P2 6Hearts P3 3Clubs P0 JClubs 
P2 QHearts P3 KHearts P0 5Hearts P1 ASpades 
P3 6Diamonds P0 6Clubs P1 KClubs P2 7Hearts 
P2 7Clubs P3 QClubs P0 AHearts P1 7Spades 
-- /GAME --
P0 HAND: QDiamonds, AClubs, 5Clubs, KHearts, JHearts, 6Hearts, 5Hearts, KSpades, QSpades, 5Spades.
P1 HAND: 7Diamonds, 4Diamonds, KClubs, JClubs, QClubs, 4Clubs, 4Hearts, 2Hearts, JSpades, 2Spades.
P2 HAND: ADiamonds, JDiamonds, 6Diamonds, 2Clubs, AHearts, 7Hearts, 3Hearts, 7Spades, 4Spades, 3Spades.
P3 HAND: KDiamonds, 5Diamonds, 3Diamonds, 2Diamonds, 7Clubs, 6Clubs, 3Clubs, QHearts, ASpades, 6Spades.
P0 AClubs P1 4Clubs P2 2Clubs P3 3Clubs 
P0 5Clubs P1 QClubs P2 3Hearts P3 7Clubs 
P3 ASpades P0 5Spades P1 JSpades P2 3Spades 
P3 6Clubs P0 KSpades P1 JClubs P2 6Diamonds 
P2 AHearts P3 QHearts P0 KHearts P1 2Hearts 
P2 4Spades P3 6Spades P0 QSpades P1 2Spades 
P0 5Hearts P1 4Hearts P2 7Hearts P3 2Diamonds 
P3 3Diamonds P0 QDiamonds P1 4Diamonds P2 JDiamonds 
P2 ADiamonds P3 5Diamonds P0 JHearts P1 7Diamonds 
P2 7Spades P3 KDiamonds P0 6Hearts P1 KClubs 
-- /GAME --
P0 HAND: 7Diamonds, 4Diamonds, 6Clubs, 2Clubs, KHearts, JHearts, 6Hearts, 5Hearts, 4Hearts, 3Spades.
P1 HAND: KDiamonds, JDiamonds, 5Diamonds, 7Clubs, KClubs, JClubs, 3Hearts, 2Hearts, 7Spades, QSpades.
P2 HAND: ADiamonds, 6Diamonds, 3Diamonds, AClubs, QClubs, 5Clubs, 3Clubs, 7Hearts, QHearts, 5Spades.
P3 HAND: QDiamonds, 2Diamonds, 4Clubs, AHearts, ASpades, KSpades, JSpades, 6Spades, 4Spades, 2Spades.
P3 AHearts P0 4Hearts P1 3Hearts P2 QHearts 
P3 2Diamonds P0 4Diamonds P1 5Diamonds P2 ADiamonds 
P2 3Diamonds P3 QDiamonds P0 7Diamonds P1 JDiamonds 
P0 3Spades P1 QSpades P2 5Spades P3 ASpades 
P3 2Spades P0 2Clubs P1 7Spades P2 7Hearts 
P0 KHearts P1 2Hearts P2 6Diamonds P3 4Spades 
P0 JHearts P1 JClubs P2 AClubs P3 6Spades 
P2 3Clubs P3 4Clubs P0 6Clubs P1 KClubs 
P1 7Clubs P2 5Clubs P3 JSpades P0 5Hearts 
P1 KDiamonds P2 QClubs P3 KSpades P0 6Hearts 
-- /GAME --
P0 HAND: KDiamonds, KClubs, JClubs, 2Clubs, 4Hearts, 3Hearts, 6Spades, 5Spades, 4Spades, 3Spades.
P1 HAND: 7Diamonds, 6Diamonds, 5Diamonds, 7Clubs, 6Clubs, 3Clubs, 7Hearts, KHearts, QSpades, 2Spades.
P2 HAND: ADiamonds, 4Diamonds, AClubs, QClubs, 4Clubs, AHearts, QHearts, 2Hearts, 7Spades, JSpades.
P3 HAND: JDiamonds, QDiamonds, 3Diamonds, 2Diamonds, 5Clubs, JHearts, 6Hearts, 5Hearts, ASpades, KSpades.
P2 AClubs P3 5Clubs P0 KClubs P1 3Clubs 
P2 AHearts P3 5Hearts P0 3Hearts P1 KHearts 
P2 2Hearts P3 6Hearts P0 4Hearts P1 7Hearts 
P1 2Spades P2 JSpades P3 ASpades P0 3Spades 
P3 JHearts P0 JClubs P1 5Diamonds P2 QHearts 
P1 6Clubs P2 4Clubs P3 2Diamonds P0 2Clubs 
P3 3Diamonds P0 KDiamonds P1 6Diamonds P2 4Diamonds 
P0 6Spades P1 QSpades P2 7Spades P3 KSpades 
P2 QClubs P3 QDiamonds P0 5Spades P1 7Clubs 
P3 JDiamonds P0 4Spades P1 7Diamonds P2 ADiamonds 
-- /GAME --
P0 HAND: 7Diamonds, 3Diamonds, 2Diamonds, AClubs, AHearts, 5Hearts, KSpades, QSpades, 5Spades, 4Spades.
P1 HAND: ADiamonds, QDiamonds, 6Diamonds, 2Clubs, 7Hearts, KHearts, 4Hearts, 2Hearts, JSpades, 6Spades.
P2 HAND: KDiamonds, JDiamonds, 5Diamonds, 4Diamonds, 7Clubs, KClubs, 3Clubs, 6Hearts, 3Hearts, 2Spades.
P3 HAND: JClubs, QClubs, 6Clubs, 5Clubs, 4Clubs, JHearts, QHearts, ASpades, 7Spades, 3Spades.
P0 AHearts P1 2Hearts P2 6Hearts P3 QHearts 
P0 5Hearts P1 4Hearts P2 3Hearts P3 JHearts 
P3 ASpades P0 4Spades P1 JSpades P2 2Spades 
P3 3Spades P0 KSpades P1 6Spades P2 KDiamonds 
P0 QSpades P1 6Diamonds P2 4Diamonds P3 7Spades 
P3 4Clubs P0 AClubs P1 2Clubs P2 3Clubs 
P0 7Diamonds P1 ADiamonds P2 5Diamonds P3 5Clubs 
P3 6Clubs P0 5Spades P1 QDiamonds P2 KClubs 
P2 JDiamonds P3 QClubs P0 2Diamonds P1 7Hearts 
P3 JClubs P0 3Diamonds P1 KHearts P2 7Clubs 
-- /GAME --
P0 HAND: KDiamonds, 4Diamonds, 2Diamonds, AClubs, KClubs, 6Clubs, 4Clubs, 2Clubs, 3Hearts, 4Spades.
P1 HAND: ADiamonds, 5Clubs, 3Clubs, AHearts, KHearts, JHearts, ASpades, JSpades, 3Spades, 2Spades.
P2 HAND: 7Diamonds, QDiamonds, 6Diamonds, 5Diamonds, 7Clubs, 7Hearts, 5Hearts, 4Hearts, 7Spades, 5Spades.
P3 HAND: JDiamonds, 3Diamonds, JClubs, QClubs, QHearts, 6Hearts, 2Hearts, KSpades, QSpades, 6Spades.
P3 3Diamonds P0 2Diamonds P1 ADiamonds P2 5Diamonds 
P1 ASpades P2 5Spades P3 KSpades P0 4Spades 
P1 2Spades P2 7Spades P3 6Spades P0 KDiamonds 
P2 6Diamonds P3 JDiamonds P0 4Diamonds P1 JSpades 
P3 QClubs P0 AClubs P1 3Clubs P2 7Clubs 
P0 2Clubs P1 5Clubs P2 QDiamonds P3 JClubs 
P3 QSpades P0 3Hearts P1 3Spades P2 7Diamonds 
P0 KClubs P1 JHearts P2 7Hearts P3 2Hearts 
P2 4Hearts P3 6Hearts P0 4Clubs P1 KHearts 
P1 AHearts P2 5Hearts P3 QHearts P0 6Clubs 
-- /GAME --
P0 HAND: 3Diamonds, 5Clubs, 3Clubs, 2Clubs, JHearts, QHearts, 4Hearts, JSpades, 5Spades, 2Spades.
P1 HAND: 7Diamonds, KDiamonds, JDiamonds, QDiamonds, 4Diamonds, 7Clubs, QClubs, 3Hearts, KSpades, 3Spades.
P2 HAND: 5Diamonds, 2Diamonds, JClubs, 6Clubs, 4Clubs, KHearts, 6Hearts, 5Hearts, 2Hearts, ASpades.
P3 HAND: ADiamonds, 6Diamonds, AClubs, KClubs, AHearts, 7Hearts, 7Spades, QSpades, 6Spades, 4Spades.
P2 ASpades P3 4Spades P0 2Spades P1 3Spades 
P2 2Hearts P3 AHearts P0 4Hearts P1 3Hearts 
P3 AClubs P0 2Clubs P1 7Clubs P2 4Clubs 
P3 6Spades P0 5Spades P1 KSpades P2 5Hearts 
P1 QClubs P2 6Clubs P3 KClubs P0 3Clubs 
P3 QSpades P0 JSpades P1 4Diamonds P2 5Diamonds 
P2 6Hearts P3 7Hearts P0 QHearts P1 QDiamonds 
P1 JDiamonds P2 2Diamonds P3 6Diamonds P0 3Diamonds 
P1 KDiamonds P2 JClubs P3 ADiamonds P0 5Clubs 
P3 7Spades P0 JHearts P1 7Diamonds P2 KHearts 
-- /GAME --
P0 HAND: 6Diamonds, 4Diamonds, JClubs, 4Clubs, 3Clubs, 5Hearts, ASpades, JSpades, 4Spades, 3Spades.
P1 HAND: ADiamonds, 2Diamonds, 7Clubs, KClubs, QClubs, 6Clubs, 2Clubs, 2Hearts, KSpades, 5Spades.
P2 HAND: JDiamonds, QDiamonds, AClubs, AHearts, 7Hearts, KHearts, 4Hearts, 7Spades, 6Spades, 2Spades.
P3 HAND: 7Diamonds, KDiamonds, 5Diamonds, 3Diamonds, 5Clubs, JHearts, QHearts, 6Hearts, 3Hearts, QSpades.
P1 ADiamonds P2 QDiamonds P3 7Diamonds P0 4Diamonds 
P1 2Diamonds P2 JDiamonds P3 3Diamonds P0 6Diamonds 
P2 AClubs P3 5Clubs P0 JClubs P1 2Clubs 
P2 AHearts P3 3Hearts P0 5Hearts P1 2Hearts 
P2 4Hearts P3 6Hearts P0 3Spades P1 6Clubs 
P0 3Clubs P1 QClubs P2 2Spades P3 5Diamonds 
P2 6Spades P3 QSpades P0 4Spades P1 5Spades 
P3 QHearts P0 JSpades P1 KSpades P2 KHearts 
P1 KClubs P2 7Spades P3 JHearts P0 4Clubs 
P2 7Hearts P3 KDiamonds P0 ASpades P1 7Clubs 
-- /GAME --
P0 HAND: KDiamonds, AClubs, 3Clubs, 6Hearts, 4Hearts, 7Spades, JSpades, QSpades, 5Spades, 4Spades.
P1 HAND: ADiamonds, 7Diamonds, JDiamonds, 7Clubs, KClubs, 6Clubs, 5Clubs, 4Clubs, 3Hearts, 3Spades.
P2 HAND: 6Diamonds, 4Diamonds, 2Diamonds, JClubs, 2Clubs, 7Hearts, KHearts, QHearts, 5Hearts, ASpades.
P3 HAND: QDiamonds, 5Diamonds, 3Diamonds, QClubs, AHearts, JHearts, 2Hearts, KSpades, 6Spades, 2Spades.
P0 AClubs P1 4Clubs P2 JClubs P3 QClubs 
P0 4Hearts P1 3Hearts P2 5Hearts P3 AHearts 
P3 2Hearts P0 6Hearts P1 5Clubs P2 7Hearts 
P2 2Diamonds P3 3Diamonds P0 KDiamonds P1 ADiamonds 
P1 6Clubs P2 2Clubs P3 5Diamonds P0 3Clubs 
P1 JDiamonds P2 4Diamonds P3 QDiamonds P0 7Spades 
P0 4Spades P1 3Spades P2 ASpades P3 2Spades 
P2 6Diamonds P3 6Spades P0 JSpades P1 7Diamonds 
P0 5Spades P1 KClubs P2 QHearts P3 KSpades 
P3 JHearts P0 QSpades P1 7Clubs P2 KHearts 
-- /GAME --
P0 HAND: 3Diamonds, JClubs, QClubs, 6Clubs, 4Clubs, AHearts, 7Hearts, QHearts, KSpades, 5Spades.
P1 HAND: JDiamonds, QDiamonds, 7Clubs, 3Clubs, 2Hearts, ASpades, 7Spades, QSpades, 4Spades, 2Spades.
P2 HAND: ADiamonds, KDiamonds, 6Diamonds, 4Diamonds, 2Diamonds, 2Clubs, JHearts, 6Hearts, 3Hearts, 3Spades.
P3 HAND: 7Diamonds, 5Diamonds, AClubs, KClubs, 5Clubs, KHearts, 5Hearts, 4Hearts, JSpades, 6Spades.
P3 AClubs P0 4Clubs P1 7Clubs P2 2Clubs 
P3 4Hearts P0 AHearts P1 2Hearts P2 JHearts 
P0 QClubs P1 3Clubs P2 3Hearts P3 KClubs 
P3 5Clubs P0 JClubs P1 2Spades P2 6Hearts 
P0 5Spades P1 ASpades P2 3Spades P3 JSpades 
P1 4Spades P2 2Diamonds P3 6Spades P0 KSpades 
P2 4Diamonds P3 5Diamonds P0 3Diamonds P1 QDiamonds 
P1 QSpades P2 6Diamonds P3 5Hearts P0 7Hearts 
P2 KDiamonds P3 7Diamonds P0 6Clubs P1 JDiamonds 
P3 KHearts P0 QHearts P1 7Spades P2 ADiamonds 
-- /GAME --
P0 HAND: 5Diamonds, 4Diamonds, 3Diamonds, 7Clubs, JClubs, QClubs, KHearts, 2Hearts, ASpades, 5Spades.
P1 HAND: JDiamonds, 2Diamonds, AClubs, KClubs, 4Clubs, JHearts, 3Hearts, 7Spades, QSpades, 3Spades.
P2 HAND: 7Diamonds, KDiamonds, QDiamonds, 6Clubs, 3Clubs, 5Hearts, 4Hearts, JSpades, 4Spades, 2Spades.
P3 HAND: ADiamonds, 6Diamonds, 5Clubs, 2Clubs, AHearts, 7Hearts, QHearts, 6Hearts, KSpades, 6Spades.
P2 3Clubs P3 2Clubs P0 QClubs P1 AClubs 
P1 2Diamonds P2 QDiamonds P3 ADiamonds P0 3Diamonds 
P3 AHearts P0 2Hearts P1 JHearts P2 4Hearts 
P3 5Clubs P0 7Clubs P1 4Clubs P2 6Clubs 
P0 4Diamonds P1 JDiamonds P2 7Diamonds P3 6Diamonds 
P2 5Hearts P3 6Hearts P0 KHearts P1 3Hearts 
P0 JClubs P1 KClubs P2 2Spades P3 6Spades 
P3 QHearts P0 5Diamonds P1 3Spades P2 4Spades 
P2 JSpades P3 KSpades P0 5Spades P1 QSpades 
P3 7Hearts P0 ASpades P1 7Spades P2 KDiamonds 
-- /GAME --

