-- GAME --
P2 3Hearts P3 JHearts P0 4Hearts 
P1 2Hearts P2 QSpades P3 5Hearts P0 7Hearts 
P0 2Spades P1 5Spades P2 ASpades P3 2Clubs 
P3 2Diamonds P0 QHearts P1 QDiamonds P2 JDiamonds 
P2 3Clubs P3 5Clubs P0 AClubs P1 QClubs 
P0 3Spades P1 6Spades P2 7Spades P3 JClubs 
P3 3Diamonds P0 KSpades P1 6Hearts P2 4Clubs 
P2 6Clubs P3 6Diamonds P0 4Spades P1 KClubs 
P1 KHearts P2 7Clubs P3 KDiamonds P0 JSpades 
-- /GAME --
P0 HAND: ADiamonds, QDiamonds, 4Diamonds, 2Diamonds, QClubs, 7Hearts, QHearts, ASpades, 7Spades, 3Spades.
P1 HAND: 6Diamonds, 3Diamonds, AClubs, 7Clubs, KClubs, 6Clubs, 4Hearts, 3Hearts, 2Hearts, 5Spades.
P2 HAND: JDiamonds, 5Diamonds, JClubs, 4Clubs, AHearts, KHearts, JHearts, 6Hearts, 5Hearts, QSpades.
P3 HAND: 7Diamonds, KDiamonds, 5Clubs, 3Clubs, 2Clubs, KSpades, JSpades, 6Spades, 4Spades, 2Spades.
P3 2Clubs P0 QClubs P1 AClubs P2 4Clubs 
P1 2Hearts P2 AHearts P3 KDiamonds P0 QHearts 
P3 2Spades P0 ASpades P1 5Spades P2 QSpades 
P0 7Spades P1 3Diamonds P2 5Diamonds P3 4Spades 
P2 5Hearts P3 3Clubs P0 7Hearts P1 3Hearts 
P0 3Spades P1 4Hearts P2 6Hearts P3 KSpades 
P3 5Clubs P0 2Diamonds P1 6Clubs P2 JClubs 
P0 4Diamonds P1 6Diamonds P2 JDiamonds P3 7Diamonds 
P3 6Spades P0 QDiamonds P1 KClubs P2 KHearts 
P0 ADiamonds P1 7Clubs P2 JHearts P3 JSpades 
-- /GAME --
P0 HAND: KDiamonds, JDiamonds, 5Diamonds, 4Diamonds, 2Diamonds, 7Clubs, KClubs, 3Clubs, 3Hearts, 2Hearts.
P1 HAND: JClubs, QClubs, 6Clubs, 5Clubs, 7Hearts, QHearts, 6Hearts, KSpades, JSpades, QSpades.
P2 HAND: 7Diamonds, QDiamonds, 4Clubs, 2Clubs, AHearts, KHearts, 5Hearts, 5Spades, 3Spades, 2Spades.
P3 HAND: ADiamonds, 6Diamonds, 3Diamonds, AClubs, JHearts, 4Hearts, ASpades, 7Spades, 6Spades, 4Spades.
P2 2Clubs P3 AClubs P0 3Clubs P1 JClubs 
P3 ADiamonds P0 2Diamonds P1 KSpades P2 QDiamonds 
P3 3Diamonds P0 KDiamonds P1 5Clubs P2 7Diamonds 
P2 2Spades P3 ASpades P0 2Hearts P1 QSpades 
P0 JDiamonds P1 6Clubs P2 5Spades P3 6Diamonds 
P0 5Diamonds P1 QClubs P2 3Spades P3 4Spades 
P0 4Diamonds P1 6Hearts P2 4Clubs P3 7Spades 

