-- GAME --
P0 HAND: ADiamonds, 2Diamonds, KClubs, 6Clubs, 5Clubs, KHearts, 6Hearts, KSpades, 5Spades, 3Spades.
P1 HAND: KDiamonds, 4Diamonds, 7Clubs, 2Clubs, JHearts, QHearts, 3Hearts, 2Hearts, JSpades, 6Spades.
P2 HAND: 7Diamonds, JDiamonds, QDiamonds, 5Diamonds, 3Diamonds, AClubs, 4Clubs, AHearts, ASpades, 4Spades.
P3 HAND: 6Diamonds, JClubs, QClubs, 3Clubs, 7Hearts, 5Hearts, 4Hearts, 7Spades, QSpades, 2Spades.
P0 ADiamonds P1 4Diamonds P2 7Diamonds P3 6Diamonds 
P0 6Hearts P1 2Hearts P2 AHearts P3 4Hearts 
P2 ASpades P3 2Spades P0 KSpades P1 6Spades 
P2 3Diamonds P3 5Hearts P0 2Diamonds P1 KDiamonds 
P1 3Hearts P2 4Spades P3 7Hearts P0 KHearts 
P3 QSpades P0 3Spades P1 JSpades P2 4Clubs 
P2 5Diamonds P3 3Clubs P0 5Clubs P1 QHearts 
P0 5Spades P1 2Clubs P2 QDiamonds P3 7Spades 
P1 JHearts P2 AClubs P3 QClubs P0 6Clubs 
P2 JDiamonds P3 JClubs P0 KClubs P1 7Clubs 
-- /GAME --
P0 HAND: ADiamonds, JDiamonds, 3Diamonds, AClubs, KClubs, 4Clubs, 3Clubs, 2Clubs, 6Hearts, 7Spades.
P1 HAND: 7Diamonds, 4Diamonds, 7Clubs, 5Clubs, 7Hearts, QHearts, 4Hearts, 3Hearts, 2Hearts, ASpades.
P2 HAND: 2Diamonds, QClubs, AHearts, JHearts, 5Hearts, KSpades, QSpades, 5Spades, 3Spades, 2Spades.
P3 HAND: KDiamonds, QDiamonds, 6Diamonds, 5Diamonds, JClubs, 6Clubs, KHearts, JSpades, 6Spades, 4Spades.
P3 4Spades P0 7Spades P1 ASpades P2 2Spades 
P1 4Diamonds P2 2Diamonds P3 5Diamonds P0 JDiamonds 
P0 ADiamonds P1 7Diamonds P2 KSpades P3 6Diamonds 
P0 AClubs P1 5Clubs P2 QClubs P3 6Clubs 
P0 2Clubs P1 7Clubs P2 5Hearts P3 JClubs 
P2 3Spades P3 6Spades P0 6Hearts P1 2Hearts 
P0 KClubs P1 3Hearts P2 5Spades P3 KDiamonds 
P1 4Hearts P2 JHearts P3 KHearts P0 3Diamonds 
P3 QDiamonds P0 3Clubs P1 QHearts P2 QSpades 
P1 7Hearts P2 AHearts P3 JSpades P0 4Clubs 
-- /GAME --
P0 HAND: JDiamonds, 5Diamonds, JClubs, QClubs, 7Hearts, KHearts, ASpades, 7Spades, KSpades, QSpades.
P1 HAND: KDiamonds, 2Diamonds, 6Clubs, 5Clubs, 6Hearts, 5Hearts, 3Hearts, JSpades, 5Spades, 2Spades.
P2 HAND: ADiamonds, QDiamonds, 6Diamonds, AClubs, 7Clubs, 4Clubs, 2Clubs, JHearts, QHearts, 6Spades.
P3 HAND: 7Diamonds, 4Diamonds, 3Diamonds, KClubs, 3Clubs, AHearts, 4Hearts, 2Hearts, 4Spades, 3Spades.
P2 ADiamonds P3 3Diamonds P0 JDiamonds P1 2Diamonds 
P2 6Diamonds P3 4Diamonds P0 5Diamonds P1 KDiamonds 
P1 2Spades P2 6Spades P3 3Spades P0 ASpades 
P0 KSpades P1 5Spades P2 QDiamonds P3 4Spades 
P0 QClubs P1 5Clubs P2 2Clubs P3 3Clubs 
P0 JClubs P1 6Clubs P2 4Clubs P3 KClubs 
P3 AHearts P0 KHearts P1 6Hearts P2 QHearts 
P3 2Hearts P0 7Hearts P1 3Hearts P2 JHearts 
P0 7Spades P1 JSpades P2 7Clubs P3 4Hearts 
P2 AClubs P3 7Diamonds P0 QSpades P1 5Hearts 
-- /GAME --
P0 HAND: AClubs, KClubs, QClubs, 6Clubs, KHearts, JHearts, 6Hearts, 5Hearts, 7Spades, KSpades.
P1 HAND: 7Diamonds, 3Diamonds, JClubs, 5Clubs, 2Clubs, 4Hearts, 3Hearts, 2Hearts, QSpades, 5Spades.
P2 HAND: JDiamonds, 6Diamonds, 2Diamonds, 7Clubs, 4Clubs, 3Clubs, AHearts, JSpades, 3Spades, 2Spades.
P3 HAND: ADiamonds, KDiamonds, QDiamonds, 5Diamonds, 4Diamonds, 7Hearts, QHearts, ASpades, 6Spades, 4Spades.

