-- GAME --
P0 HAND: AClubs, 6Clubs, 4Clubs, KHearts, 5Hearts, 4Hearts, 3Hearts, 4Spades, 3Spades, 2Spades.
P1 HAND: 6Diamonds, KClubs, JClubs, 5Clubs, AHearts, QHearts, 2Hearts, 7Spades, JSpades, 5Spades.
P2 HAND: ADiamonds, JDiamonds, QDiamonds, 5Diamonds, 4Diamonds, 2Diamonds, 7Clubs, 2Clubs, JHearts, QSpades.
P3 HAND: 7Diamonds, KDiamonds, 3Diamonds, QClubs, 3Clubs, 7Hearts, 6Hearts, ASpades, KSpades, 6Spades.
P0 2Spades P1 5Spades P2 QSpades P3 ASpades 
P3 3Diamonds P0 3Spades P1 6Diamonds P2 ADiamonds 
P2 2Diamonds P3 KDiamonds P0 4Clubs P1 2Hearts 
P0 4Spades P1 JSpades P2 4Diamonds P3 KSpades 
P3 6Hearts P0 3Hearts P1 AHearts P2 JHearts 
P1 QHearts P2 5Diamonds P3 7Hearts P0 4Hearts 
P3 6Spades P0 5Hearts P1 7Spades P2 2Clubs 
P2 QDiamonds P3 7Diamonds P0 AClubs P1 5Clubs 
P0 KHearts P1 JClubs P2 7Clubs P3 3Clubs 
P2 JDiamonds P3 QClubs P0 6Clubs P1 KClubs 
-- /GAME --
P0 HAND: 4Diamonds, 2Diamonds, QClubs, 5Clubs, 2Clubs, QHearts, 5Hearts, 3Hearts, KSpades, 2Spades.
P1 HAND: KDiamonds, 6Diamonds, 5Diamonds, 3Diamonds, JClubs, 6Clubs, KHearts, JSpades, QSpades, 6Spades.
P2 HAND: ADiamonds, JDiamonds, QDiamonds, 4Clubs, 3Clubs, 7Hearts, JHearts, 4Hearts, 7Spades, 3Spades.
P3 HAND: 7Diamonds, AClubs, 7Clubs, KClubs, AHearts, 6Hearts, 2Hearts, ASpades, 5Spades, 4Spades.
P3 AClubs P0 2Clubs P1 JClubs P2 3Clubs 
P3 AHearts P0 3Hearts P1 KHearts P2 4Hearts 
P3 2Hearts P0 5Hearts P1 3Diamonds P2 7Hearts 
P2 ADiamonds P3 7Diamonds P0 2Diamonds P1 5Diamonds 
P2 4Clubs P3 KClubs P0 5Clubs P1 6Clubs 
P3 6Hearts P0 QHearts P1 6Diamonds P2 JHearts 
P2 QDiamonds P3 4Spades P0 4Diamonds P1 KDiamonds 
P3 5Spades P0 2Spades P1 6Spades P2 3Spades 
P1 QSpades P2 7Spades P3 ASpades P0 KSpades 
P3 7Clubs P0 QClubs P1 JSpades P2 JDiamonds 
-- /GAME --
P0 HAND: QDiamonds, 4Diamonds, AClubs, 7Clubs, 5Clubs, 7Hearts, KHearts, 7Spades, KSpades, QSpades.
P1 HAND: ADiamonds, 7Diamonds, KDiamonds, 3Diamonds, 4Clubs, 3Clubs, 2Clubs, AHearts, ASpades, 3Spades.
P2 HAND: 5Diamonds, KClubs, JClubs, 6Hearts, 5Hearts, 3Hearts, 2Hearts, JSpades, 5Spades, 4Spades.
P3 HAND: JDiamonds, 6Diamonds, 2Diamonds, QClubs, 6Clubs, JHearts, QHearts, 4Hearts, 6Spades, 2Spades.
P2 2Hearts P3 4Hearts P0 KHearts P1 AHearts 
P1 ADiamonds P2 5Diamonds P3 JDiamonds P0 4Diamonds 
P1 ASpades P2 4Spades P3 6Spades P0 QSpades 
P1 3Diamonds P2 3Hearts P3 2Diamonds P0 QDiamonds 
P0 7Hearts P1 2Clubs P2 5Hearts P3 JHearts 
P1 3Spades P2 5Spades P3 2Spades P0 7Spades 
P0 KSpades P1 3Clubs P2 JSpades P3 QHearts 
P1 4Clubs P2 JClubs P3 6Clubs P0 5Clubs 
P2 6Hearts P3 6Diamonds P0 7Clubs P1 KDiamonds 
P0 AClubs P1 7Diamonds P2 KClubs P3 QClubs 
-- /GAME --
P0 HAND: 7Diamonds, 5Diamonds, AClubs, 7Clubs, 5Clubs, KHearts, 6Hearts, 7Spades, 4Spades, 2Spades.
P1 HAND: KDiamonds, JDiamonds, 2Diamonds, JClubs, 4Clubs, 2Hearts, ASpades, KSpades, 6Spades, 5Spades.
P2 HAND: ADiamonds, 6Clubs, 3Clubs, 2Clubs, AHearts, JHearts, QHearts, 5Hearts, 4Hearts, 3Spades.
P3 HAND: QDiamonds, 6Diamonds, 4Diamonds, 3Diamonds, KClubs, QClubs, 7Hearts, 3Hearts, JSpades, QSpades.
P1 ASpades P2 3Spades P3 JSpades P0 2Spades 
P1 2Hearts P2 AHearts P3 3Hearts P0 6Hearts 
P2 2Clubs P3 QClubs P0 AClubs P1 4Clubs 
P0 7Clubs P1 JClubs P2 6Clubs P3 KClubs 
P0 4Spades P1 5Spades P2 3Clubs P3 QSpades 
P3 3Diamonds P0 5Diamonds P1 2Diamonds P2 ADiamonds 
P2 4Hearts P3 7Hearts P0 KHearts P1 KSpades 
P3 4Diamonds P0 7Diamonds P1 JDiamonds P2 JHearts 
P0 5Clubs P1 6Spades P2 5Hearts P3 6Diamonds 
P3 QDiamonds P0 7Spades P1 KDiamonds P2 QHearts 
-- /GAME --
P0 HAND: KDiamonds, QDiamonds, 7Clubs, 6Clubs, 3Clubs, AHearts, 3Hearts, QSpades, 3Spades, 2Spades.
P1 HAND: JDiamonds, 6Diamonds, 5Diamonds, 4Diamonds, AClubs, QClubs, 5Clubs, JHearts, 6Hearts, ASpades.
P2 HAND: 7Diamonds, 3Diamonds, 2Diamonds, KClubs, 2Clubs, 7Hearts, KHearts, QHearts, 2Hearts, JSpades.
P3 HAND: ADiamonds, JClubs, 4Clubs, 5Hearts, 4Hearts, 7Spades, KSpades, 6Spades, 5Spades, 4Spades.
P0 AHearts P1 6Hearts P2 7Hearts P3 4Hearts 
P0 2Spades P1 ASpades P2 JSpades P3 7Spades 
P1 4Diamonds P2 2Diamonds P3 ADiamonds P0 QDiamonds 
P3 4Spades P0 QSpades P1 5Diamonds P2 7Diamonds 
P0 KDiamonds P1 6Diamonds P2 3Diamonds P3 5Hearts 
P0 3Spades P1 5Clubs P2 2Hearts P3 KSpades 
P1 JDiamonds P2 QHearts P3 4Clubs P0 6Clubs 
P0 3Clubs P1 QClubs P2 2Clubs P3 JClubs 
P3 5Spades P0 7Clubs P1 AClubs P2 KHearts 
P1 JHearts P2 KClubs P3 6Spades P0 3Hearts 
-- /GAME --
P0 HAND: ADiamonds, 6Diamonds, KClubs, QClubs, 4Clubs, 3Clubs, 7Hearts, QHearts, 3Hearts, 6Spades.
P1 HAND: 7Diamonds, QDiamonds, 3Diamonds, AClubs, JClubs, 2Clubs, KHearts, 7Spades, JSpades, 4Spades.
P2 HAND: KDiamonds, JDiamonds, 5Diamonds, 2Diamonds, 5Clubs, JHearts, 6Hearts, 5Hearts, 4Hearts, 2Spades.
P3 HAND: 4Diamonds, 7Clubs, 6Clubs, AHearts, 2Hearts, ASpades, KSpades, QSpades, 5Spades, 3Spades.
P3 AHearts P0 3Hearts P1 KHearts P2 4Hearts 
P3 2Hearts P0 7Hearts P1 3Diamonds P2 5Hearts 
P1 AClubs P2 5Clubs P3 7Clubs P0 3Clubs 
P1 2Clubs P2 2Spades P3 6Clubs P0 KClubs 
P0 QClubs P1 JClubs P2 2Diamonds P3 4Diamonds 
P3 3Spades P0 6Spades P1 4Spades P2 JHearts 
P0 QHearts P1 QDiamonds P2 6Hearts P3 ASpades 
P1 JSpades P2 5Diamonds P3 5Spades P0 4Clubs 
P2 JDiamonds P3 QSpades P0 6Diamonds P1 7Diamonds 
P1 7Spades P2 KDiamonds P3 KSpades P0 ADiamonds 
-- /GAME --
P0 HAND: QDiamonds, 4Diamonds, 7Clubs, KClubs, 5Clubs, 4Clubs, KHearts, QHearts, 5Hearts, KSpades.
P1 HAND: JDiamonds, 6Diamonds, 3Diamonds, AHearts, 7Hearts, JHearts, 3Hearts, 2Hearts, 4Spades, 2Spades.
P2 HAND: ADiamonds, 7Diamonds, 5Diamonds, 2Diamonds, AClubs, 6Clubs, 3Clubs, 4Hearts, QSpades, 5Spades.
P3 HAND: KDiamonds, JClubs, QClubs, 2Clubs, 6Hearts, ASpades, 7Spades, JSpades, 6Spades, 3Spades.
P2 ADiamonds P3 KDiamonds P0 QDiamonds P1 3Diamonds 
P2 AClubs P3 2Clubs P0 7Clubs P1 2Hearts 
P1 2Spades P2 5Spades P3 ASpades P0 KSpades 
P3 3Spades P0 KClubs P1 4Spades P2 QSpades 
P2 2Diamonds P3 6Spades P0 4Diamonds P1 JDiamonds 
P1 6Diamonds P2 5Diamonds P3 QClubs P0 5Hearts 
P0 4Clubs P1 3Hearts P2 3Clubs P3 JClubs 
P1 JHearts P2 4Hearts P3 6Hearts P0 KHearts 
P0 5Clubs P1 7Hearts P2 6Clubs P3 7Spades 
P1 AHearts P2 7Diamonds P3 JSpades P0 QHearts 
-- /GAME --
P0 HAND: 7Diamonds, 2Diamonds, AClubs, 7Clubs, QClubs, 5Clubs, 4Hearts, ASpades, QSpades, 2Spades.
P1 HAND: ADiamonds, KDiamonds, QDiamonds, 6Clubs, 2Clubs, AHearts, JHearts, 7Spades, JSpades, 4Spades.
P2 HAND: JDiamonds, 6Diamonds, 4Diamonds, 3Diamonds, KClubs, 3Clubs, 7Hearts, KHearts, KSpades, 5Spades.
P3 HAND: 5Diamonds, JClubs, 4Clubs, QHearts, 6Hearts, 5Hearts, 3Hearts, 2Hearts, 6Spades, 3Spades.
P1 ADiamonds P2 3Diamonds P3 5Diamonds P0 2Diamonds 
P1 AHearts P2 KHearts P3 QHearts P0 4Hearts 
P1 2Clubs P2 3Clubs P3 4Clubs P0 AClubs 
P0 7Clubs P1 6Clubs P2 KClubs P3 JClubs 
P0 7Diamonds P1 QDiamonds P2 4Diamonds P3 3Spades 
P3 2Hearts P0 5Clubs P1 JHearts P2 7Hearts 
P2 6Diamonds P3 3Hearts P0 QClubs P1 KDiamonds 
P1 4Spades P2 5Spades P3 6Spades P0 2Spades 
P3 5Hearts P0 QSpades P1 JSpades P2 KSpades 
P2 JDiamonds P3 6Hearts P0 ASpades P1 7Spades 
-- /GAME --
P0 HAND: QDiamonds, 6Diamonds, 5Diamonds, 4Diamonds, 3Diamonds, 6Clubs, 6Hearts, 3Hearts, JSpades, 4Spades.
P1 HAND: KDiamonds, JDiamonds, 2Diamonds, KClubs, JClubs, 2Clubs, AHearts, 5Hearts, KSpades, 6Spades.
P2 HAND: 7Diamonds, 5Clubs, 4Clubs, 3Clubs, 7Hearts, QHearts, 4Hearts, ASpades, 5Spades, 2Spades.
P3 HAND: ADiamonds, AClubs, 7Clubs, QClubs, KHearts, JHearts, 2Hearts, 7Spades, QSpades, 3Spades.
P0 3Diamonds P1 2Diamonds P2 7Diamonds P3 ADiamonds 
P3 2Hearts P0 3Hearts P1 AHearts P2 4Hearts 
P1 5Hearts P2 QHearts P3 JHearts P0 6Hearts 
P3 3Spades P0 4Spades P1 6Spades P2 ASpades 
P2 2Spades P3 QSpades P0 JSpades P1 KSpades 
P1 JDiamonds P2 5Spades P3 QClubs P0 4Diamonds 
P3 7Clubs P0 6Clubs P1 2Clubs P2 3Clubs 
P3 AClubs P0 5Diamonds P1 JClubs P2 4Clubs 
P3 KHearts P0 6Diamonds P1 KClubs P2 7Hearts 
P1 KDiamonds P2 5Clubs P3 7Spades P0 QDiamonds 
-- /GAME --
P0 HAND: KDiamonds, 3Diamonds, AClubs, KClubs, 4Clubs, 3Clubs, AHearts, KHearts, JHearts, 6Hearts.
P1 HAND: ADiamonds, 6Diamonds, 5Diamonds, 7Clubs, 2Clubs, 7Hearts, 5Hearts, 4Hearts, KSpades, 6Spades.
P2 HAND: 7Diamonds, JDiamonds, 4Diamonds, 5Clubs, QHearts, 3Hearts, 2Hearts, 7Spades, 3Spades, 2Spades.
P3 HAND: QDiamonds, 2Diamonds, JClubs, QClubs, 6Clubs, ASpades, JSpades, QSpades, 5Spades, 4Spades.
P3 2Diamonds P0 KDiamonds P1 ADiamonds P2 4Diamonds 
P1 4Hearts P2 2Hearts P3 4Spades P0 AHearts 
P0 3Diamonds P1 5Diamonds P2 7Diamonds P3 QDiamonds 
P2 2Spades P3 ASpades P0 AClubs P1 6Spades 
P0 6Hearts P1 7Hearts P2 3Hearts P3 JSpades 
P1 5Hearts P2 QHearts P3 5Spades P0 KHearts 
P0 JHearts P1 6Diamonds P2 3Spades P3 QSpades 
P0 3Clubs P1 2Clubs P2 5Clubs P3 6Clubs 
P3 QClubs P0 KClubs P1 7Clubs P2 JDiamonds 
P1 KSpades P2 7Spades P3 JClubs P0 4Clubs 
-- /GAME --
P0 HAND: KDiamonds, QDiamonds, 6Diamonds, 5Clubs, AHearts, 7Hearts, ASpades, KSpades, QSpades, 5Spades.
P1 HAND: ADiamonds, JDiamonds, 4Diamonds, 3Diamonds, AClubs, 7Clubs, 4Clubs, 3Clubs, 6Hearts, 6Spades.
P2 HAND: 7Diamonds, 2Diamonds, KClubs, QClubs, 2Clubs, KHearts, 4Hearts, 7Spades, JSpades, 2Spades.
P3 HAND: 5Diamonds, JClubs, 6Clubs, JHearts, QHearts, 5Hearts, 3Hearts, 2Hearts, 4Spades, 3Spades.
P0 ASpades P1 6Spades P2 7Spades P3 3Spades 
P0 5Clubs P1 AClubs P2 2Clubs P3 JClubs 
P1 ADiamonds P2 2Diamonds P3 5Diamonds P0 6Diamonds 
P1 3Diamonds P2 7Diamonds P3 2Hearts P0 QDiamonds 
P3 4Spades P0 KSpades P1 3Clubs P2 JSpades 
P0 QSpades P1 4Diamonds P2 2Spades P3 6Clubs 
P0 5Spades P1 4Clubs P2 QClubs P3 3Hearts 
P3 5Hearts P0 7Hearts P1 6Hearts P2 4Hearts 
P0 KDiamonds P1 JDiamonds P2 KHearts P3 QHearts 
P2 KClubs P3 JHearts P0 AHearts P1 7Clubs 
-- /GAME --
P0 HAND: ADiamonds, 7Diamonds, QDiamonds, 3Diamonds, JClubs, 5Clubs, 2Clubs, KHearts, 2Hearts, 3Spades.
P1 HAND: 6Diamonds, 4Diamonds, QClubs, 4Clubs, 3Clubs, 7Hearts, JHearts, 6Hearts, 4Hearts, JSpades.
P2 HAND: KDiamonds, JDiamonds, 2Diamonds, KClubs, 6Clubs, QHearts, 3Hearts, ASpades, 5Spades, 4Spades.
P3 HAND: 5Diamonds, AClubs, 7Clubs, AHearts, 5Hearts, 7Spades, KSpades, QSpades, 6Spades, 2Spades.
P3 AClubs P0 2Clubs P1 QClubs P2 6Clubs 
P3 2Spades P0 3Spades P1 JSpades P2 ASpades 
P2 2Diamonds P3 5Diamonds P0 3Diamonds P1 6Diamonds 
P1 3Clubs P2 KClubs P3 7Clubs P0 5Clubs 
P3 6Spades P0 2Hearts P1 4Diamonds P2 5Spades 
P0 ADiamonds P1 4Hearts P2 JDiamonds P3 7Spades 
P1 4Clubs P2 4Spades P3 QSpades P0 JClubs 
P0 QDiamonds P1 6Hearts P2 KDiamonds P3 KSpades 
P1 JHearts P2 3Hearts P3 5Hearts P0 KHearts 
P0 7Diamonds P1 7Hearts P2 QHearts P3 AHearts 
-- /GAME --
P0 HAND: 3Diamonds, 7Clubs, KClubs, 4Clubs, JHearts, ASpades, KSpades, 5Spades, 4Spades, 2Spades.
P1 HAND: JDiamonds, 5Diamonds, 2Diamonds, JClubs, 6Clubs, 5Clubs, KHearts, 4Hearts, 3Hearts, 3Spades.
P2 HAND: ADiamonds, QDiamonds, 6Diamonds, 4Diamonds, AClubs, QClubs, 2Clubs, 7Spades, JSpades, 6Spades.
P3 HAND: 7Diamonds, KDiamonds, 3Clubs, AHearts, 7Hearts, QHearts, 6Hearts, 5Hearts, 2Hearts, QSpades.
P2 ADiamonds P3 KDiamonds P0 3Diamonds P1 2Diamonds 
P2 AClubs P3 3Clubs P0 7Clubs P1 5Clubs 
P2 2Clubs P3 QSpades P0 KClubs P1 6Clubs 
P0 4Clubs P1 JClubs P2 QClubs P3 7Diamonds 
P1 3Spades P2 6Spades P3 2Hearts P0 2Spades 
P3 5Hearts P0 JHearts P1 3Hearts P2 7Spades 
P0 4Spades P1 5Diamonds P2 JSpades P3 6Hearts 
P3 QHearts P0 5Spades P1 4Hearts P2 4Diamonds 
P3 7Hearts P0 KSpades P1 KHearts P2 6Diamonds 
P3 AHearts P0 ASpades P1 JDiamonds P2 QDiamonds 
-- /GAME --
P0 HAND: 7Diamonds, JDiamonds, 6Diamonds, AClubs, KClubs, 5Clubs, 4Clubs, 3Clubs, 4Hearts, 2Hearts.
P1 HAND: 3Diamonds, 2Diamonds, 7Clubs, KHearts, 3Hearts, 7Spades, KSpades, JSpades, 6Spades, 5Spades.
P2 HAND: KDiamonds, JClubs, 6Clubs, 2Clubs, AHearts, JHearts, 6Hearts, ASpades, QSpades, 3Spades.
P3 HAND: ADiamonds, QDiamonds, 5Diamonds, 4Diamonds, QClubs, 7Hearts, QHearts, 5Hearts, 4Spades, 2Spades.

