-- GAME --
P0 HAND: ADiamonds, 7Diamonds, QDiamonds, 3Diamonds, QClubs, JHearts, 6Hearts, 5Hearts, 4Hearts, ASpades.
P1 HAND: KDiamonds, 6Diamonds, JClubs, 4Clubs, 2Clubs, KHearts, 2Hearts, KSpades, 3Spades, 2Spades.
P2 HAND: JDiamonds, 7Clubs, KClubs, 6Clubs, 7Hearts, QHearts, 3Hearts, 6Spades, 5Spades, 4Spades.
P3 HAND: 5Diamonds, 4Diamonds, 2Diamonds, AClubs, 5Clubs, 3Clubs, AHearts, 7Spades, JSpades, QSpades.
P2 3Hearts P3 AHearts P0 4Hearts P1 KHearts 
P3 AClubs P0 QClubs P1 JClubs P2 6Clubs 
P3 3Clubs P0 5Hearts P1 2Clubs P2 7Clubs 
P2 4Spades P3 QSpades P0 ASpades P1 2Spades 
P0 ADiamonds P1 6Diamonds P2 JDiamonds P3 2Diamonds 
P0 7Diamonds P1 KDiamonds P2 7Hearts P3 4Diamonds 
P0 QDiamonds P1 2Hearts P2 KClubs P3 5Diamonds 
P0 6Hearts P1 3Spades P2 QHearts P3 5Clubs 
P2 5Spades P3 JSpades P0 3Diamonds P1 KSpades 
P0 JHearts P1 4Clubs P2 6Spades P3 7Spades 
-- /GAME --
P0 HAND: ADiamonds, 5Diamonds, 4Diamonds, 7Clubs, QClubs, 4Clubs, 2Clubs, JHearts, QHearts, ASpades.
P1 HAND: KDiamonds, 6Diamonds, 2Diamonds, AClubs, 6Clubs, 3Clubs, 4Hearts, 2Hearts, 7Spades, 3Spades.
P2 HAND: JDiamonds, 5Clubs, AHearts, KHearts, 6Hearts, 5Hearts, 3Hearts, KSpades, QSpades, 4Spades.
P3 HAND: 7Diamonds, QDiamonds, 3Diamonds, KClubs, JClubs, 7Hearts, JSpades, 6Spades, 5Spades, 2Spades.
P1 AClubs P2 5Clubs P3 KClubs P0 2Clubs 
P1 2Hearts P2 AHearts P3 7Hearts P0 JHearts 
P2 3Hearts P3 2Spades P0 QHearts P1 4Hearts 
P0 ASpades P1 3Spades P2 KSpades P3 5Spades 
P0 7Clubs P1 3Clubs P2 KHearts P3 JClubs 
P0 QClubs P1 6Clubs P2 4Spades P3 6Spades 
P0 4Clubs P1 2Diamonds P2 5Hearts P3 JSpades 
P1 6Diamonds P2 JDiamonds P3 3Diamonds P0 4Diamonds 
P2 6Hearts P3 QDiamonds P0 5Diamonds P1 7Spades 
P3 7Diamonds P0 ADiamonds P1 KDiamonds P2 QSpades 
-- /GAME --
P0 HAND: ADiamonds, 7Diamonds, JDiamonds, 6Diamonds, 6Clubs, 2Clubs, JHearts, 4Hearts, ASpades, 4Spades.
P1 HAND: KDiamonds, 3Diamonds, JClubs, KHearts, 6Hearts, 2Hearts, KSpades, JSpades, 3Spades, 2Spades.
P2 HAND: 7Clubs, KClubs, QClubs, 5Clubs, 4Clubs, 3Clubs, AHearts, 7Hearts, QHearts, 6Spades.
P3 HAND: QDiamonds, 5Diamonds, 4Diamonds, 2Diamonds, AClubs, 5Hearts, 3Hearts, 7Spades, QSpades, 5Spades.
P0 ADiamonds P1 3Diamonds P2 AHearts P3 2Diamonds 
P0 7Diamonds P1 KDiamonds P2 7Clubs P3 4Diamonds 
P0 JDiamonds P1 2Hearts P2 7Hearts P3 5Diamonds 
P0 6Diamonds P1 6Hearts P2 3Clubs P3 QDiamonds 
P3 AClubs P0 2Clubs P1 JClubs P2 4Clubs 
P3 3Hearts P0 JHearts P1 KHearts P2 QHearts 
P1 2Spades P2 6Spades P3 5Spades P0 4Spades 
P2 5Clubs P3 5Hearts P0 6Clubs P1 3Spades 
P1 JSpades P2 QClubs P3 QSpades P0 ASpades 
P0 4Hearts P1 KSpades P2 KClubs P3 7Spades 
-- /GAME --
P0 HAND: 5Diamonds, AClubs, KClubs, QClubs, AHearts, 6Hearts, 5Hearts, 4Hearts, 2Hearts, JSpades.
P1 HAND: 2Diamonds, 6Clubs, 5Clubs, 4Clubs, 2Clubs, KHearts, JHearts, 6Spades, 5Spades, 2Spades.
P2 HAND: KDiamonds, JDiamonds, 6Diamonds, 3Diamonds, 3Clubs, 7Hearts, QHearts, KSpades, 4Spades, 3Spades.
P3 HAND: ADiamonds, 7Diamonds, QDiamonds, 4Diamonds, 7Clubs, JClubs, 3Hearts, ASpades, 7Spades, QSpades.
P3 ASpades P0 JSpades P1 6Spades P2 3Spades 
P3 3Hearts P0 AHearts P1 JHearts P2 7Hearts 
P0 AClubs P1 2Clubs P2 3Clubs P3 JClubs 
P0 2Hearts P1 KHearts P2 QHearts P3 7Clubs 
P1 2Spades P2 4Spades P3 7Spades P0 5Diamonds 
P0 KClubs P1 4Clubs P2 KSpades P3 4Diamonds 
P3 QSpades P0 4Hearts P1 5Spades P2 3Diamonds 
P2 6Diamonds P3 QDiamonds P0 5Hearts P1 2Diamonds 
P3 7Diamonds P0 6Hearts P1 5Clubs P2 JDiamonds 
P3 ADiamonds P0 QClubs P1 6Clubs P2 KDiamonds 
-- /GAME --
P0 HAND: 7Diamonds, AClubs, 6Clubs, 5Clubs, 2Clubs, AHearts, 6Hearts, QSpades, 4Spades, 3Spades.
P1 HAND: JDiamonds, 6Diamonds, 3Diamonds, 7Clubs, 3Clubs, KHearts, 2Hearts, ASpades, KSpades, 6Spades.
P2 HAND: ADiamonds, KDiamonds, 2Diamonds, JClubs, QClubs, JHearts, 4Hearts, 3Hearts, JSpades, 2Spades.
P3 HAND: QDiamonds, 5Diamonds, 4Diamonds, KClubs, 4Clubs, 7Hearts, QHearts, 5Hearts, 7Spades, 5Spades.

