-- GAME --
P0 HAND: KDiamonds, 6Diamonds, 6Clubs, 5Clubs, 2Clubs, AHearts, 2Hearts, ASpades, 6Spades, 4Spades.
P1 HAND: 7Diamonds, JDiamonds, QDiamonds, 5Diamonds, 7Clubs, KClubs, 4Clubs, 7Hearts, QHearts, 3Spades.
P2 HAND: 2Diamonds, AClubs, QClubs, KHearts, 5Hearts, 4Hearts, 7Spades, KSpades, JSpades, 5Spades.
P3 HAND: ADiamonds, 4Diamonds, 3Diamonds, JClubs, 3Clubs, JHearts, 6Hearts, 3Hearts, QSpades, 2Spades.
P1 3Spades P2 5Spades P3 2Spades P0 ASpades 
P0 6Diamonds P1 5Diamonds P2 2Diamonds P3 ADiamonds 
P3 3Diamonds P0 KDiamonds P1 QDiamonds P2 AClubs 
P0 4Spades P1 4Clubs P2 7Spades P3 QSpades 
P2 QClubs P3 3Clubs P0 2Clubs P1 7Clubs 
P1 JDiamonds P2 4Hearts P3 4Diamonds P0 6Spades 
P2 JSpades P3 3Hearts P0 5Clubs P1 7Diamonds 
P3 JClubs P0 6Clubs P1 KClubs P2 5Hearts 
P2 KHearts P3 6Hearts P0 2Hearts P1 QHearts 
P2 KSpades P3 JHearts P0 AHearts P1 7Hearts 
-- /GAME --
P0 HAND: KDiamonds, 6Diamonds, 5Diamonds, 7Clubs, KClubs, JHearts, 2Hearts, 7Spades, JSpades, 5Spades.
P1 HAND: JDiamonds, QDiamonds, 6Clubs, 5Clubs, QHearts, 4Hearts, KSpades, QSpades, 6Spades, 3Spades.
P2 HAND: 7Diamonds, 2Diamonds, JClubs, QClubs, 2Clubs, 7Hearts, KHearts, 5Hearts, 4Spades, 2Spades.
P3 HAND: ADiamonds, 4Diamonds, 3Diamonds, AClubs, 4Clubs, 3Clubs, AHearts, 6Hearts, 3Hearts, ASpades.
P0 KClubs P1 5Clubs P2 2Clubs P3 AClubs 
P3 AHearts P0 2Hearts P1 QHearts P2 5Hearts 
P3 ASpades P0 5Spades P1 KSpades P2 2Spades 
P3 3Clubs P0 7Clubs P1 6Clubs P2 JClubs 
P0 JHearts P1 4Hearts P2 7Hearts P3 3Hearts 
P2 4Spades P3 4Clubs P0 7Spades P1 3Spades 
P0 JSpades P1 6Spades P2 QClubs P3 3Diamonds 
P3 6Hearts P0 KDiamonds P1 QSpades P2 KHearts 
P0 5Diamonds P1 QDiamonds P2 2Diamonds P3 4Diamonds 
P1 JDiamonds P2 7Diamonds P3 ADiamonds P0 6Diamonds 
-- /GAME --
P0 HAND: 6Diamonds, 3Diamonds, AClubs, 7Clubs, KClubs, KHearts, 2Hearts, 7Spades, KSpades, 5Spades.
P1 HAND: 7Diamonds, KDiamonds, QClubs, 2Clubs, JHearts, 3Hearts, ASpades, QSpades, 6Spades, 3Spades.
P2 HAND: ADiamonds, JDiamonds, 2Diamonds, 5Clubs, 4Clubs, 7Hearts, QHearts, 6Hearts, JSpades, 2Spades.
P3 HAND: QDiamonds, 5Diamonds, 4Diamonds, JClubs, 6Clubs, 3Clubs, AHearts, 5Hearts, 4Hearts, 4Spades.
P3 AHearts P0 2Hearts P1 JHearts P2 6Hearts 
P3 3Clubs P0 AClubs P1 2Clubs P2 5Clubs 
P0 7Clubs P1 QClubs P2 4Clubs P3 6Clubs 
P0 KClubs P1 3Hearts P2 2Spades P3 JClubs 
P0 KHearts P1 3Spades P2 7Hearts P3 4Hearts 
P2 QHearts P3 5Hearts P0 5Spades P1 6Spades 
P2 JSpades P3 4Spades P0 7Spades P1 ASpades 
P1 QSpades P2 2Diamonds P3 4Diamonds P0 KSpades 
P3 5Diamonds P0 3Diamonds P1 KDiamonds P2 JDiamonds 
P1 7Diamonds P2 ADiamonds P3 QDiamonds P0 6Diamonds 
-- /GAME --
P0 HAND: ADiamonds, 5Clubs, 2Clubs, 5Hearts, 4Hearts, 2Hearts, ASpades, 7Spades, JSpades, 3Spades.
P1 HAND: KDiamonds, JDiamonds, 5Diamonds, 4Diamonds, 2Diamonds, 7Clubs, JClubs, 4Clubs, JHearts, QHearts.
P2 HAND: 6Diamonds, KClubs, 6Clubs, AHearts, 7Hearts, KHearts, QSpades, 6Spades, 5Spades, 2Spades.
P3 HAND: 7Diamonds, QDiamonds, 3Diamonds, AClubs, QClubs, 3Clubs, 6Hearts, 3Hearts, KSpades, 4Spades.
P2 2Spades P3 4Spades P0 ASpades P1 QHearts 
P1 2Diamonds P2 6Diamonds P3 3Diamonds P0 ADiamonds 
P0 7Spades P1 JHearts P2 5Spades P3 KSpades 
P1 4Diamonds P2 6Clubs P3 7Diamonds P0 2Hearts 
P0 JSpades P1 4Clubs P2 6Spades P3 3Clubs 
P0 3Spades P1 5Diamonds P2 QSpades P3 QDiamonds 
P2 KHearts P3 3Hearts P0 4Hearts P1 JDiamonds 
P2 7Hearts P3 6Hearts P0 5Hearts P1 JClubs 
P2 AHearts P3 QClubs P0 2Clubs P1 KDiamonds 
P2 KClubs P3 AClubs P0 5Clubs P1 7Clubs 
-- /GAME --
P0 HAND: 7Diamonds, KDiamonds, JDiamonds, 6Diamonds, 5Diamonds, 5Clubs, 2Clubs, JHearts, 5Hearts, 4Spades.
P1 HAND: 2Diamonds, QClubs, AHearts, 7Hearts, QHearts, 4Hearts, JSpades, QSpades, 5Spades, 3Spades.
P2 HAND: QDiamonds, 4Diamonds, AClubs, KClubs, 3Clubs, KHearts, 6Hearts, ASpades, 6Spades, 2Spades.
P3 HAND: ADiamonds, 3Diamonds, 7Clubs, JClubs, 6Clubs, 4Clubs, 3Hearts, 2Hearts, 7Spades, KSpades.
P1 2Diamonds P2 4Diamonds P3 ADiamonds P0 5Diamonds 
P3 3Diamonds P0 7Diamonds P1 4Hearts P2 QDiamonds 
P1 3Spades P2 ASpades P3 KSpades P0 4Spades 
P2 AClubs P3 4Clubs P0 2Clubs P1 QClubs 
P2 2Spades P3 7Spades P0 JHearts P1 5Spades 
P0 5Clubs P1 QSpades P2 3Clubs P3 7Clubs 
P3 6Clubs P0 5Hearts P1 QHearts P2 KClubs 
P1 JSpades P2 6Spades P3 2Hearts P0 6Diamonds 
P3 JClubs P0 JDiamonds P1 7Hearts P2 6Hearts 
P1 AHearts P2 KHearts P3 3Hearts P0 KDiamonds 
-- /GAME --
P0 HAND: ADiamonds, JDiamonds, 7Clubs, KClubs, 3Clubs, 2Clubs, 7Hearts, QHearts, 2Hearts, QSpades.
P1 HAND: QDiamonds, 2Diamonds, JClubs, 5Clubs, 4Clubs, JSpades, 6Spades, 5Spades, 4Spades, 3Spades.
P2 HAND: 7Diamonds, 3Diamonds, AClubs, QClubs, 6Clubs, KHearts, 6Hearts, 3Hearts, 7Spades, 2Spades.
P3 HAND: KDiamonds, 6Diamonds, 5Diamonds, 4Diamonds, AHearts, JHearts, 5Hearts, 4Hearts, ASpades, KSpades.
P0 QSpades P1 3Spades P2 2Spades P3 ASpades 
P3 AHearts P0 2Hearts P1 JClubs P2 3Hearts 
P3 4Hearts P0 7Hearts P1 2Diamonds P2 6Hearts 
P1 4Clubs P2 AClubs P3 4Diamonds P0 2Clubs 
P3 5Hearts P0 QHearts P1 4Spades P2 KHearts 
P2 6Clubs P3 5Diamonds P0 3Clubs P1 5Clubs 
P3 JHearts P0 KClubs P1 QDiamonds P2 7Diamonds 
P2 QClubs P3 6Diamonds P0 7Clubs P1 JSpades 
P3 KDiamonds P0 ADiamonds P1 5Spades P2 3Diamonds 
P0 JDiamonds P1 6Spades P2 7Spades P3 KSpades 
-- /GAME --
P0 HAND: ADiamonds, JDiamonds, 3Clubs, 2Clubs, KHearts, QHearts, 4Hearts, 2Hearts, 3Spades, 2Spades.
P1 HAND: 2Diamonds, AHearts, 6Hearts, 5Hearts, 3Hearts, ASpades, 7Spades, JSpades, 6Spades, 5Spades.
P2 HAND: 7Diamonds, KDiamonds, QDiamonds, 5Diamonds, 3Diamonds, 7Clubs, JClubs, 6Clubs, 5Clubs, QSpades.
P3 HAND: 6Diamonds, 4Diamonds, AClubs, KClubs, QClubs, 4Clubs, 7Hearts, JHearts, KSpades, 4Spades.
P3 AClubs P0 2Clubs P1 AHearts P2 5Clubs 
P3 7Hearts P0 2Hearts P1 6Hearts P2 3Diamonds 
P2 6Clubs P3 4Clubs P0 3Clubs P1 3Hearts 
P2 QSpades P3 4Spades P0 2Spades P1 ASpades 
P1 5Hearts P2 5Diamonds P3 JHearts P0 KHearts 
P2 JClubs P3 QClubs P0 3Spades P1 2Diamonds 
P1 5Spades P2 QDiamonds P3 KSpades P0 QHearts 
P2 KDiamonds P3 4Diamonds P0 JDiamonds P1 6Spades 
P2 7Diamonds P3 6Diamonds P0 ADiamonds P1 JSpades 
P0 4Hearts P1 7Spades P2 7Clubs P3 KClubs 
-- /GAME --
P0 HAND: 7Diamonds, JDiamonds, QDiamonds, 6Diamonds, 4Diamonds, 3Clubs, 2Clubs, 6Hearts, 5Spades, 4Spades.
P1 HAND: ADiamonds, KDiamonds, AClubs, 7Clubs, QClubs, 5Clubs, 5Hearts, 2Hearts, KSpades, 3Spades.
P2 HAND: 3Diamonds, 2Diamonds, KClubs, 4Clubs, AHearts, JHearts, ASpades, QSpades, 6Spades, 2Spades.
P3 HAND: 5Diamonds, JClubs, 6Clubs, 7Hearts, KHearts, QHearts, 4Hearts, 3Hearts, 7Spades, JSpades.
P2 AHearts P3 3Hearts P0 6Hearts P1 2Hearts 
P2 ASpades P3 JSpades P0 4Spades P1 3Spades 
P2 2Spades P3 7Spades P0 5Spades P1 KSpades 
P3 4Hearts P0 2Clubs P1 5Hearts P2 JHearts 
P2 4Clubs P3 6Clubs P0 3Clubs P1 AClubs 
P1 5Clubs P2 KClubs P3 JClubs P0 7Diamonds 
P0 4Diamonds P1 KDiamonds P2 2Diamonds P3 5Diamonds 
P1 QClubs P2 6Spades P3 QHearts P0 JDiamonds 
P0 6Diamonds P1 ADiamonds P2 3Diamonds P3 7Hearts 
P1 7Clubs P2 QSpades P3 KHearts P0 QDiamonds 
-- /GAME --
P0 HAND: 6Diamonds, 5Diamonds, AClubs, JClubs, QClubs, 2Clubs, QHearts, 4Hearts, 4Spades, 3Spades.
P1 HAND: KClubs, 4Clubs, 7Hearts, KHearts, 2Hearts, 7Spades, JSpades, QSpades, 6Spades, 5Spades.
P2 HAND: 7Diamonds, KDiamonds, JDiamonds, QDiamonds, 6Clubs, 5Clubs, 3Clubs, 6Hearts, 3Hearts, ASpades.
P3 HAND: ADiamonds, 4Diamonds, 3Diamonds, 2Diamonds, 7Clubs, AHearts, JHearts, 5Hearts, KSpades, 2Spades.
P3 AHearts P0 4Hearts P1 7Hearts P2 3Hearts 
P3 2Spades P0 3Spades P1 5Spades P2 ASpades 
P2 3Clubs P3 7Clubs P0 AClubs P1 4Clubs 
P0 4Spades P1 6Spades P2 5Clubs P3 KSpades 
P3 5Hearts P0 QHearts P1 KHearts P2 6Hearts 
P1 2Hearts P2 6Clubs P3 JHearts P0 5Diamonds 
P0 JClubs P1 KClubs P2 QDiamonds P3 ADiamonds 
P3 2Diamonds P0 6Diamonds P1 QSpades P2 JDiamonds 
P2 KDiamonds P3 3Diamonds P0 QClubs P1 JSpades 
P2 7Diamonds P3 4Diamonds P0 2Clubs P1 7Spades 
-- /GAME --
P0 HAND: ADiamonds, 7Diamonds, 2Diamonds, 7Clubs, QClubs, 3Clubs, 6Hearts, 7Spades, KSpades, 5Spades.
P1 HAND: KDiamonds, QDiamonds, 5Diamonds, AClubs, 5Clubs, 4Clubs, KHearts, JHearts, 2Hearts, 3Spades.
P2 HAND: JDiamonds, 3Diamonds, AHearts, 7Hearts, QHearts, 4Hearts, 3Hearts, JSpades, 4Spades, 2Spades.
P3 HAND: 6Diamonds, 4Diamonds, KClubs, JClubs, 6Clubs, 2Clubs, 5Hearts, ASpades, QSpades, 6Spades.
P2 2Spades P3 ASpades P0 5Spades P1 3Spades 
P3 4Diamonds P0 ADiamonds P1 5Diamonds P2 JDiamonds 
P0 7Diamonds P1 QDiamonds P2 3Diamonds P3 6Diamonds 
P0 7Spades P1 4Clubs P2 4Spades P3 QSpades 
P1 2Hearts P2 AHearts P3 5Hearts P0 6Hearts 
P2 3Hearts P3 6Spades P0 KSpades P1 KHearts 
P1 JHearts P2 4Hearts P3 2Clubs P0 2Diamonds 
P3 6Clubs P0 3Clubs P1 5Clubs P2 QHearts 
P3 JClubs P0 QClubs P1 AClubs P2 JSpades 
P1 KDiamonds P2 7Hearts P3 KClubs P0 7Clubs 
-- /GAME --
P0 HAND: QDiamonds, 3Diamonds, JClubs, QClubs, 2Clubs, 6Hearts, 3Hearts, KSpades, QSpades, 2Spades.
P1 HAND: KDiamonds, 2Diamonds, 7Clubs, KClubs, 4Clubs, 3Clubs, 7Hearts, KHearts, JHearts, QHearts.
P2 HAND: ADiamonds, JDiamonds, 6Diamonds, 5Diamonds, AClubs, 5Hearts, 2Hearts, 6Spades, 5Spades, 3Spades.
P3 HAND: 7Diamonds, 4Diamonds, 6Clubs, 5Clubs, AHearts, 4Hearts, ASpades, 7Spades, JSpades, 4Spades.
P1 2Diamonds P2 ADiamonds P3 4Diamonds P0 QDiamonds 
P2 2Hearts P3 AHearts P0 3Hearts P1 7Hearts 
P3 ASpades P0 2Spades P1 KDiamonds P2 3Spades 

