-- GAME --
P0 HAND: ADiamonds, KDiamonds, QDiamonds, 4Diamonds, 3Diamonds, AClubs, QClubs, 5Hearts, 2Hearts, 7Spades.
P1 HAND: JDiamonds, 2Diamonds, KClubs, AHearts, 7Hearts, KHearts, 4Hearts, KSpades, 6Spades, 4Spades.
P2 HAND: 7Diamonds, 6Diamonds, 5Diamonds, 4Clubs, JHearts, QHearts, 3Hearts, ASpades, JSpades, 5Spades.
P3 HAND: 7Clubs, JClubs, 6Clubs, 5Clubs, 3Clubs, 2Clubs, 6Hearts, QSpades, 3Spades, 2Spades.
P1 AHearts P2 3Hearts P3 6Hearts P0 2Hearts 
P1 2Diamonds P2 5Diamonds P3 2Clubs P0 ADiamonds 
P0 AClubs P1 KClubs P2 4Clubs P3 3Clubs 
P0 5Hearts P1 4Hearts P2 QHearts P3 5Clubs 
P2 6Diamonds P3 6Clubs P0 KDiamonds P1 JDiamonds 
P0 QDiamonds P1 4Spades P2 7Diamonds P3 7Clubs 
P1 6Spades P2 5Spades P3 2Spades P0 7Spades 
P0 3Diamonds P1 KSpades P2 JSpades P3 JClubs 
P1 KHearts P2 JHearts P3 3Spades P0 4Diamonds 
P3 QSpades P0 QClubs P1 7Hearts P2 ASpades 
-- /GAME --
P0 HAND: 6Diamonds, 2Diamonds, QClubs, 6Clubs, QHearts, 4Hearts, ASpades, QSpades, 5Spades, 3Spades.
P1 HAND: 5Diamonds, AClubs, 7Clubs, 4Clubs, 2Clubs, AHearts, JHearts, 5Hearts, 6Spades, 2Spades.
P2 HAND: KClubs, JClubs, 5Clubs, 3Clubs, 7Hearts, 6Hearts, 2Hearts, 7Spades, KSpades, JSpades.
P3 HAND: ADiamonds, 7Diamonds, KDiamonds, JDiamonds, QDiamonds, 4Diamonds, 3Diamonds, KHearts, 3Hearts, 4Spades.
P0 6Clubs P1 AClubs P2 3Clubs P3 KHearts 
P1 AHearts P2 2Hearts P3 3Hearts P0 4Hearts 
P1 2Clubs P2 5Clubs P3 4Spades P0 QClubs 
P0 ASpades P1 2Spades P2 7Spades P3 3Diamonds 
P3 4Diamonds P0 2Diamonds P1 5Diamonds P2 6Hearts 
P1 4Clubs P2 JClubs P3 QDiamonds P0 3Spades 
P3 JDiamonds P0 6Diamonds P1 5Hearts P2 JSpades 
P3 KDiamonds P0 5Spades P1 6Spades P2 KClubs 
P3 7Diamonds P0 QSpades P1 JHearts P2 KSpades 
P3 ADiamonds P0 QHearts P1 7Clubs P2 7Hearts 
-- /GAME --
P0 HAND: 4Diamonds, 6Clubs, 5Clubs, 3Clubs, AHearts, QHearts, 2Hearts, 7Spades, 4Spades, 2Spades.
P1 HAND: JDiamonds, AClubs, 2Clubs, 6Hearts, 4Hearts, ASpades, KSpades, QSpades, 5Spades, 3Spades.
P2 HAND: ADiamonds, KDiamonds, QDiamonds, 2Diamonds, KClubs, QClubs, 4Clubs, 7Hearts, JSpades, 6Spades.
P3 HAND: 7Diamonds, 6Diamonds, 5Diamonds, 3Diamonds, 7Clubs, JClubs, KHearts, JHearts, 5Hearts, 3Hearts.
P3 3Diamonds P0 4Diamonds P1 JDiamonds P2 ADiamonds 
P2 2Diamonds P3 5Diamonds P0 QHearts P1 2Clubs 
P0 3Clubs P1 AClubs P2 4Clubs P3 7Clubs 
P1 3Spades P2 6Spades P3 6Diamonds P0 7Spades 
P0 2Spades P1 5Spades P2 JSpades P3 3Hearts 
P3 JClubs P0 5Clubs P1 QSpades P2 KClubs 
P2 QDiamonds P3 7Diamonds P0 2Hearts P1 4Hearts 
P1 6Hearts P2 7Hearts P3 5Hearts P0 AHearts 
P0 4Spades P1 KSpades P2 QClubs P3 JHearts 
P3 KHearts P0 6Clubs P1 ASpades P2 KDiamonds 
-- /GAME --
P0 HAND: 4Diamonds, 2Diamonds, JClubs, QClubs, 2Clubs, QHearts, 5Hearts, ASpades, 6Spades, 5Spades.
P1 HAND: ADiamonds, QDiamonds, 3Clubs, AHearts, 6Hearts, 4Hearts, 2Hearts, JSpades, QSpades, 2Spades.
P2 HAND: KDiamonds, JDiamonds, 6Diamonds, 5Diamonds, 3Diamonds, KClubs, 6Clubs, 4Clubs, KHearts, JHearts.
P3 HAND: 7Diamonds, AClubs, 7Clubs, 5Clubs, 7Hearts, 3Hearts, 7Spades, KSpades, 4Spades, 3Spades.
P2 3Diamonds P3 7Diamonds P0 2Diamonds P1 ADiamonds 
P1 AHearts P2 JHearts P3 7Hearts P0 5Hearts 
P1 2Hearts P2 KHearts P3 3Hearts P0 QHearts 
P2 4Clubs P3 AClubs P0 2Clubs P1 3Clubs 
P3 5Clubs P0 QClubs P1 4Hearts P2 KClubs 
P2 5Diamonds P3 3Spades P0 4Diamonds P1 QDiamonds 
P3 4Spades P0 5Spades P1 2Spades P2 KDiamonds 
P0 6Spades P1 QSpades P2 6Diamonds P3 KSpades 
P3 7Spades P0 ASpades P1 JSpades P2 JDiamonds 
P0 JClubs P1 6Hearts P2 6Clubs P3 7Clubs 
-- /GAME --
P0 HAND: ADiamonds, 6Diamonds, 5Diamonds, 4Diamonds, QClubs, 6Clubs, KHearts, JSpades, 5Spades, 3Spades.
P1 HAND: 7Diamonds, KDiamonds, JDiamonds, 2Diamonds, 7Clubs, 6Hearts, 4Hearts, 3Hearts, ASpades, 4Spades.
P2 HAND: QDiamonds, 3Diamonds, AClubs, KClubs, 5Clubs, 4Clubs, AHearts, QHearts, 5Hearts, 2Hearts.
P3 HAND: JClubs, 3Clubs, 2Clubs, 7Hearts, JHearts, 7Spades, KSpades, QSpades, 6Spades, 2Spades.
P0 3Spades P1 ASpades P2 4Clubs P3 2Spades 
P2 AHearts P3 JHearts P0 KHearts P1 3Hearts 
P2 2Hearts P3 7Hearts P0 QClubs P1 4Hearts 
P0 ADiamonds P1 2Diamonds P2 QDiamonds P3 2Clubs 
P3 6Spades P0 5Spades P1 4Spades P2 3Diamonds 
P3 QSpades P0 JSpades P1 7Clubs P2 AClubs 
P2 5Hearts P3 3Clubs P0 6Clubs P1 6Hearts 
P0 4Diamonds P1 JDiamonds P2 QHearts P3 7Spades 
P1 KDiamonds P2 5Clubs P3 JClubs P0 5Diamonds 
P3 KSpades P0 6Diamonds P1 7Diamonds P2 KClubs 
-- /GAME --
P0 HAND: KDiamonds, JDiamonds, QDiamonds, 2Diamonds, AClubs, 2Hearts, 7Spades, JSpades, QSpades, 4Spades.
P1 HAND: ADiamonds, 6Diamonds, 5Diamonds, 4Clubs, 3Clubs, JHearts, 6Hearts, ASpades, KSpades, 2Spades.
P2 HAND: 7Diamonds, 7Clubs, KClubs, JClubs, 6Clubs, 5Clubs, AHearts, 4Hearts, 6Spades, 5Spades.
P3 HAND: 4Diamonds, 3Diamonds, QClubs, 2Clubs, 7Hearts, KHearts, QHearts, 5Hearts, 3Hearts, 3Spades.
P3 3Diamonds P0 2Diamonds P1 ADiamonds P2 7Diamonds 
P1 ASpades P2 5Spades P3 3Spades P0 4Spades 
P1 2Spades P2 6Spades P3 3Hearts P0 7Spades 
P0 JSpades P1 KSpades P2 5Clubs P3 QClubs 
P3 4Diamonds P0 KDiamonds P1 5Diamonds P2 AHearts 
P0 QDiamonds P1 6Diamonds P2 4Hearts P3 5Hearts 
P0 JDiamonds P1 6Hearts P2 6Clubs P3 QHearts 
P2 JClubs P3 2Clubs P0 AClubs P1 3Clubs 
P0 2Hearts P1 JHearts P2 KClubs P3 KHearts 
P2 7Clubs P3 7Hearts P0 QSpades P1 4Clubs 
-- /GAME --
P0 HAND: QDiamonds, 4Diamonds, JClubs, 6Clubs, 5Clubs, 4Clubs, 4Hearts, JSpades, 6Spades, 3Spades.
P1 HAND: ADiamonds, 6Diamonds, 3Diamonds, AClubs, 7Clubs, KClubs, QClubs, 3Clubs, KHearts, 2Spades.
P2 HAND: 7Diamonds, 5Diamonds, 2Clubs, AHearts, JHearts, 3Hearts, 7Spades, QSpades, 5Spades, 4Spades.
P3 HAND: KDiamonds, JDiamonds, 2Diamonds, 7Hearts, QHearts, 6Hearts, 5Hearts, 2Hearts, ASpades, KSpades.
P2 AHearts P3 2Hearts P0 4Hearts P1 KHearts 
P2 2Clubs P3 2Diamonds P0 4Clubs P1 AClubs 
P1 ADiamonds P2 5Diamonds P3 KDiamonds P0 4Diamonds 
P1 3Diamonds P2 7Diamonds P3 JDiamonds P0 QDiamonds 
P2 3Hearts P3 5Hearts P0 JSpades P1 3Clubs 
P0 5Clubs P1 QClubs P2 4Spades P3 6Hearts 
P2 JHearts P3 QHearts P0 6Spades P1 6Diamonds 
P0 6Clubs P1 KClubs P2 5Spades P3 KSpades 
P3 ASpades P0 3Spades P1 2Spades P2 QSpades 
P3 7Hearts P0 JClubs P1 7Clubs P2 7Spades 
-- /GAME --
P0 HAND: ADiamonds, 7Diamonds, QDiamonds, 5Diamonds, 5Clubs, 4Clubs, 3Clubs, QHearts, 6Spades, 4Spades.
P1 HAND: KDiamonds, JDiamonds, 6Diamonds, 2Diamonds, QClubs, 6Clubs, 7Hearts, 4Hearts, 2Hearts, KSpades.
P2 HAND: 4Diamonds, 3Diamonds, AClubs, 7Clubs, KClubs, 2Clubs, JHearts, 6Hearts, 5Hearts, 3Hearts.
P3 HAND: JClubs, AHearts, KHearts, ASpades, 7Spades, JSpades, QSpades, 5Spades, 3Spades, 2Spades.
P1 2Diamonds P2 3Diamonds P3 2Spades P0 ADiamonds 
P0 4Spades P1 KSpades P2 3Hearts P3 ASpades 
P3 AHearts P0 QHearts P1 7Hearts P2 5Hearts 
P3 3Spades P0 6Spades P1 2Hearts P2 JHearts 
P0 3Clubs P1 6Clubs P2 2Clubs P3 JClubs 
P3 5Spades P0 4Clubs P1 4Hearts P2 6Hearts 
P0 5Diamonds P1 6Diamonds P2 4Diamonds P3 7Spades 
P1 JDiamonds P2 KClubs P3 QSpades P0 7Diamonds 
P2 7Clubs P3 JSpades P0 5Clubs P1 QClubs 
P2 AClubs P3 KHearts P0 QDiamonds P1 KDiamonds 
-- /GAME --
P0 HAND: KDiamonds, 6Diamonds, 4Diamonds, AClubs, 7Clubs, KClubs, QClubs, 5Clubs, 3Hearts, 2Hearts.
P1 HAND: 7Diamonds, 3Diamonds, 4Clubs, 3Clubs, 7Hearts, 6Hearts, 5Hearts, ASpades, QSpades, 5Spades.
P2 HAND: JDiamonds, 5Diamonds, 2Diamonds, JClubs, AHearts, KHearts, QHearts, KSpades, JSpades, 4Spades.
P3 HAND: ADiamonds, QDiamonds, 6Clubs, 2Clubs, JHearts, 4Hearts, 7Spades, 6Spades, 3Spades, 2Spades.
P1 ASpades P2 4Spades 
