-- GAME --
P1 AHearts P2 3Hearts P3 7Hearts P0 KDiamonds 
P0 ASpades P1 6Spades P2 KSpades P3 3Spades 
P0 2Clubs P1 3Clubs P2 AClubs P3 4Clubs 
P2 6Hearts P3 2Hearts P0 QDiamonds P1 4Hearts 
P0 2Spades P1 6Clubs P2 JSpades P3 7Spades 
P3 4Spades P0 5Spades P1 QHearts P2 JClubs 
P0 QSpades P1 3Diamonds P2 2Diamonds P3 7Clubs 
P1 4Diamonds P2 5Diamonds P3 7Diamonds P0 6Diamonds 
P3 5Hearts P0 QClubs P1 ADiamonds P2 JHearts 
P1 KClubs P2 JDiamonds P3 KHearts P0 5Clubs 
-- /GAME --
P0 HAND: 6Diamonds, 3Diamonds, 2Diamonds, 6Clubs, 3Clubs, 7Hearts, 4Hearts, 3Hearts, 6Spades, 2Spades.
P1 HAND: 5Diamonds, 4Diamonds, AClubs, KClubs, 5Clubs, 2Clubs, JHearts, QHearts, 6Hearts, 4Spades.
P2 HAND: ADiamonds, 7Diamonds, KDiamonds, QDiamonds, 7Clubs, QClubs, AHearts, ASpades, KSpades, 5Spades.
P3 HAND: JDiamonds, JClubs, 4Clubs, KHearts, 5Hearts, 2Hearts, 7Spades, JSpades, QSpades, 3Spades.
P0 2Spades P1 4Spades P2 ASpades P3 3Spades 
P2 ADiamonds P3 JDiamonds P0 2Diamonds P1 4Diamonds 
P2 5Spades P3 QSpades P0 6Spades P1 AClubs 
P3 4Clubs P0 3Clubs P1 2Clubs P2 7Clubs 
P2 QDiamonds P3 2Hearts P0 3Diamonds P1 5Diamonds 
P3 JClubs P0 6Clubs P1 5Clubs P2 QClubs 
P3 JSpades P0 6Diamonds P1 6Hearts P2 KSpades 
P1 QHearts P2 AHearts P3 5Hearts P0 3Hearts 
P2 KDiamonds P3 KHearts P0 7Hearts P1 KClubs 
P0 4Hearts P1 JHearts P2 7Diamonds P3 7Spades 

