-- GAME --
P0 HAND: ADiamonds, 7Diamonds, KDiamonds, 4Diamonds, AClubs, KClubs, QClubs, QHearts, ASpades, 7Spades.
P1 HAND: 6Diamonds, 2Diamonds, 6Clubs, 5Clubs, 2Clubs, JHearts, 3Hearts, 2Hearts, 5Spades, 2Spades.
P2 HAND: JDiamonds, 5Diamonds, JClubs, 4Clubs, 3Clubs, 7Hearts, KHearts, 4Hearts, JSpades, 3Spades.
P3 HAND: QDiamonds, 3Diamonds, 7Clubs, AHearts, 6Hearts, 5Hearts, KSpades, QSpades, 6Spades, 4Spades.
P2 3Spades P3 4Spades P0 ASpades P1 2Spades 
P0 ADiamonds P1 2Diamonds P2 JDiamonds P3 3Diamonds 
P0 7Spades P1 5Spades P2 JSpades P3 6Spades 
P0 QHearts P1 2Hearts P2 4Hearts P3 AHearts 
P3 5Hearts P0 4Diamonds P1 3Hearts P2 7Hearts 
P2 5Diamonds P3 QDiamonds P0 7Diamonds P1 6Diamonds 
P0 KDiamonds P1 2Clubs P2 3Clubs P3 6Hearts 
P2 4Clubs P3 7Clubs P0 AClubs P1 5Clubs 
P0 KClubs P1 6Clubs P2 JClubs P3 QSpades 
P0 QClubs P1 JHearts P2 KHearts P3 KSpades 
-- /GAME --
P0 HAND: ADiamonds, 5Diamonds, KClubs, QClubs, 5Clubs, JHearts, QHearts, 4Hearts, ASpades, 7Spades.
P1 HAND: QDiamonds, 3Diamonds, 2Diamonds, AClubs, JClubs, 3Clubs, 2Clubs, 6Hearts, 5Hearts, JSpades.
P2 HAND: 7Diamonds, KDiamonds, 6Diamonds, 4Diamonds, 6Clubs, 7Hearts, 2Hearts, KSpades, QSpades, 4Spades.
P3 HAND: JDiamonds, 7Clubs, 4Clubs, AHearts, KHearts, 3Hearts, 6Spades, 5Spades, 3Spades, 2Spades.
P1 AClubs P2 6Clubs P3 7Clubs P0 5Clubs 
P1 2Diamonds P2 4Diamonds P3 JDiamonds P0 ADiamonds 
P0 ASpades P1 JSpades P2 KSpades P3 2Spades 
P0 7Spades P1 5Hearts P2 4Spades P3 6Spades 
P1 2Clubs P2 6Diamonds P3 4Clubs P0 KClubs 
P0 5Diamonds P1 3Diamonds P2 KDiamonds P3 3Spades 
P2 QSpades P3 5Spades P0 QHearts P1 3Clubs 
P0 QClubs P1 JClubs P2 2Hearts P3 3Hearts 
P3 KHearts P0 4Hearts P1 6Hearts P2 7Hearts 
P2 7Diamonds P3 AHearts P0 JHearts P1 QDiamonds 
-- /GAME --
P0 HAND: QClubs, 6Clubs, 5Clubs, 4Clubs, AHearts, QHearts, JSpades, 6Spades, 5Spades, 3Spades.
P1 HAND: KDiamonds, QDiamonds, 3Diamonds, 7Clubs, JClubs, 3Clubs, 6Hearts, 4Hearts, 2Hearts, 2Spades.
P2 HAND: JDiamonds, 6Diamonds, 5Diamonds, 4Diamonds, AClubs, KClubs, 7Hearts, KHearts, 5Hearts, KSpades.
P3 HAND: ADiamonds, 7Diamonds, 2Diamonds, 2Clubs, JHearts, 3Hearts, ASpades, 7Spades, QSpades, 4Spades.
P0 AHearts P1 2Hearts P2 7Hearts P3 3Hearts 
P0 4Clubs P1 3Clubs P2 AClubs P3 2Clubs 
P2 4Diamonds P3 ADiamonds P0 3Spades P1 3Diamonds 
P0 QHearts P1 4Hearts P2 KHearts P3 JHearts 
P2 5Diamonds P3 2Diamonds P0 6Clubs P1 KDiamonds 
P1 6Hearts P2 5Hearts P3 4Spades P0 5Clubs 
P3 QSpades P0 JSpades P1 2Spades P2 KSpades 
P2 6Diamonds P3 7Diamonds P0 5Spades P1 QDiamonds 
P0 QClubs P1 JClubs P2 KClubs P3 7Spades 
P3 ASpades P0 6Spades P1 7Clubs P2 JDiamonds 
-- /GAME --
P0 HAND: ADiamonds, QDiamonds, 5Diamonds, 4Diamonds, 3Diamonds, AClubs, JClubs, 3Clubs, 2Clubs, AHearts.
P1 HAND: KClubs, 5Clubs, 4Clubs, 4Hearts, 3Hearts, 2Hearts, ASpades, 7Spades, KSpades, JSpades.
P2 HAND: 7Diamonds, JDiamonds, 6Diamonds, QClubs, 7Hearts, KHearts, JHearts, 6Hearts, 4Spades, 3Spades.
P3 HAND: KDiamonds, 2Diamonds, 7Clubs, 6Clubs, QHearts, 5Hearts, QSpades, 6Spades, 5Spades, 2Spades.
P3 2Diamonds P0 ADiamonds P1 2Hearts P2 6Diamonds 
P1 ASpades P2 3Spades P3 QSpades P0 AHearts 
P0 AClubs P1 4Clubs P2 QClubs P3 6Clubs 
P0 2Clubs P1 5Clubs P2 4Spades P3 7Clubs 
P3 2Spades P0 3Diamonds P1 7Spades P2 6Hearts 
P2 JDiamonds P3 KDiamonds P0 4Diamonds P1 KClubs 
P3 5Spades P0 5Diamonds P1 JSpades P2 JHearts 
P2 KHearts P3 5Hearts P0 JClubs P1 3Hearts 
P2 7Hearts P3 QHearts P0 QDiamonds P1 4Hearts 
P2 7Diamonds P3 6Spades P0 3Clubs P1 KSpades 
-- /GAME --

