-- GAME --
P0 HAND: ADiamonds, 7Diamonds, 4Clubs, 2Clubs, 7Hearts, KHearts, JHearts, 6Hearts, 3Spades, 2Spades.
P1 HAND: JDiamonds, 3Diamonds, KClubs, 6Clubs, AHearts, 5Hearts, 4Hearts, ASpades, KSpades, 4Spades.
P2 HAND: KDiamonds, QDiamonds, 5Diamonds, 4Diamonds, 2Diamonds, AClubs, 7Clubs, JClubs, QClubs, 6Spades.
P3 HAND: 6Diamonds, 5Clubs, 3Clubs, QHearts, 3Hearts, 2Hearts, 7Spades, JSpades, QSpades, 5Spades.
P0 ADiamonds P1 3Diamonds P2 KDiamonds P3 6Diamonds 
P0 2Spades P1 ASpades P2 6Spades P3 7Spades 
P1 AHearts P2 QClubs P3 2Hearts P0 7Hearts 
P2 2Diamonds P3 3Hearts P0 7Diamonds P1 JDiamonds 
P0 3Spades P1 4Spades P2 4Diamonds P3 JSpades 
P3 5Spades P0 6Hearts P1 KSpades P2 5Diamonds 
P1 4Hearts P2 QDiamonds P3 QHearts P0 KHearts 
P0 JHearts P1 5Hearts P2 JClubs P3 QSpades 
P2 7Clubs P3 3Clubs P0 2Clubs P1 6Clubs 
P2 AClubs P3 5Clubs P0 4Clubs P1 KClubs 
-- /GAME --
P0 HAND: ADiamonds, 3Diamonds, AClubs, JClubs, 6Hearts, 5Hearts, 3Hearts, 2Hearts, ASpades, 2Spades.
P1 HAND: KDiamonds, JDiamonds, 6Diamonds, KClubs, 2Clubs, AHearts, 4Hearts, 7Spades, 6Spades, 4Spades.
P2 HAND: QDiamonds, 7Clubs, 6Clubs, 5Clubs, JHearts, KSpades, JSpades, QSpades, 5Spades, 3Spades.
P3 HAND: 7Diamonds, 5Diamonds, 4Diamonds, 2Diamonds, QClubs, 4Clubs, 3Clubs, 7Hearts, KHearts, QHearts.
P3 2Diamonds P0 ADiamonds P1 6Diamonds P2 QDiamonds 
P0 ASpades P1 4Spades P2 KSpades P3 3Clubs 
P3 4Diamonds P0 3Diamonds P1 JDiamonds P2 3Spades 
P1 AHearts P2 JHearts P3 7Hearts P0 2Hearts 
P1 4Hearts P2 5Spades P3 KHearts P0 3Hearts 
P3 5Diamonds P0 2Spades P1 KDiamonds P2 QSpades 
P1 6Spades P2 JSpades P3 QHearts P0 5Hearts 
P2 5Clubs P3 4Clubs P0 JClubs P1 2Clubs 
P0 6Hearts P1 KClubs P2 6Clubs P3 7Diamonds 
P1 7Spades P2 7Clubs P3 QClubs P0 AClubs 
-- /GAME --
P0 HAND: 7Clubs, KClubs, 5Clubs, 7Hearts, KHearts, JHearts, 5Hearts, 2Hearts, 5Spades, 4Spades.
P1 HAND: 7Diamonds, 5Diamonds, 3Diamonds, QClubs, 6Clubs, 2Clubs, QHearts, 6Hearts, QSpades, 3Spades.
P2 HAND: ADiamonds, KDiamonds, JDiamonds, AClubs, JClubs, 4Clubs, ASpades, 7Spades, JSpades, 2Spades.
P3 HAND: QDiamonds, 6Diamonds, 4Diamonds, 2Diamonds, 3Clubs, AHearts, 4Hearts, 3Hearts, KSpades, 6Spades.
P2 ADiamonds P3 2Diamonds P0 7Hearts P1 3Diamonds 
P2 ASpades P3 6Spades P0 4Spades P1 3Spades 
P2 2Spades P3 KSpades P0 5Spades P1 QSpades 
P3 AHearts P0 2Hearts P1 QHearts P2 4Clubs 
P2 JDiamonds P3 4Diamonds P0 5Hearts P1 7Diamonds 
P1 5Diamonds P2 KDiamonds P3 6Diamonds P0 KHearts 
P2 JSpades P3 3Hearts P0 JHearts P1 2Clubs 
P1 6Hearts P2 JClubs P3 4Hearts P0 5Clubs 
P2 AClubs P3 3Clubs P0 KClubs P1 6Clubs 
P2 7Spades P3 QDiamonds P0 7Clubs P1 QClubs 
-- /GAME --
P0 HAND: 7Diamonds, JDiamonds, 4Diamonds, 7Clubs, 6Clubs, 5Clubs, ASpades, JSpades, 5Spades, 2Spades.
P1 HAND: 6Diamonds, 5Diamonds, 3Diamonds, JClubs, 3Clubs, 2Clubs, AHearts, KHearts, KSpades, QSpades.
P2 HAND: KDiamonds, QDiamonds, QClubs, 7Hearts, QHearts, 6Hearts, 5Hearts, 3Hearts, 2Hearts, 3Spades.
P3 HAND: ADiamonds, 2Diamonds, AClubs, KClubs, 4Clubs, JHearts, 4Hearts, 7Spades, 6Spades, 4Spades.

