-- GAME --
P0 3Spades P1 QHearts 
-- /GAME --
P0 HAND: 7Clubs, QClubs, KHearts, JHearts, 6Hearts, 4Hearts, ASpades, JSpades, QSpades, 5Spades.
P1 HAND: 3Diamonds, 2Diamonds, JClubs, 6Clubs, 4Clubs, QHearts, 5Hearts, 3Hearts, 2Hearts, 6Spades.
P2 HAND: KDiamonds, JDiamonds, QDiamonds, 5Diamonds, KClubs, 3Clubs, AHearts, 7Spades, 4Spades, 3Spades.
P3 HAND: ADiamonds, 7Diamonds, 6Diamonds, 4Diamonds, AClubs, 5Clubs, 2Clubs, 7Hearts, KSpades, 2Spades.
P2 AHearts P3 7Hearts P0 KHearts P1 2Hearts 
P2 3Clubs P3 AClubs P0 QClubs P1 JClubs 
P3 2Clubs P0 7Clubs P1 4Clubs P2 KClubs 
P0 ASpades P1 6Spades P2 7Spades P3 2Spades 
P0 JSpades P1 3Hearts P2 3Spades P3 KSpades 
P3 5Clubs P0 QSpades P1 6Clubs P2 4Spades 
P1 5Hearts P2 5Diamonds P3 4Diamonds P0 JHearts 
P2 QDiamonds P3 6Diamonds P0 6Hearts P1 2Diamonds 
P2 JDiamonds P3 7Diamonds P0 4Hearts P1 3Diamonds 
P3 ADiamonds P0 5Spades P1 QHearts P2 KDiamonds 
-- /GAME --
P0 HAND: JDiamonds, QDiamonds, 3Diamonds, 2Diamonds, QClubs, 5Hearts, 2Hearts, ASpades, 6Spades, 4Spades.
P1 HAND: ADiamonds, KDiamonds, AClubs, 7Clubs, JClubs, 6Clubs, 2Clubs, KHearts, 3Hearts, 5Spades.
P2 HAND: 7Diamonds, 6Diamonds, 4Diamonds, 6Hearts, 4Hearts, KSpades, JSpades, QSpades, 3Spades, 2Spades.
P3 HAND: 5Diamonds, KClubs, 5Clubs, 4Clubs, 3Clubs, AHearts, 7Hearts, JHearts, QHearts, 7Spades.
P1 2Clubs P2 2Spades P3 3Clubs P0 QClubs 
P0 JDiamonds P1 KDiamonds P2 7Diamonds P3 5Diamonds 
P2 3Spades P3 7Spades P0 ASpades P1 5Spades 
P0 2Diamonds P1 ADiamonds P2 4Diamonds P3 AHearts 
P1 3Hearts P2 4Hearts P3 7Hearts P0 2Hearts 
P3 4Clubs P0 5Hearts P1 6Clubs P2 6Hearts 
P1 JClubs P2 QSpades P3 5Clubs P0 3Diamonds 
P0 6Spades P1 KHearts P2 JSpades P3 QHearts 
P2 6Diamonds P3 JHearts P0 QDiamonds P1 7Clubs 
P0 4Spades P1 AClubs P2 KSpades P3 KClubs 
-- /GAME --
P0 HAND: 7Diamonds, KClubs, QClubs, 2Clubs, AHearts, 7Hearts, KHearts, ASpades, JSpades, 5Spades.
P1 HAND: ADiamonds, 6Diamonds, 4Diamonds, 2Diamonds, AClubs, JClubs, JHearts, QHearts, 3Hearts, 4Spades.
P2 HAND: JDiamonds, QDiamonds, 3Diamonds, 7Clubs, 6Clubs, 5Clubs, 3Clubs, 7Spades, QSpades, 2Spades.
P3 HAND: KDiamonds, 5Diamonds, 4Clubs, 6Hearts, 5Hearts, 4Hearts, 2Hearts, KSpades, 6Spades, 3Spades.
P0 7Diamonds P1 ADiamonds P2 3Diamonds P3 5Diamonds 
P1 AClubs P2 3Clubs P3 4Clubs P0 2Clubs 
P1 3Hearts P2 2Spades P3 2Hearts P0 AHearts 
P0 7Hearts P1 QHearts P2 7Clubs P3 4Hearts 
P0 ASpades P1 4Spades P2 7Spades P3 3Spades 
P0 KHearts P1 JHearts P2 QSpades P3 5Hearts 
P0 KClubs P1 JClubs P2 5Clubs P3 KDiamonds 
P3 6Hearts P0 JSpades P1 2Diamonds P2 6Clubs 
P1 4Diamonds P2 QDiamonds P3 6Spades P0 QClubs 
P2 JDiamonds P3 KSpades P0 5Spades P1 6Diamonds 
-- /GAME --
P0 HAND: QDiamonds, 6Diamonds, AClubs, QClubs, 7Hearts, KHearts, 6Hearts, 2Hearts, KSpades, JSpades.
P1 HAND: 7Diamonds, KDiamonds, 4Clubs, 2Clubs, AHearts, QHearts, 3Hearts, ASpades, QSpades, 4Spades.
P2 HAND: ADiamonds, JDiamonds, 5Diamonds, 4Diamonds, 3Diamonds, 2Diamonds, 5Clubs, JHearts, 4Hearts, 6Spades.
P3 HAND: 7Clubs, KClubs, JClubs, 6Clubs, 3Clubs, 5Hearts, 7Spades, 5Spades, 3Spades, 2Spades.

