-- GAME --
P0 HAND: 7Diamonds, KDiamonds, QDiamonds, 3Diamonds, KClubs, 4Clubs, 6Hearts, 4Hearts, 4Spades, 3Spades.
P1 HAND: 4Diamonds, 2Diamonds, QClubs, 3Clubs, 2Clubs, 7Hearts, KHearts, 7Spades, 5Spades, 2Spades.
P2 HAND: ADiamonds, 5Diamonds, AClubs, JClubs, 6Clubs, 5Clubs, AHearts, JHearts, 3Hearts, 2Hearts.
P3 HAND: JDiamonds, 6Diamonds, 7Clubs, QHearts, 5Hearts, ASpades, KSpades, JSpades, QSpades, 6Spades.
P0 3Spades P1 2Spades P2 5Diamonds P3 ASpades 
P3 6Diamonds P0 3Diamonds P1 2Diamonds P2 ADiamonds 
P2 AClubs P3 7Clubs P0 KClubs P1 2Clubs 
P2 5Clubs P3 6Spades P0 4Clubs P1 QClubs 
P1 3Clubs P2 6Clubs P3 QSpades P0 KDiamonds 
P2 JClubs P3 5Hearts P0 4Hearts P1 7Spades 
P3 JDiamonds P0 7Diamonds P1 4Diamonds P2 2Hearts 
P2 3Hearts P3 QHearts P0 6Hearts P1 KHearts 
P1 5Spades P2 JHearts P3 JSpades P0 4Spades 
P2 AHearts P3 KSpades P0 QDiamonds P1 7Hearts 
-- /GAME --
P0 HAND: 7Diamonds, JDiamonds, 6Diamonds, 3Diamonds, 4Clubs, KHearts, 7Spades, 6Spades, 4Spades, 2Spades.
P1 HAND: QDiamonds, 5Diamonds, 4Diamonds, AClubs, 7Clubs, QClubs, 3Clubs, JHearts, QHearts, KSpades.
P2 HAND: KDiamonds, KClubs, 5Clubs, AHearts, 7Hearts, 5Hearts, 4Hearts, 3Hearts, ASpades, 3Spades.
P3 HAND: ADiamonds, 2Diamonds, JClubs, 6Clubs, 2Clubs, 6Hearts, 2Hearts, JSpades, QSpades, 5Spades.
P3 ADiamonds P0 3Diamonds P1 QDiamonds P2 KDiamonds 
P3 2Diamonds P0 7Diamonds P1 4Diamonds P2 ASpades 
P0 7Spades P1 KSpades P2 3Spades P3 5Spades 
P0 4Clubs P1 AClubs P2 5Clubs P3 JClubs 
P1 3Clubs P2 KClubs P3 2Clubs P0 JDiamonds 
P2 3Hearts P3 2Hearts P0 KHearts P1 QHearts 
P0 6Diamonds P1 5Diamonds P2 4Hearts P3 6Clubs 
P2 5Hearts P3 6Hearts P0 2Spades P1 JHearts 
P1 QClubs P2 7Hearts P3 QSpades P0 4Spades 
P2 AHearts P3 JSpades P0 6Spades P1 7Clubs 
-- /GAME --
P0 HAND: 7Diamonds, KDiamonds, QDiamonds, 4Diamonds, JClubs, 7Hearts, JHearts, 7Spades, JSpades, 4Spades.
P1 HAND: 6Diamonds, 3Diamonds, 5Clubs, 4Clubs, AHearts, QHearts, 5Hearts, 4Hearts, 2Hearts, 6Spades.
P2 HAND: ADiamonds, JDiamonds, 2Diamonds, AClubs, KClubs, QClubs, 3Clubs, KHearts, KSpades, QSpades.
P3 HAND: 5Diamonds, 7Clubs, 6Clubs, 2Clubs, 6Hearts, 3Hearts, ASpades, 5Spades, 3Spades, 2Spades.
P1 2Hearts P2 KHearts P3 3Hearts P0 7Hearts 
P0 JHearts P1 4Hearts P2 2Diamonds P3 6Hearts 
P0 JClubs P1 4Clubs P2 AClubs P3 2Clubs 
P2 ADiamonds P3 5Diamonds P0 7Diamonds P1 3Diamonds 
P2 3Clubs P3 6Clubs P0 7Spades P1 5Clubs 
P0 KDiamonds P1 6Diamonds P2 JDiamonds P3 2Spades 
P3 3Spades P0 4Spades P1 6Spades P2 QSpades 
P2 QClubs P3 7Clubs P0 JSpades P1 5Hearts 
P0 QDiamonds P1 QHearts P2 KSpades P3 ASpades 
P3 5Spades P0 4Diamonds P1 AHearts P2 KClubs 
-- /GAME --
P0 HAND: QDiamonds, KClubs, 2Clubs, 6Hearts, 4Hearts, 2Hearts, ASpades, JSpades, 4Spades, 3Spades.
P1 HAND: 7Diamonds, JDiamonds, 6Clubs, 5Clubs, QHearts, 5Hearts, 7Spades, KSpades, QSpades, 5Spades.
P2 HAND: ADiamonds, 2Diamonds, 7Clubs, QClubs, 4Clubs, 7Hearts, KHearts, JHearts, 3Hearts, 2Spades.
P3 HAND: KDiamonds, 6Diamonds, 5Diamonds, 4Diamonds, 3Diamonds, AClubs, JClubs, 3Clubs, AHearts, 6Spades.
P0 QDiamonds P1 JDiamonds P2 ADiamonds P3 3Diamonds 
P2 2Diamonds P3 4Diamonds P0 3Spades P1 7Diamonds 
P0 6Hearts P1 5Hearts P2 3Hearts P3 AHearts 
P3 AClubs P0 2Clubs P1 6Clubs P2 4Clubs 
P3 3Clubs P0 KClubs P1 5Clubs P2 7Clubs 
P2 QClubs P3 JClubs P0 4Spades P1 5Spades 
P1 QHearts P2 JHearts P3 6Spades P0 4Hearts 
P3 5Diamonds P0 2Hearts P1 QSpades P2 2Spades 
P1 KSpades P2 KHearts P3 6Diamonds P0 JSpades 
P1 7Spades P2 7Hearts P3 KDiamonds P0 ASpades 
-- /GAME --
P0 HAND: QDiamonds, 7Clubs, 4Clubs, AHearts, QHearts, 5Hearts, ASpades, 6Spades, 3Spades, 2Spades.
P1 HAND: KDiamonds, 3Diamonds, 5Clubs, 3Clubs, 2Clubs, 6Hearts, 3Hearts, 7Spades, KSpades, 5Spades.
P2 HAND: ADiamonds, 7Diamonds, JDiamonds, 6Diamonds, JClubs, QClubs, 7Hearts, 2Hearts, QSpades, 4Spades.
P3 HAND: 5Diamonds, 4Diamonds, 2Diamonds, AClubs, KClubs, 6Clubs, KHearts, JHearts, 4Hearts, JSpades.
P3 AClubs P0 4Clubs P1 5Clubs P2 QClubs 
P3 2Diamonds P0 QDiamonds P1 3Diamonds P2 ADiamonds 
P2 4Spades P3 JSpades P0 ASpades P1 5Spades 
P0 7Clubs P1 2Clubs P2 JClubs P3 6Clubs 
P0 5Hearts P1 3Hearts P2 2Hearts P3 4Hearts 
P0 2Spades P1 KSpades P2 QSpades P3 KClubs 
P1 3Clubs P2 6Diamonds P3 4Diamonds P0 3Spades 
P1 6Hearts P2 7Hearts P3 JHearts P0 QHearts 
P2 JDiamonds P3 5Diamonds P0 6Spades P1 KDiamonds 
P1 7Spades P2 7Diamonds P3 KHearts P0 AHearts 
-- /GAME --
P0 HAND: 7Diamonds, KDiamonds, 5Diamonds, AClubs, JClubs, 7Hearts, 7Spades, KSpades, JSpades, 4Spades.
P1 HAND: JDiamonds, QDiamonds, 4Diamonds, 3Diamonds, KClubs, 3Clubs, KHearts, 4Hearts, 3Hearts, 2Spades.
P2 HAND: 2Diamonds, 7Clubs, 6Clubs, 4Clubs, 2Clubs, JHearts, QHearts, 6Hearts, ASpades, 5Spades.
P3 HAND: ADiamonds, 6Diamonds, QClubs, 5Clubs, AHearts, 5Hearts, 2Hearts, QSpades, 6Spades, 3Spades.
P2 ASpades P3 3Spades P0 4Spades P1 2Spades 
P2 2Clubs P3 5Clubs P0 JClubs P1 KClubs 
P1 3Clubs P2 4Clubs P3 QClubs P0 AClubs 
P0 7Hearts P1 3Hearts P2 6Hearts P3 AHearts 
P3 2Hearts P0 KSpades P1 KHearts P2 QHearts 
P1 4Hearts P2 JHearts P3 5Hearts P0 7Spades 
P2 5Spades P3 6Spades P0 JSpades P1 3Diamonds 
P1 4Diamonds P2 2Diamonds P3 6Diamonds P0 7Diamonds 
P0 5Diamonds P1 QDiamonds P2 6Clubs P3 ADiamonds 
P3 QSpades P0 KDiamonds P1 JDiamonds P2 7Clubs 
-- /GAME --
P0 HAND: ADiamonds, AClubs, 7Clubs, KClubs, 2Clubs, 6Hearts, 5Hearts, 7Spades, 5Spades, 4Spades.
P1 HAND: 6Clubs, 5Clubs, 4Clubs, 7Hearts, QHearts, 4Hearts, 2Hearts, KSpades, QSpades, 2Spades.
P2 HAND: QDiamonds, 6Diamonds, 5Diamonds, 4Diamonds, 3Diamonds, QClubs, KHearts, ASpades, JSpades, 3Spades.
P3 HAND: 7Diamonds, KDiamonds, JDiamonds, 2Diamonds, JClubs, 3Clubs, AHearts, JHearts, 3Hearts, 6Spades.
P3 AHearts P0 5Hearts P1 7Hearts P2 KHearts 
P3 3Clubs P0 AClubs P1 4Clubs P2 QClubs 
P0 7Spades P1 2Spades P2 ASpades P3 6Spades 
P2 3Spades P3 3Hearts P0 5Spades P1 KSpades 
P1 2Hearts P2 3Diamonds P3 JHearts P0 6Hearts 
P2 JSpades P3 2Diamonds P0 4Spades P1 QSpades 
P3 JClubs P0 7Clubs P1 5Clubs P2 4Diamonds 
P2 5Diamonds P3 JDiamonds P0 ADiamonds P1 4Hearts 
P0 KClubs P1 6Clubs P2 6Diamonds P3 KDiamonds 
P3 7Diamonds P0 2Clubs P1 QHearts P2 QDiamonds 
-- /GAME --
P0 HAND: QDiamonds, 3Diamonds, 2Diamonds, 6Clubs, 4Clubs, 3Clubs, 7Spades, KSpades, 3Spades, 2Spades.
P1 HAND: 7Diamonds, KDiamonds, KClubs, JClubs, 7Hearts, KHearts, 3Hearts, ASpades, JSpades, 4Spades.
P2 HAND: JDiamonds, 6Diamonds, 5Diamonds, 2Clubs, QHearts, 6Hearts, 4Hearts, 2Hearts, QSpades, 5Spades.
P3 HAND: ADiamonds, 4Diamonds, AClubs, 7Clubs, QClubs, 5Clubs, AHearts, JHearts, 5Hearts, 6Spades.
P2 2Clubs P3 AClubs P0 3Clubs P1 KClubs 
P3 AHearts P0 QDiamonds P1 3Hearts P2 QHearts 
P0 7Spades P1 ASpades P2 5Spades P3 6Spades 
P1 4Spades P2 QSpades P3 5Clubs P0 KSpades 
P0 2Spades P1 JSpades P2 2Hearts P3 7Clubs 
P1 JClubs P2 4Hearts P3 QClubs P0 4Clubs 

