-- GAME --
P0 HAND: ADiamonds, 7Diamonds, JDiamonds, QClubs, 2Clubs, 7Hearts, 3Hearts, 2Hearts, 7Spades, KSpades.
P1 HAND: 4Diamonds, AClubs, 5Clubs, 4Clubs, QHearts, 5Hearts, JSpades, QSpades, 6Spades, 4Spades.
P2 HAND: QDiamonds, 6Diamonds, KClubs, JClubs, 6Clubs, 3Clubs, AHearts, KHearts, 4Hearts, 2Spades.
P3 HAND: KDiamonds, 5Diamonds, 3Diamonds, 2Diamonds, 7Clubs, JHearts, 6Hearts, ASpades, 5Spades, 3Spades.
P2 AHearts P3 6Hearts P0 7Hearts P1 5Hearts 
P2 3Clubs P3 7Clubs P0 2Clubs P1 AClubs 
P1 4Diamonds P2 6Diamonds P3 2Diamonds P0 ADiamonds 
P0 7Diamonds P1 4Spades P2 QDiamonds P3 KDiamonds 
P1 4Clubs P2 6Clubs P3 3Diamonds P0 QClubs 
P0 2Hearts P1 QHearts P2 KHearts P3 JHearts 
P2 4Hearts P3 5Diamonds P0 3Hearts P1 5Clubs 
P2 JClubs P3 3Spades P0 7Spades P1 6Spades 
P0 JDiamonds P1 QSpades P2 KClubs P3 5Spades 
P1 JSpades P2 2Spades P3 ASpades P0 KSpades 
-- /GAME --
P0 HAND: QDiamonds, AClubs, JClubs, AHearts, JHearts, 5Hearts, 4Hearts, JSpades, 6Spades, 5Spades.
P1 HAND: 3Diamonds, KClubs, 6Clubs, QHearts, 3Hearts, ASpades, KSpades, 4Spades, 3Spades, 2Spades.
P2 HAND: KDiamonds, JDiamonds, 6Diamonds, 4Diamonds, 2Diamonds, 7Clubs, QClubs, 2Clubs, KHearts, 6Hearts.
P3 HAND: ADiamonds, 7Diamonds, 5Diamonds, 5Clubs, 4Clubs, 3Clubs, 7Hearts, 2Hearts, 7Spades, QSpades.
P1 2Spades P2 2Diamonds P3 QSpades P0 JSpades 
P0 5Spades P1 3Spades P2 2Clubs P3 7Spades 
P3 ADiamonds P0 QDiamonds P1 3Diamonds P2 4Diamonds 
P3 3Clubs P0 JClubs P1 6Clubs P2 7Clubs 
P2 6Diamonds P3 5Diamonds P0 6Spades P1 4Spades 
P2 QClubs P3 4Clubs P0 AClubs P1 KClubs 
P0 5Hearts P1 3Hearts P2 6Hearts P3 2Hearts 
P2 JDiamonds P3 7Diamonds P0 AHearts P1 KSpades 
P0 4Hearts P1 QHearts P2 KHearts P3 7Hearts 
P3 5Clubs P0 JHearts P1 ASpades P2 KDiamonds 
-- /GAME --
P0 HAND: ADiamonds, QDiamonds, 2Diamonds, QClubs, 6Clubs, 5Clubs, 4Hearts, JSpades, QSpades, 3Spades.
P1 HAND: KDiamonds, 3Diamonds, 7Clubs, JClubs, 2Hearts, ASpades, 7Spades, KSpades, 6Spades, 4Spades.
P2 HAND: JDiamonds, 5Diamonds, AClubs, 4Clubs, 3Clubs, 2Clubs, KHearts, 5Hearts, 3Hearts, 5Spades.
P3 HAND: 7Diamonds, 6Diamonds, 4Diamonds, KClubs, AHearts, 7Hearts, JHearts, QHearts, 6Hearts, 2Spades.
P0 ADiamonds P1 3Diamonds P2 JDiamonds P3 4Diamonds 
P0 4Hearts P1 2Hearts P2 3Hearts P3 AHearts 
P3 6Diamonds P0 2Diamonds P1 KDiamonds P2 5Diamonds 
P1 JClubs P2 AClubs P3 KClubs P0 QClubs 
P2 2Clubs P3 6Hearts P0 5Clubs P1 7Clubs 
P1 4Spades P2 5Spades P3 2Spades P0 QSpades 
P0 QDiamonds P1 6Spades P2 3Clubs P3 7Diamonds 
P1 KSpades P2 4Clubs P3 QHearts P0 3Spades 
P1 7Spades P2 5Hearts P3 JHearts P0 JSpades 
P1 ASpades P2 KHearts P3 7Hearts P0 6Clubs 
-- /GAME --

