-- GAME --
P0 HAND: ADiamonds, 4Diamonds, AClubs, JClubs, 5Clubs, 4Clubs, 3Clubs, 6Hearts, 3Hearts, 7Spades.
P1 HAND: KDiamonds, JDiamonds, QDiamonds, 5Diamonds, AHearts, KHearts, 2Hearts, JSpades, QSpades, 2Spades.
P2 HAND: 6Diamonds, 3Diamonds, 2Diamonds, KClubs, QClubs, QHearts, 4Hearts, ASpades, KSpades, 6Spades.
P3 HAND: 7Diamonds, 7Clubs, 6Clubs, 2Clubs, 7Hearts, JHearts, 5Hearts, 5Spades, 4Spades, 3Spades.
P0 ADiamonds P1 5Diamonds P2 6Diamonds P3 7Diamonds 
P0 AClubs P1 2Spades P2 QClubs P3 7Clubs 
P1 AHearts P2 4Hearts P3 7Hearts P0 3Hearts 
P1 2Hearts P2 QHearts P3 5Hearts P0 6Hearts 
P2 2Diamonds P3 2Clubs P0 4Diamonds P1 KDiamonds 
P1 QDiamonds P2 3Diamonds P3 6Clubs P0 7Spades 
P0 3Clubs P1 QSpades P2 KClubs P3 JHearts 
P1 JDiamonds P2 6Spades P3 3Spades P0 JClubs 
P2 KSpades P3 4Spades P0 5Clubs P1 JSpades 
P2 ASpades P3 5Spades P0 4Clubs P1 KHearts 
-- /GAME --
P0 HAND: 4Diamonds, AClubs, 7Clubs, 5Clubs, AHearts, 6Hearts, 3Hearts, JSpades, 6Spades, 5Spades.
P1 HAND: JDiamonds, 6Diamonds, 5Diamonds, 6Clubs, 2Clubs, 7Hearts, KHearts, QHearts, 4Hearts, ASpades.
P2 HAND: QDiamonds, 2Diamonds, JClubs, QClubs, 4Clubs, 3Clubs, QSpades, 4Spades, 3Spades, 2Spades.
P3 HAND: ADiamonds, 7Diamonds, KDiamonds, 3Diamonds, KClubs, JHearts, 5Hearts, 2Hearts, 7Spades, KSpades.
P3 ADiamonds P0 4Diamonds P1 JDiamonds P2 2Diamonds 
P3 2Hearts P0 AHearts P1 4Hearts P2 QDiamonds 
P0 6Hearts P1 QHearts P2 2Spades P3 JHearts 
P3 3Diamonds P0 5Clubs P1 5Diamonds P2 QSpades 

